<?xml version="1.0" encoding="UTF-8"?>
<testsuite xmlns:xsi="http://www.w3.org/2001/XMLSchema-instance" xsi:schemaLocation="https://maven.apache.org/surefire/maven-surefire-plugin/xsd/surefire-test-report.xsd" name="org.springframework.data.gemfire.snapshot.SnapshotServiceFactoryBeanTest" time="0.592" tests="58" errors="0" skipped="0" failures="0">
  <properties>
    <property name="java.runtime.name" value="Java(TM) SE Runtime Environment"/>
    <property name="sun.boot.library.path" value="/usr/lib/jvm/java-8-oracle/jre/lib/amd64"/>
    <property name="java.vm.version" value="25.91-b14"/>
    <property name="java.vm.vendor" value="Oracle Corporation"/>
    <property name="java.vendor.url" value="http://java.oracle.com/"/>
    <property name="path.separator" value=":"/>
    <property name="guice.disable.misplaced.annotation.check" value="true"/>
    <property name="java.vm.name" value="Java HotSpot(TM) 64-Bit Server VM"/>
    <property name="file.encoding.pkg" value="sun.io"/>
    <property name="user.country" value="BR"/>
    <property name="sun.java.launcher" value="SUN_STANDARD"/>
    <property name="sun.os.patch.level" value="unknown"/>
    <property name="java.vm.specification.name" value="Java Virtual Machine Specification"/>
    <property name="user.dir" value="/home/aluno/spring-projects/maven/spring-data-gemfire"/>
    <property name="java.runtime.version" value="1.8.0_91-b14"/>
    <property name="java.awt.graphicsenv" value="sun.awt.X11GraphicsEnvironment"/>
    <property name="java.endorsed.dirs" value="/usr/lib/jvm/java-8-oracle/jre/lib/endorsed"/>
    <property name="os.arch" value="amd64"/>
    <property name="java.io.tmpdir" value="/tmp"/>
    <property name="line.separator" value="&#10;"/>
    <property name="java.vm.specification.vendor" value="Oracle Corporation"/>
    <property name="os.name" value="Linux"/>
    <property name="classworlds.conf" value="/usr/share/maven/bin/m2.conf"/>
    <property name="sun.jnu.encoding" value="UTF-8"/>
    <property name="java.library.path" value="/usr/java/packages/lib/amd64:/usr/lib64:/lib64:/lib:/usr/lib"/>
    <property name="java.specification.name" value="Java Platform API Specification"/>
    <property name="java.class.version" value="52.0"/>
    <property name="sun.management.compiler" value="HotSpot 64-Bit Tiered Compilers"/>
    <property name="os.version" value="3.13.0-91-generic"/>
    <property name="user.home" value="/home/aluno"/>
    <property name="user.timezone" value="America/Fortaleza"/>
    <property name="java.awt.printerjob" value="sun.print.PSPrinterJob"/>
    <property name="file.encoding" value="UTF-8"/>
    <property name="java.specification.version" value="1.8"/>
    <property name="user.name" value="aluno"/>
    <property name="java.class.path" value="/usr/share/maven/boot/plexus-classworlds-2.x.jar"/>
    <property name="java.vm.specification.version" value="1.8"/>
    <property name="sun.arch.data.model" value="64"/>
    <property name="java.home" value="/usr/lib/jvm/java-8-oracle/jre"/>
    <property name="sun.java.command" value="org.codehaus.plexus.classworlds.launcher.Launcher test"/>
    <property name="java.specification.vendor" value="Oracle Corporation"/>
    <property name="user.language" value="pt"/>
    <property name="awt.toolkit" value="sun.awt.X11.XToolkit"/>
    <property name="java.vm.info" value="mixed mode"/>
    <property name="java.version" value="1.8.0_91"/>
    <property name="java.ext.dirs" value="/usr/lib/jvm/java-8-oracle/jre/lib/ext:/usr/java/packages/lib/ext"/>
    <property name="securerandom.source" value="file:/dev/./urandom"/>
    <property name="sun.boot.class.path" value="/usr/lib/jvm/java-8-oracle/jre/lib/resources.jar:/usr/lib/jvm/java-8-oracle/jre/lib/rt.jar:/usr/lib/jvm/java-8-oracle/jre/lib/sunrsasign.jar:/usr/lib/jvm/java-8-oracle/jre/lib/jsse.jar:/usr/lib/jvm/java-8-oracle/jre/lib/jce.jar:/usr/lib/jvm/java-8-oracle/jre/lib/charsets.jar:/usr/lib/jvm/java-8-oracle/jre/lib/jfr.jar:/usr/lib/jvm/java-8-oracle/jre/classes"/>
    <property name="java.vendor" value="Oracle Corporation"/>
    <property name="maven.home" value="/usr/share/maven"/>
    <property name="file.separator" value="/"/>
    <property name="java.vendor.url.bug" value="http://bugreport.sun.com/bugreport/"/>
    <property name="sun.cpu.endian" value="little"/>
    <property name="sun.io.unicode.encoding" value="UnicodeLittle"/>
    <property name="sun.desktop" value="gnome"/>
    <property name="sun.cpu.isalist" value=""/>
  </properties>
  <testcase name="loadRegionSnapshotWithFormatOptionsAndSnapshotFilesHandlesExceptionAppropriately" classname="org.springframework.data.gemfire.snapshot.SnapshotServiceFactoryBeanTest" time="0.134"/>
  <testcase name="loadRegionSnapshotWithSnapshotFileAndFormatHandlesExceptionAppropriately" classname="org.springframework.data.gemfire.snapshot.SnapshotServiceFactoryBeanTest" time="0.001"/>
  <testcase name="withCacheBasedSnapshotServiceOnRegionSnapshotEventIsNotAMatch" classname="org.springframework.data.gemfire.snapshot.SnapshotServiceFactoryBeanTest" time="0.005"/>
  <testcase name="archiveFileFilterRejectsTarFile" classname="org.springframework.data.gemfire.snapshot.SnapshotServiceFactoryBeanTest" time="0.001"/>
  <testcase name="setAndGetExports" classname="org.springframework.data.gemfire.snapshot.SnapshotServiceFactoryBeanTest" time="0.024"/>
  <testcase name="invokeExceptionSuppressingCloseOnSnapshotServiceAdapterSupportIsSuccessful" classname="org.springframework.data.gemfire.snapshot.SnapshotServiceFactoryBeanTest" time="0"/>
  <testcase name="setAndGetRegionSuccessfully" classname="org.springframework.data.gemfire.snapshot.SnapshotServiceFactoryBeanTest" time="0.005"/>
  <testcase name="setCacheToNull" classname="org.springframework.data.gemfire.snapshot.SnapshotServiceFactoryBeanTest" time="0.006"/>
  <testcase name="onApplicationEventWhenNoMatchDoesNotPerformExport" classname="org.springframework.data.gemfire.snapshot.SnapshotServiceFactoryBeanTest" time="0.005"/>
  <testcase name="onApplicationEventWhenNoMatchDoesNotPerformImport" classname="org.springframework.data.gemfire.snapshot.SnapshotServiceFactoryBeanTest" time="0.004"/>
  <testcase name="nullSafeIsDirectoryWithNonDirectories" classname="org.springframework.data.gemfire.snapshot.SnapshotServiceFactoryBeanTest" time="0.001"/>
  <testcase name="nullSafeArrayWithNonNullArray" classname="org.springframework.data.gemfire.snapshot.SnapshotServiceFactoryBeanTest" time="0"/>
  <testcase name="createCacheSnapshotService" classname="org.springframework.data.gemfire.snapshot.SnapshotServiceFactoryBeanTest" time="0.018"/>
  <testcase name="onApplicationEventWhenMatchUsingFactorySnapshotMetadataPerformsImport" classname="org.springframework.data.gemfire.snapshot.SnapshotServiceFactoryBeanTest" time="0.002"/>
  <testcase name="nullSafeIsFileWithFile" classname="org.springframework.data.gemfire.snapshot.SnapshotServiceFactoryBeanTest" time="0"/>
  <testcase name="afterPropertiesSetCreatesSnapshotServiceAdapterAndDoesImportWithConfiguredImports" classname="org.springframework.data.gemfire.snapshot.SnapshotServiceFactoryBeanTest" time="0"/>
  <testcase name="loadCacheSnapshotWithDirectoryAndFormatHandlesExceptionAppropriately" classname="org.springframework.data.gemfire.snapshot.SnapshotServiceFactoryBeanTest" time="0.001"/>
  <testcase name="nullSafeIsFileWithNonFiles" classname="org.springframework.data.gemfire.snapshot.SnapshotServiceFactoryBeanTest" time="0"/>
  <testcase name="saveRegionSnapshotWithSnapshotFileFormatAndOptionsHandlesExceptionAppropriately" classname="org.springframework.data.gemfire.snapshot.SnapshotServiceFactoryBeanTest" time="0.001"/>
  <testcase name="setAndGetSuppressImportOnInitSuccessfully" classname="org.springframework.data.gemfire.snapshot.SnapshotServiceFactoryBeanTest" time="0"/>
  <testcase name="getFileExtensionOfVariousFiles" classname="org.springframework.data.gemfire.snapshot.SnapshotServiceFactoryBeanTest" time="0.006"/>
  <testcase name="importCacheSnapshotOnInitialization" classname="org.springframework.data.gemfire.snapshot.SnapshotServiceFactoryBeanTest" time="0.174"/>
  <testcase name="resolveExportSnapshotMetadataFromFactory" classname="org.springframework.data.gemfire.snapshot.SnapshotServiceFactoryBeanTest" time="0.001"/>
  <testcase name="afterPropertiesSetCreatesSnapshotServiceAdapterButSuppressesImportOnInit" classname="org.springframework.data.gemfire.snapshot.SnapshotServiceFactoryBeanTest" time="0"/>
  <testcase name="saveCacheSnapshotWithDirectoryFormatAndOptionsHandlesExceptionAppropriately" classname="org.springframework.data.gemfire.snapshot.SnapshotServiceFactoryBeanTest" time="0.001"/>
  <testcase name="createOptionsWithFilterOnSnapshotServiceAdapterSupport" classname="org.springframework.data.gemfire.snapshot.SnapshotServiceFactoryBeanTest" time="0"/>
  <testcase name="withCacheBasedSnapshotServiceOnCacheSnapshotEventIsMatch" classname="org.springframework.data.gemfire.snapshot.SnapshotServiceFactoryBeanTest" time="0"/>
  <testcase name="saveCacheSnapshotWithDirectoryAndFormatHandlesExceptionAppropriately" classname="org.springframework.data.gemfire.snapshot.SnapshotServiceFactoryBeanTest" time="0.001"/>
  <testcase name="loadCacheSnapshotWithFormatOptionsAndSnapshotFilesHandlesExceptionAppropriately" classname="org.springframework.data.gemfire.snapshot.SnapshotServiceFactoryBeanTest" time="0.001"/>
  <testcase name="resolveImportSnapshotMetadataFromFactory" classname="org.springframework.data.gemfire.snapshot.SnapshotServiceFactoryBeanTest" time="0"/>
  <testcase name="exportCacheSnapshotOnDestroy" classname="org.springframework.data.gemfire.snapshot.SnapshotServiceFactoryBeanTest" time="0.001"/>
  <testcase name="resolveSnapshotMetadataFromEvent" classname="org.springframework.data.gemfire.snapshot.SnapshotServiceFactoryBeanTest" time="0"/>
  <testcase name="invokeExceptionSuppressingCloseOnSnapshotServiceAdapterSupportIsUnsuccessful" classname="org.springframework.data.gemfire.snapshot.SnapshotServiceFactoryBeanTest" time="0.001"/>
  <testcase name="logDebugWhenNotDebugging" classname="org.springframework.data.gemfire.snapshot.SnapshotServiceFactoryBeanTest" time="0.003"/>
  <testcase name="logDebugWhenDebugging" classname="org.springframework.data.gemfire.snapshot.SnapshotServiceFactoryBeanTest" time="0.001"/>
  <testcase name="toSimpleFilenameUsingVariousPathnames" classname="org.springframework.data.gemfire.snapshot.SnapshotServiceFactoryBeanTest" time="0"/>
  <testcase name="nullSafeIsDirectoryWithDirectory" classname="org.springframework.data.gemfire.snapshot.SnapshotServiceFactoryBeanTest" time="0"/>
  <testcase name="archiveFileFilterAcceptsJarOrZipFile" classname="org.springframework.data.gemfire.snapshot.SnapshotServiceFactoryBeanTest" time="0.001"/>
  <testcase name="withRegionBasedSnapshotServiceOnCacheSnapshotEventIsMatch" classname="org.springframework.data.gemfire.snapshot.SnapshotServiceFactoryBeanTest" time="0"/>
  <testcase name="getCacheWhenUninitialized" classname="org.springframework.data.gemfire.snapshot.SnapshotServiceFactoryBeanTest" time="0"/>
  <testcase name="saveRegionSnapshotWithSnapshotFileAndFormatHandlesExceptionAppropriately" classname="org.springframework.data.gemfire.snapshot.SnapshotServiceFactoryBeanTest" time="0.001"/>
  <testcase name="createSnapshotMetadataWithNullLocation" classname="org.springframework.data.gemfire.snapshot.SnapshotServiceFactoryBeanTest" time="0"/>
  <testcase name="destroyPerformsExportWithConfiguredExports" classname="org.springframework.data.gemfire.snapshot.SnapshotServiceFactoryBeanTest" time="0.001"/>
  <testcase name="setAndGetCacheSuccessfully" classname="org.springframework.data.gemfire.snapshot.SnapshotServiceFactoryBeanTest" time="0"/>
  <testcase name="exportRegionSnapshotOnDestroy" classname="org.springframework.data.gemfire.snapshot.SnapshotServiceFactoryBeanTest" time="0.001"/>
  <testcase name="createSnapshotMetadataWithDirectoryFilterAndUnspecifiedFormat" classname="org.springframework.data.gemfire.snapshot.SnapshotServiceFactoryBeanTest" time="0"/>
  <testcase name="createRegionSnapshotService" classname="org.springframework.data.gemfire.snapshot.SnapshotServiceFactoryBeanTest" time="0"/>
  <testcase name="isJarFileIsFalse" classname="org.springframework.data.gemfire.snapshot.SnapshotServiceFactoryBeanTest" time="0"/>
  <testcase name="isJarFileIsTrue" classname="org.springframework.data.gemfire.snapshot.SnapshotServiceFactoryBeanTest" time="0"/>
  <testcase name="setAndGetImports" classname="org.springframework.data.gemfire.snapshot.SnapshotServiceFactoryBeanTest" time="0"/>
  <testcase name="createSnapshotMetadataWithFileNullFilterAndGemFireFormat" classname="org.springframework.data.gemfire.snapshot.SnapshotServiceFactoryBeanTest" time="0"/>
  <testcase name="importRegionSnapshotOnInitialization" classname="org.springframework.data.gemfire.snapshot.SnapshotServiceFactoryBeanTest" time="0.001"/>
  <testcase name="wrapNullCacheSnapshotService" classname="org.springframework.data.gemfire.snapshot.SnapshotServiceFactoryBeanTest" time="0.001"/>
  <testcase name="nullSafeArrayWithNullArray" classname="org.springframework.data.gemfire.snapshot.SnapshotServiceFactoryBeanTest" time="0"/>
  <testcase name="withRegionBasedSnapshotServiceOnRegionSnapshotEventIsMatch" classname="org.springframework.data.gemfire.snapshot.SnapshotServiceFactoryBeanTest" time="0"/>
  <testcase name="wrapNullRegionSnapshotService" classname="org.springframework.data.gemfire.snapshot.SnapshotServiceFactoryBeanTest" time="0"/>
  <testcase name="isSingletonIsTrue" classname="org.springframework.data.gemfire.snapshot.SnapshotServiceFactoryBeanTest" time="0"/>
  <testcase name="onApplicationEventWhenMatchUsingEventSnapshotMetadataPerformsExport" classname="org.springframework.data.gemfire.snapshot.SnapshotServiceFactoryBeanTest" time="0"/>
</testsuite>