<?xml version="1.0" encoding="UTF-8"?>
<project xmlns="http://maven.apache.org/POM/4.0.0"
   xmlns:xsi="http://www.w3.org/2001/XMLSchema-instance"
   xsi:schemaLocation="http://maven.apache.org/POM/4.0.0 http://maven.apache.org/maven-v4_0_0.xsd">
  <modelVersion>4.0.0</modelVersion>
  <parent>
    <groupId>org.springsource.ide.eclipse.commons</groupId>
    <artifactId>org.springsource.ide.eclipse.commons.parent</artifactId>
    <version>3.8.2-SNAPSHOT</version>
  </parent>
  <artifactId>org.springsource.ide.eclipse.commons.tests</artifactId>
  <packaging>eclipse-test-plugin</packaging>
  <name>org.springsource.ide.eclipse.commons.tests</name>

  <build>
    <plugins>
      
      <plugin>
        <groupId>org.apache.maven.plugins</groupId>
        <artifactId>maven-surefire-plugin</artifactId>
        <version>2.16</version>
        <configuration>
          <redirectTestOutputToFile>true</redirectTestOutputToFile>
          <runOrder>random</runOrder>
        </configuration>
      </plugin>
      
      <plugin>
        <groupId>org.codehaus.mojo</groupId>
        <artifactId>sonar-maven-plugin</artifactId>
        <version>2.2</version>
      </plugin>

      <plugin>
        <groupId>com.atlassian.maven.plugins</groupId>
        <artifactId>clover-maven-plugin</artifactId>
        <version>4.1.1</version>
      </plugin>

      <plugin>
        <groupId>org.eclipse.tycho</groupId>
        <artifactId>tycho-surefire-plugin</artifactId>
        <version>${tycho-version}</version>
        <configuration>
          <useUIHarness>true</useUIHarness>
          <forkedProcessTimeoutInSeconds>7200</forkedProcessTimeoutInSeconds>
          <testSuite>org.springsource.ide.eclipse.commons.tests</testSuite>
          <testClass>org.springsource.ide.eclipse.commons.tests.AllIdeTests</testClass>
          <argLine>-Xmx512m</argLine>
                <dependencies>
                  <dependency>
                    <type>eclipse-plugin</type>
                    <artifactId>org.eclipse.equinox.event</artifactId>
                    <version>0.0.0</version>
                  </dependency>
                </dependencies>
        </configuration>
      </plugin>

      <plugin>
        <groupId>org.eclipse.tycho</groupId>
        <artifactId>tycho-p2-plugin</artifactId>
        <version>${tycho-version}</version>
        <executions>
          <execution>
            <id>second-generate-p2-metadata</id>
            <goals>
              <goal>p2-metadata</goal>
            </goals>
            <phase>verify</phase>
          </execution>
        </executions>
      </plugin>

      </plugins>
    </build>

</project>
