<?xml version="1.0" encoding="UTF-8"?>
<testsuite xmlns:xsi="http://www.w3.org/2001/XMLSchema-instance" xsi:schemaLocation="https://maven.apache.org/surefire/maven-surefire-plugin/xsd/surefire-test-report.xsd" name="org.springframework.data.keyvalue.repository.query.SpelQueryCreatorUnitTests" time="0.159" tests="40" errors="0" skipped="0" failures="0">
  <properties>
    <property name="java.runtime.name" value="Java(TM) SE Runtime Environment"/>
    <property name="sun.boot.library.path" value="/usr/lib/jvm/java-8-oracle/jre/lib/amd64"/>
    <property name="java.vm.version" value="25.111-b14"/>
    <property name="java.vm.vendor" value="Oracle Corporation"/>
    <property name="java.vendor.url" value="http://java.oracle.com/"/>
    <property name="path.separator" value=":"/>
    <property name="guice.disable.misplaced.annotation.check" value="true"/>
    <property name="java.vm.name" value="Java HotSpot(TM) 64-Bit Server VM"/>
    <property name="file.encoding.pkg" value="sun.io"/>
    <property name="user.country" value="BR"/>
    <property name="sun.java.launcher" value="SUN_STANDARD"/>
    <property name="sun.os.patch.level" value="unknown"/>
    <property name="java.vm.specification.name" value="Java Virtual Machine Specification"/>
    <property name="user.dir" value="/home/aluno/spring-projects/maven/spring-data-keyvalue"/>
    <property name="java.runtime.version" value="1.8.0_111-b14"/>
    <property name="java.awt.graphicsenv" value="sun.awt.X11GraphicsEnvironment"/>
    <property name="java.endorsed.dirs" value="/usr/lib/jvm/java-8-oracle/jre/lib/endorsed"/>
    <property name="os.arch" value="amd64"/>
    <property name="java.io.tmpdir" value="/tmp"/>
    <property name="line.separator" value="&#10;"/>
    <property name="java.vm.specification.vendor" value="Oracle Corporation"/>
    <property name="os.name" value="Linux"/>
    <property name="classworlds.conf" value="/usr/share/maven/bin/m2.conf"/>
    <property name="sun.jnu.encoding" value="UTF-8"/>
    <property name="java.library.path" value="/usr/java/packages/lib/amd64:/usr/lib64:/lib64:/lib:/usr/lib"/>
    <property name="java.specification.name" value="Java Platform API Specification"/>
    <property name="java.class.version" value="52.0"/>
    <property name="sun.management.compiler" value="HotSpot 64-Bit Tiered Compilers"/>
    <property name="os.version" value="3.13.0-100-generic"/>
    <property name="user.home" value="/home/aluno"/>
    <property name="user.timezone" value="America/Fortaleza"/>
    <property name="java.awt.printerjob" value="sun.print.PSPrinterJob"/>
    <property name="file.encoding" value="UTF-8"/>
    <property name="java.specification.version" value="1.8"/>
    <property name="user.name" value="aluno"/>
    <property name="java.class.path" value="/usr/share/maven/boot/plexus-classworlds-2.x.jar"/>
    <property name="java.vm.specification.version" value="1.8"/>
    <property name="sun.arch.data.model" value="64"/>
    <property name="java.home" value="/usr/lib/jvm/java-8-oracle/jre"/>
    <property name="sun.java.command" value="org.codehaus.plexus.classworlds.launcher.Launcher test clover:aggregate clover:clover"/>
    <property name="java.specification.vendor" value="Oracle Corporation"/>
    <property name="user.language" value="pt"/>
    <property name="awt.toolkit" value="sun.awt.X11.XToolkit"/>
    <property name="java.vm.info" value="mixed mode"/>
    <property name="java.version" value="1.8.0_111"/>
    <property name="java.ext.dirs" value="/usr/lib/jvm/java-8-oracle/jre/lib/ext:/usr/java/packages/lib/ext"/>
    <property name="securerandom.source" value="file:/dev/./urandom"/>
    <property name="sun.boot.class.path" value="/usr/lib/jvm/java-8-oracle/jre/lib/resources.jar:/usr/lib/jvm/java-8-oracle/jre/lib/rt.jar:/usr/lib/jvm/java-8-oracle/jre/lib/sunrsasign.jar:/usr/lib/jvm/java-8-oracle/jre/lib/jsse.jar:/usr/lib/jvm/java-8-oracle/jre/lib/jce.jar:/usr/lib/jvm/java-8-oracle/jre/lib/charsets.jar:/usr/lib/jvm/java-8-oracle/jre/lib/jfr.jar:/usr/lib/jvm/java-8-oracle/jre/classes"/>
    <property name="java.vendor" value="Oracle Corporation"/>
    <property name="maven.home" value="/usr/share/maven"/>
    <property name="file.separator" value="/"/>
    <property name="java.vendor.url.bug" value="http://bugreport.sun.com/bugreport/"/>
    <property name="sun.cpu.endian" value="little"/>
    <property name="sun.io.unicode.encoding" value="UnicodeLittle"/>
    <property name="sun.desktop" value="gnome"/>
    <property name="sun.cpu.isalist" value=""/>
  </properties>
  <testcase name="equalsReturnsFalseWhenNotMatching" classname="org.springframework.data.keyvalue.repository.query.SpelQueryCreatorUnitTests" time="0.003"/>
  <testcase name="lessThanEqualsReturnsFalseForLowerValues" classname="org.springframework.data.keyvalue.repository.query.SpelQueryCreatorUnitTests" time="0.002"/>
  <testcase name="beforeReturnsTrueForLowerValues" classname="org.springframework.data.keyvalue.repository.query.SpelQueryCreatorUnitTests" time="0.002"/>
  <testcase name="greaterThanEqualsReturnsTrueForEqualValues" classname="org.springframework.data.keyvalue.repository.query.SpelQueryCreatorUnitTests" time="0.001"/>
  <testcase name="lessThanReturnsTrueForHigherValues" classname="org.springframework.data.keyvalue.repository.query.SpelQueryCreatorUnitTests" time="0.001"/>
  <testcase name="beforeReturnsFalseForHigherValues" classname="org.springframework.data.keyvalue.repository.query.SpelQueryCreatorUnitTests" time="0.001"/>
  <testcase name="regexReturnsFalseWhenNotMatching" classname="org.springframework.data.keyvalue.repository.query.SpelQueryCreatorUnitTests" time="0.002"/>
  <testcase name="endsWithReturnsTrueWhenMatching" classname="org.springframework.data.keyvalue.repository.query.SpelQueryCreatorUnitTests" time="0.002"/>
  <testcase name="likeReturnsFalseWhenNotMatching" classname="org.springframework.data.keyvalue.repository.query.SpelQueryCreatorUnitTests" time="0.003"/>
  <testcase name="connectByAndReturnsFalseWhenOnlyFewPropertiesMatch" classname="org.springframework.data.keyvalue.repository.query.SpelQueryCreatorUnitTests" time="0.003"/>
  <testcase name="betweenEqualsReturnsFalseForHigherValues" classname="org.springframework.data.keyvalue.repository.query.SpelQueryCreatorUnitTests" time="0.002"/>
  <testcase name="equalsReturnsTrueWhenMatching" classname="org.springframework.data.keyvalue.repository.query.SpelQueryCreatorUnitTests" time="0.002"/>
  <testcase name="betweenEqualsReturnsFalseForLowerValues" classname="org.springframework.data.keyvalue.repository.query.SpelQueryCreatorUnitTests" time="0.002"/>
  <testcase name="greaterThanReturnsFalseForLowerValues" classname="org.springframework.data.keyvalue.repository.query.SpelQueryCreatorUnitTests" time="0.001"/>
  <testcase name="isFalseAssertedPropertlyWhenTrue" classname="org.springframework.data.keyvalue.repository.query.SpelQueryCreatorUnitTests" time="0.003"/>
  <testcase name="isNullAssertedPropertlyWhenAttributeIsNull" classname="org.springframework.data.keyvalue.repository.query.SpelQueryCreatorUnitTests" time="0.001"/>
  <testcase name="likeReturnsTrueWhenMatching" classname="org.springframework.data.keyvalue.repository.query.SpelQueryCreatorUnitTests" time="0.001"/>
  <testcase name="isTrueAssertedPropertlyWhenFalse" classname="org.springframework.data.keyvalue.repository.query.SpelQueryCreatorUnitTests" time="0.001"/>
  <testcase name="afterReturnsFalseForLowerValues" classname="org.springframework.data.keyvalue.repository.query.SpelQueryCreatorUnitTests" time="0.002"/>
  <testcase name="lessThanEaualsReturnsTrueForEqualValues" classname="org.springframework.data.keyvalue.repository.query.SpelQueryCreatorUnitTests" time="0.001"/>
  <testcase name="connectByOrReturnsTrueWhenAllPropertiesMatch" classname="org.springframework.data.keyvalue.repository.query.SpelQueryCreatorUnitTests" time="0.001"/>
  <testcase name="greaterThanEaualsReturnsTrueForHigherValues" classname="org.springframework.data.keyvalue.repository.query.SpelQueryCreatorUnitTests" time="0.001"/>
  <testcase name="greaterThanReturnsTrueForHigherValues" classname="org.springframework.data.keyvalue.repository.query.SpelQueryCreatorUnitTests" time="0.001"/>
  <testcase name="afterReturnsTrueForHigherValues" classname="org.springframework.data.keyvalue.repository.query.SpelQueryCreatorUnitTests" time="0.001"/>
  <testcase name="startsWithReturnsFalseWhenNotMatching" classname="org.springframework.data.keyvalue.repository.query.SpelQueryCreatorUnitTests" time="0.002"/>
  <testcase name="greaterThanEqualsReturnsFalseForLowerValues" classname="org.springframework.data.keyvalue.repository.query.SpelQueryCreatorUnitTests" time="0.001"/>
  <testcase name="startsWithReturnsTrueWhenMatching" classname="org.springframework.data.keyvalue.repository.query.SpelQueryCreatorUnitTests" time="0.001"/>
  <testcase name="regexReturnsTrueWhenMatching" classname="org.springframework.data.keyvalue.repository.query.SpelQueryCreatorUnitTests" time="0.001"/>
  <testcase name="startsWithIgnoreCaseReturnsTrueWhenMatching" classname="org.springframework.data.keyvalue.repository.query.SpelQueryCreatorUnitTests" time="0"/>
  <testcase name="isNotNullReturnsTrueAttributeIsNotNull" classname="org.springframework.data.keyvalue.repository.query.SpelQueryCreatorUnitTests" time="0.001"/>
  <testcase name="isTrueAssertedPropertlyWhenTrue" classname="org.springframework.data.keyvalue.repository.query.SpelQueryCreatorUnitTests" time="0.001"/>
  <testcase name="isNullAssertedPropertlyWhenAttributeIsNotNull" classname="org.springframework.data.keyvalue.repository.query.SpelQueryCreatorUnitTests" time="0.001"/>
  <testcase name="betweenEqualsReturnsTrueForValuesInBetween" classname="org.springframework.data.keyvalue.repository.query.SpelQueryCreatorUnitTests" time="0.001"/>
  <testcase name="lessThanEaualsReturnsTrueForHigherValues" classname="org.springframework.data.keyvalue.repository.query.SpelQueryCreatorUnitTests" time="0.002"/>
  <testcase name="connectByOrReturnsTrueWhenOnlyFewPropertiesMatch" classname="org.springframework.data.keyvalue.repository.query.SpelQueryCreatorUnitTests" time="0.001"/>
  <testcase name="lessThanReturnsFalseForLowerValues" classname="org.springframework.data.keyvalue.repository.query.SpelQueryCreatorUnitTests" time="0.001"/>
  <testcase name="isNotNullFalseTrueWhenAttributeIsNull" classname="org.springframework.data.keyvalue.repository.query.SpelQueryCreatorUnitTests" time="0.001"/>
  <testcase name="isFalseAssertedPropertlyWhenFalse" classname="org.springframework.data.keyvalue.repository.query.SpelQueryCreatorUnitTests" time="0.001"/>
  <testcase name="connectByAndReturnsTrueWhenAllPropertiesMatching" classname="org.springframework.data.keyvalue.repository.query.SpelQueryCreatorUnitTests" time="0.001"/>
  <testcase name="endsWithReturnsFalseWhenNotMatching" classname="org.springframework.data.keyvalue.repository.query.SpelQueryCreatorUnitTests" time="0.001"/>
</testsuite>