<?xml version="1.0" encoding="UTF-8"?>
<testsuite xmlns:xsi="http://www.w3.org/2001/XMLSchema-instance" xsi:schemaLocation="https://maven.apache.org/surefire/maven-surefire-plugin/xsd/surefire-test-report.xsd" name="org.springframework.data.redis.support.collections.RedisSetTests" time="0.858" tests="682" errors="682" skipped="0" failures="0">
  <properties>
    <property name="java.runtime.name" value="Java(TM) SE Runtime Environment"/>
    <property name="sun.boot.library.path" value="/usr/lib/jvm/java-8-oracle/jre/lib/amd64"/>
    <property name="java.vm.version" value="25.91-b14"/>
    <property name="java.vm.vendor" value="Oracle Corporation"/>
    <property name="java.vendor.url" value="http://java.oracle.com/"/>
    <property name="path.separator" value=":"/>
    <property name="guice.disable.misplaced.annotation.check" value="true"/>
    <property name="java.vm.name" value="Java HotSpot(TM) 64-Bit Server VM"/>
    <property name="file.encoding.pkg" value="sun.io"/>
    <property name="user.country" value="BR"/>
    <property name="sun.java.launcher" value="SUN_STANDARD"/>
    <property name="sun.os.patch.level" value="unknown"/>
    <property name="java.vm.specification.name" value="Java Virtual Machine Specification"/>
    <property name="user.dir" value="/home/aluno/spring-projects/maven/spring-data-redis"/>
    <property name="java.runtime.version" value="1.8.0_91-b14"/>
    <property name="java.awt.graphicsenv" value="sun.awt.X11GraphicsEnvironment"/>
    <property name="java.endorsed.dirs" value="/usr/lib/jvm/java-8-oracle/jre/lib/endorsed"/>
    <property name="os.arch" value="amd64"/>
    <property name="java.io.tmpdir" value="/tmp"/>
    <property name="line.separator" value="&#10;"/>
    <property name="java.vm.specification.vendor" value="Oracle Corporation"/>
    <property name="os.name" value="Linux"/>
    <property name="classworlds.conf" value="/usr/share/maven/bin/m2.conf"/>
    <property name="sun.jnu.encoding" value="UTF-8"/>
    <property name="java.library.path" value="/usr/java/packages/lib/amd64:/usr/lib64:/lib64:/lib:/usr/lib"/>
    <property name="java.specification.name" value="Java Platform API Specification"/>
    <property name="java.class.version" value="52.0"/>
    <property name="sun.management.compiler" value="HotSpot 64-Bit Tiered Compilers"/>
    <property name="os.version" value="3.13.0-91-generic"/>
    <property name="user.home" value="/home/aluno"/>
    <property name="user.timezone" value="America/Fortaleza"/>
    <property name="java.awt.printerjob" value="sun.print.PSPrinterJob"/>
    <property name="file.encoding" value="UTF-8"/>
    <property name="java.specification.version" value="1.8"/>
    <property name="user.name" value="aluno"/>
    <property name="java.class.path" value="/usr/share/maven/boot/plexus-classworlds-2.x.jar"/>
    <property name="java.vm.specification.version" value="1.8"/>
    <property name="sun.arch.data.model" value="64"/>
    <property name="java.home" value="/usr/lib/jvm/java-8-oracle/jre"/>
    <property name="sun.java.command" value="org.codehaus.plexus.classworlds.launcher.Launcher clean test"/>
    <property name="java.specification.vendor" value="Oracle Corporation"/>
    <property name="user.language" value="pt"/>
    <property name="awt.toolkit" value="sun.awt.X11.XToolkit"/>
    <property name="java.vm.info" value="mixed mode"/>
    <property name="java.version" value="1.8.0_91"/>
    <property name="java.ext.dirs" value="/usr/lib/jvm/java-8-oracle/jre/lib/ext:/usr/java/packages/lib/ext"/>
    <property name="securerandom.source" value="file:/dev/./urandom"/>
    <property name="sun.boot.class.path" value="/usr/lib/jvm/java-8-oracle/jre/lib/resources.jar:/usr/lib/jvm/java-8-oracle/jre/lib/rt.jar:/usr/lib/jvm/java-8-oracle/jre/lib/sunrsasign.jar:/usr/lib/jvm/java-8-oracle/jre/lib/jsse.jar:/usr/lib/jvm/java-8-oracle/jre/lib/jce.jar:/usr/lib/jvm/java-8-oracle/jre/lib/charsets.jar:/usr/lib/jvm/java-8-oracle/jre/lib/jfr.jar:/usr/lib/jvm/java-8-oracle/jre/classes"/>
    <property name="java.vendor" value="Oracle Corporation"/>
    <property name="maven.home" value="/usr/share/maven"/>
    <property name="file.separator" value="/"/>
    <property name="java.vendor.url.bug" value="http://bugreport.sun.com/bugreport/"/>
    <property name="sun.cpu.endian" value="little"/>
    <property name="sun.io.unicode.encoding" value="UnicodeLittle"/>
    <property name="sun.desktop" value="gnome"/>
    <property name="sun.cpu.isalist" value=""/>
  </properties>
  <testcase name="testDiffAndStore[0]" classname="org.springframework.data.redis.support.collections.RedisSetTests" time="0.004">
    <error type="java.lang.ExceptionInInitializerError"><![CDATA[java.lang.ExceptionInInitializerError
	at org.springframework.data.redis.support.collections.RedisSetTests.<init>(RedisSetTests.java:38)
Caused by: redis.clients.jedis.exceptions.JedisConnectionException: java.net.ConnectException: Conexão recusada
	at org.springframework.data.redis.support.collections.RedisSetTests.<init>(RedisSetTests.java:38)
Caused by: java.net.ConnectException: Conexão recusada
	at org.springframework.data.redis.support.collections.RedisSetTests.<init>(RedisSetTests.java:38)
]]></error>
  </testcase>
  <testcase name="testToArray[0]" classname="org.springframework.data.redis.support.collections.RedisSetTests" time="0">
    <error message="Could not initialize class org.springframework.data.redis.test.util.MinimumRedisVersionRule" type="java.lang.NoClassDefFoundError"><![CDATA[java.lang.NoClassDefFoundError: Could not initialize class org.springframework.data.redis.test.util.MinimumRedisVersionRule
	at org.springframework.data.redis.support.collections.RedisSetTests.<init>(RedisSetTests.java:38)
]]></error>
  </testcase>
  <testcase name="testUnion[0]" classname="org.springframework.data.redis.support.collections.RedisSetTests" time="0">
    <error message="Could not initialize class org.springframework.data.redis.test.util.MinimumRedisVersionRule" type="java.lang.NoClassDefFoundError"><![CDATA[java.lang.NoClassDefFoundError: Could not initialize class org.springframework.data.redis.test.util.MinimumRedisVersionRule
	at org.springframework.data.redis.support.collections.RedisSetTests.<init>(RedisSetTests.java:38)
]]></error>
  </testcase>
  <testcase name="testDiff[0]" classname="org.springframework.data.redis.support.collections.RedisSetTests" time="0">
    <error message="Could not initialize class org.springframework.data.redis.test.util.MinimumRedisVersionRule" type="java.lang.NoClassDefFoundError"><![CDATA[java.lang.NoClassDefFoundError: Could not initialize class org.springframework.data.redis.test.util.MinimumRedisVersionRule
	at org.springframework.data.redis.support.collections.RedisSetTests.<init>(RedisSetTests.java:38)
]]></error>
  </testcase>
  <testcase name="testScanWorksCorrectly[0]" classname="org.springframework.data.redis.support.collections.RedisSetTests" time="0.001">
    <error message="Could not initialize class org.springframework.data.redis.test.util.MinimumRedisVersionRule" type="java.lang.NoClassDefFoundError"><![CDATA[java.lang.NoClassDefFoundError: Could not initialize class org.springframework.data.redis.test.util.MinimumRedisVersionRule
	at org.springframework.data.redis.support.collections.RedisSetTests.<init>(RedisSetTests.java:38)
]]></error>
  </testcase>
  <testcase name="testUnionAndStore[0]" classname="org.springframework.data.redis.support.collections.RedisSetTests" time="0">
    <error message="Could not initialize class org.springframework.data.redis.test.util.MinimumRedisVersionRule" type="java.lang.NoClassDefFoundError"><![CDATA[java.lang.NoClassDefFoundError: Could not initialize class org.springframework.data.redis.test.util.MinimumRedisVersionRule
	at org.springframework.data.redis.support.collections.RedisSetTests.<init>(RedisSetTests.java:38)
]]></error>
  </testcase>
  <testcase name="testIntersect[0]" classname="org.springframework.data.redis.support.collections.RedisSetTests" time="0">
    <error message="Could not initialize class org.springframework.data.redis.test.util.MinimumRedisVersionRule" type="java.lang.NoClassDefFoundError"><![CDATA[java.lang.NoClassDefFoundError: Could not initialize class org.springframework.data.redis.test.util.MinimumRedisVersionRule
	at org.springframework.data.redis.support.collections.RedisSetTests.<init>(RedisSetTests.java:38)
]]></error>
  </testcase>
  <testcase name="testToArrayWithGenerics[0]" classname="org.springframework.data.redis.support.collections.RedisSetTests" time="0.001">
    <error message="Could not initialize class org.springframework.data.redis.test.util.MinimumRedisVersionRule" type="java.lang.NoClassDefFoundError"><![CDATA[java.lang.NoClassDefFoundError: Could not initialize class org.springframework.data.redis.test.util.MinimumRedisVersionRule
	at org.springframework.data.redis.support.collections.RedisSetTests.<init>(RedisSetTests.java:38)
]]></error>
  </testcase>
  <testcase name="testIterator[0]" classname="org.springframework.data.redis.support.collections.RedisSetTests" time="0">
    <error message="Could not initialize class org.springframework.data.redis.test.util.MinimumRedisVersionRule" type="java.lang.NoClassDefFoundError"><![CDATA[java.lang.NoClassDefFoundError: Could not initialize class org.springframework.data.redis.test.util.MinimumRedisVersionRule
	at org.springframework.data.redis.support.collections.RedisSetTests.<init>(RedisSetTests.java:38)
]]></error>
  </testcase>
  <testcase name="testContainsObject[0]" classname="org.springframework.data.redis.support.collections.RedisSetTests" time="0">
    <error message="Could not initialize class org.springframework.data.redis.test.util.MinimumRedisVersionRule" type="java.lang.NoClassDefFoundError"><![CDATA[java.lang.NoClassDefFoundError: Could not initialize class org.springframework.data.redis.test.util.MinimumRedisVersionRule
	at org.springframework.data.redis.support.collections.RedisSetTests.<init>(RedisSetTests.java:38)
]]></error>
  </testcase>
  <testcase name="testAdd[0]" classname="org.springframework.data.redis.support.collections.RedisSetTests" time="0">
    <error message="Could not initialize class org.springframework.data.redis.test.util.MinimumRedisVersionRule" type="java.lang.NoClassDefFoundError"><![CDATA[java.lang.NoClassDefFoundError: Could not initialize class org.springframework.data.redis.test.util.MinimumRedisVersionRule
	at org.springframework.data.redis.support.collections.RedisSetTests.<init>(RedisSetTests.java:38)
]]></error>
  </testcase>
  <testcase name="testClear[0]" classname="org.springframework.data.redis.support.collections.RedisSetTests" time="0">
    <error message="Could not initialize class org.springframework.data.redis.test.util.MinimumRedisVersionRule" type="java.lang.NoClassDefFoundError"><![CDATA[java.lang.NoClassDefFoundError: Could not initialize class org.springframework.data.redis.test.util.MinimumRedisVersionRule
	at org.springframework.data.redis.support.collections.RedisSetTests.<init>(RedisSetTests.java:38)
]]></error>
  </testcase>
  <testcase name="testSize[0]" classname="org.springframework.data.redis.support.collections.RedisSetTests" time="0">
    <error message="Could not initialize class org.springframework.data.redis.test.util.MinimumRedisVersionRule" type="java.lang.NoClassDefFoundError"><![CDATA[java.lang.NoClassDefFoundError: Could not initialize class org.springframework.data.redis.test.util.MinimumRedisVersionRule
	at org.springframework.data.redis.support.collections.RedisSetTests.<init>(RedisSetTests.java:38)
]]></error>
  </testcase>
  <testcase name="testToString[0]" classname="org.springframework.data.redis.support.collections.RedisSetTests" time="0.001">
    <error message="Could not initialize class org.springframework.data.redis.test.util.MinimumRedisVersionRule" type="java.lang.NoClassDefFoundError"><![CDATA[java.lang.NoClassDefFoundError: Could not initialize class org.springframework.data.redis.test.util.MinimumRedisVersionRule
	at org.springframework.data.redis.support.collections.RedisSetTests.<init>(RedisSetTests.java:38)
]]></error>
  </testcase>
  <testcase name="testContainsAll[0]" classname="org.springframework.data.redis.support.collections.RedisSetTests" time="0">
    <error message="Could not initialize class org.springframework.data.redis.test.util.MinimumRedisVersionRule" type="java.lang.NoClassDefFoundError"><![CDATA[java.lang.NoClassDefFoundError: Could not initialize class org.springframework.data.redis.test.util.MinimumRedisVersionRule
	at org.springframework.data.redis.support.collections.RedisSetTests.<init>(RedisSetTests.java:38)
]]></error>
  </testcase>
  <testcase name="testRemoveObject[0]" classname="org.springframework.data.redis.support.collections.RedisSetTests" time="0">
    <error message="Could not initialize class org.springframework.data.redis.test.util.MinimumRedisVersionRule" type="java.lang.NoClassDefFoundError"><![CDATA[java.lang.NoClassDefFoundError: Could not initialize class org.springframework.data.redis.test.util.MinimumRedisVersionRule
	at org.springframework.data.redis.support.collections.RedisSetTests.<init>(RedisSetTests.java:38)
]]></error>
  </testcase>
  <testcase name="testHashCode[0]" classname="org.springframework.data.redis.support.collections.RedisSetTests" time="0">
    <error message="Could not initialize class org.springframework.data.redis.test.util.MinimumRedisVersionRule" type="java.lang.NoClassDefFoundError"><![CDATA[java.lang.NoClassDefFoundError: Could not initialize class org.springframework.data.redis.test.util.MinimumRedisVersionRule
	at org.springframework.data.redis.support.collections.RedisSetTests.<init>(RedisSetTests.java:38)
]]></error>
  </testcase>
  <testcase name="testAddAll[0]" classname="org.springframework.data.redis.support.collections.RedisSetTests" time="0">
    <error message="Could not initialize class org.springframework.data.redis.test.util.MinimumRedisVersionRule" type="java.lang.NoClassDefFoundError"><![CDATA[java.lang.NoClassDefFoundError: Could not initialize class org.springframework.data.redis.test.util.MinimumRedisVersionRule
	at org.springframework.data.redis.support.collections.RedisSetTests.<init>(RedisSetTests.java:38)
]]></error>
  </testcase>
  <testcase name="removeAll[0]" classname="org.springframework.data.redis.support.collections.RedisSetTests" time="0.001">
    <error message="Could not initialize class org.springframework.data.redis.test.util.MinimumRedisVersionRule" type="java.lang.NoClassDefFoundError"><![CDATA[java.lang.NoClassDefFoundError: Could not initialize class org.springframework.data.redis.test.util.MinimumRedisVersionRule
	at org.springframework.data.redis.support.collections.RedisSetTests.<init>(RedisSetTests.java:38)
]]></error>
  </testcase>
  <testcase name="testEquals[0]" classname="org.springframework.data.redis.support.collections.RedisSetTests" time="0">
    <error message="Could not initialize class org.springframework.data.redis.test.util.MinimumRedisVersionRule" type="java.lang.NoClassDefFoundError"><![CDATA[java.lang.NoClassDefFoundError: Could not initialize class org.springframework.data.redis.test.util.MinimumRedisVersionRule
	at org.springframework.data.redis.support.collections.RedisSetTests.<init>(RedisSetTests.java:38)
]]></error>
  </testcase>
  <testcase name="testGetKey[0]" classname="org.springframework.data.redis.support.collections.RedisSetTests" time="0">
    <error message="Could not initialize class org.springframework.data.redis.test.util.MinimumRedisVersionRule" type="java.lang.NoClassDefFoundError"><![CDATA[java.lang.NoClassDefFoundError: Could not initialize class org.springframework.data.redis.test.util.MinimumRedisVersionRule
	at org.springframework.data.redis.support.collections.RedisSetTests.<init>(RedisSetTests.java:38)
]]></error>
  </testcase>
  <testcase name="testIsEmpty[0]" classname="org.springframework.data.redis.support.collections.RedisSetTests" time="0.001">
    <error message="Could not initialize class org.springframework.data.redis.test.util.MinimumRedisVersionRule" type="java.lang.NoClassDefFoundError"><![CDATA[java.lang.NoClassDefFoundError: Could not initialize class org.springframework.data.redis.test.util.MinimumRedisVersionRule
	at org.springframework.data.redis.support.collections.RedisSetTests.<init>(RedisSetTests.java:38)
]]></error>
  </testcase>
  <testcase name="testDiffAndStore[1]" classname="org.springframework.data.redis.support.collections.RedisSetTests" time="0">
    <error message="Could not initialize class org.springframework.data.redis.test.util.MinimumRedisVersionRule" type="java.lang.NoClassDefFoundError"><![CDATA[java.lang.NoClassDefFoundError: Could not initialize class org.springframework.data.redis.test.util.MinimumRedisVersionRule
	at org.springframework.data.redis.support.collections.RedisSetTests.<init>(RedisSetTests.java:38)
]]></error>
  </testcase>
  <testcase name="testToArray[1]" classname="org.springframework.data.redis.support.collections.RedisSetTests" time="0">
    <error message="Could not initialize class org.springframework.data.redis.test.util.MinimumRedisVersionRule" type="java.lang.NoClassDefFoundError"><![CDATA[java.lang.NoClassDefFoundError: Could not initialize class org.springframework.data.redis.test.util.MinimumRedisVersionRule
	at org.springframework.data.redis.support.collections.RedisSetTests.<init>(RedisSetTests.java:38)
]]></error>
  </testcase>
  <testcase name="testUnion[1]" classname="org.springframework.data.redis.support.collections.RedisSetTests" time="0.001">
    <error message="Could not initialize class org.springframework.data.redis.test.util.MinimumRedisVersionRule" type="java.lang.NoClassDefFoundError"><![CDATA[java.lang.NoClassDefFoundError: Could not initialize class org.springframework.data.redis.test.util.MinimumRedisVersionRule
	at org.springframework.data.redis.support.collections.RedisSetTests.<init>(RedisSetTests.java:38)
]]></error>
  </testcase>
  <testcase name="testDiff[1]" classname="org.springframework.data.redis.support.collections.RedisSetTests" time="0">
    <error message="Could not initialize class org.springframework.data.redis.test.util.MinimumRedisVersionRule" type="java.lang.NoClassDefFoundError"><![CDATA[java.lang.NoClassDefFoundError: Could not initialize class org.springframework.data.redis.test.util.MinimumRedisVersionRule
	at org.springframework.data.redis.support.collections.RedisSetTests.<init>(RedisSetTests.java:38)
]]></error>
  </testcase>
  <testcase name="testScanWorksCorrectly[1]" classname="org.springframework.data.redis.support.collections.RedisSetTests" time="0">
    <error message="Could not initialize class org.springframework.data.redis.test.util.MinimumRedisVersionRule" type="java.lang.NoClassDefFoundError"><![CDATA[java.lang.NoClassDefFoundError: Could not initialize class org.springframework.data.redis.test.util.MinimumRedisVersionRule
	at org.springframework.data.redis.support.collections.RedisSetTests.<init>(RedisSetTests.java:38)
]]></error>
  </testcase>
  <testcase name="testUnionAndStore[1]" classname="org.springframework.data.redis.support.collections.RedisSetTests" time="0">
    <error message="Could not initialize class org.springframework.data.redis.test.util.MinimumRedisVersionRule" type="java.lang.NoClassDefFoundError"><![CDATA[java.lang.NoClassDefFoundError: Could not initialize class org.springframework.data.redis.test.util.MinimumRedisVersionRule
	at org.springframework.data.redis.support.collections.RedisSetTests.<init>(RedisSetTests.java:38)
]]></error>
  </testcase>
  <testcase name="testIntersect[1]" classname="org.springframework.data.redis.support.collections.RedisSetTests" time="0">
    <error message="Could not initialize class org.springframework.data.redis.test.util.MinimumRedisVersionRule" type="java.lang.NoClassDefFoundError"><![CDATA[java.lang.NoClassDefFoundError: Could not initialize class org.springframework.data.redis.test.util.MinimumRedisVersionRule
	at org.springframework.data.redis.support.collections.RedisSetTests.<init>(RedisSetTests.java:38)
]]></error>
  </testcase>
  <testcase name="testToArrayWithGenerics[1]" classname="org.springframework.data.redis.support.collections.RedisSetTests" time="0.001">
    <error message="Could not initialize class org.springframework.data.redis.test.util.MinimumRedisVersionRule" type="java.lang.NoClassDefFoundError"><![CDATA[java.lang.NoClassDefFoundError: Could not initialize class org.springframework.data.redis.test.util.MinimumRedisVersionRule
	at org.springframework.data.redis.support.collections.RedisSetTests.<init>(RedisSetTests.java:38)
]]></error>
  </testcase>
  <testcase name="testIterator[1]" classname="org.springframework.data.redis.support.collections.RedisSetTests" time="0">
    <error message="Could not initialize class org.springframework.data.redis.test.util.MinimumRedisVersionRule" type="java.lang.NoClassDefFoundError"><![CDATA[java.lang.NoClassDefFoundError: Could not initialize class org.springframework.data.redis.test.util.MinimumRedisVersionRule
	at org.springframework.data.redis.support.collections.RedisSetTests.<init>(RedisSetTests.java:38)
]]></error>
  </testcase>
  <testcase name="testContainsObject[1]" classname="org.springframework.data.redis.support.collections.RedisSetTests" time="0">
    <error message="Could not initialize class org.springframework.data.redis.test.util.MinimumRedisVersionRule" type="java.lang.NoClassDefFoundError"><![CDATA[java.lang.NoClassDefFoundError: Could not initialize class org.springframework.data.redis.test.util.MinimumRedisVersionRule
	at org.springframework.data.redis.support.collections.RedisSetTests.<init>(RedisSetTests.java:38)
]]></error>
  </testcase>
  <testcase name="testAdd[1]" classname="org.springframework.data.redis.support.collections.RedisSetTests" time="0">
    <error message="Could not initialize class org.springframework.data.redis.test.util.MinimumRedisVersionRule" type="java.lang.NoClassDefFoundError"><![CDATA[java.lang.NoClassDefFoundError: Could not initialize class org.springframework.data.redis.test.util.MinimumRedisVersionRule
	at org.springframework.data.redis.support.collections.RedisSetTests.<init>(RedisSetTests.java:38)
]]></error>
  </testcase>
  <testcase name="testClear[1]" classname="org.springframework.data.redis.support.collections.RedisSetTests" time="0">
    <error message="Could not initialize class org.springframework.data.redis.test.util.MinimumRedisVersionRule" type="java.lang.NoClassDefFoundError"><![CDATA[java.lang.NoClassDefFoundError: Could not initialize class org.springframework.data.redis.test.util.MinimumRedisVersionRule
	at org.springframework.data.redis.support.collections.RedisSetTests.<init>(RedisSetTests.java:38)
]]></error>
  </testcase>
  <testcase name="testSize[1]" classname="org.springframework.data.redis.support.collections.RedisSetTests" time="0">
    <error message="Could not initialize class org.springframework.data.redis.test.util.MinimumRedisVersionRule" type="java.lang.NoClassDefFoundError"><![CDATA[java.lang.NoClassDefFoundError: Could not initialize class org.springframework.data.redis.test.util.MinimumRedisVersionRule
	at org.springframework.data.redis.support.collections.RedisSetTests.<init>(RedisSetTests.java:38)
]]></error>
  </testcase>
  <testcase name="testToString[1]" classname="org.springframework.data.redis.support.collections.RedisSetTests" time="0">
    <error message="Could not initialize class org.springframework.data.redis.test.util.MinimumRedisVersionRule" type="java.lang.NoClassDefFoundError"><![CDATA[java.lang.NoClassDefFoundError: Could not initialize class org.springframework.data.redis.test.util.MinimumRedisVersionRule
	at org.springframework.data.redis.support.collections.RedisSetTests.<init>(RedisSetTests.java:38)
]]></error>
  </testcase>
  <testcase name="testContainsAll[1]" classname="org.springframework.data.redis.support.collections.RedisSetTests" time="0">
    <error message="Could not initialize class org.springframework.data.redis.test.util.MinimumRedisVersionRule" type="java.lang.NoClassDefFoundError"><![CDATA[java.lang.NoClassDefFoundError: Could not initialize class org.springframework.data.redis.test.util.MinimumRedisVersionRule
	at org.springframework.data.redis.support.collections.RedisSetTests.<init>(RedisSetTests.java:38)
]]></error>
  </testcase>
  <testcase name="testRemoveObject[1]" classname="org.springframework.data.redis.support.collections.RedisSetTests" time="0">
    <error message="Could not initialize class org.springframework.data.redis.test.util.MinimumRedisVersionRule" type="java.lang.NoClassDefFoundError"><![CDATA[java.lang.NoClassDefFoundError: Could not initialize class org.springframework.data.redis.test.util.MinimumRedisVersionRule
	at org.springframework.data.redis.support.collections.RedisSetTests.<init>(RedisSetTests.java:38)
]]></error>
  </testcase>
  <testcase name="testHashCode[1]" classname="org.springframework.data.redis.support.collections.RedisSetTests" time="0.001">
    <error message="Could not initialize class org.springframework.data.redis.test.util.MinimumRedisVersionRule" type="java.lang.NoClassDefFoundError"><![CDATA[java.lang.NoClassDefFoundError: Could not initialize class org.springframework.data.redis.test.util.MinimumRedisVersionRule
	at org.springframework.data.redis.support.collections.RedisSetTests.<init>(RedisSetTests.java:38)
]]></error>
  </testcase>
  <testcase name="testAddAll[1]" classname="org.springframework.data.redis.support.collections.RedisSetTests" time="0">
    <error message="Could not initialize class org.springframework.data.redis.test.util.MinimumRedisVersionRule" type="java.lang.NoClassDefFoundError"><![CDATA[java.lang.NoClassDefFoundError: Could not initialize class org.springframework.data.redis.test.util.MinimumRedisVersionRule
	at org.springframework.data.redis.support.collections.RedisSetTests.<init>(RedisSetTests.java:38)
]]></error>
  </testcase>
  <testcase name="removeAll[1]" classname="org.springframework.data.redis.support.collections.RedisSetTests" time="0">
    <error message="Could not initialize class org.springframework.data.redis.test.util.MinimumRedisVersionRule" type="java.lang.NoClassDefFoundError"><![CDATA[java.lang.NoClassDefFoundError: Could not initialize class org.springframework.data.redis.test.util.MinimumRedisVersionRule
	at org.springframework.data.redis.support.collections.RedisSetTests.<init>(RedisSetTests.java:38)
]]></error>
  </testcase>
  <testcase name="testEquals[1]" classname="org.springframework.data.redis.support.collections.RedisSetTests" time="0">
    <error message="Could not initialize class org.springframework.data.redis.test.util.MinimumRedisVersionRule" type="java.lang.NoClassDefFoundError"><![CDATA[java.lang.NoClassDefFoundError: Could not initialize class org.springframework.data.redis.test.util.MinimumRedisVersionRule
	at org.springframework.data.redis.support.collections.RedisSetTests.<init>(RedisSetTests.java:38)
]]></error>
  </testcase>
  <testcase name="testGetKey[1]" classname="org.springframework.data.redis.support.collections.RedisSetTests" time="0">
    <error message="Could not initialize class org.springframework.data.redis.test.util.MinimumRedisVersionRule" type="java.lang.NoClassDefFoundError"><![CDATA[java.lang.NoClassDefFoundError: Could not initialize class org.springframework.data.redis.test.util.MinimumRedisVersionRule
	at org.springframework.data.redis.support.collections.RedisSetTests.<init>(RedisSetTests.java:38)
]]></error>
  </testcase>
  <testcase name="testIsEmpty[1]" classname="org.springframework.data.redis.support.collections.RedisSetTests" time="0.001">
    <error message="Could not initialize class org.springframework.data.redis.test.util.MinimumRedisVersionRule" type="java.lang.NoClassDefFoundError"><![CDATA[java.lang.NoClassDefFoundError: Could not initialize class org.springframework.data.redis.test.util.MinimumRedisVersionRule
	at org.springframework.data.redis.support.collections.RedisSetTests.<init>(RedisSetTests.java:38)
]]></error>
  </testcase>
  <testcase name="testDiffAndStore[2]" classname="org.springframework.data.redis.support.collections.RedisSetTests" time="0">
    <error message="Could not initialize class org.springframework.data.redis.test.util.MinimumRedisVersionRule" type="java.lang.NoClassDefFoundError"><![CDATA[java.lang.NoClassDefFoundError: Could not initialize class org.springframework.data.redis.test.util.MinimumRedisVersionRule
	at org.springframework.data.redis.support.collections.RedisSetTests.<init>(RedisSetTests.java:38)
]]></error>
  </testcase>
  <testcase name="testToArray[2]" classname="org.springframework.data.redis.support.collections.RedisSetTests" time="0">
    <error message="Could not initialize class org.springframework.data.redis.test.util.MinimumRedisVersionRule" type="java.lang.NoClassDefFoundError"><![CDATA[java.lang.NoClassDefFoundError: Could not initialize class org.springframework.data.redis.test.util.MinimumRedisVersionRule
	at org.springframework.data.redis.support.collections.RedisSetTests.<init>(RedisSetTests.java:38)
]]></error>
  </testcase>
  <testcase name="testUnion[2]" classname="org.springframework.data.redis.support.collections.RedisSetTests" time="0">
    <error message="Could not initialize class org.springframework.data.redis.test.util.MinimumRedisVersionRule" type="java.lang.NoClassDefFoundError"><![CDATA[java.lang.NoClassDefFoundError: Could not initialize class org.springframework.data.redis.test.util.MinimumRedisVersionRule
	at org.springframework.data.redis.support.collections.RedisSetTests.<init>(RedisSetTests.java:38)
]]></error>
  </testcase>
  <testcase name="testDiff[2]" classname="org.springframework.data.redis.support.collections.RedisSetTests" time="0.001">
    <error message="Could not initialize class org.springframework.data.redis.test.util.MinimumRedisVersionRule" type="java.lang.NoClassDefFoundError"><![CDATA[java.lang.NoClassDefFoundError: Could not initialize class org.springframework.data.redis.test.util.MinimumRedisVersionRule
	at org.springframework.data.redis.support.collections.RedisSetTests.<init>(RedisSetTests.java:38)
]]></error>
  </testcase>
  <testcase name="testScanWorksCorrectly[2]" classname="org.springframework.data.redis.support.collections.RedisSetTests" time="0">
    <error message="Could not initialize class org.springframework.data.redis.test.util.MinimumRedisVersionRule" type="java.lang.NoClassDefFoundError"><![CDATA[java.lang.NoClassDefFoundError: Could not initialize class org.springframework.data.redis.test.util.MinimumRedisVersionRule
	at org.springframework.data.redis.support.collections.RedisSetTests.<init>(RedisSetTests.java:38)
]]></error>
  </testcase>
  <testcase name="testUnionAndStore[2]" classname="org.springframework.data.redis.support.collections.RedisSetTests" time="0">
    <error message="Could not initialize class org.springframework.data.redis.test.util.MinimumRedisVersionRule" type="java.lang.NoClassDefFoundError"><![CDATA[java.lang.NoClassDefFoundError: Could not initialize class org.springframework.data.redis.test.util.MinimumRedisVersionRule
	at org.springframework.data.redis.support.collections.RedisSetTests.<init>(RedisSetTests.java:38)
]]></error>
  </testcase>
  <testcase name="testIntersect[2]" classname="org.springframework.data.redis.support.collections.RedisSetTests" time="0">
    <error message="Could not initialize class org.springframework.data.redis.test.util.MinimumRedisVersionRule" type="java.lang.NoClassDefFoundError"><![CDATA[java.lang.NoClassDefFoundError: Could not initialize class org.springframework.data.redis.test.util.MinimumRedisVersionRule
	at org.springframework.data.redis.support.collections.RedisSetTests.<init>(RedisSetTests.java:38)
]]></error>
  </testcase>
  <testcase name="testToArrayWithGenerics[2]" classname="org.springframework.data.redis.support.collections.RedisSetTests" time="0">
    <error message="Could not initialize class org.springframework.data.redis.test.util.MinimumRedisVersionRule" type="java.lang.NoClassDefFoundError"><![CDATA[java.lang.NoClassDefFoundError: Could not initialize class org.springframework.data.redis.test.util.MinimumRedisVersionRule
	at org.springframework.data.redis.support.collections.RedisSetTests.<init>(RedisSetTests.java:38)
]]></error>
  </testcase>
  <testcase name="testIterator[2]" classname="org.springframework.data.redis.support.collections.RedisSetTests" time="0.001">
    <error message="Could not initialize class org.springframework.data.redis.test.util.MinimumRedisVersionRule" type="java.lang.NoClassDefFoundError"><![CDATA[java.lang.NoClassDefFoundError: Could not initialize class org.springframework.data.redis.test.util.MinimumRedisVersionRule
	at org.springframework.data.redis.support.collections.RedisSetTests.<init>(RedisSetTests.java:38)
]]></error>
  </testcase>
  <testcase name="testContainsObject[2]" classname="org.springframework.data.redis.support.collections.RedisSetTests" time="0">
    <error message="Could not initialize class org.springframework.data.redis.test.util.MinimumRedisVersionRule" type="java.lang.NoClassDefFoundError"><![CDATA[java.lang.NoClassDefFoundError: Could not initialize class org.springframework.data.redis.test.util.MinimumRedisVersionRule
	at org.springframework.data.redis.support.collections.RedisSetTests.<init>(RedisSetTests.java:38)
]]></error>
  </testcase>
  <testcase name="testAdd[2]" classname="org.springframework.data.redis.support.collections.RedisSetTests" time="0">
    <error message="Could not initialize class org.springframework.data.redis.test.util.MinimumRedisVersionRule" type="java.lang.NoClassDefFoundError"><![CDATA[java.lang.NoClassDefFoundError: Could not initialize class org.springframework.data.redis.test.util.MinimumRedisVersionRule
	at org.springframework.data.redis.support.collections.RedisSetTests.<init>(RedisSetTests.java:38)
]]></error>
  </testcase>
  <testcase name="testClear[2]" classname="org.springframework.data.redis.support.collections.RedisSetTests" time="0">
    <error message="Could not initialize class org.springframework.data.redis.test.util.MinimumRedisVersionRule" type="java.lang.NoClassDefFoundError"><![CDATA[java.lang.NoClassDefFoundError: Could not initialize class org.springframework.data.redis.test.util.MinimumRedisVersionRule
	at org.springframework.data.redis.support.collections.RedisSetTests.<init>(RedisSetTests.java:38)
]]></error>
  </testcase>
  <testcase name="testSize[2]" classname="org.springframework.data.redis.support.collections.RedisSetTests" time="0.001">
    <error message="Could not initialize class org.springframework.data.redis.test.util.MinimumRedisVersionRule" type="java.lang.NoClassDefFoundError"><![CDATA[java.lang.NoClassDefFoundError: Could not initialize class org.springframework.data.redis.test.util.MinimumRedisVersionRule
	at org.springframework.data.redis.support.collections.RedisSetTests.<init>(RedisSetTests.java:38)
]]></error>
  </testcase>
  <testcase name="testToString[2]" classname="org.springframework.data.redis.support.collections.RedisSetTests" time="0">
    <error message="Could not initialize class org.springframework.data.redis.test.util.MinimumRedisVersionRule" type="java.lang.NoClassDefFoundError"><![CDATA[java.lang.NoClassDefFoundError: Could not initialize class org.springframework.data.redis.test.util.MinimumRedisVersionRule
	at org.springframework.data.redis.support.collections.RedisSetTests.<init>(RedisSetTests.java:38)
]]></error>
  </testcase>
  <testcase name="testContainsAll[2]" classname="org.springframework.data.redis.support.collections.RedisSetTests" time="0">
    <error message="Could not initialize class org.springframework.data.redis.test.util.MinimumRedisVersionRule" type="java.lang.NoClassDefFoundError"><![CDATA[java.lang.NoClassDefFoundError: Could not initialize class org.springframework.data.redis.test.util.MinimumRedisVersionRule
	at org.springframework.data.redis.support.collections.RedisSetTests.<init>(RedisSetTests.java:38)
]]></error>
  </testcase>
  <testcase name="testRemoveObject[2]" classname="org.springframework.data.redis.support.collections.RedisSetTests" time="0">
    <error message="Could not initialize class org.springframework.data.redis.test.util.MinimumRedisVersionRule" type="java.lang.NoClassDefFoundError"><![CDATA[java.lang.NoClassDefFoundError: Could not initialize class org.springframework.data.redis.test.util.MinimumRedisVersionRule
	at org.springframework.data.redis.support.collections.RedisSetTests.<init>(RedisSetTests.java:38)
]]></error>
  </testcase>
  <testcase name="testHashCode[2]" classname="org.springframework.data.redis.support.collections.RedisSetTests" time="0">
    <error message="Could not initialize class org.springframework.data.redis.test.util.MinimumRedisVersionRule" type="java.lang.NoClassDefFoundError"><![CDATA[java.lang.NoClassDefFoundError: Could not initialize class org.springframework.data.redis.test.util.MinimumRedisVersionRule
	at org.springframework.data.redis.support.collections.RedisSetTests.<init>(RedisSetTests.java:38)
]]></error>
  </testcase>
  <testcase name="testAddAll[2]" classname="org.springframework.data.redis.support.collections.RedisSetTests" time="0.001">
    <error message="Could not initialize class org.springframework.data.redis.test.util.MinimumRedisVersionRule" type="java.lang.NoClassDefFoundError"><![CDATA[java.lang.NoClassDefFoundError: Could not initialize class org.springframework.data.redis.test.util.MinimumRedisVersionRule
	at org.springframework.data.redis.support.collections.RedisSetTests.<init>(RedisSetTests.java:38)
]]></error>
  </testcase>
  <testcase name="removeAll[2]" classname="org.springframework.data.redis.support.collections.RedisSetTests" time="0">
    <error message="Could not initialize class org.springframework.data.redis.test.util.MinimumRedisVersionRule" type="java.lang.NoClassDefFoundError"><![CDATA[java.lang.NoClassDefFoundError: Could not initialize class org.springframework.data.redis.test.util.MinimumRedisVersionRule
	at org.springframework.data.redis.support.collections.RedisSetTests.<init>(RedisSetTests.java:38)
]]></error>
  </testcase>
  <testcase name="testEquals[2]" classname="org.springframework.data.redis.support.collections.RedisSetTests" time="0">
    <error message="Could not initialize class org.springframework.data.redis.test.util.MinimumRedisVersionRule" type="java.lang.NoClassDefFoundError"><![CDATA[java.lang.NoClassDefFoundError: Could not initialize class org.springframework.data.redis.test.util.MinimumRedisVersionRule
	at org.springframework.data.redis.support.collections.RedisSetTests.<init>(RedisSetTests.java:38)
]]></error>
  </testcase>
  <testcase name="testGetKey[2]" classname="org.springframework.data.redis.support.collections.RedisSetTests" time="0">
    <error message="Could not initialize class org.springframework.data.redis.test.util.MinimumRedisVersionRule" type="java.lang.NoClassDefFoundError"><![CDATA[java.lang.NoClassDefFoundError: Could not initialize class org.springframework.data.redis.test.util.MinimumRedisVersionRule
	at org.springframework.data.redis.support.collections.RedisSetTests.<init>(RedisSetTests.java:38)
]]></error>
  </testcase>
  <testcase name="testIsEmpty[2]" classname="org.springframework.data.redis.support.collections.RedisSetTests" time="0">
    <error message="Could not initialize class org.springframework.data.redis.test.util.MinimumRedisVersionRule" type="java.lang.NoClassDefFoundError"><![CDATA[java.lang.NoClassDefFoundError: Could not initialize class org.springframework.data.redis.test.util.MinimumRedisVersionRule
	at org.springframework.data.redis.support.collections.RedisSetTests.<init>(RedisSetTests.java:38)
]]></error>
  </testcase>
  <testcase name="testDiffAndStore[3]" classname="org.springframework.data.redis.support.collections.RedisSetTests" time="0">
    <error message="Could not initialize class org.springframework.data.redis.test.util.MinimumRedisVersionRule" type="java.lang.NoClassDefFoundError"><![CDATA[java.lang.NoClassDefFoundError: Could not initialize class org.springframework.data.redis.test.util.MinimumRedisVersionRule
	at org.springframework.data.redis.support.collections.RedisSetTests.<init>(RedisSetTests.java:38)
]]></error>
  </testcase>
  <testcase name="testToArray[3]" classname="org.springframework.data.redis.support.collections.RedisSetTests" time="0">
    <error message="Could not initialize class org.springframework.data.redis.test.util.MinimumRedisVersionRule" type="java.lang.NoClassDefFoundError"><![CDATA[java.lang.NoClassDefFoundError: Could not initialize class org.springframework.data.redis.test.util.MinimumRedisVersionRule
	at org.springframework.data.redis.support.collections.RedisSetTests.<init>(RedisSetTests.java:38)
]]></error>
  </testcase>
  <testcase name="testUnion[3]" classname="org.springframework.data.redis.support.collections.RedisSetTests" time="0">
    <error message="Could not initialize class org.springframework.data.redis.test.util.MinimumRedisVersionRule" type="java.lang.NoClassDefFoundError"><![CDATA[java.lang.NoClassDefFoundError: Could not initialize class org.springframework.data.redis.test.util.MinimumRedisVersionRule
	at org.springframework.data.redis.support.collections.RedisSetTests.<init>(RedisSetTests.java:38)
]]></error>
  </testcase>
  <testcase name="testDiff[3]" classname="org.springframework.data.redis.support.collections.RedisSetTests" time="0">
    <error message="Could not initialize class org.springframework.data.redis.test.util.MinimumRedisVersionRule" type="java.lang.NoClassDefFoundError"><![CDATA[java.lang.NoClassDefFoundError: Could not initialize class org.springframework.data.redis.test.util.MinimumRedisVersionRule
	at org.springframework.data.redis.support.collections.RedisSetTests.<init>(RedisSetTests.java:38)
]]></error>
  </testcase>
  <testcase name="testScanWorksCorrectly[3]" classname="org.springframework.data.redis.support.collections.RedisSetTests" time="0">
    <error message="Could not initialize class org.springframework.data.redis.test.util.MinimumRedisVersionRule" type="java.lang.NoClassDefFoundError"><![CDATA[java.lang.NoClassDefFoundError: Could not initialize class org.springframework.data.redis.test.util.MinimumRedisVersionRule
	at org.springframework.data.redis.support.collections.RedisSetTests.<init>(RedisSetTests.java:38)
]]></error>
  </testcase>
  <testcase name="testUnionAndStore[3]" classname="org.springframework.data.redis.support.collections.RedisSetTests" time="0">
    <error message="Could not initialize class org.springframework.data.redis.test.util.MinimumRedisVersionRule" type="java.lang.NoClassDefFoundError"><![CDATA[java.lang.NoClassDefFoundError: Could not initialize class org.springframework.data.redis.test.util.MinimumRedisVersionRule
	at org.springframework.data.redis.support.collections.RedisSetTests.<init>(RedisSetTests.java:38)
]]></error>
  </testcase>
  <testcase name="testIntersect[3]" classname="org.springframework.data.redis.support.collections.RedisSetTests" time="0">
    <error message="Could not initialize class org.springframework.data.redis.test.util.MinimumRedisVersionRule" type="java.lang.NoClassDefFoundError"><![CDATA[java.lang.NoClassDefFoundError: Could not initialize class org.springframework.data.redis.test.util.MinimumRedisVersionRule
	at org.springframework.data.redis.support.collections.RedisSetTests.<init>(RedisSetTests.java:38)
]]></error>
  </testcase>
  <testcase name="testToArrayWithGenerics[3]" classname="org.springframework.data.redis.support.collections.RedisSetTests" time="0">
    <error message="Could not initialize class org.springframework.data.redis.test.util.MinimumRedisVersionRule" type="java.lang.NoClassDefFoundError"><![CDATA[java.lang.NoClassDefFoundError: Could not initialize class org.springframework.data.redis.test.util.MinimumRedisVersionRule
	at org.springframework.data.redis.support.collections.RedisSetTests.<init>(RedisSetTests.java:38)
]]></error>
  </testcase>
  <testcase name="testIterator[3]" classname="org.springframework.data.redis.support.collections.RedisSetTests" time="0">
    <error message="Could not initialize class org.springframework.data.redis.test.util.MinimumRedisVersionRule" type="java.lang.NoClassDefFoundError"><![CDATA[java.lang.NoClassDefFoundError: Could not initialize class org.springframework.data.redis.test.util.MinimumRedisVersionRule
	at org.springframework.data.redis.support.collections.RedisSetTests.<init>(RedisSetTests.java:38)
]]></error>
  </testcase>
  <testcase name="testContainsObject[3]" classname="org.springframework.data.redis.support.collections.RedisSetTests" time="0">
    <error message="Could not initialize class org.springframework.data.redis.test.util.MinimumRedisVersionRule" type="java.lang.NoClassDefFoundError"><![CDATA[java.lang.NoClassDefFoundError: Could not initialize class org.springframework.data.redis.test.util.MinimumRedisVersionRule
	at org.springframework.data.redis.support.collections.RedisSetTests.<init>(RedisSetTests.java:38)
]]></error>
  </testcase>
  <testcase name="testAdd[3]" classname="org.springframework.data.redis.support.collections.RedisSetTests" time="0">
    <error message="Could not initialize class org.springframework.data.redis.test.util.MinimumRedisVersionRule" type="java.lang.NoClassDefFoundError"><![CDATA[java.lang.NoClassDefFoundError: Could not initialize class org.springframework.data.redis.test.util.MinimumRedisVersionRule
	at org.springframework.data.redis.support.collections.RedisSetTests.<init>(RedisSetTests.java:38)
]]></error>
  </testcase>
  <testcase name="testClear[3]" classname="org.springframework.data.redis.support.collections.RedisSetTests" time="0">
    <error message="Could not initialize class org.springframework.data.redis.test.util.MinimumRedisVersionRule" type="java.lang.NoClassDefFoundError"><![CDATA[java.lang.NoClassDefFoundError: Could not initialize class org.springframework.data.redis.test.util.MinimumRedisVersionRule
	at org.springframework.data.redis.support.collections.RedisSetTests.<init>(RedisSetTests.java:38)
]]></error>
  </testcase>
  <testcase name="testSize[3]" classname="org.springframework.data.redis.support.collections.RedisSetTests" time="0">
    <error message="Could not initialize class org.springframework.data.redis.test.util.MinimumRedisVersionRule" type="java.lang.NoClassDefFoundError"><![CDATA[java.lang.NoClassDefFoundError: Could not initialize class org.springframework.data.redis.test.util.MinimumRedisVersionRule
	at org.springframework.data.redis.support.collections.RedisSetTests.<init>(RedisSetTests.java:38)
]]></error>
  </testcase>
  <testcase name="testToString[3]" classname="org.springframework.data.redis.support.collections.RedisSetTests" time="0">
    <error message="Could not initialize class org.springframework.data.redis.test.util.MinimumRedisVersionRule" type="java.lang.NoClassDefFoundError"><![CDATA[java.lang.NoClassDefFoundError: Could not initialize class org.springframework.data.redis.test.util.MinimumRedisVersionRule
	at org.springframework.data.redis.support.collections.RedisSetTests.<init>(RedisSetTests.java:38)
]]></error>
  </testcase>
  <testcase name="testContainsAll[3]" classname="org.springframework.data.redis.support.collections.RedisSetTests" time="0">
    <error message="Could not initialize class org.springframework.data.redis.test.util.MinimumRedisVersionRule" type="java.lang.NoClassDefFoundError"><![CDATA[java.lang.NoClassDefFoundError: Could not initialize class org.springframework.data.redis.test.util.MinimumRedisVersionRule
	at org.springframework.data.redis.support.collections.RedisSetTests.<init>(RedisSetTests.java:38)
]]></error>
  </testcase>
  <testcase name="testRemoveObject[3]" classname="org.springframework.data.redis.support.collections.RedisSetTests" time="0">
    <error message="Could not initialize class org.springframework.data.redis.test.util.MinimumRedisVersionRule" type="java.lang.NoClassDefFoundError"><![CDATA[java.lang.NoClassDefFoundError: Could not initialize class org.springframework.data.redis.test.util.MinimumRedisVersionRule
	at org.springframework.data.redis.support.collections.RedisSetTests.<init>(RedisSetTests.java:38)
]]></error>
  </testcase>
  <testcase name="testHashCode[3]" classname="org.springframework.data.redis.support.collections.RedisSetTests" time="0">
    <error message="Could not initialize class org.springframework.data.redis.test.util.MinimumRedisVersionRule" type="java.lang.NoClassDefFoundError"><![CDATA[java.lang.NoClassDefFoundError: Could not initialize class org.springframework.data.redis.test.util.MinimumRedisVersionRule
	at org.springframework.data.redis.support.collections.RedisSetTests.<init>(RedisSetTests.java:38)
]]></error>
  </testcase>
  <testcase name="testAddAll[3]" classname="org.springframework.data.redis.support.collections.RedisSetTests" time="0">
    <error message="Could not initialize class org.springframework.data.redis.test.util.MinimumRedisVersionRule" type="java.lang.NoClassDefFoundError"><![CDATA[java.lang.NoClassDefFoundError: Could not initialize class org.springframework.data.redis.test.util.MinimumRedisVersionRule
	at org.springframework.data.redis.support.collections.RedisSetTests.<init>(RedisSetTests.java:38)
]]></error>
  </testcase>
  <testcase name="removeAll[3]" classname="org.springframework.data.redis.support.collections.RedisSetTests" time="0">
    <error message="Could not initialize class org.springframework.data.redis.test.util.MinimumRedisVersionRule" type="java.lang.NoClassDefFoundError"><![CDATA[java.lang.NoClassDefFoundError: Could not initialize class org.springframework.data.redis.test.util.MinimumRedisVersionRule
	at org.springframework.data.redis.support.collections.RedisSetTests.<init>(RedisSetTests.java:38)
]]></error>
  </testcase>
  <testcase name="testEquals[3]" classname="org.springframework.data.redis.support.collections.RedisSetTests" time="0">
    <error message="Could not initialize class org.springframework.data.redis.test.util.MinimumRedisVersionRule" type="java.lang.NoClassDefFoundError"><![CDATA[java.lang.NoClassDefFoundError: Could not initialize class org.springframework.data.redis.test.util.MinimumRedisVersionRule
	at org.springframework.data.redis.support.collections.RedisSetTests.<init>(RedisSetTests.java:38)
]]></error>
  </testcase>
  <testcase name="testGetKey[3]" classname="org.springframework.data.redis.support.collections.RedisSetTests" time="0">
    <error message="Could not initialize class org.springframework.data.redis.test.util.MinimumRedisVersionRule" type="java.lang.NoClassDefFoundError"><![CDATA[java.lang.NoClassDefFoundError: Could not initialize class org.springframework.data.redis.test.util.MinimumRedisVersionRule
	at org.springframework.data.redis.support.collections.RedisSetTests.<init>(RedisSetTests.java:38)
]]></error>
  </testcase>
  <testcase name="testIsEmpty[3]" classname="org.springframework.data.redis.support.collections.RedisSetTests" time="0">
    <error message="Could not initialize class org.springframework.data.redis.test.util.MinimumRedisVersionRule" type="java.lang.NoClassDefFoundError"><![CDATA[java.lang.NoClassDefFoundError: Could not initialize class org.springframework.data.redis.test.util.MinimumRedisVersionRule
	at org.springframework.data.redis.support.collections.RedisSetTests.<init>(RedisSetTests.java:38)
]]></error>
  </testcase>
  <testcase name="testDiffAndStore[4]" classname="org.springframework.data.redis.support.collections.RedisSetTests" time="0">
    <error message="Could not initialize class org.springframework.data.redis.test.util.MinimumRedisVersionRule" type="java.lang.NoClassDefFoundError"><![CDATA[java.lang.NoClassDefFoundError: Could not initialize class org.springframework.data.redis.test.util.MinimumRedisVersionRule
	at org.springframework.data.redis.support.collections.RedisSetTests.<init>(RedisSetTests.java:38)
]]></error>
  </testcase>
  <testcase name="testToArray[4]" classname="org.springframework.data.redis.support.collections.RedisSetTests" time="0">
    <error message="Could not initialize class org.springframework.data.redis.test.util.MinimumRedisVersionRule" type="java.lang.NoClassDefFoundError"><![CDATA[java.lang.NoClassDefFoundError: Could not initialize class org.springframework.data.redis.test.util.MinimumRedisVersionRule
	at org.springframework.data.redis.support.collections.RedisSetTests.<init>(RedisSetTests.java:38)
]]></error>
  </testcase>
  <testcase name="testUnion[4]" classname="org.springframework.data.redis.support.collections.RedisSetTests" time="0.001">
    <error message="Could not initialize class org.springframework.data.redis.test.util.MinimumRedisVersionRule" type="java.lang.NoClassDefFoundError"><![CDATA[java.lang.NoClassDefFoundError: Could not initialize class org.springframework.data.redis.test.util.MinimumRedisVersionRule
	at org.springframework.data.redis.support.collections.RedisSetTests.<init>(RedisSetTests.java:38)
]]></error>
  </testcase>
  <testcase name="testDiff[4]" classname="org.springframework.data.redis.support.collections.RedisSetTests" time="0">
    <error message="Could not initialize class org.springframework.data.redis.test.util.MinimumRedisVersionRule" type="java.lang.NoClassDefFoundError"><![CDATA[java.lang.NoClassDefFoundError: Could not initialize class org.springframework.data.redis.test.util.MinimumRedisVersionRule
	at org.springframework.data.redis.support.collections.RedisSetTests.<init>(RedisSetTests.java:38)
]]></error>
  </testcase>
  <testcase name="testScanWorksCorrectly[4]" classname="org.springframework.data.redis.support.collections.RedisSetTests" time="0">
    <error message="Could not initialize class org.springframework.data.redis.test.util.MinimumRedisVersionRule" type="java.lang.NoClassDefFoundError"><![CDATA[java.lang.NoClassDefFoundError: Could not initialize class org.springframework.data.redis.test.util.MinimumRedisVersionRule
	at org.springframework.data.redis.support.collections.RedisSetTests.<init>(RedisSetTests.java:38)
]]></error>
  </testcase>
  <testcase name="testUnionAndStore[4]" classname="org.springframework.data.redis.support.collections.RedisSetTests" time="0">
    <error message="Could not initialize class org.springframework.data.redis.test.util.MinimumRedisVersionRule" type="java.lang.NoClassDefFoundError"><![CDATA[java.lang.NoClassDefFoundError: Could not initialize class org.springframework.data.redis.test.util.MinimumRedisVersionRule
	at org.springframework.data.redis.support.collections.RedisSetTests.<init>(RedisSetTests.java:38)
]]></error>
  </testcase>
  <testcase name="testIntersect[4]" classname="org.springframework.data.redis.support.collections.RedisSetTests" time="0">
    <error message="Could not initialize class org.springframework.data.redis.test.util.MinimumRedisVersionRule" type="java.lang.NoClassDefFoundError"><![CDATA[java.lang.NoClassDefFoundError: Could not initialize class org.springframework.data.redis.test.util.MinimumRedisVersionRule
	at org.springframework.data.redis.support.collections.RedisSetTests.<init>(RedisSetTests.java:38)
]]></error>
  </testcase>
  <testcase name="testToArrayWithGenerics[4]" classname="org.springframework.data.redis.support.collections.RedisSetTests" time="0.001">
    <error message="Could not initialize class org.springframework.data.redis.test.util.MinimumRedisVersionRule" type="java.lang.NoClassDefFoundError"><![CDATA[java.lang.NoClassDefFoundError: Could not initialize class org.springframework.data.redis.test.util.MinimumRedisVersionRule
	at org.springframework.data.redis.support.collections.RedisSetTests.<init>(RedisSetTests.java:38)
]]></error>
  </testcase>
  <testcase name="testIterator[4]" classname="org.springframework.data.redis.support.collections.RedisSetTests" time="0">
    <error message="Could not initialize class org.springframework.data.redis.test.util.MinimumRedisVersionRule" type="java.lang.NoClassDefFoundError"><![CDATA[java.lang.NoClassDefFoundError: Could not initialize class org.springframework.data.redis.test.util.MinimumRedisVersionRule
	at org.springframework.data.redis.support.collections.RedisSetTests.<init>(RedisSetTests.java:38)
]]></error>
  </testcase>
  <testcase name="testContainsObject[4]" classname="org.springframework.data.redis.support.collections.RedisSetTests" time="0">
    <error message="Could not initialize class org.springframework.data.redis.test.util.MinimumRedisVersionRule" type="java.lang.NoClassDefFoundError"><![CDATA[java.lang.NoClassDefFoundError: Could not initialize class org.springframework.data.redis.test.util.MinimumRedisVersionRule
	at org.springframework.data.redis.support.collections.RedisSetTests.<init>(RedisSetTests.java:38)
]]></error>
  </testcase>
  <testcase name="testAdd[4]" classname="org.springframework.data.redis.support.collections.RedisSetTests" time="0">
    <error message="Could not initialize class org.springframework.data.redis.test.util.MinimumRedisVersionRule" type="java.lang.NoClassDefFoundError"><![CDATA[java.lang.NoClassDefFoundError: Could not initialize class org.springframework.data.redis.test.util.MinimumRedisVersionRule
	at org.springframework.data.redis.support.collections.RedisSetTests.<init>(RedisSetTests.java:38)
]]></error>
  </testcase>
  <testcase name="testClear[4]" classname="org.springframework.data.redis.support.collections.RedisSetTests" time="0">
    <error message="Could not initialize class org.springframework.data.redis.test.util.MinimumRedisVersionRule" type="java.lang.NoClassDefFoundError"><![CDATA[java.lang.NoClassDefFoundError: Could not initialize class org.springframework.data.redis.test.util.MinimumRedisVersionRule
	at org.springframework.data.redis.support.collections.RedisSetTests.<init>(RedisSetTests.java:38)
]]></error>
  </testcase>
  <testcase name="testSize[4]" classname="org.springframework.data.redis.support.collections.RedisSetTests" time="0">
    <error message="Could not initialize class org.springframework.data.redis.test.util.MinimumRedisVersionRule" type="java.lang.NoClassDefFoundError"><![CDATA[java.lang.NoClassDefFoundError: Could not initialize class org.springframework.data.redis.test.util.MinimumRedisVersionRule
	at org.springframework.data.redis.support.collections.RedisSetTests.<init>(RedisSetTests.java:38)
]]></error>
  </testcase>
  <testcase name="testToString[4]" classname="org.springframework.data.redis.support.collections.RedisSetTests" time="0">
    <error message="Could not initialize class org.springframework.data.redis.test.util.MinimumRedisVersionRule" type="java.lang.NoClassDefFoundError"><![CDATA[java.lang.NoClassDefFoundError: Could not initialize class org.springframework.data.redis.test.util.MinimumRedisVersionRule
	at org.springframework.data.redis.support.collections.RedisSetTests.<init>(RedisSetTests.java:38)
]]></error>
  </testcase>
  <testcase name="testContainsAll[4]" classname="org.springframework.data.redis.support.collections.RedisSetTests" time="0">
    <error message="Could not initialize class org.springframework.data.redis.test.util.MinimumRedisVersionRule" type="java.lang.NoClassDefFoundError"><![CDATA[java.lang.NoClassDefFoundError: Could not initialize class org.springframework.data.redis.test.util.MinimumRedisVersionRule
	at org.springframework.data.redis.support.collections.RedisSetTests.<init>(RedisSetTests.java:38)
]]></error>
  </testcase>
  <testcase name="testRemoveObject[4]" classname="org.springframework.data.redis.support.collections.RedisSetTests" time="0">
    <error message="Could not initialize class org.springframework.data.redis.test.util.MinimumRedisVersionRule" type="java.lang.NoClassDefFoundError"><![CDATA[java.lang.NoClassDefFoundError: Could not initialize class org.springframework.data.redis.test.util.MinimumRedisVersionRule
	at org.springframework.data.redis.support.collections.RedisSetTests.<init>(RedisSetTests.java:38)
]]></error>
  </testcase>
  <testcase name="testHashCode[4]" classname="org.springframework.data.redis.support.collections.RedisSetTests" time="0">
    <error message="Could not initialize class org.springframework.data.redis.test.util.MinimumRedisVersionRule" type="java.lang.NoClassDefFoundError"><![CDATA[java.lang.NoClassDefFoundError: Could not initialize class org.springframework.data.redis.test.util.MinimumRedisVersionRule
	at org.springframework.data.redis.support.collections.RedisSetTests.<init>(RedisSetTests.java:38)
]]></error>
  </testcase>
  <testcase name="testAddAll[4]" classname="org.springframework.data.redis.support.collections.RedisSetTests" time="0">
    <error message="Could not initialize class org.springframework.data.redis.test.util.MinimumRedisVersionRule" type="java.lang.NoClassDefFoundError"><![CDATA[java.lang.NoClassDefFoundError: Could not initialize class org.springframework.data.redis.test.util.MinimumRedisVersionRule
	at org.springframework.data.redis.support.collections.RedisSetTests.<init>(RedisSetTests.java:38)
]]></error>
  </testcase>
  <testcase name="removeAll[4]" classname="org.springframework.data.redis.support.collections.RedisSetTests" time="0">
    <error message="Could not initialize class org.springframework.data.redis.test.util.MinimumRedisVersionRule" type="java.lang.NoClassDefFoundError"><![CDATA[java.lang.NoClassDefFoundError: Could not initialize class org.springframework.data.redis.test.util.MinimumRedisVersionRule
	at org.springframework.data.redis.support.collections.RedisSetTests.<init>(RedisSetTests.java:38)
]]></error>
  </testcase>
  <testcase name="testEquals[4]" classname="org.springframework.data.redis.support.collections.RedisSetTests" time="0">
    <error message="Could not initialize class org.springframework.data.redis.test.util.MinimumRedisVersionRule" type="java.lang.NoClassDefFoundError"><![CDATA[java.lang.NoClassDefFoundError: Could not initialize class org.springframework.data.redis.test.util.MinimumRedisVersionRule
	at org.springframework.data.redis.support.collections.RedisSetTests.<init>(RedisSetTests.java:38)
]]></error>
  </testcase>
  <testcase name="testGetKey[4]" classname="org.springframework.data.redis.support.collections.RedisSetTests" time="0">
    <error message="Could not initialize class org.springframework.data.redis.test.util.MinimumRedisVersionRule" type="java.lang.NoClassDefFoundError"><![CDATA[java.lang.NoClassDefFoundError: Could not initialize class org.springframework.data.redis.test.util.MinimumRedisVersionRule
	at org.springframework.data.redis.support.collections.RedisSetTests.<init>(RedisSetTests.java:38)
]]></error>
  </testcase>
  <testcase name="testIsEmpty[4]" classname="org.springframework.data.redis.support.collections.RedisSetTests" time="0">
    <error message="Could not initialize class org.springframework.data.redis.test.util.MinimumRedisVersionRule" type="java.lang.NoClassDefFoundError"><![CDATA[java.lang.NoClassDefFoundError: Could not initialize class org.springframework.data.redis.test.util.MinimumRedisVersionRule
	at org.springframework.data.redis.support.collections.RedisSetTests.<init>(RedisSetTests.java:38)
]]></error>
  </testcase>
  <testcase name="testDiffAndStore[5]" classname="org.springframework.data.redis.support.collections.RedisSetTests" time="0">
    <error message="Could not initialize class org.springframework.data.redis.test.util.MinimumRedisVersionRule" type="java.lang.NoClassDefFoundError"><![CDATA[java.lang.NoClassDefFoundError: Could not initialize class org.springframework.data.redis.test.util.MinimumRedisVersionRule
	at org.springframework.data.redis.support.collections.RedisSetTests.<init>(RedisSetTests.java:38)
]]></error>
  </testcase>
  <testcase name="testToArray[5]" classname="org.springframework.data.redis.support.collections.RedisSetTests" time="0">
    <error message="Could not initialize class org.springframework.data.redis.test.util.MinimumRedisVersionRule" type="java.lang.NoClassDefFoundError"><![CDATA[java.lang.NoClassDefFoundError: Could not initialize class org.springframework.data.redis.test.util.MinimumRedisVersionRule
	at org.springframework.data.redis.support.collections.RedisSetTests.<init>(RedisSetTests.java:38)
]]></error>
  </testcase>
  <testcase name="testUnion[5]" classname="org.springframework.data.redis.support.collections.RedisSetTests" time="0">
    <error message="Could not initialize class org.springframework.data.redis.test.util.MinimumRedisVersionRule" type="java.lang.NoClassDefFoundError"><![CDATA[java.lang.NoClassDefFoundError: Could not initialize class org.springframework.data.redis.test.util.MinimumRedisVersionRule
	at org.springframework.data.redis.support.collections.RedisSetTests.<init>(RedisSetTests.java:38)
]]></error>
  </testcase>
  <testcase name="testDiff[5]" classname="org.springframework.data.redis.support.collections.RedisSetTests" time="0">
    <error message="Could not initialize class org.springframework.data.redis.test.util.MinimumRedisVersionRule" type="java.lang.NoClassDefFoundError"><![CDATA[java.lang.NoClassDefFoundError: Could not initialize class org.springframework.data.redis.test.util.MinimumRedisVersionRule
	at org.springframework.data.redis.support.collections.RedisSetTests.<init>(RedisSetTests.java:38)
]]></error>
  </testcase>
  <testcase name="testScanWorksCorrectly[5]" classname="org.springframework.data.redis.support.collections.RedisSetTests" time="0">
    <error message="Could not initialize class org.springframework.data.redis.test.util.MinimumRedisVersionRule" type="java.lang.NoClassDefFoundError"><![CDATA[java.lang.NoClassDefFoundError: Could not initialize class org.springframework.data.redis.test.util.MinimumRedisVersionRule
	at org.springframework.data.redis.support.collections.RedisSetTests.<init>(RedisSetTests.java:38)
]]></error>
  </testcase>
  <testcase name="testUnionAndStore[5]" classname="org.springframework.data.redis.support.collections.RedisSetTests" time="0">
    <error message="Could not initialize class org.springframework.data.redis.test.util.MinimumRedisVersionRule" type="java.lang.NoClassDefFoundError"><![CDATA[java.lang.NoClassDefFoundError: Could not initialize class org.springframework.data.redis.test.util.MinimumRedisVersionRule
	at org.springframework.data.redis.support.collections.RedisSetTests.<init>(RedisSetTests.java:38)
]]></error>
  </testcase>
  <testcase name="testIntersect[5]" classname="org.springframework.data.redis.support.collections.RedisSetTests" time="0">
    <error message="Could not initialize class org.springframework.data.redis.test.util.MinimumRedisVersionRule" type="java.lang.NoClassDefFoundError"><![CDATA[java.lang.NoClassDefFoundError: Could not initialize class org.springframework.data.redis.test.util.MinimumRedisVersionRule
	at org.springframework.data.redis.support.collections.RedisSetTests.<init>(RedisSetTests.java:38)
]]></error>
  </testcase>
  <testcase name="testToArrayWithGenerics[5]" classname="org.springframework.data.redis.support.collections.RedisSetTests" time="0">
    <error message="Could not initialize class org.springframework.data.redis.test.util.MinimumRedisVersionRule" type="java.lang.NoClassDefFoundError"><![CDATA[java.lang.NoClassDefFoundError: Could not initialize class org.springframework.data.redis.test.util.MinimumRedisVersionRule
	at org.springframework.data.redis.support.collections.RedisSetTests.<init>(RedisSetTests.java:38)
]]></error>
  </testcase>
  <testcase name="testIterator[5]" classname="org.springframework.data.redis.support.collections.RedisSetTests" time="0">
    <error message="Could not initialize class org.springframework.data.redis.test.util.MinimumRedisVersionRule" type="java.lang.NoClassDefFoundError"><![CDATA[java.lang.NoClassDefFoundError: Could not initialize class org.springframework.data.redis.test.util.MinimumRedisVersionRule
	at org.springframework.data.redis.support.collections.RedisSetTests.<init>(RedisSetTests.java:38)
]]></error>
  </testcase>
  <testcase name="testContainsObject[5]" classname="org.springframework.data.redis.support.collections.RedisSetTests" time="0">
    <error message="Could not initialize class org.springframework.data.redis.test.util.MinimumRedisVersionRule" type="java.lang.NoClassDefFoundError"><![CDATA[java.lang.NoClassDefFoundError: Could not initialize class org.springframework.data.redis.test.util.MinimumRedisVersionRule
	at org.springframework.data.redis.support.collections.RedisSetTests.<init>(RedisSetTests.java:38)
]]></error>
  </testcase>
  <testcase name="testAdd[5]" classname="org.springframework.data.redis.support.collections.RedisSetTests" time="0">
    <error message="Could not initialize class org.springframework.data.redis.test.util.MinimumRedisVersionRule" type="java.lang.NoClassDefFoundError"><![CDATA[java.lang.NoClassDefFoundError: Could not initialize class org.springframework.data.redis.test.util.MinimumRedisVersionRule
	at org.springframework.data.redis.support.collections.RedisSetTests.<init>(RedisSetTests.java:38)
]]></error>
  </testcase>
  <testcase name="testClear[5]" classname="org.springframework.data.redis.support.collections.RedisSetTests" time="0">
    <error message="Could not initialize class org.springframework.data.redis.test.util.MinimumRedisVersionRule" type="java.lang.NoClassDefFoundError"><![CDATA[java.lang.NoClassDefFoundError: Could not initialize class org.springframework.data.redis.test.util.MinimumRedisVersionRule
	at org.springframework.data.redis.support.collections.RedisSetTests.<init>(RedisSetTests.java:38)
]]></error>
  </testcase>
  <testcase name="testSize[5]" classname="org.springframework.data.redis.support.collections.RedisSetTests" time="0">
    <error message="Could not initialize class org.springframework.data.redis.test.util.MinimumRedisVersionRule" type="java.lang.NoClassDefFoundError"><![CDATA[java.lang.NoClassDefFoundError: Could not initialize class org.springframework.data.redis.test.util.MinimumRedisVersionRule
	at org.springframework.data.redis.support.collections.RedisSetTests.<init>(RedisSetTests.java:38)
]]></error>
  </testcase>
  <testcase name="testToString[5]" classname="org.springframework.data.redis.support.collections.RedisSetTests" time="0">
    <error message="Could not initialize class org.springframework.data.redis.test.util.MinimumRedisVersionRule" type="java.lang.NoClassDefFoundError"><![CDATA[java.lang.NoClassDefFoundError: Could not initialize class org.springframework.data.redis.test.util.MinimumRedisVersionRule
	at org.springframework.data.redis.support.collections.RedisSetTests.<init>(RedisSetTests.java:38)
]]></error>
  </testcase>
  <testcase name="testContainsAll[5]" classname="org.springframework.data.redis.support.collections.RedisSetTests" time="0">
    <error message="Could not initialize class org.springframework.data.redis.test.util.MinimumRedisVersionRule" type="java.lang.NoClassDefFoundError"><![CDATA[java.lang.NoClassDefFoundError: Could not initialize class org.springframework.data.redis.test.util.MinimumRedisVersionRule
	at org.springframework.data.redis.support.collections.RedisSetTests.<init>(RedisSetTests.java:38)
]]></error>
  </testcase>
  <testcase name="testRemoveObject[5]" classname="org.springframework.data.redis.support.collections.RedisSetTests" time="0.001">
    <error message="Could not initialize class org.springframework.data.redis.test.util.MinimumRedisVersionRule" type="java.lang.NoClassDefFoundError"><![CDATA[java.lang.NoClassDefFoundError: Could not initialize class org.springframework.data.redis.test.util.MinimumRedisVersionRule
	at org.springframework.data.redis.support.collections.RedisSetTests.<init>(RedisSetTests.java:38)
]]></error>
  </testcase>
  <testcase name="testHashCode[5]" classname="org.springframework.data.redis.support.collections.RedisSetTests" time="0">
    <error message="Could not initialize class org.springframework.data.redis.test.util.MinimumRedisVersionRule" type="java.lang.NoClassDefFoundError"><![CDATA[java.lang.NoClassDefFoundError: Could not initialize class org.springframework.data.redis.test.util.MinimumRedisVersionRule
	at org.springframework.data.redis.support.collections.RedisSetTests.<init>(RedisSetTests.java:38)
]]></error>
  </testcase>
  <testcase name="testAddAll[5]" classname="org.springframework.data.redis.support.collections.RedisSetTests" time="0">
    <error message="Could not initialize class org.springframework.data.redis.test.util.MinimumRedisVersionRule" type="java.lang.NoClassDefFoundError"><![CDATA[java.lang.NoClassDefFoundError: Could not initialize class org.springframework.data.redis.test.util.MinimumRedisVersionRule
	at org.springframework.data.redis.support.collections.RedisSetTests.<init>(RedisSetTests.java:38)
]]></error>
  </testcase>
  <testcase name="removeAll[5]" classname="org.springframework.data.redis.support.collections.RedisSetTests" time="0">
    <error message="Could not initialize class org.springframework.data.redis.test.util.MinimumRedisVersionRule" type="java.lang.NoClassDefFoundError"><![CDATA[java.lang.NoClassDefFoundError: Could not initialize class org.springframework.data.redis.test.util.MinimumRedisVersionRule
	at org.springframework.data.redis.support.collections.RedisSetTests.<init>(RedisSetTests.java:38)
]]></error>
  </testcase>
  <testcase name="testEquals[5]" classname="org.springframework.data.redis.support.collections.RedisSetTests" time="0">
    <error message="Could not initialize class org.springframework.data.redis.test.util.MinimumRedisVersionRule" type="java.lang.NoClassDefFoundError"><![CDATA[java.lang.NoClassDefFoundError: Could not initialize class org.springframework.data.redis.test.util.MinimumRedisVersionRule
	at org.springframework.data.redis.support.collections.RedisSetTests.<init>(RedisSetTests.java:38)
]]></error>
  </testcase>
  <testcase name="testGetKey[5]" classname="org.springframework.data.redis.support.collections.RedisSetTests" time="0">
    <error message="Could not initialize class org.springframework.data.redis.test.util.MinimumRedisVersionRule" type="java.lang.NoClassDefFoundError"><![CDATA[java.lang.NoClassDefFoundError: Could not initialize class org.springframework.data.redis.test.util.MinimumRedisVersionRule
	at org.springframework.data.redis.support.collections.RedisSetTests.<init>(RedisSetTests.java:38)
]]></error>
  </testcase>
  <testcase name="testIsEmpty[5]" classname="org.springframework.data.redis.support.collections.RedisSetTests" time="0">
    <error message="Could not initialize class org.springframework.data.redis.test.util.MinimumRedisVersionRule" type="java.lang.NoClassDefFoundError"><![CDATA[java.lang.NoClassDefFoundError: Could not initialize class org.springframework.data.redis.test.util.MinimumRedisVersionRule
	at org.springframework.data.redis.support.collections.RedisSetTests.<init>(RedisSetTests.java:38)
]]></error>
  </testcase>
  <testcase name="testDiffAndStore[6]" classname="org.springframework.data.redis.support.collections.RedisSetTests" time="0">
    <error message="Could not initialize class org.springframework.data.redis.test.util.MinimumRedisVersionRule" type="java.lang.NoClassDefFoundError"><![CDATA[java.lang.NoClassDefFoundError: Could not initialize class org.springframework.data.redis.test.util.MinimumRedisVersionRule
	at org.springframework.data.redis.support.collections.RedisSetTests.<init>(RedisSetTests.java:38)
]]></error>
  </testcase>
  <testcase name="testToArray[6]" classname="org.springframework.data.redis.support.collections.RedisSetTests" time="0">
    <error message="Could not initialize class org.springframework.data.redis.test.util.MinimumRedisVersionRule" type="java.lang.NoClassDefFoundError"><![CDATA[java.lang.NoClassDefFoundError: Could not initialize class org.springframework.data.redis.test.util.MinimumRedisVersionRule
	at org.springframework.data.redis.support.collections.RedisSetTests.<init>(RedisSetTests.java:38)
]]></error>
  </testcase>
  <testcase name="testUnion[6]" classname="org.springframework.data.redis.support.collections.RedisSetTests" time="0.001">
    <error message="Could not initialize class org.springframework.data.redis.test.util.MinimumRedisVersionRule" type="java.lang.NoClassDefFoundError"><![CDATA[java.lang.NoClassDefFoundError: Could not initialize class org.springframework.data.redis.test.util.MinimumRedisVersionRule
	at org.springframework.data.redis.support.collections.RedisSetTests.<init>(RedisSetTests.java:38)
]]></error>
  </testcase>
  <testcase name="testDiff[6]" classname="org.springframework.data.redis.support.collections.RedisSetTests" time="0">
    <error message="Could not initialize class org.springframework.data.redis.test.util.MinimumRedisVersionRule" type="java.lang.NoClassDefFoundError"><![CDATA[java.lang.NoClassDefFoundError: Could not initialize class org.springframework.data.redis.test.util.MinimumRedisVersionRule
	at org.springframework.data.redis.support.collections.RedisSetTests.<init>(RedisSetTests.java:38)
]]></error>
  </testcase>
  <testcase name="testScanWorksCorrectly[6]" classname="org.springframework.data.redis.support.collections.RedisSetTests" time="0">
    <error message="Could not initialize class org.springframework.data.redis.test.util.MinimumRedisVersionRule" type="java.lang.NoClassDefFoundError"><![CDATA[java.lang.NoClassDefFoundError: Could not initialize class org.springframework.data.redis.test.util.MinimumRedisVersionRule
	at org.springframework.data.redis.support.collections.RedisSetTests.<init>(RedisSetTests.java:38)
]]></error>
  </testcase>
  <testcase name="testUnionAndStore[6]" classname="org.springframework.data.redis.support.collections.RedisSetTests" time="0">
    <error message="Could not initialize class org.springframework.data.redis.test.util.MinimumRedisVersionRule" type="java.lang.NoClassDefFoundError"><![CDATA[java.lang.NoClassDefFoundError: Could not initialize class org.springframework.data.redis.test.util.MinimumRedisVersionRule
	at org.springframework.data.redis.support.collections.RedisSetTests.<init>(RedisSetTests.java:38)
]]></error>
  </testcase>
  <testcase name="testIntersect[6]" classname="org.springframework.data.redis.support.collections.RedisSetTests" time="0">
    <error message="Could not initialize class org.springframework.data.redis.test.util.MinimumRedisVersionRule" type="java.lang.NoClassDefFoundError"><![CDATA[java.lang.NoClassDefFoundError: Could not initialize class org.springframework.data.redis.test.util.MinimumRedisVersionRule
	at org.springframework.data.redis.support.collections.RedisSetTests.<init>(RedisSetTests.java:38)
]]></error>
  </testcase>
  <testcase name="testToArrayWithGenerics[6]" classname="org.springframework.data.redis.support.collections.RedisSetTests" time="0.001">
    <error message="Could not initialize class org.springframework.data.redis.test.util.MinimumRedisVersionRule" type="java.lang.NoClassDefFoundError"><![CDATA[java.lang.NoClassDefFoundError: Could not initialize class org.springframework.data.redis.test.util.MinimumRedisVersionRule
	at org.springframework.data.redis.support.collections.RedisSetTests.<init>(RedisSetTests.java:38)
]]></error>
  </testcase>
  <testcase name="testIterator[6]" classname="org.springframework.data.redis.support.collections.RedisSetTests" time="0">
    <error message="Could not initialize class org.springframework.data.redis.test.util.MinimumRedisVersionRule" type="java.lang.NoClassDefFoundError"><![CDATA[java.lang.NoClassDefFoundError: Could not initialize class org.springframework.data.redis.test.util.MinimumRedisVersionRule
	at org.springframework.data.redis.support.collections.RedisSetTests.<init>(RedisSetTests.java:38)
]]></error>
  </testcase>
  <testcase name="testContainsObject[6]" classname="org.springframework.data.redis.support.collections.RedisSetTests" time="0">
    <error message="Could not initialize class org.springframework.data.redis.test.util.MinimumRedisVersionRule" type="java.lang.NoClassDefFoundError"><![CDATA[java.lang.NoClassDefFoundError: Could not initialize class org.springframework.data.redis.test.util.MinimumRedisVersionRule
	at org.springframework.data.redis.support.collections.RedisSetTests.<init>(RedisSetTests.java:38)
]]></error>
  </testcase>
  <testcase name="testAdd[6]" classname="org.springframework.data.redis.support.collections.RedisSetTests" time="0">
    <error message="Could not initialize class org.springframework.data.redis.test.util.MinimumRedisVersionRule" type="java.lang.NoClassDefFoundError"><![CDATA[java.lang.NoClassDefFoundError: Could not initialize class org.springframework.data.redis.test.util.MinimumRedisVersionRule
	at org.springframework.data.redis.support.collections.RedisSetTests.<init>(RedisSetTests.java:38)
]]></error>
  </testcase>
  <testcase name="testClear[6]" classname="org.springframework.data.redis.support.collections.RedisSetTests" time="0">
    <error message="Could not initialize class org.springframework.data.redis.test.util.MinimumRedisVersionRule" type="java.lang.NoClassDefFoundError"><![CDATA[java.lang.NoClassDefFoundError: Could not initialize class org.springframework.data.redis.test.util.MinimumRedisVersionRule
	at org.springframework.data.redis.support.collections.RedisSetTests.<init>(RedisSetTests.java:38)
]]></error>
  </testcase>
  <testcase name="testSize[6]" classname="org.springframework.data.redis.support.collections.RedisSetTests" time="0">
    <error message="Could not initialize class org.springframework.data.redis.test.util.MinimumRedisVersionRule" type="java.lang.NoClassDefFoundError"><![CDATA[java.lang.NoClassDefFoundError: Could not initialize class org.springframework.data.redis.test.util.MinimumRedisVersionRule
	at org.springframework.data.redis.support.collections.RedisSetTests.<init>(RedisSetTests.java:38)
]]></error>
  </testcase>
  <testcase name="testToString[6]" classname="org.springframework.data.redis.support.collections.RedisSetTests" time="0.001">
    <error message="Could not initialize class org.springframework.data.redis.test.util.MinimumRedisVersionRule" type="java.lang.NoClassDefFoundError"><![CDATA[java.lang.NoClassDefFoundError: Could not initialize class org.springframework.data.redis.test.util.MinimumRedisVersionRule
	at org.springframework.data.redis.support.collections.RedisSetTests.<init>(RedisSetTests.java:38)
]]></error>
  </testcase>
  <testcase name="testContainsAll[6]" classname="org.springframework.data.redis.support.collections.RedisSetTests" time="0">
    <error message="Could not initialize class org.springframework.data.redis.test.util.MinimumRedisVersionRule" type="java.lang.NoClassDefFoundError"><![CDATA[java.lang.NoClassDefFoundError: Could not initialize class org.springframework.data.redis.test.util.MinimumRedisVersionRule
	at org.springframework.data.redis.support.collections.RedisSetTests.<init>(RedisSetTests.java:38)
]]></error>
  </testcase>
  <testcase name="testRemoveObject[6]" classname="org.springframework.data.redis.support.collections.RedisSetTests" time="0">
    <error message="Could not initialize class org.springframework.data.redis.test.util.MinimumRedisVersionRule" type="java.lang.NoClassDefFoundError"><![CDATA[java.lang.NoClassDefFoundError: Could not initialize class org.springframework.data.redis.test.util.MinimumRedisVersionRule
	at org.springframework.data.redis.support.collections.RedisSetTests.<init>(RedisSetTests.java:38)
]]></error>
  </testcase>
  <testcase name="testHashCode[6]" classname="org.springframework.data.redis.support.collections.RedisSetTests" time="0">
    <error message="Could not initialize class org.springframework.data.redis.test.util.MinimumRedisVersionRule" type="java.lang.NoClassDefFoundError"><![CDATA[java.lang.NoClassDefFoundError: Could not initialize class org.springframework.data.redis.test.util.MinimumRedisVersionRule
	at org.springframework.data.redis.support.collections.RedisSetTests.<init>(RedisSetTests.java:38)
]]></error>
  </testcase>
  <testcase name="testAddAll[6]" classname="org.springframework.data.redis.support.collections.RedisSetTests" time="0">
    <error message="Could not initialize class org.springframework.data.redis.test.util.MinimumRedisVersionRule" type="java.lang.NoClassDefFoundError"><![CDATA[java.lang.NoClassDefFoundError: Could not initialize class org.springframework.data.redis.test.util.MinimumRedisVersionRule
	at org.springframework.data.redis.support.collections.RedisSetTests.<init>(RedisSetTests.java:38)
]]></error>
  </testcase>
  <testcase name="removeAll[6]" classname="org.springframework.data.redis.support.collections.RedisSetTests" time="0.001">
    <error message="Could not initialize class org.springframework.data.redis.test.util.MinimumRedisVersionRule" type="java.lang.NoClassDefFoundError"><![CDATA[java.lang.NoClassDefFoundError: Could not initialize class org.springframework.data.redis.test.util.MinimumRedisVersionRule
	at org.springframework.data.redis.support.collections.RedisSetTests.<init>(RedisSetTests.java:38)
]]></error>
  </testcase>
  <testcase name="testEquals[6]" classname="org.springframework.data.redis.support.collections.RedisSetTests" time="0">
    <error message="Could not initialize class org.springframework.data.redis.test.util.MinimumRedisVersionRule" type="java.lang.NoClassDefFoundError"><![CDATA[java.lang.NoClassDefFoundError: Could not initialize class org.springframework.data.redis.test.util.MinimumRedisVersionRule
	at org.springframework.data.redis.support.collections.RedisSetTests.<init>(RedisSetTests.java:38)
]]></error>
  </testcase>
  <testcase name="testGetKey[6]" classname="org.springframework.data.redis.support.collections.RedisSetTests" time="0">
    <error message="Could not initialize class org.springframework.data.redis.test.util.MinimumRedisVersionRule" type="java.lang.NoClassDefFoundError"><![CDATA[java.lang.NoClassDefFoundError: Could not initialize class org.springframework.data.redis.test.util.MinimumRedisVersionRule
	at org.springframework.data.redis.support.collections.RedisSetTests.<init>(RedisSetTests.java:38)
]]></error>
  </testcase>
  <testcase name="testIsEmpty[6]" classname="org.springframework.data.redis.support.collections.RedisSetTests" time="0">
    <error message="Could not initialize class org.springframework.data.redis.test.util.MinimumRedisVersionRule" type="java.lang.NoClassDefFoundError"><![CDATA[java.lang.NoClassDefFoundError: Could not initialize class org.springframework.data.redis.test.util.MinimumRedisVersionRule
	at org.springframework.data.redis.support.collections.RedisSetTests.<init>(RedisSetTests.java:38)
]]></error>
  </testcase>
  <testcase name="testDiffAndStore[7]" classname="org.springframework.data.redis.support.collections.RedisSetTests" time="0">
    <error message="Could not initialize class org.springframework.data.redis.test.util.MinimumRedisVersionRule" type="java.lang.NoClassDefFoundError"><![CDATA[java.lang.NoClassDefFoundError: Could not initialize class org.springframework.data.redis.test.util.MinimumRedisVersionRule
	at org.springframework.data.redis.support.collections.RedisSetTests.<init>(RedisSetTests.java:38)
]]></error>
  </testcase>
  <testcase name="testToArray[7]" classname="org.springframework.data.redis.support.collections.RedisSetTests" time="0.001">
    <error message="Could not initialize class org.springframework.data.redis.test.util.MinimumRedisVersionRule" type="java.lang.NoClassDefFoundError"><![CDATA[java.lang.NoClassDefFoundError: Could not initialize class org.springframework.data.redis.test.util.MinimumRedisVersionRule
	at org.springframework.data.redis.support.collections.RedisSetTests.<init>(RedisSetTests.java:38)
]]></error>
  </testcase>
  <testcase name="testUnion[7]" classname="org.springframework.data.redis.support.collections.RedisSetTests" time="0">
    <error message="Could not initialize class org.springframework.data.redis.test.util.MinimumRedisVersionRule" type="java.lang.NoClassDefFoundError"><![CDATA[java.lang.NoClassDefFoundError: Could not initialize class org.springframework.data.redis.test.util.MinimumRedisVersionRule
	at org.springframework.data.redis.support.collections.RedisSetTests.<init>(RedisSetTests.java:38)
]]></error>
  </testcase>
  <testcase name="testDiff[7]" classname="org.springframework.data.redis.support.collections.RedisSetTests" time="0">
    <error message="Could not initialize class org.springframework.data.redis.test.util.MinimumRedisVersionRule" type="java.lang.NoClassDefFoundError"><![CDATA[java.lang.NoClassDefFoundError: Could not initialize class org.springframework.data.redis.test.util.MinimumRedisVersionRule
	at org.springframework.data.redis.support.collections.RedisSetTests.<init>(RedisSetTests.java:38)
]]></error>
  </testcase>
  <testcase name="testScanWorksCorrectly[7]" classname="org.springframework.data.redis.support.collections.RedisSetTests" time="0">
    <error message="Could not initialize class org.springframework.data.redis.test.util.MinimumRedisVersionRule" type="java.lang.NoClassDefFoundError"><![CDATA[java.lang.NoClassDefFoundError: Could not initialize class org.springframework.data.redis.test.util.MinimumRedisVersionRule
	at org.springframework.data.redis.support.collections.RedisSetTests.<init>(RedisSetTests.java:38)
]]></error>
  </testcase>
  <testcase name="testUnionAndStore[7]" classname="org.springframework.data.redis.support.collections.RedisSetTests" time="0.001">
    <error message="Could not initialize class org.springframework.data.redis.test.util.MinimumRedisVersionRule" type="java.lang.NoClassDefFoundError"><![CDATA[java.lang.NoClassDefFoundError: Could not initialize class org.springframework.data.redis.test.util.MinimumRedisVersionRule
	at org.springframework.data.redis.support.collections.RedisSetTests.<init>(RedisSetTests.java:38)
]]></error>
  </testcase>
  <testcase name="testIntersect[7]" classname="org.springframework.data.redis.support.collections.RedisSetTests" time="0">
    <error message="Could not initialize class org.springframework.data.redis.test.util.MinimumRedisVersionRule" type="java.lang.NoClassDefFoundError"><![CDATA[java.lang.NoClassDefFoundError: Could not initialize class org.springframework.data.redis.test.util.MinimumRedisVersionRule
	at org.springframework.data.redis.support.collections.RedisSetTests.<init>(RedisSetTests.java:38)
]]></error>
  </testcase>
  <testcase name="testToArrayWithGenerics[7]" classname="org.springframework.data.redis.support.collections.RedisSetTests" time="0">
    <error message="Could not initialize class org.springframework.data.redis.test.util.MinimumRedisVersionRule" type="java.lang.NoClassDefFoundError"><![CDATA[java.lang.NoClassDefFoundError: Could not initialize class org.springframework.data.redis.test.util.MinimumRedisVersionRule
	at org.springframework.data.redis.support.collections.RedisSetTests.<init>(RedisSetTests.java:38)
]]></error>
  </testcase>
  <testcase name="testIterator[7]" classname="org.springframework.data.redis.support.collections.RedisSetTests" time="0">
    <error message="Could not initialize class org.springframework.data.redis.test.util.MinimumRedisVersionRule" type="java.lang.NoClassDefFoundError"><![CDATA[java.lang.NoClassDefFoundError: Could not initialize class org.springframework.data.redis.test.util.MinimumRedisVersionRule
	at org.springframework.data.redis.support.collections.RedisSetTests.<init>(RedisSetTests.java:38)
]]></error>
  </testcase>
  <testcase name="testContainsObject[7]" classname="org.springframework.data.redis.support.collections.RedisSetTests" time="0">
    <error message="Could not initialize class org.springframework.data.redis.test.util.MinimumRedisVersionRule" type="java.lang.NoClassDefFoundError"><![CDATA[java.lang.NoClassDefFoundError: Could not initialize class org.springframework.data.redis.test.util.MinimumRedisVersionRule
	at org.springframework.data.redis.support.collections.RedisSetTests.<init>(RedisSetTests.java:38)
]]></error>
  </testcase>
  <testcase name="testAdd[7]" classname="org.springframework.data.redis.support.collections.RedisSetTests" time="0.001">
    <error message="Could not initialize class org.springframework.data.redis.test.util.MinimumRedisVersionRule" type="java.lang.NoClassDefFoundError"><![CDATA[java.lang.NoClassDefFoundError: Could not initialize class org.springframework.data.redis.test.util.MinimumRedisVersionRule
	at org.springframework.data.redis.support.collections.RedisSetTests.<init>(RedisSetTests.java:38)
]]></error>
  </testcase>
  <testcase name="testClear[7]" classname="org.springframework.data.redis.support.collections.RedisSetTests" time="0">
    <error message="Could not initialize class org.springframework.data.redis.test.util.MinimumRedisVersionRule" type="java.lang.NoClassDefFoundError"><![CDATA[java.lang.NoClassDefFoundError: Could not initialize class org.springframework.data.redis.test.util.MinimumRedisVersionRule
	at org.springframework.data.redis.support.collections.RedisSetTests.<init>(RedisSetTests.java:38)
]]></error>
  </testcase>
  <testcase name="testSize[7]" classname="org.springframework.data.redis.support.collections.RedisSetTests" time="0">
    <error message="Could not initialize class org.springframework.data.redis.test.util.MinimumRedisVersionRule" type="java.lang.NoClassDefFoundError"><![CDATA[java.lang.NoClassDefFoundError: Could not initialize class org.springframework.data.redis.test.util.MinimumRedisVersionRule
	at org.springframework.data.redis.support.collections.RedisSetTests.<init>(RedisSetTests.java:38)
]]></error>
  </testcase>
  <testcase name="testToString[7]" classname="org.springframework.data.redis.support.collections.RedisSetTests" time="0">
    <error message="Could not initialize class org.springframework.data.redis.test.util.MinimumRedisVersionRule" type="java.lang.NoClassDefFoundError"><![CDATA[java.lang.NoClassDefFoundError: Could not initialize class org.springframework.data.redis.test.util.MinimumRedisVersionRule
	at org.springframework.data.redis.support.collections.RedisSetTests.<init>(RedisSetTests.java:38)
]]></error>
  </testcase>
  <testcase name="testContainsAll[7]" classname="org.springframework.data.redis.support.collections.RedisSetTests" time="0">
    <error message="Could not initialize class org.springframework.data.redis.test.util.MinimumRedisVersionRule" type="java.lang.NoClassDefFoundError"><![CDATA[java.lang.NoClassDefFoundError: Could not initialize class org.springframework.data.redis.test.util.MinimumRedisVersionRule
	at org.springframework.data.redis.support.collections.RedisSetTests.<init>(RedisSetTests.java:38)
]]></error>
  </testcase>
  <testcase name="testRemoveObject[7]" classname="org.springframework.data.redis.support.collections.RedisSetTests" time="0">
    <error message="Could not initialize class org.springframework.data.redis.test.util.MinimumRedisVersionRule" type="java.lang.NoClassDefFoundError"><![CDATA[java.lang.NoClassDefFoundError: Could not initialize class org.springframework.data.redis.test.util.MinimumRedisVersionRule
	at org.springframework.data.redis.support.collections.RedisSetTests.<init>(RedisSetTests.java:38)
]]></error>
  </testcase>
  <testcase name="testHashCode[7]" classname="org.springframework.data.redis.support.collections.RedisSetTests" time="0">
    <error message="Could not initialize class org.springframework.data.redis.test.util.MinimumRedisVersionRule" type="java.lang.NoClassDefFoundError"><![CDATA[java.lang.NoClassDefFoundError: Could not initialize class org.springframework.data.redis.test.util.MinimumRedisVersionRule
	at org.springframework.data.redis.support.collections.RedisSetTests.<init>(RedisSetTests.java:38)
]]></error>
  </testcase>
  <testcase name="testAddAll[7]" classname="org.springframework.data.redis.support.collections.RedisSetTests" time="0">
    <error message="Could not initialize class org.springframework.data.redis.test.util.MinimumRedisVersionRule" type="java.lang.NoClassDefFoundError"><![CDATA[java.lang.NoClassDefFoundError: Could not initialize class org.springframework.data.redis.test.util.MinimumRedisVersionRule
	at org.springframework.data.redis.support.collections.RedisSetTests.<init>(RedisSetTests.java:38)
]]></error>
  </testcase>
  <testcase name="removeAll[7]" classname="org.springframework.data.redis.support.collections.RedisSetTests" time="0">
    <error message="Could not initialize class org.springframework.data.redis.test.util.MinimumRedisVersionRule" type="java.lang.NoClassDefFoundError"><![CDATA[java.lang.NoClassDefFoundError: Could not initialize class org.springframework.data.redis.test.util.MinimumRedisVersionRule
	at org.springframework.data.redis.support.collections.RedisSetTests.<init>(RedisSetTests.java:38)
]]></error>
  </testcase>
  <testcase name="testEquals[7]" classname="org.springframework.data.redis.support.collections.RedisSetTests" time="0">
    <error message="Could not initialize class org.springframework.data.redis.test.util.MinimumRedisVersionRule" type="java.lang.NoClassDefFoundError"><![CDATA[java.lang.NoClassDefFoundError: Could not initialize class org.springframework.data.redis.test.util.MinimumRedisVersionRule
	at org.springframework.data.redis.support.collections.RedisSetTests.<init>(RedisSetTests.java:38)
]]></error>
  </testcase>
  <testcase name="testGetKey[7]" classname="org.springframework.data.redis.support.collections.RedisSetTests" time="0">
    <error message="Could not initialize class org.springframework.data.redis.test.util.MinimumRedisVersionRule" type="java.lang.NoClassDefFoundError"><![CDATA[java.lang.NoClassDefFoundError: Could not initialize class org.springframework.data.redis.test.util.MinimumRedisVersionRule
	at org.springframework.data.redis.support.collections.RedisSetTests.<init>(RedisSetTests.java:38)
]]></error>
  </testcase>
  <testcase name="testIsEmpty[7]" classname="org.springframework.data.redis.support.collections.RedisSetTests" time="0">
    <error message="Could not initialize class org.springframework.data.redis.test.util.MinimumRedisVersionRule" type="java.lang.NoClassDefFoundError"><![CDATA[java.lang.NoClassDefFoundError: Could not initialize class org.springframework.data.redis.test.util.MinimumRedisVersionRule
	at org.springframework.data.redis.support.collections.RedisSetTests.<init>(RedisSetTests.java:38)
]]></error>
  </testcase>
  <testcase name="testDiffAndStore[8]" classname="org.springframework.data.redis.support.collections.RedisSetTests" time="0">
    <error message="Could not initialize class org.springframework.data.redis.test.util.MinimumRedisVersionRule" type="java.lang.NoClassDefFoundError"><![CDATA[java.lang.NoClassDefFoundError: Could not initialize class org.springframework.data.redis.test.util.MinimumRedisVersionRule
	at org.springframework.data.redis.support.collections.RedisSetTests.<init>(RedisSetTests.java:38)
]]></error>
  </testcase>
  <testcase name="testToArray[8]" classname="org.springframework.data.redis.support.collections.RedisSetTests" time="0">
    <error message="Could not initialize class org.springframework.data.redis.test.util.MinimumRedisVersionRule" type="java.lang.NoClassDefFoundError"><![CDATA[java.lang.NoClassDefFoundError: Could not initialize class org.springframework.data.redis.test.util.MinimumRedisVersionRule
	at org.springframework.data.redis.support.collections.RedisSetTests.<init>(RedisSetTests.java:38)
]]></error>
  </testcase>
  <testcase name="testUnion[8]" classname="org.springframework.data.redis.support.collections.RedisSetTests" time="0">
    <error message="Could not initialize class org.springframework.data.redis.test.util.MinimumRedisVersionRule" type="java.lang.NoClassDefFoundError"><![CDATA[java.lang.NoClassDefFoundError: Could not initialize class org.springframework.data.redis.test.util.MinimumRedisVersionRule
	at org.springframework.data.redis.support.collections.RedisSetTests.<init>(RedisSetTests.java:38)
]]></error>
  </testcase>
  <testcase name="testDiff[8]" classname="org.springframework.data.redis.support.collections.RedisSetTests" time="0.001">
    <error message="Could not initialize class org.springframework.data.redis.test.util.MinimumRedisVersionRule" type="java.lang.NoClassDefFoundError"><![CDATA[java.lang.NoClassDefFoundError: Could not initialize class org.springframework.data.redis.test.util.MinimumRedisVersionRule
	at org.springframework.data.redis.support.collections.RedisSetTests.<init>(RedisSetTests.java:38)
]]></error>
  </testcase>
  <testcase name="testScanWorksCorrectly[8]" classname="org.springframework.data.redis.support.collections.RedisSetTests" time="0">
    <error message="Could not initialize class org.springframework.data.redis.test.util.MinimumRedisVersionRule" type="java.lang.NoClassDefFoundError"><![CDATA[java.lang.NoClassDefFoundError: Could not initialize class org.springframework.data.redis.test.util.MinimumRedisVersionRule
	at org.springframework.data.redis.support.collections.RedisSetTests.<init>(RedisSetTests.java:38)
]]></error>
  </testcase>
  <testcase name="testUnionAndStore[8]" classname="org.springframework.data.redis.support.collections.RedisSetTests" time="0.001">
    <error message="Could not initialize class org.springframework.data.redis.test.util.MinimumRedisVersionRule" type="java.lang.NoClassDefFoundError"><![CDATA[java.lang.NoClassDefFoundError: Could not initialize class org.springframework.data.redis.test.util.MinimumRedisVersionRule
	at org.springframework.data.redis.support.collections.RedisSetTests.<init>(RedisSetTests.java:38)
]]></error>
  </testcase>
  <testcase name="testIntersect[8]" classname="org.springframework.data.redis.support.collections.RedisSetTests" time="0.001">
    <error message="Could not initialize class org.springframework.data.redis.test.util.MinimumRedisVersionRule" type="java.lang.NoClassDefFoundError"><![CDATA[java.lang.NoClassDefFoundError: Could not initialize class org.springframework.data.redis.test.util.MinimumRedisVersionRule
	at org.springframework.data.redis.support.collections.RedisSetTests.<init>(RedisSetTests.java:38)
]]></error>
  </testcase>
  <testcase name="testToArrayWithGenerics[8]" classname="org.springframework.data.redis.support.collections.RedisSetTests" time="0">
    <error message="Could not initialize class org.springframework.data.redis.test.util.MinimumRedisVersionRule" type="java.lang.NoClassDefFoundError"><![CDATA[java.lang.NoClassDefFoundError: Could not initialize class org.springframework.data.redis.test.util.MinimumRedisVersionRule
	at org.springframework.data.redis.support.collections.RedisSetTests.<init>(RedisSetTests.java:38)
]]></error>
  </testcase>
  <testcase name="testIterator[8]" classname="org.springframework.data.redis.support.collections.RedisSetTests" time="0">
    <error message="Could not initialize class org.springframework.data.redis.test.util.MinimumRedisVersionRule" type="java.lang.NoClassDefFoundError"><![CDATA[java.lang.NoClassDefFoundError: Could not initialize class org.springframework.data.redis.test.util.MinimumRedisVersionRule
	at org.springframework.data.redis.support.collections.RedisSetTests.<init>(RedisSetTests.java:38)
]]></error>
  </testcase>
  <testcase name="testContainsObject[8]" classname="org.springframework.data.redis.support.collections.RedisSetTests" time="0">
    <error message="Could not initialize class org.springframework.data.redis.test.util.MinimumRedisVersionRule" type="java.lang.NoClassDefFoundError"><![CDATA[java.lang.NoClassDefFoundError: Could not initialize class org.springframework.data.redis.test.util.MinimumRedisVersionRule
	at org.springframework.data.redis.support.collections.RedisSetTests.<init>(RedisSetTests.java:38)
]]></error>
  </testcase>
  <testcase name="testAdd[8]" classname="org.springframework.data.redis.support.collections.RedisSetTests" time="0">
    <error message="Could not initialize class org.springframework.data.redis.test.util.MinimumRedisVersionRule" type="java.lang.NoClassDefFoundError"><![CDATA[java.lang.NoClassDefFoundError: Could not initialize class org.springframework.data.redis.test.util.MinimumRedisVersionRule
	at org.springframework.data.redis.support.collections.RedisSetTests.<init>(RedisSetTests.java:38)
]]></error>
  </testcase>
  <testcase name="testClear[8]" classname="org.springframework.data.redis.support.collections.RedisSetTests" time="0">
    <error message="Could not initialize class org.springframework.data.redis.test.util.MinimumRedisVersionRule" type="java.lang.NoClassDefFoundError"><![CDATA[java.lang.NoClassDefFoundError: Could not initialize class org.springframework.data.redis.test.util.MinimumRedisVersionRule
	at org.springframework.data.redis.support.collections.RedisSetTests.<init>(RedisSetTests.java:38)
]]></error>
  </testcase>
  <testcase name="testSize[8]" classname="org.springframework.data.redis.support.collections.RedisSetTests" time="0">
    <error message="Could not initialize class org.springframework.data.redis.test.util.MinimumRedisVersionRule" type="java.lang.NoClassDefFoundError"><![CDATA[java.lang.NoClassDefFoundError: Could not initialize class org.springframework.data.redis.test.util.MinimumRedisVersionRule
	at org.springframework.data.redis.support.collections.RedisSetTests.<init>(RedisSetTests.java:38)
]]></error>
  </testcase>
  <testcase name="testToString[8]" classname="org.springframework.data.redis.support.collections.RedisSetTests" time="0">
    <error message="Could not initialize class org.springframework.data.redis.test.util.MinimumRedisVersionRule" type="java.lang.NoClassDefFoundError"><![CDATA[java.lang.NoClassDefFoundError: Could not initialize class org.springframework.data.redis.test.util.MinimumRedisVersionRule
	at org.springframework.data.redis.support.collections.RedisSetTests.<init>(RedisSetTests.java:38)
]]></error>
  </testcase>
  <testcase name="testContainsAll[8]" classname="org.springframework.data.redis.support.collections.RedisSetTests" time="0">
    <error message="Could not initialize class org.springframework.data.redis.test.util.MinimumRedisVersionRule" type="java.lang.NoClassDefFoundError"><![CDATA[java.lang.NoClassDefFoundError: Could not initialize class org.springframework.data.redis.test.util.MinimumRedisVersionRule
	at org.springframework.data.redis.support.collections.RedisSetTests.<init>(RedisSetTests.java:38)
]]></error>
  </testcase>
  <testcase name="testRemoveObject[8]" classname="org.springframework.data.redis.support.collections.RedisSetTests" time="0">
    <error message="Could not initialize class org.springframework.data.redis.test.util.MinimumRedisVersionRule" type="java.lang.NoClassDefFoundError"><![CDATA[java.lang.NoClassDefFoundError: Could not initialize class org.springframework.data.redis.test.util.MinimumRedisVersionRule
	at org.springframework.data.redis.support.collections.RedisSetTests.<init>(RedisSetTests.java:38)
]]></error>
  </testcase>
  <testcase name="testHashCode[8]" classname="org.springframework.data.redis.support.collections.RedisSetTests" time="0">
    <error message="Could not initialize class org.springframework.data.redis.test.util.MinimumRedisVersionRule" type="java.lang.NoClassDefFoundError"><![CDATA[java.lang.NoClassDefFoundError: Could not initialize class org.springframework.data.redis.test.util.MinimumRedisVersionRule
	at org.springframework.data.redis.support.collections.RedisSetTests.<init>(RedisSetTests.java:38)
]]></error>
  </testcase>
  <testcase name="testAddAll[8]" classname="org.springframework.data.redis.support.collections.RedisSetTests" time="0.001">
    <error message="Could not initialize class org.springframework.data.redis.test.util.MinimumRedisVersionRule" type="java.lang.NoClassDefFoundError"><![CDATA[java.lang.NoClassDefFoundError: Could not initialize class org.springframework.data.redis.test.util.MinimumRedisVersionRule
	at org.springframework.data.redis.support.collections.RedisSetTests.<init>(RedisSetTests.java:38)
]]></error>
  </testcase>
  <testcase name="removeAll[8]" classname="org.springframework.data.redis.support.collections.RedisSetTests" time="0">
    <error message="Could not initialize class org.springframework.data.redis.test.util.MinimumRedisVersionRule" type="java.lang.NoClassDefFoundError"><![CDATA[java.lang.NoClassDefFoundError: Could not initialize class org.springframework.data.redis.test.util.MinimumRedisVersionRule
	at org.springframework.data.redis.support.collections.RedisSetTests.<init>(RedisSetTests.java:38)
]]></error>
  </testcase>
  <testcase name="testEquals[8]" classname="org.springframework.data.redis.support.collections.RedisSetTests" time="0">
    <error message="Could not initialize class org.springframework.data.redis.test.util.MinimumRedisVersionRule" type="java.lang.NoClassDefFoundError"><![CDATA[java.lang.NoClassDefFoundError: Could not initialize class org.springframework.data.redis.test.util.MinimumRedisVersionRule
	at org.springframework.data.redis.support.collections.RedisSetTests.<init>(RedisSetTests.java:38)
]]></error>
  </testcase>
  <testcase name="testGetKey[8]" classname="org.springframework.data.redis.support.collections.RedisSetTests" time="0">
    <error message="Could not initialize class org.springframework.data.redis.test.util.MinimumRedisVersionRule" type="java.lang.NoClassDefFoundError"><![CDATA[java.lang.NoClassDefFoundError: Could not initialize class org.springframework.data.redis.test.util.MinimumRedisVersionRule
	at org.springframework.data.redis.support.collections.RedisSetTests.<init>(RedisSetTests.java:38)
]]></error>
  </testcase>
  <testcase name="testIsEmpty[8]" classname="org.springframework.data.redis.support.collections.RedisSetTests" time="0">
    <error message="Could not initialize class org.springframework.data.redis.test.util.MinimumRedisVersionRule" type="java.lang.NoClassDefFoundError"><![CDATA[java.lang.NoClassDefFoundError: Could not initialize class org.springframework.data.redis.test.util.MinimumRedisVersionRule
	at org.springframework.data.redis.support.collections.RedisSetTests.<init>(RedisSetTests.java:38)
]]></error>
  </testcase>
  <testcase name="testDiffAndStore[9]" classname="org.springframework.data.redis.support.collections.RedisSetTests" time="0">
    <error message="Could not initialize class org.springframework.data.redis.test.util.MinimumRedisVersionRule" type="java.lang.NoClassDefFoundError"><![CDATA[java.lang.NoClassDefFoundError: Could not initialize class org.springframework.data.redis.test.util.MinimumRedisVersionRule
	at org.springframework.data.redis.support.collections.RedisSetTests.<init>(RedisSetTests.java:38)
]]></error>
  </testcase>
  <testcase name="testToArray[9]" classname="org.springframework.data.redis.support.collections.RedisSetTests" time="0">
    <error message="Could not initialize class org.springframework.data.redis.test.util.MinimumRedisVersionRule" type="java.lang.NoClassDefFoundError"><![CDATA[java.lang.NoClassDefFoundError: Could not initialize class org.springframework.data.redis.test.util.MinimumRedisVersionRule
	at org.springframework.data.redis.support.collections.RedisSetTests.<init>(RedisSetTests.java:38)
]]></error>
  </testcase>
  <testcase name="testUnion[9]" classname="org.springframework.data.redis.support.collections.RedisSetTests" time="0">
    <error message="Could not initialize class org.springframework.data.redis.test.util.MinimumRedisVersionRule" type="java.lang.NoClassDefFoundError"><![CDATA[java.lang.NoClassDefFoundError: Could not initialize class org.springframework.data.redis.test.util.MinimumRedisVersionRule
	at org.springframework.data.redis.support.collections.RedisSetTests.<init>(RedisSetTests.java:38)
]]></error>
  </testcase>
  <testcase name="testDiff[9]" classname="org.springframework.data.redis.support.collections.RedisSetTests" time="0">
    <error message="Could not initialize class org.springframework.data.redis.test.util.MinimumRedisVersionRule" type="java.lang.NoClassDefFoundError"><![CDATA[java.lang.NoClassDefFoundError: Could not initialize class org.springframework.data.redis.test.util.MinimumRedisVersionRule
	at org.springframework.data.redis.support.collections.RedisSetTests.<init>(RedisSetTests.java:38)
]]></error>
  </testcase>
  <testcase name="testScanWorksCorrectly[9]" classname="org.springframework.data.redis.support.collections.RedisSetTests" time="0">
    <error message="Could not initialize class org.springframework.data.redis.test.util.MinimumRedisVersionRule" type="java.lang.NoClassDefFoundError"><![CDATA[java.lang.NoClassDefFoundError: Could not initialize class org.springframework.data.redis.test.util.MinimumRedisVersionRule
	at org.springframework.data.redis.support.collections.RedisSetTests.<init>(RedisSetTests.java:38)
]]></error>
  </testcase>
  <testcase name="testUnionAndStore[9]" classname="org.springframework.data.redis.support.collections.RedisSetTests" time="0.001">
    <error message="Could not initialize class org.springframework.data.redis.test.util.MinimumRedisVersionRule" type="java.lang.NoClassDefFoundError"><![CDATA[java.lang.NoClassDefFoundError: Could not initialize class org.springframework.data.redis.test.util.MinimumRedisVersionRule
	at org.springframework.data.redis.support.collections.RedisSetTests.<init>(RedisSetTests.java:38)
]]></error>
  </testcase>
  <testcase name="testIntersect[9]" classname="org.springframework.data.redis.support.collections.RedisSetTests" time="0">
    <error message="Could not initialize class org.springframework.data.redis.test.util.MinimumRedisVersionRule" type="java.lang.NoClassDefFoundError"><![CDATA[java.lang.NoClassDefFoundError: Could not initialize class org.springframework.data.redis.test.util.MinimumRedisVersionRule
	at org.springframework.data.redis.support.collections.RedisSetTests.<init>(RedisSetTests.java:38)
]]></error>
  </testcase>
  <testcase name="testToArrayWithGenerics[9]" classname="org.springframework.data.redis.support.collections.RedisSetTests" time="0">
    <error message="Could not initialize class org.springframework.data.redis.test.util.MinimumRedisVersionRule" type="java.lang.NoClassDefFoundError"><![CDATA[java.lang.NoClassDefFoundError: Could not initialize class org.springframework.data.redis.test.util.MinimumRedisVersionRule
	at org.springframework.data.redis.support.collections.RedisSetTests.<init>(RedisSetTests.java:38)
]]></error>
  </testcase>
  <testcase name="testIterator[9]" classname="org.springframework.data.redis.support.collections.RedisSetTests" time="0">
    <error message="Could not initialize class org.springframework.data.redis.test.util.MinimumRedisVersionRule" type="java.lang.NoClassDefFoundError"><![CDATA[java.lang.NoClassDefFoundError: Could not initialize class org.springframework.data.redis.test.util.MinimumRedisVersionRule
	at org.springframework.data.redis.support.collections.RedisSetTests.<init>(RedisSetTests.java:38)
]]></error>
  </testcase>
  <testcase name="testContainsObject[9]" classname="org.springframework.data.redis.support.collections.RedisSetTests" time="0">
    <error message="Could not initialize class org.springframework.data.redis.test.util.MinimumRedisVersionRule" type="java.lang.NoClassDefFoundError"><![CDATA[java.lang.NoClassDefFoundError: Could not initialize class org.springframework.data.redis.test.util.MinimumRedisVersionRule
	at org.springframework.data.redis.support.collections.RedisSetTests.<init>(RedisSetTests.java:38)
]]></error>
  </testcase>
  <testcase name="testAdd[9]" classname="org.springframework.data.redis.support.collections.RedisSetTests" time="0.001">
    <error message="Could not initialize class org.springframework.data.redis.test.util.MinimumRedisVersionRule" type="java.lang.NoClassDefFoundError"><![CDATA[java.lang.NoClassDefFoundError: Could not initialize class org.springframework.data.redis.test.util.MinimumRedisVersionRule
	at org.springframework.data.redis.support.collections.RedisSetTests.<init>(RedisSetTests.java:38)
]]></error>
  </testcase>
  <testcase name="testClear[9]" classname="org.springframework.data.redis.support.collections.RedisSetTests" time="0">
    <error message="Could not initialize class org.springframework.data.redis.test.util.MinimumRedisVersionRule" type="java.lang.NoClassDefFoundError"><![CDATA[java.lang.NoClassDefFoundError: Could not initialize class org.springframework.data.redis.test.util.MinimumRedisVersionRule
	at org.springframework.data.redis.support.collections.RedisSetTests.<init>(RedisSetTests.java:38)
]]></error>
  </testcase>
  <testcase name="testSize[9]" classname="org.springframework.data.redis.support.collections.RedisSetTests" time="0">
    <error message="Could not initialize class org.springframework.data.redis.test.util.MinimumRedisVersionRule" type="java.lang.NoClassDefFoundError"><![CDATA[java.lang.NoClassDefFoundError: Could not initialize class org.springframework.data.redis.test.util.MinimumRedisVersionRule
	at org.springframework.data.redis.support.collections.RedisSetTests.<init>(RedisSetTests.java:38)
]]></error>
  </testcase>
  <testcase name="testToString[9]" classname="org.springframework.data.redis.support.collections.RedisSetTests" time="0">
    <error message="Could not initialize class org.springframework.data.redis.test.util.MinimumRedisVersionRule" type="java.lang.NoClassDefFoundError"><![CDATA[java.lang.NoClassDefFoundError: Could not initialize class org.springframework.data.redis.test.util.MinimumRedisVersionRule
	at org.springframework.data.redis.support.collections.RedisSetTests.<init>(RedisSetTests.java:38)
]]></error>
  </testcase>
  <testcase name="testContainsAll[9]" classname="org.springframework.data.redis.support.collections.RedisSetTests" time="0">
    <error message="Could not initialize class org.springframework.data.redis.test.util.MinimumRedisVersionRule" type="java.lang.NoClassDefFoundError"><![CDATA[java.lang.NoClassDefFoundError: Could not initialize class org.springframework.data.redis.test.util.MinimumRedisVersionRule
	at org.springframework.data.redis.support.collections.RedisSetTests.<init>(RedisSetTests.java:38)
]]></error>
  </testcase>
  <testcase name="testRemoveObject[9]" classname="org.springframework.data.redis.support.collections.RedisSetTests" time="0">
    <error message="Could not initialize class org.springframework.data.redis.test.util.MinimumRedisVersionRule" type="java.lang.NoClassDefFoundError"><![CDATA[java.lang.NoClassDefFoundError: Could not initialize class org.springframework.data.redis.test.util.MinimumRedisVersionRule
	at org.springframework.data.redis.support.collections.RedisSetTests.<init>(RedisSetTests.java:38)
]]></error>
  </testcase>
  <testcase name="testHashCode[9]" classname="org.springframework.data.redis.support.collections.RedisSetTests" time="0">
    <error message="Could not initialize class org.springframework.data.redis.test.util.MinimumRedisVersionRule" type="java.lang.NoClassDefFoundError"><![CDATA[java.lang.NoClassDefFoundError: Could not initialize class org.springframework.data.redis.test.util.MinimumRedisVersionRule
	at org.springframework.data.redis.support.collections.RedisSetTests.<init>(RedisSetTests.java:38)
]]></error>
  </testcase>
  <testcase name="testAddAll[9]" classname="org.springframework.data.redis.support.collections.RedisSetTests" time="0">
    <error message="Could not initialize class org.springframework.data.redis.test.util.MinimumRedisVersionRule" type="java.lang.NoClassDefFoundError"><![CDATA[java.lang.NoClassDefFoundError: Could not initialize class org.springframework.data.redis.test.util.MinimumRedisVersionRule
	at org.springframework.data.redis.support.collections.RedisSetTests.<init>(RedisSetTests.java:38)
]]></error>
  </testcase>
  <testcase name="removeAll[9]" classname="org.springframework.data.redis.support.collections.RedisSetTests" time="0">
    <error message="Could not initialize class org.springframework.data.redis.test.util.MinimumRedisVersionRule" type="java.lang.NoClassDefFoundError"><![CDATA[java.lang.NoClassDefFoundError: Could not initialize class org.springframework.data.redis.test.util.MinimumRedisVersionRule
	at org.springframework.data.redis.support.collections.RedisSetTests.<init>(RedisSetTests.java:38)
]]></error>
  </testcase>
  <testcase name="testEquals[9]" classname="org.springframework.data.redis.support.collections.RedisSetTests" time="0">
    <error message="Could not initialize class org.springframework.data.redis.test.util.MinimumRedisVersionRule" type="java.lang.NoClassDefFoundError"><![CDATA[java.lang.NoClassDefFoundError: Could not initialize class org.springframework.data.redis.test.util.MinimumRedisVersionRule
	at org.springframework.data.redis.support.collections.RedisSetTests.<init>(RedisSetTests.java:38)
]]></error>
  </testcase>
  <testcase name="testGetKey[9]" classname="org.springframework.data.redis.support.collections.RedisSetTests" time="0">
    <error message="Could not initialize class org.springframework.data.redis.test.util.MinimumRedisVersionRule" type="java.lang.NoClassDefFoundError"><![CDATA[java.lang.NoClassDefFoundError: Could not initialize class org.springframework.data.redis.test.util.MinimumRedisVersionRule
	at org.springframework.data.redis.support.collections.RedisSetTests.<init>(RedisSetTests.java:38)
]]></error>
  </testcase>
  <testcase name="testIsEmpty[9]" classname="org.springframework.data.redis.support.collections.RedisSetTests" time="0.001">
    <error message="Could not initialize class org.springframework.data.redis.test.util.MinimumRedisVersionRule" type="java.lang.NoClassDefFoundError"><![CDATA[java.lang.NoClassDefFoundError: Could not initialize class org.springframework.data.redis.test.util.MinimumRedisVersionRule
	at org.springframework.data.redis.support.collections.RedisSetTests.<init>(RedisSetTests.java:38)
]]></error>
  </testcase>
  <testcase name="testDiffAndStore[10]" classname="org.springframework.data.redis.support.collections.RedisSetTests" time="0">
    <error message="Could not initialize class org.springframework.data.redis.test.util.MinimumRedisVersionRule" type="java.lang.NoClassDefFoundError"><![CDATA[java.lang.NoClassDefFoundError: Could not initialize class org.springframework.data.redis.test.util.MinimumRedisVersionRule
	at org.springframework.data.redis.support.collections.RedisSetTests.<init>(RedisSetTests.java:38)
]]></error>
  </testcase>
  <testcase name="testToArray[10]" classname="org.springframework.data.redis.support.collections.RedisSetTests" time="0">
    <error message="Could not initialize class org.springframework.data.redis.test.util.MinimumRedisVersionRule" type="java.lang.NoClassDefFoundError"><![CDATA[java.lang.NoClassDefFoundError: Could not initialize class org.springframework.data.redis.test.util.MinimumRedisVersionRule
	at org.springframework.data.redis.support.collections.RedisSetTests.<init>(RedisSetTests.java:38)
]]></error>
  </testcase>
  <testcase name="testUnion[10]" classname="org.springframework.data.redis.support.collections.RedisSetTests" time="0">
    <error message="Could not initialize class org.springframework.data.redis.test.util.MinimumRedisVersionRule" type="java.lang.NoClassDefFoundError"><![CDATA[java.lang.NoClassDefFoundError: Could not initialize class org.springframework.data.redis.test.util.MinimumRedisVersionRule
	at org.springframework.data.redis.support.collections.RedisSetTests.<init>(RedisSetTests.java:38)
]]></error>
  </testcase>
  <testcase name="testDiff[10]" classname="org.springframework.data.redis.support.collections.RedisSetTests" time="0">
    <error message="Could not initialize class org.springframework.data.redis.test.util.MinimumRedisVersionRule" type="java.lang.NoClassDefFoundError"><![CDATA[java.lang.NoClassDefFoundError: Could not initialize class org.springframework.data.redis.test.util.MinimumRedisVersionRule
	at org.springframework.data.redis.support.collections.RedisSetTests.<init>(RedisSetTests.java:38)
]]></error>
  </testcase>
  <testcase name="testScanWorksCorrectly[10]" classname="org.springframework.data.redis.support.collections.RedisSetTests" time="0.001">
    <error message="Could not initialize class org.springframework.data.redis.test.util.MinimumRedisVersionRule" type="java.lang.NoClassDefFoundError"><![CDATA[java.lang.NoClassDefFoundError: Could not initialize class org.springframework.data.redis.test.util.MinimumRedisVersionRule
	at org.springframework.data.redis.support.collections.RedisSetTests.<init>(RedisSetTests.java:38)
]]></error>
  </testcase>
  <testcase name="testUnionAndStore[10]" classname="org.springframework.data.redis.support.collections.RedisSetTests" time="0">
    <error message="Could not initialize class org.springframework.data.redis.test.util.MinimumRedisVersionRule" type="java.lang.NoClassDefFoundError"><![CDATA[java.lang.NoClassDefFoundError: Could not initialize class org.springframework.data.redis.test.util.MinimumRedisVersionRule
	at org.springframework.data.redis.support.collections.RedisSetTests.<init>(RedisSetTests.java:38)
]]></error>
  </testcase>
  <testcase name="testIntersect[10]" classname="org.springframework.data.redis.support.collections.RedisSetTests" time="0">
    <error message="Could not initialize class org.springframework.data.redis.test.util.MinimumRedisVersionRule" type="java.lang.NoClassDefFoundError"><![CDATA[java.lang.NoClassDefFoundError: Could not initialize class org.springframework.data.redis.test.util.MinimumRedisVersionRule
	at org.springframework.data.redis.support.collections.RedisSetTests.<init>(RedisSetTests.java:38)
]]></error>
  </testcase>
  <testcase name="testToArrayWithGenerics[10]" classname="org.springframework.data.redis.support.collections.RedisSetTests" time="0">
    <error message="Could not initialize class org.springframework.data.redis.test.util.MinimumRedisVersionRule" type="java.lang.NoClassDefFoundError"><![CDATA[java.lang.NoClassDefFoundError: Could not initialize class org.springframework.data.redis.test.util.MinimumRedisVersionRule
	at org.springframework.data.redis.support.collections.RedisSetTests.<init>(RedisSetTests.java:38)
]]></error>
  </testcase>
  <testcase name="testIterator[10]" classname="org.springframework.data.redis.support.collections.RedisSetTests" time="0">
    <error message="Could not initialize class org.springframework.data.redis.test.util.MinimumRedisVersionRule" type="java.lang.NoClassDefFoundError"><![CDATA[java.lang.NoClassDefFoundError: Could not initialize class org.springframework.data.redis.test.util.MinimumRedisVersionRule
	at org.springframework.data.redis.support.collections.RedisSetTests.<init>(RedisSetTests.java:38)
]]></error>
  </testcase>
  <testcase name="testContainsObject[10]" classname="org.springframework.data.redis.support.collections.RedisSetTests" time="0.001">
    <error message="Could not initialize class org.springframework.data.redis.test.util.MinimumRedisVersionRule" type="java.lang.NoClassDefFoundError"><![CDATA[java.lang.NoClassDefFoundError: Could not initialize class org.springframework.data.redis.test.util.MinimumRedisVersionRule
	at org.springframework.data.redis.support.collections.RedisSetTests.<init>(RedisSetTests.java:38)
]]></error>
  </testcase>
  <testcase name="testAdd[10]" classname="org.springframework.data.redis.support.collections.RedisSetTests" time="0">
    <error message="Could not initialize class org.springframework.data.redis.test.util.MinimumRedisVersionRule" type="java.lang.NoClassDefFoundError"><![CDATA[java.lang.NoClassDefFoundError: Could not initialize class org.springframework.data.redis.test.util.MinimumRedisVersionRule
	at org.springframework.data.redis.support.collections.RedisSetTests.<init>(RedisSetTests.java:38)
]]></error>
  </testcase>
  <testcase name="testClear[10]" classname="org.springframework.data.redis.support.collections.RedisSetTests" time="0">
    <error message="Could not initialize class org.springframework.data.redis.test.util.MinimumRedisVersionRule" type="java.lang.NoClassDefFoundError"><![CDATA[java.lang.NoClassDefFoundError: Could not initialize class org.springframework.data.redis.test.util.MinimumRedisVersionRule
	at org.springframework.data.redis.support.collections.RedisSetTests.<init>(RedisSetTests.java:38)
]]></error>
  </testcase>
  <testcase name="testSize[10]" classname="org.springframework.data.redis.support.collections.RedisSetTests" time="0">
    <error message="Could not initialize class org.springframework.data.redis.test.util.MinimumRedisVersionRule" type="java.lang.NoClassDefFoundError"><![CDATA[java.lang.NoClassDefFoundError: Could not initialize class org.springframework.data.redis.test.util.MinimumRedisVersionRule
	at org.springframework.data.redis.support.collections.RedisSetTests.<init>(RedisSetTests.java:38)
]]></error>
  </testcase>
  <testcase name="testToString[10]" classname="org.springframework.data.redis.support.collections.RedisSetTests" time="0">
    <error message="Could not initialize class org.springframework.data.redis.test.util.MinimumRedisVersionRule" type="java.lang.NoClassDefFoundError"><![CDATA[java.lang.NoClassDefFoundError: Could not initialize class org.springframework.data.redis.test.util.MinimumRedisVersionRule
	at org.springframework.data.redis.support.collections.RedisSetTests.<init>(RedisSetTests.java:38)
]]></error>
  </testcase>
  <testcase name="testContainsAll[10]" classname="org.springframework.data.redis.support.collections.RedisSetTests" time="0.001">
    <error message="Could not initialize class org.springframework.data.redis.test.util.MinimumRedisVersionRule" type="java.lang.NoClassDefFoundError"><![CDATA[java.lang.NoClassDefFoundError: Could not initialize class org.springframework.data.redis.test.util.MinimumRedisVersionRule
	at org.springframework.data.redis.support.collections.RedisSetTests.<init>(RedisSetTests.java:38)
]]></error>
  </testcase>
  <testcase name="testRemoveObject[10]" classname="org.springframework.data.redis.support.collections.RedisSetTests" time="0">
    <error message="Could not initialize class org.springframework.data.redis.test.util.MinimumRedisVersionRule" type="java.lang.NoClassDefFoundError"><![CDATA[java.lang.NoClassDefFoundError: Could not initialize class org.springframework.data.redis.test.util.MinimumRedisVersionRule
	at org.springframework.data.redis.support.collections.RedisSetTests.<init>(RedisSetTests.java:38)
]]></error>
  </testcase>
  <testcase name="testHashCode[10]" classname="org.springframework.data.redis.support.collections.RedisSetTests" time="0">
    <error message="Could not initialize class org.springframework.data.redis.test.util.MinimumRedisVersionRule" type="java.lang.NoClassDefFoundError"><![CDATA[java.lang.NoClassDefFoundError: Could not initialize class org.springframework.data.redis.test.util.MinimumRedisVersionRule
	at org.springframework.data.redis.support.collections.RedisSetTests.<init>(RedisSetTests.java:38)
]]></error>
  </testcase>
  <testcase name="testAddAll[10]" classname="org.springframework.data.redis.support.collections.RedisSetTests" time="0">
    <error message="Could not initialize class org.springframework.data.redis.test.util.MinimumRedisVersionRule" type="java.lang.NoClassDefFoundError"><![CDATA[java.lang.NoClassDefFoundError: Could not initialize class org.springframework.data.redis.test.util.MinimumRedisVersionRule
	at org.springframework.data.redis.support.collections.RedisSetTests.<init>(RedisSetTests.java:38)
]]></error>
  </testcase>
  <testcase name="removeAll[10]" classname="org.springframework.data.redis.support.collections.RedisSetTests" time="0">
    <error message="Could not initialize class org.springframework.data.redis.test.util.MinimumRedisVersionRule" type="java.lang.NoClassDefFoundError"><![CDATA[java.lang.NoClassDefFoundError: Could not initialize class org.springframework.data.redis.test.util.MinimumRedisVersionRule
	at org.springframework.data.redis.support.collections.RedisSetTests.<init>(RedisSetTests.java:38)
]]></error>
  </testcase>
  <testcase name="testEquals[10]" classname="org.springframework.data.redis.support.collections.RedisSetTests" time="0.001">
    <error message="Could not initialize class org.springframework.data.redis.test.util.MinimumRedisVersionRule" type="java.lang.NoClassDefFoundError"><![CDATA[java.lang.NoClassDefFoundError: Could not initialize class org.springframework.data.redis.test.util.MinimumRedisVersionRule
	at org.springframework.data.redis.support.collections.RedisSetTests.<init>(RedisSetTests.java:38)
]]></error>
  </testcase>
  <testcase name="testGetKey[10]" classname="org.springframework.data.redis.support.collections.RedisSetTests" time="0">
    <error message="Could not initialize class org.springframework.data.redis.test.util.MinimumRedisVersionRule" type="java.lang.NoClassDefFoundError"><![CDATA[java.lang.NoClassDefFoundError: Could not initialize class org.springframework.data.redis.test.util.MinimumRedisVersionRule
	at org.springframework.data.redis.support.collections.RedisSetTests.<init>(RedisSetTests.java:38)
]]></error>
  </testcase>
  <testcase name="testIsEmpty[10]" classname="org.springframework.data.redis.support.collections.RedisSetTests" time="0">
    <error message="Could not initialize class org.springframework.data.redis.test.util.MinimumRedisVersionRule" type="java.lang.NoClassDefFoundError"><![CDATA[java.lang.NoClassDefFoundError: Could not initialize class org.springframework.data.redis.test.util.MinimumRedisVersionRule
	at org.springframework.data.redis.support.collections.RedisSetTests.<init>(RedisSetTests.java:38)
]]></error>
  </testcase>
  <testcase name="testDiffAndStore[11]" classname="org.springframework.data.redis.support.collections.RedisSetTests" time="0">
    <error message="Could not initialize class org.springframework.data.redis.test.util.MinimumRedisVersionRule" type="java.lang.NoClassDefFoundError"><![CDATA[java.lang.NoClassDefFoundError: Could not initialize class org.springframework.data.redis.test.util.MinimumRedisVersionRule
	at org.springframework.data.redis.support.collections.RedisSetTests.<init>(RedisSetTests.java:38)
]]></error>
  </testcase>
  <testcase name="testToArray[11]" classname="org.springframework.data.redis.support.collections.RedisSetTests" time="0">
    <error message="Could not initialize class org.springframework.data.redis.test.util.MinimumRedisVersionRule" type="java.lang.NoClassDefFoundError"><![CDATA[java.lang.NoClassDefFoundError: Could not initialize class org.springframework.data.redis.test.util.MinimumRedisVersionRule
	at org.springframework.data.redis.support.collections.RedisSetTests.<init>(RedisSetTests.java:38)
]]></error>
  </testcase>
  <testcase name="testUnion[11]" classname="org.springframework.data.redis.support.collections.RedisSetTests" time="0">
    <error message="Could not initialize class org.springframework.data.redis.test.util.MinimumRedisVersionRule" type="java.lang.NoClassDefFoundError"><![CDATA[java.lang.NoClassDefFoundError: Could not initialize class org.springframework.data.redis.test.util.MinimumRedisVersionRule
	at org.springframework.data.redis.support.collections.RedisSetTests.<init>(RedisSetTests.java:38)
]]></error>
  </testcase>
  <testcase name="testDiff[11]" classname="org.springframework.data.redis.support.collections.RedisSetTests" time="0">
    <error message="Could not initialize class org.springframework.data.redis.test.util.MinimumRedisVersionRule" type="java.lang.NoClassDefFoundError"><![CDATA[java.lang.NoClassDefFoundError: Could not initialize class org.springframework.data.redis.test.util.MinimumRedisVersionRule
	at org.springframework.data.redis.support.collections.RedisSetTests.<init>(RedisSetTests.java:38)
]]></error>
  </testcase>
  <testcase name="testScanWorksCorrectly[11]" classname="org.springframework.data.redis.support.collections.RedisSetTests" time="0">
    <error message="Could not initialize class org.springframework.data.redis.test.util.MinimumRedisVersionRule" type="java.lang.NoClassDefFoundError"><![CDATA[java.lang.NoClassDefFoundError: Could not initialize class org.springframework.data.redis.test.util.MinimumRedisVersionRule
	at org.springframework.data.redis.support.collections.RedisSetTests.<init>(RedisSetTests.java:38)
]]></error>
  </testcase>
  <testcase name="testUnionAndStore[11]" classname="org.springframework.data.redis.support.collections.RedisSetTests" time="0">
    <error message="Could not initialize class org.springframework.data.redis.test.util.MinimumRedisVersionRule" type="java.lang.NoClassDefFoundError"><![CDATA[java.lang.NoClassDefFoundError: Could not initialize class org.springframework.data.redis.test.util.MinimumRedisVersionRule
	at org.springframework.data.redis.support.collections.RedisSetTests.<init>(RedisSetTests.java:38)
]]></error>
  </testcase>
  <testcase name="testIntersect[11]" classname="org.springframework.data.redis.support.collections.RedisSetTests" time="0">
    <error message="Could not initialize class org.springframework.data.redis.test.util.MinimumRedisVersionRule" type="java.lang.NoClassDefFoundError"><![CDATA[java.lang.NoClassDefFoundError: Could not initialize class org.springframework.data.redis.test.util.MinimumRedisVersionRule
	at org.springframework.data.redis.support.collections.RedisSetTests.<init>(RedisSetTests.java:38)
]]></error>
  </testcase>
  <testcase name="testToArrayWithGenerics[11]" classname="org.springframework.data.redis.support.collections.RedisSetTests" time="0">
    <error message="Could not initialize class org.springframework.data.redis.test.util.MinimumRedisVersionRule" type="java.lang.NoClassDefFoundError"><![CDATA[java.lang.NoClassDefFoundError: Could not initialize class org.springframework.data.redis.test.util.MinimumRedisVersionRule
	at org.springframework.data.redis.support.collections.RedisSetTests.<init>(RedisSetTests.java:38)
]]></error>
  </testcase>
  <testcase name="testIterator[11]" classname="org.springframework.data.redis.support.collections.RedisSetTests" time="0.001">
    <error message="Could not initialize class org.springframework.data.redis.test.util.MinimumRedisVersionRule" type="java.lang.NoClassDefFoundError"><![CDATA[java.lang.NoClassDefFoundError: Could not initialize class org.springframework.data.redis.test.util.MinimumRedisVersionRule
	at org.springframework.data.redis.support.collections.RedisSetTests.<init>(RedisSetTests.java:38)
]]></error>
  </testcase>
  <testcase name="testContainsObject[11]" classname="org.springframework.data.redis.support.collections.RedisSetTests" time="0">
    <error message="Could not initialize class org.springframework.data.redis.test.util.MinimumRedisVersionRule" type="java.lang.NoClassDefFoundError"><![CDATA[java.lang.NoClassDefFoundError: Could not initialize class org.springframework.data.redis.test.util.MinimumRedisVersionRule
	at org.springframework.data.redis.support.collections.RedisSetTests.<init>(RedisSetTests.java:38)
]]></error>
  </testcase>
  <testcase name="testAdd[11]" classname="org.springframework.data.redis.support.collections.RedisSetTests" time="0">
    <error message="Could not initialize class org.springframework.data.redis.test.util.MinimumRedisVersionRule" type="java.lang.NoClassDefFoundError"><![CDATA[java.lang.NoClassDefFoundError: Could not initialize class org.springframework.data.redis.test.util.MinimumRedisVersionRule
	at org.springframework.data.redis.support.collections.RedisSetTests.<init>(RedisSetTests.java:38)
]]></error>
  </testcase>
  <testcase name="testClear[11]" classname="org.springframework.data.redis.support.collections.RedisSetTests" time="0">
    <error message="Could not initialize class org.springframework.data.redis.test.util.MinimumRedisVersionRule" type="java.lang.NoClassDefFoundError"><![CDATA[java.lang.NoClassDefFoundError: Could not initialize class org.springframework.data.redis.test.util.MinimumRedisVersionRule
	at org.springframework.data.redis.support.collections.RedisSetTests.<init>(RedisSetTests.java:38)
]]></error>
  </testcase>
  <testcase name="testSize[11]" classname="org.springframework.data.redis.support.collections.RedisSetTests" time="0">
    <error message="Could not initialize class org.springframework.data.redis.test.util.MinimumRedisVersionRule" type="java.lang.NoClassDefFoundError"><![CDATA[java.lang.NoClassDefFoundError: Could not initialize class org.springframework.data.redis.test.util.MinimumRedisVersionRule
	at org.springframework.data.redis.support.collections.RedisSetTests.<init>(RedisSetTests.java:38)
]]></error>
  </testcase>
  <testcase name="testToString[11]" classname="org.springframework.data.redis.support.collections.RedisSetTests" time="0">
    <error message="Could not initialize class org.springframework.data.redis.test.util.MinimumRedisVersionRule" type="java.lang.NoClassDefFoundError"><![CDATA[java.lang.NoClassDefFoundError: Could not initialize class org.springframework.data.redis.test.util.MinimumRedisVersionRule
	at org.springframework.data.redis.support.collections.RedisSetTests.<init>(RedisSetTests.java:38)
]]></error>
  </testcase>
  <testcase name="testContainsAll[11]" classname="org.springframework.data.redis.support.collections.RedisSetTests" time="0">
    <error message="Could not initialize class org.springframework.data.redis.test.util.MinimumRedisVersionRule" type="java.lang.NoClassDefFoundError"><![CDATA[java.lang.NoClassDefFoundError: Could not initialize class org.springframework.data.redis.test.util.MinimumRedisVersionRule
	at org.springframework.data.redis.support.collections.RedisSetTests.<init>(RedisSetTests.java:38)
]]></error>
  </testcase>
  <testcase name="testRemoveObject[11]" classname="org.springframework.data.redis.support.collections.RedisSetTests" time="0">
    <error message="Could not initialize class org.springframework.data.redis.test.util.MinimumRedisVersionRule" type="java.lang.NoClassDefFoundError"><![CDATA[java.lang.NoClassDefFoundError: Could not initialize class org.springframework.data.redis.test.util.MinimumRedisVersionRule
	at org.springframework.data.redis.support.collections.RedisSetTests.<init>(RedisSetTests.java:38)
]]></error>
  </testcase>
  <testcase name="testHashCode[11]" classname="org.springframework.data.redis.support.collections.RedisSetTests" time="0">
    <error message="Could not initialize class org.springframework.data.redis.test.util.MinimumRedisVersionRule" type="java.lang.NoClassDefFoundError"><![CDATA[java.lang.NoClassDefFoundError: Could not initialize class org.springframework.data.redis.test.util.MinimumRedisVersionRule
	at org.springframework.data.redis.support.collections.RedisSetTests.<init>(RedisSetTests.java:38)
]]></error>
  </testcase>
  <testcase name="testAddAll[11]" classname="org.springframework.data.redis.support.collections.RedisSetTests" time="0">
    <error message="Could not initialize class org.springframework.data.redis.test.util.MinimumRedisVersionRule" type="java.lang.NoClassDefFoundError"><![CDATA[java.lang.NoClassDefFoundError: Could not initialize class org.springframework.data.redis.test.util.MinimumRedisVersionRule
	at org.springframework.data.redis.support.collections.RedisSetTests.<init>(RedisSetTests.java:38)
]]></error>
  </testcase>
  <testcase name="removeAll[11]" classname="org.springframework.data.redis.support.collections.RedisSetTests" time="0.001">
    <error message="Could not initialize class org.springframework.data.redis.test.util.MinimumRedisVersionRule" type="java.lang.NoClassDefFoundError"><![CDATA[java.lang.NoClassDefFoundError: Could not initialize class org.springframework.data.redis.test.util.MinimumRedisVersionRule
	at org.springframework.data.redis.support.collections.RedisSetTests.<init>(RedisSetTests.java:38)
]]></error>
  </testcase>
  <testcase name="testEquals[11]" classname="org.springframework.data.redis.support.collections.RedisSetTests" time="0">
    <error message="Could not initialize class org.springframework.data.redis.test.util.MinimumRedisVersionRule" type="java.lang.NoClassDefFoundError"><![CDATA[java.lang.NoClassDefFoundError: Could not initialize class org.springframework.data.redis.test.util.MinimumRedisVersionRule
	at org.springframework.data.redis.support.collections.RedisSetTests.<init>(RedisSetTests.java:38)
]]></error>
  </testcase>
  <testcase name="testGetKey[11]" classname="org.springframework.data.redis.support.collections.RedisSetTests" time="0">
    <error message="Could not initialize class org.springframework.data.redis.test.util.MinimumRedisVersionRule" type="java.lang.NoClassDefFoundError"><![CDATA[java.lang.NoClassDefFoundError: Could not initialize class org.springframework.data.redis.test.util.MinimumRedisVersionRule
	at org.springframework.data.redis.support.collections.RedisSetTests.<init>(RedisSetTests.java:38)
]]></error>
  </testcase>
  <testcase name="testIsEmpty[11]" classname="org.springframework.data.redis.support.collections.RedisSetTests" time="0">
    <error message="Could not initialize class org.springframework.data.redis.test.util.MinimumRedisVersionRule" type="java.lang.NoClassDefFoundError"><![CDATA[java.lang.NoClassDefFoundError: Could not initialize class org.springframework.data.redis.test.util.MinimumRedisVersionRule
	at org.springframework.data.redis.support.collections.RedisSetTests.<init>(RedisSetTests.java:38)
]]></error>
  </testcase>
  <testcase name="testDiffAndStore[12]" classname="org.springframework.data.redis.support.collections.RedisSetTests" time="0">
    <error message="Could not initialize class org.springframework.data.redis.test.util.MinimumRedisVersionRule" type="java.lang.NoClassDefFoundError"><![CDATA[java.lang.NoClassDefFoundError: Could not initialize class org.springframework.data.redis.test.util.MinimumRedisVersionRule
	at org.springframework.data.redis.support.collections.RedisSetTests.<init>(RedisSetTests.java:38)
]]></error>
  </testcase>
  <testcase name="testToArray[12]" classname="org.springframework.data.redis.support.collections.RedisSetTests" time="0">
    <error message="Could not initialize class org.springframework.data.redis.test.util.MinimumRedisVersionRule" type="java.lang.NoClassDefFoundError"><![CDATA[java.lang.NoClassDefFoundError: Could not initialize class org.springframework.data.redis.test.util.MinimumRedisVersionRule
	at org.springframework.data.redis.support.collections.RedisSetTests.<init>(RedisSetTests.java:38)
]]></error>
  </testcase>
  <testcase name="testUnion[12]" classname="org.springframework.data.redis.support.collections.RedisSetTests" time="0">
    <error message="Could not initialize class org.springframework.data.redis.test.util.MinimumRedisVersionRule" type="java.lang.NoClassDefFoundError"><![CDATA[java.lang.NoClassDefFoundError: Could not initialize class org.springframework.data.redis.test.util.MinimumRedisVersionRule
	at org.springframework.data.redis.support.collections.RedisSetTests.<init>(RedisSetTests.java:38)
]]></error>
  </testcase>
  <testcase name="testDiff[12]" classname="org.springframework.data.redis.support.collections.RedisSetTests" time="0">
    <error message="Could not initialize class org.springframework.data.redis.test.util.MinimumRedisVersionRule" type="java.lang.NoClassDefFoundError"><![CDATA[java.lang.NoClassDefFoundError: Could not initialize class org.springframework.data.redis.test.util.MinimumRedisVersionRule
	at org.springframework.data.redis.support.collections.RedisSetTests.<init>(RedisSetTests.java:38)
]]></error>
  </testcase>
  <testcase name="testScanWorksCorrectly[12]" classname="org.springframework.data.redis.support.collections.RedisSetTests" time="0">
    <error message="Could not initialize class org.springframework.data.redis.test.util.MinimumRedisVersionRule" type="java.lang.NoClassDefFoundError"><![CDATA[java.lang.NoClassDefFoundError: Could not initialize class org.springframework.data.redis.test.util.MinimumRedisVersionRule
	at org.springframework.data.redis.support.collections.RedisSetTests.<init>(RedisSetTests.java:38)
]]></error>
  </testcase>
  <testcase name="testUnionAndStore[12]" classname="org.springframework.data.redis.support.collections.RedisSetTests" time="0">
    <error message="Could not initialize class org.springframework.data.redis.test.util.MinimumRedisVersionRule" type="java.lang.NoClassDefFoundError"><![CDATA[java.lang.NoClassDefFoundError: Could not initialize class org.springframework.data.redis.test.util.MinimumRedisVersionRule
	at org.springframework.data.redis.support.collections.RedisSetTests.<init>(RedisSetTests.java:38)
]]></error>
  </testcase>
  <testcase name="testIntersect[12]" classname="org.springframework.data.redis.support.collections.RedisSetTests" time="0">
    <error message="Could not initialize class org.springframework.data.redis.test.util.MinimumRedisVersionRule" type="java.lang.NoClassDefFoundError"><![CDATA[java.lang.NoClassDefFoundError: Could not initialize class org.springframework.data.redis.test.util.MinimumRedisVersionRule
	at org.springframework.data.redis.support.collections.RedisSetTests.<init>(RedisSetTests.java:38)
]]></error>
  </testcase>
  <testcase name="testToArrayWithGenerics[12]" classname="org.springframework.data.redis.support.collections.RedisSetTests" time="0">
    <error message="Could not initialize class org.springframework.data.redis.test.util.MinimumRedisVersionRule" type="java.lang.NoClassDefFoundError"><![CDATA[java.lang.NoClassDefFoundError: Could not initialize class org.springframework.data.redis.test.util.MinimumRedisVersionRule
	at org.springframework.data.redis.support.collections.RedisSetTests.<init>(RedisSetTests.java:38)
]]></error>
  </testcase>
  <testcase name="testIterator[12]" classname="org.springframework.data.redis.support.collections.RedisSetTests" time="0.001">
    <error message="Could not initialize class org.springframework.data.redis.test.util.MinimumRedisVersionRule" type="java.lang.NoClassDefFoundError"><![CDATA[java.lang.NoClassDefFoundError: Could not initialize class org.springframework.data.redis.test.util.MinimumRedisVersionRule
	at org.springframework.data.redis.support.collections.RedisSetTests.<init>(RedisSetTests.java:38)
]]></error>
  </testcase>
  <testcase name="testContainsObject[12]" classname="org.springframework.data.redis.support.collections.RedisSetTests" time="0">
    <error message="Could not initialize class org.springframework.data.redis.test.util.MinimumRedisVersionRule" type="java.lang.NoClassDefFoundError"><![CDATA[java.lang.NoClassDefFoundError: Could not initialize class org.springframework.data.redis.test.util.MinimumRedisVersionRule
	at org.springframework.data.redis.support.collections.RedisSetTests.<init>(RedisSetTests.java:38)
]]></error>
  </testcase>
  <testcase name="testAdd[12]" classname="org.springframework.data.redis.support.collections.RedisSetTests" time="0">
    <error message="Could not initialize class org.springframework.data.redis.test.util.MinimumRedisVersionRule" type="java.lang.NoClassDefFoundError"><![CDATA[java.lang.NoClassDefFoundError: Could not initialize class org.springframework.data.redis.test.util.MinimumRedisVersionRule
	at org.springframework.data.redis.support.collections.RedisSetTests.<init>(RedisSetTests.java:38)
]]></error>
  </testcase>
  <testcase name="testClear[12]" classname="org.springframework.data.redis.support.collections.RedisSetTests" time="0">
    <error message="Could not initialize class org.springframework.data.redis.test.util.MinimumRedisVersionRule" type="java.lang.NoClassDefFoundError"><![CDATA[java.lang.NoClassDefFoundError: Could not initialize class org.springframework.data.redis.test.util.MinimumRedisVersionRule
	at org.springframework.data.redis.support.collections.RedisSetTests.<init>(RedisSetTests.java:38)
]]></error>
  </testcase>
  <testcase name="testSize[12]" classname="org.springframework.data.redis.support.collections.RedisSetTests" time="0">
    <error message="Could not initialize class org.springframework.data.redis.test.util.MinimumRedisVersionRule" type="java.lang.NoClassDefFoundError"><![CDATA[java.lang.NoClassDefFoundError: Could not initialize class org.springframework.data.redis.test.util.MinimumRedisVersionRule
	at org.springframework.data.redis.support.collections.RedisSetTests.<init>(RedisSetTests.java:38)
]]></error>
  </testcase>
  <testcase name="testToString[12]" classname="org.springframework.data.redis.support.collections.RedisSetTests" time="0">
    <error message="Could not initialize class org.springframework.data.redis.test.util.MinimumRedisVersionRule" type="java.lang.NoClassDefFoundError"><![CDATA[java.lang.NoClassDefFoundError: Could not initialize class org.springframework.data.redis.test.util.MinimumRedisVersionRule
	at org.springframework.data.redis.support.collections.RedisSetTests.<init>(RedisSetTests.java:38)
]]></error>
  </testcase>
  <testcase name="testContainsAll[12]" classname="org.springframework.data.redis.support.collections.RedisSetTests" time="0">
    <error message="Could not initialize class org.springframework.data.redis.test.util.MinimumRedisVersionRule" type="java.lang.NoClassDefFoundError"><![CDATA[java.lang.NoClassDefFoundError: Could not initialize class org.springframework.data.redis.test.util.MinimumRedisVersionRule
	at org.springframework.data.redis.support.collections.RedisSetTests.<init>(RedisSetTests.java:38)
]]></error>
  </testcase>
  <testcase name="testRemoveObject[12]" classname="org.springframework.data.redis.support.collections.RedisSetTests" time="0">
    <error message="Could not initialize class org.springframework.data.redis.test.util.MinimumRedisVersionRule" type="java.lang.NoClassDefFoundError"><![CDATA[java.lang.NoClassDefFoundError: Could not initialize class org.springframework.data.redis.test.util.MinimumRedisVersionRule
	at org.springframework.data.redis.support.collections.RedisSetTests.<init>(RedisSetTests.java:38)
]]></error>
  </testcase>
  <testcase name="testHashCode[12]" classname="org.springframework.data.redis.support.collections.RedisSetTests" time="0">
    <error message="Could not initialize class org.springframework.data.redis.test.util.MinimumRedisVersionRule" type="java.lang.NoClassDefFoundError"><![CDATA[java.lang.NoClassDefFoundError: Could not initialize class org.springframework.data.redis.test.util.MinimumRedisVersionRule
	at org.springframework.data.redis.support.collections.RedisSetTests.<init>(RedisSetTests.java:38)
]]></error>
  </testcase>
  <testcase name="testAddAll[12]" classname="org.springframework.data.redis.support.collections.RedisSetTests" time="0">
    <error message="Could not initialize class org.springframework.data.redis.test.util.MinimumRedisVersionRule" type="java.lang.NoClassDefFoundError"><![CDATA[java.lang.NoClassDefFoundError: Could not initialize class org.springframework.data.redis.test.util.MinimumRedisVersionRule
	at org.springframework.data.redis.support.collections.RedisSetTests.<init>(RedisSetTests.java:38)
]]></error>
  </testcase>
  <testcase name="removeAll[12]" classname="org.springframework.data.redis.support.collections.RedisSetTests" time="0">
    <error message="Could not initialize class org.springframework.data.redis.test.util.MinimumRedisVersionRule" type="java.lang.NoClassDefFoundError"><![CDATA[java.lang.NoClassDefFoundError: Could not initialize class org.springframework.data.redis.test.util.MinimumRedisVersionRule
	at org.springframework.data.redis.support.collections.RedisSetTests.<init>(RedisSetTests.java:38)
]]></error>
  </testcase>
  <testcase name="testEquals[12]" classname="org.springframework.data.redis.support.collections.RedisSetTests" time="0">
    <error message="Could not initialize class org.springframework.data.redis.test.util.MinimumRedisVersionRule" type="java.lang.NoClassDefFoundError"><![CDATA[java.lang.NoClassDefFoundError: Could not initialize class org.springframework.data.redis.test.util.MinimumRedisVersionRule
	at org.springframework.data.redis.support.collections.RedisSetTests.<init>(RedisSetTests.java:38)
]]></error>
  </testcase>
  <testcase name="testGetKey[12]" classname="org.springframework.data.redis.support.collections.RedisSetTests" time="0">
    <error message="Could not initialize class org.springframework.data.redis.test.util.MinimumRedisVersionRule" type="java.lang.NoClassDefFoundError"><![CDATA[java.lang.NoClassDefFoundError: Could not initialize class org.springframework.data.redis.test.util.MinimumRedisVersionRule
	at org.springframework.data.redis.support.collections.RedisSetTests.<init>(RedisSetTests.java:38)
]]></error>
  </testcase>
  <testcase name="testIsEmpty[12]" classname="org.springframework.data.redis.support.collections.RedisSetTests" time="0">
    <error message="Could not initialize class org.springframework.data.redis.test.util.MinimumRedisVersionRule" type="java.lang.NoClassDefFoundError"><![CDATA[java.lang.NoClassDefFoundError: Could not initialize class org.springframework.data.redis.test.util.MinimumRedisVersionRule
	at org.springframework.data.redis.support.collections.RedisSetTests.<init>(RedisSetTests.java:38)
]]></error>
  </testcase>
  <testcase name="testDiffAndStore[13]" classname="org.springframework.data.redis.support.collections.RedisSetTests" time="0">
    <error message="Could not initialize class org.springframework.data.redis.test.util.MinimumRedisVersionRule" type="java.lang.NoClassDefFoundError"><![CDATA[java.lang.NoClassDefFoundError: Could not initialize class org.springframework.data.redis.test.util.MinimumRedisVersionRule
	at org.springframework.data.redis.support.collections.RedisSetTests.<init>(RedisSetTests.java:38)
]]></error>
  </testcase>
  <testcase name="testToArray[13]" classname="org.springframework.data.redis.support.collections.RedisSetTests" time="0">
    <error message="Could not initialize class org.springframework.data.redis.test.util.MinimumRedisVersionRule" type="java.lang.NoClassDefFoundError"><![CDATA[java.lang.NoClassDefFoundError: Could not initialize class org.springframework.data.redis.test.util.MinimumRedisVersionRule
	at org.springframework.data.redis.support.collections.RedisSetTests.<init>(RedisSetTests.java:38)
]]></error>
  </testcase>
  <testcase name="testUnion[13]" classname="org.springframework.data.redis.support.collections.RedisSetTests" time="0">
    <error message="Could not initialize class org.springframework.data.redis.test.util.MinimumRedisVersionRule" type="java.lang.NoClassDefFoundError"><![CDATA[java.lang.NoClassDefFoundError: Could not initialize class org.springframework.data.redis.test.util.MinimumRedisVersionRule
	at org.springframework.data.redis.support.collections.RedisSetTests.<init>(RedisSetTests.java:38)
]]></error>
  </testcase>
  <testcase name="testDiff[13]" classname="org.springframework.data.redis.support.collections.RedisSetTests" time="0">
    <error message="Could not initialize class org.springframework.data.redis.test.util.MinimumRedisVersionRule" type="java.lang.NoClassDefFoundError"><![CDATA[java.lang.NoClassDefFoundError: Could not initialize class org.springframework.data.redis.test.util.MinimumRedisVersionRule
	at org.springframework.data.redis.support.collections.RedisSetTests.<init>(RedisSetTests.java:38)
]]></error>
  </testcase>
  <testcase name="testScanWorksCorrectly[13]" classname="org.springframework.data.redis.support.collections.RedisSetTests" time="0">
    <error message="Could not initialize class org.springframework.data.redis.test.util.MinimumRedisVersionRule" type="java.lang.NoClassDefFoundError"><![CDATA[java.lang.NoClassDefFoundError: Could not initialize class org.springframework.data.redis.test.util.MinimumRedisVersionRule
	at org.springframework.data.redis.support.collections.RedisSetTests.<init>(RedisSetTests.java:38)
]]></error>
  </testcase>
  <testcase name="testUnionAndStore[13]" classname="org.springframework.data.redis.support.collections.RedisSetTests" time="0.001">
    <error message="Could not initialize class org.springframework.data.redis.test.util.MinimumRedisVersionRule" type="java.lang.NoClassDefFoundError"><![CDATA[java.lang.NoClassDefFoundError: Could not initialize class org.springframework.data.redis.test.util.MinimumRedisVersionRule
	at org.springframework.data.redis.support.collections.RedisSetTests.<init>(RedisSetTests.java:38)
]]></error>
  </testcase>
  <testcase name="testIntersect[13]" classname="org.springframework.data.redis.support.collections.RedisSetTests" time="0">
    <error message="Could not initialize class org.springframework.data.redis.test.util.MinimumRedisVersionRule" type="java.lang.NoClassDefFoundError"><![CDATA[java.lang.NoClassDefFoundError: Could not initialize class org.springframework.data.redis.test.util.MinimumRedisVersionRule
	at org.springframework.data.redis.support.collections.RedisSetTests.<init>(RedisSetTests.java:38)
]]></error>
  </testcase>
  <testcase name="testToArrayWithGenerics[13]" classname="org.springframework.data.redis.support.collections.RedisSetTests" time="0">
    <error message="Could not initialize class org.springframework.data.redis.test.util.MinimumRedisVersionRule" type="java.lang.NoClassDefFoundError"><![CDATA[java.lang.NoClassDefFoundError: Could not initialize class org.springframework.data.redis.test.util.MinimumRedisVersionRule
	at org.springframework.data.redis.support.collections.RedisSetTests.<init>(RedisSetTests.java:38)
]]></error>
  </testcase>
  <testcase name="testIterator[13]" classname="org.springframework.data.redis.support.collections.RedisSetTests" time="0">
    <error message="Could not initialize class org.springframework.data.redis.test.util.MinimumRedisVersionRule" type="java.lang.NoClassDefFoundError"><![CDATA[java.lang.NoClassDefFoundError: Could not initialize class org.springframework.data.redis.test.util.MinimumRedisVersionRule
	at org.springframework.data.redis.support.collections.RedisSetTests.<init>(RedisSetTests.java:38)
]]></error>
  </testcase>
  <testcase name="testContainsObject[13]" classname="org.springframework.data.redis.support.collections.RedisSetTests" time="0">
    <error message="Could not initialize class org.springframework.data.redis.test.util.MinimumRedisVersionRule" type="java.lang.NoClassDefFoundError"><![CDATA[java.lang.NoClassDefFoundError: Could not initialize class org.springframework.data.redis.test.util.MinimumRedisVersionRule
	at org.springframework.data.redis.support.collections.RedisSetTests.<init>(RedisSetTests.java:38)
]]></error>
  </testcase>
  <testcase name="testAdd[13]" classname="org.springframework.data.redis.support.collections.RedisSetTests" time="0">
    <error message="Could not initialize class org.springframework.data.redis.test.util.MinimumRedisVersionRule" type="java.lang.NoClassDefFoundError"><![CDATA[java.lang.NoClassDefFoundError: Could not initialize class org.springframework.data.redis.test.util.MinimumRedisVersionRule
	at org.springframework.data.redis.support.collections.RedisSetTests.<init>(RedisSetTests.java:38)
]]></error>
  </testcase>
  <testcase name="testClear[13]" classname="org.springframework.data.redis.support.collections.RedisSetTests" time="0">
    <error message="Could not initialize class org.springframework.data.redis.test.util.MinimumRedisVersionRule" type="java.lang.NoClassDefFoundError"><![CDATA[java.lang.NoClassDefFoundError: Could not initialize class org.springframework.data.redis.test.util.MinimumRedisVersionRule
	at org.springframework.data.redis.support.collections.RedisSetTests.<init>(RedisSetTests.java:38)
]]></error>
  </testcase>
  <testcase name="testSize[13]" classname="org.springframework.data.redis.support.collections.RedisSetTests" time="0">
    <error message="Could not initialize class org.springframework.data.redis.test.util.MinimumRedisVersionRule" type="java.lang.NoClassDefFoundError"><![CDATA[java.lang.NoClassDefFoundError: Could not initialize class org.springframework.data.redis.test.util.MinimumRedisVersionRule
	at org.springframework.data.redis.support.collections.RedisSetTests.<init>(RedisSetTests.java:38)
]]></error>
  </testcase>
  <testcase name="testToString[13]" classname="org.springframework.data.redis.support.collections.RedisSetTests" time="0">
    <error message="Could not initialize class org.springframework.data.redis.test.util.MinimumRedisVersionRule" type="java.lang.NoClassDefFoundError"><![CDATA[java.lang.NoClassDefFoundError: Could not initialize class org.springframework.data.redis.test.util.MinimumRedisVersionRule
	at org.springframework.data.redis.support.collections.RedisSetTests.<init>(RedisSetTests.java:38)
]]></error>
  </testcase>
  <testcase name="testContainsAll[13]" classname="org.springframework.data.redis.support.collections.RedisSetTests" time="0">
    <error message="Could not initialize class org.springframework.data.redis.test.util.MinimumRedisVersionRule" type="java.lang.NoClassDefFoundError"><![CDATA[java.lang.NoClassDefFoundError: Could not initialize class org.springframework.data.redis.test.util.MinimumRedisVersionRule
	at org.springframework.data.redis.support.collections.RedisSetTests.<init>(RedisSetTests.java:38)
]]></error>
  </testcase>
  <testcase name="testRemoveObject[13]" classname="org.springframework.data.redis.support.collections.RedisSetTests" time="0">
    <error message="Could not initialize class org.springframework.data.redis.test.util.MinimumRedisVersionRule" type="java.lang.NoClassDefFoundError"><![CDATA[java.lang.NoClassDefFoundError: Could not initialize class org.springframework.data.redis.test.util.MinimumRedisVersionRule
	at org.springframework.data.redis.support.collections.RedisSetTests.<init>(RedisSetTests.java:38)
]]></error>
  </testcase>
  <testcase name="testHashCode[13]" classname="org.springframework.data.redis.support.collections.RedisSetTests" time="0">
    <error message="Could not initialize class org.springframework.data.redis.test.util.MinimumRedisVersionRule" type="java.lang.NoClassDefFoundError"><![CDATA[java.lang.NoClassDefFoundError: Could not initialize class org.springframework.data.redis.test.util.MinimumRedisVersionRule
	at org.springframework.data.redis.support.collections.RedisSetTests.<init>(RedisSetTests.java:38)
]]></error>
  </testcase>
  <testcase name="testAddAll[13]" classname="org.springframework.data.redis.support.collections.RedisSetTests" time="0">
    <error message="Could not initialize class org.springframework.data.redis.test.util.MinimumRedisVersionRule" type="java.lang.NoClassDefFoundError"><![CDATA[java.lang.NoClassDefFoundError: Could not initialize class org.springframework.data.redis.test.util.MinimumRedisVersionRule
	at org.springframework.data.redis.support.collections.RedisSetTests.<init>(RedisSetTests.java:38)
]]></error>
  </testcase>
  <testcase name="removeAll[13]" classname="org.springframework.data.redis.support.collections.RedisSetTests" time="0.001">
    <error message="Could not initialize class org.springframework.data.redis.test.util.MinimumRedisVersionRule" type="java.lang.NoClassDefFoundError"><![CDATA[java.lang.NoClassDefFoundError: Could not initialize class org.springframework.data.redis.test.util.MinimumRedisVersionRule
	at org.springframework.data.redis.support.collections.RedisSetTests.<init>(RedisSetTests.java:38)
]]></error>
  </testcase>
  <testcase name="testEquals[13]" classname="org.springframework.data.redis.support.collections.RedisSetTests" time="0">
    <error message="Could not initialize class org.springframework.data.redis.test.util.MinimumRedisVersionRule" type="java.lang.NoClassDefFoundError"><![CDATA[java.lang.NoClassDefFoundError: Could not initialize class org.springframework.data.redis.test.util.MinimumRedisVersionRule
	at org.springframework.data.redis.support.collections.RedisSetTests.<init>(RedisSetTests.java:38)
]]></error>
  </testcase>
  <testcase name="testGetKey[13]" classname="org.springframework.data.redis.support.collections.RedisSetTests" time="0">
    <error message="Could not initialize class org.springframework.data.redis.test.util.MinimumRedisVersionRule" type="java.lang.NoClassDefFoundError"><![CDATA[java.lang.NoClassDefFoundError: Could not initialize class org.springframework.data.redis.test.util.MinimumRedisVersionRule
	at org.springframework.data.redis.support.collections.RedisSetTests.<init>(RedisSetTests.java:38)
]]></error>
  </testcase>
  <testcase name="testIsEmpty[13]" classname="org.springframework.data.redis.support.collections.RedisSetTests" time="0">
    <error message="Could not initialize class org.springframework.data.redis.test.util.MinimumRedisVersionRule" type="java.lang.NoClassDefFoundError"><![CDATA[java.lang.NoClassDefFoundError: Could not initialize class org.springframework.data.redis.test.util.MinimumRedisVersionRule
	at org.springframework.data.redis.support.collections.RedisSetTests.<init>(RedisSetTests.java:38)
]]></error>
  </testcase>
  <testcase name="testDiffAndStore[14]" classname="org.springframework.data.redis.support.collections.RedisSetTests" time="0">
    <error message="Could not initialize class org.springframework.data.redis.test.util.MinimumRedisVersionRule" type="java.lang.NoClassDefFoundError"><![CDATA[java.lang.NoClassDefFoundError: Could not initialize class org.springframework.data.redis.test.util.MinimumRedisVersionRule
	at org.springframework.data.redis.support.collections.RedisSetTests.<init>(RedisSetTests.java:38)
]]></error>
  </testcase>
  <testcase name="testToArray[14]" classname="org.springframework.data.redis.support.collections.RedisSetTests" time="0">
    <error message="Could not initialize class org.springframework.data.redis.test.util.MinimumRedisVersionRule" type="java.lang.NoClassDefFoundError"><![CDATA[java.lang.NoClassDefFoundError: Could not initialize class org.springframework.data.redis.test.util.MinimumRedisVersionRule
	at org.springframework.data.redis.support.collections.RedisSetTests.<init>(RedisSetTests.java:38)
]]></error>
  </testcase>
  <testcase name="testUnion[14]" classname="org.springframework.data.redis.support.collections.RedisSetTests" time="0">
    <error message="Could not initialize class org.springframework.data.redis.test.util.MinimumRedisVersionRule" type="java.lang.NoClassDefFoundError"><![CDATA[java.lang.NoClassDefFoundError: Could not initialize class org.springframework.data.redis.test.util.MinimumRedisVersionRule
	at org.springframework.data.redis.support.collections.RedisSetTests.<init>(RedisSetTests.java:38)
]]></error>
  </testcase>
  <testcase name="testDiff[14]" classname="org.springframework.data.redis.support.collections.RedisSetTests" time="0">
    <error message="Could not initialize class org.springframework.data.redis.test.util.MinimumRedisVersionRule" type="java.lang.NoClassDefFoundError"><![CDATA[java.lang.NoClassDefFoundError: Could not initialize class org.springframework.data.redis.test.util.MinimumRedisVersionRule
	at org.springframework.data.redis.support.collections.RedisSetTests.<init>(RedisSetTests.java:38)
]]></error>
  </testcase>
  <testcase name="testScanWorksCorrectly[14]" classname="org.springframework.data.redis.support.collections.RedisSetTests" time="0">
    <error message="Could not initialize class org.springframework.data.redis.test.util.MinimumRedisVersionRule" type="java.lang.NoClassDefFoundError"><![CDATA[java.lang.NoClassDefFoundError: Could not initialize class org.springframework.data.redis.test.util.MinimumRedisVersionRule
	at org.springframework.data.redis.support.collections.RedisSetTests.<init>(RedisSetTests.java:38)
]]></error>
  </testcase>
  <testcase name="testUnionAndStore[14]" classname="org.springframework.data.redis.support.collections.RedisSetTests" time="0">
    <error message="Could not initialize class org.springframework.data.redis.test.util.MinimumRedisVersionRule" type="java.lang.NoClassDefFoundError"><![CDATA[java.lang.NoClassDefFoundError: Could not initialize class org.springframework.data.redis.test.util.MinimumRedisVersionRule
	at org.springframework.data.redis.support.collections.RedisSetTests.<init>(RedisSetTests.java:38)
]]></error>
  </testcase>
  <testcase name="testIntersect[14]" classname="org.springframework.data.redis.support.collections.RedisSetTests" time="0">
    <error message="Could not initialize class org.springframework.data.redis.test.util.MinimumRedisVersionRule" type="java.lang.NoClassDefFoundError"><![CDATA[java.lang.NoClassDefFoundError: Could not initialize class org.springframework.data.redis.test.util.MinimumRedisVersionRule
	at org.springframework.data.redis.support.collections.RedisSetTests.<init>(RedisSetTests.java:38)
]]></error>
  </testcase>
  <testcase name="testToArrayWithGenerics[14]" classname="org.springframework.data.redis.support.collections.RedisSetTests" time="0">
    <error message="Could not initialize class org.springframework.data.redis.test.util.MinimumRedisVersionRule" type="java.lang.NoClassDefFoundError"><![CDATA[java.lang.NoClassDefFoundError: Could not initialize class org.springframework.data.redis.test.util.MinimumRedisVersionRule
	at org.springframework.data.redis.support.collections.RedisSetTests.<init>(RedisSetTests.java:38)
]]></error>
  </testcase>
  <testcase name="testIterator[14]" classname="org.springframework.data.redis.support.collections.RedisSetTests" time="0">
    <error message="Could not initialize class org.springframework.data.redis.test.util.MinimumRedisVersionRule" type="java.lang.NoClassDefFoundError"><![CDATA[java.lang.NoClassDefFoundError: Could not initialize class org.springframework.data.redis.test.util.MinimumRedisVersionRule
	at org.springframework.data.redis.support.collections.RedisSetTests.<init>(RedisSetTests.java:38)
]]></error>
  </testcase>
  <testcase name="testContainsObject[14]" classname="org.springframework.data.redis.support.collections.RedisSetTests" time="0.001">
    <error message="Could not initialize class org.springframework.data.redis.test.util.MinimumRedisVersionRule" type="java.lang.NoClassDefFoundError"><![CDATA[java.lang.NoClassDefFoundError: Could not initialize class org.springframework.data.redis.test.util.MinimumRedisVersionRule
	at org.springframework.data.redis.support.collections.RedisSetTests.<init>(RedisSetTests.java:38)
]]></error>
  </testcase>
  <testcase name="testAdd[14]" classname="org.springframework.data.redis.support.collections.RedisSetTests" time="0">
    <error message="Could not initialize class org.springframework.data.redis.test.util.MinimumRedisVersionRule" type="java.lang.NoClassDefFoundError"><![CDATA[java.lang.NoClassDefFoundError: Could not initialize class org.springframework.data.redis.test.util.MinimumRedisVersionRule
	at org.springframework.data.redis.support.collections.RedisSetTests.<init>(RedisSetTests.java:38)
]]></error>
  </testcase>
  <testcase name="testClear[14]" classname="org.springframework.data.redis.support.collections.RedisSetTests" time="0">
    <error message="Could not initialize class org.springframework.data.redis.test.util.MinimumRedisVersionRule" type="java.lang.NoClassDefFoundError"><![CDATA[java.lang.NoClassDefFoundError: Could not initialize class org.springframework.data.redis.test.util.MinimumRedisVersionRule
	at org.springframework.data.redis.support.collections.RedisSetTests.<init>(RedisSetTests.java:38)
]]></error>
  </testcase>
  <testcase name="testSize[14]" classname="org.springframework.data.redis.support.collections.RedisSetTests" time="0">
    <error message="Could not initialize class org.springframework.data.redis.test.util.MinimumRedisVersionRule" type="java.lang.NoClassDefFoundError"><![CDATA[java.lang.NoClassDefFoundError: Could not initialize class org.springframework.data.redis.test.util.MinimumRedisVersionRule
	at org.springframework.data.redis.support.collections.RedisSetTests.<init>(RedisSetTests.java:38)
]]></error>
  </testcase>
  <testcase name="testToString[14]" classname="org.springframework.data.redis.support.collections.RedisSetTests" time="0">
    <error message="Could not initialize class org.springframework.data.redis.test.util.MinimumRedisVersionRule" type="java.lang.NoClassDefFoundError"><![CDATA[java.lang.NoClassDefFoundError: Could not initialize class org.springframework.data.redis.test.util.MinimumRedisVersionRule
	at org.springframework.data.redis.support.collections.RedisSetTests.<init>(RedisSetTests.java:38)
]]></error>
  </testcase>
  <testcase name="testContainsAll[14]" classname="org.springframework.data.redis.support.collections.RedisSetTests" time="0">
    <error message="Could not initialize class org.springframework.data.redis.test.util.MinimumRedisVersionRule" type="java.lang.NoClassDefFoundError"><![CDATA[java.lang.NoClassDefFoundError: Could not initialize class org.springframework.data.redis.test.util.MinimumRedisVersionRule
	at org.springframework.data.redis.support.collections.RedisSetTests.<init>(RedisSetTests.java:38)
]]></error>
  </testcase>
  <testcase name="testRemoveObject[14]" classname="org.springframework.data.redis.support.collections.RedisSetTests" time="0">
    <error message="Could not initialize class org.springframework.data.redis.test.util.MinimumRedisVersionRule" type="java.lang.NoClassDefFoundError"><![CDATA[java.lang.NoClassDefFoundError: Could not initialize class org.springframework.data.redis.test.util.MinimumRedisVersionRule
	at org.springframework.data.redis.support.collections.RedisSetTests.<init>(RedisSetTests.java:38)
]]></error>
  </testcase>
  <testcase name="testHashCode[14]" classname="org.springframework.data.redis.support.collections.RedisSetTests" time="0.001">
    <error message="Could not initialize class org.springframework.data.redis.test.util.MinimumRedisVersionRule" type="java.lang.NoClassDefFoundError"><![CDATA[java.lang.NoClassDefFoundError: Could not initialize class org.springframework.data.redis.test.util.MinimumRedisVersionRule
	at org.springframework.data.redis.support.collections.RedisSetTests.<init>(RedisSetTests.java:38)
]]></error>
  </testcase>
  <testcase name="testAddAll[14]" classname="org.springframework.data.redis.support.collections.RedisSetTests" time="0">
    <error message="Could not initialize class org.springframework.data.redis.test.util.MinimumRedisVersionRule" type="java.lang.NoClassDefFoundError"><![CDATA[java.lang.NoClassDefFoundError: Could not initialize class org.springframework.data.redis.test.util.MinimumRedisVersionRule
	at org.springframework.data.redis.support.collections.RedisSetTests.<init>(RedisSetTests.java:38)
]]></error>
  </testcase>
  <testcase name="removeAll[14]" classname="org.springframework.data.redis.support.collections.RedisSetTests" time="0">
    <error message="Could not initialize class org.springframework.data.redis.test.util.MinimumRedisVersionRule" type="java.lang.NoClassDefFoundError"><![CDATA[java.lang.NoClassDefFoundError: Could not initialize class org.springframework.data.redis.test.util.MinimumRedisVersionRule
	at org.springframework.data.redis.support.collections.RedisSetTests.<init>(RedisSetTests.java:38)
]]></error>
  </testcase>
  <testcase name="testEquals[14]" classname="org.springframework.data.redis.support.collections.RedisSetTests" time="0">
    <error message="Could not initialize class org.springframework.data.redis.test.util.MinimumRedisVersionRule" type="java.lang.NoClassDefFoundError"><![CDATA[java.lang.NoClassDefFoundError: Could not initialize class org.springframework.data.redis.test.util.MinimumRedisVersionRule
	at org.springframework.data.redis.support.collections.RedisSetTests.<init>(RedisSetTests.java:38)
]]></error>
  </testcase>
  <testcase name="testGetKey[14]" classname="org.springframework.data.redis.support.collections.RedisSetTests" time="0">
    <error message="Could not initialize class org.springframework.data.redis.test.util.MinimumRedisVersionRule" type="java.lang.NoClassDefFoundError"><![CDATA[java.lang.NoClassDefFoundError: Could not initialize class org.springframework.data.redis.test.util.MinimumRedisVersionRule
	at org.springframework.data.redis.support.collections.RedisSetTests.<init>(RedisSetTests.java:38)
]]></error>
  </testcase>
  <testcase name="testIsEmpty[14]" classname="org.springframework.data.redis.support.collections.RedisSetTests" time="0">
    <error message="Could not initialize class org.springframework.data.redis.test.util.MinimumRedisVersionRule" type="java.lang.NoClassDefFoundError"><![CDATA[java.lang.NoClassDefFoundError: Could not initialize class org.springframework.data.redis.test.util.MinimumRedisVersionRule
	at org.springframework.data.redis.support.collections.RedisSetTests.<init>(RedisSetTests.java:38)
]]></error>
  </testcase>
  <testcase name="testDiffAndStore[15]" classname="org.springframework.data.redis.support.collections.RedisSetTests" time="0.001">
    <error message="Could not initialize class org.springframework.data.redis.test.util.MinimumRedisVersionRule" type="java.lang.NoClassDefFoundError"><![CDATA[java.lang.NoClassDefFoundError: Could not initialize class org.springframework.data.redis.test.util.MinimumRedisVersionRule
	at org.springframework.data.redis.support.collections.RedisSetTests.<init>(RedisSetTests.java:38)
]]></error>
  </testcase>
  <testcase name="testToArray[15]" classname="org.springframework.data.redis.support.collections.RedisSetTests" time="0">
    <error message="Could not initialize class org.springframework.data.redis.test.util.MinimumRedisVersionRule" type="java.lang.NoClassDefFoundError"><![CDATA[java.lang.NoClassDefFoundError: Could not initialize class org.springframework.data.redis.test.util.MinimumRedisVersionRule
	at org.springframework.data.redis.support.collections.RedisSetTests.<init>(RedisSetTests.java:38)
]]></error>
  </testcase>
  <testcase name="testUnion[15]" classname="org.springframework.data.redis.support.collections.RedisSetTests" time="0">
    <error message="Could not initialize class org.springframework.data.redis.test.util.MinimumRedisVersionRule" type="java.lang.NoClassDefFoundError"><![CDATA[java.lang.NoClassDefFoundError: Could not initialize class org.springframework.data.redis.test.util.MinimumRedisVersionRule
	at org.springframework.data.redis.support.collections.RedisSetTests.<init>(RedisSetTests.java:38)
]]></error>
  </testcase>
  <testcase name="testDiff[15]" classname="org.springframework.data.redis.support.collections.RedisSetTests" time="0">
    <error message="Could not initialize class org.springframework.data.redis.test.util.MinimumRedisVersionRule" type="java.lang.NoClassDefFoundError"><![CDATA[java.lang.NoClassDefFoundError: Could not initialize class org.springframework.data.redis.test.util.MinimumRedisVersionRule
	at org.springframework.data.redis.support.collections.RedisSetTests.<init>(RedisSetTests.java:38)
]]></error>
  </testcase>
  <testcase name="testScanWorksCorrectly[15]" classname="org.springframework.data.redis.support.collections.RedisSetTests" time="0">
    <error message="Could not initialize class org.springframework.data.redis.test.util.MinimumRedisVersionRule" type="java.lang.NoClassDefFoundError"><![CDATA[java.lang.NoClassDefFoundError: Could not initialize class org.springframework.data.redis.test.util.MinimumRedisVersionRule
	at org.springframework.data.redis.support.collections.RedisSetTests.<init>(RedisSetTests.java:38)
]]></error>
  </testcase>
  <testcase name="testUnionAndStore[15]" classname="org.springframework.data.redis.support.collections.RedisSetTests" time="0">
    <error message="Could not initialize class org.springframework.data.redis.test.util.MinimumRedisVersionRule" type="java.lang.NoClassDefFoundError"><![CDATA[java.lang.NoClassDefFoundError: Could not initialize class org.springframework.data.redis.test.util.MinimumRedisVersionRule
	at org.springframework.data.redis.support.collections.RedisSetTests.<init>(RedisSetTests.java:38)
]]></error>
  </testcase>
  <testcase name="testIntersect[15]" classname="org.springframework.data.redis.support.collections.RedisSetTests" time="0.001">
    <error message="Could not initialize class org.springframework.data.redis.test.util.MinimumRedisVersionRule" type="java.lang.NoClassDefFoundError"><![CDATA[java.lang.NoClassDefFoundError: Could not initialize class org.springframework.data.redis.test.util.MinimumRedisVersionRule
	at org.springframework.data.redis.support.collections.RedisSetTests.<init>(RedisSetTests.java:38)
]]></error>
  </testcase>
  <testcase name="testToArrayWithGenerics[15]" classname="org.springframework.data.redis.support.collections.RedisSetTests" time="0">
    <error message="Could not initialize class org.springframework.data.redis.test.util.MinimumRedisVersionRule" type="java.lang.NoClassDefFoundError"><![CDATA[java.lang.NoClassDefFoundError: Could not initialize class org.springframework.data.redis.test.util.MinimumRedisVersionRule
	at org.springframework.data.redis.support.collections.RedisSetTests.<init>(RedisSetTests.java:38)
]]></error>
  </testcase>
  <testcase name="testIterator[15]" classname="org.springframework.data.redis.support.collections.RedisSetTests" time="0">
    <error message="Could not initialize class org.springframework.data.redis.test.util.MinimumRedisVersionRule" type="java.lang.NoClassDefFoundError"><![CDATA[java.lang.NoClassDefFoundError: Could not initialize class org.springframework.data.redis.test.util.MinimumRedisVersionRule
	at org.springframework.data.redis.support.collections.RedisSetTests.<init>(RedisSetTests.java:38)
]]></error>
  </testcase>
  <testcase name="testContainsObject[15]" classname="org.springframework.data.redis.support.collections.RedisSetTests" time="0">
    <error message="Could not initialize class org.springframework.data.redis.test.util.MinimumRedisVersionRule" type="java.lang.NoClassDefFoundError"><![CDATA[java.lang.NoClassDefFoundError: Could not initialize class org.springframework.data.redis.test.util.MinimumRedisVersionRule
	at org.springframework.data.redis.support.collections.RedisSetTests.<init>(RedisSetTests.java:38)
]]></error>
  </testcase>
  <testcase name="testAdd[15]" classname="org.springframework.data.redis.support.collections.RedisSetTests" time="0">
    <error message="Could not initialize class org.springframework.data.redis.test.util.MinimumRedisVersionRule" type="java.lang.NoClassDefFoundError"><![CDATA[java.lang.NoClassDefFoundError: Could not initialize class org.springframework.data.redis.test.util.MinimumRedisVersionRule
	at org.springframework.data.redis.support.collections.RedisSetTests.<init>(RedisSetTests.java:38)
]]></error>
  </testcase>
  <testcase name="testClear[15]" classname="org.springframework.data.redis.support.collections.RedisSetTests" time="0">
    <error message="Could not initialize class org.springframework.data.redis.test.util.MinimumRedisVersionRule" type="java.lang.NoClassDefFoundError"><![CDATA[java.lang.NoClassDefFoundError: Could not initialize class org.springframework.data.redis.test.util.MinimumRedisVersionRule
	at org.springframework.data.redis.support.collections.RedisSetTests.<init>(RedisSetTests.java:38)
]]></error>
  </testcase>
  <testcase name="testSize[15]" classname="org.springframework.data.redis.support.collections.RedisSetTests" time="0">
    <error message="Could not initialize class org.springframework.data.redis.test.util.MinimumRedisVersionRule" type="java.lang.NoClassDefFoundError"><![CDATA[java.lang.NoClassDefFoundError: Could not initialize class org.springframework.data.redis.test.util.MinimumRedisVersionRule
	at org.springframework.data.redis.support.collections.RedisSetTests.<init>(RedisSetTests.java:38)
]]></error>
  </testcase>
  <testcase name="testToString[15]" classname="org.springframework.data.redis.support.collections.RedisSetTests" time="0">
    <error message="Could not initialize class org.springframework.data.redis.test.util.MinimumRedisVersionRule" type="java.lang.NoClassDefFoundError"><![CDATA[java.lang.NoClassDefFoundError: Could not initialize class org.springframework.data.redis.test.util.MinimumRedisVersionRule
	at org.springframework.data.redis.support.collections.RedisSetTests.<init>(RedisSetTests.java:38)
]]></error>
  </testcase>
  <testcase name="testContainsAll[15]" classname="org.springframework.data.redis.support.collections.RedisSetTests" time="0">
    <error message="Could not initialize class org.springframework.data.redis.test.util.MinimumRedisVersionRule" type="java.lang.NoClassDefFoundError"><![CDATA[java.lang.NoClassDefFoundError: Could not initialize class org.springframework.data.redis.test.util.MinimumRedisVersionRule
	at org.springframework.data.redis.support.collections.RedisSetTests.<init>(RedisSetTests.java:38)
]]></error>
  </testcase>
  <testcase name="testRemoveObject[15]" classname="org.springframework.data.redis.support.collections.RedisSetTests" time="0">
    <error message="Could not initialize class org.springframework.data.redis.test.util.MinimumRedisVersionRule" type="java.lang.NoClassDefFoundError"><![CDATA[java.lang.NoClassDefFoundError: Could not initialize class org.springframework.data.redis.test.util.MinimumRedisVersionRule
	at org.springframework.data.redis.support.collections.RedisSetTests.<init>(RedisSetTests.java:38)
]]></error>
  </testcase>
  <testcase name="testHashCode[15]" classname="org.springframework.data.redis.support.collections.RedisSetTests" time="0">
    <error message="Could not initialize class org.springframework.data.redis.test.util.MinimumRedisVersionRule" type="java.lang.NoClassDefFoundError"><![CDATA[java.lang.NoClassDefFoundError: Could not initialize class org.springframework.data.redis.test.util.MinimumRedisVersionRule
	at org.springframework.data.redis.support.collections.RedisSetTests.<init>(RedisSetTests.java:38)
]]></error>
  </testcase>
  <testcase name="testAddAll[15]" classname="org.springframework.data.redis.support.collections.RedisSetTests" time="0">
    <error message="Could not initialize class org.springframework.data.redis.test.util.MinimumRedisVersionRule" type="java.lang.NoClassDefFoundError"><![CDATA[java.lang.NoClassDefFoundError: Could not initialize class org.springframework.data.redis.test.util.MinimumRedisVersionRule
	at org.springframework.data.redis.support.collections.RedisSetTests.<init>(RedisSetTests.java:38)
]]></error>
  </testcase>
  <testcase name="removeAll[15]" classname="org.springframework.data.redis.support.collections.RedisSetTests" time="0">
    <error message="Could not initialize class org.springframework.data.redis.test.util.MinimumRedisVersionRule" type="java.lang.NoClassDefFoundError"><![CDATA[java.lang.NoClassDefFoundError: Could not initialize class org.springframework.data.redis.test.util.MinimumRedisVersionRule
	at org.springframework.data.redis.support.collections.RedisSetTests.<init>(RedisSetTests.java:38)
]]></error>
  </testcase>
  <testcase name="testEquals[15]" classname="org.springframework.data.redis.support.collections.RedisSetTests" time="0.001">
    <error message="Could not initialize class org.springframework.data.redis.test.util.MinimumRedisVersionRule" type="java.lang.NoClassDefFoundError"><![CDATA[java.lang.NoClassDefFoundError: Could not initialize class org.springframework.data.redis.test.util.MinimumRedisVersionRule
	at org.springframework.data.redis.support.collections.RedisSetTests.<init>(RedisSetTests.java:38)
]]></error>
  </testcase>
  <testcase name="testGetKey[15]" classname="org.springframework.data.redis.support.collections.RedisSetTests" time="0">
    <error message="Could not initialize class org.springframework.data.redis.test.util.MinimumRedisVersionRule" type="java.lang.NoClassDefFoundError"><![CDATA[java.lang.NoClassDefFoundError: Could not initialize class org.springframework.data.redis.test.util.MinimumRedisVersionRule
	at org.springframework.data.redis.support.collections.RedisSetTests.<init>(RedisSetTests.java:38)
]]></error>
  </testcase>
  <testcase name="testIsEmpty[15]" classname="org.springframework.data.redis.support.collections.RedisSetTests" time="0">
    <error message="Could not initialize class org.springframework.data.redis.test.util.MinimumRedisVersionRule" type="java.lang.NoClassDefFoundError"><![CDATA[java.lang.NoClassDefFoundError: Could not initialize class org.springframework.data.redis.test.util.MinimumRedisVersionRule
	at org.springframework.data.redis.support.collections.RedisSetTests.<init>(RedisSetTests.java:38)
]]></error>
  </testcase>
  <testcase name="testDiffAndStore[16]" classname="org.springframework.data.redis.support.collections.RedisSetTests" time="0">
    <error message="Could not initialize class org.springframework.data.redis.test.util.MinimumRedisVersionRule" type="java.lang.NoClassDefFoundError"><![CDATA[java.lang.NoClassDefFoundError: Could not initialize class org.springframework.data.redis.test.util.MinimumRedisVersionRule
	at org.springframework.data.redis.support.collections.RedisSetTests.<init>(RedisSetTests.java:38)
]]></error>
  </testcase>
  <testcase name="testToArray[16]" classname="org.springframework.data.redis.support.collections.RedisSetTests" time="0">
    <error message="Could not initialize class org.springframework.data.redis.test.util.MinimumRedisVersionRule" type="java.lang.NoClassDefFoundError"><![CDATA[java.lang.NoClassDefFoundError: Could not initialize class org.springframework.data.redis.test.util.MinimumRedisVersionRule
	at org.springframework.data.redis.support.collections.RedisSetTests.<init>(RedisSetTests.java:38)
]]></error>
  </testcase>
  <testcase name="testUnion[16]" classname="org.springframework.data.redis.support.collections.RedisSetTests" time="0">
    <error message="Could not initialize class org.springframework.data.redis.test.util.MinimumRedisVersionRule" type="java.lang.NoClassDefFoundError"><![CDATA[java.lang.NoClassDefFoundError: Could not initialize class org.springframework.data.redis.test.util.MinimumRedisVersionRule
	at org.springframework.data.redis.support.collections.RedisSetTests.<init>(RedisSetTests.java:38)
]]></error>
  </testcase>
  <testcase name="testDiff[16]" classname="org.springframework.data.redis.support.collections.RedisSetTests" time="0">
    <error message="Could not initialize class org.springframework.data.redis.test.util.MinimumRedisVersionRule" type="java.lang.NoClassDefFoundError"><![CDATA[java.lang.NoClassDefFoundError: Could not initialize class org.springframework.data.redis.test.util.MinimumRedisVersionRule
	at org.springframework.data.redis.support.collections.RedisSetTests.<init>(RedisSetTests.java:38)
]]></error>
  </testcase>
  <testcase name="testScanWorksCorrectly[16]" classname="org.springframework.data.redis.support.collections.RedisSetTests" time="0.001">
    <error message="Could not initialize class org.springframework.data.redis.test.util.MinimumRedisVersionRule" type="java.lang.NoClassDefFoundError"><![CDATA[java.lang.NoClassDefFoundError: Could not initialize class org.springframework.data.redis.test.util.MinimumRedisVersionRule
	at org.springframework.data.redis.support.collections.RedisSetTests.<init>(RedisSetTests.java:38)
]]></error>
  </testcase>
  <testcase name="testUnionAndStore[16]" classname="org.springframework.data.redis.support.collections.RedisSetTests" time="0">
    <error message="Could not initialize class org.springframework.data.redis.test.util.MinimumRedisVersionRule" type="java.lang.NoClassDefFoundError"><![CDATA[java.lang.NoClassDefFoundError: Could not initialize class org.springframework.data.redis.test.util.MinimumRedisVersionRule
	at org.springframework.data.redis.support.collections.RedisSetTests.<init>(RedisSetTests.java:38)
]]></error>
  </testcase>
  <testcase name="testIntersect[16]" classname="org.springframework.data.redis.support.collections.RedisSetTests" time="0">
    <error message="Could not initialize class org.springframework.data.redis.test.util.MinimumRedisVersionRule" type="java.lang.NoClassDefFoundError"><![CDATA[java.lang.NoClassDefFoundError: Could not initialize class org.springframework.data.redis.test.util.MinimumRedisVersionRule
	at org.springframework.data.redis.support.collections.RedisSetTests.<init>(RedisSetTests.java:38)
]]></error>
  </testcase>
  <testcase name="testToArrayWithGenerics[16]" classname="org.springframework.data.redis.support.collections.RedisSetTests" time="0">
    <error message="Could not initialize class org.springframework.data.redis.test.util.MinimumRedisVersionRule" type="java.lang.NoClassDefFoundError"><![CDATA[java.lang.NoClassDefFoundError: Could not initialize class org.springframework.data.redis.test.util.MinimumRedisVersionRule
	at org.springframework.data.redis.support.collections.RedisSetTests.<init>(RedisSetTests.java:38)
]]></error>
  </testcase>
  <testcase name="testIterator[16]" classname="org.springframework.data.redis.support.collections.RedisSetTests" time="0">
    <error message="Could not initialize class org.springframework.data.redis.test.util.MinimumRedisVersionRule" type="java.lang.NoClassDefFoundError"><![CDATA[java.lang.NoClassDefFoundError: Could not initialize class org.springframework.data.redis.test.util.MinimumRedisVersionRule
	at org.springframework.data.redis.support.collections.RedisSetTests.<init>(RedisSetTests.java:38)
]]></error>
  </testcase>
  <testcase name="testContainsObject[16]" classname="org.springframework.data.redis.support.collections.RedisSetTests" time="0">
    <error message="Could not initialize class org.springframework.data.redis.test.util.MinimumRedisVersionRule" type="java.lang.NoClassDefFoundError"><![CDATA[java.lang.NoClassDefFoundError: Could not initialize class org.springframework.data.redis.test.util.MinimumRedisVersionRule
	at org.springframework.data.redis.support.collections.RedisSetTests.<init>(RedisSetTests.java:38)
]]></error>
  </testcase>
  <testcase name="testAdd[16]" classname="org.springframework.data.redis.support.collections.RedisSetTests" time="0">
    <error message="Could not initialize class org.springframework.data.redis.test.util.MinimumRedisVersionRule" type="java.lang.NoClassDefFoundError"><![CDATA[java.lang.NoClassDefFoundError: Could not initialize class org.springframework.data.redis.test.util.MinimumRedisVersionRule
	at org.springframework.data.redis.support.collections.RedisSetTests.<init>(RedisSetTests.java:38)
]]></error>
  </testcase>
  <testcase name="testClear[16]" classname="org.springframework.data.redis.support.collections.RedisSetTests" time="0.001">
    <error message="Could not initialize class org.springframework.data.redis.test.util.MinimumRedisVersionRule" type="java.lang.NoClassDefFoundError"><![CDATA[java.lang.NoClassDefFoundError: Could not initialize class org.springframework.data.redis.test.util.MinimumRedisVersionRule
	at org.springframework.data.redis.support.collections.RedisSetTests.<init>(RedisSetTests.java:38)
]]></error>
  </testcase>
  <testcase name="testSize[16]" classname="org.springframework.data.redis.support.collections.RedisSetTests" time="0">
    <error message="Could not initialize class org.springframework.data.redis.test.util.MinimumRedisVersionRule" type="java.lang.NoClassDefFoundError"><![CDATA[java.lang.NoClassDefFoundError: Could not initialize class org.springframework.data.redis.test.util.MinimumRedisVersionRule
	at org.springframework.data.redis.support.collections.RedisSetTests.<init>(RedisSetTests.java:38)
]]></error>
  </testcase>
  <testcase name="testToString[16]" classname="org.springframework.data.redis.support.collections.RedisSetTests" time="0">
    <error message="Could not initialize class org.springframework.data.redis.test.util.MinimumRedisVersionRule" type="java.lang.NoClassDefFoundError"><![CDATA[java.lang.NoClassDefFoundError: Could not initialize class org.springframework.data.redis.test.util.MinimumRedisVersionRule
	at org.springframework.data.redis.support.collections.RedisSetTests.<init>(RedisSetTests.java:38)
]]></error>
  </testcase>
  <testcase name="testContainsAll[16]" classname="org.springframework.data.redis.support.collections.RedisSetTests" time="0">
    <error message="Could not initialize class org.springframework.data.redis.test.util.MinimumRedisVersionRule" type="java.lang.NoClassDefFoundError"><![CDATA[java.lang.NoClassDefFoundError: Could not initialize class org.springframework.data.redis.test.util.MinimumRedisVersionRule
	at org.springframework.data.redis.support.collections.RedisSetTests.<init>(RedisSetTests.java:38)
]]></error>
  </testcase>
  <testcase name="testRemoveObject[16]" classname="org.springframework.data.redis.support.collections.RedisSetTests" time="0">
    <error message="Could not initialize class org.springframework.data.redis.test.util.MinimumRedisVersionRule" type="java.lang.NoClassDefFoundError"><![CDATA[java.lang.NoClassDefFoundError: Could not initialize class org.springframework.data.redis.test.util.MinimumRedisVersionRule
	at org.springframework.data.redis.support.collections.RedisSetTests.<init>(RedisSetTests.java:38)
]]></error>
  </testcase>
  <testcase name="testHashCode[16]" classname="org.springframework.data.redis.support.collections.RedisSetTests" time="0">
    <error message="Could not initialize class org.springframework.data.redis.test.util.MinimumRedisVersionRule" type="java.lang.NoClassDefFoundError"><![CDATA[java.lang.NoClassDefFoundError: Could not initialize class org.springframework.data.redis.test.util.MinimumRedisVersionRule
	at org.springframework.data.redis.support.collections.RedisSetTests.<init>(RedisSetTests.java:38)
]]></error>
  </testcase>
  <testcase name="testAddAll[16]" classname="org.springframework.data.redis.support.collections.RedisSetTests" time="0">
    <error message="Could not initialize class org.springframework.data.redis.test.util.MinimumRedisVersionRule" type="java.lang.NoClassDefFoundError"><![CDATA[java.lang.NoClassDefFoundError: Could not initialize class org.springframework.data.redis.test.util.MinimumRedisVersionRule
	at org.springframework.data.redis.support.collections.RedisSetTests.<init>(RedisSetTests.java:38)
]]></error>
  </testcase>
  <testcase name="removeAll[16]" classname="org.springframework.data.redis.support.collections.RedisSetTests" time="0.001">
    <error message="Could not initialize class org.springframework.data.redis.test.util.MinimumRedisVersionRule" type="java.lang.NoClassDefFoundError"><![CDATA[java.lang.NoClassDefFoundError: Could not initialize class org.springframework.data.redis.test.util.MinimumRedisVersionRule
	at org.springframework.data.redis.support.collections.RedisSetTests.<init>(RedisSetTests.java:38)
]]></error>
  </testcase>
  <testcase name="testEquals[16]" classname="org.springframework.data.redis.support.collections.RedisSetTests" time="0">
    <error message="Could not initialize class org.springframework.data.redis.test.util.MinimumRedisVersionRule" type="java.lang.NoClassDefFoundError"><![CDATA[java.lang.NoClassDefFoundError: Could not initialize class org.springframework.data.redis.test.util.MinimumRedisVersionRule
	at org.springframework.data.redis.support.collections.RedisSetTests.<init>(RedisSetTests.java:38)
]]></error>
  </testcase>
  <testcase name="testGetKey[16]" classname="org.springframework.data.redis.support.collections.RedisSetTests" time="0">
    <error message="Could not initialize class org.springframework.data.redis.test.util.MinimumRedisVersionRule" type="java.lang.NoClassDefFoundError"><![CDATA[java.lang.NoClassDefFoundError: Could not initialize class org.springframework.data.redis.test.util.MinimumRedisVersionRule
	at org.springframework.data.redis.support.collections.RedisSetTests.<init>(RedisSetTests.java:38)
]]></error>
  </testcase>
  <testcase name="testIsEmpty[16]" classname="org.springframework.data.redis.support.collections.RedisSetTests" time="0">
    <error message="Could not initialize class org.springframework.data.redis.test.util.MinimumRedisVersionRule" type="java.lang.NoClassDefFoundError"><![CDATA[java.lang.NoClassDefFoundError: Could not initialize class org.springframework.data.redis.test.util.MinimumRedisVersionRule
	at org.springframework.data.redis.support.collections.RedisSetTests.<init>(RedisSetTests.java:38)
]]></error>
  </testcase>
  <testcase name="testDiffAndStore[17]" classname="org.springframework.data.redis.support.collections.RedisSetTests" time="0">
    <error message="Could not initialize class org.springframework.data.redis.test.util.MinimumRedisVersionRule" type="java.lang.NoClassDefFoundError"><![CDATA[java.lang.NoClassDefFoundError: Could not initialize class org.springframework.data.redis.test.util.MinimumRedisVersionRule
	at org.springframework.data.redis.support.collections.RedisSetTests.<init>(RedisSetTests.java:38)
]]></error>
  </testcase>
  <testcase name="testToArray[17]" classname="org.springframework.data.redis.support.collections.RedisSetTests" time="0">
    <error message="Could not initialize class org.springframework.data.redis.test.util.MinimumRedisVersionRule" type="java.lang.NoClassDefFoundError"><![CDATA[java.lang.NoClassDefFoundError: Could not initialize class org.springframework.data.redis.test.util.MinimumRedisVersionRule
	at org.springframework.data.redis.support.collections.RedisSetTests.<init>(RedisSetTests.java:38)
]]></error>
  </testcase>
  <testcase name="testUnion[17]" classname="org.springframework.data.redis.support.collections.RedisSetTests" time="0">
    <error message="Could not initialize class org.springframework.data.redis.test.util.MinimumRedisVersionRule" type="java.lang.NoClassDefFoundError"><![CDATA[java.lang.NoClassDefFoundError: Could not initialize class org.springframework.data.redis.test.util.MinimumRedisVersionRule
	at org.springframework.data.redis.support.collections.RedisSetTests.<init>(RedisSetTests.java:38)
]]></error>
  </testcase>
  <testcase name="testDiff[17]" classname="org.springframework.data.redis.support.collections.RedisSetTests" time="0">
    <error message="Could not initialize class org.springframework.data.redis.test.util.MinimumRedisVersionRule" type="java.lang.NoClassDefFoundError"><![CDATA[java.lang.NoClassDefFoundError: Could not initialize class org.springframework.data.redis.test.util.MinimumRedisVersionRule
	at org.springframework.data.redis.support.collections.RedisSetTests.<init>(RedisSetTests.java:38)
]]></error>
  </testcase>
  <testcase name="testScanWorksCorrectly[17]" classname="org.springframework.data.redis.support.collections.RedisSetTests" time="0.001">
    <error message="Could not initialize class org.springframework.data.redis.test.util.MinimumRedisVersionRule" type="java.lang.NoClassDefFoundError"><![CDATA[java.lang.NoClassDefFoundError: Could not initialize class org.springframework.data.redis.test.util.MinimumRedisVersionRule
	at org.springframework.data.redis.support.collections.RedisSetTests.<init>(RedisSetTests.java:38)
]]></error>
  </testcase>
  <testcase name="testUnionAndStore[17]" classname="org.springframework.data.redis.support.collections.RedisSetTests" time="0">
    <error message="Could not initialize class org.springframework.data.redis.test.util.MinimumRedisVersionRule" type="java.lang.NoClassDefFoundError"><![CDATA[java.lang.NoClassDefFoundError: Could not initialize class org.springframework.data.redis.test.util.MinimumRedisVersionRule
	at org.springframework.data.redis.support.collections.RedisSetTests.<init>(RedisSetTests.java:38)
]]></error>
  </testcase>
  <testcase name="testIntersect[17]" classname="org.springframework.data.redis.support.collections.RedisSetTests" time="0">
    <error message="Could not initialize class org.springframework.data.redis.test.util.MinimumRedisVersionRule" type="java.lang.NoClassDefFoundError"><![CDATA[java.lang.NoClassDefFoundError: Could not initialize class org.springframework.data.redis.test.util.MinimumRedisVersionRule
	at org.springframework.data.redis.support.collections.RedisSetTests.<init>(RedisSetTests.java:38)
]]></error>
  </testcase>
  <testcase name="testToArrayWithGenerics[17]" classname="org.springframework.data.redis.support.collections.RedisSetTests" time="0">
    <error message="Could not initialize class org.springframework.data.redis.test.util.MinimumRedisVersionRule" type="java.lang.NoClassDefFoundError"><![CDATA[java.lang.NoClassDefFoundError: Could not initialize class org.springframework.data.redis.test.util.MinimumRedisVersionRule
	at org.springframework.data.redis.support.collections.RedisSetTests.<init>(RedisSetTests.java:38)
]]></error>
  </testcase>
  <testcase name="testIterator[17]" classname="org.springframework.data.redis.support.collections.RedisSetTests" time="0">
    <error message="Could not initialize class org.springframework.data.redis.test.util.MinimumRedisVersionRule" type="java.lang.NoClassDefFoundError"><![CDATA[java.lang.NoClassDefFoundError: Could not initialize class org.springframework.data.redis.test.util.MinimumRedisVersionRule
	at org.springframework.data.redis.support.collections.RedisSetTests.<init>(RedisSetTests.java:38)
]]></error>
  </testcase>
  <testcase name="testContainsObject[17]" classname="org.springframework.data.redis.support.collections.RedisSetTests" time="0">
    <error message="Could not initialize class org.springframework.data.redis.test.util.MinimumRedisVersionRule" type="java.lang.NoClassDefFoundError"><![CDATA[java.lang.NoClassDefFoundError: Could not initialize class org.springframework.data.redis.test.util.MinimumRedisVersionRule
	at org.springframework.data.redis.support.collections.RedisSetTests.<init>(RedisSetTests.java:38)
]]></error>
  </testcase>
  <testcase name="testAdd[17]" classname="org.springframework.data.redis.support.collections.RedisSetTests" time="0">
    <error message="Could not initialize class org.springframework.data.redis.test.util.MinimumRedisVersionRule" type="java.lang.NoClassDefFoundError"><![CDATA[java.lang.NoClassDefFoundError: Could not initialize class org.springframework.data.redis.test.util.MinimumRedisVersionRule
	at org.springframework.data.redis.support.collections.RedisSetTests.<init>(RedisSetTests.java:38)
]]></error>
  </testcase>
  <testcase name="testClear[17]" classname="org.springframework.data.redis.support.collections.RedisSetTests" time="0">
    <error message="Could not initialize class org.springframework.data.redis.test.util.MinimumRedisVersionRule" type="java.lang.NoClassDefFoundError"><![CDATA[java.lang.NoClassDefFoundError: Could not initialize class org.springframework.data.redis.test.util.MinimumRedisVersionRule
	at org.springframework.data.redis.support.collections.RedisSetTests.<init>(RedisSetTests.java:38)
]]></error>
  </testcase>
  <testcase name="testSize[17]" classname="org.springframework.data.redis.support.collections.RedisSetTests" time="0">
    <error message="Could not initialize class org.springframework.data.redis.test.util.MinimumRedisVersionRule" type="java.lang.NoClassDefFoundError"><![CDATA[java.lang.NoClassDefFoundError: Could not initialize class org.springframework.data.redis.test.util.MinimumRedisVersionRule
	at org.springframework.data.redis.support.collections.RedisSetTests.<init>(RedisSetTests.java:38)
]]></error>
  </testcase>
  <testcase name="testToString[17]" classname="org.springframework.data.redis.support.collections.RedisSetTests" time="0">
    <error message="Could not initialize class org.springframework.data.redis.test.util.MinimumRedisVersionRule" type="java.lang.NoClassDefFoundError"><![CDATA[java.lang.NoClassDefFoundError: Could not initialize class org.springframework.data.redis.test.util.MinimumRedisVersionRule
	at org.springframework.data.redis.support.collections.RedisSetTests.<init>(RedisSetTests.java:38)
]]></error>
  </testcase>
  <testcase name="testContainsAll[17]" classname="org.springframework.data.redis.support.collections.RedisSetTests" time="0">
    <error message="Could not initialize class org.springframework.data.redis.test.util.MinimumRedisVersionRule" type="java.lang.NoClassDefFoundError"><![CDATA[java.lang.NoClassDefFoundError: Could not initialize class org.springframework.data.redis.test.util.MinimumRedisVersionRule
	at org.springframework.data.redis.support.collections.RedisSetTests.<init>(RedisSetTests.java:38)
]]></error>
  </testcase>
  <testcase name="testRemoveObject[17]" classname="org.springframework.data.redis.support.collections.RedisSetTests" time="0">
    <error message="Could not initialize class org.springframework.data.redis.test.util.MinimumRedisVersionRule" type="java.lang.NoClassDefFoundError"><![CDATA[java.lang.NoClassDefFoundError: Could not initialize class org.springframework.data.redis.test.util.MinimumRedisVersionRule
	at org.springframework.data.redis.support.collections.RedisSetTests.<init>(RedisSetTests.java:38)
]]></error>
  </testcase>
  <testcase name="testHashCode[17]" classname="org.springframework.data.redis.support.collections.RedisSetTests" time="0">
    <error message="Could not initialize class org.springframework.data.redis.test.util.MinimumRedisVersionRule" type="java.lang.NoClassDefFoundError"><![CDATA[java.lang.NoClassDefFoundError: Could not initialize class org.springframework.data.redis.test.util.MinimumRedisVersionRule
	at org.springframework.data.redis.support.collections.RedisSetTests.<init>(RedisSetTests.java:38)
]]></error>
  </testcase>
  <testcase name="testAddAll[17]" classname="org.springframework.data.redis.support.collections.RedisSetTests" time="0">
    <error message="Could not initialize class org.springframework.data.redis.test.util.MinimumRedisVersionRule" type="java.lang.NoClassDefFoundError"><![CDATA[java.lang.NoClassDefFoundError: Could not initialize class org.springframework.data.redis.test.util.MinimumRedisVersionRule
	at org.springframework.data.redis.support.collections.RedisSetTests.<init>(RedisSetTests.java:38)
]]></error>
  </testcase>
  <testcase name="removeAll[17]" classname="org.springframework.data.redis.support.collections.RedisSetTests" time="0.001">
    <error message="Could not initialize class org.springframework.data.redis.test.util.MinimumRedisVersionRule" type="java.lang.NoClassDefFoundError"><![CDATA[java.lang.NoClassDefFoundError: Could not initialize class org.springframework.data.redis.test.util.MinimumRedisVersionRule
	at org.springframework.data.redis.support.collections.RedisSetTests.<init>(RedisSetTests.java:38)
]]></error>
  </testcase>
  <testcase name="testEquals[17]" classname="org.springframework.data.redis.support.collections.RedisSetTests" time="0">
    <error message="Could not initialize class org.springframework.data.redis.test.util.MinimumRedisVersionRule" type="java.lang.NoClassDefFoundError"><![CDATA[java.lang.NoClassDefFoundError: Could not initialize class org.springframework.data.redis.test.util.MinimumRedisVersionRule
	at org.springframework.data.redis.support.collections.RedisSetTests.<init>(RedisSetTests.java:38)
]]></error>
  </testcase>
  <testcase name="testGetKey[17]" classname="org.springframework.data.redis.support.collections.RedisSetTests" time="0">
    <error message="Could not initialize class org.springframework.data.redis.test.util.MinimumRedisVersionRule" type="java.lang.NoClassDefFoundError"><![CDATA[java.lang.NoClassDefFoundError: Could not initialize class org.springframework.data.redis.test.util.MinimumRedisVersionRule
	at org.springframework.data.redis.support.collections.RedisSetTests.<init>(RedisSetTests.java:38)
]]></error>
  </testcase>
  <testcase name="testIsEmpty[17]" classname="org.springframework.data.redis.support.collections.RedisSetTests" time="0">
    <error message="Could not initialize class org.springframework.data.redis.test.util.MinimumRedisVersionRule" type="java.lang.NoClassDefFoundError"><![CDATA[java.lang.NoClassDefFoundError: Could not initialize class org.springframework.data.redis.test.util.MinimumRedisVersionRule
	at org.springframework.data.redis.support.collections.RedisSetTests.<init>(RedisSetTests.java:38)
]]></error>
  </testcase>
  <testcase name="testDiffAndStore[18]" classname="org.springframework.data.redis.support.collections.RedisSetTests" time="0">
    <error message="Could not initialize class org.springframework.data.redis.test.util.MinimumRedisVersionRule" type="java.lang.NoClassDefFoundError"><![CDATA[java.lang.NoClassDefFoundError: Could not initialize class org.springframework.data.redis.test.util.MinimumRedisVersionRule
	at org.springframework.data.redis.support.collections.RedisSetTests.<init>(RedisSetTests.java:38)
]]></error>
  </testcase>
  <testcase name="testToArray[18]" classname="org.springframework.data.redis.support.collections.RedisSetTests" time="0">
    <error message="Could not initialize class org.springframework.data.redis.test.util.MinimumRedisVersionRule" type="java.lang.NoClassDefFoundError"><![CDATA[java.lang.NoClassDefFoundError: Could not initialize class org.springframework.data.redis.test.util.MinimumRedisVersionRule
	at org.springframework.data.redis.support.collections.RedisSetTests.<init>(RedisSetTests.java:38)
]]></error>
  </testcase>
  <testcase name="testUnion[18]" classname="org.springframework.data.redis.support.collections.RedisSetTests" time="0">
    <error message="Could not initialize class org.springframework.data.redis.test.util.MinimumRedisVersionRule" type="java.lang.NoClassDefFoundError"><![CDATA[java.lang.NoClassDefFoundError: Could not initialize class org.springframework.data.redis.test.util.MinimumRedisVersionRule
	at org.springframework.data.redis.support.collections.RedisSetTests.<init>(RedisSetTests.java:38)
]]></error>
  </testcase>
  <testcase name="testDiff[18]" classname="org.springframework.data.redis.support.collections.RedisSetTests" time="0">
    <error message="Could not initialize class org.springframework.data.redis.test.util.MinimumRedisVersionRule" type="java.lang.NoClassDefFoundError"><![CDATA[java.lang.NoClassDefFoundError: Could not initialize class org.springframework.data.redis.test.util.MinimumRedisVersionRule
	at org.springframework.data.redis.support.collections.RedisSetTests.<init>(RedisSetTests.java:38)
]]></error>
  </testcase>
  <testcase name="testScanWorksCorrectly[18]" classname="org.springframework.data.redis.support.collections.RedisSetTests" time="0.001">
    <error message="Could not initialize class org.springframework.data.redis.test.util.MinimumRedisVersionRule" type="java.lang.NoClassDefFoundError"><![CDATA[java.lang.NoClassDefFoundError: Could not initialize class org.springframework.data.redis.test.util.MinimumRedisVersionRule
	at org.springframework.data.redis.support.collections.RedisSetTests.<init>(RedisSetTests.java:38)
]]></error>
  </testcase>
  <testcase name="testUnionAndStore[18]" classname="org.springframework.data.redis.support.collections.RedisSetTests" time="0">
    <error message="Could not initialize class org.springframework.data.redis.test.util.MinimumRedisVersionRule" type="java.lang.NoClassDefFoundError"><![CDATA[java.lang.NoClassDefFoundError: Could not initialize class org.springframework.data.redis.test.util.MinimumRedisVersionRule
	at org.springframework.data.redis.support.collections.RedisSetTests.<init>(RedisSetTests.java:38)
]]></error>
  </testcase>
  <testcase name="testIntersect[18]" classname="org.springframework.data.redis.support.collections.RedisSetTests" time="0">
    <error message="Could not initialize class org.springframework.data.redis.test.util.MinimumRedisVersionRule" type="java.lang.NoClassDefFoundError"><![CDATA[java.lang.NoClassDefFoundError: Could not initialize class org.springframework.data.redis.test.util.MinimumRedisVersionRule
	at org.springframework.data.redis.support.collections.RedisSetTests.<init>(RedisSetTests.java:38)
]]></error>
  </testcase>
  <testcase name="testToArrayWithGenerics[18]" classname="org.springframework.data.redis.support.collections.RedisSetTests" time="0">
    <error message="Could not initialize class org.springframework.data.redis.test.util.MinimumRedisVersionRule" type="java.lang.NoClassDefFoundError"><![CDATA[java.lang.NoClassDefFoundError: Could not initialize class org.springframework.data.redis.test.util.MinimumRedisVersionRule
	at org.springframework.data.redis.support.collections.RedisSetTests.<init>(RedisSetTests.java:38)
]]></error>
  </testcase>
  <testcase name="testIterator[18]" classname="org.springframework.data.redis.support.collections.RedisSetTests" time="0">
    <error message="Could not initialize class org.springframework.data.redis.test.util.MinimumRedisVersionRule" type="java.lang.NoClassDefFoundError"><![CDATA[java.lang.NoClassDefFoundError: Could not initialize class org.springframework.data.redis.test.util.MinimumRedisVersionRule
	at org.springframework.data.redis.support.collections.RedisSetTests.<init>(RedisSetTests.java:38)
]]></error>
  </testcase>
  <testcase name="testContainsObject[18]" classname="org.springframework.data.redis.support.collections.RedisSetTests" time="0">
    <error message="Could not initialize class org.springframework.data.redis.test.util.MinimumRedisVersionRule" type="java.lang.NoClassDefFoundError"><![CDATA[java.lang.NoClassDefFoundError: Could not initialize class org.springframework.data.redis.test.util.MinimumRedisVersionRule
	at org.springframework.data.redis.support.collections.RedisSetTests.<init>(RedisSetTests.java:38)
]]></error>
  </testcase>
  <testcase name="testAdd[18]" classname="org.springframework.data.redis.support.collections.RedisSetTests" time="0">
    <error message="Could not initialize class org.springframework.data.redis.test.util.MinimumRedisVersionRule" type="java.lang.NoClassDefFoundError"><![CDATA[java.lang.NoClassDefFoundError: Could not initialize class org.springframework.data.redis.test.util.MinimumRedisVersionRule
	at org.springframework.data.redis.support.collections.RedisSetTests.<init>(RedisSetTests.java:38)
]]></error>
  </testcase>
  <testcase name="testClear[18]" classname="org.springframework.data.redis.support.collections.RedisSetTests" time="0.001">
    <error message="Could not initialize class org.springframework.data.redis.test.util.MinimumRedisVersionRule" type="java.lang.NoClassDefFoundError"><![CDATA[java.lang.NoClassDefFoundError: Could not initialize class org.springframework.data.redis.test.util.MinimumRedisVersionRule
	at org.springframework.data.redis.support.collections.RedisSetTests.<init>(RedisSetTests.java:38)
]]></error>
  </testcase>
  <testcase name="testSize[18]" classname="org.springframework.data.redis.support.collections.RedisSetTests" time="0">
    <error message="Could not initialize class org.springframework.data.redis.test.util.MinimumRedisVersionRule" type="java.lang.NoClassDefFoundError"><![CDATA[java.lang.NoClassDefFoundError: Could not initialize class org.springframework.data.redis.test.util.MinimumRedisVersionRule
	at org.springframework.data.redis.support.collections.RedisSetTests.<init>(RedisSetTests.java:38)
]]></error>
  </testcase>
  <testcase name="testToString[18]" classname="org.springframework.data.redis.support.collections.RedisSetTests" time="0">
    <error message="Could not initialize class org.springframework.data.redis.test.util.MinimumRedisVersionRule" type="java.lang.NoClassDefFoundError"><![CDATA[java.lang.NoClassDefFoundError: Could not initialize class org.springframework.data.redis.test.util.MinimumRedisVersionRule
	at org.springframework.data.redis.support.collections.RedisSetTests.<init>(RedisSetTests.java:38)
]]></error>
  </testcase>
  <testcase name="testContainsAll[18]" classname="org.springframework.data.redis.support.collections.RedisSetTests" time="0">
    <error message="Could not initialize class org.springframework.data.redis.test.util.MinimumRedisVersionRule" type="java.lang.NoClassDefFoundError"><![CDATA[java.lang.NoClassDefFoundError: Could not initialize class org.springframework.data.redis.test.util.MinimumRedisVersionRule
	at org.springframework.data.redis.support.collections.RedisSetTests.<init>(RedisSetTests.java:38)
]]></error>
  </testcase>
  <testcase name="testRemoveObject[18]" classname="org.springframework.data.redis.support.collections.RedisSetTests" time="0">
    <error message="Could not initialize class org.springframework.data.redis.test.util.MinimumRedisVersionRule" type="java.lang.NoClassDefFoundError"><![CDATA[java.lang.NoClassDefFoundError: Could not initialize class org.springframework.data.redis.test.util.MinimumRedisVersionRule
	at org.springframework.data.redis.support.collections.RedisSetTests.<init>(RedisSetTests.java:38)
]]></error>
  </testcase>
  <testcase name="testHashCode[18]" classname="org.springframework.data.redis.support.collections.RedisSetTests" time="0">
    <error message="Could not initialize class org.springframework.data.redis.test.util.MinimumRedisVersionRule" type="java.lang.NoClassDefFoundError"><![CDATA[java.lang.NoClassDefFoundError: Could not initialize class org.springframework.data.redis.test.util.MinimumRedisVersionRule
	at org.springframework.data.redis.support.collections.RedisSetTests.<init>(RedisSetTests.java:38)
]]></error>
  </testcase>
  <testcase name="testAddAll[18]" classname="org.springframework.data.redis.support.collections.RedisSetTests" time="0">
    <error message="Could not initialize class org.springframework.data.redis.test.util.MinimumRedisVersionRule" type="java.lang.NoClassDefFoundError"><![CDATA[java.lang.NoClassDefFoundError: Could not initialize class org.springframework.data.redis.test.util.MinimumRedisVersionRule
	at org.springframework.data.redis.support.collections.RedisSetTests.<init>(RedisSetTests.java:38)
]]></error>
  </testcase>
  <testcase name="removeAll[18]" classname="org.springframework.data.redis.support.collections.RedisSetTests" time="0">
    <error message="Could not initialize class org.springframework.data.redis.test.util.MinimumRedisVersionRule" type="java.lang.NoClassDefFoundError"><![CDATA[java.lang.NoClassDefFoundError: Could not initialize class org.springframework.data.redis.test.util.MinimumRedisVersionRule
	at org.springframework.data.redis.support.collections.RedisSetTests.<init>(RedisSetTests.java:38)
]]></error>
  </testcase>
  <testcase name="testEquals[18]" classname="org.springframework.data.redis.support.collections.RedisSetTests" time="0">
    <error message="Could not initialize class org.springframework.data.redis.test.util.MinimumRedisVersionRule" type="java.lang.NoClassDefFoundError"><![CDATA[java.lang.NoClassDefFoundError: Could not initialize class org.springframework.data.redis.test.util.MinimumRedisVersionRule
	at org.springframework.data.redis.support.collections.RedisSetTests.<init>(RedisSetTests.java:38)
]]></error>
  </testcase>
  <testcase name="testGetKey[18]" classname="org.springframework.data.redis.support.collections.RedisSetTests" time="0">
    <error message="Could not initialize class org.springframework.data.redis.test.util.MinimumRedisVersionRule" type="java.lang.NoClassDefFoundError"><![CDATA[java.lang.NoClassDefFoundError: Could not initialize class org.springframework.data.redis.test.util.MinimumRedisVersionRule
	at org.springframework.data.redis.support.collections.RedisSetTests.<init>(RedisSetTests.java:38)
]]></error>
  </testcase>
  <testcase name="testIsEmpty[18]" classname="org.springframework.data.redis.support.collections.RedisSetTests" time="0">
    <error message="Could not initialize class org.springframework.data.redis.test.util.MinimumRedisVersionRule" type="java.lang.NoClassDefFoundError"><![CDATA[java.lang.NoClassDefFoundError: Could not initialize class org.springframework.data.redis.test.util.MinimumRedisVersionRule
	at org.springframework.data.redis.support.collections.RedisSetTests.<init>(RedisSetTests.java:38)
]]></error>
  </testcase>
  <testcase name="testDiffAndStore[19]" classname="org.springframework.data.redis.support.collections.RedisSetTests" time="0">
    <error message="Could not initialize class org.springframework.data.redis.test.util.MinimumRedisVersionRule" type="java.lang.NoClassDefFoundError"><![CDATA[java.lang.NoClassDefFoundError: Could not initialize class org.springframework.data.redis.test.util.MinimumRedisVersionRule
	at org.springframework.data.redis.support.collections.RedisSetTests.<init>(RedisSetTests.java:38)
]]></error>
  </testcase>
  <testcase name="testToArray[19]" classname="org.springframework.data.redis.support.collections.RedisSetTests" time="0">
    <error message="Could not initialize class org.springframework.data.redis.test.util.MinimumRedisVersionRule" type="java.lang.NoClassDefFoundError"><![CDATA[java.lang.NoClassDefFoundError: Could not initialize class org.springframework.data.redis.test.util.MinimumRedisVersionRule
	at org.springframework.data.redis.support.collections.RedisSetTests.<init>(RedisSetTests.java:38)
]]></error>
  </testcase>
  <testcase name="testUnion[19]" classname="org.springframework.data.redis.support.collections.RedisSetTests" time="0.001">
    <error message="Could not initialize class org.springframework.data.redis.test.util.MinimumRedisVersionRule" type="java.lang.NoClassDefFoundError"><![CDATA[java.lang.NoClassDefFoundError: Could not initialize class org.springframework.data.redis.test.util.MinimumRedisVersionRule
	at org.springframework.data.redis.support.collections.RedisSetTests.<init>(RedisSetTests.java:38)
]]></error>
  </testcase>
  <testcase name="testDiff[19]" classname="org.springframework.data.redis.support.collections.RedisSetTests" time="0">
    <error message="Could not initialize class org.springframework.data.redis.test.util.MinimumRedisVersionRule" type="java.lang.NoClassDefFoundError"><![CDATA[java.lang.NoClassDefFoundError: Could not initialize class org.springframework.data.redis.test.util.MinimumRedisVersionRule
	at org.springframework.data.redis.support.collections.RedisSetTests.<init>(RedisSetTests.java:38)
]]></error>
  </testcase>
  <testcase name="testScanWorksCorrectly[19]" classname="org.springframework.data.redis.support.collections.RedisSetTests" time="0">
    <error message="Could not initialize class org.springframework.data.redis.test.util.MinimumRedisVersionRule" type="java.lang.NoClassDefFoundError"><![CDATA[java.lang.NoClassDefFoundError: Could not initialize class org.springframework.data.redis.test.util.MinimumRedisVersionRule
	at org.springframework.data.redis.support.collections.RedisSetTests.<init>(RedisSetTests.java:38)
]]></error>
  </testcase>
  <testcase name="testUnionAndStore[19]" classname="org.springframework.data.redis.support.collections.RedisSetTests" time="0">
    <error message="Could not initialize class org.springframework.data.redis.test.util.MinimumRedisVersionRule" type="java.lang.NoClassDefFoundError"><![CDATA[java.lang.NoClassDefFoundError: Could not initialize class org.springframework.data.redis.test.util.MinimumRedisVersionRule
	at org.springframework.data.redis.support.collections.RedisSetTests.<init>(RedisSetTests.java:38)
]]></error>
  </testcase>
  <testcase name="testIntersect[19]" classname="org.springframework.data.redis.support.collections.RedisSetTests" time="0">
    <error message="Could not initialize class org.springframework.data.redis.test.util.MinimumRedisVersionRule" type="java.lang.NoClassDefFoundError"><![CDATA[java.lang.NoClassDefFoundError: Could not initialize class org.springframework.data.redis.test.util.MinimumRedisVersionRule
	at org.springframework.data.redis.support.collections.RedisSetTests.<init>(RedisSetTests.java:38)
]]></error>
  </testcase>
  <testcase name="testToArrayWithGenerics[19]" classname="org.springframework.data.redis.support.collections.RedisSetTests" time="0">
    <error message="Could not initialize class org.springframework.data.redis.test.util.MinimumRedisVersionRule" type="java.lang.NoClassDefFoundError"><![CDATA[java.lang.NoClassDefFoundError: Could not initialize class org.springframework.data.redis.test.util.MinimumRedisVersionRule
	at org.springframework.data.redis.support.collections.RedisSetTests.<init>(RedisSetTests.java:38)
]]></error>
  </testcase>
  <testcase name="testIterator[19]" classname="org.springframework.data.redis.support.collections.RedisSetTests" time="0">
    <error message="Could not initialize class org.springframework.data.redis.test.util.MinimumRedisVersionRule" type="java.lang.NoClassDefFoundError"><![CDATA[java.lang.NoClassDefFoundError: Could not initialize class org.springframework.data.redis.test.util.MinimumRedisVersionRule
	at org.springframework.data.redis.support.collections.RedisSetTests.<init>(RedisSetTests.java:38)
]]></error>
  </testcase>
  <testcase name="testContainsObject[19]" classname="org.springframework.data.redis.support.collections.RedisSetTests" time="0">
    <error message="Could not initialize class org.springframework.data.redis.test.util.MinimumRedisVersionRule" type="java.lang.NoClassDefFoundError"><![CDATA[java.lang.NoClassDefFoundError: Could not initialize class org.springframework.data.redis.test.util.MinimumRedisVersionRule
	at org.springframework.data.redis.support.collections.RedisSetTests.<init>(RedisSetTests.java:38)
]]></error>
  </testcase>
  <testcase name="testAdd[19]" classname="org.springframework.data.redis.support.collections.RedisSetTests" time="0">
    <error message="Could not initialize class org.springframework.data.redis.test.util.MinimumRedisVersionRule" type="java.lang.NoClassDefFoundError"><![CDATA[java.lang.NoClassDefFoundError: Could not initialize class org.springframework.data.redis.test.util.MinimumRedisVersionRule
	at org.springframework.data.redis.support.collections.RedisSetTests.<init>(RedisSetTests.java:38)
]]></error>
  </testcase>
  <testcase name="testClear[19]" classname="org.springframework.data.redis.support.collections.RedisSetTests" time="0">
    <error message="Could not initialize class org.springframework.data.redis.test.util.MinimumRedisVersionRule" type="java.lang.NoClassDefFoundError"><![CDATA[java.lang.NoClassDefFoundError: Could not initialize class org.springframework.data.redis.test.util.MinimumRedisVersionRule
	at org.springframework.data.redis.support.collections.RedisSetTests.<init>(RedisSetTests.java:38)
]]></error>
  </testcase>
  <testcase name="testSize[19]" classname="org.springframework.data.redis.support.collections.RedisSetTests" time="0">
    <error message="Could not initialize class org.springframework.data.redis.test.util.MinimumRedisVersionRule" type="java.lang.NoClassDefFoundError"><![CDATA[java.lang.NoClassDefFoundError: Could not initialize class org.springframework.data.redis.test.util.MinimumRedisVersionRule
	at org.springframework.data.redis.support.collections.RedisSetTests.<init>(RedisSetTests.java:38)
]]></error>
  </testcase>
  <testcase name="testToString[19]" classname="org.springframework.data.redis.support.collections.RedisSetTests" time="0">
    <error message="Could not initialize class org.springframework.data.redis.test.util.MinimumRedisVersionRule" type="java.lang.NoClassDefFoundError"><![CDATA[java.lang.NoClassDefFoundError: Could not initialize class org.springframework.data.redis.test.util.MinimumRedisVersionRule
	at org.springframework.data.redis.support.collections.RedisSetTests.<init>(RedisSetTests.java:38)
]]></error>
  </testcase>
  <testcase name="testContainsAll[19]" classname="org.springframework.data.redis.support.collections.RedisSetTests" time="0">
    <error message="Could not initialize class org.springframework.data.redis.test.util.MinimumRedisVersionRule" type="java.lang.NoClassDefFoundError"><![CDATA[java.lang.NoClassDefFoundError: Could not initialize class org.springframework.data.redis.test.util.MinimumRedisVersionRule
	at org.springframework.data.redis.support.collections.RedisSetTests.<init>(RedisSetTests.java:38)
]]></error>
  </testcase>
  <testcase name="testRemoveObject[19]" classname="org.springframework.data.redis.support.collections.RedisSetTests" time="0">
    <error message="Could not initialize class org.springframework.data.redis.test.util.MinimumRedisVersionRule" type="java.lang.NoClassDefFoundError"><![CDATA[java.lang.NoClassDefFoundError: Could not initialize class org.springframework.data.redis.test.util.MinimumRedisVersionRule
	at org.springframework.data.redis.support.collections.RedisSetTests.<init>(RedisSetTests.java:38)
]]></error>
  </testcase>
  <testcase name="testHashCode[19]" classname="org.springframework.data.redis.support.collections.RedisSetTests" time="0">
    <error message="Could not initialize class org.springframework.data.redis.test.util.MinimumRedisVersionRule" type="java.lang.NoClassDefFoundError"><![CDATA[java.lang.NoClassDefFoundError: Could not initialize class org.springframework.data.redis.test.util.MinimumRedisVersionRule
	at org.springframework.data.redis.support.collections.RedisSetTests.<init>(RedisSetTests.java:38)
]]></error>
  </testcase>
  <testcase name="testAddAll[19]" classname="org.springframework.data.redis.support.collections.RedisSetTests" time="0">
    <error message="Could not initialize class org.springframework.data.redis.test.util.MinimumRedisVersionRule" type="java.lang.NoClassDefFoundError"><![CDATA[java.lang.NoClassDefFoundError: Could not initialize class org.springframework.data.redis.test.util.MinimumRedisVersionRule
	at org.springframework.data.redis.support.collections.RedisSetTests.<init>(RedisSetTests.java:38)
]]></error>
  </testcase>
  <testcase name="removeAll[19]" classname="org.springframework.data.redis.support.collections.RedisSetTests" time="0">
    <error message="Could not initialize class org.springframework.data.redis.test.util.MinimumRedisVersionRule" type="java.lang.NoClassDefFoundError"><![CDATA[java.lang.NoClassDefFoundError: Could not initialize class org.springframework.data.redis.test.util.MinimumRedisVersionRule
	at org.springframework.data.redis.support.collections.RedisSetTests.<init>(RedisSetTests.java:38)
]]></error>
  </testcase>
  <testcase name="testEquals[19]" classname="org.springframework.data.redis.support.collections.RedisSetTests" time="0">
    <error message="Could not initialize class org.springframework.data.redis.test.util.MinimumRedisVersionRule" type="java.lang.NoClassDefFoundError"><![CDATA[java.lang.NoClassDefFoundError: Could not initialize class org.springframework.data.redis.test.util.MinimumRedisVersionRule
	at org.springframework.data.redis.support.collections.RedisSetTests.<init>(RedisSetTests.java:38)
]]></error>
  </testcase>
  <testcase name="testGetKey[19]" classname="org.springframework.data.redis.support.collections.RedisSetTests" time="0">
    <error message="Could not initialize class org.springframework.data.redis.test.util.MinimumRedisVersionRule" type="java.lang.NoClassDefFoundError"><![CDATA[java.lang.NoClassDefFoundError: Could not initialize class org.springframework.data.redis.test.util.MinimumRedisVersionRule
	at org.springframework.data.redis.support.collections.RedisSetTests.<init>(RedisSetTests.java:38)
]]></error>
  </testcase>
  <testcase name="testIsEmpty[19]" classname="org.springframework.data.redis.support.collections.RedisSetTests" time="0">
    <error message="Could not initialize class org.springframework.data.redis.test.util.MinimumRedisVersionRule" type="java.lang.NoClassDefFoundError"><![CDATA[java.lang.NoClassDefFoundError: Could not initialize class org.springframework.data.redis.test.util.MinimumRedisVersionRule
	at org.springframework.data.redis.support.collections.RedisSetTests.<init>(RedisSetTests.java:38)
]]></error>
  </testcase>
  <testcase name="testDiffAndStore[20]" classname="org.springframework.data.redis.support.collections.RedisSetTests" time="0">
    <error message="Could not initialize class org.springframework.data.redis.test.util.MinimumRedisVersionRule" type="java.lang.NoClassDefFoundError"><![CDATA[java.lang.NoClassDefFoundError: Could not initialize class org.springframework.data.redis.test.util.MinimumRedisVersionRule
	at org.springframework.data.redis.support.collections.RedisSetTests.<init>(RedisSetTests.java:38)
]]></error>
  </testcase>
  <testcase name="testToArray[20]" classname="org.springframework.data.redis.support.collections.RedisSetTests" time="0">
    <error message="Could not initialize class org.springframework.data.redis.test.util.MinimumRedisVersionRule" type="java.lang.NoClassDefFoundError"><![CDATA[java.lang.NoClassDefFoundError: Could not initialize class org.springframework.data.redis.test.util.MinimumRedisVersionRule
	at org.springframework.data.redis.support.collections.RedisSetTests.<init>(RedisSetTests.java:38)
]]></error>
  </testcase>
  <testcase name="testUnion[20]" classname="org.springframework.data.redis.support.collections.RedisSetTests" time="0">
    <error message="Could not initialize class org.springframework.data.redis.test.util.MinimumRedisVersionRule" type="java.lang.NoClassDefFoundError"><![CDATA[java.lang.NoClassDefFoundError: Could not initialize class org.springframework.data.redis.test.util.MinimumRedisVersionRule
	at org.springframework.data.redis.support.collections.RedisSetTests.<init>(RedisSetTests.java:38)
]]></error>
  </testcase>
  <testcase name="testDiff[20]" classname="org.springframework.data.redis.support.collections.RedisSetTests" time="0">
    <error message="Could not initialize class org.springframework.data.redis.test.util.MinimumRedisVersionRule" type="java.lang.NoClassDefFoundError"><![CDATA[java.lang.NoClassDefFoundError: Could not initialize class org.springframework.data.redis.test.util.MinimumRedisVersionRule
	at org.springframework.data.redis.support.collections.RedisSetTests.<init>(RedisSetTests.java:38)
]]></error>
  </testcase>
  <testcase name="testScanWorksCorrectly[20]" classname="org.springframework.data.redis.support.collections.RedisSetTests" time="0">
    <error message="Could not initialize class org.springframework.data.redis.test.util.MinimumRedisVersionRule" type="java.lang.NoClassDefFoundError"><![CDATA[java.lang.NoClassDefFoundError: Could not initialize class org.springframework.data.redis.test.util.MinimumRedisVersionRule
	at org.springframework.data.redis.support.collections.RedisSetTests.<init>(RedisSetTests.java:38)
]]></error>
  </testcase>
  <testcase name="testUnionAndStore[20]" classname="org.springframework.data.redis.support.collections.RedisSetTests" time="0">
    <error message="Could not initialize class org.springframework.data.redis.test.util.MinimumRedisVersionRule" type="java.lang.NoClassDefFoundError"><![CDATA[java.lang.NoClassDefFoundError: Could not initialize class org.springframework.data.redis.test.util.MinimumRedisVersionRule
	at org.springframework.data.redis.support.collections.RedisSetTests.<init>(RedisSetTests.java:38)
]]></error>
  </testcase>
  <testcase name="testIntersect[20]" classname="org.springframework.data.redis.support.collections.RedisSetTests" time="0">
    <error message="Could not initialize class org.springframework.data.redis.test.util.MinimumRedisVersionRule" type="java.lang.NoClassDefFoundError"><![CDATA[java.lang.NoClassDefFoundError: Could not initialize class org.springframework.data.redis.test.util.MinimumRedisVersionRule
	at org.springframework.data.redis.support.collections.RedisSetTests.<init>(RedisSetTests.java:38)
]]></error>
  </testcase>
  <testcase name="testToArrayWithGenerics[20]" classname="org.springframework.data.redis.support.collections.RedisSetTests" time="0.001">
    <error message="Could not initialize class org.springframework.data.redis.test.util.MinimumRedisVersionRule" type="java.lang.NoClassDefFoundError"><![CDATA[java.lang.NoClassDefFoundError: Could not initialize class org.springframework.data.redis.test.util.MinimumRedisVersionRule
	at org.springframework.data.redis.support.collections.RedisSetTests.<init>(RedisSetTests.java:38)
]]></error>
  </testcase>
  <testcase name="testIterator[20]" classname="org.springframework.data.redis.support.collections.RedisSetTests" time="0">
    <error message="Could not initialize class org.springframework.data.redis.test.util.MinimumRedisVersionRule" type="java.lang.NoClassDefFoundError"><![CDATA[java.lang.NoClassDefFoundError: Could not initialize class org.springframework.data.redis.test.util.MinimumRedisVersionRule
	at org.springframework.data.redis.support.collections.RedisSetTests.<init>(RedisSetTests.java:38)
]]></error>
  </testcase>
  <testcase name="testContainsObject[20]" classname="org.springframework.data.redis.support.collections.RedisSetTests" time="0">
    <error message="Could not initialize class org.springframework.data.redis.test.util.MinimumRedisVersionRule" type="java.lang.NoClassDefFoundError"><![CDATA[java.lang.NoClassDefFoundError: Could not initialize class org.springframework.data.redis.test.util.MinimumRedisVersionRule
	at org.springframework.data.redis.support.collections.RedisSetTests.<init>(RedisSetTests.java:38)
]]></error>
  </testcase>
  <testcase name="testAdd[20]" classname="org.springframework.data.redis.support.collections.RedisSetTests" time="0">
    <error message="Could not initialize class org.springframework.data.redis.test.util.MinimumRedisVersionRule" type="java.lang.NoClassDefFoundError"><![CDATA[java.lang.NoClassDefFoundError: Could not initialize class org.springframework.data.redis.test.util.MinimumRedisVersionRule
	at org.springframework.data.redis.support.collections.RedisSetTests.<init>(RedisSetTests.java:38)
]]></error>
  </testcase>
  <testcase name="testClear[20]" classname="org.springframework.data.redis.support.collections.RedisSetTests" time="0">
    <error message="Could not initialize class org.springframework.data.redis.test.util.MinimumRedisVersionRule" type="java.lang.NoClassDefFoundError"><![CDATA[java.lang.NoClassDefFoundError: Could not initialize class org.springframework.data.redis.test.util.MinimumRedisVersionRule
	at org.springframework.data.redis.support.collections.RedisSetTests.<init>(RedisSetTests.java:38)
]]></error>
  </testcase>
  <testcase name="testSize[20]" classname="org.springframework.data.redis.support.collections.RedisSetTests" time="0">
    <error message="Could not initialize class org.springframework.data.redis.test.util.MinimumRedisVersionRule" type="java.lang.NoClassDefFoundError"><![CDATA[java.lang.NoClassDefFoundError: Could not initialize class org.springframework.data.redis.test.util.MinimumRedisVersionRule
	at org.springframework.data.redis.support.collections.RedisSetTests.<init>(RedisSetTests.java:38)
]]></error>
  </testcase>
  <testcase name="testToString[20]" classname="org.springframework.data.redis.support.collections.RedisSetTests" time="0">
    <error message="Could not initialize class org.springframework.data.redis.test.util.MinimumRedisVersionRule" type="java.lang.NoClassDefFoundError"><![CDATA[java.lang.NoClassDefFoundError: Could not initialize class org.springframework.data.redis.test.util.MinimumRedisVersionRule
	at org.springframework.data.redis.support.collections.RedisSetTests.<init>(RedisSetTests.java:38)
]]></error>
  </testcase>
  <testcase name="testContainsAll[20]" classname="org.springframework.data.redis.support.collections.RedisSetTests" time="0">
    <error message="Could not initialize class org.springframework.data.redis.test.util.MinimumRedisVersionRule" type="java.lang.NoClassDefFoundError"><![CDATA[java.lang.NoClassDefFoundError: Could not initialize class org.springframework.data.redis.test.util.MinimumRedisVersionRule
	at org.springframework.data.redis.support.collections.RedisSetTests.<init>(RedisSetTests.java:38)
]]></error>
  </testcase>
  <testcase name="testRemoveObject[20]" classname="org.springframework.data.redis.support.collections.RedisSetTests" time="0">
    <error message="Could not initialize class org.springframework.data.redis.test.util.MinimumRedisVersionRule" type="java.lang.NoClassDefFoundError"><![CDATA[java.lang.NoClassDefFoundError: Could not initialize class org.springframework.data.redis.test.util.MinimumRedisVersionRule
	at org.springframework.data.redis.support.collections.RedisSetTests.<init>(RedisSetTests.java:38)
]]></error>
  </testcase>
  <testcase name="testHashCode[20]" classname="org.springframework.data.redis.support.collections.RedisSetTests" time="0">
    <error message="Could not initialize class org.springframework.data.redis.test.util.MinimumRedisVersionRule" type="java.lang.NoClassDefFoundError"><![CDATA[java.lang.NoClassDefFoundError: Could not initialize class org.springframework.data.redis.test.util.MinimumRedisVersionRule
	at org.springframework.data.redis.support.collections.RedisSetTests.<init>(RedisSetTests.java:38)
]]></error>
  </testcase>
  <testcase name="testAddAll[20]" classname="org.springframework.data.redis.support.collections.RedisSetTests" time="0">
    <error message="Could not initialize class org.springframework.data.redis.test.util.MinimumRedisVersionRule" type="java.lang.NoClassDefFoundError"><![CDATA[java.lang.NoClassDefFoundError: Could not initialize class org.springframework.data.redis.test.util.MinimumRedisVersionRule
	at org.springframework.data.redis.support.collections.RedisSetTests.<init>(RedisSetTests.java:38)
]]></error>
  </testcase>
  <testcase name="removeAll[20]" classname="org.springframework.data.redis.support.collections.RedisSetTests" time="0">
    <error message="Could not initialize class org.springframework.data.redis.test.util.MinimumRedisVersionRule" type="java.lang.NoClassDefFoundError"><![CDATA[java.lang.NoClassDefFoundError: Could not initialize class org.springframework.data.redis.test.util.MinimumRedisVersionRule
	at org.springframework.data.redis.support.collections.RedisSetTests.<init>(RedisSetTests.java:38)
]]></error>
  </testcase>
  <testcase name="testEquals[20]" classname="org.springframework.data.redis.support.collections.RedisSetTests" time="0">
    <error message="Could not initialize class org.springframework.data.redis.test.util.MinimumRedisVersionRule" type="java.lang.NoClassDefFoundError"><![CDATA[java.lang.NoClassDefFoundError: Could not initialize class org.springframework.data.redis.test.util.MinimumRedisVersionRule
	at org.springframework.data.redis.support.collections.RedisSetTests.<init>(RedisSetTests.java:38)
]]></error>
  </testcase>
  <testcase name="testGetKey[20]" classname="org.springframework.data.redis.support.collections.RedisSetTests" time="0">
    <error message="Could not initialize class org.springframework.data.redis.test.util.MinimumRedisVersionRule" type="java.lang.NoClassDefFoundError"><![CDATA[java.lang.NoClassDefFoundError: Could not initialize class org.springframework.data.redis.test.util.MinimumRedisVersionRule
	at org.springframework.data.redis.support.collections.RedisSetTests.<init>(RedisSetTests.java:38)
]]></error>
  </testcase>
  <testcase name="testIsEmpty[20]" classname="org.springframework.data.redis.support.collections.RedisSetTests" time="0">
    <error message="Could not initialize class org.springframework.data.redis.test.util.MinimumRedisVersionRule" type="java.lang.NoClassDefFoundError"><![CDATA[java.lang.NoClassDefFoundError: Could not initialize class org.springframework.data.redis.test.util.MinimumRedisVersionRule
	at org.springframework.data.redis.support.collections.RedisSetTests.<init>(RedisSetTests.java:38)
]]></error>
  </testcase>
  <testcase name="testDiffAndStore[21]" classname="org.springframework.data.redis.support.collections.RedisSetTests" time="0">
    <error message="Could not initialize class org.springframework.data.redis.test.util.MinimumRedisVersionRule" type="java.lang.NoClassDefFoundError"><![CDATA[java.lang.NoClassDefFoundError: Could not initialize class org.springframework.data.redis.test.util.MinimumRedisVersionRule
	at org.springframework.data.redis.support.collections.RedisSetTests.<init>(RedisSetTests.java:38)
]]></error>
  </testcase>
  <testcase name="testToArray[21]" classname="org.springframework.data.redis.support.collections.RedisSetTests" time="0">
    <error message="Could not initialize class org.springframework.data.redis.test.util.MinimumRedisVersionRule" type="java.lang.NoClassDefFoundError"><![CDATA[java.lang.NoClassDefFoundError: Could not initialize class org.springframework.data.redis.test.util.MinimumRedisVersionRule
	at org.springframework.data.redis.support.collections.RedisSetTests.<init>(RedisSetTests.java:38)
]]></error>
  </testcase>
  <testcase name="testUnion[21]" classname="org.springframework.data.redis.support.collections.RedisSetTests" time="0">
    <error message="Could not initialize class org.springframework.data.redis.test.util.MinimumRedisVersionRule" type="java.lang.NoClassDefFoundError"><![CDATA[java.lang.NoClassDefFoundError: Could not initialize class org.springframework.data.redis.test.util.MinimumRedisVersionRule
	at org.springframework.data.redis.support.collections.RedisSetTests.<init>(RedisSetTests.java:38)
]]></error>
  </testcase>
  <testcase name="testDiff[21]" classname="org.springframework.data.redis.support.collections.RedisSetTests" time="0">
    <error message="Could not initialize class org.springframework.data.redis.test.util.MinimumRedisVersionRule" type="java.lang.NoClassDefFoundError"><![CDATA[java.lang.NoClassDefFoundError: Could not initialize class org.springframework.data.redis.test.util.MinimumRedisVersionRule
	at org.springframework.data.redis.support.collections.RedisSetTests.<init>(RedisSetTests.java:38)
]]></error>
  </testcase>
  <testcase name="testScanWorksCorrectly[21]" classname="org.springframework.data.redis.support.collections.RedisSetTests" time="0">
    <error message="Could not initialize class org.springframework.data.redis.test.util.MinimumRedisVersionRule" type="java.lang.NoClassDefFoundError"><![CDATA[java.lang.NoClassDefFoundError: Could not initialize class org.springframework.data.redis.test.util.MinimumRedisVersionRule
	at org.springframework.data.redis.support.collections.RedisSetTests.<init>(RedisSetTests.java:38)
]]></error>
  </testcase>
  <testcase name="testUnionAndStore[21]" classname="org.springframework.data.redis.support.collections.RedisSetTests" time="0">
    <error message="Could not initialize class org.springframework.data.redis.test.util.MinimumRedisVersionRule" type="java.lang.NoClassDefFoundError"><![CDATA[java.lang.NoClassDefFoundError: Could not initialize class org.springframework.data.redis.test.util.MinimumRedisVersionRule
	at org.springframework.data.redis.support.collections.RedisSetTests.<init>(RedisSetTests.java:38)
]]></error>
  </testcase>
  <testcase name="testIntersect[21]" classname="org.springframework.data.redis.support.collections.RedisSetTests" time="0">
    <error message="Could not initialize class org.springframework.data.redis.test.util.MinimumRedisVersionRule" type="java.lang.NoClassDefFoundError"><![CDATA[java.lang.NoClassDefFoundError: Could not initialize class org.springframework.data.redis.test.util.MinimumRedisVersionRule
	at org.springframework.data.redis.support.collections.RedisSetTests.<init>(RedisSetTests.java:38)
]]></error>
  </testcase>
  <testcase name="testToArrayWithGenerics[21]" classname="org.springframework.data.redis.support.collections.RedisSetTests" time="0">
    <error message="Could not initialize class org.springframework.data.redis.test.util.MinimumRedisVersionRule" type="java.lang.NoClassDefFoundError"><![CDATA[java.lang.NoClassDefFoundError: Could not initialize class org.springframework.data.redis.test.util.MinimumRedisVersionRule
	at org.springframework.data.redis.support.collections.RedisSetTests.<init>(RedisSetTests.java:38)
]]></error>
  </testcase>
  <testcase name="testIterator[21]" classname="org.springframework.data.redis.support.collections.RedisSetTests" time="0">
    <error message="Could not initialize class org.springframework.data.redis.test.util.MinimumRedisVersionRule" type="java.lang.NoClassDefFoundError"><![CDATA[java.lang.NoClassDefFoundError: Could not initialize class org.springframework.data.redis.test.util.MinimumRedisVersionRule
	at org.springframework.data.redis.support.collections.RedisSetTests.<init>(RedisSetTests.java:38)
]]></error>
  </testcase>
  <testcase name="testContainsObject[21]" classname="org.springframework.data.redis.support.collections.RedisSetTests" time="0.001">
    <error message="Could not initialize class org.springframework.data.redis.test.util.MinimumRedisVersionRule" type="java.lang.NoClassDefFoundError"><![CDATA[java.lang.NoClassDefFoundError: Could not initialize class org.springframework.data.redis.test.util.MinimumRedisVersionRule
	at org.springframework.data.redis.support.collections.RedisSetTests.<init>(RedisSetTests.java:38)
]]></error>
  </testcase>
  <testcase name="testAdd[21]" classname="org.springframework.data.redis.support.collections.RedisSetTests" time="0">
    <error message="Could not initialize class org.springframework.data.redis.test.util.MinimumRedisVersionRule" type="java.lang.NoClassDefFoundError"><![CDATA[java.lang.NoClassDefFoundError: Could not initialize class org.springframework.data.redis.test.util.MinimumRedisVersionRule
	at org.springframework.data.redis.support.collections.RedisSetTests.<init>(RedisSetTests.java:38)
]]></error>
  </testcase>
  <testcase name="testClear[21]" classname="org.springframework.data.redis.support.collections.RedisSetTests" time="0">
    <error message="Could not initialize class org.springframework.data.redis.test.util.MinimumRedisVersionRule" type="java.lang.NoClassDefFoundError"><![CDATA[java.lang.NoClassDefFoundError: Could not initialize class org.springframework.data.redis.test.util.MinimumRedisVersionRule
	at org.springframework.data.redis.support.collections.RedisSetTests.<init>(RedisSetTests.java:38)
]]></error>
  </testcase>
  <testcase name="testSize[21]" classname="org.springframework.data.redis.support.collections.RedisSetTests" time="0">
    <error message="Could not initialize class org.springframework.data.redis.test.util.MinimumRedisVersionRule" type="java.lang.NoClassDefFoundError"><![CDATA[java.lang.NoClassDefFoundError: Could not initialize class org.springframework.data.redis.test.util.MinimumRedisVersionRule
	at org.springframework.data.redis.support.collections.RedisSetTests.<init>(RedisSetTests.java:38)
]]></error>
  </testcase>
  <testcase name="testToString[21]" classname="org.springframework.data.redis.support.collections.RedisSetTests" time="0">
    <error message="Could not initialize class org.springframework.data.redis.test.util.MinimumRedisVersionRule" type="java.lang.NoClassDefFoundError"><![CDATA[java.lang.NoClassDefFoundError: Could not initialize class org.springframework.data.redis.test.util.MinimumRedisVersionRule
	at org.springframework.data.redis.support.collections.RedisSetTests.<init>(RedisSetTests.java:38)
]]></error>
  </testcase>
  <testcase name="testContainsAll[21]" classname="org.springframework.data.redis.support.collections.RedisSetTests" time="0">
    <error message="Could not initialize class org.springframework.data.redis.test.util.MinimumRedisVersionRule" type="java.lang.NoClassDefFoundError"><![CDATA[java.lang.NoClassDefFoundError: Could not initialize class org.springframework.data.redis.test.util.MinimumRedisVersionRule
	at org.springframework.data.redis.support.collections.RedisSetTests.<init>(RedisSetTests.java:38)
]]></error>
  </testcase>
  <testcase name="testRemoveObject[21]" classname="org.springframework.data.redis.support.collections.RedisSetTests" time="0">
    <error message="Could not initialize class org.springframework.data.redis.test.util.MinimumRedisVersionRule" type="java.lang.NoClassDefFoundError"><![CDATA[java.lang.NoClassDefFoundError: Could not initialize class org.springframework.data.redis.test.util.MinimumRedisVersionRule
	at org.springframework.data.redis.support.collections.RedisSetTests.<init>(RedisSetTests.java:38)
]]></error>
  </testcase>
  <testcase name="testHashCode[21]" classname="org.springframework.data.redis.support.collections.RedisSetTests" time="0">
    <error message="Could not initialize class org.springframework.data.redis.test.util.MinimumRedisVersionRule" type="java.lang.NoClassDefFoundError"><![CDATA[java.lang.NoClassDefFoundError: Could not initialize class org.springframework.data.redis.test.util.MinimumRedisVersionRule
	at org.springframework.data.redis.support.collections.RedisSetTests.<init>(RedisSetTests.java:38)
]]></error>
  </testcase>
  <testcase name="testAddAll[21]" classname="org.springframework.data.redis.support.collections.RedisSetTests" time="0.001">
    <error message="Could not initialize class org.springframework.data.redis.test.util.MinimumRedisVersionRule" type="java.lang.NoClassDefFoundError"><![CDATA[java.lang.NoClassDefFoundError: Could not initialize class org.springframework.data.redis.test.util.MinimumRedisVersionRule
	at org.springframework.data.redis.support.collections.RedisSetTests.<init>(RedisSetTests.java:38)
]]></error>
  </testcase>
  <testcase name="removeAll[21]" classname="org.springframework.data.redis.support.collections.RedisSetTests" time="0">
    <error message="Could not initialize class org.springframework.data.redis.test.util.MinimumRedisVersionRule" type="java.lang.NoClassDefFoundError"><![CDATA[java.lang.NoClassDefFoundError: Could not initialize class org.springframework.data.redis.test.util.MinimumRedisVersionRule
	at org.springframework.data.redis.support.collections.RedisSetTests.<init>(RedisSetTests.java:38)
]]></error>
  </testcase>
  <testcase name="testEquals[21]" classname="org.springframework.data.redis.support.collections.RedisSetTests" time="0">
    <error message="Could not initialize class org.springframework.data.redis.test.util.MinimumRedisVersionRule" type="java.lang.NoClassDefFoundError"><![CDATA[java.lang.NoClassDefFoundError: Could not initialize class org.springframework.data.redis.test.util.MinimumRedisVersionRule
	at org.springframework.data.redis.support.collections.RedisSetTests.<init>(RedisSetTests.java:38)
]]></error>
  </testcase>
  <testcase name="testGetKey[21]" classname="org.springframework.data.redis.support.collections.RedisSetTests" time="0">
    <error message="Could not initialize class org.springframework.data.redis.test.util.MinimumRedisVersionRule" type="java.lang.NoClassDefFoundError"><![CDATA[java.lang.NoClassDefFoundError: Could not initialize class org.springframework.data.redis.test.util.MinimumRedisVersionRule
	at org.springframework.data.redis.support.collections.RedisSetTests.<init>(RedisSetTests.java:38)
]]></error>
  </testcase>
  <testcase name="testIsEmpty[21]" classname="org.springframework.data.redis.support.collections.RedisSetTests" time="0">
    <error message="Could not initialize class org.springframework.data.redis.test.util.MinimumRedisVersionRule" type="java.lang.NoClassDefFoundError"><![CDATA[java.lang.NoClassDefFoundError: Could not initialize class org.springframework.data.redis.test.util.MinimumRedisVersionRule
	at org.springframework.data.redis.support.collections.RedisSetTests.<init>(RedisSetTests.java:38)
]]></error>
  </testcase>
  <testcase name="testDiffAndStore[22]" classname="org.springframework.data.redis.support.collections.RedisSetTests" time="0">
    <error message="Could not initialize class org.springframework.data.redis.test.util.MinimumRedisVersionRule" type="java.lang.NoClassDefFoundError"><![CDATA[java.lang.NoClassDefFoundError: Could not initialize class org.springframework.data.redis.test.util.MinimumRedisVersionRule
	at org.springframework.data.redis.support.collections.RedisSetTests.<init>(RedisSetTests.java:38)
]]></error>
  </testcase>
  <testcase name="testToArray[22]" classname="org.springframework.data.redis.support.collections.RedisSetTests" time="0">
    <error message="Could not initialize class org.springframework.data.redis.test.util.MinimumRedisVersionRule" type="java.lang.NoClassDefFoundError"><![CDATA[java.lang.NoClassDefFoundError: Could not initialize class org.springframework.data.redis.test.util.MinimumRedisVersionRule
	at org.springframework.data.redis.support.collections.RedisSetTests.<init>(RedisSetTests.java:38)
]]></error>
  </testcase>
  <testcase name="testUnion[22]" classname="org.springframework.data.redis.support.collections.RedisSetTests" time="0">
    <error message="Could not initialize class org.springframework.data.redis.test.util.MinimumRedisVersionRule" type="java.lang.NoClassDefFoundError"><![CDATA[java.lang.NoClassDefFoundError: Could not initialize class org.springframework.data.redis.test.util.MinimumRedisVersionRule
	at org.springframework.data.redis.support.collections.RedisSetTests.<init>(RedisSetTests.java:38)
]]></error>
  </testcase>
  <testcase name="testDiff[22]" classname="org.springframework.data.redis.support.collections.RedisSetTests" time="0.001">
    <error message="Could not initialize class org.springframework.data.redis.test.util.MinimumRedisVersionRule" type="java.lang.NoClassDefFoundError"><![CDATA[java.lang.NoClassDefFoundError: Could not initialize class org.springframework.data.redis.test.util.MinimumRedisVersionRule
	at org.springframework.data.redis.support.collections.RedisSetTests.<init>(RedisSetTests.java:38)
]]></error>
  </testcase>
  <testcase name="testScanWorksCorrectly[22]" classname="org.springframework.data.redis.support.collections.RedisSetTests" time="0">
    <error message="Could not initialize class org.springframework.data.redis.test.util.MinimumRedisVersionRule" type="java.lang.NoClassDefFoundError"><![CDATA[java.lang.NoClassDefFoundError: Could not initialize class org.springframework.data.redis.test.util.MinimumRedisVersionRule
	at org.springframework.data.redis.support.collections.RedisSetTests.<init>(RedisSetTests.java:38)
]]></error>
  </testcase>
  <testcase name="testUnionAndStore[22]" classname="org.springframework.data.redis.support.collections.RedisSetTests" time="0">
    <error message="Could not initialize class org.springframework.data.redis.test.util.MinimumRedisVersionRule" type="java.lang.NoClassDefFoundError"><![CDATA[java.lang.NoClassDefFoundError: Could not initialize class org.springframework.data.redis.test.util.MinimumRedisVersionRule
	at org.springframework.data.redis.support.collections.RedisSetTests.<init>(RedisSetTests.java:38)
]]></error>
  </testcase>
  <testcase name="testIntersect[22]" classname="org.springframework.data.redis.support.collections.RedisSetTests" time="0">
    <error message="Could not initialize class org.springframework.data.redis.test.util.MinimumRedisVersionRule" type="java.lang.NoClassDefFoundError"><![CDATA[java.lang.NoClassDefFoundError: Could not initialize class org.springframework.data.redis.test.util.MinimumRedisVersionRule
	at org.springframework.data.redis.support.collections.RedisSetTests.<init>(RedisSetTests.java:38)
]]></error>
  </testcase>
  <testcase name="testToArrayWithGenerics[22]" classname="org.springframework.data.redis.support.collections.RedisSetTests" time="0">
    <error message="Could not initialize class org.springframework.data.redis.test.util.MinimumRedisVersionRule" type="java.lang.NoClassDefFoundError"><![CDATA[java.lang.NoClassDefFoundError: Could not initialize class org.springframework.data.redis.test.util.MinimumRedisVersionRule
	at org.springframework.data.redis.support.collections.RedisSetTests.<init>(RedisSetTests.java:38)
]]></error>
  </testcase>
  <testcase name="testIterator[22]" classname="org.springframework.data.redis.support.collections.RedisSetTests" time="0">
    <error message="Could not initialize class org.springframework.data.redis.test.util.MinimumRedisVersionRule" type="java.lang.NoClassDefFoundError"><![CDATA[java.lang.NoClassDefFoundError: Could not initialize class org.springframework.data.redis.test.util.MinimumRedisVersionRule
	at org.springframework.data.redis.support.collections.RedisSetTests.<init>(RedisSetTests.java:38)
]]></error>
  </testcase>
  <testcase name="testContainsObject[22]" classname="org.springframework.data.redis.support.collections.RedisSetTests" time="0">
    <error message="Could not initialize class org.springframework.data.redis.test.util.MinimumRedisVersionRule" type="java.lang.NoClassDefFoundError"><![CDATA[java.lang.NoClassDefFoundError: Could not initialize class org.springframework.data.redis.test.util.MinimumRedisVersionRule
	at org.springframework.data.redis.support.collections.RedisSetTests.<init>(RedisSetTests.java:38)
]]></error>
  </testcase>
  <testcase name="testAdd[22]" classname="org.springframework.data.redis.support.collections.RedisSetTests" time="0">
    <error message="Could not initialize class org.springframework.data.redis.test.util.MinimumRedisVersionRule" type="java.lang.NoClassDefFoundError"><![CDATA[java.lang.NoClassDefFoundError: Could not initialize class org.springframework.data.redis.test.util.MinimumRedisVersionRule
	at org.springframework.data.redis.support.collections.RedisSetTests.<init>(RedisSetTests.java:38)
]]></error>
  </testcase>
  <testcase name="testClear[22]" classname="org.springframework.data.redis.support.collections.RedisSetTests" time="0.001">
    <error message="Could not initialize class org.springframework.data.redis.test.util.MinimumRedisVersionRule" type="java.lang.NoClassDefFoundError"><![CDATA[java.lang.NoClassDefFoundError: Could not initialize class org.springframework.data.redis.test.util.MinimumRedisVersionRule
	at org.springframework.data.redis.support.collections.RedisSetTests.<init>(RedisSetTests.java:38)
]]></error>
  </testcase>
  <testcase name="testSize[22]" classname="org.springframework.data.redis.support.collections.RedisSetTests" time="0">
    <error message="Could not initialize class org.springframework.data.redis.test.util.MinimumRedisVersionRule" type="java.lang.NoClassDefFoundError"><![CDATA[java.lang.NoClassDefFoundError: Could not initialize class org.springframework.data.redis.test.util.MinimumRedisVersionRule
	at org.springframework.data.redis.support.collections.RedisSetTests.<init>(RedisSetTests.java:38)
]]></error>
  </testcase>
  <testcase name="testToString[22]" classname="org.springframework.data.redis.support.collections.RedisSetTests" time="0">
    <error message="Could not initialize class org.springframework.data.redis.test.util.MinimumRedisVersionRule" type="java.lang.NoClassDefFoundError"><![CDATA[java.lang.NoClassDefFoundError: Could not initialize class org.springframework.data.redis.test.util.MinimumRedisVersionRule
	at org.springframework.data.redis.support.collections.RedisSetTests.<init>(RedisSetTests.java:38)
]]></error>
  </testcase>
  <testcase name="testContainsAll[22]" classname="org.springframework.data.redis.support.collections.RedisSetTests" time="0">
    <error message="Could not initialize class org.springframework.data.redis.test.util.MinimumRedisVersionRule" type="java.lang.NoClassDefFoundError"><![CDATA[java.lang.NoClassDefFoundError: Could not initialize class org.springframework.data.redis.test.util.MinimumRedisVersionRule
	at org.springframework.data.redis.support.collections.RedisSetTests.<init>(RedisSetTests.java:38)
]]></error>
  </testcase>
  <testcase name="testRemoveObject[22]" classname="org.springframework.data.redis.support.collections.RedisSetTests" time="0">
    <error message="Could not initialize class org.springframework.data.redis.test.util.MinimumRedisVersionRule" type="java.lang.NoClassDefFoundError"><![CDATA[java.lang.NoClassDefFoundError: Could not initialize class org.springframework.data.redis.test.util.MinimumRedisVersionRule
	at org.springframework.data.redis.support.collections.RedisSetTests.<init>(RedisSetTests.java:38)
]]></error>
  </testcase>
  <testcase name="testHashCode[22]" classname="org.springframework.data.redis.support.collections.RedisSetTests" time="0">
    <error message="Could not initialize class org.springframework.data.redis.test.util.MinimumRedisVersionRule" type="java.lang.NoClassDefFoundError"><![CDATA[java.lang.NoClassDefFoundError: Could not initialize class org.springframework.data.redis.test.util.MinimumRedisVersionRule
	at org.springframework.data.redis.support.collections.RedisSetTests.<init>(RedisSetTests.java:38)
]]></error>
  </testcase>
  <testcase name="testAddAll[22]" classname="org.springframework.data.redis.support.collections.RedisSetTests" time="0">
    <error message="Could not initialize class org.springframework.data.redis.test.util.MinimumRedisVersionRule" type="java.lang.NoClassDefFoundError"><![CDATA[java.lang.NoClassDefFoundError: Could not initialize class org.springframework.data.redis.test.util.MinimumRedisVersionRule
	at org.springframework.data.redis.support.collections.RedisSetTests.<init>(RedisSetTests.java:38)
]]></error>
  </testcase>
  <testcase name="removeAll[22]" classname="org.springframework.data.redis.support.collections.RedisSetTests" time="0">
    <error message="Could not initialize class org.springframework.data.redis.test.util.MinimumRedisVersionRule" type="java.lang.NoClassDefFoundError"><![CDATA[java.lang.NoClassDefFoundError: Could not initialize class org.springframework.data.redis.test.util.MinimumRedisVersionRule
	at org.springframework.data.redis.support.collections.RedisSetTests.<init>(RedisSetTests.java:38)
]]></error>
  </testcase>
  <testcase name="testEquals[22]" classname="org.springframework.data.redis.support.collections.RedisSetTests" time="0.001">
    <error message="Could not initialize class org.springframework.data.redis.test.util.MinimumRedisVersionRule" type="java.lang.NoClassDefFoundError"><![CDATA[java.lang.NoClassDefFoundError: Could not initialize class org.springframework.data.redis.test.util.MinimumRedisVersionRule
	at org.springframework.data.redis.support.collections.RedisSetTests.<init>(RedisSetTests.java:38)
]]></error>
  </testcase>
  <testcase name="testGetKey[22]" classname="org.springframework.data.redis.support.collections.RedisSetTests" time="0">
    <error message="Could not initialize class org.springframework.data.redis.test.util.MinimumRedisVersionRule" type="java.lang.NoClassDefFoundError"><![CDATA[java.lang.NoClassDefFoundError: Could not initialize class org.springframework.data.redis.test.util.MinimumRedisVersionRule
	at org.springframework.data.redis.support.collections.RedisSetTests.<init>(RedisSetTests.java:38)
]]></error>
  </testcase>
  <testcase name="testIsEmpty[22]" classname="org.springframework.data.redis.support.collections.RedisSetTests" time="0">
    <error message="Could not initialize class org.springframework.data.redis.test.util.MinimumRedisVersionRule" type="java.lang.NoClassDefFoundError"><![CDATA[java.lang.NoClassDefFoundError: Could not initialize class org.springframework.data.redis.test.util.MinimumRedisVersionRule
	at org.springframework.data.redis.support.collections.RedisSetTests.<init>(RedisSetTests.java:38)
]]></error>
  </testcase>
  <testcase name="testDiffAndStore[23]" classname="org.springframework.data.redis.support.collections.RedisSetTests" time="0">
    <error message="Could not initialize class org.springframework.data.redis.test.util.MinimumRedisVersionRule" type="java.lang.NoClassDefFoundError"><![CDATA[java.lang.NoClassDefFoundError: Could not initialize class org.springframework.data.redis.test.util.MinimumRedisVersionRule
	at org.springframework.data.redis.support.collections.RedisSetTests.<init>(RedisSetTests.java:38)
]]></error>
  </testcase>
  <testcase name="testToArray[23]" classname="org.springframework.data.redis.support.collections.RedisSetTests" time="0">
    <error message="Could not initialize class org.springframework.data.redis.test.util.MinimumRedisVersionRule" type="java.lang.NoClassDefFoundError"><![CDATA[java.lang.NoClassDefFoundError: Could not initialize class org.springframework.data.redis.test.util.MinimumRedisVersionRule
	at org.springframework.data.redis.support.collections.RedisSetTests.<init>(RedisSetTests.java:38)
]]></error>
  </testcase>
  <testcase name="testUnion[23]" classname="org.springframework.data.redis.support.collections.RedisSetTests" time="0">
    <error message="Could not initialize class org.springframework.data.redis.test.util.MinimumRedisVersionRule" type="java.lang.NoClassDefFoundError"><![CDATA[java.lang.NoClassDefFoundError: Could not initialize class org.springframework.data.redis.test.util.MinimumRedisVersionRule
	at org.springframework.data.redis.support.collections.RedisSetTests.<init>(RedisSetTests.java:38)
]]></error>
  </testcase>
  <testcase name="testDiff[23]" classname="org.springframework.data.redis.support.collections.RedisSetTests" time="0">
    <error message="Could not initialize class org.springframework.data.redis.test.util.MinimumRedisVersionRule" type="java.lang.NoClassDefFoundError"><![CDATA[java.lang.NoClassDefFoundError: Could not initialize class org.springframework.data.redis.test.util.MinimumRedisVersionRule
	at org.springframework.data.redis.support.collections.RedisSetTests.<init>(RedisSetTests.java:38)
]]></error>
  </testcase>
  <testcase name="testScanWorksCorrectly[23]" classname="org.springframework.data.redis.support.collections.RedisSetTests" time="0">
    <error message="Could not initialize class org.springframework.data.redis.test.util.MinimumRedisVersionRule" type="java.lang.NoClassDefFoundError"><![CDATA[java.lang.NoClassDefFoundError: Could not initialize class org.springframework.data.redis.test.util.MinimumRedisVersionRule
	at org.springframework.data.redis.support.collections.RedisSetTests.<init>(RedisSetTests.java:38)
]]></error>
  </testcase>
  <testcase name="testUnionAndStore[23]" classname="org.springframework.data.redis.support.collections.RedisSetTests" time="0.001">
    <error message="Could not initialize class org.springframework.data.redis.test.util.MinimumRedisVersionRule" type="java.lang.NoClassDefFoundError"><![CDATA[java.lang.NoClassDefFoundError: Could not initialize class org.springframework.data.redis.test.util.MinimumRedisVersionRule
	at org.springframework.data.redis.support.collections.RedisSetTests.<init>(RedisSetTests.java:38)
]]></error>
  </testcase>
  <testcase name="testIntersect[23]" classname="org.springframework.data.redis.support.collections.RedisSetTests" time="0">
    <error message="Could not initialize class org.springframework.data.redis.test.util.MinimumRedisVersionRule" type="java.lang.NoClassDefFoundError"><![CDATA[java.lang.NoClassDefFoundError: Could not initialize class org.springframework.data.redis.test.util.MinimumRedisVersionRule
	at org.springframework.data.redis.support.collections.RedisSetTests.<init>(RedisSetTests.java:38)
]]></error>
  </testcase>
  <testcase name="testToArrayWithGenerics[23]" classname="org.springframework.data.redis.support.collections.RedisSetTests" time="0">
    <error message="Could not initialize class org.springframework.data.redis.test.util.MinimumRedisVersionRule" type="java.lang.NoClassDefFoundError"><![CDATA[java.lang.NoClassDefFoundError: Could not initialize class org.springframework.data.redis.test.util.MinimumRedisVersionRule
	at org.springframework.data.redis.support.collections.RedisSetTests.<init>(RedisSetTests.java:38)
]]></error>
  </testcase>
  <testcase name="testIterator[23]" classname="org.springframework.data.redis.support.collections.RedisSetTests" time="0">
    <error message="Could not initialize class org.springframework.data.redis.test.util.MinimumRedisVersionRule" type="java.lang.NoClassDefFoundError"><![CDATA[java.lang.NoClassDefFoundError: Could not initialize class org.springframework.data.redis.test.util.MinimumRedisVersionRule
	at org.springframework.data.redis.support.collections.RedisSetTests.<init>(RedisSetTests.java:38)
]]></error>
  </testcase>
  <testcase name="testContainsObject[23]" classname="org.springframework.data.redis.support.collections.RedisSetTests" time="0">
    <error message="Could not initialize class org.springframework.data.redis.test.util.MinimumRedisVersionRule" type="java.lang.NoClassDefFoundError"><![CDATA[java.lang.NoClassDefFoundError: Could not initialize class org.springframework.data.redis.test.util.MinimumRedisVersionRule
	at org.springframework.data.redis.support.collections.RedisSetTests.<init>(RedisSetTests.java:38)
]]></error>
  </testcase>
  <testcase name="testAdd[23]" classname="org.springframework.data.redis.support.collections.RedisSetTests" time="0">
    <error message="Could not initialize class org.springframework.data.redis.test.util.MinimumRedisVersionRule" type="java.lang.NoClassDefFoundError"><![CDATA[java.lang.NoClassDefFoundError: Could not initialize class org.springframework.data.redis.test.util.MinimumRedisVersionRule
	at org.springframework.data.redis.support.collections.RedisSetTests.<init>(RedisSetTests.java:38)
]]></error>
  </testcase>
  <testcase name="testClear[23]" classname="org.springframework.data.redis.support.collections.RedisSetTests" time="0">
    <error message="Could not initialize class org.springframework.data.redis.test.util.MinimumRedisVersionRule" type="java.lang.NoClassDefFoundError"><![CDATA[java.lang.NoClassDefFoundError: Could not initialize class org.springframework.data.redis.test.util.MinimumRedisVersionRule
	at org.springframework.data.redis.support.collections.RedisSetTests.<init>(RedisSetTests.java:38)
]]></error>
  </testcase>
  <testcase name="testSize[23]" classname="org.springframework.data.redis.support.collections.RedisSetTests" time="0">
    <error message="Could not initialize class org.springframework.data.redis.test.util.MinimumRedisVersionRule" type="java.lang.NoClassDefFoundError"><![CDATA[java.lang.NoClassDefFoundError: Could not initialize class org.springframework.data.redis.test.util.MinimumRedisVersionRule
	at org.springframework.data.redis.support.collections.RedisSetTests.<init>(RedisSetTests.java:38)
]]></error>
  </testcase>
  <testcase name="testToString[23]" classname="org.springframework.data.redis.support.collections.RedisSetTests" time="0">
    <error message="Could not initialize class org.springframework.data.redis.test.util.MinimumRedisVersionRule" type="java.lang.NoClassDefFoundError"><![CDATA[java.lang.NoClassDefFoundError: Could not initialize class org.springframework.data.redis.test.util.MinimumRedisVersionRule
	at org.springframework.data.redis.support.collections.RedisSetTests.<init>(RedisSetTests.java:38)
]]></error>
  </testcase>
  <testcase name="testContainsAll[23]" classname="org.springframework.data.redis.support.collections.RedisSetTests" time="0">
    <error message="Could not initialize class org.springframework.data.redis.test.util.MinimumRedisVersionRule" type="java.lang.NoClassDefFoundError"><![CDATA[java.lang.NoClassDefFoundError: Could not initialize class org.springframework.data.redis.test.util.MinimumRedisVersionRule
	at org.springframework.data.redis.support.collections.RedisSetTests.<init>(RedisSetTests.java:38)
]]></error>
  </testcase>
  <testcase name="testRemoveObject[23]" classname="org.springframework.data.redis.support.collections.RedisSetTests" time="0">
    <error message="Could not initialize class org.springframework.data.redis.test.util.MinimumRedisVersionRule" type="java.lang.NoClassDefFoundError"><![CDATA[java.lang.NoClassDefFoundError: Could not initialize class org.springframework.data.redis.test.util.MinimumRedisVersionRule
	at org.springframework.data.redis.support.collections.RedisSetTests.<init>(RedisSetTests.java:38)
]]></error>
  </testcase>
  <testcase name="testHashCode[23]" classname="org.springframework.data.redis.support.collections.RedisSetTests" time="0">
    <error message="Could not initialize class org.springframework.data.redis.test.util.MinimumRedisVersionRule" type="java.lang.NoClassDefFoundError"><![CDATA[java.lang.NoClassDefFoundError: Could not initialize class org.springframework.data.redis.test.util.MinimumRedisVersionRule
	at org.springframework.data.redis.support.collections.RedisSetTests.<init>(RedisSetTests.java:38)
]]></error>
  </testcase>
  <testcase name="testAddAll[23]" classname="org.springframework.data.redis.support.collections.RedisSetTests" time="0">
    <error message="Could not initialize class org.springframework.data.redis.test.util.MinimumRedisVersionRule" type="java.lang.NoClassDefFoundError"><![CDATA[java.lang.NoClassDefFoundError: Could not initialize class org.springframework.data.redis.test.util.MinimumRedisVersionRule
	at org.springframework.data.redis.support.collections.RedisSetTests.<init>(RedisSetTests.java:38)
]]></error>
  </testcase>
  <testcase name="removeAll[23]" classname="org.springframework.data.redis.support.collections.RedisSetTests" time="0">
    <error message="Could not initialize class org.springframework.data.redis.test.util.MinimumRedisVersionRule" type="java.lang.NoClassDefFoundError"><![CDATA[java.lang.NoClassDefFoundError: Could not initialize class org.springframework.data.redis.test.util.MinimumRedisVersionRule
	at org.springframework.data.redis.support.collections.RedisSetTests.<init>(RedisSetTests.java:38)
]]></error>
  </testcase>
  <testcase name="testEquals[23]" classname="org.springframework.data.redis.support.collections.RedisSetTests" time="0">
    <error message="Could not initialize class org.springframework.data.redis.test.util.MinimumRedisVersionRule" type="java.lang.NoClassDefFoundError"><![CDATA[java.lang.NoClassDefFoundError: Could not initialize class org.springframework.data.redis.test.util.MinimumRedisVersionRule
	at org.springframework.data.redis.support.collections.RedisSetTests.<init>(RedisSetTests.java:38)
]]></error>
  </testcase>
  <testcase name="testGetKey[23]" classname="org.springframework.data.redis.support.collections.RedisSetTests" time="0">
    <error message="Could not initialize class org.springframework.data.redis.test.util.MinimumRedisVersionRule" type="java.lang.NoClassDefFoundError"><![CDATA[java.lang.NoClassDefFoundError: Could not initialize class org.springframework.data.redis.test.util.MinimumRedisVersionRule
	at org.springframework.data.redis.support.collections.RedisSetTests.<init>(RedisSetTests.java:38)
]]></error>
  </testcase>
  <testcase name="testIsEmpty[23]" classname="org.springframework.data.redis.support.collections.RedisSetTests" time="0">
    <error message="Could not initialize class org.springframework.data.redis.test.util.MinimumRedisVersionRule" type="java.lang.NoClassDefFoundError"><![CDATA[java.lang.NoClassDefFoundError: Could not initialize class org.springframework.data.redis.test.util.MinimumRedisVersionRule
	at org.springframework.data.redis.support.collections.RedisSetTests.<init>(RedisSetTests.java:38)
]]></error>
  </testcase>
  <testcase name="testDiffAndStore[24]" classname="org.springframework.data.redis.support.collections.RedisSetTests" time="0">
    <error message="Could not initialize class org.springframework.data.redis.test.util.MinimumRedisVersionRule" type="java.lang.NoClassDefFoundError"><![CDATA[java.lang.NoClassDefFoundError: Could not initialize class org.springframework.data.redis.test.util.MinimumRedisVersionRule
	at org.springframework.data.redis.support.collections.RedisSetTests.<init>(RedisSetTests.java:38)
]]></error>
  </testcase>
  <testcase name="testToArray[24]" classname="org.springframework.data.redis.support.collections.RedisSetTests" time="0">
    <error message="Could not initialize class org.springframework.data.redis.test.util.MinimumRedisVersionRule" type="java.lang.NoClassDefFoundError"><![CDATA[java.lang.NoClassDefFoundError: Could not initialize class org.springframework.data.redis.test.util.MinimumRedisVersionRule
	at org.springframework.data.redis.support.collections.RedisSetTests.<init>(RedisSetTests.java:38)
]]></error>
  </testcase>
  <testcase name="testUnion[24]" classname="org.springframework.data.redis.support.collections.RedisSetTests" time="0">
    <error message="Could not initialize class org.springframework.data.redis.test.util.MinimumRedisVersionRule" type="java.lang.NoClassDefFoundError"><![CDATA[java.lang.NoClassDefFoundError: Could not initialize class org.springframework.data.redis.test.util.MinimumRedisVersionRule
	at org.springframework.data.redis.support.collections.RedisSetTests.<init>(RedisSetTests.java:38)
]]></error>
  </testcase>
  <testcase name="testDiff[24]" classname="org.springframework.data.redis.support.collections.RedisSetTests" time="0">
    <error message="Could not initialize class org.springframework.data.redis.test.util.MinimumRedisVersionRule" type="java.lang.NoClassDefFoundError"><![CDATA[java.lang.NoClassDefFoundError: Could not initialize class org.springframework.data.redis.test.util.MinimumRedisVersionRule
	at org.springframework.data.redis.support.collections.RedisSetTests.<init>(RedisSetTests.java:38)
]]></error>
  </testcase>
  <testcase name="testScanWorksCorrectly[24]" classname="org.springframework.data.redis.support.collections.RedisSetTests" time="0">
    <error message="Could not initialize class org.springframework.data.redis.test.util.MinimumRedisVersionRule" type="java.lang.NoClassDefFoundError"><![CDATA[java.lang.NoClassDefFoundError: Could not initialize class org.springframework.data.redis.test.util.MinimumRedisVersionRule
	at org.springframework.data.redis.support.collections.RedisSetTests.<init>(RedisSetTests.java:38)
]]></error>
  </testcase>
  <testcase name="testUnionAndStore[24]" classname="org.springframework.data.redis.support.collections.RedisSetTests" time="0.001">
    <error message="Could not initialize class org.springframework.data.redis.test.util.MinimumRedisVersionRule" type="java.lang.NoClassDefFoundError"><![CDATA[java.lang.NoClassDefFoundError: Could not initialize class org.springframework.data.redis.test.util.MinimumRedisVersionRule
	at org.springframework.data.redis.support.collections.RedisSetTests.<init>(RedisSetTests.java:38)
]]></error>
  </testcase>
  <testcase name="testIntersect[24]" classname="org.springframework.data.redis.support.collections.RedisSetTests" time="0">
    <error message="Could not initialize class org.springframework.data.redis.test.util.MinimumRedisVersionRule" type="java.lang.NoClassDefFoundError"><![CDATA[java.lang.NoClassDefFoundError: Could not initialize class org.springframework.data.redis.test.util.MinimumRedisVersionRule
	at org.springframework.data.redis.support.collections.RedisSetTests.<init>(RedisSetTests.java:38)
]]></error>
  </testcase>
  <testcase name="testToArrayWithGenerics[24]" classname="org.springframework.data.redis.support.collections.RedisSetTests" time="0">
    <error message="Could not initialize class org.springframework.data.redis.test.util.MinimumRedisVersionRule" type="java.lang.NoClassDefFoundError"><![CDATA[java.lang.NoClassDefFoundError: Could not initialize class org.springframework.data.redis.test.util.MinimumRedisVersionRule
	at org.springframework.data.redis.support.collections.RedisSetTests.<init>(RedisSetTests.java:38)
]]></error>
  </testcase>
  <testcase name="testIterator[24]" classname="org.springframework.data.redis.support.collections.RedisSetTests" time="0">
    <error message="Could not initialize class org.springframework.data.redis.test.util.MinimumRedisVersionRule" type="java.lang.NoClassDefFoundError"><![CDATA[java.lang.NoClassDefFoundError: Could not initialize class org.springframework.data.redis.test.util.MinimumRedisVersionRule
	at org.springframework.data.redis.support.collections.RedisSetTests.<init>(RedisSetTests.java:38)
]]></error>
  </testcase>
  <testcase name="testContainsObject[24]" classname="org.springframework.data.redis.support.collections.RedisSetTests" time="0">
    <error message="Could not initialize class org.springframework.data.redis.test.util.MinimumRedisVersionRule" type="java.lang.NoClassDefFoundError"><![CDATA[java.lang.NoClassDefFoundError: Could not initialize class org.springframework.data.redis.test.util.MinimumRedisVersionRule
	at org.springframework.data.redis.support.collections.RedisSetTests.<init>(RedisSetTests.java:38)
]]></error>
  </testcase>
  <testcase name="testAdd[24]" classname="org.springframework.data.redis.support.collections.RedisSetTests" time="0">
    <error message="Could not initialize class org.springframework.data.redis.test.util.MinimumRedisVersionRule" type="java.lang.NoClassDefFoundError"><![CDATA[java.lang.NoClassDefFoundError: Could not initialize class org.springframework.data.redis.test.util.MinimumRedisVersionRule
	at org.springframework.data.redis.support.collections.RedisSetTests.<init>(RedisSetTests.java:38)
]]></error>
  </testcase>
  <testcase name="testClear[24]" classname="org.springframework.data.redis.support.collections.RedisSetTests" time="0">
    <error message="Could not initialize class org.springframework.data.redis.test.util.MinimumRedisVersionRule" type="java.lang.NoClassDefFoundError"><![CDATA[java.lang.NoClassDefFoundError: Could not initialize class org.springframework.data.redis.test.util.MinimumRedisVersionRule
	at org.springframework.data.redis.support.collections.RedisSetTests.<init>(RedisSetTests.java:38)
]]></error>
  </testcase>
  <testcase name="testSize[24]" classname="org.springframework.data.redis.support.collections.RedisSetTests" time="0">
    <error message="Could not initialize class org.springframework.data.redis.test.util.MinimumRedisVersionRule" type="java.lang.NoClassDefFoundError"><![CDATA[java.lang.NoClassDefFoundError: Could not initialize class org.springframework.data.redis.test.util.MinimumRedisVersionRule
	at org.springframework.data.redis.support.collections.RedisSetTests.<init>(RedisSetTests.java:38)
]]></error>
  </testcase>
  <testcase name="testToString[24]" classname="org.springframework.data.redis.support.collections.RedisSetTests" time="0">
    <error message="Could not initialize class org.springframework.data.redis.test.util.MinimumRedisVersionRule" type="java.lang.NoClassDefFoundError"><![CDATA[java.lang.NoClassDefFoundError: Could not initialize class org.springframework.data.redis.test.util.MinimumRedisVersionRule
	at org.springframework.data.redis.support.collections.RedisSetTests.<init>(RedisSetTests.java:38)
]]></error>
  </testcase>
  <testcase name="testContainsAll[24]" classname="org.springframework.data.redis.support.collections.RedisSetTests" time="0">
    <error message="Could not initialize class org.springframework.data.redis.test.util.MinimumRedisVersionRule" type="java.lang.NoClassDefFoundError"><![CDATA[java.lang.NoClassDefFoundError: Could not initialize class org.springframework.data.redis.test.util.MinimumRedisVersionRule
	at org.springframework.data.redis.support.collections.RedisSetTests.<init>(RedisSetTests.java:38)
]]></error>
  </testcase>
  <testcase name="testRemoveObject[24]" classname="org.springframework.data.redis.support.collections.RedisSetTests" time="0">
    <error message="Could not initialize class org.springframework.data.redis.test.util.MinimumRedisVersionRule" type="java.lang.NoClassDefFoundError"><![CDATA[java.lang.NoClassDefFoundError: Could not initialize class org.springframework.data.redis.test.util.MinimumRedisVersionRule
	at org.springframework.data.redis.support.collections.RedisSetTests.<init>(RedisSetTests.java:38)
]]></error>
  </testcase>
  <testcase name="testHashCode[24]" classname="org.springframework.data.redis.support.collections.RedisSetTests" time="0">
    <error message="Could not initialize class org.springframework.data.redis.test.util.MinimumRedisVersionRule" type="java.lang.NoClassDefFoundError"><![CDATA[java.lang.NoClassDefFoundError: Could not initialize class org.springframework.data.redis.test.util.MinimumRedisVersionRule
	at org.springframework.data.redis.support.collections.RedisSetTests.<init>(RedisSetTests.java:38)
]]></error>
  </testcase>
  <testcase name="testAddAll[24]" classname="org.springframework.data.redis.support.collections.RedisSetTests" time="0">
    <error message="Could not initialize class org.springframework.data.redis.test.util.MinimumRedisVersionRule" type="java.lang.NoClassDefFoundError"><![CDATA[java.lang.NoClassDefFoundError: Could not initialize class org.springframework.data.redis.test.util.MinimumRedisVersionRule
	at org.springframework.data.redis.support.collections.RedisSetTests.<init>(RedisSetTests.java:38)
]]></error>
  </testcase>
  <testcase name="removeAll[24]" classname="org.springframework.data.redis.support.collections.RedisSetTests" time="0">
    <error message="Could not initialize class org.springframework.data.redis.test.util.MinimumRedisVersionRule" type="java.lang.NoClassDefFoundError"><![CDATA[java.lang.NoClassDefFoundError: Could not initialize class org.springframework.data.redis.test.util.MinimumRedisVersionRule
	at org.springframework.data.redis.support.collections.RedisSetTests.<init>(RedisSetTests.java:38)
]]></error>
  </testcase>
  <testcase name="testEquals[24]" classname="org.springframework.data.redis.support.collections.RedisSetTests" time="0">
    <error message="Could not initialize class org.springframework.data.redis.test.util.MinimumRedisVersionRule" type="java.lang.NoClassDefFoundError"><![CDATA[java.lang.NoClassDefFoundError: Could not initialize class org.springframework.data.redis.test.util.MinimumRedisVersionRule
	at org.springframework.data.redis.support.collections.RedisSetTests.<init>(RedisSetTests.java:38)
]]></error>
  </testcase>
  <testcase name="testGetKey[24]" classname="org.springframework.data.redis.support.collections.RedisSetTests" time="0">
    <error message="Could not initialize class org.springframework.data.redis.test.util.MinimumRedisVersionRule" type="java.lang.NoClassDefFoundError"><![CDATA[java.lang.NoClassDefFoundError: Could not initialize class org.springframework.data.redis.test.util.MinimumRedisVersionRule
	at org.springframework.data.redis.support.collections.RedisSetTests.<init>(RedisSetTests.java:38)
]]></error>
  </testcase>
  <testcase name="testIsEmpty[24]" classname="org.springframework.data.redis.support.collections.RedisSetTests" time="0">
    <error message="Could not initialize class org.springframework.data.redis.test.util.MinimumRedisVersionRule" type="java.lang.NoClassDefFoundError"><![CDATA[java.lang.NoClassDefFoundError: Could not initialize class org.springframework.data.redis.test.util.MinimumRedisVersionRule
	at org.springframework.data.redis.support.collections.RedisSetTests.<init>(RedisSetTests.java:38)
]]></error>
  </testcase>
  <testcase name="testDiffAndStore[25]" classname="org.springframework.data.redis.support.collections.RedisSetTests" time="0">
    <error message="Could not initialize class org.springframework.data.redis.test.util.MinimumRedisVersionRule" type="java.lang.NoClassDefFoundError"><![CDATA[java.lang.NoClassDefFoundError: Could not initialize class org.springframework.data.redis.test.util.MinimumRedisVersionRule
	at org.springframework.data.redis.support.collections.RedisSetTests.<init>(RedisSetTests.java:38)
]]></error>
  </testcase>
  <testcase name="testToArray[25]" classname="org.springframework.data.redis.support.collections.RedisSetTests" time="0">
    <error message="Could not initialize class org.springframework.data.redis.test.util.MinimumRedisVersionRule" type="java.lang.NoClassDefFoundError"><![CDATA[java.lang.NoClassDefFoundError: Could not initialize class org.springframework.data.redis.test.util.MinimumRedisVersionRule
	at org.springframework.data.redis.support.collections.RedisSetTests.<init>(RedisSetTests.java:38)
]]></error>
  </testcase>
  <testcase name="testUnion[25]" classname="org.springframework.data.redis.support.collections.RedisSetTests" time="0">
    <error message="Could not initialize class org.springframework.data.redis.test.util.MinimumRedisVersionRule" type="java.lang.NoClassDefFoundError"><![CDATA[java.lang.NoClassDefFoundError: Could not initialize class org.springframework.data.redis.test.util.MinimumRedisVersionRule
	at org.springframework.data.redis.support.collections.RedisSetTests.<init>(RedisSetTests.java:38)
]]></error>
  </testcase>
  <testcase name="testDiff[25]" classname="org.springframework.data.redis.support.collections.RedisSetTests" time="0">
    <error message="Could not initialize class org.springframework.data.redis.test.util.MinimumRedisVersionRule" type="java.lang.NoClassDefFoundError"><![CDATA[java.lang.NoClassDefFoundError: Could not initialize class org.springframework.data.redis.test.util.MinimumRedisVersionRule
	at org.springframework.data.redis.support.collections.RedisSetTests.<init>(RedisSetTests.java:38)
]]></error>
  </testcase>
  <testcase name="testScanWorksCorrectly[25]" classname="org.springframework.data.redis.support.collections.RedisSetTests" time="0">
    <error message="Could not initialize class org.springframework.data.redis.test.util.MinimumRedisVersionRule" type="java.lang.NoClassDefFoundError"><![CDATA[java.lang.NoClassDefFoundError: Could not initialize class org.springframework.data.redis.test.util.MinimumRedisVersionRule
	at org.springframework.data.redis.support.collections.RedisSetTests.<init>(RedisSetTests.java:38)
]]></error>
  </testcase>
  <testcase name="testUnionAndStore[25]" classname="org.springframework.data.redis.support.collections.RedisSetTests" time="0">
    <error message="Could not initialize class org.springframework.data.redis.test.util.MinimumRedisVersionRule" type="java.lang.NoClassDefFoundError"><![CDATA[java.lang.NoClassDefFoundError: Could not initialize class org.springframework.data.redis.test.util.MinimumRedisVersionRule
	at org.springframework.data.redis.support.collections.RedisSetTests.<init>(RedisSetTests.java:38)
]]></error>
  </testcase>
  <testcase name="testIntersect[25]" classname="org.springframework.data.redis.support.collections.RedisSetTests" time="0">
    <error message="Could not initialize class org.springframework.data.redis.test.util.MinimumRedisVersionRule" type="java.lang.NoClassDefFoundError"><![CDATA[java.lang.NoClassDefFoundError: Could not initialize class org.springframework.data.redis.test.util.MinimumRedisVersionRule
	at org.springframework.data.redis.support.collections.RedisSetTests.<init>(RedisSetTests.java:38)
]]></error>
  </testcase>
  <testcase name="testToArrayWithGenerics[25]" classname="org.springframework.data.redis.support.collections.RedisSetTests" time="0">
    <error message="Could not initialize class org.springframework.data.redis.test.util.MinimumRedisVersionRule" type="java.lang.NoClassDefFoundError"><![CDATA[java.lang.NoClassDefFoundError: Could not initialize class org.springframework.data.redis.test.util.MinimumRedisVersionRule
	at org.springframework.data.redis.support.collections.RedisSetTests.<init>(RedisSetTests.java:38)
]]></error>
  </testcase>
  <testcase name="testIterator[25]" classname="org.springframework.data.redis.support.collections.RedisSetTests" time="0.001">
    <error message="Could not initialize class org.springframework.data.redis.test.util.MinimumRedisVersionRule" type="java.lang.NoClassDefFoundError"><![CDATA[java.lang.NoClassDefFoundError: Could not initialize class org.springframework.data.redis.test.util.MinimumRedisVersionRule
	at org.springframework.data.redis.support.collections.RedisSetTests.<init>(RedisSetTests.java:38)
]]></error>
  </testcase>
  <testcase name="testContainsObject[25]" classname="org.springframework.data.redis.support.collections.RedisSetTests" time="0">
    <error message="Could not initialize class org.springframework.data.redis.test.util.MinimumRedisVersionRule" type="java.lang.NoClassDefFoundError"><![CDATA[java.lang.NoClassDefFoundError: Could not initialize class org.springframework.data.redis.test.util.MinimumRedisVersionRule
	at org.springframework.data.redis.support.collections.RedisSetTests.<init>(RedisSetTests.java:38)
]]></error>
  </testcase>
  <testcase name="testAdd[25]" classname="org.springframework.data.redis.support.collections.RedisSetTests" time="0">
    <error message="Could not initialize class org.springframework.data.redis.test.util.MinimumRedisVersionRule" type="java.lang.NoClassDefFoundError"><![CDATA[java.lang.NoClassDefFoundError: Could not initialize class org.springframework.data.redis.test.util.MinimumRedisVersionRule
	at org.springframework.data.redis.support.collections.RedisSetTests.<init>(RedisSetTests.java:38)
]]></error>
  </testcase>
  <testcase name="testClear[25]" classname="org.springframework.data.redis.support.collections.RedisSetTests" time="0">
    <error message="Could not initialize class org.springframework.data.redis.test.util.MinimumRedisVersionRule" type="java.lang.NoClassDefFoundError"><![CDATA[java.lang.NoClassDefFoundError: Could not initialize class org.springframework.data.redis.test.util.MinimumRedisVersionRule
	at org.springframework.data.redis.support.collections.RedisSetTests.<init>(RedisSetTests.java:38)
]]></error>
  </testcase>
  <testcase name="testSize[25]" classname="org.springframework.data.redis.support.collections.RedisSetTests" time="0">
    <error message="Could not initialize class org.springframework.data.redis.test.util.MinimumRedisVersionRule" type="java.lang.NoClassDefFoundError"><![CDATA[java.lang.NoClassDefFoundError: Could not initialize class org.springframework.data.redis.test.util.MinimumRedisVersionRule
	at org.springframework.data.redis.support.collections.RedisSetTests.<init>(RedisSetTests.java:38)
]]></error>
  </testcase>
  <testcase name="testToString[25]" classname="org.springframework.data.redis.support.collections.RedisSetTests" time="0">
    <error message="Could not initialize class org.springframework.data.redis.test.util.MinimumRedisVersionRule" type="java.lang.NoClassDefFoundError"><![CDATA[java.lang.NoClassDefFoundError: Could not initialize class org.springframework.data.redis.test.util.MinimumRedisVersionRule
	at org.springframework.data.redis.support.collections.RedisSetTests.<init>(RedisSetTests.java:38)
]]></error>
  </testcase>
  <testcase name="testContainsAll[25]" classname="org.springframework.data.redis.support.collections.RedisSetTests" time="0">
    <error message="Could not initialize class org.springframework.data.redis.test.util.MinimumRedisVersionRule" type="java.lang.NoClassDefFoundError"><![CDATA[java.lang.NoClassDefFoundError: Could not initialize class org.springframework.data.redis.test.util.MinimumRedisVersionRule
	at org.springframework.data.redis.support.collections.RedisSetTests.<init>(RedisSetTests.java:38)
]]></error>
  </testcase>
  <testcase name="testRemoveObject[25]" classname="org.springframework.data.redis.support.collections.RedisSetTests" time="0.001">
    <error message="Could not initialize class org.springframework.data.redis.test.util.MinimumRedisVersionRule" type="java.lang.NoClassDefFoundError"><![CDATA[java.lang.NoClassDefFoundError: Could not initialize class org.springframework.data.redis.test.util.MinimumRedisVersionRule
	at org.springframework.data.redis.support.collections.RedisSetTests.<init>(RedisSetTests.java:38)
]]></error>
  </testcase>
  <testcase name="testHashCode[25]" classname="org.springframework.data.redis.support.collections.RedisSetTests" time="0">
    <error message="Could not initialize class org.springframework.data.redis.test.util.MinimumRedisVersionRule" type="java.lang.NoClassDefFoundError"><![CDATA[java.lang.NoClassDefFoundError: Could not initialize class org.springframework.data.redis.test.util.MinimumRedisVersionRule
	at org.springframework.data.redis.support.collections.RedisSetTests.<init>(RedisSetTests.java:38)
]]></error>
  </testcase>
  <testcase name="testAddAll[25]" classname="org.springframework.data.redis.support.collections.RedisSetTests" time="0">
    <error message="Could not initialize class org.springframework.data.redis.test.util.MinimumRedisVersionRule" type="java.lang.NoClassDefFoundError"><![CDATA[java.lang.NoClassDefFoundError: Could not initialize class org.springframework.data.redis.test.util.MinimumRedisVersionRule
	at org.springframework.data.redis.support.collections.RedisSetTests.<init>(RedisSetTests.java:38)
]]></error>
  </testcase>
  <testcase name="removeAll[25]" classname="org.springframework.data.redis.support.collections.RedisSetTests" time="0">
    <error message="Could not initialize class org.springframework.data.redis.test.util.MinimumRedisVersionRule" type="java.lang.NoClassDefFoundError"><![CDATA[java.lang.NoClassDefFoundError: Could not initialize class org.springframework.data.redis.test.util.MinimumRedisVersionRule
	at org.springframework.data.redis.support.collections.RedisSetTests.<init>(RedisSetTests.java:38)
]]></error>
  </testcase>
  <testcase name="testEquals[25]" classname="org.springframework.data.redis.support.collections.RedisSetTests" time="0">
    <error message="Could not initialize class org.springframework.data.redis.test.util.MinimumRedisVersionRule" type="java.lang.NoClassDefFoundError"><![CDATA[java.lang.NoClassDefFoundError: Could not initialize class org.springframework.data.redis.test.util.MinimumRedisVersionRule
	at org.springframework.data.redis.support.collections.RedisSetTests.<init>(RedisSetTests.java:38)
]]></error>
  </testcase>
  <testcase name="testGetKey[25]" classname="org.springframework.data.redis.support.collections.RedisSetTests" time="0">
    <error message="Could not initialize class org.springframework.data.redis.test.util.MinimumRedisVersionRule" type="java.lang.NoClassDefFoundError"><![CDATA[java.lang.NoClassDefFoundError: Could not initialize class org.springframework.data.redis.test.util.MinimumRedisVersionRule
	at org.springframework.data.redis.support.collections.RedisSetTests.<init>(RedisSetTests.java:38)
]]></error>
  </testcase>
  <testcase name="testIsEmpty[25]" classname="org.springframework.data.redis.support.collections.RedisSetTests" time="0">
    <error message="Could not initialize class org.springframework.data.redis.test.util.MinimumRedisVersionRule" type="java.lang.NoClassDefFoundError"><![CDATA[java.lang.NoClassDefFoundError: Could not initialize class org.springframework.data.redis.test.util.MinimumRedisVersionRule
	at org.springframework.data.redis.support.collections.RedisSetTests.<init>(RedisSetTests.java:38)
]]></error>
  </testcase>
  <testcase name="testDiffAndStore[26]" classname="org.springframework.data.redis.support.collections.RedisSetTests" time="0">
    <error message="Could not initialize class org.springframework.data.redis.test.util.MinimumRedisVersionRule" type="java.lang.NoClassDefFoundError"><![CDATA[java.lang.NoClassDefFoundError: Could not initialize class org.springframework.data.redis.test.util.MinimumRedisVersionRule
	at org.springframework.data.redis.support.collections.RedisSetTests.<init>(RedisSetTests.java:38)
]]></error>
  </testcase>
  <testcase name="testToArray[26]" classname="org.springframework.data.redis.support.collections.RedisSetTests" time="0.001">
    <error message="Could not initialize class org.springframework.data.redis.test.util.MinimumRedisVersionRule" type="java.lang.NoClassDefFoundError"><![CDATA[java.lang.NoClassDefFoundError: Could not initialize class org.springframework.data.redis.test.util.MinimumRedisVersionRule
	at org.springframework.data.redis.support.collections.RedisSetTests.<init>(RedisSetTests.java:38)
]]></error>
  </testcase>
  <testcase name="testUnion[26]" classname="org.springframework.data.redis.support.collections.RedisSetTests" time="0">
    <error message="Could not initialize class org.springframework.data.redis.test.util.MinimumRedisVersionRule" type="java.lang.NoClassDefFoundError"><![CDATA[java.lang.NoClassDefFoundError: Could not initialize class org.springframework.data.redis.test.util.MinimumRedisVersionRule
	at org.springframework.data.redis.support.collections.RedisSetTests.<init>(RedisSetTests.java:38)
]]></error>
  </testcase>
  <testcase name="testDiff[26]" classname="org.springframework.data.redis.support.collections.RedisSetTests" time="0">
    <error message="Could not initialize class org.springframework.data.redis.test.util.MinimumRedisVersionRule" type="java.lang.NoClassDefFoundError"><![CDATA[java.lang.NoClassDefFoundError: Could not initialize class org.springframework.data.redis.test.util.MinimumRedisVersionRule
	at org.springframework.data.redis.support.collections.RedisSetTests.<init>(RedisSetTests.java:38)
]]></error>
  </testcase>
  <testcase name="testScanWorksCorrectly[26]" classname="org.springframework.data.redis.support.collections.RedisSetTests" time="0">
    <error message="Could not initialize class org.springframework.data.redis.test.util.MinimumRedisVersionRule" type="java.lang.NoClassDefFoundError"><![CDATA[java.lang.NoClassDefFoundError: Could not initialize class org.springframework.data.redis.test.util.MinimumRedisVersionRule
	at org.springframework.data.redis.support.collections.RedisSetTests.<init>(RedisSetTests.java:38)
]]></error>
  </testcase>
  <testcase name="testUnionAndStore[26]" classname="org.springframework.data.redis.support.collections.RedisSetTests" time="0">
    <error message="Could not initialize class org.springframework.data.redis.test.util.MinimumRedisVersionRule" type="java.lang.NoClassDefFoundError"><![CDATA[java.lang.NoClassDefFoundError: Could not initialize class org.springframework.data.redis.test.util.MinimumRedisVersionRule
	at org.springframework.data.redis.support.collections.RedisSetTests.<init>(RedisSetTests.java:38)
]]></error>
  </testcase>
  <testcase name="testIntersect[26]" classname="org.springframework.data.redis.support.collections.RedisSetTests" time="0">
    <error message="Could not initialize class org.springframework.data.redis.test.util.MinimumRedisVersionRule" type="java.lang.NoClassDefFoundError"><![CDATA[java.lang.NoClassDefFoundError: Could not initialize class org.springframework.data.redis.test.util.MinimumRedisVersionRule
	at org.springframework.data.redis.support.collections.RedisSetTests.<init>(RedisSetTests.java:38)
]]></error>
  </testcase>
  <testcase name="testToArrayWithGenerics[26]" classname="org.springframework.data.redis.support.collections.RedisSetTests" time="0">
    <error message="Could not initialize class org.springframework.data.redis.test.util.MinimumRedisVersionRule" type="java.lang.NoClassDefFoundError"><![CDATA[java.lang.NoClassDefFoundError: Could not initialize class org.springframework.data.redis.test.util.MinimumRedisVersionRule
	at org.springframework.data.redis.support.collections.RedisSetTests.<init>(RedisSetTests.java:38)
]]></error>
  </testcase>
  <testcase name="testIterator[26]" classname="org.springframework.data.redis.support.collections.RedisSetTests" time="0">
    <error message="Could not initialize class org.springframework.data.redis.test.util.MinimumRedisVersionRule" type="java.lang.NoClassDefFoundError"><![CDATA[java.lang.NoClassDefFoundError: Could not initialize class org.springframework.data.redis.test.util.MinimumRedisVersionRule
	at org.springframework.data.redis.support.collections.RedisSetTests.<init>(RedisSetTests.java:38)
]]></error>
  </testcase>
  <testcase name="testContainsObject[26]" classname="org.springframework.data.redis.support.collections.RedisSetTests" time="0">
    <error message="Could not initialize class org.springframework.data.redis.test.util.MinimumRedisVersionRule" type="java.lang.NoClassDefFoundError"><![CDATA[java.lang.NoClassDefFoundError: Could not initialize class org.springframework.data.redis.test.util.MinimumRedisVersionRule
	at org.springframework.data.redis.support.collections.RedisSetTests.<init>(RedisSetTests.java:38)
]]></error>
  </testcase>
  <testcase name="testAdd[26]" classname="org.springframework.data.redis.support.collections.RedisSetTests" time="0">
    <error message="Could not initialize class org.springframework.data.redis.test.util.MinimumRedisVersionRule" type="java.lang.NoClassDefFoundError"><![CDATA[java.lang.NoClassDefFoundError: Could not initialize class org.springframework.data.redis.test.util.MinimumRedisVersionRule
	at org.springframework.data.redis.support.collections.RedisSetTests.<init>(RedisSetTests.java:38)
]]></error>
  </testcase>
  <testcase name="testClear[26]" classname="org.springframework.data.redis.support.collections.RedisSetTests" time="0">
    <error message="Could not initialize class org.springframework.data.redis.test.util.MinimumRedisVersionRule" type="java.lang.NoClassDefFoundError"><![CDATA[java.lang.NoClassDefFoundError: Could not initialize class org.springframework.data.redis.test.util.MinimumRedisVersionRule
	at org.springframework.data.redis.support.collections.RedisSetTests.<init>(RedisSetTests.java:38)
]]></error>
  </testcase>
  <testcase name="testSize[26]" classname="org.springframework.data.redis.support.collections.RedisSetTests" time="0">
    <error message="Could not initialize class org.springframework.data.redis.test.util.MinimumRedisVersionRule" type="java.lang.NoClassDefFoundError"><![CDATA[java.lang.NoClassDefFoundError: Could not initialize class org.springframework.data.redis.test.util.MinimumRedisVersionRule
	at org.springframework.data.redis.support.collections.RedisSetTests.<init>(RedisSetTests.java:38)
]]></error>
  </testcase>
  <testcase name="testToString[26]" classname="org.springframework.data.redis.support.collections.RedisSetTests" time="0">
    <error message="Could not initialize class org.springframework.data.redis.test.util.MinimumRedisVersionRule" type="java.lang.NoClassDefFoundError"><![CDATA[java.lang.NoClassDefFoundError: Could not initialize class org.springframework.data.redis.test.util.MinimumRedisVersionRule
	at org.springframework.data.redis.support.collections.RedisSetTests.<init>(RedisSetTests.java:38)
]]></error>
  </testcase>
  <testcase name="testContainsAll[26]" classname="org.springframework.data.redis.support.collections.RedisSetTests" time="0">
    <error message="Could not initialize class org.springframework.data.redis.test.util.MinimumRedisVersionRule" type="java.lang.NoClassDefFoundError"><![CDATA[java.lang.NoClassDefFoundError: Could not initialize class org.springframework.data.redis.test.util.MinimumRedisVersionRule
	at org.springframework.data.redis.support.collections.RedisSetTests.<init>(RedisSetTests.java:38)
]]></error>
  </testcase>
  <testcase name="testRemoveObject[26]" classname="org.springframework.data.redis.support.collections.RedisSetTests" time="0">
    <error message="Could not initialize class org.springframework.data.redis.test.util.MinimumRedisVersionRule" type="java.lang.NoClassDefFoundError"><![CDATA[java.lang.NoClassDefFoundError: Could not initialize class org.springframework.data.redis.test.util.MinimumRedisVersionRule
	at org.springframework.data.redis.support.collections.RedisSetTests.<init>(RedisSetTests.java:38)
]]></error>
  </testcase>
  <testcase name="testHashCode[26]" classname="org.springframework.data.redis.support.collections.RedisSetTests" time="0">
    <error message="Could not initialize class org.springframework.data.redis.test.util.MinimumRedisVersionRule" type="java.lang.NoClassDefFoundError"><![CDATA[java.lang.NoClassDefFoundError: Could not initialize class org.springframework.data.redis.test.util.MinimumRedisVersionRule
	at org.springframework.data.redis.support.collections.RedisSetTests.<init>(RedisSetTests.java:38)
]]></error>
  </testcase>
  <testcase name="testAddAll[26]" classname="org.springframework.data.redis.support.collections.RedisSetTests" time="0">
    <error message="Could not initialize class org.springframework.data.redis.test.util.MinimumRedisVersionRule" type="java.lang.NoClassDefFoundError"><![CDATA[java.lang.NoClassDefFoundError: Could not initialize class org.springframework.data.redis.test.util.MinimumRedisVersionRule
	at org.springframework.data.redis.support.collections.RedisSetTests.<init>(RedisSetTests.java:38)
]]></error>
  </testcase>
  <testcase name="removeAll[26]" classname="org.springframework.data.redis.support.collections.RedisSetTests" time="0.001">
    <error message="Could not initialize class org.springframework.data.redis.test.util.MinimumRedisVersionRule" type="java.lang.NoClassDefFoundError"><![CDATA[java.lang.NoClassDefFoundError: Could not initialize class org.springframework.data.redis.test.util.MinimumRedisVersionRule
	at org.springframework.data.redis.support.collections.RedisSetTests.<init>(RedisSetTests.java:38)
]]></error>
  </testcase>
  <testcase name="testEquals[26]" classname="org.springframework.data.redis.support.collections.RedisSetTests" time="0">
    <error message="Could not initialize class org.springframework.data.redis.test.util.MinimumRedisVersionRule" type="java.lang.NoClassDefFoundError"><![CDATA[java.lang.NoClassDefFoundError: Could not initialize class org.springframework.data.redis.test.util.MinimumRedisVersionRule
	at org.springframework.data.redis.support.collections.RedisSetTests.<init>(RedisSetTests.java:38)
]]></error>
  </testcase>
  <testcase name="testGetKey[26]" classname="org.springframework.data.redis.support.collections.RedisSetTests" time="0">
    <error message="Could not initialize class org.springframework.data.redis.test.util.MinimumRedisVersionRule" type="java.lang.NoClassDefFoundError"><![CDATA[java.lang.NoClassDefFoundError: Could not initialize class org.springframework.data.redis.test.util.MinimumRedisVersionRule
	at org.springframework.data.redis.support.collections.RedisSetTests.<init>(RedisSetTests.java:38)
]]></error>
  </testcase>
  <testcase name="testIsEmpty[26]" classname="org.springframework.data.redis.support.collections.RedisSetTests" time="0">
    <error message="Could not initialize class org.springframework.data.redis.test.util.MinimumRedisVersionRule" type="java.lang.NoClassDefFoundError"><![CDATA[java.lang.NoClassDefFoundError: Could not initialize class org.springframework.data.redis.test.util.MinimumRedisVersionRule
	at org.springframework.data.redis.support.collections.RedisSetTests.<init>(RedisSetTests.java:38)
]]></error>
  </testcase>
  <testcase name="testDiffAndStore[27]" classname="org.springframework.data.redis.support.collections.RedisSetTests" time="0">
    <error message="Could not initialize class org.springframework.data.redis.test.util.MinimumRedisVersionRule" type="java.lang.NoClassDefFoundError"><![CDATA[java.lang.NoClassDefFoundError: Could not initialize class org.springframework.data.redis.test.util.MinimumRedisVersionRule
	at org.springframework.data.redis.support.collections.RedisSetTests.<init>(RedisSetTests.java:38)
]]></error>
  </testcase>
  <testcase name="testToArray[27]" classname="org.springframework.data.redis.support.collections.RedisSetTests" time="0">
    <error message="Could not initialize class org.springframework.data.redis.test.util.MinimumRedisVersionRule" type="java.lang.NoClassDefFoundError"><![CDATA[java.lang.NoClassDefFoundError: Could not initialize class org.springframework.data.redis.test.util.MinimumRedisVersionRule
	at org.springframework.data.redis.support.collections.RedisSetTests.<init>(RedisSetTests.java:38)
]]></error>
  </testcase>
  <testcase name="testUnion[27]" classname="org.springframework.data.redis.support.collections.RedisSetTests" time="0">
    <error message="Could not initialize class org.springframework.data.redis.test.util.MinimumRedisVersionRule" type="java.lang.NoClassDefFoundError"><![CDATA[java.lang.NoClassDefFoundError: Could not initialize class org.springframework.data.redis.test.util.MinimumRedisVersionRule
	at org.springframework.data.redis.support.collections.RedisSetTests.<init>(RedisSetTests.java:38)
]]></error>
  </testcase>
  <testcase name="testDiff[27]" classname="org.springframework.data.redis.support.collections.RedisSetTests" time="0">
    <error message="Could not initialize class org.springframework.data.redis.test.util.MinimumRedisVersionRule" type="java.lang.NoClassDefFoundError"><![CDATA[java.lang.NoClassDefFoundError: Could not initialize class org.springframework.data.redis.test.util.MinimumRedisVersionRule
	at org.springframework.data.redis.support.collections.RedisSetTests.<init>(RedisSetTests.java:38)
]]></error>
  </testcase>
  <testcase name="testScanWorksCorrectly[27]" classname="org.springframework.data.redis.support.collections.RedisSetTests" time="0">
    <error message="Could not initialize class org.springframework.data.redis.test.util.MinimumRedisVersionRule" type="java.lang.NoClassDefFoundError"><![CDATA[java.lang.NoClassDefFoundError: Could not initialize class org.springframework.data.redis.test.util.MinimumRedisVersionRule
	at org.springframework.data.redis.support.collections.RedisSetTests.<init>(RedisSetTests.java:38)
]]></error>
  </testcase>
  <testcase name="testUnionAndStore[27]" classname="org.springframework.data.redis.support.collections.RedisSetTests" time="0">
    <error message="Could not initialize class org.springframework.data.redis.test.util.MinimumRedisVersionRule" type="java.lang.NoClassDefFoundError"><![CDATA[java.lang.NoClassDefFoundError: Could not initialize class org.springframework.data.redis.test.util.MinimumRedisVersionRule
	at org.springframework.data.redis.support.collections.RedisSetTests.<init>(RedisSetTests.java:38)
]]></error>
  </testcase>
  <testcase name="testIntersect[27]" classname="org.springframework.data.redis.support.collections.RedisSetTests" time="0">
    <error message="Could not initialize class org.springframework.data.redis.test.util.MinimumRedisVersionRule" type="java.lang.NoClassDefFoundError"><![CDATA[java.lang.NoClassDefFoundError: Could not initialize class org.springframework.data.redis.test.util.MinimumRedisVersionRule
	at org.springframework.data.redis.support.collections.RedisSetTests.<init>(RedisSetTests.java:38)
]]></error>
  </testcase>
  <testcase name="testToArrayWithGenerics[27]" classname="org.springframework.data.redis.support.collections.RedisSetTests" time="0">
    <error message="Could not initialize class org.springframework.data.redis.test.util.MinimumRedisVersionRule" type="java.lang.NoClassDefFoundError"><![CDATA[java.lang.NoClassDefFoundError: Could not initialize class org.springframework.data.redis.test.util.MinimumRedisVersionRule
	at org.springframework.data.redis.support.collections.RedisSetTests.<init>(RedisSetTests.java:38)
]]></error>
  </testcase>
  <testcase name="testIterator[27]" classname="org.springframework.data.redis.support.collections.RedisSetTests" time="0">
    <error message="Could not initialize class org.springframework.data.redis.test.util.MinimumRedisVersionRule" type="java.lang.NoClassDefFoundError"><![CDATA[java.lang.NoClassDefFoundError: Could not initialize class org.springframework.data.redis.test.util.MinimumRedisVersionRule
	at org.springframework.data.redis.support.collections.RedisSetTests.<init>(RedisSetTests.java:38)
]]></error>
  </testcase>
  <testcase name="testContainsObject[27]" classname="org.springframework.data.redis.support.collections.RedisSetTests" time="0">
    <error message="Could not initialize class org.springframework.data.redis.test.util.MinimumRedisVersionRule" type="java.lang.NoClassDefFoundError"><![CDATA[java.lang.NoClassDefFoundError: Could not initialize class org.springframework.data.redis.test.util.MinimumRedisVersionRule
	at org.springframework.data.redis.support.collections.RedisSetTests.<init>(RedisSetTests.java:38)
]]></error>
  </testcase>
  <testcase name="testAdd[27]" classname="org.springframework.data.redis.support.collections.RedisSetTests" time="0">
    <error message="Could not initialize class org.springframework.data.redis.test.util.MinimumRedisVersionRule" type="java.lang.NoClassDefFoundError"><![CDATA[java.lang.NoClassDefFoundError: Could not initialize class org.springframework.data.redis.test.util.MinimumRedisVersionRule
	at org.springframework.data.redis.support.collections.RedisSetTests.<init>(RedisSetTests.java:38)
]]></error>
  </testcase>
  <testcase name="testClear[27]" classname="org.springframework.data.redis.support.collections.RedisSetTests" time="0">
    <error message="Could not initialize class org.springframework.data.redis.test.util.MinimumRedisVersionRule" type="java.lang.NoClassDefFoundError"><![CDATA[java.lang.NoClassDefFoundError: Could not initialize class org.springframework.data.redis.test.util.MinimumRedisVersionRule
	at org.springframework.data.redis.support.collections.RedisSetTests.<init>(RedisSetTests.java:38)
]]></error>
  </testcase>
  <testcase name="testSize[27]" classname="org.springframework.data.redis.support.collections.RedisSetTests" time="0">
    <error message="Could not initialize class org.springframework.data.redis.test.util.MinimumRedisVersionRule" type="java.lang.NoClassDefFoundError"><![CDATA[java.lang.NoClassDefFoundError: Could not initialize class org.springframework.data.redis.test.util.MinimumRedisVersionRule
	at org.springframework.data.redis.support.collections.RedisSetTests.<init>(RedisSetTests.java:38)
]]></error>
  </testcase>
  <testcase name="testToString[27]" classname="org.springframework.data.redis.support.collections.RedisSetTests" time="0.001">
    <error message="Could not initialize class org.springframework.data.redis.test.util.MinimumRedisVersionRule" type="java.lang.NoClassDefFoundError"><![CDATA[java.lang.NoClassDefFoundError: Could not initialize class org.springframework.data.redis.test.util.MinimumRedisVersionRule
	at org.springframework.data.redis.support.collections.RedisSetTests.<init>(RedisSetTests.java:38)
]]></error>
  </testcase>
  <testcase name="testContainsAll[27]" classname="org.springframework.data.redis.support.collections.RedisSetTests" time="0">
    <error message="Could not initialize class org.springframework.data.redis.test.util.MinimumRedisVersionRule" type="java.lang.NoClassDefFoundError"><![CDATA[java.lang.NoClassDefFoundError: Could not initialize class org.springframework.data.redis.test.util.MinimumRedisVersionRule
	at org.springframework.data.redis.support.collections.RedisSetTests.<init>(RedisSetTests.java:38)
]]></error>
  </testcase>
  <testcase name="testRemoveObject[27]" classname="org.springframework.data.redis.support.collections.RedisSetTests" time="0">
    <error message="Could not initialize class org.springframework.data.redis.test.util.MinimumRedisVersionRule" type="java.lang.NoClassDefFoundError"><![CDATA[java.lang.NoClassDefFoundError: Could not initialize class org.springframework.data.redis.test.util.MinimumRedisVersionRule
	at org.springframework.data.redis.support.collections.RedisSetTests.<init>(RedisSetTests.java:38)
]]></error>
  </testcase>
  <testcase name="testHashCode[27]" classname="org.springframework.data.redis.support.collections.RedisSetTests" time="0">
    <error message="Could not initialize class org.springframework.data.redis.test.util.MinimumRedisVersionRule" type="java.lang.NoClassDefFoundError"><![CDATA[java.lang.NoClassDefFoundError: Could not initialize class org.springframework.data.redis.test.util.MinimumRedisVersionRule
	at org.springframework.data.redis.support.collections.RedisSetTests.<init>(RedisSetTests.java:38)
]]></error>
  </testcase>
  <testcase name="testAddAll[27]" classname="org.springframework.data.redis.support.collections.RedisSetTests" time="0">
    <error message="Could not initialize class org.springframework.data.redis.test.util.MinimumRedisVersionRule" type="java.lang.NoClassDefFoundError"><![CDATA[java.lang.NoClassDefFoundError: Could not initialize class org.springframework.data.redis.test.util.MinimumRedisVersionRule
	at org.springframework.data.redis.support.collections.RedisSetTests.<init>(RedisSetTests.java:38)
]]></error>
  </testcase>
  <testcase name="removeAll[27]" classname="org.springframework.data.redis.support.collections.RedisSetTests" time="0">
    <error message="Could not initialize class org.springframework.data.redis.test.util.MinimumRedisVersionRule" type="java.lang.NoClassDefFoundError"><![CDATA[java.lang.NoClassDefFoundError: Could not initialize class org.springframework.data.redis.test.util.MinimumRedisVersionRule
	at org.springframework.data.redis.support.collections.RedisSetTests.<init>(RedisSetTests.java:38)
]]></error>
  </testcase>
  <testcase name="testEquals[27]" classname="org.springframework.data.redis.support.collections.RedisSetTests" time="0">
    <error message="Could not initialize class org.springframework.data.redis.test.util.MinimumRedisVersionRule" type="java.lang.NoClassDefFoundError"><![CDATA[java.lang.NoClassDefFoundError: Could not initialize class org.springframework.data.redis.test.util.MinimumRedisVersionRule
	at org.springframework.data.redis.support.collections.RedisSetTests.<init>(RedisSetTests.java:38)
]]></error>
  </testcase>
  <testcase name="testGetKey[27]" classname="org.springframework.data.redis.support.collections.RedisSetTests" time="0">
    <error message="Could not initialize class org.springframework.data.redis.test.util.MinimumRedisVersionRule" type="java.lang.NoClassDefFoundError"><![CDATA[java.lang.NoClassDefFoundError: Could not initialize class org.springframework.data.redis.test.util.MinimumRedisVersionRule
	at org.springframework.data.redis.support.collections.RedisSetTests.<init>(RedisSetTests.java:38)
]]></error>
  </testcase>
  <testcase name="testIsEmpty[27]" classname="org.springframework.data.redis.support.collections.RedisSetTests" time="0">
    <error message="Could not initialize class org.springframework.data.redis.test.util.MinimumRedisVersionRule" type="java.lang.NoClassDefFoundError"><![CDATA[java.lang.NoClassDefFoundError: Could not initialize class org.springframework.data.redis.test.util.MinimumRedisVersionRule
	at org.springframework.data.redis.support.collections.RedisSetTests.<init>(RedisSetTests.java:38)
]]></error>
  </testcase>
  <testcase name="testDiffAndStore[28]" classname="org.springframework.data.redis.support.collections.RedisSetTests" time="0.001">
    <error message="Could not initialize class org.springframework.data.redis.test.util.MinimumRedisVersionRule" type="java.lang.NoClassDefFoundError"><![CDATA[java.lang.NoClassDefFoundError: Could not initialize class org.springframework.data.redis.test.util.MinimumRedisVersionRule
	at org.springframework.data.redis.support.collections.RedisSetTests.<init>(RedisSetTests.java:38)
]]></error>
  </testcase>
  <testcase name="testToArray[28]" classname="org.springframework.data.redis.support.collections.RedisSetTests" time="0">
    <error message="Could not initialize class org.springframework.data.redis.test.util.MinimumRedisVersionRule" type="java.lang.NoClassDefFoundError"><![CDATA[java.lang.NoClassDefFoundError: Could not initialize class org.springframework.data.redis.test.util.MinimumRedisVersionRule
	at org.springframework.data.redis.support.collections.RedisSetTests.<init>(RedisSetTests.java:38)
]]></error>
  </testcase>
  <testcase name="testUnion[28]" classname="org.springframework.data.redis.support.collections.RedisSetTests" time="0">
    <error message="Could not initialize class org.springframework.data.redis.test.util.MinimumRedisVersionRule" type="java.lang.NoClassDefFoundError"><![CDATA[java.lang.NoClassDefFoundError: Could not initialize class org.springframework.data.redis.test.util.MinimumRedisVersionRule
	at org.springframework.data.redis.support.collections.RedisSetTests.<init>(RedisSetTests.java:38)
]]></error>
  </testcase>
  <testcase name="testDiff[28]" classname="org.springframework.data.redis.support.collections.RedisSetTests" time="0">
    <error message="Could not initialize class org.springframework.data.redis.test.util.MinimumRedisVersionRule" type="java.lang.NoClassDefFoundError"><![CDATA[java.lang.NoClassDefFoundError: Could not initialize class org.springframework.data.redis.test.util.MinimumRedisVersionRule
	at org.springframework.data.redis.support.collections.RedisSetTests.<init>(RedisSetTests.java:38)
]]></error>
  </testcase>
  <testcase name="testScanWorksCorrectly[28]" classname="org.springframework.data.redis.support.collections.RedisSetTests" time="0">
    <error message="Could not initialize class org.springframework.data.redis.test.util.MinimumRedisVersionRule" type="java.lang.NoClassDefFoundError"><![CDATA[java.lang.NoClassDefFoundError: Could not initialize class org.springframework.data.redis.test.util.MinimumRedisVersionRule
	at org.springframework.data.redis.support.collections.RedisSetTests.<init>(RedisSetTests.java:38)
]]></error>
  </testcase>
  <testcase name="testUnionAndStore[28]" classname="org.springframework.data.redis.support.collections.RedisSetTests" time="0">
    <error message="Could not initialize class org.springframework.data.redis.test.util.MinimumRedisVersionRule" type="java.lang.NoClassDefFoundError"><![CDATA[java.lang.NoClassDefFoundError: Could not initialize class org.springframework.data.redis.test.util.MinimumRedisVersionRule
	at org.springframework.data.redis.support.collections.RedisSetTests.<init>(RedisSetTests.java:38)
]]></error>
  </testcase>
  <testcase name="testIntersect[28]" classname="org.springframework.data.redis.support.collections.RedisSetTests" time="0">
    <error message="Could not initialize class org.springframework.data.redis.test.util.MinimumRedisVersionRule" type="java.lang.NoClassDefFoundError"><![CDATA[java.lang.NoClassDefFoundError: Could not initialize class org.springframework.data.redis.test.util.MinimumRedisVersionRule
	at org.springframework.data.redis.support.collections.RedisSetTests.<init>(RedisSetTests.java:38)
]]></error>
  </testcase>
  <testcase name="testToArrayWithGenerics[28]" classname="org.springframework.data.redis.support.collections.RedisSetTests" time="0">
    <error message="Could not initialize class org.springframework.data.redis.test.util.MinimumRedisVersionRule" type="java.lang.NoClassDefFoundError"><![CDATA[java.lang.NoClassDefFoundError: Could not initialize class org.springframework.data.redis.test.util.MinimumRedisVersionRule
	at org.springframework.data.redis.support.collections.RedisSetTests.<init>(RedisSetTests.java:38)
]]></error>
  </testcase>
  <testcase name="testIterator[28]" classname="org.springframework.data.redis.support.collections.RedisSetTests" time="0">
    <error message="Could not initialize class org.springframework.data.redis.test.util.MinimumRedisVersionRule" type="java.lang.NoClassDefFoundError"><![CDATA[java.lang.NoClassDefFoundError: Could not initialize class org.springframework.data.redis.test.util.MinimumRedisVersionRule
	at org.springframework.data.redis.support.collections.RedisSetTests.<init>(RedisSetTests.java:38)
]]></error>
  </testcase>
  <testcase name="testContainsObject[28]" classname="org.springframework.data.redis.support.collections.RedisSetTests" time="0.001">
    <error message="Could not initialize class org.springframework.data.redis.test.util.MinimumRedisVersionRule" type="java.lang.NoClassDefFoundError"><![CDATA[java.lang.NoClassDefFoundError: Could not initialize class org.springframework.data.redis.test.util.MinimumRedisVersionRule
	at org.springframework.data.redis.support.collections.RedisSetTests.<init>(RedisSetTests.java:38)
]]></error>
  </testcase>
  <testcase name="testAdd[28]" classname="org.springframework.data.redis.support.collections.RedisSetTests" time="0">
    <error message="Could not initialize class org.springframework.data.redis.test.util.MinimumRedisVersionRule" type="java.lang.NoClassDefFoundError"><![CDATA[java.lang.NoClassDefFoundError: Could not initialize class org.springframework.data.redis.test.util.MinimumRedisVersionRule
	at org.springframework.data.redis.support.collections.RedisSetTests.<init>(RedisSetTests.java:38)
]]></error>
  </testcase>
  <testcase name="testClear[28]" classname="org.springframework.data.redis.support.collections.RedisSetTests" time="0">
    <error message="Could not initialize class org.springframework.data.redis.test.util.MinimumRedisVersionRule" type="java.lang.NoClassDefFoundError"><![CDATA[java.lang.NoClassDefFoundError: Could not initialize class org.springframework.data.redis.test.util.MinimumRedisVersionRule
	at org.springframework.data.redis.support.collections.RedisSetTests.<init>(RedisSetTests.java:38)
]]></error>
  </testcase>
  <testcase name="testSize[28]" classname="org.springframework.data.redis.support.collections.RedisSetTests" time="0">
    <error message="Could not initialize class org.springframework.data.redis.test.util.MinimumRedisVersionRule" type="java.lang.NoClassDefFoundError"><![CDATA[java.lang.NoClassDefFoundError: Could not initialize class org.springframework.data.redis.test.util.MinimumRedisVersionRule
	at org.springframework.data.redis.support.collections.RedisSetTests.<init>(RedisSetTests.java:38)
]]></error>
  </testcase>
  <testcase name="testToString[28]" classname="org.springframework.data.redis.support.collections.RedisSetTests" time="0">
    <error message="Could not initialize class org.springframework.data.redis.test.util.MinimumRedisVersionRule" type="java.lang.NoClassDefFoundError"><![CDATA[java.lang.NoClassDefFoundError: Could not initialize class org.springframework.data.redis.test.util.MinimumRedisVersionRule
	at org.springframework.data.redis.support.collections.RedisSetTests.<init>(RedisSetTests.java:38)
]]></error>
  </testcase>
  <testcase name="testContainsAll[28]" classname="org.springframework.data.redis.support.collections.RedisSetTests" time="0">
    <error message="Could not initialize class org.springframework.data.redis.test.util.MinimumRedisVersionRule" type="java.lang.NoClassDefFoundError"><![CDATA[java.lang.NoClassDefFoundError: Could not initialize class org.springframework.data.redis.test.util.MinimumRedisVersionRule
	at org.springframework.data.redis.support.collections.RedisSetTests.<init>(RedisSetTests.java:38)
]]></error>
  </testcase>
  <testcase name="testRemoveObject[28]" classname="org.springframework.data.redis.support.collections.RedisSetTests" time="0">
    <error message="Could not initialize class org.springframework.data.redis.test.util.MinimumRedisVersionRule" type="java.lang.NoClassDefFoundError"><![CDATA[java.lang.NoClassDefFoundError: Could not initialize class org.springframework.data.redis.test.util.MinimumRedisVersionRule
	at org.springframework.data.redis.support.collections.RedisSetTests.<init>(RedisSetTests.java:38)
]]></error>
  </testcase>
  <testcase name="testHashCode[28]" classname="org.springframework.data.redis.support.collections.RedisSetTests" time="0">
    <error message="Could not initialize class org.springframework.data.redis.test.util.MinimumRedisVersionRule" type="java.lang.NoClassDefFoundError"><![CDATA[java.lang.NoClassDefFoundError: Could not initialize class org.springframework.data.redis.test.util.MinimumRedisVersionRule
	at org.springframework.data.redis.support.collections.RedisSetTests.<init>(RedisSetTests.java:38)
]]></error>
  </testcase>
  <testcase name="testAddAll[28]" classname="org.springframework.data.redis.support.collections.RedisSetTests" time="0">
    <error message="Could not initialize class org.springframework.data.redis.test.util.MinimumRedisVersionRule" type="java.lang.NoClassDefFoundError"><![CDATA[java.lang.NoClassDefFoundError: Could not initialize class org.springframework.data.redis.test.util.MinimumRedisVersionRule
	at org.springframework.data.redis.support.collections.RedisSetTests.<init>(RedisSetTests.java:38)
]]></error>
  </testcase>
  <testcase name="removeAll[28]" classname="org.springframework.data.redis.support.collections.RedisSetTests" time="0">
    <error message="Could not initialize class org.springframework.data.redis.test.util.MinimumRedisVersionRule" type="java.lang.NoClassDefFoundError"><![CDATA[java.lang.NoClassDefFoundError: Could not initialize class org.springframework.data.redis.test.util.MinimumRedisVersionRule
	at org.springframework.data.redis.support.collections.RedisSetTests.<init>(RedisSetTests.java:38)
]]></error>
  </testcase>
  <testcase name="testEquals[28]" classname="org.springframework.data.redis.support.collections.RedisSetTests" time="0">
    <error message="Could not initialize class org.springframework.data.redis.test.util.MinimumRedisVersionRule" type="java.lang.NoClassDefFoundError"><![CDATA[java.lang.NoClassDefFoundError: Could not initialize class org.springframework.data.redis.test.util.MinimumRedisVersionRule
	at org.springframework.data.redis.support.collections.RedisSetTests.<init>(RedisSetTests.java:38)
]]></error>
  </testcase>
  <testcase name="testGetKey[28]" classname="org.springframework.data.redis.support.collections.RedisSetTests" time="0">
    <error message="Could not initialize class org.springframework.data.redis.test.util.MinimumRedisVersionRule" type="java.lang.NoClassDefFoundError"><![CDATA[java.lang.NoClassDefFoundError: Could not initialize class org.springframework.data.redis.test.util.MinimumRedisVersionRule
	at org.springframework.data.redis.support.collections.RedisSetTests.<init>(RedisSetTests.java:38)
]]></error>
  </testcase>
  <testcase name="testIsEmpty[28]" classname="org.springframework.data.redis.support.collections.RedisSetTests" time="0">
    <error message="Could not initialize class org.springframework.data.redis.test.util.MinimumRedisVersionRule" type="java.lang.NoClassDefFoundError"><![CDATA[java.lang.NoClassDefFoundError: Could not initialize class org.springframework.data.redis.test.util.MinimumRedisVersionRule
	at org.springframework.data.redis.support.collections.RedisSetTests.<init>(RedisSetTests.java:38)
]]></error>
  </testcase>
  <testcase name="testDiffAndStore[29]" classname="org.springframework.data.redis.support.collections.RedisSetTests" time="0">
    <error message="Could not initialize class org.springframework.data.redis.test.util.MinimumRedisVersionRule" type="java.lang.NoClassDefFoundError"><![CDATA[java.lang.NoClassDefFoundError: Could not initialize class org.springframework.data.redis.test.util.MinimumRedisVersionRule
	at org.springframework.data.redis.support.collections.RedisSetTests.<init>(RedisSetTests.java:38)
]]></error>
  </testcase>
  <testcase name="testToArray[29]" classname="org.springframework.data.redis.support.collections.RedisSetTests" time="0">
    <error message="Could not initialize class org.springframework.data.redis.test.util.MinimumRedisVersionRule" type="java.lang.NoClassDefFoundError"><![CDATA[java.lang.NoClassDefFoundError: Could not initialize class org.springframework.data.redis.test.util.MinimumRedisVersionRule
	at org.springframework.data.redis.support.collections.RedisSetTests.<init>(RedisSetTests.java:38)
]]></error>
  </testcase>
  <testcase name="testUnion[29]" classname="org.springframework.data.redis.support.collections.RedisSetTests" time="0">
    <error message="Could not initialize class org.springframework.data.redis.test.util.MinimumRedisVersionRule" type="java.lang.NoClassDefFoundError"><![CDATA[java.lang.NoClassDefFoundError: Could not initialize class org.springframework.data.redis.test.util.MinimumRedisVersionRule
	at org.springframework.data.redis.support.collections.RedisSetTests.<init>(RedisSetTests.java:38)
]]></error>
  </testcase>
  <testcase name="testDiff[29]" classname="org.springframework.data.redis.support.collections.RedisSetTests" time="0">
    <error message="Could not initialize class org.springframework.data.redis.test.util.MinimumRedisVersionRule" type="java.lang.NoClassDefFoundError"><![CDATA[java.lang.NoClassDefFoundError: Could not initialize class org.springframework.data.redis.test.util.MinimumRedisVersionRule
	at org.springframework.data.redis.support.collections.RedisSetTests.<init>(RedisSetTests.java:38)
]]></error>
  </testcase>
  <testcase name="testScanWorksCorrectly[29]" classname="org.springframework.data.redis.support.collections.RedisSetTests" time="0.001">
    <error message="Could not initialize class org.springframework.data.redis.test.util.MinimumRedisVersionRule" type="java.lang.NoClassDefFoundError"><![CDATA[java.lang.NoClassDefFoundError: Could not initialize class org.springframework.data.redis.test.util.MinimumRedisVersionRule
	at org.springframework.data.redis.support.collections.RedisSetTests.<init>(RedisSetTests.java:38)
]]></error>
  </testcase>
  <testcase name="testUnionAndStore[29]" classname="org.springframework.data.redis.support.collections.RedisSetTests" time="0">
    <error message="Could not initialize class org.springframework.data.redis.test.util.MinimumRedisVersionRule" type="java.lang.NoClassDefFoundError"><![CDATA[java.lang.NoClassDefFoundError: Could not initialize class org.springframework.data.redis.test.util.MinimumRedisVersionRule
	at org.springframework.data.redis.support.collections.RedisSetTests.<init>(RedisSetTests.java:38)
]]></error>
  </testcase>
  <testcase name="testIntersect[29]" classname="org.springframework.data.redis.support.collections.RedisSetTests" time="0">
    <error message="Could not initialize class org.springframework.data.redis.test.util.MinimumRedisVersionRule" type="java.lang.NoClassDefFoundError"><![CDATA[java.lang.NoClassDefFoundError: Could not initialize class org.springframework.data.redis.test.util.MinimumRedisVersionRule
	at org.springframework.data.redis.support.collections.RedisSetTests.<init>(RedisSetTests.java:38)
]]></error>
  </testcase>
  <testcase name="testToArrayWithGenerics[29]" classname="org.springframework.data.redis.support.collections.RedisSetTests" time="0">
    <error message="Could not initialize class org.springframework.data.redis.test.util.MinimumRedisVersionRule" type="java.lang.NoClassDefFoundError"><![CDATA[java.lang.NoClassDefFoundError: Could not initialize class org.springframework.data.redis.test.util.MinimumRedisVersionRule
	at org.springframework.data.redis.support.collections.RedisSetTests.<init>(RedisSetTests.java:38)
]]></error>
  </testcase>
  <testcase name="testIterator[29]" classname="org.springframework.data.redis.support.collections.RedisSetTests" time="0">
    <error message="Could not initialize class org.springframework.data.redis.test.util.MinimumRedisVersionRule" type="java.lang.NoClassDefFoundError"><![CDATA[java.lang.NoClassDefFoundError: Could not initialize class org.springframework.data.redis.test.util.MinimumRedisVersionRule
	at org.springframework.data.redis.support.collections.RedisSetTests.<init>(RedisSetTests.java:38)
]]></error>
  </testcase>
  <testcase name="testContainsObject[29]" classname="org.springframework.data.redis.support.collections.RedisSetTests" time="0">
    <error message="Could not initialize class org.springframework.data.redis.test.util.MinimumRedisVersionRule" type="java.lang.NoClassDefFoundError"><![CDATA[java.lang.NoClassDefFoundError: Could not initialize class org.springframework.data.redis.test.util.MinimumRedisVersionRule
	at org.springframework.data.redis.support.collections.RedisSetTests.<init>(RedisSetTests.java:38)
]]></error>
  </testcase>
  <testcase name="testAdd[29]" classname="org.springframework.data.redis.support.collections.RedisSetTests" time="0">
    <error message="Could not initialize class org.springframework.data.redis.test.util.MinimumRedisVersionRule" type="java.lang.NoClassDefFoundError"><![CDATA[java.lang.NoClassDefFoundError: Could not initialize class org.springframework.data.redis.test.util.MinimumRedisVersionRule
	at org.springframework.data.redis.support.collections.RedisSetTests.<init>(RedisSetTests.java:38)
]]></error>
  </testcase>
  <testcase name="testClear[29]" classname="org.springframework.data.redis.support.collections.RedisSetTests" time="0">
    <error message="Could not initialize class org.springframework.data.redis.test.util.MinimumRedisVersionRule" type="java.lang.NoClassDefFoundError"><![CDATA[java.lang.NoClassDefFoundError: Could not initialize class org.springframework.data.redis.test.util.MinimumRedisVersionRule
	at org.springframework.data.redis.support.collections.RedisSetTests.<init>(RedisSetTests.java:38)
]]></error>
  </testcase>
  <testcase name="testSize[29]" classname="org.springframework.data.redis.support.collections.RedisSetTests" time="0">
    <error message="Could not initialize class org.springframework.data.redis.test.util.MinimumRedisVersionRule" type="java.lang.NoClassDefFoundError"><![CDATA[java.lang.NoClassDefFoundError: Could not initialize class org.springframework.data.redis.test.util.MinimumRedisVersionRule
	at org.springframework.data.redis.support.collections.RedisSetTests.<init>(RedisSetTests.java:38)
]]></error>
  </testcase>
  <testcase name="testToString[29]" classname="org.springframework.data.redis.support.collections.RedisSetTests" time="0.001">
    <error message="Could not initialize class org.springframework.data.redis.test.util.MinimumRedisVersionRule" type="java.lang.NoClassDefFoundError"><![CDATA[java.lang.NoClassDefFoundError: Could not initialize class org.springframework.data.redis.test.util.MinimumRedisVersionRule
	at org.springframework.data.redis.support.collections.RedisSetTests.<init>(RedisSetTests.java:38)
]]></error>
  </testcase>
  <testcase name="testContainsAll[29]" classname="org.springframework.data.redis.support.collections.RedisSetTests" time="0">
    <error message="Could not initialize class org.springframework.data.redis.test.util.MinimumRedisVersionRule" type="java.lang.NoClassDefFoundError"><![CDATA[java.lang.NoClassDefFoundError: Could not initialize class org.springframework.data.redis.test.util.MinimumRedisVersionRule
	at org.springframework.data.redis.support.collections.RedisSetTests.<init>(RedisSetTests.java:38)
]]></error>
  </testcase>
  <testcase name="testRemoveObject[29]" classname="org.springframework.data.redis.support.collections.RedisSetTests" time="0">
    <error message="Could not initialize class org.springframework.data.redis.test.util.MinimumRedisVersionRule" type="java.lang.NoClassDefFoundError"><![CDATA[java.lang.NoClassDefFoundError: Could not initialize class org.springframework.data.redis.test.util.MinimumRedisVersionRule
	at org.springframework.data.redis.support.collections.RedisSetTests.<init>(RedisSetTests.java:38)
]]></error>
  </testcase>
  <testcase name="testHashCode[29]" classname="org.springframework.data.redis.support.collections.RedisSetTests" time="0">
    <error message="Could not initialize class org.springframework.data.redis.test.util.MinimumRedisVersionRule" type="java.lang.NoClassDefFoundError"><![CDATA[java.lang.NoClassDefFoundError: Could not initialize class org.springframework.data.redis.test.util.MinimumRedisVersionRule
	at org.springframework.data.redis.support.collections.RedisSetTests.<init>(RedisSetTests.java:38)
]]></error>
  </testcase>
  <testcase name="testAddAll[29]" classname="org.springframework.data.redis.support.collections.RedisSetTests" time="0">
    <error message="Could not initialize class org.springframework.data.redis.test.util.MinimumRedisVersionRule" type="java.lang.NoClassDefFoundError"><![CDATA[java.lang.NoClassDefFoundError: Could not initialize class org.springframework.data.redis.test.util.MinimumRedisVersionRule
	at org.springframework.data.redis.support.collections.RedisSetTests.<init>(RedisSetTests.java:38)
]]></error>
  </testcase>
  <testcase name="removeAll[29]" classname="org.springframework.data.redis.support.collections.RedisSetTests" time="0">
    <error message="Could not initialize class org.springframework.data.redis.test.util.MinimumRedisVersionRule" type="java.lang.NoClassDefFoundError"><![CDATA[java.lang.NoClassDefFoundError: Could not initialize class org.springframework.data.redis.test.util.MinimumRedisVersionRule
	at org.springframework.data.redis.support.collections.RedisSetTests.<init>(RedisSetTests.java:38)
]]></error>
  </testcase>
  <testcase name="testEquals[29]" classname="org.springframework.data.redis.support.collections.RedisSetTests" time="0">
    <error message="Could not initialize class org.springframework.data.redis.test.util.MinimumRedisVersionRule" type="java.lang.NoClassDefFoundError"><![CDATA[java.lang.NoClassDefFoundError: Could not initialize class org.springframework.data.redis.test.util.MinimumRedisVersionRule
	at org.springframework.data.redis.support.collections.RedisSetTests.<init>(RedisSetTests.java:38)
]]></error>
  </testcase>
  <testcase name="testGetKey[29]" classname="org.springframework.data.redis.support.collections.RedisSetTests" time="0">
    <error message="Could not initialize class org.springframework.data.redis.test.util.MinimumRedisVersionRule" type="java.lang.NoClassDefFoundError"><![CDATA[java.lang.NoClassDefFoundError: Could not initialize class org.springframework.data.redis.test.util.MinimumRedisVersionRule
	at org.springframework.data.redis.support.collections.RedisSetTests.<init>(RedisSetTests.java:38)
]]></error>
  </testcase>
  <testcase name="testIsEmpty[29]" classname="org.springframework.data.redis.support.collections.RedisSetTests" time="0.001">
    <error message="Could not initialize class org.springframework.data.redis.test.util.MinimumRedisVersionRule" type="java.lang.NoClassDefFoundError"><![CDATA[java.lang.NoClassDefFoundError: Could not initialize class org.springframework.data.redis.test.util.MinimumRedisVersionRule
	at org.springframework.data.redis.support.collections.RedisSetTests.<init>(RedisSetTests.java:38)
]]></error>
  </testcase>
  <testcase name="testDiffAndStore[30]" classname="org.springframework.data.redis.support.collections.RedisSetTests" time="0">
    <error message="Could not initialize class org.springframework.data.redis.test.util.MinimumRedisVersionRule" type="java.lang.NoClassDefFoundError"><![CDATA[java.lang.NoClassDefFoundError: Could not initialize class org.springframework.data.redis.test.util.MinimumRedisVersionRule
	at org.springframework.data.redis.support.collections.RedisSetTests.<init>(RedisSetTests.java:38)
]]></error>
  </testcase>
  <testcase name="testToArray[30]" classname="org.springframework.data.redis.support.collections.RedisSetTests" time="0">
    <error message="Could not initialize class org.springframework.data.redis.test.util.MinimumRedisVersionRule" type="java.lang.NoClassDefFoundError"><![CDATA[java.lang.NoClassDefFoundError: Could not initialize class org.springframework.data.redis.test.util.MinimumRedisVersionRule
	at org.springframework.data.redis.support.collections.RedisSetTests.<init>(RedisSetTests.java:38)
]]></error>
  </testcase>
  <testcase name="testUnion[30]" classname="org.springframework.data.redis.support.collections.RedisSetTests" time="0">
    <error message="Could not initialize class org.springframework.data.redis.test.util.MinimumRedisVersionRule" type="java.lang.NoClassDefFoundError"><![CDATA[java.lang.NoClassDefFoundError: Could not initialize class org.springframework.data.redis.test.util.MinimumRedisVersionRule
	at org.springframework.data.redis.support.collections.RedisSetTests.<init>(RedisSetTests.java:38)
]]></error>
  </testcase>
  <testcase name="testDiff[30]" classname="org.springframework.data.redis.support.collections.RedisSetTests" time="0">
    <error message="Could not initialize class org.springframework.data.redis.test.util.MinimumRedisVersionRule" type="java.lang.NoClassDefFoundError"><![CDATA[java.lang.NoClassDefFoundError: Could not initialize class org.springframework.data.redis.test.util.MinimumRedisVersionRule
	at org.springframework.data.redis.support.collections.RedisSetTests.<init>(RedisSetTests.java:38)
]]></error>
  </testcase>
  <testcase name="testScanWorksCorrectly[30]" classname="org.springframework.data.redis.support.collections.RedisSetTests" time="0">
    <error message="Could not initialize class org.springframework.data.redis.test.util.MinimumRedisVersionRule" type="java.lang.NoClassDefFoundError"><![CDATA[java.lang.NoClassDefFoundError: Could not initialize class org.springframework.data.redis.test.util.MinimumRedisVersionRule
	at org.springframework.data.redis.support.collections.RedisSetTests.<init>(RedisSetTests.java:38)
]]></error>
  </testcase>
  <testcase name="testUnionAndStore[30]" classname="org.springframework.data.redis.support.collections.RedisSetTests" time="0">
    <error message="Could not initialize class org.springframework.data.redis.test.util.MinimumRedisVersionRule" type="java.lang.NoClassDefFoundError"><![CDATA[java.lang.NoClassDefFoundError: Could not initialize class org.springframework.data.redis.test.util.MinimumRedisVersionRule
	at org.springframework.data.redis.support.collections.RedisSetTests.<init>(RedisSetTests.java:38)
]]></error>
  </testcase>
  <testcase name="testIntersect[30]" classname="org.springframework.data.redis.support.collections.RedisSetTests" time="0">
    <error message="Could not initialize class org.springframework.data.redis.test.util.MinimumRedisVersionRule" type="java.lang.NoClassDefFoundError"><![CDATA[java.lang.NoClassDefFoundError: Could not initialize class org.springframework.data.redis.test.util.MinimumRedisVersionRule
	at org.springframework.data.redis.support.collections.RedisSetTests.<init>(RedisSetTests.java:38)
]]></error>
  </testcase>
  <testcase name="testToArrayWithGenerics[30]" classname="org.springframework.data.redis.support.collections.RedisSetTests" time="0">
    <error message="Could not initialize class org.springframework.data.redis.test.util.MinimumRedisVersionRule" type="java.lang.NoClassDefFoundError"><![CDATA[java.lang.NoClassDefFoundError: Could not initialize class org.springframework.data.redis.test.util.MinimumRedisVersionRule
	at org.springframework.data.redis.support.collections.RedisSetTests.<init>(RedisSetTests.java:38)
]]></error>
  </testcase>
  <testcase name="testIterator[30]" classname="org.springframework.data.redis.support.collections.RedisSetTests" time="0.001">
    <error message="Could not initialize class org.springframework.data.redis.test.util.MinimumRedisVersionRule" type="java.lang.NoClassDefFoundError"><![CDATA[java.lang.NoClassDefFoundError: Could not initialize class org.springframework.data.redis.test.util.MinimumRedisVersionRule
	at org.springframework.data.redis.support.collections.RedisSetTests.<init>(RedisSetTests.java:38)
]]></error>
  </testcase>
  <testcase name="testContainsObject[30]" classname="org.springframework.data.redis.support.collections.RedisSetTests" time="0">
    <error message="Could not initialize class org.springframework.data.redis.test.util.MinimumRedisVersionRule" type="java.lang.NoClassDefFoundError"><![CDATA[java.lang.NoClassDefFoundError: Could not initialize class org.springframework.data.redis.test.util.MinimumRedisVersionRule
	at org.springframework.data.redis.support.collections.RedisSetTests.<init>(RedisSetTests.java:38)
]]></error>
  </testcase>
  <testcase name="testAdd[30]" classname="org.springframework.data.redis.support.collections.RedisSetTests" time="0">
    <error message="Could not initialize class org.springframework.data.redis.test.util.MinimumRedisVersionRule" type="java.lang.NoClassDefFoundError"><![CDATA[java.lang.NoClassDefFoundError: Could not initialize class org.springframework.data.redis.test.util.MinimumRedisVersionRule
	at org.springframework.data.redis.support.collections.RedisSetTests.<init>(RedisSetTests.java:38)
]]></error>
  </testcase>
  <testcase name="testClear[30]" classname="org.springframework.data.redis.support.collections.RedisSetTests" time="0">
    <error message="Could not initialize class org.springframework.data.redis.test.util.MinimumRedisVersionRule" type="java.lang.NoClassDefFoundError"><![CDATA[java.lang.NoClassDefFoundError: Could not initialize class org.springframework.data.redis.test.util.MinimumRedisVersionRule
	at org.springframework.data.redis.support.collections.RedisSetTests.<init>(RedisSetTests.java:38)
]]></error>
  </testcase>
  <testcase name="testSize[30]" classname="org.springframework.data.redis.support.collections.RedisSetTests" time="0">
    <error message="Could not initialize class org.springframework.data.redis.test.util.MinimumRedisVersionRule" type="java.lang.NoClassDefFoundError"><![CDATA[java.lang.NoClassDefFoundError: Could not initialize class org.springframework.data.redis.test.util.MinimumRedisVersionRule
	at org.springframework.data.redis.support.collections.RedisSetTests.<init>(RedisSetTests.java:38)
]]></error>
  </testcase>
  <testcase name="testToString[30]" classname="org.springframework.data.redis.support.collections.RedisSetTests" time="0">
    <error message="Could not initialize class org.springframework.data.redis.test.util.MinimumRedisVersionRule" type="java.lang.NoClassDefFoundError"><![CDATA[java.lang.NoClassDefFoundError: Could not initialize class org.springframework.data.redis.test.util.MinimumRedisVersionRule
	at org.springframework.data.redis.support.collections.RedisSetTests.<init>(RedisSetTests.java:38)
]]></error>
  </testcase>
  <testcase name="testContainsAll[30]" classname="org.springframework.data.redis.support.collections.RedisSetTests" time="0">
    <error message="Could not initialize class org.springframework.data.redis.test.util.MinimumRedisVersionRule" type="java.lang.NoClassDefFoundError"><![CDATA[java.lang.NoClassDefFoundError: Could not initialize class org.springframework.data.redis.test.util.MinimumRedisVersionRule
	at org.springframework.data.redis.support.collections.RedisSetTests.<init>(RedisSetTests.java:38)
]]></error>
  </testcase>
  <testcase name="testRemoveObject[30]" classname="org.springframework.data.redis.support.collections.RedisSetTests" time="0">
    <error message="Could not initialize class org.springframework.data.redis.test.util.MinimumRedisVersionRule" type="java.lang.NoClassDefFoundError"><![CDATA[java.lang.NoClassDefFoundError: Could not initialize class org.springframework.data.redis.test.util.MinimumRedisVersionRule
	at org.springframework.data.redis.support.collections.RedisSetTests.<init>(RedisSetTests.java:38)
]]></error>
  </testcase>
  <testcase name="testHashCode[30]" classname="org.springframework.data.redis.support.collections.RedisSetTests" time="0">
    <error message="Could not initialize class org.springframework.data.redis.test.util.MinimumRedisVersionRule" type="java.lang.NoClassDefFoundError"><![CDATA[java.lang.NoClassDefFoundError: Could not initialize class org.springframework.data.redis.test.util.MinimumRedisVersionRule
	at org.springframework.data.redis.support.collections.RedisSetTests.<init>(RedisSetTests.java:38)
]]></error>
  </testcase>
  <testcase name="testAddAll[30]" classname="org.springframework.data.redis.support.collections.RedisSetTests" time="0.001">
    <error message="Could not initialize class org.springframework.data.redis.test.util.MinimumRedisVersionRule" type="java.lang.NoClassDefFoundError"><![CDATA[java.lang.NoClassDefFoundError: Could not initialize class org.springframework.data.redis.test.util.MinimumRedisVersionRule
	at org.springframework.data.redis.support.collections.RedisSetTests.<init>(RedisSetTests.java:38)
]]></error>
  </testcase>
  <testcase name="removeAll[30]" classname="org.springframework.data.redis.support.collections.RedisSetTests" time="0">
    <error message="Could not initialize class org.springframework.data.redis.test.util.MinimumRedisVersionRule" type="java.lang.NoClassDefFoundError"><![CDATA[java.lang.NoClassDefFoundError: Could not initialize class org.springframework.data.redis.test.util.MinimumRedisVersionRule
	at org.springframework.data.redis.support.collections.RedisSetTests.<init>(RedisSetTests.java:38)
]]></error>
  </testcase>
  <testcase name="testEquals[30]" classname="org.springframework.data.redis.support.collections.RedisSetTests" time="0">
    <error message="Could not initialize class org.springframework.data.redis.test.util.MinimumRedisVersionRule" type="java.lang.NoClassDefFoundError"><![CDATA[java.lang.NoClassDefFoundError: Could not initialize class org.springframework.data.redis.test.util.MinimumRedisVersionRule
	at org.springframework.data.redis.support.collections.RedisSetTests.<init>(RedisSetTests.java:38)
]]></error>
  </testcase>
  <testcase name="testGetKey[30]" classname="org.springframework.data.redis.support.collections.RedisSetTests" time="0">
    <error message="Could not initialize class org.springframework.data.redis.test.util.MinimumRedisVersionRule" type="java.lang.NoClassDefFoundError"><![CDATA[java.lang.NoClassDefFoundError: Could not initialize class org.springframework.data.redis.test.util.MinimumRedisVersionRule
	at org.springframework.data.redis.support.collections.RedisSetTests.<init>(RedisSetTests.java:38)
]]></error>
  </testcase>
  <testcase name="testIsEmpty[30]" classname="org.springframework.data.redis.support.collections.RedisSetTests" time="0">
    <error message="Could not initialize class org.springframework.data.redis.test.util.MinimumRedisVersionRule" type="java.lang.NoClassDefFoundError"><![CDATA[java.lang.NoClassDefFoundError: Could not initialize class org.springframework.data.redis.test.util.MinimumRedisVersionRule
	at org.springframework.data.redis.support.collections.RedisSetTests.<init>(RedisSetTests.java:38)
]]></error>
  </testcase>
</testsuite>