<?xml version="1.0" encoding="UTF-8"?>
<testsuite xmlns:xsi="http://www.w3.org/2001/XMLSchema-instance" xsi:schemaLocation="https://maven.apache.org/surefire/maven-surefire-plugin/xsd/surefire-test-report.xsd" name="org.springframework.data.redis.connection.DefaultStringRedisConnectionTests" time="0.753" tests="260" errors="0" skipped="0" failures="0">
  <properties>
    <property name="java.runtime.name" value="Java(TM) SE Runtime Environment"/>
    <property name="sun.boot.library.path" value="/usr/lib/jvm/java-8-oracle/jre/lib/amd64"/>
    <property name="java.vm.version" value="25.91-b14"/>
    <property name="java.vm.vendor" value="Oracle Corporation"/>
    <property name="java.vendor.url" value="http://java.oracle.com/"/>
    <property name="path.separator" value=":"/>
    <property name="guice.disable.misplaced.annotation.check" value="true"/>
    <property name="java.vm.name" value="Java HotSpot(TM) 64-Bit Server VM"/>
    <property name="file.encoding.pkg" value="sun.io"/>
    <property name="user.country" value="BR"/>
    <property name="sun.java.launcher" value="SUN_STANDARD"/>
    <property name="sun.os.patch.level" value="unknown"/>
    <property name="java.vm.specification.name" value="Java Virtual Machine Specification"/>
    <property name="user.dir" value="/home/aluno/spring-projects/maven/spring-data-redis"/>
    <property name="java.runtime.version" value="1.8.0_91-b14"/>
    <property name="java.awt.graphicsenv" value="sun.awt.X11GraphicsEnvironment"/>
    <property name="java.endorsed.dirs" value="/usr/lib/jvm/java-8-oracle/jre/lib/endorsed"/>
    <property name="os.arch" value="amd64"/>
    <property name="java.io.tmpdir" value="/tmp"/>
    <property name="line.separator" value="&#10;"/>
    <property name="java.vm.specification.vendor" value="Oracle Corporation"/>
    <property name="os.name" value="Linux"/>
    <property name="classworlds.conf" value="/usr/share/maven/bin/m2.conf"/>
    <property name="sun.jnu.encoding" value="UTF-8"/>
    <property name="java.library.path" value="/usr/java/packages/lib/amd64:/usr/lib64:/lib64:/lib:/usr/lib"/>
    <property name="java.specification.name" value="Java Platform API Specification"/>
    <property name="java.class.version" value="52.0"/>
    <property name="sun.management.compiler" value="HotSpot 64-Bit Tiered Compilers"/>
    <property name="os.version" value="3.13.0-91-generic"/>
    <property name="user.home" value="/home/aluno"/>
    <property name="user.timezone" value="America/Fortaleza"/>
    <property name="java.awt.printerjob" value="sun.print.PSPrinterJob"/>
    <property name="file.encoding" value="UTF-8"/>
    <property name="java.specification.version" value="1.8"/>
    <property name="user.name" value="aluno"/>
    <property name="java.class.path" value="/usr/share/maven/boot/plexus-classworlds-2.x.jar"/>
    <property name="java.vm.specification.version" value="1.8"/>
    <property name="sun.arch.data.model" value="64"/>
    <property name="java.home" value="/usr/lib/jvm/java-8-oracle/jre"/>
    <property name="sun.java.command" value="org.codehaus.plexus.classworlds.launcher.Launcher clean test"/>
    <property name="java.specification.vendor" value="Oracle Corporation"/>
    <property name="user.language" value="pt"/>
    <property name="awt.toolkit" value="sun.awt.X11.XToolkit"/>
    <property name="java.vm.info" value="mixed mode"/>
    <property name="java.version" value="1.8.0_91"/>
    <property name="java.ext.dirs" value="/usr/lib/jvm/java-8-oracle/jre/lib/ext:/usr/java/packages/lib/ext"/>
    <property name="securerandom.source" value="file:/dev/./urandom"/>
    <property name="sun.boot.class.path" value="/usr/lib/jvm/java-8-oracle/jre/lib/resources.jar:/usr/lib/jvm/java-8-oracle/jre/lib/rt.jar:/usr/lib/jvm/java-8-oracle/jre/lib/sunrsasign.jar:/usr/lib/jvm/java-8-oracle/jre/lib/jsse.jar:/usr/lib/jvm/java-8-oracle/jre/lib/jce.jar:/usr/lib/jvm/java-8-oracle/jre/lib/charsets.jar:/usr/lib/jvm/java-8-oracle/jre/lib/jfr.jar:/usr/lib/jvm/java-8-oracle/jre/classes"/>
    <property name="java.vendor" value="Oracle Corporation"/>
    <property name="maven.home" value="/usr/share/maven"/>
    <property name="file.separator" value="/"/>
    <property name="java.vendor.url.bug" value="http://bugreport.sun.com/bugreport/"/>
    <property name="sun.cpu.endian" value="little"/>
    <property name="sun.io.unicode.encoding" value="UnicodeLittle"/>
    <property name="sun.desktop" value="gnome"/>
    <property name="sun.cpu.isalist" value=""/>
  </properties>
  <testcase name="testZRevRangeByScoreOffsetCount" classname="org.springframework.data.redis.connection.DefaultStringRedisConnectionTests" time="0.439"/>
  <testcase name="testGeoAddCoordinateMap" classname="org.springframework.data.redis.connection.DefaultStringRedisConnectionTests" time="0.002"/>
  <testcase name="testZRevRangeByScoreWithScores" classname="org.springframework.data.redis.connection.DefaultStringRedisConnectionTests" time="0.001"/>
  <testcase name="testLPushXBytes" classname="org.springframework.data.redis.connection.DefaultStringRedisConnectionTests" time="0.001"/>
  <testcase name="testGeoRadiusByMemberWithDistAndAscBytes" classname="org.springframework.data.redis.connection.DefaultStringRedisConnectionTests" time="0.025"/>
  <testcase name="testGeoHashBytes" classname="org.springframework.data.redis.connection.DefaultStringRedisConnectionTests" time="0.001"/>
  <testcase name="testZAddBytes" classname="org.springframework.data.redis.connection.DefaultStringRedisConnectionTests" time="0.001"/>
  <testcase name="testBrPopBytes" classname="org.springframework.data.redis.connection.DefaultStringRedisConnectionTests" time="0.001"/>
  <testcase name="testZRangeByScoreWithScoresOffsetCountBytes" classname="org.springframework.data.redis.connection.DefaultStringRedisConnectionTests" time="0"/>
  <testcase name="testBrPopLPush" classname="org.springframework.data.redis.connection.DefaultStringRedisConnectionTests" time="0"/>
  <testcase name="testPExpire" classname="org.springframework.data.redis.connection.DefaultStringRedisConnectionTests" time="0.001"/>
  <testcase name="testGeoDistBytes" classname="org.springframework.data.redis.connection.DefaultStringRedisConnectionTests" time="0"/>
  <testcase name="testZAddMultipleBytes" classname="org.springframework.data.redis.connection.DefaultStringRedisConnectionTests" time="0.001"/>
  <testcase name="pfMergeShouldDelegateToNativeConnectionCorrectly" classname="org.springframework.data.redis.connection.DefaultStringRedisConnectionTests" time="0.005"/>
  <testcase name="testZRankBytes" classname="org.springframework.data.redis.connection.DefaultStringRedisConnectionTests" time="0"/>
  <testcase name="testZRevRangeByScoreWithScoresOffsetCountBytes" classname="org.springframework.data.redis.connection.DefaultStringRedisConnectionTests" time="0.004"/>
  <testcase name="testGetBitBytes" classname="org.springframework.data.redis.connection.DefaultStringRedisConnectionTests" time="0"/>
  <testcase name="testEvalSha" classname="org.springframework.data.redis.connection.DefaultStringRedisConnectionTests" time="0.001"/>
  <testcase name="testBitCountBytes" classname="org.springframework.data.redis.connection.DefaultStringRedisConnectionTests" time="0"/>
  <testcase name="testHDelBytes" classname="org.springframework.data.redis.connection.DefaultStringRedisConnectionTests" time="0.001"/>
  <testcase name="testPExpireAt" classname="org.springframework.data.redis.connection.DefaultStringRedisConnectionTests" time="0"/>
  <testcase name="testBitCountRange" classname="org.springframework.data.redis.connection.DefaultStringRedisConnectionTests" time="0.001"/>
  <testcase name="testLRemBytes" classname="org.springframework.data.redis.connection.DefaultStringRedisConnectionTests" time="0"/>
  <testcase name="testGeoPosBytes" classname="org.springframework.data.redis.connection.DefaultStringRedisConnectionTests" time="0.001"/>
  <testcase name="testExecute" classname="org.springframework.data.redis.connection.DefaultStringRedisConnectionTests" time="0"/>
  <testcase name="testGeoAddWithGeoLocationBytes" classname="org.springframework.data.redis.connection.DefaultStringRedisConnectionTests" time="0"/>
  <testcase name="testGetBytes" classname="org.springframework.data.redis.connection.DefaultStringRedisConnectionTests" time="0.001"/>
  <testcase name="testGeoRadiusByMemberWithDistAndAsc" classname="org.springframework.data.redis.connection.DefaultStringRedisConnectionTests" time="0.001"/>
  <testcase name="testZRevRangeByScoreWithScoresOffsetCount" classname="org.springframework.data.redis.connection.DefaultStringRedisConnectionTests" time="0"/>
  <testcase name="testGetRange" classname="org.springframework.data.redis.connection.DefaultStringRedisConnectionTests" time="0.001"/>
  <testcase name="testZIncrBy" classname="org.springframework.data.redis.connection.DefaultStringRedisConnectionTests" time="0"/>
  <testcase name="testZScoreBytes" classname="org.springframework.data.redis.connection.DefaultStringRedisConnectionTests" time="0.001"/>
  <testcase name="testScriptLoad" classname="org.springframework.data.redis.connection.DefaultStringRedisConnectionTests" time="0"/>
  <testcase name="testSRemBytes" classname="org.springframework.data.redis.connection.DefaultStringRedisConnectionTests" time="0.001"/>
  <testcase name="testSRandMemberBytes" classname="org.springframework.data.redis.connection.DefaultStringRedisConnectionTests" time="0"/>
  <testcase name="testSRandMemberCount" classname="org.springframework.data.redis.connection.DefaultStringRedisConnectionTests" time="0.001"/>
  <testcase name="testHGetAllBytes" classname="org.springframework.data.redis.connection.DefaultStringRedisConnectionTests" time="0"/>
  <testcase name="testZRemRangeByScore" classname="org.springframework.data.redis.connection.DefaultStringRedisConnectionTests" time="0.001"/>
  <testcase name="testGetSetBytes" classname="org.springframework.data.redis.connection.DefaultStringRedisConnectionTests" time="0"/>
  <testcase name="testZCardBytes" classname="org.springframework.data.redis.connection.DefaultStringRedisConnectionTests" time="0.001"/>
  <testcase name="testScriptLoadBytes" classname="org.springframework.data.redis.connection.DefaultStringRedisConnectionTests" time="0"/>
  <testcase name="testDel" classname="org.springframework.data.redis.connection.DefaultStringRedisConnectionTests" time="0.001"/>
  <testcase name="testGet" classname="org.springframework.data.redis.connection.DefaultStringRedisConnectionTests" time="0"/>
  <testcase name="testTtl" classname="org.springframework.data.redis.connection.DefaultStringRedisConnectionTests" time="0.001"/>
  <testcase name="testTimeIsDelegatedCorrectlyToNativeConnection" classname="org.springframework.data.redis.connection.DefaultStringRedisConnectionTests" time="0"/>
  <testcase name="testGeoAddWithIterableOfGeoLocationBytes" classname="org.springframework.data.redis.connection.DefaultStringRedisConnectionTests" time="0.001"/>
  <testcase name="testSIsMember" classname="org.springframework.data.redis.connection.DefaultStringRedisConnectionTests" time="0"/>
  <testcase name="testLRangeBytes" classname="org.springframework.data.redis.connection.DefaultStringRedisConnectionTests" time="0.001"/>
  <testcase name="testZRemBytes" classname="org.springframework.data.redis.connection.DefaultStringRedisConnectionTests" time="0"/>
  <testcase name="testZRemRange" classname="org.springframework.data.redis.connection.DefaultStringRedisConnectionTests" time="0"/>
  <testcase name="testExpireAtBytes" classname="org.springframework.data.redis.connection.DefaultStringRedisConnectionTests" time="0"/>
  <testcase name="testExpireAt" classname="org.springframework.data.redis.connection.DefaultStringRedisConnectionTests" time="0"/>
  <testcase name="testBitOp" classname="org.springframework.data.redis.connection.DefaultStringRedisConnectionTests" time="0.001"/>
  <testcase name="testBlPop" classname="org.springframework.data.redis.connection.DefaultStringRedisConnectionTests" time="0"/>
  <testcase name="testBrPop" classname="org.springframework.data.redis.connection.DefaultStringRedisConnectionTests" time="0.001"/>
  <testcase name="testHKeys" classname="org.springframework.data.redis.connection.DefaultStringRedisConnectionTests" time="0"/>
  <testcase name="testHMGet" classname="org.springframework.data.redis.connection.DefaultStringRedisConnectionTests" time="0"/>
  <testcase name="testHVals" classname="org.springframework.data.redis.connection.DefaultStringRedisConnectionTests" time="0"/>
  <testcase name="testLPush" classname="org.springframework.data.redis.connection.DefaultStringRedisConnectionTests" time="0"/>
  <testcase name="testGeoRadiusByMemberWithoutParam" classname="org.springframework.data.redis.connection.DefaultStringRedisConnectionTests" time="0.011"/>
  <testcase name="testRPush" classname="org.springframework.data.redis.connection.DefaultStringRedisConnectionTests" time="0"/>
  <testcase name="testSCard" classname="org.springframework.data.redis.connection.DefaultStringRedisConnectionTests" time="0.001"/>
  <testcase name="testSDiff" classname="org.springframework.data.redis.connection.DefaultStringRedisConnectionTests" time="0.001"/>
  <testcase name="testSMove" classname="org.springframework.data.redis.connection.DefaultStringRedisConnectionTests" time="0"/>
  <testcase name="testSetNX" classname="org.springframework.data.redis.connection.DefaultStringRedisConnectionTests" time="0.001"/>
  <testcase name="testZCard" classname="org.springframework.data.redis.connection.DefaultStringRedisConnectionTests" time="0"/>
  <testcase name="testZRank" classname="org.springframework.data.redis.connection.DefaultStringRedisConnectionTests" time="0"/>
  <testcase name="testGeoRadiusByMemberWithCoordAndCount" classname="org.springframework.data.redis.connection.DefaultStringRedisConnectionTests" time="0.001"/>
  <testcase name="testGeoRadiusWithDist" classname="org.springframework.data.redis.connection.DefaultStringRedisConnectionTests" time="0.001"/>
  <testcase name="testHSetBytes" classname="org.springframework.data.redis.connection.DefaultStringRedisConnectionTests" time="0"/>
  <testcase name="testMSetNXBytes" classname="org.springframework.data.redis.connection.DefaultStringRedisConnectionTests" time="0.001"/>
  <testcase name="testDecr" classname="org.springframework.data.redis.connection.DefaultStringRedisConnectionTests" time="0"/>
  <testcase name="testDump" classname="org.springframework.data.redis.connection.DefaultStringRedisConnectionTests" time="0"/>
  <testcase name="testEcho" classname="org.springframework.data.redis.connection.DefaultStringRedisConnectionTests" time="0"/>
  <testcase name="testEval" classname="org.springframework.data.redis.connection.DefaultStringRedisConnectionTests" time="0"/>
  <testcase name="testHDel" classname="org.springframework.data.redis.connection.DefaultStringRedisConnectionTests" time="0.001"/>
  <testcase name="testHGet" classname="org.springframework.data.redis.connection.DefaultStringRedisConnectionTests" time="0"/>
  <testcase name="testHLen" classname="org.springframework.data.redis.connection.DefaultStringRedisConnectionTests" time="0.001"/>
  <testcase name="testHSet" classname="org.springframework.data.redis.connection.DefaultStringRedisConnectionTests" time="0"/>
  <testcase name="testIncr" classname="org.springframework.data.redis.connection.DefaultStringRedisConnectionTests" time="0.001"/>
  <testcase name="testInfo" classname="org.springframework.data.redis.connection.DefaultStringRedisConnectionTests" time="0"/>
  <testcase name="testKeys" classname="org.springframework.data.redis.connection.DefaultStringRedisConnectionTests" time="0"/>
  <testcase name="testLLen" classname="org.springframework.data.redis.connection.DefaultStringRedisConnectionTests" time="0.001"/>
  <testcase name="testLPop" classname="org.springframework.data.redis.connection.DefaultStringRedisConnectionTests" time="0"/>
  <testcase name="testLRem" classname="org.springframework.data.redis.connection.DefaultStringRedisConnectionTests" time="0.001"/>
  <testcase name="testMGet" classname="org.springframework.data.redis.connection.DefaultStringRedisConnectionTests" time="0"/>
  <testcase name="testMove" classname="org.springframework.data.redis.connection.DefaultStringRedisConnectionTests" time="0"/>
  <testcase name="testPTtl" classname="org.springframework.data.redis.connection.DefaultStringRedisConnectionTests" time="0"/>
  <testcase name="testPing" classname="org.springframework.data.redis.connection.DefaultStringRedisConnectionTests" time="0"/>
  <testcase name="testRPop" classname="org.springframework.data.redis.connection.DefaultStringRedisConnectionTests" time="0.001"/>
  <testcase name="testSAdd" classname="org.springframework.data.redis.connection.DefaultStringRedisConnectionTests" time="0"/>
  <testcase name="testSPop" classname="org.springframework.data.redis.connection.DefaultStringRedisConnectionTests" time="0.001"/>
  <testcase name="testSRem" classname="org.springframework.data.redis.connection.DefaultStringRedisConnectionTests" time="0"/>
  <testcase name="testSort" classname="org.springframework.data.redis.connection.DefaultStringRedisConnectionTests" time="0.001"/>
  <testcase name="testType" classname="org.springframework.data.redis.connection.DefaultStringRedisConnectionTests" time="0.001"/>
  <testcase name="testZAdd" classname="org.springframework.data.redis.connection.DefaultStringRedisConnectionTests" time="0"/>
  <testcase name="testZRem" classname="org.springframework.data.redis.connection.DefaultStringRedisConnectionTests" time="0.001"/>
  <testcase name="testLInsert" classname="org.springframework.data.redis.connection.DefaultStringRedisConnectionTests" time="0"/>
  <testcase name="testSMembersBytes" classname="org.springframework.data.redis.connection.DefaultStringRedisConnectionTests" time="0.001"/>
  <testcase name="testPersist" classname="org.springframework.data.redis.connection.DefaultStringRedisConnectionTests" time="0"/>
  <testcase name="testMGetBytes" classname="org.springframework.data.redis.connection.DefaultStringRedisConnectionTests" time="0.001"/>
  <testcase name="testBrPopLPushBytes" classname="org.springframework.data.redis.connection.DefaultStringRedisConnectionTests" time="0"/>
  <testcase name="testZRevRange" classname="org.springframework.data.redis.connection.DefaultStringRedisConnectionTests" time="0.001"/>
  <testcase name="testMSetNXString" classname="org.springframework.data.redis.connection.DefaultStringRedisConnectionTests" time="0"/>
  <testcase name="testScriptExists" classname="org.springframework.data.redis.connection.DefaultStringRedisConnectionTests" time="0"/>
  <testcase name="testTtlWithTimeUnit" classname="org.springframework.data.redis.connection.DefaultStringRedisConnectionTests" time="0.001"/>
  <testcase name="testSUnionStoreBytes" classname="org.springframework.data.redis.connection.DefaultStringRedisConnectionTests" time="0"/>
  <testcase name="testPublishBytes" classname="org.springframework.data.redis.connection.DefaultStringRedisConnectionTests" time="0.001"/>
  <testcase name="testPTtlBytes" classname="org.springframework.data.redis.connection.DefaultStringRedisConnectionTests" time="0"/>
  <testcase name="testSInterBytes" classname="org.springframework.data.redis.connection.DefaultStringRedisConnectionTests" time="0"/>
  <testcase name="testExpireBytes" classname="org.springframework.data.redis.connection.DefaultStringRedisConnectionTests" time="0"/>
  <testcase name="testSInterStore" classname="org.springframework.data.redis.connection.DefaultStringRedisConnectionTests" time="0"/>
  <testcase name="testHSetNXBytes" classname="org.springframework.data.redis.connection.DefaultStringRedisConnectionTests" time="0.001"/>
  <testcase name="testLastSave" classname="org.springframework.data.redis.connection.DefaultStringRedisConnectionTests" time="0"/>
  <testcase name="testIncrBytes" classname="org.springframework.data.redis.connection.DefaultStringRedisConnectionTests" time="0.001"/>
  <testcase name="testZRangeBytes" classname="org.springframework.data.redis.connection.DefaultStringRedisConnectionTests" time="0"/>
  <testcase name="testPSetExShouldDelegateCallToNativeConnection" classname="org.springframework.data.redis.connection.DefaultStringRedisConnectionTests" time="0"/>
  <testcase name="testSUnionBytes" classname="org.springframework.data.redis.connection.DefaultStringRedisConnectionTests" time="0.001"/>
  <testcase name="testLInsertBytes" classname="org.springframework.data.redis.connection.DefaultStringRedisConnectionTests" time="0"/>
  <testcase name="testHIncrByDoubleBytes" classname="org.springframework.data.redis.connection.DefaultStringRedisConnectionTests" time="0.001"/>
  <testcase name="testHIncrByBytes" classname="org.springframework.data.redis.connection.DefaultStringRedisConnectionTests" time="0"/>
  <testcase name="testSUnionStore" classname="org.springframework.data.redis.connection.DefaultStringRedisConnectionTests" time="0"/>
  <testcase name="testHLenBytes" classname="org.springframework.data.redis.connection.DefaultStringRedisConnectionTests" time="0.001"/>
  <testcase name="testEvalShaBytes" classname="org.springframework.data.redis.connection.DefaultStringRedisConnectionTests" time="0"/>
  <testcase name="testSInterStoreBytes" classname="org.springframework.data.redis.connection.DefaultStringRedisConnectionTests" time="0"/>
  <testcase name="testPublish" classname="org.springframework.data.redis.connection.DefaultStringRedisConnectionTests" time="0"/>
  <testcase name="testSetNXBytes" classname="org.springframework.data.redis.connection.DefaultStringRedisConnectionTests" time="0.001"/>
  <testcase name="testHGetBytes" classname="org.springframework.data.redis.connection.DefaultStringRedisConnectionTests" time="0"/>
  <testcase name="testLPopBytes" classname="org.springframework.data.redis.connection.DefaultStringRedisConnectionTests" time="0.001"/>
  <testcase name="testGeoRadiusByMemberWithoutParamBytes" classname="org.springframework.data.redis.connection.DefaultStringRedisConnectionTests" time="0"/>
  <testcase name="testHExists" classname="org.springframework.data.redis.connection.DefaultStringRedisConnectionTests" time="0.001"/>
  <testcase name="testGeoDist" classname="org.springframework.data.redis.connection.DefaultStringRedisConnectionTests" time="0"/>
  <testcase name="testGeoHash" classname="org.springframework.data.redis.connection.DefaultStringRedisConnectionTests" time="0"/>
  <testcase name="testZInterStore" classname="org.springframework.data.redis.connection.DefaultStringRedisConnectionTests" time="0"/>
  <testcase name="testHGetAll" classname="org.springframework.data.redis.connection.DefaultStringRedisConnectionTests" time="0.001"/>
  <testcase name="testKeysBytes" classname="org.springframework.data.redis.connection.DefaultStringRedisConnectionTests" time="0"/>
  <testcase name="testPersistBytes" classname="org.springframework.data.redis.connection.DefaultStringRedisConnectionTests" time="0"/>
  <testcase name="testRPushBytes" classname="org.springframework.data.redis.connection.DefaultStringRedisConnectionTests" time="0"/>
  <testcase name="testZRangeByScoreWithScoresBytes" classname="org.springframework.data.redis.connection.DefaultStringRedisConnectionTests" time="0"/>
  <testcase name="testStrLenBytes" classname="org.springframework.data.redis.connection.DefaultStringRedisConnectionTests" time="0.001"/>
  <testcase name="testGeoRadiusWithDistBytes" classname="org.springframework.data.redis.connection.DefaultStringRedisConnectionTests" time="0"/>
  <testcase name="testHIncrBy" classname="org.springframework.data.redis.connection.DefaultStringRedisConnectionTests" time="0"/>
  <testcase name="testZRangeWithScores" classname="org.springframework.data.redis.connection.DefaultStringRedisConnectionTests" time="0.001"/>
  <testcase name="testZUnionStore" classname="org.springframework.data.redis.connection.DefaultStringRedisConnectionTests" time="0"/>
  <testcase name="testSPopBytes" classname="org.springframework.data.redis.connection.DefaultStringRedisConnectionTests" time="0.001"/>
  <testcase name="testIncrByBytes" classname="org.springframework.data.redis.connection.DefaultStringRedisConnectionTests" time="0"/>
  <testcase name="testZInterStoreAggWeightsBytes" classname="org.springframework.data.redis.connection.DefaultStringRedisConnectionTests" time="0.001"/>
  <testcase name="testTtlBytes" classname="org.springframework.data.redis.connection.DefaultStringRedisConnectionTests" time="0"/>
  <testcase name="testIncrByDoubleBytes" classname="org.springframework.data.redis.connection.DefaultStringRedisConnectionTests" time="0.001"/>
  <testcase name="testGetRangeBytes" classname="org.springframework.data.redis.connection.DefaultStringRedisConnectionTests" time="0"/>
  <testcase name="testZUnionStoreBytes" classname="org.springframework.data.redis.connection.DefaultStringRedisConnectionTests" time="0.001"/>
  <testcase name="testRandomKey" classname="org.springframework.data.redis.connection.DefaultStringRedisConnectionTests" time="0"/>
  <testcase name="testPExpireBytes" classname="org.springframework.data.redis.connection.DefaultStringRedisConnectionTests" time="0"/>
  <testcase name="testGetNativeConnection" classname="org.springframework.data.redis.connection.DefaultStringRedisConnectionTests" time="0.001"/>
  <testcase name="testSCardBytes" classname="org.springframework.data.redis.connection.DefaultStringRedisConnectionTests" time="0"/>
  <testcase name="testPExpireAtBytes" classname="org.springframework.data.redis.connection.DefaultStringRedisConnectionTests" time="0.001"/>
  <testcase name="testInfoBySection" classname="org.springframework.data.redis.connection.DefaultStringRedisConnectionTests" time="0"/>
  <testcase name="testGeoAddWithGeoLocation" classname="org.springframework.data.redis.connection.DefaultStringRedisConnectionTests" time="0.001"/>
  <testcase name="testSRandMember" classname="org.springframework.data.redis.connection.DefaultStringRedisConnectionTests" time="0"/>
  <testcase name="testGeoAddWithIterableOfGeoLocation" classname="org.springframework.data.redis.connection.DefaultStringRedisConnectionTests" time="0.001"/>
  <testcase name="testZUnionStoreAggWeightsBytes" classname="org.springframework.data.redis.connection.DefaultStringRedisConnectionTests" time="0"/>
  <testcase name="testRPushXBytes" classname="org.springframework.data.redis.connection.DefaultStringRedisConnectionTests" time="0"/>
  <testcase name="testZInterStoreBytes" classname="org.springframework.data.redis.connection.DefaultStringRedisConnectionTests" time="0"/>
  <testcase name="testZInterStoreAggWeights" classname="org.springframework.data.redis.connection.DefaultStringRedisConnectionTests" time="0"/>
  <testcase name="testZCountBytes" classname="org.springframework.data.redis.connection.DefaultStringRedisConnectionTests" time="0.001"/>
  <testcase name="testGeoRadiusWithoutParamBytes" classname="org.springframework.data.redis.connection.DefaultStringRedisConnectionTests" time="0"/>
  <testcase name="testZRevRangeWithScores" classname="org.springframework.data.redis.connection.DefaultStringRedisConnectionTests" time="0"/>
  <testcase name="testZRevRangeByScore" classname="org.springframework.data.redis.connection.DefaultStringRedisConnectionTests" time="0.001"/>
  <testcase name="testZRevRangeByScoreOffsetCountBytes" classname="org.springframework.data.redis.connection.DefaultStringRedisConnectionTests" time="0"/>
  <testcase name="testRenameNX" classname="org.springframework.data.redis.connection.DefaultStringRedisConnectionTests" time="0"/>
  <testcase name="testZUnionStoreAggWeights" classname="org.springframework.data.redis.connection.DefaultStringRedisConnectionTests" time="0"/>
  <testcase name="testZRangeByScore" classname="org.springframework.data.redis.connection.DefaultStringRedisConnectionTests" time="0"/>
  <testcase name="testZRevRangeByScoreBytes" classname="org.springframework.data.redis.connection.DefaultStringRedisConnectionTests" time="0.001"/>
  <testcase name="testZRevRangeWithScoresBytes" classname="org.springframework.data.redis.connection.DefaultStringRedisConnectionTests" time="0"/>
  <testcase name="testBlPopBytes" classname="org.springframework.data.redis.connection.DefaultStringRedisConnectionTests" time="0"/>
  <testcase name="testRenameNXBytes" classname="org.springframework.data.redis.connection.DefaultStringRedisConnectionTests" time="0.001"/>
  <testcase name="testEchoBytes" classname="org.springframework.data.redis.connection.DefaultStringRedisConnectionTests" time="0"/>
  <testcase name="testZRevRangeByScoreWithScoresBytes" classname="org.springframework.data.redis.connection.DefaultStringRedisConnectionTests" time="0"/>
  <testcase name="testZRangeByScoreOffsetCount" classname="org.springframework.data.redis.connection.DefaultStringRedisConnectionTests" time="0"/>
  <testcase name="testRPopLPushBytes" classname="org.springframework.data.redis.connection.DefaultStringRedisConnectionTests" time="0"/>
  <testcase name="testSRandMemberCountBytes" classname="org.springframework.data.redis.connection.DefaultStringRedisConnectionTests" time="0"/>
  <testcase name="testGetClientNameIsDelegatedCorrectlyToNativeConnection" classname="org.springframework.data.redis.connection.DefaultStringRedisConnectionTests" time="0"/>
  <testcase name="testIncrByDouble" classname="org.springframework.data.redis.connection.DefaultStringRedisConnectionTests" time="0"/>
  <testcase name="testHMGetBytes" classname="org.springframework.data.redis.connection.DefaultStringRedisConnectionTests" time="0.001"/>
  <testcase name="testGeoAddBytes" classname="org.springframework.data.redis.connection.DefaultStringRedisConnectionTests" time="0"/>
  <testcase name="testSortBytes" classname="org.springframework.data.redis.connection.DefaultStringRedisConnectionTests" time="0"/>
  <testcase name="testZRemRangeByScoreBytes" classname="org.springframework.data.redis.connection.DefaultStringRedisConnectionTests" time="0"/>
  <testcase name="testGeoRadiusWithoutParam" classname="org.springframework.data.redis.connection.DefaultStringRedisConnectionTests" time="0"/>
  <testcase name="testSortStore" classname="org.springframework.data.redis.connection.DefaultStringRedisConnectionTests" time="0"/>
  <testcase name="testGeoRadiusByMemberWithCoordAndCountBytes" classname="org.springframework.data.redis.connection.DefaultStringRedisConnectionTests" time="0.001"/>
  <testcase name="testSortStoreBytes" classname="org.springframework.data.redis.connection.DefaultStringRedisConnectionTests" time="0"/>
  <testcase name="testExecuteStringArgs" classname="org.springframework.data.redis.connection.DefaultStringRedisConnectionTests" time="0"/>
  <testcase name="testLLenBytes" classname="org.springframework.data.redis.connection.DefaultStringRedisConnectionTests" time="0.001"/>
  <testcase name="testLPushBytes" classname="org.springframework.data.redis.connection.DefaultStringRedisConnectionTests" time="0"/>
  <testcase name="testExecuteByteArgs" classname="org.springframework.data.redis.connection.DefaultStringRedisConnectionTests" time="0"/>
  <testcase name="testSDiffStoreBytes" classname="org.springframework.data.redis.connection.DefaultStringRedisConnectionTests" time="0.001"/>
  <testcase name="testZRemRangeBytes" classname="org.springframework.data.redis.connection.DefaultStringRedisConnectionTests" time="0"/>
  <testcase name="testZAddMultiple" classname="org.springframework.data.redis.connection.DefaultStringRedisConnectionTests" time="0"/>
  <testcase name="testZRevRankBytes" classname="org.springframework.data.redis.connection.DefaultStringRedisConnectionTests" time="0.001"/>
  <testcase name="testGeoAddCoordinateMapBytes" classname="org.springframework.data.redis.connection.DefaultStringRedisConnectionTests" time="0"/>
  <testcase name="testGetConfig" classname="org.springframework.data.redis.connection.DefaultStringRedisConnectionTests" time="0"/>
  <testcase name="testHExistsBytes" classname="org.springframework.data.redis.connection.DefaultStringRedisConnectionTests" time="0.001"/>
  <testcase name="testHIncrByDouble" classname="org.springframework.data.redis.connection.DefaultStringRedisConnectionTests" time="0"/>
  <testcase name="testTypeBytes" classname="org.springframework.data.redis.connection.DefaultStringRedisConnectionTests" time="0"/>
  <testcase name="testSMoveBytes" classname="org.springframework.data.redis.connection.DefaultStringRedisConnectionTests" time="0"/>
  <testcase name="testAppend" classname="org.springframework.data.redis.connection.DefaultStringRedisConnectionTests" time="0"/>
  <testcase name="testHKeysBytes" classname="org.springframework.data.redis.connection.DefaultStringRedisConnectionTests" time="0"/>
  <testcase name="testDecrBytes" classname="org.springframework.data.redis.connection.DefaultStringRedisConnectionTests" time="0.001"/>
  <testcase name="testLIndexBytes" classname="org.springframework.data.redis.connection.DefaultStringRedisConnectionTests" time="0"/>
  <testcase name="testDbSize" classname="org.springframework.data.redis.connection.DefaultStringRedisConnectionTests" time="0"/>
  <testcase name="testDecrBy" classname="org.springframework.data.redis.connection.DefaultStringRedisConnectionTests" time="0.001"/>
  <testcase name="testExists" classname="org.springframework.data.redis.connection.DefaultStringRedisConnectionTests" time="0"/>
  <testcase name="testExpire" classname="org.springframework.data.redis.connection.DefaultStringRedisConnectionTests" time="0"/>
  <testcase name="testEvalBytes" classname="org.springframework.data.redis.connection.DefaultStringRedisConnectionTests" time="0"/>
  <testcase name="testZRevRank" classname="org.springframework.data.redis.connection.DefaultStringRedisConnectionTests" time="0"/>
  <testcase name="testGeoAdd" classname="org.springframework.data.redis.connection.DefaultStringRedisConnectionTests" time="0"/>
  <testcase name="testGeoPos" classname="org.springframework.data.redis.connection.DefaultStringRedisConnectionTests" time="0"/>
  <testcase name="testBitOpBytes" classname="org.springframework.data.redis.connection.DefaultStringRedisConnectionTests" time="0"/>
  <testcase name="testGetBit" classname="org.springframework.data.redis.connection.DefaultStringRedisConnectionTests" time="0"/>
  <testcase name="testGetSet" classname="org.springframework.data.redis.connection.DefaultStringRedisConnectionTests" time="0"/>
  <testcase name="testHSetNX" classname="org.springframework.data.redis.connection.DefaultStringRedisConnectionTests" time="0.001"/>
  <testcase name="testExistsBytes" classname="org.springframework.data.redis.connection.DefaultStringRedisConnectionTests" time="0"/>
  <testcase name="testIncrBy" classname="org.springframework.data.redis.connection.DefaultStringRedisConnectionTests" time="0"/>
  <testcase name="testSDiffBytes" classname="org.springframework.data.redis.connection.DefaultStringRedisConnectionTests" time="0.001"/>
  <testcase name="pfCountShouldDelegateToNativeConnectionCorrectly" classname="org.springframework.data.redis.connection.DefaultStringRedisConnectionTests" time="0"/>
  <testcase name="testSDiffStore" classname="org.springframework.data.redis.connection.DefaultStringRedisConnectionTests" time="0"/>
  <testcase name="testRPopBytes" classname="org.springframework.data.redis.connection.DefaultStringRedisConnectionTests" time="0"/>
  <testcase name="testHValsBytes" classname="org.springframework.data.redis.connection.DefaultStringRedisConnectionTests" time="0"/>
  <testcase name="testRPopLPush" classname="org.springframework.data.redis.connection.DefaultStringRedisConnectionTests" time="0"/>
  <testcase name="testSIsMemberBytes" classname="org.springframework.data.redis.connection.DefaultStringRedisConnectionTests" time="0.001"/>
  <testcase name="testLIndex" classname="org.springframework.data.redis.connection.DefaultStringRedisConnectionTests" time="0"/>
  <testcase name="testLPushX" classname="org.springframework.data.redis.connection.DefaultStringRedisConnectionTests" time="0"/>
  <testcase name="testLRange" classname="org.springframework.data.redis.connection.DefaultStringRedisConnectionTests" time="0.001"/>
  <testcase name="testDelBytes" classname="org.springframework.data.redis.connection.DefaultStringRedisConnectionTests" time="0"/>
  <testcase name="testZRangeByScoreBytes" classname="org.springframework.data.redis.connection.DefaultStringRedisConnectionTests" time="0"/>
  <testcase name="testGeoRadiusWithCoordAndDesc" classname="org.springframework.data.redis.connection.DefaultStringRedisConnectionTests" time="0.001"/>
  <testcase name="testRPushX" classname="org.springframework.data.redis.connection.DefaultStringRedisConnectionTests" time="0"/>
  <testcase name="testZIncrByBytes" classname="org.springframework.data.redis.connection.DefaultStringRedisConnectionTests" time="0"/>
  <testcase name="testSInter" classname="org.springframework.data.redis.connection.DefaultStringRedisConnectionTests" time="0.001"/>
  <testcase name="testZRangeWithScoresBytes" classname="org.springframework.data.redis.connection.DefaultStringRedisConnectionTests" time="0"/>
  <testcase name="settingClientNameShouldDelegateToNativeConnection" classname="org.springframework.data.redis.connection.DefaultStringRedisConnectionTests" time="0"/>
  <testcase name="testSUnion" classname="org.springframework.data.redis.connection.DefaultStringRedisConnectionTests" time="0.001"/>
  <testcase name="testMoveBytes" classname="org.springframework.data.redis.connection.DefaultStringRedisConnectionTests" time="0"/>
  <testcase name="pfAddShouldDelegateToNativeConnectionCorrectly" classname="org.springframework.data.redis.connection.DefaultStringRedisConnectionTests" time="0"/>
  <testcase name="testAppendBytes" classname="org.springframework.data.redis.connection.DefaultStringRedisConnectionTests" time="0.001"/>
  <testcase name="testStrLen" classname="org.springframework.data.redis.connection.DefaultStringRedisConnectionTests" time="0"/>
  <testcase name="testZRangeByScoreWithScoresOffsetCount" classname="org.springframework.data.redis.connection.DefaultStringRedisConnectionTests" time="0"/>
  <testcase name="testZRangeByScoreOffsetCountBytes" classname="org.springframework.data.redis.connection.DefaultStringRedisConnectionTests" time="0.001"/>
  <testcase name="testBitCountRangeBytes" classname="org.springframework.data.redis.connection.DefaultStringRedisConnectionTests" time="0"/>
  <testcase name="testBitCount" classname="org.springframework.data.redis.connection.DefaultStringRedisConnectionTests" time="0"/>
  <testcase name="testGeoRadiusWithCoordAndDescBytes" classname="org.springframework.data.redis.connection.DefaultStringRedisConnectionTests" time="0"/>
  <testcase name="testZCount" classname="org.springframework.data.redis.connection.DefaultStringRedisConnectionTests" time="0"/>
  <testcase name="testSMembers" classname="org.springframework.data.redis.connection.DefaultStringRedisConnectionTests" time="0"/>
  <testcase name="testZRange" classname="org.springframework.data.redis.connection.DefaultStringRedisConnectionTests" time="0"/>
  <testcase name="testZScore" classname="org.springframework.data.redis.connection.DefaultStringRedisConnectionTests" time="0.001"/>
  <testcase name="testDecrByBytes" classname="org.springframework.data.redis.connection.DefaultStringRedisConnectionTests" time="0"/>
  <testcase name="testZRevRangeBytes" classname="org.springframework.data.redis.connection.DefaultStringRedisConnectionTests" time="0.001"/>
  <testcase name="testShutdownInDelegatedCorrectlyToNativeConnection" classname="org.springframework.data.redis.connection.DefaultStringRedisConnectionTests" time="0"/>
  <testcase name="testSAddBytes" classname="org.springframework.data.redis.connection.DefaultStringRedisConnectionTests" time="0"/>
  <testcase name="testZRangeByScoreWithScores" classname="org.springframework.data.redis.connection.DefaultStringRedisConnectionTests" time="0.001"/>
</testsuite>