<?xml version="1.0" encoding="UTF-8"?>
<testsuite xmlns:xsi="http://www.w3.org/2001/XMLSchema-instance" xsi:schemaLocation="https://maven.apache.org/surefire/maven-surefire-plugin/xsd/surefire-test-report.xsd" name="org.springframework.data.redis.core.DefaultZSetOperationsTests" time="0.867" tests="150" errors="150" skipped="0" failures="0">
  <properties>
    <property name="java.runtime.name" value="Java(TM) SE Runtime Environment"/>
    <property name="sun.boot.library.path" value="/usr/lib/jvm/java-8-oracle/jre/lib/amd64"/>
    <property name="java.vm.version" value="25.91-b14"/>
    <property name="java.vm.vendor" value="Oracle Corporation"/>
    <property name="java.vendor.url" value="http://java.oracle.com/"/>
    <property name="path.separator" value=":"/>
    <property name="guice.disable.misplaced.annotation.check" value="true"/>
    <property name="java.vm.name" value="Java HotSpot(TM) 64-Bit Server VM"/>
    <property name="file.encoding.pkg" value="sun.io"/>
    <property name="user.country" value="BR"/>
    <property name="sun.java.launcher" value="SUN_STANDARD"/>
    <property name="sun.os.patch.level" value="unknown"/>
    <property name="java.vm.specification.name" value="Java Virtual Machine Specification"/>
    <property name="user.dir" value="/home/aluno/spring-projects/maven/spring-data-redis"/>
    <property name="java.runtime.version" value="1.8.0_91-b14"/>
    <property name="java.awt.graphicsenv" value="sun.awt.X11GraphicsEnvironment"/>
    <property name="java.endorsed.dirs" value="/usr/lib/jvm/java-8-oracle/jre/lib/endorsed"/>
    <property name="os.arch" value="amd64"/>
    <property name="java.io.tmpdir" value="/tmp"/>
    <property name="line.separator" value="&#10;"/>
    <property name="java.vm.specification.vendor" value="Oracle Corporation"/>
    <property name="os.name" value="Linux"/>
    <property name="classworlds.conf" value="/usr/share/maven/bin/m2.conf"/>
    <property name="sun.jnu.encoding" value="UTF-8"/>
    <property name="java.library.path" value="/usr/java/packages/lib/amd64:/usr/lib64:/lib64:/lib:/usr/lib"/>
    <property name="java.specification.name" value="Java Platform API Specification"/>
    <property name="java.class.version" value="52.0"/>
    <property name="sun.management.compiler" value="HotSpot 64-Bit Tiered Compilers"/>
    <property name="os.version" value="3.13.0-91-generic"/>
    <property name="user.home" value="/home/aluno"/>
    <property name="user.timezone" value="America/Fortaleza"/>
    <property name="java.awt.printerjob" value="sun.print.PSPrinterJob"/>
    <property name="file.encoding" value="UTF-8"/>
    <property name="java.specification.version" value="1.8"/>
    <property name="user.name" value="aluno"/>
    <property name="java.class.path" value="/usr/share/maven/boot/plexus-classworlds-2.x.jar"/>
    <property name="java.vm.specification.version" value="1.8"/>
    <property name="sun.arch.data.model" value="64"/>
    <property name="java.home" value="/usr/lib/jvm/java-8-oracle/jre"/>
    <property name="sun.java.command" value="org.codehaus.plexus.classworlds.launcher.Launcher clean test"/>
    <property name="java.specification.vendor" value="Oracle Corporation"/>
    <property name="user.language" value="pt"/>
    <property name="awt.toolkit" value="sun.awt.X11.XToolkit"/>
    <property name="java.vm.info" value="mixed mode"/>
    <property name="java.version" value="1.8.0_91"/>
    <property name="java.ext.dirs" value="/usr/lib/jvm/java-8-oracle/jre/lib/ext:/usr/java/packages/lib/ext"/>
    <property name="securerandom.source" value="file:/dev/./urandom"/>
    <property name="sun.boot.class.path" value="/usr/lib/jvm/java-8-oracle/jre/lib/resources.jar:/usr/lib/jvm/java-8-oracle/jre/lib/rt.jar:/usr/lib/jvm/java-8-oracle/jre/lib/sunrsasign.jar:/usr/lib/jvm/java-8-oracle/jre/lib/jsse.jar:/usr/lib/jvm/java-8-oracle/jre/lib/jce.jar:/usr/lib/jvm/java-8-oracle/jre/lib/charsets.jar:/usr/lib/jvm/java-8-oracle/jre/lib/jfr.jar:/usr/lib/jvm/java-8-oracle/jre/classes"/>
    <property name="java.vendor" value="Oracle Corporation"/>
    <property name="maven.home" value="/usr/share/maven"/>
    <property name="file.separator" value="/"/>
    <property name="java.vendor.url.bug" value="http://bugreport.sun.com/bugreport/"/>
    <property name="sun.cpu.endian" value="little"/>
    <property name="sun.io.unicode.encoding" value="UnicodeLittle"/>
    <property name="sun.desktop" value="gnome"/>
    <property name="sun.cpu.isalist" value=""/>
  </properties>
  <testcase name="zCardRetrievesDataCorrectly[0]" classname="org.springframework.data.redis.core.DefaultZSetOperationsTests" time="0.003">
    <error type="java.lang.ExceptionInInitializerError"><![CDATA[java.lang.ExceptionInInitializerError
	at org.springframework.data.redis.core.DefaultZSetOperationsTests.<init>(DefaultZSetOperationsTests.java:64)
Caused by: redis.clients.jedis.exceptions.JedisConnectionException: java.net.ConnectException: Conexão recusada
	at org.springframework.data.redis.core.DefaultZSetOperationsTests.<init>(DefaultZSetOperationsTests.java:64)
Caused by: java.net.ConnectException: Conexão recusada
	at org.springframework.data.redis.core.DefaultZSetOperationsTests.<init>(DefaultZSetOperationsTests.java:64)
]]></error>
  </testcase>
  <testcase name="testZScanShouldReadEntireValueRange[0]" classname="org.springframework.data.redis.core.DefaultZSetOperationsTests" time="0.001">
    <error message="Could not initialize class org.springframework.data.redis.test.util.MinimumRedisVersionRule" type="java.lang.NoClassDefFoundError"><![CDATA[java.lang.NoClassDefFoundError: Could not initialize class org.springframework.data.redis.test.util.MinimumRedisVersionRule
	at org.springframework.data.redis.core.DefaultZSetOperationsTests.<init>(DefaultZSetOperationsTests.java:64)
]]></error>
  </testcase>
  <testcase name="testCount[0]" classname="org.springframework.data.redis.core.DefaultZSetOperationsTests" time="0">
    <error message="Could not initialize class org.springframework.data.redis.test.util.MinimumRedisVersionRule" type="java.lang.NoClassDefFoundError"><![CDATA[java.lang.NoClassDefFoundError: Could not initialize class org.springframework.data.redis.test.util.MinimumRedisVersionRule
	at org.springframework.data.redis.core.DefaultZSetOperationsTests.<init>(DefaultZSetOperationsTests.java:64)
]]></error>
  </testcase>
  <testcase name="testAddMultiple[0]" classname="org.springframework.data.redis.core.DefaultZSetOperationsTests" time="0.001">
    <error message="Could not initialize class org.springframework.data.redis.test.util.MinimumRedisVersionRule" type="java.lang.NoClassDefFoundError"><![CDATA[java.lang.NoClassDefFoundError: Could not initialize class org.springframework.data.redis.test.util.MinimumRedisVersionRule
	at org.springframework.data.redis.core.DefaultZSetOperationsTests.<init>(DefaultZSetOperationsTests.java:64)
]]></error>
  </testcase>
  <testcase name="testReverseRangeByScoreOffsetCount[0]" classname="org.springframework.data.redis.core.DefaultZSetOperationsTests" time="0">
    <error message="Could not initialize class org.springframework.data.redis.test.util.MinimumRedisVersionRule" type="java.lang.NoClassDefFoundError"><![CDATA[java.lang.NoClassDefFoundError: Could not initialize class org.springframework.data.redis.test.util.MinimumRedisVersionRule
	at org.springframework.data.redis.core.DefaultZSetOperationsTests.<init>(DefaultZSetOperationsTests.java:64)
]]></error>
  </testcase>
  <testcase name="sizeRetrievesDataCorrectly[0]" classname="org.springframework.data.redis.core.DefaultZSetOperationsTests" time="0.001">
    <error message="Could not initialize class org.springframework.data.redis.test.util.MinimumRedisVersionRule" type="java.lang.NoClassDefFoundError"><![CDATA[java.lang.NoClassDefFoundError: Could not initialize class org.springframework.data.redis.test.util.MinimumRedisVersionRule
	at org.springframework.data.redis.core.DefaultZSetOperationsTests.<init>(DefaultZSetOperationsTests.java:64)
]]></error>
  </testcase>
  <testcase name="testRangeByScoreWithScoresOffsetCount[0]" classname="org.springframework.data.redis.core.DefaultZSetOperationsTests" time="0">
    <error message="Could not initialize class org.springframework.data.redis.test.util.MinimumRedisVersionRule" type="java.lang.NoClassDefFoundError"><![CDATA[java.lang.NoClassDefFoundError: Could not initialize class org.springframework.data.redis.test.util.MinimumRedisVersionRule
	at org.springframework.data.redis.core.DefaultZSetOperationsTests.<init>(DefaultZSetOperationsTests.java:64)
]]></error>
  </testcase>
  <testcase name="testRangeByLexUnbounded[0]" classname="org.springframework.data.redis.core.DefaultZSetOperationsTests" time="0.001">
    <error message="Could not initialize class org.springframework.data.redis.test.util.MinimumRedisVersionRule" type="java.lang.NoClassDefFoundError"><![CDATA[java.lang.NoClassDefFoundError: Could not initialize class org.springframework.data.redis.test.util.MinimumRedisVersionRule
	at org.springframework.data.redis.core.DefaultZSetOperationsTests.<init>(DefaultZSetOperationsTests.java:64)
]]></error>
  </testcase>
  <testcase name="testRangeByLexBounded[0]" classname="org.springframework.data.redis.core.DefaultZSetOperationsTests" time="0">
    <error message="Could not initialize class org.springframework.data.redis.test.util.MinimumRedisVersionRule" type="java.lang.NoClassDefFoundError"><![CDATA[java.lang.NoClassDefFoundError: Could not initialize class org.springframework.data.redis.test.util.MinimumRedisVersionRule
	at org.springframework.data.redis.core.DefaultZSetOperationsTests.<init>(DefaultZSetOperationsTests.java:64)
]]></error>
  </testcase>
  <testcase name="testReverseRangeByScoreWithScoresOffsetCount[0]" classname="org.springframework.data.redis.core.DefaultZSetOperationsTests" time="0.001">
    <error message="Could not initialize class org.springframework.data.redis.test.util.MinimumRedisVersionRule" type="java.lang.NoClassDefFoundError"><![CDATA[java.lang.NoClassDefFoundError: Could not initialize class org.springframework.data.redis.test.util.MinimumRedisVersionRule
	at org.springframework.data.redis.core.DefaultZSetOperationsTests.<init>(DefaultZSetOperationsTests.java:64)
]]></error>
  </testcase>
  <testcase name="testIncrementScore[0]" classname="org.springframework.data.redis.core.DefaultZSetOperationsTests" time="0">
    <error message="Could not initialize class org.springframework.data.redis.test.util.MinimumRedisVersionRule" type="java.lang.NoClassDefFoundError"><![CDATA[java.lang.NoClassDefFoundError: Could not initialize class org.springframework.data.redis.test.util.MinimumRedisVersionRule
	at org.springframework.data.redis.core.DefaultZSetOperationsTests.<init>(DefaultZSetOperationsTests.java:64)
]]></error>
  </testcase>
  <testcase name="testRangeByLexUnboundedWithLimit[0]" classname="org.springframework.data.redis.core.DefaultZSetOperationsTests" time="0">
    <error message="Could not initialize class org.springframework.data.redis.test.util.MinimumRedisVersionRule" type="java.lang.NoClassDefFoundError"><![CDATA[java.lang.NoClassDefFoundError: Could not initialize class org.springframework.data.redis.test.util.MinimumRedisVersionRule
	at org.springframework.data.redis.core.DefaultZSetOperationsTests.<init>(DefaultZSetOperationsTests.java:64)
]]></error>
  </testcase>
  <testcase name="testRangeByScoreOffsetCount[0]" classname="org.springframework.data.redis.core.DefaultZSetOperationsTests" time="0">
    <error message="Could not initialize class org.springframework.data.redis.test.util.MinimumRedisVersionRule" type="java.lang.NoClassDefFoundError"><![CDATA[java.lang.NoClassDefFoundError: Could not initialize class org.springframework.data.redis.test.util.MinimumRedisVersionRule
	at org.springframework.data.redis.core.DefaultZSetOperationsTests.<init>(DefaultZSetOperationsTests.java:64)
]]></error>
  </testcase>
  <testcase name="testRemove[0]" classname="org.springframework.data.redis.core.DefaultZSetOperationsTests" time="0">
    <error message="Could not initialize class org.springframework.data.redis.test.util.MinimumRedisVersionRule" type="java.lang.NoClassDefFoundError"><![CDATA[java.lang.NoClassDefFoundError: Could not initialize class org.springframework.data.redis.test.util.MinimumRedisVersionRule
	at org.springframework.data.redis.core.DefaultZSetOperationsTests.<init>(DefaultZSetOperationsTests.java:64)
]]></error>
  </testcase>
  <testcase name="testRangeByLexBoundedWithLimit[0]" classname="org.springframework.data.redis.core.DefaultZSetOperationsTests" time="0">
    <error message="Could not initialize class org.springframework.data.redis.test.util.MinimumRedisVersionRule" type="java.lang.NoClassDefFoundError"><![CDATA[java.lang.NoClassDefFoundError: Could not initialize class org.springframework.data.redis.test.util.MinimumRedisVersionRule
	at org.springframework.data.redis.core.DefaultZSetOperationsTests.<init>(DefaultZSetOperationsTests.java:64)
]]></error>
  </testcase>
  <testcase name="zCardRetrievesDataCorrectly[1]" classname="org.springframework.data.redis.core.DefaultZSetOperationsTests" time="0.001">
    <error message="Could not initialize class org.springframework.data.redis.test.util.MinimumRedisVersionRule" type="java.lang.NoClassDefFoundError"><![CDATA[java.lang.NoClassDefFoundError: Could not initialize class org.springframework.data.redis.test.util.MinimumRedisVersionRule
	at org.springframework.data.redis.core.DefaultZSetOperationsTests.<init>(DefaultZSetOperationsTests.java:64)
]]></error>
  </testcase>
  <testcase name="testZScanShouldReadEntireValueRange[1]" classname="org.springframework.data.redis.core.DefaultZSetOperationsTests" time="0">
    <error message="Could not initialize class org.springframework.data.redis.test.util.MinimumRedisVersionRule" type="java.lang.NoClassDefFoundError"><![CDATA[java.lang.NoClassDefFoundError: Could not initialize class org.springframework.data.redis.test.util.MinimumRedisVersionRule
	at org.springframework.data.redis.core.DefaultZSetOperationsTests.<init>(DefaultZSetOperationsTests.java:64)
]]></error>
  </testcase>
  <testcase name="testCount[1]" classname="org.springframework.data.redis.core.DefaultZSetOperationsTests" time="0">
    <error message="Could not initialize class org.springframework.data.redis.test.util.MinimumRedisVersionRule" type="java.lang.NoClassDefFoundError"><![CDATA[java.lang.NoClassDefFoundError: Could not initialize class org.springframework.data.redis.test.util.MinimumRedisVersionRule
	at org.springframework.data.redis.core.DefaultZSetOperationsTests.<init>(DefaultZSetOperationsTests.java:64)
]]></error>
  </testcase>
  <testcase name="testAddMultiple[1]" classname="org.springframework.data.redis.core.DefaultZSetOperationsTests" time="0.001">
    <error message="Could not initialize class org.springframework.data.redis.test.util.MinimumRedisVersionRule" type="java.lang.NoClassDefFoundError"><![CDATA[java.lang.NoClassDefFoundError: Could not initialize class org.springframework.data.redis.test.util.MinimumRedisVersionRule
	at org.springframework.data.redis.core.DefaultZSetOperationsTests.<init>(DefaultZSetOperationsTests.java:64)
]]></error>
  </testcase>
  <testcase name="testReverseRangeByScoreOffsetCount[1]" classname="org.springframework.data.redis.core.DefaultZSetOperationsTests" time="0">
    <error message="Could not initialize class org.springframework.data.redis.test.util.MinimumRedisVersionRule" type="java.lang.NoClassDefFoundError"><![CDATA[java.lang.NoClassDefFoundError: Could not initialize class org.springframework.data.redis.test.util.MinimumRedisVersionRule
	at org.springframework.data.redis.core.DefaultZSetOperationsTests.<init>(DefaultZSetOperationsTests.java:64)
]]></error>
  </testcase>
  <testcase name="sizeRetrievesDataCorrectly[1]" classname="org.springframework.data.redis.core.DefaultZSetOperationsTests" time="0">
    <error message="Could not initialize class org.springframework.data.redis.test.util.MinimumRedisVersionRule" type="java.lang.NoClassDefFoundError"><![CDATA[java.lang.NoClassDefFoundError: Could not initialize class org.springframework.data.redis.test.util.MinimumRedisVersionRule
	at org.springframework.data.redis.core.DefaultZSetOperationsTests.<init>(DefaultZSetOperationsTests.java:64)
]]></error>
  </testcase>
  <testcase name="testRangeByScoreWithScoresOffsetCount[1]" classname="org.springframework.data.redis.core.DefaultZSetOperationsTests" time="0.001">
    <error message="Could not initialize class org.springframework.data.redis.test.util.MinimumRedisVersionRule" type="java.lang.NoClassDefFoundError"><![CDATA[java.lang.NoClassDefFoundError: Could not initialize class org.springframework.data.redis.test.util.MinimumRedisVersionRule
	at org.springframework.data.redis.core.DefaultZSetOperationsTests.<init>(DefaultZSetOperationsTests.java:64)
]]></error>
  </testcase>
  <testcase name="testRangeByLexUnbounded[1]" classname="org.springframework.data.redis.core.DefaultZSetOperationsTests" time="0">
    <error message="Could not initialize class org.springframework.data.redis.test.util.MinimumRedisVersionRule" type="java.lang.NoClassDefFoundError"><![CDATA[java.lang.NoClassDefFoundError: Could not initialize class org.springframework.data.redis.test.util.MinimumRedisVersionRule
	at org.springframework.data.redis.core.DefaultZSetOperationsTests.<init>(DefaultZSetOperationsTests.java:64)
]]></error>
  </testcase>
  <testcase name="testRangeByLexBounded[1]" classname="org.springframework.data.redis.core.DefaultZSetOperationsTests" time="0">
    <error message="Could not initialize class org.springframework.data.redis.test.util.MinimumRedisVersionRule" type="java.lang.NoClassDefFoundError"><![CDATA[java.lang.NoClassDefFoundError: Could not initialize class org.springframework.data.redis.test.util.MinimumRedisVersionRule
	at org.springframework.data.redis.core.DefaultZSetOperationsTests.<init>(DefaultZSetOperationsTests.java:64)
]]></error>
  </testcase>
  <testcase name="testReverseRangeByScoreWithScoresOffsetCount[1]" classname="org.springframework.data.redis.core.DefaultZSetOperationsTests" time="0.001">
    <error message="Could not initialize class org.springframework.data.redis.test.util.MinimumRedisVersionRule" type="java.lang.NoClassDefFoundError"><![CDATA[java.lang.NoClassDefFoundError: Could not initialize class org.springframework.data.redis.test.util.MinimumRedisVersionRule
	at org.springframework.data.redis.core.DefaultZSetOperationsTests.<init>(DefaultZSetOperationsTests.java:64)
]]></error>
  </testcase>
  <testcase name="testIncrementScore[1]" classname="org.springframework.data.redis.core.DefaultZSetOperationsTests" time="0">
    <error message="Could not initialize class org.springframework.data.redis.test.util.MinimumRedisVersionRule" type="java.lang.NoClassDefFoundError"><![CDATA[java.lang.NoClassDefFoundError: Could not initialize class org.springframework.data.redis.test.util.MinimumRedisVersionRule
	at org.springframework.data.redis.core.DefaultZSetOperationsTests.<init>(DefaultZSetOperationsTests.java:64)
]]></error>
  </testcase>
  <testcase name="testRangeByLexUnboundedWithLimit[1]" classname="org.springframework.data.redis.core.DefaultZSetOperationsTests" time="0">
    <error message="Could not initialize class org.springframework.data.redis.test.util.MinimumRedisVersionRule" type="java.lang.NoClassDefFoundError"><![CDATA[java.lang.NoClassDefFoundError: Could not initialize class org.springframework.data.redis.test.util.MinimumRedisVersionRule
	at org.springframework.data.redis.core.DefaultZSetOperationsTests.<init>(DefaultZSetOperationsTests.java:64)
]]></error>
  </testcase>
  <testcase name="testRangeByScoreOffsetCount[1]" classname="org.springframework.data.redis.core.DefaultZSetOperationsTests" time="0.001">
    <error message="Could not initialize class org.springframework.data.redis.test.util.MinimumRedisVersionRule" type="java.lang.NoClassDefFoundError"><![CDATA[java.lang.NoClassDefFoundError: Could not initialize class org.springframework.data.redis.test.util.MinimumRedisVersionRule
	at org.springframework.data.redis.core.DefaultZSetOperationsTests.<init>(DefaultZSetOperationsTests.java:64)
]]></error>
  </testcase>
  <testcase name="testRemove[1]" classname="org.springframework.data.redis.core.DefaultZSetOperationsTests" time="0">
    <error message="Could not initialize class org.springframework.data.redis.test.util.MinimumRedisVersionRule" type="java.lang.NoClassDefFoundError"><![CDATA[java.lang.NoClassDefFoundError: Could not initialize class org.springframework.data.redis.test.util.MinimumRedisVersionRule
	at org.springframework.data.redis.core.DefaultZSetOperationsTests.<init>(DefaultZSetOperationsTests.java:64)
]]></error>
  </testcase>
  <testcase name="testRangeByLexBoundedWithLimit[1]" classname="org.springframework.data.redis.core.DefaultZSetOperationsTests" time="0">
    <error message="Could not initialize class org.springframework.data.redis.test.util.MinimumRedisVersionRule" type="java.lang.NoClassDefFoundError"><![CDATA[java.lang.NoClassDefFoundError: Could not initialize class org.springframework.data.redis.test.util.MinimumRedisVersionRule
	at org.springframework.data.redis.core.DefaultZSetOperationsTests.<init>(DefaultZSetOperationsTests.java:64)
]]></error>
  </testcase>
  <testcase name="zCardRetrievesDataCorrectly[2]" classname="org.springframework.data.redis.core.DefaultZSetOperationsTests" time="0.001">
    <error message="Could not initialize class org.springframework.data.redis.test.util.MinimumRedisVersionRule" type="java.lang.NoClassDefFoundError"><![CDATA[java.lang.NoClassDefFoundError: Could not initialize class org.springframework.data.redis.test.util.MinimumRedisVersionRule
	at org.springframework.data.redis.core.DefaultZSetOperationsTests.<init>(DefaultZSetOperationsTests.java:64)
]]></error>
  </testcase>
  <testcase name="testZScanShouldReadEntireValueRange[2]" classname="org.springframework.data.redis.core.DefaultZSetOperationsTests" time="0">
    <error message="Could not initialize class org.springframework.data.redis.test.util.MinimumRedisVersionRule" type="java.lang.NoClassDefFoundError"><![CDATA[java.lang.NoClassDefFoundError: Could not initialize class org.springframework.data.redis.test.util.MinimumRedisVersionRule
	at org.springframework.data.redis.core.DefaultZSetOperationsTests.<init>(DefaultZSetOperationsTests.java:64)
]]></error>
  </testcase>
  <testcase name="testCount[2]" classname="org.springframework.data.redis.core.DefaultZSetOperationsTests" time="0">
    <error message="Could not initialize class org.springframework.data.redis.test.util.MinimumRedisVersionRule" type="java.lang.NoClassDefFoundError"><![CDATA[java.lang.NoClassDefFoundError: Could not initialize class org.springframework.data.redis.test.util.MinimumRedisVersionRule
	at org.springframework.data.redis.core.DefaultZSetOperationsTests.<init>(DefaultZSetOperationsTests.java:64)
]]></error>
  </testcase>
  <testcase name="testAddMultiple[2]" classname="org.springframework.data.redis.core.DefaultZSetOperationsTests" time="0">
    <error message="Could not initialize class org.springframework.data.redis.test.util.MinimumRedisVersionRule" type="java.lang.NoClassDefFoundError"><![CDATA[java.lang.NoClassDefFoundError: Could not initialize class org.springframework.data.redis.test.util.MinimumRedisVersionRule
	at org.springframework.data.redis.core.DefaultZSetOperationsTests.<init>(DefaultZSetOperationsTests.java:64)
]]></error>
  </testcase>
  <testcase name="testReverseRangeByScoreOffsetCount[2]" classname="org.springframework.data.redis.core.DefaultZSetOperationsTests" time="0">
    <error message="Could not initialize class org.springframework.data.redis.test.util.MinimumRedisVersionRule" type="java.lang.NoClassDefFoundError"><![CDATA[java.lang.NoClassDefFoundError: Could not initialize class org.springframework.data.redis.test.util.MinimumRedisVersionRule
	at org.springframework.data.redis.core.DefaultZSetOperationsTests.<init>(DefaultZSetOperationsTests.java:64)
]]></error>
  </testcase>
  <testcase name="sizeRetrievesDataCorrectly[2]" classname="org.springframework.data.redis.core.DefaultZSetOperationsTests" time="0">
    <error message="Could not initialize class org.springframework.data.redis.test.util.MinimumRedisVersionRule" type="java.lang.NoClassDefFoundError"><![CDATA[java.lang.NoClassDefFoundError: Could not initialize class org.springframework.data.redis.test.util.MinimumRedisVersionRule
	at org.springframework.data.redis.core.DefaultZSetOperationsTests.<init>(DefaultZSetOperationsTests.java:64)
]]></error>
  </testcase>
  <testcase name="testRangeByScoreWithScoresOffsetCount[2]" classname="org.springframework.data.redis.core.DefaultZSetOperationsTests" time="0">
    <error message="Could not initialize class org.springframework.data.redis.test.util.MinimumRedisVersionRule" type="java.lang.NoClassDefFoundError"><![CDATA[java.lang.NoClassDefFoundError: Could not initialize class org.springframework.data.redis.test.util.MinimumRedisVersionRule
	at org.springframework.data.redis.core.DefaultZSetOperationsTests.<init>(DefaultZSetOperationsTests.java:64)
]]></error>
  </testcase>
  <testcase name="testRangeByLexUnbounded[2]" classname="org.springframework.data.redis.core.DefaultZSetOperationsTests" time="0.001">
    <error message="Could not initialize class org.springframework.data.redis.test.util.MinimumRedisVersionRule" type="java.lang.NoClassDefFoundError"><![CDATA[java.lang.NoClassDefFoundError: Could not initialize class org.springframework.data.redis.test.util.MinimumRedisVersionRule
	at org.springframework.data.redis.core.DefaultZSetOperationsTests.<init>(DefaultZSetOperationsTests.java:64)
]]></error>
  </testcase>
  <testcase name="testRangeByLexBounded[2]" classname="org.springframework.data.redis.core.DefaultZSetOperationsTests" time="0">
    <error message="Could not initialize class org.springframework.data.redis.test.util.MinimumRedisVersionRule" type="java.lang.NoClassDefFoundError"><![CDATA[java.lang.NoClassDefFoundError: Could not initialize class org.springframework.data.redis.test.util.MinimumRedisVersionRule
	at org.springframework.data.redis.core.DefaultZSetOperationsTests.<init>(DefaultZSetOperationsTests.java:64)
]]></error>
  </testcase>
  <testcase name="testReverseRangeByScoreWithScoresOffsetCount[2]" classname="org.springframework.data.redis.core.DefaultZSetOperationsTests" time="0">
    <error message="Could not initialize class org.springframework.data.redis.test.util.MinimumRedisVersionRule" type="java.lang.NoClassDefFoundError"><![CDATA[java.lang.NoClassDefFoundError: Could not initialize class org.springframework.data.redis.test.util.MinimumRedisVersionRule
	at org.springframework.data.redis.core.DefaultZSetOperationsTests.<init>(DefaultZSetOperationsTests.java:64)
]]></error>
  </testcase>
  <testcase name="testIncrementScore[2]" classname="org.springframework.data.redis.core.DefaultZSetOperationsTests" time="0.001">
    <error message="Could not initialize class org.springframework.data.redis.test.util.MinimumRedisVersionRule" type="java.lang.NoClassDefFoundError"><![CDATA[java.lang.NoClassDefFoundError: Could not initialize class org.springframework.data.redis.test.util.MinimumRedisVersionRule
	at org.springframework.data.redis.core.DefaultZSetOperationsTests.<init>(DefaultZSetOperationsTests.java:64)
]]></error>
  </testcase>
  <testcase name="testRangeByLexUnboundedWithLimit[2]" classname="org.springframework.data.redis.core.DefaultZSetOperationsTests" time="0">
    <error message="Could not initialize class org.springframework.data.redis.test.util.MinimumRedisVersionRule" type="java.lang.NoClassDefFoundError"><![CDATA[java.lang.NoClassDefFoundError: Could not initialize class org.springframework.data.redis.test.util.MinimumRedisVersionRule
	at org.springframework.data.redis.core.DefaultZSetOperationsTests.<init>(DefaultZSetOperationsTests.java:64)
]]></error>
  </testcase>
  <testcase name="testRangeByScoreOffsetCount[2]" classname="org.springframework.data.redis.core.DefaultZSetOperationsTests" time="0">
    <error message="Could not initialize class org.springframework.data.redis.test.util.MinimumRedisVersionRule" type="java.lang.NoClassDefFoundError"><![CDATA[java.lang.NoClassDefFoundError: Could not initialize class org.springframework.data.redis.test.util.MinimumRedisVersionRule
	at org.springframework.data.redis.core.DefaultZSetOperationsTests.<init>(DefaultZSetOperationsTests.java:64)
]]></error>
  </testcase>
  <testcase name="testRemove[2]" classname="org.springframework.data.redis.core.DefaultZSetOperationsTests" time="0">
    <error message="Could not initialize class org.springframework.data.redis.test.util.MinimumRedisVersionRule" type="java.lang.NoClassDefFoundError"><![CDATA[java.lang.NoClassDefFoundError: Could not initialize class org.springframework.data.redis.test.util.MinimumRedisVersionRule
	at org.springframework.data.redis.core.DefaultZSetOperationsTests.<init>(DefaultZSetOperationsTests.java:64)
]]></error>
  </testcase>
  <testcase name="testRangeByLexBoundedWithLimit[2]" classname="org.springframework.data.redis.core.DefaultZSetOperationsTests" time="0">
    <error message="Could not initialize class org.springframework.data.redis.test.util.MinimumRedisVersionRule" type="java.lang.NoClassDefFoundError"><![CDATA[java.lang.NoClassDefFoundError: Could not initialize class org.springframework.data.redis.test.util.MinimumRedisVersionRule
	at org.springframework.data.redis.core.DefaultZSetOperationsTests.<init>(DefaultZSetOperationsTests.java:64)
]]></error>
  </testcase>
  <testcase name="zCardRetrievesDataCorrectly[3]" classname="org.springframework.data.redis.core.DefaultZSetOperationsTests" time="0">
    <error message="Could not initialize class org.springframework.data.redis.test.util.MinimumRedisVersionRule" type="java.lang.NoClassDefFoundError"><![CDATA[java.lang.NoClassDefFoundError: Could not initialize class org.springframework.data.redis.test.util.MinimumRedisVersionRule
	at org.springframework.data.redis.core.DefaultZSetOperationsTests.<init>(DefaultZSetOperationsTests.java:64)
]]></error>
  </testcase>
  <testcase name="testZScanShouldReadEntireValueRange[3]" classname="org.springframework.data.redis.core.DefaultZSetOperationsTests" time="0">
    <error message="Could not initialize class org.springframework.data.redis.test.util.MinimumRedisVersionRule" type="java.lang.NoClassDefFoundError"><![CDATA[java.lang.NoClassDefFoundError: Could not initialize class org.springframework.data.redis.test.util.MinimumRedisVersionRule
	at org.springframework.data.redis.core.DefaultZSetOperationsTests.<init>(DefaultZSetOperationsTests.java:64)
]]></error>
  </testcase>
  <testcase name="testCount[3]" classname="org.springframework.data.redis.core.DefaultZSetOperationsTests" time="0.001">
    <error message="Could not initialize class org.springframework.data.redis.test.util.MinimumRedisVersionRule" type="java.lang.NoClassDefFoundError"><![CDATA[java.lang.NoClassDefFoundError: Could not initialize class org.springframework.data.redis.test.util.MinimumRedisVersionRule
	at org.springframework.data.redis.core.DefaultZSetOperationsTests.<init>(DefaultZSetOperationsTests.java:64)
]]></error>
  </testcase>
  <testcase name="testAddMultiple[3]" classname="org.springframework.data.redis.core.DefaultZSetOperationsTests" time="0">
    <error message="Could not initialize class org.springframework.data.redis.test.util.MinimumRedisVersionRule" type="java.lang.NoClassDefFoundError"><![CDATA[java.lang.NoClassDefFoundError: Could not initialize class org.springframework.data.redis.test.util.MinimumRedisVersionRule
	at org.springframework.data.redis.core.DefaultZSetOperationsTests.<init>(DefaultZSetOperationsTests.java:64)
]]></error>
  </testcase>
  <testcase name="testReverseRangeByScoreOffsetCount[3]" classname="org.springframework.data.redis.core.DefaultZSetOperationsTests" time="0">
    <error message="Could not initialize class org.springframework.data.redis.test.util.MinimumRedisVersionRule" type="java.lang.NoClassDefFoundError"><![CDATA[java.lang.NoClassDefFoundError: Could not initialize class org.springframework.data.redis.test.util.MinimumRedisVersionRule
	at org.springframework.data.redis.core.DefaultZSetOperationsTests.<init>(DefaultZSetOperationsTests.java:64)
]]></error>
  </testcase>
  <testcase name="sizeRetrievesDataCorrectly[3]" classname="org.springframework.data.redis.core.DefaultZSetOperationsTests" time="0">
    <error message="Could not initialize class org.springframework.data.redis.test.util.MinimumRedisVersionRule" type="java.lang.NoClassDefFoundError"><![CDATA[java.lang.NoClassDefFoundError: Could not initialize class org.springframework.data.redis.test.util.MinimumRedisVersionRule
	at org.springframework.data.redis.core.DefaultZSetOperationsTests.<init>(DefaultZSetOperationsTests.java:64)
]]></error>
  </testcase>
  <testcase name="testRangeByScoreWithScoresOffsetCount[3]" classname="org.springframework.data.redis.core.DefaultZSetOperationsTests" time="0">
    <error message="Could not initialize class org.springframework.data.redis.test.util.MinimumRedisVersionRule" type="java.lang.NoClassDefFoundError"><![CDATA[java.lang.NoClassDefFoundError: Could not initialize class org.springframework.data.redis.test.util.MinimumRedisVersionRule
	at org.springframework.data.redis.core.DefaultZSetOperationsTests.<init>(DefaultZSetOperationsTests.java:64)
]]></error>
  </testcase>
  <testcase name="testRangeByLexUnbounded[3]" classname="org.springframework.data.redis.core.DefaultZSetOperationsTests" time="0">
    <error message="Could not initialize class org.springframework.data.redis.test.util.MinimumRedisVersionRule" type="java.lang.NoClassDefFoundError"><![CDATA[java.lang.NoClassDefFoundError: Could not initialize class org.springframework.data.redis.test.util.MinimumRedisVersionRule
	at org.springframework.data.redis.core.DefaultZSetOperationsTests.<init>(DefaultZSetOperationsTests.java:64)
]]></error>
  </testcase>
  <testcase name="testRangeByLexBounded[3]" classname="org.springframework.data.redis.core.DefaultZSetOperationsTests" time="0">
    <error message="Could not initialize class org.springframework.data.redis.test.util.MinimumRedisVersionRule" type="java.lang.NoClassDefFoundError"><![CDATA[java.lang.NoClassDefFoundError: Could not initialize class org.springframework.data.redis.test.util.MinimumRedisVersionRule
	at org.springframework.data.redis.core.DefaultZSetOperationsTests.<init>(DefaultZSetOperationsTests.java:64)
]]></error>
  </testcase>
  <testcase name="testReverseRangeByScoreWithScoresOffsetCount[3]" classname="org.springframework.data.redis.core.DefaultZSetOperationsTests" time="0.001">
    <error message="Could not initialize class org.springframework.data.redis.test.util.MinimumRedisVersionRule" type="java.lang.NoClassDefFoundError"><![CDATA[java.lang.NoClassDefFoundError: Could not initialize class org.springframework.data.redis.test.util.MinimumRedisVersionRule
	at org.springframework.data.redis.core.DefaultZSetOperationsTests.<init>(DefaultZSetOperationsTests.java:64)
]]></error>
  </testcase>
  <testcase name="testIncrementScore[3]" classname="org.springframework.data.redis.core.DefaultZSetOperationsTests" time="0">
    <error message="Could not initialize class org.springframework.data.redis.test.util.MinimumRedisVersionRule" type="java.lang.NoClassDefFoundError"><![CDATA[java.lang.NoClassDefFoundError: Could not initialize class org.springframework.data.redis.test.util.MinimumRedisVersionRule
	at org.springframework.data.redis.core.DefaultZSetOperationsTests.<init>(DefaultZSetOperationsTests.java:64)
]]></error>
  </testcase>
  <testcase name="testRangeByLexUnboundedWithLimit[3]" classname="org.springframework.data.redis.core.DefaultZSetOperationsTests" time="0">
    <error message="Could not initialize class org.springframework.data.redis.test.util.MinimumRedisVersionRule" type="java.lang.NoClassDefFoundError"><![CDATA[java.lang.NoClassDefFoundError: Could not initialize class org.springframework.data.redis.test.util.MinimumRedisVersionRule
	at org.springframework.data.redis.core.DefaultZSetOperationsTests.<init>(DefaultZSetOperationsTests.java:64)
]]></error>
  </testcase>
  <testcase name="testRangeByScoreOffsetCount[3]" classname="org.springframework.data.redis.core.DefaultZSetOperationsTests" time="0">
    <error message="Could not initialize class org.springframework.data.redis.test.util.MinimumRedisVersionRule" type="java.lang.NoClassDefFoundError"><![CDATA[java.lang.NoClassDefFoundError: Could not initialize class org.springframework.data.redis.test.util.MinimumRedisVersionRule
	at org.springframework.data.redis.core.DefaultZSetOperationsTests.<init>(DefaultZSetOperationsTests.java:64)
]]></error>
  </testcase>
  <testcase name="testRemove[3]" classname="org.springframework.data.redis.core.DefaultZSetOperationsTests" time="0.001">
    <error message="Could not initialize class org.springframework.data.redis.test.util.MinimumRedisVersionRule" type="java.lang.NoClassDefFoundError"><![CDATA[java.lang.NoClassDefFoundError: Could not initialize class org.springframework.data.redis.test.util.MinimumRedisVersionRule
	at org.springframework.data.redis.core.DefaultZSetOperationsTests.<init>(DefaultZSetOperationsTests.java:64)
]]></error>
  </testcase>
  <testcase name="testRangeByLexBoundedWithLimit[3]" classname="org.springframework.data.redis.core.DefaultZSetOperationsTests" time="0">
    <error message="Could not initialize class org.springframework.data.redis.test.util.MinimumRedisVersionRule" type="java.lang.NoClassDefFoundError"><![CDATA[java.lang.NoClassDefFoundError: Could not initialize class org.springframework.data.redis.test.util.MinimumRedisVersionRule
	at org.springframework.data.redis.core.DefaultZSetOperationsTests.<init>(DefaultZSetOperationsTests.java:64)
]]></error>
  </testcase>
  <testcase name="zCardRetrievesDataCorrectly[4]" classname="org.springframework.data.redis.core.DefaultZSetOperationsTests" time="0">
    <error message="Could not initialize class org.springframework.data.redis.test.util.MinimumRedisVersionRule" type="java.lang.NoClassDefFoundError"><![CDATA[java.lang.NoClassDefFoundError: Could not initialize class org.springframework.data.redis.test.util.MinimumRedisVersionRule
	at org.springframework.data.redis.core.DefaultZSetOperationsTests.<init>(DefaultZSetOperationsTests.java:64)
]]></error>
  </testcase>
  <testcase name="testZScanShouldReadEntireValueRange[4]" classname="org.springframework.data.redis.core.DefaultZSetOperationsTests" time="0">
    <error message="Could not initialize class org.springframework.data.redis.test.util.MinimumRedisVersionRule" type="java.lang.NoClassDefFoundError"><![CDATA[java.lang.NoClassDefFoundError: Could not initialize class org.springframework.data.redis.test.util.MinimumRedisVersionRule
	at org.springframework.data.redis.core.DefaultZSetOperationsTests.<init>(DefaultZSetOperationsTests.java:64)
]]></error>
  </testcase>
  <testcase name="testCount[4]" classname="org.springframework.data.redis.core.DefaultZSetOperationsTests" time="0">
    <error message="Could not initialize class org.springframework.data.redis.test.util.MinimumRedisVersionRule" type="java.lang.NoClassDefFoundError"><![CDATA[java.lang.NoClassDefFoundError: Could not initialize class org.springframework.data.redis.test.util.MinimumRedisVersionRule
	at org.springframework.data.redis.core.DefaultZSetOperationsTests.<init>(DefaultZSetOperationsTests.java:64)
]]></error>
  </testcase>
  <testcase name="testAddMultiple[4]" classname="org.springframework.data.redis.core.DefaultZSetOperationsTests" time="0">
    <error message="Could not initialize class org.springframework.data.redis.test.util.MinimumRedisVersionRule" type="java.lang.NoClassDefFoundError"><![CDATA[java.lang.NoClassDefFoundError: Could not initialize class org.springframework.data.redis.test.util.MinimumRedisVersionRule
	at org.springframework.data.redis.core.DefaultZSetOperationsTests.<init>(DefaultZSetOperationsTests.java:64)
]]></error>
  </testcase>
  <testcase name="testReverseRangeByScoreOffsetCount[4]" classname="org.springframework.data.redis.core.DefaultZSetOperationsTests" time="0">
    <error message="Could not initialize class org.springframework.data.redis.test.util.MinimumRedisVersionRule" type="java.lang.NoClassDefFoundError"><![CDATA[java.lang.NoClassDefFoundError: Could not initialize class org.springframework.data.redis.test.util.MinimumRedisVersionRule
	at org.springframework.data.redis.core.DefaultZSetOperationsTests.<init>(DefaultZSetOperationsTests.java:64)
]]></error>
  </testcase>
  <testcase name="sizeRetrievesDataCorrectly[4]" classname="org.springframework.data.redis.core.DefaultZSetOperationsTests" time="0">
    <error message="Could not initialize class org.springframework.data.redis.test.util.MinimumRedisVersionRule" type="java.lang.NoClassDefFoundError"><![CDATA[java.lang.NoClassDefFoundError: Could not initialize class org.springframework.data.redis.test.util.MinimumRedisVersionRule
	at org.springframework.data.redis.core.DefaultZSetOperationsTests.<init>(DefaultZSetOperationsTests.java:64)
]]></error>
  </testcase>
  <testcase name="testRangeByScoreWithScoresOffsetCount[4]" classname="org.springframework.data.redis.core.DefaultZSetOperationsTests" time="0">
    <error message="Could not initialize class org.springframework.data.redis.test.util.MinimumRedisVersionRule" type="java.lang.NoClassDefFoundError"><![CDATA[java.lang.NoClassDefFoundError: Could not initialize class org.springframework.data.redis.test.util.MinimumRedisVersionRule
	at org.springframework.data.redis.core.DefaultZSetOperationsTests.<init>(DefaultZSetOperationsTests.java:64)
]]></error>
  </testcase>
  <testcase name="testRangeByLexUnbounded[4]" classname="org.springframework.data.redis.core.DefaultZSetOperationsTests" time="0">
    <error message="Could not initialize class org.springframework.data.redis.test.util.MinimumRedisVersionRule" type="java.lang.NoClassDefFoundError"><![CDATA[java.lang.NoClassDefFoundError: Could not initialize class org.springframework.data.redis.test.util.MinimumRedisVersionRule
	at org.springframework.data.redis.core.DefaultZSetOperationsTests.<init>(DefaultZSetOperationsTests.java:64)
]]></error>
  </testcase>
  <testcase name="testRangeByLexBounded[4]" classname="org.springframework.data.redis.core.DefaultZSetOperationsTests" time="0">
    <error message="Could not initialize class org.springframework.data.redis.test.util.MinimumRedisVersionRule" type="java.lang.NoClassDefFoundError"><![CDATA[java.lang.NoClassDefFoundError: Could not initialize class org.springframework.data.redis.test.util.MinimumRedisVersionRule
	at org.springframework.data.redis.core.DefaultZSetOperationsTests.<init>(DefaultZSetOperationsTests.java:64)
]]></error>
  </testcase>
  <testcase name="testReverseRangeByScoreWithScoresOffsetCount[4]" classname="org.springframework.data.redis.core.DefaultZSetOperationsTests" time="0.001">
    <error message="Could not initialize class org.springframework.data.redis.test.util.MinimumRedisVersionRule" type="java.lang.NoClassDefFoundError"><![CDATA[java.lang.NoClassDefFoundError: Could not initialize class org.springframework.data.redis.test.util.MinimumRedisVersionRule
	at org.springframework.data.redis.core.DefaultZSetOperationsTests.<init>(DefaultZSetOperationsTests.java:64)
]]></error>
  </testcase>
  <testcase name="testIncrementScore[4]" classname="org.springframework.data.redis.core.DefaultZSetOperationsTests" time="0">
    <error message="Could not initialize class org.springframework.data.redis.test.util.MinimumRedisVersionRule" type="java.lang.NoClassDefFoundError"><![CDATA[java.lang.NoClassDefFoundError: Could not initialize class org.springframework.data.redis.test.util.MinimumRedisVersionRule
	at org.springframework.data.redis.core.DefaultZSetOperationsTests.<init>(DefaultZSetOperationsTests.java:64)
]]></error>
  </testcase>
  <testcase name="testRangeByLexUnboundedWithLimit[4]" classname="org.springframework.data.redis.core.DefaultZSetOperationsTests" time="0">
    <error message="Could not initialize class org.springframework.data.redis.test.util.MinimumRedisVersionRule" type="java.lang.NoClassDefFoundError"><![CDATA[java.lang.NoClassDefFoundError: Could not initialize class org.springframework.data.redis.test.util.MinimumRedisVersionRule
	at org.springframework.data.redis.core.DefaultZSetOperationsTests.<init>(DefaultZSetOperationsTests.java:64)
]]></error>
  </testcase>
  <testcase name="testRangeByScoreOffsetCount[4]" classname="org.springframework.data.redis.core.DefaultZSetOperationsTests" time="0">
    <error message="Could not initialize class org.springframework.data.redis.test.util.MinimumRedisVersionRule" type="java.lang.NoClassDefFoundError"><![CDATA[java.lang.NoClassDefFoundError: Could not initialize class org.springframework.data.redis.test.util.MinimumRedisVersionRule
	at org.springframework.data.redis.core.DefaultZSetOperationsTests.<init>(DefaultZSetOperationsTests.java:64)
]]></error>
  </testcase>
  <testcase name="testRemove[4]" classname="org.springframework.data.redis.core.DefaultZSetOperationsTests" time="0">
    <error message="Could not initialize class org.springframework.data.redis.test.util.MinimumRedisVersionRule" type="java.lang.NoClassDefFoundError"><![CDATA[java.lang.NoClassDefFoundError: Could not initialize class org.springframework.data.redis.test.util.MinimumRedisVersionRule
	at org.springframework.data.redis.core.DefaultZSetOperationsTests.<init>(DefaultZSetOperationsTests.java:64)
]]></error>
  </testcase>
  <testcase name="testRangeByLexBoundedWithLimit[4]" classname="org.springframework.data.redis.core.DefaultZSetOperationsTests" time="0">
    <error message="Could not initialize class org.springframework.data.redis.test.util.MinimumRedisVersionRule" type="java.lang.NoClassDefFoundError"><![CDATA[java.lang.NoClassDefFoundError: Could not initialize class org.springframework.data.redis.test.util.MinimumRedisVersionRule
	at org.springframework.data.redis.core.DefaultZSetOperationsTests.<init>(DefaultZSetOperationsTests.java:64)
]]></error>
  </testcase>
  <testcase name="zCardRetrievesDataCorrectly[5]" classname="org.springframework.data.redis.core.DefaultZSetOperationsTests" time="0">
    <error message="Could not initialize class org.springframework.data.redis.test.util.MinimumRedisVersionRule" type="java.lang.NoClassDefFoundError"><![CDATA[java.lang.NoClassDefFoundError: Could not initialize class org.springframework.data.redis.test.util.MinimumRedisVersionRule
	at org.springframework.data.redis.core.DefaultZSetOperationsTests.<init>(DefaultZSetOperationsTests.java:64)
]]></error>
  </testcase>
  <testcase name="testZScanShouldReadEntireValueRange[5]" classname="org.springframework.data.redis.core.DefaultZSetOperationsTests" time="0.001">
    <error message="Could not initialize class org.springframework.data.redis.test.util.MinimumRedisVersionRule" type="java.lang.NoClassDefFoundError"><![CDATA[java.lang.NoClassDefFoundError: Could not initialize class org.springframework.data.redis.test.util.MinimumRedisVersionRule
	at org.springframework.data.redis.core.DefaultZSetOperationsTests.<init>(DefaultZSetOperationsTests.java:64)
]]></error>
  </testcase>
  <testcase name="testCount[5]" classname="org.springframework.data.redis.core.DefaultZSetOperationsTests" time="0">
    <error message="Could not initialize class org.springframework.data.redis.test.util.MinimumRedisVersionRule" type="java.lang.NoClassDefFoundError"><![CDATA[java.lang.NoClassDefFoundError: Could not initialize class org.springframework.data.redis.test.util.MinimumRedisVersionRule
	at org.springframework.data.redis.core.DefaultZSetOperationsTests.<init>(DefaultZSetOperationsTests.java:64)
]]></error>
  </testcase>
  <testcase name="testAddMultiple[5]" classname="org.springframework.data.redis.core.DefaultZSetOperationsTests" time="0">
    <error message="Could not initialize class org.springframework.data.redis.test.util.MinimumRedisVersionRule" type="java.lang.NoClassDefFoundError"><![CDATA[java.lang.NoClassDefFoundError: Could not initialize class org.springframework.data.redis.test.util.MinimumRedisVersionRule
	at org.springframework.data.redis.core.DefaultZSetOperationsTests.<init>(DefaultZSetOperationsTests.java:64)
]]></error>
  </testcase>
  <testcase name="testReverseRangeByScoreOffsetCount[5]" classname="org.springframework.data.redis.core.DefaultZSetOperationsTests" time="0">
    <error message="Could not initialize class org.springframework.data.redis.test.util.MinimumRedisVersionRule" type="java.lang.NoClassDefFoundError"><![CDATA[java.lang.NoClassDefFoundError: Could not initialize class org.springframework.data.redis.test.util.MinimumRedisVersionRule
	at org.springframework.data.redis.core.DefaultZSetOperationsTests.<init>(DefaultZSetOperationsTests.java:64)
]]></error>
  </testcase>
  <testcase name="sizeRetrievesDataCorrectly[5]" classname="org.springframework.data.redis.core.DefaultZSetOperationsTests" time="0.001">
    <error message="Could not initialize class org.springframework.data.redis.test.util.MinimumRedisVersionRule" type="java.lang.NoClassDefFoundError"><![CDATA[java.lang.NoClassDefFoundError: Could not initialize class org.springframework.data.redis.test.util.MinimumRedisVersionRule
	at org.springframework.data.redis.core.DefaultZSetOperationsTests.<init>(DefaultZSetOperationsTests.java:64)
]]></error>
  </testcase>
  <testcase name="testRangeByScoreWithScoresOffsetCount[5]" classname="org.springframework.data.redis.core.DefaultZSetOperationsTests" time="0">
    <error message="Could not initialize class org.springframework.data.redis.test.util.MinimumRedisVersionRule" type="java.lang.NoClassDefFoundError"><![CDATA[java.lang.NoClassDefFoundError: Could not initialize class org.springframework.data.redis.test.util.MinimumRedisVersionRule
	at org.springframework.data.redis.core.DefaultZSetOperationsTests.<init>(DefaultZSetOperationsTests.java:64)
]]></error>
  </testcase>
  <testcase name="testRangeByLexUnbounded[5]" classname="org.springframework.data.redis.core.DefaultZSetOperationsTests" time="0">
    <error message="Could not initialize class org.springframework.data.redis.test.util.MinimumRedisVersionRule" type="java.lang.NoClassDefFoundError"><![CDATA[java.lang.NoClassDefFoundError: Could not initialize class org.springframework.data.redis.test.util.MinimumRedisVersionRule
	at org.springframework.data.redis.core.DefaultZSetOperationsTests.<init>(DefaultZSetOperationsTests.java:64)
]]></error>
  </testcase>
  <testcase name="testRangeByLexBounded[5]" classname="org.springframework.data.redis.core.DefaultZSetOperationsTests" time="0">
    <error message="Could not initialize class org.springframework.data.redis.test.util.MinimumRedisVersionRule" type="java.lang.NoClassDefFoundError"><![CDATA[java.lang.NoClassDefFoundError: Could not initialize class org.springframework.data.redis.test.util.MinimumRedisVersionRule
	at org.springframework.data.redis.core.DefaultZSetOperationsTests.<init>(DefaultZSetOperationsTests.java:64)
]]></error>
  </testcase>
  <testcase name="testReverseRangeByScoreWithScoresOffsetCount[5]" classname="org.springframework.data.redis.core.DefaultZSetOperationsTests" time="0.001">
    <error message="Could not initialize class org.springframework.data.redis.test.util.MinimumRedisVersionRule" type="java.lang.NoClassDefFoundError"><![CDATA[java.lang.NoClassDefFoundError: Could not initialize class org.springframework.data.redis.test.util.MinimumRedisVersionRule
	at org.springframework.data.redis.core.DefaultZSetOperationsTests.<init>(DefaultZSetOperationsTests.java:64)
]]></error>
  </testcase>
  <testcase name="testIncrementScore[5]" classname="org.springframework.data.redis.core.DefaultZSetOperationsTests" time="0">
    <error message="Could not initialize class org.springframework.data.redis.test.util.MinimumRedisVersionRule" type="java.lang.NoClassDefFoundError"><![CDATA[java.lang.NoClassDefFoundError: Could not initialize class org.springframework.data.redis.test.util.MinimumRedisVersionRule
	at org.springframework.data.redis.core.DefaultZSetOperationsTests.<init>(DefaultZSetOperationsTests.java:64)
]]></error>
  </testcase>
  <testcase name="testRangeByLexUnboundedWithLimit[5]" classname="org.springframework.data.redis.core.DefaultZSetOperationsTests" time="0">
    <error message="Could not initialize class org.springframework.data.redis.test.util.MinimumRedisVersionRule" type="java.lang.NoClassDefFoundError"><![CDATA[java.lang.NoClassDefFoundError: Could not initialize class org.springframework.data.redis.test.util.MinimumRedisVersionRule
	at org.springframework.data.redis.core.DefaultZSetOperationsTests.<init>(DefaultZSetOperationsTests.java:64)
]]></error>
  </testcase>
  <testcase name="testRangeByScoreOffsetCount[5]" classname="org.springframework.data.redis.core.DefaultZSetOperationsTests" time="0">
    <error message="Could not initialize class org.springframework.data.redis.test.util.MinimumRedisVersionRule" type="java.lang.NoClassDefFoundError"><![CDATA[java.lang.NoClassDefFoundError: Could not initialize class org.springframework.data.redis.test.util.MinimumRedisVersionRule
	at org.springframework.data.redis.core.DefaultZSetOperationsTests.<init>(DefaultZSetOperationsTests.java:64)
]]></error>
  </testcase>
  <testcase name="testRemove[5]" classname="org.springframework.data.redis.core.DefaultZSetOperationsTests" time="0">
    <error message="Could not initialize class org.springframework.data.redis.test.util.MinimumRedisVersionRule" type="java.lang.NoClassDefFoundError"><![CDATA[java.lang.NoClassDefFoundError: Could not initialize class org.springframework.data.redis.test.util.MinimumRedisVersionRule
	at org.springframework.data.redis.core.DefaultZSetOperationsTests.<init>(DefaultZSetOperationsTests.java:64)
]]></error>
  </testcase>
  <testcase name="testRangeByLexBoundedWithLimit[5]" classname="org.springframework.data.redis.core.DefaultZSetOperationsTests" time="0">
    <error message="Could not initialize class org.springframework.data.redis.test.util.MinimumRedisVersionRule" type="java.lang.NoClassDefFoundError"><![CDATA[java.lang.NoClassDefFoundError: Could not initialize class org.springframework.data.redis.test.util.MinimumRedisVersionRule
	at org.springframework.data.redis.core.DefaultZSetOperationsTests.<init>(DefaultZSetOperationsTests.java:64)
]]></error>
  </testcase>
  <testcase name="zCardRetrievesDataCorrectly[6]" classname="org.springframework.data.redis.core.DefaultZSetOperationsTests" time="0">
    <error message="Could not initialize class org.springframework.data.redis.test.util.MinimumRedisVersionRule" type="java.lang.NoClassDefFoundError"><![CDATA[java.lang.NoClassDefFoundError: Could not initialize class org.springframework.data.redis.test.util.MinimumRedisVersionRule
	at org.springframework.data.redis.core.DefaultZSetOperationsTests.<init>(DefaultZSetOperationsTests.java:64)
]]></error>
  </testcase>
  <testcase name="testZScanShouldReadEntireValueRange[6]" classname="org.springframework.data.redis.core.DefaultZSetOperationsTests" time="0.001">
    <error message="Could not initialize class org.springframework.data.redis.test.util.MinimumRedisVersionRule" type="java.lang.NoClassDefFoundError"><![CDATA[java.lang.NoClassDefFoundError: Could not initialize class org.springframework.data.redis.test.util.MinimumRedisVersionRule
	at org.springframework.data.redis.core.DefaultZSetOperationsTests.<init>(DefaultZSetOperationsTests.java:64)
]]></error>
  </testcase>
  <testcase name="testCount[6]" classname="org.springframework.data.redis.core.DefaultZSetOperationsTests" time="0">
    <error message="Could not initialize class org.springframework.data.redis.test.util.MinimumRedisVersionRule" type="java.lang.NoClassDefFoundError"><![CDATA[java.lang.NoClassDefFoundError: Could not initialize class org.springframework.data.redis.test.util.MinimumRedisVersionRule
	at org.springframework.data.redis.core.DefaultZSetOperationsTests.<init>(DefaultZSetOperationsTests.java:64)
]]></error>
  </testcase>
  <testcase name="testAddMultiple[6]" classname="org.springframework.data.redis.core.DefaultZSetOperationsTests" time="0.001">
    <error message="Could not initialize class org.springframework.data.redis.test.util.MinimumRedisVersionRule" type="java.lang.NoClassDefFoundError"><![CDATA[java.lang.NoClassDefFoundError: Could not initialize class org.springframework.data.redis.test.util.MinimumRedisVersionRule
	at org.springframework.data.redis.core.DefaultZSetOperationsTests.<init>(DefaultZSetOperationsTests.java:64)
]]></error>
  </testcase>
  <testcase name="testReverseRangeByScoreOffsetCount[6]" classname="org.springframework.data.redis.core.DefaultZSetOperationsTests" time="0">
    <error message="Could not initialize class org.springframework.data.redis.test.util.MinimumRedisVersionRule" type="java.lang.NoClassDefFoundError"><![CDATA[java.lang.NoClassDefFoundError: Could not initialize class org.springframework.data.redis.test.util.MinimumRedisVersionRule
	at org.springframework.data.redis.core.DefaultZSetOperationsTests.<init>(DefaultZSetOperationsTests.java:64)
]]></error>
  </testcase>
  <testcase name="sizeRetrievesDataCorrectly[6]" classname="org.springframework.data.redis.core.DefaultZSetOperationsTests" time="0">
    <error message="Could not initialize class org.springframework.data.redis.test.util.MinimumRedisVersionRule" type="java.lang.NoClassDefFoundError"><![CDATA[java.lang.NoClassDefFoundError: Could not initialize class org.springframework.data.redis.test.util.MinimumRedisVersionRule
	at org.springframework.data.redis.core.DefaultZSetOperationsTests.<init>(DefaultZSetOperationsTests.java:64)
]]></error>
  </testcase>
  <testcase name="testRangeByScoreWithScoresOffsetCount[6]" classname="org.springframework.data.redis.core.DefaultZSetOperationsTests" time="0">
    <error message="Could not initialize class org.springframework.data.redis.test.util.MinimumRedisVersionRule" type="java.lang.NoClassDefFoundError"><![CDATA[java.lang.NoClassDefFoundError: Could not initialize class org.springframework.data.redis.test.util.MinimumRedisVersionRule
	at org.springframework.data.redis.core.DefaultZSetOperationsTests.<init>(DefaultZSetOperationsTests.java:64)
]]></error>
  </testcase>
  <testcase name="testRangeByLexUnbounded[6]" classname="org.springframework.data.redis.core.DefaultZSetOperationsTests" time="0">
    <error message="Could not initialize class org.springframework.data.redis.test.util.MinimumRedisVersionRule" type="java.lang.NoClassDefFoundError"><![CDATA[java.lang.NoClassDefFoundError: Could not initialize class org.springframework.data.redis.test.util.MinimumRedisVersionRule
	at org.springframework.data.redis.core.DefaultZSetOperationsTests.<init>(DefaultZSetOperationsTests.java:64)
]]></error>
  </testcase>
  <testcase name="testRangeByLexBounded[6]" classname="org.springframework.data.redis.core.DefaultZSetOperationsTests" time="0">
    <error message="Could not initialize class org.springframework.data.redis.test.util.MinimumRedisVersionRule" type="java.lang.NoClassDefFoundError"><![CDATA[java.lang.NoClassDefFoundError: Could not initialize class org.springframework.data.redis.test.util.MinimumRedisVersionRule
	at org.springframework.data.redis.core.DefaultZSetOperationsTests.<init>(DefaultZSetOperationsTests.java:64)
]]></error>
  </testcase>
  <testcase name="testReverseRangeByScoreWithScoresOffsetCount[6]" classname="org.springframework.data.redis.core.DefaultZSetOperationsTests" time="0">
    <error message="Could not initialize class org.springframework.data.redis.test.util.MinimumRedisVersionRule" type="java.lang.NoClassDefFoundError"><![CDATA[java.lang.NoClassDefFoundError: Could not initialize class org.springframework.data.redis.test.util.MinimumRedisVersionRule
	at org.springframework.data.redis.core.DefaultZSetOperationsTests.<init>(DefaultZSetOperationsTests.java:64)
]]></error>
  </testcase>
  <testcase name="testIncrementScore[6]" classname="org.springframework.data.redis.core.DefaultZSetOperationsTests" time="0">
    <error message="Could not initialize class org.springframework.data.redis.test.util.MinimumRedisVersionRule" type="java.lang.NoClassDefFoundError"><![CDATA[java.lang.NoClassDefFoundError: Could not initialize class org.springframework.data.redis.test.util.MinimumRedisVersionRule
	at org.springframework.data.redis.core.DefaultZSetOperationsTests.<init>(DefaultZSetOperationsTests.java:64)
]]></error>
  </testcase>
  <testcase name="testRangeByLexUnboundedWithLimit[6]" classname="org.springframework.data.redis.core.DefaultZSetOperationsTests" time="0">
    <error message="Could not initialize class org.springframework.data.redis.test.util.MinimumRedisVersionRule" type="java.lang.NoClassDefFoundError"><![CDATA[java.lang.NoClassDefFoundError: Could not initialize class org.springframework.data.redis.test.util.MinimumRedisVersionRule
	at org.springframework.data.redis.core.DefaultZSetOperationsTests.<init>(DefaultZSetOperationsTests.java:64)
]]></error>
  </testcase>
  <testcase name="testRangeByScoreOffsetCount[6]" classname="org.springframework.data.redis.core.DefaultZSetOperationsTests" time="0">
    <error message="Could not initialize class org.springframework.data.redis.test.util.MinimumRedisVersionRule" type="java.lang.NoClassDefFoundError"><![CDATA[java.lang.NoClassDefFoundError: Could not initialize class org.springframework.data.redis.test.util.MinimumRedisVersionRule
	at org.springframework.data.redis.core.DefaultZSetOperationsTests.<init>(DefaultZSetOperationsTests.java:64)
]]></error>
  </testcase>
  <testcase name="testRemove[6]" classname="org.springframework.data.redis.core.DefaultZSetOperationsTests" time="0">
    <error message="Could not initialize class org.springframework.data.redis.test.util.MinimumRedisVersionRule" type="java.lang.NoClassDefFoundError"><![CDATA[java.lang.NoClassDefFoundError: Could not initialize class org.springframework.data.redis.test.util.MinimumRedisVersionRule
	at org.springframework.data.redis.core.DefaultZSetOperationsTests.<init>(DefaultZSetOperationsTests.java:64)
]]></error>
  </testcase>
  <testcase name="testRangeByLexBoundedWithLimit[6]" classname="org.springframework.data.redis.core.DefaultZSetOperationsTests" time="0">
    <error message="Could not initialize class org.springframework.data.redis.test.util.MinimumRedisVersionRule" type="java.lang.NoClassDefFoundError"><![CDATA[java.lang.NoClassDefFoundError: Could not initialize class org.springframework.data.redis.test.util.MinimumRedisVersionRule
	at org.springframework.data.redis.core.DefaultZSetOperationsTests.<init>(DefaultZSetOperationsTests.java:64)
]]></error>
  </testcase>
  <testcase name="zCardRetrievesDataCorrectly[7]" classname="org.springframework.data.redis.core.DefaultZSetOperationsTests" time="0">
    <error message="Could not initialize class org.springframework.data.redis.test.util.MinimumRedisVersionRule" type="java.lang.NoClassDefFoundError"><![CDATA[java.lang.NoClassDefFoundError: Could not initialize class org.springframework.data.redis.test.util.MinimumRedisVersionRule
	at org.springframework.data.redis.core.DefaultZSetOperationsTests.<init>(DefaultZSetOperationsTests.java:64)
]]></error>
  </testcase>
  <testcase name="testZScanShouldReadEntireValueRange[7]" classname="org.springframework.data.redis.core.DefaultZSetOperationsTests" time="0">
    <error message="Could not initialize class org.springframework.data.redis.test.util.MinimumRedisVersionRule" type="java.lang.NoClassDefFoundError"><![CDATA[java.lang.NoClassDefFoundError: Could not initialize class org.springframework.data.redis.test.util.MinimumRedisVersionRule
	at org.springframework.data.redis.core.DefaultZSetOperationsTests.<init>(DefaultZSetOperationsTests.java:64)
]]></error>
  </testcase>
  <testcase name="testCount[7]" classname="org.springframework.data.redis.core.DefaultZSetOperationsTests" time="0">
    <error message="Could not initialize class org.springframework.data.redis.test.util.MinimumRedisVersionRule" type="java.lang.NoClassDefFoundError"><![CDATA[java.lang.NoClassDefFoundError: Could not initialize class org.springframework.data.redis.test.util.MinimumRedisVersionRule
	at org.springframework.data.redis.core.DefaultZSetOperationsTests.<init>(DefaultZSetOperationsTests.java:64)
]]></error>
  </testcase>
  <testcase name="testAddMultiple[7]" classname="org.springframework.data.redis.core.DefaultZSetOperationsTests" time="0">
    <error message="Could not initialize class org.springframework.data.redis.test.util.MinimumRedisVersionRule" type="java.lang.NoClassDefFoundError"><![CDATA[java.lang.NoClassDefFoundError: Could not initialize class org.springframework.data.redis.test.util.MinimumRedisVersionRule
	at org.springframework.data.redis.core.DefaultZSetOperationsTests.<init>(DefaultZSetOperationsTests.java:64)
]]></error>
  </testcase>
  <testcase name="testReverseRangeByScoreOffsetCount[7]" classname="org.springframework.data.redis.core.DefaultZSetOperationsTests" time="0">
    <error message="Could not initialize class org.springframework.data.redis.test.util.MinimumRedisVersionRule" type="java.lang.NoClassDefFoundError"><![CDATA[java.lang.NoClassDefFoundError: Could not initialize class org.springframework.data.redis.test.util.MinimumRedisVersionRule
	at org.springframework.data.redis.core.DefaultZSetOperationsTests.<init>(DefaultZSetOperationsTests.java:64)
]]></error>
  </testcase>
  <testcase name="sizeRetrievesDataCorrectly[7]" classname="org.springframework.data.redis.core.DefaultZSetOperationsTests" time="0">
    <error message="Could not initialize class org.springframework.data.redis.test.util.MinimumRedisVersionRule" type="java.lang.NoClassDefFoundError"><![CDATA[java.lang.NoClassDefFoundError: Could not initialize class org.springframework.data.redis.test.util.MinimumRedisVersionRule
	at org.springframework.data.redis.core.DefaultZSetOperationsTests.<init>(DefaultZSetOperationsTests.java:64)
]]></error>
  </testcase>
  <testcase name="testRangeByScoreWithScoresOffsetCount[7]" classname="org.springframework.data.redis.core.DefaultZSetOperationsTests" time="0">
    <error message="Could not initialize class org.springframework.data.redis.test.util.MinimumRedisVersionRule" type="java.lang.NoClassDefFoundError"><![CDATA[java.lang.NoClassDefFoundError: Could not initialize class org.springframework.data.redis.test.util.MinimumRedisVersionRule
	at org.springframework.data.redis.core.DefaultZSetOperationsTests.<init>(DefaultZSetOperationsTests.java:64)
]]></error>
  </testcase>
  <testcase name="testRangeByLexUnbounded[7]" classname="org.springframework.data.redis.core.DefaultZSetOperationsTests" time="0">
    <error message="Could not initialize class org.springframework.data.redis.test.util.MinimumRedisVersionRule" type="java.lang.NoClassDefFoundError"><![CDATA[java.lang.NoClassDefFoundError: Could not initialize class org.springframework.data.redis.test.util.MinimumRedisVersionRule
	at org.springframework.data.redis.core.DefaultZSetOperationsTests.<init>(DefaultZSetOperationsTests.java:64)
]]></error>
  </testcase>
  <testcase name="testRangeByLexBounded[7]" classname="org.springframework.data.redis.core.DefaultZSetOperationsTests" time="0">
    <error message="Could not initialize class org.springframework.data.redis.test.util.MinimumRedisVersionRule" type="java.lang.NoClassDefFoundError"><![CDATA[java.lang.NoClassDefFoundError: Could not initialize class org.springframework.data.redis.test.util.MinimumRedisVersionRule
	at org.springframework.data.redis.core.DefaultZSetOperationsTests.<init>(DefaultZSetOperationsTests.java:64)
]]></error>
  </testcase>
  <testcase name="testReverseRangeByScoreWithScoresOffsetCount[7]" classname="org.springframework.data.redis.core.DefaultZSetOperationsTests" time="0">
    <error message="Could not initialize class org.springframework.data.redis.test.util.MinimumRedisVersionRule" type="java.lang.NoClassDefFoundError"><![CDATA[java.lang.NoClassDefFoundError: Could not initialize class org.springframework.data.redis.test.util.MinimumRedisVersionRule
	at org.springframework.data.redis.core.DefaultZSetOperationsTests.<init>(DefaultZSetOperationsTests.java:64)
]]></error>
  </testcase>
  <testcase name="testIncrementScore[7]" classname="org.springframework.data.redis.core.DefaultZSetOperationsTests" time="0">
    <error message="Could not initialize class org.springframework.data.redis.test.util.MinimumRedisVersionRule" type="java.lang.NoClassDefFoundError"><![CDATA[java.lang.NoClassDefFoundError: Could not initialize class org.springframework.data.redis.test.util.MinimumRedisVersionRule
	at org.springframework.data.redis.core.DefaultZSetOperationsTests.<init>(DefaultZSetOperationsTests.java:64)
]]></error>
  </testcase>
  <testcase name="testRangeByLexUnboundedWithLimit[7]" classname="org.springframework.data.redis.core.DefaultZSetOperationsTests" time="0">
    <error message="Could not initialize class org.springframework.data.redis.test.util.MinimumRedisVersionRule" type="java.lang.NoClassDefFoundError"><![CDATA[java.lang.NoClassDefFoundError: Could not initialize class org.springframework.data.redis.test.util.MinimumRedisVersionRule
	at org.springframework.data.redis.core.DefaultZSetOperationsTests.<init>(DefaultZSetOperationsTests.java:64)
]]></error>
  </testcase>
  <testcase name="testRangeByScoreOffsetCount[7]" classname="org.springframework.data.redis.core.DefaultZSetOperationsTests" time="0">
    <error message="Could not initialize class org.springframework.data.redis.test.util.MinimumRedisVersionRule" type="java.lang.NoClassDefFoundError"><![CDATA[java.lang.NoClassDefFoundError: Could not initialize class org.springframework.data.redis.test.util.MinimumRedisVersionRule
	at org.springframework.data.redis.core.DefaultZSetOperationsTests.<init>(DefaultZSetOperationsTests.java:64)
]]></error>
  </testcase>
  <testcase name="testRemove[7]" classname="org.springframework.data.redis.core.DefaultZSetOperationsTests" time="0">
    <error message="Could not initialize class org.springframework.data.redis.test.util.MinimumRedisVersionRule" type="java.lang.NoClassDefFoundError"><![CDATA[java.lang.NoClassDefFoundError: Could not initialize class org.springframework.data.redis.test.util.MinimumRedisVersionRule
	at org.springframework.data.redis.core.DefaultZSetOperationsTests.<init>(DefaultZSetOperationsTests.java:64)
]]></error>
  </testcase>
  <testcase name="testRangeByLexBoundedWithLimit[7]" classname="org.springframework.data.redis.core.DefaultZSetOperationsTests" time="0">
    <error message="Could not initialize class org.springframework.data.redis.test.util.MinimumRedisVersionRule" type="java.lang.NoClassDefFoundError"><![CDATA[java.lang.NoClassDefFoundError: Could not initialize class org.springframework.data.redis.test.util.MinimumRedisVersionRule
	at org.springframework.data.redis.core.DefaultZSetOperationsTests.<init>(DefaultZSetOperationsTests.java:64)
]]></error>
  </testcase>
  <testcase name="zCardRetrievesDataCorrectly[8]" classname="org.springframework.data.redis.core.DefaultZSetOperationsTests" time="0.001">
    <error message="Could not initialize class org.springframework.data.redis.test.util.MinimumRedisVersionRule" type="java.lang.NoClassDefFoundError"><![CDATA[java.lang.NoClassDefFoundError: Could not initialize class org.springframework.data.redis.test.util.MinimumRedisVersionRule
	at org.springframework.data.redis.core.DefaultZSetOperationsTests.<init>(DefaultZSetOperationsTests.java:64)
]]></error>
  </testcase>
  <testcase name="testZScanShouldReadEntireValueRange[8]" classname="org.springframework.data.redis.core.DefaultZSetOperationsTests" time="0">
    <error message="Could not initialize class org.springframework.data.redis.test.util.MinimumRedisVersionRule" type="java.lang.NoClassDefFoundError"><![CDATA[java.lang.NoClassDefFoundError: Could not initialize class org.springframework.data.redis.test.util.MinimumRedisVersionRule
	at org.springframework.data.redis.core.DefaultZSetOperationsTests.<init>(DefaultZSetOperationsTests.java:64)
]]></error>
  </testcase>
  <testcase name="testCount[8]" classname="org.springframework.data.redis.core.DefaultZSetOperationsTests" time="0">
    <error message="Could not initialize class org.springframework.data.redis.test.util.MinimumRedisVersionRule" type="java.lang.NoClassDefFoundError"><![CDATA[java.lang.NoClassDefFoundError: Could not initialize class org.springframework.data.redis.test.util.MinimumRedisVersionRule
	at org.springframework.data.redis.core.DefaultZSetOperationsTests.<init>(DefaultZSetOperationsTests.java:64)
]]></error>
  </testcase>
  <testcase name="testAddMultiple[8]" classname="org.springframework.data.redis.core.DefaultZSetOperationsTests" time="0">
    <error message="Could not initialize class org.springframework.data.redis.test.util.MinimumRedisVersionRule" type="java.lang.NoClassDefFoundError"><![CDATA[java.lang.NoClassDefFoundError: Could not initialize class org.springframework.data.redis.test.util.MinimumRedisVersionRule
	at org.springframework.data.redis.core.DefaultZSetOperationsTests.<init>(DefaultZSetOperationsTests.java:64)
]]></error>
  </testcase>
  <testcase name="testReverseRangeByScoreOffsetCount[8]" classname="org.springframework.data.redis.core.DefaultZSetOperationsTests" time="0.001">
    <error message="Could not initialize class org.springframework.data.redis.test.util.MinimumRedisVersionRule" type="java.lang.NoClassDefFoundError"><![CDATA[java.lang.NoClassDefFoundError: Could not initialize class org.springframework.data.redis.test.util.MinimumRedisVersionRule
	at org.springframework.data.redis.core.DefaultZSetOperationsTests.<init>(DefaultZSetOperationsTests.java:64)
]]></error>
  </testcase>
  <testcase name="sizeRetrievesDataCorrectly[8]" classname="org.springframework.data.redis.core.DefaultZSetOperationsTests" time="0">
    <error message="Could not initialize class org.springframework.data.redis.test.util.MinimumRedisVersionRule" type="java.lang.NoClassDefFoundError"><![CDATA[java.lang.NoClassDefFoundError: Could not initialize class org.springframework.data.redis.test.util.MinimumRedisVersionRule
	at org.springframework.data.redis.core.DefaultZSetOperationsTests.<init>(DefaultZSetOperationsTests.java:64)
]]></error>
  </testcase>
  <testcase name="testRangeByScoreWithScoresOffsetCount[8]" classname="org.springframework.data.redis.core.DefaultZSetOperationsTests" time="0">
    <error message="Could not initialize class org.springframework.data.redis.test.util.MinimumRedisVersionRule" type="java.lang.NoClassDefFoundError"><![CDATA[java.lang.NoClassDefFoundError: Could not initialize class org.springframework.data.redis.test.util.MinimumRedisVersionRule
	at org.springframework.data.redis.core.DefaultZSetOperationsTests.<init>(DefaultZSetOperationsTests.java:64)
]]></error>
  </testcase>
  <testcase name="testRangeByLexUnbounded[8]" classname="org.springframework.data.redis.core.DefaultZSetOperationsTests" time="0">
    <error message="Could not initialize class org.springframework.data.redis.test.util.MinimumRedisVersionRule" type="java.lang.NoClassDefFoundError"><![CDATA[java.lang.NoClassDefFoundError: Could not initialize class org.springframework.data.redis.test.util.MinimumRedisVersionRule
	at org.springframework.data.redis.core.DefaultZSetOperationsTests.<init>(DefaultZSetOperationsTests.java:64)
]]></error>
  </testcase>
  <testcase name="testRangeByLexBounded[8]" classname="org.springframework.data.redis.core.DefaultZSetOperationsTests" time="0.001">
    <error message="Could not initialize class org.springframework.data.redis.test.util.MinimumRedisVersionRule" type="java.lang.NoClassDefFoundError"><![CDATA[java.lang.NoClassDefFoundError: Could not initialize class org.springframework.data.redis.test.util.MinimumRedisVersionRule
	at org.springframework.data.redis.core.DefaultZSetOperationsTests.<init>(DefaultZSetOperationsTests.java:64)
]]></error>
  </testcase>
  <testcase name="testReverseRangeByScoreWithScoresOffsetCount[8]" classname="org.springframework.data.redis.core.DefaultZSetOperationsTests" time="0">
    <error message="Could not initialize class org.springframework.data.redis.test.util.MinimumRedisVersionRule" type="java.lang.NoClassDefFoundError"><![CDATA[java.lang.NoClassDefFoundError: Could not initialize class org.springframework.data.redis.test.util.MinimumRedisVersionRule
	at org.springframework.data.redis.core.DefaultZSetOperationsTests.<init>(DefaultZSetOperationsTests.java:64)
]]></error>
  </testcase>
  <testcase name="testIncrementScore[8]" classname="org.springframework.data.redis.core.DefaultZSetOperationsTests" time="0">
    <error message="Could not initialize class org.springframework.data.redis.test.util.MinimumRedisVersionRule" type="java.lang.NoClassDefFoundError"><![CDATA[java.lang.NoClassDefFoundError: Could not initialize class org.springframework.data.redis.test.util.MinimumRedisVersionRule
	at org.springframework.data.redis.core.DefaultZSetOperationsTests.<init>(DefaultZSetOperationsTests.java:64)
]]></error>
  </testcase>
  <testcase name="testRangeByLexUnboundedWithLimit[8]" classname="org.springframework.data.redis.core.DefaultZSetOperationsTests" time="0">
    <error message="Could not initialize class org.springframework.data.redis.test.util.MinimumRedisVersionRule" type="java.lang.NoClassDefFoundError"><![CDATA[java.lang.NoClassDefFoundError: Could not initialize class org.springframework.data.redis.test.util.MinimumRedisVersionRule
	at org.springframework.data.redis.core.DefaultZSetOperationsTests.<init>(DefaultZSetOperationsTests.java:64)
]]></error>
  </testcase>
  <testcase name="testRangeByScoreOffsetCount[8]" classname="org.springframework.data.redis.core.DefaultZSetOperationsTests" time="0.001">
    <error message="Could not initialize class org.springframework.data.redis.test.util.MinimumRedisVersionRule" type="java.lang.NoClassDefFoundError"><![CDATA[java.lang.NoClassDefFoundError: Could not initialize class org.springframework.data.redis.test.util.MinimumRedisVersionRule
	at org.springframework.data.redis.core.DefaultZSetOperationsTests.<init>(DefaultZSetOperationsTests.java:64)
]]></error>
  </testcase>
  <testcase name="testRemove[8]" classname="org.springframework.data.redis.core.DefaultZSetOperationsTests" time="0">
    <error message="Could not initialize class org.springframework.data.redis.test.util.MinimumRedisVersionRule" type="java.lang.NoClassDefFoundError"><![CDATA[java.lang.NoClassDefFoundError: Could not initialize class org.springframework.data.redis.test.util.MinimumRedisVersionRule
	at org.springframework.data.redis.core.DefaultZSetOperationsTests.<init>(DefaultZSetOperationsTests.java:64)
]]></error>
  </testcase>
  <testcase name="testRangeByLexBoundedWithLimit[8]" classname="org.springframework.data.redis.core.DefaultZSetOperationsTests" time="0">
    <error message="Could not initialize class org.springframework.data.redis.test.util.MinimumRedisVersionRule" type="java.lang.NoClassDefFoundError"><![CDATA[java.lang.NoClassDefFoundError: Could not initialize class org.springframework.data.redis.test.util.MinimumRedisVersionRule
	at org.springframework.data.redis.core.DefaultZSetOperationsTests.<init>(DefaultZSetOperationsTests.java:64)
]]></error>
  </testcase>
  <testcase name="zCardRetrievesDataCorrectly[9]" classname="org.springframework.data.redis.core.DefaultZSetOperationsTests" time="0">
    <error message="Could not initialize class org.springframework.data.redis.test.util.MinimumRedisVersionRule" type="java.lang.NoClassDefFoundError"><![CDATA[java.lang.NoClassDefFoundError: Could not initialize class org.springframework.data.redis.test.util.MinimumRedisVersionRule
	at org.springframework.data.redis.core.DefaultZSetOperationsTests.<init>(DefaultZSetOperationsTests.java:64)
]]></error>
  </testcase>
  <testcase name="testZScanShouldReadEntireValueRange[9]" classname="org.springframework.data.redis.core.DefaultZSetOperationsTests" time="0.001">
    <error message="Could not initialize class org.springframework.data.redis.test.util.MinimumRedisVersionRule" type="java.lang.NoClassDefFoundError"><![CDATA[java.lang.NoClassDefFoundError: Could not initialize class org.springframework.data.redis.test.util.MinimumRedisVersionRule
	at org.springframework.data.redis.core.DefaultZSetOperationsTests.<init>(DefaultZSetOperationsTests.java:64)
]]></error>
  </testcase>
  <testcase name="testCount[9]" classname="org.springframework.data.redis.core.DefaultZSetOperationsTests" time="0">
    <error message="Could not initialize class org.springframework.data.redis.test.util.MinimumRedisVersionRule" type="java.lang.NoClassDefFoundError"><![CDATA[java.lang.NoClassDefFoundError: Could not initialize class org.springframework.data.redis.test.util.MinimumRedisVersionRule
	at org.springframework.data.redis.core.DefaultZSetOperationsTests.<init>(DefaultZSetOperationsTests.java:64)
]]></error>
  </testcase>
  <testcase name="testAddMultiple[9]" classname="org.springframework.data.redis.core.DefaultZSetOperationsTests" time="0">
    <error message="Could not initialize class org.springframework.data.redis.test.util.MinimumRedisVersionRule" type="java.lang.NoClassDefFoundError"><![CDATA[java.lang.NoClassDefFoundError: Could not initialize class org.springframework.data.redis.test.util.MinimumRedisVersionRule
	at org.springframework.data.redis.core.DefaultZSetOperationsTests.<init>(DefaultZSetOperationsTests.java:64)
]]></error>
  </testcase>
  <testcase name="testReverseRangeByScoreOffsetCount[9]" classname="org.springframework.data.redis.core.DefaultZSetOperationsTests" time="0">
    <error message="Could not initialize class org.springframework.data.redis.test.util.MinimumRedisVersionRule" type="java.lang.NoClassDefFoundError"><![CDATA[java.lang.NoClassDefFoundError: Could not initialize class org.springframework.data.redis.test.util.MinimumRedisVersionRule
	at org.springframework.data.redis.core.DefaultZSetOperationsTests.<init>(DefaultZSetOperationsTests.java:64)
]]></error>
  </testcase>
  <testcase name="sizeRetrievesDataCorrectly[9]" classname="org.springframework.data.redis.core.DefaultZSetOperationsTests" time="0">
    <error message="Could not initialize class org.springframework.data.redis.test.util.MinimumRedisVersionRule" type="java.lang.NoClassDefFoundError"><![CDATA[java.lang.NoClassDefFoundError: Could not initialize class org.springframework.data.redis.test.util.MinimumRedisVersionRule
	at org.springframework.data.redis.core.DefaultZSetOperationsTests.<init>(DefaultZSetOperationsTests.java:64)
]]></error>
  </testcase>
  <testcase name="testRangeByScoreWithScoresOffsetCount[9]" classname="org.springframework.data.redis.core.DefaultZSetOperationsTests" time="0">
    <error message="Could not initialize class org.springframework.data.redis.test.util.MinimumRedisVersionRule" type="java.lang.NoClassDefFoundError"><![CDATA[java.lang.NoClassDefFoundError: Could not initialize class org.springframework.data.redis.test.util.MinimumRedisVersionRule
	at org.springframework.data.redis.core.DefaultZSetOperationsTests.<init>(DefaultZSetOperationsTests.java:64)
]]></error>
  </testcase>
  <testcase name="testRangeByLexUnbounded[9]" classname="org.springframework.data.redis.core.DefaultZSetOperationsTests" time="0">
    <error message="Could not initialize class org.springframework.data.redis.test.util.MinimumRedisVersionRule" type="java.lang.NoClassDefFoundError"><![CDATA[java.lang.NoClassDefFoundError: Could not initialize class org.springframework.data.redis.test.util.MinimumRedisVersionRule
	at org.springframework.data.redis.core.DefaultZSetOperationsTests.<init>(DefaultZSetOperationsTests.java:64)
]]></error>
  </testcase>
  <testcase name="testRangeByLexBounded[9]" classname="org.springframework.data.redis.core.DefaultZSetOperationsTests" time="0">
    <error message="Could not initialize class org.springframework.data.redis.test.util.MinimumRedisVersionRule" type="java.lang.NoClassDefFoundError"><![CDATA[java.lang.NoClassDefFoundError: Could not initialize class org.springframework.data.redis.test.util.MinimumRedisVersionRule
	at org.springframework.data.redis.core.DefaultZSetOperationsTests.<init>(DefaultZSetOperationsTests.java:64)
]]></error>
  </testcase>
  <testcase name="testReverseRangeByScoreWithScoresOffsetCount[9]" classname="org.springframework.data.redis.core.DefaultZSetOperationsTests" time="0">
    <error message="Could not initialize class org.springframework.data.redis.test.util.MinimumRedisVersionRule" type="java.lang.NoClassDefFoundError"><![CDATA[java.lang.NoClassDefFoundError: Could not initialize class org.springframework.data.redis.test.util.MinimumRedisVersionRule
	at org.springframework.data.redis.core.DefaultZSetOperationsTests.<init>(DefaultZSetOperationsTests.java:64)
]]></error>
  </testcase>
  <testcase name="testIncrementScore[9]" classname="org.springframework.data.redis.core.DefaultZSetOperationsTests" time="0">
    <error message="Could not initialize class org.springframework.data.redis.test.util.MinimumRedisVersionRule" type="java.lang.NoClassDefFoundError"><![CDATA[java.lang.NoClassDefFoundError: Could not initialize class org.springframework.data.redis.test.util.MinimumRedisVersionRule
	at org.springframework.data.redis.core.DefaultZSetOperationsTests.<init>(DefaultZSetOperationsTests.java:64)
]]></error>
  </testcase>
  <testcase name="testRangeByLexUnboundedWithLimit[9]" classname="org.springframework.data.redis.core.DefaultZSetOperationsTests" time="0">
    <error message="Could not initialize class org.springframework.data.redis.test.util.MinimumRedisVersionRule" type="java.lang.NoClassDefFoundError"><![CDATA[java.lang.NoClassDefFoundError: Could not initialize class org.springframework.data.redis.test.util.MinimumRedisVersionRule
	at org.springframework.data.redis.core.DefaultZSetOperationsTests.<init>(DefaultZSetOperationsTests.java:64)
]]></error>
  </testcase>
  <testcase name="testRangeByScoreOffsetCount[9]" classname="org.springframework.data.redis.core.DefaultZSetOperationsTests" time="0">
    <error message="Could not initialize class org.springframework.data.redis.test.util.MinimumRedisVersionRule" type="java.lang.NoClassDefFoundError"><![CDATA[java.lang.NoClassDefFoundError: Could not initialize class org.springframework.data.redis.test.util.MinimumRedisVersionRule
	at org.springframework.data.redis.core.DefaultZSetOperationsTests.<init>(DefaultZSetOperationsTests.java:64)
]]></error>
  </testcase>
  <testcase name="testRemove[9]" classname="org.springframework.data.redis.core.DefaultZSetOperationsTests" time="0">
    <error message="Could not initialize class org.springframework.data.redis.test.util.MinimumRedisVersionRule" type="java.lang.NoClassDefFoundError"><![CDATA[java.lang.NoClassDefFoundError: Could not initialize class org.springframework.data.redis.test.util.MinimumRedisVersionRule
	at org.springframework.data.redis.core.DefaultZSetOperationsTests.<init>(DefaultZSetOperationsTests.java:64)
]]></error>
  </testcase>
  <testcase name="testRangeByLexBoundedWithLimit[9]" classname="org.springframework.data.redis.core.DefaultZSetOperationsTests" time="0">
    <error message="Could not initialize class org.springframework.data.redis.test.util.MinimumRedisVersionRule" type="java.lang.NoClassDefFoundError"><![CDATA[java.lang.NoClassDefFoundError: Could not initialize class org.springframework.data.redis.test.util.MinimumRedisVersionRule
	at org.springframework.data.redis.core.DefaultZSetOperationsTests.<init>(DefaultZSetOperationsTests.java:64)
]]></error>
  </testcase>
</testsuite>