<?xml version="1.0" encoding="UTF-8"?>
<testsuite name="org.springframework.data.aerospike.repository.PersonRepositoryIntegrationTests" time="0.017" tests="15" errors="15" skipped="0" failures="0">
  <properties>
    <property name="java.runtime.name" value="Java(TM) SE Runtime Environment"/>
    <property name="sun.boot.library.path" value="/usr/lib/jvm/java-8-oracle/jre/lib/amd64"/>
    <property name="java.vm.version" value="25.91-b14"/>
    <property name="java.vm.vendor" value="Oracle Corporation"/>
    <property name="java.vendor.url" value="http://java.oracle.com/"/>
    <property name="path.separator" value=":"/>
    <property name="guice.disable.misplaced.annotation.check" value="true"/>
    <property name="java.vm.name" value="Java HotSpot(TM) 64-Bit Server VM"/>
    <property name="file.encoding.pkg" value="sun.io"/>
    <property name="user.country" value="BR"/>
    <property name="sun.java.launcher" value="SUN_STANDARD"/>
    <property name="sun.os.patch.level" value="unknown"/>
    <property name="java.vm.specification.name" value="Java Virtual Machine Specification"/>
    <property name="user.dir" value="/home/aluno/spring-projects/maven/spring-data-aerospike"/>
    <property name="java.runtime.version" value="1.8.0_91-b14"/>
    <property name="java.awt.graphicsenv" value="sun.awt.X11GraphicsEnvironment"/>
    <property name="java.endorsed.dirs" value="/usr/lib/jvm/java-8-oracle/jre/lib/endorsed"/>
    <property name="os.arch" value="amd64"/>
    <property name="java.io.tmpdir" value="/tmp"/>
    <property name="line.separator" value="&#10;"/>
    <property name="java.vm.specification.vendor" value="Oracle Corporation"/>
    <property name="os.name" value="Linux"/>
    <property name="classworlds.conf" value="/usr/share/maven/bin/m2.conf"/>
    <property name="sun.jnu.encoding" value="UTF-8"/>
    <property name="java.library.path" value="/usr/java/packages/lib/amd64:/usr/lib64:/lib64:/lib:/usr/lib"/>
    <property name="java.specification.name" value="Java Platform API Specification"/>
    <property name="java.class.version" value="52.0"/>
    <property name="sun.management.compiler" value="HotSpot 64-Bit Tiered Compilers"/>
    <property name="os.version" value="3.13.0-91-generic"/>
    <property name="user.home" value="/home/aluno"/>
    <property name="user.timezone" value="America/Fortaleza"/>
    <property name="java.awt.printerjob" value="sun.print.PSPrinterJob"/>
    <property name="file.encoding" value="UTF-8"/>
    <property name="java.specification.version" value="1.8"/>
    <property name="user.name" value="aluno"/>
    <property name="java.class.path" value="/usr/share/maven/boot/plexus-classworlds-2.x.jar"/>
    <property name="java.vm.specification.version" value="1.8"/>
    <property name="sun.arch.data.model" value="64"/>
    <property name="java.home" value="/usr/lib/jvm/java-8-oracle/jre"/>
    <property name="sun.java.command" value="org.codehaus.plexus.classworlds.launcher.Launcher test"/>
    <property name="java.specification.vendor" value="Oracle Corporation"/>
    <property name="user.language" value="pt"/>
    <property name="awt.toolkit" value="sun.awt.X11.XToolkit"/>
    <property name="java.vm.info" value="mixed mode"/>
    <property name="java.version" value="1.8.0_91"/>
    <property name="java.ext.dirs" value="/usr/lib/jvm/java-8-oracle/jre/lib/ext:/usr/java/packages/lib/ext"/>
    <property name="securerandom.source" value="file:/dev/./urandom"/>
    <property name="sun.boot.class.path" value="/usr/lib/jvm/java-8-oracle/jre/lib/resources.jar:/usr/lib/jvm/java-8-oracle/jre/lib/rt.jar:/usr/lib/jvm/java-8-oracle/jre/lib/sunrsasign.jar:/usr/lib/jvm/java-8-oracle/jre/lib/jsse.jar:/usr/lib/jvm/java-8-oracle/jre/lib/jce.jar:/usr/lib/jvm/java-8-oracle/jre/lib/charsets.jar:/usr/lib/jvm/java-8-oracle/jre/lib/jfr.jar:/usr/lib/jvm/java-8-oracle/jre/classes"/>
    <property name="java.vendor" value="Oracle Corporation"/>
    <property name="maven.home" value="/usr/share/maven"/>
    <property name="file.separator" value="/"/>
    <property name="java.vendor.url.bug" value="http://bugreport.sun.com/bugreport/"/>
    <property name="sun.cpu.endian" value="little"/>
    <property name="sun.io.unicode.encoding" value="UnicodeLittle"/>
    <property name="sun.desktop" value="gnome"/>
    <property name="sun.cpu.isalist" value=""/>
  </properties>
  <testcase name="findsPersonsByFirstnameStartsWith" classname="org.springframework.data.aerospike.repository.PersonRepositoryIntegrationTests" time="0.002">
    <error message="Failed to load ApplicationContext" type="java.lang.IllegalStateException"><![CDATA[java.lang.IllegalStateException: Failed to load ApplicationContext
	at org.springframework.test.context.DefaultCacheAwareContextLoaderDelegate.loadContext(DefaultCacheAwareContextLoaderDelegate.java:94)
	at org.springframework.test.context.DefaultTestContext.getApplicationContext(DefaultTestContext.java:72)
	at org.springframework.test.context.support.DependencyInjectionTestExecutionListener.injectDependencies(DependencyInjectionTestExecutionListener.java:117)
	at org.springframework.test.context.support.DependencyInjectionTestExecutionListener.prepareTestInstance(DependencyInjectionTestExecutionListener.java:83)
	at org.springframework.test.context.TestContextManager.prepareTestInstance(TestContextManager.java:212)
	at org.springframework.test.context.junit4.SpringJUnit4ClassRunner.createTest(SpringJUnit4ClassRunner.java:200)
	at org.springframework.test.context.junit4.SpringJUnit4ClassRunner$1.runReflectiveCall(SpringJUnit4ClassRunner.java:259)
	at org.junit.internal.runners.model.ReflectiveCallable.run(ReflectiveCallable.java:12)
	at org.springframework.test.context.junit4.SpringJUnit4ClassRunner.methodBlock(SpringJUnit4ClassRunner.java:261)
	at org.springframework.test.context.junit4.SpringJUnit4ClassRunner.runChild(SpringJUnit4ClassRunner.java:219)
	at org.springframework.test.context.junit4.SpringJUnit4ClassRunner.runChild(SpringJUnit4ClassRunner.java:83)
	at org.junit.runners.ParentRunner$3.run(ParentRunner.java:290)
	at org.junit.runners.ParentRunner$1.schedule(ParentRunner.java:71)
	at org.junit.runners.ParentRunner.runChildren(ParentRunner.java:288)
	at org.junit.runners.ParentRunner.access$000(ParentRunner.java:58)
	at org.junit.runners.ParentRunner$2.evaluate(ParentRunner.java:268)
	at org.springframework.test.context.junit4.statements.RunBeforeTestClassCallbacks.evaluate(RunBeforeTestClassCallbacks.java:61)
	at org.springframework.test.context.junit4.statements.RunAfterTestClassCallbacks.evaluate(RunAfterTestClassCallbacks.java:68)
	at org.junit.runners.ParentRunner.run(ParentRunner.java:363)
	at org.springframework.test.context.junit4.SpringJUnit4ClassRunner.run(SpringJUnit4ClassRunner.java:163)
	at org.apache.maven.surefire.junit4.JUnit4Provider.execute(JUnit4Provider.java:283)
	at org.apache.maven.surefire.junit4.JUnit4Provider.executeWithRerun(JUnit4Provider.java:173)
	at org.apache.maven.surefire.junit4.JUnit4Provider.executeTestSet(JUnit4Provider.java:153)
	at org.apache.maven.surefire.junit4.JUnit4Provider.invoke(JUnit4Provider.java:128)
	at org.apache.maven.surefire.booter.ForkedBooter.invokeProviderInSameClassLoader(ForkedBooter.java:203)
	at org.apache.maven.surefire.booter.ForkedBooter.runSuitesInProcess(ForkedBooter.java:155)
	at org.apache.maven.surefire.booter.ForkedBooter.main(ForkedBooter.java:103)
Caused by: org.springframework.beans.factory.BeanCreationException: Error creating bean with name 'aerospikeTemplate' defined in org.springframework.data.aerospike.repository.TestConfigPerson: Bean instantiation via factory method failed; nested exception is org.springframework.beans.BeanInstantiationException: Failed to instantiate [org.springframework.data.aerospike.core.AerospikeTemplate]: Factory method 'aerospikeTemplate' threw exception; nested exception is org.springframework.beans.factory.BeanCreationException: Error creating bean with name 'aerospikeClient' defined in org.springframework.data.aerospike.repository.TestConfigPerson: Bean instantiation via factory method failed; nested exception is org.springframework.beans.BeanInstantiationException: Failed to instantiate [com.aerospike.client.AerospikeClient]: Factory method 'aerospikeClient' threw exception; nested exception is com.aerospike.client.AerospikeException$Connection: Error Code 11: Failed to connect to host(s): 
52.41.32.83:3000 Error Code 11: java.net.SocketTimeoutException: connect timed out

	at org.springframework.beans.factory.support.ConstructorResolver.instantiateUsingFactoryMethod(ConstructorResolver.java:599)
	at org.springframework.beans.factory.support.AbstractAutowireCapableBeanFactory.instantiateUsingFactoryMethod(AbstractAutowireCapableBeanFactory.java:1119)
	at org.springframework.beans.factory.support.AbstractAutowireCapableBeanFactory.createBeanInstance(AbstractAutowireCapableBeanFactory.java:1014)
	at org.springframework.beans.factory.support.AbstractAutowireCapableBeanFactory.doCreateBean(AbstractAutowireCapableBeanFactory.java:504)
	at org.springframework.beans.factory.support.AbstractAutowireCapableBeanFactory.createBean(AbstractAutowireCapableBeanFactory.java:476)
	at org.springframework.beans.factory.support.AbstractBeanFactory$1.getObject(AbstractBeanFactory.java:303)
	at org.springframework.beans.factory.support.DefaultSingletonBeanRegistry.getSingleton(DefaultSingletonBeanRegistry.java:230)
	at org.springframework.beans.factory.support.AbstractBeanFactory.doGetBean(AbstractBeanFactory.java:299)
	at org.springframework.beans.factory.support.AbstractBeanFactory.getBean(AbstractBeanFactory.java:194)
	at org.springframework.beans.factory.support.DefaultListableBeanFactory.preInstantiateSingletons(DefaultListableBeanFactory.java:755)
	at org.springframework.context.support.AbstractApplicationContext.finishBeanFactoryInitialization(AbstractApplicationContext.java:757)
	at org.springframework.context.support.AbstractApplicationContext.refresh(AbstractApplicationContext.java:480)
	at org.springframework.test.context.support.AbstractGenericContextLoader.loadContext(AbstractGenericContextLoader.java:125)
	at org.springframework.test.context.support.AbstractGenericContextLoader.loadContext(AbstractGenericContextLoader.java:60)
	at org.springframework.test.context.support.AbstractDelegatingSmartContextLoader.delegateLoading(AbstractDelegatingSmartContextLoader.java:109)
	at org.springframework.test.context.support.AbstractDelegatingSmartContextLoader.loadContext(AbstractDelegatingSmartContextLoader.java:261)
	at org.springframework.test.context.DefaultCacheAwareContextLoaderDelegate.loadContextInternal(DefaultCacheAwareContextLoaderDelegate.java:68)
	at org.springframework.test.context.DefaultCacheAwareContextLoaderDelegate.loadContext(DefaultCacheAwareContextLoaderDelegate.java:86)
	at org.springframework.test.context.DefaultTestContext.getApplicationContext(DefaultTestContext.java:72)
	at org.springframework.test.context.support.DependencyInjectionTestExecutionListener.injectDependencies(DependencyInjectionTestExecutionListener.java:117)
	at org.springframework.test.context.support.DependencyInjectionTestExecutionListener.prepareTestInstance(DependencyInjectionTestExecutionListener.java:83)
	at org.springframework.test.context.TestContextManager.prepareTestInstance(TestContextManager.java:212)
	at org.springframework.test.context.junit4.SpringJUnit4ClassRunner.createTest(SpringJUnit4ClassRunner.java:200)
	at org.springframework.test.context.junit4.SpringJUnit4ClassRunner$1.runReflectiveCall(SpringJUnit4ClassRunner.java:259)
	at org.junit.internal.runners.model.ReflectiveCallable.run(ReflectiveCallable.java:12)
	at org.springframework.test.context.junit4.SpringJUnit4ClassRunner.methodBlock(SpringJUnit4ClassRunner.java:261)
	at org.springframework.test.context.junit4.SpringJUnit4ClassRunner.runChild(SpringJUnit4ClassRunner.java:219)
	at org.springframework.test.context.junit4.SpringJUnit4ClassRunner.runChild(SpringJUnit4ClassRunner.java:83)
	at org.junit.runners.ParentRunner$3.run(ParentRunner.java:290)
	at org.junit.runners.ParentRunner$1.schedule(ParentRunner.java:71)
	at org.junit.runners.ParentRunner.runChildren(ParentRunner.java:288)
	at org.junit.runners.ParentRunner.access$000(ParentRunner.java:58)
	at org.junit.runners.ParentRunner$2.evaluate(ParentRunner.java:268)
	at org.springframework.test.context.junit4.statements.RunBeforeTestClassCallbacks.evaluate(RunBeforeTestClassCallbacks.java:61)
	at org.springframework.test.context.junit4.statements.RunAfterTestClassCallbacks.evaluate(RunAfterTestClassCallbacks.java:68)
	at org.junit.runners.ParentRunner.run(ParentRunner.java:363)
	at org.springframework.test.context.junit4.SpringJUnit4ClassRunner.run(SpringJUnit4ClassRunner.java:163)
	at org.apache.maven.surefire.junit4.JUnit4Provider.execute(JUnit4Provider.java:283)
	at org.apache.maven.surefire.junit4.JUnit4Provider.executeWithRerun(JUnit4Provider.java:173)
	at org.apache.maven.surefire.junit4.JUnit4Provider.executeTestSet(JUnit4Provider.java:153)
	at org.apache.maven.surefire.junit4.JUnit4Provider.invoke(JUnit4Provider.java:128)
	at org.apache.maven.surefire.booter.ForkedBooter.invokeProviderInSameClassLoader(ForkedBooter.java:203)
	at org.apache.maven.surefire.booter.ForkedBooter.runSuitesInProcess(ForkedBooter.java:155)
	at org.apache.maven.surefire.booter.ForkedBooter.main(ForkedBooter.java:103)
Caused by: org.springframework.beans.BeanInstantiationException: Failed to instantiate [org.springframework.data.aerospike.core.AerospikeTemplate]: Factory method 'aerospikeTemplate' threw exception; nested exception is org.springframework.beans.factory.BeanCreationException: Error creating bean with name 'aerospikeClient' defined in org.springframework.data.aerospike.repository.TestConfigPerson: Bean instantiation via factory method failed; nested exception is org.springframework.beans.BeanInstantiationException: Failed to instantiate [com.aerospike.client.AerospikeClient]: Factory method 'aerospikeClient' threw exception; nested exception is com.aerospike.client.AerospikeException$Connection: Error Code 11: Failed to connect to host(s): 
52.41.32.83:3000 Error Code 11: java.net.SocketTimeoutException: connect timed out

	at org.springframework.beans.factory.support.SimpleInstantiationStrategy.instantiate(SimpleInstantiationStrategy.java:189)
	at org.springframework.beans.factory.support.ConstructorResolver.instantiateUsingFactoryMethod(ConstructorResolver.java:588)
	at org.springframework.beans.factory.support.AbstractAutowireCapableBeanFactory.instantiateUsingFactoryMethod(AbstractAutowireCapableBeanFactory.java:1119)
	at org.springframework.beans.factory.support.AbstractAutowireCapableBeanFactory.createBeanInstance(AbstractAutowireCapableBeanFactory.java:1014)
	at org.springframework.beans.factory.support.AbstractAutowireCapableBeanFactory.doCreateBean(AbstractAutowireCapableBeanFactory.java:504)
	at org.springframework.beans.factory.support.AbstractAutowireCapableBeanFactory.createBean(AbstractAutowireCapableBeanFactory.java:476)
	at org.springframework.beans.factory.support.AbstractBeanFactory$1.getObject(AbstractBeanFactory.java:303)
	at org.springframework.beans.factory.support.DefaultSingletonBeanRegistry.getSingleton(DefaultSingletonBeanRegistry.java:230)
	at org.springframework.beans.factory.support.AbstractBeanFactory.doGetBean(AbstractBeanFactory.java:299)
	at org.springframework.beans.factory.support.AbstractBeanFactory.getBean(AbstractBeanFactory.java:194)
	at org.springframework.beans.factory.support.DefaultListableBeanFactory.preInstantiateSingletons(DefaultListableBeanFactory.java:755)
	at org.springframework.context.support.AbstractApplicationContext.finishBeanFactoryInitialization(AbstractApplicationContext.java:757)
	at org.springframework.context.support.AbstractApplicationContext.refresh(AbstractApplicationContext.java:480)
	at org.springframework.test.context.support.AbstractGenericContextLoader.loadContext(AbstractGenericContextLoader.java:125)
	at org.springframework.test.context.support.AbstractGenericContextLoader.loadContext(AbstractGenericContextLoader.java:60)
	at org.springframework.test.context.support.AbstractDelegatingSmartContextLoader.delegateLoading(AbstractDelegatingSmartContextLoader.java:109)
	at org.springframework.test.context.support.AbstractDelegatingSmartContextLoader.loadContext(AbstractDelegatingSmartContextLoader.java:261)
	at org.springframework.test.context.DefaultCacheAwareContextLoaderDelegate.loadContextInternal(DefaultCacheAwareContextLoaderDelegate.java:68)
	at org.springframework.test.context.DefaultCacheAwareContextLoaderDelegate.loadContext(DefaultCacheAwareContextLoaderDelegate.java:86)
	at org.springframework.test.context.DefaultTestContext.getApplicationContext(DefaultTestContext.java:72)
	at org.springframework.test.context.support.DependencyInjectionTestExecutionListener.injectDependencies(DependencyInjectionTestExecutionListener.java:117)
	at org.springframework.test.context.support.DependencyInjectionTestExecutionListener.prepareTestInstance(DependencyInjectionTestExecutionListener.java:83)
	at org.springframework.test.context.TestContextManager.prepareTestInstance(TestContextManager.java:212)
	at org.springframework.test.context.junit4.SpringJUnit4ClassRunner.createTest(SpringJUnit4ClassRunner.java:200)
	at org.springframework.test.context.junit4.SpringJUnit4ClassRunner$1.runReflectiveCall(SpringJUnit4ClassRunner.java:259)
	at org.junit.internal.runners.model.ReflectiveCallable.run(ReflectiveCallable.java:12)
	at org.springframework.test.context.junit4.SpringJUnit4ClassRunner.methodBlock(SpringJUnit4ClassRunner.java:261)
	at org.springframework.test.context.junit4.SpringJUnit4ClassRunner.runChild(SpringJUnit4ClassRunner.java:219)
	at org.springframework.test.context.junit4.SpringJUnit4ClassRunner.runChild(SpringJUnit4ClassRunner.java:83)
	at org.junit.runners.ParentRunner$3.run(ParentRunner.java:290)
	at org.junit.runners.ParentRunner$1.schedule(ParentRunner.java:71)
	at org.junit.runners.ParentRunner.runChildren(ParentRunner.java:288)
	at org.junit.runners.ParentRunner.access$000(ParentRunner.java:58)
	at org.junit.runners.ParentRunner$2.evaluate(ParentRunner.java:268)
	at org.springframework.test.context.junit4.statements.RunBeforeTestClassCallbacks.evaluate(RunBeforeTestClassCallbacks.java:61)
	at org.springframework.test.context.junit4.statements.RunAfterTestClassCallbacks.evaluate(RunAfterTestClassCallbacks.java:68)
	at org.junit.runners.ParentRunner.run(ParentRunner.java:363)
	at org.springframework.test.context.junit4.SpringJUnit4ClassRunner.run(SpringJUnit4ClassRunner.java:163)
	at org.apache.maven.surefire.junit4.JUnit4Provider.execute(JUnit4Provider.java:283)
	at org.apache.maven.surefire.junit4.JUnit4Provider.executeWithRerun(JUnit4Provider.java:173)
	at org.apache.maven.surefire.junit4.JUnit4Provider.executeTestSet(JUnit4Provider.java:153)
	at org.apache.maven.surefire.junit4.JUnit4Provider.invoke(JUnit4Provider.java:128)
	at org.apache.maven.surefire.booter.ForkedBooter.invokeProviderInSameClassLoader(ForkedBooter.java:203)
	at org.apache.maven.surefire.booter.ForkedBooter.runSuitesInProcess(ForkedBooter.java:155)
	at org.apache.maven.surefire.booter.ForkedBooter.main(ForkedBooter.java:103)
Caused by: org.springframework.beans.factory.BeanCreationException: Error creating bean with name 'aerospikeClient' defined in org.springframework.data.aerospike.repository.TestConfigPerson: Bean instantiation via factory method failed; nested exception is org.springframework.beans.BeanInstantiationException: Failed to instantiate [com.aerospike.client.AerospikeClient]: Factory method 'aerospikeClient' threw exception; nested exception is com.aerospike.client.AerospikeException$Connection: Error Code 11: Failed to connect to host(s): 
52.41.32.83:3000 Error Code 11: java.net.SocketTimeoutException: connect timed out

	at org.springframework.beans.factory.support.ConstructorResolver.instantiateUsingFactoryMethod(ConstructorResolver.java:599)
	at org.springframework.beans.factory.support.AbstractAutowireCapableBeanFactory.instantiateUsingFactoryMethod(AbstractAutowireCapableBeanFactory.java:1119)
	at org.springframework.beans.factory.support.AbstractAutowireCapableBeanFactory.createBeanInstance(AbstractAutowireCapableBeanFactory.java:1014)
	at org.springframework.beans.factory.support.AbstractAutowireCapableBeanFactory.doCreateBean(AbstractAutowireCapableBeanFactory.java:504)
	at org.springframework.beans.factory.support.AbstractAutowireCapableBeanFactory.createBean(AbstractAutowireCapableBeanFactory.java:476)
	at org.springframework.beans.factory.support.AbstractBeanFactory$1.getObject(AbstractBeanFactory.java:303)
	at org.springframework.beans.factory.support.DefaultSingletonBeanRegistry.getSingleton(DefaultSingletonBeanRegistry.java:230)
	at org.springframework.beans.factory.support.AbstractBeanFactory.doGetBean(AbstractBeanFactory.java:299)
	at org.springframework.beans.factory.support.AbstractBeanFactory.getBean(AbstractBeanFactory.java:194)
	at org.springframework.context.annotation.ConfigurationClassEnhancer$BeanMethodInterceptor.intercept(ConfigurationClassEnhancer.java:322)
	at org.springframework.data.aerospike.repository.TestConfigPerson$$EnhancerBySpringCGLIB$$3f27a8da.aerospikeClient(<generated>)
	at org.springframework.data.aerospike.repository.TestConfigPerson.aerospikeTemplate(TestConfigPerson.java:38)
	at org.springframework.data.aerospike.repository.TestConfigPerson$$EnhancerBySpringCGLIB$$3f27a8da.CGLIB$aerospikeTemplate$0(<generated>)
	at org.springframework.data.aerospike.repository.TestConfigPerson$$EnhancerBySpringCGLIB$$3f27a8da$$FastClassBySpringCGLIB$$38965c5e.invoke(<generated>)
	at org.springframework.cglib.proxy.MethodProxy.invokeSuper(MethodProxy.java:228)
	at org.springframework.context.annotation.ConfigurationClassEnhancer$BeanMethodInterceptor.intercept(ConfigurationClassEnhancer.java:309)
	at org.springframework.data.aerospike.repository.TestConfigPerson$$EnhancerBySpringCGLIB$$3f27a8da.aerospikeTemplate(<generated>)
	at sun.reflect.NativeMethodAccessorImpl.invoke0(Native Method)
	at sun.reflect.NativeMethodAccessorImpl.invoke(NativeMethodAccessorImpl.java:62)
	at sun.reflect.DelegatingMethodAccessorImpl.invoke(DelegatingMethodAccessorImpl.java:43)
	at java.lang.reflect.Method.invoke(Method.java:498)
	at org.springframework.beans.factory.support.SimpleInstantiationStrategy.instantiate(SimpleInstantiationStrategy.java:162)
	at org.springframework.beans.factory.support.ConstructorResolver.instantiateUsingFactoryMethod(ConstructorResolver.java:588)
	at org.springframework.beans.factory.support.AbstractAutowireCapableBeanFactory.instantiateUsingFactoryMethod(AbstractAutowireCapableBeanFactory.java:1119)
	at org.springframework.beans.factory.support.AbstractAutowireCapableBeanFactory.createBeanInstance(AbstractAutowireCapableBeanFactory.java:1014)
	at org.springframework.beans.factory.support.AbstractAutowireCapableBeanFactory.doCreateBean(AbstractAutowireCapableBeanFactory.java:504)
	at org.springframework.beans.factory.support.AbstractAutowireCapableBeanFactory.createBean(AbstractAutowireCapableBeanFactory.java:476)
	at org.springframework.beans.factory.support.AbstractBeanFactory$1.getObject(AbstractBeanFactory.java:303)
	at org.springframework.beans.factory.support.DefaultSingletonBeanRegistry.getSingleton(DefaultSingletonBeanRegistry.java:230)
	at org.springframework.beans.factory.support.AbstractBeanFactory.doGetBean(AbstractBeanFactory.java:299)
	at org.springframework.beans.factory.support.AbstractBeanFactory.getBean(AbstractBeanFactory.java:194)
	at org.springframework.beans.factory.support.DefaultListableBeanFactory.preInstantiateSingletons(DefaultListableBeanFactory.java:755)
	at org.springframework.context.support.AbstractApplicationContext.finishBeanFactoryInitialization(AbstractApplicationContext.java:757)
	at org.springframework.context.support.AbstractApplicationContext.refresh(AbstractApplicationContext.java:480)
	at org.springframework.test.context.support.AbstractGenericContextLoader.loadContext(AbstractGenericContextLoader.java:125)
	at org.springframework.test.context.support.AbstractGenericContextLoader.loadContext(AbstractGenericContextLoader.java:60)
	at org.springframework.test.context.support.AbstractDelegatingSmartContextLoader.delegateLoading(AbstractDelegatingSmartContextLoader.java:109)
	at org.springframework.test.context.support.AbstractDelegatingSmartContextLoader.loadContext(AbstractDelegatingSmartContextLoader.java:261)
	at org.springframework.test.context.DefaultCacheAwareContextLoaderDelegate.loadContextInternal(DefaultCacheAwareContextLoaderDelegate.java:68)
	at org.springframework.test.context.DefaultCacheAwareContextLoaderDelegate.loadContext(DefaultCacheAwareContextLoaderDelegate.java:86)
	at org.springframework.test.context.DefaultTestContext.getApplicationContext(DefaultTestContext.java:72)
	at org.springframework.test.context.support.DependencyInjectionTestExecutionListener.injectDependencies(DependencyInjectionTestExecutionListener.java:117)
	at org.springframework.test.context.support.DependencyInjectionTestExecutionListener.prepareTestInstance(DependencyInjectionTestExecutionListener.java:83)
	at org.springframework.test.context.TestContextManager.prepareTestInstance(TestContextManager.java:212)
	at org.springframework.test.context.junit4.SpringJUnit4ClassRunner.createTest(SpringJUnit4ClassRunner.java:200)
	at org.springframework.test.context.junit4.SpringJUnit4ClassRunner$1.runReflectiveCall(SpringJUnit4ClassRunner.java:259)
	at org.junit.internal.runners.model.ReflectiveCallable.run(ReflectiveCallable.java:12)
	at org.springframework.test.context.junit4.SpringJUnit4ClassRunner.methodBlock(SpringJUnit4ClassRunner.java:261)
	at org.springframework.test.context.junit4.SpringJUnit4ClassRunner.runChild(SpringJUnit4ClassRunner.java:219)
	at org.springframework.test.context.junit4.SpringJUnit4ClassRunner.runChild(SpringJUnit4ClassRunner.java:83)
	at org.junit.runners.ParentRunner$3.run(ParentRunner.java:290)
	at org.junit.runners.ParentRunner$1.schedule(ParentRunner.java:71)
	at org.junit.runners.ParentRunner.runChildren(ParentRunner.java:288)
	at org.junit.runners.ParentRunner.access$000(ParentRunner.java:58)
	at org.junit.runners.ParentRunner$2.evaluate(ParentRunner.java:268)
	at org.springframework.test.context.junit4.statements.RunBeforeTestClassCallbacks.evaluate(RunBeforeTestClassCallbacks.java:61)
	at org.springframework.test.context.junit4.statements.RunAfterTestClassCallbacks.evaluate(RunAfterTestClassCallbacks.java:68)
	at org.junit.runners.ParentRunner.run(ParentRunner.java:363)
	at org.springframework.test.context.junit4.SpringJUnit4ClassRunner.run(SpringJUnit4ClassRunner.java:163)
	at org.apache.maven.surefire.junit4.JUnit4Provider.execute(JUnit4Provider.java:283)
	at org.apache.maven.surefire.junit4.JUnit4Provider.executeWithRerun(JUnit4Provider.java:173)
	at org.apache.maven.surefire.junit4.JUnit4Provider.executeTestSet(JUnit4Provider.java:153)
	at org.apache.maven.surefire.junit4.JUnit4Provider.invoke(JUnit4Provider.java:128)
	at org.apache.maven.surefire.booter.ForkedBooter.invokeProviderInSameClassLoader(ForkedBooter.java:203)
	at org.apache.maven.surefire.booter.ForkedBooter.runSuitesInProcess(ForkedBooter.java:155)
	at org.apache.maven.surefire.booter.ForkedBooter.main(ForkedBooter.java:103)
Caused by: org.springframework.beans.BeanInstantiationException: Failed to instantiate [com.aerospike.client.AerospikeClient]: Factory method 'aerospikeClient' threw exception; nested exception is com.aerospike.client.AerospikeException$Connection: Error Code 11: Failed to connect to host(s): 
52.41.32.83:3000 Error Code 11: java.net.SocketTimeoutException: connect timed out

	at org.springframework.beans.factory.support.SimpleInstantiationStrategy.instantiate(SimpleInstantiationStrategy.java:189)
	at org.springframework.beans.factory.support.ConstructorResolver.instantiateUsingFactoryMethod(ConstructorResolver.java:588)
	at org.springframework.beans.factory.support.AbstractAutowireCapableBeanFactory.instantiateUsingFactoryMethod(AbstractAutowireCapableBeanFactory.java:1119)
	at org.springframework.beans.factory.support.AbstractAutowireCapableBeanFactory.createBeanInstance(AbstractAutowireCapableBeanFactory.java:1014)
	at org.springframework.beans.factory.support.AbstractAutowireCapableBeanFactory.doCreateBean(AbstractAutowireCapableBeanFactory.java:504)
	at org.springframework.beans.factory.support.AbstractAutowireCapableBeanFactory.createBean(AbstractAutowireCapableBeanFactory.java:476)
	at org.springframework.beans.factory.support.AbstractBeanFactory$1.getObject(AbstractBeanFactory.java:303)
	at org.springframework.beans.factory.support.DefaultSingletonBeanRegistry.getSingleton(DefaultSingletonBeanRegistry.java:230)
	at org.springframework.beans.factory.support.AbstractBeanFactory.doGetBean(AbstractBeanFactory.java:299)
	at org.springframework.beans.factory.support.AbstractBeanFactory.getBean(AbstractBeanFactory.java:194)
	at org.springframework.context.annotation.ConfigurationClassEnhancer$BeanMethodInterceptor.intercept(ConfigurationClassEnhancer.java:322)
	at org.springframework.data.aerospike.repository.TestConfigPerson$$EnhancerBySpringCGLIB$$3f27a8da.aerospikeClient(<generated>)
	at org.springframework.data.aerospike.repository.TestConfigPerson.aerospikeTemplate(TestConfigPerson.java:38)
	at org.springframework.data.aerospike.repository.TestConfigPerson$$EnhancerBySpringCGLIB$$3f27a8da.CGLIB$aerospikeTemplate$0(<generated>)
	at org.springframework.data.aerospike.repository.TestConfigPerson$$EnhancerBySpringCGLIB$$3f27a8da$$FastClassBySpringCGLIB$$38965c5e.invoke(<generated>)
	at org.springframework.cglib.proxy.MethodProxy.invokeSuper(MethodProxy.java:228)
	at org.springframework.context.annotation.ConfigurationClassEnhancer$BeanMethodInterceptor.intercept(ConfigurationClassEnhancer.java:309)
	at org.springframework.data.aerospike.repository.TestConfigPerson$$EnhancerBySpringCGLIB$$3f27a8da.aerospikeTemplate(<generated>)
	at sun.reflect.NativeMethodAccessorImpl.invoke0(Native Method)
	at sun.reflect.NativeMethodAccessorImpl.invoke(NativeMethodAccessorImpl.java:62)
	at sun.reflect.DelegatingMethodAccessorImpl.invoke(DelegatingMethodAccessorImpl.java:43)
	at java.lang.reflect.Method.invoke(Method.java:498)
	at org.springframework.beans.factory.support.SimpleInstantiationStrategy.instantiate(SimpleInstantiationStrategy.java:162)
	at org.springframework.beans.factory.support.ConstructorResolver.instantiateUsingFactoryMethod(ConstructorResolver.java:588)
	at org.springframework.beans.factory.support.AbstractAutowireCapableBeanFactory.instantiateUsingFactoryMethod(AbstractAutowireCapableBeanFactory.java:1119)
	at org.springframework.beans.factory.support.AbstractAutowireCapableBeanFactory.createBeanInstance(AbstractAutowireCapableBeanFactory.java:1014)
	at org.springframework.beans.factory.support.AbstractAutowireCapableBeanFactory.doCreateBean(AbstractAutowireCapableBeanFactory.java:504)
	at org.springframework.beans.factory.support.AbstractAutowireCapableBeanFactory.createBean(AbstractAutowireCapableBeanFactory.java:476)
	at org.springframework.beans.factory.support.AbstractBeanFactory$1.getObject(AbstractBeanFactory.java:303)
	at org.springframework.beans.factory.support.DefaultSingletonBeanRegistry.getSingleton(DefaultSingletonBeanRegistry.java:230)
	at org.springframework.beans.factory.support.AbstractBeanFactory.doGetBean(AbstractBeanFactory.java:299)
	at org.springframework.beans.factory.support.AbstractBeanFactory.getBean(AbstractBeanFactory.java:194)
	at org.springframework.beans.factory.support.DefaultListableBeanFactory.preInstantiateSingletons(DefaultListableBeanFactory.java:755)
	at org.springframework.context.support.AbstractApplicationContext.finishBeanFactoryInitialization(AbstractApplicationContext.java:757)
	at org.springframework.context.support.AbstractApplicationContext.refresh(AbstractApplicationContext.java:480)
	at org.springframework.test.context.support.AbstractGenericContextLoader.loadContext(AbstractGenericContextLoader.java:125)
	at org.springframework.test.context.support.AbstractGenericContextLoader.loadContext(AbstractGenericContextLoader.java:60)
	at org.springframework.test.context.support.AbstractDelegatingSmartContextLoader.delegateLoading(AbstractDelegatingSmartContextLoader.java:109)
	at org.springframework.test.context.support.AbstractDelegatingSmartContextLoader.loadContext(AbstractDelegatingSmartContextLoader.java:261)
	at org.springframework.test.context.DefaultCacheAwareContextLoaderDelegate.loadContextInternal(DefaultCacheAwareContextLoaderDelegate.java:68)
	at org.springframework.test.context.DefaultCacheAwareContextLoaderDelegate.loadContext(DefaultCacheAwareContextLoaderDelegate.java:86)
	at org.springframework.test.context.DefaultTestContext.getApplicationContext(DefaultTestContext.java:72)
	at org.springframework.test.context.support.DependencyInjectionTestExecutionListener.injectDependencies(DependencyInjectionTestExecutionListener.java:117)
	at org.springframework.test.context.support.DependencyInjectionTestExecutionListener.prepareTestInstance(DependencyInjectionTestExecutionListener.java:83)
	at org.springframework.test.context.TestContextManager.prepareTestInstance(TestContextManager.java:212)
	at org.springframework.test.context.junit4.SpringJUnit4ClassRunner.createTest(SpringJUnit4ClassRunner.java:200)
	at org.springframework.test.context.junit4.SpringJUnit4ClassRunner$1.runReflectiveCall(SpringJUnit4ClassRunner.java:259)
	at org.junit.internal.runners.model.ReflectiveCallable.run(ReflectiveCallable.java:12)
	at org.springframework.test.context.junit4.SpringJUnit4ClassRunner.methodBlock(SpringJUnit4ClassRunner.java:261)
	at org.springframework.test.context.junit4.SpringJUnit4ClassRunner.runChild(SpringJUnit4ClassRunner.java:219)
	at org.springframework.test.context.junit4.SpringJUnit4ClassRunner.runChild(SpringJUnit4ClassRunner.java:83)
	at org.junit.runners.ParentRunner$3.run(ParentRunner.java:290)
	at org.junit.runners.ParentRunner$1.schedule(ParentRunner.java:71)
	at org.junit.runners.ParentRunner.runChildren(ParentRunner.java:288)
	at org.junit.runners.ParentRunner.access$000(ParentRunner.java:58)
	at org.junit.runners.ParentRunner$2.evaluate(ParentRunner.java:268)
	at org.springframework.test.context.junit4.statements.RunBeforeTestClassCallbacks.evaluate(RunBeforeTestClassCallbacks.java:61)
	at org.springframework.test.context.junit4.statements.RunAfterTestClassCallbacks.evaluate(RunAfterTestClassCallbacks.java:68)
	at org.junit.runners.ParentRunner.run(ParentRunner.java:363)
	at org.springframework.test.context.junit4.SpringJUnit4ClassRunner.run(SpringJUnit4ClassRunner.java:163)
	at org.apache.maven.surefire.junit4.JUnit4Provider.execute(JUnit4Provider.java:283)
	at org.apache.maven.surefire.junit4.JUnit4Provider.executeWithRerun(JUnit4Provider.java:173)
	at org.apache.maven.surefire.junit4.JUnit4Provider.executeTestSet(JUnit4Provider.java:153)
	at org.apache.maven.surefire.junit4.JUnit4Provider.invoke(JUnit4Provider.java:128)
	at org.apache.maven.surefire.booter.ForkedBooter.invokeProviderInSameClassLoader(ForkedBooter.java:203)
	at org.apache.maven.surefire.booter.ForkedBooter.runSuitesInProcess(ForkedBooter.java:155)
	at org.apache.maven.surefire.booter.ForkedBooter.main(ForkedBooter.java:103)
Caused by: com.aerospike.client.AerospikeException$Connection: Error Code 11: Failed to connect to host(s): 
52.41.32.83:3000 Error Code 11: java.net.SocketTimeoutException: connect timed out

	at com.aerospike.client.cluster.Cluster.seedNodes(Cluster.java:386)
	at com.aerospike.client.cluster.Cluster.tend(Cluster.java:273)
	at com.aerospike.client.cluster.Cluster.waitTillStabilized(Cluster.java:238)
	at com.aerospike.client.cluster.Cluster.initTendThread(Cluster.java:148)
	at com.aerospike.client.AerospikeClient.<init>(AerospikeClient.java:209)
	at com.aerospike.client.AerospikeClient.<init>(AerospikeClient.java:173)
	at org.springframework.data.aerospike.repository.TestConfigPerson.aerospikeClient(TestConfigPerson.java:32)
	at org.springframework.data.aerospike.repository.TestConfigPerson$$EnhancerBySpringCGLIB$$3f27a8da.CGLIB$aerospikeClient$1(<generated>)
	at org.springframework.data.aerospike.repository.TestConfigPerson$$EnhancerBySpringCGLIB$$3f27a8da$$FastClassBySpringCGLIB$$38965c5e.invoke(<generated>)
	at org.springframework.cglib.proxy.MethodProxy.invokeSuper(MethodProxy.java:228)
	at org.springframework.context.annotation.ConfigurationClassEnhancer$BeanMethodInterceptor.intercept(ConfigurationClassEnhancer.java:309)
	at org.springframework.data.aerospike.repository.TestConfigPerson$$EnhancerBySpringCGLIB$$3f27a8da.aerospikeClient(<generated>)
	at sun.reflect.NativeMethodAccessorImpl.invoke0(Native Method)
	at sun.reflect.NativeMethodAccessorImpl.invoke(NativeMethodAccessorImpl.java:62)
	at sun.reflect.DelegatingMethodAccessorImpl.invoke(DelegatingMethodAccessorImpl.java:43)
	at java.lang.reflect.Method.invoke(Method.java:498)
	at org.springframework.beans.factory.support.SimpleInstantiationStrategy.instantiate(SimpleInstantiationStrategy.java:162)
	at org.springframework.beans.factory.support.ConstructorResolver.instantiateUsingFactoryMethod(ConstructorResolver.java:588)
	at org.springframework.beans.factory.support.AbstractAutowireCapableBeanFactory.instantiateUsingFactoryMethod(AbstractAutowireCapableBeanFactory.java:1119)
	at org.springframework.beans.factory.support.AbstractAutowireCapableBeanFactory.createBeanInstance(AbstractAutowireCapableBeanFactory.java:1014)
	at org.springframework.beans.factory.support.AbstractAutowireCapableBeanFactory.doCreateBean(AbstractAutowireCapableBeanFactory.java:504)
	at org.springframework.beans.factory.support.AbstractAutowireCapableBeanFactory.createBean(AbstractAutowireCapableBeanFactory.java:476)
	at org.springframework.beans.factory.support.AbstractBeanFactory$1.getObject(AbstractBeanFactory.java:303)
	at org.springframework.beans.factory.support.DefaultSingletonBeanRegistry.getSingleton(DefaultSingletonBeanRegistry.java:230)
	at org.springframework.beans.factory.support.AbstractBeanFactory.doGetBean(AbstractBeanFactory.java:299)
	at org.springframework.beans.factory.support.AbstractBeanFactory.getBean(AbstractBeanFactory.java:194)
	at org.springframework.context.annotation.ConfigurationClassEnhancer$BeanMethodInterceptor.intercept(ConfigurationClassEnhancer.java:322)
	at org.springframework.data.aerospike.repository.TestConfigPerson$$EnhancerBySpringCGLIB$$3f27a8da.aerospikeClient(<generated>)
	at org.springframework.data.aerospike.repository.TestConfigPerson.aerospikeTemplate(TestConfigPerson.java:38)
	at org.springframework.data.aerospike.repository.TestConfigPerson$$EnhancerBySpringCGLIB$$3f27a8da.CGLIB$aerospikeTemplate$0(<generated>)
	at org.springframework.data.aerospike.repository.TestConfigPerson$$EnhancerBySpringCGLIB$$3f27a8da$$FastClassBySpringCGLIB$$38965c5e.invoke(<generated>)
	at org.springframework.cglib.proxy.MethodProxy.invokeSuper(MethodProxy.java:228)
	at org.springframework.context.annotation.ConfigurationClassEnhancer$BeanMethodInterceptor.intercept(ConfigurationClassEnhancer.java:309)
	at org.springframework.data.aerospike.repository.TestConfigPerson$$EnhancerBySpringCGLIB$$3f27a8da.aerospikeTemplate(<generated>)
	at sun.reflect.NativeMethodAccessorImpl.invoke0(Native Method)
	at sun.reflect.NativeMethodAccessorImpl.invoke(NativeMethodAccessorImpl.java:62)
	at sun.reflect.DelegatingMethodAccessorImpl.invoke(DelegatingMethodAccessorImpl.java:43)
	at java.lang.reflect.Method.invoke(Method.java:498)
	at org.springframework.beans.factory.support.SimpleInstantiationStrategy.instantiate(SimpleInstantiationStrategy.java:162)
	at org.springframework.beans.factory.support.ConstructorResolver.instantiateUsingFactoryMethod(ConstructorResolver.java:588)
	at org.springframework.beans.factory.support.AbstractAutowireCapableBeanFactory.instantiateUsingFactoryMethod(AbstractAutowireCapableBeanFactory.java:1119)
	at org.springframework.beans.factory.support.AbstractAutowireCapableBeanFactory.createBeanInstance(AbstractAutowireCapableBeanFactory.java:1014)
	at org.springframework.beans.factory.support.AbstractAutowireCapableBeanFactory.doCreateBean(AbstractAutowireCapableBeanFactory.java:504)
	at org.springframework.beans.factory.support.AbstractAutowireCapableBeanFactory.createBean(AbstractAutowireCapableBeanFactory.java:476)
	at org.springframework.beans.factory.support.AbstractBeanFactory$1.getObject(AbstractBeanFactory.java:303)
	at org.springframework.beans.factory.support.DefaultSingletonBeanRegistry.getSingleton(DefaultSingletonBeanRegistry.java:230)
	at org.springframework.beans.factory.support.AbstractBeanFactory.doGetBean(AbstractBeanFactory.java:299)
	at org.springframework.beans.factory.support.AbstractBeanFactory.getBean(AbstractBeanFactory.java:194)
	at org.springframework.beans.factory.support.DefaultListableBeanFactory.preInstantiateSingletons(DefaultListableBeanFactory.java:755)
	at org.springframework.context.support.AbstractApplicationContext.finishBeanFactoryInitialization(AbstractApplicationContext.java:757)
	at org.springframework.context.support.AbstractApplicationContext.refresh(AbstractApplicationContext.java:480)
	at org.springframework.test.context.support.AbstractGenericContextLoader.loadContext(AbstractGenericContextLoader.java:125)
	at org.springframework.test.context.support.AbstractGenericContextLoader.loadContext(AbstractGenericContextLoader.java:60)
	at org.springframework.test.context.support.AbstractDelegatingSmartContextLoader.delegateLoading(AbstractDelegatingSmartContextLoader.java:109)
	at org.springframework.test.context.support.AbstractDelegatingSmartContextLoader.loadContext(AbstractDelegatingSmartContextLoader.java:261)
	at org.springframework.test.context.DefaultCacheAwareContextLoaderDelegate.loadContextInternal(DefaultCacheAwareContextLoaderDelegate.java:68)
	at org.springframework.test.context.DefaultCacheAwareContextLoaderDelegate.loadContext(DefaultCacheAwareContextLoaderDelegate.java:86)
	at org.springframework.test.context.DefaultTestContext.getApplicationContext(DefaultTestContext.java:72)
	at org.springframework.test.context.support.DependencyInjectionTestExecutionListener.injectDependencies(DependencyInjectionTestExecutionListener.java:117)
	at org.springframework.test.context.support.DependencyInjectionTestExecutionListener.prepareTestInstance(DependencyInjectionTestExecutionListener.java:83)
	at org.springframework.test.context.TestContextManager.prepareTestInstance(TestContextManager.java:212)
	at org.springframework.test.context.junit4.SpringJUnit4ClassRunner.createTest(SpringJUnit4ClassRunner.java:200)
	at org.springframework.test.context.junit4.SpringJUnit4ClassRunner$1.runReflectiveCall(SpringJUnit4ClassRunner.java:259)
	at org.junit.internal.runners.model.ReflectiveCallable.run(ReflectiveCallable.java:12)
	at org.springframework.test.context.junit4.SpringJUnit4ClassRunner.methodBlock(SpringJUnit4ClassRunner.java:261)
	at org.springframework.test.context.junit4.SpringJUnit4ClassRunner.runChild(SpringJUnit4ClassRunner.java:219)
	at org.springframework.test.context.junit4.SpringJUnit4ClassRunner.runChild(SpringJUnit4ClassRunner.java:83)
	at org.junit.runners.ParentRunner$3.run(ParentRunner.java:290)
	at org.junit.runners.ParentRunner$1.schedule(ParentRunner.java:71)
	at org.junit.runners.ParentRunner.runChildren(ParentRunner.java:288)
	at org.junit.runners.ParentRunner.access$000(ParentRunner.java:58)
	at org.junit.runners.ParentRunner$2.evaluate(ParentRunner.java:268)
	at org.springframework.test.context.junit4.statements.RunBeforeTestClassCallbacks.evaluate(RunBeforeTestClassCallbacks.java:61)
	at org.springframework.test.context.junit4.statements.RunAfterTestClassCallbacks.evaluate(RunAfterTestClassCallbacks.java:68)
	at org.junit.runners.ParentRunner.run(ParentRunner.java:363)
	at org.springframework.test.context.junit4.SpringJUnit4ClassRunner.run(SpringJUnit4ClassRunner.java:163)
	at org.apache.maven.surefire.junit4.JUnit4Provider.execute(JUnit4Provider.java:283)
	at org.apache.maven.surefire.junit4.JUnit4Provider.executeWithRerun(JUnit4Provider.java:173)
	at org.apache.maven.surefire.junit4.JUnit4Provider.executeTestSet(JUnit4Provider.java:153)
	at org.apache.maven.surefire.junit4.JUnit4Provider.invoke(JUnit4Provider.java:128)
	at org.apache.maven.surefire.booter.ForkedBooter.invokeProviderInSameClassLoader(ForkedBooter.java:203)
	at org.apache.maven.surefire.booter.ForkedBooter.runSuitesInProcess(ForkedBooter.java:155)
	at org.apache.maven.surefire.booter.ForkedBooter.main(ForkedBooter.java:103)
]]></error>
    <system-out><![CDATA[16:37:53.831 [main] DEBUG o.s.t.c.s.DirtiesContextTestExecutionListener - After test class: context [DefaultTestContext@70807224 testClass = PersonRepositoryIntegrationTests, testInstance = [null], testMethod = [null], testException = [null], mergedContextConfiguration = [MergedContextConfiguration@400d912a testClass = PersonRepositoryIntegrationTests, locations = '{}', classes = '{class org.springframework.data.aerospike.repository.TestConfigPerson}', contextInitializerClasses = '[]', activeProfiles = '{}', propertySourceLocations = '{}', propertySourceProperties = '{}', contextLoader = 'org.springframework.test.context.support.DelegatingSmartContextLoader', parent = [null]]], dirtiesContext [false].
16:37:53.831 [main] DEBUG o.s.t.c.j.SpringJUnit4ClassRunner - SpringJUnit4ClassRunner constructor called with [class org.springframework.data.aerospike.repository.PersonRepositoryIntegrationTests].
16:37:53.831 [main] DEBUG o.s.test.context.BootstrapUtils - Instantiating TestContextBootstrapper from class [org.springframework.test.context.support.DefaultTestContextBootstrapper]
16:37:53.832 [main] DEBUG o.s.t.c.s.AbstractDelegatingSmartContextLoader - Delegating to AnnotationConfigContextLoader to process context configuration [ContextConfigurationAttributes@11eed657 declaringClass = 'org.springframework.data.aerospike.repository.PersonRepositoryIntegrationTests', classes = '{class org.springframework.data.aerospike.repository.TestConfigPerson}', locations = '{}', inheritLocations = true, initializers = '{}', inheritInitializers = true, name = [null], contextLoaderClass = 'org.springframework.test.context.ContextLoader'].
16:37:53.832 [main] DEBUG o.s.t.c.support.ActiveProfilesUtils - Could not find an 'annotation declaring class' for annotation type [org.springframework.test.context.ActiveProfiles] and class [org.springframework.data.aerospike.repository.PersonRepositoryIntegrationTests]
16:37:53.832 [main] DEBUG o.s.t.c.s.DefaultTestContextBootstrapper - @TestExecutionListeners is not present for class [org.springframework.data.aerospike.repository.PersonRepositoryIntegrationTests]: using defaults.
16:37:53.833 [main] INFO  o.s.t.c.s.DefaultTestContextBootstrapper - Loaded default TestExecutionListener class names from location [META-INF/spring.factories]: [org.springframework.test.context.web.ServletTestExecutionListener, org.springframework.test.context.support.DependencyInjectionTestExecutionListener, org.springframework.test.context.support.DirtiesContextTestExecutionListener, org.springframework.test.context.transaction.TransactionalTestExecutionListener, org.springframework.test.context.jdbc.SqlScriptsTestExecutionListener]
16:37:53.833 [main] INFO  o.s.t.c.s.DefaultTestContextBootstrapper - Could not instantiate TestExecutionListener [org.springframework.test.context.web.ServletTestExecutionListener]. Specify custom listener classes or make the default listener classes (and their required dependencies) available. Offending class: [javax/servlet/ServletContext]
16:37:53.833 [main] INFO  o.s.t.c.s.DefaultTestContextBootstrapper - Using TestExecutionListeners: [org.springframework.test.context.support.DependencyInjectionTestExecutionListener@334ebcaa, org.springframework.test.context.support.DirtiesContextTestExecutionListener@5a0bef24, org.springframework.test.context.transaction.TransactionalTestExecutionListener@6468a7b6, org.springframework.test.context.jdbc.SqlScriptsTestExecutionListener@2f860823]
16:37:53.833 [main] DEBUG o.s.t.annotation.ProfileValueUtils - Retrieved @ProfileValueSourceConfiguration [null] for test class [org.springframework.data.aerospike.repository.PersonRepositoryIntegrationTests]
16:37:53.833 [main] DEBUG o.s.t.annotation.ProfileValueUtils - Retrieved ProfileValueSource type [class org.springframework.test.annotation.SystemProfileValueSource] for class [org.springframework.data.aerospike.repository.PersonRepositoryIntegrationTests]
16:37:53.833 [main] DEBUG o.s.t.annotation.ProfileValueUtils - Retrieved @ProfileValueSourceConfiguration [null] for test class [org.springframework.data.aerospike.repository.PersonRepositoryIntegrationTests]
16:37:53.833 [main] DEBUG o.s.t.annotation.ProfileValueUtils - Retrieved ProfileValueSource type [class org.springframework.test.annotation.SystemProfileValueSource] for class [org.springframework.data.aerospike.repository.PersonRepositoryIntegrationTests]
16:37:53.833 [main] DEBUG o.s.t.annotation.ProfileValueUtils - Retrieved @ProfileValueSourceConfiguration [null] for test class [org.springframework.data.aerospike.repository.PersonRepositoryIntegrationTests]
16:37:53.833 [main] DEBUG o.s.t.annotation.ProfileValueUtils - Retrieved ProfileValueSource type [class org.springframework.test.annotation.SystemProfileValueSource] for class [org.springframework.data.aerospike.repository.PersonRepositoryIntegrationTests]
16:37:53.834 [main] DEBUG o.s.t.c.s.DependencyInjectionTestExecutionListener - Performing dependency injection for test context [[DefaultTestContext@6c1cfa53 testClass = PersonRepositoryIntegrationTests, testInstance = org.springframework.data.aerospike.repository.PersonRepositoryIntegrationTests@4d68b571, testMethod = [null], testException = [null], mergedContextConfiguration = [MergedContextConfiguration@52b06bef testClass = PersonRepositoryIntegrationTests, locations = '{}', classes = '{class org.springframework.data.aerospike.repository.TestConfigPerson}', contextInitializerClasses = '[]', activeProfiles = '{}', propertySourceLocations = '{}', propertySourceProperties = '{}', contextLoader = 'org.springframework.test.context.support.DelegatingSmartContextLoader', parent = [null]]]].
16:37:53.834 [main] DEBUG o.s.t.c.s.AbstractDelegatingSmartContextLoader - Delegating to AnnotationConfigContextLoader to load context from [MergedContextConfiguration@52b06bef testClass = PersonRepositoryIntegrationTests, locations = '{}', classes = '{class org.springframework.data.aerospike.repository.TestConfigPerson}', contextInitializerClasses = '[]', activeProfiles = '{}', propertySourceLocations = '{}', propertySourceProperties = '{}', contextLoader = 'org.springframework.test.context.support.DelegatingSmartContextLoader', parent = [null]].
16:37:53.834 [main] DEBUG o.s.t.c.s.AbstractGenericContextLoader - Loading ApplicationContext for merged context configuration [[MergedContextConfiguration@52b06bef testClass = PersonRepositoryIntegrationTests, locations = '{}', classes = '{class org.springframework.data.aerospike.repository.TestConfigPerson}', contextInitializerClasses = '[]', activeProfiles = '{}', propertySourceLocations = '{}', propertySourceProperties = '{}', contextLoader = 'org.springframework.test.context.support.DelegatingSmartContextLoader', parent = [null]]].
16:37:53.834 [main] DEBUG o.s.core.env.StandardEnvironment - Adding [systemProperties] PropertySource with lowest search precedence
16:37:53.834 [main] DEBUG o.s.core.env.StandardEnvironment - Adding [systemEnvironment] PropertySource with lowest search precedence
16:37:53.834 [main] DEBUG o.s.core.env.StandardEnvironment - Initialized StandardEnvironment with PropertySources [systemProperties,systemEnvironment]
16:37:53.834 [main] DEBUG o.s.t.c.s.AnnotationConfigContextLoader - Registering annotated classes: {class org.springframework.data.aerospike.repository.TestConfigPerson}
16:37:53.834 [main] INFO  o.s.c.s.GenericApplicationContext - Refreshing org.springframework.context.support.GenericApplicationContext@61bcbcce: startup date [Tue Oct 04 16:37:53 BRT 2016]; root of context hierarchy
16:37:53.834 [main] DEBUG o.s.c.s.GenericApplicationContext - Bean factory for org.springframework.context.support.GenericApplicationContext@61bcbcce: org.springframework.beans.factory.support.DefaultListableBeanFactory@6af91cc8: defining beans [org.springframework.context.annotation.internalConfigurationAnnotationProcessor,org.springframework.context.annotation.internalAutowiredAnnotationProcessor,org.springframework.context.annotation.internalRequiredAnnotationProcessor,org.springframework.context.annotation.internalCommonAnnotationProcessor,testConfigPerson]; root of factory hierarchy
16:37:53.834 [main] DEBUG o.s.b.f.s.DefaultListableBeanFactory - Creating shared instance of singleton bean 'org.springframework.context.annotation.internalConfigurationAnnotationProcessor'
16:37:53.834 [main] DEBUG o.s.b.f.s.DefaultListableBeanFactory - Creating instance of bean 'org.springframework.context.annotation.internalConfigurationAnnotationProcessor'
16:37:53.834 [main] DEBUG o.s.b.f.s.DefaultListableBeanFactory - Eagerly caching bean 'org.springframework.context.annotation.internalConfigurationAnnotationProcessor' to allow for resolving potential circular references
16:37:53.834 [main] DEBUG o.s.b.f.s.DefaultListableBeanFactory - Finished creating instance of bean 'org.springframework.context.annotation.internalConfigurationAnnotationProcessor'
16:37:53.835 [main] DEBUG o.s.c.a.ConfigurationClassBeanDefinitionReader - Registering bean definition for @Bean method org.springframework.data.aerospike.repository.TestConfigPerson.aerospikeTemplate()
16:37:53.835 [main] DEBUG o.s.c.a.ConfigurationClassBeanDefinitionReader - Registering bean definition for @Bean method org.springframework.data.aerospike.repository.TestConfigPerson.aerospikeClient()
16:37:53.835 [main] DEBUG o.s.core.env.StandardEnvironment - Adding [systemProperties] PropertySource with lowest search precedence
16:37:53.835 [main] DEBUG o.s.core.env.StandardEnvironment - Adding [systemEnvironment] PropertySource with lowest search precedence
16:37:53.835 [main] DEBUG o.s.core.env.StandardEnvironment - Initialized StandardEnvironment with PropertySources [systemProperties,systemEnvironment]
16:37:53.835 [main] DEBUG o.s.c.i.s.PathMatchingResourcePatternResolver - Looking for matching resources in directory tree [/home/aluno/spring-projects/maven/spring-data-aerospike/target/test-classes/org/springframework/data]
16:37:53.835 [main] DEBUG o.s.c.i.s.PathMatchingResourcePatternResolver - Searching directory [/home/aluno/spring-projects/maven/spring-data-aerospike/target/test-classes/org/springframework/data] for files matching pattern [/home/aluno/spring-projects/maven/spring-data-aerospike/target/test-classes/org/springframework/data/**/repository/support/**/*.class]
16:37:53.835 [main] DEBUG o.s.c.i.s.PathMatchingResourcePatternResolver - Searching directory [/home/aluno/spring-projects/maven/spring-data-aerospike/target/test-classes/org/springframework/data/keyvalue] for files matching pattern [/home/aluno/spring-projects/maven/spring-data-aerospike/target/test-classes/org/springframework/data/**/repository/support/**/*.class]
16:37:53.835 [main] DEBUG o.s.c.i.s.PathMatchingResourcePatternResolver - Searching directory [/home/aluno/spring-projects/maven/spring-data-aerospike/target/test-classes/org/springframework/data/keyvalue/repository] for files matching pattern [/home/aluno/spring-projects/maven/spring-data-aerospike/target/test-classes/org/springframework/data/**/repository/support/**/*.class]
16:37:53.835 [main] DEBUG o.s.c.i.s.PathMatchingResourcePatternResolver - Searching directory [/home/aluno/spring-projects/maven/spring-data-aerospike/target/test-classes/org/springframework/data/keyvalue/repository/query] for files matching pattern [/home/aluno/spring-projects/maven/spring-data-aerospike/target/test-classes/org/springframework/data/**/repository/support/**/*.class]
16:37:53.836 [main] DEBUG o.s.c.i.s.PathMatchingResourcePatternResolver - Searching directory [/home/aluno/spring-projects/maven/spring-data-aerospike/target/test-classes/org/springframework/data/aerospike] for files matching pattern [/home/aluno/spring-projects/maven/spring-data-aerospike/target/test-classes/org/springframework/data/**/repository/support/**/*.class]
16:37:53.836 [main] DEBUG o.s.c.i.s.PathMatchingResourcePatternResolver - Searching directory [/home/aluno/spring-projects/maven/spring-data-aerospike/target/test-classes/org/springframework/data/aerospike/mapping] for files matching pattern [/home/aluno/spring-projects/maven/spring-data-aerospike/target/test-classes/org/springframework/data/**/repository/support/**/*.class]
16:37:53.836 [main] DEBUG o.s.c.i.s.PathMatchingResourcePatternResolver - Searching directory [/home/aluno/spring-projects/maven/spring-data-aerospike/target/test-classes/org/springframework/data/aerospike/core] for files matching pattern [/home/aluno/spring-projects/maven/spring-data-aerospike/target/test-classes/org/springframework/data/**/repository/support/**/*.class]
16:37:53.836 [main] DEBUG o.s.c.i.s.PathMatchingResourcePatternResolver - Searching directory [/home/aluno/spring-projects/maven/spring-data-aerospike/target/test-classes/org/springframework/data/aerospike/convert] for files matching pattern [/home/aluno/spring-projects/maven/spring-data-aerospike/target/test-classes/org/springframework/data/**/repository/support/**/*.class]
16:37:53.837 [main] DEBUG o.s.c.i.s.PathMatchingResourcePatternResolver - Searching directory [/home/aluno/spring-projects/maven/spring-data-aerospike/target/test-classes/org/springframework/data/aerospike/sample] for files matching pattern [/home/aluno/spring-projects/maven/spring-data-aerospike/target/test-classes/org/springframework/data/**/repository/support/**/*.class]
16:37:53.837 [main] DEBUG o.s.c.i.s.PathMatchingResourcePatternResolver - Searching directory [/home/aluno/spring-projects/maven/spring-data-aerospike/target/test-classes/org/springframework/data/aerospike/repository] for files matching pattern [/home/aluno/spring-projects/maven/spring-data-aerospike/target/test-classes/org/springframework/data/**/repository/support/**/*.class]
16:37:53.837 [main] DEBUG o.s.c.i.s.PathMatchingResourcePatternResolver - Searching directory [/home/aluno/spring-projects/maven/spring-data-aerospike/target/test-classes/org/springframework/data/aerospike/repository/support] for files matching pattern [/home/aluno/spring-projects/maven/spring-data-aerospike/target/test-classes/org/springframework/data/**/repository/support/**/*.class]
16:37:53.837 [main] DEBUG o.s.c.i.s.PathMatchingResourcePatternResolver - Searching directory [/home/aluno/spring-projects/maven/spring-data-aerospike/target/test-classes/org/springframework/data/aerospike/repository/query] for files matching pattern [/home/aluno/spring-projects/maven/spring-data-aerospike/target/test-classes/org/springframework/data/**/repository/support/**/*.class]
16:37:53.837 [main] DEBUG o.s.c.i.s.PathMatchingResourcePatternResolver - Searching directory [/home/aluno/spring-projects/maven/spring-data-aerospike/target/test-classes/org/springframework/data/aerospike/config] for files matching pattern [/home/aluno/spring-projects/maven/spring-data-aerospike/target/test-classes/org/springframework/data/**/repository/support/**/*.class]
16:37:53.837 [main] DEBUG o.s.c.i.s.PathMatchingResourcePatternResolver - Searching directory [/home/aluno/spring-projects/maven/spring-data-aerospike/target/test-classes/org/springframework/data/aerospike/cache] for files matching pattern [/home/aluno/spring-projects/maven/spring-data-aerospike/target/test-classes/org/springframework/data/**/repository/support/**/*.class]
16:37:53.837 [main] DEBUG o.s.c.i.s.PathMatchingResourcePatternResolver - Looking for matching resources in directory tree [/home/aluno/spring-projects/maven/spring-data-aerospike/target/classes/org/springframework/data]
16:37:53.837 [main] DEBUG o.s.c.i.s.PathMatchingResourcePatternResolver - Searching directory [/home/aluno/spring-projects/maven/spring-data-aerospike/target/classes/org/springframework/data] for files matching pattern [/home/aluno/spring-projects/maven/spring-data-aerospike/target/classes/org/springframework/data/**/repository/support/**/*.class]
16:37:53.837 [main] DEBUG o.s.c.i.s.PathMatchingResourcePatternResolver - Searching directory [/home/aluno/spring-projects/maven/spring-data-aerospike/target/classes/org/springframework/data/aerospike] for files matching pattern [/home/aluno/spring-projects/maven/spring-data-aerospike/target/classes/org/springframework/data/**/repository/support/**/*.class]
16:37:53.837 [main] DEBUG o.s.c.i.s.PathMatchingResourcePatternResolver - Searching directory [/home/aluno/spring-projects/maven/spring-data-aerospike/target/classes/org/springframework/data/aerospike/mapping] for files matching pattern [/home/aluno/spring-projects/maven/spring-data-aerospike/target/classes/org/springframework/data/**/repository/support/**/*.class]
16:37:53.837 [main] DEBUG o.s.c.i.s.PathMatchingResourcePatternResolver - Searching directory [/home/aluno/spring-projects/maven/spring-data-aerospike/target/classes/org/springframework/data/aerospike/core] for files matching pattern [/home/aluno/spring-projects/maven/spring-data-aerospike/target/classes/org/springframework/data/**/repository/support/**/*.class]
16:37:53.838 [main] DEBUG o.s.c.i.s.PathMatchingResourcePatternResolver - Searching directory [/home/aluno/spring-projects/maven/spring-data-aerospike/target/classes/org/springframework/data/aerospike/convert] for files matching pattern [/home/aluno/spring-projects/maven/spring-data-aerospike/target/classes/org/springframework/data/**/repository/support/**/*.class]
16:37:53.838 [main] DEBUG o.s.c.i.s.PathMatchingResourcePatternResolver - Searching directory [/home/aluno/spring-projects/maven/spring-data-aerospike/target/classes/org/springframework/data/aerospike/example] for files matching pattern [/home/aluno/spring-projects/maven/spring-data-aerospike/target/classes/org/springframework/data/**/repository/support/**/*.class]
16:37:53.838 [main] DEBUG o.s.c.i.s.PathMatchingResourcePatternResolver - Searching directory [/home/aluno/spring-projects/maven/spring-data-aerospike/target/classes/org/springframework/data/aerospike/example/data] for files matching pattern [/home/aluno/spring-projects/maven/spring-data-aerospike/target/classes/org/springframework/data/**/repository/support/**/*.class]
16:37:53.838 [main] DEBUG o.s.c.i.s.PathMatchingResourcePatternResolver - Searching directory [/home/aluno/spring-projects/maven/spring-data-aerospike/target/classes/org/springframework/data/aerospike/example/config] for files matching pattern [/home/aluno/spring-projects/maven/spring-data-aerospike/target/classes/org/springframework/data/**/repository/support/**/*.class]
16:37:53.838 [main] DEBUG o.s.c.i.s.PathMatchingResourcePatternResolver - Searching directory [/home/aluno/spring-projects/maven/spring-data-aerospike/target/classes/org/springframework/data/aerospike/annotation] for files matching pattern [/home/aluno/spring-projects/maven/spring-data-aerospike/target/classes/org/springframework/data/**/repository/support/**/*.class]
16:37:53.838 [main] DEBUG o.s.c.i.s.PathMatchingResourcePatternResolver - Searching directory [/home/aluno/spring-projects/maven/spring-data-aerospike/target/classes/org/springframework/data/aerospike/repository] for files matching pattern [/home/aluno/spring-projects/maven/spring-data-aerospike/target/classes/org/springframework/data/**/repository/support/**/*.class]
16:37:53.838 [main] DEBUG o.s.c.i.s.PathMatchingResourcePatternResolver - Searching directory [/home/aluno/spring-projects/maven/spring-data-aerospike/target/classes/org/springframework/data/aerospike/repository/support] for files matching pattern [/home/aluno/spring-projects/maven/spring-data-aerospike/target/classes/org/springframework/data/**/repository/support/**/*.class]
16:37:53.838 [main] DEBUG o.s.c.i.s.PathMatchingResourcePatternResolver - Searching directory [/home/aluno/spring-projects/maven/spring-data-aerospike/target/classes/org/springframework/data/aerospike/repository/config] for files matching pattern [/home/aluno/spring-projects/maven/spring-data-aerospike/target/classes/org/springframework/data/**/repository/support/**/*.class]
16:37:53.838 [main] DEBUG o.s.c.i.s.PathMatchingResourcePatternResolver - Searching directory [/home/aluno/spring-projects/maven/spring-data-aerospike/target/classes/org/springframework/data/aerospike/repository/query] for files matching pattern [/home/aluno/spring-projects/maven/spring-data-aerospike/target/classes/org/springframework/data/**/repository/support/**/*.class]
16:37:53.838 [main] DEBUG o.s.c.i.s.PathMatchingResourcePatternResolver - Searching directory [/home/aluno/spring-projects/maven/spring-data-aerospike/target/classes/org/springframework/data/aerospike/config] for files matching pattern [/home/aluno/spring-projects/maven/spring-data-aerospike/target/classes/org/springframework/data/**/repository/support/**/*.class]
16:37:53.838 [main] DEBUG o.s.c.i.s.PathMatchingResourcePatternResolver - Searching directory [/home/aluno/spring-projects/maven/spring-data-aerospike/target/classes/org/springframework/data/aerospike/cache] for files matching pattern [/home/aluno/spring-projects/maven/spring-data-aerospike/target/classes/org/springframework/data/**/repository/support/**/*.class]
16:37:53.838 [main] DEBUG o.s.c.i.s.PathMatchingResourcePatternResolver - Searching directory [/home/aluno/spring-projects/maven/spring-data-aerospike/target/classes/org/springframework/data/aerospike/utility] for files matching pattern [/home/aluno/spring-projects/maven/spring-data-aerospike/target/classes/org/springframework/data/**/repository/support/**/*.class]
16:37:53.839 [main] DEBUG o.s.c.i.s.PathMatchingResourcePatternResolver - Looking for matching resources in jar file [file:/home/aluno/.m2/repository/org/springframework/data/spring-data-commons/1.11.0.RELEASE/spring-data-commons-1.11.0.RELEASE.jar]
16:37:53.840 [main] DEBUG o.s.c.i.s.PathMatchingResourcePatternResolver - Looking for matching resources in jar file [file:/home/aluno/.m2/repository/org/springframework/data/spring-data-keyvalue/1.0.0.M1/spring-data-keyvalue-1.0.0.M1.jar]
16:37:53.840 [main] DEBUG o.s.c.i.s.PathMatchingResourcePatternResolver - Resolved location pattern [classpath*:org/springframework/data/**/repository/support/**/*.class] to resources [file [/home/aluno/spring-projects/maven/spring-data-aerospike/target/test-classes/org/springframework/data/aerospike/repository/support/SimpleAerospikeRepositoryTest$5.class], file [/home/aluno/spring-projects/maven/spring-data-aerospike/target/test-classes/org/springframework/data/aerospike/repository/support/SimpleAerospikeRepositoryTest$9.class], file [/home/aluno/spring-projects/maven/spring-data-aerospike/target/test-classes/org/springframework/data/aerospike/repository/support/SimpleAerospikeRepositoryTest$4.class], file [/home/aluno/spring-projects/maven/spring-data-aerospike/target/test-classes/org/springframework/data/aerospike/repository/support/AerospikeRepositoryFactoryTest.class], file [/home/aluno/spring-projects/maven/spring-data-aerospike/target/test-classes/org/springframework/data/aerospike/repository/support/SimpleAerospikeRepositoryTest.class], file [/home/aluno/spring-projects/maven/spring-data-aerospike/target/test-classes/org/springframework/data/aerospike/repository/support/SimpleAerospikeRepositoryTest$1.class], file [/home/aluno/spring-projects/maven/spring-data-aerospike/target/test-classes/org/springframework/data/aerospike/repository/support/SimpleAerospikeRepositoryTest$3.class], file [/home/aluno/spring-projects/maven/spring-data-aerospike/target/test-classes/org/springframework/data/aerospike/repository/support/SimpleAerospikeRepositoryTest$8.class], file [/home/aluno/spring-projects/maven/spring-data-aerospike/target/test-classes/org/springframework/data/aerospike/repository/support/SimpleAerospikeRepositoryTest$6.class], file [/home/aluno/spring-projects/maven/spring-data-aerospike/target/test-classes/org/springframework/data/aerospike/repository/support/SimpleAerospikeRepositoryTest$2.class], file [/home/aluno/spring-projects/maven/spring-data-aerospike/target/test-classes/org/springframework/data/aerospike/repository/support/AllTests.class], file [/home/aluno/spring-projects/maven/spring-data-aerospike/target/test-classes/org/springframework/data/aerospike/repository/support/SimpleAerospikeRepositoryTest$7.class], file [/home/aluno/spring-projects/maven/spring-data-aerospike/target/classes/org/springframework/data/aerospike/repository/support/AerospikeRepositoryFactoryBean.class], file [/home/aluno/spring-projects/maven/spring-data-aerospike/target/classes/org/springframework/data/aerospike/repository/support/AerospikeRepositoryFactory$AerospikeQueryLookupStrategy.class], file [/home/aluno/spring-projects/maven/spring-data-aerospike/target/classes/org/springframework/data/aerospike/repository/support/AerospikeRepositoryFactory.class], file [/home/aluno/spring-projects/maven/spring-data-aerospike/target/classes/org/springframework/data/aerospike/repository/support/SimpleAerospikeRepository.class], URL [jar:file:/home/aluno/.m2/repository/org/springframework/data/spring-data-commons/1.11.0.RELEASE/spring-data-commons-1.11.0.RELEASE.jar!/org/springframework/data/repository/support/DomainClassConverter$ConversionMatchAbbreviationException.class], URL [jar:file:/home/aluno/.m2/repository/org/springframework/data/spring-data-commons/1.11.0.RELEASE/spring-data-commons-1.11.0.RELEASE.jar!/org/springframework/data/repository/support/DomainClassConverter$ToIdConverter.class], URL [jar:file:/home/aluno/.m2/repository/org/springframework/data/spring-data-commons/1.11.0.RELEASE/spring-data-commons-1.11.0.RELEASE.jar!/org/springframework/data/repository/support/Repositories$EmptyRepositoryFactoryInformation.class], URL [jar:file:/home/aluno/.m2/repository/org/springframework/data/spring-data-commons/1.11.0.RELEASE/spring-data-commons-1.11.0.RELEASE.jar!/org/springframework/data/repository/support/PagingAndSortingRepositoryInvoker.class], URL [jar:file:/home/aluno/.m2/repository/org/springframework/data/spring-data-commons/1.11.0.RELEASE/spring-data-commons-1.11.0.RELEASE.jar!/org/springframework/data/repository/support/QueryMethodParameterConversionException.class], URL [jar:file:/home/aluno/.m2/repository/org/springframework/data/spring-data-commons/1.11.0.RELEASE/spring-data-commons-1.11.0.RELEASE.jar!/org/springframework/data/repository/support/MethodParameters.class], URL [jar:file:/home/aluno/.m2/repository/org/springframework/data/spring-data-commons/1.11.0.RELEASE/spring-data-commons-1.11.0.RELEASE.jar!/org/springframework/data/repository/support/RepositoryInvoker.class], URL [jar:file:/home/aluno/.m2/repository/org/springframework/data/spring-data-commons/1.11.0.RELEASE/spring-data-commons-1.11.0.RELEASE.jar!/org/springframework/data/repository/support/RepositoryInvokerFactory.class], URL [jar:file:/home/aluno/.m2/repository/org/springframework/data/spring-data-commons/1.11.0.RELEASE/spring-data-commons-1.11.0.RELEASE.jar!/org/springframework/data/repository/support/DomainClassPropertyEditorRegistrar.class], URL [jar:file:/home/aluno/.m2/repository/org/springframework/data/spring-data-commons/1.11.0.RELEASE/spring-data-commons-1.11.0.RELEASE.jar!/org/springframework/data/repository/support/AnnotationAttribute.class], URL [jar:file:/home/aluno/.m2/repository/org/springframework/data/spring-data-commons/1.11.0.RELEASE/spring-data-commons-1.11.0.RELEASE.jar!/org/springframework/data/repository/support/DefaultRepositoryInvokerFactory.class], URL [jar:file:/home/aluno/.m2/repository/org/springframework/data/spring-data-commons/1.11.0.RELEASE/spring-data-commons-1.11.0.RELEASE.jar!/org/springframework/data/repository/support/MethodParameters$AnnotationNamingMethodParameter.class], URL [jar:file:/home/aluno/.m2/repository/org/springframework/data/spring-data-commons/1.11.0.RELEASE/spring-data-commons-1.11.0.RELEASE.jar!/org/springframework/data/repository/support/CrudRepositoryInvoker.class], URL [jar:file:/home/aluno/.m2/repository/org/springframework/data/spring-data-commons/1.11.0.RELEASE/spring-data-commons-1.11.0.RELEASE.jar!/org/springframework/data/repository/support/Repositories.class], URL [jar:file:/home/aluno/.m2/repository/org/springframework/data/spring-data-commons/1.11.0.RELEASE/spring-data-commons-1.11.0.RELEASE.jar!/org/springframework/data/repository/support/DomainClassConverter$ToEntityConverter.class], URL [jar:file:/home/aluno/.m2/repository/org/springframework/data/spring-data-commons/1.11.0.RELEASE/spring-data-commons-1.11.0.RELEASE.jar!/org/springframework/data/repository/support/ReflectionRepositoryInvoker.class], URL [jar:file:/home/aluno/.m2/repository/org/springframework/data/spring-data-commons/1.11.0.RELEASE/spring-data-commons-1.11.0.RELEASE.jar!/org/springframework/data/repository/support/DomainClassPropertyEditor.class], URL [jar:file:/home/aluno/.m2/repository/org/springframework/data/spring-data-commons/1.11.0.RELEASE/spring-data-commons-1.11.0.RELEASE.jar!/org/springframework/data/repository/support/DomainClassConverter.class], URL [jar:file:/home/aluno/.m2/repository/org/springframework/data/spring-data-commons/1.11.0.RELEASE/spring-data-commons-1.11.0.RELEASE.jar!/org/springframework/data/repository/support/DomainClassConverter$1.class], URL [jar:file:/home/aluno/.m2/repository/org/springframework/data/spring-data-commons/1.11.0.RELEASE/spring-data-commons-1.11.0.RELEASE.jar!/org/springframework/data/repository/support/RepositoryInvocationInformation.class], URL [jar:file:/home/aluno/.m2/repository/org/springframework/data/spring-data-keyvalue/1.0.0.M1/spring-data-keyvalue-1.0.0.M1.jar!/org/springframework/data/keyvalue/repository/support/KeyValueRepositoryFactory$KeyValueQueryLookupStrategy.class], URL [jar:file:/home/aluno/.m2/repository/org/springframework/data/spring-data-keyvalue/1.0.0.M1/spring-data-keyvalue-1.0.0.M1.jar!/org/springframework/data/keyvalue/repository/support/QuerydslKeyValueRepository.class], URL [jar:file:/home/aluno/.m2/repository/org/springframework/data/spring-data-keyvalue/1.0.0.M1/spring-data-keyvalue-1.0.0.M1.jar!/org/springframework/data/keyvalue/repository/support/KeyValueRepositoryFactoryBean.class], URL [jar:file:/home/aluno/.m2/repository/org/springframework/data/spring-data-keyvalue/1.0.0.M1/spring-data-keyvalue-1.0.0.M1.jar!/org/springframework/data/keyvalue/repository/support/KeyValueQuerydslUtils$1.class], URL [jar:file:/home/aluno/.m2/repository/org/springframework/data/spring-data-keyvalue/1.0.0.M1/spring-data-keyvalue-1.0.0.M1.jar!/org/springframework/data/keyvalue/repository/support/KeyValueQuerydslUtils.class], URL [jar:file:/home/aluno/.m2/repository/org/springframework/data/spring-data-keyvalue/1.0.0.M1/spring-data-keyvalue-1.0.0.M1.jar!/org/springframework/data/keyvalue/repository/support/KeyValueRepositoryFactory.class], URL [jar:file:/home/aluno/.m2/repository/org/springframework/data/spring-data-keyvalue/1.0.0.M1/spring-data-keyvalue-1.0.0.M1.jar!/org/springframework/data/keyvalue/repository/support/SimpleKeyValueRepository.class]]
16:37:53.842 [main] DEBUG o.s.c.a.ClassPathScanningCandidateComponentProvider - Identified candidate component class: file [/home/aluno/spring-projects/maven/spring-data-aerospike/target/classes/org/springframework/data/aerospike/repository/support/AerospikeRepositoryFactory.class]
16:37:53.846 [main] DEBUG o.s.c.a.ClassPathScanningCandidateComponentProvider - Identified candidate component class: URL [jar:file:/home/aluno/.m2/repository/org/springframework/data/spring-data-keyvalue/1.0.0.M1/spring-data-keyvalue-1.0.0.M1.jar!/org/springframework/data/keyvalue/repository/support/KeyValueRepositoryFactory.class]
16:37:53.846 [main] DEBUG o.s.d.r.c.RepositoryConfigurationDelegate - Multiple Spring Data modules found, entering strict repository configuration mode!
16:37:53.846 [main] DEBUG o.s.core.env.StandardEnvironment - Adding [systemProperties] PropertySource with lowest search precedence
16:37:53.846 [main] DEBUG o.s.core.env.StandardEnvironment - Adding [systemEnvironment] PropertySource with lowest search precedence
16:37:53.846 [main] DEBUG o.s.core.env.StandardEnvironment - Initialized StandardEnvironment with PropertySources [systemProperties,systemEnvironment]
16:37:53.847 [main] DEBUG o.s.c.i.s.PathMatchingResourcePatternResolver - Looking for matching resources in directory tree [/home/aluno/spring-projects/maven/spring-data-aerospike/target/test-classes/org/springframework/data/aerospike/repository]
16:37:53.847 [main] DEBUG o.s.c.i.s.PathMatchingResourcePatternResolver - Searching directory [/home/aluno/spring-projects/maven/spring-data-aerospike/target/test-classes/org/springframework/data/aerospike/repository] for files matching pattern [/home/aluno/spring-projects/maven/spring-data-aerospike/target/test-classes/org/springframework/data/aerospike/repository/**/*.class]
16:37:53.847 [main] DEBUG o.s.c.i.s.PathMatchingResourcePatternResolver - Searching directory [/home/aluno/spring-projects/maven/spring-data-aerospike/target/test-classes/org/springframework/data/aerospike/repository/support] for files matching pattern [/home/aluno/spring-projects/maven/spring-data-aerospike/target/test-classes/org/springframework/data/aerospike/repository/**/*.class]
16:37:53.847 [main] DEBUG o.s.c.i.s.PathMatchingResourcePatternResolver - Searching directory [/home/aluno/spring-projects/maven/spring-data-aerospike/target/test-classes/org/springframework/data/aerospike/repository/query] for files matching pattern [/home/aluno/spring-projects/maven/spring-data-aerospike/target/test-classes/org/springframework/data/aerospike/repository/**/*.class]
16:37:53.847 [main] DEBUG o.s.c.i.s.PathMatchingResourcePatternResolver - Looking for matching resources in directory tree [/home/aluno/spring-projects/maven/spring-data-aerospike/target/classes/org/springframework/data/aerospike/repository]
16:37:53.847 [main] DEBUG o.s.c.i.s.PathMatchingResourcePatternResolver - Searching directory [/home/aluno/spring-projects/maven/spring-data-aerospike/target/classes/org/springframework/data/aerospike/repository] for files matching pattern [/home/aluno/spring-projects/maven/spring-data-aerospike/target/classes/org/springframework/data/aerospike/repository/**/*.class]
16:37:53.847 [main] DEBUG o.s.c.i.s.PathMatchingResourcePatternResolver - Searching directory [/home/aluno/spring-projects/maven/spring-data-aerospike/target/classes/org/springframework/data/aerospike/repository/support] for files matching pattern [/home/aluno/spring-projects/maven/spring-data-aerospike/target/classes/org/springframework/data/aerospike/repository/**/*.class]
16:37:53.847 [main] DEBUG o.s.c.i.s.PathMatchingResourcePatternResolver - Searching directory [/home/aluno/spring-projects/maven/spring-data-aerospike/target/classes/org/springframework/data/aerospike/repository/config] for files matching pattern [/home/aluno/spring-projects/maven/spring-data-aerospike/target/classes/org/springframework/data/aerospike/repository/**/*.class]
16:37:53.847 [main] DEBUG o.s.c.i.s.PathMatchingResourcePatternResolver - Searching directory [/home/aluno/spring-projects/maven/spring-data-aerospike/target/classes/org/springframework/data/aerospike/repository/query] for files matching pattern [/home/aluno/spring-projects/maven/spring-data-aerospike/target/classes/org/springframework/data/aerospike/repository/**/*.class]
16:37:53.847 [main] DEBUG o.s.c.i.s.PathMatchingResourcePatternResolver - Resolved location pattern [classpath*:org/springframework/data/aerospike/repository/**/*.class] to resources [file [/home/aluno/spring-projects/maven/spring-data-aerospike/target/test-classes/org/springframework/data/aerospike/repository/Credentials.class], file [/home/aluno/spring-projects/maven/spring-data-aerospike/target/test-classes/org/springframework/data/aerospike/repository/AbstractPersonRepositoryIntegrationTests$1.class], file [/home/aluno/spring-projects/maven/spring-data-aerospike/target/test-classes/org/springframework/data/aerospike/repository/PersonRepository.class], file [/home/aluno/spring-projects/maven/spring-data-aerospike/target/test-classes/org/springframework/data/aerospike/repository/TestConfigPerson.class], file [/home/aluno/spring-projects/maven/spring-data-aerospike/target/test-classes/org/springframework/data/aerospike/repository/Address.class], file [/home/aluno/spring-projects/maven/spring-data-aerospike/target/test-classes/org/springframework/data/aerospike/repository/Person$Sex.class], file [/home/aluno/spring-projects/maven/spring-data-aerospike/target/test-classes/org/springframework/data/aerospike/repository/Person.class], file [/home/aluno/spring-projects/maven/spring-data-aerospike/target/test-classes/org/springframework/data/aerospike/repository/ContactRepository.class], file [/home/aluno/spring-projects/maven/spring-data-aerospike/target/test-classes/org/springframework/data/aerospike/repository/AbstractPersonRepositoryIntegrationTests.class], file [/home/aluno/spring-projects/maven/spring-data-aerospike/target/test-classes/org/springframework/data/aerospike/repository/User.class], file [/home/aluno/spring-projects/maven/spring-data-aerospike/target/test-classes/org/springframework/data/aerospike/repository/CustomerRepositoriesIntegrationTests$Config.class], file [/home/aluno/spring-projects/maven/spring-data-aerospike/target/test-classes/org/springframework/data/aerospike/repository/AnnotatedPerson.class], file [/home/aluno/spring-projects/maven/spring-data-aerospike/target/test-classes/org/springframework/data/aerospike/repository/support/SimpleAerospikeRepositoryTest$5.class], file [/home/aluno/spring-projects/maven/spring-data-aerospike/target/test-classes/org/springframework/data/aerospike/repository/support/SimpleAerospikeRepositoryTest$9.class], file [/home/aluno/spring-projects/maven/spring-data-aerospike/target/test-classes/org/springframework/data/aerospike/repository/support/SimpleAerospikeRepositoryTest$4.class], file [/home/aluno/spring-projects/maven/spring-data-aerospike/target/test-classes/org/springframework/data/aerospike/repository/support/AerospikeRepositoryFactoryTest.class], file [/home/aluno/spring-projects/maven/spring-data-aerospike/target/test-classes/org/springframework/data/aerospike/repository/support/SimpleAerospikeRepositoryTest.class], file [/home/aluno/spring-projects/maven/spring-data-aerospike/target/test-classes/org/springframework/data/aerospike/repository/support/SimpleAerospikeRepositoryTest$1.class], file [/home/aluno/spring-projects/maven/spring-data-aerospike/target/test-classes/org/springframework/data/aerospike/repository/support/SimpleAerospikeRepositoryTest$3.class], file [/home/aluno/spring-projects/maven/spring-data-aerospike/target/test-classes/org/springframework/data/aerospike/repository/support/SimpleAerospikeRepositoryTest$8.class], file [/home/aluno/spring-projects/maven/spring-data-aerospike/target/test-classes/org/springframework/data/aerospike/repository/support/SimpleAerospikeRepositoryTest$6.class], file [/home/aluno/spring-projects/maven/spring-data-aerospike/target/test-classes/org/springframework/data/aerospike/repository/support/SimpleAerospikeRepositoryTest$2.class], file [/home/aluno/spring-projects/maven/spring-data-aerospike/target/test-classes/org/springframework/data/aerospike/repository/support/AllTests.class], file [/home/aluno/spring-projects/maven/spring-data-aerospike/target/test-classes/org/springframework/data/aerospike/repository/support/SimpleAerospikeRepositoryTest$7.class], file [/home/aluno/spring-projects/maven/spring-data-aerospike/target/test-classes/org/springframework/data/aerospike/repository/Contact.class], file [/home/aluno/spring-projects/maven/spring-data-aerospike/target/test-classes/org/springframework/data/aerospike/repository/AllTests.class], file [/home/aluno/spring-projects/maven/spring-data-aerospike/target/test-classes/org/springframework/data/aerospike/repository/PersonRepositoryIntegrationTests.class], file [/home/aluno/spring-projects/maven/spring-data-aerospike/target/test-classes/org/springframework/data/aerospike/repository/query/StubParameterAccessor.class], file [/home/aluno/spring-projects/maven/spring-data-aerospike/target/test-classes/org/springframework/data/aerospike/repository/query/AllTests.class], file [/home/aluno/spring-projects/maven/spring-data-aerospike/target/test-classes/org/springframework/data/aerospike/repository/query/AerospikePartTreeQueryTest.class], file [/home/aluno/spring-projects/maven/spring-data-aerospike/target/test-classes/org/springframework/data/aerospike/repository/CustomerRepositoriesIntegrationTests.class], file [/home/aluno/spring-projects/maven/spring-data-aerospike/target/classes/org/springframework/data/aerospike/repository/AerospikeRepository.class], file [/home/aluno/spring-projects/maven/spring-data-aerospike/target/classes/org/springframework/data/aerospike/repository/support/AerospikeRepositoryFactoryBean.class], file [/home/aluno/spring-projects/maven/spring-data-aerospike/target/classes/org/springframework/data/aerospike/repository/support/AerospikeRepositoryFactory$AerospikeQueryLookupStrategy.class], file [/home/aluno/spring-projects/maven/spring-data-aerospike/target/classes/org/springframework/data/aerospike/repository/support/AerospikeRepositoryFactory.class], file [/home/aluno/spring-projects/maven/spring-data-aerospike/target/classes/org/springframework/data/aerospike/repository/support/SimpleAerospikeRepository.class], file [/home/aluno/spring-projects/maven/spring-data-aerospike/target/classes/org/springframework/data/aerospike/repository/config/AerospikeRepositoriesRegistrar.class], file [/home/aluno/spring-projects/maven/spring-data-aerospike/target/classes/org/springframework/data/aerospike/repository/config/EnableAerospikeRepositories.class], file [/home/aluno/spring-projects/maven/spring-data-aerospike/target/classes/org/springframework/data/aerospike/repository/config/AerospikeRepositoriesRegistrar$1.class], file [/home/aluno/spring-projects/maven/spring-data-aerospike/target/classes/org/springframework/data/aerospike/repository/config/AerospikeRepositoriesRegistrar$AerospikeRepositoryConfigurationExtension.class], file [/home/aluno/spring-projects/maven/spring-data-aerospike/target/classes/org/springframework/data/aerospike/repository/query/AerospikeParameterAccessor.class], file [/home/aluno/spring-projects/maven/spring-data-aerospike/target/classes/org/springframework/data/aerospike/repository/query/Query.class], file [/home/aluno/spring-projects/maven/spring-data-aerospike/target/classes/org/springframework/data/aerospike/repository/query/ConvertingParameterAccessor.class], file [/home/aluno/spring-projects/maven/spring-data-aerospike/target/classes/org/springframework/data/aerospike/repository/query/AerospikeQueryCreator$1.class], file [/home/aluno/spring-projects/maven/spring-data-aerospike/target/classes/org/springframework/data/aerospike/repository/query/CriteriaDefinition.class], file [/home/aluno/spring-projects/maven/spring-data-aerospike/target/classes/org/springframework/data/aerospike/repository/query/TextCriteria.class], file [/home/aluno/spring-projects/maven/spring-data-aerospike/target/classes/org/springframework/data/aerospike/repository/query/Criteria.class], file [/home/aluno/spring-projects/maven/spring-data-aerospike/target/classes/org/springframework/data/aerospike/repository/query/AerospikePartTreeQuery.class], file [/home/aluno/spring-projects/maven/spring-data-aerospike/target/classes/org/springframework/data/aerospike/repository/query/AerospikeQueryCreator.class]]
16:37:53.848 [main] DEBUG o.s.d.r.c.RepositoryComponentProvider - Identified candidate component class: file [/home/aluno/spring-projects/maven/spring-data-aerospike/target/test-classes/org/springframework/data/aerospike/repository/PersonRepository.class]
16:37:53.848 [main] DEBUG o.s.d.r.c.RepositoryComponentProvider - Identified candidate component class: file [/home/aluno/spring-projects/maven/spring-data-aerospike/target/test-classes/org/springframework/data/aerospike/repository/ContactRepository.class]
16:37:53.858 [main] DEBUG o.s.core.env.StandardEnvironment - Adding [systemProperties] PropertySource with lowest search precedence
16:37:53.858 [main] DEBUG o.s.core.env.StandardEnvironment - Adding [systemEnvironment] PropertySource with lowest search precedence
16:37:53.858 [main] DEBUG o.s.core.env.StandardEnvironment - Initialized StandardEnvironment with PropertySources [systemProperties,systemEnvironment]
16:37:53.858 [main] DEBUG o.s.c.i.s.PathMatchingResourcePatternResolver - Looking for matching resources in directory tree [/home/aluno/spring-projects/maven/spring-data-aerospike/target/test-classes/org/springframework/data/aerospike/repository]
16:37:53.858 [main] DEBUG o.s.c.i.s.PathMatchingResourcePatternResolver - Searching directory [/home/aluno/spring-projects/maven/spring-data-aerospike/target/test-classes/org/springframework/data/aerospike/repository] for files matching pattern [/home/aluno/spring-projects/maven/spring-data-aerospike/target/test-classes/org/springframework/data/aerospike/repository/**/*PersonRepositoryImpl.class]
16:37:53.858 [main] DEBUG o.s.c.i.s.PathMatchingResourcePatternResolver - Searching directory [/home/aluno/spring-projects/maven/spring-data-aerospike/target/test-classes/org/springframework/data/aerospike/repository/support] for files matching pattern [/home/aluno/spring-projects/maven/spring-data-aerospike/target/test-classes/org/springframework/data/aerospike/repository/**/*PersonRepositoryImpl.class]
16:37:53.858 [main] DEBUG o.s.c.i.s.PathMatchingResourcePatternResolver - Searching directory [/home/aluno/spring-projects/maven/spring-data-aerospike/target/test-classes/org/springframework/data/aerospike/repository/query] for files matching pattern [/home/aluno/spring-projects/maven/spring-data-aerospike/target/test-classes/org/springframework/data/aerospike/repository/**/*PersonRepositoryImpl.class]
16:37:53.858 [main] DEBUG o.s.c.i.s.PathMatchingResourcePatternResolver - Looking for matching resources in directory tree [/home/aluno/spring-projects/maven/spring-data-aerospike/target/classes/org/springframework/data/aerospike/repository]
16:37:53.858 [main] DEBUG o.s.c.i.s.PathMatchingResourcePatternResolver - Searching directory [/home/aluno/spring-projects/maven/spring-data-aerospike/target/classes/org/springframework/data/aerospike/repository] for files matching pattern [/home/aluno/spring-projects/maven/spring-data-aerospike/target/classes/org/springframework/data/aerospike/repository/**/*PersonRepositoryImpl.class]
16:37:53.858 [main] DEBUG o.s.c.i.s.PathMatchingResourcePatternResolver - Searching directory [/home/aluno/spring-projects/maven/spring-data-aerospike/target/classes/org/springframework/data/aerospike/repository/support] for files matching pattern [/home/aluno/spring-projects/maven/spring-data-aerospike/target/classes/org/springframework/data/aerospike/repository/**/*PersonRepositoryImpl.class]
16:37:53.858 [main] DEBUG o.s.c.i.s.PathMatchingResourcePatternResolver - Searching directory [/home/aluno/spring-projects/maven/spring-data-aerospike/target/classes/org/springframework/data/aerospike/repository/config] for files matching pattern [/home/aluno/spring-projects/maven/spring-data-aerospike/target/classes/org/springframework/data/aerospike/repository/**/*PersonRepositoryImpl.class]
16:37:53.859 [main] DEBUG o.s.c.i.s.PathMatchingResourcePatternResolver - Searching directory [/home/aluno/spring-projects/maven/spring-data-aerospike/target/classes/org/springframework/data/aerospike/repository/query] for files matching pattern [/home/aluno/spring-projects/maven/spring-data-aerospike/target/classes/org/springframework/data/aerospike/repository/**/*PersonRepositoryImpl.class]
16:37:53.859 [main] DEBUG o.s.c.i.s.PathMatchingResourcePatternResolver - Resolved location pattern [classpath*:org/springframework/data/aerospike/repository/**/*PersonRepositoryImpl.class] to resources []
16:37:53.859 [main] DEBUG o.s.d.r.c.RepositoryConfigurationDelegate - Spring Data Aerospike - Registering repository: personRepository - Interface: org.springframework.data.aerospike.repository.PersonRepository - Factory: org.springframework.data.keyvalue.repository.support.KeyValueRepositoryFactoryBean
16:37:53.859 [main] DEBUG o.s.core.env.StandardEnvironment - Adding [systemProperties] PropertySource with lowest search precedence
16:37:53.859 [main] DEBUG o.s.core.env.StandardEnvironment - Adding [systemEnvironment] PropertySource with lowest search precedence
16:37:53.859 [main] DEBUG o.s.core.env.StandardEnvironment - Initialized StandardEnvironment with PropertySources [systemProperties,systemEnvironment]
16:37:53.859 [main] DEBUG o.s.c.i.s.PathMatchingResourcePatternResolver - Looking for matching resources in directory tree [/home/aluno/spring-projects/maven/spring-data-aerospike/target/test-classes/org/springframework/data/aerospike/repository]
16:37:53.859 [main] DEBUG o.s.c.i.s.PathMatchingResourcePatternResolver - Searching directory [/home/aluno/spring-projects/maven/spring-data-aerospike/target/test-classes/org/springframework/data/aerospike/repository] for files matching pattern [/home/aluno/spring-projects/maven/spring-data-aerospike/target/test-classes/org/springframework/data/aerospike/repository/**/*ContactRepositoryImpl.class]
16:37:53.859 [main] DEBUG o.s.c.i.s.PathMatchingResourcePatternResolver - Searching directory [/home/aluno/spring-projects/maven/spring-data-aerospike/target/test-classes/org/springframework/data/aerospike/repository/support] for files matching pattern [/home/aluno/spring-projects/maven/spring-data-aerospike/target/test-classes/org/springframework/data/aerospike/repository/**/*ContactRepositoryImpl.class]
16:37:53.859 [main] DEBUG o.s.c.i.s.PathMatchingResourcePatternResolver - Searching directory [/home/aluno/spring-projects/maven/spring-data-aerospike/target/test-classes/org/springframework/data/aerospike/repository/query] for files matching pattern [/home/aluno/spring-projects/maven/spring-data-aerospike/target/test-classes/org/springframework/data/aerospike/repository/**/*ContactRepositoryImpl.class]
16:37:53.859 [main] DEBUG o.s.c.i.s.PathMatchingResourcePatternResolver - Looking for matching resources in directory tree [/home/aluno/spring-projects/maven/spring-data-aerospike/target/classes/org/springframework/data/aerospike/repository]
16:37:53.859 [main] DEBUG o.s.c.i.s.PathMatchingResourcePatternResolver - Searching directory [/home/aluno/spring-projects/maven/spring-data-aerospike/target/classes/org/springframework/data/aerospike/repository] for files matching pattern [/home/aluno/spring-projects/maven/spring-data-aerospike/target/classes/org/springframework/data/aerospike/repository/**/*ContactRepositoryImpl.class]
16:37:53.859 [main] DEBUG o.s.c.i.s.PathMatchingResourcePatternResolver - Searching directory [/home/aluno/spring-projects/maven/spring-data-aerospike/target/classes/org/springframework/data/aerospike/repository/support] for files matching pattern [/home/aluno/spring-projects/maven/spring-data-aerospike/target/classes/org/springframework/data/aerospike/repository/**/*ContactRepositoryImpl.class]
16:37:53.860 [main] DEBUG o.s.c.i.s.PathMatchingResourcePatternResolver - Searching directory [/home/aluno/spring-projects/maven/spring-data-aerospike/target/classes/org/springframework/data/aerospike/repository/config] for files matching pattern [/home/aluno/spring-projects/maven/spring-data-aerospike/target/classes/org/springframework/data/aerospike/repository/**/*ContactRepositoryImpl.class]
16:37:53.860 [main] DEBUG o.s.c.i.s.PathMatchingResourcePatternResolver - Searching directory [/home/aluno/spring-projects/maven/spring-data-aerospike/target/classes/org/springframework/data/aerospike/repository/query] for files matching pattern [/home/aluno/spring-projects/maven/spring-data-aerospike/target/classes/org/springframework/data/aerospike/repository/**/*ContactRepositoryImpl.class]
16:37:53.860 [main] DEBUG o.s.c.i.s.PathMatchingResourcePatternResolver - Resolved location pattern [classpath*:org/springframework/data/aerospike/repository/**/*ContactRepositoryImpl.class] to resources []
16:37:53.860 [main] DEBUG o.s.d.r.c.RepositoryConfigurationDelegate - Spring Data Aerospike - Registering repository: contactRepository - Interface: org.springframework.data.aerospike.repository.ContactRepository - Factory: org.springframework.data.keyvalue.repository.support.KeyValueRepositoryFactoryBean
16:37:53.861 [main] DEBUG o.s.c.a.ConfigurationClassEnhancer - Successfully enhanced org.springframework.data.aerospike.repository.TestConfigPerson; enhanced class name is: org.springframework.data.aerospike.repository.TestConfigPerson$$EnhancerBySpringCGLIB$$3f27a8da
16:37:53.861 [main] DEBUG o.s.c.a.ConfigurationClassPostProcessor - Replacing bean definition 'testConfigPerson' existing class name 'org.springframework.data.aerospike.repository.TestConfigPerson' with enhanced class name 'org.springframework.data.aerospike.repository.TestConfigPerson$$EnhancerBySpringCGLIB$$3f27a8da'
16:37:53.861 [main] DEBUG o.s.b.f.s.DefaultListableBeanFactory - Creating shared instance of singleton bean 'org.springframework.context.annotation.internalAutowiredAnnotationProcessor'
16:37:53.861 [main] DEBUG o.s.b.f.s.DefaultListableBeanFactory - Creating instance of bean 'org.springframework.context.annotation.internalAutowiredAnnotationProcessor'
16:37:53.861 [main] DEBUG o.s.b.f.s.DefaultListableBeanFactory - Eagerly caching bean 'org.springframework.context.annotation.internalAutowiredAnnotationProcessor' to allow for resolving potential circular references
16:37:53.861 [main] DEBUG o.s.b.f.s.DefaultListableBeanFactory - Finished creating instance of bean 'org.springframework.context.annotation.internalAutowiredAnnotationProcessor'
16:37:53.861 [main] DEBUG o.s.b.f.s.DefaultListableBeanFactory - Creating shared instance of singleton bean 'org.springframework.context.annotation.internalRequiredAnnotationProcessor'
16:37:53.861 [main] DEBUG o.s.b.f.s.DefaultListableBeanFactory - Creating instance of bean 'org.springframework.context.annotation.internalRequiredAnnotationProcessor'
16:37:53.861 [main] DEBUG o.s.b.f.s.DefaultListableBeanFactory - Eagerly caching bean 'org.springframework.context.annotation.internalRequiredAnnotationProcessor' to allow for resolving potential circular references
16:37:53.861 [main] DEBUG o.s.b.f.s.DefaultListableBeanFactory - Finished creating instance of bean 'org.springframework.context.annotation.internalRequiredAnnotationProcessor'
16:37:53.861 [main] DEBUG o.s.b.f.s.DefaultListableBeanFactory - Creating shared instance of singleton bean 'org.springframework.context.annotation.internalCommonAnnotationProcessor'
16:37:53.861 [main] DEBUG o.s.b.f.s.DefaultListableBeanFactory - Creating instance of bean 'org.springframework.context.annotation.internalCommonAnnotationProcessor'
16:37:53.861 [main] DEBUG o.s.b.f.s.DefaultListableBeanFactory - Eagerly caching bean 'org.springframework.context.annotation.internalCommonAnnotationProcessor' to allow for resolving potential circular references
16:37:53.861 [main] DEBUG o.s.b.f.s.DefaultListableBeanFactory - Finished creating instance of bean 'org.springframework.context.annotation.internalCommonAnnotationProcessor'
16:37:53.861 [main] DEBUG o.s.b.f.s.DefaultListableBeanFactory - Creating shared instance of singleton bean 'org.springframework.context.annotation.ConfigurationClassPostProcessor.importAwareProcessor'
16:37:53.861 [main] DEBUG o.s.b.f.s.DefaultListableBeanFactory - Creating instance of bean 'org.springframework.context.annotation.ConfigurationClassPostProcessor.importAwareProcessor'
16:37:53.861 [main] DEBUG o.s.b.f.s.DefaultListableBeanFactory - Eagerly caching bean 'org.springframework.context.annotation.ConfigurationClassPostProcessor.importAwareProcessor' to allow for resolving potential circular references
16:37:53.861 [main] DEBUG o.s.b.f.s.DefaultListableBeanFactory - Finished creating instance of bean 'org.springframework.context.annotation.ConfigurationClassPostProcessor.importAwareProcessor'
16:37:53.861 [main] DEBUG o.s.b.f.s.DefaultListableBeanFactory - Creating shared instance of singleton bean 'org.springframework.context.annotation.ConfigurationClassPostProcessor.enhancedConfigurationProcessor'
16:37:53.861 [main] DEBUG o.s.b.f.s.DefaultListableBeanFactory - Creating instance of bean 'org.springframework.context.annotation.ConfigurationClassPostProcessor.enhancedConfigurationProcessor'
16:37:53.861 [main] DEBUG o.s.b.f.s.DefaultListableBeanFactory - Eagerly caching bean 'org.springframework.context.annotation.ConfigurationClassPostProcessor.enhancedConfigurationProcessor' to allow for resolving potential circular references
16:37:53.861 [main] DEBUG o.s.b.f.s.DefaultListableBeanFactory - Finished creating instance of bean 'org.springframework.context.annotation.ConfigurationClassPostProcessor.enhancedConfigurationProcessor'
16:37:53.861 [main] DEBUG o.s.b.f.s.DefaultListableBeanFactory - Creating shared instance of singleton bean 'org.springframework.data.repository.core.support.RepositoryInterfaceAwareBeanPostProcessor'
16:37:53.861 [main] DEBUG o.s.b.f.s.DefaultListableBeanFactory - Creating instance of bean 'org.springframework.data.repository.core.support.RepositoryInterfaceAwareBeanPostProcessor'
16:37:53.861 [main] DEBUG o.s.b.f.s.DefaultListableBeanFactory - Eagerly caching bean 'org.springframework.data.repository.core.support.RepositoryInterfaceAwareBeanPostProcessor' to allow for resolving potential circular references
16:37:53.861 [main] DEBUG o.s.b.f.s.DefaultListableBeanFactory - Finished creating instance of bean 'org.springframework.data.repository.core.support.RepositoryInterfaceAwareBeanPostProcessor'
16:37:53.861 [main] DEBUG o.s.c.s.GenericApplicationContext - Unable to locate MessageSource with name 'messageSource': using default [org.springframework.context.support.DelegatingMessageSource@3ce443f9]
16:37:53.861 [main] DEBUG o.s.c.s.GenericApplicationContext - Unable to locate ApplicationEventMulticaster with name 'applicationEventMulticaster': using default [org.springframework.context.event.SimpleApplicationEventMulticaster@57fbc06f]
16:37:53.861 [main] DEBUG o.s.b.f.s.DefaultListableBeanFactory - Pre-instantiating singletons in org.springframework.beans.factory.support.DefaultListableBeanFactory@6af91cc8: defining beans [org.springframework.context.annotation.internalConfigurationAnnotationProcessor,org.springframework.context.annotation.internalAutowiredAnnotationProcessor,org.springframework.context.annotation.internalRequiredAnnotationProcessor,org.springframework.context.annotation.internalCommonAnnotationProcessor,testConfigPerson,org.springframework.context.annotation.ConfigurationClassPostProcessor.importAwareProcessor,org.springframework.context.annotation.ConfigurationClassPostProcessor.enhancedConfigurationProcessor,aerospikeTemplate,aerospikeClient,org.springframework.data.aerospike.repository.config.AerospikeRepositoriesRegistrar$AerospikeRepositoryConfigurationExtension#0,org.springframework.data.repository.core.support.RepositoryInterfaceAwareBeanPostProcessor,keyValueMappingContext,personRepository,contactRepository]; root of factory hierarchy
16:37:53.862 [main] DEBUG o.s.b.f.s.DefaultListableBeanFactory - Returning cached instance of singleton bean 'org.springframework.context.annotation.internalConfigurationAnnotationProcessor'
16:37:53.862 [main] DEBUG o.s.b.f.s.DefaultListableBeanFactory - Returning cached instance of singleton bean 'org.springframework.context.annotation.internalAutowiredAnnotationProcessor'
16:37:53.862 [main] DEBUG o.s.b.f.s.DefaultListableBeanFactory - Returning cached instance of singleton bean 'org.springframework.context.annotation.internalRequiredAnnotationProcessor'
16:37:53.862 [main] DEBUG o.s.b.f.s.DefaultListableBeanFactory - Returning cached instance of singleton bean 'org.springframework.context.annotation.internalCommonAnnotationProcessor'
16:37:53.862 [main] DEBUG o.s.b.f.s.DefaultListableBeanFactory - Creating shared instance of singleton bean 'testConfigPerson'
16:37:53.862 [main] DEBUG o.s.b.f.s.DefaultListableBeanFactory - Creating instance of bean 'testConfigPerson'
16:37:53.862 [main] DEBUG o.s.b.f.s.DefaultListableBeanFactory - Eagerly caching bean 'testConfigPerson' to allow for resolving potential circular references
16:37:53.862 [main] DEBUG o.s.b.f.s.DefaultListableBeanFactory - Finished creating instance of bean 'testConfigPerson'
16:37:53.862 [main] DEBUG o.s.b.f.s.DefaultListableBeanFactory - Returning cached instance of singleton bean 'org.springframework.context.annotation.ConfigurationClassPostProcessor.importAwareProcessor'
16:37:53.862 [main] DEBUG o.s.b.f.s.DefaultListableBeanFactory - Returning cached instance of singleton bean 'org.springframework.context.annotation.ConfigurationClassPostProcessor.enhancedConfigurationProcessor'
16:37:53.862 [main] DEBUG o.s.b.f.s.DefaultListableBeanFactory - Creating shared instance of singleton bean 'aerospikeTemplate'
16:37:53.862 [main] DEBUG o.s.b.f.s.DefaultListableBeanFactory - Creating instance of bean 'aerospikeTemplate'
16:37:53.862 [main] DEBUG o.s.b.f.s.DefaultListableBeanFactory - Returning cached instance of singleton bean 'testConfigPerson'
16:37:53.862 [main] DEBUG o.s.b.f.s.DefaultListableBeanFactory - Creating shared instance of singleton bean 'aerospikeClient'
16:37:53.862 [main] DEBUG o.s.b.f.s.DefaultListableBeanFactory - Creating instance of bean 'aerospikeClient'
16:37:53.862 [main] DEBUG o.s.b.f.s.DefaultListableBeanFactory - Returning cached instance of singleton bean 'testConfigPerson'
16:37:55.864 [main] DEBUG o.s.d.a.r.q.AerospikeQueryCreator - AS:Alias 52.41.32.83:3000 failed: Error Code 11: java.net.SocketTimeoutException: connect timed out
16:37:55.864 [main] WARN  o.s.d.a.r.q.AerospikeQueryCreator - AS:Seed 52.41.32.83:3000 failed: Error Code 11: java.net.SocketTimeoutException: connect timed out
16:37:55.865 [main] WARN  o.s.c.s.GenericApplicationContext - Exception encountered during context initialization - cancelling refresh attempt
org.springframework.beans.factory.BeanCreationException: Error creating bean with name 'aerospikeTemplate' defined in org.springframework.data.aerospike.repository.TestConfigPerson: Bean instantiation via factory method failed; nested exception is org.springframework.beans.BeanInstantiationException: Failed to instantiate [org.springframework.data.aerospike.core.AerospikeTemplate]: Factory method 'aerospikeTemplate' threw exception; nested exception is org.springframework.beans.factory.BeanCreationException: Error creating bean with name 'aerospikeClient' defined in org.springframework.data.aerospike.repository.TestConfigPerson: Bean instantiation via factory method failed; nested exception is org.springframework.beans.BeanInstantiationException: Failed to instantiate [com.aerospike.client.AerospikeClient]: Factory method 'aerospikeClient' threw exception; nested exception is com.aerospike.client.AerospikeException$Connection: Error Code 11: Failed to connect to host(s): 
52.41.32.83:3000 Error Code 11: java.net.SocketTimeoutException: connect timed out

	at org.springframework.beans.factory.support.ConstructorResolver.instantiateUsingFactoryMethod(ConstructorResolver.java:599) ~[spring-beans-4.1.7.RELEASE.jar:4.1.7.RELEASE]
	at org.springframework.beans.factory.support.AbstractAutowireCapableBeanFactory.instantiateUsingFactoryMethod(AbstractAutowireCapableBeanFactory.java:1119) ~[spring-beans-4.1.7.RELEASE.jar:4.1.7.RELEASE]
	at org.springframework.beans.factory.support.AbstractAutowireCapableBeanFactory.createBeanInstance(AbstractAutowireCapableBeanFactory.java:1014) ~[spring-beans-4.1.7.RELEASE.jar:4.1.7.RELEASE]
	at org.springframework.beans.factory.support.AbstractAutowireCapableBeanFactory.doCreateBean(AbstractAutowireCapableBeanFactory.java:504) ~[spring-beans-4.1.7.RELEASE.jar:4.1.7.RELEASE]
	at org.springframework.beans.factory.support.AbstractAutowireCapableBeanFactory.createBean(AbstractAutowireCapableBeanFactory.java:476) ~[spring-beans-4.1.7.RELEASE.jar:4.1.7.RELEASE]
	at org.springframework.beans.factory.support.AbstractBeanFactory$1.getObject(AbstractBeanFactory.java:303) ~[spring-beans-4.1.7.RELEASE.jar:4.1.7.RELEASE]
	at org.springframework.beans.factory.support.DefaultSingletonBeanRegistry.getSingleton(DefaultSingletonBeanRegistry.java:230) ~[spring-beans-4.1.7.RELEASE.jar:4.1.7.RELEASE]
	at org.springframework.beans.factory.support.AbstractBeanFactory.doGetBean(AbstractBeanFactory.java:299) ~[spring-beans-4.1.7.RELEASE.jar:4.1.7.RELEASE]
	at org.springframework.beans.factory.support.AbstractBeanFactory.getBean(AbstractBeanFactory.java:194) ~[spring-beans-4.1.7.RELEASE.jar:4.1.7.RELEASE]
	at org.springframework.beans.factory.support.DefaultListableBeanFactory.preInstantiateSingletons(DefaultListableBeanFactory.java:755) ~[spring-beans-4.1.7.RELEASE.jar:4.1.7.RELEASE]
	at org.springframework.context.support.AbstractApplicationContext.finishBeanFactoryInitialization(AbstractApplicationContext.java:757) ~[spring-context-4.1.7.RELEASE.jar:4.1.7.RELEASE]
	at org.springframework.context.support.AbstractApplicationContext.refresh(AbstractApplicationContext.java:480) ~[spring-context-4.1.7.RELEASE.jar:4.1.7.RELEASE]
	at org.springframework.test.context.support.AbstractGenericContextLoader.loadContext(AbstractGenericContextLoader.java:125) [spring-test-4.1.7.RELEASE.jar:4.1.7.RELEASE]
	at org.springframework.test.context.support.AbstractGenericContextLoader.loadContext(AbstractGenericContextLoader.java:60) [spring-test-4.1.7.RELEASE.jar:4.1.7.RELEASE]
	at org.springframework.test.context.support.AbstractDelegatingSmartContextLoader.delegateLoading(AbstractDelegatingSmartContextLoader.java:109) [spring-test-4.1.7.RELEASE.jar:4.1.7.RELEASE]
	at org.springframework.test.context.support.AbstractDelegatingSmartContextLoader.loadContext(AbstractDelegatingSmartContextLoader.java:261) [spring-test-4.1.7.RELEASE.jar:4.1.7.RELEASE]
	at org.springframework.test.context.DefaultCacheAwareContextLoaderDelegate.loadContextInternal(DefaultCacheAwareContextLoaderDelegate.java:68) [spring-test-4.1.7.RELEASE.jar:4.1.7.RELEASE]
	at org.springframework.test.context.DefaultCacheAwareContextLoaderDelegate.loadContext(DefaultCacheAwareContextLoaderDelegate.java:86) [spring-test-4.1.7.RELEASE.jar:4.1.7.RELEASE]
	at org.springframework.test.context.DefaultTestContext.getApplicationContext(DefaultTestContext.java:72) [spring-test-4.1.7.RELEASE.jar:4.1.7.RELEASE]
	at org.springframework.test.context.support.DependencyInjectionTestExecutionListener.injectDependencies(DependencyInjectionTestExecutionListener.java:117) [spring-test-4.1.7.RELEASE.jar:4.1.7.RELEASE]
	at org.springframework.test.context.support.DependencyInjectionTestExecutionListener.prepareTestInstance(DependencyInjectionTestExecutionListener.java:83) [spring-test-4.1.7.RELEASE.jar:4.1.7.RELEASE]
	at org.springframework.test.context.TestContextManager.prepareTestInstance(TestContextManager.java:212) [spring-test-4.1.7.RELEASE.jar:4.1.7.RELEASE]
	at org.springframework.test.context.junit4.SpringJUnit4ClassRunner.createTest(SpringJUnit4ClassRunner.java:200) [spring-test-4.1.7.RELEASE.jar:4.1.7.RELEASE]
	at org.springframework.test.context.junit4.SpringJUnit4ClassRunner$1.runReflectiveCall(SpringJUnit4ClassRunner.java:259) [spring-test-4.1.7.RELEASE.jar:4.1.7.RELEASE]
	at org.junit.internal.runners.model.ReflectiveCallable.run(ReflectiveCallable.java:12) [junit-4.12.jar:4.12]
	at org.springframework.test.context.junit4.SpringJUnit4ClassRunner.methodBlock(SpringJUnit4ClassRunner.java:261) [spring-test-4.1.7.RELEASE.jar:4.1.7.RELEASE]
	at org.springframework.test.context.junit4.SpringJUnit4ClassRunner.runChild(SpringJUnit4ClassRunner.java:219) [spring-test-4.1.7.RELEASE.jar:4.1.7.RELEASE]
	at org.springframework.test.context.junit4.SpringJUnit4ClassRunner.runChild(SpringJUnit4ClassRunner.java:83) [spring-test-4.1.7.RELEASE.jar:4.1.7.RELEASE]
	at org.junit.runners.ParentRunner$3.run(ParentRunner.java:290) [junit-4.12.jar:4.12]
	at org.junit.runners.ParentRunner$1.schedule(ParentRunner.java:71) [junit-4.12.jar:4.12]
	at org.junit.runners.ParentRunner.runChildren(ParentRunner.java:288) [junit-4.12.jar:4.12]
	at org.junit.runners.ParentRunner.access$000(ParentRunner.java:58) [junit-4.12.jar:4.12]
	at org.junit.runners.ParentRunner$2.evaluate(ParentRunner.java:268) [junit-4.12.jar:4.12]
	at org.springframework.test.context.junit4.statements.RunBeforeTestClassCallbacks.evaluate(RunBeforeTestClassCallbacks.java:61) [spring-test-4.1.7.RELEASE.jar:4.1.7.RELEASE]
	at org.springframework.test.context.junit4.statements.RunAfterTestClassCallbacks.evaluate(RunAfterTestClassCallbacks.java:68) [spring-test-4.1.7.RELEASE.jar:4.1.7.RELEASE]
	at org.junit.runners.ParentRunner.run(ParentRunner.java:363) [junit-4.12.jar:4.12]
	at org.springframework.test.context.junit4.SpringJUnit4ClassRunner.run(SpringJUnit4ClassRunner.java:163) [spring-test-4.1.7.RELEASE.jar:4.1.7.RELEASE]
	at org.apache.maven.surefire.junit4.JUnit4Provider.execute(JUnit4Provider.java:283) [surefire-junit4-2.18.1.jar:2.18.1]
	at org.apache.maven.surefire.junit4.JUnit4Provider.executeWithRerun(JUnit4Provider.java:173) [surefire-junit4-2.18.1.jar:2.18.1]
	at org.apache.maven.surefire.junit4.JUnit4Provider.executeTestSet(JUnit4Provider.java:153) [surefire-junit4-2.18.1.jar:2.18.1]
	at org.apache.maven.surefire.junit4.JUnit4Provider.invoke(JUnit4Provider.java:128) [surefire-junit4-2.18.1.jar:2.18.1]
	at org.apache.maven.surefire.booter.ForkedBooter.invokeProviderInSameClassLoader(ForkedBooter.java:203) [surefire-booter-2.18.1.jar:2.18.1]
	at org.apache.maven.surefire.booter.ForkedBooter.runSuitesInProcess(ForkedBooter.java:155) [surefire-booter-2.18.1.jar:2.18.1]
	at org.apache.maven.surefire.booter.ForkedBooter.main(ForkedBooter.java:103) [surefire-booter-2.18.1.jar:2.18.1]
Caused by: org.springframework.beans.BeanInstantiationException: Failed to instantiate [org.springframework.data.aerospike.core.AerospikeTemplate]: Factory method 'aerospikeTemplate' threw exception; nested exception is org.springframework.beans.factory.BeanCreationException: Error creating bean with name 'aerospikeClient' defined in org.springframework.data.aerospike.repository.TestConfigPerson: Bean instantiation via factory method failed; nested exception is org.springframework.beans.BeanInstantiationException: Failed to instantiate [com.aerospike.client.AerospikeClient]: Factory method 'aerospikeClient' threw exception; nested exception is com.aerospike.client.AerospikeException$Connection: Error Code 11: Failed to connect to host(s): 
52.41.32.83:3000 Error Code 11: java.net.SocketTimeoutException: connect timed out

	at org.springframework.beans.factory.support.SimpleInstantiationStrategy.instantiate(SimpleInstantiationStrategy.java:189) ~[spring-beans-4.1.7.RELEASE.jar:4.1.7.RELEASE]
	at org.springframework.beans.factory.support.ConstructorResolver.instantiateUsingFactoryMethod(ConstructorResolver.java:588) ~[spring-beans-4.1.7.RELEASE.jar:4.1.7.RELEASE]
	... 43 common frames omitted
Caused by: org.springframework.beans.factory.BeanCreationException: Error creating bean with name 'aerospikeClient' defined in org.springframework.data.aerospike.repository.TestConfigPerson: Bean instantiation via factory method failed; nested exception is org.springframework.beans.BeanInstantiationException: Failed to instantiate [com.aerospike.client.AerospikeClient]: Factory method 'aerospikeClient' threw exception; nested exception is com.aerospike.client.AerospikeException$Connection: Error Code 11: Failed to connect to host(s): 
52.41.32.83:3000 Error Code 11: java.net.SocketTimeoutException: connect timed out

	at org.springframework.beans.factory.support.ConstructorResolver.instantiateUsingFactoryMethod(ConstructorResolver.java:599) ~[spring-beans-4.1.7.RELEASE.jar:4.1.7.RELEASE]
	at org.springframework.beans.factory.support.AbstractAutowireCapableBeanFactory.instantiateUsingFactoryMethod(AbstractAutowireCapableBeanFactory.java:1119) ~[spring-beans-4.1.7.RELEASE.jar:4.1.7.RELEASE]
	at org.springframework.beans.factory.support.AbstractAutowireCapableBeanFactory.createBeanInstance(AbstractAutowireCapableBeanFactory.java:1014) ~[spring-beans-4.1.7.RELEASE.jar:4.1.7.RELEASE]
	at org.springframework.beans.factory.support.AbstractAutowireCapableBeanFactory.doCreateBean(AbstractAutowireCapableBeanFactory.java:504) ~[spring-beans-4.1.7.RELEASE.jar:4.1.7.RELEASE]
	at org.springframework.beans.factory.support.AbstractAutowireCapableBeanFactory.createBean(AbstractAutowireCapableBeanFactory.java:476) ~[spring-beans-4.1.7.RELEASE.jar:4.1.7.RELEASE]
	at org.springframework.beans.factory.support.AbstractBeanFactory$1.getObject(AbstractBeanFactory.java:303) ~[spring-beans-4.1.7.RELEASE.jar:4.1.7.RELEASE]
	at org.springframework.beans.factory.support.DefaultSingletonBeanRegistry.getSingleton(DefaultSingletonBeanRegistry.java:230) ~[spring-beans-4.1.7.RELEASE.jar:4.1.7.RELEASE]
	at org.springframework.beans.factory.support.AbstractBeanFactory.doGetBean(AbstractBeanFactory.java:299) ~[spring-beans-4.1.7.RELEASE.jar:4.1.7.RELEASE]
	at org.springframework.beans.factory.support.AbstractBeanFactory.getBean(AbstractBeanFactory.java:194) ~[spring-beans-4.1.7.RELEASE.jar:4.1.7.RELEASE]
	at org.springframework.context.annotation.ConfigurationClassEnhancer$BeanMethodInterceptor.intercept(ConfigurationClassEnhancer.java:322) ~[spring-context-4.1.7.RELEASE.jar:4.1.7.RELEASE]
	at org.springframework.data.aerospike.repository.TestConfigPerson$$EnhancerBySpringCGLIB$$3f27a8da.aerospikeClient(<generated>) ~[spring-core-4.1.7.RELEASE.jar:na]
	at org.springframework.data.aerospike.repository.TestConfigPerson.aerospikeTemplate(TestConfigPerson.java:38) ~[test-classes/:na]
	at org.springframework.data.aerospike.repository.TestConfigPerson$$EnhancerBySpringCGLIB$$3f27a8da.CGLIB$aerospikeTemplate$0(<generated>) ~[spring-core-4.1.7.RELEASE.jar:na]
	at org.springframework.data.aerospike.repository.TestConfigPerson$$EnhancerBySpringCGLIB$$3f27a8da$$FastClassBySpringCGLIB$$38965c5e.invoke(<generated>) ~[spring-core-4.1.7.RELEASE.jar:na]
	at org.springframework.cglib.proxy.MethodProxy.invokeSuper(MethodProxy.java:228) ~[spring-core-4.1.7.RELEASE.jar:4.1.7.RELEASE]
	at org.springframework.context.annotation.ConfigurationClassEnhancer$BeanMethodInterceptor.intercept(ConfigurationClassEnhancer.java:309) ~[spring-context-4.1.7.RELEASE.jar:4.1.7.RELEASE]
	at org.springframework.data.aerospike.repository.TestConfigPerson$$EnhancerBySpringCGLIB$$3f27a8da.aerospikeTemplate(<generated>) ~[spring-core-4.1.7.RELEASE.jar:na]
	at sun.reflect.NativeMethodAccessorImpl.invoke0(Native Method) ~[na:1.8.0_91]
	at sun.reflect.NativeMethodAccessorImpl.invoke(NativeMethodAccessorImpl.java:62) ~[na:1.8.0_91]
	at sun.reflect.DelegatingMethodAccessorImpl.invoke(DelegatingMethodAccessorImpl.java:43) ~[na:1.8.0_91]
	at java.lang.reflect.Method.invoke(Method.java:498) ~[na:1.8.0_91]
	at org.springframework.beans.factory.support.SimpleInstantiationStrategy.instantiate(SimpleInstantiationStrategy.java:162) ~[spring-beans-4.1.7.RELEASE.jar:4.1.7.RELEASE]
	... 44 common frames omitted
Caused by: org.springframework.beans.BeanInstantiationException: Failed to instantiate [com.aerospike.client.AerospikeClient]: Factory method 'aerospikeClient' threw exception; nested exception is com.aerospike.client.AerospikeException$Connection: Error Code 11: Failed to connect to host(s): 
52.41.32.83:3000 Error Code 11: java.net.SocketTimeoutException: connect timed out

	at org.springframework.beans.factory.support.SimpleInstantiationStrategy.instantiate(SimpleInstantiationStrategy.java:189) ~[spring-beans-4.1.7.RELEASE.jar:4.1.7.RELEASE]
	at org.springframework.beans.factory.support.ConstructorResolver.instantiateUsingFactoryMethod(ConstructorResolver.java:588) ~[spring-beans-4.1.7.RELEASE.jar:4.1.7.RELEASE]
	... 65 common frames omitted
Caused by: com.aerospike.client.AerospikeException$Connection: Error Code 11: Failed to connect to host(s): 
52.41.32.83:3000 Error Code 11: java.net.SocketTimeoutException: connect timed out

	at com.aerospike.client.cluster.Cluster.seedNodes(Cluster.java:386) ~[aerospike-client-3.2.3.jar:na]
	at com.aerospike.client.cluster.Cluster.tend(Cluster.java:273) ~[aerospike-client-3.2.3.jar:na]
	at com.aerospike.client.cluster.Cluster.waitTillStabilized(Cluster.java:238) ~[aerospike-client-3.2.3.jar:na]
	at com.aerospike.client.cluster.Cluster.initTendThread(Cluster.java:148) ~[aerospike-client-3.2.3.jar:na]
	at com.aerospike.client.AerospikeClient.<init>(AerospikeClient.java:209) ~[aerospike-client-3.2.3.jar:na]
	at com.aerospike.client.AerospikeClient.<init>(AerospikeClient.java:173) ~[aerospike-client-3.2.3.jar:na]
	at org.springframework.data.aerospike.repository.TestConfigPerson.aerospikeClient(TestConfigPerson.java:32) ~[test-classes/:na]
	at org.springframework.data.aerospike.repository.TestConfigPerson$$EnhancerBySpringCGLIB$$3f27a8da.CGLIB$aerospikeClient$1(<generated>) ~[spring-core-4.1.7.RELEASE.jar:na]
	at org.springframework.data.aerospike.repository.TestConfigPerson$$EnhancerBySpringCGLIB$$3f27a8da$$FastClassBySpringCGLIB$$38965c5e.invoke(<generated>) ~[spring-core-4.1.7.RELEASE.jar:na]
	at org.springframework.cglib.proxy.MethodProxy.invokeSuper(MethodProxy.java:228) ~[spring-core-4.1.7.RELEASE.jar:4.1.7.RELEASE]
	at org.springframework.context.annotation.ConfigurationClassEnhancer$BeanMethodInterceptor.intercept(ConfigurationClassEnhancer.java:309) ~[spring-context-4.1.7.RELEASE.jar:4.1.7.RELEASE]
	at org.springframework.data.aerospike.repository.TestConfigPerson$$EnhancerBySpringCGLIB$$3f27a8da.aerospikeClient(<generated>) ~[spring-core-4.1.7.RELEASE.jar:na]
	at sun.reflect.NativeMethodAccessorImpl.invoke0(Native Method) ~[na:1.8.0_91]
	at sun.reflect.NativeMethodAccessorImpl.invoke(NativeMethodAccessorImpl.java:62) ~[na:1.8.0_91]
	at sun.reflect.DelegatingMethodAccessorImpl.invoke(DelegatingMethodAccessorImpl.java:43) ~[na:1.8.0_91]
	at java.lang.reflect.Method.invoke(Method.java:498) ~[na:1.8.0_91]
	at org.springframework.beans.factory.support.SimpleInstantiationStrategy.instantiate(SimpleInstantiationStrategy.java:162) ~[spring-beans-4.1.7.RELEASE.jar:4.1.7.RELEASE]
	... 66 common frames omitted
16:37:55.866 [main] DEBUG o.s.b.f.s.DefaultListableBeanFactory - Destroying singletons in org.springframework.beans.factory.support.DefaultListableBeanFactory@6af91cc8: defining beans [org.springframework.context.annotation.internalConfigurationAnnotationProcessor,org.springframework.context.annotation.internalAutowiredAnnotationProcessor,org.springframework.context.annotation.internalRequiredAnnotationProcessor,org.springframework.context.annotation.internalCommonAnnotationProcessor,testConfigPerson,org.springframework.context.annotation.ConfigurationClassPostProcessor.importAwareProcessor,org.springframework.context.annotation.ConfigurationClassPostProcessor.enhancedConfigurationProcessor,aerospikeTemplate,aerospikeClient,org.springframework.data.aerospike.repository.config.AerospikeRepositoriesRegistrar$AerospikeRepositoryConfigurationExtension#0,org.springframework.data.repository.core.support.RepositoryInterfaceAwareBeanPostProcessor,keyValueMappingContext,personRepository,contactRepository]; root of factory hierarchy
16:37:55.866 [main] ERROR o.s.test.context.TestContextManager - Caught exception while allowing TestExecutionListener [org.springframework.test.context.support.DependencyInjectionTestExecutionListener@334ebcaa] to prepare test instance [org.springframework.data.aerospike.repository.PersonRepositoryIntegrationTests@4d68b571]
java.lang.IllegalStateException: Failed to load ApplicationContext
	at org.springframework.test.context.DefaultCacheAwareContextLoaderDelegate.loadContext(DefaultCacheAwareContextLoaderDelegate.java:94) ~[spring-test-4.1.7.RELEASE.jar:4.1.7.RELEASE]
	at org.springframework.test.context.DefaultTestContext.getApplicationContext(DefaultTestContext.java:72) ~[spring-test-4.1.7.RELEASE.jar:4.1.7.RELEASE]
	at org.springframework.test.context.support.DependencyInjectionTestExecutionListener.injectDependencies(DependencyInjectionTestExecutionListener.java:117) ~[spring-test-4.1.7.RELEASE.jar:4.1.7.RELEASE]
	at org.springframework.test.context.support.DependencyInjectionTestExecutionListener.prepareTestInstance(DependencyInjectionTestExecutionListener.java:83) ~[spring-test-4.1.7.RELEASE.jar:4.1.7.RELEASE]
	at org.springframework.test.context.TestContextManager.prepareTestInstance(TestContextManager.java:212) ~[spring-test-4.1.7.RELEASE.jar:4.1.7.RELEASE]
	at org.springframework.test.context.junit4.SpringJUnit4ClassRunner.createTest(SpringJUnit4ClassRunner.java:200) [spring-test-4.1.7.RELEASE.jar:4.1.7.RELEASE]
	at org.springframework.test.context.junit4.SpringJUnit4ClassRunner$1.runReflectiveCall(SpringJUnit4ClassRunner.java:259) [spring-test-4.1.7.RELEASE.jar:4.1.7.RELEASE]
	at org.junit.internal.runners.model.ReflectiveCallable.run(ReflectiveCallable.java:12) [junit-4.12.jar:4.12]
	at org.springframework.test.context.junit4.SpringJUnit4ClassRunner.methodBlock(SpringJUnit4ClassRunner.java:261) [spring-test-4.1.7.RELEASE.jar:4.1.7.RELEASE]
	at org.springframework.test.context.junit4.SpringJUnit4ClassRunner.runChild(SpringJUnit4ClassRunner.java:219) [spring-test-4.1.7.RELEASE.jar:4.1.7.RELEASE]
	at org.springframework.test.context.junit4.SpringJUnit4ClassRunner.runChild(SpringJUnit4ClassRunner.java:83) [spring-test-4.1.7.RELEASE.jar:4.1.7.RELEASE]
	at org.junit.runners.ParentRunner$3.run(ParentRunner.java:290) [junit-4.12.jar:4.12]
	at org.junit.runners.ParentRunner$1.schedule(ParentRunner.java:71) [junit-4.12.jar:4.12]
	at org.junit.runners.ParentRunner.runChildren(ParentRunner.java:288) [junit-4.12.jar:4.12]
	at org.junit.runners.ParentRunner.access$000(ParentRunner.java:58) [junit-4.12.jar:4.12]
	at org.junit.runners.ParentRunner$2.evaluate(ParentRunner.java:268) [junit-4.12.jar:4.12]
	at org.springframework.test.context.junit4.statements.RunBeforeTestClassCallbacks.evaluate(RunBeforeTestClassCallbacks.java:61) [spring-test-4.1.7.RELEASE.jar:4.1.7.RELEASE]
	at org.springframework.test.context.junit4.statements.RunAfterTestClassCallbacks.evaluate(RunAfterTestClassCallbacks.java:68) [spring-test-4.1.7.RELEASE.jar:4.1.7.RELEASE]
	at org.junit.runners.ParentRunner.run(ParentRunner.java:363) [junit-4.12.jar:4.12]
	at org.springframework.test.context.junit4.SpringJUnit4ClassRunner.run(SpringJUnit4ClassRunner.java:163) [spring-test-4.1.7.RELEASE.jar:4.1.7.RELEASE]
	at org.apache.maven.surefire.junit4.JUnit4Provider.execute(JUnit4Provider.java:283) [surefire-junit4-2.18.1.jar:2.18.1]
	at org.apache.maven.surefire.junit4.JUnit4Provider.executeWithRerun(JUnit4Provider.java:173) [surefire-junit4-2.18.1.jar:2.18.1]
	at org.apache.maven.surefire.junit4.JUnit4Provider.executeTestSet(JUnit4Provider.java:153) [surefire-junit4-2.18.1.jar:2.18.1]
	at org.apache.maven.surefire.junit4.JUnit4Provider.invoke(JUnit4Provider.java:128) [surefire-junit4-2.18.1.jar:2.18.1]
	at org.apache.maven.surefire.booter.ForkedBooter.invokeProviderInSameClassLoader(ForkedBooter.java:203) [surefire-booter-2.18.1.jar:2.18.1]
	at org.apache.maven.surefire.booter.ForkedBooter.runSuitesInProcess(ForkedBooter.java:155) [surefire-booter-2.18.1.jar:2.18.1]
	at org.apache.maven.surefire.booter.ForkedBooter.main(ForkedBooter.java:103) [surefire-booter-2.18.1.jar:2.18.1]
Caused by: org.springframework.beans.factory.BeanCreationException: Error creating bean with name 'aerospikeTemplate' defined in org.springframework.data.aerospike.repository.TestConfigPerson: Bean instantiation via factory method failed; nested exception is org.springframework.beans.BeanInstantiationException: Failed to instantiate [org.springframework.data.aerospike.core.AerospikeTemplate]: Factory method 'aerospikeTemplate' threw exception; nested exception is org.springframework.beans.factory.BeanCreationException: Error creating bean with name 'aerospikeClient' defined in org.springframework.data.aerospike.repository.TestConfigPerson: Bean instantiation via factory method failed; nested exception is org.springframework.beans.BeanInstantiationException: Failed to instantiate [com.aerospike.client.AerospikeClient]: Factory method 'aerospikeClient' threw exception; nested exception is com.aerospike.client.AerospikeException$Connection: Error Code 11: Failed to connect to host(s): 
52.41.32.83:3000 Error Code 11: java.net.SocketTimeoutException: connect timed out

	at org.springframework.beans.factory.support.ConstructorResolver.instantiateUsingFactoryMethod(ConstructorResolver.java:599) ~[spring-beans-4.1.7.RELEASE.jar:4.1.7.RELEASE]
	at org.springframework.beans.factory.support.AbstractAutowireCapableBeanFactory.instantiateUsingFactoryMethod(AbstractAutowireCapableBeanFactory.java:1119) ~[spring-beans-4.1.7.RELEASE.jar:4.1.7.RELEASE]
	at org.springframework.beans.factory.support.AbstractAutowireCapableBeanFactory.createBeanInstance(AbstractAutowireCapableBeanFactory.java:1014) ~[spring-beans-4.1.7.RELEASE.jar:4.1.7.RELEASE]
	at org.springframework.beans.factory.support.AbstractAutowireCapableBeanFactory.doCreateBean(AbstractAutowireCapableBeanFactory.java:504) ~[spring-beans-4.1.7.RELEASE.jar:4.1.7.RELEASE]
	at org.springframework.beans.factory.support.AbstractAutowireCapableBeanFactory.createBean(AbstractAutowireCapableBeanFactory.java:476) ~[spring-beans-4.1.7.RELEASE.jar:4.1.7.RELEASE]
	at org.springframework.beans.factory.support.AbstractBeanFactory$1.getObject(AbstractBeanFactory.java:303) ~[spring-beans-4.1.7.RELEASE.jar:4.1.7.RELEASE]
	at org.springframework.beans.factory.support.DefaultSingletonBeanRegistry.getSingleton(DefaultSingletonBeanRegistry.java:230) ~[spring-beans-4.1.7.RELEASE.jar:4.1.7.RELEASE]
	at org.springframework.beans.factory.support.AbstractBeanFactory.doGetBean(AbstractBeanFactory.java:299) ~[spring-beans-4.1.7.RELEASE.jar:4.1.7.RELEASE]
	at org.springframework.beans.factory.support.AbstractBeanFactory.getBean(AbstractBeanFactory.java:194) ~[spring-beans-4.1.7.RELEASE.jar:4.1.7.RELEASE]
	at org.springframework.beans.factory.support.DefaultListableBeanFactory.preInstantiateSingletons(DefaultListableBeanFactory.java:755) ~[spring-beans-4.1.7.RELEASE.jar:4.1.7.RELEASE]
	at org.springframework.context.support.AbstractApplicationContext.finishBeanFactoryInitialization(AbstractApplicationContext.java:757) ~[spring-context-4.1.7.RELEASE.jar:4.1.7.RELEASE]
	at org.springframework.context.support.AbstractApplicationContext.refresh(AbstractApplicationContext.java:480) ~[spring-context-4.1.7.RELEASE.jar:4.1.7.RELEASE]
	at org.springframework.test.context.support.AbstractGenericContextLoader.loadContext(AbstractGenericContextLoader.java:125) ~[spring-test-4.1.7.RELEASE.jar:4.1.7.RELEASE]
	at org.springframework.test.context.support.AbstractGenericContextLoader.loadContext(AbstractGenericContextLoader.java:60) ~[spring-test-4.1.7.RELEASE.jar:4.1.7.RELEASE]
	at org.springframework.test.context.support.AbstractDelegatingSmartContextLoader.delegateLoading(AbstractDelegatingSmartContextLoader.java:109) ~[spring-test-4.1.7.RELEASE.jar:4.1.7.RELEASE]
	at org.springframework.test.context.support.AbstractDelegatingSmartContextLoader.loadContext(AbstractDelegatingSmartContextLoader.java:261) ~[spring-test-4.1.7.RELEASE.jar:4.1.7.RELEASE]
	at org.springframework.test.context.DefaultCacheAwareContextLoaderDelegate.loadContextInternal(DefaultCacheAwareContextLoaderDelegate.java:68) ~[spring-test-4.1.7.RELEASE.jar:4.1.7.RELEASE]
	at org.springframework.test.context.DefaultCacheAwareContextLoaderDelegate.loadContext(DefaultCacheAwareContextLoaderDelegate.java:86) ~[spring-test-4.1.7.RELEASE.jar:4.1.7.RELEASE]
	... 26 common frames omitted
Caused by: org.springframework.beans.BeanInstantiationException: Failed to instantiate [org.springframework.data.aerospike.core.AerospikeTemplate]: Factory method 'aerospikeTemplate' threw exception; nested exception is org.springframework.beans.factory.BeanCreationException: Error creating bean with name 'aerospikeClient' defined in org.springframework.data.aerospike.repository.TestConfigPerson: Bean instantiation via factory method failed; nested exception is org.springframework.beans.BeanInstantiationException: Failed to instantiate [com.aerospike.client.AerospikeClient]: Factory method 'aerospikeClient' threw exception; nested exception is com.aerospike.client.AerospikeException$Connection: Error Code 11: Failed to connect to host(s): 
52.41.32.83:3000 Error Code 11: java.net.SocketTimeoutException: connect timed out

	at org.springframework.beans.factory.support.SimpleInstantiationStrategy.instantiate(SimpleInstantiationStrategy.java:189) ~[spring-beans-4.1.7.RELEASE.jar:4.1.7.RELEASE]
	at org.springframework.beans.factory.support.ConstructorResolver.instantiateUsingFactoryMethod(ConstructorResolver.java:588) ~[spring-beans-4.1.7.RELEASE.jar:4.1.7.RELEASE]
	... 43 common frames omitted
Caused by: org.springframework.beans.factory.BeanCreationException: Error creating bean with name 'aerospikeClient' defined in org.springframework.data.aerospike.repository.TestConfigPerson: Bean instantiation via factory method failed; nested exception is org.springframework.beans.BeanInstantiationException: Failed to instantiate [com.aerospike.client.AerospikeClient]: Factory method 'aerospikeClient' threw exception; nested exception is com.aerospike.client.AerospikeException$Connection: Error Code 11: Failed to connect to host(s): 
52.41.32.83:3000 Error Code 11: java.net.SocketTimeoutException: connect timed out

	at org.springframework.beans.factory.support.ConstructorResolver.instantiateUsingFactoryMethod(ConstructorResolver.java:599) ~[spring-beans-4.1.7.RELEASE.jar:4.1.7.RELEASE]
	at org.springframework.beans.factory.support.AbstractAutowireCapableBeanFactory.instantiateUsingFactoryMethod(AbstractAutowireCapableBeanFactory.java:1119) ~[spring-beans-4.1.7.RELEASE.jar:4.1.7.RELEASE]
	at org.springframework.beans.factory.support.AbstractAutowireCapableBeanFactory.createBeanInstance(AbstractAutowireCapableBeanFactory.java:1014) ~[spring-beans-4.1.7.RELEASE.jar:4.1.7.RELEASE]
	at org.springframework.beans.factory.support.AbstractAutowireCapableBeanFactory.doCreateBean(AbstractAutowireCapableBeanFactory.java:504) ~[spring-beans-4.1.7.RELEASE.jar:4.1.7.RELEASE]
	at org.springframework.beans.factory.support.AbstractAutowireCapableBeanFactory.createBean(AbstractAutowireCapableBeanFactory.java:476) ~[spring-beans-4.1.7.RELEASE.jar:4.1.7.RELEASE]
	at org.springframework.beans.factory.support.AbstractBeanFactory$1.getObject(AbstractBeanFactory.java:303) ~[spring-beans-4.1.7.RELEASE.jar:4.1.7.RELEASE]
	at org.springframework.beans.factory.support.DefaultSingletonBeanRegistry.getSingleton(DefaultSingletonBeanRegistry.java:230) ~[spring-beans-4.1.7.RELEASE.jar:4.1.7.RELEASE]
	at org.springframework.beans.factory.support.AbstractBeanFactory.doGetBean(AbstractBeanFactory.java:299) ~[spring-beans-4.1.7.RELEASE.jar:4.1.7.RELEASE]
	at org.springframework.beans.factory.support.AbstractBeanFactory.getBean(AbstractBeanFactory.java:194) ~[spring-beans-4.1.7.RELEASE.jar:4.1.7.RELEASE]
	at org.springframework.context.annotation.ConfigurationClassEnhancer$BeanMethodInterceptor.intercept(ConfigurationClassEnhancer.java:322) ~[spring-context-4.1.7.RELEASE.jar:4.1.7.RELEASE]
	at org.springframework.data.aerospike.repository.TestConfigPerson$$EnhancerBySpringCGLIB$$3f27a8da.aerospikeClient(<generated>) ~[spring-core-4.1.7.RELEASE.jar:na]
	at org.springframework.data.aerospike.repository.TestConfigPerson.aerospikeTemplate(TestConfigPerson.java:38) ~[test-classes/:na]
	at org.springframework.data.aerospike.repository.TestConfigPerson$$EnhancerBySpringCGLIB$$3f27a8da.CGLIB$aerospikeTemplate$0(<generated>) ~[spring-core-4.1.7.RELEASE.jar:na]
	at org.springframework.data.aerospike.repository.TestConfigPerson$$EnhancerBySpringCGLIB$$3f27a8da$$FastClassBySpringCGLIB$$38965c5e.invoke(<generated>) ~[spring-core-4.1.7.RELEASE.jar:na]
	at org.springframework.cglib.proxy.MethodProxy.invokeSuper(MethodProxy.java:228) ~[spring-core-4.1.7.RELEASE.jar:4.1.7.RELEASE]
	at org.springframework.context.annotation.ConfigurationClassEnhancer$BeanMethodInterceptor.intercept(ConfigurationClassEnhancer.java:309) ~[spring-context-4.1.7.RELEASE.jar:4.1.7.RELEASE]
	at org.springframework.data.aerospike.repository.TestConfigPerson$$EnhancerBySpringCGLIB$$3f27a8da.aerospikeTemplate(<generated>) ~[spring-core-4.1.7.RELEASE.jar:na]
	at sun.reflect.NativeMethodAccessorImpl.invoke0(Native Method) ~[na:1.8.0_91]
	at sun.reflect.NativeMethodAccessorImpl.invoke(NativeMethodAccessorImpl.java:62) ~[na:1.8.0_91]
	at sun.reflect.DelegatingMethodAccessorImpl.invoke(DelegatingMethodAccessorImpl.java:43) ~[na:1.8.0_91]
	at java.lang.reflect.Method.invoke(Method.java:498) ~[na:1.8.0_91]
	at org.springframework.beans.factory.support.SimpleInstantiationStrategy.instantiate(SimpleInstantiationStrategy.java:162) ~[spring-beans-4.1.7.RELEASE.jar:4.1.7.RELEASE]
	... 44 common frames omitted
Caused by: org.springframework.beans.BeanInstantiationException: Failed to instantiate [com.aerospike.client.AerospikeClient]: Factory method 'aerospikeClient' threw exception; nested exception is com.aerospike.client.AerospikeException$Connection: Error Code 11: Failed to connect to host(s): 
52.41.32.83:3000 Error Code 11: java.net.SocketTimeoutException: connect timed out

	at org.springframework.beans.factory.support.SimpleInstantiationStrategy.instantiate(SimpleInstantiationStrategy.java:189) ~[spring-beans-4.1.7.RELEASE.jar:4.1.7.RELEASE]
	at org.springframework.beans.factory.support.ConstructorResolver.instantiateUsingFactoryMethod(ConstructorResolver.java:588) ~[spring-beans-4.1.7.RELEASE.jar:4.1.7.RELEASE]
	... 65 common frames omitted
Caused by: com.aerospike.client.AerospikeException$Connection: Error Code 11: Failed to connect to host(s): 
52.41.32.83:3000 Error Code 11: java.net.SocketTimeoutException: connect timed out

	at com.aerospike.client.cluster.Cluster.seedNodes(Cluster.java:386) ~[aerospike-client-3.2.3.jar:na]
	at com.aerospike.client.cluster.Cluster.tend(Cluster.java:273) ~[aerospike-client-3.2.3.jar:na]
	at com.aerospike.client.cluster.Cluster.waitTillStabilized(Cluster.java:238) ~[aerospike-client-3.2.3.jar:na]
	at com.aerospike.client.cluster.Cluster.initTendThread(Cluster.java:148) ~[aerospike-client-3.2.3.jar:na]
	at com.aerospike.client.AerospikeClient.<init>(AerospikeClient.java:209) ~[aerospike-client-3.2.3.jar:na]
	at com.aerospike.client.AerospikeClient.<init>(AerospikeClient.java:173) ~[aerospike-client-3.2.3.jar:na]
	at org.springframework.data.aerospike.repository.TestConfigPerson.aerospikeClient(TestConfigPerson.java:32) ~[test-classes/:na]
	at org.springframework.data.aerospike.repository.TestConfigPerson$$EnhancerBySpringCGLIB$$3f27a8da.CGLIB$aerospikeClient$1(<generated>) ~[spring-core-4.1.7.RELEASE.jar:na]
	at org.springframework.data.aerospike.repository.TestConfigPerson$$EnhancerBySpringCGLIB$$3f27a8da$$FastClassBySpringCGLIB$$38965c5e.invoke(<generated>) ~[spring-core-4.1.7.RELEASE.jar:na]
	at org.springframework.cglib.proxy.MethodProxy.invokeSuper(MethodProxy.java:228) ~[spring-core-4.1.7.RELEASE.jar:4.1.7.RELEASE]
	at org.springframework.context.annotation.ConfigurationClassEnhancer$BeanMethodInterceptor.intercept(ConfigurationClassEnhancer.java:309) ~[spring-context-4.1.7.RELEASE.jar:4.1.7.RELEASE]
	at org.springframework.data.aerospike.repository.TestConfigPerson$$EnhancerBySpringCGLIB$$3f27a8da.aerospikeClient(<generated>) ~[spring-core-4.1.7.RELEASE.jar:na]
	at sun.reflect.NativeMethodAccessorImpl.invoke0(Native Method) ~[na:1.8.0_91]
	at sun.reflect.NativeMethodAccessorImpl.invoke(NativeMethodAccessorImpl.java:62) ~[na:1.8.0_91]
	at sun.reflect.DelegatingMethodAccessorImpl.invoke(DelegatingMethodAccessorImpl.java:43) ~[na:1.8.0_91]
	at java.lang.reflect.Method.invoke(Method.java:498) ~[na:1.8.0_91]
	at org.springframework.beans.factory.support.SimpleInstantiationStrategy.instantiate(SimpleInstantiationStrategy.java:162) ~[spring-beans-4.1.7.RELEASE.jar:4.1.7.RELEASE]
	... 66 common frames omitted
]]></system-out>
  </testcase>
  <testcase name="findsAllWithGivenIds" classname="org.springframework.data.aerospike.repository.PersonRepositoryIntegrationTests" time="0">
    <error message="Failed to load ApplicationContext" type="java.lang.IllegalStateException"><![CDATA[java.lang.IllegalStateException: Failed to load ApplicationContext
	at org.springframework.test.context.DefaultCacheAwareContextLoaderDelegate.loadContext(DefaultCacheAwareContextLoaderDelegate.java:94)
	at org.springframework.test.context.DefaultTestContext.getApplicationContext(DefaultTestContext.java:72)
	at org.springframework.test.context.support.DependencyInjectionTestExecutionListener.injectDependencies(DependencyInjectionTestExecutionListener.java:117)
	at org.springframework.test.context.support.DependencyInjectionTestExecutionListener.prepareTestInstance(DependencyInjectionTestExecutionListener.java:83)
	at org.springframework.test.context.TestContextManager.prepareTestInstance(TestContextManager.java:212)
	at org.springframework.test.context.junit4.SpringJUnit4ClassRunner.createTest(SpringJUnit4ClassRunner.java:200)
	at org.springframework.test.context.junit4.SpringJUnit4ClassRunner$1.runReflectiveCall(SpringJUnit4ClassRunner.java:259)
	at org.junit.internal.runners.model.ReflectiveCallable.run(ReflectiveCallable.java:12)
	at org.springframework.test.context.junit4.SpringJUnit4ClassRunner.methodBlock(SpringJUnit4ClassRunner.java:261)
	at org.springframework.test.context.junit4.SpringJUnit4ClassRunner.runChild(SpringJUnit4ClassRunner.java:219)
	at org.springframework.test.context.junit4.SpringJUnit4ClassRunner.runChild(SpringJUnit4ClassRunner.java:83)
	at org.junit.runners.ParentRunner$3.run(ParentRunner.java:290)
	at org.junit.runners.ParentRunner$1.schedule(ParentRunner.java:71)
	at org.junit.runners.ParentRunner.runChildren(ParentRunner.java:288)
	at org.junit.runners.ParentRunner.access$000(ParentRunner.java:58)
	at org.junit.runners.ParentRunner$2.evaluate(ParentRunner.java:268)
	at org.springframework.test.context.junit4.statements.RunBeforeTestClassCallbacks.evaluate(RunBeforeTestClassCallbacks.java:61)
	at org.springframework.test.context.junit4.statements.RunAfterTestClassCallbacks.evaluate(RunAfterTestClassCallbacks.java:68)
	at org.junit.runners.ParentRunner.run(ParentRunner.java:363)
	at org.springframework.test.context.junit4.SpringJUnit4ClassRunner.run(SpringJUnit4ClassRunner.java:163)
	at org.apache.maven.surefire.junit4.JUnit4Provider.execute(JUnit4Provider.java:283)
	at org.apache.maven.surefire.junit4.JUnit4Provider.executeWithRerun(JUnit4Provider.java:173)
	at org.apache.maven.surefire.junit4.JUnit4Provider.executeTestSet(JUnit4Provider.java:153)
	at org.apache.maven.surefire.junit4.JUnit4Provider.invoke(JUnit4Provider.java:128)
	at org.apache.maven.surefire.booter.ForkedBooter.invokeProviderInSameClassLoader(ForkedBooter.java:203)
	at org.apache.maven.surefire.booter.ForkedBooter.runSuitesInProcess(ForkedBooter.java:155)
	at org.apache.maven.surefire.booter.ForkedBooter.main(ForkedBooter.java:103)
Caused by: org.springframework.beans.factory.BeanCreationException: Error creating bean with name 'aerospikeTemplate' defined in org.springframework.data.aerospike.repository.TestConfigPerson: Bean instantiation via factory method failed; nested exception is org.springframework.beans.BeanInstantiationException: Failed to instantiate [org.springframework.data.aerospike.core.AerospikeTemplate]: Factory method 'aerospikeTemplate' threw exception; nested exception is com.aerospike.helper.query.ClusterRefreshError: Cannot find UDF modules
	at org.springframework.beans.factory.support.ConstructorResolver.instantiateUsingFactoryMethod(ConstructorResolver.java:599)
	at org.springframework.beans.factory.support.AbstractAutowireCapableBeanFactory.instantiateUsingFactoryMethod(AbstractAutowireCapableBeanFactory.java:1119)
	at org.springframework.beans.factory.support.AbstractAutowireCapableBeanFactory.createBeanInstance(AbstractAutowireCapableBeanFactory.java:1014)
	at org.springframework.beans.factory.support.AbstractAutowireCapableBeanFactory.doCreateBean(AbstractAutowireCapableBeanFactory.java:504)
	at org.springframework.beans.factory.support.AbstractAutowireCapableBeanFactory.createBean(AbstractAutowireCapableBeanFactory.java:476)
	at org.springframework.beans.factory.support.AbstractBeanFactory$1.getObject(AbstractBeanFactory.java:303)
	at org.springframework.beans.factory.support.DefaultSingletonBeanRegistry.getSingleton(DefaultSingletonBeanRegistry.java:230)
	at org.springframework.beans.factory.support.AbstractBeanFactory.doGetBean(AbstractBeanFactory.java:299)
	at org.springframework.beans.factory.support.AbstractBeanFactory.getBean(AbstractBeanFactory.java:194)
	at org.springframework.beans.factory.support.DefaultListableBeanFactory.preInstantiateSingletons(DefaultListableBeanFactory.java:755)
	at org.springframework.context.support.AbstractApplicationContext.finishBeanFactoryInitialization(AbstractApplicationContext.java:757)
	at org.springframework.context.support.AbstractApplicationContext.refresh(AbstractApplicationContext.java:480)
	at org.springframework.test.context.support.AbstractGenericContextLoader.loadContext(AbstractGenericContextLoader.java:125)
	at org.springframework.test.context.support.AbstractGenericContextLoader.loadContext(AbstractGenericContextLoader.java:60)
	at org.springframework.test.context.support.AbstractDelegatingSmartContextLoader.delegateLoading(AbstractDelegatingSmartContextLoader.java:109)
	at org.springframework.test.context.support.AbstractDelegatingSmartContextLoader.loadContext(AbstractDelegatingSmartContextLoader.java:261)
	at org.springframework.test.context.DefaultCacheAwareContextLoaderDelegate.loadContextInternal(DefaultCacheAwareContextLoaderDelegate.java:68)
	at org.springframework.test.context.DefaultCacheAwareContextLoaderDelegate.loadContext(DefaultCacheAwareContextLoaderDelegate.java:86)
	at org.springframework.test.context.DefaultTestContext.getApplicationContext(DefaultTestContext.java:72)
	at org.springframework.test.context.support.DependencyInjectionTestExecutionListener.injectDependencies(DependencyInjectionTestExecutionListener.java:117)
	at org.springframework.test.context.support.DependencyInjectionTestExecutionListener.prepareTestInstance(DependencyInjectionTestExecutionListener.java:83)
	at org.springframework.test.context.TestContextManager.prepareTestInstance(TestContextManager.java:212)
	at org.springframework.test.context.junit4.SpringJUnit4ClassRunner.createTest(SpringJUnit4ClassRunner.java:200)
	at org.springframework.test.context.junit4.SpringJUnit4ClassRunner$1.runReflectiveCall(SpringJUnit4ClassRunner.java:259)
	at org.junit.internal.runners.model.ReflectiveCallable.run(ReflectiveCallable.java:12)
	at org.springframework.test.context.junit4.SpringJUnit4ClassRunner.methodBlock(SpringJUnit4ClassRunner.java:261)
	at org.springframework.test.context.junit4.SpringJUnit4ClassRunner.runChild(SpringJUnit4ClassRunner.java:219)
	at org.springframework.test.context.junit4.SpringJUnit4ClassRunner.runChild(SpringJUnit4ClassRunner.java:83)
	at org.junit.runners.ParentRunner$3.run(ParentRunner.java:290)
	at org.junit.runners.ParentRunner$1.schedule(ParentRunner.java:71)
	at org.junit.runners.ParentRunner.runChildren(ParentRunner.java:288)
	at org.junit.runners.ParentRunner.access$000(ParentRunner.java:58)
	at org.junit.runners.ParentRunner$2.evaluate(ParentRunner.java:268)
	at org.springframework.test.context.junit4.statements.RunBeforeTestClassCallbacks.evaluate(RunBeforeTestClassCallbacks.java:61)
	at org.springframework.test.context.junit4.statements.RunAfterTestClassCallbacks.evaluate(RunAfterTestClassCallbacks.java:68)
	at org.junit.runners.ParentRunner.run(ParentRunner.java:363)
	at org.springframework.test.context.junit4.SpringJUnit4ClassRunner.run(SpringJUnit4ClassRunner.java:163)
	at org.apache.maven.surefire.junit4.JUnit4Provider.execute(JUnit4Provider.java:283)
	at org.apache.maven.surefire.junit4.JUnit4Provider.executeWithRerun(JUnit4Provider.java:173)
	at org.apache.maven.surefire.junit4.JUnit4Provider.executeTestSet(JUnit4Provider.java:153)
	at org.apache.maven.surefire.junit4.JUnit4Provider.invoke(JUnit4Provider.java:128)
	at org.apache.maven.surefire.booter.ForkedBooter.invokeProviderInSameClassLoader(ForkedBooter.java:203)
	at org.apache.maven.surefire.booter.ForkedBooter.runSuitesInProcess(ForkedBooter.java:155)
	at org.apache.maven.surefire.booter.ForkedBooter.main(ForkedBooter.java:103)
Caused by: org.springframework.beans.BeanInstantiationException: Failed to instantiate [org.springframework.data.aerospike.core.AerospikeTemplate]: Factory method 'aerospikeTemplate' threw exception; nested exception is com.aerospike.helper.query.ClusterRefreshError: Cannot find UDF modules
	at org.springframework.beans.factory.support.SimpleInstantiationStrategy.instantiate(SimpleInstantiationStrategy.java:189)
	at org.springframework.beans.factory.support.ConstructorResolver.instantiateUsingFactoryMethod(ConstructorResolver.java:588)
	at org.springframework.beans.factory.support.AbstractAutowireCapableBeanFactory.instantiateUsingFactoryMethod(AbstractAutowireCapableBeanFactory.java:1119)
	at org.springframework.beans.factory.support.AbstractAutowireCapableBeanFactory.createBeanInstance(AbstractAutowireCapableBeanFactory.java:1014)
	at org.springframework.beans.factory.support.AbstractAutowireCapableBeanFactory.doCreateBean(AbstractAutowireCapableBeanFactory.java:504)
	at org.springframework.beans.factory.support.AbstractAutowireCapableBeanFactory.createBean(AbstractAutowireCapableBeanFactory.java:476)
	at org.springframework.beans.factory.support.AbstractBeanFactory$1.getObject(AbstractBeanFactory.java:303)
	at org.springframework.beans.factory.support.DefaultSingletonBeanRegistry.getSingleton(DefaultSingletonBeanRegistry.java:230)
	at org.springframework.beans.factory.support.AbstractBeanFactory.doGetBean(AbstractBeanFactory.java:299)
	at org.springframework.beans.factory.support.AbstractBeanFactory.getBean(AbstractBeanFactory.java:194)
	at org.springframework.beans.factory.support.DefaultListableBeanFactory.preInstantiateSingletons(DefaultListableBeanFactory.java:755)
	at org.springframework.context.support.AbstractApplicationContext.finishBeanFactoryInitialization(AbstractApplicationContext.java:757)
	at org.springframework.context.support.AbstractApplicationContext.refresh(AbstractApplicationContext.java:480)
	at org.springframework.test.context.support.AbstractGenericContextLoader.loadContext(AbstractGenericContextLoader.java:125)
	at org.springframework.test.context.support.AbstractGenericContextLoader.loadContext(AbstractGenericContextLoader.java:60)
	at org.springframework.test.context.support.AbstractDelegatingSmartContextLoader.delegateLoading(AbstractDelegatingSmartContextLoader.java:109)
	at org.springframework.test.context.support.AbstractDelegatingSmartContextLoader.loadContext(AbstractDelegatingSmartContextLoader.java:261)
	at org.springframework.test.context.DefaultCacheAwareContextLoaderDelegate.loadContextInternal(DefaultCacheAwareContextLoaderDelegate.java:68)
	at org.springframework.test.context.DefaultCacheAwareContextLoaderDelegate.loadContext(DefaultCacheAwareContextLoaderDelegate.java:86)
	at org.springframework.test.context.DefaultTestContext.getApplicationContext(DefaultTestContext.java:72)
	at org.springframework.test.context.support.DependencyInjectionTestExecutionListener.injectDependencies(DependencyInjectionTestExecutionListener.java:117)
	at org.springframework.test.context.support.DependencyInjectionTestExecutionListener.prepareTestInstance(DependencyInjectionTestExecutionListener.java:83)
	at org.springframework.test.context.TestContextManager.prepareTestInstance(TestContextManager.java:212)
	at org.springframework.test.context.junit4.SpringJUnit4ClassRunner.createTest(SpringJUnit4ClassRunner.java:200)
	at org.springframework.test.context.junit4.SpringJUnit4ClassRunner$1.runReflectiveCall(SpringJUnit4ClassRunner.java:259)
	at org.junit.internal.runners.model.ReflectiveCallable.run(ReflectiveCallable.java:12)
	at org.springframework.test.context.junit4.SpringJUnit4ClassRunner.methodBlock(SpringJUnit4ClassRunner.java:261)
	at org.springframework.test.context.junit4.SpringJUnit4ClassRunner.runChild(SpringJUnit4ClassRunner.java:219)
	at org.springframework.test.context.junit4.SpringJUnit4ClassRunner.runChild(SpringJUnit4ClassRunner.java:83)
	at org.junit.runners.ParentRunner$3.run(ParentRunner.java:290)
	at org.junit.runners.ParentRunner$1.schedule(ParentRunner.java:71)
	at org.junit.runners.ParentRunner.runChildren(ParentRunner.java:288)
	at org.junit.runners.ParentRunner.access$000(ParentRunner.java:58)
	at org.junit.runners.ParentRunner$2.evaluate(ParentRunner.java:268)
	at org.springframework.test.context.junit4.statements.RunBeforeTestClassCallbacks.evaluate(RunBeforeTestClassCallbacks.java:61)
	at org.springframework.test.context.junit4.statements.RunAfterTestClassCallbacks.evaluate(RunAfterTestClassCallbacks.java:68)
	at org.junit.runners.ParentRunner.run(ParentRunner.java:363)
	at org.springframework.test.context.junit4.SpringJUnit4ClassRunner.run(SpringJUnit4ClassRunner.java:163)
	at org.apache.maven.surefire.junit4.JUnit4Provider.execute(JUnit4Provider.java:283)
	at org.apache.maven.surefire.junit4.JUnit4Provider.executeWithRerun(JUnit4Provider.java:173)
	at org.apache.maven.surefire.junit4.JUnit4Provider.executeTestSet(JUnit4Provider.java:153)
	at org.apache.maven.surefire.junit4.JUnit4Provider.invoke(JUnit4Provider.java:128)
	at org.apache.maven.surefire.booter.ForkedBooter.invokeProviderInSameClassLoader(ForkedBooter.java:203)
	at org.apache.maven.surefire.booter.ForkedBooter.runSuitesInProcess(ForkedBooter.java:155)
	at org.apache.maven.surefire.booter.ForkedBooter.main(ForkedBooter.java:103)
Caused by: com.aerospike.helper.query.ClusterRefreshError: Cannot find UDF modules
	at com.aerospike.helper.query.QueryEngine.refreshModules(QueryEngine.java:678)
	at com.aerospike.helper.query.QueryEngine.refreshCluster(QueryEngine.java:536)
	at com.aerospike.helper.query.QueryEngine.setClient(QueryEngine.java:129)
	at com.aerospike.helper.query.QueryEngine.<init>(QueryEngine.java:110)
	at org.springframework.data.aerospike.core.AerospikeTemplate.<init>(AerospikeTemplate.java:132)
	at org.springframework.data.aerospike.repository.TestConfigPerson.aerospikeTemplate(TestConfigPerson.java:38)
	at org.springframework.data.aerospike.repository.TestConfigPerson$$EnhancerBySpringCGLIB$$3f27a8da.CGLIB$aerospikeTemplate$0(<generated>)
	at org.springframework.data.aerospike.repository.TestConfigPerson$$EnhancerBySpringCGLIB$$3f27a8da$$FastClassBySpringCGLIB$$38965c5e.invoke(<generated>)
	at org.springframework.cglib.proxy.MethodProxy.invokeSuper(MethodProxy.java:228)
	at org.springframework.context.annotation.ConfigurationClassEnhancer$BeanMethodInterceptor.intercept(ConfigurationClassEnhancer.java:309)
	at org.springframework.data.aerospike.repository.TestConfigPerson$$EnhancerBySpringCGLIB$$3f27a8da.aerospikeTemplate(<generated>)
	at sun.reflect.GeneratedMethodAccessor45.invoke(Unknown Source)
	at sun.reflect.DelegatingMethodAccessorImpl.invoke(DelegatingMethodAccessorImpl.java:43)
	at java.lang.reflect.Method.invoke(Method.java:498)
	at org.springframework.beans.factory.support.SimpleInstantiationStrategy.instantiate(SimpleInstantiationStrategy.java:162)
	at org.springframework.beans.factory.support.ConstructorResolver.instantiateUsingFactoryMethod(ConstructorResolver.java:588)
	at org.springframework.beans.factory.support.AbstractAutowireCapableBeanFactory.instantiateUsingFactoryMethod(AbstractAutowireCapableBeanFactory.java:1119)
	at org.springframework.beans.factory.support.AbstractAutowireCapableBeanFactory.createBeanInstance(AbstractAutowireCapableBeanFactory.java:1014)
	at org.springframework.beans.factory.support.AbstractAutowireCapableBeanFactory.doCreateBean(AbstractAutowireCapableBeanFactory.java:504)
	at org.springframework.beans.factory.support.AbstractAutowireCapableBeanFactory.createBean(AbstractAutowireCapableBeanFactory.java:476)
	at org.springframework.beans.factory.support.AbstractBeanFactory$1.getObject(AbstractBeanFactory.java:303)
	at org.springframework.beans.factory.support.DefaultSingletonBeanRegistry.getSingleton(DefaultSingletonBeanRegistry.java:230)
	at org.springframework.beans.factory.support.AbstractBeanFactory.doGetBean(AbstractBeanFactory.java:299)
	at org.springframework.beans.factory.support.AbstractBeanFactory.getBean(AbstractBeanFactory.java:194)
	at org.springframework.beans.factory.support.DefaultListableBeanFactory.preInstantiateSingletons(DefaultListableBeanFactory.java:755)
	at org.springframework.context.support.AbstractApplicationContext.finishBeanFactoryInitialization(AbstractApplicationContext.java:757)
	at org.springframework.context.support.AbstractApplicationContext.refresh(AbstractApplicationContext.java:480)
	at org.springframework.test.context.support.AbstractGenericContextLoader.loadContext(AbstractGenericContextLoader.java:125)
	at org.springframework.test.context.support.AbstractGenericContextLoader.loadContext(AbstractGenericContextLoader.java:60)
	at org.springframework.test.context.support.AbstractDelegatingSmartContextLoader.delegateLoading(AbstractDelegatingSmartContextLoader.java:109)
	at org.springframework.test.context.support.AbstractDelegatingSmartContextLoader.loadContext(AbstractDelegatingSmartContextLoader.java:261)
	at org.springframework.test.context.DefaultCacheAwareContextLoaderDelegate.loadContextInternal(DefaultCacheAwareContextLoaderDelegate.java:68)
	at org.springframework.test.context.DefaultCacheAwareContextLoaderDelegate.loadContext(DefaultCacheAwareContextLoaderDelegate.java:86)
	at org.springframework.test.context.DefaultTestContext.getApplicationContext(DefaultTestContext.java:72)
	at org.springframework.test.context.support.DependencyInjectionTestExecutionListener.injectDependencies(DependencyInjectionTestExecutionListener.java:117)
	at org.springframework.test.context.support.DependencyInjectionTestExecutionListener.prepareTestInstance(DependencyInjectionTestExecutionListener.java:83)
	at org.springframework.test.context.TestContextManager.prepareTestInstance(TestContextManager.java:212)
	at org.springframework.test.context.junit4.SpringJUnit4ClassRunner.createTest(SpringJUnit4ClassRunner.java:200)
	at org.springframework.test.context.junit4.SpringJUnit4ClassRunner$1.runReflectiveCall(SpringJUnit4ClassRunner.java:259)
	at org.junit.internal.runners.model.ReflectiveCallable.run(ReflectiveCallable.java:12)
	at org.springframework.test.context.junit4.SpringJUnit4ClassRunner.methodBlock(SpringJUnit4ClassRunner.java:261)
	at org.springframework.test.context.junit4.SpringJUnit4ClassRunner.runChild(SpringJUnit4ClassRunner.java:219)
	at org.springframework.test.context.junit4.SpringJUnit4ClassRunner.runChild(SpringJUnit4ClassRunner.java:83)
	at org.junit.runners.ParentRunner$3.run(ParentRunner.java:290)
	at org.junit.runners.ParentRunner$1.schedule(ParentRunner.java:71)
	at org.junit.runners.ParentRunner.runChildren(ParentRunner.java:288)
	at org.junit.runners.ParentRunner.access$000(ParentRunner.java:58)
	at org.junit.runners.ParentRunner$2.evaluate(ParentRunner.java:268)
	at org.springframework.test.context.junit4.statements.RunBeforeTestClassCallbacks.evaluate(RunBeforeTestClassCallbacks.java:61)
	at org.springframework.test.context.junit4.statements.RunAfterTestClassCallbacks.evaluate(RunAfterTestClassCallbacks.java:68)
	at org.junit.runners.ParentRunner.run(ParentRunner.java:363)
	at org.springframework.test.context.junit4.SpringJUnit4ClassRunner.run(SpringJUnit4ClassRunner.java:163)
	at org.apache.maven.surefire.junit4.JUnit4Provider.execute(JUnit4Provider.java:283)
	at org.apache.maven.surefire.junit4.JUnit4Provider.executeWithRerun(JUnit4Provider.java:173)
	at org.apache.maven.surefire.junit4.JUnit4Provider.executeTestSet(JUnit4Provider.java:153)
	at org.apache.maven.surefire.junit4.JUnit4Provider.invoke(JUnit4Provider.java:128)
	at org.apache.maven.surefire.booter.ForkedBooter.invokeProviderInSameClassLoader(ForkedBooter.java:203)
	at org.apache.maven.surefire.booter.ForkedBooter.runSuitesInProcess(ForkedBooter.java:155)
	at org.apache.maven.surefire.booter.ForkedBooter.main(ForkedBooter.java:103)
]]></error>
    <system-out><![CDATA[16:37:55.868 [main] DEBUG o.s.t.annotation.ProfileValueUtils - Retrieved @ProfileValueSourceConfiguration [null] for test class [org.springframework.data.aerospike.repository.PersonRepositoryIntegrationTests]
16:37:55.868 [main] DEBUG o.s.t.annotation.ProfileValueUtils - Retrieved ProfileValueSource type [class org.springframework.test.annotation.SystemProfileValueSource] for class [org.springframework.data.aerospike.repository.PersonRepositoryIntegrationTests]
16:37:55.868 [main] DEBUG o.s.t.c.s.DependencyInjectionTestExecutionListener - Performing dependency injection for test context [[DefaultTestContext@6c1cfa53 testClass = PersonRepositoryIntegrationTests, testInstance = org.springframework.data.aerospike.repository.PersonRepositoryIntegrationTests@7523a3dc, testMethod = [null], testException = [null], mergedContextConfiguration = [MergedContextConfiguration@52b06bef testClass = PersonRepositoryIntegrationTests, locations = '{}', classes = '{class org.springframework.data.aerospike.repository.TestConfigPerson}', contextInitializerClasses = '[]', activeProfiles = '{}', propertySourceLocations = '{}', propertySourceProperties = '{}', contextLoader = 'org.springframework.test.context.support.DelegatingSmartContextLoader', parent = [null]]]].
16:37:55.868 [main] DEBUG o.s.t.c.s.AbstractDelegatingSmartContextLoader - Delegating to AnnotationConfigContextLoader to load context from [MergedContextConfiguration@52b06bef testClass = PersonRepositoryIntegrationTests, locations = '{}', classes = '{class org.springframework.data.aerospike.repository.TestConfigPerson}', contextInitializerClasses = '[]', activeProfiles = '{}', propertySourceLocations = '{}', propertySourceProperties = '{}', contextLoader = 'org.springframework.test.context.support.DelegatingSmartContextLoader', parent = [null]].
16:37:55.868 [main] DEBUG o.s.t.c.s.AbstractGenericContextLoader - Loading ApplicationContext for merged context configuration [[MergedContextConfiguration@52b06bef testClass = PersonRepositoryIntegrationTests, locations = '{}', classes = '{class org.springframework.data.aerospike.repository.TestConfigPerson}', contextInitializerClasses = '[]', activeProfiles = '{}', propertySourceLocations = '{}', propertySourceProperties = '{}', contextLoader = 'org.springframework.test.context.support.DelegatingSmartContextLoader', parent = [null]]].
16:37:55.868 [main] DEBUG o.s.core.env.StandardEnvironment - Adding [systemProperties] PropertySource with lowest search precedence
16:37:55.868 [main] DEBUG o.s.core.env.StandardEnvironment - Adding [systemEnvironment] PropertySource with lowest search precedence
16:37:55.869 [main] DEBUG o.s.core.env.StandardEnvironment - Initialized StandardEnvironment with PropertySources [systemProperties,systemEnvironment]
16:37:55.869 [main] DEBUG o.s.t.c.s.AnnotationConfigContextLoader - Registering annotated classes: {class org.springframework.data.aerospike.repository.TestConfigPerson}
16:37:55.869 [main] INFO  o.s.c.s.GenericApplicationContext - Refreshing org.springframework.context.support.GenericApplicationContext@2806d6da: startup date [Tue Oct 04 16:37:55 BRT 2016]; root of context hierarchy
16:37:55.869 [main] DEBUG o.s.c.s.GenericApplicationContext - Bean factory for org.springframework.context.support.GenericApplicationContext@2806d6da: org.springframework.beans.factory.support.DefaultListableBeanFactory@766a49c7: defining beans [org.springframework.context.annotation.internalConfigurationAnnotationProcessor,org.springframework.context.annotation.internalAutowiredAnnotationProcessor,org.springframework.context.annotation.internalRequiredAnnotationProcessor,org.springframework.context.annotation.internalCommonAnnotationProcessor,testConfigPerson]; root of factory hierarchy
16:37:55.869 [main] DEBUG o.s.b.f.s.DefaultListableBeanFactory - Creating shared instance of singleton bean 'org.springframework.context.annotation.internalConfigurationAnnotationProcessor'
16:37:55.869 [main] DEBUG o.s.b.f.s.DefaultListableBeanFactory - Creating instance of bean 'org.springframework.context.annotation.internalConfigurationAnnotationProcessor'
16:37:55.869 [main] DEBUG o.s.b.f.s.DefaultListableBeanFactory - Eagerly caching bean 'org.springframework.context.annotation.internalConfigurationAnnotationProcessor' to allow for resolving potential circular references
16:37:55.869 [main] DEBUG o.s.b.f.s.DefaultListableBeanFactory - Finished creating instance of bean 'org.springframework.context.annotation.internalConfigurationAnnotationProcessor'
16:37:55.870 [main] DEBUG o.s.c.a.ConfigurationClassBeanDefinitionReader - Registering bean definition for @Bean method org.springframework.data.aerospike.repository.TestConfigPerson.aerospikeTemplate()
16:37:55.870 [main] DEBUG o.s.c.a.ConfigurationClassBeanDefinitionReader - Registering bean definition for @Bean method org.springframework.data.aerospike.repository.TestConfigPerson.aerospikeClient()
16:37:55.870 [main] DEBUG o.s.core.env.StandardEnvironment - Adding [systemProperties] PropertySource with lowest search precedence
16:37:55.870 [main] DEBUG o.s.core.env.StandardEnvironment - Adding [systemEnvironment] PropertySource with lowest search precedence
16:37:55.870 [main] DEBUG o.s.core.env.StandardEnvironment - Initialized StandardEnvironment with PropertySources [systemProperties,systemEnvironment]
16:37:55.870 [main] DEBUG o.s.c.i.s.PathMatchingResourcePatternResolver - Looking for matching resources in directory tree [/home/aluno/spring-projects/maven/spring-data-aerospike/target/test-classes/org/springframework/data]
16:37:55.870 [main] DEBUG o.s.c.i.s.PathMatchingResourcePatternResolver - Searching directory [/home/aluno/spring-projects/maven/spring-data-aerospike/target/test-classes/org/springframework/data] for files matching pattern [/home/aluno/spring-projects/maven/spring-data-aerospike/target/test-classes/org/springframework/data/**/repository/support/**/*.class]
16:37:55.870 [main] DEBUG o.s.c.i.s.PathMatchingResourcePatternResolver - Searching directory [/home/aluno/spring-projects/maven/spring-data-aerospike/target/test-classes/org/springframework/data/keyvalue] for files matching pattern [/home/aluno/spring-projects/maven/spring-data-aerospike/target/test-classes/org/springframework/data/**/repository/support/**/*.class]
16:37:55.871 [main] DEBUG o.s.c.i.s.PathMatchingResourcePatternResolver - Searching directory [/home/aluno/spring-projects/maven/spring-data-aerospike/target/test-classes/org/springframework/data/keyvalue/repository] for files matching pattern [/home/aluno/spring-projects/maven/spring-data-aerospike/target/test-classes/org/springframework/data/**/repository/support/**/*.class]
16:37:55.871 [main] DEBUG o.s.c.i.s.PathMatchingResourcePatternResolver - Searching directory [/home/aluno/spring-projects/maven/spring-data-aerospike/target/test-classes/org/springframework/data/keyvalue/repository/query] for files matching pattern [/home/aluno/spring-projects/maven/spring-data-aerospike/target/test-classes/org/springframework/data/**/repository/support/**/*.class]
16:37:55.871 [main] DEBUG o.s.c.i.s.PathMatchingResourcePatternResolver - Searching directory [/home/aluno/spring-projects/maven/spring-data-aerospike/target/test-classes/org/springframework/data/aerospike] for files matching pattern [/home/aluno/spring-projects/maven/spring-data-aerospike/target/test-classes/org/springframework/data/**/repository/support/**/*.class]
16:37:55.871 [main] DEBUG o.s.c.i.s.PathMatchingResourcePatternResolver - Searching directory [/home/aluno/spring-projects/maven/spring-data-aerospike/target/test-classes/org/springframework/data/aerospike/mapping] for files matching pattern [/home/aluno/spring-projects/maven/spring-data-aerospike/target/test-classes/org/springframework/data/**/repository/support/**/*.class]
16:37:55.871 [main] DEBUG o.s.c.i.s.PathMatchingResourcePatternResolver - Searching directory [/home/aluno/spring-projects/maven/spring-data-aerospike/target/test-classes/org/springframework/data/aerospike/core] for files matching pattern [/home/aluno/spring-projects/maven/spring-data-aerospike/target/test-classes/org/springframework/data/**/repository/support/**/*.class]
16:37:55.871 [main] DEBUG o.s.c.i.s.PathMatchingResourcePatternResolver - Searching directory [/home/aluno/spring-projects/maven/spring-data-aerospike/target/test-classes/org/springframework/data/aerospike/convert] for files matching pattern [/home/aluno/spring-projects/maven/spring-data-aerospike/target/test-classes/org/springframework/data/**/repository/support/**/*.class]
16:37:55.872 [main] DEBUG o.s.c.i.s.PathMatchingResourcePatternResolver - Searching directory [/home/aluno/spring-projects/maven/spring-data-aerospike/target/test-classes/org/springframework/data/aerospike/sample] for files matching pattern [/home/aluno/spring-projects/maven/spring-data-aerospike/target/test-classes/org/springframework/data/**/repository/support/**/*.class]
16:37:55.872 [main] DEBUG o.s.c.i.s.PathMatchingResourcePatternResolver - Searching directory [/home/aluno/spring-projects/maven/spring-data-aerospike/target/test-classes/org/springframework/data/aerospike/repository] for files matching pattern [/home/aluno/spring-projects/maven/spring-data-aerospike/target/test-classes/org/springframework/data/**/repository/support/**/*.class]
16:37:55.872 [main] DEBUG o.s.c.i.s.PathMatchingResourcePatternResolver - Searching directory [/home/aluno/spring-projects/maven/spring-data-aerospike/target/test-classes/org/springframework/data/aerospike/repository/support] for files matching pattern [/home/aluno/spring-projects/maven/spring-data-aerospike/target/test-classes/org/springframework/data/**/repository/support/**/*.class]
16:37:55.872 [main] DEBUG o.s.c.i.s.PathMatchingResourcePatternResolver - Searching directory [/home/aluno/spring-projects/maven/spring-data-aerospike/target/test-classes/org/springframework/data/aerospike/repository/query] for files matching pattern [/home/aluno/spring-projects/maven/spring-data-aerospike/target/test-classes/org/springframework/data/**/repository/support/**/*.class]
16:37:55.872 [main] DEBUG o.s.c.i.s.PathMatchingResourcePatternResolver - Searching directory [/home/aluno/spring-projects/maven/spring-data-aerospike/target/test-classes/org/springframework/data/aerospike/config] for files matching pattern [/home/aluno/spring-projects/maven/spring-data-aerospike/target/test-classes/org/springframework/data/**/repository/support/**/*.class]
16:37:55.872 [main] DEBUG o.s.c.i.s.PathMatchingResourcePatternResolver - Searching directory [/home/aluno/spring-projects/maven/spring-data-aerospike/target/test-classes/org/springframework/data/aerospike/cache] for files matching pattern [/home/aluno/spring-projects/maven/spring-data-aerospike/target/test-classes/org/springframework/data/**/repository/support/**/*.class]
16:37:55.873 [main] DEBUG o.s.c.i.s.PathMatchingResourcePatternResolver - Looking for matching resources in directory tree [/home/aluno/spring-projects/maven/spring-data-aerospike/target/classes/org/springframework/data]
16:37:55.873 [main] DEBUG o.s.c.i.s.PathMatchingResourcePatternResolver - Searching directory [/home/aluno/spring-projects/maven/spring-data-aerospike/target/classes/org/springframework/data] for files matching pattern [/home/aluno/spring-projects/maven/spring-data-aerospike/target/classes/org/springframework/data/**/repository/support/**/*.class]
16:37:55.873 [main] DEBUG o.s.c.i.s.PathMatchingResourcePatternResolver - Searching directory [/home/aluno/spring-projects/maven/spring-data-aerospike/target/classes/org/springframework/data/aerospike] for files matching pattern [/home/aluno/spring-projects/maven/spring-data-aerospike/target/classes/org/springframework/data/**/repository/support/**/*.class]
16:37:55.873 [main] DEBUG o.s.c.i.s.PathMatchingResourcePatternResolver - Searching directory [/home/aluno/spring-projects/maven/spring-data-aerospike/target/classes/org/springframework/data/aerospike/mapping] for files matching pattern [/home/aluno/spring-projects/maven/spring-data-aerospike/target/classes/org/springframework/data/**/repository/support/**/*.class]
16:37:55.873 [main] DEBUG o.s.c.i.s.PathMatchingResourcePatternResolver - Searching directory [/home/aluno/spring-projects/maven/spring-data-aerospike/target/classes/org/springframework/data/aerospike/core] for files matching pattern [/home/aluno/spring-projects/maven/spring-data-aerospike/target/classes/org/springframework/data/**/repository/support/**/*.class]
16:37:55.873 [main] DEBUG o.s.c.i.s.PathMatchingResourcePatternResolver - Searching directory [/home/aluno/spring-projects/maven/spring-data-aerospike/target/classes/org/springframework/data/aerospike/convert] for files matching pattern [/home/aluno/spring-projects/maven/spring-data-aerospike/target/classes/org/springframework/data/**/repository/support/**/*.class]
16:37:55.873 [main] DEBUG o.s.c.i.s.PathMatchingResourcePatternResolver - Searching directory [/home/aluno/spring-projects/maven/spring-data-aerospike/target/classes/org/springframework/data/aerospike/example] for files matching pattern [/home/aluno/spring-projects/maven/spring-data-aerospike/target/classes/org/springframework/data/**/repository/support/**/*.class]
16:37:55.873 [main] DEBUG o.s.c.i.s.PathMatchingResourcePatternResolver - Searching directory [/home/aluno/spring-projects/maven/spring-data-aerospike/target/classes/org/springframework/data/aerospike/example/data] for files matching pattern [/home/aluno/spring-projects/maven/spring-data-aerospike/target/classes/org/springframework/data/**/repository/support/**/*.class]
16:37:55.873 [main] DEBUG o.s.c.i.s.PathMatchingResourcePatternResolver - Searching directory [/home/aluno/spring-projects/maven/spring-data-aerospike/target/classes/org/springframework/data/aerospike/example/config] for files matching pattern [/home/aluno/spring-projects/maven/spring-data-aerospike/target/classes/org/springframework/data/**/repository/support/**/*.class]
16:37:55.873 [main] DEBUG o.s.c.i.s.PathMatchingResourcePatternResolver - Searching directory [/home/aluno/spring-projects/maven/spring-data-aerospike/target/classes/org/springframework/data/aerospike/annotation] for files matching pattern [/home/aluno/spring-projects/maven/spring-data-aerospike/target/classes/org/springframework/data/**/repository/support/**/*.class]
16:37:55.873 [main] DEBUG o.s.c.i.s.PathMatchingResourcePatternResolver - Searching directory [/home/aluno/spring-projects/maven/spring-data-aerospike/target/classes/org/springframework/data/aerospike/repository] for files matching pattern [/home/aluno/spring-projects/maven/spring-data-aerospike/target/classes/org/springframework/data/**/repository/support/**/*.class]
16:37:55.873 [main] DEBUG o.s.c.i.s.PathMatchingResourcePatternResolver - Searching directory [/home/aluno/spring-projects/maven/spring-data-aerospike/target/classes/org/springframework/data/aerospike/repository/support] for files matching pattern [/home/aluno/spring-projects/maven/spring-data-aerospike/target/classes/org/springframework/data/**/repository/support/**/*.class]
16:37:55.873 [main] DEBUG o.s.c.i.s.PathMatchingResourcePatternResolver - Searching directory [/home/aluno/spring-projects/maven/spring-data-aerospike/target/classes/org/springframework/data/aerospike/repository/config] for files matching pattern [/home/aluno/spring-projects/maven/spring-data-aerospike/target/classes/org/springframework/data/**/repository/support/**/*.class]
16:37:55.873 [main] DEBUG o.s.c.i.s.PathMatchingResourcePatternResolver - Searching directory [/home/aluno/spring-projects/maven/spring-data-aerospike/target/classes/org/springframework/data/aerospike/repository/query] for files matching pattern [/home/aluno/spring-projects/maven/spring-data-aerospike/target/classes/org/springframework/data/**/repository/support/**/*.class]
16:37:55.874 [main] DEBUG o.s.c.i.s.PathMatchingResourcePatternResolver - Searching directory [/home/aluno/spring-projects/maven/spring-data-aerospike/target/classes/org/springframework/data/aerospike/config] for files matching pattern [/home/aluno/spring-projects/maven/spring-data-aerospike/target/classes/org/springframework/data/**/repository/support/**/*.class]
16:37:55.874 [main] DEBUG o.s.c.i.s.PathMatchingResourcePatternResolver - Searching directory [/home/aluno/spring-projects/maven/spring-data-aerospike/target/classes/org/springframework/data/aerospike/cache] for files matching pattern [/home/aluno/spring-projects/maven/spring-data-aerospike/target/classes/org/springframework/data/**/repository/support/**/*.class]
16:37:55.874 [main] DEBUG o.s.c.i.s.PathMatchingResourcePatternResolver - Searching directory [/home/aluno/spring-projects/maven/spring-data-aerospike/target/classes/org/springframework/data/aerospike/utility] for files matching pattern [/home/aluno/spring-projects/maven/spring-data-aerospike/target/classes/org/springframework/data/**/repository/support/**/*.class]
16:37:55.874 [main] DEBUG o.s.c.i.s.PathMatchingResourcePatternResolver - Looking for matching resources in jar file [file:/home/aluno/.m2/repository/org/springframework/data/spring-data-commons/1.11.0.RELEASE/spring-data-commons-1.11.0.RELEASE.jar]
16:37:55.875 [main] DEBUG o.s.c.i.s.PathMatchingResourcePatternResolver - Looking for matching resources in jar file [file:/home/aluno/.m2/repository/org/springframework/data/spring-data-keyvalue/1.0.0.M1/spring-data-keyvalue-1.0.0.M1.jar]
16:37:55.876 [main] DEBUG o.s.c.i.s.PathMatchingResourcePatternResolver - Resolved location pattern [classpath*:org/springframework/data/**/repository/support/**/*.class] to resources [file [/home/aluno/spring-projects/maven/spring-data-aerospike/target/test-classes/org/springframework/data/aerospike/repository/support/SimpleAerospikeRepositoryTest$5.class], file [/home/aluno/spring-projects/maven/spring-data-aerospike/target/test-classes/org/springframework/data/aerospike/repository/support/SimpleAerospikeRepositoryTest$9.class], file [/home/aluno/spring-projects/maven/spring-data-aerospike/target/test-classes/org/springframework/data/aerospike/repository/support/SimpleAerospikeRepositoryTest$4.class], file [/home/aluno/spring-projects/maven/spring-data-aerospike/target/test-classes/org/springframework/data/aerospike/repository/support/AerospikeRepositoryFactoryTest.class], file [/home/aluno/spring-projects/maven/spring-data-aerospike/target/test-classes/org/springframework/data/aerospike/repository/support/SimpleAerospikeRepositoryTest.class], file [/home/aluno/spring-projects/maven/spring-data-aerospike/target/test-classes/org/springframework/data/aerospike/repository/support/SimpleAerospikeRepositoryTest$1.class], file [/home/aluno/spring-projects/maven/spring-data-aerospike/target/test-classes/org/springframework/data/aerospike/repository/support/SimpleAerospikeRepositoryTest$3.class], file [/home/aluno/spring-projects/maven/spring-data-aerospike/target/test-classes/org/springframework/data/aerospike/repository/support/SimpleAerospikeRepositoryTest$8.class], file [/home/aluno/spring-projects/maven/spring-data-aerospike/target/test-classes/org/springframework/data/aerospike/repository/support/SimpleAerospikeRepositoryTest$6.class], file [/home/aluno/spring-projects/maven/spring-data-aerospike/target/test-classes/org/springframework/data/aerospike/repository/support/SimpleAerospikeRepositoryTest$2.class], file [/home/aluno/spring-projects/maven/spring-data-aerospike/target/test-classes/org/springframework/data/aerospike/repository/support/AllTests.class], file [/home/aluno/spring-projects/maven/spring-data-aerospike/target/test-classes/org/springframework/data/aerospike/repository/support/SimpleAerospikeRepositoryTest$7.class], file [/home/aluno/spring-projects/maven/spring-data-aerospike/target/classes/org/springframework/data/aerospike/repository/support/AerospikeRepositoryFactoryBean.class], file [/home/aluno/spring-projects/maven/spring-data-aerospike/target/classes/org/springframework/data/aerospike/repository/support/AerospikeRepositoryFactory$AerospikeQueryLookupStrategy.class], file [/home/aluno/spring-projects/maven/spring-data-aerospike/target/classes/org/springframework/data/aerospike/repository/support/AerospikeRepositoryFactory.class], file [/home/aluno/spring-projects/maven/spring-data-aerospike/target/classes/org/springframework/data/aerospike/repository/support/SimpleAerospikeRepository.class], URL [jar:file:/home/aluno/.m2/repository/org/springframework/data/spring-data-commons/1.11.0.RELEASE/spring-data-commons-1.11.0.RELEASE.jar!/org/springframework/data/repository/support/DomainClassConverter$ConversionMatchAbbreviationException.class], URL [jar:file:/home/aluno/.m2/repository/org/springframework/data/spring-data-commons/1.11.0.RELEASE/spring-data-commons-1.11.0.RELEASE.jar!/org/springframework/data/repository/support/DomainClassConverter$ToIdConverter.class], URL [jar:file:/home/aluno/.m2/repository/org/springframework/data/spring-data-commons/1.11.0.RELEASE/spring-data-commons-1.11.0.RELEASE.jar!/org/springframework/data/repository/support/Repositories$EmptyRepositoryFactoryInformation.class], URL [jar:file:/home/aluno/.m2/repository/org/springframework/data/spring-data-commons/1.11.0.RELEASE/spring-data-commons-1.11.0.RELEASE.jar!/org/springframework/data/repository/support/PagingAndSortingRepositoryInvoker.class], URL [jar:file:/home/aluno/.m2/repository/org/springframework/data/spring-data-commons/1.11.0.RELEASE/spring-data-commons-1.11.0.RELEASE.jar!/org/springframework/data/repository/support/QueryMethodParameterConversionException.class], URL [jar:file:/home/aluno/.m2/repository/org/springframework/data/spring-data-commons/1.11.0.RELEASE/spring-data-commons-1.11.0.RELEASE.jar!/org/springframework/data/repository/support/MethodParameters.class], URL [jar:file:/home/aluno/.m2/repository/org/springframework/data/spring-data-commons/1.11.0.RELEASE/spring-data-commons-1.11.0.RELEASE.jar!/org/springframework/data/repository/support/RepositoryInvoker.class], URL [jar:file:/home/aluno/.m2/repository/org/springframework/data/spring-data-commons/1.11.0.RELEASE/spring-data-commons-1.11.0.RELEASE.jar!/org/springframework/data/repository/support/RepositoryInvokerFactory.class], URL [jar:file:/home/aluno/.m2/repository/org/springframework/data/spring-data-commons/1.11.0.RELEASE/spring-data-commons-1.11.0.RELEASE.jar!/org/springframework/data/repository/support/DomainClassPropertyEditorRegistrar.class], URL [jar:file:/home/aluno/.m2/repository/org/springframework/data/spring-data-commons/1.11.0.RELEASE/spring-data-commons-1.11.0.RELEASE.jar!/org/springframework/data/repository/support/AnnotationAttribute.class], URL [jar:file:/home/aluno/.m2/repository/org/springframework/data/spring-data-commons/1.11.0.RELEASE/spring-data-commons-1.11.0.RELEASE.jar!/org/springframework/data/repository/support/DefaultRepositoryInvokerFactory.class], URL [jar:file:/home/aluno/.m2/repository/org/springframework/data/spring-data-commons/1.11.0.RELEASE/spring-data-commons-1.11.0.RELEASE.jar!/org/springframework/data/repository/support/MethodParameters$AnnotationNamingMethodParameter.class], URL [jar:file:/home/aluno/.m2/repository/org/springframework/data/spring-data-commons/1.11.0.RELEASE/spring-data-commons-1.11.0.RELEASE.jar!/org/springframework/data/repository/support/CrudRepositoryInvoker.class], URL [jar:file:/home/aluno/.m2/repository/org/springframework/data/spring-data-commons/1.11.0.RELEASE/spring-data-commons-1.11.0.RELEASE.jar!/org/springframework/data/repository/support/Repositories.class], URL [jar:file:/home/aluno/.m2/repository/org/springframework/data/spring-data-commons/1.11.0.RELEASE/spring-data-commons-1.11.0.RELEASE.jar!/org/springframework/data/repository/support/DomainClassConverter$ToEntityConverter.class], URL [jar:file:/home/aluno/.m2/repository/org/springframework/data/spring-data-commons/1.11.0.RELEASE/spring-data-commons-1.11.0.RELEASE.jar!/org/springframework/data/repository/support/ReflectionRepositoryInvoker.class], URL [jar:file:/home/aluno/.m2/repository/org/springframework/data/spring-data-commons/1.11.0.RELEASE/spring-data-commons-1.11.0.RELEASE.jar!/org/springframework/data/repository/support/DomainClassPropertyEditor.class], URL [jar:file:/home/aluno/.m2/repository/org/springframework/data/spring-data-commons/1.11.0.RELEASE/spring-data-commons-1.11.0.RELEASE.jar!/org/springframework/data/repository/support/DomainClassConverter.class], URL [jar:file:/home/aluno/.m2/repository/org/springframework/data/spring-data-commons/1.11.0.RELEASE/spring-data-commons-1.11.0.RELEASE.jar!/org/springframework/data/repository/support/DomainClassConverter$1.class], URL [jar:file:/home/aluno/.m2/repository/org/springframework/data/spring-data-commons/1.11.0.RELEASE/spring-data-commons-1.11.0.RELEASE.jar!/org/springframework/data/repository/support/RepositoryInvocationInformation.class], URL [jar:file:/home/aluno/.m2/repository/org/springframework/data/spring-data-keyvalue/1.0.0.M1/spring-data-keyvalue-1.0.0.M1.jar!/org/springframework/data/keyvalue/repository/support/KeyValueRepositoryFactory$KeyValueQueryLookupStrategy.class], URL [jar:file:/home/aluno/.m2/repository/org/springframework/data/spring-data-keyvalue/1.0.0.M1/spring-data-keyvalue-1.0.0.M1.jar!/org/springframework/data/keyvalue/repository/support/QuerydslKeyValueRepository.class], URL [jar:file:/home/aluno/.m2/repository/org/springframework/data/spring-data-keyvalue/1.0.0.M1/spring-data-keyvalue-1.0.0.M1.jar!/org/springframework/data/keyvalue/repository/support/KeyValueRepositoryFactoryBean.class], URL [jar:file:/home/aluno/.m2/repository/org/springframework/data/spring-data-keyvalue/1.0.0.M1/spring-data-keyvalue-1.0.0.M1.jar!/org/springframework/data/keyvalue/repository/support/KeyValueQuerydslUtils$1.class], URL [jar:file:/home/aluno/.m2/repository/org/springframework/data/spring-data-keyvalue/1.0.0.M1/spring-data-keyvalue-1.0.0.M1.jar!/org/springframework/data/keyvalue/repository/support/KeyValueQuerydslUtils.class], URL [jar:file:/home/aluno/.m2/repository/org/springframework/data/spring-data-keyvalue/1.0.0.M1/spring-data-keyvalue-1.0.0.M1.jar!/org/springframework/data/keyvalue/repository/support/KeyValueRepositoryFactory.class], URL [jar:file:/home/aluno/.m2/repository/org/springframework/data/spring-data-keyvalue/1.0.0.M1/spring-data-keyvalue-1.0.0.M1.jar!/org/springframework/data/keyvalue/repository/support/SimpleKeyValueRepository.class]]
16:37:55.877 [main] DEBUG o.s.c.a.ClassPathScanningCandidateComponentProvider - Identified candidate component class: file [/home/aluno/spring-projects/maven/spring-data-aerospike/target/classes/org/springframework/data/aerospike/repository/support/AerospikeRepositoryFactory.class]
16:37:55.882 [main] DEBUG o.s.c.a.ClassPathScanningCandidateComponentProvider - Identified candidate component class: URL [jar:file:/home/aluno/.m2/repository/org/springframework/data/spring-data-keyvalue/1.0.0.M1/spring-data-keyvalue-1.0.0.M1.jar!/org/springframework/data/keyvalue/repository/support/KeyValueRepositoryFactory.class]
16:37:55.882 [main] DEBUG o.s.d.r.c.RepositoryConfigurationDelegate - Multiple Spring Data modules found, entering strict repository configuration mode!
16:37:55.882 [main] DEBUG o.s.core.env.StandardEnvironment - Adding [systemProperties] PropertySource with lowest search precedence
16:37:55.882 [main] DEBUG o.s.core.env.StandardEnvironment - Adding [systemEnvironment] PropertySource with lowest search precedence
16:37:55.882 [main] DEBUG o.s.core.env.StandardEnvironment - Initialized StandardEnvironment with PropertySources [systemProperties,systemEnvironment]
16:37:55.883 [main] DEBUG o.s.c.i.s.PathMatchingResourcePatternResolver - Looking for matching resources in directory tree [/home/aluno/spring-projects/maven/spring-data-aerospike/target/test-classes/org/springframework/data/aerospike/repository]
16:37:55.883 [main] DEBUG o.s.c.i.s.PathMatchingResourcePatternResolver - Searching directory [/home/aluno/spring-projects/maven/spring-data-aerospike/target/test-classes/org/springframework/data/aerospike/repository] for files matching pattern [/home/aluno/spring-projects/maven/spring-data-aerospike/target/test-classes/org/springframework/data/aerospike/repository/**/*.class]
16:37:55.883 [main] DEBUG o.s.c.i.s.PathMatchingResourcePatternResolver - Searching directory [/home/aluno/spring-projects/maven/spring-data-aerospike/target/test-classes/org/springframework/data/aerospike/repository/support] for files matching pattern [/home/aluno/spring-projects/maven/spring-data-aerospike/target/test-classes/org/springframework/data/aerospike/repository/**/*.class]
16:37:55.883 [main] DEBUG o.s.c.i.s.PathMatchingResourcePatternResolver - Searching directory [/home/aluno/spring-projects/maven/spring-data-aerospike/target/test-classes/org/springframework/data/aerospike/repository/query] for files matching pattern [/home/aluno/spring-projects/maven/spring-data-aerospike/target/test-classes/org/springframework/data/aerospike/repository/**/*.class]
16:37:55.883 [main] DEBUG o.s.c.i.s.PathMatchingResourcePatternResolver - Looking for matching resources in directory tree [/home/aluno/spring-projects/maven/spring-data-aerospike/target/classes/org/springframework/data/aerospike/repository]
16:37:55.883 [main] DEBUG o.s.c.i.s.PathMatchingResourcePatternResolver - Searching directory [/home/aluno/spring-projects/maven/spring-data-aerospike/target/classes/org/springframework/data/aerospike/repository] for files matching pattern [/home/aluno/spring-projects/maven/spring-data-aerospike/target/classes/org/springframework/data/aerospike/repository/**/*.class]
16:37:55.883 [main] DEBUG o.s.c.i.s.PathMatchingResourcePatternResolver - Searching directory [/home/aluno/spring-projects/maven/spring-data-aerospike/target/classes/org/springframework/data/aerospike/repository/support] for files matching pattern [/home/aluno/spring-projects/maven/spring-data-aerospike/target/classes/org/springframework/data/aerospike/repository/**/*.class]
16:37:55.883 [main] DEBUG o.s.c.i.s.PathMatchingResourcePatternResolver - Searching directory [/home/aluno/spring-projects/maven/spring-data-aerospike/target/classes/org/springframework/data/aerospike/repository/config] for files matching pattern [/home/aluno/spring-projects/maven/spring-data-aerospike/target/classes/org/springframework/data/aerospike/repository/**/*.class]
16:37:55.883 [main] DEBUG o.s.c.i.s.PathMatchingResourcePatternResolver - Searching directory [/home/aluno/spring-projects/maven/spring-data-aerospike/target/classes/org/springframework/data/aerospike/repository/query] for files matching pattern [/home/aluno/spring-projects/maven/spring-data-aerospike/target/classes/org/springframework/data/aerospike/repository/**/*.class]
16:37:55.884 [main] DEBUG o.s.c.i.s.PathMatchingResourcePatternResolver - Resolved location pattern [classpath*:org/springframework/data/aerospike/repository/**/*.class] to resources [file [/home/aluno/spring-projects/maven/spring-data-aerospike/target/test-classes/org/springframework/data/aerospike/repository/Credentials.class], file [/home/aluno/spring-projects/maven/spring-data-aerospike/target/test-classes/org/springframework/data/aerospike/repository/AbstractPersonRepositoryIntegrationTests$1.class], file [/home/aluno/spring-projects/maven/spring-data-aerospike/target/test-classes/org/springframework/data/aerospike/repository/PersonRepository.class], file [/home/aluno/spring-projects/maven/spring-data-aerospike/target/test-classes/org/springframework/data/aerospike/repository/TestConfigPerson.class], file [/home/aluno/spring-projects/maven/spring-data-aerospike/target/test-classes/org/springframework/data/aerospike/repository/Address.class], file [/home/aluno/spring-projects/maven/spring-data-aerospike/target/test-classes/org/springframework/data/aerospike/repository/Person$Sex.class], file [/home/aluno/spring-projects/maven/spring-data-aerospike/target/test-classes/org/springframework/data/aerospike/repository/Person.class], file [/home/aluno/spring-projects/maven/spring-data-aerospike/target/test-classes/org/springframework/data/aerospike/repository/ContactRepository.class], file [/home/aluno/spring-projects/maven/spring-data-aerospike/target/test-classes/org/springframework/data/aerospike/repository/AbstractPersonRepositoryIntegrationTests.class], file [/home/aluno/spring-projects/maven/spring-data-aerospike/target/test-classes/org/springframework/data/aerospike/repository/User.class], file [/home/aluno/spring-projects/maven/spring-data-aerospike/target/test-classes/org/springframework/data/aerospike/repository/CustomerRepositoriesIntegrationTests$Config.class], file [/home/aluno/spring-projects/maven/spring-data-aerospike/target/test-classes/org/springframework/data/aerospike/repository/AnnotatedPerson.class], file [/home/aluno/spring-projects/maven/spring-data-aerospike/target/test-classes/org/springframework/data/aerospike/repository/support/SimpleAerospikeRepositoryTest$5.class], file [/home/aluno/spring-projects/maven/spring-data-aerospike/target/test-classes/org/springframework/data/aerospike/repository/support/SimpleAerospikeRepositoryTest$9.class], file [/home/aluno/spring-projects/maven/spring-data-aerospike/target/test-classes/org/springframework/data/aerospike/repository/support/SimpleAerospikeRepositoryTest$4.class], file [/home/aluno/spring-projects/maven/spring-data-aerospike/target/test-classes/org/springframework/data/aerospike/repository/support/AerospikeRepositoryFactoryTest.class], file [/home/aluno/spring-projects/maven/spring-data-aerospike/target/test-classes/org/springframework/data/aerospike/repository/support/SimpleAerospikeRepositoryTest.class], file [/home/aluno/spring-projects/maven/spring-data-aerospike/target/test-classes/org/springframework/data/aerospike/repository/support/SimpleAerospikeRepositoryTest$1.class], file [/home/aluno/spring-projects/maven/spring-data-aerospike/target/test-classes/org/springframework/data/aerospike/repository/support/SimpleAerospikeRepositoryTest$3.class], file [/home/aluno/spring-projects/maven/spring-data-aerospike/target/test-classes/org/springframework/data/aerospike/repository/support/SimpleAerospikeRepositoryTest$8.class], file [/home/aluno/spring-projects/maven/spring-data-aerospike/target/test-classes/org/springframework/data/aerospike/repository/support/SimpleAerospikeRepositoryTest$6.class], file [/home/aluno/spring-projects/maven/spring-data-aerospike/target/test-classes/org/springframework/data/aerospike/repository/support/SimpleAerospikeRepositoryTest$2.class], file [/home/aluno/spring-projects/maven/spring-data-aerospike/target/test-classes/org/springframework/data/aerospike/repository/support/AllTests.class], file [/home/aluno/spring-projects/maven/spring-data-aerospike/target/test-classes/org/springframework/data/aerospike/repository/support/SimpleAerospikeRepositoryTest$7.class], file [/home/aluno/spring-projects/maven/spring-data-aerospike/target/test-classes/org/springframework/data/aerospike/repository/Contact.class], file [/home/aluno/spring-projects/maven/spring-data-aerospike/target/test-classes/org/springframework/data/aerospike/repository/AllTests.class], file [/home/aluno/spring-projects/maven/spring-data-aerospike/target/test-classes/org/springframework/data/aerospike/repository/PersonRepositoryIntegrationTests.class], file [/home/aluno/spring-projects/maven/spring-data-aerospike/target/test-classes/org/springframework/data/aerospike/repository/query/StubParameterAccessor.class], file [/home/aluno/spring-projects/maven/spring-data-aerospike/target/test-classes/org/springframework/data/aerospike/repository/query/AllTests.class], file [/home/aluno/spring-projects/maven/spring-data-aerospike/target/test-classes/org/springframework/data/aerospike/repository/query/AerospikePartTreeQueryTest.class], file [/home/aluno/spring-projects/maven/spring-data-aerospike/target/test-classes/org/springframework/data/aerospike/repository/CustomerRepositoriesIntegrationTests.class], file [/home/aluno/spring-projects/maven/spring-data-aerospike/target/classes/org/springframework/data/aerospike/repository/AerospikeRepository.class], file [/home/aluno/spring-projects/maven/spring-data-aerospike/target/classes/org/springframework/data/aerospike/repository/support/AerospikeRepositoryFactoryBean.class], file [/home/aluno/spring-projects/maven/spring-data-aerospike/target/classes/org/springframework/data/aerospike/repository/support/AerospikeRepositoryFactory$AerospikeQueryLookupStrategy.class], file [/home/aluno/spring-projects/maven/spring-data-aerospike/target/classes/org/springframework/data/aerospike/repository/support/AerospikeRepositoryFactory.class], file [/home/aluno/spring-projects/maven/spring-data-aerospike/target/classes/org/springframework/data/aerospike/repository/support/SimpleAerospikeRepository.class], file [/home/aluno/spring-projects/maven/spring-data-aerospike/target/classes/org/springframework/data/aerospike/repository/config/AerospikeRepositoriesRegistrar.class], file [/home/aluno/spring-projects/maven/spring-data-aerospike/target/classes/org/springframework/data/aerospike/repository/config/EnableAerospikeRepositories.class], file [/home/aluno/spring-projects/maven/spring-data-aerospike/target/classes/org/springframework/data/aerospike/repository/config/AerospikeRepositoriesRegistrar$1.class], file [/home/aluno/spring-projects/maven/spring-data-aerospike/target/classes/org/springframework/data/aerospike/repository/config/AerospikeRepositoriesRegistrar$AerospikeRepositoryConfigurationExtension.class], file [/home/aluno/spring-projects/maven/spring-data-aerospike/target/classes/org/springframework/data/aerospike/repository/query/AerospikeParameterAccessor.class], file [/home/aluno/spring-projects/maven/spring-data-aerospike/target/classes/org/springframework/data/aerospike/repository/query/Query.class], file [/home/aluno/spring-projects/maven/spring-data-aerospike/target/classes/org/springframework/data/aerospike/repository/query/ConvertingParameterAccessor.class], file [/home/aluno/spring-projects/maven/spring-data-aerospike/target/classes/org/springframework/data/aerospike/repository/query/AerospikeQueryCreator$1.class], file [/home/aluno/spring-projects/maven/spring-data-aerospike/target/classes/org/springframework/data/aerospike/repository/query/CriteriaDefinition.class], file [/home/aluno/spring-projects/maven/spring-data-aerospike/target/classes/org/springframework/data/aerospike/repository/query/TextCriteria.class], file [/home/aluno/spring-projects/maven/spring-data-aerospike/target/classes/org/springframework/data/aerospike/repository/query/Criteria.class], file [/home/aluno/spring-projects/maven/spring-data-aerospike/target/classes/org/springframework/data/aerospike/repository/query/AerospikePartTreeQuery.class], file [/home/aluno/spring-projects/maven/spring-data-aerospike/target/classes/org/springframework/data/aerospike/repository/query/AerospikeQueryCreator.class]]
16:37:55.884 [main] DEBUG o.s.d.r.c.RepositoryComponentProvider - Identified candidate component class: file [/home/aluno/spring-projects/maven/spring-data-aerospike/target/test-classes/org/springframework/data/aerospike/repository/PersonRepository.class]
16:37:55.885 [main] DEBUG o.s.d.r.c.RepositoryComponentProvider - Identified candidate component class: file [/home/aluno/spring-projects/maven/spring-data-aerospike/target/test-classes/org/springframework/data/aerospike/repository/ContactRepository.class]
16:37:55.890 [main] DEBUG o.s.core.env.StandardEnvironment - Adding [systemProperties] PropertySource with lowest search precedence
16:37:55.890 [main] DEBUG o.s.core.env.StandardEnvironment - Adding [systemEnvironment] PropertySource with lowest search precedence
16:37:55.890 [main] DEBUG o.s.core.env.StandardEnvironment - Initialized StandardEnvironment with PropertySources [systemProperties,systemEnvironment]
16:37:55.891 [main] DEBUG o.s.c.i.s.PathMatchingResourcePatternResolver - Looking for matching resources in directory tree [/home/aluno/spring-projects/maven/spring-data-aerospike/target/test-classes/org/springframework/data/aerospike/repository]
16:37:55.891 [main] DEBUG o.s.c.i.s.PathMatchingResourcePatternResolver - Searching directory [/home/aluno/spring-projects/maven/spring-data-aerospike/target/test-classes/org/springframework/data/aerospike/repository] for files matching pattern [/home/aluno/spring-projects/maven/spring-data-aerospike/target/test-classes/org/springframework/data/aerospike/repository/**/*PersonRepositoryImpl.class]
16:37:55.891 [main] DEBUG o.s.c.i.s.PathMatchingResourcePatternResolver - Searching directory [/home/aluno/spring-projects/maven/spring-data-aerospike/target/test-classes/org/springframework/data/aerospike/repository/support] for files matching pattern [/home/aluno/spring-projects/maven/spring-data-aerospike/target/test-classes/org/springframework/data/aerospike/repository/**/*PersonRepositoryImpl.class]
16:37:55.891 [main] DEBUG o.s.c.i.s.PathMatchingResourcePatternResolver - Searching directory [/home/aluno/spring-projects/maven/spring-data-aerospike/target/test-classes/org/springframework/data/aerospike/repository/query] for files matching pattern [/home/aluno/spring-projects/maven/spring-data-aerospike/target/test-classes/org/springframework/data/aerospike/repository/**/*PersonRepositoryImpl.class]
16:37:55.891 [main] DEBUG o.s.c.i.s.PathMatchingResourcePatternResolver - Looking for matching resources in directory tree [/home/aluno/spring-projects/maven/spring-data-aerospike/target/classes/org/springframework/data/aerospike/repository]
16:37:55.891 [main] DEBUG o.s.c.i.s.PathMatchingResourcePatternResolver - Searching directory [/home/aluno/spring-projects/maven/spring-data-aerospike/target/classes/org/springframework/data/aerospike/repository] for files matching pattern [/home/aluno/spring-projects/maven/spring-data-aerospike/target/classes/org/springframework/data/aerospike/repository/**/*PersonRepositoryImpl.class]
16:37:55.891 [main] DEBUG o.s.c.i.s.PathMatchingResourcePatternResolver - Searching directory [/home/aluno/spring-projects/maven/spring-data-aerospike/target/classes/org/springframework/data/aerospike/repository/support] for files matching pattern [/home/aluno/spring-projects/maven/spring-data-aerospike/target/classes/org/springframework/data/aerospike/repository/**/*PersonRepositoryImpl.class]
16:37:55.891 [main] DEBUG o.s.c.i.s.PathMatchingResourcePatternResolver - Searching directory [/home/aluno/spring-projects/maven/spring-data-aerospike/target/classes/org/springframework/data/aerospike/repository/config] for files matching pattern [/home/aluno/spring-projects/maven/spring-data-aerospike/target/classes/org/springframework/data/aerospike/repository/**/*PersonRepositoryImpl.class]
16:37:55.891 [main] DEBUG o.s.c.i.s.PathMatchingResourcePatternResolver - Searching directory [/home/aluno/spring-projects/maven/spring-data-aerospike/target/classes/org/springframework/data/aerospike/repository/query] for files matching pattern [/home/aluno/spring-projects/maven/spring-data-aerospike/target/classes/org/springframework/data/aerospike/repository/**/*PersonRepositoryImpl.class]
16:37:55.892 [main] DEBUG o.s.c.i.s.PathMatchingResourcePatternResolver - Resolved location pattern [classpath*:org/springframework/data/aerospike/repository/**/*PersonRepositoryImpl.class] to resources []
16:37:55.892 [main] DEBUG o.s.d.r.c.RepositoryConfigurationDelegate - Spring Data Aerospike - Registering repository: personRepository - Interface: org.springframework.data.aerospike.repository.PersonRepository - Factory: org.springframework.data.keyvalue.repository.support.KeyValueRepositoryFactoryBean
16:37:55.892 [main] DEBUG o.s.core.env.StandardEnvironment - Adding [systemProperties] PropertySource with lowest search precedence
16:37:55.892 [main] DEBUG o.s.core.env.StandardEnvironment - Adding [systemEnvironment] PropertySource with lowest search precedence
16:37:55.892 [main] DEBUG o.s.core.env.StandardEnvironment - Initialized StandardEnvironment with PropertySources [systemProperties,systemEnvironment]
16:37:55.892 [main] DEBUG o.s.c.i.s.PathMatchingResourcePatternResolver - Looking for matching resources in directory tree [/home/aluno/spring-projects/maven/spring-data-aerospike/target/test-classes/org/springframework/data/aerospike/repository]
16:37:55.892 [main] DEBUG o.s.c.i.s.PathMatchingResourcePatternResolver - Searching directory [/home/aluno/spring-projects/maven/spring-data-aerospike/target/test-classes/org/springframework/data/aerospike/repository] for files matching pattern [/home/aluno/spring-projects/maven/spring-data-aerospike/target/test-classes/org/springframework/data/aerospike/repository/**/*ContactRepositoryImpl.class]
16:37:55.892 [main] DEBUG o.s.c.i.s.PathMatchingResourcePatternResolver - Searching directory [/home/aluno/spring-projects/maven/spring-data-aerospike/target/test-classes/org/springframework/data/aerospike/repository/support] for files matching pattern [/home/aluno/spring-projects/maven/spring-data-aerospike/target/test-classes/org/springframework/data/aerospike/repository/**/*ContactRepositoryImpl.class]
16:37:55.893 [main] DEBUG o.s.c.i.s.PathMatchingResourcePatternResolver - Searching directory [/home/aluno/spring-projects/maven/spring-data-aerospike/target/test-classes/org/springframework/data/aerospike/repository/query] for files matching pattern [/home/aluno/spring-projects/maven/spring-data-aerospike/target/test-classes/org/springframework/data/aerospike/repository/**/*ContactRepositoryImpl.class]
16:37:55.893 [main] DEBUG o.s.c.i.s.PathMatchingResourcePatternResolver - Looking for matching resources in directory tree [/home/aluno/spring-projects/maven/spring-data-aerospike/target/classes/org/springframework/data/aerospike/repository]
16:37:55.893 [main] DEBUG o.s.c.i.s.PathMatchingResourcePatternResolver - Searching directory [/home/aluno/spring-projects/maven/spring-data-aerospike/target/classes/org/springframework/data/aerospike/repository] for files matching pattern [/home/aluno/spring-projects/maven/spring-data-aerospike/target/classes/org/springframework/data/aerospike/repository/**/*ContactRepositoryImpl.class]
16:37:55.893 [main] DEBUG o.s.c.i.s.PathMatchingResourcePatternResolver - Searching directory [/home/aluno/spring-projects/maven/spring-data-aerospike/target/classes/org/springframework/data/aerospike/repository/support] for files matching pattern [/home/aluno/spring-projects/maven/spring-data-aerospike/target/classes/org/springframework/data/aerospike/repository/**/*ContactRepositoryImpl.class]
16:37:55.893 [main] DEBUG o.s.c.i.s.PathMatchingResourcePatternResolver - Searching directory [/home/aluno/spring-projects/maven/spring-data-aerospike/target/classes/org/springframework/data/aerospike/repository/config] for files matching pattern [/home/aluno/spring-projects/maven/spring-data-aerospike/target/classes/org/springframework/data/aerospike/repository/**/*ContactRepositoryImpl.class]
16:37:55.893 [main] DEBUG o.s.c.i.s.PathMatchingResourcePatternResolver - Searching directory [/home/aluno/spring-projects/maven/spring-data-aerospike/target/classes/org/springframework/data/aerospike/repository/query] for files matching pattern [/home/aluno/spring-projects/maven/spring-data-aerospike/target/classes/org/springframework/data/aerospike/repository/**/*ContactRepositoryImpl.class]
16:37:55.893 [main] DEBUG o.s.c.i.s.PathMatchingResourcePatternResolver - Resolved location pattern [classpath*:org/springframework/data/aerospike/repository/**/*ContactRepositoryImpl.class] to resources []
16:37:55.893 [main] DEBUG o.s.d.r.c.RepositoryConfigurationDelegate - Spring Data Aerospike - Registering repository: contactRepository - Interface: org.springframework.data.aerospike.repository.ContactRepository - Factory: org.springframework.data.keyvalue.repository.support.KeyValueRepositoryFactoryBean
16:37:55.894 [main] DEBUG o.s.c.a.ConfigurationClassEnhancer - Successfully enhanced org.springframework.data.aerospike.repository.TestConfigPerson; enhanced class name is: org.springframework.data.aerospike.repository.TestConfigPerson$$EnhancerBySpringCGLIB$$3f27a8da
16:37:55.894 [main] DEBUG o.s.c.a.ConfigurationClassPostProcessor - Replacing bean definition 'testConfigPerson' existing class name 'org.springframework.data.aerospike.repository.TestConfigPerson' with enhanced class name 'org.springframework.data.aerospike.repository.TestConfigPerson$$EnhancerBySpringCGLIB$$3f27a8da'
16:37:55.894 [main] DEBUG o.s.b.f.s.DefaultListableBeanFactory - Creating shared instance of singleton bean 'org.springframework.context.annotation.internalAutowiredAnnotationProcessor'
16:37:55.894 [main] DEBUG o.s.b.f.s.DefaultListableBeanFactory - Creating instance of bean 'org.springframework.context.annotation.internalAutowiredAnnotationProcessor'
16:37:55.894 [main] DEBUG o.s.b.f.s.DefaultListableBeanFactory - Eagerly caching bean 'org.springframework.context.annotation.internalAutowiredAnnotationProcessor' to allow for resolving potential circular references
16:37:55.894 [main] DEBUG o.s.b.f.s.DefaultListableBeanFactory - Finished creating instance of bean 'org.springframework.context.annotation.internalAutowiredAnnotationProcessor'
16:37:55.894 [main] DEBUG o.s.b.f.s.DefaultListableBeanFactory - Creating shared instance of singleton bean 'org.springframework.context.annotation.internalRequiredAnnotationProcessor'
16:37:55.894 [main] DEBUG o.s.b.f.s.DefaultListableBeanFactory - Creating instance of bean 'org.springframework.context.annotation.internalRequiredAnnotationProcessor'
16:37:55.894 [main] DEBUG o.s.b.f.s.DefaultListableBeanFactory - Eagerly caching bean 'org.springframework.context.annotation.internalRequiredAnnotationProcessor' to allow for resolving potential circular references
16:37:55.894 [main] DEBUG o.s.b.f.s.DefaultListableBeanFactory - Finished creating instance of bean 'org.springframework.context.annotation.internalRequiredAnnotationProcessor'
16:37:55.895 [main] DEBUG o.s.b.f.s.DefaultListableBeanFactory - Creating shared instance of singleton bean 'org.springframework.context.annotation.internalCommonAnnotationProcessor'
16:37:55.895 [main] DEBUG o.s.b.f.s.DefaultListableBeanFactory - Creating instance of bean 'org.springframework.context.annotation.internalCommonAnnotationProcessor'
16:37:55.895 [main] DEBUG o.s.b.f.s.DefaultListableBeanFactory - Eagerly caching bean 'org.springframework.context.annotation.internalCommonAnnotationProcessor' to allow for resolving potential circular references
16:37:55.895 [main] DEBUG o.s.b.f.s.DefaultListableBeanFactory - Finished creating instance of bean 'org.springframework.context.annotation.internalCommonAnnotationProcessor'
16:37:55.895 [main] DEBUG o.s.b.f.s.DefaultListableBeanFactory - Creating shared instance of singleton bean 'org.springframework.context.annotation.ConfigurationClassPostProcessor.importAwareProcessor'
16:37:55.895 [main] DEBUG o.s.b.f.s.DefaultListableBeanFactory - Creating instance of bean 'org.springframework.context.annotation.ConfigurationClassPostProcessor.importAwareProcessor'
16:37:55.895 [main] DEBUG o.s.b.f.s.DefaultListableBeanFactory - Eagerly caching bean 'org.springframework.context.annotation.ConfigurationClassPostProcessor.importAwareProcessor' to allow for resolving potential circular references
16:37:55.895 [main] DEBUG o.s.b.f.s.DefaultListableBeanFactory - Finished creating instance of bean 'org.springframework.context.annotation.ConfigurationClassPostProcessor.importAwareProcessor'
16:37:55.895 [main] DEBUG o.s.b.f.s.DefaultListableBeanFactory - Creating shared instance of singleton bean 'org.springframework.context.annotation.ConfigurationClassPostProcessor.enhancedConfigurationProcessor'
16:37:55.895 [main] DEBUG o.s.b.f.s.DefaultListableBeanFactory - Creating instance of bean 'org.springframework.context.annotation.ConfigurationClassPostProcessor.enhancedConfigurationProcessor'
16:37:55.895 [main] DEBUG o.s.b.f.s.DefaultListableBeanFactory - Eagerly caching bean 'org.springframework.context.annotation.ConfigurationClassPostProcessor.enhancedConfigurationProcessor' to allow for resolving potential circular references
16:37:55.895 [main] DEBUG o.s.b.f.s.DefaultListableBeanFactory - Finished creating instance of bean 'org.springframework.context.annotation.ConfigurationClassPostProcessor.enhancedConfigurationProcessor'
16:37:55.895 [main] DEBUG o.s.b.f.s.DefaultListableBeanFactory - Creating shared instance of singleton bean 'org.springframework.data.repository.core.support.RepositoryInterfaceAwareBeanPostProcessor'
16:37:55.895 [main] DEBUG o.s.b.f.s.DefaultListableBeanFactory - Creating instance of bean 'org.springframework.data.repository.core.support.RepositoryInterfaceAwareBeanPostProcessor'
16:37:55.895 [main] DEBUG o.s.b.f.s.DefaultListableBeanFactory - Eagerly caching bean 'org.springframework.data.repository.core.support.RepositoryInterfaceAwareBeanPostProcessor' to allow for resolving potential circular references
16:37:55.895 [main] DEBUG o.s.b.f.s.DefaultListableBeanFactory - Finished creating instance of bean 'org.springframework.data.repository.core.support.RepositoryInterfaceAwareBeanPostProcessor'
16:37:55.895 [main] DEBUG o.s.c.s.GenericApplicationContext - Unable to locate MessageSource with name 'messageSource': using default [org.springframework.context.support.DelegatingMessageSource@2ecf5915]
16:37:55.895 [main] DEBUG o.s.c.s.GenericApplicationContext - Unable to locate ApplicationEventMulticaster with name 'applicationEventMulticaster': using default [org.springframework.context.event.SimpleApplicationEventMulticaster@53e76c11]
16:37:55.895 [main] DEBUG o.s.b.f.s.DefaultListableBeanFactory - Pre-instantiating singletons in org.springframework.beans.factory.support.DefaultListableBeanFactory@766a49c7: defining beans [org.springframework.context.annotation.internalConfigurationAnnotationProcessor,org.springframework.context.annotation.internalAutowiredAnnotationProcessor,org.springframework.context.annotation.internalRequiredAnnotationProcessor,org.springframework.context.annotation.internalCommonAnnotationProcessor,testConfigPerson,org.springframework.context.annotation.ConfigurationClassPostProcessor.importAwareProcessor,org.springframework.context.annotation.ConfigurationClassPostProcessor.enhancedConfigurationProcessor,aerospikeTemplate,aerospikeClient,org.springframework.data.aerospike.repository.config.AerospikeRepositoriesRegistrar$AerospikeRepositoryConfigurationExtension#0,org.springframework.data.repository.core.support.RepositoryInterfaceAwareBeanPostProcessor,keyValueMappingContext,personRepository,contactRepository]; root of factory hierarchy
16:37:55.895 [main] DEBUG o.s.b.f.s.DefaultListableBeanFactory - Returning cached instance of singleton bean 'org.springframework.context.annotation.internalConfigurationAnnotationProcessor'
16:37:55.895 [main] DEBUG o.s.b.f.s.DefaultListableBeanFactory - Returning cached instance of singleton bean 'org.springframework.context.annotation.internalAutowiredAnnotationProcessor'
16:37:55.895 [main] DEBUG o.s.b.f.s.DefaultListableBeanFactory - Returning cached instance of singleton bean 'org.springframework.context.annotation.internalRequiredAnnotationProcessor'
16:37:55.895 [main] DEBUG o.s.b.f.s.DefaultListableBeanFactory - Returning cached instance of singleton bean 'org.springframework.context.annotation.internalCommonAnnotationProcessor'
16:37:55.895 [main] DEBUG o.s.b.f.s.DefaultListableBeanFactory - Creating shared instance of singleton bean 'testConfigPerson'
16:37:55.895 [main] DEBUG o.s.b.f.s.DefaultListableBeanFactory - Creating instance of bean 'testConfigPerson'
16:37:55.896 [main] DEBUG o.s.b.f.s.DefaultListableBeanFactory - Eagerly caching bean 'testConfigPerson' to allow for resolving potential circular references
16:37:55.896 [main] DEBUG o.s.b.f.s.DefaultListableBeanFactory - Finished creating instance of bean 'testConfigPerson'
16:37:55.896 [main] DEBUG o.s.b.f.s.DefaultListableBeanFactory - Returning cached instance of singleton bean 'org.springframework.context.annotation.ConfigurationClassPostProcessor.importAwareProcessor'
16:37:55.896 [main] DEBUG o.s.b.f.s.DefaultListableBeanFactory - Returning cached instance of singleton bean 'org.springframework.context.annotation.ConfigurationClassPostProcessor.enhancedConfigurationProcessor'
16:37:55.896 [main] DEBUG o.s.b.f.s.DefaultListableBeanFactory - Creating shared instance of singleton bean 'aerospikeTemplate'
16:37:55.896 [main] DEBUG o.s.b.f.s.DefaultListableBeanFactory - Creating instance of bean 'aerospikeTemplate'
16:37:55.896 [main] DEBUG o.s.b.f.s.DefaultListableBeanFactory - Returning cached instance of singleton bean 'testConfigPerson'
16:37:55.896 [main] DEBUG o.s.b.f.s.DefaultListableBeanFactory - Creating shared instance of singleton bean 'aerospikeClient'
16:37:55.896 [main] DEBUG o.s.b.f.s.DefaultListableBeanFactory - Creating instance of bean 'aerospikeClient'
16:37:55.896 [main] DEBUG o.s.b.f.s.DefaultListableBeanFactory - Returning cached instance of singleton bean 'testConfigPerson'
16:37:56.216 [main] INFO  o.s.d.a.r.q.AerospikeQueryCreator - AS:Add node BB98511CE0DC702 52.41.32.83:3000
16:37:56.377 [main] DEBUG o.s.d.a.r.q.AerospikeQueryCreator - AS:Node BB98511CE0DC702 52.41.32.83:3000 partition generation 1 changed.
16:37:56.704 [main] DEBUG o.s.d.a.r.q.AerospikeQueryCreator - AS:Add seed 52.41.32.83:3000
16:37:56.705 [main] DEBUG o.s.b.f.s.DefaultListableBeanFactory - Eagerly caching bean 'aerospikeClient' to allow for resolving potential circular references
16:37:56.705 [main] DEBUG o.s.b.f.s.DefaultListableBeanFactory - Finished creating instance of bean 'aerospikeClient'
16:37:59.711 [main] WARN  o.s.c.s.GenericApplicationContext - Exception encountered during context initialization - cancelling refresh attempt
org.springframework.beans.factory.BeanCreationException: Error creating bean with name 'aerospikeTemplate' defined in org.springframework.data.aerospike.repository.TestConfigPerson: Bean instantiation via factory method failed; nested exception is org.springframework.beans.BeanInstantiationException: Failed to instantiate [org.springframework.data.aerospike.core.AerospikeTemplate]: Factory method 'aerospikeTemplate' threw exception; nested exception is com.aerospike.helper.query.ClusterRefreshError: Cannot find UDF modules
	at org.springframework.beans.factory.support.ConstructorResolver.instantiateUsingFactoryMethod(ConstructorResolver.java:599) ~[spring-beans-4.1.7.RELEASE.jar:4.1.7.RELEASE]
	at org.springframework.beans.factory.support.AbstractAutowireCapableBeanFactory.instantiateUsingFactoryMethod(AbstractAutowireCapableBeanFactory.java:1119) ~[spring-beans-4.1.7.RELEASE.jar:4.1.7.RELEASE]
	at org.springframework.beans.factory.support.AbstractAutowireCapableBeanFactory.createBeanInstance(AbstractAutowireCapableBeanFactory.java:1014) ~[spring-beans-4.1.7.RELEASE.jar:4.1.7.RELEASE]
	at org.springframework.beans.factory.support.AbstractAutowireCapableBeanFactory.doCreateBean(AbstractAutowireCapableBeanFactory.java:504) ~[spring-beans-4.1.7.RELEASE.jar:4.1.7.RELEASE]
	at org.springframework.beans.factory.support.AbstractAutowireCapableBeanFactory.createBean(AbstractAutowireCapableBeanFactory.java:476) ~[spring-beans-4.1.7.RELEASE.jar:4.1.7.RELEASE]
	at org.springframework.beans.factory.support.AbstractBeanFactory$1.getObject(AbstractBeanFactory.java:303) ~[spring-beans-4.1.7.RELEASE.jar:4.1.7.RELEASE]
	at org.springframework.beans.factory.support.DefaultSingletonBeanRegistry.getSingleton(DefaultSingletonBeanRegistry.java:230) ~[spring-beans-4.1.7.RELEASE.jar:4.1.7.RELEASE]
	at org.springframework.beans.factory.support.AbstractBeanFactory.doGetBean(AbstractBeanFactory.java:299) ~[spring-beans-4.1.7.RELEASE.jar:4.1.7.RELEASE]
	at org.springframework.beans.factory.support.AbstractBeanFactory.getBean(AbstractBeanFactory.java:194) ~[spring-beans-4.1.7.RELEASE.jar:4.1.7.RELEASE]
	at org.springframework.beans.factory.support.DefaultListableBeanFactory.preInstantiateSingletons(DefaultListableBeanFactory.java:755) ~[spring-beans-4.1.7.RELEASE.jar:4.1.7.RELEASE]
	at org.springframework.context.support.AbstractApplicationContext.finishBeanFactoryInitialization(AbstractApplicationContext.java:757) ~[spring-context-4.1.7.RELEASE.jar:4.1.7.RELEASE]
	at org.springframework.context.support.AbstractApplicationContext.refresh(AbstractApplicationContext.java:480) ~[spring-context-4.1.7.RELEASE.jar:4.1.7.RELEASE]
	at org.springframework.test.context.support.AbstractGenericContextLoader.loadContext(AbstractGenericContextLoader.java:125) [spring-test-4.1.7.RELEASE.jar:4.1.7.RELEASE]
	at org.springframework.test.context.support.AbstractGenericContextLoader.loadContext(AbstractGenericContextLoader.java:60) [spring-test-4.1.7.RELEASE.jar:4.1.7.RELEASE]
	at org.springframework.test.context.support.AbstractDelegatingSmartContextLoader.delegateLoading(AbstractDelegatingSmartContextLoader.java:109) [spring-test-4.1.7.RELEASE.jar:4.1.7.RELEASE]
	at org.springframework.test.context.support.AbstractDelegatingSmartContextLoader.loadContext(AbstractDelegatingSmartContextLoader.java:261) [spring-test-4.1.7.RELEASE.jar:4.1.7.RELEASE]
	at org.springframework.test.context.DefaultCacheAwareContextLoaderDelegate.loadContextInternal(DefaultCacheAwareContextLoaderDelegate.java:68) [spring-test-4.1.7.RELEASE.jar:4.1.7.RELEASE]
	at org.springframework.test.context.DefaultCacheAwareContextLoaderDelegate.loadContext(DefaultCacheAwareContextLoaderDelegate.java:86) [spring-test-4.1.7.RELEASE.jar:4.1.7.RELEASE]
	at org.springframework.test.context.DefaultTestContext.getApplicationContext(DefaultTestContext.java:72) [spring-test-4.1.7.RELEASE.jar:4.1.7.RELEASE]
	at org.springframework.test.context.support.DependencyInjectionTestExecutionListener.injectDependencies(DependencyInjectionTestExecutionListener.java:117) [spring-test-4.1.7.RELEASE.jar:4.1.7.RELEASE]
	at org.springframework.test.context.support.DependencyInjectionTestExecutionListener.prepareTestInstance(DependencyInjectionTestExecutionListener.java:83) [spring-test-4.1.7.RELEASE.jar:4.1.7.RELEASE]
	at org.springframework.test.context.TestContextManager.prepareTestInstance(TestContextManager.java:212) [spring-test-4.1.7.RELEASE.jar:4.1.7.RELEASE]
	at org.springframework.test.context.junit4.SpringJUnit4ClassRunner.createTest(SpringJUnit4ClassRunner.java:200) [spring-test-4.1.7.RELEASE.jar:4.1.7.RELEASE]
	at org.springframework.test.context.junit4.SpringJUnit4ClassRunner$1.runReflectiveCall(SpringJUnit4ClassRunner.java:259) [spring-test-4.1.7.RELEASE.jar:4.1.7.RELEASE]
	at org.junit.internal.runners.model.ReflectiveCallable.run(ReflectiveCallable.java:12) [junit-4.12.jar:4.12]
	at org.springframework.test.context.junit4.SpringJUnit4ClassRunner.methodBlock(SpringJUnit4ClassRunner.java:261) [spring-test-4.1.7.RELEASE.jar:4.1.7.RELEASE]
	at org.springframework.test.context.junit4.SpringJUnit4ClassRunner.runChild(SpringJUnit4ClassRunner.java:219) [spring-test-4.1.7.RELEASE.jar:4.1.7.RELEASE]
	at org.springframework.test.context.junit4.SpringJUnit4ClassRunner.runChild(SpringJUnit4ClassRunner.java:83) [spring-test-4.1.7.RELEASE.jar:4.1.7.RELEASE]
	at org.junit.runners.ParentRunner$3.run(ParentRunner.java:290) [junit-4.12.jar:4.12]
	at org.junit.runners.ParentRunner$1.schedule(ParentRunner.java:71) [junit-4.12.jar:4.12]
	at org.junit.runners.ParentRunner.runChildren(ParentRunner.java:288) [junit-4.12.jar:4.12]
	at org.junit.runners.ParentRunner.access$000(ParentRunner.java:58) [junit-4.12.jar:4.12]
	at org.junit.runners.ParentRunner$2.evaluate(ParentRunner.java:268) [junit-4.12.jar:4.12]
	at org.springframework.test.context.junit4.statements.RunBeforeTestClassCallbacks.evaluate(RunBeforeTestClassCallbacks.java:61) [spring-test-4.1.7.RELEASE.jar:4.1.7.RELEASE]
	at org.springframework.test.context.junit4.statements.RunAfterTestClassCallbacks.evaluate(RunAfterTestClassCallbacks.java:68) [spring-test-4.1.7.RELEASE.jar:4.1.7.RELEASE]
	at org.junit.runners.ParentRunner.run(ParentRunner.java:363) [junit-4.12.jar:4.12]
	at org.springframework.test.context.junit4.SpringJUnit4ClassRunner.run(SpringJUnit4ClassRunner.java:163) [spring-test-4.1.7.RELEASE.jar:4.1.7.RELEASE]
	at org.apache.maven.surefire.junit4.JUnit4Provider.execute(JUnit4Provider.java:283) [surefire-junit4-2.18.1.jar:2.18.1]
	at org.apache.maven.surefire.junit4.JUnit4Provider.executeWithRerun(JUnit4Provider.java:173) [surefire-junit4-2.18.1.jar:2.18.1]
	at org.apache.maven.surefire.junit4.JUnit4Provider.executeTestSet(JUnit4Provider.java:153) [surefire-junit4-2.18.1.jar:2.18.1]
	at org.apache.maven.surefire.junit4.JUnit4Provider.invoke(JUnit4Provider.java:128) [surefire-junit4-2.18.1.jar:2.18.1]
	at org.apache.maven.surefire.booter.ForkedBooter.invokeProviderInSameClassLoader(ForkedBooter.java:203) [surefire-booter-2.18.1.jar:2.18.1]
	at org.apache.maven.surefire.booter.ForkedBooter.runSuitesInProcess(ForkedBooter.java:155) [surefire-booter-2.18.1.jar:2.18.1]
	at org.apache.maven.surefire.booter.ForkedBooter.main(ForkedBooter.java:103) [surefire-booter-2.18.1.jar:2.18.1]
Caused by: org.springframework.beans.BeanInstantiationException: Failed to instantiate [org.springframework.data.aerospike.core.AerospikeTemplate]: Factory method 'aerospikeTemplate' threw exception; nested exception is com.aerospike.helper.query.ClusterRefreshError: Cannot find UDF modules
	at org.springframework.beans.factory.support.SimpleInstantiationStrategy.instantiate(SimpleInstantiationStrategy.java:189) ~[spring-beans-4.1.7.RELEASE.jar:4.1.7.RELEASE]
	at org.springframework.beans.factory.support.ConstructorResolver.instantiateUsingFactoryMethod(ConstructorResolver.java:588) ~[spring-beans-4.1.7.RELEASE.jar:4.1.7.RELEASE]
	... 43 common frames omitted
Caused by: com.aerospike.helper.query.ClusterRefreshError: Cannot find UDF modules
	at com.aerospike.helper.query.QueryEngine.refreshModules(QueryEngine.java:678) ~[classes/:na]
	at com.aerospike.helper.query.QueryEngine.refreshCluster(QueryEngine.java:536) ~[classes/:na]
	at com.aerospike.helper.query.QueryEngine.setClient(QueryEngine.java:129) ~[classes/:na]
	at com.aerospike.helper.query.QueryEngine.<init>(QueryEngine.java:110) ~[classes/:na]
	at org.springframework.data.aerospike.core.AerospikeTemplate.<init>(AerospikeTemplate.java:132) ~[classes/:na]
	at org.springframework.data.aerospike.repository.TestConfigPerson.aerospikeTemplate(TestConfigPerson.java:38) ~[test-classes/:na]
	at org.springframework.data.aerospike.repository.TestConfigPerson$$EnhancerBySpringCGLIB$$3f27a8da.CGLIB$aerospikeTemplate$0(<generated>) ~[spring-core-4.1.7.RELEASE.jar:na]
	at org.springframework.data.aerospike.repository.TestConfigPerson$$EnhancerBySpringCGLIB$$3f27a8da$$FastClassBySpringCGLIB$$38965c5e.invoke(<generated>) ~[spring-core-4.1.7.RELEASE.jar:na]
	at org.springframework.cglib.proxy.MethodProxy.invokeSuper(MethodProxy.java:228) ~[spring-core-4.1.7.RELEASE.jar:4.1.7.RELEASE]
	at org.springframework.context.annotation.ConfigurationClassEnhancer$BeanMethodInterceptor.intercept(ConfigurationClassEnhancer.java:309) ~[spring-context-4.1.7.RELEASE.jar:4.1.7.RELEASE]
	at org.springframework.data.aerospike.repository.TestConfigPerson$$EnhancerBySpringCGLIB$$3f27a8da.aerospikeTemplate(<generated>) ~[spring-core-4.1.7.RELEASE.jar:na]
	at sun.reflect.GeneratedMethodAccessor45.invoke(Unknown Source) ~[na:na]
	at sun.reflect.DelegatingMethodAccessorImpl.invoke(DelegatingMethodAccessorImpl.java:43) ~[na:1.8.0_91]
	at java.lang.reflect.Method.invoke(Method.java:498) ~[na:1.8.0_91]
	at org.springframework.beans.factory.support.SimpleInstantiationStrategy.instantiate(SimpleInstantiationStrategy.java:162) ~[spring-beans-4.1.7.RELEASE.jar:4.1.7.RELEASE]
	... 44 common frames omitted
16:37:59.711 [main] DEBUG o.s.b.f.s.DefaultListableBeanFactory - Destroying singletons in org.springframework.beans.factory.support.DefaultListableBeanFactory@766a49c7: defining beans [org.springframework.context.annotation.internalConfigurationAnnotationProcessor,org.springframework.context.annotation.internalAutowiredAnnotationProcessor,org.springframework.context.annotation.internalRequiredAnnotationProcessor,org.springframework.context.annotation.internalCommonAnnotationProcessor,testConfigPerson,org.springframework.context.annotation.ConfigurationClassPostProcessor.importAwareProcessor,org.springframework.context.annotation.ConfigurationClassPostProcessor.enhancedConfigurationProcessor,aerospikeTemplate,aerospikeClient,org.springframework.data.aerospike.repository.config.AerospikeRepositoriesRegistrar$AerospikeRepositoryConfigurationExtension#0,org.springframework.data.repository.core.support.RepositoryInterfaceAwareBeanPostProcessor,keyValueMappingContext,personRepository,contactRepository]; root of factory hierarchy
16:37:59.711 [main] DEBUG o.s.b.f.s.DisposableBeanAdapter - Invoking destroy method 'close' on bean with name 'aerospikeClient'
16:37:59.712 [main] ERROR o.s.test.context.TestContextManager - Caught exception while allowing TestExecutionListener [org.springframework.test.context.support.DependencyInjectionTestExecutionListener@334ebcaa] to prepare test instance [org.springframework.data.aerospike.repository.PersonRepositoryIntegrationTests@7523a3dc]
java.lang.IllegalStateException: Failed to load ApplicationContext
	at org.springframework.test.context.DefaultCacheAwareContextLoaderDelegate.loadContext(DefaultCacheAwareContextLoaderDelegate.java:94) ~[spring-test-4.1.7.RELEASE.jar:4.1.7.RELEASE]
	at org.springframework.test.context.DefaultTestContext.getApplicationContext(DefaultTestContext.java:72) ~[spring-test-4.1.7.RELEASE.jar:4.1.7.RELEASE]
	at org.springframework.test.context.support.DependencyInjectionTestExecutionListener.injectDependencies(DependencyInjectionTestExecutionListener.java:117) ~[spring-test-4.1.7.RELEASE.jar:4.1.7.RELEASE]
	at org.springframework.test.context.support.DependencyInjectionTestExecutionListener.prepareTestInstance(DependencyInjectionTestExecutionListener.java:83) ~[spring-test-4.1.7.RELEASE.jar:4.1.7.RELEASE]
	at org.springframework.test.context.TestContextManager.prepareTestInstance(TestContextManager.java:212) ~[spring-test-4.1.7.RELEASE.jar:4.1.7.RELEASE]
	at org.springframework.test.context.junit4.SpringJUnit4ClassRunner.createTest(SpringJUnit4ClassRunner.java:200) [spring-test-4.1.7.RELEASE.jar:4.1.7.RELEASE]
	at org.springframework.test.context.junit4.SpringJUnit4ClassRunner$1.runReflectiveCall(SpringJUnit4ClassRunner.java:259) [spring-test-4.1.7.RELEASE.jar:4.1.7.RELEASE]
	at org.junit.internal.runners.model.ReflectiveCallable.run(ReflectiveCallable.java:12) [junit-4.12.jar:4.12]
	at org.springframework.test.context.junit4.SpringJUnit4ClassRunner.methodBlock(SpringJUnit4ClassRunner.java:261) [spring-test-4.1.7.RELEASE.jar:4.1.7.RELEASE]
	at org.springframework.test.context.junit4.SpringJUnit4ClassRunner.runChild(SpringJUnit4ClassRunner.java:219) [spring-test-4.1.7.RELEASE.jar:4.1.7.RELEASE]
	at org.springframework.test.context.junit4.SpringJUnit4ClassRunner.runChild(SpringJUnit4ClassRunner.java:83) [spring-test-4.1.7.RELEASE.jar:4.1.7.RELEASE]
	at org.junit.runners.ParentRunner$3.run(ParentRunner.java:290) [junit-4.12.jar:4.12]
	at org.junit.runners.ParentRunner$1.schedule(ParentRunner.java:71) [junit-4.12.jar:4.12]
	at org.junit.runners.ParentRunner.runChildren(ParentRunner.java:288) [junit-4.12.jar:4.12]
	at org.junit.runners.ParentRunner.access$000(ParentRunner.java:58) [junit-4.12.jar:4.12]
	at org.junit.runners.ParentRunner$2.evaluate(ParentRunner.java:268) [junit-4.12.jar:4.12]
	at org.springframework.test.context.junit4.statements.RunBeforeTestClassCallbacks.evaluate(RunBeforeTestClassCallbacks.java:61) [spring-test-4.1.7.RELEASE.jar:4.1.7.RELEASE]
	at org.springframework.test.context.junit4.statements.RunAfterTestClassCallbacks.evaluate(RunAfterTestClassCallbacks.java:68) [spring-test-4.1.7.RELEASE.jar:4.1.7.RELEASE]
	at org.junit.runners.ParentRunner.run(ParentRunner.java:363) [junit-4.12.jar:4.12]
	at org.springframework.test.context.junit4.SpringJUnit4ClassRunner.run(SpringJUnit4ClassRunner.java:163) [spring-test-4.1.7.RELEASE.jar:4.1.7.RELEASE]
	at org.apache.maven.surefire.junit4.JUnit4Provider.execute(JUnit4Provider.java:283) [surefire-junit4-2.18.1.jar:2.18.1]
	at org.apache.maven.surefire.junit4.JUnit4Provider.executeWithRerun(JUnit4Provider.java:173) [surefire-junit4-2.18.1.jar:2.18.1]
	at org.apache.maven.surefire.junit4.JUnit4Provider.executeTestSet(JUnit4Provider.java:153) [surefire-junit4-2.18.1.jar:2.18.1]
	at org.apache.maven.surefire.junit4.JUnit4Provider.invoke(JUnit4Provider.java:128) [surefire-junit4-2.18.1.jar:2.18.1]
	at org.apache.maven.surefire.booter.ForkedBooter.invokeProviderInSameClassLoader(ForkedBooter.java:203) [surefire-booter-2.18.1.jar:2.18.1]
	at org.apache.maven.surefire.booter.ForkedBooter.runSuitesInProcess(ForkedBooter.java:155) [surefire-booter-2.18.1.jar:2.18.1]
	at org.apache.maven.surefire.booter.ForkedBooter.main(ForkedBooter.java:103) [surefire-booter-2.18.1.jar:2.18.1]
Caused by: org.springframework.beans.factory.BeanCreationException: Error creating bean with name 'aerospikeTemplate' defined in org.springframework.data.aerospike.repository.TestConfigPerson: Bean instantiation via factory method failed; nested exception is org.springframework.beans.BeanInstantiationException: Failed to instantiate [org.springframework.data.aerospike.core.AerospikeTemplate]: Factory method 'aerospikeTemplate' threw exception; nested exception is com.aerospike.helper.query.ClusterRefreshError: Cannot find UDF modules
	at org.springframework.beans.factory.support.ConstructorResolver.instantiateUsingFactoryMethod(ConstructorResolver.java:599) ~[spring-beans-4.1.7.RELEASE.jar:4.1.7.RELEASE]
	at org.springframework.beans.factory.support.AbstractAutowireCapableBeanFactory.instantiateUsingFactoryMethod(AbstractAutowireCapableBeanFactory.java:1119) ~[spring-beans-4.1.7.RELEASE.jar:4.1.7.RELEASE]
	at org.springframework.beans.factory.support.AbstractAutowireCapableBeanFactory.createBeanInstance(AbstractAutowireCapableBeanFactory.java:1014) ~[spring-beans-4.1.7.RELEASE.jar:4.1.7.RELEASE]
	at org.springframework.beans.factory.support.AbstractAutowireCapableBeanFactory.doCreateBean(AbstractAutowireCapableBeanFactory.java:504) ~[spring-beans-4.1.7.RELEASE.jar:4.1.7.RELEASE]
	at org.springframework.beans.factory.support.AbstractAutowireCapableBeanFactory.createBean(AbstractAutowireCapableBeanFactory.java:476) ~[spring-beans-4.1.7.RELEASE.jar:4.1.7.RELEASE]
	at org.springframework.beans.factory.support.AbstractBeanFactory$1.getObject(AbstractBeanFactory.java:303) ~[spring-beans-4.1.7.RELEASE.jar:4.1.7.RELEASE]
	at org.springframework.beans.factory.support.DefaultSingletonBeanRegistry.getSingleton(DefaultSingletonBeanRegistry.java:230) ~[spring-beans-4.1.7.RELEASE.jar:4.1.7.RELEASE]
	at org.springframework.beans.factory.support.AbstractBeanFactory.doGetBean(AbstractBeanFactory.java:299) ~[spring-beans-4.1.7.RELEASE.jar:4.1.7.RELEASE]
	at org.springframework.beans.factory.support.AbstractBeanFactory.getBean(AbstractBeanFactory.java:194) ~[spring-beans-4.1.7.RELEASE.jar:4.1.7.RELEASE]
	at org.springframework.beans.factory.support.DefaultListableBeanFactory.preInstantiateSingletons(DefaultListableBeanFactory.java:755) ~[spring-beans-4.1.7.RELEASE.jar:4.1.7.RELEASE]
	at org.springframework.context.support.AbstractApplicationContext.finishBeanFactoryInitialization(AbstractApplicationContext.java:757) ~[spring-context-4.1.7.RELEASE.jar:4.1.7.RELEASE]
	at org.springframework.context.support.AbstractApplicationContext.refresh(AbstractApplicationContext.java:480) ~[spring-context-4.1.7.RELEASE.jar:4.1.7.RELEASE]
	at org.springframework.test.context.support.AbstractGenericContextLoader.loadContext(AbstractGenericContextLoader.java:125) ~[spring-test-4.1.7.RELEASE.jar:4.1.7.RELEASE]
	at org.springframework.test.context.support.AbstractGenericContextLoader.loadContext(AbstractGenericContextLoader.java:60) ~[spring-test-4.1.7.RELEASE.jar:4.1.7.RELEASE]
	at org.springframework.test.context.support.AbstractDelegatingSmartContextLoader.delegateLoading(AbstractDelegatingSmartContextLoader.java:109) ~[spring-test-4.1.7.RELEASE.jar:4.1.7.RELEASE]
	at org.springframework.test.context.support.AbstractDelegatingSmartContextLoader.loadContext(AbstractDelegatingSmartContextLoader.java:261) ~[spring-test-4.1.7.RELEASE.jar:4.1.7.RELEASE]
	at org.springframework.test.context.DefaultCacheAwareContextLoaderDelegate.loadContextInternal(DefaultCacheAwareContextLoaderDelegate.java:68) ~[spring-test-4.1.7.RELEASE.jar:4.1.7.RELEASE]
	at org.springframework.test.context.DefaultCacheAwareContextLoaderDelegate.loadContext(DefaultCacheAwareContextLoaderDelegate.java:86) ~[spring-test-4.1.7.RELEASE.jar:4.1.7.RELEASE]
	... 26 common frames omitted
Caused by: org.springframework.beans.BeanInstantiationException: Failed to instantiate [org.springframework.data.aerospike.core.AerospikeTemplate]: Factory method 'aerospikeTemplate' threw exception; nested exception is com.aerospike.helper.query.ClusterRefreshError: Cannot find UDF modules
	at org.springframework.beans.factory.support.SimpleInstantiationStrategy.instantiate(SimpleInstantiationStrategy.java:189) ~[spring-beans-4.1.7.RELEASE.jar:4.1.7.RELEASE]
	at org.springframework.beans.factory.support.ConstructorResolver.instantiateUsingFactoryMethod(ConstructorResolver.java:588) ~[spring-beans-4.1.7.RELEASE.jar:4.1.7.RELEASE]
	... 43 common frames omitted
Caused by: com.aerospike.helper.query.ClusterRefreshError: Cannot find UDF modules
	at com.aerospike.helper.query.QueryEngine.refreshModules(QueryEngine.java:678) ~[classes/:na]
	at com.aerospike.helper.query.QueryEngine.refreshCluster(QueryEngine.java:536) ~[classes/:na]
	at com.aerospike.helper.query.QueryEngine.setClient(QueryEngine.java:129) ~[classes/:na]
	at com.aerospike.helper.query.QueryEngine.<init>(QueryEngine.java:110) ~[classes/:na]
	at org.springframework.data.aerospike.core.AerospikeTemplate.<init>(AerospikeTemplate.java:132) ~[classes/:na]
	at org.springframework.data.aerospike.repository.TestConfigPerson.aerospikeTemplate(TestConfigPerson.java:38) ~[test-classes/:na]
	at org.springframework.data.aerospike.repository.TestConfigPerson$$EnhancerBySpringCGLIB$$3f27a8da.CGLIB$aerospikeTemplate$0(<generated>) ~[spring-core-4.1.7.RELEASE.jar:na]
	at org.springframework.data.aerospike.repository.TestConfigPerson$$EnhancerBySpringCGLIB$$3f27a8da$$FastClassBySpringCGLIB$$38965c5e.invoke(<generated>) ~[spring-core-4.1.7.RELEASE.jar:na]
	at org.springframework.cglib.proxy.MethodProxy.invokeSuper(MethodProxy.java:228) ~[spring-core-4.1.7.RELEASE.jar:4.1.7.RELEASE]
	at org.springframework.context.annotation.ConfigurationClassEnhancer$BeanMethodInterceptor.intercept(ConfigurationClassEnhancer.java:309) ~[spring-context-4.1.7.RELEASE.jar:4.1.7.RELEASE]
	at org.springframework.data.aerospike.repository.TestConfigPerson$$EnhancerBySpringCGLIB$$3f27a8da.aerospikeTemplate(<generated>) ~[spring-core-4.1.7.RELEASE.jar:na]
	at sun.reflect.GeneratedMethodAccessor45.invoke(Unknown Source) ~[na:na]
	at sun.reflect.DelegatingMethodAccessorImpl.invoke(DelegatingMethodAccessorImpl.java:43) ~[na:1.8.0_91]
	at java.lang.reflect.Method.invoke(Method.java:498) ~[na:1.8.0_91]
	at org.springframework.beans.factory.support.SimpleInstantiationStrategy.instantiate(SimpleInstantiationStrategy.java:162) ~[spring-beans-4.1.7.RELEASE.jar:4.1.7.RELEASE]
	... 44 common frames omitted
]]></system-out>
  </testcase>
  <testcase name="findsPersonByNameRetriveShippingAddressesCorrectly" classname="org.springframework.data.aerospike.repository.PersonRepositoryIntegrationTests" time="0.001">
    <error message="Failed to load ApplicationContext" type="java.lang.IllegalStateException"><![CDATA[java.lang.IllegalStateException: Failed to load ApplicationContext
	at org.springframework.test.context.DefaultCacheAwareContextLoaderDelegate.loadContext(DefaultCacheAwareContextLoaderDelegate.java:94)
	at org.springframework.test.context.DefaultTestContext.getApplicationContext(DefaultTestContext.java:72)
	at org.springframework.test.context.support.DependencyInjectionTestExecutionListener.injectDependencies(DependencyInjectionTestExecutionListener.java:117)
	at org.springframework.test.context.support.DependencyInjectionTestExecutionListener.prepareTestInstance(DependencyInjectionTestExecutionListener.java:83)
	at org.springframework.test.context.TestContextManager.prepareTestInstance(TestContextManager.java:212)
	at org.springframework.test.context.junit4.SpringJUnit4ClassRunner.createTest(SpringJUnit4ClassRunner.java:200)
	at org.springframework.test.context.junit4.SpringJUnit4ClassRunner$1.runReflectiveCall(SpringJUnit4ClassRunner.java:259)
	at org.junit.internal.runners.model.ReflectiveCallable.run(ReflectiveCallable.java:12)
	at org.springframework.test.context.junit4.SpringJUnit4ClassRunner.methodBlock(SpringJUnit4ClassRunner.java:261)
	at org.springframework.test.context.junit4.SpringJUnit4ClassRunner.runChild(SpringJUnit4ClassRunner.java:219)
	at org.springframework.test.context.junit4.SpringJUnit4ClassRunner.runChild(SpringJUnit4ClassRunner.java:83)
	at org.junit.runners.ParentRunner$3.run(ParentRunner.java:290)
	at org.junit.runners.ParentRunner$1.schedule(ParentRunner.java:71)
	at org.junit.runners.ParentRunner.runChildren(ParentRunner.java:288)
	at org.junit.runners.ParentRunner.access$000(ParentRunner.java:58)
	at org.junit.runners.ParentRunner$2.evaluate(ParentRunner.java:268)
	at org.springframework.test.context.junit4.statements.RunBeforeTestClassCallbacks.evaluate(RunBeforeTestClassCallbacks.java:61)
	at org.springframework.test.context.junit4.statements.RunAfterTestClassCallbacks.evaluate(RunAfterTestClassCallbacks.java:68)
	at org.junit.runners.ParentRunner.run(ParentRunner.java:363)
	at org.springframework.test.context.junit4.SpringJUnit4ClassRunner.run(SpringJUnit4ClassRunner.java:163)
	at org.apache.maven.surefire.junit4.JUnit4Provider.execute(JUnit4Provider.java:283)
	at org.apache.maven.surefire.junit4.JUnit4Provider.executeWithRerun(JUnit4Provider.java:173)
	at org.apache.maven.surefire.junit4.JUnit4Provider.executeTestSet(JUnit4Provider.java:153)
	at org.apache.maven.surefire.junit4.JUnit4Provider.invoke(JUnit4Provider.java:128)
	at org.apache.maven.surefire.booter.ForkedBooter.invokeProviderInSameClassLoader(ForkedBooter.java:203)
	at org.apache.maven.surefire.booter.ForkedBooter.runSuitesInProcess(ForkedBooter.java:155)
	at org.apache.maven.surefire.booter.ForkedBooter.main(ForkedBooter.java:103)
Caused by: org.springframework.beans.factory.BeanCreationException: Error creating bean with name 'aerospikeTemplate' defined in org.springframework.data.aerospike.repository.TestConfigPerson: Bean instantiation via factory method failed; nested exception is org.springframework.beans.BeanInstantiationException: Failed to instantiate [org.springframework.data.aerospike.core.AerospikeTemplate]: Factory method 'aerospikeTemplate' threw exception; nested exception is org.springframework.beans.factory.BeanCreationException: Error creating bean with name 'aerospikeClient' defined in org.springframework.data.aerospike.repository.TestConfigPerson: Bean instantiation via factory method failed; nested exception is org.springframework.beans.BeanInstantiationException: Failed to instantiate [com.aerospike.client.AerospikeClient]: Factory method 'aerospikeClient' threw exception; nested exception is com.aerospike.client.AerospikeException$Connection: Error Code 11: Failed to connect to host(s): 
52.41.32.83:3000 Error Code 11: java.net.SocketTimeoutException: connect timed out

	at org.springframework.beans.factory.support.ConstructorResolver.instantiateUsingFactoryMethod(ConstructorResolver.java:599)
	at org.springframework.beans.factory.support.AbstractAutowireCapableBeanFactory.instantiateUsingFactoryMethod(AbstractAutowireCapableBeanFactory.java:1119)
	at org.springframework.beans.factory.support.AbstractAutowireCapableBeanFactory.createBeanInstance(AbstractAutowireCapableBeanFactory.java:1014)
	at org.springframework.beans.factory.support.AbstractAutowireCapableBeanFactory.doCreateBean(AbstractAutowireCapableBeanFactory.java:504)
	at org.springframework.beans.factory.support.AbstractAutowireCapableBeanFactory.createBean(AbstractAutowireCapableBeanFactory.java:476)
	at org.springframework.beans.factory.support.AbstractBeanFactory$1.getObject(AbstractBeanFactory.java:303)
	at org.springframework.beans.factory.support.DefaultSingletonBeanRegistry.getSingleton(DefaultSingletonBeanRegistry.java:230)
	at org.springframework.beans.factory.support.AbstractBeanFactory.doGetBean(AbstractBeanFactory.java:299)
	at org.springframework.beans.factory.support.AbstractBeanFactory.getBean(AbstractBeanFactory.java:194)
	at org.springframework.beans.factory.support.DefaultListableBeanFactory.preInstantiateSingletons(DefaultListableBeanFactory.java:755)
	at org.springframework.context.support.AbstractApplicationContext.finishBeanFactoryInitialization(AbstractApplicationContext.java:757)
	at org.springframework.context.support.AbstractApplicationContext.refresh(AbstractApplicationContext.java:480)
	at org.springframework.test.context.support.AbstractGenericContextLoader.loadContext(AbstractGenericContextLoader.java:125)
	at org.springframework.test.context.support.AbstractGenericContextLoader.loadContext(AbstractGenericContextLoader.java:60)
	at org.springframework.test.context.support.AbstractDelegatingSmartContextLoader.delegateLoading(AbstractDelegatingSmartContextLoader.java:109)
	at org.springframework.test.context.support.AbstractDelegatingSmartContextLoader.loadContext(AbstractDelegatingSmartContextLoader.java:261)
	at org.springframework.test.context.DefaultCacheAwareContextLoaderDelegate.loadContextInternal(DefaultCacheAwareContextLoaderDelegate.java:68)
	at org.springframework.test.context.DefaultCacheAwareContextLoaderDelegate.loadContext(DefaultCacheAwareContextLoaderDelegate.java:86)
	at org.springframework.test.context.DefaultTestContext.getApplicationContext(DefaultTestContext.java:72)
	at org.springframework.test.context.support.DependencyInjectionTestExecutionListener.injectDependencies(DependencyInjectionTestExecutionListener.java:117)
	at org.springframework.test.context.support.DependencyInjectionTestExecutionListener.prepareTestInstance(DependencyInjectionTestExecutionListener.java:83)
	at org.springframework.test.context.TestContextManager.prepareTestInstance(TestContextManager.java:212)
	at org.springframework.test.context.junit4.SpringJUnit4ClassRunner.createTest(SpringJUnit4ClassRunner.java:200)
	at org.springframework.test.context.junit4.SpringJUnit4ClassRunner$1.runReflectiveCall(SpringJUnit4ClassRunner.java:259)
	at org.junit.internal.runners.model.ReflectiveCallable.run(ReflectiveCallable.java:12)
	at org.springframework.test.context.junit4.SpringJUnit4ClassRunner.methodBlock(SpringJUnit4ClassRunner.java:261)
	at org.springframework.test.context.junit4.SpringJUnit4ClassRunner.runChild(SpringJUnit4ClassRunner.java:219)
	at org.springframework.test.context.junit4.SpringJUnit4ClassRunner.runChild(SpringJUnit4ClassRunner.java:83)
	at org.junit.runners.ParentRunner$3.run(ParentRunner.java:290)
	at org.junit.runners.ParentRunner$1.schedule(ParentRunner.java:71)
	at org.junit.runners.ParentRunner.runChildren(ParentRunner.java:288)
	at org.junit.runners.ParentRunner.access$000(ParentRunner.java:58)
	at org.junit.runners.ParentRunner$2.evaluate(ParentRunner.java:268)
	at org.springframework.test.context.junit4.statements.RunBeforeTestClassCallbacks.evaluate(RunBeforeTestClassCallbacks.java:61)
	at org.springframework.test.context.junit4.statements.RunAfterTestClassCallbacks.evaluate(RunAfterTestClassCallbacks.java:68)
	at org.junit.runners.ParentRunner.run(ParentRunner.java:363)
	at org.springframework.test.context.junit4.SpringJUnit4ClassRunner.run(SpringJUnit4ClassRunner.java:163)
	at org.apache.maven.surefire.junit4.JUnit4Provider.execute(JUnit4Provider.java:283)
	at org.apache.maven.surefire.junit4.JUnit4Provider.executeWithRerun(JUnit4Provider.java:173)
	at org.apache.maven.surefire.junit4.JUnit4Provider.executeTestSet(JUnit4Provider.java:153)
	at org.apache.maven.surefire.junit4.JUnit4Provider.invoke(JUnit4Provider.java:128)
	at org.apache.maven.surefire.booter.ForkedBooter.invokeProviderInSameClassLoader(ForkedBooter.java:203)
	at org.apache.maven.surefire.booter.ForkedBooter.runSuitesInProcess(ForkedBooter.java:155)
	at org.apache.maven.surefire.booter.ForkedBooter.main(ForkedBooter.java:103)
Caused by: org.springframework.beans.BeanInstantiationException: Failed to instantiate [org.springframework.data.aerospike.core.AerospikeTemplate]: Factory method 'aerospikeTemplate' threw exception; nested exception is org.springframework.beans.factory.BeanCreationException: Error creating bean with name 'aerospikeClient' defined in org.springframework.data.aerospike.repository.TestConfigPerson: Bean instantiation via factory method failed; nested exception is org.springframework.beans.BeanInstantiationException: Failed to instantiate [com.aerospike.client.AerospikeClient]: Factory method 'aerospikeClient' threw exception; nested exception is com.aerospike.client.AerospikeException$Connection: Error Code 11: Failed to connect to host(s): 
52.41.32.83:3000 Error Code 11: java.net.SocketTimeoutException: connect timed out

	at org.springframework.beans.factory.support.SimpleInstantiationStrategy.instantiate(SimpleInstantiationStrategy.java:189)
	at org.springframework.beans.factory.support.ConstructorResolver.instantiateUsingFactoryMethod(ConstructorResolver.java:588)
	at org.springframework.beans.factory.support.AbstractAutowireCapableBeanFactory.instantiateUsingFactoryMethod(AbstractAutowireCapableBeanFactory.java:1119)
	at org.springframework.beans.factory.support.AbstractAutowireCapableBeanFactory.createBeanInstance(AbstractAutowireCapableBeanFactory.java:1014)
	at org.springframework.beans.factory.support.AbstractAutowireCapableBeanFactory.doCreateBean(AbstractAutowireCapableBeanFactory.java:504)
	at org.springframework.beans.factory.support.AbstractAutowireCapableBeanFactory.createBean(AbstractAutowireCapableBeanFactory.java:476)
	at org.springframework.beans.factory.support.AbstractBeanFactory$1.getObject(AbstractBeanFactory.java:303)
	at org.springframework.beans.factory.support.DefaultSingletonBeanRegistry.getSingleton(DefaultSingletonBeanRegistry.java:230)
	at org.springframework.beans.factory.support.AbstractBeanFactory.doGetBean(AbstractBeanFactory.java:299)
	at org.springframework.beans.factory.support.AbstractBeanFactory.getBean(AbstractBeanFactory.java:194)
	at org.springframework.beans.factory.support.DefaultListableBeanFactory.preInstantiateSingletons(DefaultListableBeanFactory.java:755)
	at org.springframework.context.support.AbstractApplicationContext.finishBeanFactoryInitialization(AbstractApplicationContext.java:757)
	at org.springframework.context.support.AbstractApplicationContext.refresh(AbstractApplicationContext.java:480)
	at org.springframework.test.context.support.AbstractGenericContextLoader.loadContext(AbstractGenericContextLoader.java:125)
	at org.springframework.test.context.support.AbstractGenericContextLoader.loadContext(AbstractGenericContextLoader.java:60)
	at org.springframework.test.context.support.AbstractDelegatingSmartContextLoader.delegateLoading(AbstractDelegatingSmartContextLoader.java:109)
	at org.springframework.test.context.support.AbstractDelegatingSmartContextLoader.loadContext(AbstractDelegatingSmartContextLoader.java:261)
	at org.springframework.test.context.DefaultCacheAwareContextLoaderDelegate.loadContextInternal(DefaultCacheAwareContextLoaderDelegate.java:68)
	at org.springframework.test.context.DefaultCacheAwareContextLoaderDelegate.loadContext(DefaultCacheAwareContextLoaderDelegate.java:86)
	at org.springframework.test.context.DefaultTestContext.getApplicationContext(DefaultTestContext.java:72)
	at org.springframework.test.context.support.DependencyInjectionTestExecutionListener.injectDependencies(DependencyInjectionTestExecutionListener.java:117)
	at org.springframework.test.context.support.DependencyInjectionTestExecutionListener.prepareTestInstance(DependencyInjectionTestExecutionListener.java:83)
	at org.springframework.test.context.TestContextManager.prepareTestInstance(TestContextManager.java:212)
	at org.springframework.test.context.junit4.SpringJUnit4ClassRunner.createTest(SpringJUnit4ClassRunner.java:200)
	at org.springframework.test.context.junit4.SpringJUnit4ClassRunner$1.runReflectiveCall(SpringJUnit4ClassRunner.java:259)
	at org.junit.internal.runners.model.ReflectiveCallable.run(ReflectiveCallable.java:12)
	at org.springframework.test.context.junit4.SpringJUnit4ClassRunner.methodBlock(SpringJUnit4ClassRunner.java:261)
	at org.springframework.test.context.junit4.SpringJUnit4ClassRunner.runChild(SpringJUnit4ClassRunner.java:219)
	at org.springframework.test.context.junit4.SpringJUnit4ClassRunner.runChild(SpringJUnit4ClassRunner.java:83)
	at org.junit.runners.ParentRunner$3.run(ParentRunner.java:290)
	at org.junit.runners.ParentRunner$1.schedule(ParentRunner.java:71)
	at org.junit.runners.ParentRunner.runChildren(ParentRunner.java:288)
	at org.junit.runners.ParentRunner.access$000(ParentRunner.java:58)
	at org.junit.runners.ParentRunner$2.evaluate(ParentRunner.java:268)
	at org.springframework.test.context.junit4.statements.RunBeforeTestClassCallbacks.evaluate(RunBeforeTestClassCallbacks.java:61)
	at org.springframework.test.context.junit4.statements.RunAfterTestClassCallbacks.evaluate(RunAfterTestClassCallbacks.java:68)
	at org.junit.runners.ParentRunner.run(ParentRunner.java:363)
	at org.springframework.test.context.junit4.SpringJUnit4ClassRunner.run(SpringJUnit4ClassRunner.java:163)
	at org.apache.maven.surefire.junit4.JUnit4Provider.execute(JUnit4Provider.java:283)
	at org.apache.maven.surefire.junit4.JUnit4Provider.executeWithRerun(JUnit4Provider.java:173)
	at org.apache.maven.surefire.junit4.JUnit4Provider.executeTestSet(JUnit4Provider.java:153)
	at org.apache.maven.surefire.junit4.JUnit4Provider.invoke(JUnit4Provider.java:128)
	at org.apache.maven.surefire.booter.ForkedBooter.invokeProviderInSameClassLoader(ForkedBooter.java:203)
	at org.apache.maven.surefire.booter.ForkedBooter.runSuitesInProcess(ForkedBooter.java:155)
	at org.apache.maven.surefire.booter.ForkedBooter.main(ForkedBooter.java:103)
Caused by: org.springframework.beans.factory.BeanCreationException: Error creating bean with name 'aerospikeClient' defined in org.springframework.data.aerospike.repository.TestConfigPerson: Bean instantiation via factory method failed; nested exception is org.springframework.beans.BeanInstantiationException: Failed to instantiate [com.aerospike.client.AerospikeClient]: Factory method 'aerospikeClient' threw exception; nested exception is com.aerospike.client.AerospikeException$Connection: Error Code 11: Failed to connect to host(s): 
52.41.32.83:3000 Error Code 11: java.net.SocketTimeoutException: connect timed out

	at org.springframework.beans.factory.support.ConstructorResolver.instantiateUsingFactoryMethod(ConstructorResolver.java:599)
	at org.springframework.beans.factory.support.AbstractAutowireCapableBeanFactory.instantiateUsingFactoryMethod(AbstractAutowireCapableBeanFactory.java:1119)
	at org.springframework.beans.factory.support.AbstractAutowireCapableBeanFactory.createBeanInstance(AbstractAutowireCapableBeanFactory.java:1014)
	at org.springframework.beans.factory.support.AbstractAutowireCapableBeanFactory.doCreateBean(AbstractAutowireCapableBeanFactory.java:504)
	at org.springframework.beans.factory.support.AbstractAutowireCapableBeanFactory.createBean(AbstractAutowireCapableBeanFactory.java:476)
	at org.springframework.beans.factory.support.AbstractBeanFactory$1.getObject(AbstractBeanFactory.java:303)
	at org.springframework.beans.factory.support.DefaultSingletonBeanRegistry.getSingleton(DefaultSingletonBeanRegistry.java:230)
	at org.springframework.beans.factory.support.AbstractBeanFactory.doGetBean(AbstractBeanFactory.java:299)
	at org.springframework.beans.factory.support.AbstractBeanFactory.getBean(AbstractBeanFactory.java:194)
	at org.springframework.context.annotation.ConfigurationClassEnhancer$BeanMethodInterceptor.intercept(ConfigurationClassEnhancer.java:322)
	at org.springframework.data.aerospike.repository.TestConfigPerson$$EnhancerBySpringCGLIB$$3f27a8da.aerospikeClient(<generated>)
	at org.springframework.data.aerospike.repository.TestConfigPerson.aerospikeTemplate(TestConfigPerson.java:38)
	at org.springframework.data.aerospike.repository.TestConfigPerson$$EnhancerBySpringCGLIB$$3f27a8da.CGLIB$aerospikeTemplate$0(<generated>)
	at org.springframework.data.aerospike.repository.TestConfigPerson$$EnhancerBySpringCGLIB$$3f27a8da$$FastClassBySpringCGLIB$$38965c5e.invoke(<generated>)
	at org.springframework.cglib.proxy.MethodProxy.invokeSuper(MethodProxy.java:228)
	at org.springframework.context.annotation.ConfigurationClassEnhancer$BeanMethodInterceptor.intercept(ConfigurationClassEnhancer.java:309)
	at org.springframework.data.aerospike.repository.TestConfigPerson$$EnhancerBySpringCGLIB$$3f27a8da.aerospikeTemplate(<generated>)
	at sun.reflect.GeneratedMethodAccessor45.invoke(Unknown Source)
	at sun.reflect.DelegatingMethodAccessorImpl.invoke(DelegatingMethodAccessorImpl.java:43)
	at java.lang.reflect.Method.invoke(Method.java:498)
	at org.springframework.beans.factory.support.SimpleInstantiationStrategy.instantiate(SimpleInstantiationStrategy.java:162)
	at org.springframework.beans.factory.support.ConstructorResolver.instantiateUsingFactoryMethod(ConstructorResolver.java:588)
	at org.springframework.beans.factory.support.AbstractAutowireCapableBeanFactory.instantiateUsingFactoryMethod(AbstractAutowireCapableBeanFactory.java:1119)
	at org.springframework.beans.factory.support.AbstractAutowireCapableBeanFactory.createBeanInstance(AbstractAutowireCapableBeanFactory.java:1014)
	at org.springframework.beans.factory.support.AbstractAutowireCapableBeanFactory.doCreateBean(AbstractAutowireCapableBeanFactory.java:504)
	at org.springframework.beans.factory.support.AbstractAutowireCapableBeanFactory.createBean(AbstractAutowireCapableBeanFactory.java:476)
	at org.springframework.beans.factory.support.AbstractBeanFactory$1.getObject(AbstractBeanFactory.java:303)
	at org.springframework.beans.factory.support.DefaultSingletonBeanRegistry.getSingleton(DefaultSingletonBeanRegistry.java:230)
	at org.springframework.beans.factory.support.AbstractBeanFactory.doGetBean(AbstractBeanFactory.java:299)
	at org.springframework.beans.factory.support.AbstractBeanFactory.getBean(AbstractBeanFactory.java:194)
	at org.springframework.beans.factory.support.DefaultListableBeanFactory.preInstantiateSingletons(DefaultListableBeanFactory.java:755)
	at org.springframework.context.support.AbstractApplicationContext.finishBeanFactoryInitialization(AbstractApplicationContext.java:757)
	at org.springframework.context.support.AbstractApplicationContext.refresh(AbstractApplicationContext.java:480)
	at org.springframework.test.context.support.AbstractGenericContextLoader.loadContext(AbstractGenericContextLoader.java:125)
	at org.springframework.test.context.support.AbstractGenericContextLoader.loadContext(AbstractGenericContextLoader.java:60)
	at org.springframework.test.context.support.AbstractDelegatingSmartContextLoader.delegateLoading(AbstractDelegatingSmartContextLoader.java:109)
	at org.springframework.test.context.support.AbstractDelegatingSmartContextLoader.loadContext(AbstractDelegatingSmartContextLoader.java:261)
	at org.springframework.test.context.DefaultCacheAwareContextLoaderDelegate.loadContextInternal(DefaultCacheAwareContextLoaderDelegate.java:68)
	at org.springframework.test.context.DefaultCacheAwareContextLoaderDelegate.loadContext(DefaultCacheAwareContextLoaderDelegate.java:86)
	at org.springframework.test.context.DefaultTestContext.getApplicationContext(DefaultTestContext.java:72)
	at org.springframework.test.context.support.DependencyInjectionTestExecutionListener.injectDependencies(DependencyInjectionTestExecutionListener.java:117)
	at org.springframework.test.context.support.DependencyInjectionTestExecutionListener.prepareTestInstance(DependencyInjectionTestExecutionListener.java:83)
	at org.springframework.test.context.TestContextManager.prepareTestInstance(TestContextManager.java:212)
	at org.springframework.test.context.junit4.SpringJUnit4ClassRunner.createTest(SpringJUnit4ClassRunner.java:200)
	at org.springframework.test.context.junit4.SpringJUnit4ClassRunner$1.runReflectiveCall(SpringJUnit4ClassRunner.java:259)
	at org.junit.internal.runners.model.ReflectiveCallable.run(ReflectiveCallable.java:12)
	at org.springframework.test.context.junit4.SpringJUnit4ClassRunner.methodBlock(SpringJUnit4ClassRunner.java:261)
	at org.springframework.test.context.junit4.SpringJUnit4ClassRunner.runChild(SpringJUnit4ClassRunner.java:219)
	at org.springframework.test.context.junit4.SpringJUnit4ClassRunner.runChild(SpringJUnit4ClassRunner.java:83)
	at org.junit.runners.ParentRunner$3.run(ParentRunner.java:290)
	at org.junit.runners.ParentRunner$1.schedule(ParentRunner.java:71)
	at org.junit.runners.ParentRunner.runChildren(ParentRunner.java:288)
	at org.junit.runners.ParentRunner.access$000(ParentRunner.java:58)
	at org.junit.runners.ParentRunner$2.evaluate(ParentRunner.java:268)
	at org.springframework.test.context.junit4.statements.RunBeforeTestClassCallbacks.evaluate(RunBeforeTestClassCallbacks.java:61)
	at org.springframework.test.context.junit4.statements.RunAfterTestClassCallbacks.evaluate(RunAfterTestClassCallbacks.java:68)
	at org.junit.runners.ParentRunner.run(ParentRunner.java:363)
	at org.springframework.test.context.junit4.SpringJUnit4ClassRunner.run(SpringJUnit4ClassRunner.java:163)
	at org.apache.maven.surefire.junit4.JUnit4Provider.execute(JUnit4Provider.java:283)
	at org.apache.maven.surefire.junit4.JUnit4Provider.executeWithRerun(JUnit4Provider.java:173)
	at org.apache.maven.surefire.junit4.JUnit4Provider.executeTestSet(JUnit4Provider.java:153)
	at org.apache.maven.surefire.junit4.JUnit4Provider.invoke(JUnit4Provider.java:128)
	at org.apache.maven.surefire.booter.ForkedBooter.invokeProviderInSameClassLoader(ForkedBooter.java:203)
	at org.apache.maven.surefire.booter.ForkedBooter.runSuitesInProcess(ForkedBooter.java:155)
	at org.apache.maven.surefire.booter.ForkedBooter.main(ForkedBooter.java:103)
Caused by: org.springframework.beans.BeanInstantiationException: Failed to instantiate [com.aerospike.client.AerospikeClient]: Factory method 'aerospikeClient' threw exception; nested exception is com.aerospike.client.AerospikeException$Connection: Error Code 11: Failed to connect to host(s): 
52.41.32.83:3000 Error Code 11: java.net.SocketTimeoutException: connect timed out

	at org.springframework.beans.factory.support.SimpleInstantiationStrategy.instantiate(SimpleInstantiationStrategy.java:189)
	at org.springframework.beans.factory.support.ConstructorResolver.instantiateUsingFactoryMethod(ConstructorResolver.java:588)
	at org.springframework.beans.factory.support.AbstractAutowireCapableBeanFactory.instantiateUsingFactoryMethod(AbstractAutowireCapableBeanFactory.java:1119)
	at org.springframework.beans.factory.support.AbstractAutowireCapableBeanFactory.createBeanInstance(AbstractAutowireCapableBeanFactory.java:1014)
	at org.springframework.beans.factory.support.AbstractAutowireCapableBeanFactory.doCreateBean(AbstractAutowireCapableBeanFactory.java:504)
	at org.springframework.beans.factory.support.AbstractAutowireCapableBeanFactory.createBean(AbstractAutowireCapableBeanFactory.java:476)
	at org.springframework.beans.factory.support.AbstractBeanFactory$1.getObject(AbstractBeanFactory.java:303)
	at org.springframework.beans.factory.support.DefaultSingletonBeanRegistry.getSingleton(DefaultSingletonBeanRegistry.java:230)
	at org.springframework.beans.factory.support.AbstractBeanFactory.doGetBean(AbstractBeanFactory.java:299)
	at org.springframework.beans.factory.support.AbstractBeanFactory.getBean(AbstractBeanFactory.java:194)
	at org.springframework.context.annotation.ConfigurationClassEnhancer$BeanMethodInterceptor.intercept(ConfigurationClassEnhancer.java:322)
	at org.springframework.data.aerospike.repository.TestConfigPerson$$EnhancerBySpringCGLIB$$3f27a8da.aerospikeClient(<generated>)
	at org.springframework.data.aerospike.repository.TestConfigPerson.aerospikeTemplate(TestConfigPerson.java:38)
	at org.springframework.data.aerospike.repository.TestConfigPerson$$EnhancerBySpringCGLIB$$3f27a8da.CGLIB$aerospikeTemplate$0(<generated>)
	at org.springframework.data.aerospike.repository.TestConfigPerson$$EnhancerBySpringCGLIB$$3f27a8da$$FastClassBySpringCGLIB$$38965c5e.invoke(<generated>)
	at org.springframework.cglib.proxy.MethodProxy.invokeSuper(MethodProxy.java:228)
	at org.springframework.context.annotation.ConfigurationClassEnhancer$BeanMethodInterceptor.intercept(ConfigurationClassEnhancer.java:309)
	at org.springframework.data.aerospike.repository.TestConfigPerson$$EnhancerBySpringCGLIB$$3f27a8da.aerospikeTemplate(<generated>)
	at sun.reflect.GeneratedMethodAccessor45.invoke(Unknown Source)
	at sun.reflect.DelegatingMethodAccessorImpl.invoke(DelegatingMethodAccessorImpl.java:43)
	at java.lang.reflect.Method.invoke(Method.java:498)
	at org.springframework.beans.factory.support.SimpleInstantiationStrategy.instantiate(SimpleInstantiationStrategy.java:162)
	at org.springframework.beans.factory.support.ConstructorResolver.instantiateUsingFactoryMethod(ConstructorResolver.java:588)
	at org.springframework.beans.factory.support.AbstractAutowireCapableBeanFactory.instantiateUsingFactoryMethod(AbstractAutowireCapableBeanFactory.java:1119)
	at org.springframework.beans.factory.support.AbstractAutowireCapableBeanFactory.createBeanInstance(AbstractAutowireCapableBeanFactory.java:1014)
	at org.springframework.beans.factory.support.AbstractAutowireCapableBeanFactory.doCreateBean(AbstractAutowireCapableBeanFactory.java:504)
	at org.springframework.beans.factory.support.AbstractAutowireCapableBeanFactory.createBean(AbstractAutowireCapableBeanFactory.java:476)
	at org.springframework.beans.factory.support.AbstractBeanFactory$1.getObject(AbstractBeanFactory.java:303)
	at org.springframework.beans.factory.support.DefaultSingletonBeanRegistry.getSingleton(DefaultSingletonBeanRegistry.java:230)
	at org.springframework.beans.factory.support.AbstractBeanFactory.doGetBean(AbstractBeanFactory.java:299)
	at org.springframework.beans.factory.support.AbstractBeanFactory.getBean(AbstractBeanFactory.java:194)
	at org.springframework.beans.factory.support.DefaultListableBeanFactory.preInstantiateSingletons(DefaultListableBeanFactory.java:755)
	at org.springframework.context.support.AbstractApplicationContext.finishBeanFactoryInitialization(AbstractApplicationContext.java:757)
	at org.springframework.context.support.AbstractApplicationContext.refresh(AbstractApplicationContext.java:480)
	at org.springframework.test.context.support.AbstractGenericContextLoader.loadContext(AbstractGenericContextLoader.java:125)
	at org.springframework.test.context.support.AbstractGenericContextLoader.loadContext(AbstractGenericContextLoader.java:60)
	at org.springframework.test.context.support.AbstractDelegatingSmartContextLoader.delegateLoading(AbstractDelegatingSmartContextLoader.java:109)
	at org.springframework.test.context.support.AbstractDelegatingSmartContextLoader.loadContext(AbstractDelegatingSmartContextLoader.java:261)
	at org.springframework.test.context.DefaultCacheAwareContextLoaderDelegate.loadContextInternal(DefaultCacheAwareContextLoaderDelegate.java:68)
	at org.springframework.test.context.DefaultCacheAwareContextLoaderDelegate.loadContext(DefaultCacheAwareContextLoaderDelegate.java:86)
	at org.springframework.test.context.DefaultTestContext.getApplicationContext(DefaultTestContext.java:72)
	at org.springframework.test.context.support.DependencyInjectionTestExecutionListener.injectDependencies(DependencyInjectionTestExecutionListener.java:117)
	at org.springframework.test.context.support.DependencyInjectionTestExecutionListener.prepareTestInstance(DependencyInjectionTestExecutionListener.java:83)
	at org.springframework.test.context.TestContextManager.prepareTestInstance(TestContextManager.java:212)
	at org.springframework.test.context.junit4.SpringJUnit4ClassRunner.createTest(SpringJUnit4ClassRunner.java:200)
	at org.springframework.test.context.junit4.SpringJUnit4ClassRunner$1.runReflectiveCall(SpringJUnit4ClassRunner.java:259)
	at org.junit.internal.runners.model.ReflectiveCallable.run(ReflectiveCallable.java:12)
	at org.springframework.test.context.junit4.SpringJUnit4ClassRunner.methodBlock(SpringJUnit4ClassRunner.java:261)
	at org.springframework.test.context.junit4.SpringJUnit4ClassRunner.runChild(SpringJUnit4ClassRunner.java:219)
	at org.springframework.test.context.junit4.SpringJUnit4ClassRunner.runChild(SpringJUnit4ClassRunner.java:83)
	at org.junit.runners.ParentRunner$3.run(ParentRunner.java:290)
	at org.junit.runners.ParentRunner$1.schedule(ParentRunner.java:71)
	at org.junit.runners.ParentRunner.runChildren(ParentRunner.java:288)
	at org.junit.runners.ParentRunner.access$000(ParentRunner.java:58)
	at org.junit.runners.ParentRunner$2.evaluate(ParentRunner.java:268)
	at org.springframework.test.context.junit4.statements.RunBeforeTestClassCallbacks.evaluate(RunBeforeTestClassCallbacks.java:61)
	at org.springframework.test.context.junit4.statements.RunAfterTestClassCallbacks.evaluate(RunAfterTestClassCallbacks.java:68)
	at org.junit.runners.ParentRunner.run(ParentRunner.java:363)
	at org.springframework.test.context.junit4.SpringJUnit4ClassRunner.run(SpringJUnit4ClassRunner.java:163)
	at org.apache.maven.surefire.junit4.JUnit4Provider.execute(JUnit4Provider.java:283)
	at org.apache.maven.surefire.junit4.JUnit4Provider.executeWithRerun(JUnit4Provider.java:173)
	at org.apache.maven.surefire.junit4.JUnit4Provider.executeTestSet(JUnit4Provider.java:153)
	at org.apache.maven.surefire.junit4.JUnit4Provider.invoke(JUnit4Provider.java:128)
	at org.apache.maven.surefire.booter.ForkedBooter.invokeProviderInSameClassLoader(ForkedBooter.java:203)
	at org.apache.maven.surefire.booter.ForkedBooter.runSuitesInProcess(ForkedBooter.java:155)
	at org.apache.maven.surefire.booter.ForkedBooter.main(ForkedBooter.java:103)
Caused by: com.aerospike.client.AerospikeException$Connection: Error Code 11: Failed to connect to host(s): 
52.41.32.83:3000 Error Code 11: java.net.SocketTimeoutException: connect timed out

	at com.aerospike.client.cluster.Cluster.seedNodes(Cluster.java:386)
	at com.aerospike.client.cluster.Cluster.tend(Cluster.java:273)
	at com.aerospike.client.cluster.Cluster.waitTillStabilized(Cluster.java:238)
	at com.aerospike.client.cluster.Cluster.initTendThread(Cluster.java:148)
	at com.aerospike.client.AerospikeClient.<init>(AerospikeClient.java:209)
	at com.aerospike.client.AerospikeClient.<init>(AerospikeClient.java:173)
	at org.springframework.data.aerospike.repository.TestConfigPerson.aerospikeClient(TestConfigPerson.java:32)
	at org.springframework.data.aerospike.repository.TestConfigPerson$$EnhancerBySpringCGLIB$$3f27a8da.CGLIB$aerospikeClient$1(<generated>)
	at org.springframework.data.aerospike.repository.TestConfigPerson$$EnhancerBySpringCGLIB$$3f27a8da$$FastClassBySpringCGLIB$$38965c5e.invoke(<generated>)
	at org.springframework.cglib.proxy.MethodProxy.invokeSuper(MethodProxy.java:228)
	at org.springframework.context.annotation.ConfigurationClassEnhancer$BeanMethodInterceptor.intercept(ConfigurationClassEnhancer.java:309)
	at org.springframework.data.aerospike.repository.TestConfigPerson$$EnhancerBySpringCGLIB$$3f27a8da.aerospikeClient(<generated>)
	at sun.reflect.GeneratedMethodAccessor46.invoke(Unknown Source)
	at sun.reflect.DelegatingMethodAccessorImpl.invoke(DelegatingMethodAccessorImpl.java:43)
	at java.lang.reflect.Method.invoke(Method.java:498)
	at org.springframework.beans.factory.support.SimpleInstantiationStrategy.instantiate(SimpleInstantiationStrategy.java:162)
	at org.springframework.beans.factory.support.ConstructorResolver.instantiateUsingFactoryMethod(ConstructorResolver.java:588)
	at org.springframework.beans.factory.support.AbstractAutowireCapableBeanFactory.instantiateUsingFactoryMethod(AbstractAutowireCapableBeanFactory.java:1119)
	at org.springframework.beans.factory.support.AbstractAutowireCapableBeanFactory.createBeanInstance(AbstractAutowireCapableBeanFactory.java:1014)
	at org.springframework.beans.factory.support.AbstractAutowireCapableBeanFactory.doCreateBean(AbstractAutowireCapableBeanFactory.java:504)
	at org.springframework.beans.factory.support.AbstractAutowireCapableBeanFactory.createBean(AbstractAutowireCapableBeanFactory.java:476)
	at org.springframework.beans.factory.support.AbstractBeanFactory$1.getObject(AbstractBeanFactory.java:303)
	at org.springframework.beans.factory.support.DefaultSingletonBeanRegistry.getSingleton(DefaultSingletonBeanRegistry.java:230)
	at org.springframework.beans.factory.support.AbstractBeanFactory.doGetBean(AbstractBeanFactory.java:299)
	at org.springframework.beans.factory.support.AbstractBeanFactory.getBean(AbstractBeanFactory.java:194)
	at org.springframework.context.annotation.ConfigurationClassEnhancer$BeanMethodInterceptor.intercept(ConfigurationClassEnhancer.java:322)
	at org.springframework.data.aerospike.repository.TestConfigPerson$$EnhancerBySpringCGLIB$$3f27a8da.aerospikeClient(<generated>)
	at org.springframework.data.aerospike.repository.TestConfigPerson.aerospikeTemplate(TestConfigPerson.java:38)
	at org.springframework.data.aerospike.repository.TestConfigPerson$$EnhancerBySpringCGLIB$$3f27a8da.CGLIB$aerospikeTemplate$0(<generated>)
	at org.springframework.data.aerospike.repository.TestConfigPerson$$EnhancerBySpringCGLIB$$3f27a8da$$FastClassBySpringCGLIB$$38965c5e.invoke(<generated>)
	at org.springframework.cglib.proxy.MethodProxy.invokeSuper(MethodProxy.java:228)
	at org.springframework.context.annotation.ConfigurationClassEnhancer$BeanMethodInterceptor.intercept(ConfigurationClassEnhancer.java:309)
	at org.springframework.data.aerospike.repository.TestConfigPerson$$EnhancerBySpringCGLIB$$3f27a8da.aerospikeTemplate(<generated>)
	at sun.reflect.GeneratedMethodAccessor45.invoke(Unknown Source)
	at sun.reflect.DelegatingMethodAccessorImpl.invoke(DelegatingMethodAccessorImpl.java:43)
	at java.lang.reflect.Method.invoke(Method.java:498)
	at org.springframework.beans.factory.support.SimpleInstantiationStrategy.instantiate(SimpleInstantiationStrategy.java:162)
	at org.springframework.beans.factory.support.ConstructorResolver.instantiateUsingFactoryMethod(ConstructorResolver.java:588)
	at org.springframework.beans.factory.support.AbstractAutowireCapableBeanFactory.instantiateUsingFactoryMethod(AbstractAutowireCapableBeanFactory.java:1119)
	at org.springframework.beans.factory.support.AbstractAutowireCapableBeanFactory.createBeanInstance(AbstractAutowireCapableBeanFactory.java:1014)
	at org.springframework.beans.factory.support.AbstractAutowireCapableBeanFactory.doCreateBean(AbstractAutowireCapableBeanFactory.java:504)
	at org.springframework.beans.factory.support.AbstractAutowireCapableBeanFactory.createBean(AbstractAutowireCapableBeanFactory.java:476)
	at org.springframework.beans.factory.support.AbstractBeanFactory$1.getObject(AbstractBeanFactory.java:303)
	at org.springframework.beans.factory.support.DefaultSingletonBeanRegistry.getSingleton(DefaultSingletonBeanRegistry.java:230)
	at org.springframework.beans.factory.support.AbstractBeanFactory.doGetBean(AbstractBeanFactory.java:299)
	at org.springframework.beans.factory.support.AbstractBeanFactory.getBean(AbstractBeanFactory.java:194)
	at org.springframework.beans.factory.support.DefaultListableBeanFactory.preInstantiateSingletons(DefaultListableBeanFactory.java:755)
	at org.springframework.context.support.AbstractApplicationContext.finishBeanFactoryInitialization(AbstractApplicationContext.java:757)
	at org.springframework.context.support.AbstractApplicationContext.refresh(AbstractApplicationContext.java:480)
	at org.springframework.test.context.support.AbstractGenericContextLoader.loadContext(AbstractGenericContextLoader.java:125)
	at org.springframework.test.context.support.AbstractGenericContextLoader.loadContext(AbstractGenericContextLoader.java:60)
	at org.springframework.test.context.support.AbstractDelegatingSmartContextLoader.delegateLoading(AbstractDelegatingSmartContextLoader.java:109)
	at org.springframework.test.context.support.AbstractDelegatingSmartContextLoader.loadContext(AbstractDelegatingSmartContextLoader.java:261)
	at org.springframework.test.context.DefaultCacheAwareContextLoaderDelegate.loadContextInternal(DefaultCacheAwareContextLoaderDelegate.java:68)
	at org.springframework.test.context.DefaultCacheAwareContextLoaderDelegate.loadContext(DefaultCacheAwareContextLoaderDelegate.java:86)
	at org.springframework.test.context.DefaultTestContext.getApplicationContext(DefaultTestContext.java:72)
	at org.springframework.test.context.support.DependencyInjectionTestExecutionListener.injectDependencies(DependencyInjectionTestExecutionListener.java:117)
	at org.springframework.test.context.support.DependencyInjectionTestExecutionListener.prepareTestInstance(DependencyInjectionTestExecutionListener.java:83)
	at org.springframework.test.context.TestContextManager.prepareTestInstance(TestContextManager.java:212)
	at org.springframework.test.context.junit4.SpringJUnit4ClassRunner.createTest(SpringJUnit4ClassRunner.java:200)
	at org.springframework.test.context.junit4.SpringJUnit4ClassRunner$1.runReflectiveCall(SpringJUnit4ClassRunner.java:259)
	at org.junit.internal.runners.model.ReflectiveCallable.run(ReflectiveCallable.java:12)
	at org.springframework.test.context.junit4.SpringJUnit4ClassRunner.methodBlock(SpringJUnit4ClassRunner.java:261)
	at org.springframework.test.context.junit4.SpringJUnit4ClassRunner.runChild(SpringJUnit4ClassRunner.java:219)
	at org.springframework.test.context.junit4.SpringJUnit4ClassRunner.runChild(SpringJUnit4ClassRunner.java:83)
	at org.junit.runners.ParentRunner$3.run(ParentRunner.java:290)
	at org.junit.runners.ParentRunner$1.schedule(ParentRunner.java:71)
	at org.junit.runners.ParentRunner.runChildren(ParentRunner.java:288)
	at org.junit.runners.ParentRunner.access$000(ParentRunner.java:58)
	at org.junit.runners.ParentRunner$2.evaluate(ParentRunner.java:268)
	at org.springframework.test.context.junit4.statements.RunBeforeTestClassCallbacks.evaluate(RunBeforeTestClassCallbacks.java:61)
	at org.springframework.test.context.junit4.statements.RunAfterTestClassCallbacks.evaluate(RunAfterTestClassCallbacks.java:68)
	at org.junit.runners.ParentRunner.run(ParentRunner.java:363)
	at org.springframework.test.context.junit4.SpringJUnit4ClassRunner.run(SpringJUnit4ClassRunner.java:163)
	at org.apache.maven.surefire.junit4.JUnit4Provider.execute(JUnit4Provider.java:283)
	at org.apache.maven.surefire.junit4.JUnit4Provider.executeWithRerun(JUnit4Provider.java:173)
	at org.apache.maven.surefire.junit4.JUnit4Provider.executeTestSet(JUnit4Provider.java:153)
	at org.apache.maven.surefire.junit4.JUnit4Provider.invoke(JUnit4Provider.java:128)
	at org.apache.maven.surefire.booter.ForkedBooter.invokeProviderInSameClassLoader(ForkedBooter.java:203)
	at org.apache.maven.surefire.booter.ForkedBooter.runSuitesInProcess(ForkedBooter.java:155)
	at org.apache.maven.surefire.booter.ForkedBooter.main(ForkedBooter.java:103)
]]></error>
    <system-out><![CDATA[16:37:59.713 [main] DEBUG o.s.t.annotation.ProfileValueUtils - Retrieved @ProfileValueSourceConfiguration [null] for test class [org.springframework.data.aerospike.repository.PersonRepositoryIntegrationTests]
16:37:59.713 [main] DEBUG o.s.t.annotation.ProfileValueUtils - Retrieved ProfileValueSource type [class org.springframework.test.annotation.SystemProfileValueSource] for class [org.springframework.data.aerospike.repository.PersonRepositoryIntegrationTests]
16:37:59.713 [main] DEBUG o.s.t.c.s.DependencyInjectionTestExecutionListener - Performing dependency injection for test context [[DefaultTestContext@6c1cfa53 testClass = PersonRepositoryIntegrationTests, testInstance = org.springframework.data.aerospike.repository.PersonRepositoryIntegrationTests@42cc183e, testMethod = [null], testException = [null], mergedContextConfiguration = [MergedContextConfiguration@52b06bef testClass = PersonRepositoryIntegrationTests, locations = '{}', classes = '{class org.springframework.data.aerospike.repository.TestConfigPerson}', contextInitializerClasses = '[]', activeProfiles = '{}', propertySourceLocations = '{}', propertySourceProperties = '{}', contextLoader = 'org.springframework.test.context.support.DelegatingSmartContextLoader', parent = [null]]]].
16:37:59.713 [main] DEBUG o.s.t.c.s.AbstractDelegatingSmartContextLoader - Delegating to AnnotationConfigContextLoader to load context from [MergedContextConfiguration@52b06bef testClass = PersonRepositoryIntegrationTests, locations = '{}', classes = '{class org.springframework.data.aerospike.repository.TestConfigPerson}', contextInitializerClasses = '[]', activeProfiles = '{}', propertySourceLocations = '{}', propertySourceProperties = '{}', contextLoader = 'org.springframework.test.context.support.DelegatingSmartContextLoader', parent = [null]].
16:37:59.713 [main] DEBUG o.s.t.c.s.AbstractGenericContextLoader - Loading ApplicationContext for merged context configuration [[MergedContextConfiguration@52b06bef testClass = PersonRepositoryIntegrationTests, locations = '{}', classes = '{class org.springframework.data.aerospike.repository.TestConfigPerson}', contextInitializerClasses = '[]', activeProfiles = '{}', propertySourceLocations = '{}', propertySourceProperties = '{}', contextLoader = 'org.springframework.test.context.support.DelegatingSmartContextLoader', parent = [null]]].
16:37:59.714 [main] DEBUG o.s.core.env.StandardEnvironment - Adding [systemProperties] PropertySource with lowest search precedence
16:37:59.714 [main] DEBUG o.s.core.env.StandardEnvironment - Adding [systemEnvironment] PropertySource with lowest search precedence
16:37:59.714 [main] DEBUG o.s.core.env.StandardEnvironment - Initialized StandardEnvironment with PropertySources [systemProperties,systemEnvironment]
16:37:59.714 [main] DEBUG o.s.t.c.s.AnnotationConfigContextLoader - Registering annotated classes: {class org.springframework.data.aerospike.repository.TestConfigPerson}
16:37:59.714 [main] INFO  o.s.c.s.GenericApplicationContext - Refreshing org.springframework.context.support.GenericApplicationContext@3e4e8fdf: startup date [Tue Oct 04 16:37:59 BRT 2016]; root of context hierarchy
16:37:59.714 [main] DEBUG o.s.c.s.GenericApplicationContext - Bean factory for org.springframework.context.support.GenericApplicationContext@3e4e8fdf: org.springframework.beans.factory.support.DefaultListableBeanFactory@6a1d6ef2: defining beans [org.springframework.context.annotation.internalConfigurationAnnotationProcessor,org.springframework.context.annotation.internalAutowiredAnnotationProcessor,org.springframework.context.annotation.internalRequiredAnnotationProcessor,org.springframework.context.annotation.internalCommonAnnotationProcessor,testConfigPerson]; root of factory hierarchy
16:37:59.715 [main] DEBUG o.s.b.f.s.DefaultListableBeanFactory - Creating shared instance of singleton bean 'org.springframework.context.annotation.internalConfigurationAnnotationProcessor'
16:37:59.715 [main] DEBUG o.s.b.f.s.DefaultListableBeanFactory - Creating instance of bean 'org.springframework.context.annotation.internalConfigurationAnnotationProcessor'
16:37:59.715 [main] DEBUG o.s.b.f.s.DefaultListableBeanFactory - Eagerly caching bean 'org.springframework.context.annotation.internalConfigurationAnnotationProcessor' to allow for resolving potential circular references
16:37:59.715 [main] DEBUG o.s.b.f.s.DefaultListableBeanFactory - Finished creating instance of bean 'org.springframework.context.annotation.internalConfigurationAnnotationProcessor'
16:37:59.715 [main] DEBUG o.s.c.a.ConfigurationClassBeanDefinitionReader - Registering bean definition for @Bean method org.springframework.data.aerospike.repository.TestConfigPerson.aerospikeTemplate()
16:37:59.715 [main] DEBUG o.s.c.a.ConfigurationClassBeanDefinitionReader - Registering bean definition for @Bean method org.springframework.data.aerospike.repository.TestConfigPerson.aerospikeClient()
16:37:59.716 [main] DEBUG o.s.core.env.StandardEnvironment - Adding [systemProperties] PropertySource with lowest search precedence
16:37:59.716 [main] DEBUG o.s.core.env.StandardEnvironment - Adding [systemEnvironment] PropertySource with lowest search precedence
16:37:59.716 [main] DEBUG o.s.core.env.StandardEnvironment - Initialized StandardEnvironment with PropertySources [systemProperties,systemEnvironment]
16:37:59.716 [main] DEBUG o.s.c.i.s.PathMatchingResourcePatternResolver - Looking for matching resources in directory tree [/home/aluno/spring-projects/maven/spring-data-aerospike/target/test-classes/org/springframework/data]
16:37:59.716 [main] DEBUG o.s.c.i.s.PathMatchingResourcePatternResolver - Searching directory [/home/aluno/spring-projects/maven/spring-data-aerospike/target/test-classes/org/springframework/data] for files matching pattern [/home/aluno/spring-projects/maven/spring-data-aerospike/target/test-classes/org/springframework/data/**/repository/support/**/*.class]
16:37:59.716 [main] DEBUG o.s.c.i.s.PathMatchingResourcePatternResolver - Searching directory [/home/aluno/spring-projects/maven/spring-data-aerospike/target/test-classes/org/springframework/data/keyvalue] for files matching pattern [/home/aluno/spring-projects/maven/spring-data-aerospike/target/test-classes/org/springframework/data/**/repository/support/**/*.class]
16:37:59.716 [main] DEBUG o.s.c.i.s.PathMatchingResourcePatternResolver - Searching directory [/home/aluno/spring-projects/maven/spring-data-aerospike/target/test-classes/org/springframework/data/keyvalue/repository] for files matching pattern [/home/aluno/spring-projects/maven/spring-data-aerospike/target/test-classes/org/springframework/data/**/repository/support/**/*.class]
16:37:59.716 [main] DEBUG o.s.c.i.s.PathMatchingResourcePatternResolver - Searching directory [/home/aluno/spring-projects/maven/spring-data-aerospike/target/test-classes/org/springframework/data/keyvalue/repository/query] for files matching pattern [/home/aluno/spring-projects/maven/spring-data-aerospike/target/test-classes/org/springframework/data/**/repository/support/**/*.class]
16:37:59.717 [main] DEBUG o.s.c.i.s.PathMatchingResourcePatternResolver - Searching directory [/home/aluno/spring-projects/maven/spring-data-aerospike/target/test-classes/org/springframework/data/aerospike] for files matching pattern [/home/aluno/spring-projects/maven/spring-data-aerospike/target/test-classes/org/springframework/data/**/repository/support/**/*.class]
16:37:59.717 [main] DEBUG o.s.c.i.s.PathMatchingResourcePatternResolver - Searching directory [/home/aluno/spring-projects/maven/spring-data-aerospike/target/test-classes/org/springframework/data/aerospike/mapping] for files matching pattern [/home/aluno/spring-projects/maven/spring-data-aerospike/target/test-classes/org/springframework/data/**/repository/support/**/*.class]
16:37:59.717 [main] DEBUG o.s.c.i.s.PathMatchingResourcePatternResolver - Searching directory [/home/aluno/spring-projects/maven/spring-data-aerospike/target/test-classes/org/springframework/data/aerospike/core] for files matching pattern [/home/aluno/spring-projects/maven/spring-data-aerospike/target/test-classes/org/springframework/data/**/repository/support/**/*.class]
16:37:59.717 [main] DEBUG o.s.c.i.s.PathMatchingResourcePatternResolver - Searching directory [/home/aluno/spring-projects/maven/spring-data-aerospike/target/test-classes/org/springframework/data/aerospike/convert] for files matching pattern [/home/aluno/spring-projects/maven/spring-data-aerospike/target/test-classes/org/springframework/data/**/repository/support/**/*.class]
16:37:59.721 [main] DEBUG o.s.c.i.s.PathMatchingResourcePatternResolver - Searching directory [/home/aluno/spring-projects/maven/spring-data-aerospike/target/test-classes/org/springframework/data/aerospike/sample] for files matching pattern [/home/aluno/spring-projects/maven/spring-data-aerospike/target/test-classes/org/springframework/data/**/repository/support/**/*.class]
16:37:59.721 [main] DEBUG o.s.c.i.s.PathMatchingResourcePatternResolver - Searching directory [/home/aluno/spring-projects/maven/spring-data-aerospike/target/test-classes/org/springframework/data/aerospike/repository] for files matching pattern [/home/aluno/spring-projects/maven/spring-data-aerospike/target/test-classes/org/springframework/data/**/repository/support/**/*.class]
16:37:59.722 [main] DEBUG o.s.c.i.s.PathMatchingResourcePatternResolver - Searching directory [/home/aluno/spring-projects/maven/spring-data-aerospike/target/test-classes/org/springframework/data/aerospike/repository/support] for files matching pattern [/home/aluno/spring-projects/maven/spring-data-aerospike/target/test-classes/org/springframework/data/**/repository/support/**/*.class]
16:37:59.722 [main] DEBUG o.s.c.i.s.PathMatchingResourcePatternResolver - Searching directory [/home/aluno/spring-projects/maven/spring-data-aerospike/target/test-classes/org/springframework/data/aerospike/repository/query] for files matching pattern [/home/aluno/spring-projects/maven/spring-data-aerospike/target/test-classes/org/springframework/data/**/repository/support/**/*.class]
16:37:59.722 [main] DEBUG o.s.c.i.s.PathMatchingResourcePatternResolver - Searching directory [/home/aluno/spring-projects/maven/spring-data-aerospike/target/test-classes/org/springframework/data/aerospike/config] for files matching pattern [/home/aluno/spring-projects/maven/spring-data-aerospike/target/test-classes/org/springframework/data/**/repository/support/**/*.class]
16:37:59.722 [main] DEBUG o.s.c.i.s.PathMatchingResourcePatternResolver - Searching directory [/home/aluno/spring-projects/maven/spring-data-aerospike/target/test-classes/org/springframework/data/aerospike/cache] for files matching pattern [/home/aluno/spring-projects/maven/spring-data-aerospike/target/test-classes/org/springframework/data/**/repository/support/**/*.class]
16:37:59.722 [main] DEBUG o.s.c.i.s.PathMatchingResourcePatternResolver - Looking for matching resources in directory tree [/home/aluno/spring-projects/maven/spring-data-aerospike/target/classes/org/springframework/data]
16:37:59.722 [main] DEBUG o.s.c.i.s.PathMatchingResourcePatternResolver - Searching directory [/home/aluno/spring-projects/maven/spring-data-aerospike/target/classes/org/springframework/data] for files matching pattern [/home/aluno/spring-projects/maven/spring-data-aerospike/target/classes/org/springframework/data/**/repository/support/**/*.class]
16:37:59.722 [main] DEBUG o.s.c.i.s.PathMatchingResourcePatternResolver - Searching directory [/home/aluno/spring-projects/maven/spring-data-aerospike/target/classes/org/springframework/data/aerospike] for files matching pattern [/home/aluno/spring-projects/maven/spring-data-aerospike/target/classes/org/springframework/data/**/repository/support/**/*.class]
16:37:59.723 [main] DEBUG o.s.c.i.s.PathMatchingResourcePatternResolver - Searching directory [/home/aluno/spring-projects/maven/spring-data-aerospike/target/classes/org/springframework/data/aerospike/mapping] for files matching pattern [/home/aluno/spring-projects/maven/spring-data-aerospike/target/classes/org/springframework/data/**/repository/support/**/*.class]
16:37:59.723 [main] DEBUG o.s.c.i.s.PathMatchingResourcePatternResolver - Searching directory [/home/aluno/spring-projects/maven/spring-data-aerospike/target/classes/org/springframework/data/aerospike/core] for files matching pattern [/home/aluno/spring-projects/maven/spring-data-aerospike/target/classes/org/springframework/data/**/repository/support/**/*.class]
16:37:59.723 [main] DEBUG o.s.c.i.s.PathMatchingResourcePatternResolver - Searching directory [/home/aluno/spring-projects/maven/spring-data-aerospike/target/classes/org/springframework/data/aerospike/convert] for files matching pattern [/home/aluno/spring-projects/maven/spring-data-aerospike/target/classes/org/springframework/data/**/repository/support/**/*.class]
16:37:59.724 [main] DEBUG o.s.c.i.s.PathMatchingResourcePatternResolver - Searching directory [/home/aluno/spring-projects/maven/spring-data-aerospike/target/classes/org/springframework/data/aerospike/example] for files matching pattern [/home/aluno/spring-projects/maven/spring-data-aerospike/target/classes/org/springframework/data/**/repository/support/**/*.class]
16:37:59.724 [main] DEBUG o.s.c.i.s.PathMatchingResourcePatternResolver - Searching directory [/home/aluno/spring-projects/maven/spring-data-aerospike/target/classes/org/springframework/data/aerospike/example/data] for files matching pattern [/home/aluno/spring-projects/maven/spring-data-aerospike/target/classes/org/springframework/data/**/repository/support/**/*.class]
16:37:59.724 [main] DEBUG o.s.c.i.s.PathMatchingResourcePatternResolver - Searching directory [/home/aluno/spring-projects/maven/spring-data-aerospike/target/classes/org/springframework/data/aerospike/example/config] for files matching pattern [/home/aluno/spring-projects/maven/spring-data-aerospike/target/classes/org/springframework/data/**/repository/support/**/*.class]
16:37:59.724 [main] DEBUG o.s.c.i.s.PathMatchingResourcePatternResolver - Searching directory [/home/aluno/spring-projects/maven/spring-data-aerospike/target/classes/org/springframework/data/aerospike/annotation] for files matching pattern [/home/aluno/spring-projects/maven/spring-data-aerospike/target/classes/org/springframework/data/**/repository/support/**/*.class]
16:37:59.724 [main] DEBUG o.s.c.i.s.PathMatchingResourcePatternResolver - Searching directory [/home/aluno/spring-projects/maven/spring-data-aerospike/target/classes/org/springframework/data/aerospike/repository] for files matching pattern [/home/aluno/spring-projects/maven/spring-data-aerospike/target/classes/org/springframework/data/**/repository/support/**/*.class]
16:37:59.724 [main] DEBUG o.s.c.i.s.PathMatchingResourcePatternResolver - Searching directory [/home/aluno/spring-projects/maven/spring-data-aerospike/target/classes/org/springframework/data/aerospike/repository/support] for files matching pattern [/home/aluno/spring-projects/maven/spring-data-aerospike/target/classes/org/springframework/data/**/repository/support/**/*.class]
16:37:59.724 [main] DEBUG o.s.c.i.s.PathMatchingResourcePatternResolver - Searching directory [/home/aluno/spring-projects/maven/spring-data-aerospike/target/classes/org/springframework/data/aerospike/repository/config] for files matching pattern [/home/aluno/spring-projects/maven/spring-data-aerospike/target/classes/org/springframework/data/**/repository/support/**/*.class]
16:37:59.724 [main] DEBUG o.s.c.i.s.PathMatchingResourcePatternResolver - Searching directory [/home/aluno/spring-projects/maven/spring-data-aerospike/target/classes/org/springframework/data/aerospike/repository/query] for files matching pattern [/home/aluno/spring-projects/maven/spring-data-aerospike/target/classes/org/springframework/data/**/repository/support/**/*.class]
16:37:59.725 [main] DEBUG o.s.c.i.s.PathMatchingResourcePatternResolver - Searching directory [/home/aluno/spring-projects/maven/spring-data-aerospike/target/classes/org/springframework/data/aerospike/config] for files matching pattern [/home/aluno/spring-projects/maven/spring-data-aerospike/target/classes/org/springframework/data/**/repository/support/**/*.class]
16:37:59.725 [main] DEBUG o.s.c.i.s.PathMatchingResourcePatternResolver - Searching directory [/home/aluno/spring-projects/maven/spring-data-aerospike/target/classes/org/springframework/data/aerospike/cache] for files matching pattern [/home/aluno/spring-projects/maven/spring-data-aerospike/target/classes/org/springframework/data/**/repository/support/**/*.class]
16:37:59.725 [main] DEBUG o.s.c.i.s.PathMatchingResourcePatternResolver - Searching directory [/home/aluno/spring-projects/maven/spring-data-aerospike/target/classes/org/springframework/data/aerospike/utility] for files matching pattern [/home/aluno/spring-projects/maven/spring-data-aerospike/target/classes/org/springframework/data/**/repository/support/**/*.class]
16:37:59.725 [main] DEBUG o.s.c.i.s.PathMatchingResourcePatternResolver - Looking for matching resources in jar file [file:/home/aluno/.m2/repository/org/springframework/data/spring-data-commons/1.11.0.RELEASE/spring-data-commons-1.11.0.RELEASE.jar]
16:37:59.728 [main] DEBUG o.s.c.i.s.PathMatchingResourcePatternResolver - Looking for matching resources in jar file [file:/home/aluno/.m2/repository/org/springframework/data/spring-data-keyvalue/1.0.0.M1/spring-data-keyvalue-1.0.0.M1.jar]
16:37:59.728 [main] DEBUG o.s.c.i.s.PathMatchingResourcePatternResolver - Resolved location pattern [classpath*:org/springframework/data/**/repository/support/**/*.class] to resources [file [/home/aluno/spring-projects/maven/spring-data-aerospike/target/test-classes/org/springframework/data/aerospike/repository/support/SimpleAerospikeRepositoryTest$5.class], file [/home/aluno/spring-projects/maven/spring-data-aerospike/target/test-classes/org/springframework/data/aerospike/repository/support/SimpleAerospikeRepositoryTest$9.class], file [/home/aluno/spring-projects/maven/spring-data-aerospike/target/test-classes/org/springframework/data/aerospike/repository/support/SimpleAerospikeRepositoryTest$4.class], file [/home/aluno/spring-projects/maven/spring-data-aerospike/target/test-classes/org/springframework/data/aerospike/repository/support/AerospikeRepositoryFactoryTest.class], file [/home/aluno/spring-projects/maven/spring-data-aerospike/target/test-classes/org/springframework/data/aerospike/repository/support/SimpleAerospikeRepositoryTest.class], file [/home/aluno/spring-projects/maven/spring-data-aerospike/target/test-classes/org/springframework/data/aerospike/repository/support/SimpleAerospikeRepositoryTest$1.class], file [/home/aluno/spring-projects/maven/spring-data-aerospike/target/test-classes/org/springframework/data/aerospike/repository/support/SimpleAerospikeRepositoryTest$3.class], file [/home/aluno/spring-projects/maven/spring-data-aerospike/target/test-classes/org/springframework/data/aerospike/repository/support/SimpleAerospikeRepositoryTest$8.class], file [/home/aluno/spring-projects/maven/spring-data-aerospike/target/test-classes/org/springframework/data/aerospike/repository/support/SimpleAerospikeRepositoryTest$6.class], file [/home/aluno/spring-projects/maven/spring-data-aerospike/target/test-classes/org/springframework/data/aerospike/repository/support/SimpleAerospikeRepositoryTest$2.class], file [/home/aluno/spring-projects/maven/spring-data-aerospike/target/test-classes/org/springframework/data/aerospike/repository/support/AllTests.class], file [/home/aluno/spring-projects/maven/spring-data-aerospike/target/test-classes/org/springframework/data/aerospike/repository/support/SimpleAerospikeRepositoryTest$7.class], file [/home/aluno/spring-projects/maven/spring-data-aerospike/target/classes/org/springframework/data/aerospike/repository/support/AerospikeRepositoryFactoryBean.class], file [/home/aluno/spring-projects/maven/spring-data-aerospike/target/classes/org/springframework/data/aerospike/repository/support/AerospikeRepositoryFactory$AerospikeQueryLookupStrategy.class], file [/home/aluno/spring-projects/maven/spring-data-aerospike/target/classes/org/springframework/data/aerospike/repository/support/AerospikeRepositoryFactory.class], file [/home/aluno/spring-projects/maven/spring-data-aerospike/target/classes/org/springframework/data/aerospike/repository/support/SimpleAerospikeRepository.class], URL [jar:file:/home/aluno/.m2/repository/org/springframework/data/spring-data-commons/1.11.0.RELEASE/spring-data-commons-1.11.0.RELEASE.jar!/org/springframework/data/repository/support/DomainClassConverter$ConversionMatchAbbreviationException.class], URL [jar:file:/home/aluno/.m2/repository/org/springframework/data/spring-data-commons/1.11.0.RELEASE/spring-data-commons-1.11.0.RELEASE.jar!/org/springframework/data/repository/support/DomainClassConverter$ToIdConverter.class], URL [jar:file:/home/aluno/.m2/repository/org/springframework/data/spring-data-commons/1.11.0.RELEASE/spring-data-commons-1.11.0.RELEASE.jar!/org/springframework/data/repository/support/Repositories$EmptyRepositoryFactoryInformation.class], URL [jar:file:/home/aluno/.m2/repository/org/springframework/data/spring-data-commons/1.11.0.RELEASE/spring-data-commons-1.11.0.RELEASE.jar!/org/springframework/data/repository/support/PagingAndSortingRepositoryInvoker.class], URL [jar:file:/home/aluno/.m2/repository/org/springframework/data/spring-data-commons/1.11.0.RELEASE/spring-data-commons-1.11.0.RELEASE.jar!/org/springframework/data/repository/support/QueryMethodParameterConversionException.class], URL [jar:file:/home/aluno/.m2/repository/org/springframework/data/spring-data-commons/1.11.0.RELEASE/spring-data-commons-1.11.0.RELEASE.jar!/org/springframework/data/repository/support/MethodParameters.class], URL [jar:file:/home/aluno/.m2/repository/org/springframework/data/spring-data-commons/1.11.0.RELEASE/spring-data-commons-1.11.0.RELEASE.jar!/org/springframework/data/repository/support/RepositoryInvoker.class], URL [jar:file:/home/aluno/.m2/repository/org/springframework/data/spring-data-commons/1.11.0.RELEASE/spring-data-commons-1.11.0.RELEASE.jar!/org/springframework/data/repository/support/RepositoryInvokerFactory.class], URL [jar:file:/home/aluno/.m2/repository/org/springframework/data/spring-data-commons/1.11.0.RELEASE/spring-data-commons-1.11.0.RELEASE.jar!/org/springframework/data/repository/support/DomainClassPropertyEditorRegistrar.class], URL [jar:file:/home/aluno/.m2/repository/org/springframework/data/spring-data-commons/1.11.0.RELEASE/spring-data-commons-1.11.0.RELEASE.jar!/org/springframework/data/repository/support/AnnotationAttribute.class], URL [jar:file:/home/aluno/.m2/repository/org/springframework/data/spring-data-commons/1.11.0.RELEASE/spring-data-commons-1.11.0.RELEASE.jar!/org/springframework/data/repository/support/DefaultRepositoryInvokerFactory.class], URL [jar:file:/home/aluno/.m2/repository/org/springframework/data/spring-data-commons/1.11.0.RELEASE/spring-data-commons-1.11.0.RELEASE.jar!/org/springframework/data/repository/support/MethodParameters$AnnotationNamingMethodParameter.class], URL [jar:file:/home/aluno/.m2/repository/org/springframework/data/spring-data-commons/1.11.0.RELEASE/spring-data-commons-1.11.0.RELEASE.jar!/org/springframework/data/repository/support/CrudRepositoryInvoker.class], URL [jar:file:/home/aluno/.m2/repository/org/springframework/data/spring-data-commons/1.11.0.RELEASE/spring-data-commons-1.11.0.RELEASE.jar!/org/springframework/data/repository/support/Repositories.class], URL [jar:file:/home/aluno/.m2/repository/org/springframework/data/spring-data-commons/1.11.0.RELEASE/spring-data-commons-1.11.0.RELEASE.jar!/org/springframework/data/repository/support/DomainClassConverter$ToEntityConverter.class], URL [jar:file:/home/aluno/.m2/repository/org/springframework/data/spring-data-commons/1.11.0.RELEASE/spring-data-commons-1.11.0.RELEASE.jar!/org/springframework/data/repository/support/ReflectionRepositoryInvoker.class], URL [jar:file:/home/aluno/.m2/repository/org/springframework/data/spring-data-commons/1.11.0.RELEASE/spring-data-commons-1.11.0.RELEASE.jar!/org/springframework/data/repository/support/DomainClassPropertyEditor.class], URL [jar:file:/home/aluno/.m2/repository/org/springframework/data/spring-data-commons/1.11.0.RELEASE/spring-data-commons-1.11.0.RELEASE.jar!/org/springframework/data/repository/support/DomainClassConverter.class], URL [jar:file:/home/aluno/.m2/repository/org/springframework/data/spring-data-commons/1.11.0.RELEASE/spring-data-commons-1.11.0.RELEASE.jar!/org/springframework/data/repository/support/DomainClassConverter$1.class], URL [jar:file:/home/aluno/.m2/repository/org/springframework/data/spring-data-commons/1.11.0.RELEASE/spring-data-commons-1.11.0.RELEASE.jar!/org/springframework/data/repository/support/RepositoryInvocationInformation.class], URL [jar:file:/home/aluno/.m2/repository/org/springframework/data/spring-data-keyvalue/1.0.0.M1/spring-data-keyvalue-1.0.0.M1.jar!/org/springframework/data/keyvalue/repository/support/KeyValueRepositoryFactory$KeyValueQueryLookupStrategy.class], URL [jar:file:/home/aluno/.m2/repository/org/springframework/data/spring-data-keyvalue/1.0.0.M1/spring-data-keyvalue-1.0.0.M1.jar!/org/springframework/data/keyvalue/repository/support/QuerydslKeyValueRepository.class], URL [jar:file:/home/aluno/.m2/repository/org/springframework/data/spring-data-keyvalue/1.0.0.M1/spring-data-keyvalue-1.0.0.M1.jar!/org/springframework/data/keyvalue/repository/support/KeyValueRepositoryFactoryBean.class], URL [jar:file:/home/aluno/.m2/repository/org/springframework/data/spring-data-keyvalue/1.0.0.M1/spring-data-keyvalue-1.0.0.M1.jar!/org/springframework/data/keyvalue/repository/support/KeyValueQuerydslUtils$1.class], URL [jar:file:/home/aluno/.m2/repository/org/springframework/data/spring-data-keyvalue/1.0.0.M1/spring-data-keyvalue-1.0.0.M1.jar!/org/springframework/data/keyvalue/repository/support/KeyValueQuerydslUtils.class], URL [jar:file:/home/aluno/.m2/repository/org/springframework/data/spring-data-keyvalue/1.0.0.M1/spring-data-keyvalue-1.0.0.M1.jar!/org/springframework/data/keyvalue/repository/support/KeyValueRepositoryFactory.class], URL [jar:file:/home/aluno/.m2/repository/org/springframework/data/spring-data-keyvalue/1.0.0.M1/spring-data-keyvalue-1.0.0.M1.jar!/org/springframework/data/keyvalue/repository/support/SimpleKeyValueRepository.class]]
16:37:59.731 [main] DEBUG o.s.c.a.ClassPathScanningCandidateComponentProvider - Identified candidate component class: file [/home/aluno/spring-projects/maven/spring-data-aerospike/target/classes/org/springframework/data/aerospike/repository/support/AerospikeRepositoryFactory.class]
16:37:59.738 [main] DEBUG o.s.c.a.ClassPathScanningCandidateComponentProvider - Identified candidate component class: URL [jar:file:/home/aluno/.m2/repository/org/springframework/data/spring-data-keyvalue/1.0.0.M1/spring-data-keyvalue-1.0.0.M1.jar!/org/springframework/data/keyvalue/repository/support/KeyValueRepositoryFactory.class]
16:37:59.738 [main] DEBUG o.s.d.r.c.RepositoryConfigurationDelegate - Multiple Spring Data modules found, entering strict repository configuration mode!
16:37:59.738 [main] DEBUG o.s.core.env.StandardEnvironment - Adding [systemProperties] PropertySource with lowest search precedence
16:37:59.738 [main] DEBUG o.s.core.env.StandardEnvironment - Adding [systemEnvironment] PropertySource with lowest search precedence
16:37:59.738 [main] DEBUG o.s.core.env.StandardEnvironment - Initialized StandardEnvironment with PropertySources [systemProperties,systemEnvironment]
16:37:59.738 [main] DEBUG o.s.c.i.s.PathMatchingResourcePatternResolver - Looking for matching resources in directory tree [/home/aluno/spring-projects/maven/spring-data-aerospike/target/test-classes/org/springframework/data/aerospike/repository]
16:37:59.738 [main] DEBUG o.s.c.i.s.PathMatchingResourcePatternResolver - Searching directory [/home/aluno/spring-projects/maven/spring-data-aerospike/target/test-classes/org/springframework/data/aerospike/repository] for files matching pattern [/home/aluno/spring-projects/maven/spring-data-aerospike/target/test-classes/org/springframework/data/aerospike/repository/**/*.class]
16:37:59.739 [main] DEBUG o.s.c.i.s.PathMatchingResourcePatternResolver - Searching directory [/home/aluno/spring-projects/maven/spring-data-aerospike/target/test-classes/org/springframework/data/aerospike/repository/support] for files matching pattern [/home/aluno/spring-projects/maven/spring-data-aerospike/target/test-classes/org/springframework/data/aerospike/repository/**/*.class]
16:37:59.739 [main] DEBUG o.s.c.i.s.PathMatchingResourcePatternResolver - Searching directory [/home/aluno/spring-projects/maven/spring-data-aerospike/target/test-classes/org/springframework/data/aerospike/repository/query] for files matching pattern [/home/aluno/spring-projects/maven/spring-data-aerospike/target/test-classes/org/springframework/data/aerospike/repository/**/*.class]
16:37:59.739 [main] DEBUG o.s.c.i.s.PathMatchingResourcePatternResolver - Looking for matching resources in directory tree [/home/aluno/spring-projects/maven/spring-data-aerospike/target/classes/org/springframework/data/aerospike/repository]
16:37:59.739 [main] DEBUG o.s.c.i.s.PathMatchingResourcePatternResolver - Searching directory [/home/aluno/spring-projects/maven/spring-data-aerospike/target/classes/org/springframework/data/aerospike/repository] for files matching pattern [/home/aluno/spring-projects/maven/spring-data-aerospike/target/classes/org/springframework/data/aerospike/repository/**/*.class]
16:37:59.739 [main] DEBUG o.s.c.i.s.PathMatchingResourcePatternResolver - Searching directory [/home/aluno/spring-projects/maven/spring-data-aerospike/target/classes/org/springframework/data/aerospike/repository/support] for files matching pattern [/home/aluno/spring-projects/maven/spring-data-aerospike/target/classes/org/springframework/data/aerospike/repository/**/*.class]
16:37:59.739 [main] DEBUG o.s.c.i.s.PathMatchingResourcePatternResolver - Searching directory [/home/aluno/spring-projects/maven/spring-data-aerospike/target/classes/org/springframework/data/aerospike/repository/config] for files matching pattern [/home/aluno/spring-projects/maven/spring-data-aerospike/target/classes/org/springframework/data/aerospike/repository/**/*.class]
16:37:59.739 [main] DEBUG o.s.c.i.s.PathMatchingResourcePatternResolver - Searching directory [/home/aluno/spring-projects/maven/spring-data-aerospike/target/classes/org/springframework/data/aerospike/repository/query] for files matching pattern [/home/aluno/spring-projects/maven/spring-data-aerospike/target/classes/org/springframework/data/aerospike/repository/**/*.class]
16:37:59.739 [main] DEBUG o.s.c.i.s.PathMatchingResourcePatternResolver - Resolved location pattern [classpath*:org/springframework/data/aerospike/repository/**/*.class] to resources [file [/home/aluno/spring-projects/maven/spring-data-aerospike/target/test-classes/org/springframework/data/aerospike/repository/Credentials.class], file [/home/aluno/spring-projects/maven/spring-data-aerospike/target/test-classes/org/springframework/data/aerospike/repository/AbstractPersonRepositoryIntegrationTests$1.class], file [/home/aluno/spring-projects/maven/spring-data-aerospike/target/test-classes/org/springframework/data/aerospike/repository/PersonRepository.class], file [/home/aluno/spring-projects/maven/spring-data-aerospike/target/test-classes/org/springframework/data/aerospike/repository/TestConfigPerson.class], file [/home/aluno/spring-projects/maven/spring-data-aerospike/target/test-classes/org/springframework/data/aerospike/repository/Address.class], file [/home/aluno/spring-projects/maven/spring-data-aerospike/target/test-classes/org/springframework/data/aerospike/repository/Person$Sex.class], file [/home/aluno/spring-projects/maven/spring-data-aerospike/target/test-classes/org/springframework/data/aerospike/repository/Person.class], file [/home/aluno/spring-projects/maven/spring-data-aerospike/target/test-classes/org/springframework/data/aerospike/repository/ContactRepository.class], file [/home/aluno/spring-projects/maven/spring-data-aerospike/target/test-classes/org/springframework/data/aerospike/repository/AbstractPersonRepositoryIntegrationTests.class], file [/home/aluno/spring-projects/maven/spring-data-aerospike/target/test-classes/org/springframework/data/aerospike/repository/User.class], file [/home/aluno/spring-projects/maven/spring-data-aerospike/target/test-classes/org/springframework/data/aerospike/repository/CustomerRepositoriesIntegrationTests$Config.class], file [/home/aluno/spring-projects/maven/spring-data-aerospike/target/test-classes/org/springframework/data/aerospike/repository/AnnotatedPerson.class], file [/home/aluno/spring-projects/maven/spring-data-aerospike/target/test-classes/org/springframework/data/aerospike/repository/support/SimpleAerospikeRepositoryTest$5.class], file [/home/aluno/spring-projects/maven/spring-data-aerospike/target/test-classes/org/springframework/data/aerospike/repository/support/SimpleAerospikeRepositoryTest$9.class], file [/home/aluno/spring-projects/maven/spring-data-aerospike/target/test-classes/org/springframework/data/aerospike/repository/support/SimpleAerospikeRepositoryTest$4.class], file [/home/aluno/spring-projects/maven/spring-data-aerospike/target/test-classes/org/springframework/data/aerospike/repository/support/AerospikeRepositoryFactoryTest.class], file [/home/aluno/spring-projects/maven/spring-data-aerospike/target/test-classes/org/springframework/data/aerospike/repository/support/SimpleAerospikeRepositoryTest.class], file [/home/aluno/spring-projects/maven/spring-data-aerospike/target/test-classes/org/springframework/data/aerospike/repository/support/SimpleAerospikeRepositoryTest$1.class], file [/home/aluno/spring-projects/maven/spring-data-aerospike/target/test-classes/org/springframework/data/aerospike/repository/support/SimpleAerospikeRepositoryTest$3.class], file [/home/aluno/spring-projects/maven/spring-data-aerospike/target/test-classes/org/springframework/data/aerospike/repository/support/SimpleAerospikeRepositoryTest$8.class], file [/home/aluno/spring-projects/maven/spring-data-aerospike/target/test-classes/org/springframework/data/aerospike/repository/support/SimpleAerospikeRepositoryTest$6.class], file [/home/aluno/spring-projects/maven/spring-data-aerospike/target/test-classes/org/springframework/data/aerospike/repository/support/SimpleAerospikeRepositoryTest$2.class], file [/home/aluno/spring-projects/maven/spring-data-aerospike/target/test-classes/org/springframework/data/aerospike/repository/support/AllTests.class], file [/home/aluno/spring-projects/maven/spring-data-aerospike/target/test-classes/org/springframework/data/aerospike/repository/support/SimpleAerospikeRepositoryTest$7.class], file [/home/aluno/spring-projects/maven/spring-data-aerospike/target/test-classes/org/springframework/data/aerospike/repository/Contact.class], file [/home/aluno/spring-projects/maven/spring-data-aerospike/target/test-classes/org/springframework/data/aerospike/repository/AllTests.class], file [/home/aluno/spring-projects/maven/spring-data-aerospike/target/test-classes/org/springframework/data/aerospike/repository/PersonRepositoryIntegrationTests.class], file [/home/aluno/spring-projects/maven/spring-data-aerospike/target/test-classes/org/springframework/data/aerospike/repository/query/StubParameterAccessor.class], file [/home/aluno/spring-projects/maven/spring-data-aerospike/target/test-classes/org/springframework/data/aerospike/repository/query/AllTests.class], file [/home/aluno/spring-projects/maven/spring-data-aerospike/target/test-classes/org/springframework/data/aerospike/repository/query/AerospikePartTreeQueryTest.class], file [/home/aluno/spring-projects/maven/spring-data-aerospike/target/test-classes/org/springframework/data/aerospike/repository/CustomerRepositoriesIntegrationTests.class], file [/home/aluno/spring-projects/maven/spring-data-aerospike/target/classes/org/springframework/data/aerospike/repository/AerospikeRepository.class], file [/home/aluno/spring-projects/maven/spring-data-aerospike/target/classes/org/springframework/data/aerospike/repository/support/AerospikeRepositoryFactoryBean.class], file [/home/aluno/spring-projects/maven/spring-data-aerospike/target/classes/org/springframework/data/aerospike/repository/support/AerospikeRepositoryFactory$AerospikeQueryLookupStrategy.class], file [/home/aluno/spring-projects/maven/spring-data-aerospike/target/classes/org/springframework/data/aerospike/repository/support/AerospikeRepositoryFactory.class], file [/home/aluno/spring-projects/maven/spring-data-aerospike/target/classes/org/springframework/data/aerospike/repository/support/SimpleAerospikeRepository.class], file [/home/aluno/spring-projects/maven/spring-data-aerospike/target/classes/org/springframework/data/aerospike/repository/config/AerospikeRepositoriesRegistrar.class], file [/home/aluno/spring-projects/maven/spring-data-aerospike/target/classes/org/springframework/data/aerospike/repository/config/EnableAerospikeRepositories.class], file [/home/aluno/spring-projects/maven/spring-data-aerospike/target/classes/org/springframework/data/aerospike/repository/config/AerospikeRepositoriesRegistrar$1.class], file [/home/aluno/spring-projects/maven/spring-data-aerospike/target/classes/org/springframework/data/aerospike/repository/config/AerospikeRepositoriesRegistrar$AerospikeRepositoryConfigurationExtension.class], file [/home/aluno/spring-projects/maven/spring-data-aerospike/target/classes/org/springframework/data/aerospike/repository/query/AerospikeParameterAccessor.class], file [/home/aluno/spring-projects/maven/spring-data-aerospike/target/classes/org/springframework/data/aerospike/repository/query/Query.class], file [/home/aluno/spring-projects/maven/spring-data-aerospike/target/classes/org/springframework/data/aerospike/repository/query/ConvertingParameterAccessor.class], file [/home/aluno/spring-projects/maven/spring-data-aerospike/target/classes/org/springframework/data/aerospike/repository/query/AerospikeQueryCreator$1.class], file [/home/aluno/spring-projects/maven/spring-data-aerospike/target/classes/org/springframework/data/aerospike/repository/query/CriteriaDefinition.class], file [/home/aluno/spring-projects/maven/spring-data-aerospike/target/classes/org/springframework/data/aerospike/repository/query/TextCriteria.class], file [/home/aluno/spring-projects/maven/spring-data-aerospike/target/classes/org/springframework/data/aerospike/repository/query/Criteria.class], file [/home/aluno/spring-projects/maven/spring-data-aerospike/target/classes/org/springframework/data/aerospike/repository/query/AerospikePartTreeQuery.class], file [/home/aluno/spring-projects/maven/spring-data-aerospike/target/classes/org/springframework/data/aerospike/repository/query/AerospikeQueryCreator.class]]
16:37:59.740 [main] DEBUG o.s.d.r.c.RepositoryComponentProvider - Identified candidate component class: file [/home/aluno/spring-projects/maven/spring-data-aerospike/target/test-classes/org/springframework/data/aerospike/repository/PersonRepository.class]
16:37:59.741 [main] DEBUG o.s.d.r.c.RepositoryComponentProvider - Identified candidate component class: file [/home/aluno/spring-projects/maven/spring-data-aerospike/target/test-classes/org/springframework/data/aerospike/repository/ContactRepository.class]
16:37:59.746 [main] DEBUG o.s.core.env.StandardEnvironment - Adding [systemProperties] PropertySource with lowest search precedence
16:37:59.746 [main] DEBUG o.s.core.env.StandardEnvironment - Adding [systemEnvironment] PropertySource with lowest search precedence
16:37:59.746 [main] DEBUG o.s.core.env.StandardEnvironment - Initialized StandardEnvironment with PropertySources [systemProperties,systemEnvironment]
16:37:59.746 [main] DEBUG o.s.c.i.s.PathMatchingResourcePatternResolver - Looking for matching resources in directory tree [/home/aluno/spring-projects/maven/spring-data-aerospike/target/test-classes/org/springframework/data/aerospike/repository]
16:37:59.746 [main] DEBUG o.s.c.i.s.PathMatchingResourcePatternResolver - Searching directory [/home/aluno/spring-projects/maven/spring-data-aerospike/target/test-classes/org/springframework/data/aerospike/repository] for files matching pattern [/home/aluno/spring-projects/maven/spring-data-aerospike/target/test-classes/org/springframework/data/aerospike/repository/**/*PersonRepositoryImpl.class]
16:37:59.747 [main] DEBUG o.s.c.i.s.PathMatchingResourcePatternResolver - Searching directory [/home/aluno/spring-projects/maven/spring-data-aerospike/target/test-classes/org/springframework/data/aerospike/repository/support] for files matching pattern [/home/aluno/spring-projects/maven/spring-data-aerospike/target/test-classes/org/springframework/data/aerospike/repository/**/*PersonRepositoryImpl.class]
16:37:59.747 [main] DEBUG o.s.c.i.s.PathMatchingResourcePatternResolver - Searching directory [/home/aluno/spring-projects/maven/spring-data-aerospike/target/test-classes/org/springframework/data/aerospike/repository/query] for files matching pattern [/home/aluno/spring-projects/maven/spring-data-aerospike/target/test-classes/org/springframework/data/aerospike/repository/**/*PersonRepositoryImpl.class]
16:37:59.747 [main] DEBUG o.s.c.i.s.PathMatchingResourcePatternResolver - Looking for matching resources in directory tree [/home/aluno/spring-projects/maven/spring-data-aerospike/target/classes/org/springframework/data/aerospike/repository]
16:37:59.747 [main] DEBUG o.s.c.i.s.PathMatchingResourcePatternResolver - Searching directory [/home/aluno/spring-projects/maven/spring-data-aerospike/target/classes/org/springframework/data/aerospike/repository] for files matching pattern [/home/aluno/spring-projects/maven/spring-data-aerospike/target/classes/org/springframework/data/aerospike/repository/**/*PersonRepositoryImpl.class]
16:37:59.747 [main] DEBUG o.s.c.i.s.PathMatchingResourcePatternResolver - Searching directory [/home/aluno/spring-projects/maven/spring-data-aerospike/target/classes/org/springframework/data/aerospike/repository/support] for files matching pattern [/home/aluno/spring-projects/maven/spring-data-aerospike/target/classes/org/springframework/data/aerospike/repository/**/*PersonRepositoryImpl.class]
16:37:59.747 [main] DEBUG o.s.c.i.s.PathMatchingResourcePatternResolver - Searching directory [/home/aluno/spring-projects/maven/spring-data-aerospike/target/classes/org/springframework/data/aerospike/repository/config] for files matching pattern [/home/aluno/spring-projects/maven/spring-data-aerospike/target/classes/org/springframework/data/aerospike/repository/**/*PersonRepositoryImpl.class]
16:37:59.747 [main] DEBUG o.s.c.i.s.PathMatchingResourcePatternResolver - Searching directory [/home/aluno/spring-projects/maven/spring-data-aerospike/target/classes/org/springframework/data/aerospike/repository/query] for files matching pattern [/home/aluno/spring-projects/maven/spring-data-aerospike/target/classes/org/springframework/data/aerospike/repository/**/*PersonRepositoryImpl.class]
16:37:59.747 [main] DEBUG o.s.c.i.s.PathMatchingResourcePatternResolver - Resolved location pattern [classpath*:org/springframework/data/aerospike/repository/**/*PersonRepositoryImpl.class] to resources []
16:37:59.747 [main] DEBUG o.s.d.r.c.RepositoryConfigurationDelegate - Spring Data Aerospike - Registering repository: personRepository - Interface: org.springframework.data.aerospike.repository.PersonRepository - Factory: org.springframework.data.keyvalue.repository.support.KeyValueRepositoryFactoryBean
16:37:59.747 [main] DEBUG o.s.core.env.StandardEnvironment - Adding [systemProperties] PropertySource with lowest search precedence
16:37:59.747 [main] DEBUG o.s.core.env.StandardEnvironment - Adding [systemEnvironment] PropertySource with lowest search precedence
16:37:59.747 [main] DEBUG o.s.core.env.StandardEnvironment - Initialized StandardEnvironment with PropertySources [systemProperties,systemEnvironment]
16:37:59.748 [main] DEBUG o.s.c.i.s.PathMatchingResourcePatternResolver - Looking for matching resources in directory tree [/home/aluno/spring-projects/maven/spring-data-aerospike/target/test-classes/org/springframework/data/aerospike/repository]
16:37:59.748 [main] DEBUG o.s.c.i.s.PathMatchingResourcePatternResolver - Searching directory [/home/aluno/spring-projects/maven/spring-data-aerospike/target/test-classes/org/springframework/data/aerospike/repository] for files matching pattern [/home/aluno/spring-projects/maven/spring-data-aerospike/target/test-classes/org/springframework/data/aerospike/repository/**/*ContactRepositoryImpl.class]
16:37:59.748 [main] DEBUG o.s.c.i.s.PathMatchingResourcePatternResolver - Searching directory [/home/aluno/spring-projects/maven/spring-data-aerospike/target/test-classes/org/springframework/data/aerospike/repository/support] for files matching pattern [/home/aluno/spring-projects/maven/spring-data-aerospike/target/test-classes/org/springframework/data/aerospike/repository/**/*ContactRepositoryImpl.class]
16:37:59.748 [main] DEBUG o.s.c.i.s.PathMatchingResourcePatternResolver - Searching directory [/home/aluno/spring-projects/maven/spring-data-aerospike/target/test-classes/org/springframework/data/aerospike/repository/query] for files matching pattern [/home/aluno/spring-projects/maven/spring-data-aerospike/target/test-classes/org/springframework/data/aerospike/repository/**/*ContactRepositoryImpl.class]
16:37:59.748 [main] DEBUG o.s.c.i.s.PathMatchingResourcePatternResolver - Looking for matching resources in directory tree [/home/aluno/spring-projects/maven/spring-data-aerospike/target/classes/org/springframework/data/aerospike/repository]
16:37:59.748 [main] DEBUG o.s.c.i.s.PathMatchingResourcePatternResolver - Searching directory [/home/aluno/spring-projects/maven/spring-data-aerospike/target/classes/org/springframework/data/aerospike/repository] for files matching pattern [/home/aluno/spring-projects/maven/spring-data-aerospike/target/classes/org/springframework/data/aerospike/repository/**/*ContactRepositoryImpl.class]
16:37:59.748 [main] DEBUG o.s.c.i.s.PathMatchingResourcePatternResolver - Searching directory [/home/aluno/spring-projects/maven/spring-data-aerospike/target/classes/org/springframework/data/aerospike/repository/support] for files matching pattern [/home/aluno/spring-projects/maven/spring-data-aerospike/target/classes/org/springframework/data/aerospike/repository/**/*ContactRepositoryImpl.class]
16:37:59.748 [main] DEBUG o.s.c.i.s.PathMatchingResourcePatternResolver - Searching directory [/home/aluno/spring-projects/maven/spring-data-aerospike/target/classes/org/springframework/data/aerospike/repository/config] for files matching pattern [/home/aluno/spring-projects/maven/spring-data-aerospike/target/classes/org/springframework/data/aerospike/repository/**/*ContactRepositoryImpl.class]
16:37:59.748 [main] DEBUG o.s.c.i.s.PathMatchingResourcePatternResolver - Searching directory [/home/aluno/spring-projects/maven/spring-data-aerospike/target/classes/org/springframework/data/aerospike/repository/query] for files matching pattern [/home/aluno/spring-projects/maven/spring-data-aerospike/target/classes/org/springframework/data/aerospike/repository/**/*ContactRepositoryImpl.class]
16:37:59.748 [main] DEBUG o.s.c.i.s.PathMatchingResourcePatternResolver - Resolved location pattern [classpath*:org/springframework/data/aerospike/repository/**/*ContactRepositoryImpl.class] to resources []
16:37:59.748 [main] DEBUG o.s.d.r.c.RepositoryConfigurationDelegate - Spring Data Aerospike - Registering repository: contactRepository - Interface: org.springframework.data.aerospike.repository.ContactRepository - Factory: org.springframework.data.keyvalue.repository.support.KeyValueRepositoryFactoryBean
16:37:59.749 [main] DEBUG o.s.c.a.ConfigurationClassEnhancer - Successfully enhanced org.springframework.data.aerospike.repository.TestConfigPerson; enhanced class name is: org.springframework.data.aerospike.repository.TestConfigPerson$$EnhancerBySpringCGLIB$$3f27a8da
16:37:59.749 [main] DEBUG o.s.c.a.ConfigurationClassPostProcessor - Replacing bean definition 'testConfigPerson' existing class name 'org.springframework.data.aerospike.repository.TestConfigPerson' with enhanced class name 'org.springframework.data.aerospike.repository.TestConfigPerson$$EnhancerBySpringCGLIB$$3f27a8da'
16:37:59.749 [main] DEBUG o.s.b.f.s.DefaultListableBeanFactory - Creating shared instance of singleton bean 'org.springframework.context.annotation.internalAutowiredAnnotationProcessor'
16:37:59.749 [main] DEBUG o.s.b.f.s.DefaultListableBeanFactory - Creating instance of bean 'org.springframework.context.annotation.internalAutowiredAnnotationProcessor'
16:37:59.749 [main] DEBUG o.s.b.f.s.DefaultListableBeanFactory - Eagerly caching bean 'org.springframework.context.annotation.internalAutowiredAnnotationProcessor' to allow for resolving potential circular references
16:37:59.749 [main] DEBUG o.s.b.f.s.DefaultListableBeanFactory - Finished creating instance of bean 'org.springframework.context.annotation.internalAutowiredAnnotationProcessor'
16:37:59.749 [main] DEBUG o.s.b.f.s.DefaultListableBeanFactory - Creating shared instance of singleton bean 'org.springframework.context.annotation.internalRequiredAnnotationProcessor'
16:37:59.749 [main] DEBUG o.s.b.f.s.DefaultListableBeanFactory - Creating instance of bean 'org.springframework.context.annotation.internalRequiredAnnotationProcessor'
16:37:59.749 [main] DEBUG o.s.b.f.s.DefaultListableBeanFactory - Eagerly caching bean 'org.springframework.context.annotation.internalRequiredAnnotationProcessor' to allow for resolving potential circular references
16:37:59.749 [main] DEBUG o.s.b.f.s.DefaultListableBeanFactory - Finished creating instance of bean 'org.springframework.context.annotation.internalRequiredAnnotationProcessor'
16:37:59.749 [main] DEBUG o.s.b.f.s.DefaultListableBeanFactory - Creating shared instance of singleton bean 'org.springframework.context.annotation.internalCommonAnnotationProcessor'
16:37:59.749 [main] DEBUG o.s.b.f.s.DefaultListableBeanFactory - Creating instance of bean 'org.springframework.context.annotation.internalCommonAnnotationProcessor'
16:37:59.749 [main] DEBUG o.s.b.f.s.DefaultListableBeanFactory - Eagerly caching bean 'org.springframework.context.annotation.internalCommonAnnotationProcessor' to allow for resolving potential circular references
16:37:59.749 [main] DEBUG o.s.b.f.s.DefaultListableBeanFactory - Finished creating instance of bean 'org.springframework.context.annotation.internalCommonAnnotationProcessor'
16:37:59.749 [main] DEBUG o.s.b.f.s.DefaultListableBeanFactory - Creating shared instance of singleton bean 'org.springframework.context.annotation.ConfigurationClassPostProcessor.importAwareProcessor'
16:37:59.749 [main] DEBUG o.s.b.f.s.DefaultListableBeanFactory - Creating instance of bean 'org.springframework.context.annotation.ConfigurationClassPostProcessor.importAwareProcessor'
16:37:59.749 [main] DEBUG o.s.b.f.s.DefaultListableBeanFactory - Eagerly caching bean 'org.springframework.context.annotation.ConfigurationClassPostProcessor.importAwareProcessor' to allow for resolving potential circular references
16:37:59.749 [main] DEBUG o.s.b.f.s.DefaultListableBeanFactory - Finished creating instance of bean 'org.springframework.context.annotation.ConfigurationClassPostProcessor.importAwareProcessor'
16:37:59.749 [main] DEBUG o.s.b.f.s.DefaultListableBeanFactory - Creating shared instance of singleton bean 'org.springframework.context.annotation.ConfigurationClassPostProcessor.enhancedConfigurationProcessor'
16:37:59.749 [main] DEBUG o.s.b.f.s.DefaultListableBeanFactory - Creating instance of bean 'org.springframework.context.annotation.ConfigurationClassPostProcessor.enhancedConfigurationProcessor'
16:37:59.749 [main] DEBUG o.s.b.f.s.DefaultListableBeanFactory - Eagerly caching bean 'org.springframework.context.annotation.ConfigurationClassPostProcessor.enhancedConfigurationProcessor' to allow for resolving potential circular references
16:37:59.749 [main] DEBUG o.s.b.f.s.DefaultListableBeanFactory - Finished creating instance of bean 'org.springframework.context.annotation.ConfigurationClassPostProcessor.enhancedConfigurationProcessor'
16:37:59.749 [main] DEBUG o.s.b.f.s.DefaultListableBeanFactory - Creating shared instance of singleton bean 'org.springframework.data.repository.core.support.RepositoryInterfaceAwareBeanPostProcessor'
16:37:59.749 [main] DEBUG o.s.b.f.s.DefaultListableBeanFactory - Creating instance of bean 'org.springframework.data.repository.core.support.RepositoryInterfaceAwareBeanPostProcessor'
16:37:59.749 [main] DEBUG o.s.b.f.s.DefaultListableBeanFactory - Eagerly caching bean 'org.springframework.data.repository.core.support.RepositoryInterfaceAwareBeanPostProcessor' to allow for resolving potential circular references
16:37:59.749 [main] DEBUG o.s.b.f.s.DefaultListableBeanFactory - Finished creating instance of bean 'org.springframework.data.repository.core.support.RepositoryInterfaceAwareBeanPostProcessor'
16:37:59.750 [main] DEBUG o.s.c.s.GenericApplicationContext - Unable to locate MessageSource with name 'messageSource': using default [org.springframework.context.support.DelegatingMessageSource@2dd8ff1d]
16:37:59.750 [main] DEBUG o.s.c.s.GenericApplicationContext - Unable to locate ApplicationEventMulticaster with name 'applicationEventMulticaster': using default [org.springframework.context.event.SimpleApplicationEventMulticaster@17e9bc9e]
16:37:59.750 [main] DEBUG o.s.b.f.s.DefaultListableBeanFactory - Pre-instantiating singletons in org.springframework.beans.factory.support.DefaultListableBeanFactory@6a1d6ef2: defining beans [org.springframework.context.annotation.internalConfigurationAnnotationProcessor,org.springframework.context.annotation.internalAutowiredAnnotationProcessor,org.springframework.context.annotation.internalRequiredAnnotationProcessor,org.springframework.context.annotation.internalCommonAnnotationProcessor,testConfigPerson,org.springframework.context.annotation.ConfigurationClassPostProcessor.importAwareProcessor,org.springframework.context.annotation.ConfigurationClassPostProcessor.enhancedConfigurationProcessor,aerospikeTemplate,aerospikeClient,org.springframework.data.aerospike.repository.config.AerospikeRepositoriesRegistrar$AerospikeRepositoryConfigurationExtension#0,org.springframework.data.repository.core.support.RepositoryInterfaceAwareBeanPostProcessor,keyValueMappingContext,personRepository,contactRepository]; root of factory hierarchy
16:37:59.750 [main] DEBUG o.s.b.f.s.DefaultListableBeanFactory - Returning cached instance of singleton bean 'org.springframework.context.annotation.internalConfigurationAnnotationProcessor'
16:37:59.750 [main] DEBUG o.s.b.f.s.DefaultListableBeanFactory - Returning cached instance of singleton bean 'org.springframework.context.annotation.internalAutowiredAnnotationProcessor'
16:37:59.750 [main] DEBUG o.s.b.f.s.DefaultListableBeanFactory - Returning cached instance of singleton bean 'org.springframework.context.annotation.internalRequiredAnnotationProcessor'
16:37:59.750 [main] DEBUG o.s.b.f.s.DefaultListableBeanFactory - Returning cached instance of singleton bean 'org.springframework.context.annotation.internalCommonAnnotationProcessor'
16:37:59.750 [main] DEBUG o.s.b.f.s.DefaultListableBeanFactory - Creating shared instance of singleton bean 'testConfigPerson'
16:37:59.750 [main] DEBUG o.s.b.f.s.DefaultListableBeanFactory - Creating instance of bean 'testConfigPerson'
16:37:59.750 [main] DEBUG o.s.b.f.s.DefaultListableBeanFactory - Eagerly caching bean 'testConfigPerson' to allow for resolving potential circular references
16:37:59.750 [main] DEBUG o.s.b.f.s.DefaultListableBeanFactory - Finished creating instance of bean 'testConfigPerson'
16:37:59.750 [main] DEBUG o.s.b.f.s.DefaultListableBeanFactory - Returning cached instance of singleton bean 'org.springframework.context.annotation.ConfigurationClassPostProcessor.importAwareProcessor'
16:37:59.750 [main] DEBUG o.s.b.f.s.DefaultListableBeanFactory - Returning cached instance of singleton bean 'org.springframework.context.annotation.ConfigurationClassPostProcessor.enhancedConfigurationProcessor'
16:37:59.750 [main] DEBUG o.s.b.f.s.DefaultListableBeanFactory - Creating shared instance of singleton bean 'aerospikeTemplate'
16:37:59.750 [main] DEBUG o.s.b.f.s.DefaultListableBeanFactory - Creating instance of bean 'aerospikeTemplate'
16:37:59.750 [main] DEBUG o.s.b.f.s.DefaultListableBeanFactory - Returning cached instance of singleton bean 'testConfigPerson'
16:37:59.750 [main] DEBUG o.s.b.f.s.DefaultListableBeanFactory - Creating shared instance of singleton bean 'aerospikeClient'
16:37:59.750 [main] DEBUG o.s.b.f.s.DefaultListableBeanFactory - Creating instance of bean 'aerospikeClient'
16:37:59.750 [main] DEBUG o.s.b.f.s.DefaultListableBeanFactory - Returning cached instance of singleton bean 'testConfigPerson'
16:38:01.753 [main] DEBUG o.s.d.a.r.q.AerospikeQueryCreator - AS:Alias 52.41.32.83:3000 failed: Error Code 11: java.net.SocketTimeoutException: connect timed out
16:38:01.753 [main] WARN  o.s.d.a.r.q.AerospikeQueryCreator - AS:Seed 52.41.32.83:3000 failed: Error Code 11: java.net.SocketTimeoutException: connect timed out
16:38:01.755 [main] WARN  o.s.c.s.GenericApplicationContext - Exception encountered during context initialization - cancelling refresh attempt
org.springframework.beans.factory.BeanCreationException: Error creating bean with name 'aerospikeTemplate' defined in org.springframework.data.aerospike.repository.TestConfigPerson: Bean instantiation via factory method failed; nested exception is org.springframework.beans.BeanInstantiationException: Failed to instantiate [org.springframework.data.aerospike.core.AerospikeTemplate]: Factory method 'aerospikeTemplate' threw exception; nested exception is org.springframework.beans.factory.BeanCreationException: Error creating bean with name 'aerospikeClient' defined in org.springframework.data.aerospike.repository.TestConfigPerson: Bean instantiation via factory method failed; nested exception is org.springframework.beans.BeanInstantiationException: Failed to instantiate [com.aerospike.client.AerospikeClient]: Factory method 'aerospikeClient' threw exception; nested exception is com.aerospike.client.AerospikeException$Connection: Error Code 11: Failed to connect to host(s): 
52.41.32.83:3000 Error Code 11: java.net.SocketTimeoutException: connect timed out

	at org.springframework.beans.factory.support.ConstructorResolver.instantiateUsingFactoryMethod(ConstructorResolver.java:599) ~[spring-beans-4.1.7.RELEASE.jar:4.1.7.RELEASE]
	at org.springframework.beans.factory.support.AbstractAutowireCapableBeanFactory.instantiateUsingFactoryMethod(AbstractAutowireCapableBeanFactory.java:1119) ~[spring-beans-4.1.7.RELEASE.jar:4.1.7.RELEASE]
	at org.springframework.beans.factory.support.AbstractAutowireCapableBeanFactory.createBeanInstance(AbstractAutowireCapableBeanFactory.java:1014) ~[spring-beans-4.1.7.RELEASE.jar:4.1.7.RELEASE]
	at org.springframework.beans.factory.support.AbstractAutowireCapableBeanFactory.doCreateBean(AbstractAutowireCapableBeanFactory.java:504) ~[spring-beans-4.1.7.RELEASE.jar:4.1.7.RELEASE]
	at org.springframework.beans.factory.support.AbstractAutowireCapableBeanFactory.createBean(AbstractAutowireCapableBeanFactory.java:476) ~[spring-beans-4.1.7.RELEASE.jar:4.1.7.RELEASE]
	at org.springframework.beans.factory.support.AbstractBeanFactory$1.getObject(AbstractBeanFactory.java:303) ~[spring-beans-4.1.7.RELEASE.jar:4.1.7.RELEASE]
	at org.springframework.beans.factory.support.DefaultSingletonBeanRegistry.getSingleton(DefaultSingletonBeanRegistry.java:230) ~[spring-beans-4.1.7.RELEASE.jar:4.1.7.RELEASE]
	at org.springframework.beans.factory.support.AbstractBeanFactory.doGetBean(AbstractBeanFactory.java:299) ~[spring-beans-4.1.7.RELEASE.jar:4.1.7.RELEASE]
	at org.springframework.beans.factory.support.AbstractBeanFactory.getBean(AbstractBeanFactory.java:194) ~[spring-beans-4.1.7.RELEASE.jar:4.1.7.RELEASE]
	at org.springframework.beans.factory.support.DefaultListableBeanFactory.preInstantiateSingletons(DefaultListableBeanFactory.java:755) ~[spring-beans-4.1.7.RELEASE.jar:4.1.7.RELEASE]
	at org.springframework.context.support.AbstractApplicationContext.finishBeanFactoryInitialization(AbstractApplicationContext.java:757) ~[spring-context-4.1.7.RELEASE.jar:4.1.7.RELEASE]
	at org.springframework.context.support.AbstractApplicationContext.refresh(AbstractApplicationContext.java:480) ~[spring-context-4.1.7.RELEASE.jar:4.1.7.RELEASE]
	at org.springframework.test.context.support.AbstractGenericContextLoader.loadContext(AbstractGenericContextLoader.java:125) [spring-test-4.1.7.RELEASE.jar:4.1.7.RELEASE]
	at org.springframework.test.context.support.AbstractGenericContextLoader.loadContext(AbstractGenericContextLoader.java:60) [spring-test-4.1.7.RELEASE.jar:4.1.7.RELEASE]
	at org.springframework.test.context.support.AbstractDelegatingSmartContextLoader.delegateLoading(AbstractDelegatingSmartContextLoader.java:109) [spring-test-4.1.7.RELEASE.jar:4.1.7.RELEASE]
	at org.springframework.test.context.support.AbstractDelegatingSmartContextLoader.loadContext(AbstractDelegatingSmartContextLoader.java:261) [spring-test-4.1.7.RELEASE.jar:4.1.7.RELEASE]
	at org.springframework.test.context.DefaultCacheAwareContextLoaderDelegate.loadContextInternal(DefaultCacheAwareContextLoaderDelegate.java:68) [spring-test-4.1.7.RELEASE.jar:4.1.7.RELEASE]
	at org.springframework.test.context.DefaultCacheAwareContextLoaderDelegate.loadContext(DefaultCacheAwareContextLoaderDelegate.java:86) [spring-test-4.1.7.RELEASE.jar:4.1.7.RELEASE]
	at org.springframework.test.context.DefaultTestContext.getApplicationContext(DefaultTestContext.java:72) [spring-test-4.1.7.RELEASE.jar:4.1.7.RELEASE]
	at org.springframework.test.context.support.DependencyInjectionTestExecutionListener.injectDependencies(DependencyInjectionTestExecutionListener.java:117) [spring-test-4.1.7.RELEASE.jar:4.1.7.RELEASE]
	at org.springframework.test.context.support.DependencyInjectionTestExecutionListener.prepareTestInstance(DependencyInjectionTestExecutionListener.java:83) [spring-test-4.1.7.RELEASE.jar:4.1.7.RELEASE]
	at org.springframework.test.context.TestContextManager.prepareTestInstance(TestContextManager.java:212) [spring-test-4.1.7.RELEASE.jar:4.1.7.RELEASE]
	at org.springframework.test.context.junit4.SpringJUnit4ClassRunner.createTest(SpringJUnit4ClassRunner.java:200) [spring-test-4.1.7.RELEASE.jar:4.1.7.RELEASE]
	at org.springframework.test.context.junit4.SpringJUnit4ClassRunner$1.runReflectiveCall(SpringJUnit4ClassRunner.java:259) [spring-test-4.1.7.RELEASE.jar:4.1.7.RELEASE]
	at org.junit.internal.runners.model.ReflectiveCallable.run(ReflectiveCallable.java:12) [junit-4.12.jar:4.12]
	at org.springframework.test.context.junit4.SpringJUnit4ClassRunner.methodBlock(SpringJUnit4ClassRunner.java:261) [spring-test-4.1.7.RELEASE.jar:4.1.7.RELEASE]
	at org.springframework.test.context.junit4.SpringJUnit4ClassRunner.runChild(SpringJUnit4ClassRunner.java:219) [spring-test-4.1.7.RELEASE.jar:4.1.7.RELEASE]
	at org.springframework.test.context.junit4.SpringJUnit4ClassRunner.runChild(SpringJUnit4ClassRunner.java:83) [spring-test-4.1.7.RELEASE.jar:4.1.7.RELEASE]
	at org.junit.runners.ParentRunner$3.run(ParentRunner.java:290) [junit-4.12.jar:4.12]
	at org.junit.runners.ParentRunner$1.schedule(ParentRunner.java:71) [junit-4.12.jar:4.12]
	at org.junit.runners.ParentRunner.runChildren(ParentRunner.java:288) [junit-4.12.jar:4.12]
	at org.junit.runners.ParentRunner.access$000(ParentRunner.java:58) [junit-4.12.jar:4.12]
	at org.junit.runners.ParentRunner$2.evaluate(ParentRunner.java:268) [junit-4.12.jar:4.12]
	at org.springframework.test.context.junit4.statements.RunBeforeTestClassCallbacks.evaluate(RunBeforeTestClassCallbacks.java:61) [spring-test-4.1.7.RELEASE.jar:4.1.7.RELEASE]
	at org.springframework.test.context.junit4.statements.RunAfterTestClassCallbacks.evaluate(RunAfterTestClassCallbacks.java:68) [spring-test-4.1.7.RELEASE.jar:4.1.7.RELEASE]
	at org.junit.runners.ParentRunner.run(ParentRunner.java:363) [junit-4.12.jar:4.12]
	at org.springframework.test.context.junit4.SpringJUnit4ClassRunner.run(SpringJUnit4ClassRunner.java:163) [spring-test-4.1.7.RELEASE.jar:4.1.7.RELEASE]
	at org.apache.maven.surefire.junit4.JUnit4Provider.execute(JUnit4Provider.java:283) [surefire-junit4-2.18.1.jar:2.18.1]
	at org.apache.maven.surefire.junit4.JUnit4Provider.executeWithRerun(JUnit4Provider.java:173) [surefire-junit4-2.18.1.jar:2.18.1]
	at org.apache.maven.surefire.junit4.JUnit4Provider.executeTestSet(JUnit4Provider.java:153) [surefire-junit4-2.18.1.jar:2.18.1]
	at org.apache.maven.surefire.junit4.JUnit4Provider.invoke(JUnit4Provider.java:128) [surefire-junit4-2.18.1.jar:2.18.1]
	at org.apache.maven.surefire.booter.ForkedBooter.invokeProviderInSameClassLoader(ForkedBooter.java:203) [surefire-booter-2.18.1.jar:2.18.1]
	at org.apache.maven.surefire.booter.ForkedBooter.runSuitesInProcess(ForkedBooter.java:155) [surefire-booter-2.18.1.jar:2.18.1]
	at org.apache.maven.surefire.booter.ForkedBooter.main(ForkedBooter.java:103) [surefire-booter-2.18.1.jar:2.18.1]
Caused by: org.springframework.beans.BeanInstantiationException: Failed to instantiate [org.springframework.data.aerospike.core.AerospikeTemplate]: Factory method 'aerospikeTemplate' threw exception; nested exception is org.springframework.beans.factory.BeanCreationException: Error creating bean with name 'aerospikeClient' defined in org.springframework.data.aerospike.repository.TestConfigPerson: Bean instantiation via factory method failed; nested exception is org.springframework.beans.BeanInstantiationException: Failed to instantiate [com.aerospike.client.AerospikeClient]: Factory method 'aerospikeClient' threw exception; nested exception is com.aerospike.client.AerospikeException$Connection: Error Code 11: Failed to connect to host(s): 
52.41.32.83:3000 Error Code 11: java.net.SocketTimeoutException: connect timed out

	at org.springframework.beans.factory.support.SimpleInstantiationStrategy.instantiate(SimpleInstantiationStrategy.java:189) ~[spring-beans-4.1.7.RELEASE.jar:4.1.7.RELEASE]
	at org.springframework.beans.factory.support.ConstructorResolver.instantiateUsingFactoryMethod(ConstructorResolver.java:588) ~[spring-beans-4.1.7.RELEASE.jar:4.1.7.RELEASE]
	... 43 common frames omitted
Caused by: org.springframework.beans.factory.BeanCreationException: Error creating bean with name 'aerospikeClient' defined in org.springframework.data.aerospike.repository.TestConfigPerson: Bean instantiation via factory method failed; nested exception is org.springframework.beans.BeanInstantiationException: Failed to instantiate [com.aerospike.client.AerospikeClient]: Factory method 'aerospikeClient' threw exception; nested exception is com.aerospike.client.AerospikeException$Connection: Error Code 11: Failed to connect to host(s): 
52.41.32.83:3000 Error Code 11: java.net.SocketTimeoutException: connect timed out

	at org.springframework.beans.factory.support.ConstructorResolver.instantiateUsingFactoryMethod(ConstructorResolver.java:599) ~[spring-beans-4.1.7.RELEASE.jar:4.1.7.RELEASE]
	at org.springframework.beans.factory.support.AbstractAutowireCapableBeanFactory.instantiateUsingFactoryMethod(AbstractAutowireCapableBeanFactory.java:1119) ~[spring-beans-4.1.7.RELEASE.jar:4.1.7.RELEASE]
	at org.springframework.beans.factory.support.AbstractAutowireCapableBeanFactory.createBeanInstance(AbstractAutowireCapableBeanFactory.java:1014) ~[spring-beans-4.1.7.RELEASE.jar:4.1.7.RELEASE]
	at org.springframework.beans.factory.support.AbstractAutowireCapableBeanFactory.doCreateBean(AbstractAutowireCapableBeanFactory.java:504) ~[spring-beans-4.1.7.RELEASE.jar:4.1.7.RELEASE]
	at org.springframework.beans.factory.support.AbstractAutowireCapableBeanFactory.createBean(AbstractAutowireCapableBeanFactory.java:476) ~[spring-beans-4.1.7.RELEASE.jar:4.1.7.RELEASE]
	at org.springframework.beans.factory.support.AbstractBeanFactory$1.getObject(AbstractBeanFactory.java:303) ~[spring-beans-4.1.7.RELEASE.jar:4.1.7.RELEASE]
	at org.springframework.beans.factory.support.DefaultSingletonBeanRegistry.getSingleton(DefaultSingletonBeanRegistry.java:230) ~[spring-beans-4.1.7.RELEASE.jar:4.1.7.RELEASE]
	at org.springframework.beans.factory.support.AbstractBeanFactory.doGetBean(AbstractBeanFactory.java:299) ~[spring-beans-4.1.7.RELEASE.jar:4.1.7.RELEASE]
	at org.springframework.beans.factory.support.AbstractBeanFactory.getBean(AbstractBeanFactory.java:194) ~[spring-beans-4.1.7.RELEASE.jar:4.1.7.RELEASE]
	at org.springframework.context.annotation.ConfigurationClassEnhancer$BeanMethodInterceptor.intercept(ConfigurationClassEnhancer.java:322) ~[spring-context-4.1.7.RELEASE.jar:4.1.7.RELEASE]
	at org.springframework.data.aerospike.repository.TestConfigPerson$$EnhancerBySpringCGLIB$$3f27a8da.aerospikeClient(<generated>) ~[spring-core-4.1.7.RELEASE.jar:na]
	at org.springframework.data.aerospike.repository.TestConfigPerson.aerospikeTemplate(TestConfigPerson.java:38) ~[test-classes/:na]
	at org.springframework.data.aerospike.repository.TestConfigPerson$$EnhancerBySpringCGLIB$$3f27a8da.CGLIB$aerospikeTemplate$0(<generated>) ~[spring-core-4.1.7.RELEASE.jar:na]
	at org.springframework.data.aerospike.repository.TestConfigPerson$$EnhancerBySpringCGLIB$$3f27a8da$$FastClassBySpringCGLIB$$38965c5e.invoke(<generated>) ~[spring-core-4.1.7.RELEASE.jar:na]
	at org.springframework.cglib.proxy.MethodProxy.invokeSuper(MethodProxy.java:228) ~[spring-core-4.1.7.RELEASE.jar:4.1.7.RELEASE]
	at org.springframework.context.annotation.ConfigurationClassEnhancer$BeanMethodInterceptor.intercept(ConfigurationClassEnhancer.java:309) ~[spring-context-4.1.7.RELEASE.jar:4.1.7.RELEASE]
	at org.springframework.data.aerospike.repository.TestConfigPerson$$EnhancerBySpringCGLIB$$3f27a8da.aerospikeTemplate(<generated>) ~[spring-core-4.1.7.RELEASE.jar:na]
	at sun.reflect.GeneratedMethodAccessor45.invoke(Unknown Source) ~[na:na]
	at sun.reflect.DelegatingMethodAccessorImpl.invoke(DelegatingMethodAccessorImpl.java:43) ~[na:1.8.0_91]
	at java.lang.reflect.Method.invoke(Method.java:498) ~[na:1.8.0_91]
	at org.springframework.beans.factory.support.SimpleInstantiationStrategy.instantiate(SimpleInstantiationStrategy.java:162) ~[spring-beans-4.1.7.RELEASE.jar:4.1.7.RELEASE]
	... 44 common frames omitted
Caused by: org.springframework.beans.BeanInstantiationException: Failed to instantiate [com.aerospike.client.AerospikeClient]: Factory method 'aerospikeClient' threw exception; nested exception is com.aerospike.client.AerospikeException$Connection: Error Code 11: Failed to connect to host(s): 
52.41.32.83:3000 Error Code 11: java.net.SocketTimeoutException: connect timed out

	at org.springframework.beans.factory.support.SimpleInstantiationStrategy.instantiate(SimpleInstantiationStrategy.java:189) ~[spring-beans-4.1.7.RELEASE.jar:4.1.7.RELEASE]
	at org.springframework.beans.factory.support.ConstructorResolver.instantiateUsingFactoryMethod(ConstructorResolver.java:588) ~[spring-beans-4.1.7.RELEASE.jar:4.1.7.RELEASE]
	... 64 common frames omitted
Caused by: com.aerospike.client.AerospikeException$Connection: Error Code 11: Failed to connect to host(s): 
52.41.32.83:3000 Error Code 11: java.net.SocketTimeoutException: connect timed out

	at com.aerospike.client.cluster.Cluster.seedNodes(Cluster.java:386) ~[aerospike-client-3.2.3.jar:na]
	at com.aerospike.client.cluster.Cluster.tend(Cluster.java:273) ~[aerospike-client-3.2.3.jar:na]
	at com.aerospike.client.cluster.Cluster.waitTillStabilized(Cluster.java:238) ~[aerospike-client-3.2.3.jar:na]
	at com.aerospike.client.cluster.Cluster.initTendThread(Cluster.java:148) ~[aerospike-client-3.2.3.jar:na]
	at com.aerospike.client.AerospikeClient.<init>(AerospikeClient.java:209) ~[aerospike-client-3.2.3.jar:na]
	at com.aerospike.client.AerospikeClient.<init>(AerospikeClient.java:173) ~[aerospike-client-3.2.3.jar:na]
	at org.springframework.data.aerospike.repository.TestConfigPerson.aerospikeClient(TestConfigPerson.java:32) ~[test-classes/:na]
	at org.springframework.data.aerospike.repository.TestConfigPerson$$EnhancerBySpringCGLIB$$3f27a8da.CGLIB$aerospikeClient$1(<generated>) ~[spring-core-4.1.7.RELEASE.jar:na]
	at org.springframework.data.aerospike.repository.TestConfigPerson$$EnhancerBySpringCGLIB$$3f27a8da$$FastClassBySpringCGLIB$$38965c5e.invoke(<generated>) ~[spring-core-4.1.7.RELEASE.jar:na]
	at org.springframework.cglib.proxy.MethodProxy.invokeSuper(MethodProxy.java:228) ~[spring-core-4.1.7.RELEASE.jar:4.1.7.RELEASE]
	at org.springframework.context.annotation.ConfigurationClassEnhancer$BeanMethodInterceptor.intercept(ConfigurationClassEnhancer.java:309) ~[spring-context-4.1.7.RELEASE.jar:4.1.7.RELEASE]
	at org.springframework.data.aerospike.repository.TestConfigPerson$$EnhancerBySpringCGLIB$$3f27a8da.aerospikeClient(<generated>) ~[spring-core-4.1.7.RELEASE.jar:na]
	at sun.reflect.GeneratedMethodAccessor46.invoke(Unknown Source) ~[na:na]
	at sun.reflect.DelegatingMethodAccessorImpl.invoke(DelegatingMethodAccessorImpl.java:43) ~[na:1.8.0_91]
	at java.lang.reflect.Method.invoke(Method.java:498) ~[na:1.8.0_91]
	at org.springframework.beans.factory.support.SimpleInstantiationStrategy.instantiate(SimpleInstantiationStrategy.java:162) ~[spring-beans-4.1.7.RELEASE.jar:4.1.7.RELEASE]
	... 65 common frames omitted
16:38:01.756 [main] DEBUG o.s.b.f.s.DefaultListableBeanFactory - Destroying singletons in org.springframework.beans.factory.support.DefaultListableBeanFactory@6a1d6ef2: defining beans [org.springframework.context.annotation.internalConfigurationAnnotationProcessor,org.springframework.context.annotation.internalAutowiredAnnotationProcessor,org.springframework.context.annotation.internalRequiredAnnotationProcessor,org.springframework.context.annotation.internalCommonAnnotationProcessor,testConfigPerson,org.springframework.context.annotation.ConfigurationClassPostProcessor.importAwareProcessor,org.springframework.context.annotation.ConfigurationClassPostProcessor.enhancedConfigurationProcessor,aerospikeTemplate,aerospikeClient,org.springframework.data.aerospike.repository.config.AerospikeRepositoriesRegistrar$AerospikeRepositoryConfigurationExtension#0,org.springframework.data.repository.core.support.RepositoryInterfaceAwareBeanPostProcessor,keyValueMappingContext,personRepository,contactRepository]; root of factory hierarchy
16:38:01.757 [main] ERROR o.s.test.context.TestContextManager - Caught exception while allowing TestExecutionListener [org.springframework.test.context.support.DependencyInjectionTestExecutionListener@334ebcaa] to prepare test instance [org.springframework.data.aerospike.repository.PersonRepositoryIntegrationTests@42cc183e]
java.lang.IllegalStateException: Failed to load ApplicationContext
	at org.springframework.test.context.DefaultCacheAwareContextLoaderDelegate.loadContext(DefaultCacheAwareContextLoaderDelegate.java:94) ~[spring-test-4.1.7.RELEASE.jar:4.1.7.RELEASE]
	at org.springframework.test.context.DefaultTestContext.getApplicationContext(DefaultTestContext.java:72) ~[spring-test-4.1.7.RELEASE.jar:4.1.7.RELEASE]
	at org.springframework.test.context.support.DependencyInjectionTestExecutionListener.injectDependencies(DependencyInjectionTestExecutionListener.java:117) ~[spring-test-4.1.7.RELEASE.jar:4.1.7.RELEASE]
	at org.springframework.test.context.support.DependencyInjectionTestExecutionListener.prepareTestInstance(DependencyInjectionTestExecutionListener.java:83) ~[spring-test-4.1.7.RELEASE.jar:4.1.7.RELEASE]
	at org.springframework.test.context.TestContextManager.prepareTestInstance(TestContextManager.java:212) ~[spring-test-4.1.7.RELEASE.jar:4.1.7.RELEASE]
	at org.springframework.test.context.junit4.SpringJUnit4ClassRunner.createTest(SpringJUnit4ClassRunner.java:200) [spring-test-4.1.7.RELEASE.jar:4.1.7.RELEASE]
	at org.springframework.test.context.junit4.SpringJUnit4ClassRunner$1.runReflectiveCall(SpringJUnit4ClassRunner.java:259) [spring-test-4.1.7.RELEASE.jar:4.1.7.RELEASE]
	at org.junit.internal.runners.model.ReflectiveCallable.run(ReflectiveCallable.java:12) [junit-4.12.jar:4.12]
	at org.springframework.test.context.junit4.SpringJUnit4ClassRunner.methodBlock(SpringJUnit4ClassRunner.java:261) [spring-test-4.1.7.RELEASE.jar:4.1.7.RELEASE]
	at org.springframework.test.context.junit4.SpringJUnit4ClassRunner.runChild(SpringJUnit4ClassRunner.java:219) [spring-test-4.1.7.RELEASE.jar:4.1.7.RELEASE]
	at org.springframework.test.context.junit4.SpringJUnit4ClassRunner.runChild(SpringJUnit4ClassRunner.java:83) [spring-test-4.1.7.RELEASE.jar:4.1.7.RELEASE]
	at org.junit.runners.ParentRunner$3.run(ParentRunner.java:290) [junit-4.12.jar:4.12]
	at org.junit.runners.ParentRunner$1.schedule(ParentRunner.java:71) [junit-4.12.jar:4.12]
	at org.junit.runners.ParentRunner.runChildren(ParentRunner.java:288) [junit-4.12.jar:4.12]
	at org.junit.runners.ParentRunner.access$000(ParentRunner.java:58) [junit-4.12.jar:4.12]
	at org.junit.runners.ParentRunner$2.evaluate(ParentRunner.java:268) [junit-4.12.jar:4.12]
	at org.springframework.test.context.junit4.statements.RunBeforeTestClassCallbacks.evaluate(RunBeforeTestClassCallbacks.java:61) [spring-test-4.1.7.RELEASE.jar:4.1.7.RELEASE]
	at org.springframework.test.context.junit4.statements.RunAfterTestClassCallbacks.evaluate(RunAfterTestClassCallbacks.java:68) [spring-test-4.1.7.RELEASE.jar:4.1.7.RELEASE]
	at org.junit.runners.ParentRunner.run(ParentRunner.java:363) [junit-4.12.jar:4.12]
	at org.springframework.test.context.junit4.SpringJUnit4ClassRunner.run(SpringJUnit4ClassRunner.java:163) [spring-test-4.1.7.RELEASE.jar:4.1.7.RELEASE]
	at org.apache.maven.surefire.junit4.JUnit4Provider.execute(JUnit4Provider.java:283) [surefire-junit4-2.18.1.jar:2.18.1]
	at org.apache.maven.surefire.junit4.JUnit4Provider.executeWithRerun(JUnit4Provider.java:173) [surefire-junit4-2.18.1.jar:2.18.1]
	at org.apache.maven.surefire.junit4.JUnit4Provider.executeTestSet(JUnit4Provider.java:153) [surefire-junit4-2.18.1.jar:2.18.1]
	at org.apache.maven.surefire.junit4.JUnit4Provider.invoke(JUnit4Provider.java:128) [surefire-junit4-2.18.1.jar:2.18.1]
	at org.apache.maven.surefire.booter.ForkedBooter.invokeProviderInSameClassLoader(ForkedBooter.java:203) [surefire-booter-2.18.1.jar:2.18.1]
	at org.apache.maven.surefire.booter.ForkedBooter.runSuitesInProcess(ForkedBooter.java:155) [surefire-booter-2.18.1.jar:2.18.1]
	at org.apache.maven.surefire.booter.ForkedBooter.main(ForkedBooter.java:103) [surefire-booter-2.18.1.jar:2.18.1]
Caused by: org.springframework.beans.factory.BeanCreationException: Error creating bean with name 'aerospikeTemplate' defined in org.springframework.data.aerospike.repository.TestConfigPerson: Bean instantiation via factory method failed; nested exception is org.springframework.beans.BeanInstantiationException: Failed to instantiate [org.springframework.data.aerospike.core.AerospikeTemplate]: Factory method 'aerospikeTemplate' threw exception; nested exception is org.springframework.beans.factory.BeanCreationException: Error creating bean with name 'aerospikeClient' defined in org.springframework.data.aerospike.repository.TestConfigPerson: Bean instantiation via factory method failed; nested exception is org.springframework.beans.BeanInstantiationException: Failed to instantiate [com.aerospike.client.AerospikeClient]: Factory method 'aerospikeClient' threw exception; nested exception is com.aerospike.client.AerospikeException$Connection: Error Code 11: Failed to connect to host(s): 
52.41.32.83:3000 Error Code 11: java.net.SocketTimeoutException: connect timed out

	at org.springframework.beans.factory.support.ConstructorResolver.instantiateUsingFactoryMethod(ConstructorResolver.java:599) ~[spring-beans-4.1.7.RELEASE.jar:4.1.7.RELEASE]
	at org.springframework.beans.factory.support.AbstractAutowireCapableBeanFactory.instantiateUsingFactoryMethod(AbstractAutowireCapableBeanFactory.java:1119) ~[spring-beans-4.1.7.RELEASE.jar:4.1.7.RELEASE]
	at org.springframework.beans.factory.support.AbstractAutowireCapableBeanFactory.createBeanInstance(AbstractAutowireCapableBeanFactory.java:1014) ~[spring-beans-4.1.7.RELEASE.jar:4.1.7.RELEASE]
	at org.springframework.beans.factory.support.AbstractAutowireCapableBeanFactory.doCreateBean(AbstractAutowireCapableBeanFactory.java:504) ~[spring-beans-4.1.7.RELEASE.jar:4.1.7.RELEASE]
	at org.springframework.beans.factory.support.AbstractAutowireCapableBeanFactory.createBean(AbstractAutowireCapableBeanFactory.java:476) ~[spring-beans-4.1.7.RELEASE.jar:4.1.7.RELEASE]
	at org.springframework.beans.factory.support.AbstractBeanFactory$1.getObject(AbstractBeanFactory.java:303) ~[spring-beans-4.1.7.RELEASE.jar:4.1.7.RELEASE]
	at org.springframework.beans.factory.support.DefaultSingletonBeanRegistry.getSingleton(DefaultSingletonBeanRegistry.java:230) ~[spring-beans-4.1.7.RELEASE.jar:4.1.7.RELEASE]
	at org.springframework.beans.factory.support.AbstractBeanFactory.doGetBean(AbstractBeanFactory.java:299) ~[spring-beans-4.1.7.RELEASE.jar:4.1.7.RELEASE]
	at org.springframework.beans.factory.support.AbstractBeanFactory.getBean(AbstractBeanFactory.java:194) ~[spring-beans-4.1.7.RELEASE.jar:4.1.7.RELEASE]
	at org.springframework.beans.factory.support.DefaultListableBeanFactory.preInstantiateSingletons(DefaultListableBeanFactory.java:755) ~[spring-beans-4.1.7.RELEASE.jar:4.1.7.RELEASE]
	at org.springframework.context.support.AbstractApplicationContext.finishBeanFactoryInitialization(AbstractApplicationContext.java:757) ~[spring-context-4.1.7.RELEASE.jar:4.1.7.RELEASE]
	at org.springframework.context.support.AbstractApplicationContext.refresh(AbstractApplicationContext.java:480) ~[spring-context-4.1.7.RELEASE.jar:4.1.7.RELEASE]
	at org.springframework.test.context.support.AbstractGenericContextLoader.loadContext(AbstractGenericContextLoader.java:125) ~[spring-test-4.1.7.RELEASE.jar:4.1.7.RELEASE]
	at org.springframework.test.context.support.AbstractGenericContextLoader.loadContext(AbstractGenericContextLoader.java:60) ~[spring-test-4.1.7.RELEASE.jar:4.1.7.RELEASE]
	at org.springframework.test.context.support.AbstractDelegatingSmartContextLoader.delegateLoading(AbstractDelegatingSmartContextLoader.java:109) ~[spring-test-4.1.7.RELEASE.jar:4.1.7.RELEASE]
	at org.springframework.test.context.support.AbstractDelegatingSmartContextLoader.loadContext(AbstractDelegatingSmartContextLoader.java:261) ~[spring-test-4.1.7.RELEASE.jar:4.1.7.RELEASE]
	at org.springframework.test.context.DefaultCacheAwareContextLoaderDelegate.loadContextInternal(DefaultCacheAwareContextLoaderDelegate.java:68) ~[spring-test-4.1.7.RELEASE.jar:4.1.7.RELEASE]
	at org.springframework.test.context.DefaultCacheAwareContextLoaderDelegate.loadContext(DefaultCacheAwareContextLoaderDelegate.java:86) ~[spring-test-4.1.7.RELEASE.jar:4.1.7.RELEASE]
	... 26 common frames omitted
Caused by: org.springframework.beans.BeanInstantiationException: Failed to instantiate [org.springframework.data.aerospike.core.AerospikeTemplate]: Factory method 'aerospikeTemplate' threw exception; nested exception is org.springframework.beans.factory.BeanCreationException: Error creating bean with name 'aerospikeClient' defined in org.springframework.data.aerospike.repository.TestConfigPerson: Bean instantiation via factory method failed; nested exception is org.springframework.beans.BeanInstantiationException: Failed to instantiate [com.aerospike.client.AerospikeClient]: Factory method 'aerospikeClient' threw exception; nested exception is com.aerospike.client.AerospikeException$Connection: Error Code 11: Failed to connect to host(s): 
52.41.32.83:3000 Error Code 11: java.net.SocketTimeoutException: connect timed out

	at org.springframework.beans.factory.support.SimpleInstantiationStrategy.instantiate(SimpleInstantiationStrategy.java:189) ~[spring-beans-4.1.7.RELEASE.jar:4.1.7.RELEASE]
	at org.springframework.beans.factory.support.ConstructorResolver.instantiateUsingFactoryMethod(ConstructorResolver.java:588) ~[spring-beans-4.1.7.RELEASE.jar:4.1.7.RELEASE]
	... 43 common frames omitted
Caused by: org.springframework.beans.factory.BeanCreationException: Error creating bean with name 'aerospikeClient' defined in org.springframework.data.aerospike.repository.TestConfigPerson: Bean instantiation via factory method failed; nested exception is org.springframework.beans.BeanInstantiationException: Failed to instantiate [com.aerospike.client.AerospikeClient]: Factory method 'aerospikeClient' threw exception; nested exception is com.aerospike.client.AerospikeException$Connection: Error Code 11: Failed to connect to host(s): 
52.41.32.83:3000 Error Code 11: java.net.SocketTimeoutException: connect timed out

	at org.springframework.beans.factory.support.ConstructorResolver.instantiateUsingFactoryMethod(ConstructorResolver.java:599) ~[spring-beans-4.1.7.RELEASE.jar:4.1.7.RELEASE]
	at org.springframework.beans.factory.support.AbstractAutowireCapableBeanFactory.instantiateUsingFactoryMethod(AbstractAutowireCapableBeanFactory.java:1119) ~[spring-beans-4.1.7.RELEASE.jar:4.1.7.RELEASE]
	at org.springframework.beans.factory.support.AbstractAutowireCapableBeanFactory.createBeanInstance(AbstractAutowireCapableBeanFactory.java:1014) ~[spring-beans-4.1.7.RELEASE.jar:4.1.7.RELEASE]
	at org.springframework.beans.factory.support.AbstractAutowireCapableBeanFactory.doCreateBean(AbstractAutowireCapableBeanFactory.java:504) ~[spring-beans-4.1.7.RELEASE.jar:4.1.7.RELEASE]
	at org.springframework.beans.factory.support.AbstractAutowireCapableBeanFactory.createBean(AbstractAutowireCapableBeanFactory.java:476) ~[spring-beans-4.1.7.RELEASE.jar:4.1.7.RELEASE]
	at org.springframework.beans.factory.support.AbstractBeanFactory$1.getObject(AbstractBeanFactory.java:303) ~[spring-beans-4.1.7.RELEASE.jar:4.1.7.RELEASE]
	at org.springframework.beans.factory.support.DefaultSingletonBeanRegistry.getSingleton(DefaultSingletonBeanRegistry.java:230) ~[spring-beans-4.1.7.RELEASE.jar:4.1.7.RELEASE]
	at org.springframework.beans.factory.support.AbstractBeanFactory.doGetBean(AbstractBeanFactory.java:299) ~[spring-beans-4.1.7.RELEASE.jar:4.1.7.RELEASE]
	at org.springframework.beans.factory.support.AbstractBeanFactory.getBean(AbstractBeanFactory.java:194) ~[spring-beans-4.1.7.RELEASE.jar:4.1.7.RELEASE]
	at org.springframework.context.annotation.ConfigurationClassEnhancer$BeanMethodInterceptor.intercept(ConfigurationClassEnhancer.java:322) ~[spring-context-4.1.7.RELEASE.jar:4.1.7.RELEASE]
	at org.springframework.data.aerospike.repository.TestConfigPerson$$EnhancerBySpringCGLIB$$3f27a8da.aerospikeClient(<generated>) ~[spring-core-4.1.7.RELEASE.jar:na]
	at org.springframework.data.aerospike.repository.TestConfigPerson.aerospikeTemplate(TestConfigPerson.java:38) ~[test-classes/:na]
	at org.springframework.data.aerospike.repository.TestConfigPerson$$EnhancerBySpringCGLIB$$3f27a8da.CGLIB$aerospikeTemplate$0(<generated>) ~[spring-core-4.1.7.RELEASE.jar:na]
	at org.springframework.data.aerospike.repository.TestConfigPerson$$EnhancerBySpringCGLIB$$3f27a8da$$FastClassBySpringCGLIB$$38965c5e.invoke(<generated>) ~[spring-core-4.1.7.RELEASE.jar:na]
	at org.springframework.cglib.proxy.MethodProxy.invokeSuper(MethodProxy.java:228) ~[spring-core-4.1.7.RELEASE.jar:4.1.7.RELEASE]
	at org.springframework.context.annotation.ConfigurationClassEnhancer$BeanMethodInterceptor.intercept(ConfigurationClassEnhancer.java:309) ~[spring-context-4.1.7.RELEASE.jar:4.1.7.RELEASE]
	at org.springframework.data.aerospike.repository.TestConfigPerson$$EnhancerBySpringCGLIB$$3f27a8da.aerospikeTemplate(<generated>) ~[spring-core-4.1.7.RELEASE.jar:na]
	at sun.reflect.GeneratedMethodAccessor45.invoke(Unknown Source) ~[na:na]
	at sun.reflect.DelegatingMethodAccessorImpl.invoke(DelegatingMethodAccessorImpl.java:43) ~[na:1.8.0_91]
	at java.lang.reflect.Method.invoke(Method.java:498) ~[na:1.8.0_91]
	at org.springframework.beans.factory.support.SimpleInstantiationStrategy.instantiate(SimpleInstantiationStrategy.java:162) ~[spring-beans-4.1.7.RELEASE.jar:4.1.7.RELEASE]
	... 44 common frames omitted
Caused by: org.springframework.beans.BeanInstantiationException: Failed to instantiate [com.aerospike.client.AerospikeClient]: Factory method 'aerospikeClient' threw exception; nested exception is com.aerospike.client.AerospikeException$Connection: Error Code 11: Failed to connect to host(s): 
52.41.32.83:3000 Error Code 11: java.net.SocketTimeoutException: connect timed out

	at org.springframework.beans.factory.support.SimpleInstantiationStrategy.instantiate(SimpleInstantiationStrategy.java:189) ~[spring-beans-4.1.7.RELEASE.jar:4.1.7.RELEASE]
	at org.springframework.beans.factory.support.ConstructorResolver.instantiateUsingFactoryMethod(ConstructorResolver.java:588) ~[spring-beans-4.1.7.RELEASE.jar:4.1.7.RELEASE]
	... 64 common frames omitted
Caused by: com.aerospike.client.AerospikeException$Connection: Error Code 11: Failed to connect to host(s): 
52.41.32.83:3000 Error Code 11: java.net.SocketTimeoutException: connect timed out

	at com.aerospike.client.cluster.Cluster.seedNodes(Cluster.java:386) ~[aerospike-client-3.2.3.jar:na]
	at com.aerospike.client.cluster.Cluster.tend(Cluster.java:273) ~[aerospike-client-3.2.3.jar:na]
	at com.aerospike.client.cluster.Cluster.waitTillStabilized(Cluster.java:238) ~[aerospike-client-3.2.3.jar:na]
	at com.aerospike.client.cluster.Cluster.initTendThread(Cluster.java:148) ~[aerospike-client-3.2.3.jar:na]
	at com.aerospike.client.AerospikeClient.<init>(AerospikeClient.java:209) ~[aerospike-client-3.2.3.jar:na]
	at com.aerospike.client.AerospikeClient.<init>(AerospikeClient.java:173) ~[aerospike-client-3.2.3.jar:na]
	at org.springframework.data.aerospike.repository.TestConfigPerson.aerospikeClient(TestConfigPerson.java:32) ~[test-classes/:na]
	at org.springframework.data.aerospike.repository.TestConfigPerson$$EnhancerBySpringCGLIB$$3f27a8da.CGLIB$aerospikeClient$1(<generated>) ~[spring-core-4.1.7.RELEASE.jar:na]
	at org.springframework.data.aerospike.repository.TestConfigPerson$$EnhancerBySpringCGLIB$$3f27a8da$$FastClassBySpringCGLIB$$38965c5e.invoke(<generated>) ~[spring-core-4.1.7.RELEASE.jar:na]
	at org.springframework.cglib.proxy.MethodProxy.invokeSuper(MethodProxy.java:228) ~[spring-core-4.1.7.RELEASE.jar:4.1.7.RELEASE]
	at org.springframework.context.annotation.ConfigurationClassEnhancer$BeanMethodInterceptor.intercept(ConfigurationClassEnhancer.java:309) ~[spring-context-4.1.7.RELEASE.jar:4.1.7.RELEASE]
	at org.springframework.data.aerospike.repository.TestConfigPerson$$EnhancerBySpringCGLIB$$3f27a8da.aerospikeClient(<generated>) ~[spring-core-4.1.7.RELEASE.jar:na]
	at sun.reflect.GeneratedMethodAccessor46.invoke(Unknown Source) ~[na:na]
	at sun.reflect.DelegatingMethodAccessorImpl.invoke(DelegatingMethodAccessorImpl.java:43) ~[na:1.8.0_91]
	at java.lang.reflect.Method.invoke(Method.java:498) ~[na:1.8.0_91]
	at org.springframework.beans.factory.support.SimpleInstantiationStrategy.instantiate(SimpleInstantiationStrategy.java:162) ~[spring-beans-4.1.7.RELEASE.jar:4.1.7.RELEASE]
	... 65 common frames omitted
]]></system-out>
  </testcase>
  <testcase name="testSetup" classname="org.springframework.data.aerospike.repository.PersonRepositoryIntegrationTests" time="0">
    <error message="Failed to load ApplicationContext" type="java.lang.IllegalStateException"><![CDATA[java.lang.IllegalStateException: Failed to load ApplicationContext
	at org.springframework.test.context.DefaultCacheAwareContextLoaderDelegate.loadContext(DefaultCacheAwareContextLoaderDelegate.java:94)
	at org.springframework.test.context.DefaultTestContext.getApplicationContext(DefaultTestContext.java:72)
	at org.springframework.test.context.support.DependencyInjectionTestExecutionListener.injectDependencies(DependencyInjectionTestExecutionListener.java:117)
	at org.springframework.test.context.support.DependencyInjectionTestExecutionListener.prepareTestInstance(DependencyInjectionTestExecutionListener.java:83)
	at org.springframework.test.context.TestContextManager.prepareTestInstance(TestContextManager.java:212)
	at org.springframework.test.context.junit4.SpringJUnit4ClassRunner.createTest(SpringJUnit4ClassRunner.java:200)
	at org.springframework.test.context.junit4.SpringJUnit4ClassRunner$1.runReflectiveCall(SpringJUnit4ClassRunner.java:259)
	at org.junit.internal.runners.model.ReflectiveCallable.run(ReflectiveCallable.java:12)
	at org.springframework.test.context.junit4.SpringJUnit4ClassRunner.methodBlock(SpringJUnit4ClassRunner.java:261)
	at org.springframework.test.context.junit4.SpringJUnit4ClassRunner.runChild(SpringJUnit4ClassRunner.java:219)
	at org.springframework.test.context.junit4.SpringJUnit4ClassRunner.runChild(SpringJUnit4ClassRunner.java:83)
	at org.junit.runners.ParentRunner$3.run(ParentRunner.java:290)
	at org.junit.runners.ParentRunner$1.schedule(ParentRunner.java:71)
	at org.junit.runners.ParentRunner.runChildren(ParentRunner.java:288)
	at org.junit.runners.ParentRunner.access$000(ParentRunner.java:58)
	at org.junit.runners.ParentRunner$2.evaluate(ParentRunner.java:268)
	at org.springframework.test.context.junit4.statements.RunBeforeTestClassCallbacks.evaluate(RunBeforeTestClassCallbacks.java:61)
	at org.springframework.test.context.junit4.statements.RunAfterTestClassCallbacks.evaluate(RunAfterTestClassCallbacks.java:68)
	at org.junit.runners.ParentRunner.run(ParentRunner.java:363)
	at org.springframework.test.context.junit4.SpringJUnit4ClassRunner.run(SpringJUnit4ClassRunner.java:163)
	at org.apache.maven.surefire.junit4.JUnit4Provider.execute(JUnit4Provider.java:283)
	at org.apache.maven.surefire.junit4.JUnit4Provider.executeWithRerun(JUnit4Provider.java:173)
	at org.apache.maven.surefire.junit4.JUnit4Provider.executeTestSet(JUnit4Provider.java:153)
	at org.apache.maven.surefire.junit4.JUnit4Provider.invoke(JUnit4Provider.java:128)
	at org.apache.maven.surefire.booter.ForkedBooter.invokeProviderInSameClassLoader(ForkedBooter.java:203)
	at org.apache.maven.surefire.booter.ForkedBooter.runSuitesInProcess(ForkedBooter.java:155)
	at org.apache.maven.surefire.booter.ForkedBooter.main(ForkedBooter.java:103)
Caused by: org.springframework.beans.factory.BeanCreationException: Error creating bean with name 'aerospikeTemplate' defined in org.springframework.data.aerospike.repository.TestConfigPerson: Bean instantiation via factory method failed; nested exception is org.springframework.beans.BeanInstantiationException: Failed to instantiate [org.springframework.data.aerospike.core.AerospikeTemplate]: Factory method 'aerospikeTemplate' threw exception; nested exception is org.springframework.beans.factory.BeanCreationException: Error creating bean with name 'aerospikeClient' defined in org.springframework.data.aerospike.repository.TestConfigPerson: Bean instantiation via factory method failed; nested exception is org.springframework.beans.BeanInstantiationException: Failed to instantiate [com.aerospike.client.AerospikeClient]: Factory method 'aerospikeClient' threw exception; nested exception is com.aerospike.client.AerospikeException$Connection: Error Code 11: Failed to connect to host(s): 
52.41.32.83:3000 Error Code 11: java.net.SocketTimeoutException: connect timed out

	at org.springframework.beans.factory.support.ConstructorResolver.instantiateUsingFactoryMethod(ConstructorResolver.java:599)
	at org.springframework.beans.factory.support.AbstractAutowireCapableBeanFactory.instantiateUsingFactoryMethod(AbstractAutowireCapableBeanFactory.java:1119)
	at org.springframework.beans.factory.support.AbstractAutowireCapableBeanFactory.createBeanInstance(AbstractAutowireCapableBeanFactory.java:1014)
	at org.springframework.beans.factory.support.AbstractAutowireCapableBeanFactory.doCreateBean(AbstractAutowireCapableBeanFactory.java:504)
	at org.springframework.beans.factory.support.AbstractAutowireCapableBeanFactory.createBean(AbstractAutowireCapableBeanFactory.java:476)
	at org.springframework.beans.factory.support.AbstractBeanFactory$1.getObject(AbstractBeanFactory.java:303)
	at org.springframework.beans.factory.support.DefaultSingletonBeanRegistry.getSingleton(DefaultSingletonBeanRegistry.java:230)
	at org.springframework.beans.factory.support.AbstractBeanFactory.doGetBean(AbstractBeanFactory.java:299)
	at org.springframework.beans.factory.support.AbstractBeanFactory.getBean(AbstractBeanFactory.java:194)
	at org.springframework.beans.factory.support.DefaultListableBeanFactory.preInstantiateSingletons(DefaultListableBeanFactory.java:755)
	at org.springframework.context.support.AbstractApplicationContext.finishBeanFactoryInitialization(AbstractApplicationContext.java:757)
	at org.springframework.context.support.AbstractApplicationContext.refresh(AbstractApplicationContext.java:480)
	at org.springframework.test.context.support.AbstractGenericContextLoader.loadContext(AbstractGenericContextLoader.java:125)
	at org.springframework.test.context.support.AbstractGenericContextLoader.loadContext(AbstractGenericContextLoader.java:60)
	at org.springframework.test.context.support.AbstractDelegatingSmartContextLoader.delegateLoading(AbstractDelegatingSmartContextLoader.java:109)
	at org.springframework.test.context.support.AbstractDelegatingSmartContextLoader.loadContext(AbstractDelegatingSmartContextLoader.java:261)
	at org.springframework.test.context.DefaultCacheAwareContextLoaderDelegate.loadContextInternal(DefaultCacheAwareContextLoaderDelegate.java:68)
	at org.springframework.test.context.DefaultCacheAwareContextLoaderDelegate.loadContext(DefaultCacheAwareContextLoaderDelegate.java:86)
	at org.springframework.test.context.DefaultTestContext.getApplicationContext(DefaultTestContext.java:72)
	at org.springframework.test.context.support.DependencyInjectionTestExecutionListener.injectDependencies(DependencyInjectionTestExecutionListener.java:117)
	at org.springframework.test.context.support.DependencyInjectionTestExecutionListener.prepareTestInstance(DependencyInjectionTestExecutionListener.java:83)
	at org.springframework.test.context.TestContextManager.prepareTestInstance(TestContextManager.java:212)
	at org.springframework.test.context.junit4.SpringJUnit4ClassRunner.createTest(SpringJUnit4ClassRunner.java:200)
	at org.springframework.test.context.junit4.SpringJUnit4ClassRunner$1.runReflectiveCall(SpringJUnit4ClassRunner.java:259)
	at org.junit.internal.runners.model.ReflectiveCallable.run(ReflectiveCallable.java:12)
	at org.springframework.test.context.junit4.SpringJUnit4ClassRunner.methodBlock(SpringJUnit4ClassRunner.java:261)
	at org.springframework.test.context.junit4.SpringJUnit4ClassRunner.runChild(SpringJUnit4ClassRunner.java:219)
	at org.springframework.test.context.junit4.SpringJUnit4ClassRunner.runChild(SpringJUnit4ClassRunner.java:83)
	at org.junit.runners.ParentRunner$3.run(ParentRunner.java:290)
	at org.junit.runners.ParentRunner$1.schedule(ParentRunner.java:71)
	at org.junit.runners.ParentRunner.runChildren(ParentRunner.java:288)
	at org.junit.runners.ParentRunner.access$000(ParentRunner.java:58)
	at org.junit.runners.ParentRunner$2.evaluate(ParentRunner.java:268)
	at org.springframework.test.context.junit4.statements.RunBeforeTestClassCallbacks.evaluate(RunBeforeTestClassCallbacks.java:61)
	at org.springframework.test.context.junit4.statements.RunAfterTestClassCallbacks.evaluate(RunAfterTestClassCallbacks.java:68)
	at org.junit.runners.ParentRunner.run(ParentRunner.java:363)
	at org.springframework.test.context.junit4.SpringJUnit4ClassRunner.run(SpringJUnit4ClassRunner.java:163)
	at org.apache.maven.surefire.junit4.JUnit4Provider.execute(JUnit4Provider.java:283)
	at org.apache.maven.surefire.junit4.JUnit4Provider.executeWithRerun(JUnit4Provider.java:173)
	at org.apache.maven.surefire.junit4.JUnit4Provider.executeTestSet(JUnit4Provider.java:153)
	at org.apache.maven.surefire.junit4.JUnit4Provider.invoke(JUnit4Provider.java:128)
	at org.apache.maven.surefire.booter.ForkedBooter.invokeProviderInSameClassLoader(ForkedBooter.java:203)
	at org.apache.maven.surefire.booter.ForkedBooter.runSuitesInProcess(ForkedBooter.java:155)
	at org.apache.maven.surefire.booter.ForkedBooter.main(ForkedBooter.java:103)
Caused by: org.springframework.beans.BeanInstantiationException: Failed to instantiate [org.springframework.data.aerospike.core.AerospikeTemplate]: Factory method 'aerospikeTemplate' threw exception; nested exception is org.springframework.beans.factory.BeanCreationException: Error creating bean with name 'aerospikeClient' defined in org.springframework.data.aerospike.repository.TestConfigPerson: Bean instantiation via factory method failed; nested exception is org.springframework.beans.BeanInstantiationException: Failed to instantiate [com.aerospike.client.AerospikeClient]: Factory method 'aerospikeClient' threw exception; nested exception is com.aerospike.client.AerospikeException$Connection: Error Code 11: Failed to connect to host(s): 
52.41.32.83:3000 Error Code 11: java.net.SocketTimeoutException: connect timed out

	at org.springframework.beans.factory.support.SimpleInstantiationStrategy.instantiate(SimpleInstantiationStrategy.java:189)
	at org.springframework.beans.factory.support.ConstructorResolver.instantiateUsingFactoryMethod(ConstructorResolver.java:588)
	at org.springframework.beans.factory.support.AbstractAutowireCapableBeanFactory.instantiateUsingFactoryMethod(AbstractAutowireCapableBeanFactory.java:1119)
	at org.springframework.beans.factory.support.AbstractAutowireCapableBeanFactory.createBeanInstance(AbstractAutowireCapableBeanFactory.java:1014)
	at org.springframework.beans.factory.support.AbstractAutowireCapableBeanFactory.doCreateBean(AbstractAutowireCapableBeanFactory.java:504)
	at org.springframework.beans.factory.support.AbstractAutowireCapableBeanFactory.createBean(AbstractAutowireCapableBeanFactory.java:476)
	at org.springframework.beans.factory.support.AbstractBeanFactory$1.getObject(AbstractBeanFactory.java:303)
	at org.springframework.beans.factory.support.DefaultSingletonBeanRegistry.getSingleton(DefaultSingletonBeanRegistry.java:230)
	at org.springframework.beans.factory.support.AbstractBeanFactory.doGetBean(AbstractBeanFactory.java:299)
	at org.springframework.beans.factory.support.AbstractBeanFactory.getBean(AbstractBeanFactory.java:194)
	at org.springframework.beans.factory.support.DefaultListableBeanFactory.preInstantiateSingletons(DefaultListableBeanFactory.java:755)
	at org.springframework.context.support.AbstractApplicationContext.finishBeanFactoryInitialization(AbstractApplicationContext.java:757)
	at org.springframework.context.support.AbstractApplicationContext.refresh(AbstractApplicationContext.java:480)
	at org.springframework.test.context.support.AbstractGenericContextLoader.loadContext(AbstractGenericContextLoader.java:125)
	at org.springframework.test.context.support.AbstractGenericContextLoader.loadContext(AbstractGenericContextLoader.java:60)
	at org.springframework.test.context.support.AbstractDelegatingSmartContextLoader.delegateLoading(AbstractDelegatingSmartContextLoader.java:109)
	at org.springframework.test.context.support.AbstractDelegatingSmartContextLoader.loadContext(AbstractDelegatingSmartContextLoader.java:261)
	at org.springframework.test.context.DefaultCacheAwareContextLoaderDelegate.loadContextInternal(DefaultCacheAwareContextLoaderDelegate.java:68)
	at org.springframework.test.context.DefaultCacheAwareContextLoaderDelegate.loadContext(DefaultCacheAwareContextLoaderDelegate.java:86)
	at org.springframework.test.context.DefaultTestContext.getApplicationContext(DefaultTestContext.java:72)
	at org.springframework.test.context.support.DependencyInjectionTestExecutionListener.injectDependencies(DependencyInjectionTestExecutionListener.java:117)
	at org.springframework.test.context.support.DependencyInjectionTestExecutionListener.prepareTestInstance(DependencyInjectionTestExecutionListener.java:83)
	at org.springframework.test.context.TestContextManager.prepareTestInstance(TestContextManager.java:212)
	at org.springframework.test.context.junit4.SpringJUnit4ClassRunner.createTest(SpringJUnit4ClassRunner.java:200)
	at org.springframework.test.context.junit4.SpringJUnit4ClassRunner$1.runReflectiveCall(SpringJUnit4ClassRunner.java:259)
	at org.junit.internal.runners.model.ReflectiveCallable.run(ReflectiveCallable.java:12)
	at org.springframework.test.context.junit4.SpringJUnit4ClassRunner.methodBlock(SpringJUnit4ClassRunner.java:261)
	at org.springframework.test.context.junit4.SpringJUnit4ClassRunner.runChild(SpringJUnit4ClassRunner.java:219)
	at org.springframework.test.context.junit4.SpringJUnit4ClassRunner.runChild(SpringJUnit4ClassRunner.java:83)
	at org.junit.runners.ParentRunner$3.run(ParentRunner.java:290)
	at org.junit.runners.ParentRunner$1.schedule(ParentRunner.java:71)
	at org.junit.runners.ParentRunner.runChildren(ParentRunner.java:288)
	at org.junit.runners.ParentRunner.access$000(ParentRunner.java:58)
	at org.junit.runners.ParentRunner$2.evaluate(ParentRunner.java:268)
	at org.springframework.test.context.junit4.statements.RunBeforeTestClassCallbacks.evaluate(RunBeforeTestClassCallbacks.java:61)
	at org.springframework.test.context.junit4.statements.RunAfterTestClassCallbacks.evaluate(RunAfterTestClassCallbacks.java:68)
	at org.junit.runners.ParentRunner.run(ParentRunner.java:363)
	at org.springframework.test.context.junit4.SpringJUnit4ClassRunner.run(SpringJUnit4ClassRunner.java:163)
	at org.apache.maven.surefire.junit4.JUnit4Provider.execute(JUnit4Provider.java:283)
	at org.apache.maven.surefire.junit4.JUnit4Provider.executeWithRerun(JUnit4Provider.java:173)
	at org.apache.maven.surefire.junit4.JUnit4Provider.executeTestSet(JUnit4Provider.java:153)
	at org.apache.maven.surefire.junit4.JUnit4Provider.invoke(JUnit4Provider.java:128)
	at org.apache.maven.surefire.booter.ForkedBooter.invokeProviderInSameClassLoader(ForkedBooter.java:203)
	at org.apache.maven.surefire.booter.ForkedBooter.runSuitesInProcess(ForkedBooter.java:155)
	at org.apache.maven.surefire.booter.ForkedBooter.main(ForkedBooter.java:103)
Caused by: org.springframework.beans.factory.BeanCreationException: Error creating bean with name 'aerospikeClient' defined in org.springframework.data.aerospike.repository.TestConfigPerson: Bean instantiation via factory method failed; nested exception is org.springframework.beans.BeanInstantiationException: Failed to instantiate [com.aerospike.client.AerospikeClient]: Factory method 'aerospikeClient' threw exception; nested exception is com.aerospike.client.AerospikeException$Connection: Error Code 11: Failed to connect to host(s): 
52.41.32.83:3000 Error Code 11: java.net.SocketTimeoutException: connect timed out

	at org.springframework.beans.factory.support.ConstructorResolver.instantiateUsingFactoryMethod(ConstructorResolver.java:599)
	at org.springframework.beans.factory.support.AbstractAutowireCapableBeanFactory.instantiateUsingFactoryMethod(AbstractAutowireCapableBeanFactory.java:1119)
	at org.springframework.beans.factory.support.AbstractAutowireCapableBeanFactory.createBeanInstance(AbstractAutowireCapableBeanFactory.java:1014)
	at org.springframework.beans.factory.support.AbstractAutowireCapableBeanFactory.doCreateBean(AbstractAutowireCapableBeanFactory.java:504)
	at org.springframework.beans.factory.support.AbstractAutowireCapableBeanFactory.createBean(AbstractAutowireCapableBeanFactory.java:476)
	at org.springframework.beans.factory.support.AbstractBeanFactory$1.getObject(AbstractBeanFactory.java:303)
	at org.springframework.beans.factory.support.DefaultSingletonBeanRegistry.getSingleton(DefaultSingletonBeanRegistry.java:230)
	at org.springframework.beans.factory.support.AbstractBeanFactory.doGetBean(AbstractBeanFactory.java:299)
	at org.springframework.beans.factory.support.AbstractBeanFactory.getBean(AbstractBeanFactory.java:194)
	at org.springframework.context.annotation.ConfigurationClassEnhancer$BeanMethodInterceptor.intercept(ConfigurationClassEnhancer.java:322)
	at org.springframework.data.aerospike.repository.TestConfigPerson$$EnhancerBySpringCGLIB$$3f27a8da.aerospikeClient(<generated>)
	at org.springframework.data.aerospike.repository.TestConfigPerson.aerospikeTemplate(TestConfigPerson.java:38)
	at org.springframework.data.aerospike.repository.TestConfigPerson$$EnhancerBySpringCGLIB$$3f27a8da.CGLIB$aerospikeTemplate$0(<generated>)
	at org.springframework.data.aerospike.repository.TestConfigPerson$$EnhancerBySpringCGLIB$$3f27a8da$$FastClassBySpringCGLIB$$38965c5e.invoke(<generated>)
	at org.springframework.cglib.proxy.MethodProxy.invokeSuper(MethodProxy.java:228)
	at org.springframework.context.annotation.ConfigurationClassEnhancer$BeanMethodInterceptor.intercept(ConfigurationClassEnhancer.java:309)
	at org.springframework.data.aerospike.repository.TestConfigPerson$$EnhancerBySpringCGLIB$$3f27a8da.aerospikeTemplate(<generated>)
	at sun.reflect.GeneratedMethodAccessor45.invoke(Unknown Source)
	at sun.reflect.DelegatingMethodAccessorImpl.invoke(DelegatingMethodAccessorImpl.java:43)
	at java.lang.reflect.Method.invoke(Method.java:498)
	at org.springframework.beans.factory.support.SimpleInstantiationStrategy.instantiate(SimpleInstantiationStrategy.java:162)
	at org.springframework.beans.factory.support.ConstructorResolver.instantiateUsingFactoryMethod(ConstructorResolver.java:588)
	at org.springframework.beans.factory.support.AbstractAutowireCapableBeanFactory.instantiateUsingFactoryMethod(AbstractAutowireCapableBeanFactory.java:1119)
	at org.springframework.beans.factory.support.AbstractAutowireCapableBeanFactory.createBeanInstance(AbstractAutowireCapableBeanFactory.java:1014)
	at org.springframework.beans.factory.support.AbstractAutowireCapableBeanFactory.doCreateBean(AbstractAutowireCapableBeanFactory.java:504)
	at org.springframework.beans.factory.support.AbstractAutowireCapableBeanFactory.createBean(AbstractAutowireCapableBeanFactory.java:476)
	at org.springframework.beans.factory.support.AbstractBeanFactory$1.getObject(AbstractBeanFactory.java:303)
	at org.springframework.beans.factory.support.DefaultSingletonBeanRegistry.getSingleton(DefaultSingletonBeanRegistry.java:230)
	at org.springframework.beans.factory.support.AbstractBeanFactory.doGetBean(AbstractBeanFactory.java:299)
	at org.springframework.beans.factory.support.AbstractBeanFactory.getBean(AbstractBeanFactory.java:194)
	at org.springframework.beans.factory.support.DefaultListableBeanFactory.preInstantiateSingletons(DefaultListableBeanFactory.java:755)
	at org.springframework.context.support.AbstractApplicationContext.finishBeanFactoryInitialization(AbstractApplicationContext.java:757)
	at org.springframework.context.support.AbstractApplicationContext.refresh(AbstractApplicationContext.java:480)
	at org.springframework.test.context.support.AbstractGenericContextLoader.loadContext(AbstractGenericContextLoader.java:125)
	at org.springframework.test.context.support.AbstractGenericContextLoader.loadContext(AbstractGenericContextLoader.java:60)
	at org.springframework.test.context.support.AbstractDelegatingSmartContextLoader.delegateLoading(AbstractDelegatingSmartContextLoader.java:109)
	at org.springframework.test.context.support.AbstractDelegatingSmartContextLoader.loadContext(AbstractDelegatingSmartContextLoader.java:261)
	at org.springframework.test.context.DefaultCacheAwareContextLoaderDelegate.loadContextInternal(DefaultCacheAwareContextLoaderDelegate.java:68)
	at org.springframework.test.context.DefaultCacheAwareContextLoaderDelegate.loadContext(DefaultCacheAwareContextLoaderDelegate.java:86)
	at org.springframework.test.context.DefaultTestContext.getApplicationContext(DefaultTestContext.java:72)
	at org.springframework.test.context.support.DependencyInjectionTestExecutionListener.injectDependencies(DependencyInjectionTestExecutionListener.java:117)
	at org.springframework.test.context.support.DependencyInjectionTestExecutionListener.prepareTestInstance(DependencyInjectionTestExecutionListener.java:83)
	at org.springframework.test.context.TestContextManager.prepareTestInstance(TestContextManager.java:212)
	at org.springframework.test.context.junit4.SpringJUnit4ClassRunner.createTest(SpringJUnit4ClassRunner.java:200)
	at org.springframework.test.context.junit4.SpringJUnit4ClassRunner$1.runReflectiveCall(SpringJUnit4ClassRunner.java:259)
	at org.junit.internal.runners.model.ReflectiveCallable.run(ReflectiveCallable.java:12)
	at org.springframework.test.context.junit4.SpringJUnit4ClassRunner.methodBlock(SpringJUnit4ClassRunner.java:261)
	at org.springframework.test.context.junit4.SpringJUnit4ClassRunner.runChild(SpringJUnit4ClassRunner.java:219)
	at org.springframework.test.context.junit4.SpringJUnit4ClassRunner.runChild(SpringJUnit4ClassRunner.java:83)
	at org.junit.runners.ParentRunner$3.run(ParentRunner.java:290)
	at org.junit.runners.ParentRunner$1.schedule(ParentRunner.java:71)
	at org.junit.runners.ParentRunner.runChildren(ParentRunner.java:288)
	at org.junit.runners.ParentRunner.access$000(ParentRunner.java:58)
	at org.junit.runners.ParentRunner$2.evaluate(ParentRunner.java:268)
	at org.springframework.test.context.junit4.statements.RunBeforeTestClassCallbacks.evaluate(RunBeforeTestClassCallbacks.java:61)
	at org.springframework.test.context.junit4.statements.RunAfterTestClassCallbacks.evaluate(RunAfterTestClassCallbacks.java:68)
	at org.junit.runners.ParentRunner.run(ParentRunner.java:363)
	at org.springframework.test.context.junit4.SpringJUnit4ClassRunner.run(SpringJUnit4ClassRunner.java:163)
	at org.apache.maven.surefire.junit4.JUnit4Provider.execute(JUnit4Provider.java:283)
	at org.apache.maven.surefire.junit4.JUnit4Provider.executeWithRerun(JUnit4Provider.java:173)
	at org.apache.maven.surefire.junit4.JUnit4Provider.executeTestSet(JUnit4Provider.java:153)
	at org.apache.maven.surefire.junit4.JUnit4Provider.invoke(JUnit4Provider.java:128)
	at org.apache.maven.surefire.booter.ForkedBooter.invokeProviderInSameClassLoader(ForkedBooter.java:203)
	at org.apache.maven.surefire.booter.ForkedBooter.runSuitesInProcess(ForkedBooter.java:155)
	at org.apache.maven.surefire.booter.ForkedBooter.main(ForkedBooter.java:103)
Caused by: org.springframework.beans.BeanInstantiationException: Failed to instantiate [com.aerospike.client.AerospikeClient]: Factory method 'aerospikeClient' threw exception; nested exception is com.aerospike.client.AerospikeException$Connection: Error Code 11: Failed to connect to host(s): 
52.41.32.83:3000 Error Code 11: java.net.SocketTimeoutException: connect timed out

	at org.springframework.beans.factory.support.SimpleInstantiationStrategy.instantiate(SimpleInstantiationStrategy.java:189)
	at org.springframework.beans.factory.support.ConstructorResolver.instantiateUsingFactoryMethod(ConstructorResolver.java:588)
	at org.springframework.beans.factory.support.AbstractAutowireCapableBeanFactory.instantiateUsingFactoryMethod(AbstractAutowireCapableBeanFactory.java:1119)
	at org.springframework.beans.factory.support.AbstractAutowireCapableBeanFactory.createBeanInstance(AbstractAutowireCapableBeanFactory.java:1014)
	at org.springframework.beans.factory.support.AbstractAutowireCapableBeanFactory.doCreateBean(AbstractAutowireCapableBeanFactory.java:504)
	at org.springframework.beans.factory.support.AbstractAutowireCapableBeanFactory.createBean(AbstractAutowireCapableBeanFactory.java:476)
	at org.springframework.beans.factory.support.AbstractBeanFactory$1.getObject(AbstractBeanFactory.java:303)
	at org.springframework.beans.factory.support.DefaultSingletonBeanRegistry.getSingleton(DefaultSingletonBeanRegistry.java:230)
	at org.springframework.beans.factory.support.AbstractBeanFactory.doGetBean(AbstractBeanFactory.java:299)
	at org.springframework.beans.factory.support.AbstractBeanFactory.getBean(AbstractBeanFactory.java:194)
	at org.springframework.context.annotation.ConfigurationClassEnhancer$BeanMethodInterceptor.intercept(ConfigurationClassEnhancer.java:322)
	at org.springframework.data.aerospike.repository.TestConfigPerson$$EnhancerBySpringCGLIB$$3f27a8da.aerospikeClient(<generated>)
	at org.springframework.data.aerospike.repository.TestConfigPerson.aerospikeTemplate(TestConfigPerson.java:38)
	at org.springframework.data.aerospike.repository.TestConfigPerson$$EnhancerBySpringCGLIB$$3f27a8da.CGLIB$aerospikeTemplate$0(<generated>)
	at org.springframework.data.aerospike.repository.TestConfigPerson$$EnhancerBySpringCGLIB$$3f27a8da$$FastClassBySpringCGLIB$$38965c5e.invoke(<generated>)
	at org.springframework.cglib.proxy.MethodProxy.invokeSuper(MethodProxy.java:228)
	at org.springframework.context.annotation.ConfigurationClassEnhancer$BeanMethodInterceptor.intercept(ConfigurationClassEnhancer.java:309)
	at org.springframework.data.aerospike.repository.TestConfigPerson$$EnhancerBySpringCGLIB$$3f27a8da.aerospikeTemplate(<generated>)
	at sun.reflect.GeneratedMethodAccessor45.invoke(Unknown Source)
	at sun.reflect.DelegatingMethodAccessorImpl.invoke(DelegatingMethodAccessorImpl.java:43)
	at java.lang.reflect.Method.invoke(Method.java:498)
	at org.springframework.beans.factory.support.SimpleInstantiationStrategy.instantiate(SimpleInstantiationStrategy.java:162)
	at org.springframework.beans.factory.support.ConstructorResolver.instantiateUsingFactoryMethod(ConstructorResolver.java:588)
	at org.springframework.beans.factory.support.AbstractAutowireCapableBeanFactory.instantiateUsingFactoryMethod(AbstractAutowireCapableBeanFactory.java:1119)
	at org.springframework.beans.factory.support.AbstractAutowireCapableBeanFactory.createBeanInstance(AbstractAutowireCapableBeanFactory.java:1014)
	at org.springframework.beans.factory.support.AbstractAutowireCapableBeanFactory.doCreateBean(AbstractAutowireCapableBeanFactory.java:504)
	at org.springframework.beans.factory.support.AbstractAutowireCapableBeanFactory.createBean(AbstractAutowireCapableBeanFactory.java:476)
	at org.springframework.beans.factory.support.AbstractBeanFactory$1.getObject(AbstractBeanFactory.java:303)
	at org.springframework.beans.factory.support.DefaultSingletonBeanRegistry.getSingleton(DefaultSingletonBeanRegistry.java:230)
	at org.springframework.beans.factory.support.AbstractBeanFactory.doGetBean(AbstractBeanFactory.java:299)
	at org.springframework.beans.factory.support.AbstractBeanFactory.getBean(AbstractBeanFactory.java:194)
	at org.springframework.beans.factory.support.DefaultListableBeanFactory.preInstantiateSingletons(DefaultListableBeanFactory.java:755)
	at org.springframework.context.support.AbstractApplicationContext.finishBeanFactoryInitialization(AbstractApplicationContext.java:757)
	at org.springframework.context.support.AbstractApplicationContext.refresh(AbstractApplicationContext.java:480)
	at org.springframework.test.context.support.AbstractGenericContextLoader.loadContext(AbstractGenericContextLoader.java:125)
	at org.springframework.test.context.support.AbstractGenericContextLoader.loadContext(AbstractGenericContextLoader.java:60)
	at org.springframework.test.context.support.AbstractDelegatingSmartContextLoader.delegateLoading(AbstractDelegatingSmartContextLoader.java:109)
	at org.springframework.test.context.support.AbstractDelegatingSmartContextLoader.loadContext(AbstractDelegatingSmartContextLoader.java:261)
	at org.springframework.test.context.DefaultCacheAwareContextLoaderDelegate.loadContextInternal(DefaultCacheAwareContextLoaderDelegate.java:68)
	at org.springframework.test.context.DefaultCacheAwareContextLoaderDelegate.loadContext(DefaultCacheAwareContextLoaderDelegate.java:86)
	at org.springframework.test.context.DefaultTestContext.getApplicationContext(DefaultTestContext.java:72)
	at org.springframework.test.context.support.DependencyInjectionTestExecutionListener.injectDependencies(DependencyInjectionTestExecutionListener.java:117)
	at org.springframework.test.context.support.DependencyInjectionTestExecutionListener.prepareTestInstance(DependencyInjectionTestExecutionListener.java:83)
	at org.springframework.test.context.TestContextManager.prepareTestInstance(TestContextManager.java:212)
	at org.springframework.test.context.junit4.SpringJUnit4ClassRunner.createTest(SpringJUnit4ClassRunner.java:200)
	at org.springframework.test.context.junit4.SpringJUnit4ClassRunner$1.runReflectiveCall(SpringJUnit4ClassRunner.java:259)
	at org.junit.internal.runners.model.ReflectiveCallable.run(ReflectiveCallable.java:12)
	at org.springframework.test.context.junit4.SpringJUnit4ClassRunner.methodBlock(SpringJUnit4ClassRunner.java:261)
	at org.springframework.test.context.junit4.SpringJUnit4ClassRunner.runChild(SpringJUnit4ClassRunner.java:219)
	at org.springframework.test.context.junit4.SpringJUnit4ClassRunner.runChild(SpringJUnit4ClassRunner.java:83)
	at org.junit.runners.ParentRunner$3.run(ParentRunner.java:290)
	at org.junit.runners.ParentRunner$1.schedule(ParentRunner.java:71)
	at org.junit.runners.ParentRunner.runChildren(ParentRunner.java:288)
	at org.junit.runners.ParentRunner.access$000(ParentRunner.java:58)
	at org.junit.runners.ParentRunner$2.evaluate(ParentRunner.java:268)
	at org.springframework.test.context.junit4.statements.RunBeforeTestClassCallbacks.evaluate(RunBeforeTestClassCallbacks.java:61)
	at org.springframework.test.context.junit4.statements.RunAfterTestClassCallbacks.evaluate(RunAfterTestClassCallbacks.java:68)
	at org.junit.runners.ParentRunner.run(ParentRunner.java:363)
	at org.springframework.test.context.junit4.SpringJUnit4ClassRunner.run(SpringJUnit4ClassRunner.java:163)
	at org.apache.maven.surefire.junit4.JUnit4Provider.execute(JUnit4Provider.java:283)
	at org.apache.maven.surefire.junit4.JUnit4Provider.executeWithRerun(JUnit4Provider.java:173)
	at org.apache.maven.surefire.junit4.JUnit4Provider.executeTestSet(JUnit4Provider.java:153)
	at org.apache.maven.surefire.junit4.JUnit4Provider.invoke(JUnit4Provider.java:128)
	at org.apache.maven.surefire.booter.ForkedBooter.invokeProviderInSameClassLoader(ForkedBooter.java:203)
	at org.apache.maven.surefire.booter.ForkedBooter.runSuitesInProcess(ForkedBooter.java:155)
	at org.apache.maven.surefire.booter.ForkedBooter.main(ForkedBooter.java:103)
Caused by: com.aerospike.client.AerospikeException$Connection: Error Code 11: Failed to connect to host(s): 
52.41.32.83:3000 Error Code 11: java.net.SocketTimeoutException: connect timed out

	at com.aerospike.client.cluster.Cluster.seedNodes(Cluster.java:386)
	at com.aerospike.client.cluster.Cluster.tend(Cluster.java:273)
	at com.aerospike.client.cluster.Cluster.waitTillStabilized(Cluster.java:238)
	at com.aerospike.client.cluster.Cluster.initTendThread(Cluster.java:148)
	at com.aerospike.client.AerospikeClient.<init>(AerospikeClient.java:209)
	at com.aerospike.client.AerospikeClient.<init>(AerospikeClient.java:173)
	at org.springframework.data.aerospike.repository.TestConfigPerson.aerospikeClient(TestConfigPerson.java:32)
	at org.springframework.data.aerospike.repository.TestConfigPerson$$EnhancerBySpringCGLIB$$3f27a8da.CGLIB$aerospikeClient$1(<generated>)
	at org.springframework.data.aerospike.repository.TestConfigPerson$$EnhancerBySpringCGLIB$$3f27a8da$$FastClassBySpringCGLIB$$38965c5e.invoke(<generated>)
	at org.springframework.cglib.proxy.MethodProxy.invokeSuper(MethodProxy.java:228)
	at org.springframework.context.annotation.ConfigurationClassEnhancer$BeanMethodInterceptor.intercept(ConfigurationClassEnhancer.java:309)
	at org.springframework.data.aerospike.repository.TestConfigPerson$$EnhancerBySpringCGLIB$$3f27a8da.aerospikeClient(<generated>)
	at sun.reflect.GeneratedMethodAccessor46.invoke(Unknown Source)
	at sun.reflect.DelegatingMethodAccessorImpl.invoke(DelegatingMethodAccessorImpl.java:43)
	at java.lang.reflect.Method.invoke(Method.java:498)
	at org.springframework.beans.factory.support.SimpleInstantiationStrategy.instantiate(SimpleInstantiationStrategy.java:162)
	at org.springframework.beans.factory.support.ConstructorResolver.instantiateUsingFactoryMethod(ConstructorResolver.java:588)
	at org.springframework.beans.factory.support.AbstractAutowireCapableBeanFactory.instantiateUsingFactoryMethod(AbstractAutowireCapableBeanFactory.java:1119)
	at org.springframework.beans.factory.support.AbstractAutowireCapableBeanFactory.createBeanInstance(AbstractAutowireCapableBeanFactory.java:1014)
	at org.springframework.beans.factory.support.AbstractAutowireCapableBeanFactory.doCreateBean(AbstractAutowireCapableBeanFactory.java:504)
	at org.springframework.beans.factory.support.AbstractAutowireCapableBeanFactory.createBean(AbstractAutowireCapableBeanFactory.java:476)
	at org.springframework.beans.factory.support.AbstractBeanFactory$1.getObject(AbstractBeanFactory.java:303)
	at org.springframework.beans.factory.support.DefaultSingletonBeanRegistry.getSingleton(DefaultSingletonBeanRegistry.java:230)
	at org.springframework.beans.factory.support.AbstractBeanFactory.doGetBean(AbstractBeanFactory.java:299)
	at org.springframework.beans.factory.support.AbstractBeanFactory.getBean(AbstractBeanFactory.java:194)
	at org.springframework.context.annotation.ConfigurationClassEnhancer$BeanMethodInterceptor.intercept(ConfigurationClassEnhancer.java:322)
	at org.springframework.data.aerospike.repository.TestConfigPerson$$EnhancerBySpringCGLIB$$3f27a8da.aerospikeClient(<generated>)
	at org.springframework.data.aerospike.repository.TestConfigPerson.aerospikeTemplate(TestConfigPerson.java:38)
	at org.springframework.data.aerospike.repository.TestConfigPerson$$EnhancerBySpringCGLIB$$3f27a8da.CGLIB$aerospikeTemplate$0(<generated>)
	at org.springframework.data.aerospike.repository.TestConfigPerson$$EnhancerBySpringCGLIB$$3f27a8da$$FastClassBySpringCGLIB$$38965c5e.invoke(<generated>)
	at org.springframework.cglib.proxy.MethodProxy.invokeSuper(MethodProxy.java:228)
	at org.springframework.context.annotation.ConfigurationClassEnhancer$BeanMethodInterceptor.intercept(ConfigurationClassEnhancer.java:309)
	at org.springframework.data.aerospike.repository.TestConfigPerson$$EnhancerBySpringCGLIB$$3f27a8da.aerospikeTemplate(<generated>)
	at sun.reflect.GeneratedMethodAccessor45.invoke(Unknown Source)
	at sun.reflect.DelegatingMethodAccessorImpl.invoke(DelegatingMethodAccessorImpl.java:43)
	at java.lang.reflect.Method.invoke(Method.java:498)
	at org.springframework.beans.factory.support.SimpleInstantiationStrategy.instantiate(SimpleInstantiationStrategy.java:162)
	at org.springframework.beans.factory.support.ConstructorResolver.instantiateUsingFactoryMethod(ConstructorResolver.java:588)
	at org.springframework.beans.factory.support.AbstractAutowireCapableBeanFactory.instantiateUsingFactoryMethod(AbstractAutowireCapableBeanFactory.java:1119)
	at org.springframework.beans.factory.support.AbstractAutowireCapableBeanFactory.createBeanInstance(AbstractAutowireCapableBeanFactory.java:1014)
	at org.springframework.beans.factory.support.AbstractAutowireCapableBeanFactory.doCreateBean(AbstractAutowireCapableBeanFactory.java:504)
	at org.springframework.beans.factory.support.AbstractAutowireCapableBeanFactory.createBean(AbstractAutowireCapableBeanFactory.java:476)
	at org.springframework.beans.factory.support.AbstractBeanFactory$1.getObject(AbstractBeanFactory.java:303)
	at org.springframework.beans.factory.support.DefaultSingletonBeanRegistry.getSingleton(DefaultSingletonBeanRegistry.java:230)
	at org.springframework.beans.factory.support.AbstractBeanFactory.doGetBean(AbstractBeanFactory.java:299)
	at org.springframework.beans.factory.support.AbstractBeanFactory.getBean(AbstractBeanFactory.java:194)
	at org.springframework.beans.factory.support.DefaultListableBeanFactory.preInstantiateSingletons(DefaultListableBeanFactory.java:755)
	at org.springframework.context.support.AbstractApplicationContext.finishBeanFactoryInitialization(AbstractApplicationContext.java:757)
	at org.springframework.context.support.AbstractApplicationContext.refresh(AbstractApplicationContext.java:480)
	at org.springframework.test.context.support.AbstractGenericContextLoader.loadContext(AbstractGenericContextLoader.java:125)
	at org.springframework.test.context.support.AbstractGenericContextLoader.loadContext(AbstractGenericContextLoader.java:60)
	at org.springframework.test.context.support.AbstractDelegatingSmartContextLoader.delegateLoading(AbstractDelegatingSmartContextLoader.java:109)
	at org.springframework.test.context.support.AbstractDelegatingSmartContextLoader.loadContext(AbstractDelegatingSmartContextLoader.java:261)
	at org.springframework.test.context.DefaultCacheAwareContextLoaderDelegate.loadContextInternal(DefaultCacheAwareContextLoaderDelegate.java:68)
	at org.springframework.test.context.DefaultCacheAwareContextLoaderDelegate.loadContext(DefaultCacheAwareContextLoaderDelegate.java:86)
	at org.springframework.test.context.DefaultTestContext.getApplicationContext(DefaultTestContext.java:72)
	at org.springframework.test.context.support.DependencyInjectionTestExecutionListener.injectDependencies(DependencyInjectionTestExecutionListener.java:117)
	at org.springframework.test.context.support.DependencyInjectionTestExecutionListener.prepareTestInstance(DependencyInjectionTestExecutionListener.java:83)
	at org.springframework.test.context.TestContextManager.prepareTestInstance(TestContextManager.java:212)
	at org.springframework.test.context.junit4.SpringJUnit4ClassRunner.createTest(SpringJUnit4ClassRunner.java:200)
	at org.springframework.test.context.junit4.SpringJUnit4ClassRunner$1.runReflectiveCall(SpringJUnit4ClassRunner.java:259)
	at org.junit.internal.runners.model.ReflectiveCallable.run(ReflectiveCallable.java:12)
	at org.springframework.test.context.junit4.SpringJUnit4ClassRunner.methodBlock(SpringJUnit4ClassRunner.java:261)
	at org.springframework.test.context.junit4.SpringJUnit4ClassRunner.runChild(SpringJUnit4ClassRunner.java:219)
	at org.springframework.test.context.junit4.SpringJUnit4ClassRunner.runChild(SpringJUnit4ClassRunner.java:83)
	at org.junit.runners.ParentRunner$3.run(ParentRunner.java:290)
	at org.junit.runners.ParentRunner$1.schedule(ParentRunner.java:71)
	at org.junit.runners.ParentRunner.runChildren(ParentRunner.java:288)
	at org.junit.runners.ParentRunner.access$000(ParentRunner.java:58)
	at org.junit.runners.ParentRunner$2.evaluate(ParentRunner.java:268)
	at org.springframework.test.context.junit4.statements.RunBeforeTestClassCallbacks.evaluate(RunBeforeTestClassCallbacks.java:61)
	at org.springframework.test.context.junit4.statements.RunAfterTestClassCallbacks.evaluate(RunAfterTestClassCallbacks.java:68)
	at org.junit.runners.ParentRunner.run(ParentRunner.java:363)
	at org.springframework.test.context.junit4.SpringJUnit4ClassRunner.run(SpringJUnit4ClassRunner.java:163)
	at org.apache.maven.surefire.junit4.JUnit4Provider.execute(JUnit4Provider.java:283)
	at org.apache.maven.surefire.junit4.JUnit4Provider.executeWithRerun(JUnit4Provider.java:173)
	at org.apache.maven.surefire.junit4.JUnit4Provider.executeTestSet(JUnit4Provider.java:153)
	at org.apache.maven.surefire.junit4.JUnit4Provider.invoke(JUnit4Provider.java:128)
	at org.apache.maven.surefire.booter.ForkedBooter.invokeProviderInSameClassLoader(ForkedBooter.java:203)
	at org.apache.maven.surefire.booter.ForkedBooter.runSuitesInProcess(ForkedBooter.java:155)
	at org.apache.maven.surefire.booter.ForkedBooter.main(ForkedBooter.java:103)
]]></error>
    <system-out><![CDATA[16:38:01.759 [main] DEBUG o.s.t.annotation.ProfileValueUtils - Retrieved @ProfileValueSourceConfiguration [null] for test class [org.springframework.data.aerospike.repository.PersonRepositoryIntegrationTests]
16:38:01.759 [main] DEBUG o.s.t.annotation.ProfileValueUtils - Retrieved ProfileValueSource type [class org.springframework.test.annotation.SystemProfileValueSource] for class [org.springframework.data.aerospike.repository.PersonRepositoryIntegrationTests]
16:38:01.759 [main] DEBUG o.s.t.c.s.DependencyInjectionTestExecutionListener - Performing dependency injection for test context [[DefaultTestContext@6c1cfa53 testClass = PersonRepositoryIntegrationTests, testInstance = org.springframework.data.aerospike.repository.PersonRepositoryIntegrationTests@36b9cb99, testMethod = [null], testException = [null], mergedContextConfiguration = [MergedContextConfiguration@52b06bef testClass = PersonRepositoryIntegrationTests, locations = '{}', classes = '{class org.springframework.data.aerospike.repository.TestConfigPerson}', contextInitializerClasses = '[]', activeProfiles = '{}', propertySourceLocations = '{}', propertySourceProperties = '{}', contextLoader = 'org.springframework.test.context.support.DelegatingSmartContextLoader', parent = [null]]]].
16:38:01.759 [main] DEBUG o.s.t.c.s.AbstractDelegatingSmartContextLoader - Delegating to AnnotationConfigContextLoader to load context from [MergedContextConfiguration@52b06bef testClass = PersonRepositoryIntegrationTests, locations = '{}', classes = '{class org.springframework.data.aerospike.repository.TestConfigPerson}', contextInitializerClasses = '[]', activeProfiles = '{}', propertySourceLocations = '{}', propertySourceProperties = '{}', contextLoader = 'org.springframework.test.context.support.DelegatingSmartContextLoader', parent = [null]].
16:38:01.759 [main] DEBUG o.s.t.c.s.AbstractGenericContextLoader - Loading ApplicationContext for merged context configuration [[MergedContextConfiguration@52b06bef testClass = PersonRepositoryIntegrationTests, locations = '{}', classes = '{class org.springframework.data.aerospike.repository.TestConfigPerson}', contextInitializerClasses = '[]', activeProfiles = '{}', propertySourceLocations = '{}', propertySourceProperties = '{}', contextLoader = 'org.springframework.test.context.support.DelegatingSmartContextLoader', parent = [null]]].
16:38:01.759 [main] DEBUG o.s.core.env.StandardEnvironment - Adding [systemProperties] PropertySource with lowest search precedence
16:38:01.759 [main] DEBUG o.s.core.env.StandardEnvironment - Adding [systemEnvironment] PropertySource with lowest search precedence
16:38:01.760 [main] DEBUG o.s.core.env.StandardEnvironment - Initialized StandardEnvironment with PropertySources [systemProperties,systemEnvironment]
16:38:01.760 [main] DEBUG o.s.t.c.s.AnnotationConfigContextLoader - Registering annotated classes: {class org.springframework.data.aerospike.repository.TestConfigPerson}
16:38:01.760 [main] INFO  o.s.c.s.GenericApplicationContext - Refreshing org.springframework.context.support.GenericApplicationContext@4130955c: startup date [Tue Oct 04 16:38:01 BRT 2016]; root of context hierarchy
16:38:01.760 [main] DEBUG o.s.c.s.GenericApplicationContext - Bean factory for org.springframework.context.support.GenericApplicationContext@4130955c: org.springframework.beans.factory.support.DefaultListableBeanFactory@2bfaba70: defining beans [org.springframework.context.annotation.internalConfigurationAnnotationProcessor,org.springframework.context.annotation.internalAutowiredAnnotationProcessor,org.springframework.context.annotation.internalRequiredAnnotationProcessor,org.springframework.context.annotation.internalCommonAnnotationProcessor,testConfigPerson]; root of factory hierarchy
16:38:01.761 [main] DEBUG o.s.b.f.s.DefaultListableBeanFactory - Creating shared instance of singleton bean 'org.springframework.context.annotation.internalConfigurationAnnotationProcessor'
16:38:01.761 [main] DEBUG o.s.b.f.s.DefaultListableBeanFactory - Creating instance of bean 'org.springframework.context.annotation.internalConfigurationAnnotationProcessor'
16:38:01.761 [main] DEBUG o.s.b.f.s.DefaultListableBeanFactory - Eagerly caching bean 'org.springframework.context.annotation.internalConfigurationAnnotationProcessor' to allow for resolving potential circular references
16:38:01.761 [main] DEBUG o.s.b.f.s.DefaultListableBeanFactory - Finished creating instance of bean 'org.springframework.context.annotation.internalConfigurationAnnotationProcessor'
16:38:01.761 [main] DEBUG o.s.c.a.ConfigurationClassBeanDefinitionReader - Registering bean definition for @Bean method org.springframework.data.aerospike.repository.TestConfigPerson.aerospikeTemplate()
16:38:01.761 [main] DEBUG o.s.c.a.ConfigurationClassBeanDefinitionReader - Registering bean definition for @Bean method org.springframework.data.aerospike.repository.TestConfigPerson.aerospikeClient()
16:38:01.762 [main] DEBUG o.s.core.env.StandardEnvironment - Adding [systemProperties] PropertySource with lowest search precedence
16:38:01.762 [main] DEBUG o.s.core.env.StandardEnvironment - Adding [systemEnvironment] PropertySource with lowest search precedence
16:38:01.762 [main] DEBUG o.s.core.env.StandardEnvironment - Initialized StandardEnvironment with PropertySources [systemProperties,systemEnvironment]
16:38:01.762 [main] DEBUG o.s.c.i.s.PathMatchingResourcePatternResolver - Looking for matching resources in directory tree [/home/aluno/spring-projects/maven/spring-data-aerospike/target/test-classes/org/springframework/data]
16:38:01.762 [main] DEBUG o.s.c.i.s.PathMatchingResourcePatternResolver - Searching directory [/home/aluno/spring-projects/maven/spring-data-aerospike/target/test-classes/org/springframework/data] for files matching pattern [/home/aluno/spring-projects/maven/spring-data-aerospike/target/test-classes/org/springframework/data/**/repository/support/**/*.class]
16:38:01.762 [main] DEBUG o.s.c.i.s.PathMatchingResourcePatternResolver - Searching directory [/home/aluno/spring-projects/maven/spring-data-aerospike/target/test-classes/org/springframework/data/keyvalue] for files matching pattern [/home/aluno/spring-projects/maven/spring-data-aerospike/target/test-classes/org/springframework/data/**/repository/support/**/*.class]
16:38:01.763 [main] DEBUG o.s.c.i.s.PathMatchingResourcePatternResolver - Searching directory [/home/aluno/spring-projects/maven/spring-data-aerospike/target/test-classes/org/springframework/data/keyvalue/repository] for files matching pattern [/home/aluno/spring-projects/maven/spring-data-aerospike/target/test-classes/org/springframework/data/**/repository/support/**/*.class]
16:38:01.763 [main] DEBUG o.s.c.i.s.PathMatchingResourcePatternResolver - Searching directory [/home/aluno/spring-projects/maven/spring-data-aerospike/target/test-classes/org/springframework/data/keyvalue/repository/query] for files matching pattern [/home/aluno/spring-projects/maven/spring-data-aerospike/target/test-classes/org/springframework/data/**/repository/support/**/*.class]
16:38:01.763 [main] DEBUG o.s.c.i.s.PathMatchingResourcePatternResolver - Searching directory [/home/aluno/spring-projects/maven/spring-data-aerospike/target/test-classes/org/springframework/data/aerospike] for files matching pattern [/home/aluno/spring-projects/maven/spring-data-aerospike/target/test-classes/org/springframework/data/**/repository/support/**/*.class]
16:38:01.763 [main] DEBUG o.s.c.i.s.PathMatchingResourcePatternResolver - Searching directory [/home/aluno/spring-projects/maven/spring-data-aerospike/target/test-classes/org/springframework/data/aerospike/mapping] for files matching pattern [/home/aluno/spring-projects/maven/spring-data-aerospike/target/test-classes/org/springframework/data/**/repository/support/**/*.class]
16:38:01.763 [main] DEBUG o.s.c.i.s.PathMatchingResourcePatternResolver - Searching directory [/home/aluno/spring-projects/maven/spring-data-aerospike/target/test-classes/org/springframework/data/aerospike/core] for files matching pattern [/home/aluno/spring-projects/maven/spring-data-aerospike/target/test-classes/org/springframework/data/**/repository/support/**/*.class]
16:38:01.763 [main] DEBUG o.s.c.i.s.PathMatchingResourcePatternResolver - Searching directory [/home/aluno/spring-projects/maven/spring-data-aerospike/target/test-classes/org/springframework/data/aerospike/convert] for files matching pattern [/home/aluno/spring-projects/maven/spring-data-aerospike/target/test-classes/org/springframework/data/**/repository/support/**/*.class]
16:38:01.764 [main] DEBUG o.s.c.i.s.PathMatchingResourcePatternResolver - Searching directory [/home/aluno/spring-projects/maven/spring-data-aerospike/target/test-classes/org/springframework/data/aerospike/sample] for files matching pattern [/home/aluno/spring-projects/maven/spring-data-aerospike/target/test-classes/org/springframework/data/**/repository/support/**/*.class]
16:38:01.764 [main] DEBUG o.s.c.i.s.PathMatchingResourcePatternResolver - Searching directory [/home/aluno/spring-projects/maven/spring-data-aerospike/target/test-classes/org/springframework/data/aerospike/repository] for files matching pattern [/home/aluno/spring-projects/maven/spring-data-aerospike/target/test-classes/org/springframework/data/**/repository/support/**/*.class]
16:38:01.764 [main] DEBUG o.s.c.i.s.PathMatchingResourcePatternResolver - Searching directory [/home/aluno/spring-projects/maven/spring-data-aerospike/target/test-classes/org/springframework/data/aerospike/repository/support] for files matching pattern [/home/aluno/spring-projects/maven/spring-data-aerospike/target/test-classes/org/springframework/data/**/repository/support/**/*.class]
16:38:01.765 [main] DEBUG o.s.c.i.s.PathMatchingResourcePatternResolver - Searching directory [/home/aluno/spring-projects/maven/spring-data-aerospike/target/test-classes/org/springframework/data/aerospike/repository/query] for files matching pattern [/home/aluno/spring-projects/maven/spring-data-aerospike/target/test-classes/org/springframework/data/**/repository/support/**/*.class]
16:38:01.765 [main] DEBUG o.s.c.i.s.PathMatchingResourcePatternResolver - Searching directory [/home/aluno/spring-projects/maven/spring-data-aerospike/target/test-classes/org/springframework/data/aerospike/config] for files matching pattern [/home/aluno/spring-projects/maven/spring-data-aerospike/target/test-classes/org/springframework/data/**/repository/support/**/*.class]
16:38:01.765 [main] DEBUG o.s.c.i.s.PathMatchingResourcePatternResolver - Searching directory [/home/aluno/spring-projects/maven/spring-data-aerospike/target/test-classes/org/springframework/data/aerospike/cache] for files matching pattern [/home/aluno/spring-projects/maven/spring-data-aerospike/target/test-classes/org/springframework/data/**/repository/support/**/*.class]
16:38:01.765 [main] DEBUG o.s.c.i.s.PathMatchingResourcePatternResolver - Looking for matching resources in directory tree [/home/aluno/spring-projects/maven/spring-data-aerospike/target/classes/org/springframework/data]
16:38:01.765 [main] DEBUG o.s.c.i.s.PathMatchingResourcePatternResolver - Searching directory [/home/aluno/spring-projects/maven/spring-data-aerospike/target/classes/org/springframework/data] for files matching pattern [/home/aluno/spring-projects/maven/spring-data-aerospike/target/classes/org/springframework/data/**/repository/support/**/*.class]
16:38:01.765 [main] DEBUG o.s.c.i.s.PathMatchingResourcePatternResolver - Searching directory [/home/aluno/spring-projects/maven/spring-data-aerospike/target/classes/org/springframework/data/aerospike] for files matching pattern [/home/aluno/spring-projects/maven/spring-data-aerospike/target/classes/org/springframework/data/**/repository/support/**/*.class]
16:38:01.765 [main] DEBUG o.s.c.i.s.PathMatchingResourcePatternResolver - Searching directory [/home/aluno/spring-projects/maven/spring-data-aerospike/target/classes/org/springframework/data/aerospike/mapping] for files matching pattern [/home/aluno/spring-projects/maven/spring-data-aerospike/target/classes/org/springframework/data/**/repository/support/**/*.class]
16:38:01.765 [main] DEBUG o.s.c.i.s.PathMatchingResourcePatternResolver - Searching directory [/home/aluno/spring-projects/maven/spring-data-aerospike/target/classes/org/springframework/data/aerospike/core] for files matching pattern [/home/aluno/spring-projects/maven/spring-data-aerospike/target/classes/org/springframework/data/**/repository/support/**/*.class]
16:38:01.765 [main] DEBUG o.s.c.i.s.PathMatchingResourcePatternResolver - Searching directory [/home/aluno/spring-projects/maven/spring-data-aerospike/target/classes/org/springframework/data/aerospike/convert] for files matching pattern [/home/aluno/spring-projects/maven/spring-data-aerospike/target/classes/org/springframework/data/**/repository/support/**/*.class]
16:38:01.765 [main] DEBUG o.s.c.i.s.PathMatchingResourcePatternResolver - Searching directory [/home/aluno/spring-projects/maven/spring-data-aerospike/target/classes/org/springframework/data/aerospike/example] for files matching pattern [/home/aluno/spring-projects/maven/spring-data-aerospike/target/classes/org/springframework/data/**/repository/support/**/*.class]
16:38:01.765 [main] DEBUG o.s.c.i.s.PathMatchingResourcePatternResolver - Searching directory [/home/aluno/spring-projects/maven/spring-data-aerospike/target/classes/org/springframework/data/aerospike/example/data] for files matching pattern [/home/aluno/spring-projects/maven/spring-data-aerospike/target/classes/org/springframework/data/**/repository/support/**/*.class]
16:38:01.765 [main] DEBUG o.s.c.i.s.PathMatchingResourcePatternResolver - Searching directory [/home/aluno/spring-projects/maven/spring-data-aerospike/target/classes/org/springframework/data/aerospike/example/config] for files matching pattern [/home/aluno/spring-projects/maven/spring-data-aerospike/target/classes/org/springframework/data/**/repository/support/**/*.class]
16:38:01.766 [main] DEBUG o.s.c.i.s.PathMatchingResourcePatternResolver - Searching directory [/home/aluno/spring-projects/maven/spring-data-aerospike/target/classes/org/springframework/data/aerospike/annotation] for files matching pattern [/home/aluno/spring-projects/maven/spring-data-aerospike/target/classes/org/springframework/data/**/repository/support/**/*.class]
16:38:01.766 [main] DEBUG o.s.c.i.s.PathMatchingResourcePatternResolver - Searching directory [/home/aluno/spring-projects/maven/spring-data-aerospike/target/classes/org/springframework/data/aerospike/repository] for files matching pattern [/home/aluno/spring-projects/maven/spring-data-aerospike/target/classes/org/springframework/data/**/repository/support/**/*.class]
16:38:01.766 [main] DEBUG o.s.c.i.s.PathMatchingResourcePatternResolver - Searching directory [/home/aluno/spring-projects/maven/spring-data-aerospike/target/classes/org/springframework/data/aerospike/repository/support] for files matching pattern [/home/aluno/spring-projects/maven/spring-data-aerospike/target/classes/org/springframework/data/**/repository/support/**/*.class]
16:38:01.766 [main] DEBUG o.s.c.i.s.PathMatchingResourcePatternResolver - Searching directory [/home/aluno/spring-projects/maven/spring-data-aerospike/target/classes/org/springframework/data/aerospike/repository/config] for files matching pattern [/home/aluno/spring-projects/maven/spring-data-aerospike/target/classes/org/springframework/data/**/repository/support/**/*.class]
16:38:01.766 [main] DEBUG o.s.c.i.s.PathMatchingResourcePatternResolver - Searching directory [/home/aluno/spring-projects/maven/spring-data-aerospike/target/classes/org/springframework/data/aerospike/repository/query] for files matching pattern [/home/aluno/spring-projects/maven/spring-data-aerospike/target/classes/org/springframework/data/**/repository/support/**/*.class]
16:38:01.766 [main] DEBUG o.s.c.i.s.PathMatchingResourcePatternResolver - Searching directory [/home/aluno/spring-projects/maven/spring-data-aerospike/target/classes/org/springframework/data/aerospike/config] for files matching pattern [/home/aluno/spring-projects/maven/spring-data-aerospike/target/classes/org/springframework/data/**/repository/support/**/*.class]
16:38:01.766 [main] DEBUG o.s.c.i.s.PathMatchingResourcePatternResolver - Searching directory [/home/aluno/spring-projects/maven/spring-data-aerospike/target/classes/org/springframework/data/aerospike/cache] for files matching pattern [/home/aluno/spring-projects/maven/spring-data-aerospike/target/classes/org/springframework/data/**/repository/support/**/*.class]
16:38:01.766 [main] DEBUG o.s.c.i.s.PathMatchingResourcePatternResolver - Searching directory [/home/aluno/spring-projects/maven/spring-data-aerospike/target/classes/org/springframework/data/aerospike/utility] for files matching pattern [/home/aluno/spring-projects/maven/spring-data-aerospike/target/classes/org/springframework/data/**/repository/support/**/*.class]
16:38:01.766 [main] DEBUG o.s.c.i.s.PathMatchingResourcePatternResolver - Looking for matching resources in jar file [file:/home/aluno/.m2/repository/org/springframework/data/spring-data-commons/1.11.0.RELEASE/spring-data-commons-1.11.0.RELEASE.jar]
16:38:01.767 [main] DEBUG o.s.c.i.s.PathMatchingResourcePatternResolver - Looking for matching resources in jar file [file:/home/aluno/.m2/repository/org/springframework/data/spring-data-keyvalue/1.0.0.M1/spring-data-keyvalue-1.0.0.M1.jar]
16:38:01.768 [main] DEBUG o.s.c.i.s.PathMatchingResourcePatternResolver - Resolved location pattern [classpath*:org/springframework/data/**/repository/support/**/*.class] to resources [file [/home/aluno/spring-projects/maven/spring-data-aerospike/target/test-classes/org/springframework/data/aerospike/repository/support/SimpleAerospikeRepositoryTest$5.class], file [/home/aluno/spring-projects/maven/spring-data-aerospike/target/test-classes/org/springframework/data/aerospike/repository/support/SimpleAerospikeRepositoryTest$9.class], file [/home/aluno/spring-projects/maven/spring-data-aerospike/target/test-classes/org/springframework/data/aerospike/repository/support/SimpleAerospikeRepositoryTest$4.class], file [/home/aluno/spring-projects/maven/spring-data-aerospike/target/test-classes/org/springframework/data/aerospike/repository/support/AerospikeRepositoryFactoryTest.class], file [/home/aluno/spring-projects/maven/spring-data-aerospike/target/test-classes/org/springframework/data/aerospike/repository/support/SimpleAerospikeRepositoryTest.class], file [/home/aluno/spring-projects/maven/spring-data-aerospike/target/test-classes/org/springframework/data/aerospike/repository/support/SimpleAerospikeRepositoryTest$1.class], file [/home/aluno/spring-projects/maven/spring-data-aerospike/target/test-classes/org/springframework/data/aerospike/repository/support/SimpleAerospikeRepositoryTest$3.class], file [/home/aluno/spring-projects/maven/spring-data-aerospike/target/test-classes/org/springframework/data/aerospike/repository/support/SimpleAerospikeRepositoryTest$8.class], file [/home/aluno/spring-projects/maven/spring-data-aerospike/target/test-classes/org/springframework/data/aerospike/repository/support/SimpleAerospikeRepositoryTest$6.class], file [/home/aluno/spring-projects/maven/spring-data-aerospike/target/test-classes/org/springframework/data/aerospike/repository/support/SimpleAerospikeRepositoryTest$2.class], file [/home/aluno/spring-projects/maven/spring-data-aerospike/target/test-classes/org/springframework/data/aerospike/repository/support/AllTests.class], file [/home/aluno/spring-projects/maven/spring-data-aerospike/target/test-classes/org/springframework/data/aerospike/repository/support/SimpleAerospikeRepositoryTest$7.class], file [/home/aluno/spring-projects/maven/spring-data-aerospike/target/classes/org/springframework/data/aerospike/repository/support/AerospikeRepositoryFactoryBean.class], file [/home/aluno/spring-projects/maven/spring-data-aerospike/target/classes/org/springframework/data/aerospike/repository/support/AerospikeRepositoryFactory$AerospikeQueryLookupStrategy.class], file [/home/aluno/spring-projects/maven/spring-data-aerospike/target/classes/org/springframework/data/aerospike/repository/support/AerospikeRepositoryFactory.class], file [/home/aluno/spring-projects/maven/spring-data-aerospike/target/classes/org/springframework/data/aerospike/repository/support/SimpleAerospikeRepository.class], URL [jar:file:/home/aluno/.m2/repository/org/springframework/data/spring-data-commons/1.11.0.RELEASE/spring-data-commons-1.11.0.RELEASE.jar!/org/springframework/data/repository/support/DomainClassConverter$ConversionMatchAbbreviationException.class], URL [jar:file:/home/aluno/.m2/repository/org/springframework/data/spring-data-commons/1.11.0.RELEASE/spring-data-commons-1.11.0.RELEASE.jar!/org/springframework/data/repository/support/DomainClassConverter$ToIdConverter.class], URL [jar:file:/home/aluno/.m2/repository/org/springframework/data/spring-data-commons/1.11.0.RELEASE/spring-data-commons-1.11.0.RELEASE.jar!/org/springframework/data/repository/support/Repositories$EmptyRepositoryFactoryInformation.class], URL [jar:file:/home/aluno/.m2/repository/org/springframework/data/spring-data-commons/1.11.0.RELEASE/spring-data-commons-1.11.0.RELEASE.jar!/org/springframework/data/repository/support/PagingAndSortingRepositoryInvoker.class], URL [jar:file:/home/aluno/.m2/repository/org/springframework/data/spring-data-commons/1.11.0.RELEASE/spring-data-commons-1.11.0.RELEASE.jar!/org/springframework/data/repository/support/QueryMethodParameterConversionException.class], URL [jar:file:/home/aluno/.m2/repository/org/springframework/data/spring-data-commons/1.11.0.RELEASE/spring-data-commons-1.11.0.RELEASE.jar!/org/springframework/data/repository/support/MethodParameters.class], URL [jar:file:/home/aluno/.m2/repository/org/springframework/data/spring-data-commons/1.11.0.RELEASE/spring-data-commons-1.11.0.RELEASE.jar!/org/springframework/data/repository/support/RepositoryInvoker.class], URL [jar:file:/home/aluno/.m2/repository/org/springframework/data/spring-data-commons/1.11.0.RELEASE/spring-data-commons-1.11.0.RELEASE.jar!/org/springframework/data/repository/support/RepositoryInvokerFactory.class], URL [jar:file:/home/aluno/.m2/repository/org/springframework/data/spring-data-commons/1.11.0.RELEASE/spring-data-commons-1.11.0.RELEASE.jar!/org/springframework/data/repository/support/DomainClassPropertyEditorRegistrar.class], URL [jar:file:/home/aluno/.m2/repository/org/springframework/data/spring-data-commons/1.11.0.RELEASE/spring-data-commons-1.11.0.RELEASE.jar!/org/springframework/data/repository/support/AnnotationAttribute.class], URL [jar:file:/home/aluno/.m2/repository/org/springframework/data/spring-data-commons/1.11.0.RELEASE/spring-data-commons-1.11.0.RELEASE.jar!/org/springframework/data/repository/support/DefaultRepositoryInvokerFactory.class], URL [jar:file:/home/aluno/.m2/repository/org/springframework/data/spring-data-commons/1.11.0.RELEASE/spring-data-commons-1.11.0.RELEASE.jar!/org/springframework/data/repository/support/MethodParameters$AnnotationNamingMethodParameter.class], URL [jar:file:/home/aluno/.m2/repository/org/springframework/data/spring-data-commons/1.11.0.RELEASE/spring-data-commons-1.11.0.RELEASE.jar!/org/springframework/data/repository/support/CrudRepositoryInvoker.class], URL [jar:file:/home/aluno/.m2/repository/org/springframework/data/spring-data-commons/1.11.0.RELEASE/spring-data-commons-1.11.0.RELEASE.jar!/org/springframework/data/repository/support/Repositories.class], URL [jar:file:/home/aluno/.m2/repository/org/springframework/data/spring-data-commons/1.11.0.RELEASE/spring-data-commons-1.11.0.RELEASE.jar!/org/springframework/data/repository/support/DomainClassConverter$ToEntityConverter.class], URL [jar:file:/home/aluno/.m2/repository/org/springframework/data/spring-data-commons/1.11.0.RELEASE/spring-data-commons-1.11.0.RELEASE.jar!/org/springframework/data/repository/support/ReflectionRepositoryInvoker.class], URL [jar:file:/home/aluno/.m2/repository/org/springframework/data/spring-data-commons/1.11.0.RELEASE/spring-data-commons-1.11.0.RELEASE.jar!/org/springframework/data/repository/support/DomainClassPropertyEditor.class], URL [jar:file:/home/aluno/.m2/repository/org/springframework/data/spring-data-commons/1.11.0.RELEASE/spring-data-commons-1.11.0.RELEASE.jar!/org/springframework/data/repository/support/DomainClassConverter.class], URL [jar:file:/home/aluno/.m2/repository/org/springframework/data/spring-data-commons/1.11.0.RELEASE/spring-data-commons-1.11.0.RELEASE.jar!/org/springframework/data/repository/support/DomainClassConverter$1.class], URL [jar:file:/home/aluno/.m2/repository/org/springframework/data/spring-data-commons/1.11.0.RELEASE/spring-data-commons-1.11.0.RELEASE.jar!/org/springframework/data/repository/support/RepositoryInvocationInformation.class], URL [jar:file:/home/aluno/.m2/repository/org/springframework/data/spring-data-keyvalue/1.0.0.M1/spring-data-keyvalue-1.0.0.M1.jar!/org/springframework/data/keyvalue/repository/support/KeyValueRepositoryFactory$KeyValueQueryLookupStrategy.class], URL [jar:file:/home/aluno/.m2/repository/org/springframework/data/spring-data-keyvalue/1.0.0.M1/spring-data-keyvalue-1.0.0.M1.jar!/org/springframework/data/keyvalue/repository/support/QuerydslKeyValueRepository.class], URL [jar:file:/home/aluno/.m2/repository/org/springframework/data/spring-data-keyvalue/1.0.0.M1/spring-data-keyvalue-1.0.0.M1.jar!/org/springframework/data/keyvalue/repository/support/KeyValueRepositoryFactoryBean.class], URL [jar:file:/home/aluno/.m2/repository/org/springframework/data/spring-data-keyvalue/1.0.0.M1/spring-data-keyvalue-1.0.0.M1.jar!/org/springframework/data/keyvalue/repository/support/KeyValueQuerydslUtils$1.class], URL [jar:file:/home/aluno/.m2/repository/org/springframework/data/spring-data-keyvalue/1.0.0.M1/spring-data-keyvalue-1.0.0.M1.jar!/org/springframework/data/keyvalue/repository/support/KeyValueQuerydslUtils.class], URL [jar:file:/home/aluno/.m2/repository/org/springframework/data/spring-data-keyvalue/1.0.0.M1/spring-data-keyvalue-1.0.0.M1.jar!/org/springframework/data/keyvalue/repository/support/KeyValueRepositoryFactory.class], URL [jar:file:/home/aluno/.m2/repository/org/springframework/data/spring-data-keyvalue/1.0.0.M1/spring-data-keyvalue-1.0.0.M1.jar!/org/springframework/data/keyvalue/repository/support/SimpleKeyValueRepository.class]]
16:38:01.769 [main] DEBUG o.s.c.a.ClassPathScanningCandidateComponentProvider - Identified candidate component class: file [/home/aluno/spring-projects/maven/spring-data-aerospike/target/classes/org/springframework/data/aerospike/repository/support/AerospikeRepositoryFactory.class]
16:38:01.775 [main] DEBUG o.s.c.a.ClassPathScanningCandidateComponentProvider - Identified candidate component class: URL [jar:file:/home/aluno/.m2/repository/org/springframework/data/spring-data-keyvalue/1.0.0.M1/spring-data-keyvalue-1.0.0.M1.jar!/org/springframework/data/keyvalue/repository/support/KeyValueRepositoryFactory.class]
16:38:01.775 [main] DEBUG o.s.d.r.c.RepositoryConfigurationDelegate - Multiple Spring Data modules found, entering strict repository configuration mode!
16:38:01.776 [main] DEBUG o.s.core.env.StandardEnvironment - Adding [systemProperties] PropertySource with lowest search precedence
16:38:01.776 [main] DEBUG o.s.core.env.StandardEnvironment - Adding [systemEnvironment] PropertySource with lowest search precedence
16:38:01.776 [main] DEBUG o.s.core.env.StandardEnvironment - Initialized StandardEnvironment with PropertySources [systemProperties,systemEnvironment]
16:38:01.776 [main] DEBUG o.s.c.i.s.PathMatchingResourcePatternResolver - Looking for matching resources in directory tree [/home/aluno/spring-projects/maven/spring-data-aerospike/target/test-classes/org/springframework/data/aerospike/repository]
16:38:01.776 [main] DEBUG o.s.c.i.s.PathMatchingResourcePatternResolver - Searching directory [/home/aluno/spring-projects/maven/spring-data-aerospike/target/test-classes/org/springframework/data/aerospike/repository] for files matching pattern [/home/aluno/spring-projects/maven/spring-data-aerospike/target/test-classes/org/springframework/data/aerospike/repository/**/*.class]
16:38:01.776 [main] DEBUG o.s.c.i.s.PathMatchingResourcePatternResolver - Searching directory [/home/aluno/spring-projects/maven/spring-data-aerospike/target/test-classes/org/springframework/data/aerospike/repository/support] for files matching pattern [/home/aluno/spring-projects/maven/spring-data-aerospike/target/test-classes/org/springframework/data/aerospike/repository/**/*.class]
16:38:01.777 [main] DEBUG o.s.c.i.s.PathMatchingResourcePatternResolver - Searching directory [/home/aluno/spring-projects/maven/spring-data-aerospike/target/test-classes/org/springframework/data/aerospike/repository/query] for files matching pattern [/home/aluno/spring-projects/maven/spring-data-aerospike/target/test-classes/org/springframework/data/aerospike/repository/**/*.class]
16:38:01.777 [main] DEBUG o.s.c.i.s.PathMatchingResourcePatternResolver - Looking for matching resources in directory tree [/home/aluno/spring-projects/maven/spring-data-aerospike/target/classes/org/springframework/data/aerospike/repository]
16:38:01.777 [main] DEBUG o.s.c.i.s.PathMatchingResourcePatternResolver - Searching directory [/home/aluno/spring-projects/maven/spring-data-aerospike/target/classes/org/springframework/data/aerospike/repository] for files matching pattern [/home/aluno/spring-projects/maven/spring-data-aerospike/target/classes/org/springframework/data/aerospike/repository/**/*.class]
16:38:01.777 [main] DEBUG o.s.c.i.s.PathMatchingResourcePatternResolver - Searching directory [/home/aluno/spring-projects/maven/spring-data-aerospike/target/classes/org/springframework/data/aerospike/repository/support] for files matching pattern [/home/aluno/spring-projects/maven/spring-data-aerospike/target/classes/org/springframework/data/aerospike/repository/**/*.class]
16:38:01.777 [main] DEBUG o.s.c.i.s.PathMatchingResourcePatternResolver - Searching directory [/home/aluno/spring-projects/maven/spring-data-aerospike/target/classes/org/springframework/data/aerospike/repository/config] for files matching pattern [/home/aluno/spring-projects/maven/spring-data-aerospike/target/classes/org/springframework/data/aerospike/repository/**/*.class]
16:38:01.777 [main] DEBUG o.s.c.i.s.PathMatchingResourcePatternResolver - Searching directory [/home/aluno/spring-projects/maven/spring-data-aerospike/target/classes/org/springframework/data/aerospike/repository/query] for files matching pattern [/home/aluno/spring-projects/maven/spring-data-aerospike/target/classes/org/springframework/data/aerospike/repository/**/*.class]
16:38:01.778 [main] DEBUG o.s.c.i.s.PathMatchingResourcePatternResolver - Resolved location pattern [classpath*:org/springframework/data/aerospike/repository/**/*.class] to resources [file [/home/aluno/spring-projects/maven/spring-data-aerospike/target/test-classes/org/springframework/data/aerospike/repository/Credentials.class], file [/home/aluno/spring-projects/maven/spring-data-aerospike/target/test-classes/org/springframework/data/aerospike/repository/AbstractPersonRepositoryIntegrationTests$1.class], file [/home/aluno/spring-projects/maven/spring-data-aerospike/target/test-classes/org/springframework/data/aerospike/repository/PersonRepository.class], file [/home/aluno/spring-projects/maven/spring-data-aerospike/target/test-classes/org/springframework/data/aerospike/repository/TestConfigPerson.class], file [/home/aluno/spring-projects/maven/spring-data-aerospike/target/test-classes/org/springframework/data/aerospike/repository/Address.class], file [/home/aluno/spring-projects/maven/spring-data-aerospike/target/test-classes/org/springframework/data/aerospike/repository/Person$Sex.class], file [/home/aluno/spring-projects/maven/spring-data-aerospike/target/test-classes/org/springframework/data/aerospike/repository/Person.class], file [/home/aluno/spring-projects/maven/spring-data-aerospike/target/test-classes/org/springframework/data/aerospike/repository/ContactRepository.class], file [/home/aluno/spring-projects/maven/spring-data-aerospike/target/test-classes/org/springframework/data/aerospike/repository/AbstractPersonRepositoryIntegrationTests.class], file [/home/aluno/spring-projects/maven/spring-data-aerospike/target/test-classes/org/springframework/data/aerospike/repository/User.class], file [/home/aluno/spring-projects/maven/spring-data-aerospike/target/test-classes/org/springframework/data/aerospike/repository/CustomerRepositoriesIntegrationTests$Config.class], file [/home/aluno/spring-projects/maven/spring-data-aerospike/target/test-classes/org/springframework/data/aerospike/repository/AnnotatedPerson.class], file [/home/aluno/spring-projects/maven/spring-data-aerospike/target/test-classes/org/springframework/data/aerospike/repository/support/SimpleAerospikeRepositoryTest$5.class], file [/home/aluno/spring-projects/maven/spring-data-aerospike/target/test-classes/org/springframework/data/aerospike/repository/support/SimpleAerospikeRepositoryTest$9.class], file [/home/aluno/spring-projects/maven/spring-data-aerospike/target/test-classes/org/springframework/data/aerospike/repository/support/SimpleAerospikeRepositoryTest$4.class], file [/home/aluno/spring-projects/maven/spring-data-aerospike/target/test-classes/org/springframework/data/aerospike/repository/support/AerospikeRepositoryFactoryTest.class], file [/home/aluno/spring-projects/maven/spring-data-aerospike/target/test-classes/org/springframework/data/aerospike/repository/support/SimpleAerospikeRepositoryTest.class], file [/home/aluno/spring-projects/maven/spring-data-aerospike/target/test-classes/org/springframework/data/aerospike/repository/support/SimpleAerospikeRepositoryTest$1.class], file [/home/aluno/spring-projects/maven/spring-data-aerospike/target/test-classes/org/springframework/data/aerospike/repository/support/SimpleAerospikeRepositoryTest$3.class], file [/home/aluno/spring-projects/maven/spring-data-aerospike/target/test-classes/org/springframework/data/aerospike/repository/support/SimpleAerospikeRepositoryTest$8.class], file [/home/aluno/spring-projects/maven/spring-data-aerospike/target/test-classes/org/springframework/data/aerospike/repository/support/SimpleAerospikeRepositoryTest$6.class], file [/home/aluno/spring-projects/maven/spring-data-aerospike/target/test-classes/org/springframework/data/aerospike/repository/support/SimpleAerospikeRepositoryTest$2.class], file [/home/aluno/spring-projects/maven/spring-data-aerospike/target/test-classes/org/springframework/data/aerospike/repository/support/AllTests.class], file [/home/aluno/spring-projects/maven/spring-data-aerospike/target/test-classes/org/springframework/data/aerospike/repository/support/SimpleAerospikeRepositoryTest$7.class], file [/home/aluno/spring-projects/maven/spring-data-aerospike/target/test-classes/org/springframework/data/aerospike/repository/Contact.class], file [/home/aluno/spring-projects/maven/spring-data-aerospike/target/test-classes/org/springframework/data/aerospike/repository/AllTests.class], file [/home/aluno/spring-projects/maven/spring-data-aerospike/target/test-classes/org/springframework/data/aerospike/repository/PersonRepositoryIntegrationTests.class], file [/home/aluno/spring-projects/maven/spring-data-aerospike/target/test-classes/org/springframework/data/aerospike/repository/query/StubParameterAccessor.class], file [/home/aluno/spring-projects/maven/spring-data-aerospike/target/test-classes/org/springframework/data/aerospike/repository/query/AllTests.class], file [/home/aluno/spring-projects/maven/spring-data-aerospike/target/test-classes/org/springframework/data/aerospike/repository/query/AerospikePartTreeQueryTest.class], file [/home/aluno/spring-projects/maven/spring-data-aerospike/target/test-classes/org/springframework/data/aerospike/repository/CustomerRepositoriesIntegrationTests.class], file [/home/aluno/spring-projects/maven/spring-data-aerospike/target/classes/org/springframework/data/aerospike/repository/AerospikeRepository.class], file [/home/aluno/spring-projects/maven/spring-data-aerospike/target/classes/org/springframework/data/aerospike/repository/support/AerospikeRepositoryFactoryBean.class], file [/home/aluno/spring-projects/maven/spring-data-aerospike/target/classes/org/springframework/data/aerospike/repository/support/AerospikeRepositoryFactory$AerospikeQueryLookupStrategy.class], file [/home/aluno/spring-projects/maven/spring-data-aerospike/target/classes/org/springframework/data/aerospike/repository/support/AerospikeRepositoryFactory.class], file [/home/aluno/spring-projects/maven/spring-data-aerospike/target/classes/org/springframework/data/aerospike/repository/support/SimpleAerospikeRepository.class], file [/home/aluno/spring-projects/maven/spring-data-aerospike/target/classes/org/springframework/data/aerospike/repository/config/AerospikeRepositoriesRegistrar.class], file [/home/aluno/spring-projects/maven/spring-data-aerospike/target/classes/org/springframework/data/aerospike/repository/config/EnableAerospikeRepositories.class], file [/home/aluno/spring-projects/maven/spring-data-aerospike/target/classes/org/springframework/data/aerospike/repository/config/AerospikeRepositoriesRegistrar$1.class], file [/home/aluno/spring-projects/maven/spring-data-aerospike/target/classes/org/springframework/data/aerospike/repository/config/AerospikeRepositoriesRegistrar$AerospikeRepositoryConfigurationExtension.class], file [/home/aluno/spring-projects/maven/spring-data-aerospike/target/classes/org/springframework/data/aerospike/repository/query/AerospikeParameterAccessor.class], file [/home/aluno/spring-projects/maven/spring-data-aerospike/target/classes/org/springframework/data/aerospike/repository/query/Query.class], file [/home/aluno/spring-projects/maven/spring-data-aerospike/target/classes/org/springframework/data/aerospike/repository/query/ConvertingParameterAccessor.class], file [/home/aluno/spring-projects/maven/spring-data-aerospike/target/classes/org/springframework/data/aerospike/repository/query/AerospikeQueryCreator$1.class], file [/home/aluno/spring-projects/maven/spring-data-aerospike/target/classes/org/springframework/data/aerospike/repository/query/CriteriaDefinition.class], file [/home/aluno/spring-projects/maven/spring-data-aerospike/target/classes/org/springframework/data/aerospike/repository/query/TextCriteria.class], file [/home/aluno/spring-projects/maven/spring-data-aerospike/target/classes/org/springframework/data/aerospike/repository/query/Criteria.class], file [/home/aluno/spring-projects/maven/spring-data-aerospike/target/classes/org/springframework/data/aerospike/repository/query/AerospikePartTreeQuery.class], file [/home/aluno/spring-projects/maven/spring-data-aerospike/target/classes/org/springframework/data/aerospike/repository/query/AerospikeQueryCreator.class]]
16:38:01.778 [main] DEBUG o.s.d.r.c.RepositoryComponentProvider - Identified candidate component class: file [/home/aluno/spring-projects/maven/spring-data-aerospike/target/test-classes/org/springframework/data/aerospike/repository/PersonRepository.class]
16:38:01.779 [main] DEBUG o.s.d.r.c.RepositoryComponentProvider - Identified candidate component class: file [/home/aluno/spring-projects/maven/spring-data-aerospike/target/test-classes/org/springframework/data/aerospike/repository/ContactRepository.class]
16:38:01.787 [main] DEBUG o.s.core.env.StandardEnvironment - Adding [systemProperties] PropertySource with lowest search precedence
16:38:01.787 [main] DEBUG o.s.core.env.StandardEnvironment - Adding [systemEnvironment] PropertySource with lowest search precedence
16:38:01.787 [main] DEBUG o.s.core.env.StandardEnvironment - Initialized StandardEnvironment with PropertySources [systemProperties,systemEnvironment]
16:38:01.787 [main] DEBUG o.s.c.i.s.PathMatchingResourcePatternResolver - Looking for matching resources in directory tree [/home/aluno/spring-projects/maven/spring-data-aerospike/target/test-classes/org/springframework/data/aerospike/repository]
16:38:01.787 [main] DEBUG o.s.c.i.s.PathMatchingResourcePatternResolver - Searching directory [/home/aluno/spring-projects/maven/spring-data-aerospike/target/test-classes/org/springframework/data/aerospike/repository] for files matching pattern [/home/aluno/spring-projects/maven/spring-data-aerospike/target/test-classes/org/springframework/data/aerospike/repository/**/*ContactRepositoryImpl.class]
16:38:01.788 [main] DEBUG o.s.c.i.s.PathMatchingResourcePatternResolver - Searching directory [/home/aluno/spring-projects/maven/spring-data-aerospike/target/test-classes/org/springframework/data/aerospike/repository/support] for files matching pattern [/home/aluno/spring-projects/maven/spring-data-aerospike/target/test-classes/org/springframework/data/aerospike/repository/**/*ContactRepositoryImpl.class]
16:38:01.788 [main] DEBUG o.s.c.i.s.PathMatchingResourcePatternResolver - Searching directory [/home/aluno/spring-projects/maven/spring-data-aerospike/target/test-classes/org/springframework/data/aerospike/repository/query] for files matching pattern [/home/aluno/spring-projects/maven/spring-data-aerospike/target/test-classes/org/springframework/data/aerospike/repository/**/*ContactRepositoryImpl.class]
16:38:01.788 [main] DEBUG o.s.c.i.s.PathMatchingResourcePatternResolver - Looking for matching resources in directory tree [/home/aluno/spring-projects/maven/spring-data-aerospike/target/classes/org/springframework/data/aerospike/repository]
16:38:01.788 [main] DEBUG o.s.c.i.s.PathMatchingResourcePatternResolver - Searching directory [/home/aluno/spring-projects/maven/spring-data-aerospike/target/classes/org/springframework/data/aerospike/repository] for files matching pattern [/home/aluno/spring-projects/maven/spring-data-aerospike/target/classes/org/springframework/data/aerospike/repository/**/*ContactRepositoryImpl.class]
16:38:01.788 [main] DEBUG o.s.c.i.s.PathMatchingResourcePatternResolver - Searching directory [/home/aluno/spring-projects/maven/spring-data-aerospike/target/classes/org/springframework/data/aerospike/repository/support] for files matching pattern [/home/aluno/spring-projects/maven/spring-data-aerospike/target/classes/org/springframework/data/aerospike/repository/**/*ContactRepositoryImpl.class]
16:38:01.788 [main] DEBUG o.s.c.i.s.PathMatchingResourcePatternResolver - Searching directory [/home/aluno/spring-projects/maven/spring-data-aerospike/target/classes/org/springframework/data/aerospike/repository/config] for files matching pattern [/home/aluno/spring-projects/maven/spring-data-aerospike/target/classes/org/springframework/data/aerospike/repository/**/*ContactRepositoryImpl.class]
16:38:01.788 [main] DEBUG o.s.c.i.s.PathMatchingResourcePatternResolver - Searching directory [/home/aluno/spring-projects/maven/spring-data-aerospike/target/classes/org/springframework/data/aerospike/repository/query] for files matching pattern [/home/aluno/spring-projects/maven/spring-data-aerospike/target/classes/org/springframework/data/aerospike/repository/**/*ContactRepositoryImpl.class]
16:38:01.788 [main] DEBUG o.s.c.i.s.PathMatchingResourcePatternResolver - Resolved location pattern [classpath*:org/springframework/data/aerospike/repository/**/*ContactRepositoryImpl.class] to resources []
16:38:01.788 [main] DEBUG o.s.d.r.c.RepositoryConfigurationDelegate - Spring Data Aerospike - Registering repository: contactRepository - Interface: org.springframework.data.aerospike.repository.ContactRepository - Factory: org.springframework.data.keyvalue.repository.support.KeyValueRepositoryFactoryBean
16:38:01.789 [main] DEBUG o.s.core.env.StandardEnvironment - Adding [systemProperties] PropertySource with lowest search precedence
16:38:01.789 [main] DEBUG o.s.core.env.StandardEnvironment - Adding [systemEnvironment] PropertySource with lowest search precedence
16:38:01.789 [main] DEBUG o.s.core.env.StandardEnvironment - Initialized StandardEnvironment with PropertySources [systemProperties,systemEnvironment]
16:38:01.789 [main] DEBUG o.s.c.i.s.PathMatchingResourcePatternResolver - Looking for matching resources in directory tree [/home/aluno/spring-projects/maven/spring-data-aerospike/target/test-classes/org/springframework/data/aerospike/repository]
16:38:01.789 [main] DEBUG o.s.c.i.s.PathMatchingResourcePatternResolver - Searching directory [/home/aluno/spring-projects/maven/spring-data-aerospike/target/test-classes/org/springframework/data/aerospike/repository] for files matching pattern [/home/aluno/spring-projects/maven/spring-data-aerospike/target/test-classes/org/springframework/data/aerospike/repository/**/*PersonRepositoryImpl.class]
16:38:01.789 [main] DEBUG o.s.c.i.s.PathMatchingResourcePatternResolver - Searching directory [/home/aluno/spring-projects/maven/spring-data-aerospike/target/test-classes/org/springframework/data/aerospike/repository/support] for files matching pattern [/home/aluno/spring-projects/maven/spring-data-aerospike/target/test-classes/org/springframework/data/aerospike/repository/**/*PersonRepositoryImpl.class]
16:38:01.789 [main] DEBUG o.s.c.i.s.PathMatchingResourcePatternResolver - Searching directory [/home/aluno/spring-projects/maven/spring-data-aerospike/target/test-classes/org/springframework/data/aerospike/repository/query] for files matching pattern [/home/aluno/spring-projects/maven/spring-data-aerospike/target/test-classes/org/springframework/data/aerospike/repository/**/*PersonRepositoryImpl.class]
16:38:01.789 [main] DEBUG o.s.c.i.s.PathMatchingResourcePatternResolver - Looking for matching resources in directory tree [/home/aluno/spring-projects/maven/spring-data-aerospike/target/classes/org/springframework/data/aerospike/repository]
16:38:01.789 [main] DEBUG o.s.c.i.s.PathMatchingResourcePatternResolver - Searching directory [/home/aluno/spring-projects/maven/spring-data-aerospike/target/classes/org/springframework/data/aerospike/repository] for files matching pattern [/home/aluno/spring-projects/maven/spring-data-aerospike/target/classes/org/springframework/data/aerospike/repository/**/*PersonRepositoryImpl.class]
16:38:01.789 [main] DEBUG o.s.c.i.s.PathMatchingResourcePatternResolver - Searching directory [/home/aluno/spring-projects/maven/spring-data-aerospike/target/classes/org/springframework/data/aerospike/repository/support] for files matching pattern [/home/aluno/spring-projects/maven/spring-data-aerospike/target/classes/org/springframework/data/aerospike/repository/**/*PersonRepositoryImpl.class]
16:38:01.789 [main] DEBUG o.s.c.i.s.PathMatchingResourcePatternResolver - Searching directory [/home/aluno/spring-projects/maven/spring-data-aerospike/target/classes/org/springframework/data/aerospike/repository/config] for files matching pattern [/home/aluno/spring-projects/maven/spring-data-aerospike/target/classes/org/springframework/data/aerospike/repository/**/*PersonRepositoryImpl.class]
16:38:01.789 [main] DEBUG o.s.c.i.s.PathMatchingResourcePatternResolver - Searching directory [/home/aluno/spring-projects/maven/spring-data-aerospike/target/classes/org/springframework/data/aerospike/repository/query] for files matching pattern [/home/aluno/spring-projects/maven/spring-data-aerospike/target/classes/org/springframework/data/aerospike/repository/**/*PersonRepositoryImpl.class]
16:38:01.789 [main] DEBUG o.s.c.i.s.PathMatchingResourcePatternResolver - Resolved location pattern [classpath*:org/springframework/data/aerospike/repository/**/*PersonRepositoryImpl.class] to resources []
16:38:01.789 [main] DEBUG o.s.d.r.c.RepositoryConfigurationDelegate - Spring Data Aerospike - Registering repository: personRepository - Interface: org.springframework.data.aerospike.repository.PersonRepository - Factory: org.springframework.data.keyvalue.repository.support.KeyValueRepositoryFactoryBean
16:38:01.790 [main] DEBUG o.s.c.a.ConfigurationClassEnhancer - Successfully enhanced org.springframework.data.aerospike.repository.TestConfigPerson; enhanced class name is: org.springframework.data.aerospike.repository.TestConfigPerson$$EnhancerBySpringCGLIB$$3f27a8da
16:38:01.790 [main] DEBUG o.s.c.a.ConfigurationClassPostProcessor - Replacing bean definition 'testConfigPerson' existing class name 'org.springframework.data.aerospike.repository.TestConfigPerson' with enhanced class name 'org.springframework.data.aerospike.repository.TestConfigPerson$$EnhancerBySpringCGLIB$$3f27a8da'
16:38:01.790 [main] DEBUG o.s.b.f.s.DefaultListableBeanFactory - Creating shared instance of singleton bean 'org.springframework.context.annotation.internalAutowiredAnnotationProcessor'
16:38:01.790 [main] DEBUG o.s.b.f.s.DefaultListableBeanFactory - Creating instance of bean 'org.springframework.context.annotation.internalAutowiredAnnotationProcessor'
16:38:01.790 [main] DEBUG o.s.b.f.s.DefaultListableBeanFactory - Eagerly caching bean 'org.springframework.context.annotation.internalAutowiredAnnotationProcessor' to allow for resolving potential circular references
16:38:01.790 [main] DEBUG o.s.b.f.s.DefaultListableBeanFactory - Finished creating instance of bean 'org.springframework.context.annotation.internalAutowiredAnnotationProcessor'
16:38:01.791 [main] DEBUG o.s.b.f.s.DefaultListableBeanFactory - Creating shared instance of singleton bean 'org.springframework.context.annotation.internalRequiredAnnotationProcessor'
16:38:01.791 [main] DEBUG o.s.b.f.s.DefaultListableBeanFactory - Creating instance of bean 'org.springframework.context.annotation.internalRequiredAnnotationProcessor'
16:38:01.791 [main] DEBUG o.s.b.f.s.DefaultListableBeanFactory - Eagerly caching bean 'org.springframework.context.annotation.internalRequiredAnnotationProcessor' to allow for resolving potential circular references
16:38:01.791 [main] DEBUG o.s.b.f.s.DefaultListableBeanFactory - Finished creating instance of bean 'org.springframework.context.annotation.internalRequiredAnnotationProcessor'
16:38:01.791 [main] DEBUG o.s.b.f.s.DefaultListableBeanFactory - Creating shared instance of singleton bean 'org.springframework.context.annotation.internalCommonAnnotationProcessor'
16:38:01.791 [main] DEBUG o.s.b.f.s.DefaultListableBeanFactory - Creating instance of bean 'org.springframework.context.annotation.internalCommonAnnotationProcessor'
16:38:01.791 [main] DEBUG o.s.b.f.s.DefaultListableBeanFactory - Eagerly caching bean 'org.springframework.context.annotation.internalCommonAnnotationProcessor' to allow for resolving potential circular references
16:38:01.791 [main] DEBUG o.s.b.f.s.DefaultListableBeanFactory - Finished creating instance of bean 'org.springframework.context.annotation.internalCommonAnnotationProcessor'
16:38:01.791 [main] DEBUG o.s.b.f.s.DefaultListableBeanFactory - Creating shared instance of singleton bean 'org.springframework.context.annotation.ConfigurationClassPostProcessor.importAwareProcessor'
16:38:01.791 [main] DEBUG o.s.b.f.s.DefaultListableBeanFactory - Creating instance of bean 'org.springframework.context.annotation.ConfigurationClassPostProcessor.importAwareProcessor'
16:38:01.791 [main] DEBUG o.s.b.f.s.DefaultListableBeanFactory - Eagerly caching bean 'org.springframework.context.annotation.ConfigurationClassPostProcessor.importAwareProcessor' to allow for resolving potential circular references
16:38:01.791 [main] DEBUG o.s.b.f.s.DefaultListableBeanFactory - Finished creating instance of bean 'org.springframework.context.annotation.ConfigurationClassPostProcessor.importAwareProcessor'
16:38:01.791 [main] DEBUG o.s.b.f.s.DefaultListableBeanFactory - Creating shared instance of singleton bean 'org.springframework.context.annotation.ConfigurationClassPostProcessor.enhancedConfigurationProcessor'
16:38:01.791 [main] DEBUG o.s.b.f.s.DefaultListableBeanFactory - Creating instance of bean 'org.springframework.context.annotation.ConfigurationClassPostProcessor.enhancedConfigurationProcessor'
16:38:01.791 [main] DEBUG o.s.b.f.s.DefaultListableBeanFactory - Eagerly caching bean 'org.springframework.context.annotation.ConfigurationClassPostProcessor.enhancedConfigurationProcessor' to allow for resolving potential circular references
16:38:01.791 [main] DEBUG o.s.b.f.s.DefaultListableBeanFactory - Finished creating instance of bean 'org.springframework.context.annotation.ConfigurationClassPostProcessor.enhancedConfigurationProcessor'
16:38:01.791 [main] DEBUG o.s.b.f.s.DefaultListableBeanFactory - Creating shared instance of singleton bean 'org.springframework.data.repository.core.support.RepositoryInterfaceAwareBeanPostProcessor'
16:38:01.791 [main] DEBUG o.s.b.f.s.DefaultListableBeanFactory - Creating instance of bean 'org.springframework.data.repository.core.support.RepositoryInterfaceAwareBeanPostProcessor'
16:38:01.791 [main] DEBUG o.s.b.f.s.DefaultListableBeanFactory - Eagerly caching bean 'org.springframework.data.repository.core.support.RepositoryInterfaceAwareBeanPostProcessor' to allow for resolving potential circular references
16:38:01.791 [main] DEBUG o.s.b.f.s.DefaultListableBeanFactory - Finished creating instance of bean 'org.springframework.data.repository.core.support.RepositoryInterfaceAwareBeanPostProcessor'
16:38:01.791 [main] DEBUG o.s.c.s.GenericApplicationContext - Unable to locate MessageSource with name 'messageSource': using default [org.springframework.context.support.DelegatingMessageSource@20a967fe]
16:38:01.791 [main] DEBUG o.s.c.s.GenericApplicationContext - Unable to locate ApplicationEventMulticaster with name 'applicationEventMulticaster': using default [org.springframework.context.event.SimpleApplicationEventMulticaster@405b6d75]
16:38:01.791 [main] DEBUG o.s.b.f.s.DefaultListableBeanFactory - Pre-instantiating singletons in org.springframework.beans.factory.support.DefaultListableBeanFactory@2bfaba70: defining beans [org.springframework.context.annotation.internalConfigurationAnnotationProcessor,org.springframework.context.annotation.internalAutowiredAnnotationProcessor,org.springframework.context.annotation.internalRequiredAnnotationProcessor,org.springframework.context.annotation.internalCommonAnnotationProcessor,testConfigPerson,org.springframework.context.annotation.ConfigurationClassPostProcessor.importAwareProcessor,org.springframework.context.annotation.ConfigurationClassPostProcessor.enhancedConfigurationProcessor,aerospikeTemplate,aerospikeClient,org.springframework.data.aerospike.repository.config.AerospikeRepositoriesRegistrar$AerospikeRepositoryConfigurationExtension#0,org.springframework.data.repository.core.support.RepositoryInterfaceAwareBeanPostProcessor,keyValueMappingContext,contactRepository,personRepository]; root of factory hierarchy
16:38:01.791 [main] DEBUG o.s.b.f.s.DefaultListableBeanFactory - Returning cached instance of singleton bean 'org.springframework.context.annotation.internalConfigurationAnnotationProcessor'
16:38:01.791 [main] DEBUG o.s.b.f.s.DefaultListableBeanFactory - Returning cached instance of singleton bean 'org.springframework.context.annotation.internalAutowiredAnnotationProcessor'
16:38:01.791 [main] DEBUG o.s.b.f.s.DefaultListableBeanFactory - Returning cached instance of singleton bean 'org.springframework.context.annotation.internalRequiredAnnotationProcessor'
16:38:01.791 [main] DEBUG o.s.b.f.s.DefaultListableBeanFactory - Returning cached instance of singleton bean 'org.springframework.context.annotation.internalCommonAnnotationProcessor'
16:38:01.791 [main] DEBUG o.s.b.f.s.DefaultListableBeanFactory - Creating shared instance of singleton bean 'testConfigPerson'
16:38:01.791 [main] DEBUG o.s.b.f.s.DefaultListableBeanFactory - Creating instance of bean 'testConfigPerson'
16:38:01.791 [main] DEBUG o.s.b.f.s.DefaultListableBeanFactory - Eagerly caching bean 'testConfigPerson' to allow for resolving potential circular references
16:38:01.791 [main] DEBUG o.s.b.f.s.DefaultListableBeanFactory - Finished creating instance of bean 'testConfigPerson'
16:38:01.791 [main] DEBUG o.s.b.f.s.DefaultListableBeanFactory - Returning cached instance of singleton bean 'org.springframework.context.annotation.ConfigurationClassPostProcessor.importAwareProcessor'
16:38:01.791 [main] DEBUG o.s.b.f.s.DefaultListableBeanFactory - Returning cached instance of singleton bean 'org.springframework.context.annotation.ConfigurationClassPostProcessor.enhancedConfigurationProcessor'
16:38:01.791 [main] DEBUG o.s.b.f.s.DefaultListableBeanFactory - Creating shared instance of singleton bean 'aerospikeTemplate'
16:38:01.791 [main] DEBUG o.s.b.f.s.DefaultListableBeanFactory - Creating instance of bean 'aerospikeTemplate'
16:38:01.791 [main] DEBUG o.s.b.f.s.DefaultListableBeanFactory - Returning cached instance of singleton bean 'testConfigPerson'
16:38:01.791 [main] DEBUG o.s.b.f.s.DefaultListableBeanFactory - Creating shared instance of singleton bean 'aerospikeClient'
16:38:01.791 [main] DEBUG o.s.b.f.s.DefaultListableBeanFactory - Creating instance of bean 'aerospikeClient'
16:38:01.792 [main] DEBUG o.s.b.f.s.DefaultListableBeanFactory - Returning cached instance of singleton bean 'testConfigPerson'
16:38:03.794 [main] DEBUG o.s.d.a.r.q.AerospikeQueryCreator - AS:Alias 52.41.32.83:3000 failed: Error Code 11: java.net.SocketTimeoutException: connect timed out
16:38:03.794 [main] WARN  o.s.d.a.r.q.AerospikeQueryCreator - AS:Seed 52.41.32.83:3000 failed: Error Code 11: java.net.SocketTimeoutException: connect timed out
16:38:03.796 [main] WARN  o.s.c.s.GenericApplicationContext - Exception encountered during context initialization - cancelling refresh attempt
org.springframework.beans.factory.BeanCreationException: Error creating bean with name 'aerospikeTemplate' defined in org.springframework.data.aerospike.repository.TestConfigPerson: Bean instantiation via factory method failed; nested exception is org.springframework.beans.BeanInstantiationException: Failed to instantiate [org.springframework.data.aerospike.core.AerospikeTemplate]: Factory method 'aerospikeTemplate' threw exception; nested exception is org.springframework.beans.factory.BeanCreationException: Error creating bean with name 'aerospikeClient' defined in org.springframework.data.aerospike.repository.TestConfigPerson: Bean instantiation via factory method failed; nested exception is org.springframework.beans.BeanInstantiationException: Failed to instantiate [com.aerospike.client.AerospikeClient]: Factory method 'aerospikeClient' threw exception; nested exception is com.aerospike.client.AerospikeException$Connection: Error Code 11: Failed to connect to host(s): 
52.41.32.83:3000 Error Code 11: java.net.SocketTimeoutException: connect timed out

	at org.springframework.beans.factory.support.ConstructorResolver.instantiateUsingFactoryMethod(ConstructorResolver.java:599) ~[spring-beans-4.1.7.RELEASE.jar:4.1.7.RELEASE]
	at org.springframework.beans.factory.support.AbstractAutowireCapableBeanFactory.instantiateUsingFactoryMethod(AbstractAutowireCapableBeanFactory.java:1119) ~[spring-beans-4.1.7.RELEASE.jar:4.1.7.RELEASE]
	at org.springframework.beans.factory.support.AbstractAutowireCapableBeanFactory.createBeanInstance(AbstractAutowireCapableBeanFactory.java:1014) ~[spring-beans-4.1.7.RELEASE.jar:4.1.7.RELEASE]
	at org.springframework.beans.factory.support.AbstractAutowireCapableBeanFactory.doCreateBean(AbstractAutowireCapableBeanFactory.java:504) ~[spring-beans-4.1.7.RELEASE.jar:4.1.7.RELEASE]
	at org.springframework.beans.factory.support.AbstractAutowireCapableBeanFactory.createBean(AbstractAutowireCapableBeanFactory.java:476) ~[spring-beans-4.1.7.RELEASE.jar:4.1.7.RELEASE]
	at org.springframework.beans.factory.support.AbstractBeanFactory$1.getObject(AbstractBeanFactory.java:303) ~[spring-beans-4.1.7.RELEASE.jar:4.1.7.RELEASE]
	at org.springframework.beans.factory.support.DefaultSingletonBeanRegistry.getSingleton(DefaultSingletonBeanRegistry.java:230) ~[spring-beans-4.1.7.RELEASE.jar:4.1.7.RELEASE]
	at org.springframework.beans.factory.support.AbstractBeanFactory.doGetBean(AbstractBeanFactory.java:299) ~[spring-beans-4.1.7.RELEASE.jar:4.1.7.RELEASE]
	at org.springframework.beans.factory.support.AbstractBeanFactory.getBean(AbstractBeanFactory.java:194) ~[spring-beans-4.1.7.RELEASE.jar:4.1.7.RELEASE]
	at org.springframework.beans.factory.support.DefaultListableBeanFactory.preInstantiateSingletons(DefaultListableBeanFactory.java:755) ~[spring-beans-4.1.7.RELEASE.jar:4.1.7.RELEASE]
	at org.springframework.context.support.AbstractApplicationContext.finishBeanFactoryInitialization(AbstractApplicationContext.java:757) ~[spring-context-4.1.7.RELEASE.jar:4.1.7.RELEASE]
	at org.springframework.context.support.AbstractApplicationContext.refresh(AbstractApplicationContext.java:480) ~[spring-context-4.1.7.RELEASE.jar:4.1.7.RELEASE]
	at org.springframework.test.context.support.AbstractGenericContextLoader.loadContext(AbstractGenericContextLoader.java:125) [spring-test-4.1.7.RELEASE.jar:4.1.7.RELEASE]
	at org.springframework.test.context.support.AbstractGenericContextLoader.loadContext(AbstractGenericContextLoader.java:60) [spring-test-4.1.7.RELEASE.jar:4.1.7.RELEASE]
	at org.springframework.test.context.support.AbstractDelegatingSmartContextLoader.delegateLoading(AbstractDelegatingSmartContextLoader.java:109) [spring-test-4.1.7.RELEASE.jar:4.1.7.RELEASE]
	at org.springframework.test.context.support.AbstractDelegatingSmartContextLoader.loadContext(AbstractDelegatingSmartContextLoader.java:261) [spring-test-4.1.7.RELEASE.jar:4.1.7.RELEASE]
	at org.springframework.test.context.DefaultCacheAwareContextLoaderDelegate.loadContextInternal(DefaultCacheAwareContextLoaderDelegate.java:68) [spring-test-4.1.7.RELEASE.jar:4.1.7.RELEASE]
	at org.springframework.test.context.DefaultCacheAwareContextLoaderDelegate.loadContext(DefaultCacheAwareContextLoaderDelegate.java:86) [spring-test-4.1.7.RELEASE.jar:4.1.7.RELEASE]
	at org.springframework.test.context.DefaultTestContext.getApplicationContext(DefaultTestContext.java:72) [spring-test-4.1.7.RELEASE.jar:4.1.7.RELEASE]
	at org.springframework.test.context.support.DependencyInjectionTestExecutionListener.injectDependencies(DependencyInjectionTestExecutionListener.java:117) [spring-test-4.1.7.RELEASE.jar:4.1.7.RELEASE]
	at org.springframework.test.context.support.DependencyInjectionTestExecutionListener.prepareTestInstance(DependencyInjectionTestExecutionListener.java:83) [spring-test-4.1.7.RELEASE.jar:4.1.7.RELEASE]
	at org.springframework.test.context.TestContextManager.prepareTestInstance(TestContextManager.java:212) [spring-test-4.1.7.RELEASE.jar:4.1.7.RELEASE]
	at org.springframework.test.context.junit4.SpringJUnit4ClassRunner.createTest(SpringJUnit4ClassRunner.java:200) [spring-test-4.1.7.RELEASE.jar:4.1.7.RELEASE]
	at org.springframework.test.context.junit4.SpringJUnit4ClassRunner$1.runReflectiveCall(SpringJUnit4ClassRunner.java:259) [spring-test-4.1.7.RELEASE.jar:4.1.7.RELEASE]
	at org.junit.internal.runners.model.ReflectiveCallable.run(ReflectiveCallable.java:12) [junit-4.12.jar:4.12]
	at org.springframework.test.context.junit4.SpringJUnit4ClassRunner.methodBlock(SpringJUnit4ClassRunner.java:261) [spring-test-4.1.7.RELEASE.jar:4.1.7.RELEASE]
	at org.springframework.test.context.junit4.SpringJUnit4ClassRunner.runChild(SpringJUnit4ClassRunner.java:219) [spring-test-4.1.7.RELEASE.jar:4.1.7.RELEASE]
	at org.springframework.test.context.junit4.SpringJUnit4ClassRunner.runChild(SpringJUnit4ClassRunner.java:83) [spring-test-4.1.7.RELEASE.jar:4.1.7.RELEASE]
	at org.junit.runners.ParentRunner$3.run(ParentRunner.java:290) [junit-4.12.jar:4.12]
	at org.junit.runners.ParentRunner$1.schedule(ParentRunner.java:71) [junit-4.12.jar:4.12]
	at org.junit.runners.ParentRunner.runChildren(ParentRunner.java:288) [junit-4.12.jar:4.12]
	at org.junit.runners.ParentRunner.access$000(ParentRunner.java:58) [junit-4.12.jar:4.12]
	at org.junit.runners.ParentRunner$2.evaluate(ParentRunner.java:268) [junit-4.12.jar:4.12]
	at org.springframework.test.context.junit4.statements.RunBeforeTestClassCallbacks.evaluate(RunBeforeTestClassCallbacks.java:61) [spring-test-4.1.7.RELEASE.jar:4.1.7.RELEASE]
	at org.springframework.test.context.junit4.statements.RunAfterTestClassCallbacks.evaluate(RunAfterTestClassCallbacks.java:68) [spring-test-4.1.7.RELEASE.jar:4.1.7.RELEASE]
	at org.junit.runners.ParentRunner.run(ParentRunner.java:363) [junit-4.12.jar:4.12]
	at org.springframework.test.context.junit4.SpringJUnit4ClassRunner.run(SpringJUnit4ClassRunner.java:163) [spring-test-4.1.7.RELEASE.jar:4.1.7.RELEASE]
	at org.apache.maven.surefire.junit4.JUnit4Provider.execute(JUnit4Provider.java:283) [surefire-junit4-2.18.1.jar:2.18.1]
	at org.apache.maven.surefire.junit4.JUnit4Provider.executeWithRerun(JUnit4Provider.java:173) [surefire-junit4-2.18.1.jar:2.18.1]
	at org.apache.maven.surefire.junit4.JUnit4Provider.executeTestSet(JUnit4Provider.java:153) [surefire-junit4-2.18.1.jar:2.18.1]
	at org.apache.maven.surefire.junit4.JUnit4Provider.invoke(JUnit4Provider.java:128) [surefire-junit4-2.18.1.jar:2.18.1]
	at org.apache.maven.surefire.booter.ForkedBooter.invokeProviderInSameClassLoader(ForkedBooter.java:203) [surefire-booter-2.18.1.jar:2.18.1]
	at org.apache.maven.surefire.booter.ForkedBooter.runSuitesInProcess(ForkedBooter.java:155) [surefire-booter-2.18.1.jar:2.18.1]
	at org.apache.maven.surefire.booter.ForkedBooter.main(ForkedBooter.java:103) [surefire-booter-2.18.1.jar:2.18.1]
Caused by: org.springframework.beans.BeanInstantiationException: Failed to instantiate [org.springframework.data.aerospike.core.AerospikeTemplate]: Factory method 'aerospikeTemplate' threw exception; nested exception is org.springframework.beans.factory.BeanCreationException: Error creating bean with name 'aerospikeClient' defined in org.springframework.data.aerospike.repository.TestConfigPerson: Bean instantiation via factory method failed; nested exception is org.springframework.beans.BeanInstantiationException: Failed to instantiate [com.aerospike.client.AerospikeClient]: Factory method 'aerospikeClient' threw exception; nested exception is com.aerospike.client.AerospikeException$Connection: Error Code 11: Failed to connect to host(s): 
52.41.32.83:3000 Error Code 11: java.net.SocketTimeoutException: connect timed out

	at org.springframework.beans.factory.support.SimpleInstantiationStrategy.instantiate(SimpleInstantiationStrategy.java:189) ~[spring-beans-4.1.7.RELEASE.jar:4.1.7.RELEASE]
	at org.springframework.beans.factory.support.ConstructorResolver.instantiateUsingFactoryMethod(ConstructorResolver.java:588) ~[spring-beans-4.1.7.RELEASE.jar:4.1.7.RELEASE]
	... 43 common frames omitted
Caused by: org.springframework.beans.factory.BeanCreationException: Error creating bean with name 'aerospikeClient' defined in org.springframework.data.aerospike.repository.TestConfigPerson: Bean instantiation via factory method failed; nested exception is org.springframework.beans.BeanInstantiationException: Failed to instantiate [com.aerospike.client.AerospikeClient]: Factory method 'aerospikeClient' threw exception; nested exception is com.aerospike.client.AerospikeException$Connection: Error Code 11: Failed to connect to host(s): 
52.41.32.83:3000 Error Code 11: java.net.SocketTimeoutException: connect timed out

	at org.springframework.beans.factory.support.ConstructorResolver.instantiateUsingFactoryMethod(ConstructorResolver.java:599) ~[spring-beans-4.1.7.RELEASE.jar:4.1.7.RELEASE]
	at org.springframework.beans.factory.support.AbstractAutowireCapableBeanFactory.instantiateUsingFactoryMethod(AbstractAutowireCapableBeanFactory.java:1119) ~[spring-beans-4.1.7.RELEASE.jar:4.1.7.RELEASE]
	at org.springframework.beans.factory.support.AbstractAutowireCapableBeanFactory.createBeanInstance(AbstractAutowireCapableBeanFactory.java:1014) ~[spring-beans-4.1.7.RELEASE.jar:4.1.7.RELEASE]
	at org.springframework.beans.factory.support.AbstractAutowireCapableBeanFactory.doCreateBean(AbstractAutowireCapableBeanFactory.java:504) ~[spring-beans-4.1.7.RELEASE.jar:4.1.7.RELEASE]
	at org.springframework.beans.factory.support.AbstractAutowireCapableBeanFactory.createBean(AbstractAutowireCapableBeanFactory.java:476) ~[spring-beans-4.1.7.RELEASE.jar:4.1.7.RELEASE]
	at org.springframework.beans.factory.support.AbstractBeanFactory$1.getObject(AbstractBeanFactory.java:303) ~[spring-beans-4.1.7.RELEASE.jar:4.1.7.RELEASE]
	at org.springframework.beans.factory.support.DefaultSingletonBeanRegistry.getSingleton(DefaultSingletonBeanRegistry.java:230) ~[spring-beans-4.1.7.RELEASE.jar:4.1.7.RELEASE]
	at org.springframework.beans.factory.support.AbstractBeanFactory.doGetBean(AbstractBeanFactory.java:299) ~[spring-beans-4.1.7.RELEASE.jar:4.1.7.RELEASE]
	at org.springframework.beans.factory.support.AbstractBeanFactory.getBean(AbstractBeanFactory.java:194) ~[spring-beans-4.1.7.RELEASE.jar:4.1.7.RELEASE]
	at org.springframework.context.annotation.ConfigurationClassEnhancer$BeanMethodInterceptor.intercept(ConfigurationClassEnhancer.java:322) ~[spring-context-4.1.7.RELEASE.jar:4.1.7.RELEASE]
	at org.springframework.data.aerospike.repository.TestConfigPerson$$EnhancerBySpringCGLIB$$3f27a8da.aerospikeClient(<generated>) ~[spring-core-4.1.7.RELEASE.jar:na]
	at org.springframework.data.aerospike.repository.TestConfigPerson.aerospikeTemplate(TestConfigPerson.java:38) ~[test-classes/:na]
	at org.springframework.data.aerospike.repository.TestConfigPerson$$EnhancerBySpringCGLIB$$3f27a8da.CGLIB$aerospikeTemplate$0(<generated>) ~[spring-core-4.1.7.RELEASE.jar:na]
	at org.springframework.data.aerospike.repository.TestConfigPerson$$EnhancerBySpringCGLIB$$3f27a8da$$FastClassBySpringCGLIB$$38965c5e.invoke(<generated>) ~[spring-core-4.1.7.RELEASE.jar:na]
	at org.springframework.cglib.proxy.MethodProxy.invokeSuper(MethodProxy.java:228) ~[spring-core-4.1.7.RELEASE.jar:4.1.7.RELEASE]
	at org.springframework.context.annotation.ConfigurationClassEnhancer$BeanMethodInterceptor.intercept(ConfigurationClassEnhancer.java:309) ~[spring-context-4.1.7.RELEASE.jar:4.1.7.RELEASE]
	at org.springframework.data.aerospike.repository.TestConfigPerson$$EnhancerBySpringCGLIB$$3f27a8da.aerospikeTemplate(<generated>) ~[spring-core-4.1.7.RELEASE.jar:na]
	at sun.reflect.GeneratedMethodAccessor45.invoke(Unknown Source) ~[na:na]
	at sun.reflect.DelegatingMethodAccessorImpl.invoke(DelegatingMethodAccessorImpl.java:43) ~[na:1.8.0_91]
	at java.lang.reflect.Method.invoke(Method.java:498) ~[na:1.8.0_91]
	at org.springframework.beans.factory.support.SimpleInstantiationStrategy.instantiate(SimpleInstantiationStrategy.java:162) ~[spring-beans-4.1.7.RELEASE.jar:4.1.7.RELEASE]
	... 44 common frames omitted
Caused by: org.springframework.beans.BeanInstantiationException: Failed to instantiate [com.aerospike.client.AerospikeClient]: Factory method 'aerospikeClient' threw exception; nested exception is com.aerospike.client.AerospikeException$Connection: Error Code 11: Failed to connect to host(s): 
52.41.32.83:3000 Error Code 11: java.net.SocketTimeoutException: connect timed out

	at org.springframework.beans.factory.support.SimpleInstantiationStrategy.instantiate(SimpleInstantiationStrategy.java:189) ~[spring-beans-4.1.7.RELEASE.jar:4.1.7.RELEASE]
	at org.springframework.beans.factory.support.ConstructorResolver.instantiateUsingFactoryMethod(ConstructorResolver.java:588) ~[spring-beans-4.1.7.RELEASE.jar:4.1.7.RELEASE]
	... 64 common frames omitted
Caused by: com.aerospike.client.AerospikeException$Connection: Error Code 11: Failed to connect to host(s): 
52.41.32.83:3000 Error Code 11: java.net.SocketTimeoutException: connect timed out

	at com.aerospike.client.cluster.Cluster.seedNodes(Cluster.java:386) ~[aerospike-client-3.2.3.jar:na]
	at com.aerospike.client.cluster.Cluster.tend(Cluster.java:273) ~[aerospike-client-3.2.3.jar:na]
	at com.aerospike.client.cluster.Cluster.waitTillStabilized(Cluster.java:238) ~[aerospike-client-3.2.3.jar:na]
	at com.aerospike.client.cluster.Cluster.initTendThread(Cluster.java:148) ~[aerospike-client-3.2.3.jar:na]
	at com.aerospike.client.AerospikeClient.<init>(AerospikeClient.java:209) ~[aerospike-client-3.2.3.jar:na]
	at com.aerospike.client.AerospikeClient.<init>(AerospikeClient.java:173) ~[aerospike-client-3.2.3.jar:na]
	at org.springframework.data.aerospike.repository.TestConfigPerson.aerospikeClient(TestConfigPerson.java:32) ~[test-classes/:na]
	at org.springframework.data.aerospike.repository.TestConfigPerson$$EnhancerBySpringCGLIB$$3f27a8da.CGLIB$aerospikeClient$1(<generated>) ~[spring-core-4.1.7.RELEASE.jar:na]
	at org.springframework.data.aerospike.repository.TestConfigPerson$$EnhancerBySpringCGLIB$$3f27a8da$$FastClassBySpringCGLIB$$38965c5e.invoke(<generated>) ~[spring-core-4.1.7.RELEASE.jar:na]
	at org.springframework.cglib.proxy.MethodProxy.invokeSuper(MethodProxy.java:228) ~[spring-core-4.1.7.RELEASE.jar:4.1.7.RELEASE]
	at org.springframework.context.annotation.ConfigurationClassEnhancer$BeanMethodInterceptor.intercept(ConfigurationClassEnhancer.java:309) ~[spring-context-4.1.7.RELEASE.jar:4.1.7.RELEASE]
	at org.springframework.data.aerospike.repository.TestConfigPerson$$EnhancerBySpringCGLIB$$3f27a8da.aerospikeClient(<generated>) ~[spring-core-4.1.7.RELEASE.jar:na]
	at sun.reflect.GeneratedMethodAccessor46.invoke(Unknown Source) ~[na:na]
	at sun.reflect.DelegatingMethodAccessorImpl.invoke(DelegatingMethodAccessorImpl.java:43) ~[na:1.8.0_91]
	at java.lang.reflect.Method.invoke(Method.java:498) ~[na:1.8.0_91]
	at org.springframework.beans.factory.support.SimpleInstantiationStrategy.instantiate(SimpleInstantiationStrategy.java:162) ~[spring-beans-4.1.7.RELEASE.jar:4.1.7.RELEASE]
	... 65 common frames omitted
16:38:03.797 [main] DEBUG o.s.b.f.s.DefaultListableBeanFactory - Destroying singletons in org.springframework.beans.factory.support.DefaultListableBeanFactory@2bfaba70: defining beans [org.springframework.context.annotation.internalConfigurationAnnotationProcessor,org.springframework.context.annotation.internalAutowiredAnnotationProcessor,org.springframework.context.annotation.internalRequiredAnnotationProcessor,org.springframework.context.annotation.internalCommonAnnotationProcessor,testConfigPerson,org.springframework.context.annotation.ConfigurationClassPostProcessor.importAwareProcessor,org.springframework.context.annotation.ConfigurationClassPostProcessor.enhancedConfigurationProcessor,aerospikeTemplate,aerospikeClient,org.springframework.data.aerospike.repository.config.AerospikeRepositoriesRegistrar$AerospikeRepositoryConfigurationExtension#0,org.springframework.data.repository.core.support.RepositoryInterfaceAwareBeanPostProcessor,keyValueMappingContext,contactRepository,personRepository]; root of factory hierarchy
16:38:03.798 [main] ERROR o.s.test.context.TestContextManager - Caught exception while allowing TestExecutionListener [org.springframework.test.context.support.DependencyInjectionTestExecutionListener@334ebcaa] to prepare test instance [org.springframework.data.aerospike.repository.PersonRepositoryIntegrationTests@36b9cb99]
java.lang.IllegalStateException: Failed to load ApplicationContext
	at org.springframework.test.context.DefaultCacheAwareContextLoaderDelegate.loadContext(DefaultCacheAwareContextLoaderDelegate.java:94) ~[spring-test-4.1.7.RELEASE.jar:4.1.7.RELEASE]
	at org.springframework.test.context.DefaultTestContext.getApplicationContext(DefaultTestContext.java:72) ~[spring-test-4.1.7.RELEASE.jar:4.1.7.RELEASE]
	at org.springframework.test.context.support.DependencyInjectionTestExecutionListener.injectDependencies(DependencyInjectionTestExecutionListener.java:117) ~[spring-test-4.1.7.RELEASE.jar:4.1.7.RELEASE]
	at org.springframework.test.context.support.DependencyInjectionTestExecutionListener.prepareTestInstance(DependencyInjectionTestExecutionListener.java:83) ~[spring-test-4.1.7.RELEASE.jar:4.1.7.RELEASE]
	at org.springframework.test.context.TestContextManager.prepareTestInstance(TestContextManager.java:212) ~[spring-test-4.1.7.RELEASE.jar:4.1.7.RELEASE]
	at org.springframework.test.context.junit4.SpringJUnit4ClassRunner.createTest(SpringJUnit4ClassRunner.java:200) [spring-test-4.1.7.RELEASE.jar:4.1.7.RELEASE]
	at org.springframework.test.context.junit4.SpringJUnit4ClassRunner$1.runReflectiveCall(SpringJUnit4ClassRunner.java:259) [spring-test-4.1.7.RELEASE.jar:4.1.7.RELEASE]
	at org.junit.internal.runners.model.ReflectiveCallable.run(ReflectiveCallable.java:12) [junit-4.12.jar:4.12]
	at org.springframework.test.context.junit4.SpringJUnit4ClassRunner.methodBlock(SpringJUnit4ClassRunner.java:261) [spring-test-4.1.7.RELEASE.jar:4.1.7.RELEASE]
	at org.springframework.test.context.junit4.SpringJUnit4ClassRunner.runChild(SpringJUnit4ClassRunner.java:219) [spring-test-4.1.7.RELEASE.jar:4.1.7.RELEASE]
	at org.springframework.test.context.junit4.SpringJUnit4ClassRunner.runChild(SpringJUnit4ClassRunner.java:83) [spring-test-4.1.7.RELEASE.jar:4.1.7.RELEASE]
	at org.junit.runners.ParentRunner$3.run(ParentRunner.java:290) [junit-4.12.jar:4.12]
	at org.junit.runners.ParentRunner$1.schedule(ParentRunner.java:71) [junit-4.12.jar:4.12]
	at org.junit.runners.ParentRunner.runChildren(ParentRunner.java:288) [junit-4.12.jar:4.12]
	at org.junit.runners.ParentRunner.access$000(ParentRunner.java:58) [junit-4.12.jar:4.12]
	at org.junit.runners.ParentRunner$2.evaluate(ParentRunner.java:268) [junit-4.12.jar:4.12]
	at org.springframework.test.context.junit4.statements.RunBeforeTestClassCallbacks.evaluate(RunBeforeTestClassCallbacks.java:61) [spring-test-4.1.7.RELEASE.jar:4.1.7.RELEASE]
	at org.springframework.test.context.junit4.statements.RunAfterTestClassCallbacks.evaluate(RunAfterTestClassCallbacks.java:68) [spring-test-4.1.7.RELEASE.jar:4.1.7.RELEASE]
	at org.junit.runners.ParentRunner.run(ParentRunner.java:363) [junit-4.12.jar:4.12]
	at org.springframework.test.context.junit4.SpringJUnit4ClassRunner.run(SpringJUnit4ClassRunner.java:163) [spring-test-4.1.7.RELEASE.jar:4.1.7.RELEASE]
	at org.apache.maven.surefire.junit4.JUnit4Provider.execute(JUnit4Provider.java:283) [surefire-junit4-2.18.1.jar:2.18.1]
	at org.apache.maven.surefire.junit4.JUnit4Provider.executeWithRerun(JUnit4Provider.java:173) [surefire-junit4-2.18.1.jar:2.18.1]
	at org.apache.maven.surefire.junit4.JUnit4Provider.executeTestSet(JUnit4Provider.java:153) [surefire-junit4-2.18.1.jar:2.18.1]
	at org.apache.maven.surefire.junit4.JUnit4Provider.invoke(JUnit4Provider.java:128) [surefire-junit4-2.18.1.jar:2.18.1]
	at org.apache.maven.surefire.booter.ForkedBooter.invokeProviderInSameClassLoader(ForkedBooter.java:203) [surefire-booter-2.18.1.jar:2.18.1]
	at org.apache.maven.surefire.booter.ForkedBooter.runSuitesInProcess(ForkedBooter.java:155) [surefire-booter-2.18.1.jar:2.18.1]
	at org.apache.maven.surefire.booter.ForkedBooter.main(ForkedBooter.java:103) [surefire-booter-2.18.1.jar:2.18.1]
Caused by: org.springframework.beans.factory.BeanCreationException: Error creating bean with name 'aerospikeTemplate' defined in org.springframework.data.aerospike.repository.TestConfigPerson: Bean instantiation via factory method failed; nested exception is org.springframework.beans.BeanInstantiationException: Failed to instantiate [org.springframework.data.aerospike.core.AerospikeTemplate]: Factory method 'aerospikeTemplate' threw exception; nested exception is org.springframework.beans.factory.BeanCreationException: Error creating bean with name 'aerospikeClient' defined in org.springframework.data.aerospike.repository.TestConfigPerson: Bean instantiation via factory method failed; nested exception is org.springframework.beans.BeanInstantiationException: Failed to instantiate [com.aerospike.client.AerospikeClient]: Factory method 'aerospikeClient' threw exception; nested exception is com.aerospike.client.AerospikeException$Connection: Error Code 11: Failed to connect to host(s): 
52.41.32.83:3000 Error Code 11: java.net.SocketTimeoutException: connect timed out

	at org.springframework.beans.factory.support.ConstructorResolver.instantiateUsingFactoryMethod(ConstructorResolver.java:599) ~[spring-beans-4.1.7.RELEASE.jar:4.1.7.RELEASE]
	at org.springframework.beans.factory.support.AbstractAutowireCapableBeanFactory.instantiateUsingFactoryMethod(AbstractAutowireCapableBeanFactory.java:1119) ~[spring-beans-4.1.7.RELEASE.jar:4.1.7.RELEASE]
	at org.springframework.beans.factory.support.AbstractAutowireCapableBeanFactory.createBeanInstance(AbstractAutowireCapableBeanFactory.java:1014) ~[spring-beans-4.1.7.RELEASE.jar:4.1.7.RELEASE]
	at org.springframework.beans.factory.support.AbstractAutowireCapableBeanFactory.doCreateBean(AbstractAutowireCapableBeanFactory.java:504) ~[spring-beans-4.1.7.RELEASE.jar:4.1.7.RELEASE]
	at org.springframework.beans.factory.support.AbstractAutowireCapableBeanFactory.createBean(AbstractAutowireCapableBeanFactory.java:476) ~[spring-beans-4.1.7.RELEASE.jar:4.1.7.RELEASE]
	at org.springframework.beans.factory.support.AbstractBeanFactory$1.getObject(AbstractBeanFactory.java:303) ~[spring-beans-4.1.7.RELEASE.jar:4.1.7.RELEASE]
	at org.springframework.beans.factory.support.DefaultSingletonBeanRegistry.getSingleton(DefaultSingletonBeanRegistry.java:230) ~[spring-beans-4.1.7.RELEASE.jar:4.1.7.RELEASE]
	at org.springframework.beans.factory.support.AbstractBeanFactory.doGetBean(AbstractBeanFactory.java:299) ~[spring-beans-4.1.7.RELEASE.jar:4.1.7.RELEASE]
	at org.springframework.beans.factory.support.AbstractBeanFactory.getBean(AbstractBeanFactory.java:194) ~[spring-beans-4.1.7.RELEASE.jar:4.1.7.RELEASE]
	at org.springframework.beans.factory.support.DefaultListableBeanFactory.preInstantiateSingletons(DefaultListableBeanFactory.java:755) ~[spring-beans-4.1.7.RELEASE.jar:4.1.7.RELEASE]
	at org.springframework.context.support.AbstractApplicationContext.finishBeanFactoryInitialization(AbstractApplicationContext.java:757) ~[spring-context-4.1.7.RELEASE.jar:4.1.7.RELEASE]
	at org.springframework.context.support.AbstractApplicationContext.refresh(AbstractApplicationContext.java:480) ~[spring-context-4.1.7.RELEASE.jar:4.1.7.RELEASE]
	at org.springframework.test.context.support.AbstractGenericContextLoader.loadContext(AbstractGenericContextLoader.java:125) ~[spring-test-4.1.7.RELEASE.jar:4.1.7.RELEASE]
	at org.springframework.test.context.support.AbstractGenericContextLoader.loadContext(AbstractGenericContextLoader.java:60) ~[spring-test-4.1.7.RELEASE.jar:4.1.7.RELEASE]
	at org.springframework.test.context.support.AbstractDelegatingSmartContextLoader.delegateLoading(AbstractDelegatingSmartContextLoader.java:109) ~[spring-test-4.1.7.RELEASE.jar:4.1.7.RELEASE]
	at org.springframework.test.context.support.AbstractDelegatingSmartContextLoader.loadContext(AbstractDelegatingSmartContextLoader.java:261) ~[spring-test-4.1.7.RELEASE.jar:4.1.7.RELEASE]
	at org.springframework.test.context.DefaultCacheAwareContextLoaderDelegate.loadContextInternal(DefaultCacheAwareContextLoaderDelegate.java:68) ~[spring-test-4.1.7.RELEASE.jar:4.1.7.RELEASE]
	at org.springframework.test.context.DefaultCacheAwareContextLoaderDelegate.loadContext(DefaultCacheAwareContextLoaderDelegate.java:86) ~[spring-test-4.1.7.RELEASE.jar:4.1.7.RELEASE]
	... 26 common frames omitted
Caused by: org.springframework.beans.BeanInstantiationException: Failed to instantiate [org.springframework.data.aerospike.core.AerospikeTemplate]: Factory method 'aerospikeTemplate' threw exception; nested exception is org.springframework.beans.factory.BeanCreationException: Error creating bean with name 'aerospikeClient' defined in org.springframework.data.aerospike.repository.TestConfigPerson: Bean instantiation via factory method failed; nested exception is org.springframework.beans.BeanInstantiationException: Failed to instantiate [com.aerospike.client.AerospikeClient]: Factory method 'aerospikeClient' threw exception; nested exception is com.aerospike.client.AerospikeException$Connection: Error Code 11: Failed to connect to host(s): 
52.41.32.83:3000 Error Code 11: java.net.SocketTimeoutException: connect timed out

	at org.springframework.beans.factory.support.SimpleInstantiationStrategy.instantiate(SimpleInstantiationStrategy.java:189) ~[spring-beans-4.1.7.RELEASE.jar:4.1.7.RELEASE]
	at org.springframework.beans.factory.support.ConstructorResolver.instantiateUsingFactoryMethod(ConstructorResolver.java:588) ~[spring-beans-4.1.7.RELEASE.jar:4.1.7.RELEASE]
	... 43 common frames omitted
Caused by: org.springframework.beans.factory.BeanCreationException: Error creating bean with name 'aerospikeClient' defined in org.springframework.data.aerospike.repository.TestConfigPerson: Bean instantiation via factory method failed; nested exception is org.springframework.beans.BeanInstantiationException: Failed to instantiate [com.aerospike.client.AerospikeClient]: Factory method 'aerospikeClient' threw exception; nested exception is com.aerospike.client.AerospikeException$Connection: Error Code 11: Failed to connect to host(s): 
52.41.32.83:3000 Error Code 11: java.net.SocketTimeoutException: connect timed out

	at org.springframework.beans.factory.support.ConstructorResolver.instantiateUsingFactoryMethod(ConstructorResolver.java:599) ~[spring-beans-4.1.7.RELEASE.jar:4.1.7.RELEASE]
	at org.springframework.beans.factory.support.AbstractAutowireCapableBeanFactory.instantiateUsingFactoryMethod(AbstractAutowireCapableBeanFactory.java:1119) ~[spring-beans-4.1.7.RELEASE.jar:4.1.7.RELEASE]
	at org.springframework.beans.factory.support.AbstractAutowireCapableBeanFactory.createBeanInstance(AbstractAutowireCapableBeanFactory.java:1014) ~[spring-beans-4.1.7.RELEASE.jar:4.1.7.RELEASE]
	at org.springframework.beans.factory.support.AbstractAutowireCapableBeanFactory.doCreateBean(AbstractAutowireCapableBeanFactory.java:504) ~[spring-beans-4.1.7.RELEASE.jar:4.1.7.RELEASE]
	at org.springframework.beans.factory.support.AbstractAutowireCapableBeanFactory.createBean(AbstractAutowireCapableBeanFactory.java:476) ~[spring-beans-4.1.7.RELEASE.jar:4.1.7.RELEASE]
	at org.springframework.beans.factory.support.AbstractBeanFactory$1.getObject(AbstractBeanFactory.java:303) ~[spring-beans-4.1.7.RELEASE.jar:4.1.7.RELEASE]
	at org.springframework.beans.factory.support.DefaultSingletonBeanRegistry.getSingleton(DefaultSingletonBeanRegistry.java:230) ~[spring-beans-4.1.7.RELEASE.jar:4.1.7.RELEASE]
	at org.springframework.beans.factory.support.AbstractBeanFactory.doGetBean(AbstractBeanFactory.java:299) ~[spring-beans-4.1.7.RELEASE.jar:4.1.7.RELEASE]
	at org.springframework.beans.factory.support.AbstractBeanFactory.getBean(AbstractBeanFactory.java:194) ~[spring-beans-4.1.7.RELEASE.jar:4.1.7.RELEASE]
	at org.springframework.context.annotation.ConfigurationClassEnhancer$BeanMethodInterceptor.intercept(ConfigurationClassEnhancer.java:322) ~[spring-context-4.1.7.RELEASE.jar:4.1.7.RELEASE]
	at org.springframework.data.aerospike.repository.TestConfigPerson$$EnhancerBySpringCGLIB$$3f27a8da.aerospikeClient(<generated>) ~[spring-core-4.1.7.RELEASE.jar:na]
	at org.springframework.data.aerospike.repository.TestConfigPerson.aerospikeTemplate(TestConfigPerson.java:38) ~[test-classes/:na]
	at org.springframework.data.aerospike.repository.TestConfigPerson$$EnhancerBySpringCGLIB$$3f27a8da.CGLIB$aerospikeTemplate$0(<generated>) ~[spring-core-4.1.7.RELEASE.jar:na]
	at org.springframework.data.aerospike.repository.TestConfigPerson$$EnhancerBySpringCGLIB$$3f27a8da$$FastClassBySpringCGLIB$$38965c5e.invoke(<generated>) ~[spring-core-4.1.7.RELEASE.jar:na]
	at org.springframework.cglib.proxy.MethodProxy.invokeSuper(MethodProxy.java:228) ~[spring-core-4.1.7.RELEASE.jar:4.1.7.RELEASE]
	at org.springframework.context.annotation.ConfigurationClassEnhancer$BeanMethodInterceptor.intercept(ConfigurationClassEnhancer.java:309) ~[spring-context-4.1.7.RELEASE.jar:4.1.7.RELEASE]
	at org.springframework.data.aerospike.repository.TestConfigPerson$$EnhancerBySpringCGLIB$$3f27a8da.aerospikeTemplate(<generated>) ~[spring-core-4.1.7.RELEASE.jar:na]
	at sun.reflect.GeneratedMethodAccessor45.invoke(Unknown Source) ~[na:na]
	at sun.reflect.DelegatingMethodAccessorImpl.invoke(DelegatingMethodAccessorImpl.java:43) ~[na:1.8.0_91]
	at java.lang.reflect.Method.invoke(Method.java:498) ~[na:1.8.0_91]
	at org.springframework.beans.factory.support.SimpleInstantiationStrategy.instantiate(SimpleInstantiationStrategy.java:162) ~[spring-beans-4.1.7.RELEASE.jar:4.1.7.RELEASE]
	... 44 common frames omitted
Caused by: org.springframework.beans.BeanInstantiationException: Failed to instantiate [com.aerospike.client.AerospikeClient]: Factory method 'aerospikeClient' threw exception; nested exception is com.aerospike.client.AerospikeException$Connection: Error Code 11: Failed to connect to host(s): 
52.41.32.83:3000 Error Code 11: java.net.SocketTimeoutException: connect timed out

	at org.springframework.beans.factory.support.SimpleInstantiationStrategy.instantiate(SimpleInstantiationStrategy.java:189) ~[spring-beans-4.1.7.RELEASE.jar:4.1.7.RELEASE]
	at org.springframework.beans.factory.support.ConstructorResolver.instantiateUsingFactoryMethod(ConstructorResolver.java:588) ~[spring-beans-4.1.7.RELEASE.jar:4.1.7.RELEASE]
	... 64 common frames omitted
Caused by: com.aerospike.client.AerospikeException$Connection: Error Code 11: Failed to connect to host(s): 
52.41.32.83:3000 Error Code 11: java.net.SocketTimeoutException: connect timed out

	at com.aerospike.client.cluster.Cluster.seedNodes(Cluster.java:386) ~[aerospike-client-3.2.3.jar:na]
	at com.aerospike.client.cluster.Cluster.tend(Cluster.java:273) ~[aerospike-client-3.2.3.jar:na]
	at com.aerospike.client.cluster.Cluster.waitTillStabilized(Cluster.java:238) ~[aerospike-client-3.2.3.jar:na]
	at com.aerospike.client.cluster.Cluster.initTendThread(Cluster.java:148) ~[aerospike-client-3.2.3.jar:na]
	at com.aerospike.client.AerospikeClient.<init>(AerospikeClient.java:209) ~[aerospike-client-3.2.3.jar:na]
	at com.aerospike.client.AerospikeClient.<init>(AerospikeClient.java:173) ~[aerospike-client-3.2.3.jar:na]
	at org.springframework.data.aerospike.repository.TestConfigPerson.aerospikeClient(TestConfigPerson.java:32) ~[test-classes/:na]
	at org.springframework.data.aerospike.repository.TestConfigPerson$$EnhancerBySpringCGLIB$$3f27a8da.CGLIB$aerospikeClient$1(<generated>) ~[spring-core-4.1.7.RELEASE.jar:na]
	at org.springframework.data.aerospike.repository.TestConfigPerson$$EnhancerBySpringCGLIB$$3f27a8da$$FastClassBySpringCGLIB$$38965c5e.invoke(<generated>) ~[spring-core-4.1.7.RELEASE.jar:na]
	at org.springframework.cglib.proxy.MethodProxy.invokeSuper(MethodProxy.java:228) ~[spring-core-4.1.7.RELEASE.jar:4.1.7.RELEASE]
	at org.springframework.context.annotation.ConfigurationClassEnhancer$BeanMethodInterceptor.intercept(ConfigurationClassEnhancer.java:309) ~[spring-context-4.1.7.RELEASE.jar:4.1.7.RELEASE]
	at org.springframework.data.aerospike.repository.TestConfigPerson$$EnhancerBySpringCGLIB$$3f27a8da.aerospikeClient(<generated>) ~[spring-core-4.1.7.RELEASE.jar:na]
	at sun.reflect.GeneratedMethodAccessor46.invoke(Unknown Source) ~[na:na]
	at sun.reflect.DelegatingMethodAccessorImpl.invoke(DelegatingMethodAccessorImpl.java:43) ~[na:1.8.0_91]
	at java.lang.reflect.Method.invoke(Method.java:498) ~[na:1.8.0_91]
	at org.springframework.beans.factory.support.SimpleInstantiationStrategy.instantiate(SimpleInstantiationStrategy.java:162) ~[spring-beans-4.1.7.RELEASE.jar:4.1.7.RELEASE]
	... 65 common frames omitted
]]></system-out>
  </testcase>
  <testcase name="deletesPersonByIdCorrectly" classname="org.springframework.data.aerospike.repository.PersonRepositoryIntegrationTests" time="0.001">
    <error message="Failed to load ApplicationContext" type="java.lang.IllegalStateException"><![CDATA[java.lang.IllegalStateException: Failed to load ApplicationContext
	at org.springframework.test.context.DefaultCacheAwareContextLoaderDelegate.loadContext(DefaultCacheAwareContextLoaderDelegate.java:94)
	at org.springframework.test.context.DefaultTestContext.getApplicationContext(DefaultTestContext.java:72)
	at org.springframework.test.context.support.DependencyInjectionTestExecutionListener.injectDependencies(DependencyInjectionTestExecutionListener.java:117)
	at org.springframework.test.context.support.DependencyInjectionTestExecutionListener.prepareTestInstance(DependencyInjectionTestExecutionListener.java:83)
	at org.springframework.test.context.TestContextManager.prepareTestInstance(TestContextManager.java:212)
	at org.springframework.test.context.junit4.SpringJUnit4ClassRunner.createTest(SpringJUnit4ClassRunner.java:200)
	at org.springframework.test.context.junit4.SpringJUnit4ClassRunner$1.runReflectiveCall(SpringJUnit4ClassRunner.java:259)
	at org.junit.internal.runners.model.ReflectiveCallable.run(ReflectiveCallable.java:12)
	at org.springframework.test.context.junit4.SpringJUnit4ClassRunner.methodBlock(SpringJUnit4ClassRunner.java:261)
	at org.springframework.test.context.junit4.SpringJUnit4ClassRunner.runChild(SpringJUnit4ClassRunner.java:219)
	at org.springframework.test.context.junit4.SpringJUnit4ClassRunner.runChild(SpringJUnit4ClassRunner.java:83)
	at org.junit.runners.ParentRunner$3.run(ParentRunner.java:290)
	at org.junit.runners.ParentRunner$1.schedule(ParentRunner.java:71)
	at org.junit.runners.ParentRunner.runChildren(ParentRunner.java:288)
	at org.junit.runners.ParentRunner.access$000(ParentRunner.java:58)
	at org.junit.runners.ParentRunner$2.evaluate(ParentRunner.java:268)
	at org.springframework.test.context.junit4.statements.RunBeforeTestClassCallbacks.evaluate(RunBeforeTestClassCallbacks.java:61)
	at org.springframework.test.context.junit4.statements.RunAfterTestClassCallbacks.evaluate(RunAfterTestClassCallbacks.java:68)
	at org.junit.runners.ParentRunner.run(ParentRunner.java:363)
	at org.springframework.test.context.junit4.SpringJUnit4ClassRunner.run(SpringJUnit4ClassRunner.java:163)
	at org.apache.maven.surefire.junit4.JUnit4Provider.execute(JUnit4Provider.java:283)
	at org.apache.maven.surefire.junit4.JUnit4Provider.executeWithRerun(JUnit4Provider.java:173)
	at org.apache.maven.surefire.junit4.JUnit4Provider.executeTestSet(JUnit4Provider.java:153)
	at org.apache.maven.surefire.junit4.JUnit4Provider.invoke(JUnit4Provider.java:128)
	at org.apache.maven.surefire.booter.ForkedBooter.invokeProviderInSameClassLoader(ForkedBooter.java:203)
	at org.apache.maven.surefire.booter.ForkedBooter.runSuitesInProcess(ForkedBooter.java:155)
	at org.apache.maven.surefire.booter.ForkedBooter.main(ForkedBooter.java:103)
Caused by: org.springframework.beans.factory.BeanCreationException: Error creating bean with name 'aerospikeTemplate' defined in org.springframework.data.aerospike.repository.TestConfigPerson: Bean instantiation via factory method failed; nested exception is org.springframework.beans.BeanInstantiationException: Failed to instantiate [org.springframework.data.aerospike.core.AerospikeTemplate]: Factory method 'aerospikeTemplate' threw exception; nested exception is org.springframework.beans.factory.BeanCreationException: Error creating bean with name 'aerospikeClient' defined in org.springframework.data.aerospike.repository.TestConfigPerson: Bean instantiation via factory method failed; nested exception is org.springframework.beans.BeanInstantiationException: Failed to instantiate [com.aerospike.client.AerospikeClient]: Factory method 'aerospikeClient' threw exception; nested exception is com.aerospike.client.AerospikeException$Connection: Error Code 11: Failed to connect to host(s): 
52.41.32.83:3000 Error Code 11: java.net.SocketTimeoutException: connect timed out

	at org.springframework.beans.factory.support.ConstructorResolver.instantiateUsingFactoryMethod(ConstructorResolver.java:599)
	at org.springframework.beans.factory.support.AbstractAutowireCapableBeanFactory.instantiateUsingFactoryMethod(AbstractAutowireCapableBeanFactory.java:1119)
	at org.springframework.beans.factory.support.AbstractAutowireCapableBeanFactory.createBeanInstance(AbstractAutowireCapableBeanFactory.java:1014)
	at org.springframework.beans.factory.support.AbstractAutowireCapableBeanFactory.doCreateBean(AbstractAutowireCapableBeanFactory.java:504)
	at org.springframework.beans.factory.support.AbstractAutowireCapableBeanFactory.createBean(AbstractAutowireCapableBeanFactory.java:476)
	at org.springframework.beans.factory.support.AbstractBeanFactory$1.getObject(AbstractBeanFactory.java:303)
	at org.springframework.beans.factory.support.DefaultSingletonBeanRegistry.getSingleton(DefaultSingletonBeanRegistry.java:230)
	at org.springframework.beans.factory.support.AbstractBeanFactory.doGetBean(AbstractBeanFactory.java:299)
	at org.springframework.beans.factory.support.AbstractBeanFactory.getBean(AbstractBeanFactory.java:194)
	at org.springframework.beans.factory.support.DefaultListableBeanFactory.preInstantiateSingletons(DefaultListableBeanFactory.java:755)
	at org.springframework.context.support.AbstractApplicationContext.finishBeanFactoryInitialization(AbstractApplicationContext.java:757)
	at org.springframework.context.support.AbstractApplicationContext.refresh(AbstractApplicationContext.java:480)
	at org.springframework.test.context.support.AbstractGenericContextLoader.loadContext(AbstractGenericContextLoader.java:125)
	at org.springframework.test.context.support.AbstractGenericContextLoader.loadContext(AbstractGenericContextLoader.java:60)
	at org.springframework.test.context.support.AbstractDelegatingSmartContextLoader.delegateLoading(AbstractDelegatingSmartContextLoader.java:109)
	at org.springframework.test.context.support.AbstractDelegatingSmartContextLoader.loadContext(AbstractDelegatingSmartContextLoader.java:261)
	at org.springframework.test.context.DefaultCacheAwareContextLoaderDelegate.loadContextInternal(DefaultCacheAwareContextLoaderDelegate.java:68)
	at org.springframework.test.context.DefaultCacheAwareContextLoaderDelegate.loadContext(DefaultCacheAwareContextLoaderDelegate.java:86)
	at org.springframework.test.context.DefaultTestContext.getApplicationContext(DefaultTestContext.java:72)
	at org.springframework.test.context.support.DependencyInjectionTestExecutionListener.injectDependencies(DependencyInjectionTestExecutionListener.java:117)
	at org.springframework.test.context.support.DependencyInjectionTestExecutionListener.prepareTestInstance(DependencyInjectionTestExecutionListener.java:83)
	at org.springframework.test.context.TestContextManager.prepareTestInstance(TestContextManager.java:212)
	at org.springframework.test.context.junit4.SpringJUnit4ClassRunner.createTest(SpringJUnit4ClassRunner.java:200)
	at org.springframework.test.context.junit4.SpringJUnit4ClassRunner$1.runReflectiveCall(SpringJUnit4ClassRunner.java:259)
	at org.junit.internal.runners.model.ReflectiveCallable.run(ReflectiveCallable.java:12)
	at org.springframework.test.context.junit4.SpringJUnit4ClassRunner.methodBlock(SpringJUnit4ClassRunner.java:261)
	at org.springframework.test.context.junit4.SpringJUnit4ClassRunner.runChild(SpringJUnit4ClassRunner.java:219)
	at org.springframework.test.context.junit4.SpringJUnit4ClassRunner.runChild(SpringJUnit4ClassRunner.java:83)
	at org.junit.runners.ParentRunner$3.run(ParentRunner.java:290)
	at org.junit.runners.ParentRunner$1.schedule(ParentRunner.java:71)
	at org.junit.runners.ParentRunner.runChildren(ParentRunner.java:288)
	at org.junit.runners.ParentRunner.access$000(ParentRunner.java:58)
	at org.junit.runners.ParentRunner$2.evaluate(ParentRunner.java:268)
	at org.springframework.test.context.junit4.statements.RunBeforeTestClassCallbacks.evaluate(RunBeforeTestClassCallbacks.java:61)
	at org.springframework.test.context.junit4.statements.RunAfterTestClassCallbacks.evaluate(RunAfterTestClassCallbacks.java:68)
	at org.junit.runners.ParentRunner.run(ParentRunner.java:363)
	at org.springframework.test.context.junit4.SpringJUnit4ClassRunner.run(SpringJUnit4ClassRunner.java:163)
	at org.apache.maven.surefire.junit4.JUnit4Provider.execute(JUnit4Provider.java:283)
	at org.apache.maven.surefire.junit4.JUnit4Provider.executeWithRerun(JUnit4Provider.java:173)
	at org.apache.maven.surefire.junit4.JUnit4Provider.executeTestSet(JUnit4Provider.java:153)
	at org.apache.maven.surefire.junit4.JUnit4Provider.invoke(JUnit4Provider.java:128)
	at org.apache.maven.surefire.booter.ForkedBooter.invokeProviderInSameClassLoader(ForkedBooter.java:203)
	at org.apache.maven.surefire.booter.ForkedBooter.runSuitesInProcess(ForkedBooter.java:155)
	at org.apache.maven.surefire.booter.ForkedBooter.main(ForkedBooter.java:103)
Caused by: org.springframework.beans.BeanInstantiationException: Failed to instantiate [org.springframework.data.aerospike.core.AerospikeTemplate]: Factory method 'aerospikeTemplate' threw exception; nested exception is org.springframework.beans.factory.BeanCreationException: Error creating bean with name 'aerospikeClient' defined in org.springframework.data.aerospike.repository.TestConfigPerson: Bean instantiation via factory method failed; nested exception is org.springframework.beans.BeanInstantiationException: Failed to instantiate [com.aerospike.client.AerospikeClient]: Factory method 'aerospikeClient' threw exception; nested exception is com.aerospike.client.AerospikeException$Connection: Error Code 11: Failed to connect to host(s): 
52.41.32.83:3000 Error Code 11: java.net.SocketTimeoutException: connect timed out

	at org.springframework.beans.factory.support.SimpleInstantiationStrategy.instantiate(SimpleInstantiationStrategy.java:189)
	at org.springframework.beans.factory.support.ConstructorResolver.instantiateUsingFactoryMethod(ConstructorResolver.java:588)
	at org.springframework.beans.factory.support.AbstractAutowireCapableBeanFactory.instantiateUsingFactoryMethod(AbstractAutowireCapableBeanFactory.java:1119)
	at org.springframework.beans.factory.support.AbstractAutowireCapableBeanFactory.createBeanInstance(AbstractAutowireCapableBeanFactory.java:1014)
	at org.springframework.beans.factory.support.AbstractAutowireCapableBeanFactory.doCreateBean(AbstractAutowireCapableBeanFactory.java:504)
	at org.springframework.beans.factory.support.AbstractAutowireCapableBeanFactory.createBean(AbstractAutowireCapableBeanFactory.java:476)
	at org.springframework.beans.factory.support.AbstractBeanFactory$1.getObject(AbstractBeanFactory.java:303)
	at org.springframework.beans.factory.support.DefaultSingletonBeanRegistry.getSingleton(DefaultSingletonBeanRegistry.java:230)
	at org.springframework.beans.factory.support.AbstractBeanFactory.doGetBean(AbstractBeanFactory.java:299)
	at org.springframework.beans.factory.support.AbstractBeanFactory.getBean(AbstractBeanFactory.java:194)
	at org.springframework.beans.factory.support.DefaultListableBeanFactory.preInstantiateSingletons(DefaultListableBeanFactory.java:755)
	at org.springframework.context.support.AbstractApplicationContext.finishBeanFactoryInitialization(AbstractApplicationContext.java:757)
	at org.springframework.context.support.AbstractApplicationContext.refresh(AbstractApplicationContext.java:480)
	at org.springframework.test.context.support.AbstractGenericContextLoader.loadContext(AbstractGenericContextLoader.java:125)
	at org.springframework.test.context.support.AbstractGenericContextLoader.loadContext(AbstractGenericContextLoader.java:60)
	at org.springframework.test.context.support.AbstractDelegatingSmartContextLoader.delegateLoading(AbstractDelegatingSmartContextLoader.java:109)
	at org.springframework.test.context.support.AbstractDelegatingSmartContextLoader.loadContext(AbstractDelegatingSmartContextLoader.java:261)
	at org.springframework.test.context.DefaultCacheAwareContextLoaderDelegate.loadContextInternal(DefaultCacheAwareContextLoaderDelegate.java:68)
	at org.springframework.test.context.DefaultCacheAwareContextLoaderDelegate.loadContext(DefaultCacheAwareContextLoaderDelegate.java:86)
	at org.springframework.test.context.DefaultTestContext.getApplicationContext(DefaultTestContext.java:72)
	at org.springframework.test.context.support.DependencyInjectionTestExecutionListener.injectDependencies(DependencyInjectionTestExecutionListener.java:117)
	at org.springframework.test.context.support.DependencyInjectionTestExecutionListener.prepareTestInstance(DependencyInjectionTestExecutionListener.java:83)
	at org.springframework.test.context.TestContextManager.prepareTestInstance(TestContextManager.java:212)
	at org.springframework.test.context.junit4.SpringJUnit4ClassRunner.createTest(SpringJUnit4ClassRunner.java:200)
	at org.springframework.test.context.junit4.SpringJUnit4ClassRunner$1.runReflectiveCall(SpringJUnit4ClassRunner.java:259)
	at org.junit.internal.runners.model.ReflectiveCallable.run(ReflectiveCallable.java:12)
	at org.springframework.test.context.junit4.SpringJUnit4ClassRunner.methodBlock(SpringJUnit4ClassRunner.java:261)
	at org.springframework.test.context.junit4.SpringJUnit4ClassRunner.runChild(SpringJUnit4ClassRunner.java:219)
	at org.springframework.test.context.junit4.SpringJUnit4ClassRunner.runChild(SpringJUnit4ClassRunner.java:83)
	at org.junit.runners.ParentRunner$3.run(ParentRunner.java:290)
	at org.junit.runners.ParentRunner$1.schedule(ParentRunner.java:71)
	at org.junit.runners.ParentRunner.runChildren(ParentRunner.java:288)
	at org.junit.runners.ParentRunner.access$000(ParentRunner.java:58)
	at org.junit.runners.ParentRunner$2.evaluate(ParentRunner.java:268)
	at org.springframework.test.context.junit4.statements.RunBeforeTestClassCallbacks.evaluate(RunBeforeTestClassCallbacks.java:61)
	at org.springframework.test.context.junit4.statements.RunAfterTestClassCallbacks.evaluate(RunAfterTestClassCallbacks.java:68)
	at org.junit.runners.ParentRunner.run(ParentRunner.java:363)
	at org.springframework.test.context.junit4.SpringJUnit4ClassRunner.run(SpringJUnit4ClassRunner.java:163)
	at org.apache.maven.surefire.junit4.JUnit4Provider.execute(JUnit4Provider.java:283)
	at org.apache.maven.surefire.junit4.JUnit4Provider.executeWithRerun(JUnit4Provider.java:173)
	at org.apache.maven.surefire.junit4.JUnit4Provider.executeTestSet(JUnit4Provider.java:153)
	at org.apache.maven.surefire.junit4.JUnit4Provider.invoke(JUnit4Provider.java:128)
	at org.apache.maven.surefire.booter.ForkedBooter.invokeProviderInSameClassLoader(ForkedBooter.java:203)
	at org.apache.maven.surefire.booter.ForkedBooter.runSuitesInProcess(ForkedBooter.java:155)
	at org.apache.maven.surefire.booter.ForkedBooter.main(ForkedBooter.java:103)
Caused by: org.springframework.beans.factory.BeanCreationException: Error creating bean with name 'aerospikeClient' defined in org.springframework.data.aerospike.repository.TestConfigPerson: Bean instantiation via factory method failed; nested exception is org.springframework.beans.BeanInstantiationException: Failed to instantiate [com.aerospike.client.AerospikeClient]: Factory method 'aerospikeClient' threw exception; nested exception is com.aerospike.client.AerospikeException$Connection: Error Code 11: Failed to connect to host(s): 
52.41.32.83:3000 Error Code 11: java.net.SocketTimeoutException: connect timed out

	at org.springframework.beans.factory.support.ConstructorResolver.instantiateUsingFactoryMethod(ConstructorResolver.java:599)
	at org.springframework.beans.factory.support.AbstractAutowireCapableBeanFactory.instantiateUsingFactoryMethod(AbstractAutowireCapableBeanFactory.java:1119)
	at org.springframework.beans.factory.support.AbstractAutowireCapableBeanFactory.createBeanInstance(AbstractAutowireCapableBeanFactory.java:1014)
	at org.springframework.beans.factory.support.AbstractAutowireCapableBeanFactory.doCreateBean(AbstractAutowireCapableBeanFactory.java:504)
	at org.springframework.beans.factory.support.AbstractAutowireCapableBeanFactory.createBean(AbstractAutowireCapableBeanFactory.java:476)
	at org.springframework.beans.factory.support.AbstractBeanFactory$1.getObject(AbstractBeanFactory.java:303)
	at org.springframework.beans.factory.support.DefaultSingletonBeanRegistry.getSingleton(DefaultSingletonBeanRegistry.java:230)
	at org.springframework.beans.factory.support.AbstractBeanFactory.doGetBean(AbstractBeanFactory.java:299)
	at org.springframework.beans.factory.support.AbstractBeanFactory.getBean(AbstractBeanFactory.java:194)
	at org.springframework.context.annotation.ConfigurationClassEnhancer$BeanMethodInterceptor.intercept(ConfigurationClassEnhancer.java:322)
	at org.springframework.data.aerospike.repository.TestConfigPerson$$EnhancerBySpringCGLIB$$3f27a8da.aerospikeClient(<generated>)
	at org.springframework.data.aerospike.repository.TestConfigPerson.aerospikeTemplate(TestConfigPerson.java:38)
	at org.springframework.data.aerospike.repository.TestConfigPerson$$EnhancerBySpringCGLIB$$3f27a8da.CGLIB$aerospikeTemplate$0(<generated>)
	at org.springframework.data.aerospike.repository.TestConfigPerson$$EnhancerBySpringCGLIB$$3f27a8da$$FastClassBySpringCGLIB$$38965c5e.invoke(<generated>)
	at org.springframework.cglib.proxy.MethodProxy.invokeSuper(MethodProxy.java:228)
	at org.springframework.context.annotation.ConfigurationClassEnhancer$BeanMethodInterceptor.intercept(ConfigurationClassEnhancer.java:309)
	at org.springframework.data.aerospike.repository.TestConfigPerson$$EnhancerBySpringCGLIB$$3f27a8da.aerospikeTemplate(<generated>)
	at sun.reflect.GeneratedMethodAccessor45.invoke(Unknown Source)
	at sun.reflect.DelegatingMethodAccessorImpl.invoke(DelegatingMethodAccessorImpl.java:43)
	at java.lang.reflect.Method.invoke(Method.java:498)
	at org.springframework.beans.factory.support.SimpleInstantiationStrategy.instantiate(SimpleInstantiationStrategy.java:162)
	at org.springframework.beans.factory.support.ConstructorResolver.instantiateUsingFactoryMethod(ConstructorResolver.java:588)
	at org.springframework.beans.factory.support.AbstractAutowireCapableBeanFactory.instantiateUsingFactoryMethod(AbstractAutowireCapableBeanFactory.java:1119)
	at org.springframework.beans.factory.support.AbstractAutowireCapableBeanFactory.createBeanInstance(AbstractAutowireCapableBeanFactory.java:1014)
	at org.springframework.beans.factory.support.AbstractAutowireCapableBeanFactory.doCreateBean(AbstractAutowireCapableBeanFactory.java:504)
	at org.springframework.beans.factory.support.AbstractAutowireCapableBeanFactory.createBean(AbstractAutowireCapableBeanFactory.java:476)
	at org.springframework.beans.factory.support.AbstractBeanFactory$1.getObject(AbstractBeanFactory.java:303)
	at org.springframework.beans.factory.support.DefaultSingletonBeanRegistry.getSingleton(DefaultSingletonBeanRegistry.java:230)
	at org.springframework.beans.factory.support.AbstractBeanFactory.doGetBean(AbstractBeanFactory.java:299)
	at org.springframework.beans.factory.support.AbstractBeanFactory.getBean(AbstractBeanFactory.java:194)
	at org.springframework.beans.factory.support.DefaultListableBeanFactory.preInstantiateSingletons(DefaultListableBeanFactory.java:755)
	at org.springframework.context.support.AbstractApplicationContext.finishBeanFactoryInitialization(AbstractApplicationContext.java:757)
	at org.springframework.context.support.AbstractApplicationContext.refresh(AbstractApplicationContext.java:480)
	at org.springframework.test.context.support.AbstractGenericContextLoader.loadContext(AbstractGenericContextLoader.java:125)
	at org.springframework.test.context.support.AbstractGenericContextLoader.loadContext(AbstractGenericContextLoader.java:60)
	at org.springframework.test.context.support.AbstractDelegatingSmartContextLoader.delegateLoading(AbstractDelegatingSmartContextLoader.java:109)
	at org.springframework.test.context.support.AbstractDelegatingSmartContextLoader.loadContext(AbstractDelegatingSmartContextLoader.java:261)
	at org.springframework.test.context.DefaultCacheAwareContextLoaderDelegate.loadContextInternal(DefaultCacheAwareContextLoaderDelegate.java:68)
	at org.springframework.test.context.DefaultCacheAwareContextLoaderDelegate.loadContext(DefaultCacheAwareContextLoaderDelegate.java:86)
	at org.springframework.test.context.DefaultTestContext.getApplicationContext(DefaultTestContext.java:72)
	at org.springframework.test.context.support.DependencyInjectionTestExecutionListener.injectDependencies(DependencyInjectionTestExecutionListener.java:117)
	at org.springframework.test.context.support.DependencyInjectionTestExecutionListener.prepareTestInstance(DependencyInjectionTestExecutionListener.java:83)
	at org.springframework.test.context.TestContextManager.prepareTestInstance(TestContextManager.java:212)
	at org.springframework.test.context.junit4.SpringJUnit4ClassRunner.createTest(SpringJUnit4ClassRunner.java:200)
	at org.springframework.test.context.junit4.SpringJUnit4ClassRunner$1.runReflectiveCall(SpringJUnit4ClassRunner.java:259)
	at org.junit.internal.runners.model.ReflectiveCallable.run(ReflectiveCallable.java:12)
	at org.springframework.test.context.junit4.SpringJUnit4ClassRunner.methodBlock(SpringJUnit4ClassRunner.java:261)
	at org.springframework.test.context.junit4.SpringJUnit4ClassRunner.runChild(SpringJUnit4ClassRunner.java:219)
	at org.springframework.test.context.junit4.SpringJUnit4ClassRunner.runChild(SpringJUnit4ClassRunner.java:83)
	at org.junit.runners.ParentRunner$3.run(ParentRunner.java:290)
	at org.junit.runners.ParentRunner$1.schedule(ParentRunner.java:71)
	at org.junit.runners.ParentRunner.runChildren(ParentRunner.java:288)
	at org.junit.runners.ParentRunner.access$000(ParentRunner.java:58)
	at org.junit.runners.ParentRunner$2.evaluate(ParentRunner.java:268)
	at org.springframework.test.context.junit4.statements.RunBeforeTestClassCallbacks.evaluate(RunBeforeTestClassCallbacks.java:61)
	at org.springframework.test.context.junit4.statements.RunAfterTestClassCallbacks.evaluate(RunAfterTestClassCallbacks.java:68)
	at org.junit.runners.ParentRunner.run(ParentRunner.java:363)
	at org.springframework.test.context.junit4.SpringJUnit4ClassRunner.run(SpringJUnit4ClassRunner.java:163)
	at org.apache.maven.surefire.junit4.JUnit4Provider.execute(JUnit4Provider.java:283)
	at org.apache.maven.surefire.junit4.JUnit4Provider.executeWithRerun(JUnit4Provider.java:173)
	at org.apache.maven.surefire.junit4.JUnit4Provider.executeTestSet(JUnit4Provider.java:153)
	at org.apache.maven.surefire.junit4.JUnit4Provider.invoke(JUnit4Provider.java:128)
	at org.apache.maven.surefire.booter.ForkedBooter.invokeProviderInSameClassLoader(ForkedBooter.java:203)
	at org.apache.maven.surefire.booter.ForkedBooter.runSuitesInProcess(ForkedBooter.java:155)
	at org.apache.maven.surefire.booter.ForkedBooter.main(ForkedBooter.java:103)
Caused by: org.springframework.beans.BeanInstantiationException: Failed to instantiate [com.aerospike.client.AerospikeClient]: Factory method 'aerospikeClient' threw exception; nested exception is com.aerospike.client.AerospikeException$Connection: Error Code 11: Failed to connect to host(s): 
52.41.32.83:3000 Error Code 11: java.net.SocketTimeoutException: connect timed out

	at org.springframework.beans.factory.support.SimpleInstantiationStrategy.instantiate(SimpleInstantiationStrategy.java:189)
	at org.springframework.beans.factory.support.ConstructorResolver.instantiateUsingFactoryMethod(ConstructorResolver.java:588)
	at org.springframework.beans.factory.support.AbstractAutowireCapableBeanFactory.instantiateUsingFactoryMethod(AbstractAutowireCapableBeanFactory.java:1119)
	at org.springframework.beans.factory.support.AbstractAutowireCapableBeanFactory.createBeanInstance(AbstractAutowireCapableBeanFactory.java:1014)
	at org.springframework.beans.factory.support.AbstractAutowireCapableBeanFactory.doCreateBean(AbstractAutowireCapableBeanFactory.java:504)
	at org.springframework.beans.factory.support.AbstractAutowireCapableBeanFactory.createBean(AbstractAutowireCapableBeanFactory.java:476)
	at org.springframework.beans.factory.support.AbstractBeanFactory$1.getObject(AbstractBeanFactory.java:303)
	at org.springframework.beans.factory.support.DefaultSingletonBeanRegistry.getSingleton(DefaultSingletonBeanRegistry.java:230)
	at org.springframework.beans.factory.support.AbstractBeanFactory.doGetBean(AbstractBeanFactory.java:299)
	at org.springframework.beans.factory.support.AbstractBeanFactory.getBean(AbstractBeanFactory.java:194)
	at org.springframework.context.annotation.ConfigurationClassEnhancer$BeanMethodInterceptor.intercept(ConfigurationClassEnhancer.java:322)
	at org.springframework.data.aerospike.repository.TestConfigPerson$$EnhancerBySpringCGLIB$$3f27a8da.aerospikeClient(<generated>)
	at org.springframework.data.aerospike.repository.TestConfigPerson.aerospikeTemplate(TestConfigPerson.java:38)
	at org.springframework.data.aerospike.repository.TestConfigPerson$$EnhancerBySpringCGLIB$$3f27a8da.CGLIB$aerospikeTemplate$0(<generated>)
	at org.springframework.data.aerospike.repository.TestConfigPerson$$EnhancerBySpringCGLIB$$3f27a8da$$FastClassBySpringCGLIB$$38965c5e.invoke(<generated>)
	at org.springframework.cglib.proxy.MethodProxy.invokeSuper(MethodProxy.java:228)
	at org.springframework.context.annotation.ConfigurationClassEnhancer$BeanMethodInterceptor.intercept(ConfigurationClassEnhancer.java:309)
	at org.springframework.data.aerospike.repository.TestConfigPerson$$EnhancerBySpringCGLIB$$3f27a8da.aerospikeTemplate(<generated>)
	at sun.reflect.GeneratedMethodAccessor45.invoke(Unknown Source)
	at sun.reflect.DelegatingMethodAccessorImpl.invoke(DelegatingMethodAccessorImpl.java:43)
	at java.lang.reflect.Method.invoke(Method.java:498)
	at org.springframework.beans.factory.support.SimpleInstantiationStrategy.instantiate(SimpleInstantiationStrategy.java:162)
	at org.springframework.beans.factory.support.ConstructorResolver.instantiateUsingFactoryMethod(ConstructorResolver.java:588)
	at org.springframework.beans.factory.support.AbstractAutowireCapableBeanFactory.instantiateUsingFactoryMethod(AbstractAutowireCapableBeanFactory.java:1119)
	at org.springframework.beans.factory.support.AbstractAutowireCapableBeanFactory.createBeanInstance(AbstractAutowireCapableBeanFactory.java:1014)
	at org.springframework.beans.factory.support.AbstractAutowireCapableBeanFactory.doCreateBean(AbstractAutowireCapableBeanFactory.java:504)
	at org.springframework.beans.factory.support.AbstractAutowireCapableBeanFactory.createBean(AbstractAutowireCapableBeanFactory.java:476)
	at org.springframework.beans.factory.support.AbstractBeanFactory$1.getObject(AbstractBeanFactory.java:303)
	at org.springframework.beans.factory.support.DefaultSingletonBeanRegistry.getSingleton(DefaultSingletonBeanRegistry.java:230)
	at org.springframework.beans.factory.support.AbstractBeanFactory.doGetBean(AbstractBeanFactory.java:299)
	at org.springframework.beans.factory.support.AbstractBeanFactory.getBean(AbstractBeanFactory.java:194)
	at org.springframework.beans.factory.support.DefaultListableBeanFactory.preInstantiateSingletons(DefaultListableBeanFactory.java:755)
	at org.springframework.context.support.AbstractApplicationContext.finishBeanFactoryInitialization(AbstractApplicationContext.java:757)
	at org.springframework.context.support.AbstractApplicationContext.refresh(AbstractApplicationContext.java:480)
	at org.springframework.test.context.support.AbstractGenericContextLoader.loadContext(AbstractGenericContextLoader.java:125)
	at org.springframework.test.context.support.AbstractGenericContextLoader.loadContext(AbstractGenericContextLoader.java:60)
	at org.springframework.test.context.support.AbstractDelegatingSmartContextLoader.delegateLoading(AbstractDelegatingSmartContextLoader.java:109)
	at org.springframework.test.context.support.AbstractDelegatingSmartContextLoader.loadContext(AbstractDelegatingSmartContextLoader.java:261)
	at org.springframework.test.context.DefaultCacheAwareContextLoaderDelegate.loadContextInternal(DefaultCacheAwareContextLoaderDelegate.java:68)
	at org.springframework.test.context.DefaultCacheAwareContextLoaderDelegate.loadContext(DefaultCacheAwareContextLoaderDelegate.java:86)
	at org.springframework.test.context.DefaultTestContext.getApplicationContext(DefaultTestContext.java:72)
	at org.springframework.test.context.support.DependencyInjectionTestExecutionListener.injectDependencies(DependencyInjectionTestExecutionListener.java:117)
	at org.springframework.test.context.support.DependencyInjectionTestExecutionListener.prepareTestInstance(DependencyInjectionTestExecutionListener.java:83)
	at org.springframework.test.context.TestContextManager.prepareTestInstance(TestContextManager.java:212)
	at org.springframework.test.context.junit4.SpringJUnit4ClassRunner.createTest(SpringJUnit4ClassRunner.java:200)
	at org.springframework.test.context.junit4.SpringJUnit4ClassRunner$1.runReflectiveCall(SpringJUnit4ClassRunner.java:259)
	at org.junit.internal.runners.model.ReflectiveCallable.run(ReflectiveCallable.java:12)
	at org.springframework.test.context.junit4.SpringJUnit4ClassRunner.methodBlock(SpringJUnit4ClassRunner.java:261)
	at org.springframework.test.context.junit4.SpringJUnit4ClassRunner.runChild(SpringJUnit4ClassRunner.java:219)
	at org.springframework.test.context.junit4.SpringJUnit4ClassRunner.runChild(SpringJUnit4ClassRunner.java:83)
	at org.junit.runners.ParentRunner$3.run(ParentRunner.java:290)
	at org.junit.runners.ParentRunner$1.schedule(ParentRunner.java:71)
	at org.junit.runners.ParentRunner.runChildren(ParentRunner.java:288)
	at org.junit.runners.ParentRunner.access$000(ParentRunner.java:58)
	at org.junit.runners.ParentRunner$2.evaluate(ParentRunner.java:268)
	at org.springframework.test.context.junit4.statements.RunBeforeTestClassCallbacks.evaluate(RunBeforeTestClassCallbacks.java:61)
	at org.springframework.test.context.junit4.statements.RunAfterTestClassCallbacks.evaluate(RunAfterTestClassCallbacks.java:68)
	at org.junit.runners.ParentRunner.run(ParentRunner.java:363)
	at org.springframework.test.context.junit4.SpringJUnit4ClassRunner.run(SpringJUnit4ClassRunner.java:163)
	at org.apache.maven.surefire.junit4.JUnit4Provider.execute(JUnit4Provider.java:283)
	at org.apache.maven.surefire.junit4.JUnit4Provider.executeWithRerun(JUnit4Provider.java:173)
	at org.apache.maven.surefire.junit4.JUnit4Provider.executeTestSet(JUnit4Provider.java:153)
	at org.apache.maven.surefire.junit4.JUnit4Provider.invoke(JUnit4Provider.java:128)
	at org.apache.maven.surefire.booter.ForkedBooter.invokeProviderInSameClassLoader(ForkedBooter.java:203)
	at org.apache.maven.surefire.booter.ForkedBooter.runSuitesInProcess(ForkedBooter.java:155)
	at org.apache.maven.surefire.booter.ForkedBooter.main(ForkedBooter.java:103)
Caused by: com.aerospike.client.AerospikeException$Connection: Error Code 11: Failed to connect to host(s): 
52.41.32.83:3000 Error Code 11: java.net.SocketTimeoutException: connect timed out

	at com.aerospike.client.cluster.Cluster.seedNodes(Cluster.java:386)
	at com.aerospike.client.cluster.Cluster.tend(Cluster.java:273)
	at com.aerospike.client.cluster.Cluster.waitTillStabilized(Cluster.java:238)
	at com.aerospike.client.cluster.Cluster.initTendThread(Cluster.java:148)
	at com.aerospike.client.AerospikeClient.<init>(AerospikeClient.java:209)
	at com.aerospike.client.AerospikeClient.<init>(AerospikeClient.java:173)
	at org.springframework.data.aerospike.repository.TestConfigPerson.aerospikeClient(TestConfigPerson.java:32)
	at org.springframework.data.aerospike.repository.TestConfigPerson$$EnhancerBySpringCGLIB$$3f27a8da.CGLIB$aerospikeClient$1(<generated>)
	at org.springframework.data.aerospike.repository.TestConfigPerson$$EnhancerBySpringCGLIB$$3f27a8da$$FastClassBySpringCGLIB$$38965c5e.invoke(<generated>)
	at org.springframework.cglib.proxy.MethodProxy.invokeSuper(MethodProxy.java:228)
	at org.springframework.context.annotation.ConfigurationClassEnhancer$BeanMethodInterceptor.intercept(ConfigurationClassEnhancer.java:309)
	at org.springframework.data.aerospike.repository.TestConfigPerson$$EnhancerBySpringCGLIB$$3f27a8da.aerospikeClient(<generated>)
	at sun.reflect.GeneratedMethodAccessor46.invoke(Unknown Source)
	at sun.reflect.DelegatingMethodAccessorImpl.invoke(DelegatingMethodAccessorImpl.java:43)
	at java.lang.reflect.Method.invoke(Method.java:498)
	at org.springframework.beans.factory.support.SimpleInstantiationStrategy.instantiate(SimpleInstantiationStrategy.java:162)
	at org.springframework.beans.factory.support.ConstructorResolver.instantiateUsingFactoryMethod(ConstructorResolver.java:588)
	at org.springframework.beans.factory.support.AbstractAutowireCapableBeanFactory.instantiateUsingFactoryMethod(AbstractAutowireCapableBeanFactory.java:1119)
	at org.springframework.beans.factory.support.AbstractAutowireCapableBeanFactory.createBeanInstance(AbstractAutowireCapableBeanFactory.java:1014)
	at org.springframework.beans.factory.support.AbstractAutowireCapableBeanFactory.doCreateBean(AbstractAutowireCapableBeanFactory.java:504)
	at org.springframework.beans.factory.support.AbstractAutowireCapableBeanFactory.createBean(AbstractAutowireCapableBeanFactory.java:476)
	at org.springframework.beans.factory.support.AbstractBeanFactory$1.getObject(AbstractBeanFactory.java:303)
	at org.springframework.beans.factory.support.DefaultSingletonBeanRegistry.getSingleton(DefaultSingletonBeanRegistry.java:230)
	at org.springframework.beans.factory.support.AbstractBeanFactory.doGetBean(AbstractBeanFactory.java:299)
	at org.springframework.beans.factory.support.AbstractBeanFactory.getBean(AbstractBeanFactory.java:194)
	at org.springframework.context.annotation.ConfigurationClassEnhancer$BeanMethodInterceptor.intercept(ConfigurationClassEnhancer.java:322)
	at org.springframework.data.aerospike.repository.TestConfigPerson$$EnhancerBySpringCGLIB$$3f27a8da.aerospikeClient(<generated>)
	at org.springframework.data.aerospike.repository.TestConfigPerson.aerospikeTemplate(TestConfigPerson.java:38)
	at org.springframework.data.aerospike.repository.TestConfigPerson$$EnhancerBySpringCGLIB$$3f27a8da.CGLIB$aerospikeTemplate$0(<generated>)
	at org.springframework.data.aerospike.repository.TestConfigPerson$$EnhancerBySpringCGLIB$$3f27a8da$$FastClassBySpringCGLIB$$38965c5e.invoke(<generated>)
	at org.springframework.cglib.proxy.MethodProxy.invokeSuper(MethodProxy.java:228)
	at org.springframework.context.annotation.ConfigurationClassEnhancer$BeanMethodInterceptor.intercept(ConfigurationClassEnhancer.java:309)
	at org.springframework.data.aerospike.repository.TestConfigPerson$$EnhancerBySpringCGLIB$$3f27a8da.aerospikeTemplate(<generated>)
	at sun.reflect.GeneratedMethodAccessor45.invoke(Unknown Source)
	at sun.reflect.DelegatingMethodAccessorImpl.invoke(DelegatingMethodAccessorImpl.java:43)
	at java.lang.reflect.Method.invoke(Method.java:498)
	at org.springframework.beans.factory.support.SimpleInstantiationStrategy.instantiate(SimpleInstantiationStrategy.java:162)
	at org.springframework.beans.factory.support.ConstructorResolver.instantiateUsingFactoryMethod(ConstructorResolver.java:588)
	at org.springframework.beans.factory.support.AbstractAutowireCapableBeanFactory.instantiateUsingFactoryMethod(AbstractAutowireCapableBeanFactory.java:1119)
	at org.springframework.beans.factory.support.AbstractAutowireCapableBeanFactory.createBeanInstance(AbstractAutowireCapableBeanFactory.java:1014)
	at org.springframework.beans.factory.support.AbstractAutowireCapableBeanFactory.doCreateBean(AbstractAutowireCapableBeanFactory.java:504)
	at org.springframework.beans.factory.support.AbstractAutowireCapableBeanFactory.createBean(AbstractAutowireCapableBeanFactory.java:476)
	at org.springframework.beans.factory.support.AbstractBeanFactory$1.getObject(AbstractBeanFactory.java:303)
	at org.springframework.beans.factory.support.DefaultSingletonBeanRegistry.getSingleton(DefaultSingletonBeanRegistry.java:230)
	at org.springframework.beans.factory.support.AbstractBeanFactory.doGetBean(AbstractBeanFactory.java:299)
	at org.springframework.beans.factory.support.AbstractBeanFactory.getBean(AbstractBeanFactory.java:194)
	at org.springframework.beans.factory.support.DefaultListableBeanFactory.preInstantiateSingletons(DefaultListableBeanFactory.java:755)
	at org.springframework.context.support.AbstractApplicationContext.finishBeanFactoryInitialization(AbstractApplicationContext.java:757)
	at org.springframework.context.support.AbstractApplicationContext.refresh(AbstractApplicationContext.java:480)
	at org.springframework.test.context.support.AbstractGenericContextLoader.loadContext(AbstractGenericContextLoader.java:125)
	at org.springframework.test.context.support.AbstractGenericContextLoader.loadContext(AbstractGenericContextLoader.java:60)
	at org.springframework.test.context.support.AbstractDelegatingSmartContextLoader.delegateLoading(AbstractDelegatingSmartContextLoader.java:109)
	at org.springframework.test.context.support.AbstractDelegatingSmartContextLoader.loadContext(AbstractDelegatingSmartContextLoader.java:261)
	at org.springframework.test.context.DefaultCacheAwareContextLoaderDelegate.loadContextInternal(DefaultCacheAwareContextLoaderDelegate.java:68)
	at org.springframework.test.context.DefaultCacheAwareContextLoaderDelegate.loadContext(DefaultCacheAwareContextLoaderDelegate.java:86)
	at org.springframework.test.context.DefaultTestContext.getApplicationContext(DefaultTestContext.java:72)
	at org.springframework.test.context.support.DependencyInjectionTestExecutionListener.injectDependencies(DependencyInjectionTestExecutionListener.java:117)
	at org.springframework.test.context.support.DependencyInjectionTestExecutionListener.prepareTestInstance(DependencyInjectionTestExecutionListener.java:83)
	at org.springframework.test.context.TestContextManager.prepareTestInstance(TestContextManager.java:212)
	at org.springframework.test.context.junit4.SpringJUnit4ClassRunner.createTest(SpringJUnit4ClassRunner.java:200)
	at org.springframework.test.context.junit4.SpringJUnit4ClassRunner$1.runReflectiveCall(SpringJUnit4ClassRunner.java:259)
	at org.junit.internal.runners.model.ReflectiveCallable.run(ReflectiveCallable.java:12)
	at org.springframework.test.context.junit4.SpringJUnit4ClassRunner.methodBlock(SpringJUnit4ClassRunner.java:261)
	at org.springframework.test.context.junit4.SpringJUnit4ClassRunner.runChild(SpringJUnit4ClassRunner.java:219)
	at org.springframework.test.context.junit4.SpringJUnit4ClassRunner.runChild(SpringJUnit4ClassRunner.java:83)
	at org.junit.runners.ParentRunner$3.run(ParentRunner.java:290)
	at org.junit.runners.ParentRunner$1.schedule(ParentRunner.java:71)
	at org.junit.runners.ParentRunner.runChildren(ParentRunner.java:288)
	at org.junit.runners.ParentRunner.access$000(ParentRunner.java:58)
	at org.junit.runners.ParentRunner$2.evaluate(ParentRunner.java:268)
	at org.springframework.test.context.junit4.statements.RunBeforeTestClassCallbacks.evaluate(RunBeforeTestClassCallbacks.java:61)
	at org.springframework.test.context.junit4.statements.RunAfterTestClassCallbacks.evaluate(RunAfterTestClassCallbacks.java:68)
	at org.junit.runners.ParentRunner.run(ParentRunner.java:363)
	at org.springframework.test.context.junit4.SpringJUnit4ClassRunner.run(SpringJUnit4ClassRunner.java:163)
	at org.apache.maven.surefire.junit4.JUnit4Provider.execute(JUnit4Provider.java:283)
	at org.apache.maven.surefire.junit4.JUnit4Provider.executeWithRerun(JUnit4Provider.java:173)
	at org.apache.maven.surefire.junit4.JUnit4Provider.executeTestSet(JUnit4Provider.java:153)
	at org.apache.maven.surefire.junit4.JUnit4Provider.invoke(JUnit4Provider.java:128)
	at org.apache.maven.surefire.booter.ForkedBooter.invokeProviderInSameClassLoader(ForkedBooter.java:203)
	at org.apache.maven.surefire.booter.ForkedBooter.runSuitesInProcess(ForkedBooter.java:155)
	at org.apache.maven.surefire.booter.ForkedBooter.main(ForkedBooter.java:103)
]]></error>
    <system-out><![CDATA[16:38:03.800 [main] DEBUG o.s.t.annotation.ProfileValueUtils - Retrieved @ProfileValueSourceConfiguration [null] for test class [org.springframework.data.aerospike.repository.PersonRepositoryIntegrationTests]
16:38:03.800 [main] DEBUG o.s.t.annotation.ProfileValueUtils - Retrieved ProfileValueSource type [class org.springframework.test.annotation.SystemProfileValueSource] for class [org.springframework.data.aerospike.repository.PersonRepositoryIntegrationTests]
16:38:03.800 [main] DEBUG o.s.t.c.s.DependencyInjectionTestExecutionListener - Performing dependency injection for test context [[DefaultTestContext@6c1cfa53 testClass = PersonRepositoryIntegrationTests, testInstance = org.springframework.data.aerospike.repository.PersonRepositoryIntegrationTests@682abca7, testMethod = [null], testException = [null], mergedContextConfiguration = [MergedContextConfiguration@52b06bef testClass = PersonRepositoryIntegrationTests, locations = '{}', classes = '{class org.springframework.data.aerospike.repository.TestConfigPerson}', contextInitializerClasses = '[]', activeProfiles = '{}', propertySourceLocations = '{}', propertySourceProperties = '{}', contextLoader = 'org.springframework.test.context.support.DelegatingSmartContextLoader', parent = [null]]]].
16:38:03.800 [main] DEBUG o.s.t.c.s.AbstractDelegatingSmartContextLoader - Delegating to AnnotationConfigContextLoader to load context from [MergedContextConfiguration@52b06bef testClass = PersonRepositoryIntegrationTests, locations = '{}', classes = '{class org.springframework.data.aerospike.repository.TestConfigPerson}', contextInitializerClasses = '[]', activeProfiles = '{}', propertySourceLocations = '{}', propertySourceProperties = '{}', contextLoader = 'org.springframework.test.context.support.DelegatingSmartContextLoader', parent = [null]].
16:38:03.800 [main] DEBUG o.s.t.c.s.AbstractGenericContextLoader - Loading ApplicationContext for merged context configuration [[MergedContextConfiguration@52b06bef testClass = PersonRepositoryIntegrationTests, locations = '{}', classes = '{class org.springframework.data.aerospike.repository.TestConfigPerson}', contextInitializerClasses = '[]', activeProfiles = '{}', propertySourceLocations = '{}', propertySourceProperties = '{}', contextLoader = 'org.springframework.test.context.support.DelegatingSmartContextLoader', parent = [null]]].
16:38:03.800 [main] DEBUG o.s.core.env.StandardEnvironment - Adding [systemProperties] PropertySource with lowest search precedence
16:38:03.800 [main] DEBUG o.s.core.env.StandardEnvironment - Adding [systemEnvironment] PropertySource with lowest search precedence
16:38:03.800 [main] DEBUG o.s.core.env.StandardEnvironment - Initialized StandardEnvironment with PropertySources [systemProperties,systemEnvironment]
16:38:03.801 [main] DEBUG o.s.t.c.s.AnnotationConfigContextLoader - Registering annotated classes: {class org.springframework.data.aerospike.repository.TestConfigPerson}
16:38:03.801 [main] INFO  o.s.c.s.GenericApplicationContext - Refreshing org.springframework.context.support.GenericApplicationContext@1d858300: startup date [Tue Oct 04 16:38:03 BRT 2016]; root of context hierarchy
16:38:03.801 [main] DEBUG o.s.c.s.GenericApplicationContext - Bean factory for org.springframework.context.support.GenericApplicationContext@1d858300: org.springframework.beans.factory.support.DefaultListableBeanFactory@76f881d9: defining beans [org.springframework.context.annotation.internalConfigurationAnnotationProcessor,org.springframework.context.annotation.internalAutowiredAnnotationProcessor,org.springframework.context.annotation.internalRequiredAnnotationProcessor,org.springframework.context.annotation.internalCommonAnnotationProcessor,testConfigPerson]; root of factory hierarchy
16:38:03.801 [main] DEBUG o.s.b.f.s.DefaultListableBeanFactory - Creating shared instance of singleton bean 'org.springframework.context.annotation.internalConfigurationAnnotationProcessor'
16:38:03.801 [main] DEBUG o.s.b.f.s.DefaultListableBeanFactory - Creating instance of bean 'org.springframework.context.annotation.internalConfigurationAnnotationProcessor'
16:38:03.801 [main] DEBUG o.s.b.f.s.DefaultListableBeanFactory - Eagerly caching bean 'org.springframework.context.annotation.internalConfigurationAnnotationProcessor' to allow for resolving potential circular references
16:38:03.802 [main] DEBUG o.s.b.f.s.DefaultListableBeanFactory - Finished creating instance of bean 'org.springframework.context.annotation.internalConfigurationAnnotationProcessor'
16:38:03.802 [main] DEBUG o.s.c.a.ConfigurationClassBeanDefinitionReader - Registering bean definition for @Bean method org.springframework.data.aerospike.repository.TestConfigPerson.aerospikeTemplate()
16:38:03.802 [main] DEBUG o.s.c.a.ConfigurationClassBeanDefinitionReader - Registering bean definition for @Bean method org.springframework.data.aerospike.repository.TestConfigPerson.aerospikeClient()
16:38:03.802 [main] DEBUG o.s.core.env.StandardEnvironment - Adding [systemProperties] PropertySource with lowest search precedence
16:38:03.803 [main] DEBUG o.s.core.env.StandardEnvironment - Adding [systemEnvironment] PropertySource with lowest search precedence
16:38:03.803 [main] DEBUG o.s.core.env.StandardEnvironment - Initialized StandardEnvironment with PropertySources [systemProperties,systemEnvironment]
16:38:03.803 [main] DEBUG o.s.c.i.s.PathMatchingResourcePatternResolver - Looking for matching resources in directory tree [/home/aluno/spring-projects/maven/spring-data-aerospike/target/test-classes/org/springframework/data]
16:38:03.803 [main] DEBUG o.s.c.i.s.PathMatchingResourcePatternResolver - Searching directory [/home/aluno/spring-projects/maven/spring-data-aerospike/target/test-classes/org/springframework/data] for files matching pattern [/home/aluno/spring-projects/maven/spring-data-aerospike/target/test-classes/org/springframework/data/**/repository/support/**/*.class]
16:38:03.803 [main] DEBUG o.s.c.i.s.PathMatchingResourcePatternResolver - Searching directory [/home/aluno/spring-projects/maven/spring-data-aerospike/target/test-classes/org/springframework/data/keyvalue] for files matching pattern [/home/aluno/spring-projects/maven/spring-data-aerospike/target/test-classes/org/springframework/data/**/repository/support/**/*.class]
16:38:03.803 [main] DEBUG o.s.c.i.s.PathMatchingResourcePatternResolver - Searching directory [/home/aluno/spring-projects/maven/spring-data-aerospike/target/test-classes/org/springframework/data/keyvalue/repository] for files matching pattern [/home/aluno/spring-projects/maven/spring-data-aerospike/target/test-classes/org/springframework/data/**/repository/support/**/*.class]
16:38:03.803 [main] DEBUG o.s.c.i.s.PathMatchingResourcePatternResolver - Searching directory [/home/aluno/spring-projects/maven/spring-data-aerospike/target/test-classes/org/springframework/data/keyvalue/repository/query] for files matching pattern [/home/aluno/spring-projects/maven/spring-data-aerospike/target/test-classes/org/springframework/data/**/repository/support/**/*.class]
16:38:03.804 [main] DEBUG o.s.c.i.s.PathMatchingResourcePatternResolver - Searching directory [/home/aluno/spring-projects/maven/spring-data-aerospike/target/test-classes/org/springframework/data/aerospike] for files matching pattern [/home/aluno/spring-projects/maven/spring-data-aerospike/target/test-classes/org/springframework/data/**/repository/support/**/*.class]
16:38:03.804 [main] DEBUG o.s.c.i.s.PathMatchingResourcePatternResolver - Searching directory [/home/aluno/spring-projects/maven/spring-data-aerospike/target/test-classes/org/springframework/data/aerospike/mapping] for files matching pattern [/home/aluno/spring-projects/maven/spring-data-aerospike/target/test-classes/org/springframework/data/**/repository/support/**/*.class]
16:38:03.804 [main] DEBUG o.s.c.i.s.PathMatchingResourcePatternResolver - Searching directory [/home/aluno/spring-projects/maven/spring-data-aerospike/target/test-classes/org/springframework/data/aerospike/core] for files matching pattern [/home/aluno/spring-projects/maven/spring-data-aerospike/target/test-classes/org/springframework/data/**/repository/support/**/*.class]
16:38:03.804 [main] DEBUG o.s.c.i.s.PathMatchingResourcePatternResolver - Searching directory [/home/aluno/spring-projects/maven/spring-data-aerospike/target/test-classes/org/springframework/data/aerospike/convert] for files matching pattern [/home/aluno/spring-projects/maven/spring-data-aerospike/target/test-classes/org/springframework/data/**/repository/support/**/*.class]
16:38:03.805 [main] DEBUG o.s.c.i.s.PathMatchingResourcePatternResolver - Searching directory [/home/aluno/spring-projects/maven/spring-data-aerospike/target/test-classes/org/springframework/data/aerospike/sample] for files matching pattern [/home/aluno/spring-projects/maven/spring-data-aerospike/target/test-classes/org/springframework/data/**/repository/support/**/*.class]
16:38:03.805 [main] DEBUG o.s.c.i.s.PathMatchingResourcePatternResolver - Searching directory [/home/aluno/spring-projects/maven/spring-data-aerospike/target/test-classes/org/springframework/data/aerospike/repository] for files matching pattern [/home/aluno/spring-projects/maven/spring-data-aerospike/target/test-classes/org/springframework/data/**/repository/support/**/*.class]
16:38:03.805 [main] DEBUG o.s.c.i.s.PathMatchingResourcePatternResolver - Searching directory [/home/aluno/spring-projects/maven/spring-data-aerospike/target/test-classes/org/springframework/data/aerospike/repository/support] for files matching pattern [/home/aluno/spring-projects/maven/spring-data-aerospike/target/test-classes/org/springframework/data/**/repository/support/**/*.class]
16:38:03.805 [main] DEBUG o.s.c.i.s.PathMatchingResourcePatternResolver - Searching directory [/home/aluno/spring-projects/maven/spring-data-aerospike/target/test-classes/org/springframework/data/aerospike/repository/query] for files matching pattern [/home/aluno/spring-projects/maven/spring-data-aerospike/target/test-classes/org/springframework/data/**/repository/support/**/*.class]
16:38:03.805 [main] DEBUG o.s.c.i.s.PathMatchingResourcePatternResolver - Searching directory [/home/aluno/spring-projects/maven/spring-data-aerospike/target/test-classes/org/springframework/data/aerospike/config] for files matching pattern [/home/aluno/spring-projects/maven/spring-data-aerospike/target/test-classes/org/springframework/data/**/repository/support/**/*.class]
16:38:03.805 [main] DEBUG o.s.c.i.s.PathMatchingResourcePatternResolver - Searching directory [/home/aluno/spring-projects/maven/spring-data-aerospike/target/test-classes/org/springframework/data/aerospike/cache] for files matching pattern [/home/aluno/spring-projects/maven/spring-data-aerospike/target/test-classes/org/springframework/data/**/repository/support/**/*.class]
16:38:03.805 [main] DEBUG o.s.c.i.s.PathMatchingResourcePatternResolver - Looking for matching resources in directory tree [/home/aluno/spring-projects/maven/spring-data-aerospike/target/classes/org/springframework/data]
16:38:03.805 [main] DEBUG o.s.c.i.s.PathMatchingResourcePatternResolver - Searching directory [/home/aluno/spring-projects/maven/spring-data-aerospike/target/classes/org/springframework/data] for files matching pattern [/home/aluno/spring-projects/maven/spring-data-aerospike/target/classes/org/springframework/data/**/repository/support/**/*.class]
16:38:03.805 [main] DEBUG o.s.c.i.s.PathMatchingResourcePatternResolver - Searching directory [/home/aluno/spring-projects/maven/spring-data-aerospike/target/classes/org/springframework/data/aerospike] for files matching pattern [/home/aluno/spring-projects/maven/spring-data-aerospike/target/classes/org/springframework/data/**/repository/support/**/*.class]
16:38:03.805 [main] DEBUG o.s.c.i.s.PathMatchingResourcePatternResolver - Searching directory [/home/aluno/spring-projects/maven/spring-data-aerospike/target/classes/org/springframework/data/aerospike/mapping] for files matching pattern [/home/aluno/spring-projects/maven/spring-data-aerospike/target/classes/org/springframework/data/**/repository/support/**/*.class]
16:38:03.806 [main] DEBUG o.s.c.i.s.PathMatchingResourcePatternResolver - Searching directory [/home/aluno/spring-projects/maven/spring-data-aerospike/target/classes/org/springframework/data/aerospike/core] for files matching pattern [/home/aluno/spring-projects/maven/spring-data-aerospike/target/classes/org/springframework/data/**/repository/support/**/*.class]
16:38:03.806 [main] DEBUG o.s.c.i.s.PathMatchingResourcePatternResolver - Searching directory [/home/aluno/spring-projects/maven/spring-data-aerospike/target/classes/org/springframework/data/aerospike/convert] for files matching pattern [/home/aluno/spring-projects/maven/spring-data-aerospike/target/classes/org/springframework/data/**/repository/support/**/*.class]
16:38:03.806 [main] DEBUG o.s.c.i.s.PathMatchingResourcePatternResolver - Searching directory [/home/aluno/spring-projects/maven/spring-data-aerospike/target/classes/org/springframework/data/aerospike/example] for files matching pattern [/home/aluno/spring-projects/maven/spring-data-aerospike/target/classes/org/springframework/data/**/repository/support/**/*.class]
16:38:03.806 [main] DEBUG o.s.c.i.s.PathMatchingResourcePatternResolver - Searching directory [/home/aluno/spring-projects/maven/spring-data-aerospike/target/classes/org/springframework/data/aerospike/example/data] for files matching pattern [/home/aluno/spring-projects/maven/spring-data-aerospike/target/classes/org/springframework/data/**/repository/support/**/*.class]
16:38:03.806 [main] DEBUG o.s.c.i.s.PathMatchingResourcePatternResolver - Searching directory [/home/aluno/spring-projects/maven/spring-data-aerospike/target/classes/org/springframework/data/aerospike/example/config] for files matching pattern [/home/aluno/spring-projects/maven/spring-data-aerospike/target/classes/org/springframework/data/**/repository/support/**/*.class]
16:38:03.806 [main] DEBUG o.s.c.i.s.PathMatchingResourcePatternResolver - Searching directory [/home/aluno/spring-projects/maven/spring-data-aerospike/target/classes/org/springframework/data/aerospike/annotation] for files matching pattern [/home/aluno/spring-projects/maven/spring-data-aerospike/target/classes/org/springframework/data/**/repository/support/**/*.class]
16:38:03.806 [main] DEBUG o.s.c.i.s.PathMatchingResourcePatternResolver - Searching directory [/home/aluno/spring-projects/maven/spring-data-aerospike/target/classes/org/springframework/data/aerospike/repository] for files matching pattern [/home/aluno/spring-projects/maven/spring-data-aerospike/target/classes/org/springframework/data/**/repository/support/**/*.class]
16:38:03.806 [main] DEBUG o.s.c.i.s.PathMatchingResourcePatternResolver - Searching directory [/home/aluno/spring-projects/maven/spring-data-aerospike/target/classes/org/springframework/data/aerospike/repository/support] for files matching pattern [/home/aluno/spring-projects/maven/spring-data-aerospike/target/classes/org/springframework/data/**/repository/support/**/*.class]
16:38:03.806 [main] DEBUG o.s.c.i.s.PathMatchingResourcePatternResolver - Searching directory [/home/aluno/spring-projects/maven/spring-data-aerospike/target/classes/org/springframework/data/aerospike/repository/config] for files matching pattern [/home/aluno/spring-projects/maven/spring-data-aerospike/target/classes/org/springframework/data/**/repository/support/**/*.class]
16:38:03.806 [main] DEBUG o.s.c.i.s.PathMatchingResourcePatternResolver - Searching directory [/home/aluno/spring-projects/maven/spring-data-aerospike/target/classes/org/springframework/data/aerospike/repository/query] for files matching pattern [/home/aluno/spring-projects/maven/spring-data-aerospike/target/classes/org/springframework/data/**/repository/support/**/*.class]
16:38:03.806 [main] DEBUG o.s.c.i.s.PathMatchingResourcePatternResolver - Searching directory [/home/aluno/spring-projects/maven/spring-data-aerospike/target/classes/org/springframework/data/aerospike/config] for files matching pattern [/home/aluno/spring-projects/maven/spring-data-aerospike/target/classes/org/springframework/data/**/repository/support/**/*.class]
16:38:03.807 [main] DEBUG o.s.c.i.s.PathMatchingResourcePatternResolver - Searching directory [/home/aluno/spring-projects/maven/spring-data-aerospike/target/classes/org/springframework/data/aerospike/cache] for files matching pattern [/home/aluno/spring-projects/maven/spring-data-aerospike/target/classes/org/springframework/data/**/repository/support/**/*.class]
16:38:03.807 [main] DEBUG o.s.c.i.s.PathMatchingResourcePatternResolver - Searching directory [/home/aluno/spring-projects/maven/spring-data-aerospike/target/classes/org/springframework/data/aerospike/utility] for files matching pattern [/home/aluno/spring-projects/maven/spring-data-aerospike/target/classes/org/springframework/data/**/repository/support/**/*.class]
16:38:03.807 [main] DEBUG o.s.c.i.s.PathMatchingResourcePatternResolver - Looking for matching resources in jar file [file:/home/aluno/.m2/repository/org/springframework/data/spring-data-commons/1.11.0.RELEASE/spring-data-commons-1.11.0.RELEASE.jar]
16:38:03.808 [main] DEBUG o.s.c.i.s.PathMatchingResourcePatternResolver - Looking for matching resources in jar file [file:/home/aluno/.m2/repository/org/springframework/data/spring-data-keyvalue/1.0.0.M1/spring-data-keyvalue-1.0.0.M1.jar]
16:38:03.808 [main] DEBUG o.s.c.i.s.PathMatchingResourcePatternResolver - Resolved location pattern [classpath*:org/springframework/data/**/repository/support/**/*.class] to resources [file [/home/aluno/spring-projects/maven/spring-data-aerospike/target/test-classes/org/springframework/data/aerospike/repository/support/SimpleAerospikeRepositoryTest$5.class], file [/home/aluno/spring-projects/maven/spring-data-aerospike/target/test-classes/org/springframework/data/aerospike/repository/support/SimpleAerospikeRepositoryTest$9.class], file [/home/aluno/spring-projects/maven/spring-data-aerospike/target/test-classes/org/springframework/data/aerospike/repository/support/SimpleAerospikeRepositoryTest$4.class], file [/home/aluno/spring-projects/maven/spring-data-aerospike/target/test-classes/org/springframework/data/aerospike/repository/support/AerospikeRepositoryFactoryTest.class], file [/home/aluno/spring-projects/maven/spring-data-aerospike/target/test-classes/org/springframework/data/aerospike/repository/support/SimpleAerospikeRepositoryTest.class], file [/home/aluno/spring-projects/maven/spring-data-aerospike/target/test-classes/org/springframework/data/aerospike/repository/support/SimpleAerospikeRepositoryTest$1.class], file [/home/aluno/spring-projects/maven/spring-data-aerospike/target/test-classes/org/springframework/data/aerospike/repository/support/SimpleAerospikeRepositoryTest$3.class], file [/home/aluno/spring-projects/maven/spring-data-aerospike/target/test-classes/org/springframework/data/aerospike/repository/support/SimpleAerospikeRepositoryTest$8.class], file [/home/aluno/spring-projects/maven/spring-data-aerospike/target/test-classes/org/springframework/data/aerospike/repository/support/SimpleAerospikeRepositoryTest$6.class], file [/home/aluno/spring-projects/maven/spring-data-aerospike/target/test-classes/org/springframework/data/aerospike/repository/support/SimpleAerospikeRepositoryTest$2.class], file [/home/aluno/spring-projects/maven/spring-data-aerospike/target/test-classes/org/springframework/data/aerospike/repository/support/AllTests.class], file [/home/aluno/spring-projects/maven/spring-data-aerospike/target/test-classes/org/springframework/data/aerospike/repository/support/SimpleAerospikeRepositoryTest$7.class], file [/home/aluno/spring-projects/maven/spring-data-aerospike/target/classes/org/springframework/data/aerospike/repository/support/AerospikeRepositoryFactoryBean.class], file [/home/aluno/spring-projects/maven/spring-data-aerospike/target/classes/org/springframework/data/aerospike/repository/support/AerospikeRepositoryFactory$AerospikeQueryLookupStrategy.class], file [/home/aluno/spring-projects/maven/spring-data-aerospike/target/classes/org/springframework/data/aerospike/repository/support/AerospikeRepositoryFactory.class], file [/home/aluno/spring-projects/maven/spring-data-aerospike/target/classes/org/springframework/data/aerospike/repository/support/SimpleAerospikeRepository.class], URL [jar:file:/home/aluno/.m2/repository/org/springframework/data/spring-data-commons/1.11.0.RELEASE/spring-data-commons-1.11.0.RELEASE.jar!/org/springframework/data/repository/support/DomainClassConverter$ConversionMatchAbbreviationException.class], URL [jar:file:/home/aluno/.m2/repository/org/springframework/data/spring-data-commons/1.11.0.RELEASE/spring-data-commons-1.11.0.RELEASE.jar!/org/springframework/data/repository/support/DomainClassConverter$ToIdConverter.class], URL [jar:file:/home/aluno/.m2/repository/org/springframework/data/spring-data-commons/1.11.0.RELEASE/spring-data-commons-1.11.0.RELEASE.jar!/org/springframework/data/repository/support/Repositories$EmptyRepositoryFactoryInformation.class], URL [jar:file:/home/aluno/.m2/repository/org/springframework/data/spring-data-commons/1.11.0.RELEASE/spring-data-commons-1.11.0.RELEASE.jar!/org/springframework/data/repository/support/PagingAndSortingRepositoryInvoker.class], URL [jar:file:/home/aluno/.m2/repository/org/springframework/data/spring-data-commons/1.11.0.RELEASE/spring-data-commons-1.11.0.RELEASE.jar!/org/springframework/data/repository/support/QueryMethodParameterConversionException.class], URL [jar:file:/home/aluno/.m2/repository/org/springframework/data/spring-data-commons/1.11.0.RELEASE/spring-data-commons-1.11.0.RELEASE.jar!/org/springframework/data/repository/support/MethodParameters.class], URL [jar:file:/home/aluno/.m2/repository/org/springframework/data/spring-data-commons/1.11.0.RELEASE/spring-data-commons-1.11.0.RELEASE.jar!/org/springframework/data/repository/support/RepositoryInvoker.class], URL [jar:file:/home/aluno/.m2/repository/org/springframework/data/spring-data-commons/1.11.0.RELEASE/spring-data-commons-1.11.0.RELEASE.jar!/org/springframework/data/repository/support/RepositoryInvokerFactory.class], URL [jar:file:/home/aluno/.m2/repository/org/springframework/data/spring-data-commons/1.11.0.RELEASE/spring-data-commons-1.11.0.RELEASE.jar!/org/springframework/data/repository/support/DomainClassPropertyEditorRegistrar.class], URL [jar:file:/home/aluno/.m2/repository/org/springframework/data/spring-data-commons/1.11.0.RELEASE/spring-data-commons-1.11.0.RELEASE.jar!/org/springframework/data/repository/support/AnnotationAttribute.class], URL [jar:file:/home/aluno/.m2/repository/org/springframework/data/spring-data-commons/1.11.0.RELEASE/spring-data-commons-1.11.0.RELEASE.jar!/org/springframework/data/repository/support/DefaultRepositoryInvokerFactory.class], URL [jar:file:/home/aluno/.m2/repository/org/springframework/data/spring-data-commons/1.11.0.RELEASE/spring-data-commons-1.11.0.RELEASE.jar!/org/springframework/data/repository/support/MethodParameters$AnnotationNamingMethodParameter.class], URL [jar:file:/home/aluno/.m2/repository/org/springframework/data/spring-data-commons/1.11.0.RELEASE/spring-data-commons-1.11.0.RELEASE.jar!/org/springframework/data/repository/support/CrudRepositoryInvoker.class], URL [jar:file:/home/aluno/.m2/repository/org/springframework/data/spring-data-commons/1.11.0.RELEASE/spring-data-commons-1.11.0.RELEASE.jar!/org/springframework/data/repository/support/Repositories.class], URL [jar:file:/home/aluno/.m2/repository/org/springframework/data/spring-data-commons/1.11.0.RELEASE/spring-data-commons-1.11.0.RELEASE.jar!/org/springframework/data/repository/support/DomainClassConverter$ToEntityConverter.class], URL [jar:file:/home/aluno/.m2/repository/org/springframework/data/spring-data-commons/1.11.0.RELEASE/spring-data-commons-1.11.0.RELEASE.jar!/org/springframework/data/repository/support/ReflectionRepositoryInvoker.class], URL [jar:file:/home/aluno/.m2/repository/org/springframework/data/spring-data-commons/1.11.0.RELEASE/spring-data-commons-1.11.0.RELEASE.jar!/org/springframework/data/repository/support/DomainClassPropertyEditor.class], URL [jar:file:/home/aluno/.m2/repository/org/springframework/data/spring-data-commons/1.11.0.RELEASE/spring-data-commons-1.11.0.RELEASE.jar!/org/springframework/data/repository/support/DomainClassConverter.class], URL [jar:file:/home/aluno/.m2/repository/org/springframework/data/spring-data-commons/1.11.0.RELEASE/spring-data-commons-1.11.0.RELEASE.jar!/org/springframework/data/repository/support/DomainClassConverter$1.class], URL [jar:file:/home/aluno/.m2/repository/org/springframework/data/spring-data-commons/1.11.0.RELEASE/spring-data-commons-1.11.0.RELEASE.jar!/org/springframework/data/repository/support/RepositoryInvocationInformation.class], URL [jar:file:/home/aluno/.m2/repository/org/springframework/data/spring-data-keyvalue/1.0.0.M1/spring-data-keyvalue-1.0.0.M1.jar!/org/springframework/data/keyvalue/repository/support/KeyValueRepositoryFactory$KeyValueQueryLookupStrategy.class], URL [jar:file:/home/aluno/.m2/repository/org/springframework/data/spring-data-keyvalue/1.0.0.M1/spring-data-keyvalue-1.0.0.M1.jar!/org/springframework/data/keyvalue/repository/support/QuerydslKeyValueRepository.class], URL [jar:file:/home/aluno/.m2/repository/org/springframework/data/spring-data-keyvalue/1.0.0.M1/spring-data-keyvalue-1.0.0.M1.jar!/org/springframework/data/keyvalue/repository/support/KeyValueRepositoryFactoryBean.class], URL [jar:file:/home/aluno/.m2/repository/org/springframework/data/spring-data-keyvalue/1.0.0.M1/spring-data-keyvalue-1.0.0.M1.jar!/org/springframework/data/keyvalue/repository/support/KeyValueQuerydslUtils$1.class], URL [jar:file:/home/aluno/.m2/repository/org/springframework/data/spring-data-keyvalue/1.0.0.M1/spring-data-keyvalue-1.0.0.M1.jar!/org/springframework/data/keyvalue/repository/support/KeyValueQuerydslUtils.class], URL [jar:file:/home/aluno/.m2/repository/org/springframework/data/spring-data-keyvalue/1.0.0.M1/spring-data-keyvalue-1.0.0.M1.jar!/org/springframework/data/keyvalue/repository/support/KeyValueRepositoryFactory.class], URL [jar:file:/home/aluno/.m2/repository/org/springframework/data/spring-data-keyvalue/1.0.0.M1/spring-data-keyvalue-1.0.0.M1.jar!/org/springframework/data/keyvalue/repository/support/SimpleKeyValueRepository.class]]
16:38:03.810 [main] DEBUG o.s.c.a.ClassPathScanningCandidateComponentProvider - Identified candidate component class: file [/home/aluno/spring-projects/maven/spring-data-aerospike/target/classes/org/springframework/data/aerospike/repository/support/AerospikeRepositoryFactory.class]
16:38:03.814 [main] DEBUG o.s.c.a.ClassPathScanningCandidateComponentProvider - Identified candidate component class: URL [jar:file:/home/aluno/.m2/repository/org/springframework/data/spring-data-keyvalue/1.0.0.M1/spring-data-keyvalue-1.0.0.M1.jar!/org/springframework/data/keyvalue/repository/support/KeyValueRepositoryFactory.class]
16:38:03.814 [main] DEBUG o.s.d.r.c.RepositoryConfigurationDelegate - Multiple Spring Data modules found, entering strict repository configuration mode!
16:38:03.815 [main] DEBUG o.s.core.env.StandardEnvironment - Adding [systemProperties] PropertySource with lowest search precedence
16:38:03.815 [main] DEBUG o.s.core.env.StandardEnvironment - Adding [systemEnvironment] PropertySource with lowest search precedence
16:38:03.815 [main] DEBUG o.s.core.env.StandardEnvironment - Initialized StandardEnvironment with PropertySources [systemProperties,systemEnvironment]
16:38:03.815 [main] DEBUG o.s.c.i.s.PathMatchingResourcePatternResolver - Looking for matching resources in directory tree [/home/aluno/spring-projects/maven/spring-data-aerospike/target/test-classes/org/springframework/data/aerospike/repository]
16:38:03.815 [main] DEBUG o.s.c.i.s.PathMatchingResourcePatternResolver - Searching directory [/home/aluno/spring-projects/maven/spring-data-aerospike/target/test-classes/org/springframework/data/aerospike/repository] for files matching pattern [/home/aluno/spring-projects/maven/spring-data-aerospike/target/test-classes/org/springframework/data/aerospike/repository/**/*.class]
16:38:03.815 [main] DEBUG o.s.c.i.s.PathMatchingResourcePatternResolver - Searching directory [/home/aluno/spring-projects/maven/spring-data-aerospike/target/test-classes/org/springframework/data/aerospike/repository/support] for files matching pattern [/home/aluno/spring-projects/maven/spring-data-aerospike/target/test-classes/org/springframework/data/aerospike/repository/**/*.class]
16:38:03.815 [main] DEBUG o.s.c.i.s.PathMatchingResourcePatternResolver - Searching directory [/home/aluno/spring-projects/maven/spring-data-aerospike/target/test-classes/org/springframework/data/aerospike/repository/query] for files matching pattern [/home/aluno/spring-projects/maven/spring-data-aerospike/target/test-classes/org/springframework/data/aerospike/repository/**/*.class]
16:38:03.815 [main] DEBUG o.s.c.i.s.PathMatchingResourcePatternResolver - Looking for matching resources in directory tree [/home/aluno/spring-projects/maven/spring-data-aerospike/target/classes/org/springframework/data/aerospike/repository]
16:38:03.815 [main] DEBUG o.s.c.i.s.PathMatchingResourcePatternResolver - Searching directory [/home/aluno/spring-projects/maven/spring-data-aerospike/target/classes/org/springframework/data/aerospike/repository] for files matching pattern [/home/aluno/spring-projects/maven/spring-data-aerospike/target/classes/org/springframework/data/aerospike/repository/**/*.class]
16:38:03.816 [main] DEBUG o.s.c.i.s.PathMatchingResourcePatternResolver - Searching directory [/home/aluno/spring-projects/maven/spring-data-aerospike/target/classes/org/springframework/data/aerospike/repository/support] for files matching pattern [/home/aluno/spring-projects/maven/spring-data-aerospike/target/classes/org/springframework/data/aerospike/repository/**/*.class]
16:38:03.816 [main] DEBUG o.s.c.i.s.PathMatchingResourcePatternResolver - Searching directory [/home/aluno/spring-projects/maven/spring-data-aerospike/target/classes/org/springframework/data/aerospike/repository/config] for files matching pattern [/home/aluno/spring-projects/maven/spring-data-aerospike/target/classes/org/springframework/data/aerospike/repository/**/*.class]
16:38:03.816 [main] DEBUG o.s.c.i.s.PathMatchingResourcePatternResolver - Searching directory [/home/aluno/spring-projects/maven/spring-data-aerospike/target/classes/org/springframework/data/aerospike/repository/query] for files matching pattern [/home/aluno/spring-projects/maven/spring-data-aerospike/target/classes/org/springframework/data/aerospike/repository/**/*.class]
16:38:03.816 [main] DEBUG o.s.c.i.s.PathMatchingResourcePatternResolver - Resolved location pattern [classpath*:org/springframework/data/aerospike/repository/**/*.class] to resources [file [/home/aluno/spring-projects/maven/spring-data-aerospike/target/test-classes/org/springframework/data/aerospike/repository/Credentials.class], file [/home/aluno/spring-projects/maven/spring-data-aerospike/target/test-classes/org/springframework/data/aerospike/repository/AbstractPersonRepositoryIntegrationTests$1.class], file [/home/aluno/spring-projects/maven/spring-data-aerospike/target/test-classes/org/springframework/data/aerospike/repository/PersonRepository.class], file [/home/aluno/spring-projects/maven/spring-data-aerospike/target/test-classes/org/springframework/data/aerospike/repository/TestConfigPerson.class], file [/home/aluno/spring-projects/maven/spring-data-aerospike/target/test-classes/org/springframework/data/aerospike/repository/Address.class], file [/home/aluno/spring-projects/maven/spring-data-aerospike/target/test-classes/org/springframework/data/aerospike/repository/Person$Sex.class], file [/home/aluno/spring-projects/maven/spring-data-aerospike/target/test-classes/org/springframework/data/aerospike/repository/Person.class], file [/home/aluno/spring-projects/maven/spring-data-aerospike/target/test-classes/org/springframework/data/aerospike/repository/ContactRepository.class], file [/home/aluno/spring-projects/maven/spring-data-aerospike/target/test-classes/org/springframework/data/aerospike/repository/AbstractPersonRepositoryIntegrationTests.class], file [/home/aluno/spring-projects/maven/spring-data-aerospike/target/test-classes/org/springframework/data/aerospike/repository/User.class], file [/home/aluno/spring-projects/maven/spring-data-aerospike/target/test-classes/org/springframework/data/aerospike/repository/CustomerRepositoriesIntegrationTests$Config.class], file [/home/aluno/spring-projects/maven/spring-data-aerospike/target/test-classes/org/springframework/data/aerospike/repository/AnnotatedPerson.class], file [/home/aluno/spring-projects/maven/spring-data-aerospike/target/test-classes/org/springframework/data/aerospike/repository/support/SimpleAerospikeRepositoryTest$5.class], file [/home/aluno/spring-projects/maven/spring-data-aerospike/target/test-classes/org/springframework/data/aerospike/repository/support/SimpleAerospikeRepositoryTest$9.class], file [/home/aluno/spring-projects/maven/spring-data-aerospike/target/test-classes/org/springframework/data/aerospike/repository/support/SimpleAerospikeRepositoryTest$4.class], file [/home/aluno/spring-projects/maven/spring-data-aerospike/target/test-classes/org/springframework/data/aerospike/repository/support/AerospikeRepositoryFactoryTest.class], file [/home/aluno/spring-projects/maven/spring-data-aerospike/target/test-classes/org/springframework/data/aerospike/repository/support/SimpleAerospikeRepositoryTest.class], file [/home/aluno/spring-projects/maven/spring-data-aerospike/target/test-classes/org/springframework/data/aerospike/repository/support/SimpleAerospikeRepositoryTest$1.class], file [/home/aluno/spring-projects/maven/spring-data-aerospike/target/test-classes/org/springframework/data/aerospike/repository/support/SimpleAerospikeRepositoryTest$3.class], file [/home/aluno/spring-projects/maven/spring-data-aerospike/target/test-classes/org/springframework/data/aerospike/repository/support/SimpleAerospikeRepositoryTest$8.class], file [/home/aluno/spring-projects/maven/spring-data-aerospike/target/test-classes/org/springframework/data/aerospike/repository/support/SimpleAerospikeRepositoryTest$6.class], file [/home/aluno/spring-projects/maven/spring-data-aerospike/target/test-classes/org/springframework/data/aerospike/repository/support/SimpleAerospikeRepositoryTest$2.class], file [/home/aluno/spring-projects/maven/spring-data-aerospike/target/test-classes/org/springframework/data/aerospike/repository/support/AllTests.class], file [/home/aluno/spring-projects/maven/spring-data-aerospike/target/test-classes/org/springframework/data/aerospike/repository/support/SimpleAerospikeRepositoryTest$7.class], file [/home/aluno/spring-projects/maven/spring-data-aerospike/target/test-classes/org/springframework/data/aerospike/repository/Contact.class], file [/home/aluno/spring-projects/maven/spring-data-aerospike/target/test-classes/org/springframework/data/aerospike/repository/AllTests.class], file [/home/aluno/spring-projects/maven/spring-data-aerospike/target/test-classes/org/springframework/data/aerospike/repository/PersonRepositoryIntegrationTests.class], file [/home/aluno/spring-projects/maven/spring-data-aerospike/target/test-classes/org/springframework/data/aerospike/repository/query/StubParameterAccessor.class], file [/home/aluno/spring-projects/maven/spring-data-aerospike/target/test-classes/org/springframework/data/aerospike/repository/query/AllTests.class], file [/home/aluno/spring-projects/maven/spring-data-aerospike/target/test-classes/org/springframework/data/aerospike/repository/query/AerospikePartTreeQueryTest.class], file [/home/aluno/spring-projects/maven/spring-data-aerospike/target/test-classes/org/springframework/data/aerospike/repository/CustomerRepositoriesIntegrationTests.class], file [/home/aluno/spring-projects/maven/spring-data-aerospike/target/classes/org/springframework/data/aerospike/repository/AerospikeRepository.class], file [/home/aluno/spring-projects/maven/spring-data-aerospike/target/classes/org/springframework/data/aerospike/repository/support/AerospikeRepositoryFactoryBean.class], file [/home/aluno/spring-projects/maven/spring-data-aerospike/target/classes/org/springframework/data/aerospike/repository/support/AerospikeRepositoryFactory$AerospikeQueryLookupStrategy.class], file [/home/aluno/spring-projects/maven/spring-data-aerospike/target/classes/org/springframework/data/aerospike/repository/support/AerospikeRepositoryFactory.class], file [/home/aluno/spring-projects/maven/spring-data-aerospike/target/classes/org/springframework/data/aerospike/repository/support/SimpleAerospikeRepository.class], file [/home/aluno/spring-projects/maven/spring-data-aerospike/target/classes/org/springframework/data/aerospike/repository/config/AerospikeRepositoriesRegistrar.class], file [/home/aluno/spring-projects/maven/spring-data-aerospike/target/classes/org/springframework/data/aerospike/repository/config/EnableAerospikeRepositories.class], file [/home/aluno/spring-projects/maven/spring-data-aerospike/target/classes/org/springframework/data/aerospike/repository/config/AerospikeRepositoriesRegistrar$1.class], file [/home/aluno/spring-projects/maven/spring-data-aerospike/target/classes/org/springframework/data/aerospike/repository/config/AerospikeRepositoriesRegistrar$AerospikeRepositoryConfigurationExtension.class], file [/home/aluno/spring-projects/maven/spring-data-aerospike/target/classes/org/springframework/data/aerospike/repository/query/AerospikeParameterAccessor.class], file [/home/aluno/spring-projects/maven/spring-data-aerospike/target/classes/org/springframework/data/aerospike/repository/query/Query.class], file [/home/aluno/spring-projects/maven/spring-data-aerospike/target/classes/org/springframework/data/aerospike/repository/query/ConvertingParameterAccessor.class], file [/home/aluno/spring-projects/maven/spring-data-aerospike/target/classes/org/springframework/data/aerospike/repository/query/AerospikeQueryCreator$1.class], file [/home/aluno/spring-projects/maven/spring-data-aerospike/target/classes/org/springframework/data/aerospike/repository/query/CriteriaDefinition.class], file [/home/aluno/spring-projects/maven/spring-data-aerospike/target/classes/org/springframework/data/aerospike/repository/query/TextCriteria.class], file [/home/aluno/spring-projects/maven/spring-data-aerospike/target/classes/org/springframework/data/aerospike/repository/query/Criteria.class], file [/home/aluno/spring-projects/maven/spring-data-aerospike/target/classes/org/springframework/data/aerospike/repository/query/AerospikePartTreeQuery.class], file [/home/aluno/spring-projects/maven/spring-data-aerospike/target/classes/org/springframework/data/aerospike/repository/query/AerospikeQueryCreator.class]]
16:38:03.816 [main] DEBUG o.s.d.r.c.RepositoryComponentProvider - Identified candidate component class: file [/home/aluno/spring-projects/maven/spring-data-aerospike/target/test-classes/org/springframework/data/aerospike/repository/PersonRepository.class]
16:38:03.817 [main] DEBUG o.s.d.r.c.RepositoryComponentProvider - Identified candidate component class: file [/home/aluno/spring-projects/maven/spring-data-aerospike/target/test-classes/org/springframework/data/aerospike/repository/ContactRepository.class]
16:38:03.822 [main] DEBUG o.s.core.env.StandardEnvironment - Adding [systemProperties] PropertySource with lowest search precedence
16:38:03.822 [main] DEBUG o.s.core.env.StandardEnvironment - Adding [systemEnvironment] PropertySource with lowest search precedence
16:38:03.822 [main] DEBUG o.s.core.env.StandardEnvironment - Initialized StandardEnvironment with PropertySources [systemProperties,systemEnvironment]
16:38:03.823 [main] DEBUG o.s.c.i.s.PathMatchingResourcePatternResolver - Looking for matching resources in directory tree [/home/aluno/spring-projects/maven/spring-data-aerospike/target/test-classes/org/springframework/data/aerospike/repository]
16:38:03.823 [main] DEBUG o.s.c.i.s.PathMatchingResourcePatternResolver - Searching directory [/home/aluno/spring-projects/maven/spring-data-aerospike/target/test-classes/org/springframework/data/aerospike/repository] for files matching pattern [/home/aluno/spring-projects/maven/spring-data-aerospike/target/test-classes/org/springframework/data/aerospike/repository/**/*PersonRepositoryImpl.class]
16:38:03.823 [main] DEBUG o.s.c.i.s.PathMatchingResourcePatternResolver - Searching directory [/home/aluno/spring-projects/maven/spring-data-aerospike/target/test-classes/org/springframework/data/aerospike/repository/support] for files matching pattern [/home/aluno/spring-projects/maven/spring-data-aerospike/target/test-classes/org/springframework/data/aerospike/repository/**/*PersonRepositoryImpl.class]
16:38:03.823 [main] DEBUG o.s.c.i.s.PathMatchingResourcePatternResolver - Searching directory [/home/aluno/spring-projects/maven/spring-data-aerospike/target/test-classes/org/springframework/data/aerospike/repository/query] for files matching pattern [/home/aluno/spring-projects/maven/spring-data-aerospike/target/test-classes/org/springframework/data/aerospike/repository/**/*PersonRepositoryImpl.class]
16:38:03.823 [main] DEBUG o.s.c.i.s.PathMatchingResourcePatternResolver - Looking for matching resources in directory tree [/home/aluno/spring-projects/maven/spring-data-aerospike/target/classes/org/springframework/data/aerospike/repository]
16:38:03.823 [main] DEBUG o.s.c.i.s.PathMatchingResourcePatternResolver - Searching directory [/home/aluno/spring-projects/maven/spring-data-aerospike/target/classes/org/springframework/data/aerospike/repository] for files matching pattern [/home/aluno/spring-projects/maven/spring-data-aerospike/target/classes/org/springframework/data/aerospike/repository/**/*PersonRepositoryImpl.class]
16:38:03.823 [main] DEBUG o.s.c.i.s.PathMatchingResourcePatternResolver - Searching directory [/home/aluno/spring-projects/maven/spring-data-aerospike/target/classes/org/springframework/data/aerospike/repository/support] for files matching pattern [/home/aluno/spring-projects/maven/spring-data-aerospike/target/classes/org/springframework/data/aerospike/repository/**/*PersonRepositoryImpl.class]
16:38:03.823 [main] DEBUG o.s.c.i.s.PathMatchingResourcePatternResolver - Searching directory [/home/aluno/spring-projects/maven/spring-data-aerospike/target/classes/org/springframework/data/aerospike/repository/config] for files matching pattern [/home/aluno/spring-projects/maven/spring-data-aerospike/target/classes/org/springframework/data/aerospike/repository/**/*PersonRepositoryImpl.class]
16:38:03.823 [main] DEBUG o.s.c.i.s.PathMatchingResourcePatternResolver - Searching directory [/home/aluno/spring-projects/maven/spring-data-aerospike/target/classes/org/springframework/data/aerospike/repository/query] for files matching pattern [/home/aluno/spring-projects/maven/spring-data-aerospike/target/classes/org/springframework/data/aerospike/repository/**/*PersonRepositoryImpl.class]
16:38:03.824 [main] DEBUG o.s.c.i.s.PathMatchingResourcePatternResolver - Resolved location pattern [classpath*:org/springframework/data/aerospike/repository/**/*PersonRepositoryImpl.class] to resources []
16:38:03.824 [main] DEBUG o.s.d.r.c.RepositoryConfigurationDelegate - Spring Data Aerospike - Registering repository: personRepository - Interface: org.springframework.data.aerospike.repository.PersonRepository - Factory: org.springframework.data.keyvalue.repository.support.KeyValueRepositoryFactoryBean
16:38:03.826 [main] DEBUG o.s.core.env.StandardEnvironment - Adding [systemProperties] PropertySource with lowest search precedence
16:38:03.826 [main] DEBUG o.s.core.env.StandardEnvironment - Adding [systemEnvironment] PropertySource with lowest search precedence
16:38:03.826 [main] DEBUG o.s.core.env.StandardEnvironment - Initialized StandardEnvironment with PropertySources [systemProperties,systemEnvironment]
16:38:03.826 [main] DEBUG o.s.c.i.s.PathMatchingResourcePatternResolver - Looking for matching resources in directory tree [/home/aluno/spring-projects/maven/spring-data-aerospike/target/test-classes/org/springframework/data/aerospike/repository]
16:38:03.826 [main] DEBUG o.s.c.i.s.PathMatchingResourcePatternResolver - Searching directory [/home/aluno/spring-projects/maven/spring-data-aerospike/target/test-classes/org/springframework/data/aerospike/repository] for files matching pattern [/home/aluno/spring-projects/maven/spring-data-aerospike/target/test-classes/org/springframework/data/aerospike/repository/**/*ContactRepositoryImpl.class]
16:38:03.826 [main] DEBUG o.s.c.i.s.PathMatchingResourcePatternResolver - Searching directory [/home/aluno/spring-projects/maven/spring-data-aerospike/target/test-classes/org/springframework/data/aerospike/repository/support] for files matching pattern [/home/aluno/spring-projects/maven/spring-data-aerospike/target/test-classes/org/springframework/data/aerospike/repository/**/*ContactRepositoryImpl.class]
16:38:03.826 [main] DEBUG o.s.c.i.s.PathMatchingResourcePatternResolver - Searching directory [/home/aluno/spring-projects/maven/spring-data-aerospike/target/test-classes/org/springframework/data/aerospike/repository/query] for files matching pattern [/home/aluno/spring-projects/maven/spring-data-aerospike/target/test-classes/org/springframework/data/aerospike/repository/**/*ContactRepositoryImpl.class]
16:38:03.826 [main] DEBUG o.s.c.i.s.PathMatchingResourcePatternResolver - Looking for matching resources in directory tree [/home/aluno/spring-projects/maven/spring-data-aerospike/target/classes/org/springframework/data/aerospike/repository]
16:38:03.826 [main] DEBUG o.s.c.i.s.PathMatchingResourcePatternResolver - Searching directory [/home/aluno/spring-projects/maven/spring-data-aerospike/target/classes/org/springframework/data/aerospike/repository] for files matching pattern [/home/aluno/spring-projects/maven/spring-data-aerospike/target/classes/org/springframework/data/aerospike/repository/**/*ContactRepositoryImpl.class]
16:38:03.826 [main] DEBUG o.s.c.i.s.PathMatchingResourcePatternResolver - Searching directory [/home/aluno/spring-projects/maven/spring-data-aerospike/target/classes/org/springframework/data/aerospike/repository/support] for files matching pattern [/home/aluno/spring-projects/maven/spring-data-aerospike/target/classes/org/springframework/data/aerospike/repository/**/*ContactRepositoryImpl.class]
16:38:03.827 [main] DEBUG o.s.c.i.s.PathMatchingResourcePatternResolver - Searching directory [/home/aluno/spring-projects/maven/spring-data-aerospike/target/classes/org/springframework/data/aerospike/repository/config] for files matching pattern [/home/aluno/spring-projects/maven/spring-data-aerospike/target/classes/org/springframework/data/aerospike/repository/**/*ContactRepositoryImpl.class]
16:38:03.827 [main] DEBUG o.s.c.i.s.PathMatchingResourcePatternResolver - Searching directory [/home/aluno/spring-projects/maven/spring-data-aerospike/target/classes/org/springframework/data/aerospike/repository/query] for files matching pattern [/home/aluno/spring-projects/maven/spring-data-aerospike/target/classes/org/springframework/data/aerospike/repository/**/*ContactRepositoryImpl.class]
16:38:03.827 [main] DEBUG o.s.c.i.s.PathMatchingResourcePatternResolver - Resolved location pattern [classpath*:org/springframework/data/aerospike/repository/**/*ContactRepositoryImpl.class] to resources []
16:38:03.827 [main] DEBUG o.s.d.r.c.RepositoryConfigurationDelegate - Spring Data Aerospike - Registering repository: contactRepository - Interface: org.springframework.data.aerospike.repository.ContactRepository - Factory: org.springframework.data.keyvalue.repository.support.KeyValueRepositoryFactoryBean
16:38:03.827 [main] DEBUG o.s.c.a.ConfigurationClassEnhancer - Successfully enhanced org.springframework.data.aerospike.repository.TestConfigPerson; enhanced class name is: org.springframework.data.aerospike.repository.TestConfigPerson$$EnhancerBySpringCGLIB$$3f27a8da
16:38:03.827 [main] DEBUG o.s.c.a.ConfigurationClassPostProcessor - Replacing bean definition 'testConfigPerson' existing class name 'org.springframework.data.aerospike.repository.TestConfigPerson' with enhanced class name 'org.springframework.data.aerospike.repository.TestConfigPerson$$EnhancerBySpringCGLIB$$3f27a8da'
16:38:03.828 [main] DEBUG o.s.b.f.s.DefaultListableBeanFactory - Creating shared instance of singleton bean 'org.springframework.context.annotation.internalAutowiredAnnotationProcessor'
16:38:03.828 [main] DEBUG o.s.b.f.s.DefaultListableBeanFactory - Creating instance of bean 'org.springframework.context.annotation.internalAutowiredAnnotationProcessor'
16:38:03.828 [main] DEBUG o.s.b.f.s.DefaultListableBeanFactory - Eagerly caching bean 'org.springframework.context.annotation.internalAutowiredAnnotationProcessor' to allow for resolving potential circular references
16:38:03.828 [main] DEBUG o.s.b.f.s.DefaultListableBeanFactory - Finished creating instance of bean 'org.springframework.context.annotation.internalAutowiredAnnotationProcessor'
16:38:03.828 [main] DEBUG o.s.b.f.s.DefaultListableBeanFactory - Creating shared instance of singleton bean 'org.springframework.context.annotation.internalRequiredAnnotationProcessor'
16:38:03.828 [main] DEBUG o.s.b.f.s.DefaultListableBeanFactory - Creating instance of bean 'org.springframework.context.annotation.internalRequiredAnnotationProcessor'
16:38:03.828 [main] DEBUG o.s.b.f.s.DefaultListableBeanFactory - Eagerly caching bean 'org.springframework.context.annotation.internalRequiredAnnotationProcessor' to allow for resolving potential circular references
16:38:03.828 [main] DEBUG o.s.b.f.s.DefaultListableBeanFactory - Finished creating instance of bean 'org.springframework.context.annotation.internalRequiredAnnotationProcessor'
16:38:03.828 [main] DEBUG o.s.b.f.s.DefaultListableBeanFactory - Creating shared instance of singleton bean 'org.springframework.context.annotation.internalCommonAnnotationProcessor'
16:38:03.828 [main] DEBUG o.s.b.f.s.DefaultListableBeanFactory - Creating instance of bean 'org.springframework.context.annotation.internalCommonAnnotationProcessor'
16:38:03.828 [main] DEBUG o.s.b.f.s.DefaultListableBeanFactory - Eagerly caching bean 'org.springframework.context.annotation.internalCommonAnnotationProcessor' to allow for resolving potential circular references
16:38:03.828 [main] DEBUG o.s.b.f.s.DefaultListableBeanFactory - Finished creating instance of bean 'org.springframework.context.annotation.internalCommonAnnotationProcessor'
16:38:03.828 [main] DEBUG o.s.b.f.s.DefaultListableBeanFactory - Creating shared instance of singleton bean 'org.springframework.context.annotation.ConfigurationClassPostProcessor.importAwareProcessor'
16:38:03.828 [main] DEBUG o.s.b.f.s.DefaultListableBeanFactory - Creating instance of bean 'org.springframework.context.annotation.ConfigurationClassPostProcessor.importAwareProcessor'
16:38:03.828 [main] DEBUG o.s.b.f.s.DefaultListableBeanFactory - Eagerly caching bean 'org.springframework.context.annotation.ConfigurationClassPostProcessor.importAwareProcessor' to allow for resolving potential circular references
16:38:03.828 [main] DEBUG o.s.b.f.s.DefaultListableBeanFactory - Finished creating instance of bean 'org.springframework.context.annotation.ConfigurationClassPostProcessor.importAwareProcessor'
16:38:03.828 [main] DEBUG o.s.b.f.s.DefaultListableBeanFactory - Creating shared instance of singleton bean 'org.springframework.context.annotation.ConfigurationClassPostProcessor.enhancedConfigurationProcessor'
16:38:03.828 [main] DEBUG o.s.b.f.s.DefaultListableBeanFactory - Creating instance of bean 'org.springframework.context.annotation.ConfigurationClassPostProcessor.enhancedConfigurationProcessor'
16:38:03.828 [main] DEBUG o.s.b.f.s.DefaultListableBeanFactory - Eagerly caching bean 'org.springframework.context.annotation.ConfigurationClassPostProcessor.enhancedConfigurationProcessor' to allow for resolving potential circular references
16:38:03.828 [main] DEBUG o.s.b.f.s.DefaultListableBeanFactory - Finished creating instance of bean 'org.springframework.context.annotation.ConfigurationClassPostProcessor.enhancedConfigurationProcessor'
16:38:03.828 [main] DEBUG o.s.b.f.s.DefaultListableBeanFactory - Creating shared instance of singleton bean 'org.springframework.data.repository.core.support.RepositoryInterfaceAwareBeanPostProcessor'
16:38:03.828 [main] DEBUG o.s.b.f.s.DefaultListableBeanFactory - Creating instance of bean 'org.springframework.data.repository.core.support.RepositoryInterfaceAwareBeanPostProcessor'
16:38:03.828 [main] DEBUG o.s.b.f.s.DefaultListableBeanFactory - Eagerly caching bean 'org.springframework.data.repository.core.support.RepositoryInterfaceAwareBeanPostProcessor' to allow for resolving potential circular references
16:38:03.828 [main] DEBUG o.s.b.f.s.DefaultListableBeanFactory - Finished creating instance of bean 'org.springframework.data.repository.core.support.RepositoryInterfaceAwareBeanPostProcessor'
16:38:03.828 [main] DEBUG o.s.c.s.GenericApplicationContext - Unable to locate MessageSource with name 'messageSource': using default [org.springframework.context.support.DelegatingMessageSource@5e5beb8a]
16:38:03.828 [main] DEBUG o.s.c.s.GenericApplicationContext - Unable to locate ApplicationEventMulticaster with name 'applicationEventMulticaster': using default [org.springframework.context.event.SimpleApplicationEventMulticaster@1f95881a]
16:38:03.828 [main] DEBUG o.s.b.f.s.DefaultListableBeanFactory - Pre-instantiating singletons in org.springframework.beans.factory.support.DefaultListableBeanFactory@76f881d9: defining beans [org.springframework.context.annotation.internalConfigurationAnnotationProcessor,org.springframework.context.annotation.internalAutowiredAnnotationProcessor,org.springframework.context.annotation.internalRequiredAnnotationProcessor,org.springframework.context.annotation.internalCommonAnnotationProcessor,testConfigPerson,org.springframework.context.annotation.ConfigurationClassPostProcessor.importAwareProcessor,org.springframework.context.annotation.ConfigurationClassPostProcessor.enhancedConfigurationProcessor,aerospikeTemplate,aerospikeClient,org.springframework.data.aerospike.repository.config.AerospikeRepositoriesRegistrar$AerospikeRepositoryConfigurationExtension#0,org.springframework.data.repository.core.support.RepositoryInterfaceAwareBeanPostProcessor,keyValueMappingContext,personRepository,contactRepository]; root of factory hierarchy
16:38:03.828 [main] DEBUG o.s.b.f.s.DefaultListableBeanFactory - Returning cached instance of singleton bean 'org.springframework.context.annotation.internalConfigurationAnnotationProcessor'
16:38:03.828 [main] DEBUG o.s.b.f.s.DefaultListableBeanFactory - Returning cached instance of singleton bean 'org.springframework.context.annotation.internalAutowiredAnnotationProcessor'
16:38:03.828 [main] DEBUG o.s.b.f.s.DefaultListableBeanFactory - Returning cached instance of singleton bean 'org.springframework.context.annotation.internalRequiredAnnotationProcessor'
16:38:03.828 [main] DEBUG o.s.b.f.s.DefaultListableBeanFactory - Returning cached instance of singleton bean 'org.springframework.context.annotation.internalCommonAnnotationProcessor'
16:38:03.829 [main] DEBUG o.s.b.f.s.DefaultListableBeanFactory - Creating shared instance of singleton bean 'testConfigPerson'
16:38:03.829 [main] DEBUG o.s.b.f.s.DefaultListableBeanFactory - Creating instance of bean 'testConfigPerson'
16:38:03.829 [main] DEBUG o.s.b.f.s.DefaultListableBeanFactory - Eagerly caching bean 'testConfigPerson' to allow for resolving potential circular references
16:38:03.829 [main] DEBUG o.s.b.f.s.DefaultListableBeanFactory - Finished creating instance of bean 'testConfigPerson'
16:38:03.829 [main] DEBUG o.s.b.f.s.DefaultListableBeanFactory - Returning cached instance of singleton bean 'org.springframework.context.annotation.ConfigurationClassPostProcessor.importAwareProcessor'
16:38:03.829 [main] DEBUG o.s.b.f.s.DefaultListableBeanFactory - Returning cached instance of singleton bean 'org.springframework.context.annotation.ConfigurationClassPostProcessor.enhancedConfigurationProcessor'
16:38:03.829 [main] DEBUG o.s.b.f.s.DefaultListableBeanFactory - Creating shared instance of singleton bean 'aerospikeTemplate'
16:38:03.829 [main] DEBUG o.s.b.f.s.DefaultListableBeanFactory - Creating instance of bean 'aerospikeTemplate'
16:38:03.829 [main] DEBUG o.s.b.f.s.DefaultListableBeanFactory - Returning cached instance of singleton bean 'testConfigPerson'
16:38:03.829 [main] DEBUG o.s.b.f.s.DefaultListableBeanFactory - Creating shared instance of singleton bean 'aerospikeClient'
16:38:03.829 [main] DEBUG o.s.b.f.s.DefaultListableBeanFactory - Creating instance of bean 'aerospikeClient'
16:38:03.829 [main] DEBUG o.s.b.f.s.DefaultListableBeanFactory - Returning cached instance of singleton bean 'testConfigPerson'
16:38:05.831 [main] DEBUG o.s.d.a.r.q.AerospikeQueryCreator - AS:Alias 52.41.32.83:3000 failed: Error Code 11: java.net.SocketTimeoutException: connect timed out
16:38:05.832 [main] WARN  o.s.d.a.r.q.AerospikeQueryCreator - AS:Seed 52.41.32.83:3000 failed: Error Code 11: java.net.SocketTimeoutException: connect timed out
16:38:05.834 [main] WARN  o.s.c.s.GenericApplicationContext - Exception encountered during context initialization - cancelling refresh attempt
org.springframework.beans.factory.BeanCreationException: Error creating bean with name 'aerospikeTemplate' defined in org.springframework.data.aerospike.repository.TestConfigPerson: Bean instantiation via factory method failed; nested exception is org.springframework.beans.BeanInstantiationException: Failed to instantiate [org.springframework.data.aerospike.core.AerospikeTemplate]: Factory method 'aerospikeTemplate' threw exception; nested exception is org.springframework.beans.factory.BeanCreationException: Error creating bean with name 'aerospikeClient' defined in org.springframework.data.aerospike.repository.TestConfigPerson: Bean instantiation via factory method failed; nested exception is org.springframework.beans.BeanInstantiationException: Failed to instantiate [com.aerospike.client.AerospikeClient]: Factory method 'aerospikeClient' threw exception; nested exception is com.aerospike.client.AerospikeException$Connection: Error Code 11: Failed to connect to host(s): 
52.41.32.83:3000 Error Code 11: java.net.SocketTimeoutException: connect timed out

	at org.springframework.beans.factory.support.ConstructorResolver.instantiateUsingFactoryMethod(ConstructorResolver.java:599) ~[spring-beans-4.1.7.RELEASE.jar:4.1.7.RELEASE]
	at org.springframework.beans.factory.support.AbstractAutowireCapableBeanFactory.instantiateUsingFactoryMethod(AbstractAutowireCapableBeanFactory.java:1119) ~[spring-beans-4.1.7.RELEASE.jar:4.1.7.RELEASE]
	at org.springframework.beans.factory.support.AbstractAutowireCapableBeanFactory.createBeanInstance(AbstractAutowireCapableBeanFactory.java:1014) ~[spring-beans-4.1.7.RELEASE.jar:4.1.7.RELEASE]
	at org.springframework.beans.factory.support.AbstractAutowireCapableBeanFactory.doCreateBean(AbstractAutowireCapableBeanFactory.java:504) ~[spring-beans-4.1.7.RELEASE.jar:4.1.7.RELEASE]
	at org.springframework.beans.factory.support.AbstractAutowireCapableBeanFactory.createBean(AbstractAutowireCapableBeanFactory.java:476) ~[spring-beans-4.1.7.RELEASE.jar:4.1.7.RELEASE]
	at org.springframework.beans.factory.support.AbstractBeanFactory$1.getObject(AbstractBeanFactory.java:303) ~[spring-beans-4.1.7.RELEASE.jar:4.1.7.RELEASE]
	at org.springframework.beans.factory.support.DefaultSingletonBeanRegistry.getSingleton(DefaultSingletonBeanRegistry.java:230) ~[spring-beans-4.1.7.RELEASE.jar:4.1.7.RELEASE]
	at org.springframework.beans.factory.support.AbstractBeanFactory.doGetBean(AbstractBeanFactory.java:299) ~[spring-beans-4.1.7.RELEASE.jar:4.1.7.RELEASE]
	at org.springframework.beans.factory.support.AbstractBeanFactory.getBean(AbstractBeanFactory.java:194) ~[spring-beans-4.1.7.RELEASE.jar:4.1.7.RELEASE]
	at org.springframework.beans.factory.support.DefaultListableBeanFactory.preInstantiateSingletons(DefaultListableBeanFactory.java:755) ~[spring-beans-4.1.7.RELEASE.jar:4.1.7.RELEASE]
	at org.springframework.context.support.AbstractApplicationContext.finishBeanFactoryInitialization(AbstractApplicationContext.java:757) ~[spring-context-4.1.7.RELEASE.jar:4.1.7.RELEASE]
	at org.springframework.context.support.AbstractApplicationContext.refresh(AbstractApplicationContext.java:480) ~[spring-context-4.1.7.RELEASE.jar:4.1.7.RELEASE]
	at org.springframework.test.context.support.AbstractGenericContextLoader.loadContext(AbstractGenericContextLoader.java:125) [spring-test-4.1.7.RELEASE.jar:4.1.7.RELEASE]
	at org.springframework.test.context.support.AbstractGenericContextLoader.loadContext(AbstractGenericContextLoader.java:60) [spring-test-4.1.7.RELEASE.jar:4.1.7.RELEASE]
	at org.springframework.test.context.support.AbstractDelegatingSmartContextLoader.delegateLoading(AbstractDelegatingSmartContextLoader.java:109) [spring-test-4.1.7.RELEASE.jar:4.1.7.RELEASE]
	at org.springframework.test.context.support.AbstractDelegatingSmartContextLoader.loadContext(AbstractDelegatingSmartContextLoader.java:261) [spring-test-4.1.7.RELEASE.jar:4.1.7.RELEASE]
	at org.springframework.test.context.DefaultCacheAwareContextLoaderDelegate.loadContextInternal(DefaultCacheAwareContextLoaderDelegate.java:68) [spring-test-4.1.7.RELEASE.jar:4.1.7.RELEASE]
	at org.springframework.test.context.DefaultCacheAwareContextLoaderDelegate.loadContext(DefaultCacheAwareContextLoaderDelegate.java:86) [spring-test-4.1.7.RELEASE.jar:4.1.7.RELEASE]
	at org.springframework.test.context.DefaultTestContext.getApplicationContext(DefaultTestContext.java:72) [spring-test-4.1.7.RELEASE.jar:4.1.7.RELEASE]
	at org.springframework.test.context.support.DependencyInjectionTestExecutionListener.injectDependencies(DependencyInjectionTestExecutionListener.java:117) [spring-test-4.1.7.RELEASE.jar:4.1.7.RELEASE]
	at org.springframework.test.context.support.DependencyInjectionTestExecutionListener.prepareTestInstance(DependencyInjectionTestExecutionListener.java:83) [spring-test-4.1.7.RELEASE.jar:4.1.7.RELEASE]
	at org.springframework.test.context.TestContextManager.prepareTestInstance(TestContextManager.java:212) [spring-test-4.1.7.RELEASE.jar:4.1.7.RELEASE]
	at org.springframework.test.context.junit4.SpringJUnit4ClassRunner.createTest(SpringJUnit4ClassRunner.java:200) [spring-test-4.1.7.RELEASE.jar:4.1.7.RELEASE]
	at org.springframework.test.context.junit4.SpringJUnit4ClassRunner$1.runReflectiveCall(SpringJUnit4ClassRunner.java:259) [spring-test-4.1.7.RELEASE.jar:4.1.7.RELEASE]
	at org.junit.internal.runners.model.ReflectiveCallable.run(ReflectiveCallable.java:12) [junit-4.12.jar:4.12]
	at org.springframework.test.context.junit4.SpringJUnit4ClassRunner.methodBlock(SpringJUnit4ClassRunner.java:261) [spring-test-4.1.7.RELEASE.jar:4.1.7.RELEASE]
	at org.springframework.test.context.junit4.SpringJUnit4ClassRunner.runChild(SpringJUnit4ClassRunner.java:219) [spring-test-4.1.7.RELEASE.jar:4.1.7.RELEASE]
	at org.springframework.test.context.junit4.SpringJUnit4ClassRunner.runChild(SpringJUnit4ClassRunner.java:83) [spring-test-4.1.7.RELEASE.jar:4.1.7.RELEASE]
	at org.junit.runners.ParentRunner$3.run(ParentRunner.java:290) [junit-4.12.jar:4.12]
	at org.junit.runners.ParentRunner$1.schedule(ParentRunner.java:71) [junit-4.12.jar:4.12]
	at org.junit.runners.ParentRunner.runChildren(ParentRunner.java:288) [junit-4.12.jar:4.12]
	at org.junit.runners.ParentRunner.access$000(ParentRunner.java:58) [junit-4.12.jar:4.12]
	at org.junit.runners.ParentRunner$2.evaluate(ParentRunner.java:268) [junit-4.12.jar:4.12]
	at org.springframework.test.context.junit4.statements.RunBeforeTestClassCallbacks.evaluate(RunBeforeTestClassCallbacks.java:61) [spring-test-4.1.7.RELEASE.jar:4.1.7.RELEASE]
	at org.springframework.test.context.junit4.statements.RunAfterTestClassCallbacks.evaluate(RunAfterTestClassCallbacks.java:68) [spring-test-4.1.7.RELEASE.jar:4.1.7.RELEASE]
	at org.junit.runners.ParentRunner.run(ParentRunner.java:363) [junit-4.12.jar:4.12]
	at org.springframework.test.context.junit4.SpringJUnit4ClassRunner.run(SpringJUnit4ClassRunner.java:163) [spring-test-4.1.7.RELEASE.jar:4.1.7.RELEASE]
	at org.apache.maven.surefire.junit4.JUnit4Provider.execute(JUnit4Provider.java:283) [surefire-junit4-2.18.1.jar:2.18.1]
	at org.apache.maven.surefire.junit4.JUnit4Provider.executeWithRerun(JUnit4Provider.java:173) [surefire-junit4-2.18.1.jar:2.18.1]
	at org.apache.maven.surefire.junit4.JUnit4Provider.executeTestSet(JUnit4Provider.java:153) [surefire-junit4-2.18.1.jar:2.18.1]
	at org.apache.maven.surefire.junit4.JUnit4Provider.invoke(JUnit4Provider.java:128) [surefire-junit4-2.18.1.jar:2.18.1]
	at org.apache.maven.surefire.booter.ForkedBooter.invokeProviderInSameClassLoader(ForkedBooter.java:203) [surefire-booter-2.18.1.jar:2.18.1]
	at org.apache.maven.surefire.booter.ForkedBooter.runSuitesInProcess(ForkedBooter.java:155) [surefire-booter-2.18.1.jar:2.18.1]
	at org.apache.maven.surefire.booter.ForkedBooter.main(ForkedBooter.java:103) [surefire-booter-2.18.1.jar:2.18.1]
Caused by: org.springframework.beans.BeanInstantiationException: Failed to instantiate [org.springframework.data.aerospike.core.AerospikeTemplate]: Factory method 'aerospikeTemplate' threw exception; nested exception is org.springframework.beans.factory.BeanCreationException: Error creating bean with name 'aerospikeClient' defined in org.springframework.data.aerospike.repository.TestConfigPerson: Bean instantiation via factory method failed; nested exception is org.springframework.beans.BeanInstantiationException: Failed to instantiate [com.aerospike.client.AerospikeClient]: Factory method 'aerospikeClient' threw exception; nested exception is com.aerospike.client.AerospikeException$Connection: Error Code 11: Failed to connect to host(s): 
52.41.32.83:3000 Error Code 11: java.net.SocketTimeoutException: connect timed out

	at org.springframework.beans.factory.support.SimpleInstantiationStrategy.instantiate(SimpleInstantiationStrategy.java:189) ~[spring-beans-4.1.7.RELEASE.jar:4.1.7.RELEASE]
	at org.springframework.beans.factory.support.ConstructorResolver.instantiateUsingFactoryMethod(ConstructorResolver.java:588) ~[spring-beans-4.1.7.RELEASE.jar:4.1.7.RELEASE]
	... 43 common frames omitted
Caused by: org.springframework.beans.factory.BeanCreationException: Error creating bean with name 'aerospikeClient' defined in org.springframework.data.aerospike.repository.TestConfigPerson: Bean instantiation via factory method failed; nested exception is org.springframework.beans.BeanInstantiationException: Failed to instantiate [com.aerospike.client.AerospikeClient]: Factory method 'aerospikeClient' threw exception; nested exception is com.aerospike.client.AerospikeException$Connection: Error Code 11: Failed to connect to host(s): 
52.41.32.83:3000 Error Code 11: java.net.SocketTimeoutException: connect timed out

	at org.springframework.beans.factory.support.ConstructorResolver.instantiateUsingFactoryMethod(ConstructorResolver.java:599) ~[spring-beans-4.1.7.RELEASE.jar:4.1.7.RELEASE]
	at org.springframework.beans.factory.support.AbstractAutowireCapableBeanFactory.instantiateUsingFactoryMethod(AbstractAutowireCapableBeanFactory.java:1119) ~[spring-beans-4.1.7.RELEASE.jar:4.1.7.RELEASE]
	at org.springframework.beans.factory.support.AbstractAutowireCapableBeanFactory.createBeanInstance(AbstractAutowireCapableBeanFactory.java:1014) ~[spring-beans-4.1.7.RELEASE.jar:4.1.7.RELEASE]
	at org.springframework.beans.factory.support.AbstractAutowireCapableBeanFactory.doCreateBean(AbstractAutowireCapableBeanFactory.java:504) ~[spring-beans-4.1.7.RELEASE.jar:4.1.7.RELEASE]
	at org.springframework.beans.factory.support.AbstractAutowireCapableBeanFactory.createBean(AbstractAutowireCapableBeanFactory.java:476) ~[spring-beans-4.1.7.RELEASE.jar:4.1.7.RELEASE]
	at org.springframework.beans.factory.support.AbstractBeanFactory$1.getObject(AbstractBeanFactory.java:303) ~[spring-beans-4.1.7.RELEASE.jar:4.1.7.RELEASE]
	at org.springframework.beans.factory.support.DefaultSingletonBeanRegistry.getSingleton(DefaultSingletonBeanRegistry.java:230) ~[spring-beans-4.1.7.RELEASE.jar:4.1.7.RELEASE]
	at org.springframework.beans.factory.support.AbstractBeanFactory.doGetBean(AbstractBeanFactory.java:299) ~[spring-beans-4.1.7.RELEASE.jar:4.1.7.RELEASE]
	at org.springframework.beans.factory.support.AbstractBeanFactory.getBean(AbstractBeanFactory.java:194) ~[spring-beans-4.1.7.RELEASE.jar:4.1.7.RELEASE]
	at org.springframework.context.annotation.ConfigurationClassEnhancer$BeanMethodInterceptor.intercept(ConfigurationClassEnhancer.java:322) ~[spring-context-4.1.7.RELEASE.jar:4.1.7.RELEASE]
	at org.springframework.data.aerospike.repository.TestConfigPerson$$EnhancerBySpringCGLIB$$3f27a8da.aerospikeClient(<generated>) ~[spring-core-4.1.7.RELEASE.jar:na]
	at org.springframework.data.aerospike.repository.TestConfigPerson.aerospikeTemplate(TestConfigPerson.java:38) ~[test-classes/:na]
	at org.springframework.data.aerospike.repository.TestConfigPerson$$EnhancerBySpringCGLIB$$3f27a8da.CGLIB$aerospikeTemplate$0(<generated>) ~[spring-core-4.1.7.RELEASE.jar:na]
	at org.springframework.data.aerospike.repository.TestConfigPerson$$EnhancerBySpringCGLIB$$3f27a8da$$FastClassBySpringCGLIB$$38965c5e.invoke(<generated>) ~[spring-core-4.1.7.RELEASE.jar:na]
	at org.springframework.cglib.proxy.MethodProxy.invokeSuper(MethodProxy.java:228) ~[spring-core-4.1.7.RELEASE.jar:4.1.7.RELEASE]
	at org.springframework.context.annotation.ConfigurationClassEnhancer$BeanMethodInterceptor.intercept(ConfigurationClassEnhancer.java:309) ~[spring-context-4.1.7.RELEASE.jar:4.1.7.RELEASE]
	at org.springframework.data.aerospike.repository.TestConfigPerson$$EnhancerBySpringCGLIB$$3f27a8da.aerospikeTemplate(<generated>) ~[spring-core-4.1.7.RELEASE.jar:na]
	at sun.reflect.GeneratedMethodAccessor45.invoke(Unknown Source) ~[na:na]
	at sun.reflect.DelegatingMethodAccessorImpl.invoke(DelegatingMethodAccessorImpl.java:43) ~[na:1.8.0_91]
	at java.lang.reflect.Method.invoke(Method.java:498) ~[na:1.8.0_91]
	at org.springframework.beans.factory.support.SimpleInstantiationStrategy.instantiate(SimpleInstantiationStrategy.java:162) ~[spring-beans-4.1.7.RELEASE.jar:4.1.7.RELEASE]
	... 44 common frames omitted
Caused by: org.springframework.beans.BeanInstantiationException: Failed to instantiate [com.aerospike.client.AerospikeClient]: Factory method 'aerospikeClient' threw exception; nested exception is com.aerospike.client.AerospikeException$Connection: Error Code 11: Failed to connect to host(s): 
52.41.32.83:3000 Error Code 11: java.net.SocketTimeoutException: connect timed out

	at org.springframework.beans.factory.support.SimpleInstantiationStrategy.instantiate(SimpleInstantiationStrategy.java:189) ~[spring-beans-4.1.7.RELEASE.jar:4.1.7.RELEASE]
	at org.springframework.beans.factory.support.ConstructorResolver.instantiateUsingFactoryMethod(ConstructorResolver.java:588) ~[spring-beans-4.1.7.RELEASE.jar:4.1.7.RELEASE]
	... 64 common frames omitted
Caused by: com.aerospike.client.AerospikeException$Connection: Error Code 11: Failed to connect to host(s): 
52.41.32.83:3000 Error Code 11: java.net.SocketTimeoutException: connect timed out

	at com.aerospike.client.cluster.Cluster.seedNodes(Cluster.java:386) ~[aerospike-client-3.2.3.jar:na]
	at com.aerospike.client.cluster.Cluster.tend(Cluster.java:273) ~[aerospike-client-3.2.3.jar:na]
	at com.aerospike.client.cluster.Cluster.waitTillStabilized(Cluster.java:238) ~[aerospike-client-3.2.3.jar:na]
	at com.aerospike.client.cluster.Cluster.initTendThread(Cluster.java:148) ~[aerospike-client-3.2.3.jar:na]
	at com.aerospike.client.AerospikeClient.<init>(AerospikeClient.java:209) ~[aerospike-client-3.2.3.jar:na]
	at com.aerospike.client.AerospikeClient.<init>(AerospikeClient.java:173) ~[aerospike-client-3.2.3.jar:na]
	at org.springframework.data.aerospike.repository.TestConfigPerson.aerospikeClient(TestConfigPerson.java:32) ~[test-classes/:na]
	at org.springframework.data.aerospike.repository.TestConfigPerson$$EnhancerBySpringCGLIB$$3f27a8da.CGLIB$aerospikeClient$1(<generated>) ~[spring-core-4.1.7.RELEASE.jar:na]
	at org.springframework.data.aerospike.repository.TestConfigPerson$$EnhancerBySpringCGLIB$$3f27a8da$$FastClassBySpringCGLIB$$38965c5e.invoke(<generated>) ~[spring-core-4.1.7.RELEASE.jar:na]
	at org.springframework.cglib.proxy.MethodProxy.invokeSuper(MethodProxy.java:228) ~[spring-core-4.1.7.RELEASE.jar:4.1.7.RELEASE]
	at org.springframework.context.annotation.ConfigurationClassEnhancer$BeanMethodInterceptor.intercept(ConfigurationClassEnhancer.java:309) ~[spring-context-4.1.7.RELEASE.jar:4.1.7.RELEASE]
	at org.springframework.data.aerospike.repository.TestConfigPerson$$EnhancerBySpringCGLIB$$3f27a8da.aerospikeClient(<generated>) ~[spring-core-4.1.7.RELEASE.jar:na]
	at sun.reflect.GeneratedMethodAccessor46.invoke(Unknown Source) ~[na:na]
	at sun.reflect.DelegatingMethodAccessorImpl.invoke(DelegatingMethodAccessorImpl.java:43) ~[na:1.8.0_91]
	at java.lang.reflect.Method.invoke(Method.java:498) ~[na:1.8.0_91]
	at org.springframework.beans.factory.support.SimpleInstantiationStrategy.instantiate(SimpleInstantiationStrategy.java:162) ~[spring-beans-4.1.7.RELEASE.jar:4.1.7.RELEASE]
	... 65 common frames omitted
16:38:05.834 [main] DEBUG o.s.b.f.s.DefaultListableBeanFactory - Destroying singletons in org.springframework.beans.factory.support.DefaultListableBeanFactory@76f881d9: defining beans [org.springframework.context.annotation.internalConfigurationAnnotationProcessor,org.springframework.context.annotation.internalAutowiredAnnotationProcessor,org.springframework.context.annotation.internalRequiredAnnotationProcessor,org.springframework.context.annotation.internalCommonAnnotationProcessor,testConfigPerson,org.springframework.context.annotation.ConfigurationClassPostProcessor.importAwareProcessor,org.springframework.context.annotation.ConfigurationClassPostProcessor.enhancedConfigurationProcessor,aerospikeTemplate,aerospikeClient,org.springframework.data.aerospike.repository.config.AerospikeRepositoriesRegistrar$AerospikeRepositoryConfigurationExtension#0,org.springframework.data.repository.core.support.RepositoryInterfaceAwareBeanPostProcessor,keyValueMappingContext,personRepository,contactRepository]; root of factory hierarchy
16:38:05.836 [main] ERROR o.s.test.context.TestContextManager - Caught exception while allowing TestExecutionListener [org.springframework.test.context.support.DependencyInjectionTestExecutionListener@334ebcaa] to prepare test instance [org.springframework.data.aerospike.repository.PersonRepositoryIntegrationTests@682abca7]
java.lang.IllegalStateException: Failed to load ApplicationContext
	at org.springframework.test.context.DefaultCacheAwareContextLoaderDelegate.loadContext(DefaultCacheAwareContextLoaderDelegate.java:94) ~[spring-test-4.1.7.RELEASE.jar:4.1.7.RELEASE]
	at org.springframework.test.context.DefaultTestContext.getApplicationContext(DefaultTestContext.java:72) ~[spring-test-4.1.7.RELEASE.jar:4.1.7.RELEASE]
	at org.springframework.test.context.support.DependencyInjectionTestExecutionListener.injectDependencies(DependencyInjectionTestExecutionListener.java:117) ~[spring-test-4.1.7.RELEASE.jar:4.1.7.RELEASE]
	at org.springframework.test.context.support.DependencyInjectionTestExecutionListener.prepareTestInstance(DependencyInjectionTestExecutionListener.java:83) ~[spring-test-4.1.7.RELEASE.jar:4.1.7.RELEASE]
	at org.springframework.test.context.TestContextManager.prepareTestInstance(TestContextManager.java:212) ~[spring-test-4.1.7.RELEASE.jar:4.1.7.RELEASE]
	at org.springframework.test.context.junit4.SpringJUnit4ClassRunner.createTest(SpringJUnit4ClassRunner.java:200) [spring-test-4.1.7.RELEASE.jar:4.1.7.RELEASE]
	at org.springframework.test.context.junit4.SpringJUnit4ClassRunner$1.runReflectiveCall(SpringJUnit4ClassRunner.java:259) [spring-test-4.1.7.RELEASE.jar:4.1.7.RELEASE]
	at org.junit.internal.runners.model.ReflectiveCallable.run(ReflectiveCallable.java:12) [junit-4.12.jar:4.12]
	at org.springframework.test.context.junit4.SpringJUnit4ClassRunner.methodBlock(SpringJUnit4ClassRunner.java:261) [spring-test-4.1.7.RELEASE.jar:4.1.7.RELEASE]
	at org.springframework.test.context.junit4.SpringJUnit4ClassRunner.runChild(SpringJUnit4ClassRunner.java:219) [spring-test-4.1.7.RELEASE.jar:4.1.7.RELEASE]
	at org.springframework.test.context.junit4.SpringJUnit4ClassRunner.runChild(SpringJUnit4ClassRunner.java:83) [spring-test-4.1.7.RELEASE.jar:4.1.7.RELEASE]
	at org.junit.runners.ParentRunner$3.run(ParentRunner.java:290) [junit-4.12.jar:4.12]
	at org.junit.runners.ParentRunner$1.schedule(ParentRunner.java:71) [junit-4.12.jar:4.12]
	at org.junit.runners.ParentRunner.runChildren(ParentRunner.java:288) [junit-4.12.jar:4.12]
	at org.junit.runners.ParentRunner.access$000(ParentRunner.java:58) [junit-4.12.jar:4.12]
	at org.junit.runners.ParentRunner$2.evaluate(ParentRunner.java:268) [junit-4.12.jar:4.12]
	at org.springframework.test.context.junit4.statements.RunBeforeTestClassCallbacks.evaluate(RunBeforeTestClassCallbacks.java:61) [spring-test-4.1.7.RELEASE.jar:4.1.7.RELEASE]
	at org.springframework.test.context.junit4.statements.RunAfterTestClassCallbacks.evaluate(RunAfterTestClassCallbacks.java:68) [spring-test-4.1.7.RELEASE.jar:4.1.7.RELEASE]
	at org.junit.runners.ParentRunner.run(ParentRunner.java:363) [junit-4.12.jar:4.12]
	at org.springframework.test.context.junit4.SpringJUnit4ClassRunner.run(SpringJUnit4ClassRunner.java:163) [spring-test-4.1.7.RELEASE.jar:4.1.7.RELEASE]
	at org.apache.maven.surefire.junit4.JUnit4Provider.execute(JUnit4Provider.java:283) [surefire-junit4-2.18.1.jar:2.18.1]
	at org.apache.maven.surefire.junit4.JUnit4Provider.executeWithRerun(JUnit4Provider.java:173) [surefire-junit4-2.18.1.jar:2.18.1]
	at org.apache.maven.surefire.junit4.JUnit4Provider.executeTestSet(JUnit4Provider.java:153) [surefire-junit4-2.18.1.jar:2.18.1]
	at org.apache.maven.surefire.junit4.JUnit4Provider.invoke(JUnit4Provider.java:128) [surefire-junit4-2.18.1.jar:2.18.1]
	at org.apache.maven.surefire.booter.ForkedBooter.invokeProviderInSameClassLoader(ForkedBooter.java:203) [surefire-booter-2.18.1.jar:2.18.1]
	at org.apache.maven.surefire.booter.ForkedBooter.runSuitesInProcess(ForkedBooter.java:155) [surefire-booter-2.18.1.jar:2.18.1]
	at org.apache.maven.surefire.booter.ForkedBooter.main(ForkedBooter.java:103) [surefire-booter-2.18.1.jar:2.18.1]
Caused by: org.springframework.beans.factory.BeanCreationException: Error creating bean with name 'aerospikeTemplate' defined in org.springframework.data.aerospike.repository.TestConfigPerson: Bean instantiation via factory method failed; nested exception is org.springframework.beans.BeanInstantiationException: Failed to instantiate [org.springframework.data.aerospike.core.AerospikeTemplate]: Factory method 'aerospikeTemplate' threw exception; nested exception is org.springframework.beans.factory.BeanCreationException: Error creating bean with name 'aerospikeClient' defined in org.springframework.data.aerospike.repository.TestConfigPerson: Bean instantiation via factory method failed; nested exception is org.springframework.beans.BeanInstantiationException: Failed to instantiate [com.aerospike.client.AerospikeClient]: Factory method 'aerospikeClient' threw exception; nested exception is com.aerospike.client.AerospikeException$Connection: Error Code 11: Failed to connect to host(s): 
52.41.32.83:3000 Error Code 11: java.net.SocketTimeoutException: connect timed out

	at org.springframework.beans.factory.support.ConstructorResolver.instantiateUsingFactoryMethod(ConstructorResolver.java:599) ~[spring-beans-4.1.7.RELEASE.jar:4.1.7.RELEASE]
	at org.springframework.beans.factory.support.AbstractAutowireCapableBeanFactory.instantiateUsingFactoryMethod(AbstractAutowireCapableBeanFactory.java:1119) ~[spring-beans-4.1.7.RELEASE.jar:4.1.7.RELEASE]
	at org.springframework.beans.factory.support.AbstractAutowireCapableBeanFactory.createBeanInstance(AbstractAutowireCapableBeanFactory.java:1014) ~[spring-beans-4.1.7.RELEASE.jar:4.1.7.RELEASE]
	at org.springframework.beans.factory.support.AbstractAutowireCapableBeanFactory.doCreateBean(AbstractAutowireCapableBeanFactory.java:504) ~[spring-beans-4.1.7.RELEASE.jar:4.1.7.RELEASE]
	at org.springframework.beans.factory.support.AbstractAutowireCapableBeanFactory.createBean(AbstractAutowireCapableBeanFactory.java:476) ~[spring-beans-4.1.7.RELEASE.jar:4.1.7.RELEASE]
	at org.springframework.beans.factory.support.AbstractBeanFactory$1.getObject(AbstractBeanFactory.java:303) ~[spring-beans-4.1.7.RELEASE.jar:4.1.7.RELEASE]
	at org.springframework.beans.factory.support.DefaultSingletonBeanRegistry.getSingleton(DefaultSingletonBeanRegistry.java:230) ~[spring-beans-4.1.7.RELEASE.jar:4.1.7.RELEASE]
	at org.springframework.beans.factory.support.AbstractBeanFactory.doGetBean(AbstractBeanFactory.java:299) ~[spring-beans-4.1.7.RELEASE.jar:4.1.7.RELEASE]
	at org.springframework.beans.factory.support.AbstractBeanFactory.getBean(AbstractBeanFactory.java:194) ~[spring-beans-4.1.7.RELEASE.jar:4.1.7.RELEASE]
	at org.springframework.beans.factory.support.DefaultListableBeanFactory.preInstantiateSingletons(DefaultListableBeanFactory.java:755) ~[spring-beans-4.1.7.RELEASE.jar:4.1.7.RELEASE]
	at org.springframework.context.support.AbstractApplicationContext.finishBeanFactoryInitialization(AbstractApplicationContext.java:757) ~[spring-context-4.1.7.RELEASE.jar:4.1.7.RELEASE]
	at org.springframework.context.support.AbstractApplicationContext.refresh(AbstractApplicationContext.java:480) ~[spring-context-4.1.7.RELEASE.jar:4.1.7.RELEASE]
	at org.springframework.test.context.support.AbstractGenericContextLoader.loadContext(AbstractGenericContextLoader.java:125) ~[spring-test-4.1.7.RELEASE.jar:4.1.7.RELEASE]
	at org.springframework.test.context.support.AbstractGenericContextLoader.loadContext(AbstractGenericContextLoader.java:60) ~[spring-test-4.1.7.RELEASE.jar:4.1.7.RELEASE]
	at org.springframework.test.context.support.AbstractDelegatingSmartContextLoader.delegateLoading(AbstractDelegatingSmartContextLoader.java:109) ~[spring-test-4.1.7.RELEASE.jar:4.1.7.RELEASE]
	at org.springframework.test.context.support.AbstractDelegatingSmartContextLoader.loadContext(AbstractDelegatingSmartContextLoader.java:261) ~[spring-test-4.1.7.RELEASE.jar:4.1.7.RELEASE]
	at org.springframework.test.context.DefaultCacheAwareContextLoaderDelegate.loadContextInternal(DefaultCacheAwareContextLoaderDelegate.java:68) ~[spring-test-4.1.7.RELEASE.jar:4.1.7.RELEASE]
	at org.springframework.test.context.DefaultCacheAwareContextLoaderDelegate.loadContext(DefaultCacheAwareContextLoaderDelegate.java:86) ~[spring-test-4.1.7.RELEASE.jar:4.1.7.RELEASE]
	... 26 common frames omitted
Caused by: org.springframework.beans.BeanInstantiationException: Failed to instantiate [org.springframework.data.aerospike.core.AerospikeTemplate]: Factory method 'aerospikeTemplate' threw exception; nested exception is org.springframework.beans.factory.BeanCreationException: Error creating bean with name 'aerospikeClient' defined in org.springframework.data.aerospike.repository.TestConfigPerson: Bean instantiation via factory method failed; nested exception is org.springframework.beans.BeanInstantiationException: Failed to instantiate [com.aerospike.client.AerospikeClient]: Factory method 'aerospikeClient' threw exception; nested exception is com.aerospike.client.AerospikeException$Connection: Error Code 11: Failed to connect to host(s): 
52.41.32.83:3000 Error Code 11: java.net.SocketTimeoutException: connect timed out

	at org.springframework.beans.factory.support.SimpleInstantiationStrategy.instantiate(SimpleInstantiationStrategy.java:189) ~[spring-beans-4.1.7.RELEASE.jar:4.1.7.RELEASE]
	at org.springframework.beans.factory.support.ConstructorResolver.instantiateUsingFactoryMethod(ConstructorResolver.java:588) ~[spring-beans-4.1.7.RELEASE.jar:4.1.7.RELEASE]
	... 43 common frames omitted
Caused by: org.springframework.beans.factory.BeanCreationException: Error creating bean with name 'aerospikeClient' defined in org.springframework.data.aerospike.repository.TestConfigPerson: Bean instantiation via factory method failed; nested exception is org.springframework.beans.BeanInstantiationException: Failed to instantiate [com.aerospike.client.AerospikeClient]: Factory method 'aerospikeClient' threw exception; nested exception is com.aerospike.client.AerospikeException$Connection: Error Code 11: Failed to connect to host(s): 
52.41.32.83:3000 Error Code 11: java.net.SocketTimeoutException: connect timed out

	at org.springframework.beans.factory.support.ConstructorResolver.instantiateUsingFactoryMethod(ConstructorResolver.java:599) ~[spring-beans-4.1.7.RELEASE.jar:4.1.7.RELEASE]
	at org.springframework.beans.factory.support.AbstractAutowireCapableBeanFactory.instantiateUsingFactoryMethod(AbstractAutowireCapableBeanFactory.java:1119) ~[spring-beans-4.1.7.RELEASE.jar:4.1.7.RELEASE]
	at org.springframework.beans.factory.support.AbstractAutowireCapableBeanFactory.createBeanInstance(AbstractAutowireCapableBeanFactory.java:1014) ~[spring-beans-4.1.7.RELEASE.jar:4.1.7.RELEASE]
	at org.springframework.beans.factory.support.AbstractAutowireCapableBeanFactory.doCreateBean(AbstractAutowireCapableBeanFactory.java:504) ~[spring-beans-4.1.7.RELEASE.jar:4.1.7.RELEASE]
	at org.springframework.beans.factory.support.AbstractAutowireCapableBeanFactory.createBean(AbstractAutowireCapableBeanFactory.java:476) ~[spring-beans-4.1.7.RELEASE.jar:4.1.7.RELEASE]
	at org.springframework.beans.factory.support.AbstractBeanFactory$1.getObject(AbstractBeanFactory.java:303) ~[spring-beans-4.1.7.RELEASE.jar:4.1.7.RELEASE]
	at org.springframework.beans.factory.support.DefaultSingletonBeanRegistry.getSingleton(DefaultSingletonBeanRegistry.java:230) ~[spring-beans-4.1.7.RELEASE.jar:4.1.7.RELEASE]
	at org.springframework.beans.factory.support.AbstractBeanFactory.doGetBean(AbstractBeanFactory.java:299) ~[spring-beans-4.1.7.RELEASE.jar:4.1.7.RELEASE]
	at org.springframework.beans.factory.support.AbstractBeanFactory.getBean(AbstractBeanFactory.java:194) ~[spring-beans-4.1.7.RELEASE.jar:4.1.7.RELEASE]
	at org.springframework.context.annotation.ConfigurationClassEnhancer$BeanMethodInterceptor.intercept(ConfigurationClassEnhancer.java:322) ~[spring-context-4.1.7.RELEASE.jar:4.1.7.RELEASE]
	at org.springframework.data.aerospike.repository.TestConfigPerson$$EnhancerBySpringCGLIB$$3f27a8da.aerospikeClient(<generated>) ~[spring-core-4.1.7.RELEASE.jar:na]
	at org.springframework.data.aerospike.repository.TestConfigPerson.aerospikeTemplate(TestConfigPerson.java:38) ~[test-classes/:na]
	at org.springframework.data.aerospike.repository.TestConfigPerson$$EnhancerBySpringCGLIB$$3f27a8da.CGLIB$aerospikeTemplate$0(<generated>) ~[spring-core-4.1.7.RELEASE.jar:na]
	at org.springframework.data.aerospike.repository.TestConfigPerson$$EnhancerBySpringCGLIB$$3f27a8da$$FastClassBySpringCGLIB$$38965c5e.invoke(<generated>) ~[spring-core-4.1.7.RELEASE.jar:na]
	at org.springframework.cglib.proxy.MethodProxy.invokeSuper(MethodProxy.java:228) ~[spring-core-4.1.7.RELEASE.jar:4.1.7.RELEASE]
	at org.springframework.context.annotation.ConfigurationClassEnhancer$BeanMethodInterceptor.intercept(ConfigurationClassEnhancer.java:309) ~[spring-context-4.1.7.RELEASE.jar:4.1.7.RELEASE]
	at org.springframework.data.aerospike.repository.TestConfigPerson$$EnhancerBySpringCGLIB$$3f27a8da.aerospikeTemplate(<generated>) ~[spring-core-4.1.7.RELEASE.jar:na]
	at sun.reflect.GeneratedMethodAccessor45.invoke(Unknown Source) ~[na:na]
	at sun.reflect.DelegatingMethodAccessorImpl.invoke(DelegatingMethodAccessorImpl.java:43) ~[na:1.8.0_91]
	at java.lang.reflect.Method.invoke(Method.java:498) ~[na:1.8.0_91]
	at org.springframework.beans.factory.support.SimpleInstantiationStrategy.instantiate(SimpleInstantiationStrategy.java:162) ~[spring-beans-4.1.7.RELEASE.jar:4.1.7.RELEASE]
	... 44 common frames omitted
Caused by: org.springframework.beans.BeanInstantiationException: Failed to instantiate [com.aerospike.client.AerospikeClient]: Factory method 'aerospikeClient' threw exception; nested exception is com.aerospike.client.AerospikeException$Connection: Error Code 11: Failed to connect to host(s): 
52.41.32.83:3000 Error Code 11: java.net.SocketTimeoutException: connect timed out

	at org.springframework.beans.factory.support.SimpleInstantiationStrategy.instantiate(SimpleInstantiationStrategy.java:189) ~[spring-beans-4.1.7.RELEASE.jar:4.1.7.RELEASE]
	at org.springframework.beans.factory.support.ConstructorResolver.instantiateUsingFactoryMethod(ConstructorResolver.java:588) ~[spring-beans-4.1.7.RELEASE.jar:4.1.7.RELEASE]
	... 64 common frames omitted
Caused by: com.aerospike.client.AerospikeException$Connection: Error Code 11: Failed to connect to host(s): 
52.41.32.83:3000 Error Code 11: java.net.SocketTimeoutException: connect timed out

	at com.aerospike.client.cluster.Cluster.seedNodes(Cluster.java:386) ~[aerospike-client-3.2.3.jar:na]
	at com.aerospike.client.cluster.Cluster.tend(Cluster.java:273) ~[aerospike-client-3.2.3.jar:na]
	at com.aerospike.client.cluster.Cluster.waitTillStabilized(Cluster.java:238) ~[aerospike-client-3.2.3.jar:na]
	at com.aerospike.client.cluster.Cluster.initTendThread(Cluster.java:148) ~[aerospike-client-3.2.3.jar:na]
	at com.aerospike.client.AerospikeClient.<init>(AerospikeClient.java:209) ~[aerospike-client-3.2.3.jar:na]
	at com.aerospike.client.AerospikeClient.<init>(AerospikeClient.java:173) ~[aerospike-client-3.2.3.jar:na]
	at org.springframework.data.aerospike.repository.TestConfigPerson.aerospikeClient(TestConfigPerson.java:32) ~[test-classes/:na]
	at org.springframework.data.aerospike.repository.TestConfigPerson$$EnhancerBySpringCGLIB$$3f27a8da.CGLIB$aerospikeClient$1(<generated>) ~[spring-core-4.1.7.RELEASE.jar:na]
	at org.springframework.data.aerospike.repository.TestConfigPerson$$EnhancerBySpringCGLIB$$3f27a8da$$FastClassBySpringCGLIB$$38965c5e.invoke(<generated>) ~[spring-core-4.1.7.RELEASE.jar:na]
	at org.springframework.cglib.proxy.MethodProxy.invokeSuper(MethodProxy.java:228) ~[spring-core-4.1.7.RELEASE.jar:4.1.7.RELEASE]
	at org.springframework.context.annotation.ConfigurationClassEnhancer$BeanMethodInterceptor.intercept(ConfigurationClassEnhancer.java:309) ~[spring-context-4.1.7.RELEASE.jar:4.1.7.RELEASE]
	at org.springframework.data.aerospike.repository.TestConfigPerson$$EnhancerBySpringCGLIB$$3f27a8da.aerospikeClient(<generated>) ~[spring-core-4.1.7.RELEASE.jar:na]
	at sun.reflect.GeneratedMethodAccessor46.invoke(Unknown Source) ~[na:na]
	at sun.reflect.DelegatingMethodAccessorImpl.invoke(DelegatingMethodAccessorImpl.java:43) ~[na:1.8.0_91]
	at java.lang.reflect.Method.invoke(Method.java:498) ~[na:1.8.0_91]
	at org.springframework.beans.factory.support.SimpleInstantiationStrategy.instantiate(SimpleInstantiationStrategy.java:162) ~[spring-beans-4.1.7.RELEASE.jar:4.1.7.RELEASE]
	... 65 common frames omitted
]]></system-out>
  </testcase>
  <testcase name="findsPersonInAgeRangeAndNameCorrectly" classname="org.springframework.data.aerospike.repository.PersonRepositoryIntegrationTests" time="0.001">
    <error message="Failed to load ApplicationContext" type="java.lang.IllegalStateException"><![CDATA[java.lang.IllegalStateException: Failed to load ApplicationContext
	at org.springframework.test.context.DefaultCacheAwareContextLoaderDelegate.loadContext(DefaultCacheAwareContextLoaderDelegate.java:94)
	at org.springframework.test.context.DefaultTestContext.getApplicationContext(DefaultTestContext.java:72)
	at org.springframework.test.context.support.DependencyInjectionTestExecutionListener.injectDependencies(DependencyInjectionTestExecutionListener.java:117)
	at org.springframework.test.context.support.DependencyInjectionTestExecutionListener.prepareTestInstance(DependencyInjectionTestExecutionListener.java:83)
	at org.springframework.test.context.TestContextManager.prepareTestInstance(TestContextManager.java:212)
	at org.springframework.test.context.junit4.SpringJUnit4ClassRunner.createTest(SpringJUnit4ClassRunner.java:200)
	at org.springframework.test.context.junit4.SpringJUnit4ClassRunner$1.runReflectiveCall(SpringJUnit4ClassRunner.java:259)
	at org.junit.internal.runners.model.ReflectiveCallable.run(ReflectiveCallable.java:12)
	at org.springframework.test.context.junit4.SpringJUnit4ClassRunner.methodBlock(SpringJUnit4ClassRunner.java:261)
	at org.springframework.test.context.junit4.SpringJUnit4ClassRunner.runChild(SpringJUnit4ClassRunner.java:219)
	at org.springframework.test.context.junit4.SpringJUnit4ClassRunner.runChild(SpringJUnit4ClassRunner.java:83)
	at org.junit.runners.ParentRunner$3.run(ParentRunner.java:290)
	at org.junit.runners.ParentRunner$1.schedule(ParentRunner.java:71)
	at org.junit.runners.ParentRunner.runChildren(ParentRunner.java:288)
	at org.junit.runners.ParentRunner.access$000(ParentRunner.java:58)
	at org.junit.runners.ParentRunner$2.evaluate(ParentRunner.java:268)
	at org.springframework.test.context.junit4.statements.RunBeforeTestClassCallbacks.evaluate(RunBeforeTestClassCallbacks.java:61)
	at org.springframework.test.context.junit4.statements.RunAfterTestClassCallbacks.evaluate(RunAfterTestClassCallbacks.java:68)
	at org.junit.runners.ParentRunner.run(ParentRunner.java:363)
	at org.springframework.test.context.junit4.SpringJUnit4ClassRunner.run(SpringJUnit4ClassRunner.java:163)
	at org.apache.maven.surefire.junit4.JUnit4Provider.execute(JUnit4Provider.java:283)
	at org.apache.maven.surefire.junit4.JUnit4Provider.executeWithRerun(JUnit4Provider.java:173)
	at org.apache.maven.surefire.junit4.JUnit4Provider.executeTestSet(JUnit4Provider.java:153)
	at org.apache.maven.surefire.junit4.JUnit4Provider.invoke(JUnit4Provider.java:128)
	at org.apache.maven.surefire.booter.ForkedBooter.invokeProviderInSameClassLoader(ForkedBooter.java:203)
	at org.apache.maven.surefire.booter.ForkedBooter.runSuitesInProcess(ForkedBooter.java:155)
	at org.apache.maven.surefire.booter.ForkedBooter.main(ForkedBooter.java:103)
Caused by: org.springframework.beans.factory.BeanCreationException: Error creating bean with name 'aerospikeTemplate' defined in org.springframework.data.aerospike.repository.TestConfigPerson: Bean instantiation via factory method failed; nested exception is org.springframework.beans.BeanInstantiationException: Failed to instantiate [org.springframework.data.aerospike.core.AerospikeTemplate]: Factory method 'aerospikeTemplate' threw exception; nested exception is org.springframework.beans.factory.BeanCreationException: Error creating bean with name 'aerospikeClient' defined in org.springframework.data.aerospike.repository.TestConfigPerson: Bean instantiation via factory method failed; nested exception is org.springframework.beans.BeanInstantiationException: Failed to instantiate [com.aerospike.client.AerospikeClient]: Factory method 'aerospikeClient' threw exception; nested exception is com.aerospike.client.AerospikeException$Connection: Error Code 11: Failed to connect to host(s): 
52.41.32.83:3000 Error Code 11: java.net.SocketTimeoutException: connect timed out

	at org.springframework.beans.factory.support.ConstructorResolver.instantiateUsingFactoryMethod(ConstructorResolver.java:599)
	at org.springframework.beans.factory.support.AbstractAutowireCapableBeanFactory.instantiateUsingFactoryMethod(AbstractAutowireCapableBeanFactory.java:1119)
	at org.springframework.beans.factory.support.AbstractAutowireCapableBeanFactory.createBeanInstance(AbstractAutowireCapableBeanFactory.java:1014)
	at org.springframework.beans.factory.support.AbstractAutowireCapableBeanFactory.doCreateBean(AbstractAutowireCapableBeanFactory.java:504)
	at org.springframework.beans.factory.support.AbstractAutowireCapableBeanFactory.createBean(AbstractAutowireCapableBeanFactory.java:476)
	at org.springframework.beans.factory.support.AbstractBeanFactory$1.getObject(AbstractBeanFactory.java:303)
	at org.springframework.beans.factory.support.DefaultSingletonBeanRegistry.getSingleton(DefaultSingletonBeanRegistry.java:230)
	at org.springframework.beans.factory.support.AbstractBeanFactory.doGetBean(AbstractBeanFactory.java:299)
	at org.springframework.beans.factory.support.AbstractBeanFactory.getBean(AbstractBeanFactory.java:194)
	at org.springframework.beans.factory.support.DefaultListableBeanFactory.preInstantiateSingletons(DefaultListableBeanFactory.java:755)
	at org.springframework.context.support.AbstractApplicationContext.finishBeanFactoryInitialization(AbstractApplicationContext.java:757)
	at org.springframework.context.support.AbstractApplicationContext.refresh(AbstractApplicationContext.java:480)
	at org.springframework.test.context.support.AbstractGenericContextLoader.loadContext(AbstractGenericContextLoader.java:125)
	at org.springframework.test.context.support.AbstractGenericContextLoader.loadContext(AbstractGenericContextLoader.java:60)
	at org.springframework.test.context.support.AbstractDelegatingSmartContextLoader.delegateLoading(AbstractDelegatingSmartContextLoader.java:109)
	at org.springframework.test.context.support.AbstractDelegatingSmartContextLoader.loadContext(AbstractDelegatingSmartContextLoader.java:261)
	at org.springframework.test.context.DefaultCacheAwareContextLoaderDelegate.loadContextInternal(DefaultCacheAwareContextLoaderDelegate.java:68)
	at org.springframework.test.context.DefaultCacheAwareContextLoaderDelegate.loadContext(DefaultCacheAwareContextLoaderDelegate.java:86)
	at org.springframework.test.context.DefaultTestContext.getApplicationContext(DefaultTestContext.java:72)
	at org.springframework.test.context.support.DependencyInjectionTestExecutionListener.injectDependencies(DependencyInjectionTestExecutionListener.java:117)
	at org.springframework.test.context.support.DependencyInjectionTestExecutionListener.prepareTestInstance(DependencyInjectionTestExecutionListener.java:83)
	at org.springframework.test.context.TestContextManager.prepareTestInstance(TestContextManager.java:212)
	at org.springframework.test.context.junit4.SpringJUnit4ClassRunner.createTest(SpringJUnit4ClassRunner.java:200)
	at org.springframework.test.context.junit4.SpringJUnit4ClassRunner$1.runReflectiveCall(SpringJUnit4ClassRunner.java:259)
	at org.junit.internal.runners.model.ReflectiveCallable.run(ReflectiveCallable.java:12)
	at org.springframework.test.context.junit4.SpringJUnit4ClassRunner.methodBlock(SpringJUnit4ClassRunner.java:261)
	at org.springframework.test.context.junit4.SpringJUnit4ClassRunner.runChild(SpringJUnit4ClassRunner.java:219)
	at org.springframework.test.context.junit4.SpringJUnit4ClassRunner.runChild(SpringJUnit4ClassRunner.java:83)
	at org.junit.runners.ParentRunner$3.run(ParentRunner.java:290)
	at org.junit.runners.ParentRunner$1.schedule(ParentRunner.java:71)
	at org.junit.runners.ParentRunner.runChildren(ParentRunner.java:288)
	at org.junit.runners.ParentRunner.access$000(ParentRunner.java:58)
	at org.junit.runners.ParentRunner$2.evaluate(ParentRunner.java:268)
	at org.springframework.test.context.junit4.statements.RunBeforeTestClassCallbacks.evaluate(RunBeforeTestClassCallbacks.java:61)
	at org.springframework.test.context.junit4.statements.RunAfterTestClassCallbacks.evaluate(RunAfterTestClassCallbacks.java:68)
	at org.junit.runners.ParentRunner.run(ParentRunner.java:363)
	at org.springframework.test.context.junit4.SpringJUnit4ClassRunner.run(SpringJUnit4ClassRunner.java:163)
	at org.apache.maven.surefire.junit4.JUnit4Provider.execute(JUnit4Provider.java:283)
	at org.apache.maven.surefire.junit4.JUnit4Provider.executeWithRerun(JUnit4Provider.java:173)
	at org.apache.maven.surefire.junit4.JUnit4Provider.executeTestSet(JUnit4Provider.java:153)
	at org.apache.maven.surefire.junit4.JUnit4Provider.invoke(JUnit4Provider.java:128)
	at org.apache.maven.surefire.booter.ForkedBooter.invokeProviderInSameClassLoader(ForkedBooter.java:203)
	at org.apache.maven.surefire.booter.ForkedBooter.runSuitesInProcess(ForkedBooter.java:155)
	at org.apache.maven.surefire.booter.ForkedBooter.main(ForkedBooter.java:103)
Caused by: org.springframework.beans.BeanInstantiationException: Failed to instantiate [org.springframework.data.aerospike.core.AerospikeTemplate]: Factory method 'aerospikeTemplate' threw exception; nested exception is org.springframework.beans.factory.BeanCreationException: Error creating bean with name 'aerospikeClient' defined in org.springframework.data.aerospike.repository.TestConfigPerson: Bean instantiation via factory method failed; nested exception is org.springframework.beans.BeanInstantiationException: Failed to instantiate [com.aerospike.client.AerospikeClient]: Factory method 'aerospikeClient' threw exception; nested exception is com.aerospike.client.AerospikeException$Connection: Error Code 11: Failed to connect to host(s): 
52.41.32.83:3000 Error Code 11: java.net.SocketTimeoutException: connect timed out

	at org.springframework.beans.factory.support.SimpleInstantiationStrategy.instantiate(SimpleInstantiationStrategy.java:189)
	at org.springframework.beans.factory.support.ConstructorResolver.instantiateUsingFactoryMethod(ConstructorResolver.java:588)
	at org.springframework.beans.factory.support.AbstractAutowireCapableBeanFactory.instantiateUsingFactoryMethod(AbstractAutowireCapableBeanFactory.java:1119)
	at org.springframework.beans.factory.support.AbstractAutowireCapableBeanFactory.createBeanInstance(AbstractAutowireCapableBeanFactory.java:1014)
	at org.springframework.beans.factory.support.AbstractAutowireCapableBeanFactory.doCreateBean(AbstractAutowireCapableBeanFactory.java:504)
	at org.springframework.beans.factory.support.AbstractAutowireCapableBeanFactory.createBean(AbstractAutowireCapableBeanFactory.java:476)
	at org.springframework.beans.factory.support.AbstractBeanFactory$1.getObject(AbstractBeanFactory.java:303)
	at org.springframework.beans.factory.support.DefaultSingletonBeanRegistry.getSingleton(DefaultSingletonBeanRegistry.java:230)
	at org.springframework.beans.factory.support.AbstractBeanFactory.doGetBean(AbstractBeanFactory.java:299)
	at org.springframework.beans.factory.support.AbstractBeanFactory.getBean(AbstractBeanFactory.java:194)
	at org.springframework.beans.factory.support.DefaultListableBeanFactory.preInstantiateSingletons(DefaultListableBeanFactory.java:755)
	at org.springframework.context.support.AbstractApplicationContext.finishBeanFactoryInitialization(AbstractApplicationContext.java:757)
	at org.springframework.context.support.AbstractApplicationContext.refresh(AbstractApplicationContext.java:480)
	at org.springframework.test.context.support.AbstractGenericContextLoader.loadContext(AbstractGenericContextLoader.java:125)
	at org.springframework.test.context.support.AbstractGenericContextLoader.loadContext(AbstractGenericContextLoader.java:60)
	at org.springframework.test.context.support.AbstractDelegatingSmartContextLoader.delegateLoading(AbstractDelegatingSmartContextLoader.java:109)
	at org.springframework.test.context.support.AbstractDelegatingSmartContextLoader.loadContext(AbstractDelegatingSmartContextLoader.java:261)
	at org.springframework.test.context.DefaultCacheAwareContextLoaderDelegate.loadContextInternal(DefaultCacheAwareContextLoaderDelegate.java:68)
	at org.springframework.test.context.DefaultCacheAwareContextLoaderDelegate.loadContext(DefaultCacheAwareContextLoaderDelegate.java:86)
	at org.springframework.test.context.DefaultTestContext.getApplicationContext(DefaultTestContext.java:72)
	at org.springframework.test.context.support.DependencyInjectionTestExecutionListener.injectDependencies(DependencyInjectionTestExecutionListener.java:117)
	at org.springframework.test.context.support.DependencyInjectionTestExecutionListener.prepareTestInstance(DependencyInjectionTestExecutionListener.java:83)
	at org.springframework.test.context.TestContextManager.prepareTestInstance(TestContextManager.java:212)
	at org.springframework.test.context.junit4.SpringJUnit4ClassRunner.createTest(SpringJUnit4ClassRunner.java:200)
	at org.springframework.test.context.junit4.SpringJUnit4ClassRunner$1.runReflectiveCall(SpringJUnit4ClassRunner.java:259)
	at org.junit.internal.runners.model.ReflectiveCallable.run(ReflectiveCallable.java:12)
	at org.springframework.test.context.junit4.SpringJUnit4ClassRunner.methodBlock(SpringJUnit4ClassRunner.java:261)
	at org.springframework.test.context.junit4.SpringJUnit4ClassRunner.runChild(SpringJUnit4ClassRunner.java:219)
	at org.springframework.test.context.junit4.SpringJUnit4ClassRunner.runChild(SpringJUnit4ClassRunner.java:83)
	at org.junit.runners.ParentRunner$3.run(ParentRunner.java:290)
	at org.junit.runners.ParentRunner$1.schedule(ParentRunner.java:71)
	at org.junit.runners.ParentRunner.runChildren(ParentRunner.java:288)
	at org.junit.runners.ParentRunner.access$000(ParentRunner.java:58)
	at org.junit.runners.ParentRunner$2.evaluate(ParentRunner.java:268)
	at org.springframework.test.context.junit4.statements.RunBeforeTestClassCallbacks.evaluate(RunBeforeTestClassCallbacks.java:61)
	at org.springframework.test.context.junit4.statements.RunAfterTestClassCallbacks.evaluate(RunAfterTestClassCallbacks.java:68)
	at org.junit.runners.ParentRunner.run(ParentRunner.java:363)
	at org.springframework.test.context.junit4.SpringJUnit4ClassRunner.run(SpringJUnit4ClassRunner.java:163)
	at org.apache.maven.surefire.junit4.JUnit4Provider.execute(JUnit4Provider.java:283)
	at org.apache.maven.surefire.junit4.JUnit4Provider.executeWithRerun(JUnit4Provider.java:173)
	at org.apache.maven.surefire.junit4.JUnit4Provider.executeTestSet(JUnit4Provider.java:153)
	at org.apache.maven.surefire.junit4.JUnit4Provider.invoke(JUnit4Provider.java:128)
	at org.apache.maven.surefire.booter.ForkedBooter.invokeProviderInSameClassLoader(ForkedBooter.java:203)
	at org.apache.maven.surefire.booter.ForkedBooter.runSuitesInProcess(ForkedBooter.java:155)
	at org.apache.maven.surefire.booter.ForkedBooter.main(ForkedBooter.java:103)
Caused by: org.springframework.beans.factory.BeanCreationException: Error creating bean with name 'aerospikeClient' defined in org.springframework.data.aerospike.repository.TestConfigPerson: Bean instantiation via factory method failed; nested exception is org.springframework.beans.BeanInstantiationException: Failed to instantiate [com.aerospike.client.AerospikeClient]: Factory method 'aerospikeClient' threw exception; nested exception is com.aerospike.client.AerospikeException$Connection: Error Code 11: Failed to connect to host(s): 
52.41.32.83:3000 Error Code 11: java.net.SocketTimeoutException: connect timed out

	at org.springframework.beans.factory.support.ConstructorResolver.instantiateUsingFactoryMethod(ConstructorResolver.java:599)
	at org.springframework.beans.factory.support.AbstractAutowireCapableBeanFactory.instantiateUsingFactoryMethod(AbstractAutowireCapableBeanFactory.java:1119)
	at org.springframework.beans.factory.support.AbstractAutowireCapableBeanFactory.createBeanInstance(AbstractAutowireCapableBeanFactory.java:1014)
	at org.springframework.beans.factory.support.AbstractAutowireCapableBeanFactory.doCreateBean(AbstractAutowireCapableBeanFactory.java:504)
	at org.springframework.beans.factory.support.AbstractAutowireCapableBeanFactory.createBean(AbstractAutowireCapableBeanFactory.java:476)
	at org.springframework.beans.factory.support.AbstractBeanFactory$1.getObject(AbstractBeanFactory.java:303)
	at org.springframework.beans.factory.support.DefaultSingletonBeanRegistry.getSingleton(DefaultSingletonBeanRegistry.java:230)
	at org.springframework.beans.factory.support.AbstractBeanFactory.doGetBean(AbstractBeanFactory.java:299)
	at org.springframework.beans.factory.support.AbstractBeanFactory.getBean(AbstractBeanFactory.java:194)
	at org.springframework.context.annotation.ConfigurationClassEnhancer$BeanMethodInterceptor.intercept(ConfigurationClassEnhancer.java:322)
	at org.springframework.data.aerospike.repository.TestConfigPerson$$EnhancerBySpringCGLIB$$3f27a8da.aerospikeClient(<generated>)
	at org.springframework.data.aerospike.repository.TestConfigPerson.aerospikeTemplate(TestConfigPerson.java:38)
	at org.springframework.data.aerospike.repository.TestConfigPerson$$EnhancerBySpringCGLIB$$3f27a8da.CGLIB$aerospikeTemplate$0(<generated>)
	at org.springframework.data.aerospike.repository.TestConfigPerson$$EnhancerBySpringCGLIB$$3f27a8da$$FastClassBySpringCGLIB$$38965c5e.invoke(<generated>)
	at org.springframework.cglib.proxy.MethodProxy.invokeSuper(MethodProxy.java:228)
	at org.springframework.context.annotation.ConfigurationClassEnhancer$BeanMethodInterceptor.intercept(ConfigurationClassEnhancer.java:309)
	at org.springframework.data.aerospike.repository.TestConfigPerson$$EnhancerBySpringCGLIB$$3f27a8da.aerospikeTemplate(<generated>)
	at sun.reflect.GeneratedMethodAccessor45.invoke(Unknown Source)
	at sun.reflect.DelegatingMethodAccessorImpl.invoke(DelegatingMethodAccessorImpl.java:43)
	at java.lang.reflect.Method.invoke(Method.java:498)
	at org.springframework.beans.factory.support.SimpleInstantiationStrategy.instantiate(SimpleInstantiationStrategy.java:162)
	at org.springframework.beans.factory.support.ConstructorResolver.instantiateUsingFactoryMethod(ConstructorResolver.java:588)
	at org.springframework.beans.factory.support.AbstractAutowireCapableBeanFactory.instantiateUsingFactoryMethod(AbstractAutowireCapableBeanFactory.java:1119)
	at org.springframework.beans.factory.support.AbstractAutowireCapableBeanFactory.createBeanInstance(AbstractAutowireCapableBeanFactory.java:1014)
	at org.springframework.beans.factory.support.AbstractAutowireCapableBeanFactory.doCreateBean(AbstractAutowireCapableBeanFactory.java:504)
	at org.springframework.beans.factory.support.AbstractAutowireCapableBeanFactory.createBean(AbstractAutowireCapableBeanFactory.java:476)
	at org.springframework.beans.factory.support.AbstractBeanFactory$1.getObject(AbstractBeanFactory.java:303)
	at org.springframework.beans.factory.support.DefaultSingletonBeanRegistry.getSingleton(DefaultSingletonBeanRegistry.java:230)
	at org.springframework.beans.factory.support.AbstractBeanFactory.doGetBean(AbstractBeanFactory.java:299)
	at org.springframework.beans.factory.support.AbstractBeanFactory.getBean(AbstractBeanFactory.java:194)
	at org.springframework.beans.factory.support.DefaultListableBeanFactory.preInstantiateSingletons(DefaultListableBeanFactory.java:755)
	at org.springframework.context.support.AbstractApplicationContext.finishBeanFactoryInitialization(AbstractApplicationContext.java:757)
	at org.springframework.context.support.AbstractApplicationContext.refresh(AbstractApplicationContext.java:480)
	at org.springframework.test.context.support.AbstractGenericContextLoader.loadContext(AbstractGenericContextLoader.java:125)
	at org.springframework.test.context.support.AbstractGenericContextLoader.loadContext(AbstractGenericContextLoader.java:60)
	at org.springframework.test.context.support.AbstractDelegatingSmartContextLoader.delegateLoading(AbstractDelegatingSmartContextLoader.java:109)
	at org.springframework.test.context.support.AbstractDelegatingSmartContextLoader.loadContext(AbstractDelegatingSmartContextLoader.java:261)
	at org.springframework.test.context.DefaultCacheAwareContextLoaderDelegate.loadContextInternal(DefaultCacheAwareContextLoaderDelegate.java:68)
	at org.springframework.test.context.DefaultCacheAwareContextLoaderDelegate.loadContext(DefaultCacheAwareContextLoaderDelegate.java:86)
	at org.springframework.test.context.DefaultTestContext.getApplicationContext(DefaultTestContext.java:72)
	at org.springframework.test.context.support.DependencyInjectionTestExecutionListener.injectDependencies(DependencyInjectionTestExecutionListener.java:117)
	at org.springframework.test.context.support.DependencyInjectionTestExecutionListener.prepareTestInstance(DependencyInjectionTestExecutionListener.java:83)
	at org.springframework.test.context.TestContextManager.prepareTestInstance(TestContextManager.java:212)
	at org.springframework.test.context.junit4.SpringJUnit4ClassRunner.createTest(SpringJUnit4ClassRunner.java:200)
	at org.springframework.test.context.junit4.SpringJUnit4ClassRunner$1.runReflectiveCall(SpringJUnit4ClassRunner.java:259)
	at org.junit.internal.runners.model.ReflectiveCallable.run(ReflectiveCallable.java:12)
	at org.springframework.test.context.junit4.SpringJUnit4ClassRunner.methodBlock(SpringJUnit4ClassRunner.java:261)
	at org.springframework.test.context.junit4.SpringJUnit4ClassRunner.runChild(SpringJUnit4ClassRunner.java:219)
	at org.springframework.test.context.junit4.SpringJUnit4ClassRunner.runChild(SpringJUnit4ClassRunner.java:83)
	at org.junit.runners.ParentRunner$3.run(ParentRunner.java:290)
	at org.junit.runners.ParentRunner$1.schedule(ParentRunner.java:71)
	at org.junit.runners.ParentRunner.runChildren(ParentRunner.java:288)
	at org.junit.runners.ParentRunner.access$000(ParentRunner.java:58)
	at org.junit.runners.ParentRunner$2.evaluate(ParentRunner.java:268)
	at org.springframework.test.context.junit4.statements.RunBeforeTestClassCallbacks.evaluate(RunBeforeTestClassCallbacks.java:61)
	at org.springframework.test.context.junit4.statements.RunAfterTestClassCallbacks.evaluate(RunAfterTestClassCallbacks.java:68)
	at org.junit.runners.ParentRunner.run(ParentRunner.java:363)
	at org.springframework.test.context.junit4.SpringJUnit4ClassRunner.run(SpringJUnit4ClassRunner.java:163)
	at org.apache.maven.surefire.junit4.JUnit4Provider.execute(JUnit4Provider.java:283)
	at org.apache.maven.surefire.junit4.JUnit4Provider.executeWithRerun(JUnit4Provider.java:173)
	at org.apache.maven.surefire.junit4.JUnit4Provider.executeTestSet(JUnit4Provider.java:153)
	at org.apache.maven.surefire.junit4.JUnit4Provider.invoke(JUnit4Provider.java:128)
	at org.apache.maven.surefire.booter.ForkedBooter.invokeProviderInSameClassLoader(ForkedBooter.java:203)
	at org.apache.maven.surefire.booter.ForkedBooter.runSuitesInProcess(ForkedBooter.java:155)
	at org.apache.maven.surefire.booter.ForkedBooter.main(ForkedBooter.java:103)
Caused by: org.springframework.beans.BeanInstantiationException: Failed to instantiate [com.aerospike.client.AerospikeClient]: Factory method 'aerospikeClient' threw exception; nested exception is com.aerospike.client.AerospikeException$Connection: Error Code 11: Failed to connect to host(s): 
52.41.32.83:3000 Error Code 11: java.net.SocketTimeoutException: connect timed out

	at org.springframework.beans.factory.support.SimpleInstantiationStrategy.instantiate(SimpleInstantiationStrategy.java:189)
	at org.springframework.beans.factory.support.ConstructorResolver.instantiateUsingFactoryMethod(ConstructorResolver.java:588)
	at org.springframework.beans.factory.support.AbstractAutowireCapableBeanFactory.instantiateUsingFactoryMethod(AbstractAutowireCapableBeanFactory.java:1119)
	at org.springframework.beans.factory.support.AbstractAutowireCapableBeanFactory.createBeanInstance(AbstractAutowireCapableBeanFactory.java:1014)
	at org.springframework.beans.factory.support.AbstractAutowireCapableBeanFactory.doCreateBean(AbstractAutowireCapableBeanFactory.java:504)
	at org.springframework.beans.factory.support.AbstractAutowireCapableBeanFactory.createBean(AbstractAutowireCapableBeanFactory.java:476)
	at org.springframework.beans.factory.support.AbstractBeanFactory$1.getObject(AbstractBeanFactory.java:303)
	at org.springframework.beans.factory.support.DefaultSingletonBeanRegistry.getSingleton(DefaultSingletonBeanRegistry.java:230)
	at org.springframework.beans.factory.support.AbstractBeanFactory.doGetBean(AbstractBeanFactory.java:299)
	at org.springframework.beans.factory.support.AbstractBeanFactory.getBean(AbstractBeanFactory.java:194)
	at org.springframework.context.annotation.ConfigurationClassEnhancer$BeanMethodInterceptor.intercept(ConfigurationClassEnhancer.java:322)
	at org.springframework.data.aerospike.repository.TestConfigPerson$$EnhancerBySpringCGLIB$$3f27a8da.aerospikeClient(<generated>)
	at org.springframework.data.aerospike.repository.TestConfigPerson.aerospikeTemplate(TestConfigPerson.java:38)
	at org.springframework.data.aerospike.repository.TestConfigPerson$$EnhancerBySpringCGLIB$$3f27a8da.CGLIB$aerospikeTemplate$0(<generated>)
	at org.springframework.data.aerospike.repository.TestConfigPerson$$EnhancerBySpringCGLIB$$3f27a8da$$FastClassBySpringCGLIB$$38965c5e.invoke(<generated>)
	at org.springframework.cglib.proxy.MethodProxy.invokeSuper(MethodProxy.java:228)
	at org.springframework.context.annotation.ConfigurationClassEnhancer$BeanMethodInterceptor.intercept(ConfigurationClassEnhancer.java:309)
	at org.springframework.data.aerospike.repository.TestConfigPerson$$EnhancerBySpringCGLIB$$3f27a8da.aerospikeTemplate(<generated>)
	at sun.reflect.GeneratedMethodAccessor45.invoke(Unknown Source)
	at sun.reflect.DelegatingMethodAccessorImpl.invoke(DelegatingMethodAccessorImpl.java:43)
	at java.lang.reflect.Method.invoke(Method.java:498)
	at org.springframework.beans.factory.support.SimpleInstantiationStrategy.instantiate(SimpleInstantiationStrategy.java:162)
	at org.springframework.beans.factory.support.ConstructorResolver.instantiateUsingFactoryMethod(ConstructorResolver.java:588)
	at org.springframework.beans.factory.support.AbstractAutowireCapableBeanFactory.instantiateUsingFactoryMethod(AbstractAutowireCapableBeanFactory.java:1119)
	at org.springframework.beans.factory.support.AbstractAutowireCapableBeanFactory.createBeanInstance(AbstractAutowireCapableBeanFactory.java:1014)
	at org.springframework.beans.factory.support.AbstractAutowireCapableBeanFactory.doCreateBean(AbstractAutowireCapableBeanFactory.java:504)
	at org.springframework.beans.factory.support.AbstractAutowireCapableBeanFactory.createBean(AbstractAutowireCapableBeanFactory.java:476)
	at org.springframework.beans.factory.support.AbstractBeanFactory$1.getObject(AbstractBeanFactory.java:303)
	at org.springframework.beans.factory.support.DefaultSingletonBeanRegistry.getSingleton(DefaultSingletonBeanRegistry.java:230)
	at org.springframework.beans.factory.support.AbstractBeanFactory.doGetBean(AbstractBeanFactory.java:299)
	at org.springframework.beans.factory.support.AbstractBeanFactory.getBean(AbstractBeanFactory.java:194)
	at org.springframework.beans.factory.support.DefaultListableBeanFactory.preInstantiateSingletons(DefaultListableBeanFactory.java:755)
	at org.springframework.context.support.AbstractApplicationContext.finishBeanFactoryInitialization(AbstractApplicationContext.java:757)
	at org.springframework.context.support.AbstractApplicationContext.refresh(AbstractApplicationContext.java:480)
	at org.springframework.test.context.support.AbstractGenericContextLoader.loadContext(AbstractGenericContextLoader.java:125)
	at org.springframework.test.context.support.AbstractGenericContextLoader.loadContext(AbstractGenericContextLoader.java:60)
	at org.springframework.test.context.support.AbstractDelegatingSmartContextLoader.delegateLoading(AbstractDelegatingSmartContextLoader.java:109)
	at org.springframework.test.context.support.AbstractDelegatingSmartContextLoader.loadContext(AbstractDelegatingSmartContextLoader.java:261)
	at org.springframework.test.context.DefaultCacheAwareContextLoaderDelegate.loadContextInternal(DefaultCacheAwareContextLoaderDelegate.java:68)
	at org.springframework.test.context.DefaultCacheAwareContextLoaderDelegate.loadContext(DefaultCacheAwareContextLoaderDelegate.java:86)
	at org.springframework.test.context.DefaultTestContext.getApplicationContext(DefaultTestContext.java:72)
	at org.springframework.test.context.support.DependencyInjectionTestExecutionListener.injectDependencies(DependencyInjectionTestExecutionListener.java:117)
	at org.springframework.test.context.support.DependencyInjectionTestExecutionListener.prepareTestInstance(DependencyInjectionTestExecutionListener.java:83)
	at org.springframework.test.context.TestContextManager.prepareTestInstance(TestContextManager.java:212)
	at org.springframework.test.context.junit4.SpringJUnit4ClassRunner.createTest(SpringJUnit4ClassRunner.java:200)
	at org.springframework.test.context.junit4.SpringJUnit4ClassRunner$1.runReflectiveCall(SpringJUnit4ClassRunner.java:259)
	at org.junit.internal.runners.model.ReflectiveCallable.run(ReflectiveCallable.java:12)
	at org.springframework.test.context.junit4.SpringJUnit4ClassRunner.methodBlock(SpringJUnit4ClassRunner.java:261)
	at org.springframework.test.context.junit4.SpringJUnit4ClassRunner.runChild(SpringJUnit4ClassRunner.java:219)
	at org.springframework.test.context.junit4.SpringJUnit4ClassRunner.runChild(SpringJUnit4ClassRunner.java:83)
	at org.junit.runners.ParentRunner$3.run(ParentRunner.java:290)
	at org.junit.runners.ParentRunner$1.schedule(ParentRunner.java:71)
	at org.junit.runners.ParentRunner.runChildren(ParentRunner.java:288)
	at org.junit.runners.ParentRunner.access$000(ParentRunner.java:58)
	at org.junit.runners.ParentRunner$2.evaluate(ParentRunner.java:268)
	at org.springframework.test.context.junit4.statements.RunBeforeTestClassCallbacks.evaluate(RunBeforeTestClassCallbacks.java:61)
	at org.springframework.test.context.junit4.statements.RunAfterTestClassCallbacks.evaluate(RunAfterTestClassCallbacks.java:68)
	at org.junit.runners.ParentRunner.run(ParentRunner.java:363)
	at org.springframework.test.context.junit4.SpringJUnit4ClassRunner.run(SpringJUnit4ClassRunner.java:163)
	at org.apache.maven.surefire.junit4.JUnit4Provider.execute(JUnit4Provider.java:283)
	at org.apache.maven.surefire.junit4.JUnit4Provider.executeWithRerun(JUnit4Provider.java:173)
	at org.apache.maven.surefire.junit4.JUnit4Provider.executeTestSet(JUnit4Provider.java:153)
	at org.apache.maven.surefire.junit4.JUnit4Provider.invoke(JUnit4Provider.java:128)
	at org.apache.maven.surefire.booter.ForkedBooter.invokeProviderInSameClassLoader(ForkedBooter.java:203)
	at org.apache.maven.surefire.booter.ForkedBooter.runSuitesInProcess(ForkedBooter.java:155)
	at org.apache.maven.surefire.booter.ForkedBooter.main(ForkedBooter.java:103)
Caused by: com.aerospike.client.AerospikeException$Connection: Error Code 11: Failed to connect to host(s): 
52.41.32.83:3000 Error Code 11: java.net.SocketTimeoutException: connect timed out

	at com.aerospike.client.cluster.Cluster.seedNodes(Cluster.java:386)
	at com.aerospike.client.cluster.Cluster.tend(Cluster.java:273)
	at com.aerospike.client.cluster.Cluster.waitTillStabilized(Cluster.java:238)
	at com.aerospike.client.cluster.Cluster.initTendThread(Cluster.java:148)
	at com.aerospike.client.AerospikeClient.<init>(AerospikeClient.java:209)
	at com.aerospike.client.AerospikeClient.<init>(AerospikeClient.java:173)
	at org.springframework.data.aerospike.repository.TestConfigPerson.aerospikeClient(TestConfigPerson.java:32)
	at org.springframework.data.aerospike.repository.TestConfigPerson$$EnhancerBySpringCGLIB$$3f27a8da.CGLIB$aerospikeClient$1(<generated>)
	at org.springframework.data.aerospike.repository.TestConfigPerson$$EnhancerBySpringCGLIB$$3f27a8da$$FastClassBySpringCGLIB$$38965c5e.invoke(<generated>)
	at org.springframework.cglib.proxy.MethodProxy.invokeSuper(MethodProxy.java:228)
	at org.springframework.context.annotation.ConfigurationClassEnhancer$BeanMethodInterceptor.intercept(ConfigurationClassEnhancer.java:309)
	at org.springframework.data.aerospike.repository.TestConfigPerson$$EnhancerBySpringCGLIB$$3f27a8da.aerospikeClient(<generated>)
	at sun.reflect.GeneratedMethodAccessor46.invoke(Unknown Source)
	at sun.reflect.DelegatingMethodAccessorImpl.invoke(DelegatingMethodAccessorImpl.java:43)
	at java.lang.reflect.Method.invoke(Method.java:498)
	at org.springframework.beans.factory.support.SimpleInstantiationStrategy.instantiate(SimpleInstantiationStrategy.java:162)
	at org.springframework.beans.factory.support.ConstructorResolver.instantiateUsingFactoryMethod(ConstructorResolver.java:588)
	at org.springframework.beans.factory.support.AbstractAutowireCapableBeanFactory.instantiateUsingFactoryMethod(AbstractAutowireCapableBeanFactory.java:1119)
	at org.springframework.beans.factory.support.AbstractAutowireCapableBeanFactory.createBeanInstance(AbstractAutowireCapableBeanFactory.java:1014)
	at org.springframework.beans.factory.support.AbstractAutowireCapableBeanFactory.doCreateBean(AbstractAutowireCapableBeanFactory.java:504)
	at org.springframework.beans.factory.support.AbstractAutowireCapableBeanFactory.createBean(AbstractAutowireCapableBeanFactory.java:476)
	at org.springframework.beans.factory.support.AbstractBeanFactory$1.getObject(AbstractBeanFactory.java:303)
	at org.springframework.beans.factory.support.DefaultSingletonBeanRegistry.getSingleton(DefaultSingletonBeanRegistry.java:230)
	at org.springframework.beans.factory.support.AbstractBeanFactory.doGetBean(AbstractBeanFactory.java:299)
	at org.springframework.beans.factory.support.AbstractBeanFactory.getBean(AbstractBeanFactory.java:194)
	at org.springframework.context.annotation.ConfigurationClassEnhancer$BeanMethodInterceptor.intercept(ConfigurationClassEnhancer.java:322)
	at org.springframework.data.aerospike.repository.TestConfigPerson$$EnhancerBySpringCGLIB$$3f27a8da.aerospikeClient(<generated>)
	at org.springframework.data.aerospike.repository.TestConfigPerson.aerospikeTemplate(TestConfigPerson.java:38)
	at org.springframework.data.aerospike.repository.TestConfigPerson$$EnhancerBySpringCGLIB$$3f27a8da.CGLIB$aerospikeTemplate$0(<generated>)
	at org.springframework.data.aerospike.repository.TestConfigPerson$$EnhancerBySpringCGLIB$$3f27a8da$$FastClassBySpringCGLIB$$38965c5e.invoke(<generated>)
	at org.springframework.cglib.proxy.MethodProxy.invokeSuper(MethodProxy.java:228)
	at org.springframework.context.annotation.ConfigurationClassEnhancer$BeanMethodInterceptor.intercept(ConfigurationClassEnhancer.java:309)
	at org.springframework.data.aerospike.repository.TestConfigPerson$$EnhancerBySpringCGLIB$$3f27a8da.aerospikeTemplate(<generated>)
	at sun.reflect.GeneratedMethodAccessor45.invoke(Unknown Source)
	at sun.reflect.DelegatingMethodAccessorImpl.invoke(DelegatingMethodAccessorImpl.java:43)
	at java.lang.reflect.Method.invoke(Method.java:498)
	at org.springframework.beans.factory.support.SimpleInstantiationStrategy.instantiate(SimpleInstantiationStrategy.java:162)
	at org.springframework.beans.factory.support.ConstructorResolver.instantiateUsingFactoryMethod(ConstructorResolver.java:588)
	at org.springframework.beans.factory.support.AbstractAutowireCapableBeanFactory.instantiateUsingFactoryMethod(AbstractAutowireCapableBeanFactory.java:1119)
	at org.springframework.beans.factory.support.AbstractAutowireCapableBeanFactory.createBeanInstance(AbstractAutowireCapableBeanFactory.java:1014)
	at org.springframework.beans.factory.support.AbstractAutowireCapableBeanFactory.doCreateBean(AbstractAutowireCapableBeanFactory.java:504)
	at org.springframework.beans.factory.support.AbstractAutowireCapableBeanFactory.createBean(AbstractAutowireCapableBeanFactory.java:476)
	at org.springframework.beans.factory.support.AbstractBeanFactory$1.getObject(AbstractBeanFactory.java:303)
	at org.springframework.beans.factory.support.DefaultSingletonBeanRegistry.getSingleton(DefaultSingletonBeanRegistry.java:230)
	at org.springframework.beans.factory.support.AbstractBeanFactory.doGetBean(AbstractBeanFactory.java:299)
	at org.springframework.beans.factory.support.AbstractBeanFactory.getBean(AbstractBeanFactory.java:194)
	at org.springframework.beans.factory.support.DefaultListableBeanFactory.preInstantiateSingletons(DefaultListableBeanFactory.java:755)
	at org.springframework.context.support.AbstractApplicationContext.finishBeanFactoryInitialization(AbstractApplicationContext.java:757)
	at org.springframework.context.support.AbstractApplicationContext.refresh(AbstractApplicationContext.java:480)
	at org.springframework.test.context.support.AbstractGenericContextLoader.loadContext(AbstractGenericContextLoader.java:125)
	at org.springframework.test.context.support.AbstractGenericContextLoader.loadContext(AbstractGenericContextLoader.java:60)
	at org.springframework.test.context.support.AbstractDelegatingSmartContextLoader.delegateLoading(AbstractDelegatingSmartContextLoader.java:109)
	at org.springframework.test.context.support.AbstractDelegatingSmartContextLoader.loadContext(AbstractDelegatingSmartContextLoader.java:261)
	at org.springframework.test.context.DefaultCacheAwareContextLoaderDelegate.loadContextInternal(DefaultCacheAwareContextLoaderDelegate.java:68)
	at org.springframework.test.context.DefaultCacheAwareContextLoaderDelegate.loadContext(DefaultCacheAwareContextLoaderDelegate.java:86)
	at org.springframework.test.context.DefaultTestContext.getApplicationContext(DefaultTestContext.java:72)
	at org.springframework.test.context.support.DependencyInjectionTestExecutionListener.injectDependencies(DependencyInjectionTestExecutionListener.java:117)
	at org.springframework.test.context.support.DependencyInjectionTestExecutionListener.prepareTestInstance(DependencyInjectionTestExecutionListener.java:83)
	at org.springframework.test.context.TestContextManager.prepareTestInstance(TestContextManager.java:212)
	at org.springframework.test.context.junit4.SpringJUnit4ClassRunner.createTest(SpringJUnit4ClassRunner.java:200)
	at org.springframework.test.context.junit4.SpringJUnit4ClassRunner$1.runReflectiveCall(SpringJUnit4ClassRunner.java:259)
	at org.junit.internal.runners.model.ReflectiveCallable.run(ReflectiveCallable.java:12)
	at org.springframework.test.context.junit4.SpringJUnit4ClassRunner.methodBlock(SpringJUnit4ClassRunner.java:261)
	at org.springframework.test.context.junit4.SpringJUnit4ClassRunner.runChild(SpringJUnit4ClassRunner.java:219)
	at org.springframework.test.context.junit4.SpringJUnit4ClassRunner.runChild(SpringJUnit4ClassRunner.java:83)
	at org.junit.runners.ParentRunner$3.run(ParentRunner.java:290)
	at org.junit.runners.ParentRunner$1.schedule(ParentRunner.java:71)
	at org.junit.runners.ParentRunner.runChildren(ParentRunner.java:288)
	at org.junit.runners.ParentRunner.access$000(ParentRunner.java:58)
	at org.junit.runners.ParentRunner$2.evaluate(ParentRunner.java:268)
	at org.springframework.test.context.junit4.statements.RunBeforeTestClassCallbacks.evaluate(RunBeforeTestClassCallbacks.java:61)
	at org.springframework.test.context.junit4.statements.RunAfterTestClassCallbacks.evaluate(RunAfterTestClassCallbacks.java:68)
	at org.junit.runners.ParentRunner.run(ParentRunner.java:363)
	at org.springframework.test.context.junit4.SpringJUnit4ClassRunner.run(SpringJUnit4ClassRunner.java:163)
	at org.apache.maven.surefire.junit4.JUnit4Provider.execute(JUnit4Provider.java:283)
	at org.apache.maven.surefire.junit4.JUnit4Provider.executeWithRerun(JUnit4Provider.java:173)
	at org.apache.maven.surefire.junit4.JUnit4Provider.executeTestSet(JUnit4Provider.java:153)
	at org.apache.maven.surefire.junit4.JUnit4Provider.invoke(JUnit4Provider.java:128)
	at org.apache.maven.surefire.booter.ForkedBooter.invokeProviderInSameClassLoader(ForkedBooter.java:203)
	at org.apache.maven.surefire.booter.ForkedBooter.runSuitesInProcess(ForkedBooter.java:155)
	at org.apache.maven.surefire.booter.ForkedBooter.main(ForkedBooter.java:103)
]]></error>
    <system-out><![CDATA[16:38:05.837 [main] DEBUG o.s.t.annotation.ProfileValueUtils - Retrieved @ProfileValueSourceConfiguration [null] for test class [org.springframework.data.aerospike.repository.PersonRepositoryIntegrationTests]
16:38:05.837 [main] DEBUG o.s.t.annotation.ProfileValueUtils - Retrieved ProfileValueSource type [class org.springframework.test.annotation.SystemProfileValueSource] for class [org.springframework.data.aerospike.repository.PersonRepositoryIntegrationTests]
16:38:05.837 [main] DEBUG o.s.t.c.s.DependencyInjectionTestExecutionListener - Performing dependency injection for test context [[DefaultTestContext@6c1cfa53 testClass = PersonRepositoryIntegrationTests, testInstance = org.springframework.data.aerospike.repository.PersonRepositoryIntegrationTests@17b016ac, testMethod = [null], testException = [null], mergedContextConfiguration = [MergedContextConfiguration@52b06bef testClass = PersonRepositoryIntegrationTests, locations = '{}', classes = '{class org.springframework.data.aerospike.repository.TestConfigPerson}', contextInitializerClasses = '[]', activeProfiles = '{}', propertySourceLocations = '{}', propertySourceProperties = '{}', contextLoader = 'org.springframework.test.context.support.DelegatingSmartContextLoader', parent = [null]]]].
16:38:05.838 [main] DEBUG o.s.t.c.s.AbstractDelegatingSmartContextLoader - Delegating to AnnotationConfigContextLoader to load context from [MergedContextConfiguration@52b06bef testClass = PersonRepositoryIntegrationTests, locations = '{}', classes = '{class org.springframework.data.aerospike.repository.TestConfigPerson}', contextInitializerClasses = '[]', activeProfiles = '{}', propertySourceLocations = '{}', propertySourceProperties = '{}', contextLoader = 'org.springframework.test.context.support.DelegatingSmartContextLoader', parent = [null]].
16:38:05.838 [main] DEBUG o.s.t.c.s.AbstractGenericContextLoader - Loading ApplicationContext for merged context configuration [[MergedContextConfiguration@52b06bef testClass = PersonRepositoryIntegrationTests, locations = '{}', classes = '{class org.springframework.data.aerospike.repository.TestConfigPerson}', contextInitializerClasses = '[]', activeProfiles = '{}', propertySourceLocations = '{}', propertySourceProperties = '{}', contextLoader = 'org.springframework.test.context.support.DelegatingSmartContextLoader', parent = [null]]].
16:38:05.838 [main] DEBUG o.s.core.env.StandardEnvironment - Adding [systemProperties] PropertySource with lowest search precedence
16:38:05.838 [main] DEBUG o.s.core.env.StandardEnvironment - Adding [systemEnvironment] PropertySource with lowest search precedence
16:38:05.838 [main] DEBUG o.s.core.env.StandardEnvironment - Initialized StandardEnvironment with PropertySources [systemProperties,systemEnvironment]
16:38:05.838 [main] DEBUG o.s.t.c.s.AnnotationConfigContextLoader - Registering annotated classes: {class org.springframework.data.aerospike.repository.TestConfigPerson}
16:38:05.839 [main] INFO  o.s.c.s.GenericApplicationContext - Refreshing org.springframework.context.support.GenericApplicationContext@733ec58b: startup date [Tue Oct 04 16:38:05 BRT 2016]; root of context hierarchy
16:38:05.839 [main] DEBUG o.s.c.s.GenericApplicationContext - Bean factory for org.springframework.context.support.GenericApplicationContext@733ec58b: org.springframework.beans.factory.support.DefaultListableBeanFactory@723877dd: defining beans [org.springframework.context.annotation.internalConfigurationAnnotationProcessor,org.springframework.context.annotation.internalAutowiredAnnotationProcessor,org.springframework.context.annotation.internalRequiredAnnotationProcessor,org.springframework.context.annotation.internalCommonAnnotationProcessor,testConfigPerson]; root of factory hierarchy
16:38:05.839 [main] DEBUG o.s.b.f.s.DefaultListableBeanFactory - Creating shared instance of singleton bean 'org.springframework.context.annotation.internalConfigurationAnnotationProcessor'
16:38:05.839 [main] DEBUG o.s.b.f.s.DefaultListableBeanFactory - Creating instance of bean 'org.springframework.context.annotation.internalConfigurationAnnotationProcessor'
16:38:05.839 [main] DEBUG o.s.b.f.s.DefaultListableBeanFactory - Eagerly caching bean 'org.springframework.context.annotation.internalConfigurationAnnotationProcessor' to allow for resolving potential circular references
16:38:05.839 [main] DEBUG o.s.b.f.s.DefaultListableBeanFactory - Finished creating instance of bean 'org.springframework.context.annotation.internalConfigurationAnnotationProcessor'
16:38:05.840 [main] DEBUG o.s.c.a.ConfigurationClassBeanDefinitionReader - Registering bean definition for @Bean method org.springframework.data.aerospike.repository.TestConfigPerson.aerospikeTemplate()
16:38:05.840 [main] DEBUG o.s.c.a.ConfigurationClassBeanDefinitionReader - Registering bean definition for @Bean method org.springframework.data.aerospike.repository.TestConfigPerson.aerospikeClient()
16:38:05.841 [main] DEBUG o.s.core.env.StandardEnvironment - Adding [systemProperties] PropertySource with lowest search precedence
16:38:05.841 [main] DEBUG o.s.core.env.StandardEnvironment - Adding [systemEnvironment] PropertySource with lowest search precedence
16:38:05.841 [main] DEBUG o.s.core.env.StandardEnvironment - Initialized StandardEnvironment with PropertySources [systemProperties,systemEnvironment]
16:38:05.841 [main] DEBUG o.s.c.i.s.PathMatchingResourcePatternResolver - Looking for matching resources in directory tree [/home/aluno/spring-projects/maven/spring-data-aerospike/target/test-classes/org/springframework/data]
16:38:05.841 [main] DEBUG o.s.c.i.s.PathMatchingResourcePatternResolver - Searching directory [/home/aluno/spring-projects/maven/spring-data-aerospike/target/test-classes/org/springframework/data] for files matching pattern [/home/aluno/spring-projects/maven/spring-data-aerospike/target/test-classes/org/springframework/data/**/repository/support/**/*.class]
16:38:05.841 [main] DEBUG o.s.c.i.s.PathMatchingResourcePatternResolver - Searching directory [/home/aluno/spring-projects/maven/spring-data-aerospike/target/test-classes/org/springframework/data/keyvalue] for files matching pattern [/home/aluno/spring-projects/maven/spring-data-aerospike/target/test-classes/org/springframework/data/**/repository/support/**/*.class]
16:38:05.841 [main] DEBUG o.s.c.i.s.PathMatchingResourcePatternResolver - Searching directory [/home/aluno/spring-projects/maven/spring-data-aerospike/target/test-classes/org/springframework/data/keyvalue/repository] for files matching pattern [/home/aluno/spring-projects/maven/spring-data-aerospike/target/test-classes/org/springframework/data/**/repository/support/**/*.class]
16:38:05.841 [main] DEBUG o.s.c.i.s.PathMatchingResourcePatternResolver - Searching directory [/home/aluno/spring-projects/maven/spring-data-aerospike/target/test-classes/org/springframework/data/keyvalue/repository/query] for files matching pattern [/home/aluno/spring-projects/maven/spring-data-aerospike/target/test-classes/org/springframework/data/**/repository/support/**/*.class]
16:38:05.842 [main] DEBUG o.s.c.i.s.PathMatchingResourcePatternResolver - Searching directory [/home/aluno/spring-projects/maven/spring-data-aerospike/target/test-classes/org/springframework/data/aerospike] for files matching pattern [/home/aluno/spring-projects/maven/spring-data-aerospike/target/test-classes/org/springframework/data/**/repository/support/**/*.class]
16:38:05.842 [main] DEBUG o.s.c.i.s.PathMatchingResourcePatternResolver - Searching directory [/home/aluno/spring-projects/maven/spring-data-aerospike/target/test-classes/org/springframework/data/aerospike/mapping] for files matching pattern [/home/aluno/spring-projects/maven/spring-data-aerospike/target/test-classes/org/springframework/data/**/repository/support/**/*.class]
16:38:05.842 [main] DEBUG o.s.c.i.s.PathMatchingResourcePatternResolver - Searching directory [/home/aluno/spring-projects/maven/spring-data-aerospike/target/test-classes/org/springframework/data/aerospike/core] for files matching pattern [/home/aluno/spring-projects/maven/spring-data-aerospike/target/test-classes/org/springframework/data/**/repository/support/**/*.class]
16:38:05.842 [main] DEBUG o.s.c.i.s.PathMatchingResourcePatternResolver - Searching directory [/home/aluno/spring-projects/maven/spring-data-aerospike/target/test-classes/org/springframework/data/aerospike/convert] for files matching pattern [/home/aluno/spring-projects/maven/spring-data-aerospike/target/test-classes/org/springframework/data/**/repository/support/**/*.class]
16:38:05.844 [main] DEBUG o.s.c.i.s.PathMatchingResourcePatternResolver - Searching directory [/home/aluno/spring-projects/maven/spring-data-aerospike/target/test-classes/org/springframework/data/aerospike/sample] for files matching pattern [/home/aluno/spring-projects/maven/spring-data-aerospike/target/test-classes/org/springframework/data/**/repository/support/**/*.class]
16:38:05.844 [main] DEBUG o.s.c.i.s.PathMatchingResourcePatternResolver - Searching directory [/home/aluno/spring-projects/maven/spring-data-aerospike/target/test-classes/org/springframework/data/aerospike/repository] for files matching pattern [/home/aluno/spring-projects/maven/spring-data-aerospike/target/test-classes/org/springframework/data/**/repository/support/**/*.class]
16:38:05.844 [main] DEBUG o.s.c.i.s.PathMatchingResourcePatternResolver - Searching directory [/home/aluno/spring-projects/maven/spring-data-aerospike/target/test-classes/org/springframework/data/aerospike/repository/support] for files matching pattern [/home/aluno/spring-projects/maven/spring-data-aerospike/target/test-classes/org/springframework/data/**/repository/support/**/*.class]
16:38:05.844 [main] DEBUG o.s.c.i.s.PathMatchingResourcePatternResolver - Searching directory [/home/aluno/spring-projects/maven/spring-data-aerospike/target/test-classes/org/springframework/data/aerospike/repository/query] for files matching pattern [/home/aluno/spring-projects/maven/spring-data-aerospike/target/test-classes/org/springframework/data/**/repository/support/**/*.class]
16:38:05.844 [main] DEBUG o.s.c.i.s.PathMatchingResourcePatternResolver - Searching directory [/home/aluno/spring-projects/maven/spring-data-aerospike/target/test-classes/org/springframework/data/aerospike/config] for files matching pattern [/home/aluno/spring-projects/maven/spring-data-aerospike/target/test-classes/org/springframework/data/**/repository/support/**/*.class]
16:38:05.844 [main] DEBUG o.s.c.i.s.PathMatchingResourcePatternResolver - Searching directory [/home/aluno/spring-projects/maven/spring-data-aerospike/target/test-classes/org/springframework/data/aerospike/cache] for files matching pattern [/home/aluno/spring-projects/maven/spring-data-aerospike/target/test-classes/org/springframework/data/**/repository/support/**/*.class]
16:38:05.844 [main] DEBUG o.s.c.i.s.PathMatchingResourcePatternResolver - Looking for matching resources in directory tree [/home/aluno/spring-projects/maven/spring-data-aerospike/target/classes/org/springframework/data]
16:38:05.844 [main] DEBUG o.s.c.i.s.PathMatchingResourcePatternResolver - Searching directory [/home/aluno/spring-projects/maven/spring-data-aerospike/target/classes/org/springframework/data] for files matching pattern [/home/aluno/spring-projects/maven/spring-data-aerospike/target/classes/org/springframework/data/**/repository/support/**/*.class]
16:38:05.844 [main] DEBUG o.s.c.i.s.PathMatchingResourcePatternResolver - Searching directory [/home/aluno/spring-projects/maven/spring-data-aerospike/target/classes/org/springframework/data/aerospike] for files matching pattern [/home/aluno/spring-projects/maven/spring-data-aerospike/target/classes/org/springframework/data/**/repository/support/**/*.class]
16:38:05.844 [main] DEBUG o.s.c.i.s.PathMatchingResourcePatternResolver - Searching directory [/home/aluno/spring-projects/maven/spring-data-aerospike/target/classes/org/springframework/data/aerospike/mapping] for files matching pattern [/home/aluno/spring-projects/maven/spring-data-aerospike/target/classes/org/springframework/data/**/repository/support/**/*.class]
16:38:05.845 [main] DEBUG o.s.c.i.s.PathMatchingResourcePatternResolver - Searching directory [/home/aluno/spring-projects/maven/spring-data-aerospike/target/classes/org/springframework/data/aerospike/core] for files matching pattern [/home/aluno/spring-projects/maven/spring-data-aerospike/target/classes/org/springframework/data/**/repository/support/**/*.class]
16:38:05.845 [main] DEBUG o.s.c.i.s.PathMatchingResourcePatternResolver - Searching directory [/home/aluno/spring-projects/maven/spring-data-aerospike/target/classes/org/springframework/data/aerospike/convert] for files matching pattern [/home/aluno/spring-projects/maven/spring-data-aerospike/target/classes/org/springframework/data/**/repository/support/**/*.class]
16:38:05.845 [main] DEBUG o.s.c.i.s.PathMatchingResourcePatternResolver - Searching directory [/home/aluno/spring-projects/maven/spring-data-aerospike/target/classes/org/springframework/data/aerospike/example] for files matching pattern [/home/aluno/spring-projects/maven/spring-data-aerospike/target/classes/org/springframework/data/**/repository/support/**/*.class]
16:38:05.845 [main] DEBUG o.s.c.i.s.PathMatchingResourcePatternResolver - Searching directory [/home/aluno/spring-projects/maven/spring-data-aerospike/target/classes/org/springframework/data/aerospike/example/data] for files matching pattern [/home/aluno/spring-projects/maven/spring-data-aerospike/target/classes/org/springframework/data/**/repository/support/**/*.class]
16:38:05.845 [main] DEBUG o.s.c.i.s.PathMatchingResourcePatternResolver - Searching directory [/home/aluno/spring-projects/maven/spring-data-aerospike/target/classes/org/springframework/data/aerospike/example/config] for files matching pattern [/home/aluno/spring-projects/maven/spring-data-aerospike/target/classes/org/springframework/data/**/repository/support/**/*.class]
16:38:05.845 [main] DEBUG o.s.c.i.s.PathMatchingResourcePatternResolver - Searching directory [/home/aluno/spring-projects/maven/spring-data-aerospike/target/classes/org/springframework/data/aerospike/annotation] for files matching pattern [/home/aluno/spring-projects/maven/spring-data-aerospike/target/classes/org/springframework/data/**/repository/support/**/*.class]
16:38:05.845 [main] DEBUG o.s.c.i.s.PathMatchingResourcePatternResolver - Searching directory [/home/aluno/spring-projects/maven/spring-data-aerospike/target/classes/org/springframework/data/aerospike/repository] for files matching pattern [/home/aluno/spring-projects/maven/spring-data-aerospike/target/classes/org/springframework/data/**/repository/support/**/*.class]
16:38:05.845 [main] DEBUG o.s.c.i.s.PathMatchingResourcePatternResolver - Searching directory [/home/aluno/spring-projects/maven/spring-data-aerospike/target/classes/org/springframework/data/aerospike/repository/support] for files matching pattern [/home/aluno/spring-projects/maven/spring-data-aerospike/target/classes/org/springframework/data/**/repository/support/**/*.class]
16:38:05.845 [main] DEBUG o.s.c.i.s.PathMatchingResourcePatternResolver - Searching directory [/home/aluno/spring-projects/maven/spring-data-aerospike/target/classes/org/springframework/data/aerospike/repository/config] for files matching pattern [/home/aluno/spring-projects/maven/spring-data-aerospike/target/classes/org/springframework/data/**/repository/support/**/*.class]
16:38:05.845 [main] DEBUG o.s.c.i.s.PathMatchingResourcePatternResolver - Searching directory [/home/aluno/spring-projects/maven/spring-data-aerospike/target/classes/org/springframework/data/aerospike/repository/query] for files matching pattern [/home/aluno/spring-projects/maven/spring-data-aerospike/target/classes/org/springframework/data/**/repository/support/**/*.class]
16:38:05.845 [main] DEBUG o.s.c.i.s.PathMatchingResourcePatternResolver - Searching directory [/home/aluno/spring-projects/maven/spring-data-aerospike/target/classes/org/springframework/data/aerospike/config] for files matching pattern [/home/aluno/spring-projects/maven/spring-data-aerospike/target/classes/org/springframework/data/**/repository/support/**/*.class]
16:38:05.845 [main] DEBUG o.s.c.i.s.PathMatchingResourcePatternResolver - Searching directory [/home/aluno/spring-projects/maven/spring-data-aerospike/target/classes/org/springframework/data/aerospike/cache] for files matching pattern [/home/aluno/spring-projects/maven/spring-data-aerospike/target/classes/org/springframework/data/**/repository/support/**/*.class]
16:38:05.846 [main] DEBUG o.s.c.i.s.PathMatchingResourcePatternResolver - Searching directory [/home/aluno/spring-projects/maven/spring-data-aerospike/target/classes/org/springframework/data/aerospike/utility] for files matching pattern [/home/aluno/spring-projects/maven/spring-data-aerospike/target/classes/org/springframework/data/**/repository/support/**/*.class]
16:38:05.846 [main] DEBUG o.s.c.i.s.PathMatchingResourcePatternResolver - Looking for matching resources in jar file [file:/home/aluno/.m2/repository/org/springframework/data/spring-data-commons/1.11.0.RELEASE/spring-data-commons-1.11.0.RELEASE.jar]
16:38:05.847 [main] DEBUG o.s.c.i.s.PathMatchingResourcePatternResolver - Looking for matching resources in jar file [file:/home/aluno/.m2/repository/org/springframework/data/spring-data-keyvalue/1.0.0.M1/spring-data-keyvalue-1.0.0.M1.jar]
16:38:05.847 [main] DEBUG o.s.c.i.s.PathMatchingResourcePatternResolver - Resolved location pattern [classpath*:org/springframework/data/**/repository/support/**/*.class] to resources [file [/home/aluno/spring-projects/maven/spring-data-aerospike/target/test-classes/org/springframework/data/aerospike/repository/support/SimpleAerospikeRepositoryTest$5.class], file [/home/aluno/spring-projects/maven/spring-data-aerospike/target/test-classes/org/springframework/data/aerospike/repository/support/SimpleAerospikeRepositoryTest$9.class], file [/home/aluno/spring-projects/maven/spring-data-aerospike/target/test-classes/org/springframework/data/aerospike/repository/support/SimpleAerospikeRepositoryTest$4.class], file [/home/aluno/spring-projects/maven/spring-data-aerospike/target/test-classes/org/springframework/data/aerospike/repository/support/AerospikeRepositoryFactoryTest.class], file [/home/aluno/spring-projects/maven/spring-data-aerospike/target/test-classes/org/springframework/data/aerospike/repository/support/SimpleAerospikeRepositoryTest.class], file [/home/aluno/spring-projects/maven/spring-data-aerospike/target/test-classes/org/springframework/data/aerospike/repository/support/SimpleAerospikeRepositoryTest$1.class], file [/home/aluno/spring-projects/maven/spring-data-aerospike/target/test-classes/org/springframework/data/aerospike/repository/support/SimpleAerospikeRepositoryTest$3.class], file [/home/aluno/spring-projects/maven/spring-data-aerospike/target/test-classes/org/springframework/data/aerospike/repository/support/SimpleAerospikeRepositoryTest$8.class], file [/home/aluno/spring-projects/maven/spring-data-aerospike/target/test-classes/org/springframework/data/aerospike/repository/support/SimpleAerospikeRepositoryTest$6.class], file [/home/aluno/spring-projects/maven/spring-data-aerospike/target/test-classes/org/springframework/data/aerospike/repository/support/SimpleAerospikeRepositoryTest$2.class], file [/home/aluno/spring-projects/maven/spring-data-aerospike/target/test-classes/org/springframework/data/aerospike/repository/support/AllTests.class], file [/home/aluno/spring-projects/maven/spring-data-aerospike/target/test-classes/org/springframework/data/aerospike/repository/support/SimpleAerospikeRepositoryTest$7.class], file [/home/aluno/spring-projects/maven/spring-data-aerospike/target/classes/org/springframework/data/aerospike/repository/support/AerospikeRepositoryFactoryBean.class], file [/home/aluno/spring-projects/maven/spring-data-aerospike/target/classes/org/springframework/data/aerospike/repository/support/AerospikeRepositoryFactory$AerospikeQueryLookupStrategy.class], file [/home/aluno/spring-projects/maven/spring-data-aerospike/target/classes/org/springframework/data/aerospike/repository/support/AerospikeRepositoryFactory.class], file [/home/aluno/spring-projects/maven/spring-data-aerospike/target/classes/org/springframework/data/aerospike/repository/support/SimpleAerospikeRepository.class], URL [jar:file:/home/aluno/.m2/repository/org/springframework/data/spring-data-commons/1.11.0.RELEASE/spring-data-commons-1.11.0.RELEASE.jar!/org/springframework/data/repository/support/DomainClassConverter$ConversionMatchAbbreviationException.class], URL [jar:file:/home/aluno/.m2/repository/org/springframework/data/spring-data-commons/1.11.0.RELEASE/spring-data-commons-1.11.0.RELEASE.jar!/org/springframework/data/repository/support/DomainClassConverter$ToIdConverter.class], URL [jar:file:/home/aluno/.m2/repository/org/springframework/data/spring-data-commons/1.11.0.RELEASE/spring-data-commons-1.11.0.RELEASE.jar!/org/springframework/data/repository/support/Repositories$EmptyRepositoryFactoryInformation.class], URL [jar:file:/home/aluno/.m2/repository/org/springframework/data/spring-data-commons/1.11.0.RELEASE/spring-data-commons-1.11.0.RELEASE.jar!/org/springframework/data/repository/support/PagingAndSortingRepositoryInvoker.class], URL [jar:file:/home/aluno/.m2/repository/org/springframework/data/spring-data-commons/1.11.0.RELEASE/spring-data-commons-1.11.0.RELEASE.jar!/org/springframework/data/repository/support/QueryMethodParameterConversionException.class], URL [jar:file:/home/aluno/.m2/repository/org/springframework/data/spring-data-commons/1.11.0.RELEASE/spring-data-commons-1.11.0.RELEASE.jar!/org/springframework/data/repository/support/MethodParameters.class], URL [jar:file:/home/aluno/.m2/repository/org/springframework/data/spring-data-commons/1.11.0.RELEASE/spring-data-commons-1.11.0.RELEASE.jar!/org/springframework/data/repository/support/RepositoryInvoker.class], URL [jar:file:/home/aluno/.m2/repository/org/springframework/data/spring-data-commons/1.11.0.RELEASE/spring-data-commons-1.11.0.RELEASE.jar!/org/springframework/data/repository/support/RepositoryInvokerFactory.class], URL [jar:file:/home/aluno/.m2/repository/org/springframework/data/spring-data-commons/1.11.0.RELEASE/spring-data-commons-1.11.0.RELEASE.jar!/org/springframework/data/repository/support/DomainClassPropertyEditorRegistrar.class], URL [jar:file:/home/aluno/.m2/repository/org/springframework/data/spring-data-commons/1.11.0.RELEASE/spring-data-commons-1.11.0.RELEASE.jar!/org/springframework/data/repository/support/AnnotationAttribute.class], URL [jar:file:/home/aluno/.m2/repository/org/springframework/data/spring-data-commons/1.11.0.RELEASE/spring-data-commons-1.11.0.RELEASE.jar!/org/springframework/data/repository/support/DefaultRepositoryInvokerFactory.class], URL [jar:file:/home/aluno/.m2/repository/org/springframework/data/spring-data-commons/1.11.0.RELEASE/spring-data-commons-1.11.0.RELEASE.jar!/org/springframework/data/repository/support/MethodParameters$AnnotationNamingMethodParameter.class], URL [jar:file:/home/aluno/.m2/repository/org/springframework/data/spring-data-commons/1.11.0.RELEASE/spring-data-commons-1.11.0.RELEASE.jar!/org/springframework/data/repository/support/CrudRepositoryInvoker.class], URL [jar:file:/home/aluno/.m2/repository/org/springframework/data/spring-data-commons/1.11.0.RELEASE/spring-data-commons-1.11.0.RELEASE.jar!/org/springframework/data/repository/support/Repositories.class], URL [jar:file:/home/aluno/.m2/repository/org/springframework/data/spring-data-commons/1.11.0.RELEASE/spring-data-commons-1.11.0.RELEASE.jar!/org/springframework/data/repository/support/DomainClassConverter$ToEntityConverter.class], URL [jar:file:/home/aluno/.m2/repository/org/springframework/data/spring-data-commons/1.11.0.RELEASE/spring-data-commons-1.11.0.RELEASE.jar!/org/springframework/data/repository/support/ReflectionRepositoryInvoker.class], URL [jar:file:/home/aluno/.m2/repository/org/springframework/data/spring-data-commons/1.11.0.RELEASE/spring-data-commons-1.11.0.RELEASE.jar!/org/springframework/data/repository/support/DomainClassPropertyEditor.class], URL [jar:file:/home/aluno/.m2/repository/org/springframework/data/spring-data-commons/1.11.0.RELEASE/spring-data-commons-1.11.0.RELEASE.jar!/org/springframework/data/repository/support/DomainClassConverter.class], URL [jar:file:/home/aluno/.m2/repository/org/springframework/data/spring-data-commons/1.11.0.RELEASE/spring-data-commons-1.11.0.RELEASE.jar!/org/springframework/data/repository/support/DomainClassConverter$1.class], URL [jar:file:/home/aluno/.m2/repository/org/springframework/data/spring-data-commons/1.11.0.RELEASE/spring-data-commons-1.11.0.RELEASE.jar!/org/springframework/data/repository/support/RepositoryInvocationInformation.class], URL [jar:file:/home/aluno/.m2/repository/org/springframework/data/spring-data-keyvalue/1.0.0.M1/spring-data-keyvalue-1.0.0.M1.jar!/org/springframework/data/keyvalue/repository/support/KeyValueRepositoryFactory$KeyValueQueryLookupStrategy.class], URL [jar:file:/home/aluno/.m2/repository/org/springframework/data/spring-data-keyvalue/1.0.0.M1/spring-data-keyvalue-1.0.0.M1.jar!/org/springframework/data/keyvalue/repository/support/QuerydslKeyValueRepository.class], URL [jar:file:/home/aluno/.m2/repository/org/springframework/data/spring-data-keyvalue/1.0.0.M1/spring-data-keyvalue-1.0.0.M1.jar!/org/springframework/data/keyvalue/repository/support/KeyValueRepositoryFactoryBean.class], URL [jar:file:/home/aluno/.m2/repository/org/springframework/data/spring-data-keyvalue/1.0.0.M1/spring-data-keyvalue-1.0.0.M1.jar!/org/springframework/data/keyvalue/repository/support/KeyValueQuerydslUtils$1.class], URL [jar:file:/home/aluno/.m2/repository/org/springframework/data/spring-data-keyvalue/1.0.0.M1/spring-data-keyvalue-1.0.0.M1.jar!/org/springframework/data/keyvalue/repository/support/KeyValueQuerydslUtils.class], URL [jar:file:/home/aluno/.m2/repository/org/springframework/data/spring-data-keyvalue/1.0.0.M1/spring-data-keyvalue-1.0.0.M1.jar!/org/springframework/data/keyvalue/repository/support/KeyValueRepositoryFactory.class], URL [jar:file:/home/aluno/.m2/repository/org/springframework/data/spring-data-keyvalue/1.0.0.M1/spring-data-keyvalue-1.0.0.M1.jar!/org/springframework/data/keyvalue/repository/support/SimpleKeyValueRepository.class]]
16:38:05.849 [main] DEBUG o.s.c.a.ClassPathScanningCandidateComponentProvider - Identified candidate component class: file [/home/aluno/spring-projects/maven/spring-data-aerospike/target/classes/org/springframework/data/aerospike/repository/support/AerospikeRepositoryFactory.class]
16:38:05.854 [main] DEBUG o.s.c.a.ClassPathScanningCandidateComponentProvider - Identified candidate component class: URL [jar:file:/home/aluno/.m2/repository/org/springframework/data/spring-data-keyvalue/1.0.0.M1/spring-data-keyvalue-1.0.0.M1.jar!/org/springframework/data/keyvalue/repository/support/KeyValueRepositoryFactory.class]
16:38:05.854 [main] DEBUG o.s.d.r.c.RepositoryConfigurationDelegate - Multiple Spring Data modules found, entering strict repository configuration mode!
16:38:05.854 [main] DEBUG o.s.core.env.StandardEnvironment - Adding [systemProperties] PropertySource with lowest search precedence
16:38:05.854 [main] DEBUG o.s.core.env.StandardEnvironment - Adding [systemEnvironment] PropertySource with lowest search precedence
16:38:05.854 [main] DEBUG o.s.core.env.StandardEnvironment - Initialized StandardEnvironment with PropertySources [systemProperties,systemEnvironment]
16:38:05.855 [main] DEBUG o.s.c.i.s.PathMatchingResourcePatternResolver - Looking for matching resources in directory tree [/home/aluno/spring-projects/maven/spring-data-aerospike/target/test-classes/org/springframework/data/aerospike/repository]
16:38:05.855 [main] DEBUG o.s.c.i.s.PathMatchingResourcePatternResolver - Searching directory [/home/aluno/spring-projects/maven/spring-data-aerospike/target/test-classes/org/springframework/data/aerospike/repository] for files matching pattern [/home/aluno/spring-projects/maven/spring-data-aerospike/target/test-classes/org/springframework/data/aerospike/repository/**/*.class]
16:38:05.855 [main] DEBUG o.s.c.i.s.PathMatchingResourcePatternResolver - Searching directory [/home/aluno/spring-projects/maven/spring-data-aerospike/target/test-classes/org/springframework/data/aerospike/repository/support] for files matching pattern [/home/aluno/spring-projects/maven/spring-data-aerospike/target/test-classes/org/springframework/data/aerospike/repository/**/*.class]
16:38:05.855 [main] DEBUG o.s.c.i.s.PathMatchingResourcePatternResolver - Searching directory [/home/aluno/spring-projects/maven/spring-data-aerospike/target/test-classes/org/springframework/data/aerospike/repository/query] for files matching pattern [/home/aluno/spring-projects/maven/spring-data-aerospike/target/test-classes/org/springframework/data/aerospike/repository/**/*.class]
16:38:05.855 [main] DEBUG o.s.c.i.s.PathMatchingResourcePatternResolver - Looking for matching resources in directory tree [/home/aluno/spring-projects/maven/spring-data-aerospike/target/classes/org/springframework/data/aerospike/repository]
16:38:05.855 [main] DEBUG o.s.c.i.s.PathMatchingResourcePatternResolver - Searching directory [/home/aluno/spring-projects/maven/spring-data-aerospike/target/classes/org/springframework/data/aerospike/repository] for files matching pattern [/home/aluno/spring-projects/maven/spring-data-aerospike/target/classes/org/springframework/data/aerospike/repository/**/*.class]
16:38:05.855 [main] DEBUG o.s.c.i.s.PathMatchingResourcePatternResolver - Searching directory [/home/aluno/spring-projects/maven/spring-data-aerospike/target/classes/org/springframework/data/aerospike/repository/support] for files matching pattern [/home/aluno/spring-projects/maven/spring-data-aerospike/target/classes/org/springframework/data/aerospike/repository/**/*.class]
16:38:05.855 [main] DEBUG o.s.c.i.s.PathMatchingResourcePatternResolver - Searching directory [/home/aluno/spring-projects/maven/spring-data-aerospike/target/classes/org/springframework/data/aerospike/repository/config] for files matching pattern [/home/aluno/spring-projects/maven/spring-data-aerospike/target/classes/org/springframework/data/aerospike/repository/**/*.class]
16:38:05.855 [main] DEBUG o.s.c.i.s.PathMatchingResourcePatternResolver - Searching directory [/home/aluno/spring-projects/maven/spring-data-aerospike/target/classes/org/springframework/data/aerospike/repository/query] for files matching pattern [/home/aluno/spring-projects/maven/spring-data-aerospike/target/classes/org/springframework/data/aerospike/repository/**/*.class]
16:38:05.856 [main] DEBUG o.s.c.i.s.PathMatchingResourcePatternResolver - Resolved location pattern [classpath*:org/springframework/data/aerospike/repository/**/*.class] to resources [file [/home/aluno/spring-projects/maven/spring-data-aerospike/target/test-classes/org/springframework/data/aerospike/repository/Credentials.class], file [/home/aluno/spring-projects/maven/spring-data-aerospike/target/test-classes/org/springframework/data/aerospike/repository/AbstractPersonRepositoryIntegrationTests$1.class], file [/home/aluno/spring-projects/maven/spring-data-aerospike/target/test-classes/org/springframework/data/aerospike/repository/PersonRepository.class], file [/home/aluno/spring-projects/maven/spring-data-aerospike/target/test-classes/org/springframework/data/aerospike/repository/TestConfigPerson.class], file [/home/aluno/spring-projects/maven/spring-data-aerospike/target/test-classes/org/springframework/data/aerospike/repository/Address.class], file [/home/aluno/spring-projects/maven/spring-data-aerospike/target/test-classes/org/springframework/data/aerospike/repository/Person$Sex.class], file [/home/aluno/spring-projects/maven/spring-data-aerospike/target/test-classes/org/springframework/data/aerospike/repository/Person.class], file [/home/aluno/spring-projects/maven/spring-data-aerospike/target/test-classes/org/springframework/data/aerospike/repository/ContactRepository.class], file [/home/aluno/spring-projects/maven/spring-data-aerospike/target/test-classes/org/springframework/data/aerospike/repository/AbstractPersonRepositoryIntegrationTests.class], file [/home/aluno/spring-projects/maven/spring-data-aerospike/target/test-classes/org/springframework/data/aerospike/repository/User.class], file [/home/aluno/spring-projects/maven/spring-data-aerospike/target/test-classes/org/springframework/data/aerospike/repository/CustomerRepositoriesIntegrationTests$Config.class], file [/home/aluno/spring-projects/maven/spring-data-aerospike/target/test-classes/org/springframework/data/aerospike/repository/AnnotatedPerson.class], file [/home/aluno/spring-projects/maven/spring-data-aerospike/target/test-classes/org/springframework/data/aerospike/repository/support/SimpleAerospikeRepositoryTest$5.class], file [/home/aluno/spring-projects/maven/spring-data-aerospike/target/test-classes/org/springframework/data/aerospike/repository/support/SimpleAerospikeRepositoryTest$9.class], file [/home/aluno/spring-projects/maven/spring-data-aerospike/target/test-classes/org/springframework/data/aerospike/repository/support/SimpleAerospikeRepositoryTest$4.class], file [/home/aluno/spring-projects/maven/spring-data-aerospike/target/test-classes/org/springframework/data/aerospike/repository/support/AerospikeRepositoryFactoryTest.class], file [/home/aluno/spring-projects/maven/spring-data-aerospike/target/test-classes/org/springframework/data/aerospike/repository/support/SimpleAerospikeRepositoryTest.class], file [/home/aluno/spring-projects/maven/spring-data-aerospike/target/test-classes/org/springframework/data/aerospike/repository/support/SimpleAerospikeRepositoryTest$1.class], file [/home/aluno/spring-projects/maven/spring-data-aerospike/target/test-classes/org/springframework/data/aerospike/repository/support/SimpleAerospikeRepositoryTest$3.class], file [/home/aluno/spring-projects/maven/spring-data-aerospike/target/test-classes/org/springframework/data/aerospike/repository/support/SimpleAerospikeRepositoryTest$8.class], file [/home/aluno/spring-projects/maven/spring-data-aerospike/target/test-classes/org/springframework/data/aerospike/repository/support/SimpleAerospikeRepositoryTest$6.class], file [/home/aluno/spring-projects/maven/spring-data-aerospike/target/test-classes/org/springframework/data/aerospike/repository/support/SimpleAerospikeRepositoryTest$2.class], file [/home/aluno/spring-projects/maven/spring-data-aerospike/target/test-classes/org/springframework/data/aerospike/repository/support/AllTests.class], file [/home/aluno/spring-projects/maven/spring-data-aerospike/target/test-classes/org/springframework/data/aerospike/repository/support/SimpleAerospikeRepositoryTest$7.class], file [/home/aluno/spring-projects/maven/spring-data-aerospike/target/test-classes/org/springframework/data/aerospike/repository/Contact.class], file [/home/aluno/spring-projects/maven/spring-data-aerospike/target/test-classes/org/springframework/data/aerospike/repository/AllTests.class], file [/home/aluno/spring-projects/maven/spring-data-aerospike/target/test-classes/org/springframework/data/aerospike/repository/PersonRepositoryIntegrationTests.class], file [/home/aluno/spring-projects/maven/spring-data-aerospike/target/test-classes/org/springframework/data/aerospike/repository/query/StubParameterAccessor.class], file [/home/aluno/spring-projects/maven/spring-data-aerospike/target/test-classes/org/springframework/data/aerospike/repository/query/AllTests.class], file [/home/aluno/spring-projects/maven/spring-data-aerospike/target/test-classes/org/springframework/data/aerospike/repository/query/AerospikePartTreeQueryTest.class], file [/home/aluno/spring-projects/maven/spring-data-aerospike/target/test-classes/org/springframework/data/aerospike/repository/CustomerRepositoriesIntegrationTests.class], file [/home/aluno/spring-projects/maven/spring-data-aerospike/target/classes/org/springframework/data/aerospike/repository/AerospikeRepository.class], file [/home/aluno/spring-projects/maven/spring-data-aerospike/target/classes/org/springframework/data/aerospike/repository/support/AerospikeRepositoryFactoryBean.class], file [/home/aluno/spring-projects/maven/spring-data-aerospike/target/classes/org/springframework/data/aerospike/repository/support/AerospikeRepositoryFactory$AerospikeQueryLookupStrategy.class], file [/home/aluno/spring-projects/maven/spring-data-aerospike/target/classes/org/springframework/data/aerospike/repository/support/AerospikeRepositoryFactory.class], file [/home/aluno/spring-projects/maven/spring-data-aerospike/target/classes/org/springframework/data/aerospike/repository/support/SimpleAerospikeRepository.class], file [/home/aluno/spring-projects/maven/spring-data-aerospike/target/classes/org/springframework/data/aerospike/repository/config/AerospikeRepositoriesRegistrar.class], file [/home/aluno/spring-projects/maven/spring-data-aerospike/target/classes/org/springframework/data/aerospike/repository/config/EnableAerospikeRepositories.class], file [/home/aluno/spring-projects/maven/spring-data-aerospike/target/classes/org/springframework/data/aerospike/repository/config/AerospikeRepositoriesRegistrar$1.class], file [/home/aluno/spring-projects/maven/spring-data-aerospike/target/classes/org/springframework/data/aerospike/repository/config/AerospikeRepositoriesRegistrar$AerospikeRepositoryConfigurationExtension.class], file [/home/aluno/spring-projects/maven/spring-data-aerospike/target/classes/org/springframework/data/aerospike/repository/query/AerospikeParameterAccessor.class], file [/home/aluno/spring-projects/maven/spring-data-aerospike/target/classes/org/springframework/data/aerospike/repository/query/Query.class], file [/home/aluno/spring-projects/maven/spring-data-aerospike/target/classes/org/springframework/data/aerospike/repository/query/ConvertingParameterAccessor.class], file [/home/aluno/spring-projects/maven/spring-data-aerospike/target/classes/org/springframework/data/aerospike/repository/query/AerospikeQueryCreator$1.class], file [/home/aluno/spring-projects/maven/spring-data-aerospike/target/classes/org/springframework/data/aerospike/repository/query/CriteriaDefinition.class], file [/home/aluno/spring-projects/maven/spring-data-aerospike/target/classes/org/springframework/data/aerospike/repository/query/TextCriteria.class], file [/home/aluno/spring-projects/maven/spring-data-aerospike/target/classes/org/springframework/data/aerospike/repository/query/Criteria.class], file [/home/aluno/spring-projects/maven/spring-data-aerospike/target/classes/org/springframework/data/aerospike/repository/query/AerospikePartTreeQuery.class], file [/home/aluno/spring-projects/maven/spring-data-aerospike/target/classes/org/springframework/data/aerospike/repository/query/AerospikeQueryCreator.class]]
16:38:05.856 [main] DEBUG o.s.d.r.c.RepositoryComponentProvider - Identified candidate component class: file [/home/aluno/spring-projects/maven/spring-data-aerospike/target/test-classes/org/springframework/data/aerospike/repository/PersonRepository.class]
16:38:05.857 [main] DEBUG o.s.d.r.c.RepositoryComponentProvider - Identified candidate component class: file [/home/aluno/spring-projects/maven/spring-data-aerospike/target/test-classes/org/springframework/data/aerospike/repository/ContactRepository.class]
16:38:05.862 [main] DEBUG o.s.core.env.StandardEnvironment - Adding [systemProperties] PropertySource with lowest search precedence
16:38:05.862 [main] DEBUG o.s.core.env.StandardEnvironment - Adding [systemEnvironment] PropertySource with lowest search precedence
16:38:05.862 [main] DEBUG o.s.core.env.StandardEnvironment - Initialized StandardEnvironment with PropertySources [systemProperties,systemEnvironment]
16:38:05.862 [main] DEBUG o.s.c.i.s.PathMatchingResourcePatternResolver - Looking for matching resources in directory tree [/home/aluno/spring-projects/maven/spring-data-aerospike/target/test-classes/org/springframework/data/aerospike/repository]
16:38:05.862 [main] DEBUG o.s.c.i.s.PathMatchingResourcePatternResolver - Searching directory [/home/aluno/spring-projects/maven/spring-data-aerospike/target/test-classes/org/springframework/data/aerospike/repository] for files matching pattern [/home/aluno/spring-projects/maven/spring-data-aerospike/target/test-classes/org/springframework/data/aerospike/repository/**/*ContactRepositoryImpl.class]
16:38:05.862 [main] DEBUG o.s.c.i.s.PathMatchingResourcePatternResolver - Searching directory [/home/aluno/spring-projects/maven/spring-data-aerospike/target/test-classes/org/springframework/data/aerospike/repository/support] for files matching pattern [/home/aluno/spring-projects/maven/spring-data-aerospike/target/test-classes/org/springframework/data/aerospike/repository/**/*ContactRepositoryImpl.class]
16:38:05.862 [main] DEBUG o.s.c.i.s.PathMatchingResourcePatternResolver - Searching directory [/home/aluno/spring-projects/maven/spring-data-aerospike/target/test-classes/org/springframework/data/aerospike/repository/query] for files matching pattern [/home/aluno/spring-projects/maven/spring-data-aerospike/target/test-classes/org/springframework/data/aerospike/repository/**/*ContactRepositoryImpl.class]
16:38:05.862 [main] DEBUG o.s.c.i.s.PathMatchingResourcePatternResolver - Looking for matching resources in directory tree [/home/aluno/spring-projects/maven/spring-data-aerospike/target/classes/org/springframework/data/aerospike/repository]
16:38:05.863 [main] DEBUG o.s.c.i.s.PathMatchingResourcePatternResolver - Searching directory [/home/aluno/spring-projects/maven/spring-data-aerospike/target/classes/org/springframework/data/aerospike/repository] for files matching pattern [/home/aluno/spring-projects/maven/spring-data-aerospike/target/classes/org/springframework/data/aerospike/repository/**/*ContactRepositoryImpl.class]
16:38:05.863 [main] DEBUG o.s.c.i.s.PathMatchingResourcePatternResolver - Searching directory [/home/aluno/spring-projects/maven/spring-data-aerospike/target/classes/org/springframework/data/aerospike/repository/support] for files matching pattern [/home/aluno/spring-projects/maven/spring-data-aerospike/target/classes/org/springframework/data/aerospike/repository/**/*ContactRepositoryImpl.class]
16:38:05.863 [main] DEBUG o.s.c.i.s.PathMatchingResourcePatternResolver - Searching directory [/home/aluno/spring-projects/maven/spring-data-aerospike/target/classes/org/springframework/data/aerospike/repository/config] for files matching pattern [/home/aluno/spring-projects/maven/spring-data-aerospike/target/classes/org/springframework/data/aerospike/repository/**/*ContactRepositoryImpl.class]
16:38:05.863 [main] DEBUG o.s.c.i.s.PathMatchingResourcePatternResolver - Searching directory [/home/aluno/spring-projects/maven/spring-data-aerospike/target/classes/org/springframework/data/aerospike/repository/query] for files matching pattern [/home/aluno/spring-projects/maven/spring-data-aerospike/target/classes/org/springframework/data/aerospike/repository/**/*ContactRepositoryImpl.class]
16:38:05.863 [main] DEBUG o.s.c.i.s.PathMatchingResourcePatternResolver - Resolved location pattern [classpath*:org/springframework/data/aerospike/repository/**/*ContactRepositoryImpl.class] to resources []
16:38:05.863 [main] DEBUG o.s.d.r.c.RepositoryConfigurationDelegate - Spring Data Aerospike - Registering repository: contactRepository - Interface: org.springframework.data.aerospike.repository.ContactRepository - Factory: org.springframework.data.keyvalue.repository.support.KeyValueRepositoryFactoryBean
16:38:05.863 [main] DEBUG o.s.core.env.StandardEnvironment - Adding [systemProperties] PropertySource with lowest search precedence
16:38:05.863 [main] DEBUG o.s.core.env.StandardEnvironment - Adding [systemEnvironment] PropertySource with lowest search precedence
16:38:05.863 [main] DEBUG o.s.core.env.StandardEnvironment - Initialized StandardEnvironment with PropertySources [systemProperties,systemEnvironment]
16:38:05.863 [main] DEBUG o.s.c.i.s.PathMatchingResourcePatternResolver - Looking for matching resources in directory tree [/home/aluno/spring-projects/maven/spring-data-aerospike/target/test-classes/org/springframework/data/aerospike/repository]
16:38:05.863 [main] DEBUG o.s.c.i.s.PathMatchingResourcePatternResolver - Searching directory [/home/aluno/spring-projects/maven/spring-data-aerospike/target/test-classes/org/springframework/data/aerospike/repository] for files matching pattern [/home/aluno/spring-projects/maven/spring-data-aerospike/target/test-classes/org/springframework/data/aerospike/repository/**/*PersonRepositoryImpl.class]
16:38:05.863 [main] DEBUG o.s.c.i.s.PathMatchingResourcePatternResolver - Searching directory [/home/aluno/spring-projects/maven/spring-data-aerospike/target/test-classes/org/springframework/data/aerospike/repository/support] for files matching pattern [/home/aluno/spring-projects/maven/spring-data-aerospike/target/test-classes/org/springframework/data/aerospike/repository/**/*PersonRepositoryImpl.class]
16:38:05.864 [main] DEBUG o.s.c.i.s.PathMatchingResourcePatternResolver - Searching directory [/home/aluno/spring-projects/maven/spring-data-aerospike/target/test-classes/org/springframework/data/aerospike/repository/query] for files matching pattern [/home/aluno/spring-projects/maven/spring-data-aerospike/target/test-classes/org/springframework/data/aerospike/repository/**/*PersonRepositoryImpl.class]
16:38:05.864 [main] DEBUG o.s.c.i.s.PathMatchingResourcePatternResolver - Looking for matching resources in directory tree [/home/aluno/spring-projects/maven/spring-data-aerospike/target/classes/org/springframework/data/aerospike/repository]
16:38:05.864 [main] DEBUG o.s.c.i.s.PathMatchingResourcePatternResolver - Searching directory [/home/aluno/spring-projects/maven/spring-data-aerospike/target/classes/org/springframework/data/aerospike/repository] for files matching pattern [/home/aluno/spring-projects/maven/spring-data-aerospike/target/classes/org/springframework/data/aerospike/repository/**/*PersonRepositoryImpl.class]
16:38:05.864 [main] DEBUG o.s.c.i.s.PathMatchingResourcePatternResolver - Searching directory [/home/aluno/spring-projects/maven/spring-data-aerospike/target/classes/org/springframework/data/aerospike/repository/support] for files matching pattern [/home/aluno/spring-projects/maven/spring-data-aerospike/target/classes/org/springframework/data/aerospike/repository/**/*PersonRepositoryImpl.class]
16:38:05.864 [main] DEBUG o.s.c.i.s.PathMatchingResourcePatternResolver - Searching directory [/home/aluno/spring-projects/maven/spring-data-aerospike/target/classes/org/springframework/data/aerospike/repository/config] for files matching pattern [/home/aluno/spring-projects/maven/spring-data-aerospike/target/classes/org/springframework/data/aerospike/repository/**/*PersonRepositoryImpl.class]
16:38:05.864 [main] DEBUG o.s.c.i.s.PathMatchingResourcePatternResolver - Searching directory [/home/aluno/spring-projects/maven/spring-data-aerospike/target/classes/org/springframework/data/aerospike/repository/query] for files matching pattern [/home/aluno/spring-projects/maven/spring-data-aerospike/target/classes/org/springframework/data/aerospike/repository/**/*PersonRepositoryImpl.class]
16:38:05.864 [main] DEBUG o.s.c.i.s.PathMatchingResourcePatternResolver - Resolved location pattern [classpath*:org/springframework/data/aerospike/repository/**/*PersonRepositoryImpl.class] to resources []
16:38:05.864 [main] DEBUG o.s.d.r.c.RepositoryConfigurationDelegate - Spring Data Aerospike - Registering repository: personRepository - Interface: org.springframework.data.aerospike.repository.PersonRepository - Factory: org.springframework.data.keyvalue.repository.support.KeyValueRepositoryFactoryBean
16:38:05.864 [main] DEBUG o.s.c.a.ConfigurationClassEnhancer - Successfully enhanced org.springframework.data.aerospike.repository.TestConfigPerson; enhanced class name is: org.springframework.data.aerospike.repository.TestConfigPerson$$EnhancerBySpringCGLIB$$3f27a8da
16:38:05.864 [main] DEBUG o.s.c.a.ConfigurationClassPostProcessor - Replacing bean definition 'testConfigPerson' existing class name 'org.springframework.data.aerospike.repository.TestConfigPerson' with enhanced class name 'org.springframework.data.aerospike.repository.TestConfigPerson$$EnhancerBySpringCGLIB$$3f27a8da'
16:38:05.865 [main] DEBUG o.s.b.f.s.DefaultListableBeanFactory - Creating shared instance of singleton bean 'org.springframework.context.annotation.internalAutowiredAnnotationProcessor'
16:38:05.865 [main] DEBUG o.s.b.f.s.DefaultListableBeanFactory - Creating instance of bean 'org.springframework.context.annotation.internalAutowiredAnnotationProcessor'
16:38:05.865 [main] DEBUG o.s.b.f.s.DefaultListableBeanFactory - Eagerly caching bean 'org.springframework.context.annotation.internalAutowiredAnnotationProcessor' to allow for resolving potential circular references
16:38:05.865 [main] DEBUG o.s.b.f.s.DefaultListableBeanFactory - Finished creating instance of bean 'org.springframework.context.annotation.internalAutowiredAnnotationProcessor'
16:38:05.865 [main] DEBUG o.s.b.f.s.DefaultListableBeanFactory - Creating shared instance of singleton bean 'org.springframework.context.annotation.internalRequiredAnnotationProcessor'
16:38:05.865 [main] DEBUG o.s.b.f.s.DefaultListableBeanFactory - Creating instance of bean 'org.springframework.context.annotation.internalRequiredAnnotationProcessor'
16:38:05.865 [main] DEBUG o.s.b.f.s.DefaultListableBeanFactory - Eagerly caching bean 'org.springframework.context.annotation.internalRequiredAnnotationProcessor' to allow for resolving potential circular references
16:38:05.865 [main] DEBUG o.s.b.f.s.DefaultListableBeanFactory - Finished creating instance of bean 'org.springframework.context.annotation.internalRequiredAnnotationProcessor'
16:38:05.865 [main] DEBUG o.s.b.f.s.DefaultListableBeanFactory - Creating shared instance of singleton bean 'org.springframework.context.annotation.internalCommonAnnotationProcessor'
16:38:05.865 [main] DEBUG o.s.b.f.s.DefaultListableBeanFactory - Creating instance of bean 'org.springframework.context.annotation.internalCommonAnnotationProcessor'
16:38:05.865 [main] DEBUG o.s.b.f.s.DefaultListableBeanFactory - Eagerly caching bean 'org.springframework.context.annotation.internalCommonAnnotationProcessor' to allow for resolving potential circular references
16:38:05.865 [main] DEBUG o.s.b.f.s.DefaultListableBeanFactory - Finished creating instance of bean 'org.springframework.context.annotation.internalCommonAnnotationProcessor'
16:38:05.865 [main] DEBUG o.s.b.f.s.DefaultListableBeanFactory - Creating shared instance of singleton bean 'org.springframework.context.annotation.ConfigurationClassPostProcessor.importAwareProcessor'
16:38:05.865 [main] DEBUG o.s.b.f.s.DefaultListableBeanFactory - Creating instance of bean 'org.springframework.context.annotation.ConfigurationClassPostProcessor.importAwareProcessor'
16:38:05.865 [main] DEBUG o.s.b.f.s.DefaultListableBeanFactory - Eagerly caching bean 'org.springframework.context.annotation.ConfigurationClassPostProcessor.importAwareProcessor' to allow for resolving potential circular references
16:38:05.865 [main] DEBUG o.s.b.f.s.DefaultListableBeanFactory - Finished creating instance of bean 'org.springframework.context.annotation.ConfigurationClassPostProcessor.importAwareProcessor'
16:38:05.865 [main] DEBUG o.s.b.f.s.DefaultListableBeanFactory - Creating shared instance of singleton bean 'org.springframework.context.annotation.ConfigurationClassPostProcessor.enhancedConfigurationProcessor'
16:38:05.865 [main] DEBUG o.s.b.f.s.DefaultListableBeanFactory - Creating instance of bean 'org.springframework.context.annotation.ConfigurationClassPostProcessor.enhancedConfigurationProcessor'
16:38:05.865 [main] DEBUG o.s.b.f.s.DefaultListableBeanFactory - Eagerly caching bean 'org.springframework.context.annotation.ConfigurationClassPostProcessor.enhancedConfigurationProcessor' to allow for resolving potential circular references
16:38:05.865 [main] DEBUG o.s.b.f.s.DefaultListableBeanFactory - Finished creating instance of bean 'org.springframework.context.annotation.ConfigurationClassPostProcessor.enhancedConfigurationProcessor'
16:38:05.865 [main] DEBUG o.s.b.f.s.DefaultListableBeanFactory - Creating shared instance of singleton bean 'org.springframework.data.repository.core.support.RepositoryInterfaceAwareBeanPostProcessor'
16:38:05.865 [main] DEBUG o.s.b.f.s.DefaultListableBeanFactory - Creating instance of bean 'org.springframework.data.repository.core.support.RepositoryInterfaceAwareBeanPostProcessor'
16:38:05.865 [main] DEBUG o.s.b.f.s.DefaultListableBeanFactory - Eagerly caching bean 'org.springframework.data.repository.core.support.RepositoryInterfaceAwareBeanPostProcessor' to allow for resolving potential circular references
16:38:05.865 [main] DEBUG o.s.b.f.s.DefaultListableBeanFactory - Finished creating instance of bean 'org.springframework.data.repository.core.support.RepositoryInterfaceAwareBeanPostProcessor'
16:38:05.865 [main] DEBUG o.s.c.s.GenericApplicationContext - Unable to locate MessageSource with name 'messageSource': using default [org.springframework.context.support.DelegatingMessageSource@7ccfdaef]
16:38:05.865 [main] DEBUG o.s.c.s.GenericApplicationContext - Unable to locate ApplicationEventMulticaster with name 'applicationEventMulticaster': using default [org.springframework.context.event.SimpleApplicationEventMulticaster@a6e4897]
16:38:05.865 [main] DEBUG o.s.b.f.s.DefaultListableBeanFactory - Pre-instantiating singletons in org.springframework.beans.factory.support.DefaultListableBeanFactory@723877dd: defining beans [org.springframework.context.annotation.internalConfigurationAnnotationProcessor,org.springframework.context.annotation.internalAutowiredAnnotationProcessor,org.springframework.context.annotation.internalRequiredAnnotationProcessor,org.springframework.context.annotation.internalCommonAnnotationProcessor,testConfigPerson,org.springframework.context.annotation.ConfigurationClassPostProcessor.importAwareProcessor,org.springframework.context.annotation.ConfigurationClassPostProcessor.enhancedConfigurationProcessor,aerospikeTemplate,aerospikeClient,org.springframework.data.aerospike.repository.config.AerospikeRepositoriesRegistrar$AerospikeRepositoryConfigurationExtension#0,org.springframework.data.repository.core.support.RepositoryInterfaceAwareBeanPostProcessor,keyValueMappingContext,contactRepository,personRepository]; root of factory hierarchy
16:38:05.866 [main] DEBUG o.s.b.f.s.DefaultListableBeanFactory - Returning cached instance of singleton bean 'org.springframework.context.annotation.internalConfigurationAnnotationProcessor'
16:38:05.866 [main] DEBUG o.s.b.f.s.DefaultListableBeanFactory - Returning cached instance of singleton bean 'org.springframework.context.annotation.internalAutowiredAnnotationProcessor'
16:38:05.866 [main] DEBUG o.s.b.f.s.DefaultListableBeanFactory - Returning cached instance of singleton bean 'org.springframework.context.annotation.internalRequiredAnnotationProcessor'
16:38:05.866 [main] DEBUG o.s.b.f.s.DefaultListableBeanFactory - Returning cached instance of singleton bean 'org.springframework.context.annotation.internalCommonAnnotationProcessor'
16:38:05.866 [main] DEBUG o.s.b.f.s.DefaultListableBeanFactory - Creating shared instance of singleton bean 'testConfigPerson'
16:38:05.866 [main] DEBUG o.s.b.f.s.DefaultListableBeanFactory - Creating instance of bean 'testConfigPerson'
16:38:05.866 [main] DEBUG o.s.b.f.s.DefaultListableBeanFactory - Eagerly caching bean 'testConfigPerson' to allow for resolving potential circular references
16:38:05.866 [main] DEBUG o.s.b.f.s.DefaultListableBeanFactory - Finished creating instance of bean 'testConfigPerson'
16:38:05.866 [main] DEBUG o.s.b.f.s.DefaultListableBeanFactory - Returning cached instance of singleton bean 'org.springframework.context.annotation.ConfigurationClassPostProcessor.importAwareProcessor'
16:38:05.866 [main] DEBUG o.s.b.f.s.DefaultListableBeanFactory - Returning cached instance of singleton bean 'org.springframework.context.annotation.ConfigurationClassPostProcessor.enhancedConfigurationProcessor'
16:38:05.866 [main] DEBUG o.s.b.f.s.DefaultListableBeanFactory - Creating shared instance of singleton bean 'aerospikeTemplate'
16:38:05.866 [main] DEBUG o.s.b.f.s.DefaultListableBeanFactory - Creating instance of bean 'aerospikeTemplate'
16:38:05.866 [main] DEBUG o.s.b.f.s.DefaultListableBeanFactory - Returning cached instance of singleton bean 'testConfigPerson'
16:38:05.866 [main] DEBUG o.s.b.f.s.DefaultListableBeanFactory - Creating shared instance of singleton bean 'aerospikeClient'
16:38:05.866 [main] DEBUG o.s.b.f.s.DefaultListableBeanFactory - Creating instance of bean 'aerospikeClient'
16:38:05.866 [main] DEBUG o.s.b.f.s.DefaultListableBeanFactory - Returning cached instance of singleton bean 'testConfigPerson'
16:38:07.868 [main] DEBUG o.s.d.a.r.q.AerospikeQueryCreator - AS:Alias 52.41.32.83:3000 failed: Error Code 11: java.net.SocketTimeoutException: connect timed out
16:38:07.868 [main] WARN  o.s.d.a.r.q.AerospikeQueryCreator - AS:Seed 52.41.32.83:3000 failed: Error Code 11: java.net.SocketTimeoutException: connect timed out
16:38:07.870 [main] WARN  o.s.c.s.GenericApplicationContext - Exception encountered during context initialization - cancelling refresh attempt
org.springframework.beans.factory.BeanCreationException: Error creating bean with name 'aerospikeTemplate' defined in org.springframework.data.aerospike.repository.TestConfigPerson: Bean instantiation via factory method failed; nested exception is org.springframework.beans.BeanInstantiationException: Failed to instantiate [org.springframework.data.aerospike.core.AerospikeTemplate]: Factory method 'aerospikeTemplate' threw exception; nested exception is org.springframework.beans.factory.BeanCreationException: Error creating bean with name 'aerospikeClient' defined in org.springframework.data.aerospike.repository.TestConfigPerson: Bean instantiation via factory method failed; nested exception is org.springframework.beans.BeanInstantiationException: Failed to instantiate [com.aerospike.client.AerospikeClient]: Factory method 'aerospikeClient' threw exception; nested exception is com.aerospike.client.AerospikeException$Connection: Error Code 11: Failed to connect to host(s): 
52.41.32.83:3000 Error Code 11: java.net.SocketTimeoutException: connect timed out

	at org.springframework.beans.factory.support.ConstructorResolver.instantiateUsingFactoryMethod(ConstructorResolver.java:599) ~[spring-beans-4.1.7.RELEASE.jar:4.1.7.RELEASE]
	at org.springframework.beans.factory.support.AbstractAutowireCapableBeanFactory.instantiateUsingFactoryMethod(AbstractAutowireCapableBeanFactory.java:1119) ~[spring-beans-4.1.7.RELEASE.jar:4.1.7.RELEASE]
	at org.springframework.beans.factory.support.AbstractAutowireCapableBeanFactory.createBeanInstance(AbstractAutowireCapableBeanFactory.java:1014) ~[spring-beans-4.1.7.RELEASE.jar:4.1.7.RELEASE]
	at org.springframework.beans.factory.support.AbstractAutowireCapableBeanFactory.doCreateBean(AbstractAutowireCapableBeanFactory.java:504) ~[spring-beans-4.1.7.RELEASE.jar:4.1.7.RELEASE]
	at org.springframework.beans.factory.support.AbstractAutowireCapableBeanFactory.createBean(AbstractAutowireCapableBeanFactory.java:476) ~[spring-beans-4.1.7.RELEASE.jar:4.1.7.RELEASE]
	at org.springframework.beans.factory.support.AbstractBeanFactory$1.getObject(AbstractBeanFactory.java:303) ~[spring-beans-4.1.7.RELEASE.jar:4.1.7.RELEASE]
	at org.springframework.beans.factory.support.DefaultSingletonBeanRegistry.getSingleton(DefaultSingletonBeanRegistry.java:230) ~[spring-beans-4.1.7.RELEASE.jar:4.1.7.RELEASE]
	at org.springframework.beans.factory.support.AbstractBeanFactory.doGetBean(AbstractBeanFactory.java:299) ~[spring-beans-4.1.7.RELEASE.jar:4.1.7.RELEASE]
	at org.springframework.beans.factory.support.AbstractBeanFactory.getBean(AbstractBeanFactory.java:194) ~[spring-beans-4.1.7.RELEASE.jar:4.1.7.RELEASE]
	at org.springframework.beans.factory.support.DefaultListableBeanFactory.preInstantiateSingletons(DefaultListableBeanFactory.java:755) ~[spring-beans-4.1.7.RELEASE.jar:4.1.7.RELEASE]
	at org.springframework.context.support.AbstractApplicationContext.finishBeanFactoryInitialization(AbstractApplicationContext.java:757) ~[spring-context-4.1.7.RELEASE.jar:4.1.7.RELEASE]
	at org.springframework.context.support.AbstractApplicationContext.refresh(AbstractApplicationContext.java:480) ~[spring-context-4.1.7.RELEASE.jar:4.1.7.RELEASE]
	at org.springframework.test.context.support.AbstractGenericContextLoader.loadContext(AbstractGenericContextLoader.java:125) [spring-test-4.1.7.RELEASE.jar:4.1.7.RELEASE]
	at org.springframework.test.context.support.AbstractGenericContextLoader.loadContext(AbstractGenericContextLoader.java:60) [spring-test-4.1.7.RELEASE.jar:4.1.7.RELEASE]
	at org.springframework.test.context.support.AbstractDelegatingSmartContextLoader.delegateLoading(AbstractDelegatingSmartContextLoader.java:109) [spring-test-4.1.7.RELEASE.jar:4.1.7.RELEASE]
	at org.springframework.test.context.support.AbstractDelegatingSmartContextLoader.loadContext(AbstractDelegatingSmartContextLoader.java:261) [spring-test-4.1.7.RELEASE.jar:4.1.7.RELEASE]
	at org.springframework.test.context.DefaultCacheAwareContextLoaderDelegate.loadContextInternal(DefaultCacheAwareContextLoaderDelegate.java:68) [spring-test-4.1.7.RELEASE.jar:4.1.7.RELEASE]
	at org.springframework.test.context.DefaultCacheAwareContextLoaderDelegate.loadContext(DefaultCacheAwareContextLoaderDelegate.java:86) [spring-test-4.1.7.RELEASE.jar:4.1.7.RELEASE]
	at org.springframework.test.context.DefaultTestContext.getApplicationContext(DefaultTestContext.java:72) [spring-test-4.1.7.RELEASE.jar:4.1.7.RELEASE]
	at org.springframework.test.context.support.DependencyInjectionTestExecutionListener.injectDependencies(DependencyInjectionTestExecutionListener.java:117) [spring-test-4.1.7.RELEASE.jar:4.1.7.RELEASE]
	at org.springframework.test.context.support.DependencyInjectionTestExecutionListener.prepareTestInstance(DependencyInjectionTestExecutionListener.java:83) [spring-test-4.1.7.RELEASE.jar:4.1.7.RELEASE]
	at org.springframework.test.context.TestContextManager.prepareTestInstance(TestContextManager.java:212) [spring-test-4.1.7.RELEASE.jar:4.1.7.RELEASE]
	at org.springframework.test.context.junit4.SpringJUnit4ClassRunner.createTest(SpringJUnit4ClassRunner.java:200) [spring-test-4.1.7.RELEASE.jar:4.1.7.RELEASE]
	at org.springframework.test.context.junit4.SpringJUnit4ClassRunner$1.runReflectiveCall(SpringJUnit4ClassRunner.java:259) [spring-test-4.1.7.RELEASE.jar:4.1.7.RELEASE]
	at org.junit.internal.runners.model.ReflectiveCallable.run(ReflectiveCallable.java:12) [junit-4.12.jar:4.12]
	at org.springframework.test.context.junit4.SpringJUnit4ClassRunner.methodBlock(SpringJUnit4ClassRunner.java:261) [spring-test-4.1.7.RELEASE.jar:4.1.7.RELEASE]
	at org.springframework.test.context.junit4.SpringJUnit4ClassRunner.runChild(SpringJUnit4ClassRunner.java:219) [spring-test-4.1.7.RELEASE.jar:4.1.7.RELEASE]
	at org.springframework.test.context.junit4.SpringJUnit4ClassRunner.runChild(SpringJUnit4ClassRunner.java:83) [spring-test-4.1.7.RELEASE.jar:4.1.7.RELEASE]
	at org.junit.runners.ParentRunner$3.run(ParentRunner.java:290) [junit-4.12.jar:4.12]
	at org.junit.runners.ParentRunner$1.schedule(ParentRunner.java:71) [junit-4.12.jar:4.12]
	at org.junit.runners.ParentRunner.runChildren(ParentRunner.java:288) [junit-4.12.jar:4.12]
	at org.junit.runners.ParentRunner.access$000(ParentRunner.java:58) [junit-4.12.jar:4.12]
	at org.junit.runners.ParentRunner$2.evaluate(ParentRunner.java:268) [junit-4.12.jar:4.12]
	at org.springframework.test.context.junit4.statements.RunBeforeTestClassCallbacks.evaluate(RunBeforeTestClassCallbacks.java:61) [spring-test-4.1.7.RELEASE.jar:4.1.7.RELEASE]
	at org.springframework.test.context.junit4.statements.RunAfterTestClassCallbacks.evaluate(RunAfterTestClassCallbacks.java:68) [spring-test-4.1.7.RELEASE.jar:4.1.7.RELEASE]
	at org.junit.runners.ParentRunner.run(ParentRunner.java:363) [junit-4.12.jar:4.12]
	at org.springframework.test.context.junit4.SpringJUnit4ClassRunner.run(SpringJUnit4ClassRunner.java:163) [spring-test-4.1.7.RELEASE.jar:4.1.7.RELEASE]
	at org.apache.maven.surefire.junit4.JUnit4Provider.execute(JUnit4Provider.java:283) [surefire-junit4-2.18.1.jar:2.18.1]
	at org.apache.maven.surefire.junit4.JUnit4Provider.executeWithRerun(JUnit4Provider.java:173) [surefire-junit4-2.18.1.jar:2.18.1]
	at org.apache.maven.surefire.junit4.JUnit4Provider.executeTestSet(JUnit4Provider.java:153) [surefire-junit4-2.18.1.jar:2.18.1]
	at org.apache.maven.surefire.junit4.JUnit4Provider.invoke(JUnit4Provider.java:128) [surefire-junit4-2.18.1.jar:2.18.1]
	at org.apache.maven.surefire.booter.ForkedBooter.invokeProviderInSameClassLoader(ForkedBooter.java:203) [surefire-booter-2.18.1.jar:2.18.1]
	at org.apache.maven.surefire.booter.ForkedBooter.runSuitesInProcess(ForkedBooter.java:155) [surefire-booter-2.18.1.jar:2.18.1]
	at org.apache.maven.surefire.booter.ForkedBooter.main(ForkedBooter.java:103) [surefire-booter-2.18.1.jar:2.18.1]
Caused by: org.springframework.beans.BeanInstantiationException: Failed to instantiate [org.springframework.data.aerospike.core.AerospikeTemplate]: Factory method 'aerospikeTemplate' threw exception; nested exception is org.springframework.beans.factory.BeanCreationException: Error creating bean with name 'aerospikeClient' defined in org.springframework.data.aerospike.repository.TestConfigPerson: Bean instantiation via factory method failed; nested exception is org.springframework.beans.BeanInstantiationException: Failed to instantiate [com.aerospike.client.AerospikeClient]: Factory method 'aerospikeClient' threw exception; nested exception is com.aerospike.client.AerospikeException$Connection: Error Code 11: Failed to connect to host(s): 
52.41.32.83:3000 Error Code 11: java.net.SocketTimeoutException: connect timed out

	at org.springframework.beans.factory.support.SimpleInstantiationStrategy.instantiate(SimpleInstantiationStrategy.java:189) ~[spring-beans-4.1.7.RELEASE.jar:4.1.7.RELEASE]
	at org.springframework.beans.factory.support.ConstructorResolver.instantiateUsingFactoryMethod(ConstructorResolver.java:588) ~[spring-beans-4.1.7.RELEASE.jar:4.1.7.RELEASE]
	... 43 common frames omitted
Caused by: org.springframework.beans.factory.BeanCreationException: Error creating bean with name 'aerospikeClient' defined in org.springframework.data.aerospike.repository.TestConfigPerson: Bean instantiation via factory method failed; nested exception is org.springframework.beans.BeanInstantiationException: Failed to instantiate [com.aerospike.client.AerospikeClient]: Factory method 'aerospikeClient' threw exception; nested exception is com.aerospike.client.AerospikeException$Connection: Error Code 11: Failed to connect to host(s): 
52.41.32.83:3000 Error Code 11: java.net.SocketTimeoutException: connect timed out

	at org.springframework.beans.factory.support.ConstructorResolver.instantiateUsingFactoryMethod(ConstructorResolver.java:599) ~[spring-beans-4.1.7.RELEASE.jar:4.1.7.RELEASE]
	at org.springframework.beans.factory.support.AbstractAutowireCapableBeanFactory.instantiateUsingFactoryMethod(AbstractAutowireCapableBeanFactory.java:1119) ~[spring-beans-4.1.7.RELEASE.jar:4.1.7.RELEASE]
	at org.springframework.beans.factory.support.AbstractAutowireCapableBeanFactory.createBeanInstance(AbstractAutowireCapableBeanFactory.java:1014) ~[spring-beans-4.1.7.RELEASE.jar:4.1.7.RELEASE]
	at org.springframework.beans.factory.support.AbstractAutowireCapableBeanFactory.doCreateBean(AbstractAutowireCapableBeanFactory.java:504) ~[spring-beans-4.1.7.RELEASE.jar:4.1.7.RELEASE]
	at org.springframework.beans.factory.support.AbstractAutowireCapableBeanFactory.createBean(AbstractAutowireCapableBeanFactory.java:476) ~[spring-beans-4.1.7.RELEASE.jar:4.1.7.RELEASE]
	at org.springframework.beans.factory.support.AbstractBeanFactory$1.getObject(AbstractBeanFactory.java:303) ~[spring-beans-4.1.7.RELEASE.jar:4.1.7.RELEASE]
	at org.springframework.beans.factory.support.DefaultSingletonBeanRegistry.getSingleton(DefaultSingletonBeanRegistry.java:230) ~[spring-beans-4.1.7.RELEASE.jar:4.1.7.RELEASE]
	at org.springframework.beans.factory.support.AbstractBeanFactory.doGetBean(AbstractBeanFactory.java:299) ~[spring-beans-4.1.7.RELEASE.jar:4.1.7.RELEASE]
	at org.springframework.beans.factory.support.AbstractBeanFactory.getBean(AbstractBeanFactory.java:194) ~[spring-beans-4.1.7.RELEASE.jar:4.1.7.RELEASE]
	at org.springframework.context.annotation.ConfigurationClassEnhancer$BeanMethodInterceptor.intercept(ConfigurationClassEnhancer.java:322) ~[spring-context-4.1.7.RELEASE.jar:4.1.7.RELEASE]
	at org.springframework.data.aerospike.repository.TestConfigPerson$$EnhancerBySpringCGLIB$$3f27a8da.aerospikeClient(<generated>) ~[spring-core-4.1.7.RELEASE.jar:na]
	at org.springframework.data.aerospike.repository.TestConfigPerson.aerospikeTemplate(TestConfigPerson.java:38) ~[test-classes/:na]
	at org.springframework.data.aerospike.repository.TestConfigPerson$$EnhancerBySpringCGLIB$$3f27a8da.CGLIB$aerospikeTemplate$0(<generated>) ~[spring-core-4.1.7.RELEASE.jar:na]
	at org.springframework.data.aerospike.repository.TestConfigPerson$$EnhancerBySpringCGLIB$$3f27a8da$$FastClassBySpringCGLIB$$38965c5e.invoke(<generated>) ~[spring-core-4.1.7.RELEASE.jar:na]
	at org.springframework.cglib.proxy.MethodProxy.invokeSuper(MethodProxy.java:228) ~[spring-core-4.1.7.RELEASE.jar:4.1.7.RELEASE]
	at org.springframework.context.annotation.ConfigurationClassEnhancer$BeanMethodInterceptor.intercept(ConfigurationClassEnhancer.java:309) ~[spring-context-4.1.7.RELEASE.jar:4.1.7.RELEASE]
	at org.springframework.data.aerospike.repository.TestConfigPerson$$EnhancerBySpringCGLIB$$3f27a8da.aerospikeTemplate(<generated>) ~[spring-core-4.1.7.RELEASE.jar:na]
	at sun.reflect.GeneratedMethodAccessor45.invoke(Unknown Source) ~[na:na]
	at sun.reflect.DelegatingMethodAccessorImpl.invoke(DelegatingMethodAccessorImpl.java:43) ~[na:1.8.0_91]
	at java.lang.reflect.Method.invoke(Method.java:498) ~[na:1.8.0_91]
	at org.springframework.beans.factory.support.SimpleInstantiationStrategy.instantiate(SimpleInstantiationStrategy.java:162) ~[spring-beans-4.1.7.RELEASE.jar:4.1.7.RELEASE]
	... 44 common frames omitted
Caused by: org.springframework.beans.BeanInstantiationException: Failed to instantiate [com.aerospike.client.AerospikeClient]: Factory method 'aerospikeClient' threw exception; nested exception is com.aerospike.client.AerospikeException$Connection: Error Code 11: Failed to connect to host(s): 
52.41.32.83:3000 Error Code 11: java.net.SocketTimeoutException: connect timed out

	at org.springframework.beans.factory.support.SimpleInstantiationStrategy.instantiate(SimpleInstantiationStrategy.java:189) ~[spring-beans-4.1.7.RELEASE.jar:4.1.7.RELEASE]
	at org.springframework.beans.factory.support.ConstructorResolver.instantiateUsingFactoryMethod(ConstructorResolver.java:588) ~[spring-beans-4.1.7.RELEASE.jar:4.1.7.RELEASE]
	... 64 common frames omitted
Caused by: com.aerospike.client.AerospikeException$Connection: Error Code 11: Failed to connect to host(s): 
52.41.32.83:3000 Error Code 11: java.net.SocketTimeoutException: connect timed out

	at com.aerospike.client.cluster.Cluster.seedNodes(Cluster.java:386) ~[aerospike-client-3.2.3.jar:na]
	at com.aerospike.client.cluster.Cluster.tend(Cluster.java:273) ~[aerospike-client-3.2.3.jar:na]
	at com.aerospike.client.cluster.Cluster.waitTillStabilized(Cluster.java:238) ~[aerospike-client-3.2.3.jar:na]
	at com.aerospike.client.cluster.Cluster.initTendThread(Cluster.java:148) ~[aerospike-client-3.2.3.jar:na]
	at com.aerospike.client.AerospikeClient.<init>(AerospikeClient.java:209) ~[aerospike-client-3.2.3.jar:na]
	at com.aerospike.client.AerospikeClient.<init>(AerospikeClient.java:173) ~[aerospike-client-3.2.3.jar:na]
	at org.springframework.data.aerospike.repository.TestConfigPerson.aerospikeClient(TestConfigPerson.java:32) ~[test-classes/:na]
	at org.springframework.data.aerospike.repository.TestConfigPerson$$EnhancerBySpringCGLIB$$3f27a8da.CGLIB$aerospikeClient$1(<generated>) ~[spring-core-4.1.7.RELEASE.jar:na]
	at org.springframework.data.aerospike.repository.TestConfigPerson$$EnhancerBySpringCGLIB$$3f27a8da$$FastClassBySpringCGLIB$$38965c5e.invoke(<generated>) ~[spring-core-4.1.7.RELEASE.jar:na]
	at org.springframework.cglib.proxy.MethodProxy.invokeSuper(MethodProxy.java:228) ~[spring-core-4.1.7.RELEASE.jar:4.1.7.RELEASE]
	at org.springframework.context.annotation.ConfigurationClassEnhancer$BeanMethodInterceptor.intercept(ConfigurationClassEnhancer.java:309) ~[spring-context-4.1.7.RELEASE.jar:4.1.7.RELEASE]
	at org.springframework.data.aerospike.repository.TestConfigPerson$$EnhancerBySpringCGLIB$$3f27a8da.aerospikeClient(<generated>) ~[spring-core-4.1.7.RELEASE.jar:na]
	at sun.reflect.GeneratedMethodAccessor46.invoke(Unknown Source) ~[na:na]
	at sun.reflect.DelegatingMethodAccessorImpl.invoke(DelegatingMethodAccessorImpl.java:43) ~[na:1.8.0_91]
	at java.lang.reflect.Method.invoke(Method.java:498) ~[na:1.8.0_91]
	at org.springframework.beans.factory.support.SimpleInstantiationStrategy.instantiate(SimpleInstantiationStrategy.java:162) ~[spring-beans-4.1.7.RELEASE.jar:4.1.7.RELEASE]
	... 65 common frames omitted
16:38:07.870 [main] DEBUG o.s.b.f.s.DefaultListableBeanFactory - Destroying singletons in org.springframework.beans.factory.support.DefaultListableBeanFactory@723877dd: defining beans [org.springframework.context.annotation.internalConfigurationAnnotationProcessor,org.springframework.context.annotation.internalAutowiredAnnotationProcessor,org.springframework.context.annotation.internalRequiredAnnotationProcessor,org.springframework.context.annotation.internalCommonAnnotationProcessor,testConfigPerson,org.springframework.context.annotation.ConfigurationClassPostProcessor.importAwareProcessor,org.springframework.context.annotation.ConfigurationClassPostProcessor.enhancedConfigurationProcessor,aerospikeTemplate,aerospikeClient,org.springframework.data.aerospike.repository.config.AerospikeRepositoriesRegistrar$AerospikeRepositoryConfigurationExtension#0,org.springframework.data.repository.core.support.RepositoryInterfaceAwareBeanPostProcessor,keyValueMappingContext,contactRepository,personRepository]; root of factory hierarchy
16:38:07.871 [main] ERROR o.s.test.context.TestContextManager - Caught exception while allowing TestExecutionListener [org.springframework.test.context.support.DependencyInjectionTestExecutionListener@334ebcaa] to prepare test instance [org.springframework.data.aerospike.repository.PersonRepositoryIntegrationTests@17b016ac]
java.lang.IllegalStateException: Failed to load ApplicationContext
	at org.springframework.test.context.DefaultCacheAwareContextLoaderDelegate.loadContext(DefaultCacheAwareContextLoaderDelegate.java:94) ~[spring-test-4.1.7.RELEASE.jar:4.1.7.RELEASE]
	at org.springframework.test.context.DefaultTestContext.getApplicationContext(DefaultTestContext.java:72) ~[spring-test-4.1.7.RELEASE.jar:4.1.7.RELEASE]
	at org.springframework.test.context.support.DependencyInjectionTestExecutionListener.injectDependencies(DependencyInjectionTestExecutionListener.java:117) ~[spring-test-4.1.7.RELEASE.jar:4.1.7.RELEASE]
	at org.springframework.test.context.support.DependencyInjectionTestExecutionListener.prepareTestInstance(DependencyInjectionTestExecutionListener.java:83) ~[spring-test-4.1.7.RELEASE.jar:4.1.7.RELEASE]
	at org.springframework.test.context.TestContextManager.prepareTestInstance(TestContextManager.java:212) ~[spring-test-4.1.7.RELEASE.jar:4.1.7.RELEASE]
	at org.springframework.test.context.junit4.SpringJUnit4ClassRunner.createTest(SpringJUnit4ClassRunner.java:200) [spring-test-4.1.7.RELEASE.jar:4.1.7.RELEASE]
	at org.springframework.test.context.junit4.SpringJUnit4ClassRunner$1.runReflectiveCall(SpringJUnit4ClassRunner.java:259) [spring-test-4.1.7.RELEASE.jar:4.1.7.RELEASE]
	at org.junit.internal.runners.model.ReflectiveCallable.run(ReflectiveCallable.java:12) [junit-4.12.jar:4.12]
	at org.springframework.test.context.junit4.SpringJUnit4ClassRunner.methodBlock(SpringJUnit4ClassRunner.java:261) [spring-test-4.1.7.RELEASE.jar:4.1.7.RELEASE]
	at org.springframework.test.context.junit4.SpringJUnit4ClassRunner.runChild(SpringJUnit4ClassRunner.java:219) [spring-test-4.1.7.RELEASE.jar:4.1.7.RELEASE]
	at org.springframework.test.context.junit4.SpringJUnit4ClassRunner.runChild(SpringJUnit4ClassRunner.java:83) [spring-test-4.1.7.RELEASE.jar:4.1.7.RELEASE]
	at org.junit.runners.ParentRunner$3.run(ParentRunner.java:290) [junit-4.12.jar:4.12]
	at org.junit.runners.ParentRunner$1.schedule(ParentRunner.java:71) [junit-4.12.jar:4.12]
	at org.junit.runners.ParentRunner.runChildren(ParentRunner.java:288) [junit-4.12.jar:4.12]
	at org.junit.runners.ParentRunner.access$000(ParentRunner.java:58) [junit-4.12.jar:4.12]
	at org.junit.runners.ParentRunner$2.evaluate(ParentRunner.java:268) [junit-4.12.jar:4.12]
	at org.springframework.test.context.junit4.statements.RunBeforeTestClassCallbacks.evaluate(RunBeforeTestClassCallbacks.java:61) [spring-test-4.1.7.RELEASE.jar:4.1.7.RELEASE]
	at org.springframework.test.context.junit4.statements.RunAfterTestClassCallbacks.evaluate(RunAfterTestClassCallbacks.java:68) [spring-test-4.1.7.RELEASE.jar:4.1.7.RELEASE]
	at org.junit.runners.ParentRunner.run(ParentRunner.java:363) [junit-4.12.jar:4.12]
	at org.springframework.test.context.junit4.SpringJUnit4ClassRunner.run(SpringJUnit4ClassRunner.java:163) [spring-test-4.1.7.RELEASE.jar:4.1.7.RELEASE]
	at org.apache.maven.surefire.junit4.JUnit4Provider.execute(JUnit4Provider.java:283) [surefire-junit4-2.18.1.jar:2.18.1]
	at org.apache.maven.surefire.junit4.JUnit4Provider.executeWithRerun(JUnit4Provider.java:173) [surefire-junit4-2.18.1.jar:2.18.1]
	at org.apache.maven.surefire.junit4.JUnit4Provider.executeTestSet(JUnit4Provider.java:153) [surefire-junit4-2.18.1.jar:2.18.1]
	at org.apache.maven.surefire.junit4.JUnit4Provider.invoke(JUnit4Provider.java:128) [surefire-junit4-2.18.1.jar:2.18.1]
	at org.apache.maven.surefire.booter.ForkedBooter.invokeProviderInSameClassLoader(ForkedBooter.java:203) [surefire-booter-2.18.1.jar:2.18.1]
	at org.apache.maven.surefire.booter.ForkedBooter.runSuitesInProcess(ForkedBooter.java:155) [surefire-booter-2.18.1.jar:2.18.1]
	at org.apache.maven.surefire.booter.ForkedBooter.main(ForkedBooter.java:103) [surefire-booter-2.18.1.jar:2.18.1]
Caused by: org.springframework.beans.factory.BeanCreationException: Error creating bean with name 'aerospikeTemplate' defined in org.springframework.data.aerospike.repository.TestConfigPerson: Bean instantiation via factory method failed; nested exception is org.springframework.beans.BeanInstantiationException: Failed to instantiate [org.springframework.data.aerospike.core.AerospikeTemplate]: Factory method 'aerospikeTemplate' threw exception; nested exception is org.springframework.beans.factory.BeanCreationException: Error creating bean with name 'aerospikeClient' defined in org.springframework.data.aerospike.repository.TestConfigPerson: Bean instantiation via factory method failed; nested exception is org.springframework.beans.BeanInstantiationException: Failed to instantiate [com.aerospike.client.AerospikeClient]: Factory method 'aerospikeClient' threw exception; nested exception is com.aerospike.client.AerospikeException$Connection: Error Code 11: Failed to connect to host(s): 
52.41.32.83:3000 Error Code 11: java.net.SocketTimeoutException: connect timed out

	at org.springframework.beans.factory.support.ConstructorResolver.instantiateUsingFactoryMethod(ConstructorResolver.java:599) ~[spring-beans-4.1.7.RELEASE.jar:4.1.7.RELEASE]
	at org.springframework.beans.factory.support.AbstractAutowireCapableBeanFactory.instantiateUsingFactoryMethod(AbstractAutowireCapableBeanFactory.java:1119) ~[spring-beans-4.1.7.RELEASE.jar:4.1.7.RELEASE]
	at org.springframework.beans.factory.support.AbstractAutowireCapableBeanFactory.createBeanInstance(AbstractAutowireCapableBeanFactory.java:1014) ~[spring-beans-4.1.7.RELEASE.jar:4.1.7.RELEASE]
	at org.springframework.beans.factory.support.AbstractAutowireCapableBeanFactory.doCreateBean(AbstractAutowireCapableBeanFactory.java:504) ~[spring-beans-4.1.7.RELEASE.jar:4.1.7.RELEASE]
	at org.springframework.beans.factory.support.AbstractAutowireCapableBeanFactory.createBean(AbstractAutowireCapableBeanFactory.java:476) ~[spring-beans-4.1.7.RELEASE.jar:4.1.7.RELEASE]
	at org.springframework.beans.factory.support.AbstractBeanFactory$1.getObject(AbstractBeanFactory.java:303) ~[spring-beans-4.1.7.RELEASE.jar:4.1.7.RELEASE]
	at org.springframework.beans.factory.support.DefaultSingletonBeanRegistry.getSingleton(DefaultSingletonBeanRegistry.java:230) ~[spring-beans-4.1.7.RELEASE.jar:4.1.7.RELEASE]
	at org.springframework.beans.factory.support.AbstractBeanFactory.doGetBean(AbstractBeanFactory.java:299) ~[spring-beans-4.1.7.RELEASE.jar:4.1.7.RELEASE]
	at org.springframework.beans.factory.support.AbstractBeanFactory.getBean(AbstractBeanFactory.java:194) ~[spring-beans-4.1.7.RELEASE.jar:4.1.7.RELEASE]
	at org.springframework.beans.factory.support.DefaultListableBeanFactory.preInstantiateSingletons(DefaultListableBeanFactory.java:755) ~[spring-beans-4.1.7.RELEASE.jar:4.1.7.RELEASE]
	at org.springframework.context.support.AbstractApplicationContext.finishBeanFactoryInitialization(AbstractApplicationContext.java:757) ~[spring-context-4.1.7.RELEASE.jar:4.1.7.RELEASE]
	at org.springframework.context.support.AbstractApplicationContext.refresh(AbstractApplicationContext.java:480) ~[spring-context-4.1.7.RELEASE.jar:4.1.7.RELEASE]
	at org.springframework.test.context.support.AbstractGenericContextLoader.loadContext(AbstractGenericContextLoader.java:125) ~[spring-test-4.1.7.RELEASE.jar:4.1.7.RELEASE]
	at org.springframework.test.context.support.AbstractGenericContextLoader.loadContext(AbstractGenericContextLoader.java:60) ~[spring-test-4.1.7.RELEASE.jar:4.1.7.RELEASE]
	at org.springframework.test.context.support.AbstractDelegatingSmartContextLoader.delegateLoading(AbstractDelegatingSmartContextLoader.java:109) ~[spring-test-4.1.7.RELEASE.jar:4.1.7.RELEASE]
	at org.springframework.test.context.support.AbstractDelegatingSmartContextLoader.loadContext(AbstractDelegatingSmartContextLoader.java:261) ~[spring-test-4.1.7.RELEASE.jar:4.1.7.RELEASE]
	at org.springframework.test.context.DefaultCacheAwareContextLoaderDelegate.loadContextInternal(DefaultCacheAwareContextLoaderDelegate.java:68) ~[spring-test-4.1.7.RELEASE.jar:4.1.7.RELEASE]
	at org.springframework.test.context.DefaultCacheAwareContextLoaderDelegate.loadContext(DefaultCacheAwareContextLoaderDelegate.java:86) ~[spring-test-4.1.7.RELEASE.jar:4.1.7.RELEASE]
	... 26 common frames omitted
Caused by: org.springframework.beans.BeanInstantiationException: Failed to instantiate [org.springframework.data.aerospike.core.AerospikeTemplate]: Factory method 'aerospikeTemplate' threw exception; nested exception is org.springframework.beans.factory.BeanCreationException: Error creating bean with name 'aerospikeClient' defined in org.springframework.data.aerospike.repository.TestConfigPerson: Bean instantiation via factory method failed; nested exception is org.springframework.beans.BeanInstantiationException: Failed to instantiate [com.aerospike.client.AerospikeClient]: Factory method 'aerospikeClient' threw exception; nested exception is com.aerospike.client.AerospikeException$Connection: Error Code 11: Failed to connect to host(s): 
52.41.32.83:3000 Error Code 11: java.net.SocketTimeoutException: connect timed out

	at org.springframework.beans.factory.support.SimpleInstantiationStrategy.instantiate(SimpleInstantiationStrategy.java:189) ~[spring-beans-4.1.7.RELEASE.jar:4.1.7.RELEASE]
	at org.springframework.beans.factory.support.ConstructorResolver.instantiateUsingFactoryMethod(ConstructorResolver.java:588) ~[spring-beans-4.1.7.RELEASE.jar:4.1.7.RELEASE]
	... 43 common frames omitted
Caused by: org.springframework.beans.factory.BeanCreationException: Error creating bean with name 'aerospikeClient' defined in org.springframework.data.aerospike.repository.TestConfigPerson: Bean instantiation via factory method failed; nested exception is org.springframework.beans.BeanInstantiationException: Failed to instantiate [com.aerospike.client.AerospikeClient]: Factory method 'aerospikeClient' threw exception; nested exception is com.aerospike.client.AerospikeException$Connection: Error Code 11: Failed to connect to host(s): 
52.41.32.83:3000 Error Code 11: java.net.SocketTimeoutException: connect timed out

	at org.springframework.beans.factory.support.ConstructorResolver.instantiateUsingFactoryMethod(ConstructorResolver.java:599) ~[spring-beans-4.1.7.RELEASE.jar:4.1.7.RELEASE]
	at org.springframework.beans.factory.support.AbstractAutowireCapableBeanFactory.instantiateUsingFactoryMethod(AbstractAutowireCapableBeanFactory.java:1119) ~[spring-beans-4.1.7.RELEASE.jar:4.1.7.RELEASE]
	at org.springframework.beans.factory.support.AbstractAutowireCapableBeanFactory.createBeanInstance(AbstractAutowireCapableBeanFactory.java:1014) ~[spring-beans-4.1.7.RELEASE.jar:4.1.7.RELEASE]
	at org.springframework.beans.factory.support.AbstractAutowireCapableBeanFactory.doCreateBean(AbstractAutowireCapableBeanFactory.java:504) ~[spring-beans-4.1.7.RELEASE.jar:4.1.7.RELEASE]
	at org.springframework.beans.factory.support.AbstractAutowireCapableBeanFactory.createBean(AbstractAutowireCapableBeanFactory.java:476) ~[spring-beans-4.1.7.RELEASE.jar:4.1.7.RELEASE]
	at org.springframework.beans.factory.support.AbstractBeanFactory$1.getObject(AbstractBeanFactory.java:303) ~[spring-beans-4.1.7.RELEASE.jar:4.1.7.RELEASE]
	at org.springframework.beans.factory.support.DefaultSingletonBeanRegistry.getSingleton(DefaultSingletonBeanRegistry.java:230) ~[spring-beans-4.1.7.RELEASE.jar:4.1.7.RELEASE]
	at org.springframework.beans.factory.support.AbstractBeanFactory.doGetBean(AbstractBeanFactory.java:299) ~[spring-beans-4.1.7.RELEASE.jar:4.1.7.RELEASE]
	at org.springframework.beans.factory.support.AbstractBeanFactory.getBean(AbstractBeanFactory.java:194) ~[spring-beans-4.1.7.RELEASE.jar:4.1.7.RELEASE]
	at org.springframework.context.annotation.ConfigurationClassEnhancer$BeanMethodInterceptor.intercept(ConfigurationClassEnhancer.java:322) ~[spring-context-4.1.7.RELEASE.jar:4.1.7.RELEASE]
	at org.springframework.data.aerospike.repository.TestConfigPerson$$EnhancerBySpringCGLIB$$3f27a8da.aerospikeClient(<generated>) ~[spring-core-4.1.7.RELEASE.jar:na]
	at org.springframework.data.aerospike.repository.TestConfigPerson.aerospikeTemplate(TestConfigPerson.java:38) ~[test-classes/:na]
	at org.springframework.data.aerospike.repository.TestConfigPerson$$EnhancerBySpringCGLIB$$3f27a8da.CGLIB$aerospikeTemplate$0(<generated>) ~[spring-core-4.1.7.RELEASE.jar:na]
	at org.springframework.data.aerospike.repository.TestConfigPerson$$EnhancerBySpringCGLIB$$3f27a8da$$FastClassBySpringCGLIB$$38965c5e.invoke(<generated>) ~[spring-core-4.1.7.RELEASE.jar:na]
	at org.springframework.cglib.proxy.MethodProxy.invokeSuper(MethodProxy.java:228) ~[spring-core-4.1.7.RELEASE.jar:4.1.7.RELEASE]
	at org.springframework.context.annotation.ConfigurationClassEnhancer$BeanMethodInterceptor.intercept(ConfigurationClassEnhancer.java:309) ~[spring-context-4.1.7.RELEASE.jar:4.1.7.RELEASE]
	at org.springframework.data.aerospike.repository.TestConfigPerson$$EnhancerBySpringCGLIB$$3f27a8da.aerospikeTemplate(<generated>) ~[spring-core-4.1.7.RELEASE.jar:na]
	at sun.reflect.GeneratedMethodAccessor45.invoke(Unknown Source) ~[na:na]
	at sun.reflect.DelegatingMethodAccessorImpl.invoke(DelegatingMethodAccessorImpl.java:43) ~[na:1.8.0_91]
	at java.lang.reflect.Method.invoke(Method.java:498) ~[na:1.8.0_91]
	at org.springframework.beans.factory.support.SimpleInstantiationStrategy.instantiate(SimpleInstantiationStrategy.java:162) ~[spring-beans-4.1.7.RELEASE.jar:4.1.7.RELEASE]
	... 44 common frames omitted
Caused by: org.springframework.beans.BeanInstantiationException: Failed to instantiate [com.aerospike.client.AerospikeClient]: Factory method 'aerospikeClient' threw exception; nested exception is com.aerospike.client.AerospikeException$Connection: Error Code 11: Failed to connect to host(s): 
52.41.32.83:3000 Error Code 11: java.net.SocketTimeoutException: connect timed out

	at org.springframework.beans.factory.support.SimpleInstantiationStrategy.instantiate(SimpleInstantiationStrategy.java:189) ~[spring-beans-4.1.7.RELEASE.jar:4.1.7.RELEASE]
	at org.springframework.beans.factory.support.ConstructorResolver.instantiateUsingFactoryMethod(ConstructorResolver.java:588) ~[spring-beans-4.1.7.RELEASE.jar:4.1.7.RELEASE]
	... 64 common frames omitted
Caused by: com.aerospike.client.AerospikeException$Connection: Error Code 11: Failed to connect to host(s): 
52.41.32.83:3000 Error Code 11: java.net.SocketTimeoutException: connect timed out

	at com.aerospike.client.cluster.Cluster.seedNodes(Cluster.java:386) ~[aerospike-client-3.2.3.jar:na]
	at com.aerospike.client.cluster.Cluster.tend(Cluster.java:273) ~[aerospike-client-3.2.3.jar:na]
	at com.aerospike.client.cluster.Cluster.waitTillStabilized(Cluster.java:238) ~[aerospike-client-3.2.3.jar:na]
	at com.aerospike.client.cluster.Cluster.initTendThread(Cluster.java:148) ~[aerospike-client-3.2.3.jar:na]
	at com.aerospike.client.AerospikeClient.<init>(AerospikeClient.java:209) ~[aerospike-client-3.2.3.jar:na]
	at com.aerospike.client.AerospikeClient.<init>(AerospikeClient.java:173) ~[aerospike-client-3.2.3.jar:na]
	at org.springframework.data.aerospike.repository.TestConfigPerson.aerospikeClient(TestConfigPerson.java:32) ~[test-classes/:na]
	at org.springframework.data.aerospike.repository.TestConfigPerson$$EnhancerBySpringCGLIB$$3f27a8da.CGLIB$aerospikeClient$1(<generated>) ~[spring-core-4.1.7.RELEASE.jar:na]
	at org.springframework.data.aerospike.repository.TestConfigPerson$$EnhancerBySpringCGLIB$$3f27a8da$$FastClassBySpringCGLIB$$38965c5e.invoke(<generated>) ~[spring-core-4.1.7.RELEASE.jar:na]
	at org.springframework.cglib.proxy.MethodProxy.invokeSuper(MethodProxy.java:228) ~[spring-core-4.1.7.RELEASE.jar:4.1.7.RELEASE]
	at org.springframework.context.annotation.ConfigurationClassEnhancer$BeanMethodInterceptor.intercept(ConfigurationClassEnhancer.java:309) ~[spring-context-4.1.7.RELEASE.jar:4.1.7.RELEASE]
	at org.springframework.data.aerospike.repository.TestConfigPerson$$EnhancerBySpringCGLIB$$3f27a8da.aerospikeClient(<generated>) ~[spring-core-4.1.7.RELEASE.jar:na]
	at sun.reflect.GeneratedMethodAccessor46.invoke(Unknown Source) ~[na:na]
	at sun.reflect.DelegatingMethodAccessorImpl.invoke(DelegatingMethodAccessorImpl.java:43) ~[na:1.8.0_91]
	at java.lang.reflect.Method.invoke(Method.java:498) ~[na:1.8.0_91]
	at org.springframework.beans.factory.support.SimpleInstantiationStrategy.instantiate(SimpleInstantiationStrategy.java:162) ~[spring-beans-4.1.7.RELEASE.jar:4.1.7.RELEASE]
	... 65 common frames omitted
]]></system-out>
  </testcase>
  <testcase name="findsPersonsByLastname" classname="org.springframework.data.aerospike.repository.PersonRepositoryIntegrationTests" time="0.001">
    <error message="Failed to load ApplicationContext" type="java.lang.IllegalStateException"><![CDATA[java.lang.IllegalStateException: Failed to load ApplicationContext
	at org.springframework.test.context.DefaultCacheAwareContextLoaderDelegate.loadContext(DefaultCacheAwareContextLoaderDelegate.java:94)
	at org.springframework.test.context.DefaultTestContext.getApplicationContext(DefaultTestContext.java:72)
	at org.springframework.test.context.support.DependencyInjectionTestExecutionListener.injectDependencies(DependencyInjectionTestExecutionListener.java:117)
	at org.springframework.test.context.support.DependencyInjectionTestExecutionListener.prepareTestInstance(DependencyInjectionTestExecutionListener.java:83)
	at org.springframework.test.context.TestContextManager.prepareTestInstance(TestContextManager.java:212)
	at org.springframework.test.context.junit4.SpringJUnit4ClassRunner.createTest(SpringJUnit4ClassRunner.java:200)
	at org.springframework.test.context.junit4.SpringJUnit4ClassRunner$1.runReflectiveCall(SpringJUnit4ClassRunner.java:259)
	at org.junit.internal.runners.model.ReflectiveCallable.run(ReflectiveCallable.java:12)
	at org.springframework.test.context.junit4.SpringJUnit4ClassRunner.methodBlock(SpringJUnit4ClassRunner.java:261)
	at org.springframework.test.context.junit4.SpringJUnit4ClassRunner.runChild(SpringJUnit4ClassRunner.java:219)
	at org.springframework.test.context.junit4.SpringJUnit4ClassRunner.runChild(SpringJUnit4ClassRunner.java:83)
	at org.junit.runners.ParentRunner$3.run(ParentRunner.java:290)
	at org.junit.runners.ParentRunner$1.schedule(ParentRunner.java:71)
	at org.junit.runners.ParentRunner.runChildren(ParentRunner.java:288)
	at org.junit.runners.ParentRunner.access$000(ParentRunner.java:58)
	at org.junit.runners.ParentRunner$2.evaluate(ParentRunner.java:268)
	at org.springframework.test.context.junit4.statements.RunBeforeTestClassCallbacks.evaluate(RunBeforeTestClassCallbacks.java:61)
	at org.springframework.test.context.junit4.statements.RunAfterTestClassCallbacks.evaluate(RunAfterTestClassCallbacks.java:68)
	at org.junit.runners.ParentRunner.run(ParentRunner.java:363)
	at org.springframework.test.context.junit4.SpringJUnit4ClassRunner.run(SpringJUnit4ClassRunner.java:163)
	at org.apache.maven.surefire.junit4.JUnit4Provider.execute(JUnit4Provider.java:283)
	at org.apache.maven.surefire.junit4.JUnit4Provider.executeWithRerun(JUnit4Provider.java:173)
	at org.apache.maven.surefire.junit4.JUnit4Provider.executeTestSet(JUnit4Provider.java:153)
	at org.apache.maven.surefire.junit4.JUnit4Provider.invoke(JUnit4Provider.java:128)
	at org.apache.maven.surefire.booter.ForkedBooter.invokeProviderInSameClassLoader(ForkedBooter.java:203)
	at org.apache.maven.surefire.booter.ForkedBooter.runSuitesInProcess(ForkedBooter.java:155)
	at org.apache.maven.surefire.booter.ForkedBooter.main(ForkedBooter.java:103)
Caused by: org.springframework.beans.factory.BeanCreationException: Error creating bean with name 'aerospikeTemplate' defined in org.springframework.data.aerospike.repository.TestConfigPerson: Bean instantiation via factory method failed; nested exception is org.springframework.beans.BeanInstantiationException: Failed to instantiate [org.springframework.data.aerospike.core.AerospikeTemplate]: Factory method 'aerospikeTemplate' threw exception; nested exception is com.aerospike.helper.query.ClusterRefreshError: Cannot find UDF modules
	at org.springframework.beans.factory.support.ConstructorResolver.instantiateUsingFactoryMethod(ConstructorResolver.java:599)
	at org.springframework.beans.factory.support.AbstractAutowireCapableBeanFactory.instantiateUsingFactoryMethod(AbstractAutowireCapableBeanFactory.java:1119)
	at org.springframework.beans.factory.support.AbstractAutowireCapableBeanFactory.createBeanInstance(AbstractAutowireCapableBeanFactory.java:1014)
	at org.springframework.beans.factory.support.AbstractAutowireCapableBeanFactory.doCreateBean(AbstractAutowireCapableBeanFactory.java:504)
	at org.springframework.beans.factory.support.AbstractAutowireCapableBeanFactory.createBean(AbstractAutowireCapableBeanFactory.java:476)
	at org.springframework.beans.factory.support.AbstractBeanFactory$1.getObject(AbstractBeanFactory.java:303)
	at org.springframework.beans.factory.support.DefaultSingletonBeanRegistry.getSingleton(DefaultSingletonBeanRegistry.java:230)
	at org.springframework.beans.factory.support.AbstractBeanFactory.doGetBean(AbstractBeanFactory.java:299)
	at org.springframework.beans.factory.support.AbstractBeanFactory.getBean(AbstractBeanFactory.java:194)
	at org.springframework.beans.factory.support.DefaultListableBeanFactory.preInstantiateSingletons(DefaultListableBeanFactory.java:755)
	at org.springframework.context.support.AbstractApplicationContext.finishBeanFactoryInitialization(AbstractApplicationContext.java:757)
	at org.springframework.context.support.AbstractApplicationContext.refresh(AbstractApplicationContext.java:480)
	at org.springframework.test.context.support.AbstractGenericContextLoader.loadContext(AbstractGenericContextLoader.java:125)
	at org.springframework.test.context.support.AbstractGenericContextLoader.loadContext(AbstractGenericContextLoader.java:60)
	at org.springframework.test.context.support.AbstractDelegatingSmartContextLoader.delegateLoading(AbstractDelegatingSmartContextLoader.java:109)
	at org.springframework.test.context.support.AbstractDelegatingSmartContextLoader.loadContext(AbstractDelegatingSmartContextLoader.java:261)
	at org.springframework.test.context.DefaultCacheAwareContextLoaderDelegate.loadContextInternal(DefaultCacheAwareContextLoaderDelegate.java:68)
	at org.springframework.test.context.DefaultCacheAwareContextLoaderDelegate.loadContext(DefaultCacheAwareContextLoaderDelegate.java:86)
	at org.springframework.test.context.DefaultTestContext.getApplicationContext(DefaultTestContext.java:72)
	at org.springframework.test.context.support.DependencyInjectionTestExecutionListener.injectDependencies(DependencyInjectionTestExecutionListener.java:117)
	at org.springframework.test.context.support.DependencyInjectionTestExecutionListener.prepareTestInstance(DependencyInjectionTestExecutionListener.java:83)
	at org.springframework.test.context.TestContextManager.prepareTestInstance(TestContextManager.java:212)
	at org.springframework.test.context.junit4.SpringJUnit4ClassRunner.createTest(SpringJUnit4ClassRunner.java:200)
	at org.springframework.test.context.junit4.SpringJUnit4ClassRunner$1.runReflectiveCall(SpringJUnit4ClassRunner.java:259)
	at org.junit.internal.runners.model.ReflectiveCallable.run(ReflectiveCallable.java:12)
	at org.springframework.test.context.junit4.SpringJUnit4ClassRunner.methodBlock(SpringJUnit4ClassRunner.java:261)
	at org.springframework.test.context.junit4.SpringJUnit4ClassRunner.runChild(SpringJUnit4ClassRunner.java:219)
	at org.springframework.test.context.junit4.SpringJUnit4ClassRunner.runChild(SpringJUnit4ClassRunner.java:83)
	at org.junit.runners.ParentRunner$3.run(ParentRunner.java:290)
	at org.junit.runners.ParentRunner$1.schedule(ParentRunner.java:71)
	at org.junit.runners.ParentRunner.runChildren(ParentRunner.java:288)
	at org.junit.runners.ParentRunner.access$000(ParentRunner.java:58)
	at org.junit.runners.ParentRunner$2.evaluate(ParentRunner.java:268)
	at org.springframework.test.context.junit4.statements.RunBeforeTestClassCallbacks.evaluate(RunBeforeTestClassCallbacks.java:61)
	at org.springframework.test.context.junit4.statements.RunAfterTestClassCallbacks.evaluate(RunAfterTestClassCallbacks.java:68)
	at org.junit.runners.ParentRunner.run(ParentRunner.java:363)
	at org.springframework.test.context.junit4.SpringJUnit4ClassRunner.run(SpringJUnit4ClassRunner.java:163)
	at org.apache.maven.surefire.junit4.JUnit4Provider.execute(JUnit4Provider.java:283)
	at org.apache.maven.surefire.junit4.JUnit4Provider.executeWithRerun(JUnit4Provider.java:173)
	at org.apache.maven.surefire.junit4.JUnit4Provider.executeTestSet(JUnit4Provider.java:153)
	at org.apache.maven.surefire.junit4.JUnit4Provider.invoke(JUnit4Provider.java:128)
	at org.apache.maven.surefire.booter.ForkedBooter.invokeProviderInSameClassLoader(ForkedBooter.java:203)
	at org.apache.maven.surefire.booter.ForkedBooter.runSuitesInProcess(ForkedBooter.java:155)
	at org.apache.maven.surefire.booter.ForkedBooter.main(ForkedBooter.java:103)
Caused by: org.springframework.beans.BeanInstantiationException: Failed to instantiate [org.springframework.data.aerospike.core.AerospikeTemplate]: Factory method 'aerospikeTemplate' threw exception; nested exception is com.aerospike.helper.query.ClusterRefreshError: Cannot find UDF modules
	at org.springframework.beans.factory.support.SimpleInstantiationStrategy.instantiate(SimpleInstantiationStrategy.java:189)
	at org.springframework.beans.factory.support.ConstructorResolver.instantiateUsingFactoryMethod(ConstructorResolver.java:588)
	at org.springframework.beans.factory.support.AbstractAutowireCapableBeanFactory.instantiateUsingFactoryMethod(AbstractAutowireCapableBeanFactory.java:1119)
	at org.springframework.beans.factory.support.AbstractAutowireCapableBeanFactory.createBeanInstance(AbstractAutowireCapableBeanFactory.java:1014)
	at org.springframework.beans.factory.support.AbstractAutowireCapableBeanFactory.doCreateBean(AbstractAutowireCapableBeanFactory.java:504)
	at org.springframework.beans.factory.support.AbstractAutowireCapableBeanFactory.createBean(AbstractAutowireCapableBeanFactory.java:476)
	at org.springframework.beans.factory.support.AbstractBeanFactory$1.getObject(AbstractBeanFactory.java:303)
	at org.springframework.beans.factory.support.DefaultSingletonBeanRegistry.getSingleton(DefaultSingletonBeanRegistry.java:230)
	at org.springframework.beans.factory.support.AbstractBeanFactory.doGetBean(AbstractBeanFactory.java:299)
	at org.springframework.beans.factory.support.AbstractBeanFactory.getBean(AbstractBeanFactory.java:194)
	at org.springframework.beans.factory.support.DefaultListableBeanFactory.preInstantiateSingletons(DefaultListableBeanFactory.java:755)
	at org.springframework.context.support.AbstractApplicationContext.finishBeanFactoryInitialization(AbstractApplicationContext.java:757)
	at org.springframework.context.support.AbstractApplicationContext.refresh(AbstractApplicationContext.java:480)
	at org.springframework.test.context.support.AbstractGenericContextLoader.loadContext(AbstractGenericContextLoader.java:125)
	at org.springframework.test.context.support.AbstractGenericContextLoader.loadContext(AbstractGenericContextLoader.java:60)
	at org.springframework.test.context.support.AbstractDelegatingSmartContextLoader.delegateLoading(AbstractDelegatingSmartContextLoader.java:109)
	at org.springframework.test.context.support.AbstractDelegatingSmartContextLoader.loadContext(AbstractDelegatingSmartContextLoader.java:261)
	at org.springframework.test.context.DefaultCacheAwareContextLoaderDelegate.loadContextInternal(DefaultCacheAwareContextLoaderDelegate.java:68)
	at org.springframework.test.context.DefaultCacheAwareContextLoaderDelegate.loadContext(DefaultCacheAwareContextLoaderDelegate.java:86)
	at org.springframework.test.context.DefaultTestContext.getApplicationContext(DefaultTestContext.java:72)
	at org.springframework.test.context.support.DependencyInjectionTestExecutionListener.injectDependencies(DependencyInjectionTestExecutionListener.java:117)
	at org.springframework.test.context.support.DependencyInjectionTestExecutionListener.prepareTestInstance(DependencyInjectionTestExecutionListener.java:83)
	at org.springframework.test.context.TestContextManager.prepareTestInstance(TestContextManager.java:212)
	at org.springframework.test.context.junit4.SpringJUnit4ClassRunner.createTest(SpringJUnit4ClassRunner.java:200)
	at org.springframework.test.context.junit4.SpringJUnit4ClassRunner$1.runReflectiveCall(SpringJUnit4ClassRunner.java:259)
	at org.junit.internal.runners.model.ReflectiveCallable.run(ReflectiveCallable.java:12)
	at org.springframework.test.context.junit4.SpringJUnit4ClassRunner.methodBlock(SpringJUnit4ClassRunner.java:261)
	at org.springframework.test.context.junit4.SpringJUnit4ClassRunner.runChild(SpringJUnit4ClassRunner.java:219)
	at org.springframework.test.context.junit4.SpringJUnit4ClassRunner.runChild(SpringJUnit4ClassRunner.java:83)
	at org.junit.runners.ParentRunner$3.run(ParentRunner.java:290)
	at org.junit.runners.ParentRunner$1.schedule(ParentRunner.java:71)
	at org.junit.runners.ParentRunner.runChildren(ParentRunner.java:288)
	at org.junit.runners.ParentRunner.access$000(ParentRunner.java:58)
	at org.junit.runners.ParentRunner$2.evaluate(ParentRunner.java:268)
	at org.springframework.test.context.junit4.statements.RunBeforeTestClassCallbacks.evaluate(RunBeforeTestClassCallbacks.java:61)
	at org.springframework.test.context.junit4.statements.RunAfterTestClassCallbacks.evaluate(RunAfterTestClassCallbacks.java:68)
	at org.junit.runners.ParentRunner.run(ParentRunner.java:363)
	at org.springframework.test.context.junit4.SpringJUnit4ClassRunner.run(SpringJUnit4ClassRunner.java:163)
	at org.apache.maven.surefire.junit4.JUnit4Provider.execute(JUnit4Provider.java:283)
	at org.apache.maven.surefire.junit4.JUnit4Provider.executeWithRerun(JUnit4Provider.java:173)
	at org.apache.maven.surefire.junit4.JUnit4Provider.executeTestSet(JUnit4Provider.java:153)
	at org.apache.maven.surefire.junit4.JUnit4Provider.invoke(JUnit4Provider.java:128)
	at org.apache.maven.surefire.booter.ForkedBooter.invokeProviderInSameClassLoader(ForkedBooter.java:203)
	at org.apache.maven.surefire.booter.ForkedBooter.runSuitesInProcess(ForkedBooter.java:155)
	at org.apache.maven.surefire.booter.ForkedBooter.main(ForkedBooter.java:103)
Caused by: com.aerospike.helper.query.ClusterRefreshError: Cannot find UDF modules
	at com.aerospike.helper.query.QueryEngine.refreshModules(QueryEngine.java:678)
	at com.aerospike.helper.query.QueryEngine.refreshCluster(QueryEngine.java:536)
	at com.aerospike.helper.query.QueryEngine.setClient(QueryEngine.java:129)
	at com.aerospike.helper.query.QueryEngine.<init>(QueryEngine.java:110)
	at org.springframework.data.aerospike.core.AerospikeTemplate.<init>(AerospikeTemplate.java:132)
	at org.springframework.data.aerospike.repository.TestConfigPerson.aerospikeTemplate(TestConfigPerson.java:38)
	at org.springframework.data.aerospike.repository.TestConfigPerson$$EnhancerBySpringCGLIB$$3f27a8da.CGLIB$aerospikeTemplate$0(<generated>)
	at org.springframework.data.aerospike.repository.TestConfigPerson$$EnhancerBySpringCGLIB$$3f27a8da$$FastClassBySpringCGLIB$$38965c5e.invoke(<generated>)
	at org.springframework.cglib.proxy.MethodProxy.invokeSuper(MethodProxy.java:228)
	at org.springframework.context.annotation.ConfigurationClassEnhancer$BeanMethodInterceptor.intercept(ConfigurationClassEnhancer.java:309)
	at org.springframework.data.aerospike.repository.TestConfigPerson$$EnhancerBySpringCGLIB$$3f27a8da.aerospikeTemplate(<generated>)
	at sun.reflect.GeneratedMethodAccessor45.invoke(Unknown Source)
	at sun.reflect.DelegatingMethodAccessorImpl.invoke(DelegatingMethodAccessorImpl.java:43)
	at java.lang.reflect.Method.invoke(Method.java:498)
	at org.springframework.beans.factory.support.SimpleInstantiationStrategy.instantiate(SimpleInstantiationStrategy.java:162)
	at org.springframework.beans.factory.support.ConstructorResolver.instantiateUsingFactoryMethod(ConstructorResolver.java:588)
	at org.springframework.beans.factory.support.AbstractAutowireCapableBeanFactory.instantiateUsingFactoryMethod(AbstractAutowireCapableBeanFactory.java:1119)
	at org.springframework.beans.factory.support.AbstractAutowireCapableBeanFactory.createBeanInstance(AbstractAutowireCapableBeanFactory.java:1014)
	at org.springframework.beans.factory.support.AbstractAutowireCapableBeanFactory.doCreateBean(AbstractAutowireCapableBeanFactory.java:504)
	at org.springframework.beans.factory.support.AbstractAutowireCapableBeanFactory.createBean(AbstractAutowireCapableBeanFactory.java:476)
	at org.springframework.beans.factory.support.AbstractBeanFactory$1.getObject(AbstractBeanFactory.java:303)
	at org.springframework.beans.factory.support.DefaultSingletonBeanRegistry.getSingleton(DefaultSingletonBeanRegistry.java:230)
	at org.springframework.beans.factory.support.AbstractBeanFactory.doGetBean(AbstractBeanFactory.java:299)
	at org.springframework.beans.factory.support.AbstractBeanFactory.getBean(AbstractBeanFactory.java:194)
	at org.springframework.beans.factory.support.DefaultListableBeanFactory.preInstantiateSingletons(DefaultListableBeanFactory.java:755)
	at org.springframework.context.support.AbstractApplicationContext.finishBeanFactoryInitialization(AbstractApplicationContext.java:757)
	at org.springframework.context.support.AbstractApplicationContext.refresh(AbstractApplicationContext.java:480)
	at org.springframework.test.context.support.AbstractGenericContextLoader.loadContext(AbstractGenericContextLoader.java:125)
	at org.springframework.test.context.support.AbstractGenericContextLoader.loadContext(AbstractGenericContextLoader.java:60)
	at org.springframework.test.context.support.AbstractDelegatingSmartContextLoader.delegateLoading(AbstractDelegatingSmartContextLoader.java:109)
	at org.springframework.test.context.support.AbstractDelegatingSmartContextLoader.loadContext(AbstractDelegatingSmartContextLoader.java:261)
	at org.springframework.test.context.DefaultCacheAwareContextLoaderDelegate.loadContextInternal(DefaultCacheAwareContextLoaderDelegate.java:68)
	at org.springframework.test.context.DefaultCacheAwareContextLoaderDelegate.loadContext(DefaultCacheAwareContextLoaderDelegate.java:86)
	at org.springframework.test.context.DefaultTestContext.getApplicationContext(DefaultTestContext.java:72)
	at org.springframework.test.context.support.DependencyInjectionTestExecutionListener.injectDependencies(DependencyInjectionTestExecutionListener.java:117)
	at org.springframework.test.context.support.DependencyInjectionTestExecutionListener.prepareTestInstance(DependencyInjectionTestExecutionListener.java:83)
	at org.springframework.test.context.TestContextManager.prepareTestInstance(TestContextManager.java:212)
	at org.springframework.test.context.junit4.SpringJUnit4ClassRunner.createTest(SpringJUnit4ClassRunner.java:200)
	at org.springframework.test.context.junit4.SpringJUnit4ClassRunner$1.runReflectiveCall(SpringJUnit4ClassRunner.java:259)
	at org.junit.internal.runners.model.ReflectiveCallable.run(ReflectiveCallable.java:12)
	at org.springframework.test.context.junit4.SpringJUnit4ClassRunner.methodBlock(SpringJUnit4ClassRunner.java:261)
	at org.springframework.test.context.junit4.SpringJUnit4ClassRunner.runChild(SpringJUnit4ClassRunner.java:219)
	at org.springframework.test.context.junit4.SpringJUnit4ClassRunner.runChild(SpringJUnit4ClassRunner.java:83)
	at org.junit.runners.ParentRunner$3.run(ParentRunner.java:290)
	at org.junit.runners.ParentRunner$1.schedule(ParentRunner.java:71)
	at org.junit.runners.ParentRunner.runChildren(ParentRunner.java:288)
	at org.junit.runners.ParentRunner.access$000(ParentRunner.java:58)
	at org.junit.runners.ParentRunner$2.evaluate(ParentRunner.java:268)
	at org.springframework.test.context.junit4.statements.RunBeforeTestClassCallbacks.evaluate(RunBeforeTestClassCallbacks.java:61)
	at org.springframework.test.context.junit4.statements.RunAfterTestClassCallbacks.evaluate(RunAfterTestClassCallbacks.java:68)
	at org.junit.runners.ParentRunner.run(ParentRunner.java:363)
	at org.springframework.test.context.junit4.SpringJUnit4ClassRunner.run(SpringJUnit4ClassRunner.java:163)
	at org.apache.maven.surefire.junit4.JUnit4Provider.execute(JUnit4Provider.java:283)
	at org.apache.maven.surefire.junit4.JUnit4Provider.executeWithRerun(JUnit4Provider.java:173)
	at org.apache.maven.surefire.junit4.JUnit4Provider.executeTestSet(JUnit4Provider.java:153)
	at org.apache.maven.surefire.junit4.JUnit4Provider.invoke(JUnit4Provider.java:128)
	at org.apache.maven.surefire.booter.ForkedBooter.invokeProviderInSameClassLoader(ForkedBooter.java:203)
	at org.apache.maven.surefire.booter.ForkedBooter.runSuitesInProcess(ForkedBooter.java:155)
	at org.apache.maven.surefire.booter.ForkedBooter.main(ForkedBooter.java:103)
]]></error>
    <system-out><![CDATA[16:38:07.872 [main] DEBUG o.s.t.annotation.ProfileValueUtils - Retrieved @ProfileValueSourceConfiguration [null] for test class [org.springframework.data.aerospike.repository.PersonRepositoryIntegrationTests]
16:38:07.872 [main] DEBUG o.s.t.annotation.ProfileValueUtils - Retrieved ProfileValueSource type [class org.springframework.test.annotation.SystemProfileValueSource] for class [org.springframework.data.aerospike.repository.PersonRepositoryIntegrationTests]
16:38:07.872 [main] DEBUG o.s.t.c.s.DependencyInjectionTestExecutionListener - Performing dependency injection for test context [[DefaultTestContext@6c1cfa53 testClass = PersonRepositoryIntegrationTests, testInstance = org.springframework.data.aerospike.repository.PersonRepositoryIntegrationTests@32f5ecc4, testMethod = [null], testException = [null], mergedContextConfiguration = [MergedContextConfiguration@52b06bef testClass = PersonRepositoryIntegrationTests, locations = '{}', classes = '{class org.springframework.data.aerospike.repository.TestConfigPerson}', contextInitializerClasses = '[]', activeProfiles = '{}', propertySourceLocations = '{}', propertySourceProperties = '{}', contextLoader = 'org.springframework.test.context.support.DelegatingSmartContextLoader', parent = [null]]]].
16:38:07.872 [main] DEBUG o.s.t.c.s.AbstractDelegatingSmartContextLoader - Delegating to AnnotationConfigContextLoader to load context from [MergedContextConfiguration@52b06bef testClass = PersonRepositoryIntegrationTests, locations = '{}', classes = '{class org.springframework.data.aerospike.repository.TestConfigPerson}', contextInitializerClasses = '[]', activeProfiles = '{}', propertySourceLocations = '{}', propertySourceProperties = '{}', contextLoader = 'org.springframework.test.context.support.DelegatingSmartContextLoader', parent = [null]].
16:38:07.872 [main] DEBUG o.s.t.c.s.AbstractGenericContextLoader - Loading ApplicationContext for merged context configuration [[MergedContextConfiguration@52b06bef testClass = PersonRepositoryIntegrationTests, locations = '{}', classes = '{class org.springframework.data.aerospike.repository.TestConfigPerson}', contextInitializerClasses = '[]', activeProfiles = '{}', propertySourceLocations = '{}', propertySourceProperties = '{}', contextLoader = 'org.springframework.test.context.support.DelegatingSmartContextLoader', parent = [null]]].
16:38:07.872 [main] DEBUG o.s.core.env.StandardEnvironment - Adding [systemProperties] PropertySource with lowest search precedence
16:38:07.872 [main] DEBUG o.s.core.env.StandardEnvironment - Adding [systemEnvironment] PropertySource with lowest search precedence
16:38:07.872 [main] DEBUG o.s.core.env.StandardEnvironment - Initialized StandardEnvironment with PropertySources [systemProperties,systemEnvironment]
16:38:07.872 [main] DEBUG o.s.t.c.s.AnnotationConfigContextLoader - Registering annotated classes: {class org.springframework.data.aerospike.repository.TestConfigPerson}
16:38:07.873 [main] INFO  o.s.c.s.GenericApplicationContext - Refreshing org.springframework.context.support.GenericApplicationContext@19bedeb8: startup date [Tue Oct 04 16:38:07 BRT 2016]; root of context hierarchy
16:38:07.873 [main] DEBUG o.s.c.s.GenericApplicationContext - Bean factory for org.springframework.context.support.GenericApplicationContext@19bedeb8: org.springframework.beans.factory.support.DefaultListableBeanFactory@1ba467c2: defining beans [org.springframework.context.annotation.internalConfigurationAnnotationProcessor,org.springframework.context.annotation.internalAutowiredAnnotationProcessor,org.springframework.context.annotation.internalRequiredAnnotationProcessor,org.springframework.context.annotation.internalCommonAnnotationProcessor,testConfigPerson]; root of factory hierarchy
16:38:07.873 [main] DEBUG o.s.b.f.s.DefaultListableBeanFactory - Creating shared instance of singleton bean 'org.springframework.context.annotation.internalConfigurationAnnotationProcessor'
16:38:07.873 [main] DEBUG o.s.b.f.s.DefaultListableBeanFactory - Creating instance of bean 'org.springframework.context.annotation.internalConfigurationAnnotationProcessor'
16:38:07.873 [main] DEBUG o.s.b.f.s.DefaultListableBeanFactory - Eagerly caching bean 'org.springframework.context.annotation.internalConfigurationAnnotationProcessor' to allow for resolving potential circular references
16:38:07.873 [main] DEBUG o.s.b.f.s.DefaultListableBeanFactory - Finished creating instance of bean 'org.springframework.context.annotation.internalConfigurationAnnotationProcessor'
16:38:07.874 [main] DEBUG o.s.c.a.ConfigurationClassBeanDefinitionReader - Registering bean definition for @Bean method org.springframework.data.aerospike.repository.TestConfigPerson.aerospikeTemplate()
16:38:07.874 [main] DEBUG o.s.c.a.ConfigurationClassBeanDefinitionReader - Registering bean definition for @Bean method org.springframework.data.aerospike.repository.TestConfigPerson.aerospikeClient()
16:38:07.874 [main] DEBUG o.s.core.env.StandardEnvironment - Adding [systemProperties] PropertySource with lowest search precedence
16:38:07.874 [main] DEBUG o.s.core.env.StandardEnvironment - Adding [systemEnvironment] PropertySource with lowest search precedence
16:38:07.874 [main] DEBUG o.s.core.env.StandardEnvironment - Initialized StandardEnvironment with PropertySources [systemProperties,systemEnvironment]
16:38:07.875 [main] DEBUG o.s.c.i.s.PathMatchingResourcePatternResolver - Looking for matching resources in directory tree [/home/aluno/spring-projects/maven/spring-data-aerospike/target/test-classes/org/springframework/data]
16:38:07.875 [main] DEBUG o.s.c.i.s.PathMatchingResourcePatternResolver - Searching directory [/home/aluno/spring-projects/maven/spring-data-aerospike/target/test-classes/org/springframework/data] for files matching pattern [/home/aluno/spring-projects/maven/spring-data-aerospike/target/test-classes/org/springframework/data/**/repository/support/**/*.class]
16:38:07.875 [main] DEBUG o.s.c.i.s.PathMatchingResourcePatternResolver - Searching directory [/home/aluno/spring-projects/maven/spring-data-aerospike/target/test-classes/org/springframework/data/keyvalue] for files matching pattern [/home/aluno/spring-projects/maven/spring-data-aerospike/target/test-classes/org/springframework/data/**/repository/support/**/*.class]
16:38:07.875 [main] DEBUG o.s.c.i.s.PathMatchingResourcePatternResolver - Searching directory [/home/aluno/spring-projects/maven/spring-data-aerospike/target/test-classes/org/springframework/data/keyvalue/repository] for files matching pattern [/home/aluno/spring-projects/maven/spring-data-aerospike/target/test-classes/org/springframework/data/**/repository/support/**/*.class]
16:38:07.875 [main] DEBUG o.s.c.i.s.PathMatchingResourcePatternResolver - Searching directory [/home/aluno/spring-projects/maven/spring-data-aerospike/target/test-classes/org/springframework/data/keyvalue/repository/query] for files matching pattern [/home/aluno/spring-projects/maven/spring-data-aerospike/target/test-classes/org/springframework/data/**/repository/support/**/*.class]
16:38:07.875 [main] DEBUG o.s.c.i.s.PathMatchingResourcePatternResolver - Searching directory [/home/aluno/spring-projects/maven/spring-data-aerospike/target/test-classes/org/springframework/data/aerospike] for files matching pattern [/home/aluno/spring-projects/maven/spring-data-aerospike/target/test-classes/org/springframework/data/**/repository/support/**/*.class]
16:38:07.875 [main] DEBUG o.s.c.i.s.PathMatchingResourcePatternResolver - Searching directory [/home/aluno/spring-projects/maven/spring-data-aerospike/target/test-classes/org/springframework/data/aerospike/mapping] for files matching pattern [/home/aluno/spring-projects/maven/spring-data-aerospike/target/test-classes/org/springframework/data/**/repository/support/**/*.class]
16:38:07.875 [main] DEBUG o.s.c.i.s.PathMatchingResourcePatternResolver - Searching directory [/home/aluno/spring-projects/maven/spring-data-aerospike/target/test-classes/org/springframework/data/aerospike/core] for files matching pattern [/home/aluno/spring-projects/maven/spring-data-aerospike/target/test-classes/org/springframework/data/**/repository/support/**/*.class]
16:38:07.876 [main] DEBUG o.s.c.i.s.PathMatchingResourcePatternResolver - Searching directory [/home/aluno/spring-projects/maven/spring-data-aerospike/target/test-classes/org/springframework/data/aerospike/convert] for files matching pattern [/home/aluno/spring-projects/maven/spring-data-aerospike/target/test-classes/org/springframework/data/**/repository/support/**/*.class]
16:38:07.879 [main] DEBUG o.s.c.i.s.PathMatchingResourcePatternResolver - Searching directory [/home/aluno/spring-projects/maven/spring-data-aerospike/target/test-classes/org/springframework/data/aerospike/sample] for files matching pattern [/home/aluno/spring-projects/maven/spring-data-aerospike/target/test-classes/org/springframework/data/**/repository/support/**/*.class]
16:38:07.879 [main] DEBUG o.s.c.i.s.PathMatchingResourcePatternResolver - Searching directory [/home/aluno/spring-projects/maven/spring-data-aerospike/target/test-classes/org/springframework/data/aerospike/repository] for files matching pattern [/home/aluno/spring-projects/maven/spring-data-aerospike/target/test-classes/org/springframework/data/**/repository/support/**/*.class]
16:38:07.880 [main] DEBUG o.s.c.i.s.PathMatchingResourcePatternResolver - Searching directory [/home/aluno/spring-projects/maven/spring-data-aerospike/target/test-classes/org/springframework/data/aerospike/repository/support] for files matching pattern [/home/aluno/spring-projects/maven/spring-data-aerospike/target/test-classes/org/springframework/data/**/repository/support/**/*.class]
16:38:07.880 [main] DEBUG o.s.c.i.s.PathMatchingResourcePatternResolver - Searching directory [/home/aluno/spring-projects/maven/spring-data-aerospike/target/test-classes/org/springframework/data/aerospike/repository/query] for files matching pattern [/home/aluno/spring-projects/maven/spring-data-aerospike/target/test-classes/org/springframework/data/**/repository/support/**/*.class]
16:38:07.880 [main] DEBUG o.s.c.i.s.PathMatchingResourcePatternResolver - Searching directory [/home/aluno/spring-projects/maven/spring-data-aerospike/target/test-classes/org/springframework/data/aerospike/config] for files matching pattern [/home/aluno/spring-projects/maven/spring-data-aerospike/target/test-classes/org/springframework/data/**/repository/support/**/*.class]
16:38:07.880 [main] DEBUG o.s.c.i.s.PathMatchingResourcePatternResolver - Searching directory [/home/aluno/spring-projects/maven/spring-data-aerospike/target/test-classes/org/springframework/data/aerospike/cache] for files matching pattern [/home/aluno/spring-projects/maven/spring-data-aerospike/target/test-classes/org/springframework/data/**/repository/support/**/*.class]
16:38:07.880 [main] DEBUG o.s.c.i.s.PathMatchingResourcePatternResolver - Looking for matching resources in directory tree [/home/aluno/spring-projects/maven/spring-data-aerospike/target/classes/org/springframework/data]
16:38:07.881 [main] DEBUG o.s.c.i.s.PathMatchingResourcePatternResolver - Searching directory [/home/aluno/spring-projects/maven/spring-data-aerospike/target/classes/org/springframework/data] for files matching pattern [/home/aluno/spring-projects/maven/spring-data-aerospike/target/classes/org/springframework/data/**/repository/support/**/*.class]
16:38:07.881 [main] DEBUG o.s.c.i.s.PathMatchingResourcePatternResolver - Searching directory [/home/aluno/spring-projects/maven/spring-data-aerospike/target/classes/org/springframework/data/aerospike] for files matching pattern [/home/aluno/spring-projects/maven/spring-data-aerospike/target/classes/org/springframework/data/**/repository/support/**/*.class]
16:38:07.881 [main] DEBUG o.s.c.i.s.PathMatchingResourcePatternResolver - Searching directory [/home/aluno/spring-projects/maven/spring-data-aerospike/target/classes/org/springframework/data/aerospike/mapping] for files matching pattern [/home/aluno/spring-projects/maven/spring-data-aerospike/target/classes/org/springframework/data/**/repository/support/**/*.class]
16:38:07.881 [main] DEBUG o.s.c.i.s.PathMatchingResourcePatternResolver - Searching directory [/home/aluno/spring-projects/maven/spring-data-aerospike/target/classes/org/springframework/data/aerospike/core] for files matching pattern [/home/aluno/spring-projects/maven/spring-data-aerospike/target/classes/org/springframework/data/**/repository/support/**/*.class]
16:38:07.881 [main] DEBUG o.s.c.i.s.PathMatchingResourcePatternResolver - Searching directory [/home/aluno/spring-projects/maven/spring-data-aerospike/target/classes/org/springframework/data/aerospike/convert] for files matching pattern [/home/aluno/spring-projects/maven/spring-data-aerospike/target/classes/org/springframework/data/**/repository/support/**/*.class]
16:38:07.882 [main] DEBUG o.s.c.i.s.PathMatchingResourcePatternResolver - Searching directory [/home/aluno/spring-projects/maven/spring-data-aerospike/target/classes/org/springframework/data/aerospike/example] for files matching pattern [/home/aluno/spring-projects/maven/spring-data-aerospike/target/classes/org/springframework/data/**/repository/support/**/*.class]
16:38:07.882 [main] DEBUG o.s.c.i.s.PathMatchingResourcePatternResolver - Searching directory [/home/aluno/spring-projects/maven/spring-data-aerospike/target/classes/org/springframework/data/aerospike/example/data] for files matching pattern [/home/aluno/spring-projects/maven/spring-data-aerospike/target/classes/org/springframework/data/**/repository/support/**/*.class]
16:38:07.882 [main] DEBUG o.s.c.i.s.PathMatchingResourcePatternResolver - Searching directory [/home/aluno/spring-projects/maven/spring-data-aerospike/target/classes/org/springframework/data/aerospike/example/config] for files matching pattern [/home/aluno/spring-projects/maven/spring-data-aerospike/target/classes/org/springframework/data/**/repository/support/**/*.class]
16:38:07.882 [main] DEBUG o.s.c.i.s.PathMatchingResourcePatternResolver - Searching directory [/home/aluno/spring-projects/maven/spring-data-aerospike/target/classes/org/springframework/data/aerospike/annotation] for files matching pattern [/home/aluno/spring-projects/maven/spring-data-aerospike/target/classes/org/springframework/data/**/repository/support/**/*.class]
16:38:07.882 [main] DEBUG o.s.c.i.s.PathMatchingResourcePatternResolver - Searching directory [/home/aluno/spring-projects/maven/spring-data-aerospike/target/classes/org/springframework/data/aerospike/repository] for files matching pattern [/home/aluno/spring-projects/maven/spring-data-aerospike/target/classes/org/springframework/data/**/repository/support/**/*.class]
16:38:07.882 [main] DEBUG o.s.c.i.s.PathMatchingResourcePatternResolver - Searching directory [/home/aluno/spring-projects/maven/spring-data-aerospike/target/classes/org/springframework/data/aerospike/repository/support] for files matching pattern [/home/aluno/spring-projects/maven/spring-data-aerospike/target/classes/org/springframework/data/**/repository/support/**/*.class]
16:38:07.882 [main] DEBUG o.s.c.i.s.PathMatchingResourcePatternResolver - Searching directory [/home/aluno/spring-projects/maven/spring-data-aerospike/target/classes/org/springframework/data/aerospike/repository/config] for files matching pattern [/home/aluno/spring-projects/maven/spring-data-aerospike/target/classes/org/springframework/data/**/repository/support/**/*.class]
16:38:07.882 [main] DEBUG o.s.c.i.s.PathMatchingResourcePatternResolver - Searching directory [/home/aluno/spring-projects/maven/spring-data-aerospike/target/classes/org/springframework/data/aerospike/repository/query] for files matching pattern [/home/aluno/spring-projects/maven/spring-data-aerospike/target/classes/org/springframework/data/**/repository/support/**/*.class]
16:38:07.882 [main] DEBUG o.s.c.i.s.PathMatchingResourcePatternResolver - Searching directory [/home/aluno/spring-projects/maven/spring-data-aerospike/target/classes/org/springframework/data/aerospike/config] for files matching pattern [/home/aluno/spring-projects/maven/spring-data-aerospike/target/classes/org/springframework/data/**/repository/support/**/*.class]
16:38:07.883 [main] DEBUG o.s.c.i.s.PathMatchingResourcePatternResolver - Searching directory [/home/aluno/spring-projects/maven/spring-data-aerospike/target/classes/org/springframework/data/aerospike/cache] for files matching pattern [/home/aluno/spring-projects/maven/spring-data-aerospike/target/classes/org/springframework/data/**/repository/support/**/*.class]
16:38:07.883 [main] DEBUG o.s.c.i.s.PathMatchingResourcePatternResolver - Searching directory [/home/aluno/spring-projects/maven/spring-data-aerospike/target/classes/org/springframework/data/aerospike/utility] for files matching pattern [/home/aluno/spring-projects/maven/spring-data-aerospike/target/classes/org/springframework/data/**/repository/support/**/*.class]
16:38:07.883 [main] DEBUG o.s.c.i.s.PathMatchingResourcePatternResolver - Looking for matching resources in jar file [file:/home/aluno/.m2/repository/org/springframework/data/spring-data-commons/1.11.0.RELEASE/spring-data-commons-1.11.0.RELEASE.jar]
16:38:07.885 [main] DEBUG o.s.c.i.s.PathMatchingResourcePatternResolver - Looking for matching resources in jar file [file:/home/aluno/.m2/repository/org/springframework/data/spring-data-keyvalue/1.0.0.M1/spring-data-keyvalue-1.0.0.M1.jar]
16:38:07.885 [main] DEBUG o.s.c.i.s.PathMatchingResourcePatternResolver - Resolved location pattern [classpath*:org/springframework/data/**/repository/support/**/*.class] to resources [file [/home/aluno/spring-projects/maven/spring-data-aerospike/target/test-classes/org/springframework/data/aerospike/repository/support/SimpleAerospikeRepositoryTest$5.class], file [/home/aluno/spring-projects/maven/spring-data-aerospike/target/test-classes/org/springframework/data/aerospike/repository/support/SimpleAerospikeRepositoryTest$9.class], file [/home/aluno/spring-projects/maven/spring-data-aerospike/target/test-classes/org/springframework/data/aerospike/repository/support/SimpleAerospikeRepositoryTest$4.class], file [/home/aluno/spring-projects/maven/spring-data-aerospike/target/test-classes/org/springframework/data/aerospike/repository/support/AerospikeRepositoryFactoryTest.class], file [/home/aluno/spring-projects/maven/spring-data-aerospike/target/test-classes/org/springframework/data/aerospike/repository/support/SimpleAerospikeRepositoryTest.class], file [/home/aluno/spring-projects/maven/spring-data-aerospike/target/test-classes/org/springframework/data/aerospike/repository/support/SimpleAerospikeRepositoryTest$1.class], file [/home/aluno/spring-projects/maven/spring-data-aerospike/target/test-classes/org/springframework/data/aerospike/repository/support/SimpleAerospikeRepositoryTest$3.class], file [/home/aluno/spring-projects/maven/spring-data-aerospike/target/test-classes/org/springframework/data/aerospike/repository/support/SimpleAerospikeRepositoryTest$8.class], file [/home/aluno/spring-projects/maven/spring-data-aerospike/target/test-classes/org/springframework/data/aerospike/repository/support/SimpleAerospikeRepositoryTest$6.class], file [/home/aluno/spring-projects/maven/spring-data-aerospike/target/test-classes/org/springframework/data/aerospike/repository/support/SimpleAerospikeRepositoryTest$2.class], file [/home/aluno/spring-projects/maven/spring-data-aerospike/target/test-classes/org/springframework/data/aerospike/repository/support/AllTests.class], file [/home/aluno/spring-projects/maven/spring-data-aerospike/target/test-classes/org/springframework/data/aerospike/repository/support/SimpleAerospikeRepositoryTest$7.class], file [/home/aluno/spring-projects/maven/spring-data-aerospike/target/classes/org/springframework/data/aerospike/repository/support/AerospikeRepositoryFactoryBean.class], file [/home/aluno/spring-projects/maven/spring-data-aerospike/target/classes/org/springframework/data/aerospike/repository/support/AerospikeRepositoryFactory$AerospikeQueryLookupStrategy.class], file [/home/aluno/spring-projects/maven/spring-data-aerospike/target/classes/org/springframework/data/aerospike/repository/support/AerospikeRepositoryFactory.class], file [/home/aluno/spring-projects/maven/spring-data-aerospike/target/classes/org/springframework/data/aerospike/repository/support/SimpleAerospikeRepository.class], URL [jar:file:/home/aluno/.m2/repository/org/springframework/data/spring-data-commons/1.11.0.RELEASE/spring-data-commons-1.11.0.RELEASE.jar!/org/springframework/data/repository/support/DomainClassConverter$ConversionMatchAbbreviationException.class], URL [jar:file:/home/aluno/.m2/repository/org/springframework/data/spring-data-commons/1.11.0.RELEASE/spring-data-commons-1.11.0.RELEASE.jar!/org/springframework/data/repository/support/DomainClassConverter$ToIdConverter.class], URL [jar:file:/home/aluno/.m2/repository/org/springframework/data/spring-data-commons/1.11.0.RELEASE/spring-data-commons-1.11.0.RELEASE.jar!/org/springframework/data/repository/support/Repositories$EmptyRepositoryFactoryInformation.class], URL [jar:file:/home/aluno/.m2/repository/org/springframework/data/spring-data-commons/1.11.0.RELEASE/spring-data-commons-1.11.0.RELEASE.jar!/org/springframework/data/repository/support/PagingAndSortingRepositoryInvoker.class], URL [jar:file:/home/aluno/.m2/repository/org/springframework/data/spring-data-commons/1.11.0.RELEASE/spring-data-commons-1.11.0.RELEASE.jar!/org/springframework/data/repository/support/QueryMethodParameterConversionException.class], URL [jar:file:/home/aluno/.m2/repository/org/springframework/data/spring-data-commons/1.11.0.RELEASE/spring-data-commons-1.11.0.RELEASE.jar!/org/springframework/data/repository/support/MethodParameters.class], URL [jar:file:/home/aluno/.m2/repository/org/springframework/data/spring-data-commons/1.11.0.RELEASE/spring-data-commons-1.11.0.RELEASE.jar!/org/springframework/data/repository/support/RepositoryInvoker.class], URL [jar:file:/home/aluno/.m2/repository/org/springframework/data/spring-data-commons/1.11.0.RELEASE/spring-data-commons-1.11.0.RELEASE.jar!/org/springframework/data/repository/support/RepositoryInvokerFactory.class], URL [jar:file:/home/aluno/.m2/repository/org/springframework/data/spring-data-commons/1.11.0.RELEASE/spring-data-commons-1.11.0.RELEASE.jar!/org/springframework/data/repository/support/DomainClassPropertyEditorRegistrar.class], URL [jar:file:/home/aluno/.m2/repository/org/springframework/data/spring-data-commons/1.11.0.RELEASE/spring-data-commons-1.11.0.RELEASE.jar!/org/springframework/data/repository/support/AnnotationAttribute.class], URL [jar:file:/home/aluno/.m2/repository/org/springframework/data/spring-data-commons/1.11.0.RELEASE/spring-data-commons-1.11.0.RELEASE.jar!/org/springframework/data/repository/support/DefaultRepositoryInvokerFactory.class], URL [jar:file:/home/aluno/.m2/repository/org/springframework/data/spring-data-commons/1.11.0.RELEASE/spring-data-commons-1.11.0.RELEASE.jar!/org/springframework/data/repository/support/MethodParameters$AnnotationNamingMethodParameter.class], URL [jar:file:/home/aluno/.m2/repository/org/springframework/data/spring-data-commons/1.11.0.RELEASE/spring-data-commons-1.11.0.RELEASE.jar!/org/springframework/data/repository/support/CrudRepositoryInvoker.class], URL [jar:file:/home/aluno/.m2/repository/org/springframework/data/spring-data-commons/1.11.0.RELEASE/spring-data-commons-1.11.0.RELEASE.jar!/org/springframework/data/repository/support/Repositories.class], URL [jar:file:/home/aluno/.m2/repository/org/springframework/data/spring-data-commons/1.11.0.RELEASE/spring-data-commons-1.11.0.RELEASE.jar!/org/springframework/data/repository/support/DomainClassConverter$ToEntityConverter.class], URL [jar:file:/home/aluno/.m2/repository/org/springframework/data/spring-data-commons/1.11.0.RELEASE/spring-data-commons-1.11.0.RELEASE.jar!/org/springframework/data/repository/support/ReflectionRepositoryInvoker.class], URL [jar:file:/home/aluno/.m2/repository/org/springframework/data/spring-data-commons/1.11.0.RELEASE/spring-data-commons-1.11.0.RELEASE.jar!/org/springframework/data/repository/support/DomainClassPropertyEditor.class], URL [jar:file:/home/aluno/.m2/repository/org/springframework/data/spring-data-commons/1.11.0.RELEASE/spring-data-commons-1.11.0.RELEASE.jar!/org/springframework/data/repository/support/DomainClassConverter.class], URL [jar:file:/home/aluno/.m2/repository/org/springframework/data/spring-data-commons/1.11.0.RELEASE/spring-data-commons-1.11.0.RELEASE.jar!/org/springframework/data/repository/support/DomainClassConverter$1.class], URL [jar:file:/home/aluno/.m2/repository/org/springframework/data/spring-data-commons/1.11.0.RELEASE/spring-data-commons-1.11.0.RELEASE.jar!/org/springframework/data/repository/support/RepositoryInvocationInformation.class], URL [jar:file:/home/aluno/.m2/repository/org/springframework/data/spring-data-keyvalue/1.0.0.M1/spring-data-keyvalue-1.0.0.M1.jar!/org/springframework/data/keyvalue/repository/support/KeyValueRepositoryFactory$KeyValueQueryLookupStrategy.class], URL [jar:file:/home/aluno/.m2/repository/org/springframework/data/spring-data-keyvalue/1.0.0.M1/spring-data-keyvalue-1.0.0.M1.jar!/org/springframework/data/keyvalue/repository/support/QuerydslKeyValueRepository.class], URL [jar:file:/home/aluno/.m2/repository/org/springframework/data/spring-data-keyvalue/1.0.0.M1/spring-data-keyvalue-1.0.0.M1.jar!/org/springframework/data/keyvalue/repository/support/KeyValueRepositoryFactoryBean.class], URL [jar:file:/home/aluno/.m2/repository/org/springframework/data/spring-data-keyvalue/1.0.0.M1/spring-data-keyvalue-1.0.0.M1.jar!/org/springframework/data/keyvalue/repository/support/KeyValueQuerydslUtils$1.class], URL [jar:file:/home/aluno/.m2/repository/org/springframework/data/spring-data-keyvalue/1.0.0.M1/spring-data-keyvalue-1.0.0.M1.jar!/org/springframework/data/keyvalue/repository/support/KeyValueQuerydslUtils.class], URL [jar:file:/home/aluno/.m2/repository/org/springframework/data/spring-data-keyvalue/1.0.0.M1/spring-data-keyvalue-1.0.0.M1.jar!/org/springframework/data/keyvalue/repository/support/KeyValueRepositoryFactory.class], URL [jar:file:/home/aluno/.m2/repository/org/springframework/data/spring-data-keyvalue/1.0.0.M1/spring-data-keyvalue-1.0.0.M1.jar!/org/springframework/data/keyvalue/repository/support/SimpleKeyValueRepository.class]]
16:38:07.887 [main] DEBUG o.s.c.a.ClassPathScanningCandidateComponentProvider - Identified candidate component class: file [/home/aluno/spring-projects/maven/spring-data-aerospike/target/classes/org/springframework/data/aerospike/repository/support/AerospikeRepositoryFactory.class]
16:38:07.893 [main] DEBUG o.s.c.a.ClassPathScanningCandidateComponentProvider - Identified candidate component class: URL [jar:file:/home/aluno/.m2/repository/org/springframework/data/spring-data-keyvalue/1.0.0.M1/spring-data-keyvalue-1.0.0.M1.jar!/org/springframework/data/keyvalue/repository/support/KeyValueRepositoryFactory.class]
16:38:07.893 [main] DEBUG o.s.d.r.c.RepositoryConfigurationDelegate - Multiple Spring Data modules found, entering strict repository configuration mode!
16:38:07.893 [main] DEBUG o.s.core.env.StandardEnvironment - Adding [systemProperties] PropertySource with lowest search precedence
16:38:07.893 [main] DEBUG o.s.core.env.StandardEnvironment - Adding [systemEnvironment] PropertySource with lowest search precedence
16:38:07.893 [main] DEBUG o.s.core.env.StandardEnvironment - Initialized StandardEnvironment with PropertySources [systemProperties,systemEnvironment]
16:38:07.893 [main] DEBUG o.s.c.i.s.PathMatchingResourcePatternResolver - Looking for matching resources in directory tree [/home/aluno/spring-projects/maven/spring-data-aerospike/target/test-classes/org/springframework/data/aerospike/repository]
16:38:07.893 [main] DEBUG o.s.c.i.s.PathMatchingResourcePatternResolver - Searching directory [/home/aluno/spring-projects/maven/spring-data-aerospike/target/test-classes/org/springframework/data/aerospike/repository] for files matching pattern [/home/aluno/spring-projects/maven/spring-data-aerospike/target/test-classes/org/springframework/data/aerospike/repository/**/*.class]
16:38:07.894 [main] DEBUG o.s.c.i.s.PathMatchingResourcePatternResolver - Searching directory [/home/aluno/spring-projects/maven/spring-data-aerospike/target/test-classes/org/springframework/data/aerospike/repository/support] for files matching pattern [/home/aluno/spring-projects/maven/spring-data-aerospike/target/test-classes/org/springframework/data/aerospike/repository/**/*.class]
16:38:07.894 [main] DEBUG o.s.c.i.s.PathMatchingResourcePatternResolver - Searching directory [/home/aluno/spring-projects/maven/spring-data-aerospike/target/test-classes/org/springframework/data/aerospike/repository/query] for files matching pattern [/home/aluno/spring-projects/maven/spring-data-aerospike/target/test-classes/org/springframework/data/aerospike/repository/**/*.class]
16:38:07.894 [main] DEBUG o.s.c.i.s.PathMatchingResourcePatternResolver - Looking for matching resources in directory tree [/home/aluno/spring-projects/maven/spring-data-aerospike/target/classes/org/springframework/data/aerospike/repository]
16:38:07.894 [main] DEBUG o.s.c.i.s.PathMatchingResourcePatternResolver - Searching directory [/home/aluno/spring-projects/maven/spring-data-aerospike/target/classes/org/springframework/data/aerospike/repository] for files matching pattern [/home/aluno/spring-projects/maven/spring-data-aerospike/target/classes/org/springframework/data/aerospike/repository/**/*.class]
16:38:07.894 [main] DEBUG o.s.c.i.s.PathMatchingResourcePatternResolver - Searching directory [/home/aluno/spring-projects/maven/spring-data-aerospike/target/classes/org/springframework/data/aerospike/repository/support] for files matching pattern [/home/aluno/spring-projects/maven/spring-data-aerospike/target/classes/org/springframework/data/aerospike/repository/**/*.class]
16:38:07.894 [main] DEBUG o.s.c.i.s.PathMatchingResourcePatternResolver - Searching directory [/home/aluno/spring-projects/maven/spring-data-aerospike/target/classes/org/springframework/data/aerospike/repository/config] for files matching pattern [/home/aluno/spring-projects/maven/spring-data-aerospike/target/classes/org/springframework/data/aerospike/repository/**/*.class]
16:38:07.894 [main] DEBUG o.s.c.i.s.PathMatchingResourcePatternResolver - Searching directory [/home/aluno/spring-projects/maven/spring-data-aerospike/target/classes/org/springframework/data/aerospike/repository/query] for files matching pattern [/home/aluno/spring-projects/maven/spring-data-aerospike/target/classes/org/springframework/data/aerospike/repository/**/*.class]
16:38:07.895 [main] DEBUG o.s.c.i.s.PathMatchingResourcePatternResolver - Resolved location pattern [classpath*:org/springframework/data/aerospike/repository/**/*.class] to resources [file [/home/aluno/spring-projects/maven/spring-data-aerospike/target/test-classes/org/springframework/data/aerospike/repository/Credentials.class], file [/home/aluno/spring-projects/maven/spring-data-aerospike/target/test-classes/org/springframework/data/aerospike/repository/AbstractPersonRepositoryIntegrationTests$1.class], file [/home/aluno/spring-projects/maven/spring-data-aerospike/target/test-classes/org/springframework/data/aerospike/repository/PersonRepository.class], file [/home/aluno/spring-projects/maven/spring-data-aerospike/target/test-classes/org/springframework/data/aerospike/repository/TestConfigPerson.class], file [/home/aluno/spring-projects/maven/spring-data-aerospike/target/test-classes/org/springframework/data/aerospike/repository/Address.class], file [/home/aluno/spring-projects/maven/spring-data-aerospike/target/test-classes/org/springframework/data/aerospike/repository/Person$Sex.class], file [/home/aluno/spring-projects/maven/spring-data-aerospike/target/test-classes/org/springframework/data/aerospike/repository/Person.class], file [/home/aluno/spring-projects/maven/spring-data-aerospike/target/test-classes/org/springframework/data/aerospike/repository/ContactRepository.class], file [/home/aluno/spring-projects/maven/spring-data-aerospike/target/test-classes/org/springframework/data/aerospike/repository/AbstractPersonRepositoryIntegrationTests.class], file [/home/aluno/spring-projects/maven/spring-data-aerospike/target/test-classes/org/springframework/data/aerospike/repository/User.class], file [/home/aluno/spring-projects/maven/spring-data-aerospike/target/test-classes/org/springframework/data/aerospike/repository/CustomerRepositoriesIntegrationTests$Config.class], file [/home/aluno/spring-projects/maven/spring-data-aerospike/target/test-classes/org/springframework/data/aerospike/repository/AnnotatedPerson.class], file [/home/aluno/spring-projects/maven/spring-data-aerospike/target/test-classes/org/springframework/data/aerospike/repository/support/SimpleAerospikeRepositoryTest$5.class], file [/home/aluno/spring-projects/maven/spring-data-aerospike/target/test-classes/org/springframework/data/aerospike/repository/support/SimpleAerospikeRepositoryTest$9.class], file [/home/aluno/spring-projects/maven/spring-data-aerospike/target/test-classes/org/springframework/data/aerospike/repository/support/SimpleAerospikeRepositoryTest$4.class], file [/home/aluno/spring-projects/maven/spring-data-aerospike/target/test-classes/org/springframework/data/aerospike/repository/support/AerospikeRepositoryFactoryTest.class], file [/home/aluno/spring-projects/maven/spring-data-aerospike/target/test-classes/org/springframework/data/aerospike/repository/support/SimpleAerospikeRepositoryTest.class], file [/home/aluno/spring-projects/maven/spring-data-aerospike/target/test-classes/org/springframework/data/aerospike/repository/support/SimpleAerospikeRepositoryTest$1.class], file [/home/aluno/spring-projects/maven/spring-data-aerospike/target/test-classes/org/springframework/data/aerospike/repository/support/SimpleAerospikeRepositoryTest$3.class], file [/home/aluno/spring-projects/maven/spring-data-aerospike/target/test-classes/org/springframework/data/aerospike/repository/support/SimpleAerospikeRepositoryTest$8.class], file [/home/aluno/spring-projects/maven/spring-data-aerospike/target/test-classes/org/springframework/data/aerospike/repository/support/SimpleAerospikeRepositoryTest$6.class], file [/home/aluno/spring-projects/maven/spring-data-aerospike/target/test-classes/org/springframework/data/aerospike/repository/support/SimpleAerospikeRepositoryTest$2.class], file [/home/aluno/spring-projects/maven/spring-data-aerospike/target/test-classes/org/springframework/data/aerospike/repository/support/AllTests.class], file [/home/aluno/spring-projects/maven/spring-data-aerospike/target/test-classes/org/springframework/data/aerospike/repository/support/SimpleAerospikeRepositoryTest$7.class], file [/home/aluno/spring-projects/maven/spring-data-aerospike/target/test-classes/org/springframework/data/aerospike/repository/Contact.class], file [/home/aluno/spring-projects/maven/spring-data-aerospike/target/test-classes/org/springframework/data/aerospike/repository/AllTests.class], file [/home/aluno/spring-projects/maven/spring-data-aerospike/target/test-classes/org/springframework/data/aerospike/repository/PersonRepositoryIntegrationTests.class], file [/home/aluno/spring-projects/maven/spring-data-aerospike/target/test-classes/org/springframework/data/aerospike/repository/query/StubParameterAccessor.class], file [/home/aluno/spring-projects/maven/spring-data-aerospike/target/test-classes/org/springframework/data/aerospike/repository/query/AllTests.class], file [/home/aluno/spring-projects/maven/spring-data-aerospike/target/test-classes/org/springframework/data/aerospike/repository/query/AerospikePartTreeQueryTest.class], file [/home/aluno/spring-projects/maven/spring-data-aerospike/target/test-classes/org/springframework/data/aerospike/repository/CustomerRepositoriesIntegrationTests.class], file [/home/aluno/spring-projects/maven/spring-data-aerospike/target/classes/org/springframework/data/aerospike/repository/AerospikeRepository.class], file [/home/aluno/spring-projects/maven/spring-data-aerospike/target/classes/org/springframework/data/aerospike/repository/support/AerospikeRepositoryFactoryBean.class], file [/home/aluno/spring-projects/maven/spring-data-aerospike/target/classes/org/springframework/data/aerospike/repository/support/AerospikeRepositoryFactory$AerospikeQueryLookupStrategy.class], file [/home/aluno/spring-projects/maven/spring-data-aerospike/target/classes/org/springframework/data/aerospike/repository/support/AerospikeRepositoryFactory.class], file [/home/aluno/spring-projects/maven/spring-data-aerospike/target/classes/org/springframework/data/aerospike/repository/support/SimpleAerospikeRepository.class], file [/home/aluno/spring-projects/maven/spring-data-aerospike/target/classes/org/springframework/data/aerospike/repository/config/AerospikeRepositoriesRegistrar.class], file [/home/aluno/spring-projects/maven/spring-data-aerospike/target/classes/org/springframework/data/aerospike/repository/config/EnableAerospikeRepositories.class], file [/home/aluno/spring-projects/maven/spring-data-aerospike/target/classes/org/springframework/data/aerospike/repository/config/AerospikeRepositoriesRegistrar$1.class], file [/home/aluno/spring-projects/maven/spring-data-aerospike/target/classes/org/springframework/data/aerospike/repository/config/AerospikeRepositoriesRegistrar$AerospikeRepositoryConfigurationExtension.class], file [/home/aluno/spring-projects/maven/spring-data-aerospike/target/classes/org/springframework/data/aerospike/repository/query/AerospikeParameterAccessor.class], file [/home/aluno/spring-projects/maven/spring-data-aerospike/target/classes/org/springframework/data/aerospike/repository/query/Query.class], file [/home/aluno/spring-projects/maven/spring-data-aerospike/target/classes/org/springframework/data/aerospike/repository/query/ConvertingParameterAccessor.class], file [/home/aluno/spring-projects/maven/spring-data-aerospike/target/classes/org/springframework/data/aerospike/repository/query/AerospikeQueryCreator$1.class], file [/home/aluno/spring-projects/maven/spring-data-aerospike/target/classes/org/springframework/data/aerospike/repository/query/CriteriaDefinition.class], file [/home/aluno/spring-projects/maven/spring-data-aerospike/target/classes/org/springframework/data/aerospike/repository/query/TextCriteria.class], file [/home/aluno/spring-projects/maven/spring-data-aerospike/target/classes/org/springframework/data/aerospike/repository/query/Criteria.class], file [/home/aluno/spring-projects/maven/spring-data-aerospike/target/classes/org/springframework/data/aerospike/repository/query/AerospikePartTreeQuery.class], file [/home/aluno/spring-projects/maven/spring-data-aerospike/target/classes/org/springframework/data/aerospike/repository/query/AerospikeQueryCreator.class]]
16:38:07.895 [main] DEBUG o.s.d.r.c.RepositoryComponentProvider - Identified candidate component class: file [/home/aluno/spring-projects/maven/spring-data-aerospike/target/test-classes/org/springframework/data/aerospike/repository/PersonRepository.class]
16:38:07.896 [main] DEBUG o.s.d.r.c.RepositoryComponentProvider - Identified candidate component class: file [/home/aluno/spring-projects/maven/spring-data-aerospike/target/test-classes/org/springframework/data/aerospike/repository/ContactRepository.class]
16:38:07.901 [main] DEBUG o.s.core.env.StandardEnvironment - Adding [systemProperties] PropertySource with lowest search precedence
16:38:07.901 [main] DEBUG o.s.core.env.StandardEnvironment - Adding [systemEnvironment] PropertySource with lowest search precedence
16:38:07.901 [main] DEBUG o.s.core.env.StandardEnvironment - Initialized StandardEnvironment with PropertySources [systemProperties,systemEnvironment]
16:38:07.901 [main] DEBUG o.s.c.i.s.PathMatchingResourcePatternResolver - Looking for matching resources in directory tree [/home/aluno/spring-projects/maven/spring-data-aerospike/target/test-classes/org/springframework/data/aerospike/repository]
16:38:07.901 [main] DEBUG o.s.c.i.s.PathMatchingResourcePatternResolver - Searching directory [/home/aluno/spring-projects/maven/spring-data-aerospike/target/test-classes/org/springframework/data/aerospike/repository] for files matching pattern [/home/aluno/spring-projects/maven/spring-data-aerospike/target/test-classes/org/springframework/data/aerospike/repository/**/*PersonRepositoryImpl.class]
16:38:07.901 [main] DEBUG o.s.c.i.s.PathMatchingResourcePatternResolver - Searching directory [/home/aluno/spring-projects/maven/spring-data-aerospike/target/test-classes/org/springframework/data/aerospike/repository/support] for files matching pattern [/home/aluno/spring-projects/maven/spring-data-aerospike/target/test-classes/org/springframework/data/aerospike/repository/**/*PersonRepositoryImpl.class]
16:38:07.901 [main] DEBUG o.s.c.i.s.PathMatchingResourcePatternResolver - Searching directory [/home/aluno/spring-projects/maven/spring-data-aerospike/target/test-classes/org/springframework/data/aerospike/repository/query] for files matching pattern [/home/aluno/spring-projects/maven/spring-data-aerospike/target/test-classes/org/springframework/data/aerospike/repository/**/*PersonRepositoryImpl.class]
16:38:07.902 [main] DEBUG o.s.c.i.s.PathMatchingResourcePatternResolver - Looking for matching resources in directory tree [/home/aluno/spring-projects/maven/spring-data-aerospike/target/classes/org/springframework/data/aerospike/repository]
16:38:07.902 [main] DEBUG o.s.c.i.s.PathMatchingResourcePatternResolver - Searching directory [/home/aluno/spring-projects/maven/spring-data-aerospike/target/classes/org/springframework/data/aerospike/repository] for files matching pattern [/home/aluno/spring-projects/maven/spring-data-aerospike/target/classes/org/springframework/data/aerospike/repository/**/*PersonRepositoryImpl.class]
16:38:07.902 [main] DEBUG o.s.c.i.s.PathMatchingResourcePatternResolver - Searching directory [/home/aluno/spring-projects/maven/spring-data-aerospike/target/classes/org/springframework/data/aerospike/repository/support] for files matching pattern [/home/aluno/spring-projects/maven/spring-data-aerospike/target/classes/org/springframework/data/aerospike/repository/**/*PersonRepositoryImpl.class]
16:38:07.902 [main] DEBUG o.s.c.i.s.PathMatchingResourcePatternResolver - Searching directory [/home/aluno/spring-projects/maven/spring-data-aerospike/target/classes/org/springframework/data/aerospike/repository/config] for files matching pattern [/home/aluno/spring-projects/maven/spring-data-aerospike/target/classes/org/springframework/data/aerospike/repository/**/*PersonRepositoryImpl.class]
16:38:07.902 [main] DEBUG o.s.c.i.s.PathMatchingResourcePatternResolver - Searching directory [/home/aluno/spring-projects/maven/spring-data-aerospike/target/classes/org/springframework/data/aerospike/repository/query] for files matching pattern [/home/aluno/spring-projects/maven/spring-data-aerospike/target/classes/org/springframework/data/aerospike/repository/**/*PersonRepositoryImpl.class]
16:38:07.902 [main] DEBUG o.s.c.i.s.PathMatchingResourcePatternResolver - Resolved location pattern [classpath*:org/springframework/data/aerospike/repository/**/*PersonRepositoryImpl.class] to resources []
16:38:07.902 [main] DEBUG o.s.d.r.c.RepositoryConfigurationDelegate - Spring Data Aerospike - Registering repository: personRepository - Interface: org.springframework.data.aerospike.repository.PersonRepository - Factory: org.springframework.data.keyvalue.repository.support.KeyValueRepositoryFactoryBean
16:38:07.902 [main] DEBUG o.s.core.env.StandardEnvironment - Adding [systemProperties] PropertySource with lowest search precedence
16:38:07.902 [main] DEBUG o.s.core.env.StandardEnvironment - Adding [systemEnvironment] PropertySource with lowest search precedence
16:38:07.902 [main] DEBUG o.s.core.env.StandardEnvironment - Initialized StandardEnvironment with PropertySources [systemProperties,systemEnvironment]
16:38:07.902 [main] DEBUG o.s.c.i.s.PathMatchingResourcePatternResolver - Looking for matching resources in directory tree [/home/aluno/spring-projects/maven/spring-data-aerospike/target/test-classes/org/springframework/data/aerospike/repository]
16:38:07.902 [main] DEBUG o.s.c.i.s.PathMatchingResourcePatternResolver - Searching directory [/home/aluno/spring-projects/maven/spring-data-aerospike/target/test-classes/org/springframework/data/aerospike/repository] for files matching pattern [/home/aluno/spring-projects/maven/spring-data-aerospike/target/test-classes/org/springframework/data/aerospike/repository/**/*ContactRepositoryImpl.class]
16:38:07.903 [main] DEBUG o.s.c.i.s.PathMatchingResourcePatternResolver - Searching directory [/home/aluno/spring-projects/maven/spring-data-aerospike/target/test-classes/org/springframework/data/aerospike/repository/support] for files matching pattern [/home/aluno/spring-projects/maven/spring-data-aerospike/target/test-classes/org/springframework/data/aerospike/repository/**/*ContactRepositoryImpl.class]
16:38:07.903 [main] DEBUG o.s.c.i.s.PathMatchingResourcePatternResolver - Searching directory [/home/aluno/spring-projects/maven/spring-data-aerospike/target/test-classes/org/springframework/data/aerospike/repository/query] for files matching pattern [/home/aluno/spring-projects/maven/spring-data-aerospike/target/test-classes/org/springframework/data/aerospike/repository/**/*ContactRepositoryImpl.class]
16:38:07.903 [main] DEBUG o.s.c.i.s.PathMatchingResourcePatternResolver - Looking for matching resources in directory tree [/home/aluno/spring-projects/maven/spring-data-aerospike/target/classes/org/springframework/data/aerospike/repository]
16:38:07.903 [main] DEBUG o.s.c.i.s.PathMatchingResourcePatternResolver - Searching directory [/home/aluno/spring-projects/maven/spring-data-aerospike/target/classes/org/springframework/data/aerospike/repository] for files matching pattern [/home/aluno/spring-projects/maven/spring-data-aerospike/target/classes/org/springframework/data/aerospike/repository/**/*ContactRepositoryImpl.class]
16:38:07.903 [main] DEBUG o.s.c.i.s.PathMatchingResourcePatternResolver - Searching directory [/home/aluno/spring-projects/maven/spring-data-aerospike/target/classes/org/springframework/data/aerospike/repository/support] for files matching pattern [/home/aluno/spring-projects/maven/spring-data-aerospike/target/classes/org/springframework/data/aerospike/repository/**/*ContactRepositoryImpl.class]
16:38:07.903 [main] DEBUG o.s.c.i.s.PathMatchingResourcePatternResolver - Searching directory [/home/aluno/spring-projects/maven/spring-data-aerospike/target/classes/org/springframework/data/aerospike/repository/config] for files matching pattern [/home/aluno/spring-projects/maven/spring-data-aerospike/target/classes/org/springframework/data/aerospike/repository/**/*ContactRepositoryImpl.class]
16:38:07.903 [main] DEBUG o.s.c.i.s.PathMatchingResourcePatternResolver - Searching directory [/home/aluno/spring-projects/maven/spring-data-aerospike/target/classes/org/springframework/data/aerospike/repository/query] for files matching pattern [/home/aluno/spring-projects/maven/spring-data-aerospike/target/classes/org/springframework/data/aerospike/repository/**/*ContactRepositoryImpl.class]
16:38:07.903 [main] DEBUG o.s.c.i.s.PathMatchingResourcePatternResolver - Resolved location pattern [classpath*:org/springframework/data/aerospike/repository/**/*ContactRepositoryImpl.class] to resources []
16:38:07.903 [main] DEBUG o.s.d.r.c.RepositoryConfigurationDelegate - Spring Data Aerospike - Registering repository: contactRepository - Interface: org.springframework.data.aerospike.repository.ContactRepository - Factory: org.springframework.data.keyvalue.repository.support.KeyValueRepositoryFactoryBean
16:38:07.904 [main] DEBUG o.s.c.a.ConfigurationClassEnhancer - Successfully enhanced org.springframework.data.aerospike.repository.TestConfigPerson; enhanced class name is: org.springframework.data.aerospike.repository.TestConfigPerson$$EnhancerBySpringCGLIB$$3f27a8da
16:38:07.904 [main] DEBUG o.s.c.a.ConfigurationClassPostProcessor - Replacing bean definition 'testConfigPerson' existing class name 'org.springframework.data.aerospike.repository.TestConfigPerson' with enhanced class name 'org.springframework.data.aerospike.repository.TestConfigPerson$$EnhancerBySpringCGLIB$$3f27a8da'
16:38:07.904 [main] DEBUG o.s.b.f.s.DefaultListableBeanFactory - Creating shared instance of singleton bean 'org.springframework.context.annotation.internalAutowiredAnnotationProcessor'
16:38:07.904 [main] DEBUG o.s.b.f.s.DefaultListableBeanFactory - Creating instance of bean 'org.springframework.context.annotation.internalAutowiredAnnotationProcessor'
16:38:07.904 [main] DEBUG o.s.b.f.s.DefaultListableBeanFactory - Eagerly caching bean 'org.springframework.context.annotation.internalAutowiredAnnotationProcessor' to allow for resolving potential circular references
16:38:07.904 [main] DEBUG o.s.b.f.s.DefaultListableBeanFactory - Finished creating instance of bean 'org.springframework.context.annotation.internalAutowiredAnnotationProcessor'
16:38:07.904 [main] DEBUG o.s.b.f.s.DefaultListableBeanFactory - Creating shared instance of singleton bean 'org.springframework.context.annotation.internalRequiredAnnotationProcessor'
16:38:07.904 [main] DEBUG o.s.b.f.s.DefaultListableBeanFactory - Creating instance of bean 'org.springframework.context.annotation.internalRequiredAnnotationProcessor'
16:38:07.904 [main] DEBUG o.s.b.f.s.DefaultListableBeanFactory - Eagerly caching bean 'org.springframework.context.annotation.internalRequiredAnnotationProcessor' to allow for resolving potential circular references
16:38:07.904 [main] DEBUG o.s.b.f.s.DefaultListableBeanFactory - Finished creating instance of bean 'org.springframework.context.annotation.internalRequiredAnnotationProcessor'
16:38:07.904 [main] DEBUG o.s.b.f.s.DefaultListableBeanFactory - Creating shared instance of singleton bean 'org.springframework.context.annotation.internalCommonAnnotationProcessor'
16:38:07.904 [main] DEBUG o.s.b.f.s.DefaultListableBeanFactory - Creating instance of bean 'org.springframework.context.annotation.internalCommonAnnotationProcessor'
16:38:07.904 [main] DEBUG o.s.b.f.s.DefaultListableBeanFactory - Eagerly caching bean 'org.springframework.context.annotation.internalCommonAnnotationProcessor' to allow for resolving potential circular references
16:38:07.904 [main] DEBUG o.s.b.f.s.DefaultListableBeanFactory - Finished creating instance of bean 'org.springframework.context.annotation.internalCommonAnnotationProcessor'
16:38:07.904 [main] DEBUG o.s.b.f.s.DefaultListableBeanFactory - Creating shared instance of singleton bean 'org.springframework.context.annotation.ConfigurationClassPostProcessor.importAwareProcessor'
16:38:07.904 [main] DEBUG o.s.b.f.s.DefaultListableBeanFactory - Creating instance of bean 'org.springframework.context.annotation.ConfigurationClassPostProcessor.importAwareProcessor'
16:38:07.904 [main] DEBUG o.s.b.f.s.DefaultListableBeanFactory - Eagerly caching bean 'org.springframework.context.annotation.ConfigurationClassPostProcessor.importAwareProcessor' to allow for resolving potential circular references
16:38:07.904 [main] DEBUG o.s.b.f.s.DefaultListableBeanFactory - Finished creating instance of bean 'org.springframework.context.annotation.ConfigurationClassPostProcessor.importAwareProcessor'
16:38:07.904 [main] DEBUG o.s.b.f.s.DefaultListableBeanFactory - Creating shared instance of singleton bean 'org.springframework.context.annotation.ConfigurationClassPostProcessor.enhancedConfigurationProcessor'
16:38:07.904 [main] DEBUG o.s.b.f.s.DefaultListableBeanFactory - Creating instance of bean 'org.springframework.context.annotation.ConfigurationClassPostProcessor.enhancedConfigurationProcessor'
16:38:07.904 [main] DEBUG o.s.b.f.s.DefaultListableBeanFactory - Eagerly caching bean 'org.springframework.context.annotation.ConfigurationClassPostProcessor.enhancedConfigurationProcessor' to allow for resolving potential circular references
16:38:07.904 [main] DEBUG o.s.b.f.s.DefaultListableBeanFactory - Finished creating instance of bean 'org.springframework.context.annotation.ConfigurationClassPostProcessor.enhancedConfigurationProcessor'
16:38:07.904 [main] DEBUG o.s.b.f.s.DefaultListableBeanFactory - Creating shared instance of singleton bean 'org.springframework.data.repository.core.support.RepositoryInterfaceAwareBeanPostProcessor'
16:38:07.904 [main] DEBUG o.s.b.f.s.DefaultListableBeanFactory - Creating instance of bean 'org.springframework.data.repository.core.support.RepositoryInterfaceAwareBeanPostProcessor'
16:38:07.904 [main] DEBUG o.s.b.f.s.DefaultListableBeanFactory - Eagerly caching bean 'org.springframework.data.repository.core.support.RepositoryInterfaceAwareBeanPostProcessor' to allow for resolving potential circular references
16:38:07.904 [main] DEBUG o.s.b.f.s.DefaultListableBeanFactory - Finished creating instance of bean 'org.springframework.data.repository.core.support.RepositoryInterfaceAwareBeanPostProcessor'
16:38:07.904 [main] DEBUG o.s.c.s.GenericApplicationContext - Unable to locate MessageSource with name 'messageSource': using default [org.springframework.context.support.DelegatingMessageSource@44dc7b7d]
16:38:07.904 [main] DEBUG o.s.c.s.GenericApplicationContext - Unable to locate ApplicationEventMulticaster with name 'applicationEventMulticaster': using default [org.springframework.context.event.SimpleApplicationEventMulticaster@15fb4566]
16:38:07.905 [main] DEBUG o.s.b.f.s.DefaultListableBeanFactory - Pre-instantiating singletons in org.springframework.beans.factory.support.DefaultListableBeanFactory@1ba467c2: defining beans [org.springframework.context.annotation.internalConfigurationAnnotationProcessor,org.springframework.context.annotation.internalAutowiredAnnotationProcessor,org.springframework.context.annotation.internalRequiredAnnotationProcessor,org.springframework.context.annotation.internalCommonAnnotationProcessor,testConfigPerson,org.springframework.context.annotation.ConfigurationClassPostProcessor.importAwareProcessor,org.springframework.context.annotation.ConfigurationClassPostProcessor.enhancedConfigurationProcessor,aerospikeTemplate,aerospikeClient,org.springframework.data.aerospike.repository.config.AerospikeRepositoriesRegistrar$AerospikeRepositoryConfigurationExtension#0,org.springframework.data.repository.core.support.RepositoryInterfaceAwareBeanPostProcessor,keyValueMappingContext,personRepository,contactRepository]; root of factory hierarchy
16:38:07.905 [main] DEBUG o.s.b.f.s.DefaultListableBeanFactory - Returning cached instance of singleton bean 'org.springframework.context.annotation.internalConfigurationAnnotationProcessor'
16:38:07.905 [main] DEBUG o.s.b.f.s.DefaultListableBeanFactory - Returning cached instance of singleton bean 'org.springframework.context.annotation.internalAutowiredAnnotationProcessor'
16:38:07.905 [main] DEBUG o.s.b.f.s.DefaultListableBeanFactory - Returning cached instance of singleton bean 'org.springframework.context.annotation.internalRequiredAnnotationProcessor'
16:38:07.905 [main] DEBUG o.s.b.f.s.DefaultListableBeanFactory - Returning cached instance of singleton bean 'org.springframework.context.annotation.internalCommonAnnotationProcessor'
16:38:07.905 [main] DEBUG o.s.b.f.s.DefaultListableBeanFactory - Creating shared instance of singleton bean 'testConfigPerson'
16:38:07.905 [main] DEBUG o.s.b.f.s.DefaultListableBeanFactory - Creating instance of bean 'testConfigPerson'
16:38:07.905 [main] DEBUG o.s.b.f.s.DefaultListableBeanFactory - Eagerly caching bean 'testConfigPerson' to allow for resolving potential circular references
16:38:07.905 [main] DEBUG o.s.b.f.s.DefaultListableBeanFactory - Finished creating instance of bean 'testConfigPerson'
16:38:07.905 [main] DEBUG o.s.b.f.s.DefaultListableBeanFactory - Returning cached instance of singleton bean 'org.springframework.context.annotation.ConfigurationClassPostProcessor.importAwareProcessor'
16:38:07.905 [main] DEBUG o.s.b.f.s.DefaultListableBeanFactory - Returning cached instance of singleton bean 'org.springframework.context.annotation.ConfigurationClassPostProcessor.enhancedConfigurationProcessor'
16:38:07.905 [main] DEBUG o.s.b.f.s.DefaultListableBeanFactory - Creating shared instance of singleton bean 'aerospikeTemplate'
16:38:07.905 [main] DEBUG o.s.b.f.s.DefaultListableBeanFactory - Creating instance of bean 'aerospikeTemplate'
16:38:07.905 [main] DEBUG o.s.b.f.s.DefaultListableBeanFactory - Returning cached instance of singleton bean 'testConfigPerson'
16:38:07.905 [main] DEBUG o.s.b.f.s.DefaultListableBeanFactory - Creating shared instance of singleton bean 'aerospikeClient'
16:38:07.905 [main] DEBUG o.s.b.f.s.DefaultListableBeanFactory - Creating instance of bean 'aerospikeClient'
16:38:07.905 [main] DEBUG o.s.b.f.s.DefaultListableBeanFactory - Returning cached instance of singleton bean 'testConfigPerson'
16:38:08.232 [main] INFO  o.s.d.a.r.q.AerospikeQueryCreator - AS:Add node BB98511CE0DC702 52.41.32.83:3000
16:38:08.395 [main] DEBUG o.s.d.a.r.q.AerospikeQueryCreator - AS:Node BB98511CE0DC702 52.41.32.83:3000 partition generation 1 changed.
16:38:08.722 [main] DEBUG o.s.d.a.r.q.AerospikeQueryCreator - AS:Add seed 52.41.32.83:3000
16:38:08.723 [main] DEBUG o.s.b.f.s.DefaultListableBeanFactory - Eagerly caching bean 'aerospikeClient' to allow for resolving potential circular references
16:38:08.723 [main] DEBUG o.s.b.f.s.DefaultListableBeanFactory - Finished creating instance of bean 'aerospikeClient'
16:38:11.728 [main] WARN  o.s.c.s.GenericApplicationContext - Exception encountered during context initialization - cancelling refresh attempt
org.springframework.beans.factory.BeanCreationException: Error creating bean with name 'aerospikeTemplate' defined in org.springframework.data.aerospike.repository.TestConfigPerson: Bean instantiation via factory method failed; nested exception is org.springframework.beans.BeanInstantiationException: Failed to instantiate [org.springframework.data.aerospike.core.AerospikeTemplate]: Factory method 'aerospikeTemplate' threw exception; nested exception is com.aerospike.helper.query.ClusterRefreshError: Cannot find UDF modules
	at org.springframework.beans.factory.support.ConstructorResolver.instantiateUsingFactoryMethod(ConstructorResolver.java:599) ~[spring-beans-4.1.7.RELEASE.jar:4.1.7.RELEASE]
	at org.springframework.beans.factory.support.AbstractAutowireCapableBeanFactory.instantiateUsingFactoryMethod(AbstractAutowireCapableBeanFactory.java:1119) ~[spring-beans-4.1.7.RELEASE.jar:4.1.7.RELEASE]
	at org.springframework.beans.factory.support.AbstractAutowireCapableBeanFactory.createBeanInstance(AbstractAutowireCapableBeanFactory.java:1014) ~[spring-beans-4.1.7.RELEASE.jar:4.1.7.RELEASE]
	at org.springframework.beans.factory.support.AbstractAutowireCapableBeanFactory.doCreateBean(AbstractAutowireCapableBeanFactory.java:504) ~[spring-beans-4.1.7.RELEASE.jar:4.1.7.RELEASE]
	at org.springframework.beans.factory.support.AbstractAutowireCapableBeanFactory.createBean(AbstractAutowireCapableBeanFactory.java:476) ~[spring-beans-4.1.7.RELEASE.jar:4.1.7.RELEASE]
	at org.springframework.beans.factory.support.AbstractBeanFactory$1.getObject(AbstractBeanFactory.java:303) ~[spring-beans-4.1.7.RELEASE.jar:4.1.7.RELEASE]
	at org.springframework.beans.factory.support.DefaultSingletonBeanRegistry.getSingleton(DefaultSingletonBeanRegistry.java:230) ~[spring-beans-4.1.7.RELEASE.jar:4.1.7.RELEASE]
	at org.springframework.beans.factory.support.AbstractBeanFactory.doGetBean(AbstractBeanFactory.java:299) ~[spring-beans-4.1.7.RELEASE.jar:4.1.7.RELEASE]
	at org.springframework.beans.factory.support.AbstractBeanFactory.getBean(AbstractBeanFactory.java:194) ~[spring-beans-4.1.7.RELEASE.jar:4.1.7.RELEASE]
	at org.springframework.beans.factory.support.DefaultListableBeanFactory.preInstantiateSingletons(DefaultListableBeanFactory.java:755) ~[spring-beans-4.1.7.RELEASE.jar:4.1.7.RELEASE]
	at org.springframework.context.support.AbstractApplicationContext.finishBeanFactoryInitialization(AbstractApplicationContext.java:757) ~[spring-context-4.1.7.RELEASE.jar:4.1.7.RELEASE]
	at org.springframework.context.support.AbstractApplicationContext.refresh(AbstractApplicationContext.java:480) ~[spring-context-4.1.7.RELEASE.jar:4.1.7.RELEASE]
	at org.springframework.test.context.support.AbstractGenericContextLoader.loadContext(AbstractGenericContextLoader.java:125) [spring-test-4.1.7.RELEASE.jar:4.1.7.RELEASE]
	at org.springframework.test.context.support.AbstractGenericContextLoader.loadContext(AbstractGenericContextLoader.java:60) [spring-test-4.1.7.RELEASE.jar:4.1.7.RELEASE]
	at org.springframework.test.context.support.AbstractDelegatingSmartContextLoader.delegateLoading(AbstractDelegatingSmartContextLoader.java:109) [spring-test-4.1.7.RELEASE.jar:4.1.7.RELEASE]
	at org.springframework.test.context.support.AbstractDelegatingSmartContextLoader.loadContext(AbstractDelegatingSmartContextLoader.java:261) [spring-test-4.1.7.RELEASE.jar:4.1.7.RELEASE]
	at org.springframework.test.context.DefaultCacheAwareContextLoaderDelegate.loadContextInternal(DefaultCacheAwareContextLoaderDelegate.java:68) [spring-test-4.1.7.RELEASE.jar:4.1.7.RELEASE]
	at org.springframework.test.context.DefaultCacheAwareContextLoaderDelegate.loadContext(DefaultCacheAwareContextLoaderDelegate.java:86) [spring-test-4.1.7.RELEASE.jar:4.1.7.RELEASE]
	at org.springframework.test.context.DefaultTestContext.getApplicationContext(DefaultTestContext.java:72) [spring-test-4.1.7.RELEASE.jar:4.1.7.RELEASE]
	at org.springframework.test.context.support.DependencyInjectionTestExecutionListener.injectDependencies(DependencyInjectionTestExecutionListener.java:117) [spring-test-4.1.7.RELEASE.jar:4.1.7.RELEASE]
	at org.springframework.test.context.support.DependencyInjectionTestExecutionListener.prepareTestInstance(DependencyInjectionTestExecutionListener.java:83) [spring-test-4.1.7.RELEASE.jar:4.1.7.RELEASE]
	at org.springframework.test.context.TestContextManager.prepareTestInstance(TestContextManager.java:212) [spring-test-4.1.7.RELEASE.jar:4.1.7.RELEASE]
	at org.springframework.test.context.junit4.SpringJUnit4ClassRunner.createTest(SpringJUnit4ClassRunner.java:200) [spring-test-4.1.7.RELEASE.jar:4.1.7.RELEASE]
	at org.springframework.test.context.junit4.SpringJUnit4ClassRunner$1.runReflectiveCall(SpringJUnit4ClassRunner.java:259) [spring-test-4.1.7.RELEASE.jar:4.1.7.RELEASE]
	at org.junit.internal.runners.model.ReflectiveCallable.run(ReflectiveCallable.java:12) [junit-4.12.jar:4.12]
	at org.springframework.test.context.junit4.SpringJUnit4ClassRunner.methodBlock(SpringJUnit4ClassRunner.java:261) [spring-test-4.1.7.RELEASE.jar:4.1.7.RELEASE]
	at org.springframework.test.context.junit4.SpringJUnit4ClassRunner.runChild(SpringJUnit4ClassRunner.java:219) [spring-test-4.1.7.RELEASE.jar:4.1.7.RELEASE]
	at org.springframework.test.context.junit4.SpringJUnit4ClassRunner.runChild(SpringJUnit4ClassRunner.java:83) [spring-test-4.1.7.RELEASE.jar:4.1.7.RELEASE]
	at org.junit.runners.ParentRunner$3.run(ParentRunner.java:290) [junit-4.12.jar:4.12]
	at org.junit.runners.ParentRunner$1.schedule(ParentRunner.java:71) [junit-4.12.jar:4.12]
	at org.junit.runners.ParentRunner.runChildren(ParentRunner.java:288) [junit-4.12.jar:4.12]
	at org.junit.runners.ParentRunner.access$000(ParentRunner.java:58) [junit-4.12.jar:4.12]
	at org.junit.runners.ParentRunner$2.evaluate(ParentRunner.java:268) [junit-4.12.jar:4.12]
	at org.springframework.test.context.junit4.statements.RunBeforeTestClassCallbacks.evaluate(RunBeforeTestClassCallbacks.java:61) [spring-test-4.1.7.RELEASE.jar:4.1.7.RELEASE]
	at org.springframework.test.context.junit4.statements.RunAfterTestClassCallbacks.evaluate(RunAfterTestClassCallbacks.java:68) [spring-test-4.1.7.RELEASE.jar:4.1.7.RELEASE]
	at org.junit.runners.ParentRunner.run(ParentRunner.java:363) [junit-4.12.jar:4.12]
	at org.springframework.test.context.junit4.SpringJUnit4ClassRunner.run(SpringJUnit4ClassRunner.java:163) [spring-test-4.1.7.RELEASE.jar:4.1.7.RELEASE]
	at org.apache.maven.surefire.junit4.JUnit4Provider.execute(JUnit4Provider.java:283) [surefire-junit4-2.18.1.jar:2.18.1]
	at org.apache.maven.surefire.junit4.JUnit4Provider.executeWithRerun(JUnit4Provider.java:173) [surefire-junit4-2.18.1.jar:2.18.1]
	at org.apache.maven.surefire.junit4.JUnit4Provider.executeTestSet(JUnit4Provider.java:153) [surefire-junit4-2.18.1.jar:2.18.1]
	at org.apache.maven.surefire.junit4.JUnit4Provider.invoke(JUnit4Provider.java:128) [surefire-junit4-2.18.1.jar:2.18.1]
	at org.apache.maven.surefire.booter.ForkedBooter.invokeProviderInSameClassLoader(ForkedBooter.java:203) [surefire-booter-2.18.1.jar:2.18.1]
	at org.apache.maven.surefire.booter.ForkedBooter.runSuitesInProcess(ForkedBooter.java:155) [surefire-booter-2.18.1.jar:2.18.1]
	at org.apache.maven.surefire.booter.ForkedBooter.main(ForkedBooter.java:103) [surefire-booter-2.18.1.jar:2.18.1]
Caused by: org.springframework.beans.BeanInstantiationException: Failed to instantiate [org.springframework.data.aerospike.core.AerospikeTemplate]: Factory method 'aerospikeTemplate' threw exception; nested exception is com.aerospike.helper.query.ClusterRefreshError: Cannot find UDF modules
	at org.springframework.beans.factory.support.SimpleInstantiationStrategy.instantiate(SimpleInstantiationStrategy.java:189) ~[spring-beans-4.1.7.RELEASE.jar:4.1.7.RELEASE]
	at org.springframework.beans.factory.support.ConstructorResolver.instantiateUsingFactoryMethod(ConstructorResolver.java:588) ~[spring-beans-4.1.7.RELEASE.jar:4.1.7.RELEASE]
	... 43 common frames omitted
Caused by: com.aerospike.helper.query.ClusterRefreshError: Cannot find UDF modules
	at com.aerospike.helper.query.QueryEngine.refreshModules(QueryEngine.java:678) ~[classes/:na]
	at com.aerospike.helper.query.QueryEngine.refreshCluster(QueryEngine.java:536) ~[classes/:na]
	at com.aerospike.helper.query.QueryEngine.setClient(QueryEngine.java:129) ~[classes/:na]
	at com.aerospike.helper.query.QueryEngine.<init>(QueryEngine.java:110) ~[classes/:na]
	at org.springframework.data.aerospike.core.AerospikeTemplate.<init>(AerospikeTemplate.java:132) ~[classes/:na]
	at org.springframework.data.aerospike.repository.TestConfigPerson.aerospikeTemplate(TestConfigPerson.java:38) ~[test-classes/:na]
	at org.springframework.data.aerospike.repository.TestConfigPerson$$EnhancerBySpringCGLIB$$3f27a8da.CGLIB$aerospikeTemplate$0(<generated>) ~[spring-core-4.1.7.RELEASE.jar:na]
	at org.springframework.data.aerospike.repository.TestConfigPerson$$EnhancerBySpringCGLIB$$3f27a8da$$FastClassBySpringCGLIB$$38965c5e.invoke(<generated>) ~[spring-core-4.1.7.RELEASE.jar:na]
	at org.springframework.cglib.proxy.MethodProxy.invokeSuper(MethodProxy.java:228) ~[spring-core-4.1.7.RELEASE.jar:4.1.7.RELEASE]
	at org.springframework.context.annotation.ConfigurationClassEnhancer$BeanMethodInterceptor.intercept(ConfigurationClassEnhancer.java:309) ~[spring-context-4.1.7.RELEASE.jar:4.1.7.RELEASE]
	at org.springframework.data.aerospike.repository.TestConfigPerson$$EnhancerBySpringCGLIB$$3f27a8da.aerospikeTemplate(<generated>) ~[spring-core-4.1.7.RELEASE.jar:na]
	at sun.reflect.GeneratedMethodAccessor45.invoke(Unknown Source) ~[na:na]
	at sun.reflect.DelegatingMethodAccessorImpl.invoke(DelegatingMethodAccessorImpl.java:43) ~[na:1.8.0_91]
	at java.lang.reflect.Method.invoke(Method.java:498) ~[na:1.8.0_91]
	at org.springframework.beans.factory.support.SimpleInstantiationStrategy.instantiate(SimpleInstantiationStrategy.java:162) ~[spring-beans-4.1.7.RELEASE.jar:4.1.7.RELEASE]
	... 44 common frames omitted
16:38:11.728 [main] DEBUG o.s.b.f.s.DefaultListableBeanFactory - Destroying singletons in org.springframework.beans.factory.support.DefaultListableBeanFactory@1ba467c2: defining beans [org.springframework.context.annotation.internalConfigurationAnnotationProcessor,org.springframework.context.annotation.internalAutowiredAnnotationProcessor,org.springframework.context.annotation.internalRequiredAnnotationProcessor,org.springframework.context.annotation.internalCommonAnnotationProcessor,testConfigPerson,org.springframework.context.annotation.ConfigurationClassPostProcessor.importAwareProcessor,org.springframework.context.annotation.ConfigurationClassPostProcessor.enhancedConfigurationProcessor,aerospikeTemplate,aerospikeClient,org.springframework.data.aerospike.repository.config.AerospikeRepositoriesRegistrar$AerospikeRepositoryConfigurationExtension#0,org.springframework.data.repository.core.support.RepositoryInterfaceAwareBeanPostProcessor,keyValueMappingContext,personRepository,contactRepository]; root of factory hierarchy
16:38:11.728 [main] DEBUG o.s.b.f.s.DisposableBeanAdapter - Invoking destroy method 'close' on bean with name 'aerospikeClient'
16:38:11.730 [main] ERROR o.s.test.context.TestContextManager - Caught exception while allowing TestExecutionListener [org.springframework.test.context.support.DependencyInjectionTestExecutionListener@334ebcaa] to prepare test instance [org.springframework.data.aerospike.repository.PersonRepositoryIntegrationTests@32f5ecc4]
java.lang.IllegalStateException: Failed to load ApplicationContext
	at org.springframework.test.context.DefaultCacheAwareContextLoaderDelegate.loadContext(DefaultCacheAwareContextLoaderDelegate.java:94) ~[spring-test-4.1.7.RELEASE.jar:4.1.7.RELEASE]
	at org.springframework.test.context.DefaultTestContext.getApplicationContext(DefaultTestContext.java:72) ~[spring-test-4.1.7.RELEASE.jar:4.1.7.RELEASE]
	at org.springframework.test.context.support.DependencyInjectionTestExecutionListener.injectDependencies(DependencyInjectionTestExecutionListener.java:117) ~[spring-test-4.1.7.RELEASE.jar:4.1.7.RELEASE]
	at org.springframework.test.context.support.DependencyInjectionTestExecutionListener.prepareTestInstance(DependencyInjectionTestExecutionListener.java:83) ~[spring-test-4.1.7.RELEASE.jar:4.1.7.RELEASE]
	at org.springframework.test.context.TestContextManager.prepareTestInstance(TestContextManager.java:212) ~[spring-test-4.1.7.RELEASE.jar:4.1.7.RELEASE]
	at org.springframework.test.context.junit4.SpringJUnit4ClassRunner.createTest(SpringJUnit4ClassRunner.java:200) [spring-test-4.1.7.RELEASE.jar:4.1.7.RELEASE]
	at org.springframework.test.context.junit4.SpringJUnit4ClassRunner$1.runReflectiveCall(SpringJUnit4ClassRunner.java:259) [spring-test-4.1.7.RELEASE.jar:4.1.7.RELEASE]
	at org.junit.internal.runners.model.ReflectiveCallable.run(ReflectiveCallable.java:12) [junit-4.12.jar:4.12]
	at org.springframework.test.context.junit4.SpringJUnit4ClassRunner.methodBlock(SpringJUnit4ClassRunner.java:261) [spring-test-4.1.7.RELEASE.jar:4.1.7.RELEASE]
	at org.springframework.test.context.junit4.SpringJUnit4ClassRunner.runChild(SpringJUnit4ClassRunner.java:219) [spring-test-4.1.7.RELEASE.jar:4.1.7.RELEASE]
	at org.springframework.test.context.junit4.SpringJUnit4ClassRunner.runChild(SpringJUnit4ClassRunner.java:83) [spring-test-4.1.7.RELEASE.jar:4.1.7.RELEASE]
	at org.junit.runners.ParentRunner$3.run(ParentRunner.java:290) [junit-4.12.jar:4.12]
	at org.junit.runners.ParentRunner$1.schedule(ParentRunner.java:71) [junit-4.12.jar:4.12]
	at org.junit.runners.ParentRunner.runChildren(ParentRunner.java:288) [junit-4.12.jar:4.12]
	at org.junit.runners.ParentRunner.access$000(ParentRunner.java:58) [junit-4.12.jar:4.12]
	at org.junit.runners.ParentRunner$2.evaluate(ParentRunner.java:268) [junit-4.12.jar:4.12]
	at org.springframework.test.context.junit4.statements.RunBeforeTestClassCallbacks.evaluate(RunBeforeTestClassCallbacks.java:61) [spring-test-4.1.7.RELEASE.jar:4.1.7.RELEASE]
	at org.springframework.test.context.junit4.statements.RunAfterTestClassCallbacks.evaluate(RunAfterTestClassCallbacks.java:68) [spring-test-4.1.7.RELEASE.jar:4.1.7.RELEASE]
	at org.junit.runners.ParentRunner.run(ParentRunner.java:363) [junit-4.12.jar:4.12]
	at org.springframework.test.context.junit4.SpringJUnit4ClassRunner.run(SpringJUnit4ClassRunner.java:163) [spring-test-4.1.7.RELEASE.jar:4.1.7.RELEASE]
	at org.apache.maven.surefire.junit4.JUnit4Provider.execute(JUnit4Provider.java:283) [surefire-junit4-2.18.1.jar:2.18.1]
	at org.apache.maven.surefire.junit4.JUnit4Provider.executeWithRerun(JUnit4Provider.java:173) [surefire-junit4-2.18.1.jar:2.18.1]
	at org.apache.maven.surefire.junit4.JUnit4Provider.executeTestSet(JUnit4Provider.java:153) [surefire-junit4-2.18.1.jar:2.18.1]
	at org.apache.maven.surefire.junit4.JUnit4Provider.invoke(JUnit4Provider.java:128) [surefire-junit4-2.18.1.jar:2.18.1]
	at org.apache.maven.surefire.booter.ForkedBooter.invokeProviderInSameClassLoader(ForkedBooter.java:203) [surefire-booter-2.18.1.jar:2.18.1]
	at org.apache.maven.surefire.booter.ForkedBooter.runSuitesInProcess(ForkedBooter.java:155) [surefire-booter-2.18.1.jar:2.18.1]
	at org.apache.maven.surefire.booter.ForkedBooter.main(ForkedBooter.java:103) [surefire-booter-2.18.1.jar:2.18.1]
Caused by: org.springframework.beans.factory.BeanCreationException: Error creating bean with name 'aerospikeTemplate' defined in org.springframework.data.aerospike.repository.TestConfigPerson: Bean instantiation via factory method failed; nested exception is org.springframework.beans.BeanInstantiationException: Failed to instantiate [org.springframework.data.aerospike.core.AerospikeTemplate]: Factory method 'aerospikeTemplate' threw exception; nested exception is com.aerospike.helper.query.ClusterRefreshError: Cannot find UDF modules
	at org.springframework.beans.factory.support.ConstructorResolver.instantiateUsingFactoryMethod(ConstructorResolver.java:599) ~[spring-beans-4.1.7.RELEASE.jar:4.1.7.RELEASE]
	at org.springframework.beans.factory.support.AbstractAutowireCapableBeanFactory.instantiateUsingFactoryMethod(AbstractAutowireCapableBeanFactory.java:1119) ~[spring-beans-4.1.7.RELEASE.jar:4.1.7.RELEASE]
	at org.springframework.beans.factory.support.AbstractAutowireCapableBeanFactory.createBeanInstance(AbstractAutowireCapableBeanFactory.java:1014) ~[spring-beans-4.1.7.RELEASE.jar:4.1.7.RELEASE]
	at org.springframework.beans.factory.support.AbstractAutowireCapableBeanFactory.doCreateBean(AbstractAutowireCapableBeanFactory.java:504) ~[spring-beans-4.1.7.RELEASE.jar:4.1.7.RELEASE]
	at org.springframework.beans.factory.support.AbstractAutowireCapableBeanFactory.createBean(AbstractAutowireCapableBeanFactory.java:476) ~[spring-beans-4.1.7.RELEASE.jar:4.1.7.RELEASE]
	at org.springframework.beans.factory.support.AbstractBeanFactory$1.getObject(AbstractBeanFactory.java:303) ~[spring-beans-4.1.7.RELEASE.jar:4.1.7.RELEASE]
	at org.springframework.beans.factory.support.DefaultSingletonBeanRegistry.getSingleton(DefaultSingletonBeanRegistry.java:230) ~[spring-beans-4.1.7.RELEASE.jar:4.1.7.RELEASE]
	at org.springframework.beans.factory.support.AbstractBeanFactory.doGetBean(AbstractBeanFactory.java:299) ~[spring-beans-4.1.7.RELEASE.jar:4.1.7.RELEASE]
	at org.springframework.beans.factory.support.AbstractBeanFactory.getBean(AbstractBeanFactory.java:194) ~[spring-beans-4.1.7.RELEASE.jar:4.1.7.RELEASE]
	at org.springframework.beans.factory.support.DefaultListableBeanFactory.preInstantiateSingletons(DefaultListableBeanFactory.java:755) ~[spring-beans-4.1.7.RELEASE.jar:4.1.7.RELEASE]
	at org.springframework.context.support.AbstractApplicationContext.finishBeanFactoryInitialization(AbstractApplicationContext.java:757) ~[spring-context-4.1.7.RELEASE.jar:4.1.7.RELEASE]
	at org.springframework.context.support.AbstractApplicationContext.refresh(AbstractApplicationContext.java:480) ~[spring-context-4.1.7.RELEASE.jar:4.1.7.RELEASE]
	at org.springframework.test.context.support.AbstractGenericContextLoader.loadContext(AbstractGenericContextLoader.java:125) ~[spring-test-4.1.7.RELEASE.jar:4.1.7.RELEASE]
	at org.springframework.test.context.support.AbstractGenericContextLoader.loadContext(AbstractGenericContextLoader.java:60) ~[spring-test-4.1.7.RELEASE.jar:4.1.7.RELEASE]
	at org.springframework.test.context.support.AbstractDelegatingSmartContextLoader.delegateLoading(AbstractDelegatingSmartContextLoader.java:109) ~[spring-test-4.1.7.RELEASE.jar:4.1.7.RELEASE]
	at org.springframework.test.context.support.AbstractDelegatingSmartContextLoader.loadContext(AbstractDelegatingSmartContextLoader.java:261) ~[spring-test-4.1.7.RELEASE.jar:4.1.7.RELEASE]
	at org.springframework.test.context.DefaultCacheAwareContextLoaderDelegate.loadContextInternal(DefaultCacheAwareContextLoaderDelegate.java:68) ~[spring-test-4.1.7.RELEASE.jar:4.1.7.RELEASE]
	at org.springframework.test.context.DefaultCacheAwareContextLoaderDelegate.loadContext(DefaultCacheAwareContextLoaderDelegate.java:86) ~[spring-test-4.1.7.RELEASE.jar:4.1.7.RELEASE]
	... 26 common frames omitted
Caused by: org.springframework.beans.BeanInstantiationException: Failed to instantiate [org.springframework.data.aerospike.core.AerospikeTemplate]: Factory method 'aerospikeTemplate' threw exception; nested exception is com.aerospike.helper.query.ClusterRefreshError: Cannot find UDF modules
	at org.springframework.beans.factory.support.SimpleInstantiationStrategy.instantiate(SimpleInstantiationStrategy.java:189) ~[spring-beans-4.1.7.RELEASE.jar:4.1.7.RELEASE]
	at org.springframework.beans.factory.support.ConstructorResolver.instantiateUsingFactoryMethod(ConstructorResolver.java:588) ~[spring-beans-4.1.7.RELEASE.jar:4.1.7.RELEASE]
	... 43 common frames omitted
Caused by: com.aerospike.helper.query.ClusterRefreshError: Cannot find UDF modules
	at com.aerospike.helper.query.QueryEngine.refreshModules(QueryEngine.java:678) ~[classes/:na]
	at com.aerospike.helper.query.QueryEngine.refreshCluster(QueryEngine.java:536) ~[classes/:na]
	at com.aerospike.helper.query.QueryEngine.setClient(QueryEngine.java:129) ~[classes/:na]
	at com.aerospike.helper.query.QueryEngine.<init>(QueryEngine.java:110) ~[classes/:na]
	at org.springframework.data.aerospike.core.AerospikeTemplate.<init>(AerospikeTemplate.java:132) ~[classes/:na]
	at org.springframework.data.aerospike.repository.TestConfigPerson.aerospikeTemplate(TestConfigPerson.java:38) ~[test-classes/:na]
	at org.springframework.data.aerospike.repository.TestConfigPerson$$EnhancerBySpringCGLIB$$3f27a8da.CGLIB$aerospikeTemplate$0(<generated>) ~[spring-core-4.1.7.RELEASE.jar:na]
	at org.springframework.data.aerospike.repository.TestConfigPerson$$EnhancerBySpringCGLIB$$3f27a8da$$FastClassBySpringCGLIB$$38965c5e.invoke(<generated>) ~[spring-core-4.1.7.RELEASE.jar:na]
	at org.springframework.cglib.proxy.MethodProxy.invokeSuper(MethodProxy.java:228) ~[spring-core-4.1.7.RELEASE.jar:4.1.7.RELEASE]
	at org.springframework.context.annotation.ConfigurationClassEnhancer$BeanMethodInterceptor.intercept(ConfigurationClassEnhancer.java:309) ~[spring-context-4.1.7.RELEASE.jar:4.1.7.RELEASE]
	at org.springframework.data.aerospike.repository.TestConfigPerson$$EnhancerBySpringCGLIB$$3f27a8da.aerospikeTemplate(<generated>) ~[spring-core-4.1.7.RELEASE.jar:na]
	at sun.reflect.GeneratedMethodAccessor45.invoke(Unknown Source) ~[na:na]
	at sun.reflect.DelegatingMethodAccessorImpl.invoke(DelegatingMethodAccessorImpl.java:43) ~[na:1.8.0_91]
	at java.lang.reflect.Method.invoke(Method.java:498) ~[na:1.8.0_91]
	at org.springframework.beans.factory.support.SimpleInstantiationStrategy.instantiate(SimpleInstantiationStrategy.java:162) ~[spring-beans-4.1.7.RELEASE.jar:4.1.7.RELEASE]
	... 44 common frames omitted
]]></system-out>
  </testcase>
  <testcase name="findsPersonInAgeRangeCorrectlyOrderByLastname" classname="org.springframework.data.aerospike.repository.PersonRepositoryIntegrationTests" time="0.001">
    <error message="Failed to load ApplicationContext" type="java.lang.IllegalStateException"><![CDATA[java.lang.IllegalStateException: Failed to load ApplicationContext
	at org.springframework.test.context.DefaultCacheAwareContextLoaderDelegate.loadContext(DefaultCacheAwareContextLoaderDelegate.java:94)
	at org.springframework.test.context.DefaultTestContext.getApplicationContext(DefaultTestContext.java:72)
	at org.springframework.test.context.support.DependencyInjectionTestExecutionListener.injectDependencies(DependencyInjectionTestExecutionListener.java:117)
	at org.springframework.test.context.support.DependencyInjectionTestExecutionListener.prepareTestInstance(DependencyInjectionTestExecutionListener.java:83)
	at org.springframework.test.context.TestContextManager.prepareTestInstance(TestContextManager.java:212)
	at org.springframework.test.context.junit4.SpringJUnit4ClassRunner.createTest(SpringJUnit4ClassRunner.java:200)
	at org.springframework.test.context.junit4.SpringJUnit4ClassRunner$1.runReflectiveCall(SpringJUnit4ClassRunner.java:259)
	at org.junit.internal.runners.model.ReflectiveCallable.run(ReflectiveCallable.java:12)
	at org.springframework.test.context.junit4.SpringJUnit4ClassRunner.methodBlock(SpringJUnit4ClassRunner.java:261)
	at org.springframework.test.context.junit4.SpringJUnit4ClassRunner.runChild(SpringJUnit4ClassRunner.java:219)
	at org.springframework.test.context.junit4.SpringJUnit4ClassRunner.runChild(SpringJUnit4ClassRunner.java:83)
	at org.junit.runners.ParentRunner$3.run(ParentRunner.java:290)
	at org.junit.runners.ParentRunner$1.schedule(ParentRunner.java:71)
	at org.junit.runners.ParentRunner.runChildren(ParentRunner.java:288)
	at org.junit.runners.ParentRunner.access$000(ParentRunner.java:58)
	at org.junit.runners.ParentRunner$2.evaluate(ParentRunner.java:268)
	at org.springframework.test.context.junit4.statements.RunBeforeTestClassCallbacks.evaluate(RunBeforeTestClassCallbacks.java:61)
	at org.springframework.test.context.junit4.statements.RunAfterTestClassCallbacks.evaluate(RunAfterTestClassCallbacks.java:68)
	at org.junit.runners.ParentRunner.run(ParentRunner.java:363)
	at org.springframework.test.context.junit4.SpringJUnit4ClassRunner.run(SpringJUnit4ClassRunner.java:163)
	at org.apache.maven.surefire.junit4.JUnit4Provider.execute(JUnit4Provider.java:283)
	at org.apache.maven.surefire.junit4.JUnit4Provider.executeWithRerun(JUnit4Provider.java:173)
	at org.apache.maven.surefire.junit4.JUnit4Provider.executeTestSet(JUnit4Provider.java:153)
	at org.apache.maven.surefire.junit4.JUnit4Provider.invoke(JUnit4Provider.java:128)
	at org.apache.maven.surefire.booter.ForkedBooter.invokeProviderInSameClassLoader(ForkedBooter.java:203)
	at org.apache.maven.surefire.booter.ForkedBooter.runSuitesInProcess(ForkedBooter.java:155)
	at org.apache.maven.surefire.booter.ForkedBooter.main(ForkedBooter.java:103)
Caused by: org.springframework.beans.factory.BeanCreationException: Error creating bean with name 'aerospikeTemplate' defined in org.springframework.data.aerospike.repository.TestConfigPerson: Bean instantiation via factory method failed; nested exception is org.springframework.beans.BeanInstantiationException: Failed to instantiate [org.springframework.data.aerospike.core.AerospikeTemplate]: Factory method 'aerospikeTemplate' threw exception; nested exception is org.springframework.beans.factory.BeanCreationException: Error creating bean with name 'aerospikeClient' defined in org.springframework.data.aerospike.repository.TestConfigPerson: Bean instantiation via factory method failed; nested exception is org.springframework.beans.BeanInstantiationException: Failed to instantiate [com.aerospike.client.AerospikeClient]: Factory method 'aerospikeClient' threw exception; nested exception is com.aerospike.client.AerospikeException$Connection: Error Code 11: Failed to connect to host(s): 
52.41.32.83:3000 Error Code 11: java.net.SocketTimeoutException: connect timed out

	at org.springframework.beans.factory.support.ConstructorResolver.instantiateUsingFactoryMethod(ConstructorResolver.java:599)
	at org.springframework.beans.factory.support.AbstractAutowireCapableBeanFactory.instantiateUsingFactoryMethod(AbstractAutowireCapableBeanFactory.java:1119)
	at org.springframework.beans.factory.support.AbstractAutowireCapableBeanFactory.createBeanInstance(AbstractAutowireCapableBeanFactory.java:1014)
	at org.springframework.beans.factory.support.AbstractAutowireCapableBeanFactory.doCreateBean(AbstractAutowireCapableBeanFactory.java:504)
	at org.springframework.beans.factory.support.AbstractAutowireCapableBeanFactory.createBean(AbstractAutowireCapableBeanFactory.java:476)
	at org.springframework.beans.factory.support.AbstractBeanFactory$1.getObject(AbstractBeanFactory.java:303)
	at org.springframework.beans.factory.support.DefaultSingletonBeanRegistry.getSingleton(DefaultSingletonBeanRegistry.java:230)
	at org.springframework.beans.factory.support.AbstractBeanFactory.doGetBean(AbstractBeanFactory.java:299)
	at org.springframework.beans.factory.support.AbstractBeanFactory.getBean(AbstractBeanFactory.java:194)
	at org.springframework.beans.factory.support.DefaultListableBeanFactory.preInstantiateSingletons(DefaultListableBeanFactory.java:755)
	at org.springframework.context.support.AbstractApplicationContext.finishBeanFactoryInitialization(AbstractApplicationContext.java:757)
	at org.springframework.context.support.AbstractApplicationContext.refresh(AbstractApplicationContext.java:480)
	at org.springframework.test.context.support.AbstractGenericContextLoader.loadContext(AbstractGenericContextLoader.java:125)
	at org.springframework.test.context.support.AbstractGenericContextLoader.loadContext(AbstractGenericContextLoader.java:60)
	at org.springframework.test.context.support.AbstractDelegatingSmartContextLoader.delegateLoading(AbstractDelegatingSmartContextLoader.java:109)
	at org.springframework.test.context.support.AbstractDelegatingSmartContextLoader.loadContext(AbstractDelegatingSmartContextLoader.java:261)
	at org.springframework.test.context.DefaultCacheAwareContextLoaderDelegate.loadContextInternal(DefaultCacheAwareContextLoaderDelegate.java:68)
	at org.springframework.test.context.DefaultCacheAwareContextLoaderDelegate.loadContext(DefaultCacheAwareContextLoaderDelegate.java:86)
	at org.springframework.test.context.DefaultTestContext.getApplicationContext(DefaultTestContext.java:72)
	at org.springframework.test.context.support.DependencyInjectionTestExecutionListener.injectDependencies(DependencyInjectionTestExecutionListener.java:117)
	at org.springframework.test.context.support.DependencyInjectionTestExecutionListener.prepareTestInstance(DependencyInjectionTestExecutionListener.java:83)
	at org.springframework.test.context.TestContextManager.prepareTestInstance(TestContextManager.java:212)
	at org.springframework.test.context.junit4.SpringJUnit4ClassRunner.createTest(SpringJUnit4ClassRunner.java:200)
	at org.springframework.test.context.junit4.SpringJUnit4ClassRunner$1.runReflectiveCall(SpringJUnit4ClassRunner.java:259)
	at org.junit.internal.runners.model.ReflectiveCallable.run(ReflectiveCallable.java:12)
	at org.springframework.test.context.junit4.SpringJUnit4ClassRunner.methodBlock(SpringJUnit4ClassRunner.java:261)
	at org.springframework.test.context.junit4.SpringJUnit4ClassRunner.runChild(SpringJUnit4ClassRunner.java:219)
	at org.springframework.test.context.junit4.SpringJUnit4ClassRunner.runChild(SpringJUnit4ClassRunner.java:83)
	at org.junit.runners.ParentRunner$3.run(ParentRunner.java:290)
	at org.junit.runners.ParentRunner$1.schedule(ParentRunner.java:71)
	at org.junit.runners.ParentRunner.runChildren(ParentRunner.java:288)
	at org.junit.runners.ParentRunner.access$000(ParentRunner.java:58)
	at org.junit.runners.ParentRunner$2.evaluate(ParentRunner.java:268)
	at org.springframework.test.context.junit4.statements.RunBeforeTestClassCallbacks.evaluate(RunBeforeTestClassCallbacks.java:61)
	at org.springframework.test.context.junit4.statements.RunAfterTestClassCallbacks.evaluate(RunAfterTestClassCallbacks.java:68)
	at org.junit.runners.ParentRunner.run(ParentRunner.java:363)
	at org.springframework.test.context.junit4.SpringJUnit4ClassRunner.run(SpringJUnit4ClassRunner.java:163)
	at org.apache.maven.surefire.junit4.JUnit4Provider.execute(JUnit4Provider.java:283)
	at org.apache.maven.surefire.junit4.JUnit4Provider.executeWithRerun(JUnit4Provider.java:173)
	at org.apache.maven.surefire.junit4.JUnit4Provider.executeTestSet(JUnit4Provider.java:153)
	at org.apache.maven.surefire.junit4.JUnit4Provider.invoke(JUnit4Provider.java:128)
	at org.apache.maven.surefire.booter.ForkedBooter.invokeProviderInSameClassLoader(ForkedBooter.java:203)
	at org.apache.maven.surefire.booter.ForkedBooter.runSuitesInProcess(ForkedBooter.java:155)
	at org.apache.maven.surefire.booter.ForkedBooter.main(ForkedBooter.java:103)
Caused by: org.springframework.beans.BeanInstantiationException: Failed to instantiate [org.springframework.data.aerospike.core.AerospikeTemplate]: Factory method 'aerospikeTemplate' threw exception; nested exception is org.springframework.beans.factory.BeanCreationException: Error creating bean with name 'aerospikeClient' defined in org.springframework.data.aerospike.repository.TestConfigPerson: Bean instantiation via factory method failed; nested exception is org.springframework.beans.BeanInstantiationException: Failed to instantiate [com.aerospike.client.AerospikeClient]: Factory method 'aerospikeClient' threw exception; nested exception is com.aerospike.client.AerospikeException$Connection: Error Code 11: Failed to connect to host(s): 
52.41.32.83:3000 Error Code 11: java.net.SocketTimeoutException: connect timed out

	at org.springframework.beans.factory.support.SimpleInstantiationStrategy.instantiate(SimpleInstantiationStrategy.java:189)
	at org.springframework.beans.factory.support.ConstructorResolver.instantiateUsingFactoryMethod(ConstructorResolver.java:588)
	at org.springframework.beans.factory.support.AbstractAutowireCapableBeanFactory.instantiateUsingFactoryMethod(AbstractAutowireCapableBeanFactory.java:1119)
	at org.springframework.beans.factory.support.AbstractAutowireCapableBeanFactory.createBeanInstance(AbstractAutowireCapableBeanFactory.java:1014)
	at org.springframework.beans.factory.support.AbstractAutowireCapableBeanFactory.doCreateBean(AbstractAutowireCapableBeanFactory.java:504)
	at org.springframework.beans.factory.support.AbstractAutowireCapableBeanFactory.createBean(AbstractAutowireCapableBeanFactory.java:476)
	at org.springframework.beans.factory.support.AbstractBeanFactory$1.getObject(AbstractBeanFactory.java:303)
	at org.springframework.beans.factory.support.DefaultSingletonBeanRegistry.getSingleton(DefaultSingletonBeanRegistry.java:230)
	at org.springframework.beans.factory.support.AbstractBeanFactory.doGetBean(AbstractBeanFactory.java:299)
	at org.springframework.beans.factory.support.AbstractBeanFactory.getBean(AbstractBeanFactory.java:194)
	at org.springframework.beans.factory.support.DefaultListableBeanFactory.preInstantiateSingletons(DefaultListableBeanFactory.java:755)
	at org.springframework.context.support.AbstractApplicationContext.finishBeanFactoryInitialization(AbstractApplicationContext.java:757)
	at org.springframework.context.support.AbstractApplicationContext.refresh(AbstractApplicationContext.java:480)
	at org.springframework.test.context.support.AbstractGenericContextLoader.loadContext(AbstractGenericContextLoader.java:125)
	at org.springframework.test.context.support.AbstractGenericContextLoader.loadContext(AbstractGenericContextLoader.java:60)
	at org.springframework.test.context.support.AbstractDelegatingSmartContextLoader.delegateLoading(AbstractDelegatingSmartContextLoader.java:109)
	at org.springframework.test.context.support.AbstractDelegatingSmartContextLoader.loadContext(AbstractDelegatingSmartContextLoader.java:261)
	at org.springframework.test.context.DefaultCacheAwareContextLoaderDelegate.loadContextInternal(DefaultCacheAwareContextLoaderDelegate.java:68)
	at org.springframework.test.context.DefaultCacheAwareContextLoaderDelegate.loadContext(DefaultCacheAwareContextLoaderDelegate.java:86)
	at org.springframework.test.context.DefaultTestContext.getApplicationContext(DefaultTestContext.java:72)
	at org.springframework.test.context.support.DependencyInjectionTestExecutionListener.injectDependencies(DependencyInjectionTestExecutionListener.java:117)
	at org.springframework.test.context.support.DependencyInjectionTestExecutionListener.prepareTestInstance(DependencyInjectionTestExecutionListener.java:83)
	at org.springframework.test.context.TestContextManager.prepareTestInstance(TestContextManager.java:212)
	at org.springframework.test.context.junit4.SpringJUnit4ClassRunner.createTest(SpringJUnit4ClassRunner.java:200)
	at org.springframework.test.context.junit4.SpringJUnit4ClassRunner$1.runReflectiveCall(SpringJUnit4ClassRunner.java:259)
	at org.junit.internal.runners.model.ReflectiveCallable.run(ReflectiveCallable.java:12)
	at org.springframework.test.context.junit4.SpringJUnit4ClassRunner.methodBlock(SpringJUnit4ClassRunner.java:261)
	at org.springframework.test.context.junit4.SpringJUnit4ClassRunner.runChild(SpringJUnit4ClassRunner.java:219)
	at org.springframework.test.context.junit4.SpringJUnit4ClassRunner.runChild(SpringJUnit4ClassRunner.java:83)
	at org.junit.runners.ParentRunner$3.run(ParentRunner.java:290)
	at org.junit.runners.ParentRunner$1.schedule(ParentRunner.java:71)
	at org.junit.runners.ParentRunner.runChildren(ParentRunner.java:288)
	at org.junit.runners.ParentRunner.access$000(ParentRunner.java:58)
	at org.junit.runners.ParentRunner$2.evaluate(ParentRunner.java:268)
	at org.springframework.test.context.junit4.statements.RunBeforeTestClassCallbacks.evaluate(RunBeforeTestClassCallbacks.java:61)
	at org.springframework.test.context.junit4.statements.RunAfterTestClassCallbacks.evaluate(RunAfterTestClassCallbacks.java:68)
	at org.junit.runners.ParentRunner.run(ParentRunner.java:363)
	at org.springframework.test.context.junit4.SpringJUnit4ClassRunner.run(SpringJUnit4ClassRunner.java:163)
	at org.apache.maven.surefire.junit4.JUnit4Provider.execute(JUnit4Provider.java:283)
	at org.apache.maven.surefire.junit4.JUnit4Provider.executeWithRerun(JUnit4Provider.java:173)
	at org.apache.maven.surefire.junit4.JUnit4Provider.executeTestSet(JUnit4Provider.java:153)
	at org.apache.maven.surefire.junit4.JUnit4Provider.invoke(JUnit4Provider.java:128)
	at org.apache.maven.surefire.booter.ForkedBooter.invokeProviderInSameClassLoader(ForkedBooter.java:203)
	at org.apache.maven.surefire.booter.ForkedBooter.runSuitesInProcess(ForkedBooter.java:155)
	at org.apache.maven.surefire.booter.ForkedBooter.main(ForkedBooter.java:103)
Caused by: org.springframework.beans.factory.BeanCreationException: Error creating bean with name 'aerospikeClient' defined in org.springframework.data.aerospike.repository.TestConfigPerson: Bean instantiation via factory method failed; nested exception is org.springframework.beans.BeanInstantiationException: Failed to instantiate [com.aerospike.client.AerospikeClient]: Factory method 'aerospikeClient' threw exception; nested exception is com.aerospike.client.AerospikeException$Connection: Error Code 11: Failed to connect to host(s): 
52.41.32.83:3000 Error Code 11: java.net.SocketTimeoutException: connect timed out

	at org.springframework.beans.factory.support.ConstructorResolver.instantiateUsingFactoryMethod(ConstructorResolver.java:599)
	at org.springframework.beans.factory.support.AbstractAutowireCapableBeanFactory.instantiateUsingFactoryMethod(AbstractAutowireCapableBeanFactory.java:1119)
	at org.springframework.beans.factory.support.AbstractAutowireCapableBeanFactory.createBeanInstance(AbstractAutowireCapableBeanFactory.java:1014)
	at org.springframework.beans.factory.support.AbstractAutowireCapableBeanFactory.doCreateBean(AbstractAutowireCapableBeanFactory.java:504)
	at org.springframework.beans.factory.support.AbstractAutowireCapableBeanFactory.createBean(AbstractAutowireCapableBeanFactory.java:476)
	at org.springframework.beans.factory.support.AbstractBeanFactory$1.getObject(AbstractBeanFactory.java:303)
	at org.springframework.beans.factory.support.DefaultSingletonBeanRegistry.getSingleton(DefaultSingletonBeanRegistry.java:230)
	at org.springframework.beans.factory.support.AbstractBeanFactory.doGetBean(AbstractBeanFactory.java:299)
	at org.springframework.beans.factory.support.AbstractBeanFactory.getBean(AbstractBeanFactory.java:194)
	at org.springframework.context.annotation.ConfigurationClassEnhancer$BeanMethodInterceptor.intercept(ConfigurationClassEnhancer.java:322)
	at org.springframework.data.aerospike.repository.TestConfigPerson$$EnhancerBySpringCGLIB$$3f27a8da.aerospikeClient(<generated>)
	at org.springframework.data.aerospike.repository.TestConfigPerson.aerospikeTemplate(TestConfigPerson.java:38)
	at org.springframework.data.aerospike.repository.TestConfigPerson$$EnhancerBySpringCGLIB$$3f27a8da.CGLIB$aerospikeTemplate$0(<generated>)
	at org.springframework.data.aerospike.repository.TestConfigPerson$$EnhancerBySpringCGLIB$$3f27a8da$$FastClassBySpringCGLIB$$38965c5e.invoke(<generated>)
	at org.springframework.cglib.proxy.MethodProxy.invokeSuper(MethodProxy.java:228)
	at org.springframework.context.annotation.ConfigurationClassEnhancer$BeanMethodInterceptor.intercept(ConfigurationClassEnhancer.java:309)
	at org.springframework.data.aerospike.repository.TestConfigPerson$$EnhancerBySpringCGLIB$$3f27a8da.aerospikeTemplate(<generated>)
	at sun.reflect.GeneratedMethodAccessor45.invoke(Unknown Source)
	at sun.reflect.DelegatingMethodAccessorImpl.invoke(DelegatingMethodAccessorImpl.java:43)
	at java.lang.reflect.Method.invoke(Method.java:498)
	at org.springframework.beans.factory.support.SimpleInstantiationStrategy.instantiate(SimpleInstantiationStrategy.java:162)
	at org.springframework.beans.factory.support.ConstructorResolver.instantiateUsingFactoryMethod(ConstructorResolver.java:588)
	at org.springframework.beans.factory.support.AbstractAutowireCapableBeanFactory.instantiateUsingFactoryMethod(AbstractAutowireCapableBeanFactory.java:1119)
	at org.springframework.beans.factory.support.AbstractAutowireCapableBeanFactory.createBeanInstance(AbstractAutowireCapableBeanFactory.java:1014)
	at org.springframework.beans.factory.support.AbstractAutowireCapableBeanFactory.doCreateBean(AbstractAutowireCapableBeanFactory.java:504)
	at org.springframework.beans.factory.support.AbstractAutowireCapableBeanFactory.createBean(AbstractAutowireCapableBeanFactory.java:476)
	at org.springframework.beans.factory.support.AbstractBeanFactory$1.getObject(AbstractBeanFactory.java:303)
	at org.springframework.beans.factory.support.DefaultSingletonBeanRegistry.getSingleton(DefaultSingletonBeanRegistry.java:230)
	at org.springframework.beans.factory.support.AbstractBeanFactory.doGetBean(AbstractBeanFactory.java:299)
	at org.springframework.beans.factory.support.AbstractBeanFactory.getBean(AbstractBeanFactory.java:194)
	at org.springframework.beans.factory.support.DefaultListableBeanFactory.preInstantiateSingletons(DefaultListableBeanFactory.java:755)
	at org.springframework.context.support.AbstractApplicationContext.finishBeanFactoryInitialization(AbstractApplicationContext.java:757)
	at org.springframework.context.support.AbstractApplicationContext.refresh(AbstractApplicationContext.java:480)
	at org.springframework.test.context.support.AbstractGenericContextLoader.loadContext(AbstractGenericContextLoader.java:125)
	at org.springframework.test.context.support.AbstractGenericContextLoader.loadContext(AbstractGenericContextLoader.java:60)
	at org.springframework.test.context.support.AbstractDelegatingSmartContextLoader.delegateLoading(AbstractDelegatingSmartContextLoader.java:109)
	at org.springframework.test.context.support.AbstractDelegatingSmartContextLoader.loadContext(AbstractDelegatingSmartContextLoader.java:261)
	at org.springframework.test.context.DefaultCacheAwareContextLoaderDelegate.loadContextInternal(DefaultCacheAwareContextLoaderDelegate.java:68)
	at org.springframework.test.context.DefaultCacheAwareContextLoaderDelegate.loadContext(DefaultCacheAwareContextLoaderDelegate.java:86)
	at org.springframework.test.context.DefaultTestContext.getApplicationContext(DefaultTestContext.java:72)
	at org.springframework.test.context.support.DependencyInjectionTestExecutionListener.injectDependencies(DependencyInjectionTestExecutionListener.java:117)
	at org.springframework.test.context.support.DependencyInjectionTestExecutionListener.prepareTestInstance(DependencyInjectionTestExecutionListener.java:83)
	at org.springframework.test.context.TestContextManager.prepareTestInstance(TestContextManager.java:212)
	at org.springframework.test.context.junit4.SpringJUnit4ClassRunner.createTest(SpringJUnit4ClassRunner.java:200)
	at org.springframework.test.context.junit4.SpringJUnit4ClassRunner$1.runReflectiveCall(SpringJUnit4ClassRunner.java:259)
	at org.junit.internal.runners.model.ReflectiveCallable.run(ReflectiveCallable.java:12)
	at org.springframework.test.context.junit4.SpringJUnit4ClassRunner.methodBlock(SpringJUnit4ClassRunner.java:261)
	at org.springframework.test.context.junit4.SpringJUnit4ClassRunner.runChild(SpringJUnit4ClassRunner.java:219)
	at org.springframework.test.context.junit4.SpringJUnit4ClassRunner.runChild(SpringJUnit4ClassRunner.java:83)
	at org.junit.runners.ParentRunner$3.run(ParentRunner.java:290)
	at org.junit.runners.ParentRunner$1.schedule(ParentRunner.java:71)
	at org.junit.runners.ParentRunner.runChildren(ParentRunner.java:288)
	at org.junit.runners.ParentRunner.access$000(ParentRunner.java:58)
	at org.junit.runners.ParentRunner$2.evaluate(ParentRunner.java:268)
	at org.springframework.test.context.junit4.statements.RunBeforeTestClassCallbacks.evaluate(RunBeforeTestClassCallbacks.java:61)
	at org.springframework.test.context.junit4.statements.RunAfterTestClassCallbacks.evaluate(RunAfterTestClassCallbacks.java:68)
	at org.junit.runners.ParentRunner.run(ParentRunner.java:363)
	at org.springframework.test.context.junit4.SpringJUnit4ClassRunner.run(SpringJUnit4ClassRunner.java:163)
	at org.apache.maven.surefire.junit4.JUnit4Provider.execute(JUnit4Provider.java:283)
	at org.apache.maven.surefire.junit4.JUnit4Provider.executeWithRerun(JUnit4Provider.java:173)
	at org.apache.maven.surefire.junit4.JUnit4Provider.executeTestSet(JUnit4Provider.java:153)
	at org.apache.maven.surefire.junit4.JUnit4Provider.invoke(JUnit4Provider.java:128)
	at org.apache.maven.surefire.booter.ForkedBooter.invokeProviderInSameClassLoader(ForkedBooter.java:203)
	at org.apache.maven.surefire.booter.ForkedBooter.runSuitesInProcess(ForkedBooter.java:155)
	at org.apache.maven.surefire.booter.ForkedBooter.main(ForkedBooter.java:103)
Caused by: org.springframework.beans.BeanInstantiationException: Failed to instantiate [com.aerospike.client.AerospikeClient]: Factory method 'aerospikeClient' threw exception; nested exception is com.aerospike.client.AerospikeException$Connection: Error Code 11: Failed to connect to host(s): 
52.41.32.83:3000 Error Code 11: java.net.SocketTimeoutException: connect timed out

	at org.springframework.beans.factory.support.SimpleInstantiationStrategy.instantiate(SimpleInstantiationStrategy.java:189)
	at org.springframework.beans.factory.support.ConstructorResolver.instantiateUsingFactoryMethod(ConstructorResolver.java:588)
	at org.springframework.beans.factory.support.AbstractAutowireCapableBeanFactory.instantiateUsingFactoryMethod(AbstractAutowireCapableBeanFactory.java:1119)
	at org.springframework.beans.factory.support.AbstractAutowireCapableBeanFactory.createBeanInstance(AbstractAutowireCapableBeanFactory.java:1014)
	at org.springframework.beans.factory.support.AbstractAutowireCapableBeanFactory.doCreateBean(AbstractAutowireCapableBeanFactory.java:504)
	at org.springframework.beans.factory.support.AbstractAutowireCapableBeanFactory.createBean(AbstractAutowireCapableBeanFactory.java:476)
	at org.springframework.beans.factory.support.AbstractBeanFactory$1.getObject(AbstractBeanFactory.java:303)
	at org.springframework.beans.factory.support.DefaultSingletonBeanRegistry.getSingleton(DefaultSingletonBeanRegistry.java:230)
	at org.springframework.beans.factory.support.AbstractBeanFactory.doGetBean(AbstractBeanFactory.java:299)
	at org.springframework.beans.factory.support.AbstractBeanFactory.getBean(AbstractBeanFactory.java:194)
	at org.springframework.context.annotation.ConfigurationClassEnhancer$BeanMethodInterceptor.intercept(ConfigurationClassEnhancer.java:322)
	at org.springframework.data.aerospike.repository.TestConfigPerson$$EnhancerBySpringCGLIB$$3f27a8da.aerospikeClient(<generated>)
	at org.springframework.data.aerospike.repository.TestConfigPerson.aerospikeTemplate(TestConfigPerson.java:38)
	at org.springframework.data.aerospike.repository.TestConfigPerson$$EnhancerBySpringCGLIB$$3f27a8da.CGLIB$aerospikeTemplate$0(<generated>)
	at org.springframework.data.aerospike.repository.TestConfigPerson$$EnhancerBySpringCGLIB$$3f27a8da$$FastClassBySpringCGLIB$$38965c5e.invoke(<generated>)
	at org.springframework.cglib.proxy.MethodProxy.invokeSuper(MethodProxy.java:228)
	at org.springframework.context.annotation.ConfigurationClassEnhancer$BeanMethodInterceptor.intercept(ConfigurationClassEnhancer.java:309)
	at org.springframework.data.aerospike.repository.TestConfigPerson$$EnhancerBySpringCGLIB$$3f27a8da.aerospikeTemplate(<generated>)
	at sun.reflect.GeneratedMethodAccessor45.invoke(Unknown Source)
	at sun.reflect.DelegatingMethodAccessorImpl.invoke(DelegatingMethodAccessorImpl.java:43)
	at java.lang.reflect.Method.invoke(Method.java:498)
	at org.springframework.beans.factory.support.SimpleInstantiationStrategy.instantiate(SimpleInstantiationStrategy.java:162)
	at org.springframework.beans.factory.support.ConstructorResolver.instantiateUsingFactoryMethod(ConstructorResolver.java:588)
	at org.springframework.beans.factory.support.AbstractAutowireCapableBeanFactory.instantiateUsingFactoryMethod(AbstractAutowireCapableBeanFactory.java:1119)
	at org.springframework.beans.factory.support.AbstractAutowireCapableBeanFactory.createBeanInstance(AbstractAutowireCapableBeanFactory.java:1014)
	at org.springframework.beans.factory.support.AbstractAutowireCapableBeanFactory.doCreateBean(AbstractAutowireCapableBeanFactory.java:504)
	at org.springframework.beans.factory.support.AbstractAutowireCapableBeanFactory.createBean(AbstractAutowireCapableBeanFactory.java:476)
	at org.springframework.beans.factory.support.AbstractBeanFactory$1.getObject(AbstractBeanFactory.java:303)
	at org.springframework.beans.factory.support.DefaultSingletonBeanRegistry.getSingleton(DefaultSingletonBeanRegistry.java:230)
	at org.springframework.beans.factory.support.AbstractBeanFactory.doGetBean(AbstractBeanFactory.java:299)
	at org.springframework.beans.factory.support.AbstractBeanFactory.getBean(AbstractBeanFactory.java:194)
	at org.springframework.beans.factory.support.DefaultListableBeanFactory.preInstantiateSingletons(DefaultListableBeanFactory.java:755)
	at org.springframework.context.support.AbstractApplicationContext.finishBeanFactoryInitialization(AbstractApplicationContext.java:757)
	at org.springframework.context.support.AbstractApplicationContext.refresh(AbstractApplicationContext.java:480)
	at org.springframework.test.context.support.AbstractGenericContextLoader.loadContext(AbstractGenericContextLoader.java:125)
	at org.springframework.test.context.support.AbstractGenericContextLoader.loadContext(AbstractGenericContextLoader.java:60)
	at org.springframework.test.context.support.AbstractDelegatingSmartContextLoader.delegateLoading(AbstractDelegatingSmartContextLoader.java:109)
	at org.springframework.test.context.support.AbstractDelegatingSmartContextLoader.loadContext(AbstractDelegatingSmartContextLoader.java:261)
	at org.springframework.test.context.DefaultCacheAwareContextLoaderDelegate.loadContextInternal(DefaultCacheAwareContextLoaderDelegate.java:68)
	at org.springframework.test.context.DefaultCacheAwareContextLoaderDelegate.loadContext(DefaultCacheAwareContextLoaderDelegate.java:86)
	at org.springframework.test.context.DefaultTestContext.getApplicationContext(DefaultTestContext.java:72)
	at org.springframework.test.context.support.DependencyInjectionTestExecutionListener.injectDependencies(DependencyInjectionTestExecutionListener.java:117)
	at org.springframework.test.context.support.DependencyInjectionTestExecutionListener.prepareTestInstance(DependencyInjectionTestExecutionListener.java:83)
	at org.springframework.test.context.TestContextManager.prepareTestInstance(TestContextManager.java:212)
	at org.springframework.test.context.junit4.SpringJUnit4ClassRunner.createTest(SpringJUnit4ClassRunner.java:200)
	at org.springframework.test.context.junit4.SpringJUnit4ClassRunner$1.runReflectiveCall(SpringJUnit4ClassRunner.java:259)
	at org.junit.internal.runners.model.ReflectiveCallable.run(ReflectiveCallable.java:12)
	at org.springframework.test.context.junit4.SpringJUnit4ClassRunner.methodBlock(SpringJUnit4ClassRunner.java:261)
	at org.springframework.test.context.junit4.SpringJUnit4ClassRunner.runChild(SpringJUnit4ClassRunner.java:219)
	at org.springframework.test.context.junit4.SpringJUnit4ClassRunner.runChild(SpringJUnit4ClassRunner.java:83)
	at org.junit.runners.ParentRunner$3.run(ParentRunner.java:290)
	at org.junit.runners.ParentRunner$1.schedule(ParentRunner.java:71)
	at org.junit.runners.ParentRunner.runChildren(ParentRunner.java:288)
	at org.junit.runners.ParentRunner.access$000(ParentRunner.java:58)
	at org.junit.runners.ParentRunner$2.evaluate(ParentRunner.java:268)
	at org.springframework.test.context.junit4.statements.RunBeforeTestClassCallbacks.evaluate(RunBeforeTestClassCallbacks.java:61)
	at org.springframework.test.context.junit4.statements.RunAfterTestClassCallbacks.evaluate(RunAfterTestClassCallbacks.java:68)
	at org.junit.runners.ParentRunner.run(ParentRunner.java:363)
	at org.springframework.test.context.junit4.SpringJUnit4ClassRunner.run(SpringJUnit4ClassRunner.java:163)
	at org.apache.maven.surefire.junit4.JUnit4Provider.execute(JUnit4Provider.java:283)
	at org.apache.maven.surefire.junit4.JUnit4Provider.executeWithRerun(JUnit4Provider.java:173)
	at org.apache.maven.surefire.junit4.JUnit4Provider.executeTestSet(JUnit4Provider.java:153)
	at org.apache.maven.surefire.junit4.JUnit4Provider.invoke(JUnit4Provider.java:128)
	at org.apache.maven.surefire.booter.ForkedBooter.invokeProviderInSameClassLoader(ForkedBooter.java:203)
	at org.apache.maven.surefire.booter.ForkedBooter.runSuitesInProcess(ForkedBooter.java:155)
	at org.apache.maven.surefire.booter.ForkedBooter.main(ForkedBooter.java:103)
Caused by: com.aerospike.client.AerospikeException$Connection: Error Code 11: Failed to connect to host(s): 
52.41.32.83:3000 Error Code 11: java.net.SocketTimeoutException: connect timed out

	at com.aerospike.client.cluster.Cluster.seedNodes(Cluster.java:386)
	at com.aerospike.client.cluster.Cluster.tend(Cluster.java:273)
	at com.aerospike.client.cluster.Cluster.waitTillStabilized(Cluster.java:238)
	at com.aerospike.client.cluster.Cluster.initTendThread(Cluster.java:148)
	at com.aerospike.client.AerospikeClient.<init>(AerospikeClient.java:209)
	at com.aerospike.client.AerospikeClient.<init>(AerospikeClient.java:173)
	at org.springframework.data.aerospike.repository.TestConfigPerson.aerospikeClient(TestConfigPerson.java:32)
	at org.springframework.data.aerospike.repository.TestConfigPerson$$EnhancerBySpringCGLIB$$3f27a8da.CGLIB$aerospikeClient$1(<generated>)
	at org.springframework.data.aerospike.repository.TestConfigPerson$$EnhancerBySpringCGLIB$$3f27a8da$$FastClassBySpringCGLIB$$38965c5e.invoke(<generated>)
	at org.springframework.cglib.proxy.MethodProxy.invokeSuper(MethodProxy.java:228)
	at org.springframework.context.annotation.ConfigurationClassEnhancer$BeanMethodInterceptor.intercept(ConfigurationClassEnhancer.java:309)
	at org.springframework.data.aerospike.repository.TestConfigPerson$$EnhancerBySpringCGLIB$$3f27a8da.aerospikeClient(<generated>)
	at sun.reflect.GeneratedMethodAccessor46.invoke(Unknown Source)
	at sun.reflect.DelegatingMethodAccessorImpl.invoke(DelegatingMethodAccessorImpl.java:43)
	at java.lang.reflect.Method.invoke(Method.java:498)
	at org.springframework.beans.factory.support.SimpleInstantiationStrategy.instantiate(SimpleInstantiationStrategy.java:162)
	at org.springframework.beans.factory.support.ConstructorResolver.instantiateUsingFactoryMethod(ConstructorResolver.java:588)
	at org.springframework.beans.factory.support.AbstractAutowireCapableBeanFactory.instantiateUsingFactoryMethod(AbstractAutowireCapableBeanFactory.java:1119)
	at org.springframework.beans.factory.support.AbstractAutowireCapableBeanFactory.createBeanInstance(AbstractAutowireCapableBeanFactory.java:1014)
	at org.springframework.beans.factory.support.AbstractAutowireCapableBeanFactory.doCreateBean(AbstractAutowireCapableBeanFactory.java:504)
	at org.springframework.beans.factory.support.AbstractAutowireCapableBeanFactory.createBean(AbstractAutowireCapableBeanFactory.java:476)
	at org.springframework.beans.factory.support.AbstractBeanFactory$1.getObject(AbstractBeanFactory.java:303)
	at org.springframework.beans.factory.support.DefaultSingletonBeanRegistry.getSingleton(DefaultSingletonBeanRegistry.java:230)
	at org.springframework.beans.factory.support.AbstractBeanFactory.doGetBean(AbstractBeanFactory.java:299)
	at org.springframework.beans.factory.support.AbstractBeanFactory.getBean(AbstractBeanFactory.java:194)
	at org.springframework.context.annotation.ConfigurationClassEnhancer$BeanMethodInterceptor.intercept(ConfigurationClassEnhancer.java:322)
	at org.springframework.data.aerospike.repository.TestConfigPerson$$EnhancerBySpringCGLIB$$3f27a8da.aerospikeClient(<generated>)
	at org.springframework.data.aerospike.repository.TestConfigPerson.aerospikeTemplate(TestConfigPerson.java:38)
	at org.springframework.data.aerospike.repository.TestConfigPerson$$EnhancerBySpringCGLIB$$3f27a8da.CGLIB$aerospikeTemplate$0(<generated>)
	at org.springframework.data.aerospike.repository.TestConfigPerson$$EnhancerBySpringCGLIB$$3f27a8da$$FastClassBySpringCGLIB$$38965c5e.invoke(<generated>)
	at org.springframework.cglib.proxy.MethodProxy.invokeSuper(MethodProxy.java:228)
	at org.springframework.context.annotation.ConfigurationClassEnhancer$BeanMethodInterceptor.intercept(ConfigurationClassEnhancer.java:309)
	at org.springframework.data.aerospike.repository.TestConfigPerson$$EnhancerBySpringCGLIB$$3f27a8da.aerospikeTemplate(<generated>)
	at sun.reflect.GeneratedMethodAccessor45.invoke(Unknown Source)
	at sun.reflect.DelegatingMethodAccessorImpl.invoke(DelegatingMethodAccessorImpl.java:43)
	at java.lang.reflect.Method.invoke(Method.java:498)
	at org.springframework.beans.factory.support.SimpleInstantiationStrategy.instantiate(SimpleInstantiationStrategy.java:162)
	at org.springframework.beans.factory.support.ConstructorResolver.instantiateUsingFactoryMethod(ConstructorResolver.java:588)
	at org.springframework.beans.factory.support.AbstractAutowireCapableBeanFactory.instantiateUsingFactoryMethod(AbstractAutowireCapableBeanFactory.java:1119)
	at org.springframework.beans.factory.support.AbstractAutowireCapableBeanFactory.createBeanInstance(AbstractAutowireCapableBeanFactory.java:1014)
	at org.springframework.beans.factory.support.AbstractAutowireCapableBeanFactory.doCreateBean(AbstractAutowireCapableBeanFactory.java:504)
	at org.springframework.beans.factory.support.AbstractAutowireCapableBeanFactory.createBean(AbstractAutowireCapableBeanFactory.java:476)
	at org.springframework.beans.factory.support.AbstractBeanFactory$1.getObject(AbstractBeanFactory.java:303)
	at org.springframework.beans.factory.support.DefaultSingletonBeanRegistry.getSingleton(DefaultSingletonBeanRegistry.java:230)
	at org.springframework.beans.factory.support.AbstractBeanFactory.doGetBean(AbstractBeanFactory.java:299)
	at org.springframework.beans.factory.support.AbstractBeanFactory.getBean(AbstractBeanFactory.java:194)
	at org.springframework.beans.factory.support.DefaultListableBeanFactory.preInstantiateSingletons(DefaultListableBeanFactory.java:755)
	at org.springframework.context.support.AbstractApplicationContext.finishBeanFactoryInitialization(AbstractApplicationContext.java:757)
	at org.springframework.context.support.AbstractApplicationContext.refresh(AbstractApplicationContext.java:480)
	at org.springframework.test.context.support.AbstractGenericContextLoader.loadContext(AbstractGenericContextLoader.java:125)
	at org.springframework.test.context.support.AbstractGenericContextLoader.loadContext(AbstractGenericContextLoader.java:60)
	at org.springframework.test.context.support.AbstractDelegatingSmartContextLoader.delegateLoading(AbstractDelegatingSmartContextLoader.java:109)
	at org.springframework.test.context.support.AbstractDelegatingSmartContextLoader.loadContext(AbstractDelegatingSmartContextLoader.java:261)
	at org.springframework.test.context.DefaultCacheAwareContextLoaderDelegate.loadContextInternal(DefaultCacheAwareContextLoaderDelegate.java:68)
	at org.springframework.test.context.DefaultCacheAwareContextLoaderDelegate.loadContext(DefaultCacheAwareContextLoaderDelegate.java:86)
	at org.springframework.test.context.DefaultTestContext.getApplicationContext(DefaultTestContext.java:72)
	at org.springframework.test.context.support.DependencyInjectionTestExecutionListener.injectDependencies(DependencyInjectionTestExecutionListener.java:117)
	at org.springframework.test.context.support.DependencyInjectionTestExecutionListener.prepareTestInstance(DependencyInjectionTestExecutionListener.java:83)
	at org.springframework.test.context.TestContextManager.prepareTestInstance(TestContextManager.java:212)
	at org.springframework.test.context.junit4.SpringJUnit4ClassRunner.createTest(SpringJUnit4ClassRunner.java:200)
	at org.springframework.test.context.junit4.SpringJUnit4ClassRunner$1.runReflectiveCall(SpringJUnit4ClassRunner.java:259)
	at org.junit.internal.runners.model.ReflectiveCallable.run(ReflectiveCallable.java:12)
	at org.springframework.test.context.junit4.SpringJUnit4ClassRunner.methodBlock(SpringJUnit4ClassRunner.java:261)
	at org.springframework.test.context.junit4.SpringJUnit4ClassRunner.runChild(SpringJUnit4ClassRunner.java:219)
	at org.springframework.test.context.junit4.SpringJUnit4ClassRunner.runChild(SpringJUnit4ClassRunner.java:83)
	at org.junit.runners.ParentRunner$3.run(ParentRunner.java:290)
	at org.junit.runners.ParentRunner$1.schedule(ParentRunner.java:71)
	at org.junit.runners.ParentRunner.runChildren(ParentRunner.java:288)
	at org.junit.runners.ParentRunner.access$000(ParentRunner.java:58)
	at org.junit.runners.ParentRunner$2.evaluate(ParentRunner.java:268)
	at org.springframework.test.context.junit4.statements.RunBeforeTestClassCallbacks.evaluate(RunBeforeTestClassCallbacks.java:61)
	at org.springframework.test.context.junit4.statements.RunAfterTestClassCallbacks.evaluate(RunAfterTestClassCallbacks.java:68)
	at org.junit.runners.ParentRunner.run(ParentRunner.java:363)
	at org.springframework.test.context.junit4.SpringJUnit4ClassRunner.run(SpringJUnit4ClassRunner.java:163)
	at org.apache.maven.surefire.junit4.JUnit4Provider.execute(JUnit4Provider.java:283)
	at org.apache.maven.surefire.junit4.JUnit4Provider.executeWithRerun(JUnit4Provider.java:173)
	at org.apache.maven.surefire.junit4.JUnit4Provider.executeTestSet(JUnit4Provider.java:153)
	at org.apache.maven.surefire.junit4.JUnit4Provider.invoke(JUnit4Provider.java:128)
	at org.apache.maven.surefire.booter.ForkedBooter.invokeProviderInSameClassLoader(ForkedBooter.java:203)
	at org.apache.maven.surefire.booter.ForkedBooter.runSuitesInProcess(ForkedBooter.java:155)
	at org.apache.maven.surefire.booter.ForkedBooter.main(ForkedBooter.java:103)
]]></error>
    <system-out><![CDATA[16:38:11.731 [main] DEBUG o.s.t.annotation.ProfileValueUtils - Retrieved @ProfileValueSourceConfiguration [null] for test class [org.springframework.data.aerospike.repository.PersonRepositoryIntegrationTests]
16:38:11.731 [main] DEBUG o.s.t.annotation.ProfileValueUtils - Retrieved ProfileValueSource type [class org.springframework.test.annotation.SystemProfileValueSource] for class [org.springframework.data.aerospike.repository.PersonRepositoryIntegrationTests]
16:38:11.731 [main] DEBUG o.s.t.c.s.DependencyInjectionTestExecutionListener - Performing dependency injection for test context [[DefaultTestContext@6c1cfa53 testClass = PersonRepositoryIntegrationTests, testInstance = org.springframework.data.aerospike.repository.PersonRepositoryIntegrationTests@25ffd826, testMethod = [null], testException = [null], mergedContextConfiguration = [MergedContextConfiguration@52b06bef testClass = PersonRepositoryIntegrationTests, locations = '{}', classes = '{class org.springframework.data.aerospike.repository.TestConfigPerson}', contextInitializerClasses = '[]', activeProfiles = '{}', propertySourceLocations = '{}', propertySourceProperties = '{}', contextLoader = 'org.springframework.test.context.support.DelegatingSmartContextLoader', parent = [null]]]].
16:38:11.731 [main] DEBUG o.s.t.c.s.AbstractDelegatingSmartContextLoader - Delegating to AnnotationConfigContextLoader to load context from [MergedContextConfiguration@52b06bef testClass = PersonRepositoryIntegrationTests, locations = '{}', classes = '{class org.springframework.data.aerospike.repository.TestConfigPerson}', contextInitializerClasses = '[]', activeProfiles = '{}', propertySourceLocations = '{}', propertySourceProperties = '{}', contextLoader = 'org.springframework.test.context.support.DelegatingSmartContextLoader', parent = [null]].
16:38:11.731 [main] DEBUG o.s.t.c.s.AbstractGenericContextLoader - Loading ApplicationContext for merged context configuration [[MergedContextConfiguration@52b06bef testClass = PersonRepositoryIntegrationTests, locations = '{}', classes = '{class org.springframework.data.aerospike.repository.TestConfigPerson}', contextInitializerClasses = '[]', activeProfiles = '{}', propertySourceLocations = '{}', propertySourceProperties = '{}', contextLoader = 'org.springframework.test.context.support.DelegatingSmartContextLoader', parent = [null]]].
16:38:11.731 [main] DEBUG o.s.core.env.StandardEnvironment - Adding [systemProperties] PropertySource with lowest search precedence
16:38:11.731 [main] DEBUG o.s.core.env.StandardEnvironment - Adding [systemEnvironment] PropertySource with lowest search precedence
16:38:11.731 [main] DEBUG o.s.core.env.StandardEnvironment - Initialized StandardEnvironment with PropertySources [systemProperties,systemEnvironment]
16:38:11.731 [main] DEBUG o.s.t.c.s.AnnotationConfigContextLoader - Registering annotated classes: {class org.springframework.data.aerospike.repository.TestConfigPerson}
16:38:11.732 [main] INFO  o.s.c.s.GenericApplicationContext - Refreshing org.springframework.context.support.GenericApplicationContext@29896529: startup date [Tue Oct 04 16:38:11 BRT 2016]; root of context hierarchy
16:38:11.732 [main] DEBUG o.s.c.s.GenericApplicationContext - Bean factory for org.springframework.context.support.GenericApplicationContext@29896529: org.springframework.beans.factory.support.DefaultListableBeanFactory@e29f4f6: defining beans [org.springframework.context.annotation.internalConfigurationAnnotationProcessor,org.springframework.context.annotation.internalAutowiredAnnotationProcessor,org.springframework.context.annotation.internalRequiredAnnotationProcessor,org.springframework.context.annotation.internalCommonAnnotationProcessor,testConfigPerson]; root of factory hierarchy
16:38:11.732 [main] DEBUG o.s.b.f.s.DefaultListableBeanFactory - Creating shared instance of singleton bean 'org.springframework.context.annotation.internalConfigurationAnnotationProcessor'
16:38:11.732 [main] DEBUG o.s.b.f.s.DefaultListableBeanFactory - Creating instance of bean 'org.springframework.context.annotation.internalConfigurationAnnotationProcessor'
16:38:11.732 [main] DEBUG o.s.b.f.s.DefaultListableBeanFactory - Eagerly caching bean 'org.springframework.context.annotation.internalConfigurationAnnotationProcessor' to allow for resolving potential circular references
16:38:11.732 [main] DEBUG o.s.b.f.s.DefaultListableBeanFactory - Finished creating instance of bean 'org.springframework.context.annotation.internalConfigurationAnnotationProcessor'
16:38:11.733 [main] DEBUG o.s.c.a.ConfigurationClassBeanDefinitionReader - Registering bean definition for @Bean method org.springframework.data.aerospike.repository.TestConfigPerson.aerospikeTemplate()
16:38:11.733 [main] DEBUG o.s.c.a.ConfigurationClassBeanDefinitionReader - Registering bean definition for @Bean method org.springframework.data.aerospike.repository.TestConfigPerson.aerospikeClient()
16:38:11.733 [main] DEBUG o.s.core.env.StandardEnvironment - Adding [systemProperties] PropertySource with lowest search precedence
16:38:11.733 [main] DEBUG o.s.core.env.StandardEnvironment - Adding [systemEnvironment] PropertySource with lowest search precedence
16:38:11.733 [main] DEBUG o.s.core.env.StandardEnvironment - Initialized StandardEnvironment with PropertySources [systemProperties,systemEnvironment]
16:38:11.733 [main] DEBUG o.s.c.i.s.PathMatchingResourcePatternResolver - Looking for matching resources in directory tree [/home/aluno/spring-projects/maven/spring-data-aerospike/target/test-classes/org/springframework/data]
16:38:11.733 [main] DEBUG o.s.c.i.s.PathMatchingResourcePatternResolver - Searching directory [/home/aluno/spring-projects/maven/spring-data-aerospike/target/test-classes/org/springframework/data] for files matching pattern [/home/aluno/spring-projects/maven/spring-data-aerospike/target/test-classes/org/springframework/data/**/repository/support/**/*.class]
16:38:11.733 [main] DEBUG o.s.c.i.s.PathMatchingResourcePatternResolver - Searching directory [/home/aluno/spring-projects/maven/spring-data-aerospike/target/test-classes/org/springframework/data/keyvalue] for files matching pattern [/home/aluno/spring-projects/maven/spring-data-aerospike/target/test-classes/org/springframework/data/**/repository/support/**/*.class]
16:38:11.733 [main] DEBUG o.s.c.i.s.PathMatchingResourcePatternResolver - Searching directory [/home/aluno/spring-projects/maven/spring-data-aerospike/target/test-classes/org/springframework/data/keyvalue/repository] for files matching pattern [/home/aluno/spring-projects/maven/spring-data-aerospike/target/test-classes/org/springframework/data/**/repository/support/**/*.class]
16:38:11.733 [main] DEBUG o.s.c.i.s.PathMatchingResourcePatternResolver - Searching directory [/home/aluno/spring-projects/maven/spring-data-aerospike/target/test-classes/org/springframework/data/keyvalue/repository/query] for files matching pattern [/home/aluno/spring-projects/maven/spring-data-aerospike/target/test-classes/org/springframework/data/**/repository/support/**/*.class]
16:38:11.734 [main] DEBUG o.s.c.i.s.PathMatchingResourcePatternResolver - Searching directory [/home/aluno/spring-projects/maven/spring-data-aerospike/target/test-classes/org/springframework/data/aerospike] for files matching pattern [/home/aluno/spring-projects/maven/spring-data-aerospike/target/test-classes/org/springframework/data/**/repository/support/**/*.class]
16:38:11.734 [main] DEBUG o.s.c.i.s.PathMatchingResourcePatternResolver - Searching directory [/home/aluno/spring-projects/maven/spring-data-aerospike/target/test-classes/org/springframework/data/aerospike/mapping] for files matching pattern [/home/aluno/spring-projects/maven/spring-data-aerospike/target/test-classes/org/springframework/data/**/repository/support/**/*.class]
16:38:11.734 [main] DEBUG o.s.c.i.s.PathMatchingResourcePatternResolver - Searching directory [/home/aluno/spring-projects/maven/spring-data-aerospike/target/test-classes/org/springframework/data/aerospike/core] for files matching pattern [/home/aluno/spring-projects/maven/spring-data-aerospike/target/test-classes/org/springframework/data/**/repository/support/**/*.class]
16:38:11.734 [main] DEBUG o.s.c.i.s.PathMatchingResourcePatternResolver - Searching directory [/home/aluno/spring-projects/maven/spring-data-aerospike/target/test-classes/org/springframework/data/aerospike/convert] for files matching pattern [/home/aluno/spring-projects/maven/spring-data-aerospike/target/test-classes/org/springframework/data/**/repository/support/**/*.class]
16:38:11.735 [main] DEBUG o.s.c.i.s.PathMatchingResourcePatternResolver - Searching directory [/home/aluno/spring-projects/maven/spring-data-aerospike/target/test-classes/org/springframework/data/aerospike/sample] for files matching pattern [/home/aluno/spring-projects/maven/spring-data-aerospike/target/test-classes/org/springframework/data/**/repository/support/**/*.class]
16:38:11.735 [main] DEBUG o.s.c.i.s.PathMatchingResourcePatternResolver - Searching directory [/home/aluno/spring-projects/maven/spring-data-aerospike/target/test-classes/org/springframework/data/aerospike/repository] for files matching pattern [/home/aluno/spring-projects/maven/spring-data-aerospike/target/test-classes/org/springframework/data/**/repository/support/**/*.class]
16:38:11.735 [main] DEBUG o.s.c.i.s.PathMatchingResourcePatternResolver - Searching directory [/home/aluno/spring-projects/maven/spring-data-aerospike/target/test-classes/org/springframework/data/aerospike/repository/support] for files matching pattern [/home/aluno/spring-projects/maven/spring-data-aerospike/target/test-classes/org/springframework/data/**/repository/support/**/*.class]
16:38:11.735 [main] DEBUG o.s.c.i.s.PathMatchingResourcePatternResolver - Searching directory [/home/aluno/spring-projects/maven/spring-data-aerospike/target/test-classes/org/springframework/data/aerospike/repository/query] for files matching pattern [/home/aluno/spring-projects/maven/spring-data-aerospike/target/test-classes/org/springframework/data/**/repository/support/**/*.class]
16:38:11.735 [main] DEBUG o.s.c.i.s.PathMatchingResourcePatternResolver - Searching directory [/home/aluno/spring-projects/maven/spring-data-aerospike/target/test-classes/org/springframework/data/aerospike/config] for files matching pattern [/home/aluno/spring-projects/maven/spring-data-aerospike/target/test-classes/org/springframework/data/**/repository/support/**/*.class]
16:38:11.736 [main] DEBUG o.s.c.i.s.PathMatchingResourcePatternResolver - Searching directory [/home/aluno/spring-projects/maven/spring-data-aerospike/target/test-classes/org/springframework/data/aerospike/cache] for files matching pattern [/home/aluno/spring-projects/maven/spring-data-aerospike/target/test-classes/org/springframework/data/**/repository/support/**/*.class]
16:38:11.736 [main] DEBUG o.s.c.i.s.PathMatchingResourcePatternResolver - Looking for matching resources in directory tree [/home/aluno/spring-projects/maven/spring-data-aerospike/target/classes/org/springframework/data]
16:38:11.736 [main] DEBUG o.s.c.i.s.PathMatchingResourcePatternResolver - Searching directory [/home/aluno/spring-projects/maven/spring-data-aerospike/target/classes/org/springframework/data] for files matching pattern [/home/aluno/spring-projects/maven/spring-data-aerospike/target/classes/org/springframework/data/**/repository/support/**/*.class]
16:38:11.736 [main] DEBUG o.s.c.i.s.PathMatchingResourcePatternResolver - Searching directory [/home/aluno/spring-projects/maven/spring-data-aerospike/target/classes/org/springframework/data/aerospike] for files matching pattern [/home/aluno/spring-projects/maven/spring-data-aerospike/target/classes/org/springframework/data/**/repository/support/**/*.class]
16:38:11.736 [main] DEBUG o.s.c.i.s.PathMatchingResourcePatternResolver - Searching directory [/home/aluno/spring-projects/maven/spring-data-aerospike/target/classes/org/springframework/data/aerospike/mapping] for files matching pattern [/home/aluno/spring-projects/maven/spring-data-aerospike/target/classes/org/springframework/data/**/repository/support/**/*.class]
16:38:11.736 [main] DEBUG o.s.c.i.s.PathMatchingResourcePatternResolver - Searching directory [/home/aluno/spring-projects/maven/spring-data-aerospike/target/classes/org/springframework/data/aerospike/core] for files matching pattern [/home/aluno/spring-projects/maven/spring-data-aerospike/target/classes/org/springframework/data/**/repository/support/**/*.class]
16:38:11.736 [main] DEBUG o.s.c.i.s.PathMatchingResourcePatternResolver - Searching directory [/home/aluno/spring-projects/maven/spring-data-aerospike/target/classes/org/springframework/data/aerospike/convert] for files matching pattern [/home/aluno/spring-projects/maven/spring-data-aerospike/target/classes/org/springframework/data/**/repository/support/**/*.class]
16:38:11.736 [main] DEBUG o.s.c.i.s.PathMatchingResourcePatternResolver - Searching directory [/home/aluno/spring-projects/maven/spring-data-aerospike/target/classes/org/springframework/data/aerospike/example] for files matching pattern [/home/aluno/spring-projects/maven/spring-data-aerospike/target/classes/org/springframework/data/**/repository/support/**/*.class]
16:38:11.736 [main] DEBUG o.s.c.i.s.PathMatchingResourcePatternResolver - Searching directory [/home/aluno/spring-projects/maven/spring-data-aerospike/target/classes/org/springframework/data/aerospike/example/data] for files matching pattern [/home/aluno/spring-projects/maven/spring-data-aerospike/target/classes/org/springframework/data/**/repository/support/**/*.class]
16:38:11.736 [main] DEBUG o.s.c.i.s.PathMatchingResourcePatternResolver - Searching directory [/home/aluno/spring-projects/maven/spring-data-aerospike/target/classes/org/springframework/data/aerospike/example/config] for files matching pattern [/home/aluno/spring-projects/maven/spring-data-aerospike/target/classes/org/springframework/data/**/repository/support/**/*.class]
16:38:11.736 [main] DEBUG o.s.c.i.s.PathMatchingResourcePatternResolver - Searching directory [/home/aluno/spring-projects/maven/spring-data-aerospike/target/classes/org/springframework/data/aerospike/annotation] for files matching pattern [/home/aluno/spring-projects/maven/spring-data-aerospike/target/classes/org/springframework/data/**/repository/support/**/*.class]
16:38:11.736 [main] DEBUG o.s.c.i.s.PathMatchingResourcePatternResolver - Searching directory [/home/aluno/spring-projects/maven/spring-data-aerospike/target/classes/org/springframework/data/aerospike/repository] for files matching pattern [/home/aluno/spring-projects/maven/spring-data-aerospike/target/classes/org/springframework/data/**/repository/support/**/*.class]
16:38:11.737 [main] DEBUG o.s.c.i.s.PathMatchingResourcePatternResolver - Searching directory [/home/aluno/spring-projects/maven/spring-data-aerospike/target/classes/org/springframework/data/aerospike/repository/support] for files matching pattern [/home/aluno/spring-projects/maven/spring-data-aerospike/target/classes/org/springframework/data/**/repository/support/**/*.class]
16:38:11.737 [main] DEBUG o.s.c.i.s.PathMatchingResourcePatternResolver - Searching directory [/home/aluno/spring-projects/maven/spring-data-aerospike/target/classes/org/springframework/data/aerospike/repository/config] for files matching pattern [/home/aluno/spring-projects/maven/spring-data-aerospike/target/classes/org/springframework/data/**/repository/support/**/*.class]
16:38:11.737 [main] DEBUG o.s.c.i.s.PathMatchingResourcePatternResolver - Searching directory [/home/aluno/spring-projects/maven/spring-data-aerospike/target/classes/org/springframework/data/aerospike/repository/query] for files matching pattern [/home/aluno/spring-projects/maven/spring-data-aerospike/target/classes/org/springframework/data/**/repository/support/**/*.class]
16:38:11.737 [main] DEBUG o.s.c.i.s.PathMatchingResourcePatternResolver - Searching directory [/home/aluno/spring-projects/maven/spring-data-aerospike/target/classes/org/springframework/data/aerospike/config] for files matching pattern [/home/aluno/spring-projects/maven/spring-data-aerospike/target/classes/org/springframework/data/**/repository/support/**/*.class]
16:38:11.737 [main] DEBUG o.s.c.i.s.PathMatchingResourcePatternResolver - Searching directory [/home/aluno/spring-projects/maven/spring-data-aerospike/target/classes/org/springframework/data/aerospike/cache] for files matching pattern [/home/aluno/spring-projects/maven/spring-data-aerospike/target/classes/org/springframework/data/**/repository/support/**/*.class]
16:38:11.737 [main] DEBUG o.s.c.i.s.PathMatchingResourcePatternResolver - Searching directory [/home/aluno/spring-projects/maven/spring-data-aerospike/target/classes/org/springframework/data/aerospike/utility] for files matching pattern [/home/aluno/spring-projects/maven/spring-data-aerospike/target/classes/org/springframework/data/**/repository/support/**/*.class]
16:38:11.737 [main] DEBUG o.s.c.i.s.PathMatchingResourcePatternResolver - Looking for matching resources in jar file [file:/home/aluno/.m2/repository/org/springframework/data/spring-data-commons/1.11.0.RELEASE/spring-data-commons-1.11.0.RELEASE.jar]
16:38:11.738 [main] DEBUG o.s.c.i.s.PathMatchingResourcePatternResolver - Looking for matching resources in jar file [file:/home/aluno/.m2/repository/org/springframework/data/spring-data-keyvalue/1.0.0.M1/spring-data-keyvalue-1.0.0.M1.jar]
16:38:11.739 [main] DEBUG o.s.c.i.s.PathMatchingResourcePatternResolver - Resolved location pattern [classpath*:org/springframework/data/**/repository/support/**/*.class] to resources [file [/home/aluno/spring-projects/maven/spring-data-aerospike/target/test-classes/org/springframework/data/aerospike/repository/support/SimpleAerospikeRepositoryTest$5.class], file [/home/aluno/spring-projects/maven/spring-data-aerospike/target/test-classes/org/springframework/data/aerospike/repository/support/SimpleAerospikeRepositoryTest$9.class], file [/home/aluno/spring-projects/maven/spring-data-aerospike/target/test-classes/org/springframework/data/aerospike/repository/support/SimpleAerospikeRepositoryTest$4.class], file [/home/aluno/spring-projects/maven/spring-data-aerospike/target/test-classes/org/springframework/data/aerospike/repository/support/AerospikeRepositoryFactoryTest.class], file [/home/aluno/spring-projects/maven/spring-data-aerospike/target/test-classes/org/springframework/data/aerospike/repository/support/SimpleAerospikeRepositoryTest.class], file [/home/aluno/spring-projects/maven/spring-data-aerospike/target/test-classes/org/springframework/data/aerospike/repository/support/SimpleAerospikeRepositoryTest$1.class], file [/home/aluno/spring-projects/maven/spring-data-aerospike/target/test-classes/org/springframework/data/aerospike/repository/support/SimpleAerospikeRepositoryTest$3.class], file [/home/aluno/spring-projects/maven/spring-data-aerospike/target/test-classes/org/springframework/data/aerospike/repository/support/SimpleAerospikeRepositoryTest$8.class], file [/home/aluno/spring-projects/maven/spring-data-aerospike/target/test-classes/org/springframework/data/aerospike/repository/support/SimpleAerospikeRepositoryTest$6.class], file [/home/aluno/spring-projects/maven/spring-data-aerospike/target/test-classes/org/springframework/data/aerospike/repository/support/SimpleAerospikeRepositoryTest$2.class], file [/home/aluno/spring-projects/maven/spring-data-aerospike/target/test-classes/org/springframework/data/aerospike/repository/support/AllTests.class], file [/home/aluno/spring-projects/maven/spring-data-aerospike/target/test-classes/org/springframework/data/aerospike/repository/support/SimpleAerospikeRepositoryTest$7.class], file [/home/aluno/spring-projects/maven/spring-data-aerospike/target/classes/org/springframework/data/aerospike/repository/support/AerospikeRepositoryFactoryBean.class], file [/home/aluno/spring-projects/maven/spring-data-aerospike/target/classes/org/springframework/data/aerospike/repository/support/AerospikeRepositoryFactory$AerospikeQueryLookupStrategy.class], file [/home/aluno/spring-projects/maven/spring-data-aerospike/target/classes/org/springframework/data/aerospike/repository/support/AerospikeRepositoryFactory.class], file [/home/aluno/spring-projects/maven/spring-data-aerospike/target/classes/org/springframework/data/aerospike/repository/support/SimpleAerospikeRepository.class], URL [jar:file:/home/aluno/.m2/repository/org/springframework/data/spring-data-commons/1.11.0.RELEASE/spring-data-commons-1.11.0.RELEASE.jar!/org/springframework/data/repository/support/DomainClassConverter$ConversionMatchAbbreviationException.class], URL [jar:file:/home/aluno/.m2/repository/org/springframework/data/spring-data-commons/1.11.0.RELEASE/spring-data-commons-1.11.0.RELEASE.jar!/org/springframework/data/repository/support/DomainClassConverter$ToIdConverter.class], URL [jar:file:/home/aluno/.m2/repository/org/springframework/data/spring-data-commons/1.11.0.RELEASE/spring-data-commons-1.11.0.RELEASE.jar!/org/springframework/data/repository/support/Repositories$EmptyRepositoryFactoryInformation.class], URL [jar:file:/home/aluno/.m2/repository/org/springframework/data/spring-data-commons/1.11.0.RELEASE/spring-data-commons-1.11.0.RELEASE.jar!/org/springframework/data/repository/support/PagingAndSortingRepositoryInvoker.class], URL [jar:file:/home/aluno/.m2/repository/org/springframework/data/spring-data-commons/1.11.0.RELEASE/spring-data-commons-1.11.0.RELEASE.jar!/org/springframework/data/repository/support/QueryMethodParameterConversionException.class], URL [jar:file:/home/aluno/.m2/repository/org/springframework/data/spring-data-commons/1.11.0.RELEASE/spring-data-commons-1.11.0.RELEASE.jar!/org/springframework/data/repository/support/MethodParameters.class], URL [jar:file:/home/aluno/.m2/repository/org/springframework/data/spring-data-commons/1.11.0.RELEASE/spring-data-commons-1.11.0.RELEASE.jar!/org/springframework/data/repository/support/RepositoryInvoker.class], URL [jar:file:/home/aluno/.m2/repository/org/springframework/data/spring-data-commons/1.11.0.RELEASE/spring-data-commons-1.11.0.RELEASE.jar!/org/springframework/data/repository/support/RepositoryInvokerFactory.class], URL [jar:file:/home/aluno/.m2/repository/org/springframework/data/spring-data-commons/1.11.0.RELEASE/spring-data-commons-1.11.0.RELEASE.jar!/org/springframework/data/repository/support/DomainClassPropertyEditorRegistrar.class], URL [jar:file:/home/aluno/.m2/repository/org/springframework/data/spring-data-commons/1.11.0.RELEASE/spring-data-commons-1.11.0.RELEASE.jar!/org/springframework/data/repository/support/AnnotationAttribute.class], URL [jar:file:/home/aluno/.m2/repository/org/springframework/data/spring-data-commons/1.11.0.RELEASE/spring-data-commons-1.11.0.RELEASE.jar!/org/springframework/data/repository/support/DefaultRepositoryInvokerFactory.class], URL [jar:file:/home/aluno/.m2/repository/org/springframework/data/spring-data-commons/1.11.0.RELEASE/spring-data-commons-1.11.0.RELEASE.jar!/org/springframework/data/repository/support/MethodParameters$AnnotationNamingMethodParameter.class], URL [jar:file:/home/aluno/.m2/repository/org/springframework/data/spring-data-commons/1.11.0.RELEASE/spring-data-commons-1.11.0.RELEASE.jar!/org/springframework/data/repository/support/CrudRepositoryInvoker.class], URL [jar:file:/home/aluno/.m2/repository/org/springframework/data/spring-data-commons/1.11.0.RELEASE/spring-data-commons-1.11.0.RELEASE.jar!/org/springframework/data/repository/support/Repositories.class], URL [jar:file:/home/aluno/.m2/repository/org/springframework/data/spring-data-commons/1.11.0.RELEASE/spring-data-commons-1.11.0.RELEASE.jar!/org/springframework/data/repository/support/DomainClassConverter$ToEntityConverter.class], URL [jar:file:/home/aluno/.m2/repository/org/springframework/data/spring-data-commons/1.11.0.RELEASE/spring-data-commons-1.11.0.RELEASE.jar!/org/springframework/data/repository/support/ReflectionRepositoryInvoker.class], URL [jar:file:/home/aluno/.m2/repository/org/springframework/data/spring-data-commons/1.11.0.RELEASE/spring-data-commons-1.11.0.RELEASE.jar!/org/springframework/data/repository/support/DomainClassPropertyEditor.class], URL [jar:file:/home/aluno/.m2/repository/org/springframework/data/spring-data-commons/1.11.0.RELEASE/spring-data-commons-1.11.0.RELEASE.jar!/org/springframework/data/repository/support/DomainClassConverter.class], URL [jar:file:/home/aluno/.m2/repository/org/springframework/data/spring-data-commons/1.11.0.RELEASE/spring-data-commons-1.11.0.RELEASE.jar!/org/springframework/data/repository/support/DomainClassConverter$1.class], URL [jar:file:/home/aluno/.m2/repository/org/springframework/data/spring-data-commons/1.11.0.RELEASE/spring-data-commons-1.11.0.RELEASE.jar!/org/springframework/data/repository/support/RepositoryInvocationInformation.class], URL [jar:file:/home/aluno/.m2/repository/org/springframework/data/spring-data-keyvalue/1.0.0.M1/spring-data-keyvalue-1.0.0.M1.jar!/org/springframework/data/keyvalue/repository/support/KeyValueRepositoryFactory$KeyValueQueryLookupStrategy.class], URL [jar:file:/home/aluno/.m2/repository/org/springframework/data/spring-data-keyvalue/1.0.0.M1/spring-data-keyvalue-1.0.0.M1.jar!/org/springframework/data/keyvalue/repository/support/QuerydslKeyValueRepository.class], URL [jar:file:/home/aluno/.m2/repository/org/springframework/data/spring-data-keyvalue/1.0.0.M1/spring-data-keyvalue-1.0.0.M1.jar!/org/springframework/data/keyvalue/repository/support/KeyValueRepositoryFactoryBean.class], URL [jar:file:/home/aluno/.m2/repository/org/springframework/data/spring-data-keyvalue/1.0.0.M1/spring-data-keyvalue-1.0.0.M1.jar!/org/springframework/data/keyvalue/repository/support/KeyValueQuerydslUtils$1.class], URL [jar:file:/home/aluno/.m2/repository/org/springframework/data/spring-data-keyvalue/1.0.0.M1/spring-data-keyvalue-1.0.0.M1.jar!/org/springframework/data/keyvalue/repository/support/KeyValueQuerydslUtils.class], URL [jar:file:/home/aluno/.m2/repository/org/springframework/data/spring-data-keyvalue/1.0.0.M1/spring-data-keyvalue-1.0.0.M1.jar!/org/springframework/data/keyvalue/repository/support/KeyValueRepositoryFactory.class], URL [jar:file:/home/aluno/.m2/repository/org/springframework/data/spring-data-keyvalue/1.0.0.M1/spring-data-keyvalue-1.0.0.M1.jar!/org/springframework/data/keyvalue/repository/support/SimpleKeyValueRepository.class]]
16:38:11.741 [main] DEBUG o.s.c.a.ClassPathScanningCandidateComponentProvider - Identified candidate component class: file [/home/aluno/spring-projects/maven/spring-data-aerospike/target/classes/org/springframework/data/aerospike/repository/support/AerospikeRepositoryFactory.class]
16:38:11.750 [main] DEBUG o.s.c.a.ClassPathScanningCandidateComponentProvider - Identified candidate component class: URL [jar:file:/home/aluno/.m2/repository/org/springframework/data/spring-data-keyvalue/1.0.0.M1/spring-data-keyvalue-1.0.0.M1.jar!/org/springframework/data/keyvalue/repository/support/KeyValueRepositoryFactory.class]
16:38:11.750 [main] DEBUG o.s.d.r.c.RepositoryConfigurationDelegate - Multiple Spring Data modules found, entering strict repository configuration mode!
16:38:11.750 [main] DEBUG o.s.core.env.StandardEnvironment - Adding [systemProperties] PropertySource with lowest search precedence
16:38:11.750 [main] DEBUG o.s.core.env.StandardEnvironment - Adding [systemEnvironment] PropertySource with lowest search precedence
16:38:11.750 [main] DEBUG o.s.core.env.StandardEnvironment - Initialized StandardEnvironment with PropertySources [systemProperties,systemEnvironment]
16:38:11.751 [main] DEBUG o.s.c.i.s.PathMatchingResourcePatternResolver - Looking for matching resources in directory tree [/home/aluno/spring-projects/maven/spring-data-aerospike/target/test-classes/org/springframework/data/aerospike/repository]
16:38:11.751 [main] DEBUG o.s.c.i.s.PathMatchingResourcePatternResolver - Searching directory [/home/aluno/spring-projects/maven/spring-data-aerospike/target/test-classes/org/springframework/data/aerospike/repository] for files matching pattern [/home/aluno/spring-projects/maven/spring-data-aerospike/target/test-classes/org/springframework/data/aerospike/repository/**/*.class]
16:38:11.751 [main] DEBUG o.s.c.i.s.PathMatchingResourcePatternResolver - Searching directory [/home/aluno/spring-projects/maven/spring-data-aerospike/target/test-classes/org/springframework/data/aerospike/repository/support] for files matching pattern [/home/aluno/spring-projects/maven/spring-data-aerospike/target/test-classes/org/springframework/data/aerospike/repository/**/*.class]
16:38:11.751 [main] DEBUG o.s.c.i.s.PathMatchingResourcePatternResolver - Searching directory [/home/aluno/spring-projects/maven/spring-data-aerospike/target/test-classes/org/springframework/data/aerospike/repository/query] for files matching pattern [/home/aluno/spring-projects/maven/spring-data-aerospike/target/test-classes/org/springframework/data/aerospike/repository/**/*.class]
16:38:11.751 [main] DEBUG o.s.c.i.s.PathMatchingResourcePatternResolver - Looking for matching resources in directory tree [/home/aluno/spring-projects/maven/spring-data-aerospike/target/classes/org/springframework/data/aerospike/repository]
16:38:11.751 [main] DEBUG o.s.c.i.s.PathMatchingResourcePatternResolver - Searching directory [/home/aluno/spring-projects/maven/spring-data-aerospike/target/classes/org/springframework/data/aerospike/repository] for files matching pattern [/home/aluno/spring-projects/maven/spring-data-aerospike/target/classes/org/springframework/data/aerospike/repository/**/*.class]
16:38:11.751 [main] DEBUG o.s.c.i.s.PathMatchingResourcePatternResolver - Searching directory [/home/aluno/spring-projects/maven/spring-data-aerospike/target/classes/org/springframework/data/aerospike/repository/support] for files matching pattern [/home/aluno/spring-projects/maven/spring-data-aerospike/target/classes/org/springframework/data/aerospike/repository/**/*.class]
16:38:11.751 [main] DEBUG o.s.c.i.s.PathMatchingResourcePatternResolver - Searching directory [/home/aluno/spring-projects/maven/spring-data-aerospike/target/classes/org/springframework/data/aerospike/repository/config] for files matching pattern [/home/aluno/spring-projects/maven/spring-data-aerospike/target/classes/org/springframework/data/aerospike/repository/**/*.class]
16:38:11.752 [main] DEBUG o.s.c.i.s.PathMatchingResourcePatternResolver - Searching directory [/home/aluno/spring-projects/maven/spring-data-aerospike/target/classes/org/springframework/data/aerospike/repository/query] for files matching pattern [/home/aluno/spring-projects/maven/spring-data-aerospike/target/classes/org/springframework/data/aerospike/repository/**/*.class]
16:38:11.752 [main] DEBUG o.s.c.i.s.PathMatchingResourcePatternResolver - Resolved location pattern [classpath*:org/springframework/data/aerospike/repository/**/*.class] to resources [file [/home/aluno/spring-projects/maven/spring-data-aerospike/target/test-classes/org/springframework/data/aerospike/repository/Credentials.class], file [/home/aluno/spring-projects/maven/spring-data-aerospike/target/test-classes/org/springframework/data/aerospike/repository/AbstractPersonRepositoryIntegrationTests$1.class], file [/home/aluno/spring-projects/maven/spring-data-aerospike/target/test-classes/org/springframework/data/aerospike/repository/PersonRepository.class], file [/home/aluno/spring-projects/maven/spring-data-aerospike/target/test-classes/org/springframework/data/aerospike/repository/TestConfigPerson.class], file [/home/aluno/spring-projects/maven/spring-data-aerospike/target/test-classes/org/springframework/data/aerospike/repository/Address.class], file [/home/aluno/spring-projects/maven/spring-data-aerospike/target/test-classes/org/springframework/data/aerospike/repository/Person$Sex.class], file [/home/aluno/spring-projects/maven/spring-data-aerospike/target/test-classes/org/springframework/data/aerospike/repository/Person.class], file [/home/aluno/spring-projects/maven/spring-data-aerospike/target/test-classes/org/springframework/data/aerospike/repository/ContactRepository.class], file [/home/aluno/spring-projects/maven/spring-data-aerospike/target/test-classes/org/springframework/data/aerospike/repository/AbstractPersonRepositoryIntegrationTests.class], file [/home/aluno/spring-projects/maven/spring-data-aerospike/target/test-classes/org/springframework/data/aerospike/repository/User.class], file [/home/aluno/spring-projects/maven/spring-data-aerospike/target/test-classes/org/springframework/data/aerospike/repository/CustomerRepositoriesIntegrationTests$Config.class], file [/home/aluno/spring-projects/maven/spring-data-aerospike/target/test-classes/org/springframework/data/aerospike/repository/AnnotatedPerson.class], file [/home/aluno/spring-projects/maven/spring-data-aerospike/target/test-classes/org/springframework/data/aerospike/repository/support/SimpleAerospikeRepositoryTest$5.class], file [/home/aluno/spring-projects/maven/spring-data-aerospike/target/test-classes/org/springframework/data/aerospike/repository/support/SimpleAerospikeRepositoryTest$9.class], file [/home/aluno/spring-projects/maven/spring-data-aerospike/target/test-classes/org/springframework/data/aerospike/repository/support/SimpleAerospikeRepositoryTest$4.class], file [/home/aluno/spring-projects/maven/spring-data-aerospike/target/test-classes/org/springframework/data/aerospike/repository/support/AerospikeRepositoryFactoryTest.class], file [/home/aluno/spring-projects/maven/spring-data-aerospike/target/test-classes/org/springframework/data/aerospike/repository/support/SimpleAerospikeRepositoryTest.class], file [/home/aluno/spring-projects/maven/spring-data-aerospike/target/test-classes/org/springframework/data/aerospike/repository/support/SimpleAerospikeRepositoryTest$1.class], file [/home/aluno/spring-projects/maven/spring-data-aerospike/target/test-classes/org/springframework/data/aerospike/repository/support/SimpleAerospikeRepositoryTest$3.class], file [/home/aluno/spring-projects/maven/spring-data-aerospike/target/test-classes/org/springframework/data/aerospike/repository/support/SimpleAerospikeRepositoryTest$8.class], file [/home/aluno/spring-projects/maven/spring-data-aerospike/target/test-classes/org/springframework/data/aerospike/repository/support/SimpleAerospikeRepositoryTest$6.class], file [/home/aluno/spring-projects/maven/spring-data-aerospike/target/test-classes/org/springframework/data/aerospike/repository/support/SimpleAerospikeRepositoryTest$2.class], file [/home/aluno/spring-projects/maven/spring-data-aerospike/target/test-classes/org/springframework/data/aerospike/repository/support/AllTests.class], file [/home/aluno/spring-projects/maven/spring-data-aerospike/target/test-classes/org/springframework/data/aerospike/repository/support/SimpleAerospikeRepositoryTest$7.class], file [/home/aluno/spring-projects/maven/spring-data-aerospike/target/test-classes/org/springframework/data/aerospike/repository/Contact.class], file [/home/aluno/spring-projects/maven/spring-data-aerospike/target/test-classes/org/springframework/data/aerospike/repository/AllTests.class], file [/home/aluno/spring-projects/maven/spring-data-aerospike/target/test-classes/org/springframework/data/aerospike/repository/PersonRepositoryIntegrationTests.class], file [/home/aluno/spring-projects/maven/spring-data-aerospike/target/test-classes/org/springframework/data/aerospike/repository/query/StubParameterAccessor.class], file [/home/aluno/spring-projects/maven/spring-data-aerospike/target/test-classes/org/springframework/data/aerospike/repository/query/AllTests.class], file [/home/aluno/spring-projects/maven/spring-data-aerospike/target/test-classes/org/springframework/data/aerospike/repository/query/AerospikePartTreeQueryTest.class], file [/home/aluno/spring-projects/maven/spring-data-aerospike/target/test-classes/org/springframework/data/aerospike/repository/CustomerRepositoriesIntegrationTests.class], file [/home/aluno/spring-projects/maven/spring-data-aerospike/target/classes/org/springframework/data/aerospike/repository/AerospikeRepository.class], file [/home/aluno/spring-projects/maven/spring-data-aerospike/target/classes/org/springframework/data/aerospike/repository/support/AerospikeRepositoryFactoryBean.class], file [/home/aluno/spring-projects/maven/spring-data-aerospike/target/classes/org/springframework/data/aerospike/repository/support/AerospikeRepositoryFactory$AerospikeQueryLookupStrategy.class], file [/home/aluno/spring-projects/maven/spring-data-aerospike/target/classes/org/springframework/data/aerospike/repository/support/AerospikeRepositoryFactory.class], file [/home/aluno/spring-projects/maven/spring-data-aerospike/target/classes/org/springframework/data/aerospike/repository/support/SimpleAerospikeRepository.class], file [/home/aluno/spring-projects/maven/spring-data-aerospike/target/classes/org/springframework/data/aerospike/repository/config/AerospikeRepositoriesRegistrar.class], file [/home/aluno/spring-projects/maven/spring-data-aerospike/target/classes/org/springframework/data/aerospike/repository/config/EnableAerospikeRepositories.class], file [/home/aluno/spring-projects/maven/spring-data-aerospike/target/classes/org/springframework/data/aerospike/repository/config/AerospikeRepositoriesRegistrar$1.class], file [/home/aluno/spring-projects/maven/spring-data-aerospike/target/classes/org/springframework/data/aerospike/repository/config/AerospikeRepositoriesRegistrar$AerospikeRepositoryConfigurationExtension.class], file [/home/aluno/spring-projects/maven/spring-data-aerospike/target/classes/org/springframework/data/aerospike/repository/query/AerospikeParameterAccessor.class], file [/home/aluno/spring-projects/maven/spring-data-aerospike/target/classes/org/springframework/data/aerospike/repository/query/Query.class], file [/home/aluno/spring-projects/maven/spring-data-aerospike/target/classes/org/springframework/data/aerospike/repository/query/ConvertingParameterAccessor.class], file [/home/aluno/spring-projects/maven/spring-data-aerospike/target/classes/org/springframework/data/aerospike/repository/query/AerospikeQueryCreator$1.class], file [/home/aluno/spring-projects/maven/spring-data-aerospike/target/classes/org/springframework/data/aerospike/repository/query/CriteriaDefinition.class], file [/home/aluno/spring-projects/maven/spring-data-aerospike/target/classes/org/springframework/data/aerospike/repository/query/TextCriteria.class], file [/home/aluno/spring-projects/maven/spring-data-aerospike/target/classes/org/springframework/data/aerospike/repository/query/Criteria.class], file [/home/aluno/spring-projects/maven/spring-data-aerospike/target/classes/org/springframework/data/aerospike/repository/query/AerospikePartTreeQuery.class], file [/home/aluno/spring-projects/maven/spring-data-aerospike/target/classes/org/springframework/data/aerospike/repository/query/AerospikeQueryCreator.class]]
16:38:11.752 [main] DEBUG o.s.d.r.c.RepositoryComponentProvider - Identified candidate component class: file [/home/aluno/spring-projects/maven/spring-data-aerospike/target/test-classes/org/springframework/data/aerospike/repository/PersonRepository.class]
16:38:11.753 [main] DEBUG o.s.d.r.c.RepositoryComponentProvider - Identified candidate component class: file [/home/aluno/spring-projects/maven/spring-data-aerospike/target/test-classes/org/springframework/data/aerospike/repository/ContactRepository.class]
16:38:11.759 [main] DEBUG o.s.core.env.StandardEnvironment - Adding [systemProperties] PropertySource with lowest search precedence
16:38:11.760 [main] DEBUG o.s.core.env.StandardEnvironment - Adding [systemEnvironment] PropertySource with lowest search precedence
16:38:11.760 [main] DEBUG o.s.core.env.StandardEnvironment - Initialized StandardEnvironment with PropertySources [systemProperties,systemEnvironment]
16:38:11.760 [main] DEBUG o.s.c.i.s.PathMatchingResourcePatternResolver - Looking for matching resources in directory tree [/home/aluno/spring-projects/maven/spring-data-aerospike/target/test-classes/org/springframework/data/aerospike/repository]
16:38:11.760 [main] DEBUG o.s.c.i.s.PathMatchingResourcePatternResolver - Searching directory [/home/aluno/spring-projects/maven/spring-data-aerospike/target/test-classes/org/springframework/data/aerospike/repository] for files matching pattern [/home/aluno/spring-projects/maven/spring-data-aerospike/target/test-classes/org/springframework/data/aerospike/repository/**/*ContactRepositoryImpl.class]
16:38:11.760 [main] DEBUG o.s.c.i.s.PathMatchingResourcePatternResolver - Searching directory [/home/aluno/spring-projects/maven/spring-data-aerospike/target/test-classes/org/springframework/data/aerospike/repository/support] for files matching pattern [/home/aluno/spring-projects/maven/spring-data-aerospike/target/test-classes/org/springframework/data/aerospike/repository/**/*ContactRepositoryImpl.class]
16:38:11.760 [main] DEBUG o.s.c.i.s.PathMatchingResourcePatternResolver - Searching directory [/home/aluno/spring-projects/maven/spring-data-aerospike/target/test-classes/org/springframework/data/aerospike/repository/query] for files matching pattern [/home/aluno/spring-projects/maven/spring-data-aerospike/target/test-classes/org/springframework/data/aerospike/repository/**/*ContactRepositoryImpl.class]
16:38:11.760 [main] DEBUG o.s.c.i.s.PathMatchingResourcePatternResolver - Looking for matching resources in directory tree [/home/aluno/spring-projects/maven/spring-data-aerospike/target/classes/org/springframework/data/aerospike/repository]
16:38:11.760 [main] DEBUG o.s.c.i.s.PathMatchingResourcePatternResolver - Searching directory [/home/aluno/spring-projects/maven/spring-data-aerospike/target/classes/org/springframework/data/aerospike/repository] for files matching pattern [/home/aluno/spring-projects/maven/spring-data-aerospike/target/classes/org/springframework/data/aerospike/repository/**/*ContactRepositoryImpl.class]
16:38:11.760 [main] DEBUG o.s.c.i.s.PathMatchingResourcePatternResolver - Searching directory [/home/aluno/spring-projects/maven/spring-data-aerospike/target/classes/org/springframework/data/aerospike/repository/support] for files matching pattern [/home/aluno/spring-projects/maven/spring-data-aerospike/target/classes/org/springframework/data/aerospike/repository/**/*ContactRepositoryImpl.class]
16:38:11.760 [main] DEBUG o.s.c.i.s.PathMatchingResourcePatternResolver - Searching directory [/home/aluno/spring-projects/maven/spring-data-aerospike/target/classes/org/springframework/data/aerospike/repository/config] for files matching pattern [/home/aluno/spring-projects/maven/spring-data-aerospike/target/classes/org/springframework/data/aerospike/repository/**/*ContactRepositoryImpl.class]
16:38:11.760 [main] DEBUG o.s.c.i.s.PathMatchingResourcePatternResolver - Searching directory [/home/aluno/spring-projects/maven/spring-data-aerospike/target/classes/org/springframework/data/aerospike/repository/query] for files matching pattern [/home/aluno/spring-projects/maven/spring-data-aerospike/target/classes/org/springframework/data/aerospike/repository/**/*ContactRepositoryImpl.class]
16:38:11.760 [main] DEBUG o.s.c.i.s.PathMatchingResourcePatternResolver - Resolved location pattern [classpath*:org/springframework/data/aerospike/repository/**/*ContactRepositoryImpl.class] to resources []
16:38:11.761 [main] DEBUG o.s.d.r.c.RepositoryConfigurationDelegate - Spring Data Aerospike - Registering repository: contactRepository - Interface: org.springframework.data.aerospike.repository.ContactRepository - Factory: org.springframework.data.keyvalue.repository.support.KeyValueRepositoryFactoryBean
16:38:11.761 [main] DEBUG o.s.core.env.StandardEnvironment - Adding [systemProperties] PropertySource with lowest search precedence
16:38:11.761 [main] DEBUG o.s.core.env.StandardEnvironment - Adding [systemEnvironment] PropertySource with lowest search precedence
16:38:11.761 [main] DEBUG o.s.core.env.StandardEnvironment - Initialized StandardEnvironment with PropertySources [systemProperties,systemEnvironment]
16:38:11.761 [main] DEBUG o.s.c.i.s.PathMatchingResourcePatternResolver - Looking for matching resources in directory tree [/home/aluno/spring-projects/maven/spring-data-aerospike/target/test-classes/org/springframework/data/aerospike/repository]
16:38:11.761 [main] DEBUG o.s.c.i.s.PathMatchingResourcePatternResolver - Searching directory [/home/aluno/spring-projects/maven/spring-data-aerospike/target/test-classes/org/springframework/data/aerospike/repository] for files matching pattern [/home/aluno/spring-projects/maven/spring-data-aerospike/target/test-classes/org/springframework/data/aerospike/repository/**/*PersonRepositoryImpl.class]
16:38:11.761 [main] DEBUG o.s.c.i.s.PathMatchingResourcePatternResolver - Searching directory [/home/aluno/spring-projects/maven/spring-data-aerospike/target/test-classes/org/springframework/data/aerospike/repository/support] for files matching pattern [/home/aluno/spring-projects/maven/spring-data-aerospike/target/test-classes/org/springframework/data/aerospike/repository/**/*PersonRepositoryImpl.class]
16:38:11.761 [main] DEBUG o.s.c.i.s.PathMatchingResourcePatternResolver - Searching directory [/home/aluno/spring-projects/maven/spring-data-aerospike/target/test-classes/org/springframework/data/aerospike/repository/query] for files matching pattern [/home/aluno/spring-projects/maven/spring-data-aerospike/target/test-classes/org/springframework/data/aerospike/repository/**/*PersonRepositoryImpl.class]
16:38:11.761 [main] DEBUG o.s.c.i.s.PathMatchingResourcePatternResolver - Looking for matching resources in directory tree [/home/aluno/spring-projects/maven/spring-data-aerospike/target/classes/org/springframework/data/aerospike/repository]
16:38:11.761 [main] DEBUG o.s.c.i.s.PathMatchingResourcePatternResolver - Searching directory [/home/aluno/spring-projects/maven/spring-data-aerospike/target/classes/org/springframework/data/aerospike/repository] for files matching pattern [/home/aluno/spring-projects/maven/spring-data-aerospike/target/classes/org/springframework/data/aerospike/repository/**/*PersonRepositoryImpl.class]
16:38:11.761 [main] DEBUG o.s.c.i.s.PathMatchingResourcePatternResolver - Searching directory [/home/aluno/spring-projects/maven/spring-data-aerospike/target/classes/org/springframework/data/aerospike/repository/support] for files matching pattern [/home/aluno/spring-projects/maven/spring-data-aerospike/target/classes/org/springframework/data/aerospike/repository/**/*PersonRepositoryImpl.class]
16:38:11.761 [main] DEBUG o.s.c.i.s.PathMatchingResourcePatternResolver - Searching directory [/home/aluno/spring-projects/maven/spring-data-aerospike/target/classes/org/springframework/data/aerospike/repository/config] for files matching pattern [/home/aluno/spring-projects/maven/spring-data-aerospike/target/classes/org/springframework/data/aerospike/repository/**/*PersonRepositoryImpl.class]
16:38:11.761 [main] DEBUG o.s.c.i.s.PathMatchingResourcePatternResolver - Searching directory [/home/aluno/spring-projects/maven/spring-data-aerospike/target/classes/org/springframework/data/aerospike/repository/query] for files matching pattern [/home/aluno/spring-projects/maven/spring-data-aerospike/target/classes/org/springframework/data/aerospike/repository/**/*PersonRepositoryImpl.class]
16:38:11.761 [main] DEBUG o.s.c.i.s.PathMatchingResourcePatternResolver - Resolved location pattern [classpath*:org/springframework/data/aerospike/repository/**/*PersonRepositoryImpl.class] to resources []
16:38:11.762 [main] DEBUG o.s.d.r.c.RepositoryConfigurationDelegate - Spring Data Aerospike - Registering repository: personRepository - Interface: org.springframework.data.aerospike.repository.PersonRepository - Factory: org.springframework.data.keyvalue.repository.support.KeyValueRepositoryFactoryBean
16:38:11.762 [main] DEBUG o.s.c.a.ConfigurationClassEnhancer - Successfully enhanced org.springframework.data.aerospike.repository.TestConfigPerson; enhanced class name is: org.springframework.data.aerospike.repository.TestConfigPerson$$EnhancerBySpringCGLIB$$3f27a8da
16:38:11.762 [main] DEBUG o.s.c.a.ConfigurationClassPostProcessor - Replacing bean definition 'testConfigPerson' existing class name 'org.springframework.data.aerospike.repository.TestConfigPerson' with enhanced class name 'org.springframework.data.aerospike.repository.TestConfigPerson$$EnhancerBySpringCGLIB$$3f27a8da'
16:38:11.762 [main] DEBUG o.s.b.f.s.DefaultListableBeanFactory - Creating shared instance of singleton bean 'org.springframework.context.annotation.internalAutowiredAnnotationProcessor'
16:38:11.762 [main] DEBUG o.s.b.f.s.DefaultListableBeanFactory - Creating instance of bean 'org.springframework.context.annotation.internalAutowiredAnnotationProcessor'
16:38:11.762 [main] DEBUG o.s.b.f.s.DefaultListableBeanFactory - Eagerly caching bean 'org.springframework.context.annotation.internalAutowiredAnnotationProcessor' to allow for resolving potential circular references
16:38:11.762 [main] DEBUG o.s.b.f.s.DefaultListableBeanFactory - Finished creating instance of bean 'org.springframework.context.annotation.internalAutowiredAnnotationProcessor'
16:38:11.762 [main] DEBUG o.s.b.f.s.DefaultListableBeanFactory - Creating shared instance of singleton bean 'org.springframework.context.annotation.internalRequiredAnnotationProcessor'
16:38:11.762 [main] DEBUG o.s.b.f.s.DefaultListableBeanFactory - Creating instance of bean 'org.springframework.context.annotation.internalRequiredAnnotationProcessor'
16:38:11.762 [main] DEBUG o.s.b.f.s.DefaultListableBeanFactory - Eagerly caching bean 'org.springframework.context.annotation.internalRequiredAnnotationProcessor' to allow for resolving potential circular references
16:38:11.762 [main] DEBUG o.s.b.f.s.DefaultListableBeanFactory - Finished creating instance of bean 'org.springframework.context.annotation.internalRequiredAnnotationProcessor'
16:38:11.762 [main] DEBUG o.s.b.f.s.DefaultListableBeanFactory - Creating shared instance of singleton bean 'org.springframework.context.annotation.internalCommonAnnotationProcessor'
16:38:11.762 [main] DEBUG o.s.b.f.s.DefaultListableBeanFactory - Creating instance of bean 'org.springframework.context.annotation.internalCommonAnnotationProcessor'
16:38:11.762 [main] DEBUG o.s.b.f.s.DefaultListableBeanFactory - Eagerly caching bean 'org.springframework.context.annotation.internalCommonAnnotationProcessor' to allow for resolving potential circular references
16:38:11.762 [main] DEBUG o.s.b.f.s.DefaultListableBeanFactory - Finished creating instance of bean 'org.springframework.context.annotation.internalCommonAnnotationProcessor'
16:38:11.762 [main] DEBUG o.s.b.f.s.DefaultListableBeanFactory - Creating shared instance of singleton bean 'org.springframework.context.annotation.ConfigurationClassPostProcessor.importAwareProcessor'
16:38:11.762 [main] DEBUG o.s.b.f.s.DefaultListableBeanFactory - Creating instance of bean 'org.springframework.context.annotation.ConfigurationClassPostProcessor.importAwareProcessor'
16:38:11.762 [main] DEBUG o.s.b.f.s.DefaultListableBeanFactory - Eagerly caching bean 'org.springframework.context.annotation.ConfigurationClassPostProcessor.importAwareProcessor' to allow for resolving potential circular references
16:38:11.762 [main] DEBUG o.s.b.f.s.DefaultListableBeanFactory - Finished creating instance of bean 'org.springframework.context.annotation.ConfigurationClassPostProcessor.importAwareProcessor'
16:38:11.763 [main] DEBUG o.s.b.f.s.DefaultListableBeanFactory - Creating shared instance of singleton bean 'org.springframework.context.annotation.ConfigurationClassPostProcessor.enhancedConfigurationProcessor'
16:38:11.763 [main] DEBUG o.s.b.f.s.DefaultListableBeanFactory - Creating instance of bean 'org.springframework.context.annotation.ConfigurationClassPostProcessor.enhancedConfigurationProcessor'
16:38:11.763 [main] DEBUG o.s.b.f.s.DefaultListableBeanFactory - Eagerly caching bean 'org.springframework.context.annotation.ConfigurationClassPostProcessor.enhancedConfigurationProcessor' to allow for resolving potential circular references
16:38:11.763 [main] DEBUG o.s.b.f.s.DefaultListableBeanFactory - Finished creating instance of bean 'org.springframework.context.annotation.ConfigurationClassPostProcessor.enhancedConfigurationProcessor'
16:38:11.763 [main] DEBUG o.s.b.f.s.DefaultListableBeanFactory - Creating shared instance of singleton bean 'org.springframework.data.repository.core.support.RepositoryInterfaceAwareBeanPostProcessor'
16:38:11.763 [main] DEBUG o.s.b.f.s.DefaultListableBeanFactory - Creating instance of bean 'org.springframework.data.repository.core.support.RepositoryInterfaceAwareBeanPostProcessor'
16:38:11.763 [main] DEBUG o.s.b.f.s.DefaultListableBeanFactory - Eagerly caching bean 'org.springframework.data.repository.core.support.RepositoryInterfaceAwareBeanPostProcessor' to allow for resolving potential circular references
16:38:11.763 [main] DEBUG o.s.b.f.s.DefaultListableBeanFactory - Finished creating instance of bean 'org.springframework.data.repository.core.support.RepositoryInterfaceAwareBeanPostProcessor'
16:38:11.763 [main] DEBUG o.s.c.s.GenericApplicationContext - Unable to locate MessageSource with name 'messageSource': using default [org.springframework.context.support.DelegatingMessageSource@3cc79c02]
16:38:11.763 [main] DEBUG o.s.c.s.GenericApplicationContext - Unable to locate ApplicationEventMulticaster with name 'applicationEventMulticaster': using default [org.springframework.context.event.SimpleApplicationEventMulticaster@1e01b133]
16:38:11.763 [main] DEBUG o.s.b.f.s.DefaultListableBeanFactory - Pre-instantiating singletons in org.springframework.beans.factory.support.DefaultListableBeanFactory@e29f4f6: defining beans [org.springframework.context.annotation.internalConfigurationAnnotationProcessor,org.springframework.context.annotation.internalAutowiredAnnotationProcessor,org.springframework.context.annotation.internalRequiredAnnotationProcessor,org.springframework.context.annotation.internalCommonAnnotationProcessor,testConfigPerson,org.springframework.context.annotation.ConfigurationClassPostProcessor.importAwareProcessor,org.springframework.context.annotation.ConfigurationClassPostProcessor.enhancedConfigurationProcessor,aerospikeTemplate,aerospikeClient,org.springframework.data.aerospike.repository.config.AerospikeRepositoriesRegistrar$AerospikeRepositoryConfigurationExtension#0,org.springframework.data.repository.core.support.RepositoryInterfaceAwareBeanPostProcessor,keyValueMappingContext,contactRepository,personRepository]; root of factory hierarchy
16:38:11.763 [main] DEBUG o.s.b.f.s.DefaultListableBeanFactory - Returning cached instance of singleton bean 'org.springframework.context.annotation.internalConfigurationAnnotationProcessor'
16:38:11.763 [main] DEBUG o.s.b.f.s.DefaultListableBeanFactory - Returning cached instance of singleton bean 'org.springframework.context.annotation.internalAutowiredAnnotationProcessor'
16:38:11.763 [main] DEBUG o.s.b.f.s.DefaultListableBeanFactory - Returning cached instance of singleton bean 'org.springframework.context.annotation.internalRequiredAnnotationProcessor'
16:38:11.763 [main] DEBUG o.s.b.f.s.DefaultListableBeanFactory - Returning cached instance of singleton bean 'org.springframework.context.annotation.internalCommonAnnotationProcessor'
16:38:11.763 [main] DEBUG o.s.b.f.s.DefaultListableBeanFactory - Creating shared instance of singleton bean 'testConfigPerson'
16:38:11.763 [main] DEBUG o.s.b.f.s.DefaultListableBeanFactory - Creating instance of bean 'testConfigPerson'
16:38:11.763 [main] DEBUG o.s.b.f.s.DefaultListableBeanFactory - Eagerly caching bean 'testConfigPerson' to allow for resolving potential circular references
16:38:11.763 [main] DEBUG o.s.b.f.s.DefaultListableBeanFactory - Finished creating instance of bean 'testConfigPerson'
16:38:11.763 [main] DEBUG o.s.b.f.s.DefaultListableBeanFactory - Returning cached instance of singleton bean 'org.springframework.context.annotation.ConfigurationClassPostProcessor.importAwareProcessor'
16:38:11.763 [main] DEBUG o.s.b.f.s.DefaultListableBeanFactory - Returning cached instance of singleton bean 'org.springframework.context.annotation.ConfigurationClassPostProcessor.enhancedConfigurationProcessor'
16:38:11.763 [main] DEBUG o.s.b.f.s.DefaultListableBeanFactory - Creating shared instance of singleton bean 'aerospikeTemplate'
16:38:11.763 [main] DEBUG o.s.b.f.s.DefaultListableBeanFactory - Creating instance of bean 'aerospikeTemplate'
16:38:11.763 [main] DEBUG o.s.b.f.s.DefaultListableBeanFactory - Returning cached instance of singleton bean 'testConfigPerson'
16:38:11.763 [main] DEBUG o.s.b.f.s.DefaultListableBeanFactory - Creating shared instance of singleton bean 'aerospikeClient'
16:38:11.763 [main] DEBUG o.s.b.f.s.DefaultListableBeanFactory - Creating instance of bean 'aerospikeClient'
16:38:11.763 [main] DEBUG o.s.b.f.s.DefaultListableBeanFactory - Returning cached instance of singleton bean 'testConfigPerson'
16:38:13.764 [main] DEBUG o.s.d.a.r.q.AerospikeQueryCreator - AS:Alias 52.41.32.83:3000 failed: Error Code 11: java.net.SocketTimeoutException: connect timed out
16:38:13.764 [main] WARN  o.s.d.a.r.q.AerospikeQueryCreator - AS:Seed 52.41.32.83:3000 failed: Error Code 11: java.net.SocketTimeoutException: connect timed out
16:38:13.765 [main] WARN  o.s.c.s.GenericApplicationContext - Exception encountered during context initialization - cancelling refresh attempt
org.springframework.beans.factory.BeanCreationException: Error creating bean with name 'aerospikeTemplate' defined in org.springframework.data.aerospike.repository.TestConfigPerson: Bean instantiation via factory method failed; nested exception is org.springframework.beans.BeanInstantiationException: Failed to instantiate [org.springframework.data.aerospike.core.AerospikeTemplate]: Factory method 'aerospikeTemplate' threw exception; nested exception is org.springframework.beans.factory.BeanCreationException: Error creating bean with name 'aerospikeClient' defined in org.springframework.data.aerospike.repository.TestConfigPerson: Bean instantiation via factory method failed; nested exception is org.springframework.beans.BeanInstantiationException: Failed to instantiate [com.aerospike.client.AerospikeClient]: Factory method 'aerospikeClient' threw exception; nested exception is com.aerospike.client.AerospikeException$Connection: Error Code 11: Failed to connect to host(s): 
52.41.32.83:3000 Error Code 11: java.net.SocketTimeoutException: connect timed out

	at org.springframework.beans.factory.support.ConstructorResolver.instantiateUsingFactoryMethod(ConstructorResolver.java:599) ~[spring-beans-4.1.7.RELEASE.jar:4.1.7.RELEASE]
	at org.springframework.beans.factory.support.AbstractAutowireCapableBeanFactory.instantiateUsingFactoryMethod(AbstractAutowireCapableBeanFactory.java:1119) ~[spring-beans-4.1.7.RELEASE.jar:4.1.7.RELEASE]
	at org.springframework.beans.factory.support.AbstractAutowireCapableBeanFactory.createBeanInstance(AbstractAutowireCapableBeanFactory.java:1014) ~[spring-beans-4.1.7.RELEASE.jar:4.1.7.RELEASE]
	at org.springframework.beans.factory.support.AbstractAutowireCapableBeanFactory.doCreateBean(AbstractAutowireCapableBeanFactory.java:504) ~[spring-beans-4.1.7.RELEASE.jar:4.1.7.RELEASE]
	at org.springframework.beans.factory.support.AbstractAutowireCapableBeanFactory.createBean(AbstractAutowireCapableBeanFactory.java:476) ~[spring-beans-4.1.7.RELEASE.jar:4.1.7.RELEASE]
	at org.springframework.beans.factory.support.AbstractBeanFactory$1.getObject(AbstractBeanFactory.java:303) ~[spring-beans-4.1.7.RELEASE.jar:4.1.7.RELEASE]
	at org.springframework.beans.factory.support.DefaultSingletonBeanRegistry.getSingleton(DefaultSingletonBeanRegistry.java:230) ~[spring-beans-4.1.7.RELEASE.jar:4.1.7.RELEASE]
	at org.springframework.beans.factory.support.AbstractBeanFactory.doGetBean(AbstractBeanFactory.java:299) ~[spring-beans-4.1.7.RELEASE.jar:4.1.7.RELEASE]
	at org.springframework.beans.factory.support.AbstractBeanFactory.getBean(AbstractBeanFactory.java:194) ~[spring-beans-4.1.7.RELEASE.jar:4.1.7.RELEASE]
	at org.springframework.beans.factory.support.DefaultListableBeanFactory.preInstantiateSingletons(DefaultListableBeanFactory.java:755) ~[spring-beans-4.1.7.RELEASE.jar:4.1.7.RELEASE]
	at org.springframework.context.support.AbstractApplicationContext.finishBeanFactoryInitialization(AbstractApplicationContext.java:757) ~[spring-context-4.1.7.RELEASE.jar:4.1.7.RELEASE]
	at org.springframework.context.support.AbstractApplicationContext.refresh(AbstractApplicationContext.java:480) ~[spring-context-4.1.7.RELEASE.jar:4.1.7.RELEASE]
	at org.springframework.test.context.support.AbstractGenericContextLoader.loadContext(AbstractGenericContextLoader.java:125) [spring-test-4.1.7.RELEASE.jar:4.1.7.RELEASE]
	at org.springframework.test.context.support.AbstractGenericContextLoader.loadContext(AbstractGenericContextLoader.java:60) [spring-test-4.1.7.RELEASE.jar:4.1.7.RELEASE]
	at org.springframework.test.context.support.AbstractDelegatingSmartContextLoader.delegateLoading(AbstractDelegatingSmartContextLoader.java:109) [spring-test-4.1.7.RELEASE.jar:4.1.7.RELEASE]
	at org.springframework.test.context.support.AbstractDelegatingSmartContextLoader.loadContext(AbstractDelegatingSmartContextLoader.java:261) [spring-test-4.1.7.RELEASE.jar:4.1.7.RELEASE]
	at org.springframework.test.context.DefaultCacheAwareContextLoaderDelegate.loadContextInternal(DefaultCacheAwareContextLoaderDelegate.java:68) [spring-test-4.1.7.RELEASE.jar:4.1.7.RELEASE]
	at org.springframework.test.context.DefaultCacheAwareContextLoaderDelegate.loadContext(DefaultCacheAwareContextLoaderDelegate.java:86) [spring-test-4.1.7.RELEASE.jar:4.1.7.RELEASE]
	at org.springframework.test.context.DefaultTestContext.getApplicationContext(DefaultTestContext.java:72) [spring-test-4.1.7.RELEASE.jar:4.1.7.RELEASE]
	at org.springframework.test.context.support.DependencyInjectionTestExecutionListener.injectDependencies(DependencyInjectionTestExecutionListener.java:117) [spring-test-4.1.7.RELEASE.jar:4.1.7.RELEASE]
	at org.springframework.test.context.support.DependencyInjectionTestExecutionListener.prepareTestInstance(DependencyInjectionTestExecutionListener.java:83) [spring-test-4.1.7.RELEASE.jar:4.1.7.RELEASE]
	at org.springframework.test.context.TestContextManager.prepareTestInstance(TestContextManager.java:212) [spring-test-4.1.7.RELEASE.jar:4.1.7.RELEASE]
	at org.springframework.test.context.junit4.SpringJUnit4ClassRunner.createTest(SpringJUnit4ClassRunner.java:200) [spring-test-4.1.7.RELEASE.jar:4.1.7.RELEASE]
	at org.springframework.test.context.junit4.SpringJUnit4ClassRunner$1.runReflectiveCall(SpringJUnit4ClassRunner.java:259) [spring-test-4.1.7.RELEASE.jar:4.1.7.RELEASE]
	at org.junit.internal.runners.model.ReflectiveCallable.run(ReflectiveCallable.java:12) [junit-4.12.jar:4.12]
	at org.springframework.test.context.junit4.SpringJUnit4ClassRunner.methodBlock(SpringJUnit4ClassRunner.java:261) [spring-test-4.1.7.RELEASE.jar:4.1.7.RELEASE]
	at org.springframework.test.context.junit4.SpringJUnit4ClassRunner.runChild(SpringJUnit4ClassRunner.java:219) [spring-test-4.1.7.RELEASE.jar:4.1.7.RELEASE]
	at org.springframework.test.context.junit4.SpringJUnit4ClassRunner.runChild(SpringJUnit4ClassRunner.java:83) [spring-test-4.1.7.RELEASE.jar:4.1.7.RELEASE]
	at org.junit.runners.ParentRunner$3.run(ParentRunner.java:290) [junit-4.12.jar:4.12]
	at org.junit.runners.ParentRunner$1.schedule(ParentRunner.java:71) [junit-4.12.jar:4.12]
	at org.junit.runners.ParentRunner.runChildren(ParentRunner.java:288) [junit-4.12.jar:4.12]
	at org.junit.runners.ParentRunner.access$000(ParentRunner.java:58) [junit-4.12.jar:4.12]
	at org.junit.runners.ParentRunner$2.evaluate(ParentRunner.java:268) [junit-4.12.jar:4.12]
	at org.springframework.test.context.junit4.statements.RunBeforeTestClassCallbacks.evaluate(RunBeforeTestClassCallbacks.java:61) [spring-test-4.1.7.RELEASE.jar:4.1.7.RELEASE]
	at org.springframework.test.context.junit4.statements.RunAfterTestClassCallbacks.evaluate(RunAfterTestClassCallbacks.java:68) [spring-test-4.1.7.RELEASE.jar:4.1.7.RELEASE]
	at org.junit.runners.ParentRunner.run(ParentRunner.java:363) [junit-4.12.jar:4.12]
	at org.springframework.test.context.junit4.SpringJUnit4ClassRunner.run(SpringJUnit4ClassRunner.java:163) [spring-test-4.1.7.RELEASE.jar:4.1.7.RELEASE]
	at org.apache.maven.surefire.junit4.JUnit4Provider.execute(JUnit4Provider.java:283) [surefire-junit4-2.18.1.jar:2.18.1]
	at org.apache.maven.surefire.junit4.JUnit4Provider.executeWithRerun(JUnit4Provider.java:173) [surefire-junit4-2.18.1.jar:2.18.1]
	at org.apache.maven.surefire.junit4.JUnit4Provider.executeTestSet(JUnit4Provider.java:153) [surefire-junit4-2.18.1.jar:2.18.1]
	at org.apache.maven.surefire.junit4.JUnit4Provider.invoke(JUnit4Provider.java:128) [surefire-junit4-2.18.1.jar:2.18.1]
	at org.apache.maven.surefire.booter.ForkedBooter.invokeProviderInSameClassLoader(ForkedBooter.java:203) [surefire-booter-2.18.1.jar:2.18.1]
	at org.apache.maven.surefire.booter.ForkedBooter.runSuitesInProcess(ForkedBooter.java:155) [surefire-booter-2.18.1.jar:2.18.1]
	at org.apache.maven.surefire.booter.ForkedBooter.main(ForkedBooter.java:103) [surefire-booter-2.18.1.jar:2.18.1]
Caused by: org.springframework.beans.BeanInstantiationException: Failed to instantiate [org.springframework.data.aerospike.core.AerospikeTemplate]: Factory method 'aerospikeTemplate' threw exception; nested exception is org.springframework.beans.factory.BeanCreationException: Error creating bean with name 'aerospikeClient' defined in org.springframework.data.aerospike.repository.TestConfigPerson: Bean instantiation via factory method failed; nested exception is org.springframework.beans.BeanInstantiationException: Failed to instantiate [com.aerospike.client.AerospikeClient]: Factory method 'aerospikeClient' threw exception; nested exception is com.aerospike.client.AerospikeException$Connection: Error Code 11: Failed to connect to host(s): 
52.41.32.83:3000 Error Code 11: java.net.SocketTimeoutException: connect timed out

	at org.springframework.beans.factory.support.SimpleInstantiationStrategy.instantiate(SimpleInstantiationStrategy.java:189) ~[spring-beans-4.1.7.RELEASE.jar:4.1.7.RELEASE]
	at org.springframework.beans.factory.support.ConstructorResolver.instantiateUsingFactoryMethod(ConstructorResolver.java:588) ~[spring-beans-4.1.7.RELEASE.jar:4.1.7.RELEASE]
	... 43 common frames omitted
Caused by: org.springframework.beans.factory.BeanCreationException: Error creating bean with name 'aerospikeClient' defined in org.springframework.data.aerospike.repository.TestConfigPerson: Bean instantiation via factory method failed; nested exception is org.springframework.beans.BeanInstantiationException: Failed to instantiate [com.aerospike.client.AerospikeClient]: Factory method 'aerospikeClient' threw exception; nested exception is com.aerospike.client.AerospikeException$Connection: Error Code 11: Failed to connect to host(s): 
52.41.32.83:3000 Error Code 11: java.net.SocketTimeoutException: connect timed out

	at org.springframework.beans.factory.support.ConstructorResolver.instantiateUsingFactoryMethod(ConstructorResolver.java:599) ~[spring-beans-4.1.7.RELEASE.jar:4.1.7.RELEASE]
	at org.springframework.beans.factory.support.AbstractAutowireCapableBeanFactory.instantiateUsingFactoryMethod(AbstractAutowireCapableBeanFactory.java:1119) ~[spring-beans-4.1.7.RELEASE.jar:4.1.7.RELEASE]
	at org.springframework.beans.factory.support.AbstractAutowireCapableBeanFactory.createBeanInstance(AbstractAutowireCapableBeanFactory.java:1014) ~[spring-beans-4.1.7.RELEASE.jar:4.1.7.RELEASE]
	at org.springframework.beans.factory.support.AbstractAutowireCapableBeanFactory.doCreateBean(AbstractAutowireCapableBeanFactory.java:504) ~[spring-beans-4.1.7.RELEASE.jar:4.1.7.RELEASE]
	at org.springframework.beans.factory.support.AbstractAutowireCapableBeanFactory.createBean(AbstractAutowireCapableBeanFactory.java:476) ~[spring-beans-4.1.7.RELEASE.jar:4.1.7.RELEASE]
	at org.springframework.beans.factory.support.AbstractBeanFactory$1.getObject(AbstractBeanFactory.java:303) ~[spring-beans-4.1.7.RELEASE.jar:4.1.7.RELEASE]
	at org.springframework.beans.factory.support.DefaultSingletonBeanRegistry.getSingleton(DefaultSingletonBeanRegistry.java:230) ~[spring-beans-4.1.7.RELEASE.jar:4.1.7.RELEASE]
	at org.springframework.beans.factory.support.AbstractBeanFactory.doGetBean(AbstractBeanFactory.java:299) ~[spring-beans-4.1.7.RELEASE.jar:4.1.7.RELEASE]
	at org.springframework.beans.factory.support.AbstractBeanFactory.getBean(AbstractBeanFactory.java:194) ~[spring-beans-4.1.7.RELEASE.jar:4.1.7.RELEASE]
	at org.springframework.context.annotation.ConfigurationClassEnhancer$BeanMethodInterceptor.intercept(ConfigurationClassEnhancer.java:322) ~[spring-context-4.1.7.RELEASE.jar:4.1.7.RELEASE]
	at org.springframework.data.aerospike.repository.TestConfigPerson$$EnhancerBySpringCGLIB$$3f27a8da.aerospikeClient(<generated>) ~[spring-core-4.1.7.RELEASE.jar:na]
	at org.springframework.data.aerospike.repository.TestConfigPerson.aerospikeTemplate(TestConfigPerson.java:38) ~[test-classes/:na]
	at org.springframework.data.aerospike.repository.TestConfigPerson$$EnhancerBySpringCGLIB$$3f27a8da.CGLIB$aerospikeTemplate$0(<generated>) ~[spring-core-4.1.7.RELEASE.jar:na]
	at org.springframework.data.aerospike.repository.TestConfigPerson$$EnhancerBySpringCGLIB$$3f27a8da$$FastClassBySpringCGLIB$$38965c5e.invoke(<generated>) ~[spring-core-4.1.7.RELEASE.jar:na]
	at org.springframework.cglib.proxy.MethodProxy.invokeSuper(MethodProxy.java:228) ~[spring-core-4.1.7.RELEASE.jar:4.1.7.RELEASE]
	at org.springframework.context.annotation.ConfigurationClassEnhancer$BeanMethodInterceptor.intercept(ConfigurationClassEnhancer.java:309) ~[spring-context-4.1.7.RELEASE.jar:4.1.7.RELEASE]
	at org.springframework.data.aerospike.repository.TestConfigPerson$$EnhancerBySpringCGLIB$$3f27a8da.aerospikeTemplate(<generated>) ~[spring-core-4.1.7.RELEASE.jar:na]
	at sun.reflect.GeneratedMethodAccessor45.invoke(Unknown Source) ~[na:na]
	at sun.reflect.DelegatingMethodAccessorImpl.invoke(DelegatingMethodAccessorImpl.java:43) ~[na:1.8.0_91]
	at java.lang.reflect.Method.invoke(Method.java:498) ~[na:1.8.0_91]
	at org.springframework.beans.factory.support.SimpleInstantiationStrategy.instantiate(SimpleInstantiationStrategy.java:162) ~[spring-beans-4.1.7.RELEASE.jar:4.1.7.RELEASE]
	... 44 common frames omitted
Caused by: org.springframework.beans.BeanInstantiationException: Failed to instantiate [com.aerospike.client.AerospikeClient]: Factory method 'aerospikeClient' threw exception; nested exception is com.aerospike.client.AerospikeException$Connection: Error Code 11: Failed to connect to host(s): 
52.41.32.83:3000 Error Code 11: java.net.SocketTimeoutException: connect timed out

	at org.springframework.beans.factory.support.SimpleInstantiationStrategy.instantiate(SimpleInstantiationStrategy.java:189) ~[spring-beans-4.1.7.RELEASE.jar:4.1.7.RELEASE]
	at org.springframework.beans.factory.support.ConstructorResolver.instantiateUsingFactoryMethod(ConstructorResolver.java:588) ~[spring-beans-4.1.7.RELEASE.jar:4.1.7.RELEASE]
	... 64 common frames omitted
Caused by: com.aerospike.client.AerospikeException$Connection: Error Code 11: Failed to connect to host(s): 
52.41.32.83:3000 Error Code 11: java.net.SocketTimeoutException: connect timed out

	at com.aerospike.client.cluster.Cluster.seedNodes(Cluster.java:386) ~[aerospike-client-3.2.3.jar:na]
	at com.aerospike.client.cluster.Cluster.tend(Cluster.java:273) ~[aerospike-client-3.2.3.jar:na]
	at com.aerospike.client.cluster.Cluster.waitTillStabilized(Cluster.java:238) ~[aerospike-client-3.2.3.jar:na]
	at com.aerospike.client.cluster.Cluster.initTendThread(Cluster.java:148) ~[aerospike-client-3.2.3.jar:na]
	at com.aerospike.client.AerospikeClient.<init>(AerospikeClient.java:209) ~[aerospike-client-3.2.3.jar:na]
	at com.aerospike.client.AerospikeClient.<init>(AerospikeClient.java:173) ~[aerospike-client-3.2.3.jar:na]
	at org.springframework.data.aerospike.repository.TestConfigPerson.aerospikeClient(TestConfigPerson.java:32) ~[test-classes/:na]
	at org.springframework.data.aerospike.repository.TestConfigPerson$$EnhancerBySpringCGLIB$$3f27a8da.CGLIB$aerospikeClient$1(<generated>) ~[spring-core-4.1.7.RELEASE.jar:na]
	at org.springframework.data.aerospike.repository.TestConfigPerson$$EnhancerBySpringCGLIB$$3f27a8da$$FastClassBySpringCGLIB$$38965c5e.invoke(<generated>) ~[spring-core-4.1.7.RELEASE.jar:na]
	at org.springframework.cglib.proxy.MethodProxy.invokeSuper(MethodProxy.java:228) ~[spring-core-4.1.7.RELEASE.jar:4.1.7.RELEASE]
	at org.springframework.context.annotation.ConfigurationClassEnhancer$BeanMethodInterceptor.intercept(ConfigurationClassEnhancer.java:309) ~[spring-context-4.1.7.RELEASE.jar:4.1.7.RELEASE]
	at org.springframework.data.aerospike.repository.TestConfigPerson$$EnhancerBySpringCGLIB$$3f27a8da.aerospikeClient(<generated>) ~[spring-core-4.1.7.RELEASE.jar:na]
	at sun.reflect.GeneratedMethodAccessor46.invoke(Unknown Source) ~[na:na]
	at sun.reflect.DelegatingMethodAccessorImpl.invoke(DelegatingMethodAccessorImpl.java:43) ~[na:1.8.0_91]
	at java.lang.reflect.Method.invoke(Method.java:498) ~[na:1.8.0_91]
	at org.springframework.beans.factory.support.SimpleInstantiationStrategy.instantiate(SimpleInstantiationStrategy.java:162) ~[spring-beans-4.1.7.RELEASE.jar:4.1.7.RELEASE]
	... 65 common frames omitted
16:38:13.765 [main] DEBUG o.s.b.f.s.DefaultListableBeanFactory - Destroying singletons in org.springframework.beans.factory.support.DefaultListableBeanFactory@e29f4f6: defining beans [org.springframework.context.annotation.internalConfigurationAnnotationProcessor,org.springframework.context.annotation.internalAutowiredAnnotationProcessor,org.springframework.context.annotation.internalRequiredAnnotationProcessor,org.springframework.context.annotation.internalCommonAnnotationProcessor,testConfigPerson,org.springframework.context.annotation.ConfigurationClassPostProcessor.importAwareProcessor,org.springframework.context.annotation.ConfigurationClassPostProcessor.enhancedConfigurationProcessor,aerospikeTemplate,aerospikeClient,org.springframework.data.aerospike.repository.config.AerospikeRepositoriesRegistrar$AerospikeRepositoryConfigurationExtension#0,org.springframework.data.repository.core.support.RepositoryInterfaceAwareBeanPostProcessor,keyValueMappingContext,contactRepository,personRepository]; root of factory hierarchy
16:38:13.766 [main] ERROR o.s.test.context.TestContextManager - Caught exception while allowing TestExecutionListener [org.springframework.test.context.support.DependencyInjectionTestExecutionListener@334ebcaa] to prepare test instance [org.springframework.data.aerospike.repository.PersonRepositoryIntegrationTests@25ffd826]
java.lang.IllegalStateException: Failed to load ApplicationContext
	at org.springframework.test.context.DefaultCacheAwareContextLoaderDelegate.loadContext(DefaultCacheAwareContextLoaderDelegate.java:94) ~[spring-test-4.1.7.RELEASE.jar:4.1.7.RELEASE]
	at org.springframework.test.context.DefaultTestContext.getApplicationContext(DefaultTestContext.java:72) ~[spring-test-4.1.7.RELEASE.jar:4.1.7.RELEASE]
	at org.springframework.test.context.support.DependencyInjectionTestExecutionListener.injectDependencies(DependencyInjectionTestExecutionListener.java:117) ~[spring-test-4.1.7.RELEASE.jar:4.1.7.RELEASE]
	at org.springframework.test.context.support.DependencyInjectionTestExecutionListener.prepareTestInstance(DependencyInjectionTestExecutionListener.java:83) ~[spring-test-4.1.7.RELEASE.jar:4.1.7.RELEASE]
	at org.springframework.test.context.TestContextManager.prepareTestInstance(TestContextManager.java:212) ~[spring-test-4.1.7.RELEASE.jar:4.1.7.RELEASE]
	at org.springframework.test.context.junit4.SpringJUnit4ClassRunner.createTest(SpringJUnit4ClassRunner.java:200) [spring-test-4.1.7.RELEASE.jar:4.1.7.RELEASE]
	at org.springframework.test.context.junit4.SpringJUnit4ClassRunner$1.runReflectiveCall(SpringJUnit4ClassRunner.java:259) [spring-test-4.1.7.RELEASE.jar:4.1.7.RELEASE]
	at org.junit.internal.runners.model.ReflectiveCallable.run(ReflectiveCallable.java:12) [junit-4.12.jar:4.12]
	at org.springframework.test.context.junit4.SpringJUnit4ClassRunner.methodBlock(SpringJUnit4ClassRunner.java:261) [spring-test-4.1.7.RELEASE.jar:4.1.7.RELEASE]
	at org.springframework.test.context.junit4.SpringJUnit4ClassRunner.runChild(SpringJUnit4ClassRunner.java:219) [spring-test-4.1.7.RELEASE.jar:4.1.7.RELEASE]
	at org.springframework.test.context.junit4.SpringJUnit4ClassRunner.runChild(SpringJUnit4ClassRunner.java:83) [spring-test-4.1.7.RELEASE.jar:4.1.7.RELEASE]
	at org.junit.runners.ParentRunner$3.run(ParentRunner.java:290) [junit-4.12.jar:4.12]
	at org.junit.runners.ParentRunner$1.schedule(ParentRunner.java:71) [junit-4.12.jar:4.12]
	at org.junit.runners.ParentRunner.runChildren(ParentRunner.java:288) [junit-4.12.jar:4.12]
	at org.junit.runners.ParentRunner.access$000(ParentRunner.java:58) [junit-4.12.jar:4.12]
	at org.junit.runners.ParentRunner$2.evaluate(ParentRunner.java:268) [junit-4.12.jar:4.12]
	at org.springframework.test.context.junit4.statements.RunBeforeTestClassCallbacks.evaluate(RunBeforeTestClassCallbacks.java:61) [spring-test-4.1.7.RELEASE.jar:4.1.7.RELEASE]
	at org.springframework.test.context.junit4.statements.RunAfterTestClassCallbacks.evaluate(RunAfterTestClassCallbacks.java:68) [spring-test-4.1.7.RELEASE.jar:4.1.7.RELEASE]
	at org.junit.runners.ParentRunner.run(ParentRunner.java:363) [junit-4.12.jar:4.12]
	at org.springframework.test.context.junit4.SpringJUnit4ClassRunner.run(SpringJUnit4ClassRunner.java:163) [spring-test-4.1.7.RELEASE.jar:4.1.7.RELEASE]
	at org.apache.maven.surefire.junit4.JUnit4Provider.execute(JUnit4Provider.java:283) [surefire-junit4-2.18.1.jar:2.18.1]
	at org.apache.maven.surefire.junit4.JUnit4Provider.executeWithRerun(JUnit4Provider.java:173) [surefire-junit4-2.18.1.jar:2.18.1]
	at org.apache.maven.surefire.junit4.JUnit4Provider.executeTestSet(JUnit4Provider.java:153) [surefire-junit4-2.18.1.jar:2.18.1]
	at org.apache.maven.surefire.junit4.JUnit4Provider.invoke(JUnit4Provider.java:128) [surefire-junit4-2.18.1.jar:2.18.1]
	at org.apache.maven.surefire.booter.ForkedBooter.invokeProviderInSameClassLoader(ForkedBooter.java:203) [surefire-booter-2.18.1.jar:2.18.1]
	at org.apache.maven.surefire.booter.ForkedBooter.runSuitesInProcess(ForkedBooter.java:155) [surefire-booter-2.18.1.jar:2.18.1]
	at org.apache.maven.surefire.booter.ForkedBooter.main(ForkedBooter.java:103) [surefire-booter-2.18.1.jar:2.18.1]
Caused by: org.springframework.beans.factory.BeanCreationException: Error creating bean with name 'aerospikeTemplate' defined in org.springframework.data.aerospike.repository.TestConfigPerson: Bean instantiation via factory method failed; nested exception is org.springframework.beans.BeanInstantiationException: Failed to instantiate [org.springframework.data.aerospike.core.AerospikeTemplate]: Factory method 'aerospikeTemplate' threw exception; nested exception is org.springframework.beans.factory.BeanCreationException: Error creating bean with name 'aerospikeClient' defined in org.springframework.data.aerospike.repository.TestConfigPerson: Bean instantiation via factory method failed; nested exception is org.springframework.beans.BeanInstantiationException: Failed to instantiate [com.aerospike.client.AerospikeClient]: Factory method 'aerospikeClient' threw exception; nested exception is com.aerospike.client.AerospikeException$Connection: Error Code 11: Failed to connect to host(s): 
52.41.32.83:3000 Error Code 11: java.net.SocketTimeoutException: connect timed out

	at org.springframework.beans.factory.support.ConstructorResolver.instantiateUsingFactoryMethod(ConstructorResolver.java:599) ~[spring-beans-4.1.7.RELEASE.jar:4.1.7.RELEASE]
	at org.springframework.beans.factory.support.AbstractAutowireCapableBeanFactory.instantiateUsingFactoryMethod(AbstractAutowireCapableBeanFactory.java:1119) ~[spring-beans-4.1.7.RELEASE.jar:4.1.7.RELEASE]
	at org.springframework.beans.factory.support.AbstractAutowireCapableBeanFactory.createBeanInstance(AbstractAutowireCapableBeanFactory.java:1014) ~[spring-beans-4.1.7.RELEASE.jar:4.1.7.RELEASE]
	at org.springframework.beans.factory.support.AbstractAutowireCapableBeanFactory.doCreateBean(AbstractAutowireCapableBeanFactory.java:504) ~[spring-beans-4.1.7.RELEASE.jar:4.1.7.RELEASE]
	at org.springframework.beans.factory.support.AbstractAutowireCapableBeanFactory.createBean(AbstractAutowireCapableBeanFactory.java:476) ~[spring-beans-4.1.7.RELEASE.jar:4.1.7.RELEASE]
	at org.springframework.beans.factory.support.AbstractBeanFactory$1.getObject(AbstractBeanFactory.java:303) ~[spring-beans-4.1.7.RELEASE.jar:4.1.7.RELEASE]
	at org.springframework.beans.factory.support.DefaultSingletonBeanRegistry.getSingleton(DefaultSingletonBeanRegistry.java:230) ~[spring-beans-4.1.7.RELEASE.jar:4.1.7.RELEASE]
	at org.springframework.beans.factory.support.AbstractBeanFactory.doGetBean(AbstractBeanFactory.java:299) ~[spring-beans-4.1.7.RELEASE.jar:4.1.7.RELEASE]
	at org.springframework.beans.factory.support.AbstractBeanFactory.getBean(AbstractBeanFactory.java:194) ~[spring-beans-4.1.7.RELEASE.jar:4.1.7.RELEASE]
	at org.springframework.beans.factory.support.DefaultListableBeanFactory.preInstantiateSingletons(DefaultListableBeanFactory.java:755) ~[spring-beans-4.1.7.RELEASE.jar:4.1.7.RELEASE]
	at org.springframework.context.support.AbstractApplicationContext.finishBeanFactoryInitialization(AbstractApplicationContext.java:757) ~[spring-context-4.1.7.RELEASE.jar:4.1.7.RELEASE]
	at org.springframework.context.support.AbstractApplicationContext.refresh(AbstractApplicationContext.java:480) ~[spring-context-4.1.7.RELEASE.jar:4.1.7.RELEASE]
	at org.springframework.test.context.support.AbstractGenericContextLoader.loadContext(AbstractGenericContextLoader.java:125) ~[spring-test-4.1.7.RELEASE.jar:4.1.7.RELEASE]
	at org.springframework.test.context.support.AbstractGenericContextLoader.loadContext(AbstractGenericContextLoader.java:60) ~[spring-test-4.1.7.RELEASE.jar:4.1.7.RELEASE]
	at org.springframework.test.context.support.AbstractDelegatingSmartContextLoader.delegateLoading(AbstractDelegatingSmartContextLoader.java:109) ~[spring-test-4.1.7.RELEASE.jar:4.1.7.RELEASE]
	at org.springframework.test.context.support.AbstractDelegatingSmartContextLoader.loadContext(AbstractDelegatingSmartContextLoader.java:261) ~[spring-test-4.1.7.RELEASE.jar:4.1.7.RELEASE]
	at org.springframework.test.context.DefaultCacheAwareContextLoaderDelegate.loadContextInternal(DefaultCacheAwareContextLoaderDelegate.java:68) ~[spring-test-4.1.7.RELEASE.jar:4.1.7.RELEASE]
	at org.springframework.test.context.DefaultCacheAwareContextLoaderDelegate.loadContext(DefaultCacheAwareContextLoaderDelegate.java:86) ~[spring-test-4.1.7.RELEASE.jar:4.1.7.RELEASE]
	... 26 common frames omitted
Caused by: org.springframework.beans.BeanInstantiationException: Failed to instantiate [org.springframework.data.aerospike.core.AerospikeTemplate]: Factory method 'aerospikeTemplate' threw exception; nested exception is org.springframework.beans.factory.BeanCreationException: Error creating bean with name 'aerospikeClient' defined in org.springframework.data.aerospike.repository.TestConfigPerson: Bean instantiation via factory method failed; nested exception is org.springframework.beans.BeanInstantiationException: Failed to instantiate [com.aerospike.client.AerospikeClient]: Factory method 'aerospikeClient' threw exception; nested exception is com.aerospike.client.AerospikeException$Connection: Error Code 11: Failed to connect to host(s): 
52.41.32.83:3000 Error Code 11: java.net.SocketTimeoutException: connect timed out

	at org.springframework.beans.factory.support.SimpleInstantiationStrategy.instantiate(SimpleInstantiationStrategy.java:189) ~[spring-beans-4.1.7.RELEASE.jar:4.1.7.RELEASE]
	at org.springframework.beans.factory.support.ConstructorResolver.instantiateUsingFactoryMethod(ConstructorResolver.java:588) ~[spring-beans-4.1.7.RELEASE.jar:4.1.7.RELEASE]
	... 43 common frames omitted
Caused by: org.springframework.beans.factory.BeanCreationException: Error creating bean with name 'aerospikeClient' defined in org.springframework.data.aerospike.repository.TestConfigPerson: Bean instantiation via factory method failed; nested exception is org.springframework.beans.BeanInstantiationException: Failed to instantiate [com.aerospike.client.AerospikeClient]: Factory method 'aerospikeClient' threw exception; nested exception is com.aerospike.client.AerospikeException$Connection: Error Code 11: Failed to connect to host(s): 
52.41.32.83:3000 Error Code 11: java.net.SocketTimeoutException: connect timed out

	at org.springframework.beans.factory.support.ConstructorResolver.instantiateUsingFactoryMethod(ConstructorResolver.java:599) ~[spring-beans-4.1.7.RELEASE.jar:4.1.7.RELEASE]
	at org.springframework.beans.factory.support.AbstractAutowireCapableBeanFactory.instantiateUsingFactoryMethod(AbstractAutowireCapableBeanFactory.java:1119) ~[spring-beans-4.1.7.RELEASE.jar:4.1.7.RELEASE]
	at org.springframework.beans.factory.support.AbstractAutowireCapableBeanFactory.createBeanInstance(AbstractAutowireCapableBeanFactory.java:1014) ~[spring-beans-4.1.7.RELEASE.jar:4.1.7.RELEASE]
	at org.springframework.beans.factory.support.AbstractAutowireCapableBeanFactory.doCreateBean(AbstractAutowireCapableBeanFactory.java:504) ~[spring-beans-4.1.7.RELEASE.jar:4.1.7.RELEASE]
	at org.springframework.beans.factory.support.AbstractAutowireCapableBeanFactory.createBean(AbstractAutowireCapableBeanFactory.java:476) ~[spring-beans-4.1.7.RELEASE.jar:4.1.7.RELEASE]
	at org.springframework.beans.factory.support.AbstractBeanFactory$1.getObject(AbstractBeanFactory.java:303) ~[spring-beans-4.1.7.RELEASE.jar:4.1.7.RELEASE]
	at org.springframework.beans.factory.support.DefaultSingletonBeanRegistry.getSingleton(DefaultSingletonBeanRegistry.java:230) ~[spring-beans-4.1.7.RELEASE.jar:4.1.7.RELEASE]
	at org.springframework.beans.factory.support.AbstractBeanFactory.doGetBean(AbstractBeanFactory.java:299) ~[spring-beans-4.1.7.RELEASE.jar:4.1.7.RELEASE]
	at org.springframework.beans.factory.support.AbstractBeanFactory.getBean(AbstractBeanFactory.java:194) ~[spring-beans-4.1.7.RELEASE.jar:4.1.7.RELEASE]
	at org.springframework.context.annotation.ConfigurationClassEnhancer$BeanMethodInterceptor.intercept(ConfigurationClassEnhancer.java:322) ~[spring-context-4.1.7.RELEASE.jar:4.1.7.RELEASE]
	at org.springframework.data.aerospike.repository.TestConfigPerson$$EnhancerBySpringCGLIB$$3f27a8da.aerospikeClient(<generated>) ~[spring-core-4.1.7.RELEASE.jar:na]
	at org.springframework.data.aerospike.repository.TestConfigPerson.aerospikeTemplate(TestConfigPerson.java:38) ~[test-classes/:na]
	at org.springframework.data.aerospike.repository.TestConfigPerson$$EnhancerBySpringCGLIB$$3f27a8da.CGLIB$aerospikeTemplate$0(<generated>) ~[spring-core-4.1.7.RELEASE.jar:na]
	at org.springframework.data.aerospike.repository.TestConfigPerson$$EnhancerBySpringCGLIB$$3f27a8da$$FastClassBySpringCGLIB$$38965c5e.invoke(<generated>) ~[spring-core-4.1.7.RELEASE.jar:na]
	at org.springframework.cglib.proxy.MethodProxy.invokeSuper(MethodProxy.java:228) ~[spring-core-4.1.7.RELEASE.jar:4.1.7.RELEASE]
	at org.springframework.context.annotation.ConfigurationClassEnhancer$BeanMethodInterceptor.intercept(ConfigurationClassEnhancer.java:309) ~[spring-context-4.1.7.RELEASE.jar:4.1.7.RELEASE]
	at org.springframework.data.aerospike.repository.TestConfigPerson$$EnhancerBySpringCGLIB$$3f27a8da.aerospikeTemplate(<generated>) ~[spring-core-4.1.7.RELEASE.jar:na]
	at sun.reflect.GeneratedMethodAccessor45.invoke(Unknown Source) ~[na:na]
	at sun.reflect.DelegatingMethodAccessorImpl.invoke(DelegatingMethodAccessorImpl.java:43) ~[na:1.8.0_91]
	at java.lang.reflect.Method.invoke(Method.java:498) ~[na:1.8.0_91]
	at org.springframework.beans.factory.support.SimpleInstantiationStrategy.instantiate(SimpleInstantiationStrategy.java:162) ~[spring-beans-4.1.7.RELEASE.jar:4.1.7.RELEASE]
	... 44 common frames omitted
Caused by: org.springframework.beans.BeanInstantiationException: Failed to instantiate [com.aerospike.client.AerospikeClient]: Factory method 'aerospikeClient' threw exception; nested exception is com.aerospike.client.AerospikeException$Connection: Error Code 11: Failed to connect to host(s): 
52.41.32.83:3000 Error Code 11: java.net.SocketTimeoutException: connect timed out

	at org.springframework.beans.factory.support.SimpleInstantiationStrategy.instantiate(SimpleInstantiationStrategy.java:189) ~[spring-beans-4.1.7.RELEASE.jar:4.1.7.RELEASE]
	at org.springframework.beans.factory.support.ConstructorResolver.instantiateUsingFactoryMethod(ConstructorResolver.java:588) ~[spring-beans-4.1.7.RELEASE.jar:4.1.7.RELEASE]
	... 64 common frames omitted
Caused by: com.aerospike.client.AerospikeException$Connection: Error Code 11: Failed to connect to host(s): 
52.41.32.83:3000 Error Code 11: java.net.SocketTimeoutException: connect timed out

	at com.aerospike.client.cluster.Cluster.seedNodes(Cluster.java:386) ~[aerospike-client-3.2.3.jar:na]
	at com.aerospike.client.cluster.Cluster.tend(Cluster.java:273) ~[aerospike-client-3.2.3.jar:na]
	at com.aerospike.client.cluster.Cluster.waitTillStabilized(Cluster.java:238) ~[aerospike-client-3.2.3.jar:na]
	at com.aerospike.client.cluster.Cluster.initTendThread(Cluster.java:148) ~[aerospike-client-3.2.3.jar:na]
	at com.aerospike.client.AerospikeClient.<init>(AerospikeClient.java:209) ~[aerospike-client-3.2.3.jar:na]
	at com.aerospike.client.AerospikeClient.<init>(AerospikeClient.java:173) ~[aerospike-client-3.2.3.jar:na]
	at org.springframework.data.aerospike.repository.TestConfigPerson.aerospikeClient(TestConfigPerson.java:32) ~[test-classes/:na]
	at org.springframework.data.aerospike.repository.TestConfigPerson$$EnhancerBySpringCGLIB$$3f27a8da.CGLIB$aerospikeClient$1(<generated>) ~[spring-core-4.1.7.RELEASE.jar:na]
	at org.springframework.data.aerospike.repository.TestConfigPerson$$EnhancerBySpringCGLIB$$3f27a8da$$FastClassBySpringCGLIB$$38965c5e.invoke(<generated>) ~[spring-core-4.1.7.RELEASE.jar:na]
	at org.springframework.cglib.proxy.MethodProxy.invokeSuper(MethodProxy.java:228) ~[spring-core-4.1.7.RELEASE.jar:4.1.7.RELEASE]
	at org.springframework.context.annotation.ConfigurationClassEnhancer$BeanMethodInterceptor.intercept(ConfigurationClassEnhancer.java:309) ~[spring-context-4.1.7.RELEASE.jar:4.1.7.RELEASE]
	at org.springframework.data.aerospike.repository.TestConfigPerson$$EnhancerBySpringCGLIB$$3f27a8da.aerospikeClient(<generated>) ~[spring-core-4.1.7.RELEASE.jar:na]
	at sun.reflect.GeneratedMethodAccessor46.invoke(Unknown Source) ~[na:na]
	at sun.reflect.DelegatingMethodAccessorImpl.invoke(DelegatingMethodAccessorImpl.java:43) ~[na:1.8.0_91]
	at java.lang.reflect.Method.invoke(Method.java:498) ~[na:1.8.0_91]
	at org.springframework.beans.factory.support.SimpleInstantiationStrategy.instantiate(SimpleInstantiationStrategy.java:162) ~[spring-beans-4.1.7.RELEASE.jar:4.1.7.RELEASE]
	... 65 common frames omitted
]]></system-out>
  </testcase>
  <testcase name="findsAllMusicians" classname="org.springframework.data.aerospike.repository.PersonRepositoryIntegrationTests" time="0.001">
    <error message="Failed to load ApplicationContext" type="java.lang.IllegalStateException"><![CDATA[java.lang.IllegalStateException: Failed to load ApplicationContext
	at org.springframework.test.context.DefaultCacheAwareContextLoaderDelegate.loadContext(DefaultCacheAwareContextLoaderDelegate.java:94)
	at org.springframework.test.context.DefaultTestContext.getApplicationContext(DefaultTestContext.java:72)
	at org.springframework.test.context.support.DependencyInjectionTestExecutionListener.injectDependencies(DependencyInjectionTestExecutionListener.java:117)
	at org.springframework.test.context.support.DependencyInjectionTestExecutionListener.prepareTestInstance(DependencyInjectionTestExecutionListener.java:83)
	at org.springframework.test.context.TestContextManager.prepareTestInstance(TestContextManager.java:212)
	at org.springframework.test.context.junit4.SpringJUnit4ClassRunner.createTest(SpringJUnit4ClassRunner.java:200)
	at org.springframework.test.context.junit4.SpringJUnit4ClassRunner$1.runReflectiveCall(SpringJUnit4ClassRunner.java:259)
	at org.junit.internal.runners.model.ReflectiveCallable.run(ReflectiveCallable.java:12)
	at org.springframework.test.context.junit4.SpringJUnit4ClassRunner.methodBlock(SpringJUnit4ClassRunner.java:261)
	at org.springframework.test.context.junit4.SpringJUnit4ClassRunner.runChild(SpringJUnit4ClassRunner.java:219)
	at org.springframework.test.context.junit4.SpringJUnit4ClassRunner.runChild(SpringJUnit4ClassRunner.java:83)
	at org.junit.runners.ParentRunner$3.run(ParentRunner.java:290)
	at org.junit.runners.ParentRunner$1.schedule(ParentRunner.java:71)
	at org.junit.runners.ParentRunner.runChildren(ParentRunner.java:288)
	at org.junit.runners.ParentRunner.access$000(ParentRunner.java:58)
	at org.junit.runners.ParentRunner$2.evaluate(ParentRunner.java:268)
	at org.springframework.test.context.junit4.statements.RunBeforeTestClassCallbacks.evaluate(RunBeforeTestClassCallbacks.java:61)
	at org.springframework.test.context.junit4.statements.RunAfterTestClassCallbacks.evaluate(RunAfterTestClassCallbacks.java:68)
	at org.junit.runners.ParentRunner.run(ParentRunner.java:363)
	at org.springframework.test.context.junit4.SpringJUnit4ClassRunner.run(SpringJUnit4ClassRunner.java:163)
	at org.apache.maven.surefire.junit4.JUnit4Provider.execute(JUnit4Provider.java:283)
	at org.apache.maven.surefire.junit4.JUnit4Provider.executeWithRerun(JUnit4Provider.java:173)
	at org.apache.maven.surefire.junit4.JUnit4Provider.executeTestSet(JUnit4Provider.java:153)
	at org.apache.maven.surefire.junit4.JUnit4Provider.invoke(JUnit4Provider.java:128)
	at org.apache.maven.surefire.booter.ForkedBooter.invokeProviderInSameClassLoader(ForkedBooter.java:203)
	at org.apache.maven.surefire.booter.ForkedBooter.runSuitesInProcess(ForkedBooter.java:155)
	at org.apache.maven.surefire.booter.ForkedBooter.main(ForkedBooter.java:103)
Caused by: org.springframework.beans.factory.BeanCreationException: Error creating bean with name 'aerospikeTemplate' defined in org.springframework.data.aerospike.repository.TestConfigPerson: Bean instantiation via factory method failed; nested exception is org.springframework.beans.BeanInstantiationException: Failed to instantiate [org.springframework.data.aerospike.core.AerospikeTemplate]: Factory method 'aerospikeTemplate' threw exception; nested exception is org.springframework.beans.factory.BeanCreationException: Error creating bean with name 'aerospikeClient' defined in org.springframework.data.aerospike.repository.TestConfigPerson: Bean instantiation via factory method failed; nested exception is org.springframework.beans.BeanInstantiationException: Failed to instantiate [com.aerospike.client.AerospikeClient]: Factory method 'aerospikeClient' threw exception; nested exception is com.aerospike.client.AerospikeException$Connection: Error Code 11: Failed to connect to host(s): 
52.41.32.83:3000 Error Code 11: java.net.SocketTimeoutException: connect timed out

	at org.springframework.beans.factory.support.ConstructorResolver.instantiateUsingFactoryMethod(ConstructorResolver.java:599)
	at org.springframework.beans.factory.support.AbstractAutowireCapableBeanFactory.instantiateUsingFactoryMethod(AbstractAutowireCapableBeanFactory.java:1119)
	at org.springframework.beans.factory.support.AbstractAutowireCapableBeanFactory.createBeanInstance(AbstractAutowireCapableBeanFactory.java:1014)
	at org.springframework.beans.factory.support.AbstractAutowireCapableBeanFactory.doCreateBean(AbstractAutowireCapableBeanFactory.java:504)
	at org.springframework.beans.factory.support.AbstractAutowireCapableBeanFactory.createBean(AbstractAutowireCapableBeanFactory.java:476)
	at org.springframework.beans.factory.support.AbstractBeanFactory$1.getObject(AbstractBeanFactory.java:303)
	at org.springframework.beans.factory.support.DefaultSingletonBeanRegistry.getSingleton(DefaultSingletonBeanRegistry.java:230)
	at org.springframework.beans.factory.support.AbstractBeanFactory.doGetBean(AbstractBeanFactory.java:299)
	at org.springframework.beans.factory.support.AbstractBeanFactory.getBean(AbstractBeanFactory.java:194)
	at org.springframework.beans.factory.support.DefaultListableBeanFactory.preInstantiateSingletons(DefaultListableBeanFactory.java:755)
	at org.springframework.context.support.AbstractApplicationContext.finishBeanFactoryInitialization(AbstractApplicationContext.java:757)
	at org.springframework.context.support.AbstractApplicationContext.refresh(AbstractApplicationContext.java:480)
	at org.springframework.test.context.support.AbstractGenericContextLoader.loadContext(AbstractGenericContextLoader.java:125)
	at org.springframework.test.context.support.AbstractGenericContextLoader.loadContext(AbstractGenericContextLoader.java:60)
	at org.springframework.test.context.support.AbstractDelegatingSmartContextLoader.delegateLoading(AbstractDelegatingSmartContextLoader.java:109)
	at org.springframework.test.context.support.AbstractDelegatingSmartContextLoader.loadContext(AbstractDelegatingSmartContextLoader.java:261)
	at org.springframework.test.context.DefaultCacheAwareContextLoaderDelegate.loadContextInternal(DefaultCacheAwareContextLoaderDelegate.java:68)
	at org.springframework.test.context.DefaultCacheAwareContextLoaderDelegate.loadContext(DefaultCacheAwareContextLoaderDelegate.java:86)
	at org.springframework.test.context.DefaultTestContext.getApplicationContext(DefaultTestContext.java:72)
	at org.springframework.test.context.support.DependencyInjectionTestExecutionListener.injectDependencies(DependencyInjectionTestExecutionListener.java:117)
	at org.springframework.test.context.support.DependencyInjectionTestExecutionListener.prepareTestInstance(DependencyInjectionTestExecutionListener.java:83)
	at org.springframework.test.context.TestContextManager.prepareTestInstance(TestContextManager.java:212)
	at org.springframework.test.context.junit4.SpringJUnit4ClassRunner.createTest(SpringJUnit4ClassRunner.java:200)
	at org.springframework.test.context.junit4.SpringJUnit4ClassRunner$1.runReflectiveCall(SpringJUnit4ClassRunner.java:259)
	at org.junit.internal.runners.model.ReflectiveCallable.run(ReflectiveCallable.java:12)
	at org.springframework.test.context.junit4.SpringJUnit4ClassRunner.methodBlock(SpringJUnit4ClassRunner.java:261)
	at org.springframework.test.context.junit4.SpringJUnit4ClassRunner.runChild(SpringJUnit4ClassRunner.java:219)
	at org.springframework.test.context.junit4.SpringJUnit4ClassRunner.runChild(SpringJUnit4ClassRunner.java:83)
	at org.junit.runners.ParentRunner$3.run(ParentRunner.java:290)
	at org.junit.runners.ParentRunner$1.schedule(ParentRunner.java:71)
	at org.junit.runners.ParentRunner.runChildren(ParentRunner.java:288)
	at org.junit.runners.ParentRunner.access$000(ParentRunner.java:58)
	at org.junit.runners.ParentRunner$2.evaluate(ParentRunner.java:268)
	at org.springframework.test.context.junit4.statements.RunBeforeTestClassCallbacks.evaluate(RunBeforeTestClassCallbacks.java:61)
	at org.springframework.test.context.junit4.statements.RunAfterTestClassCallbacks.evaluate(RunAfterTestClassCallbacks.java:68)
	at org.junit.runners.ParentRunner.run(ParentRunner.java:363)
	at org.springframework.test.context.junit4.SpringJUnit4ClassRunner.run(SpringJUnit4ClassRunner.java:163)
	at org.apache.maven.surefire.junit4.JUnit4Provider.execute(JUnit4Provider.java:283)
	at org.apache.maven.surefire.junit4.JUnit4Provider.executeWithRerun(JUnit4Provider.java:173)
	at org.apache.maven.surefire.junit4.JUnit4Provider.executeTestSet(JUnit4Provider.java:153)
	at org.apache.maven.surefire.junit4.JUnit4Provider.invoke(JUnit4Provider.java:128)
	at org.apache.maven.surefire.booter.ForkedBooter.invokeProviderInSameClassLoader(ForkedBooter.java:203)
	at org.apache.maven.surefire.booter.ForkedBooter.runSuitesInProcess(ForkedBooter.java:155)
	at org.apache.maven.surefire.booter.ForkedBooter.main(ForkedBooter.java:103)
Caused by: org.springframework.beans.BeanInstantiationException: Failed to instantiate [org.springframework.data.aerospike.core.AerospikeTemplate]: Factory method 'aerospikeTemplate' threw exception; nested exception is org.springframework.beans.factory.BeanCreationException: Error creating bean with name 'aerospikeClient' defined in org.springframework.data.aerospike.repository.TestConfigPerson: Bean instantiation via factory method failed; nested exception is org.springframework.beans.BeanInstantiationException: Failed to instantiate [com.aerospike.client.AerospikeClient]: Factory method 'aerospikeClient' threw exception; nested exception is com.aerospike.client.AerospikeException$Connection: Error Code 11: Failed to connect to host(s): 
52.41.32.83:3000 Error Code 11: java.net.SocketTimeoutException: connect timed out

	at org.springframework.beans.factory.support.SimpleInstantiationStrategy.instantiate(SimpleInstantiationStrategy.java:189)
	at org.springframework.beans.factory.support.ConstructorResolver.instantiateUsingFactoryMethod(ConstructorResolver.java:588)
	at org.springframework.beans.factory.support.AbstractAutowireCapableBeanFactory.instantiateUsingFactoryMethod(AbstractAutowireCapableBeanFactory.java:1119)
	at org.springframework.beans.factory.support.AbstractAutowireCapableBeanFactory.createBeanInstance(AbstractAutowireCapableBeanFactory.java:1014)
	at org.springframework.beans.factory.support.AbstractAutowireCapableBeanFactory.doCreateBean(AbstractAutowireCapableBeanFactory.java:504)
	at org.springframework.beans.factory.support.AbstractAutowireCapableBeanFactory.createBean(AbstractAutowireCapableBeanFactory.java:476)
	at org.springframework.beans.factory.support.AbstractBeanFactory$1.getObject(AbstractBeanFactory.java:303)
	at org.springframework.beans.factory.support.DefaultSingletonBeanRegistry.getSingleton(DefaultSingletonBeanRegistry.java:230)
	at org.springframework.beans.factory.support.AbstractBeanFactory.doGetBean(AbstractBeanFactory.java:299)
	at org.springframework.beans.factory.support.AbstractBeanFactory.getBean(AbstractBeanFactory.java:194)
	at org.springframework.beans.factory.support.DefaultListableBeanFactory.preInstantiateSingletons(DefaultListableBeanFactory.java:755)
	at org.springframework.context.support.AbstractApplicationContext.finishBeanFactoryInitialization(AbstractApplicationContext.java:757)
	at org.springframework.context.support.AbstractApplicationContext.refresh(AbstractApplicationContext.java:480)
	at org.springframework.test.context.support.AbstractGenericContextLoader.loadContext(AbstractGenericContextLoader.java:125)
	at org.springframework.test.context.support.AbstractGenericContextLoader.loadContext(AbstractGenericContextLoader.java:60)
	at org.springframework.test.context.support.AbstractDelegatingSmartContextLoader.delegateLoading(AbstractDelegatingSmartContextLoader.java:109)
	at org.springframework.test.context.support.AbstractDelegatingSmartContextLoader.loadContext(AbstractDelegatingSmartContextLoader.java:261)
	at org.springframework.test.context.DefaultCacheAwareContextLoaderDelegate.loadContextInternal(DefaultCacheAwareContextLoaderDelegate.java:68)
	at org.springframework.test.context.DefaultCacheAwareContextLoaderDelegate.loadContext(DefaultCacheAwareContextLoaderDelegate.java:86)
	at org.springframework.test.context.DefaultTestContext.getApplicationContext(DefaultTestContext.java:72)
	at org.springframework.test.context.support.DependencyInjectionTestExecutionListener.injectDependencies(DependencyInjectionTestExecutionListener.java:117)
	at org.springframework.test.context.support.DependencyInjectionTestExecutionListener.prepareTestInstance(DependencyInjectionTestExecutionListener.java:83)
	at org.springframework.test.context.TestContextManager.prepareTestInstance(TestContextManager.java:212)
	at org.springframework.test.context.junit4.SpringJUnit4ClassRunner.createTest(SpringJUnit4ClassRunner.java:200)
	at org.springframework.test.context.junit4.SpringJUnit4ClassRunner$1.runReflectiveCall(SpringJUnit4ClassRunner.java:259)
	at org.junit.internal.runners.model.ReflectiveCallable.run(ReflectiveCallable.java:12)
	at org.springframework.test.context.junit4.SpringJUnit4ClassRunner.methodBlock(SpringJUnit4ClassRunner.java:261)
	at org.springframework.test.context.junit4.SpringJUnit4ClassRunner.runChild(SpringJUnit4ClassRunner.java:219)
	at org.springframework.test.context.junit4.SpringJUnit4ClassRunner.runChild(SpringJUnit4ClassRunner.java:83)
	at org.junit.runners.ParentRunner$3.run(ParentRunner.java:290)
	at org.junit.runners.ParentRunner$1.schedule(ParentRunner.java:71)
	at org.junit.runners.ParentRunner.runChildren(ParentRunner.java:288)
	at org.junit.runners.ParentRunner.access$000(ParentRunner.java:58)
	at org.junit.runners.ParentRunner$2.evaluate(ParentRunner.java:268)
	at org.springframework.test.context.junit4.statements.RunBeforeTestClassCallbacks.evaluate(RunBeforeTestClassCallbacks.java:61)
	at org.springframework.test.context.junit4.statements.RunAfterTestClassCallbacks.evaluate(RunAfterTestClassCallbacks.java:68)
	at org.junit.runners.ParentRunner.run(ParentRunner.java:363)
	at org.springframework.test.context.junit4.SpringJUnit4ClassRunner.run(SpringJUnit4ClassRunner.java:163)
	at org.apache.maven.surefire.junit4.JUnit4Provider.execute(JUnit4Provider.java:283)
	at org.apache.maven.surefire.junit4.JUnit4Provider.executeWithRerun(JUnit4Provider.java:173)
	at org.apache.maven.surefire.junit4.JUnit4Provider.executeTestSet(JUnit4Provider.java:153)
	at org.apache.maven.surefire.junit4.JUnit4Provider.invoke(JUnit4Provider.java:128)
	at org.apache.maven.surefire.booter.ForkedBooter.invokeProviderInSameClassLoader(ForkedBooter.java:203)
	at org.apache.maven.surefire.booter.ForkedBooter.runSuitesInProcess(ForkedBooter.java:155)
	at org.apache.maven.surefire.booter.ForkedBooter.main(ForkedBooter.java:103)
Caused by: org.springframework.beans.factory.BeanCreationException: Error creating bean with name 'aerospikeClient' defined in org.springframework.data.aerospike.repository.TestConfigPerson: Bean instantiation via factory method failed; nested exception is org.springframework.beans.BeanInstantiationException: Failed to instantiate [com.aerospike.client.AerospikeClient]: Factory method 'aerospikeClient' threw exception; nested exception is com.aerospike.client.AerospikeException$Connection: Error Code 11: Failed to connect to host(s): 
52.41.32.83:3000 Error Code 11: java.net.SocketTimeoutException: connect timed out

	at org.springframework.beans.factory.support.ConstructorResolver.instantiateUsingFactoryMethod(ConstructorResolver.java:599)
	at org.springframework.beans.factory.support.AbstractAutowireCapableBeanFactory.instantiateUsingFactoryMethod(AbstractAutowireCapableBeanFactory.java:1119)
	at org.springframework.beans.factory.support.AbstractAutowireCapableBeanFactory.createBeanInstance(AbstractAutowireCapableBeanFactory.java:1014)
	at org.springframework.beans.factory.support.AbstractAutowireCapableBeanFactory.doCreateBean(AbstractAutowireCapableBeanFactory.java:504)
	at org.springframework.beans.factory.support.AbstractAutowireCapableBeanFactory.createBean(AbstractAutowireCapableBeanFactory.java:476)
	at org.springframework.beans.factory.support.AbstractBeanFactory$1.getObject(AbstractBeanFactory.java:303)
	at org.springframework.beans.factory.support.DefaultSingletonBeanRegistry.getSingleton(DefaultSingletonBeanRegistry.java:230)
	at org.springframework.beans.factory.support.AbstractBeanFactory.doGetBean(AbstractBeanFactory.java:299)
	at org.springframework.beans.factory.support.AbstractBeanFactory.getBean(AbstractBeanFactory.java:194)
	at org.springframework.context.annotation.ConfigurationClassEnhancer$BeanMethodInterceptor.intercept(ConfigurationClassEnhancer.java:322)
	at org.springframework.data.aerospike.repository.TestConfigPerson$$EnhancerBySpringCGLIB$$3f27a8da.aerospikeClient(<generated>)
	at org.springframework.data.aerospike.repository.TestConfigPerson.aerospikeTemplate(TestConfigPerson.java:38)
	at org.springframework.data.aerospike.repository.TestConfigPerson$$EnhancerBySpringCGLIB$$3f27a8da.CGLIB$aerospikeTemplate$0(<generated>)
	at org.springframework.data.aerospike.repository.TestConfigPerson$$EnhancerBySpringCGLIB$$3f27a8da$$FastClassBySpringCGLIB$$38965c5e.invoke(<generated>)
	at org.springframework.cglib.proxy.MethodProxy.invokeSuper(MethodProxy.java:228)
	at org.springframework.context.annotation.ConfigurationClassEnhancer$BeanMethodInterceptor.intercept(ConfigurationClassEnhancer.java:309)
	at org.springframework.data.aerospike.repository.TestConfigPerson$$EnhancerBySpringCGLIB$$3f27a8da.aerospikeTemplate(<generated>)
	at sun.reflect.GeneratedMethodAccessor45.invoke(Unknown Source)
	at sun.reflect.DelegatingMethodAccessorImpl.invoke(DelegatingMethodAccessorImpl.java:43)
	at java.lang.reflect.Method.invoke(Method.java:498)
	at org.springframework.beans.factory.support.SimpleInstantiationStrategy.instantiate(SimpleInstantiationStrategy.java:162)
	at org.springframework.beans.factory.support.ConstructorResolver.instantiateUsingFactoryMethod(ConstructorResolver.java:588)
	at org.springframework.beans.factory.support.AbstractAutowireCapableBeanFactory.instantiateUsingFactoryMethod(AbstractAutowireCapableBeanFactory.java:1119)
	at org.springframework.beans.factory.support.AbstractAutowireCapableBeanFactory.createBeanInstance(AbstractAutowireCapableBeanFactory.java:1014)
	at org.springframework.beans.factory.support.AbstractAutowireCapableBeanFactory.doCreateBean(AbstractAutowireCapableBeanFactory.java:504)
	at org.springframework.beans.factory.support.AbstractAutowireCapableBeanFactory.createBean(AbstractAutowireCapableBeanFactory.java:476)
	at org.springframework.beans.factory.support.AbstractBeanFactory$1.getObject(AbstractBeanFactory.java:303)
	at org.springframework.beans.factory.support.DefaultSingletonBeanRegistry.getSingleton(DefaultSingletonBeanRegistry.java:230)
	at org.springframework.beans.factory.support.AbstractBeanFactory.doGetBean(AbstractBeanFactory.java:299)
	at org.springframework.beans.factory.support.AbstractBeanFactory.getBean(AbstractBeanFactory.java:194)
	at org.springframework.beans.factory.support.DefaultListableBeanFactory.preInstantiateSingletons(DefaultListableBeanFactory.java:755)
	at org.springframework.context.support.AbstractApplicationContext.finishBeanFactoryInitialization(AbstractApplicationContext.java:757)
	at org.springframework.context.support.AbstractApplicationContext.refresh(AbstractApplicationContext.java:480)
	at org.springframework.test.context.support.AbstractGenericContextLoader.loadContext(AbstractGenericContextLoader.java:125)
	at org.springframework.test.context.support.AbstractGenericContextLoader.loadContext(AbstractGenericContextLoader.java:60)
	at org.springframework.test.context.support.AbstractDelegatingSmartContextLoader.delegateLoading(AbstractDelegatingSmartContextLoader.java:109)
	at org.springframework.test.context.support.AbstractDelegatingSmartContextLoader.loadContext(AbstractDelegatingSmartContextLoader.java:261)
	at org.springframework.test.context.DefaultCacheAwareContextLoaderDelegate.loadContextInternal(DefaultCacheAwareContextLoaderDelegate.java:68)
	at org.springframework.test.context.DefaultCacheAwareContextLoaderDelegate.loadContext(DefaultCacheAwareContextLoaderDelegate.java:86)
	at org.springframework.test.context.DefaultTestContext.getApplicationContext(DefaultTestContext.java:72)
	at org.springframework.test.context.support.DependencyInjectionTestExecutionListener.injectDependencies(DependencyInjectionTestExecutionListener.java:117)
	at org.springframework.test.context.support.DependencyInjectionTestExecutionListener.prepareTestInstance(DependencyInjectionTestExecutionListener.java:83)
	at org.springframework.test.context.TestContextManager.prepareTestInstance(TestContextManager.java:212)
	at org.springframework.test.context.junit4.SpringJUnit4ClassRunner.createTest(SpringJUnit4ClassRunner.java:200)
	at org.springframework.test.context.junit4.SpringJUnit4ClassRunner$1.runReflectiveCall(SpringJUnit4ClassRunner.java:259)
	at org.junit.internal.runners.model.ReflectiveCallable.run(ReflectiveCallable.java:12)
	at org.springframework.test.context.junit4.SpringJUnit4ClassRunner.methodBlock(SpringJUnit4ClassRunner.java:261)
	at org.springframework.test.context.junit4.SpringJUnit4ClassRunner.runChild(SpringJUnit4ClassRunner.java:219)
	at org.springframework.test.context.junit4.SpringJUnit4ClassRunner.runChild(SpringJUnit4ClassRunner.java:83)
	at org.junit.runners.ParentRunner$3.run(ParentRunner.java:290)
	at org.junit.runners.ParentRunner$1.schedule(ParentRunner.java:71)
	at org.junit.runners.ParentRunner.runChildren(ParentRunner.java:288)
	at org.junit.runners.ParentRunner.access$000(ParentRunner.java:58)
	at org.junit.runners.ParentRunner$2.evaluate(ParentRunner.java:268)
	at org.springframework.test.context.junit4.statements.RunBeforeTestClassCallbacks.evaluate(RunBeforeTestClassCallbacks.java:61)
	at org.springframework.test.context.junit4.statements.RunAfterTestClassCallbacks.evaluate(RunAfterTestClassCallbacks.java:68)
	at org.junit.runners.ParentRunner.run(ParentRunner.java:363)
	at org.springframework.test.context.junit4.SpringJUnit4ClassRunner.run(SpringJUnit4ClassRunner.java:163)
	at org.apache.maven.surefire.junit4.JUnit4Provider.execute(JUnit4Provider.java:283)
	at org.apache.maven.surefire.junit4.JUnit4Provider.executeWithRerun(JUnit4Provider.java:173)
	at org.apache.maven.surefire.junit4.JUnit4Provider.executeTestSet(JUnit4Provider.java:153)
	at org.apache.maven.surefire.junit4.JUnit4Provider.invoke(JUnit4Provider.java:128)
	at org.apache.maven.surefire.booter.ForkedBooter.invokeProviderInSameClassLoader(ForkedBooter.java:203)
	at org.apache.maven.surefire.booter.ForkedBooter.runSuitesInProcess(ForkedBooter.java:155)
	at org.apache.maven.surefire.booter.ForkedBooter.main(ForkedBooter.java:103)
Caused by: org.springframework.beans.BeanInstantiationException: Failed to instantiate [com.aerospike.client.AerospikeClient]: Factory method 'aerospikeClient' threw exception; nested exception is com.aerospike.client.AerospikeException$Connection: Error Code 11: Failed to connect to host(s): 
52.41.32.83:3000 Error Code 11: java.net.SocketTimeoutException: connect timed out

	at org.springframework.beans.factory.support.SimpleInstantiationStrategy.instantiate(SimpleInstantiationStrategy.java:189)
	at org.springframework.beans.factory.support.ConstructorResolver.instantiateUsingFactoryMethod(ConstructorResolver.java:588)
	at org.springframework.beans.factory.support.AbstractAutowireCapableBeanFactory.instantiateUsingFactoryMethod(AbstractAutowireCapableBeanFactory.java:1119)
	at org.springframework.beans.factory.support.AbstractAutowireCapableBeanFactory.createBeanInstance(AbstractAutowireCapableBeanFactory.java:1014)
	at org.springframework.beans.factory.support.AbstractAutowireCapableBeanFactory.doCreateBean(AbstractAutowireCapableBeanFactory.java:504)
	at org.springframework.beans.factory.support.AbstractAutowireCapableBeanFactory.createBean(AbstractAutowireCapableBeanFactory.java:476)
	at org.springframework.beans.factory.support.AbstractBeanFactory$1.getObject(AbstractBeanFactory.java:303)
	at org.springframework.beans.factory.support.DefaultSingletonBeanRegistry.getSingleton(DefaultSingletonBeanRegistry.java:230)
	at org.springframework.beans.factory.support.AbstractBeanFactory.doGetBean(AbstractBeanFactory.java:299)
	at org.springframework.beans.factory.support.AbstractBeanFactory.getBean(AbstractBeanFactory.java:194)
	at org.springframework.context.annotation.ConfigurationClassEnhancer$BeanMethodInterceptor.intercept(ConfigurationClassEnhancer.java:322)
	at org.springframework.data.aerospike.repository.TestConfigPerson$$EnhancerBySpringCGLIB$$3f27a8da.aerospikeClient(<generated>)
	at org.springframework.data.aerospike.repository.TestConfigPerson.aerospikeTemplate(TestConfigPerson.java:38)
	at org.springframework.data.aerospike.repository.TestConfigPerson$$EnhancerBySpringCGLIB$$3f27a8da.CGLIB$aerospikeTemplate$0(<generated>)
	at org.springframework.data.aerospike.repository.TestConfigPerson$$EnhancerBySpringCGLIB$$3f27a8da$$FastClassBySpringCGLIB$$38965c5e.invoke(<generated>)
	at org.springframework.cglib.proxy.MethodProxy.invokeSuper(MethodProxy.java:228)
	at org.springframework.context.annotation.ConfigurationClassEnhancer$BeanMethodInterceptor.intercept(ConfigurationClassEnhancer.java:309)
	at org.springframework.data.aerospike.repository.TestConfigPerson$$EnhancerBySpringCGLIB$$3f27a8da.aerospikeTemplate(<generated>)
	at sun.reflect.GeneratedMethodAccessor45.invoke(Unknown Source)
	at sun.reflect.DelegatingMethodAccessorImpl.invoke(DelegatingMethodAccessorImpl.java:43)
	at java.lang.reflect.Method.invoke(Method.java:498)
	at org.springframework.beans.factory.support.SimpleInstantiationStrategy.instantiate(SimpleInstantiationStrategy.java:162)
	at org.springframework.beans.factory.support.ConstructorResolver.instantiateUsingFactoryMethod(ConstructorResolver.java:588)
	at org.springframework.beans.factory.support.AbstractAutowireCapableBeanFactory.instantiateUsingFactoryMethod(AbstractAutowireCapableBeanFactory.java:1119)
	at org.springframework.beans.factory.support.AbstractAutowireCapableBeanFactory.createBeanInstance(AbstractAutowireCapableBeanFactory.java:1014)
	at org.springframework.beans.factory.support.AbstractAutowireCapableBeanFactory.doCreateBean(AbstractAutowireCapableBeanFactory.java:504)
	at org.springframework.beans.factory.support.AbstractAutowireCapableBeanFactory.createBean(AbstractAutowireCapableBeanFactory.java:476)
	at org.springframework.beans.factory.support.AbstractBeanFactory$1.getObject(AbstractBeanFactory.java:303)
	at org.springframework.beans.factory.support.DefaultSingletonBeanRegistry.getSingleton(DefaultSingletonBeanRegistry.java:230)
	at org.springframework.beans.factory.support.AbstractBeanFactory.doGetBean(AbstractBeanFactory.java:299)
	at org.springframework.beans.factory.support.AbstractBeanFactory.getBean(AbstractBeanFactory.java:194)
	at org.springframework.beans.factory.support.DefaultListableBeanFactory.preInstantiateSingletons(DefaultListableBeanFactory.java:755)
	at org.springframework.context.support.AbstractApplicationContext.finishBeanFactoryInitialization(AbstractApplicationContext.java:757)
	at org.springframework.context.support.AbstractApplicationContext.refresh(AbstractApplicationContext.java:480)
	at org.springframework.test.context.support.AbstractGenericContextLoader.loadContext(AbstractGenericContextLoader.java:125)
	at org.springframework.test.context.support.AbstractGenericContextLoader.loadContext(AbstractGenericContextLoader.java:60)
	at org.springframework.test.context.support.AbstractDelegatingSmartContextLoader.delegateLoading(AbstractDelegatingSmartContextLoader.java:109)
	at org.springframework.test.context.support.AbstractDelegatingSmartContextLoader.loadContext(AbstractDelegatingSmartContextLoader.java:261)
	at org.springframework.test.context.DefaultCacheAwareContextLoaderDelegate.loadContextInternal(DefaultCacheAwareContextLoaderDelegate.java:68)
	at org.springframework.test.context.DefaultCacheAwareContextLoaderDelegate.loadContext(DefaultCacheAwareContextLoaderDelegate.java:86)
	at org.springframework.test.context.DefaultTestContext.getApplicationContext(DefaultTestContext.java:72)
	at org.springframework.test.context.support.DependencyInjectionTestExecutionListener.injectDependencies(DependencyInjectionTestExecutionListener.java:117)
	at org.springframework.test.context.support.DependencyInjectionTestExecutionListener.prepareTestInstance(DependencyInjectionTestExecutionListener.java:83)
	at org.springframework.test.context.TestContextManager.prepareTestInstance(TestContextManager.java:212)
	at org.springframework.test.context.junit4.SpringJUnit4ClassRunner.createTest(SpringJUnit4ClassRunner.java:200)
	at org.springframework.test.context.junit4.SpringJUnit4ClassRunner$1.runReflectiveCall(SpringJUnit4ClassRunner.java:259)
	at org.junit.internal.runners.model.ReflectiveCallable.run(ReflectiveCallable.java:12)
	at org.springframework.test.context.junit4.SpringJUnit4ClassRunner.methodBlock(SpringJUnit4ClassRunner.java:261)
	at org.springframework.test.context.junit4.SpringJUnit4ClassRunner.runChild(SpringJUnit4ClassRunner.java:219)
	at org.springframework.test.context.junit4.SpringJUnit4ClassRunner.runChild(SpringJUnit4ClassRunner.java:83)
	at org.junit.runners.ParentRunner$3.run(ParentRunner.java:290)
	at org.junit.runners.ParentRunner$1.schedule(ParentRunner.java:71)
	at org.junit.runners.ParentRunner.runChildren(ParentRunner.java:288)
	at org.junit.runners.ParentRunner.access$000(ParentRunner.java:58)
	at org.junit.runners.ParentRunner$2.evaluate(ParentRunner.java:268)
	at org.springframework.test.context.junit4.statements.RunBeforeTestClassCallbacks.evaluate(RunBeforeTestClassCallbacks.java:61)
	at org.springframework.test.context.junit4.statements.RunAfterTestClassCallbacks.evaluate(RunAfterTestClassCallbacks.java:68)
	at org.junit.runners.ParentRunner.run(ParentRunner.java:363)
	at org.springframework.test.context.junit4.SpringJUnit4ClassRunner.run(SpringJUnit4ClassRunner.java:163)
	at org.apache.maven.surefire.junit4.JUnit4Provider.execute(JUnit4Provider.java:283)
	at org.apache.maven.surefire.junit4.JUnit4Provider.executeWithRerun(JUnit4Provider.java:173)
	at org.apache.maven.surefire.junit4.JUnit4Provider.executeTestSet(JUnit4Provider.java:153)
	at org.apache.maven.surefire.junit4.JUnit4Provider.invoke(JUnit4Provider.java:128)
	at org.apache.maven.surefire.booter.ForkedBooter.invokeProviderInSameClassLoader(ForkedBooter.java:203)
	at org.apache.maven.surefire.booter.ForkedBooter.runSuitesInProcess(ForkedBooter.java:155)
	at org.apache.maven.surefire.booter.ForkedBooter.main(ForkedBooter.java:103)
Caused by: com.aerospike.client.AerospikeException$Connection: Error Code 11: Failed to connect to host(s): 
52.41.32.83:3000 Error Code 11: java.net.SocketTimeoutException: connect timed out

	at com.aerospike.client.cluster.Cluster.seedNodes(Cluster.java:386)
	at com.aerospike.client.cluster.Cluster.tend(Cluster.java:273)
	at com.aerospike.client.cluster.Cluster.waitTillStabilized(Cluster.java:238)
	at com.aerospike.client.cluster.Cluster.initTendThread(Cluster.java:148)
	at com.aerospike.client.AerospikeClient.<init>(AerospikeClient.java:209)
	at com.aerospike.client.AerospikeClient.<init>(AerospikeClient.java:173)
	at org.springframework.data.aerospike.repository.TestConfigPerson.aerospikeClient(TestConfigPerson.java:32)
	at org.springframework.data.aerospike.repository.TestConfigPerson$$EnhancerBySpringCGLIB$$3f27a8da.CGLIB$aerospikeClient$1(<generated>)
	at org.springframework.data.aerospike.repository.TestConfigPerson$$EnhancerBySpringCGLIB$$3f27a8da$$FastClassBySpringCGLIB$$38965c5e.invoke(<generated>)
	at org.springframework.cglib.proxy.MethodProxy.invokeSuper(MethodProxy.java:228)
	at org.springframework.context.annotation.ConfigurationClassEnhancer$BeanMethodInterceptor.intercept(ConfigurationClassEnhancer.java:309)
	at org.springframework.data.aerospike.repository.TestConfigPerson$$EnhancerBySpringCGLIB$$3f27a8da.aerospikeClient(<generated>)
	at sun.reflect.GeneratedMethodAccessor46.invoke(Unknown Source)
	at sun.reflect.DelegatingMethodAccessorImpl.invoke(DelegatingMethodAccessorImpl.java:43)
	at java.lang.reflect.Method.invoke(Method.java:498)
	at org.springframework.beans.factory.support.SimpleInstantiationStrategy.instantiate(SimpleInstantiationStrategy.java:162)
	at org.springframework.beans.factory.support.ConstructorResolver.instantiateUsingFactoryMethod(ConstructorResolver.java:588)
	at org.springframework.beans.factory.support.AbstractAutowireCapableBeanFactory.instantiateUsingFactoryMethod(AbstractAutowireCapableBeanFactory.java:1119)
	at org.springframework.beans.factory.support.AbstractAutowireCapableBeanFactory.createBeanInstance(AbstractAutowireCapableBeanFactory.java:1014)
	at org.springframework.beans.factory.support.AbstractAutowireCapableBeanFactory.doCreateBean(AbstractAutowireCapableBeanFactory.java:504)
	at org.springframework.beans.factory.support.AbstractAutowireCapableBeanFactory.createBean(AbstractAutowireCapableBeanFactory.java:476)
	at org.springframework.beans.factory.support.AbstractBeanFactory$1.getObject(AbstractBeanFactory.java:303)
	at org.springframework.beans.factory.support.DefaultSingletonBeanRegistry.getSingleton(DefaultSingletonBeanRegistry.java:230)
	at org.springframework.beans.factory.support.AbstractBeanFactory.doGetBean(AbstractBeanFactory.java:299)
	at org.springframework.beans.factory.support.AbstractBeanFactory.getBean(AbstractBeanFactory.java:194)
	at org.springframework.context.annotation.ConfigurationClassEnhancer$BeanMethodInterceptor.intercept(ConfigurationClassEnhancer.java:322)
	at org.springframework.data.aerospike.repository.TestConfigPerson$$EnhancerBySpringCGLIB$$3f27a8da.aerospikeClient(<generated>)
	at org.springframework.data.aerospike.repository.TestConfigPerson.aerospikeTemplate(TestConfigPerson.java:38)
	at org.springframework.data.aerospike.repository.TestConfigPerson$$EnhancerBySpringCGLIB$$3f27a8da.CGLIB$aerospikeTemplate$0(<generated>)
	at org.springframework.data.aerospike.repository.TestConfigPerson$$EnhancerBySpringCGLIB$$3f27a8da$$FastClassBySpringCGLIB$$38965c5e.invoke(<generated>)
	at org.springframework.cglib.proxy.MethodProxy.invokeSuper(MethodProxy.java:228)
	at org.springframework.context.annotation.ConfigurationClassEnhancer$BeanMethodInterceptor.intercept(ConfigurationClassEnhancer.java:309)
	at org.springframework.data.aerospike.repository.TestConfigPerson$$EnhancerBySpringCGLIB$$3f27a8da.aerospikeTemplate(<generated>)
	at sun.reflect.GeneratedMethodAccessor45.invoke(Unknown Source)
	at sun.reflect.DelegatingMethodAccessorImpl.invoke(DelegatingMethodAccessorImpl.java:43)
	at java.lang.reflect.Method.invoke(Method.java:498)
	at org.springframework.beans.factory.support.SimpleInstantiationStrategy.instantiate(SimpleInstantiationStrategy.java:162)
	at org.springframework.beans.factory.support.ConstructorResolver.instantiateUsingFactoryMethod(ConstructorResolver.java:588)
	at org.springframework.beans.factory.support.AbstractAutowireCapableBeanFactory.instantiateUsingFactoryMethod(AbstractAutowireCapableBeanFactory.java:1119)
	at org.springframework.beans.factory.support.AbstractAutowireCapableBeanFactory.createBeanInstance(AbstractAutowireCapableBeanFactory.java:1014)
	at org.springframework.beans.factory.support.AbstractAutowireCapableBeanFactory.doCreateBean(AbstractAutowireCapableBeanFactory.java:504)
	at org.springframework.beans.factory.support.AbstractAutowireCapableBeanFactory.createBean(AbstractAutowireCapableBeanFactory.java:476)
	at org.springframework.beans.factory.support.AbstractBeanFactory$1.getObject(AbstractBeanFactory.java:303)
	at org.springframework.beans.factory.support.DefaultSingletonBeanRegistry.getSingleton(DefaultSingletonBeanRegistry.java:230)
	at org.springframework.beans.factory.support.AbstractBeanFactory.doGetBean(AbstractBeanFactory.java:299)
	at org.springframework.beans.factory.support.AbstractBeanFactory.getBean(AbstractBeanFactory.java:194)
	at org.springframework.beans.factory.support.DefaultListableBeanFactory.preInstantiateSingletons(DefaultListableBeanFactory.java:755)
	at org.springframework.context.support.AbstractApplicationContext.finishBeanFactoryInitialization(AbstractApplicationContext.java:757)
	at org.springframework.context.support.AbstractApplicationContext.refresh(AbstractApplicationContext.java:480)
	at org.springframework.test.context.support.AbstractGenericContextLoader.loadContext(AbstractGenericContextLoader.java:125)
	at org.springframework.test.context.support.AbstractGenericContextLoader.loadContext(AbstractGenericContextLoader.java:60)
	at org.springframework.test.context.support.AbstractDelegatingSmartContextLoader.delegateLoading(AbstractDelegatingSmartContextLoader.java:109)
	at org.springframework.test.context.support.AbstractDelegatingSmartContextLoader.loadContext(AbstractDelegatingSmartContextLoader.java:261)
	at org.springframework.test.context.DefaultCacheAwareContextLoaderDelegate.loadContextInternal(DefaultCacheAwareContextLoaderDelegate.java:68)
	at org.springframework.test.context.DefaultCacheAwareContextLoaderDelegate.loadContext(DefaultCacheAwareContextLoaderDelegate.java:86)
	at org.springframework.test.context.DefaultTestContext.getApplicationContext(DefaultTestContext.java:72)
	at org.springframework.test.context.support.DependencyInjectionTestExecutionListener.injectDependencies(DependencyInjectionTestExecutionListener.java:117)
	at org.springframework.test.context.support.DependencyInjectionTestExecutionListener.prepareTestInstance(DependencyInjectionTestExecutionListener.java:83)
	at org.springframework.test.context.TestContextManager.prepareTestInstance(TestContextManager.java:212)
	at org.springframework.test.context.junit4.SpringJUnit4ClassRunner.createTest(SpringJUnit4ClassRunner.java:200)
	at org.springframework.test.context.junit4.SpringJUnit4ClassRunner$1.runReflectiveCall(SpringJUnit4ClassRunner.java:259)
	at org.junit.internal.runners.model.ReflectiveCallable.run(ReflectiveCallable.java:12)
	at org.springframework.test.context.junit4.SpringJUnit4ClassRunner.methodBlock(SpringJUnit4ClassRunner.java:261)
	at org.springframework.test.context.junit4.SpringJUnit4ClassRunner.runChild(SpringJUnit4ClassRunner.java:219)
	at org.springframework.test.context.junit4.SpringJUnit4ClassRunner.runChild(SpringJUnit4ClassRunner.java:83)
	at org.junit.runners.ParentRunner$3.run(ParentRunner.java:290)
	at org.junit.runners.ParentRunner$1.schedule(ParentRunner.java:71)
	at org.junit.runners.ParentRunner.runChildren(ParentRunner.java:288)
	at org.junit.runners.ParentRunner.access$000(ParentRunner.java:58)
	at org.junit.runners.ParentRunner$2.evaluate(ParentRunner.java:268)
	at org.springframework.test.context.junit4.statements.RunBeforeTestClassCallbacks.evaluate(RunBeforeTestClassCallbacks.java:61)
	at org.springframework.test.context.junit4.statements.RunAfterTestClassCallbacks.evaluate(RunAfterTestClassCallbacks.java:68)
	at org.junit.runners.ParentRunner.run(ParentRunner.java:363)
	at org.springframework.test.context.junit4.SpringJUnit4ClassRunner.run(SpringJUnit4ClassRunner.java:163)
	at org.apache.maven.surefire.junit4.JUnit4Provider.execute(JUnit4Provider.java:283)
	at org.apache.maven.surefire.junit4.JUnit4Provider.executeWithRerun(JUnit4Provider.java:173)
	at org.apache.maven.surefire.junit4.JUnit4Provider.executeTestSet(JUnit4Provider.java:153)
	at org.apache.maven.surefire.junit4.JUnit4Provider.invoke(JUnit4Provider.java:128)
	at org.apache.maven.surefire.booter.ForkedBooter.invokeProviderInSameClassLoader(ForkedBooter.java:203)
	at org.apache.maven.surefire.booter.ForkedBooter.runSuitesInProcess(ForkedBooter.java:155)
	at org.apache.maven.surefire.booter.ForkedBooter.main(ForkedBooter.java:103)
]]></error>
    <system-out><![CDATA[16:38:13.767 [main] DEBUG o.s.t.annotation.ProfileValueUtils - Retrieved @ProfileValueSourceConfiguration [null] for test class [org.springframework.data.aerospike.repository.PersonRepositoryIntegrationTests]
16:38:13.767 [main] DEBUG o.s.t.annotation.ProfileValueUtils - Retrieved ProfileValueSource type [class org.springframework.test.annotation.SystemProfileValueSource] for class [org.springframework.data.aerospike.repository.PersonRepositoryIntegrationTests]
16:38:13.767 [main] DEBUG o.s.t.c.s.DependencyInjectionTestExecutionListener - Performing dependency injection for test context [[DefaultTestContext@6c1cfa53 testClass = PersonRepositoryIntegrationTests, testInstance = org.springframework.data.aerospike.repository.PersonRepositoryIntegrationTests@262a1fad, testMethod = [null], testException = [null], mergedContextConfiguration = [MergedContextConfiguration@52b06bef testClass = PersonRepositoryIntegrationTests, locations = '{}', classes = '{class org.springframework.data.aerospike.repository.TestConfigPerson}', contextInitializerClasses = '[]', activeProfiles = '{}', propertySourceLocations = '{}', propertySourceProperties = '{}', contextLoader = 'org.springframework.test.context.support.DelegatingSmartContextLoader', parent = [null]]]].
16:38:13.767 [main] DEBUG o.s.t.c.s.AbstractDelegatingSmartContextLoader - Delegating to AnnotationConfigContextLoader to load context from [MergedContextConfiguration@52b06bef testClass = PersonRepositoryIntegrationTests, locations = '{}', classes = '{class org.springframework.data.aerospike.repository.TestConfigPerson}', contextInitializerClasses = '[]', activeProfiles = '{}', propertySourceLocations = '{}', propertySourceProperties = '{}', contextLoader = 'org.springframework.test.context.support.DelegatingSmartContextLoader', parent = [null]].
16:38:13.767 [main] DEBUG o.s.t.c.s.AbstractGenericContextLoader - Loading ApplicationContext for merged context configuration [[MergedContextConfiguration@52b06bef testClass = PersonRepositoryIntegrationTests, locations = '{}', classes = '{class org.springframework.data.aerospike.repository.TestConfigPerson}', contextInitializerClasses = '[]', activeProfiles = '{}', propertySourceLocations = '{}', propertySourceProperties = '{}', contextLoader = 'org.springframework.test.context.support.DelegatingSmartContextLoader', parent = [null]]].
16:38:13.767 [main] DEBUG o.s.core.env.StandardEnvironment - Adding [systemProperties] PropertySource with lowest search precedence
16:38:13.768 [main] DEBUG o.s.core.env.StandardEnvironment - Adding [systemEnvironment] PropertySource with lowest search precedence
16:38:13.768 [main] DEBUG o.s.core.env.StandardEnvironment - Initialized StandardEnvironment with PropertySources [systemProperties,systemEnvironment]
16:38:13.768 [main] DEBUG o.s.t.c.s.AnnotationConfigContextLoader - Registering annotated classes: {class org.springframework.data.aerospike.repository.TestConfigPerson}
16:38:13.768 [main] INFO  o.s.c.s.GenericApplicationContext - Refreshing org.springframework.context.support.GenericApplicationContext@6be6931f: startup date [Tue Oct 04 16:38:13 BRT 2016]; root of context hierarchy
16:38:13.768 [main] DEBUG o.s.c.s.GenericApplicationContext - Bean factory for org.springframework.context.support.GenericApplicationContext@6be6931f: org.springframework.beans.factory.support.DefaultListableBeanFactory@6b4125ed: defining beans [org.springframework.context.annotation.internalConfigurationAnnotationProcessor,org.springframework.context.annotation.internalAutowiredAnnotationProcessor,org.springframework.context.annotation.internalRequiredAnnotationProcessor,org.springframework.context.annotation.internalCommonAnnotationProcessor,testConfigPerson]; root of factory hierarchy
16:38:13.768 [main] DEBUG o.s.b.f.s.DefaultListableBeanFactory - Creating shared instance of singleton bean 'org.springframework.context.annotation.internalConfigurationAnnotationProcessor'
16:38:13.768 [main] DEBUG o.s.b.f.s.DefaultListableBeanFactory - Creating instance of bean 'org.springframework.context.annotation.internalConfigurationAnnotationProcessor'
16:38:13.769 [main] DEBUG o.s.b.f.s.DefaultListableBeanFactory - Eagerly caching bean 'org.springframework.context.annotation.internalConfigurationAnnotationProcessor' to allow for resolving potential circular references
16:38:13.769 [main] DEBUG o.s.b.f.s.DefaultListableBeanFactory - Finished creating instance of bean 'org.springframework.context.annotation.internalConfigurationAnnotationProcessor'
16:38:13.770 [main] DEBUG o.s.c.a.ConfigurationClassBeanDefinitionReader - Registering bean definition for @Bean method org.springframework.data.aerospike.repository.TestConfigPerson.aerospikeTemplate()
16:38:13.770 [main] DEBUG o.s.c.a.ConfigurationClassBeanDefinitionReader - Registering bean definition for @Bean method org.springframework.data.aerospike.repository.TestConfigPerson.aerospikeClient()
16:38:13.770 [main] DEBUG o.s.core.env.StandardEnvironment - Adding [systemProperties] PropertySource with lowest search precedence
16:38:13.770 [main] DEBUG o.s.core.env.StandardEnvironment - Adding [systemEnvironment] PropertySource with lowest search precedence
16:38:13.770 [main] DEBUG o.s.core.env.StandardEnvironment - Initialized StandardEnvironment with PropertySources [systemProperties,systemEnvironment]
16:38:13.770 [main] DEBUG o.s.c.i.s.PathMatchingResourcePatternResolver - Looking for matching resources in directory tree [/home/aluno/spring-projects/maven/spring-data-aerospike/target/test-classes/org/springframework/data]
16:38:13.770 [main] DEBUG o.s.c.i.s.PathMatchingResourcePatternResolver - Searching directory [/home/aluno/spring-projects/maven/spring-data-aerospike/target/test-classes/org/springframework/data] for files matching pattern [/home/aluno/spring-projects/maven/spring-data-aerospike/target/test-classes/org/springframework/data/**/repository/support/**/*.class]
16:38:13.771 [main] DEBUG o.s.c.i.s.PathMatchingResourcePatternResolver - Searching directory [/home/aluno/spring-projects/maven/spring-data-aerospike/target/test-classes/org/springframework/data/keyvalue] for files matching pattern [/home/aluno/spring-projects/maven/spring-data-aerospike/target/test-classes/org/springframework/data/**/repository/support/**/*.class]
16:38:13.771 [main] DEBUG o.s.c.i.s.PathMatchingResourcePatternResolver - Searching directory [/home/aluno/spring-projects/maven/spring-data-aerospike/target/test-classes/org/springframework/data/keyvalue/repository] for files matching pattern [/home/aluno/spring-projects/maven/spring-data-aerospike/target/test-classes/org/springframework/data/**/repository/support/**/*.class]
16:38:13.771 [main] DEBUG o.s.c.i.s.PathMatchingResourcePatternResolver - Searching directory [/home/aluno/spring-projects/maven/spring-data-aerospike/target/test-classes/org/springframework/data/keyvalue/repository/query] for files matching pattern [/home/aluno/spring-projects/maven/spring-data-aerospike/target/test-classes/org/springframework/data/**/repository/support/**/*.class]
16:38:13.771 [main] DEBUG o.s.c.i.s.PathMatchingResourcePatternResolver - Searching directory [/home/aluno/spring-projects/maven/spring-data-aerospike/target/test-classes/org/springframework/data/aerospike] for files matching pattern [/home/aluno/spring-projects/maven/spring-data-aerospike/target/test-classes/org/springframework/data/**/repository/support/**/*.class]
16:38:13.771 [main] DEBUG o.s.c.i.s.PathMatchingResourcePatternResolver - Searching directory [/home/aluno/spring-projects/maven/spring-data-aerospike/target/test-classes/org/springframework/data/aerospike/mapping] for files matching pattern [/home/aluno/spring-projects/maven/spring-data-aerospike/target/test-classes/org/springframework/data/**/repository/support/**/*.class]
16:38:13.771 [main] DEBUG o.s.c.i.s.PathMatchingResourcePatternResolver - Searching directory [/home/aluno/spring-projects/maven/spring-data-aerospike/target/test-classes/org/springframework/data/aerospike/core] for files matching pattern [/home/aluno/spring-projects/maven/spring-data-aerospike/target/test-classes/org/springframework/data/**/repository/support/**/*.class]
16:38:13.771 [main] DEBUG o.s.c.i.s.PathMatchingResourcePatternResolver - Searching directory [/home/aluno/spring-projects/maven/spring-data-aerospike/target/test-classes/org/springframework/data/aerospike/convert] for files matching pattern [/home/aluno/spring-projects/maven/spring-data-aerospike/target/test-classes/org/springframework/data/**/repository/support/**/*.class]
16:38:13.772 [main] DEBUG o.s.c.i.s.PathMatchingResourcePatternResolver - Searching directory [/home/aluno/spring-projects/maven/spring-data-aerospike/target/test-classes/org/springframework/data/aerospike/sample] for files matching pattern [/home/aluno/spring-projects/maven/spring-data-aerospike/target/test-classes/org/springframework/data/**/repository/support/**/*.class]
16:38:13.772 [main] DEBUG o.s.c.i.s.PathMatchingResourcePatternResolver - Searching directory [/home/aluno/spring-projects/maven/spring-data-aerospike/target/test-classes/org/springframework/data/aerospike/repository] for files matching pattern [/home/aluno/spring-projects/maven/spring-data-aerospike/target/test-classes/org/springframework/data/**/repository/support/**/*.class]
16:38:13.772 [main] DEBUG o.s.c.i.s.PathMatchingResourcePatternResolver - Searching directory [/home/aluno/spring-projects/maven/spring-data-aerospike/target/test-classes/org/springframework/data/aerospike/repository/support] for files matching pattern [/home/aluno/spring-projects/maven/spring-data-aerospike/target/test-classes/org/springframework/data/**/repository/support/**/*.class]
16:38:13.772 [main] DEBUG o.s.c.i.s.PathMatchingResourcePatternResolver - Searching directory [/home/aluno/spring-projects/maven/spring-data-aerospike/target/test-classes/org/springframework/data/aerospike/repository/query] for files matching pattern [/home/aluno/spring-projects/maven/spring-data-aerospike/target/test-classes/org/springframework/data/**/repository/support/**/*.class]
16:38:13.772 [main] DEBUG o.s.c.i.s.PathMatchingResourcePatternResolver - Searching directory [/home/aluno/spring-projects/maven/spring-data-aerospike/target/test-classes/org/springframework/data/aerospike/config] for files matching pattern [/home/aluno/spring-projects/maven/spring-data-aerospike/target/test-classes/org/springframework/data/**/repository/support/**/*.class]
16:38:13.772 [main] DEBUG o.s.c.i.s.PathMatchingResourcePatternResolver - Searching directory [/home/aluno/spring-projects/maven/spring-data-aerospike/target/test-classes/org/springframework/data/aerospike/cache] for files matching pattern [/home/aluno/spring-projects/maven/spring-data-aerospike/target/test-classes/org/springframework/data/**/repository/support/**/*.class]
16:38:13.772 [main] DEBUG o.s.c.i.s.PathMatchingResourcePatternResolver - Looking for matching resources in directory tree [/home/aluno/spring-projects/maven/spring-data-aerospike/target/classes/org/springframework/data]
16:38:13.772 [main] DEBUG o.s.c.i.s.PathMatchingResourcePatternResolver - Searching directory [/home/aluno/spring-projects/maven/spring-data-aerospike/target/classes/org/springframework/data] for files matching pattern [/home/aluno/spring-projects/maven/spring-data-aerospike/target/classes/org/springframework/data/**/repository/support/**/*.class]
16:38:13.772 [main] DEBUG o.s.c.i.s.PathMatchingResourcePatternResolver - Searching directory [/home/aluno/spring-projects/maven/spring-data-aerospike/target/classes/org/springframework/data/aerospike] for files matching pattern [/home/aluno/spring-projects/maven/spring-data-aerospike/target/classes/org/springframework/data/**/repository/support/**/*.class]
16:38:13.772 [main] DEBUG o.s.c.i.s.PathMatchingResourcePatternResolver - Searching directory [/home/aluno/spring-projects/maven/spring-data-aerospike/target/classes/org/springframework/data/aerospike/mapping] for files matching pattern [/home/aluno/spring-projects/maven/spring-data-aerospike/target/classes/org/springframework/data/**/repository/support/**/*.class]
16:38:13.773 [main] DEBUG o.s.c.i.s.PathMatchingResourcePatternResolver - Searching directory [/home/aluno/spring-projects/maven/spring-data-aerospike/target/classes/org/springframework/data/aerospike/core] for files matching pattern [/home/aluno/spring-projects/maven/spring-data-aerospike/target/classes/org/springframework/data/**/repository/support/**/*.class]
16:38:13.773 [main] DEBUG o.s.c.i.s.PathMatchingResourcePatternResolver - Searching directory [/home/aluno/spring-projects/maven/spring-data-aerospike/target/classes/org/springframework/data/aerospike/convert] for files matching pattern [/home/aluno/spring-projects/maven/spring-data-aerospike/target/classes/org/springframework/data/**/repository/support/**/*.class]
16:38:13.773 [main] DEBUG o.s.c.i.s.PathMatchingResourcePatternResolver - Searching directory [/home/aluno/spring-projects/maven/spring-data-aerospike/target/classes/org/springframework/data/aerospike/example] for files matching pattern [/home/aluno/spring-projects/maven/spring-data-aerospike/target/classes/org/springframework/data/**/repository/support/**/*.class]
16:38:13.773 [main] DEBUG o.s.c.i.s.PathMatchingResourcePatternResolver - Searching directory [/home/aluno/spring-projects/maven/spring-data-aerospike/target/classes/org/springframework/data/aerospike/example/data] for files matching pattern [/home/aluno/spring-projects/maven/spring-data-aerospike/target/classes/org/springframework/data/**/repository/support/**/*.class]
16:38:13.773 [main] DEBUG o.s.c.i.s.PathMatchingResourcePatternResolver - Searching directory [/home/aluno/spring-projects/maven/spring-data-aerospike/target/classes/org/springframework/data/aerospike/example/config] for files matching pattern [/home/aluno/spring-projects/maven/spring-data-aerospike/target/classes/org/springframework/data/**/repository/support/**/*.class]
16:38:13.773 [main] DEBUG o.s.c.i.s.PathMatchingResourcePatternResolver - Searching directory [/home/aluno/spring-projects/maven/spring-data-aerospike/target/classes/org/springframework/data/aerospike/annotation] for files matching pattern [/home/aluno/spring-projects/maven/spring-data-aerospike/target/classes/org/springframework/data/**/repository/support/**/*.class]
16:38:13.773 [main] DEBUG o.s.c.i.s.PathMatchingResourcePatternResolver - Searching directory [/home/aluno/spring-projects/maven/spring-data-aerospike/target/classes/org/springframework/data/aerospike/repository] for files matching pattern [/home/aluno/spring-projects/maven/spring-data-aerospike/target/classes/org/springframework/data/**/repository/support/**/*.class]
16:38:13.773 [main] DEBUG o.s.c.i.s.PathMatchingResourcePatternResolver - Searching directory [/home/aluno/spring-projects/maven/spring-data-aerospike/target/classes/org/springframework/data/aerospike/repository/support] for files matching pattern [/home/aluno/spring-projects/maven/spring-data-aerospike/target/classes/org/springframework/data/**/repository/support/**/*.class]
16:38:13.773 [main] DEBUG o.s.c.i.s.PathMatchingResourcePatternResolver - Searching directory [/home/aluno/spring-projects/maven/spring-data-aerospike/target/classes/org/springframework/data/aerospike/repository/config] for files matching pattern [/home/aluno/spring-projects/maven/spring-data-aerospike/target/classes/org/springframework/data/**/repository/support/**/*.class]
16:38:13.773 [main] DEBUG o.s.c.i.s.PathMatchingResourcePatternResolver - Searching directory [/home/aluno/spring-projects/maven/spring-data-aerospike/target/classes/org/springframework/data/aerospike/repository/query] for files matching pattern [/home/aluno/spring-projects/maven/spring-data-aerospike/target/classes/org/springframework/data/**/repository/support/**/*.class]
16:38:13.773 [main] DEBUG o.s.c.i.s.PathMatchingResourcePatternResolver - Searching directory [/home/aluno/spring-projects/maven/spring-data-aerospike/target/classes/org/springframework/data/aerospike/config] for files matching pattern [/home/aluno/spring-projects/maven/spring-data-aerospike/target/classes/org/springframework/data/**/repository/support/**/*.class]
16:38:13.773 [main] DEBUG o.s.c.i.s.PathMatchingResourcePatternResolver - Searching directory [/home/aluno/spring-projects/maven/spring-data-aerospike/target/classes/org/springframework/data/aerospike/cache] for files matching pattern [/home/aluno/spring-projects/maven/spring-data-aerospike/target/classes/org/springframework/data/**/repository/support/**/*.class]
16:38:13.774 [main] DEBUG o.s.c.i.s.PathMatchingResourcePatternResolver - Searching directory [/home/aluno/spring-projects/maven/spring-data-aerospike/target/classes/org/springframework/data/aerospike/utility] for files matching pattern [/home/aluno/spring-projects/maven/spring-data-aerospike/target/classes/org/springframework/data/**/repository/support/**/*.class]
16:38:13.774 [main] DEBUG o.s.c.i.s.PathMatchingResourcePatternResolver - Looking for matching resources in jar file [file:/home/aluno/.m2/repository/org/springframework/data/spring-data-commons/1.11.0.RELEASE/spring-data-commons-1.11.0.RELEASE.jar]
16:38:13.775 [main] DEBUG o.s.c.i.s.PathMatchingResourcePatternResolver - Looking for matching resources in jar file [file:/home/aluno/.m2/repository/org/springframework/data/spring-data-keyvalue/1.0.0.M1/spring-data-keyvalue-1.0.0.M1.jar]
16:38:13.775 [main] DEBUG o.s.c.i.s.PathMatchingResourcePatternResolver - Resolved location pattern [classpath*:org/springframework/data/**/repository/support/**/*.class] to resources [file [/home/aluno/spring-projects/maven/spring-data-aerospike/target/test-classes/org/springframework/data/aerospike/repository/support/SimpleAerospikeRepositoryTest$5.class], file [/home/aluno/spring-projects/maven/spring-data-aerospike/target/test-classes/org/springframework/data/aerospike/repository/support/SimpleAerospikeRepositoryTest$9.class], file [/home/aluno/spring-projects/maven/spring-data-aerospike/target/test-classes/org/springframework/data/aerospike/repository/support/SimpleAerospikeRepositoryTest$4.class], file [/home/aluno/spring-projects/maven/spring-data-aerospike/target/test-classes/org/springframework/data/aerospike/repository/support/AerospikeRepositoryFactoryTest.class], file [/home/aluno/spring-projects/maven/spring-data-aerospike/target/test-classes/org/springframework/data/aerospike/repository/support/SimpleAerospikeRepositoryTest.class], file [/home/aluno/spring-projects/maven/spring-data-aerospike/target/test-classes/org/springframework/data/aerospike/repository/support/SimpleAerospikeRepositoryTest$1.class], file [/home/aluno/spring-projects/maven/spring-data-aerospike/target/test-classes/org/springframework/data/aerospike/repository/support/SimpleAerospikeRepositoryTest$3.class], file [/home/aluno/spring-projects/maven/spring-data-aerospike/target/test-classes/org/springframework/data/aerospike/repository/support/SimpleAerospikeRepositoryTest$8.class], file [/home/aluno/spring-projects/maven/spring-data-aerospike/target/test-classes/org/springframework/data/aerospike/repository/support/SimpleAerospikeRepositoryTest$6.class], file [/home/aluno/spring-projects/maven/spring-data-aerospike/target/test-classes/org/springframework/data/aerospike/repository/support/SimpleAerospikeRepositoryTest$2.class], file [/home/aluno/spring-projects/maven/spring-data-aerospike/target/test-classes/org/springframework/data/aerospike/repository/support/AllTests.class], file [/home/aluno/spring-projects/maven/spring-data-aerospike/target/test-classes/org/springframework/data/aerospike/repository/support/SimpleAerospikeRepositoryTest$7.class], file [/home/aluno/spring-projects/maven/spring-data-aerospike/target/classes/org/springframework/data/aerospike/repository/support/AerospikeRepositoryFactoryBean.class], file [/home/aluno/spring-projects/maven/spring-data-aerospike/target/classes/org/springframework/data/aerospike/repository/support/AerospikeRepositoryFactory$AerospikeQueryLookupStrategy.class], file [/home/aluno/spring-projects/maven/spring-data-aerospike/target/classes/org/springframework/data/aerospike/repository/support/AerospikeRepositoryFactory.class], file [/home/aluno/spring-projects/maven/spring-data-aerospike/target/classes/org/springframework/data/aerospike/repository/support/SimpleAerospikeRepository.class], URL [jar:file:/home/aluno/.m2/repository/org/springframework/data/spring-data-commons/1.11.0.RELEASE/spring-data-commons-1.11.0.RELEASE.jar!/org/springframework/data/repository/support/DomainClassConverter$ConversionMatchAbbreviationException.class], URL [jar:file:/home/aluno/.m2/repository/org/springframework/data/spring-data-commons/1.11.0.RELEASE/spring-data-commons-1.11.0.RELEASE.jar!/org/springframework/data/repository/support/DomainClassConverter$ToIdConverter.class], URL [jar:file:/home/aluno/.m2/repository/org/springframework/data/spring-data-commons/1.11.0.RELEASE/spring-data-commons-1.11.0.RELEASE.jar!/org/springframework/data/repository/support/Repositories$EmptyRepositoryFactoryInformation.class], URL [jar:file:/home/aluno/.m2/repository/org/springframework/data/spring-data-commons/1.11.0.RELEASE/spring-data-commons-1.11.0.RELEASE.jar!/org/springframework/data/repository/support/PagingAndSortingRepositoryInvoker.class], URL [jar:file:/home/aluno/.m2/repository/org/springframework/data/spring-data-commons/1.11.0.RELEASE/spring-data-commons-1.11.0.RELEASE.jar!/org/springframework/data/repository/support/QueryMethodParameterConversionException.class], URL [jar:file:/home/aluno/.m2/repository/org/springframework/data/spring-data-commons/1.11.0.RELEASE/spring-data-commons-1.11.0.RELEASE.jar!/org/springframework/data/repository/support/MethodParameters.class], URL [jar:file:/home/aluno/.m2/repository/org/springframework/data/spring-data-commons/1.11.0.RELEASE/spring-data-commons-1.11.0.RELEASE.jar!/org/springframework/data/repository/support/RepositoryInvoker.class], URL [jar:file:/home/aluno/.m2/repository/org/springframework/data/spring-data-commons/1.11.0.RELEASE/spring-data-commons-1.11.0.RELEASE.jar!/org/springframework/data/repository/support/RepositoryInvokerFactory.class], URL [jar:file:/home/aluno/.m2/repository/org/springframework/data/spring-data-commons/1.11.0.RELEASE/spring-data-commons-1.11.0.RELEASE.jar!/org/springframework/data/repository/support/DomainClassPropertyEditorRegistrar.class], URL [jar:file:/home/aluno/.m2/repository/org/springframework/data/spring-data-commons/1.11.0.RELEASE/spring-data-commons-1.11.0.RELEASE.jar!/org/springframework/data/repository/support/AnnotationAttribute.class], URL [jar:file:/home/aluno/.m2/repository/org/springframework/data/spring-data-commons/1.11.0.RELEASE/spring-data-commons-1.11.0.RELEASE.jar!/org/springframework/data/repository/support/DefaultRepositoryInvokerFactory.class], URL [jar:file:/home/aluno/.m2/repository/org/springframework/data/spring-data-commons/1.11.0.RELEASE/spring-data-commons-1.11.0.RELEASE.jar!/org/springframework/data/repository/support/MethodParameters$AnnotationNamingMethodParameter.class], URL [jar:file:/home/aluno/.m2/repository/org/springframework/data/spring-data-commons/1.11.0.RELEASE/spring-data-commons-1.11.0.RELEASE.jar!/org/springframework/data/repository/support/CrudRepositoryInvoker.class], URL [jar:file:/home/aluno/.m2/repository/org/springframework/data/spring-data-commons/1.11.0.RELEASE/spring-data-commons-1.11.0.RELEASE.jar!/org/springframework/data/repository/support/Repositories.class], URL [jar:file:/home/aluno/.m2/repository/org/springframework/data/spring-data-commons/1.11.0.RELEASE/spring-data-commons-1.11.0.RELEASE.jar!/org/springframework/data/repository/support/DomainClassConverter$ToEntityConverter.class], URL [jar:file:/home/aluno/.m2/repository/org/springframework/data/spring-data-commons/1.11.0.RELEASE/spring-data-commons-1.11.0.RELEASE.jar!/org/springframework/data/repository/support/ReflectionRepositoryInvoker.class], URL [jar:file:/home/aluno/.m2/repository/org/springframework/data/spring-data-commons/1.11.0.RELEASE/spring-data-commons-1.11.0.RELEASE.jar!/org/springframework/data/repository/support/DomainClassPropertyEditor.class], URL [jar:file:/home/aluno/.m2/repository/org/springframework/data/spring-data-commons/1.11.0.RELEASE/spring-data-commons-1.11.0.RELEASE.jar!/org/springframework/data/repository/support/DomainClassConverter.class], URL [jar:file:/home/aluno/.m2/repository/org/springframework/data/spring-data-commons/1.11.0.RELEASE/spring-data-commons-1.11.0.RELEASE.jar!/org/springframework/data/repository/support/DomainClassConverter$1.class], URL [jar:file:/home/aluno/.m2/repository/org/springframework/data/spring-data-commons/1.11.0.RELEASE/spring-data-commons-1.11.0.RELEASE.jar!/org/springframework/data/repository/support/RepositoryInvocationInformation.class], URL [jar:file:/home/aluno/.m2/repository/org/springframework/data/spring-data-keyvalue/1.0.0.M1/spring-data-keyvalue-1.0.0.M1.jar!/org/springframework/data/keyvalue/repository/support/KeyValueRepositoryFactory$KeyValueQueryLookupStrategy.class], URL [jar:file:/home/aluno/.m2/repository/org/springframework/data/spring-data-keyvalue/1.0.0.M1/spring-data-keyvalue-1.0.0.M1.jar!/org/springframework/data/keyvalue/repository/support/QuerydslKeyValueRepository.class], URL [jar:file:/home/aluno/.m2/repository/org/springframework/data/spring-data-keyvalue/1.0.0.M1/spring-data-keyvalue-1.0.0.M1.jar!/org/springframework/data/keyvalue/repository/support/KeyValueRepositoryFactoryBean.class], URL [jar:file:/home/aluno/.m2/repository/org/springframework/data/spring-data-keyvalue/1.0.0.M1/spring-data-keyvalue-1.0.0.M1.jar!/org/springframework/data/keyvalue/repository/support/KeyValueQuerydslUtils$1.class], URL [jar:file:/home/aluno/.m2/repository/org/springframework/data/spring-data-keyvalue/1.0.0.M1/spring-data-keyvalue-1.0.0.M1.jar!/org/springframework/data/keyvalue/repository/support/KeyValueQuerydslUtils.class], URL [jar:file:/home/aluno/.m2/repository/org/springframework/data/spring-data-keyvalue/1.0.0.M1/spring-data-keyvalue-1.0.0.M1.jar!/org/springframework/data/keyvalue/repository/support/KeyValueRepositoryFactory.class], URL [jar:file:/home/aluno/.m2/repository/org/springframework/data/spring-data-keyvalue/1.0.0.M1/spring-data-keyvalue-1.0.0.M1.jar!/org/springframework/data/keyvalue/repository/support/SimpleKeyValueRepository.class]]
16:38:13.777 [main] DEBUG o.s.c.a.ClassPathScanningCandidateComponentProvider - Identified candidate component class: file [/home/aluno/spring-projects/maven/spring-data-aerospike/target/classes/org/springframework/data/aerospike/repository/support/AerospikeRepositoryFactory.class]
16:38:13.781 [main] DEBUG o.s.c.a.ClassPathScanningCandidateComponentProvider - Identified candidate component class: URL [jar:file:/home/aluno/.m2/repository/org/springframework/data/spring-data-keyvalue/1.0.0.M1/spring-data-keyvalue-1.0.0.M1.jar!/org/springframework/data/keyvalue/repository/support/KeyValueRepositoryFactory.class]
16:38:13.782 [main] DEBUG o.s.d.r.c.RepositoryConfigurationDelegate - Multiple Spring Data modules found, entering strict repository configuration mode!
16:38:13.782 [main] DEBUG o.s.core.env.StandardEnvironment - Adding [systemProperties] PropertySource with lowest search precedence
16:38:13.782 [main] DEBUG o.s.core.env.StandardEnvironment - Adding [systemEnvironment] PropertySource with lowest search precedence
16:38:13.782 [main] DEBUG o.s.core.env.StandardEnvironment - Initialized StandardEnvironment with PropertySources [systemProperties,systemEnvironment]
16:38:13.782 [main] DEBUG o.s.c.i.s.PathMatchingResourcePatternResolver - Looking for matching resources in directory tree [/home/aluno/spring-projects/maven/spring-data-aerospike/target/test-classes/org/springframework/data/aerospike/repository]
16:38:13.782 [main] DEBUG o.s.c.i.s.PathMatchingResourcePatternResolver - Searching directory [/home/aluno/spring-projects/maven/spring-data-aerospike/target/test-classes/org/springframework/data/aerospike/repository] for files matching pattern [/home/aluno/spring-projects/maven/spring-data-aerospike/target/test-classes/org/springframework/data/aerospike/repository/**/*.class]
16:38:13.782 [main] DEBUG o.s.c.i.s.PathMatchingResourcePatternResolver - Searching directory [/home/aluno/spring-projects/maven/spring-data-aerospike/target/test-classes/org/springframework/data/aerospike/repository/support] for files matching pattern [/home/aluno/spring-projects/maven/spring-data-aerospike/target/test-classes/org/springframework/data/aerospike/repository/**/*.class]
16:38:13.783 [main] DEBUG o.s.c.i.s.PathMatchingResourcePatternResolver - Searching directory [/home/aluno/spring-projects/maven/spring-data-aerospike/target/test-classes/org/springframework/data/aerospike/repository/query] for files matching pattern [/home/aluno/spring-projects/maven/spring-data-aerospike/target/test-classes/org/springframework/data/aerospike/repository/**/*.class]
16:38:13.783 [main] DEBUG o.s.c.i.s.PathMatchingResourcePatternResolver - Looking for matching resources in directory tree [/home/aluno/spring-projects/maven/spring-data-aerospike/target/classes/org/springframework/data/aerospike/repository]
16:38:13.783 [main] DEBUG o.s.c.i.s.PathMatchingResourcePatternResolver - Searching directory [/home/aluno/spring-projects/maven/spring-data-aerospike/target/classes/org/springframework/data/aerospike/repository] for files matching pattern [/home/aluno/spring-projects/maven/spring-data-aerospike/target/classes/org/springframework/data/aerospike/repository/**/*.class]
16:38:13.783 [main] DEBUG o.s.c.i.s.PathMatchingResourcePatternResolver - Searching directory [/home/aluno/spring-projects/maven/spring-data-aerospike/target/classes/org/springframework/data/aerospike/repository/support] for files matching pattern [/home/aluno/spring-projects/maven/spring-data-aerospike/target/classes/org/springframework/data/aerospike/repository/**/*.class]
16:38:13.783 [main] DEBUG o.s.c.i.s.PathMatchingResourcePatternResolver - Searching directory [/home/aluno/spring-projects/maven/spring-data-aerospike/target/classes/org/springframework/data/aerospike/repository/config] for files matching pattern [/home/aluno/spring-projects/maven/spring-data-aerospike/target/classes/org/springframework/data/aerospike/repository/**/*.class]
16:38:13.783 [main] DEBUG o.s.c.i.s.PathMatchingResourcePatternResolver - Searching directory [/home/aluno/spring-projects/maven/spring-data-aerospike/target/classes/org/springframework/data/aerospike/repository/query] for files matching pattern [/home/aluno/spring-projects/maven/spring-data-aerospike/target/classes/org/springframework/data/aerospike/repository/**/*.class]
16:38:13.783 [main] DEBUG o.s.c.i.s.PathMatchingResourcePatternResolver - Resolved location pattern [classpath*:org/springframework/data/aerospike/repository/**/*.class] to resources [file [/home/aluno/spring-projects/maven/spring-data-aerospike/target/test-classes/org/springframework/data/aerospike/repository/Credentials.class], file [/home/aluno/spring-projects/maven/spring-data-aerospike/target/test-classes/org/springframework/data/aerospike/repository/AbstractPersonRepositoryIntegrationTests$1.class], file [/home/aluno/spring-projects/maven/spring-data-aerospike/target/test-classes/org/springframework/data/aerospike/repository/PersonRepository.class], file [/home/aluno/spring-projects/maven/spring-data-aerospike/target/test-classes/org/springframework/data/aerospike/repository/TestConfigPerson.class], file [/home/aluno/spring-projects/maven/spring-data-aerospike/target/test-classes/org/springframework/data/aerospike/repository/Address.class], file [/home/aluno/spring-projects/maven/spring-data-aerospike/target/test-classes/org/springframework/data/aerospike/repository/Person$Sex.class], file [/home/aluno/spring-projects/maven/spring-data-aerospike/target/test-classes/org/springframework/data/aerospike/repository/Person.class], file [/home/aluno/spring-projects/maven/spring-data-aerospike/target/test-classes/org/springframework/data/aerospike/repository/ContactRepository.class], file [/home/aluno/spring-projects/maven/spring-data-aerospike/target/test-classes/org/springframework/data/aerospike/repository/AbstractPersonRepositoryIntegrationTests.class], file [/home/aluno/spring-projects/maven/spring-data-aerospike/target/test-classes/org/springframework/data/aerospike/repository/User.class], file [/home/aluno/spring-projects/maven/spring-data-aerospike/target/test-classes/org/springframework/data/aerospike/repository/CustomerRepositoriesIntegrationTests$Config.class], file [/home/aluno/spring-projects/maven/spring-data-aerospike/target/test-classes/org/springframework/data/aerospike/repository/AnnotatedPerson.class], file [/home/aluno/spring-projects/maven/spring-data-aerospike/target/test-classes/org/springframework/data/aerospike/repository/support/SimpleAerospikeRepositoryTest$5.class], file [/home/aluno/spring-projects/maven/spring-data-aerospike/target/test-classes/org/springframework/data/aerospike/repository/support/SimpleAerospikeRepositoryTest$9.class], file [/home/aluno/spring-projects/maven/spring-data-aerospike/target/test-classes/org/springframework/data/aerospike/repository/support/SimpleAerospikeRepositoryTest$4.class], file [/home/aluno/spring-projects/maven/spring-data-aerospike/target/test-classes/org/springframework/data/aerospike/repository/support/AerospikeRepositoryFactoryTest.class], file [/home/aluno/spring-projects/maven/spring-data-aerospike/target/test-classes/org/springframework/data/aerospike/repository/support/SimpleAerospikeRepositoryTest.class], file [/home/aluno/spring-projects/maven/spring-data-aerospike/target/test-classes/org/springframework/data/aerospike/repository/support/SimpleAerospikeRepositoryTest$1.class], file [/home/aluno/spring-projects/maven/spring-data-aerospike/target/test-classes/org/springframework/data/aerospike/repository/support/SimpleAerospikeRepositoryTest$3.class], file [/home/aluno/spring-projects/maven/spring-data-aerospike/target/test-classes/org/springframework/data/aerospike/repository/support/SimpleAerospikeRepositoryTest$8.class], file [/home/aluno/spring-projects/maven/spring-data-aerospike/target/test-classes/org/springframework/data/aerospike/repository/support/SimpleAerospikeRepositoryTest$6.class], file [/home/aluno/spring-projects/maven/spring-data-aerospike/target/test-classes/org/springframework/data/aerospike/repository/support/SimpleAerospikeRepositoryTest$2.class], file [/home/aluno/spring-projects/maven/spring-data-aerospike/target/test-classes/org/springframework/data/aerospike/repository/support/AllTests.class], file [/home/aluno/spring-projects/maven/spring-data-aerospike/target/test-classes/org/springframework/data/aerospike/repository/support/SimpleAerospikeRepositoryTest$7.class], file [/home/aluno/spring-projects/maven/spring-data-aerospike/target/test-classes/org/springframework/data/aerospike/repository/Contact.class], file [/home/aluno/spring-projects/maven/spring-data-aerospike/target/test-classes/org/springframework/data/aerospike/repository/AllTests.class], file [/home/aluno/spring-projects/maven/spring-data-aerospike/target/test-classes/org/springframework/data/aerospike/repository/PersonRepositoryIntegrationTests.class], file [/home/aluno/spring-projects/maven/spring-data-aerospike/target/test-classes/org/springframework/data/aerospike/repository/query/StubParameterAccessor.class], file [/home/aluno/spring-projects/maven/spring-data-aerospike/target/test-classes/org/springframework/data/aerospike/repository/query/AllTests.class], file [/home/aluno/spring-projects/maven/spring-data-aerospike/target/test-classes/org/springframework/data/aerospike/repository/query/AerospikePartTreeQueryTest.class], file [/home/aluno/spring-projects/maven/spring-data-aerospike/target/test-classes/org/springframework/data/aerospike/repository/CustomerRepositoriesIntegrationTests.class], file [/home/aluno/spring-projects/maven/spring-data-aerospike/target/classes/org/springframework/data/aerospike/repository/AerospikeRepository.class], file [/home/aluno/spring-projects/maven/spring-data-aerospike/target/classes/org/springframework/data/aerospike/repository/support/AerospikeRepositoryFactoryBean.class], file [/home/aluno/spring-projects/maven/spring-data-aerospike/target/classes/org/springframework/data/aerospike/repository/support/AerospikeRepositoryFactory$AerospikeQueryLookupStrategy.class], file [/home/aluno/spring-projects/maven/spring-data-aerospike/target/classes/org/springframework/data/aerospike/repository/support/AerospikeRepositoryFactory.class], file [/home/aluno/spring-projects/maven/spring-data-aerospike/target/classes/org/springframework/data/aerospike/repository/support/SimpleAerospikeRepository.class], file [/home/aluno/spring-projects/maven/spring-data-aerospike/target/classes/org/springframework/data/aerospike/repository/config/AerospikeRepositoriesRegistrar.class], file [/home/aluno/spring-projects/maven/spring-data-aerospike/target/classes/org/springframework/data/aerospike/repository/config/EnableAerospikeRepositories.class], file [/home/aluno/spring-projects/maven/spring-data-aerospike/target/classes/org/springframework/data/aerospike/repository/config/AerospikeRepositoriesRegistrar$1.class], file [/home/aluno/spring-projects/maven/spring-data-aerospike/target/classes/org/springframework/data/aerospike/repository/config/AerospikeRepositoriesRegistrar$AerospikeRepositoryConfigurationExtension.class], file [/home/aluno/spring-projects/maven/spring-data-aerospike/target/classes/org/springframework/data/aerospike/repository/query/AerospikeParameterAccessor.class], file [/home/aluno/spring-projects/maven/spring-data-aerospike/target/classes/org/springframework/data/aerospike/repository/query/Query.class], file [/home/aluno/spring-projects/maven/spring-data-aerospike/target/classes/org/springframework/data/aerospike/repository/query/ConvertingParameterAccessor.class], file [/home/aluno/spring-projects/maven/spring-data-aerospike/target/classes/org/springframework/data/aerospike/repository/query/AerospikeQueryCreator$1.class], file [/home/aluno/spring-projects/maven/spring-data-aerospike/target/classes/org/springframework/data/aerospike/repository/query/CriteriaDefinition.class], file [/home/aluno/spring-projects/maven/spring-data-aerospike/target/classes/org/springframework/data/aerospike/repository/query/TextCriteria.class], file [/home/aluno/spring-projects/maven/spring-data-aerospike/target/classes/org/springframework/data/aerospike/repository/query/Criteria.class], file [/home/aluno/spring-projects/maven/spring-data-aerospike/target/classes/org/springframework/data/aerospike/repository/query/AerospikePartTreeQuery.class], file [/home/aluno/spring-projects/maven/spring-data-aerospike/target/classes/org/springframework/data/aerospike/repository/query/AerospikeQueryCreator.class]]
16:38:13.784 [main] DEBUG o.s.d.r.c.RepositoryComponentProvider - Identified candidate component class: file [/home/aluno/spring-projects/maven/spring-data-aerospike/target/test-classes/org/springframework/data/aerospike/repository/PersonRepository.class]
16:38:13.784 [main] DEBUG o.s.d.r.c.RepositoryComponentProvider - Identified candidate component class: file [/home/aluno/spring-projects/maven/spring-data-aerospike/target/test-classes/org/springframework/data/aerospike/repository/ContactRepository.class]
16:38:13.792 [main] DEBUG o.s.core.env.StandardEnvironment - Adding [systemProperties] PropertySource with lowest search precedence
16:38:13.792 [main] DEBUG o.s.core.env.StandardEnvironment - Adding [systemEnvironment] PropertySource with lowest search precedence
16:38:13.792 [main] DEBUG o.s.core.env.StandardEnvironment - Initialized StandardEnvironment with PropertySources [systemProperties,systemEnvironment]
16:38:13.792 [main] DEBUG o.s.c.i.s.PathMatchingResourcePatternResolver - Looking for matching resources in directory tree [/home/aluno/spring-projects/maven/spring-data-aerospike/target/test-classes/org/springframework/data/aerospike/repository]
16:38:13.792 [main] DEBUG o.s.c.i.s.PathMatchingResourcePatternResolver - Searching directory [/home/aluno/spring-projects/maven/spring-data-aerospike/target/test-classes/org/springframework/data/aerospike/repository] for files matching pattern [/home/aluno/spring-projects/maven/spring-data-aerospike/target/test-classes/org/springframework/data/aerospike/repository/**/*PersonRepositoryImpl.class]
16:38:13.792 [main] DEBUG o.s.c.i.s.PathMatchingResourcePatternResolver - Searching directory [/home/aluno/spring-projects/maven/spring-data-aerospike/target/test-classes/org/springframework/data/aerospike/repository/support] for files matching pattern [/home/aluno/spring-projects/maven/spring-data-aerospike/target/test-classes/org/springframework/data/aerospike/repository/**/*PersonRepositoryImpl.class]
16:38:13.792 [main] DEBUG o.s.c.i.s.PathMatchingResourcePatternResolver - Searching directory [/home/aluno/spring-projects/maven/spring-data-aerospike/target/test-classes/org/springframework/data/aerospike/repository/query] for files matching pattern [/home/aluno/spring-projects/maven/spring-data-aerospike/target/test-classes/org/springframework/data/aerospike/repository/**/*PersonRepositoryImpl.class]
16:38:13.793 [main] DEBUG o.s.c.i.s.PathMatchingResourcePatternResolver - Looking for matching resources in directory tree [/home/aluno/spring-projects/maven/spring-data-aerospike/target/classes/org/springframework/data/aerospike/repository]
16:38:13.793 [main] DEBUG o.s.c.i.s.PathMatchingResourcePatternResolver - Searching directory [/home/aluno/spring-projects/maven/spring-data-aerospike/target/classes/org/springframework/data/aerospike/repository] for files matching pattern [/home/aluno/spring-projects/maven/spring-data-aerospike/target/classes/org/springframework/data/aerospike/repository/**/*PersonRepositoryImpl.class]
16:38:13.793 [main] DEBUG o.s.c.i.s.PathMatchingResourcePatternResolver - Searching directory [/home/aluno/spring-projects/maven/spring-data-aerospike/target/classes/org/springframework/data/aerospike/repository/support] for files matching pattern [/home/aluno/spring-projects/maven/spring-data-aerospike/target/classes/org/springframework/data/aerospike/repository/**/*PersonRepositoryImpl.class]
16:38:13.793 [main] DEBUG o.s.c.i.s.PathMatchingResourcePatternResolver - Searching directory [/home/aluno/spring-projects/maven/spring-data-aerospike/target/classes/org/springframework/data/aerospike/repository/config] for files matching pattern [/home/aluno/spring-projects/maven/spring-data-aerospike/target/classes/org/springframework/data/aerospike/repository/**/*PersonRepositoryImpl.class]
16:38:13.793 [main] DEBUG o.s.c.i.s.PathMatchingResourcePatternResolver - Searching directory [/home/aluno/spring-projects/maven/spring-data-aerospike/target/classes/org/springframework/data/aerospike/repository/query] for files matching pattern [/home/aluno/spring-projects/maven/spring-data-aerospike/target/classes/org/springframework/data/aerospike/repository/**/*PersonRepositoryImpl.class]
16:38:13.793 [main] DEBUG o.s.c.i.s.PathMatchingResourcePatternResolver - Resolved location pattern [classpath*:org/springframework/data/aerospike/repository/**/*PersonRepositoryImpl.class] to resources []
16:38:13.793 [main] DEBUG o.s.d.r.c.RepositoryConfigurationDelegate - Spring Data Aerospike - Registering repository: personRepository - Interface: org.springframework.data.aerospike.repository.PersonRepository - Factory: org.springframework.data.keyvalue.repository.support.KeyValueRepositoryFactoryBean
16:38:13.793 [main] DEBUG o.s.core.env.StandardEnvironment - Adding [systemProperties] PropertySource with lowest search precedence
16:38:13.793 [main] DEBUG o.s.core.env.StandardEnvironment - Adding [systemEnvironment] PropertySource with lowest search precedence
16:38:13.793 [main] DEBUG o.s.core.env.StandardEnvironment - Initialized StandardEnvironment with PropertySources [systemProperties,systemEnvironment]
16:38:13.794 [main] DEBUG o.s.c.i.s.PathMatchingResourcePatternResolver - Looking for matching resources in directory tree [/home/aluno/spring-projects/maven/spring-data-aerospike/target/test-classes/org/springframework/data/aerospike/repository]
16:38:13.794 [main] DEBUG o.s.c.i.s.PathMatchingResourcePatternResolver - Searching directory [/home/aluno/spring-projects/maven/spring-data-aerospike/target/test-classes/org/springframework/data/aerospike/repository] for files matching pattern [/home/aluno/spring-projects/maven/spring-data-aerospike/target/test-classes/org/springframework/data/aerospike/repository/**/*ContactRepositoryImpl.class]
16:38:13.794 [main] DEBUG o.s.c.i.s.PathMatchingResourcePatternResolver - Searching directory [/home/aluno/spring-projects/maven/spring-data-aerospike/target/test-classes/org/springframework/data/aerospike/repository/support] for files matching pattern [/home/aluno/spring-projects/maven/spring-data-aerospike/target/test-classes/org/springframework/data/aerospike/repository/**/*ContactRepositoryImpl.class]
16:38:13.794 [main] DEBUG o.s.c.i.s.PathMatchingResourcePatternResolver - Searching directory [/home/aluno/spring-projects/maven/spring-data-aerospike/target/test-classes/org/springframework/data/aerospike/repository/query] for files matching pattern [/home/aluno/spring-projects/maven/spring-data-aerospike/target/test-classes/org/springframework/data/aerospike/repository/**/*ContactRepositoryImpl.class]
16:38:13.794 [main] DEBUG o.s.c.i.s.PathMatchingResourcePatternResolver - Looking for matching resources in directory tree [/home/aluno/spring-projects/maven/spring-data-aerospike/target/classes/org/springframework/data/aerospike/repository]
16:38:13.794 [main] DEBUG o.s.c.i.s.PathMatchingResourcePatternResolver - Searching directory [/home/aluno/spring-projects/maven/spring-data-aerospike/target/classes/org/springframework/data/aerospike/repository] for files matching pattern [/home/aluno/spring-projects/maven/spring-data-aerospike/target/classes/org/springframework/data/aerospike/repository/**/*ContactRepositoryImpl.class]
16:38:13.794 [main] DEBUG o.s.c.i.s.PathMatchingResourcePatternResolver - Searching directory [/home/aluno/spring-projects/maven/spring-data-aerospike/target/classes/org/springframework/data/aerospike/repository/support] for files matching pattern [/home/aluno/spring-projects/maven/spring-data-aerospike/target/classes/org/springframework/data/aerospike/repository/**/*ContactRepositoryImpl.class]
16:38:13.794 [main] DEBUG o.s.c.i.s.PathMatchingResourcePatternResolver - Searching directory [/home/aluno/spring-projects/maven/spring-data-aerospike/target/classes/org/springframework/data/aerospike/repository/config] for files matching pattern [/home/aluno/spring-projects/maven/spring-data-aerospike/target/classes/org/springframework/data/aerospike/repository/**/*ContactRepositoryImpl.class]
16:38:13.794 [main] DEBUG o.s.c.i.s.PathMatchingResourcePatternResolver - Searching directory [/home/aluno/spring-projects/maven/spring-data-aerospike/target/classes/org/springframework/data/aerospike/repository/query] for files matching pattern [/home/aluno/spring-projects/maven/spring-data-aerospike/target/classes/org/springframework/data/aerospike/repository/**/*ContactRepositoryImpl.class]
16:38:13.794 [main] DEBUG o.s.c.i.s.PathMatchingResourcePatternResolver - Resolved location pattern [classpath*:org/springframework/data/aerospike/repository/**/*ContactRepositoryImpl.class] to resources []
16:38:13.795 [main] DEBUG o.s.d.r.c.RepositoryConfigurationDelegate - Spring Data Aerospike - Registering repository: contactRepository - Interface: org.springframework.data.aerospike.repository.ContactRepository - Factory: org.springframework.data.keyvalue.repository.support.KeyValueRepositoryFactoryBean
16:38:13.795 [main] DEBUG o.s.c.a.ConfigurationClassEnhancer - Successfully enhanced org.springframework.data.aerospike.repository.TestConfigPerson; enhanced class name is: org.springframework.data.aerospike.repository.TestConfigPerson$$EnhancerBySpringCGLIB$$3f27a8da
16:38:13.795 [main] DEBUG o.s.c.a.ConfigurationClassPostProcessor - Replacing bean definition 'testConfigPerson' existing class name 'org.springframework.data.aerospike.repository.TestConfigPerson' with enhanced class name 'org.springframework.data.aerospike.repository.TestConfigPerson$$EnhancerBySpringCGLIB$$3f27a8da'
16:38:13.795 [main] DEBUG o.s.b.f.s.DefaultListableBeanFactory - Creating shared instance of singleton bean 'org.springframework.context.annotation.internalAutowiredAnnotationProcessor'
16:38:13.795 [main] DEBUG o.s.b.f.s.DefaultListableBeanFactory - Creating instance of bean 'org.springframework.context.annotation.internalAutowiredAnnotationProcessor'
16:38:13.796 [main] DEBUG o.s.b.f.s.DefaultListableBeanFactory - Eagerly caching bean 'org.springframework.context.annotation.internalAutowiredAnnotationProcessor' to allow for resolving potential circular references
16:38:13.796 [main] DEBUG o.s.b.f.s.DefaultListableBeanFactory - Finished creating instance of bean 'org.springframework.context.annotation.internalAutowiredAnnotationProcessor'
16:38:13.796 [main] DEBUG o.s.b.f.s.DefaultListableBeanFactory - Creating shared instance of singleton bean 'org.springframework.context.annotation.internalRequiredAnnotationProcessor'
16:38:13.796 [main] DEBUG o.s.b.f.s.DefaultListableBeanFactory - Creating instance of bean 'org.springframework.context.annotation.internalRequiredAnnotationProcessor'
16:38:13.796 [main] DEBUG o.s.b.f.s.DefaultListableBeanFactory - Eagerly caching bean 'org.springframework.context.annotation.internalRequiredAnnotationProcessor' to allow for resolving potential circular references
16:38:13.796 [main] DEBUG o.s.b.f.s.DefaultListableBeanFactory - Finished creating instance of bean 'org.springframework.context.annotation.internalRequiredAnnotationProcessor'
16:38:13.796 [main] DEBUG o.s.b.f.s.DefaultListableBeanFactory - Creating shared instance of singleton bean 'org.springframework.context.annotation.internalCommonAnnotationProcessor'
16:38:13.796 [main] DEBUG o.s.b.f.s.DefaultListableBeanFactory - Creating instance of bean 'org.springframework.context.annotation.internalCommonAnnotationProcessor'
16:38:13.796 [main] DEBUG o.s.b.f.s.DefaultListableBeanFactory - Eagerly caching bean 'org.springframework.context.annotation.internalCommonAnnotationProcessor' to allow for resolving potential circular references
16:38:13.796 [main] DEBUG o.s.b.f.s.DefaultListableBeanFactory - Finished creating instance of bean 'org.springframework.context.annotation.internalCommonAnnotationProcessor'
16:38:13.796 [main] DEBUG o.s.b.f.s.DefaultListableBeanFactory - Creating shared instance of singleton bean 'org.springframework.context.annotation.ConfigurationClassPostProcessor.importAwareProcessor'
16:38:13.796 [main] DEBUG o.s.b.f.s.DefaultListableBeanFactory - Creating instance of bean 'org.springframework.context.annotation.ConfigurationClassPostProcessor.importAwareProcessor'
16:38:13.796 [main] DEBUG o.s.b.f.s.DefaultListableBeanFactory - Eagerly caching bean 'org.springframework.context.annotation.ConfigurationClassPostProcessor.importAwareProcessor' to allow for resolving potential circular references
16:38:13.796 [main] DEBUG o.s.b.f.s.DefaultListableBeanFactory - Finished creating instance of bean 'org.springframework.context.annotation.ConfigurationClassPostProcessor.importAwareProcessor'
16:38:13.796 [main] DEBUG o.s.b.f.s.DefaultListableBeanFactory - Creating shared instance of singleton bean 'org.springframework.context.annotation.ConfigurationClassPostProcessor.enhancedConfigurationProcessor'
16:38:13.796 [main] DEBUG o.s.b.f.s.DefaultListableBeanFactory - Creating instance of bean 'org.springframework.context.annotation.ConfigurationClassPostProcessor.enhancedConfigurationProcessor'
16:38:13.796 [main] DEBUG o.s.b.f.s.DefaultListableBeanFactory - Eagerly caching bean 'org.springframework.context.annotation.ConfigurationClassPostProcessor.enhancedConfigurationProcessor' to allow for resolving potential circular references
16:38:13.796 [main] DEBUG o.s.b.f.s.DefaultListableBeanFactory - Finished creating instance of bean 'org.springframework.context.annotation.ConfigurationClassPostProcessor.enhancedConfigurationProcessor'
16:38:13.796 [main] DEBUG o.s.b.f.s.DefaultListableBeanFactory - Creating shared instance of singleton bean 'org.springframework.data.repository.core.support.RepositoryInterfaceAwareBeanPostProcessor'
16:38:13.796 [main] DEBUG o.s.b.f.s.DefaultListableBeanFactory - Creating instance of bean 'org.springframework.data.repository.core.support.RepositoryInterfaceAwareBeanPostProcessor'
16:38:13.796 [main] DEBUG o.s.b.f.s.DefaultListableBeanFactory - Eagerly caching bean 'org.springframework.data.repository.core.support.RepositoryInterfaceAwareBeanPostProcessor' to allow for resolving potential circular references
16:38:13.796 [main] DEBUG o.s.b.f.s.DefaultListableBeanFactory - Finished creating instance of bean 'org.springframework.data.repository.core.support.RepositoryInterfaceAwareBeanPostProcessor'
16:38:13.796 [main] DEBUG o.s.c.s.GenericApplicationContext - Unable to locate MessageSource with name 'messageSource': using default [org.springframework.context.support.DelegatingMessageSource@8e25d3f]
16:38:13.796 [main] DEBUG o.s.c.s.GenericApplicationContext - Unable to locate ApplicationEventMulticaster with name 'applicationEventMulticaster': using default [org.springframework.context.event.SimpleApplicationEventMulticaster@18a096b5]
16:38:13.797 [main] DEBUG o.s.b.f.s.DefaultListableBeanFactory - Pre-instantiating singletons in org.springframework.beans.factory.support.DefaultListableBeanFactory@6b4125ed: defining beans [org.springframework.context.annotation.internalConfigurationAnnotationProcessor,org.springframework.context.annotation.internalAutowiredAnnotationProcessor,org.springframework.context.annotation.internalRequiredAnnotationProcessor,org.springframework.context.annotation.internalCommonAnnotationProcessor,testConfigPerson,org.springframework.context.annotation.ConfigurationClassPostProcessor.importAwareProcessor,org.springframework.context.annotation.ConfigurationClassPostProcessor.enhancedConfigurationProcessor,aerospikeTemplate,aerospikeClient,org.springframework.data.aerospike.repository.config.AerospikeRepositoriesRegistrar$AerospikeRepositoryConfigurationExtension#0,org.springframework.data.repository.core.support.RepositoryInterfaceAwareBeanPostProcessor,keyValueMappingContext,personRepository,contactRepository]; root of factory hierarchy
16:38:13.797 [main] DEBUG o.s.b.f.s.DefaultListableBeanFactory - Returning cached instance of singleton bean 'org.springframework.context.annotation.internalConfigurationAnnotationProcessor'
16:38:13.797 [main] DEBUG o.s.b.f.s.DefaultListableBeanFactory - Returning cached instance of singleton bean 'org.springframework.context.annotation.internalAutowiredAnnotationProcessor'
16:38:13.797 [main] DEBUG o.s.b.f.s.DefaultListableBeanFactory - Returning cached instance of singleton bean 'org.springframework.context.annotation.internalRequiredAnnotationProcessor'
16:38:13.797 [main] DEBUG o.s.b.f.s.DefaultListableBeanFactory - Returning cached instance of singleton bean 'org.springframework.context.annotation.internalCommonAnnotationProcessor'
16:38:13.797 [main] DEBUG o.s.b.f.s.DefaultListableBeanFactory - Creating shared instance of singleton bean 'testConfigPerson'
16:38:13.797 [main] DEBUG o.s.b.f.s.DefaultListableBeanFactory - Creating instance of bean 'testConfigPerson'
16:38:13.797 [main] DEBUG o.s.b.f.s.DefaultListableBeanFactory - Eagerly caching bean 'testConfigPerson' to allow for resolving potential circular references
16:38:13.797 [main] DEBUG o.s.b.f.s.DefaultListableBeanFactory - Finished creating instance of bean 'testConfigPerson'
16:38:13.797 [main] DEBUG o.s.b.f.s.DefaultListableBeanFactory - Returning cached instance of singleton bean 'org.springframework.context.annotation.ConfigurationClassPostProcessor.importAwareProcessor'
16:38:13.797 [main] DEBUG o.s.b.f.s.DefaultListableBeanFactory - Returning cached instance of singleton bean 'org.springframework.context.annotation.ConfigurationClassPostProcessor.enhancedConfigurationProcessor'
16:38:13.797 [main] DEBUG o.s.b.f.s.DefaultListableBeanFactory - Creating shared instance of singleton bean 'aerospikeTemplate'
16:38:13.797 [main] DEBUG o.s.b.f.s.DefaultListableBeanFactory - Creating instance of bean 'aerospikeTemplate'
16:38:13.797 [main] DEBUG o.s.b.f.s.DefaultListableBeanFactory - Returning cached instance of singleton bean 'testConfigPerson'
16:38:13.797 [main] DEBUG o.s.b.f.s.DefaultListableBeanFactory - Creating shared instance of singleton bean 'aerospikeClient'
16:38:13.797 [main] DEBUG o.s.b.f.s.DefaultListableBeanFactory - Creating instance of bean 'aerospikeClient'
16:38:13.797 [main] DEBUG o.s.b.f.s.DefaultListableBeanFactory - Returning cached instance of singleton bean 'testConfigPerson'
16:38:15.800 [main] DEBUG o.s.d.a.r.q.AerospikeQueryCreator - AS:Alias 52.41.32.83:3000 failed: Error Code 11: java.net.SocketTimeoutException: connect timed out
16:38:15.800 [main] WARN  o.s.d.a.r.q.AerospikeQueryCreator - AS:Seed 52.41.32.83:3000 failed: Error Code 11: java.net.SocketTimeoutException: connect timed out
16:38:15.801 [main] WARN  o.s.c.s.GenericApplicationContext - Exception encountered during context initialization - cancelling refresh attempt
org.springframework.beans.factory.BeanCreationException: Error creating bean with name 'aerospikeTemplate' defined in org.springframework.data.aerospike.repository.TestConfigPerson: Bean instantiation via factory method failed; nested exception is org.springframework.beans.BeanInstantiationException: Failed to instantiate [org.springframework.data.aerospike.core.AerospikeTemplate]: Factory method 'aerospikeTemplate' threw exception; nested exception is org.springframework.beans.factory.BeanCreationException: Error creating bean with name 'aerospikeClient' defined in org.springframework.data.aerospike.repository.TestConfigPerson: Bean instantiation via factory method failed; nested exception is org.springframework.beans.BeanInstantiationException: Failed to instantiate [com.aerospike.client.AerospikeClient]: Factory method 'aerospikeClient' threw exception; nested exception is com.aerospike.client.AerospikeException$Connection: Error Code 11: Failed to connect to host(s): 
52.41.32.83:3000 Error Code 11: java.net.SocketTimeoutException: connect timed out

	at org.springframework.beans.factory.support.ConstructorResolver.instantiateUsingFactoryMethod(ConstructorResolver.java:599) ~[spring-beans-4.1.7.RELEASE.jar:4.1.7.RELEASE]
	at org.springframework.beans.factory.support.AbstractAutowireCapableBeanFactory.instantiateUsingFactoryMethod(AbstractAutowireCapableBeanFactory.java:1119) ~[spring-beans-4.1.7.RELEASE.jar:4.1.7.RELEASE]
	at org.springframework.beans.factory.support.AbstractAutowireCapableBeanFactory.createBeanInstance(AbstractAutowireCapableBeanFactory.java:1014) ~[spring-beans-4.1.7.RELEASE.jar:4.1.7.RELEASE]
	at org.springframework.beans.factory.support.AbstractAutowireCapableBeanFactory.doCreateBean(AbstractAutowireCapableBeanFactory.java:504) ~[spring-beans-4.1.7.RELEASE.jar:4.1.7.RELEASE]
	at org.springframework.beans.factory.support.AbstractAutowireCapableBeanFactory.createBean(AbstractAutowireCapableBeanFactory.java:476) ~[spring-beans-4.1.7.RELEASE.jar:4.1.7.RELEASE]
	at org.springframework.beans.factory.support.AbstractBeanFactory$1.getObject(AbstractBeanFactory.java:303) ~[spring-beans-4.1.7.RELEASE.jar:4.1.7.RELEASE]
	at org.springframework.beans.factory.support.DefaultSingletonBeanRegistry.getSingleton(DefaultSingletonBeanRegistry.java:230) ~[spring-beans-4.1.7.RELEASE.jar:4.1.7.RELEASE]
	at org.springframework.beans.factory.support.AbstractBeanFactory.doGetBean(AbstractBeanFactory.java:299) ~[spring-beans-4.1.7.RELEASE.jar:4.1.7.RELEASE]
	at org.springframework.beans.factory.support.AbstractBeanFactory.getBean(AbstractBeanFactory.java:194) ~[spring-beans-4.1.7.RELEASE.jar:4.1.7.RELEASE]
	at org.springframework.beans.factory.support.DefaultListableBeanFactory.preInstantiateSingletons(DefaultListableBeanFactory.java:755) ~[spring-beans-4.1.7.RELEASE.jar:4.1.7.RELEASE]
	at org.springframework.context.support.AbstractApplicationContext.finishBeanFactoryInitialization(AbstractApplicationContext.java:757) ~[spring-context-4.1.7.RELEASE.jar:4.1.7.RELEASE]
	at org.springframework.context.support.AbstractApplicationContext.refresh(AbstractApplicationContext.java:480) ~[spring-context-4.1.7.RELEASE.jar:4.1.7.RELEASE]
	at org.springframework.test.context.support.AbstractGenericContextLoader.loadContext(AbstractGenericContextLoader.java:125) [spring-test-4.1.7.RELEASE.jar:4.1.7.RELEASE]
	at org.springframework.test.context.support.AbstractGenericContextLoader.loadContext(AbstractGenericContextLoader.java:60) [spring-test-4.1.7.RELEASE.jar:4.1.7.RELEASE]
	at org.springframework.test.context.support.AbstractDelegatingSmartContextLoader.delegateLoading(AbstractDelegatingSmartContextLoader.java:109) [spring-test-4.1.7.RELEASE.jar:4.1.7.RELEASE]
	at org.springframework.test.context.support.AbstractDelegatingSmartContextLoader.loadContext(AbstractDelegatingSmartContextLoader.java:261) [spring-test-4.1.7.RELEASE.jar:4.1.7.RELEASE]
	at org.springframework.test.context.DefaultCacheAwareContextLoaderDelegate.loadContextInternal(DefaultCacheAwareContextLoaderDelegate.java:68) [spring-test-4.1.7.RELEASE.jar:4.1.7.RELEASE]
	at org.springframework.test.context.DefaultCacheAwareContextLoaderDelegate.loadContext(DefaultCacheAwareContextLoaderDelegate.java:86) [spring-test-4.1.7.RELEASE.jar:4.1.7.RELEASE]
	at org.springframework.test.context.DefaultTestContext.getApplicationContext(DefaultTestContext.java:72) [spring-test-4.1.7.RELEASE.jar:4.1.7.RELEASE]
	at org.springframework.test.context.support.DependencyInjectionTestExecutionListener.injectDependencies(DependencyInjectionTestExecutionListener.java:117) [spring-test-4.1.7.RELEASE.jar:4.1.7.RELEASE]
	at org.springframework.test.context.support.DependencyInjectionTestExecutionListener.prepareTestInstance(DependencyInjectionTestExecutionListener.java:83) [spring-test-4.1.7.RELEASE.jar:4.1.7.RELEASE]
	at org.springframework.test.context.TestContextManager.prepareTestInstance(TestContextManager.java:212) [spring-test-4.1.7.RELEASE.jar:4.1.7.RELEASE]
	at org.springframework.test.context.junit4.SpringJUnit4ClassRunner.createTest(SpringJUnit4ClassRunner.java:200) [spring-test-4.1.7.RELEASE.jar:4.1.7.RELEASE]
	at org.springframework.test.context.junit4.SpringJUnit4ClassRunner$1.runReflectiveCall(SpringJUnit4ClassRunner.java:259) [spring-test-4.1.7.RELEASE.jar:4.1.7.RELEASE]
	at org.junit.internal.runners.model.ReflectiveCallable.run(ReflectiveCallable.java:12) [junit-4.12.jar:4.12]
	at org.springframework.test.context.junit4.SpringJUnit4ClassRunner.methodBlock(SpringJUnit4ClassRunner.java:261) [spring-test-4.1.7.RELEASE.jar:4.1.7.RELEASE]
	at org.springframework.test.context.junit4.SpringJUnit4ClassRunner.runChild(SpringJUnit4ClassRunner.java:219) [spring-test-4.1.7.RELEASE.jar:4.1.7.RELEASE]
	at org.springframework.test.context.junit4.SpringJUnit4ClassRunner.runChild(SpringJUnit4ClassRunner.java:83) [spring-test-4.1.7.RELEASE.jar:4.1.7.RELEASE]
	at org.junit.runners.ParentRunner$3.run(ParentRunner.java:290) [junit-4.12.jar:4.12]
	at org.junit.runners.ParentRunner$1.schedule(ParentRunner.java:71) [junit-4.12.jar:4.12]
	at org.junit.runners.ParentRunner.runChildren(ParentRunner.java:288) [junit-4.12.jar:4.12]
	at org.junit.runners.ParentRunner.access$000(ParentRunner.java:58) [junit-4.12.jar:4.12]
	at org.junit.runners.ParentRunner$2.evaluate(ParentRunner.java:268) [junit-4.12.jar:4.12]
	at org.springframework.test.context.junit4.statements.RunBeforeTestClassCallbacks.evaluate(RunBeforeTestClassCallbacks.java:61) [spring-test-4.1.7.RELEASE.jar:4.1.7.RELEASE]
	at org.springframework.test.context.junit4.statements.RunAfterTestClassCallbacks.evaluate(RunAfterTestClassCallbacks.java:68) [spring-test-4.1.7.RELEASE.jar:4.1.7.RELEASE]
	at org.junit.runners.ParentRunner.run(ParentRunner.java:363) [junit-4.12.jar:4.12]
	at org.springframework.test.context.junit4.SpringJUnit4ClassRunner.run(SpringJUnit4ClassRunner.java:163) [spring-test-4.1.7.RELEASE.jar:4.1.7.RELEASE]
	at org.apache.maven.surefire.junit4.JUnit4Provider.execute(JUnit4Provider.java:283) [surefire-junit4-2.18.1.jar:2.18.1]
	at org.apache.maven.surefire.junit4.JUnit4Provider.executeWithRerun(JUnit4Provider.java:173) [surefire-junit4-2.18.1.jar:2.18.1]
	at org.apache.maven.surefire.junit4.JUnit4Provider.executeTestSet(JUnit4Provider.java:153) [surefire-junit4-2.18.1.jar:2.18.1]
	at org.apache.maven.surefire.junit4.JUnit4Provider.invoke(JUnit4Provider.java:128) [surefire-junit4-2.18.1.jar:2.18.1]
	at org.apache.maven.surefire.booter.ForkedBooter.invokeProviderInSameClassLoader(ForkedBooter.java:203) [surefire-booter-2.18.1.jar:2.18.1]
	at org.apache.maven.surefire.booter.ForkedBooter.runSuitesInProcess(ForkedBooter.java:155) [surefire-booter-2.18.1.jar:2.18.1]
	at org.apache.maven.surefire.booter.ForkedBooter.main(ForkedBooter.java:103) [surefire-booter-2.18.1.jar:2.18.1]
Caused by: org.springframework.beans.BeanInstantiationException: Failed to instantiate [org.springframework.data.aerospike.core.AerospikeTemplate]: Factory method 'aerospikeTemplate' threw exception; nested exception is org.springframework.beans.factory.BeanCreationException: Error creating bean with name 'aerospikeClient' defined in org.springframework.data.aerospike.repository.TestConfigPerson: Bean instantiation via factory method failed; nested exception is org.springframework.beans.BeanInstantiationException: Failed to instantiate [com.aerospike.client.AerospikeClient]: Factory method 'aerospikeClient' threw exception; nested exception is com.aerospike.client.AerospikeException$Connection: Error Code 11: Failed to connect to host(s): 
52.41.32.83:3000 Error Code 11: java.net.SocketTimeoutException: connect timed out

	at org.springframework.beans.factory.support.SimpleInstantiationStrategy.instantiate(SimpleInstantiationStrategy.java:189) ~[spring-beans-4.1.7.RELEASE.jar:4.1.7.RELEASE]
	at org.springframework.beans.factory.support.ConstructorResolver.instantiateUsingFactoryMethod(ConstructorResolver.java:588) ~[spring-beans-4.1.7.RELEASE.jar:4.1.7.RELEASE]
	... 43 common frames omitted
Caused by: org.springframework.beans.factory.BeanCreationException: Error creating bean with name 'aerospikeClient' defined in org.springframework.data.aerospike.repository.TestConfigPerson: Bean instantiation via factory method failed; nested exception is org.springframework.beans.BeanInstantiationException: Failed to instantiate [com.aerospike.client.AerospikeClient]: Factory method 'aerospikeClient' threw exception; nested exception is com.aerospike.client.AerospikeException$Connection: Error Code 11: Failed to connect to host(s): 
52.41.32.83:3000 Error Code 11: java.net.SocketTimeoutException: connect timed out

	at org.springframework.beans.factory.support.ConstructorResolver.instantiateUsingFactoryMethod(ConstructorResolver.java:599) ~[spring-beans-4.1.7.RELEASE.jar:4.1.7.RELEASE]
	at org.springframework.beans.factory.support.AbstractAutowireCapableBeanFactory.instantiateUsingFactoryMethod(AbstractAutowireCapableBeanFactory.java:1119) ~[spring-beans-4.1.7.RELEASE.jar:4.1.7.RELEASE]
	at org.springframework.beans.factory.support.AbstractAutowireCapableBeanFactory.createBeanInstance(AbstractAutowireCapableBeanFactory.java:1014) ~[spring-beans-4.1.7.RELEASE.jar:4.1.7.RELEASE]
	at org.springframework.beans.factory.support.AbstractAutowireCapableBeanFactory.doCreateBean(AbstractAutowireCapableBeanFactory.java:504) ~[spring-beans-4.1.7.RELEASE.jar:4.1.7.RELEASE]
	at org.springframework.beans.factory.support.AbstractAutowireCapableBeanFactory.createBean(AbstractAutowireCapableBeanFactory.java:476) ~[spring-beans-4.1.7.RELEASE.jar:4.1.7.RELEASE]
	at org.springframework.beans.factory.support.AbstractBeanFactory$1.getObject(AbstractBeanFactory.java:303) ~[spring-beans-4.1.7.RELEASE.jar:4.1.7.RELEASE]
	at org.springframework.beans.factory.support.DefaultSingletonBeanRegistry.getSingleton(DefaultSingletonBeanRegistry.java:230) ~[spring-beans-4.1.7.RELEASE.jar:4.1.7.RELEASE]
	at org.springframework.beans.factory.support.AbstractBeanFactory.doGetBean(AbstractBeanFactory.java:299) ~[spring-beans-4.1.7.RELEASE.jar:4.1.7.RELEASE]
	at org.springframework.beans.factory.support.AbstractBeanFactory.getBean(AbstractBeanFactory.java:194) ~[spring-beans-4.1.7.RELEASE.jar:4.1.7.RELEASE]
	at org.springframework.context.annotation.ConfigurationClassEnhancer$BeanMethodInterceptor.intercept(ConfigurationClassEnhancer.java:322) ~[spring-context-4.1.7.RELEASE.jar:4.1.7.RELEASE]
	at org.springframework.data.aerospike.repository.TestConfigPerson$$EnhancerBySpringCGLIB$$3f27a8da.aerospikeClient(<generated>) ~[spring-core-4.1.7.RELEASE.jar:na]
	at org.springframework.data.aerospike.repository.TestConfigPerson.aerospikeTemplate(TestConfigPerson.java:38) ~[test-classes/:na]
	at org.springframework.data.aerospike.repository.TestConfigPerson$$EnhancerBySpringCGLIB$$3f27a8da.CGLIB$aerospikeTemplate$0(<generated>) ~[spring-core-4.1.7.RELEASE.jar:na]
	at org.springframework.data.aerospike.repository.TestConfigPerson$$EnhancerBySpringCGLIB$$3f27a8da$$FastClassBySpringCGLIB$$38965c5e.invoke(<generated>) ~[spring-core-4.1.7.RELEASE.jar:na]
	at org.springframework.cglib.proxy.MethodProxy.invokeSuper(MethodProxy.java:228) ~[spring-core-4.1.7.RELEASE.jar:4.1.7.RELEASE]
	at org.springframework.context.annotation.ConfigurationClassEnhancer$BeanMethodInterceptor.intercept(ConfigurationClassEnhancer.java:309) ~[spring-context-4.1.7.RELEASE.jar:4.1.7.RELEASE]
	at org.springframework.data.aerospike.repository.TestConfigPerson$$EnhancerBySpringCGLIB$$3f27a8da.aerospikeTemplate(<generated>) ~[spring-core-4.1.7.RELEASE.jar:na]
	at sun.reflect.GeneratedMethodAccessor45.invoke(Unknown Source) ~[na:na]
	at sun.reflect.DelegatingMethodAccessorImpl.invoke(DelegatingMethodAccessorImpl.java:43) ~[na:1.8.0_91]
	at java.lang.reflect.Method.invoke(Method.java:498) ~[na:1.8.0_91]
	at org.springframework.beans.factory.support.SimpleInstantiationStrategy.instantiate(SimpleInstantiationStrategy.java:162) ~[spring-beans-4.1.7.RELEASE.jar:4.1.7.RELEASE]
	... 44 common frames omitted
Caused by: org.springframework.beans.BeanInstantiationException: Failed to instantiate [com.aerospike.client.AerospikeClient]: Factory method 'aerospikeClient' threw exception; nested exception is com.aerospike.client.AerospikeException$Connection: Error Code 11: Failed to connect to host(s): 
52.41.32.83:3000 Error Code 11: java.net.SocketTimeoutException: connect timed out

	at org.springframework.beans.factory.support.SimpleInstantiationStrategy.instantiate(SimpleInstantiationStrategy.java:189) ~[spring-beans-4.1.7.RELEASE.jar:4.1.7.RELEASE]
	at org.springframework.beans.factory.support.ConstructorResolver.instantiateUsingFactoryMethod(ConstructorResolver.java:588) ~[spring-beans-4.1.7.RELEASE.jar:4.1.7.RELEASE]
	... 64 common frames omitted
Caused by: com.aerospike.client.AerospikeException$Connection: Error Code 11: Failed to connect to host(s): 
52.41.32.83:3000 Error Code 11: java.net.SocketTimeoutException: connect timed out

	at com.aerospike.client.cluster.Cluster.seedNodes(Cluster.java:386) ~[aerospike-client-3.2.3.jar:na]
	at com.aerospike.client.cluster.Cluster.tend(Cluster.java:273) ~[aerospike-client-3.2.3.jar:na]
	at com.aerospike.client.cluster.Cluster.waitTillStabilized(Cluster.java:238) ~[aerospike-client-3.2.3.jar:na]
	at com.aerospike.client.cluster.Cluster.initTendThread(Cluster.java:148) ~[aerospike-client-3.2.3.jar:na]
	at com.aerospike.client.AerospikeClient.<init>(AerospikeClient.java:209) ~[aerospike-client-3.2.3.jar:na]
	at com.aerospike.client.AerospikeClient.<init>(AerospikeClient.java:173) ~[aerospike-client-3.2.3.jar:na]
	at org.springframework.data.aerospike.repository.TestConfigPerson.aerospikeClient(TestConfigPerson.java:32) ~[test-classes/:na]
	at org.springframework.data.aerospike.repository.TestConfigPerson$$EnhancerBySpringCGLIB$$3f27a8da.CGLIB$aerospikeClient$1(<generated>) ~[spring-core-4.1.7.RELEASE.jar:na]
	at org.springframework.data.aerospike.repository.TestConfigPerson$$EnhancerBySpringCGLIB$$3f27a8da$$FastClassBySpringCGLIB$$38965c5e.invoke(<generated>) ~[spring-core-4.1.7.RELEASE.jar:na]
	at org.springframework.cglib.proxy.MethodProxy.invokeSuper(MethodProxy.java:228) ~[spring-core-4.1.7.RELEASE.jar:4.1.7.RELEASE]
	at org.springframework.context.annotation.ConfigurationClassEnhancer$BeanMethodInterceptor.intercept(ConfigurationClassEnhancer.java:309) ~[spring-context-4.1.7.RELEASE.jar:4.1.7.RELEASE]
	at org.springframework.data.aerospike.repository.TestConfigPerson$$EnhancerBySpringCGLIB$$3f27a8da.aerospikeClient(<generated>) ~[spring-core-4.1.7.RELEASE.jar:na]
	at sun.reflect.GeneratedMethodAccessor46.invoke(Unknown Source) ~[na:na]
	at sun.reflect.DelegatingMethodAccessorImpl.invoke(DelegatingMethodAccessorImpl.java:43) ~[na:1.8.0_91]
	at java.lang.reflect.Method.invoke(Method.java:498) ~[na:1.8.0_91]
	at org.springframework.beans.factory.support.SimpleInstantiationStrategy.instantiate(SimpleInstantiationStrategy.java:162) ~[spring-beans-4.1.7.RELEASE.jar:4.1.7.RELEASE]
	... 65 common frames omitted
16:38:15.802 [main] DEBUG o.s.b.f.s.DefaultListableBeanFactory - Destroying singletons in org.springframework.beans.factory.support.DefaultListableBeanFactory@6b4125ed: defining beans [org.springframework.context.annotation.internalConfigurationAnnotationProcessor,org.springframework.context.annotation.internalAutowiredAnnotationProcessor,org.springframework.context.annotation.internalRequiredAnnotationProcessor,org.springframework.context.annotation.internalCommonAnnotationProcessor,testConfigPerson,org.springframework.context.annotation.ConfigurationClassPostProcessor.importAwareProcessor,org.springframework.context.annotation.ConfigurationClassPostProcessor.enhancedConfigurationProcessor,aerospikeTemplate,aerospikeClient,org.springframework.data.aerospike.repository.config.AerospikeRepositoriesRegistrar$AerospikeRepositoryConfigurationExtension#0,org.springframework.data.repository.core.support.RepositoryInterfaceAwareBeanPostProcessor,keyValueMappingContext,personRepository,contactRepository]; root of factory hierarchy
16:38:15.802 [main] ERROR o.s.test.context.TestContextManager - Caught exception while allowing TestExecutionListener [org.springframework.test.context.support.DependencyInjectionTestExecutionListener@334ebcaa] to prepare test instance [org.springframework.data.aerospike.repository.PersonRepositoryIntegrationTests@262a1fad]
java.lang.IllegalStateException: Failed to load ApplicationContext
	at org.springframework.test.context.DefaultCacheAwareContextLoaderDelegate.loadContext(DefaultCacheAwareContextLoaderDelegate.java:94) ~[spring-test-4.1.7.RELEASE.jar:4.1.7.RELEASE]
	at org.springframework.test.context.DefaultTestContext.getApplicationContext(DefaultTestContext.java:72) ~[spring-test-4.1.7.RELEASE.jar:4.1.7.RELEASE]
	at org.springframework.test.context.support.DependencyInjectionTestExecutionListener.injectDependencies(DependencyInjectionTestExecutionListener.java:117) ~[spring-test-4.1.7.RELEASE.jar:4.1.7.RELEASE]
	at org.springframework.test.context.support.DependencyInjectionTestExecutionListener.prepareTestInstance(DependencyInjectionTestExecutionListener.java:83) ~[spring-test-4.1.7.RELEASE.jar:4.1.7.RELEASE]
	at org.springframework.test.context.TestContextManager.prepareTestInstance(TestContextManager.java:212) ~[spring-test-4.1.7.RELEASE.jar:4.1.7.RELEASE]
	at org.springframework.test.context.junit4.SpringJUnit4ClassRunner.createTest(SpringJUnit4ClassRunner.java:200) [spring-test-4.1.7.RELEASE.jar:4.1.7.RELEASE]
	at org.springframework.test.context.junit4.SpringJUnit4ClassRunner$1.runReflectiveCall(SpringJUnit4ClassRunner.java:259) [spring-test-4.1.7.RELEASE.jar:4.1.7.RELEASE]
	at org.junit.internal.runners.model.ReflectiveCallable.run(ReflectiveCallable.java:12) [junit-4.12.jar:4.12]
	at org.springframework.test.context.junit4.SpringJUnit4ClassRunner.methodBlock(SpringJUnit4ClassRunner.java:261) [spring-test-4.1.7.RELEASE.jar:4.1.7.RELEASE]
	at org.springframework.test.context.junit4.SpringJUnit4ClassRunner.runChild(SpringJUnit4ClassRunner.java:219) [spring-test-4.1.7.RELEASE.jar:4.1.7.RELEASE]
	at org.springframework.test.context.junit4.SpringJUnit4ClassRunner.runChild(SpringJUnit4ClassRunner.java:83) [spring-test-4.1.7.RELEASE.jar:4.1.7.RELEASE]
	at org.junit.runners.ParentRunner$3.run(ParentRunner.java:290) [junit-4.12.jar:4.12]
	at org.junit.runners.ParentRunner$1.schedule(ParentRunner.java:71) [junit-4.12.jar:4.12]
	at org.junit.runners.ParentRunner.runChildren(ParentRunner.java:288) [junit-4.12.jar:4.12]
	at org.junit.runners.ParentRunner.access$000(ParentRunner.java:58) [junit-4.12.jar:4.12]
	at org.junit.runners.ParentRunner$2.evaluate(ParentRunner.java:268) [junit-4.12.jar:4.12]
	at org.springframework.test.context.junit4.statements.RunBeforeTestClassCallbacks.evaluate(RunBeforeTestClassCallbacks.java:61) [spring-test-4.1.7.RELEASE.jar:4.1.7.RELEASE]
	at org.springframework.test.context.junit4.statements.RunAfterTestClassCallbacks.evaluate(RunAfterTestClassCallbacks.java:68) [spring-test-4.1.7.RELEASE.jar:4.1.7.RELEASE]
	at org.junit.runners.ParentRunner.run(ParentRunner.java:363) [junit-4.12.jar:4.12]
	at org.springframework.test.context.junit4.SpringJUnit4ClassRunner.run(SpringJUnit4ClassRunner.java:163) [spring-test-4.1.7.RELEASE.jar:4.1.7.RELEASE]
	at org.apache.maven.surefire.junit4.JUnit4Provider.execute(JUnit4Provider.java:283) [surefire-junit4-2.18.1.jar:2.18.1]
	at org.apache.maven.surefire.junit4.JUnit4Provider.executeWithRerun(JUnit4Provider.java:173) [surefire-junit4-2.18.1.jar:2.18.1]
	at org.apache.maven.surefire.junit4.JUnit4Provider.executeTestSet(JUnit4Provider.java:153) [surefire-junit4-2.18.1.jar:2.18.1]
	at org.apache.maven.surefire.junit4.JUnit4Provider.invoke(JUnit4Provider.java:128) [surefire-junit4-2.18.1.jar:2.18.1]
	at org.apache.maven.surefire.booter.ForkedBooter.invokeProviderInSameClassLoader(ForkedBooter.java:203) [surefire-booter-2.18.1.jar:2.18.1]
	at org.apache.maven.surefire.booter.ForkedBooter.runSuitesInProcess(ForkedBooter.java:155) [surefire-booter-2.18.1.jar:2.18.1]
	at org.apache.maven.surefire.booter.ForkedBooter.main(ForkedBooter.java:103) [surefire-booter-2.18.1.jar:2.18.1]
Caused by: org.springframework.beans.factory.BeanCreationException: Error creating bean with name 'aerospikeTemplate' defined in org.springframework.data.aerospike.repository.TestConfigPerson: Bean instantiation via factory method failed; nested exception is org.springframework.beans.BeanInstantiationException: Failed to instantiate [org.springframework.data.aerospike.core.AerospikeTemplate]: Factory method 'aerospikeTemplate' threw exception; nested exception is org.springframework.beans.factory.BeanCreationException: Error creating bean with name 'aerospikeClient' defined in org.springframework.data.aerospike.repository.TestConfigPerson: Bean instantiation via factory method failed; nested exception is org.springframework.beans.BeanInstantiationException: Failed to instantiate [com.aerospike.client.AerospikeClient]: Factory method 'aerospikeClient' threw exception; nested exception is com.aerospike.client.AerospikeException$Connection: Error Code 11: Failed to connect to host(s): 
52.41.32.83:3000 Error Code 11: java.net.SocketTimeoutException: connect timed out

	at org.springframework.beans.factory.support.ConstructorResolver.instantiateUsingFactoryMethod(ConstructorResolver.java:599) ~[spring-beans-4.1.7.RELEASE.jar:4.1.7.RELEASE]
	at org.springframework.beans.factory.support.AbstractAutowireCapableBeanFactory.instantiateUsingFactoryMethod(AbstractAutowireCapableBeanFactory.java:1119) ~[spring-beans-4.1.7.RELEASE.jar:4.1.7.RELEASE]
	at org.springframework.beans.factory.support.AbstractAutowireCapableBeanFactory.createBeanInstance(AbstractAutowireCapableBeanFactory.java:1014) ~[spring-beans-4.1.7.RELEASE.jar:4.1.7.RELEASE]
	at org.springframework.beans.factory.support.AbstractAutowireCapableBeanFactory.doCreateBean(AbstractAutowireCapableBeanFactory.java:504) ~[spring-beans-4.1.7.RELEASE.jar:4.1.7.RELEASE]
	at org.springframework.beans.factory.support.AbstractAutowireCapableBeanFactory.createBean(AbstractAutowireCapableBeanFactory.java:476) ~[spring-beans-4.1.7.RELEASE.jar:4.1.7.RELEASE]
	at org.springframework.beans.factory.support.AbstractBeanFactory$1.getObject(AbstractBeanFactory.java:303) ~[spring-beans-4.1.7.RELEASE.jar:4.1.7.RELEASE]
	at org.springframework.beans.factory.support.DefaultSingletonBeanRegistry.getSingleton(DefaultSingletonBeanRegistry.java:230) ~[spring-beans-4.1.7.RELEASE.jar:4.1.7.RELEASE]
	at org.springframework.beans.factory.support.AbstractBeanFactory.doGetBean(AbstractBeanFactory.java:299) ~[spring-beans-4.1.7.RELEASE.jar:4.1.7.RELEASE]
	at org.springframework.beans.factory.support.AbstractBeanFactory.getBean(AbstractBeanFactory.java:194) ~[spring-beans-4.1.7.RELEASE.jar:4.1.7.RELEASE]
	at org.springframework.beans.factory.support.DefaultListableBeanFactory.preInstantiateSingletons(DefaultListableBeanFactory.java:755) ~[spring-beans-4.1.7.RELEASE.jar:4.1.7.RELEASE]
	at org.springframework.context.support.AbstractApplicationContext.finishBeanFactoryInitialization(AbstractApplicationContext.java:757) ~[spring-context-4.1.7.RELEASE.jar:4.1.7.RELEASE]
	at org.springframework.context.support.AbstractApplicationContext.refresh(AbstractApplicationContext.java:480) ~[spring-context-4.1.7.RELEASE.jar:4.1.7.RELEASE]
	at org.springframework.test.context.support.AbstractGenericContextLoader.loadContext(AbstractGenericContextLoader.java:125) ~[spring-test-4.1.7.RELEASE.jar:4.1.7.RELEASE]
	at org.springframework.test.context.support.AbstractGenericContextLoader.loadContext(AbstractGenericContextLoader.java:60) ~[spring-test-4.1.7.RELEASE.jar:4.1.7.RELEASE]
	at org.springframework.test.context.support.AbstractDelegatingSmartContextLoader.delegateLoading(AbstractDelegatingSmartContextLoader.java:109) ~[spring-test-4.1.7.RELEASE.jar:4.1.7.RELEASE]
	at org.springframework.test.context.support.AbstractDelegatingSmartContextLoader.loadContext(AbstractDelegatingSmartContextLoader.java:261) ~[spring-test-4.1.7.RELEASE.jar:4.1.7.RELEASE]
	at org.springframework.test.context.DefaultCacheAwareContextLoaderDelegate.loadContextInternal(DefaultCacheAwareContextLoaderDelegate.java:68) ~[spring-test-4.1.7.RELEASE.jar:4.1.7.RELEASE]
	at org.springframework.test.context.DefaultCacheAwareContextLoaderDelegate.loadContext(DefaultCacheAwareContextLoaderDelegate.java:86) ~[spring-test-4.1.7.RELEASE.jar:4.1.7.RELEASE]
	... 26 common frames omitted
Caused by: org.springframework.beans.BeanInstantiationException: Failed to instantiate [org.springframework.data.aerospike.core.AerospikeTemplate]: Factory method 'aerospikeTemplate' threw exception; nested exception is org.springframework.beans.factory.BeanCreationException: Error creating bean with name 'aerospikeClient' defined in org.springframework.data.aerospike.repository.TestConfigPerson: Bean instantiation via factory method failed; nested exception is org.springframework.beans.BeanInstantiationException: Failed to instantiate [com.aerospike.client.AerospikeClient]: Factory method 'aerospikeClient' threw exception; nested exception is com.aerospike.client.AerospikeException$Connection: Error Code 11: Failed to connect to host(s): 
52.41.32.83:3000 Error Code 11: java.net.SocketTimeoutException: connect timed out

	at org.springframework.beans.factory.support.SimpleInstantiationStrategy.instantiate(SimpleInstantiationStrategy.java:189) ~[spring-beans-4.1.7.RELEASE.jar:4.1.7.RELEASE]
	at org.springframework.beans.factory.support.ConstructorResolver.instantiateUsingFactoryMethod(ConstructorResolver.java:588) ~[spring-beans-4.1.7.RELEASE.jar:4.1.7.RELEASE]
	... 43 common frames omitted
Caused by: org.springframework.beans.factory.BeanCreationException: Error creating bean with name 'aerospikeClient' defined in org.springframework.data.aerospike.repository.TestConfigPerson: Bean instantiation via factory method failed; nested exception is org.springframework.beans.BeanInstantiationException: Failed to instantiate [com.aerospike.client.AerospikeClient]: Factory method 'aerospikeClient' threw exception; nested exception is com.aerospike.client.AerospikeException$Connection: Error Code 11: Failed to connect to host(s): 
52.41.32.83:3000 Error Code 11: java.net.SocketTimeoutException: connect timed out

	at org.springframework.beans.factory.support.ConstructorResolver.instantiateUsingFactoryMethod(ConstructorResolver.java:599) ~[spring-beans-4.1.7.RELEASE.jar:4.1.7.RELEASE]
	at org.springframework.beans.factory.support.AbstractAutowireCapableBeanFactory.instantiateUsingFactoryMethod(AbstractAutowireCapableBeanFactory.java:1119) ~[spring-beans-4.1.7.RELEASE.jar:4.1.7.RELEASE]
	at org.springframework.beans.factory.support.AbstractAutowireCapableBeanFactory.createBeanInstance(AbstractAutowireCapableBeanFactory.java:1014) ~[spring-beans-4.1.7.RELEASE.jar:4.1.7.RELEASE]
	at org.springframework.beans.factory.support.AbstractAutowireCapableBeanFactory.doCreateBean(AbstractAutowireCapableBeanFactory.java:504) ~[spring-beans-4.1.7.RELEASE.jar:4.1.7.RELEASE]
	at org.springframework.beans.factory.support.AbstractAutowireCapableBeanFactory.createBean(AbstractAutowireCapableBeanFactory.java:476) ~[spring-beans-4.1.7.RELEASE.jar:4.1.7.RELEASE]
	at org.springframework.beans.factory.support.AbstractBeanFactory$1.getObject(AbstractBeanFactory.java:303) ~[spring-beans-4.1.7.RELEASE.jar:4.1.7.RELEASE]
	at org.springframework.beans.factory.support.DefaultSingletonBeanRegistry.getSingleton(DefaultSingletonBeanRegistry.java:230) ~[spring-beans-4.1.7.RELEASE.jar:4.1.7.RELEASE]
	at org.springframework.beans.factory.support.AbstractBeanFactory.doGetBean(AbstractBeanFactory.java:299) ~[spring-beans-4.1.7.RELEASE.jar:4.1.7.RELEASE]
	at org.springframework.beans.factory.support.AbstractBeanFactory.getBean(AbstractBeanFactory.java:194) ~[spring-beans-4.1.7.RELEASE.jar:4.1.7.RELEASE]
	at org.springframework.context.annotation.ConfigurationClassEnhancer$BeanMethodInterceptor.intercept(ConfigurationClassEnhancer.java:322) ~[spring-context-4.1.7.RELEASE.jar:4.1.7.RELEASE]
	at org.springframework.data.aerospike.repository.TestConfigPerson$$EnhancerBySpringCGLIB$$3f27a8da.aerospikeClient(<generated>) ~[spring-core-4.1.7.RELEASE.jar:na]
	at org.springframework.data.aerospike.repository.TestConfigPerson.aerospikeTemplate(TestConfigPerson.java:38) ~[test-classes/:na]
	at org.springframework.data.aerospike.repository.TestConfigPerson$$EnhancerBySpringCGLIB$$3f27a8da.CGLIB$aerospikeTemplate$0(<generated>) ~[spring-core-4.1.7.RELEASE.jar:na]
	at org.springframework.data.aerospike.repository.TestConfigPerson$$EnhancerBySpringCGLIB$$3f27a8da$$FastClassBySpringCGLIB$$38965c5e.invoke(<generated>) ~[spring-core-4.1.7.RELEASE.jar:na]
	at org.springframework.cglib.proxy.MethodProxy.invokeSuper(MethodProxy.java:228) ~[spring-core-4.1.7.RELEASE.jar:4.1.7.RELEASE]
	at org.springframework.context.annotation.ConfigurationClassEnhancer$BeanMethodInterceptor.intercept(ConfigurationClassEnhancer.java:309) ~[spring-context-4.1.7.RELEASE.jar:4.1.7.RELEASE]
	at org.springframework.data.aerospike.repository.TestConfigPerson$$EnhancerBySpringCGLIB$$3f27a8da.aerospikeTemplate(<generated>) ~[spring-core-4.1.7.RELEASE.jar:na]
	at sun.reflect.GeneratedMethodAccessor45.invoke(Unknown Source) ~[na:na]
	at sun.reflect.DelegatingMethodAccessorImpl.invoke(DelegatingMethodAccessorImpl.java:43) ~[na:1.8.0_91]
	at java.lang.reflect.Method.invoke(Method.java:498) ~[na:1.8.0_91]
	at org.springframework.beans.factory.support.SimpleInstantiationStrategy.instantiate(SimpleInstantiationStrategy.java:162) ~[spring-beans-4.1.7.RELEASE.jar:4.1.7.RELEASE]
	... 44 common frames omitted
Caused by: org.springframework.beans.BeanInstantiationException: Failed to instantiate [com.aerospike.client.AerospikeClient]: Factory method 'aerospikeClient' threw exception; nested exception is com.aerospike.client.AerospikeException$Connection: Error Code 11: Failed to connect to host(s): 
52.41.32.83:3000 Error Code 11: java.net.SocketTimeoutException: connect timed out

	at org.springframework.beans.factory.support.SimpleInstantiationStrategy.instantiate(SimpleInstantiationStrategy.java:189) ~[spring-beans-4.1.7.RELEASE.jar:4.1.7.RELEASE]
	at org.springframework.beans.factory.support.ConstructorResolver.instantiateUsingFactoryMethod(ConstructorResolver.java:588) ~[spring-beans-4.1.7.RELEASE.jar:4.1.7.RELEASE]
	... 64 common frames omitted
Caused by: com.aerospike.client.AerospikeException$Connection: Error Code 11: Failed to connect to host(s): 
52.41.32.83:3000 Error Code 11: java.net.SocketTimeoutException: connect timed out

	at com.aerospike.client.cluster.Cluster.seedNodes(Cluster.java:386) ~[aerospike-client-3.2.3.jar:na]
	at com.aerospike.client.cluster.Cluster.tend(Cluster.java:273) ~[aerospike-client-3.2.3.jar:na]
	at com.aerospike.client.cluster.Cluster.waitTillStabilized(Cluster.java:238) ~[aerospike-client-3.2.3.jar:na]
	at com.aerospike.client.cluster.Cluster.initTendThread(Cluster.java:148) ~[aerospike-client-3.2.3.jar:na]
	at com.aerospike.client.AerospikeClient.<init>(AerospikeClient.java:209) ~[aerospike-client-3.2.3.jar:na]
	at com.aerospike.client.AerospikeClient.<init>(AerospikeClient.java:173) ~[aerospike-client-3.2.3.jar:na]
	at org.springframework.data.aerospike.repository.TestConfigPerson.aerospikeClient(TestConfigPerson.java:32) ~[test-classes/:na]
	at org.springframework.data.aerospike.repository.TestConfigPerson$$EnhancerBySpringCGLIB$$3f27a8da.CGLIB$aerospikeClient$1(<generated>) ~[spring-core-4.1.7.RELEASE.jar:na]
	at org.springframework.data.aerospike.repository.TestConfigPerson$$EnhancerBySpringCGLIB$$3f27a8da$$FastClassBySpringCGLIB$$38965c5e.invoke(<generated>) ~[spring-core-4.1.7.RELEASE.jar:na]
	at org.springframework.cglib.proxy.MethodProxy.invokeSuper(MethodProxy.java:228) ~[spring-core-4.1.7.RELEASE.jar:4.1.7.RELEASE]
	at org.springframework.context.annotation.ConfigurationClassEnhancer$BeanMethodInterceptor.intercept(ConfigurationClassEnhancer.java:309) ~[spring-context-4.1.7.RELEASE.jar:4.1.7.RELEASE]
	at org.springframework.data.aerospike.repository.TestConfigPerson$$EnhancerBySpringCGLIB$$3f27a8da.aerospikeClient(<generated>) ~[spring-core-4.1.7.RELEASE.jar:na]
	at sun.reflect.GeneratedMethodAccessor46.invoke(Unknown Source) ~[na:na]
	at sun.reflect.DelegatingMethodAccessorImpl.invoke(DelegatingMethodAccessorImpl.java:43) ~[na:1.8.0_91]
	at java.lang.reflect.Method.invoke(Method.java:498) ~[na:1.8.0_91]
	at org.springframework.beans.factory.support.SimpleInstantiationStrategy.instantiate(SimpleInstantiationStrategy.java:162) ~[spring-beans-4.1.7.RELEASE.jar:4.1.7.RELEASE]
	... 65 common frames omitted
]]></system-out>
  </testcase>
  <testcase name="findsPagedPersons" classname="org.springframework.data.aerospike.repository.PersonRepositoryIntegrationTests" time="0.002">
    <error message="Failed to load ApplicationContext" type="java.lang.IllegalStateException"><![CDATA[java.lang.IllegalStateException: Failed to load ApplicationContext
	at org.springframework.test.context.DefaultCacheAwareContextLoaderDelegate.loadContext(DefaultCacheAwareContextLoaderDelegate.java:94)
	at org.springframework.test.context.DefaultTestContext.getApplicationContext(DefaultTestContext.java:72)
	at org.springframework.test.context.support.DependencyInjectionTestExecutionListener.injectDependencies(DependencyInjectionTestExecutionListener.java:117)
	at org.springframework.test.context.support.DependencyInjectionTestExecutionListener.prepareTestInstance(DependencyInjectionTestExecutionListener.java:83)
	at org.springframework.test.context.TestContextManager.prepareTestInstance(TestContextManager.java:212)
	at org.springframework.test.context.junit4.SpringJUnit4ClassRunner.createTest(SpringJUnit4ClassRunner.java:200)
	at org.springframework.test.context.junit4.SpringJUnit4ClassRunner$1.runReflectiveCall(SpringJUnit4ClassRunner.java:259)
	at org.junit.internal.runners.model.ReflectiveCallable.run(ReflectiveCallable.java:12)
	at org.springframework.test.context.junit4.SpringJUnit4ClassRunner.methodBlock(SpringJUnit4ClassRunner.java:261)
	at org.springframework.test.context.junit4.SpringJUnit4ClassRunner.runChild(SpringJUnit4ClassRunner.java:219)
	at org.springframework.test.context.junit4.SpringJUnit4ClassRunner.runChild(SpringJUnit4ClassRunner.java:83)
	at org.junit.runners.ParentRunner$3.run(ParentRunner.java:290)
	at org.junit.runners.ParentRunner$1.schedule(ParentRunner.java:71)
	at org.junit.runners.ParentRunner.runChildren(ParentRunner.java:288)
	at org.junit.runners.ParentRunner.access$000(ParentRunner.java:58)
	at org.junit.runners.ParentRunner$2.evaluate(ParentRunner.java:268)
	at org.springframework.test.context.junit4.statements.RunBeforeTestClassCallbacks.evaluate(RunBeforeTestClassCallbacks.java:61)
	at org.springframework.test.context.junit4.statements.RunAfterTestClassCallbacks.evaluate(RunAfterTestClassCallbacks.java:68)
	at org.junit.runners.ParentRunner.run(ParentRunner.java:363)
	at org.springframework.test.context.junit4.SpringJUnit4ClassRunner.run(SpringJUnit4ClassRunner.java:163)
	at org.apache.maven.surefire.junit4.JUnit4Provider.execute(JUnit4Provider.java:283)
	at org.apache.maven.surefire.junit4.JUnit4Provider.executeWithRerun(JUnit4Provider.java:173)
	at org.apache.maven.surefire.junit4.JUnit4Provider.executeTestSet(JUnit4Provider.java:153)
	at org.apache.maven.surefire.junit4.JUnit4Provider.invoke(JUnit4Provider.java:128)
	at org.apache.maven.surefire.booter.ForkedBooter.invokeProviderInSameClassLoader(ForkedBooter.java:203)
	at org.apache.maven.surefire.booter.ForkedBooter.runSuitesInProcess(ForkedBooter.java:155)
	at org.apache.maven.surefire.booter.ForkedBooter.main(ForkedBooter.java:103)
Caused by: org.springframework.beans.factory.BeanCreationException: Error creating bean with name 'aerospikeTemplate' defined in org.springframework.data.aerospike.repository.TestConfigPerson: Bean instantiation via factory method failed; nested exception is org.springframework.beans.BeanInstantiationException: Failed to instantiate [org.springframework.data.aerospike.core.AerospikeTemplate]: Factory method 'aerospikeTemplate' threw exception; nested exception is org.springframework.beans.factory.BeanCreationException: Error creating bean with name 'aerospikeClient' defined in org.springframework.data.aerospike.repository.TestConfigPerson: Bean instantiation via factory method failed; nested exception is org.springframework.beans.BeanInstantiationException: Failed to instantiate [com.aerospike.client.AerospikeClient]: Factory method 'aerospikeClient' threw exception; nested exception is com.aerospike.client.AerospikeException$Connection: Error Code 11: Failed to connect to host(s): 
52.41.32.83:3000 Error Code 11: java.net.SocketTimeoutException: connect timed out

	at org.springframework.beans.factory.support.ConstructorResolver.instantiateUsingFactoryMethod(ConstructorResolver.java:599)
	at org.springframework.beans.factory.support.AbstractAutowireCapableBeanFactory.instantiateUsingFactoryMethod(AbstractAutowireCapableBeanFactory.java:1119)
	at org.springframework.beans.factory.support.AbstractAutowireCapableBeanFactory.createBeanInstance(AbstractAutowireCapableBeanFactory.java:1014)
	at org.springframework.beans.factory.support.AbstractAutowireCapableBeanFactory.doCreateBean(AbstractAutowireCapableBeanFactory.java:504)
	at org.springframework.beans.factory.support.AbstractAutowireCapableBeanFactory.createBean(AbstractAutowireCapableBeanFactory.java:476)
	at org.springframework.beans.factory.support.AbstractBeanFactory$1.getObject(AbstractBeanFactory.java:303)
	at org.springframework.beans.factory.support.DefaultSingletonBeanRegistry.getSingleton(DefaultSingletonBeanRegistry.java:230)
	at org.springframework.beans.factory.support.AbstractBeanFactory.doGetBean(AbstractBeanFactory.java:299)
	at org.springframework.beans.factory.support.AbstractBeanFactory.getBean(AbstractBeanFactory.java:194)
	at org.springframework.beans.factory.support.DefaultListableBeanFactory.preInstantiateSingletons(DefaultListableBeanFactory.java:755)
	at org.springframework.context.support.AbstractApplicationContext.finishBeanFactoryInitialization(AbstractApplicationContext.java:757)
	at org.springframework.context.support.AbstractApplicationContext.refresh(AbstractApplicationContext.java:480)
	at org.springframework.test.context.support.AbstractGenericContextLoader.loadContext(AbstractGenericContextLoader.java:125)
	at org.springframework.test.context.support.AbstractGenericContextLoader.loadContext(AbstractGenericContextLoader.java:60)
	at org.springframework.test.context.support.AbstractDelegatingSmartContextLoader.delegateLoading(AbstractDelegatingSmartContextLoader.java:109)
	at org.springframework.test.context.support.AbstractDelegatingSmartContextLoader.loadContext(AbstractDelegatingSmartContextLoader.java:261)
	at org.springframework.test.context.DefaultCacheAwareContextLoaderDelegate.loadContextInternal(DefaultCacheAwareContextLoaderDelegate.java:68)
	at org.springframework.test.context.DefaultCacheAwareContextLoaderDelegate.loadContext(DefaultCacheAwareContextLoaderDelegate.java:86)
	at org.springframework.test.context.DefaultTestContext.getApplicationContext(DefaultTestContext.java:72)
	at org.springframework.test.context.support.DependencyInjectionTestExecutionListener.injectDependencies(DependencyInjectionTestExecutionListener.java:117)
	at org.springframework.test.context.support.DependencyInjectionTestExecutionListener.prepareTestInstance(DependencyInjectionTestExecutionListener.java:83)
	at org.springframework.test.context.TestContextManager.prepareTestInstance(TestContextManager.java:212)
	at org.springframework.test.context.junit4.SpringJUnit4ClassRunner.createTest(SpringJUnit4ClassRunner.java:200)
	at org.springframework.test.context.junit4.SpringJUnit4ClassRunner$1.runReflectiveCall(SpringJUnit4ClassRunner.java:259)
	at org.junit.internal.runners.model.ReflectiveCallable.run(ReflectiveCallable.java:12)
	at org.springframework.test.context.junit4.SpringJUnit4ClassRunner.methodBlock(SpringJUnit4ClassRunner.java:261)
	at org.springframework.test.context.junit4.SpringJUnit4ClassRunner.runChild(SpringJUnit4ClassRunner.java:219)
	at org.springframework.test.context.junit4.SpringJUnit4ClassRunner.runChild(SpringJUnit4ClassRunner.java:83)
	at org.junit.runners.ParentRunner$3.run(ParentRunner.java:290)
	at org.junit.runners.ParentRunner$1.schedule(ParentRunner.java:71)
	at org.junit.runners.ParentRunner.runChildren(ParentRunner.java:288)
	at org.junit.runners.ParentRunner.access$000(ParentRunner.java:58)
	at org.junit.runners.ParentRunner$2.evaluate(ParentRunner.java:268)
	at org.springframework.test.context.junit4.statements.RunBeforeTestClassCallbacks.evaluate(RunBeforeTestClassCallbacks.java:61)
	at org.springframework.test.context.junit4.statements.RunAfterTestClassCallbacks.evaluate(RunAfterTestClassCallbacks.java:68)
	at org.junit.runners.ParentRunner.run(ParentRunner.java:363)
	at org.springframework.test.context.junit4.SpringJUnit4ClassRunner.run(SpringJUnit4ClassRunner.java:163)
	at org.apache.maven.surefire.junit4.JUnit4Provider.execute(JUnit4Provider.java:283)
	at org.apache.maven.surefire.junit4.JUnit4Provider.executeWithRerun(JUnit4Provider.java:173)
	at org.apache.maven.surefire.junit4.JUnit4Provider.executeTestSet(JUnit4Provider.java:153)
	at org.apache.maven.surefire.junit4.JUnit4Provider.invoke(JUnit4Provider.java:128)
	at org.apache.maven.surefire.booter.ForkedBooter.invokeProviderInSameClassLoader(ForkedBooter.java:203)
	at org.apache.maven.surefire.booter.ForkedBooter.runSuitesInProcess(ForkedBooter.java:155)
	at org.apache.maven.surefire.booter.ForkedBooter.main(ForkedBooter.java:103)
Caused by: org.springframework.beans.BeanInstantiationException: Failed to instantiate [org.springframework.data.aerospike.core.AerospikeTemplate]: Factory method 'aerospikeTemplate' threw exception; nested exception is org.springframework.beans.factory.BeanCreationException: Error creating bean with name 'aerospikeClient' defined in org.springframework.data.aerospike.repository.TestConfigPerson: Bean instantiation via factory method failed; nested exception is org.springframework.beans.BeanInstantiationException: Failed to instantiate [com.aerospike.client.AerospikeClient]: Factory method 'aerospikeClient' threw exception; nested exception is com.aerospike.client.AerospikeException$Connection: Error Code 11: Failed to connect to host(s): 
52.41.32.83:3000 Error Code 11: java.net.SocketTimeoutException: connect timed out

	at org.springframework.beans.factory.support.SimpleInstantiationStrategy.instantiate(SimpleInstantiationStrategy.java:189)
	at org.springframework.beans.factory.support.ConstructorResolver.instantiateUsingFactoryMethod(ConstructorResolver.java:588)
	at org.springframework.beans.factory.support.AbstractAutowireCapableBeanFactory.instantiateUsingFactoryMethod(AbstractAutowireCapableBeanFactory.java:1119)
	at org.springframework.beans.factory.support.AbstractAutowireCapableBeanFactory.createBeanInstance(AbstractAutowireCapableBeanFactory.java:1014)
	at org.springframework.beans.factory.support.AbstractAutowireCapableBeanFactory.doCreateBean(AbstractAutowireCapableBeanFactory.java:504)
	at org.springframework.beans.factory.support.AbstractAutowireCapableBeanFactory.createBean(AbstractAutowireCapableBeanFactory.java:476)
	at org.springframework.beans.factory.support.AbstractBeanFactory$1.getObject(AbstractBeanFactory.java:303)
	at org.springframework.beans.factory.support.DefaultSingletonBeanRegistry.getSingleton(DefaultSingletonBeanRegistry.java:230)
	at org.springframework.beans.factory.support.AbstractBeanFactory.doGetBean(AbstractBeanFactory.java:299)
	at org.springframework.beans.factory.support.AbstractBeanFactory.getBean(AbstractBeanFactory.java:194)
	at org.springframework.beans.factory.support.DefaultListableBeanFactory.preInstantiateSingletons(DefaultListableBeanFactory.java:755)
	at org.springframework.context.support.AbstractApplicationContext.finishBeanFactoryInitialization(AbstractApplicationContext.java:757)
	at org.springframework.context.support.AbstractApplicationContext.refresh(AbstractApplicationContext.java:480)
	at org.springframework.test.context.support.AbstractGenericContextLoader.loadContext(AbstractGenericContextLoader.java:125)
	at org.springframework.test.context.support.AbstractGenericContextLoader.loadContext(AbstractGenericContextLoader.java:60)
	at org.springframework.test.context.support.AbstractDelegatingSmartContextLoader.delegateLoading(AbstractDelegatingSmartContextLoader.java:109)
	at org.springframework.test.context.support.AbstractDelegatingSmartContextLoader.loadContext(AbstractDelegatingSmartContextLoader.java:261)
	at org.springframework.test.context.DefaultCacheAwareContextLoaderDelegate.loadContextInternal(DefaultCacheAwareContextLoaderDelegate.java:68)
	at org.springframework.test.context.DefaultCacheAwareContextLoaderDelegate.loadContext(DefaultCacheAwareContextLoaderDelegate.java:86)
	at org.springframework.test.context.DefaultTestContext.getApplicationContext(DefaultTestContext.java:72)
	at org.springframework.test.context.support.DependencyInjectionTestExecutionListener.injectDependencies(DependencyInjectionTestExecutionListener.java:117)
	at org.springframework.test.context.support.DependencyInjectionTestExecutionListener.prepareTestInstance(DependencyInjectionTestExecutionListener.java:83)
	at org.springframework.test.context.TestContextManager.prepareTestInstance(TestContextManager.java:212)
	at org.springframework.test.context.junit4.SpringJUnit4ClassRunner.createTest(SpringJUnit4ClassRunner.java:200)
	at org.springframework.test.context.junit4.SpringJUnit4ClassRunner$1.runReflectiveCall(SpringJUnit4ClassRunner.java:259)
	at org.junit.internal.runners.model.ReflectiveCallable.run(ReflectiveCallable.java:12)
	at org.springframework.test.context.junit4.SpringJUnit4ClassRunner.methodBlock(SpringJUnit4ClassRunner.java:261)
	at org.springframework.test.context.junit4.SpringJUnit4ClassRunner.runChild(SpringJUnit4ClassRunner.java:219)
	at org.springframework.test.context.junit4.SpringJUnit4ClassRunner.runChild(SpringJUnit4ClassRunner.java:83)
	at org.junit.runners.ParentRunner$3.run(ParentRunner.java:290)
	at org.junit.runners.ParentRunner$1.schedule(ParentRunner.java:71)
	at org.junit.runners.ParentRunner.runChildren(ParentRunner.java:288)
	at org.junit.runners.ParentRunner.access$000(ParentRunner.java:58)
	at org.junit.runners.ParentRunner$2.evaluate(ParentRunner.java:268)
	at org.springframework.test.context.junit4.statements.RunBeforeTestClassCallbacks.evaluate(RunBeforeTestClassCallbacks.java:61)
	at org.springframework.test.context.junit4.statements.RunAfterTestClassCallbacks.evaluate(RunAfterTestClassCallbacks.java:68)
	at org.junit.runners.ParentRunner.run(ParentRunner.java:363)
	at org.springframework.test.context.junit4.SpringJUnit4ClassRunner.run(SpringJUnit4ClassRunner.java:163)
	at org.apache.maven.surefire.junit4.JUnit4Provider.execute(JUnit4Provider.java:283)
	at org.apache.maven.surefire.junit4.JUnit4Provider.executeWithRerun(JUnit4Provider.java:173)
	at org.apache.maven.surefire.junit4.JUnit4Provider.executeTestSet(JUnit4Provider.java:153)
	at org.apache.maven.surefire.junit4.JUnit4Provider.invoke(JUnit4Provider.java:128)
	at org.apache.maven.surefire.booter.ForkedBooter.invokeProviderInSameClassLoader(ForkedBooter.java:203)
	at org.apache.maven.surefire.booter.ForkedBooter.runSuitesInProcess(ForkedBooter.java:155)
	at org.apache.maven.surefire.booter.ForkedBooter.main(ForkedBooter.java:103)
Caused by: org.springframework.beans.factory.BeanCreationException: Error creating bean with name 'aerospikeClient' defined in org.springframework.data.aerospike.repository.TestConfigPerson: Bean instantiation via factory method failed; nested exception is org.springframework.beans.BeanInstantiationException: Failed to instantiate [com.aerospike.client.AerospikeClient]: Factory method 'aerospikeClient' threw exception; nested exception is com.aerospike.client.AerospikeException$Connection: Error Code 11: Failed to connect to host(s): 
52.41.32.83:3000 Error Code 11: java.net.SocketTimeoutException: connect timed out

	at org.springframework.beans.factory.support.ConstructorResolver.instantiateUsingFactoryMethod(ConstructorResolver.java:599)
	at org.springframework.beans.factory.support.AbstractAutowireCapableBeanFactory.instantiateUsingFactoryMethod(AbstractAutowireCapableBeanFactory.java:1119)
	at org.springframework.beans.factory.support.AbstractAutowireCapableBeanFactory.createBeanInstance(AbstractAutowireCapableBeanFactory.java:1014)
	at org.springframework.beans.factory.support.AbstractAutowireCapableBeanFactory.doCreateBean(AbstractAutowireCapableBeanFactory.java:504)
	at org.springframework.beans.factory.support.AbstractAutowireCapableBeanFactory.createBean(AbstractAutowireCapableBeanFactory.java:476)
	at org.springframework.beans.factory.support.AbstractBeanFactory$1.getObject(AbstractBeanFactory.java:303)
	at org.springframework.beans.factory.support.DefaultSingletonBeanRegistry.getSingleton(DefaultSingletonBeanRegistry.java:230)
	at org.springframework.beans.factory.support.AbstractBeanFactory.doGetBean(AbstractBeanFactory.java:299)
	at org.springframework.beans.factory.support.AbstractBeanFactory.getBean(AbstractBeanFactory.java:194)
	at org.springframework.context.annotation.ConfigurationClassEnhancer$BeanMethodInterceptor.intercept(ConfigurationClassEnhancer.java:322)
	at org.springframework.data.aerospike.repository.TestConfigPerson$$EnhancerBySpringCGLIB$$3f27a8da.aerospikeClient(<generated>)
	at org.springframework.data.aerospike.repository.TestConfigPerson.aerospikeTemplate(TestConfigPerson.java:38)
	at org.springframework.data.aerospike.repository.TestConfigPerson$$EnhancerBySpringCGLIB$$3f27a8da.CGLIB$aerospikeTemplate$0(<generated>)
	at org.springframework.data.aerospike.repository.TestConfigPerson$$EnhancerBySpringCGLIB$$3f27a8da$$FastClassBySpringCGLIB$$38965c5e.invoke(<generated>)
	at org.springframework.cglib.proxy.MethodProxy.invokeSuper(MethodProxy.java:228)
	at org.springframework.context.annotation.ConfigurationClassEnhancer$BeanMethodInterceptor.intercept(ConfigurationClassEnhancer.java:309)
	at org.springframework.data.aerospike.repository.TestConfigPerson$$EnhancerBySpringCGLIB$$3f27a8da.aerospikeTemplate(<generated>)
	at sun.reflect.GeneratedMethodAccessor45.invoke(Unknown Source)
	at sun.reflect.DelegatingMethodAccessorImpl.invoke(DelegatingMethodAccessorImpl.java:43)
	at java.lang.reflect.Method.invoke(Method.java:498)
	at org.springframework.beans.factory.support.SimpleInstantiationStrategy.instantiate(SimpleInstantiationStrategy.java:162)
	at org.springframework.beans.factory.support.ConstructorResolver.instantiateUsingFactoryMethod(ConstructorResolver.java:588)
	at org.springframework.beans.factory.support.AbstractAutowireCapableBeanFactory.instantiateUsingFactoryMethod(AbstractAutowireCapableBeanFactory.java:1119)
	at org.springframework.beans.factory.support.AbstractAutowireCapableBeanFactory.createBeanInstance(AbstractAutowireCapableBeanFactory.java:1014)
	at org.springframework.beans.factory.support.AbstractAutowireCapableBeanFactory.doCreateBean(AbstractAutowireCapableBeanFactory.java:504)
	at org.springframework.beans.factory.support.AbstractAutowireCapableBeanFactory.createBean(AbstractAutowireCapableBeanFactory.java:476)
	at org.springframework.beans.factory.support.AbstractBeanFactory$1.getObject(AbstractBeanFactory.java:303)
	at org.springframework.beans.factory.support.DefaultSingletonBeanRegistry.getSingleton(DefaultSingletonBeanRegistry.java:230)
	at org.springframework.beans.factory.support.AbstractBeanFactory.doGetBean(AbstractBeanFactory.java:299)
	at org.springframework.beans.factory.support.AbstractBeanFactory.getBean(AbstractBeanFactory.java:194)
	at org.springframework.beans.factory.support.DefaultListableBeanFactory.preInstantiateSingletons(DefaultListableBeanFactory.java:755)
	at org.springframework.context.support.AbstractApplicationContext.finishBeanFactoryInitialization(AbstractApplicationContext.java:757)
	at org.springframework.context.support.AbstractApplicationContext.refresh(AbstractApplicationContext.java:480)
	at org.springframework.test.context.support.AbstractGenericContextLoader.loadContext(AbstractGenericContextLoader.java:125)
	at org.springframework.test.context.support.AbstractGenericContextLoader.loadContext(AbstractGenericContextLoader.java:60)
	at org.springframework.test.context.support.AbstractDelegatingSmartContextLoader.delegateLoading(AbstractDelegatingSmartContextLoader.java:109)
	at org.springframework.test.context.support.AbstractDelegatingSmartContextLoader.loadContext(AbstractDelegatingSmartContextLoader.java:261)
	at org.springframework.test.context.DefaultCacheAwareContextLoaderDelegate.loadContextInternal(DefaultCacheAwareContextLoaderDelegate.java:68)
	at org.springframework.test.context.DefaultCacheAwareContextLoaderDelegate.loadContext(DefaultCacheAwareContextLoaderDelegate.java:86)
	at org.springframework.test.context.DefaultTestContext.getApplicationContext(DefaultTestContext.java:72)
	at org.springframework.test.context.support.DependencyInjectionTestExecutionListener.injectDependencies(DependencyInjectionTestExecutionListener.java:117)
	at org.springframework.test.context.support.DependencyInjectionTestExecutionListener.prepareTestInstance(DependencyInjectionTestExecutionListener.java:83)
	at org.springframework.test.context.TestContextManager.prepareTestInstance(TestContextManager.java:212)
	at org.springframework.test.context.junit4.SpringJUnit4ClassRunner.createTest(SpringJUnit4ClassRunner.java:200)
	at org.springframework.test.context.junit4.SpringJUnit4ClassRunner$1.runReflectiveCall(SpringJUnit4ClassRunner.java:259)
	at org.junit.internal.runners.model.ReflectiveCallable.run(ReflectiveCallable.java:12)
	at org.springframework.test.context.junit4.SpringJUnit4ClassRunner.methodBlock(SpringJUnit4ClassRunner.java:261)
	at org.springframework.test.context.junit4.SpringJUnit4ClassRunner.runChild(SpringJUnit4ClassRunner.java:219)
	at org.springframework.test.context.junit4.SpringJUnit4ClassRunner.runChild(SpringJUnit4ClassRunner.java:83)
	at org.junit.runners.ParentRunner$3.run(ParentRunner.java:290)
	at org.junit.runners.ParentRunner$1.schedule(ParentRunner.java:71)
	at org.junit.runners.ParentRunner.runChildren(ParentRunner.java:288)
	at org.junit.runners.ParentRunner.access$000(ParentRunner.java:58)
	at org.junit.runners.ParentRunner$2.evaluate(ParentRunner.java:268)
	at org.springframework.test.context.junit4.statements.RunBeforeTestClassCallbacks.evaluate(RunBeforeTestClassCallbacks.java:61)
	at org.springframework.test.context.junit4.statements.RunAfterTestClassCallbacks.evaluate(RunAfterTestClassCallbacks.java:68)
	at org.junit.runners.ParentRunner.run(ParentRunner.java:363)
	at org.springframework.test.context.junit4.SpringJUnit4ClassRunner.run(SpringJUnit4ClassRunner.java:163)
	at org.apache.maven.surefire.junit4.JUnit4Provider.execute(JUnit4Provider.java:283)
	at org.apache.maven.surefire.junit4.JUnit4Provider.executeWithRerun(JUnit4Provider.java:173)
	at org.apache.maven.surefire.junit4.JUnit4Provider.executeTestSet(JUnit4Provider.java:153)
	at org.apache.maven.surefire.junit4.JUnit4Provider.invoke(JUnit4Provider.java:128)
	at org.apache.maven.surefire.booter.ForkedBooter.invokeProviderInSameClassLoader(ForkedBooter.java:203)
	at org.apache.maven.surefire.booter.ForkedBooter.runSuitesInProcess(ForkedBooter.java:155)
	at org.apache.maven.surefire.booter.ForkedBooter.main(ForkedBooter.java:103)
Caused by: org.springframework.beans.BeanInstantiationException: Failed to instantiate [com.aerospike.client.AerospikeClient]: Factory method 'aerospikeClient' threw exception; nested exception is com.aerospike.client.AerospikeException$Connection: Error Code 11: Failed to connect to host(s): 
52.41.32.83:3000 Error Code 11: java.net.SocketTimeoutException: connect timed out

	at org.springframework.beans.factory.support.SimpleInstantiationStrategy.instantiate(SimpleInstantiationStrategy.java:189)
	at org.springframework.beans.factory.support.ConstructorResolver.instantiateUsingFactoryMethod(ConstructorResolver.java:588)
	at org.springframework.beans.factory.support.AbstractAutowireCapableBeanFactory.instantiateUsingFactoryMethod(AbstractAutowireCapableBeanFactory.java:1119)
	at org.springframework.beans.factory.support.AbstractAutowireCapableBeanFactory.createBeanInstance(AbstractAutowireCapableBeanFactory.java:1014)
	at org.springframework.beans.factory.support.AbstractAutowireCapableBeanFactory.doCreateBean(AbstractAutowireCapableBeanFactory.java:504)
	at org.springframework.beans.factory.support.AbstractAutowireCapableBeanFactory.createBean(AbstractAutowireCapableBeanFactory.java:476)
	at org.springframework.beans.factory.support.AbstractBeanFactory$1.getObject(AbstractBeanFactory.java:303)
	at org.springframework.beans.factory.support.DefaultSingletonBeanRegistry.getSingleton(DefaultSingletonBeanRegistry.java:230)
	at org.springframework.beans.factory.support.AbstractBeanFactory.doGetBean(AbstractBeanFactory.java:299)
	at org.springframework.beans.factory.support.AbstractBeanFactory.getBean(AbstractBeanFactory.java:194)
	at org.springframework.context.annotation.ConfigurationClassEnhancer$BeanMethodInterceptor.intercept(ConfigurationClassEnhancer.java:322)
	at org.springframework.data.aerospike.repository.TestConfigPerson$$EnhancerBySpringCGLIB$$3f27a8da.aerospikeClient(<generated>)
	at org.springframework.data.aerospike.repository.TestConfigPerson.aerospikeTemplate(TestConfigPerson.java:38)
	at org.springframework.data.aerospike.repository.TestConfigPerson$$EnhancerBySpringCGLIB$$3f27a8da.CGLIB$aerospikeTemplate$0(<generated>)
	at org.springframework.data.aerospike.repository.TestConfigPerson$$EnhancerBySpringCGLIB$$3f27a8da$$FastClassBySpringCGLIB$$38965c5e.invoke(<generated>)
	at org.springframework.cglib.proxy.MethodProxy.invokeSuper(MethodProxy.java:228)
	at org.springframework.context.annotation.ConfigurationClassEnhancer$BeanMethodInterceptor.intercept(ConfigurationClassEnhancer.java:309)
	at org.springframework.data.aerospike.repository.TestConfigPerson$$EnhancerBySpringCGLIB$$3f27a8da.aerospikeTemplate(<generated>)
	at sun.reflect.GeneratedMethodAccessor45.invoke(Unknown Source)
	at sun.reflect.DelegatingMethodAccessorImpl.invoke(DelegatingMethodAccessorImpl.java:43)
	at java.lang.reflect.Method.invoke(Method.java:498)
	at org.springframework.beans.factory.support.SimpleInstantiationStrategy.instantiate(SimpleInstantiationStrategy.java:162)
	at org.springframework.beans.factory.support.ConstructorResolver.instantiateUsingFactoryMethod(ConstructorResolver.java:588)
	at org.springframework.beans.factory.support.AbstractAutowireCapableBeanFactory.instantiateUsingFactoryMethod(AbstractAutowireCapableBeanFactory.java:1119)
	at org.springframework.beans.factory.support.AbstractAutowireCapableBeanFactory.createBeanInstance(AbstractAutowireCapableBeanFactory.java:1014)
	at org.springframework.beans.factory.support.AbstractAutowireCapableBeanFactory.doCreateBean(AbstractAutowireCapableBeanFactory.java:504)
	at org.springframework.beans.factory.support.AbstractAutowireCapableBeanFactory.createBean(AbstractAutowireCapableBeanFactory.java:476)
	at org.springframework.beans.factory.support.AbstractBeanFactory$1.getObject(AbstractBeanFactory.java:303)
	at org.springframework.beans.factory.support.DefaultSingletonBeanRegistry.getSingleton(DefaultSingletonBeanRegistry.java:230)
	at org.springframework.beans.factory.support.AbstractBeanFactory.doGetBean(AbstractBeanFactory.java:299)
	at org.springframework.beans.factory.support.AbstractBeanFactory.getBean(AbstractBeanFactory.java:194)
	at org.springframework.beans.factory.support.DefaultListableBeanFactory.preInstantiateSingletons(DefaultListableBeanFactory.java:755)
	at org.springframework.context.support.AbstractApplicationContext.finishBeanFactoryInitialization(AbstractApplicationContext.java:757)
	at org.springframework.context.support.AbstractApplicationContext.refresh(AbstractApplicationContext.java:480)
	at org.springframework.test.context.support.AbstractGenericContextLoader.loadContext(AbstractGenericContextLoader.java:125)
	at org.springframework.test.context.support.AbstractGenericContextLoader.loadContext(AbstractGenericContextLoader.java:60)
	at org.springframework.test.context.support.AbstractDelegatingSmartContextLoader.delegateLoading(AbstractDelegatingSmartContextLoader.java:109)
	at org.springframework.test.context.support.AbstractDelegatingSmartContextLoader.loadContext(AbstractDelegatingSmartContextLoader.java:261)
	at org.springframework.test.context.DefaultCacheAwareContextLoaderDelegate.loadContextInternal(DefaultCacheAwareContextLoaderDelegate.java:68)
	at org.springframework.test.context.DefaultCacheAwareContextLoaderDelegate.loadContext(DefaultCacheAwareContextLoaderDelegate.java:86)
	at org.springframework.test.context.DefaultTestContext.getApplicationContext(DefaultTestContext.java:72)
	at org.springframework.test.context.support.DependencyInjectionTestExecutionListener.injectDependencies(DependencyInjectionTestExecutionListener.java:117)
	at org.springframework.test.context.support.DependencyInjectionTestExecutionListener.prepareTestInstance(DependencyInjectionTestExecutionListener.java:83)
	at org.springframework.test.context.TestContextManager.prepareTestInstance(TestContextManager.java:212)
	at org.springframework.test.context.junit4.SpringJUnit4ClassRunner.createTest(SpringJUnit4ClassRunner.java:200)
	at org.springframework.test.context.junit4.SpringJUnit4ClassRunner$1.runReflectiveCall(SpringJUnit4ClassRunner.java:259)
	at org.junit.internal.runners.model.ReflectiveCallable.run(ReflectiveCallable.java:12)
	at org.springframework.test.context.junit4.SpringJUnit4ClassRunner.methodBlock(SpringJUnit4ClassRunner.java:261)
	at org.springframework.test.context.junit4.SpringJUnit4ClassRunner.runChild(SpringJUnit4ClassRunner.java:219)
	at org.springframework.test.context.junit4.SpringJUnit4ClassRunner.runChild(SpringJUnit4ClassRunner.java:83)
	at org.junit.runners.ParentRunner$3.run(ParentRunner.java:290)
	at org.junit.runners.ParentRunner$1.schedule(ParentRunner.java:71)
	at org.junit.runners.ParentRunner.runChildren(ParentRunner.java:288)
	at org.junit.runners.ParentRunner.access$000(ParentRunner.java:58)
	at org.junit.runners.ParentRunner$2.evaluate(ParentRunner.java:268)
	at org.springframework.test.context.junit4.statements.RunBeforeTestClassCallbacks.evaluate(RunBeforeTestClassCallbacks.java:61)
	at org.springframework.test.context.junit4.statements.RunAfterTestClassCallbacks.evaluate(RunAfterTestClassCallbacks.java:68)
	at org.junit.runners.ParentRunner.run(ParentRunner.java:363)
	at org.springframework.test.context.junit4.SpringJUnit4ClassRunner.run(SpringJUnit4ClassRunner.java:163)
	at org.apache.maven.surefire.junit4.JUnit4Provider.execute(JUnit4Provider.java:283)
	at org.apache.maven.surefire.junit4.JUnit4Provider.executeWithRerun(JUnit4Provider.java:173)
	at org.apache.maven.surefire.junit4.JUnit4Provider.executeTestSet(JUnit4Provider.java:153)
	at org.apache.maven.surefire.junit4.JUnit4Provider.invoke(JUnit4Provider.java:128)
	at org.apache.maven.surefire.booter.ForkedBooter.invokeProviderInSameClassLoader(ForkedBooter.java:203)
	at org.apache.maven.surefire.booter.ForkedBooter.runSuitesInProcess(ForkedBooter.java:155)
	at org.apache.maven.surefire.booter.ForkedBooter.main(ForkedBooter.java:103)
Caused by: com.aerospike.client.AerospikeException$Connection: Error Code 11: Failed to connect to host(s): 
52.41.32.83:3000 Error Code 11: java.net.SocketTimeoutException: connect timed out

	at com.aerospike.client.cluster.Cluster.seedNodes(Cluster.java:386)
	at com.aerospike.client.cluster.Cluster.tend(Cluster.java:273)
	at com.aerospike.client.cluster.Cluster.waitTillStabilized(Cluster.java:238)
	at com.aerospike.client.cluster.Cluster.initTendThread(Cluster.java:148)
	at com.aerospike.client.AerospikeClient.<init>(AerospikeClient.java:209)
	at com.aerospike.client.AerospikeClient.<init>(AerospikeClient.java:173)
	at org.springframework.data.aerospike.repository.TestConfigPerson.aerospikeClient(TestConfigPerson.java:32)
	at org.springframework.data.aerospike.repository.TestConfigPerson$$EnhancerBySpringCGLIB$$3f27a8da.CGLIB$aerospikeClient$1(<generated>)
	at org.springframework.data.aerospike.repository.TestConfigPerson$$EnhancerBySpringCGLIB$$3f27a8da$$FastClassBySpringCGLIB$$38965c5e.invoke(<generated>)
	at org.springframework.cglib.proxy.MethodProxy.invokeSuper(MethodProxy.java:228)
	at org.springframework.context.annotation.ConfigurationClassEnhancer$BeanMethodInterceptor.intercept(ConfigurationClassEnhancer.java:309)
	at org.springframework.data.aerospike.repository.TestConfigPerson$$EnhancerBySpringCGLIB$$3f27a8da.aerospikeClient(<generated>)
	at sun.reflect.GeneratedMethodAccessor46.invoke(Unknown Source)
	at sun.reflect.DelegatingMethodAccessorImpl.invoke(DelegatingMethodAccessorImpl.java:43)
	at java.lang.reflect.Method.invoke(Method.java:498)
	at org.springframework.beans.factory.support.SimpleInstantiationStrategy.instantiate(SimpleInstantiationStrategy.java:162)
	at org.springframework.beans.factory.support.ConstructorResolver.instantiateUsingFactoryMethod(ConstructorResolver.java:588)
	at org.springframework.beans.factory.support.AbstractAutowireCapableBeanFactory.instantiateUsingFactoryMethod(AbstractAutowireCapableBeanFactory.java:1119)
	at org.springframework.beans.factory.support.AbstractAutowireCapableBeanFactory.createBeanInstance(AbstractAutowireCapableBeanFactory.java:1014)
	at org.springframework.beans.factory.support.AbstractAutowireCapableBeanFactory.doCreateBean(AbstractAutowireCapableBeanFactory.java:504)
	at org.springframework.beans.factory.support.AbstractAutowireCapableBeanFactory.createBean(AbstractAutowireCapableBeanFactory.java:476)
	at org.springframework.beans.factory.support.AbstractBeanFactory$1.getObject(AbstractBeanFactory.java:303)
	at org.springframework.beans.factory.support.DefaultSingletonBeanRegistry.getSingleton(DefaultSingletonBeanRegistry.java:230)
	at org.springframework.beans.factory.support.AbstractBeanFactory.doGetBean(AbstractBeanFactory.java:299)
	at org.springframework.beans.factory.support.AbstractBeanFactory.getBean(AbstractBeanFactory.java:194)
	at org.springframework.context.annotation.ConfigurationClassEnhancer$BeanMethodInterceptor.intercept(ConfigurationClassEnhancer.java:322)
	at org.springframework.data.aerospike.repository.TestConfigPerson$$EnhancerBySpringCGLIB$$3f27a8da.aerospikeClient(<generated>)
	at org.springframework.data.aerospike.repository.TestConfigPerson.aerospikeTemplate(TestConfigPerson.java:38)
	at org.springframework.data.aerospike.repository.TestConfigPerson$$EnhancerBySpringCGLIB$$3f27a8da.CGLIB$aerospikeTemplate$0(<generated>)
	at org.springframework.data.aerospike.repository.TestConfigPerson$$EnhancerBySpringCGLIB$$3f27a8da$$FastClassBySpringCGLIB$$38965c5e.invoke(<generated>)
	at org.springframework.cglib.proxy.MethodProxy.invokeSuper(MethodProxy.java:228)
	at org.springframework.context.annotation.ConfigurationClassEnhancer$BeanMethodInterceptor.intercept(ConfigurationClassEnhancer.java:309)
	at org.springframework.data.aerospike.repository.TestConfigPerson$$EnhancerBySpringCGLIB$$3f27a8da.aerospikeTemplate(<generated>)
	at sun.reflect.GeneratedMethodAccessor45.invoke(Unknown Source)
	at sun.reflect.DelegatingMethodAccessorImpl.invoke(DelegatingMethodAccessorImpl.java:43)
	at java.lang.reflect.Method.invoke(Method.java:498)
	at org.springframework.beans.factory.support.SimpleInstantiationStrategy.instantiate(SimpleInstantiationStrategy.java:162)
	at org.springframework.beans.factory.support.ConstructorResolver.instantiateUsingFactoryMethod(ConstructorResolver.java:588)
	at org.springframework.beans.factory.support.AbstractAutowireCapableBeanFactory.instantiateUsingFactoryMethod(AbstractAutowireCapableBeanFactory.java:1119)
	at org.springframework.beans.factory.support.AbstractAutowireCapableBeanFactory.createBeanInstance(AbstractAutowireCapableBeanFactory.java:1014)
	at org.springframework.beans.factory.support.AbstractAutowireCapableBeanFactory.doCreateBean(AbstractAutowireCapableBeanFactory.java:504)
	at org.springframework.beans.factory.support.AbstractAutowireCapableBeanFactory.createBean(AbstractAutowireCapableBeanFactory.java:476)
	at org.springframework.beans.factory.support.AbstractBeanFactory$1.getObject(AbstractBeanFactory.java:303)
	at org.springframework.beans.factory.support.DefaultSingletonBeanRegistry.getSingleton(DefaultSingletonBeanRegistry.java:230)
	at org.springframework.beans.factory.support.AbstractBeanFactory.doGetBean(AbstractBeanFactory.java:299)
	at org.springframework.beans.factory.support.AbstractBeanFactory.getBean(AbstractBeanFactory.java:194)
	at org.springframework.beans.factory.support.DefaultListableBeanFactory.preInstantiateSingletons(DefaultListableBeanFactory.java:755)
	at org.springframework.context.support.AbstractApplicationContext.finishBeanFactoryInitialization(AbstractApplicationContext.java:757)
	at org.springframework.context.support.AbstractApplicationContext.refresh(AbstractApplicationContext.java:480)
	at org.springframework.test.context.support.AbstractGenericContextLoader.loadContext(AbstractGenericContextLoader.java:125)
	at org.springframework.test.context.support.AbstractGenericContextLoader.loadContext(AbstractGenericContextLoader.java:60)
	at org.springframework.test.context.support.AbstractDelegatingSmartContextLoader.delegateLoading(AbstractDelegatingSmartContextLoader.java:109)
	at org.springframework.test.context.support.AbstractDelegatingSmartContextLoader.loadContext(AbstractDelegatingSmartContextLoader.java:261)
	at org.springframework.test.context.DefaultCacheAwareContextLoaderDelegate.loadContextInternal(DefaultCacheAwareContextLoaderDelegate.java:68)
	at org.springframework.test.context.DefaultCacheAwareContextLoaderDelegate.loadContext(DefaultCacheAwareContextLoaderDelegate.java:86)
	at org.springframework.test.context.DefaultTestContext.getApplicationContext(DefaultTestContext.java:72)
	at org.springframework.test.context.support.DependencyInjectionTestExecutionListener.injectDependencies(DependencyInjectionTestExecutionListener.java:117)
	at org.springframework.test.context.support.DependencyInjectionTestExecutionListener.prepareTestInstance(DependencyInjectionTestExecutionListener.java:83)
	at org.springframework.test.context.TestContextManager.prepareTestInstance(TestContextManager.java:212)
	at org.springframework.test.context.junit4.SpringJUnit4ClassRunner.createTest(SpringJUnit4ClassRunner.java:200)
	at org.springframework.test.context.junit4.SpringJUnit4ClassRunner$1.runReflectiveCall(SpringJUnit4ClassRunner.java:259)
	at org.junit.internal.runners.model.ReflectiveCallable.run(ReflectiveCallable.java:12)
	at org.springframework.test.context.junit4.SpringJUnit4ClassRunner.methodBlock(SpringJUnit4ClassRunner.java:261)
	at org.springframework.test.context.junit4.SpringJUnit4ClassRunner.runChild(SpringJUnit4ClassRunner.java:219)
	at org.springframework.test.context.junit4.SpringJUnit4ClassRunner.runChild(SpringJUnit4ClassRunner.java:83)
	at org.junit.runners.ParentRunner$3.run(ParentRunner.java:290)
	at org.junit.runners.ParentRunner$1.schedule(ParentRunner.java:71)
	at org.junit.runners.ParentRunner.runChildren(ParentRunner.java:288)
	at org.junit.runners.ParentRunner.access$000(ParentRunner.java:58)
	at org.junit.runners.ParentRunner$2.evaluate(ParentRunner.java:268)
	at org.springframework.test.context.junit4.statements.RunBeforeTestClassCallbacks.evaluate(RunBeforeTestClassCallbacks.java:61)
	at org.springframework.test.context.junit4.statements.RunAfterTestClassCallbacks.evaluate(RunAfterTestClassCallbacks.java:68)
	at org.junit.runners.ParentRunner.run(ParentRunner.java:363)
	at org.springframework.test.context.junit4.SpringJUnit4ClassRunner.run(SpringJUnit4ClassRunner.java:163)
	at org.apache.maven.surefire.junit4.JUnit4Provider.execute(JUnit4Provider.java:283)
	at org.apache.maven.surefire.junit4.JUnit4Provider.executeWithRerun(JUnit4Provider.java:173)
	at org.apache.maven.surefire.junit4.JUnit4Provider.executeTestSet(JUnit4Provider.java:153)
	at org.apache.maven.surefire.junit4.JUnit4Provider.invoke(JUnit4Provider.java:128)
	at org.apache.maven.surefire.booter.ForkedBooter.invokeProviderInSameClassLoader(ForkedBooter.java:203)
	at org.apache.maven.surefire.booter.ForkedBooter.runSuitesInProcess(ForkedBooter.java:155)
	at org.apache.maven.surefire.booter.ForkedBooter.main(ForkedBooter.java:103)
]]></error>
    <system-out><![CDATA[16:38:15.805 [main] DEBUG o.s.t.annotation.ProfileValueUtils - Retrieved @ProfileValueSourceConfiguration [null] for test class [org.springframework.data.aerospike.repository.PersonRepositoryIntegrationTests]
16:38:15.805 [main] DEBUG o.s.t.annotation.ProfileValueUtils - Retrieved ProfileValueSource type [class org.springframework.test.annotation.SystemProfileValueSource] for class [org.springframework.data.aerospike.repository.PersonRepositoryIntegrationTests]
16:38:15.805 [main] DEBUG o.s.t.c.s.DependencyInjectionTestExecutionListener - Performing dependency injection for test context [[DefaultTestContext@6c1cfa53 testClass = PersonRepositoryIntegrationTests, testInstance = org.springframework.data.aerospike.repository.PersonRepositoryIntegrationTests@79b18230, testMethod = [null], testException = [null], mergedContextConfiguration = [MergedContextConfiguration@52b06bef testClass = PersonRepositoryIntegrationTests, locations = '{}', classes = '{class org.springframework.data.aerospike.repository.TestConfigPerson}', contextInitializerClasses = '[]', activeProfiles = '{}', propertySourceLocations = '{}', propertySourceProperties = '{}', contextLoader = 'org.springframework.test.context.support.DelegatingSmartContextLoader', parent = [null]]]].
16:38:15.805 [main] DEBUG o.s.t.c.s.AbstractDelegatingSmartContextLoader - Delegating to AnnotationConfigContextLoader to load context from [MergedContextConfiguration@52b06bef testClass = PersonRepositoryIntegrationTests, locations = '{}', classes = '{class org.springframework.data.aerospike.repository.TestConfigPerson}', contextInitializerClasses = '[]', activeProfiles = '{}', propertySourceLocations = '{}', propertySourceProperties = '{}', contextLoader = 'org.springframework.test.context.support.DelegatingSmartContextLoader', parent = [null]].
16:38:15.805 [main] DEBUG o.s.t.c.s.AbstractGenericContextLoader - Loading ApplicationContext for merged context configuration [[MergedContextConfiguration@52b06bef testClass = PersonRepositoryIntegrationTests, locations = '{}', classes = '{class org.springframework.data.aerospike.repository.TestConfigPerson}', contextInitializerClasses = '[]', activeProfiles = '{}', propertySourceLocations = '{}', propertySourceProperties = '{}', contextLoader = 'org.springframework.test.context.support.DelegatingSmartContextLoader', parent = [null]]].
16:38:15.805 [main] DEBUG o.s.core.env.StandardEnvironment - Adding [systemProperties] PropertySource with lowest search precedence
16:38:15.807 [main] DEBUG o.s.core.env.StandardEnvironment - Adding [systemEnvironment] PropertySource with lowest search precedence
16:38:15.807 [main] DEBUG o.s.core.env.StandardEnvironment - Initialized StandardEnvironment with PropertySources [systemProperties,systemEnvironment]
16:38:15.807 [main] DEBUG o.s.t.c.s.AnnotationConfigContextLoader - Registering annotated classes: {class org.springframework.data.aerospike.repository.TestConfigPerson}
16:38:15.808 [main] INFO  o.s.c.s.GenericApplicationContext - Refreshing org.springframework.context.support.GenericApplicationContext@1d4f5506: startup date [Tue Oct 04 16:38:15 BRT 2016]; root of context hierarchy
16:38:15.808 [main] DEBUG o.s.c.s.GenericApplicationContext - Bean factory for org.springframework.context.support.GenericApplicationContext@1d4f5506: org.springframework.beans.factory.support.DefaultListableBeanFactory@7dee835: defining beans [org.springframework.context.annotation.internalConfigurationAnnotationProcessor,org.springframework.context.annotation.internalAutowiredAnnotationProcessor,org.springframework.context.annotation.internalRequiredAnnotationProcessor,org.springframework.context.annotation.internalCommonAnnotationProcessor,testConfigPerson]; root of factory hierarchy
16:38:15.809 [main] DEBUG o.s.b.f.s.DefaultListableBeanFactory - Creating shared instance of singleton bean 'org.springframework.context.annotation.internalConfigurationAnnotationProcessor'
16:38:15.810 [main] DEBUG o.s.b.f.s.DefaultListableBeanFactory - Creating instance of bean 'org.springframework.context.annotation.internalConfigurationAnnotationProcessor'
16:38:15.810 [main] DEBUG o.s.b.f.s.DefaultListableBeanFactory - Eagerly caching bean 'org.springframework.context.annotation.internalConfigurationAnnotationProcessor' to allow for resolving potential circular references
16:38:15.810 [main] DEBUG o.s.b.f.s.DefaultListableBeanFactory - Finished creating instance of bean 'org.springframework.context.annotation.internalConfigurationAnnotationProcessor'
16:38:15.810 [main] DEBUG o.s.c.a.ConfigurationClassBeanDefinitionReader - Registering bean definition for @Bean method org.springframework.data.aerospike.repository.TestConfigPerson.aerospikeTemplate()
16:38:15.810 [main] DEBUG o.s.c.a.ConfigurationClassBeanDefinitionReader - Registering bean definition for @Bean method org.springframework.data.aerospike.repository.TestConfigPerson.aerospikeClient()
16:38:15.811 [main] DEBUG o.s.core.env.StandardEnvironment - Adding [systemProperties] PropertySource with lowest search precedence
16:38:15.812 [main] DEBUG o.s.core.env.StandardEnvironment - Adding [systemEnvironment] PropertySource with lowest search precedence
16:38:15.813 [main] DEBUG o.s.core.env.StandardEnvironment - Initialized StandardEnvironment with PropertySources [systemProperties,systemEnvironment]
16:38:15.815 [main] DEBUG o.s.c.i.s.PathMatchingResourcePatternResolver - Looking for matching resources in directory tree [/home/aluno/spring-projects/maven/spring-data-aerospike/target/test-classes/org/springframework/data]
16:38:15.815 [main] DEBUG o.s.c.i.s.PathMatchingResourcePatternResolver - Searching directory [/home/aluno/spring-projects/maven/spring-data-aerospike/target/test-classes/org/springframework/data] for files matching pattern [/home/aluno/spring-projects/maven/spring-data-aerospike/target/test-classes/org/springframework/data/**/repository/support/**/*.class]
16:38:15.815 [main] DEBUG o.s.c.i.s.PathMatchingResourcePatternResolver - Searching directory [/home/aluno/spring-projects/maven/spring-data-aerospike/target/test-classes/org/springframework/data/keyvalue] for files matching pattern [/home/aluno/spring-projects/maven/spring-data-aerospike/target/test-classes/org/springframework/data/**/repository/support/**/*.class]
16:38:15.815 [main] DEBUG o.s.c.i.s.PathMatchingResourcePatternResolver - Searching directory [/home/aluno/spring-projects/maven/spring-data-aerospike/target/test-classes/org/springframework/data/keyvalue/repository] for files matching pattern [/home/aluno/spring-projects/maven/spring-data-aerospike/target/test-classes/org/springframework/data/**/repository/support/**/*.class]
16:38:15.815 [main] DEBUG o.s.c.i.s.PathMatchingResourcePatternResolver - Searching directory [/home/aluno/spring-projects/maven/spring-data-aerospike/target/test-classes/org/springframework/data/keyvalue/repository/query] for files matching pattern [/home/aluno/spring-projects/maven/spring-data-aerospike/target/test-classes/org/springframework/data/**/repository/support/**/*.class]
16:38:15.815 [main] DEBUG o.s.c.i.s.PathMatchingResourcePatternResolver - Searching directory [/home/aluno/spring-projects/maven/spring-data-aerospike/target/test-classes/org/springframework/data/aerospike] for files matching pattern [/home/aluno/spring-projects/maven/spring-data-aerospike/target/test-classes/org/springframework/data/**/repository/support/**/*.class]
16:38:15.815 [main] DEBUG o.s.c.i.s.PathMatchingResourcePatternResolver - Searching directory [/home/aluno/spring-projects/maven/spring-data-aerospike/target/test-classes/org/springframework/data/aerospike/mapping] for files matching pattern [/home/aluno/spring-projects/maven/spring-data-aerospike/target/test-classes/org/springframework/data/**/repository/support/**/*.class]
16:38:15.815 [main] DEBUG o.s.c.i.s.PathMatchingResourcePatternResolver - Searching directory [/home/aluno/spring-projects/maven/spring-data-aerospike/target/test-classes/org/springframework/data/aerospike/core] for files matching pattern [/home/aluno/spring-projects/maven/spring-data-aerospike/target/test-classes/org/springframework/data/**/repository/support/**/*.class]
16:38:15.815 [main] DEBUG o.s.c.i.s.PathMatchingResourcePatternResolver - Searching directory [/home/aluno/spring-projects/maven/spring-data-aerospike/target/test-classes/org/springframework/data/aerospike/convert] for files matching pattern [/home/aluno/spring-projects/maven/spring-data-aerospike/target/test-classes/org/springframework/data/**/repository/support/**/*.class]
16:38:15.816 [main] DEBUG o.s.c.i.s.PathMatchingResourcePatternResolver - Searching directory [/home/aluno/spring-projects/maven/spring-data-aerospike/target/test-classes/org/springframework/data/aerospike/sample] for files matching pattern [/home/aluno/spring-projects/maven/spring-data-aerospike/target/test-classes/org/springframework/data/**/repository/support/**/*.class]
16:38:15.817 [main] DEBUG o.s.c.i.s.PathMatchingResourcePatternResolver - Searching directory [/home/aluno/spring-projects/maven/spring-data-aerospike/target/test-classes/org/springframework/data/aerospike/repository] for files matching pattern [/home/aluno/spring-projects/maven/spring-data-aerospike/target/test-classes/org/springframework/data/**/repository/support/**/*.class]
16:38:15.817 [main] DEBUG o.s.c.i.s.PathMatchingResourcePatternResolver - Searching directory [/home/aluno/spring-projects/maven/spring-data-aerospike/target/test-classes/org/springframework/data/aerospike/repository/support] for files matching pattern [/home/aluno/spring-projects/maven/spring-data-aerospike/target/test-classes/org/springframework/data/**/repository/support/**/*.class]
16:38:15.817 [main] DEBUG o.s.c.i.s.PathMatchingResourcePatternResolver - Searching directory [/home/aluno/spring-projects/maven/spring-data-aerospike/target/test-classes/org/springframework/data/aerospike/repository/query] for files matching pattern [/home/aluno/spring-projects/maven/spring-data-aerospike/target/test-classes/org/springframework/data/**/repository/support/**/*.class]
16:38:15.817 [main] DEBUG o.s.c.i.s.PathMatchingResourcePatternResolver - Searching directory [/home/aluno/spring-projects/maven/spring-data-aerospike/target/test-classes/org/springframework/data/aerospike/config] for files matching pattern [/home/aluno/spring-projects/maven/spring-data-aerospike/target/test-classes/org/springframework/data/**/repository/support/**/*.class]
16:38:15.817 [main] DEBUG o.s.c.i.s.PathMatchingResourcePatternResolver - Searching directory [/home/aluno/spring-projects/maven/spring-data-aerospike/target/test-classes/org/springframework/data/aerospike/cache] for files matching pattern [/home/aluno/spring-projects/maven/spring-data-aerospike/target/test-classes/org/springframework/data/**/repository/support/**/*.class]
16:38:15.817 [main] DEBUG o.s.c.i.s.PathMatchingResourcePatternResolver - Looking for matching resources in directory tree [/home/aluno/spring-projects/maven/spring-data-aerospike/target/classes/org/springframework/data]
16:38:15.817 [main] DEBUG o.s.c.i.s.PathMatchingResourcePatternResolver - Searching directory [/home/aluno/spring-projects/maven/spring-data-aerospike/target/classes/org/springframework/data] for files matching pattern [/home/aluno/spring-projects/maven/spring-data-aerospike/target/classes/org/springframework/data/**/repository/support/**/*.class]
16:38:15.817 [main] DEBUG o.s.c.i.s.PathMatchingResourcePatternResolver - Searching directory [/home/aluno/spring-projects/maven/spring-data-aerospike/target/classes/org/springframework/data/aerospike] for files matching pattern [/home/aluno/spring-projects/maven/spring-data-aerospike/target/classes/org/springframework/data/**/repository/support/**/*.class]
16:38:15.817 [main] DEBUG o.s.c.i.s.PathMatchingResourcePatternResolver - Searching directory [/home/aluno/spring-projects/maven/spring-data-aerospike/target/classes/org/springframework/data/aerospike/mapping] for files matching pattern [/home/aluno/spring-projects/maven/spring-data-aerospike/target/classes/org/springframework/data/**/repository/support/**/*.class]
16:38:15.818 [main] DEBUG o.s.c.i.s.PathMatchingResourcePatternResolver - Searching directory [/home/aluno/spring-projects/maven/spring-data-aerospike/target/classes/org/springframework/data/aerospike/core] for files matching pattern [/home/aluno/spring-projects/maven/spring-data-aerospike/target/classes/org/springframework/data/**/repository/support/**/*.class]
16:38:15.818 [main] DEBUG o.s.c.i.s.PathMatchingResourcePatternResolver - Searching directory [/home/aluno/spring-projects/maven/spring-data-aerospike/target/classes/org/springframework/data/aerospike/convert] for files matching pattern [/home/aluno/spring-projects/maven/spring-data-aerospike/target/classes/org/springframework/data/**/repository/support/**/*.class]
16:38:15.818 [main] DEBUG o.s.c.i.s.PathMatchingResourcePatternResolver - Searching directory [/home/aluno/spring-projects/maven/spring-data-aerospike/target/classes/org/springframework/data/aerospike/example] for files matching pattern [/home/aluno/spring-projects/maven/spring-data-aerospike/target/classes/org/springframework/data/**/repository/support/**/*.class]
16:38:15.819 [main] DEBUG o.s.c.i.s.PathMatchingResourcePatternResolver - Searching directory [/home/aluno/spring-projects/maven/spring-data-aerospike/target/classes/org/springframework/data/aerospike/example/data] for files matching pattern [/home/aluno/spring-projects/maven/spring-data-aerospike/target/classes/org/springframework/data/**/repository/support/**/*.class]
16:38:15.819 [main] DEBUG o.s.c.i.s.PathMatchingResourcePatternResolver - Searching directory [/home/aluno/spring-projects/maven/spring-data-aerospike/target/classes/org/springframework/data/aerospike/example/config] for files matching pattern [/home/aluno/spring-projects/maven/spring-data-aerospike/target/classes/org/springframework/data/**/repository/support/**/*.class]
16:38:15.819 [main] DEBUG o.s.c.i.s.PathMatchingResourcePatternResolver - Searching directory [/home/aluno/spring-projects/maven/spring-data-aerospike/target/classes/org/springframework/data/aerospike/annotation] for files matching pattern [/home/aluno/spring-projects/maven/spring-data-aerospike/target/classes/org/springframework/data/**/repository/support/**/*.class]
16:38:15.819 [main] DEBUG o.s.c.i.s.PathMatchingResourcePatternResolver - Searching directory [/home/aluno/spring-projects/maven/spring-data-aerospike/target/classes/org/springframework/data/aerospike/repository] for files matching pattern [/home/aluno/spring-projects/maven/spring-data-aerospike/target/classes/org/springframework/data/**/repository/support/**/*.class]
16:38:15.819 [main] DEBUG o.s.c.i.s.PathMatchingResourcePatternResolver - Searching directory [/home/aluno/spring-projects/maven/spring-data-aerospike/target/classes/org/springframework/data/aerospike/repository/support] for files matching pattern [/home/aluno/spring-projects/maven/spring-data-aerospike/target/classes/org/springframework/data/**/repository/support/**/*.class]
16:38:15.819 [main] DEBUG o.s.c.i.s.PathMatchingResourcePatternResolver - Searching directory [/home/aluno/spring-projects/maven/spring-data-aerospike/target/classes/org/springframework/data/aerospike/repository/config] for files matching pattern [/home/aluno/spring-projects/maven/spring-data-aerospike/target/classes/org/springframework/data/**/repository/support/**/*.class]
16:38:15.819 [main] DEBUG o.s.c.i.s.PathMatchingResourcePatternResolver - Searching directory [/home/aluno/spring-projects/maven/spring-data-aerospike/target/classes/org/springframework/data/aerospike/repository/query] for files matching pattern [/home/aluno/spring-projects/maven/spring-data-aerospike/target/classes/org/springframework/data/**/repository/support/**/*.class]
16:38:15.819 [main] DEBUG o.s.c.i.s.PathMatchingResourcePatternResolver - Searching directory [/home/aluno/spring-projects/maven/spring-data-aerospike/target/classes/org/springframework/data/aerospike/config] for files matching pattern [/home/aluno/spring-projects/maven/spring-data-aerospike/target/classes/org/springframework/data/**/repository/support/**/*.class]
16:38:15.819 [main] DEBUG o.s.c.i.s.PathMatchingResourcePatternResolver - Searching directory [/home/aluno/spring-projects/maven/spring-data-aerospike/target/classes/org/springframework/data/aerospike/cache] for files matching pattern [/home/aluno/spring-projects/maven/spring-data-aerospike/target/classes/org/springframework/data/**/repository/support/**/*.class]
16:38:15.819 [main] DEBUG o.s.c.i.s.PathMatchingResourcePatternResolver - Searching directory [/home/aluno/spring-projects/maven/spring-data-aerospike/target/classes/org/springframework/data/aerospike/utility] for files matching pattern [/home/aluno/spring-projects/maven/spring-data-aerospike/target/classes/org/springframework/data/**/repository/support/**/*.class]
16:38:15.820 [main] DEBUG o.s.c.i.s.PathMatchingResourcePatternResolver - Looking for matching resources in jar file [file:/home/aluno/.m2/repository/org/springframework/data/spring-data-commons/1.11.0.RELEASE/spring-data-commons-1.11.0.RELEASE.jar]
16:38:15.821 [main] DEBUG o.s.c.i.s.PathMatchingResourcePatternResolver - Looking for matching resources in jar file [file:/home/aluno/.m2/repository/org/springframework/data/spring-data-keyvalue/1.0.0.M1/spring-data-keyvalue-1.0.0.M1.jar]
16:38:15.821 [main] DEBUG o.s.c.i.s.PathMatchingResourcePatternResolver - Resolved location pattern [classpath*:org/springframework/data/**/repository/support/**/*.class] to resources [file [/home/aluno/spring-projects/maven/spring-data-aerospike/target/test-classes/org/springframework/data/aerospike/repository/support/SimpleAerospikeRepositoryTest$5.class], file [/home/aluno/spring-projects/maven/spring-data-aerospike/target/test-classes/org/springframework/data/aerospike/repository/support/SimpleAerospikeRepositoryTest$9.class], file [/home/aluno/spring-projects/maven/spring-data-aerospike/target/test-classes/org/springframework/data/aerospike/repository/support/SimpleAerospikeRepositoryTest$4.class], file [/home/aluno/spring-projects/maven/spring-data-aerospike/target/test-classes/org/springframework/data/aerospike/repository/support/AerospikeRepositoryFactoryTest.class], file [/home/aluno/spring-projects/maven/spring-data-aerospike/target/test-classes/org/springframework/data/aerospike/repository/support/SimpleAerospikeRepositoryTest.class], file [/home/aluno/spring-projects/maven/spring-data-aerospike/target/test-classes/org/springframework/data/aerospike/repository/support/SimpleAerospikeRepositoryTest$1.class], file [/home/aluno/spring-projects/maven/spring-data-aerospike/target/test-classes/org/springframework/data/aerospike/repository/support/SimpleAerospikeRepositoryTest$3.class], file [/home/aluno/spring-projects/maven/spring-data-aerospike/target/test-classes/org/springframework/data/aerospike/repository/support/SimpleAerospikeRepositoryTest$8.class], file [/home/aluno/spring-projects/maven/spring-data-aerospike/target/test-classes/org/springframework/data/aerospike/repository/support/SimpleAerospikeRepositoryTest$6.class], file [/home/aluno/spring-projects/maven/spring-data-aerospike/target/test-classes/org/springframework/data/aerospike/repository/support/SimpleAerospikeRepositoryTest$2.class], file [/home/aluno/spring-projects/maven/spring-data-aerospike/target/test-classes/org/springframework/data/aerospike/repository/support/AllTests.class], file [/home/aluno/spring-projects/maven/spring-data-aerospike/target/test-classes/org/springframework/data/aerospike/repository/support/SimpleAerospikeRepositoryTest$7.class], file [/home/aluno/spring-projects/maven/spring-data-aerospike/target/classes/org/springframework/data/aerospike/repository/support/AerospikeRepositoryFactoryBean.class], file [/home/aluno/spring-projects/maven/spring-data-aerospike/target/classes/org/springframework/data/aerospike/repository/support/AerospikeRepositoryFactory$AerospikeQueryLookupStrategy.class], file [/home/aluno/spring-projects/maven/spring-data-aerospike/target/classes/org/springframework/data/aerospike/repository/support/AerospikeRepositoryFactory.class], file [/home/aluno/spring-projects/maven/spring-data-aerospike/target/classes/org/springframework/data/aerospike/repository/support/SimpleAerospikeRepository.class], URL [jar:file:/home/aluno/.m2/repository/org/springframework/data/spring-data-commons/1.11.0.RELEASE/spring-data-commons-1.11.0.RELEASE.jar!/org/springframework/data/repository/support/DomainClassConverter$ConversionMatchAbbreviationException.class], URL [jar:file:/home/aluno/.m2/repository/org/springframework/data/spring-data-commons/1.11.0.RELEASE/spring-data-commons-1.11.0.RELEASE.jar!/org/springframework/data/repository/support/DomainClassConverter$ToIdConverter.class], URL [jar:file:/home/aluno/.m2/repository/org/springframework/data/spring-data-commons/1.11.0.RELEASE/spring-data-commons-1.11.0.RELEASE.jar!/org/springframework/data/repository/support/Repositories$EmptyRepositoryFactoryInformation.class], URL [jar:file:/home/aluno/.m2/repository/org/springframework/data/spring-data-commons/1.11.0.RELEASE/spring-data-commons-1.11.0.RELEASE.jar!/org/springframework/data/repository/support/PagingAndSortingRepositoryInvoker.class], URL [jar:file:/home/aluno/.m2/repository/org/springframework/data/spring-data-commons/1.11.0.RELEASE/spring-data-commons-1.11.0.RELEASE.jar!/org/springframework/data/repository/support/QueryMethodParameterConversionException.class], URL [jar:file:/home/aluno/.m2/repository/org/springframework/data/spring-data-commons/1.11.0.RELEASE/spring-data-commons-1.11.0.RELEASE.jar!/org/springframework/data/repository/support/MethodParameters.class], URL [jar:file:/home/aluno/.m2/repository/org/springframework/data/spring-data-commons/1.11.0.RELEASE/spring-data-commons-1.11.0.RELEASE.jar!/org/springframework/data/repository/support/RepositoryInvoker.class], URL [jar:file:/home/aluno/.m2/repository/org/springframework/data/spring-data-commons/1.11.0.RELEASE/spring-data-commons-1.11.0.RELEASE.jar!/org/springframework/data/repository/support/RepositoryInvokerFactory.class], URL [jar:file:/home/aluno/.m2/repository/org/springframework/data/spring-data-commons/1.11.0.RELEASE/spring-data-commons-1.11.0.RELEASE.jar!/org/springframework/data/repository/support/DomainClassPropertyEditorRegistrar.class], URL [jar:file:/home/aluno/.m2/repository/org/springframework/data/spring-data-commons/1.11.0.RELEASE/spring-data-commons-1.11.0.RELEASE.jar!/org/springframework/data/repository/support/AnnotationAttribute.class], URL [jar:file:/home/aluno/.m2/repository/org/springframework/data/spring-data-commons/1.11.0.RELEASE/spring-data-commons-1.11.0.RELEASE.jar!/org/springframework/data/repository/support/DefaultRepositoryInvokerFactory.class], URL [jar:file:/home/aluno/.m2/repository/org/springframework/data/spring-data-commons/1.11.0.RELEASE/spring-data-commons-1.11.0.RELEASE.jar!/org/springframework/data/repository/support/MethodParameters$AnnotationNamingMethodParameter.class], URL [jar:file:/home/aluno/.m2/repository/org/springframework/data/spring-data-commons/1.11.0.RELEASE/spring-data-commons-1.11.0.RELEASE.jar!/org/springframework/data/repository/support/CrudRepositoryInvoker.class], URL [jar:file:/home/aluno/.m2/repository/org/springframework/data/spring-data-commons/1.11.0.RELEASE/spring-data-commons-1.11.0.RELEASE.jar!/org/springframework/data/repository/support/Repositories.class], URL [jar:file:/home/aluno/.m2/repository/org/springframework/data/spring-data-commons/1.11.0.RELEASE/spring-data-commons-1.11.0.RELEASE.jar!/org/springframework/data/repository/support/DomainClassConverter$ToEntityConverter.class], URL [jar:file:/home/aluno/.m2/repository/org/springframework/data/spring-data-commons/1.11.0.RELEASE/spring-data-commons-1.11.0.RELEASE.jar!/org/springframework/data/repository/support/ReflectionRepositoryInvoker.class], URL [jar:file:/home/aluno/.m2/repository/org/springframework/data/spring-data-commons/1.11.0.RELEASE/spring-data-commons-1.11.0.RELEASE.jar!/org/springframework/data/repository/support/DomainClassPropertyEditor.class], URL [jar:file:/home/aluno/.m2/repository/org/springframework/data/spring-data-commons/1.11.0.RELEASE/spring-data-commons-1.11.0.RELEASE.jar!/org/springframework/data/repository/support/DomainClassConverter.class], URL [jar:file:/home/aluno/.m2/repository/org/springframework/data/spring-data-commons/1.11.0.RELEASE/spring-data-commons-1.11.0.RELEASE.jar!/org/springframework/data/repository/support/DomainClassConverter$1.class], URL [jar:file:/home/aluno/.m2/repository/org/springframework/data/spring-data-commons/1.11.0.RELEASE/spring-data-commons-1.11.0.RELEASE.jar!/org/springframework/data/repository/support/RepositoryInvocationInformation.class], URL [jar:file:/home/aluno/.m2/repository/org/springframework/data/spring-data-keyvalue/1.0.0.M1/spring-data-keyvalue-1.0.0.M1.jar!/org/springframework/data/keyvalue/repository/support/KeyValueRepositoryFactory$KeyValueQueryLookupStrategy.class], URL [jar:file:/home/aluno/.m2/repository/org/springframework/data/spring-data-keyvalue/1.0.0.M1/spring-data-keyvalue-1.0.0.M1.jar!/org/springframework/data/keyvalue/repository/support/QuerydslKeyValueRepository.class], URL [jar:file:/home/aluno/.m2/repository/org/springframework/data/spring-data-keyvalue/1.0.0.M1/spring-data-keyvalue-1.0.0.M1.jar!/org/springframework/data/keyvalue/repository/support/KeyValueRepositoryFactoryBean.class], URL [jar:file:/home/aluno/.m2/repository/org/springframework/data/spring-data-keyvalue/1.0.0.M1/spring-data-keyvalue-1.0.0.M1.jar!/org/springframework/data/keyvalue/repository/support/KeyValueQuerydslUtils$1.class], URL [jar:file:/home/aluno/.m2/repository/org/springframework/data/spring-data-keyvalue/1.0.0.M1/spring-data-keyvalue-1.0.0.M1.jar!/org/springframework/data/keyvalue/repository/support/KeyValueQuerydslUtils.class], URL [jar:file:/home/aluno/.m2/repository/org/springframework/data/spring-data-keyvalue/1.0.0.M1/spring-data-keyvalue-1.0.0.M1.jar!/org/springframework/data/keyvalue/repository/support/KeyValueRepositoryFactory.class], URL [jar:file:/home/aluno/.m2/repository/org/springframework/data/spring-data-keyvalue/1.0.0.M1/spring-data-keyvalue-1.0.0.M1.jar!/org/springframework/data/keyvalue/repository/support/SimpleKeyValueRepository.class]]
16:38:15.823 [main] DEBUG o.s.c.a.ClassPathScanningCandidateComponentProvider - Identified candidate component class: file [/home/aluno/spring-projects/maven/spring-data-aerospike/target/classes/org/springframework/data/aerospike/repository/support/AerospikeRepositoryFactory.class]
16:38:15.843 [main] DEBUG o.s.c.a.ClassPathScanningCandidateComponentProvider - Identified candidate component class: URL [jar:file:/home/aluno/.m2/repository/org/springframework/data/spring-data-keyvalue/1.0.0.M1/spring-data-keyvalue-1.0.0.M1.jar!/org/springframework/data/keyvalue/repository/support/KeyValueRepositoryFactory.class]
16:38:15.844 [main] DEBUG o.s.d.r.c.RepositoryConfigurationDelegate - Multiple Spring Data modules found, entering strict repository configuration mode!
16:38:15.844 [main] DEBUG o.s.core.env.StandardEnvironment - Adding [systemProperties] PropertySource with lowest search precedence
16:38:15.844 [main] DEBUG o.s.core.env.StandardEnvironment - Adding [systemEnvironment] PropertySource with lowest search precedence
16:38:15.844 [main] DEBUG o.s.core.env.StandardEnvironment - Initialized StandardEnvironment with PropertySources [systemProperties,systemEnvironment]
16:38:15.845 [main] DEBUG o.s.c.i.s.PathMatchingResourcePatternResolver - Looking for matching resources in directory tree [/home/aluno/spring-projects/maven/spring-data-aerospike/target/test-classes/org/springframework/data/aerospike/repository]
16:38:15.845 [main] DEBUG o.s.c.i.s.PathMatchingResourcePatternResolver - Searching directory [/home/aluno/spring-projects/maven/spring-data-aerospike/target/test-classes/org/springframework/data/aerospike/repository] for files matching pattern [/home/aluno/spring-projects/maven/spring-data-aerospike/target/test-classes/org/springframework/data/aerospike/repository/**/*.class]
16:38:15.845 [main] DEBUG o.s.c.i.s.PathMatchingResourcePatternResolver - Searching directory [/home/aluno/spring-projects/maven/spring-data-aerospike/target/test-classes/org/springframework/data/aerospike/repository/support] for files matching pattern [/home/aluno/spring-projects/maven/spring-data-aerospike/target/test-classes/org/springframework/data/aerospike/repository/**/*.class]
16:38:15.845 [main] DEBUG o.s.c.i.s.PathMatchingResourcePatternResolver - Searching directory [/home/aluno/spring-projects/maven/spring-data-aerospike/target/test-classes/org/springframework/data/aerospike/repository/query] for files matching pattern [/home/aluno/spring-projects/maven/spring-data-aerospike/target/test-classes/org/springframework/data/aerospike/repository/**/*.class]
16:38:15.845 [main] DEBUG o.s.c.i.s.PathMatchingResourcePatternResolver - Looking for matching resources in directory tree [/home/aluno/spring-projects/maven/spring-data-aerospike/target/classes/org/springframework/data/aerospike/repository]
16:38:15.845 [main] DEBUG o.s.c.i.s.PathMatchingResourcePatternResolver - Searching directory [/home/aluno/spring-projects/maven/spring-data-aerospike/target/classes/org/springframework/data/aerospike/repository] for files matching pattern [/home/aluno/spring-projects/maven/spring-data-aerospike/target/classes/org/springframework/data/aerospike/repository/**/*.class]
16:38:15.845 [main] DEBUG o.s.c.i.s.PathMatchingResourcePatternResolver - Searching directory [/home/aluno/spring-projects/maven/spring-data-aerospike/target/classes/org/springframework/data/aerospike/repository/support] for files matching pattern [/home/aluno/spring-projects/maven/spring-data-aerospike/target/classes/org/springframework/data/aerospike/repository/**/*.class]
16:38:15.846 [main] DEBUG o.s.c.i.s.PathMatchingResourcePatternResolver - Searching directory [/home/aluno/spring-projects/maven/spring-data-aerospike/target/classes/org/springframework/data/aerospike/repository/config] for files matching pattern [/home/aluno/spring-projects/maven/spring-data-aerospike/target/classes/org/springframework/data/aerospike/repository/**/*.class]
16:38:15.846 [main] DEBUG o.s.c.i.s.PathMatchingResourcePatternResolver - Searching directory [/home/aluno/spring-projects/maven/spring-data-aerospike/target/classes/org/springframework/data/aerospike/repository/query] for files matching pattern [/home/aluno/spring-projects/maven/spring-data-aerospike/target/classes/org/springframework/data/aerospike/repository/**/*.class]
16:38:15.846 [main] DEBUG o.s.c.i.s.PathMatchingResourcePatternResolver - Resolved location pattern [classpath*:org/springframework/data/aerospike/repository/**/*.class] to resources [file [/home/aluno/spring-projects/maven/spring-data-aerospike/target/test-classes/org/springframework/data/aerospike/repository/Credentials.class], file [/home/aluno/spring-projects/maven/spring-data-aerospike/target/test-classes/org/springframework/data/aerospike/repository/AbstractPersonRepositoryIntegrationTests$1.class], file [/home/aluno/spring-projects/maven/spring-data-aerospike/target/test-classes/org/springframework/data/aerospike/repository/PersonRepository.class], file [/home/aluno/spring-projects/maven/spring-data-aerospike/target/test-classes/org/springframework/data/aerospike/repository/TestConfigPerson.class], file [/home/aluno/spring-projects/maven/spring-data-aerospike/target/test-classes/org/springframework/data/aerospike/repository/Address.class], file [/home/aluno/spring-projects/maven/spring-data-aerospike/target/test-classes/org/springframework/data/aerospike/repository/Person$Sex.class], file [/home/aluno/spring-projects/maven/spring-data-aerospike/target/test-classes/org/springframework/data/aerospike/repository/Person.class], file [/home/aluno/spring-projects/maven/spring-data-aerospike/target/test-classes/org/springframework/data/aerospike/repository/ContactRepository.class], file [/home/aluno/spring-projects/maven/spring-data-aerospike/target/test-classes/org/springframework/data/aerospike/repository/AbstractPersonRepositoryIntegrationTests.class], file [/home/aluno/spring-projects/maven/spring-data-aerospike/target/test-classes/org/springframework/data/aerospike/repository/User.class], file [/home/aluno/spring-projects/maven/spring-data-aerospike/target/test-classes/org/springframework/data/aerospike/repository/CustomerRepositoriesIntegrationTests$Config.class], file [/home/aluno/spring-projects/maven/spring-data-aerospike/target/test-classes/org/springframework/data/aerospike/repository/AnnotatedPerson.class], file [/home/aluno/spring-projects/maven/spring-data-aerospike/target/test-classes/org/springframework/data/aerospike/repository/support/SimpleAerospikeRepositoryTest$5.class], file [/home/aluno/spring-projects/maven/spring-data-aerospike/target/test-classes/org/springframework/data/aerospike/repository/support/SimpleAerospikeRepositoryTest$9.class], file [/home/aluno/spring-projects/maven/spring-data-aerospike/target/test-classes/org/springframework/data/aerospike/repository/support/SimpleAerospikeRepositoryTest$4.class], file [/home/aluno/spring-projects/maven/spring-data-aerospike/target/test-classes/org/springframework/data/aerospike/repository/support/AerospikeRepositoryFactoryTest.class], file [/home/aluno/spring-projects/maven/spring-data-aerospike/target/test-classes/org/springframework/data/aerospike/repository/support/SimpleAerospikeRepositoryTest.class], file [/home/aluno/spring-projects/maven/spring-data-aerospike/target/test-classes/org/springframework/data/aerospike/repository/support/SimpleAerospikeRepositoryTest$1.class], file [/home/aluno/spring-projects/maven/spring-data-aerospike/target/test-classes/org/springframework/data/aerospike/repository/support/SimpleAerospikeRepositoryTest$3.class], file [/home/aluno/spring-projects/maven/spring-data-aerospike/target/test-classes/org/springframework/data/aerospike/repository/support/SimpleAerospikeRepositoryTest$8.class], file [/home/aluno/spring-projects/maven/spring-data-aerospike/target/test-classes/org/springframework/data/aerospike/repository/support/SimpleAerospikeRepositoryTest$6.class], file [/home/aluno/spring-projects/maven/spring-data-aerospike/target/test-classes/org/springframework/data/aerospike/repository/support/SimpleAerospikeRepositoryTest$2.class], file [/home/aluno/spring-projects/maven/spring-data-aerospike/target/test-classes/org/springframework/data/aerospike/repository/support/AllTests.class], file [/home/aluno/spring-projects/maven/spring-data-aerospike/target/test-classes/org/springframework/data/aerospike/repository/support/SimpleAerospikeRepositoryTest$7.class], file [/home/aluno/spring-projects/maven/spring-data-aerospike/target/test-classes/org/springframework/data/aerospike/repository/Contact.class], file [/home/aluno/spring-projects/maven/spring-data-aerospike/target/test-classes/org/springframework/data/aerospike/repository/AllTests.class], file [/home/aluno/spring-projects/maven/spring-data-aerospike/target/test-classes/org/springframework/data/aerospike/repository/PersonRepositoryIntegrationTests.class], file [/home/aluno/spring-projects/maven/spring-data-aerospike/target/test-classes/org/springframework/data/aerospike/repository/query/StubParameterAccessor.class], file [/home/aluno/spring-projects/maven/spring-data-aerospike/target/test-classes/org/springframework/data/aerospike/repository/query/AllTests.class], file [/home/aluno/spring-projects/maven/spring-data-aerospike/target/test-classes/org/springframework/data/aerospike/repository/query/AerospikePartTreeQueryTest.class], file [/home/aluno/spring-projects/maven/spring-data-aerospike/target/test-classes/org/springframework/data/aerospike/repository/CustomerRepositoriesIntegrationTests.class], file [/home/aluno/spring-projects/maven/spring-data-aerospike/target/classes/org/springframework/data/aerospike/repository/AerospikeRepository.class], file [/home/aluno/spring-projects/maven/spring-data-aerospike/target/classes/org/springframework/data/aerospike/repository/support/AerospikeRepositoryFactoryBean.class], file [/home/aluno/spring-projects/maven/spring-data-aerospike/target/classes/org/springframework/data/aerospike/repository/support/AerospikeRepositoryFactory$AerospikeQueryLookupStrategy.class], file [/home/aluno/spring-projects/maven/spring-data-aerospike/target/classes/org/springframework/data/aerospike/repository/support/AerospikeRepositoryFactory.class], file [/home/aluno/spring-projects/maven/spring-data-aerospike/target/classes/org/springframework/data/aerospike/repository/support/SimpleAerospikeRepository.class], file [/home/aluno/spring-projects/maven/spring-data-aerospike/target/classes/org/springframework/data/aerospike/repository/config/AerospikeRepositoriesRegistrar.class], file [/home/aluno/spring-projects/maven/spring-data-aerospike/target/classes/org/springframework/data/aerospike/repository/config/EnableAerospikeRepositories.class], file [/home/aluno/spring-projects/maven/spring-data-aerospike/target/classes/org/springframework/data/aerospike/repository/config/AerospikeRepositoriesRegistrar$1.class], file [/home/aluno/spring-projects/maven/spring-data-aerospike/target/classes/org/springframework/data/aerospike/repository/config/AerospikeRepositoriesRegistrar$AerospikeRepositoryConfigurationExtension.class], file [/home/aluno/spring-projects/maven/spring-data-aerospike/target/classes/org/springframework/data/aerospike/repository/query/AerospikeParameterAccessor.class], file [/home/aluno/spring-projects/maven/spring-data-aerospike/target/classes/org/springframework/data/aerospike/repository/query/Query.class], file [/home/aluno/spring-projects/maven/spring-data-aerospike/target/classes/org/springframework/data/aerospike/repository/query/ConvertingParameterAccessor.class], file [/home/aluno/spring-projects/maven/spring-data-aerospike/target/classes/org/springframework/data/aerospike/repository/query/AerospikeQueryCreator$1.class], file [/home/aluno/spring-projects/maven/spring-data-aerospike/target/classes/org/springframework/data/aerospike/repository/query/CriteriaDefinition.class], file [/home/aluno/spring-projects/maven/spring-data-aerospike/target/classes/org/springframework/data/aerospike/repository/query/TextCriteria.class], file [/home/aluno/spring-projects/maven/spring-data-aerospike/target/classes/org/springframework/data/aerospike/repository/query/Criteria.class], file [/home/aluno/spring-projects/maven/spring-data-aerospike/target/classes/org/springframework/data/aerospike/repository/query/AerospikePartTreeQuery.class], file [/home/aluno/spring-projects/maven/spring-data-aerospike/target/classes/org/springframework/data/aerospike/repository/query/AerospikeQueryCreator.class]]
16:38:15.847 [main] DEBUG o.s.d.r.c.RepositoryComponentProvider - Identified candidate component class: file [/home/aluno/spring-projects/maven/spring-data-aerospike/target/test-classes/org/springframework/data/aerospike/repository/PersonRepository.class]
16:38:15.847 [main] DEBUG o.s.d.r.c.RepositoryComponentProvider - Identified candidate component class: file [/home/aluno/spring-projects/maven/spring-data-aerospike/target/test-classes/org/springframework/data/aerospike/repository/ContactRepository.class]
16:38:15.858 [main] DEBUG o.s.core.env.StandardEnvironment - Adding [systemProperties] PropertySource with lowest search precedence
16:38:15.863 [main] DEBUG o.s.core.env.StandardEnvironment - Adding [systemEnvironment] PropertySource with lowest search precedence
16:38:15.864 [main] DEBUG o.s.core.env.StandardEnvironment - Initialized StandardEnvironment with PropertySources [systemProperties,systemEnvironment]
16:38:15.865 [main] DEBUG o.s.c.i.s.PathMatchingResourcePatternResolver - Looking for matching resources in directory tree [/home/aluno/spring-projects/maven/spring-data-aerospike/target/test-classes/org/springframework/data/aerospike/repository]
16:38:15.865 [main] DEBUG o.s.c.i.s.PathMatchingResourcePatternResolver - Searching directory [/home/aluno/spring-projects/maven/spring-data-aerospike/target/test-classes/org/springframework/data/aerospike/repository] for files matching pattern [/home/aluno/spring-projects/maven/spring-data-aerospike/target/test-classes/org/springframework/data/aerospike/repository/**/*ContactRepositoryImpl.class]
16:38:15.865 [main] DEBUG o.s.c.i.s.PathMatchingResourcePatternResolver - Searching directory [/home/aluno/spring-projects/maven/spring-data-aerospike/target/test-classes/org/springframework/data/aerospike/repository/support] for files matching pattern [/home/aluno/spring-projects/maven/spring-data-aerospike/target/test-classes/org/springframework/data/aerospike/repository/**/*ContactRepositoryImpl.class]
16:38:15.866 [main] DEBUG o.s.c.i.s.PathMatchingResourcePatternResolver - Searching directory [/home/aluno/spring-projects/maven/spring-data-aerospike/target/test-classes/org/springframework/data/aerospike/repository/query] for files matching pattern [/home/aluno/spring-projects/maven/spring-data-aerospike/target/test-classes/org/springframework/data/aerospike/repository/**/*ContactRepositoryImpl.class]
16:38:15.867 [main] DEBUG o.s.c.i.s.PathMatchingResourcePatternResolver - Looking for matching resources in directory tree [/home/aluno/spring-projects/maven/spring-data-aerospike/target/classes/org/springframework/data/aerospike/repository]
16:38:15.867 [main] DEBUG o.s.c.i.s.PathMatchingResourcePatternResolver - Searching directory [/home/aluno/spring-projects/maven/spring-data-aerospike/target/classes/org/springframework/data/aerospike/repository] for files matching pattern [/home/aluno/spring-projects/maven/spring-data-aerospike/target/classes/org/springframework/data/aerospike/repository/**/*ContactRepositoryImpl.class]
16:38:15.867 [main] DEBUG o.s.c.i.s.PathMatchingResourcePatternResolver - Searching directory [/home/aluno/spring-projects/maven/spring-data-aerospike/target/classes/org/springframework/data/aerospike/repository/support] for files matching pattern [/home/aluno/spring-projects/maven/spring-data-aerospike/target/classes/org/springframework/data/aerospike/repository/**/*ContactRepositoryImpl.class]
16:38:15.867 [main] DEBUG o.s.c.i.s.PathMatchingResourcePatternResolver - Searching directory [/home/aluno/spring-projects/maven/spring-data-aerospike/target/classes/org/springframework/data/aerospike/repository/config] for files matching pattern [/home/aluno/spring-projects/maven/spring-data-aerospike/target/classes/org/springframework/data/aerospike/repository/**/*ContactRepositoryImpl.class]
16:38:15.867 [main] DEBUG o.s.c.i.s.PathMatchingResourcePatternResolver - Searching directory [/home/aluno/spring-projects/maven/spring-data-aerospike/target/classes/org/springframework/data/aerospike/repository/query] for files matching pattern [/home/aluno/spring-projects/maven/spring-data-aerospike/target/classes/org/springframework/data/aerospike/repository/**/*ContactRepositoryImpl.class]
16:38:15.867 [main] DEBUG o.s.c.i.s.PathMatchingResourcePatternResolver - Resolved location pattern [classpath*:org/springframework/data/aerospike/repository/**/*ContactRepositoryImpl.class] to resources []
16:38:15.867 [main] DEBUG o.s.d.r.c.RepositoryConfigurationDelegate - Spring Data Aerospike - Registering repository: contactRepository - Interface: org.springframework.data.aerospike.repository.ContactRepository - Factory: org.springframework.data.keyvalue.repository.support.KeyValueRepositoryFactoryBean
16:38:15.868 [main] DEBUG o.s.core.env.StandardEnvironment - Adding [systemProperties] PropertySource with lowest search precedence
16:38:15.870 [main] DEBUG o.s.core.env.StandardEnvironment - Adding [systemEnvironment] PropertySource with lowest search precedence
16:38:15.870 [main] DEBUG o.s.core.env.StandardEnvironment - Initialized StandardEnvironment with PropertySources [systemProperties,systemEnvironment]
16:38:15.871 [main] DEBUG o.s.c.i.s.PathMatchingResourcePatternResolver - Looking for matching resources in directory tree [/home/aluno/spring-projects/maven/spring-data-aerospike/target/test-classes/org/springframework/data/aerospike/repository]
16:38:15.871 [main] DEBUG o.s.c.i.s.PathMatchingResourcePatternResolver - Searching directory [/home/aluno/spring-projects/maven/spring-data-aerospike/target/test-classes/org/springframework/data/aerospike/repository] for files matching pattern [/home/aluno/spring-projects/maven/spring-data-aerospike/target/test-classes/org/springframework/data/aerospike/repository/**/*PersonRepositoryImpl.class]
16:38:15.871 [main] DEBUG o.s.c.i.s.PathMatchingResourcePatternResolver - Searching directory [/home/aluno/spring-projects/maven/spring-data-aerospike/target/test-classes/org/springframework/data/aerospike/repository/support] for files matching pattern [/home/aluno/spring-projects/maven/spring-data-aerospike/target/test-classes/org/springframework/data/aerospike/repository/**/*PersonRepositoryImpl.class]
16:38:15.871 [main] DEBUG o.s.c.i.s.PathMatchingResourcePatternResolver - Searching directory [/home/aluno/spring-projects/maven/spring-data-aerospike/target/test-classes/org/springframework/data/aerospike/repository/query] for files matching pattern [/home/aluno/spring-projects/maven/spring-data-aerospike/target/test-classes/org/springframework/data/aerospike/repository/**/*PersonRepositoryImpl.class]
16:38:15.871 [main] DEBUG o.s.c.i.s.PathMatchingResourcePatternResolver - Looking for matching resources in directory tree [/home/aluno/spring-projects/maven/spring-data-aerospike/target/classes/org/springframework/data/aerospike/repository]
16:38:15.871 [main] DEBUG o.s.c.i.s.PathMatchingResourcePatternResolver - Searching directory [/home/aluno/spring-projects/maven/spring-data-aerospike/target/classes/org/springframework/data/aerospike/repository] for files matching pattern [/home/aluno/spring-projects/maven/spring-data-aerospike/target/classes/org/springframework/data/aerospike/repository/**/*PersonRepositoryImpl.class]
16:38:15.871 [main] DEBUG o.s.c.i.s.PathMatchingResourcePatternResolver - Searching directory [/home/aluno/spring-projects/maven/spring-data-aerospike/target/classes/org/springframework/data/aerospike/repository/support] for files matching pattern [/home/aluno/spring-projects/maven/spring-data-aerospike/target/classes/org/springframework/data/aerospike/repository/**/*PersonRepositoryImpl.class]
16:38:15.871 [main] DEBUG o.s.c.i.s.PathMatchingResourcePatternResolver - Searching directory [/home/aluno/spring-projects/maven/spring-data-aerospike/target/classes/org/springframework/data/aerospike/repository/config] for files matching pattern [/home/aluno/spring-projects/maven/spring-data-aerospike/target/classes/org/springframework/data/aerospike/repository/**/*PersonRepositoryImpl.class]
16:38:15.871 [main] DEBUG o.s.c.i.s.PathMatchingResourcePatternResolver - Searching directory [/home/aluno/spring-projects/maven/spring-data-aerospike/target/classes/org/springframework/data/aerospike/repository/query] for files matching pattern [/home/aluno/spring-projects/maven/spring-data-aerospike/target/classes/org/springframework/data/aerospike/repository/**/*PersonRepositoryImpl.class]
16:38:15.872 [main] DEBUG o.s.c.i.s.PathMatchingResourcePatternResolver - Resolved location pattern [classpath*:org/springframework/data/aerospike/repository/**/*PersonRepositoryImpl.class] to resources []
16:38:15.872 [main] DEBUG o.s.d.r.c.RepositoryConfigurationDelegate - Spring Data Aerospike - Registering repository: personRepository - Interface: org.springframework.data.aerospike.repository.PersonRepository - Factory: org.springframework.data.keyvalue.repository.support.KeyValueRepositoryFactoryBean
16:38:15.874 [main] DEBUG o.s.c.a.ConfigurationClassEnhancer - Successfully enhanced org.springframework.data.aerospike.repository.TestConfigPerson; enhanced class name is: org.springframework.data.aerospike.repository.TestConfigPerson$$EnhancerBySpringCGLIB$$3f27a8da
16:38:15.874 [main] DEBUG o.s.c.a.ConfigurationClassPostProcessor - Replacing bean definition 'testConfigPerson' existing class name 'org.springframework.data.aerospike.repository.TestConfigPerson' with enhanced class name 'org.springframework.data.aerospike.repository.TestConfigPerson$$EnhancerBySpringCGLIB$$3f27a8da'
16:38:15.874 [main] DEBUG o.s.b.f.s.DefaultListableBeanFactory - Creating shared instance of singleton bean 'org.springframework.context.annotation.internalAutowiredAnnotationProcessor'
16:38:15.875 [main] DEBUG o.s.b.f.s.DefaultListableBeanFactory - Creating instance of bean 'org.springframework.context.annotation.internalAutowiredAnnotationProcessor'
16:38:15.875 [main] DEBUG o.s.b.f.s.DefaultListableBeanFactory - Eagerly caching bean 'org.springframework.context.annotation.internalAutowiredAnnotationProcessor' to allow for resolving potential circular references
16:38:15.875 [main] DEBUG o.s.b.f.s.DefaultListableBeanFactory - Finished creating instance of bean 'org.springframework.context.annotation.internalAutowiredAnnotationProcessor'
16:38:15.875 [main] DEBUG o.s.b.f.s.DefaultListableBeanFactory - Creating shared instance of singleton bean 'org.springframework.context.annotation.internalRequiredAnnotationProcessor'
16:38:15.876 [main] DEBUG o.s.b.f.s.DefaultListableBeanFactory - Creating instance of bean 'org.springframework.context.annotation.internalRequiredAnnotationProcessor'
16:38:15.876 [main] DEBUG o.s.b.f.s.DefaultListableBeanFactory - Eagerly caching bean 'org.springframework.context.annotation.internalRequiredAnnotationProcessor' to allow for resolving potential circular references
16:38:15.876 [main] DEBUG o.s.b.f.s.DefaultListableBeanFactory - Finished creating instance of bean 'org.springframework.context.annotation.internalRequiredAnnotationProcessor'
16:38:15.876 [main] DEBUG o.s.b.f.s.DefaultListableBeanFactory - Creating shared instance of singleton bean 'org.springframework.context.annotation.internalCommonAnnotationProcessor'
16:38:15.876 [main] DEBUG o.s.b.f.s.DefaultListableBeanFactory - Creating instance of bean 'org.springframework.context.annotation.internalCommonAnnotationProcessor'
16:38:15.876 [main] DEBUG o.s.b.f.s.DefaultListableBeanFactory - Eagerly caching bean 'org.springframework.context.annotation.internalCommonAnnotationProcessor' to allow for resolving potential circular references
16:38:15.876 [main] DEBUG o.s.b.f.s.DefaultListableBeanFactory - Finished creating instance of bean 'org.springframework.context.annotation.internalCommonAnnotationProcessor'
16:38:15.876 [main] DEBUG o.s.b.f.s.DefaultListableBeanFactory - Creating shared instance of singleton bean 'org.springframework.context.annotation.ConfigurationClassPostProcessor.importAwareProcessor'
16:38:15.879 [main] DEBUG o.s.b.f.s.DefaultListableBeanFactory - Creating instance of bean 'org.springframework.context.annotation.ConfigurationClassPostProcessor.importAwareProcessor'
16:38:15.879 [main] DEBUG o.s.b.f.s.DefaultListableBeanFactory - Eagerly caching bean 'org.springframework.context.annotation.ConfigurationClassPostProcessor.importAwareProcessor' to allow for resolving potential circular references
16:38:15.879 [main] DEBUG o.s.b.f.s.DefaultListableBeanFactory - Finished creating instance of bean 'org.springframework.context.annotation.ConfigurationClassPostProcessor.importAwareProcessor'
16:38:15.879 [main] DEBUG o.s.b.f.s.DefaultListableBeanFactory - Creating shared instance of singleton bean 'org.springframework.context.annotation.ConfigurationClassPostProcessor.enhancedConfigurationProcessor'
16:38:15.879 [main] DEBUG o.s.b.f.s.DefaultListableBeanFactory - Creating instance of bean 'org.springframework.context.annotation.ConfigurationClassPostProcessor.enhancedConfigurationProcessor'
16:38:15.879 [main] DEBUG o.s.b.f.s.DefaultListableBeanFactory - Eagerly caching bean 'org.springframework.context.annotation.ConfigurationClassPostProcessor.enhancedConfigurationProcessor' to allow for resolving potential circular references
16:38:15.879 [main] DEBUG o.s.b.f.s.DefaultListableBeanFactory - Finished creating instance of bean 'org.springframework.context.annotation.ConfigurationClassPostProcessor.enhancedConfigurationProcessor'
16:38:15.879 [main] DEBUG o.s.b.f.s.DefaultListableBeanFactory - Creating shared instance of singleton bean 'org.springframework.data.repository.core.support.RepositoryInterfaceAwareBeanPostProcessor'
16:38:15.879 [main] DEBUG o.s.b.f.s.DefaultListableBeanFactory - Creating instance of bean 'org.springframework.data.repository.core.support.RepositoryInterfaceAwareBeanPostProcessor'
16:38:15.879 [main] DEBUG o.s.b.f.s.DefaultListableBeanFactory - Eagerly caching bean 'org.springframework.data.repository.core.support.RepositoryInterfaceAwareBeanPostProcessor' to allow for resolving potential circular references
16:38:15.879 [main] DEBUG o.s.b.f.s.DefaultListableBeanFactory - Finished creating instance of bean 'org.springframework.data.repository.core.support.RepositoryInterfaceAwareBeanPostProcessor'
16:38:15.880 [main] DEBUG o.s.c.s.GenericApplicationContext - Unable to locate MessageSource with name 'messageSource': using default [org.springframework.context.support.DelegatingMessageSource@385d819]
16:38:15.880 [main] DEBUG o.s.c.s.GenericApplicationContext - Unable to locate ApplicationEventMulticaster with name 'applicationEventMulticaster': using default [org.springframework.context.event.SimpleApplicationEventMulticaster@4315c28c]
16:38:15.881 [main] DEBUG o.s.b.f.s.DefaultListableBeanFactory - Pre-instantiating singletons in org.springframework.beans.factory.support.DefaultListableBeanFactory@7dee835: defining beans [org.springframework.context.annotation.internalConfigurationAnnotationProcessor,org.springframework.context.annotation.internalAutowiredAnnotationProcessor,org.springframework.context.annotation.internalRequiredAnnotationProcessor,org.springframework.context.annotation.internalCommonAnnotationProcessor,testConfigPerson,org.springframework.context.annotation.ConfigurationClassPostProcessor.importAwareProcessor,org.springframework.context.annotation.ConfigurationClassPostProcessor.enhancedConfigurationProcessor,aerospikeTemplate,aerospikeClient,org.springframework.data.aerospike.repository.config.AerospikeRepositoriesRegistrar$AerospikeRepositoryConfigurationExtension#0,org.springframework.data.repository.core.support.RepositoryInterfaceAwareBeanPostProcessor,keyValueMappingContext,contactRepository,personRepository]; root of factory hierarchy
16:38:15.881 [main] DEBUG o.s.b.f.s.DefaultListableBeanFactory - Returning cached instance of singleton bean 'org.springframework.context.annotation.internalConfigurationAnnotationProcessor'
16:38:15.881 [main] DEBUG o.s.b.f.s.DefaultListableBeanFactory - Returning cached instance of singleton bean 'org.springframework.context.annotation.internalAutowiredAnnotationProcessor'
16:38:15.881 [main] DEBUG o.s.b.f.s.DefaultListableBeanFactory - Returning cached instance of singleton bean 'org.springframework.context.annotation.internalRequiredAnnotationProcessor'
16:38:15.881 [main] DEBUG o.s.b.f.s.DefaultListableBeanFactory - Returning cached instance of singleton bean 'org.springframework.context.annotation.internalCommonAnnotationProcessor'
16:38:15.881 [main] DEBUG o.s.b.f.s.DefaultListableBeanFactory - Creating shared instance of singleton bean 'testConfigPerson'
16:38:15.881 [main] DEBUG o.s.b.f.s.DefaultListableBeanFactory - Creating instance of bean 'testConfigPerson'
16:38:15.881 [main] DEBUG o.s.b.f.s.DefaultListableBeanFactory - Eagerly caching bean 'testConfigPerson' to allow for resolving potential circular references
16:38:15.881 [main] DEBUG o.s.b.f.s.DefaultListableBeanFactory - Finished creating instance of bean 'testConfigPerson'
16:38:15.884 [main] DEBUG o.s.b.f.s.DefaultListableBeanFactory - Returning cached instance of singleton bean 'org.springframework.context.annotation.ConfigurationClassPostProcessor.importAwareProcessor'
16:38:15.884 [main] DEBUG o.s.b.f.s.DefaultListableBeanFactory - Returning cached instance of singleton bean 'org.springframework.context.annotation.ConfigurationClassPostProcessor.enhancedConfigurationProcessor'
16:38:15.884 [main] DEBUG o.s.b.f.s.DefaultListableBeanFactory - Creating shared instance of singleton bean 'aerospikeTemplate'
16:38:15.884 [main] DEBUG o.s.b.f.s.DefaultListableBeanFactory - Creating instance of bean 'aerospikeTemplate'
16:38:15.884 [main] DEBUG o.s.b.f.s.DefaultListableBeanFactory - Returning cached instance of singleton bean 'testConfigPerson'
16:38:15.884 [main] DEBUG o.s.b.f.s.DefaultListableBeanFactory - Creating shared instance of singleton bean 'aerospikeClient'
16:38:15.885 [main] DEBUG o.s.b.f.s.DefaultListableBeanFactory - Creating instance of bean 'aerospikeClient'
16:38:15.885 [main] DEBUG o.s.b.f.s.DefaultListableBeanFactory - Returning cached instance of singleton bean 'testConfigPerson'
16:38:17.887 [main] DEBUG o.s.d.a.r.q.AerospikeQueryCreator - AS:Alias 52.41.32.83:3000 failed: Error Code 11: java.net.SocketTimeoutException: connect timed out
16:38:17.887 [main] WARN  o.s.d.a.r.q.AerospikeQueryCreator - AS:Seed 52.41.32.83:3000 failed: Error Code 11: java.net.SocketTimeoutException: connect timed out
16:38:17.890 [main] WARN  o.s.c.s.GenericApplicationContext - Exception encountered during context initialization - cancelling refresh attempt
org.springframework.beans.factory.BeanCreationException: Error creating bean with name 'aerospikeTemplate' defined in org.springframework.data.aerospike.repository.TestConfigPerson: Bean instantiation via factory method failed; nested exception is org.springframework.beans.BeanInstantiationException: Failed to instantiate [org.springframework.data.aerospike.core.AerospikeTemplate]: Factory method 'aerospikeTemplate' threw exception; nested exception is org.springframework.beans.factory.BeanCreationException: Error creating bean with name 'aerospikeClient' defined in org.springframework.data.aerospike.repository.TestConfigPerson: Bean instantiation via factory method failed; nested exception is org.springframework.beans.BeanInstantiationException: Failed to instantiate [com.aerospike.client.AerospikeClient]: Factory method 'aerospikeClient' threw exception; nested exception is com.aerospike.client.AerospikeException$Connection: Error Code 11: Failed to connect to host(s): 
52.41.32.83:3000 Error Code 11: java.net.SocketTimeoutException: connect timed out

	at org.springframework.beans.factory.support.ConstructorResolver.instantiateUsingFactoryMethod(ConstructorResolver.java:599) ~[spring-beans-4.1.7.RELEASE.jar:4.1.7.RELEASE]
	at org.springframework.beans.factory.support.AbstractAutowireCapableBeanFactory.instantiateUsingFactoryMethod(AbstractAutowireCapableBeanFactory.java:1119) ~[spring-beans-4.1.7.RELEASE.jar:4.1.7.RELEASE]
	at org.springframework.beans.factory.support.AbstractAutowireCapableBeanFactory.createBeanInstance(AbstractAutowireCapableBeanFactory.java:1014) ~[spring-beans-4.1.7.RELEASE.jar:4.1.7.RELEASE]
	at org.springframework.beans.factory.support.AbstractAutowireCapableBeanFactory.doCreateBean(AbstractAutowireCapableBeanFactory.java:504) ~[spring-beans-4.1.7.RELEASE.jar:4.1.7.RELEASE]
	at org.springframework.beans.factory.support.AbstractAutowireCapableBeanFactory.createBean(AbstractAutowireCapableBeanFactory.java:476) ~[spring-beans-4.1.7.RELEASE.jar:4.1.7.RELEASE]
	at org.springframework.beans.factory.support.AbstractBeanFactory$1.getObject(AbstractBeanFactory.java:303) ~[spring-beans-4.1.7.RELEASE.jar:4.1.7.RELEASE]
	at org.springframework.beans.factory.support.DefaultSingletonBeanRegistry.getSingleton(DefaultSingletonBeanRegistry.java:230) ~[spring-beans-4.1.7.RELEASE.jar:4.1.7.RELEASE]
	at org.springframework.beans.factory.support.AbstractBeanFactory.doGetBean(AbstractBeanFactory.java:299) ~[spring-beans-4.1.7.RELEASE.jar:4.1.7.RELEASE]
	at org.springframework.beans.factory.support.AbstractBeanFactory.getBean(AbstractBeanFactory.java:194) ~[spring-beans-4.1.7.RELEASE.jar:4.1.7.RELEASE]
	at org.springframework.beans.factory.support.DefaultListableBeanFactory.preInstantiateSingletons(DefaultListableBeanFactory.java:755) ~[spring-beans-4.1.7.RELEASE.jar:4.1.7.RELEASE]
	at org.springframework.context.support.AbstractApplicationContext.finishBeanFactoryInitialization(AbstractApplicationContext.java:757) ~[spring-context-4.1.7.RELEASE.jar:4.1.7.RELEASE]
	at org.springframework.context.support.AbstractApplicationContext.refresh(AbstractApplicationContext.java:480) ~[spring-context-4.1.7.RELEASE.jar:4.1.7.RELEASE]
	at org.springframework.test.context.support.AbstractGenericContextLoader.loadContext(AbstractGenericContextLoader.java:125) [spring-test-4.1.7.RELEASE.jar:4.1.7.RELEASE]
	at org.springframework.test.context.support.AbstractGenericContextLoader.loadContext(AbstractGenericContextLoader.java:60) [spring-test-4.1.7.RELEASE.jar:4.1.7.RELEASE]
	at org.springframework.test.context.support.AbstractDelegatingSmartContextLoader.delegateLoading(AbstractDelegatingSmartContextLoader.java:109) [spring-test-4.1.7.RELEASE.jar:4.1.7.RELEASE]
	at org.springframework.test.context.support.AbstractDelegatingSmartContextLoader.loadContext(AbstractDelegatingSmartContextLoader.java:261) [spring-test-4.1.7.RELEASE.jar:4.1.7.RELEASE]
	at org.springframework.test.context.DefaultCacheAwareContextLoaderDelegate.loadContextInternal(DefaultCacheAwareContextLoaderDelegate.java:68) [spring-test-4.1.7.RELEASE.jar:4.1.7.RELEASE]
	at org.springframework.test.context.DefaultCacheAwareContextLoaderDelegate.loadContext(DefaultCacheAwareContextLoaderDelegate.java:86) [spring-test-4.1.7.RELEASE.jar:4.1.7.RELEASE]
	at org.springframework.test.context.DefaultTestContext.getApplicationContext(DefaultTestContext.java:72) [spring-test-4.1.7.RELEASE.jar:4.1.7.RELEASE]
	at org.springframework.test.context.support.DependencyInjectionTestExecutionListener.injectDependencies(DependencyInjectionTestExecutionListener.java:117) [spring-test-4.1.7.RELEASE.jar:4.1.7.RELEASE]
	at org.springframework.test.context.support.DependencyInjectionTestExecutionListener.prepareTestInstance(DependencyInjectionTestExecutionListener.java:83) [spring-test-4.1.7.RELEASE.jar:4.1.7.RELEASE]
	at org.springframework.test.context.TestContextManager.prepareTestInstance(TestContextManager.java:212) [spring-test-4.1.7.RELEASE.jar:4.1.7.RELEASE]
	at org.springframework.test.context.junit4.SpringJUnit4ClassRunner.createTest(SpringJUnit4ClassRunner.java:200) [spring-test-4.1.7.RELEASE.jar:4.1.7.RELEASE]
	at org.springframework.test.context.junit4.SpringJUnit4ClassRunner$1.runReflectiveCall(SpringJUnit4ClassRunner.java:259) [spring-test-4.1.7.RELEASE.jar:4.1.7.RELEASE]
	at org.junit.internal.runners.model.ReflectiveCallable.run(ReflectiveCallable.java:12) [junit-4.12.jar:4.12]
	at org.springframework.test.context.junit4.SpringJUnit4ClassRunner.methodBlock(SpringJUnit4ClassRunner.java:261) [spring-test-4.1.7.RELEASE.jar:4.1.7.RELEASE]
	at org.springframework.test.context.junit4.SpringJUnit4ClassRunner.runChild(SpringJUnit4ClassRunner.java:219) [spring-test-4.1.7.RELEASE.jar:4.1.7.RELEASE]
	at org.springframework.test.context.junit4.SpringJUnit4ClassRunner.runChild(SpringJUnit4ClassRunner.java:83) [spring-test-4.1.7.RELEASE.jar:4.1.7.RELEASE]
	at org.junit.runners.ParentRunner$3.run(ParentRunner.java:290) [junit-4.12.jar:4.12]
	at org.junit.runners.ParentRunner$1.schedule(ParentRunner.java:71) [junit-4.12.jar:4.12]
	at org.junit.runners.ParentRunner.runChildren(ParentRunner.java:288) [junit-4.12.jar:4.12]
	at org.junit.runners.ParentRunner.access$000(ParentRunner.java:58) [junit-4.12.jar:4.12]
	at org.junit.runners.ParentRunner$2.evaluate(ParentRunner.java:268) [junit-4.12.jar:4.12]
	at org.springframework.test.context.junit4.statements.RunBeforeTestClassCallbacks.evaluate(RunBeforeTestClassCallbacks.java:61) [spring-test-4.1.7.RELEASE.jar:4.1.7.RELEASE]
	at org.springframework.test.context.junit4.statements.RunAfterTestClassCallbacks.evaluate(RunAfterTestClassCallbacks.java:68) [spring-test-4.1.7.RELEASE.jar:4.1.7.RELEASE]
	at org.junit.runners.ParentRunner.run(ParentRunner.java:363) [junit-4.12.jar:4.12]
	at org.springframework.test.context.junit4.SpringJUnit4ClassRunner.run(SpringJUnit4ClassRunner.java:163) [spring-test-4.1.7.RELEASE.jar:4.1.7.RELEASE]
	at org.apache.maven.surefire.junit4.JUnit4Provider.execute(JUnit4Provider.java:283) [surefire-junit4-2.18.1.jar:2.18.1]
	at org.apache.maven.surefire.junit4.JUnit4Provider.executeWithRerun(JUnit4Provider.java:173) [surefire-junit4-2.18.1.jar:2.18.1]
	at org.apache.maven.surefire.junit4.JUnit4Provider.executeTestSet(JUnit4Provider.java:153) [surefire-junit4-2.18.1.jar:2.18.1]
	at org.apache.maven.surefire.junit4.JUnit4Provider.invoke(JUnit4Provider.java:128) [surefire-junit4-2.18.1.jar:2.18.1]
	at org.apache.maven.surefire.booter.ForkedBooter.invokeProviderInSameClassLoader(ForkedBooter.java:203) [surefire-booter-2.18.1.jar:2.18.1]
	at org.apache.maven.surefire.booter.ForkedBooter.runSuitesInProcess(ForkedBooter.java:155) [surefire-booter-2.18.1.jar:2.18.1]
	at org.apache.maven.surefire.booter.ForkedBooter.main(ForkedBooter.java:103) [surefire-booter-2.18.1.jar:2.18.1]
Caused by: org.springframework.beans.BeanInstantiationException: Failed to instantiate [org.springframework.data.aerospike.core.AerospikeTemplate]: Factory method 'aerospikeTemplate' threw exception; nested exception is org.springframework.beans.factory.BeanCreationException: Error creating bean with name 'aerospikeClient' defined in org.springframework.data.aerospike.repository.TestConfigPerson: Bean instantiation via factory method failed; nested exception is org.springframework.beans.BeanInstantiationException: Failed to instantiate [com.aerospike.client.AerospikeClient]: Factory method 'aerospikeClient' threw exception; nested exception is com.aerospike.client.AerospikeException$Connection: Error Code 11: Failed to connect to host(s): 
52.41.32.83:3000 Error Code 11: java.net.SocketTimeoutException: connect timed out

	at org.springframework.beans.factory.support.SimpleInstantiationStrategy.instantiate(SimpleInstantiationStrategy.java:189) ~[spring-beans-4.1.7.RELEASE.jar:4.1.7.RELEASE]
	at org.springframework.beans.factory.support.ConstructorResolver.instantiateUsingFactoryMethod(ConstructorResolver.java:588) ~[spring-beans-4.1.7.RELEASE.jar:4.1.7.RELEASE]
	... 43 common frames omitted
Caused by: org.springframework.beans.factory.BeanCreationException: Error creating bean with name 'aerospikeClient' defined in org.springframework.data.aerospike.repository.TestConfigPerson: Bean instantiation via factory method failed; nested exception is org.springframework.beans.BeanInstantiationException: Failed to instantiate [com.aerospike.client.AerospikeClient]: Factory method 'aerospikeClient' threw exception; nested exception is com.aerospike.client.AerospikeException$Connection: Error Code 11: Failed to connect to host(s): 
52.41.32.83:3000 Error Code 11: java.net.SocketTimeoutException: connect timed out

	at org.springframework.beans.factory.support.ConstructorResolver.instantiateUsingFactoryMethod(ConstructorResolver.java:599) ~[spring-beans-4.1.7.RELEASE.jar:4.1.7.RELEASE]
	at org.springframework.beans.factory.support.AbstractAutowireCapableBeanFactory.instantiateUsingFactoryMethod(AbstractAutowireCapableBeanFactory.java:1119) ~[spring-beans-4.1.7.RELEASE.jar:4.1.7.RELEASE]
	at org.springframework.beans.factory.support.AbstractAutowireCapableBeanFactory.createBeanInstance(AbstractAutowireCapableBeanFactory.java:1014) ~[spring-beans-4.1.7.RELEASE.jar:4.1.7.RELEASE]
	at org.springframework.beans.factory.support.AbstractAutowireCapableBeanFactory.doCreateBean(AbstractAutowireCapableBeanFactory.java:504) ~[spring-beans-4.1.7.RELEASE.jar:4.1.7.RELEASE]
	at org.springframework.beans.factory.support.AbstractAutowireCapableBeanFactory.createBean(AbstractAutowireCapableBeanFactory.java:476) ~[spring-beans-4.1.7.RELEASE.jar:4.1.7.RELEASE]
	at org.springframework.beans.factory.support.AbstractBeanFactory$1.getObject(AbstractBeanFactory.java:303) ~[spring-beans-4.1.7.RELEASE.jar:4.1.7.RELEASE]
	at org.springframework.beans.factory.support.DefaultSingletonBeanRegistry.getSingleton(DefaultSingletonBeanRegistry.java:230) ~[spring-beans-4.1.7.RELEASE.jar:4.1.7.RELEASE]
	at org.springframework.beans.factory.support.AbstractBeanFactory.doGetBean(AbstractBeanFactory.java:299) ~[spring-beans-4.1.7.RELEASE.jar:4.1.7.RELEASE]
	at org.springframework.beans.factory.support.AbstractBeanFactory.getBean(AbstractBeanFactory.java:194) ~[spring-beans-4.1.7.RELEASE.jar:4.1.7.RELEASE]
	at org.springframework.context.annotation.ConfigurationClassEnhancer$BeanMethodInterceptor.intercept(ConfigurationClassEnhancer.java:322) ~[spring-context-4.1.7.RELEASE.jar:4.1.7.RELEASE]
	at org.springframework.data.aerospike.repository.TestConfigPerson$$EnhancerBySpringCGLIB$$3f27a8da.aerospikeClient(<generated>) ~[spring-core-4.1.7.RELEASE.jar:na]
	at org.springframework.data.aerospike.repository.TestConfigPerson.aerospikeTemplate(TestConfigPerson.java:38) ~[test-classes/:na]
	at org.springframework.data.aerospike.repository.TestConfigPerson$$EnhancerBySpringCGLIB$$3f27a8da.CGLIB$aerospikeTemplate$0(<generated>) ~[spring-core-4.1.7.RELEASE.jar:na]
	at org.springframework.data.aerospike.repository.TestConfigPerson$$EnhancerBySpringCGLIB$$3f27a8da$$FastClassBySpringCGLIB$$38965c5e.invoke(<generated>) ~[spring-core-4.1.7.RELEASE.jar:na]
	at org.springframework.cglib.proxy.MethodProxy.invokeSuper(MethodProxy.java:228) ~[spring-core-4.1.7.RELEASE.jar:4.1.7.RELEASE]
	at org.springframework.context.annotation.ConfigurationClassEnhancer$BeanMethodInterceptor.intercept(ConfigurationClassEnhancer.java:309) ~[spring-context-4.1.7.RELEASE.jar:4.1.7.RELEASE]
	at org.springframework.data.aerospike.repository.TestConfigPerson$$EnhancerBySpringCGLIB$$3f27a8da.aerospikeTemplate(<generated>) ~[spring-core-4.1.7.RELEASE.jar:na]
	at sun.reflect.GeneratedMethodAccessor45.invoke(Unknown Source) ~[na:na]
	at sun.reflect.DelegatingMethodAccessorImpl.invoke(DelegatingMethodAccessorImpl.java:43) ~[na:1.8.0_91]
	at java.lang.reflect.Method.invoke(Method.java:498) ~[na:1.8.0_91]
	at org.springframework.beans.factory.support.SimpleInstantiationStrategy.instantiate(SimpleInstantiationStrategy.java:162) ~[spring-beans-4.1.7.RELEASE.jar:4.1.7.RELEASE]
	... 44 common frames omitted
Caused by: org.springframework.beans.BeanInstantiationException: Failed to instantiate [com.aerospike.client.AerospikeClient]: Factory method 'aerospikeClient' threw exception; nested exception is com.aerospike.client.AerospikeException$Connection: Error Code 11: Failed to connect to host(s): 
52.41.32.83:3000 Error Code 11: java.net.SocketTimeoutException: connect timed out

	at org.springframework.beans.factory.support.SimpleInstantiationStrategy.instantiate(SimpleInstantiationStrategy.java:189) ~[spring-beans-4.1.7.RELEASE.jar:4.1.7.RELEASE]
	at org.springframework.beans.factory.support.ConstructorResolver.instantiateUsingFactoryMethod(ConstructorResolver.java:588) ~[spring-beans-4.1.7.RELEASE.jar:4.1.7.RELEASE]
	... 64 common frames omitted
Caused by: com.aerospike.client.AerospikeException$Connection: Error Code 11: Failed to connect to host(s): 
52.41.32.83:3000 Error Code 11: java.net.SocketTimeoutException: connect timed out

	at com.aerospike.client.cluster.Cluster.seedNodes(Cluster.java:386) ~[aerospike-client-3.2.3.jar:na]
	at com.aerospike.client.cluster.Cluster.tend(Cluster.java:273) ~[aerospike-client-3.2.3.jar:na]
	at com.aerospike.client.cluster.Cluster.waitTillStabilized(Cluster.java:238) ~[aerospike-client-3.2.3.jar:na]
	at com.aerospike.client.cluster.Cluster.initTendThread(Cluster.java:148) ~[aerospike-client-3.2.3.jar:na]
	at com.aerospike.client.AerospikeClient.<init>(AerospikeClient.java:209) ~[aerospike-client-3.2.3.jar:na]
	at com.aerospike.client.AerospikeClient.<init>(AerospikeClient.java:173) ~[aerospike-client-3.2.3.jar:na]
	at org.springframework.data.aerospike.repository.TestConfigPerson.aerospikeClient(TestConfigPerson.java:32) ~[test-classes/:na]
	at org.springframework.data.aerospike.repository.TestConfigPerson$$EnhancerBySpringCGLIB$$3f27a8da.CGLIB$aerospikeClient$1(<generated>) ~[spring-core-4.1.7.RELEASE.jar:na]
	at org.springframework.data.aerospike.repository.TestConfigPerson$$EnhancerBySpringCGLIB$$3f27a8da$$FastClassBySpringCGLIB$$38965c5e.invoke(<generated>) ~[spring-core-4.1.7.RELEASE.jar:na]
	at org.springframework.cglib.proxy.MethodProxy.invokeSuper(MethodProxy.java:228) ~[spring-core-4.1.7.RELEASE.jar:4.1.7.RELEASE]
	at org.springframework.context.annotation.ConfigurationClassEnhancer$BeanMethodInterceptor.intercept(ConfigurationClassEnhancer.java:309) ~[spring-context-4.1.7.RELEASE.jar:4.1.7.RELEASE]
	at org.springframework.data.aerospike.repository.TestConfigPerson$$EnhancerBySpringCGLIB$$3f27a8da.aerospikeClient(<generated>) ~[spring-core-4.1.7.RELEASE.jar:na]
	at sun.reflect.GeneratedMethodAccessor46.invoke(Unknown Source) ~[na:na]
	at sun.reflect.DelegatingMethodAccessorImpl.invoke(DelegatingMethodAccessorImpl.java:43) ~[na:1.8.0_91]
	at java.lang.reflect.Method.invoke(Method.java:498) ~[na:1.8.0_91]
	at org.springframework.beans.factory.support.SimpleInstantiationStrategy.instantiate(SimpleInstantiationStrategy.java:162) ~[spring-beans-4.1.7.RELEASE.jar:4.1.7.RELEASE]
	... 65 common frames omitted
16:38:17.890 [main] DEBUG o.s.b.f.s.DefaultListableBeanFactory - Destroying singletons in org.springframework.beans.factory.support.DefaultListableBeanFactory@7dee835: defining beans [org.springframework.context.annotation.internalConfigurationAnnotationProcessor,org.springframework.context.annotation.internalAutowiredAnnotationProcessor,org.springframework.context.annotation.internalRequiredAnnotationProcessor,org.springframework.context.annotation.internalCommonAnnotationProcessor,testConfigPerson,org.springframework.context.annotation.ConfigurationClassPostProcessor.importAwareProcessor,org.springframework.context.annotation.ConfigurationClassPostProcessor.enhancedConfigurationProcessor,aerospikeTemplate,aerospikeClient,org.springframework.data.aerospike.repository.config.AerospikeRepositoriesRegistrar$AerospikeRepositoryConfigurationExtension#0,org.springframework.data.repository.core.support.RepositoryInterfaceAwareBeanPostProcessor,keyValueMappingContext,contactRepository,personRepository]; root of factory hierarchy
16:38:17.892 [main] ERROR o.s.test.context.TestContextManager - Caught exception while allowing TestExecutionListener [org.springframework.test.context.support.DependencyInjectionTestExecutionListener@334ebcaa] to prepare test instance [org.springframework.data.aerospike.repository.PersonRepositoryIntegrationTests@79b18230]
java.lang.IllegalStateException: Failed to load ApplicationContext
	at org.springframework.test.context.DefaultCacheAwareContextLoaderDelegate.loadContext(DefaultCacheAwareContextLoaderDelegate.java:94) ~[spring-test-4.1.7.RELEASE.jar:4.1.7.RELEASE]
	at org.springframework.test.context.DefaultTestContext.getApplicationContext(DefaultTestContext.java:72) ~[spring-test-4.1.7.RELEASE.jar:4.1.7.RELEASE]
	at org.springframework.test.context.support.DependencyInjectionTestExecutionListener.injectDependencies(DependencyInjectionTestExecutionListener.java:117) ~[spring-test-4.1.7.RELEASE.jar:4.1.7.RELEASE]
	at org.springframework.test.context.support.DependencyInjectionTestExecutionListener.prepareTestInstance(DependencyInjectionTestExecutionListener.java:83) ~[spring-test-4.1.7.RELEASE.jar:4.1.7.RELEASE]
	at org.springframework.test.context.TestContextManager.prepareTestInstance(TestContextManager.java:212) ~[spring-test-4.1.7.RELEASE.jar:4.1.7.RELEASE]
	at org.springframework.test.context.junit4.SpringJUnit4ClassRunner.createTest(SpringJUnit4ClassRunner.java:200) [spring-test-4.1.7.RELEASE.jar:4.1.7.RELEASE]
	at org.springframework.test.context.junit4.SpringJUnit4ClassRunner$1.runReflectiveCall(SpringJUnit4ClassRunner.java:259) [spring-test-4.1.7.RELEASE.jar:4.1.7.RELEASE]
	at org.junit.internal.runners.model.ReflectiveCallable.run(ReflectiveCallable.java:12) [junit-4.12.jar:4.12]
	at org.springframework.test.context.junit4.SpringJUnit4ClassRunner.methodBlock(SpringJUnit4ClassRunner.java:261) [spring-test-4.1.7.RELEASE.jar:4.1.7.RELEASE]
	at org.springframework.test.context.junit4.SpringJUnit4ClassRunner.runChild(SpringJUnit4ClassRunner.java:219) [spring-test-4.1.7.RELEASE.jar:4.1.7.RELEASE]
	at org.springframework.test.context.junit4.SpringJUnit4ClassRunner.runChild(SpringJUnit4ClassRunner.java:83) [spring-test-4.1.7.RELEASE.jar:4.1.7.RELEASE]
	at org.junit.runners.ParentRunner$3.run(ParentRunner.java:290) [junit-4.12.jar:4.12]
	at org.junit.runners.ParentRunner$1.schedule(ParentRunner.java:71) [junit-4.12.jar:4.12]
	at org.junit.runners.ParentRunner.runChildren(ParentRunner.java:288) [junit-4.12.jar:4.12]
	at org.junit.runners.ParentRunner.access$000(ParentRunner.java:58) [junit-4.12.jar:4.12]
	at org.junit.runners.ParentRunner$2.evaluate(ParentRunner.java:268) [junit-4.12.jar:4.12]
	at org.springframework.test.context.junit4.statements.RunBeforeTestClassCallbacks.evaluate(RunBeforeTestClassCallbacks.java:61) [spring-test-4.1.7.RELEASE.jar:4.1.7.RELEASE]
	at org.springframework.test.context.junit4.statements.RunAfterTestClassCallbacks.evaluate(RunAfterTestClassCallbacks.java:68) [spring-test-4.1.7.RELEASE.jar:4.1.7.RELEASE]
	at org.junit.runners.ParentRunner.run(ParentRunner.java:363) [junit-4.12.jar:4.12]
	at org.springframework.test.context.junit4.SpringJUnit4ClassRunner.run(SpringJUnit4ClassRunner.java:163) [spring-test-4.1.7.RELEASE.jar:4.1.7.RELEASE]
	at org.apache.maven.surefire.junit4.JUnit4Provider.execute(JUnit4Provider.java:283) [surefire-junit4-2.18.1.jar:2.18.1]
	at org.apache.maven.surefire.junit4.JUnit4Provider.executeWithRerun(JUnit4Provider.java:173) [surefire-junit4-2.18.1.jar:2.18.1]
	at org.apache.maven.surefire.junit4.JUnit4Provider.executeTestSet(JUnit4Provider.java:153) [surefire-junit4-2.18.1.jar:2.18.1]
	at org.apache.maven.surefire.junit4.JUnit4Provider.invoke(JUnit4Provider.java:128) [surefire-junit4-2.18.1.jar:2.18.1]
	at org.apache.maven.surefire.booter.ForkedBooter.invokeProviderInSameClassLoader(ForkedBooter.java:203) [surefire-booter-2.18.1.jar:2.18.1]
	at org.apache.maven.surefire.booter.ForkedBooter.runSuitesInProcess(ForkedBooter.java:155) [surefire-booter-2.18.1.jar:2.18.1]
	at org.apache.maven.surefire.booter.ForkedBooter.main(ForkedBooter.java:103) [surefire-booter-2.18.1.jar:2.18.1]
Caused by: org.springframework.beans.factory.BeanCreationException: Error creating bean with name 'aerospikeTemplate' defined in org.springframework.data.aerospike.repository.TestConfigPerson: Bean instantiation via factory method failed; nested exception is org.springframework.beans.BeanInstantiationException: Failed to instantiate [org.springframework.data.aerospike.core.AerospikeTemplate]: Factory method 'aerospikeTemplate' threw exception; nested exception is org.springframework.beans.factory.BeanCreationException: Error creating bean with name 'aerospikeClient' defined in org.springframework.data.aerospike.repository.TestConfigPerson: Bean instantiation via factory method failed; nested exception is org.springframework.beans.BeanInstantiationException: Failed to instantiate [com.aerospike.client.AerospikeClient]: Factory method 'aerospikeClient' threw exception; nested exception is com.aerospike.client.AerospikeException$Connection: Error Code 11: Failed to connect to host(s): 
52.41.32.83:3000 Error Code 11: java.net.SocketTimeoutException: connect timed out

	at org.springframework.beans.factory.support.ConstructorResolver.instantiateUsingFactoryMethod(ConstructorResolver.java:599) ~[spring-beans-4.1.7.RELEASE.jar:4.1.7.RELEASE]
	at org.springframework.beans.factory.support.AbstractAutowireCapableBeanFactory.instantiateUsingFactoryMethod(AbstractAutowireCapableBeanFactory.java:1119) ~[spring-beans-4.1.7.RELEASE.jar:4.1.7.RELEASE]
	at org.springframework.beans.factory.support.AbstractAutowireCapableBeanFactory.createBeanInstance(AbstractAutowireCapableBeanFactory.java:1014) ~[spring-beans-4.1.7.RELEASE.jar:4.1.7.RELEASE]
	at org.springframework.beans.factory.support.AbstractAutowireCapableBeanFactory.doCreateBean(AbstractAutowireCapableBeanFactory.java:504) ~[spring-beans-4.1.7.RELEASE.jar:4.1.7.RELEASE]
	at org.springframework.beans.factory.support.AbstractAutowireCapableBeanFactory.createBean(AbstractAutowireCapableBeanFactory.java:476) ~[spring-beans-4.1.7.RELEASE.jar:4.1.7.RELEASE]
	at org.springframework.beans.factory.support.AbstractBeanFactory$1.getObject(AbstractBeanFactory.java:303) ~[spring-beans-4.1.7.RELEASE.jar:4.1.7.RELEASE]
	at org.springframework.beans.factory.support.DefaultSingletonBeanRegistry.getSingleton(DefaultSingletonBeanRegistry.java:230) ~[spring-beans-4.1.7.RELEASE.jar:4.1.7.RELEASE]
	at org.springframework.beans.factory.support.AbstractBeanFactory.doGetBean(AbstractBeanFactory.java:299) ~[spring-beans-4.1.7.RELEASE.jar:4.1.7.RELEASE]
	at org.springframework.beans.factory.support.AbstractBeanFactory.getBean(AbstractBeanFactory.java:194) ~[spring-beans-4.1.7.RELEASE.jar:4.1.7.RELEASE]
	at org.springframework.beans.factory.support.DefaultListableBeanFactory.preInstantiateSingletons(DefaultListableBeanFactory.java:755) ~[spring-beans-4.1.7.RELEASE.jar:4.1.7.RELEASE]
	at org.springframework.context.support.AbstractApplicationContext.finishBeanFactoryInitialization(AbstractApplicationContext.java:757) ~[spring-context-4.1.7.RELEASE.jar:4.1.7.RELEASE]
	at org.springframework.context.support.AbstractApplicationContext.refresh(AbstractApplicationContext.java:480) ~[spring-context-4.1.7.RELEASE.jar:4.1.7.RELEASE]
	at org.springframework.test.context.support.AbstractGenericContextLoader.loadContext(AbstractGenericContextLoader.java:125) ~[spring-test-4.1.7.RELEASE.jar:4.1.7.RELEASE]
	at org.springframework.test.context.support.AbstractGenericContextLoader.loadContext(AbstractGenericContextLoader.java:60) ~[spring-test-4.1.7.RELEASE.jar:4.1.7.RELEASE]
	at org.springframework.test.context.support.AbstractDelegatingSmartContextLoader.delegateLoading(AbstractDelegatingSmartContextLoader.java:109) ~[spring-test-4.1.7.RELEASE.jar:4.1.7.RELEASE]
	at org.springframework.test.context.support.AbstractDelegatingSmartContextLoader.loadContext(AbstractDelegatingSmartContextLoader.java:261) ~[spring-test-4.1.7.RELEASE.jar:4.1.7.RELEASE]
	at org.springframework.test.context.DefaultCacheAwareContextLoaderDelegate.loadContextInternal(DefaultCacheAwareContextLoaderDelegate.java:68) ~[spring-test-4.1.7.RELEASE.jar:4.1.7.RELEASE]
	at org.springframework.test.context.DefaultCacheAwareContextLoaderDelegate.loadContext(DefaultCacheAwareContextLoaderDelegate.java:86) ~[spring-test-4.1.7.RELEASE.jar:4.1.7.RELEASE]
	... 26 common frames omitted
Caused by: org.springframework.beans.BeanInstantiationException: Failed to instantiate [org.springframework.data.aerospike.core.AerospikeTemplate]: Factory method 'aerospikeTemplate' threw exception; nested exception is org.springframework.beans.factory.BeanCreationException: Error creating bean with name 'aerospikeClient' defined in org.springframework.data.aerospike.repository.TestConfigPerson: Bean instantiation via factory method failed; nested exception is org.springframework.beans.BeanInstantiationException: Failed to instantiate [com.aerospike.client.AerospikeClient]: Factory method 'aerospikeClient' threw exception; nested exception is com.aerospike.client.AerospikeException$Connection: Error Code 11: Failed to connect to host(s): 
52.41.32.83:3000 Error Code 11: java.net.SocketTimeoutException: connect timed out

	at org.springframework.beans.factory.support.SimpleInstantiationStrategy.instantiate(SimpleInstantiationStrategy.java:189) ~[spring-beans-4.1.7.RELEASE.jar:4.1.7.RELEASE]
	at org.springframework.beans.factory.support.ConstructorResolver.instantiateUsingFactoryMethod(ConstructorResolver.java:588) ~[spring-beans-4.1.7.RELEASE.jar:4.1.7.RELEASE]
	... 43 common frames omitted
Caused by: org.springframework.beans.factory.BeanCreationException: Error creating bean with name 'aerospikeClient' defined in org.springframework.data.aerospike.repository.TestConfigPerson: Bean instantiation via factory method failed; nested exception is org.springframework.beans.BeanInstantiationException: Failed to instantiate [com.aerospike.client.AerospikeClient]: Factory method 'aerospikeClient' threw exception; nested exception is com.aerospike.client.AerospikeException$Connection: Error Code 11: Failed to connect to host(s): 
52.41.32.83:3000 Error Code 11: java.net.SocketTimeoutException: connect timed out

	at org.springframework.beans.factory.support.ConstructorResolver.instantiateUsingFactoryMethod(ConstructorResolver.java:599) ~[spring-beans-4.1.7.RELEASE.jar:4.1.7.RELEASE]
	at org.springframework.beans.factory.support.AbstractAutowireCapableBeanFactory.instantiateUsingFactoryMethod(AbstractAutowireCapableBeanFactory.java:1119) ~[spring-beans-4.1.7.RELEASE.jar:4.1.7.RELEASE]
	at org.springframework.beans.factory.support.AbstractAutowireCapableBeanFactory.createBeanInstance(AbstractAutowireCapableBeanFactory.java:1014) ~[spring-beans-4.1.7.RELEASE.jar:4.1.7.RELEASE]
	at org.springframework.beans.factory.support.AbstractAutowireCapableBeanFactory.doCreateBean(AbstractAutowireCapableBeanFactory.java:504) ~[spring-beans-4.1.7.RELEASE.jar:4.1.7.RELEASE]
	at org.springframework.beans.factory.support.AbstractAutowireCapableBeanFactory.createBean(AbstractAutowireCapableBeanFactory.java:476) ~[spring-beans-4.1.7.RELEASE.jar:4.1.7.RELEASE]
	at org.springframework.beans.factory.support.AbstractBeanFactory$1.getObject(AbstractBeanFactory.java:303) ~[spring-beans-4.1.7.RELEASE.jar:4.1.7.RELEASE]
	at org.springframework.beans.factory.support.DefaultSingletonBeanRegistry.getSingleton(DefaultSingletonBeanRegistry.java:230) ~[spring-beans-4.1.7.RELEASE.jar:4.1.7.RELEASE]
	at org.springframework.beans.factory.support.AbstractBeanFactory.doGetBean(AbstractBeanFactory.java:299) ~[spring-beans-4.1.7.RELEASE.jar:4.1.7.RELEASE]
	at org.springframework.beans.factory.support.AbstractBeanFactory.getBean(AbstractBeanFactory.java:194) ~[spring-beans-4.1.7.RELEASE.jar:4.1.7.RELEASE]
	at org.springframework.context.annotation.ConfigurationClassEnhancer$BeanMethodInterceptor.intercept(ConfigurationClassEnhancer.java:322) ~[spring-context-4.1.7.RELEASE.jar:4.1.7.RELEASE]
	at org.springframework.data.aerospike.repository.TestConfigPerson$$EnhancerBySpringCGLIB$$3f27a8da.aerospikeClient(<generated>) ~[spring-core-4.1.7.RELEASE.jar:na]
	at org.springframework.data.aerospike.repository.TestConfigPerson.aerospikeTemplate(TestConfigPerson.java:38) ~[test-classes/:na]
	at org.springframework.data.aerospike.repository.TestConfigPerson$$EnhancerBySpringCGLIB$$3f27a8da.CGLIB$aerospikeTemplate$0(<generated>) ~[spring-core-4.1.7.RELEASE.jar:na]
	at org.springframework.data.aerospike.repository.TestConfigPerson$$EnhancerBySpringCGLIB$$3f27a8da$$FastClassBySpringCGLIB$$38965c5e.invoke(<generated>) ~[spring-core-4.1.7.RELEASE.jar:na]
	at org.springframework.cglib.proxy.MethodProxy.invokeSuper(MethodProxy.java:228) ~[spring-core-4.1.7.RELEASE.jar:4.1.7.RELEASE]
	at org.springframework.context.annotation.ConfigurationClassEnhancer$BeanMethodInterceptor.intercept(ConfigurationClassEnhancer.java:309) ~[spring-context-4.1.7.RELEASE.jar:4.1.7.RELEASE]
	at org.springframework.data.aerospike.repository.TestConfigPerson$$EnhancerBySpringCGLIB$$3f27a8da.aerospikeTemplate(<generated>) ~[spring-core-4.1.7.RELEASE.jar:na]
	at sun.reflect.GeneratedMethodAccessor45.invoke(Unknown Source) ~[na:na]
	at sun.reflect.DelegatingMethodAccessorImpl.invoke(DelegatingMethodAccessorImpl.java:43) ~[na:1.8.0_91]
	at java.lang.reflect.Method.invoke(Method.java:498) ~[na:1.8.0_91]
	at org.springframework.beans.factory.support.SimpleInstantiationStrategy.instantiate(SimpleInstantiationStrategy.java:162) ~[spring-beans-4.1.7.RELEASE.jar:4.1.7.RELEASE]
	... 44 common frames omitted
Caused by: org.springframework.beans.BeanInstantiationException: Failed to instantiate [com.aerospike.client.AerospikeClient]: Factory method 'aerospikeClient' threw exception; nested exception is com.aerospike.client.AerospikeException$Connection: Error Code 11: Failed to connect to host(s): 
52.41.32.83:3000 Error Code 11: java.net.SocketTimeoutException: connect timed out

	at org.springframework.beans.factory.support.SimpleInstantiationStrategy.instantiate(SimpleInstantiationStrategy.java:189) ~[spring-beans-4.1.7.RELEASE.jar:4.1.7.RELEASE]
	at org.springframework.beans.factory.support.ConstructorResolver.instantiateUsingFactoryMethod(ConstructorResolver.java:588) ~[spring-beans-4.1.7.RELEASE.jar:4.1.7.RELEASE]
	... 64 common frames omitted
Caused by: com.aerospike.client.AerospikeException$Connection: Error Code 11: Failed to connect to host(s): 
52.41.32.83:3000 Error Code 11: java.net.SocketTimeoutException: connect timed out

	at com.aerospike.client.cluster.Cluster.seedNodes(Cluster.java:386) ~[aerospike-client-3.2.3.jar:na]
	at com.aerospike.client.cluster.Cluster.tend(Cluster.java:273) ~[aerospike-client-3.2.3.jar:na]
	at com.aerospike.client.cluster.Cluster.waitTillStabilized(Cluster.java:238) ~[aerospike-client-3.2.3.jar:na]
	at com.aerospike.client.cluster.Cluster.initTendThread(Cluster.java:148) ~[aerospike-client-3.2.3.jar:na]
	at com.aerospike.client.AerospikeClient.<init>(AerospikeClient.java:209) ~[aerospike-client-3.2.3.jar:na]
	at com.aerospike.client.AerospikeClient.<init>(AerospikeClient.java:173) ~[aerospike-client-3.2.3.jar:na]
	at org.springframework.data.aerospike.repository.TestConfigPerson.aerospikeClient(TestConfigPerson.java:32) ~[test-classes/:na]
	at org.springframework.data.aerospike.repository.TestConfigPerson$$EnhancerBySpringCGLIB$$3f27a8da.CGLIB$aerospikeClient$1(<generated>) ~[spring-core-4.1.7.RELEASE.jar:na]
	at org.springframework.data.aerospike.repository.TestConfigPerson$$EnhancerBySpringCGLIB$$3f27a8da$$FastClassBySpringCGLIB$$38965c5e.invoke(<generated>) ~[spring-core-4.1.7.RELEASE.jar:na]
	at org.springframework.cglib.proxy.MethodProxy.invokeSuper(MethodProxy.java:228) ~[spring-core-4.1.7.RELEASE.jar:4.1.7.RELEASE]
	at org.springframework.context.annotation.ConfigurationClassEnhancer$BeanMethodInterceptor.intercept(ConfigurationClassEnhancer.java:309) ~[spring-context-4.1.7.RELEASE.jar:4.1.7.RELEASE]
	at org.springframework.data.aerospike.repository.TestConfigPerson$$EnhancerBySpringCGLIB$$3f27a8da.aerospikeClient(<generated>) ~[spring-core-4.1.7.RELEASE.jar:na]
	at sun.reflect.GeneratedMethodAccessor46.invoke(Unknown Source) ~[na:na]
	at sun.reflect.DelegatingMethodAccessorImpl.invoke(DelegatingMethodAccessorImpl.java:43) ~[na:1.8.0_91]
	at java.lang.reflect.Method.invoke(Method.java:498) ~[na:1.8.0_91]
	at org.springframework.beans.factory.support.SimpleInstantiationStrategy.instantiate(SimpleInstantiationStrategy.java:162) ~[spring-beans-4.1.7.RELEASE.jar:4.1.7.RELEASE]
	... 65 common frames omitted
]]></system-out>
  </testcase>
  <testcase name="deletesPersonCorrectly" classname="org.springframework.data.aerospike.repository.PersonRepositoryIntegrationTests" time="0.001">
    <error message="Failed to load ApplicationContext" type="java.lang.IllegalStateException"><![CDATA[java.lang.IllegalStateException: Failed to load ApplicationContext
	at org.springframework.test.context.DefaultCacheAwareContextLoaderDelegate.loadContext(DefaultCacheAwareContextLoaderDelegate.java:94)
	at org.springframework.test.context.DefaultTestContext.getApplicationContext(DefaultTestContext.java:72)
	at org.springframework.test.context.support.DependencyInjectionTestExecutionListener.injectDependencies(DependencyInjectionTestExecutionListener.java:117)
	at org.springframework.test.context.support.DependencyInjectionTestExecutionListener.prepareTestInstance(DependencyInjectionTestExecutionListener.java:83)
	at org.springframework.test.context.TestContextManager.prepareTestInstance(TestContextManager.java:212)
	at org.springframework.test.context.junit4.SpringJUnit4ClassRunner.createTest(SpringJUnit4ClassRunner.java:200)
	at org.springframework.test.context.junit4.SpringJUnit4ClassRunner$1.runReflectiveCall(SpringJUnit4ClassRunner.java:259)
	at org.junit.internal.runners.model.ReflectiveCallable.run(ReflectiveCallable.java:12)
	at org.springframework.test.context.junit4.SpringJUnit4ClassRunner.methodBlock(SpringJUnit4ClassRunner.java:261)
	at org.springframework.test.context.junit4.SpringJUnit4ClassRunner.runChild(SpringJUnit4ClassRunner.java:219)
	at org.springframework.test.context.junit4.SpringJUnit4ClassRunner.runChild(SpringJUnit4ClassRunner.java:83)
	at org.junit.runners.ParentRunner$3.run(ParentRunner.java:290)
	at org.junit.runners.ParentRunner$1.schedule(ParentRunner.java:71)
	at org.junit.runners.ParentRunner.runChildren(ParentRunner.java:288)
	at org.junit.runners.ParentRunner.access$000(ParentRunner.java:58)
	at org.junit.runners.ParentRunner$2.evaluate(ParentRunner.java:268)
	at org.springframework.test.context.junit4.statements.RunBeforeTestClassCallbacks.evaluate(RunBeforeTestClassCallbacks.java:61)
	at org.springframework.test.context.junit4.statements.RunAfterTestClassCallbacks.evaluate(RunAfterTestClassCallbacks.java:68)
	at org.junit.runners.ParentRunner.run(ParentRunner.java:363)
	at org.springframework.test.context.junit4.SpringJUnit4ClassRunner.run(SpringJUnit4ClassRunner.java:163)
	at org.apache.maven.surefire.junit4.JUnit4Provider.execute(JUnit4Provider.java:283)
	at org.apache.maven.surefire.junit4.JUnit4Provider.executeWithRerun(JUnit4Provider.java:173)
	at org.apache.maven.surefire.junit4.JUnit4Provider.executeTestSet(JUnit4Provider.java:153)
	at org.apache.maven.surefire.junit4.JUnit4Provider.invoke(JUnit4Provider.java:128)
	at org.apache.maven.surefire.booter.ForkedBooter.invokeProviderInSameClassLoader(ForkedBooter.java:203)
	at org.apache.maven.surefire.booter.ForkedBooter.runSuitesInProcess(ForkedBooter.java:155)
	at org.apache.maven.surefire.booter.ForkedBooter.main(ForkedBooter.java:103)
Caused by: org.springframework.beans.factory.BeanCreationException: Error creating bean with name 'aerospikeTemplate' defined in org.springframework.data.aerospike.repository.TestConfigPerson: Bean instantiation via factory method failed; nested exception is org.springframework.beans.BeanInstantiationException: Failed to instantiate [org.springframework.data.aerospike.core.AerospikeTemplate]: Factory method 'aerospikeTemplate' threw exception; nested exception is com.aerospike.helper.query.ClusterRefreshError: Cannot find UDF modules
	at org.springframework.beans.factory.support.ConstructorResolver.instantiateUsingFactoryMethod(ConstructorResolver.java:599)
	at org.springframework.beans.factory.support.AbstractAutowireCapableBeanFactory.instantiateUsingFactoryMethod(AbstractAutowireCapableBeanFactory.java:1119)
	at org.springframework.beans.factory.support.AbstractAutowireCapableBeanFactory.createBeanInstance(AbstractAutowireCapableBeanFactory.java:1014)
	at org.springframework.beans.factory.support.AbstractAutowireCapableBeanFactory.doCreateBean(AbstractAutowireCapableBeanFactory.java:504)
	at org.springframework.beans.factory.support.AbstractAutowireCapableBeanFactory.createBean(AbstractAutowireCapableBeanFactory.java:476)
	at org.springframework.beans.factory.support.AbstractBeanFactory$1.getObject(AbstractBeanFactory.java:303)
	at org.springframework.beans.factory.support.DefaultSingletonBeanRegistry.getSingleton(DefaultSingletonBeanRegistry.java:230)
	at org.springframework.beans.factory.support.AbstractBeanFactory.doGetBean(AbstractBeanFactory.java:299)
	at org.springframework.beans.factory.support.AbstractBeanFactory.getBean(AbstractBeanFactory.java:194)
	at org.springframework.beans.factory.support.DefaultListableBeanFactory.preInstantiateSingletons(DefaultListableBeanFactory.java:755)
	at org.springframework.context.support.AbstractApplicationContext.finishBeanFactoryInitialization(AbstractApplicationContext.java:757)
	at org.springframework.context.support.AbstractApplicationContext.refresh(AbstractApplicationContext.java:480)
	at org.springframework.test.context.support.AbstractGenericContextLoader.loadContext(AbstractGenericContextLoader.java:125)
	at org.springframework.test.context.support.AbstractGenericContextLoader.loadContext(AbstractGenericContextLoader.java:60)
	at org.springframework.test.context.support.AbstractDelegatingSmartContextLoader.delegateLoading(AbstractDelegatingSmartContextLoader.java:109)
	at org.springframework.test.context.support.AbstractDelegatingSmartContextLoader.loadContext(AbstractDelegatingSmartContextLoader.java:261)
	at org.springframework.test.context.DefaultCacheAwareContextLoaderDelegate.loadContextInternal(DefaultCacheAwareContextLoaderDelegate.java:68)
	at org.springframework.test.context.DefaultCacheAwareContextLoaderDelegate.loadContext(DefaultCacheAwareContextLoaderDelegate.java:86)
	at org.springframework.test.context.DefaultTestContext.getApplicationContext(DefaultTestContext.java:72)
	at org.springframework.test.context.support.DependencyInjectionTestExecutionListener.injectDependencies(DependencyInjectionTestExecutionListener.java:117)
	at org.springframework.test.context.support.DependencyInjectionTestExecutionListener.prepareTestInstance(DependencyInjectionTestExecutionListener.java:83)
	at org.springframework.test.context.TestContextManager.prepareTestInstance(TestContextManager.java:212)
	at org.springframework.test.context.junit4.SpringJUnit4ClassRunner.createTest(SpringJUnit4ClassRunner.java:200)
	at org.springframework.test.context.junit4.SpringJUnit4ClassRunner$1.runReflectiveCall(SpringJUnit4ClassRunner.java:259)
	at org.junit.internal.runners.model.ReflectiveCallable.run(ReflectiveCallable.java:12)
	at org.springframework.test.context.junit4.SpringJUnit4ClassRunner.methodBlock(SpringJUnit4ClassRunner.java:261)
	at org.springframework.test.context.junit4.SpringJUnit4ClassRunner.runChild(SpringJUnit4ClassRunner.java:219)
	at org.springframework.test.context.junit4.SpringJUnit4ClassRunner.runChild(SpringJUnit4ClassRunner.java:83)
	at org.junit.runners.ParentRunner$3.run(ParentRunner.java:290)
	at org.junit.runners.ParentRunner$1.schedule(ParentRunner.java:71)
	at org.junit.runners.ParentRunner.runChildren(ParentRunner.java:288)
	at org.junit.runners.ParentRunner.access$000(ParentRunner.java:58)
	at org.junit.runners.ParentRunner$2.evaluate(ParentRunner.java:268)
	at org.springframework.test.context.junit4.statements.RunBeforeTestClassCallbacks.evaluate(RunBeforeTestClassCallbacks.java:61)
	at org.springframework.test.context.junit4.statements.RunAfterTestClassCallbacks.evaluate(RunAfterTestClassCallbacks.java:68)
	at org.junit.runners.ParentRunner.run(ParentRunner.java:363)
	at org.springframework.test.context.junit4.SpringJUnit4ClassRunner.run(SpringJUnit4ClassRunner.java:163)
	at org.apache.maven.surefire.junit4.JUnit4Provider.execute(JUnit4Provider.java:283)
	at org.apache.maven.surefire.junit4.JUnit4Provider.executeWithRerun(JUnit4Provider.java:173)
	at org.apache.maven.surefire.junit4.JUnit4Provider.executeTestSet(JUnit4Provider.java:153)
	at org.apache.maven.surefire.junit4.JUnit4Provider.invoke(JUnit4Provider.java:128)
	at org.apache.maven.surefire.booter.ForkedBooter.invokeProviderInSameClassLoader(ForkedBooter.java:203)
	at org.apache.maven.surefire.booter.ForkedBooter.runSuitesInProcess(ForkedBooter.java:155)
	at org.apache.maven.surefire.booter.ForkedBooter.main(ForkedBooter.java:103)
Caused by: org.springframework.beans.BeanInstantiationException: Failed to instantiate [org.springframework.data.aerospike.core.AerospikeTemplate]: Factory method 'aerospikeTemplate' threw exception; nested exception is com.aerospike.helper.query.ClusterRefreshError: Cannot find UDF modules
	at org.springframework.beans.factory.support.SimpleInstantiationStrategy.instantiate(SimpleInstantiationStrategy.java:189)
	at org.springframework.beans.factory.support.ConstructorResolver.instantiateUsingFactoryMethod(ConstructorResolver.java:588)
	at org.springframework.beans.factory.support.AbstractAutowireCapableBeanFactory.instantiateUsingFactoryMethod(AbstractAutowireCapableBeanFactory.java:1119)
	at org.springframework.beans.factory.support.AbstractAutowireCapableBeanFactory.createBeanInstance(AbstractAutowireCapableBeanFactory.java:1014)
	at org.springframework.beans.factory.support.AbstractAutowireCapableBeanFactory.doCreateBean(AbstractAutowireCapableBeanFactory.java:504)
	at org.springframework.beans.factory.support.AbstractAutowireCapableBeanFactory.createBean(AbstractAutowireCapableBeanFactory.java:476)
	at org.springframework.beans.factory.support.AbstractBeanFactory$1.getObject(AbstractBeanFactory.java:303)
	at org.springframework.beans.factory.support.DefaultSingletonBeanRegistry.getSingleton(DefaultSingletonBeanRegistry.java:230)
	at org.springframework.beans.factory.support.AbstractBeanFactory.doGetBean(AbstractBeanFactory.java:299)
	at org.springframework.beans.factory.support.AbstractBeanFactory.getBean(AbstractBeanFactory.java:194)
	at org.springframework.beans.factory.support.DefaultListableBeanFactory.preInstantiateSingletons(DefaultListableBeanFactory.java:755)
	at org.springframework.context.support.AbstractApplicationContext.finishBeanFactoryInitialization(AbstractApplicationContext.java:757)
	at org.springframework.context.support.AbstractApplicationContext.refresh(AbstractApplicationContext.java:480)
	at org.springframework.test.context.support.AbstractGenericContextLoader.loadContext(AbstractGenericContextLoader.java:125)
	at org.springframework.test.context.support.AbstractGenericContextLoader.loadContext(AbstractGenericContextLoader.java:60)
	at org.springframework.test.context.support.AbstractDelegatingSmartContextLoader.delegateLoading(AbstractDelegatingSmartContextLoader.java:109)
	at org.springframework.test.context.support.AbstractDelegatingSmartContextLoader.loadContext(AbstractDelegatingSmartContextLoader.java:261)
	at org.springframework.test.context.DefaultCacheAwareContextLoaderDelegate.loadContextInternal(DefaultCacheAwareContextLoaderDelegate.java:68)
	at org.springframework.test.context.DefaultCacheAwareContextLoaderDelegate.loadContext(DefaultCacheAwareContextLoaderDelegate.java:86)
	at org.springframework.test.context.DefaultTestContext.getApplicationContext(DefaultTestContext.java:72)
	at org.springframework.test.context.support.DependencyInjectionTestExecutionListener.injectDependencies(DependencyInjectionTestExecutionListener.java:117)
	at org.springframework.test.context.support.DependencyInjectionTestExecutionListener.prepareTestInstance(DependencyInjectionTestExecutionListener.java:83)
	at org.springframework.test.context.TestContextManager.prepareTestInstance(TestContextManager.java:212)
	at org.springframework.test.context.junit4.SpringJUnit4ClassRunner.createTest(SpringJUnit4ClassRunner.java:200)
	at org.springframework.test.context.junit4.SpringJUnit4ClassRunner$1.runReflectiveCall(SpringJUnit4ClassRunner.java:259)
	at org.junit.internal.runners.model.ReflectiveCallable.run(ReflectiveCallable.java:12)
	at org.springframework.test.context.junit4.SpringJUnit4ClassRunner.methodBlock(SpringJUnit4ClassRunner.java:261)
	at org.springframework.test.context.junit4.SpringJUnit4ClassRunner.runChild(SpringJUnit4ClassRunner.java:219)
	at org.springframework.test.context.junit4.SpringJUnit4ClassRunner.runChild(SpringJUnit4ClassRunner.java:83)
	at org.junit.runners.ParentRunner$3.run(ParentRunner.java:290)
	at org.junit.runners.ParentRunner$1.schedule(ParentRunner.java:71)
	at org.junit.runners.ParentRunner.runChildren(ParentRunner.java:288)
	at org.junit.runners.ParentRunner.access$000(ParentRunner.java:58)
	at org.junit.runners.ParentRunner$2.evaluate(ParentRunner.java:268)
	at org.springframework.test.context.junit4.statements.RunBeforeTestClassCallbacks.evaluate(RunBeforeTestClassCallbacks.java:61)
	at org.springframework.test.context.junit4.statements.RunAfterTestClassCallbacks.evaluate(RunAfterTestClassCallbacks.java:68)
	at org.junit.runners.ParentRunner.run(ParentRunner.java:363)
	at org.springframework.test.context.junit4.SpringJUnit4ClassRunner.run(SpringJUnit4ClassRunner.java:163)
	at org.apache.maven.surefire.junit4.JUnit4Provider.execute(JUnit4Provider.java:283)
	at org.apache.maven.surefire.junit4.JUnit4Provider.executeWithRerun(JUnit4Provider.java:173)
	at org.apache.maven.surefire.junit4.JUnit4Provider.executeTestSet(JUnit4Provider.java:153)
	at org.apache.maven.surefire.junit4.JUnit4Provider.invoke(JUnit4Provider.java:128)
	at org.apache.maven.surefire.booter.ForkedBooter.invokeProviderInSameClassLoader(ForkedBooter.java:203)
	at org.apache.maven.surefire.booter.ForkedBooter.runSuitesInProcess(ForkedBooter.java:155)
	at org.apache.maven.surefire.booter.ForkedBooter.main(ForkedBooter.java:103)
Caused by: com.aerospike.helper.query.ClusterRefreshError: Cannot find UDF modules
	at com.aerospike.helper.query.QueryEngine.refreshModules(QueryEngine.java:678)
	at com.aerospike.helper.query.QueryEngine.refreshCluster(QueryEngine.java:536)
	at com.aerospike.helper.query.QueryEngine.setClient(QueryEngine.java:129)
	at com.aerospike.helper.query.QueryEngine.<init>(QueryEngine.java:110)
	at org.springframework.data.aerospike.core.AerospikeTemplate.<init>(AerospikeTemplate.java:132)
	at org.springframework.data.aerospike.repository.TestConfigPerson.aerospikeTemplate(TestConfigPerson.java:38)
	at org.springframework.data.aerospike.repository.TestConfigPerson$$EnhancerBySpringCGLIB$$3f27a8da.CGLIB$aerospikeTemplate$0(<generated>)
	at org.springframework.data.aerospike.repository.TestConfigPerson$$EnhancerBySpringCGLIB$$3f27a8da$$FastClassBySpringCGLIB$$38965c5e.invoke(<generated>)
	at org.springframework.cglib.proxy.MethodProxy.invokeSuper(MethodProxy.java:228)
	at org.springframework.context.annotation.ConfigurationClassEnhancer$BeanMethodInterceptor.intercept(ConfigurationClassEnhancer.java:309)
	at org.springframework.data.aerospike.repository.TestConfigPerson$$EnhancerBySpringCGLIB$$3f27a8da.aerospikeTemplate(<generated>)
	at sun.reflect.GeneratedMethodAccessor45.invoke(Unknown Source)
	at sun.reflect.DelegatingMethodAccessorImpl.invoke(DelegatingMethodAccessorImpl.java:43)
	at java.lang.reflect.Method.invoke(Method.java:498)
	at org.springframework.beans.factory.support.SimpleInstantiationStrategy.instantiate(SimpleInstantiationStrategy.java:162)
	at org.springframework.beans.factory.support.ConstructorResolver.instantiateUsingFactoryMethod(ConstructorResolver.java:588)
	at org.springframework.beans.factory.support.AbstractAutowireCapableBeanFactory.instantiateUsingFactoryMethod(AbstractAutowireCapableBeanFactory.java:1119)
	at org.springframework.beans.factory.support.AbstractAutowireCapableBeanFactory.createBeanInstance(AbstractAutowireCapableBeanFactory.java:1014)
	at org.springframework.beans.factory.support.AbstractAutowireCapableBeanFactory.doCreateBean(AbstractAutowireCapableBeanFactory.java:504)
	at org.springframework.beans.factory.support.AbstractAutowireCapableBeanFactory.createBean(AbstractAutowireCapableBeanFactory.java:476)
	at org.springframework.beans.factory.support.AbstractBeanFactory$1.getObject(AbstractBeanFactory.java:303)
	at org.springframework.beans.factory.support.DefaultSingletonBeanRegistry.getSingleton(DefaultSingletonBeanRegistry.java:230)
	at org.springframework.beans.factory.support.AbstractBeanFactory.doGetBean(AbstractBeanFactory.java:299)
	at org.springframework.beans.factory.support.AbstractBeanFactory.getBean(AbstractBeanFactory.java:194)
	at org.springframework.beans.factory.support.DefaultListableBeanFactory.preInstantiateSingletons(DefaultListableBeanFactory.java:755)
	at org.springframework.context.support.AbstractApplicationContext.finishBeanFactoryInitialization(AbstractApplicationContext.java:757)
	at org.springframework.context.support.AbstractApplicationContext.refresh(AbstractApplicationContext.java:480)
	at org.springframework.test.context.support.AbstractGenericContextLoader.loadContext(AbstractGenericContextLoader.java:125)
	at org.springframework.test.context.support.AbstractGenericContextLoader.loadContext(AbstractGenericContextLoader.java:60)
	at org.springframework.test.context.support.AbstractDelegatingSmartContextLoader.delegateLoading(AbstractDelegatingSmartContextLoader.java:109)
	at org.springframework.test.context.support.AbstractDelegatingSmartContextLoader.loadContext(AbstractDelegatingSmartContextLoader.java:261)
	at org.springframework.test.context.DefaultCacheAwareContextLoaderDelegate.loadContextInternal(DefaultCacheAwareContextLoaderDelegate.java:68)
	at org.springframework.test.context.DefaultCacheAwareContextLoaderDelegate.loadContext(DefaultCacheAwareContextLoaderDelegate.java:86)
	at org.springframework.test.context.DefaultTestContext.getApplicationContext(DefaultTestContext.java:72)
	at org.springframework.test.context.support.DependencyInjectionTestExecutionListener.injectDependencies(DependencyInjectionTestExecutionListener.java:117)
	at org.springframework.test.context.support.DependencyInjectionTestExecutionListener.prepareTestInstance(DependencyInjectionTestExecutionListener.java:83)
	at org.springframework.test.context.TestContextManager.prepareTestInstance(TestContextManager.java:212)
	at org.springframework.test.context.junit4.SpringJUnit4ClassRunner.createTest(SpringJUnit4ClassRunner.java:200)
	at org.springframework.test.context.junit4.SpringJUnit4ClassRunner$1.runReflectiveCall(SpringJUnit4ClassRunner.java:259)
	at org.junit.internal.runners.model.ReflectiveCallable.run(ReflectiveCallable.java:12)
	at org.springframework.test.context.junit4.SpringJUnit4ClassRunner.methodBlock(SpringJUnit4ClassRunner.java:261)
	at org.springframework.test.context.junit4.SpringJUnit4ClassRunner.runChild(SpringJUnit4ClassRunner.java:219)
	at org.springframework.test.context.junit4.SpringJUnit4ClassRunner.runChild(SpringJUnit4ClassRunner.java:83)
	at org.junit.runners.ParentRunner$3.run(ParentRunner.java:290)
	at org.junit.runners.ParentRunner$1.schedule(ParentRunner.java:71)
	at org.junit.runners.ParentRunner.runChildren(ParentRunner.java:288)
	at org.junit.runners.ParentRunner.access$000(ParentRunner.java:58)
	at org.junit.runners.ParentRunner$2.evaluate(ParentRunner.java:268)
	at org.springframework.test.context.junit4.statements.RunBeforeTestClassCallbacks.evaluate(RunBeforeTestClassCallbacks.java:61)
	at org.springframework.test.context.junit4.statements.RunAfterTestClassCallbacks.evaluate(RunAfterTestClassCallbacks.java:68)
	at org.junit.runners.ParentRunner.run(ParentRunner.java:363)
	at org.springframework.test.context.junit4.SpringJUnit4ClassRunner.run(SpringJUnit4ClassRunner.java:163)
	at org.apache.maven.surefire.junit4.JUnit4Provider.execute(JUnit4Provider.java:283)
	at org.apache.maven.surefire.junit4.JUnit4Provider.executeWithRerun(JUnit4Provider.java:173)
	at org.apache.maven.surefire.junit4.JUnit4Provider.executeTestSet(JUnit4Provider.java:153)
	at org.apache.maven.surefire.junit4.JUnit4Provider.invoke(JUnit4Provider.java:128)
	at org.apache.maven.surefire.booter.ForkedBooter.invokeProviderInSameClassLoader(ForkedBooter.java:203)
	at org.apache.maven.surefire.booter.ForkedBooter.runSuitesInProcess(ForkedBooter.java:155)
	at org.apache.maven.surefire.booter.ForkedBooter.main(ForkedBooter.java:103)
]]></error>
    <system-out><![CDATA[16:38:17.893 [main] DEBUG o.s.t.annotation.ProfileValueUtils - Retrieved @ProfileValueSourceConfiguration [null] for test class [org.springframework.data.aerospike.repository.PersonRepositoryIntegrationTests]
16:38:17.893 [main] DEBUG o.s.t.annotation.ProfileValueUtils - Retrieved ProfileValueSource type [class org.springframework.test.annotation.SystemProfileValueSource] for class [org.springframework.data.aerospike.repository.PersonRepositoryIntegrationTests]
16:38:17.893 [main] DEBUG o.s.t.c.s.DependencyInjectionTestExecutionListener - Performing dependency injection for test context [[DefaultTestContext@6c1cfa53 testClass = PersonRepositoryIntegrationTests, testInstance = org.springframework.data.aerospike.repository.PersonRepositoryIntegrationTests@8fd91d1, testMethod = [null], testException = [null], mergedContextConfiguration = [MergedContextConfiguration@52b06bef testClass = PersonRepositoryIntegrationTests, locations = '{}', classes = '{class org.springframework.data.aerospike.repository.TestConfigPerson}', contextInitializerClasses = '[]', activeProfiles = '{}', propertySourceLocations = '{}', propertySourceProperties = '{}', contextLoader = 'org.springframework.test.context.support.DelegatingSmartContextLoader', parent = [null]]]].
16:38:17.893 [main] DEBUG o.s.t.c.s.AbstractDelegatingSmartContextLoader - Delegating to AnnotationConfigContextLoader to load context from [MergedContextConfiguration@52b06bef testClass = PersonRepositoryIntegrationTests, locations = '{}', classes = '{class org.springframework.data.aerospike.repository.TestConfigPerson}', contextInitializerClasses = '[]', activeProfiles = '{}', propertySourceLocations = '{}', propertySourceProperties = '{}', contextLoader = 'org.springframework.test.context.support.DelegatingSmartContextLoader', parent = [null]].
16:38:17.893 [main] DEBUG o.s.t.c.s.AbstractGenericContextLoader - Loading ApplicationContext for merged context configuration [[MergedContextConfiguration@52b06bef testClass = PersonRepositoryIntegrationTests, locations = '{}', classes = '{class org.springframework.data.aerospike.repository.TestConfigPerson}', contextInitializerClasses = '[]', activeProfiles = '{}', propertySourceLocations = '{}', propertySourceProperties = '{}', contextLoader = 'org.springframework.test.context.support.DelegatingSmartContextLoader', parent = [null]]].
16:38:17.894 [main] DEBUG o.s.core.env.StandardEnvironment - Adding [systemProperties] PropertySource with lowest search precedence
16:38:17.894 [main] DEBUG o.s.core.env.StandardEnvironment - Adding [systemEnvironment] PropertySource with lowest search precedence
16:38:17.894 [main] DEBUG o.s.core.env.StandardEnvironment - Initialized StandardEnvironment with PropertySources [systemProperties,systemEnvironment]
16:38:17.894 [main] DEBUG o.s.t.c.s.AnnotationConfigContextLoader - Registering annotated classes: {class org.springframework.data.aerospike.repository.TestConfigPerson}
16:38:17.894 [main] INFO  o.s.c.s.GenericApplicationContext - Refreshing org.springframework.context.support.GenericApplicationContext@52d0f583: startup date [Tue Oct 04 16:38:17 BRT 2016]; root of context hierarchy
16:38:17.894 [main] DEBUG o.s.c.s.GenericApplicationContext - Bean factory for org.springframework.context.support.GenericApplicationContext@52d0f583: org.springframework.beans.factory.support.DefaultListableBeanFactory@7fb8bad0: defining beans [org.springframework.context.annotation.internalConfigurationAnnotationProcessor,org.springframework.context.annotation.internalAutowiredAnnotationProcessor,org.springframework.context.annotation.internalRequiredAnnotationProcessor,org.springframework.context.annotation.internalCommonAnnotationProcessor,testConfigPerson]; root of factory hierarchy
16:38:17.894 [main] DEBUG o.s.b.f.s.DefaultListableBeanFactory - Creating shared instance of singleton bean 'org.springframework.context.annotation.internalConfigurationAnnotationProcessor'
16:38:17.894 [main] DEBUG o.s.b.f.s.DefaultListableBeanFactory - Creating instance of bean 'org.springframework.context.annotation.internalConfigurationAnnotationProcessor'
16:38:17.894 [main] DEBUG o.s.b.f.s.DefaultListableBeanFactory - Eagerly caching bean 'org.springframework.context.annotation.internalConfigurationAnnotationProcessor' to allow for resolving potential circular references
16:38:17.895 [main] DEBUG o.s.b.f.s.DefaultListableBeanFactory - Finished creating instance of bean 'org.springframework.context.annotation.internalConfigurationAnnotationProcessor'
16:38:17.895 [main] DEBUG o.s.c.a.ConfigurationClassBeanDefinitionReader - Registering bean definition for @Bean method org.springframework.data.aerospike.repository.TestConfigPerson.aerospikeTemplate()
16:38:17.895 [main] DEBUG o.s.c.a.ConfigurationClassBeanDefinitionReader - Registering bean definition for @Bean method org.springframework.data.aerospike.repository.TestConfigPerson.aerospikeClient()
16:38:17.895 [main] DEBUG o.s.core.env.StandardEnvironment - Adding [systemProperties] PropertySource with lowest search precedence
16:38:17.896 [main] DEBUG o.s.core.env.StandardEnvironment - Adding [systemEnvironment] PropertySource with lowest search precedence
16:38:17.896 [main] DEBUG o.s.core.env.StandardEnvironment - Initialized StandardEnvironment with PropertySources [systemProperties,systemEnvironment]
16:38:17.896 [main] DEBUG o.s.c.i.s.PathMatchingResourcePatternResolver - Looking for matching resources in directory tree [/home/aluno/spring-projects/maven/spring-data-aerospike/target/test-classes/org/springframework/data]
16:38:17.896 [main] DEBUG o.s.c.i.s.PathMatchingResourcePatternResolver - Searching directory [/home/aluno/spring-projects/maven/spring-data-aerospike/target/test-classes/org/springframework/data] for files matching pattern [/home/aluno/spring-projects/maven/spring-data-aerospike/target/test-classes/org/springframework/data/**/repository/support/**/*.class]
16:38:17.896 [main] DEBUG o.s.c.i.s.PathMatchingResourcePatternResolver - Searching directory [/home/aluno/spring-projects/maven/spring-data-aerospike/target/test-classes/org/springframework/data/keyvalue] for files matching pattern [/home/aluno/spring-projects/maven/spring-data-aerospike/target/test-classes/org/springframework/data/**/repository/support/**/*.class]
16:38:17.896 [main] DEBUG o.s.c.i.s.PathMatchingResourcePatternResolver - Searching directory [/home/aluno/spring-projects/maven/spring-data-aerospike/target/test-classes/org/springframework/data/keyvalue/repository] for files matching pattern [/home/aluno/spring-projects/maven/spring-data-aerospike/target/test-classes/org/springframework/data/**/repository/support/**/*.class]
16:38:17.896 [main] DEBUG o.s.c.i.s.PathMatchingResourcePatternResolver - Searching directory [/home/aluno/spring-projects/maven/spring-data-aerospike/target/test-classes/org/springframework/data/keyvalue/repository/query] for files matching pattern [/home/aluno/spring-projects/maven/spring-data-aerospike/target/test-classes/org/springframework/data/**/repository/support/**/*.class]
16:38:17.897 [main] DEBUG o.s.c.i.s.PathMatchingResourcePatternResolver - Searching directory [/home/aluno/spring-projects/maven/spring-data-aerospike/target/test-classes/org/springframework/data/aerospike] for files matching pattern [/home/aluno/spring-projects/maven/spring-data-aerospike/target/test-classes/org/springframework/data/**/repository/support/**/*.class]
16:38:17.897 [main] DEBUG o.s.c.i.s.PathMatchingResourcePatternResolver - Searching directory [/home/aluno/spring-projects/maven/spring-data-aerospike/target/test-classes/org/springframework/data/aerospike/mapping] for files matching pattern [/home/aluno/spring-projects/maven/spring-data-aerospike/target/test-classes/org/springframework/data/**/repository/support/**/*.class]
16:38:17.897 [main] DEBUG o.s.c.i.s.PathMatchingResourcePatternResolver - Searching directory [/home/aluno/spring-projects/maven/spring-data-aerospike/target/test-classes/org/springframework/data/aerospike/core] for files matching pattern [/home/aluno/spring-projects/maven/spring-data-aerospike/target/test-classes/org/springframework/data/**/repository/support/**/*.class]
16:38:17.897 [main] DEBUG o.s.c.i.s.PathMatchingResourcePatternResolver - Searching directory [/home/aluno/spring-projects/maven/spring-data-aerospike/target/test-classes/org/springframework/data/aerospike/convert] for files matching pattern [/home/aluno/spring-projects/maven/spring-data-aerospike/target/test-classes/org/springframework/data/**/repository/support/**/*.class]
16:38:17.899 [main] DEBUG o.s.c.i.s.PathMatchingResourcePatternResolver - Searching directory [/home/aluno/spring-projects/maven/spring-data-aerospike/target/test-classes/org/springframework/data/aerospike/sample] for files matching pattern [/home/aluno/spring-projects/maven/spring-data-aerospike/target/test-classes/org/springframework/data/**/repository/support/**/*.class]
16:38:17.899 [main] DEBUG o.s.c.i.s.PathMatchingResourcePatternResolver - Searching directory [/home/aluno/spring-projects/maven/spring-data-aerospike/target/test-classes/org/springframework/data/aerospike/repository] for files matching pattern [/home/aluno/spring-projects/maven/spring-data-aerospike/target/test-classes/org/springframework/data/**/repository/support/**/*.class]
16:38:17.899 [main] DEBUG o.s.c.i.s.PathMatchingResourcePatternResolver - Searching directory [/home/aluno/spring-projects/maven/spring-data-aerospike/target/test-classes/org/springframework/data/aerospike/repository/support] for files matching pattern [/home/aluno/spring-projects/maven/spring-data-aerospike/target/test-classes/org/springframework/data/**/repository/support/**/*.class]
16:38:17.899 [main] DEBUG o.s.c.i.s.PathMatchingResourcePatternResolver - Searching directory [/home/aluno/spring-projects/maven/spring-data-aerospike/target/test-classes/org/springframework/data/aerospike/repository/query] for files matching pattern [/home/aluno/spring-projects/maven/spring-data-aerospike/target/test-classes/org/springframework/data/**/repository/support/**/*.class]
16:38:17.899 [main] DEBUG o.s.c.i.s.PathMatchingResourcePatternResolver - Searching directory [/home/aluno/spring-projects/maven/spring-data-aerospike/target/test-classes/org/springframework/data/aerospike/config] for files matching pattern [/home/aluno/spring-projects/maven/spring-data-aerospike/target/test-classes/org/springframework/data/**/repository/support/**/*.class]
16:38:17.900 [main] DEBUG o.s.c.i.s.PathMatchingResourcePatternResolver - Searching directory [/home/aluno/spring-projects/maven/spring-data-aerospike/target/test-classes/org/springframework/data/aerospike/cache] for files matching pattern [/home/aluno/spring-projects/maven/spring-data-aerospike/target/test-classes/org/springframework/data/**/repository/support/**/*.class]
16:38:17.900 [main] DEBUG o.s.c.i.s.PathMatchingResourcePatternResolver - Looking for matching resources in directory tree [/home/aluno/spring-projects/maven/spring-data-aerospike/target/classes/org/springframework/data]
16:38:17.900 [main] DEBUG o.s.c.i.s.PathMatchingResourcePatternResolver - Searching directory [/home/aluno/spring-projects/maven/spring-data-aerospike/target/classes/org/springframework/data] for files matching pattern [/home/aluno/spring-projects/maven/spring-data-aerospike/target/classes/org/springframework/data/**/repository/support/**/*.class]
16:38:17.900 [main] DEBUG o.s.c.i.s.PathMatchingResourcePatternResolver - Searching directory [/home/aluno/spring-projects/maven/spring-data-aerospike/target/classes/org/springframework/data/aerospike] for files matching pattern [/home/aluno/spring-projects/maven/spring-data-aerospike/target/classes/org/springframework/data/**/repository/support/**/*.class]
16:38:17.900 [main] DEBUG o.s.c.i.s.PathMatchingResourcePatternResolver - Searching directory [/home/aluno/spring-projects/maven/spring-data-aerospike/target/classes/org/springframework/data/aerospike/mapping] for files matching pattern [/home/aluno/spring-projects/maven/spring-data-aerospike/target/classes/org/springframework/data/**/repository/support/**/*.class]
16:38:17.900 [main] DEBUG o.s.c.i.s.PathMatchingResourcePatternResolver - Searching directory [/home/aluno/spring-projects/maven/spring-data-aerospike/target/classes/org/springframework/data/aerospike/core] for files matching pattern [/home/aluno/spring-projects/maven/spring-data-aerospike/target/classes/org/springframework/data/**/repository/support/**/*.class]
16:38:17.900 [main] DEBUG o.s.c.i.s.PathMatchingResourcePatternResolver - Searching directory [/home/aluno/spring-projects/maven/spring-data-aerospike/target/classes/org/springframework/data/aerospike/convert] for files matching pattern [/home/aluno/spring-projects/maven/spring-data-aerospike/target/classes/org/springframework/data/**/repository/support/**/*.class]
16:38:17.901 [main] DEBUG o.s.c.i.s.PathMatchingResourcePatternResolver - Searching directory [/home/aluno/spring-projects/maven/spring-data-aerospike/target/classes/org/springframework/data/aerospike/example] for files matching pattern [/home/aluno/spring-projects/maven/spring-data-aerospike/target/classes/org/springframework/data/**/repository/support/**/*.class]
16:38:17.901 [main] DEBUG o.s.c.i.s.PathMatchingResourcePatternResolver - Searching directory [/home/aluno/spring-projects/maven/spring-data-aerospike/target/classes/org/springframework/data/aerospike/example/data] for files matching pattern [/home/aluno/spring-projects/maven/spring-data-aerospike/target/classes/org/springframework/data/**/repository/support/**/*.class]
16:38:17.901 [main] DEBUG o.s.c.i.s.PathMatchingResourcePatternResolver - Searching directory [/home/aluno/spring-projects/maven/spring-data-aerospike/target/classes/org/springframework/data/aerospike/example/config] for files matching pattern [/home/aluno/spring-projects/maven/spring-data-aerospike/target/classes/org/springframework/data/**/repository/support/**/*.class]
16:38:17.901 [main] DEBUG o.s.c.i.s.PathMatchingResourcePatternResolver - Searching directory [/home/aluno/spring-projects/maven/spring-data-aerospike/target/classes/org/springframework/data/aerospike/annotation] for files matching pattern [/home/aluno/spring-projects/maven/spring-data-aerospike/target/classes/org/springframework/data/**/repository/support/**/*.class]
16:38:17.901 [main] DEBUG o.s.c.i.s.PathMatchingResourcePatternResolver - Searching directory [/home/aluno/spring-projects/maven/spring-data-aerospike/target/classes/org/springframework/data/aerospike/repository] for files matching pattern [/home/aluno/spring-projects/maven/spring-data-aerospike/target/classes/org/springframework/data/**/repository/support/**/*.class]
16:38:17.901 [main] DEBUG o.s.c.i.s.PathMatchingResourcePatternResolver - Searching directory [/home/aluno/spring-projects/maven/spring-data-aerospike/target/classes/org/springframework/data/aerospike/repository/support] for files matching pattern [/home/aluno/spring-projects/maven/spring-data-aerospike/target/classes/org/springframework/data/**/repository/support/**/*.class]
16:38:17.902 [main] DEBUG o.s.c.i.s.PathMatchingResourcePatternResolver - Searching directory [/home/aluno/spring-projects/maven/spring-data-aerospike/target/classes/org/springframework/data/aerospike/repository/config] for files matching pattern [/home/aluno/spring-projects/maven/spring-data-aerospike/target/classes/org/springframework/data/**/repository/support/**/*.class]
16:38:17.902 [main] DEBUG o.s.c.i.s.PathMatchingResourcePatternResolver - Searching directory [/home/aluno/spring-projects/maven/spring-data-aerospike/target/classes/org/springframework/data/aerospike/repository/query] for files matching pattern [/home/aluno/spring-projects/maven/spring-data-aerospike/target/classes/org/springframework/data/**/repository/support/**/*.class]
16:38:17.902 [main] DEBUG o.s.c.i.s.PathMatchingResourcePatternResolver - Searching directory [/home/aluno/spring-projects/maven/spring-data-aerospike/target/classes/org/springframework/data/aerospike/config] for files matching pattern [/home/aluno/spring-projects/maven/spring-data-aerospike/target/classes/org/springframework/data/**/repository/support/**/*.class]
16:38:17.902 [main] DEBUG o.s.c.i.s.PathMatchingResourcePatternResolver - Searching directory [/home/aluno/spring-projects/maven/spring-data-aerospike/target/classes/org/springframework/data/aerospike/cache] for files matching pattern [/home/aluno/spring-projects/maven/spring-data-aerospike/target/classes/org/springframework/data/**/repository/support/**/*.class]
16:38:17.902 [main] DEBUG o.s.c.i.s.PathMatchingResourcePatternResolver - Searching directory [/home/aluno/spring-projects/maven/spring-data-aerospike/target/classes/org/springframework/data/aerospike/utility] for files matching pattern [/home/aluno/spring-projects/maven/spring-data-aerospike/target/classes/org/springframework/data/**/repository/support/**/*.class]
16:38:17.902 [main] DEBUG o.s.c.i.s.PathMatchingResourcePatternResolver - Looking for matching resources in jar file [file:/home/aluno/.m2/repository/org/springframework/data/spring-data-commons/1.11.0.RELEASE/spring-data-commons-1.11.0.RELEASE.jar]
16:38:17.904 [main] DEBUG o.s.c.i.s.PathMatchingResourcePatternResolver - Looking for matching resources in jar file [file:/home/aluno/.m2/repository/org/springframework/data/spring-data-keyvalue/1.0.0.M1/spring-data-keyvalue-1.0.0.M1.jar]
16:38:17.904 [main] DEBUG o.s.c.i.s.PathMatchingResourcePatternResolver - Resolved location pattern [classpath*:org/springframework/data/**/repository/support/**/*.class] to resources [file [/home/aluno/spring-projects/maven/spring-data-aerospike/target/test-classes/org/springframework/data/aerospike/repository/support/SimpleAerospikeRepositoryTest$5.class], file [/home/aluno/spring-projects/maven/spring-data-aerospike/target/test-classes/org/springframework/data/aerospike/repository/support/SimpleAerospikeRepositoryTest$9.class], file [/home/aluno/spring-projects/maven/spring-data-aerospike/target/test-classes/org/springframework/data/aerospike/repository/support/SimpleAerospikeRepositoryTest$4.class], file [/home/aluno/spring-projects/maven/spring-data-aerospike/target/test-classes/org/springframework/data/aerospike/repository/support/AerospikeRepositoryFactoryTest.class], file [/home/aluno/spring-projects/maven/spring-data-aerospike/target/test-classes/org/springframework/data/aerospike/repository/support/SimpleAerospikeRepositoryTest.class], file [/home/aluno/spring-projects/maven/spring-data-aerospike/target/test-classes/org/springframework/data/aerospike/repository/support/SimpleAerospikeRepositoryTest$1.class], file [/home/aluno/spring-projects/maven/spring-data-aerospike/target/test-classes/org/springframework/data/aerospike/repository/support/SimpleAerospikeRepositoryTest$3.class], file [/home/aluno/spring-projects/maven/spring-data-aerospike/target/test-classes/org/springframework/data/aerospike/repository/support/SimpleAerospikeRepositoryTest$8.class], file [/home/aluno/spring-projects/maven/spring-data-aerospike/target/test-classes/org/springframework/data/aerospike/repository/support/SimpleAerospikeRepositoryTest$6.class], file [/home/aluno/spring-projects/maven/spring-data-aerospike/target/test-classes/org/springframework/data/aerospike/repository/support/SimpleAerospikeRepositoryTest$2.class], file [/home/aluno/spring-projects/maven/spring-data-aerospike/target/test-classes/org/springframework/data/aerospike/repository/support/AllTests.class], file [/home/aluno/spring-projects/maven/spring-data-aerospike/target/test-classes/org/springframework/data/aerospike/repository/support/SimpleAerospikeRepositoryTest$7.class], file [/home/aluno/spring-projects/maven/spring-data-aerospike/target/classes/org/springframework/data/aerospike/repository/support/AerospikeRepositoryFactoryBean.class], file [/home/aluno/spring-projects/maven/spring-data-aerospike/target/classes/org/springframework/data/aerospike/repository/support/AerospikeRepositoryFactory$AerospikeQueryLookupStrategy.class], file [/home/aluno/spring-projects/maven/spring-data-aerospike/target/classes/org/springframework/data/aerospike/repository/support/AerospikeRepositoryFactory.class], file [/home/aluno/spring-projects/maven/spring-data-aerospike/target/classes/org/springframework/data/aerospike/repository/support/SimpleAerospikeRepository.class], URL [jar:file:/home/aluno/.m2/repository/org/springframework/data/spring-data-commons/1.11.0.RELEASE/spring-data-commons-1.11.0.RELEASE.jar!/org/springframework/data/repository/support/DomainClassConverter$ConversionMatchAbbreviationException.class], URL [jar:file:/home/aluno/.m2/repository/org/springframework/data/spring-data-commons/1.11.0.RELEASE/spring-data-commons-1.11.0.RELEASE.jar!/org/springframework/data/repository/support/DomainClassConverter$ToIdConverter.class], URL [jar:file:/home/aluno/.m2/repository/org/springframework/data/spring-data-commons/1.11.0.RELEASE/spring-data-commons-1.11.0.RELEASE.jar!/org/springframework/data/repository/support/Repositories$EmptyRepositoryFactoryInformation.class], URL [jar:file:/home/aluno/.m2/repository/org/springframework/data/spring-data-commons/1.11.0.RELEASE/spring-data-commons-1.11.0.RELEASE.jar!/org/springframework/data/repository/support/PagingAndSortingRepositoryInvoker.class], URL [jar:file:/home/aluno/.m2/repository/org/springframework/data/spring-data-commons/1.11.0.RELEASE/spring-data-commons-1.11.0.RELEASE.jar!/org/springframework/data/repository/support/QueryMethodParameterConversionException.class], URL [jar:file:/home/aluno/.m2/repository/org/springframework/data/spring-data-commons/1.11.0.RELEASE/spring-data-commons-1.11.0.RELEASE.jar!/org/springframework/data/repository/support/MethodParameters.class], URL [jar:file:/home/aluno/.m2/repository/org/springframework/data/spring-data-commons/1.11.0.RELEASE/spring-data-commons-1.11.0.RELEASE.jar!/org/springframework/data/repository/support/RepositoryInvoker.class], URL [jar:file:/home/aluno/.m2/repository/org/springframework/data/spring-data-commons/1.11.0.RELEASE/spring-data-commons-1.11.0.RELEASE.jar!/org/springframework/data/repository/support/RepositoryInvokerFactory.class], URL [jar:file:/home/aluno/.m2/repository/org/springframework/data/spring-data-commons/1.11.0.RELEASE/spring-data-commons-1.11.0.RELEASE.jar!/org/springframework/data/repository/support/DomainClassPropertyEditorRegistrar.class], URL [jar:file:/home/aluno/.m2/repository/org/springframework/data/spring-data-commons/1.11.0.RELEASE/spring-data-commons-1.11.0.RELEASE.jar!/org/springframework/data/repository/support/AnnotationAttribute.class], URL [jar:file:/home/aluno/.m2/repository/org/springframework/data/spring-data-commons/1.11.0.RELEASE/spring-data-commons-1.11.0.RELEASE.jar!/org/springframework/data/repository/support/DefaultRepositoryInvokerFactory.class], URL [jar:file:/home/aluno/.m2/repository/org/springframework/data/spring-data-commons/1.11.0.RELEASE/spring-data-commons-1.11.0.RELEASE.jar!/org/springframework/data/repository/support/MethodParameters$AnnotationNamingMethodParameter.class], URL [jar:file:/home/aluno/.m2/repository/org/springframework/data/spring-data-commons/1.11.0.RELEASE/spring-data-commons-1.11.0.RELEASE.jar!/org/springframework/data/repository/support/CrudRepositoryInvoker.class], URL [jar:file:/home/aluno/.m2/repository/org/springframework/data/spring-data-commons/1.11.0.RELEASE/spring-data-commons-1.11.0.RELEASE.jar!/org/springframework/data/repository/support/Repositories.class], URL [jar:file:/home/aluno/.m2/repository/org/springframework/data/spring-data-commons/1.11.0.RELEASE/spring-data-commons-1.11.0.RELEASE.jar!/org/springframework/data/repository/support/DomainClassConverter$ToEntityConverter.class], URL [jar:file:/home/aluno/.m2/repository/org/springframework/data/spring-data-commons/1.11.0.RELEASE/spring-data-commons-1.11.0.RELEASE.jar!/org/springframework/data/repository/support/ReflectionRepositoryInvoker.class], URL [jar:file:/home/aluno/.m2/repository/org/springframework/data/spring-data-commons/1.11.0.RELEASE/spring-data-commons-1.11.0.RELEASE.jar!/org/springframework/data/repository/support/DomainClassPropertyEditor.class], URL [jar:file:/home/aluno/.m2/repository/org/springframework/data/spring-data-commons/1.11.0.RELEASE/spring-data-commons-1.11.0.RELEASE.jar!/org/springframework/data/repository/support/DomainClassConverter.class], URL [jar:file:/home/aluno/.m2/repository/org/springframework/data/spring-data-commons/1.11.0.RELEASE/spring-data-commons-1.11.0.RELEASE.jar!/org/springframework/data/repository/support/DomainClassConverter$1.class], URL [jar:file:/home/aluno/.m2/repository/org/springframework/data/spring-data-commons/1.11.0.RELEASE/spring-data-commons-1.11.0.RELEASE.jar!/org/springframework/data/repository/support/RepositoryInvocationInformation.class], URL [jar:file:/home/aluno/.m2/repository/org/springframework/data/spring-data-keyvalue/1.0.0.M1/spring-data-keyvalue-1.0.0.M1.jar!/org/springframework/data/keyvalue/repository/support/KeyValueRepositoryFactory$KeyValueQueryLookupStrategy.class], URL [jar:file:/home/aluno/.m2/repository/org/springframework/data/spring-data-keyvalue/1.0.0.M1/spring-data-keyvalue-1.0.0.M1.jar!/org/springframework/data/keyvalue/repository/support/QuerydslKeyValueRepository.class], URL [jar:file:/home/aluno/.m2/repository/org/springframework/data/spring-data-keyvalue/1.0.0.M1/spring-data-keyvalue-1.0.0.M1.jar!/org/springframework/data/keyvalue/repository/support/KeyValueRepositoryFactoryBean.class], URL [jar:file:/home/aluno/.m2/repository/org/springframework/data/spring-data-keyvalue/1.0.0.M1/spring-data-keyvalue-1.0.0.M1.jar!/org/springframework/data/keyvalue/repository/support/KeyValueQuerydslUtils$1.class], URL [jar:file:/home/aluno/.m2/repository/org/springframework/data/spring-data-keyvalue/1.0.0.M1/spring-data-keyvalue-1.0.0.M1.jar!/org/springframework/data/keyvalue/repository/support/KeyValueQuerydslUtils.class], URL [jar:file:/home/aluno/.m2/repository/org/springframework/data/spring-data-keyvalue/1.0.0.M1/spring-data-keyvalue-1.0.0.M1.jar!/org/springframework/data/keyvalue/repository/support/KeyValueRepositoryFactory.class], URL [jar:file:/home/aluno/.m2/repository/org/springframework/data/spring-data-keyvalue/1.0.0.M1/spring-data-keyvalue-1.0.0.M1.jar!/org/springframework/data/keyvalue/repository/support/SimpleKeyValueRepository.class]]
16:38:17.906 [main] DEBUG o.s.c.a.ClassPathScanningCandidateComponentProvider - Identified candidate component class: file [/home/aluno/spring-projects/maven/spring-data-aerospike/target/classes/org/springframework/data/aerospike/repository/support/AerospikeRepositoryFactory.class]
16:38:17.910 [main] DEBUG o.s.c.a.ClassPathScanningCandidateComponentProvider - Identified candidate component class: URL [jar:file:/home/aluno/.m2/repository/org/springframework/data/spring-data-keyvalue/1.0.0.M1/spring-data-keyvalue-1.0.0.M1.jar!/org/springframework/data/keyvalue/repository/support/KeyValueRepositoryFactory.class]
16:38:17.910 [main] DEBUG o.s.d.r.c.RepositoryConfigurationDelegate - Multiple Spring Data modules found, entering strict repository configuration mode!
16:38:17.911 [main] DEBUG o.s.core.env.StandardEnvironment - Adding [systemProperties] PropertySource with lowest search precedence
16:38:17.911 [main] DEBUG o.s.core.env.StandardEnvironment - Adding [systemEnvironment] PropertySource with lowest search precedence
16:38:17.911 [main] DEBUG o.s.core.env.StandardEnvironment - Initialized StandardEnvironment with PropertySources [systemProperties,systemEnvironment]
16:38:17.911 [main] DEBUG o.s.c.i.s.PathMatchingResourcePatternResolver - Looking for matching resources in directory tree [/home/aluno/spring-projects/maven/spring-data-aerospike/target/test-classes/org/springframework/data/aerospike/repository]
16:38:17.911 [main] DEBUG o.s.c.i.s.PathMatchingResourcePatternResolver - Searching directory [/home/aluno/spring-projects/maven/spring-data-aerospike/target/test-classes/org/springframework/data/aerospike/repository] for files matching pattern [/home/aluno/spring-projects/maven/spring-data-aerospike/target/test-classes/org/springframework/data/aerospike/repository/**/*.class]
16:38:17.911 [main] DEBUG o.s.c.i.s.PathMatchingResourcePatternResolver - Searching directory [/home/aluno/spring-projects/maven/spring-data-aerospike/target/test-classes/org/springframework/data/aerospike/repository/support] for files matching pattern [/home/aluno/spring-projects/maven/spring-data-aerospike/target/test-classes/org/springframework/data/aerospike/repository/**/*.class]
16:38:17.911 [main] DEBUG o.s.c.i.s.PathMatchingResourcePatternResolver - Searching directory [/home/aluno/spring-projects/maven/spring-data-aerospike/target/test-classes/org/springframework/data/aerospike/repository/query] for files matching pattern [/home/aluno/spring-projects/maven/spring-data-aerospike/target/test-classes/org/springframework/data/aerospike/repository/**/*.class]
16:38:17.911 [main] DEBUG o.s.c.i.s.PathMatchingResourcePatternResolver - Looking for matching resources in directory tree [/home/aluno/spring-projects/maven/spring-data-aerospike/target/classes/org/springframework/data/aerospike/repository]
16:38:17.911 [main] DEBUG o.s.c.i.s.PathMatchingResourcePatternResolver - Searching directory [/home/aluno/spring-projects/maven/spring-data-aerospike/target/classes/org/springframework/data/aerospike/repository] for files matching pattern [/home/aluno/spring-projects/maven/spring-data-aerospike/target/classes/org/springframework/data/aerospike/repository/**/*.class]
16:38:17.911 [main] DEBUG o.s.c.i.s.PathMatchingResourcePatternResolver - Searching directory [/home/aluno/spring-projects/maven/spring-data-aerospike/target/classes/org/springframework/data/aerospike/repository/support] for files matching pattern [/home/aluno/spring-projects/maven/spring-data-aerospike/target/classes/org/springframework/data/aerospike/repository/**/*.class]
16:38:17.912 [main] DEBUG o.s.c.i.s.PathMatchingResourcePatternResolver - Searching directory [/home/aluno/spring-projects/maven/spring-data-aerospike/target/classes/org/springframework/data/aerospike/repository/config] for files matching pattern [/home/aluno/spring-projects/maven/spring-data-aerospike/target/classes/org/springframework/data/aerospike/repository/**/*.class]
16:38:17.912 [main] DEBUG o.s.c.i.s.PathMatchingResourcePatternResolver - Searching directory [/home/aluno/spring-projects/maven/spring-data-aerospike/target/classes/org/springframework/data/aerospike/repository/query] for files matching pattern [/home/aluno/spring-projects/maven/spring-data-aerospike/target/classes/org/springframework/data/aerospike/repository/**/*.class]
16:38:17.912 [main] DEBUG o.s.c.i.s.PathMatchingResourcePatternResolver - Resolved location pattern [classpath*:org/springframework/data/aerospike/repository/**/*.class] to resources [file [/home/aluno/spring-projects/maven/spring-data-aerospike/target/test-classes/org/springframework/data/aerospike/repository/Credentials.class], file [/home/aluno/spring-projects/maven/spring-data-aerospike/target/test-classes/org/springframework/data/aerospike/repository/AbstractPersonRepositoryIntegrationTests$1.class], file [/home/aluno/spring-projects/maven/spring-data-aerospike/target/test-classes/org/springframework/data/aerospike/repository/PersonRepository.class], file [/home/aluno/spring-projects/maven/spring-data-aerospike/target/test-classes/org/springframework/data/aerospike/repository/TestConfigPerson.class], file [/home/aluno/spring-projects/maven/spring-data-aerospike/target/test-classes/org/springframework/data/aerospike/repository/Address.class], file [/home/aluno/spring-projects/maven/spring-data-aerospike/target/test-classes/org/springframework/data/aerospike/repository/Person$Sex.class], file [/home/aluno/spring-projects/maven/spring-data-aerospike/target/test-classes/org/springframework/data/aerospike/repository/Person.class], file [/home/aluno/spring-projects/maven/spring-data-aerospike/target/test-classes/org/springframework/data/aerospike/repository/ContactRepository.class], file [/home/aluno/spring-projects/maven/spring-data-aerospike/target/test-classes/org/springframework/data/aerospike/repository/AbstractPersonRepositoryIntegrationTests.class], file [/home/aluno/spring-projects/maven/spring-data-aerospike/target/test-classes/org/springframework/data/aerospike/repository/User.class], file [/home/aluno/spring-projects/maven/spring-data-aerospike/target/test-classes/org/springframework/data/aerospike/repository/CustomerRepositoriesIntegrationTests$Config.class], file [/home/aluno/spring-projects/maven/spring-data-aerospike/target/test-classes/org/springframework/data/aerospike/repository/AnnotatedPerson.class], file [/home/aluno/spring-projects/maven/spring-data-aerospike/target/test-classes/org/springframework/data/aerospike/repository/support/SimpleAerospikeRepositoryTest$5.class], file [/home/aluno/spring-projects/maven/spring-data-aerospike/target/test-classes/org/springframework/data/aerospike/repository/support/SimpleAerospikeRepositoryTest$9.class], file [/home/aluno/spring-projects/maven/spring-data-aerospike/target/test-classes/org/springframework/data/aerospike/repository/support/SimpleAerospikeRepositoryTest$4.class], file [/home/aluno/spring-projects/maven/spring-data-aerospike/target/test-classes/org/springframework/data/aerospike/repository/support/AerospikeRepositoryFactoryTest.class], file [/home/aluno/spring-projects/maven/spring-data-aerospike/target/test-classes/org/springframework/data/aerospike/repository/support/SimpleAerospikeRepositoryTest.class], file [/home/aluno/spring-projects/maven/spring-data-aerospike/target/test-classes/org/springframework/data/aerospike/repository/support/SimpleAerospikeRepositoryTest$1.class], file [/home/aluno/spring-projects/maven/spring-data-aerospike/target/test-classes/org/springframework/data/aerospike/repository/support/SimpleAerospikeRepositoryTest$3.class], file [/home/aluno/spring-projects/maven/spring-data-aerospike/target/test-classes/org/springframework/data/aerospike/repository/support/SimpleAerospikeRepositoryTest$8.class], file [/home/aluno/spring-projects/maven/spring-data-aerospike/target/test-classes/org/springframework/data/aerospike/repository/support/SimpleAerospikeRepositoryTest$6.class], file [/home/aluno/spring-projects/maven/spring-data-aerospike/target/test-classes/org/springframework/data/aerospike/repository/support/SimpleAerospikeRepositoryTest$2.class], file [/home/aluno/spring-projects/maven/spring-data-aerospike/target/test-classes/org/springframework/data/aerospike/repository/support/AllTests.class], file [/home/aluno/spring-projects/maven/spring-data-aerospike/target/test-classes/org/springframework/data/aerospike/repository/support/SimpleAerospikeRepositoryTest$7.class], file [/home/aluno/spring-projects/maven/spring-data-aerospike/target/test-classes/org/springframework/data/aerospike/repository/Contact.class], file [/home/aluno/spring-projects/maven/spring-data-aerospike/target/test-classes/org/springframework/data/aerospike/repository/AllTests.class], file [/home/aluno/spring-projects/maven/spring-data-aerospike/target/test-classes/org/springframework/data/aerospike/repository/PersonRepositoryIntegrationTests.class], file [/home/aluno/spring-projects/maven/spring-data-aerospike/target/test-classes/org/springframework/data/aerospike/repository/query/StubParameterAccessor.class], file [/home/aluno/spring-projects/maven/spring-data-aerospike/target/test-classes/org/springframework/data/aerospike/repository/query/AllTests.class], file [/home/aluno/spring-projects/maven/spring-data-aerospike/target/test-classes/org/springframework/data/aerospike/repository/query/AerospikePartTreeQueryTest.class], file [/home/aluno/spring-projects/maven/spring-data-aerospike/target/test-classes/org/springframework/data/aerospike/repository/CustomerRepositoriesIntegrationTests.class], file [/home/aluno/spring-projects/maven/spring-data-aerospike/target/classes/org/springframework/data/aerospike/repository/AerospikeRepository.class], file [/home/aluno/spring-projects/maven/spring-data-aerospike/target/classes/org/springframework/data/aerospike/repository/support/AerospikeRepositoryFactoryBean.class], file [/home/aluno/spring-projects/maven/spring-data-aerospike/target/classes/org/springframework/data/aerospike/repository/support/AerospikeRepositoryFactory$AerospikeQueryLookupStrategy.class], file [/home/aluno/spring-projects/maven/spring-data-aerospike/target/classes/org/springframework/data/aerospike/repository/support/AerospikeRepositoryFactory.class], file [/home/aluno/spring-projects/maven/spring-data-aerospike/target/classes/org/springframework/data/aerospike/repository/support/SimpleAerospikeRepository.class], file [/home/aluno/spring-projects/maven/spring-data-aerospike/target/classes/org/springframework/data/aerospike/repository/config/AerospikeRepositoriesRegistrar.class], file [/home/aluno/spring-projects/maven/spring-data-aerospike/target/classes/org/springframework/data/aerospike/repository/config/EnableAerospikeRepositories.class], file [/home/aluno/spring-projects/maven/spring-data-aerospike/target/classes/org/springframework/data/aerospike/repository/config/AerospikeRepositoriesRegistrar$1.class], file [/home/aluno/spring-projects/maven/spring-data-aerospike/target/classes/org/springframework/data/aerospike/repository/config/AerospikeRepositoriesRegistrar$AerospikeRepositoryConfigurationExtension.class], file [/home/aluno/spring-projects/maven/spring-data-aerospike/target/classes/org/springframework/data/aerospike/repository/query/AerospikeParameterAccessor.class], file [/home/aluno/spring-projects/maven/spring-data-aerospike/target/classes/org/springframework/data/aerospike/repository/query/Query.class], file [/home/aluno/spring-projects/maven/spring-data-aerospike/target/classes/org/springframework/data/aerospike/repository/query/ConvertingParameterAccessor.class], file [/home/aluno/spring-projects/maven/spring-data-aerospike/target/classes/org/springframework/data/aerospike/repository/query/AerospikeQueryCreator$1.class], file [/home/aluno/spring-projects/maven/spring-data-aerospike/target/classes/org/springframework/data/aerospike/repository/query/CriteriaDefinition.class], file [/home/aluno/spring-projects/maven/spring-data-aerospike/target/classes/org/springframework/data/aerospike/repository/query/TextCriteria.class], file [/home/aluno/spring-projects/maven/spring-data-aerospike/target/classes/org/springframework/data/aerospike/repository/query/Criteria.class], file [/home/aluno/spring-projects/maven/spring-data-aerospike/target/classes/org/springframework/data/aerospike/repository/query/AerospikePartTreeQuery.class], file [/home/aluno/spring-projects/maven/spring-data-aerospike/target/classes/org/springframework/data/aerospike/repository/query/AerospikeQueryCreator.class]]
16:38:17.912 [main] DEBUG o.s.d.r.c.RepositoryComponentProvider - Identified candidate component class: file [/home/aluno/spring-projects/maven/spring-data-aerospike/target/test-classes/org/springframework/data/aerospike/repository/PersonRepository.class]
16:38:17.913 [main] DEBUG o.s.d.r.c.RepositoryComponentProvider - Identified candidate component class: file [/home/aluno/spring-projects/maven/spring-data-aerospike/target/test-classes/org/springframework/data/aerospike/repository/ContactRepository.class]
16:38:17.918 [main] DEBUG o.s.core.env.StandardEnvironment - Adding [systemProperties] PropertySource with lowest search precedence
16:38:17.918 [main] DEBUG o.s.core.env.StandardEnvironment - Adding [systemEnvironment] PropertySource with lowest search precedence
16:38:17.919 [main] DEBUG o.s.core.env.StandardEnvironment - Initialized StandardEnvironment with PropertySources [systemProperties,systemEnvironment]
16:38:17.919 [main] DEBUG o.s.c.i.s.PathMatchingResourcePatternResolver - Looking for matching resources in directory tree [/home/aluno/spring-projects/maven/spring-data-aerospike/target/test-classes/org/springframework/data/aerospike/repository]
16:38:17.919 [main] DEBUG o.s.c.i.s.PathMatchingResourcePatternResolver - Searching directory [/home/aluno/spring-projects/maven/spring-data-aerospike/target/test-classes/org/springframework/data/aerospike/repository] for files matching pattern [/home/aluno/spring-projects/maven/spring-data-aerospike/target/test-classes/org/springframework/data/aerospike/repository/**/*ContactRepositoryImpl.class]
16:38:17.919 [main] DEBUG o.s.c.i.s.PathMatchingResourcePatternResolver - Searching directory [/home/aluno/spring-projects/maven/spring-data-aerospike/target/test-classes/org/springframework/data/aerospike/repository/support] for files matching pattern [/home/aluno/spring-projects/maven/spring-data-aerospike/target/test-classes/org/springframework/data/aerospike/repository/**/*ContactRepositoryImpl.class]
16:38:17.919 [main] DEBUG o.s.c.i.s.PathMatchingResourcePatternResolver - Searching directory [/home/aluno/spring-projects/maven/spring-data-aerospike/target/test-classes/org/springframework/data/aerospike/repository/query] for files matching pattern [/home/aluno/spring-projects/maven/spring-data-aerospike/target/test-classes/org/springframework/data/aerospike/repository/**/*ContactRepositoryImpl.class]
16:38:17.919 [main] DEBUG o.s.c.i.s.PathMatchingResourcePatternResolver - Looking for matching resources in directory tree [/home/aluno/spring-projects/maven/spring-data-aerospike/target/classes/org/springframework/data/aerospike/repository]
16:38:17.919 [main] DEBUG o.s.c.i.s.PathMatchingResourcePatternResolver - Searching directory [/home/aluno/spring-projects/maven/spring-data-aerospike/target/classes/org/springframework/data/aerospike/repository] for files matching pattern [/home/aluno/spring-projects/maven/spring-data-aerospike/target/classes/org/springframework/data/aerospike/repository/**/*ContactRepositoryImpl.class]
16:38:17.919 [main] DEBUG o.s.c.i.s.PathMatchingResourcePatternResolver - Searching directory [/home/aluno/spring-projects/maven/spring-data-aerospike/target/classes/org/springframework/data/aerospike/repository/support] for files matching pattern [/home/aluno/spring-projects/maven/spring-data-aerospike/target/classes/org/springframework/data/aerospike/repository/**/*ContactRepositoryImpl.class]
16:38:17.919 [main] DEBUG o.s.c.i.s.PathMatchingResourcePatternResolver - Searching directory [/home/aluno/spring-projects/maven/spring-data-aerospike/target/classes/org/springframework/data/aerospike/repository/config] for files matching pattern [/home/aluno/spring-projects/maven/spring-data-aerospike/target/classes/org/springframework/data/aerospike/repository/**/*ContactRepositoryImpl.class]
16:38:17.919 [main] DEBUG o.s.c.i.s.PathMatchingResourcePatternResolver - Searching directory [/home/aluno/spring-projects/maven/spring-data-aerospike/target/classes/org/springframework/data/aerospike/repository/query] for files matching pattern [/home/aluno/spring-projects/maven/spring-data-aerospike/target/classes/org/springframework/data/aerospike/repository/**/*ContactRepositoryImpl.class]
16:38:17.920 [main] DEBUG o.s.c.i.s.PathMatchingResourcePatternResolver - Resolved location pattern [classpath*:org/springframework/data/aerospike/repository/**/*ContactRepositoryImpl.class] to resources []
16:38:17.920 [main] DEBUG o.s.d.r.c.RepositoryConfigurationDelegate - Spring Data Aerospike - Registering repository: contactRepository - Interface: org.springframework.data.aerospike.repository.ContactRepository - Factory: org.springframework.data.keyvalue.repository.support.KeyValueRepositoryFactoryBean
16:38:17.920 [main] DEBUG o.s.core.env.StandardEnvironment - Adding [systemProperties] PropertySource with lowest search precedence
16:38:17.920 [main] DEBUG o.s.core.env.StandardEnvironment - Adding [systemEnvironment] PropertySource with lowest search precedence
16:38:17.920 [main] DEBUG o.s.core.env.StandardEnvironment - Initialized StandardEnvironment with PropertySources [systemProperties,systemEnvironment]
16:38:17.920 [main] DEBUG o.s.c.i.s.PathMatchingResourcePatternResolver - Looking for matching resources in directory tree [/home/aluno/spring-projects/maven/spring-data-aerospike/target/test-classes/org/springframework/data/aerospike/repository]
16:38:17.920 [main] DEBUG o.s.c.i.s.PathMatchingResourcePatternResolver - Searching directory [/home/aluno/spring-projects/maven/spring-data-aerospike/target/test-classes/org/springframework/data/aerospike/repository] for files matching pattern [/home/aluno/spring-projects/maven/spring-data-aerospike/target/test-classes/org/springframework/data/aerospike/repository/**/*PersonRepositoryImpl.class]
16:38:17.920 [main] DEBUG o.s.c.i.s.PathMatchingResourcePatternResolver - Searching directory [/home/aluno/spring-projects/maven/spring-data-aerospike/target/test-classes/org/springframework/data/aerospike/repository/support] for files matching pattern [/home/aluno/spring-projects/maven/spring-data-aerospike/target/test-classes/org/springframework/data/aerospike/repository/**/*PersonRepositoryImpl.class]
16:38:17.920 [main] DEBUG o.s.c.i.s.PathMatchingResourcePatternResolver - Searching directory [/home/aluno/spring-projects/maven/spring-data-aerospike/target/test-classes/org/springframework/data/aerospike/repository/query] for files matching pattern [/home/aluno/spring-projects/maven/spring-data-aerospike/target/test-classes/org/springframework/data/aerospike/repository/**/*PersonRepositoryImpl.class]
16:38:17.920 [main] DEBUG o.s.c.i.s.PathMatchingResourcePatternResolver - Looking for matching resources in directory tree [/home/aluno/spring-projects/maven/spring-data-aerospike/target/classes/org/springframework/data/aerospike/repository]
16:38:17.920 [main] DEBUG o.s.c.i.s.PathMatchingResourcePatternResolver - Searching directory [/home/aluno/spring-projects/maven/spring-data-aerospike/target/classes/org/springframework/data/aerospike/repository] for files matching pattern [/home/aluno/spring-projects/maven/spring-data-aerospike/target/classes/org/springframework/data/aerospike/repository/**/*PersonRepositoryImpl.class]
16:38:17.920 [main] DEBUG o.s.c.i.s.PathMatchingResourcePatternResolver - Searching directory [/home/aluno/spring-projects/maven/spring-data-aerospike/target/classes/org/springframework/data/aerospike/repository/support] for files matching pattern [/home/aluno/spring-projects/maven/spring-data-aerospike/target/classes/org/springframework/data/aerospike/repository/**/*PersonRepositoryImpl.class]
16:38:17.921 [main] DEBUG o.s.c.i.s.PathMatchingResourcePatternResolver - Searching directory [/home/aluno/spring-projects/maven/spring-data-aerospike/target/classes/org/springframework/data/aerospike/repository/config] for files matching pattern [/home/aluno/spring-projects/maven/spring-data-aerospike/target/classes/org/springframework/data/aerospike/repository/**/*PersonRepositoryImpl.class]
16:38:17.921 [main] DEBUG o.s.c.i.s.PathMatchingResourcePatternResolver - Searching directory [/home/aluno/spring-projects/maven/spring-data-aerospike/target/classes/org/springframework/data/aerospike/repository/query] for files matching pattern [/home/aluno/spring-projects/maven/spring-data-aerospike/target/classes/org/springframework/data/aerospike/repository/**/*PersonRepositoryImpl.class]
16:38:17.921 [main] DEBUG o.s.c.i.s.PathMatchingResourcePatternResolver - Resolved location pattern [classpath*:org/springframework/data/aerospike/repository/**/*PersonRepositoryImpl.class] to resources []
16:38:17.921 [main] DEBUG o.s.d.r.c.RepositoryConfigurationDelegate - Spring Data Aerospike - Registering repository: personRepository - Interface: org.springframework.data.aerospike.repository.PersonRepository - Factory: org.springframework.data.keyvalue.repository.support.KeyValueRepositoryFactoryBean
16:38:17.921 [main] DEBUG o.s.c.a.ConfigurationClassEnhancer - Successfully enhanced org.springframework.data.aerospike.repository.TestConfigPerson; enhanced class name is: org.springframework.data.aerospike.repository.TestConfigPerson$$EnhancerBySpringCGLIB$$3f27a8da
16:38:17.921 [main] DEBUG o.s.c.a.ConfigurationClassPostProcessor - Replacing bean definition 'testConfigPerson' existing class name 'org.springframework.data.aerospike.repository.TestConfigPerson' with enhanced class name 'org.springframework.data.aerospike.repository.TestConfigPerson$$EnhancerBySpringCGLIB$$3f27a8da'
16:38:17.921 [main] DEBUG o.s.b.f.s.DefaultListableBeanFactory - Creating shared instance of singleton bean 'org.springframework.context.annotation.internalAutowiredAnnotationProcessor'
16:38:17.921 [main] DEBUG o.s.b.f.s.DefaultListableBeanFactory - Creating instance of bean 'org.springframework.context.annotation.internalAutowiredAnnotationProcessor'
16:38:17.922 [main] DEBUG o.s.b.f.s.DefaultListableBeanFactory - Eagerly caching bean 'org.springframework.context.annotation.internalAutowiredAnnotationProcessor' to allow for resolving potential circular references
16:38:17.922 [main] DEBUG o.s.b.f.s.DefaultListableBeanFactory - Finished creating instance of bean 'org.springframework.context.annotation.internalAutowiredAnnotationProcessor'
16:38:17.922 [main] DEBUG o.s.b.f.s.DefaultListableBeanFactory - Creating shared instance of singleton bean 'org.springframework.context.annotation.internalRequiredAnnotationProcessor'
16:38:17.922 [main] DEBUG o.s.b.f.s.DefaultListableBeanFactory - Creating instance of bean 'org.springframework.context.annotation.internalRequiredAnnotationProcessor'
16:38:17.922 [main] DEBUG o.s.b.f.s.DefaultListableBeanFactory - Eagerly caching bean 'org.springframework.context.annotation.internalRequiredAnnotationProcessor' to allow for resolving potential circular references
16:38:17.922 [main] DEBUG o.s.b.f.s.DefaultListableBeanFactory - Finished creating instance of bean 'org.springframework.context.annotation.internalRequiredAnnotationProcessor'
16:38:17.922 [main] DEBUG o.s.b.f.s.DefaultListableBeanFactory - Creating shared instance of singleton bean 'org.springframework.context.annotation.internalCommonAnnotationProcessor'
16:38:17.922 [main] DEBUG o.s.b.f.s.DefaultListableBeanFactory - Creating instance of bean 'org.springframework.context.annotation.internalCommonAnnotationProcessor'
16:38:17.922 [main] DEBUG o.s.b.f.s.DefaultListableBeanFactory - Eagerly caching bean 'org.springframework.context.annotation.internalCommonAnnotationProcessor' to allow for resolving potential circular references
16:38:17.922 [main] DEBUG o.s.b.f.s.DefaultListableBeanFactory - Finished creating instance of bean 'org.springframework.context.annotation.internalCommonAnnotationProcessor'
16:38:17.922 [main] DEBUG o.s.b.f.s.DefaultListableBeanFactory - Creating shared instance of singleton bean 'org.springframework.context.annotation.ConfigurationClassPostProcessor.importAwareProcessor'
16:38:17.922 [main] DEBUG o.s.b.f.s.DefaultListableBeanFactory - Creating instance of bean 'org.springframework.context.annotation.ConfigurationClassPostProcessor.importAwareProcessor'
16:38:17.922 [main] DEBUG o.s.b.f.s.DefaultListableBeanFactory - Eagerly caching bean 'org.springframework.context.annotation.ConfigurationClassPostProcessor.importAwareProcessor' to allow for resolving potential circular references
16:38:17.922 [main] DEBUG o.s.b.f.s.DefaultListableBeanFactory - Finished creating instance of bean 'org.springframework.context.annotation.ConfigurationClassPostProcessor.importAwareProcessor'
16:38:17.922 [main] DEBUG o.s.b.f.s.DefaultListableBeanFactory - Creating shared instance of singleton bean 'org.springframework.context.annotation.ConfigurationClassPostProcessor.enhancedConfigurationProcessor'
16:38:17.922 [main] DEBUG o.s.b.f.s.DefaultListableBeanFactory - Creating instance of bean 'org.springframework.context.annotation.ConfigurationClassPostProcessor.enhancedConfigurationProcessor'
16:38:17.922 [main] DEBUG o.s.b.f.s.DefaultListableBeanFactory - Eagerly caching bean 'org.springframework.context.annotation.ConfigurationClassPostProcessor.enhancedConfigurationProcessor' to allow for resolving potential circular references
16:38:17.922 [main] DEBUG o.s.b.f.s.DefaultListableBeanFactory - Finished creating instance of bean 'org.springframework.context.annotation.ConfigurationClassPostProcessor.enhancedConfigurationProcessor'
16:38:17.922 [main] DEBUG o.s.b.f.s.DefaultListableBeanFactory - Creating shared instance of singleton bean 'org.springframework.data.repository.core.support.RepositoryInterfaceAwareBeanPostProcessor'
16:38:17.922 [main] DEBUG o.s.b.f.s.DefaultListableBeanFactory - Creating instance of bean 'org.springframework.data.repository.core.support.RepositoryInterfaceAwareBeanPostProcessor'
16:38:17.922 [main] DEBUG o.s.b.f.s.DefaultListableBeanFactory - Eagerly caching bean 'org.springframework.data.repository.core.support.RepositoryInterfaceAwareBeanPostProcessor' to allow for resolving potential circular references
16:38:17.922 [main] DEBUG o.s.b.f.s.DefaultListableBeanFactory - Finished creating instance of bean 'org.springframework.data.repository.core.support.RepositoryInterfaceAwareBeanPostProcessor'
16:38:17.922 [main] DEBUG o.s.c.s.GenericApplicationContext - Unable to locate MessageSource with name 'messageSource': using default [org.springframework.context.support.DelegatingMessageSource@2f9a10df]
16:38:17.922 [main] DEBUG o.s.c.s.GenericApplicationContext - Unable to locate ApplicationEventMulticaster with name 'applicationEventMulticaster': using default [org.springframework.context.event.SimpleApplicationEventMulticaster@773c2214]
16:38:17.923 [main] DEBUG o.s.b.f.s.DefaultListableBeanFactory - Pre-instantiating singletons in org.springframework.beans.factory.support.DefaultListableBeanFactory@7fb8bad0: defining beans [org.springframework.context.annotation.internalConfigurationAnnotationProcessor,org.springframework.context.annotation.internalAutowiredAnnotationProcessor,org.springframework.context.annotation.internalRequiredAnnotationProcessor,org.springframework.context.annotation.internalCommonAnnotationProcessor,testConfigPerson,org.springframework.context.annotation.ConfigurationClassPostProcessor.importAwareProcessor,org.springframework.context.annotation.ConfigurationClassPostProcessor.enhancedConfigurationProcessor,aerospikeTemplate,aerospikeClient,org.springframework.data.aerospike.repository.config.AerospikeRepositoriesRegistrar$AerospikeRepositoryConfigurationExtension#0,org.springframework.data.repository.core.support.RepositoryInterfaceAwareBeanPostProcessor,keyValueMappingContext,contactRepository,personRepository]; root of factory hierarchy
16:38:17.923 [main] DEBUG o.s.b.f.s.DefaultListableBeanFactory - Returning cached instance of singleton bean 'org.springframework.context.annotation.internalConfigurationAnnotationProcessor'
16:38:17.923 [main] DEBUG o.s.b.f.s.DefaultListableBeanFactory - Returning cached instance of singleton bean 'org.springframework.context.annotation.internalAutowiredAnnotationProcessor'
16:38:17.923 [main] DEBUG o.s.b.f.s.DefaultListableBeanFactory - Returning cached instance of singleton bean 'org.springframework.context.annotation.internalRequiredAnnotationProcessor'
16:38:17.923 [main] DEBUG o.s.b.f.s.DefaultListableBeanFactory - Returning cached instance of singleton bean 'org.springframework.context.annotation.internalCommonAnnotationProcessor'
16:38:17.923 [main] DEBUG o.s.b.f.s.DefaultListableBeanFactory - Creating shared instance of singleton bean 'testConfigPerson'
16:38:17.923 [main] DEBUG o.s.b.f.s.DefaultListableBeanFactory - Creating instance of bean 'testConfigPerson'
16:38:17.923 [main] DEBUG o.s.b.f.s.DefaultListableBeanFactory - Eagerly caching bean 'testConfigPerson' to allow for resolving potential circular references
16:38:17.923 [main] DEBUG o.s.b.f.s.DefaultListableBeanFactory - Finished creating instance of bean 'testConfigPerson'
16:38:17.923 [main] DEBUG o.s.b.f.s.DefaultListableBeanFactory - Returning cached instance of singleton bean 'org.springframework.context.annotation.ConfigurationClassPostProcessor.importAwareProcessor'
16:38:17.923 [main] DEBUG o.s.b.f.s.DefaultListableBeanFactory - Returning cached instance of singleton bean 'org.springframework.context.annotation.ConfigurationClassPostProcessor.enhancedConfigurationProcessor'
16:38:17.923 [main] DEBUG o.s.b.f.s.DefaultListableBeanFactory - Creating shared instance of singleton bean 'aerospikeTemplate'
16:38:17.923 [main] DEBUG o.s.b.f.s.DefaultListableBeanFactory - Creating instance of bean 'aerospikeTemplate'
16:38:17.923 [main] DEBUG o.s.b.f.s.DefaultListableBeanFactory - Returning cached instance of singleton bean 'testConfigPerson'
16:38:17.923 [main] DEBUG o.s.b.f.s.DefaultListableBeanFactory - Creating shared instance of singleton bean 'aerospikeClient'
16:38:17.923 [main] DEBUG o.s.b.f.s.DefaultListableBeanFactory - Creating instance of bean 'aerospikeClient'
16:38:17.923 [main] DEBUG o.s.b.f.s.DefaultListableBeanFactory - Returning cached instance of singleton bean 'testConfigPerson'
16:38:18.255 [main] INFO  o.s.d.a.r.q.AerospikeQueryCreator - AS:Add node BB98511CE0DC702 52.41.32.83:3000
16:38:18.421 [main] DEBUG o.s.d.a.r.q.AerospikeQueryCreator - AS:Node BB98511CE0DC702 52.41.32.83:3000 partition generation 1 changed.
16:38:18.747 [main] DEBUG o.s.d.a.r.q.AerospikeQueryCreator - AS:Add seed 52.41.32.83:3000
16:38:18.747 [main] DEBUG o.s.b.f.s.DefaultListableBeanFactory - Eagerly caching bean 'aerospikeClient' to allow for resolving potential circular references
16:38:18.748 [main] DEBUG o.s.b.f.s.DefaultListableBeanFactory - Finished creating instance of bean 'aerospikeClient'
16:38:21.754 [main] WARN  o.s.c.s.GenericApplicationContext - Exception encountered during context initialization - cancelling refresh attempt
org.springframework.beans.factory.BeanCreationException: Error creating bean with name 'aerospikeTemplate' defined in org.springframework.data.aerospike.repository.TestConfigPerson: Bean instantiation via factory method failed; nested exception is org.springframework.beans.BeanInstantiationException: Failed to instantiate [org.springframework.data.aerospike.core.AerospikeTemplate]: Factory method 'aerospikeTemplate' threw exception; nested exception is com.aerospike.helper.query.ClusterRefreshError: Cannot find UDF modules
	at org.springframework.beans.factory.support.ConstructorResolver.instantiateUsingFactoryMethod(ConstructorResolver.java:599) ~[spring-beans-4.1.7.RELEASE.jar:4.1.7.RELEASE]
	at org.springframework.beans.factory.support.AbstractAutowireCapableBeanFactory.instantiateUsingFactoryMethod(AbstractAutowireCapableBeanFactory.java:1119) ~[spring-beans-4.1.7.RELEASE.jar:4.1.7.RELEASE]
	at org.springframework.beans.factory.support.AbstractAutowireCapableBeanFactory.createBeanInstance(AbstractAutowireCapableBeanFactory.java:1014) ~[spring-beans-4.1.7.RELEASE.jar:4.1.7.RELEASE]
	at org.springframework.beans.factory.support.AbstractAutowireCapableBeanFactory.doCreateBean(AbstractAutowireCapableBeanFactory.java:504) ~[spring-beans-4.1.7.RELEASE.jar:4.1.7.RELEASE]
	at org.springframework.beans.factory.support.AbstractAutowireCapableBeanFactory.createBean(AbstractAutowireCapableBeanFactory.java:476) ~[spring-beans-4.1.7.RELEASE.jar:4.1.7.RELEASE]
	at org.springframework.beans.factory.support.AbstractBeanFactory$1.getObject(AbstractBeanFactory.java:303) ~[spring-beans-4.1.7.RELEASE.jar:4.1.7.RELEASE]
	at org.springframework.beans.factory.support.DefaultSingletonBeanRegistry.getSingleton(DefaultSingletonBeanRegistry.java:230) ~[spring-beans-4.1.7.RELEASE.jar:4.1.7.RELEASE]
	at org.springframework.beans.factory.support.AbstractBeanFactory.doGetBean(AbstractBeanFactory.java:299) ~[spring-beans-4.1.7.RELEASE.jar:4.1.7.RELEASE]
	at org.springframework.beans.factory.support.AbstractBeanFactory.getBean(AbstractBeanFactory.java:194) ~[spring-beans-4.1.7.RELEASE.jar:4.1.7.RELEASE]
	at org.springframework.beans.factory.support.DefaultListableBeanFactory.preInstantiateSingletons(DefaultListableBeanFactory.java:755) ~[spring-beans-4.1.7.RELEASE.jar:4.1.7.RELEASE]
	at org.springframework.context.support.AbstractApplicationContext.finishBeanFactoryInitialization(AbstractApplicationContext.java:757) ~[spring-context-4.1.7.RELEASE.jar:4.1.7.RELEASE]
	at org.springframework.context.support.AbstractApplicationContext.refresh(AbstractApplicationContext.java:480) ~[spring-context-4.1.7.RELEASE.jar:4.1.7.RELEASE]
	at org.springframework.test.context.support.AbstractGenericContextLoader.loadContext(AbstractGenericContextLoader.java:125) [spring-test-4.1.7.RELEASE.jar:4.1.7.RELEASE]
	at org.springframework.test.context.support.AbstractGenericContextLoader.loadContext(AbstractGenericContextLoader.java:60) [spring-test-4.1.7.RELEASE.jar:4.1.7.RELEASE]
	at org.springframework.test.context.support.AbstractDelegatingSmartContextLoader.delegateLoading(AbstractDelegatingSmartContextLoader.java:109) [spring-test-4.1.7.RELEASE.jar:4.1.7.RELEASE]
	at org.springframework.test.context.support.AbstractDelegatingSmartContextLoader.loadContext(AbstractDelegatingSmartContextLoader.java:261) [spring-test-4.1.7.RELEASE.jar:4.1.7.RELEASE]
	at org.springframework.test.context.DefaultCacheAwareContextLoaderDelegate.loadContextInternal(DefaultCacheAwareContextLoaderDelegate.java:68) [spring-test-4.1.7.RELEASE.jar:4.1.7.RELEASE]
	at org.springframework.test.context.DefaultCacheAwareContextLoaderDelegate.loadContext(DefaultCacheAwareContextLoaderDelegate.java:86) [spring-test-4.1.7.RELEASE.jar:4.1.7.RELEASE]
	at org.springframework.test.context.DefaultTestContext.getApplicationContext(DefaultTestContext.java:72) [spring-test-4.1.7.RELEASE.jar:4.1.7.RELEASE]
	at org.springframework.test.context.support.DependencyInjectionTestExecutionListener.injectDependencies(DependencyInjectionTestExecutionListener.java:117) [spring-test-4.1.7.RELEASE.jar:4.1.7.RELEASE]
	at org.springframework.test.context.support.DependencyInjectionTestExecutionListener.prepareTestInstance(DependencyInjectionTestExecutionListener.java:83) [spring-test-4.1.7.RELEASE.jar:4.1.7.RELEASE]
	at org.springframework.test.context.TestContextManager.prepareTestInstance(TestContextManager.java:212) [spring-test-4.1.7.RELEASE.jar:4.1.7.RELEASE]
	at org.springframework.test.context.junit4.SpringJUnit4ClassRunner.createTest(SpringJUnit4ClassRunner.java:200) [spring-test-4.1.7.RELEASE.jar:4.1.7.RELEASE]
	at org.springframework.test.context.junit4.SpringJUnit4ClassRunner$1.runReflectiveCall(SpringJUnit4ClassRunner.java:259) [spring-test-4.1.7.RELEASE.jar:4.1.7.RELEASE]
	at org.junit.internal.runners.model.ReflectiveCallable.run(ReflectiveCallable.java:12) [junit-4.12.jar:4.12]
	at org.springframework.test.context.junit4.SpringJUnit4ClassRunner.methodBlock(SpringJUnit4ClassRunner.java:261) [spring-test-4.1.7.RELEASE.jar:4.1.7.RELEASE]
	at org.springframework.test.context.junit4.SpringJUnit4ClassRunner.runChild(SpringJUnit4ClassRunner.java:219) [spring-test-4.1.7.RELEASE.jar:4.1.7.RELEASE]
	at org.springframework.test.context.junit4.SpringJUnit4ClassRunner.runChild(SpringJUnit4ClassRunner.java:83) [spring-test-4.1.7.RELEASE.jar:4.1.7.RELEASE]
	at org.junit.runners.ParentRunner$3.run(ParentRunner.java:290) [junit-4.12.jar:4.12]
	at org.junit.runners.ParentRunner$1.schedule(ParentRunner.java:71) [junit-4.12.jar:4.12]
	at org.junit.runners.ParentRunner.runChildren(ParentRunner.java:288) [junit-4.12.jar:4.12]
	at org.junit.runners.ParentRunner.access$000(ParentRunner.java:58) [junit-4.12.jar:4.12]
	at org.junit.runners.ParentRunner$2.evaluate(ParentRunner.java:268) [junit-4.12.jar:4.12]
	at org.springframework.test.context.junit4.statements.RunBeforeTestClassCallbacks.evaluate(RunBeforeTestClassCallbacks.java:61) [spring-test-4.1.7.RELEASE.jar:4.1.7.RELEASE]
	at org.springframework.test.context.junit4.statements.RunAfterTestClassCallbacks.evaluate(RunAfterTestClassCallbacks.java:68) [spring-test-4.1.7.RELEASE.jar:4.1.7.RELEASE]
	at org.junit.runners.ParentRunner.run(ParentRunner.java:363) [junit-4.12.jar:4.12]
	at org.springframework.test.context.junit4.SpringJUnit4ClassRunner.run(SpringJUnit4ClassRunner.java:163) [spring-test-4.1.7.RELEASE.jar:4.1.7.RELEASE]
	at org.apache.maven.surefire.junit4.JUnit4Provider.execute(JUnit4Provider.java:283) [surefire-junit4-2.18.1.jar:2.18.1]
	at org.apache.maven.surefire.junit4.JUnit4Provider.executeWithRerun(JUnit4Provider.java:173) [surefire-junit4-2.18.1.jar:2.18.1]
	at org.apache.maven.surefire.junit4.JUnit4Provider.executeTestSet(JUnit4Provider.java:153) [surefire-junit4-2.18.1.jar:2.18.1]
	at org.apache.maven.surefire.junit4.JUnit4Provider.invoke(JUnit4Provider.java:128) [surefire-junit4-2.18.1.jar:2.18.1]
	at org.apache.maven.surefire.booter.ForkedBooter.invokeProviderInSameClassLoader(ForkedBooter.java:203) [surefire-booter-2.18.1.jar:2.18.1]
	at org.apache.maven.surefire.booter.ForkedBooter.runSuitesInProcess(ForkedBooter.java:155) [surefire-booter-2.18.1.jar:2.18.1]
	at org.apache.maven.surefire.booter.ForkedBooter.main(ForkedBooter.java:103) [surefire-booter-2.18.1.jar:2.18.1]
Caused by: org.springframework.beans.BeanInstantiationException: Failed to instantiate [org.springframework.data.aerospike.core.AerospikeTemplate]: Factory method 'aerospikeTemplate' threw exception; nested exception is com.aerospike.helper.query.ClusterRefreshError: Cannot find UDF modules
	at org.springframework.beans.factory.support.SimpleInstantiationStrategy.instantiate(SimpleInstantiationStrategy.java:189) ~[spring-beans-4.1.7.RELEASE.jar:4.1.7.RELEASE]
	at org.springframework.beans.factory.support.ConstructorResolver.instantiateUsingFactoryMethod(ConstructorResolver.java:588) ~[spring-beans-4.1.7.RELEASE.jar:4.1.7.RELEASE]
	... 43 common frames omitted
Caused by: com.aerospike.helper.query.ClusterRefreshError: Cannot find UDF modules
	at com.aerospike.helper.query.QueryEngine.refreshModules(QueryEngine.java:678) ~[classes/:na]
	at com.aerospike.helper.query.QueryEngine.refreshCluster(QueryEngine.java:536) ~[classes/:na]
	at com.aerospike.helper.query.QueryEngine.setClient(QueryEngine.java:129) ~[classes/:na]
	at com.aerospike.helper.query.QueryEngine.<init>(QueryEngine.java:110) ~[classes/:na]
	at org.springframework.data.aerospike.core.AerospikeTemplate.<init>(AerospikeTemplate.java:132) ~[classes/:na]
	at org.springframework.data.aerospike.repository.TestConfigPerson.aerospikeTemplate(TestConfigPerson.java:38) ~[test-classes/:na]
	at org.springframework.data.aerospike.repository.TestConfigPerson$$EnhancerBySpringCGLIB$$3f27a8da.CGLIB$aerospikeTemplate$0(<generated>) ~[spring-core-4.1.7.RELEASE.jar:na]
	at org.springframework.data.aerospike.repository.TestConfigPerson$$EnhancerBySpringCGLIB$$3f27a8da$$FastClassBySpringCGLIB$$38965c5e.invoke(<generated>) ~[spring-core-4.1.7.RELEASE.jar:na]
	at org.springframework.cglib.proxy.MethodProxy.invokeSuper(MethodProxy.java:228) ~[spring-core-4.1.7.RELEASE.jar:4.1.7.RELEASE]
	at org.springframework.context.annotation.ConfigurationClassEnhancer$BeanMethodInterceptor.intercept(ConfigurationClassEnhancer.java:309) ~[spring-context-4.1.7.RELEASE.jar:4.1.7.RELEASE]
	at org.springframework.data.aerospike.repository.TestConfigPerson$$EnhancerBySpringCGLIB$$3f27a8da.aerospikeTemplate(<generated>) ~[spring-core-4.1.7.RELEASE.jar:na]
	at sun.reflect.GeneratedMethodAccessor45.invoke(Unknown Source) ~[na:na]
	at sun.reflect.DelegatingMethodAccessorImpl.invoke(DelegatingMethodAccessorImpl.java:43) ~[na:1.8.0_91]
	at java.lang.reflect.Method.invoke(Method.java:498) ~[na:1.8.0_91]
	at org.springframework.beans.factory.support.SimpleInstantiationStrategy.instantiate(SimpleInstantiationStrategy.java:162) ~[spring-beans-4.1.7.RELEASE.jar:4.1.7.RELEASE]
	... 44 common frames omitted
16:38:21.754 [main] DEBUG o.s.b.f.s.DefaultListableBeanFactory - Destroying singletons in org.springframework.beans.factory.support.DefaultListableBeanFactory@7fb8bad0: defining beans [org.springframework.context.annotation.internalConfigurationAnnotationProcessor,org.springframework.context.annotation.internalAutowiredAnnotationProcessor,org.springframework.context.annotation.internalRequiredAnnotationProcessor,org.springframework.context.annotation.internalCommonAnnotationProcessor,testConfigPerson,org.springframework.context.annotation.ConfigurationClassPostProcessor.importAwareProcessor,org.springframework.context.annotation.ConfigurationClassPostProcessor.enhancedConfigurationProcessor,aerospikeTemplate,aerospikeClient,org.springframework.data.aerospike.repository.config.AerospikeRepositoriesRegistrar$AerospikeRepositoryConfigurationExtension#0,org.springframework.data.repository.core.support.RepositoryInterfaceAwareBeanPostProcessor,keyValueMappingContext,contactRepository,personRepository]; root of factory hierarchy
16:38:21.754 [main] DEBUG o.s.b.f.s.DisposableBeanAdapter - Invoking destroy method 'close' on bean with name 'aerospikeClient'
16:38:21.755 [main] ERROR o.s.test.context.TestContextManager - Caught exception while allowing TestExecutionListener [org.springframework.test.context.support.DependencyInjectionTestExecutionListener@334ebcaa] to prepare test instance [org.springframework.data.aerospike.repository.PersonRepositoryIntegrationTests@8fd91d1]
java.lang.IllegalStateException: Failed to load ApplicationContext
	at org.springframework.test.context.DefaultCacheAwareContextLoaderDelegate.loadContext(DefaultCacheAwareContextLoaderDelegate.java:94) ~[spring-test-4.1.7.RELEASE.jar:4.1.7.RELEASE]
	at org.springframework.test.context.DefaultTestContext.getApplicationContext(DefaultTestContext.java:72) ~[spring-test-4.1.7.RELEASE.jar:4.1.7.RELEASE]
	at org.springframework.test.context.support.DependencyInjectionTestExecutionListener.injectDependencies(DependencyInjectionTestExecutionListener.java:117) ~[spring-test-4.1.7.RELEASE.jar:4.1.7.RELEASE]
	at org.springframework.test.context.support.DependencyInjectionTestExecutionListener.prepareTestInstance(DependencyInjectionTestExecutionListener.java:83) ~[spring-test-4.1.7.RELEASE.jar:4.1.7.RELEASE]
	at org.springframework.test.context.TestContextManager.prepareTestInstance(TestContextManager.java:212) ~[spring-test-4.1.7.RELEASE.jar:4.1.7.RELEASE]
	at org.springframework.test.context.junit4.SpringJUnit4ClassRunner.createTest(SpringJUnit4ClassRunner.java:200) [spring-test-4.1.7.RELEASE.jar:4.1.7.RELEASE]
	at org.springframework.test.context.junit4.SpringJUnit4ClassRunner$1.runReflectiveCall(SpringJUnit4ClassRunner.java:259) [spring-test-4.1.7.RELEASE.jar:4.1.7.RELEASE]
	at org.junit.internal.runners.model.ReflectiveCallable.run(ReflectiveCallable.java:12) [junit-4.12.jar:4.12]
	at org.springframework.test.context.junit4.SpringJUnit4ClassRunner.methodBlock(SpringJUnit4ClassRunner.java:261) [spring-test-4.1.7.RELEASE.jar:4.1.7.RELEASE]
	at org.springframework.test.context.junit4.SpringJUnit4ClassRunner.runChild(SpringJUnit4ClassRunner.java:219) [spring-test-4.1.7.RELEASE.jar:4.1.7.RELEASE]
	at org.springframework.test.context.junit4.SpringJUnit4ClassRunner.runChild(SpringJUnit4ClassRunner.java:83) [spring-test-4.1.7.RELEASE.jar:4.1.7.RELEASE]
	at org.junit.runners.ParentRunner$3.run(ParentRunner.java:290) [junit-4.12.jar:4.12]
	at org.junit.runners.ParentRunner$1.schedule(ParentRunner.java:71) [junit-4.12.jar:4.12]
	at org.junit.runners.ParentRunner.runChildren(ParentRunner.java:288) [junit-4.12.jar:4.12]
	at org.junit.runners.ParentRunner.access$000(ParentRunner.java:58) [junit-4.12.jar:4.12]
	at org.junit.runners.ParentRunner$2.evaluate(ParentRunner.java:268) [junit-4.12.jar:4.12]
	at org.springframework.test.context.junit4.statements.RunBeforeTestClassCallbacks.evaluate(RunBeforeTestClassCallbacks.java:61) [spring-test-4.1.7.RELEASE.jar:4.1.7.RELEASE]
	at org.springframework.test.context.junit4.statements.RunAfterTestClassCallbacks.evaluate(RunAfterTestClassCallbacks.java:68) [spring-test-4.1.7.RELEASE.jar:4.1.7.RELEASE]
	at org.junit.runners.ParentRunner.run(ParentRunner.java:363) [junit-4.12.jar:4.12]
	at org.springframework.test.context.junit4.SpringJUnit4ClassRunner.run(SpringJUnit4ClassRunner.java:163) [spring-test-4.1.7.RELEASE.jar:4.1.7.RELEASE]
	at org.apache.maven.surefire.junit4.JUnit4Provider.execute(JUnit4Provider.java:283) [surefire-junit4-2.18.1.jar:2.18.1]
	at org.apache.maven.surefire.junit4.JUnit4Provider.executeWithRerun(JUnit4Provider.java:173) [surefire-junit4-2.18.1.jar:2.18.1]
	at org.apache.maven.surefire.junit4.JUnit4Provider.executeTestSet(JUnit4Provider.java:153) [surefire-junit4-2.18.1.jar:2.18.1]
	at org.apache.maven.surefire.junit4.JUnit4Provider.invoke(JUnit4Provider.java:128) [surefire-junit4-2.18.1.jar:2.18.1]
	at org.apache.maven.surefire.booter.ForkedBooter.invokeProviderInSameClassLoader(ForkedBooter.java:203) [surefire-booter-2.18.1.jar:2.18.1]
	at org.apache.maven.surefire.booter.ForkedBooter.runSuitesInProcess(ForkedBooter.java:155) [surefire-booter-2.18.1.jar:2.18.1]
	at org.apache.maven.surefire.booter.ForkedBooter.main(ForkedBooter.java:103) [surefire-booter-2.18.1.jar:2.18.1]
Caused by: org.springframework.beans.factory.BeanCreationException: Error creating bean with name 'aerospikeTemplate' defined in org.springframework.data.aerospike.repository.TestConfigPerson: Bean instantiation via factory method failed; nested exception is org.springframework.beans.BeanInstantiationException: Failed to instantiate [org.springframework.data.aerospike.core.AerospikeTemplate]: Factory method 'aerospikeTemplate' threw exception; nested exception is com.aerospike.helper.query.ClusterRefreshError: Cannot find UDF modules
	at org.springframework.beans.factory.support.ConstructorResolver.instantiateUsingFactoryMethod(ConstructorResolver.java:599) ~[spring-beans-4.1.7.RELEASE.jar:4.1.7.RELEASE]
	at org.springframework.beans.factory.support.AbstractAutowireCapableBeanFactory.instantiateUsingFactoryMethod(AbstractAutowireCapableBeanFactory.java:1119) ~[spring-beans-4.1.7.RELEASE.jar:4.1.7.RELEASE]
	at org.springframework.beans.factory.support.AbstractAutowireCapableBeanFactory.createBeanInstance(AbstractAutowireCapableBeanFactory.java:1014) ~[spring-beans-4.1.7.RELEASE.jar:4.1.7.RELEASE]
	at org.springframework.beans.factory.support.AbstractAutowireCapableBeanFactory.doCreateBean(AbstractAutowireCapableBeanFactory.java:504) ~[spring-beans-4.1.7.RELEASE.jar:4.1.7.RELEASE]
	at org.springframework.beans.factory.support.AbstractAutowireCapableBeanFactory.createBean(AbstractAutowireCapableBeanFactory.java:476) ~[spring-beans-4.1.7.RELEASE.jar:4.1.7.RELEASE]
	at org.springframework.beans.factory.support.AbstractBeanFactory$1.getObject(AbstractBeanFactory.java:303) ~[spring-beans-4.1.7.RELEASE.jar:4.1.7.RELEASE]
	at org.springframework.beans.factory.support.DefaultSingletonBeanRegistry.getSingleton(DefaultSingletonBeanRegistry.java:230) ~[spring-beans-4.1.7.RELEASE.jar:4.1.7.RELEASE]
	at org.springframework.beans.factory.support.AbstractBeanFactory.doGetBean(AbstractBeanFactory.java:299) ~[spring-beans-4.1.7.RELEASE.jar:4.1.7.RELEASE]
	at org.springframework.beans.factory.support.AbstractBeanFactory.getBean(AbstractBeanFactory.java:194) ~[spring-beans-4.1.7.RELEASE.jar:4.1.7.RELEASE]
	at org.springframework.beans.factory.support.DefaultListableBeanFactory.preInstantiateSingletons(DefaultListableBeanFactory.java:755) ~[spring-beans-4.1.7.RELEASE.jar:4.1.7.RELEASE]
	at org.springframework.context.support.AbstractApplicationContext.finishBeanFactoryInitialization(AbstractApplicationContext.java:757) ~[spring-context-4.1.7.RELEASE.jar:4.1.7.RELEASE]
	at org.springframework.context.support.AbstractApplicationContext.refresh(AbstractApplicationContext.java:480) ~[spring-context-4.1.7.RELEASE.jar:4.1.7.RELEASE]
	at org.springframework.test.context.support.AbstractGenericContextLoader.loadContext(AbstractGenericContextLoader.java:125) ~[spring-test-4.1.7.RELEASE.jar:4.1.7.RELEASE]
	at org.springframework.test.context.support.AbstractGenericContextLoader.loadContext(AbstractGenericContextLoader.java:60) ~[spring-test-4.1.7.RELEASE.jar:4.1.7.RELEASE]
	at org.springframework.test.context.support.AbstractDelegatingSmartContextLoader.delegateLoading(AbstractDelegatingSmartContextLoader.java:109) ~[spring-test-4.1.7.RELEASE.jar:4.1.7.RELEASE]
	at org.springframework.test.context.support.AbstractDelegatingSmartContextLoader.loadContext(AbstractDelegatingSmartContextLoader.java:261) ~[spring-test-4.1.7.RELEASE.jar:4.1.7.RELEASE]
	at org.springframework.test.context.DefaultCacheAwareContextLoaderDelegate.loadContextInternal(DefaultCacheAwareContextLoaderDelegate.java:68) ~[spring-test-4.1.7.RELEASE.jar:4.1.7.RELEASE]
	at org.springframework.test.context.DefaultCacheAwareContextLoaderDelegate.loadContext(DefaultCacheAwareContextLoaderDelegate.java:86) ~[spring-test-4.1.7.RELEASE.jar:4.1.7.RELEASE]
	... 26 common frames omitted
Caused by: org.springframework.beans.BeanInstantiationException: Failed to instantiate [org.springframework.data.aerospike.core.AerospikeTemplate]: Factory method 'aerospikeTemplate' threw exception; nested exception is com.aerospike.helper.query.ClusterRefreshError: Cannot find UDF modules
	at org.springframework.beans.factory.support.SimpleInstantiationStrategy.instantiate(SimpleInstantiationStrategy.java:189) ~[spring-beans-4.1.7.RELEASE.jar:4.1.7.RELEASE]
	at org.springframework.beans.factory.support.ConstructorResolver.instantiateUsingFactoryMethod(ConstructorResolver.java:588) ~[spring-beans-4.1.7.RELEASE.jar:4.1.7.RELEASE]
	... 43 common frames omitted
Caused by: com.aerospike.helper.query.ClusterRefreshError: Cannot find UDF modules
	at com.aerospike.helper.query.QueryEngine.refreshModules(QueryEngine.java:678) ~[classes/:na]
	at com.aerospike.helper.query.QueryEngine.refreshCluster(QueryEngine.java:536) ~[classes/:na]
	at com.aerospike.helper.query.QueryEngine.setClient(QueryEngine.java:129) ~[classes/:na]
	at com.aerospike.helper.query.QueryEngine.<init>(QueryEngine.java:110) ~[classes/:na]
	at org.springframework.data.aerospike.core.AerospikeTemplate.<init>(AerospikeTemplate.java:132) ~[classes/:na]
	at org.springframework.data.aerospike.repository.TestConfigPerson.aerospikeTemplate(TestConfigPerson.java:38) ~[test-classes/:na]
	at org.springframework.data.aerospike.repository.TestConfigPerson$$EnhancerBySpringCGLIB$$3f27a8da.CGLIB$aerospikeTemplate$0(<generated>) ~[spring-core-4.1.7.RELEASE.jar:na]
	at org.springframework.data.aerospike.repository.TestConfigPerson$$EnhancerBySpringCGLIB$$3f27a8da$$FastClassBySpringCGLIB$$38965c5e.invoke(<generated>) ~[spring-core-4.1.7.RELEASE.jar:na]
	at org.springframework.cglib.proxy.MethodProxy.invokeSuper(MethodProxy.java:228) ~[spring-core-4.1.7.RELEASE.jar:4.1.7.RELEASE]
	at org.springframework.context.annotation.ConfigurationClassEnhancer$BeanMethodInterceptor.intercept(ConfigurationClassEnhancer.java:309) ~[spring-context-4.1.7.RELEASE.jar:4.1.7.RELEASE]
	at org.springframework.data.aerospike.repository.TestConfigPerson$$EnhancerBySpringCGLIB$$3f27a8da.aerospikeTemplate(<generated>) ~[spring-core-4.1.7.RELEASE.jar:na]
	at sun.reflect.GeneratedMethodAccessor45.invoke(Unknown Source) ~[na:na]
	at sun.reflect.DelegatingMethodAccessorImpl.invoke(DelegatingMethodAccessorImpl.java:43) ~[na:1.8.0_91]
	at java.lang.reflect.Method.invoke(Method.java:498) ~[na:1.8.0_91]
	at org.springframework.beans.factory.support.SimpleInstantiationStrategy.instantiate(SimpleInstantiationStrategy.java:162) ~[spring-beans-4.1.7.RELEASE.jar:4.1.7.RELEASE]
	... 44 common frames omitted
]]></system-out>
  </testcase>
  <testcase name="findsPersonsByFirstname" classname="org.springframework.data.aerospike.repository.PersonRepositoryIntegrationTests" time="0.002">
    <error message="Failed to load ApplicationContext" type="java.lang.IllegalStateException"><![CDATA[java.lang.IllegalStateException: Failed to load ApplicationContext
	at org.springframework.test.context.DefaultCacheAwareContextLoaderDelegate.loadContext(DefaultCacheAwareContextLoaderDelegate.java:94)
	at org.springframework.test.context.DefaultTestContext.getApplicationContext(DefaultTestContext.java:72)
	at org.springframework.test.context.support.DependencyInjectionTestExecutionListener.injectDependencies(DependencyInjectionTestExecutionListener.java:117)
	at org.springframework.test.context.support.DependencyInjectionTestExecutionListener.prepareTestInstance(DependencyInjectionTestExecutionListener.java:83)
	at org.springframework.test.context.TestContextManager.prepareTestInstance(TestContextManager.java:212)
	at org.springframework.test.context.junit4.SpringJUnit4ClassRunner.createTest(SpringJUnit4ClassRunner.java:200)
	at org.springframework.test.context.junit4.SpringJUnit4ClassRunner$1.runReflectiveCall(SpringJUnit4ClassRunner.java:259)
	at org.junit.internal.runners.model.ReflectiveCallable.run(ReflectiveCallable.java:12)
	at org.springframework.test.context.junit4.SpringJUnit4ClassRunner.methodBlock(SpringJUnit4ClassRunner.java:261)
	at org.springframework.test.context.junit4.SpringJUnit4ClassRunner.runChild(SpringJUnit4ClassRunner.java:219)
	at org.springframework.test.context.junit4.SpringJUnit4ClassRunner.runChild(SpringJUnit4ClassRunner.java:83)
	at org.junit.runners.ParentRunner$3.run(ParentRunner.java:290)
	at org.junit.runners.ParentRunner$1.schedule(ParentRunner.java:71)
	at org.junit.runners.ParentRunner.runChildren(ParentRunner.java:288)
	at org.junit.runners.ParentRunner.access$000(ParentRunner.java:58)
	at org.junit.runners.ParentRunner$2.evaluate(ParentRunner.java:268)
	at org.springframework.test.context.junit4.statements.RunBeforeTestClassCallbacks.evaluate(RunBeforeTestClassCallbacks.java:61)
	at org.springframework.test.context.junit4.statements.RunAfterTestClassCallbacks.evaluate(RunAfterTestClassCallbacks.java:68)
	at org.junit.runners.ParentRunner.run(ParentRunner.java:363)
	at org.springframework.test.context.junit4.SpringJUnit4ClassRunner.run(SpringJUnit4ClassRunner.java:163)
	at org.apache.maven.surefire.junit4.JUnit4Provider.execute(JUnit4Provider.java:283)
	at org.apache.maven.surefire.junit4.JUnit4Provider.executeWithRerun(JUnit4Provider.java:173)
	at org.apache.maven.surefire.junit4.JUnit4Provider.executeTestSet(JUnit4Provider.java:153)
	at org.apache.maven.surefire.junit4.JUnit4Provider.invoke(JUnit4Provider.java:128)
	at org.apache.maven.surefire.booter.ForkedBooter.invokeProviderInSameClassLoader(ForkedBooter.java:203)
	at org.apache.maven.surefire.booter.ForkedBooter.runSuitesInProcess(ForkedBooter.java:155)
	at org.apache.maven.surefire.booter.ForkedBooter.main(ForkedBooter.java:103)
Caused by: org.springframework.beans.factory.BeanCreationException: Error creating bean with name 'aerospikeTemplate' defined in org.springframework.data.aerospike.repository.TestConfigPerson: Bean instantiation via factory method failed; nested exception is org.springframework.beans.BeanInstantiationException: Failed to instantiate [org.springframework.data.aerospike.core.AerospikeTemplate]: Factory method 'aerospikeTemplate' threw exception; nested exception is org.springframework.beans.factory.BeanCreationException: Error creating bean with name 'aerospikeClient' defined in org.springframework.data.aerospike.repository.TestConfigPerson: Bean instantiation via factory method failed; nested exception is org.springframework.beans.BeanInstantiationException: Failed to instantiate [com.aerospike.client.AerospikeClient]: Factory method 'aerospikeClient' threw exception; nested exception is com.aerospike.client.AerospikeException$Connection: Error Code 11: Failed to connect to host(s): 
52.41.32.83:3000 Error Code 11: java.net.SocketTimeoutException: connect timed out

	at org.springframework.beans.factory.support.ConstructorResolver.instantiateUsingFactoryMethod(ConstructorResolver.java:599)
	at org.springframework.beans.factory.support.AbstractAutowireCapableBeanFactory.instantiateUsingFactoryMethod(AbstractAutowireCapableBeanFactory.java:1119)
	at org.springframework.beans.factory.support.AbstractAutowireCapableBeanFactory.createBeanInstance(AbstractAutowireCapableBeanFactory.java:1014)
	at org.springframework.beans.factory.support.AbstractAutowireCapableBeanFactory.doCreateBean(AbstractAutowireCapableBeanFactory.java:504)
	at org.springframework.beans.factory.support.AbstractAutowireCapableBeanFactory.createBean(AbstractAutowireCapableBeanFactory.java:476)
	at org.springframework.beans.factory.support.AbstractBeanFactory$1.getObject(AbstractBeanFactory.java:303)
	at org.springframework.beans.factory.support.DefaultSingletonBeanRegistry.getSingleton(DefaultSingletonBeanRegistry.java:230)
	at org.springframework.beans.factory.support.AbstractBeanFactory.doGetBean(AbstractBeanFactory.java:299)
	at org.springframework.beans.factory.support.AbstractBeanFactory.getBean(AbstractBeanFactory.java:194)
	at org.springframework.beans.factory.support.DefaultListableBeanFactory.preInstantiateSingletons(DefaultListableBeanFactory.java:755)
	at org.springframework.context.support.AbstractApplicationContext.finishBeanFactoryInitialization(AbstractApplicationContext.java:757)
	at org.springframework.context.support.AbstractApplicationContext.refresh(AbstractApplicationContext.java:480)
	at org.springframework.test.context.support.AbstractGenericContextLoader.loadContext(AbstractGenericContextLoader.java:125)
	at org.springframework.test.context.support.AbstractGenericContextLoader.loadContext(AbstractGenericContextLoader.java:60)
	at org.springframework.test.context.support.AbstractDelegatingSmartContextLoader.delegateLoading(AbstractDelegatingSmartContextLoader.java:109)
	at org.springframework.test.context.support.AbstractDelegatingSmartContextLoader.loadContext(AbstractDelegatingSmartContextLoader.java:261)
	at org.springframework.test.context.DefaultCacheAwareContextLoaderDelegate.loadContextInternal(DefaultCacheAwareContextLoaderDelegate.java:68)
	at org.springframework.test.context.DefaultCacheAwareContextLoaderDelegate.loadContext(DefaultCacheAwareContextLoaderDelegate.java:86)
	at org.springframework.test.context.DefaultTestContext.getApplicationContext(DefaultTestContext.java:72)
	at org.springframework.test.context.support.DependencyInjectionTestExecutionListener.injectDependencies(DependencyInjectionTestExecutionListener.java:117)
	at org.springframework.test.context.support.DependencyInjectionTestExecutionListener.prepareTestInstance(DependencyInjectionTestExecutionListener.java:83)
	at org.springframework.test.context.TestContextManager.prepareTestInstance(TestContextManager.java:212)
	at org.springframework.test.context.junit4.SpringJUnit4ClassRunner.createTest(SpringJUnit4ClassRunner.java:200)
	at org.springframework.test.context.junit4.SpringJUnit4ClassRunner$1.runReflectiveCall(SpringJUnit4ClassRunner.java:259)
	at org.junit.internal.runners.model.ReflectiveCallable.run(ReflectiveCallable.java:12)
	at org.springframework.test.context.junit4.SpringJUnit4ClassRunner.methodBlock(SpringJUnit4ClassRunner.java:261)
	at org.springframework.test.context.junit4.SpringJUnit4ClassRunner.runChild(SpringJUnit4ClassRunner.java:219)
	at org.springframework.test.context.junit4.SpringJUnit4ClassRunner.runChild(SpringJUnit4ClassRunner.java:83)
	at org.junit.runners.ParentRunner$3.run(ParentRunner.java:290)
	at org.junit.runners.ParentRunner$1.schedule(ParentRunner.java:71)
	at org.junit.runners.ParentRunner.runChildren(ParentRunner.java:288)
	at org.junit.runners.ParentRunner.access$000(ParentRunner.java:58)
	at org.junit.runners.ParentRunner$2.evaluate(ParentRunner.java:268)
	at org.springframework.test.context.junit4.statements.RunBeforeTestClassCallbacks.evaluate(RunBeforeTestClassCallbacks.java:61)
	at org.springframework.test.context.junit4.statements.RunAfterTestClassCallbacks.evaluate(RunAfterTestClassCallbacks.java:68)
	at org.junit.runners.ParentRunner.run(ParentRunner.java:363)
	at org.springframework.test.context.junit4.SpringJUnit4ClassRunner.run(SpringJUnit4ClassRunner.java:163)
	at org.apache.maven.surefire.junit4.JUnit4Provider.execute(JUnit4Provider.java:283)
	at org.apache.maven.surefire.junit4.JUnit4Provider.executeWithRerun(JUnit4Provider.java:173)
	at org.apache.maven.surefire.junit4.JUnit4Provider.executeTestSet(JUnit4Provider.java:153)
	at org.apache.maven.surefire.junit4.JUnit4Provider.invoke(JUnit4Provider.java:128)
	at org.apache.maven.surefire.booter.ForkedBooter.invokeProviderInSameClassLoader(ForkedBooter.java:203)
	at org.apache.maven.surefire.booter.ForkedBooter.runSuitesInProcess(ForkedBooter.java:155)
	at org.apache.maven.surefire.booter.ForkedBooter.main(ForkedBooter.java:103)
Caused by: org.springframework.beans.BeanInstantiationException: Failed to instantiate [org.springframework.data.aerospike.core.AerospikeTemplate]: Factory method 'aerospikeTemplate' threw exception; nested exception is org.springframework.beans.factory.BeanCreationException: Error creating bean with name 'aerospikeClient' defined in org.springframework.data.aerospike.repository.TestConfigPerson: Bean instantiation via factory method failed; nested exception is org.springframework.beans.BeanInstantiationException: Failed to instantiate [com.aerospike.client.AerospikeClient]: Factory method 'aerospikeClient' threw exception; nested exception is com.aerospike.client.AerospikeException$Connection: Error Code 11: Failed to connect to host(s): 
52.41.32.83:3000 Error Code 11: java.net.SocketTimeoutException: connect timed out

	at org.springframework.beans.factory.support.SimpleInstantiationStrategy.instantiate(SimpleInstantiationStrategy.java:189)
	at org.springframework.beans.factory.support.ConstructorResolver.instantiateUsingFactoryMethod(ConstructorResolver.java:588)
	at org.springframework.beans.factory.support.AbstractAutowireCapableBeanFactory.instantiateUsingFactoryMethod(AbstractAutowireCapableBeanFactory.java:1119)
	at org.springframework.beans.factory.support.AbstractAutowireCapableBeanFactory.createBeanInstance(AbstractAutowireCapableBeanFactory.java:1014)
	at org.springframework.beans.factory.support.AbstractAutowireCapableBeanFactory.doCreateBean(AbstractAutowireCapableBeanFactory.java:504)
	at org.springframework.beans.factory.support.AbstractAutowireCapableBeanFactory.createBean(AbstractAutowireCapableBeanFactory.java:476)
	at org.springframework.beans.factory.support.AbstractBeanFactory$1.getObject(AbstractBeanFactory.java:303)
	at org.springframework.beans.factory.support.DefaultSingletonBeanRegistry.getSingleton(DefaultSingletonBeanRegistry.java:230)
	at org.springframework.beans.factory.support.AbstractBeanFactory.doGetBean(AbstractBeanFactory.java:299)
	at org.springframework.beans.factory.support.AbstractBeanFactory.getBean(AbstractBeanFactory.java:194)
	at org.springframework.beans.factory.support.DefaultListableBeanFactory.preInstantiateSingletons(DefaultListableBeanFactory.java:755)
	at org.springframework.context.support.AbstractApplicationContext.finishBeanFactoryInitialization(AbstractApplicationContext.java:757)
	at org.springframework.context.support.AbstractApplicationContext.refresh(AbstractApplicationContext.java:480)
	at org.springframework.test.context.support.AbstractGenericContextLoader.loadContext(AbstractGenericContextLoader.java:125)
	at org.springframework.test.context.support.AbstractGenericContextLoader.loadContext(AbstractGenericContextLoader.java:60)
	at org.springframework.test.context.support.AbstractDelegatingSmartContextLoader.delegateLoading(AbstractDelegatingSmartContextLoader.java:109)
	at org.springframework.test.context.support.AbstractDelegatingSmartContextLoader.loadContext(AbstractDelegatingSmartContextLoader.java:261)
	at org.springframework.test.context.DefaultCacheAwareContextLoaderDelegate.loadContextInternal(DefaultCacheAwareContextLoaderDelegate.java:68)
	at org.springframework.test.context.DefaultCacheAwareContextLoaderDelegate.loadContext(DefaultCacheAwareContextLoaderDelegate.java:86)
	at org.springframework.test.context.DefaultTestContext.getApplicationContext(DefaultTestContext.java:72)
	at org.springframework.test.context.support.DependencyInjectionTestExecutionListener.injectDependencies(DependencyInjectionTestExecutionListener.java:117)
	at org.springframework.test.context.support.DependencyInjectionTestExecutionListener.prepareTestInstance(DependencyInjectionTestExecutionListener.java:83)
	at org.springframework.test.context.TestContextManager.prepareTestInstance(TestContextManager.java:212)
	at org.springframework.test.context.junit4.SpringJUnit4ClassRunner.createTest(SpringJUnit4ClassRunner.java:200)
	at org.springframework.test.context.junit4.SpringJUnit4ClassRunner$1.runReflectiveCall(SpringJUnit4ClassRunner.java:259)
	at org.junit.internal.runners.model.ReflectiveCallable.run(ReflectiveCallable.java:12)
	at org.springframework.test.context.junit4.SpringJUnit4ClassRunner.methodBlock(SpringJUnit4ClassRunner.java:261)
	at org.springframework.test.context.junit4.SpringJUnit4ClassRunner.runChild(SpringJUnit4ClassRunner.java:219)
	at org.springframework.test.context.junit4.SpringJUnit4ClassRunner.runChild(SpringJUnit4ClassRunner.java:83)
	at org.junit.runners.ParentRunner$3.run(ParentRunner.java:290)
	at org.junit.runners.ParentRunner$1.schedule(ParentRunner.java:71)
	at org.junit.runners.ParentRunner.runChildren(ParentRunner.java:288)
	at org.junit.runners.ParentRunner.access$000(ParentRunner.java:58)
	at org.junit.runners.ParentRunner$2.evaluate(ParentRunner.java:268)
	at org.springframework.test.context.junit4.statements.RunBeforeTestClassCallbacks.evaluate(RunBeforeTestClassCallbacks.java:61)
	at org.springframework.test.context.junit4.statements.RunAfterTestClassCallbacks.evaluate(RunAfterTestClassCallbacks.java:68)
	at org.junit.runners.ParentRunner.run(ParentRunner.java:363)
	at org.springframework.test.context.junit4.SpringJUnit4ClassRunner.run(SpringJUnit4ClassRunner.java:163)
	at org.apache.maven.surefire.junit4.JUnit4Provider.execute(JUnit4Provider.java:283)
	at org.apache.maven.surefire.junit4.JUnit4Provider.executeWithRerun(JUnit4Provider.java:173)
	at org.apache.maven.surefire.junit4.JUnit4Provider.executeTestSet(JUnit4Provider.java:153)
	at org.apache.maven.surefire.junit4.JUnit4Provider.invoke(JUnit4Provider.java:128)
	at org.apache.maven.surefire.booter.ForkedBooter.invokeProviderInSameClassLoader(ForkedBooter.java:203)
	at org.apache.maven.surefire.booter.ForkedBooter.runSuitesInProcess(ForkedBooter.java:155)
	at org.apache.maven.surefire.booter.ForkedBooter.main(ForkedBooter.java:103)
Caused by: org.springframework.beans.factory.BeanCreationException: Error creating bean with name 'aerospikeClient' defined in org.springframework.data.aerospike.repository.TestConfigPerson: Bean instantiation via factory method failed; nested exception is org.springframework.beans.BeanInstantiationException: Failed to instantiate [com.aerospike.client.AerospikeClient]: Factory method 'aerospikeClient' threw exception; nested exception is com.aerospike.client.AerospikeException$Connection: Error Code 11: Failed to connect to host(s): 
52.41.32.83:3000 Error Code 11: java.net.SocketTimeoutException: connect timed out

	at org.springframework.beans.factory.support.ConstructorResolver.instantiateUsingFactoryMethod(ConstructorResolver.java:599)
	at org.springframework.beans.factory.support.AbstractAutowireCapableBeanFactory.instantiateUsingFactoryMethod(AbstractAutowireCapableBeanFactory.java:1119)
	at org.springframework.beans.factory.support.AbstractAutowireCapableBeanFactory.createBeanInstance(AbstractAutowireCapableBeanFactory.java:1014)
	at org.springframework.beans.factory.support.AbstractAutowireCapableBeanFactory.doCreateBean(AbstractAutowireCapableBeanFactory.java:504)
	at org.springframework.beans.factory.support.AbstractAutowireCapableBeanFactory.createBean(AbstractAutowireCapableBeanFactory.java:476)
	at org.springframework.beans.factory.support.AbstractBeanFactory$1.getObject(AbstractBeanFactory.java:303)
	at org.springframework.beans.factory.support.DefaultSingletonBeanRegistry.getSingleton(DefaultSingletonBeanRegistry.java:230)
	at org.springframework.beans.factory.support.AbstractBeanFactory.doGetBean(AbstractBeanFactory.java:299)
	at org.springframework.beans.factory.support.AbstractBeanFactory.getBean(AbstractBeanFactory.java:194)
	at org.springframework.context.annotation.ConfigurationClassEnhancer$BeanMethodInterceptor.intercept(ConfigurationClassEnhancer.java:322)
	at org.springframework.data.aerospike.repository.TestConfigPerson$$EnhancerBySpringCGLIB$$3f27a8da.aerospikeClient(<generated>)
	at org.springframework.data.aerospike.repository.TestConfigPerson.aerospikeTemplate(TestConfigPerson.java:38)
	at org.springframework.data.aerospike.repository.TestConfigPerson$$EnhancerBySpringCGLIB$$3f27a8da.CGLIB$aerospikeTemplate$0(<generated>)
	at org.springframework.data.aerospike.repository.TestConfigPerson$$EnhancerBySpringCGLIB$$3f27a8da$$FastClassBySpringCGLIB$$38965c5e.invoke(<generated>)
	at org.springframework.cglib.proxy.MethodProxy.invokeSuper(MethodProxy.java:228)
	at org.springframework.context.annotation.ConfigurationClassEnhancer$BeanMethodInterceptor.intercept(ConfigurationClassEnhancer.java:309)
	at org.springframework.data.aerospike.repository.TestConfigPerson$$EnhancerBySpringCGLIB$$3f27a8da.aerospikeTemplate(<generated>)
	at sun.reflect.GeneratedMethodAccessor45.invoke(Unknown Source)
	at sun.reflect.DelegatingMethodAccessorImpl.invoke(DelegatingMethodAccessorImpl.java:43)
	at java.lang.reflect.Method.invoke(Method.java:498)
	at org.springframework.beans.factory.support.SimpleInstantiationStrategy.instantiate(SimpleInstantiationStrategy.java:162)
	at org.springframework.beans.factory.support.ConstructorResolver.instantiateUsingFactoryMethod(ConstructorResolver.java:588)
	at org.springframework.beans.factory.support.AbstractAutowireCapableBeanFactory.instantiateUsingFactoryMethod(AbstractAutowireCapableBeanFactory.java:1119)
	at org.springframework.beans.factory.support.AbstractAutowireCapableBeanFactory.createBeanInstance(AbstractAutowireCapableBeanFactory.java:1014)
	at org.springframework.beans.factory.support.AbstractAutowireCapableBeanFactory.doCreateBean(AbstractAutowireCapableBeanFactory.java:504)
	at org.springframework.beans.factory.support.AbstractAutowireCapableBeanFactory.createBean(AbstractAutowireCapableBeanFactory.java:476)
	at org.springframework.beans.factory.support.AbstractBeanFactory$1.getObject(AbstractBeanFactory.java:303)
	at org.springframework.beans.factory.support.DefaultSingletonBeanRegistry.getSingleton(DefaultSingletonBeanRegistry.java:230)
	at org.springframework.beans.factory.support.AbstractBeanFactory.doGetBean(AbstractBeanFactory.java:299)
	at org.springframework.beans.factory.support.AbstractBeanFactory.getBean(AbstractBeanFactory.java:194)
	at org.springframework.beans.factory.support.DefaultListableBeanFactory.preInstantiateSingletons(DefaultListableBeanFactory.java:755)
	at org.springframework.context.support.AbstractApplicationContext.finishBeanFactoryInitialization(AbstractApplicationContext.java:757)
	at org.springframework.context.support.AbstractApplicationContext.refresh(AbstractApplicationContext.java:480)
	at org.springframework.test.context.support.AbstractGenericContextLoader.loadContext(AbstractGenericContextLoader.java:125)
	at org.springframework.test.context.support.AbstractGenericContextLoader.loadContext(AbstractGenericContextLoader.java:60)
	at org.springframework.test.context.support.AbstractDelegatingSmartContextLoader.delegateLoading(AbstractDelegatingSmartContextLoader.java:109)
	at org.springframework.test.context.support.AbstractDelegatingSmartContextLoader.loadContext(AbstractDelegatingSmartContextLoader.java:261)
	at org.springframework.test.context.DefaultCacheAwareContextLoaderDelegate.loadContextInternal(DefaultCacheAwareContextLoaderDelegate.java:68)
	at org.springframework.test.context.DefaultCacheAwareContextLoaderDelegate.loadContext(DefaultCacheAwareContextLoaderDelegate.java:86)
	at org.springframework.test.context.DefaultTestContext.getApplicationContext(DefaultTestContext.java:72)
	at org.springframework.test.context.support.DependencyInjectionTestExecutionListener.injectDependencies(DependencyInjectionTestExecutionListener.java:117)
	at org.springframework.test.context.support.DependencyInjectionTestExecutionListener.prepareTestInstance(DependencyInjectionTestExecutionListener.java:83)
	at org.springframework.test.context.TestContextManager.prepareTestInstance(TestContextManager.java:212)
	at org.springframework.test.context.junit4.SpringJUnit4ClassRunner.createTest(SpringJUnit4ClassRunner.java:200)
	at org.springframework.test.context.junit4.SpringJUnit4ClassRunner$1.runReflectiveCall(SpringJUnit4ClassRunner.java:259)
	at org.junit.internal.runners.model.ReflectiveCallable.run(ReflectiveCallable.java:12)
	at org.springframework.test.context.junit4.SpringJUnit4ClassRunner.methodBlock(SpringJUnit4ClassRunner.java:261)
	at org.springframework.test.context.junit4.SpringJUnit4ClassRunner.runChild(SpringJUnit4ClassRunner.java:219)
	at org.springframework.test.context.junit4.SpringJUnit4ClassRunner.runChild(SpringJUnit4ClassRunner.java:83)
	at org.junit.runners.ParentRunner$3.run(ParentRunner.java:290)
	at org.junit.runners.ParentRunner$1.schedule(ParentRunner.java:71)
	at org.junit.runners.ParentRunner.runChildren(ParentRunner.java:288)
	at org.junit.runners.ParentRunner.access$000(ParentRunner.java:58)
	at org.junit.runners.ParentRunner$2.evaluate(ParentRunner.java:268)
	at org.springframework.test.context.junit4.statements.RunBeforeTestClassCallbacks.evaluate(RunBeforeTestClassCallbacks.java:61)
	at org.springframework.test.context.junit4.statements.RunAfterTestClassCallbacks.evaluate(RunAfterTestClassCallbacks.java:68)
	at org.junit.runners.ParentRunner.run(ParentRunner.java:363)
	at org.springframework.test.context.junit4.SpringJUnit4ClassRunner.run(SpringJUnit4ClassRunner.java:163)
	at org.apache.maven.surefire.junit4.JUnit4Provider.execute(JUnit4Provider.java:283)
	at org.apache.maven.surefire.junit4.JUnit4Provider.executeWithRerun(JUnit4Provider.java:173)
	at org.apache.maven.surefire.junit4.JUnit4Provider.executeTestSet(JUnit4Provider.java:153)
	at org.apache.maven.surefire.junit4.JUnit4Provider.invoke(JUnit4Provider.java:128)
	at org.apache.maven.surefire.booter.ForkedBooter.invokeProviderInSameClassLoader(ForkedBooter.java:203)
	at org.apache.maven.surefire.booter.ForkedBooter.runSuitesInProcess(ForkedBooter.java:155)
	at org.apache.maven.surefire.booter.ForkedBooter.main(ForkedBooter.java:103)
Caused by: org.springframework.beans.BeanInstantiationException: Failed to instantiate [com.aerospike.client.AerospikeClient]: Factory method 'aerospikeClient' threw exception; nested exception is com.aerospike.client.AerospikeException$Connection: Error Code 11: Failed to connect to host(s): 
52.41.32.83:3000 Error Code 11: java.net.SocketTimeoutException: connect timed out

	at org.springframework.beans.factory.support.SimpleInstantiationStrategy.instantiate(SimpleInstantiationStrategy.java:189)
	at org.springframework.beans.factory.support.ConstructorResolver.instantiateUsingFactoryMethod(ConstructorResolver.java:588)
	at org.springframework.beans.factory.support.AbstractAutowireCapableBeanFactory.instantiateUsingFactoryMethod(AbstractAutowireCapableBeanFactory.java:1119)
	at org.springframework.beans.factory.support.AbstractAutowireCapableBeanFactory.createBeanInstance(AbstractAutowireCapableBeanFactory.java:1014)
	at org.springframework.beans.factory.support.AbstractAutowireCapableBeanFactory.doCreateBean(AbstractAutowireCapableBeanFactory.java:504)
	at org.springframework.beans.factory.support.AbstractAutowireCapableBeanFactory.createBean(AbstractAutowireCapableBeanFactory.java:476)
	at org.springframework.beans.factory.support.AbstractBeanFactory$1.getObject(AbstractBeanFactory.java:303)
	at org.springframework.beans.factory.support.DefaultSingletonBeanRegistry.getSingleton(DefaultSingletonBeanRegistry.java:230)
	at org.springframework.beans.factory.support.AbstractBeanFactory.doGetBean(AbstractBeanFactory.java:299)
	at org.springframework.beans.factory.support.AbstractBeanFactory.getBean(AbstractBeanFactory.java:194)
	at org.springframework.context.annotation.ConfigurationClassEnhancer$BeanMethodInterceptor.intercept(ConfigurationClassEnhancer.java:322)
	at org.springframework.data.aerospike.repository.TestConfigPerson$$EnhancerBySpringCGLIB$$3f27a8da.aerospikeClient(<generated>)
	at org.springframework.data.aerospike.repository.TestConfigPerson.aerospikeTemplate(TestConfigPerson.java:38)
	at org.springframework.data.aerospike.repository.TestConfigPerson$$EnhancerBySpringCGLIB$$3f27a8da.CGLIB$aerospikeTemplate$0(<generated>)
	at org.springframework.data.aerospike.repository.TestConfigPerson$$EnhancerBySpringCGLIB$$3f27a8da$$FastClassBySpringCGLIB$$38965c5e.invoke(<generated>)
	at org.springframework.cglib.proxy.MethodProxy.invokeSuper(MethodProxy.java:228)
	at org.springframework.context.annotation.ConfigurationClassEnhancer$BeanMethodInterceptor.intercept(ConfigurationClassEnhancer.java:309)
	at org.springframework.data.aerospike.repository.TestConfigPerson$$EnhancerBySpringCGLIB$$3f27a8da.aerospikeTemplate(<generated>)
	at sun.reflect.GeneratedMethodAccessor45.invoke(Unknown Source)
	at sun.reflect.DelegatingMethodAccessorImpl.invoke(DelegatingMethodAccessorImpl.java:43)
	at java.lang.reflect.Method.invoke(Method.java:498)
	at org.springframework.beans.factory.support.SimpleInstantiationStrategy.instantiate(SimpleInstantiationStrategy.java:162)
	at org.springframework.beans.factory.support.ConstructorResolver.instantiateUsingFactoryMethod(ConstructorResolver.java:588)
	at org.springframework.beans.factory.support.AbstractAutowireCapableBeanFactory.instantiateUsingFactoryMethod(AbstractAutowireCapableBeanFactory.java:1119)
	at org.springframework.beans.factory.support.AbstractAutowireCapableBeanFactory.createBeanInstance(AbstractAutowireCapableBeanFactory.java:1014)
	at org.springframework.beans.factory.support.AbstractAutowireCapableBeanFactory.doCreateBean(AbstractAutowireCapableBeanFactory.java:504)
	at org.springframework.beans.factory.support.AbstractAutowireCapableBeanFactory.createBean(AbstractAutowireCapableBeanFactory.java:476)
	at org.springframework.beans.factory.support.AbstractBeanFactory$1.getObject(AbstractBeanFactory.java:303)
	at org.springframework.beans.factory.support.DefaultSingletonBeanRegistry.getSingleton(DefaultSingletonBeanRegistry.java:230)
	at org.springframework.beans.factory.support.AbstractBeanFactory.doGetBean(AbstractBeanFactory.java:299)
	at org.springframework.beans.factory.support.AbstractBeanFactory.getBean(AbstractBeanFactory.java:194)
	at org.springframework.beans.factory.support.DefaultListableBeanFactory.preInstantiateSingletons(DefaultListableBeanFactory.java:755)
	at org.springframework.context.support.AbstractApplicationContext.finishBeanFactoryInitialization(AbstractApplicationContext.java:757)
	at org.springframework.context.support.AbstractApplicationContext.refresh(AbstractApplicationContext.java:480)
	at org.springframework.test.context.support.AbstractGenericContextLoader.loadContext(AbstractGenericContextLoader.java:125)
	at org.springframework.test.context.support.AbstractGenericContextLoader.loadContext(AbstractGenericContextLoader.java:60)
	at org.springframework.test.context.support.AbstractDelegatingSmartContextLoader.delegateLoading(AbstractDelegatingSmartContextLoader.java:109)
	at org.springframework.test.context.support.AbstractDelegatingSmartContextLoader.loadContext(AbstractDelegatingSmartContextLoader.java:261)
	at org.springframework.test.context.DefaultCacheAwareContextLoaderDelegate.loadContextInternal(DefaultCacheAwareContextLoaderDelegate.java:68)
	at org.springframework.test.context.DefaultCacheAwareContextLoaderDelegate.loadContext(DefaultCacheAwareContextLoaderDelegate.java:86)
	at org.springframework.test.context.DefaultTestContext.getApplicationContext(DefaultTestContext.java:72)
	at org.springframework.test.context.support.DependencyInjectionTestExecutionListener.injectDependencies(DependencyInjectionTestExecutionListener.java:117)
	at org.springframework.test.context.support.DependencyInjectionTestExecutionListener.prepareTestInstance(DependencyInjectionTestExecutionListener.java:83)
	at org.springframework.test.context.TestContextManager.prepareTestInstance(TestContextManager.java:212)
	at org.springframework.test.context.junit4.SpringJUnit4ClassRunner.createTest(SpringJUnit4ClassRunner.java:200)
	at org.springframework.test.context.junit4.SpringJUnit4ClassRunner$1.runReflectiveCall(SpringJUnit4ClassRunner.java:259)
	at org.junit.internal.runners.model.ReflectiveCallable.run(ReflectiveCallable.java:12)
	at org.springframework.test.context.junit4.SpringJUnit4ClassRunner.methodBlock(SpringJUnit4ClassRunner.java:261)
	at org.springframework.test.context.junit4.SpringJUnit4ClassRunner.runChild(SpringJUnit4ClassRunner.java:219)
	at org.springframework.test.context.junit4.SpringJUnit4ClassRunner.runChild(SpringJUnit4ClassRunner.java:83)
	at org.junit.runners.ParentRunner$3.run(ParentRunner.java:290)
	at org.junit.runners.ParentRunner$1.schedule(ParentRunner.java:71)
	at org.junit.runners.ParentRunner.runChildren(ParentRunner.java:288)
	at org.junit.runners.ParentRunner.access$000(ParentRunner.java:58)
	at org.junit.runners.ParentRunner$2.evaluate(ParentRunner.java:268)
	at org.springframework.test.context.junit4.statements.RunBeforeTestClassCallbacks.evaluate(RunBeforeTestClassCallbacks.java:61)
	at org.springframework.test.context.junit4.statements.RunAfterTestClassCallbacks.evaluate(RunAfterTestClassCallbacks.java:68)
	at org.junit.runners.ParentRunner.run(ParentRunner.java:363)
	at org.springframework.test.context.junit4.SpringJUnit4ClassRunner.run(SpringJUnit4ClassRunner.java:163)
	at org.apache.maven.surefire.junit4.JUnit4Provider.execute(JUnit4Provider.java:283)
	at org.apache.maven.surefire.junit4.JUnit4Provider.executeWithRerun(JUnit4Provider.java:173)
	at org.apache.maven.surefire.junit4.JUnit4Provider.executeTestSet(JUnit4Provider.java:153)
	at org.apache.maven.surefire.junit4.JUnit4Provider.invoke(JUnit4Provider.java:128)
	at org.apache.maven.surefire.booter.ForkedBooter.invokeProviderInSameClassLoader(ForkedBooter.java:203)
	at org.apache.maven.surefire.booter.ForkedBooter.runSuitesInProcess(ForkedBooter.java:155)
	at org.apache.maven.surefire.booter.ForkedBooter.main(ForkedBooter.java:103)
Caused by: com.aerospike.client.AerospikeException$Connection: Error Code 11: Failed to connect to host(s): 
52.41.32.83:3000 Error Code 11: java.net.SocketTimeoutException: connect timed out

	at com.aerospike.client.cluster.Cluster.seedNodes(Cluster.java:386)
	at com.aerospike.client.cluster.Cluster.tend(Cluster.java:273)
	at com.aerospike.client.cluster.Cluster.waitTillStabilized(Cluster.java:238)
	at com.aerospike.client.cluster.Cluster.initTendThread(Cluster.java:148)
	at com.aerospike.client.AerospikeClient.<init>(AerospikeClient.java:209)
	at com.aerospike.client.AerospikeClient.<init>(AerospikeClient.java:173)
	at org.springframework.data.aerospike.repository.TestConfigPerson.aerospikeClient(TestConfigPerson.java:32)
	at org.springframework.data.aerospike.repository.TestConfigPerson$$EnhancerBySpringCGLIB$$3f27a8da.CGLIB$aerospikeClient$1(<generated>)
	at org.springframework.data.aerospike.repository.TestConfigPerson$$EnhancerBySpringCGLIB$$3f27a8da$$FastClassBySpringCGLIB$$38965c5e.invoke(<generated>)
	at org.springframework.cglib.proxy.MethodProxy.invokeSuper(MethodProxy.java:228)
	at org.springframework.context.annotation.ConfigurationClassEnhancer$BeanMethodInterceptor.intercept(ConfigurationClassEnhancer.java:309)
	at org.springframework.data.aerospike.repository.TestConfigPerson$$EnhancerBySpringCGLIB$$3f27a8da.aerospikeClient(<generated>)
	at sun.reflect.GeneratedMethodAccessor46.invoke(Unknown Source)
	at sun.reflect.DelegatingMethodAccessorImpl.invoke(DelegatingMethodAccessorImpl.java:43)
	at java.lang.reflect.Method.invoke(Method.java:498)
	at org.springframework.beans.factory.support.SimpleInstantiationStrategy.instantiate(SimpleInstantiationStrategy.java:162)
	at org.springframework.beans.factory.support.ConstructorResolver.instantiateUsingFactoryMethod(ConstructorResolver.java:588)
	at org.springframework.beans.factory.support.AbstractAutowireCapableBeanFactory.instantiateUsingFactoryMethod(AbstractAutowireCapableBeanFactory.java:1119)
	at org.springframework.beans.factory.support.AbstractAutowireCapableBeanFactory.createBeanInstance(AbstractAutowireCapableBeanFactory.java:1014)
	at org.springframework.beans.factory.support.AbstractAutowireCapableBeanFactory.doCreateBean(AbstractAutowireCapableBeanFactory.java:504)
	at org.springframework.beans.factory.support.AbstractAutowireCapableBeanFactory.createBean(AbstractAutowireCapableBeanFactory.java:476)
	at org.springframework.beans.factory.support.AbstractBeanFactory$1.getObject(AbstractBeanFactory.java:303)
	at org.springframework.beans.factory.support.DefaultSingletonBeanRegistry.getSingleton(DefaultSingletonBeanRegistry.java:230)
	at org.springframework.beans.factory.support.AbstractBeanFactory.doGetBean(AbstractBeanFactory.java:299)
	at org.springframework.beans.factory.support.AbstractBeanFactory.getBean(AbstractBeanFactory.java:194)
	at org.springframework.context.annotation.ConfigurationClassEnhancer$BeanMethodInterceptor.intercept(ConfigurationClassEnhancer.java:322)
	at org.springframework.data.aerospike.repository.TestConfigPerson$$EnhancerBySpringCGLIB$$3f27a8da.aerospikeClient(<generated>)
	at org.springframework.data.aerospike.repository.TestConfigPerson.aerospikeTemplate(TestConfigPerson.java:38)
	at org.springframework.data.aerospike.repository.TestConfigPerson$$EnhancerBySpringCGLIB$$3f27a8da.CGLIB$aerospikeTemplate$0(<generated>)
	at org.springframework.data.aerospike.repository.TestConfigPerson$$EnhancerBySpringCGLIB$$3f27a8da$$FastClassBySpringCGLIB$$38965c5e.invoke(<generated>)
	at org.springframework.cglib.proxy.MethodProxy.invokeSuper(MethodProxy.java:228)
	at org.springframework.context.annotation.ConfigurationClassEnhancer$BeanMethodInterceptor.intercept(ConfigurationClassEnhancer.java:309)
	at org.springframework.data.aerospike.repository.TestConfigPerson$$EnhancerBySpringCGLIB$$3f27a8da.aerospikeTemplate(<generated>)
	at sun.reflect.GeneratedMethodAccessor45.invoke(Unknown Source)
	at sun.reflect.DelegatingMethodAccessorImpl.invoke(DelegatingMethodAccessorImpl.java:43)
	at java.lang.reflect.Method.invoke(Method.java:498)
	at org.springframework.beans.factory.support.SimpleInstantiationStrategy.instantiate(SimpleInstantiationStrategy.java:162)
	at org.springframework.beans.factory.support.ConstructorResolver.instantiateUsingFactoryMethod(ConstructorResolver.java:588)
	at org.springframework.beans.factory.support.AbstractAutowireCapableBeanFactory.instantiateUsingFactoryMethod(AbstractAutowireCapableBeanFactory.java:1119)
	at org.springframework.beans.factory.support.AbstractAutowireCapableBeanFactory.createBeanInstance(AbstractAutowireCapableBeanFactory.java:1014)
	at org.springframework.beans.factory.support.AbstractAutowireCapableBeanFactory.doCreateBean(AbstractAutowireCapableBeanFactory.java:504)
	at org.springframework.beans.factory.support.AbstractAutowireCapableBeanFactory.createBean(AbstractAutowireCapableBeanFactory.java:476)
	at org.springframework.beans.factory.support.AbstractBeanFactory$1.getObject(AbstractBeanFactory.java:303)
	at org.springframework.beans.factory.support.DefaultSingletonBeanRegistry.getSingleton(DefaultSingletonBeanRegistry.java:230)
	at org.springframework.beans.factory.support.AbstractBeanFactory.doGetBean(AbstractBeanFactory.java:299)
	at org.springframework.beans.factory.support.AbstractBeanFactory.getBean(AbstractBeanFactory.java:194)
	at org.springframework.beans.factory.support.DefaultListableBeanFactory.preInstantiateSingletons(DefaultListableBeanFactory.java:755)
	at org.springframework.context.support.AbstractApplicationContext.finishBeanFactoryInitialization(AbstractApplicationContext.java:757)
	at org.springframework.context.support.AbstractApplicationContext.refresh(AbstractApplicationContext.java:480)
	at org.springframework.test.context.support.AbstractGenericContextLoader.loadContext(AbstractGenericContextLoader.java:125)
	at org.springframework.test.context.support.AbstractGenericContextLoader.loadContext(AbstractGenericContextLoader.java:60)
	at org.springframework.test.context.support.AbstractDelegatingSmartContextLoader.delegateLoading(AbstractDelegatingSmartContextLoader.java:109)
	at org.springframework.test.context.support.AbstractDelegatingSmartContextLoader.loadContext(AbstractDelegatingSmartContextLoader.java:261)
	at org.springframework.test.context.DefaultCacheAwareContextLoaderDelegate.loadContextInternal(DefaultCacheAwareContextLoaderDelegate.java:68)
	at org.springframework.test.context.DefaultCacheAwareContextLoaderDelegate.loadContext(DefaultCacheAwareContextLoaderDelegate.java:86)
	at org.springframework.test.context.DefaultTestContext.getApplicationContext(DefaultTestContext.java:72)
	at org.springframework.test.context.support.DependencyInjectionTestExecutionListener.injectDependencies(DependencyInjectionTestExecutionListener.java:117)
	at org.springframework.test.context.support.DependencyInjectionTestExecutionListener.prepareTestInstance(DependencyInjectionTestExecutionListener.java:83)
	at org.springframework.test.context.TestContextManager.prepareTestInstance(TestContextManager.java:212)
	at org.springframework.test.context.junit4.SpringJUnit4ClassRunner.createTest(SpringJUnit4ClassRunner.java:200)
	at org.springframework.test.context.junit4.SpringJUnit4ClassRunner$1.runReflectiveCall(SpringJUnit4ClassRunner.java:259)
	at org.junit.internal.runners.model.ReflectiveCallable.run(ReflectiveCallable.java:12)
	at org.springframework.test.context.junit4.SpringJUnit4ClassRunner.methodBlock(SpringJUnit4ClassRunner.java:261)
	at org.springframework.test.context.junit4.SpringJUnit4ClassRunner.runChild(SpringJUnit4ClassRunner.java:219)
	at org.springframework.test.context.junit4.SpringJUnit4ClassRunner.runChild(SpringJUnit4ClassRunner.java:83)
	at org.junit.runners.ParentRunner$3.run(ParentRunner.java:290)
	at org.junit.runners.ParentRunner$1.schedule(ParentRunner.java:71)
	at org.junit.runners.ParentRunner.runChildren(ParentRunner.java:288)
	at org.junit.runners.ParentRunner.access$000(ParentRunner.java:58)
	at org.junit.runners.ParentRunner$2.evaluate(ParentRunner.java:268)
	at org.springframework.test.context.junit4.statements.RunBeforeTestClassCallbacks.evaluate(RunBeforeTestClassCallbacks.java:61)
	at org.springframework.test.context.junit4.statements.RunAfterTestClassCallbacks.evaluate(RunAfterTestClassCallbacks.java:68)
	at org.junit.runners.ParentRunner.run(ParentRunner.java:363)
	at org.springframework.test.context.junit4.SpringJUnit4ClassRunner.run(SpringJUnit4ClassRunner.java:163)
	at org.apache.maven.surefire.junit4.JUnit4Provider.execute(JUnit4Provider.java:283)
	at org.apache.maven.surefire.junit4.JUnit4Provider.executeWithRerun(JUnit4Provider.java:173)
	at org.apache.maven.surefire.junit4.JUnit4Provider.executeTestSet(JUnit4Provider.java:153)
	at org.apache.maven.surefire.junit4.JUnit4Provider.invoke(JUnit4Provider.java:128)
	at org.apache.maven.surefire.booter.ForkedBooter.invokeProviderInSameClassLoader(ForkedBooter.java:203)
	at org.apache.maven.surefire.booter.ForkedBooter.runSuitesInProcess(ForkedBooter.java:155)
	at org.apache.maven.surefire.booter.ForkedBooter.main(ForkedBooter.java:103)
]]></error>
    <system-out><![CDATA[16:38:21.756 [main] DEBUG o.s.t.annotation.ProfileValueUtils - Retrieved @ProfileValueSourceConfiguration [null] for test class [org.springframework.data.aerospike.repository.PersonRepositoryIntegrationTests]
16:38:21.756 [main] DEBUG o.s.t.annotation.ProfileValueUtils - Retrieved ProfileValueSource type [class org.springframework.test.annotation.SystemProfileValueSource] for class [org.springframework.data.aerospike.repository.PersonRepositoryIntegrationTests]
16:38:21.756 [main] DEBUG o.s.t.c.s.DependencyInjectionTestExecutionListener - Performing dependency injection for test context [[DefaultTestContext@6c1cfa53 testClass = PersonRepositoryIntegrationTests, testInstance = org.springframework.data.aerospike.repository.PersonRepositoryIntegrationTests@15e1f8fe, testMethod = [null], testException = [null], mergedContextConfiguration = [MergedContextConfiguration@52b06bef testClass = PersonRepositoryIntegrationTests, locations = '{}', classes = '{class org.springframework.data.aerospike.repository.TestConfigPerson}', contextInitializerClasses = '[]', activeProfiles = '{}', propertySourceLocations = '{}', propertySourceProperties = '{}', contextLoader = 'org.springframework.test.context.support.DelegatingSmartContextLoader', parent = [null]]]].
16:38:21.756 [main] DEBUG o.s.t.c.s.AbstractDelegatingSmartContextLoader - Delegating to AnnotationConfigContextLoader to load context from [MergedContextConfiguration@52b06bef testClass = PersonRepositoryIntegrationTests, locations = '{}', classes = '{class org.springframework.data.aerospike.repository.TestConfigPerson}', contextInitializerClasses = '[]', activeProfiles = '{}', propertySourceLocations = '{}', propertySourceProperties = '{}', contextLoader = 'org.springframework.test.context.support.DelegatingSmartContextLoader', parent = [null]].
16:38:21.757 [main] DEBUG o.s.t.c.s.AbstractGenericContextLoader - Loading ApplicationContext for merged context configuration [[MergedContextConfiguration@52b06bef testClass = PersonRepositoryIntegrationTests, locations = '{}', classes = '{class org.springframework.data.aerospike.repository.TestConfigPerson}', contextInitializerClasses = '[]', activeProfiles = '{}', propertySourceLocations = '{}', propertySourceProperties = '{}', contextLoader = 'org.springframework.test.context.support.DelegatingSmartContextLoader', parent = [null]]].
16:38:21.757 [main] DEBUG o.s.core.env.StandardEnvironment - Adding [systemProperties] PropertySource with lowest search precedence
16:38:21.757 [main] DEBUG o.s.core.env.StandardEnvironment - Adding [systemEnvironment] PropertySource with lowest search precedence
16:38:21.757 [main] DEBUG o.s.core.env.StandardEnvironment - Initialized StandardEnvironment with PropertySources [systemProperties,systemEnvironment]
16:38:21.757 [main] DEBUG o.s.t.c.s.AnnotationConfigContextLoader - Registering annotated classes: {class org.springframework.data.aerospike.repository.TestConfigPerson}
16:38:21.757 [main] INFO  o.s.c.s.GenericApplicationContext - Refreshing org.springframework.context.support.GenericApplicationContext@110b7837: startup date [Tue Oct 04 16:38:21 BRT 2016]; root of context hierarchy
16:38:21.758 [main] DEBUG o.s.c.s.GenericApplicationContext - Bean factory for org.springframework.context.support.GenericApplicationContext@110b7837: org.springframework.beans.factory.support.DefaultListableBeanFactory@6ee88e21: defining beans [org.springframework.context.annotation.internalConfigurationAnnotationProcessor,org.springframework.context.annotation.internalAutowiredAnnotationProcessor,org.springframework.context.annotation.internalRequiredAnnotationProcessor,org.springframework.context.annotation.internalCommonAnnotationProcessor,testConfigPerson]; root of factory hierarchy
16:38:21.758 [main] DEBUG o.s.b.f.s.DefaultListableBeanFactory - Creating shared instance of singleton bean 'org.springframework.context.annotation.internalConfigurationAnnotationProcessor'
16:38:21.758 [main] DEBUG o.s.b.f.s.DefaultListableBeanFactory - Creating instance of bean 'org.springframework.context.annotation.internalConfigurationAnnotationProcessor'
16:38:21.758 [main] DEBUG o.s.b.f.s.DefaultListableBeanFactory - Eagerly caching bean 'org.springframework.context.annotation.internalConfigurationAnnotationProcessor' to allow for resolving potential circular references
16:38:21.758 [main] DEBUG o.s.b.f.s.DefaultListableBeanFactory - Finished creating instance of bean 'org.springframework.context.annotation.internalConfigurationAnnotationProcessor'
16:38:21.758 [main] DEBUG o.s.c.a.ConfigurationClassBeanDefinitionReader - Registering bean definition for @Bean method org.springframework.data.aerospike.repository.TestConfigPerson.aerospikeTemplate()
16:38:21.758 [main] DEBUG o.s.c.a.ConfigurationClassBeanDefinitionReader - Registering bean definition for @Bean method org.springframework.data.aerospike.repository.TestConfigPerson.aerospikeClient()
16:38:21.759 [main] DEBUG o.s.core.env.StandardEnvironment - Adding [systemProperties] PropertySource with lowest search precedence
16:38:21.759 [main] DEBUG o.s.core.env.StandardEnvironment - Adding [systemEnvironment] PropertySource with lowest search precedence
16:38:21.759 [main] DEBUG o.s.core.env.StandardEnvironment - Initialized StandardEnvironment with PropertySources [systemProperties,systemEnvironment]
16:38:21.759 [main] DEBUG o.s.c.i.s.PathMatchingResourcePatternResolver - Looking for matching resources in directory tree [/home/aluno/spring-projects/maven/spring-data-aerospike/target/test-classes/org/springframework/data]
16:38:21.759 [main] DEBUG o.s.c.i.s.PathMatchingResourcePatternResolver - Searching directory [/home/aluno/spring-projects/maven/spring-data-aerospike/target/test-classes/org/springframework/data] for files matching pattern [/home/aluno/spring-projects/maven/spring-data-aerospike/target/test-classes/org/springframework/data/**/repository/support/**/*.class]
16:38:21.759 [main] DEBUG o.s.c.i.s.PathMatchingResourcePatternResolver - Searching directory [/home/aluno/spring-projects/maven/spring-data-aerospike/target/test-classes/org/springframework/data/keyvalue] for files matching pattern [/home/aluno/spring-projects/maven/spring-data-aerospike/target/test-classes/org/springframework/data/**/repository/support/**/*.class]
16:38:21.759 [main] DEBUG o.s.c.i.s.PathMatchingResourcePatternResolver - Searching directory [/home/aluno/spring-projects/maven/spring-data-aerospike/target/test-classes/org/springframework/data/keyvalue/repository] for files matching pattern [/home/aluno/spring-projects/maven/spring-data-aerospike/target/test-classes/org/springframework/data/**/repository/support/**/*.class]
16:38:21.759 [main] DEBUG o.s.c.i.s.PathMatchingResourcePatternResolver - Searching directory [/home/aluno/spring-projects/maven/spring-data-aerospike/target/test-classes/org/springframework/data/keyvalue/repository/query] for files matching pattern [/home/aluno/spring-projects/maven/spring-data-aerospike/target/test-classes/org/springframework/data/**/repository/support/**/*.class]
16:38:21.760 [main] DEBUG o.s.c.i.s.PathMatchingResourcePatternResolver - Searching directory [/home/aluno/spring-projects/maven/spring-data-aerospike/target/test-classes/org/springframework/data/aerospike] for files matching pattern [/home/aluno/spring-projects/maven/spring-data-aerospike/target/test-classes/org/springframework/data/**/repository/support/**/*.class]
16:38:21.760 [main] DEBUG o.s.c.i.s.PathMatchingResourcePatternResolver - Searching directory [/home/aluno/spring-projects/maven/spring-data-aerospike/target/test-classes/org/springframework/data/aerospike/mapping] for files matching pattern [/home/aluno/spring-projects/maven/spring-data-aerospike/target/test-classes/org/springframework/data/**/repository/support/**/*.class]
16:38:21.760 [main] DEBUG o.s.c.i.s.PathMatchingResourcePatternResolver - Searching directory [/home/aluno/spring-projects/maven/spring-data-aerospike/target/test-classes/org/springframework/data/aerospike/core] for files matching pattern [/home/aluno/spring-projects/maven/spring-data-aerospike/target/test-classes/org/springframework/data/**/repository/support/**/*.class]
16:38:21.762 [main] DEBUG o.s.c.i.s.PathMatchingResourcePatternResolver - Searching directory [/home/aluno/spring-projects/maven/spring-data-aerospike/target/test-classes/org/springframework/data/aerospike/convert] for files matching pattern [/home/aluno/spring-projects/maven/spring-data-aerospike/target/test-classes/org/springframework/data/**/repository/support/**/*.class]
16:38:21.764 [main] DEBUG o.s.c.i.s.PathMatchingResourcePatternResolver - Searching directory [/home/aluno/spring-projects/maven/spring-data-aerospike/target/test-classes/org/springframework/data/aerospike/sample] for files matching pattern [/home/aluno/spring-projects/maven/spring-data-aerospike/target/test-classes/org/springframework/data/**/repository/support/**/*.class]
16:38:21.765 [main] DEBUG o.s.c.i.s.PathMatchingResourcePatternResolver - Searching directory [/home/aluno/spring-projects/maven/spring-data-aerospike/target/test-classes/org/springframework/data/aerospike/repository] for files matching pattern [/home/aluno/spring-projects/maven/spring-data-aerospike/target/test-classes/org/springframework/data/**/repository/support/**/*.class]
16:38:21.765 [main] DEBUG o.s.c.i.s.PathMatchingResourcePatternResolver - Searching directory [/home/aluno/spring-projects/maven/spring-data-aerospike/target/test-classes/org/springframework/data/aerospike/repository/support] for files matching pattern [/home/aluno/spring-projects/maven/spring-data-aerospike/target/test-classes/org/springframework/data/**/repository/support/**/*.class]
16:38:21.765 [main] DEBUG o.s.c.i.s.PathMatchingResourcePatternResolver - Searching directory [/home/aluno/spring-projects/maven/spring-data-aerospike/target/test-classes/org/springframework/data/aerospike/repository/query] for files matching pattern [/home/aluno/spring-projects/maven/spring-data-aerospike/target/test-classes/org/springframework/data/**/repository/support/**/*.class]
16:38:21.765 [main] DEBUG o.s.c.i.s.PathMatchingResourcePatternResolver - Searching directory [/home/aluno/spring-projects/maven/spring-data-aerospike/target/test-classes/org/springframework/data/aerospike/config] for files matching pattern [/home/aluno/spring-projects/maven/spring-data-aerospike/target/test-classes/org/springframework/data/**/repository/support/**/*.class]
16:38:21.765 [main] DEBUG o.s.c.i.s.PathMatchingResourcePatternResolver - Searching directory [/home/aluno/spring-projects/maven/spring-data-aerospike/target/test-classes/org/springframework/data/aerospike/cache] for files matching pattern [/home/aluno/spring-projects/maven/spring-data-aerospike/target/test-classes/org/springframework/data/**/repository/support/**/*.class]
16:38:21.765 [main] DEBUG o.s.c.i.s.PathMatchingResourcePatternResolver - Looking for matching resources in directory tree [/home/aluno/spring-projects/maven/spring-data-aerospike/target/classes/org/springframework/data]
16:38:21.766 [main] DEBUG o.s.c.i.s.PathMatchingResourcePatternResolver - Searching directory [/home/aluno/spring-projects/maven/spring-data-aerospike/target/classes/org/springframework/data] for files matching pattern [/home/aluno/spring-projects/maven/spring-data-aerospike/target/classes/org/springframework/data/**/repository/support/**/*.class]
16:38:21.766 [main] DEBUG o.s.c.i.s.PathMatchingResourcePatternResolver - Searching directory [/home/aluno/spring-projects/maven/spring-data-aerospike/target/classes/org/springframework/data/aerospike] for files matching pattern [/home/aluno/spring-projects/maven/spring-data-aerospike/target/classes/org/springframework/data/**/repository/support/**/*.class]
16:38:21.766 [main] DEBUG o.s.c.i.s.PathMatchingResourcePatternResolver - Searching directory [/home/aluno/spring-projects/maven/spring-data-aerospike/target/classes/org/springframework/data/aerospike/mapping] for files matching pattern [/home/aluno/spring-projects/maven/spring-data-aerospike/target/classes/org/springframework/data/**/repository/support/**/*.class]
16:38:21.766 [main] DEBUG o.s.c.i.s.PathMatchingResourcePatternResolver - Searching directory [/home/aluno/spring-projects/maven/spring-data-aerospike/target/classes/org/springframework/data/aerospike/core] for files matching pattern [/home/aluno/spring-projects/maven/spring-data-aerospike/target/classes/org/springframework/data/**/repository/support/**/*.class]
16:38:21.766 [main] DEBUG o.s.c.i.s.PathMatchingResourcePatternResolver - Searching directory [/home/aluno/spring-projects/maven/spring-data-aerospike/target/classes/org/springframework/data/aerospike/convert] for files matching pattern [/home/aluno/spring-projects/maven/spring-data-aerospike/target/classes/org/springframework/data/**/repository/support/**/*.class]
16:38:21.767 [main] DEBUG o.s.c.i.s.PathMatchingResourcePatternResolver - Searching directory [/home/aluno/spring-projects/maven/spring-data-aerospike/target/classes/org/springframework/data/aerospike/example] for files matching pattern [/home/aluno/spring-projects/maven/spring-data-aerospike/target/classes/org/springframework/data/**/repository/support/**/*.class]
16:38:21.767 [main] DEBUG o.s.c.i.s.PathMatchingResourcePatternResolver - Searching directory [/home/aluno/spring-projects/maven/spring-data-aerospike/target/classes/org/springframework/data/aerospike/example/data] for files matching pattern [/home/aluno/spring-projects/maven/spring-data-aerospike/target/classes/org/springframework/data/**/repository/support/**/*.class]
16:38:21.767 [main] DEBUG o.s.c.i.s.PathMatchingResourcePatternResolver - Searching directory [/home/aluno/spring-projects/maven/spring-data-aerospike/target/classes/org/springframework/data/aerospike/example/config] for files matching pattern [/home/aluno/spring-projects/maven/spring-data-aerospike/target/classes/org/springframework/data/**/repository/support/**/*.class]
16:38:21.767 [main] DEBUG o.s.c.i.s.PathMatchingResourcePatternResolver - Searching directory [/home/aluno/spring-projects/maven/spring-data-aerospike/target/classes/org/springframework/data/aerospike/annotation] for files matching pattern [/home/aluno/spring-projects/maven/spring-data-aerospike/target/classes/org/springframework/data/**/repository/support/**/*.class]
16:38:21.767 [main] DEBUG o.s.c.i.s.PathMatchingResourcePatternResolver - Searching directory [/home/aluno/spring-projects/maven/spring-data-aerospike/target/classes/org/springframework/data/aerospike/repository] for files matching pattern [/home/aluno/spring-projects/maven/spring-data-aerospike/target/classes/org/springframework/data/**/repository/support/**/*.class]
16:38:21.767 [main] DEBUG o.s.c.i.s.PathMatchingResourcePatternResolver - Searching directory [/home/aluno/spring-projects/maven/spring-data-aerospike/target/classes/org/springframework/data/aerospike/repository/support] for files matching pattern [/home/aluno/spring-projects/maven/spring-data-aerospike/target/classes/org/springframework/data/**/repository/support/**/*.class]
16:38:21.767 [main] DEBUG o.s.c.i.s.PathMatchingResourcePatternResolver - Searching directory [/home/aluno/spring-projects/maven/spring-data-aerospike/target/classes/org/springframework/data/aerospike/repository/config] for files matching pattern [/home/aluno/spring-projects/maven/spring-data-aerospike/target/classes/org/springframework/data/**/repository/support/**/*.class]
16:38:21.767 [main] DEBUG o.s.c.i.s.PathMatchingResourcePatternResolver - Searching directory [/home/aluno/spring-projects/maven/spring-data-aerospike/target/classes/org/springframework/data/aerospike/repository/query] for files matching pattern [/home/aluno/spring-projects/maven/spring-data-aerospike/target/classes/org/springframework/data/**/repository/support/**/*.class]
16:38:21.767 [main] DEBUG o.s.c.i.s.PathMatchingResourcePatternResolver - Searching directory [/home/aluno/spring-projects/maven/spring-data-aerospike/target/classes/org/springframework/data/aerospike/config] for files matching pattern [/home/aluno/spring-projects/maven/spring-data-aerospike/target/classes/org/springframework/data/**/repository/support/**/*.class]
16:38:21.768 [main] DEBUG o.s.c.i.s.PathMatchingResourcePatternResolver - Searching directory [/home/aluno/spring-projects/maven/spring-data-aerospike/target/classes/org/springframework/data/aerospike/cache] for files matching pattern [/home/aluno/spring-projects/maven/spring-data-aerospike/target/classes/org/springframework/data/**/repository/support/**/*.class]
16:38:21.768 [main] DEBUG o.s.c.i.s.PathMatchingResourcePatternResolver - Searching directory [/home/aluno/spring-projects/maven/spring-data-aerospike/target/classes/org/springframework/data/aerospike/utility] for files matching pattern [/home/aluno/spring-projects/maven/spring-data-aerospike/target/classes/org/springframework/data/**/repository/support/**/*.class]
16:38:21.768 [main] DEBUG o.s.c.i.s.PathMatchingResourcePatternResolver - Looking for matching resources in jar file [file:/home/aluno/.m2/repository/org/springframework/data/spring-data-commons/1.11.0.RELEASE/spring-data-commons-1.11.0.RELEASE.jar]
16:38:21.770 [main] DEBUG o.s.c.i.s.PathMatchingResourcePatternResolver - Looking for matching resources in jar file [file:/home/aluno/.m2/repository/org/springframework/data/spring-data-keyvalue/1.0.0.M1/spring-data-keyvalue-1.0.0.M1.jar]
16:38:21.771 [main] DEBUG o.s.c.i.s.PathMatchingResourcePatternResolver - Resolved location pattern [classpath*:org/springframework/data/**/repository/support/**/*.class] to resources [file [/home/aluno/spring-projects/maven/spring-data-aerospike/target/test-classes/org/springframework/data/aerospike/repository/support/SimpleAerospikeRepositoryTest$5.class], file [/home/aluno/spring-projects/maven/spring-data-aerospike/target/test-classes/org/springframework/data/aerospike/repository/support/SimpleAerospikeRepositoryTest$9.class], file [/home/aluno/spring-projects/maven/spring-data-aerospike/target/test-classes/org/springframework/data/aerospike/repository/support/SimpleAerospikeRepositoryTest$4.class], file [/home/aluno/spring-projects/maven/spring-data-aerospike/target/test-classes/org/springframework/data/aerospike/repository/support/AerospikeRepositoryFactoryTest.class], file [/home/aluno/spring-projects/maven/spring-data-aerospike/target/test-classes/org/springframework/data/aerospike/repository/support/SimpleAerospikeRepositoryTest.class], file [/home/aluno/spring-projects/maven/spring-data-aerospike/target/test-classes/org/springframework/data/aerospike/repository/support/SimpleAerospikeRepositoryTest$1.class], file [/home/aluno/spring-projects/maven/spring-data-aerospike/target/test-classes/org/springframework/data/aerospike/repository/support/SimpleAerospikeRepositoryTest$3.class], file [/home/aluno/spring-projects/maven/spring-data-aerospike/target/test-classes/org/springframework/data/aerospike/repository/support/SimpleAerospikeRepositoryTest$8.class], file [/home/aluno/spring-projects/maven/spring-data-aerospike/target/test-classes/org/springframework/data/aerospike/repository/support/SimpleAerospikeRepositoryTest$6.class], file [/home/aluno/spring-projects/maven/spring-data-aerospike/target/test-classes/org/springframework/data/aerospike/repository/support/SimpleAerospikeRepositoryTest$2.class], file [/home/aluno/spring-projects/maven/spring-data-aerospike/target/test-classes/org/springframework/data/aerospike/repository/support/AllTests.class], file [/home/aluno/spring-projects/maven/spring-data-aerospike/target/test-classes/org/springframework/data/aerospike/repository/support/SimpleAerospikeRepositoryTest$7.class], file [/home/aluno/spring-projects/maven/spring-data-aerospike/target/classes/org/springframework/data/aerospike/repository/support/AerospikeRepositoryFactoryBean.class], file [/home/aluno/spring-projects/maven/spring-data-aerospike/target/classes/org/springframework/data/aerospike/repository/support/AerospikeRepositoryFactory$AerospikeQueryLookupStrategy.class], file [/home/aluno/spring-projects/maven/spring-data-aerospike/target/classes/org/springframework/data/aerospike/repository/support/AerospikeRepositoryFactory.class], file [/home/aluno/spring-projects/maven/spring-data-aerospike/target/classes/org/springframework/data/aerospike/repository/support/SimpleAerospikeRepository.class], URL [jar:file:/home/aluno/.m2/repository/org/springframework/data/spring-data-commons/1.11.0.RELEASE/spring-data-commons-1.11.0.RELEASE.jar!/org/springframework/data/repository/support/DomainClassConverter$ConversionMatchAbbreviationException.class], URL [jar:file:/home/aluno/.m2/repository/org/springframework/data/spring-data-commons/1.11.0.RELEASE/spring-data-commons-1.11.0.RELEASE.jar!/org/springframework/data/repository/support/DomainClassConverter$ToIdConverter.class], URL [jar:file:/home/aluno/.m2/repository/org/springframework/data/spring-data-commons/1.11.0.RELEASE/spring-data-commons-1.11.0.RELEASE.jar!/org/springframework/data/repository/support/Repositories$EmptyRepositoryFactoryInformation.class], URL [jar:file:/home/aluno/.m2/repository/org/springframework/data/spring-data-commons/1.11.0.RELEASE/spring-data-commons-1.11.0.RELEASE.jar!/org/springframework/data/repository/support/PagingAndSortingRepositoryInvoker.class], URL [jar:file:/home/aluno/.m2/repository/org/springframework/data/spring-data-commons/1.11.0.RELEASE/spring-data-commons-1.11.0.RELEASE.jar!/org/springframework/data/repository/support/QueryMethodParameterConversionException.class], URL [jar:file:/home/aluno/.m2/repository/org/springframework/data/spring-data-commons/1.11.0.RELEASE/spring-data-commons-1.11.0.RELEASE.jar!/org/springframework/data/repository/support/MethodParameters.class], URL [jar:file:/home/aluno/.m2/repository/org/springframework/data/spring-data-commons/1.11.0.RELEASE/spring-data-commons-1.11.0.RELEASE.jar!/org/springframework/data/repository/support/RepositoryInvoker.class], URL [jar:file:/home/aluno/.m2/repository/org/springframework/data/spring-data-commons/1.11.0.RELEASE/spring-data-commons-1.11.0.RELEASE.jar!/org/springframework/data/repository/support/RepositoryInvokerFactory.class], URL [jar:file:/home/aluno/.m2/repository/org/springframework/data/spring-data-commons/1.11.0.RELEASE/spring-data-commons-1.11.0.RELEASE.jar!/org/springframework/data/repository/support/DomainClassPropertyEditorRegistrar.class], URL [jar:file:/home/aluno/.m2/repository/org/springframework/data/spring-data-commons/1.11.0.RELEASE/spring-data-commons-1.11.0.RELEASE.jar!/org/springframework/data/repository/support/AnnotationAttribute.class], URL [jar:file:/home/aluno/.m2/repository/org/springframework/data/spring-data-commons/1.11.0.RELEASE/spring-data-commons-1.11.0.RELEASE.jar!/org/springframework/data/repository/support/DefaultRepositoryInvokerFactory.class], URL [jar:file:/home/aluno/.m2/repository/org/springframework/data/spring-data-commons/1.11.0.RELEASE/spring-data-commons-1.11.0.RELEASE.jar!/org/springframework/data/repository/support/MethodParameters$AnnotationNamingMethodParameter.class], URL [jar:file:/home/aluno/.m2/repository/org/springframework/data/spring-data-commons/1.11.0.RELEASE/spring-data-commons-1.11.0.RELEASE.jar!/org/springframework/data/repository/support/CrudRepositoryInvoker.class], URL [jar:file:/home/aluno/.m2/repository/org/springframework/data/spring-data-commons/1.11.0.RELEASE/spring-data-commons-1.11.0.RELEASE.jar!/org/springframework/data/repository/support/Repositories.class], URL [jar:file:/home/aluno/.m2/repository/org/springframework/data/spring-data-commons/1.11.0.RELEASE/spring-data-commons-1.11.0.RELEASE.jar!/org/springframework/data/repository/support/DomainClassConverter$ToEntityConverter.class], URL [jar:file:/home/aluno/.m2/repository/org/springframework/data/spring-data-commons/1.11.0.RELEASE/spring-data-commons-1.11.0.RELEASE.jar!/org/springframework/data/repository/support/ReflectionRepositoryInvoker.class], URL [jar:file:/home/aluno/.m2/repository/org/springframework/data/spring-data-commons/1.11.0.RELEASE/spring-data-commons-1.11.0.RELEASE.jar!/org/springframework/data/repository/support/DomainClassPropertyEditor.class], URL [jar:file:/home/aluno/.m2/repository/org/springframework/data/spring-data-commons/1.11.0.RELEASE/spring-data-commons-1.11.0.RELEASE.jar!/org/springframework/data/repository/support/DomainClassConverter.class], URL [jar:file:/home/aluno/.m2/repository/org/springframework/data/spring-data-commons/1.11.0.RELEASE/spring-data-commons-1.11.0.RELEASE.jar!/org/springframework/data/repository/support/DomainClassConverter$1.class], URL [jar:file:/home/aluno/.m2/repository/org/springframework/data/spring-data-commons/1.11.0.RELEASE/spring-data-commons-1.11.0.RELEASE.jar!/org/springframework/data/repository/support/RepositoryInvocationInformation.class], URL [jar:file:/home/aluno/.m2/repository/org/springframework/data/spring-data-keyvalue/1.0.0.M1/spring-data-keyvalue-1.0.0.M1.jar!/org/springframework/data/keyvalue/repository/support/KeyValueRepositoryFactory$KeyValueQueryLookupStrategy.class], URL [jar:file:/home/aluno/.m2/repository/org/springframework/data/spring-data-keyvalue/1.0.0.M1/spring-data-keyvalue-1.0.0.M1.jar!/org/springframework/data/keyvalue/repository/support/QuerydslKeyValueRepository.class], URL [jar:file:/home/aluno/.m2/repository/org/springframework/data/spring-data-keyvalue/1.0.0.M1/spring-data-keyvalue-1.0.0.M1.jar!/org/springframework/data/keyvalue/repository/support/KeyValueRepositoryFactoryBean.class], URL [jar:file:/home/aluno/.m2/repository/org/springframework/data/spring-data-keyvalue/1.0.0.M1/spring-data-keyvalue-1.0.0.M1.jar!/org/springframework/data/keyvalue/repository/support/KeyValueQuerydslUtils$1.class], URL [jar:file:/home/aluno/.m2/repository/org/springframework/data/spring-data-keyvalue/1.0.0.M1/spring-data-keyvalue-1.0.0.M1.jar!/org/springframework/data/keyvalue/repository/support/KeyValueQuerydslUtils.class], URL [jar:file:/home/aluno/.m2/repository/org/springframework/data/spring-data-keyvalue/1.0.0.M1/spring-data-keyvalue-1.0.0.M1.jar!/org/springframework/data/keyvalue/repository/support/KeyValueRepositoryFactory.class], URL [jar:file:/home/aluno/.m2/repository/org/springframework/data/spring-data-keyvalue/1.0.0.M1/spring-data-keyvalue-1.0.0.M1.jar!/org/springframework/data/keyvalue/repository/support/SimpleKeyValueRepository.class]]
16:38:21.774 [main] DEBUG o.s.c.a.ClassPathScanningCandidateComponentProvider - Identified candidate component class: file [/home/aluno/spring-projects/maven/spring-data-aerospike/target/classes/org/springframework/data/aerospike/repository/support/AerospikeRepositoryFactory.class]
16:38:21.781 [main] DEBUG o.s.c.a.ClassPathScanningCandidateComponentProvider - Identified candidate component class: URL [jar:file:/home/aluno/.m2/repository/org/springframework/data/spring-data-keyvalue/1.0.0.M1/spring-data-keyvalue-1.0.0.M1.jar!/org/springframework/data/keyvalue/repository/support/KeyValueRepositoryFactory.class]
16:38:21.781 [main] DEBUG o.s.d.r.c.RepositoryConfigurationDelegate - Multiple Spring Data modules found, entering strict repository configuration mode!
16:38:21.781 [main] DEBUG o.s.core.env.StandardEnvironment - Adding [systemProperties] PropertySource with lowest search precedence
16:38:21.781 [main] DEBUG o.s.core.env.StandardEnvironment - Adding [systemEnvironment] PropertySource with lowest search precedence
16:38:21.781 [main] DEBUG o.s.core.env.StandardEnvironment - Initialized StandardEnvironment with PropertySources [systemProperties,systemEnvironment]
16:38:21.782 [main] DEBUG o.s.c.i.s.PathMatchingResourcePatternResolver - Looking for matching resources in directory tree [/home/aluno/spring-projects/maven/spring-data-aerospike/target/test-classes/org/springframework/data/aerospike/repository]
16:38:21.782 [main] DEBUG o.s.c.i.s.PathMatchingResourcePatternResolver - Searching directory [/home/aluno/spring-projects/maven/spring-data-aerospike/target/test-classes/org/springframework/data/aerospike/repository] for files matching pattern [/home/aluno/spring-projects/maven/spring-data-aerospike/target/test-classes/org/springframework/data/aerospike/repository/**/*.class]
16:38:21.782 [main] DEBUG o.s.c.i.s.PathMatchingResourcePatternResolver - Searching directory [/home/aluno/spring-projects/maven/spring-data-aerospike/target/test-classes/org/springframework/data/aerospike/repository/support] for files matching pattern [/home/aluno/spring-projects/maven/spring-data-aerospike/target/test-classes/org/springframework/data/aerospike/repository/**/*.class]
16:38:21.782 [main] DEBUG o.s.c.i.s.PathMatchingResourcePatternResolver - Searching directory [/home/aluno/spring-projects/maven/spring-data-aerospike/target/test-classes/org/springframework/data/aerospike/repository/query] for files matching pattern [/home/aluno/spring-projects/maven/spring-data-aerospike/target/test-classes/org/springframework/data/aerospike/repository/**/*.class]
16:38:21.782 [main] DEBUG o.s.c.i.s.PathMatchingResourcePatternResolver - Looking for matching resources in directory tree [/home/aluno/spring-projects/maven/spring-data-aerospike/target/classes/org/springframework/data/aerospike/repository]
16:38:21.782 [main] DEBUG o.s.c.i.s.PathMatchingResourcePatternResolver - Searching directory [/home/aluno/spring-projects/maven/spring-data-aerospike/target/classes/org/springframework/data/aerospike/repository] for files matching pattern [/home/aluno/spring-projects/maven/spring-data-aerospike/target/classes/org/springframework/data/aerospike/repository/**/*.class]
16:38:21.782 [main] DEBUG o.s.c.i.s.PathMatchingResourcePatternResolver - Searching directory [/home/aluno/spring-projects/maven/spring-data-aerospike/target/classes/org/springframework/data/aerospike/repository/support] for files matching pattern [/home/aluno/spring-projects/maven/spring-data-aerospike/target/classes/org/springframework/data/aerospike/repository/**/*.class]
16:38:21.782 [main] DEBUG o.s.c.i.s.PathMatchingResourcePatternResolver - Searching directory [/home/aluno/spring-projects/maven/spring-data-aerospike/target/classes/org/springframework/data/aerospike/repository/config] for files matching pattern [/home/aluno/spring-projects/maven/spring-data-aerospike/target/classes/org/springframework/data/aerospike/repository/**/*.class]
16:38:21.782 [main] DEBUG o.s.c.i.s.PathMatchingResourcePatternResolver - Searching directory [/home/aluno/spring-projects/maven/spring-data-aerospike/target/classes/org/springframework/data/aerospike/repository/query] for files matching pattern [/home/aluno/spring-projects/maven/spring-data-aerospike/target/classes/org/springframework/data/aerospike/repository/**/*.class]
16:38:21.783 [main] DEBUG o.s.c.i.s.PathMatchingResourcePatternResolver - Resolved location pattern [classpath*:org/springframework/data/aerospike/repository/**/*.class] to resources [file [/home/aluno/spring-projects/maven/spring-data-aerospike/target/test-classes/org/springframework/data/aerospike/repository/Credentials.class], file [/home/aluno/spring-projects/maven/spring-data-aerospike/target/test-classes/org/springframework/data/aerospike/repository/AbstractPersonRepositoryIntegrationTests$1.class], file [/home/aluno/spring-projects/maven/spring-data-aerospike/target/test-classes/org/springframework/data/aerospike/repository/PersonRepository.class], file [/home/aluno/spring-projects/maven/spring-data-aerospike/target/test-classes/org/springframework/data/aerospike/repository/TestConfigPerson.class], file [/home/aluno/spring-projects/maven/spring-data-aerospike/target/test-classes/org/springframework/data/aerospike/repository/Address.class], file [/home/aluno/spring-projects/maven/spring-data-aerospike/target/test-classes/org/springframework/data/aerospike/repository/Person$Sex.class], file [/home/aluno/spring-projects/maven/spring-data-aerospike/target/test-classes/org/springframework/data/aerospike/repository/Person.class], file [/home/aluno/spring-projects/maven/spring-data-aerospike/target/test-classes/org/springframework/data/aerospike/repository/ContactRepository.class], file [/home/aluno/spring-projects/maven/spring-data-aerospike/target/test-classes/org/springframework/data/aerospike/repository/AbstractPersonRepositoryIntegrationTests.class], file [/home/aluno/spring-projects/maven/spring-data-aerospike/target/test-classes/org/springframework/data/aerospike/repository/User.class], file [/home/aluno/spring-projects/maven/spring-data-aerospike/target/test-classes/org/springframework/data/aerospike/repository/CustomerRepositoriesIntegrationTests$Config.class], file [/home/aluno/spring-projects/maven/spring-data-aerospike/target/test-classes/org/springframework/data/aerospike/repository/AnnotatedPerson.class], file [/home/aluno/spring-projects/maven/spring-data-aerospike/target/test-classes/org/springframework/data/aerospike/repository/support/SimpleAerospikeRepositoryTest$5.class], file [/home/aluno/spring-projects/maven/spring-data-aerospike/target/test-classes/org/springframework/data/aerospike/repository/support/SimpleAerospikeRepositoryTest$9.class], file [/home/aluno/spring-projects/maven/spring-data-aerospike/target/test-classes/org/springframework/data/aerospike/repository/support/SimpleAerospikeRepositoryTest$4.class], file [/home/aluno/spring-projects/maven/spring-data-aerospike/target/test-classes/org/springframework/data/aerospike/repository/support/AerospikeRepositoryFactoryTest.class], file [/home/aluno/spring-projects/maven/spring-data-aerospike/target/test-classes/org/springframework/data/aerospike/repository/support/SimpleAerospikeRepositoryTest.class], file [/home/aluno/spring-projects/maven/spring-data-aerospike/target/test-classes/org/springframework/data/aerospike/repository/support/SimpleAerospikeRepositoryTest$1.class], file [/home/aluno/spring-projects/maven/spring-data-aerospike/target/test-classes/org/springframework/data/aerospike/repository/support/SimpleAerospikeRepositoryTest$3.class], file [/home/aluno/spring-projects/maven/spring-data-aerospike/target/test-classes/org/springframework/data/aerospike/repository/support/SimpleAerospikeRepositoryTest$8.class], file [/home/aluno/spring-projects/maven/spring-data-aerospike/target/test-classes/org/springframework/data/aerospike/repository/support/SimpleAerospikeRepositoryTest$6.class], file [/home/aluno/spring-projects/maven/spring-data-aerospike/target/test-classes/org/springframework/data/aerospike/repository/support/SimpleAerospikeRepositoryTest$2.class], file [/home/aluno/spring-projects/maven/spring-data-aerospike/target/test-classes/org/springframework/data/aerospike/repository/support/AllTests.class], file [/home/aluno/spring-projects/maven/spring-data-aerospike/target/test-classes/org/springframework/data/aerospike/repository/support/SimpleAerospikeRepositoryTest$7.class], file [/home/aluno/spring-projects/maven/spring-data-aerospike/target/test-classes/org/springframework/data/aerospike/repository/Contact.class], file [/home/aluno/spring-projects/maven/spring-data-aerospike/target/test-classes/org/springframework/data/aerospike/repository/AllTests.class], file [/home/aluno/spring-projects/maven/spring-data-aerospike/target/test-classes/org/springframework/data/aerospike/repository/PersonRepositoryIntegrationTests.class], file [/home/aluno/spring-projects/maven/spring-data-aerospike/target/test-classes/org/springframework/data/aerospike/repository/query/StubParameterAccessor.class], file [/home/aluno/spring-projects/maven/spring-data-aerospike/target/test-classes/org/springframework/data/aerospike/repository/query/AllTests.class], file [/home/aluno/spring-projects/maven/spring-data-aerospike/target/test-classes/org/springframework/data/aerospike/repository/query/AerospikePartTreeQueryTest.class], file [/home/aluno/spring-projects/maven/spring-data-aerospike/target/test-classes/org/springframework/data/aerospike/repository/CustomerRepositoriesIntegrationTests.class], file [/home/aluno/spring-projects/maven/spring-data-aerospike/target/classes/org/springframework/data/aerospike/repository/AerospikeRepository.class], file [/home/aluno/spring-projects/maven/spring-data-aerospike/target/classes/org/springframework/data/aerospike/repository/support/AerospikeRepositoryFactoryBean.class], file [/home/aluno/spring-projects/maven/spring-data-aerospike/target/classes/org/springframework/data/aerospike/repository/support/AerospikeRepositoryFactory$AerospikeQueryLookupStrategy.class], file [/home/aluno/spring-projects/maven/spring-data-aerospike/target/classes/org/springframework/data/aerospike/repository/support/AerospikeRepositoryFactory.class], file [/home/aluno/spring-projects/maven/spring-data-aerospike/target/classes/org/springframework/data/aerospike/repository/support/SimpleAerospikeRepository.class], file [/home/aluno/spring-projects/maven/spring-data-aerospike/target/classes/org/springframework/data/aerospike/repository/config/AerospikeRepositoriesRegistrar.class], file [/home/aluno/spring-projects/maven/spring-data-aerospike/target/classes/org/springframework/data/aerospike/repository/config/EnableAerospikeRepositories.class], file [/home/aluno/spring-projects/maven/spring-data-aerospike/target/classes/org/springframework/data/aerospike/repository/config/AerospikeRepositoriesRegistrar$1.class], file [/home/aluno/spring-projects/maven/spring-data-aerospike/target/classes/org/springframework/data/aerospike/repository/config/AerospikeRepositoriesRegistrar$AerospikeRepositoryConfigurationExtension.class], file [/home/aluno/spring-projects/maven/spring-data-aerospike/target/classes/org/springframework/data/aerospike/repository/query/AerospikeParameterAccessor.class], file [/home/aluno/spring-projects/maven/spring-data-aerospike/target/classes/org/springframework/data/aerospike/repository/query/Query.class], file [/home/aluno/spring-projects/maven/spring-data-aerospike/target/classes/org/springframework/data/aerospike/repository/query/ConvertingParameterAccessor.class], file [/home/aluno/spring-projects/maven/spring-data-aerospike/target/classes/org/springframework/data/aerospike/repository/query/AerospikeQueryCreator$1.class], file [/home/aluno/spring-projects/maven/spring-data-aerospike/target/classes/org/springframework/data/aerospike/repository/query/CriteriaDefinition.class], file [/home/aluno/spring-projects/maven/spring-data-aerospike/target/classes/org/springframework/data/aerospike/repository/query/TextCriteria.class], file [/home/aluno/spring-projects/maven/spring-data-aerospike/target/classes/org/springframework/data/aerospike/repository/query/Criteria.class], file [/home/aluno/spring-projects/maven/spring-data-aerospike/target/classes/org/springframework/data/aerospike/repository/query/AerospikePartTreeQuery.class], file [/home/aluno/spring-projects/maven/spring-data-aerospike/target/classes/org/springframework/data/aerospike/repository/query/AerospikeQueryCreator.class]]
16:38:21.783 [main] DEBUG o.s.d.r.c.RepositoryComponentProvider - Identified candidate component class: file [/home/aluno/spring-projects/maven/spring-data-aerospike/target/test-classes/org/springframework/data/aerospike/repository/PersonRepository.class]
16:38:21.784 [main] DEBUG o.s.d.r.c.RepositoryComponentProvider - Identified candidate component class: file [/home/aluno/spring-projects/maven/spring-data-aerospike/target/test-classes/org/springframework/data/aerospike/repository/ContactRepository.class]
16:38:21.789 [main] DEBUG o.s.core.env.StandardEnvironment - Adding [systemProperties] PropertySource with lowest search precedence
16:38:21.789 [main] DEBUG o.s.core.env.StandardEnvironment - Adding [systemEnvironment] PropertySource with lowest search precedence
16:38:21.789 [main] DEBUG o.s.core.env.StandardEnvironment - Initialized StandardEnvironment with PropertySources [systemProperties,systemEnvironment]
16:38:21.789 [main] DEBUG o.s.c.i.s.PathMatchingResourcePatternResolver - Looking for matching resources in directory tree [/home/aluno/spring-projects/maven/spring-data-aerospike/target/test-classes/org/springframework/data/aerospike/repository]
16:38:21.789 [main] DEBUG o.s.c.i.s.PathMatchingResourcePatternResolver - Searching directory [/home/aluno/spring-projects/maven/spring-data-aerospike/target/test-classes/org/springframework/data/aerospike/repository] for files matching pattern [/home/aluno/spring-projects/maven/spring-data-aerospike/target/test-classes/org/springframework/data/aerospike/repository/**/*PersonRepositoryImpl.class]
16:38:21.789 [main] DEBUG o.s.c.i.s.PathMatchingResourcePatternResolver - Searching directory [/home/aluno/spring-projects/maven/spring-data-aerospike/target/test-classes/org/springframework/data/aerospike/repository/support] for files matching pattern [/home/aluno/spring-projects/maven/spring-data-aerospike/target/test-classes/org/springframework/data/aerospike/repository/**/*PersonRepositoryImpl.class]
16:38:21.789 [main] DEBUG o.s.c.i.s.PathMatchingResourcePatternResolver - Searching directory [/home/aluno/spring-projects/maven/spring-data-aerospike/target/test-classes/org/springframework/data/aerospike/repository/query] for files matching pattern [/home/aluno/spring-projects/maven/spring-data-aerospike/target/test-classes/org/springframework/data/aerospike/repository/**/*PersonRepositoryImpl.class]
16:38:21.789 [main] DEBUG o.s.c.i.s.PathMatchingResourcePatternResolver - Looking for matching resources in directory tree [/home/aluno/spring-projects/maven/spring-data-aerospike/target/classes/org/springframework/data/aerospike/repository]
16:38:21.789 [main] DEBUG o.s.c.i.s.PathMatchingResourcePatternResolver - Searching directory [/home/aluno/spring-projects/maven/spring-data-aerospike/target/classes/org/springframework/data/aerospike/repository] for files matching pattern [/home/aluno/spring-projects/maven/spring-data-aerospike/target/classes/org/springframework/data/aerospike/repository/**/*PersonRepositoryImpl.class]
16:38:21.789 [main] DEBUG o.s.c.i.s.PathMatchingResourcePatternResolver - Searching directory [/home/aluno/spring-projects/maven/spring-data-aerospike/target/classes/org/springframework/data/aerospike/repository/support] for files matching pattern [/home/aluno/spring-projects/maven/spring-data-aerospike/target/classes/org/springframework/data/aerospike/repository/**/*PersonRepositoryImpl.class]
16:38:21.790 [main] DEBUG o.s.c.i.s.PathMatchingResourcePatternResolver - Searching directory [/home/aluno/spring-projects/maven/spring-data-aerospike/target/classes/org/springframework/data/aerospike/repository/config] for files matching pattern [/home/aluno/spring-projects/maven/spring-data-aerospike/target/classes/org/springframework/data/aerospike/repository/**/*PersonRepositoryImpl.class]
16:38:21.790 [main] DEBUG o.s.c.i.s.PathMatchingResourcePatternResolver - Searching directory [/home/aluno/spring-projects/maven/spring-data-aerospike/target/classes/org/springframework/data/aerospike/repository/query] for files matching pattern [/home/aluno/spring-projects/maven/spring-data-aerospike/target/classes/org/springframework/data/aerospike/repository/**/*PersonRepositoryImpl.class]
16:38:21.790 [main] DEBUG o.s.c.i.s.PathMatchingResourcePatternResolver - Resolved location pattern [classpath*:org/springframework/data/aerospike/repository/**/*PersonRepositoryImpl.class] to resources []
16:38:21.790 [main] DEBUG o.s.d.r.c.RepositoryConfigurationDelegate - Spring Data Aerospike - Registering repository: personRepository - Interface: org.springframework.data.aerospike.repository.PersonRepository - Factory: org.springframework.data.keyvalue.repository.support.KeyValueRepositoryFactoryBean
16:38:21.790 [main] DEBUG o.s.core.env.StandardEnvironment - Adding [systemProperties] PropertySource with lowest search precedence
16:38:21.790 [main] DEBUG o.s.core.env.StandardEnvironment - Adding [systemEnvironment] PropertySource with lowest search precedence
16:38:21.790 [main] DEBUG o.s.core.env.StandardEnvironment - Initialized StandardEnvironment with PropertySources [systemProperties,systemEnvironment]
16:38:21.790 [main] DEBUG o.s.c.i.s.PathMatchingResourcePatternResolver - Looking for matching resources in directory tree [/home/aluno/spring-projects/maven/spring-data-aerospike/target/test-classes/org/springframework/data/aerospike/repository]
16:38:21.790 [main] DEBUG o.s.c.i.s.PathMatchingResourcePatternResolver - Searching directory [/home/aluno/spring-projects/maven/spring-data-aerospike/target/test-classes/org/springframework/data/aerospike/repository] for files matching pattern [/home/aluno/spring-projects/maven/spring-data-aerospike/target/test-classes/org/springframework/data/aerospike/repository/**/*ContactRepositoryImpl.class]
16:38:21.790 [main] DEBUG o.s.c.i.s.PathMatchingResourcePatternResolver - Searching directory [/home/aluno/spring-projects/maven/spring-data-aerospike/target/test-classes/org/springframework/data/aerospike/repository/support] for files matching pattern [/home/aluno/spring-projects/maven/spring-data-aerospike/target/test-classes/org/springframework/data/aerospike/repository/**/*ContactRepositoryImpl.class]
16:38:21.791 [main] DEBUG o.s.c.i.s.PathMatchingResourcePatternResolver - Searching directory [/home/aluno/spring-projects/maven/spring-data-aerospike/target/test-classes/org/springframework/data/aerospike/repository/query] for files matching pattern [/home/aluno/spring-projects/maven/spring-data-aerospike/target/test-classes/org/springframework/data/aerospike/repository/**/*ContactRepositoryImpl.class]
16:38:21.791 [main] DEBUG o.s.c.i.s.PathMatchingResourcePatternResolver - Looking for matching resources in directory tree [/home/aluno/spring-projects/maven/spring-data-aerospike/target/classes/org/springframework/data/aerospike/repository]
16:38:21.791 [main] DEBUG o.s.c.i.s.PathMatchingResourcePatternResolver - Searching directory [/home/aluno/spring-projects/maven/spring-data-aerospike/target/classes/org/springframework/data/aerospike/repository] for files matching pattern [/home/aluno/spring-projects/maven/spring-data-aerospike/target/classes/org/springframework/data/aerospike/repository/**/*ContactRepositoryImpl.class]
16:38:21.791 [main] DEBUG o.s.c.i.s.PathMatchingResourcePatternResolver - Searching directory [/home/aluno/spring-projects/maven/spring-data-aerospike/target/classes/org/springframework/data/aerospike/repository/support] for files matching pattern [/home/aluno/spring-projects/maven/spring-data-aerospike/target/classes/org/springframework/data/aerospike/repository/**/*ContactRepositoryImpl.class]
16:38:21.791 [main] DEBUG o.s.c.i.s.PathMatchingResourcePatternResolver - Searching directory [/home/aluno/spring-projects/maven/spring-data-aerospike/target/classes/org/springframework/data/aerospike/repository/config] for files matching pattern [/home/aluno/spring-projects/maven/spring-data-aerospike/target/classes/org/springframework/data/aerospike/repository/**/*ContactRepositoryImpl.class]
16:38:21.791 [main] DEBUG o.s.c.i.s.PathMatchingResourcePatternResolver - Searching directory [/home/aluno/spring-projects/maven/spring-data-aerospike/target/classes/org/springframework/data/aerospike/repository/query] for files matching pattern [/home/aluno/spring-projects/maven/spring-data-aerospike/target/classes/org/springframework/data/aerospike/repository/**/*ContactRepositoryImpl.class]
16:38:21.791 [main] DEBUG o.s.c.i.s.PathMatchingResourcePatternResolver - Resolved location pattern [classpath*:org/springframework/data/aerospike/repository/**/*ContactRepositoryImpl.class] to resources []
16:38:21.791 [main] DEBUG o.s.d.r.c.RepositoryConfigurationDelegate - Spring Data Aerospike - Registering repository: contactRepository - Interface: org.springframework.data.aerospike.repository.ContactRepository - Factory: org.springframework.data.keyvalue.repository.support.KeyValueRepositoryFactoryBean
16:38:21.791 [main] DEBUG o.s.c.a.ConfigurationClassEnhancer - Successfully enhanced org.springframework.data.aerospike.repository.TestConfigPerson; enhanced class name is: org.springframework.data.aerospike.repository.TestConfigPerson$$EnhancerBySpringCGLIB$$3f27a8da
16:38:21.792 [main] DEBUG o.s.c.a.ConfigurationClassPostProcessor - Replacing bean definition 'testConfigPerson' existing class name 'org.springframework.data.aerospike.repository.TestConfigPerson' with enhanced class name 'org.springframework.data.aerospike.repository.TestConfigPerson$$EnhancerBySpringCGLIB$$3f27a8da'
16:38:21.792 [main] DEBUG o.s.b.f.s.DefaultListableBeanFactory - Creating shared instance of singleton bean 'org.springframework.context.annotation.internalAutowiredAnnotationProcessor'
16:38:21.792 [main] DEBUG o.s.b.f.s.DefaultListableBeanFactory - Creating instance of bean 'org.springframework.context.annotation.internalAutowiredAnnotationProcessor'
16:38:21.792 [main] DEBUG o.s.b.f.s.DefaultListableBeanFactory - Eagerly caching bean 'org.springframework.context.annotation.internalAutowiredAnnotationProcessor' to allow for resolving potential circular references
16:38:21.792 [main] DEBUG o.s.b.f.s.DefaultListableBeanFactory - Finished creating instance of bean 'org.springframework.context.annotation.internalAutowiredAnnotationProcessor'
16:38:21.792 [main] DEBUG o.s.b.f.s.DefaultListableBeanFactory - Creating shared instance of singleton bean 'org.springframework.context.annotation.internalRequiredAnnotationProcessor'
16:38:21.792 [main] DEBUG o.s.b.f.s.DefaultListableBeanFactory - Creating instance of bean 'org.springframework.context.annotation.internalRequiredAnnotationProcessor'
16:38:21.792 [main] DEBUG o.s.b.f.s.DefaultListableBeanFactory - Eagerly caching bean 'org.springframework.context.annotation.internalRequiredAnnotationProcessor' to allow for resolving potential circular references
16:38:21.792 [main] DEBUG o.s.b.f.s.DefaultListableBeanFactory - Finished creating instance of bean 'org.springframework.context.annotation.internalRequiredAnnotationProcessor'
16:38:21.792 [main] DEBUG o.s.b.f.s.DefaultListableBeanFactory - Creating shared instance of singleton bean 'org.springframework.context.annotation.internalCommonAnnotationProcessor'
16:38:21.792 [main] DEBUG o.s.b.f.s.DefaultListableBeanFactory - Creating instance of bean 'org.springframework.context.annotation.internalCommonAnnotationProcessor'
16:38:21.792 [main] DEBUG o.s.b.f.s.DefaultListableBeanFactory - Eagerly caching bean 'org.springframework.context.annotation.internalCommonAnnotationProcessor' to allow for resolving potential circular references
16:38:21.792 [main] DEBUG o.s.b.f.s.DefaultListableBeanFactory - Finished creating instance of bean 'org.springframework.context.annotation.internalCommonAnnotationProcessor'
16:38:21.792 [main] DEBUG o.s.b.f.s.DefaultListableBeanFactory - Creating shared instance of singleton bean 'org.springframework.context.annotation.ConfigurationClassPostProcessor.importAwareProcessor'
16:38:21.792 [main] DEBUG o.s.b.f.s.DefaultListableBeanFactory - Creating instance of bean 'org.springframework.context.annotation.ConfigurationClassPostProcessor.importAwareProcessor'
16:38:21.792 [main] DEBUG o.s.b.f.s.DefaultListableBeanFactory - Eagerly caching bean 'org.springframework.context.annotation.ConfigurationClassPostProcessor.importAwareProcessor' to allow for resolving potential circular references
16:38:21.792 [main] DEBUG o.s.b.f.s.DefaultListableBeanFactory - Finished creating instance of bean 'org.springframework.context.annotation.ConfigurationClassPostProcessor.importAwareProcessor'
16:38:21.792 [main] DEBUG o.s.b.f.s.DefaultListableBeanFactory - Creating shared instance of singleton bean 'org.springframework.context.annotation.ConfigurationClassPostProcessor.enhancedConfigurationProcessor'
16:38:21.792 [main] DEBUG o.s.b.f.s.DefaultListableBeanFactory - Creating instance of bean 'org.springframework.context.annotation.ConfigurationClassPostProcessor.enhancedConfigurationProcessor'
16:38:21.792 [main] DEBUG o.s.b.f.s.DefaultListableBeanFactory - Eagerly caching bean 'org.springframework.context.annotation.ConfigurationClassPostProcessor.enhancedConfigurationProcessor' to allow for resolving potential circular references
16:38:21.792 [main] DEBUG o.s.b.f.s.DefaultListableBeanFactory - Finished creating instance of bean 'org.springframework.context.annotation.ConfigurationClassPostProcessor.enhancedConfigurationProcessor'
16:38:21.792 [main] DEBUG o.s.b.f.s.DefaultListableBeanFactory - Creating shared instance of singleton bean 'org.springframework.data.repository.core.support.RepositoryInterfaceAwareBeanPostProcessor'
16:38:21.792 [main] DEBUG o.s.b.f.s.DefaultListableBeanFactory - Creating instance of bean 'org.springframework.data.repository.core.support.RepositoryInterfaceAwareBeanPostProcessor'
16:38:21.792 [main] DEBUG o.s.b.f.s.DefaultListableBeanFactory - Eagerly caching bean 'org.springframework.data.repository.core.support.RepositoryInterfaceAwareBeanPostProcessor' to allow for resolving potential circular references
16:38:21.792 [main] DEBUG o.s.b.f.s.DefaultListableBeanFactory - Finished creating instance of bean 'org.springframework.data.repository.core.support.RepositoryInterfaceAwareBeanPostProcessor'
16:38:21.792 [main] DEBUG o.s.c.s.GenericApplicationContext - Unable to locate MessageSource with name 'messageSource': using default [org.springframework.context.support.DelegatingMessageSource@4f081b5d]
16:38:21.792 [main] DEBUG o.s.c.s.GenericApplicationContext - Unable to locate ApplicationEventMulticaster with name 'applicationEventMulticaster': using default [org.springframework.context.event.SimpleApplicationEventMulticaster@474749b8]
16:38:21.792 [main] DEBUG o.s.b.f.s.DefaultListableBeanFactory - Pre-instantiating singletons in org.springframework.beans.factory.support.DefaultListableBeanFactory@6ee88e21: defining beans [org.springframework.context.annotation.internalConfigurationAnnotationProcessor,org.springframework.context.annotation.internalAutowiredAnnotationProcessor,org.springframework.context.annotation.internalRequiredAnnotationProcessor,org.springframework.context.annotation.internalCommonAnnotationProcessor,testConfigPerson,org.springframework.context.annotation.ConfigurationClassPostProcessor.importAwareProcessor,org.springframework.context.annotation.ConfigurationClassPostProcessor.enhancedConfigurationProcessor,aerospikeTemplate,aerospikeClient,org.springframework.data.aerospike.repository.config.AerospikeRepositoriesRegistrar$AerospikeRepositoryConfigurationExtension#0,org.springframework.data.repository.core.support.RepositoryInterfaceAwareBeanPostProcessor,keyValueMappingContext,personRepository,contactRepository]; root of factory hierarchy
16:38:21.792 [main] DEBUG o.s.b.f.s.DefaultListableBeanFactory - Returning cached instance of singleton bean 'org.springframework.context.annotation.internalConfigurationAnnotationProcessor'
16:38:21.792 [main] DEBUG o.s.b.f.s.DefaultListableBeanFactory - Returning cached instance of singleton bean 'org.springframework.context.annotation.internalAutowiredAnnotationProcessor'
16:38:21.792 [main] DEBUG o.s.b.f.s.DefaultListableBeanFactory - Returning cached instance of singleton bean 'org.springframework.context.annotation.internalRequiredAnnotationProcessor'
16:38:21.792 [main] DEBUG o.s.b.f.s.DefaultListableBeanFactory - Returning cached instance of singleton bean 'org.springframework.context.annotation.internalCommonAnnotationProcessor'
16:38:21.792 [main] DEBUG o.s.b.f.s.DefaultListableBeanFactory - Creating shared instance of singleton bean 'testConfigPerson'
16:38:21.792 [main] DEBUG o.s.b.f.s.DefaultListableBeanFactory - Creating instance of bean 'testConfigPerson'
16:38:21.793 [main] DEBUG o.s.b.f.s.DefaultListableBeanFactory - Eagerly caching bean 'testConfigPerson' to allow for resolving potential circular references
16:38:21.793 [main] DEBUG o.s.b.f.s.DefaultListableBeanFactory - Finished creating instance of bean 'testConfigPerson'
16:38:21.793 [main] DEBUG o.s.b.f.s.DefaultListableBeanFactory - Returning cached instance of singleton bean 'org.springframework.context.annotation.ConfigurationClassPostProcessor.importAwareProcessor'
16:38:21.793 [main] DEBUG o.s.b.f.s.DefaultListableBeanFactory - Returning cached instance of singleton bean 'org.springframework.context.annotation.ConfigurationClassPostProcessor.enhancedConfigurationProcessor'
16:38:21.793 [main] DEBUG o.s.b.f.s.DefaultListableBeanFactory - Creating shared instance of singleton bean 'aerospikeTemplate'
16:38:21.793 [main] DEBUG o.s.b.f.s.DefaultListableBeanFactory - Creating instance of bean 'aerospikeTemplate'
16:38:21.793 [main] DEBUG o.s.b.f.s.DefaultListableBeanFactory - Returning cached instance of singleton bean 'testConfigPerson'
16:38:21.793 [main] DEBUG o.s.b.f.s.DefaultListableBeanFactory - Creating shared instance of singleton bean 'aerospikeClient'
16:38:21.793 [main] DEBUG o.s.b.f.s.DefaultListableBeanFactory - Creating instance of bean 'aerospikeClient'
16:38:21.793 [main] DEBUG o.s.b.f.s.DefaultListableBeanFactory - Returning cached instance of singleton bean 'testConfigPerson'
16:38:23.795 [main] DEBUG o.s.d.a.r.q.AerospikeQueryCreator - AS:Alias 52.41.32.83:3000 failed: Error Code 11: java.net.SocketTimeoutException: connect timed out
16:38:23.795 [main] WARN  o.s.d.a.r.q.AerospikeQueryCreator - AS:Seed 52.41.32.83:3000 failed: Error Code 11: java.net.SocketTimeoutException: connect timed out
16:38:23.798 [main] WARN  o.s.c.s.GenericApplicationContext - Exception encountered during context initialization - cancelling refresh attempt
org.springframework.beans.factory.BeanCreationException: Error creating bean with name 'aerospikeTemplate' defined in org.springframework.data.aerospike.repository.TestConfigPerson: Bean instantiation via factory method failed; nested exception is org.springframework.beans.BeanInstantiationException: Failed to instantiate [org.springframework.data.aerospike.core.AerospikeTemplate]: Factory method 'aerospikeTemplate' threw exception; nested exception is org.springframework.beans.factory.BeanCreationException: Error creating bean with name 'aerospikeClient' defined in org.springframework.data.aerospike.repository.TestConfigPerson: Bean instantiation via factory method failed; nested exception is org.springframework.beans.BeanInstantiationException: Failed to instantiate [com.aerospike.client.AerospikeClient]: Factory method 'aerospikeClient' threw exception; nested exception is com.aerospike.client.AerospikeException$Connection: Error Code 11: Failed to connect to host(s): 
52.41.32.83:3000 Error Code 11: java.net.SocketTimeoutException: connect timed out

	at org.springframework.beans.factory.support.ConstructorResolver.instantiateUsingFactoryMethod(ConstructorResolver.java:599) ~[spring-beans-4.1.7.RELEASE.jar:4.1.7.RELEASE]
	at org.springframework.beans.factory.support.AbstractAutowireCapableBeanFactory.instantiateUsingFactoryMethod(AbstractAutowireCapableBeanFactory.java:1119) ~[spring-beans-4.1.7.RELEASE.jar:4.1.7.RELEASE]
	at org.springframework.beans.factory.support.AbstractAutowireCapableBeanFactory.createBeanInstance(AbstractAutowireCapableBeanFactory.java:1014) ~[spring-beans-4.1.7.RELEASE.jar:4.1.7.RELEASE]
	at org.springframework.beans.factory.support.AbstractAutowireCapableBeanFactory.doCreateBean(AbstractAutowireCapableBeanFactory.java:504) ~[spring-beans-4.1.7.RELEASE.jar:4.1.7.RELEASE]
	at org.springframework.beans.factory.support.AbstractAutowireCapableBeanFactory.createBean(AbstractAutowireCapableBeanFactory.java:476) ~[spring-beans-4.1.7.RELEASE.jar:4.1.7.RELEASE]
	at org.springframework.beans.factory.support.AbstractBeanFactory$1.getObject(AbstractBeanFactory.java:303) ~[spring-beans-4.1.7.RELEASE.jar:4.1.7.RELEASE]
	at org.springframework.beans.factory.support.DefaultSingletonBeanRegistry.getSingleton(DefaultSingletonBeanRegistry.java:230) ~[spring-beans-4.1.7.RELEASE.jar:4.1.7.RELEASE]
	at org.springframework.beans.factory.support.AbstractBeanFactory.doGetBean(AbstractBeanFactory.java:299) ~[spring-beans-4.1.7.RELEASE.jar:4.1.7.RELEASE]
	at org.springframework.beans.factory.support.AbstractBeanFactory.getBean(AbstractBeanFactory.java:194) ~[spring-beans-4.1.7.RELEASE.jar:4.1.7.RELEASE]
	at org.springframework.beans.factory.support.DefaultListableBeanFactory.preInstantiateSingletons(DefaultListableBeanFactory.java:755) ~[spring-beans-4.1.7.RELEASE.jar:4.1.7.RELEASE]
	at org.springframework.context.support.AbstractApplicationContext.finishBeanFactoryInitialization(AbstractApplicationContext.java:757) ~[spring-context-4.1.7.RELEASE.jar:4.1.7.RELEASE]
	at org.springframework.context.support.AbstractApplicationContext.refresh(AbstractApplicationContext.java:480) ~[spring-context-4.1.7.RELEASE.jar:4.1.7.RELEASE]
	at org.springframework.test.context.support.AbstractGenericContextLoader.loadContext(AbstractGenericContextLoader.java:125) [spring-test-4.1.7.RELEASE.jar:4.1.7.RELEASE]
	at org.springframework.test.context.support.AbstractGenericContextLoader.loadContext(AbstractGenericContextLoader.java:60) [spring-test-4.1.7.RELEASE.jar:4.1.7.RELEASE]
	at org.springframework.test.context.support.AbstractDelegatingSmartContextLoader.delegateLoading(AbstractDelegatingSmartContextLoader.java:109) [spring-test-4.1.7.RELEASE.jar:4.1.7.RELEASE]
	at org.springframework.test.context.support.AbstractDelegatingSmartContextLoader.loadContext(AbstractDelegatingSmartContextLoader.java:261) [spring-test-4.1.7.RELEASE.jar:4.1.7.RELEASE]
	at org.springframework.test.context.DefaultCacheAwareContextLoaderDelegate.loadContextInternal(DefaultCacheAwareContextLoaderDelegate.java:68) [spring-test-4.1.7.RELEASE.jar:4.1.7.RELEASE]
	at org.springframework.test.context.DefaultCacheAwareContextLoaderDelegate.loadContext(DefaultCacheAwareContextLoaderDelegate.java:86) [spring-test-4.1.7.RELEASE.jar:4.1.7.RELEASE]
	at org.springframework.test.context.DefaultTestContext.getApplicationContext(DefaultTestContext.java:72) [spring-test-4.1.7.RELEASE.jar:4.1.7.RELEASE]
	at org.springframework.test.context.support.DependencyInjectionTestExecutionListener.injectDependencies(DependencyInjectionTestExecutionListener.java:117) [spring-test-4.1.7.RELEASE.jar:4.1.7.RELEASE]
	at org.springframework.test.context.support.DependencyInjectionTestExecutionListener.prepareTestInstance(DependencyInjectionTestExecutionListener.java:83) [spring-test-4.1.7.RELEASE.jar:4.1.7.RELEASE]
	at org.springframework.test.context.TestContextManager.prepareTestInstance(TestContextManager.java:212) [spring-test-4.1.7.RELEASE.jar:4.1.7.RELEASE]
	at org.springframework.test.context.junit4.SpringJUnit4ClassRunner.createTest(SpringJUnit4ClassRunner.java:200) [spring-test-4.1.7.RELEASE.jar:4.1.7.RELEASE]
	at org.springframework.test.context.junit4.SpringJUnit4ClassRunner$1.runReflectiveCall(SpringJUnit4ClassRunner.java:259) [spring-test-4.1.7.RELEASE.jar:4.1.7.RELEASE]
	at org.junit.internal.runners.model.ReflectiveCallable.run(ReflectiveCallable.java:12) [junit-4.12.jar:4.12]
	at org.springframework.test.context.junit4.SpringJUnit4ClassRunner.methodBlock(SpringJUnit4ClassRunner.java:261) [spring-test-4.1.7.RELEASE.jar:4.1.7.RELEASE]
	at org.springframework.test.context.junit4.SpringJUnit4ClassRunner.runChild(SpringJUnit4ClassRunner.java:219) [spring-test-4.1.7.RELEASE.jar:4.1.7.RELEASE]
	at org.springframework.test.context.junit4.SpringJUnit4ClassRunner.runChild(SpringJUnit4ClassRunner.java:83) [spring-test-4.1.7.RELEASE.jar:4.1.7.RELEASE]
	at org.junit.runners.ParentRunner$3.run(ParentRunner.java:290) [junit-4.12.jar:4.12]
	at org.junit.runners.ParentRunner$1.schedule(ParentRunner.java:71) [junit-4.12.jar:4.12]
	at org.junit.runners.ParentRunner.runChildren(ParentRunner.java:288) [junit-4.12.jar:4.12]
	at org.junit.runners.ParentRunner.access$000(ParentRunner.java:58) [junit-4.12.jar:4.12]
	at org.junit.runners.ParentRunner$2.evaluate(ParentRunner.java:268) [junit-4.12.jar:4.12]
	at org.springframework.test.context.junit4.statements.RunBeforeTestClassCallbacks.evaluate(RunBeforeTestClassCallbacks.java:61) [spring-test-4.1.7.RELEASE.jar:4.1.7.RELEASE]
	at org.springframework.test.context.junit4.statements.RunAfterTestClassCallbacks.evaluate(RunAfterTestClassCallbacks.java:68) [spring-test-4.1.7.RELEASE.jar:4.1.7.RELEASE]
	at org.junit.runners.ParentRunner.run(ParentRunner.java:363) [junit-4.12.jar:4.12]
	at org.springframework.test.context.junit4.SpringJUnit4ClassRunner.run(SpringJUnit4ClassRunner.java:163) [spring-test-4.1.7.RELEASE.jar:4.1.7.RELEASE]
	at org.apache.maven.surefire.junit4.JUnit4Provider.execute(JUnit4Provider.java:283) [surefire-junit4-2.18.1.jar:2.18.1]
	at org.apache.maven.surefire.junit4.JUnit4Provider.executeWithRerun(JUnit4Provider.java:173) [surefire-junit4-2.18.1.jar:2.18.1]
	at org.apache.maven.surefire.junit4.JUnit4Provider.executeTestSet(JUnit4Provider.java:153) [surefire-junit4-2.18.1.jar:2.18.1]
	at org.apache.maven.surefire.junit4.JUnit4Provider.invoke(JUnit4Provider.java:128) [surefire-junit4-2.18.1.jar:2.18.1]
	at org.apache.maven.surefire.booter.ForkedBooter.invokeProviderInSameClassLoader(ForkedBooter.java:203) [surefire-booter-2.18.1.jar:2.18.1]
	at org.apache.maven.surefire.booter.ForkedBooter.runSuitesInProcess(ForkedBooter.java:155) [surefire-booter-2.18.1.jar:2.18.1]
	at org.apache.maven.surefire.booter.ForkedBooter.main(ForkedBooter.java:103) [surefire-booter-2.18.1.jar:2.18.1]
Caused by: org.springframework.beans.BeanInstantiationException: Failed to instantiate [org.springframework.data.aerospike.core.AerospikeTemplate]: Factory method 'aerospikeTemplate' threw exception; nested exception is org.springframework.beans.factory.BeanCreationException: Error creating bean with name 'aerospikeClient' defined in org.springframework.data.aerospike.repository.TestConfigPerson: Bean instantiation via factory method failed; nested exception is org.springframework.beans.BeanInstantiationException: Failed to instantiate [com.aerospike.client.AerospikeClient]: Factory method 'aerospikeClient' threw exception; nested exception is com.aerospike.client.AerospikeException$Connection: Error Code 11: Failed to connect to host(s): 
52.41.32.83:3000 Error Code 11: java.net.SocketTimeoutException: connect timed out

	at org.springframework.beans.factory.support.SimpleInstantiationStrategy.instantiate(SimpleInstantiationStrategy.java:189) ~[spring-beans-4.1.7.RELEASE.jar:4.1.7.RELEASE]
	at org.springframework.beans.factory.support.ConstructorResolver.instantiateUsingFactoryMethod(ConstructorResolver.java:588) ~[spring-beans-4.1.7.RELEASE.jar:4.1.7.RELEASE]
	... 43 common frames omitted
Caused by: org.springframework.beans.factory.BeanCreationException: Error creating bean with name 'aerospikeClient' defined in org.springframework.data.aerospike.repository.TestConfigPerson: Bean instantiation via factory method failed; nested exception is org.springframework.beans.BeanInstantiationException: Failed to instantiate [com.aerospike.client.AerospikeClient]: Factory method 'aerospikeClient' threw exception; nested exception is com.aerospike.client.AerospikeException$Connection: Error Code 11: Failed to connect to host(s): 
52.41.32.83:3000 Error Code 11: java.net.SocketTimeoutException: connect timed out

	at org.springframework.beans.factory.support.ConstructorResolver.instantiateUsingFactoryMethod(ConstructorResolver.java:599) ~[spring-beans-4.1.7.RELEASE.jar:4.1.7.RELEASE]
	at org.springframework.beans.factory.support.AbstractAutowireCapableBeanFactory.instantiateUsingFactoryMethod(AbstractAutowireCapableBeanFactory.java:1119) ~[spring-beans-4.1.7.RELEASE.jar:4.1.7.RELEASE]
	at org.springframework.beans.factory.support.AbstractAutowireCapableBeanFactory.createBeanInstance(AbstractAutowireCapableBeanFactory.java:1014) ~[spring-beans-4.1.7.RELEASE.jar:4.1.7.RELEASE]
	at org.springframework.beans.factory.support.AbstractAutowireCapableBeanFactory.doCreateBean(AbstractAutowireCapableBeanFactory.java:504) ~[spring-beans-4.1.7.RELEASE.jar:4.1.7.RELEASE]
	at org.springframework.beans.factory.support.AbstractAutowireCapableBeanFactory.createBean(AbstractAutowireCapableBeanFactory.java:476) ~[spring-beans-4.1.7.RELEASE.jar:4.1.7.RELEASE]
	at org.springframework.beans.factory.support.AbstractBeanFactory$1.getObject(AbstractBeanFactory.java:303) ~[spring-beans-4.1.7.RELEASE.jar:4.1.7.RELEASE]
	at org.springframework.beans.factory.support.DefaultSingletonBeanRegistry.getSingleton(DefaultSingletonBeanRegistry.java:230) ~[spring-beans-4.1.7.RELEASE.jar:4.1.7.RELEASE]
	at org.springframework.beans.factory.support.AbstractBeanFactory.doGetBean(AbstractBeanFactory.java:299) ~[spring-beans-4.1.7.RELEASE.jar:4.1.7.RELEASE]
	at org.springframework.beans.factory.support.AbstractBeanFactory.getBean(AbstractBeanFactory.java:194) ~[spring-beans-4.1.7.RELEASE.jar:4.1.7.RELEASE]
	at org.springframework.context.annotation.ConfigurationClassEnhancer$BeanMethodInterceptor.intercept(ConfigurationClassEnhancer.java:322) ~[spring-context-4.1.7.RELEASE.jar:4.1.7.RELEASE]
	at org.springframework.data.aerospike.repository.TestConfigPerson$$EnhancerBySpringCGLIB$$3f27a8da.aerospikeClient(<generated>) ~[spring-core-4.1.7.RELEASE.jar:na]
	at org.springframework.data.aerospike.repository.TestConfigPerson.aerospikeTemplate(TestConfigPerson.java:38) ~[test-classes/:na]
	at org.springframework.data.aerospike.repository.TestConfigPerson$$EnhancerBySpringCGLIB$$3f27a8da.CGLIB$aerospikeTemplate$0(<generated>) ~[spring-core-4.1.7.RELEASE.jar:na]
	at org.springframework.data.aerospike.repository.TestConfigPerson$$EnhancerBySpringCGLIB$$3f27a8da$$FastClassBySpringCGLIB$$38965c5e.invoke(<generated>) ~[spring-core-4.1.7.RELEASE.jar:na]
	at org.springframework.cglib.proxy.MethodProxy.invokeSuper(MethodProxy.java:228) ~[spring-core-4.1.7.RELEASE.jar:4.1.7.RELEASE]
	at org.springframework.context.annotation.ConfigurationClassEnhancer$BeanMethodInterceptor.intercept(ConfigurationClassEnhancer.java:309) ~[spring-context-4.1.7.RELEASE.jar:4.1.7.RELEASE]
	at org.springframework.data.aerospike.repository.TestConfigPerson$$EnhancerBySpringCGLIB$$3f27a8da.aerospikeTemplate(<generated>) ~[spring-core-4.1.7.RELEASE.jar:na]
	at sun.reflect.GeneratedMethodAccessor45.invoke(Unknown Source) ~[na:na]
	at sun.reflect.DelegatingMethodAccessorImpl.invoke(DelegatingMethodAccessorImpl.java:43) ~[na:1.8.0_91]
	at java.lang.reflect.Method.invoke(Method.java:498) ~[na:1.8.0_91]
	at org.springframework.beans.factory.support.SimpleInstantiationStrategy.instantiate(SimpleInstantiationStrategy.java:162) ~[spring-beans-4.1.7.RELEASE.jar:4.1.7.RELEASE]
	... 44 common frames omitted
Caused by: org.springframework.beans.BeanInstantiationException: Failed to instantiate [com.aerospike.client.AerospikeClient]: Factory method 'aerospikeClient' threw exception; nested exception is com.aerospike.client.AerospikeException$Connection: Error Code 11: Failed to connect to host(s): 
52.41.32.83:3000 Error Code 11: java.net.SocketTimeoutException: connect timed out

	at org.springframework.beans.factory.support.SimpleInstantiationStrategy.instantiate(SimpleInstantiationStrategy.java:189) ~[spring-beans-4.1.7.RELEASE.jar:4.1.7.RELEASE]
	at org.springframework.beans.factory.support.ConstructorResolver.instantiateUsingFactoryMethod(ConstructorResolver.java:588) ~[spring-beans-4.1.7.RELEASE.jar:4.1.7.RELEASE]
	... 64 common frames omitted
Caused by: com.aerospike.client.AerospikeException$Connection: Error Code 11: Failed to connect to host(s): 
52.41.32.83:3000 Error Code 11: java.net.SocketTimeoutException: connect timed out

	at com.aerospike.client.cluster.Cluster.seedNodes(Cluster.java:386) ~[aerospike-client-3.2.3.jar:na]
	at com.aerospike.client.cluster.Cluster.tend(Cluster.java:273) ~[aerospike-client-3.2.3.jar:na]
	at com.aerospike.client.cluster.Cluster.waitTillStabilized(Cluster.java:238) ~[aerospike-client-3.2.3.jar:na]
	at com.aerospike.client.cluster.Cluster.initTendThread(Cluster.java:148) ~[aerospike-client-3.2.3.jar:na]
	at com.aerospike.client.AerospikeClient.<init>(AerospikeClient.java:209) ~[aerospike-client-3.2.3.jar:na]
	at com.aerospike.client.AerospikeClient.<init>(AerospikeClient.java:173) ~[aerospike-client-3.2.3.jar:na]
	at org.springframework.data.aerospike.repository.TestConfigPerson.aerospikeClient(TestConfigPerson.java:32) ~[test-classes/:na]
	at org.springframework.data.aerospike.repository.TestConfigPerson$$EnhancerBySpringCGLIB$$3f27a8da.CGLIB$aerospikeClient$1(<generated>) ~[spring-core-4.1.7.RELEASE.jar:na]
	at org.springframework.data.aerospike.repository.TestConfigPerson$$EnhancerBySpringCGLIB$$3f27a8da$$FastClassBySpringCGLIB$$38965c5e.invoke(<generated>) ~[spring-core-4.1.7.RELEASE.jar:na]
	at org.springframework.cglib.proxy.MethodProxy.invokeSuper(MethodProxy.java:228) ~[spring-core-4.1.7.RELEASE.jar:4.1.7.RELEASE]
	at org.springframework.context.annotation.ConfigurationClassEnhancer$BeanMethodInterceptor.intercept(ConfigurationClassEnhancer.java:309) ~[spring-context-4.1.7.RELEASE.jar:4.1.7.RELEASE]
	at org.springframework.data.aerospike.repository.TestConfigPerson$$EnhancerBySpringCGLIB$$3f27a8da.aerospikeClient(<generated>) ~[spring-core-4.1.7.RELEASE.jar:na]
	at sun.reflect.GeneratedMethodAccessor46.invoke(Unknown Source) ~[na:na]
	at sun.reflect.DelegatingMethodAccessorImpl.invoke(DelegatingMethodAccessorImpl.java:43) ~[na:1.8.0_91]
	at java.lang.reflect.Method.invoke(Method.java:498) ~[na:1.8.0_91]
	at org.springframework.beans.factory.support.SimpleInstantiationStrategy.instantiate(SimpleInstantiationStrategy.java:162) ~[spring-beans-4.1.7.RELEASE.jar:4.1.7.RELEASE]
	... 65 common frames omitted
16:38:23.798 [main] DEBUG o.s.b.f.s.DefaultListableBeanFactory - Destroying singletons in org.springframework.beans.factory.support.DefaultListableBeanFactory@6ee88e21: defining beans [org.springframework.context.annotation.internalConfigurationAnnotationProcessor,org.springframework.context.annotation.internalAutowiredAnnotationProcessor,org.springframework.context.annotation.internalRequiredAnnotationProcessor,org.springframework.context.annotation.internalCommonAnnotationProcessor,testConfigPerson,org.springframework.context.annotation.ConfigurationClassPostProcessor.importAwareProcessor,org.springframework.context.annotation.ConfigurationClassPostProcessor.enhancedConfigurationProcessor,aerospikeTemplate,aerospikeClient,org.springframework.data.aerospike.repository.config.AerospikeRepositoriesRegistrar$AerospikeRepositoryConfigurationExtension#0,org.springframework.data.repository.core.support.RepositoryInterfaceAwareBeanPostProcessor,keyValueMappingContext,personRepository,contactRepository]; root of factory hierarchy
16:38:23.800 [main] ERROR o.s.test.context.TestContextManager - Caught exception while allowing TestExecutionListener [org.springframework.test.context.support.DependencyInjectionTestExecutionListener@334ebcaa] to prepare test instance [org.springframework.data.aerospike.repository.PersonRepositoryIntegrationTests@15e1f8fe]
java.lang.IllegalStateException: Failed to load ApplicationContext
	at org.springframework.test.context.DefaultCacheAwareContextLoaderDelegate.loadContext(DefaultCacheAwareContextLoaderDelegate.java:94) ~[spring-test-4.1.7.RELEASE.jar:4.1.7.RELEASE]
	at org.springframework.test.context.DefaultTestContext.getApplicationContext(DefaultTestContext.java:72) ~[spring-test-4.1.7.RELEASE.jar:4.1.7.RELEASE]
	at org.springframework.test.context.support.DependencyInjectionTestExecutionListener.injectDependencies(DependencyInjectionTestExecutionListener.java:117) ~[spring-test-4.1.7.RELEASE.jar:4.1.7.RELEASE]
	at org.springframework.test.context.support.DependencyInjectionTestExecutionListener.prepareTestInstance(DependencyInjectionTestExecutionListener.java:83) ~[spring-test-4.1.7.RELEASE.jar:4.1.7.RELEASE]
	at org.springframework.test.context.TestContextManager.prepareTestInstance(TestContextManager.java:212) ~[spring-test-4.1.7.RELEASE.jar:4.1.7.RELEASE]
	at org.springframework.test.context.junit4.SpringJUnit4ClassRunner.createTest(SpringJUnit4ClassRunner.java:200) [spring-test-4.1.7.RELEASE.jar:4.1.7.RELEASE]
	at org.springframework.test.context.junit4.SpringJUnit4ClassRunner$1.runReflectiveCall(SpringJUnit4ClassRunner.java:259) [spring-test-4.1.7.RELEASE.jar:4.1.7.RELEASE]
	at org.junit.internal.runners.model.ReflectiveCallable.run(ReflectiveCallable.java:12) [junit-4.12.jar:4.12]
	at org.springframework.test.context.junit4.SpringJUnit4ClassRunner.methodBlock(SpringJUnit4ClassRunner.java:261) [spring-test-4.1.7.RELEASE.jar:4.1.7.RELEASE]
	at org.springframework.test.context.junit4.SpringJUnit4ClassRunner.runChild(SpringJUnit4ClassRunner.java:219) [spring-test-4.1.7.RELEASE.jar:4.1.7.RELEASE]
	at org.springframework.test.context.junit4.SpringJUnit4ClassRunner.runChild(SpringJUnit4ClassRunner.java:83) [spring-test-4.1.7.RELEASE.jar:4.1.7.RELEASE]
	at org.junit.runners.ParentRunner$3.run(ParentRunner.java:290) [junit-4.12.jar:4.12]
	at org.junit.runners.ParentRunner$1.schedule(ParentRunner.java:71) [junit-4.12.jar:4.12]
	at org.junit.runners.ParentRunner.runChildren(ParentRunner.java:288) [junit-4.12.jar:4.12]
	at org.junit.runners.ParentRunner.access$000(ParentRunner.java:58) [junit-4.12.jar:4.12]
	at org.junit.runners.ParentRunner$2.evaluate(ParentRunner.java:268) [junit-4.12.jar:4.12]
	at org.springframework.test.context.junit4.statements.RunBeforeTestClassCallbacks.evaluate(RunBeforeTestClassCallbacks.java:61) [spring-test-4.1.7.RELEASE.jar:4.1.7.RELEASE]
	at org.springframework.test.context.junit4.statements.RunAfterTestClassCallbacks.evaluate(RunAfterTestClassCallbacks.java:68) [spring-test-4.1.7.RELEASE.jar:4.1.7.RELEASE]
	at org.junit.runners.ParentRunner.run(ParentRunner.java:363) [junit-4.12.jar:4.12]
	at org.springframework.test.context.junit4.SpringJUnit4ClassRunner.run(SpringJUnit4ClassRunner.java:163) [spring-test-4.1.7.RELEASE.jar:4.1.7.RELEASE]
	at org.apache.maven.surefire.junit4.JUnit4Provider.execute(JUnit4Provider.java:283) [surefire-junit4-2.18.1.jar:2.18.1]
	at org.apache.maven.surefire.junit4.JUnit4Provider.executeWithRerun(JUnit4Provider.java:173) [surefire-junit4-2.18.1.jar:2.18.1]
	at org.apache.maven.surefire.junit4.JUnit4Provider.executeTestSet(JUnit4Provider.java:153) [surefire-junit4-2.18.1.jar:2.18.1]
	at org.apache.maven.surefire.junit4.JUnit4Provider.invoke(JUnit4Provider.java:128) [surefire-junit4-2.18.1.jar:2.18.1]
	at org.apache.maven.surefire.booter.ForkedBooter.invokeProviderInSameClassLoader(ForkedBooter.java:203) [surefire-booter-2.18.1.jar:2.18.1]
	at org.apache.maven.surefire.booter.ForkedBooter.runSuitesInProcess(ForkedBooter.java:155) [surefire-booter-2.18.1.jar:2.18.1]
	at org.apache.maven.surefire.booter.ForkedBooter.main(ForkedBooter.java:103) [surefire-booter-2.18.1.jar:2.18.1]
Caused by: org.springframework.beans.factory.BeanCreationException: Error creating bean with name 'aerospikeTemplate' defined in org.springframework.data.aerospike.repository.TestConfigPerson: Bean instantiation via factory method failed; nested exception is org.springframework.beans.BeanInstantiationException: Failed to instantiate [org.springframework.data.aerospike.core.AerospikeTemplate]: Factory method 'aerospikeTemplate' threw exception; nested exception is org.springframework.beans.factory.BeanCreationException: Error creating bean with name 'aerospikeClient' defined in org.springframework.data.aerospike.repository.TestConfigPerson: Bean instantiation via factory method failed; nested exception is org.springframework.beans.BeanInstantiationException: Failed to instantiate [com.aerospike.client.AerospikeClient]: Factory method 'aerospikeClient' threw exception; nested exception is com.aerospike.client.AerospikeException$Connection: Error Code 11: Failed to connect to host(s): 
52.41.32.83:3000 Error Code 11: java.net.SocketTimeoutException: connect timed out

	at org.springframework.beans.factory.support.ConstructorResolver.instantiateUsingFactoryMethod(ConstructorResolver.java:599) ~[spring-beans-4.1.7.RELEASE.jar:4.1.7.RELEASE]
	at org.springframework.beans.factory.support.AbstractAutowireCapableBeanFactory.instantiateUsingFactoryMethod(AbstractAutowireCapableBeanFactory.java:1119) ~[spring-beans-4.1.7.RELEASE.jar:4.1.7.RELEASE]
	at org.springframework.beans.factory.support.AbstractAutowireCapableBeanFactory.createBeanInstance(AbstractAutowireCapableBeanFactory.java:1014) ~[spring-beans-4.1.7.RELEASE.jar:4.1.7.RELEASE]
	at org.springframework.beans.factory.support.AbstractAutowireCapableBeanFactory.doCreateBean(AbstractAutowireCapableBeanFactory.java:504) ~[spring-beans-4.1.7.RELEASE.jar:4.1.7.RELEASE]
	at org.springframework.beans.factory.support.AbstractAutowireCapableBeanFactory.createBean(AbstractAutowireCapableBeanFactory.java:476) ~[spring-beans-4.1.7.RELEASE.jar:4.1.7.RELEASE]
	at org.springframework.beans.factory.support.AbstractBeanFactory$1.getObject(AbstractBeanFactory.java:303) ~[spring-beans-4.1.7.RELEASE.jar:4.1.7.RELEASE]
	at org.springframework.beans.factory.support.DefaultSingletonBeanRegistry.getSingleton(DefaultSingletonBeanRegistry.java:230) ~[spring-beans-4.1.7.RELEASE.jar:4.1.7.RELEASE]
	at org.springframework.beans.factory.support.AbstractBeanFactory.doGetBean(AbstractBeanFactory.java:299) ~[spring-beans-4.1.7.RELEASE.jar:4.1.7.RELEASE]
	at org.springframework.beans.factory.support.AbstractBeanFactory.getBean(AbstractBeanFactory.java:194) ~[spring-beans-4.1.7.RELEASE.jar:4.1.7.RELEASE]
	at org.springframework.beans.factory.support.DefaultListableBeanFactory.preInstantiateSingletons(DefaultListableBeanFactory.java:755) ~[spring-beans-4.1.7.RELEASE.jar:4.1.7.RELEASE]
	at org.springframework.context.support.AbstractApplicationContext.finishBeanFactoryInitialization(AbstractApplicationContext.java:757) ~[spring-context-4.1.7.RELEASE.jar:4.1.7.RELEASE]
	at org.springframework.context.support.AbstractApplicationContext.refresh(AbstractApplicationContext.java:480) ~[spring-context-4.1.7.RELEASE.jar:4.1.7.RELEASE]
	at org.springframework.test.context.support.AbstractGenericContextLoader.loadContext(AbstractGenericContextLoader.java:125) ~[spring-test-4.1.7.RELEASE.jar:4.1.7.RELEASE]
	at org.springframework.test.context.support.AbstractGenericContextLoader.loadContext(AbstractGenericContextLoader.java:60) ~[spring-test-4.1.7.RELEASE.jar:4.1.7.RELEASE]
	at org.springframework.test.context.support.AbstractDelegatingSmartContextLoader.delegateLoading(AbstractDelegatingSmartContextLoader.java:109) ~[spring-test-4.1.7.RELEASE.jar:4.1.7.RELEASE]
	at org.springframework.test.context.support.AbstractDelegatingSmartContextLoader.loadContext(AbstractDelegatingSmartContextLoader.java:261) ~[spring-test-4.1.7.RELEASE.jar:4.1.7.RELEASE]
	at org.springframework.test.context.DefaultCacheAwareContextLoaderDelegate.loadContextInternal(DefaultCacheAwareContextLoaderDelegate.java:68) ~[spring-test-4.1.7.RELEASE.jar:4.1.7.RELEASE]
	at org.springframework.test.context.DefaultCacheAwareContextLoaderDelegate.loadContext(DefaultCacheAwareContextLoaderDelegate.java:86) ~[spring-test-4.1.7.RELEASE.jar:4.1.7.RELEASE]
	... 26 common frames omitted
Caused by: org.springframework.beans.BeanInstantiationException: Failed to instantiate [org.springframework.data.aerospike.core.AerospikeTemplate]: Factory method 'aerospikeTemplate' threw exception; nested exception is org.springframework.beans.factory.BeanCreationException: Error creating bean with name 'aerospikeClient' defined in org.springframework.data.aerospike.repository.TestConfigPerson: Bean instantiation via factory method failed; nested exception is org.springframework.beans.BeanInstantiationException: Failed to instantiate [com.aerospike.client.AerospikeClient]: Factory method 'aerospikeClient' threw exception; nested exception is com.aerospike.client.AerospikeException$Connection: Error Code 11: Failed to connect to host(s): 
52.41.32.83:3000 Error Code 11: java.net.SocketTimeoutException: connect timed out

	at org.springframework.beans.factory.support.SimpleInstantiationStrategy.instantiate(SimpleInstantiationStrategy.java:189) ~[spring-beans-4.1.7.RELEASE.jar:4.1.7.RELEASE]
	at org.springframework.beans.factory.support.ConstructorResolver.instantiateUsingFactoryMethod(ConstructorResolver.java:588) ~[spring-beans-4.1.7.RELEASE.jar:4.1.7.RELEASE]
	... 43 common frames omitted
Caused by: org.springframework.beans.factory.BeanCreationException: Error creating bean with name 'aerospikeClient' defined in org.springframework.data.aerospike.repository.TestConfigPerson: Bean instantiation via factory method failed; nested exception is org.springframework.beans.BeanInstantiationException: Failed to instantiate [com.aerospike.client.AerospikeClient]: Factory method 'aerospikeClient' threw exception; nested exception is com.aerospike.client.AerospikeException$Connection: Error Code 11: Failed to connect to host(s): 
52.41.32.83:3000 Error Code 11: java.net.SocketTimeoutException: connect timed out

	at org.springframework.beans.factory.support.ConstructorResolver.instantiateUsingFactoryMethod(ConstructorResolver.java:599) ~[spring-beans-4.1.7.RELEASE.jar:4.1.7.RELEASE]
	at org.springframework.beans.factory.support.AbstractAutowireCapableBeanFactory.instantiateUsingFactoryMethod(AbstractAutowireCapableBeanFactory.java:1119) ~[spring-beans-4.1.7.RELEASE.jar:4.1.7.RELEASE]
	at org.springframework.beans.factory.support.AbstractAutowireCapableBeanFactory.createBeanInstance(AbstractAutowireCapableBeanFactory.java:1014) ~[spring-beans-4.1.7.RELEASE.jar:4.1.7.RELEASE]
	at org.springframework.beans.factory.support.AbstractAutowireCapableBeanFactory.doCreateBean(AbstractAutowireCapableBeanFactory.java:504) ~[spring-beans-4.1.7.RELEASE.jar:4.1.7.RELEASE]
	at org.springframework.beans.factory.support.AbstractAutowireCapableBeanFactory.createBean(AbstractAutowireCapableBeanFactory.java:476) ~[spring-beans-4.1.7.RELEASE.jar:4.1.7.RELEASE]
	at org.springframework.beans.factory.support.AbstractBeanFactory$1.getObject(AbstractBeanFactory.java:303) ~[spring-beans-4.1.7.RELEASE.jar:4.1.7.RELEASE]
	at org.springframework.beans.factory.support.DefaultSingletonBeanRegistry.getSingleton(DefaultSingletonBeanRegistry.java:230) ~[spring-beans-4.1.7.RELEASE.jar:4.1.7.RELEASE]
	at org.springframework.beans.factory.support.AbstractBeanFactory.doGetBean(AbstractBeanFactory.java:299) ~[spring-beans-4.1.7.RELEASE.jar:4.1.7.RELEASE]
	at org.springframework.beans.factory.support.AbstractBeanFactory.getBean(AbstractBeanFactory.java:194) ~[spring-beans-4.1.7.RELEASE.jar:4.1.7.RELEASE]
	at org.springframework.context.annotation.ConfigurationClassEnhancer$BeanMethodInterceptor.intercept(ConfigurationClassEnhancer.java:322) ~[spring-context-4.1.7.RELEASE.jar:4.1.7.RELEASE]
	at org.springframework.data.aerospike.repository.TestConfigPerson$$EnhancerBySpringCGLIB$$3f27a8da.aerospikeClient(<generated>) ~[spring-core-4.1.7.RELEASE.jar:na]
	at org.springframework.data.aerospike.repository.TestConfigPerson.aerospikeTemplate(TestConfigPerson.java:38) ~[test-classes/:na]
	at org.springframework.data.aerospike.repository.TestConfigPerson$$EnhancerBySpringCGLIB$$3f27a8da.CGLIB$aerospikeTemplate$0(<generated>) ~[spring-core-4.1.7.RELEASE.jar:na]
	at org.springframework.data.aerospike.repository.TestConfigPerson$$EnhancerBySpringCGLIB$$3f27a8da$$FastClassBySpringCGLIB$$38965c5e.invoke(<generated>) ~[spring-core-4.1.7.RELEASE.jar:na]
	at org.springframework.cglib.proxy.MethodProxy.invokeSuper(MethodProxy.java:228) ~[spring-core-4.1.7.RELEASE.jar:4.1.7.RELEASE]
	at org.springframework.context.annotation.ConfigurationClassEnhancer$BeanMethodInterceptor.intercept(ConfigurationClassEnhancer.java:309) ~[spring-context-4.1.7.RELEASE.jar:4.1.7.RELEASE]
	at org.springframework.data.aerospike.repository.TestConfigPerson$$EnhancerBySpringCGLIB$$3f27a8da.aerospikeTemplate(<generated>) ~[spring-core-4.1.7.RELEASE.jar:na]
	at sun.reflect.GeneratedMethodAccessor45.invoke(Unknown Source) ~[na:na]
	at sun.reflect.DelegatingMethodAccessorImpl.invoke(DelegatingMethodAccessorImpl.java:43) ~[na:1.8.0_91]
	at java.lang.reflect.Method.invoke(Method.java:498) ~[na:1.8.0_91]
	at org.springframework.beans.factory.support.SimpleInstantiationStrategy.instantiate(SimpleInstantiationStrategy.java:162) ~[spring-beans-4.1.7.RELEASE.jar:4.1.7.RELEASE]
	... 44 common frames omitted
Caused by: org.springframework.beans.BeanInstantiationException: Failed to instantiate [com.aerospike.client.AerospikeClient]: Factory method 'aerospikeClient' threw exception; nested exception is com.aerospike.client.AerospikeException$Connection: Error Code 11: Failed to connect to host(s): 
52.41.32.83:3000 Error Code 11: java.net.SocketTimeoutException: connect timed out

	at org.springframework.beans.factory.support.SimpleInstantiationStrategy.instantiate(SimpleInstantiationStrategy.java:189) ~[spring-beans-4.1.7.RELEASE.jar:4.1.7.RELEASE]
	at org.springframework.beans.factory.support.ConstructorResolver.instantiateUsingFactoryMethod(ConstructorResolver.java:588) ~[spring-beans-4.1.7.RELEASE.jar:4.1.7.RELEASE]
	... 64 common frames omitted
Caused by: com.aerospike.client.AerospikeException$Connection: Error Code 11: Failed to connect to host(s): 
52.41.32.83:3000 Error Code 11: java.net.SocketTimeoutException: connect timed out

	at com.aerospike.client.cluster.Cluster.seedNodes(Cluster.java:386) ~[aerospike-client-3.2.3.jar:na]
	at com.aerospike.client.cluster.Cluster.tend(Cluster.java:273) ~[aerospike-client-3.2.3.jar:na]
	at com.aerospike.client.cluster.Cluster.waitTillStabilized(Cluster.java:238) ~[aerospike-client-3.2.3.jar:na]
	at com.aerospike.client.cluster.Cluster.initTendThread(Cluster.java:148) ~[aerospike-client-3.2.3.jar:na]
	at com.aerospike.client.AerospikeClient.<init>(AerospikeClient.java:209) ~[aerospike-client-3.2.3.jar:na]
	at com.aerospike.client.AerospikeClient.<init>(AerospikeClient.java:173) ~[aerospike-client-3.2.3.jar:na]
	at org.springframework.data.aerospike.repository.TestConfigPerson.aerospikeClient(TestConfigPerson.java:32) ~[test-classes/:na]
	at org.springframework.data.aerospike.repository.TestConfigPerson$$EnhancerBySpringCGLIB$$3f27a8da.CGLIB$aerospikeClient$1(<generated>) ~[spring-core-4.1.7.RELEASE.jar:na]
	at org.springframework.data.aerospike.repository.TestConfigPerson$$EnhancerBySpringCGLIB$$3f27a8da$$FastClassBySpringCGLIB$$38965c5e.invoke(<generated>) ~[spring-core-4.1.7.RELEASE.jar:na]
	at org.springframework.cglib.proxy.MethodProxy.invokeSuper(MethodProxy.java:228) ~[spring-core-4.1.7.RELEASE.jar:4.1.7.RELEASE]
	at org.springframework.context.annotation.ConfigurationClassEnhancer$BeanMethodInterceptor.intercept(ConfigurationClassEnhancer.java:309) ~[spring-context-4.1.7.RELEASE.jar:4.1.7.RELEASE]
	at org.springframework.data.aerospike.repository.TestConfigPerson$$EnhancerBySpringCGLIB$$3f27a8da.aerospikeClient(<generated>) ~[spring-core-4.1.7.RELEASE.jar:na]
	at sun.reflect.GeneratedMethodAccessor46.invoke(Unknown Source) ~[na:na]
	at sun.reflect.DelegatingMethodAccessorImpl.invoke(DelegatingMethodAccessorImpl.java:43) ~[na:1.8.0_91]
	at java.lang.reflect.Method.invoke(Method.java:498) ~[na:1.8.0_91]
	at org.springframework.beans.factory.support.SimpleInstantiationStrategy.instantiate(SimpleInstantiationStrategy.java:162) ~[spring-beans-4.1.7.RELEASE.jar:4.1.7.RELEASE]
	... 65 common frames omitted
]]></system-out>
  </testcase>
  <testcase name="findsPersonsByFirstnameAndByAge" classname="org.springframework.data.aerospike.repository.PersonRepositoryIntegrationTests" time="0.002">
    <error message="Failed to load ApplicationContext" type="java.lang.IllegalStateException"><![CDATA[java.lang.IllegalStateException: Failed to load ApplicationContext
	at org.springframework.test.context.DefaultCacheAwareContextLoaderDelegate.loadContext(DefaultCacheAwareContextLoaderDelegate.java:94)
	at org.springframework.test.context.DefaultTestContext.getApplicationContext(DefaultTestContext.java:72)
	at org.springframework.test.context.support.DependencyInjectionTestExecutionListener.injectDependencies(DependencyInjectionTestExecutionListener.java:117)
	at org.springframework.test.context.support.DependencyInjectionTestExecutionListener.prepareTestInstance(DependencyInjectionTestExecutionListener.java:83)
	at org.springframework.test.context.TestContextManager.prepareTestInstance(TestContextManager.java:212)
	at org.springframework.test.context.junit4.SpringJUnit4ClassRunner.createTest(SpringJUnit4ClassRunner.java:200)
	at org.springframework.test.context.junit4.SpringJUnit4ClassRunner$1.runReflectiveCall(SpringJUnit4ClassRunner.java:259)
	at org.junit.internal.runners.model.ReflectiveCallable.run(ReflectiveCallable.java:12)
	at org.springframework.test.context.junit4.SpringJUnit4ClassRunner.methodBlock(SpringJUnit4ClassRunner.java:261)
	at org.springframework.test.context.junit4.SpringJUnit4ClassRunner.runChild(SpringJUnit4ClassRunner.java:219)
	at org.springframework.test.context.junit4.SpringJUnit4ClassRunner.runChild(SpringJUnit4ClassRunner.java:83)
	at org.junit.runners.ParentRunner$3.run(ParentRunner.java:290)
	at org.junit.runners.ParentRunner$1.schedule(ParentRunner.java:71)
	at org.junit.runners.ParentRunner.runChildren(ParentRunner.java:288)
	at org.junit.runners.ParentRunner.access$000(ParentRunner.java:58)
	at org.junit.runners.ParentRunner$2.evaluate(ParentRunner.java:268)
	at org.springframework.test.context.junit4.statements.RunBeforeTestClassCallbacks.evaluate(RunBeforeTestClassCallbacks.java:61)
	at org.springframework.test.context.junit4.statements.RunAfterTestClassCallbacks.evaluate(RunAfterTestClassCallbacks.java:68)
	at org.junit.runners.ParentRunner.run(ParentRunner.java:363)
	at org.springframework.test.context.junit4.SpringJUnit4ClassRunner.run(SpringJUnit4ClassRunner.java:163)
	at org.apache.maven.surefire.junit4.JUnit4Provider.execute(JUnit4Provider.java:283)
	at org.apache.maven.surefire.junit4.JUnit4Provider.executeWithRerun(JUnit4Provider.java:173)
	at org.apache.maven.surefire.junit4.JUnit4Provider.executeTestSet(JUnit4Provider.java:153)
	at org.apache.maven.surefire.junit4.JUnit4Provider.invoke(JUnit4Provider.java:128)
	at org.apache.maven.surefire.booter.ForkedBooter.invokeProviderInSameClassLoader(ForkedBooter.java:203)
	at org.apache.maven.surefire.booter.ForkedBooter.runSuitesInProcess(ForkedBooter.java:155)
	at org.apache.maven.surefire.booter.ForkedBooter.main(ForkedBooter.java:103)
Caused by: org.springframework.beans.factory.BeanCreationException: Error creating bean with name 'aerospikeTemplate' defined in org.springframework.data.aerospike.repository.TestConfigPerson: Bean instantiation via factory method failed; nested exception is org.springframework.beans.BeanInstantiationException: Failed to instantiate [org.springframework.data.aerospike.core.AerospikeTemplate]: Factory method 'aerospikeTemplate' threw exception; nested exception is org.springframework.beans.factory.BeanCreationException: Error creating bean with name 'aerospikeClient' defined in org.springframework.data.aerospike.repository.TestConfigPerson: Bean instantiation via factory method failed; nested exception is org.springframework.beans.BeanInstantiationException: Failed to instantiate [com.aerospike.client.AerospikeClient]: Factory method 'aerospikeClient' threw exception; nested exception is com.aerospike.client.AerospikeException$Connection: Error Code 11: Failed to connect to host(s): 
52.41.32.83:3000 Error Code 11: java.net.SocketTimeoutException: connect timed out

	at org.springframework.beans.factory.support.ConstructorResolver.instantiateUsingFactoryMethod(ConstructorResolver.java:599)
	at org.springframework.beans.factory.support.AbstractAutowireCapableBeanFactory.instantiateUsingFactoryMethod(AbstractAutowireCapableBeanFactory.java:1119)
	at org.springframework.beans.factory.support.AbstractAutowireCapableBeanFactory.createBeanInstance(AbstractAutowireCapableBeanFactory.java:1014)
	at org.springframework.beans.factory.support.AbstractAutowireCapableBeanFactory.doCreateBean(AbstractAutowireCapableBeanFactory.java:504)
	at org.springframework.beans.factory.support.AbstractAutowireCapableBeanFactory.createBean(AbstractAutowireCapableBeanFactory.java:476)
	at org.springframework.beans.factory.support.AbstractBeanFactory$1.getObject(AbstractBeanFactory.java:303)
	at org.springframework.beans.factory.support.DefaultSingletonBeanRegistry.getSingleton(DefaultSingletonBeanRegistry.java:230)
	at org.springframework.beans.factory.support.AbstractBeanFactory.doGetBean(AbstractBeanFactory.java:299)
	at org.springframework.beans.factory.support.AbstractBeanFactory.getBean(AbstractBeanFactory.java:194)
	at org.springframework.beans.factory.support.DefaultListableBeanFactory.preInstantiateSingletons(DefaultListableBeanFactory.java:755)
	at org.springframework.context.support.AbstractApplicationContext.finishBeanFactoryInitialization(AbstractApplicationContext.java:757)
	at org.springframework.context.support.AbstractApplicationContext.refresh(AbstractApplicationContext.java:480)
	at org.springframework.test.context.support.AbstractGenericContextLoader.loadContext(AbstractGenericContextLoader.java:125)
	at org.springframework.test.context.support.AbstractGenericContextLoader.loadContext(AbstractGenericContextLoader.java:60)
	at org.springframework.test.context.support.AbstractDelegatingSmartContextLoader.delegateLoading(AbstractDelegatingSmartContextLoader.java:109)
	at org.springframework.test.context.support.AbstractDelegatingSmartContextLoader.loadContext(AbstractDelegatingSmartContextLoader.java:261)
	at org.springframework.test.context.DefaultCacheAwareContextLoaderDelegate.loadContextInternal(DefaultCacheAwareContextLoaderDelegate.java:68)
	at org.springframework.test.context.DefaultCacheAwareContextLoaderDelegate.loadContext(DefaultCacheAwareContextLoaderDelegate.java:86)
	at org.springframework.test.context.DefaultTestContext.getApplicationContext(DefaultTestContext.java:72)
	at org.springframework.test.context.support.DependencyInjectionTestExecutionListener.injectDependencies(DependencyInjectionTestExecutionListener.java:117)
	at org.springframework.test.context.support.DependencyInjectionTestExecutionListener.prepareTestInstance(DependencyInjectionTestExecutionListener.java:83)
	at org.springframework.test.context.TestContextManager.prepareTestInstance(TestContextManager.java:212)
	at org.springframework.test.context.junit4.SpringJUnit4ClassRunner.createTest(SpringJUnit4ClassRunner.java:200)
	at org.springframework.test.context.junit4.SpringJUnit4ClassRunner$1.runReflectiveCall(SpringJUnit4ClassRunner.java:259)
	at org.junit.internal.runners.model.ReflectiveCallable.run(ReflectiveCallable.java:12)
	at org.springframework.test.context.junit4.SpringJUnit4ClassRunner.methodBlock(SpringJUnit4ClassRunner.java:261)
	at org.springframework.test.context.junit4.SpringJUnit4ClassRunner.runChild(SpringJUnit4ClassRunner.java:219)
	at org.springframework.test.context.junit4.SpringJUnit4ClassRunner.runChild(SpringJUnit4ClassRunner.java:83)
	at org.junit.runners.ParentRunner$3.run(ParentRunner.java:290)
	at org.junit.runners.ParentRunner$1.schedule(ParentRunner.java:71)
	at org.junit.runners.ParentRunner.runChildren(ParentRunner.java:288)
	at org.junit.runners.ParentRunner.access$000(ParentRunner.java:58)
	at org.junit.runners.ParentRunner$2.evaluate(ParentRunner.java:268)
	at org.springframework.test.context.junit4.statements.RunBeforeTestClassCallbacks.evaluate(RunBeforeTestClassCallbacks.java:61)
	at org.springframework.test.context.junit4.statements.RunAfterTestClassCallbacks.evaluate(RunAfterTestClassCallbacks.java:68)
	at org.junit.runners.ParentRunner.run(ParentRunner.java:363)
	at org.springframework.test.context.junit4.SpringJUnit4ClassRunner.run(SpringJUnit4ClassRunner.java:163)
	at org.apache.maven.surefire.junit4.JUnit4Provider.execute(JUnit4Provider.java:283)
	at org.apache.maven.surefire.junit4.JUnit4Provider.executeWithRerun(JUnit4Provider.java:173)
	at org.apache.maven.surefire.junit4.JUnit4Provider.executeTestSet(JUnit4Provider.java:153)
	at org.apache.maven.surefire.junit4.JUnit4Provider.invoke(JUnit4Provider.java:128)
	at org.apache.maven.surefire.booter.ForkedBooter.invokeProviderInSameClassLoader(ForkedBooter.java:203)
	at org.apache.maven.surefire.booter.ForkedBooter.runSuitesInProcess(ForkedBooter.java:155)
	at org.apache.maven.surefire.booter.ForkedBooter.main(ForkedBooter.java:103)
Caused by: org.springframework.beans.BeanInstantiationException: Failed to instantiate [org.springframework.data.aerospike.core.AerospikeTemplate]: Factory method 'aerospikeTemplate' threw exception; nested exception is org.springframework.beans.factory.BeanCreationException: Error creating bean with name 'aerospikeClient' defined in org.springframework.data.aerospike.repository.TestConfigPerson: Bean instantiation via factory method failed; nested exception is org.springframework.beans.BeanInstantiationException: Failed to instantiate [com.aerospike.client.AerospikeClient]: Factory method 'aerospikeClient' threw exception; nested exception is com.aerospike.client.AerospikeException$Connection: Error Code 11: Failed to connect to host(s): 
52.41.32.83:3000 Error Code 11: java.net.SocketTimeoutException: connect timed out

	at org.springframework.beans.factory.support.SimpleInstantiationStrategy.instantiate(SimpleInstantiationStrategy.java:189)
	at org.springframework.beans.factory.support.ConstructorResolver.instantiateUsingFactoryMethod(ConstructorResolver.java:588)
	at org.springframework.beans.factory.support.AbstractAutowireCapableBeanFactory.instantiateUsingFactoryMethod(AbstractAutowireCapableBeanFactory.java:1119)
	at org.springframework.beans.factory.support.AbstractAutowireCapableBeanFactory.createBeanInstance(AbstractAutowireCapableBeanFactory.java:1014)
	at org.springframework.beans.factory.support.AbstractAutowireCapableBeanFactory.doCreateBean(AbstractAutowireCapableBeanFactory.java:504)
	at org.springframework.beans.factory.support.AbstractAutowireCapableBeanFactory.createBean(AbstractAutowireCapableBeanFactory.java:476)
	at org.springframework.beans.factory.support.AbstractBeanFactory$1.getObject(AbstractBeanFactory.java:303)
	at org.springframework.beans.factory.support.DefaultSingletonBeanRegistry.getSingleton(DefaultSingletonBeanRegistry.java:230)
	at org.springframework.beans.factory.support.AbstractBeanFactory.doGetBean(AbstractBeanFactory.java:299)
	at org.springframework.beans.factory.support.AbstractBeanFactory.getBean(AbstractBeanFactory.java:194)
	at org.springframework.beans.factory.support.DefaultListableBeanFactory.preInstantiateSingletons(DefaultListableBeanFactory.java:755)
	at org.springframework.context.support.AbstractApplicationContext.finishBeanFactoryInitialization(AbstractApplicationContext.java:757)
	at org.springframework.context.support.AbstractApplicationContext.refresh(AbstractApplicationContext.java:480)
	at org.springframework.test.context.support.AbstractGenericContextLoader.loadContext(AbstractGenericContextLoader.java:125)
	at org.springframework.test.context.support.AbstractGenericContextLoader.loadContext(AbstractGenericContextLoader.java:60)
	at org.springframework.test.context.support.AbstractDelegatingSmartContextLoader.delegateLoading(AbstractDelegatingSmartContextLoader.java:109)
	at org.springframework.test.context.support.AbstractDelegatingSmartContextLoader.loadContext(AbstractDelegatingSmartContextLoader.java:261)
	at org.springframework.test.context.DefaultCacheAwareContextLoaderDelegate.loadContextInternal(DefaultCacheAwareContextLoaderDelegate.java:68)
	at org.springframework.test.context.DefaultCacheAwareContextLoaderDelegate.loadContext(DefaultCacheAwareContextLoaderDelegate.java:86)
	at org.springframework.test.context.DefaultTestContext.getApplicationContext(DefaultTestContext.java:72)
	at org.springframework.test.context.support.DependencyInjectionTestExecutionListener.injectDependencies(DependencyInjectionTestExecutionListener.java:117)
	at org.springframework.test.context.support.DependencyInjectionTestExecutionListener.prepareTestInstance(DependencyInjectionTestExecutionListener.java:83)
	at org.springframework.test.context.TestContextManager.prepareTestInstance(TestContextManager.java:212)
	at org.springframework.test.context.junit4.SpringJUnit4ClassRunner.createTest(SpringJUnit4ClassRunner.java:200)
	at org.springframework.test.context.junit4.SpringJUnit4ClassRunner$1.runReflectiveCall(SpringJUnit4ClassRunner.java:259)
	at org.junit.internal.runners.model.ReflectiveCallable.run(ReflectiveCallable.java:12)
	at org.springframework.test.context.junit4.SpringJUnit4ClassRunner.methodBlock(SpringJUnit4ClassRunner.java:261)
	at org.springframework.test.context.junit4.SpringJUnit4ClassRunner.runChild(SpringJUnit4ClassRunner.java:219)
	at org.springframework.test.context.junit4.SpringJUnit4ClassRunner.runChild(SpringJUnit4ClassRunner.java:83)
	at org.junit.runners.ParentRunner$3.run(ParentRunner.java:290)
	at org.junit.runners.ParentRunner$1.schedule(ParentRunner.java:71)
	at org.junit.runners.ParentRunner.runChildren(ParentRunner.java:288)
	at org.junit.runners.ParentRunner.access$000(ParentRunner.java:58)
	at org.junit.runners.ParentRunner$2.evaluate(ParentRunner.java:268)
	at org.springframework.test.context.junit4.statements.RunBeforeTestClassCallbacks.evaluate(RunBeforeTestClassCallbacks.java:61)
	at org.springframework.test.context.junit4.statements.RunAfterTestClassCallbacks.evaluate(RunAfterTestClassCallbacks.java:68)
	at org.junit.runners.ParentRunner.run(ParentRunner.java:363)
	at org.springframework.test.context.junit4.SpringJUnit4ClassRunner.run(SpringJUnit4ClassRunner.java:163)
	at org.apache.maven.surefire.junit4.JUnit4Provider.execute(JUnit4Provider.java:283)
	at org.apache.maven.surefire.junit4.JUnit4Provider.executeWithRerun(JUnit4Provider.java:173)
	at org.apache.maven.surefire.junit4.JUnit4Provider.executeTestSet(JUnit4Provider.java:153)
	at org.apache.maven.surefire.junit4.JUnit4Provider.invoke(JUnit4Provider.java:128)
	at org.apache.maven.surefire.booter.ForkedBooter.invokeProviderInSameClassLoader(ForkedBooter.java:203)
	at org.apache.maven.surefire.booter.ForkedBooter.runSuitesInProcess(ForkedBooter.java:155)
	at org.apache.maven.surefire.booter.ForkedBooter.main(ForkedBooter.java:103)
Caused by: org.springframework.beans.factory.BeanCreationException: Error creating bean with name 'aerospikeClient' defined in org.springframework.data.aerospike.repository.TestConfigPerson: Bean instantiation via factory method failed; nested exception is org.springframework.beans.BeanInstantiationException: Failed to instantiate [com.aerospike.client.AerospikeClient]: Factory method 'aerospikeClient' threw exception; nested exception is com.aerospike.client.AerospikeException$Connection: Error Code 11: Failed to connect to host(s): 
52.41.32.83:3000 Error Code 11: java.net.SocketTimeoutException: connect timed out

	at org.springframework.beans.factory.support.ConstructorResolver.instantiateUsingFactoryMethod(ConstructorResolver.java:599)
	at org.springframework.beans.factory.support.AbstractAutowireCapableBeanFactory.instantiateUsingFactoryMethod(AbstractAutowireCapableBeanFactory.java:1119)
	at org.springframework.beans.factory.support.AbstractAutowireCapableBeanFactory.createBeanInstance(AbstractAutowireCapableBeanFactory.java:1014)
	at org.springframework.beans.factory.support.AbstractAutowireCapableBeanFactory.doCreateBean(AbstractAutowireCapableBeanFactory.java:504)
	at org.springframework.beans.factory.support.AbstractAutowireCapableBeanFactory.createBean(AbstractAutowireCapableBeanFactory.java:476)
	at org.springframework.beans.factory.support.AbstractBeanFactory$1.getObject(AbstractBeanFactory.java:303)
	at org.springframework.beans.factory.support.DefaultSingletonBeanRegistry.getSingleton(DefaultSingletonBeanRegistry.java:230)
	at org.springframework.beans.factory.support.AbstractBeanFactory.doGetBean(AbstractBeanFactory.java:299)
	at org.springframework.beans.factory.support.AbstractBeanFactory.getBean(AbstractBeanFactory.java:194)
	at org.springframework.context.annotation.ConfigurationClassEnhancer$BeanMethodInterceptor.intercept(ConfigurationClassEnhancer.java:322)
	at org.springframework.data.aerospike.repository.TestConfigPerson$$EnhancerBySpringCGLIB$$3f27a8da.aerospikeClient(<generated>)
	at org.springframework.data.aerospike.repository.TestConfigPerson.aerospikeTemplate(TestConfigPerson.java:38)
	at org.springframework.data.aerospike.repository.TestConfigPerson$$EnhancerBySpringCGLIB$$3f27a8da.CGLIB$aerospikeTemplate$0(<generated>)
	at org.springframework.data.aerospike.repository.TestConfigPerson$$EnhancerBySpringCGLIB$$3f27a8da$$FastClassBySpringCGLIB$$38965c5e.invoke(<generated>)
	at org.springframework.cglib.proxy.MethodProxy.invokeSuper(MethodProxy.java:228)
	at org.springframework.context.annotation.ConfigurationClassEnhancer$BeanMethodInterceptor.intercept(ConfigurationClassEnhancer.java:309)
	at org.springframework.data.aerospike.repository.TestConfigPerson$$EnhancerBySpringCGLIB$$3f27a8da.aerospikeTemplate(<generated>)
	at sun.reflect.GeneratedMethodAccessor45.invoke(Unknown Source)
	at sun.reflect.DelegatingMethodAccessorImpl.invoke(DelegatingMethodAccessorImpl.java:43)
	at java.lang.reflect.Method.invoke(Method.java:498)
	at org.springframework.beans.factory.support.SimpleInstantiationStrategy.instantiate(SimpleInstantiationStrategy.java:162)
	at org.springframework.beans.factory.support.ConstructorResolver.instantiateUsingFactoryMethod(ConstructorResolver.java:588)
	at org.springframework.beans.factory.support.AbstractAutowireCapableBeanFactory.instantiateUsingFactoryMethod(AbstractAutowireCapableBeanFactory.java:1119)
	at org.springframework.beans.factory.support.AbstractAutowireCapableBeanFactory.createBeanInstance(AbstractAutowireCapableBeanFactory.java:1014)
	at org.springframework.beans.factory.support.AbstractAutowireCapableBeanFactory.doCreateBean(AbstractAutowireCapableBeanFactory.java:504)
	at org.springframework.beans.factory.support.AbstractAutowireCapableBeanFactory.createBean(AbstractAutowireCapableBeanFactory.java:476)
	at org.springframework.beans.factory.support.AbstractBeanFactory$1.getObject(AbstractBeanFactory.java:303)
	at org.springframework.beans.factory.support.DefaultSingletonBeanRegistry.getSingleton(DefaultSingletonBeanRegistry.java:230)
	at org.springframework.beans.factory.support.AbstractBeanFactory.doGetBean(AbstractBeanFactory.java:299)
	at org.springframework.beans.factory.support.AbstractBeanFactory.getBean(AbstractBeanFactory.java:194)
	at org.springframework.beans.factory.support.DefaultListableBeanFactory.preInstantiateSingletons(DefaultListableBeanFactory.java:755)
	at org.springframework.context.support.AbstractApplicationContext.finishBeanFactoryInitialization(AbstractApplicationContext.java:757)
	at org.springframework.context.support.AbstractApplicationContext.refresh(AbstractApplicationContext.java:480)
	at org.springframework.test.context.support.AbstractGenericContextLoader.loadContext(AbstractGenericContextLoader.java:125)
	at org.springframework.test.context.support.AbstractGenericContextLoader.loadContext(AbstractGenericContextLoader.java:60)
	at org.springframework.test.context.support.AbstractDelegatingSmartContextLoader.delegateLoading(AbstractDelegatingSmartContextLoader.java:109)
	at org.springframework.test.context.support.AbstractDelegatingSmartContextLoader.loadContext(AbstractDelegatingSmartContextLoader.java:261)
	at org.springframework.test.context.DefaultCacheAwareContextLoaderDelegate.loadContextInternal(DefaultCacheAwareContextLoaderDelegate.java:68)
	at org.springframework.test.context.DefaultCacheAwareContextLoaderDelegate.loadContext(DefaultCacheAwareContextLoaderDelegate.java:86)
	at org.springframework.test.context.DefaultTestContext.getApplicationContext(DefaultTestContext.java:72)
	at org.springframework.test.context.support.DependencyInjectionTestExecutionListener.injectDependencies(DependencyInjectionTestExecutionListener.java:117)
	at org.springframework.test.context.support.DependencyInjectionTestExecutionListener.prepareTestInstance(DependencyInjectionTestExecutionListener.java:83)
	at org.springframework.test.context.TestContextManager.prepareTestInstance(TestContextManager.java:212)
	at org.springframework.test.context.junit4.SpringJUnit4ClassRunner.createTest(SpringJUnit4ClassRunner.java:200)
	at org.springframework.test.context.junit4.SpringJUnit4ClassRunner$1.runReflectiveCall(SpringJUnit4ClassRunner.java:259)
	at org.junit.internal.runners.model.ReflectiveCallable.run(ReflectiveCallable.java:12)
	at org.springframework.test.context.junit4.SpringJUnit4ClassRunner.methodBlock(SpringJUnit4ClassRunner.java:261)
	at org.springframework.test.context.junit4.SpringJUnit4ClassRunner.runChild(SpringJUnit4ClassRunner.java:219)
	at org.springframework.test.context.junit4.SpringJUnit4ClassRunner.runChild(SpringJUnit4ClassRunner.java:83)
	at org.junit.runners.ParentRunner$3.run(ParentRunner.java:290)
	at org.junit.runners.ParentRunner$1.schedule(ParentRunner.java:71)
	at org.junit.runners.ParentRunner.runChildren(ParentRunner.java:288)
	at org.junit.runners.ParentRunner.access$000(ParentRunner.java:58)
	at org.junit.runners.ParentRunner$2.evaluate(ParentRunner.java:268)
	at org.springframework.test.context.junit4.statements.RunBeforeTestClassCallbacks.evaluate(RunBeforeTestClassCallbacks.java:61)
	at org.springframework.test.context.junit4.statements.RunAfterTestClassCallbacks.evaluate(RunAfterTestClassCallbacks.java:68)
	at org.junit.runners.ParentRunner.run(ParentRunner.java:363)
	at org.springframework.test.context.junit4.SpringJUnit4ClassRunner.run(SpringJUnit4ClassRunner.java:163)
	at org.apache.maven.surefire.junit4.JUnit4Provider.execute(JUnit4Provider.java:283)
	at org.apache.maven.surefire.junit4.JUnit4Provider.executeWithRerun(JUnit4Provider.java:173)
	at org.apache.maven.surefire.junit4.JUnit4Provider.executeTestSet(JUnit4Provider.java:153)
	at org.apache.maven.surefire.junit4.JUnit4Provider.invoke(JUnit4Provider.java:128)
	at org.apache.maven.surefire.booter.ForkedBooter.invokeProviderInSameClassLoader(ForkedBooter.java:203)
	at org.apache.maven.surefire.booter.ForkedBooter.runSuitesInProcess(ForkedBooter.java:155)
	at org.apache.maven.surefire.booter.ForkedBooter.main(ForkedBooter.java:103)
Caused by: org.springframework.beans.BeanInstantiationException: Failed to instantiate [com.aerospike.client.AerospikeClient]: Factory method 'aerospikeClient' threw exception; nested exception is com.aerospike.client.AerospikeException$Connection: Error Code 11: Failed to connect to host(s): 
52.41.32.83:3000 Error Code 11: java.net.SocketTimeoutException: connect timed out

	at org.springframework.beans.factory.support.SimpleInstantiationStrategy.instantiate(SimpleInstantiationStrategy.java:189)
	at org.springframework.beans.factory.support.ConstructorResolver.instantiateUsingFactoryMethod(ConstructorResolver.java:588)
	at org.springframework.beans.factory.support.AbstractAutowireCapableBeanFactory.instantiateUsingFactoryMethod(AbstractAutowireCapableBeanFactory.java:1119)
	at org.springframework.beans.factory.support.AbstractAutowireCapableBeanFactory.createBeanInstance(AbstractAutowireCapableBeanFactory.java:1014)
	at org.springframework.beans.factory.support.AbstractAutowireCapableBeanFactory.doCreateBean(AbstractAutowireCapableBeanFactory.java:504)
	at org.springframework.beans.factory.support.AbstractAutowireCapableBeanFactory.createBean(AbstractAutowireCapableBeanFactory.java:476)
	at org.springframework.beans.factory.support.AbstractBeanFactory$1.getObject(AbstractBeanFactory.java:303)
	at org.springframework.beans.factory.support.DefaultSingletonBeanRegistry.getSingleton(DefaultSingletonBeanRegistry.java:230)
	at org.springframework.beans.factory.support.AbstractBeanFactory.doGetBean(AbstractBeanFactory.java:299)
	at org.springframework.beans.factory.support.AbstractBeanFactory.getBean(AbstractBeanFactory.java:194)
	at org.springframework.context.annotation.ConfigurationClassEnhancer$BeanMethodInterceptor.intercept(ConfigurationClassEnhancer.java:322)
	at org.springframework.data.aerospike.repository.TestConfigPerson$$EnhancerBySpringCGLIB$$3f27a8da.aerospikeClient(<generated>)
	at org.springframework.data.aerospike.repository.TestConfigPerson.aerospikeTemplate(TestConfigPerson.java:38)
	at org.springframework.data.aerospike.repository.TestConfigPerson$$EnhancerBySpringCGLIB$$3f27a8da.CGLIB$aerospikeTemplate$0(<generated>)
	at org.springframework.data.aerospike.repository.TestConfigPerson$$EnhancerBySpringCGLIB$$3f27a8da$$FastClassBySpringCGLIB$$38965c5e.invoke(<generated>)
	at org.springframework.cglib.proxy.MethodProxy.invokeSuper(MethodProxy.java:228)
	at org.springframework.context.annotation.ConfigurationClassEnhancer$BeanMethodInterceptor.intercept(ConfigurationClassEnhancer.java:309)
	at org.springframework.data.aerospike.repository.TestConfigPerson$$EnhancerBySpringCGLIB$$3f27a8da.aerospikeTemplate(<generated>)
	at sun.reflect.GeneratedMethodAccessor45.invoke(Unknown Source)
	at sun.reflect.DelegatingMethodAccessorImpl.invoke(DelegatingMethodAccessorImpl.java:43)
	at java.lang.reflect.Method.invoke(Method.java:498)
	at org.springframework.beans.factory.support.SimpleInstantiationStrategy.instantiate(SimpleInstantiationStrategy.java:162)
	at org.springframework.beans.factory.support.ConstructorResolver.instantiateUsingFactoryMethod(ConstructorResolver.java:588)
	at org.springframework.beans.factory.support.AbstractAutowireCapableBeanFactory.instantiateUsingFactoryMethod(AbstractAutowireCapableBeanFactory.java:1119)
	at org.springframework.beans.factory.support.AbstractAutowireCapableBeanFactory.createBeanInstance(AbstractAutowireCapableBeanFactory.java:1014)
	at org.springframework.beans.factory.support.AbstractAutowireCapableBeanFactory.doCreateBean(AbstractAutowireCapableBeanFactory.java:504)
	at org.springframework.beans.factory.support.AbstractAutowireCapableBeanFactory.createBean(AbstractAutowireCapableBeanFactory.java:476)
	at org.springframework.beans.factory.support.AbstractBeanFactory$1.getObject(AbstractBeanFactory.java:303)
	at org.springframework.beans.factory.support.DefaultSingletonBeanRegistry.getSingleton(DefaultSingletonBeanRegistry.java:230)
	at org.springframework.beans.factory.support.AbstractBeanFactory.doGetBean(AbstractBeanFactory.java:299)
	at org.springframework.beans.factory.support.AbstractBeanFactory.getBean(AbstractBeanFactory.java:194)
	at org.springframework.beans.factory.support.DefaultListableBeanFactory.preInstantiateSingletons(DefaultListableBeanFactory.java:755)
	at org.springframework.context.support.AbstractApplicationContext.finishBeanFactoryInitialization(AbstractApplicationContext.java:757)
	at org.springframework.context.support.AbstractApplicationContext.refresh(AbstractApplicationContext.java:480)
	at org.springframework.test.context.support.AbstractGenericContextLoader.loadContext(AbstractGenericContextLoader.java:125)
	at org.springframework.test.context.support.AbstractGenericContextLoader.loadContext(AbstractGenericContextLoader.java:60)
	at org.springframework.test.context.support.AbstractDelegatingSmartContextLoader.delegateLoading(AbstractDelegatingSmartContextLoader.java:109)
	at org.springframework.test.context.support.AbstractDelegatingSmartContextLoader.loadContext(AbstractDelegatingSmartContextLoader.java:261)
	at org.springframework.test.context.DefaultCacheAwareContextLoaderDelegate.loadContextInternal(DefaultCacheAwareContextLoaderDelegate.java:68)
	at org.springframework.test.context.DefaultCacheAwareContextLoaderDelegate.loadContext(DefaultCacheAwareContextLoaderDelegate.java:86)
	at org.springframework.test.context.DefaultTestContext.getApplicationContext(DefaultTestContext.java:72)
	at org.springframework.test.context.support.DependencyInjectionTestExecutionListener.injectDependencies(DependencyInjectionTestExecutionListener.java:117)
	at org.springframework.test.context.support.DependencyInjectionTestExecutionListener.prepareTestInstance(DependencyInjectionTestExecutionListener.java:83)
	at org.springframework.test.context.TestContextManager.prepareTestInstance(TestContextManager.java:212)
	at org.springframework.test.context.junit4.SpringJUnit4ClassRunner.createTest(SpringJUnit4ClassRunner.java:200)
	at org.springframework.test.context.junit4.SpringJUnit4ClassRunner$1.runReflectiveCall(SpringJUnit4ClassRunner.java:259)
	at org.junit.internal.runners.model.ReflectiveCallable.run(ReflectiveCallable.java:12)
	at org.springframework.test.context.junit4.SpringJUnit4ClassRunner.methodBlock(SpringJUnit4ClassRunner.java:261)
	at org.springframework.test.context.junit4.SpringJUnit4ClassRunner.runChild(SpringJUnit4ClassRunner.java:219)
	at org.springframework.test.context.junit4.SpringJUnit4ClassRunner.runChild(SpringJUnit4ClassRunner.java:83)
	at org.junit.runners.ParentRunner$3.run(ParentRunner.java:290)
	at org.junit.runners.ParentRunner$1.schedule(ParentRunner.java:71)
	at org.junit.runners.ParentRunner.runChildren(ParentRunner.java:288)
	at org.junit.runners.ParentRunner.access$000(ParentRunner.java:58)
	at org.junit.runners.ParentRunner$2.evaluate(ParentRunner.java:268)
	at org.springframework.test.context.junit4.statements.RunBeforeTestClassCallbacks.evaluate(RunBeforeTestClassCallbacks.java:61)
	at org.springframework.test.context.junit4.statements.RunAfterTestClassCallbacks.evaluate(RunAfterTestClassCallbacks.java:68)
	at org.junit.runners.ParentRunner.run(ParentRunner.java:363)
	at org.springframework.test.context.junit4.SpringJUnit4ClassRunner.run(SpringJUnit4ClassRunner.java:163)
	at org.apache.maven.surefire.junit4.JUnit4Provider.execute(JUnit4Provider.java:283)
	at org.apache.maven.surefire.junit4.JUnit4Provider.executeWithRerun(JUnit4Provider.java:173)
	at org.apache.maven.surefire.junit4.JUnit4Provider.executeTestSet(JUnit4Provider.java:153)
	at org.apache.maven.surefire.junit4.JUnit4Provider.invoke(JUnit4Provider.java:128)
	at org.apache.maven.surefire.booter.ForkedBooter.invokeProviderInSameClassLoader(ForkedBooter.java:203)
	at org.apache.maven.surefire.booter.ForkedBooter.runSuitesInProcess(ForkedBooter.java:155)
	at org.apache.maven.surefire.booter.ForkedBooter.main(ForkedBooter.java:103)
Caused by: com.aerospike.client.AerospikeException$Connection: Error Code 11: Failed to connect to host(s): 
52.41.32.83:3000 Error Code 11: java.net.SocketTimeoutException: connect timed out

	at com.aerospike.client.cluster.Cluster.seedNodes(Cluster.java:386)
	at com.aerospike.client.cluster.Cluster.tend(Cluster.java:273)
	at com.aerospike.client.cluster.Cluster.waitTillStabilized(Cluster.java:238)
	at com.aerospike.client.cluster.Cluster.initTendThread(Cluster.java:148)
	at com.aerospike.client.AerospikeClient.<init>(AerospikeClient.java:209)
	at com.aerospike.client.AerospikeClient.<init>(AerospikeClient.java:173)
	at org.springframework.data.aerospike.repository.TestConfigPerson.aerospikeClient(TestConfigPerson.java:32)
	at org.springframework.data.aerospike.repository.TestConfigPerson$$EnhancerBySpringCGLIB$$3f27a8da.CGLIB$aerospikeClient$1(<generated>)
	at org.springframework.data.aerospike.repository.TestConfigPerson$$EnhancerBySpringCGLIB$$3f27a8da$$FastClassBySpringCGLIB$$38965c5e.invoke(<generated>)
	at org.springframework.cglib.proxy.MethodProxy.invokeSuper(MethodProxy.java:228)
	at org.springframework.context.annotation.ConfigurationClassEnhancer$BeanMethodInterceptor.intercept(ConfigurationClassEnhancer.java:309)
	at org.springframework.data.aerospike.repository.TestConfigPerson$$EnhancerBySpringCGLIB$$3f27a8da.aerospikeClient(<generated>)
	at sun.reflect.GeneratedMethodAccessor46.invoke(Unknown Source)
	at sun.reflect.DelegatingMethodAccessorImpl.invoke(DelegatingMethodAccessorImpl.java:43)
	at java.lang.reflect.Method.invoke(Method.java:498)
	at org.springframework.beans.factory.support.SimpleInstantiationStrategy.instantiate(SimpleInstantiationStrategy.java:162)
	at org.springframework.beans.factory.support.ConstructorResolver.instantiateUsingFactoryMethod(ConstructorResolver.java:588)
	at org.springframework.beans.factory.support.AbstractAutowireCapableBeanFactory.instantiateUsingFactoryMethod(AbstractAutowireCapableBeanFactory.java:1119)
	at org.springframework.beans.factory.support.AbstractAutowireCapableBeanFactory.createBeanInstance(AbstractAutowireCapableBeanFactory.java:1014)
	at org.springframework.beans.factory.support.AbstractAutowireCapableBeanFactory.doCreateBean(AbstractAutowireCapableBeanFactory.java:504)
	at org.springframework.beans.factory.support.AbstractAutowireCapableBeanFactory.createBean(AbstractAutowireCapableBeanFactory.java:476)
	at org.springframework.beans.factory.support.AbstractBeanFactory$1.getObject(AbstractBeanFactory.java:303)
	at org.springframework.beans.factory.support.DefaultSingletonBeanRegistry.getSingleton(DefaultSingletonBeanRegistry.java:230)
	at org.springframework.beans.factory.support.AbstractBeanFactory.doGetBean(AbstractBeanFactory.java:299)
	at org.springframework.beans.factory.support.AbstractBeanFactory.getBean(AbstractBeanFactory.java:194)
	at org.springframework.context.annotation.ConfigurationClassEnhancer$BeanMethodInterceptor.intercept(ConfigurationClassEnhancer.java:322)
	at org.springframework.data.aerospike.repository.TestConfigPerson$$EnhancerBySpringCGLIB$$3f27a8da.aerospikeClient(<generated>)
	at org.springframework.data.aerospike.repository.TestConfigPerson.aerospikeTemplate(TestConfigPerson.java:38)
	at org.springframework.data.aerospike.repository.TestConfigPerson$$EnhancerBySpringCGLIB$$3f27a8da.CGLIB$aerospikeTemplate$0(<generated>)
	at org.springframework.data.aerospike.repository.TestConfigPerson$$EnhancerBySpringCGLIB$$3f27a8da$$FastClassBySpringCGLIB$$38965c5e.invoke(<generated>)
	at org.springframework.cglib.proxy.MethodProxy.invokeSuper(MethodProxy.java:228)
	at org.springframework.context.annotation.ConfigurationClassEnhancer$BeanMethodInterceptor.intercept(ConfigurationClassEnhancer.java:309)
	at org.springframework.data.aerospike.repository.TestConfigPerson$$EnhancerBySpringCGLIB$$3f27a8da.aerospikeTemplate(<generated>)
	at sun.reflect.GeneratedMethodAccessor45.invoke(Unknown Source)
	at sun.reflect.DelegatingMethodAccessorImpl.invoke(DelegatingMethodAccessorImpl.java:43)
	at java.lang.reflect.Method.invoke(Method.java:498)
	at org.springframework.beans.factory.support.SimpleInstantiationStrategy.instantiate(SimpleInstantiationStrategy.java:162)
	at org.springframework.beans.factory.support.ConstructorResolver.instantiateUsingFactoryMethod(ConstructorResolver.java:588)
	at org.springframework.beans.factory.support.AbstractAutowireCapableBeanFactory.instantiateUsingFactoryMethod(AbstractAutowireCapableBeanFactory.java:1119)
	at org.springframework.beans.factory.support.AbstractAutowireCapableBeanFactory.createBeanInstance(AbstractAutowireCapableBeanFactory.java:1014)
	at org.springframework.beans.factory.support.AbstractAutowireCapableBeanFactory.doCreateBean(AbstractAutowireCapableBeanFactory.java:504)
	at org.springframework.beans.factory.support.AbstractAutowireCapableBeanFactory.createBean(AbstractAutowireCapableBeanFactory.java:476)
	at org.springframework.beans.factory.support.AbstractBeanFactory$1.getObject(AbstractBeanFactory.java:303)
	at org.springframework.beans.factory.support.DefaultSingletonBeanRegistry.getSingleton(DefaultSingletonBeanRegistry.java:230)
	at org.springframework.beans.factory.support.AbstractBeanFactory.doGetBean(AbstractBeanFactory.java:299)
	at org.springframework.beans.factory.support.AbstractBeanFactory.getBean(AbstractBeanFactory.java:194)
	at org.springframework.beans.factory.support.DefaultListableBeanFactory.preInstantiateSingletons(DefaultListableBeanFactory.java:755)
	at org.springframework.context.support.AbstractApplicationContext.finishBeanFactoryInitialization(AbstractApplicationContext.java:757)
	at org.springframework.context.support.AbstractApplicationContext.refresh(AbstractApplicationContext.java:480)
	at org.springframework.test.context.support.AbstractGenericContextLoader.loadContext(AbstractGenericContextLoader.java:125)
	at org.springframework.test.context.support.AbstractGenericContextLoader.loadContext(AbstractGenericContextLoader.java:60)
	at org.springframework.test.context.support.AbstractDelegatingSmartContextLoader.delegateLoading(AbstractDelegatingSmartContextLoader.java:109)
	at org.springframework.test.context.support.AbstractDelegatingSmartContextLoader.loadContext(AbstractDelegatingSmartContextLoader.java:261)
	at org.springframework.test.context.DefaultCacheAwareContextLoaderDelegate.loadContextInternal(DefaultCacheAwareContextLoaderDelegate.java:68)
	at org.springframework.test.context.DefaultCacheAwareContextLoaderDelegate.loadContext(DefaultCacheAwareContextLoaderDelegate.java:86)
	at org.springframework.test.context.DefaultTestContext.getApplicationContext(DefaultTestContext.java:72)
	at org.springframework.test.context.support.DependencyInjectionTestExecutionListener.injectDependencies(DependencyInjectionTestExecutionListener.java:117)
	at org.springframework.test.context.support.DependencyInjectionTestExecutionListener.prepareTestInstance(DependencyInjectionTestExecutionListener.java:83)
	at org.springframework.test.context.TestContextManager.prepareTestInstance(TestContextManager.java:212)
	at org.springframework.test.context.junit4.SpringJUnit4ClassRunner.createTest(SpringJUnit4ClassRunner.java:200)
	at org.springframework.test.context.junit4.SpringJUnit4ClassRunner$1.runReflectiveCall(SpringJUnit4ClassRunner.java:259)
	at org.junit.internal.runners.model.ReflectiveCallable.run(ReflectiveCallable.java:12)
	at org.springframework.test.context.junit4.SpringJUnit4ClassRunner.methodBlock(SpringJUnit4ClassRunner.java:261)
	at org.springframework.test.context.junit4.SpringJUnit4ClassRunner.runChild(SpringJUnit4ClassRunner.java:219)
	at org.springframework.test.context.junit4.SpringJUnit4ClassRunner.runChild(SpringJUnit4ClassRunner.java:83)
	at org.junit.runners.ParentRunner$3.run(ParentRunner.java:290)
	at org.junit.runners.ParentRunner$1.schedule(ParentRunner.java:71)
	at org.junit.runners.ParentRunner.runChildren(ParentRunner.java:288)
	at org.junit.runners.ParentRunner.access$000(ParentRunner.java:58)
	at org.junit.runners.ParentRunner$2.evaluate(ParentRunner.java:268)
	at org.springframework.test.context.junit4.statements.RunBeforeTestClassCallbacks.evaluate(RunBeforeTestClassCallbacks.java:61)
	at org.springframework.test.context.junit4.statements.RunAfterTestClassCallbacks.evaluate(RunAfterTestClassCallbacks.java:68)
	at org.junit.runners.ParentRunner.run(ParentRunner.java:363)
	at org.springframework.test.context.junit4.SpringJUnit4ClassRunner.run(SpringJUnit4ClassRunner.java:163)
	at org.apache.maven.surefire.junit4.JUnit4Provider.execute(JUnit4Provider.java:283)
	at org.apache.maven.surefire.junit4.JUnit4Provider.executeWithRerun(JUnit4Provider.java:173)
	at org.apache.maven.surefire.junit4.JUnit4Provider.executeTestSet(JUnit4Provider.java:153)
	at org.apache.maven.surefire.junit4.JUnit4Provider.invoke(JUnit4Provider.java:128)
	at org.apache.maven.surefire.booter.ForkedBooter.invokeProviderInSameClassLoader(ForkedBooter.java:203)
	at org.apache.maven.surefire.booter.ForkedBooter.runSuitesInProcess(ForkedBooter.java:155)
	at org.apache.maven.surefire.booter.ForkedBooter.main(ForkedBooter.java:103)
]]></error>
    <system-out><![CDATA[16:38:23.801 [main] DEBUG o.s.t.annotation.ProfileValueUtils - Retrieved @ProfileValueSourceConfiguration [null] for test class [org.springframework.data.aerospike.repository.PersonRepositoryIntegrationTests]
16:38:23.801 [main] DEBUG o.s.t.annotation.ProfileValueUtils - Retrieved ProfileValueSource type [class org.springframework.test.annotation.SystemProfileValueSource] for class [org.springframework.data.aerospike.repository.PersonRepositoryIntegrationTests]
16:38:23.801 [main] DEBUG o.s.t.c.s.DependencyInjectionTestExecutionListener - Performing dependency injection for test context [[DefaultTestContext@6c1cfa53 testClass = PersonRepositoryIntegrationTests, testInstance = org.springframework.data.aerospike.repository.PersonRepositoryIntegrationTests@740a0d5e, testMethod = [null], testException = [null], mergedContextConfiguration = [MergedContextConfiguration@52b06bef testClass = PersonRepositoryIntegrationTests, locations = '{}', classes = '{class org.springframework.data.aerospike.repository.TestConfigPerson}', contextInitializerClasses = '[]', activeProfiles = '{}', propertySourceLocations = '{}', propertySourceProperties = '{}', contextLoader = 'org.springframework.test.context.support.DelegatingSmartContextLoader', parent = [null]]]].
16:38:23.801 [main] DEBUG o.s.t.c.s.AbstractDelegatingSmartContextLoader - Delegating to AnnotationConfigContextLoader to load context from [MergedContextConfiguration@52b06bef testClass = PersonRepositoryIntegrationTests, locations = '{}', classes = '{class org.springframework.data.aerospike.repository.TestConfigPerson}', contextInitializerClasses = '[]', activeProfiles = '{}', propertySourceLocations = '{}', propertySourceProperties = '{}', contextLoader = 'org.springframework.test.context.support.DelegatingSmartContextLoader', parent = [null]].
16:38:23.801 [main] DEBUG o.s.t.c.s.AbstractGenericContextLoader - Loading ApplicationContext for merged context configuration [[MergedContextConfiguration@52b06bef testClass = PersonRepositoryIntegrationTests, locations = '{}', classes = '{class org.springframework.data.aerospike.repository.TestConfigPerson}', contextInitializerClasses = '[]', activeProfiles = '{}', propertySourceLocations = '{}', propertySourceProperties = '{}', contextLoader = 'org.springframework.test.context.support.DelegatingSmartContextLoader', parent = [null]]].
16:38:23.802 [main] DEBUG o.s.core.env.StandardEnvironment - Adding [systemProperties] PropertySource with lowest search precedence
16:38:23.802 [main] DEBUG o.s.core.env.StandardEnvironment - Adding [systemEnvironment] PropertySource with lowest search precedence
16:38:23.802 [main] DEBUG o.s.core.env.StandardEnvironment - Initialized StandardEnvironment with PropertySources [systemProperties,systemEnvironment]
16:38:23.802 [main] DEBUG o.s.t.c.s.AnnotationConfigContextLoader - Registering annotated classes: {class org.springframework.data.aerospike.repository.TestConfigPerson}
16:38:23.802 [main] INFO  o.s.c.s.GenericApplicationContext - Refreshing org.springframework.context.support.GenericApplicationContext@29013ef2: startup date [Tue Oct 04 16:38:23 BRT 2016]; root of context hierarchy
16:38:23.802 [main] DEBUG o.s.c.s.GenericApplicationContext - Bean factory for org.springframework.context.support.GenericApplicationContext@29013ef2: org.springframework.beans.factory.support.DefaultListableBeanFactory@265c1a7c: defining beans [org.springframework.context.annotation.internalConfigurationAnnotationProcessor,org.springframework.context.annotation.internalAutowiredAnnotationProcessor,org.springframework.context.annotation.internalRequiredAnnotationProcessor,org.springframework.context.annotation.internalCommonAnnotationProcessor,testConfigPerson]; root of factory hierarchy
16:38:23.802 [main] DEBUG o.s.b.f.s.DefaultListableBeanFactory - Creating shared instance of singleton bean 'org.springframework.context.annotation.internalConfigurationAnnotationProcessor'
16:38:23.802 [main] DEBUG o.s.b.f.s.DefaultListableBeanFactory - Creating instance of bean 'org.springframework.context.annotation.internalConfigurationAnnotationProcessor'
16:38:23.802 [main] DEBUG o.s.b.f.s.DefaultListableBeanFactory - Eagerly caching bean 'org.springframework.context.annotation.internalConfigurationAnnotationProcessor' to allow for resolving potential circular references
16:38:23.803 [main] DEBUG o.s.b.f.s.DefaultListableBeanFactory - Finished creating instance of bean 'org.springframework.context.annotation.internalConfigurationAnnotationProcessor'
16:38:23.803 [main] DEBUG o.s.c.a.ConfigurationClassBeanDefinitionReader - Registering bean definition for @Bean method org.springframework.data.aerospike.repository.TestConfigPerson.aerospikeTemplate()
16:38:23.803 [main] DEBUG o.s.c.a.ConfigurationClassBeanDefinitionReader - Registering bean definition for @Bean method org.springframework.data.aerospike.repository.TestConfigPerson.aerospikeClient()
16:38:23.803 [main] DEBUG o.s.core.env.StandardEnvironment - Adding [systemProperties] PropertySource with lowest search precedence
16:38:23.803 [main] DEBUG o.s.core.env.StandardEnvironment - Adding [systemEnvironment] PropertySource with lowest search precedence
16:38:23.804 [main] DEBUG o.s.core.env.StandardEnvironment - Initialized StandardEnvironment with PropertySources [systemProperties,systemEnvironment]
16:38:23.804 [main] DEBUG o.s.c.i.s.PathMatchingResourcePatternResolver - Looking for matching resources in directory tree [/home/aluno/spring-projects/maven/spring-data-aerospike/target/test-classes/org/springframework/data]
16:38:23.804 [main] DEBUG o.s.c.i.s.PathMatchingResourcePatternResolver - Searching directory [/home/aluno/spring-projects/maven/spring-data-aerospike/target/test-classes/org/springframework/data] for files matching pattern [/home/aluno/spring-projects/maven/spring-data-aerospike/target/test-classes/org/springframework/data/**/repository/support/**/*.class]
16:38:23.804 [main] DEBUG o.s.c.i.s.PathMatchingResourcePatternResolver - Searching directory [/home/aluno/spring-projects/maven/spring-data-aerospike/target/test-classes/org/springframework/data/keyvalue] for files matching pattern [/home/aluno/spring-projects/maven/spring-data-aerospike/target/test-classes/org/springframework/data/**/repository/support/**/*.class]
16:38:23.804 [main] DEBUG o.s.c.i.s.PathMatchingResourcePatternResolver - Searching directory [/home/aluno/spring-projects/maven/spring-data-aerospike/target/test-classes/org/springframework/data/keyvalue/repository] for files matching pattern [/home/aluno/spring-projects/maven/spring-data-aerospike/target/test-classes/org/springframework/data/**/repository/support/**/*.class]
16:38:23.804 [main] DEBUG o.s.c.i.s.PathMatchingResourcePatternResolver - Searching directory [/home/aluno/spring-projects/maven/spring-data-aerospike/target/test-classes/org/springframework/data/keyvalue/repository/query] for files matching pattern [/home/aluno/spring-projects/maven/spring-data-aerospike/target/test-classes/org/springframework/data/**/repository/support/**/*.class]
16:38:23.805 [main] DEBUG o.s.c.i.s.PathMatchingResourcePatternResolver - Searching directory [/home/aluno/spring-projects/maven/spring-data-aerospike/target/test-classes/org/springframework/data/aerospike] for files matching pattern [/home/aluno/spring-projects/maven/spring-data-aerospike/target/test-classes/org/springframework/data/**/repository/support/**/*.class]
16:38:23.805 [main] DEBUG o.s.c.i.s.PathMatchingResourcePatternResolver - Searching directory [/home/aluno/spring-projects/maven/spring-data-aerospike/target/test-classes/org/springframework/data/aerospike/mapping] for files matching pattern [/home/aluno/spring-projects/maven/spring-data-aerospike/target/test-classes/org/springframework/data/**/repository/support/**/*.class]
16:38:23.805 [main] DEBUG o.s.c.i.s.PathMatchingResourcePatternResolver - Searching directory [/home/aluno/spring-projects/maven/spring-data-aerospike/target/test-classes/org/springframework/data/aerospike/core] for files matching pattern [/home/aluno/spring-projects/maven/spring-data-aerospike/target/test-classes/org/springframework/data/**/repository/support/**/*.class]
16:38:23.805 [main] DEBUG o.s.c.i.s.PathMatchingResourcePatternResolver - Searching directory [/home/aluno/spring-projects/maven/spring-data-aerospike/target/test-classes/org/springframework/data/aerospike/convert] for files matching pattern [/home/aluno/spring-projects/maven/spring-data-aerospike/target/test-classes/org/springframework/data/**/repository/support/**/*.class]
16:38:23.807 [main] DEBUG o.s.c.i.s.PathMatchingResourcePatternResolver - Searching directory [/home/aluno/spring-projects/maven/spring-data-aerospike/target/test-classes/org/springframework/data/aerospike/sample] for files matching pattern [/home/aluno/spring-projects/maven/spring-data-aerospike/target/test-classes/org/springframework/data/**/repository/support/**/*.class]
16:38:23.807 [main] DEBUG o.s.c.i.s.PathMatchingResourcePatternResolver - Searching directory [/home/aluno/spring-projects/maven/spring-data-aerospike/target/test-classes/org/springframework/data/aerospike/repository] for files matching pattern [/home/aluno/spring-projects/maven/spring-data-aerospike/target/test-classes/org/springframework/data/**/repository/support/**/*.class]
16:38:23.807 [main] DEBUG o.s.c.i.s.PathMatchingResourcePatternResolver - Searching directory [/home/aluno/spring-projects/maven/spring-data-aerospike/target/test-classes/org/springframework/data/aerospike/repository/support] for files matching pattern [/home/aluno/spring-projects/maven/spring-data-aerospike/target/test-classes/org/springframework/data/**/repository/support/**/*.class]
16:38:23.807 [main] DEBUG o.s.c.i.s.PathMatchingResourcePatternResolver - Searching directory [/home/aluno/spring-projects/maven/spring-data-aerospike/target/test-classes/org/springframework/data/aerospike/repository/query] for files matching pattern [/home/aluno/spring-projects/maven/spring-data-aerospike/target/test-classes/org/springframework/data/**/repository/support/**/*.class]
16:38:23.808 [main] DEBUG o.s.c.i.s.PathMatchingResourcePatternResolver - Searching directory [/home/aluno/spring-projects/maven/spring-data-aerospike/target/test-classes/org/springframework/data/aerospike/config] for files matching pattern [/home/aluno/spring-projects/maven/spring-data-aerospike/target/test-classes/org/springframework/data/**/repository/support/**/*.class]
16:38:23.808 [main] DEBUG o.s.c.i.s.PathMatchingResourcePatternResolver - Searching directory [/home/aluno/spring-projects/maven/spring-data-aerospike/target/test-classes/org/springframework/data/aerospike/cache] for files matching pattern [/home/aluno/spring-projects/maven/spring-data-aerospike/target/test-classes/org/springframework/data/**/repository/support/**/*.class]
16:38:23.808 [main] DEBUG o.s.c.i.s.PathMatchingResourcePatternResolver - Looking for matching resources in directory tree [/home/aluno/spring-projects/maven/spring-data-aerospike/target/classes/org/springframework/data]
16:38:23.808 [main] DEBUG o.s.c.i.s.PathMatchingResourcePatternResolver - Searching directory [/home/aluno/spring-projects/maven/spring-data-aerospike/target/classes/org/springframework/data] for files matching pattern [/home/aluno/spring-projects/maven/spring-data-aerospike/target/classes/org/springframework/data/**/repository/support/**/*.class]
16:38:23.808 [main] DEBUG o.s.c.i.s.PathMatchingResourcePatternResolver - Searching directory [/home/aluno/spring-projects/maven/spring-data-aerospike/target/classes/org/springframework/data/aerospike] for files matching pattern [/home/aluno/spring-projects/maven/spring-data-aerospike/target/classes/org/springframework/data/**/repository/support/**/*.class]
16:38:23.808 [main] DEBUG o.s.c.i.s.PathMatchingResourcePatternResolver - Searching directory [/home/aluno/spring-projects/maven/spring-data-aerospike/target/classes/org/springframework/data/aerospike/mapping] for files matching pattern [/home/aluno/spring-projects/maven/spring-data-aerospike/target/classes/org/springframework/data/**/repository/support/**/*.class]
16:38:23.808 [main] DEBUG o.s.c.i.s.PathMatchingResourcePatternResolver - Searching directory [/home/aluno/spring-projects/maven/spring-data-aerospike/target/classes/org/springframework/data/aerospike/core] for files matching pattern [/home/aluno/spring-projects/maven/spring-data-aerospike/target/classes/org/springframework/data/**/repository/support/**/*.class]
16:38:23.808 [main] DEBUG o.s.c.i.s.PathMatchingResourcePatternResolver - Searching directory [/home/aluno/spring-projects/maven/spring-data-aerospike/target/classes/org/springframework/data/aerospike/convert] for files matching pattern [/home/aluno/spring-projects/maven/spring-data-aerospike/target/classes/org/springframework/data/**/repository/support/**/*.class]
16:38:23.809 [main] DEBUG o.s.c.i.s.PathMatchingResourcePatternResolver - Searching directory [/home/aluno/spring-projects/maven/spring-data-aerospike/target/classes/org/springframework/data/aerospike/example] for files matching pattern [/home/aluno/spring-projects/maven/spring-data-aerospike/target/classes/org/springframework/data/**/repository/support/**/*.class]
16:38:23.809 [main] DEBUG o.s.c.i.s.PathMatchingResourcePatternResolver - Searching directory [/home/aluno/spring-projects/maven/spring-data-aerospike/target/classes/org/springframework/data/aerospike/example/data] for files matching pattern [/home/aluno/spring-projects/maven/spring-data-aerospike/target/classes/org/springframework/data/**/repository/support/**/*.class]
16:38:23.809 [main] DEBUG o.s.c.i.s.PathMatchingResourcePatternResolver - Searching directory [/home/aluno/spring-projects/maven/spring-data-aerospike/target/classes/org/springframework/data/aerospike/example/config] for files matching pattern [/home/aluno/spring-projects/maven/spring-data-aerospike/target/classes/org/springframework/data/**/repository/support/**/*.class]
16:38:23.809 [main] DEBUG o.s.c.i.s.PathMatchingResourcePatternResolver - Searching directory [/home/aluno/spring-projects/maven/spring-data-aerospike/target/classes/org/springframework/data/aerospike/annotation] for files matching pattern [/home/aluno/spring-projects/maven/spring-data-aerospike/target/classes/org/springframework/data/**/repository/support/**/*.class]
16:38:23.809 [main] DEBUG o.s.c.i.s.PathMatchingResourcePatternResolver - Searching directory [/home/aluno/spring-projects/maven/spring-data-aerospike/target/classes/org/springframework/data/aerospike/repository] for files matching pattern [/home/aluno/spring-projects/maven/spring-data-aerospike/target/classes/org/springframework/data/**/repository/support/**/*.class]
16:38:23.809 [main] DEBUG o.s.c.i.s.PathMatchingResourcePatternResolver - Searching directory [/home/aluno/spring-projects/maven/spring-data-aerospike/target/classes/org/springframework/data/aerospike/repository/support] for files matching pattern [/home/aluno/spring-projects/maven/spring-data-aerospike/target/classes/org/springframework/data/**/repository/support/**/*.class]
16:38:23.809 [main] DEBUG o.s.c.i.s.PathMatchingResourcePatternResolver - Searching directory [/home/aluno/spring-projects/maven/spring-data-aerospike/target/classes/org/springframework/data/aerospike/repository/config] for files matching pattern [/home/aluno/spring-projects/maven/spring-data-aerospike/target/classes/org/springframework/data/**/repository/support/**/*.class]
16:38:23.809 [main] DEBUG o.s.c.i.s.PathMatchingResourcePatternResolver - Searching directory [/home/aluno/spring-projects/maven/spring-data-aerospike/target/classes/org/springframework/data/aerospike/repository/query] for files matching pattern [/home/aluno/spring-projects/maven/spring-data-aerospike/target/classes/org/springframework/data/**/repository/support/**/*.class]
16:38:23.809 [main] DEBUG o.s.c.i.s.PathMatchingResourcePatternResolver - Searching directory [/home/aluno/spring-projects/maven/spring-data-aerospike/target/classes/org/springframework/data/aerospike/config] for files matching pattern [/home/aluno/spring-projects/maven/spring-data-aerospike/target/classes/org/springframework/data/**/repository/support/**/*.class]
16:38:23.809 [main] DEBUG o.s.c.i.s.PathMatchingResourcePatternResolver - Searching directory [/home/aluno/spring-projects/maven/spring-data-aerospike/target/classes/org/springframework/data/aerospike/cache] for files matching pattern [/home/aluno/spring-projects/maven/spring-data-aerospike/target/classes/org/springframework/data/**/repository/support/**/*.class]
16:38:23.809 [main] DEBUG o.s.c.i.s.PathMatchingResourcePatternResolver - Searching directory [/home/aluno/spring-projects/maven/spring-data-aerospike/target/classes/org/springframework/data/aerospike/utility] for files matching pattern [/home/aluno/spring-projects/maven/spring-data-aerospike/target/classes/org/springframework/data/**/repository/support/**/*.class]
16:38:23.809 [main] DEBUG o.s.c.i.s.PathMatchingResourcePatternResolver - Looking for matching resources in jar file [file:/home/aluno/.m2/repository/org/springframework/data/spring-data-commons/1.11.0.RELEASE/spring-data-commons-1.11.0.RELEASE.jar]
16:38:23.812 [main] DEBUG o.s.c.i.s.PathMatchingResourcePatternResolver - Looking for matching resources in jar file [file:/home/aluno/.m2/repository/org/springframework/data/spring-data-keyvalue/1.0.0.M1/spring-data-keyvalue-1.0.0.M1.jar]
16:38:23.813 [main] DEBUG o.s.c.i.s.PathMatchingResourcePatternResolver - Resolved location pattern [classpath*:org/springframework/data/**/repository/support/**/*.class] to resources [file [/home/aluno/spring-projects/maven/spring-data-aerospike/target/test-classes/org/springframework/data/aerospike/repository/support/SimpleAerospikeRepositoryTest$5.class], file [/home/aluno/spring-projects/maven/spring-data-aerospike/target/test-classes/org/springframework/data/aerospike/repository/support/SimpleAerospikeRepositoryTest$9.class], file [/home/aluno/spring-projects/maven/spring-data-aerospike/target/test-classes/org/springframework/data/aerospike/repository/support/SimpleAerospikeRepositoryTest$4.class], file [/home/aluno/spring-projects/maven/spring-data-aerospike/target/test-classes/org/springframework/data/aerospike/repository/support/AerospikeRepositoryFactoryTest.class], file [/home/aluno/spring-projects/maven/spring-data-aerospike/target/test-classes/org/springframework/data/aerospike/repository/support/SimpleAerospikeRepositoryTest.class], file [/home/aluno/spring-projects/maven/spring-data-aerospike/target/test-classes/org/springframework/data/aerospike/repository/support/SimpleAerospikeRepositoryTest$1.class], file [/home/aluno/spring-projects/maven/spring-data-aerospike/target/test-classes/org/springframework/data/aerospike/repository/support/SimpleAerospikeRepositoryTest$3.class], file [/home/aluno/spring-projects/maven/spring-data-aerospike/target/test-classes/org/springframework/data/aerospike/repository/support/SimpleAerospikeRepositoryTest$8.class], file [/home/aluno/spring-projects/maven/spring-data-aerospike/target/test-classes/org/springframework/data/aerospike/repository/support/SimpleAerospikeRepositoryTest$6.class], file [/home/aluno/spring-projects/maven/spring-data-aerospike/target/test-classes/org/springframework/data/aerospike/repository/support/SimpleAerospikeRepositoryTest$2.class], file [/home/aluno/spring-projects/maven/spring-data-aerospike/target/test-classes/org/springframework/data/aerospike/repository/support/AllTests.class], file [/home/aluno/spring-projects/maven/spring-data-aerospike/target/test-classes/org/springframework/data/aerospike/repository/support/SimpleAerospikeRepositoryTest$7.class], file [/home/aluno/spring-projects/maven/spring-data-aerospike/target/classes/org/springframework/data/aerospike/repository/support/AerospikeRepositoryFactoryBean.class], file [/home/aluno/spring-projects/maven/spring-data-aerospike/target/classes/org/springframework/data/aerospike/repository/support/AerospikeRepositoryFactory$AerospikeQueryLookupStrategy.class], file [/home/aluno/spring-projects/maven/spring-data-aerospike/target/classes/org/springframework/data/aerospike/repository/support/AerospikeRepositoryFactory.class], file [/home/aluno/spring-projects/maven/spring-data-aerospike/target/classes/org/springframework/data/aerospike/repository/support/SimpleAerospikeRepository.class], URL [jar:file:/home/aluno/.m2/repository/org/springframework/data/spring-data-commons/1.11.0.RELEASE/spring-data-commons-1.11.0.RELEASE.jar!/org/springframework/data/repository/support/DomainClassConverter$ConversionMatchAbbreviationException.class], URL [jar:file:/home/aluno/.m2/repository/org/springframework/data/spring-data-commons/1.11.0.RELEASE/spring-data-commons-1.11.0.RELEASE.jar!/org/springframework/data/repository/support/DomainClassConverter$ToIdConverter.class], URL [jar:file:/home/aluno/.m2/repository/org/springframework/data/spring-data-commons/1.11.0.RELEASE/spring-data-commons-1.11.0.RELEASE.jar!/org/springframework/data/repository/support/Repositories$EmptyRepositoryFactoryInformation.class], URL [jar:file:/home/aluno/.m2/repository/org/springframework/data/spring-data-commons/1.11.0.RELEASE/spring-data-commons-1.11.0.RELEASE.jar!/org/springframework/data/repository/support/PagingAndSortingRepositoryInvoker.class], URL [jar:file:/home/aluno/.m2/repository/org/springframework/data/spring-data-commons/1.11.0.RELEASE/spring-data-commons-1.11.0.RELEASE.jar!/org/springframework/data/repository/support/QueryMethodParameterConversionException.class], URL [jar:file:/home/aluno/.m2/repository/org/springframework/data/spring-data-commons/1.11.0.RELEASE/spring-data-commons-1.11.0.RELEASE.jar!/org/springframework/data/repository/support/MethodParameters.class], URL [jar:file:/home/aluno/.m2/repository/org/springframework/data/spring-data-commons/1.11.0.RELEASE/spring-data-commons-1.11.0.RELEASE.jar!/org/springframework/data/repository/support/RepositoryInvoker.class], URL [jar:file:/home/aluno/.m2/repository/org/springframework/data/spring-data-commons/1.11.0.RELEASE/spring-data-commons-1.11.0.RELEASE.jar!/org/springframework/data/repository/support/RepositoryInvokerFactory.class], URL [jar:file:/home/aluno/.m2/repository/org/springframework/data/spring-data-commons/1.11.0.RELEASE/spring-data-commons-1.11.0.RELEASE.jar!/org/springframework/data/repository/support/DomainClassPropertyEditorRegistrar.class], URL [jar:file:/home/aluno/.m2/repository/org/springframework/data/spring-data-commons/1.11.0.RELEASE/spring-data-commons-1.11.0.RELEASE.jar!/org/springframework/data/repository/support/AnnotationAttribute.class], URL [jar:file:/home/aluno/.m2/repository/org/springframework/data/spring-data-commons/1.11.0.RELEASE/spring-data-commons-1.11.0.RELEASE.jar!/org/springframework/data/repository/support/DefaultRepositoryInvokerFactory.class], URL [jar:file:/home/aluno/.m2/repository/org/springframework/data/spring-data-commons/1.11.0.RELEASE/spring-data-commons-1.11.0.RELEASE.jar!/org/springframework/data/repository/support/MethodParameters$AnnotationNamingMethodParameter.class], URL [jar:file:/home/aluno/.m2/repository/org/springframework/data/spring-data-commons/1.11.0.RELEASE/spring-data-commons-1.11.0.RELEASE.jar!/org/springframework/data/repository/support/CrudRepositoryInvoker.class], URL [jar:file:/home/aluno/.m2/repository/org/springframework/data/spring-data-commons/1.11.0.RELEASE/spring-data-commons-1.11.0.RELEASE.jar!/org/springframework/data/repository/support/Repositories.class], URL [jar:file:/home/aluno/.m2/repository/org/springframework/data/spring-data-commons/1.11.0.RELEASE/spring-data-commons-1.11.0.RELEASE.jar!/org/springframework/data/repository/support/DomainClassConverter$ToEntityConverter.class], URL [jar:file:/home/aluno/.m2/repository/org/springframework/data/spring-data-commons/1.11.0.RELEASE/spring-data-commons-1.11.0.RELEASE.jar!/org/springframework/data/repository/support/ReflectionRepositoryInvoker.class], URL [jar:file:/home/aluno/.m2/repository/org/springframework/data/spring-data-commons/1.11.0.RELEASE/spring-data-commons-1.11.0.RELEASE.jar!/org/springframework/data/repository/support/DomainClassPropertyEditor.class], URL [jar:file:/home/aluno/.m2/repository/org/springframework/data/spring-data-commons/1.11.0.RELEASE/spring-data-commons-1.11.0.RELEASE.jar!/org/springframework/data/repository/support/DomainClassConverter.class], URL [jar:file:/home/aluno/.m2/repository/org/springframework/data/spring-data-commons/1.11.0.RELEASE/spring-data-commons-1.11.0.RELEASE.jar!/org/springframework/data/repository/support/DomainClassConverter$1.class], URL [jar:file:/home/aluno/.m2/repository/org/springframework/data/spring-data-commons/1.11.0.RELEASE/spring-data-commons-1.11.0.RELEASE.jar!/org/springframework/data/repository/support/RepositoryInvocationInformation.class], URL [jar:file:/home/aluno/.m2/repository/org/springframework/data/spring-data-keyvalue/1.0.0.M1/spring-data-keyvalue-1.0.0.M1.jar!/org/springframework/data/keyvalue/repository/support/KeyValueRepositoryFactory$KeyValueQueryLookupStrategy.class], URL [jar:file:/home/aluno/.m2/repository/org/springframework/data/spring-data-keyvalue/1.0.0.M1/spring-data-keyvalue-1.0.0.M1.jar!/org/springframework/data/keyvalue/repository/support/QuerydslKeyValueRepository.class], URL [jar:file:/home/aluno/.m2/repository/org/springframework/data/spring-data-keyvalue/1.0.0.M1/spring-data-keyvalue-1.0.0.M1.jar!/org/springframework/data/keyvalue/repository/support/KeyValueRepositoryFactoryBean.class], URL [jar:file:/home/aluno/.m2/repository/org/springframework/data/spring-data-keyvalue/1.0.0.M1/spring-data-keyvalue-1.0.0.M1.jar!/org/springframework/data/keyvalue/repository/support/KeyValueQuerydslUtils$1.class], URL [jar:file:/home/aluno/.m2/repository/org/springframework/data/spring-data-keyvalue/1.0.0.M1/spring-data-keyvalue-1.0.0.M1.jar!/org/springframework/data/keyvalue/repository/support/KeyValueQuerydslUtils.class], URL [jar:file:/home/aluno/.m2/repository/org/springframework/data/spring-data-keyvalue/1.0.0.M1/spring-data-keyvalue-1.0.0.M1.jar!/org/springframework/data/keyvalue/repository/support/KeyValueRepositoryFactory.class], URL [jar:file:/home/aluno/.m2/repository/org/springframework/data/spring-data-keyvalue/1.0.0.M1/spring-data-keyvalue-1.0.0.M1.jar!/org/springframework/data/keyvalue/repository/support/SimpleKeyValueRepository.class]]
16:38:23.814 [main] DEBUG o.s.c.a.ClassPathScanningCandidateComponentProvider - Identified candidate component class: file [/home/aluno/spring-projects/maven/spring-data-aerospike/target/classes/org/springframework/data/aerospike/repository/support/AerospikeRepositoryFactory.class]
16:38:23.818 [main] DEBUG o.s.c.a.ClassPathScanningCandidateComponentProvider - Identified candidate component class: URL [jar:file:/home/aluno/.m2/repository/org/springframework/data/spring-data-keyvalue/1.0.0.M1/spring-data-keyvalue-1.0.0.M1.jar!/org/springframework/data/keyvalue/repository/support/KeyValueRepositoryFactory.class]
16:38:23.818 [main] DEBUG o.s.d.r.c.RepositoryConfigurationDelegate - Multiple Spring Data modules found, entering strict repository configuration mode!
16:38:23.819 [main] DEBUG o.s.core.env.StandardEnvironment - Adding [systemProperties] PropertySource with lowest search precedence
16:38:23.819 [main] DEBUG o.s.core.env.StandardEnvironment - Adding [systemEnvironment] PropertySource with lowest search precedence
16:38:23.819 [main] DEBUG o.s.core.env.StandardEnvironment - Initialized StandardEnvironment with PropertySources [systemProperties,systemEnvironment]
16:38:23.819 [main] DEBUG o.s.c.i.s.PathMatchingResourcePatternResolver - Looking for matching resources in directory tree [/home/aluno/spring-projects/maven/spring-data-aerospike/target/test-classes/org/springframework/data/aerospike/repository]
16:38:23.819 [main] DEBUG o.s.c.i.s.PathMatchingResourcePatternResolver - Searching directory [/home/aluno/spring-projects/maven/spring-data-aerospike/target/test-classes/org/springframework/data/aerospike/repository] for files matching pattern [/home/aluno/spring-projects/maven/spring-data-aerospike/target/test-classes/org/springframework/data/aerospike/repository/**/*.class]
16:38:23.819 [main] DEBUG o.s.c.i.s.PathMatchingResourcePatternResolver - Searching directory [/home/aluno/spring-projects/maven/spring-data-aerospike/target/test-classes/org/springframework/data/aerospike/repository/support] for files matching pattern [/home/aluno/spring-projects/maven/spring-data-aerospike/target/test-classes/org/springframework/data/aerospike/repository/**/*.class]
16:38:23.819 [main] DEBUG o.s.c.i.s.PathMatchingResourcePatternResolver - Searching directory [/home/aluno/spring-projects/maven/spring-data-aerospike/target/test-classes/org/springframework/data/aerospike/repository/query] for files matching pattern [/home/aluno/spring-projects/maven/spring-data-aerospike/target/test-classes/org/springframework/data/aerospike/repository/**/*.class]
16:38:23.820 [main] DEBUG o.s.c.i.s.PathMatchingResourcePatternResolver - Looking for matching resources in directory tree [/home/aluno/spring-projects/maven/spring-data-aerospike/target/classes/org/springframework/data/aerospike/repository]
16:38:23.820 [main] DEBUG o.s.c.i.s.PathMatchingResourcePatternResolver - Searching directory [/home/aluno/spring-projects/maven/spring-data-aerospike/target/classes/org/springframework/data/aerospike/repository] for files matching pattern [/home/aluno/spring-projects/maven/spring-data-aerospike/target/classes/org/springframework/data/aerospike/repository/**/*.class]
16:38:23.820 [main] DEBUG o.s.c.i.s.PathMatchingResourcePatternResolver - Searching directory [/home/aluno/spring-projects/maven/spring-data-aerospike/target/classes/org/springframework/data/aerospike/repository/support] for files matching pattern [/home/aluno/spring-projects/maven/spring-data-aerospike/target/classes/org/springframework/data/aerospike/repository/**/*.class]
16:38:23.820 [main] DEBUG o.s.c.i.s.PathMatchingResourcePatternResolver - Searching directory [/home/aluno/spring-projects/maven/spring-data-aerospike/target/classes/org/springframework/data/aerospike/repository/config] for files matching pattern [/home/aluno/spring-projects/maven/spring-data-aerospike/target/classes/org/springframework/data/aerospike/repository/**/*.class]
16:38:23.820 [main] DEBUG o.s.c.i.s.PathMatchingResourcePatternResolver - Searching directory [/home/aluno/spring-projects/maven/spring-data-aerospike/target/classes/org/springframework/data/aerospike/repository/query] for files matching pattern [/home/aluno/spring-projects/maven/spring-data-aerospike/target/classes/org/springframework/data/aerospike/repository/**/*.class]
16:38:23.820 [main] DEBUG o.s.c.i.s.PathMatchingResourcePatternResolver - Resolved location pattern [classpath*:org/springframework/data/aerospike/repository/**/*.class] to resources [file [/home/aluno/spring-projects/maven/spring-data-aerospike/target/test-classes/org/springframework/data/aerospike/repository/Credentials.class], file [/home/aluno/spring-projects/maven/spring-data-aerospike/target/test-classes/org/springframework/data/aerospike/repository/AbstractPersonRepositoryIntegrationTests$1.class], file [/home/aluno/spring-projects/maven/spring-data-aerospike/target/test-classes/org/springframework/data/aerospike/repository/PersonRepository.class], file [/home/aluno/spring-projects/maven/spring-data-aerospike/target/test-classes/org/springframework/data/aerospike/repository/TestConfigPerson.class], file [/home/aluno/spring-projects/maven/spring-data-aerospike/target/test-classes/org/springframework/data/aerospike/repository/Address.class], file [/home/aluno/spring-projects/maven/spring-data-aerospike/target/test-classes/org/springframework/data/aerospike/repository/Person$Sex.class], file [/home/aluno/spring-projects/maven/spring-data-aerospike/target/test-classes/org/springframework/data/aerospike/repository/Person.class], file [/home/aluno/spring-projects/maven/spring-data-aerospike/target/test-classes/org/springframework/data/aerospike/repository/ContactRepository.class], file [/home/aluno/spring-projects/maven/spring-data-aerospike/target/test-classes/org/springframework/data/aerospike/repository/AbstractPersonRepositoryIntegrationTests.class], file [/home/aluno/spring-projects/maven/spring-data-aerospike/target/test-classes/org/springframework/data/aerospike/repository/User.class], file [/home/aluno/spring-projects/maven/spring-data-aerospike/target/test-classes/org/springframework/data/aerospike/repository/CustomerRepositoriesIntegrationTests$Config.class], file [/home/aluno/spring-projects/maven/spring-data-aerospike/target/test-classes/org/springframework/data/aerospike/repository/AnnotatedPerson.class], file [/home/aluno/spring-projects/maven/spring-data-aerospike/target/test-classes/org/springframework/data/aerospike/repository/support/SimpleAerospikeRepositoryTest$5.class], file [/home/aluno/spring-projects/maven/spring-data-aerospike/target/test-classes/org/springframework/data/aerospike/repository/support/SimpleAerospikeRepositoryTest$9.class], file [/home/aluno/spring-projects/maven/spring-data-aerospike/target/test-classes/org/springframework/data/aerospike/repository/support/SimpleAerospikeRepositoryTest$4.class], file [/home/aluno/spring-projects/maven/spring-data-aerospike/target/test-classes/org/springframework/data/aerospike/repository/support/AerospikeRepositoryFactoryTest.class], file [/home/aluno/spring-projects/maven/spring-data-aerospike/target/test-classes/org/springframework/data/aerospike/repository/support/SimpleAerospikeRepositoryTest.class], file [/home/aluno/spring-projects/maven/spring-data-aerospike/target/test-classes/org/springframework/data/aerospike/repository/support/SimpleAerospikeRepositoryTest$1.class], file [/home/aluno/spring-projects/maven/spring-data-aerospike/target/test-classes/org/springframework/data/aerospike/repository/support/SimpleAerospikeRepositoryTest$3.class], file [/home/aluno/spring-projects/maven/spring-data-aerospike/target/test-classes/org/springframework/data/aerospike/repository/support/SimpleAerospikeRepositoryTest$8.class], file [/home/aluno/spring-projects/maven/spring-data-aerospike/target/test-classes/org/springframework/data/aerospike/repository/support/SimpleAerospikeRepositoryTest$6.class], file [/home/aluno/spring-projects/maven/spring-data-aerospike/target/test-classes/org/springframework/data/aerospike/repository/support/SimpleAerospikeRepositoryTest$2.class], file [/home/aluno/spring-projects/maven/spring-data-aerospike/target/test-classes/org/springframework/data/aerospike/repository/support/AllTests.class], file [/home/aluno/spring-projects/maven/spring-data-aerospike/target/test-classes/org/springframework/data/aerospike/repository/support/SimpleAerospikeRepositoryTest$7.class], file [/home/aluno/spring-projects/maven/spring-data-aerospike/target/test-classes/org/springframework/data/aerospike/repository/Contact.class], file [/home/aluno/spring-projects/maven/spring-data-aerospike/target/test-classes/org/springframework/data/aerospike/repository/AllTests.class], file [/home/aluno/spring-projects/maven/spring-data-aerospike/target/test-classes/org/springframework/data/aerospike/repository/PersonRepositoryIntegrationTests.class], file [/home/aluno/spring-projects/maven/spring-data-aerospike/target/test-classes/org/springframework/data/aerospike/repository/query/StubParameterAccessor.class], file [/home/aluno/spring-projects/maven/spring-data-aerospike/target/test-classes/org/springframework/data/aerospike/repository/query/AllTests.class], file [/home/aluno/spring-projects/maven/spring-data-aerospike/target/test-classes/org/springframework/data/aerospike/repository/query/AerospikePartTreeQueryTest.class], file [/home/aluno/spring-projects/maven/spring-data-aerospike/target/test-classes/org/springframework/data/aerospike/repository/CustomerRepositoriesIntegrationTests.class], file [/home/aluno/spring-projects/maven/spring-data-aerospike/target/classes/org/springframework/data/aerospike/repository/AerospikeRepository.class], file [/home/aluno/spring-projects/maven/spring-data-aerospike/target/classes/org/springframework/data/aerospike/repository/support/AerospikeRepositoryFactoryBean.class], file [/home/aluno/spring-projects/maven/spring-data-aerospike/target/classes/org/springframework/data/aerospike/repository/support/AerospikeRepositoryFactory$AerospikeQueryLookupStrategy.class], file [/home/aluno/spring-projects/maven/spring-data-aerospike/target/classes/org/springframework/data/aerospike/repository/support/AerospikeRepositoryFactory.class], file [/home/aluno/spring-projects/maven/spring-data-aerospike/target/classes/org/springframework/data/aerospike/repository/support/SimpleAerospikeRepository.class], file [/home/aluno/spring-projects/maven/spring-data-aerospike/target/classes/org/springframework/data/aerospike/repository/config/AerospikeRepositoriesRegistrar.class], file [/home/aluno/spring-projects/maven/spring-data-aerospike/target/classes/org/springframework/data/aerospike/repository/config/EnableAerospikeRepositories.class], file [/home/aluno/spring-projects/maven/spring-data-aerospike/target/classes/org/springframework/data/aerospike/repository/config/AerospikeRepositoriesRegistrar$1.class], file [/home/aluno/spring-projects/maven/spring-data-aerospike/target/classes/org/springframework/data/aerospike/repository/config/AerospikeRepositoriesRegistrar$AerospikeRepositoryConfigurationExtension.class], file [/home/aluno/spring-projects/maven/spring-data-aerospike/target/classes/org/springframework/data/aerospike/repository/query/AerospikeParameterAccessor.class], file [/home/aluno/spring-projects/maven/spring-data-aerospike/target/classes/org/springframework/data/aerospike/repository/query/Query.class], file [/home/aluno/spring-projects/maven/spring-data-aerospike/target/classes/org/springframework/data/aerospike/repository/query/ConvertingParameterAccessor.class], file [/home/aluno/spring-projects/maven/spring-data-aerospike/target/classes/org/springframework/data/aerospike/repository/query/AerospikeQueryCreator$1.class], file [/home/aluno/spring-projects/maven/spring-data-aerospike/target/classes/org/springframework/data/aerospike/repository/query/CriteriaDefinition.class], file [/home/aluno/spring-projects/maven/spring-data-aerospike/target/classes/org/springframework/data/aerospike/repository/query/TextCriteria.class], file [/home/aluno/spring-projects/maven/spring-data-aerospike/target/classes/org/springframework/data/aerospike/repository/query/Criteria.class], file [/home/aluno/spring-projects/maven/spring-data-aerospike/target/classes/org/springframework/data/aerospike/repository/query/AerospikePartTreeQuery.class], file [/home/aluno/spring-projects/maven/spring-data-aerospike/target/classes/org/springframework/data/aerospike/repository/query/AerospikeQueryCreator.class]]
16:38:23.821 [main] DEBUG o.s.d.r.c.RepositoryComponentProvider - Identified candidate component class: file [/home/aluno/spring-projects/maven/spring-data-aerospike/target/test-classes/org/springframework/data/aerospike/repository/PersonRepository.class]
16:38:23.821 [main] DEBUG o.s.d.r.c.RepositoryComponentProvider - Identified candidate component class: file [/home/aluno/spring-projects/maven/spring-data-aerospike/target/test-classes/org/springframework/data/aerospike/repository/ContactRepository.class]
16:38:23.827 [main] DEBUG o.s.core.env.StandardEnvironment - Adding [systemProperties] PropertySource with lowest search precedence
16:38:23.827 [main] DEBUG o.s.core.env.StandardEnvironment - Adding [systemEnvironment] PropertySource with lowest search precedence
16:38:23.827 [main] DEBUG o.s.core.env.StandardEnvironment - Initialized StandardEnvironment with PropertySources [systemProperties,systemEnvironment]
16:38:23.827 [main] DEBUG o.s.c.i.s.PathMatchingResourcePatternResolver - Looking for matching resources in directory tree [/home/aluno/spring-projects/maven/spring-data-aerospike/target/test-classes/org/springframework/data/aerospike/repository]
16:38:23.827 [main] DEBUG o.s.c.i.s.PathMatchingResourcePatternResolver - Searching directory [/home/aluno/spring-projects/maven/spring-data-aerospike/target/test-classes/org/springframework/data/aerospike/repository] for files matching pattern [/home/aluno/spring-projects/maven/spring-data-aerospike/target/test-classes/org/springframework/data/aerospike/repository/**/*ContactRepositoryImpl.class]
16:38:23.827 [main] DEBUG o.s.c.i.s.PathMatchingResourcePatternResolver - Searching directory [/home/aluno/spring-projects/maven/spring-data-aerospike/target/test-classes/org/springframework/data/aerospike/repository/support] for files matching pattern [/home/aluno/spring-projects/maven/spring-data-aerospike/target/test-classes/org/springframework/data/aerospike/repository/**/*ContactRepositoryImpl.class]
16:38:23.828 [main] DEBUG o.s.c.i.s.PathMatchingResourcePatternResolver - Searching directory [/home/aluno/spring-projects/maven/spring-data-aerospike/target/test-classes/org/springframework/data/aerospike/repository/query] for files matching pattern [/home/aluno/spring-projects/maven/spring-data-aerospike/target/test-classes/org/springframework/data/aerospike/repository/**/*ContactRepositoryImpl.class]
16:38:23.828 [main] DEBUG o.s.c.i.s.PathMatchingResourcePatternResolver - Looking for matching resources in directory tree [/home/aluno/spring-projects/maven/spring-data-aerospike/target/classes/org/springframework/data/aerospike/repository]
16:38:23.828 [main] DEBUG o.s.c.i.s.PathMatchingResourcePatternResolver - Searching directory [/home/aluno/spring-projects/maven/spring-data-aerospike/target/classes/org/springframework/data/aerospike/repository] for files matching pattern [/home/aluno/spring-projects/maven/spring-data-aerospike/target/classes/org/springframework/data/aerospike/repository/**/*ContactRepositoryImpl.class]
16:38:23.828 [main] DEBUG o.s.c.i.s.PathMatchingResourcePatternResolver - Searching directory [/home/aluno/spring-projects/maven/spring-data-aerospike/target/classes/org/springframework/data/aerospike/repository/support] for files matching pattern [/home/aluno/spring-projects/maven/spring-data-aerospike/target/classes/org/springframework/data/aerospike/repository/**/*ContactRepositoryImpl.class]
16:38:23.828 [main] DEBUG o.s.c.i.s.PathMatchingResourcePatternResolver - Searching directory [/home/aluno/spring-projects/maven/spring-data-aerospike/target/classes/org/springframework/data/aerospike/repository/config] for files matching pattern [/home/aluno/spring-projects/maven/spring-data-aerospike/target/classes/org/springframework/data/aerospike/repository/**/*ContactRepositoryImpl.class]
16:38:23.828 [main] DEBUG o.s.c.i.s.PathMatchingResourcePatternResolver - Searching directory [/home/aluno/spring-projects/maven/spring-data-aerospike/target/classes/org/springframework/data/aerospike/repository/query] for files matching pattern [/home/aluno/spring-projects/maven/spring-data-aerospike/target/classes/org/springframework/data/aerospike/repository/**/*ContactRepositoryImpl.class]
16:38:23.828 [main] DEBUG o.s.c.i.s.PathMatchingResourcePatternResolver - Resolved location pattern [classpath*:org/springframework/data/aerospike/repository/**/*ContactRepositoryImpl.class] to resources []
16:38:23.828 [main] DEBUG o.s.d.r.c.RepositoryConfigurationDelegate - Spring Data Aerospike - Registering repository: contactRepository - Interface: org.springframework.data.aerospike.repository.ContactRepository - Factory: org.springframework.data.keyvalue.repository.support.KeyValueRepositoryFactoryBean
16:38:23.828 [main] DEBUG o.s.core.env.StandardEnvironment - Adding [systemProperties] PropertySource with lowest search precedence
16:38:23.828 [main] DEBUG o.s.core.env.StandardEnvironment - Adding [systemEnvironment] PropertySource with lowest search precedence
16:38:23.828 [main] DEBUG o.s.core.env.StandardEnvironment - Initialized StandardEnvironment with PropertySources [systemProperties,systemEnvironment]
16:38:23.829 [main] DEBUG o.s.c.i.s.PathMatchingResourcePatternResolver - Looking for matching resources in directory tree [/home/aluno/spring-projects/maven/spring-data-aerospike/target/test-classes/org/springframework/data/aerospike/repository]
16:38:23.829 [main] DEBUG o.s.c.i.s.PathMatchingResourcePatternResolver - Searching directory [/home/aluno/spring-projects/maven/spring-data-aerospike/target/test-classes/org/springframework/data/aerospike/repository] for files matching pattern [/home/aluno/spring-projects/maven/spring-data-aerospike/target/test-classes/org/springframework/data/aerospike/repository/**/*PersonRepositoryImpl.class]
16:38:23.829 [main] DEBUG o.s.c.i.s.PathMatchingResourcePatternResolver - Searching directory [/home/aluno/spring-projects/maven/spring-data-aerospike/target/test-classes/org/springframework/data/aerospike/repository/support] for files matching pattern [/home/aluno/spring-projects/maven/spring-data-aerospike/target/test-classes/org/springframework/data/aerospike/repository/**/*PersonRepositoryImpl.class]
16:38:23.829 [main] DEBUG o.s.c.i.s.PathMatchingResourcePatternResolver - Searching directory [/home/aluno/spring-projects/maven/spring-data-aerospike/target/test-classes/org/springframework/data/aerospike/repository/query] for files matching pattern [/home/aluno/spring-projects/maven/spring-data-aerospike/target/test-classes/org/springframework/data/aerospike/repository/**/*PersonRepositoryImpl.class]
16:38:23.829 [main] DEBUG o.s.c.i.s.PathMatchingResourcePatternResolver - Looking for matching resources in directory tree [/home/aluno/spring-projects/maven/spring-data-aerospike/target/classes/org/springframework/data/aerospike/repository]
16:38:23.829 [main] DEBUG o.s.c.i.s.PathMatchingResourcePatternResolver - Searching directory [/home/aluno/spring-projects/maven/spring-data-aerospike/target/classes/org/springframework/data/aerospike/repository] for files matching pattern [/home/aluno/spring-projects/maven/spring-data-aerospike/target/classes/org/springframework/data/aerospike/repository/**/*PersonRepositoryImpl.class]
16:38:23.829 [main] DEBUG o.s.c.i.s.PathMatchingResourcePatternResolver - Searching directory [/home/aluno/spring-projects/maven/spring-data-aerospike/target/classes/org/springframework/data/aerospike/repository/support] for files matching pattern [/home/aluno/spring-projects/maven/spring-data-aerospike/target/classes/org/springframework/data/aerospike/repository/**/*PersonRepositoryImpl.class]
16:38:23.829 [main] DEBUG o.s.c.i.s.PathMatchingResourcePatternResolver - Searching directory [/home/aluno/spring-projects/maven/spring-data-aerospike/target/classes/org/springframework/data/aerospike/repository/config] for files matching pattern [/home/aluno/spring-projects/maven/spring-data-aerospike/target/classes/org/springframework/data/aerospike/repository/**/*PersonRepositoryImpl.class]
16:38:23.829 [main] DEBUG o.s.c.i.s.PathMatchingResourcePatternResolver - Searching directory [/home/aluno/spring-projects/maven/spring-data-aerospike/target/classes/org/springframework/data/aerospike/repository/query] for files matching pattern [/home/aluno/spring-projects/maven/spring-data-aerospike/target/classes/org/springframework/data/aerospike/repository/**/*PersonRepositoryImpl.class]
16:38:23.829 [main] DEBUG o.s.c.i.s.PathMatchingResourcePatternResolver - Resolved location pattern [classpath*:org/springframework/data/aerospike/repository/**/*PersonRepositoryImpl.class] to resources []
16:38:23.829 [main] DEBUG o.s.d.r.c.RepositoryConfigurationDelegate - Spring Data Aerospike - Registering repository: personRepository - Interface: org.springframework.data.aerospike.repository.PersonRepository - Factory: org.springframework.data.keyvalue.repository.support.KeyValueRepositoryFactoryBean
16:38:23.830 [main] DEBUG o.s.c.a.ConfigurationClassEnhancer - Successfully enhanced org.springframework.data.aerospike.repository.TestConfigPerson; enhanced class name is: org.springframework.data.aerospike.repository.TestConfigPerson$$EnhancerBySpringCGLIB$$3f27a8da
16:38:23.830 [main] DEBUG o.s.c.a.ConfigurationClassPostProcessor - Replacing bean definition 'testConfigPerson' existing class name 'org.springframework.data.aerospike.repository.TestConfigPerson' with enhanced class name 'org.springframework.data.aerospike.repository.TestConfigPerson$$EnhancerBySpringCGLIB$$3f27a8da'
16:38:23.830 [main] DEBUG o.s.b.f.s.DefaultListableBeanFactory - Creating shared instance of singleton bean 'org.springframework.context.annotation.internalAutowiredAnnotationProcessor'
16:38:23.830 [main] DEBUG o.s.b.f.s.DefaultListableBeanFactory - Creating instance of bean 'org.springframework.context.annotation.internalAutowiredAnnotationProcessor'
16:38:23.830 [main] DEBUG o.s.b.f.s.DefaultListableBeanFactory - Eagerly caching bean 'org.springframework.context.annotation.internalAutowiredAnnotationProcessor' to allow for resolving potential circular references
16:38:23.830 [main] DEBUG o.s.b.f.s.DefaultListableBeanFactory - Finished creating instance of bean 'org.springframework.context.annotation.internalAutowiredAnnotationProcessor'
16:38:23.830 [main] DEBUG o.s.b.f.s.DefaultListableBeanFactory - Creating shared instance of singleton bean 'org.springframework.context.annotation.internalRequiredAnnotationProcessor'
16:38:23.830 [main] DEBUG o.s.b.f.s.DefaultListableBeanFactory - Creating instance of bean 'org.springframework.context.annotation.internalRequiredAnnotationProcessor'
16:38:23.831 [main] DEBUG o.s.b.f.s.DefaultListableBeanFactory - Eagerly caching bean 'org.springframework.context.annotation.internalRequiredAnnotationProcessor' to allow for resolving potential circular references
16:38:23.831 [main] DEBUG o.s.b.f.s.DefaultListableBeanFactory - Finished creating instance of bean 'org.springframework.context.annotation.internalRequiredAnnotationProcessor'
16:38:23.831 [main] DEBUG o.s.b.f.s.DefaultListableBeanFactory - Creating shared instance of singleton bean 'org.springframework.context.annotation.internalCommonAnnotationProcessor'
16:38:23.831 [main] DEBUG o.s.b.f.s.DefaultListableBeanFactory - Creating instance of bean 'org.springframework.context.annotation.internalCommonAnnotationProcessor'
16:38:23.831 [main] DEBUG o.s.b.f.s.DefaultListableBeanFactory - Eagerly caching bean 'org.springframework.context.annotation.internalCommonAnnotationProcessor' to allow for resolving potential circular references
16:38:23.831 [main] DEBUG o.s.b.f.s.DefaultListableBeanFactory - Finished creating instance of bean 'org.springframework.context.annotation.internalCommonAnnotationProcessor'
16:38:23.831 [main] DEBUG o.s.b.f.s.DefaultListableBeanFactory - Creating shared instance of singleton bean 'org.springframework.context.annotation.ConfigurationClassPostProcessor.importAwareProcessor'
16:38:23.831 [main] DEBUG o.s.b.f.s.DefaultListableBeanFactory - Creating instance of bean 'org.springframework.context.annotation.ConfigurationClassPostProcessor.importAwareProcessor'
16:38:23.831 [main] DEBUG o.s.b.f.s.DefaultListableBeanFactory - Eagerly caching bean 'org.springframework.context.annotation.ConfigurationClassPostProcessor.importAwareProcessor' to allow for resolving potential circular references
16:38:23.831 [main] DEBUG o.s.b.f.s.DefaultListableBeanFactory - Finished creating instance of bean 'org.springframework.context.annotation.ConfigurationClassPostProcessor.importAwareProcessor'
16:38:23.831 [main] DEBUG o.s.b.f.s.DefaultListableBeanFactory - Creating shared instance of singleton bean 'org.springframework.context.annotation.ConfigurationClassPostProcessor.enhancedConfigurationProcessor'
16:38:23.831 [main] DEBUG o.s.b.f.s.DefaultListableBeanFactory - Creating instance of bean 'org.springframework.context.annotation.ConfigurationClassPostProcessor.enhancedConfigurationProcessor'
16:38:23.831 [main] DEBUG o.s.b.f.s.DefaultListableBeanFactory - Eagerly caching bean 'org.springframework.context.annotation.ConfigurationClassPostProcessor.enhancedConfigurationProcessor' to allow for resolving potential circular references
16:38:23.831 [main] DEBUG o.s.b.f.s.DefaultListableBeanFactory - Finished creating instance of bean 'org.springframework.context.annotation.ConfigurationClassPostProcessor.enhancedConfigurationProcessor'
16:38:23.831 [main] DEBUG o.s.b.f.s.DefaultListableBeanFactory - Creating shared instance of singleton bean 'org.springframework.data.repository.core.support.RepositoryInterfaceAwareBeanPostProcessor'
16:38:23.831 [main] DEBUG o.s.b.f.s.DefaultListableBeanFactory - Creating instance of bean 'org.springframework.data.repository.core.support.RepositoryInterfaceAwareBeanPostProcessor'
16:38:23.831 [main] DEBUG o.s.b.f.s.DefaultListableBeanFactory - Eagerly caching bean 'org.springframework.data.repository.core.support.RepositoryInterfaceAwareBeanPostProcessor' to allow for resolving potential circular references
16:38:23.831 [main] DEBUG o.s.b.f.s.DefaultListableBeanFactory - Finished creating instance of bean 'org.springframework.data.repository.core.support.RepositoryInterfaceAwareBeanPostProcessor'
16:38:23.831 [main] DEBUG o.s.c.s.GenericApplicationContext - Unable to locate MessageSource with name 'messageSource': using default [org.springframework.context.support.DelegatingMessageSource@2aa14ae6]
16:38:23.831 [main] DEBUG o.s.c.s.GenericApplicationContext - Unable to locate ApplicationEventMulticaster with name 'applicationEventMulticaster': using default [org.springframework.context.event.SimpleApplicationEventMulticaster@4be490da]
16:38:23.831 [main] DEBUG o.s.b.f.s.DefaultListableBeanFactory - Pre-instantiating singletons in org.springframework.beans.factory.support.DefaultListableBeanFactory@265c1a7c: defining beans [org.springframework.context.annotation.internalConfigurationAnnotationProcessor,org.springframework.context.annotation.internalAutowiredAnnotationProcessor,org.springframework.context.annotation.internalRequiredAnnotationProcessor,org.springframework.context.annotation.internalCommonAnnotationProcessor,testConfigPerson,org.springframework.context.annotation.ConfigurationClassPostProcessor.importAwareProcessor,org.springframework.context.annotation.ConfigurationClassPostProcessor.enhancedConfigurationProcessor,aerospikeTemplate,aerospikeClient,org.springframework.data.aerospike.repository.config.AerospikeRepositoriesRegistrar$AerospikeRepositoryConfigurationExtension#0,org.springframework.data.repository.core.support.RepositoryInterfaceAwareBeanPostProcessor,keyValueMappingContext,contactRepository,personRepository]; root of factory hierarchy
16:38:23.831 [main] DEBUG o.s.b.f.s.DefaultListableBeanFactory - Returning cached instance of singleton bean 'org.springframework.context.annotation.internalConfigurationAnnotationProcessor'
16:38:23.831 [main] DEBUG o.s.b.f.s.DefaultListableBeanFactory - Returning cached instance of singleton bean 'org.springframework.context.annotation.internalAutowiredAnnotationProcessor'
16:38:23.831 [main] DEBUG o.s.b.f.s.DefaultListableBeanFactory - Returning cached instance of singleton bean 'org.springframework.context.annotation.internalRequiredAnnotationProcessor'
16:38:23.831 [main] DEBUG o.s.b.f.s.DefaultListableBeanFactory - Returning cached instance of singleton bean 'org.springframework.context.annotation.internalCommonAnnotationProcessor'
16:38:23.831 [main] DEBUG o.s.b.f.s.DefaultListableBeanFactory - Creating shared instance of singleton bean 'testConfigPerson'
16:38:23.831 [main] DEBUG o.s.b.f.s.DefaultListableBeanFactory - Creating instance of bean 'testConfigPerson'
16:38:23.831 [main] DEBUG o.s.b.f.s.DefaultListableBeanFactory - Eagerly caching bean 'testConfigPerson' to allow for resolving potential circular references
16:38:23.831 [main] DEBUG o.s.b.f.s.DefaultListableBeanFactory - Finished creating instance of bean 'testConfigPerson'
16:38:23.831 [main] DEBUG o.s.b.f.s.DefaultListableBeanFactory - Returning cached instance of singleton bean 'org.springframework.context.annotation.ConfigurationClassPostProcessor.importAwareProcessor'
16:38:23.831 [main] DEBUG o.s.b.f.s.DefaultListableBeanFactory - Returning cached instance of singleton bean 'org.springframework.context.annotation.ConfigurationClassPostProcessor.enhancedConfigurationProcessor'
16:38:23.831 [main] DEBUG o.s.b.f.s.DefaultListableBeanFactory - Creating shared instance of singleton bean 'aerospikeTemplate'
16:38:23.831 [main] DEBUG o.s.b.f.s.DefaultListableBeanFactory - Creating instance of bean 'aerospikeTemplate'
16:38:23.831 [main] DEBUG o.s.b.f.s.DefaultListableBeanFactory - Returning cached instance of singleton bean 'testConfigPerson'
16:38:23.831 [main] DEBUG o.s.b.f.s.DefaultListableBeanFactory - Creating shared instance of singleton bean 'aerospikeClient'
16:38:23.831 [main] DEBUG o.s.b.f.s.DefaultListableBeanFactory - Creating instance of bean 'aerospikeClient'
16:38:23.832 [main] DEBUG o.s.b.f.s.DefaultListableBeanFactory - Returning cached instance of singleton bean 'testConfigPerson'
16:38:25.833 [main] DEBUG o.s.d.a.r.q.AerospikeQueryCreator - AS:Alias 52.41.32.83:3000 failed: Error Code 11: java.net.SocketTimeoutException: connect timed out
16:38:25.833 [main] WARN  o.s.d.a.r.q.AerospikeQueryCreator - AS:Seed 52.41.32.83:3000 failed: Error Code 11: java.net.SocketTimeoutException: connect timed out
16:38:25.836 [main] WARN  o.s.c.s.GenericApplicationContext - Exception encountered during context initialization - cancelling refresh attempt
org.springframework.beans.factory.BeanCreationException: Error creating bean with name 'aerospikeTemplate' defined in org.springframework.data.aerospike.repository.TestConfigPerson: Bean instantiation via factory method failed; nested exception is org.springframework.beans.BeanInstantiationException: Failed to instantiate [org.springframework.data.aerospike.core.AerospikeTemplate]: Factory method 'aerospikeTemplate' threw exception; nested exception is org.springframework.beans.factory.BeanCreationException: Error creating bean with name 'aerospikeClient' defined in org.springframework.data.aerospike.repository.TestConfigPerson: Bean instantiation via factory method failed; nested exception is org.springframework.beans.BeanInstantiationException: Failed to instantiate [com.aerospike.client.AerospikeClient]: Factory method 'aerospikeClient' threw exception; nested exception is com.aerospike.client.AerospikeException$Connection: Error Code 11: Failed to connect to host(s): 
52.41.32.83:3000 Error Code 11: java.net.SocketTimeoutException: connect timed out

	at org.springframework.beans.factory.support.ConstructorResolver.instantiateUsingFactoryMethod(ConstructorResolver.java:599) ~[spring-beans-4.1.7.RELEASE.jar:4.1.7.RELEASE]
	at org.springframework.beans.factory.support.AbstractAutowireCapableBeanFactory.instantiateUsingFactoryMethod(AbstractAutowireCapableBeanFactory.java:1119) ~[spring-beans-4.1.7.RELEASE.jar:4.1.7.RELEASE]
	at org.springframework.beans.factory.support.AbstractAutowireCapableBeanFactory.createBeanInstance(AbstractAutowireCapableBeanFactory.java:1014) ~[spring-beans-4.1.7.RELEASE.jar:4.1.7.RELEASE]
	at org.springframework.beans.factory.support.AbstractAutowireCapableBeanFactory.doCreateBean(AbstractAutowireCapableBeanFactory.java:504) ~[spring-beans-4.1.7.RELEASE.jar:4.1.7.RELEASE]
	at org.springframework.beans.factory.support.AbstractAutowireCapableBeanFactory.createBean(AbstractAutowireCapableBeanFactory.java:476) ~[spring-beans-4.1.7.RELEASE.jar:4.1.7.RELEASE]
	at org.springframework.beans.factory.support.AbstractBeanFactory$1.getObject(AbstractBeanFactory.java:303) ~[spring-beans-4.1.7.RELEASE.jar:4.1.7.RELEASE]
	at org.springframework.beans.factory.support.DefaultSingletonBeanRegistry.getSingleton(DefaultSingletonBeanRegistry.java:230) ~[spring-beans-4.1.7.RELEASE.jar:4.1.7.RELEASE]
	at org.springframework.beans.factory.support.AbstractBeanFactory.doGetBean(AbstractBeanFactory.java:299) ~[spring-beans-4.1.7.RELEASE.jar:4.1.7.RELEASE]
	at org.springframework.beans.factory.support.AbstractBeanFactory.getBean(AbstractBeanFactory.java:194) ~[spring-beans-4.1.7.RELEASE.jar:4.1.7.RELEASE]
	at org.springframework.beans.factory.support.DefaultListableBeanFactory.preInstantiateSingletons(DefaultListableBeanFactory.java:755) ~[spring-beans-4.1.7.RELEASE.jar:4.1.7.RELEASE]
	at org.springframework.context.support.AbstractApplicationContext.finishBeanFactoryInitialization(AbstractApplicationContext.java:757) ~[spring-context-4.1.7.RELEASE.jar:4.1.7.RELEASE]
	at org.springframework.context.support.AbstractApplicationContext.refresh(AbstractApplicationContext.java:480) ~[spring-context-4.1.7.RELEASE.jar:4.1.7.RELEASE]
	at org.springframework.test.context.support.AbstractGenericContextLoader.loadContext(AbstractGenericContextLoader.java:125) [spring-test-4.1.7.RELEASE.jar:4.1.7.RELEASE]
	at org.springframework.test.context.support.AbstractGenericContextLoader.loadContext(AbstractGenericContextLoader.java:60) [spring-test-4.1.7.RELEASE.jar:4.1.7.RELEASE]
	at org.springframework.test.context.support.AbstractDelegatingSmartContextLoader.delegateLoading(AbstractDelegatingSmartContextLoader.java:109) [spring-test-4.1.7.RELEASE.jar:4.1.7.RELEASE]
	at org.springframework.test.context.support.AbstractDelegatingSmartContextLoader.loadContext(AbstractDelegatingSmartContextLoader.java:261) [spring-test-4.1.7.RELEASE.jar:4.1.7.RELEASE]
	at org.springframework.test.context.DefaultCacheAwareContextLoaderDelegate.loadContextInternal(DefaultCacheAwareContextLoaderDelegate.java:68) [spring-test-4.1.7.RELEASE.jar:4.1.7.RELEASE]
	at org.springframework.test.context.DefaultCacheAwareContextLoaderDelegate.loadContext(DefaultCacheAwareContextLoaderDelegate.java:86) [spring-test-4.1.7.RELEASE.jar:4.1.7.RELEASE]
	at org.springframework.test.context.DefaultTestContext.getApplicationContext(DefaultTestContext.java:72) [spring-test-4.1.7.RELEASE.jar:4.1.7.RELEASE]
	at org.springframework.test.context.support.DependencyInjectionTestExecutionListener.injectDependencies(DependencyInjectionTestExecutionListener.java:117) [spring-test-4.1.7.RELEASE.jar:4.1.7.RELEASE]
	at org.springframework.test.context.support.DependencyInjectionTestExecutionListener.prepareTestInstance(DependencyInjectionTestExecutionListener.java:83) [spring-test-4.1.7.RELEASE.jar:4.1.7.RELEASE]
	at org.springframework.test.context.TestContextManager.prepareTestInstance(TestContextManager.java:212) [spring-test-4.1.7.RELEASE.jar:4.1.7.RELEASE]
	at org.springframework.test.context.junit4.SpringJUnit4ClassRunner.createTest(SpringJUnit4ClassRunner.java:200) [spring-test-4.1.7.RELEASE.jar:4.1.7.RELEASE]
	at org.springframework.test.context.junit4.SpringJUnit4ClassRunner$1.runReflectiveCall(SpringJUnit4ClassRunner.java:259) [spring-test-4.1.7.RELEASE.jar:4.1.7.RELEASE]
	at org.junit.internal.runners.model.ReflectiveCallable.run(ReflectiveCallable.java:12) [junit-4.12.jar:4.12]
	at org.springframework.test.context.junit4.SpringJUnit4ClassRunner.methodBlock(SpringJUnit4ClassRunner.java:261) [spring-test-4.1.7.RELEASE.jar:4.1.7.RELEASE]
	at org.springframework.test.context.junit4.SpringJUnit4ClassRunner.runChild(SpringJUnit4ClassRunner.java:219) [spring-test-4.1.7.RELEASE.jar:4.1.7.RELEASE]
	at org.springframework.test.context.junit4.SpringJUnit4ClassRunner.runChild(SpringJUnit4ClassRunner.java:83) [spring-test-4.1.7.RELEASE.jar:4.1.7.RELEASE]
	at org.junit.runners.ParentRunner$3.run(ParentRunner.java:290) [junit-4.12.jar:4.12]
	at org.junit.runners.ParentRunner$1.schedule(ParentRunner.java:71) [junit-4.12.jar:4.12]
	at org.junit.runners.ParentRunner.runChildren(ParentRunner.java:288) [junit-4.12.jar:4.12]
	at org.junit.runners.ParentRunner.access$000(ParentRunner.java:58) [junit-4.12.jar:4.12]
	at org.junit.runners.ParentRunner$2.evaluate(ParentRunner.java:268) [junit-4.12.jar:4.12]
	at org.springframework.test.context.junit4.statements.RunBeforeTestClassCallbacks.evaluate(RunBeforeTestClassCallbacks.java:61) [spring-test-4.1.7.RELEASE.jar:4.1.7.RELEASE]
	at org.springframework.test.context.junit4.statements.RunAfterTestClassCallbacks.evaluate(RunAfterTestClassCallbacks.java:68) [spring-test-4.1.7.RELEASE.jar:4.1.7.RELEASE]
	at org.junit.runners.ParentRunner.run(ParentRunner.java:363) [junit-4.12.jar:4.12]
	at org.springframework.test.context.junit4.SpringJUnit4ClassRunner.run(SpringJUnit4ClassRunner.java:163) [spring-test-4.1.7.RELEASE.jar:4.1.7.RELEASE]
	at org.apache.maven.surefire.junit4.JUnit4Provider.execute(JUnit4Provider.java:283) [surefire-junit4-2.18.1.jar:2.18.1]
	at org.apache.maven.surefire.junit4.JUnit4Provider.executeWithRerun(JUnit4Provider.java:173) [surefire-junit4-2.18.1.jar:2.18.1]
	at org.apache.maven.surefire.junit4.JUnit4Provider.executeTestSet(JUnit4Provider.java:153) [surefire-junit4-2.18.1.jar:2.18.1]
	at org.apache.maven.surefire.junit4.JUnit4Provider.invoke(JUnit4Provider.java:128) [surefire-junit4-2.18.1.jar:2.18.1]
	at org.apache.maven.surefire.booter.ForkedBooter.invokeProviderInSameClassLoader(ForkedBooter.java:203) [surefire-booter-2.18.1.jar:2.18.1]
	at org.apache.maven.surefire.booter.ForkedBooter.runSuitesInProcess(ForkedBooter.java:155) [surefire-booter-2.18.1.jar:2.18.1]
	at org.apache.maven.surefire.booter.ForkedBooter.main(ForkedBooter.java:103) [surefire-booter-2.18.1.jar:2.18.1]
Caused by: org.springframework.beans.BeanInstantiationException: Failed to instantiate [org.springframework.data.aerospike.core.AerospikeTemplate]: Factory method 'aerospikeTemplate' threw exception; nested exception is org.springframework.beans.factory.BeanCreationException: Error creating bean with name 'aerospikeClient' defined in org.springframework.data.aerospike.repository.TestConfigPerson: Bean instantiation via factory method failed; nested exception is org.springframework.beans.BeanInstantiationException: Failed to instantiate [com.aerospike.client.AerospikeClient]: Factory method 'aerospikeClient' threw exception; nested exception is com.aerospike.client.AerospikeException$Connection: Error Code 11: Failed to connect to host(s): 
52.41.32.83:3000 Error Code 11: java.net.SocketTimeoutException: connect timed out

	at org.springframework.beans.factory.support.SimpleInstantiationStrategy.instantiate(SimpleInstantiationStrategy.java:189) ~[spring-beans-4.1.7.RELEASE.jar:4.1.7.RELEASE]
	at org.springframework.beans.factory.support.ConstructorResolver.instantiateUsingFactoryMethod(ConstructorResolver.java:588) ~[spring-beans-4.1.7.RELEASE.jar:4.1.7.RELEASE]
	... 43 common frames omitted
Caused by: org.springframework.beans.factory.BeanCreationException: Error creating bean with name 'aerospikeClient' defined in org.springframework.data.aerospike.repository.TestConfigPerson: Bean instantiation via factory method failed; nested exception is org.springframework.beans.BeanInstantiationException: Failed to instantiate [com.aerospike.client.AerospikeClient]: Factory method 'aerospikeClient' threw exception; nested exception is com.aerospike.client.AerospikeException$Connection: Error Code 11: Failed to connect to host(s): 
52.41.32.83:3000 Error Code 11: java.net.SocketTimeoutException: connect timed out

	at org.springframework.beans.factory.support.ConstructorResolver.instantiateUsingFactoryMethod(ConstructorResolver.java:599) ~[spring-beans-4.1.7.RELEASE.jar:4.1.7.RELEASE]
	at org.springframework.beans.factory.support.AbstractAutowireCapableBeanFactory.instantiateUsingFactoryMethod(AbstractAutowireCapableBeanFactory.java:1119) ~[spring-beans-4.1.7.RELEASE.jar:4.1.7.RELEASE]
	at org.springframework.beans.factory.support.AbstractAutowireCapableBeanFactory.createBeanInstance(AbstractAutowireCapableBeanFactory.java:1014) ~[spring-beans-4.1.7.RELEASE.jar:4.1.7.RELEASE]
	at org.springframework.beans.factory.support.AbstractAutowireCapableBeanFactory.doCreateBean(AbstractAutowireCapableBeanFactory.java:504) ~[spring-beans-4.1.7.RELEASE.jar:4.1.7.RELEASE]
	at org.springframework.beans.factory.support.AbstractAutowireCapableBeanFactory.createBean(AbstractAutowireCapableBeanFactory.java:476) ~[spring-beans-4.1.7.RELEASE.jar:4.1.7.RELEASE]
	at org.springframework.beans.factory.support.AbstractBeanFactory$1.getObject(AbstractBeanFactory.java:303) ~[spring-beans-4.1.7.RELEASE.jar:4.1.7.RELEASE]
	at org.springframework.beans.factory.support.DefaultSingletonBeanRegistry.getSingleton(DefaultSingletonBeanRegistry.java:230) ~[spring-beans-4.1.7.RELEASE.jar:4.1.7.RELEASE]
	at org.springframework.beans.factory.support.AbstractBeanFactory.doGetBean(AbstractBeanFactory.java:299) ~[spring-beans-4.1.7.RELEASE.jar:4.1.7.RELEASE]
	at org.springframework.beans.factory.support.AbstractBeanFactory.getBean(AbstractBeanFactory.java:194) ~[spring-beans-4.1.7.RELEASE.jar:4.1.7.RELEASE]
	at org.springframework.context.annotation.ConfigurationClassEnhancer$BeanMethodInterceptor.intercept(ConfigurationClassEnhancer.java:322) ~[spring-context-4.1.7.RELEASE.jar:4.1.7.RELEASE]
	at org.springframework.data.aerospike.repository.TestConfigPerson$$EnhancerBySpringCGLIB$$3f27a8da.aerospikeClient(<generated>) ~[spring-core-4.1.7.RELEASE.jar:na]
	at org.springframework.data.aerospike.repository.TestConfigPerson.aerospikeTemplate(TestConfigPerson.java:38) ~[test-classes/:na]
	at org.springframework.data.aerospike.repository.TestConfigPerson$$EnhancerBySpringCGLIB$$3f27a8da.CGLIB$aerospikeTemplate$0(<generated>) ~[spring-core-4.1.7.RELEASE.jar:na]
	at org.springframework.data.aerospike.repository.TestConfigPerson$$EnhancerBySpringCGLIB$$3f27a8da$$FastClassBySpringCGLIB$$38965c5e.invoke(<generated>) ~[spring-core-4.1.7.RELEASE.jar:na]
	at org.springframework.cglib.proxy.MethodProxy.invokeSuper(MethodProxy.java:228) ~[spring-core-4.1.7.RELEASE.jar:4.1.7.RELEASE]
	at org.springframework.context.annotation.ConfigurationClassEnhancer$BeanMethodInterceptor.intercept(ConfigurationClassEnhancer.java:309) ~[spring-context-4.1.7.RELEASE.jar:4.1.7.RELEASE]
	at org.springframework.data.aerospike.repository.TestConfigPerson$$EnhancerBySpringCGLIB$$3f27a8da.aerospikeTemplate(<generated>) ~[spring-core-4.1.7.RELEASE.jar:na]
	at sun.reflect.GeneratedMethodAccessor45.invoke(Unknown Source) ~[na:na]
	at sun.reflect.DelegatingMethodAccessorImpl.invoke(DelegatingMethodAccessorImpl.java:43) ~[na:1.8.0_91]
	at java.lang.reflect.Method.invoke(Method.java:498) ~[na:1.8.0_91]
	at org.springframework.beans.factory.support.SimpleInstantiationStrategy.instantiate(SimpleInstantiationStrategy.java:162) ~[spring-beans-4.1.7.RELEASE.jar:4.1.7.RELEASE]
	... 44 common frames omitted
Caused by: org.springframework.beans.BeanInstantiationException: Failed to instantiate [com.aerospike.client.AerospikeClient]: Factory method 'aerospikeClient' threw exception; nested exception is com.aerospike.client.AerospikeException$Connection: Error Code 11: Failed to connect to host(s): 
52.41.32.83:3000 Error Code 11: java.net.SocketTimeoutException: connect timed out

	at org.springframework.beans.factory.support.SimpleInstantiationStrategy.instantiate(SimpleInstantiationStrategy.java:189) ~[spring-beans-4.1.7.RELEASE.jar:4.1.7.RELEASE]
	at org.springframework.beans.factory.support.ConstructorResolver.instantiateUsingFactoryMethod(ConstructorResolver.java:588) ~[spring-beans-4.1.7.RELEASE.jar:4.1.7.RELEASE]
	... 64 common frames omitted
Caused by: com.aerospike.client.AerospikeException$Connection: Error Code 11: Failed to connect to host(s): 
52.41.32.83:3000 Error Code 11: java.net.SocketTimeoutException: connect timed out

	at com.aerospike.client.cluster.Cluster.seedNodes(Cluster.java:386) ~[aerospike-client-3.2.3.jar:na]
	at com.aerospike.client.cluster.Cluster.tend(Cluster.java:273) ~[aerospike-client-3.2.3.jar:na]
	at com.aerospike.client.cluster.Cluster.waitTillStabilized(Cluster.java:238) ~[aerospike-client-3.2.3.jar:na]
	at com.aerospike.client.cluster.Cluster.initTendThread(Cluster.java:148) ~[aerospike-client-3.2.3.jar:na]
	at com.aerospike.client.AerospikeClient.<init>(AerospikeClient.java:209) ~[aerospike-client-3.2.3.jar:na]
	at com.aerospike.client.AerospikeClient.<init>(AerospikeClient.java:173) ~[aerospike-client-3.2.3.jar:na]
	at org.springframework.data.aerospike.repository.TestConfigPerson.aerospikeClient(TestConfigPerson.java:32) ~[test-classes/:na]
	at org.springframework.data.aerospike.repository.TestConfigPerson$$EnhancerBySpringCGLIB$$3f27a8da.CGLIB$aerospikeClient$1(<generated>) ~[spring-core-4.1.7.RELEASE.jar:na]
	at org.springframework.data.aerospike.repository.TestConfigPerson$$EnhancerBySpringCGLIB$$3f27a8da$$FastClassBySpringCGLIB$$38965c5e.invoke(<generated>) ~[spring-core-4.1.7.RELEASE.jar:na]
	at org.springframework.cglib.proxy.MethodProxy.invokeSuper(MethodProxy.java:228) ~[spring-core-4.1.7.RELEASE.jar:4.1.7.RELEASE]
	at org.springframework.context.annotation.ConfigurationClassEnhancer$BeanMethodInterceptor.intercept(ConfigurationClassEnhancer.java:309) ~[spring-context-4.1.7.RELEASE.jar:4.1.7.RELEASE]
	at org.springframework.data.aerospike.repository.TestConfigPerson$$EnhancerBySpringCGLIB$$3f27a8da.aerospikeClient(<generated>) ~[spring-core-4.1.7.RELEASE.jar:na]
	at sun.reflect.GeneratedMethodAccessor46.invoke(Unknown Source) ~[na:na]
	at sun.reflect.DelegatingMethodAccessorImpl.invoke(DelegatingMethodAccessorImpl.java:43) ~[na:1.8.0_91]
	at java.lang.reflect.Method.invoke(Method.java:498) ~[na:1.8.0_91]
	at org.springframework.beans.factory.support.SimpleInstantiationStrategy.instantiate(SimpleInstantiationStrategy.java:162) ~[spring-beans-4.1.7.RELEASE.jar:4.1.7.RELEASE]
	... 65 common frames omitted
16:38:25.836 [main] DEBUG o.s.b.f.s.DefaultListableBeanFactory - Destroying singletons in org.springframework.beans.factory.support.DefaultListableBeanFactory@265c1a7c: defining beans [org.springframework.context.annotation.internalConfigurationAnnotationProcessor,org.springframework.context.annotation.internalAutowiredAnnotationProcessor,org.springframework.context.annotation.internalRequiredAnnotationProcessor,org.springframework.context.annotation.internalCommonAnnotationProcessor,testConfigPerson,org.springframework.context.annotation.ConfigurationClassPostProcessor.importAwareProcessor,org.springframework.context.annotation.ConfigurationClassPostProcessor.enhancedConfigurationProcessor,aerospikeTemplate,aerospikeClient,org.springframework.data.aerospike.repository.config.AerospikeRepositoriesRegistrar$AerospikeRepositoryConfigurationExtension#0,org.springframework.data.repository.core.support.RepositoryInterfaceAwareBeanPostProcessor,keyValueMappingContext,contactRepository,personRepository]; root of factory hierarchy
16:38:25.838 [main] ERROR o.s.test.context.TestContextManager - Caught exception while allowing TestExecutionListener [org.springframework.test.context.support.DependencyInjectionTestExecutionListener@334ebcaa] to prepare test instance [org.springframework.data.aerospike.repository.PersonRepositoryIntegrationTests@740a0d5e]
java.lang.IllegalStateException: Failed to load ApplicationContext
	at org.springframework.test.context.DefaultCacheAwareContextLoaderDelegate.loadContext(DefaultCacheAwareContextLoaderDelegate.java:94) ~[spring-test-4.1.7.RELEASE.jar:4.1.7.RELEASE]
	at org.springframework.test.context.DefaultTestContext.getApplicationContext(DefaultTestContext.java:72) ~[spring-test-4.1.7.RELEASE.jar:4.1.7.RELEASE]
	at org.springframework.test.context.support.DependencyInjectionTestExecutionListener.injectDependencies(DependencyInjectionTestExecutionListener.java:117) ~[spring-test-4.1.7.RELEASE.jar:4.1.7.RELEASE]
	at org.springframework.test.context.support.DependencyInjectionTestExecutionListener.prepareTestInstance(DependencyInjectionTestExecutionListener.java:83) ~[spring-test-4.1.7.RELEASE.jar:4.1.7.RELEASE]
	at org.springframework.test.context.TestContextManager.prepareTestInstance(TestContextManager.java:212) ~[spring-test-4.1.7.RELEASE.jar:4.1.7.RELEASE]
	at org.springframework.test.context.junit4.SpringJUnit4ClassRunner.createTest(SpringJUnit4ClassRunner.java:200) [spring-test-4.1.7.RELEASE.jar:4.1.7.RELEASE]
	at org.springframework.test.context.junit4.SpringJUnit4ClassRunner$1.runReflectiveCall(SpringJUnit4ClassRunner.java:259) [spring-test-4.1.7.RELEASE.jar:4.1.7.RELEASE]
	at org.junit.internal.runners.model.ReflectiveCallable.run(ReflectiveCallable.java:12) [junit-4.12.jar:4.12]
	at org.springframework.test.context.junit4.SpringJUnit4ClassRunner.methodBlock(SpringJUnit4ClassRunner.java:261) [spring-test-4.1.7.RELEASE.jar:4.1.7.RELEASE]
	at org.springframework.test.context.junit4.SpringJUnit4ClassRunner.runChild(SpringJUnit4ClassRunner.java:219) [spring-test-4.1.7.RELEASE.jar:4.1.7.RELEASE]
	at org.springframework.test.context.junit4.SpringJUnit4ClassRunner.runChild(SpringJUnit4ClassRunner.java:83) [spring-test-4.1.7.RELEASE.jar:4.1.7.RELEASE]
	at org.junit.runners.ParentRunner$3.run(ParentRunner.java:290) [junit-4.12.jar:4.12]
	at org.junit.runners.ParentRunner$1.schedule(ParentRunner.java:71) [junit-4.12.jar:4.12]
	at org.junit.runners.ParentRunner.runChildren(ParentRunner.java:288) [junit-4.12.jar:4.12]
	at org.junit.runners.ParentRunner.access$000(ParentRunner.java:58) [junit-4.12.jar:4.12]
	at org.junit.runners.ParentRunner$2.evaluate(ParentRunner.java:268) [junit-4.12.jar:4.12]
	at org.springframework.test.context.junit4.statements.RunBeforeTestClassCallbacks.evaluate(RunBeforeTestClassCallbacks.java:61) [spring-test-4.1.7.RELEASE.jar:4.1.7.RELEASE]
	at org.springframework.test.context.junit4.statements.RunAfterTestClassCallbacks.evaluate(RunAfterTestClassCallbacks.java:68) [spring-test-4.1.7.RELEASE.jar:4.1.7.RELEASE]
	at org.junit.runners.ParentRunner.run(ParentRunner.java:363) [junit-4.12.jar:4.12]
	at org.springframework.test.context.junit4.SpringJUnit4ClassRunner.run(SpringJUnit4ClassRunner.java:163) [spring-test-4.1.7.RELEASE.jar:4.1.7.RELEASE]
	at org.apache.maven.surefire.junit4.JUnit4Provider.execute(JUnit4Provider.java:283) [surefire-junit4-2.18.1.jar:2.18.1]
	at org.apache.maven.surefire.junit4.JUnit4Provider.executeWithRerun(JUnit4Provider.java:173) [surefire-junit4-2.18.1.jar:2.18.1]
	at org.apache.maven.surefire.junit4.JUnit4Provider.executeTestSet(JUnit4Provider.java:153) [surefire-junit4-2.18.1.jar:2.18.1]
	at org.apache.maven.surefire.junit4.JUnit4Provider.invoke(JUnit4Provider.java:128) [surefire-junit4-2.18.1.jar:2.18.1]
	at org.apache.maven.surefire.booter.ForkedBooter.invokeProviderInSameClassLoader(ForkedBooter.java:203) [surefire-booter-2.18.1.jar:2.18.1]
	at org.apache.maven.surefire.booter.ForkedBooter.runSuitesInProcess(ForkedBooter.java:155) [surefire-booter-2.18.1.jar:2.18.1]
	at org.apache.maven.surefire.booter.ForkedBooter.main(ForkedBooter.java:103) [surefire-booter-2.18.1.jar:2.18.1]
Caused by: org.springframework.beans.factory.BeanCreationException: Error creating bean with name 'aerospikeTemplate' defined in org.springframework.data.aerospike.repository.TestConfigPerson: Bean instantiation via factory method failed; nested exception is org.springframework.beans.BeanInstantiationException: Failed to instantiate [org.springframework.data.aerospike.core.AerospikeTemplate]: Factory method 'aerospikeTemplate' threw exception; nested exception is org.springframework.beans.factory.BeanCreationException: Error creating bean with name 'aerospikeClient' defined in org.springframework.data.aerospike.repository.TestConfigPerson: Bean instantiation via factory method failed; nested exception is org.springframework.beans.BeanInstantiationException: Failed to instantiate [com.aerospike.client.AerospikeClient]: Factory method 'aerospikeClient' threw exception; nested exception is com.aerospike.client.AerospikeException$Connection: Error Code 11: Failed to connect to host(s): 
52.41.32.83:3000 Error Code 11: java.net.SocketTimeoutException: connect timed out

	at org.springframework.beans.factory.support.ConstructorResolver.instantiateUsingFactoryMethod(ConstructorResolver.java:599) ~[spring-beans-4.1.7.RELEASE.jar:4.1.7.RELEASE]
	at org.springframework.beans.factory.support.AbstractAutowireCapableBeanFactory.instantiateUsingFactoryMethod(AbstractAutowireCapableBeanFactory.java:1119) ~[spring-beans-4.1.7.RELEASE.jar:4.1.7.RELEASE]
	at org.springframework.beans.factory.support.AbstractAutowireCapableBeanFactory.createBeanInstance(AbstractAutowireCapableBeanFactory.java:1014) ~[spring-beans-4.1.7.RELEASE.jar:4.1.7.RELEASE]
	at org.springframework.beans.factory.support.AbstractAutowireCapableBeanFactory.doCreateBean(AbstractAutowireCapableBeanFactory.java:504) ~[spring-beans-4.1.7.RELEASE.jar:4.1.7.RELEASE]
	at org.springframework.beans.factory.support.AbstractAutowireCapableBeanFactory.createBean(AbstractAutowireCapableBeanFactory.java:476) ~[spring-beans-4.1.7.RELEASE.jar:4.1.7.RELEASE]
	at org.springframework.beans.factory.support.AbstractBeanFactory$1.getObject(AbstractBeanFactory.java:303) ~[spring-beans-4.1.7.RELEASE.jar:4.1.7.RELEASE]
	at org.springframework.beans.factory.support.DefaultSingletonBeanRegistry.getSingleton(DefaultSingletonBeanRegistry.java:230) ~[spring-beans-4.1.7.RELEASE.jar:4.1.7.RELEASE]
	at org.springframework.beans.factory.support.AbstractBeanFactory.doGetBean(AbstractBeanFactory.java:299) ~[spring-beans-4.1.7.RELEASE.jar:4.1.7.RELEASE]
	at org.springframework.beans.factory.support.AbstractBeanFactory.getBean(AbstractBeanFactory.java:194) ~[spring-beans-4.1.7.RELEASE.jar:4.1.7.RELEASE]
	at org.springframework.beans.factory.support.DefaultListableBeanFactory.preInstantiateSingletons(DefaultListableBeanFactory.java:755) ~[spring-beans-4.1.7.RELEASE.jar:4.1.7.RELEASE]
	at org.springframework.context.support.AbstractApplicationContext.finishBeanFactoryInitialization(AbstractApplicationContext.java:757) ~[spring-context-4.1.7.RELEASE.jar:4.1.7.RELEASE]
	at org.springframework.context.support.AbstractApplicationContext.refresh(AbstractApplicationContext.java:480) ~[spring-context-4.1.7.RELEASE.jar:4.1.7.RELEASE]
	at org.springframework.test.context.support.AbstractGenericContextLoader.loadContext(AbstractGenericContextLoader.java:125) ~[spring-test-4.1.7.RELEASE.jar:4.1.7.RELEASE]
	at org.springframework.test.context.support.AbstractGenericContextLoader.loadContext(AbstractGenericContextLoader.java:60) ~[spring-test-4.1.7.RELEASE.jar:4.1.7.RELEASE]
	at org.springframework.test.context.support.AbstractDelegatingSmartContextLoader.delegateLoading(AbstractDelegatingSmartContextLoader.java:109) ~[spring-test-4.1.7.RELEASE.jar:4.1.7.RELEASE]
	at org.springframework.test.context.support.AbstractDelegatingSmartContextLoader.loadContext(AbstractDelegatingSmartContextLoader.java:261) ~[spring-test-4.1.7.RELEASE.jar:4.1.7.RELEASE]
	at org.springframework.test.context.DefaultCacheAwareContextLoaderDelegate.loadContextInternal(DefaultCacheAwareContextLoaderDelegate.java:68) ~[spring-test-4.1.7.RELEASE.jar:4.1.7.RELEASE]
	at org.springframework.test.context.DefaultCacheAwareContextLoaderDelegate.loadContext(DefaultCacheAwareContextLoaderDelegate.java:86) ~[spring-test-4.1.7.RELEASE.jar:4.1.7.RELEASE]
	... 26 common frames omitted
Caused by: org.springframework.beans.BeanInstantiationException: Failed to instantiate [org.springframework.data.aerospike.core.AerospikeTemplate]: Factory method 'aerospikeTemplate' threw exception; nested exception is org.springframework.beans.factory.BeanCreationException: Error creating bean with name 'aerospikeClient' defined in org.springframework.data.aerospike.repository.TestConfigPerson: Bean instantiation via factory method failed; nested exception is org.springframework.beans.BeanInstantiationException: Failed to instantiate [com.aerospike.client.AerospikeClient]: Factory method 'aerospikeClient' threw exception; nested exception is com.aerospike.client.AerospikeException$Connection: Error Code 11: Failed to connect to host(s): 
52.41.32.83:3000 Error Code 11: java.net.SocketTimeoutException: connect timed out

	at org.springframework.beans.factory.support.SimpleInstantiationStrategy.instantiate(SimpleInstantiationStrategy.java:189) ~[spring-beans-4.1.7.RELEASE.jar:4.1.7.RELEASE]
	at org.springframework.beans.factory.support.ConstructorResolver.instantiateUsingFactoryMethod(ConstructorResolver.java:588) ~[spring-beans-4.1.7.RELEASE.jar:4.1.7.RELEASE]
	... 43 common frames omitted
Caused by: org.springframework.beans.factory.BeanCreationException: Error creating bean with name 'aerospikeClient' defined in org.springframework.data.aerospike.repository.TestConfigPerson: Bean instantiation via factory method failed; nested exception is org.springframework.beans.BeanInstantiationException: Failed to instantiate [com.aerospike.client.AerospikeClient]: Factory method 'aerospikeClient' threw exception; nested exception is com.aerospike.client.AerospikeException$Connection: Error Code 11: Failed to connect to host(s): 
52.41.32.83:3000 Error Code 11: java.net.SocketTimeoutException: connect timed out

	at org.springframework.beans.factory.support.ConstructorResolver.instantiateUsingFactoryMethod(ConstructorResolver.java:599) ~[spring-beans-4.1.7.RELEASE.jar:4.1.7.RELEASE]
	at org.springframework.beans.factory.support.AbstractAutowireCapableBeanFactory.instantiateUsingFactoryMethod(AbstractAutowireCapableBeanFactory.java:1119) ~[spring-beans-4.1.7.RELEASE.jar:4.1.7.RELEASE]
	at org.springframework.beans.factory.support.AbstractAutowireCapableBeanFactory.createBeanInstance(AbstractAutowireCapableBeanFactory.java:1014) ~[spring-beans-4.1.7.RELEASE.jar:4.1.7.RELEASE]
	at org.springframework.beans.factory.support.AbstractAutowireCapableBeanFactory.doCreateBean(AbstractAutowireCapableBeanFactory.java:504) ~[spring-beans-4.1.7.RELEASE.jar:4.1.7.RELEASE]
	at org.springframework.beans.factory.support.AbstractAutowireCapableBeanFactory.createBean(AbstractAutowireCapableBeanFactory.java:476) ~[spring-beans-4.1.7.RELEASE.jar:4.1.7.RELEASE]
	at org.springframework.beans.factory.support.AbstractBeanFactory$1.getObject(AbstractBeanFactory.java:303) ~[spring-beans-4.1.7.RELEASE.jar:4.1.7.RELEASE]
	at org.springframework.beans.factory.support.DefaultSingletonBeanRegistry.getSingleton(DefaultSingletonBeanRegistry.java:230) ~[spring-beans-4.1.7.RELEASE.jar:4.1.7.RELEASE]
	at org.springframework.beans.factory.support.AbstractBeanFactory.doGetBean(AbstractBeanFactory.java:299) ~[spring-beans-4.1.7.RELEASE.jar:4.1.7.RELEASE]
	at org.springframework.beans.factory.support.AbstractBeanFactory.getBean(AbstractBeanFactory.java:194) ~[spring-beans-4.1.7.RELEASE.jar:4.1.7.RELEASE]
	at org.springframework.context.annotation.ConfigurationClassEnhancer$BeanMethodInterceptor.intercept(ConfigurationClassEnhancer.java:322) ~[spring-context-4.1.7.RELEASE.jar:4.1.7.RELEASE]
	at org.springframework.data.aerospike.repository.TestConfigPerson$$EnhancerBySpringCGLIB$$3f27a8da.aerospikeClient(<generated>) ~[spring-core-4.1.7.RELEASE.jar:na]
	at org.springframework.data.aerospike.repository.TestConfigPerson.aerospikeTemplate(TestConfigPerson.java:38) ~[test-classes/:na]
	at org.springframework.data.aerospike.repository.TestConfigPerson$$EnhancerBySpringCGLIB$$3f27a8da.CGLIB$aerospikeTemplate$0(<generated>) ~[spring-core-4.1.7.RELEASE.jar:na]
	at org.springframework.data.aerospike.repository.TestConfigPerson$$EnhancerBySpringCGLIB$$3f27a8da$$FastClassBySpringCGLIB$$38965c5e.invoke(<generated>) ~[spring-core-4.1.7.RELEASE.jar:na]
	at org.springframework.cglib.proxy.MethodProxy.invokeSuper(MethodProxy.java:228) ~[spring-core-4.1.7.RELEASE.jar:4.1.7.RELEASE]
	at org.springframework.context.annotation.ConfigurationClassEnhancer$BeanMethodInterceptor.intercept(ConfigurationClassEnhancer.java:309) ~[spring-context-4.1.7.RELEASE.jar:4.1.7.RELEASE]
	at org.springframework.data.aerospike.repository.TestConfigPerson$$EnhancerBySpringCGLIB$$3f27a8da.aerospikeTemplate(<generated>) ~[spring-core-4.1.7.RELEASE.jar:na]
	at sun.reflect.GeneratedMethodAccessor45.invoke(Unknown Source) ~[na:na]
	at sun.reflect.DelegatingMethodAccessorImpl.invoke(DelegatingMethodAccessorImpl.java:43) ~[na:1.8.0_91]
	at java.lang.reflect.Method.invoke(Method.java:498) ~[na:1.8.0_91]
	at org.springframework.beans.factory.support.SimpleInstantiationStrategy.instantiate(SimpleInstantiationStrategy.java:162) ~[spring-beans-4.1.7.RELEASE.jar:4.1.7.RELEASE]
	... 44 common frames omitted
Caused by: org.springframework.beans.BeanInstantiationException: Failed to instantiate [com.aerospike.client.AerospikeClient]: Factory method 'aerospikeClient' threw exception; nested exception is com.aerospike.client.AerospikeException$Connection: Error Code 11: Failed to connect to host(s): 
52.41.32.83:3000 Error Code 11: java.net.SocketTimeoutException: connect timed out

	at org.springframework.beans.factory.support.SimpleInstantiationStrategy.instantiate(SimpleInstantiationStrategy.java:189) ~[spring-beans-4.1.7.RELEASE.jar:4.1.7.RELEASE]
	at org.springframework.beans.factory.support.ConstructorResolver.instantiateUsingFactoryMethod(ConstructorResolver.java:588) ~[spring-beans-4.1.7.RELEASE.jar:4.1.7.RELEASE]
	... 64 common frames omitted
Caused by: com.aerospike.client.AerospikeException$Connection: Error Code 11: Failed to connect to host(s): 
52.41.32.83:3000 Error Code 11: java.net.SocketTimeoutException: connect timed out

	at com.aerospike.client.cluster.Cluster.seedNodes(Cluster.java:386) ~[aerospike-client-3.2.3.jar:na]
	at com.aerospike.client.cluster.Cluster.tend(Cluster.java:273) ~[aerospike-client-3.2.3.jar:na]
	at com.aerospike.client.cluster.Cluster.waitTillStabilized(Cluster.java:238) ~[aerospike-client-3.2.3.jar:na]
	at com.aerospike.client.cluster.Cluster.initTendThread(Cluster.java:148) ~[aerospike-client-3.2.3.jar:na]
	at com.aerospike.client.AerospikeClient.<init>(AerospikeClient.java:209) ~[aerospike-client-3.2.3.jar:na]
	at com.aerospike.client.AerospikeClient.<init>(AerospikeClient.java:173) ~[aerospike-client-3.2.3.jar:na]
	at org.springframework.data.aerospike.repository.TestConfigPerson.aerospikeClient(TestConfigPerson.java:32) ~[test-classes/:na]
	at org.springframework.data.aerospike.repository.TestConfigPerson$$EnhancerBySpringCGLIB$$3f27a8da.CGLIB$aerospikeClient$1(<generated>) ~[spring-core-4.1.7.RELEASE.jar:na]
	at org.springframework.data.aerospike.repository.TestConfigPerson$$EnhancerBySpringCGLIB$$3f27a8da$$FastClassBySpringCGLIB$$38965c5e.invoke(<generated>) ~[spring-core-4.1.7.RELEASE.jar:na]
	at org.springframework.cglib.proxy.MethodProxy.invokeSuper(MethodProxy.java:228) ~[spring-core-4.1.7.RELEASE.jar:4.1.7.RELEASE]
	at org.springframework.context.annotation.ConfigurationClassEnhancer$BeanMethodInterceptor.intercept(ConfigurationClassEnhancer.java:309) ~[spring-context-4.1.7.RELEASE.jar:4.1.7.RELEASE]
	at org.springframework.data.aerospike.repository.TestConfigPerson$$EnhancerBySpringCGLIB$$3f27a8da.aerospikeClient(<generated>) ~[spring-core-4.1.7.RELEASE.jar:na]
	at sun.reflect.GeneratedMethodAccessor46.invoke(Unknown Source) ~[na:na]
	at sun.reflect.DelegatingMethodAccessorImpl.invoke(DelegatingMethodAccessorImpl.java:43) ~[na:1.8.0_91]
	at java.lang.reflect.Method.invoke(Method.java:498) ~[na:1.8.0_91]
	at org.springframework.beans.factory.support.SimpleInstantiationStrategy.instantiate(SimpleInstantiationStrategy.java:162) ~[spring-beans-4.1.7.RELEASE.jar:4.1.7.RELEASE]
	... 65 common frames omitted
]]></system-out>
  </testcase>
  <testcase name="findsPersonInAgeRangeCorrectly" classname="org.springframework.data.aerospike.repository.PersonRepositoryIntegrationTests" time="0.001">
    <error message="Failed to load ApplicationContext" type="java.lang.IllegalStateException"><![CDATA[java.lang.IllegalStateException: Failed to load ApplicationContext
	at org.springframework.test.context.DefaultCacheAwareContextLoaderDelegate.loadContext(DefaultCacheAwareContextLoaderDelegate.java:94)
	at org.springframework.test.context.DefaultTestContext.getApplicationContext(DefaultTestContext.java:72)
	at org.springframework.test.context.support.DependencyInjectionTestExecutionListener.injectDependencies(DependencyInjectionTestExecutionListener.java:117)
	at org.springframework.test.context.support.DependencyInjectionTestExecutionListener.prepareTestInstance(DependencyInjectionTestExecutionListener.java:83)
	at org.springframework.test.context.TestContextManager.prepareTestInstance(TestContextManager.java:212)
	at org.springframework.test.context.junit4.SpringJUnit4ClassRunner.createTest(SpringJUnit4ClassRunner.java:200)
	at org.springframework.test.context.junit4.SpringJUnit4ClassRunner$1.runReflectiveCall(SpringJUnit4ClassRunner.java:259)
	at org.junit.internal.runners.model.ReflectiveCallable.run(ReflectiveCallable.java:12)
	at org.springframework.test.context.junit4.SpringJUnit4ClassRunner.methodBlock(SpringJUnit4ClassRunner.java:261)
	at org.springframework.test.context.junit4.SpringJUnit4ClassRunner.runChild(SpringJUnit4ClassRunner.java:219)
	at org.springframework.test.context.junit4.SpringJUnit4ClassRunner.runChild(SpringJUnit4ClassRunner.java:83)
	at org.junit.runners.ParentRunner$3.run(ParentRunner.java:290)
	at org.junit.runners.ParentRunner$1.schedule(ParentRunner.java:71)
	at org.junit.runners.ParentRunner.runChildren(ParentRunner.java:288)
	at org.junit.runners.ParentRunner.access$000(ParentRunner.java:58)
	at org.junit.runners.ParentRunner$2.evaluate(ParentRunner.java:268)
	at org.springframework.test.context.junit4.statements.RunBeforeTestClassCallbacks.evaluate(RunBeforeTestClassCallbacks.java:61)
	at org.springframework.test.context.junit4.statements.RunAfterTestClassCallbacks.evaluate(RunAfterTestClassCallbacks.java:68)
	at org.junit.runners.ParentRunner.run(ParentRunner.java:363)
	at org.springframework.test.context.junit4.SpringJUnit4ClassRunner.run(SpringJUnit4ClassRunner.java:163)
	at org.apache.maven.surefire.junit4.JUnit4Provider.execute(JUnit4Provider.java:283)
	at org.apache.maven.surefire.junit4.JUnit4Provider.executeWithRerun(JUnit4Provider.java:173)
	at org.apache.maven.surefire.junit4.JUnit4Provider.executeTestSet(JUnit4Provider.java:153)
	at org.apache.maven.surefire.junit4.JUnit4Provider.invoke(JUnit4Provider.java:128)
	at org.apache.maven.surefire.booter.ForkedBooter.invokeProviderInSameClassLoader(ForkedBooter.java:203)
	at org.apache.maven.surefire.booter.ForkedBooter.runSuitesInProcess(ForkedBooter.java:155)
	at org.apache.maven.surefire.booter.ForkedBooter.main(ForkedBooter.java:103)
Caused by: org.springframework.beans.factory.BeanCreationException: Error creating bean with name 'aerospikeTemplate' defined in org.springframework.data.aerospike.repository.TestConfigPerson: Bean instantiation via factory method failed; nested exception is org.springframework.beans.BeanInstantiationException: Failed to instantiate [org.springframework.data.aerospike.core.AerospikeTemplate]: Factory method 'aerospikeTemplate' threw exception; nested exception is org.springframework.beans.factory.BeanCreationException: Error creating bean with name 'aerospikeClient' defined in org.springframework.data.aerospike.repository.TestConfigPerson: Bean instantiation via factory method failed; nested exception is org.springframework.beans.BeanInstantiationException: Failed to instantiate [com.aerospike.client.AerospikeClient]: Factory method 'aerospikeClient' threw exception; nested exception is com.aerospike.client.AerospikeException$Connection: Error Code 11: Failed to connect to host(s): 
52.41.32.83:3000 Error Code 11: java.net.SocketTimeoutException: connect timed out

	at org.springframework.beans.factory.support.ConstructorResolver.instantiateUsingFactoryMethod(ConstructorResolver.java:599)
	at org.springframework.beans.factory.support.AbstractAutowireCapableBeanFactory.instantiateUsingFactoryMethod(AbstractAutowireCapableBeanFactory.java:1119)
	at org.springframework.beans.factory.support.AbstractAutowireCapableBeanFactory.createBeanInstance(AbstractAutowireCapableBeanFactory.java:1014)
	at org.springframework.beans.factory.support.AbstractAutowireCapableBeanFactory.doCreateBean(AbstractAutowireCapableBeanFactory.java:504)
	at org.springframework.beans.factory.support.AbstractAutowireCapableBeanFactory.createBean(AbstractAutowireCapableBeanFactory.java:476)
	at org.springframework.beans.factory.support.AbstractBeanFactory$1.getObject(AbstractBeanFactory.java:303)
	at org.springframework.beans.factory.support.DefaultSingletonBeanRegistry.getSingleton(DefaultSingletonBeanRegistry.java:230)
	at org.springframework.beans.factory.support.AbstractBeanFactory.doGetBean(AbstractBeanFactory.java:299)
	at org.springframework.beans.factory.support.AbstractBeanFactory.getBean(AbstractBeanFactory.java:194)
	at org.springframework.beans.factory.support.DefaultListableBeanFactory.preInstantiateSingletons(DefaultListableBeanFactory.java:755)
	at org.springframework.context.support.AbstractApplicationContext.finishBeanFactoryInitialization(AbstractApplicationContext.java:757)
	at org.springframework.context.support.AbstractApplicationContext.refresh(AbstractApplicationContext.java:480)
	at org.springframework.test.context.support.AbstractGenericContextLoader.loadContext(AbstractGenericContextLoader.java:125)
	at org.springframework.test.context.support.AbstractGenericContextLoader.loadContext(AbstractGenericContextLoader.java:60)
	at org.springframework.test.context.support.AbstractDelegatingSmartContextLoader.delegateLoading(AbstractDelegatingSmartContextLoader.java:109)
	at org.springframework.test.context.support.AbstractDelegatingSmartContextLoader.loadContext(AbstractDelegatingSmartContextLoader.java:261)
	at org.springframework.test.context.DefaultCacheAwareContextLoaderDelegate.loadContextInternal(DefaultCacheAwareContextLoaderDelegate.java:68)
	at org.springframework.test.context.DefaultCacheAwareContextLoaderDelegate.loadContext(DefaultCacheAwareContextLoaderDelegate.java:86)
	at org.springframework.test.context.DefaultTestContext.getApplicationContext(DefaultTestContext.java:72)
	at org.springframework.test.context.support.DependencyInjectionTestExecutionListener.injectDependencies(DependencyInjectionTestExecutionListener.java:117)
	at org.springframework.test.context.support.DependencyInjectionTestExecutionListener.prepareTestInstance(DependencyInjectionTestExecutionListener.java:83)
	at org.springframework.test.context.TestContextManager.prepareTestInstance(TestContextManager.java:212)
	at org.springframework.test.context.junit4.SpringJUnit4ClassRunner.createTest(SpringJUnit4ClassRunner.java:200)
	at org.springframework.test.context.junit4.SpringJUnit4ClassRunner$1.runReflectiveCall(SpringJUnit4ClassRunner.java:259)
	at org.junit.internal.runners.model.ReflectiveCallable.run(ReflectiveCallable.java:12)
	at org.springframework.test.context.junit4.SpringJUnit4ClassRunner.methodBlock(SpringJUnit4ClassRunner.java:261)
	at org.springframework.test.context.junit4.SpringJUnit4ClassRunner.runChild(SpringJUnit4ClassRunner.java:219)
	at org.springframework.test.context.junit4.SpringJUnit4ClassRunner.runChild(SpringJUnit4ClassRunner.java:83)
	at org.junit.runners.ParentRunner$3.run(ParentRunner.java:290)
	at org.junit.runners.ParentRunner$1.schedule(ParentRunner.java:71)
	at org.junit.runners.ParentRunner.runChildren(ParentRunner.java:288)
	at org.junit.runners.ParentRunner.access$000(ParentRunner.java:58)
	at org.junit.runners.ParentRunner$2.evaluate(ParentRunner.java:268)
	at org.springframework.test.context.junit4.statements.RunBeforeTestClassCallbacks.evaluate(RunBeforeTestClassCallbacks.java:61)
	at org.springframework.test.context.junit4.statements.RunAfterTestClassCallbacks.evaluate(RunAfterTestClassCallbacks.java:68)
	at org.junit.runners.ParentRunner.run(ParentRunner.java:363)
	at org.springframework.test.context.junit4.SpringJUnit4ClassRunner.run(SpringJUnit4ClassRunner.java:163)
	at org.apache.maven.surefire.junit4.JUnit4Provider.execute(JUnit4Provider.java:283)
	at org.apache.maven.surefire.junit4.JUnit4Provider.executeWithRerun(JUnit4Provider.java:173)
	at org.apache.maven.surefire.junit4.JUnit4Provider.executeTestSet(JUnit4Provider.java:153)
	at org.apache.maven.surefire.junit4.JUnit4Provider.invoke(JUnit4Provider.java:128)
	at org.apache.maven.surefire.booter.ForkedBooter.invokeProviderInSameClassLoader(ForkedBooter.java:203)
	at org.apache.maven.surefire.booter.ForkedBooter.runSuitesInProcess(ForkedBooter.java:155)
	at org.apache.maven.surefire.booter.ForkedBooter.main(ForkedBooter.java:103)
Caused by: org.springframework.beans.BeanInstantiationException: Failed to instantiate [org.springframework.data.aerospike.core.AerospikeTemplate]: Factory method 'aerospikeTemplate' threw exception; nested exception is org.springframework.beans.factory.BeanCreationException: Error creating bean with name 'aerospikeClient' defined in org.springframework.data.aerospike.repository.TestConfigPerson: Bean instantiation via factory method failed; nested exception is org.springframework.beans.BeanInstantiationException: Failed to instantiate [com.aerospike.client.AerospikeClient]: Factory method 'aerospikeClient' threw exception; nested exception is com.aerospike.client.AerospikeException$Connection: Error Code 11: Failed to connect to host(s): 
52.41.32.83:3000 Error Code 11: java.net.SocketTimeoutException: connect timed out

	at org.springframework.beans.factory.support.SimpleInstantiationStrategy.instantiate(SimpleInstantiationStrategy.java:189)
	at org.springframework.beans.factory.support.ConstructorResolver.instantiateUsingFactoryMethod(ConstructorResolver.java:588)
	at org.springframework.beans.factory.support.AbstractAutowireCapableBeanFactory.instantiateUsingFactoryMethod(AbstractAutowireCapableBeanFactory.java:1119)
	at org.springframework.beans.factory.support.AbstractAutowireCapableBeanFactory.createBeanInstance(AbstractAutowireCapableBeanFactory.java:1014)
	at org.springframework.beans.factory.support.AbstractAutowireCapableBeanFactory.doCreateBean(AbstractAutowireCapableBeanFactory.java:504)
	at org.springframework.beans.factory.support.AbstractAutowireCapableBeanFactory.createBean(AbstractAutowireCapableBeanFactory.java:476)
	at org.springframework.beans.factory.support.AbstractBeanFactory$1.getObject(AbstractBeanFactory.java:303)
	at org.springframework.beans.factory.support.DefaultSingletonBeanRegistry.getSingleton(DefaultSingletonBeanRegistry.java:230)
	at org.springframework.beans.factory.support.AbstractBeanFactory.doGetBean(AbstractBeanFactory.java:299)
	at org.springframework.beans.factory.support.AbstractBeanFactory.getBean(AbstractBeanFactory.java:194)
	at org.springframework.beans.factory.support.DefaultListableBeanFactory.preInstantiateSingletons(DefaultListableBeanFactory.java:755)
	at org.springframework.context.support.AbstractApplicationContext.finishBeanFactoryInitialization(AbstractApplicationContext.java:757)
	at org.springframework.context.support.AbstractApplicationContext.refresh(AbstractApplicationContext.java:480)
	at org.springframework.test.context.support.AbstractGenericContextLoader.loadContext(AbstractGenericContextLoader.java:125)
	at org.springframework.test.context.support.AbstractGenericContextLoader.loadContext(AbstractGenericContextLoader.java:60)
	at org.springframework.test.context.support.AbstractDelegatingSmartContextLoader.delegateLoading(AbstractDelegatingSmartContextLoader.java:109)
	at org.springframework.test.context.support.AbstractDelegatingSmartContextLoader.loadContext(AbstractDelegatingSmartContextLoader.java:261)
	at org.springframework.test.context.DefaultCacheAwareContextLoaderDelegate.loadContextInternal(DefaultCacheAwareContextLoaderDelegate.java:68)
	at org.springframework.test.context.DefaultCacheAwareContextLoaderDelegate.loadContext(DefaultCacheAwareContextLoaderDelegate.java:86)
	at org.springframework.test.context.DefaultTestContext.getApplicationContext(DefaultTestContext.java:72)
	at org.springframework.test.context.support.DependencyInjectionTestExecutionListener.injectDependencies(DependencyInjectionTestExecutionListener.java:117)
	at org.springframework.test.context.support.DependencyInjectionTestExecutionListener.prepareTestInstance(DependencyInjectionTestExecutionListener.java:83)
	at org.springframework.test.context.TestContextManager.prepareTestInstance(TestContextManager.java:212)
	at org.springframework.test.context.junit4.SpringJUnit4ClassRunner.createTest(SpringJUnit4ClassRunner.java:200)
	at org.springframework.test.context.junit4.SpringJUnit4ClassRunner$1.runReflectiveCall(SpringJUnit4ClassRunner.java:259)
	at org.junit.internal.runners.model.ReflectiveCallable.run(ReflectiveCallable.java:12)
	at org.springframework.test.context.junit4.SpringJUnit4ClassRunner.methodBlock(SpringJUnit4ClassRunner.java:261)
	at org.springframework.test.context.junit4.SpringJUnit4ClassRunner.runChild(SpringJUnit4ClassRunner.java:219)
	at org.springframework.test.context.junit4.SpringJUnit4ClassRunner.runChild(SpringJUnit4ClassRunner.java:83)
	at org.junit.runners.ParentRunner$3.run(ParentRunner.java:290)
	at org.junit.runners.ParentRunner$1.schedule(ParentRunner.java:71)
	at org.junit.runners.ParentRunner.runChildren(ParentRunner.java:288)
	at org.junit.runners.ParentRunner.access$000(ParentRunner.java:58)
	at org.junit.runners.ParentRunner$2.evaluate(ParentRunner.java:268)
	at org.springframework.test.context.junit4.statements.RunBeforeTestClassCallbacks.evaluate(RunBeforeTestClassCallbacks.java:61)
	at org.springframework.test.context.junit4.statements.RunAfterTestClassCallbacks.evaluate(RunAfterTestClassCallbacks.java:68)
	at org.junit.runners.ParentRunner.run(ParentRunner.java:363)
	at org.springframework.test.context.junit4.SpringJUnit4ClassRunner.run(SpringJUnit4ClassRunner.java:163)
	at org.apache.maven.surefire.junit4.JUnit4Provider.execute(JUnit4Provider.java:283)
	at org.apache.maven.surefire.junit4.JUnit4Provider.executeWithRerun(JUnit4Provider.java:173)
	at org.apache.maven.surefire.junit4.JUnit4Provider.executeTestSet(JUnit4Provider.java:153)
	at org.apache.maven.surefire.junit4.JUnit4Provider.invoke(JUnit4Provider.java:128)
	at org.apache.maven.surefire.booter.ForkedBooter.invokeProviderInSameClassLoader(ForkedBooter.java:203)
	at org.apache.maven.surefire.booter.ForkedBooter.runSuitesInProcess(ForkedBooter.java:155)
	at org.apache.maven.surefire.booter.ForkedBooter.main(ForkedBooter.java:103)
Caused by: org.springframework.beans.factory.BeanCreationException: Error creating bean with name 'aerospikeClient' defined in org.springframework.data.aerospike.repository.TestConfigPerson: Bean instantiation via factory method failed; nested exception is org.springframework.beans.BeanInstantiationException: Failed to instantiate [com.aerospike.client.AerospikeClient]: Factory method 'aerospikeClient' threw exception; nested exception is com.aerospike.client.AerospikeException$Connection: Error Code 11: Failed to connect to host(s): 
52.41.32.83:3000 Error Code 11: java.net.SocketTimeoutException: connect timed out

	at org.springframework.beans.factory.support.ConstructorResolver.instantiateUsingFactoryMethod(ConstructorResolver.java:599)
	at org.springframework.beans.factory.support.AbstractAutowireCapableBeanFactory.instantiateUsingFactoryMethod(AbstractAutowireCapableBeanFactory.java:1119)
	at org.springframework.beans.factory.support.AbstractAutowireCapableBeanFactory.createBeanInstance(AbstractAutowireCapableBeanFactory.java:1014)
	at org.springframework.beans.factory.support.AbstractAutowireCapableBeanFactory.doCreateBean(AbstractAutowireCapableBeanFactory.java:504)
	at org.springframework.beans.factory.support.AbstractAutowireCapableBeanFactory.createBean(AbstractAutowireCapableBeanFactory.java:476)
	at org.springframework.beans.factory.support.AbstractBeanFactory$1.getObject(AbstractBeanFactory.java:303)
	at org.springframework.beans.factory.support.DefaultSingletonBeanRegistry.getSingleton(DefaultSingletonBeanRegistry.java:230)
	at org.springframework.beans.factory.support.AbstractBeanFactory.doGetBean(AbstractBeanFactory.java:299)
	at org.springframework.beans.factory.support.AbstractBeanFactory.getBean(AbstractBeanFactory.java:194)
	at org.springframework.context.annotation.ConfigurationClassEnhancer$BeanMethodInterceptor.intercept(ConfigurationClassEnhancer.java:322)
	at org.springframework.data.aerospike.repository.TestConfigPerson$$EnhancerBySpringCGLIB$$3f27a8da.aerospikeClient(<generated>)
	at org.springframework.data.aerospike.repository.TestConfigPerson.aerospikeTemplate(TestConfigPerson.java:38)
	at org.springframework.data.aerospike.repository.TestConfigPerson$$EnhancerBySpringCGLIB$$3f27a8da.CGLIB$aerospikeTemplate$0(<generated>)
	at org.springframework.data.aerospike.repository.TestConfigPerson$$EnhancerBySpringCGLIB$$3f27a8da$$FastClassBySpringCGLIB$$38965c5e.invoke(<generated>)
	at org.springframework.cglib.proxy.MethodProxy.invokeSuper(MethodProxy.java:228)
	at org.springframework.context.annotation.ConfigurationClassEnhancer$BeanMethodInterceptor.intercept(ConfigurationClassEnhancer.java:309)
	at org.springframework.data.aerospike.repository.TestConfigPerson$$EnhancerBySpringCGLIB$$3f27a8da.aerospikeTemplate(<generated>)
	at sun.reflect.GeneratedMethodAccessor45.invoke(Unknown Source)
	at sun.reflect.DelegatingMethodAccessorImpl.invoke(DelegatingMethodAccessorImpl.java:43)
	at java.lang.reflect.Method.invoke(Method.java:498)
	at org.springframework.beans.factory.support.SimpleInstantiationStrategy.instantiate(SimpleInstantiationStrategy.java:162)
	at org.springframework.beans.factory.support.ConstructorResolver.instantiateUsingFactoryMethod(ConstructorResolver.java:588)
	at org.springframework.beans.factory.support.AbstractAutowireCapableBeanFactory.instantiateUsingFactoryMethod(AbstractAutowireCapableBeanFactory.java:1119)
	at org.springframework.beans.factory.support.AbstractAutowireCapableBeanFactory.createBeanInstance(AbstractAutowireCapableBeanFactory.java:1014)
	at org.springframework.beans.factory.support.AbstractAutowireCapableBeanFactory.doCreateBean(AbstractAutowireCapableBeanFactory.java:504)
	at org.springframework.beans.factory.support.AbstractAutowireCapableBeanFactory.createBean(AbstractAutowireCapableBeanFactory.java:476)
	at org.springframework.beans.factory.support.AbstractBeanFactory$1.getObject(AbstractBeanFactory.java:303)
	at org.springframework.beans.factory.support.DefaultSingletonBeanRegistry.getSingleton(DefaultSingletonBeanRegistry.java:230)
	at org.springframework.beans.factory.support.AbstractBeanFactory.doGetBean(AbstractBeanFactory.java:299)
	at org.springframework.beans.factory.support.AbstractBeanFactory.getBean(AbstractBeanFactory.java:194)
	at org.springframework.beans.factory.support.DefaultListableBeanFactory.preInstantiateSingletons(DefaultListableBeanFactory.java:755)
	at org.springframework.context.support.AbstractApplicationContext.finishBeanFactoryInitialization(AbstractApplicationContext.java:757)
	at org.springframework.context.support.AbstractApplicationContext.refresh(AbstractApplicationContext.java:480)
	at org.springframework.test.context.support.AbstractGenericContextLoader.loadContext(AbstractGenericContextLoader.java:125)
	at org.springframework.test.context.support.AbstractGenericContextLoader.loadContext(AbstractGenericContextLoader.java:60)
	at org.springframework.test.context.support.AbstractDelegatingSmartContextLoader.delegateLoading(AbstractDelegatingSmartContextLoader.java:109)
	at org.springframework.test.context.support.AbstractDelegatingSmartContextLoader.loadContext(AbstractDelegatingSmartContextLoader.java:261)
	at org.springframework.test.context.DefaultCacheAwareContextLoaderDelegate.loadContextInternal(DefaultCacheAwareContextLoaderDelegate.java:68)
	at org.springframework.test.context.DefaultCacheAwareContextLoaderDelegate.loadContext(DefaultCacheAwareContextLoaderDelegate.java:86)
	at org.springframework.test.context.DefaultTestContext.getApplicationContext(DefaultTestContext.java:72)
	at org.springframework.test.context.support.DependencyInjectionTestExecutionListener.injectDependencies(DependencyInjectionTestExecutionListener.java:117)
	at org.springframework.test.context.support.DependencyInjectionTestExecutionListener.prepareTestInstance(DependencyInjectionTestExecutionListener.java:83)
	at org.springframework.test.context.TestContextManager.prepareTestInstance(TestContextManager.java:212)
	at org.springframework.test.context.junit4.SpringJUnit4ClassRunner.createTest(SpringJUnit4ClassRunner.java:200)
	at org.springframework.test.context.junit4.SpringJUnit4ClassRunner$1.runReflectiveCall(SpringJUnit4ClassRunner.java:259)
	at org.junit.internal.runners.model.ReflectiveCallable.run(ReflectiveCallable.java:12)
	at org.springframework.test.context.junit4.SpringJUnit4ClassRunner.methodBlock(SpringJUnit4ClassRunner.java:261)
	at org.springframework.test.context.junit4.SpringJUnit4ClassRunner.runChild(SpringJUnit4ClassRunner.java:219)
	at org.springframework.test.context.junit4.SpringJUnit4ClassRunner.runChild(SpringJUnit4ClassRunner.java:83)
	at org.junit.runners.ParentRunner$3.run(ParentRunner.java:290)
	at org.junit.runners.ParentRunner$1.schedule(ParentRunner.java:71)
	at org.junit.runners.ParentRunner.runChildren(ParentRunner.java:288)
	at org.junit.runners.ParentRunner.access$000(ParentRunner.java:58)
	at org.junit.runners.ParentRunner$2.evaluate(ParentRunner.java:268)
	at org.springframework.test.context.junit4.statements.RunBeforeTestClassCallbacks.evaluate(RunBeforeTestClassCallbacks.java:61)
	at org.springframework.test.context.junit4.statements.RunAfterTestClassCallbacks.evaluate(RunAfterTestClassCallbacks.java:68)
	at org.junit.runners.ParentRunner.run(ParentRunner.java:363)
	at org.springframework.test.context.junit4.SpringJUnit4ClassRunner.run(SpringJUnit4ClassRunner.java:163)
	at org.apache.maven.surefire.junit4.JUnit4Provider.execute(JUnit4Provider.java:283)
	at org.apache.maven.surefire.junit4.JUnit4Provider.executeWithRerun(JUnit4Provider.java:173)
	at org.apache.maven.surefire.junit4.JUnit4Provider.executeTestSet(JUnit4Provider.java:153)
	at org.apache.maven.surefire.junit4.JUnit4Provider.invoke(JUnit4Provider.java:128)
	at org.apache.maven.surefire.booter.ForkedBooter.invokeProviderInSameClassLoader(ForkedBooter.java:203)
	at org.apache.maven.surefire.booter.ForkedBooter.runSuitesInProcess(ForkedBooter.java:155)
	at org.apache.maven.surefire.booter.ForkedBooter.main(ForkedBooter.java:103)
Caused by: org.springframework.beans.BeanInstantiationException: Failed to instantiate [com.aerospike.client.AerospikeClient]: Factory method 'aerospikeClient' threw exception; nested exception is com.aerospike.client.AerospikeException$Connection: Error Code 11: Failed to connect to host(s): 
52.41.32.83:3000 Error Code 11: java.net.SocketTimeoutException: connect timed out

	at org.springframework.beans.factory.support.SimpleInstantiationStrategy.instantiate(SimpleInstantiationStrategy.java:189)
	at org.springframework.beans.factory.support.ConstructorResolver.instantiateUsingFactoryMethod(ConstructorResolver.java:588)
	at org.springframework.beans.factory.support.AbstractAutowireCapableBeanFactory.instantiateUsingFactoryMethod(AbstractAutowireCapableBeanFactory.java:1119)
	at org.springframework.beans.factory.support.AbstractAutowireCapableBeanFactory.createBeanInstance(AbstractAutowireCapableBeanFactory.java:1014)
	at org.springframework.beans.factory.support.AbstractAutowireCapableBeanFactory.doCreateBean(AbstractAutowireCapableBeanFactory.java:504)
	at org.springframework.beans.factory.support.AbstractAutowireCapableBeanFactory.createBean(AbstractAutowireCapableBeanFactory.java:476)
	at org.springframework.beans.factory.support.AbstractBeanFactory$1.getObject(AbstractBeanFactory.java:303)
	at org.springframework.beans.factory.support.DefaultSingletonBeanRegistry.getSingleton(DefaultSingletonBeanRegistry.java:230)
	at org.springframework.beans.factory.support.AbstractBeanFactory.doGetBean(AbstractBeanFactory.java:299)
	at org.springframework.beans.factory.support.AbstractBeanFactory.getBean(AbstractBeanFactory.java:194)
	at org.springframework.context.annotation.ConfigurationClassEnhancer$BeanMethodInterceptor.intercept(ConfigurationClassEnhancer.java:322)
	at org.springframework.data.aerospike.repository.TestConfigPerson$$EnhancerBySpringCGLIB$$3f27a8da.aerospikeClient(<generated>)
	at org.springframework.data.aerospike.repository.TestConfigPerson.aerospikeTemplate(TestConfigPerson.java:38)
	at org.springframework.data.aerospike.repository.TestConfigPerson$$EnhancerBySpringCGLIB$$3f27a8da.CGLIB$aerospikeTemplate$0(<generated>)
	at org.springframework.data.aerospike.repository.TestConfigPerson$$EnhancerBySpringCGLIB$$3f27a8da$$FastClassBySpringCGLIB$$38965c5e.invoke(<generated>)
	at org.springframework.cglib.proxy.MethodProxy.invokeSuper(MethodProxy.java:228)
	at org.springframework.context.annotation.ConfigurationClassEnhancer$BeanMethodInterceptor.intercept(ConfigurationClassEnhancer.java:309)
	at org.springframework.data.aerospike.repository.TestConfigPerson$$EnhancerBySpringCGLIB$$3f27a8da.aerospikeTemplate(<generated>)
	at sun.reflect.GeneratedMethodAccessor45.invoke(Unknown Source)
	at sun.reflect.DelegatingMethodAccessorImpl.invoke(DelegatingMethodAccessorImpl.java:43)
	at java.lang.reflect.Method.invoke(Method.java:498)
	at org.springframework.beans.factory.support.SimpleInstantiationStrategy.instantiate(SimpleInstantiationStrategy.java:162)
	at org.springframework.beans.factory.support.ConstructorResolver.instantiateUsingFactoryMethod(ConstructorResolver.java:588)
	at org.springframework.beans.factory.support.AbstractAutowireCapableBeanFactory.instantiateUsingFactoryMethod(AbstractAutowireCapableBeanFactory.java:1119)
	at org.springframework.beans.factory.support.AbstractAutowireCapableBeanFactory.createBeanInstance(AbstractAutowireCapableBeanFactory.java:1014)
	at org.springframework.beans.factory.support.AbstractAutowireCapableBeanFactory.doCreateBean(AbstractAutowireCapableBeanFactory.java:504)
	at org.springframework.beans.factory.support.AbstractAutowireCapableBeanFactory.createBean(AbstractAutowireCapableBeanFactory.java:476)
	at org.springframework.beans.factory.support.AbstractBeanFactory$1.getObject(AbstractBeanFactory.java:303)
	at org.springframework.beans.factory.support.DefaultSingletonBeanRegistry.getSingleton(DefaultSingletonBeanRegistry.java:230)
	at org.springframework.beans.factory.support.AbstractBeanFactory.doGetBean(AbstractBeanFactory.java:299)
	at org.springframework.beans.factory.support.AbstractBeanFactory.getBean(AbstractBeanFactory.java:194)
	at org.springframework.beans.factory.support.DefaultListableBeanFactory.preInstantiateSingletons(DefaultListableBeanFactory.java:755)
	at org.springframework.context.support.AbstractApplicationContext.finishBeanFactoryInitialization(AbstractApplicationContext.java:757)
	at org.springframework.context.support.AbstractApplicationContext.refresh(AbstractApplicationContext.java:480)
	at org.springframework.test.context.support.AbstractGenericContextLoader.loadContext(AbstractGenericContextLoader.java:125)
	at org.springframework.test.context.support.AbstractGenericContextLoader.loadContext(AbstractGenericContextLoader.java:60)
	at org.springframework.test.context.support.AbstractDelegatingSmartContextLoader.delegateLoading(AbstractDelegatingSmartContextLoader.java:109)
	at org.springframework.test.context.support.AbstractDelegatingSmartContextLoader.loadContext(AbstractDelegatingSmartContextLoader.java:261)
	at org.springframework.test.context.DefaultCacheAwareContextLoaderDelegate.loadContextInternal(DefaultCacheAwareContextLoaderDelegate.java:68)
	at org.springframework.test.context.DefaultCacheAwareContextLoaderDelegate.loadContext(DefaultCacheAwareContextLoaderDelegate.java:86)
	at org.springframework.test.context.DefaultTestContext.getApplicationContext(DefaultTestContext.java:72)
	at org.springframework.test.context.support.DependencyInjectionTestExecutionListener.injectDependencies(DependencyInjectionTestExecutionListener.java:117)
	at org.springframework.test.context.support.DependencyInjectionTestExecutionListener.prepareTestInstance(DependencyInjectionTestExecutionListener.java:83)
	at org.springframework.test.context.TestContextManager.prepareTestInstance(TestContextManager.java:212)
	at org.springframework.test.context.junit4.SpringJUnit4ClassRunner.createTest(SpringJUnit4ClassRunner.java:200)
	at org.springframework.test.context.junit4.SpringJUnit4ClassRunner$1.runReflectiveCall(SpringJUnit4ClassRunner.java:259)
	at org.junit.internal.runners.model.ReflectiveCallable.run(ReflectiveCallable.java:12)
	at org.springframework.test.context.junit4.SpringJUnit4ClassRunner.methodBlock(SpringJUnit4ClassRunner.java:261)
	at org.springframework.test.context.junit4.SpringJUnit4ClassRunner.runChild(SpringJUnit4ClassRunner.java:219)
	at org.springframework.test.context.junit4.SpringJUnit4ClassRunner.runChild(SpringJUnit4ClassRunner.java:83)
	at org.junit.runners.ParentRunner$3.run(ParentRunner.java:290)
	at org.junit.runners.ParentRunner$1.schedule(ParentRunner.java:71)
	at org.junit.runners.ParentRunner.runChildren(ParentRunner.java:288)
	at org.junit.runners.ParentRunner.access$000(ParentRunner.java:58)
	at org.junit.runners.ParentRunner$2.evaluate(ParentRunner.java:268)
	at org.springframework.test.context.junit4.statements.RunBeforeTestClassCallbacks.evaluate(RunBeforeTestClassCallbacks.java:61)
	at org.springframework.test.context.junit4.statements.RunAfterTestClassCallbacks.evaluate(RunAfterTestClassCallbacks.java:68)
	at org.junit.runners.ParentRunner.run(ParentRunner.java:363)
	at org.springframework.test.context.junit4.SpringJUnit4ClassRunner.run(SpringJUnit4ClassRunner.java:163)
	at org.apache.maven.surefire.junit4.JUnit4Provider.execute(JUnit4Provider.java:283)
	at org.apache.maven.surefire.junit4.JUnit4Provider.executeWithRerun(JUnit4Provider.java:173)
	at org.apache.maven.surefire.junit4.JUnit4Provider.executeTestSet(JUnit4Provider.java:153)
	at org.apache.maven.surefire.junit4.JUnit4Provider.invoke(JUnit4Provider.java:128)
	at org.apache.maven.surefire.booter.ForkedBooter.invokeProviderInSameClassLoader(ForkedBooter.java:203)
	at org.apache.maven.surefire.booter.ForkedBooter.runSuitesInProcess(ForkedBooter.java:155)
	at org.apache.maven.surefire.booter.ForkedBooter.main(ForkedBooter.java:103)
Caused by: com.aerospike.client.AerospikeException$Connection: Error Code 11: Failed to connect to host(s): 
52.41.32.83:3000 Error Code 11: java.net.SocketTimeoutException: connect timed out

	at com.aerospike.client.cluster.Cluster.seedNodes(Cluster.java:386)
	at com.aerospike.client.cluster.Cluster.tend(Cluster.java:273)
	at com.aerospike.client.cluster.Cluster.waitTillStabilized(Cluster.java:238)
	at com.aerospike.client.cluster.Cluster.initTendThread(Cluster.java:148)
	at com.aerospike.client.AerospikeClient.<init>(AerospikeClient.java:209)
	at com.aerospike.client.AerospikeClient.<init>(AerospikeClient.java:173)
	at org.springframework.data.aerospike.repository.TestConfigPerson.aerospikeClient(TestConfigPerson.java:32)
	at org.springframework.data.aerospike.repository.TestConfigPerson$$EnhancerBySpringCGLIB$$3f27a8da.CGLIB$aerospikeClient$1(<generated>)
	at org.springframework.data.aerospike.repository.TestConfigPerson$$EnhancerBySpringCGLIB$$3f27a8da$$FastClassBySpringCGLIB$$38965c5e.invoke(<generated>)
	at org.springframework.cglib.proxy.MethodProxy.invokeSuper(MethodProxy.java:228)
	at org.springframework.context.annotation.ConfigurationClassEnhancer$BeanMethodInterceptor.intercept(ConfigurationClassEnhancer.java:309)
	at org.springframework.data.aerospike.repository.TestConfigPerson$$EnhancerBySpringCGLIB$$3f27a8da.aerospikeClient(<generated>)
	at sun.reflect.GeneratedMethodAccessor46.invoke(Unknown Source)
	at sun.reflect.DelegatingMethodAccessorImpl.invoke(DelegatingMethodAccessorImpl.java:43)
	at java.lang.reflect.Method.invoke(Method.java:498)
	at org.springframework.beans.factory.support.SimpleInstantiationStrategy.instantiate(SimpleInstantiationStrategy.java:162)
	at org.springframework.beans.factory.support.ConstructorResolver.instantiateUsingFactoryMethod(ConstructorResolver.java:588)
	at org.springframework.beans.factory.support.AbstractAutowireCapableBeanFactory.instantiateUsingFactoryMethod(AbstractAutowireCapableBeanFactory.java:1119)
	at org.springframework.beans.factory.support.AbstractAutowireCapableBeanFactory.createBeanInstance(AbstractAutowireCapableBeanFactory.java:1014)
	at org.springframework.beans.factory.support.AbstractAutowireCapableBeanFactory.doCreateBean(AbstractAutowireCapableBeanFactory.java:504)
	at org.springframework.beans.factory.support.AbstractAutowireCapableBeanFactory.createBean(AbstractAutowireCapableBeanFactory.java:476)
	at org.springframework.beans.factory.support.AbstractBeanFactory$1.getObject(AbstractBeanFactory.java:303)
	at org.springframework.beans.factory.support.DefaultSingletonBeanRegistry.getSingleton(DefaultSingletonBeanRegistry.java:230)
	at org.springframework.beans.factory.support.AbstractBeanFactory.doGetBean(AbstractBeanFactory.java:299)
	at org.springframework.beans.factory.support.AbstractBeanFactory.getBean(AbstractBeanFactory.java:194)
	at org.springframework.context.annotation.ConfigurationClassEnhancer$BeanMethodInterceptor.intercept(ConfigurationClassEnhancer.java:322)
	at org.springframework.data.aerospike.repository.TestConfigPerson$$EnhancerBySpringCGLIB$$3f27a8da.aerospikeClient(<generated>)
	at org.springframework.data.aerospike.repository.TestConfigPerson.aerospikeTemplate(TestConfigPerson.java:38)
	at org.springframework.data.aerospike.repository.TestConfigPerson$$EnhancerBySpringCGLIB$$3f27a8da.CGLIB$aerospikeTemplate$0(<generated>)
	at org.springframework.data.aerospike.repository.TestConfigPerson$$EnhancerBySpringCGLIB$$3f27a8da$$FastClassBySpringCGLIB$$38965c5e.invoke(<generated>)
	at org.springframework.cglib.proxy.MethodProxy.invokeSuper(MethodProxy.java:228)
	at org.springframework.context.annotation.ConfigurationClassEnhancer$BeanMethodInterceptor.intercept(ConfigurationClassEnhancer.java:309)
	at org.springframework.data.aerospike.repository.TestConfigPerson$$EnhancerBySpringCGLIB$$3f27a8da.aerospikeTemplate(<generated>)
	at sun.reflect.GeneratedMethodAccessor45.invoke(Unknown Source)
	at sun.reflect.DelegatingMethodAccessorImpl.invoke(DelegatingMethodAccessorImpl.java:43)
	at java.lang.reflect.Method.invoke(Method.java:498)
	at org.springframework.beans.factory.support.SimpleInstantiationStrategy.instantiate(SimpleInstantiationStrategy.java:162)
	at org.springframework.beans.factory.support.ConstructorResolver.instantiateUsingFactoryMethod(ConstructorResolver.java:588)
	at org.springframework.beans.factory.support.AbstractAutowireCapableBeanFactory.instantiateUsingFactoryMethod(AbstractAutowireCapableBeanFactory.java:1119)
	at org.springframework.beans.factory.support.AbstractAutowireCapableBeanFactory.createBeanInstance(AbstractAutowireCapableBeanFactory.java:1014)
	at org.springframework.beans.factory.support.AbstractAutowireCapableBeanFactory.doCreateBean(AbstractAutowireCapableBeanFactory.java:504)
	at org.springframework.beans.factory.support.AbstractAutowireCapableBeanFactory.createBean(AbstractAutowireCapableBeanFactory.java:476)
	at org.springframework.beans.factory.support.AbstractBeanFactory$1.getObject(AbstractBeanFactory.java:303)
	at org.springframework.beans.factory.support.DefaultSingletonBeanRegistry.getSingleton(DefaultSingletonBeanRegistry.java:230)
	at org.springframework.beans.factory.support.AbstractBeanFactory.doGetBean(AbstractBeanFactory.java:299)
	at org.springframework.beans.factory.support.AbstractBeanFactory.getBean(AbstractBeanFactory.java:194)
	at org.springframework.beans.factory.support.DefaultListableBeanFactory.preInstantiateSingletons(DefaultListableBeanFactory.java:755)
	at org.springframework.context.support.AbstractApplicationContext.finishBeanFactoryInitialization(AbstractApplicationContext.java:757)
	at org.springframework.context.support.AbstractApplicationContext.refresh(AbstractApplicationContext.java:480)
	at org.springframework.test.context.support.AbstractGenericContextLoader.loadContext(AbstractGenericContextLoader.java:125)
	at org.springframework.test.context.support.AbstractGenericContextLoader.loadContext(AbstractGenericContextLoader.java:60)
	at org.springframework.test.context.support.AbstractDelegatingSmartContextLoader.delegateLoading(AbstractDelegatingSmartContextLoader.java:109)
	at org.springframework.test.context.support.AbstractDelegatingSmartContextLoader.loadContext(AbstractDelegatingSmartContextLoader.java:261)
	at org.springframework.test.context.DefaultCacheAwareContextLoaderDelegate.loadContextInternal(DefaultCacheAwareContextLoaderDelegate.java:68)
	at org.springframework.test.context.DefaultCacheAwareContextLoaderDelegate.loadContext(DefaultCacheAwareContextLoaderDelegate.java:86)
	at org.springframework.test.context.DefaultTestContext.getApplicationContext(DefaultTestContext.java:72)
	at org.springframework.test.context.support.DependencyInjectionTestExecutionListener.injectDependencies(DependencyInjectionTestExecutionListener.java:117)
	at org.springframework.test.context.support.DependencyInjectionTestExecutionListener.prepareTestInstance(DependencyInjectionTestExecutionListener.java:83)
	at org.springframework.test.context.TestContextManager.prepareTestInstance(TestContextManager.java:212)
	at org.springframework.test.context.junit4.SpringJUnit4ClassRunner.createTest(SpringJUnit4ClassRunner.java:200)
	at org.springframework.test.context.junit4.SpringJUnit4ClassRunner$1.runReflectiveCall(SpringJUnit4ClassRunner.java:259)
	at org.junit.internal.runners.model.ReflectiveCallable.run(ReflectiveCallable.java:12)
	at org.springframework.test.context.junit4.SpringJUnit4ClassRunner.methodBlock(SpringJUnit4ClassRunner.java:261)
	at org.springframework.test.context.junit4.SpringJUnit4ClassRunner.runChild(SpringJUnit4ClassRunner.java:219)
	at org.springframework.test.context.junit4.SpringJUnit4ClassRunner.runChild(SpringJUnit4ClassRunner.java:83)
	at org.junit.runners.ParentRunner$3.run(ParentRunner.java:290)
	at org.junit.runners.ParentRunner$1.schedule(ParentRunner.java:71)
	at org.junit.runners.ParentRunner.runChildren(ParentRunner.java:288)
	at org.junit.runners.ParentRunner.access$000(ParentRunner.java:58)
	at org.junit.runners.ParentRunner$2.evaluate(ParentRunner.java:268)
	at org.springframework.test.context.junit4.statements.RunBeforeTestClassCallbacks.evaluate(RunBeforeTestClassCallbacks.java:61)
	at org.springframework.test.context.junit4.statements.RunAfterTestClassCallbacks.evaluate(RunAfterTestClassCallbacks.java:68)
	at org.junit.runners.ParentRunner.run(ParentRunner.java:363)
	at org.springframework.test.context.junit4.SpringJUnit4ClassRunner.run(SpringJUnit4ClassRunner.java:163)
	at org.apache.maven.surefire.junit4.JUnit4Provider.execute(JUnit4Provider.java:283)
	at org.apache.maven.surefire.junit4.JUnit4Provider.executeWithRerun(JUnit4Provider.java:173)
	at org.apache.maven.surefire.junit4.JUnit4Provider.executeTestSet(JUnit4Provider.java:153)
	at org.apache.maven.surefire.junit4.JUnit4Provider.invoke(JUnit4Provider.java:128)
	at org.apache.maven.surefire.booter.ForkedBooter.invokeProviderInSameClassLoader(ForkedBooter.java:203)
	at org.apache.maven.surefire.booter.ForkedBooter.runSuitesInProcess(ForkedBooter.java:155)
	at org.apache.maven.surefire.booter.ForkedBooter.main(ForkedBooter.java:103)
]]></error>
    <system-out><![CDATA[16:38:25.839 [main] DEBUG o.s.t.annotation.ProfileValueUtils - Retrieved @ProfileValueSourceConfiguration [null] for test class [org.springframework.data.aerospike.repository.PersonRepositoryIntegrationTests]
16:38:25.839 [main] DEBUG o.s.t.annotation.ProfileValueUtils - Retrieved ProfileValueSource type [class org.springframework.test.annotation.SystemProfileValueSource] for class [org.springframework.data.aerospike.repository.PersonRepositoryIntegrationTests]
16:38:25.839 [main] DEBUG o.s.t.c.s.DependencyInjectionTestExecutionListener - Performing dependency injection for test context [[DefaultTestContext@6c1cfa53 testClass = PersonRepositoryIntegrationTests, testInstance = org.springframework.data.aerospike.repository.PersonRepositoryIntegrationTests@4168f3d9, testMethod = [null], testException = [null], mergedContextConfiguration = [MergedContextConfiguration@52b06bef testClass = PersonRepositoryIntegrationTests, locations = '{}', classes = '{class org.springframework.data.aerospike.repository.TestConfigPerson}', contextInitializerClasses = '[]', activeProfiles = '{}', propertySourceLocations = '{}', propertySourceProperties = '{}', contextLoader = 'org.springframework.test.context.support.DelegatingSmartContextLoader', parent = [null]]]].
16:38:25.839 [main] DEBUG o.s.t.c.s.AbstractDelegatingSmartContextLoader - Delegating to AnnotationConfigContextLoader to load context from [MergedContextConfiguration@52b06bef testClass = PersonRepositoryIntegrationTests, locations = '{}', classes = '{class org.springframework.data.aerospike.repository.TestConfigPerson}', contextInitializerClasses = '[]', activeProfiles = '{}', propertySourceLocations = '{}', propertySourceProperties = '{}', contextLoader = 'org.springframework.test.context.support.DelegatingSmartContextLoader', parent = [null]].
16:38:25.839 [main] DEBUG o.s.t.c.s.AbstractGenericContextLoader - Loading ApplicationContext for merged context configuration [[MergedContextConfiguration@52b06bef testClass = PersonRepositoryIntegrationTests, locations = '{}', classes = '{class org.springframework.data.aerospike.repository.TestConfigPerson}', contextInitializerClasses = '[]', activeProfiles = '{}', propertySourceLocations = '{}', propertySourceProperties = '{}', contextLoader = 'org.springframework.test.context.support.DelegatingSmartContextLoader', parent = [null]]].
16:38:25.840 [main] DEBUG o.s.core.env.StandardEnvironment - Adding [systemProperties] PropertySource with lowest search precedence
16:38:25.840 [main] DEBUG o.s.core.env.StandardEnvironment - Adding [systemEnvironment] PropertySource with lowest search precedence
16:38:25.840 [main] DEBUG o.s.core.env.StandardEnvironment - Initialized StandardEnvironment with PropertySources [systemProperties,systemEnvironment]
16:38:25.840 [main] DEBUG o.s.t.c.s.AnnotationConfigContextLoader - Registering annotated classes: {class org.springframework.data.aerospike.repository.TestConfigPerson}
16:38:25.840 [main] INFO  o.s.c.s.GenericApplicationContext - Refreshing org.springframework.context.support.GenericApplicationContext@353e6389: startup date [Tue Oct 04 16:38:25 BRT 2016]; root of context hierarchy
16:38:25.840 [main] DEBUG o.s.c.s.GenericApplicationContext - Bean factory for org.springframework.context.support.GenericApplicationContext@353e6389: org.springframework.beans.factory.support.DefaultListableBeanFactory@15e8f9b2: defining beans [org.springframework.context.annotation.internalConfigurationAnnotationProcessor,org.springframework.context.annotation.internalAutowiredAnnotationProcessor,org.springframework.context.annotation.internalRequiredAnnotationProcessor,org.springframework.context.annotation.internalCommonAnnotationProcessor,testConfigPerson]; root of factory hierarchy
16:38:25.841 [main] DEBUG o.s.b.f.s.DefaultListableBeanFactory - Creating shared instance of singleton bean 'org.springframework.context.annotation.internalConfigurationAnnotationProcessor'
16:38:25.841 [main] DEBUG o.s.b.f.s.DefaultListableBeanFactory - Creating instance of bean 'org.springframework.context.annotation.internalConfigurationAnnotationProcessor'
16:38:25.841 [main] DEBUG o.s.b.f.s.DefaultListableBeanFactory - Eagerly caching bean 'org.springframework.context.annotation.internalConfigurationAnnotationProcessor' to allow for resolving potential circular references
16:38:25.841 [main] DEBUG o.s.b.f.s.DefaultListableBeanFactory - Finished creating instance of bean 'org.springframework.context.annotation.internalConfigurationAnnotationProcessor'
16:38:25.841 [main] DEBUG o.s.c.a.ConfigurationClassBeanDefinitionReader - Registering bean definition for @Bean method org.springframework.data.aerospike.repository.TestConfigPerson.aerospikeTemplate()
16:38:25.841 [main] DEBUG o.s.c.a.ConfigurationClassBeanDefinitionReader - Registering bean definition for @Bean method org.springframework.data.aerospike.repository.TestConfigPerson.aerospikeClient()
16:38:25.842 [main] DEBUG o.s.core.env.StandardEnvironment - Adding [systemProperties] PropertySource with lowest search precedence
16:38:25.842 [main] DEBUG o.s.core.env.StandardEnvironment - Adding [systemEnvironment] PropertySource with lowest search precedence
16:38:25.842 [main] DEBUG o.s.core.env.StandardEnvironment - Initialized StandardEnvironment with PropertySources [systemProperties,systemEnvironment]
16:38:25.842 [main] DEBUG o.s.c.i.s.PathMatchingResourcePatternResolver - Looking for matching resources in directory tree [/home/aluno/spring-projects/maven/spring-data-aerospike/target/test-classes/org/springframework/data]
16:38:25.842 [main] DEBUG o.s.c.i.s.PathMatchingResourcePatternResolver - Searching directory [/home/aluno/spring-projects/maven/spring-data-aerospike/target/test-classes/org/springframework/data] for files matching pattern [/home/aluno/spring-projects/maven/spring-data-aerospike/target/test-classes/org/springframework/data/**/repository/support/**/*.class]
16:38:25.842 [main] DEBUG o.s.c.i.s.PathMatchingResourcePatternResolver - Searching directory [/home/aluno/spring-projects/maven/spring-data-aerospike/target/test-classes/org/springframework/data/keyvalue] for files matching pattern [/home/aluno/spring-projects/maven/spring-data-aerospike/target/test-classes/org/springframework/data/**/repository/support/**/*.class]
16:38:25.842 [main] DEBUG o.s.c.i.s.PathMatchingResourcePatternResolver - Searching directory [/home/aluno/spring-projects/maven/spring-data-aerospike/target/test-classes/org/springframework/data/keyvalue/repository] for files matching pattern [/home/aluno/spring-projects/maven/spring-data-aerospike/target/test-classes/org/springframework/data/**/repository/support/**/*.class]
16:38:25.842 [main] DEBUG o.s.c.i.s.PathMatchingResourcePatternResolver - Searching directory [/home/aluno/spring-projects/maven/spring-data-aerospike/target/test-classes/org/springframework/data/keyvalue/repository/query] for files matching pattern [/home/aluno/spring-projects/maven/spring-data-aerospike/target/test-classes/org/springframework/data/**/repository/support/**/*.class]
16:38:25.843 [main] DEBUG o.s.c.i.s.PathMatchingResourcePatternResolver - Searching directory [/home/aluno/spring-projects/maven/spring-data-aerospike/target/test-classes/org/springframework/data/aerospike] for files matching pattern [/home/aluno/spring-projects/maven/spring-data-aerospike/target/test-classes/org/springframework/data/**/repository/support/**/*.class]
16:38:25.843 [main] DEBUG o.s.c.i.s.PathMatchingResourcePatternResolver - Searching directory [/home/aluno/spring-projects/maven/spring-data-aerospike/target/test-classes/org/springframework/data/aerospike/mapping] for files matching pattern [/home/aluno/spring-projects/maven/spring-data-aerospike/target/test-classes/org/springframework/data/**/repository/support/**/*.class]
16:38:25.843 [main] DEBUG o.s.c.i.s.PathMatchingResourcePatternResolver - Searching directory [/home/aluno/spring-projects/maven/spring-data-aerospike/target/test-classes/org/springframework/data/aerospike/core] for files matching pattern [/home/aluno/spring-projects/maven/spring-data-aerospike/target/test-classes/org/springframework/data/**/repository/support/**/*.class]
16:38:25.843 [main] DEBUG o.s.c.i.s.PathMatchingResourcePatternResolver - Searching directory [/home/aluno/spring-projects/maven/spring-data-aerospike/target/test-classes/org/springframework/data/aerospike/convert] for files matching pattern [/home/aluno/spring-projects/maven/spring-data-aerospike/target/test-classes/org/springframework/data/**/repository/support/**/*.class]
16:38:25.845 [main] DEBUG o.s.c.i.s.PathMatchingResourcePatternResolver - Searching directory [/home/aluno/spring-projects/maven/spring-data-aerospike/target/test-classes/org/springframework/data/aerospike/sample] for files matching pattern [/home/aluno/spring-projects/maven/spring-data-aerospike/target/test-classes/org/springframework/data/**/repository/support/**/*.class]
16:38:25.845 [main] DEBUG o.s.c.i.s.PathMatchingResourcePatternResolver - Searching directory [/home/aluno/spring-projects/maven/spring-data-aerospike/target/test-classes/org/springframework/data/aerospike/repository] for files matching pattern [/home/aluno/spring-projects/maven/spring-data-aerospike/target/test-classes/org/springframework/data/**/repository/support/**/*.class]
16:38:25.845 [main] DEBUG o.s.c.i.s.PathMatchingResourcePatternResolver - Searching directory [/home/aluno/spring-projects/maven/spring-data-aerospike/target/test-classes/org/springframework/data/aerospike/repository/support] for files matching pattern [/home/aluno/spring-projects/maven/spring-data-aerospike/target/test-classes/org/springframework/data/**/repository/support/**/*.class]
16:38:25.845 [main] DEBUG o.s.c.i.s.PathMatchingResourcePatternResolver - Searching directory [/home/aluno/spring-projects/maven/spring-data-aerospike/target/test-classes/org/springframework/data/aerospike/repository/query] for files matching pattern [/home/aluno/spring-projects/maven/spring-data-aerospike/target/test-classes/org/springframework/data/**/repository/support/**/*.class]
16:38:25.846 [main] DEBUG o.s.c.i.s.PathMatchingResourcePatternResolver - Searching directory [/home/aluno/spring-projects/maven/spring-data-aerospike/target/test-classes/org/springframework/data/aerospike/config] for files matching pattern [/home/aluno/spring-projects/maven/spring-data-aerospike/target/test-classes/org/springframework/data/**/repository/support/**/*.class]
16:38:25.846 [main] DEBUG o.s.c.i.s.PathMatchingResourcePatternResolver - Searching directory [/home/aluno/spring-projects/maven/spring-data-aerospike/target/test-classes/org/springframework/data/aerospike/cache] for files matching pattern [/home/aluno/spring-projects/maven/spring-data-aerospike/target/test-classes/org/springframework/data/**/repository/support/**/*.class]
16:38:25.846 [main] DEBUG o.s.c.i.s.PathMatchingResourcePatternResolver - Looking for matching resources in directory tree [/home/aluno/spring-projects/maven/spring-data-aerospike/target/classes/org/springframework/data]
16:38:25.846 [main] DEBUG o.s.c.i.s.PathMatchingResourcePatternResolver - Searching directory [/home/aluno/spring-projects/maven/spring-data-aerospike/target/classes/org/springframework/data] for files matching pattern [/home/aluno/spring-projects/maven/spring-data-aerospike/target/classes/org/springframework/data/**/repository/support/**/*.class]
16:38:25.846 [main] DEBUG o.s.c.i.s.PathMatchingResourcePatternResolver - Searching directory [/home/aluno/spring-projects/maven/spring-data-aerospike/target/classes/org/springframework/data/aerospike] for files matching pattern [/home/aluno/spring-projects/maven/spring-data-aerospike/target/classes/org/springframework/data/**/repository/support/**/*.class]
16:38:25.846 [main] DEBUG o.s.c.i.s.PathMatchingResourcePatternResolver - Searching directory [/home/aluno/spring-projects/maven/spring-data-aerospike/target/classes/org/springframework/data/aerospike/mapping] for files matching pattern [/home/aluno/spring-projects/maven/spring-data-aerospike/target/classes/org/springframework/data/**/repository/support/**/*.class]
16:38:25.846 [main] DEBUG o.s.c.i.s.PathMatchingResourcePatternResolver - Searching directory [/home/aluno/spring-projects/maven/spring-data-aerospike/target/classes/org/springframework/data/aerospike/core] for files matching pattern [/home/aluno/spring-projects/maven/spring-data-aerospike/target/classes/org/springframework/data/**/repository/support/**/*.class]
16:38:25.847 [main] DEBUG o.s.c.i.s.PathMatchingResourcePatternResolver - Searching directory [/home/aluno/spring-projects/maven/spring-data-aerospike/target/classes/org/springframework/data/aerospike/convert] for files matching pattern [/home/aluno/spring-projects/maven/spring-data-aerospike/target/classes/org/springframework/data/**/repository/support/**/*.class]
16:38:25.847 [main] DEBUG o.s.c.i.s.PathMatchingResourcePatternResolver - Searching directory [/home/aluno/spring-projects/maven/spring-data-aerospike/target/classes/org/springframework/data/aerospike/example] for files matching pattern [/home/aluno/spring-projects/maven/spring-data-aerospike/target/classes/org/springframework/data/**/repository/support/**/*.class]
16:38:25.847 [main] DEBUG o.s.c.i.s.PathMatchingResourcePatternResolver - Searching directory [/home/aluno/spring-projects/maven/spring-data-aerospike/target/classes/org/springframework/data/aerospike/example/data] for files matching pattern [/home/aluno/spring-projects/maven/spring-data-aerospike/target/classes/org/springframework/data/**/repository/support/**/*.class]
16:38:25.847 [main] DEBUG o.s.c.i.s.PathMatchingResourcePatternResolver - Searching directory [/home/aluno/spring-projects/maven/spring-data-aerospike/target/classes/org/springframework/data/aerospike/example/config] for files matching pattern [/home/aluno/spring-projects/maven/spring-data-aerospike/target/classes/org/springframework/data/**/repository/support/**/*.class]
16:38:25.847 [main] DEBUG o.s.c.i.s.PathMatchingResourcePatternResolver - Searching directory [/home/aluno/spring-projects/maven/spring-data-aerospike/target/classes/org/springframework/data/aerospike/annotation] for files matching pattern [/home/aluno/spring-projects/maven/spring-data-aerospike/target/classes/org/springframework/data/**/repository/support/**/*.class]
16:38:25.847 [main] DEBUG o.s.c.i.s.PathMatchingResourcePatternResolver - Searching directory [/home/aluno/spring-projects/maven/spring-data-aerospike/target/classes/org/springframework/data/aerospike/repository] for files matching pattern [/home/aluno/spring-projects/maven/spring-data-aerospike/target/classes/org/springframework/data/**/repository/support/**/*.class]
16:38:25.847 [main] DEBUG o.s.c.i.s.PathMatchingResourcePatternResolver - Searching directory [/home/aluno/spring-projects/maven/spring-data-aerospike/target/classes/org/springframework/data/aerospike/repository/support] for files matching pattern [/home/aluno/spring-projects/maven/spring-data-aerospike/target/classes/org/springframework/data/**/repository/support/**/*.class]
16:38:25.848 [main] DEBUG o.s.c.i.s.PathMatchingResourcePatternResolver - Searching directory [/home/aluno/spring-projects/maven/spring-data-aerospike/target/classes/org/springframework/data/aerospike/repository/config] for files matching pattern [/home/aluno/spring-projects/maven/spring-data-aerospike/target/classes/org/springframework/data/**/repository/support/**/*.class]
16:38:25.848 [main] DEBUG o.s.c.i.s.PathMatchingResourcePatternResolver - Searching directory [/home/aluno/spring-projects/maven/spring-data-aerospike/target/classes/org/springframework/data/aerospike/repository/query] for files matching pattern [/home/aluno/spring-projects/maven/spring-data-aerospike/target/classes/org/springframework/data/**/repository/support/**/*.class]
16:38:25.848 [main] DEBUG o.s.c.i.s.PathMatchingResourcePatternResolver - Searching directory [/home/aluno/spring-projects/maven/spring-data-aerospike/target/classes/org/springframework/data/aerospike/config] for files matching pattern [/home/aluno/spring-projects/maven/spring-data-aerospike/target/classes/org/springframework/data/**/repository/support/**/*.class]
16:38:25.848 [main] DEBUG o.s.c.i.s.PathMatchingResourcePatternResolver - Searching directory [/home/aluno/spring-projects/maven/spring-data-aerospike/target/classes/org/springframework/data/aerospike/cache] for files matching pattern [/home/aluno/spring-projects/maven/spring-data-aerospike/target/classes/org/springframework/data/**/repository/support/**/*.class]
16:38:25.848 [main] DEBUG o.s.c.i.s.PathMatchingResourcePatternResolver - Searching directory [/home/aluno/spring-projects/maven/spring-data-aerospike/target/classes/org/springframework/data/aerospike/utility] for files matching pattern [/home/aluno/spring-projects/maven/spring-data-aerospike/target/classes/org/springframework/data/**/repository/support/**/*.class]
16:38:25.848 [main] DEBUG o.s.c.i.s.PathMatchingResourcePatternResolver - Looking for matching resources in jar file [file:/home/aluno/.m2/repository/org/springframework/data/spring-data-commons/1.11.0.RELEASE/spring-data-commons-1.11.0.RELEASE.jar]
16:38:25.849 [main] DEBUG o.s.c.i.s.PathMatchingResourcePatternResolver - Looking for matching resources in jar file [file:/home/aluno/.m2/repository/org/springframework/data/spring-data-keyvalue/1.0.0.M1/spring-data-keyvalue-1.0.0.M1.jar]
16:38:25.850 [main] DEBUG o.s.c.i.s.PathMatchingResourcePatternResolver - Resolved location pattern [classpath*:org/springframework/data/**/repository/support/**/*.class] to resources [file [/home/aluno/spring-projects/maven/spring-data-aerospike/target/test-classes/org/springframework/data/aerospike/repository/support/SimpleAerospikeRepositoryTest$5.class], file [/home/aluno/spring-projects/maven/spring-data-aerospike/target/test-classes/org/springframework/data/aerospike/repository/support/SimpleAerospikeRepositoryTest$9.class], file [/home/aluno/spring-projects/maven/spring-data-aerospike/target/test-classes/org/springframework/data/aerospike/repository/support/SimpleAerospikeRepositoryTest$4.class], file [/home/aluno/spring-projects/maven/spring-data-aerospike/target/test-classes/org/springframework/data/aerospike/repository/support/AerospikeRepositoryFactoryTest.class], file [/home/aluno/spring-projects/maven/spring-data-aerospike/target/test-classes/org/springframework/data/aerospike/repository/support/SimpleAerospikeRepositoryTest.class], file [/home/aluno/spring-projects/maven/spring-data-aerospike/target/test-classes/org/springframework/data/aerospike/repository/support/SimpleAerospikeRepositoryTest$1.class], file [/home/aluno/spring-projects/maven/spring-data-aerospike/target/test-classes/org/springframework/data/aerospike/repository/support/SimpleAerospikeRepositoryTest$3.class], file [/home/aluno/spring-projects/maven/spring-data-aerospike/target/test-classes/org/springframework/data/aerospike/repository/support/SimpleAerospikeRepositoryTest$8.class], file [/home/aluno/spring-projects/maven/spring-data-aerospike/target/test-classes/org/springframework/data/aerospike/repository/support/SimpleAerospikeRepositoryTest$6.class], file [/home/aluno/spring-projects/maven/spring-data-aerospike/target/test-classes/org/springframework/data/aerospike/repository/support/SimpleAerospikeRepositoryTest$2.class], file [/home/aluno/spring-projects/maven/spring-data-aerospike/target/test-classes/org/springframework/data/aerospike/repository/support/AllTests.class], file [/home/aluno/spring-projects/maven/spring-data-aerospike/target/test-classes/org/springframework/data/aerospike/repository/support/SimpleAerospikeRepositoryTest$7.class], file [/home/aluno/spring-projects/maven/spring-data-aerospike/target/classes/org/springframework/data/aerospike/repository/support/AerospikeRepositoryFactoryBean.class], file [/home/aluno/spring-projects/maven/spring-data-aerospike/target/classes/org/springframework/data/aerospike/repository/support/AerospikeRepositoryFactory$AerospikeQueryLookupStrategy.class], file [/home/aluno/spring-projects/maven/spring-data-aerospike/target/classes/org/springframework/data/aerospike/repository/support/AerospikeRepositoryFactory.class], file [/home/aluno/spring-projects/maven/spring-data-aerospike/target/classes/org/springframework/data/aerospike/repository/support/SimpleAerospikeRepository.class], URL [jar:file:/home/aluno/.m2/repository/org/springframework/data/spring-data-commons/1.11.0.RELEASE/spring-data-commons-1.11.0.RELEASE.jar!/org/springframework/data/repository/support/DomainClassConverter$ConversionMatchAbbreviationException.class], URL [jar:file:/home/aluno/.m2/repository/org/springframework/data/spring-data-commons/1.11.0.RELEASE/spring-data-commons-1.11.0.RELEASE.jar!/org/springframework/data/repository/support/DomainClassConverter$ToIdConverter.class], URL [jar:file:/home/aluno/.m2/repository/org/springframework/data/spring-data-commons/1.11.0.RELEASE/spring-data-commons-1.11.0.RELEASE.jar!/org/springframework/data/repository/support/Repositories$EmptyRepositoryFactoryInformation.class], URL [jar:file:/home/aluno/.m2/repository/org/springframework/data/spring-data-commons/1.11.0.RELEASE/spring-data-commons-1.11.0.RELEASE.jar!/org/springframework/data/repository/support/PagingAndSortingRepositoryInvoker.class], URL [jar:file:/home/aluno/.m2/repository/org/springframework/data/spring-data-commons/1.11.0.RELEASE/spring-data-commons-1.11.0.RELEASE.jar!/org/springframework/data/repository/support/QueryMethodParameterConversionException.class], URL [jar:file:/home/aluno/.m2/repository/org/springframework/data/spring-data-commons/1.11.0.RELEASE/spring-data-commons-1.11.0.RELEASE.jar!/org/springframework/data/repository/support/MethodParameters.class], URL [jar:file:/home/aluno/.m2/repository/org/springframework/data/spring-data-commons/1.11.0.RELEASE/spring-data-commons-1.11.0.RELEASE.jar!/org/springframework/data/repository/support/RepositoryInvoker.class], URL [jar:file:/home/aluno/.m2/repository/org/springframework/data/spring-data-commons/1.11.0.RELEASE/spring-data-commons-1.11.0.RELEASE.jar!/org/springframework/data/repository/support/RepositoryInvokerFactory.class], URL [jar:file:/home/aluno/.m2/repository/org/springframework/data/spring-data-commons/1.11.0.RELEASE/spring-data-commons-1.11.0.RELEASE.jar!/org/springframework/data/repository/support/DomainClassPropertyEditorRegistrar.class], URL [jar:file:/home/aluno/.m2/repository/org/springframework/data/spring-data-commons/1.11.0.RELEASE/spring-data-commons-1.11.0.RELEASE.jar!/org/springframework/data/repository/support/AnnotationAttribute.class], URL [jar:file:/home/aluno/.m2/repository/org/springframework/data/spring-data-commons/1.11.0.RELEASE/spring-data-commons-1.11.0.RELEASE.jar!/org/springframework/data/repository/support/DefaultRepositoryInvokerFactory.class], URL [jar:file:/home/aluno/.m2/repository/org/springframework/data/spring-data-commons/1.11.0.RELEASE/spring-data-commons-1.11.0.RELEASE.jar!/org/springframework/data/repository/support/MethodParameters$AnnotationNamingMethodParameter.class], URL [jar:file:/home/aluno/.m2/repository/org/springframework/data/spring-data-commons/1.11.0.RELEASE/spring-data-commons-1.11.0.RELEASE.jar!/org/springframework/data/repository/support/CrudRepositoryInvoker.class], URL [jar:file:/home/aluno/.m2/repository/org/springframework/data/spring-data-commons/1.11.0.RELEASE/spring-data-commons-1.11.0.RELEASE.jar!/org/springframework/data/repository/support/Repositories.class], URL [jar:file:/home/aluno/.m2/repository/org/springframework/data/spring-data-commons/1.11.0.RELEASE/spring-data-commons-1.11.0.RELEASE.jar!/org/springframework/data/repository/support/DomainClassConverter$ToEntityConverter.class], URL [jar:file:/home/aluno/.m2/repository/org/springframework/data/spring-data-commons/1.11.0.RELEASE/spring-data-commons-1.11.0.RELEASE.jar!/org/springframework/data/repository/support/ReflectionRepositoryInvoker.class], URL [jar:file:/home/aluno/.m2/repository/org/springframework/data/spring-data-commons/1.11.0.RELEASE/spring-data-commons-1.11.0.RELEASE.jar!/org/springframework/data/repository/support/DomainClassPropertyEditor.class], URL [jar:file:/home/aluno/.m2/repository/org/springframework/data/spring-data-commons/1.11.0.RELEASE/spring-data-commons-1.11.0.RELEASE.jar!/org/springframework/data/repository/support/DomainClassConverter.class], URL [jar:file:/home/aluno/.m2/repository/org/springframework/data/spring-data-commons/1.11.0.RELEASE/spring-data-commons-1.11.0.RELEASE.jar!/org/springframework/data/repository/support/DomainClassConverter$1.class], URL [jar:file:/home/aluno/.m2/repository/org/springframework/data/spring-data-commons/1.11.0.RELEASE/spring-data-commons-1.11.0.RELEASE.jar!/org/springframework/data/repository/support/RepositoryInvocationInformation.class], URL [jar:file:/home/aluno/.m2/repository/org/springframework/data/spring-data-keyvalue/1.0.0.M1/spring-data-keyvalue-1.0.0.M1.jar!/org/springframework/data/keyvalue/repository/support/KeyValueRepositoryFactory$KeyValueQueryLookupStrategy.class], URL [jar:file:/home/aluno/.m2/repository/org/springframework/data/spring-data-keyvalue/1.0.0.M1/spring-data-keyvalue-1.0.0.M1.jar!/org/springframework/data/keyvalue/repository/support/QuerydslKeyValueRepository.class], URL [jar:file:/home/aluno/.m2/repository/org/springframework/data/spring-data-keyvalue/1.0.0.M1/spring-data-keyvalue-1.0.0.M1.jar!/org/springframework/data/keyvalue/repository/support/KeyValueRepositoryFactoryBean.class], URL [jar:file:/home/aluno/.m2/repository/org/springframework/data/spring-data-keyvalue/1.0.0.M1/spring-data-keyvalue-1.0.0.M1.jar!/org/springframework/data/keyvalue/repository/support/KeyValueQuerydslUtils$1.class], URL [jar:file:/home/aluno/.m2/repository/org/springframework/data/spring-data-keyvalue/1.0.0.M1/spring-data-keyvalue-1.0.0.M1.jar!/org/springframework/data/keyvalue/repository/support/KeyValueQuerydslUtils.class], URL [jar:file:/home/aluno/.m2/repository/org/springframework/data/spring-data-keyvalue/1.0.0.M1/spring-data-keyvalue-1.0.0.M1.jar!/org/springframework/data/keyvalue/repository/support/KeyValueRepositoryFactory.class], URL [jar:file:/home/aluno/.m2/repository/org/springframework/data/spring-data-keyvalue/1.0.0.M1/spring-data-keyvalue-1.0.0.M1.jar!/org/springframework/data/keyvalue/repository/support/SimpleKeyValueRepository.class]]
16:38:25.851 [main] DEBUG o.s.c.a.ClassPathScanningCandidateComponentProvider - Identified candidate component class: file [/home/aluno/spring-projects/maven/spring-data-aerospike/target/classes/org/springframework/data/aerospike/repository/support/AerospikeRepositoryFactory.class]
16:38:25.857 [main] DEBUG o.s.c.a.ClassPathScanningCandidateComponentProvider - Identified candidate component class: URL [jar:file:/home/aluno/.m2/repository/org/springframework/data/spring-data-keyvalue/1.0.0.M1/spring-data-keyvalue-1.0.0.M1.jar!/org/springframework/data/keyvalue/repository/support/KeyValueRepositoryFactory.class]
16:38:25.858 [main] DEBUG o.s.d.r.c.RepositoryConfigurationDelegate - Multiple Spring Data modules found, entering strict repository configuration mode!
16:38:25.858 [main] DEBUG o.s.core.env.StandardEnvironment - Adding [systemProperties] PropertySource with lowest search precedence
16:38:25.858 [main] DEBUG o.s.core.env.StandardEnvironment - Adding [systemEnvironment] PropertySource with lowest search precedence
16:38:25.858 [main] DEBUG o.s.core.env.StandardEnvironment - Initialized StandardEnvironment with PropertySources [systemProperties,systemEnvironment]
16:38:25.858 [main] DEBUG o.s.c.i.s.PathMatchingResourcePatternResolver - Looking for matching resources in directory tree [/home/aluno/spring-projects/maven/spring-data-aerospike/target/test-classes/org/springframework/data/aerospike/repository]
16:38:25.858 [main] DEBUG o.s.c.i.s.PathMatchingResourcePatternResolver - Searching directory [/home/aluno/spring-projects/maven/spring-data-aerospike/target/test-classes/org/springframework/data/aerospike/repository] for files matching pattern [/home/aluno/spring-projects/maven/spring-data-aerospike/target/test-classes/org/springframework/data/aerospike/repository/**/*.class]
16:38:25.859 [main] DEBUG o.s.c.i.s.PathMatchingResourcePatternResolver - Searching directory [/home/aluno/spring-projects/maven/spring-data-aerospike/target/test-classes/org/springframework/data/aerospike/repository/support] for files matching pattern [/home/aluno/spring-projects/maven/spring-data-aerospike/target/test-classes/org/springframework/data/aerospike/repository/**/*.class]
16:38:25.859 [main] DEBUG o.s.c.i.s.PathMatchingResourcePatternResolver - Searching directory [/home/aluno/spring-projects/maven/spring-data-aerospike/target/test-classes/org/springframework/data/aerospike/repository/query] for files matching pattern [/home/aluno/spring-projects/maven/spring-data-aerospike/target/test-classes/org/springframework/data/aerospike/repository/**/*.class]
16:38:25.859 [main] DEBUG o.s.c.i.s.PathMatchingResourcePatternResolver - Looking for matching resources in directory tree [/home/aluno/spring-projects/maven/spring-data-aerospike/target/classes/org/springframework/data/aerospike/repository]
16:38:25.859 [main] DEBUG o.s.c.i.s.PathMatchingResourcePatternResolver - Searching directory [/home/aluno/spring-projects/maven/spring-data-aerospike/target/classes/org/springframework/data/aerospike/repository] for files matching pattern [/home/aluno/spring-projects/maven/spring-data-aerospike/target/classes/org/springframework/data/aerospike/repository/**/*.class]
16:38:25.859 [main] DEBUG o.s.c.i.s.PathMatchingResourcePatternResolver - Searching directory [/home/aluno/spring-projects/maven/spring-data-aerospike/target/classes/org/springframework/data/aerospike/repository/support] for files matching pattern [/home/aluno/spring-projects/maven/spring-data-aerospike/target/classes/org/springframework/data/aerospike/repository/**/*.class]
16:38:25.859 [main] DEBUG o.s.c.i.s.PathMatchingResourcePatternResolver - Searching directory [/home/aluno/spring-projects/maven/spring-data-aerospike/target/classes/org/springframework/data/aerospike/repository/config] for files matching pattern [/home/aluno/spring-projects/maven/spring-data-aerospike/target/classes/org/springframework/data/aerospike/repository/**/*.class]
16:38:25.859 [main] DEBUG o.s.c.i.s.PathMatchingResourcePatternResolver - Searching directory [/home/aluno/spring-projects/maven/spring-data-aerospike/target/classes/org/springframework/data/aerospike/repository/query] for files matching pattern [/home/aluno/spring-projects/maven/spring-data-aerospike/target/classes/org/springframework/data/aerospike/repository/**/*.class]
16:38:25.859 [main] DEBUG o.s.c.i.s.PathMatchingResourcePatternResolver - Resolved location pattern [classpath*:org/springframework/data/aerospike/repository/**/*.class] to resources [file [/home/aluno/spring-projects/maven/spring-data-aerospike/target/test-classes/org/springframework/data/aerospike/repository/Credentials.class], file [/home/aluno/spring-projects/maven/spring-data-aerospike/target/test-classes/org/springframework/data/aerospike/repository/AbstractPersonRepositoryIntegrationTests$1.class], file [/home/aluno/spring-projects/maven/spring-data-aerospike/target/test-classes/org/springframework/data/aerospike/repository/PersonRepository.class], file [/home/aluno/spring-projects/maven/spring-data-aerospike/target/test-classes/org/springframework/data/aerospike/repository/TestConfigPerson.class], file [/home/aluno/spring-projects/maven/spring-data-aerospike/target/test-classes/org/springframework/data/aerospike/repository/Address.class], file [/home/aluno/spring-projects/maven/spring-data-aerospike/target/test-classes/org/springframework/data/aerospike/repository/Person$Sex.class], file [/home/aluno/spring-projects/maven/spring-data-aerospike/target/test-classes/org/springframework/data/aerospike/repository/Person.class], file [/home/aluno/spring-projects/maven/spring-data-aerospike/target/test-classes/org/springframework/data/aerospike/repository/ContactRepository.class], file [/home/aluno/spring-projects/maven/spring-data-aerospike/target/test-classes/org/springframework/data/aerospike/repository/AbstractPersonRepositoryIntegrationTests.class], file [/home/aluno/spring-projects/maven/spring-data-aerospike/target/test-classes/org/springframework/data/aerospike/repository/User.class], file [/home/aluno/spring-projects/maven/spring-data-aerospike/target/test-classes/org/springframework/data/aerospike/repository/CustomerRepositoriesIntegrationTests$Config.class], file [/home/aluno/spring-projects/maven/spring-data-aerospike/target/test-classes/org/springframework/data/aerospike/repository/AnnotatedPerson.class], file [/home/aluno/spring-projects/maven/spring-data-aerospike/target/test-classes/org/springframework/data/aerospike/repository/support/SimpleAerospikeRepositoryTest$5.class], file [/home/aluno/spring-projects/maven/spring-data-aerospike/target/test-classes/org/springframework/data/aerospike/repository/support/SimpleAerospikeRepositoryTest$9.class], file [/home/aluno/spring-projects/maven/spring-data-aerospike/target/test-classes/org/springframework/data/aerospike/repository/support/SimpleAerospikeRepositoryTest$4.class], file [/home/aluno/spring-projects/maven/spring-data-aerospike/target/test-classes/org/springframework/data/aerospike/repository/support/AerospikeRepositoryFactoryTest.class], file [/home/aluno/spring-projects/maven/spring-data-aerospike/target/test-classes/org/springframework/data/aerospike/repository/support/SimpleAerospikeRepositoryTest.class], file [/home/aluno/spring-projects/maven/spring-data-aerospike/target/test-classes/org/springframework/data/aerospike/repository/support/SimpleAerospikeRepositoryTest$1.class], file [/home/aluno/spring-projects/maven/spring-data-aerospike/target/test-classes/org/springframework/data/aerospike/repository/support/SimpleAerospikeRepositoryTest$3.class], file [/home/aluno/spring-projects/maven/spring-data-aerospike/target/test-classes/org/springframework/data/aerospike/repository/support/SimpleAerospikeRepositoryTest$8.class], file [/home/aluno/spring-projects/maven/spring-data-aerospike/target/test-classes/org/springframework/data/aerospike/repository/support/SimpleAerospikeRepositoryTest$6.class], file [/home/aluno/spring-projects/maven/spring-data-aerospike/target/test-classes/org/springframework/data/aerospike/repository/support/SimpleAerospikeRepositoryTest$2.class], file [/home/aluno/spring-projects/maven/spring-data-aerospike/target/test-classes/org/springframework/data/aerospike/repository/support/AllTests.class], file [/home/aluno/spring-projects/maven/spring-data-aerospike/target/test-classes/org/springframework/data/aerospike/repository/support/SimpleAerospikeRepositoryTest$7.class], file [/home/aluno/spring-projects/maven/spring-data-aerospike/target/test-classes/org/springframework/data/aerospike/repository/Contact.class], file [/home/aluno/spring-projects/maven/spring-data-aerospike/target/test-classes/org/springframework/data/aerospike/repository/AllTests.class], file [/home/aluno/spring-projects/maven/spring-data-aerospike/target/test-classes/org/springframework/data/aerospike/repository/PersonRepositoryIntegrationTests.class], file [/home/aluno/spring-projects/maven/spring-data-aerospike/target/test-classes/org/springframework/data/aerospike/repository/query/StubParameterAccessor.class], file [/home/aluno/spring-projects/maven/spring-data-aerospike/target/test-classes/org/springframework/data/aerospike/repository/query/AllTests.class], file [/home/aluno/spring-projects/maven/spring-data-aerospike/target/test-classes/org/springframework/data/aerospike/repository/query/AerospikePartTreeQueryTest.class], file [/home/aluno/spring-projects/maven/spring-data-aerospike/target/test-classes/org/springframework/data/aerospike/repository/CustomerRepositoriesIntegrationTests.class], file [/home/aluno/spring-projects/maven/spring-data-aerospike/target/classes/org/springframework/data/aerospike/repository/AerospikeRepository.class], file [/home/aluno/spring-projects/maven/spring-data-aerospike/target/classes/org/springframework/data/aerospike/repository/support/AerospikeRepositoryFactoryBean.class], file [/home/aluno/spring-projects/maven/spring-data-aerospike/target/classes/org/springframework/data/aerospike/repository/support/AerospikeRepositoryFactory$AerospikeQueryLookupStrategy.class], file [/home/aluno/spring-projects/maven/spring-data-aerospike/target/classes/org/springframework/data/aerospike/repository/support/AerospikeRepositoryFactory.class], file [/home/aluno/spring-projects/maven/spring-data-aerospike/target/classes/org/springframework/data/aerospike/repository/support/SimpleAerospikeRepository.class], file [/home/aluno/spring-projects/maven/spring-data-aerospike/target/classes/org/springframework/data/aerospike/repository/config/AerospikeRepositoriesRegistrar.class], file [/home/aluno/spring-projects/maven/spring-data-aerospike/target/classes/org/springframework/data/aerospike/repository/config/EnableAerospikeRepositories.class], file [/home/aluno/spring-projects/maven/spring-data-aerospike/target/classes/org/springframework/data/aerospike/repository/config/AerospikeRepositoriesRegistrar$1.class], file [/home/aluno/spring-projects/maven/spring-data-aerospike/target/classes/org/springframework/data/aerospike/repository/config/AerospikeRepositoriesRegistrar$AerospikeRepositoryConfigurationExtension.class], file [/home/aluno/spring-projects/maven/spring-data-aerospike/target/classes/org/springframework/data/aerospike/repository/query/AerospikeParameterAccessor.class], file [/home/aluno/spring-projects/maven/spring-data-aerospike/target/classes/org/springframework/data/aerospike/repository/query/Query.class], file [/home/aluno/spring-projects/maven/spring-data-aerospike/target/classes/org/springframework/data/aerospike/repository/query/ConvertingParameterAccessor.class], file [/home/aluno/spring-projects/maven/spring-data-aerospike/target/classes/org/springframework/data/aerospike/repository/query/AerospikeQueryCreator$1.class], file [/home/aluno/spring-projects/maven/spring-data-aerospike/target/classes/org/springframework/data/aerospike/repository/query/CriteriaDefinition.class], file [/home/aluno/spring-projects/maven/spring-data-aerospike/target/classes/org/springframework/data/aerospike/repository/query/TextCriteria.class], file [/home/aluno/spring-projects/maven/spring-data-aerospike/target/classes/org/springframework/data/aerospike/repository/query/Criteria.class], file [/home/aluno/spring-projects/maven/spring-data-aerospike/target/classes/org/springframework/data/aerospike/repository/query/AerospikePartTreeQuery.class], file [/home/aluno/spring-projects/maven/spring-data-aerospike/target/classes/org/springframework/data/aerospike/repository/query/AerospikeQueryCreator.class]]
16:38:25.860 [main] DEBUG o.s.d.r.c.RepositoryComponentProvider - Identified candidate component class: file [/home/aluno/spring-projects/maven/spring-data-aerospike/target/test-classes/org/springframework/data/aerospike/repository/PersonRepository.class]
16:38:25.861 [main] DEBUG o.s.d.r.c.RepositoryComponentProvider - Identified candidate component class: file [/home/aluno/spring-projects/maven/spring-data-aerospike/target/test-classes/org/springframework/data/aerospike/repository/ContactRepository.class]
16:38:25.867 [main] DEBUG o.s.core.env.StandardEnvironment - Adding [systemProperties] PropertySource with lowest search precedence
16:38:25.867 [main] DEBUG o.s.core.env.StandardEnvironment - Adding [systemEnvironment] PropertySource with lowest search precedence
16:38:25.867 [main] DEBUG o.s.core.env.StandardEnvironment - Initialized StandardEnvironment with PropertySources [systemProperties,systemEnvironment]
16:38:25.867 [main] DEBUG o.s.c.i.s.PathMatchingResourcePatternResolver - Looking for matching resources in directory tree [/home/aluno/spring-projects/maven/spring-data-aerospike/target/test-classes/org/springframework/data/aerospike/repository]
16:38:25.867 [main] DEBUG o.s.c.i.s.PathMatchingResourcePatternResolver - Searching directory [/home/aluno/spring-projects/maven/spring-data-aerospike/target/test-classes/org/springframework/data/aerospike/repository] for files matching pattern [/home/aluno/spring-projects/maven/spring-data-aerospike/target/test-classes/org/springframework/data/aerospike/repository/**/*PersonRepositoryImpl.class]
16:38:25.867 [main] DEBUG o.s.c.i.s.PathMatchingResourcePatternResolver - Searching directory [/home/aluno/spring-projects/maven/spring-data-aerospike/target/test-classes/org/springframework/data/aerospike/repository/support] for files matching pattern [/home/aluno/spring-projects/maven/spring-data-aerospike/target/test-classes/org/springframework/data/aerospike/repository/**/*PersonRepositoryImpl.class]
16:38:25.867 [main] DEBUG o.s.c.i.s.PathMatchingResourcePatternResolver - Searching directory [/home/aluno/spring-projects/maven/spring-data-aerospike/target/test-classes/org/springframework/data/aerospike/repository/query] for files matching pattern [/home/aluno/spring-projects/maven/spring-data-aerospike/target/test-classes/org/springframework/data/aerospike/repository/**/*PersonRepositoryImpl.class]
16:38:25.867 [main] DEBUG o.s.c.i.s.PathMatchingResourcePatternResolver - Looking for matching resources in directory tree [/home/aluno/spring-projects/maven/spring-data-aerospike/target/classes/org/springframework/data/aerospike/repository]
16:38:25.867 [main] DEBUG o.s.c.i.s.PathMatchingResourcePatternResolver - Searching directory [/home/aluno/spring-projects/maven/spring-data-aerospike/target/classes/org/springframework/data/aerospike/repository] for files matching pattern [/home/aluno/spring-projects/maven/spring-data-aerospike/target/classes/org/springframework/data/aerospike/repository/**/*PersonRepositoryImpl.class]
16:38:25.867 [main] DEBUG o.s.c.i.s.PathMatchingResourcePatternResolver - Searching directory [/home/aluno/spring-projects/maven/spring-data-aerospike/target/classes/org/springframework/data/aerospike/repository/support] for files matching pattern [/home/aluno/spring-projects/maven/spring-data-aerospike/target/classes/org/springframework/data/aerospike/repository/**/*PersonRepositoryImpl.class]
16:38:25.868 [main] DEBUG o.s.c.i.s.PathMatchingResourcePatternResolver - Searching directory [/home/aluno/spring-projects/maven/spring-data-aerospike/target/classes/org/springframework/data/aerospike/repository/config] for files matching pattern [/home/aluno/spring-projects/maven/spring-data-aerospike/target/classes/org/springframework/data/aerospike/repository/**/*PersonRepositoryImpl.class]
16:38:25.868 [main] DEBUG o.s.c.i.s.PathMatchingResourcePatternResolver - Searching directory [/home/aluno/spring-projects/maven/spring-data-aerospike/target/classes/org/springframework/data/aerospike/repository/query] for files matching pattern [/home/aluno/spring-projects/maven/spring-data-aerospike/target/classes/org/springframework/data/aerospike/repository/**/*PersonRepositoryImpl.class]
16:38:25.868 [main] DEBUG o.s.c.i.s.PathMatchingResourcePatternResolver - Resolved location pattern [classpath*:org/springframework/data/aerospike/repository/**/*PersonRepositoryImpl.class] to resources []
16:38:25.868 [main] DEBUG o.s.d.r.c.RepositoryConfigurationDelegate - Spring Data Aerospike - Registering repository: personRepository - Interface: org.springframework.data.aerospike.repository.PersonRepository - Factory: org.springframework.data.keyvalue.repository.support.KeyValueRepositoryFactoryBean
16:38:25.868 [main] DEBUG o.s.core.env.StandardEnvironment - Adding [systemProperties] PropertySource with lowest search precedence
16:38:25.868 [main] DEBUG o.s.core.env.StandardEnvironment - Adding [systemEnvironment] PropertySource with lowest search precedence
16:38:25.868 [main] DEBUG o.s.core.env.StandardEnvironment - Initialized StandardEnvironment with PropertySources [systemProperties,systemEnvironment]
16:38:25.868 [main] DEBUG o.s.c.i.s.PathMatchingResourcePatternResolver - Looking for matching resources in directory tree [/home/aluno/spring-projects/maven/spring-data-aerospike/target/test-classes/org/springframework/data/aerospike/repository]
16:38:25.868 [main] DEBUG o.s.c.i.s.PathMatchingResourcePatternResolver - Searching directory [/home/aluno/spring-projects/maven/spring-data-aerospike/target/test-classes/org/springframework/data/aerospike/repository] for files matching pattern [/home/aluno/spring-projects/maven/spring-data-aerospike/target/test-classes/org/springframework/data/aerospike/repository/**/*ContactRepositoryImpl.class]
16:38:25.868 [main] DEBUG o.s.c.i.s.PathMatchingResourcePatternResolver - Searching directory [/home/aluno/spring-projects/maven/spring-data-aerospike/target/test-classes/org/springframework/data/aerospike/repository/support] for files matching pattern [/home/aluno/spring-projects/maven/spring-data-aerospike/target/test-classes/org/springframework/data/aerospike/repository/**/*ContactRepositoryImpl.class]
16:38:25.869 [main] DEBUG o.s.c.i.s.PathMatchingResourcePatternResolver - Searching directory [/home/aluno/spring-projects/maven/spring-data-aerospike/target/test-classes/org/springframework/data/aerospike/repository/query] for files matching pattern [/home/aluno/spring-projects/maven/spring-data-aerospike/target/test-classes/org/springframework/data/aerospike/repository/**/*ContactRepositoryImpl.class]
16:38:25.869 [main] DEBUG o.s.c.i.s.PathMatchingResourcePatternResolver - Looking for matching resources in directory tree [/home/aluno/spring-projects/maven/spring-data-aerospike/target/classes/org/springframework/data/aerospike/repository]
16:38:25.869 [main] DEBUG o.s.c.i.s.PathMatchingResourcePatternResolver - Searching directory [/home/aluno/spring-projects/maven/spring-data-aerospike/target/classes/org/springframework/data/aerospike/repository] for files matching pattern [/home/aluno/spring-projects/maven/spring-data-aerospike/target/classes/org/springframework/data/aerospike/repository/**/*ContactRepositoryImpl.class]
16:38:25.869 [main] DEBUG o.s.c.i.s.PathMatchingResourcePatternResolver - Searching directory [/home/aluno/spring-projects/maven/spring-data-aerospike/target/classes/org/springframework/data/aerospike/repository/support] for files matching pattern [/home/aluno/spring-projects/maven/spring-data-aerospike/target/classes/org/springframework/data/aerospike/repository/**/*ContactRepositoryImpl.class]
16:38:25.869 [main] DEBUG o.s.c.i.s.PathMatchingResourcePatternResolver - Searching directory [/home/aluno/spring-projects/maven/spring-data-aerospike/target/classes/org/springframework/data/aerospike/repository/config] for files matching pattern [/home/aluno/spring-projects/maven/spring-data-aerospike/target/classes/org/springframework/data/aerospike/repository/**/*ContactRepositoryImpl.class]
16:38:25.869 [main] DEBUG o.s.c.i.s.PathMatchingResourcePatternResolver - Searching directory [/home/aluno/spring-projects/maven/spring-data-aerospike/target/classes/org/springframework/data/aerospike/repository/query] for files matching pattern [/home/aluno/spring-projects/maven/spring-data-aerospike/target/classes/org/springframework/data/aerospike/repository/**/*ContactRepositoryImpl.class]
16:38:25.869 [main] DEBUG o.s.c.i.s.PathMatchingResourcePatternResolver - Resolved location pattern [classpath*:org/springframework/data/aerospike/repository/**/*ContactRepositoryImpl.class] to resources []
16:38:25.869 [main] DEBUG o.s.d.r.c.RepositoryConfigurationDelegate - Spring Data Aerospike - Registering repository: contactRepository - Interface: org.springframework.data.aerospike.repository.ContactRepository - Factory: org.springframework.data.keyvalue.repository.support.KeyValueRepositoryFactoryBean
16:38:25.870 [main] DEBUG o.s.c.a.ConfigurationClassEnhancer - Successfully enhanced org.springframework.data.aerospike.repository.TestConfigPerson; enhanced class name is: org.springframework.data.aerospike.repository.TestConfigPerson$$EnhancerBySpringCGLIB$$3f27a8da
16:38:25.870 [main] DEBUG o.s.c.a.ConfigurationClassPostProcessor - Replacing bean definition 'testConfigPerson' existing class name 'org.springframework.data.aerospike.repository.TestConfigPerson' with enhanced class name 'org.springframework.data.aerospike.repository.TestConfigPerson$$EnhancerBySpringCGLIB$$3f27a8da'
16:38:25.870 [main] DEBUG o.s.b.f.s.DefaultListableBeanFactory - Creating shared instance of singleton bean 'org.springframework.context.annotation.internalAutowiredAnnotationProcessor'
16:38:25.870 [main] DEBUG o.s.b.f.s.DefaultListableBeanFactory - Creating instance of bean 'org.springframework.context.annotation.internalAutowiredAnnotationProcessor'
16:38:25.870 [main] DEBUG o.s.b.f.s.DefaultListableBeanFactory - Eagerly caching bean 'org.springframework.context.annotation.internalAutowiredAnnotationProcessor' to allow for resolving potential circular references
16:38:25.870 [main] DEBUG o.s.b.f.s.DefaultListableBeanFactory - Finished creating instance of bean 'org.springframework.context.annotation.internalAutowiredAnnotationProcessor'
16:38:25.870 [main] DEBUG o.s.b.f.s.DefaultListableBeanFactory - Creating shared instance of singleton bean 'org.springframework.context.annotation.internalRequiredAnnotationProcessor'
16:38:25.870 [main] DEBUG o.s.b.f.s.DefaultListableBeanFactory - Creating instance of bean 'org.springframework.context.annotation.internalRequiredAnnotationProcessor'
16:38:25.870 [main] DEBUG o.s.b.f.s.DefaultListableBeanFactory - Eagerly caching bean 'org.springframework.context.annotation.internalRequiredAnnotationProcessor' to allow for resolving potential circular references
16:38:25.870 [main] DEBUG o.s.b.f.s.DefaultListableBeanFactory - Finished creating instance of bean 'org.springframework.context.annotation.internalRequiredAnnotationProcessor'
16:38:25.870 [main] DEBUG o.s.b.f.s.DefaultListableBeanFactory - Creating shared instance of singleton bean 'org.springframework.context.annotation.internalCommonAnnotationProcessor'
16:38:25.870 [main] DEBUG o.s.b.f.s.DefaultListableBeanFactory - Creating instance of bean 'org.springframework.context.annotation.internalCommonAnnotationProcessor'
16:38:25.870 [main] DEBUG o.s.b.f.s.DefaultListableBeanFactory - Eagerly caching bean 'org.springframework.context.annotation.internalCommonAnnotationProcessor' to allow for resolving potential circular references
16:38:25.870 [main] DEBUG o.s.b.f.s.DefaultListableBeanFactory - Finished creating instance of bean 'org.springframework.context.annotation.internalCommonAnnotationProcessor'
16:38:25.870 [main] DEBUG o.s.b.f.s.DefaultListableBeanFactory - Creating shared instance of singleton bean 'org.springframework.context.annotation.ConfigurationClassPostProcessor.importAwareProcessor'
16:38:25.870 [main] DEBUG o.s.b.f.s.DefaultListableBeanFactory - Creating instance of bean 'org.springframework.context.annotation.ConfigurationClassPostProcessor.importAwareProcessor'
16:38:25.870 [main] DEBUG o.s.b.f.s.DefaultListableBeanFactory - Eagerly caching bean 'org.springframework.context.annotation.ConfigurationClassPostProcessor.importAwareProcessor' to allow for resolving potential circular references
16:38:25.870 [main] DEBUG o.s.b.f.s.DefaultListableBeanFactory - Finished creating instance of bean 'org.springframework.context.annotation.ConfigurationClassPostProcessor.importAwareProcessor'
16:38:25.870 [main] DEBUG o.s.b.f.s.DefaultListableBeanFactory - Creating shared instance of singleton bean 'org.springframework.context.annotation.ConfigurationClassPostProcessor.enhancedConfigurationProcessor'
16:38:25.870 [main] DEBUG o.s.b.f.s.DefaultListableBeanFactory - Creating instance of bean 'org.springframework.context.annotation.ConfigurationClassPostProcessor.enhancedConfigurationProcessor'
16:38:25.870 [main] DEBUG o.s.b.f.s.DefaultListableBeanFactory - Eagerly caching bean 'org.springframework.context.annotation.ConfigurationClassPostProcessor.enhancedConfigurationProcessor' to allow for resolving potential circular references
16:38:25.870 [main] DEBUG o.s.b.f.s.DefaultListableBeanFactory - Finished creating instance of bean 'org.springframework.context.annotation.ConfigurationClassPostProcessor.enhancedConfigurationProcessor'
16:38:25.871 [main] DEBUG o.s.b.f.s.DefaultListableBeanFactory - Creating shared instance of singleton bean 'org.springframework.data.repository.core.support.RepositoryInterfaceAwareBeanPostProcessor'
16:38:25.871 [main] DEBUG o.s.b.f.s.DefaultListableBeanFactory - Creating instance of bean 'org.springframework.data.repository.core.support.RepositoryInterfaceAwareBeanPostProcessor'
16:38:25.871 [main] DEBUG o.s.b.f.s.DefaultListableBeanFactory - Eagerly caching bean 'org.springframework.data.repository.core.support.RepositoryInterfaceAwareBeanPostProcessor' to allow for resolving potential circular references
16:38:25.871 [main] DEBUG o.s.b.f.s.DefaultListableBeanFactory - Finished creating instance of bean 'org.springframework.data.repository.core.support.RepositoryInterfaceAwareBeanPostProcessor'
16:38:25.871 [main] DEBUG o.s.c.s.GenericApplicationContext - Unable to locate MessageSource with name 'messageSource': using default [org.springframework.context.support.DelegatingMessageSource@50bc3219]
16:38:25.871 [main] DEBUG o.s.c.s.GenericApplicationContext - Unable to locate ApplicationEventMulticaster with name 'applicationEventMulticaster': using default [org.springframework.context.event.SimpleApplicationEventMulticaster@599f1b7]
16:38:25.871 [main] DEBUG o.s.b.f.s.DefaultListableBeanFactory - Pre-instantiating singletons in org.springframework.beans.factory.support.DefaultListableBeanFactory@15e8f9b2: defining beans [org.springframework.context.annotation.internalConfigurationAnnotationProcessor,org.springframework.context.annotation.internalAutowiredAnnotationProcessor,org.springframework.context.annotation.internalRequiredAnnotationProcessor,org.springframework.context.annotation.internalCommonAnnotationProcessor,testConfigPerson,org.springframework.context.annotation.ConfigurationClassPostProcessor.importAwareProcessor,org.springframework.context.annotation.ConfigurationClassPostProcessor.enhancedConfigurationProcessor,aerospikeTemplate,aerospikeClient,org.springframework.data.aerospike.repository.config.AerospikeRepositoriesRegistrar$AerospikeRepositoryConfigurationExtension#0,org.springframework.data.repository.core.support.RepositoryInterfaceAwareBeanPostProcessor,keyValueMappingContext,personRepository,contactRepository]; root of factory hierarchy
16:38:25.871 [main] DEBUG o.s.b.f.s.DefaultListableBeanFactory - Returning cached instance of singleton bean 'org.springframework.context.annotation.internalConfigurationAnnotationProcessor'
16:38:25.871 [main] DEBUG o.s.b.f.s.DefaultListableBeanFactory - Returning cached instance of singleton bean 'org.springframework.context.annotation.internalAutowiredAnnotationProcessor'
16:38:25.871 [main] DEBUG o.s.b.f.s.DefaultListableBeanFactory - Returning cached instance of singleton bean 'org.springframework.context.annotation.internalRequiredAnnotationProcessor'
16:38:25.871 [main] DEBUG o.s.b.f.s.DefaultListableBeanFactory - Returning cached instance of singleton bean 'org.springframework.context.annotation.internalCommonAnnotationProcessor'
16:38:25.871 [main] DEBUG o.s.b.f.s.DefaultListableBeanFactory - Creating shared instance of singleton bean 'testConfigPerson'
16:38:25.871 [main] DEBUG o.s.b.f.s.DefaultListableBeanFactory - Creating instance of bean 'testConfigPerson'
16:38:25.871 [main] DEBUG o.s.b.f.s.DefaultListableBeanFactory - Eagerly caching bean 'testConfigPerson' to allow for resolving potential circular references
16:38:25.871 [main] DEBUG o.s.b.f.s.DefaultListableBeanFactory - Finished creating instance of bean 'testConfigPerson'
16:38:25.871 [main] DEBUG o.s.b.f.s.DefaultListableBeanFactory - Returning cached instance of singleton bean 'org.springframework.context.annotation.ConfigurationClassPostProcessor.importAwareProcessor'
16:38:25.871 [main] DEBUG o.s.b.f.s.DefaultListableBeanFactory - Returning cached instance of singleton bean 'org.springframework.context.annotation.ConfigurationClassPostProcessor.enhancedConfigurationProcessor'
16:38:25.871 [main] DEBUG o.s.b.f.s.DefaultListableBeanFactory - Creating shared instance of singleton bean 'aerospikeTemplate'
16:38:25.871 [main] DEBUG o.s.b.f.s.DefaultListableBeanFactory - Creating instance of bean 'aerospikeTemplate'
16:38:25.871 [main] DEBUG o.s.b.f.s.DefaultListableBeanFactory - Returning cached instance of singleton bean 'testConfigPerson'
16:38:25.871 [main] DEBUG o.s.b.f.s.DefaultListableBeanFactory - Creating shared instance of singleton bean 'aerospikeClient'
16:38:25.871 [main] DEBUG o.s.b.f.s.DefaultListableBeanFactory - Creating instance of bean 'aerospikeClient'
16:38:25.871 [main] DEBUG o.s.b.f.s.DefaultListableBeanFactory - Returning cached instance of singleton bean 'testConfigPerson'
16:38:27.874 [main] DEBUG o.s.d.a.r.q.AerospikeQueryCreator - AS:Alias 52.41.32.83:3000 failed: Error Code 11: java.net.SocketTimeoutException: connect timed out
16:38:27.874 [main] WARN  o.s.d.a.r.q.AerospikeQueryCreator - AS:Seed 52.41.32.83:3000 failed: Error Code 11: java.net.SocketTimeoutException: connect timed out
16:38:27.876 [main] WARN  o.s.c.s.GenericApplicationContext - Exception encountered during context initialization - cancelling refresh attempt
org.springframework.beans.factory.BeanCreationException: Error creating bean with name 'aerospikeTemplate' defined in org.springframework.data.aerospike.repository.TestConfigPerson: Bean instantiation via factory method failed; nested exception is org.springframework.beans.BeanInstantiationException: Failed to instantiate [org.springframework.data.aerospike.core.AerospikeTemplate]: Factory method 'aerospikeTemplate' threw exception; nested exception is org.springframework.beans.factory.BeanCreationException: Error creating bean with name 'aerospikeClient' defined in org.springframework.data.aerospike.repository.TestConfigPerson: Bean instantiation via factory method failed; nested exception is org.springframework.beans.BeanInstantiationException: Failed to instantiate [com.aerospike.client.AerospikeClient]: Factory method 'aerospikeClient' threw exception; nested exception is com.aerospike.client.AerospikeException$Connection: Error Code 11: Failed to connect to host(s): 
52.41.32.83:3000 Error Code 11: java.net.SocketTimeoutException: connect timed out

	at org.springframework.beans.factory.support.ConstructorResolver.instantiateUsingFactoryMethod(ConstructorResolver.java:599) ~[spring-beans-4.1.7.RELEASE.jar:4.1.7.RELEASE]
	at org.springframework.beans.factory.support.AbstractAutowireCapableBeanFactory.instantiateUsingFactoryMethod(AbstractAutowireCapableBeanFactory.java:1119) ~[spring-beans-4.1.7.RELEASE.jar:4.1.7.RELEASE]
	at org.springframework.beans.factory.support.AbstractAutowireCapableBeanFactory.createBeanInstance(AbstractAutowireCapableBeanFactory.java:1014) ~[spring-beans-4.1.7.RELEASE.jar:4.1.7.RELEASE]
	at org.springframework.beans.factory.support.AbstractAutowireCapableBeanFactory.doCreateBean(AbstractAutowireCapableBeanFactory.java:504) ~[spring-beans-4.1.7.RELEASE.jar:4.1.7.RELEASE]
	at org.springframework.beans.factory.support.AbstractAutowireCapableBeanFactory.createBean(AbstractAutowireCapableBeanFactory.java:476) ~[spring-beans-4.1.7.RELEASE.jar:4.1.7.RELEASE]
	at org.springframework.beans.factory.support.AbstractBeanFactory$1.getObject(AbstractBeanFactory.java:303) ~[spring-beans-4.1.7.RELEASE.jar:4.1.7.RELEASE]
	at org.springframework.beans.factory.support.DefaultSingletonBeanRegistry.getSingleton(DefaultSingletonBeanRegistry.java:230) ~[spring-beans-4.1.7.RELEASE.jar:4.1.7.RELEASE]
	at org.springframework.beans.factory.support.AbstractBeanFactory.doGetBean(AbstractBeanFactory.java:299) ~[spring-beans-4.1.7.RELEASE.jar:4.1.7.RELEASE]
	at org.springframework.beans.factory.support.AbstractBeanFactory.getBean(AbstractBeanFactory.java:194) ~[spring-beans-4.1.7.RELEASE.jar:4.1.7.RELEASE]
	at org.springframework.beans.factory.support.DefaultListableBeanFactory.preInstantiateSingletons(DefaultListableBeanFactory.java:755) ~[spring-beans-4.1.7.RELEASE.jar:4.1.7.RELEASE]
	at org.springframework.context.support.AbstractApplicationContext.finishBeanFactoryInitialization(AbstractApplicationContext.java:757) ~[spring-context-4.1.7.RELEASE.jar:4.1.7.RELEASE]
	at org.springframework.context.support.AbstractApplicationContext.refresh(AbstractApplicationContext.java:480) ~[spring-context-4.1.7.RELEASE.jar:4.1.7.RELEASE]
	at org.springframework.test.context.support.AbstractGenericContextLoader.loadContext(AbstractGenericContextLoader.java:125) [spring-test-4.1.7.RELEASE.jar:4.1.7.RELEASE]
	at org.springframework.test.context.support.AbstractGenericContextLoader.loadContext(AbstractGenericContextLoader.java:60) [spring-test-4.1.7.RELEASE.jar:4.1.7.RELEASE]
	at org.springframework.test.context.support.AbstractDelegatingSmartContextLoader.delegateLoading(AbstractDelegatingSmartContextLoader.java:109) [spring-test-4.1.7.RELEASE.jar:4.1.7.RELEASE]
	at org.springframework.test.context.support.AbstractDelegatingSmartContextLoader.loadContext(AbstractDelegatingSmartContextLoader.java:261) [spring-test-4.1.7.RELEASE.jar:4.1.7.RELEASE]
	at org.springframework.test.context.DefaultCacheAwareContextLoaderDelegate.loadContextInternal(DefaultCacheAwareContextLoaderDelegate.java:68) [spring-test-4.1.7.RELEASE.jar:4.1.7.RELEASE]
	at org.springframework.test.context.DefaultCacheAwareContextLoaderDelegate.loadContext(DefaultCacheAwareContextLoaderDelegate.java:86) [spring-test-4.1.7.RELEASE.jar:4.1.7.RELEASE]
	at org.springframework.test.context.DefaultTestContext.getApplicationContext(DefaultTestContext.java:72) [spring-test-4.1.7.RELEASE.jar:4.1.7.RELEASE]
	at org.springframework.test.context.support.DependencyInjectionTestExecutionListener.injectDependencies(DependencyInjectionTestExecutionListener.java:117) [spring-test-4.1.7.RELEASE.jar:4.1.7.RELEASE]
	at org.springframework.test.context.support.DependencyInjectionTestExecutionListener.prepareTestInstance(DependencyInjectionTestExecutionListener.java:83) [spring-test-4.1.7.RELEASE.jar:4.1.7.RELEASE]
	at org.springframework.test.context.TestContextManager.prepareTestInstance(TestContextManager.java:212) [spring-test-4.1.7.RELEASE.jar:4.1.7.RELEASE]
	at org.springframework.test.context.junit4.SpringJUnit4ClassRunner.createTest(SpringJUnit4ClassRunner.java:200) [spring-test-4.1.7.RELEASE.jar:4.1.7.RELEASE]
	at org.springframework.test.context.junit4.SpringJUnit4ClassRunner$1.runReflectiveCall(SpringJUnit4ClassRunner.java:259) [spring-test-4.1.7.RELEASE.jar:4.1.7.RELEASE]
	at org.junit.internal.runners.model.ReflectiveCallable.run(ReflectiveCallable.java:12) [junit-4.12.jar:4.12]
	at org.springframework.test.context.junit4.SpringJUnit4ClassRunner.methodBlock(SpringJUnit4ClassRunner.java:261) [spring-test-4.1.7.RELEASE.jar:4.1.7.RELEASE]
	at org.springframework.test.context.junit4.SpringJUnit4ClassRunner.runChild(SpringJUnit4ClassRunner.java:219) [spring-test-4.1.7.RELEASE.jar:4.1.7.RELEASE]
	at org.springframework.test.context.junit4.SpringJUnit4ClassRunner.runChild(SpringJUnit4ClassRunner.java:83) [spring-test-4.1.7.RELEASE.jar:4.1.7.RELEASE]
	at org.junit.runners.ParentRunner$3.run(ParentRunner.java:290) [junit-4.12.jar:4.12]
	at org.junit.runners.ParentRunner$1.schedule(ParentRunner.java:71) [junit-4.12.jar:4.12]
	at org.junit.runners.ParentRunner.runChildren(ParentRunner.java:288) [junit-4.12.jar:4.12]
	at org.junit.runners.ParentRunner.access$000(ParentRunner.java:58) [junit-4.12.jar:4.12]
	at org.junit.runners.ParentRunner$2.evaluate(ParentRunner.java:268) [junit-4.12.jar:4.12]
	at org.springframework.test.context.junit4.statements.RunBeforeTestClassCallbacks.evaluate(RunBeforeTestClassCallbacks.java:61) [spring-test-4.1.7.RELEASE.jar:4.1.7.RELEASE]
	at org.springframework.test.context.junit4.statements.RunAfterTestClassCallbacks.evaluate(RunAfterTestClassCallbacks.java:68) [spring-test-4.1.7.RELEASE.jar:4.1.7.RELEASE]
	at org.junit.runners.ParentRunner.run(ParentRunner.java:363) [junit-4.12.jar:4.12]
	at org.springframework.test.context.junit4.SpringJUnit4ClassRunner.run(SpringJUnit4ClassRunner.java:163) [spring-test-4.1.7.RELEASE.jar:4.1.7.RELEASE]
	at org.apache.maven.surefire.junit4.JUnit4Provider.execute(JUnit4Provider.java:283) [surefire-junit4-2.18.1.jar:2.18.1]
	at org.apache.maven.surefire.junit4.JUnit4Provider.executeWithRerun(JUnit4Provider.java:173) [surefire-junit4-2.18.1.jar:2.18.1]
	at org.apache.maven.surefire.junit4.JUnit4Provider.executeTestSet(JUnit4Provider.java:153) [surefire-junit4-2.18.1.jar:2.18.1]
	at org.apache.maven.surefire.junit4.JUnit4Provider.invoke(JUnit4Provider.java:128) [surefire-junit4-2.18.1.jar:2.18.1]
	at org.apache.maven.surefire.booter.ForkedBooter.invokeProviderInSameClassLoader(ForkedBooter.java:203) [surefire-booter-2.18.1.jar:2.18.1]
	at org.apache.maven.surefire.booter.ForkedBooter.runSuitesInProcess(ForkedBooter.java:155) [surefire-booter-2.18.1.jar:2.18.1]
	at org.apache.maven.surefire.booter.ForkedBooter.main(ForkedBooter.java:103) [surefire-booter-2.18.1.jar:2.18.1]
Caused by: org.springframework.beans.BeanInstantiationException: Failed to instantiate [org.springframework.data.aerospike.core.AerospikeTemplate]: Factory method 'aerospikeTemplate' threw exception; nested exception is org.springframework.beans.factory.BeanCreationException: Error creating bean with name 'aerospikeClient' defined in org.springframework.data.aerospike.repository.TestConfigPerson: Bean instantiation via factory method failed; nested exception is org.springframework.beans.BeanInstantiationException: Failed to instantiate [com.aerospike.client.AerospikeClient]: Factory method 'aerospikeClient' threw exception; nested exception is com.aerospike.client.AerospikeException$Connection: Error Code 11: Failed to connect to host(s): 
52.41.32.83:3000 Error Code 11: java.net.SocketTimeoutException: connect timed out

	at org.springframework.beans.factory.support.SimpleInstantiationStrategy.instantiate(SimpleInstantiationStrategy.java:189) ~[spring-beans-4.1.7.RELEASE.jar:4.1.7.RELEASE]
	at org.springframework.beans.factory.support.ConstructorResolver.instantiateUsingFactoryMethod(ConstructorResolver.java:588) ~[spring-beans-4.1.7.RELEASE.jar:4.1.7.RELEASE]
	... 43 common frames omitted
Caused by: org.springframework.beans.factory.BeanCreationException: Error creating bean with name 'aerospikeClient' defined in org.springframework.data.aerospike.repository.TestConfigPerson: Bean instantiation via factory method failed; nested exception is org.springframework.beans.BeanInstantiationException: Failed to instantiate [com.aerospike.client.AerospikeClient]: Factory method 'aerospikeClient' threw exception; nested exception is com.aerospike.client.AerospikeException$Connection: Error Code 11: Failed to connect to host(s): 
52.41.32.83:3000 Error Code 11: java.net.SocketTimeoutException: connect timed out

	at org.springframework.beans.factory.support.ConstructorResolver.instantiateUsingFactoryMethod(ConstructorResolver.java:599) ~[spring-beans-4.1.7.RELEASE.jar:4.1.7.RELEASE]
	at org.springframework.beans.factory.support.AbstractAutowireCapableBeanFactory.instantiateUsingFactoryMethod(AbstractAutowireCapableBeanFactory.java:1119) ~[spring-beans-4.1.7.RELEASE.jar:4.1.7.RELEASE]
	at org.springframework.beans.factory.support.AbstractAutowireCapableBeanFactory.createBeanInstance(AbstractAutowireCapableBeanFactory.java:1014) ~[spring-beans-4.1.7.RELEASE.jar:4.1.7.RELEASE]
	at org.springframework.beans.factory.support.AbstractAutowireCapableBeanFactory.doCreateBean(AbstractAutowireCapableBeanFactory.java:504) ~[spring-beans-4.1.7.RELEASE.jar:4.1.7.RELEASE]
	at org.springframework.beans.factory.support.AbstractAutowireCapableBeanFactory.createBean(AbstractAutowireCapableBeanFactory.java:476) ~[spring-beans-4.1.7.RELEASE.jar:4.1.7.RELEASE]
	at org.springframework.beans.factory.support.AbstractBeanFactory$1.getObject(AbstractBeanFactory.java:303) ~[spring-beans-4.1.7.RELEASE.jar:4.1.7.RELEASE]
	at org.springframework.beans.factory.support.DefaultSingletonBeanRegistry.getSingleton(DefaultSingletonBeanRegistry.java:230) ~[spring-beans-4.1.7.RELEASE.jar:4.1.7.RELEASE]
	at org.springframework.beans.factory.support.AbstractBeanFactory.doGetBean(AbstractBeanFactory.java:299) ~[spring-beans-4.1.7.RELEASE.jar:4.1.7.RELEASE]
	at org.springframework.beans.factory.support.AbstractBeanFactory.getBean(AbstractBeanFactory.java:194) ~[spring-beans-4.1.7.RELEASE.jar:4.1.7.RELEASE]
	at org.springframework.context.annotation.ConfigurationClassEnhancer$BeanMethodInterceptor.intercept(ConfigurationClassEnhancer.java:322) ~[spring-context-4.1.7.RELEASE.jar:4.1.7.RELEASE]
	at org.springframework.data.aerospike.repository.TestConfigPerson$$EnhancerBySpringCGLIB$$3f27a8da.aerospikeClient(<generated>) ~[spring-core-4.1.7.RELEASE.jar:na]
	at org.springframework.data.aerospike.repository.TestConfigPerson.aerospikeTemplate(TestConfigPerson.java:38) ~[test-classes/:na]
	at org.springframework.data.aerospike.repository.TestConfigPerson$$EnhancerBySpringCGLIB$$3f27a8da.CGLIB$aerospikeTemplate$0(<generated>) ~[spring-core-4.1.7.RELEASE.jar:na]
	at org.springframework.data.aerospike.repository.TestConfigPerson$$EnhancerBySpringCGLIB$$3f27a8da$$FastClassBySpringCGLIB$$38965c5e.invoke(<generated>) ~[spring-core-4.1.7.RELEASE.jar:na]
	at org.springframework.cglib.proxy.MethodProxy.invokeSuper(MethodProxy.java:228) ~[spring-core-4.1.7.RELEASE.jar:4.1.7.RELEASE]
	at org.springframework.context.annotation.ConfigurationClassEnhancer$BeanMethodInterceptor.intercept(ConfigurationClassEnhancer.java:309) ~[spring-context-4.1.7.RELEASE.jar:4.1.7.RELEASE]
	at org.springframework.data.aerospike.repository.TestConfigPerson$$EnhancerBySpringCGLIB$$3f27a8da.aerospikeTemplate(<generated>) ~[spring-core-4.1.7.RELEASE.jar:na]
	at sun.reflect.GeneratedMethodAccessor45.invoke(Unknown Source) ~[na:na]
	at sun.reflect.DelegatingMethodAccessorImpl.invoke(DelegatingMethodAccessorImpl.java:43) ~[na:1.8.0_91]
	at java.lang.reflect.Method.invoke(Method.java:498) ~[na:1.8.0_91]
	at org.springframework.beans.factory.support.SimpleInstantiationStrategy.instantiate(SimpleInstantiationStrategy.java:162) ~[spring-beans-4.1.7.RELEASE.jar:4.1.7.RELEASE]
	... 44 common frames omitted
Caused by: org.springframework.beans.BeanInstantiationException: Failed to instantiate [com.aerospike.client.AerospikeClient]: Factory method 'aerospikeClient' threw exception; nested exception is com.aerospike.client.AerospikeException$Connection: Error Code 11: Failed to connect to host(s): 
52.41.32.83:3000 Error Code 11: java.net.SocketTimeoutException: connect timed out

	at org.springframework.beans.factory.support.SimpleInstantiationStrategy.instantiate(SimpleInstantiationStrategy.java:189) ~[spring-beans-4.1.7.RELEASE.jar:4.1.7.RELEASE]
	at org.springframework.beans.factory.support.ConstructorResolver.instantiateUsingFactoryMethod(ConstructorResolver.java:588) ~[spring-beans-4.1.7.RELEASE.jar:4.1.7.RELEASE]
	... 64 common frames omitted
Caused by: com.aerospike.client.AerospikeException$Connection: Error Code 11: Failed to connect to host(s): 
52.41.32.83:3000 Error Code 11: java.net.SocketTimeoutException: connect timed out

	at com.aerospike.client.cluster.Cluster.seedNodes(Cluster.java:386) ~[aerospike-client-3.2.3.jar:na]
	at com.aerospike.client.cluster.Cluster.tend(Cluster.java:273) ~[aerospike-client-3.2.3.jar:na]
	at com.aerospike.client.cluster.Cluster.waitTillStabilized(Cluster.java:238) ~[aerospike-client-3.2.3.jar:na]
	at com.aerospike.client.cluster.Cluster.initTendThread(Cluster.java:148) ~[aerospike-client-3.2.3.jar:na]
	at com.aerospike.client.AerospikeClient.<init>(AerospikeClient.java:209) ~[aerospike-client-3.2.3.jar:na]
	at com.aerospike.client.AerospikeClient.<init>(AerospikeClient.java:173) ~[aerospike-client-3.2.3.jar:na]
	at org.springframework.data.aerospike.repository.TestConfigPerson.aerospikeClient(TestConfigPerson.java:32) ~[test-classes/:na]
	at org.springframework.data.aerospike.repository.TestConfigPerson$$EnhancerBySpringCGLIB$$3f27a8da.CGLIB$aerospikeClient$1(<generated>) ~[spring-core-4.1.7.RELEASE.jar:na]
	at org.springframework.data.aerospike.repository.TestConfigPerson$$EnhancerBySpringCGLIB$$3f27a8da$$FastClassBySpringCGLIB$$38965c5e.invoke(<generated>) ~[spring-core-4.1.7.RELEASE.jar:na]
	at org.springframework.cglib.proxy.MethodProxy.invokeSuper(MethodProxy.java:228) ~[spring-core-4.1.7.RELEASE.jar:4.1.7.RELEASE]
	at org.springframework.context.annotation.ConfigurationClassEnhancer$BeanMethodInterceptor.intercept(ConfigurationClassEnhancer.java:309) ~[spring-context-4.1.7.RELEASE.jar:4.1.7.RELEASE]
	at org.springframework.data.aerospike.repository.TestConfigPerson$$EnhancerBySpringCGLIB$$3f27a8da.aerospikeClient(<generated>) ~[spring-core-4.1.7.RELEASE.jar:na]
	at sun.reflect.GeneratedMethodAccessor46.invoke(Unknown Source) ~[na:na]
	at sun.reflect.DelegatingMethodAccessorImpl.invoke(DelegatingMethodAccessorImpl.java:43) ~[na:1.8.0_91]
	at java.lang.reflect.Method.invoke(Method.java:498) ~[na:1.8.0_91]
	at org.springframework.beans.factory.support.SimpleInstantiationStrategy.instantiate(SimpleInstantiationStrategy.java:162) ~[spring-beans-4.1.7.RELEASE.jar:4.1.7.RELEASE]
	... 65 common frames omitted
16:38:27.877 [main] DEBUG o.s.b.f.s.DefaultListableBeanFactory - Destroying singletons in org.springframework.beans.factory.support.DefaultListableBeanFactory@15e8f9b2: defining beans [org.springframework.context.annotation.internalConfigurationAnnotationProcessor,org.springframework.context.annotation.internalAutowiredAnnotationProcessor,org.springframework.context.annotation.internalRequiredAnnotationProcessor,org.springframework.context.annotation.internalCommonAnnotationProcessor,testConfigPerson,org.springframework.context.annotation.ConfigurationClassPostProcessor.importAwareProcessor,org.springframework.context.annotation.ConfigurationClassPostProcessor.enhancedConfigurationProcessor,aerospikeTemplate,aerospikeClient,org.springframework.data.aerospike.repository.config.AerospikeRepositoriesRegistrar$AerospikeRepositoryConfigurationExtension#0,org.springframework.data.repository.core.support.RepositoryInterfaceAwareBeanPostProcessor,keyValueMappingContext,personRepository,contactRepository]; root of factory hierarchy
16:38:27.878 [main] ERROR o.s.test.context.TestContextManager - Caught exception while allowing TestExecutionListener [org.springframework.test.context.support.DependencyInjectionTestExecutionListener@334ebcaa] to prepare test instance [org.springframework.data.aerospike.repository.PersonRepositoryIntegrationTests@4168f3d9]
java.lang.IllegalStateException: Failed to load ApplicationContext
	at org.springframework.test.context.DefaultCacheAwareContextLoaderDelegate.loadContext(DefaultCacheAwareContextLoaderDelegate.java:94) ~[spring-test-4.1.7.RELEASE.jar:4.1.7.RELEASE]
	at org.springframework.test.context.DefaultTestContext.getApplicationContext(DefaultTestContext.java:72) ~[spring-test-4.1.7.RELEASE.jar:4.1.7.RELEASE]
	at org.springframework.test.context.support.DependencyInjectionTestExecutionListener.injectDependencies(DependencyInjectionTestExecutionListener.java:117) ~[spring-test-4.1.7.RELEASE.jar:4.1.7.RELEASE]
	at org.springframework.test.context.support.DependencyInjectionTestExecutionListener.prepareTestInstance(DependencyInjectionTestExecutionListener.java:83) ~[spring-test-4.1.7.RELEASE.jar:4.1.7.RELEASE]
	at org.springframework.test.context.TestContextManager.prepareTestInstance(TestContextManager.java:212) ~[spring-test-4.1.7.RELEASE.jar:4.1.7.RELEASE]
	at org.springframework.test.context.junit4.SpringJUnit4ClassRunner.createTest(SpringJUnit4ClassRunner.java:200) [spring-test-4.1.7.RELEASE.jar:4.1.7.RELEASE]
	at org.springframework.test.context.junit4.SpringJUnit4ClassRunner$1.runReflectiveCall(SpringJUnit4ClassRunner.java:259) [spring-test-4.1.7.RELEASE.jar:4.1.7.RELEASE]
	at org.junit.internal.runners.model.ReflectiveCallable.run(ReflectiveCallable.java:12) [junit-4.12.jar:4.12]
	at org.springframework.test.context.junit4.SpringJUnit4ClassRunner.methodBlock(SpringJUnit4ClassRunner.java:261) [spring-test-4.1.7.RELEASE.jar:4.1.7.RELEASE]
	at org.springframework.test.context.junit4.SpringJUnit4ClassRunner.runChild(SpringJUnit4ClassRunner.java:219) [spring-test-4.1.7.RELEASE.jar:4.1.7.RELEASE]
	at org.springframework.test.context.junit4.SpringJUnit4ClassRunner.runChild(SpringJUnit4ClassRunner.java:83) [spring-test-4.1.7.RELEASE.jar:4.1.7.RELEASE]
	at org.junit.runners.ParentRunner$3.run(ParentRunner.java:290) [junit-4.12.jar:4.12]
	at org.junit.runners.ParentRunner$1.schedule(ParentRunner.java:71) [junit-4.12.jar:4.12]
	at org.junit.runners.ParentRunner.runChildren(ParentRunner.java:288) [junit-4.12.jar:4.12]
	at org.junit.runners.ParentRunner.access$000(ParentRunner.java:58) [junit-4.12.jar:4.12]
	at org.junit.runners.ParentRunner$2.evaluate(ParentRunner.java:268) [junit-4.12.jar:4.12]
	at org.springframework.test.context.junit4.statements.RunBeforeTestClassCallbacks.evaluate(RunBeforeTestClassCallbacks.java:61) [spring-test-4.1.7.RELEASE.jar:4.1.7.RELEASE]
	at org.springframework.test.context.junit4.statements.RunAfterTestClassCallbacks.evaluate(RunAfterTestClassCallbacks.java:68) [spring-test-4.1.7.RELEASE.jar:4.1.7.RELEASE]
	at org.junit.runners.ParentRunner.run(ParentRunner.java:363) [junit-4.12.jar:4.12]
	at org.springframework.test.context.junit4.SpringJUnit4ClassRunner.run(SpringJUnit4ClassRunner.java:163) [spring-test-4.1.7.RELEASE.jar:4.1.7.RELEASE]
	at org.apache.maven.surefire.junit4.JUnit4Provider.execute(JUnit4Provider.java:283) [surefire-junit4-2.18.1.jar:2.18.1]
	at org.apache.maven.surefire.junit4.JUnit4Provider.executeWithRerun(JUnit4Provider.java:173) [surefire-junit4-2.18.1.jar:2.18.1]
	at org.apache.maven.surefire.junit4.JUnit4Provider.executeTestSet(JUnit4Provider.java:153) [surefire-junit4-2.18.1.jar:2.18.1]
	at org.apache.maven.surefire.junit4.JUnit4Provider.invoke(JUnit4Provider.java:128) [surefire-junit4-2.18.1.jar:2.18.1]
	at org.apache.maven.surefire.booter.ForkedBooter.invokeProviderInSameClassLoader(ForkedBooter.java:203) [surefire-booter-2.18.1.jar:2.18.1]
	at org.apache.maven.surefire.booter.ForkedBooter.runSuitesInProcess(ForkedBooter.java:155) [surefire-booter-2.18.1.jar:2.18.1]
	at org.apache.maven.surefire.booter.ForkedBooter.main(ForkedBooter.java:103) [surefire-booter-2.18.1.jar:2.18.1]
Caused by: org.springframework.beans.factory.BeanCreationException: Error creating bean with name 'aerospikeTemplate' defined in org.springframework.data.aerospike.repository.TestConfigPerson: Bean instantiation via factory method failed; nested exception is org.springframework.beans.BeanInstantiationException: Failed to instantiate [org.springframework.data.aerospike.core.AerospikeTemplate]: Factory method 'aerospikeTemplate' threw exception; nested exception is org.springframework.beans.factory.BeanCreationException: Error creating bean with name 'aerospikeClient' defined in org.springframework.data.aerospike.repository.TestConfigPerson: Bean instantiation via factory method failed; nested exception is org.springframework.beans.BeanInstantiationException: Failed to instantiate [com.aerospike.client.AerospikeClient]: Factory method 'aerospikeClient' threw exception; nested exception is com.aerospike.client.AerospikeException$Connection: Error Code 11: Failed to connect to host(s): 
52.41.32.83:3000 Error Code 11: java.net.SocketTimeoutException: connect timed out

	at org.springframework.beans.factory.support.ConstructorResolver.instantiateUsingFactoryMethod(ConstructorResolver.java:599) ~[spring-beans-4.1.7.RELEASE.jar:4.1.7.RELEASE]
	at org.springframework.beans.factory.support.AbstractAutowireCapableBeanFactory.instantiateUsingFactoryMethod(AbstractAutowireCapableBeanFactory.java:1119) ~[spring-beans-4.1.7.RELEASE.jar:4.1.7.RELEASE]
	at org.springframework.beans.factory.support.AbstractAutowireCapableBeanFactory.createBeanInstance(AbstractAutowireCapableBeanFactory.java:1014) ~[spring-beans-4.1.7.RELEASE.jar:4.1.7.RELEASE]
	at org.springframework.beans.factory.support.AbstractAutowireCapableBeanFactory.doCreateBean(AbstractAutowireCapableBeanFactory.java:504) ~[spring-beans-4.1.7.RELEASE.jar:4.1.7.RELEASE]
	at org.springframework.beans.factory.support.AbstractAutowireCapableBeanFactory.createBean(AbstractAutowireCapableBeanFactory.java:476) ~[spring-beans-4.1.7.RELEASE.jar:4.1.7.RELEASE]
	at org.springframework.beans.factory.support.AbstractBeanFactory$1.getObject(AbstractBeanFactory.java:303) ~[spring-beans-4.1.7.RELEASE.jar:4.1.7.RELEASE]
	at org.springframework.beans.factory.support.DefaultSingletonBeanRegistry.getSingleton(DefaultSingletonBeanRegistry.java:230) ~[spring-beans-4.1.7.RELEASE.jar:4.1.7.RELEASE]
	at org.springframework.beans.factory.support.AbstractBeanFactory.doGetBean(AbstractBeanFactory.java:299) ~[spring-beans-4.1.7.RELEASE.jar:4.1.7.RELEASE]
	at org.springframework.beans.factory.support.AbstractBeanFactory.getBean(AbstractBeanFactory.java:194) ~[spring-beans-4.1.7.RELEASE.jar:4.1.7.RELEASE]
	at org.springframework.beans.factory.support.DefaultListableBeanFactory.preInstantiateSingletons(DefaultListableBeanFactory.java:755) ~[spring-beans-4.1.7.RELEASE.jar:4.1.7.RELEASE]
	at org.springframework.context.support.AbstractApplicationContext.finishBeanFactoryInitialization(AbstractApplicationContext.java:757) ~[spring-context-4.1.7.RELEASE.jar:4.1.7.RELEASE]
	at org.springframework.context.support.AbstractApplicationContext.refresh(AbstractApplicationContext.java:480) ~[spring-context-4.1.7.RELEASE.jar:4.1.7.RELEASE]
	at org.springframework.test.context.support.AbstractGenericContextLoader.loadContext(AbstractGenericContextLoader.java:125) ~[spring-test-4.1.7.RELEASE.jar:4.1.7.RELEASE]
	at org.springframework.test.context.support.AbstractGenericContextLoader.loadContext(AbstractGenericContextLoader.java:60) ~[spring-test-4.1.7.RELEASE.jar:4.1.7.RELEASE]
	at org.springframework.test.context.support.AbstractDelegatingSmartContextLoader.delegateLoading(AbstractDelegatingSmartContextLoader.java:109) ~[spring-test-4.1.7.RELEASE.jar:4.1.7.RELEASE]
	at org.springframework.test.context.support.AbstractDelegatingSmartContextLoader.loadContext(AbstractDelegatingSmartContextLoader.java:261) ~[spring-test-4.1.7.RELEASE.jar:4.1.7.RELEASE]
	at org.springframework.test.context.DefaultCacheAwareContextLoaderDelegate.loadContextInternal(DefaultCacheAwareContextLoaderDelegate.java:68) ~[spring-test-4.1.7.RELEASE.jar:4.1.7.RELEASE]
	at org.springframework.test.context.DefaultCacheAwareContextLoaderDelegate.loadContext(DefaultCacheAwareContextLoaderDelegate.java:86) ~[spring-test-4.1.7.RELEASE.jar:4.1.7.RELEASE]
	... 26 common frames omitted
Caused by: org.springframework.beans.BeanInstantiationException: Failed to instantiate [org.springframework.data.aerospike.core.AerospikeTemplate]: Factory method 'aerospikeTemplate' threw exception; nested exception is org.springframework.beans.factory.BeanCreationException: Error creating bean with name 'aerospikeClient' defined in org.springframework.data.aerospike.repository.TestConfigPerson: Bean instantiation via factory method failed; nested exception is org.springframework.beans.BeanInstantiationException: Failed to instantiate [com.aerospike.client.AerospikeClient]: Factory method 'aerospikeClient' threw exception; nested exception is com.aerospike.client.AerospikeException$Connection: Error Code 11: Failed to connect to host(s): 
52.41.32.83:3000 Error Code 11: java.net.SocketTimeoutException: connect timed out

	at org.springframework.beans.factory.support.SimpleInstantiationStrategy.instantiate(SimpleInstantiationStrategy.java:189) ~[spring-beans-4.1.7.RELEASE.jar:4.1.7.RELEASE]
	at org.springframework.beans.factory.support.ConstructorResolver.instantiateUsingFactoryMethod(ConstructorResolver.java:588) ~[spring-beans-4.1.7.RELEASE.jar:4.1.7.RELEASE]
	... 43 common frames omitted
Caused by: org.springframework.beans.factory.BeanCreationException: Error creating bean with name 'aerospikeClient' defined in org.springframework.data.aerospike.repository.TestConfigPerson: Bean instantiation via factory method failed; nested exception is org.springframework.beans.BeanInstantiationException: Failed to instantiate [com.aerospike.client.AerospikeClient]: Factory method 'aerospikeClient' threw exception; nested exception is com.aerospike.client.AerospikeException$Connection: Error Code 11: Failed to connect to host(s): 
52.41.32.83:3000 Error Code 11: java.net.SocketTimeoutException: connect timed out

	at org.springframework.beans.factory.support.ConstructorResolver.instantiateUsingFactoryMethod(ConstructorResolver.java:599) ~[spring-beans-4.1.7.RELEASE.jar:4.1.7.RELEASE]
	at org.springframework.beans.factory.support.AbstractAutowireCapableBeanFactory.instantiateUsingFactoryMethod(AbstractAutowireCapableBeanFactory.java:1119) ~[spring-beans-4.1.7.RELEASE.jar:4.1.7.RELEASE]
	at org.springframework.beans.factory.support.AbstractAutowireCapableBeanFactory.createBeanInstance(AbstractAutowireCapableBeanFactory.java:1014) ~[spring-beans-4.1.7.RELEASE.jar:4.1.7.RELEASE]
	at org.springframework.beans.factory.support.AbstractAutowireCapableBeanFactory.doCreateBean(AbstractAutowireCapableBeanFactory.java:504) ~[spring-beans-4.1.7.RELEASE.jar:4.1.7.RELEASE]
	at org.springframework.beans.factory.support.AbstractAutowireCapableBeanFactory.createBean(AbstractAutowireCapableBeanFactory.java:476) ~[spring-beans-4.1.7.RELEASE.jar:4.1.7.RELEASE]
	at org.springframework.beans.factory.support.AbstractBeanFactory$1.getObject(AbstractBeanFactory.java:303) ~[spring-beans-4.1.7.RELEASE.jar:4.1.7.RELEASE]
	at org.springframework.beans.factory.support.DefaultSingletonBeanRegistry.getSingleton(DefaultSingletonBeanRegistry.java:230) ~[spring-beans-4.1.7.RELEASE.jar:4.1.7.RELEASE]
	at org.springframework.beans.factory.support.AbstractBeanFactory.doGetBean(AbstractBeanFactory.java:299) ~[spring-beans-4.1.7.RELEASE.jar:4.1.7.RELEASE]
	at org.springframework.beans.factory.support.AbstractBeanFactory.getBean(AbstractBeanFactory.java:194) ~[spring-beans-4.1.7.RELEASE.jar:4.1.7.RELEASE]
	at org.springframework.context.annotation.ConfigurationClassEnhancer$BeanMethodInterceptor.intercept(ConfigurationClassEnhancer.java:322) ~[spring-context-4.1.7.RELEASE.jar:4.1.7.RELEASE]
	at org.springframework.data.aerospike.repository.TestConfigPerson$$EnhancerBySpringCGLIB$$3f27a8da.aerospikeClient(<generated>) ~[spring-core-4.1.7.RELEASE.jar:na]
	at org.springframework.data.aerospike.repository.TestConfigPerson.aerospikeTemplate(TestConfigPerson.java:38) ~[test-classes/:na]
	at org.springframework.data.aerospike.repository.TestConfigPerson$$EnhancerBySpringCGLIB$$3f27a8da.CGLIB$aerospikeTemplate$0(<generated>) ~[spring-core-4.1.7.RELEASE.jar:na]
	at org.springframework.data.aerospike.repository.TestConfigPerson$$EnhancerBySpringCGLIB$$3f27a8da$$FastClassBySpringCGLIB$$38965c5e.invoke(<generated>) ~[spring-core-4.1.7.RELEASE.jar:na]
	at org.springframework.cglib.proxy.MethodProxy.invokeSuper(MethodProxy.java:228) ~[spring-core-4.1.7.RELEASE.jar:4.1.7.RELEASE]
	at org.springframework.context.annotation.ConfigurationClassEnhancer$BeanMethodInterceptor.intercept(ConfigurationClassEnhancer.java:309) ~[spring-context-4.1.7.RELEASE.jar:4.1.7.RELEASE]
	at org.springframework.data.aerospike.repository.TestConfigPerson$$EnhancerBySpringCGLIB$$3f27a8da.aerospikeTemplate(<generated>) ~[spring-core-4.1.7.RELEASE.jar:na]
	at sun.reflect.GeneratedMethodAccessor45.invoke(Unknown Source) ~[na:na]
	at sun.reflect.DelegatingMethodAccessorImpl.invoke(DelegatingMethodAccessorImpl.java:43) ~[na:1.8.0_91]
	at java.lang.reflect.Method.invoke(Method.java:498) ~[na:1.8.0_91]
	at org.springframework.beans.factory.support.SimpleInstantiationStrategy.instantiate(SimpleInstantiationStrategy.java:162) ~[spring-beans-4.1.7.RELEASE.jar:4.1.7.RELEASE]
	... 44 common frames omitted
Caused by: org.springframework.beans.BeanInstantiationException: Failed to instantiate [com.aerospike.client.AerospikeClient]: Factory method 'aerospikeClient' threw exception; nested exception is com.aerospike.client.AerospikeException$Connection: Error Code 11: Failed to connect to host(s): 
52.41.32.83:3000 Error Code 11: java.net.SocketTimeoutException: connect timed out

	at org.springframework.beans.factory.support.SimpleInstantiationStrategy.instantiate(SimpleInstantiationStrategy.java:189) ~[spring-beans-4.1.7.RELEASE.jar:4.1.7.RELEASE]
	at org.springframework.beans.factory.support.ConstructorResolver.instantiateUsingFactoryMethod(ConstructorResolver.java:588) ~[spring-beans-4.1.7.RELEASE.jar:4.1.7.RELEASE]
	... 64 common frames omitted
Caused by: com.aerospike.client.AerospikeException$Connection: Error Code 11: Failed to connect to host(s): 
52.41.32.83:3000 Error Code 11: java.net.SocketTimeoutException: connect timed out

	at com.aerospike.client.cluster.Cluster.seedNodes(Cluster.java:386) ~[aerospike-client-3.2.3.jar:na]
	at com.aerospike.client.cluster.Cluster.tend(Cluster.java:273) ~[aerospike-client-3.2.3.jar:na]
	at com.aerospike.client.cluster.Cluster.waitTillStabilized(Cluster.java:238) ~[aerospike-client-3.2.3.jar:na]
	at com.aerospike.client.cluster.Cluster.initTendThread(Cluster.java:148) ~[aerospike-client-3.2.3.jar:na]
	at com.aerospike.client.AerospikeClient.<init>(AerospikeClient.java:209) ~[aerospike-client-3.2.3.jar:na]
	at com.aerospike.client.AerospikeClient.<init>(AerospikeClient.java:173) ~[aerospike-client-3.2.3.jar:na]
	at org.springframework.data.aerospike.repository.TestConfigPerson.aerospikeClient(TestConfigPerson.java:32) ~[test-classes/:na]
	at org.springframework.data.aerospike.repository.TestConfigPerson$$EnhancerBySpringCGLIB$$3f27a8da.CGLIB$aerospikeClient$1(<generated>) ~[spring-core-4.1.7.RELEASE.jar:na]
	at org.springframework.data.aerospike.repository.TestConfigPerson$$EnhancerBySpringCGLIB$$3f27a8da$$FastClassBySpringCGLIB$$38965c5e.invoke(<generated>) ~[spring-core-4.1.7.RELEASE.jar:na]
	at org.springframework.cglib.proxy.MethodProxy.invokeSuper(MethodProxy.java:228) ~[spring-core-4.1.7.RELEASE.jar:4.1.7.RELEASE]
	at org.springframework.context.annotation.ConfigurationClassEnhancer$BeanMethodInterceptor.intercept(ConfigurationClassEnhancer.java:309) ~[spring-context-4.1.7.RELEASE.jar:4.1.7.RELEASE]
	at org.springframework.data.aerospike.repository.TestConfigPerson$$EnhancerBySpringCGLIB$$3f27a8da.aerospikeClient(<generated>) ~[spring-core-4.1.7.RELEASE.jar:na]
	at sun.reflect.GeneratedMethodAccessor46.invoke(Unknown Source) ~[na:na]
	at sun.reflect.DelegatingMethodAccessorImpl.invoke(DelegatingMethodAccessorImpl.java:43) ~[na:1.8.0_91]
	at java.lang.reflect.Method.invoke(Method.java:498) ~[na:1.8.0_91]
	at org.springframework.beans.factory.support.SimpleInstantiationStrategy.instantiate(SimpleInstantiationStrategy.java:162) ~[spring-beans-4.1.7.RELEASE.jar:4.1.7.RELEASE]
	... 65 common frames omitted
]]></system-out>
  </testcase>
  <testcase name="findsPersonById" classname="org.springframework.data.aerospike.repository.PersonRepositoryIntegrationTests" time="0.001">
    <error message="Failed to load ApplicationContext" type="java.lang.IllegalStateException"><![CDATA[java.lang.IllegalStateException: Failed to load ApplicationContext
	at org.springframework.test.context.DefaultCacheAwareContextLoaderDelegate.loadContext(DefaultCacheAwareContextLoaderDelegate.java:94)
	at org.springframework.test.context.DefaultTestContext.getApplicationContext(DefaultTestContext.java:72)
	at org.springframework.test.context.support.DependencyInjectionTestExecutionListener.injectDependencies(DependencyInjectionTestExecutionListener.java:117)
	at org.springframework.test.context.support.DependencyInjectionTestExecutionListener.prepareTestInstance(DependencyInjectionTestExecutionListener.java:83)
	at org.springframework.test.context.TestContextManager.prepareTestInstance(TestContextManager.java:212)
	at org.springframework.test.context.junit4.SpringJUnit4ClassRunner.createTest(SpringJUnit4ClassRunner.java:200)
	at org.springframework.test.context.junit4.SpringJUnit4ClassRunner$1.runReflectiveCall(SpringJUnit4ClassRunner.java:259)
	at org.junit.internal.runners.model.ReflectiveCallable.run(ReflectiveCallable.java:12)
	at org.springframework.test.context.junit4.SpringJUnit4ClassRunner.methodBlock(SpringJUnit4ClassRunner.java:261)
	at org.springframework.test.context.junit4.SpringJUnit4ClassRunner.runChild(SpringJUnit4ClassRunner.java:219)
	at org.springframework.test.context.junit4.SpringJUnit4ClassRunner.runChild(SpringJUnit4ClassRunner.java:83)
	at org.junit.runners.ParentRunner$3.run(ParentRunner.java:290)
	at org.junit.runners.ParentRunner$1.schedule(ParentRunner.java:71)
	at org.junit.runners.ParentRunner.runChildren(ParentRunner.java:288)
	at org.junit.runners.ParentRunner.access$000(ParentRunner.java:58)
	at org.junit.runners.ParentRunner$2.evaluate(ParentRunner.java:268)
	at org.springframework.test.context.junit4.statements.RunBeforeTestClassCallbacks.evaluate(RunBeforeTestClassCallbacks.java:61)
	at org.springframework.test.context.junit4.statements.RunAfterTestClassCallbacks.evaluate(RunAfterTestClassCallbacks.java:68)
	at org.junit.runners.ParentRunner.run(ParentRunner.java:363)
	at org.springframework.test.context.junit4.SpringJUnit4ClassRunner.run(SpringJUnit4ClassRunner.java:163)
	at org.apache.maven.surefire.junit4.JUnit4Provider.execute(JUnit4Provider.java:283)
	at org.apache.maven.surefire.junit4.JUnit4Provider.executeWithRerun(JUnit4Provider.java:173)
	at org.apache.maven.surefire.junit4.JUnit4Provider.executeTestSet(JUnit4Provider.java:153)
	at org.apache.maven.surefire.junit4.JUnit4Provider.invoke(JUnit4Provider.java:128)
	at org.apache.maven.surefire.booter.ForkedBooter.invokeProviderInSameClassLoader(ForkedBooter.java:203)
	at org.apache.maven.surefire.booter.ForkedBooter.runSuitesInProcess(ForkedBooter.java:155)
	at org.apache.maven.surefire.booter.ForkedBooter.main(ForkedBooter.java:103)
Caused by: org.springframework.beans.factory.BeanCreationException: Error creating bean with name 'aerospikeTemplate' defined in org.springframework.data.aerospike.repository.TestConfigPerson: Bean instantiation via factory method failed; nested exception is org.springframework.beans.BeanInstantiationException: Failed to instantiate [org.springframework.data.aerospike.core.AerospikeTemplate]: Factory method 'aerospikeTemplate' threw exception; nested exception is com.aerospike.helper.query.ClusterRefreshError: Cannot find UDF modules
	at org.springframework.beans.factory.support.ConstructorResolver.instantiateUsingFactoryMethod(ConstructorResolver.java:599)
	at org.springframework.beans.factory.support.AbstractAutowireCapableBeanFactory.instantiateUsingFactoryMethod(AbstractAutowireCapableBeanFactory.java:1119)
	at org.springframework.beans.factory.support.AbstractAutowireCapableBeanFactory.createBeanInstance(AbstractAutowireCapableBeanFactory.java:1014)
	at org.springframework.beans.factory.support.AbstractAutowireCapableBeanFactory.doCreateBean(AbstractAutowireCapableBeanFactory.java:504)
	at org.springframework.beans.factory.support.AbstractAutowireCapableBeanFactory.createBean(AbstractAutowireCapableBeanFactory.java:476)
	at org.springframework.beans.factory.support.AbstractBeanFactory$1.getObject(AbstractBeanFactory.java:303)
	at org.springframework.beans.factory.support.DefaultSingletonBeanRegistry.getSingleton(DefaultSingletonBeanRegistry.java:230)
	at org.springframework.beans.factory.support.AbstractBeanFactory.doGetBean(AbstractBeanFactory.java:299)
	at org.springframework.beans.factory.support.AbstractBeanFactory.getBean(AbstractBeanFactory.java:194)
	at org.springframework.beans.factory.support.DefaultListableBeanFactory.preInstantiateSingletons(DefaultListableBeanFactory.java:755)
	at org.springframework.context.support.AbstractApplicationContext.finishBeanFactoryInitialization(AbstractApplicationContext.java:757)
	at org.springframework.context.support.AbstractApplicationContext.refresh(AbstractApplicationContext.java:480)
	at org.springframework.test.context.support.AbstractGenericContextLoader.loadContext(AbstractGenericContextLoader.java:125)
	at org.springframework.test.context.support.AbstractGenericContextLoader.loadContext(AbstractGenericContextLoader.java:60)
	at org.springframework.test.context.support.AbstractDelegatingSmartContextLoader.delegateLoading(AbstractDelegatingSmartContextLoader.java:109)
	at org.springframework.test.context.support.AbstractDelegatingSmartContextLoader.loadContext(AbstractDelegatingSmartContextLoader.java:261)
	at org.springframework.test.context.DefaultCacheAwareContextLoaderDelegate.loadContextInternal(DefaultCacheAwareContextLoaderDelegate.java:68)
	at org.springframework.test.context.DefaultCacheAwareContextLoaderDelegate.loadContext(DefaultCacheAwareContextLoaderDelegate.java:86)
	at org.springframework.test.context.DefaultTestContext.getApplicationContext(DefaultTestContext.java:72)
	at org.springframework.test.context.support.DependencyInjectionTestExecutionListener.injectDependencies(DependencyInjectionTestExecutionListener.java:117)
	at org.springframework.test.context.support.DependencyInjectionTestExecutionListener.prepareTestInstance(DependencyInjectionTestExecutionListener.java:83)
	at org.springframework.test.context.TestContextManager.prepareTestInstance(TestContextManager.java:212)
	at org.springframework.test.context.junit4.SpringJUnit4ClassRunner.createTest(SpringJUnit4ClassRunner.java:200)
	at org.springframework.test.context.junit4.SpringJUnit4ClassRunner$1.runReflectiveCall(SpringJUnit4ClassRunner.java:259)
	at org.junit.internal.runners.model.ReflectiveCallable.run(ReflectiveCallable.java:12)
	at org.springframework.test.context.junit4.SpringJUnit4ClassRunner.methodBlock(SpringJUnit4ClassRunner.java:261)
	at org.springframework.test.context.junit4.SpringJUnit4ClassRunner.runChild(SpringJUnit4ClassRunner.java:219)
	at org.springframework.test.context.junit4.SpringJUnit4ClassRunner.runChild(SpringJUnit4ClassRunner.java:83)
	at org.junit.runners.ParentRunner$3.run(ParentRunner.java:290)
	at org.junit.runners.ParentRunner$1.schedule(ParentRunner.java:71)
	at org.junit.runners.ParentRunner.runChildren(ParentRunner.java:288)
	at org.junit.runners.ParentRunner.access$000(ParentRunner.java:58)
	at org.junit.runners.ParentRunner$2.evaluate(ParentRunner.java:268)
	at org.springframework.test.context.junit4.statements.RunBeforeTestClassCallbacks.evaluate(RunBeforeTestClassCallbacks.java:61)
	at org.springframework.test.context.junit4.statements.RunAfterTestClassCallbacks.evaluate(RunAfterTestClassCallbacks.java:68)
	at org.junit.runners.ParentRunner.run(ParentRunner.java:363)
	at org.springframework.test.context.junit4.SpringJUnit4ClassRunner.run(SpringJUnit4ClassRunner.java:163)
	at org.apache.maven.surefire.junit4.JUnit4Provider.execute(JUnit4Provider.java:283)
	at org.apache.maven.surefire.junit4.JUnit4Provider.executeWithRerun(JUnit4Provider.java:173)
	at org.apache.maven.surefire.junit4.JUnit4Provider.executeTestSet(JUnit4Provider.java:153)
	at org.apache.maven.surefire.junit4.JUnit4Provider.invoke(JUnit4Provider.java:128)
	at org.apache.maven.surefire.booter.ForkedBooter.invokeProviderInSameClassLoader(ForkedBooter.java:203)
	at org.apache.maven.surefire.booter.ForkedBooter.runSuitesInProcess(ForkedBooter.java:155)
	at org.apache.maven.surefire.booter.ForkedBooter.main(ForkedBooter.java:103)
Caused by: org.springframework.beans.BeanInstantiationException: Failed to instantiate [org.springframework.data.aerospike.core.AerospikeTemplate]: Factory method 'aerospikeTemplate' threw exception; nested exception is com.aerospike.helper.query.ClusterRefreshError: Cannot find UDF modules
	at org.springframework.beans.factory.support.SimpleInstantiationStrategy.instantiate(SimpleInstantiationStrategy.java:189)
	at org.springframework.beans.factory.support.ConstructorResolver.instantiateUsingFactoryMethod(ConstructorResolver.java:588)
	at org.springframework.beans.factory.support.AbstractAutowireCapableBeanFactory.instantiateUsingFactoryMethod(AbstractAutowireCapableBeanFactory.java:1119)
	at org.springframework.beans.factory.support.AbstractAutowireCapableBeanFactory.createBeanInstance(AbstractAutowireCapableBeanFactory.java:1014)
	at org.springframework.beans.factory.support.AbstractAutowireCapableBeanFactory.doCreateBean(AbstractAutowireCapableBeanFactory.java:504)
	at org.springframework.beans.factory.support.AbstractAutowireCapableBeanFactory.createBean(AbstractAutowireCapableBeanFactory.java:476)
	at org.springframework.beans.factory.support.AbstractBeanFactory$1.getObject(AbstractBeanFactory.java:303)
	at org.springframework.beans.factory.support.DefaultSingletonBeanRegistry.getSingleton(DefaultSingletonBeanRegistry.java:230)
	at org.springframework.beans.factory.support.AbstractBeanFactory.doGetBean(AbstractBeanFactory.java:299)
	at org.springframework.beans.factory.support.AbstractBeanFactory.getBean(AbstractBeanFactory.java:194)
	at org.springframework.beans.factory.support.DefaultListableBeanFactory.preInstantiateSingletons(DefaultListableBeanFactory.java:755)
	at org.springframework.context.support.AbstractApplicationContext.finishBeanFactoryInitialization(AbstractApplicationContext.java:757)
	at org.springframework.context.support.AbstractApplicationContext.refresh(AbstractApplicationContext.java:480)
	at org.springframework.test.context.support.AbstractGenericContextLoader.loadContext(AbstractGenericContextLoader.java:125)
	at org.springframework.test.context.support.AbstractGenericContextLoader.loadContext(AbstractGenericContextLoader.java:60)
	at org.springframework.test.context.support.AbstractDelegatingSmartContextLoader.delegateLoading(AbstractDelegatingSmartContextLoader.java:109)
	at org.springframework.test.context.support.AbstractDelegatingSmartContextLoader.loadContext(AbstractDelegatingSmartContextLoader.java:261)
	at org.springframework.test.context.DefaultCacheAwareContextLoaderDelegate.loadContextInternal(DefaultCacheAwareContextLoaderDelegate.java:68)
	at org.springframework.test.context.DefaultCacheAwareContextLoaderDelegate.loadContext(DefaultCacheAwareContextLoaderDelegate.java:86)
	at org.springframework.test.context.DefaultTestContext.getApplicationContext(DefaultTestContext.java:72)
	at org.springframework.test.context.support.DependencyInjectionTestExecutionListener.injectDependencies(DependencyInjectionTestExecutionListener.java:117)
	at org.springframework.test.context.support.DependencyInjectionTestExecutionListener.prepareTestInstance(DependencyInjectionTestExecutionListener.java:83)
	at org.springframework.test.context.TestContextManager.prepareTestInstance(TestContextManager.java:212)
	at org.springframework.test.context.junit4.SpringJUnit4ClassRunner.createTest(SpringJUnit4ClassRunner.java:200)
	at org.springframework.test.context.junit4.SpringJUnit4ClassRunner$1.runReflectiveCall(SpringJUnit4ClassRunner.java:259)
	at org.junit.internal.runners.model.ReflectiveCallable.run(ReflectiveCallable.java:12)
	at org.springframework.test.context.junit4.SpringJUnit4ClassRunner.methodBlock(SpringJUnit4ClassRunner.java:261)
	at org.springframework.test.context.junit4.SpringJUnit4ClassRunner.runChild(SpringJUnit4ClassRunner.java:219)
	at org.springframework.test.context.junit4.SpringJUnit4ClassRunner.runChild(SpringJUnit4ClassRunner.java:83)
	at org.junit.runners.ParentRunner$3.run(ParentRunner.java:290)
	at org.junit.runners.ParentRunner$1.schedule(ParentRunner.java:71)
	at org.junit.runners.ParentRunner.runChildren(ParentRunner.java:288)
	at org.junit.runners.ParentRunner.access$000(ParentRunner.java:58)
	at org.junit.runners.ParentRunner$2.evaluate(ParentRunner.java:268)
	at org.springframework.test.context.junit4.statements.RunBeforeTestClassCallbacks.evaluate(RunBeforeTestClassCallbacks.java:61)
	at org.springframework.test.context.junit4.statements.RunAfterTestClassCallbacks.evaluate(RunAfterTestClassCallbacks.java:68)
	at org.junit.runners.ParentRunner.run(ParentRunner.java:363)
	at org.springframework.test.context.junit4.SpringJUnit4ClassRunner.run(SpringJUnit4ClassRunner.java:163)
	at org.apache.maven.surefire.junit4.JUnit4Provider.execute(JUnit4Provider.java:283)
	at org.apache.maven.surefire.junit4.JUnit4Provider.executeWithRerun(JUnit4Provider.java:173)
	at org.apache.maven.surefire.junit4.JUnit4Provider.executeTestSet(JUnit4Provider.java:153)
	at org.apache.maven.surefire.junit4.JUnit4Provider.invoke(JUnit4Provider.java:128)
	at org.apache.maven.surefire.booter.ForkedBooter.invokeProviderInSameClassLoader(ForkedBooter.java:203)
	at org.apache.maven.surefire.booter.ForkedBooter.runSuitesInProcess(ForkedBooter.java:155)
	at org.apache.maven.surefire.booter.ForkedBooter.main(ForkedBooter.java:103)
Caused by: com.aerospike.helper.query.ClusterRefreshError: Cannot find UDF modules
	at com.aerospike.helper.query.QueryEngine.refreshModules(QueryEngine.java:678)
	at com.aerospike.helper.query.QueryEngine.refreshCluster(QueryEngine.java:536)
	at com.aerospike.helper.query.QueryEngine.setClient(QueryEngine.java:129)
	at com.aerospike.helper.query.QueryEngine.<init>(QueryEngine.java:110)
	at org.springframework.data.aerospike.core.AerospikeTemplate.<init>(AerospikeTemplate.java:132)
	at org.springframework.data.aerospike.repository.TestConfigPerson.aerospikeTemplate(TestConfigPerson.java:38)
	at org.springframework.data.aerospike.repository.TestConfigPerson$$EnhancerBySpringCGLIB$$3f27a8da.CGLIB$aerospikeTemplate$0(<generated>)
	at org.springframework.data.aerospike.repository.TestConfigPerson$$EnhancerBySpringCGLIB$$3f27a8da$$FastClassBySpringCGLIB$$38965c5e.invoke(<generated>)
	at org.springframework.cglib.proxy.MethodProxy.invokeSuper(MethodProxy.java:228)
	at org.springframework.context.annotation.ConfigurationClassEnhancer$BeanMethodInterceptor.intercept(ConfigurationClassEnhancer.java:309)
	at org.springframework.data.aerospike.repository.TestConfigPerson$$EnhancerBySpringCGLIB$$3f27a8da.aerospikeTemplate(<generated>)
	at sun.reflect.GeneratedMethodAccessor45.invoke(Unknown Source)
	at sun.reflect.DelegatingMethodAccessorImpl.invoke(DelegatingMethodAccessorImpl.java:43)
	at java.lang.reflect.Method.invoke(Method.java:498)
	at org.springframework.beans.factory.support.SimpleInstantiationStrategy.instantiate(SimpleInstantiationStrategy.java:162)
	at org.springframework.beans.factory.support.ConstructorResolver.instantiateUsingFactoryMethod(ConstructorResolver.java:588)
	at org.springframework.beans.factory.support.AbstractAutowireCapableBeanFactory.instantiateUsingFactoryMethod(AbstractAutowireCapableBeanFactory.java:1119)
	at org.springframework.beans.factory.support.AbstractAutowireCapableBeanFactory.createBeanInstance(AbstractAutowireCapableBeanFactory.java:1014)
	at org.springframework.beans.factory.support.AbstractAutowireCapableBeanFactory.doCreateBean(AbstractAutowireCapableBeanFactory.java:504)
	at org.springframework.beans.factory.support.AbstractAutowireCapableBeanFactory.createBean(AbstractAutowireCapableBeanFactory.java:476)
	at org.springframework.beans.factory.support.AbstractBeanFactory$1.getObject(AbstractBeanFactory.java:303)
	at org.springframework.beans.factory.support.DefaultSingletonBeanRegistry.getSingleton(DefaultSingletonBeanRegistry.java:230)
	at org.springframework.beans.factory.support.AbstractBeanFactory.doGetBean(AbstractBeanFactory.java:299)
	at org.springframework.beans.factory.support.AbstractBeanFactory.getBean(AbstractBeanFactory.java:194)
	at org.springframework.beans.factory.support.DefaultListableBeanFactory.preInstantiateSingletons(DefaultListableBeanFactory.java:755)
	at org.springframework.context.support.AbstractApplicationContext.finishBeanFactoryInitialization(AbstractApplicationContext.java:757)
	at org.springframework.context.support.AbstractApplicationContext.refresh(AbstractApplicationContext.java:480)
	at org.springframework.test.context.support.AbstractGenericContextLoader.loadContext(AbstractGenericContextLoader.java:125)
	at org.springframework.test.context.support.AbstractGenericContextLoader.loadContext(AbstractGenericContextLoader.java:60)
	at org.springframework.test.context.support.AbstractDelegatingSmartContextLoader.delegateLoading(AbstractDelegatingSmartContextLoader.java:109)
	at org.springframework.test.context.support.AbstractDelegatingSmartContextLoader.loadContext(AbstractDelegatingSmartContextLoader.java:261)
	at org.springframework.test.context.DefaultCacheAwareContextLoaderDelegate.loadContextInternal(DefaultCacheAwareContextLoaderDelegate.java:68)
	at org.springframework.test.context.DefaultCacheAwareContextLoaderDelegate.loadContext(DefaultCacheAwareContextLoaderDelegate.java:86)
	at org.springframework.test.context.DefaultTestContext.getApplicationContext(DefaultTestContext.java:72)
	at org.springframework.test.context.support.DependencyInjectionTestExecutionListener.injectDependencies(DependencyInjectionTestExecutionListener.java:117)
	at org.springframework.test.context.support.DependencyInjectionTestExecutionListener.prepareTestInstance(DependencyInjectionTestExecutionListener.java:83)
	at org.springframework.test.context.TestContextManager.prepareTestInstance(TestContextManager.java:212)
	at org.springframework.test.context.junit4.SpringJUnit4ClassRunner.createTest(SpringJUnit4ClassRunner.java:200)
	at org.springframework.test.context.junit4.SpringJUnit4ClassRunner$1.runReflectiveCall(SpringJUnit4ClassRunner.java:259)
	at org.junit.internal.runners.model.ReflectiveCallable.run(ReflectiveCallable.java:12)
	at org.springframework.test.context.junit4.SpringJUnit4ClassRunner.methodBlock(SpringJUnit4ClassRunner.java:261)
	at org.springframework.test.context.junit4.SpringJUnit4ClassRunner.runChild(SpringJUnit4ClassRunner.java:219)
	at org.springframework.test.context.junit4.SpringJUnit4ClassRunner.runChild(SpringJUnit4ClassRunner.java:83)
	at org.junit.runners.ParentRunner$3.run(ParentRunner.java:290)
	at org.junit.runners.ParentRunner$1.schedule(ParentRunner.java:71)
	at org.junit.runners.ParentRunner.runChildren(ParentRunner.java:288)
	at org.junit.runners.ParentRunner.access$000(ParentRunner.java:58)
	at org.junit.runners.ParentRunner$2.evaluate(ParentRunner.java:268)
	at org.springframework.test.context.junit4.statements.RunBeforeTestClassCallbacks.evaluate(RunBeforeTestClassCallbacks.java:61)
	at org.springframework.test.context.junit4.statements.RunAfterTestClassCallbacks.evaluate(RunAfterTestClassCallbacks.java:68)
	at org.junit.runners.ParentRunner.run(ParentRunner.java:363)
	at org.springframework.test.context.junit4.SpringJUnit4ClassRunner.run(SpringJUnit4ClassRunner.java:163)
	at org.apache.maven.surefire.junit4.JUnit4Provider.execute(JUnit4Provider.java:283)
	at org.apache.maven.surefire.junit4.JUnit4Provider.executeWithRerun(JUnit4Provider.java:173)
	at org.apache.maven.surefire.junit4.JUnit4Provider.executeTestSet(JUnit4Provider.java:153)
	at org.apache.maven.surefire.junit4.JUnit4Provider.invoke(JUnit4Provider.java:128)
	at org.apache.maven.surefire.booter.ForkedBooter.invokeProviderInSameClassLoader(ForkedBooter.java:203)
	at org.apache.maven.surefire.booter.ForkedBooter.runSuitesInProcess(ForkedBooter.java:155)
	at org.apache.maven.surefire.booter.ForkedBooter.main(ForkedBooter.java:103)
]]></error>
    <system-out><![CDATA[16:38:27.880 [main] DEBUG o.s.t.annotation.ProfileValueUtils - Retrieved @ProfileValueSourceConfiguration [null] for test class [org.springframework.data.aerospike.repository.PersonRepositoryIntegrationTests]
16:38:27.880 [main] DEBUG o.s.t.annotation.ProfileValueUtils - Retrieved ProfileValueSource type [class org.springframework.test.annotation.SystemProfileValueSource] for class [org.springframework.data.aerospike.repository.PersonRepositoryIntegrationTests]
16:38:27.880 [main] DEBUG o.s.t.c.s.DependencyInjectionTestExecutionListener - Performing dependency injection for test context [[DefaultTestContext@6c1cfa53 testClass = PersonRepositoryIntegrationTests, testInstance = org.springframework.data.aerospike.repository.PersonRepositoryIntegrationTests@22791b75, testMethod = [null], testException = [null], mergedContextConfiguration = [MergedContextConfiguration@52b06bef testClass = PersonRepositoryIntegrationTests, locations = '{}', classes = '{class org.springframework.data.aerospike.repository.TestConfigPerson}', contextInitializerClasses = '[]', activeProfiles = '{}', propertySourceLocations = '{}', propertySourceProperties = '{}', contextLoader = 'org.springframework.test.context.support.DelegatingSmartContextLoader', parent = [null]]]].
16:38:27.880 [main] DEBUG o.s.t.c.s.AbstractDelegatingSmartContextLoader - Delegating to AnnotationConfigContextLoader to load context from [MergedContextConfiguration@52b06bef testClass = PersonRepositoryIntegrationTests, locations = '{}', classes = '{class org.springframework.data.aerospike.repository.TestConfigPerson}', contextInitializerClasses = '[]', activeProfiles = '{}', propertySourceLocations = '{}', propertySourceProperties = '{}', contextLoader = 'org.springframework.test.context.support.DelegatingSmartContextLoader', parent = [null]].
16:38:27.880 [main] DEBUG o.s.t.c.s.AbstractGenericContextLoader - Loading ApplicationContext for merged context configuration [[MergedContextConfiguration@52b06bef testClass = PersonRepositoryIntegrationTests, locations = '{}', classes = '{class org.springframework.data.aerospike.repository.TestConfigPerson}', contextInitializerClasses = '[]', activeProfiles = '{}', propertySourceLocations = '{}', propertySourceProperties = '{}', contextLoader = 'org.springframework.test.context.support.DelegatingSmartContextLoader', parent = [null]]].
16:38:27.880 [main] DEBUG o.s.core.env.StandardEnvironment - Adding [systemProperties] PropertySource with lowest search precedence
16:38:27.880 [main] DEBUG o.s.core.env.StandardEnvironment - Adding [systemEnvironment] PropertySource with lowest search precedence
16:38:27.880 [main] DEBUG o.s.core.env.StandardEnvironment - Initialized StandardEnvironment with PropertySources [systemProperties,systemEnvironment]
16:38:27.880 [main] DEBUG o.s.t.c.s.AnnotationConfigContextLoader - Registering annotated classes: {class org.springframework.data.aerospike.repository.TestConfigPerson}
16:38:27.881 [main] INFO  o.s.c.s.GenericApplicationContext - Refreshing org.springframework.context.support.GenericApplicationContext@64f4f12: startup date [Tue Oct 04 16:38:27 BRT 2016]; root of context hierarchy
16:38:27.881 [main] DEBUG o.s.c.s.GenericApplicationContext - Bean factory for org.springframework.context.support.GenericApplicationContext@64f4f12: org.springframework.beans.factory.support.DefaultListableBeanFactory@37d28938: defining beans [org.springframework.context.annotation.internalConfigurationAnnotationProcessor,org.springframework.context.annotation.internalAutowiredAnnotationProcessor,org.springframework.context.annotation.internalRequiredAnnotationProcessor,org.springframework.context.annotation.internalCommonAnnotationProcessor,testConfigPerson]; root of factory hierarchy
16:38:27.881 [main] DEBUG o.s.b.f.s.DefaultListableBeanFactory - Creating shared instance of singleton bean 'org.springframework.context.annotation.internalConfigurationAnnotationProcessor'
16:38:27.881 [main] DEBUG o.s.b.f.s.DefaultListableBeanFactory - Creating instance of bean 'org.springframework.context.annotation.internalConfigurationAnnotationProcessor'
16:38:27.881 [main] DEBUG o.s.b.f.s.DefaultListableBeanFactory - Eagerly caching bean 'org.springframework.context.annotation.internalConfigurationAnnotationProcessor' to allow for resolving potential circular references
16:38:27.881 [main] DEBUG o.s.b.f.s.DefaultListableBeanFactory - Finished creating instance of bean 'org.springframework.context.annotation.internalConfigurationAnnotationProcessor'
16:38:27.882 [main] DEBUG o.s.c.a.ConfigurationClassBeanDefinitionReader - Registering bean definition for @Bean method org.springframework.data.aerospike.repository.TestConfigPerson.aerospikeTemplate()
16:38:27.882 [main] DEBUG o.s.c.a.ConfigurationClassBeanDefinitionReader - Registering bean definition for @Bean method org.springframework.data.aerospike.repository.TestConfigPerson.aerospikeClient()
16:38:27.882 [main] DEBUG o.s.core.env.StandardEnvironment - Adding [systemProperties] PropertySource with lowest search precedence
16:38:27.882 [main] DEBUG o.s.core.env.StandardEnvironment - Adding [systemEnvironment] PropertySource with lowest search precedence
16:38:27.882 [main] DEBUG o.s.core.env.StandardEnvironment - Initialized StandardEnvironment with PropertySources [systemProperties,systemEnvironment]
16:38:27.882 [main] DEBUG o.s.c.i.s.PathMatchingResourcePatternResolver - Looking for matching resources in directory tree [/home/aluno/spring-projects/maven/spring-data-aerospike/target/test-classes/org/springframework/data]
16:38:27.883 [main] DEBUG o.s.c.i.s.PathMatchingResourcePatternResolver - Searching directory [/home/aluno/spring-projects/maven/spring-data-aerospike/target/test-classes/org/springframework/data] for files matching pattern [/home/aluno/spring-projects/maven/spring-data-aerospike/target/test-classes/org/springframework/data/**/repository/support/**/*.class]
16:38:27.883 [main] DEBUG o.s.c.i.s.PathMatchingResourcePatternResolver - Searching directory [/home/aluno/spring-projects/maven/spring-data-aerospike/target/test-classes/org/springframework/data/keyvalue] for files matching pattern [/home/aluno/spring-projects/maven/spring-data-aerospike/target/test-classes/org/springframework/data/**/repository/support/**/*.class]
16:38:27.883 [main] DEBUG o.s.c.i.s.PathMatchingResourcePatternResolver - Searching directory [/home/aluno/spring-projects/maven/spring-data-aerospike/target/test-classes/org/springframework/data/keyvalue/repository] for files matching pattern [/home/aluno/spring-projects/maven/spring-data-aerospike/target/test-classes/org/springframework/data/**/repository/support/**/*.class]
16:38:27.883 [main] DEBUG o.s.c.i.s.PathMatchingResourcePatternResolver - Searching directory [/home/aluno/spring-projects/maven/spring-data-aerospike/target/test-classes/org/springframework/data/keyvalue/repository/query] for files matching pattern [/home/aluno/spring-projects/maven/spring-data-aerospike/target/test-classes/org/springframework/data/**/repository/support/**/*.class]
16:38:27.883 [main] DEBUG o.s.c.i.s.PathMatchingResourcePatternResolver - Searching directory [/home/aluno/spring-projects/maven/spring-data-aerospike/target/test-classes/org/springframework/data/aerospike] for files matching pattern [/home/aluno/spring-projects/maven/spring-data-aerospike/target/test-classes/org/springframework/data/**/repository/support/**/*.class]
16:38:27.883 [main] DEBUG o.s.c.i.s.PathMatchingResourcePatternResolver - Searching directory [/home/aluno/spring-projects/maven/spring-data-aerospike/target/test-classes/org/springframework/data/aerospike/mapping] for files matching pattern [/home/aluno/spring-projects/maven/spring-data-aerospike/target/test-classes/org/springframework/data/**/repository/support/**/*.class]
16:38:27.883 [main] DEBUG o.s.c.i.s.PathMatchingResourcePatternResolver - Searching directory [/home/aluno/spring-projects/maven/spring-data-aerospike/target/test-classes/org/springframework/data/aerospike/core] for files matching pattern [/home/aluno/spring-projects/maven/spring-data-aerospike/target/test-classes/org/springframework/data/**/repository/support/**/*.class]
16:38:27.883 [main] DEBUG o.s.c.i.s.PathMatchingResourcePatternResolver - Searching directory [/home/aluno/spring-projects/maven/spring-data-aerospike/target/test-classes/org/springframework/data/aerospike/convert] for files matching pattern [/home/aluno/spring-projects/maven/spring-data-aerospike/target/test-classes/org/springframework/data/**/repository/support/**/*.class]
16:38:27.885 [main] DEBUG o.s.c.i.s.PathMatchingResourcePatternResolver - Searching directory [/home/aluno/spring-projects/maven/spring-data-aerospike/target/test-classes/org/springframework/data/aerospike/sample] for files matching pattern [/home/aluno/spring-projects/maven/spring-data-aerospike/target/test-classes/org/springframework/data/**/repository/support/**/*.class]
16:38:27.885 [main] DEBUG o.s.c.i.s.PathMatchingResourcePatternResolver - Searching directory [/home/aluno/spring-projects/maven/spring-data-aerospike/target/test-classes/org/springframework/data/aerospike/repository] for files matching pattern [/home/aluno/spring-projects/maven/spring-data-aerospike/target/test-classes/org/springframework/data/**/repository/support/**/*.class]
16:38:27.886 [main] DEBUG o.s.c.i.s.PathMatchingResourcePatternResolver - Searching directory [/home/aluno/spring-projects/maven/spring-data-aerospike/target/test-classes/org/springframework/data/aerospike/repository/support] for files matching pattern [/home/aluno/spring-projects/maven/spring-data-aerospike/target/test-classes/org/springframework/data/**/repository/support/**/*.class]
16:38:27.886 [main] DEBUG o.s.c.i.s.PathMatchingResourcePatternResolver - Searching directory [/home/aluno/spring-projects/maven/spring-data-aerospike/target/test-classes/org/springframework/data/aerospike/repository/query] for files matching pattern [/home/aluno/spring-projects/maven/spring-data-aerospike/target/test-classes/org/springframework/data/**/repository/support/**/*.class]
16:38:27.886 [main] DEBUG o.s.c.i.s.PathMatchingResourcePatternResolver - Searching directory [/home/aluno/spring-projects/maven/spring-data-aerospike/target/test-classes/org/springframework/data/aerospike/config] for files matching pattern [/home/aluno/spring-projects/maven/spring-data-aerospike/target/test-classes/org/springframework/data/**/repository/support/**/*.class]
16:38:27.886 [main] DEBUG o.s.c.i.s.PathMatchingResourcePatternResolver - Searching directory [/home/aluno/spring-projects/maven/spring-data-aerospike/target/test-classes/org/springframework/data/aerospike/cache] for files matching pattern [/home/aluno/spring-projects/maven/spring-data-aerospike/target/test-classes/org/springframework/data/**/repository/support/**/*.class]
16:38:27.886 [main] DEBUG o.s.c.i.s.PathMatchingResourcePatternResolver - Looking for matching resources in directory tree [/home/aluno/spring-projects/maven/spring-data-aerospike/target/classes/org/springframework/data]
16:38:27.886 [main] DEBUG o.s.c.i.s.PathMatchingResourcePatternResolver - Searching directory [/home/aluno/spring-projects/maven/spring-data-aerospike/target/classes/org/springframework/data] for files matching pattern [/home/aluno/spring-projects/maven/spring-data-aerospike/target/classes/org/springframework/data/**/repository/support/**/*.class]
16:38:27.886 [main] DEBUG o.s.c.i.s.PathMatchingResourcePatternResolver - Searching directory [/home/aluno/spring-projects/maven/spring-data-aerospike/target/classes/org/springframework/data/aerospike] for files matching pattern [/home/aluno/spring-projects/maven/spring-data-aerospike/target/classes/org/springframework/data/**/repository/support/**/*.class]
16:38:27.886 [main] DEBUG o.s.c.i.s.PathMatchingResourcePatternResolver - Searching directory [/home/aluno/spring-projects/maven/spring-data-aerospike/target/classes/org/springframework/data/aerospike/mapping] for files matching pattern [/home/aluno/spring-projects/maven/spring-data-aerospike/target/classes/org/springframework/data/**/repository/support/**/*.class]
16:38:27.887 [main] DEBUG o.s.c.i.s.PathMatchingResourcePatternResolver - Searching directory [/home/aluno/spring-projects/maven/spring-data-aerospike/target/classes/org/springframework/data/aerospike/core] for files matching pattern [/home/aluno/spring-projects/maven/spring-data-aerospike/target/classes/org/springframework/data/**/repository/support/**/*.class]
16:38:27.887 [main] DEBUG o.s.c.i.s.PathMatchingResourcePatternResolver - Searching directory [/home/aluno/spring-projects/maven/spring-data-aerospike/target/classes/org/springframework/data/aerospike/convert] for files matching pattern [/home/aluno/spring-projects/maven/spring-data-aerospike/target/classes/org/springframework/data/**/repository/support/**/*.class]
16:38:27.887 [main] DEBUG o.s.c.i.s.PathMatchingResourcePatternResolver - Searching directory [/home/aluno/spring-projects/maven/spring-data-aerospike/target/classes/org/springframework/data/aerospike/example] for files matching pattern [/home/aluno/spring-projects/maven/spring-data-aerospike/target/classes/org/springframework/data/**/repository/support/**/*.class]
16:38:27.887 [main] DEBUG o.s.c.i.s.PathMatchingResourcePatternResolver - Searching directory [/home/aluno/spring-projects/maven/spring-data-aerospike/target/classes/org/springframework/data/aerospike/example/data] for files matching pattern [/home/aluno/spring-projects/maven/spring-data-aerospike/target/classes/org/springframework/data/**/repository/support/**/*.class]
16:38:27.887 [main] DEBUG o.s.c.i.s.PathMatchingResourcePatternResolver - Searching directory [/home/aluno/spring-projects/maven/spring-data-aerospike/target/classes/org/springframework/data/aerospike/example/config] for files matching pattern [/home/aluno/spring-projects/maven/spring-data-aerospike/target/classes/org/springframework/data/**/repository/support/**/*.class]
16:38:27.888 [main] DEBUG o.s.c.i.s.PathMatchingResourcePatternResolver - Searching directory [/home/aluno/spring-projects/maven/spring-data-aerospike/target/classes/org/springframework/data/aerospike/annotation] for files matching pattern [/home/aluno/spring-projects/maven/spring-data-aerospike/target/classes/org/springframework/data/**/repository/support/**/*.class]
16:38:27.888 [main] DEBUG o.s.c.i.s.PathMatchingResourcePatternResolver - Searching directory [/home/aluno/spring-projects/maven/spring-data-aerospike/target/classes/org/springframework/data/aerospike/repository] for files matching pattern [/home/aluno/spring-projects/maven/spring-data-aerospike/target/classes/org/springframework/data/**/repository/support/**/*.class]
16:38:27.888 [main] DEBUG o.s.c.i.s.PathMatchingResourcePatternResolver - Searching directory [/home/aluno/spring-projects/maven/spring-data-aerospike/target/classes/org/springframework/data/aerospike/repository/support] for files matching pattern [/home/aluno/spring-projects/maven/spring-data-aerospike/target/classes/org/springframework/data/**/repository/support/**/*.class]
16:38:27.888 [main] DEBUG o.s.c.i.s.PathMatchingResourcePatternResolver - Searching directory [/home/aluno/spring-projects/maven/spring-data-aerospike/target/classes/org/springframework/data/aerospike/repository/config] for files matching pattern [/home/aluno/spring-projects/maven/spring-data-aerospike/target/classes/org/springframework/data/**/repository/support/**/*.class]
16:38:27.888 [main] DEBUG o.s.c.i.s.PathMatchingResourcePatternResolver - Searching directory [/home/aluno/spring-projects/maven/spring-data-aerospike/target/classes/org/springframework/data/aerospike/repository/query] for files matching pattern [/home/aluno/spring-projects/maven/spring-data-aerospike/target/classes/org/springframework/data/**/repository/support/**/*.class]
16:38:27.888 [main] DEBUG o.s.c.i.s.PathMatchingResourcePatternResolver - Searching directory [/home/aluno/spring-projects/maven/spring-data-aerospike/target/classes/org/springframework/data/aerospike/config] for files matching pattern [/home/aluno/spring-projects/maven/spring-data-aerospike/target/classes/org/springframework/data/**/repository/support/**/*.class]
16:38:27.888 [main] DEBUG o.s.c.i.s.PathMatchingResourcePatternResolver - Searching directory [/home/aluno/spring-projects/maven/spring-data-aerospike/target/classes/org/springframework/data/aerospike/cache] for files matching pattern [/home/aluno/spring-projects/maven/spring-data-aerospike/target/classes/org/springframework/data/**/repository/support/**/*.class]
16:38:27.888 [main] DEBUG o.s.c.i.s.PathMatchingResourcePatternResolver - Searching directory [/home/aluno/spring-projects/maven/spring-data-aerospike/target/classes/org/springframework/data/aerospike/utility] for files matching pattern [/home/aluno/spring-projects/maven/spring-data-aerospike/target/classes/org/springframework/data/**/repository/support/**/*.class]
16:38:27.888 [main] DEBUG o.s.c.i.s.PathMatchingResourcePatternResolver - Looking for matching resources in jar file [file:/home/aluno/.m2/repository/org/springframework/data/spring-data-commons/1.11.0.RELEASE/spring-data-commons-1.11.0.RELEASE.jar]
16:38:27.889 [main] DEBUG o.s.c.i.s.PathMatchingResourcePatternResolver - Looking for matching resources in jar file [file:/home/aluno/.m2/repository/org/springframework/data/spring-data-keyvalue/1.0.0.M1/spring-data-keyvalue-1.0.0.M1.jar]
16:38:27.890 [main] DEBUG o.s.c.i.s.PathMatchingResourcePatternResolver - Resolved location pattern [classpath*:org/springframework/data/**/repository/support/**/*.class] to resources [file [/home/aluno/spring-projects/maven/spring-data-aerospike/target/test-classes/org/springframework/data/aerospike/repository/support/SimpleAerospikeRepositoryTest$5.class], file [/home/aluno/spring-projects/maven/spring-data-aerospike/target/test-classes/org/springframework/data/aerospike/repository/support/SimpleAerospikeRepositoryTest$9.class], file [/home/aluno/spring-projects/maven/spring-data-aerospike/target/test-classes/org/springframework/data/aerospike/repository/support/SimpleAerospikeRepositoryTest$4.class], file [/home/aluno/spring-projects/maven/spring-data-aerospike/target/test-classes/org/springframework/data/aerospike/repository/support/AerospikeRepositoryFactoryTest.class], file [/home/aluno/spring-projects/maven/spring-data-aerospike/target/test-classes/org/springframework/data/aerospike/repository/support/SimpleAerospikeRepositoryTest.class], file [/home/aluno/spring-projects/maven/spring-data-aerospike/target/test-classes/org/springframework/data/aerospike/repository/support/SimpleAerospikeRepositoryTest$1.class], file [/home/aluno/spring-projects/maven/spring-data-aerospike/target/test-classes/org/springframework/data/aerospike/repository/support/SimpleAerospikeRepositoryTest$3.class], file [/home/aluno/spring-projects/maven/spring-data-aerospike/target/test-classes/org/springframework/data/aerospike/repository/support/SimpleAerospikeRepositoryTest$8.class], file [/home/aluno/spring-projects/maven/spring-data-aerospike/target/test-classes/org/springframework/data/aerospike/repository/support/SimpleAerospikeRepositoryTest$6.class], file [/home/aluno/spring-projects/maven/spring-data-aerospike/target/test-classes/org/springframework/data/aerospike/repository/support/SimpleAerospikeRepositoryTest$2.class], file [/home/aluno/spring-projects/maven/spring-data-aerospike/target/test-classes/org/springframework/data/aerospike/repository/support/AllTests.class], file [/home/aluno/spring-projects/maven/spring-data-aerospike/target/test-classes/org/springframework/data/aerospike/repository/support/SimpleAerospikeRepositoryTest$7.class], file [/home/aluno/spring-projects/maven/spring-data-aerospike/target/classes/org/springframework/data/aerospike/repository/support/AerospikeRepositoryFactoryBean.class], file [/home/aluno/spring-projects/maven/spring-data-aerospike/target/classes/org/springframework/data/aerospike/repository/support/AerospikeRepositoryFactory$AerospikeQueryLookupStrategy.class], file [/home/aluno/spring-projects/maven/spring-data-aerospike/target/classes/org/springframework/data/aerospike/repository/support/AerospikeRepositoryFactory.class], file [/home/aluno/spring-projects/maven/spring-data-aerospike/target/classes/org/springframework/data/aerospike/repository/support/SimpleAerospikeRepository.class], URL [jar:file:/home/aluno/.m2/repository/org/springframework/data/spring-data-commons/1.11.0.RELEASE/spring-data-commons-1.11.0.RELEASE.jar!/org/springframework/data/repository/support/DomainClassConverter$ConversionMatchAbbreviationException.class], URL [jar:file:/home/aluno/.m2/repository/org/springframework/data/spring-data-commons/1.11.0.RELEASE/spring-data-commons-1.11.0.RELEASE.jar!/org/springframework/data/repository/support/DomainClassConverter$ToIdConverter.class], URL [jar:file:/home/aluno/.m2/repository/org/springframework/data/spring-data-commons/1.11.0.RELEASE/spring-data-commons-1.11.0.RELEASE.jar!/org/springframework/data/repository/support/Repositories$EmptyRepositoryFactoryInformation.class], URL [jar:file:/home/aluno/.m2/repository/org/springframework/data/spring-data-commons/1.11.0.RELEASE/spring-data-commons-1.11.0.RELEASE.jar!/org/springframework/data/repository/support/PagingAndSortingRepositoryInvoker.class], URL [jar:file:/home/aluno/.m2/repository/org/springframework/data/spring-data-commons/1.11.0.RELEASE/spring-data-commons-1.11.0.RELEASE.jar!/org/springframework/data/repository/support/QueryMethodParameterConversionException.class], URL [jar:file:/home/aluno/.m2/repository/org/springframework/data/spring-data-commons/1.11.0.RELEASE/spring-data-commons-1.11.0.RELEASE.jar!/org/springframework/data/repository/support/MethodParameters.class], URL [jar:file:/home/aluno/.m2/repository/org/springframework/data/spring-data-commons/1.11.0.RELEASE/spring-data-commons-1.11.0.RELEASE.jar!/org/springframework/data/repository/support/RepositoryInvoker.class], URL [jar:file:/home/aluno/.m2/repository/org/springframework/data/spring-data-commons/1.11.0.RELEASE/spring-data-commons-1.11.0.RELEASE.jar!/org/springframework/data/repository/support/RepositoryInvokerFactory.class], URL [jar:file:/home/aluno/.m2/repository/org/springframework/data/spring-data-commons/1.11.0.RELEASE/spring-data-commons-1.11.0.RELEASE.jar!/org/springframework/data/repository/support/DomainClassPropertyEditorRegistrar.class], URL [jar:file:/home/aluno/.m2/repository/org/springframework/data/spring-data-commons/1.11.0.RELEASE/spring-data-commons-1.11.0.RELEASE.jar!/org/springframework/data/repository/support/AnnotationAttribute.class], URL [jar:file:/home/aluno/.m2/repository/org/springframework/data/spring-data-commons/1.11.0.RELEASE/spring-data-commons-1.11.0.RELEASE.jar!/org/springframework/data/repository/support/DefaultRepositoryInvokerFactory.class], URL [jar:file:/home/aluno/.m2/repository/org/springframework/data/spring-data-commons/1.11.0.RELEASE/spring-data-commons-1.11.0.RELEASE.jar!/org/springframework/data/repository/support/MethodParameters$AnnotationNamingMethodParameter.class], URL [jar:file:/home/aluno/.m2/repository/org/springframework/data/spring-data-commons/1.11.0.RELEASE/spring-data-commons-1.11.0.RELEASE.jar!/org/springframework/data/repository/support/CrudRepositoryInvoker.class], URL [jar:file:/home/aluno/.m2/repository/org/springframework/data/spring-data-commons/1.11.0.RELEASE/spring-data-commons-1.11.0.RELEASE.jar!/org/springframework/data/repository/support/Repositories.class], URL [jar:file:/home/aluno/.m2/repository/org/springframework/data/spring-data-commons/1.11.0.RELEASE/spring-data-commons-1.11.0.RELEASE.jar!/org/springframework/data/repository/support/DomainClassConverter$ToEntityConverter.class], URL [jar:file:/home/aluno/.m2/repository/org/springframework/data/spring-data-commons/1.11.0.RELEASE/spring-data-commons-1.11.0.RELEASE.jar!/org/springframework/data/repository/support/ReflectionRepositoryInvoker.class], URL [jar:file:/home/aluno/.m2/repository/org/springframework/data/spring-data-commons/1.11.0.RELEASE/spring-data-commons-1.11.0.RELEASE.jar!/org/springframework/data/repository/support/DomainClassPropertyEditor.class], URL [jar:file:/home/aluno/.m2/repository/org/springframework/data/spring-data-commons/1.11.0.RELEASE/spring-data-commons-1.11.0.RELEASE.jar!/org/springframework/data/repository/support/DomainClassConverter.class], URL [jar:file:/home/aluno/.m2/repository/org/springframework/data/spring-data-commons/1.11.0.RELEASE/spring-data-commons-1.11.0.RELEASE.jar!/org/springframework/data/repository/support/DomainClassConverter$1.class], URL [jar:file:/home/aluno/.m2/repository/org/springframework/data/spring-data-commons/1.11.0.RELEASE/spring-data-commons-1.11.0.RELEASE.jar!/org/springframework/data/repository/support/RepositoryInvocationInformation.class], URL [jar:file:/home/aluno/.m2/repository/org/springframework/data/spring-data-keyvalue/1.0.0.M1/spring-data-keyvalue-1.0.0.M1.jar!/org/springframework/data/keyvalue/repository/support/KeyValueRepositoryFactory$KeyValueQueryLookupStrategy.class], URL [jar:file:/home/aluno/.m2/repository/org/springframework/data/spring-data-keyvalue/1.0.0.M1/spring-data-keyvalue-1.0.0.M1.jar!/org/springframework/data/keyvalue/repository/support/QuerydslKeyValueRepository.class], URL [jar:file:/home/aluno/.m2/repository/org/springframework/data/spring-data-keyvalue/1.0.0.M1/spring-data-keyvalue-1.0.0.M1.jar!/org/springframework/data/keyvalue/repository/support/KeyValueRepositoryFactoryBean.class], URL [jar:file:/home/aluno/.m2/repository/org/springframework/data/spring-data-keyvalue/1.0.0.M1/spring-data-keyvalue-1.0.0.M1.jar!/org/springframework/data/keyvalue/repository/support/KeyValueQuerydslUtils$1.class], URL [jar:file:/home/aluno/.m2/repository/org/springframework/data/spring-data-keyvalue/1.0.0.M1/spring-data-keyvalue-1.0.0.M1.jar!/org/springframework/data/keyvalue/repository/support/KeyValueQuerydslUtils.class], URL [jar:file:/home/aluno/.m2/repository/org/springframework/data/spring-data-keyvalue/1.0.0.M1/spring-data-keyvalue-1.0.0.M1.jar!/org/springframework/data/keyvalue/repository/support/KeyValueRepositoryFactory.class], URL [jar:file:/home/aluno/.m2/repository/org/springframework/data/spring-data-keyvalue/1.0.0.M1/spring-data-keyvalue-1.0.0.M1.jar!/org/springframework/data/keyvalue/repository/support/SimpleKeyValueRepository.class]]
16:38:27.891 [main] DEBUG o.s.c.a.ClassPathScanningCandidateComponentProvider - Identified candidate component class: file [/home/aluno/spring-projects/maven/spring-data-aerospike/target/classes/org/springframework/data/aerospike/repository/support/AerospikeRepositoryFactory.class]
16:38:27.895 [main] DEBUG o.s.c.a.ClassPathScanningCandidateComponentProvider - Identified candidate component class: URL [jar:file:/home/aluno/.m2/repository/org/springframework/data/spring-data-keyvalue/1.0.0.M1/spring-data-keyvalue-1.0.0.M1.jar!/org/springframework/data/keyvalue/repository/support/KeyValueRepositoryFactory.class]
16:38:27.895 [main] DEBUG o.s.d.r.c.RepositoryConfigurationDelegate - Multiple Spring Data modules found, entering strict repository configuration mode!
16:38:27.895 [main] DEBUG o.s.core.env.StandardEnvironment - Adding [systemProperties] PropertySource with lowest search precedence
16:38:27.895 [main] DEBUG o.s.core.env.StandardEnvironment - Adding [systemEnvironment] PropertySource with lowest search precedence
16:38:27.896 [main] DEBUG o.s.core.env.StandardEnvironment - Initialized StandardEnvironment with PropertySources [systemProperties,systemEnvironment]
16:38:27.896 [main] DEBUG o.s.c.i.s.PathMatchingResourcePatternResolver - Looking for matching resources in directory tree [/home/aluno/spring-projects/maven/spring-data-aerospike/target/test-classes/org/springframework/data/aerospike/repository]
16:38:27.896 [main] DEBUG o.s.c.i.s.PathMatchingResourcePatternResolver - Searching directory [/home/aluno/spring-projects/maven/spring-data-aerospike/target/test-classes/org/springframework/data/aerospike/repository] for files matching pattern [/home/aluno/spring-projects/maven/spring-data-aerospike/target/test-classes/org/springframework/data/aerospike/repository/**/*.class]
16:38:27.898 [main] DEBUG o.s.c.i.s.PathMatchingResourcePatternResolver - Searching directory [/home/aluno/spring-projects/maven/spring-data-aerospike/target/test-classes/org/springframework/data/aerospike/repository/support] for files matching pattern [/home/aluno/spring-projects/maven/spring-data-aerospike/target/test-classes/org/springframework/data/aerospike/repository/**/*.class]
16:38:27.898 [main] DEBUG o.s.c.i.s.PathMatchingResourcePatternResolver - Searching directory [/home/aluno/spring-projects/maven/spring-data-aerospike/target/test-classes/org/springframework/data/aerospike/repository/query] for files matching pattern [/home/aluno/spring-projects/maven/spring-data-aerospike/target/test-classes/org/springframework/data/aerospike/repository/**/*.class]
16:38:27.898 [main] DEBUG o.s.c.i.s.PathMatchingResourcePatternResolver - Looking for matching resources in directory tree [/home/aluno/spring-projects/maven/spring-data-aerospike/target/classes/org/springframework/data/aerospike/repository]
16:38:27.898 [main] DEBUG o.s.c.i.s.PathMatchingResourcePatternResolver - Searching directory [/home/aluno/spring-projects/maven/spring-data-aerospike/target/classes/org/springframework/data/aerospike/repository] for files matching pattern [/home/aluno/spring-projects/maven/spring-data-aerospike/target/classes/org/springframework/data/aerospike/repository/**/*.class]
16:38:27.899 [main] DEBUG o.s.c.i.s.PathMatchingResourcePatternResolver - Searching directory [/home/aluno/spring-projects/maven/spring-data-aerospike/target/classes/org/springframework/data/aerospike/repository/support] for files matching pattern [/home/aluno/spring-projects/maven/spring-data-aerospike/target/classes/org/springframework/data/aerospike/repository/**/*.class]
16:38:27.899 [main] DEBUG o.s.c.i.s.PathMatchingResourcePatternResolver - Searching directory [/home/aluno/spring-projects/maven/spring-data-aerospike/target/classes/org/springframework/data/aerospike/repository/config] for files matching pattern [/home/aluno/spring-projects/maven/spring-data-aerospike/target/classes/org/springframework/data/aerospike/repository/**/*.class]
16:38:27.899 [main] DEBUG o.s.c.i.s.PathMatchingResourcePatternResolver - Searching directory [/home/aluno/spring-projects/maven/spring-data-aerospike/target/classes/org/springframework/data/aerospike/repository/query] for files matching pattern [/home/aluno/spring-projects/maven/spring-data-aerospike/target/classes/org/springframework/data/aerospike/repository/**/*.class]
16:38:27.899 [main] DEBUG o.s.c.i.s.PathMatchingResourcePatternResolver - Resolved location pattern [classpath*:org/springframework/data/aerospike/repository/**/*.class] to resources [file [/home/aluno/spring-projects/maven/spring-data-aerospike/target/test-classes/org/springframework/data/aerospike/repository/Credentials.class], file [/home/aluno/spring-projects/maven/spring-data-aerospike/target/test-classes/org/springframework/data/aerospike/repository/AbstractPersonRepositoryIntegrationTests$1.class], file [/home/aluno/spring-projects/maven/spring-data-aerospike/target/test-classes/org/springframework/data/aerospike/repository/PersonRepository.class], file [/home/aluno/spring-projects/maven/spring-data-aerospike/target/test-classes/org/springframework/data/aerospike/repository/TestConfigPerson.class], file [/home/aluno/spring-projects/maven/spring-data-aerospike/target/test-classes/org/springframework/data/aerospike/repository/Address.class], file [/home/aluno/spring-projects/maven/spring-data-aerospike/target/test-classes/org/springframework/data/aerospike/repository/Person$Sex.class], file [/home/aluno/spring-projects/maven/spring-data-aerospike/target/test-classes/org/springframework/data/aerospike/repository/Person.class], file [/home/aluno/spring-projects/maven/spring-data-aerospike/target/test-classes/org/springframework/data/aerospike/repository/ContactRepository.class], file [/home/aluno/spring-projects/maven/spring-data-aerospike/target/test-classes/org/springframework/data/aerospike/repository/AbstractPersonRepositoryIntegrationTests.class], file [/home/aluno/spring-projects/maven/spring-data-aerospike/target/test-classes/org/springframework/data/aerospike/repository/User.class], file [/home/aluno/spring-projects/maven/spring-data-aerospike/target/test-classes/org/springframework/data/aerospike/repository/CustomerRepositoriesIntegrationTests$Config.class], file [/home/aluno/spring-projects/maven/spring-data-aerospike/target/test-classes/org/springframework/data/aerospike/repository/AnnotatedPerson.class], file [/home/aluno/spring-projects/maven/spring-data-aerospike/target/test-classes/org/springframework/data/aerospike/repository/support/SimpleAerospikeRepositoryTest$5.class], file [/home/aluno/spring-projects/maven/spring-data-aerospike/target/test-classes/org/springframework/data/aerospike/repository/support/SimpleAerospikeRepositoryTest$9.class], file [/home/aluno/spring-projects/maven/spring-data-aerospike/target/test-classes/org/springframework/data/aerospike/repository/support/SimpleAerospikeRepositoryTest$4.class], file [/home/aluno/spring-projects/maven/spring-data-aerospike/target/test-classes/org/springframework/data/aerospike/repository/support/AerospikeRepositoryFactoryTest.class], file [/home/aluno/spring-projects/maven/spring-data-aerospike/target/test-classes/org/springframework/data/aerospike/repository/support/SimpleAerospikeRepositoryTest.class], file [/home/aluno/spring-projects/maven/spring-data-aerospike/target/test-classes/org/springframework/data/aerospike/repository/support/SimpleAerospikeRepositoryTest$1.class], file [/home/aluno/spring-projects/maven/spring-data-aerospike/target/test-classes/org/springframework/data/aerospike/repository/support/SimpleAerospikeRepositoryTest$3.class], file [/home/aluno/spring-projects/maven/spring-data-aerospike/target/test-classes/org/springframework/data/aerospike/repository/support/SimpleAerospikeRepositoryTest$8.class], file [/home/aluno/spring-projects/maven/spring-data-aerospike/target/test-classes/org/springframework/data/aerospike/repository/support/SimpleAerospikeRepositoryTest$6.class], file [/home/aluno/spring-projects/maven/spring-data-aerospike/target/test-classes/org/springframework/data/aerospike/repository/support/SimpleAerospikeRepositoryTest$2.class], file [/home/aluno/spring-projects/maven/spring-data-aerospike/target/test-classes/org/springframework/data/aerospike/repository/support/AllTests.class], file [/home/aluno/spring-projects/maven/spring-data-aerospike/target/test-classes/org/springframework/data/aerospike/repository/support/SimpleAerospikeRepositoryTest$7.class], file [/home/aluno/spring-projects/maven/spring-data-aerospike/target/test-classes/org/springframework/data/aerospike/repository/Contact.class], file [/home/aluno/spring-projects/maven/spring-data-aerospike/target/test-classes/org/springframework/data/aerospike/repository/AllTests.class], file [/home/aluno/spring-projects/maven/spring-data-aerospike/target/test-classes/org/springframework/data/aerospike/repository/PersonRepositoryIntegrationTests.class], file [/home/aluno/spring-projects/maven/spring-data-aerospike/target/test-classes/org/springframework/data/aerospike/repository/query/StubParameterAccessor.class], file [/home/aluno/spring-projects/maven/spring-data-aerospike/target/test-classes/org/springframework/data/aerospike/repository/query/AllTests.class], file [/home/aluno/spring-projects/maven/spring-data-aerospike/target/test-classes/org/springframework/data/aerospike/repository/query/AerospikePartTreeQueryTest.class], file [/home/aluno/spring-projects/maven/spring-data-aerospike/target/test-classes/org/springframework/data/aerospike/repository/CustomerRepositoriesIntegrationTests.class], file [/home/aluno/spring-projects/maven/spring-data-aerospike/target/classes/org/springframework/data/aerospike/repository/AerospikeRepository.class], file [/home/aluno/spring-projects/maven/spring-data-aerospike/target/classes/org/springframework/data/aerospike/repository/support/AerospikeRepositoryFactoryBean.class], file [/home/aluno/spring-projects/maven/spring-data-aerospike/target/classes/org/springframework/data/aerospike/repository/support/AerospikeRepositoryFactory$AerospikeQueryLookupStrategy.class], file [/home/aluno/spring-projects/maven/spring-data-aerospike/target/classes/org/springframework/data/aerospike/repository/support/AerospikeRepositoryFactory.class], file [/home/aluno/spring-projects/maven/spring-data-aerospike/target/classes/org/springframework/data/aerospike/repository/support/SimpleAerospikeRepository.class], file [/home/aluno/spring-projects/maven/spring-data-aerospike/target/classes/org/springframework/data/aerospike/repository/config/AerospikeRepositoriesRegistrar.class], file [/home/aluno/spring-projects/maven/spring-data-aerospike/target/classes/org/springframework/data/aerospike/repository/config/EnableAerospikeRepositories.class], file [/home/aluno/spring-projects/maven/spring-data-aerospike/target/classes/org/springframework/data/aerospike/repository/config/AerospikeRepositoriesRegistrar$1.class], file [/home/aluno/spring-projects/maven/spring-data-aerospike/target/classes/org/springframework/data/aerospike/repository/config/AerospikeRepositoriesRegistrar$AerospikeRepositoryConfigurationExtension.class], file [/home/aluno/spring-projects/maven/spring-data-aerospike/target/classes/org/springframework/data/aerospike/repository/query/AerospikeParameterAccessor.class], file [/home/aluno/spring-projects/maven/spring-data-aerospike/target/classes/org/springframework/data/aerospike/repository/query/Query.class], file [/home/aluno/spring-projects/maven/spring-data-aerospike/target/classes/org/springframework/data/aerospike/repository/query/ConvertingParameterAccessor.class], file [/home/aluno/spring-projects/maven/spring-data-aerospike/target/classes/org/springframework/data/aerospike/repository/query/AerospikeQueryCreator$1.class], file [/home/aluno/spring-projects/maven/spring-data-aerospike/target/classes/org/springframework/data/aerospike/repository/query/CriteriaDefinition.class], file [/home/aluno/spring-projects/maven/spring-data-aerospike/target/classes/org/springframework/data/aerospike/repository/query/TextCriteria.class], file [/home/aluno/spring-projects/maven/spring-data-aerospike/target/classes/org/springframework/data/aerospike/repository/query/Criteria.class], file [/home/aluno/spring-projects/maven/spring-data-aerospike/target/classes/org/springframework/data/aerospike/repository/query/AerospikePartTreeQuery.class], file [/home/aluno/spring-projects/maven/spring-data-aerospike/target/classes/org/springframework/data/aerospike/repository/query/AerospikeQueryCreator.class]]
16:38:27.899 [main] DEBUG o.s.d.r.c.RepositoryComponentProvider - Identified candidate component class: file [/home/aluno/spring-projects/maven/spring-data-aerospike/target/test-classes/org/springframework/data/aerospike/repository/PersonRepository.class]
16:38:27.900 [main] DEBUG o.s.d.r.c.RepositoryComponentProvider - Identified candidate component class: file [/home/aluno/spring-projects/maven/spring-data-aerospike/target/test-classes/org/springframework/data/aerospike/repository/ContactRepository.class]
16:38:27.906 [main] DEBUG o.s.core.env.StandardEnvironment - Adding [systemProperties] PropertySource with lowest search precedence
16:38:27.906 [main] DEBUG o.s.core.env.StandardEnvironment - Adding [systemEnvironment] PropertySource with lowest search precedence
16:38:27.906 [main] DEBUG o.s.core.env.StandardEnvironment - Initialized StandardEnvironment with PropertySources [systemProperties,systemEnvironment]
16:38:27.906 [main] DEBUG o.s.c.i.s.PathMatchingResourcePatternResolver - Looking for matching resources in directory tree [/home/aluno/spring-projects/maven/spring-data-aerospike/target/test-classes/org/springframework/data/aerospike/repository]
16:38:27.906 [main] DEBUG o.s.c.i.s.PathMatchingResourcePatternResolver - Searching directory [/home/aluno/spring-projects/maven/spring-data-aerospike/target/test-classes/org/springframework/data/aerospike/repository] for files matching pattern [/home/aluno/spring-projects/maven/spring-data-aerospike/target/test-classes/org/springframework/data/aerospike/repository/**/*PersonRepositoryImpl.class]
16:38:27.907 [main] DEBUG o.s.c.i.s.PathMatchingResourcePatternResolver - Searching directory [/home/aluno/spring-projects/maven/spring-data-aerospike/target/test-classes/org/springframework/data/aerospike/repository/support] for files matching pattern [/home/aluno/spring-projects/maven/spring-data-aerospike/target/test-classes/org/springframework/data/aerospike/repository/**/*PersonRepositoryImpl.class]
16:38:27.907 [main] DEBUG o.s.c.i.s.PathMatchingResourcePatternResolver - Searching directory [/home/aluno/spring-projects/maven/spring-data-aerospike/target/test-classes/org/springframework/data/aerospike/repository/query] for files matching pattern [/home/aluno/spring-projects/maven/spring-data-aerospike/target/test-classes/org/springframework/data/aerospike/repository/**/*PersonRepositoryImpl.class]
16:38:27.907 [main] DEBUG o.s.c.i.s.PathMatchingResourcePatternResolver - Looking for matching resources in directory tree [/home/aluno/spring-projects/maven/spring-data-aerospike/target/classes/org/springframework/data/aerospike/repository]
16:38:27.907 [main] DEBUG o.s.c.i.s.PathMatchingResourcePatternResolver - Searching directory [/home/aluno/spring-projects/maven/spring-data-aerospike/target/classes/org/springframework/data/aerospike/repository] for files matching pattern [/home/aluno/spring-projects/maven/spring-data-aerospike/target/classes/org/springframework/data/aerospike/repository/**/*PersonRepositoryImpl.class]
16:38:27.907 [main] DEBUG o.s.c.i.s.PathMatchingResourcePatternResolver - Searching directory [/home/aluno/spring-projects/maven/spring-data-aerospike/target/classes/org/springframework/data/aerospike/repository/support] for files matching pattern [/home/aluno/spring-projects/maven/spring-data-aerospike/target/classes/org/springframework/data/aerospike/repository/**/*PersonRepositoryImpl.class]
16:38:27.907 [main] DEBUG o.s.c.i.s.PathMatchingResourcePatternResolver - Searching directory [/home/aluno/spring-projects/maven/spring-data-aerospike/target/classes/org/springframework/data/aerospike/repository/config] for files matching pattern [/home/aluno/spring-projects/maven/spring-data-aerospike/target/classes/org/springframework/data/aerospike/repository/**/*PersonRepositoryImpl.class]
16:38:27.907 [main] DEBUG o.s.c.i.s.PathMatchingResourcePatternResolver - Searching directory [/home/aluno/spring-projects/maven/spring-data-aerospike/target/classes/org/springframework/data/aerospike/repository/query] for files matching pattern [/home/aluno/spring-projects/maven/spring-data-aerospike/target/classes/org/springframework/data/aerospike/repository/**/*PersonRepositoryImpl.class]
16:38:27.907 [main] DEBUG o.s.c.i.s.PathMatchingResourcePatternResolver - Resolved location pattern [classpath*:org/springframework/data/aerospike/repository/**/*PersonRepositoryImpl.class] to resources []
16:38:27.907 [main] DEBUG o.s.d.r.c.RepositoryConfigurationDelegate - Spring Data Aerospike - Registering repository: personRepository - Interface: org.springframework.data.aerospike.repository.PersonRepository - Factory: org.springframework.data.keyvalue.repository.support.KeyValueRepositoryFactoryBean
16:38:27.908 [main] DEBUG o.s.core.env.StandardEnvironment - Adding [systemProperties] PropertySource with lowest search precedence
16:38:27.908 [main] DEBUG o.s.core.env.StandardEnvironment - Adding [systemEnvironment] PropertySource with lowest search precedence
16:38:27.908 [main] DEBUG o.s.core.env.StandardEnvironment - Initialized StandardEnvironment with PropertySources [systemProperties,systemEnvironment]
16:38:27.908 [main] DEBUG o.s.c.i.s.PathMatchingResourcePatternResolver - Looking for matching resources in directory tree [/home/aluno/spring-projects/maven/spring-data-aerospike/target/test-classes/org/springframework/data/aerospike/repository]
16:38:27.908 [main] DEBUG o.s.c.i.s.PathMatchingResourcePatternResolver - Searching directory [/home/aluno/spring-projects/maven/spring-data-aerospike/target/test-classes/org/springframework/data/aerospike/repository] for files matching pattern [/home/aluno/spring-projects/maven/spring-data-aerospike/target/test-classes/org/springframework/data/aerospike/repository/**/*ContactRepositoryImpl.class]
16:38:27.908 [main] DEBUG o.s.c.i.s.PathMatchingResourcePatternResolver - Searching directory [/home/aluno/spring-projects/maven/spring-data-aerospike/target/test-classes/org/springframework/data/aerospike/repository/support] for files matching pattern [/home/aluno/spring-projects/maven/spring-data-aerospike/target/test-classes/org/springframework/data/aerospike/repository/**/*ContactRepositoryImpl.class]
16:38:27.908 [main] DEBUG o.s.c.i.s.PathMatchingResourcePatternResolver - Searching directory [/home/aluno/spring-projects/maven/spring-data-aerospike/target/test-classes/org/springframework/data/aerospike/repository/query] for files matching pattern [/home/aluno/spring-projects/maven/spring-data-aerospike/target/test-classes/org/springframework/data/aerospike/repository/**/*ContactRepositoryImpl.class]
16:38:27.908 [main] DEBUG o.s.c.i.s.PathMatchingResourcePatternResolver - Looking for matching resources in directory tree [/home/aluno/spring-projects/maven/spring-data-aerospike/target/classes/org/springframework/data/aerospike/repository]
16:38:27.908 [main] DEBUG o.s.c.i.s.PathMatchingResourcePatternResolver - Searching directory [/home/aluno/spring-projects/maven/spring-data-aerospike/target/classes/org/springframework/data/aerospike/repository] for files matching pattern [/home/aluno/spring-projects/maven/spring-data-aerospike/target/classes/org/springframework/data/aerospike/repository/**/*ContactRepositoryImpl.class]
16:38:27.908 [main] DEBUG o.s.c.i.s.PathMatchingResourcePatternResolver - Searching directory [/home/aluno/spring-projects/maven/spring-data-aerospike/target/classes/org/springframework/data/aerospike/repository/support] for files matching pattern [/home/aluno/spring-projects/maven/spring-data-aerospike/target/classes/org/springframework/data/aerospike/repository/**/*ContactRepositoryImpl.class]
16:38:27.909 [main] DEBUG o.s.c.i.s.PathMatchingResourcePatternResolver - Searching directory [/home/aluno/spring-projects/maven/spring-data-aerospike/target/classes/org/springframework/data/aerospike/repository/config] for files matching pattern [/home/aluno/spring-projects/maven/spring-data-aerospike/target/classes/org/springframework/data/aerospike/repository/**/*ContactRepositoryImpl.class]
16:38:27.909 [main] DEBUG o.s.c.i.s.PathMatchingResourcePatternResolver - Searching directory [/home/aluno/spring-projects/maven/spring-data-aerospike/target/classes/org/springframework/data/aerospike/repository/query] for files matching pattern [/home/aluno/spring-projects/maven/spring-data-aerospike/target/classes/org/springframework/data/aerospike/repository/**/*ContactRepositoryImpl.class]
16:38:27.909 [main] DEBUG o.s.c.i.s.PathMatchingResourcePatternResolver - Resolved location pattern [classpath*:org/springframework/data/aerospike/repository/**/*ContactRepositoryImpl.class] to resources []
16:38:27.909 [main] DEBUG o.s.d.r.c.RepositoryConfigurationDelegate - Spring Data Aerospike - Registering repository: contactRepository - Interface: org.springframework.data.aerospike.repository.ContactRepository - Factory: org.springframework.data.keyvalue.repository.support.KeyValueRepositoryFactoryBean
16:38:27.909 [main] DEBUG o.s.c.a.ConfigurationClassEnhancer - Successfully enhanced org.springframework.data.aerospike.repository.TestConfigPerson; enhanced class name is: org.springframework.data.aerospike.repository.TestConfigPerson$$EnhancerBySpringCGLIB$$3f27a8da
16:38:27.909 [main] DEBUG o.s.c.a.ConfigurationClassPostProcessor - Replacing bean definition 'testConfigPerson' existing class name 'org.springframework.data.aerospike.repository.TestConfigPerson' with enhanced class name 'org.springframework.data.aerospike.repository.TestConfigPerson$$EnhancerBySpringCGLIB$$3f27a8da'
16:38:27.910 [main] DEBUG o.s.b.f.s.DefaultListableBeanFactory - Creating shared instance of singleton bean 'org.springframework.context.annotation.internalAutowiredAnnotationProcessor'
16:38:27.910 [main] DEBUG o.s.b.f.s.DefaultListableBeanFactory - Creating instance of bean 'org.springframework.context.annotation.internalAutowiredAnnotationProcessor'
16:38:27.910 [main] DEBUG o.s.b.f.s.DefaultListableBeanFactory - Eagerly caching bean 'org.springframework.context.annotation.internalAutowiredAnnotationProcessor' to allow for resolving potential circular references
16:38:27.910 [main] DEBUG o.s.b.f.s.DefaultListableBeanFactory - Finished creating instance of bean 'org.springframework.context.annotation.internalAutowiredAnnotationProcessor'
16:38:27.910 [main] DEBUG o.s.b.f.s.DefaultListableBeanFactory - Creating shared instance of singleton bean 'org.springframework.context.annotation.internalRequiredAnnotationProcessor'
16:38:27.910 [main] DEBUG o.s.b.f.s.DefaultListableBeanFactory - Creating instance of bean 'org.springframework.context.annotation.internalRequiredAnnotationProcessor'
16:38:27.910 [main] DEBUG o.s.b.f.s.DefaultListableBeanFactory - Eagerly caching bean 'org.springframework.context.annotation.internalRequiredAnnotationProcessor' to allow for resolving potential circular references
16:38:27.910 [main] DEBUG o.s.b.f.s.DefaultListableBeanFactory - Finished creating instance of bean 'org.springframework.context.annotation.internalRequiredAnnotationProcessor'
16:38:27.910 [main] DEBUG o.s.b.f.s.DefaultListableBeanFactory - Creating shared instance of singleton bean 'org.springframework.context.annotation.internalCommonAnnotationProcessor'
16:38:27.910 [main] DEBUG o.s.b.f.s.DefaultListableBeanFactory - Creating instance of bean 'org.springframework.context.annotation.internalCommonAnnotationProcessor'
16:38:27.910 [main] DEBUG o.s.b.f.s.DefaultListableBeanFactory - Eagerly caching bean 'org.springframework.context.annotation.internalCommonAnnotationProcessor' to allow for resolving potential circular references
16:38:27.910 [main] DEBUG o.s.b.f.s.DefaultListableBeanFactory - Finished creating instance of bean 'org.springframework.context.annotation.internalCommonAnnotationProcessor'
16:38:27.910 [main] DEBUG o.s.b.f.s.DefaultListableBeanFactory - Creating shared instance of singleton bean 'org.springframework.context.annotation.ConfigurationClassPostProcessor.importAwareProcessor'
16:38:27.910 [main] DEBUG o.s.b.f.s.DefaultListableBeanFactory - Creating instance of bean 'org.springframework.context.annotation.ConfigurationClassPostProcessor.importAwareProcessor'
16:38:27.910 [main] DEBUG o.s.b.f.s.DefaultListableBeanFactory - Eagerly caching bean 'org.springframework.context.annotation.ConfigurationClassPostProcessor.importAwareProcessor' to allow for resolving potential circular references
16:38:27.910 [main] DEBUG o.s.b.f.s.DefaultListableBeanFactory - Finished creating instance of bean 'org.springframework.context.annotation.ConfigurationClassPostProcessor.importAwareProcessor'
16:38:27.910 [main] DEBUG o.s.b.f.s.DefaultListableBeanFactory - Creating shared instance of singleton bean 'org.springframework.context.annotation.ConfigurationClassPostProcessor.enhancedConfigurationProcessor'
16:38:27.910 [main] DEBUG o.s.b.f.s.DefaultListableBeanFactory - Creating instance of bean 'org.springframework.context.annotation.ConfigurationClassPostProcessor.enhancedConfigurationProcessor'
16:38:27.910 [main] DEBUG o.s.b.f.s.DefaultListableBeanFactory - Eagerly caching bean 'org.springframework.context.annotation.ConfigurationClassPostProcessor.enhancedConfigurationProcessor' to allow for resolving potential circular references
16:38:27.910 [main] DEBUG o.s.b.f.s.DefaultListableBeanFactory - Finished creating instance of bean 'org.springframework.context.annotation.ConfigurationClassPostProcessor.enhancedConfigurationProcessor'
16:38:27.910 [main] DEBUG o.s.b.f.s.DefaultListableBeanFactory - Creating shared instance of singleton bean 'org.springframework.data.repository.core.support.RepositoryInterfaceAwareBeanPostProcessor'
16:38:27.910 [main] DEBUG o.s.b.f.s.DefaultListableBeanFactory - Creating instance of bean 'org.springframework.data.repository.core.support.RepositoryInterfaceAwareBeanPostProcessor'
16:38:27.910 [main] DEBUG o.s.b.f.s.DefaultListableBeanFactory - Eagerly caching bean 'org.springframework.data.repository.core.support.RepositoryInterfaceAwareBeanPostProcessor' to allow for resolving potential circular references
16:38:27.910 [main] DEBUG o.s.b.f.s.DefaultListableBeanFactory - Finished creating instance of bean 'org.springframework.data.repository.core.support.RepositoryInterfaceAwareBeanPostProcessor'
16:38:27.910 [main] DEBUG o.s.c.s.GenericApplicationContext - Unable to locate MessageSource with name 'messageSource': using default [org.springframework.context.support.DelegatingMessageSource@3b5a19ed]
16:38:27.910 [main] DEBUG o.s.c.s.GenericApplicationContext - Unable to locate ApplicationEventMulticaster with name 'applicationEventMulticaster': using default [org.springframework.context.event.SimpleApplicationEventMulticaster@15d236fd]
16:38:27.910 [main] DEBUG o.s.b.f.s.DefaultListableBeanFactory - Pre-instantiating singletons in org.springframework.beans.factory.support.DefaultListableBeanFactory@37d28938: defining beans [org.springframework.context.annotation.internalConfigurationAnnotationProcessor,org.springframework.context.annotation.internalAutowiredAnnotationProcessor,org.springframework.context.annotation.internalRequiredAnnotationProcessor,org.springframework.context.annotation.internalCommonAnnotationProcessor,testConfigPerson,org.springframework.context.annotation.ConfigurationClassPostProcessor.importAwareProcessor,org.springframework.context.annotation.ConfigurationClassPostProcessor.enhancedConfigurationProcessor,aerospikeTemplate,aerospikeClient,org.springframework.data.aerospike.repository.config.AerospikeRepositoriesRegistrar$AerospikeRepositoryConfigurationExtension#0,org.springframework.data.repository.core.support.RepositoryInterfaceAwareBeanPostProcessor,keyValueMappingContext,personRepository,contactRepository]; root of factory hierarchy
16:38:27.910 [main] DEBUG o.s.b.f.s.DefaultListableBeanFactory - Returning cached instance of singleton bean 'org.springframework.context.annotation.internalConfigurationAnnotationProcessor'
16:38:27.911 [main] DEBUG o.s.b.f.s.DefaultListableBeanFactory - Returning cached instance of singleton bean 'org.springframework.context.annotation.internalAutowiredAnnotationProcessor'
16:38:27.911 [main] DEBUG o.s.b.f.s.DefaultListableBeanFactory - Returning cached instance of singleton bean 'org.springframework.context.annotation.internalRequiredAnnotationProcessor'
16:38:27.911 [main] DEBUG o.s.b.f.s.DefaultListableBeanFactory - Returning cached instance of singleton bean 'org.springframework.context.annotation.internalCommonAnnotationProcessor'
16:38:27.911 [main] DEBUG o.s.b.f.s.DefaultListableBeanFactory - Creating shared instance of singleton bean 'testConfigPerson'
16:38:27.911 [main] DEBUG o.s.b.f.s.DefaultListableBeanFactory - Creating instance of bean 'testConfigPerson'
16:38:27.911 [main] DEBUG o.s.b.f.s.DefaultListableBeanFactory - Eagerly caching bean 'testConfigPerson' to allow for resolving potential circular references
16:38:27.911 [main] DEBUG o.s.b.f.s.DefaultListableBeanFactory - Finished creating instance of bean 'testConfigPerson'
16:38:27.911 [main] DEBUG o.s.b.f.s.DefaultListableBeanFactory - Returning cached instance of singleton bean 'org.springframework.context.annotation.ConfigurationClassPostProcessor.importAwareProcessor'
16:38:27.911 [main] DEBUG o.s.b.f.s.DefaultListableBeanFactory - Returning cached instance of singleton bean 'org.springframework.context.annotation.ConfigurationClassPostProcessor.enhancedConfigurationProcessor'
16:38:27.911 [main] DEBUG o.s.b.f.s.DefaultListableBeanFactory - Creating shared instance of singleton bean 'aerospikeTemplate'
16:38:27.911 [main] DEBUG o.s.b.f.s.DefaultListableBeanFactory - Creating instance of bean 'aerospikeTemplate'
16:38:27.911 [main] DEBUG o.s.b.f.s.DefaultListableBeanFactory - Returning cached instance of singleton bean 'testConfigPerson'
16:38:27.911 [main] DEBUG o.s.b.f.s.DefaultListableBeanFactory - Creating shared instance of singleton bean 'aerospikeClient'
16:38:27.911 [main] DEBUG o.s.b.f.s.DefaultListableBeanFactory - Creating instance of bean 'aerospikeClient'
16:38:27.911 [main] DEBUG o.s.b.f.s.DefaultListableBeanFactory - Returning cached instance of singleton bean 'testConfigPerson'
16:38:28.233 [main] INFO  o.s.d.a.r.q.AerospikeQueryCreator - AS:Add node BB98511CE0DC702 52.41.32.83:3000
16:38:28.396 [main] DEBUG o.s.d.a.r.q.AerospikeQueryCreator - AS:Node BB98511CE0DC702 52.41.32.83:3000 partition generation 1 changed.
16:38:28.732 [main] DEBUG o.s.d.a.r.q.AerospikeQueryCreator - AS:Add seed 52.41.32.83:3000
16:38:28.732 [main] DEBUG o.s.b.f.s.DefaultListableBeanFactory - Eagerly caching bean 'aerospikeClient' to allow for resolving potential circular references
16:38:28.732 [main] DEBUG o.s.b.f.s.DefaultListableBeanFactory - Finished creating instance of bean 'aerospikeClient'
16:38:31.738 [main] WARN  o.s.c.s.GenericApplicationContext - Exception encountered during context initialization - cancelling refresh attempt
org.springframework.beans.factory.BeanCreationException: Error creating bean with name 'aerospikeTemplate' defined in org.springframework.data.aerospike.repository.TestConfigPerson: Bean instantiation via factory method failed; nested exception is org.springframework.beans.BeanInstantiationException: Failed to instantiate [org.springframework.data.aerospike.core.AerospikeTemplate]: Factory method 'aerospikeTemplate' threw exception; nested exception is com.aerospike.helper.query.ClusterRefreshError: Cannot find UDF modules
	at org.springframework.beans.factory.support.ConstructorResolver.instantiateUsingFactoryMethod(ConstructorResolver.java:599) ~[spring-beans-4.1.7.RELEASE.jar:4.1.7.RELEASE]
	at org.springframework.beans.factory.support.AbstractAutowireCapableBeanFactory.instantiateUsingFactoryMethod(AbstractAutowireCapableBeanFactory.java:1119) ~[spring-beans-4.1.7.RELEASE.jar:4.1.7.RELEASE]
	at org.springframework.beans.factory.support.AbstractAutowireCapableBeanFactory.createBeanInstance(AbstractAutowireCapableBeanFactory.java:1014) ~[spring-beans-4.1.7.RELEASE.jar:4.1.7.RELEASE]
	at org.springframework.beans.factory.support.AbstractAutowireCapableBeanFactory.doCreateBean(AbstractAutowireCapableBeanFactory.java:504) ~[spring-beans-4.1.7.RELEASE.jar:4.1.7.RELEASE]
	at org.springframework.beans.factory.support.AbstractAutowireCapableBeanFactory.createBean(AbstractAutowireCapableBeanFactory.java:476) ~[spring-beans-4.1.7.RELEASE.jar:4.1.7.RELEASE]
	at org.springframework.beans.factory.support.AbstractBeanFactory$1.getObject(AbstractBeanFactory.java:303) ~[spring-beans-4.1.7.RELEASE.jar:4.1.7.RELEASE]
	at org.springframework.beans.factory.support.DefaultSingletonBeanRegistry.getSingleton(DefaultSingletonBeanRegistry.java:230) ~[spring-beans-4.1.7.RELEASE.jar:4.1.7.RELEASE]
	at org.springframework.beans.factory.support.AbstractBeanFactory.doGetBean(AbstractBeanFactory.java:299) ~[spring-beans-4.1.7.RELEASE.jar:4.1.7.RELEASE]
	at org.springframework.beans.factory.support.AbstractBeanFactory.getBean(AbstractBeanFactory.java:194) ~[spring-beans-4.1.7.RELEASE.jar:4.1.7.RELEASE]
	at org.springframework.beans.factory.support.DefaultListableBeanFactory.preInstantiateSingletons(DefaultListableBeanFactory.java:755) ~[spring-beans-4.1.7.RELEASE.jar:4.1.7.RELEASE]
	at org.springframework.context.support.AbstractApplicationContext.finishBeanFactoryInitialization(AbstractApplicationContext.java:757) ~[spring-context-4.1.7.RELEASE.jar:4.1.7.RELEASE]
	at org.springframework.context.support.AbstractApplicationContext.refresh(AbstractApplicationContext.java:480) ~[spring-context-4.1.7.RELEASE.jar:4.1.7.RELEASE]
	at org.springframework.test.context.support.AbstractGenericContextLoader.loadContext(AbstractGenericContextLoader.java:125) [spring-test-4.1.7.RELEASE.jar:4.1.7.RELEASE]
	at org.springframework.test.context.support.AbstractGenericContextLoader.loadContext(AbstractGenericContextLoader.java:60) [spring-test-4.1.7.RELEASE.jar:4.1.7.RELEASE]
	at org.springframework.test.context.support.AbstractDelegatingSmartContextLoader.delegateLoading(AbstractDelegatingSmartContextLoader.java:109) [spring-test-4.1.7.RELEASE.jar:4.1.7.RELEASE]
	at org.springframework.test.context.support.AbstractDelegatingSmartContextLoader.loadContext(AbstractDelegatingSmartContextLoader.java:261) [spring-test-4.1.7.RELEASE.jar:4.1.7.RELEASE]
	at org.springframework.test.context.DefaultCacheAwareContextLoaderDelegate.loadContextInternal(DefaultCacheAwareContextLoaderDelegate.java:68) [spring-test-4.1.7.RELEASE.jar:4.1.7.RELEASE]
	at org.springframework.test.context.DefaultCacheAwareContextLoaderDelegate.loadContext(DefaultCacheAwareContextLoaderDelegate.java:86) [spring-test-4.1.7.RELEASE.jar:4.1.7.RELEASE]
	at org.springframework.test.context.DefaultTestContext.getApplicationContext(DefaultTestContext.java:72) [spring-test-4.1.7.RELEASE.jar:4.1.7.RELEASE]
	at org.springframework.test.context.support.DependencyInjectionTestExecutionListener.injectDependencies(DependencyInjectionTestExecutionListener.java:117) [spring-test-4.1.7.RELEASE.jar:4.1.7.RELEASE]
	at org.springframework.test.context.support.DependencyInjectionTestExecutionListener.prepareTestInstance(DependencyInjectionTestExecutionListener.java:83) [spring-test-4.1.7.RELEASE.jar:4.1.7.RELEASE]
	at org.springframework.test.context.TestContextManager.prepareTestInstance(TestContextManager.java:212) [spring-test-4.1.7.RELEASE.jar:4.1.7.RELEASE]
	at org.springframework.test.context.junit4.SpringJUnit4ClassRunner.createTest(SpringJUnit4ClassRunner.java:200) [spring-test-4.1.7.RELEASE.jar:4.1.7.RELEASE]
	at org.springframework.test.context.junit4.SpringJUnit4ClassRunner$1.runReflectiveCall(SpringJUnit4ClassRunner.java:259) [spring-test-4.1.7.RELEASE.jar:4.1.7.RELEASE]
	at org.junit.internal.runners.model.ReflectiveCallable.run(ReflectiveCallable.java:12) [junit-4.12.jar:4.12]
	at org.springframework.test.context.junit4.SpringJUnit4ClassRunner.methodBlock(SpringJUnit4ClassRunner.java:261) [spring-test-4.1.7.RELEASE.jar:4.1.7.RELEASE]
	at org.springframework.test.context.junit4.SpringJUnit4ClassRunner.runChild(SpringJUnit4ClassRunner.java:219) [spring-test-4.1.7.RELEASE.jar:4.1.7.RELEASE]
	at org.springframework.test.context.junit4.SpringJUnit4ClassRunner.runChild(SpringJUnit4ClassRunner.java:83) [spring-test-4.1.7.RELEASE.jar:4.1.7.RELEASE]
	at org.junit.runners.ParentRunner$3.run(ParentRunner.java:290) [junit-4.12.jar:4.12]
	at org.junit.runners.ParentRunner$1.schedule(ParentRunner.java:71) [junit-4.12.jar:4.12]
	at org.junit.runners.ParentRunner.runChildren(ParentRunner.java:288) [junit-4.12.jar:4.12]
	at org.junit.runners.ParentRunner.access$000(ParentRunner.java:58) [junit-4.12.jar:4.12]
	at org.junit.runners.ParentRunner$2.evaluate(ParentRunner.java:268) [junit-4.12.jar:4.12]
	at org.springframework.test.context.junit4.statements.RunBeforeTestClassCallbacks.evaluate(RunBeforeTestClassCallbacks.java:61) [spring-test-4.1.7.RELEASE.jar:4.1.7.RELEASE]
	at org.springframework.test.context.junit4.statements.RunAfterTestClassCallbacks.evaluate(RunAfterTestClassCallbacks.java:68) [spring-test-4.1.7.RELEASE.jar:4.1.7.RELEASE]
	at org.junit.runners.ParentRunner.run(ParentRunner.java:363) [junit-4.12.jar:4.12]
	at org.springframework.test.context.junit4.SpringJUnit4ClassRunner.run(SpringJUnit4ClassRunner.java:163) [spring-test-4.1.7.RELEASE.jar:4.1.7.RELEASE]
	at org.apache.maven.surefire.junit4.JUnit4Provider.execute(JUnit4Provider.java:283) [surefire-junit4-2.18.1.jar:2.18.1]
	at org.apache.maven.surefire.junit4.JUnit4Provider.executeWithRerun(JUnit4Provider.java:173) [surefire-junit4-2.18.1.jar:2.18.1]
	at org.apache.maven.surefire.junit4.JUnit4Provider.executeTestSet(JUnit4Provider.java:153) [surefire-junit4-2.18.1.jar:2.18.1]
	at org.apache.maven.surefire.junit4.JUnit4Provider.invoke(JUnit4Provider.java:128) [surefire-junit4-2.18.1.jar:2.18.1]
	at org.apache.maven.surefire.booter.ForkedBooter.invokeProviderInSameClassLoader(ForkedBooter.java:203) [surefire-booter-2.18.1.jar:2.18.1]
	at org.apache.maven.surefire.booter.ForkedBooter.runSuitesInProcess(ForkedBooter.java:155) [surefire-booter-2.18.1.jar:2.18.1]
	at org.apache.maven.surefire.booter.ForkedBooter.main(ForkedBooter.java:103) [surefire-booter-2.18.1.jar:2.18.1]
Caused by: org.springframework.beans.BeanInstantiationException: Failed to instantiate [org.springframework.data.aerospike.core.AerospikeTemplate]: Factory method 'aerospikeTemplate' threw exception; nested exception is com.aerospike.helper.query.ClusterRefreshError: Cannot find UDF modules
	at org.springframework.beans.factory.support.SimpleInstantiationStrategy.instantiate(SimpleInstantiationStrategy.java:189) ~[spring-beans-4.1.7.RELEASE.jar:4.1.7.RELEASE]
	at org.springframework.beans.factory.support.ConstructorResolver.instantiateUsingFactoryMethod(ConstructorResolver.java:588) ~[spring-beans-4.1.7.RELEASE.jar:4.1.7.RELEASE]
	... 43 common frames omitted
Caused by: com.aerospike.helper.query.ClusterRefreshError: Cannot find UDF modules
	at com.aerospike.helper.query.QueryEngine.refreshModules(QueryEngine.java:678) ~[classes/:na]
	at com.aerospike.helper.query.QueryEngine.refreshCluster(QueryEngine.java:536) ~[classes/:na]
	at com.aerospike.helper.query.QueryEngine.setClient(QueryEngine.java:129) ~[classes/:na]
	at com.aerospike.helper.query.QueryEngine.<init>(QueryEngine.java:110) ~[classes/:na]
	at org.springframework.data.aerospike.core.AerospikeTemplate.<init>(AerospikeTemplate.java:132) ~[classes/:na]
	at org.springframework.data.aerospike.repository.TestConfigPerson.aerospikeTemplate(TestConfigPerson.java:38) ~[test-classes/:na]
	at org.springframework.data.aerospike.repository.TestConfigPerson$$EnhancerBySpringCGLIB$$3f27a8da.CGLIB$aerospikeTemplate$0(<generated>) ~[spring-core-4.1.7.RELEASE.jar:na]
	at org.springframework.data.aerospike.repository.TestConfigPerson$$EnhancerBySpringCGLIB$$3f27a8da$$FastClassBySpringCGLIB$$38965c5e.invoke(<generated>) ~[spring-core-4.1.7.RELEASE.jar:na]
	at org.springframework.cglib.proxy.MethodProxy.invokeSuper(MethodProxy.java:228) ~[spring-core-4.1.7.RELEASE.jar:4.1.7.RELEASE]
	at org.springframework.context.annotation.ConfigurationClassEnhancer$BeanMethodInterceptor.intercept(ConfigurationClassEnhancer.java:309) ~[spring-context-4.1.7.RELEASE.jar:4.1.7.RELEASE]
	at org.springframework.data.aerospike.repository.TestConfigPerson$$EnhancerBySpringCGLIB$$3f27a8da.aerospikeTemplate(<generated>) ~[spring-core-4.1.7.RELEASE.jar:na]
	at sun.reflect.GeneratedMethodAccessor45.invoke(Unknown Source) ~[na:na]
	at sun.reflect.DelegatingMethodAccessorImpl.invoke(DelegatingMethodAccessorImpl.java:43) ~[na:1.8.0_91]
	at java.lang.reflect.Method.invoke(Method.java:498) ~[na:1.8.0_91]
	at org.springframework.beans.factory.support.SimpleInstantiationStrategy.instantiate(SimpleInstantiationStrategy.java:162) ~[spring-beans-4.1.7.RELEASE.jar:4.1.7.RELEASE]
	... 44 common frames omitted
16:38:31.738 [main] DEBUG o.s.b.f.s.DefaultListableBeanFactory - Destroying singletons in org.springframework.beans.factory.support.DefaultListableBeanFactory@37d28938: defining beans [org.springframework.context.annotation.internalConfigurationAnnotationProcessor,org.springframework.context.annotation.internalAutowiredAnnotationProcessor,org.springframework.context.annotation.internalRequiredAnnotationProcessor,org.springframework.context.annotation.internalCommonAnnotationProcessor,testConfigPerson,org.springframework.context.annotation.ConfigurationClassPostProcessor.importAwareProcessor,org.springframework.context.annotation.ConfigurationClassPostProcessor.enhancedConfigurationProcessor,aerospikeTemplate,aerospikeClient,org.springframework.data.aerospike.repository.config.AerospikeRepositoriesRegistrar$AerospikeRepositoryConfigurationExtension#0,org.springframework.data.repository.core.support.RepositoryInterfaceAwareBeanPostProcessor,keyValueMappingContext,personRepository,contactRepository]; root of factory hierarchy
16:38:31.738 [main] DEBUG o.s.b.f.s.DisposableBeanAdapter - Invoking destroy method 'close' on bean with name 'aerospikeClient'
16:38:31.740 [main] ERROR o.s.test.context.TestContextManager - Caught exception while allowing TestExecutionListener [org.springframework.test.context.support.DependencyInjectionTestExecutionListener@334ebcaa] to prepare test instance [org.springframework.data.aerospike.repository.PersonRepositoryIntegrationTests@22791b75]
java.lang.IllegalStateException: Failed to load ApplicationContext
	at org.springframework.test.context.DefaultCacheAwareContextLoaderDelegate.loadContext(DefaultCacheAwareContextLoaderDelegate.java:94) ~[spring-test-4.1.7.RELEASE.jar:4.1.7.RELEASE]
	at org.springframework.test.context.DefaultTestContext.getApplicationContext(DefaultTestContext.java:72) ~[spring-test-4.1.7.RELEASE.jar:4.1.7.RELEASE]
	at org.springframework.test.context.support.DependencyInjectionTestExecutionListener.injectDependencies(DependencyInjectionTestExecutionListener.java:117) ~[spring-test-4.1.7.RELEASE.jar:4.1.7.RELEASE]
	at org.springframework.test.context.support.DependencyInjectionTestExecutionListener.prepareTestInstance(DependencyInjectionTestExecutionListener.java:83) ~[spring-test-4.1.7.RELEASE.jar:4.1.7.RELEASE]
	at org.springframework.test.context.TestContextManager.prepareTestInstance(TestContextManager.java:212) ~[spring-test-4.1.7.RELEASE.jar:4.1.7.RELEASE]
	at org.springframework.test.context.junit4.SpringJUnit4ClassRunner.createTest(SpringJUnit4ClassRunner.java:200) [spring-test-4.1.7.RELEASE.jar:4.1.7.RELEASE]
	at org.springframework.test.context.junit4.SpringJUnit4ClassRunner$1.runReflectiveCall(SpringJUnit4ClassRunner.java:259) [spring-test-4.1.7.RELEASE.jar:4.1.7.RELEASE]
	at org.junit.internal.runners.model.ReflectiveCallable.run(ReflectiveCallable.java:12) [junit-4.12.jar:4.12]
	at org.springframework.test.context.junit4.SpringJUnit4ClassRunner.methodBlock(SpringJUnit4ClassRunner.java:261) [spring-test-4.1.7.RELEASE.jar:4.1.7.RELEASE]
	at org.springframework.test.context.junit4.SpringJUnit4ClassRunner.runChild(SpringJUnit4ClassRunner.java:219) [spring-test-4.1.7.RELEASE.jar:4.1.7.RELEASE]
	at org.springframework.test.context.junit4.SpringJUnit4ClassRunner.runChild(SpringJUnit4ClassRunner.java:83) [spring-test-4.1.7.RELEASE.jar:4.1.7.RELEASE]
	at org.junit.runners.ParentRunner$3.run(ParentRunner.java:290) [junit-4.12.jar:4.12]
	at org.junit.runners.ParentRunner$1.schedule(ParentRunner.java:71) [junit-4.12.jar:4.12]
	at org.junit.runners.ParentRunner.runChildren(ParentRunner.java:288) [junit-4.12.jar:4.12]
	at org.junit.runners.ParentRunner.access$000(ParentRunner.java:58) [junit-4.12.jar:4.12]
	at org.junit.runners.ParentRunner$2.evaluate(ParentRunner.java:268) [junit-4.12.jar:4.12]
	at org.springframework.test.context.junit4.statements.RunBeforeTestClassCallbacks.evaluate(RunBeforeTestClassCallbacks.java:61) [spring-test-4.1.7.RELEASE.jar:4.1.7.RELEASE]
	at org.springframework.test.context.junit4.statements.RunAfterTestClassCallbacks.evaluate(RunAfterTestClassCallbacks.java:68) [spring-test-4.1.7.RELEASE.jar:4.1.7.RELEASE]
	at org.junit.runners.ParentRunner.run(ParentRunner.java:363) [junit-4.12.jar:4.12]
	at org.springframework.test.context.junit4.SpringJUnit4ClassRunner.run(SpringJUnit4ClassRunner.java:163) [spring-test-4.1.7.RELEASE.jar:4.1.7.RELEASE]
	at org.apache.maven.surefire.junit4.JUnit4Provider.execute(JUnit4Provider.java:283) [surefire-junit4-2.18.1.jar:2.18.1]
	at org.apache.maven.surefire.junit4.JUnit4Provider.executeWithRerun(JUnit4Provider.java:173) [surefire-junit4-2.18.1.jar:2.18.1]
	at org.apache.maven.surefire.junit4.JUnit4Provider.executeTestSet(JUnit4Provider.java:153) [surefire-junit4-2.18.1.jar:2.18.1]
	at org.apache.maven.surefire.junit4.JUnit4Provider.invoke(JUnit4Provider.java:128) [surefire-junit4-2.18.1.jar:2.18.1]
	at org.apache.maven.surefire.booter.ForkedBooter.invokeProviderInSameClassLoader(ForkedBooter.java:203) [surefire-booter-2.18.1.jar:2.18.1]
	at org.apache.maven.surefire.booter.ForkedBooter.runSuitesInProcess(ForkedBooter.java:155) [surefire-booter-2.18.1.jar:2.18.1]
	at org.apache.maven.surefire.booter.ForkedBooter.main(ForkedBooter.java:103) [surefire-booter-2.18.1.jar:2.18.1]
Caused by: org.springframework.beans.factory.BeanCreationException: Error creating bean with name 'aerospikeTemplate' defined in org.springframework.data.aerospike.repository.TestConfigPerson: Bean instantiation via factory method failed; nested exception is org.springframework.beans.BeanInstantiationException: Failed to instantiate [org.springframework.data.aerospike.core.AerospikeTemplate]: Factory method 'aerospikeTemplate' threw exception; nested exception is com.aerospike.helper.query.ClusterRefreshError: Cannot find UDF modules
	at org.springframework.beans.factory.support.ConstructorResolver.instantiateUsingFactoryMethod(ConstructorResolver.java:599) ~[spring-beans-4.1.7.RELEASE.jar:4.1.7.RELEASE]
	at org.springframework.beans.factory.support.AbstractAutowireCapableBeanFactory.instantiateUsingFactoryMethod(AbstractAutowireCapableBeanFactory.java:1119) ~[spring-beans-4.1.7.RELEASE.jar:4.1.7.RELEASE]
	at org.springframework.beans.factory.support.AbstractAutowireCapableBeanFactory.createBeanInstance(AbstractAutowireCapableBeanFactory.java:1014) ~[spring-beans-4.1.7.RELEASE.jar:4.1.7.RELEASE]
	at org.springframework.beans.factory.support.AbstractAutowireCapableBeanFactory.doCreateBean(AbstractAutowireCapableBeanFactory.java:504) ~[spring-beans-4.1.7.RELEASE.jar:4.1.7.RELEASE]
	at org.springframework.beans.factory.support.AbstractAutowireCapableBeanFactory.createBean(AbstractAutowireCapableBeanFactory.java:476) ~[spring-beans-4.1.7.RELEASE.jar:4.1.7.RELEASE]
	at org.springframework.beans.factory.support.AbstractBeanFactory$1.getObject(AbstractBeanFactory.java:303) ~[spring-beans-4.1.7.RELEASE.jar:4.1.7.RELEASE]
	at org.springframework.beans.factory.support.DefaultSingletonBeanRegistry.getSingleton(DefaultSingletonBeanRegistry.java:230) ~[spring-beans-4.1.7.RELEASE.jar:4.1.7.RELEASE]
	at org.springframework.beans.factory.support.AbstractBeanFactory.doGetBean(AbstractBeanFactory.java:299) ~[spring-beans-4.1.7.RELEASE.jar:4.1.7.RELEASE]
	at org.springframework.beans.factory.support.AbstractBeanFactory.getBean(AbstractBeanFactory.java:194) ~[spring-beans-4.1.7.RELEASE.jar:4.1.7.RELEASE]
	at org.springframework.beans.factory.support.DefaultListableBeanFactory.preInstantiateSingletons(DefaultListableBeanFactory.java:755) ~[spring-beans-4.1.7.RELEASE.jar:4.1.7.RELEASE]
	at org.springframework.context.support.AbstractApplicationContext.finishBeanFactoryInitialization(AbstractApplicationContext.java:757) ~[spring-context-4.1.7.RELEASE.jar:4.1.7.RELEASE]
	at org.springframework.context.support.AbstractApplicationContext.refresh(AbstractApplicationContext.java:480) ~[spring-context-4.1.7.RELEASE.jar:4.1.7.RELEASE]
	at org.springframework.test.context.support.AbstractGenericContextLoader.loadContext(AbstractGenericContextLoader.java:125) ~[spring-test-4.1.7.RELEASE.jar:4.1.7.RELEASE]
	at org.springframework.test.context.support.AbstractGenericContextLoader.loadContext(AbstractGenericContextLoader.java:60) ~[spring-test-4.1.7.RELEASE.jar:4.1.7.RELEASE]
	at org.springframework.test.context.support.AbstractDelegatingSmartContextLoader.delegateLoading(AbstractDelegatingSmartContextLoader.java:109) ~[spring-test-4.1.7.RELEASE.jar:4.1.7.RELEASE]
	at org.springframework.test.context.support.AbstractDelegatingSmartContextLoader.loadContext(AbstractDelegatingSmartContextLoader.java:261) ~[spring-test-4.1.7.RELEASE.jar:4.1.7.RELEASE]
	at org.springframework.test.context.DefaultCacheAwareContextLoaderDelegate.loadContextInternal(DefaultCacheAwareContextLoaderDelegate.java:68) ~[spring-test-4.1.7.RELEASE.jar:4.1.7.RELEASE]
	at org.springframework.test.context.DefaultCacheAwareContextLoaderDelegate.loadContext(DefaultCacheAwareContextLoaderDelegate.java:86) ~[spring-test-4.1.7.RELEASE.jar:4.1.7.RELEASE]
	... 26 common frames omitted
Caused by: org.springframework.beans.BeanInstantiationException: Failed to instantiate [org.springframework.data.aerospike.core.AerospikeTemplate]: Factory method 'aerospikeTemplate' threw exception; nested exception is com.aerospike.helper.query.ClusterRefreshError: Cannot find UDF modules
	at org.springframework.beans.factory.support.SimpleInstantiationStrategy.instantiate(SimpleInstantiationStrategy.java:189) ~[spring-beans-4.1.7.RELEASE.jar:4.1.7.RELEASE]
	at org.springframework.beans.factory.support.ConstructorResolver.instantiateUsingFactoryMethod(ConstructorResolver.java:588) ~[spring-beans-4.1.7.RELEASE.jar:4.1.7.RELEASE]
	... 43 common frames omitted
Caused by: com.aerospike.helper.query.ClusterRefreshError: Cannot find UDF modules
	at com.aerospike.helper.query.QueryEngine.refreshModules(QueryEngine.java:678) ~[classes/:na]
	at com.aerospike.helper.query.QueryEngine.refreshCluster(QueryEngine.java:536) ~[classes/:na]
	at com.aerospike.helper.query.QueryEngine.setClient(QueryEngine.java:129) ~[classes/:na]
	at com.aerospike.helper.query.QueryEngine.<init>(QueryEngine.java:110) ~[classes/:na]
	at org.springframework.data.aerospike.core.AerospikeTemplate.<init>(AerospikeTemplate.java:132) ~[classes/:na]
	at org.springframework.data.aerospike.repository.TestConfigPerson.aerospikeTemplate(TestConfigPerson.java:38) ~[test-classes/:na]
	at org.springframework.data.aerospike.repository.TestConfigPerson$$EnhancerBySpringCGLIB$$3f27a8da.CGLIB$aerospikeTemplate$0(<generated>) ~[spring-core-4.1.7.RELEASE.jar:na]
	at org.springframework.data.aerospike.repository.TestConfigPerson$$EnhancerBySpringCGLIB$$3f27a8da$$FastClassBySpringCGLIB$$38965c5e.invoke(<generated>) ~[spring-core-4.1.7.RELEASE.jar:na]
	at org.springframework.cglib.proxy.MethodProxy.invokeSuper(MethodProxy.java:228) ~[spring-core-4.1.7.RELEASE.jar:4.1.7.RELEASE]
	at org.springframework.context.annotation.ConfigurationClassEnhancer$BeanMethodInterceptor.intercept(ConfigurationClassEnhancer.java:309) ~[spring-context-4.1.7.RELEASE.jar:4.1.7.RELEASE]
	at org.springframework.data.aerospike.repository.TestConfigPerson$$EnhancerBySpringCGLIB$$3f27a8da.aerospikeTemplate(<generated>) ~[spring-core-4.1.7.RELEASE.jar:na]
	at sun.reflect.GeneratedMethodAccessor45.invoke(Unknown Source) ~[na:na]
	at sun.reflect.DelegatingMethodAccessorImpl.invoke(DelegatingMethodAccessorImpl.java:43) ~[na:1.8.0_91]
	at java.lang.reflect.Method.invoke(Method.java:498) ~[na:1.8.0_91]
	at org.springframework.beans.factory.support.SimpleInstantiationStrategy.instantiate(SimpleInstantiationStrategy.java:162) ~[spring-beans-4.1.7.RELEASE.jar:4.1.7.RELEASE]
	... 44 common frames omitted
]]></system-out>
  </testcase>
</testsuite>