<?xml version="1.0" encoding="UTF-8"?>
<testsuite xmlns:xsi="http://www.w3.org/2001/XMLSchema-instance" xsi:schemaLocation="https://maven.apache.org/surefire/maven-surefire-plugin/xsd/surefire-test-report.xsd" name="org.springframework.data.elasticsearch.repositories.CustomMethodRepositoryTests" time="23.096" tests="44" errors="0" skipped="0" failures="0">
  <properties>
    <property name="java.runtime.name" value="Java(TM) SE Runtime Environment"/>
    <property name="sun.boot.library.path" value="/usr/lib/jvm/java-8-oracle/jre/lib/amd64"/>
    <property name="java.vm.version" value="25.91-b14"/>
    <property name="java.vm.vendor" value="Oracle Corporation"/>
    <property name="java.vendor.url" value="http://java.oracle.com/"/>
    <property name="path.separator" value=":"/>
    <property name="guice.disable.misplaced.annotation.check" value="true"/>
    <property name="java.vm.name" value="Java HotSpot(TM) 64-Bit Server VM"/>
    <property name="file.encoding.pkg" value="sun.io"/>
    <property name="user.country" value="BR"/>
    <property name="sun.java.launcher" value="SUN_STANDARD"/>
    <property name="sun.os.patch.level" value="unknown"/>
    <property name="java.vm.specification.name" value="Java Virtual Machine Specification"/>
    <property name="user.dir" value="/home/aluno/spring-projects/maven/spring-data-elasticsearch"/>
    <property name="java.runtime.version" value="1.8.0_91-b14"/>
    <property name="java.awt.graphicsenv" value="sun.awt.X11GraphicsEnvironment"/>
    <property name="java.endorsed.dirs" value="/usr/lib/jvm/java-8-oracle/jre/lib/endorsed"/>
    <property name="os.arch" value="amd64"/>
    <property name="java.io.tmpdir" value="/tmp"/>
    <property name="line.separator" value="&#10;"/>
    <property name="java.vm.specification.vendor" value="Oracle Corporation"/>
    <property name="os.name" value="Linux"/>
    <property name="classworlds.conf" value="/usr/share/maven/bin/m2.conf"/>
    <property name="sun.jnu.encoding" value="UTF-8"/>
    <property name="java.library.path" value="/usr/java/packages/lib/amd64:/usr/lib64:/lib64:/lib:/usr/lib"/>
    <property name="java.specification.name" value="Java Platform API Specification"/>
    <property name="java.class.version" value="52.0"/>
    <property name="sun.management.compiler" value="HotSpot 64-Bit Tiered Compilers"/>
    <property name="os.version" value="3.13.0-91-generic"/>
    <property name="user.home" value="/home/aluno"/>
    <property name="user.timezone" value="America/Fortaleza"/>
    <property name="java.awt.printerjob" value="sun.print.PSPrinterJob"/>
    <property name="file.encoding" value="UTF-8"/>
    <property name="java.specification.version" value="1.8"/>
    <property name="user.name" value="aluno"/>
    <property name="java.class.path" value="/usr/share/maven/boot/plexus-classworlds-2.x.jar"/>
    <property name="java.vm.specification.version" value="1.8"/>
    <property name="sun.arch.data.model" value="64"/>
    <property name="java.home" value="/usr/lib/jvm/java-8-oracle/jre"/>
    <property name="sun.java.command" value="org.codehaus.plexus.classworlds.launcher.Launcher test"/>
    <property name="java.specification.vendor" value="Oracle Corporation"/>
    <property name="user.language" value="pt"/>
    <property name="awt.toolkit" value="sun.awt.X11.XToolkit"/>
    <property name="java.vm.info" value="mixed mode"/>
    <property name="java.version" value="1.8.0_91"/>
    <property name="java.ext.dirs" value="/usr/lib/jvm/java-8-oracle/jre/lib/ext:/usr/java/packages/lib/ext"/>
    <property name="securerandom.source" value="file:/dev/./urandom"/>
    <property name="sun.boot.class.path" value="/usr/lib/jvm/java-8-oracle/jre/lib/resources.jar:/usr/lib/jvm/java-8-oracle/jre/lib/rt.jar:/usr/lib/jvm/java-8-oracle/jre/lib/sunrsasign.jar:/usr/lib/jvm/java-8-oracle/jre/lib/jsse.jar:/usr/lib/jvm/java-8-oracle/jre/lib/jce.jar:/usr/lib/jvm/java-8-oracle/jre/lib/charsets.jar:/usr/lib/jvm/java-8-oracle/jre/lib/jfr.jar:/usr/lib/jvm/java-8-oracle/jre/classes"/>
    <property name="java.vendor" value="Oracle Corporation"/>
    <property name="maven.home" value="/usr/share/maven"/>
    <property name="file.separator" value="/"/>
    <property name="java.vendor.url.bug" value="http://bugreport.sun.com/bugreport/"/>
    <property name="sun.cpu.endian" value="little"/>
    <property name="sun.io.unicode.encoding" value="UnicodeLittle"/>
    <property name="sun.desktop" value="gnome"/>
    <property name="sun.cpu.isalist" value=""/>
  </properties>
  <testcase name="shouldCountCustomMethodWithBefore" classname="org.springframework.data.elasticsearch.repositories.CustomMethodRepositoryTests" time="0.443"/>
  <testcase name="shouldCountCustomMethodWithWithinGeoPoint" classname="org.springframework.data.elasticsearch.repositories.CustomMethodRepositoryTests" time="0.501"/>
  <testcase name="shouldCountCustomMethodForNot" classname="org.springframework.data.elasticsearch.repositories.CustomMethodRepositoryTests" time="0.466"/>
  <testcase name="shouldExecuteCustomMethodForContains" classname="org.springframework.data.elasticsearch.repositories.CustomMethodRepositoryTests" time="0.426"/>
  <testcase name="shouldCountCustomMethodForEndingWith" classname="org.springframework.data.elasticsearch.repositories.CustomMethodRepositoryTests" time="0.444"/>
  <testcase name="shouldExecuteCustomMethodWithLike" classname="org.springframework.data.elasticsearch.repositories.CustomMethodRepositoryTests" time="0.44"/>
  <testcase name="shouldCountCustomMethodWithBooleanParameter" classname="org.springframework.data.elasticsearch.repositories.CustomMethodRepositoryTests" time="0.474"/>
  <testcase name="shouldExecuteCustomMethodWithWithinPoint" classname="org.springframework.data.elasticsearch.repositories.CustomMethodRepositoryTests" time="0.452"/>
  <testcase name="shouldCountCustomMethodForIn" classname="org.springframework.data.elasticsearch.repositories.CustomMethodRepositoryTests" time="0.407"/>
  <testcase name="shouldReturnPageableResultsWithQueryAnnotationExpectedPageSize" classname="org.springframework.data.elasticsearch.repositories.CustomMethodRepositoryTests" time="1.909"/>
  <testcase name="shouldExecuteCustomMethodWithAfter" classname="org.springframework.data.elasticsearch.repositories.CustomMethodRepositoryTests" time="0.393"/>
  <testcase name="shouldExecuteCustomMethodWithQuery" classname="org.springframework.data.elasticsearch.repositories.CustomMethodRepositoryTests" time="0.403"/>
  <testcase name="shouldExecuteCustomMethodWithWithinGeoPoint" classname="org.springframework.data.elasticsearch.repositories.CustomMethodRepositoryTests" time="1.318"/>
  <testcase name="shouldExecuteCustomMethodWithNearPointAndDistance" classname="org.springframework.data.elasticsearch.repositories.CustomMethodRepositoryTests" time="0.418"/>
  <testcase name="shouldExecuteCustomMethodForTrue" classname="org.springframework.data.elasticsearch.repositories.CustomMethodRepositoryTests" time="0.44"/>
  <testcase name="shouldExecuteCustomMethodWithBefore" classname="org.springframework.data.elasticsearch.repositories.CustomMethodRepositoryTests" time="0.393"/>
  <testcase name="shouldCountCustomMethodWithNearBox" classname="org.springframework.data.elasticsearch.repositories.CustomMethodRepositoryTests" time="0.494"/>
  <testcase name="shouldExecuteCustomMethodWithBooleanParameter" classname="org.springframework.data.elasticsearch.repositories.CustomMethodRepositoryTests" time="0.363"/>
  <testcase name="shouldCountCustomMethodForStartingWith" classname="org.springframework.data.elasticsearch.repositories.CustomMethodRepositoryTests" time="0.465"/>
  <testcase name="shouldCountCustomMethodForTrue" classname="org.springframework.data.elasticsearch.repositories.CustomMethodRepositoryTests" time="0.41"/>
  <testcase name="shouldCountCustomMethodWithLessThan" classname="org.springframework.data.elasticsearch.repositories.CustomMethodRepositoryTests" time="0.576"/>
  <testcase name="shouldReturnPageableResultsWithGivenSortingOrder" classname="org.springframework.data.elasticsearch.repositories.CustomMethodRepositoryTests" time="0.531"/>
  <testcase name="shouldExecuteCustomMethodForEndingWith" classname="org.springframework.data.elasticsearch.repositories.CustomMethodRepositoryTests" time="0.369"/>
  <testcase name="shouldExecuteCustomMethodForFalse" classname="org.springframework.data.elasticsearch.repositories.CustomMethodRepositoryTests" time="0.54"/>
  <testcase name="shouldExecuteCustomMethodForNotIn" classname="org.springframework.data.elasticsearch.repositories.CustomMethodRepositoryTests" time="0.466"/>
  <testcase name="shouldCountCustomMethodWithLike" classname="org.springframework.data.elasticsearch.repositories.CustomMethodRepositoryTests" time="0.5"/>
  <testcase name="shouldCountCustomMethod" classname="org.springframework.data.elasticsearch.repositories.CustomMethodRepositoryTests" time="0.497"/>
  <testcase name="shouldExecuteCustomMethodWithNearBox" classname="org.springframework.data.elasticsearch.repositories.CustomMethodRepositoryTests" time="0.498"/>
  <testcase name="shouldCountCustomMethodWithWithinPoint" classname="org.springframework.data.elasticsearch.repositories.CustomMethodRepositoryTests" time="0.454"/>
  <testcase name="shouldExecuteCustomMethodForIn" classname="org.springframework.data.elasticsearch.repositories.CustomMethodRepositoryTests" time="0.495"/>
  <testcase name="shouldExecuteCustomMethodWithGeoPoint" classname="org.springframework.data.elasticsearch.repositories.CustomMethodRepositoryTests" time="0.412"/>
  <testcase name="shouldAllowReturningJava8StreamInCustomQuery" classname="org.springframework.data.elasticsearch.repositories.CustomMethodRepositoryTests" time="0.706"/>
  <testcase name="shouldCountCustomMethodWithAfter" classname="org.springframework.data.elasticsearch.repositories.CustomMethodRepositoryTests" time="0.472"/>
  <testcase name="shouldExecuteCustomMethodWithLessThan" classname="org.springframework.data.elasticsearch.repositories.CustomMethodRepositoryTests" time="0.523"/>
  <testcase name="shouldExecuteCustomMethodWithGeoPointAndString" classname="org.springframework.data.elasticsearch.repositories.CustomMethodRepositoryTests" time="0.409"/>
  <testcase name="shouldCountCustomMethodForFalse" classname="org.springframework.data.elasticsearch.repositories.CustomMethodRepositoryTests" time="0.431"/>
  <testcase name="shouldCountCustomMethodForNotIn" classname="org.springframework.data.elasticsearch.repositories.CustomMethodRepositoryTests" time="0.449"/>
  <testcase name="shouldCountCustomMethodWithNearPointAndDistance" classname="org.springframework.data.elasticsearch.repositories.CustomMethodRepositoryTests" time="0.401"/>
  <testcase name="shouldCountCustomMethodForContains" classname="org.springframework.data.elasticsearch.repositories.CustomMethodRepositoryTests" time="0.424"/>
  <testcase name="shouldExecuteCustomMethodForOrderBy" classname="org.springframework.data.elasticsearch.repositories.CustomMethodRepositoryTests" time="0.487"/>
  <testcase name="shouldExecuteCustomMethod" classname="org.springframework.data.elasticsearch.repositories.CustomMethodRepositoryTests" time="0.352"/>
  <testcase name="shouldReturnListForMessage" classname="org.springframework.data.elasticsearch.repositories.CustomMethodRepositoryTests" time="0.639"/>
  <testcase name="shouldExecuteCustomMethodForStartingWith" classname="org.springframework.data.elasticsearch.repositories.CustomMethodRepositoryTests" time="0.54"/>
  <testcase name="shouldExecuteCustomMethodForNot" classname="org.springframework.data.elasticsearch.repositories.CustomMethodRepositoryTests" time="0.506"/>
</testsuite>