<?xml version="1.0" encoding="UTF-8"?>
<testsuite xmlns:xsi="http://www.w3.org/2001/XMLSchema-instance" xsi:schemaLocation="https://maven.apache.org/surefire/maven-surefire-plugin/xsd/surefire-test-report.xsd" name="org.springframework.data.elasticsearch.core.ElasticsearchTemplateTests" time="30.999" tests="70" errors="0" skipped="1" failures="0">
  <properties>
    <property name="java.runtime.name" value="Java(TM) SE Runtime Environment"/>
    <property name="sun.boot.library.path" value="/usr/lib/jvm/java-8-oracle/jre/lib/amd64"/>
    <property name="java.vm.version" value="25.91-b14"/>
    <property name="java.vm.vendor" value="Oracle Corporation"/>
    <property name="java.vendor.url" value="http://java.oracle.com/"/>
    <property name="path.separator" value=":"/>
    <property name="guice.disable.misplaced.annotation.check" value="true"/>
    <property name="java.vm.name" value="Java HotSpot(TM) 64-Bit Server VM"/>
    <property name="file.encoding.pkg" value="sun.io"/>
    <property name="user.country" value="BR"/>
    <property name="sun.java.launcher" value="SUN_STANDARD"/>
    <property name="sun.os.patch.level" value="unknown"/>
    <property name="java.vm.specification.name" value="Java Virtual Machine Specification"/>
    <property name="user.dir" value="/home/aluno/spring-projects/maven/spring-data-elasticsearch"/>
    <property name="java.runtime.version" value="1.8.0_91-b14"/>
    <property name="java.awt.graphicsenv" value="sun.awt.X11GraphicsEnvironment"/>
    <property name="java.endorsed.dirs" value="/usr/lib/jvm/java-8-oracle/jre/lib/endorsed"/>
    <property name="os.arch" value="amd64"/>
    <property name="java.io.tmpdir" value="/tmp"/>
    <property name="line.separator" value="&#10;"/>
    <property name="java.vm.specification.vendor" value="Oracle Corporation"/>
    <property name="os.name" value="Linux"/>
    <property name="classworlds.conf" value="/usr/share/maven/bin/m2.conf"/>
    <property name="sun.jnu.encoding" value="UTF-8"/>
    <property name="java.library.path" value="/usr/java/packages/lib/amd64:/usr/lib64:/lib64:/lib:/usr/lib"/>
    <property name="java.specification.name" value="Java Platform API Specification"/>
    <property name="java.class.version" value="52.0"/>
    <property name="sun.management.compiler" value="HotSpot 64-Bit Tiered Compilers"/>
    <property name="os.version" value="3.13.0-91-generic"/>
    <property name="user.home" value="/home/aluno"/>
    <property name="user.timezone" value="America/Fortaleza"/>
    <property name="java.awt.printerjob" value="sun.print.PSPrinterJob"/>
    <property name="file.encoding" value="UTF-8"/>
    <property name="java.specification.version" value="1.8"/>
    <property name="user.name" value="aluno"/>
    <property name="java.class.path" value="/usr/share/maven/boot/plexus-classworlds-2.x.jar"/>
    <property name="java.vm.specification.version" value="1.8"/>
    <property name="sun.arch.data.model" value="64"/>
    <property name="java.home" value="/usr/lib/jvm/java-8-oracle/jre"/>
    <property name="sun.java.command" value="org.codehaus.plexus.classworlds.launcher.Launcher test"/>
    <property name="java.specification.vendor" value="Oracle Corporation"/>
    <property name="user.language" value="pt"/>
    <property name="awt.toolkit" value="sun.awt.X11.XToolkit"/>
    <property name="java.vm.info" value="mixed mode"/>
    <property name="java.version" value="1.8.0_91"/>
    <property name="java.ext.dirs" value="/usr/lib/jvm/java-8-oracle/jre/lib/ext:/usr/java/packages/lib/ext"/>
    <property name="securerandom.source" value="file:/dev/./urandom"/>
    <property name="sun.boot.class.path" value="/usr/lib/jvm/java-8-oracle/jre/lib/resources.jar:/usr/lib/jvm/java-8-oracle/jre/lib/rt.jar:/usr/lib/jvm/java-8-oracle/jre/lib/sunrsasign.jar:/usr/lib/jvm/java-8-oracle/jre/lib/jsse.jar:/usr/lib/jvm/java-8-oracle/jre/lib/jce.jar:/usr/lib/jvm/java-8-oracle/jre/lib/charsets.jar:/usr/lib/jvm/java-8-oracle/jre/lib/jfr.jar:/usr/lib/jvm/java-8-oracle/jre/classes"/>
    <property name="java.vendor" value="Oracle Corporation"/>
    <property name="maven.home" value="/usr/share/maven"/>
    <property name="file.separator" value="/"/>
    <property name="java.vendor.url.bug" value="http://bugreport.sun.com/bugreport/"/>
    <property name="sun.cpu.endian" value="little"/>
    <property name="sun.io.unicode.encoding" value="UnicodeLittle"/>
    <property name="sun.desktop" value="gnome"/>
    <property name="sun.cpu.isalist" value=""/>
  </properties>
  <testcase name="shouldReturnSpecifiedFields" classname="org.springframework.data.elasticsearch.core.ElasticsearchTemplateTests" time="0.336"/>
  <testcase name="shouldThrowAnExceptionForGivenSearchQueryWhenNoIndexSpecifiedForCountQuery" classname="org.springframework.data.elasticsearch.core.ElasticsearchTemplateTests" time="0.336"/>
  <testcase name="shouldReturnObjectMatchingGivenStringQuery" classname="org.springframework.data.elasticsearch.core.ElasticsearchTemplateTests" time="0.344"/>
  <testcase name="shouldCreateIndexWithGivenClassAndSettings" classname="org.springframework.data.elasticsearch.core.ElasticsearchTemplateTests" time="0.464"/>
  <testcase name="shouldComposeObjectsReturnedFromHeterogeneousIndexes" classname="org.springframework.data.elasticsearch.core.ElasticsearchTemplateTests" time="1.512"/>
  <testcase name="shouldFilterSearchResultsForGivenFilter" classname="org.springframework.data.elasticsearch.core.ElasticsearchTemplateTests" time="0.331"/>
  <testcase name="shouldReturnHighlightedFieldsForGivenQueryAndFields" classname="org.springframework.data.elasticsearch.core.ElasticsearchTemplateTests" time="0.379"/>
  <testcase name="shouldReturnIds" classname="org.springframework.data.elasticsearch.core.ElasticsearchTemplateTests" time="0.344"/>
  <testcase name="shouldReturnCountForGivenCriteriaQueryWithGivenIndexUsingCriteriaQuery" classname="org.springframework.data.elasticsearch.core.ElasticsearchTemplateTests" time="0.285"/>
  <testcase name="shouldUseScriptedFields" classname="org.springframework.data.elasticsearch.core.ElasticsearchTemplateTests" time="0.728"/>
  <testcase name="shouldReturnResultsForScanAndScrollWithCustomResultMapperForGivenCriteriaQuery" classname="org.springframework.data.elasticsearch.core.ElasticsearchTemplateTests" time="0.391"/>
  <testcase name="shouldDeleteEntityForGivenId" classname="org.springframework.data.elasticsearch.core.ElasticsearchTemplateTests" time="0.374"/>
  <testcase name="shouldReturnResultsWithScanAndScrollForGivenCriteriaQueryAndClass" classname="org.springframework.data.elasticsearch.core.ElasticsearchTemplateTests" time="0.359"/>
  <testcase name="shouldReturnCountForGivenSearchQuery" classname="org.springframework.data.elasticsearch.core.ElasticsearchTemplateTests" time="0.335"/>
  <testcase name="shouldReturnListForGivenCriteria" classname="org.springframework.data.elasticsearch.core.ElasticsearchTemplateTests" time="0.369"/>
  <testcase name="shouldReturnFieldsBasedOnSourceFilter" classname="org.springframework.data.elasticsearch.core.ElasticsearchTemplateTests" time="0.334"/>
  <testcase name="shouldCreateIndexWithGivenSettings" classname="org.springframework.data.elasticsearch.core.ElasticsearchTemplateTests" time="0.303"/>
  <testcase name="shouldThrowAnExceptionForGivenCriteriaQueryWhenNoIndexSpecifiedForCountQuery" classname="org.springframework.data.elasticsearch.core.ElasticsearchTemplateTests" time="0.471"/>
  <testcase name="shouldReturnSimilarResultsGivenMoreLikeThisQuery" classname="org.springframework.data.elasticsearch.core.ElasticsearchTemplateTests" time="0.557"/>
  <testcase name="shouldReturnResultsWithScanAndScrollForSpecifiedFieldsForCriteriaCriteria" classname="org.springframework.data.elasticsearch.core.ElasticsearchTemplateTests" time="0.368"/>
  <testcase name="shouldReturnCountForGivenSearchQueryWithGivenIndexUsingSearchQuery" classname="org.springframework.data.elasticsearch.core.ElasticsearchTemplateTests" time="0.399"/>
  <testcase name="shouldThrowElasticsearchExceptionWhenNoDocumentSpecified" classname="org.springframework.data.elasticsearch.core.ElasticsearchTemplateTests" time="0.22"/>
  <testcase name="shouldReturnObjectsForGivenIdsUsingMultiGetWithFields" classname="org.springframework.data.elasticsearch.core.ElasticsearchTemplateTests" time="0.312"/>
  <testcase name="shouldReturnResultsWithStreamForGivenCriteriaQuery" classname="org.springframework.data.elasticsearch.core.ElasticsearchTemplateTests" time="0.327"/>
  <testcase name="shouldDoBulkIndex" classname="org.springframework.data.elasticsearch.core.ElasticsearchTemplateTests" time="0.308"/>
  <testcase name="shouldCreateGivenSettingsForGivenIndex" classname="org.springframework.data.elasticsearch.core.ElasticsearchTemplateTests" time="0.236"/>
  <testcase name="shouldDeleteIndexForGivenEntity" classname="org.springframework.data.elasticsearch.core.ElasticsearchTemplateTests" time="0.222"/>
  <testcase name="shouldIndexDocumentForSpecifiedSource" classname="org.springframework.data.elasticsearch.core.ElasticsearchTemplateTests" time="0.321"/>
  <testcase name="shouldDeleteDocumentBySpecifiedTypeUsingDeleteQuery" classname="org.springframework.data.elasticsearch.core.ElasticsearchTemplateTests" time="0.362"/>
  <testcase name="shouldDeleteDocumentForGivenQuery" classname="org.springframework.data.elasticsearch.core.ElasticsearchTemplateTests" time="0.378"/>
  <testcase name="shouldReturnObjectsForGivenIdsUsingMultiGet" classname="org.springframework.data.elasticsearch.core.ElasticsearchTemplateTests" time="0.334"/>
  <testcase name="shouldDeleteGivenCriteriaQuery" classname="org.springframework.data.elasticsearch.core.ElasticsearchTemplateTests" time="0.379"/>
  <testcase name="shouldCreatedIndexWithSpecifiedIndexName" classname="org.springframework.data.elasticsearch.core.ElasticsearchTemplateTests" time="0.351"/>
  <testcase name="shouldReturnObjectForGivenId" classname="org.springframework.data.elasticsearch.core.ElasticsearchTemplateTests" time="0.514"/>
  <testcase name="shouldReturnCountForGivenSearchQueryWithGivenIndexAndTypeUsingSearchQuery" classname="org.springframework.data.elasticsearch.core.ElasticsearchTemplateTests" time="0.309"/>
  <testcase name="shouldSortResultsGivenSortCriteria" classname="org.springframework.data.elasticsearch.core.ElasticsearchTemplateTests" time="0.317"/>
  <testcase name="shouldPutMappingForGivenEntity" classname="org.springframework.data.elasticsearch.core.ElasticsearchTemplateTests" time="0.371"/>
  <testcase name="shouldReturnCountForGivenCriteriaQuery" classname="org.springframework.data.elasticsearch.core.ElasticsearchTemplateTests" time="0.357"/>
  <testcase name="shouldReturnCountForGivenCriteriaQueryWithGivenIndexAndTypeUsingCriteriaQuery" classname="org.springframework.data.elasticsearch.core.ElasticsearchTemplateTests" time="0.331"/>
  <testcase name="shouldIndexMapWithIndexNameAndTypeAtRuntime" classname="org.springframework.data.elasticsearch.core.ElasticsearchTemplateTests" time="0.339"/>
  <testcase name="shouldReturnSortedPageableResultsGivenStringQuery" classname="org.springframework.data.elasticsearch.core.ElasticsearchTemplateTests" time="0">
    <skipped message="By default, the search request will fail if there is no mapping associated with a field. The ignore_unmapped option allows to ignore fields that have no mapping and not sort by them"/>
  </testcase>
  <testcase name="shouldDoIndexWithoutId" classname="org.springframework.data.elasticsearch.core.ElasticsearchTemplateTests" time="0.332"/>
  <testcase name="shouldReturnResultsWithScanAndScrollForGivenSearchQuery" classname="org.springframework.data.elasticsearch.core.ElasticsearchTemplateTests" time="0.332"/>
  <testcase name="shouldDoUpsertIfDocumentDoesNotExist" classname="org.springframework.data.elasticsearch.core.ElasticsearchTemplateTests" time="0.328"/>
  <testcase name="shouldReadFileFromClasspathRetainingNewlines" classname="org.springframework.data.elasticsearch.core.ElasticsearchTemplateTests" time="0.208"/>
  <testcase name="shouldReturnCountForGivenCriteriaQueryWithGivenMultiIndices" classname="org.springframework.data.elasticsearch.core.ElasticsearchTemplateTests" time="1.42"/>
  <testcase name="shouldDoBulkIndexWithoutId" classname="org.springframework.data.elasticsearch.core.ElasticsearchTemplateTests" time="0.406"/>
  <testcase name="shouldReturnResultsWithScanAndScrollForGivenCriteriaQuery" classname="org.springframework.data.elasticsearch.core.ElasticsearchTemplateTests" time="0.345"/>
  <testcase name="shouldTestResultsAcrossMultipleIndices" classname="org.springframework.data.elasticsearch.core.ElasticsearchTemplateTests" time="1.32"/>
  <testcase name="shouldThrowExceptionIfDocumentDoesNotExistWhileDoingPartialUpdate" classname="org.springframework.data.elasticsearch.core.ElasticsearchTemplateTests" time="0.228"/>
  <testcase name="shouldReturnResultsForScanAndScrollWithCustomResultMapperForGivenSearchQuery" classname="org.springframework.data.elasticsearch.core.ElasticsearchTemplateTests" time="0.349"/>
  <testcase name="shouldReturnCountForGivenSearchQueryWithGivenIndexNameForSpecificIndex" classname="org.springframework.data.elasticsearch.core.ElasticsearchTemplateTests" time="1.543"/>
  <testcase name="shouldExecuteGivenCriteriaQuery" classname="org.springframework.data.elasticsearch.core.ElasticsearchTemplateTests" time="0.31"/>
  <testcase name="shouldDoBulkUpdate" classname="org.springframework.data.elasticsearch.core.ElasticsearchTemplateTests" time="0.377"/>
  <testcase name="shouldReturnPageableResultsGivenStringQuery" classname="org.springframework.data.elasticsearch.core.ElasticsearchTemplateTests" time="0.338"/>
  <testcase name="shouldReturnListForGivenStringQuery" classname="org.springframework.data.elasticsearch.core.ElasticsearchTemplateTests" time="0.395"/>
  <testcase name="shouldCreateIndexGivenEntityClass" classname="org.springframework.data.elasticsearch.core.ElasticsearchTemplateTests" time="0.228"/>
  <testcase name="shouldReturnPageForGivenSearchQuery" classname="org.springframework.data.elasticsearch.core.ElasticsearchTemplateTests" time="0.337"/>
  <testcase name="shouldReturnResultsWithScanAndScrollForSpecifiedFieldsForSearchCriteria" classname="org.springframework.data.elasticsearch.core.ElasticsearchTemplateTests" time="0.355"/>
  <testcase name="shouldCreateIndexUsingServerDefaultConfiguration" classname="org.springframework.data.elasticsearch.core.ElasticsearchTemplateTests" time="0.323"/>
  <testcase name="shouldSortResultsGivenMultipleSortCriteria" classname="org.springframework.data.elasticsearch.core.ElasticsearchTemplateTests" time="0.692"/>
  <testcase name="shouldReturnResultsWithScanAndScrollForGivenSearchQueryAndClass" classname="org.springframework.data.elasticsearch.core.ElasticsearchTemplateTests" time="0.35"/>
  <testcase name="shouldReturnDocumentAboveMinimalScoreGivenQuery" classname="org.springframework.data.elasticsearch.core.ElasticsearchTemplateTests" time="0.315"/>
  <testcase name="shouldDeleteIndexForSpecifiedIndexName" classname="org.springframework.data.elasticsearch.core.ElasticsearchTemplateTests" time="0.208"/>
  <testcase name="shouldExecuteStringQuery" classname="org.springframework.data.elasticsearch.core.ElasticsearchTemplateTests" time="0.322"/>
  <testcase name="shouldReturnCountForGivenSearchQueryWithGivenMultiIndices" classname="org.springframework.data.elasticsearch.core.ElasticsearchTemplateTests" time="1.37"/>
  <testcase name="shouldDeleteDocumentForGivenId" classname="org.springframework.data.elasticsearch.core.ElasticsearchTemplateTests" time="0.433"/>
  <testcase name="shouldReturnCountForGivenCriteriaQueryWithGivenIndexNameForSpecificIndex" classname="org.springframework.data.elasticsearch.core.ElasticsearchTemplateTests" time="1.484"/>
  <testcase name="shouldDoPartialUpdateForExistingDocument" classname="org.springframework.data.elasticsearch.core.ElasticsearchTemplateTests" time="0.377"/>
  <testcase name="shouldIndexSampleEntityWithIndexAndTypeAtRuntime" classname="org.springframework.data.elasticsearch.core.ElasticsearchTemplateTests" time="0.337"/>
</testsuite>