<?xml version="1.0" encoding="UTF-8" ?>
<testsuite tests="162" failures="0" name="org.springframework.data.jpa.repository.OpenJpaNamespaceUserRepositoryTests" time="3.393" errors="0" skipped="4">
  <properties>
    <property name="java.runtime.name" value="Java(TM) SE Runtime Environment"/>
    <property name="sun.boot.library.path" value="/usr/lib/jvm/java-8-oracle/jre/lib/amd64"/>
    <property name="java.vm.version" value="25.111-b14"/>
    <property name="java.vm.vendor" value="Oracle Corporation"/>
    <property name="java.vendor.url" value="http://java.oracle.com/"/>
    <property name="path.separator" value=":"/>
    <property name="guice.disable.misplaced.annotation.check" value="true"/>
    <property name="java.vm.name" value="Java HotSpot(TM) 64-Bit Server VM"/>
    <property name="file.encoding.pkg" value="sun.io"/>
    <property name="user.country" value="BR"/>
    <property name="sun.java.launcher" value="SUN_STANDARD"/>
    <property name="sun.os.patch.level" value="unknown"/>
    <property name="java.vm.specification.name" value="Java Virtual Machine Specification"/>
    <property name="user.dir" value="/home/aluno/spring-projects/maven/spring-data-jpa"/>
    <property name="java.runtime.version" value="1.8.0_111-b14"/>
    <property name="java.awt.graphicsenv" value="sun.awt.X11GraphicsEnvironment"/>
    <property name="java.endorsed.dirs" value="/usr/lib/jvm/java-8-oracle/jre/lib/endorsed"/>
    <property name="os.arch" value="amd64"/>
    <property name="java.io.tmpdir" value="/tmp"/>
    <property name="line.separator" value="
"/>
    <property name="java.vm.specification.vendor" value="Oracle Corporation"/>
    <property name="os.name" value="Linux"/>
    <property name="classworlds.conf" value="/usr/share/maven/bin/m2.conf"/>
    <property name="sun.jnu.encoding" value="UTF-8"/>
    <property name="java.library.path" value="/usr/java/packages/lib/amd64:/usr/lib64:/lib64:/lib:/usr/lib"/>
    <property name="java.specification.name" value="Java Platform API Specification"/>
    <property name="java.class.version" value="52.0"/>
    <property name="sun.management.compiler" value="HotSpot 64-Bit Tiered Compilers"/>
    <property name="os.version" value="3.13.0-100-generic"/>
    <property name="user.home" value="/home/aluno"/>
    <property name="user.timezone" value="America/Fortaleza"/>
    <property name="java.awt.printerjob" value="sun.print.PSPrinterJob"/>
    <property name="file.encoding" value="UTF-8"/>
    <property name="java.specification.version" value="1.8"/>
    <property name="user.name" value="aluno"/>
    <property name="java.class.path" value="/usr/share/maven/boot/plexus-classworlds-2.x.jar"/>
    <property name="java.vm.specification.version" value="1.8"/>
    <property name="sun.arch.data.model" value="64"/>
    <property name="java.home" value="/usr/lib/jvm/java-8-oracle/jre"/>
    <property name="sun.java.command" value="org.codehaus.plexus.classworlds.launcher.Launcher test clover:aggregate clover:clover"/>
    <property name="java.specification.vendor" value="Oracle Corporation"/>
    <property name="user.language" value="pt"/>
    <property name="awt.toolkit" value="sun.awt.X11.XToolkit"/>
    <property name="java.vm.info" value="mixed mode"/>
    <property name="java.version" value="1.8.0_111"/>
    <property name="java.ext.dirs" value="/usr/lib/jvm/java-8-oracle/jre/lib/ext:/usr/java/packages/lib/ext"/>
    <property name="securerandom.source" value="file:/dev/./urandom"/>
    <property name="sun.boot.class.path" value="/usr/lib/jvm/java-8-oracle/jre/lib/resources.jar:/usr/lib/jvm/java-8-oracle/jre/lib/rt.jar:/usr/lib/jvm/java-8-oracle/jre/lib/sunrsasign.jar:/usr/lib/jvm/java-8-oracle/jre/lib/jsse.jar:/usr/lib/jvm/java-8-oracle/jre/lib/jce.jar:/usr/lib/jvm/java-8-oracle/jre/lib/charsets.jar:/usr/lib/jvm/java-8-oracle/jre/lib/jfr.jar:/usr/lib/jvm/java-8-oracle/jre/classes"/>
    <property name="java.vendor" value="Oracle Corporation"/>
    <property name="maven.home" value="/usr/share/maven"/>
    <property name="file.separator" value="/"/>
    <property name="java.vendor.url.bug" value="http://bugreport.sun.com/bugreport/"/>
    <property name="sun.cpu.endian" value="little"/>
    <property name="sun.io.unicode.encoding" value="UnicodeLittle"/>
    <property name="sun.desktop" value="gnome"/>
    <property name="sun.cpu.isalist" value=""/>
  </properties>
  <testcase classname="org.springframework.data.jpa.repository.OpenJpaNamespaceUserRepositoryTests" name="checkQueryValidationWithOpenJpa" time="0.018"/>
  <testcase classname="org.springframework.data.jpa.repository.OpenJpaNamespaceUserRepositoryTests" name="queryUsingIn" time="0.018">
    <skipped/>
  </testcase>
  <testcase classname="org.springframework.data.jpa.repository.OpenJpaNamespaceUserRepositoryTests" name="registersPostProcessors" time="0.012"/>
  <testcase classname="org.springframework.data.jpa.repository.OpenJpaNamespaceUserRepositoryTests" name="executesCombinedSpecificationsCorrectly" time="0.034"/>
  <testcase classname="org.springframework.data.jpa.repository.OpenJpaNamespaceUserRepositoryTests" name="bindsSortingToOuterJoinCorrectly" time="0.034"/>
  <testcase classname="org.springframework.data.jpa.repository.OpenJpaNamespaceUserRepositoryTests" name="testCascadesPersisting" time="0.029"/>
  <testcase classname="org.springframework.data.jpa.repository.OpenJpaNamespaceUserRepositoryTests" name="deletesAUserById" time="0.025"/>
  <testcase classname="org.springframework.data.jpa.repository.OpenJpaNamespaceUserRepositoryTests" name="deleteByShouldReturnListOfDeletedElementsWhenRetunTypeIsCollectionLike" time="0.025"/>
  <testcase classname="org.springframework.data.jpa.repository.OpenJpaNamespaceUserRepositoryTests" name="find3YoungestUsersPageableWithPageSize2" time="0.027"/>
  <testcase classname="org.springframework.data.jpa.repository.OpenJpaNamespaceUserRepositoryTests" name="findByEmptyArrayOfIntegers" time="0.022"/>
  <testcase classname="org.springframework.data.jpa.repository.OpenJpaNamespaceUserRepositoryTests" name="executesFinderWithAfterKeywordCorrectly" time="0.026"/>
  <testcase classname="org.springframework.data.jpa.repository.OpenJpaNamespaceUserRepositoryTests" name="sortByAssociationPropertyInPageableShouldUseLeftOuterJoin" time="0.028"/>
  <testcase classname="org.springframework.data.jpa.repository.OpenJpaNamespaceUserRepositoryTests" name="find3YoungestUsersPageableWithPageSize2Sliced" time="0.027"/>
  <testcase classname="org.springframework.data.jpa.repository.OpenJpaNamespaceUserRepositoryTests" name="shouldFindUsersInNativeQueryWithPagination" time="0.013"/>
  <testcase classname="org.springframework.data.jpa.repository.OpenJpaNamespaceUserRepositoryTests" name="executesPagedSpecificationsWithSortCorrectly" time="0.027"/>
  <testcase classname="org.springframework.data.jpa.repository.OpenJpaNamespaceUserRepositoryTests" name="shouldfindUsersByFirstnameForSpELExpressionWithParameterNameVariableReference" time="0.035"/>
  <testcase classname="org.springframework.data.jpa.repository.OpenJpaNamespaceUserRepositoryTests" name="throwsExceptionForUnderSpecifiedSingleEntitySpecification" time="0.027"/>
  <testcase classname="org.springframework.data.jpa.repository.OpenJpaNamespaceUserRepositoryTests" name="findBinaryDataByIdJpaQl" time="0.027">
    <skipped/>
  </testcase>
  <testcase classname="org.springframework.data.jpa.repository.OpenJpaNamespaceUserRepositoryTests" name="invokesQueryWithVarargsParametersCorrectly" time="0.026"/>
  <testcase classname="org.springframework.data.jpa.repository.OpenJpaNamespaceUserRepositoryTests" name="deleteByShouldReturnZeroInCaseNoEntityHasBeenRemovedAndReturnTypeIsNumber" time="0.023"/>
  <testcase classname="org.springframework.data.jpa.repository.OpenJpaNamespaceUserRepositoryTests" name="findByAgeWithEmptyArrayOfIntegersOrFirstName" time="0.025"/>
  <testcase classname="org.springframework.data.jpa.repository.OpenJpaNamespaceUserRepositoryTests" name="sortByAssociationPropertyShouldUseLeftOuterJoin" time="0.028"/>
  <testcase classname="org.springframework.data.jpa.repository.OpenJpaNamespaceUserRepositoryTests" name="testCreation" time="0.026"/>
  <testcase classname="org.springframework.data.jpa.repository.OpenJpaNamespaceUserRepositoryTests" name="executesPagedSpecificationsCorrectly" time="0.027"/>
  <testcase classname="org.springframework.data.jpa.repository.OpenJpaNamespaceUserRepositoryTests" name="shouldFindCurrentUserWithCustomQueryDependingOnSecurityContext" time="0.031"/>
  <testcase classname="org.springframework.data.jpa.repository.OpenJpaNamespaceUserRepositoryTests" name="existReturnsWhetherAnEntityCanBeLoaded" time="0.02"/>
  <testcase classname="org.springframework.data.jpa.repository.OpenJpaNamespaceUserRepositoryTests" name="findAllByExampleWithEmptyProbe" time="0.032"/>
  <testcase classname="org.springframework.data.jpa.repository.OpenJpaNamespaceUserRepositoryTests" name="readsPageWithGroupByClauseCorrectly" time="0.021"/>
  <testcase classname="org.springframework.data.jpa.repository.OpenJpaNamespaceUserRepositoryTests" name="doesNotDropNullValuesOnPagedSpecificationExecution" time="0.024"/>
  <testcase classname="org.springframework.data.jpa.repository.OpenJpaNamespaceUserRepositoryTests" name="shouldGenerateLeftOuterJoinInfindAllWithPaginationAndSortOnNestedPropertyPath" time="0.024"/>
  <testcase classname="org.springframework.data.jpa.repository.OpenJpaNamespaceUserRepositoryTests" name="testReadByIdReturnsNullForNotFoundEntities" time="0.024"/>
  <testcase classname="org.springframework.data.jpa.repository.OpenJpaNamespaceUserRepositoryTests" name="executesAnnotatedCollectionMethodCorrectly" time="0.024">
    <skipped/>
  </testcase>
  <testcase classname="org.springframework.data.jpa.repository.OpenJpaNamespaceUserRepositoryTests" name="findAllByNullExample" time="0.012"/>
  <testcase classname="org.springframework.data.jpa.repository.OpenJpaNamespaceUserRepositoryTests" name="sortByNestedAssociationPropertyWithSortOrderIgnoreCaseInPageable" time="0.023"/>
  <testcase classname="org.springframework.data.jpa.repository.OpenJpaNamespaceUserRepositoryTests" name="deleteColletionOfEntities" time="0.026"/>
  <testcase classname="org.springframework.data.jpa.repository.OpenJpaNamespaceUserRepositoryTests" name="executesDerivedCountQueryToInt" time="0.022"/>
  <testcase classname="org.springframework.data.jpa.repository.OpenJpaNamespaceUserRepositoryTests" name="findAllByExampleWithSort" time="0.024"/>
  <testcase classname="org.springframework.data.jpa.repository.OpenJpaNamespaceUserRepositoryTests" name="testUsesQueryAnnotation" time="0.016"/>
  <testcase classname="org.springframework.data.jpa.repository.OpenJpaNamespaceUserRepositoryTests" name="findAllByUntypedExampleShouldReturnSubTypesOfRepositoryEntity" time="0.028"/>
  <testcase classname="org.springframework.data.jpa.repository.OpenJpaNamespaceUserRepositoryTests" name="deleteByShouldRemoveElementsMatchingDerivedQuery" time="0.025"/>
  <testcase classname="org.springframework.data.jpa.repository.OpenJpaNamespaceUserRepositoryTests" name="executesFinderWithTrueKeywordCorrectly" time="0.03"/>
  <testcase classname="org.springframework.data.jpa.repository.OpenJpaNamespaceUserRepositoryTests" name="pageableQueryReportsTotalFromResult" time="0.025"/>
  <testcase classname="org.springframework.data.jpa.repository.OpenJpaNamespaceUserRepositoryTests" name="testFindByLastname" time="0.024"/>
  <testcase classname="org.springframework.data.jpa.repository.OpenJpaNamespaceUserRepositoryTests" name="testRead" time="0.023"/>
  <testcase classname="org.springframework.data.jpa.repository.OpenJpaNamespaceUserRepositoryTests" name="testOverwritingFinder" time="0.012"/>
  <testcase classname="org.springframework.data.jpa.repository.OpenJpaNamespaceUserRepositoryTests" name="executesLessThatOrEqualQueriesCorrectly" time="0.024"/>
  <testcase classname="org.springframework.data.jpa.repository.OpenJpaNamespaceUserRepositoryTests" name="findBinaryDataByIdNative" time="0.027"/>
  <testcase classname="org.springframework.data.jpa.repository.OpenJpaNamespaceUserRepositoryTests" name="executesFinderWithEndingWithCorrectly" time="0.021"/>
  <testcase classname="org.springframework.data.jpa.repository.OpenJpaNamespaceUserRepositoryTests" name="executesManualQueryWithNamedLikeExpressionCorrectly" time="0.02"/>
  <testcase classname="org.springframework.data.jpa.repository.OpenJpaNamespaceUserRepositoryTests" name="testExecutionOfProjectingMethod" time="0.019"/>
  <testcase classname="org.springframework.data.jpa.repository.OpenJpaNamespaceUserRepositoryTests" name="findOneByExampleWithExcludedAttributes" time="0.023"/>
  <testcase classname="org.springframework.data.jpa.repository.OpenJpaNamespaceUserRepositoryTests" name="findAllByExampleWithStringMatcherAndIgnoreCase" time="0.023"/>
  <testcase classname="org.springframework.data.jpa.repository.OpenJpaNamespaceUserRepositoryTests" name="shouldFindUsersByAgeForSpELExpression" time="0.028"/>
  <testcase classname="org.springframework.data.jpa.repository.OpenJpaNamespaceUserRepositoryTests" name="testFindByEmailAddress" time="0.021"/>
  <testcase classname="org.springframework.data.jpa.repository.OpenJpaNamespaceUserRepositoryTests" name="executesNotLikeCorrectly" time="0.021"/>
  <testcase classname="org.springframework.data.jpa.repository.OpenJpaNamespaceUserRepositoryTests" name="executesSingleEntitySpecificationCorrectly" time="0.019"/>
  <testcase classname="org.springframework.data.jpa.repository.OpenJpaNamespaceUserRepositoryTests" name="executesNativeQueryCorrectly" time="0.02"/>
  <testcase classname="org.springframework.data.jpa.repository.OpenJpaNamespaceUserRepositoryTests" name="executesFinderWithBeforeKeywordCorrectly" time="0.019"/>
  <testcase classname="org.springframework.data.jpa.repository.OpenJpaNamespaceUserRepositoryTests" name="executesManuallyDefinedQueryWithFieldProjection" time="0.023"/>
  <testcase classname="org.springframework.data.jpa.repository.OpenJpaNamespaceUserRepositoryTests" name="executesFinderWithOrderClauseOnly" time="0.024"/>
  <testcase classname="org.springframework.data.jpa.repository.OpenJpaNamespaceUserRepositoryTests" name="findAllByExampleWithAssociation" time="0.026"/>
  <testcase classname="org.springframework.data.jpa.repository.OpenJpaNamespaceUserRepositoryTests" name="executesLikeAndOrderByCorrectly" time="0.022"/>
  <testcase classname="org.springframework.data.jpa.repository.OpenJpaNamespaceUserRepositoryTests" name="findAllByExampleShouldNotAllowCyclesOverSeveralInstances" time="0.021"/>
  <testcase classname="org.springframework.data.jpa.repository.OpenJpaNamespaceUserRepositoryTests" name="invokesQueryWithWrapperType" time="0.025"/>
  <testcase classname="org.springframework.data.jpa.repository.OpenJpaNamespaceUserRepositoryTests" name="customFindByQueryWithPositionalVarargsParameters" time="0.021"/>
  <testcase classname="org.springframework.data.jpa.repository.OpenJpaNamespaceUserRepositoryTests" name="shouldFindUserByLastnameWithSpelExpressionInStringBasedQuery" time="0.019"/>
  <testcase classname="org.springframework.data.jpa.repository.OpenJpaNamespaceUserRepositoryTests" name="executesPagedSpecificationWithSortCorrectly2" time="0.022"/>
  <testcase classname="org.springframework.data.jpa.repository.OpenJpaNamespaceUserRepositoryTests" name="executesMethodWithAnnotatedNamedParametersCorrectly" time="0.017"/>
  <testcase classname="org.springframework.data.jpa.repository.OpenJpaNamespaceUserRepositoryTests" name="findAllByTypedSpecialUserExampleShouldReturnSubTypesOfRepositoryEntity" time="0.022"/>
  <testcase classname="org.springframework.data.jpa.repository.OpenJpaNamespaceUserRepositoryTests" name="findsAllByGivenIds" time="0.021"/>
  <testcase classname="org.springframework.data.jpa.repository.OpenJpaNamespaceUserRepositoryTests" name="pageableQueryReportsTotalFromCount" time="0.025"/>
  <testcase classname="org.springframework.data.jpa.repository.OpenJpaNamespaceUserRepositoryTests" name="executesCombinedSpecificationsWithPageableCorrectly" time="0.019"/>
  <testcase classname="org.springframework.data.jpa.repository.OpenJpaNamespaceUserRepositoryTests" name="shouldSupportModifyingQueryWithVarArgs" time="0.025"/>
  <testcase classname="org.springframework.data.jpa.repository.OpenJpaNamespaceUserRepositoryTests" name="sortByEmbeddedProperty" time="0.025"/>
  <testcase classname="org.springframework.data.jpa.repository.OpenJpaNamespaceUserRepositoryTests" name="executesSpecificationCorrectly" time="0.02"/>
  <testcase classname="org.springframework.data.jpa.repository.OpenJpaNamespaceUserRepositoryTests" name="deleteAll" time="0.02"/>
  <testcase classname="org.springframework.data.jpa.repository.OpenJpaNamespaceUserRepositoryTests" name="find2OldestUsers" time="0.02"/>
  <testcase classname="org.springframework.data.jpa.repository.OpenJpaNamespaceUserRepositoryTests" name="allowsExecutingPageableMethodWithNullPageable" time="0.021"/>
  <testcase classname="org.springframework.data.jpa.repository.OpenJpaNamespaceUserRepositoryTests" name="findAllByExampleWithIncludeNull" time="0.014">
    <skipped/>
  </testcase>
  <testcase classname="org.springframework.data.jpa.repository.OpenJpaNamespaceUserRepositoryTests" name="handlesIterableOfIdsCorrectly" time="0.019"/>
  <testcase classname="org.springframework.data.jpa.repository.OpenJpaNamespaceUserRepositoryTests" name="testMergingCascadesCollegueas" time="0.017"/>
  <testcase classname="org.springframework.data.jpa.repository.OpenJpaNamespaceUserRepositoryTests" name="executesFindByColleaguesLastnameCorrectly" time="0.024"/>
  <testcase classname="org.springframework.data.jpa.repository.OpenJpaNamespaceUserRepositoryTests" name="executesFinderWithContainingCorrectly" time="0.02"/>
  <testcase classname="org.springframework.data.jpa.repository.OpenJpaNamespaceUserRepositoryTests" name="executesMethodWithNamedParametersCorrectlyOnMethodsWithQueryCreation" time="0.016"/>
  <testcase classname="org.springframework.data.jpa.repository.OpenJpaNamespaceUserRepositoryTests" name="executesDerivedCountQueryToLong" time="0.019"/>
  <testcase classname="org.springframework.data.jpa.repository.OpenJpaNamespaceUserRepositoryTests" name="shouldfindUsersBySpELExpressionParametersWithSpelTemplateExpression" time="0.021"/>
  <testcase classname="org.springframework.data.jpa.repository.OpenJpaNamespaceUserRepositoryTests" name="findByEmptyCollectionOfIntegers" time="0.022"/>
  <testcase classname="org.springframework.data.jpa.repository.OpenJpaNamespaceUserRepositoryTests" name="shouldSupportJava8StreamsForRepositoryFinderMethods" time="0.027"/>
  <testcase classname="org.springframework.data.jpa.repository.OpenJpaNamespaceUserRepositoryTests" name="returnsSamePageIfNoSpecGiven" time="0.02"/>
  <testcase classname="org.springframework.data.jpa.repository.OpenJpaNamespaceUserRepositoryTests" name="findYoungestUser" time="0.021"/>
  <testcase classname="org.springframework.data.jpa.repository.OpenJpaNamespaceUserRepositoryTests" name="find2YoungestUsers" time="0.022"/>
  <testcase classname="org.springframework.data.jpa.repository.OpenJpaNamespaceUserRepositoryTests" name="findsUserByBinaryDataReference" time="0.021"/>
  <testcase classname="org.springframework.data.jpa.repository.OpenJpaNamespaceUserRepositoryTests" name="shouldFindByFirstnameAndCurrentUserWithCustomQuery" time="0.021"/>
  <testcase classname="org.springframework.data.jpa.repository.OpenJpaNamespaceUserRepositoryTests" name="findAllByTypedUserExampleShouldReturnSubTypesOfRepositoryEntity" time="0.021"/>
  <testcase classname="org.springframework.data.jpa.repository.OpenJpaNamespaceUserRepositoryTests" name="executesManualQueryWithPositionLikeExpressionCorrectly" time="0.018"/>
  <testcase classname="org.springframework.data.jpa.repository.OpenJpaNamespaceUserRepositoryTests" name="executesNativeQueryForNonEntitiesCorrectly" time="0.018"/>
  <testcase classname="org.springframework.data.jpa.repository.OpenJpaNamespaceUserRepositoryTests" name="testInvocationOfCustomImplementation" time="0.012"/>
  <testcase classname="org.springframework.data.jpa.repository.OpenJpaNamespaceUserRepositoryTests" name="findAllByExampleWithEndingStringMatcher" time="0.021"/>
  <testcase classname="org.springframework.data.jpa.repository.OpenJpaNamespaceUserRepositoryTests" name="saveAndFlushShouldSupportReturningSubTypesOfRepositoryEntity" time="0.013"/>
  <testcase classname="org.springframework.data.jpa.repository.OpenJpaNamespaceUserRepositoryTests" name="looksUpEntityReference" time="0.017"/>
  <testcase classname="org.springframework.data.jpa.repository.OpenJpaNamespaceUserRepositoryTests" name="executesFindByNotNullLastnameCorrectly" time="0.018"/>
  <testcase classname="org.springframework.data.jpa.repository.OpenJpaNamespaceUserRepositoryTests" name="findAllByExampleWithIgnoreCase" time="0.019"/>
  <testcase classname="org.springframework.data.jpa.repository.OpenJpaNamespaceUserRepositoryTests" name="findPaginatedExplicitQueryWithCountQueryProjection" time="0.017"/>
  <testcase classname="org.springframework.data.jpa.repository.OpenJpaNamespaceUserRepositoryTests" name="findsUsersBySpringDataNamedQuery" time="0.017"/>
  <testcase classname="org.springframework.data.jpa.repository.OpenJpaNamespaceUserRepositoryTests" name="findsSortedByLastname" time="0.018"/>
  <testcase classname="org.springframework.data.jpa.repository.OpenJpaNamespaceUserRepositoryTests" name="executesSimpleNotCorrectly" time="0.018"/>
  <testcase classname="org.springframework.data.jpa.repository.OpenJpaNamespaceUserRepositoryTests" name="batchDeleteColletionOfEntities" time="0.022"/>
  <testcase classname="org.springframework.data.jpa.repository.OpenJpaNamespaceUserRepositoryTests" name="find2YoungestUsersPageableWithPageSize3" time="0.021"/>
  <testcase classname="org.springframework.data.jpa.repository.OpenJpaNamespaceUserRepositoryTests" name="executesFinderWithStartingWithCorrectly" time="0.017"/>
  <testcase classname="org.springframework.data.jpa.repository.OpenJpaNamespaceUserRepositoryTests" name="shouldFindBySpELExpressionWithoutArgumentsWithColon" time="0.018"/>
  <testcase classname="org.springframework.data.jpa.repository.OpenJpaNamespaceUserRepositoryTests" name="returnsAllSortedCorrectly" time="0.019"/>
  <testcase classname="org.springframework.data.jpa.repository.OpenJpaNamespaceUserRepositoryTests" name="executesFindByNullLastnameCorrectly" time="0.02"/>
  <testcase classname="org.springframework.data.jpa.repository.OpenJpaNamespaceUserRepositoryTests" name="findAllByExampleWithExcludedAttributes" time="0.019"/>
  <testcase classname="org.springframework.data.jpa.repository.OpenJpaNamespaceUserRepositoryTests" name="testReadAll" time="0.019"/>
  <testcase classname="org.springframework.data.jpa.repository.OpenJpaNamespaceUserRepositoryTests" name="returnsAllAsPageIfNoPageableIsGiven" time="0.021"/>
  <testcase classname="org.springframework.data.jpa.repository.OpenJpaNamespaceUserRepositoryTests" name="deleteByShouldReturnEmptyListInCaseNoEntityHasBeenRemovedAndReturnTypeIsCollectionLike" time="0.019"/>
  <testcase classname="org.springframework.data.jpa.repository.OpenJpaNamespaceUserRepositoryTests" name="executesQueryMethodWithDeepTraversalCorrectly" time="0.02"/>
  <testcase classname="org.springframework.data.jpa.repository.OpenJpaNamespaceUserRepositoryTests" name="findAllByExample" time="0.016"/>
  <testcase classname="org.springframework.data.jpa.repository.OpenJpaNamespaceUserRepositoryTests" name="findAllReturnsEmptyIterableIfNoIdsGiven" time="0.013"/>
  <testcase classname="org.springframework.data.jpa.repository.OpenJpaNamespaceUserRepositoryTests" name="customFindByQueryWithNamedVarargsParameters" time="0.017"/>
  <testcase classname="org.springframework.data.jpa.repository.OpenJpaNamespaceUserRepositoryTests" name="executesManipulatingQuery" time="0.017"/>
  <testcase classname="org.springframework.data.jpa.repository.OpenJpaNamespaceUserRepositoryTests" name="shouldSupportJava8StreamsForRepositoryDerivedFinderMethods" time="0.017"/>
  <testcase classname="org.springframework.data.jpa.repository.OpenJpaNamespaceUserRepositoryTests" name="findAllByExampleWithPropertySpecifier" time="0.02"/>
  <testcase classname="org.springframework.data.jpa.repository.OpenJpaNamespaceUserRepositoryTests" name="find2YoungestUsersPageableWithPageSize3Sliced" time="0.019"/>
  <testcase classname="org.springframework.data.jpa.repository.OpenJpaNamespaceUserRepositoryTests" name="ordersByReferencedEntityCorrectly" time="0.018"/>
  <testcase classname="org.springframework.data.jpa.repository.OpenJpaNamespaceUserRepositoryTests" name="returnsSameListIfNoSpecGiven" time="0.019"/>
  <testcase classname="org.springframework.data.jpa.repository.OpenJpaNamespaceUserRepositoryTests" name="findAllByExampleShouldNotAllowCycles" time="0.016"/>
  <testcase classname="org.springframework.data.jpa.repository.OpenJpaNamespaceUserRepositoryTests" name="existsByExampleWithExcludedAttributes" time="0.018"/>
  <testcase classname="org.springframework.data.jpa.repository.OpenJpaNamespaceUserRepositoryTests" name="savingNullCollectionIsNoOp" time="0.011"/>
  <testcase classname="org.springframework.data.jpa.repository.OpenJpaNamespaceUserRepositoryTests" name="returnsNullIfNoEntityFoundForSingleEntitySpecification" time="0.018"/>
  <testcase classname="org.springframework.data.jpa.repository.OpenJpaNamespaceUserRepositoryTests" name="executesNegatingSpecificationCorrectly" time="0.018"/>
  <testcase classname="org.springframework.data.jpa.repository.OpenJpaNamespaceUserRepositoryTests" name="executesGreaterThatOrEqualQueriesCorrectly" time="0.018"/>
  <testcase classname="org.springframework.data.jpa.repository.OpenJpaNamespaceUserRepositoryTests" name="savingEmptyCollectionIsNoOp" time="0.012"/>
  <testcase classname="org.springframework.data.jpa.repository.OpenJpaNamespaceUserRepositoryTests" name="deleteByShouldReturnNumberOfEntitiesRemovedIfReturnTypeIsLong" time="0.02"/>
  <testcase classname="org.springframework.data.jpa.repository.OpenJpaNamespaceUserRepositoryTests" name="removeDetachedObject" time="0.027"/>
  <testcase classname="org.springframework.data.jpa.repository.OpenJpaNamespaceUserRepositoryTests" name="testDelete" time="0.02"/>
  <testcase classname="org.springframework.data.jpa.repository.OpenJpaNamespaceUserRepositoryTests" name="shouldFindBySpELExpressionWithoutArgumentsWithQuestionmark" time="0.016"/>
  <testcase classname="org.springframework.data.jpa.repository.OpenJpaNamespaceUserRepositoryTests" name="savesCollectionCorrectly" time="0.011"/>
  <testcase classname="org.springframework.data.jpa.repository.OpenJpaNamespaceUserRepositoryTests" name="sortByNestedAssociationPropertyWithSortInPageable" time="0.017"/>
  <testcase classname="org.springframework.data.jpa.repository.OpenJpaNamespaceUserRepositoryTests" name="findAllByExampleWithRegexStringMatcher" time="0.015"/>
  <testcase classname="org.springframework.data.jpa.repository.OpenJpaNamespaceUserRepositoryTests" name="testCountsCorrectly" time="0.013"/>
  <testcase classname="org.springframework.data.jpa.repository.OpenJpaNamespaceUserRepositoryTests" name="shouldFindUserByFirstnameAndLastnameWithSpelExpressionInStringBasedQuery" time="0.023"/>
  <testcase classname="org.springframework.data.jpa.repository.OpenJpaNamespaceUserRepositoryTests" name="findAllByExampleWithEmbedded" time="0.023"/>
  <testcase classname="org.springframework.data.jpa.repository.OpenJpaNamespaceUserRepositoryTests" name="findAllByExampleWithPageable" time="0.038"/>
  <testcase classname="org.springframework.data.jpa.repository.OpenJpaNamespaceUserRepositoryTests" name="returnsAllIgnoreCaseSortedCorrectly" time="0.02"/>
  <testcase classname="org.springframework.data.jpa.repository.OpenJpaNamespaceUserRepositoryTests" name="shouldfindUsersByFirstnameForSpELExpressionOnlyWithParameterIndexReference" time="0.021"/>
  <testcase classname="org.springframework.data.jpa.repository.OpenJpaNamespaceUserRepositoryTests" name="countByExampleWithExcludedAttributes" time="0.017"/>
  <testcase classname="org.springframework.data.jpa.repository.OpenJpaNamespaceUserRepositoryTests" name="testUpdate" time="0.016"/>
  <testcase classname="org.springframework.data.jpa.repository.OpenJpaNamespaceUserRepositoryTests" name="deleteAllInBatch" time="0.017"/>
  <testcase classname="org.springframework.data.jpa.repository.OpenJpaNamespaceUserRepositoryTests" name="shouldfindUsersByFirstnameForSpELExpressionOnlyWithParameterNameVariableReference" time="0.016"/>
  <testcase classname="org.springframework.data.jpa.repository.OpenJpaNamespaceUserRepositoryTests" name="deleteEmptyCollectionDoesNotDeleteAnything" time="0.017"/>
  <testcase classname="org.springframework.data.jpa.repository.OpenJpaNamespaceUserRepositoryTests" name="returnsSameListIfNoSortIsGiven" time="0.024"/>
  <testcase classname="org.springframework.data.jpa.repository.OpenJpaNamespaceUserRepositoryTests" name="findByElementCollectionAttribute" time="0.02"/>
  <testcase classname="org.springframework.data.jpa.repository.OpenJpaNamespaceUserRepositoryTests" name="testPreventsCascadingRolePersisting" time="0.016"/>
  <testcase classname="org.springframework.data.jpa.repository.OpenJpaNamespaceUserRepositoryTests" name="findAllByExampleWithStartingStringMatcher" time="0.02"/>
  <testcase classname="org.springframework.data.jpa.repository.OpenJpaNamespaceUserRepositoryTests" name="excutesPagedSpecificationSettingAnOrder" time="0.019"/>
  <testcase classname="org.springframework.data.jpa.repository.OpenJpaNamespaceUserRepositoryTests" name="testFinderInvocationWithNullParameter" time="0.018"/>
  <testcase classname="org.springframework.data.jpa.repository.OpenJpaNamespaceUserRepositoryTests" name="findOldestUser" time="0.019"/>
  <testcase classname="org.springframework.data.jpa.repository.OpenJpaNamespaceUserRepositoryTests" name="findPaginatedNamedQueryWithCountQueryProjection" time="0.02"/>
  <testcase classname="org.springframework.data.jpa.repository.OpenJpaNamespaceUserRepositoryTests" name="executesFinderWithFalseKeywordCorrectly" time="0.018"/>
  <testcase classname="org.springframework.data.jpa.repository.OpenJpaNamespaceUserRepositoryTests" name="findByEmptyCollectionOfStrings" time="0.018"/>
  <testcase classname="org.springframework.data.jpa.repository.OpenJpaNamespaceUserRepositoryTests" name="supportsJava8StreamForPageableMethod" time="0.019"/>
</testsuite>