<?xml version="1.0" encoding="UTF-8"?>
<testsuite xmlns:xsi="http://www.w3.org/2001/XMLSchema-instance" xsi:schemaLocation="https://maven.apache.org/surefire/maven-surefire-plugin/xsd/surefire-test-report.xsd" name="org.springframework.data.solr.core.DefaultQueryParserTests" time="0.046" tests="129" errors="0" skipped="0" failures="0">
  <properties>
    <property name="java.runtime.name" value="Java(TM) SE Runtime Environment"/>
    <property name="sun.boot.library.path" value="/usr/lib/jvm/java-8-oracle/jre/lib/amd64"/>
    <property name="java.vm.version" value="25.111-b14"/>
    <property name="java.vm.vendor" value="Oracle Corporation"/>
    <property name="java.vendor.url" value="http://java.oracle.com/"/>
    <property name="path.separator" value=":"/>
    <property name="guice.disable.misplaced.annotation.check" value="true"/>
    <property name="java.vm.name" value="Java HotSpot(TM) 64-Bit Server VM"/>
    <property name="file.encoding.pkg" value="sun.io"/>
    <property name="user.country" value="BR"/>
    <property name="sun.java.launcher" value="SUN_STANDARD"/>
    <property name="sun.os.patch.level" value="unknown"/>
    <property name="java.vm.specification.name" value="Java Virtual Machine Specification"/>
    <property name="user.dir" value="/home/aluno/spring-projects/maven/spring-data-solr"/>
    <property name="java.runtime.version" value="1.8.0_111-b14"/>
    <property name="java.awt.graphicsenv" value="sun.awt.X11GraphicsEnvironment"/>
    <property name="java.endorsed.dirs" value="/usr/lib/jvm/java-8-oracle/jre/lib/endorsed"/>
    <property name="os.arch" value="amd64"/>
    <property name="java.io.tmpdir" value="/tmp"/>
    <property name="line.separator" value="&#10;"/>
    <property name="java.vm.specification.vendor" value="Oracle Corporation"/>
    <property name="os.name" value="Linux"/>
    <property name="classworlds.conf" value="/usr/share/maven/bin/m2.conf"/>
    <property name="sun.jnu.encoding" value="UTF-8"/>
    <property name="java.library.path" value="/usr/java/packages/lib/amd64:/usr/lib64:/lib64:/lib:/usr/lib"/>
    <property name="java.specification.name" value="Java Platform API Specification"/>
    <property name="java.class.version" value="52.0"/>
    <property name="sun.management.compiler" value="HotSpot 64-Bit Tiered Compilers"/>
    <property name="os.version" value="3.13.0-100-generic"/>
    <property name="user.home" value="/home/aluno"/>
    <property name="user.timezone" value="America/Fortaleza"/>
    <property name="java.awt.printerjob" value="sun.print.PSPrinterJob"/>
    <property name="file.encoding" value="UTF-8"/>
    <property name="java.specification.version" value="1.8"/>
    <property name="user.name" value="aluno"/>
    <property name="java.class.path" value="/usr/share/maven/boot/plexus-classworlds-2.x.jar"/>
    <property name="java.vm.specification.version" value="1.8"/>
    <property name="sun.arch.data.model" value="64"/>
    <property name="java.home" value="/usr/lib/jvm/java-8-oracle/jre"/>
    <property name="sun.java.command" value="org.codehaus.plexus.classworlds.launcher.Launcher test clover:aggregate clover:clover"/>
    <property name="java.specification.vendor" value="Oracle Corporation"/>
    <property name="user.language" value="pt"/>
    <property name="awt.toolkit" value="sun.awt.X11.XToolkit"/>
    <property name="java.vm.info" value="mixed mode"/>
    <property name="java.version" value="1.8.0_111"/>
    <property name="java.ext.dirs" value="/usr/lib/jvm/java-8-oracle/jre/lib/ext:/usr/java/packages/lib/ext"/>
    <property name="securerandom.source" value="file:/dev/./urandom"/>
    <property name="sun.boot.class.path" value="/usr/lib/jvm/java-8-oracle/jre/lib/resources.jar:/usr/lib/jvm/java-8-oracle/jre/lib/rt.jar:/usr/lib/jvm/java-8-oracle/jre/lib/sunrsasign.jar:/usr/lib/jvm/java-8-oracle/jre/lib/jsse.jar:/usr/lib/jvm/java-8-oracle/jre/lib/jce.jar:/usr/lib/jvm/java-8-oracle/jre/lib/charsets.jar:/usr/lib/jvm/java-8-oracle/jre/lib/jfr.jar:/usr/lib/jvm/java-8-oracle/jre/classes"/>
    <property name="java.vendor" value="Oracle Corporation"/>
    <property name="maven.home" value="/usr/share/maven"/>
    <property name="file.separator" value="/"/>
    <property name="java.vendor.url.bug" value="http://bugreport.sun.com/bugreport/"/>
    <property name="sun.cpu.endian" value="little"/>
    <property name="sun.io.unicode.encoding" value="UnicodeLittle"/>
    <property name="sun.desktop" value="gnome"/>
    <property name="sun.cpu.isalist" value=""/>
  </properties>
  <testcase name="testWithSortAscMultipleFields" classname="org.springframework.data.solr.core.DefaultQueryParserTests" time="0"/>
  <testcase name="testEmptyCriteriaShouldBeDefaultedToNotNUll" classname="org.springframework.data.solr.core.DefaultQueryParserTests" time="0"/>
  <testcase name="testBetweenExcludeLowerBound" classname="org.springframework.data.solr.core.DefaultQueryParserTests" time="0"/>
  <testcase name="testCriteriaWithDoubleQuotes" classname="org.springframework.data.solr.core.DefaultQueryParserTests" time="0"/>
  <testcase name="testConstructSolrQueryWithSelectiveStatsCountDistinct" classname="org.springframework.data.solr.core.DefaultQueryParserTests" time="0"/>
  <testcase name="testCircleForWithinMustNotBeNull" classname="org.springframework.data.solr.core.DefaultQueryParserTests" time="0"/>
  <testcase name="testWithoutTimeAllowed" classname="org.springframework.data.solr.core.DefaultQueryParserTests" time="0"/>
  <testcase name="testWithSimpleStringCriteria" classname="org.springframework.data.solr.core.DefaultQueryParserTests" time="0"/>
  <testcase name="testConstructSolrQueryWithCustomFieldFacetParameters" classname="org.springframework.data.solr.core.DefaultQueryParserTests" time="0"/>
  <testcase name="testEndsWith" classname="org.springframework.data.solr.core.DefaultQueryParserTests" time="0"/>
  <testcase name="testNestedOrPartWithAnd" classname="org.springframework.data.solr.core.DefaultQueryParserTests" time="0"/>
  <testcase name="testFuzzyWithDistance" classname="org.springframework.data.solr.core.DefaultQueryParserTests" time="0"/>
  <testcase name="testBoostMultipleValues" classname="org.springframework.data.solr.core.DefaultQueryParserTests" time="0"/>
  <testcase name="testConstructSolrQueryWithFieldFacetParameters" classname="org.springframework.data.solr.core.DefaultQueryParserTests" time="0"/>
  <testcase name="testWithinCircleWorksCorrectly" classname="org.springframework.data.solr.core.DefaultQueryParserTests" time="0"/>
  <testcase name="shouldNotEnableSpellcheckWennNoSpellcheckOptionsPresent" classname="org.springframework.data.solr.core.DefaultQueryParserTests" time="0"/>
  <testcase name="testWithoutDefaultOperator" classname="org.springframework.data.solr.core.DefaultQueryParserTests" time="0"/>
  <testcase name="testConstructSorlQueryWithHighlightOptionFragsize" classname="org.springframework.data.solr.core.DefaultQueryParserTests" time="0"/>
  <testcase name="testAnd" classname="org.springframework.data.solr.core.DefaultQueryParserTests" time="0"/>
  <testcase name="testConstructSolrQueryWithSingleFacetOnField" classname="org.springframework.data.solr.core.DefaultQueryParserTests" time="0.001"/>
  <testcase name="testNotCritieraCarriedOnPorperlyForNullAndNotNull" classname="org.springframework.data.solr.core.DefaultQueryParserTests" time="0"/>
  <testcase name="testConstructSolrQueryWithSinglePivot" classname="org.springframework.data.solr.core.DefaultQueryParserTests" time="0"/>
  <testcase name="notOperatorShouldWrapNestedExpressionCorrectlyReverseWithDoubleNegation" classname="org.springframework.data.solr.core.DefaultQueryParserTests" time="0"/>
  <testcase name="testWithLuceneDefType" classname="org.springframework.data.solr.core.DefaultQueryParserTests" time="0"/>
  <testcase name="testRegularDateRangeFacets" classname="org.springframework.data.solr.core.DefaultQueryParserTests" time="0"/>
  <testcase name="testConstructGroupQueryWithMultipleQueries" classname="org.springframework.data.solr.core.DefaultQueryParserTests" time="0"/>
  <testcase name="testWithJoinTwoCoresOperator" classname="org.springframework.data.solr.core.DefaultQueryParserTests" time="0"/>
  <testcase name="testWithSortMixedDirections" classname="org.springframework.data.solr.core.DefaultQueryParserTests" time="0"/>
  <testcase name="testBoost" classname="org.springframework.data.solr.core.DefaultQueryParserTests" time="0"/>
  <testcase name="testFuzzy" classname="org.springframework.data.solr.core.DefaultQueryParserTests" time="0"/>
  <testcase name="testIsNot" classname="org.springframework.data.solr.core.DefaultQueryParserTests" time="0"/>
  <testcase name="testWithANDDefaultOperator" classname="org.springframework.data.solr.core.DefaultQueryParserTests" time="0"/>
  <testcase name="testNear" classname="org.springframework.data.solr.core.DefaultQueryParserTests" time="0"/>
  <testcase name="testConstructSorlQueryWithHighlightOptionFormatter" classname="org.springframework.data.solr.core.DefaultQueryParserTests" time="0"/>
  <testcase name="testWithFilterQuery" classname="org.springframework.data.solr.core.DefaultQueryParserTests" time="0"/>
  <testcase name="connectShouldAllowConcatinationOfCriteriaWithOrPreservingDesiredBracketing" classname="org.springframework.data.solr.core.DefaultQueryParserTests" time="0"/>
  <testcase name="notOperatorShouldWrapWholeExpression" classname="org.springframework.data.solr.core.DefaultQueryParserTests" time="0"/>
  <testcase name="testIn" classname="org.springframework.data.solr.core.DefaultQueryParserTests" time="0"/>
  <testcase name="testIs" classname="org.springframework.data.solr.core.DefaultQueryParserTests" time="0"/>
  <testcase name="testOr" classname="org.springframework.data.solr.core.DefaultQueryParserTests" time="0"/>
  <testcase name="testCircleForNearMustNotBeNull" classname="org.springframework.data.solr.core.DefaultQueryParserTests" time="0"/>
  <testcase name="testConstructSolrQueryWithFacetPrefix" classname="org.springframework.data.solr.core.DefaultQueryParserTests" time="0"/>
  <testcase name="testRegularNumericRangeFacets" classname="org.springframework.data.solr.core.DefaultQueryParserTests" time="0"/>
  <testcase name="testStringCriteria" classname="org.springframework.data.solr.core.DefaultQueryParserTests" time="0.007"/>
  <testcase name="connectShouldAllowConcatinationOfCriteriaWithAndPreservingDesiredBracketing" classname="org.springframework.data.solr.core.DefaultQueryParserTests" time="0"/>
  <testcase name="testConstructGroupQueryWithLimitSetToNegative1" classname="org.springframework.data.solr.core.DefaultQueryParserTests" time="0"/>
  <testcase name="testWithSortAscOnSingleField" classname="org.springframework.data.solr.core.DefaultQueryParserTests" time="0"/>
  <testcase name="testBetweenExcludeUpperBound" classname="org.springframework.data.solr.core.DefaultQueryParserTests" time="0"/>
  <testcase name="testBetweenWithDateValue" classname="org.springframework.data.solr.core.DefaultQueryParserTests" time="0"/>
  <testcase name="testBetween" classname="org.springframework.data.solr.core.DefaultQueryParserTests" time="0"/>
  <testcase name="testNegativeFacetLimitUsingFacetOptions_setFacetLimit" classname="org.springframework.data.solr.core.DefaultQueryParserTests" time="0"/>
  <testcase name="testIsWithNegativeNumner" classname="org.springframework.data.solr.core.DefaultQueryParserTests" time="0"/>
  <testcase name="testWithTimeAllowed" classname="org.springframework.data.solr.core.DefaultQueryParserTests" time="0"/>
  <testcase name="testConstructSolrQueryWithPagination" classname="org.springframework.data.solr.core.DefaultQueryParserTests" time="0"/>
  <testcase name="testConstructSolrQueryWithStatFieldsAndFacets" classname="org.springframework.data.solr.core.DefaultQueryParserTests" time="0"/>
  <testcase name="testConstructSimpleSolrQuery" classname="org.springframework.data.solr.core.DefaultQueryParserTests" time="0"/>
  <testcase name="testConstructSorlQueryWithFieldSpecificHighlightOptions" classname="org.springframework.data.solr.core.DefaultQueryParserTests" time="0.003"/>
  <testcase name="testConstructSorlQueryWithHighlightOptionsAndAnySolrParameter" classname="org.springframework.data.solr.core.DefaultQueryParserTests" time="0"/>
  <testcase name="testNearWithCoords" classname="org.springframework.data.solr.core.DefaultQueryParserTests" time="0"/>
  <testcase name="testCriteriaWithWhiteSpace" classname="org.springframework.data.solr.core.DefaultQueryParserTests" time="0"/>
  <testcase name="testConstructSolrQueryWithMultipleFacetOnFields" classname="org.springframework.data.solr.core.DefaultQueryParserTests" time="0"/>
  <testcase name="testMultipleAnd" classname="org.springframework.data.solr.core.DefaultQueryParserTests" time="0"/>
  <testcase name="connectShouldAllowConcatinationOfCriteriaWithAndPreservingDesiredBracketingReverse" classname="org.springframework.data.solr.core.DefaultQueryParserTests" time="0"/>
  <testcase name="testCriteriaChain" classname="org.springframework.data.solr.core.DefaultQueryParserTests" time="0.001"/>
  <testcase name="shouldEnableSpellcheckWennSpellcheckOptionsPresent" classname="org.springframework.data.solr.core.DefaultQueryParserTests" time="0"/>
  <testcase name="testNearWithDistanceUnitMiles" classname="org.springframework.data.solr.core.DefaultQueryParserTests" time="0.001"/>
  <testcase name="testConstructSolrQueryWithSingleGroupBy" classname="org.springframework.data.solr.core.DefaultQueryParserTests" time="0"/>
  <testcase name="testConstructSorlQueryWithHighlightOptionNrSnipplets" classname="org.springframework.data.solr.core.DefaultQueryParserTests" time="0.001"/>
  <testcase name="testContains" classname="org.springframework.data.solr.core.DefaultQueryParserTests" time="0.002"/>
  <testcase name="testIsWithJodaDateTime" classname="org.springframework.data.solr.core.DefaultQueryParserTests" time="0"/>
  <testcase name="testConstructSolrQueryWithStatField" classname="org.springframework.data.solr.core.DefaultQueryParserTests" time="0"/>
  <testcase name="testBetweenWithoutLowerBound" classname="org.springframework.data.solr.core.DefaultQueryParserTests" time="0"/>
  <testcase name="pageableUsingZeroShouldBeParsedCorrectlyWhenSetUsingExplititMethods" classname="org.springframework.data.solr.core.DefaultQueryParserTests" time="0.001"/>
  <testcase name="testNoRangeFacetAssignmentWhenNoRangeFacetsPresent" classname="org.springframework.data.solr.core.DefaultQueryParserTests" time="0"/>
  <testcase name="testWithSortDescOnSingleField" classname="org.springframework.data.solr.core.DefaultQueryParserTests" time="0"/>
  <testcase name="testEndsWithMulitpleValues" classname="org.springframework.data.solr.core.DefaultQueryParserTests" time="0"/>
  <testcase name="testNestedOrPartWithAndSomeOtherThings" classname="org.springframework.data.solr.core.DefaultQueryParserTests" time="0.001"/>
  <testcase name="testIsWithJavaDateValue" classname="org.springframework.data.solr.core.DefaultQueryParserTests" time="0.001"/>
  <testcase name="testContainsWithMultipleValues" classname="org.springframework.data.solr.core.DefaultQueryParserTests" time="0"/>
  <testcase name="testConstructSolrQueryWithFacetSort" classname="org.springframework.data.solr.core.DefaultQueryParserTests" time="0.001"/>
  <testcase name="testMultipleIs" classname="org.springframework.data.solr.core.DefaultQueryParserTests" time="0"/>
  <testcase name="testMultipleOr" classname="org.springframework.data.solr.core.DefaultQueryParserTests" time="0.001"/>
  <testcase name="testDeepNesting" classname="org.springframework.data.solr.core.DefaultQueryParserTests" time="0"/>
  <testcase name="testWithinWithDistanceUnitMiles" classname="org.springframework.data.solr.core.DefaultQueryParserTests" time="0"/>
  <testcase name="testConstructSolrQueryWithStatsConfig" classname="org.springframework.data.solr.core.DefaultQueryParserTests" time="0.001"/>
  <testcase name="testConstructGroupQueryWithMultipleFunctions" classname="org.springframework.data.solr.core.DefaultQueryParserTests" time="0"/>
  <testcase name="testNegativeFacetLimitUsingFacetOptions_setPageable" classname="org.springframework.data.solr.core.DefaultQueryParserTests" time="0"/>
  <testcase name="testConstructSimpleSolrQueryWithProjection" classname="org.springframework.data.solr.core.DefaultQueryParserTests" time="0.004"/>
  <testcase name="testWithORDefaultOperator" classname="org.springframework.data.solr.core.DefaultQueryParserTests" time="0"/>
  <testcase name="testBoostMultipleCriteriasValues" classname="org.springframework.data.solr.core.DefaultQueryParserTests" time="0"/>
  <testcase name="testWithinWithDistanceUnitKilometers" classname="org.springframework.data.solr.core.DefaultQueryParserTests" time="0.001"/>
  <testcase name="testRegisterAlternateConverter" classname="org.springframework.data.solr.core.DefaultQueryParserTests" time="0"/>
  <testcase name="testWithFooRequestHandler" classname="org.springframework.data.solr.core.DefaultQueryParserTests" time="0.001"/>
  <testcase name="testIsWithJodaLocalDateTime" classname="org.springframework.data.solr.core.DefaultQueryParserTests" time="0"/>
  <testcase name="testConstructSolrQueryWithMultipleFacetFilterQuerues" classname="org.springframework.data.solr.core.DefaultQueryParserTests" time="0"/>
  <testcase name="testWithUndefindedDefType" classname="org.springframework.data.solr.core.DefaultQueryParserTests" time="0"/>
  <testcase name="testWithEmptyFilterQuery" classname="org.springframework.data.solr.core.DefaultQueryParserTests" time="0"/>
  <testcase name="testWithNullDefaultOperator" classname="org.springframework.data.solr.core.DefaultQueryParserTests" time="0.001"/>
  <testcase name="testWithNONEDefaultOperator" classname="org.springframework.data.solr.core.DefaultQueryParserTests" time="0"/>
  <testcase name="testWithJoinOperator" classname="org.springframework.data.solr.core.DefaultQueryParserTests" time="0"/>
  <testcase name="testConstructSolrQueryWithEmptyHighlightOption" classname="org.springframework.data.solr.core.DefaultQueryParserTests" time="0"/>
  <testcase name="testConstructSolrQueryWithMultiplePivot" classname="org.springframework.data.solr.core.DefaultQueryParserTests" time="0"/>
  <testcase name="testNegativeFacetOffsetAndFacetLimitUsingFacetOptions_setPageable" classname="org.springframework.data.solr.core.DefaultQueryParserTests" time="0"/>
  <testcase name="connectShouldAllowConcatinationOfCriteriaWithOrPreservingDesiredBracketingReverse" classname="org.springframework.data.solr.core.DefaultQueryParserTests" time="0"/>
  <testcase name="shouldApplySpellcheckOptionsCorrectly" classname="org.springframework.data.solr.core.DefaultQueryParserTests" time="0.001"/>
  <testcase name="testStartsWithMultipleValues" classname="org.springframework.data.solr.core.DefaultQueryParserTests" time="0"/>
  <testcase name="testWithinWithNullDistance" classname="org.springframework.data.solr.core.DefaultQueryParserTests" time="0"/>
  <testcase name="testConstructSolrQueryWithStatFacets" classname="org.springframework.data.solr.core.DefaultQueryParserTests" time="0"/>
  <testcase name="testConstructSolrQueryWithStatFields" classname="org.springframework.data.solr.core.DefaultQueryParserTests" time="0"/>
  <testcase name="notOperatorShouldWrapNestedExpressionCorrectlyReverse" classname="org.springframework.data.solr.core.DefaultQueryParserTests" time="0.001"/>
  <testcase name="testWithSortDescMultipleFields" classname="org.springframework.data.solr.core.DefaultQueryParserTests" time="0"/>
  <testcase name="testWithNullSort" classname="org.springframework.data.solr.core.DefaultQueryParserTests" time="0"/>
  <testcase name="testBetweenWithoutUpperBound" classname="org.springframework.data.solr.core.DefaultQueryParserTests" time="0"/>
  <testcase name="testConstructSolrQueryWithSingleFacetFilterQuery" classname="org.springframework.data.solr.core.DefaultQueryParserTests" time="0"/>
  <testcase name="testSloppy" classname="org.springframework.data.solr.core.DefaultQueryParserTests" time="0"/>
  <testcase name="testExpression" classname="org.springframework.data.solr.core.DefaultQueryParserTests" time="0.001"/>
  <testcase name="testNearWithDistanceUnitKilometers" classname="org.springframework.data.solr.core.DefaultQueryParserTests" time="0"/>
  <testcase name="notOperatorShouldWrapNestedExpressionCorrectly" classname="org.springframework.data.solr.core.DefaultQueryParserTests" time="0.004"/>
  <testcase name="testConstructSolrQueryWithoutHighlightOption" classname="org.springframework.data.solr.core.DefaultQueryParserTests" time="0"/>
  <testcase name="testConstructSolrQueryWithHighlightOptionHavingFields" classname="org.springframework.data.solr.core.DefaultQueryParserTests" time="0"/>
  <testcase name="testConstructGroupQueryWithoutPagingParameters" classname="org.springframework.data.solr.core.DefaultQueryParserTests" time="0.001"/>
  <testcase name="testStringCriteriaWithMoreFragments" classname="org.springframework.data.solr.core.DefaultQueryParserTests" time="0"/>
  <testcase name="testConstructGroupQueryWithAllPossibleParameters" classname="org.springframework.data.solr.core.DefaultQueryParserTests" time="0"/>
  <testcase name="pageableUsingZeroShouldBeParsedCorrectlyWhenSetUsingPageable" classname="org.springframework.data.solr.core.DefaultQueryParserTests" time="0"/>
  <testcase name="testBetweenNegativeNumber" classname="org.springframework.data.solr.core.DefaultQueryParserTests" time="0"/>
  <testcase name="testStartsWith" classname="org.springframework.data.solr.core.DefaultQueryParserTests" time="0"/>
  <testcase name="testConstructSolrQueryWithSelectiveStatsFacet" classname="org.springframework.data.solr.core.DefaultQueryParserTests" time="0"/>
  <testcase name="testWithUndefinedRequestHandler" classname="org.springframework.data.solr.core.DefaultQueryParserTests" time="0.001"/>
  <testcase name="testWithEdismaxDefType" classname="org.springframework.data.solr.core.DefaultQueryParserTests" time="0"/>
</testsuite>