<?xml version="1.0" encoding="UTF-8"?>
<testsuite xmlns:xsi="http://www.w3.org/2001/XMLSchema-instance" xsi:schemaLocation="https://maven.apache.org/surefire/maven-surefire-plugin/xsd/surefire-test-report.xsd" name="org.springframework.data.solr.core.FunctionQueryFragmentTests" time="0.038" tests="73" errors="0" skipped="0" failures="0">
  <properties>
    <property name="java.runtime.name" value="Java(TM) SE Runtime Environment"/>
    <property name="sun.boot.library.path" value="/usr/lib/jvm/java-8-oracle/jre/lib/amd64"/>
    <property name="java.vm.version" value="25.111-b14"/>
    <property name="java.vm.vendor" value="Oracle Corporation"/>
    <property name="java.vendor.url" value="http://java.oracle.com/"/>
    <property name="path.separator" value=":"/>
    <property name="guice.disable.misplaced.annotation.check" value="true"/>
    <property name="java.vm.name" value="Java HotSpot(TM) 64-Bit Server VM"/>
    <property name="file.encoding.pkg" value="sun.io"/>
    <property name="user.country" value="BR"/>
    <property name="sun.java.launcher" value="SUN_STANDARD"/>
    <property name="sun.os.patch.level" value="unknown"/>
    <property name="java.vm.specification.name" value="Java Virtual Machine Specification"/>
    <property name="user.dir" value="/home/aluno/spring-projects/maven/spring-data-solr"/>
    <property name="java.runtime.version" value="1.8.0_111-b14"/>
    <property name="java.awt.graphicsenv" value="sun.awt.X11GraphicsEnvironment"/>
    <property name="java.endorsed.dirs" value="/usr/lib/jvm/java-8-oracle/jre/lib/endorsed"/>
    <property name="os.arch" value="amd64"/>
    <property name="java.io.tmpdir" value="/tmp"/>
    <property name="line.separator" value="&#10;"/>
    <property name="java.vm.specification.vendor" value="Oracle Corporation"/>
    <property name="os.name" value="Linux"/>
    <property name="classworlds.conf" value="/usr/share/maven/bin/m2.conf"/>
    <property name="sun.jnu.encoding" value="UTF-8"/>
    <property name="java.library.path" value="/usr/java/packages/lib/amd64:/usr/lib64:/lib64:/lib:/usr/lib"/>
    <property name="java.specification.name" value="Java Platform API Specification"/>
    <property name="java.class.version" value="52.0"/>
    <property name="sun.management.compiler" value="HotSpot 64-Bit Tiered Compilers"/>
    <property name="os.version" value="3.13.0-100-generic"/>
    <property name="user.home" value="/home/aluno"/>
    <property name="user.timezone" value="America/Fortaleza"/>
    <property name="java.awt.printerjob" value="sun.print.PSPrinterJob"/>
    <property name="file.encoding" value="UTF-8"/>
    <property name="java.specification.version" value="1.8"/>
    <property name="user.name" value="aluno"/>
    <property name="java.class.path" value="/usr/share/maven/boot/plexus-classworlds-2.x.jar"/>
    <property name="java.vm.specification.version" value="1.8"/>
    <property name="sun.arch.data.model" value="64"/>
    <property name="java.home" value="/usr/lib/jvm/java-8-oracle/jre"/>
    <property name="sun.java.command" value="org.codehaus.plexus.classworlds.launcher.Launcher test clover:aggregate clover:clover"/>
    <property name="java.specification.vendor" value="Oracle Corporation"/>
    <property name="user.language" value="pt"/>
    <property name="awt.toolkit" value="sun.awt.X11.XToolkit"/>
    <property name="java.vm.info" value="mixed mode"/>
    <property name="java.version" value="1.8.0_111"/>
    <property name="java.ext.dirs" value="/usr/lib/jvm/java-8-oracle/jre/lib/ext:/usr/java/packages/lib/ext"/>
    <property name="securerandom.source" value="file:/dev/./urandom"/>
    <property name="sun.boot.class.path" value="/usr/lib/jvm/java-8-oracle/jre/lib/resources.jar:/usr/lib/jvm/java-8-oracle/jre/lib/rt.jar:/usr/lib/jvm/java-8-oracle/jre/lib/sunrsasign.jar:/usr/lib/jvm/java-8-oracle/jre/lib/jsse.jar:/usr/lib/jvm/java-8-oracle/jre/lib/jce.jar:/usr/lib/jvm/java-8-oracle/jre/lib/charsets.jar:/usr/lib/jvm/java-8-oracle/jre/lib/jfr.jar:/usr/lib/jvm/java-8-oracle/jre/classes"/>
    <property name="java.vendor" value="Oracle Corporation"/>
    <property name="maven.home" value="/usr/share/maven"/>
    <property name="file.separator" value="/"/>
    <property name="java.vendor.url.bug" value="http://bugreport.sun.com/bugreport/"/>
    <property name="sun.cpu.endian" value="little"/>
    <property name="sun.io.unicode.encoding" value="UnicodeLittle"/>
    <property name="sun.desktop" value="gnome"/>
    <property name="sun.cpu.isalist" value=""/>
  </properties>
  <testcase name="queryParserConstructsExpectedFragment[0: CurrencyFunction [arguments=[field_1]]]" classname="org.springframework.data.solr.core.FunctionQueryFragmentTests" time="0"/>
  <testcase name="queryParserConstructsExpectedFragment[1: CurrencyFunction [arguments=[field_1, EUR]]]" classname="org.springframework.data.solr.core.FunctionQueryFragmentTests" time="0"/>
  <testcase name="queryParserConstructsExpectedFragment[2: CurrencyFunction [arguments=[field_1]]]" classname="org.springframework.data.solr.core.FunctionQueryFragmentTests" time="0"/>
  <testcase name="queryParserConstructsExpectedFragment[3: CurrencyFunction [arguments=[field_1, EUR]]]" classname="org.springframework.data.solr.core.FunctionQueryFragmentTests" time="0.001"/>
  <testcase name="queryParserConstructsExpectedFragment[4: DefaultValueFunction [arguments=[field_1, value]]]" classname="org.springframework.data.solr.core.FunctionQueryFragmentTests" time="0"/>
  <testcase name="queryParserConstructsExpectedFragment[5: DefaultValueFunction [arguments=[field_1, 1]]]" classname="org.springframework.data.solr.core.FunctionQueryFragmentTests" time="0"/>
  <testcase name="queryParserConstructsExpectedFragment[6: DefaultValueFunction [arguments=[field_1, Foo]]]" classname="org.springframework.data.solr.core.FunctionQueryFragmentTests" time="0"/>
  <testcase name="queryParserConstructsExpectedFragment[7: DefaultValueFunction [arguments=[field_1, value]]]" classname="org.springframework.data.solr.core.FunctionQueryFragmentTests" time="0"/>
  <testcase name="queryParserConstructsExpectedFragment[8: DefaultValueFunction [arguments=[field_1, 1]]]" classname="org.springframework.data.solr.core.FunctionQueryFragmentTests" time="0"/>
  <testcase name="queryParserConstructsExpectedFragment[9: DefaultValueFunction [arguments=[field_1, Foo]]]" classname="org.springframework.data.solr.core.FunctionQueryFragmentTests" time="0"/>
  <testcase name="queryParserConstructsExpectedFragment[10: DefaultValueFunction [arguments=[Foo, value]]]" classname="org.springframework.data.solr.core.FunctionQueryFragmentTests" time="0"/>
  <testcase name="queryParserConstructsExpectedFragment[11: DefaultValueFunction [arguments=[Foo, 1]]]" classname="org.springframework.data.solr.core.FunctionQueryFragmentTests" time="0"/>
  <testcase name="queryParserConstructsExpectedFragment[12: DefaultValueFunction [arguments=[Foo, Bar]]]" classname="org.springframework.data.solr.core.FunctionQueryFragmentTests" time="0"/>
  <testcase name="queryParserConstructsExpectedFragment[13: DistanceFunction [arguments=[2, Point [x=1.000000, y=2.000000], Point [x=3.000000, y=4.000000]]]]" classname="org.springframework.data.solr.core.FunctionQueryFragmentTests" time="0"/>
  <testcase name="queryParserConstructsExpectedFragment[14: DistanceFunction [arguments=[2, Point [x=1.000000, y=2.000000], Point [x=4.000000, y=5.000000]]]]" classname="org.springframework.data.solr.core.FunctionQueryFragmentTests" time="0"/>
  <testcase name="queryParserConstructsExpectedFragment[15: DistanceFunction [arguments=[Infinite, Point [x=1.000000, y=2.000000], Point [x=3.000000, y=4.000000]]]]" classname="org.springframework.data.solr.core.FunctionQueryFragmentTests" time="0.001"/>
  <testcase name="queryParserConstructsExpectedFragment[16: DistanceFunction [arguments=[Infinite, Point [x=1.000000, y=2.000000], Point [x=4.000000, y=5.000000]]]]" classname="org.springframework.data.solr.core.FunctionQueryFragmentTests" time="0"/>
  <testcase name="queryParserConstructsExpectedFragment[17: DistanceFunction [arguments=[1, Point [x=1.000000, y=2.000000], Point [x=3.000000, y=4.000000]]]]" classname="org.springframework.data.solr.core.FunctionQueryFragmentTests" time="0.001"/>
  <testcase name="queryParserConstructsExpectedFragment[18: DistanceFunction [arguments=[1, Point [x=1.000000, y=2.000000], Point [x=4.000000, y=5.000000]]]]" classname="org.springframework.data.solr.core.FunctionQueryFragmentTests" time="0"/>
  <testcase name="queryParserConstructsExpectedFragment[19: DistanceFunction [arguments=[0, Point [x=1.000000, y=2.000000], Point [x=3.000000, y=4.000000]]]]" classname="org.springframework.data.solr.core.FunctionQueryFragmentTests" time="0.001"/>
  <testcase name="queryParserConstructsExpectedFragment[20: DistanceFunction [arguments=[0, Point [x=1.000000, y=2.000000], Point [x=4.000000, y=5.000000]]]]" classname="org.springframework.data.solr.core.FunctionQueryFragmentTests" time="0.001"/>
  <testcase name="queryParserConstructsExpectedFragment[21: DivideFunction [arguments=[Foo, Bar]]]" classname="org.springframework.data.solr.core.FunctionQueryFragmentTests" time="0"/>
  <testcase name="queryParserConstructsExpectedFragment[22: DivideFunction [arguments=[Foo, 3]]]" classname="org.springframework.data.solr.core.FunctionQueryFragmentTests" time="0.001"/>
  <testcase name="queryParserConstructsExpectedFragment[23: DivideFunction [arguments=[Foo, field_1]]]" classname="org.springframework.data.solr.core.FunctionQueryFragmentTests" time="0"/>
  <testcase name="queryParserConstructsExpectedFragment[24: DivideFunction [arguments=[Foo, field_1]]]" classname="org.springframework.data.solr.core.FunctionQueryFragmentTests" time="0"/>
  <testcase name="queryParserConstructsExpectedFragment[25: DivideFunction [arguments=[3, Bar]]]" classname="org.springframework.data.solr.core.FunctionQueryFragmentTests" time="0"/>
  <testcase name="queryParserConstructsExpectedFragment[26: DivideFunction [arguments=[3, 3]]]" classname="org.springframework.data.solr.core.FunctionQueryFragmentTests" time="0"/>
  <testcase name="queryParserConstructsExpectedFragment[27: DivideFunction [arguments=[3, field_1]]]" classname="org.springframework.data.solr.core.FunctionQueryFragmentTests" time="0"/>
  <testcase name="queryParserConstructsExpectedFragment[28: DivideFunction [arguments=[3, field_1]]]" classname="org.springframework.data.solr.core.FunctionQueryFragmentTests" time="0"/>
  <testcase name="queryParserConstructsExpectedFragment[29: DivideFunction [arguments=[field_1, Bar]]]" classname="org.springframework.data.solr.core.FunctionQueryFragmentTests" time="0"/>
  <testcase name="queryParserConstructsExpectedFragment[30: DivideFunction [arguments=[field_1, 3]]]" classname="org.springframework.data.solr.core.FunctionQueryFragmentTests" time="0"/>
  <testcase name="queryParserConstructsExpectedFragment[31: DivideFunction [arguments=[field_1, field_2]]]" classname="org.springframework.data.solr.core.FunctionQueryFragmentTests" time="0.001"/>
  <testcase name="queryParserConstructsExpectedFragment[32: DivideFunction [arguments=[field_1, field_2]]]" classname="org.springframework.data.solr.core.FunctionQueryFragmentTests" time="0"/>
  <testcase name="queryParserConstructsExpectedFragment[33: DivideFunction [arguments=[field_1, Bar]]]" classname="org.springframework.data.solr.core.FunctionQueryFragmentTests" time="0"/>
  <testcase name="queryParserConstructsExpectedFragment[34: DivideFunction [arguments=[field_1, 3]]]" classname="org.springframework.data.solr.core.FunctionQueryFragmentTests" time="0"/>
  <testcase name="queryParserConstructsExpectedFragment[35: DivideFunction [arguments=[field_1, field_2]]]" classname="org.springframework.data.solr.core.FunctionQueryFragmentTests" time="0"/>
  <testcase name="queryParserConstructsExpectedFragment[36: DivideFunction [arguments=[field_1, field_2]]]" classname="org.springframework.data.solr.core.FunctionQueryFragmentTests" time="0"/>
  <testcase name="queryParserConstructsExpectedFragment[37: ExistsFunction [arguments=[field_3]]]" classname="org.springframework.data.solr.core.FunctionQueryFragmentTests" time="0.001"/>
  <testcase name="queryParserConstructsExpectedFragment[38: ExistsFunction [arguments=[Foo]]]" classname="org.springframework.data.solr.core.FunctionQueryFragmentTests" time="0"/>
  <testcase name="queryParserConstructsExpectedFragment[39: ExistsFunction [arguments=[field_1]]]" classname="org.springframework.data.solr.core.FunctionQueryFragmentTests" time="0"/>
  <testcase name="queryParserConstructsExpectedFragment[40: GeoDistanceFunction [arguments=[field_1, Point [x=12.000000, y=13.000000]]]]" classname="org.springframework.data.solr.core.FunctionQueryFragmentTests" time="0.001"/>
  <testcase name="queryParserConstructsExpectedFragment[41: GeoDistanceFunction [arguments=[field_1, Point [x=12.000000, y=13.000000]]]]" classname="org.springframework.data.solr.core.FunctionQueryFragmentTests" time="0"/>
  <testcase name="queryParserConstructsExpectedFragment[42: GeoDistanceFunction [arguments=[field_1, Point [x=12.000000, y=13.000000]]]]" classname="org.springframework.data.solr.core.FunctionQueryFragmentTests" time="0"/>
  <testcase name="queryParserConstructsExpectedFragment[43: GeoHashFunction [arguments=[Point [x=1.000000, y=2.000000]]]]" classname="org.springframework.data.solr.core.FunctionQueryFragmentTests" time="0"/>
  <testcase name="queryParserConstructsExpectedFragment[44: GeoHashFunction [arguments=[Point [x=1.000000, y=2.000000]]]]" classname="org.springframework.data.solr.core.FunctionQueryFragmentTests" time="0"/>
  <testcase name="queryParserConstructsExpectedFragment[45: IfFunction [arguments=[Foo, field_1, 3]]]" classname="org.springframework.data.solr.core.FunctionQueryFragmentTests" time="0"/>
  <testcase name="queryParserConstructsExpectedFragment[46: IfFunction [arguments=[Foo, field_1, 3]]]" classname="org.springframework.data.solr.core.FunctionQueryFragmentTests" time="0"/>
  <testcase name="queryParserConstructsExpectedFragment[47: IfFunction [arguments=[field_1, Foo, Bar]]]" classname="org.springframework.data.solr.core.FunctionQueryFragmentTests" time="0"/>
  <testcase name="queryParserConstructsExpectedFragment[48: IfFunction [arguments=[field_1, Foo, Bar]]]" classname="org.springframework.data.solr.core.FunctionQueryFragmentTests" time="0"/>
  <testcase name="queryParserConstructsExpectedFragment[49: MaxFunction [arguments=[Foo, Bar]]]" classname="org.springframework.data.solr.core.FunctionQueryFragmentTests" time="0"/>
  <testcase name="queryParserConstructsExpectedFragment[50: MaxFunction [arguments=[Foo, 3]]]" classname="org.springframework.data.solr.core.FunctionQueryFragmentTests" time="0"/>
  <testcase name="queryParserConstructsExpectedFragment[51: MaxFunction [arguments=[Foo, field_1]]]" classname="org.springframework.data.solr.core.FunctionQueryFragmentTests" time="0"/>
  <testcase name="queryParserConstructsExpectedFragment[52: MaxFunction [arguments=[3, Bar]]]" classname="org.springframework.data.solr.core.FunctionQueryFragmentTests" time="0"/>
  <testcase name="queryParserConstructsExpectedFragment[53: MaxFunction [arguments=[3, 4]]]" classname="org.springframework.data.solr.core.FunctionQueryFragmentTests" time="0.001"/>
  <testcase name="queryParserConstructsExpectedFragment[54: MaxFunction [arguments=[3, field_1]]]" classname="org.springframework.data.solr.core.FunctionQueryFragmentTests" time="0"/>
  <testcase name="queryParserConstructsExpectedFragment[55: MaxFunction [arguments=[field_1, Bar]]]" classname="org.springframework.data.solr.core.FunctionQueryFragmentTests" time="0"/>
  <testcase name="queryParserConstructsExpectedFragment[56: MaxFunction [arguments=[field_1, 3]]]" classname="org.springframework.data.solr.core.FunctionQueryFragmentTests" time="0"/>
  <testcase name="queryParserConstructsExpectedFragment[57: MaxFunction [arguments=[field_1, field_2]]]" classname="org.springframework.data.solr.core.FunctionQueryFragmentTests" time="0"/>
  <testcase name="queryParserConstructsExpectedFragment[58: NotFunction [arguments=[field_1]]]" classname="org.springframework.data.solr.core.FunctionQueryFragmentTests" time="0"/>
  <testcase name="queryParserConstructsExpectedFragment[59: NotFunction [arguments=[Foo]]]" classname="org.springframework.data.solr.core.FunctionQueryFragmentTests" time="0"/>
  <testcase name="queryParserConstructsExpectedFragment[60: NotFunction [arguments=[field_1]]]" classname="org.springframework.data.solr.core.FunctionQueryFragmentTests" time="0"/>
  <testcase name="queryParserConstructsExpectedFragment[61: ProductFunction [arguments=[field_1, field_2]]]" classname="org.springframework.data.solr.core.FunctionQueryFragmentTests" time="0"/>
  <testcase name="queryParserConstructsExpectedFragment[62: ProductFunction [arguments=[field_1, field_2]]]" classname="org.springframework.data.solr.core.FunctionQueryFragmentTests" time="0"/>
  <testcase name="queryParserConstructsExpectedFragment[63: ProductFunction [arguments=[3, field_2]]]" classname="org.springframework.data.solr.core.FunctionQueryFragmentTests" time="0"/>
  <testcase name="queryParserConstructsExpectedFragment[64: ProductFunction [arguments=[field_1, field_2]]]" classname="org.springframework.data.solr.core.FunctionQueryFragmentTests" time="0"/>
  <testcase name="queryParserConstructsExpectedFragment[65: ProductFunction [arguments=[Foo, field_1]]]" classname="org.springframework.data.solr.core.FunctionQueryFragmentTests" time="0"/>
  <testcase name="queryParserConstructsExpectedFragment[66: ProductFunction [arguments=[Foo, field_1, Bar]]]" classname="org.springframework.data.solr.core.FunctionQueryFragmentTests" time="0"/>
  <testcase name="queryParserConstructsExpectedFragment[67: ProductFunction [arguments=[Foo, field_1, Bar, 3]]]" classname="org.springframework.data.solr.core.FunctionQueryFragmentTests" time="0"/>
  <testcase name="queryParserConstructsExpectedFragment[68: ProductFunction [arguments=[Foo, field_1, Bar, 3, field_2]]]" classname="org.springframework.data.solr.core.FunctionQueryFragmentTests" time="0"/>
  <testcase name="queryParserConstructsExpectedFragment[69: QueryFunction [arguments=[org.springframework.data.solr.core.query.SimpleQuery@6eb2384f]]]" classname="org.springframework.data.solr.core.FunctionQueryFragmentTests" time="0"/>
  <testcase name="queryParserConstructsExpectedFragment[70: QueryFunction [arguments=[org.springframework.data.solr.core.query.SimpleQuery@3c9c0d96]]]" classname="org.springframework.data.solr.core.FunctionQueryFragmentTests" time="0"/>
  <testcase name="queryParserConstructsExpectedFragment[71: TermFrequencyFunction [arguments=[field_1, term]]]" classname="org.springframework.data.solr.core.FunctionQueryFragmentTests" time="0"/>
  <testcase name="queryParserConstructsExpectedFragment[72: TermFrequencyFunction [arguments=[field_1, term]]]" classname="org.springframework.data.solr.core.FunctionQueryFragmentTests" time="0"/>
</testsuite>