<?xml version="1.0" encoding="UTF-8"?>
<testsuite xmlns:xsi="http://www.w3.org/2001/XMLSchema-instance" xsi:schemaLocation="https://maven.apache.org/surefire/maven-surefire-plugin/xsd/surefire-test-report.xsd" name="org.springframework.data.gemfire.client.ClientCacheFactoryBeanTest" time="2.134" tests="51" errors="0" skipped="0" failures="0">
  <properties>
    <property name="java.runtime.name" value="Java(TM) SE Runtime Environment"/>
    <property name="sun.boot.library.path" value="/usr/lib/jvm/java-8-oracle/jre/lib/amd64"/>
    <property name="java.vm.version" value="25.91-b14"/>
    <property name="java.vm.vendor" value="Oracle Corporation"/>
    <property name="java.vendor.url" value="http://java.oracle.com/"/>
    <property name="path.separator" value=":"/>
    <property name="guice.disable.misplaced.annotation.check" value="true"/>
    <property name="java.vm.name" value="Java HotSpot(TM) 64-Bit Server VM"/>
    <property name="file.encoding.pkg" value="sun.io"/>
    <property name="user.country" value="BR"/>
    <property name="sun.java.launcher" value="SUN_STANDARD"/>
    <property name="sun.os.patch.level" value="unknown"/>
    <property name="java.vm.specification.name" value="Java Virtual Machine Specification"/>
    <property name="user.dir" value="/home/aluno/spring-projects/maven/spring-data-gemfire"/>
    <property name="java.runtime.version" value="1.8.0_91-b14"/>
    <property name="java.awt.graphicsenv" value="sun.awt.X11GraphicsEnvironment"/>
    <property name="java.endorsed.dirs" value="/usr/lib/jvm/java-8-oracle/jre/lib/endorsed"/>
    <property name="os.arch" value="amd64"/>
    <property name="java.io.tmpdir" value="/tmp"/>
    <property name="line.separator" value="&#10;"/>
    <property name="java.vm.specification.vendor" value="Oracle Corporation"/>
    <property name="os.name" value="Linux"/>
    <property name="classworlds.conf" value="/usr/share/maven/bin/m2.conf"/>
    <property name="sun.jnu.encoding" value="UTF-8"/>
    <property name="java.library.path" value="/usr/java/packages/lib/amd64:/usr/lib64:/lib64:/lib:/usr/lib"/>
    <property name="java.specification.name" value="Java Platform API Specification"/>
    <property name="java.class.version" value="52.0"/>
    <property name="sun.management.compiler" value="HotSpot 64-Bit Tiered Compilers"/>
    <property name="os.version" value="3.13.0-91-generic"/>
    <property name="user.home" value="/home/aluno"/>
    <property name="user.timezone" value="America/Fortaleza"/>
    <property name="java.awt.printerjob" value="sun.print.PSPrinterJob"/>
    <property name="file.encoding" value="UTF-8"/>
    <property name="java.specification.version" value="1.8"/>
    <property name="user.name" value="aluno"/>
    <property name="java.class.path" value="/usr/share/maven/boot/plexus-classworlds-2.x.jar"/>
    <property name="java.vm.specification.version" value="1.8"/>
    <property name="sun.arch.data.model" value="64"/>
    <property name="java.home" value="/usr/lib/jvm/java-8-oracle/jre"/>
    <property name="sun.java.command" value="org.codehaus.plexus.classworlds.launcher.Launcher test"/>
    <property name="java.specification.vendor" value="Oracle Corporation"/>
    <property name="user.language" value="pt"/>
    <property name="awt.toolkit" value="sun.awt.X11.XToolkit"/>
    <property name="java.vm.info" value="mixed mode"/>
    <property name="java.version" value="1.8.0_91"/>
    <property name="java.ext.dirs" value="/usr/lib/jvm/java-8-oracle/jre/lib/ext:/usr/java/packages/lib/ext"/>
    <property name="securerandom.source" value="file:/dev/./urandom"/>
    <property name="sun.boot.class.path" value="/usr/lib/jvm/java-8-oracle/jre/lib/resources.jar:/usr/lib/jvm/java-8-oracle/jre/lib/rt.jar:/usr/lib/jvm/java-8-oracle/jre/lib/sunrsasign.jar:/usr/lib/jvm/java-8-oracle/jre/lib/jsse.jar:/usr/lib/jvm/java-8-oracle/jre/lib/jce.jar:/usr/lib/jvm/java-8-oracle/jre/lib/charsets.jar:/usr/lib/jvm/java-8-oracle/jre/lib/jfr.jar:/usr/lib/jvm/java-8-oracle/jre/classes"/>
    <property name="java.vendor" value="Oracle Corporation"/>
    <property name="maven.home" value="/usr/share/maven"/>
    <property name="file.separator" value="/"/>
    <property name="java.vendor.url.bug" value="http://bugreport.sun.com/bugreport/"/>
    <property name="sun.cpu.endian" value="little"/>
    <property name="sun.io.unicode.encoding" value="UnicodeLittle"/>
    <property name="sun.desktop" value="gnome"/>
    <property name="sun.cpu.isalist" value=""/>
  </properties>
  <testcase name="isReadyForEventsIsTrueWhenClientCacheFactoryBeanReadyForEventsIsTrue" classname="org.springframework.data.gemfire.client.ClientCacheFactoryBeanTest" time="0.869"/>
  <testcase name="isReadyForEventsIsFalseWhenDurableClientIdIsNotSet" classname="org.springframework.data.gemfire.client.ClientCacheFactoryBeanTest" time="0.005"/>
  <testcase name="resolvePoolByReturningProvidedPool" classname="org.springframework.data.gemfire.client.ClientCacheFactoryBeanTest" time="0.006"/>
  <testcase name="initializePoolWithFactory" classname="org.springframework.data.gemfire.client.ClientCacheFactoryBeanTest" time="0.207"/>
  <testcase name="useClusterConfiguration" classname="org.springframework.data.gemfire.client.ClientCacheFactoryBeanTest" time="0"/>
  <testcase name="enableAutoReconnect" classname="org.springframework.data.gemfire.client.ClientCacheFactoryBeanTest" time="0"/>
  <testcase name="isReadyForEventsIsFalseWhenClientCacheFactoryBeanReadyForEventsIsFalse" classname="org.springframework.data.gemfire.client.ClientCacheFactoryBeanTest" time="0"/>
  <testcase name="clusterConfigurationNotUsed" classname="org.springframework.data.gemfire.client.ClientCacheFactoryBeanTest" time="0.001"/>
  <testcase name="closeClientCacheWithoutKeepAlive" classname="org.springframework.data.gemfire.client.ClientCacheFactoryBeanTest" time="0"/>
  <testcase name="setAndGetReadyForEvents" classname="org.springframework.data.gemfire.client.ClientCacheFactoryBeanTest" time="0"/>
  <testcase name="resolvePropertiesWhenDistributedSystemIsConnected" classname="org.springframework.data.gemfire.client.ClientCacheFactoryBeanTest" time="0.022"/>
  <testcase name="setAndGetPoolName" classname="org.springframework.data.gemfire.client.ClientCacheFactoryBeanTest" time="0"/>
  <testcase name="setAndGetPoolSettings" classname="org.springframework.data.gemfire.client.ClientCacheFactoryBeanTest" time="0"/>
  <testcase name="autoReconnectDisabled" classname="org.springframework.data.gemfire.client.ClientCacheFactoryBeanTest" time="0"/>
  <testcase name="createCache" classname="org.springframework.data.gemfire.client.ClientCacheFactoryBeanTest" time="0"/>
  <testcase name="addSetAndGetLocators" classname="org.springframework.data.gemfire.client.ClientCacheFactoryBeanTest" time="0"/>
  <testcase name="initializePdxWithNoPdxOptions" classname="org.springframework.data.gemfire.client.ClientCacheFactoryBeanTest" time="0"/>
  <testcase name="isSingleton" classname="org.springframework.data.gemfire.client.ClientCacheFactoryBeanTest" time="0"/>
  <testcase name="resolvesUnnamedPoolFromBeanFactory" classname="org.springframework.data.gemfire.client.ClientCacheFactoryBeanTest" time="0.539"/>
  <testcase name="resolvePropertiesWhenDistributedSystemIsDisconnected" classname="org.springframework.data.gemfire.client.ClientCacheFactoryBeanTest" time="0"/>
  <testcase name="initializePoolWithPool" classname="org.springframework.data.gemfire.client.ClientCacheFactoryBeanTest" time="0"/>
  <testcase name="resolvePoolReturnsNullWhenNoBeansOfTypePoolFactoryBeanExists" classname="org.springframework.data.gemfire.client.ClientCacheFactoryBeanTest" time="0"/>
  <testcase name="initializePoolWithDefaultServer" classname="org.springframework.data.gemfire.client.ClientCacheFactoryBeanTest" time="0"/>
  <testcase name="setAndGetKeepAlive" classname="org.springframework.data.gemfire.client.ClientCacheFactoryBeanTest" time="0"/>
  <testcase name="initializePoolWithFactoryAndPoolButFactoryOverridesPool" classname="org.springframework.data.gemfire.client.ClientCacheFactoryBeanTest" time="0"/>
  <testcase name="prepareClientCacheFactoryCallsInitializePdxAndInitializePool" classname="org.springframework.data.gemfire.client.ClientCacheFactoryBeanTest" time="0"/>
  <testcase name="onApplicationEventHandlesCacheClosedException" classname="org.springframework.data.gemfire.client.ClientCacheFactoryBeanTest" time="0.014"/>
  <testcase name="resolvesNamedPoolFromBeanFactory" classname="org.springframework.data.gemfire.client.ClientCacheFactoryBeanTest" time="0.001"/>
  <testcase name="resolvePoolReturnsNullWhenBeanFactoryIsNotAListableBeanFactory" classname="org.springframework.data.gemfire.client.ClientCacheFactoryBeanTest" time="0.003"/>
  <testcase name="initializePoolWithFactoryLocator" classname="org.springframework.data.gemfire.client.ClientCacheFactoryBeanTest" time="0.117"/>
  <testcase name="initializePdxUsingIllegalTypeForPdxSerializer" classname="org.springframework.data.gemfire.client.ClientCacheFactoryBeanTest" time="0.009"/>
  <testcase name="isReadyForEventsIsFalseWhenClientCacheNotInitialized" classname="org.springframework.data.gemfire.client.ClientCacheFactoryBeanTest" time="0"/>
  <testcase name="initializePoolWithFactoryServer" classname="org.springframework.data.gemfire.client.ClientCacheFactoryBeanTest" time="0.002"/>
  <testcase name="onApplicationEventCallsClientCacheReadyForEvents" classname="org.springframework.data.gemfire.client.ClientCacheFactoryBeanTest" time="0.001"/>
  <testcase name="resolvesPoolByDefaultName" classname="org.springframework.data.gemfire.client.ClientCacheFactoryBeanTest" time="0"/>
  <testcase name="getObjectType" classname="org.springframework.data.gemfire.client.ClientCacheFactoryBeanTest" time="0"/>
  <testcase name="onApplicationEventHandlesIllegalStateException" classname="org.springframework.data.gemfire.client.ClientCacheFactoryBeanTest" time="0.003"/>
  <testcase name="onApplicationEventDoesNotCallClientCacheReadyForEventsWhenClientCacheFactoryBeanReadyForEventsIsFalse" classname="org.springframework.data.gemfire.client.ClientCacheFactoryBeanTest" time="0.001"/>
  <testcase name="initializePoolWithPoolServer" classname="org.springframework.data.gemfire.client.ClientCacheFactoryBeanTest" time="0.001"/>
  <testcase name="resolvePoolReturnsNullWhenNoBeansOfTypePoolFactoryBeanExistsWithPoolName" classname="org.springframework.data.gemfire.client.ClientCacheFactoryBeanTest" time="0.001"/>
  <testcase name="resolvesPoolByName" classname="org.springframework.data.gemfire.client.ClientCacheFactoryBeanTest" time="0"/>
  <testcase name="resolvePropertiesWhenDistributedSystemIsConnectedAndClientIsDurable" classname="org.springframework.data.gemfire.client.ClientCacheFactoryBeanTest" time="0.001"/>
  <testcase name="createClientCacheFactory" classname="org.springframework.data.gemfire.client.ClientCacheFactoryBeanTest" time="0.001"/>
  <testcase name="resolvePropertiesWhenDistributedSystemIsNull" classname="org.springframework.data.gemfire.client.ClientCacheFactoryBeanTest" time="0"/>
  <testcase name="initializePdxWithPartialPdxOptions" classname="org.springframework.data.gemfire.client.ClientCacheFactoryBeanTest" time="0"/>
  <testcase name="setAndGetPool" classname="org.springframework.data.gemfire.client.ClientCacheFactoryBeanTest" time="0.001"/>
  <testcase name="addSetAndGetServers" classname="org.springframework.data.gemfire.client.ClientCacheFactoryBeanTest" time="0"/>
  <testcase name="closeClientCacheWithKeepAlive" classname="org.springframework.data.gemfire.client.ClientCacheFactoryBeanTest" time="0"/>
  <testcase name="initializePdxWithAllPdxOptions" classname="org.springframework.data.gemfire.client.ClientCacheFactoryBeanTest" time="0.004"/>
  <testcase name="initializePoolWithPoolLocator" classname="org.springframework.data.gemfire.client.ClientCacheFactoryBeanTest" time="0.001"/>
  <testcase name="isReadyForEventsIsTrueWhenDurableClientIdIsSet" classname="org.springframework.data.gemfire.client.ClientCacheFactoryBeanTest" time="0"/>
</testsuite>