<?xml version="1.0" encoding="UTF-8"?>
<testsuite xmlns:xsi="http://www.w3.org/2001/XMLSchema-instance" xsi:schemaLocation="https://maven.apache.org/surefire/maven-surefire-plugin/xsd/surefire-test-report.xsd" name="org.springframework.data.redis.core.DefaultValueOperationsTests" time="1.27" tests="339" errors="339" skipped="0" failures="0">
  <properties>
    <property name="java.runtime.name" value="Java(TM) SE Runtime Environment"/>
    <property name="sun.boot.library.path" value="/usr/lib/jvm/java-8-oracle/jre/lib/amd64"/>
    <property name="java.vm.version" value="25.91-b14"/>
    <property name="java.vm.vendor" value="Oracle Corporation"/>
    <property name="java.vendor.url" value="http://java.oracle.com/"/>
    <property name="path.separator" value=":"/>
    <property name="guice.disable.misplaced.annotation.check" value="true"/>
    <property name="java.vm.name" value="Java HotSpot(TM) 64-Bit Server VM"/>
    <property name="file.encoding.pkg" value="sun.io"/>
    <property name="user.country" value="BR"/>
    <property name="sun.java.launcher" value="SUN_STANDARD"/>
    <property name="sun.os.patch.level" value="unknown"/>
    <property name="java.vm.specification.name" value="Java Virtual Machine Specification"/>
    <property name="user.dir" value="/home/aluno/spring-projects/maven/spring-data-redis"/>
    <property name="java.runtime.version" value="1.8.0_91-b14"/>
    <property name="java.awt.graphicsenv" value="sun.awt.X11GraphicsEnvironment"/>
    <property name="java.endorsed.dirs" value="/usr/lib/jvm/java-8-oracle/jre/lib/endorsed"/>
    <property name="os.arch" value="amd64"/>
    <property name="java.io.tmpdir" value="/tmp"/>
    <property name="line.separator" value="&#10;"/>
    <property name="java.vm.specification.vendor" value="Oracle Corporation"/>
    <property name="os.name" value="Linux"/>
    <property name="classworlds.conf" value="/usr/share/maven/bin/m2.conf"/>
    <property name="sun.jnu.encoding" value="UTF-8"/>
    <property name="java.library.path" value="/usr/java/packages/lib/amd64:/usr/lib64:/lib64:/lib:/usr/lib"/>
    <property name="java.specification.name" value="Java Platform API Specification"/>
    <property name="java.class.version" value="52.0"/>
    <property name="sun.management.compiler" value="HotSpot 64-Bit Tiered Compilers"/>
    <property name="os.version" value="3.13.0-91-generic"/>
    <property name="user.home" value="/home/aluno"/>
    <property name="user.timezone" value="America/Fortaleza"/>
    <property name="java.awt.printerjob" value="sun.print.PSPrinterJob"/>
    <property name="file.encoding" value="UTF-8"/>
    <property name="java.specification.version" value="1.8"/>
    <property name="user.name" value="aluno"/>
    <property name="java.class.path" value="/usr/share/maven/boot/plexus-classworlds-2.x.jar"/>
    <property name="java.vm.specification.version" value="1.8"/>
    <property name="sun.arch.data.model" value="64"/>
    <property name="java.home" value="/usr/lib/jvm/java-8-oracle/jre"/>
    <property name="sun.java.command" value="org.codehaus.plexus.classworlds.launcher.Launcher clean test"/>
    <property name="java.specification.vendor" value="Oracle Corporation"/>
    <property name="user.language" value="pt"/>
    <property name="awt.toolkit" value="sun.awt.X11.XToolkit"/>
    <property name="java.vm.info" value="mixed mode"/>
    <property name="java.version" value="1.8.0_91"/>
    <property name="java.ext.dirs" value="/usr/lib/jvm/java-8-oracle/jre/lib/ext:/usr/java/packages/lib/ext"/>
    <property name="securerandom.source" value="file:/dev/./urandom"/>
    <property name="sun.boot.class.path" value="/usr/lib/jvm/java-8-oracle/jre/lib/resources.jar:/usr/lib/jvm/java-8-oracle/jre/lib/rt.jar:/usr/lib/jvm/java-8-oracle/jre/lib/sunrsasign.jar:/usr/lib/jvm/java-8-oracle/jre/lib/jsse.jar:/usr/lib/jvm/java-8-oracle/jre/lib/jce.jar:/usr/lib/jvm/java-8-oracle/jre/lib/charsets.jar:/usr/lib/jvm/java-8-oracle/jre/lib/jfr.jar:/usr/lib/jvm/java-8-oracle/jre/classes"/>
    <property name="java.vendor" value="Oracle Corporation"/>
    <property name="maven.home" value="/usr/share/maven"/>
    <property name="file.separator" value="/"/>
    <property name="java.vendor.url.bug" value="http://bugreport.sun.com/bugreport/"/>
    <property name="sun.cpu.endian" value="little"/>
    <property name="sun.io.unicode.encoding" value="UnicodeLittle"/>
    <property name="sun.desktop" value="gnome"/>
    <property name="sun.cpu.isalist" value=""/>
  </properties>
  <testcase name="testSetAndGetBit[0]" classname="org.springframework.data.redis.core.DefaultValueOperationsTests" time="0.034">
    <error message="Cannot get Jedis connection; nested exception is redis.clients.jedis.exceptions.JedisConnectionException: Could not get a resource from the pool" type="org.springframework.data.redis.RedisConnectionFailureException">org.springframework.data.redis.RedisConnectionFailureException: Cannot get Jedis connection; nested exception is redis.clients.jedis.exceptions.JedisConnectionException: Could not get a resource from the pool
	at org.springframework.data.redis.core.DefaultValueOperationsTests.testSetAndGetBit(DefaultValueOperationsTests.java:300)
Caused by: redis.clients.jedis.exceptions.JedisConnectionException: Could not get a resource from the pool
	at org.springframework.data.redis.core.DefaultValueOperationsTests.testSetAndGetBit(DefaultValueOperationsTests.java:300)
Caused by: redis.clients.jedis.exceptions.JedisConnectionException: java.net.ConnectException: Conexão recusada
	at org.springframework.data.redis.core.DefaultValueOperationsTests.testSetAndGetBit(DefaultValueOperationsTests.java:300)
Caused by: java.net.ConnectException: Conexão recusada
	at org.springframework.data.redis.core.DefaultValueOperationsTests.testSetAndGetBit(DefaultValueOperationsTests.java:300)
</error>
  </testcase>
  <testcase name="testSetAndGetBit[0]" classname="org.springframework.data.redis.core.DefaultValueOperationsTests" time="0.038">
    <error message="Cannot get Jedis connection; nested exception is redis.clients.jedis.exceptions.JedisConnectionException: Could not get a resource from the pool" type="org.springframework.data.redis.RedisConnectionFailureException">org.springframework.data.redis.RedisConnectionFailureException: Cannot get Jedis connection; nested exception is redis.clients.jedis.exceptions.JedisConnectionException: Could not get a resource from the pool
	at org.springframework.data.redis.core.DefaultValueOperationsTests.tearDown(DefaultValueOperationsTests.java:91)
Caused by: redis.clients.jedis.exceptions.JedisConnectionException: Could not get a resource from the pool
	at org.springframework.data.redis.core.DefaultValueOperationsTests.tearDown(DefaultValueOperationsTests.java:91)
Caused by: redis.clients.jedis.exceptions.JedisConnectionException: java.net.ConnectException: Conexão recusada
	at org.springframework.data.redis.core.DefaultValueOperationsTests.tearDown(DefaultValueOperationsTests.java:91)
Caused by: java.net.ConnectException: Conexão recusada
	at org.springframework.data.redis.core.DefaultValueOperationsTests.tearDown(DefaultValueOperationsTests.java:91)
</error>
  </testcase>
  <testcase name="testGetRange[0]" classname="org.springframework.data.redis.core.DefaultValueOperationsTests" time="0.004">
    <error message="Cannot get Jedis connection; nested exception is redis.clients.jedis.exceptions.JedisConnectionException: Could not get a resource from the pool" type="org.springframework.data.redis.RedisConnectionFailureException">org.springframework.data.redis.RedisConnectionFailureException: Cannot get Jedis connection; nested exception is redis.clients.jedis.exceptions.JedisConnectionException: Could not get a resource from the pool
	at org.springframework.data.redis.core.DefaultValueOperationsTests.testGetRange(DefaultValueOperationsTests.java:232)
Caused by: redis.clients.jedis.exceptions.JedisConnectionException: Could not get a resource from the pool
	at org.springframework.data.redis.core.DefaultValueOperationsTests.testGetRange(DefaultValueOperationsTests.java:232)
Caused by: redis.clients.jedis.exceptions.JedisConnectionException: java.net.ConnectException: Conexão recusada
	at org.springframework.data.redis.core.DefaultValueOperationsTests.testGetRange(DefaultValueOperationsTests.java:232)
Caused by: java.net.ConnectException: Conexão recusada
	at org.springframework.data.redis.core.DefaultValueOperationsTests.testGetRange(DefaultValueOperationsTests.java:232)
</error>
  </testcase>
  <testcase name="testGetRange[0]" classname="org.springframework.data.redis.core.DefaultValueOperationsTests" time="0.004">
    <error message="Cannot get Jedis connection; nested exception is redis.clients.jedis.exceptions.JedisConnectionException: Could not get a resource from the pool" type="org.springframework.data.redis.RedisConnectionFailureException">org.springframework.data.redis.RedisConnectionFailureException: Cannot get Jedis connection; nested exception is redis.clients.jedis.exceptions.JedisConnectionException: Could not get a resource from the pool
	at org.springframework.data.redis.core.DefaultValueOperationsTests.tearDown(DefaultValueOperationsTests.java:91)
Caused by: redis.clients.jedis.exceptions.JedisConnectionException: Could not get a resource from the pool
	at org.springframework.data.redis.core.DefaultValueOperationsTests.tearDown(DefaultValueOperationsTests.java:91)
Caused by: redis.clients.jedis.exceptions.JedisConnectionException: java.net.ConnectException: Conexão recusada
	at org.springframework.data.redis.core.DefaultValueOperationsTests.tearDown(DefaultValueOperationsTests.java:91)
Caused by: java.net.ConnectException: Conexão recusada
	at org.springframework.data.redis.core.DefaultValueOperationsTests.tearDown(DefaultValueOperationsTests.java:91)
</error>
  </testcase>
  <testcase name="testSize[0]" classname="org.springframework.data.redis.core.DefaultValueOperationsTests" time="0.001">
    <error message="Cannot get Jedis connection; nested exception is redis.clients.jedis.exceptions.JedisConnectionException: Could not get a resource from the pool" type="org.springframework.data.redis.RedisConnectionFailureException">org.springframework.data.redis.RedisConnectionFailureException: Cannot get Jedis connection; nested exception is redis.clients.jedis.exceptions.JedisConnectionException: Could not get a resource from the pool
	at org.springframework.data.redis.core.DefaultValueOperationsTests.testSize(DefaultValueOperationsTests.java:260)
Caused by: redis.clients.jedis.exceptions.JedisConnectionException: Could not get a resource from the pool
	at org.springframework.data.redis.core.DefaultValueOperationsTests.testSize(DefaultValueOperationsTests.java:260)
Caused by: redis.clients.jedis.exceptions.JedisConnectionException: java.net.ConnectException: Conexão recusada
	at org.springframework.data.redis.core.DefaultValueOperationsTests.testSize(DefaultValueOperationsTests.java:260)
Caused by: java.net.ConnectException: Conexão recusada
	at org.springframework.data.redis.core.DefaultValueOperationsTests.testSize(DefaultValueOperationsTests.java:260)
</error>
  </testcase>
  <testcase name="testSize[0]" classname="org.springframework.data.redis.core.DefaultValueOperationsTests" time="0.001">
    <error message="Cannot get Jedis connection; nested exception is redis.clients.jedis.exceptions.JedisConnectionException: Could not get a resource from the pool" type="org.springframework.data.redis.RedisConnectionFailureException">org.springframework.data.redis.RedisConnectionFailureException: Cannot get Jedis connection; nested exception is redis.clients.jedis.exceptions.JedisConnectionException: Could not get a resource from the pool
	at org.springframework.data.redis.core.DefaultValueOperationsTests.tearDown(DefaultValueOperationsTests.java:91)
Caused by: redis.clients.jedis.exceptions.JedisConnectionException: Could not get a resource from the pool
	at org.springframework.data.redis.core.DefaultValueOperationsTests.tearDown(DefaultValueOperationsTests.java:91)
Caused by: redis.clients.jedis.exceptions.JedisConnectionException: java.net.ConnectException: Conexão recusada
	at org.springframework.data.redis.core.DefaultValueOperationsTests.tearDown(DefaultValueOperationsTests.java:91)
Caused by: java.net.ConnectException: Conexão recusada
	at org.springframework.data.redis.core.DefaultValueOperationsTests.tearDown(DefaultValueOperationsTests.java:91)
</error>
  </testcase>
  <testcase name="testMultiSetIfAbsentFailure[0]" classname="org.springframework.data.redis.core.DefaultValueOperationsTests" time="0.002">
    <error message="Cannot get Jedis connection; nested exception is redis.clients.jedis.exceptions.JedisConnectionException: Could not get a resource from the pool" type="org.springframework.data.redis.RedisConnectionFailureException">org.springframework.data.redis.RedisConnectionFailureException: Cannot get Jedis connection; nested exception is redis.clients.jedis.exceptions.JedisConnectionException: Could not get a resource from the pool
	at org.springframework.data.redis.core.DefaultValueOperationsTests.testMultiSetIfAbsentFailure(DefaultValueOperationsTests.java:150)
Caused by: redis.clients.jedis.exceptions.JedisConnectionException: Could not get a resource from the pool
	at org.springframework.data.redis.core.DefaultValueOperationsTests.testMultiSetIfAbsentFailure(DefaultValueOperationsTests.java:150)
Caused by: redis.clients.jedis.exceptions.JedisConnectionException: java.net.ConnectException: Conexão recusada
	at org.springframework.data.redis.core.DefaultValueOperationsTests.testMultiSetIfAbsentFailure(DefaultValueOperationsTests.java:150)
Caused by: java.net.ConnectException: Conexão recusada
	at org.springframework.data.redis.core.DefaultValueOperationsTests.testMultiSetIfAbsentFailure(DefaultValueOperationsTests.java:150)
</error>
  </testcase>
  <testcase name="testMultiSetIfAbsentFailure[0]" classname="org.springframework.data.redis.core.DefaultValueOperationsTests" time="0.002">
    <error message="Cannot get Jedis connection; nested exception is redis.clients.jedis.exceptions.JedisConnectionException: Could not get a resource from the pool" type="org.springframework.data.redis.RedisConnectionFailureException">org.springframework.data.redis.RedisConnectionFailureException: Cannot get Jedis connection; nested exception is redis.clients.jedis.exceptions.JedisConnectionException: Could not get a resource from the pool
	at org.springframework.data.redis.core.DefaultValueOperationsTests.tearDown(DefaultValueOperationsTests.java:91)
Caused by: redis.clients.jedis.exceptions.JedisConnectionException: Could not get a resource from the pool
	at org.springframework.data.redis.core.DefaultValueOperationsTests.tearDown(DefaultValueOperationsTests.java:91)
Caused by: redis.clients.jedis.exceptions.JedisConnectionException: java.net.ConnectException: Conexão recusada
	at org.springframework.data.redis.core.DefaultValueOperationsTests.tearDown(DefaultValueOperationsTests.java:91)
Caused by: java.net.ConnectException: Conexão recusada
	at org.springframework.data.redis.core.DefaultValueOperationsTests.tearDown(DefaultValueOperationsTests.java:91)
</error>
  </testcase>
  <testcase name="testIncrementDouble[0]" classname="org.springframework.data.redis.core.DefaultValueOperationsTests" time="0.01">
    <error type="java.lang.ExceptionInInitializerError">java.lang.ExceptionInInitializerError
	at org.springframework.data.redis.core.DefaultValueOperationsTests.testIncrementDouble(DefaultValueOperationsTests.java:117)
Caused by: redis.clients.jedis.exceptions.JedisConnectionException: java.net.ConnectException: Conexão recusada
	at org.springframework.data.redis.core.DefaultValueOperationsTests.testIncrementDouble(DefaultValueOperationsTests.java:117)
Caused by: java.net.ConnectException: Conexão recusada
	at org.springframework.data.redis.core.DefaultValueOperationsTests.testIncrementDouble(DefaultValueOperationsTests.java:117)
</error>
  </testcase>
  <testcase name="testIncrementDouble[0]" classname="org.springframework.data.redis.core.DefaultValueOperationsTests" time="0.015">
    <error message="Cannot get Jedis connection; nested exception is redis.clients.jedis.exceptions.JedisConnectionException: Could not get a resource from the pool" type="org.springframework.data.redis.RedisConnectionFailureException">org.springframework.data.redis.RedisConnectionFailureException: Cannot get Jedis connection; nested exception is redis.clients.jedis.exceptions.JedisConnectionException: Could not get a resource from the pool
	at org.springframework.data.redis.core.DefaultValueOperationsTests.tearDown(DefaultValueOperationsTests.java:91)
Caused by: redis.clients.jedis.exceptions.JedisConnectionException: Could not get a resource from the pool
	at org.springframework.data.redis.core.DefaultValueOperationsTests.tearDown(DefaultValueOperationsTests.java:91)
Caused by: redis.clients.jedis.exceptions.JedisConnectionException: java.net.ConnectException: Conexão recusada
	at org.springframework.data.redis.core.DefaultValueOperationsTests.tearDown(DefaultValueOperationsTests.java:91)
Caused by: java.net.ConnectException: Conexão recusada
	at org.springframework.data.redis.core.DefaultValueOperationsTests.tearDown(DefaultValueOperationsTests.java:91)
</error>
  </testcase>
  <testcase name="testSetWithExpirationWithTimeUnitMilliseconds[0]" classname="org.springframework.data.redis.core.DefaultValueOperationsTests" time="0.002">
    <error message="Could not initialize class org.springframework.data.redis.RedisTestProfileValueSource" type="java.lang.NoClassDefFoundError">java.lang.NoClassDefFoundError: Could not initialize class org.springframework.data.redis.RedisTestProfileValueSource
	at org.springframework.data.redis.core.DefaultValueOperationsTests.testSetWithExpirationWithTimeUnitMilliseconds(DefaultValueOperationsTests.java:206)
</error>
  </testcase>
  <testcase name="testSetWithExpirationWithTimeUnitMilliseconds[0]" classname="org.springframework.data.redis.core.DefaultValueOperationsTests" time="0.002">
    <error message="Cannot get Jedis connection; nested exception is redis.clients.jedis.exceptions.JedisConnectionException: Could not get a resource from the pool" type="org.springframework.data.redis.RedisConnectionFailureException">org.springframework.data.redis.RedisConnectionFailureException: Cannot get Jedis connection; nested exception is redis.clients.jedis.exceptions.JedisConnectionException: Could not get a resource from the pool
	at org.springframework.data.redis.core.DefaultValueOperationsTests.tearDown(DefaultValueOperationsTests.java:91)
Caused by: redis.clients.jedis.exceptions.JedisConnectionException: Could not get a resource from the pool
	at org.springframework.data.redis.core.DefaultValueOperationsTests.tearDown(DefaultValueOperationsTests.java:91)
Caused by: redis.clients.jedis.exceptions.JedisConnectionException: java.net.ConnectException: Conexão recusada
	at org.springframework.data.redis.core.DefaultValueOperationsTests.tearDown(DefaultValueOperationsTests.java:91)
Caused by: java.net.ConnectException: Conexão recusada
	at org.springframework.data.redis.core.DefaultValueOperationsTests.tearDown(DefaultValueOperationsTests.java:91)
</error>
  </testcase>
  <testcase name="testRawKeys[0]" classname="org.springframework.data.redis.core.DefaultValueOperationsTests" time="0">
    <error message="Cannot get Jedis connection; nested exception is redis.clients.jedis.exceptions.JedisConnectionException: Could not get a resource from the pool" type="org.springframework.data.redis.RedisConnectionFailureException">org.springframework.data.redis.RedisConnectionFailureException: Cannot get Jedis connection; nested exception is redis.clients.jedis.exceptions.JedisConnectionException: Could not get a resource from the pool
	at org.springframework.data.redis.core.DefaultValueOperationsTests.tearDown(DefaultValueOperationsTests.java:91)
Caused by: redis.clients.jedis.exceptions.JedisConnectionException: Could not get a resource from the pool
	at org.springframework.data.redis.core.DefaultValueOperationsTests.tearDown(DefaultValueOperationsTests.java:91)
Caused by: redis.clients.jedis.exceptions.JedisConnectionException: java.net.ConnectException: Conexão recusada
	at org.springframework.data.redis.core.DefaultValueOperationsTests.tearDown(DefaultValueOperationsTests.java:91)
Caused by: java.net.ConnectException: Conexão recusada
	at org.springframework.data.redis.core.DefaultValueOperationsTests.tearDown(DefaultValueOperationsTests.java:91)
</error>
  </testcase>
  <testcase name="testGetAndSet[0]" classname="org.springframework.data.redis.core.DefaultValueOperationsTests" time="0">
    <error message="Cannot get Jedis connection; nested exception is redis.clients.jedis.exceptions.JedisConnectionException: Could not get a resource from the pool" type="org.springframework.data.redis.RedisConnectionFailureException">org.springframework.data.redis.RedisConnectionFailureException: Cannot get Jedis connection; nested exception is redis.clients.jedis.exceptions.JedisConnectionException: Could not get a resource from the pool
	at org.springframework.data.redis.core.DefaultValueOperationsTests.testGetAndSet(DefaultValueOperationsTests.java:183)
Caused by: redis.clients.jedis.exceptions.JedisConnectionException: Could not get a resource from the pool
	at org.springframework.data.redis.core.DefaultValueOperationsTests.testGetAndSet(DefaultValueOperationsTests.java:183)
Caused by: redis.clients.jedis.exceptions.JedisConnectionException: java.net.ConnectException: Conexão recusada
	at org.springframework.data.redis.core.DefaultValueOperationsTests.testGetAndSet(DefaultValueOperationsTests.java:183)
Caused by: java.net.ConnectException: Conexão recusada
	at org.springframework.data.redis.core.DefaultValueOperationsTests.testGetAndSet(DefaultValueOperationsTests.java:183)
</error>
  </testcase>
  <testcase name="testGetAndSet[0]" classname="org.springframework.data.redis.core.DefaultValueOperationsTests" time="0.006">
    <error message="Cannot get Jedis connection; nested exception is redis.clients.jedis.exceptions.JedisConnectionException: Could not get a resource from the pool" type="org.springframework.data.redis.RedisConnectionFailureException">org.springframework.data.redis.RedisConnectionFailureException: Cannot get Jedis connection; nested exception is redis.clients.jedis.exceptions.JedisConnectionException: Could not get a resource from the pool
	at org.springframework.data.redis.core.DefaultValueOperationsTests.tearDown(DefaultValueOperationsTests.java:91)
Caused by: redis.clients.jedis.exceptions.JedisConnectionException: Could not get a resource from the pool
	at org.springframework.data.redis.core.DefaultValueOperationsTests.tearDown(DefaultValueOperationsTests.java:91)
Caused by: redis.clients.jedis.exceptions.JedisConnectionException: java.net.ConnectException: Conexão recusada
	at org.springframework.data.redis.core.DefaultValueOperationsTests.tearDown(DefaultValueOperationsTests.java:91)
Caused by: java.net.ConnectException: Conexão recusada
	at org.springframework.data.redis.core.DefaultValueOperationsTests.tearDown(DefaultValueOperationsTests.java:91)
</error>
  </testcase>
  <testcase name="testDeserializeKey[0]" classname="org.springframework.data.redis.core.DefaultValueOperationsTests" time="0">
    <error message="got: &lt;false&gt;, expected: is &lt;true&gt;" type="org.junit.AssumptionViolatedException"><![CDATA[org.junit.AssumptionViolatedException: got: <false>, expected: is <true>
	at org.springframework.data.redis.core.DefaultValueOperationsTests.testDeserializeKey(DefaultValueOperationsTests.java:286)
]]></error>
  </testcase>
  <testcase name="testDeserializeKey[0]" classname="org.springframework.data.redis.core.DefaultValueOperationsTests" time="0">
    <error message="Cannot get Jedis connection; nested exception is redis.clients.jedis.exceptions.JedisConnectionException: Could not get a resource from the pool" type="org.springframework.data.redis.RedisConnectionFailureException">org.springframework.data.redis.RedisConnectionFailureException: Cannot get Jedis connection; nested exception is redis.clients.jedis.exceptions.JedisConnectionException: Could not get a resource from the pool
	at org.springframework.data.redis.core.DefaultValueOperationsTests.tearDown(DefaultValueOperationsTests.java:91)
Caused by: redis.clients.jedis.exceptions.JedisConnectionException: Could not get a resource from the pool
	at org.springframework.data.redis.core.DefaultValueOperationsTests.tearDown(DefaultValueOperationsTests.java:91)
Caused by: redis.clients.jedis.exceptions.JedisConnectionException: java.net.ConnectException: Conexão recusada
	at org.springframework.data.redis.core.DefaultValueOperationsTests.tearDown(DefaultValueOperationsTests.java:91)
Caused by: java.net.ConnectException: Conexão recusada
	at org.springframework.data.redis.core.DefaultValueOperationsTests.tearDown(DefaultValueOperationsTests.java:91)
</error>
  </testcase>
  <testcase name="testSetWithExpiration[0]" classname="org.springframework.data.redis.core.DefaultValueOperationsTests" time="0.001">
    <error message="Could not initialize class org.springframework.data.redis.RedisTestProfileValueSource" type="java.lang.NoClassDefFoundError">java.lang.NoClassDefFoundError: Could not initialize class org.springframework.data.redis.RedisTestProfileValueSource
	at org.springframework.data.redis.core.DefaultValueOperationsTests.testSetWithExpiration(DefaultValueOperationsTests.java:189)
</error>
  </testcase>
  <testcase name="testSetWithExpiration[0]" classname="org.springframework.data.redis.core.DefaultValueOperationsTests" time="0.002">
    <error message="Cannot get Jedis connection; nested exception is redis.clients.jedis.exceptions.JedisConnectionException: Could not get a resource from the pool" type="org.springframework.data.redis.RedisConnectionFailureException">org.springframework.data.redis.RedisConnectionFailureException: Cannot get Jedis connection; nested exception is redis.clients.jedis.exceptions.JedisConnectionException: Could not get a resource from the pool
	at org.springframework.data.redis.core.DefaultValueOperationsTests.tearDown(DefaultValueOperationsTests.java:91)
Caused by: redis.clients.jedis.exceptions.JedisConnectionException: Could not get a resource from the pool
	at org.springframework.data.redis.core.DefaultValueOperationsTests.tearDown(DefaultValueOperationsTests.java:91)
Caused by: redis.clients.jedis.exceptions.JedisConnectionException: java.net.ConnectException: Conexão recusada
	at org.springframework.data.redis.core.DefaultValueOperationsTests.tearDown(DefaultValueOperationsTests.java:91)
Caused by: java.net.ConnectException: Conexão recusada
	at org.springframework.data.redis.core.DefaultValueOperationsTests.tearDown(DefaultValueOperationsTests.java:91)
</error>
  </testcase>
  <testcase name="testAppend[0]" classname="org.springframework.data.redis.core.DefaultValueOperationsTests" time="0.001">
    <error message="Cannot get Jedis connection; nested exception is redis.clients.jedis.exceptions.JedisConnectionException: Could not get a resource from the pool" type="org.springframework.data.redis.RedisConnectionFailureException">org.springframework.data.redis.RedisConnectionFailureException: Cannot get Jedis connection; nested exception is redis.clients.jedis.exceptions.JedisConnectionException: Could not get a resource from the pool
	at org.springframework.data.redis.core.DefaultValueOperationsTests.testAppend(DefaultValueOperationsTests.java:222)
Caused by: redis.clients.jedis.exceptions.JedisConnectionException: Could not get a resource from the pool
	at org.springframework.data.redis.core.DefaultValueOperationsTests.testAppend(DefaultValueOperationsTests.java:222)
Caused by: redis.clients.jedis.exceptions.JedisConnectionException: java.net.ConnectException: Conexão recusada
	at org.springframework.data.redis.core.DefaultValueOperationsTests.testAppend(DefaultValueOperationsTests.java:222)
Caused by: java.net.ConnectException: Conexão recusada
	at org.springframework.data.redis.core.DefaultValueOperationsTests.testAppend(DefaultValueOperationsTests.java:222)
</error>
  </testcase>
  <testcase name="testAppend[0]" classname="org.springframework.data.redis.core.DefaultValueOperationsTests" time="0.001">
    <error message="Cannot get Jedis connection; nested exception is redis.clients.jedis.exceptions.JedisConnectionException: Could not get a resource from the pool" type="org.springframework.data.redis.RedisConnectionFailureException">org.springframework.data.redis.RedisConnectionFailureException: Cannot get Jedis connection; nested exception is redis.clients.jedis.exceptions.JedisConnectionException: Could not get a resource from the pool
	at org.springframework.data.redis.core.DefaultValueOperationsTests.tearDown(DefaultValueOperationsTests.java:91)
Caused by: redis.clients.jedis.exceptions.JedisConnectionException: Could not get a resource from the pool
	at org.springframework.data.redis.core.DefaultValueOperationsTests.tearDown(DefaultValueOperationsTests.java:91)
Caused by: redis.clients.jedis.exceptions.JedisConnectionException: java.net.ConnectException: Conexão recusada
	at org.springframework.data.redis.core.DefaultValueOperationsTests.tearDown(DefaultValueOperationsTests.java:91)
Caused by: java.net.ConnectException: Conexão recusada
	at org.springframework.data.redis.core.DefaultValueOperationsTests.tearDown(DefaultValueOperationsTests.java:91)
</error>
  </testcase>
  <testcase name="testIncrementLong[0]" classname="org.springframework.data.redis.core.DefaultValueOperationsTests" time="0.004">
    <error message="got: &lt;false&gt;, expected: is &lt;true&gt;" type="org.junit.AssumptionViolatedException"><![CDATA[org.junit.AssumptionViolatedException: got: <false>, expected: is <true>
	at org.springframework.data.redis.core.DefaultValueOperationsTests.testIncrementLong(DefaultValueOperationsTests.java:103)
]]></error>
  </testcase>
  <testcase name="testIncrementLong[0]" classname="org.springframework.data.redis.core.DefaultValueOperationsTests" time="0.005">
    <error message="Cannot get Jedis connection; nested exception is redis.clients.jedis.exceptions.JedisConnectionException: Could not get a resource from the pool" type="org.springframework.data.redis.RedisConnectionFailureException">org.springframework.data.redis.RedisConnectionFailureException: Cannot get Jedis connection; nested exception is redis.clients.jedis.exceptions.JedisConnectionException: Could not get a resource from the pool
	at org.springframework.data.redis.core.DefaultValueOperationsTests.tearDown(DefaultValueOperationsTests.java:91)
Caused by: redis.clients.jedis.exceptions.JedisConnectionException: Could not get a resource from the pool
	at org.springframework.data.redis.core.DefaultValueOperationsTests.tearDown(DefaultValueOperationsTests.java:91)
Caused by: redis.clients.jedis.exceptions.JedisConnectionException: java.net.ConnectException: Conexão recusada
	at org.springframework.data.redis.core.DefaultValueOperationsTests.tearDown(DefaultValueOperationsTests.java:91)
Caused by: java.net.ConnectException: Conexão recusada
	at org.springframework.data.redis.core.DefaultValueOperationsTests.tearDown(DefaultValueOperationsTests.java:91)
</error>
  </testcase>
  <testcase name="testMultiSet[0]" classname="org.springframework.data.redis.core.DefaultValueOperationsTests" time="0">
    <error message="Cannot get Jedis connection; nested exception is redis.clients.jedis.exceptions.JedisConnectionException: Could not get a resource from the pool" type="org.springframework.data.redis.RedisConnectionFailureException">org.springframework.data.redis.RedisConnectionFailureException: Cannot get Jedis connection; nested exception is redis.clients.jedis.exceptions.JedisConnectionException: Could not get a resource from the pool
	at org.springframework.data.redis.core.DefaultValueOperationsTests.testMultiSet(DefaultValueOperationsTests.java:166)
Caused by: redis.clients.jedis.exceptions.JedisConnectionException: Could not get a resource from the pool
	at org.springframework.data.redis.core.DefaultValueOperationsTests.testMultiSet(DefaultValueOperationsTests.java:166)
Caused by: redis.clients.jedis.exceptions.JedisConnectionException: java.net.ConnectException: Conexão recusada
	at org.springframework.data.redis.core.DefaultValueOperationsTests.testMultiSet(DefaultValueOperationsTests.java:166)
Caused by: java.net.ConnectException: Conexão recusada
	at org.springframework.data.redis.core.DefaultValueOperationsTests.testMultiSet(DefaultValueOperationsTests.java:166)
</error>
  </testcase>
  <testcase name="testMultiSet[0]" classname="org.springframework.data.redis.core.DefaultValueOperationsTests" time="0">
    <error message="Cannot get Jedis connection; nested exception is redis.clients.jedis.exceptions.JedisConnectionException: Could not get a resource from the pool" type="org.springframework.data.redis.RedisConnectionFailureException">org.springframework.data.redis.RedisConnectionFailureException: Cannot get Jedis connection; nested exception is redis.clients.jedis.exceptions.JedisConnectionException: Could not get a resource from the pool
	at org.springframework.data.redis.core.DefaultValueOperationsTests.tearDown(DefaultValueOperationsTests.java:91)
Caused by: redis.clients.jedis.exceptions.JedisConnectionException: Could not get a resource from the pool
	at org.springframework.data.redis.core.DefaultValueOperationsTests.tearDown(DefaultValueOperationsTests.java:91)
Caused by: redis.clients.jedis.exceptions.JedisConnectionException: java.net.ConnectException: Conexão recusada
	at org.springframework.data.redis.core.DefaultValueOperationsTests.tearDown(DefaultValueOperationsTests.java:91)
Caused by: java.net.ConnectException: Conexão recusada
	at org.springframework.data.redis.core.DefaultValueOperationsTests.tearDown(DefaultValueOperationsTests.java:91)
</error>
  </testcase>
  <testcase name="testGetSet[0]" classname="org.springframework.data.redis.core.DefaultValueOperationsTests" time="0">
    <error message="Cannot get Jedis connection; nested exception is redis.clients.jedis.exceptions.JedisConnectionException: Could not get a resource from the pool" type="org.springframework.data.redis.RedisConnectionFailureException">org.springframework.data.redis.RedisConnectionFailureException: Cannot get Jedis connection; nested exception is redis.clients.jedis.exceptions.JedisConnectionException: Could not get a resource from the pool
	at org.springframework.data.redis.core.DefaultValueOperationsTests.testGetSet(DefaultValueOperationsTests.java:174)
Caused by: redis.clients.jedis.exceptions.JedisConnectionException: Could not get a resource from the pool
	at org.springframework.data.redis.core.DefaultValueOperationsTests.testGetSet(DefaultValueOperationsTests.java:174)
Caused by: redis.clients.jedis.exceptions.JedisConnectionException: java.net.ConnectException: Conexão recusada
	at org.springframework.data.redis.core.DefaultValueOperationsTests.testGetSet(DefaultValueOperationsTests.java:174)
Caused by: java.net.ConnectException: Conexão recusada
	at org.springframework.data.redis.core.DefaultValueOperationsTests.testGetSet(DefaultValueOperationsTests.java:174)
</error>
  </testcase>
  <testcase name="testGetSet[0]" classname="org.springframework.data.redis.core.DefaultValueOperationsTests" time="0.003">
    <error message="Cannot get Jedis connection; nested exception is redis.clients.jedis.exceptions.JedisConnectionException: Could not get a resource from the pool" type="org.springframework.data.redis.RedisConnectionFailureException">org.springframework.data.redis.RedisConnectionFailureException: Cannot get Jedis connection; nested exception is redis.clients.jedis.exceptions.JedisConnectionException: Could not get a resource from the pool
	at org.springframework.data.redis.core.DefaultValueOperationsTests.tearDown(DefaultValueOperationsTests.java:91)
Caused by: redis.clients.jedis.exceptions.JedisConnectionException: Could not get a resource from the pool
	at org.springframework.data.redis.core.DefaultValueOperationsTests.tearDown(DefaultValueOperationsTests.java:91)
Caused by: redis.clients.jedis.exceptions.JedisConnectionException: java.net.ConnectException: Conexão recusada
	at org.springframework.data.redis.core.DefaultValueOperationsTests.tearDown(DefaultValueOperationsTests.java:91)
Caused by: java.net.ConnectException: Conexão recusada
	at org.springframework.data.redis.core.DefaultValueOperationsTests.tearDown(DefaultValueOperationsTests.java:91)
</error>
  </testcase>
  <testcase name="testMultiSetIfAbsent[0]" classname="org.springframework.data.redis.core.DefaultValueOperationsTests" time="0">
    <error message="Cannot get Jedis connection; nested exception is redis.clients.jedis.exceptions.JedisConnectionException: Could not get a resource from the pool" type="org.springframework.data.redis.RedisConnectionFailureException">org.springframework.data.redis.RedisConnectionFailureException: Cannot get Jedis connection; nested exception is redis.clients.jedis.exceptions.JedisConnectionException: Could not get a resource from the pool
	at org.springframework.data.redis.core.DefaultValueOperationsTests.testMultiSetIfAbsent(DefaultValueOperationsTests.java:139)
Caused by: redis.clients.jedis.exceptions.JedisConnectionException: Could not get a resource from the pool
	at org.springframework.data.redis.core.DefaultValueOperationsTests.testMultiSetIfAbsent(DefaultValueOperationsTests.java:139)
Caused by: redis.clients.jedis.exceptions.JedisConnectionException: java.net.ConnectException: Conexão recusada
	at org.springframework.data.redis.core.DefaultValueOperationsTests.testMultiSetIfAbsent(DefaultValueOperationsTests.java:139)
Caused by: java.net.ConnectException: Conexão recusada
	at org.springframework.data.redis.core.DefaultValueOperationsTests.testMultiSetIfAbsent(DefaultValueOperationsTests.java:139)
</error>
  </testcase>
  <testcase name="testMultiSetIfAbsent[0]" classname="org.springframework.data.redis.core.DefaultValueOperationsTests" time="0.001">
    <error message="Cannot get Jedis connection; nested exception is redis.clients.jedis.exceptions.JedisConnectionException: Could not get a resource from the pool" type="org.springframework.data.redis.RedisConnectionFailureException">org.springframework.data.redis.RedisConnectionFailureException: Cannot get Jedis connection; nested exception is redis.clients.jedis.exceptions.JedisConnectionException: Could not get a resource from the pool
	at org.springframework.data.redis.core.DefaultValueOperationsTests.tearDown(DefaultValueOperationsTests.java:91)
Caused by: redis.clients.jedis.exceptions.JedisConnectionException: Could not get a resource from the pool
	at org.springframework.data.redis.core.DefaultValueOperationsTests.tearDown(DefaultValueOperationsTests.java:91)
Caused by: redis.clients.jedis.exceptions.JedisConnectionException: java.net.ConnectException: Conexão recusada
	at org.springframework.data.redis.core.DefaultValueOperationsTests.tearDown(DefaultValueOperationsTests.java:91)
Caused by: java.net.ConnectException: Conexão recusada
	at org.springframework.data.redis.core.DefaultValueOperationsTests.tearDown(DefaultValueOperationsTests.java:91)
</error>
  </testcase>
  <testcase name="testSetIfAbsent[0]" classname="org.springframework.data.redis.core.DefaultValueOperationsTests" time="0.001">
    <error message="Cannot get Jedis connection; nested exception is redis.clients.jedis.exceptions.JedisConnectionException: Could not get a resource from the pool" type="org.springframework.data.redis.RedisConnectionFailureException">org.springframework.data.redis.RedisConnectionFailureException: Cannot get Jedis connection; nested exception is redis.clients.jedis.exceptions.JedisConnectionException: Could not get a resource from the pool
	at org.springframework.data.redis.core.DefaultValueOperationsTests.testSetIfAbsent(DefaultValueOperationsTests.java:252)
Caused by: redis.clients.jedis.exceptions.JedisConnectionException: Could not get a resource from the pool
	at org.springframework.data.redis.core.DefaultValueOperationsTests.testSetIfAbsent(DefaultValueOperationsTests.java:252)
Caused by: redis.clients.jedis.exceptions.JedisConnectionException: java.net.ConnectException: Conexão recusada
	at org.springframework.data.redis.core.DefaultValueOperationsTests.testSetIfAbsent(DefaultValueOperationsTests.java:252)
Caused by: java.net.ConnectException: Conexão recusada
	at org.springframework.data.redis.core.DefaultValueOperationsTests.testSetIfAbsent(DefaultValueOperationsTests.java:252)
</error>
  </testcase>
  <testcase name="testSetIfAbsent[0]" classname="org.springframework.data.redis.core.DefaultValueOperationsTests" time="0.001">
    <error message="Cannot get Jedis connection; nested exception is redis.clients.jedis.exceptions.JedisConnectionException: Could not get a resource from the pool" type="org.springframework.data.redis.RedisConnectionFailureException">org.springframework.data.redis.RedisConnectionFailureException: Cannot get Jedis connection; nested exception is redis.clients.jedis.exceptions.JedisConnectionException: Could not get a resource from the pool
	at org.springframework.data.redis.core.DefaultValueOperationsTests.tearDown(DefaultValueOperationsTests.java:91)
Caused by: redis.clients.jedis.exceptions.JedisConnectionException: Could not get a resource from the pool
	at org.springframework.data.redis.core.DefaultValueOperationsTests.tearDown(DefaultValueOperationsTests.java:91)
Caused by: redis.clients.jedis.exceptions.JedisConnectionException: java.net.ConnectException: Conexão recusada
	at org.springframework.data.redis.core.DefaultValueOperationsTests.tearDown(DefaultValueOperationsTests.java:91)
Caused by: java.net.ConnectException: Conexão recusada
	at org.springframework.data.redis.core.DefaultValueOperationsTests.tearDown(DefaultValueOperationsTests.java:91)
</error>
  </testcase>
  <testcase name="testRawKeysCollection[0]" classname="org.springframework.data.redis.core.DefaultValueOperationsTests" time="0.001">
    <error message="Cannot get Jedis connection; nested exception is redis.clients.jedis.exceptions.JedisConnectionException: Could not get a resource from the pool" type="org.springframework.data.redis.RedisConnectionFailureException">org.springframework.data.redis.RedisConnectionFailureException: Cannot get Jedis connection; nested exception is redis.clients.jedis.exceptions.JedisConnectionException: Could not get a resource from the pool
	at org.springframework.data.redis.core.DefaultValueOperationsTests.tearDown(DefaultValueOperationsTests.java:91)
Caused by: redis.clients.jedis.exceptions.JedisConnectionException: Could not get a resource from the pool
	at org.springframework.data.redis.core.DefaultValueOperationsTests.tearDown(DefaultValueOperationsTests.java:91)
Caused by: redis.clients.jedis.exceptions.JedisConnectionException: java.net.ConnectException: Conexão recusada
	at org.springframework.data.redis.core.DefaultValueOperationsTests.tearDown(DefaultValueOperationsTests.java:91)
Caused by: java.net.ConnectException: Conexão recusada
	at org.springframework.data.redis.core.DefaultValueOperationsTests.tearDown(DefaultValueOperationsTests.java:91)
</error>
  </testcase>
  <testcase name="testSetRange[0]" classname="org.springframework.data.redis.core.DefaultValueOperationsTests" time="0.001">
    <error message="Cannot get Jedis connection; nested exception is redis.clients.jedis.exceptions.JedisConnectionException: Could not get a resource from the pool" type="org.springframework.data.redis.RedisConnectionFailureException">org.springframework.data.redis.RedisConnectionFailureException: Cannot get Jedis connection; nested exception is redis.clients.jedis.exceptions.JedisConnectionException: Could not get a resource from the pool
	at org.springframework.data.redis.core.DefaultValueOperationsTests.testSetRange(DefaultValueOperationsTests.java:242)
Caused by: redis.clients.jedis.exceptions.JedisConnectionException: Could not get a resource from the pool
	at org.springframework.data.redis.core.DefaultValueOperationsTests.testSetRange(DefaultValueOperationsTests.java:242)
Caused by: redis.clients.jedis.exceptions.JedisConnectionException: java.net.ConnectException: Conexão recusada
	at org.springframework.data.redis.core.DefaultValueOperationsTests.testSetRange(DefaultValueOperationsTests.java:242)
Caused by: java.net.ConnectException: Conexão recusada
	at org.springframework.data.redis.core.DefaultValueOperationsTests.testSetRange(DefaultValueOperationsTests.java:242)
</error>
  </testcase>
  <testcase name="testSetRange[0]" classname="org.springframework.data.redis.core.DefaultValueOperationsTests" time="0.001">
    <error message="Cannot get Jedis connection; nested exception is redis.clients.jedis.exceptions.JedisConnectionException: Could not get a resource from the pool" type="org.springframework.data.redis.RedisConnectionFailureException">org.springframework.data.redis.RedisConnectionFailureException: Cannot get Jedis connection; nested exception is redis.clients.jedis.exceptions.JedisConnectionException: Could not get a resource from the pool
	at org.springframework.data.redis.core.DefaultValueOperationsTests.tearDown(DefaultValueOperationsTests.java:91)
Caused by: redis.clients.jedis.exceptions.JedisConnectionException: Could not get a resource from the pool
	at org.springframework.data.redis.core.DefaultValueOperationsTests.tearDown(DefaultValueOperationsTests.java:91)
Caused by: redis.clients.jedis.exceptions.JedisConnectionException: java.net.ConnectException: Conexão recusada
	at org.springframework.data.redis.core.DefaultValueOperationsTests.tearDown(DefaultValueOperationsTests.java:91)
Caused by: java.net.ConnectException: Conexão recusada
	at org.springframework.data.redis.core.DefaultValueOperationsTests.tearDown(DefaultValueOperationsTests.java:91)
</error>
  </testcase>
  <testcase name="testSetAndGetBit[1]" classname="org.springframework.data.redis.core.DefaultValueOperationsTests" time="0.003">
    <error message="got: &lt;false&gt;, expected: is &lt;true&gt;" type="org.junit.AssumptionViolatedException"><![CDATA[org.junit.AssumptionViolatedException: got: <false>, expected: is <true>
	at org.springframework.data.redis.core.DefaultValueOperationsTests.testSetAndGetBit(DefaultValueOperationsTests.java:296)
]]></error>
  </testcase>
  <testcase name="testSetAndGetBit[1]" classname="org.springframework.data.redis.core.DefaultValueOperationsTests" time="0.003">
    <error message="Cannot get Jedis connection; nested exception is redis.clients.jedis.exceptions.JedisConnectionException: Could not get a resource from the pool" type="org.springframework.data.redis.RedisConnectionFailureException">org.springframework.data.redis.RedisConnectionFailureException: Cannot get Jedis connection; nested exception is redis.clients.jedis.exceptions.JedisConnectionException: Could not get a resource from the pool
	at org.springframework.data.redis.core.DefaultValueOperationsTests.tearDown(DefaultValueOperationsTests.java:91)
Caused by: redis.clients.jedis.exceptions.JedisConnectionException: Could not get a resource from the pool
	at org.springframework.data.redis.core.DefaultValueOperationsTests.tearDown(DefaultValueOperationsTests.java:91)
Caused by: redis.clients.jedis.exceptions.JedisConnectionException: java.net.ConnectException: Conexão recusada
	at org.springframework.data.redis.core.DefaultValueOperationsTests.tearDown(DefaultValueOperationsTests.java:91)
Caused by: java.net.ConnectException: Conexão recusada
	at org.springframework.data.redis.core.DefaultValueOperationsTests.tearDown(DefaultValueOperationsTests.java:91)
</error>
  </testcase>
  <testcase name="testGetRange[1]" classname="org.springframework.data.redis.core.DefaultValueOperationsTests" time="0">
    <error message="got: &lt;false&gt;, expected: is &lt;true&gt;" type="org.junit.AssumptionViolatedException"><![CDATA[org.junit.AssumptionViolatedException: got: <false>, expected: is <true>
	at org.springframework.data.redis.core.DefaultValueOperationsTests.testGetRange(DefaultValueOperationsTests.java:231)
]]></error>
  </testcase>
  <testcase name="testGetRange[1]" classname="org.springframework.data.redis.core.DefaultValueOperationsTests" time="0">
    <error message="Cannot get Jedis connection; nested exception is redis.clients.jedis.exceptions.JedisConnectionException: Could not get a resource from the pool" type="org.springframework.data.redis.RedisConnectionFailureException">org.springframework.data.redis.RedisConnectionFailureException: Cannot get Jedis connection; nested exception is redis.clients.jedis.exceptions.JedisConnectionException: Could not get a resource from the pool
	at org.springframework.data.redis.core.DefaultValueOperationsTests.tearDown(DefaultValueOperationsTests.java:91)
Caused by: redis.clients.jedis.exceptions.JedisConnectionException: Could not get a resource from the pool
	at org.springframework.data.redis.core.DefaultValueOperationsTests.tearDown(DefaultValueOperationsTests.java:91)
Caused by: redis.clients.jedis.exceptions.JedisConnectionException: java.net.ConnectException: Conexão recusada
	at org.springframework.data.redis.core.DefaultValueOperationsTests.tearDown(DefaultValueOperationsTests.java:91)
Caused by: java.net.ConnectException: Conexão recusada
	at org.springframework.data.redis.core.DefaultValueOperationsTests.tearDown(DefaultValueOperationsTests.java:91)
</error>
  </testcase>
  <testcase name="testSize[1]" classname="org.springframework.data.redis.core.DefaultValueOperationsTests" time="0.005">
    <error message="Cannot get Jedis connection; nested exception is redis.clients.jedis.exceptions.JedisConnectionException: Could not get a resource from the pool" type="org.springframework.data.redis.RedisConnectionFailureException">org.springframework.data.redis.RedisConnectionFailureException: Cannot get Jedis connection; nested exception is redis.clients.jedis.exceptions.JedisConnectionException: Could not get a resource from the pool
	at org.springframework.data.redis.core.DefaultValueOperationsTests.testSize(DefaultValueOperationsTests.java:260)
Caused by: redis.clients.jedis.exceptions.JedisConnectionException: Could not get a resource from the pool
	at org.springframework.data.redis.core.DefaultValueOperationsTests.testSize(DefaultValueOperationsTests.java:260)
Caused by: redis.clients.jedis.exceptions.JedisConnectionException: java.net.ConnectException: Conexão recusada
	at org.springframework.data.redis.core.DefaultValueOperationsTests.testSize(DefaultValueOperationsTests.java:260)
Caused by: java.net.ConnectException: Conexão recusada
	at org.springframework.data.redis.core.DefaultValueOperationsTests.testSize(DefaultValueOperationsTests.java:260)
</error>
  </testcase>
  <testcase name="testSize[1]" classname="org.springframework.data.redis.core.DefaultValueOperationsTests" time="0.006">
    <error message="Cannot get Jedis connection; nested exception is redis.clients.jedis.exceptions.JedisConnectionException: Could not get a resource from the pool" type="org.springframework.data.redis.RedisConnectionFailureException">org.springframework.data.redis.RedisConnectionFailureException: Cannot get Jedis connection; nested exception is redis.clients.jedis.exceptions.JedisConnectionException: Could not get a resource from the pool
	at org.springframework.data.redis.core.DefaultValueOperationsTests.tearDown(DefaultValueOperationsTests.java:91)
Caused by: redis.clients.jedis.exceptions.JedisConnectionException: Could not get a resource from the pool
	at org.springframework.data.redis.core.DefaultValueOperationsTests.tearDown(DefaultValueOperationsTests.java:91)
Caused by: redis.clients.jedis.exceptions.JedisConnectionException: java.net.ConnectException: Conexão recusada
	at org.springframework.data.redis.core.DefaultValueOperationsTests.tearDown(DefaultValueOperationsTests.java:91)
Caused by: java.net.ConnectException: Conexão recusada
	at org.springframework.data.redis.core.DefaultValueOperationsTests.tearDown(DefaultValueOperationsTests.java:91)
</error>
  </testcase>
  <testcase name="testMultiSetIfAbsentFailure[1]" classname="org.springframework.data.redis.core.DefaultValueOperationsTests" time="0">
    <error message="Cannot get Jedis connection; nested exception is redis.clients.jedis.exceptions.JedisConnectionException: Could not get a resource from the pool" type="org.springframework.data.redis.RedisConnectionFailureException">org.springframework.data.redis.RedisConnectionFailureException: Cannot get Jedis connection; nested exception is redis.clients.jedis.exceptions.JedisConnectionException: Could not get a resource from the pool
	at org.springframework.data.redis.core.DefaultValueOperationsTests.testMultiSetIfAbsentFailure(DefaultValueOperationsTests.java:150)
Caused by: redis.clients.jedis.exceptions.JedisConnectionException: Could not get a resource from the pool
	at org.springframework.data.redis.core.DefaultValueOperationsTests.testMultiSetIfAbsentFailure(DefaultValueOperationsTests.java:150)
Caused by: redis.clients.jedis.exceptions.JedisConnectionException: java.net.ConnectException: Conexão recusada
	at org.springframework.data.redis.core.DefaultValueOperationsTests.testMultiSetIfAbsentFailure(DefaultValueOperationsTests.java:150)
Caused by: java.net.ConnectException: Conexão recusada
	at org.springframework.data.redis.core.DefaultValueOperationsTests.testMultiSetIfAbsentFailure(DefaultValueOperationsTests.java:150)
</error>
  </testcase>
  <testcase name="testMultiSetIfAbsentFailure[1]" classname="org.springframework.data.redis.core.DefaultValueOperationsTests" time="0">
    <error message="Cannot get Jedis connection; nested exception is redis.clients.jedis.exceptions.JedisConnectionException: Could not get a resource from the pool" type="org.springframework.data.redis.RedisConnectionFailureException">org.springframework.data.redis.RedisConnectionFailureException: Cannot get Jedis connection; nested exception is redis.clients.jedis.exceptions.JedisConnectionException: Could not get a resource from the pool
	at org.springframework.data.redis.core.DefaultValueOperationsTests.tearDown(DefaultValueOperationsTests.java:91)
Caused by: redis.clients.jedis.exceptions.JedisConnectionException: Could not get a resource from the pool
	at org.springframework.data.redis.core.DefaultValueOperationsTests.tearDown(DefaultValueOperationsTests.java:91)
Caused by: redis.clients.jedis.exceptions.JedisConnectionException: java.net.ConnectException: Conexão recusada
	at org.springframework.data.redis.core.DefaultValueOperationsTests.tearDown(DefaultValueOperationsTests.java:91)
Caused by: java.net.ConnectException: Conexão recusada
	at org.springframework.data.redis.core.DefaultValueOperationsTests.tearDown(DefaultValueOperationsTests.java:91)
</error>
  </testcase>
  <testcase name="testIncrementDouble[1]" classname="org.springframework.data.redis.core.DefaultValueOperationsTests" time="0">
    <error message="Could not initialize class org.springframework.data.redis.RedisTestProfileValueSource" type="java.lang.NoClassDefFoundError">java.lang.NoClassDefFoundError: Could not initialize class org.springframework.data.redis.RedisTestProfileValueSource
	at org.springframework.data.redis.core.DefaultValueOperationsTests.testIncrementDouble(DefaultValueOperationsTests.java:117)
</error>
  </testcase>
  <testcase name="testIncrementDouble[1]" classname="org.springframework.data.redis.core.DefaultValueOperationsTests" time="0">
    <error message="Cannot get Jedis connection; nested exception is redis.clients.jedis.exceptions.JedisConnectionException: Could not get a resource from the pool" type="org.springframework.data.redis.RedisConnectionFailureException">org.springframework.data.redis.RedisConnectionFailureException: Cannot get Jedis connection; nested exception is redis.clients.jedis.exceptions.JedisConnectionException: Could not get a resource from the pool
	at org.springframework.data.redis.core.DefaultValueOperationsTests.tearDown(DefaultValueOperationsTests.java:91)
Caused by: redis.clients.jedis.exceptions.JedisConnectionException: Could not get a resource from the pool
	at org.springframework.data.redis.core.DefaultValueOperationsTests.tearDown(DefaultValueOperationsTests.java:91)
Caused by: redis.clients.jedis.exceptions.JedisConnectionException: java.net.ConnectException: Conexão recusada
	at org.springframework.data.redis.core.DefaultValueOperationsTests.tearDown(DefaultValueOperationsTests.java:91)
Caused by: java.net.ConnectException: Conexão recusada
	at org.springframework.data.redis.core.DefaultValueOperationsTests.tearDown(DefaultValueOperationsTests.java:91)
</error>
  </testcase>
  <testcase name="testSetWithExpirationWithTimeUnitMilliseconds[1]" classname="org.springframework.data.redis.core.DefaultValueOperationsTests" time="0">
    <error message="Could not initialize class org.springframework.data.redis.RedisTestProfileValueSource" type="java.lang.NoClassDefFoundError">java.lang.NoClassDefFoundError: Could not initialize class org.springframework.data.redis.RedisTestProfileValueSource
	at org.springframework.data.redis.core.DefaultValueOperationsTests.testSetWithExpirationWithTimeUnitMilliseconds(DefaultValueOperationsTests.java:206)
</error>
  </testcase>
  <testcase name="testSetWithExpirationWithTimeUnitMilliseconds[1]" classname="org.springframework.data.redis.core.DefaultValueOperationsTests" time="0.001">
    <error message="Cannot get Jedis connection; nested exception is redis.clients.jedis.exceptions.JedisConnectionException: Could not get a resource from the pool" type="org.springframework.data.redis.RedisConnectionFailureException">org.springframework.data.redis.RedisConnectionFailureException: Cannot get Jedis connection; nested exception is redis.clients.jedis.exceptions.JedisConnectionException: Could not get a resource from the pool
	at org.springframework.data.redis.core.DefaultValueOperationsTests.tearDown(DefaultValueOperationsTests.java:91)
Caused by: redis.clients.jedis.exceptions.JedisConnectionException: Could not get a resource from the pool
	at org.springframework.data.redis.core.DefaultValueOperationsTests.tearDown(DefaultValueOperationsTests.java:91)
Caused by: redis.clients.jedis.exceptions.JedisConnectionException: java.net.ConnectException: Conexão recusada
	at org.springframework.data.redis.core.DefaultValueOperationsTests.tearDown(DefaultValueOperationsTests.java:91)
Caused by: java.net.ConnectException: Conexão recusada
	at org.springframework.data.redis.core.DefaultValueOperationsTests.tearDown(DefaultValueOperationsTests.java:91)
</error>
  </testcase>
  <testcase name="testRawKeys[1]" classname="org.springframework.data.redis.core.DefaultValueOperationsTests" time="0">
    <error message="Cannot get Jedis connection; nested exception is redis.clients.jedis.exceptions.JedisConnectionException: Could not get a resource from the pool" type="org.springframework.data.redis.RedisConnectionFailureException">org.springframework.data.redis.RedisConnectionFailureException: Cannot get Jedis connection; nested exception is redis.clients.jedis.exceptions.JedisConnectionException: Could not get a resource from the pool
	at org.springframework.data.redis.core.DefaultValueOperationsTests.tearDown(DefaultValueOperationsTests.java:91)
Caused by: redis.clients.jedis.exceptions.JedisConnectionException: Could not get a resource from the pool
	at org.springframework.data.redis.core.DefaultValueOperationsTests.tearDown(DefaultValueOperationsTests.java:91)
Caused by: redis.clients.jedis.exceptions.JedisConnectionException: java.net.ConnectException: Conexão recusada
	at org.springframework.data.redis.core.DefaultValueOperationsTests.tearDown(DefaultValueOperationsTests.java:91)
Caused by: java.net.ConnectException: Conexão recusada
	at org.springframework.data.redis.core.DefaultValueOperationsTests.tearDown(DefaultValueOperationsTests.java:91)
</error>
  </testcase>
  <testcase name="testGetAndSet[1]" classname="org.springframework.data.redis.core.DefaultValueOperationsTests" time="0.001">
    <error message="Cannot get Jedis connection; nested exception is redis.clients.jedis.exceptions.JedisConnectionException: Could not get a resource from the pool" type="org.springframework.data.redis.RedisConnectionFailureException">org.springframework.data.redis.RedisConnectionFailureException: Cannot get Jedis connection; nested exception is redis.clients.jedis.exceptions.JedisConnectionException: Could not get a resource from the pool
	at org.springframework.data.redis.core.DefaultValueOperationsTests.testGetAndSet(DefaultValueOperationsTests.java:183)
Caused by: redis.clients.jedis.exceptions.JedisConnectionException: Could not get a resource from the pool
	at org.springframework.data.redis.core.DefaultValueOperationsTests.testGetAndSet(DefaultValueOperationsTests.java:183)
Caused by: redis.clients.jedis.exceptions.JedisConnectionException: java.net.ConnectException: Conexão recusada
	at org.springframework.data.redis.core.DefaultValueOperationsTests.testGetAndSet(DefaultValueOperationsTests.java:183)
Caused by: java.net.ConnectException: Conexão recusada
	at org.springframework.data.redis.core.DefaultValueOperationsTests.testGetAndSet(DefaultValueOperationsTests.java:183)
</error>
  </testcase>
  <testcase name="testGetAndSet[1]" classname="org.springframework.data.redis.core.DefaultValueOperationsTests" time="0.001">
    <error message="Cannot get Jedis connection; nested exception is redis.clients.jedis.exceptions.JedisConnectionException: Could not get a resource from the pool" type="org.springframework.data.redis.RedisConnectionFailureException">org.springframework.data.redis.RedisConnectionFailureException: Cannot get Jedis connection; nested exception is redis.clients.jedis.exceptions.JedisConnectionException: Could not get a resource from the pool
	at org.springframework.data.redis.core.DefaultValueOperationsTests.tearDown(DefaultValueOperationsTests.java:91)
Caused by: redis.clients.jedis.exceptions.JedisConnectionException: Could not get a resource from the pool
	at org.springframework.data.redis.core.DefaultValueOperationsTests.tearDown(DefaultValueOperationsTests.java:91)
Caused by: redis.clients.jedis.exceptions.JedisConnectionException: java.net.ConnectException: Conexão recusada
	at org.springframework.data.redis.core.DefaultValueOperationsTests.tearDown(DefaultValueOperationsTests.java:91)
Caused by: java.net.ConnectException: Conexão recusada
	at org.springframework.data.redis.core.DefaultValueOperationsTests.tearDown(DefaultValueOperationsTests.java:91)
</error>
  </testcase>
  <testcase name="testDeserializeKey[1]" classname="org.springframework.data.redis.core.DefaultValueOperationsTests" time="0.001">
    <error message="got: &lt;false&gt;, expected: is &lt;true&gt;" type="org.junit.AssumptionViolatedException"><![CDATA[org.junit.AssumptionViolatedException: got: <false>, expected: is <true>
	at org.springframework.data.redis.core.DefaultValueOperationsTests.testDeserializeKey(DefaultValueOperationsTests.java:286)
]]></error>
  </testcase>
  <testcase name="testDeserializeKey[1]" classname="org.springframework.data.redis.core.DefaultValueOperationsTests" time="0.001">
    <error message="Cannot get Jedis connection; nested exception is redis.clients.jedis.exceptions.JedisConnectionException: Could not get a resource from the pool" type="org.springframework.data.redis.RedisConnectionFailureException">org.springframework.data.redis.RedisConnectionFailureException: Cannot get Jedis connection; nested exception is redis.clients.jedis.exceptions.JedisConnectionException: Could not get a resource from the pool
	at org.springframework.data.redis.core.DefaultValueOperationsTests.tearDown(DefaultValueOperationsTests.java:91)
Caused by: redis.clients.jedis.exceptions.JedisConnectionException: Could not get a resource from the pool
	at org.springframework.data.redis.core.DefaultValueOperationsTests.tearDown(DefaultValueOperationsTests.java:91)
Caused by: redis.clients.jedis.exceptions.JedisConnectionException: java.net.ConnectException: Conexão recusada
	at org.springframework.data.redis.core.DefaultValueOperationsTests.tearDown(DefaultValueOperationsTests.java:91)
Caused by: java.net.ConnectException: Conexão recusada
	at org.springframework.data.redis.core.DefaultValueOperationsTests.tearDown(DefaultValueOperationsTests.java:91)
</error>
  </testcase>
  <testcase name="testSetWithExpiration[1]" classname="org.springframework.data.redis.core.DefaultValueOperationsTests" time="0.001">
    <error message="Could not initialize class org.springframework.data.redis.RedisTestProfileValueSource" type="java.lang.NoClassDefFoundError">java.lang.NoClassDefFoundError: Could not initialize class org.springframework.data.redis.RedisTestProfileValueSource
	at org.springframework.data.redis.core.DefaultValueOperationsTests.testSetWithExpiration(DefaultValueOperationsTests.java:189)
</error>
  </testcase>
  <testcase name="testSetWithExpiration[1]" classname="org.springframework.data.redis.core.DefaultValueOperationsTests" time="0.001">
    <error message="Cannot get Jedis connection; nested exception is redis.clients.jedis.exceptions.JedisConnectionException: Could not get a resource from the pool" type="org.springframework.data.redis.RedisConnectionFailureException">org.springframework.data.redis.RedisConnectionFailureException: Cannot get Jedis connection; nested exception is redis.clients.jedis.exceptions.JedisConnectionException: Could not get a resource from the pool
	at org.springframework.data.redis.core.DefaultValueOperationsTests.tearDown(DefaultValueOperationsTests.java:91)
Caused by: redis.clients.jedis.exceptions.JedisConnectionException: Could not get a resource from the pool
	at org.springframework.data.redis.core.DefaultValueOperationsTests.tearDown(DefaultValueOperationsTests.java:91)
Caused by: redis.clients.jedis.exceptions.JedisConnectionException: java.net.ConnectException: Conexão recusada
	at org.springframework.data.redis.core.DefaultValueOperationsTests.tearDown(DefaultValueOperationsTests.java:91)
Caused by: java.net.ConnectException: Conexão recusada
	at org.springframework.data.redis.core.DefaultValueOperationsTests.tearDown(DefaultValueOperationsTests.java:91)
</error>
  </testcase>
  <testcase name="testAppend[1]" classname="org.springframework.data.redis.core.DefaultValueOperationsTests" time="0.001">
    <error message="got: &lt;false&gt;, expected: is &lt;true&gt;" type="org.junit.AssumptionViolatedException"><![CDATA[org.junit.AssumptionViolatedException: got: <false>, expected: is <true>
	at org.springframework.data.redis.core.DefaultValueOperationsTests.testAppend(DefaultValueOperationsTests.java:221)
]]></error>
  </testcase>
  <testcase name="testAppend[1]" classname="org.springframework.data.redis.core.DefaultValueOperationsTests" time="0.001">
    <error message="Cannot get Jedis connection; nested exception is redis.clients.jedis.exceptions.JedisConnectionException: Could not get a resource from the pool" type="org.springframework.data.redis.RedisConnectionFailureException">org.springframework.data.redis.RedisConnectionFailureException: Cannot get Jedis connection; nested exception is redis.clients.jedis.exceptions.JedisConnectionException: Could not get a resource from the pool
	at org.springframework.data.redis.core.DefaultValueOperationsTests.tearDown(DefaultValueOperationsTests.java:91)
Caused by: redis.clients.jedis.exceptions.JedisConnectionException: Could not get a resource from the pool
	at org.springframework.data.redis.core.DefaultValueOperationsTests.tearDown(DefaultValueOperationsTests.java:91)
Caused by: redis.clients.jedis.exceptions.JedisConnectionException: java.net.ConnectException: Conexão recusada
	at org.springframework.data.redis.core.DefaultValueOperationsTests.tearDown(DefaultValueOperationsTests.java:91)
Caused by: java.net.ConnectException: Conexão recusada
	at org.springframework.data.redis.core.DefaultValueOperationsTests.tearDown(DefaultValueOperationsTests.java:91)
</error>
  </testcase>
  <testcase name="testIncrementLong[1]" classname="org.springframework.data.redis.core.DefaultValueOperationsTests" time="0.001">
    <error message="Cannot get Jedis connection; nested exception is redis.clients.jedis.exceptions.JedisConnectionException: Could not get a resource from the pool" type="org.springframework.data.redis.RedisConnectionFailureException">org.springframework.data.redis.RedisConnectionFailureException: Cannot get Jedis connection; nested exception is redis.clients.jedis.exceptions.JedisConnectionException: Could not get a resource from the pool
	at org.springframework.data.redis.core.DefaultValueOperationsTests.testIncrementLong(DefaultValueOperationsTests.java:104)
Caused by: redis.clients.jedis.exceptions.JedisConnectionException: Could not get a resource from the pool
	at org.springframework.data.redis.core.DefaultValueOperationsTests.testIncrementLong(DefaultValueOperationsTests.java:104)
Caused by: redis.clients.jedis.exceptions.JedisConnectionException: java.net.ConnectException: Conexão recusada
	at org.springframework.data.redis.core.DefaultValueOperationsTests.testIncrementLong(DefaultValueOperationsTests.java:104)
Caused by: java.net.ConnectException: Conexão recusada
	at org.springframework.data.redis.core.DefaultValueOperationsTests.testIncrementLong(DefaultValueOperationsTests.java:104)
</error>
  </testcase>
  <testcase name="testIncrementLong[1]" classname="org.springframework.data.redis.core.DefaultValueOperationsTests" time="0.001">
    <error message="Cannot get Jedis connection; nested exception is redis.clients.jedis.exceptions.JedisConnectionException: Could not get a resource from the pool" type="org.springframework.data.redis.RedisConnectionFailureException">org.springframework.data.redis.RedisConnectionFailureException: Cannot get Jedis connection; nested exception is redis.clients.jedis.exceptions.JedisConnectionException: Could not get a resource from the pool
	at org.springframework.data.redis.core.DefaultValueOperationsTests.tearDown(DefaultValueOperationsTests.java:91)
Caused by: redis.clients.jedis.exceptions.JedisConnectionException: Could not get a resource from the pool
	at org.springframework.data.redis.core.DefaultValueOperationsTests.tearDown(DefaultValueOperationsTests.java:91)
Caused by: redis.clients.jedis.exceptions.JedisConnectionException: java.net.ConnectException: Conexão recusada
	at org.springframework.data.redis.core.DefaultValueOperationsTests.tearDown(DefaultValueOperationsTests.java:91)
Caused by: java.net.ConnectException: Conexão recusada
	at org.springframework.data.redis.core.DefaultValueOperationsTests.tearDown(DefaultValueOperationsTests.java:91)
</error>
  </testcase>
  <testcase name="testMultiSet[1]" classname="org.springframework.data.redis.core.DefaultValueOperationsTests" time="0.001">
    <error message="Cannot get Jedis connection; nested exception is redis.clients.jedis.exceptions.JedisConnectionException: Could not get a resource from the pool" type="org.springframework.data.redis.RedisConnectionFailureException">org.springframework.data.redis.RedisConnectionFailureException: Cannot get Jedis connection; nested exception is redis.clients.jedis.exceptions.JedisConnectionException: Could not get a resource from the pool
	at org.springframework.data.redis.core.DefaultValueOperationsTests.testMultiSet(DefaultValueOperationsTests.java:166)
Caused by: redis.clients.jedis.exceptions.JedisConnectionException: Could not get a resource from the pool
	at org.springframework.data.redis.core.DefaultValueOperationsTests.testMultiSet(DefaultValueOperationsTests.java:166)
Caused by: redis.clients.jedis.exceptions.JedisConnectionException: java.net.ConnectException: Conexão recusada
	at org.springframework.data.redis.core.DefaultValueOperationsTests.testMultiSet(DefaultValueOperationsTests.java:166)
Caused by: java.net.ConnectException: Conexão recusada
	at org.springframework.data.redis.core.DefaultValueOperationsTests.testMultiSet(DefaultValueOperationsTests.java:166)
</error>
  </testcase>
  <testcase name="testMultiSet[1]" classname="org.springframework.data.redis.core.DefaultValueOperationsTests" time="0.002">
    <error message="Cannot get Jedis connection; nested exception is redis.clients.jedis.exceptions.JedisConnectionException: Could not get a resource from the pool" type="org.springframework.data.redis.RedisConnectionFailureException">org.springframework.data.redis.RedisConnectionFailureException: Cannot get Jedis connection; nested exception is redis.clients.jedis.exceptions.JedisConnectionException: Could not get a resource from the pool
	at org.springframework.data.redis.core.DefaultValueOperationsTests.tearDown(DefaultValueOperationsTests.java:91)
Caused by: redis.clients.jedis.exceptions.JedisConnectionException: Could not get a resource from the pool
	at org.springframework.data.redis.core.DefaultValueOperationsTests.tearDown(DefaultValueOperationsTests.java:91)
Caused by: redis.clients.jedis.exceptions.JedisConnectionException: java.net.ConnectException: Conexão recusada
	at org.springframework.data.redis.core.DefaultValueOperationsTests.tearDown(DefaultValueOperationsTests.java:91)
Caused by: java.net.ConnectException: Conexão recusada
	at org.springframework.data.redis.core.DefaultValueOperationsTests.tearDown(DefaultValueOperationsTests.java:91)
</error>
  </testcase>
  <testcase name="testGetSet[1]" classname="org.springframework.data.redis.core.DefaultValueOperationsTests" time="0.001">
    <error message="Cannot get Jedis connection; nested exception is redis.clients.jedis.exceptions.JedisConnectionException: Could not get a resource from the pool" type="org.springframework.data.redis.RedisConnectionFailureException">org.springframework.data.redis.RedisConnectionFailureException: Cannot get Jedis connection; nested exception is redis.clients.jedis.exceptions.JedisConnectionException: Could not get a resource from the pool
	at org.springframework.data.redis.core.DefaultValueOperationsTests.testGetSet(DefaultValueOperationsTests.java:174)
Caused by: redis.clients.jedis.exceptions.JedisConnectionException: Could not get a resource from the pool
	at org.springframework.data.redis.core.DefaultValueOperationsTests.testGetSet(DefaultValueOperationsTests.java:174)
Caused by: redis.clients.jedis.exceptions.JedisConnectionException: java.net.ConnectException: Conexão recusada
	at org.springframework.data.redis.core.DefaultValueOperationsTests.testGetSet(DefaultValueOperationsTests.java:174)
Caused by: java.net.ConnectException: Conexão recusada
	at org.springframework.data.redis.core.DefaultValueOperationsTests.testGetSet(DefaultValueOperationsTests.java:174)
</error>
  </testcase>
  <testcase name="testGetSet[1]" classname="org.springframework.data.redis.core.DefaultValueOperationsTests" time="0.002">
    <error message="Cannot get Jedis connection; nested exception is redis.clients.jedis.exceptions.JedisConnectionException: Could not get a resource from the pool" type="org.springframework.data.redis.RedisConnectionFailureException">org.springframework.data.redis.RedisConnectionFailureException: Cannot get Jedis connection; nested exception is redis.clients.jedis.exceptions.JedisConnectionException: Could not get a resource from the pool
	at org.springframework.data.redis.core.DefaultValueOperationsTests.tearDown(DefaultValueOperationsTests.java:91)
Caused by: redis.clients.jedis.exceptions.JedisConnectionException: Could not get a resource from the pool
	at org.springframework.data.redis.core.DefaultValueOperationsTests.tearDown(DefaultValueOperationsTests.java:91)
Caused by: redis.clients.jedis.exceptions.JedisConnectionException: java.net.ConnectException: Conexão recusada
	at org.springframework.data.redis.core.DefaultValueOperationsTests.tearDown(DefaultValueOperationsTests.java:91)
Caused by: java.net.ConnectException: Conexão recusada
	at org.springframework.data.redis.core.DefaultValueOperationsTests.tearDown(DefaultValueOperationsTests.java:91)
</error>
  </testcase>
  <testcase name="testMultiSetIfAbsent[1]" classname="org.springframework.data.redis.core.DefaultValueOperationsTests" time="0.002">
    <error message="Cannot get Jedis connection; nested exception is redis.clients.jedis.exceptions.JedisConnectionException: Could not get a resource from the pool" type="org.springframework.data.redis.RedisConnectionFailureException">org.springframework.data.redis.RedisConnectionFailureException: Cannot get Jedis connection; nested exception is redis.clients.jedis.exceptions.JedisConnectionException: Could not get a resource from the pool
	at org.springframework.data.redis.core.DefaultValueOperationsTests.testMultiSetIfAbsent(DefaultValueOperationsTests.java:139)
Caused by: redis.clients.jedis.exceptions.JedisConnectionException: Could not get a resource from the pool
	at org.springframework.data.redis.core.DefaultValueOperationsTests.testMultiSetIfAbsent(DefaultValueOperationsTests.java:139)
Caused by: redis.clients.jedis.exceptions.JedisConnectionException: java.net.ConnectException: Conexão recusada
	at org.springframework.data.redis.core.DefaultValueOperationsTests.testMultiSetIfAbsent(DefaultValueOperationsTests.java:139)
Caused by: java.net.ConnectException: Conexão recusada
	at org.springframework.data.redis.core.DefaultValueOperationsTests.testMultiSetIfAbsent(DefaultValueOperationsTests.java:139)
</error>
  </testcase>
  <testcase name="testMultiSetIfAbsent[1]" classname="org.springframework.data.redis.core.DefaultValueOperationsTests" time="0.003">
    <error message="Cannot get Jedis connection; nested exception is redis.clients.jedis.exceptions.JedisConnectionException: Could not get a resource from the pool" type="org.springframework.data.redis.RedisConnectionFailureException">org.springframework.data.redis.RedisConnectionFailureException: Cannot get Jedis connection; nested exception is redis.clients.jedis.exceptions.JedisConnectionException: Could not get a resource from the pool
	at org.springframework.data.redis.core.DefaultValueOperationsTests.tearDown(DefaultValueOperationsTests.java:91)
Caused by: redis.clients.jedis.exceptions.JedisConnectionException: Could not get a resource from the pool
	at org.springframework.data.redis.core.DefaultValueOperationsTests.tearDown(DefaultValueOperationsTests.java:91)
Caused by: redis.clients.jedis.exceptions.JedisConnectionException: java.net.ConnectException: Conexão recusada
	at org.springframework.data.redis.core.DefaultValueOperationsTests.tearDown(DefaultValueOperationsTests.java:91)
Caused by: java.net.ConnectException: Conexão recusada
	at org.springframework.data.redis.core.DefaultValueOperationsTests.tearDown(DefaultValueOperationsTests.java:91)
</error>
  </testcase>
  <testcase name="testSetIfAbsent[1]" classname="org.springframework.data.redis.core.DefaultValueOperationsTests" time="0.001">
    <error message="Cannot get Jedis connection; nested exception is redis.clients.jedis.exceptions.JedisConnectionException: Could not get a resource from the pool" type="org.springframework.data.redis.RedisConnectionFailureException">org.springframework.data.redis.RedisConnectionFailureException: Cannot get Jedis connection; nested exception is redis.clients.jedis.exceptions.JedisConnectionException: Could not get a resource from the pool
	at org.springframework.data.redis.core.DefaultValueOperationsTests.testSetIfAbsent(DefaultValueOperationsTests.java:252)
Caused by: redis.clients.jedis.exceptions.JedisConnectionException: Could not get a resource from the pool
	at org.springframework.data.redis.core.DefaultValueOperationsTests.testSetIfAbsent(DefaultValueOperationsTests.java:252)
Caused by: redis.clients.jedis.exceptions.JedisConnectionException: java.net.ConnectException: Conexão recusada
	at org.springframework.data.redis.core.DefaultValueOperationsTests.testSetIfAbsent(DefaultValueOperationsTests.java:252)
Caused by: java.net.ConnectException: Conexão recusada
	at org.springframework.data.redis.core.DefaultValueOperationsTests.testSetIfAbsent(DefaultValueOperationsTests.java:252)
</error>
  </testcase>
  <testcase name="testSetIfAbsent[1]" classname="org.springframework.data.redis.core.DefaultValueOperationsTests" time="0.001">
    <error message="Cannot get Jedis connection; nested exception is redis.clients.jedis.exceptions.JedisConnectionException: Could not get a resource from the pool" type="org.springframework.data.redis.RedisConnectionFailureException">org.springframework.data.redis.RedisConnectionFailureException: Cannot get Jedis connection; nested exception is redis.clients.jedis.exceptions.JedisConnectionException: Could not get a resource from the pool
	at org.springframework.data.redis.core.DefaultValueOperationsTests.tearDown(DefaultValueOperationsTests.java:91)
Caused by: redis.clients.jedis.exceptions.JedisConnectionException: Could not get a resource from the pool
	at org.springframework.data.redis.core.DefaultValueOperationsTests.tearDown(DefaultValueOperationsTests.java:91)
Caused by: redis.clients.jedis.exceptions.JedisConnectionException: java.net.ConnectException: Conexão recusada
	at org.springframework.data.redis.core.DefaultValueOperationsTests.tearDown(DefaultValueOperationsTests.java:91)
Caused by: java.net.ConnectException: Conexão recusada
	at org.springframework.data.redis.core.DefaultValueOperationsTests.tearDown(DefaultValueOperationsTests.java:91)
</error>
  </testcase>
  <testcase name="testRawKeysCollection[1]" classname="org.springframework.data.redis.core.DefaultValueOperationsTests" time="0.001">
    <error message="Cannot get Jedis connection; nested exception is redis.clients.jedis.exceptions.JedisConnectionException: Could not get a resource from the pool" type="org.springframework.data.redis.RedisConnectionFailureException">org.springframework.data.redis.RedisConnectionFailureException: Cannot get Jedis connection; nested exception is redis.clients.jedis.exceptions.JedisConnectionException: Could not get a resource from the pool
	at org.springframework.data.redis.core.DefaultValueOperationsTests.tearDown(DefaultValueOperationsTests.java:91)
Caused by: redis.clients.jedis.exceptions.JedisConnectionException: Could not get a resource from the pool
	at org.springframework.data.redis.core.DefaultValueOperationsTests.tearDown(DefaultValueOperationsTests.java:91)
Caused by: redis.clients.jedis.exceptions.JedisConnectionException: java.net.ConnectException: Conexão recusada
	at org.springframework.data.redis.core.DefaultValueOperationsTests.tearDown(DefaultValueOperationsTests.java:91)
Caused by: java.net.ConnectException: Conexão recusada
	at org.springframework.data.redis.core.DefaultValueOperationsTests.tearDown(DefaultValueOperationsTests.java:91)
</error>
  </testcase>
  <testcase name="testSetRange[1]" classname="org.springframework.data.redis.core.DefaultValueOperationsTests" time="0.001">
    <error message="got: &lt;false&gt;, expected: is &lt;true&gt;" type="org.junit.AssumptionViolatedException"><![CDATA[org.junit.AssumptionViolatedException: got: <false>, expected: is <true>
	at org.springframework.data.redis.core.DefaultValueOperationsTests.testSetRange(DefaultValueOperationsTests.java:241)
]]></error>
  </testcase>
  <testcase name="testSetRange[1]" classname="org.springframework.data.redis.core.DefaultValueOperationsTests" time="0.001">
    <error message="Cannot get Jedis connection; nested exception is redis.clients.jedis.exceptions.JedisConnectionException: Could not get a resource from the pool" type="org.springframework.data.redis.RedisConnectionFailureException">org.springframework.data.redis.RedisConnectionFailureException: Cannot get Jedis connection; nested exception is redis.clients.jedis.exceptions.JedisConnectionException: Could not get a resource from the pool
	at org.springframework.data.redis.core.DefaultValueOperationsTests.tearDown(DefaultValueOperationsTests.java:91)
Caused by: redis.clients.jedis.exceptions.JedisConnectionException: Could not get a resource from the pool
	at org.springframework.data.redis.core.DefaultValueOperationsTests.tearDown(DefaultValueOperationsTests.java:91)
Caused by: redis.clients.jedis.exceptions.JedisConnectionException: java.net.ConnectException: Conexão recusada
	at org.springframework.data.redis.core.DefaultValueOperationsTests.tearDown(DefaultValueOperationsTests.java:91)
Caused by: java.net.ConnectException: Conexão recusada
	at org.springframework.data.redis.core.DefaultValueOperationsTests.tearDown(DefaultValueOperationsTests.java:91)
</error>
  </testcase>
  <testcase name="testSetAndGetBit[2]" classname="org.springframework.data.redis.core.DefaultValueOperationsTests" time="0.001">
    <error message="got: &lt;false&gt;, expected: is &lt;true&gt;" type="org.junit.AssumptionViolatedException"><![CDATA[org.junit.AssumptionViolatedException: got: <false>, expected: is <true>
	at org.springframework.data.redis.core.DefaultValueOperationsTests.testSetAndGetBit(DefaultValueOperationsTests.java:296)
]]></error>
  </testcase>
  <testcase name="testSetAndGetBit[2]" classname="org.springframework.data.redis.core.DefaultValueOperationsTests" time="0.002">
    <error message="Cannot get Jedis connection; nested exception is redis.clients.jedis.exceptions.JedisConnectionException: Could not get a resource from the pool" type="org.springframework.data.redis.RedisConnectionFailureException">org.springframework.data.redis.RedisConnectionFailureException: Cannot get Jedis connection; nested exception is redis.clients.jedis.exceptions.JedisConnectionException: Could not get a resource from the pool
	at org.springframework.data.redis.core.DefaultValueOperationsTests.tearDown(DefaultValueOperationsTests.java:91)
Caused by: redis.clients.jedis.exceptions.JedisConnectionException: Could not get a resource from the pool
	at org.springframework.data.redis.core.DefaultValueOperationsTests.tearDown(DefaultValueOperationsTests.java:91)
Caused by: redis.clients.jedis.exceptions.JedisConnectionException: java.net.ConnectException: Conexão recusada
	at org.springframework.data.redis.core.DefaultValueOperationsTests.tearDown(DefaultValueOperationsTests.java:91)
Caused by: java.net.ConnectException: Conexão recusada
	at org.springframework.data.redis.core.DefaultValueOperationsTests.tearDown(DefaultValueOperationsTests.java:91)
</error>
  </testcase>
  <testcase name="testGetRange[2]" classname="org.springframework.data.redis.core.DefaultValueOperationsTests" time="0.001">
    <error message="got: &lt;false&gt;, expected: is &lt;true&gt;" type="org.junit.AssumptionViolatedException"><![CDATA[org.junit.AssumptionViolatedException: got: <false>, expected: is <true>
	at org.springframework.data.redis.core.DefaultValueOperationsTests.testGetRange(DefaultValueOperationsTests.java:231)
]]></error>
  </testcase>
  <testcase name="testGetRange[2]" classname="org.springframework.data.redis.core.DefaultValueOperationsTests" time="0.001">
    <error message="Cannot get Jedis connection; nested exception is redis.clients.jedis.exceptions.JedisConnectionException: Could not get a resource from the pool" type="org.springframework.data.redis.RedisConnectionFailureException">org.springframework.data.redis.RedisConnectionFailureException: Cannot get Jedis connection; nested exception is redis.clients.jedis.exceptions.JedisConnectionException: Could not get a resource from the pool
	at org.springframework.data.redis.core.DefaultValueOperationsTests.tearDown(DefaultValueOperationsTests.java:91)
Caused by: redis.clients.jedis.exceptions.JedisConnectionException: Could not get a resource from the pool
	at org.springframework.data.redis.core.DefaultValueOperationsTests.tearDown(DefaultValueOperationsTests.java:91)
Caused by: redis.clients.jedis.exceptions.JedisConnectionException: java.net.ConnectException: Conexão recusada
	at org.springframework.data.redis.core.DefaultValueOperationsTests.tearDown(DefaultValueOperationsTests.java:91)
Caused by: java.net.ConnectException: Conexão recusada
	at org.springframework.data.redis.core.DefaultValueOperationsTests.tearDown(DefaultValueOperationsTests.java:91)
</error>
  </testcase>
  <testcase name="testSize[2]" classname="org.springframework.data.redis.core.DefaultValueOperationsTests" time="0.002">
    <error message="Cannot get Jedis connection; nested exception is redis.clients.jedis.exceptions.JedisConnectionException: Could not get a resource from the pool" type="org.springframework.data.redis.RedisConnectionFailureException">org.springframework.data.redis.RedisConnectionFailureException: Cannot get Jedis connection; nested exception is redis.clients.jedis.exceptions.JedisConnectionException: Could not get a resource from the pool
	at org.springframework.data.redis.core.DefaultValueOperationsTests.testSize(DefaultValueOperationsTests.java:260)
Caused by: redis.clients.jedis.exceptions.JedisConnectionException: Could not get a resource from the pool
	at org.springframework.data.redis.core.DefaultValueOperationsTests.testSize(DefaultValueOperationsTests.java:260)
Caused by: redis.clients.jedis.exceptions.JedisConnectionException: java.net.ConnectException: Conexão recusada
	at org.springframework.data.redis.core.DefaultValueOperationsTests.testSize(DefaultValueOperationsTests.java:260)
Caused by: java.net.ConnectException: Conexão recusada
	at org.springframework.data.redis.core.DefaultValueOperationsTests.testSize(DefaultValueOperationsTests.java:260)
</error>
  </testcase>
  <testcase name="testSize[2]" classname="org.springframework.data.redis.core.DefaultValueOperationsTests" time="0.003">
    <error message="Cannot get Jedis connection; nested exception is redis.clients.jedis.exceptions.JedisConnectionException: Could not get a resource from the pool" type="org.springframework.data.redis.RedisConnectionFailureException">org.springframework.data.redis.RedisConnectionFailureException: Cannot get Jedis connection; nested exception is redis.clients.jedis.exceptions.JedisConnectionException: Could not get a resource from the pool
	at org.springframework.data.redis.core.DefaultValueOperationsTests.tearDown(DefaultValueOperationsTests.java:91)
Caused by: redis.clients.jedis.exceptions.JedisConnectionException: Could not get a resource from the pool
	at org.springframework.data.redis.core.DefaultValueOperationsTests.tearDown(DefaultValueOperationsTests.java:91)
Caused by: redis.clients.jedis.exceptions.JedisConnectionException: java.net.ConnectException: Conexão recusada
	at org.springframework.data.redis.core.DefaultValueOperationsTests.tearDown(DefaultValueOperationsTests.java:91)
Caused by: java.net.ConnectException: Conexão recusada
	at org.springframework.data.redis.core.DefaultValueOperationsTests.tearDown(DefaultValueOperationsTests.java:91)
</error>
  </testcase>
  <testcase name="testMultiSetIfAbsentFailure[2]" classname="org.springframework.data.redis.core.DefaultValueOperationsTests" time="0.002">
    <error message="Cannot get Jedis connection; nested exception is redis.clients.jedis.exceptions.JedisConnectionException: Could not get a resource from the pool" type="org.springframework.data.redis.RedisConnectionFailureException">org.springframework.data.redis.RedisConnectionFailureException: Cannot get Jedis connection; nested exception is redis.clients.jedis.exceptions.JedisConnectionException: Could not get a resource from the pool
	at org.springframework.data.redis.core.DefaultValueOperationsTests.testMultiSetIfAbsentFailure(DefaultValueOperationsTests.java:150)
Caused by: redis.clients.jedis.exceptions.JedisConnectionException: Could not get a resource from the pool
	at org.springframework.data.redis.core.DefaultValueOperationsTests.testMultiSetIfAbsentFailure(DefaultValueOperationsTests.java:150)
Caused by: redis.clients.jedis.exceptions.JedisConnectionException: java.net.ConnectException: Conexão recusada
	at org.springframework.data.redis.core.DefaultValueOperationsTests.testMultiSetIfAbsentFailure(DefaultValueOperationsTests.java:150)
Caused by: java.net.ConnectException: Conexão recusada
	at org.springframework.data.redis.core.DefaultValueOperationsTests.testMultiSetIfAbsentFailure(DefaultValueOperationsTests.java:150)
</error>
  </testcase>
  <testcase name="testMultiSetIfAbsentFailure[2]" classname="org.springframework.data.redis.core.DefaultValueOperationsTests" time="0.003">
    <error message="Cannot get Jedis connection; nested exception is redis.clients.jedis.exceptions.JedisConnectionException: Could not get a resource from the pool" type="org.springframework.data.redis.RedisConnectionFailureException">org.springframework.data.redis.RedisConnectionFailureException: Cannot get Jedis connection; nested exception is redis.clients.jedis.exceptions.JedisConnectionException: Could not get a resource from the pool
	at org.springframework.data.redis.core.DefaultValueOperationsTests.tearDown(DefaultValueOperationsTests.java:91)
Caused by: redis.clients.jedis.exceptions.JedisConnectionException: Could not get a resource from the pool
	at org.springframework.data.redis.core.DefaultValueOperationsTests.tearDown(DefaultValueOperationsTests.java:91)
Caused by: redis.clients.jedis.exceptions.JedisConnectionException: java.net.ConnectException: Conexão recusada
	at org.springframework.data.redis.core.DefaultValueOperationsTests.tearDown(DefaultValueOperationsTests.java:91)
Caused by: java.net.ConnectException: Conexão recusada
	at org.springframework.data.redis.core.DefaultValueOperationsTests.tearDown(DefaultValueOperationsTests.java:91)
</error>
  </testcase>
  <testcase name="testIncrementDouble[2]" classname="org.springframework.data.redis.core.DefaultValueOperationsTests" time="0.003">
    <error message="Could not initialize class org.springframework.data.redis.RedisTestProfileValueSource" type="java.lang.NoClassDefFoundError">java.lang.NoClassDefFoundError: Could not initialize class org.springframework.data.redis.RedisTestProfileValueSource
	at org.springframework.data.redis.core.DefaultValueOperationsTests.testIncrementDouble(DefaultValueOperationsTests.java:117)
</error>
  </testcase>
  <testcase name="testIncrementDouble[2]" classname="org.springframework.data.redis.core.DefaultValueOperationsTests" time="0.003">
    <error message="Cannot get Jedis connection; nested exception is redis.clients.jedis.exceptions.JedisConnectionException: Could not get a resource from the pool" type="org.springframework.data.redis.RedisConnectionFailureException">org.springframework.data.redis.RedisConnectionFailureException: Cannot get Jedis connection; nested exception is redis.clients.jedis.exceptions.JedisConnectionException: Could not get a resource from the pool
	at org.springframework.data.redis.core.DefaultValueOperationsTests.tearDown(DefaultValueOperationsTests.java:91)
Caused by: redis.clients.jedis.exceptions.JedisConnectionException: Could not get a resource from the pool
	at org.springframework.data.redis.core.DefaultValueOperationsTests.tearDown(DefaultValueOperationsTests.java:91)
Caused by: redis.clients.jedis.exceptions.JedisConnectionException: java.net.ConnectException: Conexão recusada
	at org.springframework.data.redis.core.DefaultValueOperationsTests.tearDown(DefaultValueOperationsTests.java:91)
Caused by: java.net.ConnectException: Conexão recusada
	at org.springframework.data.redis.core.DefaultValueOperationsTests.tearDown(DefaultValueOperationsTests.java:91)
</error>
  </testcase>
  <testcase name="testSetWithExpirationWithTimeUnitMilliseconds[2]" classname="org.springframework.data.redis.core.DefaultValueOperationsTests" time="0.001">
    <error message="Could not initialize class org.springframework.data.redis.RedisTestProfileValueSource" type="java.lang.NoClassDefFoundError">java.lang.NoClassDefFoundError: Could not initialize class org.springframework.data.redis.RedisTestProfileValueSource
	at org.springframework.data.redis.core.DefaultValueOperationsTests.testSetWithExpirationWithTimeUnitMilliseconds(DefaultValueOperationsTests.java:206)
</error>
  </testcase>
  <testcase name="testSetWithExpirationWithTimeUnitMilliseconds[2]" classname="org.springframework.data.redis.core.DefaultValueOperationsTests" time="0.001">
    <error message="Cannot get Jedis connection; nested exception is redis.clients.jedis.exceptions.JedisConnectionException: Could not get a resource from the pool" type="org.springframework.data.redis.RedisConnectionFailureException">org.springframework.data.redis.RedisConnectionFailureException: Cannot get Jedis connection; nested exception is redis.clients.jedis.exceptions.JedisConnectionException: Could not get a resource from the pool
	at org.springframework.data.redis.core.DefaultValueOperationsTests.tearDown(DefaultValueOperationsTests.java:91)
Caused by: redis.clients.jedis.exceptions.JedisConnectionException: Could not get a resource from the pool
	at org.springframework.data.redis.core.DefaultValueOperationsTests.tearDown(DefaultValueOperationsTests.java:91)
Caused by: redis.clients.jedis.exceptions.JedisConnectionException: java.net.ConnectException: Conexão recusada
	at org.springframework.data.redis.core.DefaultValueOperationsTests.tearDown(DefaultValueOperationsTests.java:91)
Caused by: java.net.ConnectException: Conexão recusada
	at org.springframework.data.redis.core.DefaultValueOperationsTests.tearDown(DefaultValueOperationsTests.java:91)
</error>
  </testcase>
  <testcase name="testRawKeys[2]" classname="org.springframework.data.redis.core.DefaultValueOperationsTests" time="0.001">
    <error message="Cannot get Jedis connection; nested exception is redis.clients.jedis.exceptions.JedisConnectionException: Could not get a resource from the pool" type="org.springframework.data.redis.RedisConnectionFailureException">org.springframework.data.redis.RedisConnectionFailureException: Cannot get Jedis connection; nested exception is redis.clients.jedis.exceptions.JedisConnectionException: Could not get a resource from the pool
	at org.springframework.data.redis.core.DefaultValueOperationsTests.tearDown(DefaultValueOperationsTests.java:91)
Caused by: redis.clients.jedis.exceptions.JedisConnectionException: Could not get a resource from the pool
	at org.springframework.data.redis.core.DefaultValueOperationsTests.tearDown(DefaultValueOperationsTests.java:91)
Caused by: redis.clients.jedis.exceptions.JedisConnectionException: java.net.ConnectException: Conexão recusada
	at org.springframework.data.redis.core.DefaultValueOperationsTests.tearDown(DefaultValueOperationsTests.java:91)
Caused by: java.net.ConnectException: Conexão recusada
	at org.springframework.data.redis.core.DefaultValueOperationsTests.tearDown(DefaultValueOperationsTests.java:91)
</error>
  </testcase>
  <testcase name="testGetAndSet[2]" classname="org.springframework.data.redis.core.DefaultValueOperationsTests" time="0.002">
    <error message="Cannot get Jedis connection; nested exception is redis.clients.jedis.exceptions.JedisConnectionException: Could not get a resource from the pool" type="org.springframework.data.redis.RedisConnectionFailureException">org.springframework.data.redis.RedisConnectionFailureException: Cannot get Jedis connection; nested exception is redis.clients.jedis.exceptions.JedisConnectionException: Could not get a resource from the pool
	at org.springframework.data.redis.core.DefaultValueOperationsTests.testGetAndSet(DefaultValueOperationsTests.java:183)
Caused by: redis.clients.jedis.exceptions.JedisConnectionException: Could not get a resource from the pool
	at org.springframework.data.redis.core.DefaultValueOperationsTests.testGetAndSet(DefaultValueOperationsTests.java:183)
Caused by: redis.clients.jedis.exceptions.JedisConnectionException: java.net.ConnectException: Conexão recusada
	at org.springframework.data.redis.core.DefaultValueOperationsTests.testGetAndSet(DefaultValueOperationsTests.java:183)
Caused by: java.net.ConnectException: Conexão recusada
	at org.springframework.data.redis.core.DefaultValueOperationsTests.testGetAndSet(DefaultValueOperationsTests.java:183)
</error>
  </testcase>
  <testcase name="testGetAndSet[2]" classname="org.springframework.data.redis.core.DefaultValueOperationsTests" time="0.003">
    <error message="Cannot get Jedis connection; nested exception is redis.clients.jedis.exceptions.JedisConnectionException: Could not get a resource from the pool" type="org.springframework.data.redis.RedisConnectionFailureException">org.springframework.data.redis.RedisConnectionFailureException: Cannot get Jedis connection; nested exception is redis.clients.jedis.exceptions.JedisConnectionException: Could not get a resource from the pool
	at org.springframework.data.redis.core.DefaultValueOperationsTests.tearDown(DefaultValueOperationsTests.java:91)
Caused by: redis.clients.jedis.exceptions.JedisConnectionException: Could not get a resource from the pool
	at org.springframework.data.redis.core.DefaultValueOperationsTests.tearDown(DefaultValueOperationsTests.java:91)
Caused by: redis.clients.jedis.exceptions.JedisConnectionException: java.net.ConnectException: Conexão recusada
	at org.springframework.data.redis.core.DefaultValueOperationsTests.tearDown(DefaultValueOperationsTests.java:91)
Caused by: java.net.ConnectException: Conexão recusada
	at org.springframework.data.redis.core.DefaultValueOperationsTests.tearDown(DefaultValueOperationsTests.java:91)
</error>
  </testcase>
  <testcase name="testDeserializeKey[2]" classname="org.springframework.data.redis.core.DefaultValueOperationsTests" time="0.001">
    <error message="got: &lt;false&gt;, expected: is &lt;true&gt;" type="org.junit.AssumptionViolatedException"><![CDATA[org.junit.AssumptionViolatedException: got: <false>, expected: is <true>
	at org.springframework.data.redis.core.DefaultValueOperationsTests.testDeserializeKey(DefaultValueOperationsTests.java:286)
]]></error>
  </testcase>
  <testcase name="testDeserializeKey[2]" classname="org.springframework.data.redis.core.DefaultValueOperationsTests" time="0.002">
    <error message="Cannot get Jedis connection; nested exception is redis.clients.jedis.exceptions.JedisConnectionException: Could not get a resource from the pool" type="org.springframework.data.redis.RedisConnectionFailureException">org.springframework.data.redis.RedisConnectionFailureException: Cannot get Jedis connection; nested exception is redis.clients.jedis.exceptions.JedisConnectionException: Could not get a resource from the pool
	at org.springframework.data.redis.core.DefaultValueOperationsTests.tearDown(DefaultValueOperationsTests.java:91)
Caused by: redis.clients.jedis.exceptions.JedisConnectionException: Could not get a resource from the pool
	at org.springframework.data.redis.core.DefaultValueOperationsTests.tearDown(DefaultValueOperationsTests.java:91)
Caused by: redis.clients.jedis.exceptions.JedisConnectionException: java.net.ConnectException: Conexão recusada
	at org.springframework.data.redis.core.DefaultValueOperationsTests.tearDown(DefaultValueOperationsTests.java:91)
Caused by: java.net.ConnectException: Conexão recusada
	at org.springframework.data.redis.core.DefaultValueOperationsTests.tearDown(DefaultValueOperationsTests.java:91)
</error>
  </testcase>
  <testcase name="testSetWithExpiration[2]" classname="org.springframework.data.redis.core.DefaultValueOperationsTests" time="0.004">
    <error message="Could not initialize class org.springframework.data.redis.RedisTestProfileValueSource" type="java.lang.NoClassDefFoundError">java.lang.NoClassDefFoundError: Could not initialize class org.springframework.data.redis.RedisTestProfileValueSource
	at org.springframework.data.redis.core.DefaultValueOperationsTests.testSetWithExpiration(DefaultValueOperationsTests.java:189)
</error>
  </testcase>
  <testcase name="testSetWithExpiration[2]" classname="org.springframework.data.redis.core.DefaultValueOperationsTests" time="0.004">
    <error message="Cannot get Jedis connection; nested exception is redis.clients.jedis.exceptions.JedisConnectionException: Could not get a resource from the pool" type="org.springframework.data.redis.RedisConnectionFailureException">org.springframework.data.redis.RedisConnectionFailureException: Cannot get Jedis connection; nested exception is redis.clients.jedis.exceptions.JedisConnectionException: Could not get a resource from the pool
	at org.springframework.data.redis.core.DefaultValueOperationsTests.tearDown(DefaultValueOperationsTests.java:91)
Caused by: redis.clients.jedis.exceptions.JedisConnectionException: Could not get a resource from the pool
	at org.springframework.data.redis.core.DefaultValueOperationsTests.tearDown(DefaultValueOperationsTests.java:91)
Caused by: redis.clients.jedis.exceptions.JedisConnectionException: java.net.ConnectException: Conexão recusada
	at org.springframework.data.redis.core.DefaultValueOperationsTests.tearDown(DefaultValueOperationsTests.java:91)
Caused by: java.net.ConnectException: Conexão recusada
	at org.springframework.data.redis.core.DefaultValueOperationsTests.tearDown(DefaultValueOperationsTests.java:91)
</error>
  </testcase>
  <testcase name="testAppend[2]" classname="org.springframework.data.redis.core.DefaultValueOperationsTests" time="0.002">
    <error message="got: &lt;false&gt;, expected: is &lt;true&gt;" type="org.junit.AssumptionViolatedException"><![CDATA[org.junit.AssumptionViolatedException: got: <false>, expected: is <true>
	at org.springframework.data.redis.core.DefaultValueOperationsTests.testAppend(DefaultValueOperationsTests.java:221)
]]></error>
  </testcase>
  <testcase name="testAppend[2]" classname="org.springframework.data.redis.core.DefaultValueOperationsTests" time="0.004">
    <error message="Cannot get Jedis connection; nested exception is redis.clients.jedis.exceptions.JedisConnectionException: Could not get a resource from the pool" type="org.springframework.data.redis.RedisConnectionFailureException">org.springframework.data.redis.RedisConnectionFailureException: Cannot get Jedis connection; nested exception is redis.clients.jedis.exceptions.JedisConnectionException: Could not get a resource from the pool
	at org.springframework.data.redis.core.DefaultValueOperationsTests.tearDown(DefaultValueOperationsTests.java:91)
Caused by: redis.clients.jedis.exceptions.JedisConnectionException: Could not get a resource from the pool
	at org.springframework.data.redis.core.DefaultValueOperationsTests.tearDown(DefaultValueOperationsTests.java:91)
Caused by: redis.clients.jedis.exceptions.JedisConnectionException: java.net.ConnectException: Conexão recusada
	at org.springframework.data.redis.core.DefaultValueOperationsTests.tearDown(DefaultValueOperationsTests.java:91)
Caused by: java.net.ConnectException: Conexão recusada
	at org.springframework.data.redis.core.DefaultValueOperationsTests.tearDown(DefaultValueOperationsTests.java:91)
</error>
  </testcase>
  <testcase name="testIncrementLong[2]" classname="org.springframework.data.redis.core.DefaultValueOperationsTests" time="0.002">
    <error message="got: &lt;false&gt;, expected: is &lt;true&gt;" type="org.junit.AssumptionViolatedException"><![CDATA[org.junit.AssumptionViolatedException: got: <false>, expected: is <true>
	at org.springframework.data.redis.core.DefaultValueOperationsTests.testIncrementLong(DefaultValueOperationsTests.java:103)
]]></error>
  </testcase>
  <testcase name="testIncrementLong[2]" classname="org.springframework.data.redis.core.DefaultValueOperationsTests" time="0.002">
    <error message="Cannot get Jedis connection; nested exception is redis.clients.jedis.exceptions.JedisConnectionException: Could not get a resource from the pool" type="org.springframework.data.redis.RedisConnectionFailureException">org.springframework.data.redis.RedisConnectionFailureException: Cannot get Jedis connection; nested exception is redis.clients.jedis.exceptions.JedisConnectionException: Could not get a resource from the pool
	at org.springframework.data.redis.core.DefaultValueOperationsTests.tearDown(DefaultValueOperationsTests.java:91)
Caused by: redis.clients.jedis.exceptions.JedisConnectionException: Could not get a resource from the pool
	at org.springframework.data.redis.core.DefaultValueOperationsTests.tearDown(DefaultValueOperationsTests.java:91)
Caused by: redis.clients.jedis.exceptions.JedisConnectionException: java.net.ConnectException: Conexão recusada
	at org.springframework.data.redis.core.DefaultValueOperationsTests.tearDown(DefaultValueOperationsTests.java:91)
Caused by: java.net.ConnectException: Conexão recusada
	at org.springframework.data.redis.core.DefaultValueOperationsTests.tearDown(DefaultValueOperationsTests.java:91)
</error>
  </testcase>
  <testcase name="testMultiSet[2]" classname="org.springframework.data.redis.core.DefaultValueOperationsTests" time="0.003">
    <error message="Cannot get Jedis connection; nested exception is redis.clients.jedis.exceptions.JedisConnectionException: Could not get a resource from the pool" type="org.springframework.data.redis.RedisConnectionFailureException">org.springframework.data.redis.RedisConnectionFailureException: Cannot get Jedis connection; nested exception is redis.clients.jedis.exceptions.JedisConnectionException: Could not get a resource from the pool
	at org.springframework.data.redis.core.DefaultValueOperationsTests.testMultiSet(DefaultValueOperationsTests.java:166)
Caused by: redis.clients.jedis.exceptions.JedisConnectionException: Could not get a resource from the pool
	at org.springframework.data.redis.core.DefaultValueOperationsTests.testMultiSet(DefaultValueOperationsTests.java:166)
Caused by: redis.clients.jedis.exceptions.JedisConnectionException: java.net.ConnectException: Conexão recusada
	at org.springframework.data.redis.core.DefaultValueOperationsTests.testMultiSet(DefaultValueOperationsTests.java:166)
Caused by: java.net.ConnectException: Conexão recusada
	at org.springframework.data.redis.core.DefaultValueOperationsTests.testMultiSet(DefaultValueOperationsTests.java:166)
</error>
  </testcase>
  <testcase name="testMultiSet[2]" classname="org.springframework.data.redis.core.DefaultValueOperationsTests" time="0.003">
    <error message="Cannot get Jedis connection; nested exception is redis.clients.jedis.exceptions.JedisConnectionException: Could not get a resource from the pool" type="org.springframework.data.redis.RedisConnectionFailureException">org.springframework.data.redis.RedisConnectionFailureException: Cannot get Jedis connection; nested exception is redis.clients.jedis.exceptions.JedisConnectionException: Could not get a resource from the pool
	at org.springframework.data.redis.core.DefaultValueOperationsTests.tearDown(DefaultValueOperationsTests.java:91)
Caused by: redis.clients.jedis.exceptions.JedisConnectionException: Could not get a resource from the pool
	at org.springframework.data.redis.core.DefaultValueOperationsTests.tearDown(DefaultValueOperationsTests.java:91)
Caused by: redis.clients.jedis.exceptions.JedisConnectionException: java.net.ConnectException: Conexão recusada
	at org.springframework.data.redis.core.DefaultValueOperationsTests.tearDown(DefaultValueOperationsTests.java:91)
Caused by: java.net.ConnectException: Conexão recusada
	at org.springframework.data.redis.core.DefaultValueOperationsTests.tearDown(DefaultValueOperationsTests.java:91)
</error>
  </testcase>
  <testcase name="testGetSet[2]" classname="org.springframework.data.redis.core.DefaultValueOperationsTests" time="0.001">
    <error message="Cannot get Jedis connection; nested exception is redis.clients.jedis.exceptions.JedisConnectionException: Could not get a resource from the pool" type="org.springframework.data.redis.RedisConnectionFailureException">org.springframework.data.redis.RedisConnectionFailureException: Cannot get Jedis connection; nested exception is redis.clients.jedis.exceptions.JedisConnectionException: Could not get a resource from the pool
	at org.springframework.data.redis.core.DefaultValueOperationsTests.testGetSet(DefaultValueOperationsTests.java:174)
Caused by: redis.clients.jedis.exceptions.JedisConnectionException: Could not get a resource from the pool
	at org.springframework.data.redis.core.DefaultValueOperationsTests.testGetSet(DefaultValueOperationsTests.java:174)
Caused by: redis.clients.jedis.exceptions.JedisConnectionException: java.net.ConnectException: Conexão recusada
	at org.springframework.data.redis.core.DefaultValueOperationsTests.testGetSet(DefaultValueOperationsTests.java:174)
Caused by: java.net.ConnectException: Conexão recusada
	at org.springframework.data.redis.core.DefaultValueOperationsTests.testGetSet(DefaultValueOperationsTests.java:174)
</error>
  </testcase>
  <testcase name="testGetSet[2]" classname="org.springframework.data.redis.core.DefaultValueOperationsTests" time="0.001">
    <error message="Cannot get Jedis connection; nested exception is redis.clients.jedis.exceptions.JedisConnectionException: Could not get a resource from the pool" type="org.springframework.data.redis.RedisConnectionFailureException">org.springframework.data.redis.RedisConnectionFailureException: Cannot get Jedis connection; nested exception is redis.clients.jedis.exceptions.JedisConnectionException: Could not get a resource from the pool
	at org.springframework.data.redis.core.DefaultValueOperationsTests.tearDown(DefaultValueOperationsTests.java:91)
Caused by: redis.clients.jedis.exceptions.JedisConnectionException: Could not get a resource from the pool
	at org.springframework.data.redis.core.DefaultValueOperationsTests.tearDown(DefaultValueOperationsTests.java:91)
Caused by: redis.clients.jedis.exceptions.JedisConnectionException: java.net.ConnectException: Conexão recusada
	at org.springframework.data.redis.core.DefaultValueOperationsTests.tearDown(DefaultValueOperationsTests.java:91)
Caused by: java.net.ConnectException: Conexão recusada
	at org.springframework.data.redis.core.DefaultValueOperationsTests.tearDown(DefaultValueOperationsTests.java:91)
</error>
  </testcase>
  <testcase name="testMultiSetIfAbsent[2]" classname="org.springframework.data.redis.core.DefaultValueOperationsTests" time="0.001">
    <error message="Cannot get Jedis connection; nested exception is redis.clients.jedis.exceptions.JedisConnectionException: Could not get a resource from the pool" type="org.springframework.data.redis.RedisConnectionFailureException">org.springframework.data.redis.RedisConnectionFailureException: Cannot get Jedis connection; nested exception is redis.clients.jedis.exceptions.JedisConnectionException: Could not get a resource from the pool
	at org.springframework.data.redis.core.DefaultValueOperationsTests.testMultiSetIfAbsent(DefaultValueOperationsTests.java:139)
Caused by: redis.clients.jedis.exceptions.JedisConnectionException: Could not get a resource from the pool
	at org.springframework.data.redis.core.DefaultValueOperationsTests.testMultiSetIfAbsent(DefaultValueOperationsTests.java:139)
Caused by: redis.clients.jedis.exceptions.JedisConnectionException: java.net.ConnectException: Conexão recusada
	at org.springframework.data.redis.core.DefaultValueOperationsTests.testMultiSetIfAbsent(DefaultValueOperationsTests.java:139)
Caused by: java.net.ConnectException: Conexão recusada
	at org.springframework.data.redis.core.DefaultValueOperationsTests.testMultiSetIfAbsent(DefaultValueOperationsTests.java:139)
</error>
  </testcase>
  <testcase name="testMultiSetIfAbsent[2]" classname="org.springframework.data.redis.core.DefaultValueOperationsTests" time="0.001">
    <error message="Cannot get Jedis connection; nested exception is redis.clients.jedis.exceptions.JedisConnectionException: Could not get a resource from the pool" type="org.springframework.data.redis.RedisConnectionFailureException">org.springframework.data.redis.RedisConnectionFailureException: Cannot get Jedis connection; nested exception is redis.clients.jedis.exceptions.JedisConnectionException: Could not get a resource from the pool
	at org.springframework.data.redis.core.DefaultValueOperationsTests.tearDown(DefaultValueOperationsTests.java:91)
Caused by: redis.clients.jedis.exceptions.JedisConnectionException: Could not get a resource from the pool
	at org.springframework.data.redis.core.DefaultValueOperationsTests.tearDown(DefaultValueOperationsTests.java:91)
Caused by: redis.clients.jedis.exceptions.JedisConnectionException: java.net.ConnectException: Conexão recusada
	at org.springframework.data.redis.core.DefaultValueOperationsTests.tearDown(DefaultValueOperationsTests.java:91)
Caused by: java.net.ConnectException: Conexão recusada
	at org.springframework.data.redis.core.DefaultValueOperationsTests.tearDown(DefaultValueOperationsTests.java:91)
</error>
  </testcase>
  <testcase name="testSetIfAbsent[2]" classname="org.springframework.data.redis.core.DefaultValueOperationsTests" time="0.001">
    <error message="Cannot get Jedis connection; nested exception is redis.clients.jedis.exceptions.JedisConnectionException: Could not get a resource from the pool" type="org.springframework.data.redis.RedisConnectionFailureException">org.springframework.data.redis.RedisConnectionFailureException: Cannot get Jedis connection; nested exception is redis.clients.jedis.exceptions.JedisConnectionException: Could not get a resource from the pool
	at org.springframework.data.redis.core.DefaultValueOperationsTests.testSetIfAbsent(DefaultValueOperationsTests.java:252)
Caused by: redis.clients.jedis.exceptions.JedisConnectionException: Could not get a resource from the pool
	at org.springframework.data.redis.core.DefaultValueOperationsTests.testSetIfAbsent(DefaultValueOperationsTests.java:252)
Caused by: redis.clients.jedis.exceptions.JedisConnectionException: java.net.ConnectException: Conexão recusada
	at org.springframework.data.redis.core.DefaultValueOperationsTests.testSetIfAbsent(DefaultValueOperationsTests.java:252)
Caused by: java.net.ConnectException: Conexão recusada
	at org.springframework.data.redis.core.DefaultValueOperationsTests.testSetIfAbsent(DefaultValueOperationsTests.java:252)
</error>
  </testcase>
  <testcase name="testSetIfAbsent[2]" classname="org.springframework.data.redis.core.DefaultValueOperationsTests" time="0.001">
    <error message="Cannot get Jedis connection; nested exception is redis.clients.jedis.exceptions.JedisConnectionException: Could not get a resource from the pool" type="org.springframework.data.redis.RedisConnectionFailureException">org.springframework.data.redis.RedisConnectionFailureException: Cannot get Jedis connection; nested exception is redis.clients.jedis.exceptions.JedisConnectionException: Could not get a resource from the pool
	at org.springframework.data.redis.core.DefaultValueOperationsTests.tearDown(DefaultValueOperationsTests.java:91)
Caused by: redis.clients.jedis.exceptions.JedisConnectionException: Could not get a resource from the pool
	at org.springframework.data.redis.core.DefaultValueOperationsTests.tearDown(DefaultValueOperationsTests.java:91)
Caused by: redis.clients.jedis.exceptions.JedisConnectionException: java.net.ConnectException: Conexão recusada
	at org.springframework.data.redis.core.DefaultValueOperationsTests.tearDown(DefaultValueOperationsTests.java:91)
Caused by: java.net.ConnectException: Conexão recusada
	at org.springframework.data.redis.core.DefaultValueOperationsTests.tearDown(DefaultValueOperationsTests.java:91)
</error>
  </testcase>
  <testcase name="testRawKeysCollection[2]" classname="org.springframework.data.redis.core.DefaultValueOperationsTests" time="0.001">
    <error message="Cannot get Jedis connection; nested exception is redis.clients.jedis.exceptions.JedisConnectionException: Could not get a resource from the pool" type="org.springframework.data.redis.RedisConnectionFailureException">org.springframework.data.redis.RedisConnectionFailureException: Cannot get Jedis connection; nested exception is redis.clients.jedis.exceptions.JedisConnectionException: Could not get a resource from the pool
	at org.springframework.data.redis.core.DefaultValueOperationsTests.tearDown(DefaultValueOperationsTests.java:91)
Caused by: redis.clients.jedis.exceptions.JedisConnectionException: Could not get a resource from the pool
	at org.springframework.data.redis.core.DefaultValueOperationsTests.tearDown(DefaultValueOperationsTests.java:91)
Caused by: redis.clients.jedis.exceptions.JedisConnectionException: java.net.ConnectException: Conexão recusada
	at org.springframework.data.redis.core.DefaultValueOperationsTests.tearDown(DefaultValueOperationsTests.java:91)
Caused by: java.net.ConnectException: Conexão recusada
	at org.springframework.data.redis.core.DefaultValueOperationsTests.tearDown(DefaultValueOperationsTests.java:91)
</error>
  </testcase>
  <testcase name="testSetRange[2]" classname="org.springframework.data.redis.core.DefaultValueOperationsTests" time="0.001">
    <error message="got: &lt;false&gt;, expected: is &lt;true&gt;" type="org.junit.AssumptionViolatedException"><![CDATA[org.junit.AssumptionViolatedException: got: <false>, expected: is <true>
	at org.springframework.data.redis.core.DefaultValueOperationsTests.testSetRange(DefaultValueOperationsTests.java:241)
]]></error>
  </testcase>
  <testcase name="testSetRange[2]" classname="org.springframework.data.redis.core.DefaultValueOperationsTests" time="0.001">
    <error message="Cannot get Jedis connection; nested exception is redis.clients.jedis.exceptions.JedisConnectionException: Could not get a resource from the pool" type="org.springframework.data.redis.RedisConnectionFailureException">org.springframework.data.redis.RedisConnectionFailureException: Cannot get Jedis connection; nested exception is redis.clients.jedis.exceptions.JedisConnectionException: Could not get a resource from the pool
	at org.springframework.data.redis.core.DefaultValueOperationsTests.tearDown(DefaultValueOperationsTests.java:91)
Caused by: redis.clients.jedis.exceptions.JedisConnectionException: Could not get a resource from the pool
	at org.springframework.data.redis.core.DefaultValueOperationsTests.tearDown(DefaultValueOperationsTests.java:91)
Caused by: redis.clients.jedis.exceptions.JedisConnectionException: java.net.ConnectException: Conexão recusada
	at org.springframework.data.redis.core.DefaultValueOperationsTests.tearDown(DefaultValueOperationsTests.java:91)
Caused by: java.net.ConnectException: Conexão recusada
	at org.springframework.data.redis.core.DefaultValueOperationsTests.tearDown(DefaultValueOperationsTests.java:91)
</error>
  </testcase>
  <testcase name="testSetAndGetBit[3]" classname="org.springframework.data.redis.core.DefaultValueOperationsTests" time="0.001">
    <error message="got: &lt;false&gt;, expected: is &lt;true&gt;" type="org.junit.AssumptionViolatedException"><![CDATA[org.junit.AssumptionViolatedException: got: <false>, expected: is <true>
	at org.springframework.data.redis.core.DefaultValueOperationsTests.testSetAndGetBit(DefaultValueOperationsTests.java:296)
]]></error>
  </testcase>
  <testcase name="testSetAndGetBit[3]" classname="org.springframework.data.redis.core.DefaultValueOperationsTests" time="0.001">
    <error message="Cannot get Jedis connection; nested exception is redis.clients.jedis.exceptions.JedisConnectionException: Could not get a resource from the pool" type="org.springframework.data.redis.RedisConnectionFailureException">org.springframework.data.redis.RedisConnectionFailureException: Cannot get Jedis connection; nested exception is redis.clients.jedis.exceptions.JedisConnectionException: Could not get a resource from the pool
	at org.springframework.data.redis.core.DefaultValueOperationsTests.tearDown(DefaultValueOperationsTests.java:91)
Caused by: redis.clients.jedis.exceptions.JedisConnectionException: Could not get a resource from the pool
	at org.springframework.data.redis.core.DefaultValueOperationsTests.tearDown(DefaultValueOperationsTests.java:91)
Caused by: redis.clients.jedis.exceptions.JedisConnectionException: java.net.ConnectException: Conexão recusada
	at org.springframework.data.redis.core.DefaultValueOperationsTests.tearDown(DefaultValueOperationsTests.java:91)
Caused by: java.net.ConnectException: Conexão recusada
	at org.springframework.data.redis.core.DefaultValueOperationsTests.tearDown(DefaultValueOperationsTests.java:91)
</error>
  </testcase>
  <testcase name="testGetRange[3]" classname="org.springframework.data.redis.core.DefaultValueOperationsTests" time="0.001">
    <error message="got: &lt;false&gt;, expected: is &lt;true&gt;" type="org.junit.AssumptionViolatedException"><![CDATA[org.junit.AssumptionViolatedException: got: <false>, expected: is <true>
	at org.springframework.data.redis.core.DefaultValueOperationsTests.testGetRange(DefaultValueOperationsTests.java:231)
]]></error>
  </testcase>
  <testcase name="testGetRange[3]" classname="org.springframework.data.redis.core.DefaultValueOperationsTests" time="0.001">
    <error message="Cannot get Jedis connection; nested exception is redis.clients.jedis.exceptions.JedisConnectionException: Could not get a resource from the pool" type="org.springframework.data.redis.RedisConnectionFailureException">org.springframework.data.redis.RedisConnectionFailureException: Cannot get Jedis connection; nested exception is redis.clients.jedis.exceptions.JedisConnectionException: Could not get a resource from the pool
	at org.springframework.data.redis.core.DefaultValueOperationsTests.tearDown(DefaultValueOperationsTests.java:91)
Caused by: redis.clients.jedis.exceptions.JedisConnectionException: Could not get a resource from the pool
	at org.springframework.data.redis.core.DefaultValueOperationsTests.tearDown(DefaultValueOperationsTests.java:91)
Caused by: redis.clients.jedis.exceptions.JedisConnectionException: java.net.ConnectException: Conexão recusada
	at org.springframework.data.redis.core.DefaultValueOperationsTests.tearDown(DefaultValueOperationsTests.java:91)
Caused by: java.net.ConnectException: Conexão recusada
	at org.springframework.data.redis.core.DefaultValueOperationsTests.tearDown(DefaultValueOperationsTests.java:91)
</error>
  </testcase>
  <testcase name="testSize[3]" classname="org.springframework.data.redis.core.DefaultValueOperationsTests" time="0.001">
    <error message="Cannot get Jedis connection; nested exception is redis.clients.jedis.exceptions.JedisConnectionException: Could not get a resource from the pool" type="org.springframework.data.redis.RedisConnectionFailureException">org.springframework.data.redis.RedisConnectionFailureException: Cannot get Jedis connection; nested exception is redis.clients.jedis.exceptions.JedisConnectionException: Could not get a resource from the pool
	at org.springframework.data.redis.core.DefaultValueOperationsTests.testSize(DefaultValueOperationsTests.java:260)
Caused by: redis.clients.jedis.exceptions.JedisConnectionException: Could not get a resource from the pool
	at org.springframework.data.redis.core.DefaultValueOperationsTests.testSize(DefaultValueOperationsTests.java:260)
Caused by: redis.clients.jedis.exceptions.JedisConnectionException: java.net.ConnectException: Conexão recusada
	at org.springframework.data.redis.core.DefaultValueOperationsTests.testSize(DefaultValueOperationsTests.java:260)
Caused by: java.net.ConnectException: Conexão recusada
	at org.springframework.data.redis.core.DefaultValueOperationsTests.testSize(DefaultValueOperationsTests.java:260)
</error>
  </testcase>
  <testcase name="testSize[3]" classname="org.springframework.data.redis.core.DefaultValueOperationsTests" time="0.001">
    <error message="Cannot get Jedis connection; nested exception is redis.clients.jedis.exceptions.JedisConnectionException: Could not get a resource from the pool" type="org.springframework.data.redis.RedisConnectionFailureException">org.springframework.data.redis.RedisConnectionFailureException: Cannot get Jedis connection; nested exception is redis.clients.jedis.exceptions.JedisConnectionException: Could not get a resource from the pool
	at org.springframework.data.redis.core.DefaultValueOperationsTests.tearDown(DefaultValueOperationsTests.java:91)
Caused by: redis.clients.jedis.exceptions.JedisConnectionException: Could not get a resource from the pool
	at org.springframework.data.redis.core.DefaultValueOperationsTests.tearDown(DefaultValueOperationsTests.java:91)
Caused by: redis.clients.jedis.exceptions.JedisConnectionException: java.net.ConnectException: Conexão recusada
	at org.springframework.data.redis.core.DefaultValueOperationsTests.tearDown(DefaultValueOperationsTests.java:91)
Caused by: java.net.ConnectException: Conexão recusada
	at org.springframework.data.redis.core.DefaultValueOperationsTests.tearDown(DefaultValueOperationsTests.java:91)
</error>
  </testcase>
  <testcase name="testMultiSetIfAbsentFailure[3]" classname="org.springframework.data.redis.core.DefaultValueOperationsTests" time="0.001">
    <error message="Cannot get Jedis connection; nested exception is redis.clients.jedis.exceptions.JedisConnectionException: Could not get a resource from the pool" type="org.springframework.data.redis.RedisConnectionFailureException">org.springframework.data.redis.RedisConnectionFailureException: Cannot get Jedis connection; nested exception is redis.clients.jedis.exceptions.JedisConnectionException: Could not get a resource from the pool
	at org.springframework.data.redis.core.DefaultValueOperationsTests.testMultiSetIfAbsentFailure(DefaultValueOperationsTests.java:150)
Caused by: redis.clients.jedis.exceptions.JedisConnectionException: Could not get a resource from the pool
	at org.springframework.data.redis.core.DefaultValueOperationsTests.testMultiSetIfAbsentFailure(DefaultValueOperationsTests.java:150)
Caused by: redis.clients.jedis.exceptions.JedisConnectionException: java.net.ConnectException: Conexão recusada
	at org.springframework.data.redis.core.DefaultValueOperationsTests.testMultiSetIfAbsentFailure(DefaultValueOperationsTests.java:150)
Caused by: java.net.ConnectException: Conexão recusada
	at org.springframework.data.redis.core.DefaultValueOperationsTests.testMultiSetIfAbsentFailure(DefaultValueOperationsTests.java:150)
</error>
  </testcase>
  <testcase name="testMultiSetIfAbsentFailure[3]" classname="org.springframework.data.redis.core.DefaultValueOperationsTests" time="0.001">
    <error message="Cannot get Jedis connection; nested exception is redis.clients.jedis.exceptions.JedisConnectionException: Could not get a resource from the pool" type="org.springframework.data.redis.RedisConnectionFailureException">org.springframework.data.redis.RedisConnectionFailureException: Cannot get Jedis connection; nested exception is redis.clients.jedis.exceptions.JedisConnectionException: Could not get a resource from the pool
	at org.springframework.data.redis.core.DefaultValueOperationsTests.tearDown(DefaultValueOperationsTests.java:91)
Caused by: redis.clients.jedis.exceptions.JedisConnectionException: Could not get a resource from the pool
	at org.springframework.data.redis.core.DefaultValueOperationsTests.tearDown(DefaultValueOperationsTests.java:91)
Caused by: redis.clients.jedis.exceptions.JedisConnectionException: java.net.ConnectException: Conexão recusada
	at org.springframework.data.redis.core.DefaultValueOperationsTests.tearDown(DefaultValueOperationsTests.java:91)
Caused by: java.net.ConnectException: Conexão recusada
	at org.springframework.data.redis.core.DefaultValueOperationsTests.tearDown(DefaultValueOperationsTests.java:91)
</error>
  </testcase>
  <testcase name="testIncrementDouble[3]" classname="org.springframework.data.redis.core.DefaultValueOperationsTests" time="0.001">
    <error message="Could not initialize class org.springframework.data.redis.RedisTestProfileValueSource" type="java.lang.NoClassDefFoundError">java.lang.NoClassDefFoundError: Could not initialize class org.springframework.data.redis.RedisTestProfileValueSource
	at org.springframework.data.redis.core.DefaultValueOperationsTests.testIncrementDouble(DefaultValueOperationsTests.java:117)
</error>
  </testcase>
  <testcase name="testIncrementDouble[3]" classname="org.springframework.data.redis.core.DefaultValueOperationsTests" time="0.001">
    <error message="Cannot get Jedis connection; nested exception is redis.clients.jedis.exceptions.JedisConnectionException: Could not get a resource from the pool" type="org.springframework.data.redis.RedisConnectionFailureException">org.springframework.data.redis.RedisConnectionFailureException: Cannot get Jedis connection; nested exception is redis.clients.jedis.exceptions.JedisConnectionException: Could not get a resource from the pool
	at org.springframework.data.redis.core.DefaultValueOperationsTests.tearDown(DefaultValueOperationsTests.java:91)
Caused by: redis.clients.jedis.exceptions.JedisConnectionException: Could not get a resource from the pool
	at org.springframework.data.redis.core.DefaultValueOperationsTests.tearDown(DefaultValueOperationsTests.java:91)
Caused by: redis.clients.jedis.exceptions.JedisConnectionException: java.net.ConnectException: Conexão recusada
	at org.springframework.data.redis.core.DefaultValueOperationsTests.tearDown(DefaultValueOperationsTests.java:91)
Caused by: java.net.ConnectException: Conexão recusada
	at org.springframework.data.redis.core.DefaultValueOperationsTests.tearDown(DefaultValueOperationsTests.java:91)
</error>
  </testcase>
  <testcase name="testSetWithExpirationWithTimeUnitMilliseconds[3]" classname="org.springframework.data.redis.core.DefaultValueOperationsTests" time="0.001">
    <error message="Could not initialize class org.springframework.data.redis.RedisTestProfileValueSource" type="java.lang.NoClassDefFoundError">java.lang.NoClassDefFoundError: Could not initialize class org.springframework.data.redis.RedisTestProfileValueSource
	at org.springframework.data.redis.core.DefaultValueOperationsTests.testSetWithExpirationWithTimeUnitMilliseconds(DefaultValueOperationsTests.java:206)
</error>
  </testcase>
  <testcase name="testSetWithExpirationWithTimeUnitMilliseconds[3]" classname="org.springframework.data.redis.core.DefaultValueOperationsTests" time="0.001">
    <error message="Cannot get Jedis connection; nested exception is redis.clients.jedis.exceptions.JedisConnectionException: Could not get a resource from the pool" type="org.springframework.data.redis.RedisConnectionFailureException">org.springframework.data.redis.RedisConnectionFailureException: Cannot get Jedis connection; nested exception is redis.clients.jedis.exceptions.JedisConnectionException: Could not get a resource from the pool
	at org.springframework.data.redis.core.DefaultValueOperationsTests.tearDown(DefaultValueOperationsTests.java:91)
Caused by: redis.clients.jedis.exceptions.JedisConnectionException: Could not get a resource from the pool
	at org.springframework.data.redis.core.DefaultValueOperationsTests.tearDown(DefaultValueOperationsTests.java:91)
Caused by: redis.clients.jedis.exceptions.JedisConnectionException: java.net.ConnectException: Conexão recusada
	at org.springframework.data.redis.core.DefaultValueOperationsTests.tearDown(DefaultValueOperationsTests.java:91)
Caused by: java.net.ConnectException: Conexão recusada
	at org.springframework.data.redis.core.DefaultValueOperationsTests.tearDown(DefaultValueOperationsTests.java:91)
</error>
  </testcase>
  <testcase name="testRawKeys[3]" classname="org.springframework.data.redis.core.DefaultValueOperationsTests" time="0">
    <error message="Cannot get Jedis connection; nested exception is redis.clients.jedis.exceptions.JedisConnectionException: Could not get a resource from the pool" type="org.springframework.data.redis.RedisConnectionFailureException">org.springframework.data.redis.RedisConnectionFailureException: Cannot get Jedis connection; nested exception is redis.clients.jedis.exceptions.JedisConnectionException: Could not get a resource from the pool
	at org.springframework.data.redis.core.DefaultValueOperationsTests.tearDown(DefaultValueOperationsTests.java:91)
Caused by: redis.clients.jedis.exceptions.JedisConnectionException: Could not get a resource from the pool
	at org.springframework.data.redis.core.DefaultValueOperationsTests.tearDown(DefaultValueOperationsTests.java:91)
Caused by: redis.clients.jedis.exceptions.JedisConnectionException: java.net.ConnectException: Conexão recusada
	at org.springframework.data.redis.core.DefaultValueOperationsTests.tearDown(DefaultValueOperationsTests.java:91)
Caused by: java.net.ConnectException: Conexão recusada
	at org.springframework.data.redis.core.DefaultValueOperationsTests.tearDown(DefaultValueOperationsTests.java:91)
</error>
  </testcase>
  <testcase name="testGetAndSet[3]" classname="org.springframework.data.redis.core.DefaultValueOperationsTests" time="0.001">
    <error message="Cannot get Jedis connection; nested exception is redis.clients.jedis.exceptions.JedisConnectionException: Could not get a resource from the pool" type="org.springframework.data.redis.RedisConnectionFailureException">org.springframework.data.redis.RedisConnectionFailureException: Cannot get Jedis connection; nested exception is redis.clients.jedis.exceptions.JedisConnectionException: Could not get a resource from the pool
	at org.springframework.data.redis.core.DefaultValueOperationsTests.testGetAndSet(DefaultValueOperationsTests.java:183)
Caused by: redis.clients.jedis.exceptions.JedisConnectionException: Could not get a resource from the pool
	at org.springframework.data.redis.core.DefaultValueOperationsTests.testGetAndSet(DefaultValueOperationsTests.java:183)
Caused by: redis.clients.jedis.exceptions.JedisConnectionException: java.net.ConnectException: Conexão recusada
	at org.springframework.data.redis.core.DefaultValueOperationsTests.testGetAndSet(DefaultValueOperationsTests.java:183)
Caused by: java.net.ConnectException: Conexão recusada
	at org.springframework.data.redis.core.DefaultValueOperationsTests.testGetAndSet(DefaultValueOperationsTests.java:183)
</error>
  </testcase>
  <testcase name="testGetAndSet[3]" classname="org.springframework.data.redis.core.DefaultValueOperationsTests" time="0.001">
    <error message="Cannot get Jedis connection; nested exception is redis.clients.jedis.exceptions.JedisConnectionException: Could not get a resource from the pool" type="org.springframework.data.redis.RedisConnectionFailureException">org.springframework.data.redis.RedisConnectionFailureException: Cannot get Jedis connection; nested exception is redis.clients.jedis.exceptions.JedisConnectionException: Could not get a resource from the pool
	at org.springframework.data.redis.core.DefaultValueOperationsTests.tearDown(DefaultValueOperationsTests.java:91)
Caused by: redis.clients.jedis.exceptions.JedisConnectionException: Could not get a resource from the pool
	at org.springframework.data.redis.core.DefaultValueOperationsTests.tearDown(DefaultValueOperationsTests.java:91)
Caused by: redis.clients.jedis.exceptions.JedisConnectionException: java.net.ConnectException: Conexão recusada
	at org.springframework.data.redis.core.DefaultValueOperationsTests.tearDown(DefaultValueOperationsTests.java:91)
Caused by: java.net.ConnectException: Conexão recusada
	at org.springframework.data.redis.core.DefaultValueOperationsTests.tearDown(DefaultValueOperationsTests.java:91)
</error>
  </testcase>
  <testcase name="testDeserializeKey[3]" classname="org.springframework.data.redis.core.DefaultValueOperationsTests" time="0.001">
    <error message="Cannot get Jedis connection; nested exception is redis.clients.jedis.exceptions.JedisConnectionException: Could not get a resource from the pool" type="org.springframework.data.redis.RedisConnectionFailureException">org.springframework.data.redis.RedisConnectionFailureException: Cannot get Jedis connection; nested exception is redis.clients.jedis.exceptions.JedisConnectionException: Could not get a resource from the pool
	at org.springframework.data.redis.core.DefaultValueOperationsTests.tearDown(DefaultValueOperationsTests.java:91)
Caused by: redis.clients.jedis.exceptions.JedisConnectionException: Could not get a resource from the pool
	at org.springframework.data.redis.core.DefaultValueOperationsTests.tearDown(DefaultValueOperationsTests.java:91)
Caused by: redis.clients.jedis.exceptions.JedisConnectionException: java.net.ConnectException: Conexão recusada
	at org.springframework.data.redis.core.DefaultValueOperationsTests.tearDown(DefaultValueOperationsTests.java:91)
Caused by: java.net.ConnectException: Conexão recusada
	at org.springframework.data.redis.core.DefaultValueOperationsTests.tearDown(DefaultValueOperationsTests.java:91)
</error>
  </testcase>
  <testcase name="testSetWithExpiration[3]" classname="org.springframework.data.redis.core.DefaultValueOperationsTests" time="0">
    <error message="Could not initialize class org.springframework.data.redis.RedisTestProfileValueSource" type="java.lang.NoClassDefFoundError">java.lang.NoClassDefFoundError: Could not initialize class org.springframework.data.redis.RedisTestProfileValueSource
	at org.springframework.data.redis.core.DefaultValueOperationsTests.testSetWithExpiration(DefaultValueOperationsTests.java:189)
</error>
  </testcase>
  <testcase name="testSetWithExpiration[3]" classname="org.springframework.data.redis.core.DefaultValueOperationsTests" time="0">
    <error message="Cannot get Jedis connection; nested exception is redis.clients.jedis.exceptions.JedisConnectionException: Could not get a resource from the pool" type="org.springframework.data.redis.RedisConnectionFailureException">org.springframework.data.redis.RedisConnectionFailureException: Cannot get Jedis connection; nested exception is redis.clients.jedis.exceptions.JedisConnectionException: Could not get a resource from the pool
	at org.springframework.data.redis.core.DefaultValueOperationsTests.tearDown(DefaultValueOperationsTests.java:91)
Caused by: redis.clients.jedis.exceptions.JedisConnectionException: Could not get a resource from the pool
	at org.springframework.data.redis.core.DefaultValueOperationsTests.tearDown(DefaultValueOperationsTests.java:91)
Caused by: redis.clients.jedis.exceptions.JedisConnectionException: java.net.ConnectException: Conexão recusada
	at org.springframework.data.redis.core.DefaultValueOperationsTests.tearDown(DefaultValueOperationsTests.java:91)
Caused by: java.net.ConnectException: Conexão recusada
	at org.springframework.data.redis.core.DefaultValueOperationsTests.tearDown(DefaultValueOperationsTests.java:91)
</error>
  </testcase>
  <testcase name="testAppend[3]" classname="org.springframework.data.redis.core.DefaultValueOperationsTests" time="0">
    <error message="got: &lt;false&gt;, expected: is &lt;true&gt;" type="org.junit.AssumptionViolatedException"><![CDATA[org.junit.AssumptionViolatedException: got: <false>, expected: is <true>
	at org.springframework.data.redis.core.DefaultValueOperationsTests.testAppend(DefaultValueOperationsTests.java:221)
]]></error>
  </testcase>
  <testcase name="testAppend[3]" classname="org.springframework.data.redis.core.DefaultValueOperationsTests" time="0">
    <error message="Cannot get Jedis connection; nested exception is redis.clients.jedis.exceptions.JedisConnectionException: Could not get a resource from the pool" type="org.springframework.data.redis.RedisConnectionFailureException">org.springframework.data.redis.RedisConnectionFailureException: Cannot get Jedis connection; nested exception is redis.clients.jedis.exceptions.JedisConnectionException: Could not get a resource from the pool
	at org.springframework.data.redis.core.DefaultValueOperationsTests.tearDown(DefaultValueOperationsTests.java:91)
Caused by: redis.clients.jedis.exceptions.JedisConnectionException: Could not get a resource from the pool
	at org.springframework.data.redis.core.DefaultValueOperationsTests.tearDown(DefaultValueOperationsTests.java:91)
Caused by: redis.clients.jedis.exceptions.JedisConnectionException: java.net.ConnectException: Conexão recusada
	at org.springframework.data.redis.core.DefaultValueOperationsTests.tearDown(DefaultValueOperationsTests.java:91)
Caused by: java.net.ConnectException: Conexão recusada
	at org.springframework.data.redis.core.DefaultValueOperationsTests.tearDown(DefaultValueOperationsTests.java:91)
</error>
  </testcase>
  <testcase name="testIncrementLong[3]" classname="org.springframework.data.redis.core.DefaultValueOperationsTests" time="0.001">
    <error message="got: &lt;false&gt;, expected: is &lt;true&gt;" type="org.junit.AssumptionViolatedException"><![CDATA[org.junit.AssumptionViolatedException: got: <false>, expected: is <true>
	at org.springframework.data.redis.core.DefaultValueOperationsTests.testIncrementLong(DefaultValueOperationsTests.java:103)
]]></error>
  </testcase>
  <testcase name="testIncrementLong[3]" classname="org.springframework.data.redis.core.DefaultValueOperationsTests" time="0.001">
    <error message="Cannot get Jedis connection; nested exception is redis.clients.jedis.exceptions.JedisConnectionException: Could not get a resource from the pool" type="org.springframework.data.redis.RedisConnectionFailureException">org.springframework.data.redis.RedisConnectionFailureException: Cannot get Jedis connection; nested exception is redis.clients.jedis.exceptions.JedisConnectionException: Could not get a resource from the pool
	at org.springframework.data.redis.core.DefaultValueOperationsTests.tearDown(DefaultValueOperationsTests.java:91)
Caused by: redis.clients.jedis.exceptions.JedisConnectionException: Could not get a resource from the pool
	at org.springframework.data.redis.core.DefaultValueOperationsTests.tearDown(DefaultValueOperationsTests.java:91)
Caused by: redis.clients.jedis.exceptions.JedisConnectionException: java.net.ConnectException: Conexão recusada
	at org.springframework.data.redis.core.DefaultValueOperationsTests.tearDown(DefaultValueOperationsTests.java:91)
Caused by: java.net.ConnectException: Conexão recusada
	at org.springframework.data.redis.core.DefaultValueOperationsTests.tearDown(DefaultValueOperationsTests.java:91)
</error>
  </testcase>
  <testcase name="testMultiSet[3]" classname="org.springframework.data.redis.core.DefaultValueOperationsTests" time="0.001">
    <error message="Cannot get Jedis connection; nested exception is redis.clients.jedis.exceptions.JedisConnectionException: Could not get a resource from the pool" type="org.springframework.data.redis.RedisConnectionFailureException">org.springframework.data.redis.RedisConnectionFailureException: Cannot get Jedis connection; nested exception is redis.clients.jedis.exceptions.JedisConnectionException: Could not get a resource from the pool
	at org.springframework.data.redis.core.DefaultValueOperationsTests.testMultiSet(DefaultValueOperationsTests.java:166)
Caused by: redis.clients.jedis.exceptions.JedisConnectionException: Could not get a resource from the pool
	at org.springframework.data.redis.core.DefaultValueOperationsTests.testMultiSet(DefaultValueOperationsTests.java:166)
Caused by: redis.clients.jedis.exceptions.JedisConnectionException: java.net.ConnectException: Conexão recusada
	at org.springframework.data.redis.core.DefaultValueOperationsTests.testMultiSet(DefaultValueOperationsTests.java:166)
Caused by: java.net.ConnectException: Conexão recusada
	at org.springframework.data.redis.core.DefaultValueOperationsTests.testMultiSet(DefaultValueOperationsTests.java:166)
</error>
  </testcase>
  <testcase name="testMultiSet[3]" classname="org.springframework.data.redis.core.DefaultValueOperationsTests" time="0.001">
    <error message="Cannot get Jedis connection; nested exception is redis.clients.jedis.exceptions.JedisConnectionException: Could not get a resource from the pool" type="org.springframework.data.redis.RedisConnectionFailureException">org.springframework.data.redis.RedisConnectionFailureException: Cannot get Jedis connection; nested exception is redis.clients.jedis.exceptions.JedisConnectionException: Could not get a resource from the pool
	at org.springframework.data.redis.core.DefaultValueOperationsTests.tearDown(DefaultValueOperationsTests.java:91)
Caused by: redis.clients.jedis.exceptions.JedisConnectionException: Could not get a resource from the pool
	at org.springframework.data.redis.core.DefaultValueOperationsTests.tearDown(DefaultValueOperationsTests.java:91)
Caused by: redis.clients.jedis.exceptions.JedisConnectionException: java.net.ConnectException: Conexão recusada
	at org.springframework.data.redis.core.DefaultValueOperationsTests.tearDown(DefaultValueOperationsTests.java:91)
Caused by: java.net.ConnectException: Conexão recusada
	at org.springframework.data.redis.core.DefaultValueOperationsTests.tearDown(DefaultValueOperationsTests.java:91)
</error>
  </testcase>
  <testcase name="testGetSet[3]" classname="org.springframework.data.redis.core.DefaultValueOperationsTests" time="0.001">
    <error message="Cannot get Jedis connection; nested exception is redis.clients.jedis.exceptions.JedisConnectionException: Could not get a resource from the pool" type="org.springframework.data.redis.RedisConnectionFailureException">org.springframework.data.redis.RedisConnectionFailureException: Cannot get Jedis connection; nested exception is redis.clients.jedis.exceptions.JedisConnectionException: Could not get a resource from the pool
	at org.springframework.data.redis.core.DefaultValueOperationsTests.testGetSet(DefaultValueOperationsTests.java:174)
Caused by: redis.clients.jedis.exceptions.JedisConnectionException: Could not get a resource from the pool
	at org.springframework.data.redis.core.DefaultValueOperationsTests.testGetSet(DefaultValueOperationsTests.java:174)
Caused by: redis.clients.jedis.exceptions.JedisConnectionException: java.net.ConnectException: Conexão recusada
	at org.springframework.data.redis.core.DefaultValueOperationsTests.testGetSet(DefaultValueOperationsTests.java:174)
Caused by: java.net.ConnectException: Conexão recusada
	at org.springframework.data.redis.core.DefaultValueOperationsTests.testGetSet(DefaultValueOperationsTests.java:174)
</error>
  </testcase>
  <testcase name="testGetSet[3]" classname="org.springframework.data.redis.core.DefaultValueOperationsTests" time="0.002">
    <error message="Cannot get Jedis connection; nested exception is redis.clients.jedis.exceptions.JedisConnectionException: Could not get a resource from the pool" type="org.springframework.data.redis.RedisConnectionFailureException">org.springframework.data.redis.RedisConnectionFailureException: Cannot get Jedis connection; nested exception is redis.clients.jedis.exceptions.JedisConnectionException: Could not get a resource from the pool
	at org.springframework.data.redis.core.DefaultValueOperationsTests.tearDown(DefaultValueOperationsTests.java:91)
Caused by: redis.clients.jedis.exceptions.JedisConnectionException: Could not get a resource from the pool
	at org.springframework.data.redis.core.DefaultValueOperationsTests.tearDown(DefaultValueOperationsTests.java:91)
Caused by: redis.clients.jedis.exceptions.JedisConnectionException: java.net.ConnectException: Conexão recusada
	at org.springframework.data.redis.core.DefaultValueOperationsTests.tearDown(DefaultValueOperationsTests.java:91)
Caused by: java.net.ConnectException: Conexão recusada
	at org.springframework.data.redis.core.DefaultValueOperationsTests.tearDown(DefaultValueOperationsTests.java:91)
</error>
  </testcase>
  <testcase name="testMultiSetIfAbsent[3]" classname="org.springframework.data.redis.core.DefaultValueOperationsTests" time="0.001">
    <error message="Cannot get Jedis connection; nested exception is redis.clients.jedis.exceptions.JedisConnectionException: Could not get a resource from the pool" type="org.springframework.data.redis.RedisConnectionFailureException">org.springframework.data.redis.RedisConnectionFailureException: Cannot get Jedis connection; nested exception is redis.clients.jedis.exceptions.JedisConnectionException: Could not get a resource from the pool
	at org.springframework.data.redis.core.DefaultValueOperationsTests.testMultiSetIfAbsent(DefaultValueOperationsTests.java:139)
Caused by: redis.clients.jedis.exceptions.JedisConnectionException: Could not get a resource from the pool
	at org.springframework.data.redis.core.DefaultValueOperationsTests.testMultiSetIfAbsent(DefaultValueOperationsTests.java:139)
Caused by: redis.clients.jedis.exceptions.JedisConnectionException: java.net.ConnectException: Conexão recusada
	at org.springframework.data.redis.core.DefaultValueOperationsTests.testMultiSetIfAbsent(DefaultValueOperationsTests.java:139)
Caused by: java.net.ConnectException: Conexão recusada
	at org.springframework.data.redis.core.DefaultValueOperationsTests.testMultiSetIfAbsent(DefaultValueOperationsTests.java:139)
</error>
  </testcase>
  <testcase name="testMultiSetIfAbsent[3]" classname="org.springframework.data.redis.core.DefaultValueOperationsTests" time="0.001">
    <error message="Cannot get Jedis connection; nested exception is redis.clients.jedis.exceptions.JedisConnectionException: Could not get a resource from the pool" type="org.springframework.data.redis.RedisConnectionFailureException">org.springframework.data.redis.RedisConnectionFailureException: Cannot get Jedis connection; nested exception is redis.clients.jedis.exceptions.JedisConnectionException: Could not get a resource from the pool
	at org.springframework.data.redis.core.DefaultValueOperationsTests.tearDown(DefaultValueOperationsTests.java:91)
Caused by: redis.clients.jedis.exceptions.JedisConnectionException: Could not get a resource from the pool
	at org.springframework.data.redis.core.DefaultValueOperationsTests.tearDown(DefaultValueOperationsTests.java:91)
Caused by: redis.clients.jedis.exceptions.JedisConnectionException: java.net.ConnectException: Conexão recusada
	at org.springframework.data.redis.core.DefaultValueOperationsTests.tearDown(DefaultValueOperationsTests.java:91)
Caused by: java.net.ConnectException: Conexão recusada
	at org.springframework.data.redis.core.DefaultValueOperationsTests.tearDown(DefaultValueOperationsTests.java:91)
</error>
  </testcase>
  <testcase name="testSetIfAbsent[3]" classname="org.springframework.data.redis.core.DefaultValueOperationsTests" time="0.001">
    <error message="Cannot get Jedis connection; nested exception is redis.clients.jedis.exceptions.JedisConnectionException: Could not get a resource from the pool" type="org.springframework.data.redis.RedisConnectionFailureException">org.springframework.data.redis.RedisConnectionFailureException: Cannot get Jedis connection; nested exception is redis.clients.jedis.exceptions.JedisConnectionException: Could not get a resource from the pool
	at org.springframework.data.redis.core.DefaultValueOperationsTests.testSetIfAbsent(DefaultValueOperationsTests.java:252)
Caused by: redis.clients.jedis.exceptions.JedisConnectionException: Could not get a resource from the pool
	at org.springframework.data.redis.core.DefaultValueOperationsTests.testSetIfAbsent(DefaultValueOperationsTests.java:252)
Caused by: redis.clients.jedis.exceptions.JedisConnectionException: java.net.ConnectException: Conexão recusada
	at org.springframework.data.redis.core.DefaultValueOperationsTests.testSetIfAbsent(DefaultValueOperationsTests.java:252)
Caused by: java.net.ConnectException: Conexão recusada
	at org.springframework.data.redis.core.DefaultValueOperationsTests.testSetIfAbsent(DefaultValueOperationsTests.java:252)
</error>
  </testcase>
  <testcase name="testSetIfAbsent[3]" classname="org.springframework.data.redis.core.DefaultValueOperationsTests" time="0.001">
    <error message="Cannot get Jedis connection; nested exception is redis.clients.jedis.exceptions.JedisConnectionException: Could not get a resource from the pool" type="org.springframework.data.redis.RedisConnectionFailureException">org.springframework.data.redis.RedisConnectionFailureException: Cannot get Jedis connection; nested exception is redis.clients.jedis.exceptions.JedisConnectionException: Could not get a resource from the pool
	at org.springframework.data.redis.core.DefaultValueOperationsTests.tearDown(DefaultValueOperationsTests.java:91)
Caused by: redis.clients.jedis.exceptions.JedisConnectionException: Could not get a resource from the pool
	at org.springframework.data.redis.core.DefaultValueOperationsTests.tearDown(DefaultValueOperationsTests.java:91)
Caused by: redis.clients.jedis.exceptions.JedisConnectionException: java.net.ConnectException: Conexão recusada
	at org.springframework.data.redis.core.DefaultValueOperationsTests.tearDown(DefaultValueOperationsTests.java:91)
Caused by: java.net.ConnectException: Conexão recusada
	at org.springframework.data.redis.core.DefaultValueOperationsTests.tearDown(DefaultValueOperationsTests.java:91)
</error>
  </testcase>
  <testcase name="testRawKeysCollection[3]" classname="org.springframework.data.redis.core.DefaultValueOperationsTests" time="0.001">
    <error message="Cannot get Jedis connection; nested exception is redis.clients.jedis.exceptions.JedisConnectionException: Could not get a resource from the pool" type="org.springframework.data.redis.RedisConnectionFailureException">org.springframework.data.redis.RedisConnectionFailureException: Cannot get Jedis connection; nested exception is redis.clients.jedis.exceptions.JedisConnectionException: Could not get a resource from the pool
	at org.springframework.data.redis.core.DefaultValueOperationsTests.tearDown(DefaultValueOperationsTests.java:91)
Caused by: redis.clients.jedis.exceptions.JedisConnectionException: Could not get a resource from the pool
	at org.springframework.data.redis.core.DefaultValueOperationsTests.tearDown(DefaultValueOperationsTests.java:91)
Caused by: redis.clients.jedis.exceptions.JedisConnectionException: java.net.ConnectException: Conexão recusada
	at org.springframework.data.redis.core.DefaultValueOperationsTests.tearDown(DefaultValueOperationsTests.java:91)
Caused by: java.net.ConnectException: Conexão recusada
	at org.springframework.data.redis.core.DefaultValueOperationsTests.tearDown(DefaultValueOperationsTests.java:91)
</error>
  </testcase>
  <testcase name="testSetRange[3]" classname="org.springframework.data.redis.core.DefaultValueOperationsTests" time="0">
    <error message="got: &lt;false&gt;, expected: is &lt;true&gt;" type="org.junit.AssumptionViolatedException"><![CDATA[org.junit.AssumptionViolatedException: got: <false>, expected: is <true>
	at org.springframework.data.redis.core.DefaultValueOperationsTests.testSetRange(DefaultValueOperationsTests.java:241)
]]></error>
  </testcase>
  <testcase name="testSetRange[3]" classname="org.springframework.data.redis.core.DefaultValueOperationsTests" time="0">
    <error message="Cannot get Jedis connection; nested exception is redis.clients.jedis.exceptions.JedisConnectionException: Could not get a resource from the pool" type="org.springframework.data.redis.RedisConnectionFailureException">org.springframework.data.redis.RedisConnectionFailureException: Cannot get Jedis connection; nested exception is redis.clients.jedis.exceptions.JedisConnectionException: Could not get a resource from the pool
	at org.springframework.data.redis.core.DefaultValueOperationsTests.tearDown(DefaultValueOperationsTests.java:91)
Caused by: redis.clients.jedis.exceptions.JedisConnectionException: Could not get a resource from the pool
	at org.springframework.data.redis.core.DefaultValueOperationsTests.tearDown(DefaultValueOperationsTests.java:91)
Caused by: redis.clients.jedis.exceptions.JedisConnectionException: java.net.ConnectException: Conexão recusada
	at org.springframework.data.redis.core.DefaultValueOperationsTests.tearDown(DefaultValueOperationsTests.java:91)
Caused by: java.net.ConnectException: Conexão recusada
	at org.springframework.data.redis.core.DefaultValueOperationsTests.tearDown(DefaultValueOperationsTests.java:91)
</error>
  </testcase>
  <testcase name="testSetAndGetBit[4]" classname="org.springframework.data.redis.core.DefaultValueOperationsTests" time="0.001">
    <error message="got: &lt;false&gt;, expected: is &lt;true&gt;" type="org.junit.AssumptionViolatedException"><![CDATA[org.junit.AssumptionViolatedException: got: <false>, expected: is <true>
	at org.springframework.data.redis.core.DefaultValueOperationsTests.testSetAndGetBit(DefaultValueOperationsTests.java:296)
]]></error>
  </testcase>
  <testcase name="testSetAndGetBit[4]" classname="org.springframework.data.redis.core.DefaultValueOperationsTests" time="0.001">
    <error message="Cannot get Jedis connection; nested exception is redis.clients.jedis.exceptions.JedisConnectionException: Could not get a resource from the pool" type="org.springframework.data.redis.RedisConnectionFailureException">org.springframework.data.redis.RedisConnectionFailureException: Cannot get Jedis connection; nested exception is redis.clients.jedis.exceptions.JedisConnectionException: Could not get a resource from the pool
	at org.springframework.data.redis.core.DefaultValueOperationsTests.tearDown(DefaultValueOperationsTests.java:91)
Caused by: redis.clients.jedis.exceptions.JedisConnectionException: Could not get a resource from the pool
	at org.springframework.data.redis.core.DefaultValueOperationsTests.tearDown(DefaultValueOperationsTests.java:91)
Caused by: redis.clients.jedis.exceptions.JedisConnectionException: java.net.ConnectException: Conexão recusada
	at org.springframework.data.redis.core.DefaultValueOperationsTests.tearDown(DefaultValueOperationsTests.java:91)
Caused by: java.net.ConnectException: Conexão recusada
	at org.springframework.data.redis.core.DefaultValueOperationsTests.tearDown(DefaultValueOperationsTests.java:91)
</error>
  </testcase>
  <testcase name="testGetRange[4]" classname="org.springframework.data.redis.core.DefaultValueOperationsTests" time="0.001">
    <error message="got: &lt;false&gt;, expected: is &lt;true&gt;" type="org.junit.AssumptionViolatedException"><![CDATA[org.junit.AssumptionViolatedException: got: <false>, expected: is <true>
	at org.springframework.data.redis.core.DefaultValueOperationsTests.testGetRange(DefaultValueOperationsTests.java:231)
]]></error>
  </testcase>
  <testcase name="testGetRange[4]" classname="org.springframework.data.redis.core.DefaultValueOperationsTests" time="0.001">
    <error message="Cannot get Jedis connection; nested exception is redis.clients.jedis.exceptions.JedisConnectionException: Could not get a resource from the pool" type="org.springframework.data.redis.RedisConnectionFailureException">org.springframework.data.redis.RedisConnectionFailureException: Cannot get Jedis connection; nested exception is redis.clients.jedis.exceptions.JedisConnectionException: Could not get a resource from the pool
	at org.springframework.data.redis.core.DefaultValueOperationsTests.tearDown(DefaultValueOperationsTests.java:91)
Caused by: redis.clients.jedis.exceptions.JedisConnectionException: Could not get a resource from the pool
	at org.springframework.data.redis.core.DefaultValueOperationsTests.tearDown(DefaultValueOperationsTests.java:91)
Caused by: redis.clients.jedis.exceptions.JedisConnectionException: java.net.ConnectException: Conexão recusada
	at org.springframework.data.redis.core.DefaultValueOperationsTests.tearDown(DefaultValueOperationsTests.java:91)
Caused by: java.net.ConnectException: Conexão recusada
	at org.springframework.data.redis.core.DefaultValueOperationsTests.tearDown(DefaultValueOperationsTests.java:91)
</error>
  </testcase>
  <testcase name="testSize[4]" classname="org.springframework.data.redis.core.DefaultValueOperationsTests" time="0.004">
    <error message="Cannot get Jedis connection; nested exception is redis.clients.jedis.exceptions.JedisConnectionException: Could not get a resource from the pool" type="org.springframework.data.redis.RedisConnectionFailureException">org.springframework.data.redis.RedisConnectionFailureException: Cannot get Jedis connection; nested exception is redis.clients.jedis.exceptions.JedisConnectionException: Could not get a resource from the pool
	at org.springframework.data.redis.core.DefaultValueOperationsTests.testSize(DefaultValueOperationsTests.java:260)
Caused by: redis.clients.jedis.exceptions.JedisConnectionException: Could not get a resource from the pool
	at org.springframework.data.redis.core.DefaultValueOperationsTests.testSize(DefaultValueOperationsTests.java:260)
Caused by: redis.clients.jedis.exceptions.JedisConnectionException: java.net.ConnectException: Conexão recusada
	at org.springframework.data.redis.core.DefaultValueOperationsTests.testSize(DefaultValueOperationsTests.java:260)
Caused by: java.net.ConnectException: Conexão recusada
	at org.springframework.data.redis.core.DefaultValueOperationsTests.testSize(DefaultValueOperationsTests.java:260)
</error>
  </testcase>
  <testcase name="testSize[4]" classname="org.springframework.data.redis.core.DefaultValueOperationsTests" time="0.005">
    <error message="Cannot get Jedis connection; nested exception is redis.clients.jedis.exceptions.JedisConnectionException: Could not get a resource from the pool" type="org.springframework.data.redis.RedisConnectionFailureException">org.springframework.data.redis.RedisConnectionFailureException: Cannot get Jedis connection; nested exception is redis.clients.jedis.exceptions.JedisConnectionException: Could not get a resource from the pool
	at org.springframework.data.redis.core.DefaultValueOperationsTests.tearDown(DefaultValueOperationsTests.java:91)
Caused by: redis.clients.jedis.exceptions.JedisConnectionException: Could not get a resource from the pool
	at org.springframework.data.redis.core.DefaultValueOperationsTests.tearDown(DefaultValueOperationsTests.java:91)
Caused by: redis.clients.jedis.exceptions.JedisConnectionException: java.net.ConnectException: Conexão recusada
	at org.springframework.data.redis.core.DefaultValueOperationsTests.tearDown(DefaultValueOperationsTests.java:91)
Caused by: java.net.ConnectException: Conexão recusada
	at org.springframework.data.redis.core.DefaultValueOperationsTests.tearDown(DefaultValueOperationsTests.java:91)
</error>
  </testcase>
  <testcase name="testMultiSetIfAbsentFailure[4]" classname="org.springframework.data.redis.core.DefaultValueOperationsTests" time="0.001">
    <error message="Cannot get Jedis connection; nested exception is redis.clients.jedis.exceptions.JedisConnectionException: Could not get a resource from the pool" type="org.springframework.data.redis.RedisConnectionFailureException">org.springframework.data.redis.RedisConnectionFailureException: Cannot get Jedis connection; nested exception is redis.clients.jedis.exceptions.JedisConnectionException: Could not get a resource from the pool
	at org.springframework.data.redis.core.DefaultValueOperationsTests.testMultiSetIfAbsentFailure(DefaultValueOperationsTests.java:150)
Caused by: redis.clients.jedis.exceptions.JedisConnectionException: Could not get a resource from the pool
	at org.springframework.data.redis.core.DefaultValueOperationsTests.testMultiSetIfAbsentFailure(DefaultValueOperationsTests.java:150)
Caused by: redis.clients.jedis.exceptions.JedisConnectionException: java.net.ConnectException: Conexão recusada
	at org.springframework.data.redis.core.DefaultValueOperationsTests.testMultiSetIfAbsentFailure(DefaultValueOperationsTests.java:150)
Caused by: java.net.ConnectException: Conexão recusada
	at org.springframework.data.redis.core.DefaultValueOperationsTests.testMultiSetIfAbsentFailure(DefaultValueOperationsTests.java:150)
</error>
  </testcase>
  <testcase name="testMultiSetIfAbsentFailure[4]" classname="org.springframework.data.redis.core.DefaultValueOperationsTests" time="0.001">
    <error message="Cannot get Jedis connection; nested exception is redis.clients.jedis.exceptions.JedisConnectionException: Could not get a resource from the pool" type="org.springframework.data.redis.RedisConnectionFailureException">org.springframework.data.redis.RedisConnectionFailureException: Cannot get Jedis connection; nested exception is redis.clients.jedis.exceptions.JedisConnectionException: Could not get a resource from the pool
	at org.springframework.data.redis.core.DefaultValueOperationsTests.tearDown(DefaultValueOperationsTests.java:91)
Caused by: redis.clients.jedis.exceptions.JedisConnectionException: Could not get a resource from the pool
	at org.springframework.data.redis.core.DefaultValueOperationsTests.tearDown(DefaultValueOperationsTests.java:91)
Caused by: redis.clients.jedis.exceptions.JedisConnectionException: java.net.ConnectException: Conexão recusada
	at org.springframework.data.redis.core.DefaultValueOperationsTests.tearDown(DefaultValueOperationsTests.java:91)
Caused by: java.net.ConnectException: Conexão recusada
	at org.springframework.data.redis.core.DefaultValueOperationsTests.tearDown(DefaultValueOperationsTests.java:91)
</error>
  </testcase>
  <testcase name="testIncrementDouble[4]" classname="org.springframework.data.redis.core.DefaultValueOperationsTests" time="0">
    <error message="Could not initialize class org.springframework.data.redis.RedisTestProfileValueSource" type="java.lang.NoClassDefFoundError">java.lang.NoClassDefFoundError: Could not initialize class org.springframework.data.redis.RedisTestProfileValueSource
	at org.springframework.data.redis.core.DefaultValueOperationsTests.testIncrementDouble(DefaultValueOperationsTests.java:117)
</error>
  </testcase>
  <testcase name="testIncrementDouble[4]" classname="org.springframework.data.redis.core.DefaultValueOperationsTests" time="0.004">
    <error message="Cannot get Jedis connection; nested exception is redis.clients.jedis.exceptions.JedisConnectionException: Could not get a resource from the pool" type="org.springframework.data.redis.RedisConnectionFailureException">org.springframework.data.redis.RedisConnectionFailureException: Cannot get Jedis connection; nested exception is redis.clients.jedis.exceptions.JedisConnectionException: Could not get a resource from the pool
	at org.springframework.data.redis.core.DefaultValueOperationsTests.tearDown(DefaultValueOperationsTests.java:91)
Caused by: redis.clients.jedis.exceptions.JedisConnectionException: Could not get a resource from the pool
	at org.springframework.data.redis.core.DefaultValueOperationsTests.tearDown(DefaultValueOperationsTests.java:91)
Caused by: redis.clients.jedis.exceptions.JedisConnectionException: java.net.ConnectException: Conexão recusada
	at org.springframework.data.redis.core.DefaultValueOperationsTests.tearDown(DefaultValueOperationsTests.java:91)
Caused by: java.net.ConnectException: Conexão recusada
	at org.springframework.data.redis.core.DefaultValueOperationsTests.tearDown(DefaultValueOperationsTests.java:91)
</error>
  </testcase>
  <testcase name="testSetWithExpirationWithTimeUnitMilliseconds[4]" classname="org.springframework.data.redis.core.DefaultValueOperationsTests" time="0">
    <error message="Could not initialize class org.springframework.data.redis.RedisTestProfileValueSource" type="java.lang.NoClassDefFoundError">java.lang.NoClassDefFoundError: Could not initialize class org.springframework.data.redis.RedisTestProfileValueSource
	at org.springframework.data.redis.core.DefaultValueOperationsTests.testSetWithExpirationWithTimeUnitMilliseconds(DefaultValueOperationsTests.java:206)
</error>
  </testcase>
  <testcase name="testSetWithExpirationWithTimeUnitMilliseconds[4]" classname="org.springframework.data.redis.core.DefaultValueOperationsTests" time="0">
    <error message="Cannot get Jedis connection; nested exception is redis.clients.jedis.exceptions.JedisConnectionException: Could not get a resource from the pool" type="org.springframework.data.redis.RedisConnectionFailureException">org.springframework.data.redis.RedisConnectionFailureException: Cannot get Jedis connection; nested exception is redis.clients.jedis.exceptions.JedisConnectionException: Could not get a resource from the pool
	at org.springframework.data.redis.core.DefaultValueOperationsTests.tearDown(DefaultValueOperationsTests.java:91)
Caused by: redis.clients.jedis.exceptions.JedisConnectionException: Could not get a resource from the pool
	at org.springframework.data.redis.core.DefaultValueOperationsTests.tearDown(DefaultValueOperationsTests.java:91)
Caused by: redis.clients.jedis.exceptions.JedisConnectionException: java.net.ConnectException: Conexão recusada
	at org.springframework.data.redis.core.DefaultValueOperationsTests.tearDown(DefaultValueOperationsTests.java:91)
Caused by: java.net.ConnectException: Conexão recusada
	at org.springframework.data.redis.core.DefaultValueOperationsTests.tearDown(DefaultValueOperationsTests.java:91)
</error>
  </testcase>
  <testcase name="testRawKeys[4]" classname="org.springframework.data.redis.core.DefaultValueOperationsTests" time="0">
    <error message="Cannot get Jedis connection; nested exception is redis.clients.jedis.exceptions.JedisConnectionException: Could not get a resource from the pool" type="org.springframework.data.redis.RedisConnectionFailureException">org.springframework.data.redis.RedisConnectionFailureException: Cannot get Jedis connection; nested exception is redis.clients.jedis.exceptions.JedisConnectionException: Could not get a resource from the pool
	at org.springframework.data.redis.core.DefaultValueOperationsTests.tearDown(DefaultValueOperationsTests.java:91)
Caused by: redis.clients.jedis.exceptions.JedisConnectionException: Could not get a resource from the pool
	at org.springframework.data.redis.core.DefaultValueOperationsTests.tearDown(DefaultValueOperationsTests.java:91)
Caused by: redis.clients.jedis.exceptions.JedisConnectionException: java.net.ConnectException: Conexão recusada
	at org.springframework.data.redis.core.DefaultValueOperationsTests.tearDown(DefaultValueOperationsTests.java:91)
Caused by: java.net.ConnectException: Conexão recusada
	at org.springframework.data.redis.core.DefaultValueOperationsTests.tearDown(DefaultValueOperationsTests.java:91)
</error>
  </testcase>
  <testcase name="testGetAndSet[4]" classname="org.springframework.data.redis.core.DefaultValueOperationsTests" time="0">
    <error message="Cannot get Jedis connection; nested exception is redis.clients.jedis.exceptions.JedisConnectionException: Could not get a resource from the pool" type="org.springframework.data.redis.RedisConnectionFailureException">org.springframework.data.redis.RedisConnectionFailureException: Cannot get Jedis connection; nested exception is redis.clients.jedis.exceptions.JedisConnectionException: Could not get a resource from the pool
	at org.springframework.data.redis.core.DefaultValueOperationsTests.testGetAndSet(DefaultValueOperationsTests.java:183)
Caused by: redis.clients.jedis.exceptions.JedisConnectionException: Could not get a resource from the pool
	at org.springframework.data.redis.core.DefaultValueOperationsTests.testGetAndSet(DefaultValueOperationsTests.java:183)
Caused by: redis.clients.jedis.exceptions.JedisConnectionException: java.net.ConnectException: Conexão recusada
	at org.springframework.data.redis.core.DefaultValueOperationsTests.testGetAndSet(DefaultValueOperationsTests.java:183)
Caused by: java.net.ConnectException: Conexão recusada
	at org.springframework.data.redis.core.DefaultValueOperationsTests.testGetAndSet(DefaultValueOperationsTests.java:183)
</error>
  </testcase>
  <testcase name="testGetAndSet[4]" classname="org.springframework.data.redis.core.DefaultValueOperationsTests" time="0">
    <error message="Cannot get Jedis connection; nested exception is redis.clients.jedis.exceptions.JedisConnectionException: Could not get a resource from the pool" type="org.springframework.data.redis.RedisConnectionFailureException">org.springframework.data.redis.RedisConnectionFailureException: Cannot get Jedis connection; nested exception is redis.clients.jedis.exceptions.JedisConnectionException: Could not get a resource from the pool
	at org.springframework.data.redis.core.DefaultValueOperationsTests.tearDown(DefaultValueOperationsTests.java:91)
Caused by: redis.clients.jedis.exceptions.JedisConnectionException: Could not get a resource from the pool
	at org.springframework.data.redis.core.DefaultValueOperationsTests.tearDown(DefaultValueOperationsTests.java:91)
Caused by: redis.clients.jedis.exceptions.JedisConnectionException: java.net.ConnectException: Conexão recusada
	at org.springframework.data.redis.core.DefaultValueOperationsTests.tearDown(DefaultValueOperationsTests.java:91)
Caused by: java.net.ConnectException: Conexão recusada
	at org.springframework.data.redis.core.DefaultValueOperationsTests.tearDown(DefaultValueOperationsTests.java:91)
</error>
  </testcase>
  <testcase name="testDeserializeKey[4]" classname="org.springframework.data.redis.core.DefaultValueOperationsTests" time="0">
    <error message="got: &lt;false&gt;, expected: is &lt;true&gt;" type="org.junit.AssumptionViolatedException"><![CDATA[org.junit.AssumptionViolatedException: got: <false>, expected: is <true>
	at org.springframework.data.redis.core.DefaultValueOperationsTests.testDeserializeKey(DefaultValueOperationsTests.java:286)
]]></error>
  </testcase>
  <testcase name="testDeserializeKey[4]" classname="org.springframework.data.redis.core.DefaultValueOperationsTests" time="0">
    <error message="Cannot get Jedis connection; nested exception is redis.clients.jedis.exceptions.JedisConnectionException: Could not get a resource from the pool" type="org.springframework.data.redis.RedisConnectionFailureException">org.springframework.data.redis.RedisConnectionFailureException: Cannot get Jedis connection; nested exception is redis.clients.jedis.exceptions.JedisConnectionException: Could not get a resource from the pool
	at org.springframework.data.redis.core.DefaultValueOperationsTests.tearDown(DefaultValueOperationsTests.java:91)
Caused by: redis.clients.jedis.exceptions.JedisConnectionException: Could not get a resource from the pool
	at org.springframework.data.redis.core.DefaultValueOperationsTests.tearDown(DefaultValueOperationsTests.java:91)
Caused by: redis.clients.jedis.exceptions.JedisConnectionException: java.net.ConnectException: Conexão recusada
	at org.springframework.data.redis.core.DefaultValueOperationsTests.tearDown(DefaultValueOperationsTests.java:91)
Caused by: java.net.ConnectException: Conexão recusada
	at org.springframework.data.redis.core.DefaultValueOperationsTests.tearDown(DefaultValueOperationsTests.java:91)
</error>
  </testcase>
  <testcase name="testSetWithExpiration[4]" classname="org.springframework.data.redis.core.DefaultValueOperationsTests" time="0">
    <error message="Could not initialize class org.springframework.data.redis.RedisTestProfileValueSource" type="java.lang.NoClassDefFoundError">java.lang.NoClassDefFoundError: Could not initialize class org.springframework.data.redis.RedisTestProfileValueSource
	at org.springframework.data.redis.core.DefaultValueOperationsTests.testSetWithExpiration(DefaultValueOperationsTests.java:189)
</error>
  </testcase>
  <testcase name="testSetWithExpiration[4]" classname="org.springframework.data.redis.core.DefaultValueOperationsTests" time="0.004">
    <error message="Cannot get Jedis connection; nested exception is redis.clients.jedis.exceptions.JedisConnectionException: Could not get a resource from the pool" type="org.springframework.data.redis.RedisConnectionFailureException">org.springframework.data.redis.RedisConnectionFailureException: Cannot get Jedis connection; nested exception is redis.clients.jedis.exceptions.JedisConnectionException: Could not get a resource from the pool
	at org.springframework.data.redis.core.DefaultValueOperationsTests.tearDown(DefaultValueOperationsTests.java:91)
Caused by: redis.clients.jedis.exceptions.JedisConnectionException: Could not get a resource from the pool
	at org.springframework.data.redis.core.DefaultValueOperationsTests.tearDown(DefaultValueOperationsTests.java:91)
Caused by: redis.clients.jedis.exceptions.JedisConnectionException: java.net.ConnectException: Conexão recusada
	at org.springframework.data.redis.core.DefaultValueOperationsTests.tearDown(DefaultValueOperationsTests.java:91)
Caused by: java.net.ConnectException: Conexão recusada
	at org.springframework.data.redis.core.DefaultValueOperationsTests.tearDown(DefaultValueOperationsTests.java:91)
</error>
  </testcase>
  <testcase name="testAppend[4]" classname="org.springframework.data.redis.core.DefaultValueOperationsTests" time="0">
    <error message="got: &lt;false&gt;, expected: is &lt;true&gt;" type="org.junit.AssumptionViolatedException"><![CDATA[org.junit.AssumptionViolatedException: got: <false>, expected: is <true>
	at org.springframework.data.redis.core.DefaultValueOperationsTests.testAppend(DefaultValueOperationsTests.java:221)
]]></error>
  </testcase>
  <testcase name="testAppend[4]" classname="org.springframework.data.redis.core.DefaultValueOperationsTests" time="0">
    <error message="Cannot get Jedis connection; nested exception is redis.clients.jedis.exceptions.JedisConnectionException: Could not get a resource from the pool" type="org.springframework.data.redis.RedisConnectionFailureException">org.springframework.data.redis.RedisConnectionFailureException: Cannot get Jedis connection; nested exception is redis.clients.jedis.exceptions.JedisConnectionException: Could not get a resource from the pool
	at org.springframework.data.redis.core.DefaultValueOperationsTests.tearDown(DefaultValueOperationsTests.java:91)
Caused by: redis.clients.jedis.exceptions.JedisConnectionException: Could not get a resource from the pool
	at org.springframework.data.redis.core.DefaultValueOperationsTests.tearDown(DefaultValueOperationsTests.java:91)
Caused by: redis.clients.jedis.exceptions.JedisConnectionException: java.net.ConnectException: Conexão recusada
	at org.springframework.data.redis.core.DefaultValueOperationsTests.tearDown(DefaultValueOperationsTests.java:91)
Caused by: java.net.ConnectException: Conexão recusada
	at org.springframework.data.redis.core.DefaultValueOperationsTests.tearDown(DefaultValueOperationsTests.java:91)
</error>
  </testcase>
  <testcase name="testIncrementLong[4]" classname="org.springframework.data.redis.core.DefaultValueOperationsTests" time="0">
    <error message="got: &lt;false&gt;, expected: is &lt;true&gt;" type="org.junit.AssumptionViolatedException"><![CDATA[org.junit.AssumptionViolatedException: got: <false>, expected: is <true>
	at org.springframework.data.redis.core.DefaultValueOperationsTests.testIncrementLong(DefaultValueOperationsTests.java:103)
]]></error>
  </testcase>
  <testcase name="testIncrementLong[4]" classname="org.springframework.data.redis.core.DefaultValueOperationsTests" time="0">
    <error message="Cannot get Jedis connection; nested exception is redis.clients.jedis.exceptions.JedisConnectionException: Could not get a resource from the pool" type="org.springframework.data.redis.RedisConnectionFailureException">org.springframework.data.redis.RedisConnectionFailureException: Cannot get Jedis connection; nested exception is redis.clients.jedis.exceptions.JedisConnectionException: Could not get a resource from the pool
	at org.springframework.data.redis.core.DefaultValueOperationsTests.tearDown(DefaultValueOperationsTests.java:91)
Caused by: redis.clients.jedis.exceptions.JedisConnectionException: Could not get a resource from the pool
	at org.springframework.data.redis.core.DefaultValueOperationsTests.tearDown(DefaultValueOperationsTests.java:91)
Caused by: redis.clients.jedis.exceptions.JedisConnectionException: java.net.ConnectException: Conexão recusada
	at org.springframework.data.redis.core.DefaultValueOperationsTests.tearDown(DefaultValueOperationsTests.java:91)
Caused by: java.net.ConnectException: Conexão recusada
	at org.springframework.data.redis.core.DefaultValueOperationsTests.tearDown(DefaultValueOperationsTests.java:91)
</error>
  </testcase>
  <testcase name="testMultiSet[4]" classname="org.springframework.data.redis.core.DefaultValueOperationsTests" time="0">
    <error message="Cannot get Jedis connection; nested exception is redis.clients.jedis.exceptions.JedisConnectionException: Could not get a resource from the pool" type="org.springframework.data.redis.RedisConnectionFailureException">org.springframework.data.redis.RedisConnectionFailureException: Cannot get Jedis connection; nested exception is redis.clients.jedis.exceptions.JedisConnectionException: Could not get a resource from the pool
	at org.springframework.data.redis.core.DefaultValueOperationsTests.testMultiSet(DefaultValueOperationsTests.java:166)
Caused by: redis.clients.jedis.exceptions.JedisConnectionException: Could not get a resource from the pool
	at org.springframework.data.redis.core.DefaultValueOperationsTests.testMultiSet(DefaultValueOperationsTests.java:166)
Caused by: redis.clients.jedis.exceptions.JedisConnectionException: java.net.ConnectException: Conexão recusada
	at org.springframework.data.redis.core.DefaultValueOperationsTests.testMultiSet(DefaultValueOperationsTests.java:166)
Caused by: java.net.ConnectException: Conexão recusada
	at org.springframework.data.redis.core.DefaultValueOperationsTests.testMultiSet(DefaultValueOperationsTests.java:166)
</error>
  </testcase>
  <testcase name="testMultiSet[4]" classname="org.springframework.data.redis.core.DefaultValueOperationsTests" time="0.001">
    <error message="Cannot get Jedis connection; nested exception is redis.clients.jedis.exceptions.JedisConnectionException: Could not get a resource from the pool" type="org.springframework.data.redis.RedisConnectionFailureException">org.springframework.data.redis.RedisConnectionFailureException: Cannot get Jedis connection; nested exception is redis.clients.jedis.exceptions.JedisConnectionException: Could not get a resource from the pool
	at org.springframework.data.redis.core.DefaultValueOperationsTests.tearDown(DefaultValueOperationsTests.java:91)
Caused by: redis.clients.jedis.exceptions.JedisConnectionException: Could not get a resource from the pool
	at org.springframework.data.redis.core.DefaultValueOperationsTests.tearDown(DefaultValueOperationsTests.java:91)
Caused by: redis.clients.jedis.exceptions.JedisConnectionException: java.net.ConnectException: Conexão recusada
	at org.springframework.data.redis.core.DefaultValueOperationsTests.tearDown(DefaultValueOperationsTests.java:91)
Caused by: java.net.ConnectException: Conexão recusada
	at org.springframework.data.redis.core.DefaultValueOperationsTests.tearDown(DefaultValueOperationsTests.java:91)
</error>
  </testcase>
  <testcase name="testGetSet[4]" classname="org.springframework.data.redis.core.DefaultValueOperationsTests" time="0">
    <error message="Cannot get Jedis connection; nested exception is redis.clients.jedis.exceptions.JedisConnectionException: Could not get a resource from the pool" type="org.springframework.data.redis.RedisConnectionFailureException">org.springframework.data.redis.RedisConnectionFailureException: Cannot get Jedis connection; nested exception is redis.clients.jedis.exceptions.JedisConnectionException: Could not get a resource from the pool
	at org.springframework.data.redis.core.DefaultValueOperationsTests.testGetSet(DefaultValueOperationsTests.java:174)
Caused by: redis.clients.jedis.exceptions.JedisConnectionException: Could not get a resource from the pool
	at org.springframework.data.redis.core.DefaultValueOperationsTests.testGetSet(DefaultValueOperationsTests.java:174)
Caused by: redis.clients.jedis.exceptions.JedisConnectionException: java.net.ConnectException: Conexão recusada
	at org.springframework.data.redis.core.DefaultValueOperationsTests.testGetSet(DefaultValueOperationsTests.java:174)
Caused by: java.net.ConnectException: Conexão recusada
	at org.springframework.data.redis.core.DefaultValueOperationsTests.testGetSet(DefaultValueOperationsTests.java:174)
</error>
  </testcase>
  <testcase name="testGetSet[4]" classname="org.springframework.data.redis.core.DefaultValueOperationsTests" time="0">
    <error message="Cannot get Jedis connection; nested exception is redis.clients.jedis.exceptions.JedisConnectionException: Could not get a resource from the pool" type="org.springframework.data.redis.RedisConnectionFailureException">org.springframework.data.redis.RedisConnectionFailureException: Cannot get Jedis connection; nested exception is redis.clients.jedis.exceptions.JedisConnectionException: Could not get a resource from the pool
	at org.springframework.data.redis.core.DefaultValueOperationsTests.tearDown(DefaultValueOperationsTests.java:91)
Caused by: redis.clients.jedis.exceptions.JedisConnectionException: Could not get a resource from the pool
	at org.springframework.data.redis.core.DefaultValueOperationsTests.tearDown(DefaultValueOperationsTests.java:91)
Caused by: redis.clients.jedis.exceptions.JedisConnectionException: java.net.ConnectException: Conexão recusada
	at org.springframework.data.redis.core.DefaultValueOperationsTests.tearDown(DefaultValueOperationsTests.java:91)
Caused by: java.net.ConnectException: Conexão recusada
	at org.springframework.data.redis.core.DefaultValueOperationsTests.tearDown(DefaultValueOperationsTests.java:91)
</error>
  </testcase>
  <testcase name="testMultiSetIfAbsent[4]" classname="org.springframework.data.redis.core.DefaultValueOperationsTests" time="0.001">
    <error message="Cannot get Jedis connection; nested exception is redis.clients.jedis.exceptions.JedisConnectionException: Could not get a resource from the pool" type="org.springframework.data.redis.RedisConnectionFailureException">org.springframework.data.redis.RedisConnectionFailureException: Cannot get Jedis connection; nested exception is redis.clients.jedis.exceptions.JedisConnectionException: Could not get a resource from the pool
	at org.springframework.data.redis.core.DefaultValueOperationsTests.testMultiSetIfAbsent(DefaultValueOperationsTests.java:139)
Caused by: redis.clients.jedis.exceptions.JedisConnectionException: Could not get a resource from the pool
	at org.springframework.data.redis.core.DefaultValueOperationsTests.testMultiSetIfAbsent(DefaultValueOperationsTests.java:139)
Caused by: redis.clients.jedis.exceptions.JedisConnectionException: java.net.ConnectException: Conexão recusada
	at org.springframework.data.redis.core.DefaultValueOperationsTests.testMultiSetIfAbsent(DefaultValueOperationsTests.java:139)
Caused by: java.net.ConnectException: Conexão recusada
	at org.springframework.data.redis.core.DefaultValueOperationsTests.testMultiSetIfAbsent(DefaultValueOperationsTests.java:139)
</error>
  </testcase>
  <testcase name="testMultiSetIfAbsent[4]" classname="org.springframework.data.redis.core.DefaultValueOperationsTests" time="0.001">
    <error message="Cannot get Jedis connection; nested exception is redis.clients.jedis.exceptions.JedisConnectionException: Could not get a resource from the pool" type="org.springframework.data.redis.RedisConnectionFailureException">org.springframework.data.redis.RedisConnectionFailureException: Cannot get Jedis connection; nested exception is redis.clients.jedis.exceptions.JedisConnectionException: Could not get a resource from the pool
	at org.springframework.data.redis.core.DefaultValueOperationsTests.tearDown(DefaultValueOperationsTests.java:91)
Caused by: redis.clients.jedis.exceptions.JedisConnectionException: Could not get a resource from the pool
	at org.springframework.data.redis.core.DefaultValueOperationsTests.tearDown(DefaultValueOperationsTests.java:91)
Caused by: redis.clients.jedis.exceptions.JedisConnectionException: java.net.ConnectException: Conexão recusada
	at org.springframework.data.redis.core.DefaultValueOperationsTests.tearDown(DefaultValueOperationsTests.java:91)
Caused by: java.net.ConnectException: Conexão recusada
	at org.springframework.data.redis.core.DefaultValueOperationsTests.tearDown(DefaultValueOperationsTests.java:91)
</error>
  </testcase>
  <testcase name="testSetIfAbsent[4]" classname="org.springframework.data.redis.core.DefaultValueOperationsTests" time="0.001">
    <error message="Cannot get Jedis connection; nested exception is redis.clients.jedis.exceptions.JedisConnectionException: Could not get a resource from the pool" type="org.springframework.data.redis.RedisConnectionFailureException">org.springframework.data.redis.RedisConnectionFailureException: Cannot get Jedis connection; nested exception is redis.clients.jedis.exceptions.JedisConnectionException: Could not get a resource from the pool
	at org.springframework.data.redis.core.DefaultValueOperationsTests.testSetIfAbsent(DefaultValueOperationsTests.java:252)
Caused by: redis.clients.jedis.exceptions.JedisConnectionException: Could not get a resource from the pool
	at org.springframework.data.redis.core.DefaultValueOperationsTests.testSetIfAbsent(DefaultValueOperationsTests.java:252)
Caused by: redis.clients.jedis.exceptions.JedisConnectionException: java.net.ConnectException: Conexão recusada
	at org.springframework.data.redis.core.DefaultValueOperationsTests.testSetIfAbsent(DefaultValueOperationsTests.java:252)
Caused by: java.net.ConnectException: Conexão recusada
	at org.springframework.data.redis.core.DefaultValueOperationsTests.testSetIfAbsent(DefaultValueOperationsTests.java:252)
</error>
  </testcase>
  <testcase name="testSetIfAbsent[4]" classname="org.springframework.data.redis.core.DefaultValueOperationsTests" time="0.001">
    <error message="Cannot get Jedis connection; nested exception is redis.clients.jedis.exceptions.JedisConnectionException: Could not get a resource from the pool" type="org.springframework.data.redis.RedisConnectionFailureException">org.springframework.data.redis.RedisConnectionFailureException: Cannot get Jedis connection; nested exception is redis.clients.jedis.exceptions.JedisConnectionException: Could not get a resource from the pool
	at org.springframework.data.redis.core.DefaultValueOperationsTests.tearDown(DefaultValueOperationsTests.java:91)
Caused by: redis.clients.jedis.exceptions.JedisConnectionException: Could not get a resource from the pool
	at org.springframework.data.redis.core.DefaultValueOperationsTests.tearDown(DefaultValueOperationsTests.java:91)
Caused by: redis.clients.jedis.exceptions.JedisConnectionException: java.net.ConnectException: Conexão recusada
	at org.springframework.data.redis.core.DefaultValueOperationsTests.tearDown(DefaultValueOperationsTests.java:91)
Caused by: java.net.ConnectException: Conexão recusada
	at org.springframework.data.redis.core.DefaultValueOperationsTests.tearDown(DefaultValueOperationsTests.java:91)
</error>
  </testcase>
  <testcase name="testRawKeysCollection[4]" classname="org.springframework.data.redis.core.DefaultValueOperationsTests" time="0.001">
    <error message="Cannot get Jedis connection; nested exception is redis.clients.jedis.exceptions.JedisConnectionException: Could not get a resource from the pool" type="org.springframework.data.redis.RedisConnectionFailureException">org.springframework.data.redis.RedisConnectionFailureException: Cannot get Jedis connection; nested exception is redis.clients.jedis.exceptions.JedisConnectionException: Could not get a resource from the pool
	at org.springframework.data.redis.core.DefaultValueOperationsTests.tearDown(DefaultValueOperationsTests.java:91)
Caused by: redis.clients.jedis.exceptions.JedisConnectionException: Could not get a resource from the pool
	at org.springframework.data.redis.core.DefaultValueOperationsTests.tearDown(DefaultValueOperationsTests.java:91)
Caused by: redis.clients.jedis.exceptions.JedisConnectionException: java.net.ConnectException: Conexão recusada
	at org.springframework.data.redis.core.DefaultValueOperationsTests.tearDown(DefaultValueOperationsTests.java:91)
Caused by: java.net.ConnectException: Conexão recusada
	at org.springframework.data.redis.core.DefaultValueOperationsTests.tearDown(DefaultValueOperationsTests.java:91)
</error>
  </testcase>
  <testcase name="testSetRange[4]" classname="org.springframework.data.redis.core.DefaultValueOperationsTests" time="0.002">
    <error message="got: &lt;false&gt;, expected: is &lt;true&gt;" type="org.junit.AssumptionViolatedException"><![CDATA[org.junit.AssumptionViolatedException: got: <false>, expected: is <true>
	at org.springframework.data.redis.core.DefaultValueOperationsTests.testSetRange(DefaultValueOperationsTests.java:241)
]]></error>
  </testcase>
  <testcase name="testSetRange[4]" classname="org.springframework.data.redis.core.DefaultValueOperationsTests" time="0.002">
    <error message="Cannot get Jedis connection; nested exception is redis.clients.jedis.exceptions.JedisConnectionException: Could not get a resource from the pool" type="org.springframework.data.redis.RedisConnectionFailureException">org.springframework.data.redis.RedisConnectionFailureException: Cannot get Jedis connection; nested exception is redis.clients.jedis.exceptions.JedisConnectionException: Could not get a resource from the pool
	at org.springframework.data.redis.core.DefaultValueOperationsTests.tearDown(DefaultValueOperationsTests.java:91)
Caused by: redis.clients.jedis.exceptions.JedisConnectionException: Could not get a resource from the pool
	at org.springframework.data.redis.core.DefaultValueOperationsTests.tearDown(DefaultValueOperationsTests.java:91)
Caused by: redis.clients.jedis.exceptions.JedisConnectionException: java.net.ConnectException: Conexão recusada
	at org.springframework.data.redis.core.DefaultValueOperationsTests.tearDown(DefaultValueOperationsTests.java:91)
Caused by: java.net.ConnectException: Conexão recusada
	at org.springframework.data.redis.core.DefaultValueOperationsTests.tearDown(DefaultValueOperationsTests.java:91)
</error>
  </testcase>
  <testcase name="testSetAndGetBit[5]" classname="org.springframework.data.redis.core.DefaultValueOperationsTests" time="0">
    <error message="got: &lt;false&gt;, expected: is &lt;true&gt;" type="org.junit.AssumptionViolatedException"><![CDATA[org.junit.AssumptionViolatedException: got: <false>, expected: is <true>
	at org.springframework.data.redis.core.DefaultValueOperationsTests.testSetAndGetBit(DefaultValueOperationsTests.java:296)
]]></error>
  </testcase>
  <testcase name="testSetAndGetBit[5]" classname="org.springframework.data.redis.core.DefaultValueOperationsTests" time="0">
    <error message="Cannot get Jedis connection; nested exception is redis.clients.jedis.exceptions.JedisConnectionException: Could not get a resource from the pool" type="org.springframework.data.redis.RedisConnectionFailureException">org.springframework.data.redis.RedisConnectionFailureException: Cannot get Jedis connection; nested exception is redis.clients.jedis.exceptions.JedisConnectionException: Could not get a resource from the pool
	at org.springframework.data.redis.core.DefaultValueOperationsTests.tearDown(DefaultValueOperationsTests.java:91)
Caused by: redis.clients.jedis.exceptions.JedisConnectionException: Could not get a resource from the pool
	at org.springframework.data.redis.core.DefaultValueOperationsTests.tearDown(DefaultValueOperationsTests.java:91)
Caused by: redis.clients.jedis.exceptions.JedisConnectionException: java.net.ConnectException: Conexão recusada
	at org.springframework.data.redis.core.DefaultValueOperationsTests.tearDown(DefaultValueOperationsTests.java:91)
Caused by: java.net.ConnectException: Conexão recusada
	at org.springframework.data.redis.core.DefaultValueOperationsTests.tearDown(DefaultValueOperationsTests.java:91)
</error>
  </testcase>
  <testcase name="testGetRange[5]" classname="org.springframework.data.redis.core.DefaultValueOperationsTests" time="0.174">
    <error message="Cannot get Jedis connection; nested exception is redis.clients.jedis.exceptions.JedisConnectionException: Could not get a resource from the pool" type="org.springframework.data.redis.RedisConnectionFailureException">org.springframework.data.redis.RedisConnectionFailureException: Cannot get Jedis connection; nested exception is redis.clients.jedis.exceptions.JedisConnectionException: Could not get a resource from the pool
	at org.springframework.data.redis.core.DefaultValueOperationsTests.testGetRange(DefaultValueOperationsTests.java:232)
Caused by: redis.clients.jedis.exceptions.JedisConnectionException: Could not get a resource from the pool
	at org.springframework.data.redis.core.DefaultValueOperationsTests.testGetRange(DefaultValueOperationsTests.java:232)
Caused by: redis.clients.jedis.exceptions.JedisConnectionException: java.net.ConnectException: Conexão recusada
	at org.springframework.data.redis.core.DefaultValueOperationsTests.testGetRange(DefaultValueOperationsTests.java:232)
Caused by: java.net.ConnectException: Conexão recusada
	at org.springframework.data.redis.core.DefaultValueOperationsTests.testGetRange(DefaultValueOperationsTests.java:232)
</error>
  </testcase>
  <testcase name="testGetRange[5]" classname="org.springframework.data.redis.core.DefaultValueOperationsTests" time="0.174">
    <error message="Cannot get Jedis connection; nested exception is redis.clients.jedis.exceptions.JedisConnectionException: Could not get a resource from the pool" type="org.springframework.data.redis.RedisConnectionFailureException">org.springframework.data.redis.RedisConnectionFailureException: Cannot get Jedis connection; nested exception is redis.clients.jedis.exceptions.JedisConnectionException: Could not get a resource from the pool
	at org.springframework.data.redis.core.DefaultValueOperationsTests.tearDown(DefaultValueOperationsTests.java:91)
Caused by: redis.clients.jedis.exceptions.JedisConnectionException: Could not get a resource from the pool
	at org.springframework.data.redis.core.DefaultValueOperationsTests.tearDown(DefaultValueOperationsTests.java:91)
Caused by: redis.clients.jedis.exceptions.JedisConnectionException: java.net.ConnectException: Conexão recusada
	at org.springframework.data.redis.core.DefaultValueOperationsTests.tearDown(DefaultValueOperationsTests.java:91)
Caused by: java.net.ConnectException: Conexão recusada
	at org.springframework.data.redis.core.DefaultValueOperationsTests.tearDown(DefaultValueOperationsTests.java:91)
</error>
  </testcase>
  <testcase name="testSize[5]" classname="org.springframework.data.redis.core.DefaultValueOperationsTests" time="0">
    <error message="Cannot get Jedis connection; nested exception is redis.clients.jedis.exceptions.JedisConnectionException: Could not get a resource from the pool" type="org.springframework.data.redis.RedisConnectionFailureException">org.springframework.data.redis.RedisConnectionFailureException: Cannot get Jedis connection; nested exception is redis.clients.jedis.exceptions.JedisConnectionException: Could not get a resource from the pool
	at org.springframework.data.redis.core.DefaultValueOperationsTests.testSize(DefaultValueOperationsTests.java:260)
Caused by: redis.clients.jedis.exceptions.JedisConnectionException: Could not get a resource from the pool
	at org.springframework.data.redis.core.DefaultValueOperationsTests.testSize(DefaultValueOperationsTests.java:260)
Caused by: redis.clients.jedis.exceptions.JedisConnectionException: java.net.ConnectException: Conexão recusada
	at org.springframework.data.redis.core.DefaultValueOperationsTests.testSize(DefaultValueOperationsTests.java:260)
Caused by: java.net.ConnectException: Conexão recusada
	at org.springframework.data.redis.core.DefaultValueOperationsTests.testSize(DefaultValueOperationsTests.java:260)
</error>
  </testcase>
  <testcase name="testSize[5]" classname="org.springframework.data.redis.core.DefaultValueOperationsTests" time="0.001">
    <error message="Cannot get Jedis connection; nested exception is redis.clients.jedis.exceptions.JedisConnectionException: Could not get a resource from the pool" type="org.springframework.data.redis.RedisConnectionFailureException">org.springframework.data.redis.RedisConnectionFailureException: Cannot get Jedis connection; nested exception is redis.clients.jedis.exceptions.JedisConnectionException: Could not get a resource from the pool
	at org.springframework.data.redis.core.DefaultValueOperationsTests.tearDown(DefaultValueOperationsTests.java:91)
Caused by: redis.clients.jedis.exceptions.JedisConnectionException: Could not get a resource from the pool
	at org.springframework.data.redis.core.DefaultValueOperationsTests.tearDown(DefaultValueOperationsTests.java:91)
Caused by: redis.clients.jedis.exceptions.JedisConnectionException: java.net.ConnectException: Conexão recusada
	at org.springframework.data.redis.core.DefaultValueOperationsTests.tearDown(DefaultValueOperationsTests.java:91)
Caused by: java.net.ConnectException: Conexão recusada
	at org.springframework.data.redis.core.DefaultValueOperationsTests.tearDown(DefaultValueOperationsTests.java:91)
</error>
  </testcase>
  <testcase name="testMultiSetIfAbsentFailure[5]" classname="org.springframework.data.redis.core.DefaultValueOperationsTests" time="0.001">
    <error message="Cannot get Jedis connection; nested exception is redis.clients.jedis.exceptions.JedisConnectionException: Could not get a resource from the pool" type="org.springframework.data.redis.RedisConnectionFailureException">org.springframework.data.redis.RedisConnectionFailureException: Cannot get Jedis connection; nested exception is redis.clients.jedis.exceptions.JedisConnectionException: Could not get a resource from the pool
	at org.springframework.data.redis.core.DefaultValueOperationsTests.testMultiSetIfAbsentFailure(DefaultValueOperationsTests.java:150)
Caused by: redis.clients.jedis.exceptions.JedisConnectionException: Could not get a resource from the pool
	at org.springframework.data.redis.core.DefaultValueOperationsTests.testMultiSetIfAbsentFailure(DefaultValueOperationsTests.java:150)
Caused by: redis.clients.jedis.exceptions.JedisConnectionException: java.net.ConnectException: Conexão recusada
	at org.springframework.data.redis.core.DefaultValueOperationsTests.testMultiSetIfAbsentFailure(DefaultValueOperationsTests.java:150)
Caused by: java.net.ConnectException: Conexão recusada
	at org.springframework.data.redis.core.DefaultValueOperationsTests.testMultiSetIfAbsentFailure(DefaultValueOperationsTests.java:150)
</error>
  </testcase>
  <testcase name="testMultiSetIfAbsentFailure[5]" classname="org.springframework.data.redis.core.DefaultValueOperationsTests" time="0.001">
    <error message="Cannot get Jedis connection; nested exception is redis.clients.jedis.exceptions.JedisConnectionException: Could not get a resource from the pool" type="org.springframework.data.redis.RedisConnectionFailureException">org.springframework.data.redis.RedisConnectionFailureException: Cannot get Jedis connection; nested exception is redis.clients.jedis.exceptions.JedisConnectionException: Could not get a resource from the pool
	at org.springframework.data.redis.core.DefaultValueOperationsTests.tearDown(DefaultValueOperationsTests.java:91)
Caused by: redis.clients.jedis.exceptions.JedisConnectionException: Could not get a resource from the pool
	at org.springframework.data.redis.core.DefaultValueOperationsTests.tearDown(DefaultValueOperationsTests.java:91)
Caused by: redis.clients.jedis.exceptions.JedisConnectionException: java.net.ConnectException: Conexão recusada
	at org.springframework.data.redis.core.DefaultValueOperationsTests.tearDown(DefaultValueOperationsTests.java:91)
Caused by: java.net.ConnectException: Conexão recusada
	at org.springframework.data.redis.core.DefaultValueOperationsTests.tearDown(DefaultValueOperationsTests.java:91)
</error>
  </testcase>
  <testcase name="testIncrementDouble[5]" classname="org.springframework.data.redis.core.DefaultValueOperationsTests" time="0">
    <error message="Could not initialize class org.springframework.data.redis.RedisTestProfileValueSource" type="java.lang.NoClassDefFoundError">java.lang.NoClassDefFoundError: Could not initialize class org.springframework.data.redis.RedisTestProfileValueSource
	at org.springframework.data.redis.core.DefaultValueOperationsTests.testIncrementDouble(DefaultValueOperationsTests.java:117)
</error>
  </testcase>
  <testcase name="testIncrementDouble[5]" classname="org.springframework.data.redis.core.DefaultValueOperationsTests" time="0">
    <error message="Cannot get Jedis connection; nested exception is redis.clients.jedis.exceptions.JedisConnectionException: Could not get a resource from the pool" type="org.springframework.data.redis.RedisConnectionFailureException">org.springframework.data.redis.RedisConnectionFailureException: Cannot get Jedis connection; nested exception is redis.clients.jedis.exceptions.JedisConnectionException: Could not get a resource from the pool
	at org.springframework.data.redis.core.DefaultValueOperationsTests.tearDown(DefaultValueOperationsTests.java:91)
Caused by: redis.clients.jedis.exceptions.JedisConnectionException: Could not get a resource from the pool
	at org.springframework.data.redis.core.DefaultValueOperationsTests.tearDown(DefaultValueOperationsTests.java:91)
Caused by: redis.clients.jedis.exceptions.JedisConnectionException: java.net.ConnectException: Conexão recusada
	at org.springframework.data.redis.core.DefaultValueOperationsTests.tearDown(DefaultValueOperationsTests.java:91)
Caused by: java.net.ConnectException: Conexão recusada
	at org.springframework.data.redis.core.DefaultValueOperationsTests.tearDown(DefaultValueOperationsTests.java:91)
</error>
  </testcase>
  <testcase name="testSetWithExpirationWithTimeUnitMilliseconds[5]" classname="org.springframework.data.redis.core.DefaultValueOperationsTests" time="0.001">
    <error message="Could not initialize class org.springframework.data.redis.RedisTestProfileValueSource" type="java.lang.NoClassDefFoundError">java.lang.NoClassDefFoundError: Could not initialize class org.springframework.data.redis.RedisTestProfileValueSource
	at org.springframework.data.redis.core.DefaultValueOperationsTests.testSetWithExpirationWithTimeUnitMilliseconds(DefaultValueOperationsTests.java:206)
</error>
  </testcase>
  <testcase name="testSetWithExpirationWithTimeUnitMilliseconds[5]" classname="org.springframework.data.redis.core.DefaultValueOperationsTests" time="0.001">
    <error message="Cannot get Jedis connection; nested exception is redis.clients.jedis.exceptions.JedisConnectionException: Could not get a resource from the pool" type="org.springframework.data.redis.RedisConnectionFailureException">org.springframework.data.redis.RedisConnectionFailureException: Cannot get Jedis connection; nested exception is redis.clients.jedis.exceptions.JedisConnectionException: Could not get a resource from the pool
	at org.springframework.data.redis.core.DefaultValueOperationsTests.tearDown(DefaultValueOperationsTests.java:91)
Caused by: redis.clients.jedis.exceptions.JedisConnectionException: Could not get a resource from the pool
	at org.springframework.data.redis.core.DefaultValueOperationsTests.tearDown(DefaultValueOperationsTests.java:91)
Caused by: redis.clients.jedis.exceptions.JedisConnectionException: java.net.ConnectException: Conexão recusada
	at org.springframework.data.redis.core.DefaultValueOperationsTests.tearDown(DefaultValueOperationsTests.java:91)
Caused by: java.net.ConnectException: Conexão recusada
	at org.springframework.data.redis.core.DefaultValueOperationsTests.tearDown(DefaultValueOperationsTests.java:91)
</error>
  </testcase>
  <testcase name="testRawKeys[5]" classname="org.springframework.data.redis.core.DefaultValueOperationsTests" time="0.001">
    <error message="Cannot get Jedis connection; nested exception is redis.clients.jedis.exceptions.JedisConnectionException: Could not get a resource from the pool" type="org.springframework.data.redis.RedisConnectionFailureException">org.springframework.data.redis.RedisConnectionFailureException: Cannot get Jedis connection; nested exception is redis.clients.jedis.exceptions.JedisConnectionException: Could not get a resource from the pool
	at org.springframework.data.redis.core.DefaultValueOperationsTests.tearDown(DefaultValueOperationsTests.java:91)
Caused by: redis.clients.jedis.exceptions.JedisConnectionException: Could not get a resource from the pool
	at org.springframework.data.redis.core.DefaultValueOperationsTests.tearDown(DefaultValueOperationsTests.java:91)
Caused by: redis.clients.jedis.exceptions.JedisConnectionException: java.net.ConnectException: Conexão recusada
	at org.springframework.data.redis.core.DefaultValueOperationsTests.tearDown(DefaultValueOperationsTests.java:91)
Caused by: java.net.ConnectException: Conexão recusada
	at org.springframework.data.redis.core.DefaultValueOperationsTests.tearDown(DefaultValueOperationsTests.java:91)
</error>
  </testcase>
  <testcase name="testGetAndSet[5]" classname="org.springframework.data.redis.core.DefaultValueOperationsTests" time="0">
    <error message="Cannot get Jedis connection; nested exception is redis.clients.jedis.exceptions.JedisConnectionException: Could not get a resource from the pool" type="org.springframework.data.redis.RedisConnectionFailureException">org.springframework.data.redis.RedisConnectionFailureException: Cannot get Jedis connection; nested exception is redis.clients.jedis.exceptions.JedisConnectionException: Could not get a resource from the pool
	at org.springframework.data.redis.core.DefaultValueOperationsTests.testGetAndSet(DefaultValueOperationsTests.java:183)
Caused by: redis.clients.jedis.exceptions.JedisConnectionException: Could not get a resource from the pool
	at org.springframework.data.redis.core.DefaultValueOperationsTests.testGetAndSet(DefaultValueOperationsTests.java:183)
Caused by: redis.clients.jedis.exceptions.JedisConnectionException: java.net.ConnectException: Conexão recusada
	at org.springframework.data.redis.core.DefaultValueOperationsTests.testGetAndSet(DefaultValueOperationsTests.java:183)
Caused by: java.net.ConnectException: Conexão recusada
	at org.springframework.data.redis.core.DefaultValueOperationsTests.testGetAndSet(DefaultValueOperationsTests.java:183)
</error>
  </testcase>
  <testcase name="testGetAndSet[5]" classname="org.springframework.data.redis.core.DefaultValueOperationsTests" time="0.001">
    <error message="Cannot get Jedis connection; nested exception is redis.clients.jedis.exceptions.JedisConnectionException: Could not get a resource from the pool" type="org.springframework.data.redis.RedisConnectionFailureException">org.springframework.data.redis.RedisConnectionFailureException: Cannot get Jedis connection; nested exception is redis.clients.jedis.exceptions.JedisConnectionException: Could not get a resource from the pool
	at org.springframework.data.redis.core.DefaultValueOperationsTests.tearDown(DefaultValueOperationsTests.java:91)
Caused by: redis.clients.jedis.exceptions.JedisConnectionException: Could not get a resource from the pool
	at org.springframework.data.redis.core.DefaultValueOperationsTests.tearDown(DefaultValueOperationsTests.java:91)
Caused by: redis.clients.jedis.exceptions.JedisConnectionException: java.net.ConnectException: Conexão recusada
	at org.springframework.data.redis.core.DefaultValueOperationsTests.tearDown(DefaultValueOperationsTests.java:91)
Caused by: java.net.ConnectException: Conexão recusada
	at org.springframework.data.redis.core.DefaultValueOperationsTests.tearDown(DefaultValueOperationsTests.java:91)
</error>
  </testcase>
  <testcase name="testDeserializeKey[5]" classname="org.springframework.data.redis.core.DefaultValueOperationsTests" time="0">
    <error message="got: &lt;false&gt;, expected: is &lt;true&gt;" type="org.junit.AssumptionViolatedException"><![CDATA[org.junit.AssumptionViolatedException: got: <false>, expected: is <true>
	at org.springframework.data.redis.core.DefaultValueOperationsTests.testDeserializeKey(DefaultValueOperationsTests.java:286)
]]></error>
  </testcase>
  <testcase name="testDeserializeKey[5]" classname="org.springframework.data.redis.core.DefaultValueOperationsTests" time="0">
    <error message="Cannot get Jedis connection; nested exception is redis.clients.jedis.exceptions.JedisConnectionException: Could not get a resource from the pool" type="org.springframework.data.redis.RedisConnectionFailureException">org.springframework.data.redis.RedisConnectionFailureException: Cannot get Jedis connection; nested exception is redis.clients.jedis.exceptions.JedisConnectionException: Could not get a resource from the pool
	at org.springframework.data.redis.core.DefaultValueOperationsTests.tearDown(DefaultValueOperationsTests.java:91)
Caused by: redis.clients.jedis.exceptions.JedisConnectionException: Could not get a resource from the pool
	at org.springframework.data.redis.core.DefaultValueOperationsTests.tearDown(DefaultValueOperationsTests.java:91)
Caused by: redis.clients.jedis.exceptions.JedisConnectionException: java.net.ConnectException: Conexão recusada
	at org.springframework.data.redis.core.DefaultValueOperationsTests.tearDown(DefaultValueOperationsTests.java:91)
Caused by: java.net.ConnectException: Conexão recusada
	at org.springframework.data.redis.core.DefaultValueOperationsTests.tearDown(DefaultValueOperationsTests.java:91)
</error>
  </testcase>
  <testcase name="testSetWithExpiration[5]" classname="org.springframework.data.redis.core.DefaultValueOperationsTests" time="0.001">
    <error message="Could not initialize class org.springframework.data.redis.RedisTestProfileValueSource" type="java.lang.NoClassDefFoundError">java.lang.NoClassDefFoundError: Could not initialize class org.springframework.data.redis.RedisTestProfileValueSource
	at org.springframework.data.redis.core.DefaultValueOperationsTests.testSetWithExpiration(DefaultValueOperationsTests.java:189)
</error>
  </testcase>
  <testcase name="testSetWithExpiration[5]" classname="org.springframework.data.redis.core.DefaultValueOperationsTests" time="0.001">
    <error message="Cannot get Jedis connection; nested exception is redis.clients.jedis.exceptions.JedisConnectionException: Could not get a resource from the pool" type="org.springframework.data.redis.RedisConnectionFailureException">org.springframework.data.redis.RedisConnectionFailureException: Cannot get Jedis connection; nested exception is redis.clients.jedis.exceptions.JedisConnectionException: Could not get a resource from the pool
	at org.springframework.data.redis.core.DefaultValueOperationsTests.tearDown(DefaultValueOperationsTests.java:91)
Caused by: redis.clients.jedis.exceptions.JedisConnectionException: Could not get a resource from the pool
	at org.springframework.data.redis.core.DefaultValueOperationsTests.tearDown(DefaultValueOperationsTests.java:91)
Caused by: redis.clients.jedis.exceptions.JedisConnectionException: java.net.ConnectException: Conexão recusada
	at org.springframework.data.redis.core.DefaultValueOperationsTests.tearDown(DefaultValueOperationsTests.java:91)
Caused by: java.net.ConnectException: Conexão recusada
	at org.springframework.data.redis.core.DefaultValueOperationsTests.tearDown(DefaultValueOperationsTests.java:91)
</error>
  </testcase>
  <testcase name="testAppend[5]" classname="org.springframework.data.redis.core.DefaultValueOperationsTests" time="0">
    <error message="got: &lt;false&gt;, expected: is &lt;true&gt;" type="org.junit.AssumptionViolatedException"><![CDATA[org.junit.AssumptionViolatedException: got: <false>, expected: is <true>
	at org.springframework.data.redis.core.DefaultValueOperationsTests.testAppend(DefaultValueOperationsTests.java:221)
]]></error>
  </testcase>
  <testcase name="testAppend[5]" classname="org.springframework.data.redis.core.DefaultValueOperationsTests" time="0.001">
    <error message="Cannot get Jedis connection; nested exception is redis.clients.jedis.exceptions.JedisConnectionException: Could not get a resource from the pool" type="org.springframework.data.redis.RedisConnectionFailureException">org.springframework.data.redis.RedisConnectionFailureException: Cannot get Jedis connection; nested exception is redis.clients.jedis.exceptions.JedisConnectionException: Could not get a resource from the pool
	at org.springframework.data.redis.core.DefaultValueOperationsTests.tearDown(DefaultValueOperationsTests.java:91)
Caused by: redis.clients.jedis.exceptions.JedisConnectionException: Could not get a resource from the pool
	at org.springframework.data.redis.core.DefaultValueOperationsTests.tearDown(DefaultValueOperationsTests.java:91)
Caused by: redis.clients.jedis.exceptions.JedisConnectionException: java.net.ConnectException: Conexão recusada
	at org.springframework.data.redis.core.DefaultValueOperationsTests.tearDown(DefaultValueOperationsTests.java:91)
Caused by: java.net.ConnectException: Conexão recusada
	at org.springframework.data.redis.core.DefaultValueOperationsTests.tearDown(DefaultValueOperationsTests.java:91)
</error>
  </testcase>
  <testcase name="testIncrementLong[5]" classname="org.springframework.data.redis.core.DefaultValueOperationsTests" time="0">
    <error message="got: &lt;false&gt;, expected: is &lt;true&gt;" type="org.junit.AssumptionViolatedException"><![CDATA[org.junit.AssumptionViolatedException: got: <false>, expected: is <true>
	at org.springframework.data.redis.core.DefaultValueOperationsTests.testIncrementLong(DefaultValueOperationsTests.java:103)
]]></error>
  </testcase>
  <testcase name="testIncrementLong[5]" classname="org.springframework.data.redis.core.DefaultValueOperationsTests" time="0">
    <error message="Cannot get Jedis connection; nested exception is redis.clients.jedis.exceptions.JedisConnectionException: Could not get a resource from the pool" type="org.springframework.data.redis.RedisConnectionFailureException">org.springframework.data.redis.RedisConnectionFailureException: Cannot get Jedis connection; nested exception is redis.clients.jedis.exceptions.JedisConnectionException: Could not get a resource from the pool
	at org.springframework.data.redis.core.DefaultValueOperationsTests.tearDown(DefaultValueOperationsTests.java:91)
Caused by: redis.clients.jedis.exceptions.JedisConnectionException: Could not get a resource from the pool
	at org.springframework.data.redis.core.DefaultValueOperationsTests.tearDown(DefaultValueOperationsTests.java:91)
Caused by: redis.clients.jedis.exceptions.JedisConnectionException: java.net.ConnectException: Conexão recusada
	at org.springframework.data.redis.core.DefaultValueOperationsTests.tearDown(DefaultValueOperationsTests.java:91)
Caused by: java.net.ConnectException: Conexão recusada
	at org.springframework.data.redis.core.DefaultValueOperationsTests.tearDown(DefaultValueOperationsTests.java:91)
</error>
  </testcase>
  <testcase name="testMultiSet[5]" classname="org.springframework.data.redis.core.DefaultValueOperationsTests" time="0.001">
    <error message="Cannot get Jedis connection; nested exception is redis.clients.jedis.exceptions.JedisConnectionException: Could not get a resource from the pool" type="org.springframework.data.redis.RedisConnectionFailureException">org.springframework.data.redis.RedisConnectionFailureException: Cannot get Jedis connection; nested exception is redis.clients.jedis.exceptions.JedisConnectionException: Could not get a resource from the pool
	at org.springframework.data.redis.core.DefaultValueOperationsTests.testMultiSet(DefaultValueOperationsTests.java:166)
Caused by: redis.clients.jedis.exceptions.JedisConnectionException: Could not get a resource from the pool
	at org.springframework.data.redis.core.DefaultValueOperationsTests.testMultiSet(DefaultValueOperationsTests.java:166)
Caused by: redis.clients.jedis.exceptions.JedisConnectionException: java.net.ConnectException: Conexão recusada
	at org.springframework.data.redis.core.DefaultValueOperationsTests.testMultiSet(DefaultValueOperationsTests.java:166)
Caused by: java.net.ConnectException: Conexão recusada
	at org.springframework.data.redis.core.DefaultValueOperationsTests.testMultiSet(DefaultValueOperationsTests.java:166)
</error>
  </testcase>
  <testcase name="testMultiSet[5]" classname="org.springframework.data.redis.core.DefaultValueOperationsTests" time="0.001">
    <error message="Cannot get Jedis connection; nested exception is redis.clients.jedis.exceptions.JedisConnectionException: Could not get a resource from the pool" type="org.springframework.data.redis.RedisConnectionFailureException">org.springframework.data.redis.RedisConnectionFailureException: Cannot get Jedis connection; nested exception is redis.clients.jedis.exceptions.JedisConnectionException: Could not get a resource from the pool
	at org.springframework.data.redis.core.DefaultValueOperationsTests.tearDown(DefaultValueOperationsTests.java:91)
Caused by: redis.clients.jedis.exceptions.JedisConnectionException: Could not get a resource from the pool
	at org.springframework.data.redis.core.DefaultValueOperationsTests.tearDown(DefaultValueOperationsTests.java:91)
Caused by: redis.clients.jedis.exceptions.JedisConnectionException: java.net.ConnectException: Conexão recusada
	at org.springframework.data.redis.core.DefaultValueOperationsTests.tearDown(DefaultValueOperationsTests.java:91)
Caused by: java.net.ConnectException: Conexão recusada
	at org.springframework.data.redis.core.DefaultValueOperationsTests.tearDown(DefaultValueOperationsTests.java:91)
</error>
  </testcase>
  <testcase name="testGetSet[5]" classname="org.springframework.data.redis.core.DefaultValueOperationsTests" time="0.001">
    <error message="Cannot get Jedis connection; nested exception is redis.clients.jedis.exceptions.JedisConnectionException: Could not get a resource from the pool" type="org.springframework.data.redis.RedisConnectionFailureException">org.springframework.data.redis.RedisConnectionFailureException: Cannot get Jedis connection; nested exception is redis.clients.jedis.exceptions.JedisConnectionException: Could not get a resource from the pool
	at org.springframework.data.redis.core.DefaultValueOperationsTests.testGetSet(DefaultValueOperationsTests.java:174)
Caused by: redis.clients.jedis.exceptions.JedisConnectionException: Could not get a resource from the pool
	at org.springframework.data.redis.core.DefaultValueOperationsTests.testGetSet(DefaultValueOperationsTests.java:174)
Caused by: redis.clients.jedis.exceptions.JedisConnectionException: java.net.ConnectException: Conexão recusada
	at org.springframework.data.redis.core.DefaultValueOperationsTests.testGetSet(DefaultValueOperationsTests.java:174)
Caused by: java.net.ConnectException: Conexão recusada
	at org.springframework.data.redis.core.DefaultValueOperationsTests.testGetSet(DefaultValueOperationsTests.java:174)
</error>
  </testcase>
  <testcase name="testGetSet[5]" classname="org.springframework.data.redis.core.DefaultValueOperationsTests" time="0.001">
    <error message="Cannot get Jedis connection; nested exception is redis.clients.jedis.exceptions.JedisConnectionException: Could not get a resource from the pool" type="org.springframework.data.redis.RedisConnectionFailureException">org.springframework.data.redis.RedisConnectionFailureException: Cannot get Jedis connection; nested exception is redis.clients.jedis.exceptions.JedisConnectionException: Could not get a resource from the pool
	at org.springframework.data.redis.core.DefaultValueOperationsTests.tearDown(DefaultValueOperationsTests.java:91)
Caused by: redis.clients.jedis.exceptions.JedisConnectionException: Could not get a resource from the pool
	at org.springframework.data.redis.core.DefaultValueOperationsTests.tearDown(DefaultValueOperationsTests.java:91)
Caused by: redis.clients.jedis.exceptions.JedisConnectionException: java.net.ConnectException: Conexão recusada
	at org.springframework.data.redis.core.DefaultValueOperationsTests.tearDown(DefaultValueOperationsTests.java:91)
Caused by: java.net.ConnectException: Conexão recusada
	at org.springframework.data.redis.core.DefaultValueOperationsTests.tearDown(DefaultValueOperationsTests.java:91)
</error>
  </testcase>
  <testcase name="testMultiSetIfAbsent[5]" classname="org.springframework.data.redis.core.DefaultValueOperationsTests" time="0.001">
    <error message="Cannot get Jedis connection; nested exception is redis.clients.jedis.exceptions.JedisConnectionException: Could not get a resource from the pool" type="org.springframework.data.redis.RedisConnectionFailureException">org.springframework.data.redis.RedisConnectionFailureException: Cannot get Jedis connection; nested exception is redis.clients.jedis.exceptions.JedisConnectionException: Could not get a resource from the pool
	at org.springframework.data.redis.core.DefaultValueOperationsTests.testMultiSetIfAbsent(DefaultValueOperationsTests.java:139)
Caused by: redis.clients.jedis.exceptions.JedisConnectionException: Could not get a resource from the pool
	at org.springframework.data.redis.core.DefaultValueOperationsTests.testMultiSetIfAbsent(DefaultValueOperationsTests.java:139)
Caused by: redis.clients.jedis.exceptions.JedisConnectionException: java.net.ConnectException: Conexão recusada
	at org.springframework.data.redis.core.DefaultValueOperationsTests.testMultiSetIfAbsent(DefaultValueOperationsTests.java:139)
Caused by: java.net.ConnectException: Conexão recusada
	at org.springframework.data.redis.core.DefaultValueOperationsTests.testMultiSetIfAbsent(DefaultValueOperationsTests.java:139)
</error>
  </testcase>
  <testcase name="testMultiSetIfAbsent[5]" classname="org.springframework.data.redis.core.DefaultValueOperationsTests" time="0.004">
    <error message="Cannot get Jedis connection; nested exception is redis.clients.jedis.exceptions.JedisConnectionException: Could not get a resource from the pool" type="org.springframework.data.redis.RedisConnectionFailureException">org.springframework.data.redis.RedisConnectionFailureException: Cannot get Jedis connection; nested exception is redis.clients.jedis.exceptions.JedisConnectionException: Could not get a resource from the pool
	at org.springframework.data.redis.core.DefaultValueOperationsTests.tearDown(DefaultValueOperationsTests.java:91)
Caused by: redis.clients.jedis.exceptions.JedisConnectionException: Could not get a resource from the pool
	at org.springframework.data.redis.core.DefaultValueOperationsTests.tearDown(DefaultValueOperationsTests.java:91)
Caused by: redis.clients.jedis.exceptions.JedisConnectionException: java.net.ConnectException: Conexão recusada
	at org.springframework.data.redis.core.DefaultValueOperationsTests.tearDown(DefaultValueOperationsTests.java:91)
Caused by: java.net.ConnectException: Conexão recusada
	at org.springframework.data.redis.core.DefaultValueOperationsTests.tearDown(DefaultValueOperationsTests.java:91)
</error>
  </testcase>
  <testcase name="testSetIfAbsent[5]" classname="org.springframework.data.redis.core.DefaultValueOperationsTests" time="0">
    <error message="Cannot get Jedis connection; nested exception is redis.clients.jedis.exceptions.JedisConnectionException: Could not get a resource from the pool" type="org.springframework.data.redis.RedisConnectionFailureException">org.springframework.data.redis.RedisConnectionFailureException: Cannot get Jedis connection; nested exception is redis.clients.jedis.exceptions.JedisConnectionException: Could not get a resource from the pool
	at org.springframework.data.redis.core.DefaultValueOperationsTests.testSetIfAbsent(DefaultValueOperationsTests.java:252)
Caused by: redis.clients.jedis.exceptions.JedisConnectionException: Could not get a resource from the pool
	at org.springframework.data.redis.core.DefaultValueOperationsTests.testSetIfAbsent(DefaultValueOperationsTests.java:252)
Caused by: redis.clients.jedis.exceptions.JedisConnectionException: java.net.ConnectException: Conexão recusada
	at org.springframework.data.redis.core.DefaultValueOperationsTests.testSetIfAbsent(DefaultValueOperationsTests.java:252)
Caused by: java.net.ConnectException: Conexão recusada
	at org.springframework.data.redis.core.DefaultValueOperationsTests.testSetIfAbsent(DefaultValueOperationsTests.java:252)
</error>
  </testcase>
  <testcase name="testSetIfAbsent[5]" classname="org.springframework.data.redis.core.DefaultValueOperationsTests" time="0">
    <error message="Cannot get Jedis connection; nested exception is redis.clients.jedis.exceptions.JedisConnectionException: Could not get a resource from the pool" type="org.springframework.data.redis.RedisConnectionFailureException">org.springframework.data.redis.RedisConnectionFailureException: Cannot get Jedis connection; nested exception is redis.clients.jedis.exceptions.JedisConnectionException: Could not get a resource from the pool
	at org.springframework.data.redis.core.DefaultValueOperationsTests.tearDown(DefaultValueOperationsTests.java:91)
Caused by: redis.clients.jedis.exceptions.JedisConnectionException: Could not get a resource from the pool
	at org.springframework.data.redis.core.DefaultValueOperationsTests.tearDown(DefaultValueOperationsTests.java:91)
Caused by: redis.clients.jedis.exceptions.JedisConnectionException: java.net.ConnectException: Conexão recusada
	at org.springframework.data.redis.core.DefaultValueOperationsTests.tearDown(DefaultValueOperationsTests.java:91)
Caused by: java.net.ConnectException: Conexão recusada
	at org.springframework.data.redis.core.DefaultValueOperationsTests.tearDown(DefaultValueOperationsTests.java:91)
</error>
  </testcase>
  <testcase name="testRawKeysCollection[5]" classname="org.springframework.data.redis.core.DefaultValueOperationsTests" time="0">
    <error message="Cannot get Jedis connection; nested exception is redis.clients.jedis.exceptions.JedisConnectionException: Could not get a resource from the pool" type="org.springframework.data.redis.RedisConnectionFailureException">org.springframework.data.redis.RedisConnectionFailureException: Cannot get Jedis connection; nested exception is redis.clients.jedis.exceptions.JedisConnectionException: Could not get a resource from the pool
	at org.springframework.data.redis.core.DefaultValueOperationsTests.tearDown(DefaultValueOperationsTests.java:91)
Caused by: redis.clients.jedis.exceptions.JedisConnectionException: Could not get a resource from the pool
	at org.springframework.data.redis.core.DefaultValueOperationsTests.tearDown(DefaultValueOperationsTests.java:91)
Caused by: redis.clients.jedis.exceptions.JedisConnectionException: java.net.ConnectException: Conexão recusada
	at org.springframework.data.redis.core.DefaultValueOperationsTests.tearDown(DefaultValueOperationsTests.java:91)
Caused by: java.net.ConnectException: Conexão recusada
	at org.springframework.data.redis.core.DefaultValueOperationsTests.tearDown(DefaultValueOperationsTests.java:91)
</error>
  </testcase>
  <testcase name="testSetRange[5]" classname="org.springframework.data.redis.core.DefaultValueOperationsTests" time="0">
    <error message="Cannot get Jedis connection; nested exception is redis.clients.jedis.exceptions.JedisConnectionException: Could not get a resource from the pool" type="org.springframework.data.redis.RedisConnectionFailureException">org.springframework.data.redis.RedisConnectionFailureException: Cannot get Jedis connection; nested exception is redis.clients.jedis.exceptions.JedisConnectionException: Could not get a resource from the pool
	at org.springframework.data.redis.core.DefaultValueOperationsTests.testSetRange(DefaultValueOperationsTests.java:242)
Caused by: redis.clients.jedis.exceptions.JedisConnectionException: Could not get a resource from the pool
	at org.springframework.data.redis.core.DefaultValueOperationsTests.testSetRange(DefaultValueOperationsTests.java:242)
Caused by: redis.clients.jedis.exceptions.JedisConnectionException: java.net.ConnectException: Conexão recusada
	at org.springframework.data.redis.core.DefaultValueOperationsTests.testSetRange(DefaultValueOperationsTests.java:242)
Caused by: java.net.ConnectException: Conexão recusada
	at org.springframework.data.redis.core.DefaultValueOperationsTests.testSetRange(DefaultValueOperationsTests.java:242)
</error>
  </testcase>
  <testcase name="testSetRange[5]" classname="org.springframework.data.redis.core.DefaultValueOperationsTests" time="0.001">
    <error message="Cannot get Jedis connection; nested exception is redis.clients.jedis.exceptions.JedisConnectionException: Could not get a resource from the pool" type="org.springframework.data.redis.RedisConnectionFailureException">org.springframework.data.redis.RedisConnectionFailureException: Cannot get Jedis connection; nested exception is redis.clients.jedis.exceptions.JedisConnectionException: Could not get a resource from the pool
	at org.springframework.data.redis.core.DefaultValueOperationsTests.tearDown(DefaultValueOperationsTests.java:91)
Caused by: redis.clients.jedis.exceptions.JedisConnectionException: Could not get a resource from the pool
	at org.springframework.data.redis.core.DefaultValueOperationsTests.tearDown(DefaultValueOperationsTests.java:91)
Caused by: redis.clients.jedis.exceptions.JedisConnectionException: java.net.ConnectException: Conexão recusada
	at org.springframework.data.redis.core.DefaultValueOperationsTests.tearDown(DefaultValueOperationsTests.java:91)
Caused by: java.net.ConnectException: Conexão recusada
	at org.springframework.data.redis.core.DefaultValueOperationsTests.tearDown(DefaultValueOperationsTests.java:91)
</error>
  </testcase>
  <testcase name="testSetAndGetBit[6]" classname="org.springframework.data.redis.core.DefaultValueOperationsTests" time="0">
    <error message="got: &lt;false&gt;, expected: is &lt;true&gt;" type="org.junit.AssumptionViolatedException"><![CDATA[org.junit.AssumptionViolatedException: got: <false>, expected: is <true>
	at org.springframework.data.redis.core.DefaultValueOperationsTests.testSetAndGetBit(DefaultValueOperationsTests.java:296)
]]></error>
  </testcase>
  <testcase name="testSetAndGetBit[6]" classname="org.springframework.data.redis.core.DefaultValueOperationsTests" time="0">
    <error message="Cannot get Jedis connection; nested exception is redis.clients.jedis.exceptions.JedisConnectionException: Could not get a resource from the pool" type="org.springframework.data.redis.RedisConnectionFailureException">org.springframework.data.redis.RedisConnectionFailureException: Cannot get Jedis connection; nested exception is redis.clients.jedis.exceptions.JedisConnectionException: Could not get a resource from the pool
	at org.springframework.data.redis.core.DefaultValueOperationsTests.tearDown(DefaultValueOperationsTests.java:91)
Caused by: redis.clients.jedis.exceptions.JedisConnectionException: Could not get a resource from the pool
	at org.springframework.data.redis.core.DefaultValueOperationsTests.tearDown(DefaultValueOperationsTests.java:91)
Caused by: redis.clients.jedis.exceptions.JedisConnectionException: java.net.ConnectException: Conexão recusada
	at org.springframework.data.redis.core.DefaultValueOperationsTests.tearDown(DefaultValueOperationsTests.java:91)
Caused by: java.net.ConnectException: Conexão recusada
	at org.springframework.data.redis.core.DefaultValueOperationsTests.tearDown(DefaultValueOperationsTests.java:91)
</error>
  </testcase>
  <testcase name="testGetRange[6]" classname="org.springframework.data.redis.core.DefaultValueOperationsTests" time="0.001">
    <error message="got: &lt;false&gt;, expected: is &lt;true&gt;" type="org.junit.AssumptionViolatedException"><![CDATA[org.junit.AssumptionViolatedException: got: <false>, expected: is <true>
	at org.springframework.data.redis.core.DefaultValueOperationsTests.testGetRange(DefaultValueOperationsTests.java:231)
]]></error>
  </testcase>
  <testcase name="testGetRange[6]" classname="org.springframework.data.redis.core.DefaultValueOperationsTests" time="0.003">
    <error message="Cannot get Jedis connection; nested exception is redis.clients.jedis.exceptions.JedisConnectionException: Could not get a resource from the pool" type="org.springframework.data.redis.RedisConnectionFailureException">org.springframework.data.redis.RedisConnectionFailureException: Cannot get Jedis connection; nested exception is redis.clients.jedis.exceptions.JedisConnectionException: Could not get a resource from the pool
	at org.springframework.data.redis.core.DefaultValueOperationsTests.tearDown(DefaultValueOperationsTests.java:91)
Caused by: redis.clients.jedis.exceptions.JedisConnectionException: Could not get a resource from the pool
	at org.springframework.data.redis.core.DefaultValueOperationsTests.tearDown(DefaultValueOperationsTests.java:91)
Caused by: redis.clients.jedis.exceptions.JedisConnectionException: java.net.ConnectException: Conexão recusada
	at org.springframework.data.redis.core.DefaultValueOperationsTests.tearDown(DefaultValueOperationsTests.java:91)
Caused by: java.net.ConnectException: Conexão recusada
	at org.springframework.data.redis.core.DefaultValueOperationsTests.tearDown(DefaultValueOperationsTests.java:91)
</error>
  </testcase>
  <testcase name="testSize[6]" classname="org.springframework.data.redis.core.DefaultValueOperationsTests" time="0.006">
    <error message="Cannot get Jedis connection; nested exception is redis.clients.jedis.exceptions.JedisConnectionException: Could not get a resource from the pool" type="org.springframework.data.redis.RedisConnectionFailureException">org.springframework.data.redis.RedisConnectionFailureException: Cannot get Jedis connection; nested exception is redis.clients.jedis.exceptions.JedisConnectionException: Could not get a resource from the pool
	at org.springframework.data.redis.core.DefaultValueOperationsTests.testSize(DefaultValueOperationsTests.java:260)
Caused by: redis.clients.jedis.exceptions.JedisConnectionException: Could not get a resource from the pool
	at org.springframework.data.redis.core.DefaultValueOperationsTests.testSize(DefaultValueOperationsTests.java:260)
Caused by: redis.clients.jedis.exceptions.JedisConnectionException: java.net.ConnectException: Conexão recusada
	at org.springframework.data.redis.core.DefaultValueOperationsTests.testSize(DefaultValueOperationsTests.java:260)
Caused by: java.net.ConnectException: Conexão recusada
	at org.springframework.data.redis.core.DefaultValueOperationsTests.testSize(DefaultValueOperationsTests.java:260)
</error>
  </testcase>
  <testcase name="testSize[6]" classname="org.springframework.data.redis.core.DefaultValueOperationsTests" time="0.006">
    <error message="Cannot get Jedis connection; nested exception is redis.clients.jedis.exceptions.JedisConnectionException: Could not get a resource from the pool" type="org.springframework.data.redis.RedisConnectionFailureException">org.springframework.data.redis.RedisConnectionFailureException: Cannot get Jedis connection; nested exception is redis.clients.jedis.exceptions.JedisConnectionException: Could not get a resource from the pool
	at org.springframework.data.redis.core.DefaultValueOperationsTests.tearDown(DefaultValueOperationsTests.java:91)
Caused by: redis.clients.jedis.exceptions.JedisConnectionException: Could not get a resource from the pool
	at org.springframework.data.redis.core.DefaultValueOperationsTests.tearDown(DefaultValueOperationsTests.java:91)
Caused by: redis.clients.jedis.exceptions.JedisConnectionException: java.net.ConnectException: Conexão recusada
	at org.springframework.data.redis.core.DefaultValueOperationsTests.tearDown(DefaultValueOperationsTests.java:91)
Caused by: java.net.ConnectException: Conexão recusada
	at org.springframework.data.redis.core.DefaultValueOperationsTests.tearDown(DefaultValueOperationsTests.java:91)
</error>
  </testcase>
  <testcase name="testMultiSetIfAbsentFailure[6]" classname="org.springframework.data.redis.core.DefaultValueOperationsTests" time="0.001">
    <error message="Cannot get Jedis connection; nested exception is redis.clients.jedis.exceptions.JedisConnectionException: Could not get a resource from the pool" type="org.springframework.data.redis.RedisConnectionFailureException">org.springframework.data.redis.RedisConnectionFailureException: Cannot get Jedis connection; nested exception is redis.clients.jedis.exceptions.JedisConnectionException: Could not get a resource from the pool
	at org.springframework.data.redis.core.DefaultValueOperationsTests.testMultiSetIfAbsentFailure(DefaultValueOperationsTests.java:150)
Caused by: redis.clients.jedis.exceptions.JedisConnectionException: Could not get a resource from the pool
	at org.springframework.data.redis.core.DefaultValueOperationsTests.testMultiSetIfAbsentFailure(DefaultValueOperationsTests.java:150)
Caused by: redis.clients.jedis.exceptions.JedisConnectionException: java.net.ConnectException: Conexão recusada
	at org.springframework.data.redis.core.DefaultValueOperationsTests.testMultiSetIfAbsentFailure(DefaultValueOperationsTests.java:150)
Caused by: java.net.ConnectException: Conexão recusada
	at org.springframework.data.redis.core.DefaultValueOperationsTests.testMultiSetIfAbsentFailure(DefaultValueOperationsTests.java:150)
</error>
  </testcase>
  <testcase name="testMultiSetIfAbsentFailure[6]" classname="org.springframework.data.redis.core.DefaultValueOperationsTests" time="0.002">
    <error message="Cannot get Jedis connection; nested exception is redis.clients.jedis.exceptions.JedisConnectionException: Could not get a resource from the pool" type="org.springframework.data.redis.RedisConnectionFailureException">org.springframework.data.redis.RedisConnectionFailureException: Cannot get Jedis connection; nested exception is redis.clients.jedis.exceptions.JedisConnectionException: Could not get a resource from the pool
	at org.springframework.data.redis.core.DefaultValueOperationsTests.tearDown(DefaultValueOperationsTests.java:91)
Caused by: redis.clients.jedis.exceptions.JedisConnectionException: Could not get a resource from the pool
	at org.springframework.data.redis.core.DefaultValueOperationsTests.tearDown(DefaultValueOperationsTests.java:91)
Caused by: redis.clients.jedis.exceptions.JedisConnectionException: java.net.ConnectException: Conexão recusada
	at org.springframework.data.redis.core.DefaultValueOperationsTests.tearDown(DefaultValueOperationsTests.java:91)
Caused by: java.net.ConnectException: Conexão recusada
	at org.springframework.data.redis.core.DefaultValueOperationsTests.tearDown(DefaultValueOperationsTests.java:91)
</error>
  </testcase>
  <testcase name="testIncrementDouble[6]" classname="org.springframework.data.redis.core.DefaultValueOperationsTests" time="0">
    <error message="Could not initialize class org.springframework.data.redis.RedisTestProfileValueSource" type="java.lang.NoClassDefFoundError">java.lang.NoClassDefFoundError: Could not initialize class org.springframework.data.redis.RedisTestProfileValueSource
	at org.springframework.data.redis.core.DefaultValueOperationsTests.testIncrementDouble(DefaultValueOperationsTests.java:117)
</error>
  </testcase>
  <testcase name="testIncrementDouble[6]" classname="org.springframework.data.redis.core.DefaultValueOperationsTests" time="0">
    <error message="Cannot get Jedis connection; nested exception is redis.clients.jedis.exceptions.JedisConnectionException: Could not get a resource from the pool" type="org.springframework.data.redis.RedisConnectionFailureException">org.springframework.data.redis.RedisConnectionFailureException: Cannot get Jedis connection; nested exception is redis.clients.jedis.exceptions.JedisConnectionException: Could not get a resource from the pool
	at org.springframework.data.redis.core.DefaultValueOperationsTests.tearDown(DefaultValueOperationsTests.java:91)
Caused by: redis.clients.jedis.exceptions.JedisConnectionException: Could not get a resource from the pool
	at org.springframework.data.redis.core.DefaultValueOperationsTests.tearDown(DefaultValueOperationsTests.java:91)
Caused by: redis.clients.jedis.exceptions.JedisConnectionException: java.net.ConnectException: Conexão recusada
	at org.springframework.data.redis.core.DefaultValueOperationsTests.tearDown(DefaultValueOperationsTests.java:91)
Caused by: java.net.ConnectException: Conexão recusada
	at org.springframework.data.redis.core.DefaultValueOperationsTests.tearDown(DefaultValueOperationsTests.java:91)
</error>
  </testcase>
  <testcase name="testSetWithExpirationWithTimeUnitMilliseconds[6]" classname="org.springframework.data.redis.core.DefaultValueOperationsTests" time="0.001">
    <error message="Could not initialize class org.springframework.data.redis.RedisTestProfileValueSource" type="java.lang.NoClassDefFoundError">java.lang.NoClassDefFoundError: Could not initialize class org.springframework.data.redis.RedisTestProfileValueSource
	at org.springframework.data.redis.core.DefaultValueOperationsTests.testSetWithExpirationWithTimeUnitMilliseconds(DefaultValueOperationsTests.java:206)
</error>
  </testcase>
  <testcase name="testSetWithExpirationWithTimeUnitMilliseconds[6]" classname="org.springframework.data.redis.core.DefaultValueOperationsTests" time="0.001">
    <error message="Cannot get Jedis connection; nested exception is redis.clients.jedis.exceptions.JedisConnectionException: Could not get a resource from the pool" type="org.springframework.data.redis.RedisConnectionFailureException">org.springframework.data.redis.RedisConnectionFailureException: Cannot get Jedis connection; nested exception is redis.clients.jedis.exceptions.JedisConnectionException: Could not get a resource from the pool
	at org.springframework.data.redis.core.DefaultValueOperationsTests.tearDown(DefaultValueOperationsTests.java:91)
Caused by: redis.clients.jedis.exceptions.JedisConnectionException: Could not get a resource from the pool
	at org.springframework.data.redis.core.DefaultValueOperationsTests.tearDown(DefaultValueOperationsTests.java:91)
Caused by: redis.clients.jedis.exceptions.JedisConnectionException: java.net.ConnectException: Conexão recusada
	at org.springframework.data.redis.core.DefaultValueOperationsTests.tearDown(DefaultValueOperationsTests.java:91)
Caused by: java.net.ConnectException: Conexão recusada
	at org.springframework.data.redis.core.DefaultValueOperationsTests.tearDown(DefaultValueOperationsTests.java:91)
</error>
  </testcase>
  <testcase name="testRawKeys[6]" classname="org.springframework.data.redis.core.DefaultValueOperationsTests" time="0.001">
    <error message="Cannot get Jedis connection; nested exception is redis.clients.jedis.exceptions.JedisConnectionException: Could not get a resource from the pool" type="org.springframework.data.redis.RedisConnectionFailureException">org.springframework.data.redis.RedisConnectionFailureException: Cannot get Jedis connection; nested exception is redis.clients.jedis.exceptions.JedisConnectionException: Could not get a resource from the pool
	at org.springframework.data.redis.core.DefaultValueOperationsTests.tearDown(DefaultValueOperationsTests.java:91)
Caused by: redis.clients.jedis.exceptions.JedisConnectionException: Could not get a resource from the pool
	at org.springframework.data.redis.core.DefaultValueOperationsTests.tearDown(DefaultValueOperationsTests.java:91)
Caused by: redis.clients.jedis.exceptions.JedisConnectionException: java.net.ConnectException: Conexão recusada
	at org.springframework.data.redis.core.DefaultValueOperationsTests.tearDown(DefaultValueOperationsTests.java:91)
Caused by: java.net.ConnectException: Conexão recusada
	at org.springframework.data.redis.core.DefaultValueOperationsTests.tearDown(DefaultValueOperationsTests.java:91)
</error>
  </testcase>
  <testcase name="testGetAndSet[6]" classname="org.springframework.data.redis.core.DefaultValueOperationsTests" time="0.001">
    <error message="Cannot get Jedis connection; nested exception is redis.clients.jedis.exceptions.JedisConnectionException: Could not get a resource from the pool" type="org.springframework.data.redis.RedisConnectionFailureException">org.springframework.data.redis.RedisConnectionFailureException: Cannot get Jedis connection; nested exception is redis.clients.jedis.exceptions.JedisConnectionException: Could not get a resource from the pool
	at org.springframework.data.redis.core.DefaultValueOperationsTests.testGetAndSet(DefaultValueOperationsTests.java:183)
Caused by: redis.clients.jedis.exceptions.JedisConnectionException: Could not get a resource from the pool
	at org.springframework.data.redis.core.DefaultValueOperationsTests.testGetAndSet(DefaultValueOperationsTests.java:183)
Caused by: redis.clients.jedis.exceptions.JedisConnectionException: java.net.ConnectException: Conexão recusada
	at org.springframework.data.redis.core.DefaultValueOperationsTests.testGetAndSet(DefaultValueOperationsTests.java:183)
Caused by: java.net.ConnectException: Conexão recusada
	at org.springframework.data.redis.core.DefaultValueOperationsTests.testGetAndSet(DefaultValueOperationsTests.java:183)
</error>
  </testcase>
  <testcase name="testGetAndSet[6]" classname="org.springframework.data.redis.core.DefaultValueOperationsTests" time="0.001">
    <error message="Cannot get Jedis connection; nested exception is redis.clients.jedis.exceptions.JedisConnectionException: Could not get a resource from the pool" type="org.springframework.data.redis.RedisConnectionFailureException">org.springframework.data.redis.RedisConnectionFailureException: Cannot get Jedis connection; nested exception is redis.clients.jedis.exceptions.JedisConnectionException: Could not get a resource from the pool
	at org.springframework.data.redis.core.DefaultValueOperationsTests.tearDown(DefaultValueOperationsTests.java:91)
Caused by: redis.clients.jedis.exceptions.JedisConnectionException: Could not get a resource from the pool
	at org.springframework.data.redis.core.DefaultValueOperationsTests.tearDown(DefaultValueOperationsTests.java:91)
Caused by: redis.clients.jedis.exceptions.JedisConnectionException: java.net.ConnectException: Conexão recusada
	at org.springframework.data.redis.core.DefaultValueOperationsTests.tearDown(DefaultValueOperationsTests.java:91)
Caused by: java.net.ConnectException: Conexão recusada
	at org.springframework.data.redis.core.DefaultValueOperationsTests.tearDown(DefaultValueOperationsTests.java:91)
</error>
  </testcase>
  <testcase name="testDeserializeKey[6]" classname="org.springframework.data.redis.core.DefaultValueOperationsTests" time="0">
    <error message="got: &lt;false&gt;, expected: is &lt;true&gt;" type="org.junit.AssumptionViolatedException"><![CDATA[org.junit.AssumptionViolatedException: got: <false>, expected: is <true>
	at org.springframework.data.redis.core.DefaultValueOperationsTests.testDeserializeKey(DefaultValueOperationsTests.java:286)
]]></error>
  </testcase>
  <testcase name="testDeserializeKey[6]" classname="org.springframework.data.redis.core.DefaultValueOperationsTests" time="0.001">
    <error message="Cannot get Jedis connection; nested exception is redis.clients.jedis.exceptions.JedisConnectionException: Could not get a resource from the pool" type="org.springframework.data.redis.RedisConnectionFailureException">org.springframework.data.redis.RedisConnectionFailureException: Cannot get Jedis connection; nested exception is redis.clients.jedis.exceptions.JedisConnectionException: Could not get a resource from the pool
	at org.springframework.data.redis.core.DefaultValueOperationsTests.tearDown(DefaultValueOperationsTests.java:91)
Caused by: redis.clients.jedis.exceptions.JedisConnectionException: Could not get a resource from the pool
	at org.springframework.data.redis.core.DefaultValueOperationsTests.tearDown(DefaultValueOperationsTests.java:91)
Caused by: redis.clients.jedis.exceptions.JedisConnectionException: java.net.ConnectException: Conexão recusada
	at org.springframework.data.redis.core.DefaultValueOperationsTests.tearDown(DefaultValueOperationsTests.java:91)
Caused by: java.net.ConnectException: Conexão recusada
	at org.springframework.data.redis.core.DefaultValueOperationsTests.tearDown(DefaultValueOperationsTests.java:91)
</error>
  </testcase>
  <testcase name="testSetWithExpiration[6]" classname="org.springframework.data.redis.core.DefaultValueOperationsTests" time="0">
    <error message="Could not initialize class org.springframework.data.redis.RedisTestProfileValueSource" type="java.lang.NoClassDefFoundError">java.lang.NoClassDefFoundError: Could not initialize class org.springframework.data.redis.RedisTestProfileValueSource
	at org.springframework.data.redis.core.DefaultValueOperationsTests.testSetWithExpiration(DefaultValueOperationsTests.java:189)
</error>
  </testcase>
  <testcase name="testSetWithExpiration[6]" classname="org.springframework.data.redis.core.DefaultValueOperationsTests" time="0">
    <error message="Cannot get Jedis connection; nested exception is redis.clients.jedis.exceptions.JedisConnectionException: Could not get a resource from the pool" type="org.springframework.data.redis.RedisConnectionFailureException">org.springframework.data.redis.RedisConnectionFailureException: Cannot get Jedis connection; nested exception is redis.clients.jedis.exceptions.JedisConnectionException: Could not get a resource from the pool
	at org.springframework.data.redis.core.DefaultValueOperationsTests.tearDown(DefaultValueOperationsTests.java:91)
Caused by: redis.clients.jedis.exceptions.JedisConnectionException: Could not get a resource from the pool
	at org.springframework.data.redis.core.DefaultValueOperationsTests.tearDown(DefaultValueOperationsTests.java:91)
Caused by: redis.clients.jedis.exceptions.JedisConnectionException: java.net.ConnectException: Conexão recusada
	at org.springframework.data.redis.core.DefaultValueOperationsTests.tearDown(DefaultValueOperationsTests.java:91)
Caused by: java.net.ConnectException: Conexão recusada
	at org.springframework.data.redis.core.DefaultValueOperationsTests.tearDown(DefaultValueOperationsTests.java:91)
</error>
  </testcase>
  <testcase name="testAppend[6]" classname="org.springframework.data.redis.core.DefaultValueOperationsTests" time="0.001">
    <error message="got: &lt;false&gt;, expected: is &lt;true&gt;" type="org.junit.AssumptionViolatedException"><![CDATA[org.junit.AssumptionViolatedException: got: <false>, expected: is <true>
	at org.springframework.data.redis.core.DefaultValueOperationsTests.testAppend(DefaultValueOperationsTests.java:221)
]]></error>
  </testcase>
  <testcase name="testAppend[6]" classname="org.springframework.data.redis.core.DefaultValueOperationsTests" time="0.001">
    <error message="Cannot get Jedis connection; nested exception is redis.clients.jedis.exceptions.JedisConnectionException: Could not get a resource from the pool" type="org.springframework.data.redis.RedisConnectionFailureException">org.springframework.data.redis.RedisConnectionFailureException: Cannot get Jedis connection; nested exception is redis.clients.jedis.exceptions.JedisConnectionException: Could not get a resource from the pool
	at org.springframework.data.redis.core.DefaultValueOperationsTests.tearDown(DefaultValueOperationsTests.java:91)
Caused by: redis.clients.jedis.exceptions.JedisConnectionException: Could not get a resource from the pool
	at org.springframework.data.redis.core.DefaultValueOperationsTests.tearDown(DefaultValueOperationsTests.java:91)
Caused by: redis.clients.jedis.exceptions.JedisConnectionException: java.net.ConnectException: Conexão recusada
	at org.springframework.data.redis.core.DefaultValueOperationsTests.tearDown(DefaultValueOperationsTests.java:91)
Caused by: java.net.ConnectException: Conexão recusada
	at org.springframework.data.redis.core.DefaultValueOperationsTests.tearDown(DefaultValueOperationsTests.java:91)
</error>
  </testcase>
  <testcase name="testIncrementLong[6]" classname="org.springframework.data.redis.core.DefaultValueOperationsTests" time="0">
    <error message="got: &lt;false&gt;, expected: is &lt;true&gt;" type="org.junit.AssumptionViolatedException"><![CDATA[org.junit.AssumptionViolatedException: got: <false>, expected: is <true>
	at org.springframework.data.redis.core.DefaultValueOperationsTests.testIncrementLong(DefaultValueOperationsTests.java:103)
]]></error>
  </testcase>
  <testcase name="testIncrementLong[6]" classname="org.springframework.data.redis.core.DefaultValueOperationsTests" time="0.001">
    <error message="Cannot get Jedis connection; nested exception is redis.clients.jedis.exceptions.JedisConnectionException: Could not get a resource from the pool" type="org.springframework.data.redis.RedisConnectionFailureException">org.springframework.data.redis.RedisConnectionFailureException: Cannot get Jedis connection; nested exception is redis.clients.jedis.exceptions.JedisConnectionException: Could not get a resource from the pool
	at org.springframework.data.redis.core.DefaultValueOperationsTests.tearDown(DefaultValueOperationsTests.java:91)
Caused by: redis.clients.jedis.exceptions.JedisConnectionException: Could not get a resource from the pool
	at org.springframework.data.redis.core.DefaultValueOperationsTests.tearDown(DefaultValueOperationsTests.java:91)
Caused by: redis.clients.jedis.exceptions.JedisConnectionException: java.net.ConnectException: Conexão recusada
	at org.springframework.data.redis.core.DefaultValueOperationsTests.tearDown(DefaultValueOperationsTests.java:91)
Caused by: java.net.ConnectException: Conexão recusada
	at org.springframework.data.redis.core.DefaultValueOperationsTests.tearDown(DefaultValueOperationsTests.java:91)
</error>
  </testcase>
  <testcase name="testMultiSet[6]" classname="org.springframework.data.redis.core.DefaultValueOperationsTests" time="0.001">
    <error message="Cannot get Jedis connection; nested exception is redis.clients.jedis.exceptions.JedisConnectionException: Could not get a resource from the pool" type="org.springframework.data.redis.RedisConnectionFailureException">org.springframework.data.redis.RedisConnectionFailureException: Cannot get Jedis connection; nested exception is redis.clients.jedis.exceptions.JedisConnectionException: Could not get a resource from the pool
	at org.springframework.data.redis.core.DefaultValueOperationsTests.testMultiSet(DefaultValueOperationsTests.java:166)
Caused by: redis.clients.jedis.exceptions.JedisConnectionException: Could not get a resource from the pool
	at org.springframework.data.redis.core.DefaultValueOperationsTests.testMultiSet(DefaultValueOperationsTests.java:166)
Caused by: redis.clients.jedis.exceptions.JedisConnectionException: java.net.ConnectException: Conexão recusada
	at org.springframework.data.redis.core.DefaultValueOperationsTests.testMultiSet(DefaultValueOperationsTests.java:166)
Caused by: java.net.ConnectException: Conexão recusada
	at org.springframework.data.redis.core.DefaultValueOperationsTests.testMultiSet(DefaultValueOperationsTests.java:166)
</error>
  </testcase>
  <testcase name="testMultiSet[6]" classname="org.springframework.data.redis.core.DefaultValueOperationsTests" time="0.002">
    <error message="Cannot get Jedis connection; nested exception is redis.clients.jedis.exceptions.JedisConnectionException: Could not get a resource from the pool" type="org.springframework.data.redis.RedisConnectionFailureException">org.springframework.data.redis.RedisConnectionFailureException: Cannot get Jedis connection; nested exception is redis.clients.jedis.exceptions.JedisConnectionException: Could not get a resource from the pool
	at org.springframework.data.redis.core.DefaultValueOperationsTests.tearDown(DefaultValueOperationsTests.java:91)
Caused by: redis.clients.jedis.exceptions.JedisConnectionException: Could not get a resource from the pool
	at org.springframework.data.redis.core.DefaultValueOperationsTests.tearDown(DefaultValueOperationsTests.java:91)
Caused by: redis.clients.jedis.exceptions.JedisConnectionException: java.net.ConnectException: Conexão recusada
	at org.springframework.data.redis.core.DefaultValueOperationsTests.tearDown(DefaultValueOperationsTests.java:91)
Caused by: java.net.ConnectException: Conexão recusada
	at org.springframework.data.redis.core.DefaultValueOperationsTests.tearDown(DefaultValueOperationsTests.java:91)
</error>
  </testcase>
  <testcase name="testGetSet[6]" classname="org.springframework.data.redis.core.DefaultValueOperationsTests" time="0.001">
    <error message="Cannot get Jedis connection; nested exception is redis.clients.jedis.exceptions.JedisConnectionException: Could not get a resource from the pool" type="org.springframework.data.redis.RedisConnectionFailureException">org.springframework.data.redis.RedisConnectionFailureException: Cannot get Jedis connection; nested exception is redis.clients.jedis.exceptions.JedisConnectionException: Could not get a resource from the pool
	at org.springframework.data.redis.core.DefaultValueOperationsTests.testGetSet(DefaultValueOperationsTests.java:174)
Caused by: redis.clients.jedis.exceptions.JedisConnectionException: Could not get a resource from the pool
	at org.springframework.data.redis.core.DefaultValueOperationsTests.testGetSet(DefaultValueOperationsTests.java:174)
Caused by: redis.clients.jedis.exceptions.JedisConnectionException: java.net.ConnectException: Conexão recusada
	at org.springframework.data.redis.core.DefaultValueOperationsTests.testGetSet(DefaultValueOperationsTests.java:174)
Caused by: java.net.ConnectException: Conexão recusada
	at org.springframework.data.redis.core.DefaultValueOperationsTests.testGetSet(DefaultValueOperationsTests.java:174)
</error>
  </testcase>
  <testcase name="testGetSet[6]" classname="org.springframework.data.redis.core.DefaultValueOperationsTests" time="0.001">
    <error message="Cannot get Jedis connection; nested exception is redis.clients.jedis.exceptions.JedisConnectionException: Could not get a resource from the pool" type="org.springframework.data.redis.RedisConnectionFailureException">org.springframework.data.redis.RedisConnectionFailureException: Cannot get Jedis connection; nested exception is redis.clients.jedis.exceptions.JedisConnectionException: Could not get a resource from the pool
	at org.springframework.data.redis.core.DefaultValueOperationsTests.tearDown(DefaultValueOperationsTests.java:91)
Caused by: redis.clients.jedis.exceptions.JedisConnectionException: Could not get a resource from the pool
	at org.springframework.data.redis.core.DefaultValueOperationsTests.tearDown(DefaultValueOperationsTests.java:91)
Caused by: redis.clients.jedis.exceptions.JedisConnectionException: java.net.ConnectException: Conexão recusada
	at org.springframework.data.redis.core.DefaultValueOperationsTests.tearDown(DefaultValueOperationsTests.java:91)
Caused by: java.net.ConnectException: Conexão recusada
	at org.springframework.data.redis.core.DefaultValueOperationsTests.tearDown(DefaultValueOperationsTests.java:91)
</error>
  </testcase>
  <testcase name="testMultiSetIfAbsent[6]" classname="org.springframework.data.redis.core.DefaultValueOperationsTests" time="0.002">
    <error message="Cannot get Jedis connection; nested exception is redis.clients.jedis.exceptions.JedisConnectionException: Could not get a resource from the pool" type="org.springframework.data.redis.RedisConnectionFailureException">org.springframework.data.redis.RedisConnectionFailureException: Cannot get Jedis connection; nested exception is redis.clients.jedis.exceptions.JedisConnectionException: Could not get a resource from the pool
	at org.springframework.data.redis.core.DefaultValueOperationsTests.testMultiSetIfAbsent(DefaultValueOperationsTests.java:139)
Caused by: redis.clients.jedis.exceptions.JedisConnectionException: Could not get a resource from the pool
	at org.springframework.data.redis.core.DefaultValueOperationsTests.testMultiSetIfAbsent(DefaultValueOperationsTests.java:139)
Caused by: redis.clients.jedis.exceptions.JedisConnectionException: java.net.ConnectException: Conexão recusada
	at org.springframework.data.redis.core.DefaultValueOperationsTests.testMultiSetIfAbsent(DefaultValueOperationsTests.java:139)
Caused by: java.net.ConnectException: Conexão recusada
	at org.springframework.data.redis.core.DefaultValueOperationsTests.testMultiSetIfAbsent(DefaultValueOperationsTests.java:139)
</error>
  </testcase>
  <testcase name="testMultiSetIfAbsent[6]" classname="org.springframework.data.redis.core.DefaultValueOperationsTests" time="0.002">
    <error message="Cannot get Jedis connection; nested exception is redis.clients.jedis.exceptions.JedisConnectionException: Could not get a resource from the pool" type="org.springframework.data.redis.RedisConnectionFailureException">org.springframework.data.redis.RedisConnectionFailureException: Cannot get Jedis connection; nested exception is redis.clients.jedis.exceptions.JedisConnectionException: Could not get a resource from the pool
	at org.springframework.data.redis.core.DefaultValueOperationsTests.tearDown(DefaultValueOperationsTests.java:91)
Caused by: redis.clients.jedis.exceptions.JedisConnectionException: Could not get a resource from the pool
	at org.springframework.data.redis.core.DefaultValueOperationsTests.tearDown(DefaultValueOperationsTests.java:91)
Caused by: redis.clients.jedis.exceptions.JedisConnectionException: java.net.ConnectException: Conexão recusada
	at org.springframework.data.redis.core.DefaultValueOperationsTests.tearDown(DefaultValueOperationsTests.java:91)
Caused by: java.net.ConnectException: Conexão recusada
	at org.springframework.data.redis.core.DefaultValueOperationsTests.tearDown(DefaultValueOperationsTests.java:91)
</error>
  </testcase>
  <testcase name="testSetIfAbsent[6]" classname="org.springframework.data.redis.core.DefaultValueOperationsTests" time="0.001">
    <error message="Cannot get Jedis connection; nested exception is redis.clients.jedis.exceptions.JedisConnectionException: Could not get a resource from the pool" type="org.springframework.data.redis.RedisConnectionFailureException">org.springframework.data.redis.RedisConnectionFailureException: Cannot get Jedis connection; nested exception is redis.clients.jedis.exceptions.JedisConnectionException: Could not get a resource from the pool
	at org.springframework.data.redis.core.DefaultValueOperationsTests.testSetIfAbsent(DefaultValueOperationsTests.java:252)
Caused by: redis.clients.jedis.exceptions.JedisConnectionException: Could not get a resource from the pool
	at org.springframework.data.redis.core.DefaultValueOperationsTests.testSetIfAbsent(DefaultValueOperationsTests.java:252)
Caused by: redis.clients.jedis.exceptions.JedisConnectionException: java.net.ConnectException: Conexão recusada
	at org.springframework.data.redis.core.DefaultValueOperationsTests.testSetIfAbsent(DefaultValueOperationsTests.java:252)
Caused by: java.net.ConnectException: Conexão recusada
	at org.springframework.data.redis.core.DefaultValueOperationsTests.testSetIfAbsent(DefaultValueOperationsTests.java:252)
</error>
  </testcase>
  <testcase name="testSetIfAbsent[6]" classname="org.springframework.data.redis.core.DefaultValueOperationsTests" time="0.001">
    <error message="Cannot get Jedis connection; nested exception is redis.clients.jedis.exceptions.JedisConnectionException: Could not get a resource from the pool" type="org.springframework.data.redis.RedisConnectionFailureException">org.springframework.data.redis.RedisConnectionFailureException: Cannot get Jedis connection; nested exception is redis.clients.jedis.exceptions.JedisConnectionException: Could not get a resource from the pool
	at org.springframework.data.redis.core.DefaultValueOperationsTests.tearDown(DefaultValueOperationsTests.java:91)
Caused by: redis.clients.jedis.exceptions.JedisConnectionException: Could not get a resource from the pool
	at org.springframework.data.redis.core.DefaultValueOperationsTests.tearDown(DefaultValueOperationsTests.java:91)
Caused by: redis.clients.jedis.exceptions.JedisConnectionException: java.net.ConnectException: Conexão recusada
	at org.springframework.data.redis.core.DefaultValueOperationsTests.tearDown(DefaultValueOperationsTests.java:91)
Caused by: java.net.ConnectException: Conexão recusada
	at org.springframework.data.redis.core.DefaultValueOperationsTests.tearDown(DefaultValueOperationsTests.java:91)
</error>
  </testcase>
  <testcase name="testRawKeysCollection[6]" classname="org.springframework.data.redis.core.DefaultValueOperationsTests" time="0.001">
    <error message="Cannot get Jedis connection; nested exception is redis.clients.jedis.exceptions.JedisConnectionException: Could not get a resource from the pool" type="org.springframework.data.redis.RedisConnectionFailureException">org.springframework.data.redis.RedisConnectionFailureException: Cannot get Jedis connection; nested exception is redis.clients.jedis.exceptions.JedisConnectionException: Could not get a resource from the pool
	at org.springframework.data.redis.core.DefaultValueOperationsTests.tearDown(DefaultValueOperationsTests.java:91)
Caused by: redis.clients.jedis.exceptions.JedisConnectionException: Could not get a resource from the pool
	at org.springframework.data.redis.core.DefaultValueOperationsTests.tearDown(DefaultValueOperationsTests.java:91)
Caused by: redis.clients.jedis.exceptions.JedisConnectionException: java.net.ConnectException: Conexão recusada
	at org.springframework.data.redis.core.DefaultValueOperationsTests.tearDown(DefaultValueOperationsTests.java:91)
Caused by: java.net.ConnectException: Conexão recusada
	at org.springframework.data.redis.core.DefaultValueOperationsTests.tearDown(DefaultValueOperationsTests.java:91)
</error>
  </testcase>
  <testcase name="testSetRange[6]" classname="org.springframework.data.redis.core.DefaultValueOperationsTests" time="0">
    <error message="got: &lt;false&gt;, expected: is &lt;true&gt;" type="org.junit.AssumptionViolatedException"><![CDATA[org.junit.AssumptionViolatedException: got: <false>, expected: is <true>
	at org.springframework.data.redis.core.DefaultValueOperationsTests.testSetRange(DefaultValueOperationsTests.java:241)
]]></error>
  </testcase>
  <testcase name="testSetRange[6]" classname="org.springframework.data.redis.core.DefaultValueOperationsTests" time="0.001">
    <error message="Cannot get Jedis connection; nested exception is redis.clients.jedis.exceptions.JedisConnectionException: Could not get a resource from the pool" type="org.springframework.data.redis.RedisConnectionFailureException">org.springframework.data.redis.RedisConnectionFailureException: Cannot get Jedis connection; nested exception is redis.clients.jedis.exceptions.JedisConnectionException: Could not get a resource from the pool
	at org.springframework.data.redis.core.DefaultValueOperationsTests.tearDown(DefaultValueOperationsTests.java:91)
Caused by: redis.clients.jedis.exceptions.JedisConnectionException: Could not get a resource from the pool
	at org.springframework.data.redis.core.DefaultValueOperationsTests.tearDown(DefaultValueOperationsTests.java:91)
Caused by: redis.clients.jedis.exceptions.JedisConnectionException: java.net.ConnectException: Conexão recusada
	at org.springframework.data.redis.core.DefaultValueOperationsTests.tearDown(DefaultValueOperationsTests.java:91)
Caused by: java.net.ConnectException: Conexão recusada
	at org.springframework.data.redis.core.DefaultValueOperationsTests.tearDown(DefaultValueOperationsTests.java:91)
</error>
  </testcase>
  <testcase name="testSetAndGetBit[7]" classname="org.springframework.data.redis.core.DefaultValueOperationsTests" time="0">
    <error message="got: &lt;false&gt;, expected: is &lt;true&gt;" type="org.junit.AssumptionViolatedException"><![CDATA[org.junit.AssumptionViolatedException: got: <false>, expected: is <true>
	at org.springframework.data.redis.core.DefaultValueOperationsTests.testSetAndGetBit(DefaultValueOperationsTests.java:296)
]]></error>
  </testcase>
  <testcase name="testSetAndGetBit[7]" classname="org.springframework.data.redis.core.DefaultValueOperationsTests" time="0">
    <error message="Cannot get Jedis connection; nested exception is redis.clients.jedis.exceptions.JedisConnectionException: Could not get a resource from the pool" type="org.springframework.data.redis.RedisConnectionFailureException">org.springframework.data.redis.RedisConnectionFailureException: Cannot get Jedis connection; nested exception is redis.clients.jedis.exceptions.JedisConnectionException: Could not get a resource from the pool
	at org.springframework.data.redis.core.DefaultValueOperationsTests.tearDown(DefaultValueOperationsTests.java:91)
Caused by: redis.clients.jedis.exceptions.JedisConnectionException: Could not get a resource from the pool
	at org.springframework.data.redis.core.DefaultValueOperationsTests.tearDown(DefaultValueOperationsTests.java:91)
Caused by: redis.clients.jedis.exceptions.JedisConnectionException: java.net.ConnectException: Conexão recusada
	at org.springframework.data.redis.core.DefaultValueOperationsTests.tearDown(DefaultValueOperationsTests.java:91)
Caused by: java.net.ConnectException: Conexão recusada
	at org.springframework.data.redis.core.DefaultValueOperationsTests.tearDown(DefaultValueOperationsTests.java:91)
</error>
  </testcase>
  <testcase name="testGetRange[7]" classname="org.springframework.data.redis.core.DefaultValueOperationsTests" time="0.001">
    <error message="got: &lt;false&gt;, expected: is &lt;true&gt;" type="org.junit.AssumptionViolatedException"><![CDATA[org.junit.AssumptionViolatedException: got: <false>, expected: is <true>
	at org.springframework.data.redis.core.DefaultValueOperationsTests.testGetRange(DefaultValueOperationsTests.java:231)
]]></error>
  </testcase>
  <testcase name="testGetRange[7]" classname="org.springframework.data.redis.core.DefaultValueOperationsTests" time="0.001">
    <error message="Cannot get Jedis connection; nested exception is redis.clients.jedis.exceptions.JedisConnectionException: Could not get a resource from the pool" type="org.springframework.data.redis.RedisConnectionFailureException">org.springframework.data.redis.RedisConnectionFailureException: Cannot get Jedis connection; nested exception is redis.clients.jedis.exceptions.JedisConnectionException: Could not get a resource from the pool
	at org.springframework.data.redis.core.DefaultValueOperationsTests.tearDown(DefaultValueOperationsTests.java:91)
Caused by: redis.clients.jedis.exceptions.JedisConnectionException: Could not get a resource from the pool
	at org.springframework.data.redis.core.DefaultValueOperationsTests.tearDown(DefaultValueOperationsTests.java:91)
Caused by: redis.clients.jedis.exceptions.JedisConnectionException: java.net.ConnectException: Conexão recusada
	at org.springframework.data.redis.core.DefaultValueOperationsTests.tearDown(DefaultValueOperationsTests.java:91)
Caused by: java.net.ConnectException: Conexão recusada
	at org.springframework.data.redis.core.DefaultValueOperationsTests.tearDown(DefaultValueOperationsTests.java:91)
</error>
  </testcase>
  <testcase name="testSize[7]" classname="org.springframework.data.redis.core.DefaultValueOperationsTests" time="0.051">
    <error message="Cannot get Jedis connection; nested exception is redis.clients.jedis.exceptions.JedisConnectionException: Could not get a resource from the pool" type="org.springframework.data.redis.RedisConnectionFailureException">org.springframework.data.redis.RedisConnectionFailureException: Cannot get Jedis connection; nested exception is redis.clients.jedis.exceptions.JedisConnectionException: Could not get a resource from the pool
	at org.springframework.data.redis.core.DefaultValueOperationsTests.testSize(DefaultValueOperationsTests.java:260)
Caused by: redis.clients.jedis.exceptions.JedisConnectionException: Could not get a resource from the pool
	at org.springframework.data.redis.core.DefaultValueOperationsTests.testSize(DefaultValueOperationsTests.java:260)
Caused by: redis.clients.jedis.exceptions.JedisConnectionException: java.net.ConnectException: Conexão recusada
	at org.springframework.data.redis.core.DefaultValueOperationsTests.testSize(DefaultValueOperationsTests.java:260)
Caused by: java.net.ConnectException: Conexão recusada
	at org.springframework.data.redis.core.DefaultValueOperationsTests.testSize(DefaultValueOperationsTests.java:260)
</error>
  </testcase>
  <testcase name="testSize[7]" classname="org.springframework.data.redis.core.DefaultValueOperationsTests" time="0.051">
    <error message="Cannot get Jedis connection; nested exception is redis.clients.jedis.exceptions.JedisConnectionException: Could not get a resource from the pool" type="org.springframework.data.redis.RedisConnectionFailureException">org.springframework.data.redis.RedisConnectionFailureException: Cannot get Jedis connection; nested exception is redis.clients.jedis.exceptions.JedisConnectionException: Could not get a resource from the pool
	at org.springframework.data.redis.core.DefaultValueOperationsTests.tearDown(DefaultValueOperationsTests.java:91)
Caused by: redis.clients.jedis.exceptions.JedisConnectionException: Could not get a resource from the pool
	at org.springframework.data.redis.core.DefaultValueOperationsTests.tearDown(DefaultValueOperationsTests.java:91)
Caused by: redis.clients.jedis.exceptions.JedisConnectionException: java.net.ConnectException: Conexão recusada
	at org.springframework.data.redis.core.DefaultValueOperationsTests.tearDown(DefaultValueOperationsTests.java:91)
Caused by: java.net.ConnectException: Conexão recusada
	at org.springframework.data.redis.core.DefaultValueOperationsTests.tearDown(DefaultValueOperationsTests.java:91)
</error>
  </testcase>
  <testcase name="testMultiSetIfAbsentFailure[7]" classname="org.springframework.data.redis.core.DefaultValueOperationsTests" time="0.002">
    <error message="Cannot get Jedis connection; nested exception is redis.clients.jedis.exceptions.JedisConnectionException: Could not get a resource from the pool" type="org.springframework.data.redis.RedisConnectionFailureException">org.springframework.data.redis.RedisConnectionFailureException: Cannot get Jedis connection; nested exception is redis.clients.jedis.exceptions.JedisConnectionException: Could not get a resource from the pool
	at org.springframework.data.redis.core.DefaultValueOperationsTests.testMultiSetIfAbsentFailure(DefaultValueOperationsTests.java:150)
Caused by: redis.clients.jedis.exceptions.JedisConnectionException: Could not get a resource from the pool
	at org.springframework.data.redis.core.DefaultValueOperationsTests.testMultiSetIfAbsentFailure(DefaultValueOperationsTests.java:150)
Caused by: redis.clients.jedis.exceptions.JedisConnectionException: java.net.ConnectException: Conexão recusada
	at org.springframework.data.redis.core.DefaultValueOperationsTests.testMultiSetIfAbsentFailure(DefaultValueOperationsTests.java:150)
Caused by: java.net.ConnectException: Conexão recusada
	at org.springframework.data.redis.core.DefaultValueOperationsTests.testMultiSetIfAbsentFailure(DefaultValueOperationsTests.java:150)
</error>
  </testcase>
  <testcase name="testMultiSetIfAbsentFailure[7]" classname="org.springframework.data.redis.core.DefaultValueOperationsTests" time="0.002">
    <error message="Cannot get Jedis connection; nested exception is redis.clients.jedis.exceptions.JedisConnectionException: Could not get a resource from the pool" type="org.springframework.data.redis.RedisConnectionFailureException">org.springframework.data.redis.RedisConnectionFailureException: Cannot get Jedis connection; nested exception is redis.clients.jedis.exceptions.JedisConnectionException: Could not get a resource from the pool
	at org.springframework.data.redis.core.DefaultValueOperationsTests.tearDown(DefaultValueOperationsTests.java:91)
Caused by: redis.clients.jedis.exceptions.JedisConnectionException: Could not get a resource from the pool
	at org.springframework.data.redis.core.DefaultValueOperationsTests.tearDown(DefaultValueOperationsTests.java:91)
Caused by: redis.clients.jedis.exceptions.JedisConnectionException: java.net.ConnectException: Conexão recusada
	at org.springframework.data.redis.core.DefaultValueOperationsTests.tearDown(DefaultValueOperationsTests.java:91)
Caused by: java.net.ConnectException: Conexão recusada
	at org.springframework.data.redis.core.DefaultValueOperationsTests.tearDown(DefaultValueOperationsTests.java:91)
</error>
  </testcase>
  <testcase name="testIncrementDouble[7]" classname="org.springframework.data.redis.core.DefaultValueOperationsTests" time="0">
    <error message="Could not initialize class org.springframework.data.redis.RedisTestProfileValueSource" type="java.lang.NoClassDefFoundError">java.lang.NoClassDefFoundError: Could not initialize class org.springframework.data.redis.RedisTestProfileValueSource
	at org.springframework.data.redis.core.DefaultValueOperationsTests.testIncrementDouble(DefaultValueOperationsTests.java:117)
</error>
  </testcase>
  <testcase name="testIncrementDouble[7]" classname="org.springframework.data.redis.core.DefaultValueOperationsTests" time="0">
    <error message="Cannot get Jedis connection; nested exception is redis.clients.jedis.exceptions.JedisConnectionException: Could not get a resource from the pool" type="org.springframework.data.redis.RedisConnectionFailureException">org.springframework.data.redis.RedisConnectionFailureException: Cannot get Jedis connection; nested exception is redis.clients.jedis.exceptions.JedisConnectionException: Could not get a resource from the pool
	at org.springframework.data.redis.core.DefaultValueOperationsTests.tearDown(DefaultValueOperationsTests.java:91)
Caused by: redis.clients.jedis.exceptions.JedisConnectionException: Could not get a resource from the pool
	at org.springframework.data.redis.core.DefaultValueOperationsTests.tearDown(DefaultValueOperationsTests.java:91)
Caused by: redis.clients.jedis.exceptions.JedisConnectionException: java.net.ConnectException: Conexão recusada
	at org.springframework.data.redis.core.DefaultValueOperationsTests.tearDown(DefaultValueOperationsTests.java:91)
Caused by: java.net.ConnectException: Conexão recusada
	at org.springframework.data.redis.core.DefaultValueOperationsTests.tearDown(DefaultValueOperationsTests.java:91)
</error>
  </testcase>
  <testcase name="testSetWithExpirationWithTimeUnitMilliseconds[7]" classname="org.springframework.data.redis.core.DefaultValueOperationsTests" time="0.001">
    <error message="Could not initialize class org.springframework.data.redis.RedisTestProfileValueSource" type="java.lang.NoClassDefFoundError">java.lang.NoClassDefFoundError: Could not initialize class org.springframework.data.redis.RedisTestProfileValueSource
	at org.springframework.data.redis.core.DefaultValueOperationsTests.testSetWithExpirationWithTimeUnitMilliseconds(DefaultValueOperationsTests.java:206)
</error>
  </testcase>
  <testcase name="testSetWithExpirationWithTimeUnitMilliseconds[7]" classname="org.springframework.data.redis.core.DefaultValueOperationsTests" time="0.001">
    <error message="Cannot get Jedis connection; nested exception is redis.clients.jedis.exceptions.JedisConnectionException: Could not get a resource from the pool" type="org.springframework.data.redis.RedisConnectionFailureException">org.springframework.data.redis.RedisConnectionFailureException: Cannot get Jedis connection; nested exception is redis.clients.jedis.exceptions.JedisConnectionException: Could not get a resource from the pool
	at org.springframework.data.redis.core.DefaultValueOperationsTests.tearDown(DefaultValueOperationsTests.java:91)
Caused by: redis.clients.jedis.exceptions.JedisConnectionException: Could not get a resource from the pool
	at org.springframework.data.redis.core.DefaultValueOperationsTests.tearDown(DefaultValueOperationsTests.java:91)
Caused by: redis.clients.jedis.exceptions.JedisConnectionException: java.net.ConnectException: Conexão recusada
	at org.springframework.data.redis.core.DefaultValueOperationsTests.tearDown(DefaultValueOperationsTests.java:91)
Caused by: java.net.ConnectException: Conexão recusada
	at org.springframework.data.redis.core.DefaultValueOperationsTests.tearDown(DefaultValueOperationsTests.java:91)
</error>
  </testcase>
  <testcase name="testRawKeys[7]" classname="org.springframework.data.redis.core.DefaultValueOperationsTests" time="0.001">
    <error message="Cannot get Jedis connection; nested exception is redis.clients.jedis.exceptions.JedisConnectionException: Could not get a resource from the pool" type="org.springframework.data.redis.RedisConnectionFailureException">org.springframework.data.redis.RedisConnectionFailureException: Cannot get Jedis connection; nested exception is redis.clients.jedis.exceptions.JedisConnectionException: Could not get a resource from the pool
	at org.springframework.data.redis.core.DefaultValueOperationsTests.tearDown(DefaultValueOperationsTests.java:91)
Caused by: redis.clients.jedis.exceptions.JedisConnectionException: Could not get a resource from the pool
	at org.springframework.data.redis.core.DefaultValueOperationsTests.tearDown(DefaultValueOperationsTests.java:91)
Caused by: redis.clients.jedis.exceptions.JedisConnectionException: java.net.ConnectException: Conexão recusada
	at org.springframework.data.redis.core.DefaultValueOperationsTests.tearDown(DefaultValueOperationsTests.java:91)
Caused by: java.net.ConnectException: Conexão recusada
	at org.springframework.data.redis.core.DefaultValueOperationsTests.tearDown(DefaultValueOperationsTests.java:91)
</error>
  </testcase>
  <testcase name="testGetAndSet[7]" classname="org.springframework.data.redis.core.DefaultValueOperationsTests" time="0.001">
    <error message="Cannot get Jedis connection; nested exception is redis.clients.jedis.exceptions.JedisConnectionException: Could not get a resource from the pool" type="org.springframework.data.redis.RedisConnectionFailureException">org.springframework.data.redis.RedisConnectionFailureException: Cannot get Jedis connection; nested exception is redis.clients.jedis.exceptions.JedisConnectionException: Could not get a resource from the pool
	at org.springframework.data.redis.core.DefaultValueOperationsTests.testGetAndSet(DefaultValueOperationsTests.java:183)
Caused by: redis.clients.jedis.exceptions.JedisConnectionException: Could not get a resource from the pool
	at org.springframework.data.redis.core.DefaultValueOperationsTests.testGetAndSet(DefaultValueOperationsTests.java:183)
Caused by: redis.clients.jedis.exceptions.JedisConnectionException: java.net.ConnectException: Conexão recusada
	at org.springframework.data.redis.core.DefaultValueOperationsTests.testGetAndSet(DefaultValueOperationsTests.java:183)
Caused by: java.net.ConnectException: Conexão recusada
	at org.springframework.data.redis.core.DefaultValueOperationsTests.testGetAndSet(DefaultValueOperationsTests.java:183)
</error>
  </testcase>
  <testcase name="testGetAndSet[7]" classname="org.springframework.data.redis.core.DefaultValueOperationsTests" time="0.001">
    <error message="Cannot get Jedis connection; nested exception is redis.clients.jedis.exceptions.JedisConnectionException: Could not get a resource from the pool" type="org.springframework.data.redis.RedisConnectionFailureException">org.springframework.data.redis.RedisConnectionFailureException: Cannot get Jedis connection; nested exception is redis.clients.jedis.exceptions.JedisConnectionException: Could not get a resource from the pool
	at org.springframework.data.redis.core.DefaultValueOperationsTests.tearDown(DefaultValueOperationsTests.java:91)
Caused by: redis.clients.jedis.exceptions.JedisConnectionException: Could not get a resource from the pool
	at org.springframework.data.redis.core.DefaultValueOperationsTests.tearDown(DefaultValueOperationsTests.java:91)
Caused by: redis.clients.jedis.exceptions.JedisConnectionException: java.net.ConnectException: Conexão recusada
	at org.springframework.data.redis.core.DefaultValueOperationsTests.tearDown(DefaultValueOperationsTests.java:91)
Caused by: java.net.ConnectException: Conexão recusada
	at org.springframework.data.redis.core.DefaultValueOperationsTests.tearDown(DefaultValueOperationsTests.java:91)
</error>
  </testcase>
  <testcase name="testDeserializeKey[7]" classname="org.springframework.data.redis.core.DefaultValueOperationsTests" time="0">
    <error message="got: &lt;false&gt;, expected: is &lt;true&gt;" type="org.junit.AssumptionViolatedException"><![CDATA[org.junit.AssumptionViolatedException: got: <false>, expected: is <true>
	at org.springframework.data.redis.core.DefaultValueOperationsTests.testDeserializeKey(DefaultValueOperationsTests.java:286)
]]></error>
  </testcase>
  <testcase name="testDeserializeKey[7]" classname="org.springframework.data.redis.core.DefaultValueOperationsTests" time="0.001">
    <error message="Cannot get Jedis connection; nested exception is redis.clients.jedis.exceptions.JedisConnectionException: Could not get a resource from the pool" type="org.springframework.data.redis.RedisConnectionFailureException">org.springframework.data.redis.RedisConnectionFailureException: Cannot get Jedis connection; nested exception is redis.clients.jedis.exceptions.JedisConnectionException: Could not get a resource from the pool
	at org.springframework.data.redis.core.DefaultValueOperationsTests.tearDown(DefaultValueOperationsTests.java:91)
Caused by: redis.clients.jedis.exceptions.JedisConnectionException: Could not get a resource from the pool
	at org.springframework.data.redis.core.DefaultValueOperationsTests.tearDown(DefaultValueOperationsTests.java:91)
Caused by: redis.clients.jedis.exceptions.JedisConnectionException: java.net.ConnectException: Conexão recusada
	at org.springframework.data.redis.core.DefaultValueOperationsTests.tearDown(DefaultValueOperationsTests.java:91)
Caused by: java.net.ConnectException: Conexão recusada
	at org.springframework.data.redis.core.DefaultValueOperationsTests.tearDown(DefaultValueOperationsTests.java:91)
</error>
  </testcase>
  <testcase name="testSetWithExpiration[7]" classname="org.springframework.data.redis.core.DefaultValueOperationsTests" time="0">
    <error message="Could not initialize class org.springframework.data.redis.RedisTestProfileValueSource" type="java.lang.NoClassDefFoundError">java.lang.NoClassDefFoundError: Could not initialize class org.springframework.data.redis.RedisTestProfileValueSource
	at org.springframework.data.redis.core.DefaultValueOperationsTests.testSetWithExpiration(DefaultValueOperationsTests.java:189)
</error>
  </testcase>
  <testcase name="testSetWithExpiration[7]" classname="org.springframework.data.redis.core.DefaultValueOperationsTests" time="0">
    <error message="Cannot get Jedis connection; nested exception is redis.clients.jedis.exceptions.JedisConnectionException: Could not get a resource from the pool" type="org.springframework.data.redis.RedisConnectionFailureException">org.springframework.data.redis.RedisConnectionFailureException: Cannot get Jedis connection; nested exception is redis.clients.jedis.exceptions.JedisConnectionException: Could not get a resource from the pool
	at org.springframework.data.redis.core.DefaultValueOperationsTests.tearDown(DefaultValueOperationsTests.java:91)
Caused by: redis.clients.jedis.exceptions.JedisConnectionException: Could not get a resource from the pool
	at org.springframework.data.redis.core.DefaultValueOperationsTests.tearDown(DefaultValueOperationsTests.java:91)
Caused by: redis.clients.jedis.exceptions.JedisConnectionException: java.net.ConnectException: Conexão recusada
	at org.springframework.data.redis.core.DefaultValueOperationsTests.tearDown(DefaultValueOperationsTests.java:91)
Caused by: java.net.ConnectException: Conexão recusada
	at org.springframework.data.redis.core.DefaultValueOperationsTests.tearDown(DefaultValueOperationsTests.java:91)
</error>
  </testcase>
  <testcase name="testAppend[7]" classname="org.springframework.data.redis.core.DefaultValueOperationsTests" time="0.001">
    <error message="got: &lt;false&gt;, expected: is &lt;true&gt;" type="org.junit.AssumptionViolatedException"><![CDATA[org.junit.AssumptionViolatedException: got: <false>, expected: is <true>
	at org.springframework.data.redis.core.DefaultValueOperationsTests.testAppend(DefaultValueOperationsTests.java:221)
]]></error>
  </testcase>
  <testcase name="testAppend[7]" classname="org.springframework.data.redis.core.DefaultValueOperationsTests" time="0.001">
    <error message="Cannot get Jedis connection; nested exception is redis.clients.jedis.exceptions.JedisConnectionException: Could not get a resource from the pool" type="org.springframework.data.redis.RedisConnectionFailureException">org.springframework.data.redis.RedisConnectionFailureException: Cannot get Jedis connection; nested exception is redis.clients.jedis.exceptions.JedisConnectionException: Could not get a resource from the pool
	at org.springframework.data.redis.core.DefaultValueOperationsTests.tearDown(DefaultValueOperationsTests.java:91)
Caused by: redis.clients.jedis.exceptions.JedisConnectionException: Could not get a resource from the pool
	at org.springframework.data.redis.core.DefaultValueOperationsTests.tearDown(DefaultValueOperationsTests.java:91)
Caused by: redis.clients.jedis.exceptions.JedisConnectionException: java.net.ConnectException: Conexão recusada
	at org.springframework.data.redis.core.DefaultValueOperationsTests.tearDown(DefaultValueOperationsTests.java:91)
Caused by: java.net.ConnectException: Conexão recusada
	at org.springframework.data.redis.core.DefaultValueOperationsTests.tearDown(DefaultValueOperationsTests.java:91)
</error>
  </testcase>
  <testcase name="testIncrementLong[7]" classname="org.springframework.data.redis.core.DefaultValueOperationsTests" time="0">
    <error message="got: &lt;false&gt;, expected: is &lt;true&gt;" type="org.junit.AssumptionViolatedException"><![CDATA[org.junit.AssumptionViolatedException: got: <false>, expected: is <true>
	at org.springframework.data.redis.core.DefaultValueOperationsTests.testIncrementLong(DefaultValueOperationsTests.java:103)
]]></error>
  </testcase>
  <testcase name="testIncrementLong[7]" classname="org.springframework.data.redis.core.DefaultValueOperationsTests" time="0.001">
    <error message="Cannot get Jedis connection; nested exception is redis.clients.jedis.exceptions.JedisConnectionException: Could not get a resource from the pool" type="org.springframework.data.redis.RedisConnectionFailureException">org.springframework.data.redis.RedisConnectionFailureException: Cannot get Jedis connection; nested exception is redis.clients.jedis.exceptions.JedisConnectionException: Could not get a resource from the pool
	at org.springframework.data.redis.core.DefaultValueOperationsTests.tearDown(DefaultValueOperationsTests.java:91)
Caused by: redis.clients.jedis.exceptions.JedisConnectionException: Could not get a resource from the pool
	at org.springframework.data.redis.core.DefaultValueOperationsTests.tearDown(DefaultValueOperationsTests.java:91)
Caused by: redis.clients.jedis.exceptions.JedisConnectionException: java.net.ConnectException: Conexão recusada
	at org.springframework.data.redis.core.DefaultValueOperationsTests.tearDown(DefaultValueOperationsTests.java:91)
Caused by: java.net.ConnectException: Conexão recusada
	at org.springframework.data.redis.core.DefaultValueOperationsTests.tearDown(DefaultValueOperationsTests.java:91)
</error>
  </testcase>
  <testcase name="testMultiSet[7]" classname="org.springframework.data.redis.core.DefaultValueOperationsTests" time="0">
    <error message="Cannot get Jedis connection; nested exception is redis.clients.jedis.exceptions.JedisConnectionException: Could not get a resource from the pool" type="org.springframework.data.redis.RedisConnectionFailureException">org.springframework.data.redis.RedisConnectionFailureException: Cannot get Jedis connection; nested exception is redis.clients.jedis.exceptions.JedisConnectionException: Could not get a resource from the pool
	at org.springframework.data.redis.core.DefaultValueOperationsTests.testMultiSet(DefaultValueOperationsTests.java:166)
Caused by: redis.clients.jedis.exceptions.JedisConnectionException: Could not get a resource from the pool
	at org.springframework.data.redis.core.DefaultValueOperationsTests.testMultiSet(DefaultValueOperationsTests.java:166)
Caused by: redis.clients.jedis.exceptions.JedisConnectionException: java.net.ConnectException: Conexão recusada
	at org.springframework.data.redis.core.DefaultValueOperationsTests.testMultiSet(DefaultValueOperationsTests.java:166)
Caused by: java.net.ConnectException: Conexão recusada
	at org.springframework.data.redis.core.DefaultValueOperationsTests.testMultiSet(DefaultValueOperationsTests.java:166)
</error>
  </testcase>
  <testcase name="testMultiSet[7]" classname="org.springframework.data.redis.core.DefaultValueOperationsTests" time="0.001">
    <error message="Cannot get Jedis connection; nested exception is redis.clients.jedis.exceptions.JedisConnectionException: Could not get a resource from the pool" type="org.springframework.data.redis.RedisConnectionFailureException">org.springframework.data.redis.RedisConnectionFailureException: Cannot get Jedis connection; nested exception is redis.clients.jedis.exceptions.JedisConnectionException: Could not get a resource from the pool
	at org.springframework.data.redis.core.DefaultValueOperationsTests.tearDown(DefaultValueOperationsTests.java:91)
Caused by: redis.clients.jedis.exceptions.JedisConnectionException: Could not get a resource from the pool
	at org.springframework.data.redis.core.DefaultValueOperationsTests.tearDown(DefaultValueOperationsTests.java:91)
Caused by: redis.clients.jedis.exceptions.JedisConnectionException: java.net.ConnectException: Conexão recusada
	at org.springframework.data.redis.core.DefaultValueOperationsTests.tearDown(DefaultValueOperationsTests.java:91)
Caused by: java.net.ConnectException: Conexão recusada
	at org.springframework.data.redis.core.DefaultValueOperationsTests.tearDown(DefaultValueOperationsTests.java:91)
</error>
  </testcase>
  <testcase name="testGetSet[7]" classname="org.springframework.data.redis.core.DefaultValueOperationsTests" time="0">
    <error message="Cannot get Jedis connection; nested exception is redis.clients.jedis.exceptions.JedisConnectionException: Could not get a resource from the pool" type="org.springframework.data.redis.RedisConnectionFailureException">org.springframework.data.redis.RedisConnectionFailureException: Cannot get Jedis connection; nested exception is redis.clients.jedis.exceptions.JedisConnectionException: Could not get a resource from the pool
	at org.springframework.data.redis.core.DefaultValueOperationsTests.testGetSet(DefaultValueOperationsTests.java:174)
Caused by: redis.clients.jedis.exceptions.JedisConnectionException: Could not get a resource from the pool
	at org.springframework.data.redis.core.DefaultValueOperationsTests.testGetSet(DefaultValueOperationsTests.java:174)
Caused by: redis.clients.jedis.exceptions.JedisConnectionException: java.net.ConnectException: Conexão recusada
	at org.springframework.data.redis.core.DefaultValueOperationsTests.testGetSet(DefaultValueOperationsTests.java:174)
Caused by: java.net.ConnectException: Conexão recusada
	at org.springframework.data.redis.core.DefaultValueOperationsTests.testGetSet(DefaultValueOperationsTests.java:174)
</error>
  </testcase>
  <testcase name="testGetSet[7]" classname="org.springframework.data.redis.core.DefaultValueOperationsTests" time="0.001">
    <error message="Cannot get Jedis connection; nested exception is redis.clients.jedis.exceptions.JedisConnectionException: Could not get a resource from the pool" type="org.springframework.data.redis.RedisConnectionFailureException">org.springframework.data.redis.RedisConnectionFailureException: Cannot get Jedis connection; nested exception is redis.clients.jedis.exceptions.JedisConnectionException: Could not get a resource from the pool
	at org.springframework.data.redis.core.DefaultValueOperationsTests.tearDown(DefaultValueOperationsTests.java:91)
Caused by: redis.clients.jedis.exceptions.JedisConnectionException: Could not get a resource from the pool
	at org.springframework.data.redis.core.DefaultValueOperationsTests.tearDown(DefaultValueOperationsTests.java:91)
Caused by: redis.clients.jedis.exceptions.JedisConnectionException: java.net.ConnectException: Conexão recusada
	at org.springframework.data.redis.core.DefaultValueOperationsTests.tearDown(DefaultValueOperationsTests.java:91)
Caused by: java.net.ConnectException: Conexão recusada
	at org.springframework.data.redis.core.DefaultValueOperationsTests.tearDown(DefaultValueOperationsTests.java:91)
</error>
  </testcase>
  <testcase name="testMultiSetIfAbsent[7]" classname="org.springframework.data.redis.core.DefaultValueOperationsTests" time="0.001">
    <error message="Cannot get Jedis connection; nested exception is redis.clients.jedis.exceptions.JedisConnectionException: Could not get a resource from the pool" type="org.springframework.data.redis.RedisConnectionFailureException">org.springframework.data.redis.RedisConnectionFailureException: Cannot get Jedis connection; nested exception is redis.clients.jedis.exceptions.JedisConnectionException: Could not get a resource from the pool
	at org.springframework.data.redis.core.DefaultValueOperationsTests.testMultiSetIfAbsent(DefaultValueOperationsTests.java:139)
Caused by: redis.clients.jedis.exceptions.JedisConnectionException: Could not get a resource from the pool
	at org.springframework.data.redis.core.DefaultValueOperationsTests.testMultiSetIfAbsent(DefaultValueOperationsTests.java:139)
Caused by: redis.clients.jedis.exceptions.JedisConnectionException: java.net.ConnectException: Conexão recusada
	at org.springframework.data.redis.core.DefaultValueOperationsTests.testMultiSetIfAbsent(DefaultValueOperationsTests.java:139)
Caused by: java.net.ConnectException: Conexão recusada
	at org.springframework.data.redis.core.DefaultValueOperationsTests.testMultiSetIfAbsent(DefaultValueOperationsTests.java:139)
</error>
  </testcase>
  <testcase name="testMultiSetIfAbsent[7]" classname="org.springframework.data.redis.core.DefaultValueOperationsTests" time="0.001">
    <error message="Cannot get Jedis connection; nested exception is redis.clients.jedis.exceptions.JedisConnectionException: Could not get a resource from the pool" type="org.springframework.data.redis.RedisConnectionFailureException">org.springframework.data.redis.RedisConnectionFailureException: Cannot get Jedis connection; nested exception is redis.clients.jedis.exceptions.JedisConnectionException: Could not get a resource from the pool
	at org.springframework.data.redis.core.DefaultValueOperationsTests.tearDown(DefaultValueOperationsTests.java:91)
Caused by: redis.clients.jedis.exceptions.JedisConnectionException: Could not get a resource from the pool
	at org.springframework.data.redis.core.DefaultValueOperationsTests.tearDown(DefaultValueOperationsTests.java:91)
Caused by: redis.clients.jedis.exceptions.JedisConnectionException: java.net.ConnectException: Conexão recusada
	at org.springframework.data.redis.core.DefaultValueOperationsTests.tearDown(DefaultValueOperationsTests.java:91)
Caused by: java.net.ConnectException: Conexão recusada
	at org.springframework.data.redis.core.DefaultValueOperationsTests.tearDown(DefaultValueOperationsTests.java:91)
</error>
  </testcase>
  <testcase name="testSetIfAbsent[7]" classname="org.springframework.data.redis.core.DefaultValueOperationsTests" time="0.001">
    <error message="Cannot get Jedis connection; nested exception is redis.clients.jedis.exceptions.JedisConnectionException: Could not get a resource from the pool" type="org.springframework.data.redis.RedisConnectionFailureException">org.springframework.data.redis.RedisConnectionFailureException: Cannot get Jedis connection; nested exception is redis.clients.jedis.exceptions.JedisConnectionException: Could not get a resource from the pool
	at org.springframework.data.redis.core.DefaultValueOperationsTests.testSetIfAbsent(DefaultValueOperationsTests.java:252)
Caused by: redis.clients.jedis.exceptions.JedisConnectionException: Could not get a resource from the pool
	at org.springframework.data.redis.core.DefaultValueOperationsTests.testSetIfAbsent(DefaultValueOperationsTests.java:252)
Caused by: redis.clients.jedis.exceptions.JedisConnectionException: java.net.ConnectException: Conexão recusada
	at org.springframework.data.redis.core.DefaultValueOperationsTests.testSetIfAbsent(DefaultValueOperationsTests.java:252)
Caused by: java.net.ConnectException: Conexão recusada
	at org.springframework.data.redis.core.DefaultValueOperationsTests.testSetIfAbsent(DefaultValueOperationsTests.java:252)
</error>
  </testcase>
  <testcase name="testSetIfAbsent[7]" classname="org.springframework.data.redis.core.DefaultValueOperationsTests" time="0.001">
    <error message="Cannot get Jedis connection; nested exception is redis.clients.jedis.exceptions.JedisConnectionException: Could not get a resource from the pool" type="org.springframework.data.redis.RedisConnectionFailureException">org.springframework.data.redis.RedisConnectionFailureException: Cannot get Jedis connection; nested exception is redis.clients.jedis.exceptions.JedisConnectionException: Could not get a resource from the pool
	at org.springframework.data.redis.core.DefaultValueOperationsTests.tearDown(DefaultValueOperationsTests.java:91)
Caused by: redis.clients.jedis.exceptions.JedisConnectionException: Could not get a resource from the pool
	at org.springframework.data.redis.core.DefaultValueOperationsTests.tearDown(DefaultValueOperationsTests.java:91)
Caused by: redis.clients.jedis.exceptions.JedisConnectionException: java.net.ConnectException: Conexão recusada
	at org.springframework.data.redis.core.DefaultValueOperationsTests.tearDown(DefaultValueOperationsTests.java:91)
Caused by: java.net.ConnectException: Conexão recusada
	at org.springframework.data.redis.core.DefaultValueOperationsTests.tearDown(DefaultValueOperationsTests.java:91)
</error>
  </testcase>
  <testcase name="testRawKeysCollection[7]" classname="org.springframework.data.redis.core.DefaultValueOperationsTests" time="0">
    <error message="Cannot get Jedis connection; nested exception is redis.clients.jedis.exceptions.JedisConnectionException: Could not get a resource from the pool" type="org.springframework.data.redis.RedisConnectionFailureException">org.springframework.data.redis.RedisConnectionFailureException: Cannot get Jedis connection; nested exception is redis.clients.jedis.exceptions.JedisConnectionException: Could not get a resource from the pool
	at org.springframework.data.redis.core.DefaultValueOperationsTests.tearDown(DefaultValueOperationsTests.java:91)
Caused by: redis.clients.jedis.exceptions.JedisConnectionException: Could not get a resource from the pool
	at org.springframework.data.redis.core.DefaultValueOperationsTests.tearDown(DefaultValueOperationsTests.java:91)
Caused by: redis.clients.jedis.exceptions.JedisConnectionException: java.net.ConnectException: Conexão recusada
	at org.springframework.data.redis.core.DefaultValueOperationsTests.tearDown(DefaultValueOperationsTests.java:91)
Caused by: java.net.ConnectException: Conexão recusada
	at org.springframework.data.redis.core.DefaultValueOperationsTests.tearDown(DefaultValueOperationsTests.java:91)
</error>
  </testcase>
  <testcase name="testSetRange[7]" classname="org.springframework.data.redis.core.DefaultValueOperationsTests" time="0.001">
    <error message="got: &lt;false&gt;, expected: is &lt;true&gt;" type="org.junit.AssumptionViolatedException"><![CDATA[org.junit.AssumptionViolatedException: got: <false>, expected: is <true>
	at org.springframework.data.redis.core.DefaultValueOperationsTests.testSetRange(DefaultValueOperationsTests.java:241)
]]></error>
  </testcase>
  <testcase name="testSetRange[7]" classname="org.springframework.data.redis.core.DefaultValueOperationsTests" time="0.001">
    <error message="Cannot get Jedis connection; nested exception is redis.clients.jedis.exceptions.JedisConnectionException: Could not get a resource from the pool" type="org.springframework.data.redis.RedisConnectionFailureException">org.springframework.data.redis.RedisConnectionFailureException: Cannot get Jedis connection; nested exception is redis.clients.jedis.exceptions.JedisConnectionException: Could not get a resource from the pool
	at org.springframework.data.redis.core.DefaultValueOperationsTests.tearDown(DefaultValueOperationsTests.java:91)
Caused by: redis.clients.jedis.exceptions.JedisConnectionException: Could not get a resource from the pool
	at org.springframework.data.redis.core.DefaultValueOperationsTests.tearDown(DefaultValueOperationsTests.java:91)
Caused by: redis.clients.jedis.exceptions.JedisConnectionException: java.net.ConnectException: Conexão recusada
	at org.springframework.data.redis.core.DefaultValueOperationsTests.tearDown(DefaultValueOperationsTests.java:91)
Caused by: java.net.ConnectException: Conexão recusada
	at org.springframework.data.redis.core.DefaultValueOperationsTests.tearDown(DefaultValueOperationsTests.java:91)
</error>
  </testcase>
  <testcase name="testSetAndGetBit[8]" classname="org.springframework.data.redis.core.DefaultValueOperationsTests" time="0.001">
    <error message="got: &lt;false&gt;, expected: is &lt;true&gt;" type="org.junit.AssumptionViolatedException"><![CDATA[org.junit.AssumptionViolatedException: got: <false>, expected: is <true>
	at org.springframework.data.redis.core.DefaultValueOperationsTests.testSetAndGetBit(DefaultValueOperationsTests.java:296)
]]></error>
  </testcase>
  <testcase name="testSetAndGetBit[8]" classname="org.springframework.data.redis.core.DefaultValueOperationsTests" time="0.001">
    <error message="Cannot get Jedis connection; nested exception is redis.clients.jedis.exceptions.JedisConnectionException: Could not get a resource from the pool" type="org.springframework.data.redis.RedisConnectionFailureException">org.springframework.data.redis.RedisConnectionFailureException: Cannot get Jedis connection; nested exception is redis.clients.jedis.exceptions.JedisConnectionException: Could not get a resource from the pool
	at org.springframework.data.redis.core.DefaultValueOperationsTests.tearDown(DefaultValueOperationsTests.java:91)
Caused by: redis.clients.jedis.exceptions.JedisConnectionException: Could not get a resource from the pool
	at org.springframework.data.redis.core.DefaultValueOperationsTests.tearDown(DefaultValueOperationsTests.java:91)
Caused by: redis.clients.jedis.exceptions.JedisConnectionException: java.net.ConnectException: Conexão recusada
	at org.springframework.data.redis.core.DefaultValueOperationsTests.tearDown(DefaultValueOperationsTests.java:91)
Caused by: java.net.ConnectException: Conexão recusada
	at org.springframework.data.redis.core.DefaultValueOperationsTests.tearDown(DefaultValueOperationsTests.java:91)
</error>
  </testcase>
  <testcase name="testGetRange[8]" classname="org.springframework.data.redis.core.DefaultValueOperationsTests" time="0">
    <error message="got: &lt;false&gt;, expected: is &lt;true&gt;" type="org.junit.AssumptionViolatedException"><![CDATA[org.junit.AssumptionViolatedException: got: <false>, expected: is <true>
	at org.springframework.data.redis.core.DefaultValueOperationsTests.testGetRange(DefaultValueOperationsTests.java:231)
]]></error>
  </testcase>
  <testcase name="testGetRange[8]" classname="org.springframework.data.redis.core.DefaultValueOperationsTests" time="0">
    <error message="Cannot get Jedis connection; nested exception is redis.clients.jedis.exceptions.JedisConnectionException: Could not get a resource from the pool" type="org.springframework.data.redis.RedisConnectionFailureException">org.springframework.data.redis.RedisConnectionFailureException: Cannot get Jedis connection; nested exception is redis.clients.jedis.exceptions.JedisConnectionException: Could not get a resource from the pool
	at org.springframework.data.redis.core.DefaultValueOperationsTests.tearDown(DefaultValueOperationsTests.java:91)
Caused by: redis.clients.jedis.exceptions.JedisConnectionException: Could not get a resource from the pool
	at org.springframework.data.redis.core.DefaultValueOperationsTests.tearDown(DefaultValueOperationsTests.java:91)
Caused by: redis.clients.jedis.exceptions.JedisConnectionException: java.net.ConnectException: Conexão recusada
	at org.springframework.data.redis.core.DefaultValueOperationsTests.tearDown(DefaultValueOperationsTests.java:91)
Caused by: java.net.ConnectException: Conexão recusada
	at org.springframework.data.redis.core.DefaultValueOperationsTests.tearDown(DefaultValueOperationsTests.java:91)
</error>
  </testcase>
  <testcase name="testSize[8]" classname="org.springframework.data.redis.core.DefaultValueOperationsTests" time="0.037">
    <error message="Cannot get Jedis connection; nested exception is redis.clients.jedis.exceptions.JedisConnectionException: Could not get a resource from the pool" type="org.springframework.data.redis.RedisConnectionFailureException">org.springframework.data.redis.RedisConnectionFailureException: Cannot get Jedis connection; nested exception is redis.clients.jedis.exceptions.JedisConnectionException: Could not get a resource from the pool
	at org.springframework.data.redis.core.DefaultValueOperationsTests.testSize(DefaultValueOperationsTests.java:260)
Caused by: redis.clients.jedis.exceptions.JedisConnectionException: Could not get a resource from the pool
	at org.springframework.data.redis.core.DefaultValueOperationsTests.testSize(DefaultValueOperationsTests.java:260)
Caused by: redis.clients.jedis.exceptions.JedisConnectionException: java.net.ConnectException: Conexão recusada
	at org.springframework.data.redis.core.DefaultValueOperationsTests.testSize(DefaultValueOperationsTests.java:260)
Caused by: java.net.ConnectException: Conexão recusada
	at org.springframework.data.redis.core.DefaultValueOperationsTests.testSize(DefaultValueOperationsTests.java:260)
</error>
  </testcase>
  <testcase name="testSize[8]" classname="org.springframework.data.redis.core.DefaultValueOperationsTests" time="0.037">
    <error message="Cannot get Jedis connection; nested exception is redis.clients.jedis.exceptions.JedisConnectionException: Could not get a resource from the pool" type="org.springframework.data.redis.RedisConnectionFailureException">org.springframework.data.redis.RedisConnectionFailureException: Cannot get Jedis connection; nested exception is redis.clients.jedis.exceptions.JedisConnectionException: Could not get a resource from the pool
	at org.springframework.data.redis.core.DefaultValueOperationsTests.tearDown(DefaultValueOperationsTests.java:91)
Caused by: redis.clients.jedis.exceptions.JedisConnectionException: Could not get a resource from the pool
	at org.springframework.data.redis.core.DefaultValueOperationsTests.tearDown(DefaultValueOperationsTests.java:91)
Caused by: redis.clients.jedis.exceptions.JedisConnectionException: java.net.ConnectException: Conexão recusada
	at org.springframework.data.redis.core.DefaultValueOperationsTests.tearDown(DefaultValueOperationsTests.java:91)
Caused by: java.net.ConnectException: Conexão recusada
	at org.springframework.data.redis.core.DefaultValueOperationsTests.tearDown(DefaultValueOperationsTests.java:91)
</error>
  </testcase>
  <testcase name="testMultiSetIfAbsentFailure[8]" classname="org.springframework.data.redis.core.DefaultValueOperationsTests" time="0.001">
    <error message="Cannot get Jedis connection; nested exception is redis.clients.jedis.exceptions.JedisConnectionException: Could not get a resource from the pool" type="org.springframework.data.redis.RedisConnectionFailureException">org.springframework.data.redis.RedisConnectionFailureException: Cannot get Jedis connection; nested exception is redis.clients.jedis.exceptions.JedisConnectionException: Could not get a resource from the pool
	at org.springframework.data.redis.core.DefaultValueOperationsTests.testMultiSetIfAbsentFailure(DefaultValueOperationsTests.java:150)
Caused by: redis.clients.jedis.exceptions.JedisConnectionException: Could not get a resource from the pool
	at org.springframework.data.redis.core.DefaultValueOperationsTests.testMultiSetIfAbsentFailure(DefaultValueOperationsTests.java:150)
Caused by: redis.clients.jedis.exceptions.JedisConnectionException: java.net.ConnectException: Conexão recusada
	at org.springframework.data.redis.core.DefaultValueOperationsTests.testMultiSetIfAbsentFailure(DefaultValueOperationsTests.java:150)
Caused by: java.net.ConnectException: Conexão recusada
	at org.springframework.data.redis.core.DefaultValueOperationsTests.testMultiSetIfAbsentFailure(DefaultValueOperationsTests.java:150)
</error>
  </testcase>
  <testcase name="testMultiSetIfAbsentFailure[8]" classname="org.springframework.data.redis.core.DefaultValueOperationsTests" time="0.001">
    <error message="Cannot get Jedis connection; nested exception is redis.clients.jedis.exceptions.JedisConnectionException: Could not get a resource from the pool" type="org.springframework.data.redis.RedisConnectionFailureException">org.springframework.data.redis.RedisConnectionFailureException: Cannot get Jedis connection; nested exception is redis.clients.jedis.exceptions.JedisConnectionException: Could not get a resource from the pool
	at org.springframework.data.redis.core.DefaultValueOperationsTests.tearDown(DefaultValueOperationsTests.java:91)
Caused by: redis.clients.jedis.exceptions.JedisConnectionException: Could not get a resource from the pool
	at org.springframework.data.redis.core.DefaultValueOperationsTests.tearDown(DefaultValueOperationsTests.java:91)
Caused by: redis.clients.jedis.exceptions.JedisConnectionException: java.net.ConnectException: Conexão recusada
	at org.springframework.data.redis.core.DefaultValueOperationsTests.tearDown(DefaultValueOperationsTests.java:91)
Caused by: java.net.ConnectException: Conexão recusada
	at org.springframework.data.redis.core.DefaultValueOperationsTests.tearDown(DefaultValueOperationsTests.java:91)
</error>
  </testcase>
  <testcase name="testIncrementDouble[8]" classname="org.springframework.data.redis.core.DefaultValueOperationsTests" time="0.001">
    <error message="Could not initialize class org.springframework.data.redis.RedisTestProfileValueSource" type="java.lang.NoClassDefFoundError">java.lang.NoClassDefFoundError: Could not initialize class org.springframework.data.redis.RedisTestProfileValueSource
	at org.springframework.data.redis.core.DefaultValueOperationsTests.testIncrementDouble(DefaultValueOperationsTests.java:117)
</error>
  </testcase>
  <testcase name="testIncrementDouble[8]" classname="org.springframework.data.redis.core.DefaultValueOperationsTests" time="0.001">
    <error message="Cannot get Jedis connection; nested exception is redis.clients.jedis.exceptions.JedisConnectionException: Could not get a resource from the pool" type="org.springframework.data.redis.RedisConnectionFailureException">org.springframework.data.redis.RedisConnectionFailureException: Cannot get Jedis connection; nested exception is redis.clients.jedis.exceptions.JedisConnectionException: Could not get a resource from the pool
	at org.springframework.data.redis.core.DefaultValueOperationsTests.tearDown(DefaultValueOperationsTests.java:91)
Caused by: redis.clients.jedis.exceptions.JedisConnectionException: Could not get a resource from the pool
	at org.springframework.data.redis.core.DefaultValueOperationsTests.tearDown(DefaultValueOperationsTests.java:91)
Caused by: redis.clients.jedis.exceptions.JedisConnectionException: java.net.ConnectException: Conexão recusada
	at org.springframework.data.redis.core.DefaultValueOperationsTests.tearDown(DefaultValueOperationsTests.java:91)
Caused by: java.net.ConnectException: Conexão recusada
	at org.springframework.data.redis.core.DefaultValueOperationsTests.tearDown(DefaultValueOperationsTests.java:91)
</error>
  </testcase>
  <testcase name="testSetWithExpirationWithTimeUnitMilliseconds[8]" classname="org.springframework.data.redis.core.DefaultValueOperationsTests" time="0">
    <error message="Could not initialize class org.springframework.data.redis.RedisTestProfileValueSource" type="java.lang.NoClassDefFoundError">java.lang.NoClassDefFoundError: Could not initialize class org.springframework.data.redis.RedisTestProfileValueSource
	at org.springframework.data.redis.core.DefaultValueOperationsTests.testSetWithExpirationWithTimeUnitMilliseconds(DefaultValueOperationsTests.java:206)
</error>
  </testcase>
  <testcase name="testSetWithExpirationWithTimeUnitMilliseconds[8]" classname="org.springframework.data.redis.core.DefaultValueOperationsTests" time="0">
    <error message="Cannot get Jedis connection; nested exception is redis.clients.jedis.exceptions.JedisConnectionException: Could not get a resource from the pool" type="org.springframework.data.redis.RedisConnectionFailureException">org.springframework.data.redis.RedisConnectionFailureException: Cannot get Jedis connection; nested exception is redis.clients.jedis.exceptions.JedisConnectionException: Could not get a resource from the pool
	at org.springframework.data.redis.core.DefaultValueOperationsTests.tearDown(DefaultValueOperationsTests.java:91)
Caused by: redis.clients.jedis.exceptions.JedisConnectionException: Could not get a resource from the pool
	at org.springframework.data.redis.core.DefaultValueOperationsTests.tearDown(DefaultValueOperationsTests.java:91)
Caused by: redis.clients.jedis.exceptions.JedisConnectionException: java.net.ConnectException: Conexão recusada
	at org.springframework.data.redis.core.DefaultValueOperationsTests.tearDown(DefaultValueOperationsTests.java:91)
Caused by: java.net.ConnectException: Conexão recusada
	at org.springframework.data.redis.core.DefaultValueOperationsTests.tearDown(DefaultValueOperationsTests.java:91)
</error>
  </testcase>
  <testcase name="testRawKeys[8]" classname="org.springframework.data.redis.core.DefaultValueOperationsTests" time="0.001">
    <error message="Cannot get Jedis connection; nested exception is redis.clients.jedis.exceptions.JedisConnectionException: Could not get a resource from the pool" type="org.springframework.data.redis.RedisConnectionFailureException">org.springframework.data.redis.RedisConnectionFailureException: Cannot get Jedis connection; nested exception is redis.clients.jedis.exceptions.JedisConnectionException: Could not get a resource from the pool
	at org.springframework.data.redis.core.DefaultValueOperationsTests.tearDown(DefaultValueOperationsTests.java:91)
Caused by: redis.clients.jedis.exceptions.JedisConnectionException: Could not get a resource from the pool
	at org.springframework.data.redis.core.DefaultValueOperationsTests.tearDown(DefaultValueOperationsTests.java:91)
Caused by: redis.clients.jedis.exceptions.JedisConnectionException: java.net.ConnectException: Conexão recusada
	at org.springframework.data.redis.core.DefaultValueOperationsTests.tearDown(DefaultValueOperationsTests.java:91)
Caused by: java.net.ConnectException: Conexão recusada
	at org.springframework.data.redis.core.DefaultValueOperationsTests.tearDown(DefaultValueOperationsTests.java:91)
</error>
  </testcase>
  <testcase name="testGetAndSet[8]" classname="org.springframework.data.redis.core.DefaultValueOperationsTests" time="0.001">
    <error message="Cannot get Jedis connection; nested exception is redis.clients.jedis.exceptions.JedisConnectionException: Could not get a resource from the pool" type="org.springframework.data.redis.RedisConnectionFailureException">org.springframework.data.redis.RedisConnectionFailureException: Cannot get Jedis connection; nested exception is redis.clients.jedis.exceptions.JedisConnectionException: Could not get a resource from the pool
	at org.springframework.data.redis.core.DefaultValueOperationsTests.testGetAndSet(DefaultValueOperationsTests.java:183)
Caused by: redis.clients.jedis.exceptions.JedisConnectionException: Could not get a resource from the pool
	at org.springframework.data.redis.core.DefaultValueOperationsTests.testGetAndSet(DefaultValueOperationsTests.java:183)
Caused by: redis.clients.jedis.exceptions.JedisConnectionException: java.net.ConnectException: Conexão recusada
	at org.springframework.data.redis.core.DefaultValueOperationsTests.testGetAndSet(DefaultValueOperationsTests.java:183)
Caused by: java.net.ConnectException: Conexão recusada
	at org.springframework.data.redis.core.DefaultValueOperationsTests.testGetAndSet(DefaultValueOperationsTests.java:183)
</error>
  </testcase>
  <testcase name="testGetAndSet[8]" classname="org.springframework.data.redis.core.DefaultValueOperationsTests" time="0.001">
    <error message="Cannot get Jedis connection; nested exception is redis.clients.jedis.exceptions.JedisConnectionException: Could not get a resource from the pool" type="org.springframework.data.redis.RedisConnectionFailureException">org.springframework.data.redis.RedisConnectionFailureException: Cannot get Jedis connection; nested exception is redis.clients.jedis.exceptions.JedisConnectionException: Could not get a resource from the pool
	at org.springframework.data.redis.core.DefaultValueOperationsTests.tearDown(DefaultValueOperationsTests.java:91)
Caused by: redis.clients.jedis.exceptions.JedisConnectionException: Could not get a resource from the pool
	at org.springframework.data.redis.core.DefaultValueOperationsTests.tearDown(DefaultValueOperationsTests.java:91)
Caused by: redis.clients.jedis.exceptions.JedisConnectionException: java.net.ConnectException: Conexão recusada
	at org.springframework.data.redis.core.DefaultValueOperationsTests.tearDown(DefaultValueOperationsTests.java:91)
Caused by: java.net.ConnectException: Conexão recusada
	at org.springframework.data.redis.core.DefaultValueOperationsTests.tearDown(DefaultValueOperationsTests.java:91)
</error>
  </testcase>
  <testcase name="testDeserializeKey[8]" classname="org.springframework.data.redis.core.DefaultValueOperationsTests" time="0">
    <error message="got: &lt;false&gt;, expected: is &lt;true&gt;" type="org.junit.AssumptionViolatedException"><![CDATA[org.junit.AssumptionViolatedException: got: <false>, expected: is <true>
	at org.springframework.data.redis.core.DefaultValueOperationsTests.testDeserializeKey(DefaultValueOperationsTests.java:286)
]]></error>
  </testcase>
  <testcase name="testDeserializeKey[8]" classname="org.springframework.data.redis.core.DefaultValueOperationsTests" time="0.001">
    <error message="Cannot get Jedis connection; nested exception is redis.clients.jedis.exceptions.JedisConnectionException: Could not get a resource from the pool" type="org.springframework.data.redis.RedisConnectionFailureException">org.springframework.data.redis.RedisConnectionFailureException: Cannot get Jedis connection; nested exception is redis.clients.jedis.exceptions.JedisConnectionException: Could not get a resource from the pool
	at org.springframework.data.redis.core.DefaultValueOperationsTests.tearDown(DefaultValueOperationsTests.java:91)
Caused by: redis.clients.jedis.exceptions.JedisConnectionException: Could not get a resource from the pool
	at org.springframework.data.redis.core.DefaultValueOperationsTests.tearDown(DefaultValueOperationsTests.java:91)
Caused by: redis.clients.jedis.exceptions.JedisConnectionException: java.net.ConnectException: Conexão recusada
	at org.springframework.data.redis.core.DefaultValueOperationsTests.tearDown(DefaultValueOperationsTests.java:91)
Caused by: java.net.ConnectException: Conexão recusada
	at org.springframework.data.redis.core.DefaultValueOperationsTests.tearDown(DefaultValueOperationsTests.java:91)
</error>
  </testcase>
  <testcase name="testSetWithExpiration[8]" classname="org.springframework.data.redis.core.DefaultValueOperationsTests" time="0">
    <error message="Could not initialize class org.springframework.data.redis.RedisTestProfileValueSource" type="java.lang.NoClassDefFoundError">java.lang.NoClassDefFoundError: Could not initialize class org.springframework.data.redis.RedisTestProfileValueSource
	at org.springframework.data.redis.core.DefaultValueOperationsTests.testSetWithExpiration(DefaultValueOperationsTests.java:189)
</error>
  </testcase>
  <testcase name="testSetWithExpiration[8]" classname="org.springframework.data.redis.core.DefaultValueOperationsTests" time="0">
    <error message="Cannot get Jedis connection; nested exception is redis.clients.jedis.exceptions.JedisConnectionException: Could not get a resource from the pool" type="org.springframework.data.redis.RedisConnectionFailureException">org.springframework.data.redis.RedisConnectionFailureException: Cannot get Jedis connection; nested exception is redis.clients.jedis.exceptions.JedisConnectionException: Could not get a resource from the pool
	at org.springframework.data.redis.core.DefaultValueOperationsTests.tearDown(DefaultValueOperationsTests.java:91)
Caused by: redis.clients.jedis.exceptions.JedisConnectionException: Could not get a resource from the pool
	at org.springframework.data.redis.core.DefaultValueOperationsTests.tearDown(DefaultValueOperationsTests.java:91)
Caused by: redis.clients.jedis.exceptions.JedisConnectionException: java.net.ConnectException: Conexão recusada
	at org.springframework.data.redis.core.DefaultValueOperationsTests.tearDown(DefaultValueOperationsTests.java:91)
Caused by: java.net.ConnectException: Conexão recusada
	at org.springframework.data.redis.core.DefaultValueOperationsTests.tearDown(DefaultValueOperationsTests.java:91)
</error>
  </testcase>
  <testcase name="testAppend[8]" classname="org.springframework.data.redis.core.DefaultValueOperationsTests" time="0.001">
    <error message="got: &lt;false&gt;, expected: is &lt;true&gt;" type="org.junit.AssumptionViolatedException"><![CDATA[org.junit.AssumptionViolatedException: got: <false>, expected: is <true>
	at org.springframework.data.redis.core.DefaultValueOperationsTests.testAppend(DefaultValueOperationsTests.java:221)
]]></error>
  </testcase>
  <testcase name="testAppend[8]" classname="org.springframework.data.redis.core.DefaultValueOperationsTests" time="0.001">
    <error message="Cannot get Jedis connection; nested exception is redis.clients.jedis.exceptions.JedisConnectionException: Could not get a resource from the pool" type="org.springframework.data.redis.RedisConnectionFailureException">org.springframework.data.redis.RedisConnectionFailureException: Cannot get Jedis connection; nested exception is redis.clients.jedis.exceptions.JedisConnectionException: Could not get a resource from the pool
	at org.springframework.data.redis.core.DefaultValueOperationsTests.tearDown(DefaultValueOperationsTests.java:91)
Caused by: redis.clients.jedis.exceptions.JedisConnectionException: Could not get a resource from the pool
	at org.springframework.data.redis.core.DefaultValueOperationsTests.tearDown(DefaultValueOperationsTests.java:91)
Caused by: redis.clients.jedis.exceptions.JedisConnectionException: java.net.ConnectException: Conexão recusada
	at org.springframework.data.redis.core.DefaultValueOperationsTests.tearDown(DefaultValueOperationsTests.java:91)
Caused by: java.net.ConnectException: Conexão recusada
	at org.springframework.data.redis.core.DefaultValueOperationsTests.tearDown(DefaultValueOperationsTests.java:91)
</error>
  </testcase>
  <testcase name="testIncrementLong[8]" classname="org.springframework.data.redis.core.DefaultValueOperationsTests" time="0">
    <error message="got: &lt;false&gt;, expected: is &lt;true&gt;" type="org.junit.AssumptionViolatedException"><![CDATA[org.junit.AssumptionViolatedException: got: <false>, expected: is <true>
	at org.springframework.data.redis.core.DefaultValueOperationsTests.testIncrementLong(DefaultValueOperationsTests.java:103)
]]></error>
  </testcase>
  <testcase name="testIncrementLong[8]" classname="org.springframework.data.redis.core.DefaultValueOperationsTests" time="0">
    <error message="Cannot get Jedis connection; nested exception is redis.clients.jedis.exceptions.JedisConnectionException: Could not get a resource from the pool" type="org.springframework.data.redis.RedisConnectionFailureException">org.springframework.data.redis.RedisConnectionFailureException: Cannot get Jedis connection; nested exception is redis.clients.jedis.exceptions.JedisConnectionException: Could not get a resource from the pool
	at org.springframework.data.redis.core.DefaultValueOperationsTests.tearDown(DefaultValueOperationsTests.java:91)
Caused by: redis.clients.jedis.exceptions.JedisConnectionException: Could not get a resource from the pool
	at org.springframework.data.redis.core.DefaultValueOperationsTests.tearDown(DefaultValueOperationsTests.java:91)
Caused by: redis.clients.jedis.exceptions.JedisConnectionException: java.net.ConnectException: Conexão recusada
	at org.springframework.data.redis.core.DefaultValueOperationsTests.tearDown(DefaultValueOperationsTests.java:91)
Caused by: java.net.ConnectException: Conexão recusada
	at org.springframework.data.redis.core.DefaultValueOperationsTests.tearDown(DefaultValueOperationsTests.java:91)
</error>
  </testcase>
  <testcase name="testMultiSet[8]" classname="org.springframework.data.redis.core.DefaultValueOperationsTests" time="0.001">
    <error message="Cannot get Jedis connection; nested exception is redis.clients.jedis.exceptions.JedisConnectionException: Could not get a resource from the pool" type="org.springframework.data.redis.RedisConnectionFailureException">org.springframework.data.redis.RedisConnectionFailureException: Cannot get Jedis connection; nested exception is redis.clients.jedis.exceptions.JedisConnectionException: Could not get a resource from the pool
	at org.springframework.data.redis.core.DefaultValueOperationsTests.testMultiSet(DefaultValueOperationsTests.java:166)
Caused by: redis.clients.jedis.exceptions.JedisConnectionException: Could not get a resource from the pool
	at org.springframework.data.redis.core.DefaultValueOperationsTests.testMultiSet(DefaultValueOperationsTests.java:166)
Caused by: redis.clients.jedis.exceptions.JedisConnectionException: java.net.ConnectException: Conexão recusada
	at org.springframework.data.redis.core.DefaultValueOperationsTests.testMultiSet(DefaultValueOperationsTests.java:166)
Caused by: java.net.ConnectException: Conexão recusada
	at org.springframework.data.redis.core.DefaultValueOperationsTests.testMultiSet(DefaultValueOperationsTests.java:166)
</error>
  </testcase>
  <testcase name="testMultiSet[8]" classname="org.springframework.data.redis.core.DefaultValueOperationsTests" time="0.002">
    <error message="Cannot get Jedis connection; nested exception is redis.clients.jedis.exceptions.JedisConnectionException: Could not get a resource from the pool" type="org.springframework.data.redis.RedisConnectionFailureException">org.springframework.data.redis.RedisConnectionFailureException: Cannot get Jedis connection; nested exception is redis.clients.jedis.exceptions.JedisConnectionException: Could not get a resource from the pool
	at org.springframework.data.redis.core.DefaultValueOperationsTests.tearDown(DefaultValueOperationsTests.java:91)
Caused by: redis.clients.jedis.exceptions.JedisConnectionException: Could not get a resource from the pool
	at org.springframework.data.redis.core.DefaultValueOperationsTests.tearDown(DefaultValueOperationsTests.java:91)
Caused by: redis.clients.jedis.exceptions.JedisConnectionException: java.net.ConnectException: Conexão recusada
	at org.springframework.data.redis.core.DefaultValueOperationsTests.tearDown(DefaultValueOperationsTests.java:91)
Caused by: java.net.ConnectException: Conexão recusada
	at org.springframework.data.redis.core.DefaultValueOperationsTests.tearDown(DefaultValueOperationsTests.java:91)
</error>
  </testcase>
  <testcase name="testGetSet[8]" classname="org.springframework.data.redis.core.DefaultValueOperationsTests" time="0">
    <error message="Cannot get Jedis connection; nested exception is redis.clients.jedis.exceptions.JedisConnectionException: Could not get a resource from the pool" type="org.springframework.data.redis.RedisConnectionFailureException">org.springframework.data.redis.RedisConnectionFailureException: Cannot get Jedis connection; nested exception is redis.clients.jedis.exceptions.JedisConnectionException: Could not get a resource from the pool
	at org.springframework.data.redis.core.DefaultValueOperationsTests.testGetSet(DefaultValueOperationsTests.java:174)
Caused by: redis.clients.jedis.exceptions.JedisConnectionException: Could not get a resource from the pool
	at org.springframework.data.redis.core.DefaultValueOperationsTests.testGetSet(DefaultValueOperationsTests.java:174)
Caused by: redis.clients.jedis.exceptions.JedisConnectionException: java.net.ConnectException: Conexão recusada
	at org.springframework.data.redis.core.DefaultValueOperationsTests.testGetSet(DefaultValueOperationsTests.java:174)
Caused by: java.net.ConnectException: Conexão recusada
	at org.springframework.data.redis.core.DefaultValueOperationsTests.testGetSet(DefaultValueOperationsTests.java:174)
</error>
  </testcase>
  <testcase name="testGetSet[8]" classname="org.springframework.data.redis.core.DefaultValueOperationsTests" time="0.001">
    <error message="Cannot get Jedis connection; nested exception is redis.clients.jedis.exceptions.JedisConnectionException: Could not get a resource from the pool" type="org.springframework.data.redis.RedisConnectionFailureException">org.springframework.data.redis.RedisConnectionFailureException: Cannot get Jedis connection; nested exception is redis.clients.jedis.exceptions.JedisConnectionException: Could not get a resource from the pool
	at org.springframework.data.redis.core.DefaultValueOperationsTests.tearDown(DefaultValueOperationsTests.java:91)
Caused by: redis.clients.jedis.exceptions.JedisConnectionException: Could not get a resource from the pool
	at org.springframework.data.redis.core.DefaultValueOperationsTests.tearDown(DefaultValueOperationsTests.java:91)
Caused by: redis.clients.jedis.exceptions.JedisConnectionException: java.net.ConnectException: Conexão recusada
	at org.springframework.data.redis.core.DefaultValueOperationsTests.tearDown(DefaultValueOperationsTests.java:91)
Caused by: java.net.ConnectException: Conexão recusada
	at org.springframework.data.redis.core.DefaultValueOperationsTests.tearDown(DefaultValueOperationsTests.java:91)
</error>
  </testcase>
  <testcase name="testMultiSetIfAbsent[8]" classname="org.springframework.data.redis.core.DefaultValueOperationsTests" time="0.002">
    <error message="Cannot get Jedis connection; nested exception is redis.clients.jedis.exceptions.JedisConnectionException: Could not get a resource from the pool" type="org.springframework.data.redis.RedisConnectionFailureException">org.springframework.data.redis.RedisConnectionFailureException: Cannot get Jedis connection; nested exception is redis.clients.jedis.exceptions.JedisConnectionException: Could not get a resource from the pool
	at org.springframework.data.redis.core.DefaultValueOperationsTests.testMultiSetIfAbsent(DefaultValueOperationsTests.java:139)
Caused by: redis.clients.jedis.exceptions.JedisConnectionException: Could not get a resource from the pool
	at org.springframework.data.redis.core.DefaultValueOperationsTests.testMultiSetIfAbsent(DefaultValueOperationsTests.java:139)
Caused by: redis.clients.jedis.exceptions.JedisConnectionException: java.net.ConnectException: Conexão recusada
	at org.springframework.data.redis.core.DefaultValueOperationsTests.testMultiSetIfAbsent(DefaultValueOperationsTests.java:139)
Caused by: java.net.ConnectException: Conexão recusada
	at org.springframework.data.redis.core.DefaultValueOperationsTests.testMultiSetIfAbsent(DefaultValueOperationsTests.java:139)
</error>
  </testcase>
  <testcase name="testMultiSetIfAbsent[8]" classname="org.springframework.data.redis.core.DefaultValueOperationsTests" time="0.002">
    <error message="Cannot get Jedis connection; nested exception is redis.clients.jedis.exceptions.JedisConnectionException: Could not get a resource from the pool" type="org.springframework.data.redis.RedisConnectionFailureException">org.springframework.data.redis.RedisConnectionFailureException: Cannot get Jedis connection; nested exception is redis.clients.jedis.exceptions.JedisConnectionException: Could not get a resource from the pool
	at org.springframework.data.redis.core.DefaultValueOperationsTests.tearDown(DefaultValueOperationsTests.java:91)
Caused by: redis.clients.jedis.exceptions.JedisConnectionException: Could not get a resource from the pool
	at org.springframework.data.redis.core.DefaultValueOperationsTests.tearDown(DefaultValueOperationsTests.java:91)
Caused by: redis.clients.jedis.exceptions.JedisConnectionException: java.net.ConnectException: Conexão recusada
	at org.springframework.data.redis.core.DefaultValueOperationsTests.tearDown(DefaultValueOperationsTests.java:91)
Caused by: java.net.ConnectException: Conexão recusada
	at org.springframework.data.redis.core.DefaultValueOperationsTests.tearDown(DefaultValueOperationsTests.java:91)
</error>
  </testcase>
  <testcase name="testSetIfAbsent[8]" classname="org.springframework.data.redis.core.DefaultValueOperationsTests" time="0.001">
    <error message="Cannot get Jedis connection; nested exception is redis.clients.jedis.exceptions.JedisConnectionException: Could not get a resource from the pool" type="org.springframework.data.redis.RedisConnectionFailureException">org.springframework.data.redis.RedisConnectionFailureException: Cannot get Jedis connection; nested exception is redis.clients.jedis.exceptions.JedisConnectionException: Could not get a resource from the pool
	at org.springframework.data.redis.core.DefaultValueOperationsTests.testSetIfAbsent(DefaultValueOperationsTests.java:252)
Caused by: redis.clients.jedis.exceptions.JedisConnectionException: Could not get a resource from the pool
	at org.springframework.data.redis.core.DefaultValueOperationsTests.testSetIfAbsent(DefaultValueOperationsTests.java:252)
Caused by: redis.clients.jedis.exceptions.JedisConnectionException: java.net.ConnectException: Conexão recusada
	at org.springframework.data.redis.core.DefaultValueOperationsTests.testSetIfAbsent(DefaultValueOperationsTests.java:252)
Caused by: java.net.ConnectException: Conexão recusada
	at org.springframework.data.redis.core.DefaultValueOperationsTests.testSetIfAbsent(DefaultValueOperationsTests.java:252)
</error>
  </testcase>
  <testcase name="testSetIfAbsent[8]" classname="org.springframework.data.redis.core.DefaultValueOperationsTests" time="0.001">
    <error message="Cannot get Jedis connection; nested exception is redis.clients.jedis.exceptions.JedisConnectionException: Could not get a resource from the pool" type="org.springframework.data.redis.RedisConnectionFailureException">org.springframework.data.redis.RedisConnectionFailureException: Cannot get Jedis connection; nested exception is redis.clients.jedis.exceptions.JedisConnectionException: Could not get a resource from the pool
	at org.springframework.data.redis.core.DefaultValueOperationsTests.tearDown(DefaultValueOperationsTests.java:91)
Caused by: redis.clients.jedis.exceptions.JedisConnectionException: Could not get a resource from the pool
	at org.springframework.data.redis.core.DefaultValueOperationsTests.tearDown(DefaultValueOperationsTests.java:91)
Caused by: redis.clients.jedis.exceptions.JedisConnectionException: java.net.ConnectException: Conexão recusada
	at org.springframework.data.redis.core.DefaultValueOperationsTests.tearDown(DefaultValueOperationsTests.java:91)
Caused by: java.net.ConnectException: Conexão recusada
	at org.springframework.data.redis.core.DefaultValueOperationsTests.tearDown(DefaultValueOperationsTests.java:91)
</error>
  </testcase>
  <testcase name="testRawKeysCollection[8]" classname="org.springframework.data.redis.core.DefaultValueOperationsTests" time="0.001">
    <error message="Cannot get Jedis connection; nested exception is redis.clients.jedis.exceptions.JedisConnectionException: Could not get a resource from the pool" type="org.springframework.data.redis.RedisConnectionFailureException">org.springframework.data.redis.RedisConnectionFailureException: Cannot get Jedis connection; nested exception is redis.clients.jedis.exceptions.JedisConnectionException: Could not get a resource from the pool
	at org.springframework.data.redis.core.DefaultValueOperationsTests.tearDown(DefaultValueOperationsTests.java:91)
Caused by: redis.clients.jedis.exceptions.JedisConnectionException: Could not get a resource from the pool
	at org.springframework.data.redis.core.DefaultValueOperationsTests.tearDown(DefaultValueOperationsTests.java:91)
Caused by: redis.clients.jedis.exceptions.JedisConnectionException: java.net.ConnectException: Conexão recusada
	at org.springframework.data.redis.core.DefaultValueOperationsTests.tearDown(DefaultValueOperationsTests.java:91)
Caused by: java.net.ConnectException: Conexão recusada
	at org.springframework.data.redis.core.DefaultValueOperationsTests.tearDown(DefaultValueOperationsTests.java:91)
</error>
  </testcase>
  <testcase name="testSetRange[8]" classname="org.springframework.data.redis.core.DefaultValueOperationsTests" time="0">
    <error message="got: &lt;false&gt;, expected: is &lt;true&gt;" type="org.junit.AssumptionViolatedException"><![CDATA[org.junit.AssumptionViolatedException: got: <false>, expected: is <true>
	at org.springframework.data.redis.core.DefaultValueOperationsTests.testSetRange(DefaultValueOperationsTests.java:241)
]]></error>
  </testcase>
  <testcase name="testSetRange[8]" classname="org.springframework.data.redis.core.DefaultValueOperationsTests" time="0">
    <error message="Cannot get Jedis connection; nested exception is redis.clients.jedis.exceptions.JedisConnectionException: Could not get a resource from the pool" type="org.springframework.data.redis.RedisConnectionFailureException">org.springframework.data.redis.RedisConnectionFailureException: Cannot get Jedis connection; nested exception is redis.clients.jedis.exceptions.JedisConnectionException: Could not get a resource from the pool
	at org.springframework.data.redis.core.DefaultValueOperationsTests.tearDown(DefaultValueOperationsTests.java:91)
Caused by: redis.clients.jedis.exceptions.JedisConnectionException: Could not get a resource from the pool
	at org.springframework.data.redis.core.DefaultValueOperationsTests.tearDown(DefaultValueOperationsTests.java:91)
Caused by: redis.clients.jedis.exceptions.JedisConnectionException: java.net.ConnectException: Conexão recusada
	at org.springframework.data.redis.core.DefaultValueOperationsTests.tearDown(DefaultValueOperationsTests.java:91)
Caused by: java.net.ConnectException: Conexão recusada
	at org.springframework.data.redis.core.DefaultValueOperationsTests.tearDown(DefaultValueOperationsTests.java:91)
</error>
  </testcase>
  <testcase name="testSetAndGetBit[9]" classname="org.springframework.data.redis.core.DefaultValueOperationsTests" time="0.001">
    <error message="got: &lt;false&gt;, expected: is &lt;true&gt;" type="org.junit.AssumptionViolatedException"><![CDATA[org.junit.AssumptionViolatedException: got: <false>, expected: is <true>
	at org.springframework.data.redis.core.DefaultValueOperationsTests.testSetAndGetBit(DefaultValueOperationsTests.java:296)
]]></error>
  </testcase>
  <testcase name="testSetAndGetBit[9]" classname="org.springframework.data.redis.core.DefaultValueOperationsTests" time="0.001">
    <error message="Cannot get Jedis connection; nested exception is redis.clients.jedis.exceptions.JedisConnectionException: Could not get a resource from the pool" type="org.springframework.data.redis.RedisConnectionFailureException">org.springframework.data.redis.RedisConnectionFailureException: Cannot get Jedis connection; nested exception is redis.clients.jedis.exceptions.JedisConnectionException: Could not get a resource from the pool
	at org.springframework.data.redis.core.DefaultValueOperationsTests.tearDown(DefaultValueOperationsTests.java:91)
Caused by: redis.clients.jedis.exceptions.JedisConnectionException: Could not get a resource from the pool
	at org.springframework.data.redis.core.DefaultValueOperationsTests.tearDown(DefaultValueOperationsTests.java:91)
Caused by: redis.clients.jedis.exceptions.JedisConnectionException: java.net.ConnectException: Conexão recusada
	at org.springframework.data.redis.core.DefaultValueOperationsTests.tearDown(DefaultValueOperationsTests.java:91)
Caused by: java.net.ConnectException: Conexão recusada
	at org.springframework.data.redis.core.DefaultValueOperationsTests.tearDown(DefaultValueOperationsTests.java:91)
</error>
  </testcase>
  <testcase name="testGetRange[9]" classname="org.springframework.data.redis.core.DefaultValueOperationsTests" time="0">
    <error message="got: &lt;false&gt;, expected: is &lt;true&gt;" type="org.junit.AssumptionViolatedException"><![CDATA[org.junit.AssumptionViolatedException: got: <false>, expected: is <true>
	at org.springframework.data.redis.core.DefaultValueOperationsTests.testGetRange(DefaultValueOperationsTests.java:231)
]]></error>
  </testcase>
  <testcase name="testGetRange[9]" classname="org.springframework.data.redis.core.DefaultValueOperationsTests" time="0.001">
    <error message="Cannot get Jedis connection; nested exception is redis.clients.jedis.exceptions.JedisConnectionException: Could not get a resource from the pool" type="org.springframework.data.redis.RedisConnectionFailureException">org.springframework.data.redis.RedisConnectionFailureException: Cannot get Jedis connection; nested exception is redis.clients.jedis.exceptions.JedisConnectionException: Could not get a resource from the pool
	at org.springframework.data.redis.core.DefaultValueOperationsTests.tearDown(DefaultValueOperationsTests.java:91)
Caused by: redis.clients.jedis.exceptions.JedisConnectionException: Could not get a resource from the pool
	at org.springframework.data.redis.core.DefaultValueOperationsTests.tearDown(DefaultValueOperationsTests.java:91)
Caused by: redis.clients.jedis.exceptions.JedisConnectionException: java.net.ConnectException: Conexão recusada
	at org.springframework.data.redis.core.DefaultValueOperationsTests.tearDown(DefaultValueOperationsTests.java:91)
Caused by: java.net.ConnectException: Conexão recusada
	at org.springframework.data.redis.core.DefaultValueOperationsTests.tearDown(DefaultValueOperationsTests.java:91)
</error>
  </testcase>
  <testcase name="testSize[9]" classname="org.springframework.data.redis.core.DefaultValueOperationsTests" time="0.004">
    <error message="Cannot get Jedis connection; nested exception is redis.clients.jedis.exceptions.JedisConnectionException: Could not get a resource from the pool" type="org.springframework.data.redis.RedisConnectionFailureException">org.springframework.data.redis.RedisConnectionFailureException: Cannot get Jedis connection; nested exception is redis.clients.jedis.exceptions.JedisConnectionException: Could not get a resource from the pool
	at org.springframework.data.redis.core.DefaultValueOperationsTests.testSize(DefaultValueOperationsTests.java:260)
Caused by: redis.clients.jedis.exceptions.JedisConnectionException: Could not get a resource from the pool
	at org.springframework.data.redis.core.DefaultValueOperationsTests.testSize(DefaultValueOperationsTests.java:260)
Caused by: redis.clients.jedis.exceptions.JedisConnectionException: java.net.ConnectException: Conexão recusada
	at org.springframework.data.redis.core.DefaultValueOperationsTests.testSize(DefaultValueOperationsTests.java:260)
Caused by: java.net.ConnectException: Conexão recusada
	at org.springframework.data.redis.core.DefaultValueOperationsTests.testSize(DefaultValueOperationsTests.java:260)
</error>
  </testcase>
  <testcase name="testSize[9]" classname="org.springframework.data.redis.core.DefaultValueOperationsTests" time="0.004">
    <error message="Cannot get Jedis connection; nested exception is redis.clients.jedis.exceptions.JedisConnectionException: Could not get a resource from the pool" type="org.springframework.data.redis.RedisConnectionFailureException">org.springframework.data.redis.RedisConnectionFailureException: Cannot get Jedis connection; nested exception is redis.clients.jedis.exceptions.JedisConnectionException: Could not get a resource from the pool
	at org.springframework.data.redis.core.DefaultValueOperationsTests.tearDown(DefaultValueOperationsTests.java:91)
Caused by: redis.clients.jedis.exceptions.JedisConnectionException: Could not get a resource from the pool
	at org.springframework.data.redis.core.DefaultValueOperationsTests.tearDown(DefaultValueOperationsTests.java:91)
Caused by: redis.clients.jedis.exceptions.JedisConnectionException: java.net.ConnectException: Conexão recusada
	at org.springframework.data.redis.core.DefaultValueOperationsTests.tearDown(DefaultValueOperationsTests.java:91)
Caused by: java.net.ConnectException: Conexão recusada
	at org.springframework.data.redis.core.DefaultValueOperationsTests.tearDown(DefaultValueOperationsTests.java:91)
</error>
  </testcase>
  <testcase name="testMultiSetIfAbsentFailure[9]" classname="org.springframework.data.redis.core.DefaultValueOperationsTests" time="0.001">
    <error message="Cannot get Jedis connection; nested exception is redis.clients.jedis.exceptions.JedisConnectionException: Could not get a resource from the pool" type="org.springframework.data.redis.RedisConnectionFailureException">org.springframework.data.redis.RedisConnectionFailureException: Cannot get Jedis connection; nested exception is redis.clients.jedis.exceptions.JedisConnectionException: Could not get a resource from the pool
	at org.springframework.data.redis.core.DefaultValueOperationsTests.testMultiSetIfAbsentFailure(DefaultValueOperationsTests.java:150)
Caused by: redis.clients.jedis.exceptions.JedisConnectionException: Could not get a resource from the pool
	at org.springframework.data.redis.core.DefaultValueOperationsTests.testMultiSetIfAbsentFailure(DefaultValueOperationsTests.java:150)
Caused by: redis.clients.jedis.exceptions.JedisConnectionException: java.net.ConnectException: Conexão recusada
	at org.springframework.data.redis.core.DefaultValueOperationsTests.testMultiSetIfAbsentFailure(DefaultValueOperationsTests.java:150)
Caused by: java.net.ConnectException: Conexão recusada
	at org.springframework.data.redis.core.DefaultValueOperationsTests.testMultiSetIfAbsentFailure(DefaultValueOperationsTests.java:150)
</error>
  </testcase>
  <testcase name="testMultiSetIfAbsentFailure[9]" classname="org.springframework.data.redis.core.DefaultValueOperationsTests" time="0.002">
    <error message="Cannot get Jedis connection; nested exception is redis.clients.jedis.exceptions.JedisConnectionException: Could not get a resource from the pool" type="org.springframework.data.redis.RedisConnectionFailureException">org.springframework.data.redis.RedisConnectionFailureException: Cannot get Jedis connection; nested exception is redis.clients.jedis.exceptions.JedisConnectionException: Could not get a resource from the pool
	at org.springframework.data.redis.core.DefaultValueOperationsTests.tearDown(DefaultValueOperationsTests.java:91)
Caused by: redis.clients.jedis.exceptions.JedisConnectionException: Could not get a resource from the pool
	at org.springframework.data.redis.core.DefaultValueOperationsTests.tearDown(DefaultValueOperationsTests.java:91)
Caused by: redis.clients.jedis.exceptions.JedisConnectionException: java.net.ConnectException: Conexão recusada
	at org.springframework.data.redis.core.DefaultValueOperationsTests.tearDown(DefaultValueOperationsTests.java:91)
Caused by: java.net.ConnectException: Conexão recusada
	at org.springframework.data.redis.core.DefaultValueOperationsTests.tearDown(DefaultValueOperationsTests.java:91)
</error>
  </testcase>
  <testcase name="testIncrementDouble[9]" classname="org.springframework.data.redis.core.DefaultValueOperationsTests" time="0">
    <error message="Could not initialize class org.springframework.data.redis.RedisTestProfileValueSource" type="java.lang.NoClassDefFoundError">java.lang.NoClassDefFoundError: Could not initialize class org.springframework.data.redis.RedisTestProfileValueSource
	at org.springframework.data.redis.core.DefaultValueOperationsTests.testIncrementDouble(DefaultValueOperationsTests.java:117)
</error>
  </testcase>
  <testcase name="testIncrementDouble[9]" classname="org.springframework.data.redis.core.DefaultValueOperationsTests" time="0">
    <error message="Cannot get Jedis connection; nested exception is redis.clients.jedis.exceptions.JedisConnectionException: Could not get a resource from the pool" type="org.springframework.data.redis.RedisConnectionFailureException">org.springframework.data.redis.RedisConnectionFailureException: Cannot get Jedis connection; nested exception is redis.clients.jedis.exceptions.JedisConnectionException: Could not get a resource from the pool
	at org.springframework.data.redis.core.DefaultValueOperationsTests.tearDown(DefaultValueOperationsTests.java:91)
Caused by: redis.clients.jedis.exceptions.JedisConnectionException: Could not get a resource from the pool
	at org.springframework.data.redis.core.DefaultValueOperationsTests.tearDown(DefaultValueOperationsTests.java:91)
Caused by: redis.clients.jedis.exceptions.JedisConnectionException: java.net.ConnectException: Conexão recusada
	at org.springframework.data.redis.core.DefaultValueOperationsTests.tearDown(DefaultValueOperationsTests.java:91)
Caused by: java.net.ConnectException: Conexão recusada
	at org.springframework.data.redis.core.DefaultValueOperationsTests.tearDown(DefaultValueOperationsTests.java:91)
</error>
  </testcase>
  <testcase name="testSetWithExpirationWithTimeUnitMilliseconds[9]" classname="org.springframework.data.redis.core.DefaultValueOperationsTests" time="0">
    <error message="Could not initialize class org.springframework.data.redis.RedisTestProfileValueSource" type="java.lang.NoClassDefFoundError">java.lang.NoClassDefFoundError: Could not initialize class org.springframework.data.redis.RedisTestProfileValueSource
	at org.springframework.data.redis.core.DefaultValueOperationsTests.testSetWithExpirationWithTimeUnitMilliseconds(DefaultValueOperationsTests.java:206)
</error>
  </testcase>
  <testcase name="testSetWithExpirationWithTimeUnitMilliseconds[9]" classname="org.springframework.data.redis.core.DefaultValueOperationsTests" time="0.001">
    <error message="Cannot get Jedis connection; nested exception is redis.clients.jedis.exceptions.JedisConnectionException: Could not get a resource from the pool" type="org.springframework.data.redis.RedisConnectionFailureException">org.springframework.data.redis.RedisConnectionFailureException: Cannot get Jedis connection; nested exception is redis.clients.jedis.exceptions.JedisConnectionException: Could not get a resource from the pool
	at org.springframework.data.redis.core.DefaultValueOperationsTests.tearDown(DefaultValueOperationsTests.java:91)
Caused by: redis.clients.jedis.exceptions.JedisConnectionException: Could not get a resource from the pool
	at org.springframework.data.redis.core.DefaultValueOperationsTests.tearDown(DefaultValueOperationsTests.java:91)
Caused by: redis.clients.jedis.exceptions.JedisConnectionException: java.net.ConnectException: Conexão recusada
	at org.springframework.data.redis.core.DefaultValueOperationsTests.tearDown(DefaultValueOperationsTests.java:91)
Caused by: java.net.ConnectException: Conexão recusada
	at org.springframework.data.redis.core.DefaultValueOperationsTests.tearDown(DefaultValueOperationsTests.java:91)
</error>
  </testcase>
  <testcase name="testRawKeys[9]" classname="org.springframework.data.redis.core.DefaultValueOperationsTests" time="0">
    <error message="Cannot get Jedis connection; nested exception is redis.clients.jedis.exceptions.JedisConnectionException: Could not get a resource from the pool" type="org.springframework.data.redis.RedisConnectionFailureException">org.springframework.data.redis.RedisConnectionFailureException: Cannot get Jedis connection; nested exception is redis.clients.jedis.exceptions.JedisConnectionException: Could not get a resource from the pool
	at org.springframework.data.redis.core.DefaultValueOperationsTests.tearDown(DefaultValueOperationsTests.java:91)
Caused by: redis.clients.jedis.exceptions.JedisConnectionException: Could not get a resource from the pool
	at org.springframework.data.redis.core.DefaultValueOperationsTests.tearDown(DefaultValueOperationsTests.java:91)
Caused by: redis.clients.jedis.exceptions.JedisConnectionException: java.net.ConnectException: Conexão recusada
	at org.springframework.data.redis.core.DefaultValueOperationsTests.tearDown(DefaultValueOperationsTests.java:91)
Caused by: java.net.ConnectException: Conexão recusada
	at org.springframework.data.redis.core.DefaultValueOperationsTests.tearDown(DefaultValueOperationsTests.java:91)
</error>
  </testcase>
  <testcase name="testGetAndSet[9]" classname="org.springframework.data.redis.core.DefaultValueOperationsTests" time="0.001">
    <error message="Cannot get Jedis connection; nested exception is redis.clients.jedis.exceptions.JedisConnectionException: Could not get a resource from the pool" type="org.springframework.data.redis.RedisConnectionFailureException">org.springframework.data.redis.RedisConnectionFailureException: Cannot get Jedis connection; nested exception is redis.clients.jedis.exceptions.JedisConnectionException: Could not get a resource from the pool
	at org.springframework.data.redis.core.DefaultValueOperationsTests.testGetAndSet(DefaultValueOperationsTests.java:183)
Caused by: redis.clients.jedis.exceptions.JedisConnectionException: Could not get a resource from the pool
	at org.springframework.data.redis.core.DefaultValueOperationsTests.testGetAndSet(DefaultValueOperationsTests.java:183)
Caused by: redis.clients.jedis.exceptions.JedisConnectionException: java.net.ConnectException: Conexão recusada
	at org.springframework.data.redis.core.DefaultValueOperationsTests.testGetAndSet(DefaultValueOperationsTests.java:183)
Caused by: java.net.ConnectException: Conexão recusada
	at org.springframework.data.redis.core.DefaultValueOperationsTests.testGetAndSet(DefaultValueOperationsTests.java:183)
</error>
  </testcase>
  <testcase name="testGetAndSet[9]" classname="org.springframework.data.redis.core.DefaultValueOperationsTests" time="0.001">
    <error message="Cannot get Jedis connection; nested exception is redis.clients.jedis.exceptions.JedisConnectionException: Could not get a resource from the pool" type="org.springframework.data.redis.RedisConnectionFailureException">org.springframework.data.redis.RedisConnectionFailureException: Cannot get Jedis connection; nested exception is redis.clients.jedis.exceptions.JedisConnectionException: Could not get a resource from the pool
	at org.springframework.data.redis.core.DefaultValueOperationsTests.tearDown(DefaultValueOperationsTests.java:91)
Caused by: redis.clients.jedis.exceptions.JedisConnectionException: Could not get a resource from the pool
	at org.springframework.data.redis.core.DefaultValueOperationsTests.tearDown(DefaultValueOperationsTests.java:91)
Caused by: redis.clients.jedis.exceptions.JedisConnectionException: java.net.ConnectException: Conexão recusada
	at org.springframework.data.redis.core.DefaultValueOperationsTests.tearDown(DefaultValueOperationsTests.java:91)
Caused by: java.net.ConnectException: Conexão recusada
	at org.springframework.data.redis.core.DefaultValueOperationsTests.tearDown(DefaultValueOperationsTests.java:91)
</error>
  </testcase>
  <testcase name="testDeserializeKey[9]" classname="org.springframework.data.redis.core.DefaultValueOperationsTests" time="0">
    <error message="got: &lt;false&gt;, expected: is &lt;true&gt;" type="org.junit.AssumptionViolatedException"><![CDATA[org.junit.AssumptionViolatedException: got: <false>, expected: is <true>
	at org.springframework.data.redis.core.DefaultValueOperationsTests.testDeserializeKey(DefaultValueOperationsTests.java:286)
]]></error>
  </testcase>
  <testcase name="testDeserializeKey[9]" classname="org.springframework.data.redis.core.DefaultValueOperationsTests" time="0.001">
    <error message="Cannot get Jedis connection; nested exception is redis.clients.jedis.exceptions.JedisConnectionException: Could not get a resource from the pool" type="org.springframework.data.redis.RedisConnectionFailureException">org.springframework.data.redis.RedisConnectionFailureException: Cannot get Jedis connection; nested exception is redis.clients.jedis.exceptions.JedisConnectionException: Could not get a resource from the pool
	at org.springframework.data.redis.core.DefaultValueOperationsTests.tearDown(DefaultValueOperationsTests.java:91)
Caused by: redis.clients.jedis.exceptions.JedisConnectionException: Could not get a resource from the pool
	at org.springframework.data.redis.core.DefaultValueOperationsTests.tearDown(DefaultValueOperationsTests.java:91)
Caused by: redis.clients.jedis.exceptions.JedisConnectionException: java.net.ConnectException: Conexão recusada
	at org.springframework.data.redis.core.DefaultValueOperationsTests.tearDown(DefaultValueOperationsTests.java:91)
Caused by: java.net.ConnectException: Conexão recusada
	at org.springframework.data.redis.core.DefaultValueOperationsTests.tearDown(DefaultValueOperationsTests.java:91)
</error>
  </testcase>
  <testcase name="testSetWithExpiration[9]" classname="org.springframework.data.redis.core.DefaultValueOperationsTests" time="0">
    <error message="Could not initialize class org.springframework.data.redis.RedisTestProfileValueSource" type="java.lang.NoClassDefFoundError">java.lang.NoClassDefFoundError: Could not initialize class org.springframework.data.redis.RedisTestProfileValueSource
	at org.springframework.data.redis.core.DefaultValueOperationsTests.testSetWithExpiration(DefaultValueOperationsTests.java:189)
</error>
  </testcase>
  <testcase name="testSetWithExpiration[9]" classname="org.springframework.data.redis.core.DefaultValueOperationsTests" time="0">
    <error message="Cannot get Jedis connection; nested exception is redis.clients.jedis.exceptions.JedisConnectionException: Could not get a resource from the pool" type="org.springframework.data.redis.RedisConnectionFailureException">org.springframework.data.redis.RedisConnectionFailureException: Cannot get Jedis connection; nested exception is redis.clients.jedis.exceptions.JedisConnectionException: Could not get a resource from the pool
	at org.springframework.data.redis.core.DefaultValueOperationsTests.tearDown(DefaultValueOperationsTests.java:91)
Caused by: redis.clients.jedis.exceptions.JedisConnectionException: Could not get a resource from the pool
	at org.springframework.data.redis.core.DefaultValueOperationsTests.tearDown(DefaultValueOperationsTests.java:91)
Caused by: redis.clients.jedis.exceptions.JedisConnectionException: java.net.ConnectException: Conexão recusada
	at org.springframework.data.redis.core.DefaultValueOperationsTests.tearDown(DefaultValueOperationsTests.java:91)
Caused by: java.net.ConnectException: Conexão recusada
	at org.springframework.data.redis.core.DefaultValueOperationsTests.tearDown(DefaultValueOperationsTests.java:91)
</error>
  </testcase>
  <testcase name="testAppend[9]" classname="org.springframework.data.redis.core.DefaultValueOperationsTests" time="0.001">
    <error message="got: &lt;false&gt;, expected: is &lt;true&gt;" type="org.junit.AssumptionViolatedException"><![CDATA[org.junit.AssumptionViolatedException: got: <false>, expected: is <true>
	at org.springframework.data.redis.core.DefaultValueOperationsTests.testAppend(DefaultValueOperationsTests.java:221)
]]></error>
  </testcase>
  <testcase name="testAppend[9]" classname="org.springframework.data.redis.core.DefaultValueOperationsTests" time="0.001">
    <error message="Cannot get Jedis connection; nested exception is redis.clients.jedis.exceptions.JedisConnectionException: Could not get a resource from the pool" type="org.springframework.data.redis.RedisConnectionFailureException">org.springframework.data.redis.RedisConnectionFailureException: Cannot get Jedis connection; nested exception is redis.clients.jedis.exceptions.JedisConnectionException: Could not get a resource from the pool
	at org.springframework.data.redis.core.DefaultValueOperationsTests.tearDown(DefaultValueOperationsTests.java:91)
Caused by: redis.clients.jedis.exceptions.JedisConnectionException: Could not get a resource from the pool
	at org.springframework.data.redis.core.DefaultValueOperationsTests.tearDown(DefaultValueOperationsTests.java:91)
Caused by: redis.clients.jedis.exceptions.JedisConnectionException: java.net.ConnectException: Conexão recusada
	at org.springframework.data.redis.core.DefaultValueOperationsTests.tearDown(DefaultValueOperationsTests.java:91)
Caused by: java.net.ConnectException: Conexão recusada
	at org.springframework.data.redis.core.DefaultValueOperationsTests.tearDown(DefaultValueOperationsTests.java:91)
</error>
  </testcase>
  <testcase name="testIncrementLong[9]" classname="org.springframework.data.redis.core.DefaultValueOperationsTests" time="0">
    <error message="got: &lt;false&gt;, expected: is &lt;true&gt;" type="org.junit.AssumptionViolatedException"><![CDATA[org.junit.AssumptionViolatedException: got: <false>, expected: is <true>
	at org.springframework.data.redis.core.DefaultValueOperationsTests.testIncrementLong(DefaultValueOperationsTests.java:103)
]]></error>
  </testcase>
  <testcase name="testIncrementLong[9]" classname="org.springframework.data.redis.core.DefaultValueOperationsTests" time="0">
    <error message="Cannot get Jedis connection; nested exception is redis.clients.jedis.exceptions.JedisConnectionException: Could not get a resource from the pool" type="org.springframework.data.redis.RedisConnectionFailureException">org.springframework.data.redis.RedisConnectionFailureException: Cannot get Jedis connection; nested exception is redis.clients.jedis.exceptions.JedisConnectionException: Could not get a resource from the pool
	at org.springframework.data.redis.core.DefaultValueOperationsTests.tearDown(DefaultValueOperationsTests.java:91)
Caused by: redis.clients.jedis.exceptions.JedisConnectionException: Could not get a resource from the pool
	at org.springframework.data.redis.core.DefaultValueOperationsTests.tearDown(DefaultValueOperationsTests.java:91)
Caused by: redis.clients.jedis.exceptions.JedisConnectionException: java.net.ConnectException: Conexão recusada
	at org.springframework.data.redis.core.DefaultValueOperationsTests.tearDown(DefaultValueOperationsTests.java:91)
Caused by: java.net.ConnectException: Conexão recusada
	at org.springframework.data.redis.core.DefaultValueOperationsTests.tearDown(DefaultValueOperationsTests.java:91)
</error>
  </testcase>
  <testcase name="testMultiSet[9]" classname="org.springframework.data.redis.core.DefaultValueOperationsTests" time="0.001">
    <error message="Cannot get Jedis connection; nested exception is redis.clients.jedis.exceptions.JedisConnectionException: Could not get a resource from the pool" type="org.springframework.data.redis.RedisConnectionFailureException">org.springframework.data.redis.RedisConnectionFailureException: Cannot get Jedis connection; nested exception is redis.clients.jedis.exceptions.JedisConnectionException: Could not get a resource from the pool
	at org.springframework.data.redis.core.DefaultValueOperationsTests.testMultiSet(DefaultValueOperationsTests.java:166)
Caused by: redis.clients.jedis.exceptions.JedisConnectionException: Could not get a resource from the pool
	at org.springframework.data.redis.core.DefaultValueOperationsTests.testMultiSet(DefaultValueOperationsTests.java:166)
Caused by: redis.clients.jedis.exceptions.JedisConnectionException: java.net.ConnectException: Conexão recusada
	at org.springframework.data.redis.core.DefaultValueOperationsTests.testMultiSet(DefaultValueOperationsTests.java:166)
Caused by: java.net.ConnectException: Conexão recusada
	at org.springframework.data.redis.core.DefaultValueOperationsTests.testMultiSet(DefaultValueOperationsTests.java:166)
</error>
  </testcase>
  <testcase name="testMultiSet[9]" classname="org.springframework.data.redis.core.DefaultValueOperationsTests" time="0.002">
    <error message="Cannot get Jedis connection; nested exception is redis.clients.jedis.exceptions.JedisConnectionException: Could not get a resource from the pool" type="org.springframework.data.redis.RedisConnectionFailureException">org.springframework.data.redis.RedisConnectionFailureException: Cannot get Jedis connection; nested exception is redis.clients.jedis.exceptions.JedisConnectionException: Could not get a resource from the pool
	at org.springframework.data.redis.core.DefaultValueOperationsTests.tearDown(DefaultValueOperationsTests.java:91)
Caused by: redis.clients.jedis.exceptions.JedisConnectionException: Could not get a resource from the pool
	at org.springframework.data.redis.core.DefaultValueOperationsTests.tearDown(DefaultValueOperationsTests.java:91)
Caused by: redis.clients.jedis.exceptions.JedisConnectionException: java.net.ConnectException: Conexão recusada
	at org.springframework.data.redis.core.DefaultValueOperationsTests.tearDown(DefaultValueOperationsTests.java:91)
Caused by: java.net.ConnectException: Conexão recusada
	at org.springframework.data.redis.core.DefaultValueOperationsTests.tearDown(DefaultValueOperationsTests.java:91)
</error>
  </testcase>
  <testcase name="testGetSet[9]" classname="org.springframework.data.redis.core.DefaultValueOperationsTests" time="0.001">
    <error message="Cannot get Jedis connection; nested exception is redis.clients.jedis.exceptions.JedisConnectionException: Could not get a resource from the pool" type="org.springframework.data.redis.RedisConnectionFailureException">org.springframework.data.redis.RedisConnectionFailureException: Cannot get Jedis connection; nested exception is redis.clients.jedis.exceptions.JedisConnectionException: Could not get a resource from the pool
	at org.springframework.data.redis.core.DefaultValueOperationsTests.testGetSet(DefaultValueOperationsTests.java:174)
Caused by: redis.clients.jedis.exceptions.JedisConnectionException: Could not get a resource from the pool
	at org.springframework.data.redis.core.DefaultValueOperationsTests.testGetSet(DefaultValueOperationsTests.java:174)
Caused by: redis.clients.jedis.exceptions.JedisConnectionException: java.net.ConnectException: Conexão recusada
	at org.springframework.data.redis.core.DefaultValueOperationsTests.testGetSet(DefaultValueOperationsTests.java:174)
Caused by: java.net.ConnectException: Conexão recusada
	at org.springframework.data.redis.core.DefaultValueOperationsTests.testGetSet(DefaultValueOperationsTests.java:174)
</error>
  </testcase>
  <testcase name="testGetSet[9]" classname="org.springframework.data.redis.core.DefaultValueOperationsTests" time="0.001">
    <error message="Cannot get Jedis connection; nested exception is redis.clients.jedis.exceptions.JedisConnectionException: Could not get a resource from the pool" type="org.springframework.data.redis.RedisConnectionFailureException">org.springframework.data.redis.RedisConnectionFailureException: Cannot get Jedis connection; nested exception is redis.clients.jedis.exceptions.JedisConnectionException: Could not get a resource from the pool
	at org.springframework.data.redis.core.DefaultValueOperationsTests.tearDown(DefaultValueOperationsTests.java:91)
Caused by: redis.clients.jedis.exceptions.JedisConnectionException: Could not get a resource from the pool
	at org.springframework.data.redis.core.DefaultValueOperationsTests.tearDown(DefaultValueOperationsTests.java:91)
Caused by: redis.clients.jedis.exceptions.JedisConnectionException: java.net.ConnectException: Conexão recusada
	at org.springframework.data.redis.core.DefaultValueOperationsTests.tearDown(DefaultValueOperationsTests.java:91)
Caused by: java.net.ConnectException: Conexão recusada
	at org.springframework.data.redis.core.DefaultValueOperationsTests.tearDown(DefaultValueOperationsTests.java:91)
</error>
  </testcase>
  <testcase name="testMultiSetIfAbsent[9]" classname="org.springframework.data.redis.core.DefaultValueOperationsTests" time="0.001">
    <error message="Cannot get Jedis connection; nested exception is redis.clients.jedis.exceptions.JedisConnectionException: Could not get a resource from the pool" type="org.springframework.data.redis.RedisConnectionFailureException">org.springframework.data.redis.RedisConnectionFailureException: Cannot get Jedis connection; nested exception is redis.clients.jedis.exceptions.JedisConnectionException: Could not get a resource from the pool
	at org.springframework.data.redis.core.DefaultValueOperationsTests.testMultiSetIfAbsent(DefaultValueOperationsTests.java:139)
Caused by: redis.clients.jedis.exceptions.JedisConnectionException: Could not get a resource from the pool
	at org.springframework.data.redis.core.DefaultValueOperationsTests.testMultiSetIfAbsent(DefaultValueOperationsTests.java:139)
Caused by: redis.clients.jedis.exceptions.JedisConnectionException: java.net.ConnectException: Conexão recusada
	at org.springframework.data.redis.core.DefaultValueOperationsTests.testMultiSetIfAbsent(DefaultValueOperationsTests.java:139)
Caused by: java.net.ConnectException: Conexão recusada
	at org.springframework.data.redis.core.DefaultValueOperationsTests.testMultiSetIfAbsent(DefaultValueOperationsTests.java:139)
</error>
  </testcase>
  <testcase name="testMultiSetIfAbsent[9]" classname="org.springframework.data.redis.core.DefaultValueOperationsTests" time="0.001">
    <error message="Cannot get Jedis connection; nested exception is redis.clients.jedis.exceptions.JedisConnectionException: Could not get a resource from the pool" type="org.springframework.data.redis.RedisConnectionFailureException">org.springframework.data.redis.RedisConnectionFailureException: Cannot get Jedis connection; nested exception is redis.clients.jedis.exceptions.JedisConnectionException: Could not get a resource from the pool
	at org.springframework.data.redis.core.DefaultValueOperationsTests.tearDown(DefaultValueOperationsTests.java:91)
Caused by: redis.clients.jedis.exceptions.JedisConnectionException: Could not get a resource from the pool
	at org.springframework.data.redis.core.DefaultValueOperationsTests.tearDown(DefaultValueOperationsTests.java:91)
Caused by: redis.clients.jedis.exceptions.JedisConnectionException: java.net.ConnectException: Conexão recusada
	at org.springframework.data.redis.core.DefaultValueOperationsTests.tearDown(DefaultValueOperationsTests.java:91)
Caused by: java.net.ConnectException: Conexão recusada
	at org.springframework.data.redis.core.DefaultValueOperationsTests.tearDown(DefaultValueOperationsTests.java:91)
</error>
  </testcase>
  <testcase name="testSetIfAbsent[9]" classname="org.springframework.data.redis.core.DefaultValueOperationsTests" time="0.001">
    <error message="Cannot get Jedis connection; nested exception is redis.clients.jedis.exceptions.JedisConnectionException: Could not get a resource from the pool" type="org.springframework.data.redis.RedisConnectionFailureException">org.springframework.data.redis.RedisConnectionFailureException: Cannot get Jedis connection; nested exception is redis.clients.jedis.exceptions.JedisConnectionException: Could not get a resource from the pool
	at org.springframework.data.redis.core.DefaultValueOperationsTests.testSetIfAbsent(DefaultValueOperationsTests.java:252)
Caused by: redis.clients.jedis.exceptions.JedisConnectionException: Could not get a resource from the pool
	at org.springframework.data.redis.core.DefaultValueOperationsTests.testSetIfAbsent(DefaultValueOperationsTests.java:252)
Caused by: redis.clients.jedis.exceptions.JedisConnectionException: java.net.ConnectException: Conexão recusada
	at org.springframework.data.redis.core.DefaultValueOperationsTests.testSetIfAbsent(DefaultValueOperationsTests.java:252)
Caused by: java.net.ConnectException: Conexão recusada
	at org.springframework.data.redis.core.DefaultValueOperationsTests.testSetIfAbsent(DefaultValueOperationsTests.java:252)
</error>
  </testcase>
  <testcase name="testSetIfAbsent[9]" classname="org.springframework.data.redis.core.DefaultValueOperationsTests" time="0.001">
    <error message="Cannot get Jedis connection; nested exception is redis.clients.jedis.exceptions.JedisConnectionException: Could not get a resource from the pool" type="org.springframework.data.redis.RedisConnectionFailureException">org.springframework.data.redis.RedisConnectionFailureException: Cannot get Jedis connection; nested exception is redis.clients.jedis.exceptions.JedisConnectionException: Could not get a resource from the pool
	at org.springframework.data.redis.core.DefaultValueOperationsTests.tearDown(DefaultValueOperationsTests.java:91)
Caused by: redis.clients.jedis.exceptions.JedisConnectionException: Could not get a resource from the pool
	at org.springframework.data.redis.core.DefaultValueOperationsTests.tearDown(DefaultValueOperationsTests.java:91)
Caused by: redis.clients.jedis.exceptions.JedisConnectionException: java.net.ConnectException: Conexão recusada
	at org.springframework.data.redis.core.DefaultValueOperationsTests.tearDown(DefaultValueOperationsTests.java:91)
Caused by: java.net.ConnectException: Conexão recusada
	at org.springframework.data.redis.core.DefaultValueOperationsTests.tearDown(DefaultValueOperationsTests.java:91)
</error>
  </testcase>
  <testcase name="testRawKeysCollection[9]" classname="org.springframework.data.redis.core.DefaultValueOperationsTests" time="0">
    <error message="Cannot get Jedis connection; nested exception is redis.clients.jedis.exceptions.JedisConnectionException: Could not get a resource from the pool" type="org.springframework.data.redis.RedisConnectionFailureException">org.springframework.data.redis.RedisConnectionFailureException: Cannot get Jedis connection; nested exception is redis.clients.jedis.exceptions.JedisConnectionException: Could not get a resource from the pool
	at org.springframework.data.redis.core.DefaultValueOperationsTests.tearDown(DefaultValueOperationsTests.java:91)
Caused by: redis.clients.jedis.exceptions.JedisConnectionException: Could not get a resource from the pool
	at org.springframework.data.redis.core.DefaultValueOperationsTests.tearDown(DefaultValueOperationsTests.java:91)
Caused by: redis.clients.jedis.exceptions.JedisConnectionException: java.net.ConnectException: Conexão recusada
	at org.springframework.data.redis.core.DefaultValueOperationsTests.tearDown(DefaultValueOperationsTests.java:91)
Caused by: java.net.ConnectException: Conexão recusada
	at org.springframework.data.redis.core.DefaultValueOperationsTests.tearDown(DefaultValueOperationsTests.java:91)
</error>
  </testcase>
  <testcase name="testSetRange[9]" classname="org.springframework.data.redis.core.DefaultValueOperationsTests" time="0">
    <error message="got: &lt;false&gt;, expected: is &lt;true&gt;" type="org.junit.AssumptionViolatedException"><![CDATA[org.junit.AssumptionViolatedException: got: <false>, expected: is <true>
	at org.springframework.data.redis.core.DefaultValueOperationsTests.testSetRange(DefaultValueOperationsTests.java:241)
]]></error>
  </testcase>
  <testcase name="testSetRange[9]" classname="org.springframework.data.redis.core.DefaultValueOperationsTests" time="0">
    <error message="Cannot get Jedis connection; nested exception is redis.clients.jedis.exceptions.JedisConnectionException: Could not get a resource from the pool" type="org.springframework.data.redis.RedisConnectionFailureException">org.springframework.data.redis.RedisConnectionFailureException: Cannot get Jedis connection; nested exception is redis.clients.jedis.exceptions.JedisConnectionException: Could not get a resource from the pool
	at org.springframework.data.redis.core.DefaultValueOperationsTests.tearDown(DefaultValueOperationsTests.java:91)
Caused by: redis.clients.jedis.exceptions.JedisConnectionException: Could not get a resource from the pool
	at org.springframework.data.redis.core.DefaultValueOperationsTests.tearDown(DefaultValueOperationsTests.java:91)
Caused by: redis.clients.jedis.exceptions.JedisConnectionException: java.net.ConnectException: Conexão recusada
	at org.springframework.data.redis.core.DefaultValueOperationsTests.tearDown(DefaultValueOperationsTests.java:91)
Caused by: java.net.ConnectException: Conexão recusada
	at org.springframework.data.redis.core.DefaultValueOperationsTests.tearDown(DefaultValueOperationsTests.java:91)
</error>
  </testcase>
</testsuite>