<?xml version="1.0" encoding="UTF-8"?>
<testsuite xmlns:xsi="http://www.w3.org/2001/XMLSchema-instance" xsi:schemaLocation="https://maven.apache.org/surefire/maven-surefire-plugin/xsd/surefire-test-report.xsd" name="org.springframework.data.redis.support.collections.RedisZSetTests" time="0.949" tests="1302" errors="1302" skipped="0" failures="0">
  <properties>
    <property name="java.runtime.name" value="Java(TM) SE Runtime Environment"/>
    <property name="sun.boot.library.path" value="/usr/lib/jvm/java-8-oracle/jre/lib/amd64"/>
    <property name="java.vm.version" value="25.91-b14"/>
    <property name="java.vm.vendor" value="Oracle Corporation"/>
    <property name="java.vendor.url" value="http://java.oracle.com/"/>
    <property name="path.separator" value=":"/>
    <property name="guice.disable.misplaced.annotation.check" value="true"/>
    <property name="java.vm.name" value="Java HotSpot(TM) 64-Bit Server VM"/>
    <property name="file.encoding.pkg" value="sun.io"/>
    <property name="user.country" value="BR"/>
    <property name="sun.java.launcher" value="SUN_STANDARD"/>
    <property name="sun.os.patch.level" value="unknown"/>
    <property name="java.vm.specification.name" value="Java Virtual Machine Specification"/>
    <property name="user.dir" value="/home/aluno/spring-projects/maven/spring-data-redis"/>
    <property name="java.runtime.version" value="1.8.0_91-b14"/>
    <property name="java.awt.graphicsenv" value="sun.awt.X11GraphicsEnvironment"/>
    <property name="java.endorsed.dirs" value="/usr/lib/jvm/java-8-oracle/jre/lib/endorsed"/>
    <property name="os.arch" value="amd64"/>
    <property name="java.io.tmpdir" value="/tmp"/>
    <property name="line.separator" value="&#10;"/>
    <property name="java.vm.specification.vendor" value="Oracle Corporation"/>
    <property name="os.name" value="Linux"/>
    <property name="classworlds.conf" value="/usr/share/maven/bin/m2.conf"/>
    <property name="sun.jnu.encoding" value="UTF-8"/>
    <property name="java.library.path" value="/usr/java/packages/lib/amd64:/usr/lib64:/lib64:/lib:/usr/lib"/>
    <property name="java.specification.name" value="Java Platform API Specification"/>
    <property name="java.class.version" value="52.0"/>
    <property name="sun.management.compiler" value="HotSpot 64-Bit Tiered Compilers"/>
    <property name="os.version" value="3.13.0-91-generic"/>
    <property name="user.home" value="/home/aluno"/>
    <property name="user.timezone" value="America/Fortaleza"/>
    <property name="java.awt.printerjob" value="sun.print.PSPrinterJob"/>
    <property name="file.encoding" value="UTF-8"/>
    <property name="java.specification.version" value="1.8"/>
    <property name="user.name" value="aluno"/>
    <property name="java.class.path" value="/usr/share/maven/boot/plexus-classworlds-2.x.jar"/>
    <property name="java.vm.specification.version" value="1.8"/>
    <property name="sun.arch.data.model" value="64"/>
    <property name="java.home" value="/usr/lib/jvm/java-8-oracle/jre"/>
    <property name="sun.java.command" value="org.codehaus.plexus.classworlds.launcher.Launcher clean test"/>
    <property name="java.specification.vendor" value="Oracle Corporation"/>
    <property name="user.language" value="pt"/>
    <property name="awt.toolkit" value="sun.awt.X11.XToolkit"/>
    <property name="java.vm.info" value="mixed mode"/>
    <property name="java.version" value="1.8.0_91"/>
    <property name="java.ext.dirs" value="/usr/lib/jvm/java-8-oracle/jre/lib/ext:/usr/java/packages/lib/ext"/>
    <property name="securerandom.source" value="file:/dev/./urandom"/>
    <property name="sun.boot.class.path" value="/usr/lib/jvm/java-8-oracle/jre/lib/resources.jar:/usr/lib/jvm/java-8-oracle/jre/lib/rt.jar:/usr/lib/jvm/java-8-oracle/jre/lib/sunrsasign.jar:/usr/lib/jvm/java-8-oracle/jre/lib/jsse.jar:/usr/lib/jvm/java-8-oracle/jre/lib/jce.jar:/usr/lib/jvm/java-8-oracle/jre/lib/charsets.jar:/usr/lib/jvm/java-8-oracle/jre/lib/jfr.jar:/usr/lib/jvm/java-8-oracle/jre/classes"/>
    <property name="java.vendor" value="Oracle Corporation"/>
    <property name="maven.home" value="/usr/share/maven"/>
    <property name="file.separator" value="/"/>
    <property name="java.vendor.url.bug" value="http://bugreport.sun.com/bugreport/"/>
    <property name="sun.cpu.endian" value="little"/>
    <property name="sun.io.unicode.encoding" value="UnicodeLittle"/>
    <property name="sun.desktop" value="gnome"/>
    <property name="sun.cpu.isalist" value=""/>
  </properties>
  <testcase name="testToArray[0]" classname="org.springframework.data.redis.support.collections.RedisZSetTests" time="0.003">
    <error type="java.lang.ExceptionInInitializerError"><![CDATA[java.lang.ExceptionInInitializerError
	at org.springframework.data.redis.support.collections.RedisZSetTests.<init>(RedisZSetTests.java:38)
Caused by: redis.clients.jedis.exceptions.JedisConnectionException: java.net.ConnectException: Conexão recusada
	at org.springframework.data.redis.support.collections.RedisZSetTests.<init>(RedisZSetTests.java:38)
Caused by: java.net.ConnectException: Conexão recusada
	at org.springframework.data.redis.support.collections.RedisZSetTests.<init>(RedisZSetTests.java:38)
]]></error>
  </testcase>
  <testcase name="testAdd[0]" classname="org.springframework.data.redis.support.collections.RedisZSetTests" time="0">
    <error message="Could not initialize class org.springframework.data.redis.test.util.MinimumRedisVersionRule" type="java.lang.NoClassDefFoundError"><![CDATA[java.lang.NoClassDefFoundError: Could not initialize class org.springframework.data.redis.test.util.MinimumRedisVersionRule
	at org.springframework.data.redis.support.collections.RedisZSetTests.<init>(RedisZSetTests.java:38)
]]></error>
  </testcase>
  <testcase name="testFirst[0]" classname="org.springframework.data.redis.support.collections.RedisZSetTests" time="0.001">
    <error message="Could not initialize class org.springframework.data.redis.test.util.MinimumRedisVersionRule" type="java.lang.NoClassDefFoundError"><![CDATA[java.lang.NoClassDefFoundError: Could not initialize class org.springframework.data.redis.test.util.MinimumRedisVersionRule
	at org.springframework.data.redis.support.collections.RedisZSetTests.<init>(RedisZSetTests.java:38)
]]></error>
  </testcase>
  <testcase name="testRange[0]" classname="org.springframework.data.redis.support.collections.RedisZSetTests" time="0">
    <error message="Could not initialize class org.springframework.data.redis.test.util.MinimumRedisVersionRule" type="java.lang.NoClassDefFoundError"><![CDATA[java.lang.NoClassDefFoundError: Could not initialize class org.springframework.data.redis.test.util.MinimumRedisVersionRule
	at org.springframework.data.redis.support.collections.RedisZSetTests.<init>(RedisZSetTests.java:38)
]]></error>
  </testcase>
  <testcase name="testScore[0]" classname="org.springframework.data.redis.support.collections.RedisZSetTests" time="0">
    <error message="Could not initialize class org.springframework.data.redis.test.util.MinimumRedisVersionRule" type="java.lang.NoClassDefFoundError"><![CDATA[java.lang.NoClassDefFoundError: Could not initialize class org.springframework.data.redis.test.util.MinimumRedisVersionRule
	at org.springframework.data.redis.support.collections.RedisZSetTests.<init>(RedisZSetTests.java:38)
]]></error>
  </testcase>
  <testcase name="testLast[0]" classname="org.springframework.data.redis.support.collections.RedisZSetTests" time="0.001">
    <error message="Could not initialize class org.springframework.data.redis.test.util.MinimumRedisVersionRule" type="java.lang.NoClassDefFoundError"><![CDATA[java.lang.NoClassDefFoundError: Could not initialize class org.springframework.data.redis.test.util.MinimumRedisVersionRule
	at org.springframework.data.redis.support.collections.RedisZSetTests.<init>(RedisZSetTests.java:38)
]]></error>
  </testcase>
  <testcase name="testRank[0]" classname="org.springframework.data.redis.support.collections.RedisZSetTests" time="0">
    <error message="Could not initialize class org.springframework.data.redis.test.util.MinimumRedisVersionRule" type="java.lang.NoClassDefFoundError"><![CDATA[java.lang.NoClassDefFoundError: Could not initialize class org.springframework.data.redis.test.util.MinimumRedisVersionRule
	at org.springframework.data.redis.support.collections.RedisZSetTests.<init>(RedisZSetTests.java:38)
]]></error>
  </testcase>
  <testcase name="testRemoveByScore[0]" classname="org.springframework.data.redis.support.collections.RedisZSetTests" time="0">
    <error message="Could not initialize class org.springframework.data.redis.test.util.MinimumRedisVersionRule" type="java.lang.NoClassDefFoundError"><![CDATA[java.lang.NoClassDefFoundError: Could not initialize class org.springframework.data.redis.test.util.MinimumRedisVersionRule
	at org.springframework.data.redis.support.collections.RedisZSetTests.<init>(RedisZSetTests.java:38)
]]></error>
  </testcase>
  <testcase name="testRangeWithScores[0]" classname="org.springframework.data.redis.support.collections.RedisZSetTests" time="0">
    <error message="Could not initialize class org.springframework.data.redis.test.util.MinimumRedisVersionRule" type="java.lang.NoClassDefFoundError"><![CDATA[java.lang.NoClassDefFoundError: Could not initialize class org.springframework.data.redis.test.util.MinimumRedisVersionRule
	at org.springframework.data.redis.support.collections.RedisZSetTests.<init>(RedisZSetTests.java:38)
]]></error>
  </testcase>
  <testcase name="testRangeByLexUnbounded[0]" classname="org.springframework.data.redis.support.collections.RedisZSetTests" time="0">
    <error message="Could not initialize class org.springframework.data.redis.test.util.MinimumRedisVersionRule" type="java.lang.NoClassDefFoundError"><![CDATA[java.lang.NoClassDefFoundError: Could not initialize class org.springframework.data.redis.test.util.MinimumRedisVersionRule
	at org.springframework.data.redis.support.collections.RedisZSetTests.<init>(RedisZSetTests.java:38)
]]></error>
  </testcase>
  <testcase name="testRangeByLexBounded[0]" classname="org.springframework.data.redis.support.collections.RedisZSetTests" time="0.001">
    <error message="Could not initialize class org.springframework.data.redis.test.util.MinimumRedisVersionRule" type="java.lang.NoClassDefFoundError"><![CDATA[java.lang.NoClassDefFoundError: Could not initialize class org.springframework.data.redis.test.util.MinimumRedisVersionRule
	at org.springframework.data.redis.support.collections.RedisZSetTests.<init>(RedisZSetTests.java:38)
]]></error>
  </testcase>
  <testcase name="testScanWorksCorrectly[0]" classname="org.springframework.data.redis.support.collections.RedisZSetTests" time="0">
    <error message="Could not initialize class org.springframework.data.redis.test.util.MinimumRedisVersionRule" type="java.lang.NoClassDefFoundError"><![CDATA[java.lang.NoClassDefFoundError: Could not initialize class org.springframework.data.redis.test.util.MinimumRedisVersionRule
	at org.springframework.data.redis.support.collections.RedisZSetTests.<init>(RedisZSetTests.java:38)
]]></error>
  </testcase>
  <testcase name="testRangeByScoreWithScores[0]" classname="org.springframework.data.redis.support.collections.RedisZSetTests" time="0">
    <error message="Could not initialize class org.springframework.data.redis.test.util.MinimumRedisVersionRule" type="java.lang.NoClassDefFoundError"><![CDATA[java.lang.NoClassDefFoundError: Could not initialize class org.springframework.data.redis.test.util.MinimumRedisVersionRule
	at org.springframework.data.redis.support.collections.RedisZSetTests.<init>(RedisZSetTests.java:38)
]]></error>
  </testcase>
  <testcase name="testDefaultScore[0]" classname="org.springframework.data.redis.support.collections.RedisZSetTests" time="0">
    <error message="Could not initialize class org.springframework.data.redis.test.util.MinimumRedisVersionRule" type="java.lang.NoClassDefFoundError"><![CDATA[java.lang.NoClassDefFoundError: Could not initialize class org.springframework.data.redis.test.util.MinimumRedisVersionRule
	at org.springframework.data.redis.support.collections.RedisZSetTests.<init>(RedisZSetTests.java:38)
]]></error>
  </testcase>
  <testcase name="testRangeByScore[0]" classname="org.springframework.data.redis.support.collections.RedisZSetTests" time="0.001">
    <error message="Could not initialize class org.springframework.data.redis.test.util.MinimumRedisVersionRule" type="java.lang.NoClassDefFoundError"><![CDATA[java.lang.NoClassDefFoundError: Could not initialize class org.springframework.data.redis.test.util.MinimumRedisVersionRule
	at org.springframework.data.redis.support.collections.RedisZSetTests.<init>(RedisZSetTests.java:38)
]]></error>
  </testcase>
  <testcase name="testIntersectAndStore[0]" classname="org.springframework.data.redis.support.collections.RedisZSetTests" time="0">
    <error message="Could not initialize class org.springframework.data.redis.test.util.MinimumRedisVersionRule" type="java.lang.NoClassDefFoundError"><![CDATA[java.lang.NoClassDefFoundError: Could not initialize class org.springframework.data.redis.test.util.MinimumRedisVersionRule
	at org.springframework.data.redis.support.collections.RedisZSetTests.<init>(RedisZSetTests.java:38)
]]></error>
  </testcase>
  <testcase name="testReverseRank[0]" classname="org.springframework.data.redis.support.collections.RedisZSetTests" time="0">
    <error message="Could not initialize class org.springframework.data.redis.test.util.MinimumRedisVersionRule" type="java.lang.NoClassDefFoundError"><![CDATA[java.lang.NoClassDefFoundError: Could not initialize class org.springframework.data.redis.test.util.MinimumRedisVersionRule
	at org.springframework.data.redis.support.collections.RedisZSetTests.<init>(RedisZSetTests.java:38)
]]></error>
  </testcase>
  <testcase name="testReverseRangeWithScores[0]" classname="org.springframework.data.redis.support.collections.RedisZSetTests" time="0">
    <error message="Could not initialize class org.springframework.data.redis.test.util.MinimumRedisVersionRule" type="java.lang.NoClassDefFoundError"><![CDATA[java.lang.NoClassDefFoundError: Could not initialize class org.springframework.data.redis.test.util.MinimumRedisVersionRule
	at org.springframework.data.redis.support.collections.RedisZSetTests.<init>(RedisZSetTests.java:38)
]]></error>
  </testcase>
  <testcase name="testReverseRange[0]" classname="org.springframework.data.redis.support.collections.RedisZSetTests" time="0">
    <error message="Could not initialize class org.springframework.data.redis.test.util.MinimumRedisVersionRule" type="java.lang.NoClassDefFoundError"><![CDATA[java.lang.NoClassDefFoundError: Could not initialize class org.springframework.data.redis.test.util.MinimumRedisVersionRule
	at org.springframework.data.redis.support.collections.RedisZSetTests.<init>(RedisZSetTests.java:38)
]]></error>
  </testcase>
  <testcase name="testUnionAndStore[0]" classname="org.springframework.data.redis.support.collections.RedisZSetTests" time="0.001">
    <error message="Could not initialize class org.springframework.data.redis.test.util.MinimumRedisVersionRule" type="java.lang.NoClassDefFoundError"><![CDATA[java.lang.NoClassDefFoundError: Could not initialize class org.springframework.data.redis.test.util.MinimumRedisVersionRule
	at org.springframework.data.redis.support.collections.RedisZSetTests.<init>(RedisZSetTests.java:38)
]]></error>
  </testcase>
  <testcase name="testRangeByLexUnboundedWithLimit[0]" classname="org.springframework.data.redis.support.collections.RedisZSetTests" time="0">
    <error message="Could not initialize class org.springframework.data.redis.test.util.MinimumRedisVersionRule" type="java.lang.NoClassDefFoundError"><![CDATA[java.lang.NoClassDefFoundError: Could not initialize class org.springframework.data.redis.test.util.MinimumRedisVersionRule
	at org.springframework.data.redis.support.collections.RedisZSetTests.<init>(RedisZSetTests.java:38)
]]></error>
  </testcase>
  <testcase name="testReverseRangeByScoreWithScores[0]" classname="org.springframework.data.redis.support.collections.RedisZSetTests" time="0">
    <error message="Could not initialize class org.springframework.data.redis.test.util.MinimumRedisVersionRule" type="java.lang.NoClassDefFoundError"><![CDATA[java.lang.NoClassDefFoundError: Could not initialize class org.springframework.data.redis.test.util.MinimumRedisVersionRule
	at org.springframework.data.redis.support.collections.RedisZSetTests.<init>(RedisZSetTests.java:38)
]]></error>
  </testcase>
  <testcase name="testToArrayWithGenerics[0]" classname="org.springframework.data.redis.support.collections.RedisZSetTests" time="0">
    <error message="Could not initialize class org.springframework.data.redis.test.util.MinimumRedisVersionRule" type="java.lang.NoClassDefFoundError"><![CDATA[java.lang.NoClassDefFoundError: Could not initialize class org.springframework.data.redis.test.util.MinimumRedisVersionRule
	at org.springframework.data.redis.support.collections.RedisZSetTests.<init>(RedisZSetTests.java:38)
]]></error>
  </testcase>
  <testcase name="testFirstException[0]" classname="org.springframework.data.redis.support.collections.RedisZSetTests" time="0.001">
    <error message="Could not initialize class org.springframework.data.redis.test.util.MinimumRedisVersionRule" type="java.lang.NoClassDefFoundError"><![CDATA[java.lang.NoClassDefFoundError: Could not initialize class org.springframework.data.redis.test.util.MinimumRedisVersionRule
	at org.springframework.data.redis.support.collections.RedisZSetTests.<init>(RedisZSetTests.java:38)
]]></error>
  </testcase>
  <testcase name="testLastException[0]" classname="org.springframework.data.redis.support.collections.RedisZSetTests" time="0">
    <error message="Could not initialize class org.springframework.data.redis.test.util.MinimumRedisVersionRule" type="java.lang.NoClassDefFoundError"><![CDATA[java.lang.NoClassDefFoundError: Could not initialize class org.springframework.data.redis.test.util.MinimumRedisVersionRule
	at org.springframework.data.redis.support.collections.RedisZSetTests.<init>(RedisZSetTests.java:38)
]]></error>
  </testcase>
  <testcase name="testRemove[0]" classname="org.springframework.data.redis.support.collections.RedisZSetTests" time="0">
    <error message="Could not initialize class org.springframework.data.redis.test.util.MinimumRedisVersionRule" type="java.lang.NoClassDefFoundError"><![CDATA[java.lang.NoClassDefFoundError: Could not initialize class org.springframework.data.redis.test.util.MinimumRedisVersionRule
	at org.springframework.data.redis.support.collections.RedisZSetTests.<init>(RedisZSetTests.java:38)
]]></error>
  </testcase>
  <testcase name="testAddWithScore[0]" classname="org.springframework.data.redis.support.collections.RedisZSetTests" time="0">
    <error message="Could not initialize class org.springframework.data.redis.test.util.MinimumRedisVersionRule" type="java.lang.NoClassDefFoundError"><![CDATA[java.lang.NoClassDefFoundError: Could not initialize class org.springframework.data.redis.test.util.MinimumRedisVersionRule
	at org.springframework.data.redis.support.collections.RedisZSetTests.<init>(RedisZSetTests.java:38)
]]></error>
  </testcase>
  <testcase name="testIterator[0]" classname="org.springframework.data.redis.support.collections.RedisZSetTests" time="0">
    <error message="Could not initialize class org.springframework.data.redis.test.util.MinimumRedisVersionRule" type="java.lang.NoClassDefFoundError"><![CDATA[java.lang.NoClassDefFoundError: Could not initialize class org.springframework.data.redis.test.util.MinimumRedisVersionRule
	at org.springframework.data.redis.support.collections.RedisZSetTests.<init>(RedisZSetTests.java:38)
]]></error>
  </testcase>
  <testcase name="testReverseRangeByScore[0]" classname="org.springframework.data.redis.support.collections.RedisZSetTests" time="0.001">
    <error message="Could not initialize class org.springframework.data.redis.test.util.MinimumRedisVersionRule" type="java.lang.NoClassDefFoundError"><![CDATA[java.lang.NoClassDefFoundError: Could not initialize class org.springframework.data.redis.test.util.MinimumRedisVersionRule
	at org.springframework.data.redis.support.collections.RedisZSetTests.<init>(RedisZSetTests.java:38)
]]></error>
  </testcase>
  <testcase name="testRangeByLexBoundedWithLimit[0]" classname="org.springframework.data.redis.support.collections.RedisZSetTests" time="0">
    <error message="Could not initialize class org.springframework.data.redis.test.util.MinimumRedisVersionRule" type="java.lang.NoClassDefFoundError"><![CDATA[java.lang.NoClassDefFoundError: Could not initialize class org.springframework.data.redis.test.util.MinimumRedisVersionRule
	at org.springframework.data.redis.support.collections.RedisZSetTests.<init>(RedisZSetTests.java:38)
]]></error>
  </testcase>
  <testcase name="testContainsObject[0]" classname="org.springframework.data.redis.support.collections.RedisZSetTests" time="0">
    <error message="Could not initialize class org.springframework.data.redis.test.util.MinimumRedisVersionRule" type="java.lang.NoClassDefFoundError"><![CDATA[java.lang.NoClassDefFoundError: Could not initialize class org.springframework.data.redis.test.util.MinimumRedisVersionRule
	at org.springframework.data.redis.support.collections.RedisZSetTests.<init>(RedisZSetTests.java:38)
]]></error>
  </testcase>
  <testcase name="testClear[0]" classname="org.springframework.data.redis.support.collections.RedisZSetTests" time="0">
    <error message="Could not initialize class org.springframework.data.redis.test.util.MinimumRedisVersionRule" type="java.lang.NoClassDefFoundError"><![CDATA[java.lang.NoClassDefFoundError: Could not initialize class org.springframework.data.redis.test.util.MinimumRedisVersionRule
	at org.springframework.data.redis.support.collections.RedisZSetTests.<init>(RedisZSetTests.java:38)
]]></error>
  </testcase>
  <testcase name="testSize[0]" classname="org.springframework.data.redis.support.collections.RedisZSetTests" time="0.001">
    <error message="Could not initialize class org.springframework.data.redis.test.util.MinimumRedisVersionRule" type="java.lang.NoClassDefFoundError"><![CDATA[java.lang.NoClassDefFoundError: Could not initialize class org.springframework.data.redis.test.util.MinimumRedisVersionRule
	at org.springframework.data.redis.support.collections.RedisZSetTests.<init>(RedisZSetTests.java:38)
]]></error>
  </testcase>
  <testcase name="testToString[0]" classname="org.springframework.data.redis.support.collections.RedisZSetTests" time="0">
    <error message="Could not initialize class org.springframework.data.redis.test.util.MinimumRedisVersionRule" type="java.lang.NoClassDefFoundError"><![CDATA[java.lang.NoClassDefFoundError: Could not initialize class org.springframework.data.redis.test.util.MinimumRedisVersionRule
	at org.springframework.data.redis.support.collections.RedisZSetTests.<init>(RedisZSetTests.java:38)
]]></error>
  </testcase>
  <testcase name="testContainsAll[0]" classname="org.springframework.data.redis.support.collections.RedisZSetTests" time="0">
    <error message="Could not initialize class org.springframework.data.redis.test.util.MinimumRedisVersionRule" type="java.lang.NoClassDefFoundError"><![CDATA[java.lang.NoClassDefFoundError: Could not initialize class org.springframework.data.redis.test.util.MinimumRedisVersionRule
	at org.springframework.data.redis.support.collections.RedisZSetTests.<init>(RedisZSetTests.java:38)
]]></error>
  </testcase>
  <testcase name="testRemoveObject[0]" classname="org.springframework.data.redis.support.collections.RedisZSetTests" time="0">
    <error message="Could not initialize class org.springframework.data.redis.test.util.MinimumRedisVersionRule" type="java.lang.NoClassDefFoundError"><![CDATA[java.lang.NoClassDefFoundError: Could not initialize class org.springframework.data.redis.test.util.MinimumRedisVersionRule
	at org.springframework.data.redis.support.collections.RedisZSetTests.<init>(RedisZSetTests.java:38)
]]></error>
  </testcase>
  <testcase name="testHashCode[0]" classname="org.springframework.data.redis.support.collections.RedisZSetTests" time="0">
    <error message="Could not initialize class org.springframework.data.redis.test.util.MinimumRedisVersionRule" type="java.lang.NoClassDefFoundError"><![CDATA[java.lang.NoClassDefFoundError: Could not initialize class org.springframework.data.redis.test.util.MinimumRedisVersionRule
	at org.springframework.data.redis.support.collections.RedisZSetTests.<init>(RedisZSetTests.java:38)
]]></error>
  </testcase>
  <testcase name="testAddAll[0]" classname="org.springframework.data.redis.support.collections.RedisZSetTests" time="0.001">
    <error message="Could not initialize class org.springframework.data.redis.test.util.MinimumRedisVersionRule" type="java.lang.NoClassDefFoundError"><![CDATA[java.lang.NoClassDefFoundError: Could not initialize class org.springframework.data.redis.test.util.MinimumRedisVersionRule
	at org.springframework.data.redis.support.collections.RedisZSetTests.<init>(RedisZSetTests.java:38)
]]></error>
  </testcase>
  <testcase name="removeAll[0]" classname="org.springframework.data.redis.support.collections.RedisZSetTests" time="0">
    <error message="Could not initialize class org.springframework.data.redis.test.util.MinimumRedisVersionRule" type="java.lang.NoClassDefFoundError"><![CDATA[java.lang.NoClassDefFoundError: Could not initialize class org.springframework.data.redis.test.util.MinimumRedisVersionRule
	at org.springframework.data.redis.support.collections.RedisZSetTests.<init>(RedisZSetTests.java:38)
]]></error>
  </testcase>
  <testcase name="testEquals[0]" classname="org.springframework.data.redis.support.collections.RedisZSetTests" time="0">
    <error message="Could not initialize class org.springframework.data.redis.test.util.MinimumRedisVersionRule" type="java.lang.NoClassDefFoundError"><![CDATA[java.lang.NoClassDefFoundError: Could not initialize class org.springframework.data.redis.test.util.MinimumRedisVersionRule
	at org.springframework.data.redis.support.collections.RedisZSetTests.<init>(RedisZSetTests.java:38)
]]></error>
  </testcase>
  <testcase name="testGetKey[0]" classname="org.springframework.data.redis.support.collections.RedisZSetTests" time="0">
    <error message="Could not initialize class org.springframework.data.redis.test.util.MinimumRedisVersionRule" type="java.lang.NoClassDefFoundError"><![CDATA[java.lang.NoClassDefFoundError: Could not initialize class org.springframework.data.redis.test.util.MinimumRedisVersionRule
	at org.springframework.data.redis.support.collections.RedisZSetTests.<init>(RedisZSetTests.java:38)
]]></error>
  </testcase>
  <testcase name="testIsEmpty[0]" classname="org.springframework.data.redis.support.collections.RedisZSetTests" time="0.001">
    <error message="Could not initialize class org.springframework.data.redis.test.util.MinimumRedisVersionRule" type="java.lang.NoClassDefFoundError"><![CDATA[java.lang.NoClassDefFoundError: Could not initialize class org.springframework.data.redis.test.util.MinimumRedisVersionRule
	at org.springframework.data.redis.support.collections.RedisZSetTests.<init>(RedisZSetTests.java:38)
]]></error>
  </testcase>
  <testcase name="testToArray[1]" classname="org.springframework.data.redis.support.collections.RedisZSetTests" time="0">
    <error message="Could not initialize class org.springframework.data.redis.test.util.MinimumRedisVersionRule" type="java.lang.NoClassDefFoundError"><![CDATA[java.lang.NoClassDefFoundError: Could not initialize class org.springframework.data.redis.test.util.MinimumRedisVersionRule
	at org.springframework.data.redis.support.collections.RedisZSetTests.<init>(RedisZSetTests.java:38)
]]></error>
  </testcase>
  <testcase name="testAdd[1]" classname="org.springframework.data.redis.support.collections.RedisZSetTests" time="0">
    <error message="Could not initialize class org.springframework.data.redis.test.util.MinimumRedisVersionRule" type="java.lang.NoClassDefFoundError"><![CDATA[java.lang.NoClassDefFoundError: Could not initialize class org.springframework.data.redis.test.util.MinimumRedisVersionRule
	at org.springframework.data.redis.support.collections.RedisZSetTests.<init>(RedisZSetTests.java:38)
]]></error>
  </testcase>
  <testcase name="testFirst[1]" classname="org.springframework.data.redis.support.collections.RedisZSetTests" time="0">
    <error message="Could not initialize class org.springframework.data.redis.test.util.MinimumRedisVersionRule" type="java.lang.NoClassDefFoundError"><![CDATA[java.lang.NoClassDefFoundError: Could not initialize class org.springframework.data.redis.test.util.MinimumRedisVersionRule
	at org.springframework.data.redis.support.collections.RedisZSetTests.<init>(RedisZSetTests.java:38)
]]></error>
  </testcase>
  <testcase name="testRange[1]" classname="org.springframework.data.redis.support.collections.RedisZSetTests" time="0">
    <error message="Could not initialize class org.springframework.data.redis.test.util.MinimumRedisVersionRule" type="java.lang.NoClassDefFoundError"><![CDATA[java.lang.NoClassDefFoundError: Could not initialize class org.springframework.data.redis.test.util.MinimumRedisVersionRule
	at org.springframework.data.redis.support.collections.RedisZSetTests.<init>(RedisZSetTests.java:38)
]]></error>
  </testcase>
  <testcase name="testScore[1]" classname="org.springframework.data.redis.support.collections.RedisZSetTests" time="0">
    <error message="Could not initialize class org.springframework.data.redis.test.util.MinimumRedisVersionRule" type="java.lang.NoClassDefFoundError"><![CDATA[java.lang.NoClassDefFoundError: Could not initialize class org.springframework.data.redis.test.util.MinimumRedisVersionRule
	at org.springframework.data.redis.support.collections.RedisZSetTests.<init>(RedisZSetTests.java:38)
]]></error>
  </testcase>
  <testcase name="testLast[1]" classname="org.springframework.data.redis.support.collections.RedisZSetTests" time="0">
    <error message="Could not initialize class org.springframework.data.redis.test.util.MinimumRedisVersionRule" type="java.lang.NoClassDefFoundError"><![CDATA[java.lang.NoClassDefFoundError: Could not initialize class org.springframework.data.redis.test.util.MinimumRedisVersionRule
	at org.springframework.data.redis.support.collections.RedisZSetTests.<init>(RedisZSetTests.java:38)
]]></error>
  </testcase>
  <testcase name="testRank[1]" classname="org.springframework.data.redis.support.collections.RedisZSetTests" time="0">
    <error message="Could not initialize class org.springframework.data.redis.test.util.MinimumRedisVersionRule" type="java.lang.NoClassDefFoundError"><![CDATA[java.lang.NoClassDefFoundError: Could not initialize class org.springframework.data.redis.test.util.MinimumRedisVersionRule
	at org.springframework.data.redis.support.collections.RedisZSetTests.<init>(RedisZSetTests.java:38)
]]></error>
  </testcase>
  <testcase name="testRemoveByScore[1]" classname="org.springframework.data.redis.support.collections.RedisZSetTests" time="0">
    <error message="Could not initialize class org.springframework.data.redis.test.util.MinimumRedisVersionRule" type="java.lang.NoClassDefFoundError"><![CDATA[java.lang.NoClassDefFoundError: Could not initialize class org.springframework.data.redis.test.util.MinimumRedisVersionRule
	at org.springframework.data.redis.support.collections.RedisZSetTests.<init>(RedisZSetTests.java:38)
]]></error>
  </testcase>
  <testcase name="testRangeWithScores[1]" classname="org.springframework.data.redis.support.collections.RedisZSetTests" time="0">
    <error message="Could not initialize class org.springframework.data.redis.test.util.MinimumRedisVersionRule" type="java.lang.NoClassDefFoundError"><![CDATA[java.lang.NoClassDefFoundError: Could not initialize class org.springframework.data.redis.test.util.MinimumRedisVersionRule
	at org.springframework.data.redis.support.collections.RedisZSetTests.<init>(RedisZSetTests.java:38)
]]></error>
  </testcase>
  <testcase name="testRangeByLexUnbounded[1]" classname="org.springframework.data.redis.support.collections.RedisZSetTests" time="0">
    <error message="Could not initialize class org.springframework.data.redis.test.util.MinimumRedisVersionRule" type="java.lang.NoClassDefFoundError"><![CDATA[java.lang.NoClassDefFoundError: Could not initialize class org.springframework.data.redis.test.util.MinimumRedisVersionRule
	at org.springframework.data.redis.support.collections.RedisZSetTests.<init>(RedisZSetTests.java:38)
]]></error>
  </testcase>
  <testcase name="testRangeByLexBounded[1]" classname="org.springframework.data.redis.support.collections.RedisZSetTests" time="0">
    <error message="Could not initialize class org.springframework.data.redis.test.util.MinimumRedisVersionRule" type="java.lang.NoClassDefFoundError"><![CDATA[java.lang.NoClassDefFoundError: Could not initialize class org.springframework.data.redis.test.util.MinimumRedisVersionRule
	at org.springframework.data.redis.support.collections.RedisZSetTests.<init>(RedisZSetTests.java:38)
]]></error>
  </testcase>
  <testcase name="testScanWorksCorrectly[1]" classname="org.springframework.data.redis.support.collections.RedisZSetTests" time="0">
    <error message="Could not initialize class org.springframework.data.redis.test.util.MinimumRedisVersionRule" type="java.lang.NoClassDefFoundError"><![CDATA[java.lang.NoClassDefFoundError: Could not initialize class org.springframework.data.redis.test.util.MinimumRedisVersionRule
	at org.springframework.data.redis.support.collections.RedisZSetTests.<init>(RedisZSetTests.java:38)
]]></error>
  </testcase>
  <testcase name="testRangeByScoreWithScores[1]" classname="org.springframework.data.redis.support.collections.RedisZSetTests" time="0">
    <error message="Could not initialize class org.springframework.data.redis.test.util.MinimumRedisVersionRule" type="java.lang.NoClassDefFoundError"><![CDATA[java.lang.NoClassDefFoundError: Could not initialize class org.springframework.data.redis.test.util.MinimumRedisVersionRule
	at org.springframework.data.redis.support.collections.RedisZSetTests.<init>(RedisZSetTests.java:38)
]]></error>
  </testcase>
  <testcase name="testDefaultScore[1]" classname="org.springframework.data.redis.support.collections.RedisZSetTests" time="0.001">
    <error message="Could not initialize class org.springframework.data.redis.test.util.MinimumRedisVersionRule" type="java.lang.NoClassDefFoundError"><![CDATA[java.lang.NoClassDefFoundError: Could not initialize class org.springframework.data.redis.test.util.MinimumRedisVersionRule
	at org.springframework.data.redis.support.collections.RedisZSetTests.<init>(RedisZSetTests.java:38)
]]></error>
  </testcase>
  <testcase name="testRangeByScore[1]" classname="org.springframework.data.redis.support.collections.RedisZSetTests" time="0">
    <error message="Could not initialize class org.springframework.data.redis.test.util.MinimumRedisVersionRule" type="java.lang.NoClassDefFoundError"><![CDATA[java.lang.NoClassDefFoundError: Could not initialize class org.springframework.data.redis.test.util.MinimumRedisVersionRule
	at org.springframework.data.redis.support.collections.RedisZSetTests.<init>(RedisZSetTests.java:38)
]]></error>
  </testcase>
  <testcase name="testIntersectAndStore[1]" classname="org.springframework.data.redis.support.collections.RedisZSetTests" time="0">
    <error message="Could not initialize class org.springframework.data.redis.test.util.MinimumRedisVersionRule" type="java.lang.NoClassDefFoundError"><![CDATA[java.lang.NoClassDefFoundError: Could not initialize class org.springframework.data.redis.test.util.MinimumRedisVersionRule
	at org.springframework.data.redis.support.collections.RedisZSetTests.<init>(RedisZSetTests.java:38)
]]></error>
  </testcase>
  <testcase name="testReverseRank[1]" classname="org.springframework.data.redis.support.collections.RedisZSetTests" time="0">
    <error message="Could not initialize class org.springframework.data.redis.test.util.MinimumRedisVersionRule" type="java.lang.NoClassDefFoundError"><![CDATA[java.lang.NoClassDefFoundError: Could not initialize class org.springframework.data.redis.test.util.MinimumRedisVersionRule
	at org.springframework.data.redis.support.collections.RedisZSetTests.<init>(RedisZSetTests.java:38)
]]></error>
  </testcase>
  <testcase name="testReverseRangeWithScores[1]" classname="org.springframework.data.redis.support.collections.RedisZSetTests" time="0.001">
    <error message="Could not initialize class org.springframework.data.redis.test.util.MinimumRedisVersionRule" type="java.lang.NoClassDefFoundError"><![CDATA[java.lang.NoClassDefFoundError: Could not initialize class org.springframework.data.redis.test.util.MinimumRedisVersionRule
	at org.springframework.data.redis.support.collections.RedisZSetTests.<init>(RedisZSetTests.java:38)
]]></error>
  </testcase>
  <testcase name="testReverseRange[1]" classname="org.springframework.data.redis.support.collections.RedisZSetTests" time="0">
    <error message="Could not initialize class org.springframework.data.redis.test.util.MinimumRedisVersionRule" type="java.lang.NoClassDefFoundError"><![CDATA[java.lang.NoClassDefFoundError: Could not initialize class org.springframework.data.redis.test.util.MinimumRedisVersionRule
	at org.springframework.data.redis.support.collections.RedisZSetTests.<init>(RedisZSetTests.java:38)
]]></error>
  </testcase>
  <testcase name="testUnionAndStore[1]" classname="org.springframework.data.redis.support.collections.RedisZSetTests" time="0">
    <error message="Could not initialize class org.springframework.data.redis.test.util.MinimumRedisVersionRule" type="java.lang.NoClassDefFoundError"><![CDATA[java.lang.NoClassDefFoundError: Could not initialize class org.springframework.data.redis.test.util.MinimumRedisVersionRule
	at org.springframework.data.redis.support.collections.RedisZSetTests.<init>(RedisZSetTests.java:38)
]]></error>
  </testcase>
  <testcase name="testRangeByLexUnboundedWithLimit[1]" classname="org.springframework.data.redis.support.collections.RedisZSetTests" time="0">
    <error message="Could not initialize class org.springframework.data.redis.test.util.MinimumRedisVersionRule" type="java.lang.NoClassDefFoundError"><![CDATA[java.lang.NoClassDefFoundError: Could not initialize class org.springframework.data.redis.test.util.MinimumRedisVersionRule
	at org.springframework.data.redis.support.collections.RedisZSetTests.<init>(RedisZSetTests.java:38)
]]></error>
  </testcase>
  <testcase name="testReverseRangeByScoreWithScores[1]" classname="org.springframework.data.redis.support.collections.RedisZSetTests" time="0">
    <error message="Could not initialize class org.springframework.data.redis.test.util.MinimumRedisVersionRule" type="java.lang.NoClassDefFoundError"><![CDATA[java.lang.NoClassDefFoundError: Could not initialize class org.springframework.data.redis.test.util.MinimumRedisVersionRule
	at org.springframework.data.redis.support.collections.RedisZSetTests.<init>(RedisZSetTests.java:38)
]]></error>
  </testcase>
  <testcase name="testToArrayWithGenerics[1]" classname="org.springframework.data.redis.support.collections.RedisZSetTests" time="0.001">
    <error message="Could not initialize class org.springframework.data.redis.test.util.MinimumRedisVersionRule" type="java.lang.NoClassDefFoundError"><![CDATA[java.lang.NoClassDefFoundError: Could not initialize class org.springframework.data.redis.test.util.MinimumRedisVersionRule
	at org.springframework.data.redis.support.collections.RedisZSetTests.<init>(RedisZSetTests.java:38)
]]></error>
  </testcase>
  <testcase name="testFirstException[1]" classname="org.springframework.data.redis.support.collections.RedisZSetTests" time="0">
    <error message="Could not initialize class org.springframework.data.redis.test.util.MinimumRedisVersionRule" type="java.lang.NoClassDefFoundError"><![CDATA[java.lang.NoClassDefFoundError: Could not initialize class org.springframework.data.redis.test.util.MinimumRedisVersionRule
	at org.springframework.data.redis.support.collections.RedisZSetTests.<init>(RedisZSetTests.java:38)
]]></error>
  </testcase>
  <testcase name="testLastException[1]" classname="org.springframework.data.redis.support.collections.RedisZSetTests" time="0">
    <error message="Could not initialize class org.springframework.data.redis.test.util.MinimumRedisVersionRule" type="java.lang.NoClassDefFoundError"><![CDATA[java.lang.NoClassDefFoundError: Could not initialize class org.springframework.data.redis.test.util.MinimumRedisVersionRule
	at org.springframework.data.redis.support.collections.RedisZSetTests.<init>(RedisZSetTests.java:38)
]]></error>
  </testcase>
  <testcase name="testRemove[1]" classname="org.springframework.data.redis.support.collections.RedisZSetTests" time="0">
    <error message="Could not initialize class org.springframework.data.redis.test.util.MinimumRedisVersionRule" type="java.lang.NoClassDefFoundError"><![CDATA[java.lang.NoClassDefFoundError: Could not initialize class org.springframework.data.redis.test.util.MinimumRedisVersionRule
	at org.springframework.data.redis.support.collections.RedisZSetTests.<init>(RedisZSetTests.java:38)
]]></error>
  </testcase>
  <testcase name="testAddWithScore[1]" classname="org.springframework.data.redis.support.collections.RedisZSetTests" time="0">
    <error message="Could not initialize class org.springframework.data.redis.test.util.MinimumRedisVersionRule" type="java.lang.NoClassDefFoundError"><![CDATA[java.lang.NoClassDefFoundError: Could not initialize class org.springframework.data.redis.test.util.MinimumRedisVersionRule
	at org.springframework.data.redis.support.collections.RedisZSetTests.<init>(RedisZSetTests.java:38)
]]></error>
  </testcase>
  <testcase name="testIterator[1]" classname="org.springframework.data.redis.support.collections.RedisZSetTests" time="0">
    <error message="Could not initialize class org.springframework.data.redis.test.util.MinimumRedisVersionRule" type="java.lang.NoClassDefFoundError"><![CDATA[java.lang.NoClassDefFoundError: Could not initialize class org.springframework.data.redis.test.util.MinimumRedisVersionRule
	at org.springframework.data.redis.support.collections.RedisZSetTests.<init>(RedisZSetTests.java:38)
]]></error>
  </testcase>
  <testcase name="testReverseRangeByScore[1]" classname="org.springframework.data.redis.support.collections.RedisZSetTests" time="0">
    <error message="Could not initialize class org.springframework.data.redis.test.util.MinimumRedisVersionRule" type="java.lang.NoClassDefFoundError"><![CDATA[java.lang.NoClassDefFoundError: Could not initialize class org.springframework.data.redis.test.util.MinimumRedisVersionRule
	at org.springframework.data.redis.support.collections.RedisZSetTests.<init>(RedisZSetTests.java:38)
]]></error>
  </testcase>
  <testcase name="testRangeByLexBoundedWithLimit[1]" classname="org.springframework.data.redis.support.collections.RedisZSetTests" time="0">
    <error message="Could not initialize class org.springframework.data.redis.test.util.MinimumRedisVersionRule" type="java.lang.NoClassDefFoundError"><![CDATA[java.lang.NoClassDefFoundError: Could not initialize class org.springframework.data.redis.test.util.MinimumRedisVersionRule
	at org.springframework.data.redis.support.collections.RedisZSetTests.<init>(RedisZSetTests.java:38)
]]></error>
  </testcase>
  <testcase name="testContainsObject[1]" classname="org.springframework.data.redis.support.collections.RedisZSetTests" time="0">
    <error message="Could not initialize class org.springframework.data.redis.test.util.MinimumRedisVersionRule" type="java.lang.NoClassDefFoundError"><![CDATA[java.lang.NoClassDefFoundError: Could not initialize class org.springframework.data.redis.test.util.MinimumRedisVersionRule
	at org.springframework.data.redis.support.collections.RedisZSetTests.<init>(RedisZSetTests.java:38)
]]></error>
  </testcase>
  <testcase name="testClear[1]" classname="org.springframework.data.redis.support.collections.RedisZSetTests" time="0.001">
    <error message="Could not initialize class org.springframework.data.redis.test.util.MinimumRedisVersionRule" type="java.lang.NoClassDefFoundError"><![CDATA[java.lang.NoClassDefFoundError: Could not initialize class org.springframework.data.redis.test.util.MinimumRedisVersionRule
	at org.springframework.data.redis.support.collections.RedisZSetTests.<init>(RedisZSetTests.java:38)
]]></error>
  </testcase>
  <testcase name="testSize[1]" classname="org.springframework.data.redis.support.collections.RedisZSetTests" time="0">
    <error message="Could not initialize class org.springframework.data.redis.test.util.MinimumRedisVersionRule" type="java.lang.NoClassDefFoundError"><![CDATA[java.lang.NoClassDefFoundError: Could not initialize class org.springframework.data.redis.test.util.MinimumRedisVersionRule
	at org.springframework.data.redis.support.collections.RedisZSetTests.<init>(RedisZSetTests.java:38)
]]></error>
  </testcase>
  <testcase name="testToString[1]" classname="org.springframework.data.redis.support.collections.RedisZSetTests" time="0">
    <error message="Could not initialize class org.springframework.data.redis.test.util.MinimumRedisVersionRule" type="java.lang.NoClassDefFoundError"><![CDATA[java.lang.NoClassDefFoundError: Could not initialize class org.springframework.data.redis.test.util.MinimumRedisVersionRule
	at org.springframework.data.redis.support.collections.RedisZSetTests.<init>(RedisZSetTests.java:38)
]]></error>
  </testcase>
  <testcase name="testContainsAll[1]" classname="org.springframework.data.redis.support.collections.RedisZSetTests" time="0">
    <error message="Could not initialize class org.springframework.data.redis.test.util.MinimumRedisVersionRule" type="java.lang.NoClassDefFoundError"><![CDATA[java.lang.NoClassDefFoundError: Could not initialize class org.springframework.data.redis.test.util.MinimumRedisVersionRule
	at org.springframework.data.redis.support.collections.RedisZSetTests.<init>(RedisZSetTests.java:38)
]]></error>
  </testcase>
  <testcase name="testRemoveObject[1]" classname="org.springframework.data.redis.support.collections.RedisZSetTests" time="0">
    <error message="Could not initialize class org.springframework.data.redis.test.util.MinimumRedisVersionRule" type="java.lang.NoClassDefFoundError"><![CDATA[java.lang.NoClassDefFoundError: Could not initialize class org.springframework.data.redis.test.util.MinimumRedisVersionRule
	at org.springframework.data.redis.support.collections.RedisZSetTests.<init>(RedisZSetTests.java:38)
]]></error>
  </testcase>
  <testcase name="testHashCode[1]" classname="org.springframework.data.redis.support.collections.RedisZSetTests" time="0">
    <error message="Could not initialize class org.springframework.data.redis.test.util.MinimumRedisVersionRule" type="java.lang.NoClassDefFoundError"><![CDATA[java.lang.NoClassDefFoundError: Could not initialize class org.springframework.data.redis.test.util.MinimumRedisVersionRule
	at org.springframework.data.redis.support.collections.RedisZSetTests.<init>(RedisZSetTests.java:38)
]]></error>
  </testcase>
  <testcase name="testAddAll[1]" classname="org.springframework.data.redis.support.collections.RedisZSetTests" time="0">
    <error message="Could not initialize class org.springframework.data.redis.test.util.MinimumRedisVersionRule" type="java.lang.NoClassDefFoundError"><![CDATA[java.lang.NoClassDefFoundError: Could not initialize class org.springframework.data.redis.test.util.MinimumRedisVersionRule
	at org.springframework.data.redis.support.collections.RedisZSetTests.<init>(RedisZSetTests.java:38)
]]></error>
  </testcase>
  <testcase name="removeAll[1]" classname="org.springframework.data.redis.support.collections.RedisZSetTests" time="0">
    <error message="Could not initialize class org.springframework.data.redis.test.util.MinimumRedisVersionRule" type="java.lang.NoClassDefFoundError"><![CDATA[java.lang.NoClassDefFoundError: Could not initialize class org.springframework.data.redis.test.util.MinimumRedisVersionRule
	at org.springframework.data.redis.support.collections.RedisZSetTests.<init>(RedisZSetTests.java:38)
]]></error>
  </testcase>
  <testcase name="testEquals[1]" classname="org.springframework.data.redis.support.collections.RedisZSetTests" time="0">
    <error message="Could not initialize class org.springframework.data.redis.test.util.MinimumRedisVersionRule" type="java.lang.NoClassDefFoundError"><![CDATA[java.lang.NoClassDefFoundError: Could not initialize class org.springframework.data.redis.test.util.MinimumRedisVersionRule
	at org.springframework.data.redis.support.collections.RedisZSetTests.<init>(RedisZSetTests.java:38)
]]></error>
  </testcase>
  <testcase name="testGetKey[1]" classname="org.springframework.data.redis.support.collections.RedisZSetTests" time="0.001">
    <error message="Could not initialize class org.springframework.data.redis.test.util.MinimumRedisVersionRule" type="java.lang.NoClassDefFoundError"><![CDATA[java.lang.NoClassDefFoundError: Could not initialize class org.springframework.data.redis.test.util.MinimumRedisVersionRule
	at org.springframework.data.redis.support.collections.RedisZSetTests.<init>(RedisZSetTests.java:38)
]]></error>
  </testcase>
  <testcase name="testIsEmpty[1]" classname="org.springframework.data.redis.support.collections.RedisZSetTests" time="0">
    <error message="Could not initialize class org.springframework.data.redis.test.util.MinimumRedisVersionRule" type="java.lang.NoClassDefFoundError"><![CDATA[java.lang.NoClassDefFoundError: Could not initialize class org.springframework.data.redis.test.util.MinimumRedisVersionRule
	at org.springframework.data.redis.support.collections.RedisZSetTests.<init>(RedisZSetTests.java:38)
]]></error>
  </testcase>
  <testcase name="testToArray[2]" classname="org.springframework.data.redis.support.collections.RedisZSetTests" time="0">
    <error message="Could not initialize class org.springframework.data.redis.test.util.MinimumRedisVersionRule" type="java.lang.NoClassDefFoundError"><![CDATA[java.lang.NoClassDefFoundError: Could not initialize class org.springframework.data.redis.test.util.MinimumRedisVersionRule
	at org.springframework.data.redis.support.collections.RedisZSetTests.<init>(RedisZSetTests.java:38)
]]></error>
  </testcase>
  <testcase name="testAdd[2]" classname="org.springframework.data.redis.support.collections.RedisZSetTests" time="0">
    <error message="Could not initialize class org.springframework.data.redis.test.util.MinimumRedisVersionRule" type="java.lang.NoClassDefFoundError"><![CDATA[java.lang.NoClassDefFoundError: Could not initialize class org.springframework.data.redis.test.util.MinimumRedisVersionRule
	at org.springframework.data.redis.support.collections.RedisZSetTests.<init>(RedisZSetTests.java:38)
]]></error>
  </testcase>
  <testcase name="testFirst[2]" classname="org.springframework.data.redis.support.collections.RedisZSetTests" time="0">
    <error message="Could not initialize class org.springframework.data.redis.test.util.MinimumRedisVersionRule" type="java.lang.NoClassDefFoundError"><![CDATA[java.lang.NoClassDefFoundError: Could not initialize class org.springframework.data.redis.test.util.MinimumRedisVersionRule
	at org.springframework.data.redis.support.collections.RedisZSetTests.<init>(RedisZSetTests.java:38)
]]></error>
  </testcase>
  <testcase name="testRange[2]" classname="org.springframework.data.redis.support.collections.RedisZSetTests" time="0">
    <error message="Could not initialize class org.springframework.data.redis.test.util.MinimumRedisVersionRule" type="java.lang.NoClassDefFoundError"><![CDATA[java.lang.NoClassDefFoundError: Could not initialize class org.springframework.data.redis.test.util.MinimumRedisVersionRule
	at org.springframework.data.redis.support.collections.RedisZSetTests.<init>(RedisZSetTests.java:38)
]]></error>
  </testcase>
  <testcase name="testScore[2]" classname="org.springframework.data.redis.support.collections.RedisZSetTests" time="0">
    <error message="Could not initialize class org.springframework.data.redis.test.util.MinimumRedisVersionRule" type="java.lang.NoClassDefFoundError"><![CDATA[java.lang.NoClassDefFoundError: Could not initialize class org.springframework.data.redis.test.util.MinimumRedisVersionRule
	at org.springframework.data.redis.support.collections.RedisZSetTests.<init>(RedisZSetTests.java:38)
]]></error>
  </testcase>
  <testcase name="testLast[2]" classname="org.springframework.data.redis.support.collections.RedisZSetTests" time="0">
    <error message="Could not initialize class org.springframework.data.redis.test.util.MinimumRedisVersionRule" type="java.lang.NoClassDefFoundError"><![CDATA[java.lang.NoClassDefFoundError: Could not initialize class org.springframework.data.redis.test.util.MinimumRedisVersionRule
	at org.springframework.data.redis.support.collections.RedisZSetTests.<init>(RedisZSetTests.java:38)
]]></error>
  </testcase>
  <testcase name="testRank[2]" classname="org.springframework.data.redis.support.collections.RedisZSetTests" time="0">
    <error message="Could not initialize class org.springframework.data.redis.test.util.MinimumRedisVersionRule" type="java.lang.NoClassDefFoundError"><![CDATA[java.lang.NoClassDefFoundError: Could not initialize class org.springframework.data.redis.test.util.MinimumRedisVersionRule
	at org.springframework.data.redis.support.collections.RedisZSetTests.<init>(RedisZSetTests.java:38)
]]></error>
  </testcase>
  <testcase name="testRemoveByScore[2]" classname="org.springframework.data.redis.support.collections.RedisZSetTests" time="0.001">
    <error message="Could not initialize class org.springframework.data.redis.test.util.MinimumRedisVersionRule" type="java.lang.NoClassDefFoundError"><![CDATA[java.lang.NoClassDefFoundError: Could not initialize class org.springframework.data.redis.test.util.MinimumRedisVersionRule
	at org.springframework.data.redis.support.collections.RedisZSetTests.<init>(RedisZSetTests.java:38)
]]></error>
  </testcase>
  <testcase name="testRangeWithScores[2]" classname="org.springframework.data.redis.support.collections.RedisZSetTests" time="0">
    <error message="Could not initialize class org.springframework.data.redis.test.util.MinimumRedisVersionRule" type="java.lang.NoClassDefFoundError"><![CDATA[java.lang.NoClassDefFoundError: Could not initialize class org.springframework.data.redis.test.util.MinimumRedisVersionRule
	at org.springframework.data.redis.support.collections.RedisZSetTests.<init>(RedisZSetTests.java:38)
]]></error>
  </testcase>
  <testcase name="testRangeByLexUnbounded[2]" classname="org.springframework.data.redis.support.collections.RedisZSetTests" time="0">
    <error message="Could not initialize class org.springframework.data.redis.test.util.MinimumRedisVersionRule" type="java.lang.NoClassDefFoundError"><![CDATA[java.lang.NoClassDefFoundError: Could not initialize class org.springframework.data.redis.test.util.MinimumRedisVersionRule
	at org.springframework.data.redis.support.collections.RedisZSetTests.<init>(RedisZSetTests.java:38)
]]></error>
  </testcase>
  <testcase name="testRangeByLexBounded[2]" classname="org.springframework.data.redis.support.collections.RedisZSetTests" time="0">
    <error message="Could not initialize class org.springframework.data.redis.test.util.MinimumRedisVersionRule" type="java.lang.NoClassDefFoundError"><![CDATA[java.lang.NoClassDefFoundError: Could not initialize class org.springframework.data.redis.test.util.MinimumRedisVersionRule
	at org.springframework.data.redis.support.collections.RedisZSetTests.<init>(RedisZSetTests.java:38)
]]></error>
  </testcase>
  <testcase name="testScanWorksCorrectly[2]" classname="org.springframework.data.redis.support.collections.RedisZSetTests" time="0">
    <error message="Could not initialize class org.springframework.data.redis.test.util.MinimumRedisVersionRule" type="java.lang.NoClassDefFoundError"><![CDATA[java.lang.NoClassDefFoundError: Could not initialize class org.springframework.data.redis.test.util.MinimumRedisVersionRule
	at org.springframework.data.redis.support.collections.RedisZSetTests.<init>(RedisZSetTests.java:38)
]]></error>
  </testcase>
  <testcase name="testRangeByScoreWithScores[2]" classname="org.springframework.data.redis.support.collections.RedisZSetTests" time="0">
    <error message="Could not initialize class org.springframework.data.redis.test.util.MinimumRedisVersionRule" type="java.lang.NoClassDefFoundError"><![CDATA[java.lang.NoClassDefFoundError: Could not initialize class org.springframework.data.redis.test.util.MinimumRedisVersionRule
	at org.springframework.data.redis.support.collections.RedisZSetTests.<init>(RedisZSetTests.java:38)
]]></error>
  </testcase>
  <testcase name="testDefaultScore[2]" classname="org.springframework.data.redis.support.collections.RedisZSetTests" time="0">
    <error message="Could not initialize class org.springframework.data.redis.test.util.MinimumRedisVersionRule" type="java.lang.NoClassDefFoundError"><![CDATA[java.lang.NoClassDefFoundError: Could not initialize class org.springframework.data.redis.test.util.MinimumRedisVersionRule
	at org.springframework.data.redis.support.collections.RedisZSetTests.<init>(RedisZSetTests.java:38)
]]></error>
  </testcase>
  <testcase name="testRangeByScore[2]" classname="org.springframework.data.redis.support.collections.RedisZSetTests" time="0">
    <error message="Could not initialize class org.springframework.data.redis.test.util.MinimumRedisVersionRule" type="java.lang.NoClassDefFoundError"><![CDATA[java.lang.NoClassDefFoundError: Could not initialize class org.springframework.data.redis.test.util.MinimumRedisVersionRule
	at org.springframework.data.redis.support.collections.RedisZSetTests.<init>(RedisZSetTests.java:38)
]]></error>
  </testcase>
  <testcase name="testIntersectAndStore[2]" classname="org.springframework.data.redis.support.collections.RedisZSetTests" time="0">
    <error message="Could not initialize class org.springframework.data.redis.test.util.MinimumRedisVersionRule" type="java.lang.NoClassDefFoundError"><![CDATA[java.lang.NoClassDefFoundError: Could not initialize class org.springframework.data.redis.test.util.MinimumRedisVersionRule
	at org.springframework.data.redis.support.collections.RedisZSetTests.<init>(RedisZSetTests.java:38)
]]></error>
  </testcase>
  <testcase name="testReverseRank[2]" classname="org.springframework.data.redis.support.collections.RedisZSetTests" time="0">
    <error message="Could not initialize class org.springframework.data.redis.test.util.MinimumRedisVersionRule" type="java.lang.NoClassDefFoundError"><![CDATA[java.lang.NoClassDefFoundError: Could not initialize class org.springframework.data.redis.test.util.MinimumRedisVersionRule
	at org.springframework.data.redis.support.collections.RedisZSetTests.<init>(RedisZSetTests.java:38)
]]></error>
  </testcase>
  <testcase name="testReverseRangeWithScores[2]" classname="org.springframework.data.redis.support.collections.RedisZSetTests" time="0.012">
    <error message="Could not initialize class org.springframework.data.redis.test.util.MinimumRedisVersionRule" type="java.lang.NoClassDefFoundError"><![CDATA[java.lang.NoClassDefFoundError: Could not initialize class org.springframework.data.redis.test.util.MinimumRedisVersionRule
	at org.springframework.data.redis.support.collections.RedisZSetTests.<init>(RedisZSetTests.java:38)
]]></error>
  </testcase>
  <testcase name="testReverseRange[2]" classname="org.springframework.data.redis.support.collections.RedisZSetTests" time="0">
    <error message="Could not initialize class org.springframework.data.redis.test.util.MinimumRedisVersionRule" type="java.lang.NoClassDefFoundError"><![CDATA[java.lang.NoClassDefFoundError: Could not initialize class org.springframework.data.redis.test.util.MinimumRedisVersionRule
	at org.springframework.data.redis.support.collections.RedisZSetTests.<init>(RedisZSetTests.java:38)
]]></error>
  </testcase>
  <testcase name="testUnionAndStore[2]" classname="org.springframework.data.redis.support.collections.RedisZSetTests" time="0">
    <error message="Could not initialize class org.springframework.data.redis.test.util.MinimumRedisVersionRule" type="java.lang.NoClassDefFoundError"><![CDATA[java.lang.NoClassDefFoundError: Could not initialize class org.springframework.data.redis.test.util.MinimumRedisVersionRule
	at org.springframework.data.redis.support.collections.RedisZSetTests.<init>(RedisZSetTests.java:38)
]]></error>
  </testcase>
  <testcase name="testRangeByLexUnboundedWithLimit[2]" classname="org.springframework.data.redis.support.collections.RedisZSetTests" time="0">
    <error message="Could not initialize class org.springframework.data.redis.test.util.MinimumRedisVersionRule" type="java.lang.NoClassDefFoundError"><![CDATA[java.lang.NoClassDefFoundError: Could not initialize class org.springframework.data.redis.test.util.MinimumRedisVersionRule
	at org.springframework.data.redis.support.collections.RedisZSetTests.<init>(RedisZSetTests.java:38)
]]></error>
  </testcase>
  <testcase name="testReverseRangeByScoreWithScores[2]" classname="org.springframework.data.redis.support.collections.RedisZSetTests" time="0">
    <error message="Could not initialize class org.springframework.data.redis.test.util.MinimumRedisVersionRule" type="java.lang.NoClassDefFoundError"><![CDATA[java.lang.NoClassDefFoundError: Could not initialize class org.springframework.data.redis.test.util.MinimumRedisVersionRule
	at org.springframework.data.redis.support.collections.RedisZSetTests.<init>(RedisZSetTests.java:38)
]]></error>
  </testcase>
  <testcase name="testToArrayWithGenerics[2]" classname="org.springframework.data.redis.support.collections.RedisZSetTests" time="0">
    <error message="Could not initialize class org.springframework.data.redis.test.util.MinimumRedisVersionRule" type="java.lang.NoClassDefFoundError"><![CDATA[java.lang.NoClassDefFoundError: Could not initialize class org.springframework.data.redis.test.util.MinimumRedisVersionRule
	at org.springframework.data.redis.support.collections.RedisZSetTests.<init>(RedisZSetTests.java:38)
]]></error>
  </testcase>
  <testcase name="testFirstException[2]" classname="org.springframework.data.redis.support.collections.RedisZSetTests" time="0">
    <error message="Could not initialize class org.springframework.data.redis.test.util.MinimumRedisVersionRule" type="java.lang.NoClassDefFoundError"><![CDATA[java.lang.NoClassDefFoundError: Could not initialize class org.springframework.data.redis.test.util.MinimumRedisVersionRule
	at org.springframework.data.redis.support.collections.RedisZSetTests.<init>(RedisZSetTests.java:38)
]]></error>
  </testcase>
  <testcase name="testLastException[2]" classname="org.springframework.data.redis.support.collections.RedisZSetTests" time="0">
    <error message="Could not initialize class org.springframework.data.redis.test.util.MinimumRedisVersionRule" type="java.lang.NoClassDefFoundError"><![CDATA[java.lang.NoClassDefFoundError: Could not initialize class org.springframework.data.redis.test.util.MinimumRedisVersionRule
	at org.springframework.data.redis.support.collections.RedisZSetTests.<init>(RedisZSetTests.java:38)
]]></error>
  </testcase>
  <testcase name="testRemove[2]" classname="org.springframework.data.redis.support.collections.RedisZSetTests" time="0">
    <error message="Could not initialize class org.springframework.data.redis.test.util.MinimumRedisVersionRule" type="java.lang.NoClassDefFoundError"><![CDATA[java.lang.NoClassDefFoundError: Could not initialize class org.springframework.data.redis.test.util.MinimumRedisVersionRule
	at org.springframework.data.redis.support.collections.RedisZSetTests.<init>(RedisZSetTests.java:38)
]]></error>
  </testcase>
  <testcase name="testAddWithScore[2]" classname="org.springframework.data.redis.support.collections.RedisZSetTests" time="0">
    <error message="Could not initialize class org.springframework.data.redis.test.util.MinimumRedisVersionRule" type="java.lang.NoClassDefFoundError"><![CDATA[java.lang.NoClassDefFoundError: Could not initialize class org.springframework.data.redis.test.util.MinimumRedisVersionRule
	at org.springframework.data.redis.support.collections.RedisZSetTests.<init>(RedisZSetTests.java:38)
]]></error>
  </testcase>
  <testcase name="testIterator[2]" classname="org.springframework.data.redis.support.collections.RedisZSetTests" time="0">
    <error message="Could not initialize class org.springframework.data.redis.test.util.MinimumRedisVersionRule" type="java.lang.NoClassDefFoundError"><![CDATA[java.lang.NoClassDefFoundError: Could not initialize class org.springframework.data.redis.test.util.MinimumRedisVersionRule
	at org.springframework.data.redis.support.collections.RedisZSetTests.<init>(RedisZSetTests.java:38)
]]></error>
  </testcase>
  <testcase name="testReverseRangeByScore[2]" classname="org.springframework.data.redis.support.collections.RedisZSetTests" time="0">
    <error message="Could not initialize class org.springframework.data.redis.test.util.MinimumRedisVersionRule" type="java.lang.NoClassDefFoundError"><![CDATA[java.lang.NoClassDefFoundError: Could not initialize class org.springframework.data.redis.test.util.MinimumRedisVersionRule
	at org.springframework.data.redis.support.collections.RedisZSetTests.<init>(RedisZSetTests.java:38)
]]></error>
  </testcase>
  <testcase name="testRangeByLexBoundedWithLimit[2]" classname="org.springframework.data.redis.support.collections.RedisZSetTests" time="0">
    <error message="Could not initialize class org.springframework.data.redis.test.util.MinimumRedisVersionRule" type="java.lang.NoClassDefFoundError"><![CDATA[java.lang.NoClassDefFoundError: Could not initialize class org.springframework.data.redis.test.util.MinimumRedisVersionRule
	at org.springframework.data.redis.support.collections.RedisZSetTests.<init>(RedisZSetTests.java:38)
]]></error>
  </testcase>
  <testcase name="testContainsObject[2]" classname="org.springframework.data.redis.support.collections.RedisZSetTests" time="0">
    <error message="Could not initialize class org.springframework.data.redis.test.util.MinimumRedisVersionRule" type="java.lang.NoClassDefFoundError"><![CDATA[java.lang.NoClassDefFoundError: Could not initialize class org.springframework.data.redis.test.util.MinimumRedisVersionRule
	at org.springframework.data.redis.support.collections.RedisZSetTests.<init>(RedisZSetTests.java:38)
]]></error>
  </testcase>
  <testcase name="testClear[2]" classname="org.springframework.data.redis.support.collections.RedisZSetTests" time="0">
    <error message="Could not initialize class org.springframework.data.redis.test.util.MinimumRedisVersionRule" type="java.lang.NoClassDefFoundError"><![CDATA[java.lang.NoClassDefFoundError: Could not initialize class org.springframework.data.redis.test.util.MinimumRedisVersionRule
	at org.springframework.data.redis.support.collections.RedisZSetTests.<init>(RedisZSetTests.java:38)
]]></error>
  </testcase>
  <testcase name="testSize[2]" classname="org.springframework.data.redis.support.collections.RedisZSetTests" time="0">
    <error message="Could not initialize class org.springframework.data.redis.test.util.MinimumRedisVersionRule" type="java.lang.NoClassDefFoundError"><![CDATA[java.lang.NoClassDefFoundError: Could not initialize class org.springframework.data.redis.test.util.MinimumRedisVersionRule
	at org.springframework.data.redis.support.collections.RedisZSetTests.<init>(RedisZSetTests.java:38)
]]></error>
  </testcase>
  <testcase name="testToString[2]" classname="org.springframework.data.redis.support.collections.RedisZSetTests" time="0.001">
    <error message="Could not initialize class org.springframework.data.redis.test.util.MinimumRedisVersionRule" type="java.lang.NoClassDefFoundError"><![CDATA[java.lang.NoClassDefFoundError: Could not initialize class org.springframework.data.redis.test.util.MinimumRedisVersionRule
	at org.springframework.data.redis.support.collections.RedisZSetTests.<init>(RedisZSetTests.java:38)
]]></error>
  </testcase>
  <testcase name="testContainsAll[2]" classname="org.springframework.data.redis.support.collections.RedisZSetTests" time="0">
    <error message="Could not initialize class org.springframework.data.redis.test.util.MinimumRedisVersionRule" type="java.lang.NoClassDefFoundError"><![CDATA[java.lang.NoClassDefFoundError: Could not initialize class org.springframework.data.redis.test.util.MinimumRedisVersionRule
	at org.springframework.data.redis.support.collections.RedisZSetTests.<init>(RedisZSetTests.java:38)
]]></error>
  </testcase>
  <testcase name="testRemoveObject[2]" classname="org.springframework.data.redis.support.collections.RedisZSetTests" time="0">
    <error message="Could not initialize class org.springframework.data.redis.test.util.MinimumRedisVersionRule" type="java.lang.NoClassDefFoundError"><![CDATA[java.lang.NoClassDefFoundError: Could not initialize class org.springframework.data.redis.test.util.MinimumRedisVersionRule
	at org.springframework.data.redis.support.collections.RedisZSetTests.<init>(RedisZSetTests.java:38)
]]></error>
  </testcase>
  <testcase name="testHashCode[2]" classname="org.springframework.data.redis.support.collections.RedisZSetTests" time="0">
    <error message="Could not initialize class org.springframework.data.redis.test.util.MinimumRedisVersionRule" type="java.lang.NoClassDefFoundError"><![CDATA[java.lang.NoClassDefFoundError: Could not initialize class org.springframework.data.redis.test.util.MinimumRedisVersionRule
	at org.springframework.data.redis.support.collections.RedisZSetTests.<init>(RedisZSetTests.java:38)
]]></error>
  </testcase>
  <testcase name="testAddAll[2]" classname="org.springframework.data.redis.support.collections.RedisZSetTests" time="0">
    <error message="Could not initialize class org.springframework.data.redis.test.util.MinimumRedisVersionRule" type="java.lang.NoClassDefFoundError"><![CDATA[java.lang.NoClassDefFoundError: Could not initialize class org.springframework.data.redis.test.util.MinimumRedisVersionRule
	at org.springframework.data.redis.support.collections.RedisZSetTests.<init>(RedisZSetTests.java:38)
]]></error>
  </testcase>
  <testcase name="removeAll[2]" classname="org.springframework.data.redis.support.collections.RedisZSetTests" time="0.001">
    <error message="Could not initialize class org.springframework.data.redis.test.util.MinimumRedisVersionRule" type="java.lang.NoClassDefFoundError"><![CDATA[java.lang.NoClassDefFoundError: Could not initialize class org.springframework.data.redis.test.util.MinimumRedisVersionRule
	at org.springframework.data.redis.support.collections.RedisZSetTests.<init>(RedisZSetTests.java:38)
]]></error>
  </testcase>
  <testcase name="testEquals[2]" classname="org.springframework.data.redis.support.collections.RedisZSetTests" time="0">
    <error message="Could not initialize class org.springframework.data.redis.test.util.MinimumRedisVersionRule" type="java.lang.NoClassDefFoundError"><![CDATA[java.lang.NoClassDefFoundError: Could not initialize class org.springframework.data.redis.test.util.MinimumRedisVersionRule
	at org.springframework.data.redis.support.collections.RedisZSetTests.<init>(RedisZSetTests.java:38)
]]></error>
  </testcase>
  <testcase name="testGetKey[2]" classname="org.springframework.data.redis.support.collections.RedisZSetTests" time="0">
    <error message="Could not initialize class org.springframework.data.redis.test.util.MinimumRedisVersionRule" type="java.lang.NoClassDefFoundError"><![CDATA[java.lang.NoClassDefFoundError: Could not initialize class org.springframework.data.redis.test.util.MinimumRedisVersionRule
	at org.springframework.data.redis.support.collections.RedisZSetTests.<init>(RedisZSetTests.java:38)
]]></error>
  </testcase>
  <testcase name="testIsEmpty[2]" classname="org.springframework.data.redis.support.collections.RedisZSetTests" time="0">
    <error message="Could not initialize class org.springframework.data.redis.test.util.MinimumRedisVersionRule" type="java.lang.NoClassDefFoundError"><![CDATA[java.lang.NoClassDefFoundError: Could not initialize class org.springframework.data.redis.test.util.MinimumRedisVersionRule
	at org.springframework.data.redis.support.collections.RedisZSetTests.<init>(RedisZSetTests.java:38)
]]></error>
  </testcase>
  <testcase name="testToArray[3]" classname="org.springframework.data.redis.support.collections.RedisZSetTests" time="0">
    <error message="Could not initialize class org.springframework.data.redis.test.util.MinimumRedisVersionRule" type="java.lang.NoClassDefFoundError"><![CDATA[java.lang.NoClassDefFoundError: Could not initialize class org.springframework.data.redis.test.util.MinimumRedisVersionRule
	at org.springframework.data.redis.support.collections.RedisZSetTests.<init>(RedisZSetTests.java:38)
]]></error>
  </testcase>
  <testcase name="testAdd[3]" classname="org.springframework.data.redis.support.collections.RedisZSetTests" time="0">
    <error message="Could not initialize class org.springframework.data.redis.test.util.MinimumRedisVersionRule" type="java.lang.NoClassDefFoundError"><![CDATA[java.lang.NoClassDefFoundError: Could not initialize class org.springframework.data.redis.test.util.MinimumRedisVersionRule
	at org.springframework.data.redis.support.collections.RedisZSetTests.<init>(RedisZSetTests.java:38)
]]></error>
  </testcase>
  <testcase name="testFirst[3]" classname="org.springframework.data.redis.support.collections.RedisZSetTests" time="0">
    <error message="Could not initialize class org.springframework.data.redis.test.util.MinimumRedisVersionRule" type="java.lang.NoClassDefFoundError"><![CDATA[java.lang.NoClassDefFoundError: Could not initialize class org.springframework.data.redis.test.util.MinimumRedisVersionRule
	at org.springframework.data.redis.support.collections.RedisZSetTests.<init>(RedisZSetTests.java:38)
]]></error>
  </testcase>
  <testcase name="testRange[3]" classname="org.springframework.data.redis.support.collections.RedisZSetTests" time="0">
    <error message="Could not initialize class org.springframework.data.redis.test.util.MinimumRedisVersionRule" type="java.lang.NoClassDefFoundError"><![CDATA[java.lang.NoClassDefFoundError: Could not initialize class org.springframework.data.redis.test.util.MinimumRedisVersionRule
	at org.springframework.data.redis.support.collections.RedisZSetTests.<init>(RedisZSetTests.java:38)
]]></error>
  </testcase>
  <testcase name="testScore[3]" classname="org.springframework.data.redis.support.collections.RedisZSetTests" time="0">
    <error message="Could not initialize class org.springframework.data.redis.test.util.MinimumRedisVersionRule" type="java.lang.NoClassDefFoundError"><![CDATA[java.lang.NoClassDefFoundError: Could not initialize class org.springframework.data.redis.test.util.MinimumRedisVersionRule
	at org.springframework.data.redis.support.collections.RedisZSetTests.<init>(RedisZSetTests.java:38)
]]></error>
  </testcase>
  <testcase name="testLast[3]" classname="org.springframework.data.redis.support.collections.RedisZSetTests" time="0">
    <error message="Could not initialize class org.springframework.data.redis.test.util.MinimumRedisVersionRule" type="java.lang.NoClassDefFoundError"><![CDATA[java.lang.NoClassDefFoundError: Could not initialize class org.springframework.data.redis.test.util.MinimumRedisVersionRule
	at org.springframework.data.redis.support.collections.RedisZSetTests.<init>(RedisZSetTests.java:38)
]]></error>
  </testcase>
  <testcase name="testRank[3]" classname="org.springframework.data.redis.support.collections.RedisZSetTests" time="0">
    <error message="Could not initialize class org.springframework.data.redis.test.util.MinimumRedisVersionRule" type="java.lang.NoClassDefFoundError"><![CDATA[java.lang.NoClassDefFoundError: Could not initialize class org.springframework.data.redis.test.util.MinimumRedisVersionRule
	at org.springframework.data.redis.support.collections.RedisZSetTests.<init>(RedisZSetTests.java:38)
]]></error>
  </testcase>
  <testcase name="testRemoveByScore[3]" classname="org.springframework.data.redis.support.collections.RedisZSetTests" time="0">
    <error message="Could not initialize class org.springframework.data.redis.test.util.MinimumRedisVersionRule" type="java.lang.NoClassDefFoundError"><![CDATA[java.lang.NoClassDefFoundError: Could not initialize class org.springframework.data.redis.test.util.MinimumRedisVersionRule
	at org.springframework.data.redis.support.collections.RedisZSetTests.<init>(RedisZSetTests.java:38)
]]></error>
  </testcase>
  <testcase name="testRangeWithScores[3]" classname="org.springframework.data.redis.support.collections.RedisZSetTests" time="0.001">
    <error message="Could not initialize class org.springframework.data.redis.test.util.MinimumRedisVersionRule" type="java.lang.NoClassDefFoundError"><![CDATA[java.lang.NoClassDefFoundError: Could not initialize class org.springframework.data.redis.test.util.MinimumRedisVersionRule
	at org.springframework.data.redis.support.collections.RedisZSetTests.<init>(RedisZSetTests.java:38)
]]></error>
  </testcase>
  <testcase name="testRangeByLexUnbounded[3]" classname="org.springframework.data.redis.support.collections.RedisZSetTests" time="0">
    <error message="Could not initialize class org.springframework.data.redis.test.util.MinimumRedisVersionRule" type="java.lang.NoClassDefFoundError"><![CDATA[java.lang.NoClassDefFoundError: Could not initialize class org.springframework.data.redis.test.util.MinimumRedisVersionRule
	at org.springframework.data.redis.support.collections.RedisZSetTests.<init>(RedisZSetTests.java:38)
]]></error>
  </testcase>
  <testcase name="testRangeByLexBounded[3]" classname="org.springframework.data.redis.support.collections.RedisZSetTests" time="0">
    <error message="Could not initialize class org.springframework.data.redis.test.util.MinimumRedisVersionRule" type="java.lang.NoClassDefFoundError"><![CDATA[java.lang.NoClassDefFoundError: Could not initialize class org.springframework.data.redis.test.util.MinimumRedisVersionRule
	at org.springframework.data.redis.support.collections.RedisZSetTests.<init>(RedisZSetTests.java:38)
]]></error>
  </testcase>
  <testcase name="testScanWorksCorrectly[3]" classname="org.springframework.data.redis.support.collections.RedisZSetTests" time="0">
    <error message="Could not initialize class org.springframework.data.redis.test.util.MinimumRedisVersionRule" type="java.lang.NoClassDefFoundError"><![CDATA[java.lang.NoClassDefFoundError: Could not initialize class org.springframework.data.redis.test.util.MinimumRedisVersionRule
	at org.springframework.data.redis.support.collections.RedisZSetTests.<init>(RedisZSetTests.java:38)
]]></error>
  </testcase>
  <testcase name="testRangeByScoreWithScores[3]" classname="org.springframework.data.redis.support.collections.RedisZSetTests" time="0">
    <error message="Could not initialize class org.springframework.data.redis.test.util.MinimumRedisVersionRule" type="java.lang.NoClassDefFoundError"><![CDATA[java.lang.NoClassDefFoundError: Could not initialize class org.springframework.data.redis.test.util.MinimumRedisVersionRule
	at org.springframework.data.redis.support.collections.RedisZSetTests.<init>(RedisZSetTests.java:38)
]]></error>
  </testcase>
  <testcase name="testDefaultScore[3]" classname="org.springframework.data.redis.support.collections.RedisZSetTests" time="0.001">
    <error message="Could not initialize class org.springframework.data.redis.test.util.MinimumRedisVersionRule" type="java.lang.NoClassDefFoundError"><![CDATA[java.lang.NoClassDefFoundError: Could not initialize class org.springframework.data.redis.test.util.MinimumRedisVersionRule
	at org.springframework.data.redis.support.collections.RedisZSetTests.<init>(RedisZSetTests.java:38)
]]></error>
  </testcase>
  <testcase name="testRangeByScore[3]" classname="org.springframework.data.redis.support.collections.RedisZSetTests" time="0">
    <error message="Could not initialize class org.springframework.data.redis.test.util.MinimumRedisVersionRule" type="java.lang.NoClassDefFoundError"><![CDATA[java.lang.NoClassDefFoundError: Could not initialize class org.springframework.data.redis.test.util.MinimumRedisVersionRule
	at org.springframework.data.redis.support.collections.RedisZSetTests.<init>(RedisZSetTests.java:38)
]]></error>
  </testcase>
  <testcase name="testIntersectAndStore[3]" classname="org.springframework.data.redis.support.collections.RedisZSetTests" time="0">
    <error message="Could not initialize class org.springframework.data.redis.test.util.MinimumRedisVersionRule" type="java.lang.NoClassDefFoundError"><![CDATA[java.lang.NoClassDefFoundError: Could not initialize class org.springframework.data.redis.test.util.MinimumRedisVersionRule
	at org.springframework.data.redis.support.collections.RedisZSetTests.<init>(RedisZSetTests.java:38)
]]></error>
  </testcase>
  <testcase name="testReverseRank[3]" classname="org.springframework.data.redis.support.collections.RedisZSetTests" time="0">
    <error message="Could not initialize class org.springframework.data.redis.test.util.MinimumRedisVersionRule" type="java.lang.NoClassDefFoundError"><![CDATA[java.lang.NoClassDefFoundError: Could not initialize class org.springframework.data.redis.test.util.MinimumRedisVersionRule
	at org.springframework.data.redis.support.collections.RedisZSetTests.<init>(RedisZSetTests.java:38)
]]></error>
  </testcase>
  <testcase name="testReverseRangeWithScores[3]" classname="org.springframework.data.redis.support.collections.RedisZSetTests" time="0">
    <error message="Could not initialize class org.springframework.data.redis.test.util.MinimumRedisVersionRule" type="java.lang.NoClassDefFoundError"><![CDATA[java.lang.NoClassDefFoundError: Could not initialize class org.springframework.data.redis.test.util.MinimumRedisVersionRule
	at org.springframework.data.redis.support.collections.RedisZSetTests.<init>(RedisZSetTests.java:38)
]]></error>
  </testcase>
  <testcase name="testReverseRange[3]" classname="org.springframework.data.redis.support.collections.RedisZSetTests" time="0.001">
    <error message="Could not initialize class org.springframework.data.redis.test.util.MinimumRedisVersionRule" type="java.lang.NoClassDefFoundError"><![CDATA[java.lang.NoClassDefFoundError: Could not initialize class org.springframework.data.redis.test.util.MinimumRedisVersionRule
	at org.springframework.data.redis.support.collections.RedisZSetTests.<init>(RedisZSetTests.java:38)
]]></error>
  </testcase>
  <testcase name="testUnionAndStore[3]" classname="org.springframework.data.redis.support.collections.RedisZSetTests" time="0">
    <error message="Could not initialize class org.springframework.data.redis.test.util.MinimumRedisVersionRule" type="java.lang.NoClassDefFoundError"><![CDATA[java.lang.NoClassDefFoundError: Could not initialize class org.springframework.data.redis.test.util.MinimumRedisVersionRule
	at org.springframework.data.redis.support.collections.RedisZSetTests.<init>(RedisZSetTests.java:38)
]]></error>
  </testcase>
  <testcase name="testRangeByLexUnboundedWithLimit[3]" classname="org.springframework.data.redis.support.collections.RedisZSetTests" time="0">
    <error message="Could not initialize class org.springframework.data.redis.test.util.MinimumRedisVersionRule" type="java.lang.NoClassDefFoundError"><![CDATA[java.lang.NoClassDefFoundError: Could not initialize class org.springframework.data.redis.test.util.MinimumRedisVersionRule
	at org.springframework.data.redis.support.collections.RedisZSetTests.<init>(RedisZSetTests.java:38)
]]></error>
  </testcase>
  <testcase name="testReverseRangeByScoreWithScores[3]" classname="org.springframework.data.redis.support.collections.RedisZSetTests" time="0">
    <error message="Could not initialize class org.springframework.data.redis.test.util.MinimumRedisVersionRule" type="java.lang.NoClassDefFoundError"><![CDATA[java.lang.NoClassDefFoundError: Could not initialize class org.springframework.data.redis.test.util.MinimumRedisVersionRule
	at org.springframework.data.redis.support.collections.RedisZSetTests.<init>(RedisZSetTests.java:38)
]]></error>
  </testcase>
  <testcase name="testToArrayWithGenerics[3]" classname="org.springframework.data.redis.support.collections.RedisZSetTests" time="0">
    <error message="Could not initialize class org.springframework.data.redis.test.util.MinimumRedisVersionRule" type="java.lang.NoClassDefFoundError"><![CDATA[java.lang.NoClassDefFoundError: Could not initialize class org.springframework.data.redis.test.util.MinimumRedisVersionRule
	at org.springframework.data.redis.support.collections.RedisZSetTests.<init>(RedisZSetTests.java:38)
]]></error>
  </testcase>
  <testcase name="testFirstException[3]" classname="org.springframework.data.redis.support.collections.RedisZSetTests" time="0">
    <error message="Could not initialize class org.springframework.data.redis.test.util.MinimumRedisVersionRule" type="java.lang.NoClassDefFoundError"><![CDATA[java.lang.NoClassDefFoundError: Could not initialize class org.springframework.data.redis.test.util.MinimumRedisVersionRule
	at org.springframework.data.redis.support.collections.RedisZSetTests.<init>(RedisZSetTests.java:38)
]]></error>
  </testcase>
  <testcase name="testLastException[3]" classname="org.springframework.data.redis.support.collections.RedisZSetTests" time="0">
    <error message="Could not initialize class org.springframework.data.redis.test.util.MinimumRedisVersionRule" type="java.lang.NoClassDefFoundError"><![CDATA[java.lang.NoClassDefFoundError: Could not initialize class org.springframework.data.redis.test.util.MinimumRedisVersionRule
	at org.springframework.data.redis.support.collections.RedisZSetTests.<init>(RedisZSetTests.java:38)
]]></error>
  </testcase>
  <testcase name="testRemove[3]" classname="org.springframework.data.redis.support.collections.RedisZSetTests" time="0">
    <error message="Could not initialize class org.springframework.data.redis.test.util.MinimumRedisVersionRule" type="java.lang.NoClassDefFoundError"><![CDATA[java.lang.NoClassDefFoundError: Could not initialize class org.springframework.data.redis.test.util.MinimumRedisVersionRule
	at org.springframework.data.redis.support.collections.RedisZSetTests.<init>(RedisZSetTests.java:38)
]]></error>
  </testcase>
  <testcase name="testAddWithScore[3]" classname="org.springframework.data.redis.support.collections.RedisZSetTests" time="0">
    <error message="Could not initialize class org.springframework.data.redis.test.util.MinimumRedisVersionRule" type="java.lang.NoClassDefFoundError"><![CDATA[java.lang.NoClassDefFoundError: Could not initialize class org.springframework.data.redis.test.util.MinimumRedisVersionRule
	at org.springframework.data.redis.support.collections.RedisZSetTests.<init>(RedisZSetTests.java:38)
]]></error>
  </testcase>
  <testcase name="testIterator[3]" classname="org.springframework.data.redis.support.collections.RedisZSetTests" time="0">
    <error message="Could not initialize class org.springframework.data.redis.test.util.MinimumRedisVersionRule" type="java.lang.NoClassDefFoundError"><![CDATA[java.lang.NoClassDefFoundError: Could not initialize class org.springframework.data.redis.test.util.MinimumRedisVersionRule
	at org.springframework.data.redis.support.collections.RedisZSetTests.<init>(RedisZSetTests.java:38)
]]></error>
  </testcase>
  <testcase name="testReverseRangeByScore[3]" classname="org.springframework.data.redis.support.collections.RedisZSetTests" time="0">
    <error message="Could not initialize class org.springframework.data.redis.test.util.MinimumRedisVersionRule" type="java.lang.NoClassDefFoundError"><![CDATA[java.lang.NoClassDefFoundError: Could not initialize class org.springframework.data.redis.test.util.MinimumRedisVersionRule
	at org.springframework.data.redis.support.collections.RedisZSetTests.<init>(RedisZSetTests.java:38)
]]></error>
  </testcase>
  <testcase name="testRangeByLexBoundedWithLimit[3]" classname="org.springframework.data.redis.support.collections.RedisZSetTests" time="0">
    <error message="Could not initialize class org.springframework.data.redis.test.util.MinimumRedisVersionRule" type="java.lang.NoClassDefFoundError"><![CDATA[java.lang.NoClassDefFoundError: Could not initialize class org.springframework.data.redis.test.util.MinimumRedisVersionRule
	at org.springframework.data.redis.support.collections.RedisZSetTests.<init>(RedisZSetTests.java:38)
]]></error>
  </testcase>
  <testcase name="testContainsObject[3]" classname="org.springframework.data.redis.support.collections.RedisZSetTests" time="0">
    <error message="Could not initialize class org.springframework.data.redis.test.util.MinimumRedisVersionRule" type="java.lang.NoClassDefFoundError"><![CDATA[java.lang.NoClassDefFoundError: Could not initialize class org.springframework.data.redis.test.util.MinimumRedisVersionRule
	at org.springframework.data.redis.support.collections.RedisZSetTests.<init>(RedisZSetTests.java:38)
]]></error>
  </testcase>
  <testcase name="testClear[3]" classname="org.springframework.data.redis.support.collections.RedisZSetTests" time="0">
    <error message="Could not initialize class org.springframework.data.redis.test.util.MinimumRedisVersionRule" type="java.lang.NoClassDefFoundError"><![CDATA[java.lang.NoClassDefFoundError: Could not initialize class org.springframework.data.redis.test.util.MinimumRedisVersionRule
	at org.springframework.data.redis.support.collections.RedisZSetTests.<init>(RedisZSetTests.java:38)
]]></error>
  </testcase>
  <testcase name="testSize[3]" classname="org.springframework.data.redis.support.collections.RedisZSetTests" time="0">
    <error message="Could not initialize class org.springframework.data.redis.test.util.MinimumRedisVersionRule" type="java.lang.NoClassDefFoundError"><![CDATA[java.lang.NoClassDefFoundError: Could not initialize class org.springframework.data.redis.test.util.MinimumRedisVersionRule
	at org.springframework.data.redis.support.collections.RedisZSetTests.<init>(RedisZSetTests.java:38)
]]></error>
  </testcase>
  <testcase name="testToString[3]" classname="org.springframework.data.redis.support.collections.RedisZSetTests" time="0.001">
    <error message="Could not initialize class org.springframework.data.redis.test.util.MinimumRedisVersionRule" type="java.lang.NoClassDefFoundError"><![CDATA[java.lang.NoClassDefFoundError: Could not initialize class org.springframework.data.redis.test.util.MinimumRedisVersionRule
	at org.springframework.data.redis.support.collections.RedisZSetTests.<init>(RedisZSetTests.java:38)
]]></error>
  </testcase>
  <testcase name="testContainsAll[3]" classname="org.springframework.data.redis.support.collections.RedisZSetTests" time="0">
    <error message="Could not initialize class org.springframework.data.redis.test.util.MinimumRedisVersionRule" type="java.lang.NoClassDefFoundError"><![CDATA[java.lang.NoClassDefFoundError: Could not initialize class org.springframework.data.redis.test.util.MinimumRedisVersionRule
	at org.springframework.data.redis.support.collections.RedisZSetTests.<init>(RedisZSetTests.java:38)
]]></error>
  </testcase>
  <testcase name="testRemoveObject[3]" classname="org.springframework.data.redis.support.collections.RedisZSetTests" time="0">
    <error message="Could not initialize class org.springframework.data.redis.test.util.MinimumRedisVersionRule" type="java.lang.NoClassDefFoundError"><![CDATA[java.lang.NoClassDefFoundError: Could not initialize class org.springframework.data.redis.test.util.MinimumRedisVersionRule
	at org.springframework.data.redis.support.collections.RedisZSetTests.<init>(RedisZSetTests.java:38)
]]></error>
  </testcase>
  <testcase name="testHashCode[3]" classname="org.springframework.data.redis.support.collections.RedisZSetTests" time="0">
    <error message="Could not initialize class org.springframework.data.redis.test.util.MinimumRedisVersionRule" type="java.lang.NoClassDefFoundError"><![CDATA[java.lang.NoClassDefFoundError: Could not initialize class org.springframework.data.redis.test.util.MinimumRedisVersionRule
	at org.springframework.data.redis.support.collections.RedisZSetTests.<init>(RedisZSetTests.java:38)
]]></error>
  </testcase>
  <testcase name="testAddAll[3]" classname="org.springframework.data.redis.support.collections.RedisZSetTests" time="0">
    <error message="Could not initialize class org.springframework.data.redis.test.util.MinimumRedisVersionRule" type="java.lang.NoClassDefFoundError"><![CDATA[java.lang.NoClassDefFoundError: Could not initialize class org.springframework.data.redis.test.util.MinimumRedisVersionRule
	at org.springframework.data.redis.support.collections.RedisZSetTests.<init>(RedisZSetTests.java:38)
]]></error>
  </testcase>
  <testcase name="removeAll[3]" classname="org.springframework.data.redis.support.collections.RedisZSetTests" time="0">
    <error message="Could not initialize class org.springframework.data.redis.test.util.MinimumRedisVersionRule" type="java.lang.NoClassDefFoundError"><![CDATA[java.lang.NoClassDefFoundError: Could not initialize class org.springframework.data.redis.test.util.MinimumRedisVersionRule
	at org.springframework.data.redis.support.collections.RedisZSetTests.<init>(RedisZSetTests.java:38)
]]></error>
  </testcase>
  <testcase name="testEquals[3]" classname="org.springframework.data.redis.support.collections.RedisZSetTests" time="0">
    <error message="Could not initialize class org.springframework.data.redis.test.util.MinimumRedisVersionRule" type="java.lang.NoClassDefFoundError"><![CDATA[java.lang.NoClassDefFoundError: Could not initialize class org.springframework.data.redis.test.util.MinimumRedisVersionRule
	at org.springframework.data.redis.support.collections.RedisZSetTests.<init>(RedisZSetTests.java:38)
]]></error>
  </testcase>
  <testcase name="testGetKey[3]" classname="org.springframework.data.redis.support.collections.RedisZSetTests" time="0">
    <error message="Could not initialize class org.springframework.data.redis.test.util.MinimumRedisVersionRule" type="java.lang.NoClassDefFoundError"><![CDATA[java.lang.NoClassDefFoundError: Could not initialize class org.springframework.data.redis.test.util.MinimumRedisVersionRule
	at org.springframework.data.redis.support.collections.RedisZSetTests.<init>(RedisZSetTests.java:38)
]]></error>
  </testcase>
  <testcase name="testIsEmpty[3]" classname="org.springframework.data.redis.support.collections.RedisZSetTests" time="0">
    <error message="Could not initialize class org.springframework.data.redis.test.util.MinimumRedisVersionRule" type="java.lang.NoClassDefFoundError"><![CDATA[java.lang.NoClassDefFoundError: Could not initialize class org.springframework.data.redis.test.util.MinimumRedisVersionRule
	at org.springframework.data.redis.support.collections.RedisZSetTests.<init>(RedisZSetTests.java:38)
]]></error>
  </testcase>
  <testcase name="testToArray[4]" classname="org.springframework.data.redis.support.collections.RedisZSetTests" time="0.001">
    <error message="Could not initialize class org.springframework.data.redis.test.util.MinimumRedisVersionRule" type="java.lang.NoClassDefFoundError"><![CDATA[java.lang.NoClassDefFoundError: Could not initialize class org.springframework.data.redis.test.util.MinimumRedisVersionRule
	at org.springframework.data.redis.support.collections.RedisZSetTests.<init>(RedisZSetTests.java:38)
]]></error>
  </testcase>
  <testcase name="testAdd[4]" classname="org.springframework.data.redis.support.collections.RedisZSetTests" time="0">
    <error message="Could not initialize class org.springframework.data.redis.test.util.MinimumRedisVersionRule" type="java.lang.NoClassDefFoundError"><![CDATA[java.lang.NoClassDefFoundError: Could not initialize class org.springframework.data.redis.test.util.MinimumRedisVersionRule
	at org.springframework.data.redis.support.collections.RedisZSetTests.<init>(RedisZSetTests.java:38)
]]></error>
  </testcase>
  <testcase name="testFirst[4]" classname="org.springframework.data.redis.support.collections.RedisZSetTests" time="0">
    <error message="Could not initialize class org.springframework.data.redis.test.util.MinimumRedisVersionRule" type="java.lang.NoClassDefFoundError"><![CDATA[java.lang.NoClassDefFoundError: Could not initialize class org.springframework.data.redis.test.util.MinimumRedisVersionRule
	at org.springframework.data.redis.support.collections.RedisZSetTests.<init>(RedisZSetTests.java:38)
]]></error>
  </testcase>
  <testcase name="testRange[4]" classname="org.springframework.data.redis.support.collections.RedisZSetTests" time="0">
    <error message="Could not initialize class org.springframework.data.redis.test.util.MinimumRedisVersionRule" type="java.lang.NoClassDefFoundError"><![CDATA[java.lang.NoClassDefFoundError: Could not initialize class org.springframework.data.redis.test.util.MinimumRedisVersionRule
	at org.springframework.data.redis.support.collections.RedisZSetTests.<init>(RedisZSetTests.java:38)
]]></error>
  </testcase>
  <testcase name="testScore[4]" classname="org.springframework.data.redis.support.collections.RedisZSetTests" time="0">
    <error message="Could not initialize class org.springframework.data.redis.test.util.MinimumRedisVersionRule" type="java.lang.NoClassDefFoundError"><![CDATA[java.lang.NoClassDefFoundError: Could not initialize class org.springframework.data.redis.test.util.MinimumRedisVersionRule
	at org.springframework.data.redis.support.collections.RedisZSetTests.<init>(RedisZSetTests.java:38)
]]></error>
  </testcase>
  <testcase name="testLast[4]" classname="org.springframework.data.redis.support.collections.RedisZSetTests" time="0">
    <error message="Could not initialize class org.springframework.data.redis.test.util.MinimumRedisVersionRule" type="java.lang.NoClassDefFoundError"><![CDATA[java.lang.NoClassDefFoundError: Could not initialize class org.springframework.data.redis.test.util.MinimumRedisVersionRule
	at org.springframework.data.redis.support.collections.RedisZSetTests.<init>(RedisZSetTests.java:38)
]]></error>
  </testcase>
  <testcase name="testRank[4]" classname="org.springframework.data.redis.support.collections.RedisZSetTests" time="0">
    <error message="Could not initialize class org.springframework.data.redis.test.util.MinimumRedisVersionRule" type="java.lang.NoClassDefFoundError"><![CDATA[java.lang.NoClassDefFoundError: Could not initialize class org.springframework.data.redis.test.util.MinimumRedisVersionRule
	at org.springframework.data.redis.support.collections.RedisZSetTests.<init>(RedisZSetTests.java:38)
]]></error>
  </testcase>
  <testcase name="testRemoveByScore[4]" classname="org.springframework.data.redis.support.collections.RedisZSetTests" time="0">
    <error message="Could not initialize class org.springframework.data.redis.test.util.MinimumRedisVersionRule" type="java.lang.NoClassDefFoundError"><![CDATA[java.lang.NoClassDefFoundError: Could not initialize class org.springframework.data.redis.test.util.MinimumRedisVersionRule
	at org.springframework.data.redis.support.collections.RedisZSetTests.<init>(RedisZSetTests.java:38)
]]></error>
  </testcase>
  <testcase name="testRangeWithScores[4]" classname="org.springframework.data.redis.support.collections.RedisZSetTests" time="0">
    <error message="Could not initialize class org.springframework.data.redis.test.util.MinimumRedisVersionRule" type="java.lang.NoClassDefFoundError"><![CDATA[java.lang.NoClassDefFoundError: Could not initialize class org.springframework.data.redis.test.util.MinimumRedisVersionRule
	at org.springframework.data.redis.support.collections.RedisZSetTests.<init>(RedisZSetTests.java:38)
]]></error>
  </testcase>
  <testcase name="testRangeByLexUnbounded[4]" classname="org.springframework.data.redis.support.collections.RedisZSetTests" time="0">
    <error message="Could not initialize class org.springframework.data.redis.test.util.MinimumRedisVersionRule" type="java.lang.NoClassDefFoundError"><![CDATA[java.lang.NoClassDefFoundError: Could not initialize class org.springframework.data.redis.test.util.MinimumRedisVersionRule
	at org.springframework.data.redis.support.collections.RedisZSetTests.<init>(RedisZSetTests.java:38)
]]></error>
  </testcase>
  <testcase name="testRangeByLexBounded[4]" classname="org.springframework.data.redis.support.collections.RedisZSetTests" time="0.001">
    <error message="Could not initialize class org.springframework.data.redis.test.util.MinimumRedisVersionRule" type="java.lang.NoClassDefFoundError"><![CDATA[java.lang.NoClassDefFoundError: Could not initialize class org.springframework.data.redis.test.util.MinimumRedisVersionRule
	at org.springframework.data.redis.support.collections.RedisZSetTests.<init>(RedisZSetTests.java:38)
]]></error>
  </testcase>
  <testcase name="testScanWorksCorrectly[4]" classname="org.springframework.data.redis.support.collections.RedisZSetTests" time="0">
    <error message="Could not initialize class org.springframework.data.redis.test.util.MinimumRedisVersionRule" type="java.lang.NoClassDefFoundError"><![CDATA[java.lang.NoClassDefFoundError: Could not initialize class org.springframework.data.redis.test.util.MinimumRedisVersionRule
	at org.springframework.data.redis.support.collections.RedisZSetTests.<init>(RedisZSetTests.java:38)
]]></error>
  </testcase>
  <testcase name="testRangeByScoreWithScores[4]" classname="org.springframework.data.redis.support.collections.RedisZSetTests" time="0">
    <error message="Could not initialize class org.springframework.data.redis.test.util.MinimumRedisVersionRule" type="java.lang.NoClassDefFoundError"><![CDATA[java.lang.NoClassDefFoundError: Could not initialize class org.springframework.data.redis.test.util.MinimumRedisVersionRule
	at org.springframework.data.redis.support.collections.RedisZSetTests.<init>(RedisZSetTests.java:38)
]]></error>
  </testcase>
  <testcase name="testDefaultScore[4]" classname="org.springframework.data.redis.support.collections.RedisZSetTests" time="0">
    <error message="Could not initialize class org.springframework.data.redis.test.util.MinimumRedisVersionRule" type="java.lang.NoClassDefFoundError"><![CDATA[java.lang.NoClassDefFoundError: Could not initialize class org.springframework.data.redis.test.util.MinimumRedisVersionRule
	at org.springframework.data.redis.support.collections.RedisZSetTests.<init>(RedisZSetTests.java:38)
]]></error>
  </testcase>
  <testcase name="testRangeByScore[4]" classname="org.springframework.data.redis.support.collections.RedisZSetTests" time="0">
    <error message="Could not initialize class org.springframework.data.redis.test.util.MinimumRedisVersionRule" type="java.lang.NoClassDefFoundError"><![CDATA[java.lang.NoClassDefFoundError: Could not initialize class org.springframework.data.redis.test.util.MinimumRedisVersionRule
	at org.springframework.data.redis.support.collections.RedisZSetTests.<init>(RedisZSetTests.java:38)
]]></error>
  </testcase>
  <testcase name="testIntersectAndStore[4]" classname="org.springframework.data.redis.support.collections.RedisZSetTests" time="0.001">
    <error message="Could not initialize class org.springframework.data.redis.test.util.MinimumRedisVersionRule" type="java.lang.NoClassDefFoundError"><![CDATA[java.lang.NoClassDefFoundError: Could not initialize class org.springframework.data.redis.test.util.MinimumRedisVersionRule
	at org.springframework.data.redis.support.collections.RedisZSetTests.<init>(RedisZSetTests.java:38)
]]></error>
  </testcase>
  <testcase name="testReverseRank[4]" classname="org.springframework.data.redis.support.collections.RedisZSetTests" time="0">
    <error message="Could not initialize class org.springframework.data.redis.test.util.MinimumRedisVersionRule" type="java.lang.NoClassDefFoundError"><![CDATA[java.lang.NoClassDefFoundError: Could not initialize class org.springframework.data.redis.test.util.MinimumRedisVersionRule
	at org.springframework.data.redis.support.collections.RedisZSetTests.<init>(RedisZSetTests.java:38)
]]></error>
  </testcase>
  <testcase name="testReverseRangeWithScores[4]" classname="org.springframework.data.redis.support.collections.RedisZSetTests" time="0">
    <error message="Could not initialize class org.springframework.data.redis.test.util.MinimumRedisVersionRule" type="java.lang.NoClassDefFoundError"><![CDATA[java.lang.NoClassDefFoundError: Could not initialize class org.springframework.data.redis.test.util.MinimumRedisVersionRule
	at org.springframework.data.redis.support.collections.RedisZSetTests.<init>(RedisZSetTests.java:38)
]]></error>
  </testcase>
  <testcase name="testReverseRange[4]" classname="org.springframework.data.redis.support.collections.RedisZSetTests" time="0">
    <error message="Could not initialize class org.springframework.data.redis.test.util.MinimumRedisVersionRule" type="java.lang.NoClassDefFoundError"><![CDATA[java.lang.NoClassDefFoundError: Could not initialize class org.springframework.data.redis.test.util.MinimumRedisVersionRule
	at org.springframework.data.redis.support.collections.RedisZSetTests.<init>(RedisZSetTests.java:38)
]]></error>
  </testcase>
  <testcase name="testUnionAndStore[4]" classname="org.springframework.data.redis.support.collections.RedisZSetTests" time="0">
    <error message="Could not initialize class org.springframework.data.redis.test.util.MinimumRedisVersionRule" type="java.lang.NoClassDefFoundError"><![CDATA[java.lang.NoClassDefFoundError: Could not initialize class org.springframework.data.redis.test.util.MinimumRedisVersionRule
	at org.springframework.data.redis.support.collections.RedisZSetTests.<init>(RedisZSetTests.java:38)
]]></error>
  </testcase>
  <testcase name="testRangeByLexUnboundedWithLimit[4]" classname="org.springframework.data.redis.support.collections.RedisZSetTests" time="0.001">
    <error message="Could not initialize class org.springframework.data.redis.test.util.MinimumRedisVersionRule" type="java.lang.NoClassDefFoundError"><![CDATA[java.lang.NoClassDefFoundError: Could not initialize class org.springframework.data.redis.test.util.MinimumRedisVersionRule
	at org.springframework.data.redis.support.collections.RedisZSetTests.<init>(RedisZSetTests.java:38)
]]></error>
  </testcase>
  <testcase name="testReverseRangeByScoreWithScores[4]" classname="org.springframework.data.redis.support.collections.RedisZSetTests" time="0">
    <error message="Could not initialize class org.springframework.data.redis.test.util.MinimumRedisVersionRule" type="java.lang.NoClassDefFoundError"><![CDATA[java.lang.NoClassDefFoundError: Could not initialize class org.springframework.data.redis.test.util.MinimumRedisVersionRule
	at org.springframework.data.redis.support.collections.RedisZSetTests.<init>(RedisZSetTests.java:38)
]]></error>
  </testcase>
  <testcase name="testToArrayWithGenerics[4]" classname="org.springframework.data.redis.support.collections.RedisZSetTests" time="0">
    <error message="Could not initialize class org.springframework.data.redis.test.util.MinimumRedisVersionRule" type="java.lang.NoClassDefFoundError"><![CDATA[java.lang.NoClassDefFoundError: Could not initialize class org.springframework.data.redis.test.util.MinimumRedisVersionRule
	at org.springframework.data.redis.support.collections.RedisZSetTests.<init>(RedisZSetTests.java:38)
]]></error>
  </testcase>
  <testcase name="testFirstException[4]" classname="org.springframework.data.redis.support.collections.RedisZSetTests" time="0">
    <error message="Could not initialize class org.springframework.data.redis.test.util.MinimumRedisVersionRule" type="java.lang.NoClassDefFoundError"><![CDATA[java.lang.NoClassDefFoundError: Could not initialize class org.springframework.data.redis.test.util.MinimumRedisVersionRule
	at org.springframework.data.redis.support.collections.RedisZSetTests.<init>(RedisZSetTests.java:38)
]]></error>
  </testcase>
  <testcase name="testLastException[4]" classname="org.springframework.data.redis.support.collections.RedisZSetTests" time="0">
    <error message="Could not initialize class org.springframework.data.redis.test.util.MinimumRedisVersionRule" type="java.lang.NoClassDefFoundError"><![CDATA[java.lang.NoClassDefFoundError: Could not initialize class org.springframework.data.redis.test.util.MinimumRedisVersionRule
	at org.springframework.data.redis.support.collections.RedisZSetTests.<init>(RedisZSetTests.java:38)
]]></error>
  </testcase>
  <testcase name="testRemove[4]" classname="org.springframework.data.redis.support.collections.RedisZSetTests" time="0">
    <error message="Could not initialize class org.springframework.data.redis.test.util.MinimumRedisVersionRule" type="java.lang.NoClassDefFoundError"><![CDATA[java.lang.NoClassDefFoundError: Could not initialize class org.springframework.data.redis.test.util.MinimumRedisVersionRule
	at org.springframework.data.redis.support.collections.RedisZSetTests.<init>(RedisZSetTests.java:38)
]]></error>
  </testcase>
  <testcase name="testAddWithScore[4]" classname="org.springframework.data.redis.support.collections.RedisZSetTests" time="0">
    <error message="Could not initialize class org.springframework.data.redis.test.util.MinimumRedisVersionRule" type="java.lang.NoClassDefFoundError"><![CDATA[java.lang.NoClassDefFoundError: Could not initialize class org.springframework.data.redis.test.util.MinimumRedisVersionRule
	at org.springframework.data.redis.support.collections.RedisZSetTests.<init>(RedisZSetTests.java:38)
]]></error>
  </testcase>
  <testcase name="testIterator[4]" classname="org.springframework.data.redis.support.collections.RedisZSetTests" time="0">
    <error message="Could not initialize class org.springframework.data.redis.test.util.MinimumRedisVersionRule" type="java.lang.NoClassDefFoundError"><![CDATA[java.lang.NoClassDefFoundError: Could not initialize class org.springframework.data.redis.test.util.MinimumRedisVersionRule
	at org.springframework.data.redis.support.collections.RedisZSetTests.<init>(RedisZSetTests.java:38)
]]></error>
  </testcase>
  <testcase name="testReverseRangeByScore[4]" classname="org.springframework.data.redis.support.collections.RedisZSetTests" time="0">
    <error message="Could not initialize class org.springframework.data.redis.test.util.MinimumRedisVersionRule" type="java.lang.NoClassDefFoundError"><![CDATA[java.lang.NoClassDefFoundError: Could not initialize class org.springframework.data.redis.test.util.MinimumRedisVersionRule
	at org.springframework.data.redis.support.collections.RedisZSetTests.<init>(RedisZSetTests.java:38)
]]></error>
  </testcase>
  <testcase name="testRangeByLexBoundedWithLimit[4]" classname="org.springframework.data.redis.support.collections.RedisZSetTests" time="0">
    <error message="Could not initialize class org.springframework.data.redis.test.util.MinimumRedisVersionRule" type="java.lang.NoClassDefFoundError"><![CDATA[java.lang.NoClassDefFoundError: Could not initialize class org.springframework.data.redis.test.util.MinimumRedisVersionRule
	at org.springframework.data.redis.support.collections.RedisZSetTests.<init>(RedisZSetTests.java:38)
]]></error>
  </testcase>
  <testcase name="testContainsObject[4]" classname="org.springframework.data.redis.support.collections.RedisZSetTests" time="0">
    <error message="Could not initialize class org.springframework.data.redis.test.util.MinimumRedisVersionRule" type="java.lang.NoClassDefFoundError"><![CDATA[java.lang.NoClassDefFoundError: Could not initialize class org.springframework.data.redis.test.util.MinimumRedisVersionRule
	at org.springframework.data.redis.support.collections.RedisZSetTests.<init>(RedisZSetTests.java:38)
]]></error>
  </testcase>
  <testcase name="testClear[4]" classname="org.springframework.data.redis.support.collections.RedisZSetTests" time="0.001">
    <error message="Could not initialize class org.springframework.data.redis.test.util.MinimumRedisVersionRule" type="java.lang.NoClassDefFoundError"><![CDATA[java.lang.NoClassDefFoundError: Could not initialize class org.springframework.data.redis.test.util.MinimumRedisVersionRule
	at org.springframework.data.redis.support.collections.RedisZSetTests.<init>(RedisZSetTests.java:38)
]]></error>
  </testcase>
  <testcase name="testSize[4]" classname="org.springframework.data.redis.support.collections.RedisZSetTests" time="0">
    <error message="Could not initialize class org.springframework.data.redis.test.util.MinimumRedisVersionRule" type="java.lang.NoClassDefFoundError"><![CDATA[java.lang.NoClassDefFoundError: Could not initialize class org.springframework.data.redis.test.util.MinimumRedisVersionRule
	at org.springframework.data.redis.support.collections.RedisZSetTests.<init>(RedisZSetTests.java:38)
]]></error>
  </testcase>
  <testcase name="testToString[4]" classname="org.springframework.data.redis.support.collections.RedisZSetTests" time="0">
    <error message="Could not initialize class org.springframework.data.redis.test.util.MinimumRedisVersionRule" type="java.lang.NoClassDefFoundError"><![CDATA[java.lang.NoClassDefFoundError: Could not initialize class org.springframework.data.redis.test.util.MinimumRedisVersionRule
	at org.springframework.data.redis.support.collections.RedisZSetTests.<init>(RedisZSetTests.java:38)
]]></error>
  </testcase>
  <testcase name="testContainsAll[4]" classname="org.springframework.data.redis.support.collections.RedisZSetTests" time="0">
    <error message="Could not initialize class org.springframework.data.redis.test.util.MinimumRedisVersionRule" type="java.lang.NoClassDefFoundError"><![CDATA[java.lang.NoClassDefFoundError: Could not initialize class org.springframework.data.redis.test.util.MinimumRedisVersionRule
	at org.springframework.data.redis.support.collections.RedisZSetTests.<init>(RedisZSetTests.java:38)
]]></error>
  </testcase>
  <testcase name="testRemoveObject[4]" classname="org.springframework.data.redis.support.collections.RedisZSetTests" time="0">
    <error message="Could not initialize class org.springframework.data.redis.test.util.MinimumRedisVersionRule" type="java.lang.NoClassDefFoundError"><![CDATA[java.lang.NoClassDefFoundError: Could not initialize class org.springframework.data.redis.test.util.MinimumRedisVersionRule
	at org.springframework.data.redis.support.collections.RedisZSetTests.<init>(RedisZSetTests.java:38)
]]></error>
  </testcase>
  <testcase name="testHashCode[4]" classname="org.springframework.data.redis.support.collections.RedisZSetTests" time="0">
    <error message="Could not initialize class org.springframework.data.redis.test.util.MinimumRedisVersionRule" type="java.lang.NoClassDefFoundError"><![CDATA[java.lang.NoClassDefFoundError: Could not initialize class org.springframework.data.redis.test.util.MinimumRedisVersionRule
	at org.springframework.data.redis.support.collections.RedisZSetTests.<init>(RedisZSetTests.java:38)
]]></error>
  </testcase>
  <testcase name="testAddAll[4]" classname="org.springframework.data.redis.support.collections.RedisZSetTests" time="0">
    <error message="Could not initialize class org.springframework.data.redis.test.util.MinimumRedisVersionRule" type="java.lang.NoClassDefFoundError"><![CDATA[java.lang.NoClassDefFoundError: Could not initialize class org.springframework.data.redis.test.util.MinimumRedisVersionRule
	at org.springframework.data.redis.support.collections.RedisZSetTests.<init>(RedisZSetTests.java:38)
]]></error>
  </testcase>
  <testcase name="removeAll[4]" classname="org.springframework.data.redis.support.collections.RedisZSetTests" time="0">
    <error message="Could not initialize class org.springframework.data.redis.test.util.MinimumRedisVersionRule" type="java.lang.NoClassDefFoundError"><![CDATA[java.lang.NoClassDefFoundError: Could not initialize class org.springframework.data.redis.test.util.MinimumRedisVersionRule
	at org.springframework.data.redis.support.collections.RedisZSetTests.<init>(RedisZSetTests.java:38)
]]></error>
  </testcase>
  <testcase name="testEquals[4]" classname="org.springframework.data.redis.support.collections.RedisZSetTests" time="0">
    <error message="Could not initialize class org.springframework.data.redis.test.util.MinimumRedisVersionRule" type="java.lang.NoClassDefFoundError"><![CDATA[java.lang.NoClassDefFoundError: Could not initialize class org.springframework.data.redis.test.util.MinimumRedisVersionRule
	at org.springframework.data.redis.support.collections.RedisZSetTests.<init>(RedisZSetTests.java:38)
]]></error>
  </testcase>
  <testcase name="testGetKey[4]" classname="org.springframework.data.redis.support.collections.RedisZSetTests" time="0">
    <error message="Could not initialize class org.springframework.data.redis.test.util.MinimumRedisVersionRule" type="java.lang.NoClassDefFoundError"><![CDATA[java.lang.NoClassDefFoundError: Could not initialize class org.springframework.data.redis.test.util.MinimumRedisVersionRule
	at org.springframework.data.redis.support.collections.RedisZSetTests.<init>(RedisZSetTests.java:38)
]]></error>
  </testcase>
  <testcase name="testIsEmpty[4]" classname="org.springframework.data.redis.support.collections.RedisZSetTests" time="0.001">
    <error message="Could not initialize class org.springframework.data.redis.test.util.MinimumRedisVersionRule" type="java.lang.NoClassDefFoundError"><![CDATA[java.lang.NoClassDefFoundError: Could not initialize class org.springframework.data.redis.test.util.MinimumRedisVersionRule
	at org.springframework.data.redis.support.collections.RedisZSetTests.<init>(RedisZSetTests.java:38)
]]></error>
  </testcase>
  <testcase name="testToArray[5]" classname="org.springframework.data.redis.support.collections.RedisZSetTests" time="0">
    <error message="Could not initialize class org.springframework.data.redis.test.util.MinimumRedisVersionRule" type="java.lang.NoClassDefFoundError"><![CDATA[java.lang.NoClassDefFoundError: Could not initialize class org.springframework.data.redis.test.util.MinimumRedisVersionRule
	at org.springframework.data.redis.support.collections.RedisZSetTests.<init>(RedisZSetTests.java:38)
]]></error>
  </testcase>
  <testcase name="testAdd[5]" classname="org.springframework.data.redis.support.collections.RedisZSetTests" time="0">
    <error message="Could not initialize class org.springframework.data.redis.test.util.MinimumRedisVersionRule" type="java.lang.NoClassDefFoundError"><![CDATA[java.lang.NoClassDefFoundError: Could not initialize class org.springframework.data.redis.test.util.MinimumRedisVersionRule
	at org.springframework.data.redis.support.collections.RedisZSetTests.<init>(RedisZSetTests.java:38)
]]></error>
  </testcase>
  <testcase name="testFirst[5]" classname="org.springframework.data.redis.support.collections.RedisZSetTests" time="0">
    <error message="Could not initialize class org.springframework.data.redis.test.util.MinimumRedisVersionRule" type="java.lang.NoClassDefFoundError"><![CDATA[java.lang.NoClassDefFoundError: Could not initialize class org.springframework.data.redis.test.util.MinimumRedisVersionRule
	at org.springframework.data.redis.support.collections.RedisZSetTests.<init>(RedisZSetTests.java:38)
]]></error>
  </testcase>
  <testcase name="testRange[5]" classname="org.springframework.data.redis.support.collections.RedisZSetTests" time="0">
    <error message="Could not initialize class org.springframework.data.redis.test.util.MinimumRedisVersionRule" type="java.lang.NoClassDefFoundError"><![CDATA[java.lang.NoClassDefFoundError: Could not initialize class org.springframework.data.redis.test.util.MinimumRedisVersionRule
	at org.springframework.data.redis.support.collections.RedisZSetTests.<init>(RedisZSetTests.java:38)
]]></error>
  </testcase>
  <testcase name="testScore[5]" classname="org.springframework.data.redis.support.collections.RedisZSetTests" time="0.001">
    <error message="Could not initialize class org.springframework.data.redis.test.util.MinimumRedisVersionRule" type="java.lang.NoClassDefFoundError"><![CDATA[java.lang.NoClassDefFoundError: Could not initialize class org.springframework.data.redis.test.util.MinimumRedisVersionRule
	at org.springframework.data.redis.support.collections.RedisZSetTests.<init>(RedisZSetTests.java:38)
]]></error>
  </testcase>
  <testcase name="testLast[5]" classname="org.springframework.data.redis.support.collections.RedisZSetTests" time="0">
    <error message="Could not initialize class org.springframework.data.redis.test.util.MinimumRedisVersionRule" type="java.lang.NoClassDefFoundError"><![CDATA[java.lang.NoClassDefFoundError: Could not initialize class org.springframework.data.redis.test.util.MinimumRedisVersionRule
	at org.springframework.data.redis.support.collections.RedisZSetTests.<init>(RedisZSetTests.java:38)
]]></error>
  </testcase>
  <testcase name="testRank[5]" classname="org.springframework.data.redis.support.collections.RedisZSetTests" time="0">
    <error message="Could not initialize class org.springframework.data.redis.test.util.MinimumRedisVersionRule" type="java.lang.NoClassDefFoundError"><![CDATA[java.lang.NoClassDefFoundError: Could not initialize class org.springframework.data.redis.test.util.MinimumRedisVersionRule
	at org.springframework.data.redis.support.collections.RedisZSetTests.<init>(RedisZSetTests.java:38)
]]></error>
  </testcase>
  <testcase name="testRemoveByScore[5]" classname="org.springframework.data.redis.support.collections.RedisZSetTests" time="0">
    <error message="Could not initialize class org.springframework.data.redis.test.util.MinimumRedisVersionRule" type="java.lang.NoClassDefFoundError"><![CDATA[java.lang.NoClassDefFoundError: Could not initialize class org.springframework.data.redis.test.util.MinimumRedisVersionRule
	at org.springframework.data.redis.support.collections.RedisZSetTests.<init>(RedisZSetTests.java:38)
]]></error>
  </testcase>
  <testcase name="testRangeWithScores[5]" classname="org.springframework.data.redis.support.collections.RedisZSetTests" time="0">
    <error message="Could not initialize class org.springframework.data.redis.test.util.MinimumRedisVersionRule" type="java.lang.NoClassDefFoundError"><![CDATA[java.lang.NoClassDefFoundError: Could not initialize class org.springframework.data.redis.test.util.MinimumRedisVersionRule
	at org.springframework.data.redis.support.collections.RedisZSetTests.<init>(RedisZSetTests.java:38)
]]></error>
  </testcase>
  <testcase name="testRangeByLexUnbounded[5]" classname="org.springframework.data.redis.support.collections.RedisZSetTests" time="0.001">
    <error message="Could not initialize class org.springframework.data.redis.test.util.MinimumRedisVersionRule" type="java.lang.NoClassDefFoundError"><![CDATA[java.lang.NoClassDefFoundError: Could not initialize class org.springframework.data.redis.test.util.MinimumRedisVersionRule
	at org.springframework.data.redis.support.collections.RedisZSetTests.<init>(RedisZSetTests.java:38)
]]></error>
  </testcase>
  <testcase name="testRangeByLexBounded[5]" classname="org.springframework.data.redis.support.collections.RedisZSetTests" time="0">
    <error message="Could not initialize class org.springframework.data.redis.test.util.MinimumRedisVersionRule" type="java.lang.NoClassDefFoundError"><![CDATA[java.lang.NoClassDefFoundError: Could not initialize class org.springframework.data.redis.test.util.MinimumRedisVersionRule
	at org.springframework.data.redis.support.collections.RedisZSetTests.<init>(RedisZSetTests.java:38)
]]></error>
  </testcase>
  <testcase name="testScanWorksCorrectly[5]" classname="org.springframework.data.redis.support.collections.RedisZSetTests" time="0">
    <error message="Could not initialize class org.springframework.data.redis.test.util.MinimumRedisVersionRule" type="java.lang.NoClassDefFoundError"><![CDATA[java.lang.NoClassDefFoundError: Could not initialize class org.springframework.data.redis.test.util.MinimumRedisVersionRule
	at org.springframework.data.redis.support.collections.RedisZSetTests.<init>(RedisZSetTests.java:38)
]]></error>
  </testcase>
  <testcase name="testRangeByScoreWithScores[5]" classname="org.springframework.data.redis.support.collections.RedisZSetTests" time="0">
    <error message="Could not initialize class org.springframework.data.redis.test.util.MinimumRedisVersionRule" type="java.lang.NoClassDefFoundError"><![CDATA[java.lang.NoClassDefFoundError: Could not initialize class org.springframework.data.redis.test.util.MinimumRedisVersionRule
	at org.springframework.data.redis.support.collections.RedisZSetTests.<init>(RedisZSetTests.java:38)
]]></error>
  </testcase>
  <testcase name="testDefaultScore[5]" classname="org.springframework.data.redis.support.collections.RedisZSetTests" time="0">
    <error message="Could not initialize class org.springframework.data.redis.test.util.MinimumRedisVersionRule" type="java.lang.NoClassDefFoundError"><![CDATA[java.lang.NoClassDefFoundError: Could not initialize class org.springframework.data.redis.test.util.MinimumRedisVersionRule
	at org.springframework.data.redis.support.collections.RedisZSetTests.<init>(RedisZSetTests.java:38)
]]></error>
  </testcase>
  <testcase name="testRangeByScore[5]" classname="org.springframework.data.redis.support.collections.RedisZSetTests" time="0">
    <error message="Could not initialize class org.springframework.data.redis.test.util.MinimumRedisVersionRule" type="java.lang.NoClassDefFoundError"><![CDATA[java.lang.NoClassDefFoundError: Could not initialize class org.springframework.data.redis.test.util.MinimumRedisVersionRule
	at org.springframework.data.redis.support.collections.RedisZSetTests.<init>(RedisZSetTests.java:38)
]]></error>
  </testcase>
  <testcase name="testIntersectAndStore[5]" classname="org.springframework.data.redis.support.collections.RedisZSetTests" time="0">
    <error message="Could not initialize class org.springframework.data.redis.test.util.MinimumRedisVersionRule" type="java.lang.NoClassDefFoundError"><![CDATA[java.lang.NoClassDefFoundError: Could not initialize class org.springframework.data.redis.test.util.MinimumRedisVersionRule
	at org.springframework.data.redis.support.collections.RedisZSetTests.<init>(RedisZSetTests.java:38)
]]></error>
  </testcase>
  <testcase name="testReverseRank[5]" classname="org.springframework.data.redis.support.collections.RedisZSetTests" time="0">
    <error message="Could not initialize class org.springframework.data.redis.test.util.MinimumRedisVersionRule" type="java.lang.NoClassDefFoundError"><![CDATA[java.lang.NoClassDefFoundError: Could not initialize class org.springframework.data.redis.test.util.MinimumRedisVersionRule
	at org.springframework.data.redis.support.collections.RedisZSetTests.<init>(RedisZSetTests.java:38)
]]></error>
  </testcase>
  <testcase name="testReverseRangeWithScores[5]" classname="org.springframework.data.redis.support.collections.RedisZSetTests" time="0">
    <error message="Could not initialize class org.springframework.data.redis.test.util.MinimumRedisVersionRule" type="java.lang.NoClassDefFoundError"><![CDATA[java.lang.NoClassDefFoundError: Could not initialize class org.springframework.data.redis.test.util.MinimumRedisVersionRule
	at org.springframework.data.redis.support.collections.RedisZSetTests.<init>(RedisZSetTests.java:38)
]]></error>
  </testcase>
  <testcase name="testReverseRange[5]" classname="org.springframework.data.redis.support.collections.RedisZSetTests" time="0">
    <error message="Could not initialize class org.springframework.data.redis.test.util.MinimumRedisVersionRule" type="java.lang.NoClassDefFoundError"><![CDATA[java.lang.NoClassDefFoundError: Could not initialize class org.springframework.data.redis.test.util.MinimumRedisVersionRule
	at org.springframework.data.redis.support.collections.RedisZSetTests.<init>(RedisZSetTests.java:38)
]]></error>
  </testcase>
  <testcase name="testUnionAndStore[5]" classname="org.springframework.data.redis.support.collections.RedisZSetTests" time="0">
    <error message="Could not initialize class org.springframework.data.redis.test.util.MinimumRedisVersionRule" type="java.lang.NoClassDefFoundError"><![CDATA[java.lang.NoClassDefFoundError: Could not initialize class org.springframework.data.redis.test.util.MinimumRedisVersionRule
	at org.springframework.data.redis.support.collections.RedisZSetTests.<init>(RedisZSetTests.java:38)
]]></error>
  </testcase>
  <testcase name="testRangeByLexUnboundedWithLimit[5]" classname="org.springframework.data.redis.support.collections.RedisZSetTests" time="0.001">
    <error message="Could not initialize class org.springframework.data.redis.test.util.MinimumRedisVersionRule" type="java.lang.NoClassDefFoundError"><![CDATA[java.lang.NoClassDefFoundError: Could not initialize class org.springframework.data.redis.test.util.MinimumRedisVersionRule
	at org.springframework.data.redis.support.collections.RedisZSetTests.<init>(RedisZSetTests.java:38)
]]></error>
  </testcase>
  <testcase name="testReverseRangeByScoreWithScores[5]" classname="org.springframework.data.redis.support.collections.RedisZSetTests" time="0">
    <error message="Could not initialize class org.springframework.data.redis.test.util.MinimumRedisVersionRule" type="java.lang.NoClassDefFoundError"><![CDATA[java.lang.NoClassDefFoundError: Could not initialize class org.springframework.data.redis.test.util.MinimumRedisVersionRule
	at org.springframework.data.redis.support.collections.RedisZSetTests.<init>(RedisZSetTests.java:38)
]]></error>
  </testcase>
  <testcase name="testToArrayWithGenerics[5]" classname="org.springframework.data.redis.support.collections.RedisZSetTests" time="0">
    <error message="Could not initialize class org.springframework.data.redis.test.util.MinimumRedisVersionRule" type="java.lang.NoClassDefFoundError"><![CDATA[java.lang.NoClassDefFoundError: Could not initialize class org.springframework.data.redis.test.util.MinimumRedisVersionRule
	at org.springframework.data.redis.support.collections.RedisZSetTests.<init>(RedisZSetTests.java:38)
]]></error>
  </testcase>
  <testcase name="testFirstException[5]" classname="org.springframework.data.redis.support.collections.RedisZSetTests" time="0">
    <error message="Could not initialize class org.springframework.data.redis.test.util.MinimumRedisVersionRule" type="java.lang.NoClassDefFoundError"><![CDATA[java.lang.NoClassDefFoundError: Could not initialize class org.springframework.data.redis.test.util.MinimumRedisVersionRule
	at org.springframework.data.redis.support.collections.RedisZSetTests.<init>(RedisZSetTests.java:38)
]]></error>
  </testcase>
  <testcase name="testLastException[5]" classname="org.springframework.data.redis.support.collections.RedisZSetTests" time="0">
    <error message="Could not initialize class org.springframework.data.redis.test.util.MinimumRedisVersionRule" type="java.lang.NoClassDefFoundError"><![CDATA[java.lang.NoClassDefFoundError: Could not initialize class org.springframework.data.redis.test.util.MinimumRedisVersionRule
	at org.springframework.data.redis.support.collections.RedisZSetTests.<init>(RedisZSetTests.java:38)
]]></error>
  </testcase>
  <testcase name="testRemove[5]" classname="org.springframework.data.redis.support.collections.RedisZSetTests" time="0">
    <error message="Could not initialize class org.springframework.data.redis.test.util.MinimumRedisVersionRule" type="java.lang.NoClassDefFoundError"><![CDATA[java.lang.NoClassDefFoundError: Could not initialize class org.springframework.data.redis.test.util.MinimumRedisVersionRule
	at org.springframework.data.redis.support.collections.RedisZSetTests.<init>(RedisZSetTests.java:38)
]]></error>
  </testcase>
  <testcase name="testAddWithScore[5]" classname="org.springframework.data.redis.support.collections.RedisZSetTests" time="0">
    <error message="Could not initialize class org.springframework.data.redis.test.util.MinimumRedisVersionRule" type="java.lang.NoClassDefFoundError"><![CDATA[java.lang.NoClassDefFoundError: Could not initialize class org.springframework.data.redis.test.util.MinimumRedisVersionRule
	at org.springframework.data.redis.support.collections.RedisZSetTests.<init>(RedisZSetTests.java:38)
]]></error>
  </testcase>
  <testcase name="testIterator[5]" classname="org.springframework.data.redis.support.collections.RedisZSetTests" time="0.001">
    <error message="Could not initialize class org.springframework.data.redis.test.util.MinimumRedisVersionRule" type="java.lang.NoClassDefFoundError"><![CDATA[java.lang.NoClassDefFoundError: Could not initialize class org.springframework.data.redis.test.util.MinimumRedisVersionRule
	at org.springframework.data.redis.support.collections.RedisZSetTests.<init>(RedisZSetTests.java:38)
]]></error>
  </testcase>
  <testcase name="testReverseRangeByScore[5]" classname="org.springframework.data.redis.support.collections.RedisZSetTests" time="0">
    <error message="Could not initialize class org.springframework.data.redis.test.util.MinimumRedisVersionRule" type="java.lang.NoClassDefFoundError"><![CDATA[java.lang.NoClassDefFoundError: Could not initialize class org.springframework.data.redis.test.util.MinimumRedisVersionRule
	at org.springframework.data.redis.support.collections.RedisZSetTests.<init>(RedisZSetTests.java:38)
]]></error>
  </testcase>
  <testcase name="testRangeByLexBoundedWithLimit[5]" classname="org.springframework.data.redis.support.collections.RedisZSetTests" time="0">
    <error message="Could not initialize class org.springframework.data.redis.test.util.MinimumRedisVersionRule" type="java.lang.NoClassDefFoundError"><![CDATA[java.lang.NoClassDefFoundError: Could not initialize class org.springframework.data.redis.test.util.MinimumRedisVersionRule
	at org.springframework.data.redis.support.collections.RedisZSetTests.<init>(RedisZSetTests.java:38)
]]></error>
  </testcase>
  <testcase name="testContainsObject[5]" classname="org.springframework.data.redis.support.collections.RedisZSetTests" time="0">
    <error message="Could not initialize class org.springframework.data.redis.test.util.MinimumRedisVersionRule" type="java.lang.NoClassDefFoundError"><![CDATA[java.lang.NoClassDefFoundError: Could not initialize class org.springframework.data.redis.test.util.MinimumRedisVersionRule
	at org.springframework.data.redis.support.collections.RedisZSetTests.<init>(RedisZSetTests.java:38)
]]></error>
  </testcase>
  <testcase name="testClear[5]" classname="org.springframework.data.redis.support.collections.RedisZSetTests" time="0">
    <error message="Could not initialize class org.springframework.data.redis.test.util.MinimumRedisVersionRule" type="java.lang.NoClassDefFoundError"><![CDATA[java.lang.NoClassDefFoundError: Could not initialize class org.springframework.data.redis.test.util.MinimumRedisVersionRule
	at org.springframework.data.redis.support.collections.RedisZSetTests.<init>(RedisZSetTests.java:38)
]]></error>
  </testcase>
  <testcase name="testSize[5]" classname="org.springframework.data.redis.support.collections.RedisZSetTests" time="0">
    <error message="Could not initialize class org.springframework.data.redis.test.util.MinimumRedisVersionRule" type="java.lang.NoClassDefFoundError"><![CDATA[java.lang.NoClassDefFoundError: Could not initialize class org.springframework.data.redis.test.util.MinimumRedisVersionRule
	at org.springframework.data.redis.support.collections.RedisZSetTests.<init>(RedisZSetTests.java:38)
]]></error>
  </testcase>
  <testcase name="testToString[5]" classname="org.springframework.data.redis.support.collections.RedisZSetTests" time="0">
    <error message="Could not initialize class org.springframework.data.redis.test.util.MinimumRedisVersionRule" type="java.lang.NoClassDefFoundError"><![CDATA[java.lang.NoClassDefFoundError: Could not initialize class org.springframework.data.redis.test.util.MinimumRedisVersionRule
	at org.springframework.data.redis.support.collections.RedisZSetTests.<init>(RedisZSetTests.java:38)
]]></error>
  </testcase>
  <testcase name="testContainsAll[5]" classname="org.springframework.data.redis.support.collections.RedisZSetTests" time="0">
    <error message="Could not initialize class org.springframework.data.redis.test.util.MinimumRedisVersionRule" type="java.lang.NoClassDefFoundError"><![CDATA[java.lang.NoClassDefFoundError: Could not initialize class org.springframework.data.redis.test.util.MinimumRedisVersionRule
	at org.springframework.data.redis.support.collections.RedisZSetTests.<init>(RedisZSetTests.java:38)
]]></error>
  </testcase>
  <testcase name="testRemoveObject[5]" classname="org.springframework.data.redis.support.collections.RedisZSetTests" time="0">
    <error message="Could not initialize class org.springframework.data.redis.test.util.MinimumRedisVersionRule" type="java.lang.NoClassDefFoundError"><![CDATA[java.lang.NoClassDefFoundError: Could not initialize class org.springframework.data.redis.test.util.MinimumRedisVersionRule
	at org.springframework.data.redis.support.collections.RedisZSetTests.<init>(RedisZSetTests.java:38)
]]></error>
  </testcase>
  <testcase name="testHashCode[5]" classname="org.springframework.data.redis.support.collections.RedisZSetTests" time="0">
    <error message="Could not initialize class org.springframework.data.redis.test.util.MinimumRedisVersionRule" type="java.lang.NoClassDefFoundError"><![CDATA[java.lang.NoClassDefFoundError: Could not initialize class org.springframework.data.redis.test.util.MinimumRedisVersionRule
	at org.springframework.data.redis.support.collections.RedisZSetTests.<init>(RedisZSetTests.java:38)
]]></error>
  </testcase>
  <testcase name="testAddAll[5]" classname="org.springframework.data.redis.support.collections.RedisZSetTests" time="0">
    <error message="Could not initialize class org.springframework.data.redis.test.util.MinimumRedisVersionRule" type="java.lang.NoClassDefFoundError"><![CDATA[java.lang.NoClassDefFoundError: Could not initialize class org.springframework.data.redis.test.util.MinimumRedisVersionRule
	at org.springframework.data.redis.support.collections.RedisZSetTests.<init>(RedisZSetTests.java:38)
]]></error>
  </testcase>
  <testcase name="removeAll[5]" classname="org.springframework.data.redis.support.collections.RedisZSetTests" time="0">
    <error message="Could not initialize class org.springframework.data.redis.test.util.MinimumRedisVersionRule" type="java.lang.NoClassDefFoundError"><![CDATA[java.lang.NoClassDefFoundError: Could not initialize class org.springframework.data.redis.test.util.MinimumRedisVersionRule
	at org.springframework.data.redis.support.collections.RedisZSetTests.<init>(RedisZSetTests.java:38)
]]></error>
  </testcase>
  <testcase name="testEquals[5]" classname="org.springframework.data.redis.support.collections.RedisZSetTests" time="0">
    <error message="Could not initialize class org.springframework.data.redis.test.util.MinimumRedisVersionRule" type="java.lang.NoClassDefFoundError"><![CDATA[java.lang.NoClassDefFoundError: Could not initialize class org.springframework.data.redis.test.util.MinimumRedisVersionRule
	at org.springframework.data.redis.support.collections.RedisZSetTests.<init>(RedisZSetTests.java:38)
]]></error>
  </testcase>
  <testcase name="testGetKey[5]" classname="org.springframework.data.redis.support.collections.RedisZSetTests" time="0.001">
    <error message="Could not initialize class org.springframework.data.redis.test.util.MinimumRedisVersionRule" type="java.lang.NoClassDefFoundError"><![CDATA[java.lang.NoClassDefFoundError: Could not initialize class org.springframework.data.redis.test.util.MinimumRedisVersionRule
	at org.springframework.data.redis.support.collections.RedisZSetTests.<init>(RedisZSetTests.java:38)
]]></error>
  </testcase>
  <testcase name="testIsEmpty[5]" classname="org.springframework.data.redis.support.collections.RedisZSetTests" time="0">
    <error message="Could not initialize class org.springframework.data.redis.test.util.MinimumRedisVersionRule" type="java.lang.NoClassDefFoundError"><![CDATA[java.lang.NoClassDefFoundError: Could not initialize class org.springframework.data.redis.test.util.MinimumRedisVersionRule
	at org.springframework.data.redis.support.collections.RedisZSetTests.<init>(RedisZSetTests.java:38)
]]></error>
  </testcase>
  <testcase name="testToArray[6]" classname="org.springframework.data.redis.support.collections.RedisZSetTests" time="0">
    <error message="Could not initialize class org.springframework.data.redis.test.util.MinimumRedisVersionRule" type="java.lang.NoClassDefFoundError"><![CDATA[java.lang.NoClassDefFoundError: Could not initialize class org.springframework.data.redis.test.util.MinimumRedisVersionRule
	at org.springframework.data.redis.support.collections.RedisZSetTests.<init>(RedisZSetTests.java:38)
]]></error>
  </testcase>
  <testcase name="testAdd[6]" classname="org.springframework.data.redis.support.collections.RedisZSetTests" time="0">
    <error message="Could not initialize class org.springframework.data.redis.test.util.MinimumRedisVersionRule" type="java.lang.NoClassDefFoundError"><![CDATA[java.lang.NoClassDefFoundError: Could not initialize class org.springframework.data.redis.test.util.MinimumRedisVersionRule
	at org.springframework.data.redis.support.collections.RedisZSetTests.<init>(RedisZSetTests.java:38)
]]></error>
  </testcase>
  <testcase name="testFirst[6]" classname="org.springframework.data.redis.support.collections.RedisZSetTests" time="0">
    <error message="Could not initialize class org.springframework.data.redis.test.util.MinimumRedisVersionRule" type="java.lang.NoClassDefFoundError"><![CDATA[java.lang.NoClassDefFoundError: Could not initialize class org.springframework.data.redis.test.util.MinimumRedisVersionRule
	at org.springframework.data.redis.support.collections.RedisZSetTests.<init>(RedisZSetTests.java:38)
]]></error>
  </testcase>
  <testcase name="testRange[6]" classname="org.springframework.data.redis.support.collections.RedisZSetTests" time="0.001">
    <error message="Could not initialize class org.springframework.data.redis.test.util.MinimumRedisVersionRule" type="java.lang.NoClassDefFoundError"><![CDATA[java.lang.NoClassDefFoundError: Could not initialize class org.springframework.data.redis.test.util.MinimumRedisVersionRule
	at org.springframework.data.redis.support.collections.RedisZSetTests.<init>(RedisZSetTests.java:38)
]]></error>
  </testcase>
  <testcase name="testScore[6]" classname="org.springframework.data.redis.support.collections.RedisZSetTests" time="0">
    <error message="Could not initialize class org.springframework.data.redis.test.util.MinimumRedisVersionRule" type="java.lang.NoClassDefFoundError"><![CDATA[java.lang.NoClassDefFoundError: Could not initialize class org.springframework.data.redis.test.util.MinimumRedisVersionRule
	at org.springframework.data.redis.support.collections.RedisZSetTests.<init>(RedisZSetTests.java:38)
]]></error>
  </testcase>
  <testcase name="testLast[6]" classname="org.springframework.data.redis.support.collections.RedisZSetTests" time="0">
    <error message="Could not initialize class org.springframework.data.redis.test.util.MinimumRedisVersionRule" type="java.lang.NoClassDefFoundError"><![CDATA[java.lang.NoClassDefFoundError: Could not initialize class org.springframework.data.redis.test.util.MinimumRedisVersionRule
	at org.springframework.data.redis.support.collections.RedisZSetTests.<init>(RedisZSetTests.java:38)
]]></error>
  </testcase>
  <testcase name="testRank[6]" classname="org.springframework.data.redis.support.collections.RedisZSetTests" time="0">
    <error message="Could not initialize class org.springframework.data.redis.test.util.MinimumRedisVersionRule" type="java.lang.NoClassDefFoundError"><![CDATA[java.lang.NoClassDefFoundError: Could not initialize class org.springframework.data.redis.test.util.MinimumRedisVersionRule
	at org.springframework.data.redis.support.collections.RedisZSetTests.<init>(RedisZSetTests.java:38)
]]></error>
  </testcase>
  <testcase name="testRemoveByScore[6]" classname="org.springframework.data.redis.support.collections.RedisZSetTests" time="0">
    <error message="Could not initialize class org.springframework.data.redis.test.util.MinimumRedisVersionRule" type="java.lang.NoClassDefFoundError"><![CDATA[java.lang.NoClassDefFoundError: Could not initialize class org.springframework.data.redis.test.util.MinimumRedisVersionRule
	at org.springframework.data.redis.support.collections.RedisZSetTests.<init>(RedisZSetTests.java:38)
]]></error>
  </testcase>
  <testcase name="testRangeWithScores[6]" classname="org.springframework.data.redis.support.collections.RedisZSetTests" time="0">
    <error message="Could not initialize class org.springframework.data.redis.test.util.MinimumRedisVersionRule" type="java.lang.NoClassDefFoundError"><![CDATA[java.lang.NoClassDefFoundError: Could not initialize class org.springframework.data.redis.test.util.MinimumRedisVersionRule
	at org.springframework.data.redis.support.collections.RedisZSetTests.<init>(RedisZSetTests.java:38)
]]></error>
  </testcase>
  <testcase name="testRangeByLexUnbounded[6]" classname="org.springframework.data.redis.support.collections.RedisZSetTests" time="0.001">
    <error message="Could not initialize class org.springframework.data.redis.test.util.MinimumRedisVersionRule" type="java.lang.NoClassDefFoundError"><![CDATA[java.lang.NoClassDefFoundError: Could not initialize class org.springframework.data.redis.test.util.MinimumRedisVersionRule
	at org.springframework.data.redis.support.collections.RedisZSetTests.<init>(RedisZSetTests.java:38)
]]></error>
  </testcase>
  <testcase name="testRangeByLexBounded[6]" classname="org.springframework.data.redis.support.collections.RedisZSetTests" time="0">
    <error message="Could not initialize class org.springframework.data.redis.test.util.MinimumRedisVersionRule" type="java.lang.NoClassDefFoundError"><![CDATA[java.lang.NoClassDefFoundError: Could not initialize class org.springframework.data.redis.test.util.MinimumRedisVersionRule
	at org.springframework.data.redis.support.collections.RedisZSetTests.<init>(RedisZSetTests.java:38)
]]></error>
  </testcase>
  <testcase name="testScanWorksCorrectly[6]" classname="org.springframework.data.redis.support.collections.RedisZSetTests" time="0">
    <error message="Could not initialize class org.springframework.data.redis.test.util.MinimumRedisVersionRule" type="java.lang.NoClassDefFoundError"><![CDATA[java.lang.NoClassDefFoundError: Could not initialize class org.springframework.data.redis.test.util.MinimumRedisVersionRule
	at org.springframework.data.redis.support.collections.RedisZSetTests.<init>(RedisZSetTests.java:38)
]]></error>
  </testcase>
  <testcase name="testRangeByScoreWithScores[6]" classname="org.springframework.data.redis.support.collections.RedisZSetTests" time="0">
    <error message="Could not initialize class org.springframework.data.redis.test.util.MinimumRedisVersionRule" type="java.lang.NoClassDefFoundError"><![CDATA[java.lang.NoClassDefFoundError: Could not initialize class org.springframework.data.redis.test.util.MinimumRedisVersionRule
	at org.springframework.data.redis.support.collections.RedisZSetTests.<init>(RedisZSetTests.java:38)
]]></error>
  </testcase>
  <testcase name="testDefaultScore[6]" classname="org.springframework.data.redis.support.collections.RedisZSetTests" time="0">
    <error message="Could not initialize class org.springframework.data.redis.test.util.MinimumRedisVersionRule" type="java.lang.NoClassDefFoundError"><![CDATA[java.lang.NoClassDefFoundError: Could not initialize class org.springframework.data.redis.test.util.MinimumRedisVersionRule
	at org.springframework.data.redis.support.collections.RedisZSetTests.<init>(RedisZSetTests.java:38)
]]></error>
  </testcase>
  <testcase name="testRangeByScore[6]" classname="org.springframework.data.redis.support.collections.RedisZSetTests" time="0">
    <error message="Could not initialize class org.springframework.data.redis.test.util.MinimumRedisVersionRule" type="java.lang.NoClassDefFoundError"><![CDATA[java.lang.NoClassDefFoundError: Could not initialize class org.springframework.data.redis.test.util.MinimumRedisVersionRule
	at org.springframework.data.redis.support.collections.RedisZSetTests.<init>(RedisZSetTests.java:38)
]]></error>
  </testcase>
  <testcase name="testIntersectAndStore[6]" classname="org.springframework.data.redis.support.collections.RedisZSetTests" time="0">
    <error message="Could not initialize class org.springframework.data.redis.test.util.MinimumRedisVersionRule" type="java.lang.NoClassDefFoundError"><![CDATA[java.lang.NoClassDefFoundError: Could not initialize class org.springframework.data.redis.test.util.MinimumRedisVersionRule
	at org.springframework.data.redis.support.collections.RedisZSetTests.<init>(RedisZSetTests.java:38)
]]></error>
  </testcase>
  <testcase name="testReverseRank[6]" classname="org.springframework.data.redis.support.collections.RedisZSetTests" time="0">
    <error message="Could not initialize class org.springframework.data.redis.test.util.MinimumRedisVersionRule" type="java.lang.NoClassDefFoundError"><![CDATA[java.lang.NoClassDefFoundError: Could not initialize class org.springframework.data.redis.test.util.MinimumRedisVersionRule
	at org.springframework.data.redis.support.collections.RedisZSetTests.<init>(RedisZSetTests.java:38)
]]></error>
  </testcase>
  <testcase name="testReverseRangeWithScores[6]" classname="org.springframework.data.redis.support.collections.RedisZSetTests" time="0">
    <error message="Could not initialize class org.springframework.data.redis.test.util.MinimumRedisVersionRule" type="java.lang.NoClassDefFoundError"><![CDATA[java.lang.NoClassDefFoundError: Could not initialize class org.springframework.data.redis.test.util.MinimumRedisVersionRule
	at org.springframework.data.redis.support.collections.RedisZSetTests.<init>(RedisZSetTests.java:38)
]]></error>
  </testcase>
  <testcase name="testReverseRange[6]" classname="org.springframework.data.redis.support.collections.RedisZSetTests" time="0">
    <error message="Could not initialize class org.springframework.data.redis.test.util.MinimumRedisVersionRule" type="java.lang.NoClassDefFoundError"><![CDATA[java.lang.NoClassDefFoundError: Could not initialize class org.springframework.data.redis.test.util.MinimumRedisVersionRule
	at org.springframework.data.redis.support.collections.RedisZSetTests.<init>(RedisZSetTests.java:38)
]]></error>
  </testcase>
  <testcase name="testUnionAndStore[6]" classname="org.springframework.data.redis.support.collections.RedisZSetTests" time="0">
    <error message="Could not initialize class org.springframework.data.redis.test.util.MinimumRedisVersionRule" type="java.lang.NoClassDefFoundError"><![CDATA[java.lang.NoClassDefFoundError: Could not initialize class org.springframework.data.redis.test.util.MinimumRedisVersionRule
	at org.springframework.data.redis.support.collections.RedisZSetTests.<init>(RedisZSetTests.java:38)
]]></error>
  </testcase>
  <testcase name="testRangeByLexUnboundedWithLimit[6]" classname="org.springframework.data.redis.support.collections.RedisZSetTests" time="0">
    <error message="Could not initialize class org.springframework.data.redis.test.util.MinimumRedisVersionRule" type="java.lang.NoClassDefFoundError"><![CDATA[java.lang.NoClassDefFoundError: Could not initialize class org.springframework.data.redis.test.util.MinimumRedisVersionRule
	at org.springframework.data.redis.support.collections.RedisZSetTests.<init>(RedisZSetTests.java:38)
]]></error>
  </testcase>
  <testcase name="testReverseRangeByScoreWithScores[6]" classname="org.springframework.data.redis.support.collections.RedisZSetTests" time="0">
    <error message="Could not initialize class org.springframework.data.redis.test.util.MinimumRedisVersionRule" type="java.lang.NoClassDefFoundError"><![CDATA[java.lang.NoClassDefFoundError: Could not initialize class org.springframework.data.redis.test.util.MinimumRedisVersionRule
	at org.springframework.data.redis.support.collections.RedisZSetTests.<init>(RedisZSetTests.java:38)
]]></error>
  </testcase>
  <testcase name="testToArrayWithGenerics[6]" classname="org.springframework.data.redis.support.collections.RedisZSetTests" time="0.001">
    <error message="Could not initialize class org.springframework.data.redis.test.util.MinimumRedisVersionRule" type="java.lang.NoClassDefFoundError"><![CDATA[java.lang.NoClassDefFoundError: Could not initialize class org.springframework.data.redis.test.util.MinimumRedisVersionRule
	at org.springframework.data.redis.support.collections.RedisZSetTests.<init>(RedisZSetTests.java:38)
]]></error>
  </testcase>
  <testcase name="testFirstException[6]" classname="org.springframework.data.redis.support.collections.RedisZSetTests" time="0">
    <error message="Could not initialize class org.springframework.data.redis.test.util.MinimumRedisVersionRule" type="java.lang.NoClassDefFoundError"><![CDATA[java.lang.NoClassDefFoundError: Could not initialize class org.springframework.data.redis.test.util.MinimumRedisVersionRule
	at org.springframework.data.redis.support.collections.RedisZSetTests.<init>(RedisZSetTests.java:38)
]]></error>
  </testcase>
  <testcase name="testLastException[6]" classname="org.springframework.data.redis.support.collections.RedisZSetTests" time="0">
    <error message="Could not initialize class org.springframework.data.redis.test.util.MinimumRedisVersionRule" type="java.lang.NoClassDefFoundError"><![CDATA[java.lang.NoClassDefFoundError: Could not initialize class org.springframework.data.redis.test.util.MinimumRedisVersionRule
	at org.springframework.data.redis.support.collections.RedisZSetTests.<init>(RedisZSetTests.java:38)
]]></error>
  </testcase>
  <testcase name="testRemove[6]" classname="org.springframework.data.redis.support.collections.RedisZSetTests" time="0">
    <error message="Could not initialize class org.springframework.data.redis.test.util.MinimumRedisVersionRule" type="java.lang.NoClassDefFoundError"><![CDATA[java.lang.NoClassDefFoundError: Could not initialize class org.springframework.data.redis.test.util.MinimumRedisVersionRule
	at org.springframework.data.redis.support.collections.RedisZSetTests.<init>(RedisZSetTests.java:38)
]]></error>
  </testcase>
  <testcase name="testAddWithScore[6]" classname="org.springframework.data.redis.support.collections.RedisZSetTests" time="0">
    <error message="Could not initialize class org.springframework.data.redis.test.util.MinimumRedisVersionRule" type="java.lang.NoClassDefFoundError"><![CDATA[java.lang.NoClassDefFoundError: Could not initialize class org.springframework.data.redis.test.util.MinimumRedisVersionRule
	at org.springframework.data.redis.support.collections.RedisZSetTests.<init>(RedisZSetTests.java:38)
]]></error>
  </testcase>
  <testcase name="testIterator[6]" classname="org.springframework.data.redis.support.collections.RedisZSetTests" time="0">
    <error message="Could not initialize class org.springframework.data.redis.test.util.MinimumRedisVersionRule" type="java.lang.NoClassDefFoundError"><![CDATA[java.lang.NoClassDefFoundError: Could not initialize class org.springframework.data.redis.test.util.MinimumRedisVersionRule
	at org.springframework.data.redis.support.collections.RedisZSetTests.<init>(RedisZSetTests.java:38)
]]></error>
  </testcase>
  <testcase name="testReverseRangeByScore[6]" classname="org.springframework.data.redis.support.collections.RedisZSetTests" time="0">
    <error message="Could not initialize class org.springframework.data.redis.test.util.MinimumRedisVersionRule" type="java.lang.NoClassDefFoundError"><![CDATA[java.lang.NoClassDefFoundError: Could not initialize class org.springframework.data.redis.test.util.MinimumRedisVersionRule
	at org.springframework.data.redis.support.collections.RedisZSetTests.<init>(RedisZSetTests.java:38)
]]></error>
  </testcase>
  <testcase name="testRangeByLexBoundedWithLimit[6]" classname="org.springframework.data.redis.support.collections.RedisZSetTests" time="0.001">
    <error message="Could not initialize class org.springframework.data.redis.test.util.MinimumRedisVersionRule" type="java.lang.NoClassDefFoundError"><![CDATA[java.lang.NoClassDefFoundError: Could not initialize class org.springframework.data.redis.test.util.MinimumRedisVersionRule
	at org.springframework.data.redis.support.collections.RedisZSetTests.<init>(RedisZSetTests.java:38)
]]></error>
  </testcase>
  <testcase name="testContainsObject[6]" classname="org.springframework.data.redis.support.collections.RedisZSetTests" time="0">
    <error message="Could not initialize class org.springframework.data.redis.test.util.MinimumRedisVersionRule" type="java.lang.NoClassDefFoundError"><![CDATA[java.lang.NoClassDefFoundError: Could not initialize class org.springframework.data.redis.test.util.MinimumRedisVersionRule
	at org.springframework.data.redis.support.collections.RedisZSetTests.<init>(RedisZSetTests.java:38)
]]></error>
  </testcase>
  <testcase name="testClear[6]" classname="org.springframework.data.redis.support.collections.RedisZSetTests" time="0">
    <error message="Could not initialize class org.springframework.data.redis.test.util.MinimumRedisVersionRule" type="java.lang.NoClassDefFoundError"><![CDATA[java.lang.NoClassDefFoundError: Could not initialize class org.springframework.data.redis.test.util.MinimumRedisVersionRule
	at org.springframework.data.redis.support.collections.RedisZSetTests.<init>(RedisZSetTests.java:38)
]]></error>
  </testcase>
  <testcase name="testSize[6]" classname="org.springframework.data.redis.support.collections.RedisZSetTests" time="0">
    <error message="Could not initialize class org.springframework.data.redis.test.util.MinimumRedisVersionRule" type="java.lang.NoClassDefFoundError"><![CDATA[java.lang.NoClassDefFoundError: Could not initialize class org.springframework.data.redis.test.util.MinimumRedisVersionRule
	at org.springframework.data.redis.support.collections.RedisZSetTests.<init>(RedisZSetTests.java:38)
]]></error>
  </testcase>
  <testcase name="testToString[6]" classname="org.springframework.data.redis.support.collections.RedisZSetTests" time="0">
    <error message="Could not initialize class org.springframework.data.redis.test.util.MinimumRedisVersionRule" type="java.lang.NoClassDefFoundError"><![CDATA[java.lang.NoClassDefFoundError: Could not initialize class org.springframework.data.redis.test.util.MinimumRedisVersionRule
	at org.springframework.data.redis.support.collections.RedisZSetTests.<init>(RedisZSetTests.java:38)
]]></error>
  </testcase>
  <testcase name="testContainsAll[6]" classname="org.springframework.data.redis.support.collections.RedisZSetTests" time="0">
    <error message="Could not initialize class org.springframework.data.redis.test.util.MinimumRedisVersionRule" type="java.lang.NoClassDefFoundError"><![CDATA[java.lang.NoClassDefFoundError: Could not initialize class org.springframework.data.redis.test.util.MinimumRedisVersionRule
	at org.springframework.data.redis.support.collections.RedisZSetTests.<init>(RedisZSetTests.java:38)
]]></error>
  </testcase>
  <testcase name="testRemoveObject[6]" classname="org.springframework.data.redis.support.collections.RedisZSetTests" time="0">
    <error message="Could not initialize class org.springframework.data.redis.test.util.MinimumRedisVersionRule" type="java.lang.NoClassDefFoundError"><![CDATA[java.lang.NoClassDefFoundError: Could not initialize class org.springframework.data.redis.test.util.MinimumRedisVersionRule
	at org.springframework.data.redis.support.collections.RedisZSetTests.<init>(RedisZSetTests.java:38)
]]></error>
  </testcase>
  <testcase name="testHashCode[6]" classname="org.springframework.data.redis.support.collections.RedisZSetTests" time="0.001">
    <error message="Could not initialize class org.springframework.data.redis.test.util.MinimumRedisVersionRule" type="java.lang.NoClassDefFoundError"><![CDATA[java.lang.NoClassDefFoundError: Could not initialize class org.springframework.data.redis.test.util.MinimumRedisVersionRule
	at org.springframework.data.redis.support.collections.RedisZSetTests.<init>(RedisZSetTests.java:38)
]]></error>
  </testcase>
  <testcase name="testAddAll[6]" classname="org.springframework.data.redis.support.collections.RedisZSetTests" time="0">
    <error message="Could not initialize class org.springframework.data.redis.test.util.MinimumRedisVersionRule" type="java.lang.NoClassDefFoundError"><![CDATA[java.lang.NoClassDefFoundError: Could not initialize class org.springframework.data.redis.test.util.MinimumRedisVersionRule
	at org.springframework.data.redis.support.collections.RedisZSetTests.<init>(RedisZSetTests.java:38)
]]></error>
  </testcase>
  <testcase name="removeAll[6]" classname="org.springframework.data.redis.support.collections.RedisZSetTests" time="0">
    <error message="Could not initialize class org.springframework.data.redis.test.util.MinimumRedisVersionRule" type="java.lang.NoClassDefFoundError"><![CDATA[java.lang.NoClassDefFoundError: Could not initialize class org.springframework.data.redis.test.util.MinimumRedisVersionRule
	at org.springframework.data.redis.support.collections.RedisZSetTests.<init>(RedisZSetTests.java:38)
]]></error>
  </testcase>
  <testcase name="testEquals[6]" classname="org.springframework.data.redis.support.collections.RedisZSetTests" time="0">
    <error message="Could not initialize class org.springframework.data.redis.test.util.MinimumRedisVersionRule" type="java.lang.NoClassDefFoundError"><![CDATA[java.lang.NoClassDefFoundError: Could not initialize class org.springframework.data.redis.test.util.MinimumRedisVersionRule
	at org.springframework.data.redis.support.collections.RedisZSetTests.<init>(RedisZSetTests.java:38)
]]></error>
  </testcase>
  <testcase name="testGetKey[6]" classname="org.springframework.data.redis.support.collections.RedisZSetTests" time="0">
    <error message="Could not initialize class org.springframework.data.redis.test.util.MinimumRedisVersionRule" type="java.lang.NoClassDefFoundError"><![CDATA[java.lang.NoClassDefFoundError: Could not initialize class org.springframework.data.redis.test.util.MinimumRedisVersionRule
	at org.springframework.data.redis.support.collections.RedisZSetTests.<init>(RedisZSetTests.java:38)
]]></error>
  </testcase>
  <testcase name="testIsEmpty[6]" classname="org.springframework.data.redis.support.collections.RedisZSetTests" time="0">
    <error message="Could not initialize class org.springframework.data.redis.test.util.MinimumRedisVersionRule" type="java.lang.NoClassDefFoundError"><![CDATA[java.lang.NoClassDefFoundError: Could not initialize class org.springframework.data.redis.test.util.MinimumRedisVersionRule
	at org.springframework.data.redis.support.collections.RedisZSetTests.<init>(RedisZSetTests.java:38)
]]></error>
  </testcase>
  <testcase name="testToArray[7]" classname="org.springframework.data.redis.support.collections.RedisZSetTests" time="0">
    <error message="Could not initialize class org.springframework.data.redis.test.util.MinimumRedisVersionRule" type="java.lang.NoClassDefFoundError"><![CDATA[java.lang.NoClassDefFoundError: Could not initialize class org.springframework.data.redis.test.util.MinimumRedisVersionRule
	at org.springframework.data.redis.support.collections.RedisZSetTests.<init>(RedisZSetTests.java:38)
]]></error>
  </testcase>
  <testcase name="testAdd[7]" classname="org.springframework.data.redis.support.collections.RedisZSetTests" time="0">
    <error message="Could not initialize class org.springframework.data.redis.test.util.MinimumRedisVersionRule" type="java.lang.NoClassDefFoundError"><![CDATA[java.lang.NoClassDefFoundError: Could not initialize class org.springframework.data.redis.test.util.MinimumRedisVersionRule
	at org.springframework.data.redis.support.collections.RedisZSetTests.<init>(RedisZSetTests.java:38)
]]></error>
  </testcase>
  <testcase name="testFirst[7]" classname="org.springframework.data.redis.support.collections.RedisZSetTests" time="0">
    <error message="Could not initialize class org.springframework.data.redis.test.util.MinimumRedisVersionRule" type="java.lang.NoClassDefFoundError"><![CDATA[java.lang.NoClassDefFoundError: Could not initialize class org.springframework.data.redis.test.util.MinimumRedisVersionRule
	at org.springframework.data.redis.support.collections.RedisZSetTests.<init>(RedisZSetTests.java:38)
]]></error>
  </testcase>
  <testcase name="testRange[7]" classname="org.springframework.data.redis.support.collections.RedisZSetTests" time="0">
    <error message="Could not initialize class org.springframework.data.redis.test.util.MinimumRedisVersionRule" type="java.lang.NoClassDefFoundError"><![CDATA[java.lang.NoClassDefFoundError: Could not initialize class org.springframework.data.redis.test.util.MinimumRedisVersionRule
	at org.springframework.data.redis.support.collections.RedisZSetTests.<init>(RedisZSetTests.java:38)
]]></error>
  </testcase>
  <testcase name="testScore[7]" classname="org.springframework.data.redis.support.collections.RedisZSetTests" time="0">
    <error message="Could not initialize class org.springframework.data.redis.test.util.MinimumRedisVersionRule" type="java.lang.NoClassDefFoundError"><![CDATA[java.lang.NoClassDefFoundError: Could not initialize class org.springframework.data.redis.test.util.MinimumRedisVersionRule
	at org.springframework.data.redis.support.collections.RedisZSetTests.<init>(RedisZSetTests.java:38)
]]></error>
  </testcase>
  <testcase name="testLast[7]" classname="org.springframework.data.redis.support.collections.RedisZSetTests" time="0">
    <error message="Could not initialize class org.springframework.data.redis.test.util.MinimumRedisVersionRule" type="java.lang.NoClassDefFoundError"><![CDATA[java.lang.NoClassDefFoundError: Could not initialize class org.springframework.data.redis.test.util.MinimumRedisVersionRule
	at org.springframework.data.redis.support.collections.RedisZSetTests.<init>(RedisZSetTests.java:38)
]]></error>
  </testcase>
  <testcase name="testRank[7]" classname="org.springframework.data.redis.support.collections.RedisZSetTests" time="0">
    <error message="Could not initialize class org.springframework.data.redis.test.util.MinimumRedisVersionRule" type="java.lang.NoClassDefFoundError"><![CDATA[java.lang.NoClassDefFoundError: Could not initialize class org.springframework.data.redis.test.util.MinimumRedisVersionRule
	at org.springframework.data.redis.support.collections.RedisZSetTests.<init>(RedisZSetTests.java:38)
]]></error>
  </testcase>
  <testcase name="testRemoveByScore[7]" classname="org.springframework.data.redis.support.collections.RedisZSetTests" time="0.001">
    <error message="Could not initialize class org.springframework.data.redis.test.util.MinimumRedisVersionRule" type="java.lang.NoClassDefFoundError"><![CDATA[java.lang.NoClassDefFoundError: Could not initialize class org.springframework.data.redis.test.util.MinimumRedisVersionRule
	at org.springframework.data.redis.support.collections.RedisZSetTests.<init>(RedisZSetTests.java:38)
]]></error>
  </testcase>
  <testcase name="testRangeWithScores[7]" classname="org.springframework.data.redis.support.collections.RedisZSetTests" time="0">
    <error message="Could not initialize class org.springframework.data.redis.test.util.MinimumRedisVersionRule" type="java.lang.NoClassDefFoundError"><![CDATA[java.lang.NoClassDefFoundError: Could not initialize class org.springframework.data.redis.test.util.MinimumRedisVersionRule
	at org.springframework.data.redis.support.collections.RedisZSetTests.<init>(RedisZSetTests.java:38)
]]></error>
  </testcase>
  <testcase name="testRangeByLexUnbounded[7]" classname="org.springframework.data.redis.support.collections.RedisZSetTests" time="0">
    <error message="Could not initialize class org.springframework.data.redis.test.util.MinimumRedisVersionRule" type="java.lang.NoClassDefFoundError"><![CDATA[java.lang.NoClassDefFoundError: Could not initialize class org.springframework.data.redis.test.util.MinimumRedisVersionRule
	at org.springframework.data.redis.support.collections.RedisZSetTests.<init>(RedisZSetTests.java:38)
]]></error>
  </testcase>
  <testcase name="testRangeByLexBounded[7]" classname="org.springframework.data.redis.support.collections.RedisZSetTests" time="0">
    <error message="Could not initialize class org.springframework.data.redis.test.util.MinimumRedisVersionRule" type="java.lang.NoClassDefFoundError"><![CDATA[java.lang.NoClassDefFoundError: Could not initialize class org.springframework.data.redis.test.util.MinimumRedisVersionRule
	at org.springframework.data.redis.support.collections.RedisZSetTests.<init>(RedisZSetTests.java:38)
]]></error>
  </testcase>
  <testcase name="testScanWorksCorrectly[7]" classname="org.springframework.data.redis.support.collections.RedisZSetTests" time="0">
    <error message="Could not initialize class org.springframework.data.redis.test.util.MinimumRedisVersionRule" type="java.lang.NoClassDefFoundError"><![CDATA[java.lang.NoClassDefFoundError: Could not initialize class org.springframework.data.redis.test.util.MinimumRedisVersionRule
	at org.springframework.data.redis.support.collections.RedisZSetTests.<init>(RedisZSetTests.java:38)
]]></error>
  </testcase>
  <testcase name="testRangeByScoreWithScores[7]" classname="org.springframework.data.redis.support.collections.RedisZSetTests" time="0">
    <error message="Could not initialize class org.springframework.data.redis.test.util.MinimumRedisVersionRule" type="java.lang.NoClassDefFoundError"><![CDATA[java.lang.NoClassDefFoundError: Could not initialize class org.springframework.data.redis.test.util.MinimumRedisVersionRule
	at org.springframework.data.redis.support.collections.RedisZSetTests.<init>(RedisZSetTests.java:38)
]]></error>
  </testcase>
  <testcase name="testDefaultScore[7]" classname="org.springframework.data.redis.support.collections.RedisZSetTests" time="0">
    <error message="Could not initialize class org.springframework.data.redis.test.util.MinimumRedisVersionRule" type="java.lang.NoClassDefFoundError"><![CDATA[java.lang.NoClassDefFoundError: Could not initialize class org.springframework.data.redis.test.util.MinimumRedisVersionRule
	at org.springframework.data.redis.support.collections.RedisZSetTests.<init>(RedisZSetTests.java:38)
]]></error>
  </testcase>
  <testcase name="testRangeByScore[7]" classname="org.springframework.data.redis.support.collections.RedisZSetTests" time="0">
    <error message="Could not initialize class org.springframework.data.redis.test.util.MinimumRedisVersionRule" type="java.lang.NoClassDefFoundError"><![CDATA[java.lang.NoClassDefFoundError: Could not initialize class org.springframework.data.redis.test.util.MinimumRedisVersionRule
	at org.springframework.data.redis.support.collections.RedisZSetTests.<init>(RedisZSetTests.java:38)
]]></error>
  </testcase>
  <testcase name="testIntersectAndStore[7]" classname="org.springframework.data.redis.support.collections.RedisZSetTests" time="0">
    <error message="Could not initialize class org.springframework.data.redis.test.util.MinimumRedisVersionRule" type="java.lang.NoClassDefFoundError"><![CDATA[java.lang.NoClassDefFoundError: Could not initialize class org.springframework.data.redis.test.util.MinimumRedisVersionRule
	at org.springframework.data.redis.support.collections.RedisZSetTests.<init>(RedisZSetTests.java:38)
]]></error>
  </testcase>
  <testcase name="testReverseRank[7]" classname="org.springframework.data.redis.support.collections.RedisZSetTests" time="0">
    <error message="Could not initialize class org.springframework.data.redis.test.util.MinimumRedisVersionRule" type="java.lang.NoClassDefFoundError"><![CDATA[java.lang.NoClassDefFoundError: Could not initialize class org.springframework.data.redis.test.util.MinimumRedisVersionRule
	at org.springframework.data.redis.support.collections.RedisZSetTests.<init>(RedisZSetTests.java:38)
]]></error>
  </testcase>
  <testcase name="testReverseRangeWithScores[7]" classname="org.springframework.data.redis.support.collections.RedisZSetTests" time="0">
    <error message="Could not initialize class org.springframework.data.redis.test.util.MinimumRedisVersionRule" type="java.lang.NoClassDefFoundError"><![CDATA[java.lang.NoClassDefFoundError: Could not initialize class org.springframework.data.redis.test.util.MinimumRedisVersionRule
	at org.springframework.data.redis.support.collections.RedisZSetTests.<init>(RedisZSetTests.java:38)
]]></error>
  </testcase>
  <testcase name="testReverseRange[7]" classname="org.springframework.data.redis.support.collections.RedisZSetTests" time="0">
    <error message="Could not initialize class org.springframework.data.redis.test.util.MinimumRedisVersionRule" type="java.lang.NoClassDefFoundError"><![CDATA[java.lang.NoClassDefFoundError: Could not initialize class org.springframework.data.redis.test.util.MinimumRedisVersionRule
	at org.springframework.data.redis.support.collections.RedisZSetTests.<init>(RedisZSetTests.java:38)
]]></error>
  </testcase>
  <testcase name="testUnionAndStore[7]" classname="org.springframework.data.redis.support.collections.RedisZSetTests" time="0">
    <error message="Could not initialize class org.springframework.data.redis.test.util.MinimumRedisVersionRule" type="java.lang.NoClassDefFoundError"><![CDATA[java.lang.NoClassDefFoundError: Could not initialize class org.springframework.data.redis.test.util.MinimumRedisVersionRule
	at org.springframework.data.redis.support.collections.RedisZSetTests.<init>(RedisZSetTests.java:38)
]]></error>
  </testcase>
  <testcase name="testRangeByLexUnboundedWithLimit[7]" classname="org.springframework.data.redis.support.collections.RedisZSetTests" time="0">
    <error message="Could not initialize class org.springframework.data.redis.test.util.MinimumRedisVersionRule" type="java.lang.NoClassDefFoundError"><![CDATA[java.lang.NoClassDefFoundError: Could not initialize class org.springframework.data.redis.test.util.MinimumRedisVersionRule
	at org.springframework.data.redis.support.collections.RedisZSetTests.<init>(RedisZSetTests.java:38)
]]></error>
  </testcase>
  <testcase name="testReverseRangeByScoreWithScores[7]" classname="org.springframework.data.redis.support.collections.RedisZSetTests" time="0.001">
    <error message="Could not initialize class org.springframework.data.redis.test.util.MinimumRedisVersionRule" type="java.lang.NoClassDefFoundError"><![CDATA[java.lang.NoClassDefFoundError: Could not initialize class org.springframework.data.redis.test.util.MinimumRedisVersionRule
	at org.springframework.data.redis.support.collections.RedisZSetTests.<init>(RedisZSetTests.java:38)
]]></error>
  </testcase>
  <testcase name="testToArrayWithGenerics[7]" classname="org.springframework.data.redis.support.collections.RedisZSetTests" time="0">
    <error message="Could not initialize class org.springframework.data.redis.test.util.MinimumRedisVersionRule" type="java.lang.NoClassDefFoundError"><![CDATA[java.lang.NoClassDefFoundError: Could not initialize class org.springframework.data.redis.test.util.MinimumRedisVersionRule
	at org.springframework.data.redis.support.collections.RedisZSetTests.<init>(RedisZSetTests.java:38)
]]></error>
  </testcase>
  <testcase name="testFirstException[7]" classname="org.springframework.data.redis.support.collections.RedisZSetTests" time="0">
    <error message="Could not initialize class org.springframework.data.redis.test.util.MinimumRedisVersionRule" type="java.lang.NoClassDefFoundError"><![CDATA[java.lang.NoClassDefFoundError: Could not initialize class org.springframework.data.redis.test.util.MinimumRedisVersionRule
	at org.springframework.data.redis.support.collections.RedisZSetTests.<init>(RedisZSetTests.java:38)
]]></error>
  </testcase>
  <testcase name="testLastException[7]" classname="org.springframework.data.redis.support.collections.RedisZSetTests" time="0">
    <error message="Could not initialize class org.springframework.data.redis.test.util.MinimumRedisVersionRule" type="java.lang.NoClassDefFoundError"><![CDATA[java.lang.NoClassDefFoundError: Could not initialize class org.springframework.data.redis.test.util.MinimumRedisVersionRule
	at org.springframework.data.redis.support.collections.RedisZSetTests.<init>(RedisZSetTests.java:38)
]]></error>
  </testcase>
  <testcase name="testRemove[7]" classname="org.springframework.data.redis.support.collections.RedisZSetTests" time="0">
    <error message="Could not initialize class org.springframework.data.redis.test.util.MinimumRedisVersionRule" type="java.lang.NoClassDefFoundError"><![CDATA[java.lang.NoClassDefFoundError: Could not initialize class org.springframework.data.redis.test.util.MinimumRedisVersionRule
	at org.springframework.data.redis.support.collections.RedisZSetTests.<init>(RedisZSetTests.java:38)
]]></error>
  </testcase>
  <testcase name="testAddWithScore[7]" classname="org.springframework.data.redis.support.collections.RedisZSetTests" time="0">
    <error message="Could not initialize class org.springframework.data.redis.test.util.MinimumRedisVersionRule" type="java.lang.NoClassDefFoundError"><![CDATA[java.lang.NoClassDefFoundError: Could not initialize class org.springframework.data.redis.test.util.MinimumRedisVersionRule
	at org.springframework.data.redis.support.collections.RedisZSetTests.<init>(RedisZSetTests.java:38)
]]></error>
  </testcase>
  <testcase name="testIterator[7]" classname="org.springframework.data.redis.support.collections.RedisZSetTests" time="0">
    <error message="Could not initialize class org.springframework.data.redis.test.util.MinimumRedisVersionRule" type="java.lang.NoClassDefFoundError"><![CDATA[java.lang.NoClassDefFoundError: Could not initialize class org.springframework.data.redis.test.util.MinimumRedisVersionRule
	at org.springframework.data.redis.support.collections.RedisZSetTests.<init>(RedisZSetTests.java:38)
]]></error>
  </testcase>
  <testcase name="testReverseRangeByScore[7]" classname="org.springframework.data.redis.support.collections.RedisZSetTests" time="0.001">
    <error message="Could not initialize class org.springframework.data.redis.test.util.MinimumRedisVersionRule" type="java.lang.NoClassDefFoundError"><![CDATA[java.lang.NoClassDefFoundError: Could not initialize class org.springframework.data.redis.test.util.MinimumRedisVersionRule
	at org.springframework.data.redis.support.collections.RedisZSetTests.<init>(RedisZSetTests.java:38)
]]></error>
  </testcase>
  <testcase name="testRangeByLexBoundedWithLimit[7]" classname="org.springframework.data.redis.support.collections.RedisZSetTests" time="0">
    <error message="Could not initialize class org.springframework.data.redis.test.util.MinimumRedisVersionRule" type="java.lang.NoClassDefFoundError"><![CDATA[java.lang.NoClassDefFoundError: Could not initialize class org.springframework.data.redis.test.util.MinimumRedisVersionRule
	at org.springframework.data.redis.support.collections.RedisZSetTests.<init>(RedisZSetTests.java:38)
]]></error>
  </testcase>
  <testcase name="testContainsObject[7]" classname="org.springframework.data.redis.support.collections.RedisZSetTests" time="0">
    <error message="Could not initialize class org.springframework.data.redis.test.util.MinimumRedisVersionRule" type="java.lang.NoClassDefFoundError"><![CDATA[java.lang.NoClassDefFoundError: Could not initialize class org.springframework.data.redis.test.util.MinimumRedisVersionRule
	at org.springframework.data.redis.support.collections.RedisZSetTests.<init>(RedisZSetTests.java:38)
]]></error>
  </testcase>
  <testcase name="testClear[7]" classname="org.springframework.data.redis.support.collections.RedisZSetTests" time="0">
    <error message="Could not initialize class org.springframework.data.redis.test.util.MinimumRedisVersionRule" type="java.lang.NoClassDefFoundError"><![CDATA[java.lang.NoClassDefFoundError: Could not initialize class org.springframework.data.redis.test.util.MinimumRedisVersionRule
	at org.springframework.data.redis.support.collections.RedisZSetTests.<init>(RedisZSetTests.java:38)
]]></error>
  </testcase>
  <testcase name="testSize[7]" classname="org.springframework.data.redis.support.collections.RedisZSetTests" time="0">
    <error message="Could not initialize class org.springframework.data.redis.test.util.MinimumRedisVersionRule" type="java.lang.NoClassDefFoundError"><![CDATA[java.lang.NoClassDefFoundError: Could not initialize class org.springframework.data.redis.test.util.MinimumRedisVersionRule
	at org.springframework.data.redis.support.collections.RedisZSetTests.<init>(RedisZSetTests.java:38)
]]></error>
  </testcase>
  <testcase name="testToString[7]" classname="org.springframework.data.redis.support.collections.RedisZSetTests" time="0">
    <error message="Could not initialize class org.springframework.data.redis.test.util.MinimumRedisVersionRule" type="java.lang.NoClassDefFoundError"><![CDATA[java.lang.NoClassDefFoundError: Could not initialize class org.springframework.data.redis.test.util.MinimumRedisVersionRule
	at org.springframework.data.redis.support.collections.RedisZSetTests.<init>(RedisZSetTests.java:38)
]]></error>
  </testcase>
  <testcase name="testContainsAll[7]" classname="org.springframework.data.redis.support.collections.RedisZSetTests" time="0">
    <error message="Could not initialize class org.springframework.data.redis.test.util.MinimumRedisVersionRule" type="java.lang.NoClassDefFoundError"><![CDATA[java.lang.NoClassDefFoundError: Could not initialize class org.springframework.data.redis.test.util.MinimumRedisVersionRule
	at org.springframework.data.redis.support.collections.RedisZSetTests.<init>(RedisZSetTests.java:38)
]]></error>
  </testcase>
  <testcase name="testRemoveObject[7]" classname="org.springframework.data.redis.support.collections.RedisZSetTests" time="0">
    <error message="Could not initialize class org.springframework.data.redis.test.util.MinimumRedisVersionRule" type="java.lang.NoClassDefFoundError"><![CDATA[java.lang.NoClassDefFoundError: Could not initialize class org.springframework.data.redis.test.util.MinimumRedisVersionRule
	at org.springframework.data.redis.support.collections.RedisZSetTests.<init>(RedisZSetTests.java:38)
]]></error>
  </testcase>
  <testcase name="testHashCode[7]" classname="org.springframework.data.redis.support.collections.RedisZSetTests" time="0">
    <error message="Could not initialize class org.springframework.data.redis.test.util.MinimumRedisVersionRule" type="java.lang.NoClassDefFoundError"><![CDATA[java.lang.NoClassDefFoundError: Could not initialize class org.springframework.data.redis.test.util.MinimumRedisVersionRule
	at org.springframework.data.redis.support.collections.RedisZSetTests.<init>(RedisZSetTests.java:38)
]]></error>
  </testcase>
  <testcase name="testAddAll[7]" classname="org.springframework.data.redis.support.collections.RedisZSetTests" time="0">
    <error message="Could not initialize class org.springframework.data.redis.test.util.MinimumRedisVersionRule" type="java.lang.NoClassDefFoundError"><![CDATA[java.lang.NoClassDefFoundError: Could not initialize class org.springframework.data.redis.test.util.MinimumRedisVersionRule
	at org.springframework.data.redis.support.collections.RedisZSetTests.<init>(RedisZSetTests.java:38)
]]></error>
  </testcase>
  <testcase name="removeAll[7]" classname="org.springframework.data.redis.support.collections.RedisZSetTests" time="0">
    <error message="Could not initialize class org.springframework.data.redis.test.util.MinimumRedisVersionRule" type="java.lang.NoClassDefFoundError"><![CDATA[java.lang.NoClassDefFoundError: Could not initialize class org.springframework.data.redis.test.util.MinimumRedisVersionRule
	at org.springframework.data.redis.support.collections.RedisZSetTests.<init>(RedisZSetTests.java:38)
]]></error>
  </testcase>
  <testcase name="testEquals[7]" classname="org.springframework.data.redis.support.collections.RedisZSetTests" time="0">
    <error message="Could not initialize class org.springframework.data.redis.test.util.MinimumRedisVersionRule" type="java.lang.NoClassDefFoundError"><![CDATA[java.lang.NoClassDefFoundError: Could not initialize class org.springframework.data.redis.test.util.MinimumRedisVersionRule
	at org.springframework.data.redis.support.collections.RedisZSetTests.<init>(RedisZSetTests.java:38)
]]></error>
  </testcase>
  <testcase name="testGetKey[7]" classname="org.springframework.data.redis.support.collections.RedisZSetTests" time="0">
    <error message="Could not initialize class org.springframework.data.redis.test.util.MinimumRedisVersionRule" type="java.lang.NoClassDefFoundError"><![CDATA[java.lang.NoClassDefFoundError: Could not initialize class org.springframework.data.redis.test.util.MinimumRedisVersionRule
	at org.springframework.data.redis.support.collections.RedisZSetTests.<init>(RedisZSetTests.java:38)
]]></error>
  </testcase>
  <testcase name="testIsEmpty[7]" classname="org.springframework.data.redis.support.collections.RedisZSetTests" time="0.001">
    <error message="Could not initialize class org.springframework.data.redis.test.util.MinimumRedisVersionRule" type="java.lang.NoClassDefFoundError"><![CDATA[java.lang.NoClassDefFoundError: Could not initialize class org.springframework.data.redis.test.util.MinimumRedisVersionRule
	at org.springframework.data.redis.support.collections.RedisZSetTests.<init>(RedisZSetTests.java:38)
]]></error>
  </testcase>
  <testcase name="testToArray[8]" classname="org.springframework.data.redis.support.collections.RedisZSetTests" time="0">
    <error message="Could not initialize class org.springframework.data.redis.test.util.MinimumRedisVersionRule" type="java.lang.NoClassDefFoundError"><![CDATA[java.lang.NoClassDefFoundError: Could not initialize class org.springframework.data.redis.test.util.MinimumRedisVersionRule
	at org.springframework.data.redis.support.collections.RedisZSetTests.<init>(RedisZSetTests.java:38)
]]></error>
  </testcase>
  <testcase name="testAdd[8]" classname="org.springframework.data.redis.support.collections.RedisZSetTests" time="0">
    <error message="Could not initialize class org.springframework.data.redis.test.util.MinimumRedisVersionRule" type="java.lang.NoClassDefFoundError"><![CDATA[java.lang.NoClassDefFoundError: Could not initialize class org.springframework.data.redis.test.util.MinimumRedisVersionRule
	at org.springframework.data.redis.support.collections.RedisZSetTests.<init>(RedisZSetTests.java:38)
]]></error>
  </testcase>
  <testcase name="testFirst[8]" classname="org.springframework.data.redis.support.collections.RedisZSetTests" time="0">
    <error message="Could not initialize class org.springframework.data.redis.test.util.MinimumRedisVersionRule" type="java.lang.NoClassDefFoundError"><![CDATA[java.lang.NoClassDefFoundError: Could not initialize class org.springframework.data.redis.test.util.MinimumRedisVersionRule
	at org.springframework.data.redis.support.collections.RedisZSetTests.<init>(RedisZSetTests.java:38)
]]></error>
  </testcase>
  <testcase name="testRange[8]" classname="org.springframework.data.redis.support.collections.RedisZSetTests" time="0">
    <error message="Could not initialize class org.springframework.data.redis.test.util.MinimumRedisVersionRule" type="java.lang.NoClassDefFoundError"><![CDATA[java.lang.NoClassDefFoundError: Could not initialize class org.springframework.data.redis.test.util.MinimumRedisVersionRule
	at org.springframework.data.redis.support.collections.RedisZSetTests.<init>(RedisZSetTests.java:38)
]]></error>
  </testcase>
  <testcase name="testScore[8]" classname="org.springframework.data.redis.support.collections.RedisZSetTests" time="0">
    <error message="Could not initialize class org.springframework.data.redis.test.util.MinimumRedisVersionRule" type="java.lang.NoClassDefFoundError"><![CDATA[java.lang.NoClassDefFoundError: Could not initialize class org.springframework.data.redis.test.util.MinimumRedisVersionRule
	at org.springframework.data.redis.support.collections.RedisZSetTests.<init>(RedisZSetTests.java:38)
]]></error>
  </testcase>
  <testcase name="testLast[8]" classname="org.springframework.data.redis.support.collections.RedisZSetTests" time="0">
    <error message="Could not initialize class org.springframework.data.redis.test.util.MinimumRedisVersionRule" type="java.lang.NoClassDefFoundError"><![CDATA[java.lang.NoClassDefFoundError: Could not initialize class org.springframework.data.redis.test.util.MinimumRedisVersionRule
	at org.springframework.data.redis.support.collections.RedisZSetTests.<init>(RedisZSetTests.java:38)
]]></error>
  </testcase>
  <testcase name="testRank[8]" classname="org.springframework.data.redis.support.collections.RedisZSetTests" time="0.001">
    <error message="Could not initialize class org.springframework.data.redis.test.util.MinimumRedisVersionRule" type="java.lang.NoClassDefFoundError"><![CDATA[java.lang.NoClassDefFoundError: Could not initialize class org.springframework.data.redis.test.util.MinimumRedisVersionRule
	at org.springframework.data.redis.support.collections.RedisZSetTests.<init>(RedisZSetTests.java:38)
]]></error>
  </testcase>
  <testcase name="testRemoveByScore[8]" classname="org.springframework.data.redis.support.collections.RedisZSetTests" time="0">
    <error message="Could not initialize class org.springframework.data.redis.test.util.MinimumRedisVersionRule" type="java.lang.NoClassDefFoundError"><![CDATA[java.lang.NoClassDefFoundError: Could not initialize class org.springframework.data.redis.test.util.MinimumRedisVersionRule
	at org.springframework.data.redis.support.collections.RedisZSetTests.<init>(RedisZSetTests.java:38)
]]></error>
  </testcase>
  <testcase name="testRangeWithScores[8]" classname="org.springframework.data.redis.support.collections.RedisZSetTests" time="0">
    <error message="Could not initialize class org.springframework.data.redis.test.util.MinimumRedisVersionRule" type="java.lang.NoClassDefFoundError"><![CDATA[java.lang.NoClassDefFoundError: Could not initialize class org.springframework.data.redis.test.util.MinimumRedisVersionRule
	at org.springframework.data.redis.support.collections.RedisZSetTests.<init>(RedisZSetTests.java:38)
]]></error>
  </testcase>
  <testcase name="testRangeByLexUnbounded[8]" classname="org.springframework.data.redis.support.collections.RedisZSetTests" time="0">
    <error message="Could not initialize class org.springframework.data.redis.test.util.MinimumRedisVersionRule" type="java.lang.NoClassDefFoundError"><![CDATA[java.lang.NoClassDefFoundError: Could not initialize class org.springframework.data.redis.test.util.MinimumRedisVersionRule
	at org.springframework.data.redis.support.collections.RedisZSetTests.<init>(RedisZSetTests.java:38)
]]></error>
  </testcase>
  <testcase name="testRangeByLexBounded[8]" classname="org.springframework.data.redis.support.collections.RedisZSetTests" time="0">
    <error message="Could not initialize class org.springframework.data.redis.test.util.MinimumRedisVersionRule" type="java.lang.NoClassDefFoundError"><![CDATA[java.lang.NoClassDefFoundError: Could not initialize class org.springframework.data.redis.test.util.MinimumRedisVersionRule
	at org.springframework.data.redis.support.collections.RedisZSetTests.<init>(RedisZSetTests.java:38)
]]></error>
  </testcase>
  <testcase name="testScanWorksCorrectly[8]" classname="org.springframework.data.redis.support.collections.RedisZSetTests" time="0">
    <error message="Could not initialize class org.springframework.data.redis.test.util.MinimumRedisVersionRule" type="java.lang.NoClassDefFoundError"><![CDATA[java.lang.NoClassDefFoundError: Could not initialize class org.springframework.data.redis.test.util.MinimumRedisVersionRule
	at org.springframework.data.redis.support.collections.RedisZSetTests.<init>(RedisZSetTests.java:38)
]]></error>
  </testcase>
  <testcase name="testRangeByScoreWithScores[8]" classname="org.springframework.data.redis.support.collections.RedisZSetTests" time="0">
    <error message="Could not initialize class org.springframework.data.redis.test.util.MinimumRedisVersionRule" type="java.lang.NoClassDefFoundError"><![CDATA[java.lang.NoClassDefFoundError: Could not initialize class org.springframework.data.redis.test.util.MinimumRedisVersionRule
	at org.springframework.data.redis.support.collections.RedisZSetTests.<init>(RedisZSetTests.java:38)
]]></error>
  </testcase>
  <testcase name="testDefaultScore[8]" classname="org.springframework.data.redis.support.collections.RedisZSetTests" time="0">
    <error message="Could not initialize class org.springframework.data.redis.test.util.MinimumRedisVersionRule" type="java.lang.NoClassDefFoundError"><![CDATA[java.lang.NoClassDefFoundError: Could not initialize class org.springframework.data.redis.test.util.MinimumRedisVersionRule
	at org.springframework.data.redis.support.collections.RedisZSetTests.<init>(RedisZSetTests.java:38)
]]></error>
  </testcase>
  <testcase name="testRangeByScore[8]" classname="org.springframework.data.redis.support.collections.RedisZSetTests" time="0">
    <error message="Could not initialize class org.springframework.data.redis.test.util.MinimumRedisVersionRule" type="java.lang.NoClassDefFoundError"><![CDATA[java.lang.NoClassDefFoundError: Could not initialize class org.springframework.data.redis.test.util.MinimumRedisVersionRule
	at org.springframework.data.redis.support.collections.RedisZSetTests.<init>(RedisZSetTests.java:38)
]]></error>
  </testcase>
  <testcase name="testIntersectAndStore[8]" classname="org.springframework.data.redis.support.collections.RedisZSetTests" time="0">
    <error message="Could not initialize class org.springframework.data.redis.test.util.MinimumRedisVersionRule" type="java.lang.NoClassDefFoundError"><![CDATA[java.lang.NoClassDefFoundError: Could not initialize class org.springframework.data.redis.test.util.MinimumRedisVersionRule
	at org.springframework.data.redis.support.collections.RedisZSetTests.<init>(RedisZSetTests.java:38)
]]></error>
  </testcase>
  <testcase name="testReverseRank[8]" classname="org.springframework.data.redis.support.collections.RedisZSetTests" time="0">
    <error message="Could not initialize class org.springframework.data.redis.test.util.MinimumRedisVersionRule" type="java.lang.NoClassDefFoundError"><![CDATA[java.lang.NoClassDefFoundError: Could not initialize class org.springframework.data.redis.test.util.MinimumRedisVersionRule
	at org.springframework.data.redis.support.collections.RedisZSetTests.<init>(RedisZSetTests.java:38)
]]></error>
  </testcase>
  <testcase name="testReverseRangeWithScores[8]" classname="org.springframework.data.redis.support.collections.RedisZSetTests" time="0">
    <error message="Could not initialize class org.springframework.data.redis.test.util.MinimumRedisVersionRule" type="java.lang.NoClassDefFoundError"><![CDATA[java.lang.NoClassDefFoundError: Could not initialize class org.springframework.data.redis.test.util.MinimumRedisVersionRule
	at org.springframework.data.redis.support.collections.RedisZSetTests.<init>(RedisZSetTests.java:38)
]]></error>
  </testcase>
  <testcase name="testReverseRange[8]" classname="org.springframework.data.redis.support.collections.RedisZSetTests" time="0">
    <error message="Could not initialize class org.springframework.data.redis.test.util.MinimumRedisVersionRule" type="java.lang.NoClassDefFoundError"><![CDATA[java.lang.NoClassDefFoundError: Could not initialize class org.springframework.data.redis.test.util.MinimumRedisVersionRule
	at org.springframework.data.redis.support.collections.RedisZSetTests.<init>(RedisZSetTests.java:38)
]]></error>
  </testcase>
  <testcase name="testUnionAndStore[8]" classname="org.springframework.data.redis.support.collections.RedisZSetTests" time="0">
    <error message="Could not initialize class org.springframework.data.redis.test.util.MinimumRedisVersionRule" type="java.lang.NoClassDefFoundError"><![CDATA[java.lang.NoClassDefFoundError: Could not initialize class org.springframework.data.redis.test.util.MinimumRedisVersionRule
	at org.springframework.data.redis.support.collections.RedisZSetTests.<init>(RedisZSetTests.java:38)
]]></error>
  </testcase>
  <testcase name="testRangeByLexUnboundedWithLimit[8]" classname="org.springframework.data.redis.support.collections.RedisZSetTests" time="0">
    <error message="Could not initialize class org.springframework.data.redis.test.util.MinimumRedisVersionRule" type="java.lang.NoClassDefFoundError"><![CDATA[java.lang.NoClassDefFoundError: Could not initialize class org.springframework.data.redis.test.util.MinimumRedisVersionRule
	at org.springframework.data.redis.support.collections.RedisZSetTests.<init>(RedisZSetTests.java:38)
]]></error>
  </testcase>
  <testcase name="testReverseRangeByScoreWithScores[8]" classname="org.springframework.data.redis.support.collections.RedisZSetTests" time="0">
    <error message="Could not initialize class org.springframework.data.redis.test.util.MinimumRedisVersionRule" type="java.lang.NoClassDefFoundError"><![CDATA[java.lang.NoClassDefFoundError: Could not initialize class org.springframework.data.redis.test.util.MinimumRedisVersionRule
	at org.springframework.data.redis.support.collections.RedisZSetTests.<init>(RedisZSetTests.java:38)
]]></error>
  </testcase>
  <testcase name="testToArrayWithGenerics[8]" classname="org.springframework.data.redis.support.collections.RedisZSetTests" time="0">
    <error message="Could not initialize class org.springframework.data.redis.test.util.MinimumRedisVersionRule" type="java.lang.NoClassDefFoundError"><![CDATA[java.lang.NoClassDefFoundError: Could not initialize class org.springframework.data.redis.test.util.MinimumRedisVersionRule
	at org.springframework.data.redis.support.collections.RedisZSetTests.<init>(RedisZSetTests.java:38)
]]></error>
  </testcase>
  <testcase name="testFirstException[8]" classname="org.springframework.data.redis.support.collections.RedisZSetTests" time="0">
    <error message="Could not initialize class org.springframework.data.redis.test.util.MinimumRedisVersionRule" type="java.lang.NoClassDefFoundError"><![CDATA[java.lang.NoClassDefFoundError: Could not initialize class org.springframework.data.redis.test.util.MinimumRedisVersionRule
	at org.springframework.data.redis.support.collections.RedisZSetTests.<init>(RedisZSetTests.java:38)
]]></error>
  </testcase>
  <testcase name="testLastException[8]" classname="org.springframework.data.redis.support.collections.RedisZSetTests" time="0">
    <error message="Could not initialize class org.springframework.data.redis.test.util.MinimumRedisVersionRule" type="java.lang.NoClassDefFoundError"><![CDATA[java.lang.NoClassDefFoundError: Could not initialize class org.springframework.data.redis.test.util.MinimumRedisVersionRule
	at org.springframework.data.redis.support.collections.RedisZSetTests.<init>(RedisZSetTests.java:38)
]]></error>
  </testcase>
  <testcase name="testRemove[8]" classname="org.springframework.data.redis.support.collections.RedisZSetTests" time="0">
    <error message="Could not initialize class org.springframework.data.redis.test.util.MinimumRedisVersionRule" type="java.lang.NoClassDefFoundError"><![CDATA[java.lang.NoClassDefFoundError: Could not initialize class org.springframework.data.redis.test.util.MinimumRedisVersionRule
	at org.springframework.data.redis.support.collections.RedisZSetTests.<init>(RedisZSetTests.java:38)
]]></error>
  </testcase>
  <testcase name="testAddWithScore[8]" classname="org.springframework.data.redis.support.collections.RedisZSetTests" time="0">
    <error message="Could not initialize class org.springframework.data.redis.test.util.MinimumRedisVersionRule" type="java.lang.NoClassDefFoundError"><![CDATA[java.lang.NoClassDefFoundError: Could not initialize class org.springframework.data.redis.test.util.MinimumRedisVersionRule
	at org.springframework.data.redis.support.collections.RedisZSetTests.<init>(RedisZSetTests.java:38)
]]></error>
  </testcase>
  <testcase name="testIterator[8]" classname="org.springframework.data.redis.support.collections.RedisZSetTests" time="0">
    <error message="Could not initialize class org.springframework.data.redis.test.util.MinimumRedisVersionRule" type="java.lang.NoClassDefFoundError"><![CDATA[java.lang.NoClassDefFoundError: Could not initialize class org.springframework.data.redis.test.util.MinimumRedisVersionRule
	at org.springframework.data.redis.support.collections.RedisZSetTests.<init>(RedisZSetTests.java:38)
]]></error>
  </testcase>
  <testcase name="testReverseRangeByScore[8]" classname="org.springframework.data.redis.support.collections.RedisZSetTests" time="0">
    <error message="Could not initialize class org.springframework.data.redis.test.util.MinimumRedisVersionRule" type="java.lang.NoClassDefFoundError"><![CDATA[java.lang.NoClassDefFoundError: Could not initialize class org.springframework.data.redis.test.util.MinimumRedisVersionRule
	at org.springframework.data.redis.support.collections.RedisZSetTests.<init>(RedisZSetTests.java:38)
]]></error>
  </testcase>
  <testcase name="testRangeByLexBoundedWithLimit[8]" classname="org.springframework.data.redis.support.collections.RedisZSetTests" time="0">
    <error message="Could not initialize class org.springframework.data.redis.test.util.MinimumRedisVersionRule" type="java.lang.NoClassDefFoundError"><![CDATA[java.lang.NoClassDefFoundError: Could not initialize class org.springframework.data.redis.test.util.MinimumRedisVersionRule
	at org.springframework.data.redis.support.collections.RedisZSetTests.<init>(RedisZSetTests.java:38)
]]></error>
  </testcase>
  <testcase name="testContainsObject[8]" classname="org.springframework.data.redis.support.collections.RedisZSetTests" time="0">
    <error message="Could not initialize class org.springframework.data.redis.test.util.MinimumRedisVersionRule" type="java.lang.NoClassDefFoundError"><![CDATA[java.lang.NoClassDefFoundError: Could not initialize class org.springframework.data.redis.test.util.MinimumRedisVersionRule
	at org.springframework.data.redis.support.collections.RedisZSetTests.<init>(RedisZSetTests.java:38)
]]></error>
  </testcase>
  <testcase name="testClear[8]" classname="org.springframework.data.redis.support.collections.RedisZSetTests" time="0">
    <error message="Could not initialize class org.springframework.data.redis.test.util.MinimumRedisVersionRule" type="java.lang.NoClassDefFoundError"><![CDATA[java.lang.NoClassDefFoundError: Could not initialize class org.springframework.data.redis.test.util.MinimumRedisVersionRule
	at org.springframework.data.redis.support.collections.RedisZSetTests.<init>(RedisZSetTests.java:38)
]]></error>
  </testcase>
  <testcase name="testSize[8]" classname="org.springframework.data.redis.support.collections.RedisZSetTests" time="0">
    <error message="Could not initialize class org.springframework.data.redis.test.util.MinimumRedisVersionRule" type="java.lang.NoClassDefFoundError"><![CDATA[java.lang.NoClassDefFoundError: Could not initialize class org.springframework.data.redis.test.util.MinimumRedisVersionRule
	at org.springframework.data.redis.support.collections.RedisZSetTests.<init>(RedisZSetTests.java:38)
]]></error>
  </testcase>
  <testcase name="testToString[8]" classname="org.springframework.data.redis.support.collections.RedisZSetTests" time="0">
    <error message="Could not initialize class org.springframework.data.redis.test.util.MinimumRedisVersionRule" type="java.lang.NoClassDefFoundError"><![CDATA[java.lang.NoClassDefFoundError: Could not initialize class org.springframework.data.redis.test.util.MinimumRedisVersionRule
	at org.springframework.data.redis.support.collections.RedisZSetTests.<init>(RedisZSetTests.java:38)
]]></error>
  </testcase>
  <testcase name="testContainsAll[8]" classname="org.springframework.data.redis.support.collections.RedisZSetTests" time="0">
    <error message="Could not initialize class org.springframework.data.redis.test.util.MinimumRedisVersionRule" type="java.lang.NoClassDefFoundError"><![CDATA[java.lang.NoClassDefFoundError: Could not initialize class org.springframework.data.redis.test.util.MinimumRedisVersionRule
	at org.springframework.data.redis.support.collections.RedisZSetTests.<init>(RedisZSetTests.java:38)
]]></error>
  </testcase>
  <testcase name="testRemoveObject[8]" classname="org.springframework.data.redis.support.collections.RedisZSetTests" time="0">
    <error message="Could not initialize class org.springframework.data.redis.test.util.MinimumRedisVersionRule" type="java.lang.NoClassDefFoundError"><![CDATA[java.lang.NoClassDefFoundError: Could not initialize class org.springframework.data.redis.test.util.MinimumRedisVersionRule
	at org.springframework.data.redis.support.collections.RedisZSetTests.<init>(RedisZSetTests.java:38)
]]></error>
  </testcase>
  <testcase name="testHashCode[8]" classname="org.springframework.data.redis.support.collections.RedisZSetTests" time="0">
    <error message="Could not initialize class org.springframework.data.redis.test.util.MinimumRedisVersionRule" type="java.lang.NoClassDefFoundError"><![CDATA[java.lang.NoClassDefFoundError: Could not initialize class org.springframework.data.redis.test.util.MinimumRedisVersionRule
	at org.springframework.data.redis.support.collections.RedisZSetTests.<init>(RedisZSetTests.java:38)
]]></error>
  </testcase>
  <testcase name="testAddAll[8]" classname="org.springframework.data.redis.support.collections.RedisZSetTests" time="0">
    <error message="Could not initialize class org.springframework.data.redis.test.util.MinimumRedisVersionRule" type="java.lang.NoClassDefFoundError"><![CDATA[java.lang.NoClassDefFoundError: Could not initialize class org.springframework.data.redis.test.util.MinimumRedisVersionRule
	at org.springframework.data.redis.support.collections.RedisZSetTests.<init>(RedisZSetTests.java:38)
]]></error>
  </testcase>
  <testcase name="removeAll[8]" classname="org.springframework.data.redis.support.collections.RedisZSetTests" time="0">
    <error message="Could not initialize class org.springframework.data.redis.test.util.MinimumRedisVersionRule" type="java.lang.NoClassDefFoundError"><![CDATA[java.lang.NoClassDefFoundError: Could not initialize class org.springframework.data.redis.test.util.MinimumRedisVersionRule
	at org.springframework.data.redis.support.collections.RedisZSetTests.<init>(RedisZSetTests.java:38)
]]></error>
  </testcase>
  <testcase name="testEquals[8]" classname="org.springframework.data.redis.support.collections.RedisZSetTests" time="0">
    <error message="Could not initialize class org.springframework.data.redis.test.util.MinimumRedisVersionRule" type="java.lang.NoClassDefFoundError"><![CDATA[java.lang.NoClassDefFoundError: Could not initialize class org.springframework.data.redis.test.util.MinimumRedisVersionRule
	at org.springframework.data.redis.support.collections.RedisZSetTests.<init>(RedisZSetTests.java:38)
]]></error>
  </testcase>
  <testcase name="testGetKey[8]" classname="org.springframework.data.redis.support.collections.RedisZSetTests" time="0">
    <error message="Could not initialize class org.springframework.data.redis.test.util.MinimumRedisVersionRule" type="java.lang.NoClassDefFoundError"><![CDATA[java.lang.NoClassDefFoundError: Could not initialize class org.springframework.data.redis.test.util.MinimumRedisVersionRule
	at org.springframework.data.redis.support.collections.RedisZSetTests.<init>(RedisZSetTests.java:38)
]]></error>
  </testcase>
  <testcase name="testIsEmpty[8]" classname="org.springframework.data.redis.support.collections.RedisZSetTests" time="0">
    <error message="Could not initialize class org.springframework.data.redis.test.util.MinimumRedisVersionRule" type="java.lang.NoClassDefFoundError"><![CDATA[java.lang.NoClassDefFoundError: Could not initialize class org.springframework.data.redis.test.util.MinimumRedisVersionRule
	at org.springframework.data.redis.support.collections.RedisZSetTests.<init>(RedisZSetTests.java:38)
]]></error>
  </testcase>
  <testcase name="testToArray[9]" classname="org.springframework.data.redis.support.collections.RedisZSetTests" time="0">
    <error message="Could not initialize class org.springframework.data.redis.test.util.MinimumRedisVersionRule" type="java.lang.NoClassDefFoundError"><![CDATA[java.lang.NoClassDefFoundError: Could not initialize class org.springframework.data.redis.test.util.MinimumRedisVersionRule
	at org.springframework.data.redis.support.collections.RedisZSetTests.<init>(RedisZSetTests.java:38)
]]></error>
  </testcase>
  <testcase name="testAdd[9]" classname="org.springframework.data.redis.support.collections.RedisZSetTests" time="0">
    <error message="Could not initialize class org.springframework.data.redis.test.util.MinimumRedisVersionRule" type="java.lang.NoClassDefFoundError"><![CDATA[java.lang.NoClassDefFoundError: Could not initialize class org.springframework.data.redis.test.util.MinimumRedisVersionRule
	at org.springframework.data.redis.support.collections.RedisZSetTests.<init>(RedisZSetTests.java:38)
]]></error>
  </testcase>
  <testcase name="testFirst[9]" classname="org.springframework.data.redis.support.collections.RedisZSetTests" time="0">
    <error message="Could not initialize class org.springframework.data.redis.test.util.MinimumRedisVersionRule" type="java.lang.NoClassDefFoundError"><![CDATA[java.lang.NoClassDefFoundError: Could not initialize class org.springframework.data.redis.test.util.MinimumRedisVersionRule
	at org.springframework.data.redis.support.collections.RedisZSetTests.<init>(RedisZSetTests.java:38)
]]></error>
  </testcase>
  <testcase name="testRange[9]" classname="org.springframework.data.redis.support.collections.RedisZSetTests" time="0.001">
    <error message="Could not initialize class org.springframework.data.redis.test.util.MinimumRedisVersionRule" type="java.lang.NoClassDefFoundError"><![CDATA[java.lang.NoClassDefFoundError: Could not initialize class org.springframework.data.redis.test.util.MinimumRedisVersionRule
	at org.springframework.data.redis.support.collections.RedisZSetTests.<init>(RedisZSetTests.java:38)
]]></error>
  </testcase>
  <testcase name="testScore[9]" classname="org.springframework.data.redis.support.collections.RedisZSetTests" time="0">
    <error message="Could not initialize class org.springframework.data.redis.test.util.MinimumRedisVersionRule" type="java.lang.NoClassDefFoundError"><![CDATA[java.lang.NoClassDefFoundError: Could not initialize class org.springframework.data.redis.test.util.MinimumRedisVersionRule
	at org.springframework.data.redis.support.collections.RedisZSetTests.<init>(RedisZSetTests.java:38)
]]></error>
  </testcase>
  <testcase name="testLast[9]" classname="org.springframework.data.redis.support.collections.RedisZSetTests" time="0.001">
    <error message="Could not initialize class org.springframework.data.redis.test.util.MinimumRedisVersionRule" type="java.lang.NoClassDefFoundError"><![CDATA[java.lang.NoClassDefFoundError: Could not initialize class org.springframework.data.redis.test.util.MinimumRedisVersionRule
	at org.springframework.data.redis.support.collections.RedisZSetTests.<init>(RedisZSetTests.java:38)
]]></error>
  </testcase>
  <testcase name="testRank[9]" classname="org.springframework.data.redis.support.collections.RedisZSetTests" time="0">
    <error message="Could not initialize class org.springframework.data.redis.test.util.MinimumRedisVersionRule" type="java.lang.NoClassDefFoundError"><![CDATA[java.lang.NoClassDefFoundError: Could not initialize class org.springframework.data.redis.test.util.MinimumRedisVersionRule
	at org.springframework.data.redis.support.collections.RedisZSetTests.<init>(RedisZSetTests.java:38)
]]></error>
  </testcase>
  <testcase name="testRemoveByScore[9]" classname="org.springframework.data.redis.support.collections.RedisZSetTests" time="0">
    <error message="Could not initialize class org.springframework.data.redis.test.util.MinimumRedisVersionRule" type="java.lang.NoClassDefFoundError"><![CDATA[java.lang.NoClassDefFoundError: Could not initialize class org.springframework.data.redis.test.util.MinimumRedisVersionRule
	at org.springframework.data.redis.support.collections.RedisZSetTests.<init>(RedisZSetTests.java:38)
]]></error>
  </testcase>
  <testcase name="testRangeWithScores[9]" classname="org.springframework.data.redis.support.collections.RedisZSetTests" time="0">
    <error message="Could not initialize class org.springframework.data.redis.test.util.MinimumRedisVersionRule" type="java.lang.NoClassDefFoundError"><![CDATA[java.lang.NoClassDefFoundError: Could not initialize class org.springframework.data.redis.test.util.MinimumRedisVersionRule
	at org.springframework.data.redis.support.collections.RedisZSetTests.<init>(RedisZSetTests.java:38)
]]></error>
  </testcase>
  <testcase name="testRangeByLexUnbounded[9]" classname="org.springframework.data.redis.support.collections.RedisZSetTests" time="0">
    <error message="Could not initialize class org.springframework.data.redis.test.util.MinimumRedisVersionRule" type="java.lang.NoClassDefFoundError"><![CDATA[java.lang.NoClassDefFoundError: Could not initialize class org.springframework.data.redis.test.util.MinimumRedisVersionRule
	at org.springframework.data.redis.support.collections.RedisZSetTests.<init>(RedisZSetTests.java:38)
]]></error>
  </testcase>
  <testcase name="testRangeByLexBounded[9]" classname="org.springframework.data.redis.support.collections.RedisZSetTests" time="0">
    <error message="Could not initialize class org.springframework.data.redis.test.util.MinimumRedisVersionRule" type="java.lang.NoClassDefFoundError"><![CDATA[java.lang.NoClassDefFoundError: Could not initialize class org.springframework.data.redis.test.util.MinimumRedisVersionRule
	at org.springframework.data.redis.support.collections.RedisZSetTests.<init>(RedisZSetTests.java:38)
]]></error>
  </testcase>
  <testcase name="testScanWorksCorrectly[9]" classname="org.springframework.data.redis.support.collections.RedisZSetTests" time="0">
    <error message="Could not initialize class org.springframework.data.redis.test.util.MinimumRedisVersionRule" type="java.lang.NoClassDefFoundError"><![CDATA[java.lang.NoClassDefFoundError: Could not initialize class org.springframework.data.redis.test.util.MinimumRedisVersionRule
	at org.springframework.data.redis.support.collections.RedisZSetTests.<init>(RedisZSetTests.java:38)
]]></error>
  </testcase>
  <testcase name="testRangeByScoreWithScores[9]" classname="org.springframework.data.redis.support.collections.RedisZSetTests" time="0">
    <error message="Could not initialize class org.springframework.data.redis.test.util.MinimumRedisVersionRule" type="java.lang.NoClassDefFoundError"><![CDATA[java.lang.NoClassDefFoundError: Could not initialize class org.springframework.data.redis.test.util.MinimumRedisVersionRule
	at org.springframework.data.redis.support.collections.RedisZSetTests.<init>(RedisZSetTests.java:38)
]]></error>
  </testcase>
  <testcase name="testDefaultScore[9]" classname="org.springframework.data.redis.support.collections.RedisZSetTests" time="0">
    <error message="Could not initialize class org.springframework.data.redis.test.util.MinimumRedisVersionRule" type="java.lang.NoClassDefFoundError"><![CDATA[java.lang.NoClassDefFoundError: Could not initialize class org.springframework.data.redis.test.util.MinimumRedisVersionRule
	at org.springframework.data.redis.support.collections.RedisZSetTests.<init>(RedisZSetTests.java:38)
]]></error>
  </testcase>
  <testcase name="testRangeByScore[9]" classname="org.springframework.data.redis.support.collections.RedisZSetTests" time="0">
    <error message="Could not initialize class org.springframework.data.redis.test.util.MinimumRedisVersionRule" type="java.lang.NoClassDefFoundError"><![CDATA[java.lang.NoClassDefFoundError: Could not initialize class org.springframework.data.redis.test.util.MinimumRedisVersionRule
	at org.springframework.data.redis.support.collections.RedisZSetTests.<init>(RedisZSetTests.java:38)
]]></error>
  </testcase>
  <testcase name="testIntersectAndStore[9]" classname="org.springframework.data.redis.support.collections.RedisZSetTests" time="0">
    <error message="Could not initialize class org.springframework.data.redis.test.util.MinimumRedisVersionRule" type="java.lang.NoClassDefFoundError"><![CDATA[java.lang.NoClassDefFoundError: Could not initialize class org.springframework.data.redis.test.util.MinimumRedisVersionRule
	at org.springframework.data.redis.support.collections.RedisZSetTests.<init>(RedisZSetTests.java:38)
]]></error>
  </testcase>
  <testcase name="testReverseRank[9]" classname="org.springframework.data.redis.support.collections.RedisZSetTests" time="0">
    <error message="Could not initialize class org.springframework.data.redis.test.util.MinimumRedisVersionRule" type="java.lang.NoClassDefFoundError"><![CDATA[java.lang.NoClassDefFoundError: Could not initialize class org.springframework.data.redis.test.util.MinimumRedisVersionRule
	at org.springframework.data.redis.support.collections.RedisZSetTests.<init>(RedisZSetTests.java:38)
]]></error>
  </testcase>
  <testcase name="testReverseRangeWithScores[9]" classname="org.springframework.data.redis.support.collections.RedisZSetTests" time="0">
    <error message="Could not initialize class org.springframework.data.redis.test.util.MinimumRedisVersionRule" type="java.lang.NoClassDefFoundError"><![CDATA[java.lang.NoClassDefFoundError: Could not initialize class org.springframework.data.redis.test.util.MinimumRedisVersionRule
	at org.springframework.data.redis.support.collections.RedisZSetTests.<init>(RedisZSetTests.java:38)
]]></error>
  </testcase>
  <testcase name="testReverseRange[9]" classname="org.springframework.data.redis.support.collections.RedisZSetTests" time="0.001">
    <error message="Could not initialize class org.springframework.data.redis.test.util.MinimumRedisVersionRule" type="java.lang.NoClassDefFoundError"><![CDATA[java.lang.NoClassDefFoundError: Could not initialize class org.springframework.data.redis.test.util.MinimumRedisVersionRule
	at org.springframework.data.redis.support.collections.RedisZSetTests.<init>(RedisZSetTests.java:38)
]]></error>
  </testcase>
  <testcase name="testUnionAndStore[9]" classname="org.springframework.data.redis.support.collections.RedisZSetTests" time="0">
    <error message="Could not initialize class org.springframework.data.redis.test.util.MinimumRedisVersionRule" type="java.lang.NoClassDefFoundError"><![CDATA[java.lang.NoClassDefFoundError: Could not initialize class org.springframework.data.redis.test.util.MinimumRedisVersionRule
	at org.springframework.data.redis.support.collections.RedisZSetTests.<init>(RedisZSetTests.java:38)
]]></error>
  </testcase>
  <testcase name="testRangeByLexUnboundedWithLimit[9]" classname="org.springframework.data.redis.support.collections.RedisZSetTests" time="0">
    <error message="Could not initialize class org.springframework.data.redis.test.util.MinimumRedisVersionRule" type="java.lang.NoClassDefFoundError"><![CDATA[java.lang.NoClassDefFoundError: Could not initialize class org.springframework.data.redis.test.util.MinimumRedisVersionRule
	at org.springframework.data.redis.support.collections.RedisZSetTests.<init>(RedisZSetTests.java:38)
]]></error>
  </testcase>
  <testcase name="testReverseRangeByScoreWithScores[9]" classname="org.springframework.data.redis.support.collections.RedisZSetTests" time="0">
    <error message="Could not initialize class org.springframework.data.redis.test.util.MinimumRedisVersionRule" type="java.lang.NoClassDefFoundError"><![CDATA[java.lang.NoClassDefFoundError: Could not initialize class org.springframework.data.redis.test.util.MinimumRedisVersionRule
	at org.springframework.data.redis.support.collections.RedisZSetTests.<init>(RedisZSetTests.java:38)
]]></error>
  </testcase>
  <testcase name="testToArrayWithGenerics[9]" classname="org.springframework.data.redis.support.collections.RedisZSetTests" time="0">
    <error message="Could not initialize class org.springframework.data.redis.test.util.MinimumRedisVersionRule" type="java.lang.NoClassDefFoundError"><![CDATA[java.lang.NoClassDefFoundError: Could not initialize class org.springframework.data.redis.test.util.MinimumRedisVersionRule
	at org.springframework.data.redis.support.collections.RedisZSetTests.<init>(RedisZSetTests.java:38)
]]></error>
  </testcase>
  <testcase name="testFirstException[9]" classname="org.springframework.data.redis.support.collections.RedisZSetTests" time="0">
    <error message="Could not initialize class org.springframework.data.redis.test.util.MinimumRedisVersionRule" type="java.lang.NoClassDefFoundError"><![CDATA[java.lang.NoClassDefFoundError: Could not initialize class org.springframework.data.redis.test.util.MinimumRedisVersionRule
	at org.springframework.data.redis.support.collections.RedisZSetTests.<init>(RedisZSetTests.java:38)
]]></error>
  </testcase>
  <testcase name="testLastException[9]" classname="org.springframework.data.redis.support.collections.RedisZSetTests" time="0">
    <error message="Could not initialize class org.springframework.data.redis.test.util.MinimumRedisVersionRule" type="java.lang.NoClassDefFoundError"><![CDATA[java.lang.NoClassDefFoundError: Could not initialize class org.springframework.data.redis.test.util.MinimumRedisVersionRule
	at org.springframework.data.redis.support.collections.RedisZSetTests.<init>(RedisZSetTests.java:38)
]]></error>
  </testcase>
  <testcase name="testRemove[9]" classname="org.springframework.data.redis.support.collections.RedisZSetTests" time="0">
    <error message="Could not initialize class org.springframework.data.redis.test.util.MinimumRedisVersionRule" type="java.lang.NoClassDefFoundError"><![CDATA[java.lang.NoClassDefFoundError: Could not initialize class org.springframework.data.redis.test.util.MinimumRedisVersionRule
	at org.springframework.data.redis.support.collections.RedisZSetTests.<init>(RedisZSetTests.java:38)
]]></error>
  </testcase>
  <testcase name="testAddWithScore[9]" classname="org.springframework.data.redis.support.collections.RedisZSetTests" time="0">
    <error message="Could not initialize class org.springframework.data.redis.test.util.MinimumRedisVersionRule" type="java.lang.NoClassDefFoundError"><![CDATA[java.lang.NoClassDefFoundError: Could not initialize class org.springframework.data.redis.test.util.MinimumRedisVersionRule
	at org.springframework.data.redis.support.collections.RedisZSetTests.<init>(RedisZSetTests.java:38)
]]></error>
  </testcase>
  <testcase name="testIterator[9]" classname="org.springframework.data.redis.support.collections.RedisZSetTests" time="0">
    <error message="Could not initialize class org.springframework.data.redis.test.util.MinimumRedisVersionRule" type="java.lang.NoClassDefFoundError"><![CDATA[java.lang.NoClassDefFoundError: Could not initialize class org.springframework.data.redis.test.util.MinimumRedisVersionRule
	at org.springframework.data.redis.support.collections.RedisZSetTests.<init>(RedisZSetTests.java:38)
]]></error>
  </testcase>
  <testcase name="testReverseRangeByScore[9]" classname="org.springframework.data.redis.support.collections.RedisZSetTests" time="0">
    <error message="Could not initialize class org.springframework.data.redis.test.util.MinimumRedisVersionRule" type="java.lang.NoClassDefFoundError"><![CDATA[java.lang.NoClassDefFoundError: Could not initialize class org.springframework.data.redis.test.util.MinimumRedisVersionRule
	at org.springframework.data.redis.support.collections.RedisZSetTests.<init>(RedisZSetTests.java:38)
]]></error>
  </testcase>
  <testcase name="testRangeByLexBoundedWithLimit[9]" classname="org.springframework.data.redis.support.collections.RedisZSetTests" time="0">
    <error message="Could not initialize class org.springframework.data.redis.test.util.MinimumRedisVersionRule" type="java.lang.NoClassDefFoundError"><![CDATA[java.lang.NoClassDefFoundError: Could not initialize class org.springframework.data.redis.test.util.MinimumRedisVersionRule
	at org.springframework.data.redis.support.collections.RedisZSetTests.<init>(RedisZSetTests.java:38)
]]></error>
  </testcase>
  <testcase name="testContainsObject[9]" classname="org.springframework.data.redis.support.collections.RedisZSetTests" time="0">
    <error message="Could not initialize class org.springframework.data.redis.test.util.MinimumRedisVersionRule" type="java.lang.NoClassDefFoundError"><![CDATA[java.lang.NoClassDefFoundError: Could not initialize class org.springframework.data.redis.test.util.MinimumRedisVersionRule
	at org.springframework.data.redis.support.collections.RedisZSetTests.<init>(RedisZSetTests.java:38)
]]></error>
  </testcase>
  <testcase name="testClear[9]" classname="org.springframework.data.redis.support.collections.RedisZSetTests" time="0.001">
    <error message="Could not initialize class org.springframework.data.redis.test.util.MinimumRedisVersionRule" type="java.lang.NoClassDefFoundError"><![CDATA[java.lang.NoClassDefFoundError: Could not initialize class org.springframework.data.redis.test.util.MinimumRedisVersionRule
	at org.springframework.data.redis.support.collections.RedisZSetTests.<init>(RedisZSetTests.java:38)
]]></error>
  </testcase>
  <testcase name="testSize[9]" classname="org.springframework.data.redis.support.collections.RedisZSetTests" time="0">
    <error message="Could not initialize class org.springframework.data.redis.test.util.MinimumRedisVersionRule" type="java.lang.NoClassDefFoundError"><![CDATA[java.lang.NoClassDefFoundError: Could not initialize class org.springframework.data.redis.test.util.MinimumRedisVersionRule
	at org.springframework.data.redis.support.collections.RedisZSetTests.<init>(RedisZSetTests.java:38)
]]></error>
  </testcase>
  <testcase name="testToString[9]" classname="org.springframework.data.redis.support.collections.RedisZSetTests" time="0">
    <error message="Could not initialize class org.springframework.data.redis.test.util.MinimumRedisVersionRule" type="java.lang.NoClassDefFoundError"><![CDATA[java.lang.NoClassDefFoundError: Could not initialize class org.springframework.data.redis.test.util.MinimumRedisVersionRule
	at org.springframework.data.redis.support.collections.RedisZSetTests.<init>(RedisZSetTests.java:38)
]]></error>
  </testcase>
  <testcase name="testContainsAll[9]" classname="org.springframework.data.redis.support.collections.RedisZSetTests" time="0">
    <error message="Could not initialize class org.springframework.data.redis.test.util.MinimumRedisVersionRule" type="java.lang.NoClassDefFoundError"><![CDATA[java.lang.NoClassDefFoundError: Could not initialize class org.springframework.data.redis.test.util.MinimumRedisVersionRule
	at org.springframework.data.redis.support.collections.RedisZSetTests.<init>(RedisZSetTests.java:38)
]]></error>
  </testcase>
  <testcase name="testRemoveObject[9]" classname="org.springframework.data.redis.support.collections.RedisZSetTests" time="0">
    <error message="Could not initialize class org.springframework.data.redis.test.util.MinimumRedisVersionRule" type="java.lang.NoClassDefFoundError"><![CDATA[java.lang.NoClassDefFoundError: Could not initialize class org.springframework.data.redis.test.util.MinimumRedisVersionRule
	at org.springframework.data.redis.support.collections.RedisZSetTests.<init>(RedisZSetTests.java:38)
]]></error>
  </testcase>
  <testcase name="testHashCode[9]" classname="org.springframework.data.redis.support.collections.RedisZSetTests" time="0">
    <error message="Could not initialize class org.springframework.data.redis.test.util.MinimumRedisVersionRule" type="java.lang.NoClassDefFoundError"><![CDATA[java.lang.NoClassDefFoundError: Could not initialize class org.springframework.data.redis.test.util.MinimumRedisVersionRule
	at org.springframework.data.redis.support.collections.RedisZSetTests.<init>(RedisZSetTests.java:38)
]]></error>
  </testcase>
  <testcase name="testAddAll[9]" classname="org.springframework.data.redis.support.collections.RedisZSetTests" time="0">
    <error message="Could not initialize class org.springframework.data.redis.test.util.MinimumRedisVersionRule" type="java.lang.NoClassDefFoundError"><![CDATA[java.lang.NoClassDefFoundError: Could not initialize class org.springframework.data.redis.test.util.MinimumRedisVersionRule
	at org.springframework.data.redis.support.collections.RedisZSetTests.<init>(RedisZSetTests.java:38)
]]></error>
  </testcase>
  <testcase name="removeAll[9]" classname="org.springframework.data.redis.support.collections.RedisZSetTests" time="0">
    <error message="Could not initialize class org.springframework.data.redis.test.util.MinimumRedisVersionRule" type="java.lang.NoClassDefFoundError"><![CDATA[java.lang.NoClassDefFoundError: Could not initialize class org.springframework.data.redis.test.util.MinimumRedisVersionRule
	at org.springframework.data.redis.support.collections.RedisZSetTests.<init>(RedisZSetTests.java:38)
]]></error>
  </testcase>
  <testcase name="testEquals[9]" classname="org.springframework.data.redis.support.collections.RedisZSetTests" time="0">
    <error message="Could not initialize class org.springframework.data.redis.test.util.MinimumRedisVersionRule" type="java.lang.NoClassDefFoundError"><![CDATA[java.lang.NoClassDefFoundError: Could not initialize class org.springframework.data.redis.test.util.MinimumRedisVersionRule
	at org.springframework.data.redis.support.collections.RedisZSetTests.<init>(RedisZSetTests.java:38)
]]></error>
  </testcase>
  <testcase name="testGetKey[9]" classname="org.springframework.data.redis.support.collections.RedisZSetTests" time="0">
    <error message="Could not initialize class org.springframework.data.redis.test.util.MinimumRedisVersionRule" type="java.lang.NoClassDefFoundError"><![CDATA[java.lang.NoClassDefFoundError: Could not initialize class org.springframework.data.redis.test.util.MinimumRedisVersionRule
	at org.springframework.data.redis.support.collections.RedisZSetTests.<init>(RedisZSetTests.java:38)
]]></error>
  </testcase>
  <testcase name="testIsEmpty[9]" classname="org.springframework.data.redis.support.collections.RedisZSetTests" time="0">
    <error message="Could not initialize class org.springframework.data.redis.test.util.MinimumRedisVersionRule" type="java.lang.NoClassDefFoundError"><![CDATA[java.lang.NoClassDefFoundError: Could not initialize class org.springframework.data.redis.test.util.MinimumRedisVersionRule
	at org.springframework.data.redis.support.collections.RedisZSetTests.<init>(RedisZSetTests.java:38)
]]></error>
  </testcase>
  <testcase name="testToArray[10]" classname="org.springframework.data.redis.support.collections.RedisZSetTests" time="0">
    <error message="Could not initialize class org.springframework.data.redis.test.util.MinimumRedisVersionRule" type="java.lang.NoClassDefFoundError"><![CDATA[java.lang.NoClassDefFoundError: Could not initialize class org.springframework.data.redis.test.util.MinimumRedisVersionRule
	at org.springframework.data.redis.support.collections.RedisZSetTests.<init>(RedisZSetTests.java:38)
]]></error>
  </testcase>
  <testcase name="testAdd[10]" classname="org.springframework.data.redis.support.collections.RedisZSetTests" time="0">
    <error message="Could not initialize class org.springframework.data.redis.test.util.MinimumRedisVersionRule" type="java.lang.NoClassDefFoundError"><![CDATA[java.lang.NoClassDefFoundError: Could not initialize class org.springframework.data.redis.test.util.MinimumRedisVersionRule
	at org.springframework.data.redis.support.collections.RedisZSetTests.<init>(RedisZSetTests.java:38)
]]></error>
  </testcase>
  <testcase name="testFirst[10]" classname="org.springframework.data.redis.support.collections.RedisZSetTests" time="0">
    <error message="Could not initialize class org.springframework.data.redis.test.util.MinimumRedisVersionRule" type="java.lang.NoClassDefFoundError"><![CDATA[java.lang.NoClassDefFoundError: Could not initialize class org.springframework.data.redis.test.util.MinimumRedisVersionRule
	at org.springframework.data.redis.support.collections.RedisZSetTests.<init>(RedisZSetTests.java:38)
]]></error>
  </testcase>
  <testcase name="testRange[10]" classname="org.springframework.data.redis.support.collections.RedisZSetTests" time="0.001">
    <error message="Could not initialize class org.springframework.data.redis.test.util.MinimumRedisVersionRule" type="java.lang.NoClassDefFoundError"><![CDATA[java.lang.NoClassDefFoundError: Could not initialize class org.springframework.data.redis.test.util.MinimumRedisVersionRule
	at org.springframework.data.redis.support.collections.RedisZSetTests.<init>(RedisZSetTests.java:38)
]]></error>
  </testcase>
  <testcase name="testScore[10]" classname="org.springframework.data.redis.support.collections.RedisZSetTests" time="0">
    <error message="Could not initialize class org.springframework.data.redis.test.util.MinimumRedisVersionRule" type="java.lang.NoClassDefFoundError"><![CDATA[java.lang.NoClassDefFoundError: Could not initialize class org.springframework.data.redis.test.util.MinimumRedisVersionRule
	at org.springframework.data.redis.support.collections.RedisZSetTests.<init>(RedisZSetTests.java:38)
]]></error>
  </testcase>
  <testcase name="testLast[10]" classname="org.springframework.data.redis.support.collections.RedisZSetTests" time="0">
    <error message="Could not initialize class org.springframework.data.redis.test.util.MinimumRedisVersionRule" type="java.lang.NoClassDefFoundError"><![CDATA[java.lang.NoClassDefFoundError: Could not initialize class org.springframework.data.redis.test.util.MinimumRedisVersionRule
	at org.springframework.data.redis.support.collections.RedisZSetTests.<init>(RedisZSetTests.java:38)
]]></error>
  </testcase>
  <testcase name="testRank[10]" classname="org.springframework.data.redis.support.collections.RedisZSetTests" time="0">
    <error message="Could not initialize class org.springframework.data.redis.test.util.MinimumRedisVersionRule" type="java.lang.NoClassDefFoundError"><![CDATA[java.lang.NoClassDefFoundError: Could not initialize class org.springframework.data.redis.test.util.MinimumRedisVersionRule
	at org.springframework.data.redis.support.collections.RedisZSetTests.<init>(RedisZSetTests.java:38)
]]></error>
  </testcase>
  <testcase name="testRemoveByScore[10]" classname="org.springframework.data.redis.support.collections.RedisZSetTests" time="0">
    <error message="Could not initialize class org.springframework.data.redis.test.util.MinimumRedisVersionRule" type="java.lang.NoClassDefFoundError"><![CDATA[java.lang.NoClassDefFoundError: Could not initialize class org.springframework.data.redis.test.util.MinimumRedisVersionRule
	at org.springframework.data.redis.support.collections.RedisZSetTests.<init>(RedisZSetTests.java:38)
]]></error>
  </testcase>
  <testcase name="testRangeWithScores[10]" classname="org.springframework.data.redis.support.collections.RedisZSetTests" time="0">
    <error message="Could not initialize class org.springframework.data.redis.test.util.MinimumRedisVersionRule" type="java.lang.NoClassDefFoundError"><![CDATA[java.lang.NoClassDefFoundError: Could not initialize class org.springframework.data.redis.test.util.MinimumRedisVersionRule
	at org.springframework.data.redis.support.collections.RedisZSetTests.<init>(RedisZSetTests.java:38)
]]></error>
  </testcase>
  <testcase name="testRangeByLexUnbounded[10]" classname="org.springframework.data.redis.support.collections.RedisZSetTests" time="0">
    <error message="Could not initialize class org.springframework.data.redis.test.util.MinimumRedisVersionRule" type="java.lang.NoClassDefFoundError"><![CDATA[java.lang.NoClassDefFoundError: Could not initialize class org.springframework.data.redis.test.util.MinimumRedisVersionRule
	at org.springframework.data.redis.support.collections.RedisZSetTests.<init>(RedisZSetTests.java:38)
]]></error>
  </testcase>
  <testcase name="testRangeByLexBounded[10]" classname="org.springframework.data.redis.support.collections.RedisZSetTests" time="0">
    <error message="Could not initialize class org.springframework.data.redis.test.util.MinimumRedisVersionRule" type="java.lang.NoClassDefFoundError"><![CDATA[java.lang.NoClassDefFoundError: Could not initialize class org.springframework.data.redis.test.util.MinimumRedisVersionRule
	at org.springframework.data.redis.support.collections.RedisZSetTests.<init>(RedisZSetTests.java:38)
]]></error>
  </testcase>
  <testcase name="testScanWorksCorrectly[10]" classname="org.springframework.data.redis.support.collections.RedisZSetTests" time="0">
    <error message="Could not initialize class org.springframework.data.redis.test.util.MinimumRedisVersionRule" type="java.lang.NoClassDefFoundError"><![CDATA[java.lang.NoClassDefFoundError: Could not initialize class org.springframework.data.redis.test.util.MinimumRedisVersionRule
	at org.springframework.data.redis.support.collections.RedisZSetTests.<init>(RedisZSetTests.java:38)
]]></error>
  </testcase>
  <testcase name="testRangeByScoreWithScores[10]" classname="org.springframework.data.redis.support.collections.RedisZSetTests" time="0">
    <error message="Could not initialize class org.springframework.data.redis.test.util.MinimumRedisVersionRule" type="java.lang.NoClassDefFoundError"><![CDATA[java.lang.NoClassDefFoundError: Could not initialize class org.springframework.data.redis.test.util.MinimumRedisVersionRule
	at org.springframework.data.redis.support.collections.RedisZSetTests.<init>(RedisZSetTests.java:38)
]]></error>
  </testcase>
  <testcase name="testDefaultScore[10]" classname="org.springframework.data.redis.support.collections.RedisZSetTests" time="0">
    <error message="Could not initialize class org.springframework.data.redis.test.util.MinimumRedisVersionRule" type="java.lang.NoClassDefFoundError"><![CDATA[java.lang.NoClassDefFoundError: Could not initialize class org.springframework.data.redis.test.util.MinimumRedisVersionRule
	at org.springframework.data.redis.support.collections.RedisZSetTests.<init>(RedisZSetTests.java:38)
]]></error>
  </testcase>
  <testcase name="testRangeByScore[10]" classname="org.springframework.data.redis.support.collections.RedisZSetTests" time="0">
    <error message="Could not initialize class org.springframework.data.redis.test.util.MinimumRedisVersionRule" type="java.lang.NoClassDefFoundError"><![CDATA[java.lang.NoClassDefFoundError: Could not initialize class org.springframework.data.redis.test.util.MinimumRedisVersionRule
	at org.springframework.data.redis.support.collections.RedisZSetTests.<init>(RedisZSetTests.java:38)
]]></error>
  </testcase>
  <testcase name="testIntersectAndStore[10]" classname="org.springframework.data.redis.support.collections.RedisZSetTests" time="0">
    <error message="Could not initialize class org.springframework.data.redis.test.util.MinimumRedisVersionRule" type="java.lang.NoClassDefFoundError"><![CDATA[java.lang.NoClassDefFoundError: Could not initialize class org.springframework.data.redis.test.util.MinimumRedisVersionRule
	at org.springframework.data.redis.support.collections.RedisZSetTests.<init>(RedisZSetTests.java:38)
]]></error>
  </testcase>
  <testcase name="testReverseRank[10]" classname="org.springframework.data.redis.support.collections.RedisZSetTests" time="0">
    <error message="Could not initialize class org.springframework.data.redis.test.util.MinimumRedisVersionRule" type="java.lang.NoClassDefFoundError"><![CDATA[java.lang.NoClassDefFoundError: Could not initialize class org.springframework.data.redis.test.util.MinimumRedisVersionRule
	at org.springframework.data.redis.support.collections.RedisZSetTests.<init>(RedisZSetTests.java:38)
]]></error>
  </testcase>
  <testcase name="testReverseRangeWithScores[10]" classname="org.springframework.data.redis.support.collections.RedisZSetTests" time="0">
    <error message="Could not initialize class org.springframework.data.redis.test.util.MinimumRedisVersionRule" type="java.lang.NoClassDefFoundError"><![CDATA[java.lang.NoClassDefFoundError: Could not initialize class org.springframework.data.redis.test.util.MinimumRedisVersionRule
	at org.springframework.data.redis.support.collections.RedisZSetTests.<init>(RedisZSetTests.java:38)
]]></error>
  </testcase>
  <testcase name="testReverseRange[10]" classname="org.springframework.data.redis.support.collections.RedisZSetTests" time="0">
    <error message="Could not initialize class org.springframework.data.redis.test.util.MinimumRedisVersionRule" type="java.lang.NoClassDefFoundError"><![CDATA[java.lang.NoClassDefFoundError: Could not initialize class org.springframework.data.redis.test.util.MinimumRedisVersionRule
	at org.springframework.data.redis.support.collections.RedisZSetTests.<init>(RedisZSetTests.java:38)
]]></error>
  </testcase>
  <testcase name="testUnionAndStore[10]" classname="org.springframework.data.redis.support.collections.RedisZSetTests" time="0">
    <error message="Could not initialize class org.springframework.data.redis.test.util.MinimumRedisVersionRule" type="java.lang.NoClassDefFoundError"><![CDATA[java.lang.NoClassDefFoundError: Could not initialize class org.springframework.data.redis.test.util.MinimumRedisVersionRule
	at org.springframework.data.redis.support.collections.RedisZSetTests.<init>(RedisZSetTests.java:38)
]]></error>
  </testcase>
  <testcase name="testRangeByLexUnboundedWithLimit[10]" classname="org.springframework.data.redis.support.collections.RedisZSetTests" time="0">
    <error message="Could not initialize class org.springframework.data.redis.test.util.MinimumRedisVersionRule" type="java.lang.NoClassDefFoundError"><![CDATA[java.lang.NoClassDefFoundError: Could not initialize class org.springframework.data.redis.test.util.MinimumRedisVersionRule
	at org.springframework.data.redis.support.collections.RedisZSetTests.<init>(RedisZSetTests.java:38)
]]></error>
  </testcase>
  <testcase name="testReverseRangeByScoreWithScores[10]" classname="org.springframework.data.redis.support.collections.RedisZSetTests" time="0">
    <error message="Could not initialize class org.springframework.data.redis.test.util.MinimumRedisVersionRule" type="java.lang.NoClassDefFoundError"><![CDATA[java.lang.NoClassDefFoundError: Could not initialize class org.springframework.data.redis.test.util.MinimumRedisVersionRule
	at org.springframework.data.redis.support.collections.RedisZSetTests.<init>(RedisZSetTests.java:38)
]]></error>
  </testcase>
  <testcase name="testToArrayWithGenerics[10]" classname="org.springframework.data.redis.support.collections.RedisZSetTests" time="0">
    <error message="Could not initialize class org.springframework.data.redis.test.util.MinimumRedisVersionRule" type="java.lang.NoClassDefFoundError"><![CDATA[java.lang.NoClassDefFoundError: Could not initialize class org.springframework.data.redis.test.util.MinimumRedisVersionRule
	at org.springframework.data.redis.support.collections.RedisZSetTests.<init>(RedisZSetTests.java:38)
]]></error>
  </testcase>
  <testcase name="testFirstException[10]" classname="org.springframework.data.redis.support.collections.RedisZSetTests" time="0">
    <error message="Could not initialize class org.springframework.data.redis.test.util.MinimumRedisVersionRule" type="java.lang.NoClassDefFoundError"><![CDATA[java.lang.NoClassDefFoundError: Could not initialize class org.springframework.data.redis.test.util.MinimumRedisVersionRule
	at org.springframework.data.redis.support.collections.RedisZSetTests.<init>(RedisZSetTests.java:38)
]]></error>
  </testcase>
  <testcase name="testLastException[10]" classname="org.springframework.data.redis.support.collections.RedisZSetTests" time="0">
    <error message="Could not initialize class org.springframework.data.redis.test.util.MinimumRedisVersionRule" type="java.lang.NoClassDefFoundError"><![CDATA[java.lang.NoClassDefFoundError: Could not initialize class org.springframework.data.redis.test.util.MinimumRedisVersionRule
	at org.springframework.data.redis.support.collections.RedisZSetTests.<init>(RedisZSetTests.java:38)
]]></error>
  </testcase>
  <testcase name="testRemove[10]" classname="org.springframework.data.redis.support.collections.RedisZSetTests" time="0">
    <error message="Could not initialize class org.springframework.data.redis.test.util.MinimumRedisVersionRule" type="java.lang.NoClassDefFoundError"><![CDATA[java.lang.NoClassDefFoundError: Could not initialize class org.springframework.data.redis.test.util.MinimumRedisVersionRule
	at org.springframework.data.redis.support.collections.RedisZSetTests.<init>(RedisZSetTests.java:38)
]]></error>
  </testcase>
  <testcase name="testAddWithScore[10]" classname="org.springframework.data.redis.support.collections.RedisZSetTests" time="0">
    <error message="Could not initialize class org.springframework.data.redis.test.util.MinimumRedisVersionRule" type="java.lang.NoClassDefFoundError"><![CDATA[java.lang.NoClassDefFoundError: Could not initialize class org.springframework.data.redis.test.util.MinimumRedisVersionRule
	at org.springframework.data.redis.support.collections.RedisZSetTests.<init>(RedisZSetTests.java:38)
]]></error>
  </testcase>
  <testcase name="testIterator[10]" classname="org.springframework.data.redis.support.collections.RedisZSetTests" time="0">
    <error message="Could not initialize class org.springframework.data.redis.test.util.MinimumRedisVersionRule" type="java.lang.NoClassDefFoundError"><![CDATA[java.lang.NoClassDefFoundError: Could not initialize class org.springframework.data.redis.test.util.MinimumRedisVersionRule
	at org.springframework.data.redis.support.collections.RedisZSetTests.<init>(RedisZSetTests.java:38)
]]></error>
  </testcase>
  <testcase name="testReverseRangeByScore[10]" classname="org.springframework.data.redis.support.collections.RedisZSetTests" time="0">
    <error message="Could not initialize class org.springframework.data.redis.test.util.MinimumRedisVersionRule" type="java.lang.NoClassDefFoundError"><![CDATA[java.lang.NoClassDefFoundError: Could not initialize class org.springframework.data.redis.test.util.MinimumRedisVersionRule
	at org.springframework.data.redis.support.collections.RedisZSetTests.<init>(RedisZSetTests.java:38)
]]></error>
  </testcase>
  <testcase name="testRangeByLexBoundedWithLimit[10]" classname="org.springframework.data.redis.support.collections.RedisZSetTests" time="0">
    <error message="Could not initialize class org.springframework.data.redis.test.util.MinimumRedisVersionRule" type="java.lang.NoClassDefFoundError"><![CDATA[java.lang.NoClassDefFoundError: Could not initialize class org.springframework.data.redis.test.util.MinimumRedisVersionRule
	at org.springframework.data.redis.support.collections.RedisZSetTests.<init>(RedisZSetTests.java:38)
]]></error>
  </testcase>
  <testcase name="testContainsObject[10]" classname="org.springframework.data.redis.support.collections.RedisZSetTests" time="0">
    <error message="Could not initialize class org.springframework.data.redis.test.util.MinimumRedisVersionRule" type="java.lang.NoClassDefFoundError"><![CDATA[java.lang.NoClassDefFoundError: Could not initialize class org.springframework.data.redis.test.util.MinimumRedisVersionRule
	at org.springframework.data.redis.support.collections.RedisZSetTests.<init>(RedisZSetTests.java:38)
]]></error>
  </testcase>
  <testcase name="testClear[10]" classname="org.springframework.data.redis.support.collections.RedisZSetTests" time="0">
    <error message="Could not initialize class org.springframework.data.redis.test.util.MinimumRedisVersionRule" type="java.lang.NoClassDefFoundError"><![CDATA[java.lang.NoClassDefFoundError: Could not initialize class org.springframework.data.redis.test.util.MinimumRedisVersionRule
	at org.springframework.data.redis.support.collections.RedisZSetTests.<init>(RedisZSetTests.java:38)
]]></error>
  </testcase>
  <testcase name="testSize[10]" classname="org.springframework.data.redis.support.collections.RedisZSetTests" time="0.001">
    <error message="Could not initialize class org.springframework.data.redis.test.util.MinimumRedisVersionRule" type="java.lang.NoClassDefFoundError"><![CDATA[java.lang.NoClassDefFoundError: Could not initialize class org.springframework.data.redis.test.util.MinimumRedisVersionRule
	at org.springframework.data.redis.support.collections.RedisZSetTests.<init>(RedisZSetTests.java:38)
]]></error>
  </testcase>
  <testcase name="testToString[10]" classname="org.springframework.data.redis.support.collections.RedisZSetTests" time="0">
    <error message="Could not initialize class org.springframework.data.redis.test.util.MinimumRedisVersionRule" type="java.lang.NoClassDefFoundError"><![CDATA[java.lang.NoClassDefFoundError: Could not initialize class org.springframework.data.redis.test.util.MinimumRedisVersionRule
	at org.springframework.data.redis.support.collections.RedisZSetTests.<init>(RedisZSetTests.java:38)
]]></error>
  </testcase>
  <testcase name="testContainsAll[10]" classname="org.springframework.data.redis.support.collections.RedisZSetTests" time="0">
    <error message="Could not initialize class org.springframework.data.redis.test.util.MinimumRedisVersionRule" type="java.lang.NoClassDefFoundError"><![CDATA[java.lang.NoClassDefFoundError: Could not initialize class org.springframework.data.redis.test.util.MinimumRedisVersionRule
	at org.springframework.data.redis.support.collections.RedisZSetTests.<init>(RedisZSetTests.java:38)
]]></error>
  </testcase>
  <testcase name="testRemoveObject[10]" classname="org.springframework.data.redis.support.collections.RedisZSetTests" time="0">
    <error message="Could not initialize class org.springframework.data.redis.test.util.MinimumRedisVersionRule" type="java.lang.NoClassDefFoundError"><![CDATA[java.lang.NoClassDefFoundError: Could not initialize class org.springframework.data.redis.test.util.MinimumRedisVersionRule
	at org.springframework.data.redis.support.collections.RedisZSetTests.<init>(RedisZSetTests.java:38)
]]></error>
  </testcase>
  <testcase name="testHashCode[10]" classname="org.springframework.data.redis.support.collections.RedisZSetTests" time="0">
    <error message="Could not initialize class org.springframework.data.redis.test.util.MinimumRedisVersionRule" type="java.lang.NoClassDefFoundError"><![CDATA[java.lang.NoClassDefFoundError: Could not initialize class org.springframework.data.redis.test.util.MinimumRedisVersionRule
	at org.springframework.data.redis.support.collections.RedisZSetTests.<init>(RedisZSetTests.java:38)
]]></error>
  </testcase>
  <testcase name="testAddAll[10]" classname="org.springframework.data.redis.support.collections.RedisZSetTests" time="0">
    <error message="Could not initialize class org.springframework.data.redis.test.util.MinimumRedisVersionRule" type="java.lang.NoClassDefFoundError"><![CDATA[java.lang.NoClassDefFoundError: Could not initialize class org.springframework.data.redis.test.util.MinimumRedisVersionRule
	at org.springframework.data.redis.support.collections.RedisZSetTests.<init>(RedisZSetTests.java:38)
]]></error>
  </testcase>
  <testcase name="removeAll[10]" classname="org.springframework.data.redis.support.collections.RedisZSetTests" time="0">
    <error message="Could not initialize class org.springframework.data.redis.test.util.MinimumRedisVersionRule" type="java.lang.NoClassDefFoundError"><![CDATA[java.lang.NoClassDefFoundError: Could not initialize class org.springframework.data.redis.test.util.MinimumRedisVersionRule
	at org.springframework.data.redis.support.collections.RedisZSetTests.<init>(RedisZSetTests.java:38)
]]></error>
  </testcase>
  <testcase name="testEquals[10]" classname="org.springframework.data.redis.support.collections.RedisZSetTests" time="0.001">
    <error message="Could not initialize class org.springframework.data.redis.test.util.MinimumRedisVersionRule" type="java.lang.NoClassDefFoundError"><![CDATA[java.lang.NoClassDefFoundError: Could not initialize class org.springframework.data.redis.test.util.MinimumRedisVersionRule
	at org.springframework.data.redis.support.collections.RedisZSetTests.<init>(RedisZSetTests.java:38)
]]></error>
  </testcase>
  <testcase name="testGetKey[10]" classname="org.springframework.data.redis.support.collections.RedisZSetTests" time="0">
    <error message="Could not initialize class org.springframework.data.redis.test.util.MinimumRedisVersionRule" type="java.lang.NoClassDefFoundError"><![CDATA[java.lang.NoClassDefFoundError: Could not initialize class org.springframework.data.redis.test.util.MinimumRedisVersionRule
	at org.springframework.data.redis.support.collections.RedisZSetTests.<init>(RedisZSetTests.java:38)
]]></error>
  </testcase>
  <testcase name="testIsEmpty[10]" classname="org.springframework.data.redis.support.collections.RedisZSetTests" time="0">
    <error message="Could not initialize class org.springframework.data.redis.test.util.MinimumRedisVersionRule" type="java.lang.NoClassDefFoundError"><![CDATA[java.lang.NoClassDefFoundError: Could not initialize class org.springframework.data.redis.test.util.MinimumRedisVersionRule
	at org.springframework.data.redis.support.collections.RedisZSetTests.<init>(RedisZSetTests.java:38)
]]></error>
  </testcase>
  <testcase name="testToArray[11]" classname="org.springframework.data.redis.support.collections.RedisZSetTests" time="0">
    <error message="Could not initialize class org.springframework.data.redis.test.util.MinimumRedisVersionRule" type="java.lang.NoClassDefFoundError"><![CDATA[java.lang.NoClassDefFoundError: Could not initialize class org.springframework.data.redis.test.util.MinimumRedisVersionRule
	at org.springframework.data.redis.support.collections.RedisZSetTests.<init>(RedisZSetTests.java:38)
]]></error>
  </testcase>
  <testcase name="testAdd[11]" classname="org.springframework.data.redis.support.collections.RedisZSetTests" time="0">
    <error message="Could not initialize class org.springframework.data.redis.test.util.MinimumRedisVersionRule" type="java.lang.NoClassDefFoundError"><![CDATA[java.lang.NoClassDefFoundError: Could not initialize class org.springframework.data.redis.test.util.MinimumRedisVersionRule
	at org.springframework.data.redis.support.collections.RedisZSetTests.<init>(RedisZSetTests.java:38)
]]></error>
  </testcase>
  <testcase name="testFirst[11]" classname="org.springframework.data.redis.support.collections.RedisZSetTests" time="0">
    <error message="Could not initialize class org.springframework.data.redis.test.util.MinimumRedisVersionRule" type="java.lang.NoClassDefFoundError"><![CDATA[java.lang.NoClassDefFoundError: Could not initialize class org.springframework.data.redis.test.util.MinimumRedisVersionRule
	at org.springframework.data.redis.support.collections.RedisZSetTests.<init>(RedisZSetTests.java:38)
]]></error>
  </testcase>
  <testcase name="testRange[11]" classname="org.springframework.data.redis.support.collections.RedisZSetTests" time="0">
    <error message="Could not initialize class org.springframework.data.redis.test.util.MinimumRedisVersionRule" type="java.lang.NoClassDefFoundError"><![CDATA[java.lang.NoClassDefFoundError: Could not initialize class org.springframework.data.redis.test.util.MinimumRedisVersionRule
	at org.springframework.data.redis.support.collections.RedisZSetTests.<init>(RedisZSetTests.java:38)
]]></error>
  </testcase>
  <testcase name="testScore[11]" classname="org.springframework.data.redis.support.collections.RedisZSetTests" time="0.001">
    <error message="Could not initialize class org.springframework.data.redis.test.util.MinimumRedisVersionRule" type="java.lang.NoClassDefFoundError"><![CDATA[java.lang.NoClassDefFoundError: Could not initialize class org.springframework.data.redis.test.util.MinimumRedisVersionRule
	at org.springframework.data.redis.support.collections.RedisZSetTests.<init>(RedisZSetTests.java:38)
]]></error>
  </testcase>
  <testcase name="testLast[11]" classname="org.springframework.data.redis.support.collections.RedisZSetTests" time="0">
    <error message="Could not initialize class org.springframework.data.redis.test.util.MinimumRedisVersionRule" type="java.lang.NoClassDefFoundError"><![CDATA[java.lang.NoClassDefFoundError: Could not initialize class org.springframework.data.redis.test.util.MinimumRedisVersionRule
	at org.springframework.data.redis.support.collections.RedisZSetTests.<init>(RedisZSetTests.java:38)
]]></error>
  </testcase>
  <testcase name="testRank[11]" classname="org.springframework.data.redis.support.collections.RedisZSetTests" time="0">
    <error message="Could not initialize class org.springframework.data.redis.test.util.MinimumRedisVersionRule" type="java.lang.NoClassDefFoundError"><![CDATA[java.lang.NoClassDefFoundError: Could not initialize class org.springframework.data.redis.test.util.MinimumRedisVersionRule
	at org.springframework.data.redis.support.collections.RedisZSetTests.<init>(RedisZSetTests.java:38)
]]></error>
  </testcase>
  <testcase name="testRemoveByScore[11]" classname="org.springframework.data.redis.support.collections.RedisZSetTests" time="0">
    <error message="Could not initialize class org.springframework.data.redis.test.util.MinimumRedisVersionRule" type="java.lang.NoClassDefFoundError"><![CDATA[java.lang.NoClassDefFoundError: Could not initialize class org.springframework.data.redis.test.util.MinimumRedisVersionRule
	at org.springframework.data.redis.support.collections.RedisZSetTests.<init>(RedisZSetTests.java:38)
]]></error>
  </testcase>
  <testcase name="testRangeWithScores[11]" classname="org.springframework.data.redis.support.collections.RedisZSetTests" time="0">
    <error message="Could not initialize class org.springframework.data.redis.test.util.MinimumRedisVersionRule" type="java.lang.NoClassDefFoundError"><![CDATA[java.lang.NoClassDefFoundError: Could not initialize class org.springframework.data.redis.test.util.MinimumRedisVersionRule
	at org.springframework.data.redis.support.collections.RedisZSetTests.<init>(RedisZSetTests.java:38)
]]></error>
  </testcase>
  <testcase name="testRangeByLexUnbounded[11]" classname="org.springframework.data.redis.support.collections.RedisZSetTests" time="0">
    <error message="Could not initialize class org.springframework.data.redis.test.util.MinimumRedisVersionRule" type="java.lang.NoClassDefFoundError"><![CDATA[java.lang.NoClassDefFoundError: Could not initialize class org.springframework.data.redis.test.util.MinimumRedisVersionRule
	at org.springframework.data.redis.support.collections.RedisZSetTests.<init>(RedisZSetTests.java:38)
]]></error>
  </testcase>
  <testcase name="testRangeByLexBounded[11]" classname="org.springframework.data.redis.support.collections.RedisZSetTests" time="0">
    <error message="Could not initialize class org.springframework.data.redis.test.util.MinimumRedisVersionRule" type="java.lang.NoClassDefFoundError"><![CDATA[java.lang.NoClassDefFoundError: Could not initialize class org.springframework.data.redis.test.util.MinimumRedisVersionRule
	at org.springframework.data.redis.support.collections.RedisZSetTests.<init>(RedisZSetTests.java:38)
]]></error>
  </testcase>
  <testcase name="testScanWorksCorrectly[11]" classname="org.springframework.data.redis.support.collections.RedisZSetTests" time="0">
    <error message="Could not initialize class org.springframework.data.redis.test.util.MinimumRedisVersionRule" type="java.lang.NoClassDefFoundError"><![CDATA[java.lang.NoClassDefFoundError: Could not initialize class org.springframework.data.redis.test.util.MinimumRedisVersionRule
	at org.springframework.data.redis.support.collections.RedisZSetTests.<init>(RedisZSetTests.java:38)
]]></error>
  </testcase>
  <testcase name="testRangeByScoreWithScores[11]" classname="org.springframework.data.redis.support.collections.RedisZSetTests" time="0">
    <error message="Could not initialize class org.springframework.data.redis.test.util.MinimumRedisVersionRule" type="java.lang.NoClassDefFoundError"><![CDATA[java.lang.NoClassDefFoundError: Could not initialize class org.springframework.data.redis.test.util.MinimumRedisVersionRule
	at org.springframework.data.redis.support.collections.RedisZSetTests.<init>(RedisZSetTests.java:38)
]]></error>
  </testcase>
  <testcase name="testDefaultScore[11]" classname="org.springframework.data.redis.support.collections.RedisZSetTests" time="0">
    <error message="Could not initialize class org.springframework.data.redis.test.util.MinimumRedisVersionRule" type="java.lang.NoClassDefFoundError"><![CDATA[java.lang.NoClassDefFoundError: Could not initialize class org.springframework.data.redis.test.util.MinimumRedisVersionRule
	at org.springframework.data.redis.support.collections.RedisZSetTests.<init>(RedisZSetTests.java:38)
]]></error>
  </testcase>
  <testcase name="testRangeByScore[11]" classname="org.springframework.data.redis.support.collections.RedisZSetTests" time="0">
    <error message="Could not initialize class org.springframework.data.redis.test.util.MinimumRedisVersionRule" type="java.lang.NoClassDefFoundError"><![CDATA[java.lang.NoClassDefFoundError: Could not initialize class org.springframework.data.redis.test.util.MinimumRedisVersionRule
	at org.springframework.data.redis.support.collections.RedisZSetTests.<init>(RedisZSetTests.java:38)
]]></error>
  </testcase>
  <testcase name="testIntersectAndStore[11]" classname="org.springframework.data.redis.support.collections.RedisZSetTests" time="0">
    <error message="Could not initialize class org.springframework.data.redis.test.util.MinimumRedisVersionRule" type="java.lang.NoClassDefFoundError"><![CDATA[java.lang.NoClassDefFoundError: Could not initialize class org.springframework.data.redis.test.util.MinimumRedisVersionRule
	at org.springframework.data.redis.support.collections.RedisZSetTests.<init>(RedisZSetTests.java:38)
]]></error>
  </testcase>
  <testcase name="testReverseRank[11]" classname="org.springframework.data.redis.support.collections.RedisZSetTests" time="0">
    <error message="Could not initialize class org.springframework.data.redis.test.util.MinimumRedisVersionRule" type="java.lang.NoClassDefFoundError"><![CDATA[java.lang.NoClassDefFoundError: Could not initialize class org.springframework.data.redis.test.util.MinimumRedisVersionRule
	at org.springframework.data.redis.support.collections.RedisZSetTests.<init>(RedisZSetTests.java:38)
]]></error>
  </testcase>
  <testcase name="testReverseRangeWithScores[11]" classname="org.springframework.data.redis.support.collections.RedisZSetTests" time="0">
    <error message="Could not initialize class org.springframework.data.redis.test.util.MinimumRedisVersionRule" type="java.lang.NoClassDefFoundError"><![CDATA[java.lang.NoClassDefFoundError: Could not initialize class org.springframework.data.redis.test.util.MinimumRedisVersionRule
	at org.springframework.data.redis.support.collections.RedisZSetTests.<init>(RedisZSetTests.java:38)
]]></error>
  </testcase>
  <testcase name="testReverseRange[11]" classname="org.springframework.data.redis.support.collections.RedisZSetTests" time="0">
    <error message="Could not initialize class org.springframework.data.redis.test.util.MinimumRedisVersionRule" type="java.lang.NoClassDefFoundError"><![CDATA[java.lang.NoClassDefFoundError: Could not initialize class org.springframework.data.redis.test.util.MinimumRedisVersionRule
	at org.springframework.data.redis.support.collections.RedisZSetTests.<init>(RedisZSetTests.java:38)
]]></error>
  </testcase>
  <testcase name="testUnionAndStore[11]" classname="org.springframework.data.redis.support.collections.RedisZSetTests" time="0">
    <error message="Could not initialize class org.springframework.data.redis.test.util.MinimumRedisVersionRule" type="java.lang.NoClassDefFoundError"><![CDATA[java.lang.NoClassDefFoundError: Could not initialize class org.springframework.data.redis.test.util.MinimumRedisVersionRule
	at org.springframework.data.redis.support.collections.RedisZSetTests.<init>(RedisZSetTests.java:38)
]]></error>
  </testcase>
  <testcase name="testRangeByLexUnboundedWithLimit[11]" classname="org.springframework.data.redis.support.collections.RedisZSetTests" time="0">
    <error message="Could not initialize class org.springframework.data.redis.test.util.MinimumRedisVersionRule" type="java.lang.NoClassDefFoundError"><![CDATA[java.lang.NoClassDefFoundError: Could not initialize class org.springframework.data.redis.test.util.MinimumRedisVersionRule
	at org.springframework.data.redis.support.collections.RedisZSetTests.<init>(RedisZSetTests.java:38)
]]></error>
  </testcase>
  <testcase name="testReverseRangeByScoreWithScores[11]" classname="org.springframework.data.redis.support.collections.RedisZSetTests" time="0">
    <error message="Could not initialize class org.springframework.data.redis.test.util.MinimumRedisVersionRule" type="java.lang.NoClassDefFoundError"><![CDATA[java.lang.NoClassDefFoundError: Could not initialize class org.springframework.data.redis.test.util.MinimumRedisVersionRule
	at org.springframework.data.redis.support.collections.RedisZSetTests.<init>(RedisZSetTests.java:38)
]]></error>
  </testcase>
  <testcase name="testToArrayWithGenerics[11]" classname="org.springframework.data.redis.support.collections.RedisZSetTests" time="0">
    <error message="Could not initialize class org.springframework.data.redis.test.util.MinimumRedisVersionRule" type="java.lang.NoClassDefFoundError"><![CDATA[java.lang.NoClassDefFoundError: Could not initialize class org.springframework.data.redis.test.util.MinimumRedisVersionRule
	at org.springframework.data.redis.support.collections.RedisZSetTests.<init>(RedisZSetTests.java:38)
]]></error>
  </testcase>
  <testcase name="testFirstException[11]" classname="org.springframework.data.redis.support.collections.RedisZSetTests" time="0">
    <error message="Could not initialize class org.springframework.data.redis.test.util.MinimumRedisVersionRule" type="java.lang.NoClassDefFoundError"><![CDATA[java.lang.NoClassDefFoundError: Could not initialize class org.springframework.data.redis.test.util.MinimumRedisVersionRule
	at org.springframework.data.redis.support.collections.RedisZSetTests.<init>(RedisZSetTests.java:38)
]]></error>
  </testcase>
  <testcase name="testLastException[11]" classname="org.springframework.data.redis.support.collections.RedisZSetTests" time="0">
    <error message="Could not initialize class org.springframework.data.redis.test.util.MinimumRedisVersionRule" type="java.lang.NoClassDefFoundError"><![CDATA[java.lang.NoClassDefFoundError: Could not initialize class org.springframework.data.redis.test.util.MinimumRedisVersionRule
	at org.springframework.data.redis.support.collections.RedisZSetTests.<init>(RedisZSetTests.java:38)
]]></error>
  </testcase>
  <testcase name="testRemove[11]" classname="org.springframework.data.redis.support.collections.RedisZSetTests" time="0">
    <error message="Could not initialize class org.springframework.data.redis.test.util.MinimumRedisVersionRule" type="java.lang.NoClassDefFoundError"><![CDATA[java.lang.NoClassDefFoundError: Could not initialize class org.springframework.data.redis.test.util.MinimumRedisVersionRule
	at org.springframework.data.redis.support.collections.RedisZSetTests.<init>(RedisZSetTests.java:38)
]]></error>
  </testcase>
  <testcase name="testAddWithScore[11]" classname="org.springframework.data.redis.support.collections.RedisZSetTests" time="0">
    <error message="Could not initialize class org.springframework.data.redis.test.util.MinimumRedisVersionRule" type="java.lang.NoClassDefFoundError"><![CDATA[java.lang.NoClassDefFoundError: Could not initialize class org.springframework.data.redis.test.util.MinimumRedisVersionRule
	at org.springframework.data.redis.support.collections.RedisZSetTests.<init>(RedisZSetTests.java:38)
]]></error>
  </testcase>
  <testcase name="testIterator[11]" classname="org.springframework.data.redis.support.collections.RedisZSetTests" time="0.001">
    <error message="Could not initialize class org.springframework.data.redis.test.util.MinimumRedisVersionRule" type="java.lang.NoClassDefFoundError"><![CDATA[java.lang.NoClassDefFoundError: Could not initialize class org.springframework.data.redis.test.util.MinimumRedisVersionRule
	at org.springframework.data.redis.support.collections.RedisZSetTests.<init>(RedisZSetTests.java:38)
]]></error>
  </testcase>
  <testcase name="testReverseRangeByScore[11]" classname="org.springframework.data.redis.support.collections.RedisZSetTests" time="0">
    <error message="Could not initialize class org.springframework.data.redis.test.util.MinimumRedisVersionRule" type="java.lang.NoClassDefFoundError"><![CDATA[java.lang.NoClassDefFoundError: Could not initialize class org.springframework.data.redis.test.util.MinimumRedisVersionRule
	at org.springframework.data.redis.support.collections.RedisZSetTests.<init>(RedisZSetTests.java:38)
]]></error>
  </testcase>
  <testcase name="testRangeByLexBoundedWithLimit[11]" classname="org.springframework.data.redis.support.collections.RedisZSetTests" time="0">
    <error message="Could not initialize class org.springframework.data.redis.test.util.MinimumRedisVersionRule" type="java.lang.NoClassDefFoundError"><![CDATA[java.lang.NoClassDefFoundError: Could not initialize class org.springframework.data.redis.test.util.MinimumRedisVersionRule
	at org.springframework.data.redis.support.collections.RedisZSetTests.<init>(RedisZSetTests.java:38)
]]></error>
  </testcase>
  <testcase name="testContainsObject[11]" classname="org.springframework.data.redis.support.collections.RedisZSetTests" time="0">
    <error message="Could not initialize class org.springframework.data.redis.test.util.MinimumRedisVersionRule" type="java.lang.NoClassDefFoundError"><![CDATA[java.lang.NoClassDefFoundError: Could not initialize class org.springframework.data.redis.test.util.MinimumRedisVersionRule
	at org.springframework.data.redis.support.collections.RedisZSetTests.<init>(RedisZSetTests.java:38)
]]></error>
  </testcase>
  <testcase name="testClear[11]" classname="org.springframework.data.redis.support.collections.RedisZSetTests" time="0">
    <error message="Could not initialize class org.springframework.data.redis.test.util.MinimumRedisVersionRule" type="java.lang.NoClassDefFoundError"><![CDATA[java.lang.NoClassDefFoundError: Could not initialize class org.springframework.data.redis.test.util.MinimumRedisVersionRule
	at org.springframework.data.redis.support.collections.RedisZSetTests.<init>(RedisZSetTests.java:38)
]]></error>
  </testcase>
  <testcase name="testSize[11]" classname="org.springframework.data.redis.support.collections.RedisZSetTests" time="0">
    <error message="Could not initialize class org.springframework.data.redis.test.util.MinimumRedisVersionRule" type="java.lang.NoClassDefFoundError"><![CDATA[java.lang.NoClassDefFoundError: Could not initialize class org.springframework.data.redis.test.util.MinimumRedisVersionRule
	at org.springframework.data.redis.support.collections.RedisZSetTests.<init>(RedisZSetTests.java:38)
]]></error>
  </testcase>
  <testcase name="testToString[11]" classname="org.springframework.data.redis.support.collections.RedisZSetTests" time="0">
    <error message="Could not initialize class org.springframework.data.redis.test.util.MinimumRedisVersionRule" type="java.lang.NoClassDefFoundError"><![CDATA[java.lang.NoClassDefFoundError: Could not initialize class org.springframework.data.redis.test.util.MinimumRedisVersionRule
	at org.springframework.data.redis.support.collections.RedisZSetTests.<init>(RedisZSetTests.java:38)
]]></error>
  </testcase>
  <testcase name="testContainsAll[11]" classname="org.springframework.data.redis.support.collections.RedisZSetTests" time="0">
    <error message="Could not initialize class org.springframework.data.redis.test.util.MinimumRedisVersionRule" type="java.lang.NoClassDefFoundError"><![CDATA[java.lang.NoClassDefFoundError: Could not initialize class org.springframework.data.redis.test.util.MinimumRedisVersionRule
	at org.springframework.data.redis.support.collections.RedisZSetTests.<init>(RedisZSetTests.java:38)
]]></error>
  </testcase>
  <testcase name="testRemoveObject[11]" classname="org.springframework.data.redis.support.collections.RedisZSetTests" time="0">
    <error message="Could not initialize class org.springframework.data.redis.test.util.MinimumRedisVersionRule" type="java.lang.NoClassDefFoundError"><![CDATA[java.lang.NoClassDefFoundError: Could not initialize class org.springframework.data.redis.test.util.MinimumRedisVersionRule
	at org.springframework.data.redis.support.collections.RedisZSetTests.<init>(RedisZSetTests.java:38)
]]></error>
  </testcase>
  <testcase name="testHashCode[11]" classname="org.springframework.data.redis.support.collections.RedisZSetTests" time="0">
    <error message="Could not initialize class org.springframework.data.redis.test.util.MinimumRedisVersionRule" type="java.lang.NoClassDefFoundError"><![CDATA[java.lang.NoClassDefFoundError: Could not initialize class org.springframework.data.redis.test.util.MinimumRedisVersionRule
	at org.springframework.data.redis.support.collections.RedisZSetTests.<init>(RedisZSetTests.java:38)
]]></error>
  </testcase>
  <testcase name="testAddAll[11]" classname="org.springframework.data.redis.support.collections.RedisZSetTests" time="0">
    <error message="Could not initialize class org.springframework.data.redis.test.util.MinimumRedisVersionRule" type="java.lang.NoClassDefFoundError"><![CDATA[java.lang.NoClassDefFoundError: Could not initialize class org.springframework.data.redis.test.util.MinimumRedisVersionRule
	at org.springframework.data.redis.support.collections.RedisZSetTests.<init>(RedisZSetTests.java:38)
]]></error>
  </testcase>
  <testcase name="removeAll[11]" classname="org.springframework.data.redis.support.collections.RedisZSetTests" time="0">
    <error message="Could not initialize class org.springframework.data.redis.test.util.MinimumRedisVersionRule" type="java.lang.NoClassDefFoundError"><![CDATA[java.lang.NoClassDefFoundError: Could not initialize class org.springframework.data.redis.test.util.MinimumRedisVersionRule
	at org.springframework.data.redis.support.collections.RedisZSetTests.<init>(RedisZSetTests.java:38)
]]></error>
  </testcase>
  <testcase name="testEquals[11]" classname="org.springframework.data.redis.support.collections.RedisZSetTests" time="0">
    <error message="Could not initialize class org.springframework.data.redis.test.util.MinimumRedisVersionRule" type="java.lang.NoClassDefFoundError"><![CDATA[java.lang.NoClassDefFoundError: Could not initialize class org.springframework.data.redis.test.util.MinimumRedisVersionRule
	at org.springframework.data.redis.support.collections.RedisZSetTests.<init>(RedisZSetTests.java:38)
]]></error>
  </testcase>
  <testcase name="testGetKey[11]" classname="org.springframework.data.redis.support.collections.RedisZSetTests" time="0">
    <error message="Could not initialize class org.springframework.data.redis.test.util.MinimumRedisVersionRule" type="java.lang.NoClassDefFoundError"><![CDATA[java.lang.NoClassDefFoundError: Could not initialize class org.springframework.data.redis.test.util.MinimumRedisVersionRule
	at org.springframework.data.redis.support.collections.RedisZSetTests.<init>(RedisZSetTests.java:38)
]]></error>
  </testcase>
  <testcase name="testIsEmpty[11]" classname="org.springframework.data.redis.support.collections.RedisZSetTests" time="0">
    <error message="Could not initialize class org.springframework.data.redis.test.util.MinimumRedisVersionRule" type="java.lang.NoClassDefFoundError"><![CDATA[java.lang.NoClassDefFoundError: Could not initialize class org.springframework.data.redis.test.util.MinimumRedisVersionRule
	at org.springframework.data.redis.support.collections.RedisZSetTests.<init>(RedisZSetTests.java:38)
]]></error>
  </testcase>
  <testcase name="testToArray[12]" classname="org.springframework.data.redis.support.collections.RedisZSetTests" time="0">
    <error message="Could not initialize class org.springframework.data.redis.test.util.MinimumRedisVersionRule" type="java.lang.NoClassDefFoundError"><![CDATA[java.lang.NoClassDefFoundError: Could not initialize class org.springframework.data.redis.test.util.MinimumRedisVersionRule
	at org.springframework.data.redis.support.collections.RedisZSetTests.<init>(RedisZSetTests.java:38)
]]></error>
  </testcase>
  <testcase name="testAdd[12]" classname="org.springframework.data.redis.support.collections.RedisZSetTests" time="0.001">
    <error message="Could not initialize class org.springframework.data.redis.test.util.MinimumRedisVersionRule" type="java.lang.NoClassDefFoundError"><![CDATA[java.lang.NoClassDefFoundError: Could not initialize class org.springframework.data.redis.test.util.MinimumRedisVersionRule
	at org.springframework.data.redis.support.collections.RedisZSetTests.<init>(RedisZSetTests.java:38)
]]></error>
  </testcase>
  <testcase name="testFirst[12]" classname="org.springframework.data.redis.support.collections.RedisZSetTests" time="0">
    <error message="Could not initialize class org.springframework.data.redis.test.util.MinimumRedisVersionRule" type="java.lang.NoClassDefFoundError"><![CDATA[java.lang.NoClassDefFoundError: Could not initialize class org.springframework.data.redis.test.util.MinimumRedisVersionRule
	at org.springframework.data.redis.support.collections.RedisZSetTests.<init>(RedisZSetTests.java:38)
]]></error>
  </testcase>
  <testcase name="testRange[12]" classname="org.springframework.data.redis.support.collections.RedisZSetTests" time="0">
    <error message="Could not initialize class org.springframework.data.redis.test.util.MinimumRedisVersionRule" type="java.lang.NoClassDefFoundError"><![CDATA[java.lang.NoClassDefFoundError: Could not initialize class org.springframework.data.redis.test.util.MinimumRedisVersionRule
	at org.springframework.data.redis.support.collections.RedisZSetTests.<init>(RedisZSetTests.java:38)
]]></error>
  </testcase>
  <testcase name="testScore[12]" classname="org.springframework.data.redis.support.collections.RedisZSetTests" time="0">
    <error message="Could not initialize class org.springframework.data.redis.test.util.MinimumRedisVersionRule" type="java.lang.NoClassDefFoundError"><![CDATA[java.lang.NoClassDefFoundError: Could not initialize class org.springframework.data.redis.test.util.MinimumRedisVersionRule
	at org.springframework.data.redis.support.collections.RedisZSetTests.<init>(RedisZSetTests.java:38)
]]></error>
  </testcase>
  <testcase name="testLast[12]" classname="org.springframework.data.redis.support.collections.RedisZSetTests" time="0">
    <error message="Could not initialize class org.springframework.data.redis.test.util.MinimumRedisVersionRule" type="java.lang.NoClassDefFoundError"><![CDATA[java.lang.NoClassDefFoundError: Could not initialize class org.springframework.data.redis.test.util.MinimumRedisVersionRule
	at org.springframework.data.redis.support.collections.RedisZSetTests.<init>(RedisZSetTests.java:38)
]]></error>
  </testcase>
  <testcase name="testRank[12]" classname="org.springframework.data.redis.support.collections.RedisZSetTests" time="0">
    <error message="Could not initialize class org.springframework.data.redis.test.util.MinimumRedisVersionRule" type="java.lang.NoClassDefFoundError"><![CDATA[java.lang.NoClassDefFoundError: Could not initialize class org.springframework.data.redis.test.util.MinimumRedisVersionRule
	at org.springframework.data.redis.support.collections.RedisZSetTests.<init>(RedisZSetTests.java:38)
]]></error>
  </testcase>
  <testcase name="testRemoveByScore[12]" classname="org.springframework.data.redis.support.collections.RedisZSetTests" time="0">
    <error message="Could not initialize class org.springframework.data.redis.test.util.MinimumRedisVersionRule" type="java.lang.NoClassDefFoundError"><![CDATA[java.lang.NoClassDefFoundError: Could not initialize class org.springframework.data.redis.test.util.MinimumRedisVersionRule
	at org.springframework.data.redis.support.collections.RedisZSetTests.<init>(RedisZSetTests.java:38)
]]></error>
  </testcase>
  <testcase name="testRangeWithScores[12]" classname="org.springframework.data.redis.support.collections.RedisZSetTests" time="0.001">
    <error message="Could not initialize class org.springframework.data.redis.test.util.MinimumRedisVersionRule" type="java.lang.NoClassDefFoundError"><![CDATA[java.lang.NoClassDefFoundError: Could not initialize class org.springframework.data.redis.test.util.MinimumRedisVersionRule
	at org.springframework.data.redis.support.collections.RedisZSetTests.<init>(RedisZSetTests.java:38)
]]></error>
  </testcase>
  <testcase name="testRangeByLexUnbounded[12]" classname="org.springframework.data.redis.support.collections.RedisZSetTests" time="0">
    <error message="Could not initialize class org.springframework.data.redis.test.util.MinimumRedisVersionRule" type="java.lang.NoClassDefFoundError"><![CDATA[java.lang.NoClassDefFoundError: Could not initialize class org.springframework.data.redis.test.util.MinimumRedisVersionRule
	at org.springframework.data.redis.support.collections.RedisZSetTests.<init>(RedisZSetTests.java:38)
]]></error>
  </testcase>
  <testcase name="testRangeByLexBounded[12]" classname="org.springframework.data.redis.support.collections.RedisZSetTests" time="0">
    <error message="Could not initialize class org.springframework.data.redis.test.util.MinimumRedisVersionRule" type="java.lang.NoClassDefFoundError"><![CDATA[java.lang.NoClassDefFoundError: Could not initialize class org.springframework.data.redis.test.util.MinimumRedisVersionRule
	at org.springframework.data.redis.support.collections.RedisZSetTests.<init>(RedisZSetTests.java:38)
]]></error>
  </testcase>
  <testcase name="testScanWorksCorrectly[12]" classname="org.springframework.data.redis.support.collections.RedisZSetTests" time="0">
    <error message="Could not initialize class org.springframework.data.redis.test.util.MinimumRedisVersionRule" type="java.lang.NoClassDefFoundError"><![CDATA[java.lang.NoClassDefFoundError: Could not initialize class org.springframework.data.redis.test.util.MinimumRedisVersionRule
	at org.springframework.data.redis.support.collections.RedisZSetTests.<init>(RedisZSetTests.java:38)
]]></error>
  </testcase>
  <testcase name="testRangeByScoreWithScores[12]" classname="org.springframework.data.redis.support.collections.RedisZSetTests" time="0">
    <error message="Could not initialize class org.springframework.data.redis.test.util.MinimumRedisVersionRule" type="java.lang.NoClassDefFoundError"><![CDATA[java.lang.NoClassDefFoundError: Could not initialize class org.springframework.data.redis.test.util.MinimumRedisVersionRule
	at org.springframework.data.redis.support.collections.RedisZSetTests.<init>(RedisZSetTests.java:38)
]]></error>
  </testcase>
  <testcase name="testDefaultScore[12]" classname="org.springframework.data.redis.support.collections.RedisZSetTests" time="0">
    <error message="Could not initialize class org.springframework.data.redis.test.util.MinimumRedisVersionRule" type="java.lang.NoClassDefFoundError"><![CDATA[java.lang.NoClassDefFoundError: Could not initialize class org.springframework.data.redis.test.util.MinimumRedisVersionRule
	at org.springframework.data.redis.support.collections.RedisZSetTests.<init>(RedisZSetTests.java:38)
]]></error>
  </testcase>
  <testcase name="testRangeByScore[12]" classname="org.springframework.data.redis.support.collections.RedisZSetTests" time="0">
    <error message="Could not initialize class org.springframework.data.redis.test.util.MinimumRedisVersionRule" type="java.lang.NoClassDefFoundError"><![CDATA[java.lang.NoClassDefFoundError: Could not initialize class org.springframework.data.redis.test.util.MinimumRedisVersionRule
	at org.springframework.data.redis.support.collections.RedisZSetTests.<init>(RedisZSetTests.java:38)
]]></error>
  </testcase>
  <testcase name="testIntersectAndStore[12]" classname="org.springframework.data.redis.support.collections.RedisZSetTests" time="0">
    <error message="Could not initialize class org.springframework.data.redis.test.util.MinimumRedisVersionRule" type="java.lang.NoClassDefFoundError"><![CDATA[java.lang.NoClassDefFoundError: Could not initialize class org.springframework.data.redis.test.util.MinimumRedisVersionRule
	at org.springframework.data.redis.support.collections.RedisZSetTests.<init>(RedisZSetTests.java:38)
]]></error>
  </testcase>
  <testcase name="testReverseRank[12]" classname="org.springframework.data.redis.support.collections.RedisZSetTests" time="0.001">
    <error message="Could not initialize class org.springframework.data.redis.test.util.MinimumRedisVersionRule" type="java.lang.NoClassDefFoundError"><![CDATA[java.lang.NoClassDefFoundError: Could not initialize class org.springframework.data.redis.test.util.MinimumRedisVersionRule
	at org.springframework.data.redis.support.collections.RedisZSetTests.<init>(RedisZSetTests.java:38)
]]></error>
  </testcase>
  <testcase name="testReverseRangeWithScores[12]" classname="org.springframework.data.redis.support.collections.RedisZSetTests" time="0">
    <error message="Could not initialize class org.springframework.data.redis.test.util.MinimumRedisVersionRule" type="java.lang.NoClassDefFoundError"><![CDATA[java.lang.NoClassDefFoundError: Could not initialize class org.springframework.data.redis.test.util.MinimumRedisVersionRule
	at org.springframework.data.redis.support.collections.RedisZSetTests.<init>(RedisZSetTests.java:38)
]]></error>
  </testcase>
  <testcase name="testReverseRange[12]" classname="org.springframework.data.redis.support.collections.RedisZSetTests" time="0">
    <error message="Could not initialize class org.springframework.data.redis.test.util.MinimumRedisVersionRule" type="java.lang.NoClassDefFoundError"><![CDATA[java.lang.NoClassDefFoundError: Could not initialize class org.springframework.data.redis.test.util.MinimumRedisVersionRule
	at org.springframework.data.redis.support.collections.RedisZSetTests.<init>(RedisZSetTests.java:38)
]]></error>
  </testcase>
  <testcase name="testUnionAndStore[12]" classname="org.springframework.data.redis.support.collections.RedisZSetTests" time="0">
    <error message="Could not initialize class org.springframework.data.redis.test.util.MinimumRedisVersionRule" type="java.lang.NoClassDefFoundError"><![CDATA[java.lang.NoClassDefFoundError: Could not initialize class org.springframework.data.redis.test.util.MinimumRedisVersionRule
	at org.springframework.data.redis.support.collections.RedisZSetTests.<init>(RedisZSetTests.java:38)
]]></error>
  </testcase>
  <testcase name="testRangeByLexUnboundedWithLimit[12]" classname="org.springframework.data.redis.support.collections.RedisZSetTests" time="0">
    <error message="Could not initialize class org.springframework.data.redis.test.util.MinimumRedisVersionRule" type="java.lang.NoClassDefFoundError"><![CDATA[java.lang.NoClassDefFoundError: Could not initialize class org.springframework.data.redis.test.util.MinimumRedisVersionRule
	at org.springframework.data.redis.support.collections.RedisZSetTests.<init>(RedisZSetTests.java:38)
]]></error>
  </testcase>
  <testcase name="testReverseRangeByScoreWithScores[12]" classname="org.springframework.data.redis.support.collections.RedisZSetTests" time="0">
    <error message="Could not initialize class org.springframework.data.redis.test.util.MinimumRedisVersionRule" type="java.lang.NoClassDefFoundError"><![CDATA[java.lang.NoClassDefFoundError: Could not initialize class org.springframework.data.redis.test.util.MinimumRedisVersionRule
	at org.springframework.data.redis.support.collections.RedisZSetTests.<init>(RedisZSetTests.java:38)
]]></error>
  </testcase>
  <testcase name="testToArrayWithGenerics[12]" classname="org.springframework.data.redis.support.collections.RedisZSetTests" time="0">
    <error message="Could not initialize class org.springframework.data.redis.test.util.MinimumRedisVersionRule" type="java.lang.NoClassDefFoundError"><![CDATA[java.lang.NoClassDefFoundError: Could not initialize class org.springframework.data.redis.test.util.MinimumRedisVersionRule
	at org.springframework.data.redis.support.collections.RedisZSetTests.<init>(RedisZSetTests.java:38)
]]></error>
  </testcase>
  <testcase name="testFirstException[12]" classname="org.springframework.data.redis.support.collections.RedisZSetTests" time="0">
    <error message="Could not initialize class org.springframework.data.redis.test.util.MinimumRedisVersionRule" type="java.lang.NoClassDefFoundError"><![CDATA[java.lang.NoClassDefFoundError: Could not initialize class org.springframework.data.redis.test.util.MinimumRedisVersionRule
	at org.springframework.data.redis.support.collections.RedisZSetTests.<init>(RedisZSetTests.java:38)
]]></error>
  </testcase>
  <testcase name="testLastException[12]" classname="org.springframework.data.redis.support.collections.RedisZSetTests" time="0">
    <error message="Could not initialize class org.springframework.data.redis.test.util.MinimumRedisVersionRule" type="java.lang.NoClassDefFoundError"><![CDATA[java.lang.NoClassDefFoundError: Could not initialize class org.springframework.data.redis.test.util.MinimumRedisVersionRule
	at org.springframework.data.redis.support.collections.RedisZSetTests.<init>(RedisZSetTests.java:38)
]]></error>
  </testcase>
  <testcase name="testRemove[12]" classname="org.springframework.data.redis.support.collections.RedisZSetTests" time="0.001">
    <error message="Could not initialize class org.springframework.data.redis.test.util.MinimumRedisVersionRule" type="java.lang.NoClassDefFoundError"><![CDATA[java.lang.NoClassDefFoundError: Could not initialize class org.springframework.data.redis.test.util.MinimumRedisVersionRule
	at org.springframework.data.redis.support.collections.RedisZSetTests.<init>(RedisZSetTests.java:38)
]]></error>
  </testcase>
  <testcase name="testAddWithScore[12]" classname="org.springframework.data.redis.support.collections.RedisZSetTests" time="0">
    <error message="Could not initialize class org.springframework.data.redis.test.util.MinimumRedisVersionRule" type="java.lang.NoClassDefFoundError"><![CDATA[java.lang.NoClassDefFoundError: Could not initialize class org.springframework.data.redis.test.util.MinimumRedisVersionRule
	at org.springframework.data.redis.support.collections.RedisZSetTests.<init>(RedisZSetTests.java:38)
]]></error>
  </testcase>
  <testcase name="testIterator[12]" classname="org.springframework.data.redis.support.collections.RedisZSetTests" time="0">
    <error message="Could not initialize class org.springframework.data.redis.test.util.MinimumRedisVersionRule" type="java.lang.NoClassDefFoundError"><![CDATA[java.lang.NoClassDefFoundError: Could not initialize class org.springframework.data.redis.test.util.MinimumRedisVersionRule
	at org.springframework.data.redis.support.collections.RedisZSetTests.<init>(RedisZSetTests.java:38)
]]></error>
  </testcase>
  <testcase name="testReverseRangeByScore[12]" classname="org.springframework.data.redis.support.collections.RedisZSetTests" time="0">
    <error message="Could not initialize class org.springframework.data.redis.test.util.MinimumRedisVersionRule" type="java.lang.NoClassDefFoundError"><![CDATA[java.lang.NoClassDefFoundError: Could not initialize class org.springframework.data.redis.test.util.MinimumRedisVersionRule
	at org.springframework.data.redis.support.collections.RedisZSetTests.<init>(RedisZSetTests.java:38)
]]></error>
  </testcase>
  <testcase name="testRangeByLexBoundedWithLimit[12]" classname="org.springframework.data.redis.support.collections.RedisZSetTests" time="0">
    <error message="Could not initialize class org.springframework.data.redis.test.util.MinimumRedisVersionRule" type="java.lang.NoClassDefFoundError"><![CDATA[java.lang.NoClassDefFoundError: Could not initialize class org.springframework.data.redis.test.util.MinimumRedisVersionRule
	at org.springframework.data.redis.support.collections.RedisZSetTests.<init>(RedisZSetTests.java:38)
]]></error>
  </testcase>
  <testcase name="testContainsObject[12]" classname="org.springframework.data.redis.support.collections.RedisZSetTests" time="0">
    <error message="Could not initialize class org.springframework.data.redis.test.util.MinimumRedisVersionRule" type="java.lang.NoClassDefFoundError"><![CDATA[java.lang.NoClassDefFoundError: Could not initialize class org.springframework.data.redis.test.util.MinimumRedisVersionRule
	at org.springframework.data.redis.support.collections.RedisZSetTests.<init>(RedisZSetTests.java:38)
]]></error>
  </testcase>
  <testcase name="testClear[12]" classname="org.springframework.data.redis.support.collections.RedisZSetTests" time="0">
    <error message="Could not initialize class org.springframework.data.redis.test.util.MinimumRedisVersionRule" type="java.lang.NoClassDefFoundError"><![CDATA[java.lang.NoClassDefFoundError: Could not initialize class org.springframework.data.redis.test.util.MinimumRedisVersionRule
	at org.springframework.data.redis.support.collections.RedisZSetTests.<init>(RedisZSetTests.java:38)
]]></error>
  </testcase>
  <testcase name="testSize[12]" classname="org.springframework.data.redis.support.collections.RedisZSetTests" time="0">
    <error message="Could not initialize class org.springframework.data.redis.test.util.MinimumRedisVersionRule" type="java.lang.NoClassDefFoundError"><![CDATA[java.lang.NoClassDefFoundError: Could not initialize class org.springframework.data.redis.test.util.MinimumRedisVersionRule
	at org.springframework.data.redis.support.collections.RedisZSetTests.<init>(RedisZSetTests.java:38)
]]></error>
  </testcase>
  <testcase name="testToString[12]" classname="org.springframework.data.redis.support.collections.RedisZSetTests" time="0.001">
    <error message="Could not initialize class org.springframework.data.redis.test.util.MinimumRedisVersionRule" type="java.lang.NoClassDefFoundError"><![CDATA[java.lang.NoClassDefFoundError: Could not initialize class org.springframework.data.redis.test.util.MinimumRedisVersionRule
	at org.springframework.data.redis.support.collections.RedisZSetTests.<init>(RedisZSetTests.java:38)
]]></error>
  </testcase>
  <testcase name="testContainsAll[12]" classname="org.springframework.data.redis.support.collections.RedisZSetTests" time="0">
    <error message="Could not initialize class org.springframework.data.redis.test.util.MinimumRedisVersionRule" type="java.lang.NoClassDefFoundError"><![CDATA[java.lang.NoClassDefFoundError: Could not initialize class org.springframework.data.redis.test.util.MinimumRedisVersionRule
	at org.springframework.data.redis.support.collections.RedisZSetTests.<init>(RedisZSetTests.java:38)
]]></error>
  </testcase>
  <testcase name="testRemoveObject[12]" classname="org.springframework.data.redis.support.collections.RedisZSetTests" time="0">
    <error message="Could not initialize class org.springframework.data.redis.test.util.MinimumRedisVersionRule" type="java.lang.NoClassDefFoundError"><![CDATA[java.lang.NoClassDefFoundError: Could not initialize class org.springframework.data.redis.test.util.MinimumRedisVersionRule
	at org.springframework.data.redis.support.collections.RedisZSetTests.<init>(RedisZSetTests.java:38)
]]></error>
  </testcase>
  <testcase name="testHashCode[12]" classname="org.springframework.data.redis.support.collections.RedisZSetTests" time="0">
    <error message="Could not initialize class org.springframework.data.redis.test.util.MinimumRedisVersionRule" type="java.lang.NoClassDefFoundError"><![CDATA[java.lang.NoClassDefFoundError: Could not initialize class org.springframework.data.redis.test.util.MinimumRedisVersionRule
	at org.springframework.data.redis.support.collections.RedisZSetTests.<init>(RedisZSetTests.java:38)
]]></error>
  </testcase>
  <testcase name="testAddAll[12]" classname="org.springframework.data.redis.support.collections.RedisZSetTests" time="0">
    <error message="Could not initialize class org.springframework.data.redis.test.util.MinimumRedisVersionRule" type="java.lang.NoClassDefFoundError"><![CDATA[java.lang.NoClassDefFoundError: Could not initialize class org.springframework.data.redis.test.util.MinimumRedisVersionRule
	at org.springframework.data.redis.support.collections.RedisZSetTests.<init>(RedisZSetTests.java:38)
]]></error>
  </testcase>
  <testcase name="removeAll[12]" classname="org.springframework.data.redis.support.collections.RedisZSetTests" time="0">
    <error message="Could not initialize class org.springframework.data.redis.test.util.MinimumRedisVersionRule" type="java.lang.NoClassDefFoundError"><![CDATA[java.lang.NoClassDefFoundError: Could not initialize class org.springframework.data.redis.test.util.MinimumRedisVersionRule
	at org.springframework.data.redis.support.collections.RedisZSetTests.<init>(RedisZSetTests.java:38)
]]></error>
  </testcase>
  <testcase name="testEquals[12]" classname="org.springframework.data.redis.support.collections.RedisZSetTests" time="0">
    <error message="Could not initialize class org.springframework.data.redis.test.util.MinimumRedisVersionRule" type="java.lang.NoClassDefFoundError"><![CDATA[java.lang.NoClassDefFoundError: Could not initialize class org.springframework.data.redis.test.util.MinimumRedisVersionRule
	at org.springframework.data.redis.support.collections.RedisZSetTests.<init>(RedisZSetTests.java:38)
]]></error>
  </testcase>
  <testcase name="testGetKey[12]" classname="org.springframework.data.redis.support.collections.RedisZSetTests" time="0">
    <error message="Could not initialize class org.springframework.data.redis.test.util.MinimumRedisVersionRule" type="java.lang.NoClassDefFoundError"><![CDATA[java.lang.NoClassDefFoundError: Could not initialize class org.springframework.data.redis.test.util.MinimumRedisVersionRule
	at org.springframework.data.redis.support.collections.RedisZSetTests.<init>(RedisZSetTests.java:38)
]]></error>
  </testcase>
  <testcase name="testIsEmpty[12]" classname="org.springframework.data.redis.support.collections.RedisZSetTests" time="0">
    <error message="Could not initialize class org.springframework.data.redis.test.util.MinimumRedisVersionRule" type="java.lang.NoClassDefFoundError"><![CDATA[java.lang.NoClassDefFoundError: Could not initialize class org.springframework.data.redis.test.util.MinimumRedisVersionRule
	at org.springframework.data.redis.support.collections.RedisZSetTests.<init>(RedisZSetTests.java:38)
]]></error>
  </testcase>
  <testcase name="testToArray[13]" classname="org.springframework.data.redis.support.collections.RedisZSetTests" time="0">
    <error message="Could not initialize class org.springframework.data.redis.test.util.MinimumRedisVersionRule" type="java.lang.NoClassDefFoundError"><![CDATA[java.lang.NoClassDefFoundError: Could not initialize class org.springframework.data.redis.test.util.MinimumRedisVersionRule
	at org.springframework.data.redis.support.collections.RedisZSetTests.<init>(RedisZSetTests.java:38)
]]></error>
  </testcase>
  <testcase name="testAdd[13]" classname="org.springframework.data.redis.support.collections.RedisZSetTests" time="0">
    <error message="Could not initialize class org.springframework.data.redis.test.util.MinimumRedisVersionRule" type="java.lang.NoClassDefFoundError"><![CDATA[java.lang.NoClassDefFoundError: Could not initialize class org.springframework.data.redis.test.util.MinimumRedisVersionRule
	at org.springframework.data.redis.support.collections.RedisZSetTests.<init>(RedisZSetTests.java:38)
]]></error>
  </testcase>
  <testcase name="testFirst[13]" classname="org.springframework.data.redis.support.collections.RedisZSetTests" time="0">
    <error message="Could not initialize class org.springframework.data.redis.test.util.MinimumRedisVersionRule" type="java.lang.NoClassDefFoundError"><![CDATA[java.lang.NoClassDefFoundError: Could not initialize class org.springframework.data.redis.test.util.MinimumRedisVersionRule
	at org.springframework.data.redis.support.collections.RedisZSetTests.<init>(RedisZSetTests.java:38)
]]></error>
  </testcase>
  <testcase name="testRange[13]" classname="org.springframework.data.redis.support.collections.RedisZSetTests" time="0">
    <error message="Could not initialize class org.springframework.data.redis.test.util.MinimumRedisVersionRule" type="java.lang.NoClassDefFoundError"><![CDATA[java.lang.NoClassDefFoundError: Could not initialize class org.springframework.data.redis.test.util.MinimumRedisVersionRule
	at org.springframework.data.redis.support.collections.RedisZSetTests.<init>(RedisZSetTests.java:38)
]]></error>
  </testcase>
  <testcase name="testScore[13]" classname="org.springframework.data.redis.support.collections.RedisZSetTests" time="0">
    <error message="Could not initialize class org.springframework.data.redis.test.util.MinimumRedisVersionRule" type="java.lang.NoClassDefFoundError"><![CDATA[java.lang.NoClassDefFoundError: Could not initialize class org.springframework.data.redis.test.util.MinimumRedisVersionRule
	at org.springframework.data.redis.support.collections.RedisZSetTests.<init>(RedisZSetTests.java:38)
]]></error>
  </testcase>
  <testcase name="testLast[13]" classname="org.springframework.data.redis.support.collections.RedisZSetTests" time="0">
    <error message="Could not initialize class org.springframework.data.redis.test.util.MinimumRedisVersionRule" type="java.lang.NoClassDefFoundError"><![CDATA[java.lang.NoClassDefFoundError: Could not initialize class org.springframework.data.redis.test.util.MinimumRedisVersionRule
	at org.springframework.data.redis.support.collections.RedisZSetTests.<init>(RedisZSetTests.java:38)
]]></error>
  </testcase>
  <testcase name="testRank[13]" classname="org.springframework.data.redis.support.collections.RedisZSetTests" time="0">
    <error message="Could not initialize class org.springframework.data.redis.test.util.MinimumRedisVersionRule" type="java.lang.NoClassDefFoundError"><![CDATA[java.lang.NoClassDefFoundError: Could not initialize class org.springframework.data.redis.test.util.MinimumRedisVersionRule
	at org.springframework.data.redis.support.collections.RedisZSetTests.<init>(RedisZSetTests.java:38)
]]></error>
  </testcase>
  <testcase name="testRemoveByScore[13]" classname="org.springframework.data.redis.support.collections.RedisZSetTests" time="0">
    <error message="Could not initialize class org.springframework.data.redis.test.util.MinimumRedisVersionRule" type="java.lang.NoClassDefFoundError"><![CDATA[java.lang.NoClassDefFoundError: Could not initialize class org.springframework.data.redis.test.util.MinimumRedisVersionRule
	at org.springframework.data.redis.support.collections.RedisZSetTests.<init>(RedisZSetTests.java:38)
]]></error>
  </testcase>
  <testcase name="testRangeWithScores[13]" classname="org.springframework.data.redis.support.collections.RedisZSetTests" time="0.001">
    <error message="Could not initialize class org.springframework.data.redis.test.util.MinimumRedisVersionRule" type="java.lang.NoClassDefFoundError"><![CDATA[java.lang.NoClassDefFoundError: Could not initialize class org.springframework.data.redis.test.util.MinimumRedisVersionRule
	at org.springframework.data.redis.support.collections.RedisZSetTests.<init>(RedisZSetTests.java:38)
]]></error>
  </testcase>
  <testcase name="testRangeByLexUnbounded[13]" classname="org.springframework.data.redis.support.collections.RedisZSetTests" time="0">
    <error message="Could not initialize class org.springframework.data.redis.test.util.MinimumRedisVersionRule" type="java.lang.NoClassDefFoundError"><![CDATA[java.lang.NoClassDefFoundError: Could not initialize class org.springframework.data.redis.test.util.MinimumRedisVersionRule
	at org.springframework.data.redis.support.collections.RedisZSetTests.<init>(RedisZSetTests.java:38)
]]></error>
  </testcase>
  <testcase name="testRangeByLexBounded[13]" classname="org.springframework.data.redis.support.collections.RedisZSetTests" time="0">
    <error message="Could not initialize class org.springframework.data.redis.test.util.MinimumRedisVersionRule" type="java.lang.NoClassDefFoundError"><![CDATA[java.lang.NoClassDefFoundError: Could not initialize class org.springframework.data.redis.test.util.MinimumRedisVersionRule
	at org.springframework.data.redis.support.collections.RedisZSetTests.<init>(RedisZSetTests.java:38)
]]></error>
  </testcase>
  <testcase name="testScanWorksCorrectly[13]" classname="org.springframework.data.redis.support.collections.RedisZSetTests" time="0">
    <error message="Could not initialize class org.springframework.data.redis.test.util.MinimumRedisVersionRule" type="java.lang.NoClassDefFoundError"><![CDATA[java.lang.NoClassDefFoundError: Could not initialize class org.springframework.data.redis.test.util.MinimumRedisVersionRule
	at org.springframework.data.redis.support.collections.RedisZSetTests.<init>(RedisZSetTests.java:38)
]]></error>
  </testcase>
  <testcase name="testRangeByScoreWithScores[13]" classname="org.springframework.data.redis.support.collections.RedisZSetTests" time="0">
    <error message="Could not initialize class org.springframework.data.redis.test.util.MinimumRedisVersionRule" type="java.lang.NoClassDefFoundError"><![CDATA[java.lang.NoClassDefFoundError: Could not initialize class org.springframework.data.redis.test.util.MinimumRedisVersionRule
	at org.springframework.data.redis.support.collections.RedisZSetTests.<init>(RedisZSetTests.java:38)
]]></error>
  </testcase>
  <testcase name="testDefaultScore[13]" classname="org.springframework.data.redis.support.collections.RedisZSetTests" time="0">
    <error message="Could not initialize class org.springframework.data.redis.test.util.MinimumRedisVersionRule" type="java.lang.NoClassDefFoundError"><![CDATA[java.lang.NoClassDefFoundError: Could not initialize class org.springframework.data.redis.test.util.MinimumRedisVersionRule
	at org.springframework.data.redis.support.collections.RedisZSetTests.<init>(RedisZSetTests.java:38)
]]></error>
  </testcase>
  <testcase name="testRangeByScore[13]" classname="org.springframework.data.redis.support.collections.RedisZSetTests" time="0">
    <error message="Could not initialize class org.springframework.data.redis.test.util.MinimumRedisVersionRule" type="java.lang.NoClassDefFoundError"><![CDATA[java.lang.NoClassDefFoundError: Could not initialize class org.springframework.data.redis.test.util.MinimumRedisVersionRule
	at org.springframework.data.redis.support.collections.RedisZSetTests.<init>(RedisZSetTests.java:38)
]]></error>
  </testcase>
  <testcase name="testIntersectAndStore[13]" classname="org.springframework.data.redis.support.collections.RedisZSetTests" time="0">
    <error message="Could not initialize class org.springframework.data.redis.test.util.MinimumRedisVersionRule" type="java.lang.NoClassDefFoundError"><![CDATA[java.lang.NoClassDefFoundError: Could not initialize class org.springframework.data.redis.test.util.MinimumRedisVersionRule
	at org.springframework.data.redis.support.collections.RedisZSetTests.<init>(RedisZSetTests.java:38)
]]></error>
  </testcase>
  <testcase name="testReverseRank[13]" classname="org.springframework.data.redis.support.collections.RedisZSetTests" time="0">
    <error message="Could not initialize class org.springframework.data.redis.test.util.MinimumRedisVersionRule" type="java.lang.NoClassDefFoundError"><![CDATA[java.lang.NoClassDefFoundError: Could not initialize class org.springframework.data.redis.test.util.MinimumRedisVersionRule
	at org.springframework.data.redis.support.collections.RedisZSetTests.<init>(RedisZSetTests.java:38)
]]></error>
  </testcase>
  <testcase name="testReverseRangeWithScores[13]" classname="org.springframework.data.redis.support.collections.RedisZSetTests" time="0.001">
    <error message="Could not initialize class org.springframework.data.redis.test.util.MinimumRedisVersionRule" type="java.lang.NoClassDefFoundError"><![CDATA[java.lang.NoClassDefFoundError: Could not initialize class org.springframework.data.redis.test.util.MinimumRedisVersionRule
	at org.springframework.data.redis.support.collections.RedisZSetTests.<init>(RedisZSetTests.java:38)
]]></error>
  </testcase>
  <testcase name="testReverseRange[13]" classname="org.springframework.data.redis.support.collections.RedisZSetTests" time="0">
    <error message="Could not initialize class org.springframework.data.redis.test.util.MinimumRedisVersionRule" type="java.lang.NoClassDefFoundError"><![CDATA[java.lang.NoClassDefFoundError: Could not initialize class org.springframework.data.redis.test.util.MinimumRedisVersionRule
	at org.springframework.data.redis.support.collections.RedisZSetTests.<init>(RedisZSetTests.java:38)
]]></error>
  </testcase>
  <testcase name="testUnionAndStore[13]" classname="org.springframework.data.redis.support.collections.RedisZSetTests" time="0">
    <error message="Could not initialize class org.springframework.data.redis.test.util.MinimumRedisVersionRule" type="java.lang.NoClassDefFoundError"><![CDATA[java.lang.NoClassDefFoundError: Could not initialize class org.springframework.data.redis.test.util.MinimumRedisVersionRule
	at org.springframework.data.redis.support.collections.RedisZSetTests.<init>(RedisZSetTests.java:38)
]]></error>
  </testcase>
  <testcase name="testRangeByLexUnboundedWithLimit[13]" classname="org.springframework.data.redis.support.collections.RedisZSetTests" time="0">
    <error message="Could not initialize class org.springframework.data.redis.test.util.MinimumRedisVersionRule" type="java.lang.NoClassDefFoundError"><![CDATA[java.lang.NoClassDefFoundError: Could not initialize class org.springframework.data.redis.test.util.MinimumRedisVersionRule
	at org.springframework.data.redis.support.collections.RedisZSetTests.<init>(RedisZSetTests.java:38)
]]></error>
  </testcase>
  <testcase name="testReverseRangeByScoreWithScores[13]" classname="org.springframework.data.redis.support.collections.RedisZSetTests" time="0">
    <error message="Could not initialize class org.springframework.data.redis.test.util.MinimumRedisVersionRule" type="java.lang.NoClassDefFoundError"><![CDATA[java.lang.NoClassDefFoundError: Could not initialize class org.springframework.data.redis.test.util.MinimumRedisVersionRule
	at org.springframework.data.redis.support.collections.RedisZSetTests.<init>(RedisZSetTests.java:38)
]]></error>
  </testcase>
  <testcase name="testToArrayWithGenerics[13]" classname="org.springframework.data.redis.support.collections.RedisZSetTests" time="0">
    <error message="Could not initialize class org.springframework.data.redis.test.util.MinimumRedisVersionRule" type="java.lang.NoClassDefFoundError"><![CDATA[java.lang.NoClassDefFoundError: Could not initialize class org.springframework.data.redis.test.util.MinimumRedisVersionRule
	at org.springframework.data.redis.support.collections.RedisZSetTests.<init>(RedisZSetTests.java:38)
]]></error>
  </testcase>
  <testcase name="testFirstException[13]" classname="org.springframework.data.redis.support.collections.RedisZSetTests" time="0">
    <error message="Could not initialize class org.springframework.data.redis.test.util.MinimumRedisVersionRule" type="java.lang.NoClassDefFoundError"><![CDATA[java.lang.NoClassDefFoundError: Could not initialize class org.springframework.data.redis.test.util.MinimumRedisVersionRule
	at org.springframework.data.redis.support.collections.RedisZSetTests.<init>(RedisZSetTests.java:38)
]]></error>
  </testcase>
  <testcase name="testLastException[13]" classname="org.springframework.data.redis.support.collections.RedisZSetTests" time="0">
    <error message="Could not initialize class org.springframework.data.redis.test.util.MinimumRedisVersionRule" type="java.lang.NoClassDefFoundError"><![CDATA[java.lang.NoClassDefFoundError: Could not initialize class org.springframework.data.redis.test.util.MinimumRedisVersionRule
	at org.springframework.data.redis.support.collections.RedisZSetTests.<init>(RedisZSetTests.java:38)
]]></error>
  </testcase>
  <testcase name="testRemove[13]" classname="org.springframework.data.redis.support.collections.RedisZSetTests" time="0">
    <error message="Could not initialize class org.springframework.data.redis.test.util.MinimumRedisVersionRule" type="java.lang.NoClassDefFoundError"><![CDATA[java.lang.NoClassDefFoundError: Could not initialize class org.springframework.data.redis.test.util.MinimumRedisVersionRule
	at org.springframework.data.redis.support.collections.RedisZSetTests.<init>(RedisZSetTests.java:38)
]]></error>
  </testcase>
  <testcase name="testAddWithScore[13]" classname="org.springframework.data.redis.support.collections.RedisZSetTests" time="0">
    <error message="Could not initialize class org.springframework.data.redis.test.util.MinimumRedisVersionRule" type="java.lang.NoClassDefFoundError"><![CDATA[java.lang.NoClassDefFoundError: Could not initialize class org.springframework.data.redis.test.util.MinimumRedisVersionRule
	at org.springframework.data.redis.support.collections.RedisZSetTests.<init>(RedisZSetTests.java:38)
]]></error>
  </testcase>
  <testcase name="testIterator[13]" classname="org.springframework.data.redis.support.collections.RedisZSetTests" time="0">
    <error message="Could not initialize class org.springframework.data.redis.test.util.MinimumRedisVersionRule" type="java.lang.NoClassDefFoundError"><![CDATA[java.lang.NoClassDefFoundError: Could not initialize class org.springframework.data.redis.test.util.MinimumRedisVersionRule
	at org.springframework.data.redis.support.collections.RedisZSetTests.<init>(RedisZSetTests.java:38)
]]></error>
  </testcase>
  <testcase name="testReverseRangeByScore[13]" classname="org.springframework.data.redis.support.collections.RedisZSetTests" time="0">
    <error message="Could not initialize class org.springframework.data.redis.test.util.MinimumRedisVersionRule" type="java.lang.NoClassDefFoundError"><![CDATA[java.lang.NoClassDefFoundError: Could not initialize class org.springframework.data.redis.test.util.MinimumRedisVersionRule
	at org.springframework.data.redis.support.collections.RedisZSetTests.<init>(RedisZSetTests.java:38)
]]></error>
  </testcase>
  <testcase name="testRangeByLexBoundedWithLimit[13]" classname="org.springframework.data.redis.support.collections.RedisZSetTests" time="0">
    <error message="Could not initialize class org.springframework.data.redis.test.util.MinimumRedisVersionRule" type="java.lang.NoClassDefFoundError"><![CDATA[java.lang.NoClassDefFoundError: Could not initialize class org.springframework.data.redis.test.util.MinimumRedisVersionRule
	at org.springframework.data.redis.support.collections.RedisZSetTests.<init>(RedisZSetTests.java:38)
]]></error>
  </testcase>
  <testcase name="testContainsObject[13]" classname="org.springframework.data.redis.support.collections.RedisZSetTests" time="0">
    <error message="Could not initialize class org.springframework.data.redis.test.util.MinimumRedisVersionRule" type="java.lang.NoClassDefFoundError"><![CDATA[java.lang.NoClassDefFoundError: Could not initialize class org.springframework.data.redis.test.util.MinimumRedisVersionRule
	at org.springframework.data.redis.support.collections.RedisZSetTests.<init>(RedisZSetTests.java:38)
]]></error>
  </testcase>
  <testcase name="testClear[13]" classname="org.springframework.data.redis.support.collections.RedisZSetTests" time="0">
    <error message="Could not initialize class org.springframework.data.redis.test.util.MinimumRedisVersionRule" type="java.lang.NoClassDefFoundError"><![CDATA[java.lang.NoClassDefFoundError: Could not initialize class org.springframework.data.redis.test.util.MinimumRedisVersionRule
	at org.springframework.data.redis.support.collections.RedisZSetTests.<init>(RedisZSetTests.java:38)
]]></error>
  </testcase>
  <testcase name="testSize[13]" classname="org.springframework.data.redis.support.collections.RedisZSetTests" time="0">
    <error message="Could not initialize class org.springframework.data.redis.test.util.MinimumRedisVersionRule" type="java.lang.NoClassDefFoundError"><![CDATA[java.lang.NoClassDefFoundError: Could not initialize class org.springframework.data.redis.test.util.MinimumRedisVersionRule
	at org.springframework.data.redis.support.collections.RedisZSetTests.<init>(RedisZSetTests.java:38)
]]></error>
  </testcase>
  <testcase name="testToString[13]" classname="org.springframework.data.redis.support.collections.RedisZSetTests" time="0">
    <error message="Could not initialize class org.springframework.data.redis.test.util.MinimumRedisVersionRule" type="java.lang.NoClassDefFoundError"><![CDATA[java.lang.NoClassDefFoundError: Could not initialize class org.springframework.data.redis.test.util.MinimumRedisVersionRule
	at org.springframework.data.redis.support.collections.RedisZSetTests.<init>(RedisZSetTests.java:38)
]]></error>
  </testcase>
  <testcase name="testContainsAll[13]" classname="org.springframework.data.redis.support.collections.RedisZSetTests" time="0">
    <error message="Could not initialize class org.springframework.data.redis.test.util.MinimumRedisVersionRule" type="java.lang.NoClassDefFoundError"><![CDATA[java.lang.NoClassDefFoundError: Could not initialize class org.springframework.data.redis.test.util.MinimumRedisVersionRule
	at org.springframework.data.redis.support.collections.RedisZSetTests.<init>(RedisZSetTests.java:38)
]]></error>
  </testcase>
  <testcase name="testRemoveObject[13]" classname="org.springframework.data.redis.support.collections.RedisZSetTests" time="0.001">
    <error message="Could not initialize class org.springframework.data.redis.test.util.MinimumRedisVersionRule" type="java.lang.NoClassDefFoundError"><![CDATA[java.lang.NoClassDefFoundError: Could not initialize class org.springframework.data.redis.test.util.MinimumRedisVersionRule
	at org.springframework.data.redis.support.collections.RedisZSetTests.<init>(RedisZSetTests.java:38)
]]></error>
  </testcase>
  <testcase name="testHashCode[13]" classname="org.springframework.data.redis.support.collections.RedisZSetTests" time="0">
    <error message="Could not initialize class org.springframework.data.redis.test.util.MinimumRedisVersionRule" type="java.lang.NoClassDefFoundError"><![CDATA[java.lang.NoClassDefFoundError: Could not initialize class org.springframework.data.redis.test.util.MinimumRedisVersionRule
	at org.springframework.data.redis.support.collections.RedisZSetTests.<init>(RedisZSetTests.java:38)
]]></error>
  </testcase>
  <testcase name="testAddAll[13]" classname="org.springframework.data.redis.support.collections.RedisZSetTests" time="0">
    <error message="Could not initialize class org.springframework.data.redis.test.util.MinimumRedisVersionRule" type="java.lang.NoClassDefFoundError"><![CDATA[java.lang.NoClassDefFoundError: Could not initialize class org.springframework.data.redis.test.util.MinimumRedisVersionRule
	at org.springframework.data.redis.support.collections.RedisZSetTests.<init>(RedisZSetTests.java:38)
]]></error>
  </testcase>
  <testcase name="removeAll[13]" classname="org.springframework.data.redis.support.collections.RedisZSetTests" time="0">
    <error message="Could not initialize class org.springframework.data.redis.test.util.MinimumRedisVersionRule" type="java.lang.NoClassDefFoundError"><![CDATA[java.lang.NoClassDefFoundError: Could not initialize class org.springframework.data.redis.test.util.MinimumRedisVersionRule
	at org.springframework.data.redis.support.collections.RedisZSetTests.<init>(RedisZSetTests.java:38)
]]></error>
  </testcase>
  <testcase name="testEquals[13]" classname="org.springframework.data.redis.support.collections.RedisZSetTests" time="0">
    <error message="Could not initialize class org.springframework.data.redis.test.util.MinimumRedisVersionRule" type="java.lang.NoClassDefFoundError"><![CDATA[java.lang.NoClassDefFoundError: Could not initialize class org.springframework.data.redis.test.util.MinimumRedisVersionRule
	at org.springframework.data.redis.support.collections.RedisZSetTests.<init>(RedisZSetTests.java:38)
]]></error>
  </testcase>
  <testcase name="testGetKey[13]" classname="org.springframework.data.redis.support.collections.RedisZSetTests" time="0">
    <error message="Could not initialize class org.springframework.data.redis.test.util.MinimumRedisVersionRule" type="java.lang.NoClassDefFoundError"><![CDATA[java.lang.NoClassDefFoundError: Could not initialize class org.springframework.data.redis.test.util.MinimumRedisVersionRule
	at org.springframework.data.redis.support.collections.RedisZSetTests.<init>(RedisZSetTests.java:38)
]]></error>
  </testcase>
  <testcase name="testIsEmpty[13]" classname="org.springframework.data.redis.support.collections.RedisZSetTests" time="0">
    <error message="Could not initialize class org.springframework.data.redis.test.util.MinimumRedisVersionRule" type="java.lang.NoClassDefFoundError"><![CDATA[java.lang.NoClassDefFoundError: Could not initialize class org.springframework.data.redis.test.util.MinimumRedisVersionRule
	at org.springframework.data.redis.support.collections.RedisZSetTests.<init>(RedisZSetTests.java:38)
]]></error>
  </testcase>
  <testcase name="testToArray[14]" classname="org.springframework.data.redis.support.collections.RedisZSetTests" time="0">
    <error message="Could not initialize class org.springframework.data.redis.test.util.MinimumRedisVersionRule" type="java.lang.NoClassDefFoundError"><![CDATA[java.lang.NoClassDefFoundError: Could not initialize class org.springframework.data.redis.test.util.MinimumRedisVersionRule
	at org.springframework.data.redis.support.collections.RedisZSetTests.<init>(RedisZSetTests.java:38)
]]></error>
  </testcase>
  <testcase name="testAdd[14]" classname="org.springframework.data.redis.support.collections.RedisZSetTests" time="0">
    <error message="Could not initialize class org.springframework.data.redis.test.util.MinimumRedisVersionRule" type="java.lang.NoClassDefFoundError"><![CDATA[java.lang.NoClassDefFoundError: Could not initialize class org.springframework.data.redis.test.util.MinimumRedisVersionRule
	at org.springframework.data.redis.support.collections.RedisZSetTests.<init>(RedisZSetTests.java:38)
]]></error>
  </testcase>
  <testcase name="testFirst[14]" classname="org.springframework.data.redis.support.collections.RedisZSetTests" time="0.001">
    <error message="Could not initialize class org.springframework.data.redis.test.util.MinimumRedisVersionRule" type="java.lang.NoClassDefFoundError"><![CDATA[java.lang.NoClassDefFoundError: Could not initialize class org.springframework.data.redis.test.util.MinimumRedisVersionRule
	at org.springframework.data.redis.support.collections.RedisZSetTests.<init>(RedisZSetTests.java:38)
]]></error>
  </testcase>
  <testcase name="testRange[14]" classname="org.springframework.data.redis.support.collections.RedisZSetTests" time="0">
    <error message="Could not initialize class org.springframework.data.redis.test.util.MinimumRedisVersionRule" type="java.lang.NoClassDefFoundError"><![CDATA[java.lang.NoClassDefFoundError: Could not initialize class org.springframework.data.redis.test.util.MinimumRedisVersionRule
	at org.springframework.data.redis.support.collections.RedisZSetTests.<init>(RedisZSetTests.java:38)
]]></error>
  </testcase>
  <testcase name="testScore[14]" classname="org.springframework.data.redis.support.collections.RedisZSetTests" time="0">
    <error message="Could not initialize class org.springframework.data.redis.test.util.MinimumRedisVersionRule" type="java.lang.NoClassDefFoundError"><![CDATA[java.lang.NoClassDefFoundError: Could not initialize class org.springframework.data.redis.test.util.MinimumRedisVersionRule
	at org.springframework.data.redis.support.collections.RedisZSetTests.<init>(RedisZSetTests.java:38)
]]></error>
  </testcase>
  <testcase name="testLast[14]" classname="org.springframework.data.redis.support.collections.RedisZSetTests" time="0">
    <error message="Could not initialize class org.springframework.data.redis.test.util.MinimumRedisVersionRule" type="java.lang.NoClassDefFoundError"><![CDATA[java.lang.NoClassDefFoundError: Could not initialize class org.springframework.data.redis.test.util.MinimumRedisVersionRule
	at org.springframework.data.redis.support.collections.RedisZSetTests.<init>(RedisZSetTests.java:38)
]]></error>
  </testcase>
  <testcase name="testRank[14]" classname="org.springframework.data.redis.support.collections.RedisZSetTests" time="0">
    <error message="Could not initialize class org.springframework.data.redis.test.util.MinimumRedisVersionRule" type="java.lang.NoClassDefFoundError"><![CDATA[java.lang.NoClassDefFoundError: Could not initialize class org.springframework.data.redis.test.util.MinimumRedisVersionRule
	at org.springframework.data.redis.support.collections.RedisZSetTests.<init>(RedisZSetTests.java:38)
]]></error>
  </testcase>
  <testcase name="testRemoveByScore[14]" classname="org.springframework.data.redis.support.collections.RedisZSetTests" time="0">
    <error message="Could not initialize class org.springframework.data.redis.test.util.MinimumRedisVersionRule" type="java.lang.NoClassDefFoundError"><![CDATA[java.lang.NoClassDefFoundError: Could not initialize class org.springframework.data.redis.test.util.MinimumRedisVersionRule
	at org.springframework.data.redis.support.collections.RedisZSetTests.<init>(RedisZSetTests.java:38)
]]></error>
  </testcase>
  <testcase name="testRangeWithScores[14]" classname="org.springframework.data.redis.support.collections.RedisZSetTests" time="0">
    <error message="Could not initialize class org.springframework.data.redis.test.util.MinimumRedisVersionRule" type="java.lang.NoClassDefFoundError"><![CDATA[java.lang.NoClassDefFoundError: Could not initialize class org.springframework.data.redis.test.util.MinimumRedisVersionRule
	at org.springframework.data.redis.support.collections.RedisZSetTests.<init>(RedisZSetTests.java:38)
]]></error>
  </testcase>
  <testcase name="testRangeByLexUnbounded[14]" classname="org.springframework.data.redis.support.collections.RedisZSetTests" time="0">
    <error message="Could not initialize class org.springframework.data.redis.test.util.MinimumRedisVersionRule" type="java.lang.NoClassDefFoundError"><![CDATA[java.lang.NoClassDefFoundError: Could not initialize class org.springframework.data.redis.test.util.MinimumRedisVersionRule
	at org.springframework.data.redis.support.collections.RedisZSetTests.<init>(RedisZSetTests.java:38)
]]></error>
  </testcase>
  <testcase name="testRangeByLexBounded[14]" classname="org.springframework.data.redis.support.collections.RedisZSetTests" time="0">
    <error message="Could not initialize class org.springframework.data.redis.test.util.MinimumRedisVersionRule" type="java.lang.NoClassDefFoundError"><![CDATA[java.lang.NoClassDefFoundError: Could not initialize class org.springframework.data.redis.test.util.MinimumRedisVersionRule
	at org.springframework.data.redis.support.collections.RedisZSetTests.<init>(RedisZSetTests.java:38)
]]></error>
  </testcase>
  <testcase name="testScanWorksCorrectly[14]" classname="org.springframework.data.redis.support.collections.RedisZSetTests" time="0.001">
    <error message="Could not initialize class org.springframework.data.redis.test.util.MinimumRedisVersionRule" type="java.lang.NoClassDefFoundError"><![CDATA[java.lang.NoClassDefFoundError: Could not initialize class org.springframework.data.redis.test.util.MinimumRedisVersionRule
	at org.springframework.data.redis.support.collections.RedisZSetTests.<init>(RedisZSetTests.java:38)
]]></error>
  </testcase>
  <testcase name="testRangeByScoreWithScores[14]" classname="org.springframework.data.redis.support.collections.RedisZSetTests" time="0">
    <error message="Could not initialize class org.springframework.data.redis.test.util.MinimumRedisVersionRule" type="java.lang.NoClassDefFoundError"><![CDATA[java.lang.NoClassDefFoundError: Could not initialize class org.springframework.data.redis.test.util.MinimumRedisVersionRule
	at org.springframework.data.redis.support.collections.RedisZSetTests.<init>(RedisZSetTests.java:38)
]]></error>
  </testcase>
  <testcase name="testDefaultScore[14]" classname="org.springframework.data.redis.support.collections.RedisZSetTests" time="0">
    <error message="Could not initialize class org.springframework.data.redis.test.util.MinimumRedisVersionRule" type="java.lang.NoClassDefFoundError"><![CDATA[java.lang.NoClassDefFoundError: Could not initialize class org.springframework.data.redis.test.util.MinimumRedisVersionRule
	at org.springframework.data.redis.support.collections.RedisZSetTests.<init>(RedisZSetTests.java:38)
]]></error>
  </testcase>
  <testcase name="testRangeByScore[14]" classname="org.springframework.data.redis.support.collections.RedisZSetTests" time="0">
    <error message="Could not initialize class org.springframework.data.redis.test.util.MinimumRedisVersionRule" type="java.lang.NoClassDefFoundError"><![CDATA[java.lang.NoClassDefFoundError: Could not initialize class org.springframework.data.redis.test.util.MinimumRedisVersionRule
	at org.springframework.data.redis.support.collections.RedisZSetTests.<init>(RedisZSetTests.java:38)
]]></error>
  </testcase>
  <testcase name="testIntersectAndStore[14]" classname="org.springframework.data.redis.support.collections.RedisZSetTests" time="0">
    <error message="Could not initialize class org.springframework.data.redis.test.util.MinimumRedisVersionRule" type="java.lang.NoClassDefFoundError"><![CDATA[java.lang.NoClassDefFoundError: Could not initialize class org.springframework.data.redis.test.util.MinimumRedisVersionRule
	at org.springframework.data.redis.support.collections.RedisZSetTests.<init>(RedisZSetTests.java:38)
]]></error>
  </testcase>
  <testcase name="testReverseRank[14]" classname="org.springframework.data.redis.support.collections.RedisZSetTests" time="0">
    <error message="Could not initialize class org.springframework.data.redis.test.util.MinimumRedisVersionRule" type="java.lang.NoClassDefFoundError"><![CDATA[java.lang.NoClassDefFoundError: Could not initialize class org.springframework.data.redis.test.util.MinimumRedisVersionRule
	at org.springframework.data.redis.support.collections.RedisZSetTests.<init>(RedisZSetTests.java:38)
]]></error>
  </testcase>
  <testcase name="testReverseRangeWithScores[14]" classname="org.springframework.data.redis.support.collections.RedisZSetTests" time="0">
    <error message="Could not initialize class org.springframework.data.redis.test.util.MinimumRedisVersionRule" type="java.lang.NoClassDefFoundError"><![CDATA[java.lang.NoClassDefFoundError: Could not initialize class org.springframework.data.redis.test.util.MinimumRedisVersionRule
	at org.springframework.data.redis.support.collections.RedisZSetTests.<init>(RedisZSetTests.java:38)
]]></error>
  </testcase>
  <testcase name="testReverseRange[14]" classname="org.springframework.data.redis.support.collections.RedisZSetTests" time="0">
    <error message="Could not initialize class org.springframework.data.redis.test.util.MinimumRedisVersionRule" type="java.lang.NoClassDefFoundError"><![CDATA[java.lang.NoClassDefFoundError: Could not initialize class org.springframework.data.redis.test.util.MinimumRedisVersionRule
	at org.springframework.data.redis.support.collections.RedisZSetTests.<init>(RedisZSetTests.java:38)
]]></error>
  </testcase>
  <testcase name="testUnionAndStore[14]" classname="org.springframework.data.redis.support.collections.RedisZSetTests" time="0">
    <error message="Could not initialize class org.springframework.data.redis.test.util.MinimumRedisVersionRule" type="java.lang.NoClassDefFoundError"><![CDATA[java.lang.NoClassDefFoundError: Could not initialize class org.springframework.data.redis.test.util.MinimumRedisVersionRule
	at org.springframework.data.redis.support.collections.RedisZSetTests.<init>(RedisZSetTests.java:38)
]]></error>
  </testcase>
  <testcase name="testRangeByLexUnboundedWithLimit[14]" classname="org.springframework.data.redis.support.collections.RedisZSetTests" time="0">
    <error message="Could not initialize class org.springframework.data.redis.test.util.MinimumRedisVersionRule" type="java.lang.NoClassDefFoundError"><![CDATA[java.lang.NoClassDefFoundError: Could not initialize class org.springframework.data.redis.test.util.MinimumRedisVersionRule
	at org.springframework.data.redis.support.collections.RedisZSetTests.<init>(RedisZSetTests.java:38)
]]></error>
  </testcase>
  <testcase name="testReverseRangeByScoreWithScores[14]" classname="org.springframework.data.redis.support.collections.RedisZSetTests" time="0">
    <error message="Could not initialize class org.springframework.data.redis.test.util.MinimumRedisVersionRule" type="java.lang.NoClassDefFoundError"><![CDATA[java.lang.NoClassDefFoundError: Could not initialize class org.springframework.data.redis.test.util.MinimumRedisVersionRule
	at org.springframework.data.redis.support.collections.RedisZSetTests.<init>(RedisZSetTests.java:38)
]]></error>
  </testcase>
  <testcase name="testToArrayWithGenerics[14]" classname="org.springframework.data.redis.support.collections.RedisZSetTests" time="0">
    <error message="Could not initialize class org.springframework.data.redis.test.util.MinimumRedisVersionRule" type="java.lang.NoClassDefFoundError"><![CDATA[java.lang.NoClassDefFoundError: Could not initialize class org.springframework.data.redis.test.util.MinimumRedisVersionRule
	at org.springframework.data.redis.support.collections.RedisZSetTests.<init>(RedisZSetTests.java:38)
]]></error>
  </testcase>
  <testcase name="testFirstException[14]" classname="org.springframework.data.redis.support.collections.RedisZSetTests" time="0">
    <error message="Could not initialize class org.springframework.data.redis.test.util.MinimumRedisVersionRule" type="java.lang.NoClassDefFoundError"><![CDATA[java.lang.NoClassDefFoundError: Could not initialize class org.springframework.data.redis.test.util.MinimumRedisVersionRule
	at org.springframework.data.redis.support.collections.RedisZSetTests.<init>(RedisZSetTests.java:38)
]]></error>
  </testcase>
  <testcase name="testLastException[14]" classname="org.springframework.data.redis.support.collections.RedisZSetTests" time="0">
    <error message="Could not initialize class org.springframework.data.redis.test.util.MinimumRedisVersionRule" type="java.lang.NoClassDefFoundError"><![CDATA[java.lang.NoClassDefFoundError: Could not initialize class org.springframework.data.redis.test.util.MinimumRedisVersionRule
	at org.springframework.data.redis.support.collections.RedisZSetTests.<init>(RedisZSetTests.java:38)
]]></error>
  </testcase>
  <testcase name="testRemove[14]" classname="org.springframework.data.redis.support.collections.RedisZSetTests" time="0">
    <error message="Could not initialize class org.springframework.data.redis.test.util.MinimumRedisVersionRule" type="java.lang.NoClassDefFoundError"><![CDATA[java.lang.NoClassDefFoundError: Could not initialize class org.springframework.data.redis.test.util.MinimumRedisVersionRule
	at org.springframework.data.redis.support.collections.RedisZSetTests.<init>(RedisZSetTests.java:38)
]]></error>
  </testcase>
  <testcase name="testAddWithScore[14]" classname="org.springframework.data.redis.support.collections.RedisZSetTests" time="0">
    <error message="Could not initialize class org.springframework.data.redis.test.util.MinimumRedisVersionRule" type="java.lang.NoClassDefFoundError"><![CDATA[java.lang.NoClassDefFoundError: Could not initialize class org.springframework.data.redis.test.util.MinimumRedisVersionRule
	at org.springframework.data.redis.support.collections.RedisZSetTests.<init>(RedisZSetTests.java:38)
]]></error>
  </testcase>
  <testcase name="testIterator[14]" classname="org.springframework.data.redis.support.collections.RedisZSetTests" time="0">
    <error message="Could not initialize class org.springframework.data.redis.test.util.MinimumRedisVersionRule" type="java.lang.NoClassDefFoundError"><![CDATA[java.lang.NoClassDefFoundError: Could not initialize class org.springframework.data.redis.test.util.MinimumRedisVersionRule
	at org.springframework.data.redis.support.collections.RedisZSetTests.<init>(RedisZSetTests.java:38)
]]></error>
  </testcase>
  <testcase name="testReverseRangeByScore[14]" classname="org.springframework.data.redis.support.collections.RedisZSetTests" time="0.001">
    <error message="Could not initialize class org.springframework.data.redis.test.util.MinimumRedisVersionRule" type="java.lang.NoClassDefFoundError"><![CDATA[java.lang.NoClassDefFoundError: Could not initialize class org.springframework.data.redis.test.util.MinimumRedisVersionRule
	at org.springframework.data.redis.support.collections.RedisZSetTests.<init>(RedisZSetTests.java:38)
]]></error>
  </testcase>
  <testcase name="testRangeByLexBoundedWithLimit[14]" classname="org.springframework.data.redis.support.collections.RedisZSetTests" time="0">
    <error message="Could not initialize class org.springframework.data.redis.test.util.MinimumRedisVersionRule" type="java.lang.NoClassDefFoundError"><![CDATA[java.lang.NoClassDefFoundError: Could not initialize class org.springframework.data.redis.test.util.MinimumRedisVersionRule
	at org.springframework.data.redis.support.collections.RedisZSetTests.<init>(RedisZSetTests.java:38)
]]></error>
  </testcase>
  <testcase name="testContainsObject[14]" classname="org.springframework.data.redis.support.collections.RedisZSetTests" time="0">
    <error message="Could not initialize class org.springframework.data.redis.test.util.MinimumRedisVersionRule" type="java.lang.NoClassDefFoundError"><![CDATA[java.lang.NoClassDefFoundError: Could not initialize class org.springframework.data.redis.test.util.MinimumRedisVersionRule
	at org.springframework.data.redis.support.collections.RedisZSetTests.<init>(RedisZSetTests.java:38)
]]></error>
  </testcase>
  <testcase name="testClear[14]" classname="org.springframework.data.redis.support.collections.RedisZSetTests" time="0">
    <error message="Could not initialize class org.springframework.data.redis.test.util.MinimumRedisVersionRule" type="java.lang.NoClassDefFoundError"><![CDATA[java.lang.NoClassDefFoundError: Could not initialize class org.springframework.data.redis.test.util.MinimumRedisVersionRule
	at org.springframework.data.redis.support.collections.RedisZSetTests.<init>(RedisZSetTests.java:38)
]]></error>
  </testcase>
  <testcase name="testSize[14]" classname="org.springframework.data.redis.support.collections.RedisZSetTests" time="0">
    <error message="Could not initialize class org.springframework.data.redis.test.util.MinimumRedisVersionRule" type="java.lang.NoClassDefFoundError"><![CDATA[java.lang.NoClassDefFoundError: Could not initialize class org.springframework.data.redis.test.util.MinimumRedisVersionRule
	at org.springframework.data.redis.support.collections.RedisZSetTests.<init>(RedisZSetTests.java:38)
]]></error>
  </testcase>
  <testcase name="testToString[14]" classname="org.springframework.data.redis.support.collections.RedisZSetTests" time="0">
    <error message="Could not initialize class org.springframework.data.redis.test.util.MinimumRedisVersionRule" type="java.lang.NoClassDefFoundError"><![CDATA[java.lang.NoClassDefFoundError: Could not initialize class org.springframework.data.redis.test.util.MinimumRedisVersionRule
	at org.springframework.data.redis.support.collections.RedisZSetTests.<init>(RedisZSetTests.java:38)
]]></error>
  </testcase>
  <testcase name="testContainsAll[14]" classname="org.springframework.data.redis.support.collections.RedisZSetTests" time="0">
    <error message="Could not initialize class org.springframework.data.redis.test.util.MinimumRedisVersionRule" type="java.lang.NoClassDefFoundError"><![CDATA[java.lang.NoClassDefFoundError: Could not initialize class org.springframework.data.redis.test.util.MinimumRedisVersionRule
	at org.springframework.data.redis.support.collections.RedisZSetTests.<init>(RedisZSetTests.java:38)
]]></error>
  </testcase>
  <testcase name="testRemoveObject[14]" classname="org.springframework.data.redis.support.collections.RedisZSetTests" time="0">
    <error message="Could not initialize class org.springframework.data.redis.test.util.MinimumRedisVersionRule" type="java.lang.NoClassDefFoundError"><![CDATA[java.lang.NoClassDefFoundError: Could not initialize class org.springframework.data.redis.test.util.MinimumRedisVersionRule
	at org.springframework.data.redis.support.collections.RedisZSetTests.<init>(RedisZSetTests.java:38)
]]></error>
  </testcase>
  <testcase name="testHashCode[14]" classname="org.springframework.data.redis.support.collections.RedisZSetTests" time="0">
    <error message="Could not initialize class org.springframework.data.redis.test.util.MinimumRedisVersionRule" type="java.lang.NoClassDefFoundError"><![CDATA[java.lang.NoClassDefFoundError: Could not initialize class org.springframework.data.redis.test.util.MinimumRedisVersionRule
	at org.springframework.data.redis.support.collections.RedisZSetTests.<init>(RedisZSetTests.java:38)
]]></error>
  </testcase>
  <testcase name="testAddAll[14]" classname="org.springframework.data.redis.support.collections.RedisZSetTests" time="0.001">
    <error message="Could not initialize class org.springframework.data.redis.test.util.MinimumRedisVersionRule" type="java.lang.NoClassDefFoundError"><![CDATA[java.lang.NoClassDefFoundError: Could not initialize class org.springframework.data.redis.test.util.MinimumRedisVersionRule
	at org.springframework.data.redis.support.collections.RedisZSetTests.<init>(RedisZSetTests.java:38)
]]></error>
  </testcase>
  <testcase name="removeAll[14]" classname="org.springframework.data.redis.support.collections.RedisZSetTests" time="0">
    <error message="Could not initialize class org.springframework.data.redis.test.util.MinimumRedisVersionRule" type="java.lang.NoClassDefFoundError"><![CDATA[java.lang.NoClassDefFoundError: Could not initialize class org.springframework.data.redis.test.util.MinimumRedisVersionRule
	at org.springframework.data.redis.support.collections.RedisZSetTests.<init>(RedisZSetTests.java:38)
]]></error>
  </testcase>
  <testcase name="testEquals[14]" classname="org.springframework.data.redis.support.collections.RedisZSetTests" time="0">
    <error message="Could not initialize class org.springframework.data.redis.test.util.MinimumRedisVersionRule" type="java.lang.NoClassDefFoundError"><![CDATA[java.lang.NoClassDefFoundError: Could not initialize class org.springframework.data.redis.test.util.MinimumRedisVersionRule
	at org.springframework.data.redis.support.collections.RedisZSetTests.<init>(RedisZSetTests.java:38)
]]></error>
  </testcase>
  <testcase name="testGetKey[14]" classname="org.springframework.data.redis.support.collections.RedisZSetTests" time="0">
    <error message="Could not initialize class org.springframework.data.redis.test.util.MinimumRedisVersionRule" type="java.lang.NoClassDefFoundError"><![CDATA[java.lang.NoClassDefFoundError: Could not initialize class org.springframework.data.redis.test.util.MinimumRedisVersionRule
	at org.springframework.data.redis.support.collections.RedisZSetTests.<init>(RedisZSetTests.java:38)
]]></error>
  </testcase>
  <testcase name="testIsEmpty[14]" classname="org.springframework.data.redis.support.collections.RedisZSetTests" time="0">
    <error message="Could not initialize class org.springframework.data.redis.test.util.MinimumRedisVersionRule" type="java.lang.NoClassDefFoundError"><![CDATA[java.lang.NoClassDefFoundError: Could not initialize class org.springframework.data.redis.test.util.MinimumRedisVersionRule
	at org.springframework.data.redis.support.collections.RedisZSetTests.<init>(RedisZSetTests.java:38)
]]></error>
  </testcase>
  <testcase name="testToArray[15]" classname="org.springframework.data.redis.support.collections.RedisZSetTests" time="0">
    <error message="Could not initialize class org.springframework.data.redis.test.util.MinimumRedisVersionRule" type="java.lang.NoClassDefFoundError"><![CDATA[java.lang.NoClassDefFoundError: Could not initialize class org.springframework.data.redis.test.util.MinimumRedisVersionRule
	at org.springframework.data.redis.support.collections.RedisZSetTests.<init>(RedisZSetTests.java:38)
]]></error>
  </testcase>
  <testcase name="testAdd[15]" classname="org.springframework.data.redis.support.collections.RedisZSetTests" time="0">
    <error message="Could not initialize class org.springframework.data.redis.test.util.MinimumRedisVersionRule" type="java.lang.NoClassDefFoundError"><![CDATA[java.lang.NoClassDefFoundError: Could not initialize class org.springframework.data.redis.test.util.MinimumRedisVersionRule
	at org.springframework.data.redis.support.collections.RedisZSetTests.<init>(RedisZSetTests.java:38)
]]></error>
  </testcase>
  <testcase name="testFirst[15]" classname="org.springframework.data.redis.support.collections.RedisZSetTests" time="0">
    <error message="Could not initialize class org.springframework.data.redis.test.util.MinimumRedisVersionRule" type="java.lang.NoClassDefFoundError"><![CDATA[java.lang.NoClassDefFoundError: Could not initialize class org.springframework.data.redis.test.util.MinimumRedisVersionRule
	at org.springframework.data.redis.support.collections.RedisZSetTests.<init>(RedisZSetTests.java:38)
]]></error>
  </testcase>
  <testcase name="testRange[15]" classname="org.springframework.data.redis.support.collections.RedisZSetTests" time="0">
    <error message="Could not initialize class org.springframework.data.redis.test.util.MinimumRedisVersionRule" type="java.lang.NoClassDefFoundError"><![CDATA[java.lang.NoClassDefFoundError: Could not initialize class org.springframework.data.redis.test.util.MinimumRedisVersionRule
	at org.springframework.data.redis.support.collections.RedisZSetTests.<init>(RedisZSetTests.java:38)
]]></error>
  </testcase>
  <testcase name="testScore[15]" classname="org.springframework.data.redis.support.collections.RedisZSetTests" time="0.001">
    <error message="Could not initialize class org.springframework.data.redis.test.util.MinimumRedisVersionRule" type="java.lang.NoClassDefFoundError"><![CDATA[java.lang.NoClassDefFoundError: Could not initialize class org.springframework.data.redis.test.util.MinimumRedisVersionRule
	at org.springframework.data.redis.support.collections.RedisZSetTests.<init>(RedisZSetTests.java:38)
]]></error>
  </testcase>
  <testcase name="testLast[15]" classname="org.springframework.data.redis.support.collections.RedisZSetTests" time="0">
    <error message="Could not initialize class org.springframework.data.redis.test.util.MinimumRedisVersionRule" type="java.lang.NoClassDefFoundError"><![CDATA[java.lang.NoClassDefFoundError: Could not initialize class org.springframework.data.redis.test.util.MinimumRedisVersionRule
	at org.springframework.data.redis.support.collections.RedisZSetTests.<init>(RedisZSetTests.java:38)
]]></error>
  </testcase>
  <testcase name="testRank[15]" classname="org.springframework.data.redis.support.collections.RedisZSetTests" time="0">
    <error message="Could not initialize class org.springframework.data.redis.test.util.MinimumRedisVersionRule" type="java.lang.NoClassDefFoundError"><![CDATA[java.lang.NoClassDefFoundError: Could not initialize class org.springframework.data.redis.test.util.MinimumRedisVersionRule
	at org.springframework.data.redis.support.collections.RedisZSetTests.<init>(RedisZSetTests.java:38)
]]></error>
  </testcase>
  <testcase name="testRemoveByScore[15]" classname="org.springframework.data.redis.support.collections.RedisZSetTests" time="0">
    <error message="Could not initialize class org.springframework.data.redis.test.util.MinimumRedisVersionRule" type="java.lang.NoClassDefFoundError"><![CDATA[java.lang.NoClassDefFoundError: Could not initialize class org.springframework.data.redis.test.util.MinimumRedisVersionRule
	at org.springframework.data.redis.support.collections.RedisZSetTests.<init>(RedisZSetTests.java:38)
]]></error>
  </testcase>
  <testcase name="testRangeWithScores[15]" classname="org.springframework.data.redis.support.collections.RedisZSetTests" time="0">
    <error message="Could not initialize class org.springframework.data.redis.test.util.MinimumRedisVersionRule" type="java.lang.NoClassDefFoundError"><![CDATA[java.lang.NoClassDefFoundError: Could not initialize class org.springframework.data.redis.test.util.MinimumRedisVersionRule
	at org.springframework.data.redis.support.collections.RedisZSetTests.<init>(RedisZSetTests.java:38)
]]></error>
  </testcase>
  <testcase name="testRangeByLexUnbounded[15]" classname="org.springframework.data.redis.support.collections.RedisZSetTests" time="0">
    <error message="Could not initialize class org.springframework.data.redis.test.util.MinimumRedisVersionRule" type="java.lang.NoClassDefFoundError"><![CDATA[java.lang.NoClassDefFoundError: Could not initialize class org.springframework.data.redis.test.util.MinimumRedisVersionRule
	at org.springframework.data.redis.support.collections.RedisZSetTests.<init>(RedisZSetTests.java:38)
]]></error>
  </testcase>
  <testcase name="testRangeByLexBounded[15]" classname="org.springframework.data.redis.support.collections.RedisZSetTests" time="0">
    <error message="Could not initialize class org.springframework.data.redis.test.util.MinimumRedisVersionRule" type="java.lang.NoClassDefFoundError"><![CDATA[java.lang.NoClassDefFoundError: Could not initialize class org.springframework.data.redis.test.util.MinimumRedisVersionRule
	at org.springframework.data.redis.support.collections.RedisZSetTests.<init>(RedisZSetTests.java:38)
]]></error>
  </testcase>
  <testcase name="testScanWorksCorrectly[15]" classname="org.springframework.data.redis.support.collections.RedisZSetTests" time="0">
    <error message="Could not initialize class org.springframework.data.redis.test.util.MinimumRedisVersionRule" type="java.lang.NoClassDefFoundError"><![CDATA[java.lang.NoClassDefFoundError: Could not initialize class org.springframework.data.redis.test.util.MinimumRedisVersionRule
	at org.springframework.data.redis.support.collections.RedisZSetTests.<init>(RedisZSetTests.java:38)
]]></error>
  </testcase>
  <testcase name="testRangeByScoreWithScores[15]" classname="org.springframework.data.redis.support.collections.RedisZSetTests" time="0">
    <error message="Could not initialize class org.springframework.data.redis.test.util.MinimumRedisVersionRule" type="java.lang.NoClassDefFoundError"><![CDATA[java.lang.NoClassDefFoundError: Could not initialize class org.springframework.data.redis.test.util.MinimumRedisVersionRule
	at org.springframework.data.redis.support.collections.RedisZSetTests.<init>(RedisZSetTests.java:38)
]]></error>
  </testcase>
  <testcase name="testDefaultScore[15]" classname="org.springframework.data.redis.support.collections.RedisZSetTests" time="0">
    <error message="Could not initialize class org.springframework.data.redis.test.util.MinimumRedisVersionRule" type="java.lang.NoClassDefFoundError"><![CDATA[java.lang.NoClassDefFoundError: Could not initialize class org.springframework.data.redis.test.util.MinimumRedisVersionRule
	at org.springframework.data.redis.support.collections.RedisZSetTests.<init>(RedisZSetTests.java:38)
]]></error>
  </testcase>
  <testcase name="testRangeByScore[15]" classname="org.springframework.data.redis.support.collections.RedisZSetTests" time="0">
    <error message="Could not initialize class org.springframework.data.redis.test.util.MinimumRedisVersionRule" type="java.lang.NoClassDefFoundError"><![CDATA[java.lang.NoClassDefFoundError: Could not initialize class org.springframework.data.redis.test.util.MinimumRedisVersionRule
	at org.springframework.data.redis.support.collections.RedisZSetTests.<init>(RedisZSetTests.java:38)
]]></error>
  </testcase>
  <testcase name="testIntersectAndStore[15]" classname="org.springframework.data.redis.support.collections.RedisZSetTests" time="0">
    <error message="Could not initialize class org.springframework.data.redis.test.util.MinimumRedisVersionRule" type="java.lang.NoClassDefFoundError"><![CDATA[java.lang.NoClassDefFoundError: Could not initialize class org.springframework.data.redis.test.util.MinimumRedisVersionRule
	at org.springframework.data.redis.support.collections.RedisZSetTests.<init>(RedisZSetTests.java:38)
]]></error>
  </testcase>
  <testcase name="testReverseRank[15]" classname="org.springframework.data.redis.support.collections.RedisZSetTests" time="0">
    <error message="Could not initialize class org.springframework.data.redis.test.util.MinimumRedisVersionRule" type="java.lang.NoClassDefFoundError"><![CDATA[java.lang.NoClassDefFoundError: Could not initialize class org.springframework.data.redis.test.util.MinimumRedisVersionRule
	at org.springframework.data.redis.support.collections.RedisZSetTests.<init>(RedisZSetTests.java:38)
]]></error>
  </testcase>
  <testcase name="testReverseRangeWithScores[15]" classname="org.springframework.data.redis.support.collections.RedisZSetTests" time="0">
    <error message="Could not initialize class org.springframework.data.redis.test.util.MinimumRedisVersionRule" type="java.lang.NoClassDefFoundError"><![CDATA[java.lang.NoClassDefFoundError: Could not initialize class org.springframework.data.redis.test.util.MinimumRedisVersionRule
	at org.springframework.data.redis.support.collections.RedisZSetTests.<init>(RedisZSetTests.java:38)
]]></error>
  </testcase>
  <testcase name="testReverseRange[15]" classname="org.springframework.data.redis.support.collections.RedisZSetTests" time="0">
    <error message="Could not initialize class org.springframework.data.redis.test.util.MinimumRedisVersionRule" type="java.lang.NoClassDefFoundError"><![CDATA[java.lang.NoClassDefFoundError: Could not initialize class org.springframework.data.redis.test.util.MinimumRedisVersionRule
	at org.springframework.data.redis.support.collections.RedisZSetTests.<init>(RedisZSetTests.java:38)
]]></error>
  </testcase>
  <testcase name="testUnionAndStore[15]" classname="org.springframework.data.redis.support.collections.RedisZSetTests" time="0">
    <error message="Could not initialize class org.springframework.data.redis.test.util.MinimumRedisVersionRule" type="java.lang.NoClassDefFoundError"><![CDATA[java.lang.NoClassDefFoundError: Could not initialize class org.springframework.data.redis.test.util.MinimumRedisVersionRule
	at org.springframework.data.redis.support.collections.RedisZSetTests.<init>(RedisZSetTests.java:38)
]]></error>
  </testcase>
  <testcase name="testRangeByLexUnboundedWithLimit[15]" classname="org.springframework.data.redis.support.collections.RedisZSetTests" time="0">
    <error message="Could not initialize class org.springframework.data.redis.test.util.MinimumRedisVersionRule" type="java.lang.NoClassDefFoundError"><![CDATA[java.lang.NoClassDefFoundError: Could not initialize class org.springframework.data.redis.test.util.MinimumRedisVersionRule
	at org.springframework.data.redis.support.collections.RedisZSetTests.<init>(RedisZSetTests.java:38)
]]></error>
  </testcase>
  <testcase name="testReverseRangeByScoreWithScores[15]" classname="org.springframework.data.redis.support.collections.RedisZSetTests" time="0">
    <error message="Could not initialize class org.springframework.data.redis.test.util.MinimumRedisVersionRule" type="java.lang.NoClassDefFoundError"><![CDATA[java.lang.NoClassDefFoundError: Could not initialize class org.springframework.data.redis.test.util.MinimumRedisVersionRule
	at org.springframework.data.redis.support.collections.RedisZSetTests.<init>(RedisZSetTests.java:38)
]]></error>
  </testcase>
  <testcase name="testToArrayWithGenerics[15]" classname="org.springframework.data.redis.support.collections.RedisZSetTests" time="0">
    <error message="Could not initialize class org.springframework.data.redis.test.util.MinimumRedisVersionRule" type="java.lang.NoClassDefFoundError"><![CDATA[java.lang.NoClassDefFoundError: Could not initialize class org.springframework.data.redis.test.util.MinimumRedisVersionRule
	at org.springframework.data.redis.support.collections.RedisZSetTests.<init>(RedisZSetTests.java:38)
]]></error>
  </testcase>
  <testcase name="testFirstException[15]" classname="org.springframework.data.redis.support.collections.RedisZSetTests" time="0">
    <error message="Could not initialize class org.springframework.data.redis.test.util.MinimumRedisVersionRule" type="java.lang.NoClassDefFoundError"><![CDATA[java.lang.NoClassDefFoundError: Could not initialize class org.springframework.data.redis.test.util.MinimumRedisVersionRule
	at org.springframework.data.redis.support.collections.RedisZSetTests.<init>(RedisZSetTests.java:38)
]]></error>
  </testcase>
  <testcase name="testLastException[15]" classname="org.springframework.data.redis.support.collections.RedisZSetTests" time="0">
    <error message="Could not initialize class org.springframework.data.redis.test.util.MinimumRedisVersionRule" type="java.lang.NoClassDefFoundError"><![CDATA[java.lang.NoClassDefFoundError: Could not initialize class org.springframework.data.redis.test.util.MinimumRedisVersionRule
	at org.springframework.data.redis.support.collections.RedisZSetTests.<init>(RedisZSetTests.java:38)
]]></error>
  </testcase>
  <testcase name="testRemove[15]" classname="org.springframework.data.redis.support.collections.RedisZSetTests" time="0">
    <error message="Could not initialize class org.springframework.data.redis.test.util.MinimumRedisVersionRule" type="java.lang.NoClassDefFoundError"><![CDATA[java.lang.NoClassDefFoundError: Could not initialize class org.springframework.data.redis.test.util.MinimumRedisVersionRule
	at org.springframework.data.redis.support.collections.RedisZSetTests.<init>(RedisZSetTests.java:38)
]]></error>
  </testcase>
  <testcase name="testAddWithScore[15]" classname="org.springframework.data.redis.support.collections.RedisZSetTests" time="0">
    <error message="Could not initialize class org.springframework.data.redis.test.util.MinimumRedisVersionRule" type="java.lang.NoClassDefFoundError"><![CDATA[java.lang.NoClassDefFoundError: Could not initialize class org.springframework.data.redis.test.util.MinimumRedisVersionRule
	at org.springframework.data.redis.support.collections.RedisZSetTests.<init>(RedisZSetTests.java:38)
]]></error>
  </testcase>
  <testcase name="testIterator[15]" classname="org.springframework.data.redis.support.collections.RedisZSetTests" time="0">
    <error message="Could not initialize class org.springframework.data.redis.test.util.MinimumRedisVersionRule" type="java.lang.NoClassDefFoundError"><![CDATA[java.lang.NoClassDefFoundError: Could not initialize class org.springframework.data.redis.test.util.MinimumRedisVersionRule
	at org.springframework.data.redis.support.collections.RedisZSetTests.<init>(RedisZSetTests.java:38)
]]></error>
  </testcase>
  <testcase name="testReverseRangeByScore[15]" classname="org.springframework.data.redis.support.collections.RedisZSetTests" time="0">
    <error message="Could not initialize class org.springframework.data.redis.test.util.MinimumRedisVersionRule" type="java.lang.NoClassDefFoundError"><![CDATA[java.lang.NoClassDefFoundError: Could not initialize class org.springframework.data.redis.test.util.MinimumRedisVersionRule
	at org.springframework.data.redis.support.collections.RedisZSetTests.<init>(RedisZSetTests.java:38)
]]></error>
  </testcase>
  <testcase name="testRangeByLexBoundedWithLimit[15]" classname="org.springframework.data.redis.support.collections.RedisZSetTests" time="0">
    <error message="Could not initialize class org.springframework.data.redis.test.util.MinimumRedisVersionRule" type="java.lang.NoClassDefFoundError"><![CDATA[java.lang.NoClassDefFoundError: Could not initialize class org.springframework.data.redis.test.util.MinimumRedisVersionRule
	at org.springframework.data.redis.support.collections.RedisZSetTests.<init>(RedisZSetTests.java:38)
]]></error>
  </testcase>
  <testcase name="testContainsObject[15]" classname="org.springframework.data.redis.support.collections.RedisZSetTests" time="0">
    <error message="Could not initialize class org.springframework.data.redis.test.util.MinimumRedisVersionRule" type="java.lang.NoClassDefFoundError"><![CDATA[java.lang.NoClassDefFoundError: Could not initialize class org.springframework.data.redis.test.util.MinimumRedisVersionRule
	at org.springframework.data.redis.support.collections.RedisZSetTests.<init>(RedisZSetTests.java:38)
]]></error>
  </testcase>
  <testcase name="testClear[15]" classname="org.springframework.data.redis.support.collections.RedisZSetTests" time="0">
    <error message="Could not initialize class org.springframework.data.redis.test.util.MinimumRedisVersionRule" type="java.lang.NoClassDefFoundError"><![CDATA[java.lang.NoClassDefFoundError: Could not initialize class org.springframework.data.redis.test.util.MinimumRedisVersionRule
	at org.springframework.data.redis.support.collections.RedisZSetTests.<init>(RedisZSetTests.java:38)
]]></error>
  </testcase>
  <testcase name="testSize[15]" classname="org.springframework.data.redis.support.collections.RedisZSetTests" time="0">
    <error message="Could not initialize class org.springframework.data.redis.test.util.MinimumRedisVersionRule" type="java.lang.NoClassDefFoundError"><![CDATA[java.lang.NoClassDefFoundError: Could not initialize class org.springframework.data.redis.test.util.MinimumRedisVersionRule
	at org.springframework.data.redis.support.collections.RedisZSetTests.<init>(RedisZSetTests.java:38)
]]></error>
  </testcase>
  <testcase name="testToString[15]" classname="org.springframework.data.redis.support.collections.RedisZSetTests" time="0">
    <error message="Could not initialize class org.springframework.data.redis.test.util.MinimumRedisVersionRule" type="java.lang.NoClassDefFoundError"><![CDATA[java.lang.NoClassDefFoundError: Could not initialize class org.springframework.data.redis.test.util.MinimumRedisVersionRule
	at org.springframework.data.redis.support.collections.RedisZSetTests.<init>(RedisZSetTests.java:38)
]]></error>
  </testcase>
  <testcase name="testContainsAll[15]" classname="org.springframework.data.redis.support.collections.RedisZSetTests" time="0">
    <error message="Could not initialize class org.springframework.data.redis.test.util.MinimumRedisVersionRule" type="java.lang.NoClassDefFoundError"><![CDATA[java.lang.NoClassDefFoundError: Could not initialize class org.springframework.data.redis.test.util.MinimumRedisVersionRule
	at org.springframework.data.redis.support.collections.RedisZSetTests.<init>(RedisZSetTests.java:38)
]]></error>
  </testcase>
  <testcase name="testRemoveObject[15]" classname="org.springframework.data.redis.support.collections.RedisZSetTests" time="0">
    <error message="Could not initialize class org.springframework.data.redis.test.util.MinimumRedisVersionRule" type="java.lang.NoClassDefFoundError"><![CDATA[java.lang.NoClassDefFoundError: Could not initialize class org.springframework.data.redis.test.util.MinimumRedisVersionRule
	at org.springframework.data.redis.support.collections.RedisZSetTests.<init>(RedisZSetTests.java:38)
]]></error>
  </testcase>
  <testcase name="testHashCode[15]" classname="org.springframework.data.redis.support.collections.RedisZSetTests" time="0">
    <error message="Could not initialize class org.springframework.data.redis.test.util.MinimumRedisVersionRule" type="java.lang.NoClassDefFoundError"><![CDATA[java.lang.NoClassDefFoundError: Could not initialize class org.springframework.data.redis.test.util.MinimumRedisVersionRule
	at org.springframework.data.redis.support.collections.RedisZSetTests.<init>(RedisZSetTests.java:38)
]]></error>
  </testcase>
  <testcase name="testAddAll[15]" classname="org.springframework.data.redis.support.collections.RedisZSetTests" time="0">
    <error message="Could not initialize class org.springframework.data.redis.test.util.MinimumRedisVersionRule" type="java.lang.NoClassDefFoundError"><![CDATA[java.lang.NoClassDefFoundError: Could not initialize class org.springframework.data.redis.test.util.MinimumRedisVersionRule
	at org.springframework.data.redis.support.collections.RedisZSetTests.<init>(RedisZSetTests.java:38)
]]></error>
  </testcase>
  <testcase name="removeAll[15]" classname="org.springframework.data.redis.support.collections.RedisZSetTests" time="0">
    <error message="Could not initialize class org.springframework.data.redis.test.util.MinimumRedisVersionRule" type="java.lang.NoClassDefFoundError"><![CDATA[java.lang.NoClassDefFoundError: Could not initialize class org.springframework.data.redis.test.util.MinimumRedisVersionRule
	at org.springframework.data.redis.support.collections.RedisZSetTests.<init>(RedisZSetTests.java:38)
]]></error>
  </testcase>
  <testcase name="testEquals[15]" classname="org.springframework.data.redis.support.collections.RedisZSetTests" time="0.001">
    <error message="Could not initialize class org.springframework.data.redis.test.util.MinimumRedisVersionRule" type="java.lang.NoClassDefFoundError"><![CDATA[java.lang.NoClassDefFoundError: Could not initialize class org.springframework.data.redis.test.util.MinimumRedisVersionRule
	at org.springframework.data.redis.support.collections.RedisZSetTests.<init>(RedisZSetTests.java:38)
]]></error>
  </testcase>
  <testcase name="testGetKey[15]" classname="org.springframework.data.redis.support.collections.RedisZSetTests" time="0">
    <error message="Could not initialize class org.springframework.data.redis.test.util.MinimumRedisVersionRule" type="java.lang.NoClassDefFoundError"><![CDATA[java.lang.NoClassDefFoundError: Could not initialize class org.springframework.data.redis.test.util.MinimumRedisVersionRule
	at org.springframework.data.redis.support.collections.RedisZSetTests.<init>(RedisZSetTests.java:38)
]]></error>
  </testcase>
  <testcase name="testIsEmpty[15]" classname="org.springframework.data.redis.support.collections.RedisZSetTests" time="0">
    <error message="Could not initialize class org.springframework.data.redis.test.util.MinimumRedisVersionRule" type="java.lang.NoClassDefFoundError"><![CDATA[java.lang.NoClassDefFoundError: Could not initialize class org.springframework.data.redis.test.util.MinimumRedisVersionRule
	at org.springframework.data.redis.support.collections.RedisZSetTests.<init>(RedisZSetTests.java:38)
]]></error>
  </testcase>
  <testcase name="testToArray[16]" classname="org.springframework.data.redis.support.collections.RedisZSetTests" time="0">
    <error message="Could not initialize class org.springframework.data.redis.test.util.MinimumRedisVersionRule" type="java.lang.NoClassDefFoundError"><![CDATA[java.lang.NoClassDefFoundError: Could not initialize class org.springframework.data.redis.test.util.MinimumRedisVersionRule
	at org.springframework.data.redis.support.collections.RedisZSetTests.<init>(RedisZSetTests.java:38)
]]></error>
  </testcase>
  <testcase name="testAdd[16]" classname="org.springframework.data.redis.support.collections.RedisZSetTests" time="0">
    <error message="Could not initialize class org.springframework.data.redis.test.util.MinimumRedisVersionRule" type="java.lang.NoClassDefFoundError"><![CDATA[java.lang.NoClassDefFoundError: Could not initialize class org.springframework.data.redis.test.util.MinimumRedisVersionRule
	at org.springframework.data.redis.support.collections.RedisZSetTests.<init>(RedisZSetTests.java:38)
]]></error>
  </testcase>
  <testcase name="testFirst[16]" classname="org.springframework.data.redis.support.collections.RedisZSetTests" time="0">
    <error message="Could not initialize class org.springframework.data.redis.test.util.MinimumRedisVersionRule" type="java.lang.NoClassDefFoundError"><![CDATA[java.lang.NoClassDefFoundError: Could not initialize class org.springframework.data.redis.test.util.MinimumRedisVersionRule
	at org.springframework.data.redis.support.collections.RedisZSetTests.<init>(RedisZSetTests.java:38)
]]></error>
  </testcase>
  <testcase name="testRange[16]" classname="org.springframework.data.redis.support.collections.RedisZSetTests" time="0">
    <error message="Could not initialize class org.springframework.data.redis.test.util.MinimumRedisVersionRule" type="java.lang.NoClassDefFoundError"><![CDATA[java.lang.NoClassDefFoundError: Could not initialize class org.springframework.data.redis.test.util.MinimumRedisVersionRule
	at org.springframework.data.redis.support.collections.RedisZSetTests.<init>(RedisZSetTests.java:38)
]]></error>
  </testcase>
  <testcase name="testScore[16]" classname="org.springframework.data.redis.support.collections.RedisZSetTests" time="0">
    <error message="Could not initialize class org.springframework.data.redis.test.util.MinimumRedisVersionRule" type="java.lang.NoClassDefFoundError"><![CDATA[java.lang.NoClassDefFoundError: Could not initialize class org.springframework.data.redis.test.util.MinimumRedisVersionRule
	at org.springframework.data.redis.support.collections.RedisZSetTests.<init>(RedisZSetTests.java:38)
]]></error>
  </testcase>
  <testcase name="testLast[16]" classname="org.springframework.data.redis.support.collections.RedisZSetTests" time="0">
    <error message="Could not initialize class org.springframework.data.redis.test.util.MinimumRedisVersionRule" type="java.lang.NoClassDefFoundError"><![CDATA[java.lang.NoClassDefFoundError: Could not initialize class org.springframework.data.redis.test.util.MinimumRedisVersionRule
	at org.springframework.data.redis.support.collections.RedisZSetTests.<init>(RedisZSetTests.java:38)
]]></error>
  </testcase>
  <testcase name="testRank[16]" classname="org.springframework.data.redis.support.collections.RedisZSetTests" time="0">
    <error message="Could not initialize class org.springframework.data.redis.test.util.MinimumRedisVersionRule" type="java.lang.NoClassDefFoundError"><![CDATA[java.lang.NoClassDefFoundError: Could not initialize class org.springframework.data.redis.test.util.MinimumRedisVersionRule
	at org.springframework.data.redis.support.collections.RedisZSetTests.<init>(RedisZSetTests.java:38)
]]></error>
  </testcase>
  <testcase name="testRemoveByScore[16]" classname="org.springframework.data.redis.support.collections.RedisZSetTests" time="0">
    <error message="Could not initialize class org.springframework.data.redis.test.util.MinimumRedisVersionRule" type="java.lang.NoClassDefFoundError"><![CDATA[java.lang.NoClassDefFoundError: Could not initialize class org.springframework.data.redis.test.util.MinimumRedisVersionRule
	at org.springframework.data.redis.support.collections.RedisZSetTests.<init>(RedisZSetTests.java:38)
]]></error>
  </testcase>
  <testcase name="testRangeWithScores[16]" classname="org.springframework.data.redis.support.collections.RedisZSetTests" time="0">
    <error message="Could not initialize class org.springframework.data.redis.test.util.MinimumRedisVersionRule" type="java.lang.NoClassDefFoundError"><![CDATA[java.lang.NoClassDefFoundError: Could not initialize class org.springframework.data.redis.test.util.MinimumRedisVersionRule
	at org.springframework.data.redis.support.collections.RedisZSetTests.<init>(RedisZSetTests.java:38)
]]></error>
  </testcase>
  <testcase name="testRangeByLexUnbounded[16]" classname="org.springframework.data.redis.support.collections.RedisZSetTests" time="0">
    <error message="Could not initialize class org.springframework.data.redis.test.util.MinimumRedisVersionRule" type="java.lang.NoClassDefFoundError"><![CDATA[java.lang.NoClassDefFoundError: Could not initialize class org.springframework.data.redis.test.util.MinimumRedisVersionRule
	at org.springframework.data.redis.support.collections.RedisZSetTests.<init>(RedisZSetTests.java:38)
]]></error>
  </testcase>
  <testcase name="testRangeByLexBounded[16]" classname="org.springframework.data.redis.support.collections.RedisZSetTests" time="0">
    <error message="Could not initialize class org.springframework.data.redis.test.util.MinimumRedisVersionRule" type="java.lang.NoClassDefFoundError"><![CDATA[java.lang.NoClassDefFoundError: Could not initialize class org.springframework.data.redis.test.util.MinimumRedisVersionRule
	at org.springframework.data.redis.support.collections.RedisZSetTests.<init>(RedisZSetTests.java:38)
]]></error>
  </testcase>
  <testcase name="testScanWorksCorrectly[16]" classname="org.springframework.data.redis.support.collections.RedisZSetTests" time="0">
    <error message="Could not initialize class org.springframework.data.redis.test.util.MinimumRedisVersionRule" type="java.lang.NoClassDefFoundError"><![CDATA[java.lang.NoClassDefFoundError: Could not initialize class org.springframework.data.redis.test.util.MinimumRedisVersionRule
	at org.springframework.data.redis.support.collections.RedisZSetTests.<init>(RedisZSetTests.java:38)
]]></error>
  </testcase>
  <testcase name="testRangeByScoreWithScores[16]" classname="org.springframework.data.redis.support.collections.RedisZSetTests" time="0">
    <error message="Could not initialize class org.springframework.data.redis.test.util.MinimumRedisVersionRule" type="java.lang.NoClassDefFoundError"><![CDATA[java.lang.NoClassDefFoundError: Could not initialize class org.springframework.data.redis.test.util.MinimumRedisVersionRule
	at org.springframework.data.redis.support.collections.RedisZSetTests.<init>(RedisZSetTests.java:38)
]]></error>
  </testcase>
  <testcase name="testDefaultScore[16]" classname="org.springframework.data.redis.support.collections.RedisZSetTests" time="0">
    <error message="Could not initialize class org.springframework.data.redis.test.util.MinimumRedisVersionRule" type="java.lang.NoClassDefFoundError"><![CDATA[java.lang.NoClassDefFoundError: Could not initialize class org.springframework.data.redis.test.util.MinimumRedisVersionRule
	at org.springframework.data.redis.support.collections.RedisZSetTests.<init>(RedisZSetTests.java:38)
]]></error>
  </testcase>
  <testcase name="testRangeByScore[16]" classname="org.springframework.data.redis.support.collections.RedisZSetTests" time="0">
    <error message="Could not initialize class org.springframework.data.redis.test.util.MinimumRedisVersionRule" type="java.lang.NoClassDefFoundError"><![CDATA[java.lang.NoClassDefFoundError: Could not initialize class org.springframework.data.redis.test.util.MinimumRedisVersionRule
	at org.springframework.data.redis.support.collections.RedisZSetTests.<init>(RedisZSetTests.java:38)
]]></error>
  </testcase>
  <testcase name="testIntersectAndStore[16]" classname="org.springframework.data.redis.support.collections.RedisZSetTests" time="0">
    <error message="Could not initialize class org.springframework.data.redis.test.util.MinimumRedisVersionRule" type="java.lang.NoClassDefFoundError"><![CDATA[java.lang.NoClassDefFoundError: Could not initialize class org.springframework.data.redis.test.util.MinimumRedisVersionRule
	at org.springframework.data.redis.support.collections.RedisZSetTests.<init>(RedisZSetTests.java:38)
]]></error>
  </testcase>
  <testcase name="testReverseRank[16]" classname="org.springframework.data.redis.support.collections.RedisZSetTests" time="0.001">
    <error message="Could not initialize class org.springframework.data.redis.test.util.MinimumRedisVersionRule" type="java.lang.NoClassDefFoundError"><![CDATA[java.lang.NoClassDefFoundError: Could not initialize class org.springframework.data.redis.test.util.MinimumRedisVersionRule
	at org.springframework.data.redis.support.collections.RedisZSetTests.<init>(RedisZSetTests.java:38)
]]></error>
  </testcase>
  <testcase name="testReverseRangeWithScores[16]" classname="org.springframework.data.redis.support.collections.RedisZSetTests" time="0">
    <error message="Could not initialize class org.springframework.data.redis.test.util.MinimumRedisVersionRule" type="java.lang.NoClassDefFoundError"><![CDATA[java.lang.NoClassDefFoundError: Could not initialize class org.springframework.data.redis.test.util.MinimumRedisVersionRule
	at org.springframework.data.redis.support.collections.RedisZSetTests.<init>(RedisZSetTests.java:38)
]]></error>
  </testcase>
  <testcase name="testReverseRange[16]" classname="org.springframework.data.redis.support.collections.RedisZSetTests" time="0">
    <error message="Could not initialize class org.springframework.data.redis.test.util.MinimumRedisVersionRule" type="java.lang.NoClassDefFoundError"><![CDATA[java.lang.NoClassDefFoundError: Could not initialize class org.springframework.data.redis.test.util.MinimumRedisVersionRule
	at org.springframework.data.redis.support.collections.RedisZSetTests.<init>(RedisZSetTests.java:38)
]]></error>
  </testcase>
  <testcase name="testUnionAndStore[16]" classname="org.springframework.data.redis.support.collections.RedisZSetTests" time="0">
    <error message="Could not initialize class org.springframework.data.redis.test.util.MinimumRedisVersionRule" type="java.lang.NoClassDefFoundError"><![CDATA[java.lang.NoClassDefFoundError: Could not initialize class org.springframework.data.redis.test.util.MinimumRedisVersionRule
	at org.springframework.data.redis.support.collections.RedisZSetTests.<init>(RedisZSetTests.java:38)
]]></error>
  </testcase>
  <testcase name="testRangeByLexUnboundedWithLimit[16]" classname="org.springframework.data.redis.support.collections.RedisZSetTests" time="0">
    <error message="Could not initialize class org.springframework.data.redis.test.util.MinimumRedisVersionRule" type="java.lang.NoClassDefFoundError"><![CDATA[java.lang.NoClassDefFoundError: Could not initialize class org.springframework.data.redis.test.util.MinimumRedisVersionRule
	at org.springframework.data.redis.support.collections.RedisZSetTests.<init>(RedisZSetTests.java:38)
]]></error>
  </testcase>
  <testcase name="testReverseRangeByScoreWithScores[16]" classname="org.springframework.data.redis.support.collections.RedisZSetTests" time="0">
    <error message="Could not initialize class org.springframework.data.redis.test.util.MinimumRedisVersionRule" type="java.lang.NoClassDefFoundError"><![CDATA[java.lang.NoClassDefFoundError: Could not initialize class org.springframework.data.redis.test.util.MinimumRedisVersionRule
	at org.springframework.data.redis.support.collections.RedisZSetTests.<init>(RedisZSetTests.java:38)
]]></error>
  </testcase>
  <testcase name="testToArrayWithGenerics[16]" classname="org.springframework.data.redis.support.collections.RedisZSetTests" time="0">
    <error message="Could not initialize class org.springframework.data.redis.test.util.MinimumRedisVersionRule" type="java.lang.NoClassDefFoundError"><![CDATA[java.lang.NoClassDefFoundError: Could not initialize class org.springframework.data.redis.test.util.MinimumRedisVersionRule
	at org.springframework.data.redis.support.collections.RedisZSetTests.<init>(RedisZSetTests.java:38)
]]></error>
  </testcase>
  <testcase name="testFirstException[16]" classname="org.springframework.data.redis.support.collections.RedisZSetTests" time="0">
    <error message="Could not initialize class org.springframework.data.redis.test.util.MinimumRedisVersionRule" type="java.lang.NoClassDefFoundError"><![CDATA[java.lang.NoClassDefFoundError: Could not initialize class org.springframework.data.redis.test.util.MinimumRedisVersionRule
	at org.springframework.data.redis.support.collections.RedisZSetTests.<init>(RedisZSetTests.java:38)
]]></error>
  </testcase>
  <testcase name="testLastException[16]" classname="org.springframework.data.redis.support.collections.RedisZSetTests" time="0">
    <error message="Could not initialize class org.springframework.data.redis.test.util.MinimumRedisVersionRule" type="java.lang.NoClassDefFoundError"><![CDATA[java.lang.NoClassDefFoundError: Could not initialize class org.springframework.data.redis.test.util.MinimumRedisVersionRule
	at org.springframework.data.redis.support.collections.RedisZSetTests.<init>(RedisZSetTests.java:38)
]]></error>
  </testcase>
  <testcase name="testRemove[16]" classname="org.springframework.data.redis.support.collections.RedisZSetTests" time="0">
    <error message="Could not initialize class org.springframework.data.redis.test.util.MinimumRedisVersionRule" type="java.lang.NoClassDefFoundError"><![CDATA[java.lang.NoClassDefFoundError: Could not initialize class org.springframework.data.redis.test.util.MinimumRedisVersionRule
	at org.springframework.data.redis.support.collections.RedisZSetTests.<init>(RedisZSetTests.java:38)
]]></error>
  </testcase>
  <testcase name="testAddWithScore[16]" classname="org.springframework.data.redis.support.collections.RedisZSetTests" time="0.001">
    <error message="Could not initialize class org.springframework.data.redis.test.util.MinimumRedisVersionRule" type="java.lang.NoClassDefFoundError"><![CDATA[java.lang.NoClassDefFoundError: Could not initialize class org.springframework.data.redis.test.util.MinimumRedisVersionRule
	at org.springframework.data.redis.support.collections.RedisZSetTests.<init>(RedisZSetTests.java:38)
]]></error>
  </testcase>
  <testcase name="testIterator[16]" classname="org.springframework.data.redis.support.collections.RedisZSetTests" time="0">
    <error message="Could not initialize class org.springframework.data.redis.test.util.MinimumRedisVersionRule" type="java.lang.NoClassDefFoundError"><![CDATA[java.lang.NoClassDefFoundError: Could not initialize class org.springframework.data.redis.test.util.MinimumRedisVersionRule
	at org.springframework.data.redis.support.collections.RedisZSetTests.<init>(RedisZSetTests.java:38)
]]></error>
  </testcase>
  <testcase name="testReverseRangeByScore[16]" classname="org.springframework.data.redis.support.collections.RedisZSetTests" time="0">
    <error message="Could not initialize class org.springframework.data.redis.test.util.MinimumRedisVersionRule" type="java.lang.NoClassDefFoundError"><![CDATA[java.lang.NoClassDefFoundError: Could not initialize class org.springframework.data.redis.test.util.MinimumRedisVersionRule
	at org.springframework.data.redis.support.collections.RedisZSetTests.<init>(RedisZSetTests.java:38)
]]></error>
  </testcase>
  <testcase name="testRangeByLexBoundedWithLimit[16]" classname="org.springframework.data.redis.support.collections.RedisZSetTests" time="0">
    <error message="Could not initialize class org.springframework.data.redis.test.util.MinimumRedisVersionRule" type="java.lang.NoClassDefFoundError"><![CDATA[java.lang.NoClassDefFoundError: Could not initialize class org.springframework.data.redis.test.util.MinimumRedisVersionRule
	at org.springframework.data.redis.support.collections.RedisZSetTests.<init>(RedisZSetTests.java:38)
]]></error>
  </testcase>
  <testcase name="testContainsObject[16]" classname="org.springframework.data.redis.support.collections.RedisZSetTests" time="0">
    <error message="Could not initialize class org.springframework.data.redis.test.util.MinimumRedisVersionRule" type="java.lang.NoClassDefFoundError"><![CDATA[java.lang.NoClassDefFoundError: Could not initialize class org.springframework.data.redis.test.util.MinimumRedisVersionRule
	at org.springframework.data.redis.support.collections.RedisZSetTests.<init>(RedisZSetTests.java:38)
]]></error>
  </testcase>
  <testcase name="testClear[16]" classname="org.springframework.data.redis.support.collections.RedisZSetTests" time="0">
    <error message="Could not initialize class org.springframework.data.redis.test.util.MinimumRedisVersionRule" type="java.lang.NoClassDefFoundError"><![CDATA[java.lang.NoClassDefFoundError: Could not initialize class org.springframework.data.redis.test.util.MinimumRedisVersionRule
	at org.springframework.data.redis.support.collections.RedisZSetTests.<init>(RedisZSetTests.java:38)
]]></error>
  </testcase>
  <testcase name="testSize[16]" classname="org.springframework.data.redis.support.collections.RedisZSetTests" time="0">
    <error message="Could not initialize class org.springframework.data.redis.test.util.MinimumRedisVersionRule" type="java.lang.NoClassDefFoundError"><![CDATA[java.lang.NoClassDefFoundError: Could not initialize class org.springframework.data.redis.test.util.MinimumRedisVersionRule
	at org.springframework.data.redis.support.collections.RedisZSetTests.<init>(RedisZSetTests.java:38)
]]></error>
  </testcase>
  <testcase name="testToString[16]" classname="org.springframework.data.redis.support.collections.RedisZSetTests" time="0">
    <error message="Could not initialize class org.springframework.data.redis.test.util.MinimumRedisVersionRule" type="java.lang.NoClassDefFoundError"><![CDATA[java.lang.NoClassDefFoundError: Could not initialize class org.springframework.data.redis.test.util.MinimumRedisVersionRule
	at org.springframework.data.redis.support.collections.RedisZSetTests.<init>(RedisZSetTests.java:38)
]]></error>
  </testcase>
  <testcase name="testContainsAll[16]" classname="org.springframework.data.redis.support.collections.RedisZSetTests" time="0">
    <error message="Could not initialize class org.springframework.data.redis.test.util.MinimumRedisVersionRule" type="java.lang.NoClassDefFoundError"><![CDATA[java.lang.NoClassDefFoundError: Could not initialize class org.springframework.data.redis.test.util.MinimumRedisVersionRule
	at org.springframework.data.redis.support.collections.RedisZSetTests.<init>(RedisZSetTests.java:38)
]]></error>
  </testcase>
  <testcase name="testRemoveObject[16]" classname="org.springframework.data.redis.support.collections.RedisZSetTests" time="0.001">
    <error message="Could not initialize class org.springframework.data.redis.test.util.MinimumRedisVersionRule" type="java.lang.NoClassDefFoundError"><![CDATA[java.lang.NoClassDefFoundError: Could not initialize class org.springframework.data.redis.test.util.MinimumRedisVersionRule
	at org.springframework.data.redis.support.collections.RedisZSetTests.<init>(RedisZSetTests.java:38)
]]></error>
  </testcase>
  <testcase name="testHashCode[16]" classname="org.springframework.data.redis.support.collections.RedisZSetTests" time="0">
    <error message="Could not initialize class org.springframework.data.redis.test.util.MinimumRedisVersionRule" type="java.lang.NoClassDefFoundError"><![CDATA[java.lang.NoClassDefFoundError: Could not initialize class org.springframework.data.redis.test.util.MinimumRedisVersionRule
	at org.springframework.data.redis.support.collections.RedisZSetTests.<init>(RedisZSetTests.java:38)
]]></error>
  </testcase>
  <testcase name="testAddAll[16]" classname="org.springframework.data.redis.support.collections.RedisZSetTests" time="0">
    <error message="Could not initialize class org.springframework.data.redis.test.util.MinimumRedisVersionRule" type="java.lang.NoClassDefFoundError"><![CDATA[java.lang.NoClassDefFoundError: Could not initialize class org.springframework.data.redis.test.util.MinimumRedisVersionRule
	at org.springframework.data.redis.support.collections.RedisZSetTests.<init>(RedisZSetTests.java:38)
]]></error>
  </testcase>
  <testcase name="removeAll[16]" classname="org.springframework.data.redis.support.collections.RedisZSetTests" time="0">
    <error message="Could not initialize class org.springframework.data.redis.test.util.MinimumRedisVersionRule" type="java.lang.NoClassDefFoundError"><![CDATA[java.lang.NoClassDefFoundError: Could not initialize class org.springframework.data.redis.test.util.MinimumRedisVersionRule
	at org.springframework.data.redis.support.collections.RedisZSetTests.<init>(RedisZSetTests.java:38)
]]></error>
  </testcase>
  <testcase name="testEquals[16]" classname="org.springframework.data.redis.support.collections.RedisZSetTests" time="0">
    <error message="Could not initialize class org.springframework.data.redis.test.util.MinimumRedisVersionRule" type="java.lang.NoClassDefFoundError"><![CDATA[java.lang.NoClassDefFoundError: Could not initialize class org.springframework.data.redis.test.util.MinimumRedisVersionRule
	at org.springframework.data.redis.support.collections.RedisZSetTests.<init>(RedisZSetTests.java:38)
]]></error>
  </testcase>
  <testcase name="testGetKey[16]" classname="org.springframework.data.redis.support.collections.RedisZSetTests" time="0">
    <error message="Could not initialize class org.springframework.data.redis.test.util.MinimumRedisVersionRule" type="java.lang.NoClassDefFoundError"><![CDATA[java.lang.NoClassDefFoundError: Could not initialize class org.springframework.data.redis.test.util.MinimumRedisVersionRule
	at org.springframework.data.redis.support.collections.RedisZSetTests.<init>(RedisZSetTests.java:38)
]]></error>
  </testcase>
  <testcase name="testIsEmpty[16]" classname="org.springframework.data.redis.support.collections.RedisZSetTests" time="0">
    <error message="Could not initialize class org.springframework.data.redis.test.util.MinimumRedisVersionRule" type="java.lang.NoClassDefFoundError"><![CDATA[java.lang.NoClassDefFoundError: Could not initialize class org.springframework.data.redis.test.util.MinimumRedisVersionRule
	at org.springframework.data.redis.support.collections.RedisZSetTests.<init>(RedisZSetTests.java:38)
]]></error>
  </testcase>
  <testcase name="testToArray[17]" classname="org.springframework.data.redis.support.collections.RedisZSetTests" time="0">
    <error message="Could not initialize class org.springframework.data.redis.test.util.MinimumRedisVersionRule" type="java.lang.NoClassDefFoundError"><![CDATA[java.lang.NoClassDefFoundError: Could not initialize class org.springframework.data.redis.test.util.MinimumRedisVersionRule
	at org.springframework.data.redis.support.collections.RedisZSetTests.<init>(RedisZSetTests.java:38)
]]></error>
  </testcase>
  <testcase name="testAdd[17]" classname="org.springframework.data.redis.support.collections.RedisZSetTests" time="0">
    <error message="Could not initialize class org.springframework.data.redis.test.util.MinimumRedisVersionRule" type="java.lang.NoClassDefFoundError"><![CDATA[java.lang.NoClassDefFoundError: Could not initialize class org.springframework.data.redis.test.util.MinimumRedisVersionRule
	at org.springframework.data.redis.support.collections.RedisZSetTests.<init>(RedisZSetTests.java:38)
]]></error>
  </testcase>
  <testcase name="testFirst[17]" classname="org.springframework.data.redis.support.collections.RedisZSetTests" time="0">
    <error message="Could not initialize class org.springframework.data.redis.test.util.MinimumRedisVersionRule" type="java.lang.NoClassDefFoundError"><![CDATA[java.lang.NoClassDefFoundError: Could not initialize class org.springframework.data.redis.test.util.MinimumRedisVersionRule
	at org.springframework.data.redis.support.collections.RedisZSetTests.<init>(RedisZSetTests.java:38)
]]></error>
  </testcase>
  <testcase name="testRange[17]" classname="org.springframework.data.redis.support.collections.RedisZSetTests" time="0.001">
    <error message="Could not initialize class org.springframework.data.redis.test.util.MinimumRedisVersionRule" type="java.lang.NoClassDefFoundError"><![CDATA[java.lang.NoClassDefFoundError: Could not initialize class org.springframework.data.redis.test.util.MinimumRedisVersionRule
	at org.springframework.data.redis.support.collections.RedisZSetTests.<init>(RedisZSetTests.java:38)
]]></error>
  </testcase>
  <testcase name="testScore[17]" classname="org.springframework.data.redis.support.collections.RedisZSetTests" time="0">
    <error message="Could not initialize class org.springframework.data.redis.test.util.MinimumRedisVersionRule" type="java.lang.NoClassDefFoundError"><![CDATA[java.lang.NoClassDefFoundError: Could not initialize class org.springframework.data.redis.test.util.MinimumRedisVersionRule
	at org.springframework.data.redis.support.collections.RedisZSetTests.<init>(RedisZSetTests.java:38)
]]></error>
  </testcase>
  <testcase name="testLast[17]" classname="org.springframework.data.redis.support.collections.RedisZSetTests" time="0">
    <error message="Could not initialize class org.springframework.data.redis.test.util.MinimumRedisVersionRule" type="java.lang.NoClassDefFoundError"><![CDATA[java.lang.NoClassDefFoundError: Could not initialize class org.springframework.data.redis.test.util.MinimumRedisVersionRule
	at org.springframework.data.redis.support.collections.RedisZSetTests.<init>(RedisZSetTests.java:38)
]]></error>
  </testcase>
  <testcase name="testRank[17]" classname="org.springframework.data.redis.support.collections.RedisZSetTests" time="0">
    <error message="Could not initialize class org.springframework.data.redis.test.util.MinimumRedisVersionRule" type="java.lang.NoClassDefFoundError"><![CDATA[java.lang.NoClassDefFoundError: Could not initialize class org.springframework.data.redis.test.util.MinimumRedisVersionRule
	at org.springframework.data.redis.support.collections.RedisZSetTests.<init>(RedisZSetTests.java:38)
]]></error>
  </testcase>
  <testcase name="testRemoveByScore[17]" classname="org.springframework.data.redis.support.collections.RedisZSetTests" time="0">
    <error message="Could not initialize class org.springframework.data.redis.test.util.MinimumRedisVersionRule" type="java.lang.NoClassDefFoundError"><![CDATA[java.lang.NoClassDefFoundError: Could not initialize class org.springframework.data.redis.test.util.MinimumRedisVersionRule
	at org.springframework.data.redis.support.collections.RedisZSetTests.<init>(RedisZSetTests.java:38)
]]></error>
  </testcase>
  <testcase name="testRangeWithScores[17]" classname="org.springframework.data.redis.support.collections.RedisZSetTests" time="0">
    <error message="Could not initialize class org.springframework.data.redis.test.util.MinimumRedisVersionRule" type="java.lang.NoClassDefFoundError"><![CDATA[java.lang.NoClassDefFoundError: Could not initialize class org.springframework.data.redis.test.util.MinimumRedisVersionRule
	at org.springframework.data.redis.support.collections.RedisZSetTests.<init>(RedisZSetTests.java:38)
]]></error>
  </testcase>
  <testcase name="testRangeByLexUnbounded[17]" classname="org.springframework.data.redis.support.collections.RedisZSetTests" time="0">
    <error message="Could not initialize class org.springframework.data.redis.test.util.MinimumRedisVersionRule" type="java.lang.NoClassDefFoundError"><![CDATA[java.lang.NoClassDefFoundError: Could not initialize class org.springframework.data.redis.test.util.MinimumRedisVersionRule
	at org.springframework.data.redis.support.collections.RedisZSetTests.<init>(RedisZSetTests.java:38)
]]></error>
  </testcase>
  <testcase name="testRangeByLexBounded[17]" classname="org.springframework.data.redis.support.collections.RedisZSetTests" time="0">
    <error message="Could not initialize class org.springframework.data.redis.test.util.MinimumRedisVersionRule" type="java.lang.NoClassDefFoundError"><![CDATA[java.lang.NoClassDefFoundError: Could not initialize class org.springframework.data.redis.test.util.MinimumRedisVersionRule
	at org.springframework.data.redis.support.collections.RedisZSetTests.<init>(RedisZSetTests.java:38)
]]></error>
  </testcase>
  <testcase name="testScanWorksCorrectly[17]" classname="org.springframework.data.redis.support.collections.RedisZSetTests" time="0">
    <error message="Could not initialize class org.springframework.data.redis.test.util.MinimumRedisVersionRule" type="java.lang.NoClassDefFoundError"><![CDATA[java.lang.NoClassDefFoundError: Could not initialize class org.springframework.data.redis.test.util.MinimumRedisVersionRule
	at org.springframework.data.redis.support.collections.RedisZSetTests.<init>(RedisZSetTests.java:38)
]]></error>
  </testcase>
  <testcase name="testRangeByScoreWithScores[17]" classname="org.springframework.data.redis.support.collections.RedisZSetTests" time="0">
    <error message="Could not initialize class org.springframework.data.redis.test.util.MinimumRedisVersionRule" type="java.lang.NoClassDefFoundError"><![CDATA[java.lang.NoClassDefFoundError: Could not initialize class org.springframework.data.redis.test.util.MinimumRedisVersionRule
	at org.springframework.data.redis.support.collections.RedisZSetTests.<init>(RedisZSetTests.java:38)
]]></error>
  </testcase>
  <testcase name="testDefaultScore[17]" classname="org.springframework.data.redis.support.collections.RedisZSetTests" time="0.001">
    <error message="Could not initialize class org.springframework.data.redis.test.util.MinimumRedisVersionRule" type="java.lang.NoClassDefFoundError"><![CDATA[java.lang.NoClassDefFoundError: Could not initialize class org.springframework.data.redis.test.util.MinimumRedisVersionRule
	at org.springframework.data.redis.support.collections.RedisZSetTests.<init>(RedisZSetTests.java:38)
]]></error>
  </testcase>
  <testcase name="testRangeByScore[17]" classname="org.springframework.data.redis.support.collections.RedisZSetTests" time="0">
    <error message="Could not initialize class org.springframework.data.redis.test.util.MinimumRedisVersionRule" type="java.lang.NoClassDefFoundError"><![CDATA[java.lang.NoClassDefFoundError: Could not initialize class org.springframework.data.redis.test.util.MinimumRedisVersionRule
	at org.springframework.data.redis.support.collections.RedisZSetTests.<init>(RedisZSetTests.java:38)
]]></error>
  </testcase>
  <testcase name="testIntersectAndStore[17]" classname="org.springframework.data.redis.support.collections.RedisZSetTests" time="0">
    <error message="Could not initialize class org.springframework.data.redis.test.util.MinimumRedisVersionRule" type="java.lang.NoClassDefFoundError"><![CDATA[java.lang.NoClassDefFoundError: Could not initialize class org.springframework.data.redis.test.util.MinimumRedisVersionRule
	at org.springframework.data.redis.support.collections.RedisZSetTests.<init>(RedisZSetTests.java:38)
]]></error>
  </testcase>
  <testcase name="testReverseRank[17]" classname="org.springframework.data.redis.support.collections.RedisZSetTests" time="0">
    <error message="Could not initialize class org.springframework.data.redis.test.util.MinimumRedisVersionRule" type="java.lang.NoClassDefFoundError"><![CDATA[java.lang.NoClassDefFoundError: Could not initialize class org.springframework.data.redis.test.util.MinimumRedisVersionRule
	at org.springframework.data.redis.support.collections.RedisZSetTests.<init>(RedisZSetTests.java:38)
]]></error>
  </testcase>
  <testcase name="testReverseRangeWithScores[17]" classname="org.springframework.data.redis.support.collections.RedisZSetTests" time="0">
    <error message="Could not initialize class org.springframework.data.redis.test.util.MinimumRedisVersionRule" type="java.lang.NoClassDefFoundError"><![CDATA[java.lang.NoClassDefFoundError: Could not initialize class org.springframework.data.redis.test.util.MinimumRedisVersionRule
	at org.springframework.data.redis.support.collections.RedisZSetTests.<init>(RedisZSetTests.java:38)
]]></error>
  </testcase>
  <testcase name="testReverseRange[17]" classname="org.springframework.data.redis.support.collections.RedisZSetTests" time="0">
    <error message="Could not initialize class org.springframework.data.redis.test.util.MinimumRedisVersionRule" type="java.lang.NoClassDefFoundError"><![CDATA[java.lang.NoClassDefFoundError: Could not initialize class org.springframework.data.redis.test.util.MinimumRedisVersionRule
	at org.springframework.data.redis.support.collections.RedisZSetTests.<init>(RedisZSetTests.java:38)
]]></error>
  </testcase>
  <testcase name="testUnionAndStore[17]" classname="org.springframework.data.redis.support.collections.RedisZSetTests" time="0">
    <error message="Could not initialize class org.springframework.data.redis.test.util.MinimumRedisVersionRule" type="java.lang.NoClassDefFoundError"><![CDATA[java.lang.NoClassDefFoundError: Could not initialize class org.springframework.data.redis.test.util.MinimumRedisVersionRule
	at org.springframework.data.redis.support.collections.RedisZSetTests.<init>(RedisZSetTests.java:38)
]]></error>
  </testcase>
  <testcase name="testRangeByLexUnboundedWithLimit[17]" classname="org.springframework.data.redis.support.collections.RedisZSetTests" time="0">
    <error message="Could not initialize class org.springframework.data.redis.test.util.MinimumRedisVersionRule" type="java.lang.NoClassDefFoundError"><![CDATA[java.lang.NoClassDefFoundError: Could not initialize class org.springframework.data.redis.test.util.MinimumRedisVersionRule
	at org.springframework.data.redis.support.collections.RedisZSetTests.<init>(RedisZSetTests.java:38)
]]></error>
  </testcase>
  <testcase name="testReverseRangeByScoreWithScores[17]" classname="org.springframework.data.redis.support.collections.RedisZSetTests" time="0">
    <error message="Could not initialize class org.springframework.data.redis.test.util.MinimumRedisVersionRule" type="java.lang.NoClassDefFoundError"><![CDATA[java.lang.NoClassDefFoundError: Could not initialize class org.springframework.data.redis.test.util.MinimumRedisVersionRule
	at org.springframework.data.redis.support.collections.RedisZSetTests.<init>(RedisZSetTests.java:38)
]]></error>
  </testcase>
  <testcase name="testToArrayWithGenerics[17]" classname="org.springframework.data.redis.support.collections.RedisZSetTests" time="0">
    <error message="Could not initialize class org.springframework.data.redis.test.util.MinimumRedisVersionRule" type="java.lang.NoClassDefFoundError"><![CDATA[java.lang.NoClassDefFoundError: Could not initialize class org.springframework.data.redis.test.util.MinimumRedisVersionRule
	at org.springframework.data.redis.support.collections.RedisZSetTests.<init>(RedisZSetTests.java:38)
]]></error>
  </testcase>
  <testcase name="testFirstException[17]" classname="org.springframework.data.redis.support.collections.RedisZSetTests" time="0.001">
    <error message="Could not initialize class org.springframework.data.redis.test.util.MinimumRedisVersionRule" type="java.lang.NoClassDefFoundError"><![CDATA[java.lang.NoClassDefFoundError: Could not initialize class org.springframework.data.redis.test.util.MinimumRedisVersionRule
	at org.springframework.data.redis.support.collections.RedisZSetTests.<init>(RedisZSetTests.java:38)
]]></error>
  </testcase>
  <testcase name="testLastException[17]" classname="org.springframework.data.redis.support.collections.RedisZSetTests" time="0">
    <error message="Could not initialize class org.springframework.data.redis.test.util.MinimumRedisVersionRule" type="java.lang.NoClassDefFoundError"><![CDATA[java.lang.NoClassDefFoundError: Could not initialize class org.springframework.data.redis.test.util.MinimumRedisVersionRule
	at org.springframework.data.redis.support.collections.RedisZSetTests.<init>(RedisZSetTests.java:38)
]]></error>
  </testcase>
  <testcase name="testRemove[17]" classname="org.springframework.data.redis.support.collections.RedisZSetTests" time="0">
    <error message="Could not initialize class org.springframework.data.redis.test.util.MinimumRedisVersionRule" type="java.lang.NoClassDefFoundError"><![CDATA[java.lang.NoClassDefFoundError: Could not initialize class org.springframework.data.redis.test.util.MinimumRedisVersionRule
	at org.springframework.data.redis.support.collections.RedisZSetTests.<init>(RedisZSetTests.java:38)
]]></error>
  </testcase>
  <testcase name="testAddWithScore[17]" classname="org.springframework.data.redis.support.collections.RedisZSetTests" time="0">
    <error message="Could not initialize class org.springframework.data.redis.test.util.MinimumRedisVersionRule" type="java.lang.NoClassDefFoundError"><![CDATA[java.lang.NoClassDefFoundError: Could not initialize class org.springframework.data.redis.test.util.MinimumRedisVersionRule
	at org.springframework.data.redis.support.collections.RedisZSetTests.<init>(RedisZSetTests.java:38)
]]></error>
  </testcase>
  <testcase name="testIterator[17]" classname="org.springframework.data.redis.support.collections.RedisZSetTests" time="0">
    <error message="Could not initialize class org.springframework.data.redis.test.util.MinimumRedisVersionRule" type="java.lang.NoClassDefFoundError"><![CDATA[java.lang.NoClassDefFoundError: Could not initialize class org.springframework.data.redis.test.util.MinimumRedisVersionRule
	at org.springframework.data.redis.support.collections.RedisZSetTests.<init>(RedisZSetTests.java:38)
]]></error>
  </testcase>
  <testcase name="testReverseRangeByScore[17]" classname="org.springframework.data.redis.support.collections.RedisZSetTests" time="0">
    <error message="Could not initialize class org.springframework.data.redis.test.util.MinimumRedisVersionRule" type="java.lang.NoClassDefFoundError"><![CDATA[java.lang.NoClassDefFoundError: Could not initialize class org.springframework.data.redis.test.util.MinimumRedisVersionRule
	at org.springframework.data.redis.support.collections.RedisZSetTests.<init>(RedisZSetTests.java:38)
]]></error>
  </testcase>
  <testcase name="testRangeByLexBoundedWithLimit[17]" classname="org.springframework.data.redis.support.collections.RedisZSetTests" time="0">
    <error message="Could not initialize class org.springframework.data.redis.test.util.MinimumRedisVersionRule" type="java.lang.NoClassDefFoundError"><![CDATA[java.lang.NoClassDefFoundError: Could not initialize class org.springframework.data.redis.test.util.MinimumRedisVersionRule
	at org.springframework.data.redis.support.collections.RedisZSetTests.<init>(RedisZSetTests.java:38)
]]></error>
  </testcase>
  <testcase name="testContainsObject[17]" classname="org.springframework.data.redis.support.collections.RedisZSetTests" time="0">
    <error message="Could not initialize class org.springframework.data.redis.test.util.MinimumRedisVersionRule" type="java.lang.NoClassDefFoundError"><![CDATA[java.lang.NoClassDefFoundError: Could not initialize class org.springframework.data.redis.test.util.MinimumRedisVersionRule
	at org.springframework.data.redis.support.collections.RedisZSetTests.<init>(RedisZSetTests.java:38)
]]></error>
  </testcase>
  <testcase name="testClear[17]" classname="org.springframework.data.redis.support.collections.RedisZSetTests" time="0">
    <error message="Could not initialize class org.springframework.data.redis.test.util.MinimumRedisVersionRule" type="java.lang.NoClassDefFoundError"><![CDATA[java.lang.NoClassDefFoundError: Could not initialize class org.springframework.data.redis.test.util.MinimumRedisVersionRule
	at org.springframework.data.redis.support.collections.RedisZSetTests.<init>(RedisZSetTests.java:38)
]]></error>
  </testcase>
  <testcase name="testSize[17]" classname="org.springframework.data.redis.support.collections.RedisZSetTests" time="0.001">
    <error message="Could not initialize class org.springframework.data.redis.test.util.MinimumRedisVersionRule" type="java.lang.NoClassDefFoundError"><![CDATA[java.lang.NoClassDefFoundError: Could not initialize class org.springframework.data.redis.test.util.MinimumRedisVersionRule
	at org.springframework.data.redis.support.collections.RedisZSetTests.<init>(RedisZSetTests.java:38)
]]></error>
  </testcase>
  <testcase name="testToString[17]" classname="org.springframework.data.redis.support.collections.RedisZSetTests" time="0">
    <error message="Could not initialize class org.springframework.data.redis.test.util.MinimumRedisVersionRule" type="java.lang.NoClassDefFoundError"><![CDATA[java.lang.NoClassDefFoundError: Could not initialize class org.springframework.data.redis.test.util.MinimumRedisVersionRule
	at org.springframework.data.redis.support.collections.RedisZSetTests.<init>(RedisZSetTests.java:38)
]]></error>
  </testcase>
  <testcase name="testContainsAll[17]" classname="org.springframework.data.redis.support.collections.RedisZSetTests" time="0">
    <error message="Could not initialize class org.springframework.data.redis.test.util.MinimumRedisVersionRule" type="java.lang.NoClassDefFoundError"><![CDATA[java.lang.NoClassDefFoundError: Could not initialize class org.springframework.data.redis.test.util.MinimumRedisVersionRule
	at org.springframework.data.redis.support.collections.RedisZSetTests.<init>(RedisZSetTests.java:38)
]]></error>
  </testcase>
  <testcase name="testRemoveObject[17]" classname="org.springframework.data.redis.support.collections.RedisZSetTests" time="0">
    <error message="Could not initialize class org.springframework.data.redis.test.util.MinimumRedisVersionRule" type="java.lang.NoClassDefFoundError"><![CDATA[java.lang.NoClassDefFoundError: Could not initialize class org.springframework.data.redis.test.util.MinimumRedisVersionRule
	at org.springframework.data.redis.support.collections.RedisZSetTests.<init>(RedisZSetTests.java:38)
]]></error>
  </testcase>
  <testcase name="testHashCode[17]" classname="org.springframework.data.redis.support.collections.RedisZSetTests" time="0">
    <error message="Could not initialize class org.springframework.data.redis.test.util.MinimumRedisVersionRule" type="java.lang.NoClassDefFoundError"><![CDATA[java.lang.NoClassDefFoundError: Could not initialize class org.springframework.data.redis.test.util.MinimumRedisVersionRule
	at org.springframework.data.redis.support.collections.RedisZSetTests.<init>(RedisZSetTests.java:38)
]]></error>
  </testcase>
  <testcase name="testAddAll[17]" classname="org.springframework.data.redis.support.collections.RedisZSetTests" time="0">
    <error message="Could not initialize class org.springframework.data.redis.test.util.MinimumRedisVersionRule" type="java.lang.NoClassDefFoundError"><![CDATA[java.lang.NoClassDefFoundError: Could not initialize class org.springframework.data.redis.test.util.MinimumRedisVersionRule
	at org.springframework.data.redis.support.collections.RedisZSetTests.<init>(RedisZSetTests.java:38)
]]></error>
  </testcase>
  <testcase name="removeAll[17]" classname="org.springframework.data.redis.support.collections.RedisZSetTests" time="0">
    <error message="Could not initialize class org.springframework.data.redis.test.util.MinimumRedisVersionRule" type="java.lang.NoClassDefFoundError"><![CDATA[java.lang.NoClassDefFoundError: Could not initialize class org.springframework.data.redis.test.util.MinimumRedisVersionRule
	at org.springframework.data.redis.support.collections.RedisZSetTests.<init>(RedisZSetTests.java:38)
]]></error>
  </testcase>
  <testcase name="testEquals[17]" classname="org.springframework.data.redis.support.collections.RedisZSetTests" time="0">
    <error message="Could not initialize class org.springframework.data.redis.test.util.MinimumRedisVersionRule" type="java.lang.NoClassDefFoundError"><![CDATA[java.lang.NoClassDefFoundError: Could not initialize class org.springframework.data.redis.test.util.MinimumRedisVersionRule
	at org.springframework.data.redis.support.collections.RedisZSetTests.<init>(RedisZSetTests.java:38)
]]></error>
  </testcase>
  <testcase name="testGetKey[17]" classname="org.springframework.data.redis.support.collections.RedisZSetTests" time="0">
    <error message="Could not initialize class org.springframework.data.redis.test.util.MinimumRedisVersionRule" type="java.lang.NoClassDefFoundError"><![CDATA[java.lang.NoClassDefFoundError: Could not initialize class org.springframework.data.redis.test.util.MinimumRedisVersionRule
	at org.springframework.data.redis.support.collections.RedisZSetTests.<init>(RedisZSetTests.java:38)
]]></error>
  </testcase>
  <testcase name="testIsEmpty[17]" classname="org.springframework.data.redis.support.collections.RedisZSetTests" time="0">
    <error message="Could not initialize class org.springframework.data.redis.test.util.MinimumRedisVersionRule" type="java.lang.NoClassDefFoundError"><![CDATA[java.lang.NoClassDefFoundError: Could not initialize class org.springframework.data.redis.test.util.MinimumRedisVersionRule
	at org.springframework.data.redis.support.collections.RedisZSetTests.<init>(RedisZSetTests.java:38)
]]></error>
  </testcase>
  <testcase name="testToArray[18]" classname="org.springframework.data.redis.support.collections.RedisZSetTests" time="0.001">
    <error message="Could not initialize class org.springframework.data.redis.test.util.MinimumRedisVersionRule" type="java.lang.NoClassDefFoundError"><![CDATA[java.lang.NoClassDefFoundError: Could not initialize class org.springframework.data.redis.test.util.MinimumRedisVersionRule
	at org.springframework.data.redis.support.collections.RedisZSetTests.<init>(RedisZSetTests.java:38)
]]></error>
  </testcase>
  <testcase name="testAdd[18]" classname="org.springframework.data.redis.support.collections.RedisZSetTests" time="0">
    <error message="Could not initialize class org.springframework.data.redis.test.util.MinimumRedisVersionRule" type="java.lang.NoClassDefFoundError"><![CDATA[java.lang.NoClassDefFoundError: Could not initialize class org.springframework.data.redis.test.util.MinimumRedisVersionRule
	at org.springframework.data.redis.support.collections.RedisZSetTests.<init>(RedisZSetTests.java:38)
]]></error>
  </testcase>
  <testcase name="testFirst[18]" classname="org.springframework.data.redis.support.collections.RedisZSetTests" time="0">
    <error message="Could not initialize class org.springframework.data.redis.test.util.MinimumRedisVersionRule" type="java.lang.NoClassDefFoundError"><![CDATA[java.lang.NoClassDefFoundError: Could not initialize class org.springframework.data.redis.test.util.MinimumRedisVersionRule
	at org.springframework.data.redis.support.collections.RedisZSetTests.<init>(RedisZSetTests.java:38)
]]></error>
  </testcase>
  <testcase name="testRange[18]" classname="org.springframework.data.redis.support.collections.RedisZSetTests" time="0">
    <error message="Could not initialize class org.springframework.data.redis.test.util.MinimumRedisVersionRule" type="java.lang.NoClassDefFoundError"><![CDATA[java.lang.NoClassDefFoundError: Could not initialize class org.springframework.data.redis.test.util.MinimumRedisVersionRule
	at org.springframework.data.redis.support.collections.RedisZSetTests.<init>(RedisZSetTests.java:38)
]]></error>
  </testcase>
  <testcase name="testScore[18]" classname="org.springframework.data.redis.support.collections.RedisZSetTests" time="0">
    <error message="Could not initialize class org.springframework.data.redis.test.util.MinimumRedisVersionRule" type="java.lang.NoClassDefFoundError"><![CDATA[java.lang.NoClassDefFoundError: Could not initialize class org.springframework.data.redis.test.util.MinimumRedisVersionRule
	at org.springframework.data.redis.support.collections.RedisZSetTests.<init>(RedisZSetTests.java:38)
]]></error>
  </testcase>
  <testcase name="testLast[18]" classname="org.springframework.data.redis.support.collections.RedisZSetTests" time="0">
    <error message="Could not initialize class org.springframework.data.redis.test.util.MinimumRedisVersionRule" type="java.lang.NoClassDefFoundError"><![CDATA[java.lang.NoClassDefFoundError: Could not initialize class org.springframework.data.redis.test.util.MinimumRedisVersionRule
	at org.springframework.data.redis.support.collections.RedisZSetTests.<init>(RedisZSetTests.java:38)
]]></error>
  </testcase>
  <testcase name="testRank[18]" classname="org.springframework.data.redis.support.collections.RedisZSetTests" time="0">
    <error message="Could not initialize class org.springframework.data.redis.test.util.MinimumRedisVersionRule" type="java.lang.NoClassDefFoundError"><![CDATA[java.lang.NoClassDefFoundError: Could not initialize class org.springframework.data.redis.test.util.MinimumRedisVersionRule
	at org.springframework.data.redis.support.collections.RedisZSetTests.<init>(RedisZSetTests.java:38)
]]></error>
  </testcase>
  <testcase name="testRemoveByScore[18]" classname="org.springframework.data.redis.support.collections.RedisZSetTests" time="0">
    <error message="Could not initialize class org.springframework.data.redis.test.util.MinimumRedisVersionRule" type="java.lang.NoClassDefFoundError"><![CDATA[java.lang.NoClassDefFoundError: Could not initialize class org.springframework.data.redis.test.util.MinimumRedisVersionRule
	at org.springframework.data.redis.support.collections.RedisZSetTests.<init>(RedisZSetTests.java:38)
]]></error>
  </testcase>
  <testcase name="testRangeWithScores[18]" classname="org.springframework.data.redis.support.collections.RedisZSetTests" time="0">
    <error message="Could not initialize class org.springframework.data.redis.test.util.MinimumRedisVersionRule" type="java.lang.NoClassDefFoundError"><![CDATA[java.lang.NoClassDefFoundError: Could not initialize class org.springframework.data.redis.test.util.MinimumRedisVersionRule
	at org.springframework.data.redis.support.collections.RedisZSetTests.<init>(RedisZSetTests.java:38)
]]></error>
  </testcase>
  <testcase name="testRangeByLexUnbounded[18]" classname="org.springframework.data.redis.support.collections.RedisZSetTests" time="0">
    <error message="Could not initialize class org.springframework.data.redis.test.util.MinimumRedisVersionRule" type="java.lang.NoClassDefFoundError"><![CDATA[java.lang.NoClassDefFoundError: Could not initialize class org.springframework.data.redis.test.util.MinimumRedisVersionRule
	at org.springframework.data.redis.support.collections.RedisZSetTests.<init>(RedisZSetTests.java:38)
]]></error>
  </testcase>
  <testcase name="testRangeByLexBounded[18]" classname="org.springframework.data.redis.support.collections.RedisZSetTests" time="0.001">
    <error message="Could not initialize class org.springframework.data.redis.test.util.MinimumRedisVersionRule" type="java.lang.NoClassDefFoundError"><![CDATA[java.lang.NoClassDefFoundError: Could not initialize class org.springframework.data.redis.test.util.MinimumRedisVersionRule
	at org.springframework.data.redis.support.collections.RedisZSetTests.<init>(RedisZSetTests.java:38)
]]></error>
  </testcase>
  <testcase name="testScanWorksCorrectly[18]" classname="org.springframework.data.redis.support.collections.RedisZSetTests" time="0">
    <error message="Could not initialize class org.springframework.data.redis.test.util.MinimumRedisVersionRule" type="java.lang.NoClassDefFoundError"><![CDATA[java.lang.NoClassDefFoundError: Could not initialize class org.springframework.data.redis.test.util.MinimumRedisVersionRule
	at org.springframework.data.redis.support.collections.RedisZSetTests.<init>(RedisZSetTests.java:38)
]]></error>
  </testcase>
  <testcase name="testRangeByScoreWithScores[18]" classname="org.springframework.data.redis.support.collections.RedisZSetTests" time="0">
    <error message="Could not initialize class org.springframework.data.redis.test.util.MinimumRedisVersionRule" type="java.lang.NoClassDefFoundError"><![CDATA[java.lang.NoClassDefFoundError: Could not initialize class org.springframework.data.redis.test.util.MinimumRedisVersionRule
	at org.springframework.data.redis.support.collections.RedisZSetTests.<init>(RedisZSetTests.java:38)
]]></error>
  </testcase>
  <testcase name="testDefaultScore[18]" classname="org.springframework.data.redis.support.collections.RedisZSetTests" time="0">
    <error message="Could not initialize class org.springframework.data.redis.test.util.MinimumRedisVersionRule" type="java.lang.NoClassDefFoundError"><![CDATA[java.lang.NoClassDefFoundError: Could not initialize class org.springframework.data.redis.test.util.MinimumRedisVersionRule
	at org.springframework.data.redis.support.collections.RedisZSetTests.<init>(RedisZSetTests.java:38)
]]></error>
  </testcase>
  <testcase name="testRangeByScore[18]" classname="org.springframework.data.redis.support.collections.RedisZSetTests" time="0">
    <error message="Could not initialize class org.springframework.data.redis.test.util.MinimumRedisVersionRule" type="java.lang.NoClassDefFoundError"><![CDATA[java.lang.NoClassDefFoundError: Could not initialize class org.springframework.data.redis.test.util.MinimumRedisVersionRule
	at org.springframework.data.redis.support.collections.RedisZSetTests.<init>(RedisZSetTests.java:38)
]]></error>
  </testcase>
  <testcase name="testIntersectAndStore[18]" classname="org.springframework.data.redis.support.collections.RedisZSetTests" time="0">
    <error message="Could not initialize class org.springframework.data.redis.test.util.MinimumRedisVersionRule" type="java.lang.NoClassDefFoundError"><![CDATA[java.lang.NoClassDefFoundError: Could not initialize class org.springframework.data.redis.test.util.MinimumRedisVersionRule
	at org.springframework.data.redis.support.collections.RedisZSetTests.<init>(RedisZSetTests.java:38)
]]></error>
  </testcase>
  <testcase name="testReverseRank[18]" classname="org.springframework.data.redis.support.collections.RedisZSetTests" time="0">
    <error message="Could not initialize class org.springframework.data.redis.test.util.MinimumRedisVersionRule" type="java.lang.NoClassDefFoundError"><![CDATA[java.lang.NoClassDefFoundError: Could not initialize class org.springframework.data.redis.test.util.MinimumRedisVersionRule
	at org.springframework.data.redis.support.collections.RedisZSetTests.<init>(RedisZSetTests.java:38)
]]></error>
  </testcase>
  <testcase name="testReverseRangeWithScores[18]" classname="org.springframework.data.redis.support.collections.RedisZSetTests" time="0">
    <error message="Could not initialize class org.springframework.data.redis.test.util.MinimumRedisVersionRule" type="java.lang.NoClassDefFoundError"><![CDATA[java.lang.NoClassDefFoundError: Could not initialize class org.springframework.data.redis.test.util.MinimumRedisVersionRule
	at org.springframework.data.redis.support.collections.RedisZSetTests.<init>(RedisZSetTests.java:38)
]]></error>
  </testcase>
  <testcase name="testReverseRange[18]" classname="org.springframework.data.redis.support.collections.RedisZSetTests" time="0">
    <error message="Could not initialize class org.springframework.data.redis.test.util.MinimumRedisVersionRule" type="java.lang.NoClassDefFoundError"><![CDATA[java.lang.NoClassDefFoundError: Could not initialize class org.springframework.data.redis.test.util.MinimumRedisVersionRule
	at org.springframework.data.redis.support.collections.RedisZSetTests.<init>(RedisZSetTests.java:38)
]]></error>
  </testcase>
  <testcase name="testUnionAndStore[18]" classname="org.springframework.data.redis.support.collections.RedisZSetTests" time="0.001">
    <error message="Could not initialize class org.springframework.data.redis.test.util.MinimumRedisVersionRule" type="java.lang.NoClassDefFoundError"><![CDATA[java.lang.NoClassDefFoundError: Could not initialize class org.springframework.data.redis.test.util.MinimumRedisVersionRule
	at org.springframework.data.redis.support.collections.RedisZSetTests.<init>(RedisZSetTests.java:38)
]]></error>
  </testcase>
  <testcase name="testRangeByLexUnboundedWithLimit[18]" classname="org.springframework.data.redis.support.collections.RedisZSetTests" time="0">
    <error message="Could not initialize class org.springframework.data.redis.test.util.MinimumRedisVersionRule" type="java.lang.NoClassDefFoundError"><![CDATA[java.lang.NoClassDefFoundError: Could not initialize class org.springframework.data.redis.test.util.MinimumRedisVersionRule
	at org.springframework.data.redis.support.collections.RedisZSetTests.<init>(RedisZSetTests.java:38)
]]></error>
  </testcase>
  <testcase name="testReverseRangeByScoreWithScores[18]" classname="org.springframework.data.redis.support.collections.RedisZSetTests" time="0">
    <error message="Could not initialize class org.springframework.data.redis.test.util.MinimumRedisVersionRule" type="java.lang.NoClassDefFoundError"><![CDATA[java.lang.NoClassDefFoundError: Could not initialize class org.springframework.data.redis.test.util.MinimumRedisVersionRule
	at org.springframework.data.redis.support.collections.RedisZSetTests.<init>(RedisZSetTests.java:38)
]]></error>
  </testcase>
  <testcase name="testToArrayWithGenerics[18]" classname="org.springframework.data.redis.support.collections.RedisZSetTests" time="0">
    <error message="Could not initialize class org.springframework.data.redis.test.util.MinimumRedisVersionRule" type="java.lang.NoClassDefFoundError"><![CDATA[java.lang.NoClassDefFoundError: Could not initialize class org.springframework.data.redis.test.util.MinimumRedisVersionRule
	at org.springframework.data.redis.support.collections.RedisZSetTests.<init>(RedisZSetTests.java:38)
]]></error>
  </testcase>
  <testcase name="testFirstException[18]" classname="org.springframework.data.redis.support.collections.RedisZSetTests" time="0">
    <error message="Could not initialize class org.springframework.data.redis.test.util.MinimumRedisVersionRule" type="java.lang.NoClassDefFoundError"><![CDATA[java.lang.NoClassDefFoundError: Could not initialize class org.springframework.data.redis.test.util.MinimumRedisVersionRule
	at org.springframework.data.redis.support.collections.RedisZSetTests.<init>(RedisZSetTests.java:38)
]]></error>
  </testcase>
  <testcase name="testLastException[18]" classname="org.springframework.data.redis.support.collections.RedisZSetTests" time="0">
    <error message="Could not initialize class org.springframework.data.redis.test.util.MinimumRedisVersionRule" type="java.lang.NoClassDefFoundError"><![CDATA[java.lang.NoClassDefFoundError: Could not initialize class org.springframework.data.redis.test.util.MinimumRedisVersionRule
	at org.springframework.data.redis.support.collections.RedisZSetTests.<init>(RedisZSetTests.java:38)
]]></error>
  </testcase>
  <testcase name="testRemove[18]" classname="org.springframework.data.redis.support.collections.RedisZSetTests" time="0">
    <error message="Could not initialize class org.springframework.data.redis.test.util.MinimumRedisVersionRule" type="java.lang.NoClassDefFoundError"><![CDATA[java.lang.NoClassDefFoundError: Could not initialize class org.springframework.data.redis.test.util.MinimumRedisVersionRule
	at org.springframework.data.redis.support.collections.RedisZSetTests.<init>(RedisZSetTests.java:38)
]]></error>
  </testcase>
  <testcase name="testAddWithScore[18]" classname="org.springframework.data.redis.support.collections.RedisZSetTests" time="0">
    <error message="Could not initialize class org.springframework.data.redis.test.util.MinimumRedisVersionRule" type="java.lang.NoClassDefFoundError"><![CDATA[java.lang.NoClassDefFoundError: Could not initialize class org.springframework.data.redis.test.util.MinimumRedisVersionRule
	at org.springframework.data.redis.support.collections.RedisZSetTests.<init>(RedisZSetTests.java:38)
]]></error>
  </testcase>
  <testcase name="testIterator[18]" classname="org.springframework.data.redis.support.collections.RedisZSetTests" time="0">
    <error message="Could not initialize class org.springframework.data.redis.test.util.MinimumRedisVersionRule" type="java.lang.NoClassDefFoundError"><![CDATA[java.lang.NoClassDefFoundError: Could not initialize class org.springframework.data.redis.test.util.MinimumRedisVersionRule
	at org.springframework.data.redis.support.collections.RedisZSetTests.<init>(RedisZSetTests.java:38)
]]></error>
  </testcase>
  <testcase name="testReverseRangeByScore[18]" classname="org.springframework.data.redis.support.collections.RedisZSetTests" time="0">
    <error message="Could not initialize class org.springframework.data.redis.test.util.MinimumRedisVersionRule" type="java.lang.NoClassDefFoundError"><![CDATA[java.lang.NoClassDefFoundError: Could not initialize class org.springframework.data.redis.test.util.MinimumRedisVersionRule
	at org.springframework.data.redis.support.collections.RedisZSetTests.<init>(RedisZSetTests.java:38)
]]></error>
  </testcase>
  <testcase name="testRangeByLexBoundedWithLimit[18]" classname="org.springframework.data.redis.support.collections.RedisZSetTests" time="0.001">
    <error message="Could not initialize class org.springframework.data.redis.test.util.MinimumRedisVersionRule" type="java.lang.NoClassDefFoundError"><![CDATA[java.lang.NoClassDefFoundError: Could not initialize class org.springframework.data.redis.test.util.MinimumRedisVersionRule
	at org.springframework.data.redis.support.collections.RedisZSetTests.<init>(RedisZSetTests.java:38)
]]></error>
  </testcase>
  <testcase name="testContainsObject[18]" classname="org.springframework.data.redis.support.collections.RedisZSetTests" time="0">
    <error message="Could not initialize class org.springframework.data.redis.test.util.MinimumRedisVersionRule" type="java.lang.NoClassDefFoundError"><![CDATA[java.lang.NoClassDefFoundError: Could not initialize class org.springframework.data.redis.test.util.MinimumRedisVersionRule
	at org.springframework.data.redis.support.collections.RedisZSetTests.<init>(RedisZSetTests.java:38)
]]></error>
  </testcase>
  <testcase name="testClear[18]" classname="org.springframework.data.redis.support.collections.RedisZSetTests" time="0">
    <error message="Could not initialize class org.springframework.data.redis.test.util.MinimumRedisVersionRule" type="java.lang.NoClassDefFoundError"><![CDATA[java.lang.NoClassDefFoundError: Could not initialize class org.springframework.data.redis.test.util.MinimumRedisVersionRule
	at org.springframework.data.redis.support.collections.RedisZSetTests.<init>(RedisZSetTests.java:38)
]]></error>
  </testcase>
  <testcase name="testSize[18]" classname="org.springframework.data.redis.support.collections.RedisZSetTests" time="0">
    <error message="Could not initialize class org.springframework.data.redis.test.util.MinimumRedisVersionRule" type="java.lang.NoClassDefFoundError"><![CDATA[java.lang.NoClassDefFoundError: Could not initialize class org.springframework.data.redis.test.util.MinimumRedisVersionRule
	at org.springframework.data.redis.support.collections.RedisZSetTests.<init>(RedisZSetTests.java:38)
]]></error>
  </testcase>
  <testcase name="testToString[18]" classname="org.springframework.data.redis.support.collections.RedisZSetTests" time="0">
    <error message="Could not initialize class org.springframework.data.redis.test.util.MinimumRedisVersionRule" type="java.lang.NoClassDefFoundError"><![CDATA[java.lang.NoClassDefFoundError: Could not initialize class org.springframework.data.redis.test.util.MinimumRedisVersionRule
	at org.springframework.data.redis.support.collections.RedisZSetTests.<init>(RedisZSetTests.java:38)
]]></error>
  </testcase>
  <testcase name="testContainsAll[18]" classname="org.springframework.data.redis.support.collections.RedisZSetTests" time="0">
    <error message="Could not initialize class org.springframework.data.redis.test.util.MinimumRedisVersionRule" type="java.lang.NoClassDefFoundError"><![CDATA[java.lang.NoClassDefFoundError: Could not initialize class org.springframework.data.redis.test.util.MinimumRedisVersionRule
	at org.springframework.data.redis.support.collections.RedisZSetTests.<init>(RedisZSetTests.java:38)
]]></error>
  </testcase>
  <testcase name="testRemoveObject[18]" classname="org.springframework.data.redis.support.collections.RedisZSetTests" time="0">
    <error message="Could not initialize class org.springframework.data.redis.test.util.MinimumRedisVersionRule" type="java.lang.NoClassDefFoundError"><![CDATA[java.lang.NoClassDefFoundError: Could not initialize class org.springframework.data.redis.test.util.MinimumRedisVersionRule
	at org.springframework.data.redis.support.collections.RedisZSetTests.<init>(RedisZSetTests.java:38)
]]></error>
  </testcase>
  <testcase name="testHashCode[18]" classname="org.springframework.data.redis.support.collections.RedisZSetTests" time="0">
    <error message="Could not initialize class org.springframework.data.redis.test.util.MinimumRedisVersionRule" type="java.lang.NoClassDefFoundError"><![CDATA[java.lang.NoClassDefFoundError: Could not initialize class org.springframework.data.redis.test.util.MinimumRedisVersionRule
	at org.springframework.data.redis.support.collections.RedisZSetTests.<init>(RedisZSetTests.java:38)
]]></error>
  </testcase>
  <testcase name="testAddAll[18]" classname="org.springframework.data.redis.support.collections.RedisZSetTests" time="0">
    <error message="Could not initialize class org.springframework.data.redis.test.util.MinimumRedisVersionRule" type="java.lang.NoClassDefFoundError"><![CDATA[java.lang.NoClassDefFoundError: Could not initialize class org.springframework.data.redis.test.util.MinimumRedisVersionRule
	at org.springframework.data.redis.support.collections.RedisZSetTests.<init>(RedisZSetTests.java:38)
]]></error>
  </testcase>
  <testcase name="removeAll[18]" classname="org.springframework.data.redis.support.collections.RedisZSetTests" time="0">
    <error message="Could not initialize class org.springframework.data.redis.test.util.MinimumRedisVersionRule" type="java.lang.NoClassDefFoundError"><![CDATA[java.lang.NoClassDefFoundError: Could not initialize class org.springframework.data.redis.test.util.MinimumRedisVersionRule
	at org.springframework.data.redis.support.collections.RedisZSetTests.<init>(RedisZSetTests.java:38)
]]></error>
  </testcase>
  <testcase name="testEquals[18]" classname="org.springframework.data.redis.support.collections.RedisZSetTests" time="0.001">
    <error message="Could not initialize class org.springframework.data.redis.test.util.MinimumRedisVersionRule" type="java.lang.NoClassDefFoundError"><![CDATA[java.lang.NoClassDefFoundError: Could not initialize class org.springframework.data.redis.test.util.MinimumRedisVersionRule
	at org.springframework.data.redis.support.collections.RedisZSetTests.<init>(RedisZSetTests.java:38)
]]></error>
  </testcase>
  <testcase name="testGetKey[18]" classname="org.springframework.data.redis.support.collections.RedisZSetTests" time="0">
    <error message="Could not initialize class org.springframework.data.redis.test.util.MinimumRedisVersionRule" type="java.lang.NoClassDefFoundError"><![CDATA[java.lang.NoClassDefFoundError: Could not initialize class org.springframework.data.redis.test.util.MinimumRedisVersionRule
	at org.springframework.data.redis.support.collections.RedisZSetTests.<init>(RedisZSetTests.java:38)
]]></error>
  </testcase>
  <testcase name="testIsEmpty[18]" classname="org.springframework.data.redis.support.collections.RedisZSetTests" time="0">
    <error message="Could not initialize class org.springframework.data.redis.test.util.MinimumRedisVersionRule" type="java.lang.NoClassDefFoundError"><![CDATA[java.lang.NoClassDefFoundError: Could not initialize class org.springframework.data.redis.test.util.MinimumRedisVersionRule
	at org.springframework.data.redis.support.collections.RedisZSetTests.<init>(RedisZSetTests.java:38)
]]></error>
  </testcase>
  <testcase name="testToArray[19]" classname="org.springframework.data.redis.support.collections.RedisZSetTests" time="0">
    <error message="Could not initialize class org.springframework.data.redis.test.util.MinimumRedisVersionRule" type="java.lang.NoClassDefFoundError"><![CDATA[java.lang.NoClassDefFoundError: Could not initialize class org.springframework.data.redis.test.util.MinimumRedisVersionRule
	at org.springframework.data.redis.support.collections.RedisZSetTests.<init>(RedisZSetTests.java:38)
]]></error>
  </testcase>
  <testcase name="testAdd[19]" classname="org.springframework.data.redis.support.collections.RedisZSetTests" time="0">
    <error message="Could not initialize class org.springframework.data.redis.test.util.MinimumRedisVersionRule" type="java.lang.NoClassDefFoundError"><![CDATA[java.lang.NoClassDefFoundError: Could not initialize class org.springframework.data.redis.test.util.MinimumRedisVersionRule
	at org.springframework.data.redis.support.collections.RedisZSetTests.<init>(RedisZSetTests.java:38)
]]></error>
  </testcase>
  <testcase name="testFirst[19]" classname="org.springframework.data.redis.support.collections.RedisZSetTests" time="0">
    <error message="Could not initialize class org.springframework.data.redis.test.util.MinimumRedisVersionRule" type="java.lang.NoClassDefFoundError"><![CDATA[java.lang.NoClassDefFoundError: Could not initialize class org.springframework.data.redis.test.util.MinimumRedisVersionRule
	at org.springframework.data.redis.support.collections.RedisZSetTests.<init>(RedisZSetTests.java:38)
]]></error>
  </testcase>
  <testcase name="testRange[19]" classname="org.springframework.data.redis.support.collections.RedisZSetTests" time="0">
    <error message="Could not initialize class org.springframework.data.redis.test.util.MinimumRedisVersionRule" type="java.lang.NoClassDefFoundError"><![CDATA[java.lang.NoClassDefFoundError: Could not initialize class org.springframework.data.redis.test.util.MinimumRedisVersionRule
	at org.springframework.data.redis.support.collections.RedisZSetTests.<init>(RedisZSetTests.java:38)
]]></error>
  </testcase>
  <testcase name="testScore[19]" classname="org.springframework.data.redis.support.collections.RedisZSetTests" time="0">
    <error message="Could not initialize class org.springframework.data.redis.test.util.MinimumRedisVersionRule" type="java.lang.NoClassDefFoundError"><![CDATA[java.lang.NoClassDefFoundError: Could not initialize class org.springframework.data.redis.test.util.MinimumRedisVersionRule
	at org.springframework.data.redis.support.collections.RedisZSetTests.<init>(RedisZSetTests.java:38)
]]></error>
  </testcase>
  <testcase name="testLast[19]" classname="org.springframework.data.redis.support.collections.RedisZSetTests" time="0">
    <error message="Could not initialize class org.springframework.data.redis.test.util.MinimumRedisVersionRule" type="java.lang.NoClassDefFoundError"><![CDATA[java.lang.NoClassDefFoundError: Could not initialize class org.springframework.data.redis.test.util.MinimumRedisVersionRule
	at org.springframework.data.redis.support.collections.RedisZSetTests.<init>(RedisZSetTests.java:38)
]]></error>
  </testcase>
  <testcase name="testRank[19]" classname="org.springframework.data.redis.support.collections.RedisZSetTests" time="0">
    <error message="Could not initialize class org.springframework.data.redis.test.util.MinimumRedisVersionRule" type="java.lang.NoClassDefFoundError"><![CDATA[java.lang.NoClassDefFoundError: Could not initialize class org.springframework.data.redis.test.util.MinimumRedisVersionRule
	at org.springframework.data.redis.support.collections.RedisZSetTests.<init>(RedisZSetTests.java:38)
]]></error>
  </testcase>
  <testcase name="testRemoveByScore[19]" classname="org.springframework.data.redis.support.collections.RedisZSetTests" time="0.001">
    <error message="Could not initialize class org.springframework.data.redis.test.util.MinimumRedisVersionRule" type="java.lang.NoClassDefFoundError"><![CDATA[java.lang.NoClassDefFoundError: Could not initialize class org.springframework.data.redis.test.util.MinimumRedisVersionRule
	at org.springframework.data.redis.support.collections.RedisZSetTests.<init>(RedisZSetTests.java:38)
]]></error>
  </testcase>
  <testcase name="testRangeWithScores[19]" classname="org.springframework.data.redis.support.collections.RedisZSetTests" time="0">
    <error message="Could not initialize class org.springframework.data.redis.test.util.MinimumRedisVersionRule" type="java.lang.NoClassDefFoundError"><![CDATA[java.lang.NoClassDefFoundError: Could not initialize class org.springframework.data.redis.test.util.MinimumRedisVersionRule
	at org.springframework.data.redis.support.collections.RedisZSetTests.<init>(RedisZSetTests.java:38)
]]></error>
  </testcase>
  <testcase name="testRangeByLexUnbounded[19]" classname="org.springframework.data.redis.support.collections.RedisZSetTests" time="0">
    <error message="Could not initialize class org.springframework.data.redis.test.util.MinimumRedisVersionRule" type="java.lang.NoClassDefFoundError"><![CDATA[java.lang.NoClassDefFoundError: Could not initialize class org.springframework.data.redis.test.util.MinimumRedisVersionRule
	at org.springframework.data.redis.support.collections.RedisZSetTests.<init>(RedisZSetTests.java:38)
]]></error>
  </testcase>
  <testcase name="testRangeByLexBounded[19]" classname="org.springframework.data.redis.support.collections.RedisZSetTests" time="0">
    <error message="Could not initialize class org.springframework.data.redis.test.util.MinimumRedisVersionRule" type="java.lang.NoClassDefFoundError"><![CDATA[java.lang.NoClassDefFoundError: Could not initialize class org.springframework.data.redis.test.util.MinimumRedisVersionRule
	at org.springframework.data.redis.support.collections.RedisZSetTests.<init>(RedisZSetTests.java:38)
]]></error>
  </testcase>
  <testcase name="testScanWorksCorrectly[19]" classname="org.springframework.data.redis.support.collections.RedisZSetTests" time="0">
    <error message="Could not initialize class org.springframework.data.redis.test.util.MinimumRedisVersionRule" type="java.lang.NoClassDefFoundError"><![CDATA[java.lang.NoClassDefFoundError: Could not initialize class org.springframework.data.redis.test.util.MinimumRedisVersionRule
	at org.springframework.data.redis.support.collections.RedisZSetTests.<init>(RedisZSetTests.java:38)
]]></error>
  </testcase>
  <testcase name="testRangeByScoreWithScores[19]" classname="org.springframework.data.redis.support.collections.RedisZSetTests" time="0">
    <error message="Could not initialize class org.springframework.data.redis.test.util.MinimumRedisVersionRule" type="java.lang.NoClassDefFoundError"><![CDATA[java.lang.NoClassDefFoundError: Could not initialize class org.springframework.data.redis.test.util.MinimumRedisVersionRule
	at org.springframework.data.redis.support.collections.RedisZSetTests.<init>(RedisZSetTests.java:38)
]]></error>
  </testcase>
  <testcase name="testDefaultScore[19]" classname="org.springframework.data.redis.support.collections.RedisZSetTests" time="0">
    <error message="Could not initialize class org.springframework.data.redis.test.util.MinimumRedisVersionRule" type="java.lang.NoClassDefFoundError"><![CDATA[java.lang.NoClassDefFoundError: Could not initialize class org.springframework.data.redis.test.util.MinimumRedisVersionRule
	at org.springframework.data.redis.support.collections.RedisZSetTests.<init>(RedisZSetTests.java:38)
]]></error>
  </testcase>
  <testcase name="testRangeByScore[19]" classname="org.springframework.data.redis.support.collections.RedisZSetTests" time="0">
    <error message="Could not initialize class org.springframework.data.redis.test.util.MinimumRedisVersionRule" type="java.lang.NoClassDefFoundError"><![CDATA[java.lang.NoClassDefFoundError: Could not initialize class org.springframework.data.redis.test.util.MinimumRedisVersionRule
	at org.springframework.data.redis.support.collections.RedisZSetTests.<init>(RedisZSetTests.java:38)
]]></error>
  </testcase>
  <testcase name="testIntersectAndStore[19]" classname="org.springframework.data.redis.support.collections.RedisZSetTests" time="0">
    <error message="Could not initialize class org.springframework.data.redis.test.util.MinimumRedisVersionRule" type="java.lang.NoClassDefFoundError"><![CDATA[java.lang.NoClassDefFoundError: Could not initialize class org.springframework.data.redis.test.util.MinimumRedisVersionRule
	at org.springframework.data.redis.support.collections.RedisZSetTests.<init>(RedisZSetTests.java:38)
]]></error>
  </testcase>
  <testcase name="testReverseRank[19]" classname="org.springframework.data.redis.support.collections.RedisZSetTests" time="0">
    <error message="Could not initialize class org.springframework.data.redis.test.util.MinimumRedisVersionRule" type="java.lang.NoClassDefFoundError"><![CDATA[java.lang.NoClassDefFoundError: Could not initialize class org.springframework.data.redis.test.util.MinimumRedisVersionRule
	at org.springframework.data.redis.support.collections.RedisZSetTests.<init>(RedisZSetTests.java:38)
]]></error>
  </testcase>
  <testcase name="testReverseRangeWithScores[19]" classname="org.springframework.data.redis.support.collections.RedisZSetTests" time="0.001">
    <error message="Could not initialize class org.springframework.data.redis.test.util.MinimumRedisVersionRule" type="java.lang.NoClassDefFoundError"><![CDATA[java.lang.NoClassDefFoundError: Could not initialize class org.springframework.data.redis.test.util.MinimumRedisVersionRule
	at org.springframework.data.redis.support.collections.RedisZSetTests.<init>(RedisZSetTests.java:38)
]]></error>
  </testcase>
  <testcase name="testReverseRange[19]" classname="org.springframework.data.redis.support.collections.RedisZSetTests" time="0">
    <error message="Could not initialize class org.springframework.data.redis.test.util.MinimumRedisVersionRule" type="java.lang.NoClassDefFoundError"><![CDATA[java.lang.NoClassDefFoundError: Could not initialize class org.springframework.data.redis.test.util.MinimumRedisVersionRule
	at org.springframework.data.redis.support.collections.RedisZSetTests.<init>(RedisZSetTests.java:38)
]]></error>
  </testcase>
  <testcase name="testUnionAndStore[19]" classname="org.springframework.data.redis.support.collections.RedisZSetTests" time="0">
    <error message="Could not initialize class org.springframework.data.redis.test.util.MinimumRedisVersionRule" type="java.lang.NoClassDefFoundError"><![CDATA[java.lang.NoClassDefFoundError: Could not initialize class org.springframework.data.redis.test.util.MinimumRedisVersionRule
	at org.springframework.data.redis.support.collections.RedisZSetTests.<init>(RedisZSetTests.java:38)
]]></error>
  </testcase>
  <testcase name="testRangeByLexUnboundedWithLimit[19]" classname="org.springframework.data.redis.support.collections.RedisZSetTests" time="0">
    <error message="Could not initialize class org.springframework.data.redis.test.util.MinimumRedisVersionRule" type="java.lang.NoClassDefFoundError"><![CDATA[java.lang.NoClassDefFoundError: Could not initialize class org.springframework.data.redis.test.util.MinimumRedisVersionRule
	at org.springframework.data.redis.support.collections.RedisZSetTests.<init>(RedisZSetTests.java:38)
]]></error>
  </testcase>
  <testcase name="testReverseRangeByScoreWithScores[19]" classname="org.springframework.data.redis.support.collections.RedisZSetTests" time="0">
    <error message="Could not initialize class org.springframework.data.redis.test.util.MinimumRedisVersionRule" type="java.lang.NoClassDefFoundError"><![CDATA[java.lang.NoClassDefFoundError: Could not initialize class org.springframework.data.redis.test.util.MinimumRedisVersionRule
	at org.springframework.data.redis.support.collections.RedisZSetTests.<init>(RedisZSetTests.java:38)
]]></error>
  </testcase>
  <testcase name="testToArrayWithGenerics[19]" classname="org.springframework.data.redis.support.collections.RedisZSetTests" time="0">
    <error message="Could not initialize class org.springframework.data.redis.test.util.MinimumRedisVersionRule" type="java.lang.NoClassDefFoundError"><![CDATA[java.lang.NoClassDefFoundError: Could not initialize class org.springframework.data.redis.test.util.MinimumRedisVersionRule
	at org.springframework.data.redis.support.collections.RedisZSetTests.<init>(RedisZSetTests.java:38)
]]></error>
  </testcase>
  <testcase name="testFirstException[19]" classname="org.springframework.data.redis.support.collections.RedisZSetTests" time="0">
    <error message="Could not initialize class org.springframework.data.redis.test.util.MinimumRedisVersionRule" type="java.lang.NoClassDefFoundError"><![CDATA[java.lang.NoClassDefFoundError: Could not initialize class org.springframework.data.redis.test.util.MinimumRedisVersionRule
	at org.springframework.data.redis.support.collections.RedisZSetTests.<init>(RedisZSetTests.java:38)
]]></error>
  </testcase>
  <testcase name="testLastException[19]" classname="org.springframework.data.redis.support.collections.RedisZSetTests" time="0">
    <error message="Could not initialize class org.springframework.data.redis.test.util.MinimumRedisVersionRule" type="java.lang.NoClassDefFoundError"><![CDATA[java.lang.NoClassDefFoundError: Could not initialize class org.springframework.data.redis.test.util.MinimumRedisVersionRule
	at org.springframework.data.redis.support.collections.RedisZSetTests.<init>(RedisZSetTests.java:38)
]]></error>
  </testcase>
  <testcase name="testRemove[19]" classname="org.springframework.data.redis.support.collections.RedisZSetTests" time="0">
    <error message="Could not initialize class org.springframework.data.redis.test.util.MinimumRedisVersionRule" type="java.lang.NoClassDefFoundError"><![CDATA[java.lang.NoClassDefFoundError: Could not initialize class org.springframework.data.redis.test.util.MinimumRedisVersionRule
	at org.springframework.data.redis.support.collections.RedisZSetTests.<init>(RedisZSetTests.java:38)
]]></error>
  </testcase>
  <testcase name="testAddWithScore[19]" classname="org.springframework.data.redis.support.collections.RedisZSetTests" time="0">
    <error message="Could not initialize class org.springframework.data.redis.test.util.MinimumRedisVersionRule" type="java.lang.NoClassDefFoundError"><![CDATA[java.lang.NoClassDefFoundError: Could not initialize class org.springframework.data.redis.test.util.MinimumRedisVersionRule
	at org.springframework.data.redis.support.collections.RedisZSetTests.<init>(RedisZSetTests.java:38)
]]></error>
  </testcase>
  <testcase name="testIterator[19]" classname="org.springframework.data.redis.support.collections.RedisZSetTests" time="0.001">
    <error message="Could not initialize class org.springframework.data.redis.test.util.MinimumRedisVersionRule" type="java.lang.NoClassDefFoundError"><![CDATA[java.lang.NoClassDefFoundError: Could not initialize class org.springframework.data.redis.test.util.MinimumRedisVersionRule
	at org.springframework.data.redis.support.collections.RedisZSetTests.<init>(RedisZSetTests.java:38)
]]></error>
  </testcase>
  <testcase name="testReverseRangeByScore[19]" classname="org.springframework.data.redis.support.collections.RedisZSetTests" time="0">
    <error message="Could not initialize class org.springframework.data.redis.test.util.MinimumRedisVersionRule" type="java.lang.NoClassDefFoundError"><![CDATA[java.lang.NoClassDefFoundError: Could not initialize class org.springframework.data.redis.test.util.MinimumRedisVersionRule
	at org.springframework.data.redis.support.collections.RedisZSetTests.<init>(RedisZSetTests.java:38)
]]></error>
  </testcase>
  <testcase name="testRangeByLexBoundedWithLimit[19]" classname="org.springframework.data.redis.support.collections.RedisZSetTests" time="0">
    <error message="Could not initialize class org.springframework.data.redis.test.util.MinimumRedisVersionRule" type="java.lang.NoClassDefFoundError"><![CDATA[java.lang.NoClassDefFoundError: Could not initialize class org.springframework.data.redis.test.util.MinimumRedisVersionRule
	at org.springframework.data.redis.support.collections.RedisZSetTests.<init>(RedisZSetTests.java:38)
]]></error>
  </testcase>
  <testcase name="testContainsObject[19]" classname="org.springframework.data.redis.support.collections.RedisZSetTests" time="0">
    <error message="Could not initialize class org.springframework.data.redis.test.util.MinimumRedisVersionRule" type="java.lang.NoClassDefFoundError"><![CDATA[java.lang.NoClassDefFoundError: Could not initialize class org.springframework.data.redis.test.util.MinimumRedisVersionRule
	at org.springframework.data.redis.support.collections.RedisZSetTests.<init>(RedisZSetTests.java:38)
]]></error>
  </testcase>
  <testcase name="testClear[19]" classname="org.springframework.data.redis.support.collections.RedisZSetTests" time="0">
    <error message="Could not initialize class org.springframework.data.redis.test.util.MinimumRedisVersionRule" type="java.lang.NoClassDefFoundError"><![CDATA[java.lang.NoClassDefFoundError: Could not initialize class org.springframework.data.redis.test.util.MinimumRedisVersionRule
	at org.springframework.data.redis.support.collections.RedisZSetTests.<init>(RedisZSetTests.java:38)
]]></error>
  </testcase>
  <testcase name="testSize[19]" classname="org.springframework.data.redis.support.collections.RedisZSetTests" time="0">
    <error message="Could not initialize class org.springframework.data.redis.test.util.MinimumRedisVersionRule" type="java.lang.NoClassDefFoundError"><![CDATA[java.lang.NoClassDefFoundError: Could not initialize class org.springframework.data.redis.test.util.MinimumRedisVersionRule
	at org.springframework.data.redis.support.collections.RedisZSetTests.<init>(RedisZSetTests.java:38)
]]></error>
  </testcase>
  <testcase name="testToString[19]" classname="org.springframework.data.redis.support.collections.RedisZSetTests" time="0">
    <error message="Could not initialize class org.springframework.data.redis.test.util.MinimumRedisVersionRule" type="java.lang.NoClassDefFoundError"><![CDATA[java.lang.NoClassDefFoundError: Could not initialize class org.springframework.data.redis.test.util.MinimumRedisVersionRule
	at org.springframework.data.redis.support.collections.RedisZSetTests.<init>(RedisZSetTests.java:38)
]]></error>
  </testcase>
  <testcase name="testContainsAll[19]" classname="org.springframework.data.redis.support.collections.RedisZSetTests" time="0">
    <error message="Could not initialize class org.springframework.data.redis.test.util.MinimumRedisVersionRule" type="java.lang.NoClassDefFoundError"><![CDATA[java.lang.NoClassDefFoundError: Could not initialize class org.springframework.data.redis.test.util.MinimumRedisVersionRule
	at org.springframework.data.redis.support.collections.RedisZSetTests.<init>(RedisZSetTests.java:38)
]]></error>
  </testcase>
  <testcase name="testRemoveObject[19]" classname="org.springframework.data.redis.support.collections.RedisZSetTests" time="0">
    <error message="Could not initialize class org.springframework.data.redis.test.util.MinimumRedisVersionRule" type="java.lang.NoClassDefFoundError"><![CDATA[java.lang.NoClassDefFoundError: Could not initialize class org.springframework.data.redis.test.util.MinimumRedisVersionRule
	at org.springframework.data.redis.support.collections.RedisZSetTests.<init>(RedisZSetTests.java:38)
]]></error>
  </testcase>
  <testcase name="testHashCode[19]" classname="org.springframework.data.redis.support.collections.RedisZSetTests" time="0">
    <error message="Could not initialize class org.springframework.data.redis.test.util.MinimumRedisVersionRule" type="java.lang.NoClassDefFoundError"><![CDATA[java.lang.NoClassDefFoundError: Could not initialize class org.springframework.data.redis.test.util.MinimumRedisVersionRule
	at org.springframework.data.redis.support.collections.RedisZSetTests.<init>(RedisZSetTests.java:38)
]]></error>
  </testcase>
  <testcase name="testAddAll[19]" classname="org.springframework.data.redis.support.collections.RedisZSetTests" time="0">
    <error message="Could not initialize class org.springframework.data.redis.test.util.MinimumRedisVersionRule" type="java.lang.NoClassDefFoundError"><![CDATA[java.lang.NoClassDefFoundError: Could not initialize class org.springframework.data.redis.test.util.MinimumRedisVersionRule
	at org.springframework.data.redis.support.collections.RedisZSetTests.<init>(RedisZSetTests.java:38)
]]></error>
  </testcase>
  <testcase name="removeAll[19]" classname="org.springframework.data.redis.support.collections.RedisZSetTests" time="0">
    <error message="Could not initialize class org.springframework.data.redis.test.util.MinimumRedisVersionRule" type="java.lang.NoClassDefFoundError"><![CDATA[java.lang.NoClassDefFoundError: Could not initialize class org.springframework.data.redis.test.util.MinimumRedisVersionRule
	at org.springframework.data.redis.support.collections.RedisZSetTests.<init>(RedisZSetTests.java:38)
]]></error>
  </testcase>
  <testcase name="testEquals[19]" classname="org.springframework.data.redis.support.collections.RedisZSetTests" time="0">
    <error message="Could not initialize class org.springframework.data.redis.test.util.MinimumRedisVersionRule" type="java.lang.NoClassDefFoundError"><![CDATA[java.lang.NoClassDefFoundError: Could not initialize class org.springframework.data.redis.test.util.MinimumRedisVersionRule
	at org.springframework.data.redis.support.collections.RedisZSetTests.<init>(RedisZSetTests.java:38)
]]></error>
  </testcase>
  <testcase name="testGetKey[19]" classname="org.springframework.data.redis.support.collections.RedisZSetTests" time="0">
    <error message="Could not initialize class org.springframework.data.redis.test.util.MinimumRedisVersionRule" type="java.lang.NoClassDefFoundError"><![CDATA[java.lang.NoClassDefFoundError: Could not initialize class org.springframework.data.redis.test.util.MinimumRedisVersionRule
	at org.springframework.data.redis.support.collections.RedisZSetTests.<init>(RedisZSetTests.java:38)
]]></error>
  </testcase>
  <testcase name="testIsEmpty[19]" classname="org.springframework.data.redis.support.collections.RedisZSetTests" time="0">
    <error message="Could not initialize class org.springframework.data.redis.test.util.MinimumRedisVersionRule" type="java.lang.NoClassDefFoundError"><![CDATA[java.lang.NoClassDefFoundError: Could not initialize class org.springframework.data.redis.test.util.MinimumRedisVersionRule
	at org.springframework.data.redis.support.collections.RedisZSetTests.<init>(RedisZSetTests.java:38)
]]></error>
  </testcase>
  <testcase name="testToArray[20]" classname="org.springframework.data.redis.support.collections.RedisZSetTests" time="0">
    <error message="Could not initialize class org.springframework.data.redis.test.util.MinimumRedisVersionRule" type="java.lang.NoClassDefFoundError"><![CDATA[java.lang.NoClassDefFoundError: Could not initialize class org.springframework.data.redis.test.util.MinimumRedisVersionRule
	at org.springframework.data.redis.support.collections.RedisZSetTests.<init>(RedisZSetTests.java:38)
]]></error>
  </testcase>
  <testcase name="testAdd[20]" classname="org.springframework.data.redis.support.collections.RedisZSetTests" time="0">
    <error message="Could not initialize class org.springframework.data.redis.test.util.MinimumRedisVersionRule" type="java.lang.NoClassDefFoundError"><![CDATA[java.lang.NoClassDefFoundError: Could not initialize class org.springframework.data.redis.test.util.MinimumRedisVersionRule
	at org.springframework.data.redis.support.collections.RedisZSetTests.<init>(RedisZSetTests.java:38)
]]></error>
  </testcase>
  <testcase name="testFirst[20]" classname="org.springframework.data.redis.support.collections.RedisZSetTests" time="0">
    <error message="Could not initialize class org.springframework.data.redis.test.util.MinimumRedisVersionRule" type="java.lang.NoClassDefFoundError"><![CDATA[java.lang.NoClassDefFoundError: Could not initialize class org.springframework.data.redis.test.util.MinimumRedisVersionRule
	at org.springframework.data.redis.support.collections.RedisZSetTests.<init>(RedisZSetTests.java:38)
]]></error>
  </testcase>
  <testcase name="testRange[20]" classname="org.springframework.data.redis.support.collections.RedisZSetTests" time="0">
    <error message="Could not initialize class org.springframework.data.redis.test.util.MinimumRedisVersionRule" type="java.lang.NoClassDefFoundError"><![CDATA[java.lang.NoClassDefFoundError: Could not initialize class org.springframework.data.redis.test.util.MinimumRedisVersionRule
	at org.springframework.data.redis.support.collections.RedisZSetTests.<init>(RedisZSetTests.java:38)
]]></error>
  </testcase>
  <testcase name="testScore[20]" classname="org.springframework.data.redis.support.collections.RedisZSetTests" time="0">
    <error message="Could not initialize class org.springframework.data.redis.test.util.MinimumRedisVersionRule" type="java.lang.NoClassDefFoundError"><![CDATA[java.lang.NoClassDefFoundError: Could not initialize class org.springframework.data.redis.test.util.MinimumRedisVersionRule
	at org.springframework.data.redis.support.collections.RedisZSetTests.<init>(RedisZSetTests.java:38)
]]></error>
  </testcase>
  <testcase name="testLast[20]" classname="org.springframework.data.redis.support.collections.RedisZSetTests" time="0.001">
    <error message="Could not initialize class org.springframework.data.redis.test.util.MinimumRedisVersionRule" type="java.lang.NoClassDefFoundError"><![CDATA[java.lang.NoClassDefFoundError: Could not initialize class org.springframework.data.redis.test.util.MinimumRedisVersionRule
	at org.springframework.data.redis.support.collections.RedisZSetTests.<init>(RedisZSetTests.java:38)
]]></error>
  </testcase>
  <testcase name="testRank[20]" classname="org.springframework.data.redis.support.collections.RedisZSetTests" time="0">
    <error message="Could not initialize class org.springframework.data.redis.test.util.MinimumRedisVersionRule" type="java.lang.NoClassDefFoundError"><![CDATA[java.lang.NoClassDefFoundError: Could not initialize class org.springframework.data.redis.test.util.MinimumRedisVersionRule
	at org.springframework.data.redis.support.collections.RedisZSetTests.<init>(RedisZSetTests.java:38)
]]></error>
  </testcase>
  <testcase name="testRemoveByScore[20]" classname="org.springframework.data.redis.support.collections.RedisZSetTests" time="0">
    <error message="Could not initialize class org.springframework.data.redis.test.util.MinimumRedisVersionRule" type="java.lang.NoClassDefFoundError"><![CDATA[java.lang.NoClassDefFoundError: Could not initialize class org.springframework.data.redis.test.util.MinimumRedisVersionRule
	at org.springframework.data.redis.support.collections.RedisZSetTests.<init>(RedisZSetTests.java:38)
]]></error>
  </testcase>
  <testcase name="testRangeWithScores[20]" classname="org.springframework.data.redis.support.collections.RedisZSetTests" time="0">
    <error message="Could not initialize class org.springframework.data.redis.test.util.MinimumRedisVersionRule" type="java.lang.NoClassDefFoundError"><![CDATA[java.lang.NoClassDefFoundError: Could not initialize class org.springframework.data.redis.test.util.MinimumRedisVersionRule
	at org.springframework.data.redis.support.collections.RedisZSetTests.<init>(RedisZSetTests.java:38)
]]></error>
  </testcase>
  <testcase name="testRangeByLexUnbounded[20]" classname="org.springframework.data.redis.support.collections.RedisZSetTests" time="0">
    <error message="Could not initialize class org.springframework.data.redis.test.util.MinimumRedisVersionRule" type="java.lang.NoClassDefFoundError"><![CDATA[java.lang.NoClassDefFoundError: Could not initialize class org.springframework.data.redis.test.util.MinimumRedisVersionRule
	at org.springframework.data.redis.support.collections.RedisZSetTests.<init>(RedisZSetTests.java:38)
]]></error>
  </testcase>
  <testcase name="testRangeByLexBounded[20]" classname="org.springframework.data.redis.support.collections.RedisZSetTests" time="0">
    <error message="Could not initialize class org.springframework.data.redis.test.util.MinimumRedisVersionRule" type="java.lang.NoClassDefFoundError"><![CDATA[java.lang.NoClassDefFoundError: Could not initialize class org.springframework.data.redis.test.util.MinimumRedisVersionRule
	at org.springframework.data.redis.support.collections.RedisZSetTests.<init>(RedisZSetTests.java:38)
]]></error>
  </testcase>
  <testcase name="testScanWorksCorrectly[20]" classname="org.springframework.data.redis.support.collections.RedisZSetTests" time="0">
    <error message="Could not initialize class org.springframework.data.redis.test.util.MinimumRedisVersionRule" type="java.lang.NoClassDefFoundError"><![CDATA[java.lang.NoClassDefFoundError: Could not initialize class org.springframework.data.redis.test.util.MinimumRedisVersionRule
	at org.springframework.data.redis.support.collections.RedisZSetTests.<init>(RedisZSetTests.java:38)
]]></error>
  </testcase>
  <testcase name="testRangeByScoreWithScores[20]" classname="org.springframework.data.redis.support.collections.RedisZSetTests" time="0">
    <error message="Could not initialize class org.springframework.data.redis.test.util.MinimumRedisVersionRule" type="java.lang.NoClassDefFoundError"><![CDATA[java.lang.NoClassDefFoundError: Could not initialize class org.springframework.data.redis.test.util.MinimumRedisVersionRule
	at org.springframework.data.redis.support.collections.RedisZSetTests.<init>(RedisZSetTests.java:38)
]]></error>
  </testcase>
  <testcase name="testDefaultScore[20]" classname="org.springframework.data.redis.support.collections.RedisZSetTests" time="0">
    <error message="Could not initialize class org.springframework.data.redis.test.util.MinimumRedisVersionRule" type="java.lang.NoClassDefFoundError"><![CDATA[java.lang.NoClassDefFoundError: Could not initialize class org.springframework.data.redis.test.util.MinimumRedisVersionRule
	at org.springframework.data.redis.support.collections.RedisZSetTests.<init>(RedisZSetTests.java:38)
]]></error>
  </testcase>
  <testcase name="testRangeByScore[20]" classname="org.springframework.data.redis.support.collections.RedisZSetTests" time="0">
    <error message="Could not initialize class org.springframework.data.redis.test.util.MinimumRedisVersionRule" type="java.lang.NoClassDefFoundError"><![CDATA[java.lang.NoClassDefFoundError: Could not initialize class org.springframework.data.redis.test.util.MinimumRedisVersionRule
	at org.springframework.data.redis.support.collections.RedisZSetTests.<init>(RedisZSetTests.java:38)
]]></error>
  </testcase>
  <testcase name="testIntersectAndStore[20]" classname="org.springframework.data.redis.support.collections.RedisZSetTests" time="0.001">
    <error message="Could not initialize class org.springframework.data.redis.test.util.MinimumRedisVersionRule" type="java.lang.NoClassDefFoundError"><![CDATA[java.lang.NoClassDefFoundError: Could not initialize class org.springframework.data.redis.test.util.MinimumRedisVersionRule
	at org.springframework.data.redis.support.collections.RedisZSetTests.<init>(RedisZSetTests.java:38)
]]></error>
  </testcase>
  <testcase name="testReverseRank[20]" classname="org.springframework.data.redis.support.collections.RedisZSetTests" time="0">
    <error message="Could not initialize class org.springframework.data.redis.test.util.MinimumRedisVersionRule" type="java.lang.NoClassDefFoundError"><![CDATA[java.lang.NoClassDefFoundError: Could not initialize class org.springframework.data.redis.test.util.MinimumRedisVersionRule
	at org.springframework.data.redis.support.collections.RedisZSetTests.<init>(RedisZSetTests.java:38)
]]></error>
  </testcase>
  <testcase name="testReverseRangeWithScores[20]" classname="org.springframework.data.redis.support.collections.RedisZSetTests" time="0">
    <error message="Could not initialize class org.springframework.data.redis.test.util.MinimumRedisVersionRule" type="java.lang.NoClassDefFoundError"><![CDATA[java.lang.NoClassDefFoundError: Could not initialize class org.springframework.data.redis.test.util.MinimumRedisVersionRule
	at org.springframework.data.redis.support.collections.RedisZSetTests.<init>(RedisZSetTests.java:38)
]]></error>
  </testcase>
  <testcase name="testReverseRange[20]" classname="org.springframework.data.redis.support.collections.RedisZSetTests" time="0">
    <error message="Could not initialize class org.springframework.data.redis.test.util.MinimumRedisVersionRule" type="java.lang.NoClassDefFoundError"><![CDATA[java.lang.NoClassDefFoundError: Could not initialize class org.springframework.data.redis.test.util.MinimumRedisVersionRule
	at org.springframework.data.redis.support.collections.RedisZSetTests.<init>(RedisZSetTests.java:38)
]]></error>
  </testcase>
  <testcase name="testUnionAndStore[20]" classname="org.springframework.data.redis.support.collections.RedisZSetTests" time="0">
    <error message="Could not initialize class org.springframework.data.redis.test.util.MinimumRedisVersionRule" type="java.lang.NoClassDefFoundError"><![CDATA[java.lang.NoClassDefFoundError: Could not initialize class org.springframework.data.redis.test.util.MinimumRedisVersionRule
	at org.springframework.data.redis.support.collections.RedisZSetTests.<init>(RedisZSetTests.java:38)
]]></error>
  </testcase>
  <testcase name="testRangeByLexUnboundedWithLimit[20]" classname="org.springframework.data.redis.support.collections.RedisZSetTests" time="0">
    <error message="Could not initialize class org.springframework.data.redis.test.util.MinimumRedisVersionRule" type="java.lang.NoClassDefFoundError"><![CDATA[java.lang.NoClassDefFoundError: Could not initialize class org.springframework.data.redis.test.util.MinimumRedisVersionRule
	at org.springframework.data.redis.support.collections.RedisZSetTests.<init>(RedisZSetTests.java:38)
]]></error>
  </testcase>
  <testcase name="testReverseRangeByScoreWithScores[20]" classname="org.springframework.data.redis.support.collections.RedisZSetTests" time="0">
    <error message="Could not initialize class org.springframework.data.redis.test.util.MinimumRedisVersionRule" type="java.lang.NoClassDefFoundError"><![CDATA[java.lang.NoClassDefFoundError: Could not initialize class org.springframework.data.redis.test.util.MinimumRedisVersionRule
	at org.springframework.data.redis.support.collections.RedisZSetTests.<init>(RedisZSetTests.java:38)
]]></error>
  </testcase>
  <testcase name="testToArrayWithGenerics[20]" classname="org.springframework.data.redis.support.collections.RedisZSetTests" time="0">
    <error message="Could not initialize class org.springframework.data.redis.test.util.MinimumRedisVersionRule" type="java.lang.NoClassDefFoundError"><![CDATA[java.lang.NoClassDefFoundError: Could not initialize class org.springframework.data.redis.test.util.MinimumRedisVersionRule
	at org.springframework.data.redis.support.collections.RedisZSetTests.<init>(RedisZSetTests.java:38)
]]></error>
  </testcase>
  <testcase name="testFirstException[20]" classname="org.springframework.data.redis.support.collections.RedisZSetTests" time="0">
    <error message="Could not initialize class org.springframework.data.redis.test.util.MinimumRedisVersionRule" type="java.lang.NoClassDefFoundError"><![CDATA[java.lang.NoClassDefFoundError: Could not initialize class org.springframework.data.redis.test.util.MinimumRedisVersionRule
	at org.springframework.data.redis.support.collections.RedisZSetTests.<init>(RedisZSetTests.java:38)
]]></error>
  </testcase>
  <testcase name="testLastException[20]" classname="org.springframework.data.redis.support.collections.RedisZSetTests" time="0">
    <error message="Could not initialize class org.springframework.data.redis.test.util.MinimumRedisVersionRule" type="java.lang.NoClassDefFoundError"><![CDATA[java.lang.NoClassDefFoundError: Could not initialize class org.springframework.data.redis.test.util.MinimumRedisVersionRule
	at org.springframework.data.redis.support.collections.RedisZSetTests.<init>(RedisZSetTests.java:38)
]]></error>
  </testcase>
  <testcase name="testRemove[20]" classname="org.springframework.data.redis.support.collections.RedisZSetTests" time="0.001">
    <error message="Could not initialize class org.springframework.data.redis.test.util.MinimumRedisVersionRule" type="java.lang.NoClassDefFoundError"><![CDATA[java.lang.NoClassDefFoundError: Could not initialize class org.springframework.data.redis.test.util.MinimumRedisVersionRule
	at org.springframework.data.redis.support.collections.RedisZSetTests.<init>(RedisZSetTests.java:38)
]]></error>
  </testcase>
  <testcase name="testAddWithScore[20]" classname="org.springframework.data.redis.support.collections.RedisZSetTests" time="0">
    <error message="Could not initialize class org.springframework.data.redis.test.util.MinimumRedisVersionRule" type="java.lang.NoClassDefFoundError"><![CDATA[java.lang.NoClassDefFoundError: Could not initialize class org.springframework.data.redis.test.util.MinimumRedisVersionRule
	at org.springframework.data.redis.support.collections.RedisZSetTests.<init>(RedisZSetTests.java:38)
]]></error>
  </testcase>
  <testcase name="testIterator[20]" classname="org.springframework.data.redis.support.collections.RedisZSetTests" time="0">
    <error message="Could not initialize class org.springframework.data.redis.test.util.MinimumRedisVersionRule" type="java.lang.NoClassDefFoundError"><![CDATA[java.lang.NoClassDefFoundError: Could not initialize class org.springframework.data.redis.test.util.MinimumRedisVersionRule
	at org.springframework.data.redis.support.collections.RedisZSetTests.<init>(RedisZSetTests.java:38)
]]></error>
  </testcase>
  <testcase name="testReverseRangeByScore[20]" classname="org.springframework.data.redis.support.collections.RedisZSetTests" time="0">
    <error message="Could not initialize class org.springframework.data.redis.test.util.MinimumRedisVersionRule" type="java.lang.NoClassDefFoundError"><![CDATA[java.lang.NoClassDefFoundError: Could not initialize class org.springframework.data.redis.test.util.MinimumRedisVersionRule
	at org.springframework.data.redis.support.collections.RedisZSetTests.<init>(RedisZSetTests.java:38)
]]></error>
  </testcase>
  <testcase name="testRangeByLexBoundedWithLimit[20]" classname="org.springframework.data.redis.support.collections.RedisZSetTests" time="0">
    <error message="Could not initialize class org.springframework.data.redis.test.util.MinimumRedisVersionRule" type="java.lang.NoClassDefFoundError"><![CDATA[java.lang.NoClassDefFoundError: Could not initialize class org.springframework.data.redis.test.util.MinimumRedisVersionRule
	at org.springframework.data.redis.support.collections.RedisZSetTests.<init>(RedisZSetTests.java:38)
]]></error>
  </testcase>
  <testcase name="testContainsObject[20]" classname="org.springframework.data.redis.support.collections.RedisZSetTests" time="0">
    <error message="Could not initialize class org.springframework.data.redis.test.util.MinimumRedisVersionRule" type="java.lang.NoClassDefFoundError"><![CDATA[java.lang.NoClassDefFoundError: Could not initialize class org.springframework.data.redis.test.util.MinimumRedisVersionRule
	at org.springframework.data.redis.support.collections.RedisZSetTests.<init>(RedisZSetTests.java:38)
]]></error>
  </testcase>
  <testcase name="testClear[20]" classname="org.springframework.data.redis.support.collections.RedisZSetTests" time="0">
    <error message="Could not initialize class org.springframework.data.redis.test.util.MinimumRedisVersionRule" type="java.lang.NoClassDefFoundError"><![CDATA[java.lang.NoClassDefFoundError: Could not initialize class org.springframework.data.redis.test.util.MinimumRedisVersionRule
	at org.springframework.data.redis.support.collections.RedisZSetTests.<init>(RedisZSetTests.java:38)
]]></error>
  </testcase>
  <testcase name="testSize[20]" classname="org.springframework.data.redis.support.collections.RedisZSetTests" time="0">
    <error message="Could not initialize class org.springframework.data.redis.test.util.MinimumRedisVersionRule" type="java.lang.NoClassDefFoundError"><![CDATA[java.lang.NoClassDefFoundError: Could not initialize class org.springframework.data.redis.test.util.MinimumRedisVersionRule
	at org.springframework.data.redis.support.collections.RedisZSetTests.<init>(RedisZSetTests.java:38)
]]></error>
  </testcase>
  <testcase name="testToString[20]" classname="org.springframework.data.redis.support.collections.RedisZSetTests" time="0">
    <error message="Could not initialize class org.springframework.data.redis.test.util.MinimumRedisVersionRule" type="java.lang.NoClassDefFoundError"><![CDATA[java.lang.NoClassDefFoundError: Could not initialize class org.springframework.data.redis.test.util.MinimumRedisVersionRule
	at org.springframework.data.redis.support.collections.RedisZSetTests.<init>(RedisZSetTests.java:38)
]]></error>
  </testcase>
  <testcase name="testContainsAll[20]" classname="org.springframework.data.redis.support.collections.RedisZSetTests" time="0">
    <error message="Could not initialize class org.springframework.data.redis.test.util.MinimumRedisVersionRule" type="java.lang.NoClassDefFoundError"><![CDATA[java.lang.NoClassDefFoundError: Could not initialize class org.springframework.data.redis.test.util.MinimumRedisVersionRule
	at org.springframework.data.redis.support.collections.RedisZSetTests.<init>(RedisZSetTests.java:38)
]]></error>
  </testcase>
  <testcase name="testRemoveObject[20]" classname="org.springframework.data.redis.support.collections.RedisZSetTests" time="0.001">
    <error message="Could not initialize class org.springframework.data.redis.test.util.MinimumRedisVersionRule" type="java.lang.NoClassDefFoundError"><![CDATA[java.lang.NoClassDefFoundError: Could not initialize class org.springframework.data.redis.test.util.MinimumRedisVersionRule
	at org.springframework.data.redis.support.collections.RedisZSetTests.<init>(RedisZSetTests.java:38)
]]></error>
  </testcase>
  <testcase name="testHashCode[20]" classname="org.springframework.data.redis.support.collections.RedisZSetTests" time="0">
    <error message="Could not initialize class org.springframework.data.redis.test.util.MinimumRedisVersionRule" type="java.lang.NoClassDefFoundError"><![CDATA[java.lang.NoClassDefFoundError: Could not initialize class org.springframework.data.redis.test.util.MinimumRedisVersionRule
	at org.springframework.data.redis.support.collections.RedisZSetTests.<init>(RedisZSetTests.java:38)
]]></error>
  </testcase>
  <testcase name="testAddAll[20]" classname="org.springframework.data.redis.support.collections.RedisZSetTests" time="0">
    <error message="Could not initialize class org.springframework.data.redis.test.util.MinimumRedisVersionRule" type="java.lang.NoClassDefFoundError"><![CDATA[java.lang.NoClassDefFoundError: Could not initialize class org.springframework.data.redis.test.util.MinimumRedisVersionRule
	at org.springframework.data.redis.support.collections.RedisZSetTests.<init>(RedisZSetTests.java:38)
]]></error>
  </testcase>
  <testcase name="removeAll[20]" classname="org.springframework.data.redis.support.collections.RedisZSetTests" time="0">
    <error message="Could not initialize class org.springframework.data.redis.test.util.MinimumRedisVersionRule" type="java.lang.NoClassDefFoundError"><![CDATA[java.lang.NoClassDefFoundError: Could not initialize class org.springframework.data.redis.test.util.MinimumRedisVersionRule
	at org.springframework.data.redis.support.collections.RedisZSetTests.<init>(RedisZSetTests.java:38)
]]></error>
  </testcase>
  <testcase name="testEquals[20]" classname="org.springframework.data.redis.support.collections.RedisZSetTests" time="0">
    <error message="Could not initialize class org.springframework.data.redis.test.util.MinimumRedisVersionRule" type="java.lang.NoClassDefFoundError"><![CDATA[java.lang.NoClassDefFoundError: Could not initialize class org.springframework.data.redis.test.util.MinimumRedisVersionRule
	at org.springframework.data.redis.support.collections.RedisZSetTests.<init>(RedisZSetTests.java:38)
]]></error>
  </testcase>
  <testcase name="testGetKey[20]" classname="org.springframework.data.redis.support.collections.RedisZSetTests" time="0">
    <error message="Could not initialize class org.springframework.data.redis.test.util.MinimumRedisVersionRule" type="java.lang.NoClassDefFoundError"><![CDATA[java.lang.NoClassDefFoundError: Could not initialize class org.springframework.data.redis.test.util.MinimumRedisVersionRule
	at org.springframework.data.redis.support.collections.RedisZSetTests.<init>(RedisZSetTests.java:38)
]]></error>
  </testcase>
  <testcase name="testIsEmpty[20]" classname="org.springframework.data.redis.support.collections.RedisZSetTests" time="0">
    <error message="Could not initialize class org.springframework.data.redis.test.util.MinimumRedisVersionRule" type="java.lang.NoClassDefFoundError"><![CDATA[java.lang.NoClassDefFoundError: Could not initialize class org.springframework.data.redis.test.util.MinimumRedisVersionRule
	at org.springframework.data.redis.support.collections.RedisZSetTests.<init>(RedisZSetTests.java:38)
]]></error>
  </testcase>
  <testcase name="testToArray[21]" classname="org.springframework.data.redis.support.collections.RedisZSetTests" time="0">
    <error message="Could not initialize class org.springframework.data.redis.test.util.MinimumRedisVersionRule" type="java.lang.NoClassDefFoundError"><![CDATA[java.lang.NoClassDefFoundError: Could not initialize class org.springframework.data.redis.test.util.MinimumRedisVersionRule
	at org.springframework.data.redis.support.collections.RedisZSetTests.<init>(RedisZSetTests.java:38)
]]></error>
  </testcase>
  <testcase name="testAdd[21]" classname="org.springframework.data.redis.support.collections.RedisZSetTests" time="0">
    <error message="Could not initialize class org.springframework.data.redis.test.util.MinimumRedisVersionRule" type="java.lang.NoClassDefFoundError"><![CDATA[java.lang.NoClassDefFoundError: Could not initialize class org.springframework.data.redis.test.util.MinimumRedisVersionRule
	at org.springframework.data.redis.support.collections.RedisZSetTests.<init>(RedisZSetTests.java:38)
]]></error>
  </testcase>
  <testcase name="testFirst[21]" classname="org.springframework.data.redis.support.collections.RedisZSetTests" time="0">
    <error message="Could not initialize class org.springframework.data.redis.test.util.MinimumRedisVersionRule" type="java.lang.NoClassDefFoundError"><![CDATA[java.lang.NoClassDefFoundError: Could not initialize class org.springframework.data.redis.test.util.MinimumRedisVersionRule
	at org.springframework.data.redis.support.collections.RedisZSetTests.<init>(RedisZSetTests.java:38)
]]></error>
  </testcase>
  <testcase name="testRange[21]" classname="org.springframework.data.redis.support.collections.RedisZSetTests" time="0.001">
    <error message="Could not initialize class org.springframework.data.redis.test.util.MinimumRedisVersionRule" type="java.lang.NoClassDefFoundError"><![CDATA[java.lang.NoClassDefFoundError: Could not initialize class org.springframework.data.redis.test.util.MinimumRedisVersionRule
	at org.springframework.data.redis.support.collections.RedisZSetTests.<init>(RedisZSetTests.java:38)
]]></error>
  </testcase>
  <testcase name="testScore[21]" classname="org.springframework.data.redis.support.collections.RedisZSetTests" time="0">
    <error message="Could not initialize class org.springframework.data.redis.test.util.MinimumRedisVersionRule" type="java.lang.NoClassDefFoundError"><![CDATA[java.lang.NoClassDefFoundError: Could not initialize class org.springframework.data.redis.test.util.MinimumRedisVersionRule
	at org.springframework.data.redis.support.collections.RedisZSetTests.<init>(RedisZSetTests.java:38)
]]></error>
  </testcase>
  <testcase name="testLast[21]" classname="org.springframework.data.redis.support.collections.RedisZSetTests" time="0">
    <error message="Could not initialize class org.springframework.data.redis.test.util.MinimumRedisVersionRule" type="java.lang.NoClassDefFoundError"><![CDATA[java.lang.NoClassDefFoundError: Could not initialize class org.springframework.data.redis.test.util.MinimumRedisVersionRule
	at org.springframework.data.redis.support.collections.RedisZSetTests.<init>(RedisZSetTests.java:38)
]]></error>
  </testcase>
  <testcase name="testRank[21]" classname="org.springframework.data.redis.support.collections.RedisZSetTests" time="0">
    <error message="Could not initialize class org.springframework.data.redis.test.util.MinimumRedisVersionRule" type="java.lang.NoClassDefFoundError"><![CDATA[java.lang.NoClassDefFoundError: Could not initialize class org.springframework.data.redis.test.util.MinimumRedisVersionRule
	at org.springframework.data.redis.support.collections.RedisZSetTests.<init>(RedisZSetTests.java:38)
]]></error>
  </testcase>
  <testcase name="testRemoveByScore[21]" classname="org.springframework.data.redis.support.collections.RedisZSetTests" time="0">
    <error message="Could not initialize class org.springframework.data.redis.test.util.MinimumRedisVersionRule" type="java.lang.NoClassDefFoundError"><![CDATA[java.lang.NoClassDefFoundError: Could not initialize class org.springframework.data.redis.test.util.MinimumRedisVersionRule
	at org.springframework.data.redis.support.collections.RedisZSetTests.<init>(RedisZSetTests.java:38)
]]></error>
  </testcase>
  <testcase name="testRangeWithScores[21]" classname="org.springframework.data.redis.support.collections.RedisZSetTests" time="0">
    <error message="Could not initialize class org.springframework.data.redis.test.util.MinimumRedisVersionRule" type="java.lang.NoClassDefFoundError"><![CDATA[java.lang.NoClassDefFoundError: Could not initialize class org.springframework.data.redis.test.util.MinimumRedisVersionRule
	at org.springframework.data.redis.support.collections.RedisZSetTests.<init>(RedisZSetTests.java:38)
]]></error>
  </testcase>
  <testcase name="testRangeByLexUnbounded[21]" classname="org.springframework.data.redis.support.collections.RedisZSetTests" time="0">
    <error message="Could not initialize class org.springframework.data.redis.test.util.MinimumRedisVersionRule" type="java.lang.NoClassDefFoundError"><![CDATA[java.lang.NoClassDefFoundError: Could not initialize class org.springframework.data.redis.test.util.MinimumRedisVersionRule
	at org.springframework.data.redis.support.collections.RedisZSetTests.<init>(RedisZSetTests.java:38)
]]></error>
  </testcase>
  <testcase name="testRangeByLexBounded[21]" classname="org.springframework.data.redis.support.collections.RedisZSetTests" time="0">
    <error message="Could not initialize class org.springframework.data.redis.test.util.MinimumRedisVersionRule" type="java.lang.NoClassDefFoundError"><![CDATA[java.lang.NoClassDefFoundError: Could not initialize class org.springframework.data.redis.test.util.MinimumRedisVersionRule
	at org.springframework.data.redis.support.collections.RedisZSetTests.<init>(RedisZSetTests.java:38)
]]></error>
  </testcase>
  <testcase name="testScanWorksCorrectly[21]" classname="org.springframework.data.redis.support.collections.RedisZSetTests" time="0">
    <error message="Could not initialize class org.springframework.data.redis.test.util.MinimumRedisVersionRule" type="java.lang.NoClassDefFoundError"><![CDATA[java.lang.NoClassDefFoundError: Could not initialize class org.springframework.data.redis.test.util.MinimumRedisVersionRule
	at org.springframework.data.redis.support.collections.RedisZSetTests.<init>(RedisZSetTests.java:38)
]]></error>
  </testcase>
  <testcase name="testRangeByScoreWithScores[21]" classname="org.springframework.data.redis.support.collections.RedisZSetTests" time="0">
    <error message="Could not initialize class org.springframework.data.redis.test.util.MinimumRedisVersionRule" type="java.lang.NoClassDefFoundError"><![CDATA[java.lang.NoClassDefFoundError: Could not initialize class org.springframework.data.redis.test.util.MinimumRedisVersionRule
	at org.springframework.data.redis.support.collections.RedisZSetTests.<init>(RedisZSetTests.java:38)
]]></error>
  </testcase>
  <testcase name="testDefaultScore[21]" classname="org.springframework.data.redis.support.collections.RedisZSetTests" time="0">
    <error message="Could not initialize class org.springframework.data.redis.test.util.MinimumRedisVersionRule" type="java.lang.NoClassDefFoundError"><![CDATA[java.lang.NoClassDefFoundError: Could not initialize class org.springframework.data.redis.test.util.MinimumRedisVersionRule
	at org.springframework.data.redis.support.collections.RedisZSetTests.<init>(RedisZSetTests.java:38)
]]></error>
  </testcase>
  <testcase name="testRangeByScore[21]" classname="org.springframework.data.redis.support.collections.RedisZSetTests" time="0">
    <error message="Could not initialize class org.springframework.data.redis.test.util.MinimumRedisVersionRule" type="java.lang.NoClassDefFoundError"><![CDATA[java.lang.NoClassDefFoundError: Could not initialize class org.springframework.data.redis.test.util.MinimumRedisVersionRule
	at org.springframework.data.redis.support.collections.RedisZSetTests.<init>(RedisZSetTests.java:38)
]]></error>
  </testcase>
  <testcase name="testIntersectAndStore[21]" classname="org.springframework.data.redis.support.collections.RedisZSetTests" time="0">
    <error message="Could not initialize class org.springframework.data.redis.test.util.MinimumRedisVersionRule" type="java.lang.NoClassDefFoundError"><![CDATA[java.lang.NoClassDefFoundError: Could not initialize class org.springframework.data.redis.test.util.MinimumRedisVersionRule
	at org.springframework.data.redis.support.collections.RedisZSetTests.<init>(RedisZSetTests.java:38)
]]></error>
  </testcase>
  <testcase name="testReverseRank[21]" classname="org.springframework.data.redis.support.collections.RedisZSetTests" time="0">
    <error message="Could not initialize class org.springframework.data.redis.test.util.MinimumRedisVersionRule" type="java.lang.NoClassDefFoundError"><![CDATA[java.lang.NoClassDefFoundError: Could not initialize class org.springframework.data.redis.test.util.MinimumRedisVersionRule
	at org.springframework.data.redis.support.collections.RedisZSetTests.<init>(RedisZSetTests.java:38)
]]></error>
  </testcase>
  <testcase name="testReverseRangeWithScores[21]" classname="org.springframework.data.redis.support.collections.RedisZSetTests" time="0">
    <error message="Could not initialize class org.springframework.data.redis.test.util.MinimumRedisVersionRule" type="java.lang.NoClassDefFoundError"><![CDATA[java.lang.NoClassDefFoundError: Could not initialize class org.springframework.data.redis.test.util.MinimumRedisVersionRule
	at org.springframework.data.redis.support.collections.RedisZSetTests.<init>(RedisZSetTests.java:38)
]]></error>
  </testcase>
  <testcase name="testReverseRange[21]" classname="org.springframework.data.redis.support.collections.RedisZSetTests" time="0">
    <error message="Could not initialize class org.springframework.data.redis.test.util.MinimumRedisVersionRule" type="java.lang.NoClassDefFoundError"><![CDATA[java.lang.NoClassDefFoundError: Could not initialize class org.springframework.data.redis.test.util.MinimumRedisVersionRule
	at org.springframework.data.redis.support.collections.RedisZSetTests.<init>(RedisZSetTests.java:38)
]]></error>
  </testcase>
  <testcase name="testUnionAndStore[21]" classname="org.springframework.data.redis.support.collections.RedisZSetTests" time="0">
    <error message="Could not initialize class org.springframework.data.redis.test.util.MinimumRedisVersionRule" type="java.lang.NoClassDefFoundError"><![CDATA[java.lang.NoClassDefFoundError: Could not initialize class org.springframework.data.redis.test.util.MinimumRedisVersionRule
	at org.springframework.data.redis.support.collections.RedisZSetTests.<init>(RedisZSetTests.java:38)
]]></error>
  </testcase>
  <testcase name="testRangeByLexUnboundedWithLimit[21]" classname="org.springframework.data.redis.support.collections.RedisZSetTests" time="0">
    <error message="Could not initialize class org.springframework.data.redis.test.util.MinimumRedisVersionRule" type="java.lang.NoClassDefFoundError"><![CDATA[java.lang.NoClassDefFoundError: Could not initialize class org.springframework.data.redis.test.util.MinimumRedisVersionRule
	at org.springframework.data.redis.support.collections.RedisZSetTests.<init>(RedisZSetTests.java:38)
]]></error>
  </testcase>
  <testcase name="testReverseRangeByScoreWithScores[21]" classname="org.springframework.data.redis.support.collections.RedisZSetTests" time="0">
    <error message="Could not initialize class org.springframework.data.redis.test.util.MinimumRedisVersionRule" type="java.lang.NoClassDefFoundError"><![CDATA[java.lang.NoClassDefFoundError: Could not initialize class org.springframework.data.redis.test.util.MinimumRedisVersionRule
	at org.springframework.data.redis.support.collections.RedisZSetTests.<init>(RedisZSetTests.java:38)
]]></error>
  </testcase>
  <testcase name="testToArrayWithGenerics[21]" classname="org.springframework.data.redis.support.collections.RedisZSetTests" time="0">
    <error message="Could not initialize class org.springframework.data.redis.test.util.MinimumRedisVersionRule" type="java.lang.NoClassDefFoundError"><![CDATA[java.lang.NoClassDefFoundError: Could not initialize class org.springframework.data.redis.test.util.MinimumRedisVersionRule
	at org.springframework.data.redis.support.collections.RedisZSetTests.<init>(RedisZSetTests.java:38)
]]></error>
  </testcase>
  <testcase name="testFirstException[21]" classname="org.springframework.data.redis.support.collections.RedisZSetTests" time="0">
    <error message="Could not initialize class org.springframework.data.redis.test.util.MinimumRedisVersionRule" type="java.lang.NoClassDefFoundError"><![CDATA[java.lang.NoClassDefFoundError: Could not initialize class org.springframework.data.redis.test.util.MinimumRedisVersionRule
	at org.springframework.data.redis.support.collections.RedisZSetTests.<init>(RedisZSetTests.java:38)
]]></error>
  </testcase>
  <testcase name="testLastException[21]" classname="org.springframework.data.redis.support.collections.RedisZSetTests" time="0">
    <error message="Could not initialize class org.springframework.data.redis.test.util.MinimumRedisVersionRule" type="java.lang.NoClassDefFoundError"><![CDATA[java.lang.NoClassDefFoundError: Could not initialize class org.springframework.data.redis.test.util.MinimumRedisVersionRule
	at org.springframework.data.redis.support.collections.RedisZSetTests.<init>(RedisZSetTests.java:38)
]]></error>
  </testcase>
  <testcase name="testRemove[21]" classname="org.springframework.data.redis.support.collections.RedisZSetTests" time="0">
    <error message="Could not initialize class org.springframework.data.redis.test.util.MinimumRedisVersionRule" type="java.lang.NoClassDefFoundError"><![CDATA[java.lang.NoClassDefFoundError: Could not initialize class org.springframework.data.redis.test.util.MinimumRedisVersionRule
	at org.springframework.data.redis.support.collections.RedisZSetTests.<init>(RedisZSetTests.java:38)
]]></error>
  </testcase>
  <testcase name="testAddWithScore[21]" classname="org.springframework.data.redis.support.collections.RedisZSetTests" time="0">
    <error message="Could not initialize class org.springframework.data.redis.test.util.MinimumRedisVersionRule" type="java.lang.NoClassDefFoundError"><![CDATA[java.lang.NoClassDefFoundError: Could not initialize class org.springframework.data.redis.test.util.MinimumRedisVersionRule
	at org.springframework.data.redis.support.collections.RedisZSetTests.<init>(RedisZSetTests.java:38)
]]></error>
  </testcase>
  <testcase name="testIterator[21]" classname="org.springframework.data.redis.support.collections.RedisZSetTests" time="0">
    <error message="Could not initialize class org.springframework.data.redis.test.util.MinimumRedisVersionRule" type="java.lang.NoClassDefFoundError"><![CDATA[java.lang.NoClassDefFoundError: Could not initialize class org.springframework.data.redis.test.util.MinimumRedisVersionRule
	at org.springframework.data.redis.support.collections.RedisZSetTests.<init>(RedisZSetTests.java:38)
]]></error>
  </testcase>
  <testcase name="testReverseRangeByScore[21]" classname="org.springframework.data.redis.support.collections.RedisZSetTests" time="0">
    <error message="Could not initialize class org.springframework.data.redis.test.util.MinimumRedisVersionRule" type="java.lang.NoClassDefFoundError"><![CDATA[java.lang.NoClassDefFoundError: Could not initialize class org.springframework.data.redis.test.util.MinimumRedisVersionRule
	at org.springframework.data.redis.support.collections.RedisZSetTests.<init>(RedisZSetTests.java:38)
]]></error>
  </testcase>
  <testcase name="testRangeByLexBoundedWithLimit[21]" classname="org.springframework.data.redis.support.collections.RedisZSetTests" time="0">
    <error message="Could not initialize class org.springframework.data.redis.test.util.MinimumRedisVersionRule" type="java.lang.NoClassDefFoundError"><![CDATA[java.lang.NoClassDefFoundError: Could not initialize class org.springframework.data.redis.test.util.MinimumRedisVersionRule
	at org.springframework.data.redis.support.collections.RedisZSetTests.<init>(RedisZSetTests.java:38)
]]></error>
  </testcase>
  <testcase name="testContainsObject[21]" classname="org.springframework.data.redis.support.collections.RedisZSetTests" time="0">
    <error message="Could not initialize class org.springframework.data.redis.test.util.MinimumRedisVersionRule" type="java.lang.NoClassDefFoundError"><![CDATA[java.lang.NoClassDefFoundError: Could not initialize class org.springframework.data.redis.test.util.MinimumRedisVersionRule
	at org.springframework.data.redis.support.collections.RedisZSetTests.<init>(RedisZSetTests.java:38)
]]></error>
  </testcase>
  <testcase name="testClear[21]" classname="org.springframework.data.redis.support.collections.RedisZSetTests" time="0">
    <error message="Could not initialize class org.springframework.data.redis.test.util.MinimumRedisVersionRule" type="java.lang.NoClassDefFoundError"><![CDATA[java.lang.NoClassDefFoundError: Could not initialize class org.springframework.data.redis.test.util.MinimumRedisVersionRule
	at org.springframework.data.redis.support.collections.RedisZSetTests.<init>(RedisZSetTests.java:38)
]]></error>
  </testcase>
  <testcase name="testSize[21]" classname="org.springframework.data.redis.support.collections.RedisZSetTests" time="0">
    <error message="Could not initialize class org.springframework.data.redis.test.util.MinimumRedisVersionRule" type="java.lang.NoClassDefFoundError"><![CDATA[java.lang.NoClassDefFoundError: Could not initialize class org.springframework.data.redis.test.util.MinimumRedisVersionRule
	at org.springframework.data.redis.support.collections.RedisZSetTests.<init>(RedisZSetTests.java:38)
]]></error>
  </testcase>
  <testcase name="testToString[21]" classname="org.springframework.data.redis.support.collections.RedisZSetTests" time="0.001">
    <error message="Could not initialize class org.springframework.data.redis.test.util.MinimumRedisVersionRule" type="java.lang.NoClassDefFoundError"><![CDATA[java.lang.NoClassDefFoundError: Could not initialize class org.springframework.data.redis.test.util.MinimumRedisVersionRule
	at org.springframework.data.redis.support.collections.RedisZSetTests.<init>(RedisZSetTests.java:38)
]]></error>
  </testcase>
  <testcase name="testContainsAll[21]" classname="org.springframework.data.redis.support.collections.RedisZSetTests" time="0">
    <error message="Could not initialize class org.springframework.data.redis.test.util.MinimumRedisVersionRule" type="java.lang.NoClassDefFoundError"><![CDATA[java.lang.NoClassDefFoundError: Could not initialize class org.springframework.data.redis.test.util.MinimumRedisVersionRule
	at org.springframework.data.redis.support.collections.RedisZSetTests.<init>(RedisZSetTests.java:38)
]]></error>
  </testcase>
  <testcase name="testRemoveObject[21]" classname="org.springframework.data.redis.support.collections.RedisZSetTests" time="0">
    <error message="Could not initialize class org.springframework.data.redis.test.util.MinimumRedisVersionRule" type="java.lang.NoClassDefFoundError"><![CDATA[java.lang.NoClassDefFoundError: Could not initialize class org.springframework.data.redis.test.util.MinimumRedisVersionRule
	at org.springframework.data.redis.support.collections.RedisZSetTests.<init>(RedisZSetTests.java:38)
]]></error>
  </testcase>
  <testcase name="testHashCode[21]" classname="org.springframework.data.redis.support.collections.RedisZSetTests" time="0">
    <error message="Could not initialize class org.springframework.data.redis.test.util.MinimumRedisVersionRule" type="java.lang.NoClassDefFoundError"><![CDATA[java.lang.NoClassDefFoundError: Could not initialize class org.springframework.data.redis.test.util.MinimumRedisVersionRule
	at org.springframework.data.redis.support.collections.RedisZSetTests.<init>(RedisZSetTests.java:38)
]]></error>
  </testcase>
  <testcase name="testAddAll[21]" classname="org.springframework.data.redis.support.collections.RedisZSetTests" time="0">
    <error message="Could not initialize class org.springframework.data.redis.test.util.MinimumRedisVersionRule" type="java.lang.NoClassDefFoundError"><![CDATA[java.lang.NoClassDefFoundError: Could not initialize class org.springframework.data.redis.test.util.MinimumRedisVersionRule
	at org.springframework.data.redis.support.collections.RedisZSetTests.<init>(RedisZSetTests.java:38)
]]></error>
  </testcase>
  <testcase name="removeAll[21]" classname="org.springframework.data.redis.support.collections.RedisZSetTests" time="0">
    <error message="Could not initialize class org.springframework.data.redis.test.util.MinimumRedisVersionRule" type="java.lang.NoClassDefFoundError"><![CDATA[java.lang.NoClassDefFoundError: Could not initialize class org.springframework.data.redis.test.util.MinimumRedisVersionRule
	at org.springframework.data.redis.support.collections.RedisZSetTests.<init>(RedisZSetTests.java:38)
]]></error>
  </testcase>
  <testcase name="testEquals[21]" classname="org.springframework.data.redis.support.collections.RedisZSetTests" time="0">
    <error message="Could not initialize class org.springframework.data.redis.test.util.MinimumRedisVersionRule" type="java.lang.NoClassDefFoundError"><![CDATA[java.lang.NoClassDefFoundError: Could not initialize class org.springframework.data.redis.test.util.MinimumRedisVersionRule
	at org.springframework.data.redis.support.collections.RedisZSetTests.<init>(RedisZSetTests.java:38)
]]></error>
  </testcase>
  <testcase name="testGetKey[21]" classname="org.springframework.data.redis.support.collections.RedisZSetTests" time="0">
    <error message="Could not initialize class org.springframework.data.redis.test.util.MinimumRedisVersionRule" type="java.lang.NoClassDefFoundError"><![CDATA[java.lang.NoClassDefFoundError: Could not initialize class org.springframework.data.redis.test.util.MinimumRedisVersionRule
	at org.springframework.data.redis.support.collections.RedisZSetTests.<init>(RedisZSetTests.java:38)
]]></error>
  </testcase>
  <testcase name="testIsEmpty[21]" classname="org.springframework.data.redis.support.collections.RedisZSetTests" time="0">
    <error message="Could not initialize class org.springframework.data.redis.test.util.MinimumRedisVersionRule" type="java.lang.NoClassDefFoundError"><![CDATA[java.lang.NoClassDefFoundError: Could not initialize class org.springframework.data.redis.test.util.MinimumRedisVersionRule
	at org.springframework.data.redis.support.collections.RedisZSetTests.<init>(RedisZSetTests.java:38)
]]></error>
  </testcase>
  <testcase name="testToArray[22]" classname="org.springframework.data.redis.support.collections.RedisZSetTests" time="0">
    <error message="Could not initialize class org.springframework.data.redis.test.util.MinimumRedisVersionRule" type="java.lang.NoClassDefFoundError"><![CDATA[java.lang.NoClassDefFoundError: Could not initialize class org.springframework.data.redis.test.util.MinimumRedisVersionRule
	at org.springframework.data.redis.support.collections.RedisZSetTests.<init>(RedisZSetTests.java:38)
]]></error>
  </testcase>
  <testcase name="testAdd[22]" classname="org.springframework.data.redis.support.collections.RedisZSetTests" time="0">
    <error message="Could not initialize class org.springframework.data.redis.test.util.MinimumRedisVersionRule" type="java.lang.NoClassDefFoundError"><![CDATA[java.lang.NoClassDefFoundError: Could not initialize class org.springframework.data.redis.test.util.MinimumRedisVersionRule
	at org.springframework.data.redis.support.collections.RedisZSetTests.<init>(RedisZSetTests.java:38)
]]></error>
  </testcase>
  <testcase name="testFirst[22]" classname="org.springframework.data.redis.support.collections.RedisZSetTests" time="0">
    <error message="Could not initialize class org.springframework.data.redis.test.util.MinimumRedisVersionRule" type="java.lang.NoClassDefFoundError"><![CDATA[java.lang.NoClassDefFoundError: Could not initialize class org.springframework.data.redis.test.util.MinimumRedisVersionRule
	at org.springframework.data.redis.support.collections.RedisZSetTests.<init>(RedisZSetTests.java:38)
]]></error>
  </testcase>
  <testcase name="testRange[22]" classname="org.springframework.data.redis.support.collections.RedisZSetTests" time="0">
    <error message="Could not initialize class org.springframework.data.redis.test.util.MinimumRedisVersionRule" type="java.lang.NoClassDefFoundError"><![CDATA[java.lang.NoClassDefFoundError: Could not initialize class org.springframework.data.redis.test.util.MinimumRedisVersionRule
	at org.springframework.data.redis.support.collections.RedisZSetTests.<init>(RedisZSetTests.java:38)
]]></error>
  </testcase>
  <testcase name="testScore[22]" classname="org.springframework.data.redis.support.collections.RedisZSetTests" time="0">
    <error message="Could not initialize class org.springframework.data.redis.test.util.MinimumRedisVersionRule" type="java.lang.NoClassDefFoundError"><![CDATA[java.lang.NoClassDefFoundError: Could not initialize class org.springframework.data.redis.test.util.MinimumRedisVersionRule
	at org.springframework.data.redis.support.collections.RedisZSetTests.<init>(RedisZSetTests.java:38)
]]></error>
  </testcase>
  <testcase name="testLast[22]" classname="org.springframework.data.redis.support.collections.RedisZSetTests" time="0">
    <error message="Could not initialize class org.springframework.data.redis.test.util.MinimumRedisVersionRule" type="java.lang.NoClassDefFoundError"><![CDATA[java.lang.NoClassDefFoundError: Could not initialize class org.springframework.data.redis.test.util.MinimumRedisVersionRule
	at org.springframework.data.redis.support.collections.RedisZSetTests.<init>(RedisZSetTests.java:38)
]]></error>
  </testcase>
  <testcase name="testRank[22]" classname="org.springframework.data.redis.support.collections.RedisZSetTests" time="0">
    <error message="Could not initialize class org.springframework.data.redis.test.util.MinimumRedisVersionRule" type="java.lang.NoClassDefFoundError"><![CDATA[java.lang.NoClassDefFoundError: Could not initialize class org.springframework.data.redis.test.util.MinimumRedisVersionRule
	at org.springframework.data.redis.support.collections.RedisZSetTests.<init>(RedisZSetTests.java:38)
]]></error>
  </testcase>
  <testcase name="testRemoveByScore[22]" classname="org.springframework.data.redis.support.collections.RedisZSetTests" time="0">
    <error message="Could not initialize class org.springframework.data.redis.test.util.MinimumRedisVersionRule" type="java.lang.NoClassDefFoundError"><![CDATA[java.lang.NoClassDefFoundError: Could not initialize class org.springframework.data.redis.test.util.MinimumRedisVersionRule
	at org.springframework.data.redis.support.collections.RedisZSetTests.<init>(RedisZSetTests.java:38)
]]></error>
  </testcase>
  <testcase name="testRangeWithScores[22]" classname="org.springframework.data.redis.support.collections.RedisZSetTests" time="0">
    <error message="Could not initialize class org.springframework.data.redis.test.util.MinimumRedisVersionRule" type="java.lang.NoClassDefFoundError"><![CDATA[java.lang.NoClassDefFoundError: Could not initialize class org.springframework.data.redis.test.util.MinimumRedisVersionRule
	at org.springframework.data.redis.support.collections.RedisZSetTests.<init>(RedisZSetTests.java:38)
]]></error>
  </testcase>
  <testcase name="testRangeByLexUnbounded[22]" classname="org.springframework.data.redis.support.collections.RedisZSetTests" time="0">
    <error message="Could not initialize class org.springframework.data.redis.test.util.MinimumRedisVersionRule" type="java.lang.NoClassDefFoundError"><![CDATA[java.lang.NoClassDefFoundError: Could not initialize class org.springframework.data.redis.test.util.MinimumRedisVersionRule
	at org.springframework.data.redis.support.collections.RedisZSetTests.<init>(RedisZSetTests.java:38)
]]></error>
  </testcase>
  <testcase name="testRangeByLexBounded[22]" classname="org.springframework.data.redis.support.collections.RedisZSetTests" time="0">
    <error message="Could not initialize class org.springframework.data.redis.test.util.MinimumRedisVersionRule" type="java.lang.NoClassDefFoundError"><![CDATA[java.lang.NoClassDefFoundError: Could not initialize class org.springframework.data.redis.test.util.MinimumRedisVersionRule
	at org.springframework.data.redis.support.collections.RedisZSetTests.<init>(RedisZSetTests.java:38)
]]></error>
  </testcase>
  <testcase name="testScanWorksCorrectly[22]" classname="org.springframework.data.redis.support.collections.RedisZSetTests" time="0">
    <error message="Could not initialize class org.springframework.data.redis.test.util.MinimumRedisVersionRule" type="java.lang.NoClassDefFoundError"><![CDATA[java.lang.NoClassDefFoundError: Could not initialize class org.springframework.data.redis.test.util.MinimumRedisVersionRule
	at org.springframework.data.redis.support.collections.RedisZSetTests.<init>(RedisZSetTests.java:38)
]]></error>
  </testcase>
  <testcase name="testRangeByScoreWithScores[22]" classname="org.springframework.data.redis.support.collections.RedisZSetTests" time="0.001">
    <error message="Could not initialize class org.springframework.data.redis.test.util.MinimumRedisVersionRule" type="java.lang.NoClassDefFoundError"><![CDATA[java.lang.NoClassDefFoundError: Could not initialize class org.springframework.data.redis.test.util.MinimumRedisVersionRule
	at org.springframework.data.redis.support.collections.RedisZSetTests.<init>(RedisZSetTests.java:38)
]]></error>
  </testcase>
  <testcase name="testDefaultScore[22]" classname="org.springframework.data.redis.support.collections.RedisZSetTests" time="0">
    <error message="Could not initialize class org.springframework.data.redis.test.util.MinimumRedisVersionRule" type="java.lang.NoClassDefFoundError"><![CDATA[java.lang.NoClassDefFoundError: Could not initialize class org.springframework.data.redis.test.util.MinimumRedisVersionRule
	at org.springframework.data.redis.support.collections.RedisZSetTests.<init>(RedisZSetTests.java:38)
]]></error>
  </testcase>
  <testcase name="testRangeByScore[22]" classname="org.springframework.data.redis.support.collections.RedisZSetTests" time="0">
    <error message="Could not initialize class org.springframework.data.redis.test.util.MinimumRedisVersionRule" type="java.lang.NoClassDefFoundError"><![CDATA[java.lang.NoClassDefFoundError: Could not initialize class org.springframework.data.redis.test.util.MinimumRedisVersionRule
	at org.springframework.data.redis.support.collections.RedisZSetTests.<init>(RedisZSetTests.java:38)
]]></error>
  </testcase>
  <testcase name="testIntersectAndStore[22]" classname="org.springframework.data.redis.support.collections.RedisZSetTests" time="0">
    <error message="Could not initialize class org.springframework.data.redis.test.util.MinimumRedisVersionRule" type="java.lang.NoClassDefFoundError"><![CDATA[java.lang.NoClassDefFoundError: Could not initialize class org.springframework.data.redis.test.util.MinimumRedisVersionRule
	at org.springframework.data.redis.support.collections.RedisZSetTests.<init>(RedisZSetTests.java:38)
]]></error>
  </testcase>
  <testcase name="testReverseRank[22]" classname="org.springframework.data.redis.support.collections.RedisZSetTests" time="0">
    <error message="Could not initialize class org.springframework.data.redis.test.util.MinimumRedisVersionRule" type="java.lang.NoClassDefFoundError"><![CDATA[java.lang.NoClassDefFoundError: Could not initialize class org.springframework.data.redis.test.util.MinimumRedisVersionRule
	at org.springframework.data.redis.support.collections.RedisZSetTests.<init>(RedisZSetTests.java:38)
]]></error>
  </testcase>
  <testcase name="testReverseRangeWithScores[22]" classname="org.springframework.data.redis.support.collections.RedisZSetTests" time="0">
    <error message="Could not initialize class org.springframework.data.redis.test.util.MinimumRedisVersionRule" type="java.lang.NoClassDefFoundError"><![CDATA[java.lang.NoClassDefFoundError: Could not initialize class org.springframework.data.redis.test.util.MinimumRedisVersionRule
	at org.springframework.data.redis.support.collections.RedisZSetTests.<init>(RedisZSetTests.java:38)
]]></error>
  </testcase>
  <testcase name="testReverseRange[22]" classname="org.springframework.data.redis.support.collections.RedisZSetTests" time="0">
    <error message="Could not initialize class org.springframework.data.redis.test.util.MinimumRedisVersionRule" type="java.lang.NoClassDefFoundError"><![CDATA[java.lang.NoClassDefFoundError: Could not initialize class org.springframework.data.redis.test.util.MinimumRedisVersionRule
	at org.springframework.data.redis.support.collections.RedisZSetTests.<init>(RedisZSetTests.java:38)
]]></error>
  </testcase>
  <testcase name="testUnionAndStore[22]" classname="org.springframework.data.redis.support.collections.RedisZSetTests" time="0">
    <error message="Could not initialize class org.springframework.data.redis.test.util.MinimumRedisVersionRule" type="java.lang.NoClassDefFoundError"><![CDATA[java.lang.NoClassDefFoundError: Could not initialize class org.springframework.data.redis.test.util.MinimumRedisVersionRule
	at org.springframework.data.redis.support.collections.RedisZSetTests.<init>(RedisZSetTests.java:38)
]]></error>
  </testcase>
  <testcase name="testRangeByLexUnboundedWithLimit[22]" classname="org.springframework.data.redis.support.collections.RedisZSetTests" time="0">
    <error message="Could not initialize class org.springframework.data.redis.test.util.MinimumRedisVersionRule" type="java.lang.NoClassDefFoundError"><![CDATA[java.lang.NoClassDefFoundError: Could not initialize class org.springframework.data.redis.test.util.MinimumRedisVersionRule
	at org.springframework.data.redis.support.collections.RedisZSetTests.<init>(RedisZSetTests.java:38)
]]></error>
  </testcase>
  <testcase name="testReverseRangeByScoreWithScores[22]" classname="org.springframework.data.redis.support.collections.RedisZSetTests" time="0">
    <error message="Could not initialize class org.springframework.data.redis.test.util.MinimumRedisVersionRule" type="java.lang.NoClassDefFoundError"><![CDATA[java.lang.NoClassDefFoundError: Could not initialize class org.springframework.data.redis.test.util.MinimumRedisVersionRule
	at org.springframework.data.redis.support.collections.RedisZSetTests.<init>(RedisZSetTests.java:38)
]]></error>
  </testcase>
  <testcase name="testToArrayWithGenerics[22]" classname="org.springframework.data.redis.support.collections.RedisZSetTests" time="0.001">
    <error message="Could not initialize class org.springframework.data.redis.test.util.MinimumRedisVersionRule" type="java.lang.NoClassDefFoundError"><![CDATA[java.lang.NoClassDefFoundError: Could not initialize class org.springframework.data.redis.test.util.MinimumRedisVersionRule
	at org.springframework.data.redis.support.collections.RedisZSetTests.<init>(RedisZSetTests.java:38)
]]></error>
  </testcase>
  <testcase name="testFirstException[22]" classname="org.springframework.data.redis.support.collections.RedisZSetTests" time="0">
    <error message="Could not initialize class org.springframework.data.redis.test.util.MinimumRedisVersionRule" type="java.lang.NoClassDefFoundError"><![CDATA[java.lang.NoClassDefFoundError: Could not initialize class org.springframework.data.redis.test.util.MinimumRedisVersionRule
	at org.springframework.data.redis.support.collections.RedisZSetTests.<init>(RedisZSetTests.java:38)
]]></error>
  </testcase>
  <testcase name="testLastException[22]" classname="org.springframework.data.redis.support.collections.RedisZSetTests" time="0">
    <error message="Could not initialize class org.springframework.data.redis.test.util.MinimumRedisVersionRule" type="java.lang.NoClassDefFoundError"><![CDATA[java.lang.NoClassDefFoundError: Could not initialize class org.springframework.data.redis.test.util.MinimumRedisVersionRule
	at org.springframework.data.redis.support.collections.RedisZSetTests.<init>(RedisZSetTests.java:38)
]]></error>
  </testcase>
  <testcase name="testRemove[22]" classname="org.springframework.data.redis.support.collections.RedisZSetTests" time="0">
    <error message="Could not initialize class org.springframework.data.redis.test.util.MinimumRedisVersionRule" type="java.lang.NoClassDefFoundError"><![CDATA[java.lang.NoClassDefFoundError: Could not initialize class org.springframework.data.redis.test.util.MinimumRedisVersionRule
	at org.springframework.data.redis.support.collections.RedisZSetTests.<init>(RedisZSetTests.java:38)
]]></error>
  </testcase>
  <testcase name="testAddWithScore[22]" classname="org.springframework.data.redis.support.collections.RedisZSetTests" time="0">
    <error message="Could not initialize class org.springframework.data.redis.test.util.MinimumRedisVersionRule" type="java.lang.NoClassDefFoundError"><![CDATA[java.lang.NoClassDefFoundError: Could not initialize class org.springframework.data.redis.test.util.MinimumRedisVersionRule
	at org.springframework.data.redis.support.collections.RedisZSetTests.<init>(RedisZSetTests.java:38)
]]></error>
  </testcase>
  <testcase name="testIterator[22]" classname="org.springframework.data.redis.support.collections.RedisZSetTests" time="0">
    <error message="Could not initialize class org.springframework.data.redis.test.util.MinimumRedisVersionRule" type="java.lang.NoClassDefFoundError"><![CDATA[java.lang.NoClassDefFoundError: Could not initialize class org.springframework.data.redis.test.util.MinimumRedisVersionRule
	at org.springframework.data.redis.support.collections.RedisZSetTests.<init>(RedisZSetTests.java:38)
]]></error>
  </testcase>
  <testcase name="testReverseRangeByScore[22]" classname="org.springframework.data.redis.support.collections.RedisZSetTests" time="0">
    <error message="Could not initialize class org.springframework.data.redis.test.util.MinimumRedisVersionRule" type="java.lang.NoClassDefFoundError"><![CDATA[java.lang.NoClassDefFoundError: Could not initialize class org.springframework.data.redis.test.util.MinimumRedisVersionRule
	at org.springframework.data.redis.support.collections.RedisZSetTests.<init>(RedisZSetTests.java:38)
]]></error>
  </testcase>
  <testcase name="testRangeByLexBoundedWithLimit[22]" classname="org.springframework.data.redis.support.collections.RedisZSetTests" time="0">
    <error message="Could not initialize class org.springframework.data.redis.test.util.MinimumRedisVersionRule" type="java.lang.NoClassDefFoundError"><![CDATA[java.lang.NoClassDefFoundError: Could not initialize class org.springframework.data.redis.test.util.MinimumRedisVersionRule
	at org.springframework.data.redis.support.collections.RedisZSetTests.<init>(RedisZSetTests.java:38)
]]></error>
  </testcase>
  <testcase name="testContainsObject[22]" classname="org.springframework.data.redis.support.collections.RedisZSetTests" time="0">
    <error message="Could not initialize class org.springframework.data.redis.test.util.MinimumRedisVersionRule" type="java.lang.NoClassDefFoundError"><![CDATA[java.lang.NoClassDefFoundError: Could not initialize class org.springframework.data.redis.test.util.MinimumRedisVersionRule
	at org.springframework.data.redis.support.collections.RedisZSetTests.<init>(RedisZSetTests.java:38)
]]></error>
  </testcase>
  <testcase name="testClear[22]" classname="org.springframework.data.redis.support.collections.RedisZSetTests" time="0">
    <error message="Could not initialize class org.springframework.data.redis.test.util.MinimumRedisVersionRule" type="java.lang.NoClassDefFoundError"><![CDATA[java.lang.NoClassDefFoundError: Could not initialize class org.springframework.data.redis.test.util.MinimumRedisVersionRule
	at org.springframework.data.redis.support.collections.RedisZSetTests.<init>(RedisZSetTests.java:38)
]]></error>
  </testcase>
  <testcase name="testSize[22]" classname="org.springframework.data.redis.support.collections.RedisZSetTests" time="0.001">
    <error message="Could not initialize class org.springframework.data.redis.test.util.MinimumRedisVersionRule" type="java.lang.NoClassDefFoundError"><![CDATA[java.lang.NoClassDefFoundError: Could not initialize class org.springframework.data.redis.test.util.MinimumRedisVersionRule
	at org.springframework.data.redis.support.collections.RedisZSetTests.<init>(RedisZSetTests.java:38)
]]></error>
  </testcase>
  <testcase name="testToString[22]" classname="org.springframework.data.redis.support.collections.RedisZSetTests" time="0">
    <error message="Could not initialize class org.springframework.data.redis.test.util.MinimumRedisVersionRule" type="java.lang.NoClassDefFoundError"><![CDATA[java.lang.NoClassDefFoundError: Could not initialize class org.springframework.data.redis.test.util.MinimumRedisVersionRule
	at org.springframework.data.redis.support.collections.RedisZSetTests.<init>(RedisZSetTests.java:38)
]]></error>
  </testcase>
  <testcase name="testContainsAll[22]" classname="org.springframework.data.redis.support.collections.RedisZSetTests" time="0">
    <error message="Could not initialize class org.springframework.data.redis.test.util.MinimumRedisVersionRule" type="java.lang.NoClassDefFoundError"><![CDATA[java.lang.NoClassDefFoundError: Could not initialize class org.springframework.data.redis.test.util.MinimumRedisVersionRule
	at org.springframework.data.redis.support.collections.RedisZSetTests.<init>(RedisZSetTests.java:38)
]]></error>
  </testcase>
  <testcase name="testRemoveObject[22]" classname="org.springframework.data.redis.support.collections.RedisZSetTests" time="0">
    <error message="Could not initialize class org.springframework.data.redis.test.util.MinimumRedisVersionRule" type="java.lang.NoClassDefFoundError"><![CDATA[java.lang.NoClassDefFoundError: Could not initialize class org.springframework.data.redis.test.util.MinimumRedisVersionRule
	at org.springframework.data.redis.support.collections.RedisZSetTests.<init>(RedisZSetTests.java:38)
]]></error>
  </testcase>
  <testcase name="testHashCode[22]" classname="org.springframework.data.redis.support.collections.RedisZSetTests" time="0">
    <error message="Could not initialize class org.springframework.data.redis.test.util.MinimumRedisVersionRule" type="java.lang.NoClassDefFoundError"><![CDATA[java.lang.NoClassDefFoundError: Could not initialize class org.springframework.data.redis.test.util.MinimumRedisVersionRule
	at org.springframework.data.redis.support.collections.RedisZSetTests.<init>(RedisZSetTests.java:38)
]]></error>
  </testcase>
  <testcase name="testAddAll[22]" classname="org.springframework.data.redis.support.collections.RedisZSetTests" time="0">
    <error message="Could not initialize class org.springframework.data.redis.test.util.MinimumRedisVersionRule" type="java.lang.NoClassDefFoundError"><![CDATA[java.lang.NoClassDefFoundError: Could not initialize class org.springframework.data.redis.test.util.MinimumRedisVersionRule
	at org.springframework.data.redis.support.collections.RedisZSetTests.<init>(RedisZSetTests.java:38)
]]></error>
  </testcase>
  <testcase name="removeAll[22]" classname="org.springframework.data.redis.support.collections.RedisZSetTests" time="0">
    <error message="Could not initialize class org.springframework.data.redis.test.util.MinimumRedisVersionRule" type="java.lang.NoClassDefFoundError"><![CDATA[java.lang.NoClassDefFoundError: Could not initialize class org.springframework.data.redis.test.util.MinimumRedisVersionRule
	at org.springframework.data.redis.support.collections.RedisZSetTests.<init>(RedisZSetTests.java:38)
]]></error>
  </testcase>
  <testcase name="testEquals[22]" classname="org.springframework.data.redis.support.collections.RedisZSetTests" time="0">
    <error message="Could not initialize class org.springframework.data.redis.test.util.MinimumRedisVersionRule" type="java.lang.NoClassDefFoundError"><![CDATA[java.lang.NoClassDefFoundError: Could not initialize class org.springframework.data.redis.test.util.MinimumRedisVersionRule
	at org.springframework.data.redis.support.collections.RedisZSetTests.<init>(RedisZSetTests.java:38)
]]></error>
  </testcase>
  <testcase name="testGetKey[22]" classname="org.springframework.data.redis.support.collections.RedisZSetTests" time="0">
    <error message="Could not initialize class org.springframework.data.redis.test.util.MinimumRedisVersionRule" type="java.lang.NoClassDefFoundError"><![CDATA[java.lang.NoClassDefFoundError: Could not initialize class org.springframework.data.redis.test.util.MinimumRedisVersionRule
	at org.springframework.data.redis.support.collections.RedisZSetTests.<init>(RedisZSetTests.java:38)
]]></error>
  </testcase>
  <testcase name="testIsEmpty[22]" classname="org.springframework.data.redis.support.collections.RedisZSetTests" time="0">
    <error message="Could not initialize class org.springframework.data.redis.test.util.MinimumRedisVersionRule" type="java.lang.NoClassDefFoundError"><![CDATA[java.lang.NoClassDefFoundError: Could not initialize class org.springframework.data.redis.test.util.MinimumRedisVersionRule
	at org.springframework.data.redis.support.collections.RedisZSetTests.<init>(RedisZSetTests.java:38)
]]></error>
  </testcase>
  <testcase name="testToArray[23]" classname="org.springframework.data.redis.support.collections.RedisZSetTests" time="0.001">
    <error message="Could not initialize class org.springframework.data.redis.test.util.MinimumRedisVersionRule" type="java.lang.NoClassDefFoundError"><![CDATA[java.lang.NoClassDefFoundError: Could not initialize class org.springframework.data.redis.test.util.MinimumRedisVersionRule
	at org.springframework.data.redis.support.collections.RedisZSetTests.<init>(RedisZSetTests.java:38)
]]></error>
  </testcase>
  <testcase name="testAdd[23]" classname="org.springframework.data.redis.support.collections.RedisZSetTests" time="0">
    <error message="Could not initialize class org.springframework.data.redis.test.util.MinimumRedisVersionRule" type="java.lang.NoClassDefFoundError"><![CDATA[java.lang.NoClassDefFoundError: Could not initialize class org.springframework.data.redis.test.util.MinimumRedisVersionRule
	at org.springframework.data.redis.support.collections.RedisZSetTests.<init>(RedisZSetTests.java:38)
]]></error>
  </testcase>
  <testcase name="testFirst[23]" classname="org.springframework.data.redis.support.collections.RedisZSetTests" time="0">
    <error message="Could not initialize class org.springframework.data.redis.test.util.MinimumRedisVersionRule" type="java.lang.NoClassDefFoundError"><![CDATA[java.lang.NoClassDefFoundError: Could not initialize class org.springframework.data.redis.test.util.MinimumRedisVersionRule
	at org.springframework.data.redis.support.collections.RedisZSetTests.<init>(RedisZSetTests.java:38)
]]></error>
  </testcase>
  <testcase name="testRange[23]" classname="org.springframework.data.redis.support.collections.RedisZSetTests" time="0">
    <error message="Could not initialize class org.springframework.data.redis.test.util.MinimumRedisVersionRule" type="java.lang.NoClassDefFoundError"><![CDATA[java.lang.NoClassDefFoundError: Could not initialize class org.springframework.data.redis.test.util.MinimumRedisVersionRule
	at org.springframework.data.redis.support.collections.RedisZSetTests.<init>(RedisZSetTests.java:38)
]]></error>
  </testcase>
  <testcase name="testScore[23]" classname="org.springframework.data.redis.support.collections.RedisZSetTests" time="0">
    <error message="Could not initialize class org.springframework.data.redis.test.util.MinimumRedisVersionRule" type="java.lang.NoClassDefFoundError"><![CDATA[java.lang.NoClassDefFoundError: Could not initialize class org.springframework.data.redis.test.util.MinimumRedisVersionRule
	at org.springframework.data.redis.support.collections.RedisZSetTests.<init>(RedisZSetTests.java:38)
]]></error>
  </testcase>
  <testcase name="testLast[23]" classname="org.springframework.data.redis.support.collections.RedisZSetTests" time="0">
    <error message="Could not initialize class org.springframework.data.redis.test.util.MinimumRedisVersionRule" type="java.lang.NoClassDefFoundError"><![CDATA[java.lang.NoClassDefFoundError: Could not initialize class org.springframework.data.redis.test.util.MinimumRedisVersionRule
	at org.springframework.data.redis.support.collections.RedisZSetTests.<init>(RedisZSetTests.java:38)
]]></error>
  </testcase>
  <testcase name="testRank[23]" classname="org.springframework.data.redis.support.collections.RedisZSetTests" time="0">
    <error message="Could not initialize class org.springframework.data.redis.test.util.MinimumRedisVersionRule" type="java.lang.NoClassDefFoundError"><![CDATA[java.lang.NoClassDefFoundError: Could not initialize class org.springframework.data.redis.test.util.MinimumRedisVersionRule
	at org.springframework.data.redis.support.collections.RedisZSetTests.<init>(RedisZSetTests.java:38)
]]></error>
  </testcase>
  <testcase name="testRemoveByScore[23]" classname="org.springframework.data.redis.support.collections.RedisZSetTests" time="0">
    <error message="Could not initialize class org.springframework.data.redis.test.util.MinimumRedisVersionRule" type="java.lang.NoClassDefFoundError"><![CDATA[java.lang.NoClassDefFoundError: Could not initialize class org.springframework.data.redis.test.util.MinimumRedisVersionRule
	at org.springframework.data.redis.support.collections.RedisZSetTests.<init>(RedisZSetTests.java:38)
]]></error>
  </testcase>
  <testcase name="testRangeWithScores[23]" classname="org.springframework.data.redis.support.collections.RedisZSetTests" time="0">
    <error message="Could not initialize class org.springframework.data.redis.test.util.MinimumRedisVersionRule" type="java.lang.NoClassDefFoundError"><![CDATA[java.lang.NoClassDefFoundError: Could not initialize class org.springframework.data.redis.test.util.MinimumRedisVersionRule
	at org.springframework.data.redis.support.collections.RedisZSetTests.<init>(RedisZSetTests.java:38)
]]></error>
  </testcase>
  <testcase name="testRangeByLexUnbounded[23]" classname="org.springframework.data.redis.support.collections.RedisZSetTests" time="0">
    <error message="Could not initialize class org.springframework.data.redis.test.util.MinimumRedisVersionRule" type="java.lang.NoClassDefFoundError"><![CDATA[java.lang.NoClassDefFoundError: Could not initialize class org.springframework.data.redis.test.util.MinimumRedisVersionRule
	at org.springframework.data.redis.support.collections.RedisZSetTests.<init>(RedisZSetTests.java:38)
]]></error>
  </testcase>
  <testcase name="testRangeByLexBounded[23]" classname="org.springframework.data.redis.support.collections.RedisZSetTests" time="0">
    <error message="Could not initialize class org.springframework.data.redis.test.util.MinimumRedisVersionRule" type="java.lang.NoClassDefFoundError"><![CDATA[java.lang.NoClassDefFoundError: Could not initialize class org.springframework.data.redis.test.util.MinimumRedisVersionRule
	at org.springframework.data.redis.support.collections.RedisZSetTests.<init>(RedisZSetTests.java:38)
]]></error>
  </testcase>
  <testcase name="testScanWorksCorrectly[23]" classname="org.springframework.data.redis.support.collections.RedisZSetTests" time="0">
    <error message="Could not initialize class org.springframework.data.redis.test.util.MinimumRedisVersionRule" type="java.lang.NoClassDefFoundError"><![CDATA[java.lang.NoClassDefFoundError: Could not initialize class org.springframework.data.redis.test.util.MinimumRedisVersionRule
	at org.springframework.data.redis.support.collections.RedisZSetTests.<init>(RedisZSetTests.java:38)
]]></error>
  </testcase>
  <testcase name="testRangeByScoreWithScores[23]" classname="org.springframework.data.redis.support.collections.RedisZSetTests" time="0">
    <error message="Could not initialize class org.springframework.data.redis.test.util.MinimumRedisVersionRule" type="java.lang.NoClassDefFoundError"><![CDATA[java.lang.NoClassDefFoundError: Could not initialize class org.springframework.data.redis.test.util.MinimumRedisVersionRule
	at org.springframework.data.redis.support.collections.RedisZSetTests.<init>(RedisZSetTests.java:38)
]]></error>
  </testcase>
  <testcase name="testDefaultScore[23]" classname="org.springframework.data.redis.support.collections.RedisZSetTests" time="0">
    <error message="Could not initialize class org.springframework.data.redis.test.util.MinimumRedisVersionRule" type="java.lang.NoClassDefFoundError"><![CDATA[java.lang.NoClassDefFoundError: Could not initialize class org.springframework.data.redis.test.util.MinimumRedisVersionRule
	at org.springframework.data.redis.support.collections.RedisZSetTests.<init>(RedisZSetTests.java:38)
]]></error>
  </testcase>
  <testcase name="testRangeByScore[23]" classname="org.springframework.data.redis.support.collections.RedisZSetTests" time="0">
    <error message="Could not initialize class org.springframework.data.redis.test.util.MinimumRedisVersionRule" type="java.lang.NoClassDefFoundError"><![CDATA[java.lang.NoClassDefFoundError: Could not initialize class org.springframework.data.redis.test.util.MinimumRedisVersionRule
	at org.springframework.data.redis.support.collections.RedisZSetTests.<init>(RedisZSetTests.java:38)
]]></error>
  </testcase>
  <testcase name="testIntersectAndStore[23]" classname="org.springframework.data.redis.support.collections.RedisZSetTests" time="0">
    <error message="Could not initialize class org.springframework.data.redis.test.util.MinimumRedisVersionRule" type="java.lang.NoClassDefFoundError"><![CDATA[java.lang.NoClassDefFoundError: Could not initialize class org.springframework.data.redis.test.util.MinimumRedisVersionRule
	at org.springframework.data.redis.support.collections.RedisZSetTests.<init>(RedisZSetTests.java:38)
]]></error>
  </testcase>
  <testcase name="testReverseRank[23]" classname="org.springframework.data.redis.support.collections.RedisZSetTests" time="0">
    <error message="Could not initialize class org.springframework.data.redis.test.util.MinimumRedisVersionRule" type="java.lang.NoClassDefFoundError"><![CDATA[java.lang.NoClassDefFoundError: Could not initialize class org.springframework.data.redis.test.util.MinimumRedisVersionRule
	at org.springframework.data.redis.support.collections.RedisZSetTests.<init>(RedisZSetTests.java:38)
]]></error>
  </testcase>
  <testcase name="testReverseRangeWithScores[23]" classname="org.springframework.data.redis.support.collections.RedisZSetTests" time="0">
    <error message="Could not initialize class org.springframework.data.redis.test.util.MinimumRedisVersionRule" type="java.lang.NoClassDefFoundError"><![CDATA[java.lang.NoClassDefFoundError: Could not initialize class org.springframework.data.redis.test.util.MinimumRedisVersionRule
	at org.springframework.data.redis.support.collections.RedisZSetTests.<init>(RedisZSetTests.java:38)
]]></error>
  </testcase>
  <testcase name="testReverseRange[23]" classname="org.springframework.data.redis.support.collections.RedisZSetTests" time="0">
    <error message="Could not initialize class org.springframework.data.redis.test.util.MinimumRedisVersionRule" type="java.lang.NoClassDefFoundError"><![CDATA[java.lang.NoClassDefFoundError: Could not initialize class org.springframework.data.redis.test.util.MinimumRedisVersionRule
	at org.springframework.data.redis.support.collections.RedisZSetTests.<init>(RedisZSetTests.java:38)
]]></error>
  </testcase>
  <testcase name="testUnionAndStore[23]" classname="org.springframework.data.redis.support.collections.RedisZSetTests" time="0">
    <error message="Could not initialize class org.springframework.data.redis.test.util.MinimumRedisVersionRule" type="java.lang.NoClassDefFoundError"><![CDATA[java.lang.NoClassDefFoundError: Could not initialize class org.springframework.data.redis.test.util.MinimumRedisVersionRule
	at org.springframework.data.redis.support.collections.RedisZSetTests.<init>(RedisZSetTests.java:38)
]]></error>
  </testcase>
  <testcase name="testRangeByLexUnboundedWithLimit[23]" classname="org.springframework.data.redis.support.collections.RedisZSetTests" time="0">
    <error message="Could not initialize class org.springframework.data.redis.test.util.MinimumRedisVersionRule" type="java.lang.NoClassDefFoundError"><![CDATA[java.lang.NoClassDefFoundError: Could not initialize class org.springframework.data.redis.test.util.MinimumRedisVersionRule
	at org.springframework.data.redis.support.collections.RedisZSetTests.<init>(RedisZSetTests.java:38)
]]></error>
  </testcase>
  <testcase name="testReverseRangeByScoreWithScores[23]" classname="org.springframework.data.redis.support.collections.RedisZSetTests" time="0">
    <error message="Could not initialize class org.springframework.data.redis.test.util.MinimumRedisVersionRule" type="java.lang.NoClassDefFoundError"><![CDATA[java.lang.NoClassDefFoundError: Could not initialize class org.springframework.data.redis.test.util.MinimumRedisVersionRule
	at org.springframework.data.redis.support.collections.RedisZSetTests.<init>(RedisZSetTests.java:38)
]]></error>
  </testcase>
  <testcase name="testToArrayWithGenerics[23]" classname="org.springframework.data.redis.support.collections.RedisZSetTests" time="0">
    <error message="Could not initialize class org.springframework.data.redis.test.util.MinimumRedisVersionRule" type="java.lang.NoClassDefFoundError"><![CDATA[java.lang.NoClassDefFoundError: Could not initialize class org.springframework.data.redis.test.util.MinimumRedisVersionRule
	at org.springframework.data.redis.support.collections.RedisZSetTests.<init>(RedisZSetTests.java:38)
]]></error>
  </testcase>
  <testcase name="testFirstException[23]" classname="org.springframework.data.redis.support.collections.RedisZSetTests" time="0">
    <error message="Could not initialize class org.springframework.data.redis.test.util.MinimumRedisVersionRule" type="java.lang.NoClassDefFoundError"><![CDATA[java.lang.NoClassDefFoundError: Could not initialize class org.springframework.data.redis.test.util.MinimumRedisVersionRule
	at org.springframework.data.redis.support.collections.RedisZSetTests.<init>(RedisZSetTests.java:38)
]]></error>
  </testcase>
  <testcase name="testLastException[23]" classname="org.springframework.data.redis.support.collections.RedisZSetTests" time="0">
    <error message="Could not initialize class org.springframework.data.redis.test.util.MinimumRedisVersionRule" type="java.lang.NoClassDefFoundError"><![CDATA[java.lang.NoClassDefFoundError: Could not initialize class org.springframework.data.redis.test.util.MinimumRedisVersionRule
	at org.springframework.data.redis.support.collections.RedisZSetTests.<init>(RedisZSetTests.java:38)
]]></error>
  </testcase>
  <testcase name="testRemove[23]" classname="org.springframework.data.redis.support.collections.RedisZSetTests" time="0">
    <error message="Could not initialize class org.springframework.data.redis.test.util.MinimumRedisVersionRule" type="java.lang.NoClassDefFoundError"><![CDATA[java.lang.NoClassDefFoundError: Could not initialize class org.springframework.data.redis.test.util.MinimumRedisVersionRule
	at org.springframework.data.redis.support.collections.RedisZSetTests.<init>(RedisZSetTests.java:38)
]]></error>
  </testcase>
  <testcase name="testAddWithScore[23]" classname="org.springframework.data.redis.support.collections.RedisZSetTests" time="0">
    <error message="Could not initialize class org.springframework.data.redis.test.util.MinimumRedisVersionRule" type="java.lang.NoClassDefFoundError"><![CDATA[java.lang.NoClassDefFoundError: Could not initialize class org.springframework.data.redis.test.util.MinimumRedisVersionRule
	at org.springframework.data.redis.support.collections.RedisZSetTests.<init>(RedisZSetTests.java:38)
]]></error>
  </testcase>
  <testcase name="testIterator[23]" classname="org.springframework.data.redis.support.collections.RedisZSetTests" time="0">
    <error message="Could not initialize class org.springframework.data.redis.test.util.MinimumRedisVersionRule" type="java.lang.NoClassDefFoundError"><![CDATA[java.lang.NoClassDefFoundError: Could not initialize class org.springframework.data.redis.test.util.MinimumRedisVersionRule
	at org.springframework.data.redis.support.collections.RedisZSetTests.<init>(RedisZSetTests.java:38)
]]></error>
  </testcase>
  <testcase name="testReverseRangeByScore[23]" classname="org.springframework.data.redis.support.collections.RedisZSetTests" time="0">
    <error message="Could not initialize class org.springframework.data.redis.test.util.MinimumRedisVersionRule" type="java.lang.NoClassDefFoundError"><![CDATA[java.lang.NoClassDefFoundError: Could not initialize class org.springframework.data.redis.test.util.MinimumRedisVersionRule
	at org.springframework.data.redis.support.collections.RedisZSetTests.<init>(RedisZSetTests.java:38)
]]></error>
  </testcase>
  <testcase name="testRangeByLexBoundedWithLimit[23]" classname="org.springframework.data.redis.support.collections.RedisZSetTests" time="0">
    <error message="Could not initialize class org.springframework.data.redis.test.util.MinimumRedisVersionRule" type="java.lang.NoClassDefFoundError"><![CDATA[java.lang.NoClassDefFoundError: Could not initialize class org.springframework.data.redis.test.util.MinimumRedisVersionRule
	at org.springframework.data.redis.support.collections.RedisZSetTests.<init>(RedisZSetTests.java:38)
]]></error>
  </testcase>
  <testcase name="testContainsObject[23]" classname="org.springframework.data.redis.support.collections.RedisZSetTests" time="0">
    <error message="Could not initialize class org.springframework.data.redis.test.util.MinimumRedisVersionRule" type="java.lang.NoClassDefFoundError"><![CDATA[java.lang.NoClassDefFoundError: Could not initialize class org.springframework.data.redis.test.util.MinimumRedisVersionRule
	at org.springframework.data.redis.support.collections.RedisZSetTests.<init>(RedisZSetTests.java:38)
]]></error>
  </testcase>
  <testcase name="testClear[23]" classname="org.springframework.data.redis.support.collections.RedisZSetTests" time="0.001">
    <error message="Could not initialize class org.springframework.data.redis.test.util.MinimumRedisVersionRule" type="java.lang.NoClassDefFoundError"><![CDATA[java.lang.NoClassDefFoundError: Could not initialize class org.springframework.data.redis.test.util.MinimumRedisVersionRule
	at org.springframework.data.redis.support.collections.RedisZSetTests.<init>(RedisZSetTests.java:38)
]]></error>
  </testcase>
  <testcase name="testSize[23]" classname="org.springframework.data.redis.support.collections.RedisZSetTests" time="0">
    <error message="Could not initialize class org.springframework.data.redis.test.util.MinimumRedisVersionRule" type="java.lang.NoClassDefFoundError"><![CDATA[java.lang.NoClassDefFoundError: Could not initialize class org.springframework.data.redis.test.util.MinimumRedisVersionRule
	at org.springframework.data.redis.support.collections.RedisZSetTests.<init>(RedisZSetTests.java:38)
]]></error>
  </testcase>
  <testcase name="testToString[23]" classname="org.springframework.data.redis.support.collections.RedisZSetTests" time="0">
    <error message="Could not initialize class org.springframework.data.redis.test.util.MinimumRedisVersionRule" type="java.lang.NoClassDefFoundError"><![CDATA[java.lang.NoClassDefFoundError: Could not initialize class org.springframework.data.redis.test.util.MinimumRedisVersionRule
	at org.springframework.data.redis.support.collections.RedisZSetTests.<init>(RedisZSetTests.java:38)
]]></error>
  </testcase>
  <testcase name="testContainsAll[23]" classname="org.springframework.data.redis.support.collections.RedisZSetTests" time="0">
    <error message="Could not initialize class org.springframework.data.redis.test.util.MinimumRedisVersionRule" type="java.lang.NoClassDefFoundError"><![CDATA[java.lang.NoClassDefFoundError: Could not initialize class org.springframework.data.redis.test.util.MinimumRedisVersionRule
	at org.springframework.data.redis.support.collections.RedisZSetTests.<init>(RedisZSetTests.java:38)
]]></error>
  </testcase>
  <testcase name="testRemoveObject[23]" classname="org.springframework.data.redis.support.collections.RedisZSetTests" time="0">
    <error message="Could not initialize class org.springframework.data.redis.test.util.MinimumRedisVersionRule" type="java.lang.NoClassDefFoundError"><![CDATA[java.lang.NoClassDefFoundError: Could not initialize class org.springframework.data.redis.test.util.MinimumRedisVersionRule
	at org.springframework.data.redis.support.collections.RedisZSetTests.<init>(RedisZSetTests.java:38)
]]></error>
  </testcase>
  <testcase name="testHashCode[23]" classname="org.springframework.data.redis.support.collections.RedisZSetTests" time="0">
    <error message="Could not initialize class org.springframework.data.redis.test.util.MinimumRedisVersionRule" type="java.lang.NoClassDefFoundError"><![CDATA[java.lang.NoClassDefFoundError: Could not initialize class org.springframework.data.redis.test.util.MinimumRedisVersionRule
	at org.springframework.data.redis.support.collections.RedisZSetTests.<init>(RedisZSetTests.java:38)
]]></error>
  </testcase>
  <testcase name="testAddAll[23]" classname="org.springframework.data.redis.support.collections.RedisZSetTests" time="0">
    <error message="Could not initialize class org.springframework.data.redis.test.util.MinimumRedisVersionRule" type="java.lang.NoClassDefFoundError"><![CDATA[java.lang.NoClassDefFoundError: Could not initialize class org.springframework.data.redis.test.util.MinimumRedisVersionRule
	at org.springframework.data.redis.support.collections.RedisZSetTests.<init>(RedisZSetTests.java:38)
]]></error>
  </testcase>
  <testcase name="removeAll[23]" classname="org.springframework.data.redis.support.collections.RedisZSetTests" time="0">
    <error message="Could not initialize class org.springframework.data.redis.test.util.MinimumRedisVersionRule" type="java.lang.NoClassDefFoundError"><![CDATA[java.lang.NoClassDefFoundError: Could not initialize class org.springframework.data.redis.test.util.MinimumRedisVersionRule
	at org.springframework.data.redis.support.collections.RedisZSetTests.<init>(RedisZSetTests.java:38)
]]></error>
  </testcase>
  <testcase name="testEquals[23]" classname="org.springframework.data.redis.support.collections.RedisZSetTests" time="0">
    <error message="Could not initialize class org.springframework.data.redis.test.util.MinimumRedisVersionRule" type="java.lang.NoClassDefFoundError"><![CDATA[java.lang.NoClassDefFoundError: Could not initialize class org.springframework.data.redis.test.util.MinimumRedisVersionRule
	at org.springframework.data.redis.support.collections.RedisZSetTests.<init>(RedisZSetTests.java:38)
]]></error>
  </testcase>
  <testcase name="testGetKey[23]" classname="org.springframework.data.redis.support.collections.RedisZSetTests" time="0">
    <error message="Could not initialize class org.springframework.data.redis.test.util.MinimumRedisVersionRule" type="java.lang.NoClassDefFoundError"><![CDATA[java.lang.NoClassDefFoundError: Could not initialize class org.springframework.data.redis.test.util.MinimumRedisVersionRule
	at org.springframework.data.redis.support.collections.RedisZSetTests.<init>(RedisZSetTests.java:38)
]]></error>
  </testcase>
  <testcase name="testIsEmpty[23]" classname="org.springframework.data.redis.support.collections.RedisZSetTests" time="0.001">
    <error message="Could not initialize class org.springframework.data.redis.test.util.MinimumRedisVersionRule" type="java.lang.NoClassDefFoundError"><![CDATA[java.lang.NoClassDefFoundError: Could not initialize class org.springframework.data.redis.test.util.MinimumRedisVersionRule
	at org.springframework.data.redis.support.collections.RedisZSetTests.<init>(RedisZSetTests.java:38)
]]></error>
  </testcase>
  <testcase name="testToArray[24]" classname="org.springframework.data.redis.support.collections.RedisZSetTests" time="0">
    <error message="Could not initialize class org.springframework.data.redis.test.util.MinimumRedisVersionRule" type="java.lang.NoClassDefFoundError"><![CDATA[java.lang.NoClassDefFoundError: Could not initialize class org.springframework.data.redis.test.util.MinimumRedisVersionRule
	at org.springframework.data.redis.support.collections.RedisZSetTests.<init>(RedisZSetTests.java:38)
]]></error>
  </testcase>
  <testcase name="testAdd[24]" classname="org.springframework.data.redis.support.collections.RedisZSetTests" time="0">
    <error message="Could not initialize class org.springframework.data.redis.test.util.MinimumRedisVersionRule" type="java.lang.NoClassDefFoundError"><![CDATA[java.lang.NoClassDefFoundError: Could not initialize class org.springframework.data.redis.test.util.MinimumRedisVersionRule
	at org.springframework.data.redis.support.collections.RedisZSetTests.<init>(RedisZSetTests.java:38)
]]></error>
  </testcase>
  <testcase name="testFirst[24]" classname="org.springframework.data.redis.support.collections.RedisZSetTests" time="0">
    <error message="Could not initialize class org.springframework.data.redis.test.util.MinimumRedisVersionRule" type="java.lang.NoClassDefFoundError"><![CDATA[java.lang.NoClassDefFoundError: Could not initialize class org.springframework.data.redis.test.util.MinimumRedisVersionRule
	at org.springframework.data.redis.support.collections.RedisZSetTests.<init>(RedisZSetTests.java:38)
]]></error>
  </testcase>
  <testcase name="testRange[24]" classname="org.springframework.data.redis.support.collections.RedisZSetTests" time="0">
    <error message="Could not initialize class org.springframework.data.redis.test.util.MinimumRedisVersionRule" type="java.lang.NoClassDefFoundError"><![CDATA[java.lang.NoClassDefFoundError: Could not initialize class org.springframework.data.redis.test.util.MinimumRedisVersionRule
	at org.springframework.data.redis.support.collections.RedisZSetTests.<init>(RedisZSetTests.java:38)
]]></error>
  </testcase>
  <testcase name="testScore[24]" classname="org.springframework.data.redis.support.collections.RedisZSetTests" time="0">
    <error message="Could not initialize class org.springframework.data.redis.test.util.MinimumRedisVersionRule" type="java.lang.NoClassDefFoundError"><![CDATA[java.lang.NoClassDefFoundError: Could not initialize class org.springframework.data.redis.test.util.MinimumRedisVersionRule
	at org.springframework.data.redis.support.collections.RedisZSetTests.<init>(RedisZSetTests.java:38)
]]></error>
  </testcase>
  <testcase name="testLast[24]" classname="org.springframework.data.redis.support.collections.RedisZSetTests" time="0">
    <error message="Could not initialize class org.springframework.data.redis.test.util.MinimumRedisVersionRule" type="java.lang.NoClassDefFoundError"><![CDATA[java.lang.NoClassDefFoundError: Could not initialize class org.springframework.data.redis.test.util.MinimumRedisVersionRule
	at org.springframework.data.redis.support.collections.RedisZSetTests.<init>(RedisZSetTests.java:38)
]]></error>
  </testcase>
  <testcase name="testRank[24]" classname="org.springframework.data.redis.support.collections.RedisZSetTests" time="0">
    <error message="Could not initialize class org.springframework.data.redis.test.util.MinimumRedisVersionRule" type="java.lang.NoClassDefFoundError"><![CDATA[java.lang.NoClassDefFoundError: Could not initialize class org.springframework.data.redis.test.util.MinimumRedisVersionRule
	at org.springframework.data.redis.support.collections.RedisZSetTests.<init>(RedisZSetTests.java:38)
]]></error>
  </testcase>
  <testcase name="testRemoveByScore[24]" classname="org.springframework.data.redis.support.collections.RedisZSetTests" time="0">
    <error message="Could not initialize class org.springframework.data.redis.test.util.MinimumRedisVersionRule" type="java.lang.NoClassDefFoundError"><![CDATA[java.lang.NoClassDefFoundError: Could not initialize class org.springframework.data.redis.test.util.MinimumRedisVersionRule
	at org.springframework.data.redis.support.collections.RedisZSetTests.<init>(RedisZSetTests.java:38)
]]></error>
  </testcase>
  <testcase name="testRangeWithScores[24]" classname="org.springframework.data.redis.support.collections.RedisZSetTests" time="0">
    <error message="Could not initialize class org.springframework.data.redis.test.util.MinimumRedisVersionRule" type="java.lang.NoClassDefFoundError"><![CDATA[java.lang.NoClassDefFoundError: Could not initialize class org.springframework.data.redis.test.util.MinimumRedisVersionRule
	at org.springframework.data.redis.support.collections.RedisZSetTests.<init>(RedisZSetTests.java:38)
]]></error>
  </testcase>
  <testcase name="testRangeByLexUnbounded[24]" classname="org.springframework.data.redis.support.collections.RedisZSetTests" time="0">
    <error message="Could not initialize class org.springframework.data.redis.test.util.MinimumRedisVersionRule" type="java.lang.NoClassDefFoundError"><![CDATA[java.lang.NoClassDefFoundError: Could not initialize class org.springframework.data.redis.test.util.MinimumRedisVersionRule
	at org.springframework.data.redis.support.collections.RedisZSetTests.<init>(RedisZSetTests.java:38)
]]></error>
  </testcase>
  <testcase name="testRangeByLexBounded[24]" classname="org.springframework.data.redis.support.collections.RedisZSetTests" time="0">
    <error message="Could not initialize class org.springframework.data.redis.test.util.MinimumRedisVersionRule" type="java.lang.NoClassDefFoundError"><![CDATA[java.lang.NoClassDefFoundError: Could not initialize class org.springframework.data.redis.test.util.MinimumRedisVersionRule
	at org.springframework.data.redis.support.collections.RedisZSetTests.<init>(RedisZSetTests.java:38)
]]></error>
  </testcase>
  <testcase name="testScanWorksCorrectly[24]" classname="org.springframework.data.redis.support.collections.RedisZSetTests" time="0">
    <error message="Could not initialize class org.springframework.data.redis.test.util.MinimumRedisVersionRule" type="java.lang.NoClassDefFoundError"><![CDATA[java.lang.NoClassDefFoundError: Could not initialize class org.springframework.data.redis.test.util.MinimumRedisVersionRule
	at org.springframework.data.redis.support.collections.RedisZSetTests.<init>(RedisZSetTests.java:38)
]]></error>
  </testcase>
  <testcase name="testRangeByScoreWithScores[24]" classname="org.springframework.data.redis.support.collections.RedisZSetTests" time="0">
    <error message="Could not initialize class org.springframework.data.redis.test.util.MinimumRedisVersionRule" type="java.lang.NoClassDefFoundError"><![CDATA[java.lang.NoClassDefFoundError: Could not initialize class org.springframework.data.redis.test.util.MinimumRedisVersionRule
	at org.springframework.data.redis.support.collections.RedisZSetTests.<init>(RedisZSetTests.java:38)
]]></error>
  </testcase>
  <testcase name="testDefaultScore[24]" classname="org.springframework.data.redis.support.collections.RedisZSetTests" time="0">
    <error message="Could not initialize class org.springframework.data.redis.test.util.MinimumRedisVersionRule" type="java.lang.NoClassDefFoundError"><![CDATA[java.lang.NoClassDefFoundError: Could not initialize class org.springframework.data.redis.test.util.MinimumRedisVersionRule
	at org.springframework.data.redis.support.collections.RedisZSetTests.<init>(RedisZSetTests.java:38)
]]></error>
  </testcase>
  <testcase name="testRangeByScore[24]" classname="org.springframework.data.redis.support.collections.RedisZSetTests" time="0">
    <error message="Could not initialize class org.springframework.data.redis.test.util.MinimumRedisVersionRule" type="java.lang.NoClassDefFoundError"><![CDATA[java.lang.NoClassDefFoundError: Could not initialize class org.springframework.data.redis.test.util.MinimumRedisVersionRule
	at org.springframework.data.redis.support.collections.RedisZSetTests.<init>(RedisZSetTests.java:38)
]]></error>
  </testcase>
  <testcase name="testIntersectAndStore[24]" classname="org.springframework.data.redis.support.collections.RedisZSetTests" time="0">
    <error message="Could not initialize class org.springframework.data.redis.test.util.MinimumRedisVersionRule" type="java.lang.NoClassDefFoundError"><![CDATA[java.lang.NoClassDefFoundError: Could not initialize class org.springframework.data.redis.test.util.MinimumRedisVersionRule
	at org.springframework.data.redis.support.collections.RedisZSetTests.<init>(RedisZSetTests.java:38)
]]></error>
  </testcase>
  <testcase name="testReverseRank[24]" classname="org.springframework.data.redis.support.collections.RedisZSetTests" time="0">
    <error message="Could not initialize class org.springframework.data.redis.test.util.MinimumRedisVersionRule" type="java.lang.NoClassDefFoundError"><![CDATA[java.lang.NoClassDefFoundError: Could not initialize class org.springframework.data.redis.test.util.MinimumRedisVersionRule
	at org.springframework.data.redis.support.collections.RedisZSetTests.<init>(RedisZSetTests.java:38)
]]></error>
  </testcase>
  <testcase name="testReverseRangeWithScores[24]" classname="org.springframework.data.redis.support.collections.RedisZSetTests" time="0">
    <error message="Could not initialize class org.springframework.data.redis.test.util.MinimumRedisVersionRule" type="java.lang.NoClassDefFoundError"><![CDATA[java.lang.NoClassDefFoundError: Could not initialize class org.springframework.data.redis.test.util.MinimumRedisVersionRule
	at org.springframework.data.redis.support.collections.RedisZSetTests.<init>(RedisZSetTests.java:38)
]]></error>
  </testcase>
  <testcase name="testReverseRange[24]" classname="org.springframework.data.redis.support.collections.RedisZSetTests" time="0">
    <error message="Could not initialize class org.springframework.data.redis.test.util.MinimumRedisVersionRule" type="java.lang.NoClassDefFoundError"><![CDATA[java.lang.NoClassDefFoundError: Could not initialize class org.springframework.data.redis.test.util.MinimumRedisVersionRule
	at org.springframework.data.redis.support.collections.RedisZSetTests.<init>(RedisZSetTests.java:38)
]]></error>
  </testcase>
  <testcase name="testUnionAndStore[24]" classname="org.springframework.data.redis.support.collections.RedisZSetTests" time="0">
    <error message="Could not initialize class org.springframework.data.redis.test.util.MinimumRedisVersionRule" type="java.lang.NoClassDefFoundError"><![CDATA[java.lang.NoClassDefFoundError: Could not initialize class org.springframework.data.redis.test.util.MinimumRedisVersionRule
	at org.springframework.data.redis.support.collections.RedisZSetTests.<init>(RedisZSetTests.java:38)
]]></error>
  </testcase>
  <testcase name="testRangeByLexUnboundedWithLimit[24]" classname="org.springframework.data.redis.support.collections.RedisZSetTests" time="0">
    <error message="Could not initialize class org.springframework.data.redis.test.util.MinimumRedisVersionRule" type="java.lang.NoClassDefFoundError"><![CDATA[java.lang.NoClassDefFoundError: Could not initialize class org.springframework.data.redis.test.util.MinimumRedisVersionRule
	at org.springframework.data.redis.support.collections.RedisZSetTests.<init>(RedisZSetTests.java:38)
]]></error>
  </testcase>
  <testcase name="testReverseRangeByScoreWithScores[24]" classname="org.springframework.data.redis.support.collections.RedisZSetTests" time="0">
    <error message="Could not initialize class org.springframework.data.redis.test.util.MinimumRedisVersionRule" type="java.lang.NoClassDefFoundError"><![CDATA[java.lang.NoClassDefFoundError: Could not initialize class org.springframework.data.redis.test.util.MinimumRedisVersionRule
	at org.springframework.data.redis.support.collections.RedisZSetTests.<init>(RedisZSetTests.java:38)
]]></error>
  </testcase>
  <testcase name="testToArrayWithGenerics[24]" classname="org.springframework.data.redis.support.collections.RedisZSetTests" time="0">
    <error message="Could not initialize class org.springframework.data.redis.test.util.MinimumRedisVersionRule" type="java.lang.NoClassDefFoundError"><![CDATA[java.lang.NoClassDefFoundError: Could not initialize class org.springframework.data.redis.test.util.MinimumRedisVersionRule
	at org.springframework.data.redis.support.collections.RedisZSetTests.<init>(RedisZSetTests.java:38)
]]></error>
  </testcase>
  <testcase name="testFirstException[24]" classname="org.springframework.data.redis.support.collections.RedisZSetTests" time="0">
    <error message="Could not initialize class org.springframework.data.redis.test.util.MinimumRedisVersionRule" type="java.lang.NoClassDefFoundError"><![CDATA[java.lang.NoClassDefFoundError: Could not initialize class org.springframework.data.redis.test.util.MinimumRedisVersionRule
	at org.springframework.data.redis.support.collections.RedisZSetTests.<init>(RedisZSetTests.java:38)
]]></error>
  </testcase>
  <testcase name="testLastException[24]" classname="org.springframework.data.redis.support.collections.RedisZSetTests" time="0">
    <error message="Could not initialize class org.springframework.data.redis.test.util.MinimumRedisVersionRule" type="java.lang.NoClassDefFoundError"><![CDATA[java.lang.NoClassDefFoundError: Could not initialize class org.springframework.data.redis.test.util.MinimumRedisVersionRule
	at org.springframework.data.redis.support.collections.RedisZSetTests.<init>(RedisZSetTests.java:38)
]]></error>
  </testcase>
  <testcase name="testRemove[24]" classname="org.springframework.data.redis.support.collections.RedisZSetTests" time="0">
    <error message="Could not initialize class org.springframework.data.redis.test.util.MinimumRedisVersionRule" type="java.lang.NoClassDefFoundError"><![CDATA[java.lang.NoClassDefFoundError: Could not initialize class org.springframework.data.redis.test.util.MinimumRedisVersionRule
	at org.springframework.data.redis.support.collections.RedisZSetTests.<init>(RedisZSetTests.java:38)
]]></error>
  </testcase>
  <testcase name="testAddWithScore[24]" classname="org.springframework.data.redis.support.collections.RedisZSetTests" time="0">
    <error message="Could not initialize class org.springframework.data.redis.test.util.MinimumRedisVersionRule" type="java.lang.NoClassDefFoundError"><![CDATA[java.lang.NoClassDefFoundError: Could not initialize class org.springframework.data.redis.test.util.MinimumRedisVersionRule
	at org.springframework.data.redis.support.collections.RedisZSetTests.<init>(RedisZSetTests.java:38)
]]></error>
  </testcase>
  <testcase name="testIterator[24]" classname="org.springframework.data.redis.support.collections.RedisZSetTests" time="0">
    <error message="Could not initialize class org.springframework.data.redis.test.util.MinimumRedisVersionRule" type="java.lang.NoClassDefFoundError"><![CDATA[java.lang.NoClassDefFoundError: Could not initialize class org.springframework.data.redis.test.util.MinimumRedisVersionRule
	at org.springframework.data.redis.support.collections.RedisZSetTests.<init>(RedisZSetTests.java:38)
]]></error>
  </testcase>
  <testcase name="testReverseRangeByScore[24]" classname="org.springframework.data.redis.support.collections.RedisZSetTests" time="0">
    <error message="Could not initialize class org.springframework.data.redis.test.util.MinimumRedisVersionRule" type="java.lang.NoClassDefFoundError"><![CDATA[java.lang.NoClassDefFoundError: Could not initialize class org.springframework.data.redis.test.util.MinimumRedisVersionRule
	at org.springframework.data.redis.support.collections.RedisZSetTests.<init>(RedisZSetTests.java:38)
]]></error>
  </testcase>
  <testcase name="testRangeByLexBoundedWithLimit[24]" classname="org.springframework.data.redis.support.collections.RedisZSetTests" time="0.001">
    <error message="Could not initialize class org.springframework.data.redis.test.util.MinimumRedisVersionRule" type="java.lang.NoClassDefFoundError"><![CDATA[java.lang.NoClassDefFoundError: Could not initialize class org.springframework.data.redis.test.util.MinimumRedisVersionRule
	at org.springframework.data.redis.support.collections.RedisZSetTests.<init>(RedisZSetTests.java:38)
]]></error>
  </testcase>
  <testcase name="testContainsObject[24]" classname="org.springframework.data.redis.support.collections.RedisZSetTests" time="0">
    <error message="Could not initialize class org.springframework.data.redis.test.util.MinimumRedisVersionRule" type="java.lang.NoClassDefFoundError"><![CDATA[java.lang.NoClassDefFoundError: Could not initialize class org.springframework.data.redis.test.util.MinimumRedisVersionRule
	at org.springframework.data.redis.support.collections.RedisZSetTests.<init>(RedisZSetTests.java:38)
]]></error>
  </testcase>
  <testcase name="testClear[24]" classname="org.springframework.data.redis.support.collections.RedisZSetTests" time="0">
    <error message="Could not initialize class org.springframework.data.redis.test.util.MinimumRedisVersionRule" type="java.lang.NoClassDefFoundError"><![CDATA[java.lang.NoClassDefFoundError: Could not initialize class org.springframework.data.redis.test.util.MinimumRedisVersionRule
	at org.springframework.data.redis.support.collections.RedisZSetTests.<init>(RedisZSetTests.java:38)
]]></error>
  </testcase>
  <testcase name="testSize[24]" classname="org.springframework.data.redis.support.collections.RedisZSetTests" time="0">
    <error message="Could not initialize class org.springframework.data.redis.test.util.MinimumRedisVersionRule" type="java.lang.NoClassDefFoundError"><![CDATA[java.lang.NoClassDefFoundError: Could not initialize class org.springframework.data.redis.test.util.MinimumRedisVersionRule
	at org.springframework.data.redis.support.collections.RedisZSetTests.<init>(RedisZSetTests.java:38)
]]></error>
  </testcase>
  <testcase name="testToString[24]" classname="org.springframework.data.redis.support.collections.RedisZSetTests" time="0">
    <error message="Could not initialize class org.springframework.data.redis.test.util.MinimumRedisVersionRule" type="java.lang.NoClassDefFoundError"><![CDATA[java.lang.NoClassDefFoundError: Could not initialize class org.springframework.data.redis.test.util.MinimumRedisVersionRule
	at org.springframework.data.redis.support.collections.RedisZSetTests.<init>(RedisZSetTests.java:38)
]]></error>
  </testcase>
  <testcase name="testContainsAll[24]" classname="org.springframework.data.redis.support.collections.RedisZSetTests" time="0">
    <error message="Could not initialize class org.springframework.data.redis.test.util.MinimumRedisVersionRule" type="java.lang.NoClassDefFoundError"><![CDATA[java.lang.NoClassDefFoundError: Could not initialize class org.springframework.data.redis.test.util.MinimumRedisVersionRule
	at org.springframework.data.redis.support.collections.RedisZSetTests.<init>(RedisZSetTests.java:38)
]]></error>
  </testcase>
  <testcase name="testRemoveObject[24]" classname="org.springframework.data.redis.support.collections.RedisZSetTests" time="0">
    <error message="Could not initialize class org.springframework.data.redis.test.util.MinimumRedisVersionRule" type="java.lang.NoClassDefFoundError"><![CDATA[java.lang.NoClassDefFoundError: Could not initialize class org.springframework.data.redis.test.util.MinimumRedisVersionRule
	at org.springframework.data.redis.support.collections.RedisZSetTests.<init>(RedisZSetTests.java:38)
]]></error>
  </testcase>
  <testcase name="testHashCode[24]" classname="org.springframework.data.redis.support.collections.RedisZSetTests" time="0">
    <error message="Could not initialize class org.springframework.data.redis.test.util.MinimumRedisVersionRule" type="java.lang.NoClassDefFoundError"><![CDATA[java.lang.NoClassDefFoundError: Could not initialize class org.springframework.data.redis.test.util.MinimumRedisVersionRule
	at org.springframework.data.redis.support.collections.RedisZSetTests.<init>(RedisZSetTests.java:38)
]]></error>
  </testcase>
  <testcase name="testAddAll[24]" classname="org.springframework.data.redis.support.collections.RedisZSetTests" time="0">
    <error message="Could not initialize class org.springframework.data.redis.test.util.MinimumRedisVersionRule" type="java.lang.NoClassDefFoundError"><![CDATA[java.lang.NoClassDefFoundError: Could not initialize class org.springframework.data.redis.test.util.MinimumRedisVersionRule
	at org.springframework.data.redis.support.collections.RedisZSetTests.<init>(RedisZSetTests.java:38)
]]></error>
  </testcase>
  <testcase name="removeAll[24]" classname="org.springframework.data.redis.support.collections.RedisZSetTests" time="0">
    <error message="Could not initialize class org.springframework.data.redis.test.util.MinimumRedisVersionRule" type="java.lang.NoClassDefFoundError"><![CDATA[java.lang.NoClassDefFoundError: Could not initialize class org.springframework.data.redis.test.util.MinimumRedisVersionRule
	at org.springframework.data.redis.support.collections.RedisZSetTests.<init>(RedisZSetTests.java:38)
]]></error>
  </testcase>
  <testcase name="testEquals[24]" classname="org.springframework.data.redis.support.collections.RedisZSetTests" time="0">
    <error message="Could not initialize class org.springframework.data.redis.test.util.MinimumRedisVersionRule" type="java.lang.NoClassDefFoundError"><![CDATA[java.lang.NoClassDefFoundError: Could not initialize class org.springframework.data.redis.test.util.MinimumRedisVersionRule
	at org.springframework.data.redis.support.collections.RedisZSetTests.<init>(RedisZSetTests.java:38)
]]></error>
  </testcase>
  <testcase name="testGetKey[24]" classname="org.springframework.data.redis.support.collections.RedisZSetTests" time="0">
    <error message="Could not initialize class org.springframework.data.redis.test.util.MinimumRedisVersionRule" type="java.lang.NoClassDefFoundError"><![CDATA[java.lang.NoClassDefFoundError: Could not initialize class org.springframework.data.redis.test.util.MinimumRedisVersionRule
	at org.springframework.data.redis.support.collections.RedisZSetTests.<init>(RedisZSetTests.java:38)
]]></error>
  </testcase>
  <testcase name="testIsEmpty[24]" classname="org.springframework.data.redis.support.collections.RedisZSetTests" time="0">
    <error message="Could not initialize class org.springframework.data.redis.test.util.MinimumRedisVersionRule" type="java.lang.NoClassDefFoundError"><![CDATA[java.lang.NoClassDefFoundError: Could not initialize class org.springframework.data.redis.test.util.MinimumRedisVersionRule
	at org.springframework.data.redis.support.collections.RedisZSetTests.<init>(RedisZSetTests.java:38)
]]></error>
  </testcase>
  <testcase name="testToArray[25]" classname="org.springframework.data.redis.support.collections.RedisZSetTests" time="0">
    <error message="Could not initialize class org.springframework.data.redis.test.util.MinimumRedisVersionRule" type="java.lang.NoClassDefFoundError"><![CDATA[java.lang.NoClassDefFoundError: Could not initialize class org.springframework.data.redis.test.util.MinimumRedisVersionRule
	at org.springframework.data.redis.support.collections.RedisZSetTests.<init>(RedisZSetTests.java:38)
]]></error>
  </testcase>
  <testcase name="testAdd[25]" classname="org.springframework.data.redis.support.collections.RedisZSetTests" time="0">
    <error message="Could not initialize class org.springframework.data.redis.test.util.MinimumRedisVersionRule" type="java.lang.NoClassDefFoundError"><![CDATA[java.lang.NoClassDefFoundError: Could not initialize class org.springframework.data.redis.test.util.MinimumRedisVersionRule
	at org.springframework.data.redis.support.collections.RedisZSetTests.<init>(RedisZSetTests.java:38)
]]></error>
  </testcase>
  <testcase name="testFirst[25]" classname="org.springframework.data.redis.support.collections.RedisZSetTests" time="0">
    <error message="Could not initialize class org.springframework.data.redis.test.util.MinimumRedisVersionRule" type="java.lang.NoClassDefFoundError"><![CDATA[java.lang.NoClassDefFoundError: Could not initialize class org.springframework.data.redis.test.util.MinimumRedisVersionRule
	at org.springframework.data.redis.support.collections.RedisZSetTests.<init>(RedisZSetTests.java:38)
]]></error>
  </testcase>
  <testcase name="testRange[25]" classname="org.springframework.data.redis.support.collections.RedisZSetTests" time="0">
    <error message="Could not initialize class org.springframework.data.redis.test.util.MinimumRedisVersionRule" type="java.lang.NoClassDefFoundError"><![CDATA[java.lang.NoClassDefFoundError: Could not initialize class org.springframework.data.redis.test.util.MinimumRedisVersionRule
	at org.springframework.data.redis.support.collections.RedisZSetTests.<init>(RedisZSetTests.java:38)
]]></error>
  </testcase>
  <testcase name="testScore[25]" classname="org.springframework.data.redis.support.collections.RedisZSetTests" time="0">
    <error message="Could not initialize class org.springframework.data.redis.test.util.MinimumRedisVersionRule" type="java.lang.NoClassDefFoundError"><![CDATA[java.lang.NoClassDefFoundError: Could not initialize class org.springframework.data.redis.test.util.MinimumRedisVersionRule
	at org.springframework.data.redis.support.collections.RedisZSetTests.<init>(RedisZSetTests.java:38)
]]></error>
  </testcase>
  <testcase name="testLast[25]" classname="org.springframework.data.redis.support.collections.RedisZSetTests" time="0">
    <error message="Could not initialize class org.springframework.data.redis.test.util.MinimumRedisVersionRule" type="java.lang.NoClassDefFoundError"><![CDATA[java.lang.NoClassDefFoundError: Could not initialize class org.springframework.data.redis.test.util.MinimumRedisVersionRule
	at org.springframework.data.redis.support.collections.RedisZSetTests.<init>(RedisZSetTests.java:38)
]]></error>
  </testcase>
  <testcase name="testRank[25]" classname="org.springframework.data.redis.support.collections.RedisZSetTests" time="0">
    <error message="Could not initialize class org.springframework.data.redis.test.util.MinimumRedisVersionRule" type="java.lang.NoClassDefFoundError"><![CDATA[java.lang.NoClassDefFoundError: Could not initialize class org.springframework.data.redis.test.util.MinimumRedisVersionRule
	at org.springframework.data.redis.support.collections.RedisZSetTests.<init>(RedisZSetTests.java:38)
]]></error>
  </testcase>
  <testcase name="testRemoveByScore[25]" classname="org.springframework.data.redis.support.collections.RedisZSetTests" time="0.001">
    <error message="Could not initialize class org.springframework.data.redis.test.util.MinimumRedisVersionRule" type="java.lang.NoClassDefFoundError"><![CDATA[java.lang.NoClassDefFoundError: Could not initialize class org.springframework.data.redis.test.util.MinimumRedisVersionRule
	at org.springframework.data.redis.support.collections.RedisZSetTests.<init>(RedisZSetTests.java:38)
]]></error>
  </testcase>
  <testcase name="testRangeWithScores[25]" classname="org.springframework.data.redis.support.collections.RedisZSetTests" time="0">
    <error message="Could not initialize class org.springframework.data.redis.test.util.MinimumRedisVersionRule" type="java.lang.NoClassDefFoundError"><![CDATA[java.lang.NoClassDefFoundError: Could not initialize class org.springframework.data.redis.test.util.MinimumRedisVersionRule
	at org.springframework.data.redis.support.collections.RedisZSetTests.<init>(RedisZSetTests.java:38)
]]></error>
  </testcase>
  <testcase name="testRangeByLexUnbounded[25]" classname="org.springframework.data.redis.support.collections.RedisZSetTests" time="0">
    <error message="Could not initialize class org.springframework.data.redis.test.util.MinimumRedisVersionRule" type="java.lang.NoClassDefFoundError"><![CDATA[java.lang.NoClassDefFoundError: Could not initialize class org.springframework.data.redis.test.util.MinimumRedisVersionRule
	at org.springframework.data.redis.support.collections.RedisZSetTests.<init>(RedisZSetTests.java:38)
]]></error>
  </testcase>
  <testcase name="testRangeByLexBounded[25]" classname="org.springframework.data.redis.support.collections.RedisZSetTests" time="0">
    <error message="Could not initialize class org.springframework.data.redis.test.util.MinimumRedisVersionRule" type="java.lang.NoClassDefFoundError"><![CDATA[java.lang.NoClassDefFoundError: Could not initialize class org.springframework.data.redis.test.util.MinimumRedisVersionRule
	at org.springframework.data.redis.support.collections.RedisZSetTests.<init>(RedisZSetTests.java:38)
]]></error>
  </testcase>
  <testcase name="testScanWorksCorrectly[25]" classname="org.springframework.data.redis.support.collections.RedisZSetTests" time="0">
    <error message="Could not initialize class org.springframework.data.redis.test.util.MinimumRedisVersionRule" type="java.lang.NoClassDefFoundError"><![CDATA[java.lang.NoClassDefFoundError: Could not initialize class org.springframework.data.redis.test.util.MinimumRedisVersionRule
	at org.springframework.data.redis.support.collections.RedisZSetTests.<init>(RedisZSetTests.java:38)
]]></error>
  </testcase>
  <testcase name="testRangeByScoreWithScores[25]" classname="org.springframework.data.redis.support.collections.RedisZSetTests" time="0">
    <error message="Could not initialize class org.springframework.data.redis.test.util.MinimumRedisVersionRule" type="java.lang.NoClassDefFoundError"><![CDATA[java.lang.NoClassDefFoundError: Could not initialize class org.springframework.data.redis.test.util.MinimumRedisVersionRule
	at org.springframework.data.redis.support.collections.RedisZSetTests.<init>(RedisZSetTests.java:38)
]]></error>
  </testcase>
  <testcase name="testDefaultScore[25]" classname="org.springframework.data.redis.support.collections.RedisZSetTests" time="0">
    <error message="Could not initialize class org.springframework.data.redis.test.util.MinimumRedisVersionRule" type="java.lang.NoClassDefFoundError"><![CDATA[java.lang.NoClassDefFoundError: Could not initialize class org.springframework.data.redis.test.util.MinimumRedisVersionRule
	at org.springframework.data.redis.support.collections.RedisZSetTests.<init>(RedisZSetTests.java:38)
]]></error>
  </testcase>
  <testcase name="testRangeByScore[25]" classname="org.springframework.data.redis.support.collections.RedisZSetTests" time="0">
    <error message="Could not initialize class org.springframework.data.redis.test.util.MinimumRedisVersionRule" type="java.lang.NoClassDefFoundError"><![CDATA[java.lang.NoClassDefFoundError: Could not initialize class org.springframework.data.redis.test.util.MinimumRedisVersionRule
	at org.springframework.data.redis.support.collections.RedisZSetTests.<init>(RedisZSetTests.java:38)
]]></error>
  </testcase>
  <testcase name="testIntersectAndStore[25]" classname="org.springframework.data.redis.support.collections.RedisZSetTests" time="0">
    <error message="Could not initialize class org.springframework.data.redis.test.util.MinimumRedisVersionRule" type="java.lang.NoClassDefFoundError"><![CDATA[java.lang.NoClassDefFoundError: Could not initialize class org.springframework.data.redis.test.util.MinimumRedisVersionRule
	at org.springframework.data.redis.support.collections.RedisZSetTests.<init>(RedisZSetTests.java:38)
]]></error>
  </testcase>
  <testcase name="testReverseRank[25]" classname="org.springframework.data.redis.support.collections.RedisZSetTests" time="0">
    <error message="Could not initialize class org.springframework.data.redis.test.util.MinimumRedisVersionRule" type="java.lang.NoClassDefFoundError"><![CDATA[java.lang.NoClassDefFoundError: Could not initialize class org.springframework.data.redis.test.util.MinimumRedisVersionRule
	at org.springframework.data.redis.support.collections.RedisZSetTests.<init>(RedisZSetTests.java:38)
]]></error>
  </testcase>
  <testcase name="testReverseRangeWithScores[25]" classname="org.springframework.data.redis.support.collections.RedisZSetTests" time="0.001">
    <error message="Could not initialize class org.springframework.data.redis.test.util.MinimumRedisVersionRule" type="java.lang.NoClassDefFoundError"><![CDATA[java.lang.NoClassDefFoundError: Could not initialize class org.springframework.data.redis.test.util.MinimumRedisVersionRule
	at org.springframework.data.redis.support.collections.RedisZSetTests.<init>(RedisZSetTests.java:38)
]]></error>
  </testcase>
  <testcase name="testReverseRange[25]" classname="org.springframework.data.redis.support.collections.RedisZSetTests" time="0">
    <error message="Could not initialize class org.springframework.data.redis.test.util.MinimumRedisVersionRule" type="java.lang.NoClassDefFoundError"><![CDATA[java.lang.NoClassDefFoundError: Could not initialize class org.springframework.data.redis.test.util.MinimumRedisVersionRule
	at org.springframework.data.redis.support.collections.RedisZSetTests.<init>(RedisZSetTests.java:38)
]]></error>
  </testcase>
  <testcase name="testUnionAndStore[25]" classname="org.springframework.data.redis.support.collections.RedisZSetTests" time="0">
    <error message="Could not initialize class org.springframework.data.redis.test.util.MinimumRedisVersionRule" type="java.lang.NoClassDefFoundError"><![CDATA[java.lang.NoClassDefFoundError: Could not initialize class org.springframework.data.redis.test.util.MinimumRedisVersionRule
	at org.springframework.data.redis.support.collections.RedisZSetTests.<init>(RedisZSetTests.java:38)
]]></error>
  </testcase>
  <testcase name="testRangeByLexUnboundedWithLimit[25]" classname="org.springframework.data.redis.support.collections.RedisZSetTests" time="0">
    <error message="Could not initialize class org.springframework.data.redis.test.util.MinimumRedisVersionRule" type="java.lang.NoClassDefFoundError"><![CDATA[java.lang.NoClassDefFoundError: Could not initialize class org.springframework.data.redis.test.util.MinimumRedisVersionRule
	at org.springframework.data.redis.support.collections.RedisZSetTests.<init>(RedisZSetTests.java:38)
]]></error>
  </testcase>
  <testcase name="testReverseRangeByScoreWithScores[25]" classname="org.springframework.data.redis.support.collections.RedisZSetTests" time="0">
    <error message="Could not initialize class org.springframework.data.redis.test.util.MinimumRedisVersionRule" type="java.lang.NoClassDefFoundError"><![CDATA[java.lang.NoClassDefFoundError: Could not initialize class org.springframework.data.redis.test.util.MinimumRedisVersionRule
	at org.springframework.data.redis.support.collections.RedisZSetTests.<init>(RedisZSetTests.java:38)
]]></error>
  </testcase>
  <testcase name="testToArrayWithGenerics[25]" classname="org.springframework.data.redis.support.collections.RedisZSetTests" time="0">
    <error message="Could not initialize class org.springframework.data.redis.test.util.MinimumRedisVersionRule" type="java.lang.NoClassDefFoundError"><![CDATA[java.lang.NoClassDefFoundError: Could not initialize class org.springframework.data.redis.test.util.MinimumRedisVersionRule
	at org.springframework.data.redis.support.collections.RedisZSetTests.<init>(RedisZSetTests.java:38)
]]></error>
  </testcase>
  <testcase name="testFirstException[25]" classname="org.springframework.data.redis.support.collections.RedisZSetTests" time="0">
    <error message="Could not initialize class org.springframework.data.redis.test.util.MinimumRedisVersionRule" type="java.lang.NoClassDefFoundError"><![CDATA[java.lang.NoClassDefFoundError: Could not initialize class org.springframework.data.redis.test.util.MinimumRedisVersionRule
	at org.springframework.data.redis.support.collections.RedisZSetTests.<init>(RedisZSetTests.java:38)
]]></error>
  </testcase>
  <testcase name="testLastException[25]" classname="org.springframework.data.redis.support.collections.RedisZSetTests" time="0">
    <error message="Could not initialize class org.springframework.data.redis.test.util.MinimumRedisVersionRule" type="java.lang.NoClassDefFoundError"><![CDATA[java.lang.NoClassDefFoundError: Could not initialize class org.springframework.data.redis.test.util.MinimumRedisVersionRule
	at org.springframework.data.redis.support.collections.RedisZSetTests.<init>(RedisZSetTests.java:38)
]]></error>
  </testcase>
  <testcase name="testRemove[25]" classname="org.springframework.data.redis.support.collections.RedisZSetTests" time="0">
    <error message="Could not initialize class org.springframework.data.redis.test.util.MinimumRedisVersionRule" type="java.lang.NoClassDefFoundError"><![CDATA[java.lang.NoClassDefFoundError: Could not initialize class org.springframework.data.redis.test.util.MinimumRedisVersionRule
	at org.springframework.data.redis.support.collections.RedisZSetTests.<init>(RedisZSetTests.java:38)
]]></error>
  </testcase>
  <testcase name="testAddWithScore[25]" classname="org.springframework.data.redis.support.collections.RedisZSetTests" time="0">
    <error message="Could not initialize class org.springframework.data.redis.test.util.MinimumRedisVersionRule" type="java.lang.NoClassDefFoundError"><![CDATA[java.lang.NoClassDefFoundError: Could not initialize class org.springframework.data.redis.test.util.MinimumRedisVersionRule
	at org.springframework.data.redis.support.collections.RedisZSetTests.<init>(RedisZSetTests.java:38)
]]></error>
  </testcase>
  <testcase name="testIterator[25]" classname="org.springframework.data.redis.support.collections.RedisZSetTests" time="0">
    <error message="Could not initialize class org.springframework.data.redis.test.util.MinimumRedisVersionRule" type="java.lang.NoClassDefFoundError"><![CDATA[java.lang.NoClassDefFoundError: Could not initialize class org.springframework.data.redis.test.util.MinimumRedisVersionRule
	at org.springframework.data.redis.support.collections.RedisZSetTests.<init>(RedisZSetTests.java:38)
]]></error>
  </testcase>
  <testcase name="testReverseRangeByScore[25]" classname="org.springframework.data.redis.support.collections.RedisZSetTests" time="0">
    <error message="Could not initialize class org.springframework.data.redis.test.util.MinimumRedisVersionRule" type="java.lang.NoClassDefFoundError"><![CDATA[java.lang.NoClassDefFoundError: Could not initialize class org.springframework.data.redis.test.util.MinimumRedisVersionRule
	at org.springframework.data.redis.support.collections.RedisZSetTests.<init>(RedisZSetTests.java:38)
]]></error>
  </testcase>
  <testcase name="testRangeByLexBoundedWithLimit[25]" classname="org.springframework.data.redis.support.collections.RedisZSetTests" time="0">
    <error message="Could not initialize class org.springframework.data.redis.test.util.MinimumRedisVersionRule" type="java.lang.NoClassDefFoundError"><![CDATA[java.lang.NoClassDefFoundError: Could not initialize class org.springframework.data.redis.test.util.MinimumRedisVersionRule
	at org.springframework.data.redis.support.collections.RedisZSetTests.<init>(RedisZSetTests.java:38)
]]></error>
  </testcase>
  <testcase name="testContainsObject[25]" classname="org.springframework.data.redis.support.collections.RedisZSetTests" time="0">
    <error message="Could not initialize class org.springframework.data.redis.test.util.MinimumRedisVersionRule" type="java.lang.NoClassDefFoundError"><![CDATA[java.lang.NoClassDefFoundError: Could not initialize class org.springframework.data.redis.test.util.MinimumRedisVersionRule
	at org.springframework.data.redis.support.collections.RedisZSetTests.<init>(RedisZSetTests.java:38)
]]></error>
  </testcase>
  <testcase name="testClear[25]" classname="org.springframework.data.redis.support.collections.RedisZSetTests" time="0">
    <error message="Could not initialize class org.springframework.data.redis.test.util.MinimumRedisVersionRule" type="java.lang.NoClassDefFoundError"><![CDATA[java.lang.NoClassDefFoundError: Could not initialize class org.springframework.data.redis.test.util.MinimumRedisVersionRule
	at org.springframework.data.redis.support.collections.RedisZSetTests.<init>(RedisZSetTests.java:38)
]]></error>
  </testcase>
  <testcase name="testSize[25]" classname="org.springframework.data.redis.support.collections.RedisZSetTests" time="0">
    <error message="Could not initialize class org.springframework.data.redis.test.util.MinimumRedisVersionRule" type="java.lang.NoClassDefFoundError"><![CDATA[java.lang.NoClassDefFoundError: Could not initialize class org.springframework.data.redis.test.util.MinimumRedisVersionRule
	at org.springframework.data.redis.support.collections.RedisZSetTests.<init>(RedisZSetTests.java:38)
]]></error>
  </testcase>
  <testcase name="testToString[25]" classname="org.springframework.data.redis.support.collections.RedisZSetTests" time="0">
    <error message="Could not initialize class org.springframework.data.redis.test.util.MinimumRedisVersionRule" type="java.lang.NoClassDefFoundError"><![CDATA[java.lang.NoClassDefFoundError: Could not initialize class org.springframework.data.redis.test.util.MinimumRedisVersionRule
	at org.springframework.data.redis.support.collections.RedisZSetTests.<init>(RedisZSetTests.java:38)
]]></error>
  </testcase>
  <testcase name="testContainsAll[25]" classname="org.springframework.data.redis.support.collections.RedisZSetTests" time="0">
    <error message="Could not initialize class org.springframework.data.redis.test.util.MinimumRedisVersionRule" type="java.lang.NoClassDefFoundError"><![CDATA[java.lang.NoClassDefFoundError: Could not initialize class org.springframework.data.redis.test.util.MinimumRedisVersionRule
	at org.springframework.data.redis.support.collections.RedisZSetTests.<init>(RedisZSetTests.java:38)
]]></error>
  </testcase>
  <testcase name="testRemoveObject[25]" classname="org.springframework.data.redis.support.collections.RedisZSetTests" time="0">
    <error message="Could not initialize class org.springframework.data.redis.test.util.MinimumRedisVersionRule" type="java.lang.NoClassDefFoundError"><![CDATA[java.lang.NoClassDefFoundError: Could not initialize class org.springframework.data.redis.test.util.MinimumRedisVersionRule
	at org.springframework.data.redis.support.collections.RedisZSetTests.<init>(RedisZSetTests.java:38)
]]></error>
  </testcase>
  <testcase name="testHashCode[25]" classname="org.springframework.data.redis.support.collections.RedisZSetTests" time="0">
    <error message="Could not initialize class org.springframework.data.redis.test.util.MinimumRedisVersionRule" type="java.lang.NoClassDefFoundError"><![CDATA[java.lang.NoClassDefFoundError: Could not initialize class org.springframework.data.redis.test.util.MinimumRedisVersionRule
	at org.springframework.data.redis.support.collections.RedisZSetTests.<init>(RedisZSetTests.java:38)
]]></error>
  </testcase>
  <testcase name="testAddAll[25]" classname="org.springframework.data.redis.support.collections.RedisZSetTests" time="0">
    <error message="Could not initialize class org.springframework.data.redis.test.util.MinimumRedisVersionRule" type="java.lang.NoClassDefFoundError"><![CDATA[java.lang.NoClassDefFoundError: Could not initialize class org.springframework.data.redis.test.util.MinimumRedisVersionRule
	at org.springframework.data.redis.support.collections.RedisZSetTests.<init>(RedisZSetTests.java:38)
]]></error>
  </testcase>
  <testcase name="removeAll[25]" classname="org.springframework.data.redis.support.collections.RedisZSetTests" time="0.001">
    <error message="Could not initialize class org.springframework.data.redis.test.util.MinimumRedisVersionRule" type="java.lang.NoClassDefFoundError"><![CDATA[java.lang.NoClassDefFoundError: Could not initialize class org.springframework.data.redis.test.util.MinimumRedisVersionRule
	at org.springframework.data.redis.support.collections.RedisZSetTests.<init>(RedisZSetTests.java:38)
]]></error>
  </testcase>
  <testcase name="testEquals[25]" classname="org.springframework.data.redis.support.collections.RedisZSetTests" time="0">
    <error message="Could not initialize class org.springframework.data.redis.test.util.MinimumRedisVersionRule" type="java.lang.NoClassDefFoundError"><![CDATA[java.lang.NoClassDefFoundError: Could not initialize class org.springframework.data.redis.test.util.MinimumRedisVersionRule
	at org.springframework.data.redis.support.collections.RedisZSetTests.<init>(RedisZSetTests.java:38)
]]></error>
  </testcase>
  <testcase name="testGetKey[25]" classname="org.springframework.data.redis.support.collections.RedisZSetTests" time="0">
    <error message="Could not initialize class org.springframework.data.redis.test.util.MinimumRedisVersionRule" type="java.lang.NoClassDefFoundError"><![CDATA[java.lang.NoClassDefFoundError: Could not initialize class org.springframework.data.redis.test.util.MinimumRedisVersionRule
	at org.springframework.data.redis.support.collections.RedisZSetTests.<init>(RedisZSetTests.java:38)
]]></error>
  </testcase>
  <testcase name="testIsEmpty[25]" classname="org.springframework.data.redis.support.collections.RedisZSetTests" time="0">
    <error message="Could not initialize class org.springframework.data.redis.test.util.MinimumRedisVersionRule" type="java.lang.NoClassDefFoundError"><![CDATA[java.lang.NoClassDefFoundError: Could not initialize class org.springframework.data.redis.test.util.MinimumRedisVersionRule
	at org.springframework.data.redis.support.collections.RedisZSetTests.<init>(RedisZSetTests.java:38)
]]></error>
  </testcase>
  <testcase name="testToArray[26]" classname="org.springframework.data.redis.support.collections.RedisZSetTests" time="0">
    <error message="Could not initialize class org.springframework.data.redis.test.util.MinimumRedisVersionRule" type="java.lang.NoClassDefFoundError"><![CDATA[java.lang.NoClassDefFoundError: Could not initialize class org.springframework.data.redis.test.util.MinimumRedisVersionRule
	at org.springframework.data.redis.support.collections.RedisZSetTests.<init>(RedisZSetTests.java:38)
]]></error>
  </testcase>
  <testcase name="testAdd[26]" classname="org.springframework.data.redis.support.collections.RedisZSetTests" time="0">
    <error message="Could not initialize class org.springframework.data.redis.test.util.MinimumRedisVersionRule" type="java.lang.NoClassDefFoundError"><![CDATA[java.lang.NoClassDefFoundError: Could not initialize class org.springframework.data.redis.test.util.MinimumRedisVersionRule
	at org.springframework.data.redis.support.collections.RedisZSetTests.<init>(RedisZSetTests.java:38)
]]></error>
  </testcase>
  <testcase name="testFirst[26]" classname="org.springframework.data.redis.support.collections.RedisZSetTests" time="0">
    <error message="Could not initialize class org.springframework.data.redis.test.util.MinimumRedisVersionRule" type="java.lang.NoClassDefFoundError"><![CDATA[java.lang.NoClassDefFoundError: Could not initialize class org.springframework.data.redis.test.util.MinimumRedisVersionRule
	at org.springframework.data.redis.support.collections.RedisZSetTests.<init>(RedisZSetTests.java:38)
]]></error>
  </testcase>
  <testcase name="testRange[26]" classname="org.springframework.data.redis.support.collections.RedisZSetTests" time="0">
    <error message="Could not initialize class org.springframework.data.redis.test.util.MinimumRedisVersionRule" type="java.lang.NoClassDefFoundError"><![CDATA[java.lang.NoClassDefFoundError: Could not initialize class org.springframework.data.redis.test.util.MinimumRedisVersionRule
	at org.springframework.data.redis.support.collections.RedisZSetTests.<init>(RedisZSetTests.java:38)
]]></error>
  </testcase>
  <testcase name="testScore[26]" classname="org.springframework.data.redis.support.collections.RedisZSetTests" time="0">
    <error message="Could not initialize class org.springframework.data.redis.test.util.MinimumRedisVersionRule" type="java.lang.NoClassDefFoundError"><![CDATA[java.lang.NoClassDefFoundError: Could not initialize class org.springframework.data.redis.test.util.MinimumRedisVersionRule
	at org.springframework.data.redis.support.collections.RedisZSetTests.<init>(RedisZSetTests.java:38)
]]></error>
  </testcase>
  <testcase name="testLast[26]" classname="org.springframework.data.redis.support.collections.RedisZSetTests" time="0">
    <error message="Could not initialize class org.springframework.data.redis.test.util.MinimumRedisVersionRule" type="java.lang.NoClassDefFoundError"><![CDATA[java.lang.NoClassDefFoundError: Could not initialize class org.springframework.data.redis.test.util.MinimumRedisVersionRule
	at org.springframework.data.redis.support.collections.RedisZSetTests.<init>(RedisZSetTests.java:38)
]]></error>
  </testcase>
  <testcase name="testRank[26]" classname="org.springframework.data.redis.support.collections.RedisZSetTests" time="0">
    <error message="Could not initialize class org.springframework.data.redis.test.util.MinimumRedisVersionRule" type="java.lang.NoClassDefFoundError"><![CDATA[java.lang.NoClassDefFoundError: Could not initialize class org.springframework.data.redis.test.util.MinimumRedisVersionRule
	at org.springframework.data.redis.support.collections.RedisZSetTests.<init>(RedisZSetTests.java:38)
]]></error>
  </testcase>
  <testcase name="testRemoveByScore[26]" classname="org.springframework.data.redis.support.collections.RedisZSetTests" time="0">
    <error message="Could not initialize class org.springframework.data.redis.test.util.MinimumRedisVersionRule" type="java.lang.NoClassDefFoundError"><![CDATA[java.lang.NoClassDefFoundError: Could not initialize class org.springframework.data.redis.test.util.MinimumRedisVersionRule
	at org.springframework.data.redis.support.collections.RedisZSetTests.<init>(RedisZSetTests.java:38)
]]></error>
  </testcase>
  <testcase name="testRangeWithScores[26]" classname="org.springframework.data.redis.support.collections.RedisZSetTests" time="0">
    <error message="Could not initialize class org.springframework.data.redis.test.util.MinimumRedisVersionRule" type="java.lang.NoClassDefFoundError"><![CDATA[java.lang.NoClassDefFoundError: Could not initialize class org.springframework.data.redis.test.util.MinimumRedisVersionRule
	at org.springframework.data.redis.support.collections.RedisZSetTests.<init>(RedisZSetTests.java:38)
]]></error>
  </testcase>
  <testcase name="testRangeByLexUnbounded[26]" classname="org.springframework.data.redis.support.collections.RedisZSetTests" time="0">
    <error message="Could not initialize class org.springframework.data.redis.test.util.MinimumRedisVersionRule" type="java.lang.NoClassDefFoundError"><![CDATA[java.lang.NoClassDefFoundError: Could not initialize class org.springframework.data.redis.test.util.MinimumRedisVersionRule
	at org.springframework.data.redis.support.collections.RedisZSetTests.<init>(RedisZSetTests.java:38)
]]></error>
  </testcase>
  <testcase name="testRangeByLexBounded[26]" classname="org.springframework.data.redis.support.collections.RedisZSetTests" time="0">
    <error message="Could not initialize class org.springframework.data.redis.test.util.MinimumRedisVersionRule" type="java.lang.NoClassDefFoundError"><![CDATA[java.lang.NoClassDefFoundError: Could not initialize class org.springframework.data.redis.test.util.MinimumRedisVersionRule
	at org.springframework.data.redis.support.collections.RedisZSetTests.<init>(RedisZSetTests.java:38)
]]></error>
  </testcase>
  <testcase name="testScanWorksCorrectly[26]" classname="org.springframework.data.redis.support.collections.RedisZSetTests" time="0">
    <error message="Could not initialize class org.springframework.data.redis.test.util.MinimumRedisVersionRule" type="java.lang.NoClassDefFoundError"><![CDATA[java.lang.NoClassDefFoundError: Could not initialize class org.springframework.data.redis.test.util.MinimumRedisVersionRule
	at org.springframework.data.redis.support.collections.RedisZSetTests.<init>(RedisZSetTests.java:38)
]]></error>
  </testcase>
  <testcase name="testRangeByScoreWithScores[26]" classname="org.springframework.data.redis.support.collections.RedisZSetTests" time="0">
    <error message="Could not initialize class org.springframework.data.redis.test.util.MinimumRedisVersionRule" type="java.lang.NoClassDefFoundError"><![CDATA[java.lang.NoClassDefFoundError: Could not initialize class org.springframework.data.redis.test.util.MinimumRedisVersionRule
	at org.springframework.data.redis.support.collections.RedisZSetTests.<init>(RedisZSetTests.java:38)
]]></error>
  </testcase>
  <testcase name="testDefaultScore[26]" classname="org.springframework.data.redis.support.collections.RedisZSetTests" time="0">
    <error message="Could not initialize class org.springframework.data.redis.test.util.MinimumRedisVersionRule" type="java.lang.NoClassDefFoundError"><![CDATA[java.lang.NoClassDefFoundError: Could not initialize class org.springframework.data.redis.test.util.MinimumRedisVersionRule
	at org.springframework.data.redis.support.collections.RedisZSetTests.<init>(RedisZSetTests.java:38)
]]></error>
  </testcase>
  <testcase name="testRangeByScore[26]" classname="org.springframework.data.redis.support.collections.RedisZSetTests" time="0">
    <error message="Could not initialize class org.springframework.data.redis.test.util.MinimumRedisVersionRule" type="java.lang.NoClassDefFoundError"><![CDATA[java.lang.NoClassDefFoundError: Could not initialize class org.springframework.data.redis.test.util.MinimumRedisVersionRule
	at org.springframework.data.redis.support.collections.RedisZSetTests.<init>(RedisZSetTests.java:38)
]]></error>
  </testcase>
  <testcase name="testIntersectAndStore[26]" classname="org.springframework.data.redis.support.collections.RedisZSetTests" time="0">
    <error message="Could not initialize class org.springframework.data.redis.test.util.MinimumRedisVersionRule" type="java.lang.NoClassDefFoundError"><![CDATA[java.lang.NoClassDefFoundError: Could not initialize class org.springframework.data.redis.test.util.MinimumRedisVersionRule
	at org.springframework.data.redis.support.collections.RedisZSetTests.<init>(RedisZSetTests.java:38)
]]></error>
  </testcase>
  <testcase name="testReverseRank[26]" classname="org.springframework.data.redis.support.collections.RedisZSetTests" time="0">
    <error message="Could not initialize class org.springframework.data.redis.test.util.MinimumRedisVersionRule" type="java.lang.NoClassDefFoundError"><![CDATA[java.lang.NoClassDefFoundError: Could not initialize class org.springframework.data.redis.test.util.MinimumRedisVersionRule
	at org.springframework.data.redis.support.collections.RedisZSetTests.<init>(RedisZSetTests.java:38)
]]></error>
  </testcase>
  <testcase name="testReverseRangeWithScores[26]" classname="org.springframework.data.redis.support.collections.RedisZSetTests" time="0">
    <error message="Could not initialize class org.springframework.data.redis.test.util.MinimumRedisVersionRule" type="java.lang.NoClassDefFoundError"><![CDATA[java.lang.NoClassDefFoundError: Could not initialize class org.springframework.data.redis.test.util.MinimumRedisVersionRule
	at org.springframework.data.redis.support.collections.RedisZSetTests.<init>(RedisZSetTests.java:38)
]]></error>
  </testcase>
  <testcase name="testReverseRange[26]" classname="org.springframework.data.redis.support.collections.RedisZSetTests" time="0">
    <error message="Could not initialize class org.springframework.data.redis.test.util.MinimumRedisVersionRule" type="java.lang.NoClassDefFoundError"><![CDATA[java.lang.NoClassDefFoundError: Could not initialize class org.springframework.data.redis.test.util.MinimumRedisVersionRule
	at org.springframework.data.redis.support.collections.RedisZSetTests.<init>(RedisZSetTests.java:38)
]]></error>
  </testcase>
  <testcase name="testUnionAndStore[26]" classname="org.springframework.data.redis.support.collections.RedisZSetTests" time="0">
    <error message="Could not initialize class org.springframework.data.redis.test.util.MinimumRedisVersionRule" type="java.lang.NoClassDefFoundError"><![CDATA[java.lang.NoClassDefFoundError: Could not initialize class org.springframework.data.redis.test.util.MinimumRedisVersionRule
	at org.springframework.data.redis.support.collections.RedisZSetTests.<init>(RedisZSetTests.java:38)
]]></error>
  </testcase>
  <testcase name="testRangeByLexUnboundedWithLimit[26]" classname="org.springframework.data.redis.support.collections.RedisZSetTests" time="0">
    <error message="Could not initialize class org.springframework.data.redis.test.util.MinimumRedisVersionRule" type="java.lang.NoClassDefFoundError"><![CDATA[java.lang.NoClassDefFoundError: Could not initialize class org.springframework.data.redis.test.util.MinimumRedisVersionRule
	at org.springframework.data.redis.support.collections.RedisZSetTests.<init>(RedisZSetTests.java:38)
]]></error>
  </testcase>
  <testcase name="testReverseRangeByScoreWithScores[26]" classname="org.springframework.data.redis.support.collections.RedisZSetTests" time="0">
    <error message="Could not initialize class org.springframework.data.redis.test.util.MinimumRedisVersionRule" type="java.lang.NoClassDefFoundError"><![CDATA[java.lang.NoClassDefFoundError: Could not initialize class org.springframework.data.redis.test.util.MinimumRedisVersionRule
	at org.springframework.data.redis.support.collections.RedisZSetTests.<init>(RedisZSetTests.java:38)
]]></error>
  </testcase>
  <testcase name="testToArrayWithGenerics[26]" classname="org.springframework.data.redis.support.collections.RedisZSetTests" time="0">
    <error message="Could not initialize class org.springframework.data.redis.test.util.MinimumRedisVersionRule" type="java.lang.NoClassDefFoundError"><![CDATA[java.lang.NoClassDefFoundError: Could not initialize class org.springframework.data.redis.test.util.MinimumRedisVersionRule
	at org.springframework.data.redis.support.collections.RedisZSetTests.<init>(RedisZSetTests.java:38)
]]></error>
  </testcase>
  <testcase name="testFirstException[26]" classname="org.springframework.data.redis.support.collections.RedisZSetTests" time="0">
    <error message="Could not initialize class org.springframework.data.redis.test.util.MinimumRedisVersionRule" type="java.lang.NoClassDefFoundError"><![CDATA[java.lang.NoClassDefFoundError: Could not initialize class org.springframework.data.redis.test.util.MinimumRedisVersionRule
	at org.springframework.data.redis.support.collections.RedisZSetTests.<init>(RedisZSetTests.java:38)
]]></error>
  </testcase>
  <testcase name="testLastException[26]" classname="org.springframework.data.redis.support.collections.RedisZSetTests" time="0">
    <error message="Could not initialize class org.springframework.data.redis.test.util.MinimumRedisVersionRule" type="java.lang.NoClassDefFoundError"><![CDATA[java.lang.NoClassDefFoundError: Could not initialize class org.springframework.data.redis.test.util.MinimumRedisVersionRule
	at org.springframework.data.redis.support.collections.RedisZSetTests.<init>(RedisZSetTests.java:38)
]]></error>
  </testcase>
  <testcase name="testRemove[26]" classname="org.springframework.data.redis.support.collections.RedisZSetTests" time="0">
    <error message="Could not initialize class org.springframework.data.redis.test.util.MinimumRedisVersionRule" type="java.lang.NoClassDefFoundError"><![CDATA[java.lang.NoClassDefFoundError: Could not initialize class org.springframework.data.redis.test.util.MinimumRedisVersionRule
	at org.springframework.data.redis.support.collections.RedisZSetTests.<init>(RedisZSetTests.java:38)
]]></error>
  </testcase>
  <testcase name="testAddWithScore[26]" classname="org.springframework.data.redis.support.collections.RedisZSetTests" time="0">
    <error message="Could not initialize class org.springframework.data.redis.test.util.MinimumRedisVersionRule" type="java.lang.NoClassDefFoundError"><![CDATA[java.lang.NoClassDefFoundError: Could not initialize class org.springframework.data.redis.test.util.MinimumRedisVersionRule
	at org.springframework.data.redis.support.collections.RedisZSetTests.<init>(RedisZSetTests.java:38)
]]></error>
  </testcase>
  <testcase name="testIterator[26]" classname="org.springframework.data.redis.support.collections.RedisZSetTests" time="0.001">
    <error message="Could not initialize class org.springframework.data.redis.test.util.MinimumRedisVersionRule" type="java.lang.NoClassDefFoundError"><![CDATA[java.lang.NoClassDefFoundError: Could not initialize class org.springframework.data.redis.test.util.MinimumRedisVersionRule
	at org.springframework.data.redis.support.collections.RedisZSetTests.<init>(RedisZSetTests.java:38)
]]></error>
  </testcase>
  <testcase name="testReverseRangeByScore[26]" classname="org.springframework.data.redis.support.collections.RedisZSetTests" time="0">
    <error message="Could not initialize class org.springframework.data.redis.test.util.MinimumRedisVersionRule" type="java.lang.NoClassDefFoundError"><![CDATA[java.lang.NoClassDefFoundError: Could not initialize class org.springframework.data.redis.test.util.MinimumRedisVersionRule
	at org.springframework.data.redis.support.collections.RedisZSetTests.<init>(RedisZSetTests.java:38)
]]></error>
  </testcase>
  <testcase name="testRangeByLexBoundedWithLimit[26]" classname="org.springframework.data.redis.support.collections.RedisZSetTests" time="0">
    <error message="Could not initialize class org.springframework.data.redis.test.util.MinimumRedisVersionRule" type="java.lang.NoClassDefFoundError"><![CDATA[java.lang.NoClassDefFoundError: Could not initialize class org.springframework.data.redis.test.util.MinimumRedisVersionRule
	at org.springframework.data.redis.support.collections.RedisZSetTests.<init>(RedisZSetTests.java:38)
]]></error>
  </testcase>
  <testcase name="testContainsObject[26]" classname="org.springframework.data.redis.support.collections.RedisZSetTests" time="0">
    <error message="Could not initialize class org.springframework.data.redis.test.util.MinimumRedisVersionRule" type="java.lang.NoClassDefFoundError"><![CDATA[java.lang.NoClassDefFoundError: Could not initialize class org.springframework.data.redis.test.util.MinimumRedisVersionRule
	at org.springframework.data.redis.support.collections.RedisZSetTests.<init>(RedisZSetTests.java:38)
]]></error>
  </testcase>
  <testcase name="testClear[26]" classname="org.springframework.data.redis.support.collections.RedisZSetTests" time="0">
    <error message="Could not initialize class org.springframework.data.redis.test.util.MinimumRedisVersionRule" type="java.lang.NoClassDefFoundError"><![CDATA[java.lang.NoClassDefFoundError: Could not initialize class org.springframework.data.redis.test.util.MinimumRedisVersionRule
	at org.springframework.data.redis.support.collections.RedisZSetTests.<init>(RedisZSetTests.java:38)
]]></error>
  </testcase>
  <testcase name="testSize[26]" classname="org.springframework.data.redis.support.collections.RedisZSetTests" time="0">
    <error message="Could not initialize class org.springframework.data.redis.test.util.MinimumRedisVersionRule" type="java.lang.NoClassDefFoundError"><![CDATA[java.lang.NoClassDefFoundError: Could not initialize class org.springframework.data.redis.test.util.MinimumRedisVersionRule
	at org.springframework.data.redis.support.collections.RedisZSetTests.<init>(RedisZSetTests.java:38)
]]></error>
  </testcase>
  <testcase name="testToString[26]" classname="org.springframework.data.redis.support.collections.RedisZSetTests" time="0">
    <error message="Could not initialize class org.springframework.data.redis.test.util.MinimumRedisVersionRule" type="java.lang.NoClassDefFoundError"><![CDATA[java.lang.NoClassDefFoundError: Could not initialize class org.springframework.data.redis.test.util.MinimumRedisVersionRule
	at org.springframework.data.redis.support.collections.RedisZSetTests.<init>(RedisZSetTests.java:38)
]]></error>
  </testcase>
  <testcase name="testContainsAll[26]" classname="org.springframework.data.redis.support.collections.RedisZSetTests" time="0">
    <error message="Could not initialize class org.springframework.data.redis.test.util.MinimumRedisVersionRule" type="java.lang.NoClassDefFoundError"><![CDATA[java.lang.NoClassDefFoundError: Could not initialize class org.springframework.data.redis.test.util.MinimumRedisVersionRule
	at org.springframework.data.redis.support.collections.RedisZSetTests.<init>(RedisZSetTests.java:38)
]]></error>
  </testcase>
  <testcase name="testRemoveObject[26]" classname="org.springframework.data.redis.support.collections.RedisZSetTests" time="0">
    <error message="Could not initialize class org.springframework.data.redis.test.util.MinimumRedisVersionRule" type="java.lang.NoClassDefFoundError"><![CDATA[java.lang.NoClassDefFoundError: Could not initialize class org.springframework.data.redis.test.util.MinimumRedisVersionRule
	at org.springframework.data.redis.support.collections.RedisZSetTests.<init>(RedisZSetTests.java:38)
]]></error>
  </testcase>
  <testcase name="testHashCode[26]" classname="org.springframework.data.redis.support.collections.RedisZSetTests" time="0">
    <error message="Could not initialize class org.springframework.data.redis.test.util.MinimumRedisVersionRule" type="java.lang.NoClassDefFoundError"><![CDATA[java.lang.NoClassDefFoundError: Could not initialize class org.springframework.data.redis.test.util.MinimumRedisVersionRule
	at org.springframework.data.redis.support.collections.RedisZSetTests.<init>(RedisZSetTests.java:38)
]]></error>
  </testcase>
  <testcase name="testAddAll[26]" classname="org.springframework.data.redis.support.collections.RedisZSetTests" time="0">
    <error message="Could not initialize class org.springframework.data.redis.test.util.MinimumRedisVersionRule" type="java.lang.NoClassDefFoundError"><![CDATA[java.lang.NoClassDefFoundError: Could not initialize class org.springframework.data.redis.test.util.MinimumRedisVersionRule
	at org.springframework.data.redis.support.collections.RedisZSetTests.<init>(RedisZSetTests.java:38)
]]></error>
  </testcase>
  <testcase name="removeAll[26]" classname="org.springframework.data.redis.support.collections.RedisZSetTests" time="0">
    <error message="Could not initialize class org.springframework.data.redis.test.util.MinimumRedisVersionRule" type="java.lang.NoClassDefFoundError"><![CDATA[java.lang.NoClassDefFoundError: Could not initialize class org.springframework.data.redis.test.util.MinimumRedisVersionRule
	at org.springframework.data.redis.support.collections.RedisZSetTests.<init>(RedisZSetTests.java:38)
]]></error>
  </testcase>
  <testcase name="testEquals[26]" classname="org.springframework.data.redis.support.collections.RedisZSetTests" time="0">
    <error message="Could not initialize class org.springframework.data.redis.test.util.MinimumRedisVersionRule" type="java.lang.NoClassDefFoundError"><![CDATA[java.lang.NoClassDefFoundError: Could not initialize class org.springframework.data.redis.test.util.MinimumRedisVersionRule
	at org.springframework.data.redis.support.collections.RedisZSetTests.<init>(RedisZSetTests.java:38)
]]></error>
  </testcase>
  <testcase name="testGetKey[26]" classname="org.springframework.data.redis.support.collections.RedisZSetTests" time="0">
    <error message="Could not initialize class org.springframework.data.redis.test.util.MinimumRedisVersionRule" type="java.lang.NoClassDefFoundError"><![CDATA[java.lang.NoClassDefFoundError: Could not initialize class org.springframework.data.redis.test.util.MinimumRedisVersionRule
	at org.springframework.data.redis.support.collections.RedisZSetTests.<init>(RedisZSetTests.java:38)
]]></error>
  </testcase>
  <testcase name="testIsEmpty[26]" classname="org.springframework.data.redis.support.collections.RedisZSetTests" time="0">
    <error message="Could not initialize class org.springframework.data.redis.test.util.MinimumRedisVersionRule" type="java.lang.NoClassDefFoundError"><![CDATA[java.lang.NoClassDefFoundError: Could not initialize class org.springframework.data.redis.test.util.MinimumRedisVersionRule
	at org.springframework.data.redis.support.collections.RedisZSetTests.<init>(RedisZSetTests.java:38)
]]></error>
  </testcase>
  <testcase name="testToArray[27]" classname="org.springframework.data.redis.support.collections.RedisZSetTests" time="0">
    <error message="Could not initialize class org.springframework.data.redis.test.util.MinimumRedisVersionRule" type="java.lang.NoClassDefFoundError"><![CDATA[java.lang.NoClassDefFoundError: Could not initialize class org.springframework.data.redis.test.util.MinimumRedisVersionRule
	at org.springframework.data.redis.support.collections.RedisZSetTests.<init>(RedisZSetTests.java:38)
]]></error>
  </testcase>
  <testcase name="testAdd[27]" classname="org.springframework.data.redis.support.collections.RedisZSetTests" time="0">
    <error message="Could not initialize class org.springframework.data.redis.test.util.MinimumRedisVersionRule" type="java.lang.NoClassDefFoundError"><![CDATA[java.lang.NoClassDefFoundError: Could not initialize class org.springframework.data.redis.test.util.MinimumRedisVersionRule
	at org.springframework.data.redis.support.collections.RedisZSetTests.<init>(RedisZSetTests.java:38)
]]></error>
  </testcase>
  <testcase name="testFirst[27]" classname="org.springframework.data.redis.support.collections.RedisZSetTests" time="0">
    <error message="Could not initialize class org.springframework.data.redis.test.util.MinimumRedisVersionRule" type="java.lang.NoClassDefFoundError"><![CDATA[java.lang.NoClassDefFoundError: Could not initialize class org.springframework.data.redis.test.util.MinimumRedisVersionRule
	at org.springframework.data.redis.support.collections.RedisZSetTests.<init>(RedisZSetTests.java:38)
]]></error>
  </testcase>
  <testcase name="testRange[27]" classname="org.springframework.data.redis.support.collections.RedisZSetTests" time="0">
    <error message="Could not initialize class org.springframework.data.redis.test.util.MinimumRedisVersionRule" type="java.lang.NoClassDefFoundError"><![CDATA[java.lang.NoClassDefFoundError: Could not initialize class org.springframework.data.redis.test.util.MinimumRedisVersionRule
	at org.springframework.data.redis.support.collections.RedisZSetTests.<init>(RedisZSetTests.java:38)
]]></error>
  </testcase>
  <testcase name="testScore[27]" classname="org.springframework.data.redis.support.collections.RedisZSetTests" time="0">
    <error message="Could not initialize class org.springframework.data.redis.test.util.MinimumRedisVersionRule" type="java.lang.NoClassDefFoundError"><![CDATA[java.lang.NoClassDefFoundError: Could not initialize class org.springframework.data.redis.test.util.MinimumRedisVersionRule
	at org.springframework.data.redis.support.collections.RedisZSetTests.<init>(RedisZSetTests.java:38)
]]></error>
  </testcase>
  <testcase name="testLast[27]" classname="org.springframework.data.redis.support.collections.RedisZSetTests" time="0">
    <error message="Could not initialize class org.springframework.data.redis.test.util.MinimumRedisVersionRule" type="java.lang.NoClassDefFoundError"><![CDATA[java.lang.NoClassDefFoundError: Could not initialize class org.springframework.data.redis.test.util.MinimumRedisVersionRule
	at org.springframework.data.redis.support.collections.RedisZSetTests.<init>(RedisZSetTests.java:38)
]]></error>
  </testcase>
  <testcase name="testRank[27]" classname="org.springframework.data.redis.support.collections.RedisZSetTests" time="0">
    <error message="Could not initialize class org.springframework.data.redis.test.util.MinimumRedisVersionRule" type="java.lang.NoClassDefFoundError"><![CDATA[java.lang.NoClassDefFoundError: Could not initialize class org.springframework.data.redis.test.util.MinimumRedisVersionRule
	at org.springframework.data.redis.support.collections.RedisZSetTests.<init>(RedisZSetTests.java:38)
]]></error>
  </testcase>
  <testcase name="testRemoveByScore[27]" classname="org.springframework.data.redis.support.collections.RedisZSetTests" time="0">
    <error message="Could not initialize class org.springframework.data.redis.test.util.MinimumRedisVersionRule" type="java.lang.NoClassDefFoundError"><![CDATA[java.lang.NoClassDefFoundError: Could not initialize class org.springframework.data.redis.test.util.MinimumRedisVersionRule
	at org.springframework.data.redis.support.collections.RedisZSetTests.<init>(RedisZSetTests.java:38)
]]></error>
  </testcase>
  <testcase name="testRangeWithScores[27]" classname="org.springframework.data.redis.support.collections.RedisZSetTests" time="0">
    <error message="Could not initialize class org.springframework.data.redis.test.util.MinimumRedisVersionRule" type="java.lang.NoClassDefFoundError"><![CDATA[java.lang.NoClassDefFoundError: Could not initialize class org.springframework.data.redis.test.util.MinimumRedisVersionRule
	at org.springframework.data.redis.support.collections.RedisZSetTests.<init>(RedisZSetTests.java:38)
]]></error>
  </testcase>
  <testcase name="testRangeByLexUnbounded[27]" classname="org.springframework.data.redis.support.collections.RedisZSetTests" time="0">
    <error message="Could not initialize class org.springframework.data.redis.test.util.MinimumRedisVersionRule" type="java.lang.NoClassDefFoundError"><![CDATA[java.lang.NoClassDefFoundError: Could not initialize class org.springframework.data.redis.test.util.MinimumRedisVersionRule
	at org.springframework.data.redis.support.collections.RedisZSetTests.<init>(RedisZSetTests.java:38)
]]></error>
  </testcase>
  <testcase name="testRangeByLexBounded[27]" classname="org.springframework.data.redis.support.collections.RedisZSetTests" time="0">
    <error message="Could not initialize class org.springframework.data.redis.test.util.MinimumRedisVersionRule" type="java.lang.NoClassDefFoundError"><![CDATA[java.lang.NoClassDefFoundError: Could not initialize class org.springframework.data.redis.test.util.MinimumRedisVersionRule
	at org.springframework.data.redis.support.collections.RedisZSetTests.<init>(RedisZSetTests.java:38)
]]></error>
  </testcase>
  <testcase name="testScanWorksCorrectly[27]" classname="org.springframework.data.redis.support.collections.RedisZSetTests" time="0">
    <error message="Could not initialize class org.springframework.data.redis.test.util.MinimumRedisVersionRule" type="java.lang.NoClassDefFoundError"><![CDATA[java.lang.NoClassDefFoundError: Could not initialize class org.springframework.data.redis.test.util.MinimumRedisVersionRule
	at org.springframework.data.redis.support.collections.RedisZSetTests.<init>(RedisZSetTests.java:38)
]]></error>
  </testcase>
  <testcase name="testRangeByScoreWithScores[27]" classname="org.springframework.data.redis.support.collections.RedisZSetTests" time="0">
    <error message="Could not initialize class org.springframework.data.redis.test.util.MinimumRedisVersionRule" type="java.lang.NoClassDefFoundError"><![CDATA[java.lang.NoClassDefFoundError: Could not initialize class org.springframework.data.redis.test.util.MinimumRedisVersionRule
	at org.springframework.data.redis.support.collections.RedisZSetTests.<init>(RedisZSetTests.java:38)
]]></error>
  </testcase>
  <testcase name="testDefaultScore[27]" classname="org.springframework.data.redis.support.collections.RedisZSetTests" time="0">
    <error message="Could not initialize class org.springframework.data.redis.test.util.MinimumRedisVersionRule" type="java.lang.NoClassDefFoundError"><![CDATA[java.lang.NoClassDefFoundError: Could not initialize class org.springframework.data.redis.test.util.MinimumRedisVersionRule
	at org.springframework.data.redis.support.collections.RedisZSetTests.<init>(RedisZSetTests.java:38)
]]></error>
  </testcase>
  <testcase name="testRangeByScore[27]" classname="org.springframework.data.redis.support.collections.RedisZSetTests" time="0">
    <error message="Could not initialize class org.springframework.data.redis.test.util.MinimumRedisVersionRule" type="java.lang.NoClassDefFoundError"><![CDATA[java.lang.NoClassDefFoundError: Could not initialize class org.springframework.data.redis.test.util.MinimumRedisVersionRule
	at org.springframework.data.redis.support.collections.RedisZSetTests.<init>(RedisZSetTests.java:38)
]]></error>
  </testcase>
  <testcase name="testIntersectAndStore[27]" classname="org.springframework.data.redis.support.collections.RedisZSetTests" time="0">
    <error message="Could not initialize class org.springframework.data.redis.test.util.MinimumRedisVersionRule" type="java.lang.NoClassDefFoundError"><![CDATA[java.lang.NoClassDefFoundError: Could not initialize class org.springframework.data.redis.test.util.MinimumRedisVersionRule
	at org.springframework.data.redis.support.collections.RedisZSetTests.<init>(RedisZSetTests.java:38)
]]></error>
  </testcase>
  <testcase name="testReverseRank[27]" classname="org.springframework.data.redis.support.collections.RedisZSetTests" time="0.001">
    <error message="Could not initialize class org.springframework.data.redis.test.util.MinimumRedisVersionRule" type="java.lang.NoClassDefFoundError"><![CDATA[java.lang.NoClassDefFoundError: Could not initialize class org.springframework.data.redis.test.util.MinimumRedisVersionRule
	at org.springframework.data.redis.support.collections.RedisZSetTests.<init>(RedisZSetTests.java:38)
]]></error>
  </testcase>
  <testcase name="testReverseRangeWithScores[27]" classname="org.springframework.data.redis.support.collections.RedisZSetTests" time="0">
    <error message="Could not initialize class org.springframework.data.redis.test.util.MinimumRedisVersionRule" type="java.lang.NoClassDefFoundError"><![CDATA[java.lang.NoClassDefFoundError: Could not initialize class org.springframework.data.redis.test.util.MinimumRedisVersionRule
	at org.springframework.data.redis.support.collections.RedisZSetTests.<init>(RedisZSetTests.java:38)
]]></error>
  </testcase>
  <testcase name="testReverseRange[27]" classname="org.springframework.data.redis.support.collections.RedisZSetTests" time="0">
    <error message="Could not initialize class org.springframework.data.redis.test.util.MinimumRedisVersionRule" type="java.lang.NoClassDefFoundError"><![CDATA[java.lang.NoClassDefFoundError: Could not initialize class org.springframework.data.redis.test.util.MinimumRedisVersionRule
	at org.springframework.data.redis.support.collections.RedisZSetTests.<init>(RedisZSetTests.java:38)
]]></error>
  </testcase>
  <testcase name="testUnionAndStore[27]" classname="org.springframework.data.redis.support.collections.RedisZSetTests" time="0">
    <error message="Could not initialize class org.springframework.data.redis.test.util.MinimumRedisVersionRule" type="java.lang.NoClassDefFoundError"><![CDATA[java.lang.NoClassDefFoundError: Could not initialize class org.springframework.data.redis.test.util.MinimumRedisVersionRule
	at org.springframework.data.redis.support.collections.RedisZSetTests.<init>(RedisZSetTests.java:38)
]]></error>
  </testcase>
  <testcase name="testRangeByLexUnboundedWithLimit[27]" classname="org.springframework.data.redis.support.collections.RedisZSetTests" time="0">
    <error message="Could not initialize class org.springframework.data.redis.test.util.MinimumRedisVersionRule" type="java.lang.NoClassDefFoundError"><![CDATA[java.lang.NoClassDefFoundError: Could not initialize class org.springframework.data.redis.test.util.MinimumRedisVersionRule
	at org.springframework.data.redis.support.collections.RedisZSetTests.<init>(RedisZSetTests.java:38)
]]></error>
  </testcase>
  <testcase name="testReverseRangeByScoreWithScores[27]" classname="org.springframework.data.redis.support.collections.RedisZSetTests" time="0">
    <error message="Could not initialize class org.springframework.data.redis.test.util.MinimumRedisVersionRule" type="java.lang.NoClassDefFoundError"><![CDATA[java.lang.NoClassDefFoundError: Could not initialize class org.springframework.data.redis.test.util.MinimumRedisVersionRule
	at org.springframework.data.redis.support.collections.RedisZSetTests.<init>(RedisZSetTests.java:38)
]]></error>
  </testcase>
  <testcase name="testToArrayWithGenerics[27]" classname="org.springframework.data.redis.support.collections.RedisZSetTests" time="0">
    <error message="Could not initialize class org.springframework.data.redis.test.util.MinimumRedisVersionRule" type="java.lang.NoClassDefFoundError"><![CDATA[java.lang.NoClassDefFoundError: Could not initialize class org.springframework.data.redis.test.util.MinimumRedisVersionRule
	at org.springframework.data.redis.support.collections.RedisZSetTests.<init>(RedisZSetTests.java:38)
]]></error>
  </testcase>
  <testcase name="testFirstException[27]" classname="org.springframework.data.redis.support.collections.RedisZSetTests" time="0">
    <error message="Could not initialize class org.springframework.data.redis.test.util.MinimumRedisVersionRule" type="java.lang.NoClassDefFoundError"><![CDATA[java.lang.NoClassDefFoundError: Could not initialize class org.springframework.data.redis.test.util.MinimumRedisVersionRule
	at org.springframework.data.redis.support.collections.RedisZSetTests.<init>(RedisZSetTests.java:38)
]]></error>
  </testcase>
  <testcase name="testLastException[27]" classname="org.springframework.data.redis.support.collections.RedisZSetTests" time="0">
    <error message="Could not initialize class org.springframework.data.redis.test.util.MinimumRedisVersionRule" type="java.lang.NoClassDefFoundError"><![CDATA[java.lang.NoClassDefFoundError: Could not initialize class org.springframework.data.redis.test.util.MinimumRedisVersionRule
	at org.springframework.data.redis.support.collections.RedisZSetTests.<init>(RedisZSetTests.java:38)
]]></error>
  </testcase>
  <testcase name="testRemove[27]" classname="org.springframework.data.redis.support.collections.RedisZSetTests" time="0">
    <error message="Could not initialize class org.springframework.data.redis.test.util.MinimumRedisVersionRule" type="java.lang.NoClassDefFoundError"><![CDATA[java.lang.NoClassDefFoundError: Could not initialize class org.springframework.data.redis.test.util.MinimumRedisVersionRule
	at org.springframework.data.redis.support.collections.RedisZSetTests.<init>(RedisZSetTests.java:38)
]]></error>
  </testcase>
  <testcase name="testAddWithScore[27]" classname="org.springframework.data.redis.support.collections.RedisZSetTests" time="0.001">
    <error message="Could not initialize class org.springframework.data.redis.test.util.MinimumRedisVersionRule" type="java.lang.NoClassDefFoundError"><![CDATA[java.lang.NoClassDefFoundError: Could not initialize class org.springframework.data.redis.test.util.MinimumRedisVersionRule
	at org.springframework.data.redis.support.collections.RedisZSetTests.<init>(RedisZSetTests.java:38)
]]></error>
  </testcase>
  <testcase name="testIterator[27]" classname="org.springframework.data.redis.support.collections.RedisZSetTests" time="0">
    <error message="Could not initialize class org.springframework.data.redis.test.util.MinimumRedisVersionRule" type="java.lang.NoClassDefFoundError"><![CDATA[java.lang.NoClassDefFoundError: Could not initialize class org.springframework.data.redis.test.util.MinimumRedisVersionRule
	at org.springframework.data.redis.support.collections.RedisZSetTests.<init>(RedisZSetTests.java:38)
]]></error>
  </testcase>
  <testcase name="testReverseRangeByScore[27]" classname="org.springframework.data.redis.support.collections.RedisZSetTests" time="0">
    <error message="Could not initialize class org.springframework.data.redis.test.util.MinimumRedisVersionRule" type="java.lang.NoClassDefFoundError"><![CDATA[java.lang.NoClassDefFoundError: Could not initialize class org.springframework.data.redis.test.util.MinimumRedisVersionRule
	at org.springframework.data.redis.support.collections.RedisZSetTests.<init>(RedisZSetTests.java:38)
]]></error>
  </testcase>
  <testcase name="testRangeByLexBoundedWithLimit[27]" classname="org.springframework.data.redis.support.collections.RedisZSetTests" time="0">
    <error message="Could not initialize class org.springframework.data.redis.test.util.MinimumRedisVersionRule" type="java.lang.NoClassDefFoundError"><![CDATA[java.lang.NoClassDefFoundError: Could not initialize class org.springframework.data.redis.test.util.MinimumRedisVersionRule
	at org.springframework.data.redis.support.collections.RedisZSetTests.<init>(RedisZSetTests.java:38)
]]></error>
  </testcase>
  <testcase name="testContainsObject[27]" classname="org.springframework.data.redis.support.collections.RedisZSetTests" time="0">
    <error message="Could not initialize class org.springframework.data.redis.test.util.MinimumRedisVersionRule" type="java.lang.NoClassDefFoundError"><![CDATA[java.lang.NoClassDefFoundError: Could not initialize class org.springframework.data.redis.test.util.MinimumRedisVersionRule
	at org.springframework.data.redis.support.collections.RedisZSetTests.<init>(RedisZSetTests.java:38)
]]></error>
  </testcase>
  <testcase name="testClear[27]" classname="org.springframework.data.redis.support.collections.RedisZSetTests" time="0">
    <error message="Could not initialize class org.springframework.data.redis.test.util.MinimumRedisVersionRule" type="java.lang.NoClassDefFoundError"><![CDATA[java.lang.NoClassDefFoundError: Could not initialize class org.springframework.data.redis.test.util.MinimumRedisVersionRule
	at org.springframework.data.redis.support.collections.RedisZSetTests.<init>(RedisZSetTests.java:38)
]]></error>
  </testcase>
  <testcase name="testSize[27]" classname="org.springframework.data.redis.support.collections.RedisZSetTests" time="0">
    <error message="Could not initialize class org.springframework.data.redis.test.util.MinimumRedisVersionRule" type="java.lang.NoClassDefFoundError"><![CDATA[java.lang.NoClassDefFoundError: Could not initialize class org.springframework.data.redis.test.util.MinimumRedisVersionRule
	at org.springframework.data.redis.support.collections.RedisZSetTests.<init>(RedisZSetTests.java:38)
]]></error>
  </testcase>
  <testcase name="testToString[27]" classname="org.springframework.data.redis.support.collections.RedisZSetTests" time="0">
    <error message="Could not initialize class org.springframework.data.redis.test.util.MinimumRedisVersionRule" type="java.lang.NoClassDefFoundError"><![CDATA[java.lang.NoClassDefFoundError: Could not initialize class org.springframework.data.redis.test.util.MinimumRedisVersionRule
	at org.springframework.data.redis.support.collections.RedisZSetTests.<init>(RedisZSetTests.java:38)
]]></error>
  </testcase>
  <testcase name="testContainsAll[27]" classname="org.springframework.data.redis.support.collections.RedisZSetTests" time="0">
    <error message="Could not initialize class org.springframework.data.redis.test.util.MinimumRedisVersionRule" type="java.lang.NoClassDefFoundError"><![CDATA[java.lang.NoClassDefFoundError: Could not initialize class org.springframework.data.redis.test.util.MinimumRedisVersionRule
	at org.springframework.data.redis.support.collections.RedisZSetTests.<init>(RedisZSetTests.java:38)
]]></error>
  </testcase>
  <testcase name="testRemoveObject[27]" classname="org.springframework.data.redis.support.collections.RedisZSetTests" time="0">
    <error message="Could not initialize class org.springframework.data.redis.test.util.MinimumRedisVersionRule" type="java.lang.NoClassDefFoundError"><![CDATA[java.lang.NoClassDefFoundError: Could not initialize class org.springframework.data.redis.test.util.MinimumRedisVersionRule
	at org.springframework.data.redis.support.collections.RedisZSetTests.<init>(RedisZSetTests.java:38)
]]></error>
  </testcase>
  <testcase name="testHashCode[27]" classname="org.springframework.data.redis.support.collections.RedisZSetTests" time="0">
    <error message="Could not initialize class org.springframework.data.redis.test.util.MinimumRedisVersionRule" type="java.lang.NoClassDefFoundError"><![CDATA[java.lang.NoClassDefFoundError: Could not initialize class org.springframework.data.redis.test.util.MinimumRedisVersionRule
	at org.springframework.data.redis.support.collections.RedisZSetTests.<init>(RedisZSetTests.java:38)
]]></error>
  </testcase>
  <testcase name="testAddAll[27]" classname="org.springframework.data.redis.support.collections.RedisZSetTests" time="0">
    <error message="Could not initialize class org.springframework.data.redis.test.util.MinimumRedisVersionRule" type="java.lang.NoClassDefFoundError"><![CDATA[java.lang.NoClassDefFoundError: Could not initialize class org.springframework.data.redis.test.util.MinimumRedisVersionRule
	at org.springframework.data.redis.support.collections.RedisZSetTests.<init>(RedisZSetTests.java:38)
]]></error>
  </testcase>
  <testcase name="removeAll[27]" classname="org.springframework.data.redis.support.collections.RedisZSetTests" time="0">
    <error message="Could not initialize class org.springframework.data.redis.test.util.MinimumRedisVersionRule" type="java.lang.NoClassDefFoundError"><![CDATA[java.lang.NoClassDefFoundError: Could not initialize class org.springframework.data.redis.test.util.MinimumRedisVersionRule
	at org.springframework.data.redis.support.collections.RedisZSetTests.<init>(RedisZSetTests.java:38)
]]></error>
  </testcase>
  <testcase name="testEquals[27]" classname="org.springframework.data.redis.support.collections.RedisZSetTests" time="0">
    <error message="Could not initialize class org.springframework.data.redis.test.util.MinimumRedisVersionRule" type="java.lang.NoClassDefFoundError"><![CDATA[java.lang.NoClassDefFoundError: Could not initialize class org.springframework.data.redis.test.util.MinimumRedisVersionRule
	at org.springframework.data.redis.support.collections.RedisZSetTests.<init>(RedisZSetTests.java:38)
]]></error>
  </testcase>
  <testcase name="testGetKey[27]" classname="org.springframework.data.redis.support.collections.RedisZSetTests" time="0">
    <error message="Could not initialize class org.springframework.data.redis.test.util.MinimumRedisVersionRule" type="java.lang.NoClassDefFoundError"><![CDATA[java.lang.NoClassDefFoundError: Could not initialize class org.springframework.data.redis.test.util.MinimumRedisVersionRule
	at org.springframework.data.redis.support.collections.RedisZSetTests.<init>(RedisZSetTests.java:38)
]]></error>
  </testcase>
  <testcase name="testIsEmpty[27]" classname="org.springframework.data.redis.support.collections.RedisZSetTests" time="0">
    <error message="Could not initialize class org.springframework.data.redis.test.util.MinimumRedisVersionRule" type="java.lang.NoClassDefFoundError"><![CDATA[java.lang.NoClassDefFoundError: Could not initialize class org.springframework.data.redis.test.util.MinimumRedisVersionRule
	at org.springframework.data.redis.support.collections.RedisZSetTests.<init>(RedisZSetTests.java:38)
]]></error>
  </testcase>
  <testcase name="testToArray[28]" classname="org.springframework.data.redis.support.collections.RedisZSetTests" time="0">
    <error message="Could not initialize class org.springframework.data.redis.test.util.MinimumRedisVersionRule" type="java.lang.NoClassDefFoundError"><![CDATA[java.lang.NoClassDefFoundError: Could not initialize class org.springframework.data.redis.test.util.MinimumRedisVersionRule
	at org.springframework.data.redis.support.collections.RedisZSetTests.<init>(RedisZSetTests.java:38)
]]></error>
  </testcase>
  <testcase name="testAdd[28]" classname="org.springframework.data.redis.support.collections.RedisZSetTests" time="0">
    <error message="Could not initialize class org.springframework.data.redis.test.util.MinimumRedisVersionRule" type="java.lang.NoClassDefFoundError"><![CDATA[java.lang.NoClassDefFoundError: Could not initialize class org.springframework.data.redis.test.util.MinimumRedisVersionRule
	at org.springframework.data.redis.support.collections.RedisZSetTests.<init>(RedisZSetTests.java:38)
]]></error>
  </testcase>
  <testcase name="testFirst[28]" classname="org.springframework.data.redis.support.collections.RedisZSetTests" time="0">
    <error message="Could not initialize class org.springframework.data.redis.test.util.MinimumRedisVersionRule" type="java.lang.NoClassDefFoundError"><![CDATA[java.lang.NoClassDefFoundError: Could not initialize class org.springframework.data.redis.test.util.MinimumRedisVersionRule
	at org.springframework.data.redis.support.collections.RedisZSetTests.<init>(RedisZSetTests.java:38)
]]></error>
  </testcase>
  <testcase name="testRange[28]" classname="org.springframework.data.redis.support.collections.RedisZSetTests" time="0">
    <error message="Could not initialize class org.springframework.data.redis.test.util.MinimumRedisVersionRule" type="java.lang.NoClassDefFoundError"><![CDATA[java.lang.NoClassDefFoundError: Could not initialize class org.springframework.data.redis.test.util.MinimumRedisVersionRule
	at org.springframework.data.redis.support.collections.RedisZSetTests.<init>(RedisZSetTests.java:38)
]]></error>
  </testcase>
  <testcase name="testScore[28]" classname="org.springframework.data.redis.support.collections.RedisZSetTests" time="0">
    <error message="Could not initialize class org.springframework.data.redis.test.util.MinimumRedisVersionRule" type="java.lang.NoClassDefFoundError"><![CDATA[java.lang.NoClassDefFoundError: Could not initialize class org.springframework.data.redis.test.util.MinimumRedisVersionRule
	at org.springframework.data.redis.support.collections.RedisZSetTests.<init>(RedisZSetTests.java:38)
]]></error>
  </testcase>
  <testcase name="testLast[28]" classname="org.springframework.data.redis.support.collections.RedisZSetTests" time="0.001">
    <error message="Could not initialize class org.springframework.data.redis.test.util.MinimumRedisVersionRule" type="java.lang.NoClassDefFoundError"><![CDATA[java.lang.NoClassDefFoundError: Could not initialize class org.springframework.data.redis.test.util.MinimumRedisVersionRule
	at org.springframework.data.redis.support.collections.RedisZSetTests.<init>(RedisZSetTests.java:38)
]]></error>
  </testcase>
  <testcase name="testRank[28]" classname="org.springframework.data.redis.support.collections.RedisZSetTests" time="0">
    <error message="Could not initialize class org.springframework.data.redis.test.util.MinimumRedisVersionRule" type="java.lang.NoClassDefFoundError"><![CDATA[java.lang.NoClassDefFoundError: Could not initialize class org.springframework.data.redis.test.util.MinimumRedisVersionRule
	at org.springframework.data.redis.support.collections.RedisZSetTests.<init>(RedisZSetTests.java:38)
]]></error>
  </testcase>
  <testcase name="testRemoveByScore[28]" classname="org.springframework.data.redis.support.collections.RedisZSetTests" time="0">
    <error message="Could not initialize class org.springframework.data.redis.test.util.MinimumRedisVersionRule" type="java.lang.NoClassDefFoundError"><![CDATA[java.lang.NoClassDefFoundError: Could not initialize class org.springframework.data.redis.test.util.MinimumRedisVersionRule
	at org.springframework.data.redis.support.collections.RedisZSetTests.<init>(RedisZSetTests.java:38)
]]></error>
  </testcase>
  <testcase name="testRangeWithScores[28]" classname="org.springframework.data.redis.support.collections.RedisZSetTests" time="0">
    <error message="Could not initialize class org.springframework.data.redis.test.util.MinimumRedisVersionRule" type="java.lang.NoClassDefFoundError"><![CDATA[java.lang.NoClassDefFoundError: Could not initialize class org.springframework.data.redis.test.util.MinimumRedisVersionRule
	at org.springframework.data.redis.support.collections.RedisZSetTests.<init>(RedisZSetTests.java:38)
]]></error>
  </testcase>
  <testcase name="testRangeByLexUnbounded[28]" classname="org.springframework.data.redis.support.collections.RedisZSetTests" time="0">
    <error message="Could not initialize class org.springframework.data.redis.test.util.MinimumRedisVersionRule" type="java.lang.NoClassDefFoundError"><![CDATA[java.lang.NoClassDefFoundError: Could not initialize class org.springframework.data.redis.test.util.MinimumRedisVersionRule
	at org.springframework.data.redis.support.collections.RedisZSetTests.<init>(RedisZSetTests.java:38)
]]></error>
  </testcase>
  <testcase name="testRangeByLexBounded[28]" classname="org.springframework.data.redis.support.collections.RedisZSetTests" time="0">
    <error message="Could not initialize class org.springframework.data.redis.test.util.MinimumRedisVersionRule" type="java.lang.NoClassDefFoundError"><![CDATA[java.lang.NoClassDefFoundError: Could not initialize class org.springframework.data.redis.test.util.MinimumRedisVersionRule
	at org.springframework.data.redis.support.collections.RedisZSetTests.<init>(RedisZSetTests.java:38)
]]></error>
  </testcase>
  <testcase name="testScanWorksCorrectly[28]" classname="org.springframework.data.redis.support.collections.RedisZSetTests" time="0">
    <error message="Could not initialize class org.springframework.data.redis.test.util.MinimumRedisVersionRule" type="java.lang.NoClassDefFoundError"><![CDATA[java.lang.NoClassDefFoundError: Could not initialize class org.springframework.data.redis.test.util.MinimumRedisVersionRule
	at org.springframework.data.redis.support.collections.RedisZSetTests.<init>(RedisZSetTests.java:38)
]]></error>
  </testcase>
  <testcase name="testRangeByScoreWithScores[28]" classname="org.springframework.data.redis.support.collections.RedisZSetTests" time="0">
    <error message="Could not initialize class org.springframework.data.redis.test.util.MinimumRedisVersionRule" type="java.lang.NoClassDefFoundError"><![CDATA[java.lang.NoClassDefFoundError: Could not initialize class org.springframework.data.redis.test.util.MinimumRedisVersionRule
	at org.springframework.data.redis.support.collections.RedisZSetTests.<init>(RedisZSetTests.java:38)
]]></error>
  </testcase>
  <testcase name="testDefaultScore[28]" classname="org.springframework.data.redis.support.collections.RedisZSetTests" time="0">
    <error message="Could not initialize class org.springframework.data.redis.test.util.MinimumRedisVersionRule" type="java.lang.NoClassDefFoundError"><![CDATA[java.lang.NoClassDefFoundError: Could not initialize class org.springframework.data.redis.test.util.MinimumRedisVersionRule
	at org.springframework.data.redis.support.collections.RedisZSetTests.<init>(RedisZSetTests.java:38)
]]></error>
  </testcase>
  <testcase name="testRangeByScore[28]" classname="org.springframework.data.redis.support.collections.RedisZSetTests" time="0">
    <error message="Could not initialize class org.springframework.data.redis.test.util.MinimumRedisVersionRule" type="java.lang.NoClassDefFoundError"><![CDATA[java.lang.NoClassDefFoundError: Could not initialize class org.springframework.data.redis.test.util.MinimumRedisVersionRule
	at org.springframework.data.redis.support.collections.RedisZSetTests.<init>(RedisZSetTests.java:38)
]]></error>
  </testcase>
  <testcase name="testIntersectAndStore[28]" classname="org.springframework.data.redis.support.collections.RedisZSetTests" time="0.001">
    <error message="Could not initialize class org.springframework.data.redis.test.util.MinimumRedisVersionRule" type="java.lang.NoClassDefFoundError"><![CDATA[java.lang.NoClassDefFoundError: Could not initialize class org.springframework.data.redis.test.util.MinimumRedisVersionRule
	at org.springframework.data.redis.support.collections.RedisZSetTests.<init>(RedisZSetTests.java:38)
]]></error>
  </testcase>
  <testcase name="testReverseRank[28]" classname="org.springframework.data.redis.support.collections.RedisZSetTests" time="0">
    <error message="Could not initialize class org.springframework.data.redis.test.util.MinimumRedisVersionRule" type="java.lang.NoClassDefFoundError"><![CDATA[java.lang.NoClassDefFoundError: Could not initialize class org.springframework.data.redis.test.util.MinimumRedisVersionRule
	at org.springframework.data.redis.support.collections.RedisZSetTests.<init>(RedisZSetTests.java:38)
]]></error>
  </testcase>
  <testcase name="testReverseRangeWithScores[28]" classname="org.springframework.data.redis.support.collections.RedisZSetTests" time="0">
    <error message="Could not initialize class org.springframework.data.redis.test.util.MinimumRedisVersionRule" type="java.lang.NoClassDefFoundError"><![CDATA[java.lang.NoClassDefFoundError: Could not initialize class org.springframework.data.redis.test.util.MinimumRedisVersionRule
	at org.springframework.data.redis.support.collections.RedisZSetTests.<init>(RedisZSetTests.java:38)
]]></error>
  </testcase>
  <testcase name="testReverseRange[28]" classname="org.springframework.data.redis.support.collections.RedisZSetTests" time="0">
    <error message="Could not initialize class org.springframework.data.redis.test.util.MinimumRedisVersionRule" type="java.lang.NoClassDefFoundError"><![CDATA[java.lang.NoClassDefFoundError: Could not initialize class org.springframework.data.redis.test.util.MinimumRedisVersionRule
	at org.springframework.data.redis.support.collections.RedisZSetTests.<init>(RedisZSetTests.java:38)
]]></error>
  </testcase>
  <testcase name="testUnionAndStore[28]" classname="org.springframework.data.redis.support.collections.RedisZSetTests" time="0">
    <error message="Could not initialize class org.springframework.data.redis.test.util.MinimumRedisVersionRule" type="java.lang.NoClassDefFoundError"><![CDATA[java.lang.NoClassDefFoundError: Could not initialize class org.springframework.data.redis.test.util.MinimumRedisVersionRule
	at org.springframework.data.redis.support.collections.RedisZSetTests.<init>(RedisZSetTests.java:38)
]]></error>
  </testcase>
  <testcase name="testRangeByLexUnboundedWithLimit[28]" classname="org.springframework.data.redis.support.collections.RedisZSetTests" time="0">
    <error message="Could not initialize class org.springframework.data.redis.test.util.MinimumRedisVersionRule" type="java.lang.NoClassDefFoundError"><![CDATA[java.lang.NoClassDefFoundError: Could not initialize class org.springframework.data.redis.test.util.MinimumRedisVersionRule
	at org.springframework.data.redis.support.collections.RedisZSetTests.<init>(RedisZSetTests.java:38)
]]></error>
  </testcase>
  <testcase name="testReverseRangeByScoreWithScores[28]" classname="org.springframework.data.redis.support.collections.RedisZSetTests" time="0">
    <error message="Could not initialize class org.springframework.data.redis.test.util.MinimumRedisVersionRule" type="java.lang.NoClassDefFoundError"><![CDATA[java.lang.NoClassDefFoundError: Could not initialize class org.springframework.data.redis.test.util.MinimumRedisVersionRule
	at org.springframework.data.redis.support.collections.RedisZSetTests.<init>(RedisZSetTests.java:38)
]]></error>
  </testcase>
  <testcase name="testToArrayWithGenerics[28]" classname="org.springframework.data.redis.support.collections.RedisZSetTests" time="0">
    <error message="Could not initialize class org.springframework.data.redis.test.util.MinimumRedisVersionRule" type="java.lang.NoClassDefFoundError"><![CDATA[java.lang.NoClassDefFoundError: Could not initialize class org.springframework.data.redis.test.util.MinimumRedisVersionRule
	at org.springframework.data.redis.support.collections.RedisZSetTests.<init>(RedisZSetTests.java:38)
]]></error>
  </testcase>
  <testcase name="testFirstException[28]" classname="org.springframework.data.redis.support.collections.RedisZSetTests" time="0">
    <error message="Could not initialize class org.springframework.data.redis.test.util.MinimumRedisVersionRule" type="java.lang.NoClassDefFoundError"><![CDATA[java.lang.NoClassDefFoundError: Could not initialize class org.springframework.data.redis.test.util.MinimumRedisVersionRule
	at org.springframework.data.redis.support.collections.RedisZSetTests.<init>(RedisZSetTests.java:38)
]]></error>
  </testcase>
  <testcase name="testLastException[28]" classname="org.springframework.data.redis.support.collections.RedisZSetTests" time="0">
    <error message="Could not initialize class org.springframework.data.redis.test.util.MinimumRedisVersionRule" type="java.lang.NoClassDefFoundError"><![CDATA[java.lang.NoClassDefFoundError: Could not initialize class org.springframework.data.redis.test.util.MinimumRedisVersionRule
	at org.springframework.data.redis.support.collections.RedisZSetTests.<init>(RedisZSetTests.java:38)
]]></error>
  </testcase>
  <testcase name="testRemove[28]" classname="org.springframework.data.redis.support.collections.RedisZSetTests" time="0">
    <error message="Could not initialize class org.springframework.data.redis.test.util.MinimumRedisVersionRule" type="java.lang.NoClassDefFoundError"><![CDATA[java.lang.NoClassDefFoundError: Could not initialize class org.springframework.data.redis.test.util.MinimumRedisVersionRule
	at org.springframework.data.redis.support.collections.RedisZSetTests.<init>(RedisZSetTests.java:38)
]]></error>
  </testcase>
  <testcase name="testAddWithScore[28]" classname="org.springframework.data.redis.support.collections.RedisZSetTests" time="0">
    <error message="Could not initialize class org.springframework.data.redis.test.util.MinimumRedisVersionRule" type="java.lang.NoClassDefFoundError"><![CDATA[java.lang.NoClassDefFoundError: Could not initialize class org.springframework.data.redis.test.util.MinimumRedisVersionRule
	at org.springframework.data.redis.support.collections.RedisZSetTests.<init>(RedisZSetTests.java:38)
]]></error>
  </testcase>
  <testcase name="testIterator[28]" classname="org.springframework.data.redis.support.collections.RedisZSetTests" time="0">
    <error message="Could not initialize class org.springframework.data.redis.test.util.MinimumRedisVersionRule" type="java.lang.NoClassDefFoundError"><![CDATA[java.lang.NoClassDefFoundError: Could not initialize class org.springframework.data.redis.test.util.MinimumRedisVersionRule
	at org.springframework.data.redis.support.collections.RedisZSetTests.<init>(RedisZSetTests.java:38)
]]></error>
  </testcase>
  <testcase name="testReverseRangeByScore[28]" classname="org.springframework.data.redis.support.collections.RedisZSetTests" time="0">
    <error message="Could not initialize class org.springframework.data.redis.test.util.MinimumRedisVersionRule" type="java.lang.NoClassDefFoundError"><![CDATA[java.lang.NoClassDefFoundError: Could not initialize class org.springframework.data.redis.test.util.MinimumRedisVersionRule
	at org.springframework.data.redis.support.collections.RedisZSetTests.<init>(RedisZSetTests.java:38)
]]></error>
  </testcase>
  <testcase name="testRangeByLexBoundedWithLimit[28]" classname="org.springframework.data.redis.support.collections.RedisZSetTests" time="0">
    <error message="Could not initialize class org.springframework.data.redis.test.util.MinimumRedisVersionRule" type="java.lang.NoClassDefFoundError"><![CDATA[java.lang.NoClassDefFoundError: Could not initialize class org.springframework.data.redis.test.util.MinimumRedisVersionRule
	at org.springframework.data.redis.support.collections.RedisZSetTests.<init>(RedisZSetTests.java:38)
]]></error>
  </testcase>
  <testcase name="testContainsObject[28]" classname="org.springframework.data.redis.support.collections.RedisZSetTests" time="0">
    <error message="Could not initialize class org.springframework.data.redis.test.util.MinimumRedisVersionRule" type="java.lang.NoClassDefFoundError"><![CDATA[java.lang.NoClassDefFoundError: Could not initialize class org.springframework.data.redis.test.util.MinimumRedisVersionRule
	at org.springframework.data.redis.support.collections.RedisZSetTests.<init>(RedisZSetTests.java:38)
]]></error>
  </testcase>
  <testcase name="testClear[28]" classname="org.springframework.data.redis.support.collections.RedisZSetTests" time="0">
    <error message="Could not initialize class org.springframework.data.redis.test.util.MinimumRedisVersionRule" type="java.lang.NoClassDefFoundError"><![CDATA[java.lang.NoClassDefFoundError: Could not initialize class org.springframework.data.redis.test.util.MinimumRedisVersionRule
	at org.springframework.data.redis.support.collections.RedisZSetTests.<init>(RedisZSetTests.java:38)
]]></error>
  </testcase>
  <testcase name="testSize[28]" classname="org.springframework.data.redis.support.collections.RedisZSetTests" time="0">
    <error message="Could not initialize class org.springframework.data.redis.test.util.MinimumRedisVersionRule" type="java.lang.NoClassDefFoundError"><![CDATA[java.lang.NoClassDefFoundError: Could not initialize class org.springframework.data.redis.test.util.MinimumRedisVersionRule
	at org.springframework.data.redis.support.collections.RedisZSetTests.<init>(RedisZSetTests.java:38)
]]></error>
  </testcase>
  <testcase name="testToString[28]" classname="org.springframework.data.redis.support.collections.RedisZSetTests" time="0">
    <error message="Could not initialize class org.springframework.data.redis.test.util.MinimumRedisVersionRule" type="java.lang.NoClassDefFoundError"><![CDATA[java.lang.NoClassDefFoundError: Could not initialize class org.springframework.data.redis.test.util.MinimumRedisVersionRule
	at org.springframework.data.redis.support.collections.RedisZSetTests.<init>(RedisZSetTests.java:38)
]]></error>
  </testcase>
  <testcase name="testContainsAll[28]" classname="org.springframework.data.redis.support.collections.RedisZSetTests" time="0">
    <error message="Could not initialize class org.springframework.data.redis.test.util.MinimumRedisVersionRule" type="java.lang.NoClassDefFoundError"><![CDATA[java.lang.NoClassDefFoundError: Could not initialize class org.springframework.data.redis.test.util.MinimumRedisVersionRule
	at org.springframework.data.redis.support.collections.RedisZSetTests.<init>(RedisZSetTests.java:38)
]]></error>
  </testcase>
  <testcase name="testRemoveObject[28]" classname="org.springframework.data.redis.support.collections.RedisZSetTests" time="0">
    <error message="Could not initialize class org.springframework.data.redis.test.util.MinimumRedisVersionRule" type="java.lang.NoClassDefFoundError"><![CDATA[java.lang.NoClassDefFoundError: Could not initialize class org.springframework.data.redis.test.util.MinimumRedisVersionRule
	at org.springframework.data.redis.support.collections.RedisZSetTests.<init>(RedisZSetTests.java:38)
]]></error>
  </testcase>
  <testcase name="testHashCode[28]" classname="org.springframework.data.redis.support.collections.RedisZSetTests" time="0.001">
    <error message="Could not initialize class org.springframework.data.redis.test.util.MinimumRedisVersionRule" type="java.lang.NoClassDefFoundError"><![CDATA[java.lang.NoClassDefFoundError: Could not initialize class org.springframework.data.redis.test.util.MinimumRedisVersionRule
	at org.springframework.data.redis.support.collections.RedisZSetTests.<init>(RedisZSetTests.java:38)
]]></error>
  </testcase>
  <testcase name="testAddAll[28]" classname="org.springframework.data.redis.support.collections.RedisZSetTests" time="0">
    <error message="Could not initialize class org.springframework.data.redis.test.util.MinimumRedisVersionRule" type="java.lang.NoClassDefFoundError"><![CDATA[java.lang.NoClassDefFoundError: Could not initialize class org.springframework.data.redis.test.util.MinimumRedisVersionRule
	at org.springframework.data.redis.support.collections.RedisZSetTests.<init>(RedisZSetTests.java:38)
]]></error>
  </testcase>
  <testcase name="removeAll[28]" classname="org.springframework.data.redis.support.collections.RedisZSetTests" time="0">
    <error message="Could not initialize class org.springframework.data.redis.test.util.MinimumRedisVersionRule" type="java.lang.NoClassDefFoundError"><![CDATA[java.lang.NoClassDefFoundError: Could not initialize class org.springframework.data.redis.test.util.MinimumRedisVersionRule
	at org.springframework.data.redis.support.collections.RedisZSetTests.<init>(RedisZSetTests.java:38)
]]></error>
  </testcase>
  <testcase name="testEquals[28]" classname="org.springframework.data.redis.support.collections.RedisZSetTests" time="0">
    <error message="Could not initialize class org.springframework.data.redis.test.util.MinimumRedisVersionRule" type="java.lang.NoClassDefFoundError"><![CDATA[java.lang.NoClassDefFoundError: Could not initialize class org.springframework.data.redis.test.util.MinimumRedisVersionRule
	at org.springframework.data.redis.support.collections.RedisZSetTests.<init>(RedisZSetTests.java:38)
]]></error>
  </testcase>
  <testcase name="testGetKey[28]" classname="org.springframework.data.redis.support.collections.RedisZSetTests" time="0">
    <error message="Could not initialize class org.springframework.data.redis.test.util.MinimumRedisVersionRule" type="java.lang.NoClassDefFoundError"><![CDATA[java.lang.NoClassDefFoundError: Could not initialize class org.springframework.data.redis.test.util.MinimumRedisVersionRule
	at org.springframework.data.redis.support.collections.RedisZSetTests.<init>(RedisZSetTests.java:38)
]]></error>
  </testcase>
  <testcase name="testIsEmpty[28]" classname="org.springframework.data.redis.support.collections.RedisZSetTests" time="0">
    <error message="Could not initialize class org.springframework.data.redis.test.util.MinimumRedisVersionRule" type="java.lang.NoClassDefFoundError"><![CDATA[java.lang.NoClassDefFoundError: Could not initialize class org.springframework.data.redis.test.util.MinimumRedisVersionRule
	at org.springframework.data.redis.support.collections.RedisZSetTests.<init>(RedisZSetTests.java:38)
]]></error>
  </testcase>
  <testcase name="testToArray[29]" classname="org.springframework.data.redis.support.collections.RedisZSetTests" time="0">
    <error message="Could not initialize class org.springframework.data.redis.test.util.MinimumRedisVersionRule" type="java.lang.NoClassDefFoundError"><![CDATA[java.lang.NoClassDefFoundError: Could not initialize class org.springframework.data.redis.test.util.MinimumRedisVersionRule
	at org.springframework.data.redis.support.collections.RedisZSetTests.<init>(RedisZSetTests.java:38)
]]></error>
  </testcase>
  <testcase name="testAdd[29]" classname="org.springframework.data.redis.support.collections.RedisZSetTests" time="0">
    <error message="Could not initialize class org.springframework.data.redis.test.util.MinimumRedisVersionRule" type="java.lang.NoClassDefFoundError"><![CDATA[java.lang.NoClassDefFoundError: Could not initialize class org.springframework.data.redis.test.util.MinimumRedisVersionRule
	at org.springframework.data.redis.support.collections.RedisZSetTests.<init>(RedisZSetTests.java:38)
]]></error>
  </testcase>
  <testcase name="testFirst[29]" classname="org.springframework.data.redis.support.collections.RedisZSetTests" time="0">
    <error message="Could not initialize class org.springframework.data.redis.test.util.MinimumRedisVersionRule" type="java.lang.NoClassDefFoundError"><![CDATA[java.lang.NoClassDefFoundError: Could not initialize class org.springframework.data.redis.test.util.MinimumRedisVersionRule
	at org.springframework.data.redis.support.collections.RedisZSetTests.<init>(RedisZSetTests.java:38)
]]></error>
  </testcase>
  <testcase name="testRange[29]" classname="org.springframework.data.redis.support.collections.RedisZSetTests" time="0">
    <error message="Could not initialize class org.springframework.data.redis.test.util.MinimumRedisVersionRule" type="java.lang.NoClassDefFoundError"><![CDATA[java.lang.NoClassDefFoundError: Could not initialize class org.springframework.data.redis.test.util.MinimumRedisVersionRule
	at org.springframework.data.redis.support.collections.RedisZSetTests.<init>(RedisZSetTests.java:38)
]]></error>
  </testcase>
  <testcase name="testScore[29]" classname="org.springframework.data.redis.support.collections.RedisZSetTests" time="0.001">
    <error message="Could not initialize class org.springframework.data.redis.test.util.MinimumRedisVersionRule" type="java.lang.NoClassDefFoundError"><![CDATA[java.lang.NoClassDefFoundError: Could not initialize class org.springframework.data.redis.test.util.MinimumRedisVersionRule
	at org.springframework.data.redis.support.collections.RedisZSetTests.<init>(RedisZSetTests.java:38)
]]></error>
  </testcase>
  <testcase name="testLast[29]" classname="org.springframework.data.redis.support.collections.RedisZSetTests" time="0">
    <error message="Could not initialize class org.springframework.data.redis.test.util.MinimumRedisVersionRule" type="java.lang.NoClassDefFoundError"><![CDATA[java.lang.NoClassDefFoundError: Could not initialize class org.springframework.data.redis.test.util.MinimumRedisVersionRule
	at org.springframework.data.redis.support.collections.RedisZSetTests.<init>(RedisZSetTests.java:38)
]]></error>
  </testcase>
  <testcase name="testRank[29]" classname="org.springframework.data.redis.support.collections.RedisZSetTests" time="0">
    <error message="Could not initialize class org.springframework.data.redis.test.util.MinimumRedisVersionRule" type="java.lang.NoClassDefFoundError"><![CDATA[java.lang.NoClassDefFoundError: Could not initialize class org.springframework.data.redis.test.util.MinimumRedisVersionRule
	at org.springframework.data.redis.support.collections.RedisZSetTests.<init>(RedisZSetTests.java:38)
]]></error>
  </testcase>
  <testcase name="testRemoveByScore[29]" classname="org.springframework.data.redis.support.collections.RedisZSetTests" time="0">
    <error message="Could not initialize class org.springframework.data.redis.test.util.MinimumRedisVersionRule" type="java.lang.NoClassDefFoundError"><![CDATA[java.lang.NoClassDefFoundError: Could not initialize class org.springframework.data.redis.test.util.MinimumRedisVersionRule
	at org.springframework.data.redis.support.collections.RedisZSetTests.<init>(RedisZSetTests.java:38)
]]></error>
  </testcase>
  <testcase name="testRangeWithScores[29]" classname="org.springframework.data.redis.support.collections.RedisZSetTests" time="0">
    <error message="Could not initialize class org.springframework.data.redis.test.util.MinimumRedisVersionRule" type="java.lang.NoClassDefFoundError"><![CDATA[java.lang.NoClassDefFoundError: Could not initialize class org.springframework.data.redis.test.util.MinimumRedisVersionRule
	at org.springframework.data.redis.support.collections.RedisZSetTests.<init>(RedisZSetTests.java:38)
]]></error>
  </testcase>
  <testcase name="testRangeByLexUnbounded[29]" classname="org.springframework.data.redis.support.collections.RedisZSetTests" time="0">
    <error message="Could not initialize class org.springframework.data.redis.test.util.MinimumRedisVersionRule" type="java.lang.NoClassDefFoundError"><![CDATA[java.lang.NoClassDefFoundError: Could not initialize class org.springframework.data.redis.test.util.MinimumRedisVersionRule
	at org.springframework.data.redis.support.collections.RedisZSetTests.<init>(RedisZSetTests.java:38)
]]></error>
  </testcase>
  <testcase name="testRangeByLexBounded[29]" classname="org.springframework.data.redis.support.collections.RedisZSetTests" time="0">
    <error message="Could not initialize class org.springframework.data.redis.test.util.MinimumRedisVersionRule" type="java.lang.NoClassDefFoundError"><![CDATA[java.lang.NoClassDefFoundError: Could not initialize class org.springframework.data.redis.test.util.MinimumRedisVersionRule
	at org.springframework.data.redis.support.collections.RedisZSetTests.<init>(RedisZSetTests.java:38)
]]></error>
  </testcase>
  <testcase name="testScanWorksCorrectly[29]" classname="org.springframework.data.redis.support.collections.RedisZSetTests" time="0">
    <error message="Could not initialize class org.springframework.data.redis.test.util.MinimumRedisVersionRule" type="java.lang.NoClassDefFoundError"><![CDATA[java.lang.NoClassDefFoundError: Could not initialize class org.springframework.data.redis.test.util.MinimumRedisVersionRule
	at org.springframework.data.redis.support.collections.RedisZSetTests.<init>(RedisZSetTests.java:38)
]]></error>
  </testcase>
  <testcase name="testRangeByScoreWithScores[29]" classname="org.springframework.data.redis.support.collections.RedisZSetTests" time="0">
    <error message="Could not initialize class org.springframework.data.redis.test.util.MinimumRedisVersionRule" type="java.lang.NoClassDefFoundError"><![CDATA[java.lang.NoClassDefFoundError: Could not initialize class org.springframework.data.redis.test.util.MinimumRedisVersionRule
	at org.springframework.data.redis.support.collections.RedisZSetTests.<init>(RedisZSetTests.java:38)
]]></error>
  </testcase>
  <testcase name="testDefaultScore[29]" classname="org.springframework.data.redis.support.collections.RedisZSetTests" time="0">
    <error message="Could not initialize class org.springframework.data.redis.test.util.MinimumRedisVersionRule" type="java.lang.NoClassDefFoundError"><![CDATA[java.lang.NoClassDefFoundError: Could not initialize class org.springframework.data.redis.test.util.MinimumRedisVersionRule
	at org.springframework.data.redis.support.collections.RedisZSetTests.<init>(RedisZSetTests.java:38)
]]></error>
  </testcase>
  <testcase name="testRangeByScore[29]" classname="org.springframework.data.redis.support.collections.RedisZSetTests" time="0.001">
    <error message="Could not initialize class org.springframework.data.redis.test.util.MinimumRedisVersionRule" type="java.lang.NoClassDefFoundError"><![CDATA[java.lang.NoClassDefFoundError: Could not initialize class org.springframework.data.redis.test.util.MinimumRedisVersionRule
	at org.springframework.data.redis.support.collections.RedisZSetTests.<init>(RedisZSetTests.java:38)
]]></error>
  </testcase>
  <testcase name="testIntersectAndStore[29]" classname="org.springframework.data.redis.support.collections.RedisZSetTests" time="0">
    <error message="Could not initialize class org.springframework.data.redis.test.util.MinimumRedisVersionRule" type="java.lang.NoClassDefFoundError"><![CDATA[java.lang.NoClassDefFoundError: Could not initialize class org.springframework.data.redis.test.util.MinimumRedisVersionRule
	at org.springframework.data.redis.support.collections.RedisZSetTests.<init>(RedisZSetTests.java:38)
]]></error>
  </testcase>
  <testcase name="testReverseRank[29]" classname="org.springframework.data.redis.support.collections.RedisZSetTests" time="0">
    <error message="Could not initialize class org.springframework.data.redis.test.util.MinimumRedisVersionRule" type="java.lang.NoClassDefFoundError"><![CDATA[java.lang.NoClassDefFoundError: Could not initialize class org.springframework.data.redis.test.util.MinimumRedisVersionRule
	at org.springframework.data.redis.support.collections.RedisZSetTests.<init>(RedisZSetTests.java:38)
]]></error>
  </testcase>
  <testcase name="testReverseRangeWithScores[29]" classname="org.springframework.data.redis.support.collections.RedisZSetTests" time="0">
    <error message="Could not initialize class org.springframework.data.redis.test.util.MinimumRedisVersionRule" type="java.lang.NoClassDefFoundError"><![CDATA[java.lang.NoClassDefFoundError: Could not initialize class org.springframework.data.redis.test.util.MinimumRedisVersionRule
	at org.springframework.data.redis.support.collections.RedisZSetTests.<init>(RedisZSetTests.java:38)
]]></error>
  </testcase>
  <testcase name="testReverseRange[29]" classname="org.springframework.data.redis.support.collections.RedisZSetTests" time="0">
    <error message="Could not initialize class org.springframework.data.redis.test.util.MinimumRedisVersionRule" type="java.lang.NoClassDefFoundError"><![CDATA[java.lang.NoClassDefFoundError: Could not initialize class org.springframework.data.redis.test.util.MinimumRedisVersionRule
	at org.springframework.data.redis.support.collections.RedisZSetTests.<init>(RedisZSetTests.java:38)
]]></error>
  </testcase>
  <testcase name="testUnionAndStore[29]" classname="org.springframework.data.redis.support.collections.RedisZSetTests" time="0">
    <error message="Could not initialize class org.springframework.data.redis.test.util.MinimumRedisVersionRule" type="java.lang.NoClassDefFoundError"><![CDATA[java.lang.NoClassDefFoundError: Could not initialize class org.springframework.data.redis.test.util.MinimumRedisVersionRule
	at org.springframework.data.redis.support.collections.RedisZSetTests.<init>(RedisZSetTests.java:38)
]]></error>
  </testcase>
  <testcase name="testRangeByLexUnboundedWithLimit[29]" classname="org.springframework.data.redis.support.collections.RedisZSetTests" time="0">
    <error message="Could not initialize class org.springframework.data.redis.test.util.MinimumRedisVersionRule" type="java.lang.NoClassDefFoundError"><![CDATA[java.lang.NoClassDefFoundError: Could not initialize class org.springframework.data.redis.test.util.MinimumRedisVersionRule
	at org.springframework.data.redis.support.collections.RedisZSetTests.<init>(RedisZSetTests.java:38)
]]></error>
  </testcase>
  <testcase name="testReverseRangeByScoreWithScores[29]" classname="org.springframework.data.redis.support.collections.RedisZSetTests" time="0">
    <error message="Could not initialize class org.springframework.data.redis.test.util.MinimumRedisVersionRule" type="java.lang.NoClassDefFoundError"><![CDATA[java.lang.NoClassDefFoundError: Could not initialize class org.springframework.data.redis.test.util.MinimumRedisVersionRule
	at org.springframework.data.redis.support.collections.RedisZSetTests.<init>(RedisZSetTests.java:38)
]]></error>
  </testcase>
  <testcase name="testToArrayWithGenerics[29]" classname="org.springframework.data.redis.support.collections.RedisZSetTests" time="0">
    <error message="Could not initialize class org.springframework.data.redis.test.util.MinimumRedisVersionRule" type="java.lang.NoClassDefFoundError"><![CDATA[java.lang.NoClassDefFoundError: Could not initialize class org.springframework.data.redis.test.util.MinimumRedisVersionRule
	at org.springframework.data.redis.support.collections.RedisZSetTests.<init>(RedisZSetTests.java:38)
]]></error>
  </testcase>
  <testcase name="testFirstException[29]" classname="org.springframework.data.redis.support.collections.RedisZSetTests" time="0">
    <error message="Could not initialize class org.springframework.data.redis.test.util.MinimumRedisVersionRule" type="java.lang.NoClassDefFoundError"><![CDATA[java.lang.NoClassDefFoundError: Could not initialize class org.springframework.data.redis.test.util.MinimumRedisVersionRule
	at org.springframework.data.redis.support.collections.RedisZSetTests.<init>(RedisZSetTests.java:38)
]]></error>
  </testcase>
  <testcase name="testLastException[29]" classname="org.springframework.data.redis.support.collections.RedisZSetTests" time="0">
    <error message="Could not initialize class org.springframework.data.redis.test.util.MinimumRedisVersionRule" type="java.lang.NoClassDefFoundError"><![CDATA[java.lang.NoClassDefFoundError: Could not initialize class org.springframework.data.redis.test.util.MinimumRedisVersionRule
	at org.springframework.data.redis.support.collections.RedisZSetTests.<init>(RedisZSetTests.java:38)
]]></error>
  </testcase>
  <testcase name="testRemove[29]" classname="org.springframework.data.redis.support.collections.RedisZSetTests" time="0">
    <error message="Could not initialize class org.springframework.data.redis.test.util.MinimumRedisVersionRule" type="java.lang.NoClassDefFoundError"><![CDATA[java.lang.NoClassDefFoundError: Could not initialize class org.springframework.data.redis.test.util.MinimumRedisVersionRule
	at org.springframework.data.redis.support.collections.RedisZSetTests.<init>(RedisZSetTests.java:38)
]]></error>
  </testcase>
  <testcase name="testAddWithScore[29]" classname="org.springframework.data.redis.support.collections.RedisZSetTests" time="0">
    <error message="Could not initialize class org.springframework.data.redis.test.util.MinimumRedisVersionRule" type="java.lang.NoClassDefFoundError"><![CDATA[java.lang.NoClassDefFoundError: Could not initialize class org.springframework.data.redis.test.util.MinimumRedisVersionRule
	at org.springframework.data.redis.support.collections.RedisZSetTests.<init>(RedisZSetTests.java:38)
]]></error>
  </testcase>
  <testcase name="testIterator[29]" classname="org.springframework.data.redis.support.collections.RedisZSetTests" time="0">
    <error message="Could not initialize class org.springframework.data.redis.test.util.MinimumRedisVersionRule" type="java.lang.NoClassDefFoundError"><![CDATA[java.lang.NoClassDefFoundError: Could not initialize class org.springframework.data.redis.test.util.MinimumRedisVersionRule
	at org.springframework.data.redis.support.collections.RedisZSetTests.<init>(RedisZSetTests.java:38)
]]></error>
  </testcase>
  <testcase name="testReverseRangeByScore[29]" classname="org.springframework.data.redis.support.collections.RedisZSetTests" time="0">
    <error message="Could not initialize class org.springframework.data.redis.test.util.MinimumRedisVersionRule" type="java.lang.NoClassDefFoundError"><![CDATA[java.lang.NoClassDefFoundError: Could not initialize class org.springframework.data.redis.test.util.MinimumRedisVersionRule
	at org.springframework.data.redis.support.collections.RedisZSetTests.<init>(RedisZSetTests.java:38)
]]></error>
  </testcase>
  <testcase name="testRangeByLexBoundedWithLimit[29]" classname="org.springframework.data.redis.support.collections.RedisZSetTests" time="0">
    <error message="Could not initialize class org.springframework.data.redis.test.util.MinimumRedisVersionRule" type="java.lang.NoClassDefFoundError"><![CDATA[java.lang.NoClassDefFoundError: Could not initialize class org.springframework.data.redis.test.util.MinimumRedisVersionRule
	at org.springframework.data.redis.support.collections.RedisZSetTests.<init>(RedisZSetTests.java:38)
]]></error>
  </testcase>
  <testcase name="testContainsObject[29]" classname="org.springframework.data.redis.support.collections.RedisZSetTests" time="0">
    <error message="Could not initialize class org.springframework.data.redis.test.util.MinimumRedisVersionRule" type="java.lang.NoClassDefFoundError"><![CDATA[java.lang.NoClassDefFoundError: Could not initialize class org.springframework.data.redis.test.util.MinimumRedisVersionRule
	at org.springframework.data.redis.support.collections.RedisZSetTests.<init>(RedisZSetTests.java:38)
]]></error>
  </testcase>
  <testcase name="testClear[29]" classname="org.springframework.data.redis.support.collections.RedisZSetTests" time="0">
    <error message="Could not initialize class org.springframework.data.redis.test.util.MinimumRedisVersionRule" type="java.lang.NoClassDefFoundError"><![CDATA[java.lang.NoClassDefFoundError: Could not initialize class org.springframework.data.redis.test.util.MinimumRedisVersionRule
	at org.springframework.data.redis.support.collections.RedisZSetTests.<init>(RedisZSetTests.java:38)
]]></error>
  </testcase>
  <testcase name="testSize[29]" classname="org.springframework.data.redis.support.collections.RedisZSetTests" time="0">
    <error message="Could not initialize class org.springframework.data.redis.test.util.MinimumRedisVersionRule" type="java.lang.NoClassDefFoundError"><![CDATA[java.lang.NoClassDefFoundError: Could not initialize class org.springframework.data.redis.test.util.MinimumRedisVersionRule
	at org.springframework.data.redis.support.collections.RedisZSetTests.<init>(RedisZSetTests.java:38)
]]></error>
  </testcase>
  <testcase name="testToString[29]" classname="org.springframework.data.redis.support.collections.RedisZSetTests" time="0">
    <error message="Could not initialize class org.springframework.data.redis.test.util.MinimumRedisVersionRule" type="java.lang.NoClassDefFoundError"><![CDATA[java.lang.NoClassDefFoundError: Could not initialize class org.springframework.data.redis.test.util.MinimumRedisVersionRule
	at org.springframework.data.redis.support.collections.RedisZSetTests.<init>(RedisZSetTests.java:38)
]]></error>
  </testcase>
  <testcase name="testContainsAll[29]" classname="org.springframework.data.redis.support.collections.RedisZSetTests" time="0">
    <error message="Could not initialize class org.springframework.data.redis.test.util.MinimumRedisVersionRule" type="java.lang.NoClassDefFoundError"><![CDATA[java.lang.NoClassDefFoundError: Could not initialize class org.springframework.data.redis.test.util.MinimumRedisVersionRule
	at org.springframework.data.redis.support.collections.RedisZSetTests.<init>(RedisZSetTests.java:38)
]]></error>
  </testcase>
  <testcase name="testRemoveObject[29]" classname="org.springframework.data.redis.support.collections.RedisZSetTests" time="0.001">
    <error message="Could not initialize class org.springframework.data.redis.test.util.MinimumRedisVersionRule" type="java.lang.NoClassDefFoundError"><![CDATA[java.lang.NoClassDefFoundError: Could not initialize class org.springframework.data.redis.test.util.MinimumRedisVersionRule
	at org.springframework.data.redis.support.collections.RedisZSetTests.<init>(RedisZSetTests.java:38)
]]></error>
  </testcase>
  <testcase name="testHashCode[29]" classname="org.springframework.data.redis.support.collections.RedisZSetTests" time="0">
    <error message="Could not initialize class org.springframework.data.redis.test.util.MinimumRedisVersionRule" type="java.lang.NoClassDefFoundError"><![CDATA[java.lang.NoClassDefFoundError: Could not initialize class org.springframework.data.redis.test.util.MinimumRedisVersionRule
	at org.springframework.data.redis.support.collections.RedisZSetTests.<init>(RedisZSetTests.java:38)
]]></error>
  </testcase>
  <testcase name="testAddAll[29]" classname="org.springframework.data.redis.support.collections.RedisZSetTests" time="0">
    <error message="Could not initialize class org.springframework.data.redis.test.util.MinimumRedisVersionRule" type="java.lang.NoClassDefFoundError"><![CDATA[java.lang.NoClassDefFoundError: Could not initialize class org.springframework.data.redis.test.util.MinimumRedisVersionRule
	at org.springframework.data.redis.support.collections.RedisZSetTests.<init>(RedisZSetTests.java:38)
]]></error>
  </testcase>
  <testcase name="removeAll[29]" classname="org.springframework.data.redis.support.collections.RedisZSetTests" time="0">
    <error message="Could not initialize class org.springframework.data.redis.test.util.MinimumRedisVersionRule" type="java.lang.NoClassDefFoundError"><![CDATA[java.lang.NoClassDefFoundError: Could not initialize class org.springframework.data.redis.test.util.MinimumRedisVersionRule
	at org.springframework.data.redis.support.collections.RedisZSetTests.<init>(RedisZSetTests.java:38)
]]></error>
  </testcase>
  <testcase name="testEquals[29]" classname="org.springframework.data.redis.support.collections.RedisZSetTests" time="0">
    <error message="Could not initialize class org.springframework.data.redis.test.util.MinimumRedisVersionRule" type="java.lang.NoClassDefFoundError"><![CDATA[java.lang.NoClassDefFoundError: Could not initialize class org.springframework.data.redis.test.util.MinimumRedisVersionRule
	at org.springframework.data.redis.support.collections.RedisZSetTests.<init>(RedisZSetTests.java:38)
]]></error>
  </testcase>
  <testcase name="testGetKey[29]" classname="org.springframework.data.redis.support.collections.RedisZSetTests" time="0">
    <error message="Could not initialize class org.springframework.data.redis.test.util.MinimumRedisVersionRule" type="java.lang.NoClassDefFoundError"><![CDATA[java.lang.NoClassDefFoundError: Could not initialize class org.springframework.data.redis.test.util.MinimumRedisVersionRule
	at org.springframework.data.redis.support.collections.RedisZSetTests.<init>(RedisZSetTests.java:38)
]]></error>
  </testcase>
  <testcase name="testIsEmpty[29]" classname="org.springframework.data.redis.support.collections.RedisZSetTests" time="0">
    <error message="Could not initialize class org.springframework.data.redis.test.util.MinimumRedisVersionRule" type="java.lang.NoClassDefFoundError"><![CDATA[java.lang.NoClassDefFoundError: Could not initialize class org.springframework.data.redis.test.util.MinimumRedisVersionRule
	at org.springframework.data.redis.support.collections.RedisZSetTests.<init>(RedisZSetTests.java:38)
]]></error>
  </testcase>
  <testcase name="testToArray[30]" classname="org.springframework.data.redis.support.collections.RedisZSetTests" time="0">
    <error message="Could not initialize class org.springframework.data.redis.test.util.MinimumRedisVersionRule" type="java.lang.NoClassDefFoundError"><![CDATA[java.lang.NoClassDefFoundError: Could not initialize class org.springframework.data.redis.test.util.MinimumRedisVersionRule
	at org.springframework.data.redis.support.collections.RedisZSetTests.<init>(RedisZSetTests.java:38)
]]></error>
  </testcase>
  <testcase name="testAdd[30]" classname="org.springframework.data.redis.support.collections.RedisZSetTests" time="0">
    <error message="Could not initialize class org.springframework.data.redis.test.util.MinimumRedisVersionRule" type="java.lang.NoClassDefFoundError"><![CDATA[java.lang.NoClassDefFoundError: Could not initialize class org.springframework.data.redis.test.util.MinimumRedisVersionRule
	at org.springframework.data.redis.support.collections.RedisZSetTests.<init>(RedisZSetTests.java:38)
]]></error>
  </testcase>
  <testcase name="testFirst[30]" classname="org.springframework.data.redis.support.collections.RedisZSetTests" time="0">
    <error message="Could not initialize class org.springframework.data.redis.test.util.MinimumRedisVersionRule" type="java.lang.NoClassDefFoundError"><![CDATA[java.lang.NoClassDefFoundError: Could not initialize class org.springframework.data.redis.test.util.MinimumRedisVersionRule
	at org.springframework.data.redis.support.collections.RedisZSetTests.<init>(RedisZSetTests.java:38)
]]></error>
  </testcase>
  <testcase name="testRange[30]" classname="org.springframework.data.redis.support.collections.RedisZSetTests" time="0.001">
    <error message="Could not initialize class org.springframework.data.redis.test.util.MinimumRedisVersionRule" type="java.lang.NoClassDefFoundError"><![CDATA[java.lang.NoClassDefFoundError: Could not initialize class org.springframework.data.redis.test.util.MinimumRedisVersionRule
	at org.springframework.data.redis.support.collections.RedisZSetTests.<init>(RedisZSetTests.java:38)
]]></error>
  </testcase>
  <testcase name="testScore[30]" classname="org.springframework.data.redis.support.collections.RedisZSetTests" time="0">
    <error message="Could not initialize class org.springframework.data.redis.test.util.MinimumRedisVersionRule" type="java.lang.NoClassDefFoundError"><![CDATA[java.lang.NoClassDefFoundError: Could not initialize class org.springframework.data.redis.test.util.MinimumRedisVersionRule
	at org.springframework.data.redis.support.collections.RedisZSetTests.<init>(RedisZSetTests.java:38)
]]></error>
  </testcase>
  <testcase name="testLast[30]" classname="org.springframework.data.redis.support.collections.RedisZSetTests" time="0">
    <error message="Could not initialize class org.springframework.data.redis.test.util.MinimumRedisVersionRule" type="java.lang.NoClassDefFoundError"><![CDATA[java.lang.NoClassDefFoundError: Could not initialize class org.springframework.data.redis.test.util.MinimumRedisVersionRule
	at org.springframework.data.redis.support.collections.RedisZSetTests.<init>(RedisZSetTests.java:38)
]]></error>
  </testcase>
  <testcase name="testRank[30]" classname="org.springframework.data.redis.support.collections.RedisZSetTests" time="0">
    <error message="Could not initialize class org.springframework.data.redis.test.util.MinimumRedisVersionRule" type="java.lang.NoClassDefFoundError"><![CDATA[java.lang.NoClassDefFoundError: Could not initialize class org.springframework.data.redis.test.util.MinimumRedisVersionRule
	at org.springframework.data.redis.support.collections.RedisZSetTests.<init>(RedisZSetTests.java:38)
]]></error>
  </testcase>
  <testcase name="testRemoveByScore[30]" classname="org.springframework.data.redis.support.collections.RedisZSetTests" time="0">
    <error message="Could not initialize class org.springframework.data.redis.test.util.MinimumRedisVersionRule" type="java.lang.NoClassDefFoundError"><![CDATA[java.lang.NoClassDefFoundError: Could not initialize class org.springframework.data.redis.test.util.MinimumRedisVersionRule
	at org.springframework.data.redis.support.collections.RedisZSetTests.<init>(RedisZSetTests.java:38)
]]></error>
  </testcase>
  <testcase name="testRangeWithScores[30]" classname="org.springframework.data.redis.support.collections.RedisZSetTests" time="0">
    <error message="Could not initialize class org.springframework.data.redis.test.util.MinimumRedisVersionRule" type="java.lang.NoClassDefFoundError"><![CDATA[java.lang.NoClassDefFoundError: Could not initialize class org.springframework.data.redis.test.util.MinimumRedisVersionRule
	at org.springframework.data.redis.support.collections.RedisZSetTests.<init>(RedisZSetTests.java:38)
]]></error>
  </testcase>
  <testcase name="testRangeByLexUnbounded[30]" classname="org.springframework.data.redis.support.collections.RedisZSetTests" time="0">
    <error message="Could not initialize class org.springframework.data.redis.test.util.MinimumRedisVersionRule" type="java.lang.NoClassDefFoundError"><![CDATA[java.lang.NoClassDefFoundError: Could not initialize class org.springframework.data.redis.test.util.MinimumRedisVersionRule
	at org.springframework.data.redis.support.collections.RedisZSetTests.<init>(RedisZSetTests.java:38)
]]></error>
  </testcase>
  <testcase name="testRangeByLexBounded[30]" classname="org.springframework.data.redis.support.collections.RedisZSetTests" time="0">
    <error message="Could not initialize class org.springframework.data.redis.test.util.MinimumRedisVersionRule" type="java.lang.NoClassDefFoundError"><![CDATA[java.lang.NoClassDefFoundError: Could not initialize class org.springframework.data.redis.test.util.MinimumRedisVersionRule
	at org.springframework.data.redis.support.collections.RedisZSetTests.<init>(RedisZSetTests.java:38)
]]></error>
  </testcase>
  <testcase name="testScanWorksCorrectly[30]" classname="org.springframework.data.redis.support.collections.RedisZSetTests" time="0">
    <error message="Could not initialize class org.springframework.data.redis.test.util.MinimumRedisVersionRule" type="java.lang.NoClassDefFoundError"><![CDATA[java.lang.NoClassDefFoundError: Could not initialize class org.springframework.data.redis.test.util.MinimumRedisVersionRule
	at org.springframework.data.redis.support.collections.RedisZSetTests.<init>(RedisZSetTests.java:38)
]]></error>
  </testcase>
  <testcase name="testRangeByScoreWithScores[30]" classname="org.springframework.data.redis.support.collections.RedisZSetTests" time="0">
    <error message="Could not initialize class org.springframework.data.redis.test.util.MinimumRedisVersionRule" type="java.lang.NoClassDefFoundError"><![CDATA[java.lang.NoClassDefFoundError: Could not initialize class org.springframework.data.redis.test.util.MinimumRedisVersionRule
	at org.springframework.data.redis.support.collections.RedisZSetTests.<init>(RedisZSetTests.java:38)
]]></error>
  </testcase>
  <testcase name="testDefaultScore[30]" classname="org.springframework.data.redis.support.collections.RedisZSetTests" time="0.001">
    <error message="Could not initialize class org.springframework.data.redis.test.util.MinimumRedisVersionRule" type="java.lang.NoClassDefFoundError"><![CDATA[java.lang.NoClassDefFoundError: Could not initialize class org.springframework.data.redis.test.util.MinimumRedisVersionRule
	at org.springframework.data.redis.support.collections.RedisZSetTests.<init>(RedisZSetTests.java:38)
]]></error>
  </testcase>
  <testcase name="testRangeByScore[30]" classname="org.springframework.data.redis.support.collections.RedisZSetTests" time="0">
    <error message="Could not initialize class org.springframework.data.redis.test.util.MinimumRedisVersionRule" type="java.lang.NoClassDefFoundError"><![CDATA[java.lang.NoClassDefFoundError: Could not initialize class org.springframework.data.redis.test.util.MinimumRedisVersionRule
	at org.springframework.data.redis.support.collections.RedisZSetTests.<init>(RedisZSetTests.java:38)
]]></error>
  </testcase>
  <testcase name="testIntersectAndStore[30]" classname="org.springframework.data.redis.support.collections.RedisZSetTests" time="0">
    <error message="Could not initialize class org.springframework.data.redis.test.util.MinimumRedisVersionRule" type="java.lang.NoClassDefFoundError"><![CDATA[java.lang.NoClassDefFoundError: Could not initialize class org.springframework.data.redis.test.util.MinimumRedisVersionRule
	at org.springframework.data.redis.support.collections.RedisZSetTests.<init>(RedisZSetTests.java:38)
]]></error>
  </testcase>
  <testcase name="testReverseRank[30]" classname="org.springframework.data.redis.support.collections.RedisZSetTests" time="0">
    <error message="Could not initialize class org.springframework.data.redis.test.util.MinimumRedisVersionRule" type="java.lang.NoClassDefFoundError"><![CDATA[java.lang.NoClassDefFoundError: Could not initialize class org.springframework.data.redis.test.util.MinimumRedisVersionRule
	at org.springframework.data.redis.support.collections.RedisZSetTests.<init>(RedisZSetTests.java:38)
]]></error>
  </testcase>
  <testcase name="testReverseRangeWithScores[30]" classname="org.springframework.data.redis.support.collections.RedisZSetTests" time="0">
    <error message="Could not initialize class org.springframework.data.redis.test.util.MinimumRedisVersionRule" type="java.lang.NoClassDefFoundError"><![CDATA[java.lang.NoClassDefFoundError: Could not initialize class org.springframework.data.redis.test.util.MinimumRedisVersionRule
	at org.springframework.data.redis.support.collections.RedisZSetTests.<init>(RedisZSetTests.java:38)
]]></error>
  </testcase>
  <testcase name="testReverseRange[30]" classname="org.springframework.data.redis.support.collections.RedisZSetTests" time="0">
    <error message="Could not initialize class org.springframework.data.redis.test.util.MinimumRedisVersionRule" type="java.lang.NoClassDefFoundError"><![CDATA[java.lang.NoClassDefFoundError: Could not initialize class org.springframework.data.redis.test.util.MinimumRedisVersionRule
	at org.springframework.data.redis.support.collections.RedisZSetTests.<init>(RedisZSetTests.java:38)
]]></error>
  </testcase>
  <testcase name="testUnionAndStore[30]" classname="org.springframework.data.redis.support.collections.RedisZSetTests" time="0">
    <error message="Could not initialize class org.springframework.data.redis.test.util.MinimumRedisVersionRule" type="java.lang.NoClassDefFoundError"><![CDATA[java.lang.NoClassDefFoundError: Could not initialize class org.springframework.data.redis.test.util.MinimumRedisVersionRule
	at org.springframework.data.redis.support.collections.RedisZSetTests.<init>(RedisZSetTests.java:38)
]]></error>
  </testcase>
  <testcase name="testRangeByLexUnboundedWithLimit[30]" classname="org.springframework.data.redis.support.collections.RedisZSetTests" time="0">
    <error message="Could not initialize class org.springframework.data.redis.test.util.MinimumRedisVersionRule" type="java.lang.NoClassDefFoundError"><![CDATA[java.lang.NoClassDefFoundError: Could not initialize class org.springframework.data.redis.test.util.MinimumRedisVersionRule
	at org.springframework.data.redis.support.collections.RedisZSetTests.<init>(RedisZSetTests.java:38)
]]></error>
  </testcase>
  <testcase name="testReverseRangeByScoreWithScores[30]" classname="org.springframework.data.redis.support.collections.RedisZSetTests" time="0">
    <error message="Could not initialize class org.springframework.data.redis.test.util.MinimumRedisVersionRule" type="java.lang.NoClassDefFoundError"><![CDATA[java.lang.NoClassDefFoundError: Could not initialize class org.springframework.data.redis.test.util.MinimumRedisVersionRule
	at org.springframework.data.redis.support.collections.RedisZSetTests.<init>(RedisZSetTests.java:38)
]]></error>
  </testcase>
  <testcase name="testToArrayWithGenerics[30]" classname="org.springframework.data.redis.support.collections.RedisZSetTests" time="0">
    <error message="Could not initialize class org.springframework.data.redis.test.util.MinimumRedisVersionRule" type="java.lang.NoClassDefFoundError"><![CDATA[java.lang.NoClassDefFoundError: Could not initialize class org.springframework.data.redis.test.util.MinimumRedisVersionRule
	at org.springframework.data.redis.support.collections.RedisZSetTests.<init>(RedisZSetTests.java:38)
]]></error>
  </testcase>
  <testcase name="testFirstException[30]" classname="org.springframework.data.redis.support.collections.RedisZSetTests" time="0">
    <error message="Could not initialize class org.springframework.data.redis.test.util.MinimumRedisVersionRule" type="java.lang.NoClassDefFoundError"><![CDATA[java.lang.NoClassDefFoundError: Could not initialize class org.springframework.data.redis.test.util.MinimumRedisVersionRule
	at org.springframework.data.redis.support.collections.RedisZSetTests.<init>(RedisZSetTests.java:38)
]]></error>
  </testcase>
  <testcase name="testLastException[30]" classname="org.springframework.data.redis.support.collections.RedisZSetTests" time="0">
    <error message="Could not initialize class org.springframework.data.redis.test.util.MinimumRedisVersionRule" type="java.lang.NoClassDefFoundError"><![CDATA[java.lang.NoClassDefFoundError: Could not initialize class org.springframework.data.redis.test.util.MinimumRedisVersionRule
	at org.springframework.data.redis.support.collections.RedisZSetTests.<init>(RedisZSetTests.java:38)
]]></error>
  </testcase>
  <testcase name="testRemove[30]" classname="org.springframework.data.redis.support.collections.RedisZSetTests" time="0">
    <error message="Could not initialize class org.springframework.data.redis.test.util.MinimumRedisVersionRule" type="java.lang.NoClassDefFoundError"><![CDATA[java.lang.NoClassDefFoundError: Could not initialize class org.springframework.data.redis.test.util.MinimumRedisVersionRule
	at org.springframework.data.redis.support.collections.RedisZSetTests.<init>(RedisZSetTests.java:38)
]]></error>
  </testcase>
  <testcase name="testAddWithScore[30]" classname="org.springframework.data.redis.support.collections.RedisZSetTests" time="0">
    <error message="Could not initialize class org.springframework.data.redis.test.util.MinimumRedisVersionRule" type="java.lang.NoClassDefFoundError"><![CDATA[java.lang.NoClassDefFoundError: Could not initialize class org.springframework.data.redis.test.util.MinimumRedisVersionRule
	at org.springframework.data.redis.support.collections.RedisZSetTests.<init>(RedisZSetTests.java:38)
]]></error>
  </testcase>
  <testcase name="testIterator[30]" classname="org.springframework.data.redis.support.collections.RedisZSetTests" time="0">
    <error message="Could not initialize class org.springframework.data.redis.test.util.MinimumRedisVersionRule" type="java.lang.NoClassDefFoundError"><![CDATA[java.lang.NoClassDefFoundError: Could not initialize class org.springframework.data.redis.test.util.MinimumRedisVersionRule
	at org.springframework.data.redis.support.collections.RedisZSetTests.<init>(RedisZSetTests.java:38)
]]></error>
  </testcase>
  <testcase name="testReverseRangeByScore[30]" classname="org.springframework.data.redis.support.collections.RedisZSetTests" time="0">
    <error message="Could not initialize class org.springframework.data.redis.test.util.MinimumRedisVersionRule" type="java.lang.NoClassDefFoundError"><![CDATA[java.lang.NoClassDefFoundError: Could not initialize class org.springframework.data.redis.test.util.MinimumRedisVersionRule
	at org.springframework.data.redis.support.collections.RedisZSetTests.<init>(RedisZSetTests.java:38)
]]></error>
  </testcase>
  <testcase name="testRangeByLexBoundedWithLimit[30]" classname="org.springframework.data.redis.support.collections.RedisZSetTests" time="0">
    <error message="Could not initialize class org.springframework.data.redis.test.util.MinimumRedisVersionRule" type="java.lang.NoClassDefFoundError"><![CDATA[java.lang.NoClassDefFoundError: Could not initialize class org.springframework.data.redis.test.util.MinimumRedisVersionRule
	at org.springframework.data.redis.support.collections.RedisZSetTests.<init>(RedisZSetTests.java:38)
]]></error>
  </testcase>
  <testcase name="testContainsObject[30]" classname="org.springframework.data.redis.support.collections.RedisZSetTests" time="0">
    <error message="Could not initialize class org.springframework.data.redis.test.util.MinimumRedisVersionRule" type="java.lang.NoClassDefFoundError"><![CDATA[java.lang.NoClassDefFoundError: Could not initialize class org.springframework.data.redis.test.util.MinimumRedisVersionRule
	at org.springframework.data.redis.support.collections.RedisZSetTests.<init>(RedisZSetTests.java:38)
]]></error>
  </testcase>
  <testcase name="testClear[30]" classname="org.springframework.data.redis.support.collections.RedisZSetTests" time="0">
    <error message="Could not initialize class org.springframework.data.redis.test.util.MinimumRedisVersionRule" type="java.lang.NoClassDefFoundError"><![CDATA[java.lang.NoClassDefFoundError: Could not initialize class org.springframework.data.redis.test.util.MinimumRedisVersionRule
	at org.springframework.data.redis.support.collections.RedisZSetTests.<init>(RedisZSetTests.java:38)
]]></error>
  </testcase>
  <testcase name="testSize[30]" classname="org.springframework.data.redis.support.collections.RedisZSetTests" time="0">
    <error message="Could not initialize class org.springframework.data.redis.test.util.MinimumRedisVersionRule" type="java.lang.NoClassDefFoundError"><![CDATA[java.lang.NoClassDefFoundError: Could not initialize class org.springframework.data.redis.test.util.MinimumRedisVersionRule
	at org.springframework.data.redis.support.collections.RedisZSetTests.<init>(RedisZSetTests.java:38)
]]></error>
  </testcase>
  <testcase name="testToString[30]" classname="org.springframework.data.redis.support.collections.RedisZSetTests" time="0">
    <error message="Could not initialize class org.springframework.data.redis.test.util.MinimumRedisVersionRule" type="java.lang.NoClassDefFoundError"><![CDATA[java.lang.NoClassDefFoundError: Could not initialize class org.springframework.data.redis.test.util.MinimumRedisVersionRule
	at org.springframework.data.redis.support.collections.RedisZSetTests.<init>(RedisZSetTests.java:38)
]]></error>
  </testcase>
  <testcase name="testContainsAll[30]" classname="org.springframework.data.redis.support.collections.RedisZSetTests" time="0">
    <error message="Could not initialize class org.springframework.data.redis.test.util.MinimumRedisVersionRule" type="java.lang.NoClassDefFoundError"><![CDATA[java.lang.NoClassDefFoundError: Could not initialize class org.springframework.data.redis.test.util.MinimumRedisVersionRule
	at org.springframework.data.redis.support.collections.RedisZSetTests.<init>(RedisZSetTests.java:38)
]]></error>
  </testcase>
  <testcase name="testRemoveObject[30]" classname="org.springframework.data.redis.support.collections.RedisZSetTests" time="0">
    <error message="Could not initialize class org.springframework.data.redis.test.util.MinimumRedisVersionRule" type="java.lang.NoClassDefFoundError"><![CDATA[java.lang.NoClassDefFoundError: Could not initialize class org.springframework.data.redis.test.util.MinimumRedisVersionRule
	at org.springframework.data.redis.support.collections.RedisZSetTests.<init>(RedisZSetTests.java:38)
]]></error>
  </testcase>
  <testcase name="testHashCode[30]" classname="org.springframework.data.redis.support.collections.RedisZSetTests" time="0">
    <error message="Could not initialize class org.springframework.data.redis.test.util.MinimumRedisVersionRule" type="java.lang.NoClassDefFoundError"><![CDATA[java.lang.NoClassDefFoundError: Could not initialize class org.springframework.data.redis.test.util.MinimumRedisVersionRule
	at org.springframework.data.redis.support.collections.RedisZSetTests.<init>(RedisZSetTests.java:38)
]]></error>
  </testcase>
  <testcase name="testAddAll[30]" classname="org.springframework.data.redis.support.collections.RedisZSetTests" time="0">
    <error message="Could not initialize class org.springframework.data.redis.test.util.MinimumRedisVersionRule" type="java.lang.NoClassDefFoundError"><![CDATA[java.lang.NoClassDefFoundError: Could not initialize class org.springframework.data.redis.test.util.MinimumRedisVersionRule
	at org.springframework.data.redis.support.collections.RedisZSetTests.<init>(RedisZSetTests.java:38)
]]></error>
  </testcase>
  <testcase name="removeAll[30]" classname="org.springframework.data.redis.support.collections.RedisZSetTests" time="0">
    <error message="Could not initialize class org.springframework.data.redis.test.util.MinimumRedisVersionRule" type="java.lang.NoClassDefFoundError"><![CDATA[java.lang.NoClassDefFoundError: Could not initialize class org.springframework.data.redis.test.util.MinimumRedisVersionRule
	at org.springframework.data.redis.support.collections.RedisZSetTests.<init>(RedisZSetTests.java:38)
]]></error>
  </testcase>
  <testcase name="testEquals[30]" classname="org.springframework.data.redis.support.collections.RedisZSetTests" time="0">
    <error message="Could not initialize class org.springframework.data.redis.test.util.MinimumRedisVersionRule" type="java.lang.NoClassDefFoundError"><![CDATA[java.lang.NoClassDefFoundError: Could not initialize class org.springframework.data.redis.test.util.MinimumRedisVersionRule
	at org.springframework.data.redis.support.collections.RedisZSetTests.<init>(RedisZSetTests.java:38)
]]></error>
  </testcase>
  <testcase name="testGetKey[30]" classname="org.springframework.data.redis.support.collections.RedisZSetTests" time="0">
    <error message="Could not initialize class org.springframework.data.redis.test.util.MinimumRedisVersionRule" type="java.lang.NoClassDefFoundError"><![CDATA[java.lang.NoClassDefFoundError: Could not initialize class org.springframework.data.redis.test.util.MinimumRedisVersionRule
	at org.springframework.data.redis.support.collections.RedisZSetTests.<init>(RedisZSetTests.java:38)
]]></error>
  </testcase>
  <testcase name="testIsEmpty[30]" classname="org.springframework.data.redis.support.collections.RedisZSetTests" time="0">
    <error message="Could not initialize class org.springframework.data.redis.test.util.MinimumRedisVersionRule" type="java.lang.NoClassDefFoundError"><![CDATA[java.lang.NoClassDefFoundError: Could not initialize class org.springframework.data.redis.test.util.MinimumRedisVersionRule
	at org.springframework.data.redis.support.collections.RedisZSetTests.<init>(RedisZSetTests.java:38)
]]></error>
  </testcase>
</testsuite>