<?xml version="1.0" encoding="UTF-8"?>
<testsuite xmlns:xsi="http://www.w3.org/2001/XMLSchema-instance" xsi:schemaLocation="https://maven.apache.org/surefire/maven-surefire-plugin/xsd/surefire-test-report.xsd" name="org.springframework.data.redis.support.collections.RedisMapTests" time="0.875" tests="1044" errors="1044" skipped="0" failures="0">
  <properties>
    <property name="java.runtime.name" value="Java(TM) SE Runtime Environment"/>
    <property name="sun.boot.library.path" value="/usr/lib/jvm/java-8-oracle/jre/lib/amd64"/>
    <property name="java.vm.version" value="25.91-b14"/>
    <property name="java.vm.vendor" value="Oracle Corporation"/>
    <property name="java.vendor.url" value="http://java.oracle.com/"/>
    <property name="path.separator" value=":"/>
    <property name="guice.disable.misplaced.annotation.check" value="true"/>
    <property name="java.vm.name" value="Java HotSpot(TM) 64-Bit Server VM"/>
    <property name="file.encoding.pkg" value="sun.io"/>
    <property name="user.country" value="BR"/>
    <property name="sun.java.launcher" value="SUN_STANDARD"/>
    <property name="sun.os.patch.level" value="unknown"/>
    <property name="java.vm.specification.name" value="Java Virtual Machine Specification"/>
    <property name="user.dir" value="/home/aluno/spring-projects/maven/spring-data-redis"/>
    <property name="java.runtime.version" value="1.8.0_91-b14"/>
    <property name="java.awt.graphicsenv" value="sun.awt.X11GraphicsEnvironment"/>
    <property name="java.endorsed.dirs" value="/usr/lib/jvm/java-8-oracle/jre/lib/endorsed"/>
    <property name="os.arch" value="amd64"/>
    <property name="java.io.tmpdir" value="/tmp"/>
    <property name="line.separator" value="&#10;"/>
    <property name="java.vm.specification.vendor" value="Oracle Corporation"/>
    <property name="os.name" value="Linux"/>
    <property name="classworlds.conf" value="/usr/share/maven/bin/m2.conf"/>
    <property name="sun.jnu.encoding" value="UTF-8"/>
    <property name="java.library.path" value="/usr/java/packages/lib/amd64:/usr/lib64:/lib64:/lib:/usr/lib"/>
    <property name="java.specification.name" value="Java Platform API Specification"/>
    <property name="java.class.version" value="52.0"/>
    <property name="sun.management.compiler" value="HotSpot 64-Bit Tiered Compilers"/>
    <property name="os.version" value="3.13.0-91-generic"/>
    <property name="user.home" value="/home/aluno"/>
    <property name="user.timezone" value="America/Fortaleza"/>
    <property name="java.awt.printerjob" value="sun.print.PSPrinterJob"/>
    <property name="file.encoding" value="UTF-8"/>
    <property name="java.specification.version" value="1.8"/>
    <property name="user.name" value="aluno"/>
    <property name="java.class.path" value="/usr/share/maven/boot/plexus-classworlds-2.x.jar"/>
    <property name="java.vm.specification.version" value="1.8"/>
    <property name="sun.arch.data.model" value="64"/>
    <property name="java.home" value="/usr/lib/jvm/java-8-oracle/jre"/>
    <property name="sun.java.command" value="org.codehaus.plexus.classworlds.launcher.Launcher clean test"/>
    <property name="java.specification.vendor" value="Oracle Corporation"/>
    <property name="user.language" value="pt"/>
    <property name="awt.toolkit" value="sun.awt.X11.XToolkit"/>
    <property name="java.vm.info" value="mixed mode"/>
    <property name="java.version" value="1.8.0_91"/>
    <property name="java.ext.dirs" value="/usr/lib/jvm/java-8-oracle/jre/lib/ext:/usr/java/packages/lib/ext"/>
    <property name="securerandom.source" value="file:/dev/./urandom"/>
    <property name="sun.boot.class.path" value="/usr/lib/jvm/java-8-oracle/jre/lib/resources.jar:/usr/lib/jvm/java-8-oracle/jre/lib/rt.jar:/usr/lib/jvm/java-8-oracle/jre/lib/sunrsasign.jar:/usr/lib/jvm/java-8-oracle/jre/lib/jsse.jar:/usr/lib/jvm/java-8-oracle/jre/lib/jce.jar:/usr/lib/jvm/java-8-oracle/jre/lib/charsets.jar:/usr/lib/jvm/java-8-oracle/jre/lib/jfr.jar:/usr/lib/jvm/java-8-oracle/jre/classes"/>
    <property name="java.vendor" value="Oracle Corporation"/>
    <property name="maven.home" value="/usr/share/maven"/>
    <property name="file.separator" value="/"/>
    <property name="java.vendor.url.bug" value="http://bugreport.sun.com/bugreport/"/>
    <property name="sun.cpu.endian" value="little"/>
    <property name="sun.io.unicode.encoding" value="UnicodeLittle"/>
    <property name="sun.desktop" value="gnome"/>
    <property name="sun.cpu.isalist" value=""/>
  </properties>
  <testcase name="testConcurrentRemove[0]" classname="org.springframework.data.redis.support.collections.RedisMapTests" time="0.003">
    <error type="java.lang.ExceptionInInitializerError"><![CDATA[java.lang.ExceptionInInitializerError
	at org.springframework.data.redis.support.collections.RedisMapTests.<init>(RedisMapTests.java:57)
Caused by: redis.clients.jedis.exceptions.JedisConnectionException: java.net.ConnectException: Conexão recusada
	at org.springframework.data.redis.support.collections.RedisMapTests.<init>(RedisMapTests.java:57)
Caused by: java.net.ConnectException: Conexão recusada
	at org.springframework.data.redis.support.collections.RedisMapTests.<init>(RedisMapTests.java:57)
]]></error>
  </testcase>
  <testcase name="testGet[0]" classname="org.springframework.data.redis.support.collections.RedisMapTests" time="0">
    <error message="Could not initialize class org.springframework.data.redis.test.util.MinimumRedisVersionRule" type="java.lang.NoClassDefFoundError"><![CDATA[java.lang.NoClassDefFoundError: Could not initialize class org.springframework.data.redis.test.util.MinimumRedisVersionRule
	at org.springframework.data.redis.support.collections.RedisMapTests.<init>(RedisMapTests.java:57)
]]></error>
  </testcase>
  <testcase name="testPut[0]" classname="org.springframework.data.redis.support.collections.RedisMapTests" time="0.001">
    <error message="Could not initialize class org.springframework.data.redis.test.util.MinimumRedisVersionRule" type="java.lang.NoClassDefFoundError"><![CDATA[java.lang.NoClassDefFoundError: Could not initialize class org.springframework.data.redis.test.util.MinimumRedisVersionRule
	at org.springframework.data.redis.support.collections.RedisMapTests.<init>(RedisMapTests.java:57)
]]></error>
  </testcase>
  <testcase name="testReplaceNullValue[0]" classname="org.springframework.data.redis.support.collections.RedisMapTests" time="0">
    <error message="Could not initialize class org.springframework.data.redis.test.util.MinimumRedisVersionRule" type="java.lang.NoClassDefFoundError"><![CDATA[java.lang.NoClassDefFoundError: Could not initialize class org.springframework.data.redis.test.util.MinimumRedisVersionRule
	at org.springframework.data.redis.support.collections.RedisMapTests.<init>(RedisMapTests.java:57)
]]></error>
  </testcase>
  <testcase name="testEntrySet[0]" classname="org.springframework.data.redis.support.collections.RedisMapTests" time="0">
    <error message="Could not initialize class org.springframework.data.redis.test.util.MinimumRedisVersionRule" type="java.lang.NoClassDefFoundError"><![CDATA[java.lang.NoClassDefFoundError: Could not initialize class org.springframework.data.redis.test.util.MinimumRedisVersionRule
	at org.springframework.data.redis.support.collections.RedisMapTests.<init>(RedisMapTests.java:57)
]]></error>
  </testcase>
  <testcase name="testRemoveNullValue[0]" classname="org.springframework.data.redis.support.collections.RedisMapTests" time="0.001">
    <error message="Could not initialize class org.springframework.data.redis.test.util.MinimumRedisVersionRule" type="java.lang.NoClassDefFoundError"><![CDATA[java.lang.NoClassDefFoundError: Could not initialize class org.springframework.data.redis.test.util.MinimumRedisVersionRule
	at org.springframework.data.redis.support.collections.RedisMapTests.<init>(RedisMapTests.java:57)
]]></error>
  </testcase>
  <testcase name="testClear[0]" classname="org.springframework.data.redis.support.collections.RedisMapTests" time="0">
    <error message="Could not initialize class org.springframework.data.redis.test.util.MinimumRedisVersionRule" type="java.lang.NoClassDefFoundError"><![CDATA[java.lang.NoClassDefFoundError: Could not initialize class org.springframework.data.redis.test.util.MinimumRedisVersionRule
	at org.springframework.data.redis.support.collections.RedisMapTests.<init>(RedisMapTests.java:57)
]]></error>
  </testcase>
  <testcase name="testSize[0]" classname="org.springframework.data.redis.support.collections.RedisMapTests" time="0">
    <error message="Could not initialize class org.springframework.data.redis.test.util.MinimumRedisVersionRule" type="java.lang.NoClassDefFoundError"><![CDATA[java.lang.NoClassDefFoundError: Could not initialize class org.springframework.data.redis.test.util.MinimumRedisVersionRule
	at org.springframework.data.redis.support.collections.RedisMapTests.<init>(RedisMapTests.java:57)
]]></error>
  </testcase>
  <testcase name="testReplaceNullOldValue[0]" classname="org.springframework.data.redis.support.collections.RedisMapTests" time="0">
    <error message="Could not initialize class org.springframework.data.redis.test.util.MinimumRedisVersionRule" type="java.lang.NoClassDefFoundError"><![CDATA[java.lang.NoClassDefFoundError: Could not initialize class org.springframework.data.redis.test.util.MinimumRedisVersionRule
	at org.springframework.data.redis.support.collections.RedisMapTests.<init>(RedisMapTests.java:57)
]]></error>
  </testcase>
  <testcase name="testConcurrentReplaceOneArg[0]" classname="org.springframework.data.redis.support.collections.RedisMapTests" time="0">
    <error message="Could not initialize class org.springframework.data.redis.test.util.MinimumRedisVersionRule" type="java.lang.NoClassDefFoundError"><![CDATA[java.lang.NoClassDefFoundError: Could not initialize class org.springframework.data.redis.test.util.MinimumRedisVersionRule
	at org.springframework.data.redis.support.collections.RedisMapTests.<init>(RedisMapTests.java:57)
]]></error>
  </testcase>
  <testcase name="testIncrement[0]" classname="org.springframework.data.redis.support.collections.RedisMapTests" time="0">
    <error message="Could not initialize class org.springframework.data.redis.test.util.MinimumRedisVersionRule" type="java.lang.NoClassDefFoundError"><![CDATA[java.lang.NoClassDefFoundError: Could not initialize class org.springframework.data.redis.test.util.MinimumRedisVersionRule
	at org.springframework.data.redis.support.collections.RedisMapTests.<init>(RedisMapTests.java:57)
]]></error>
  </testcase>
  <testcase name="testIncrementDouble[0]" classname="org.springframework.data.redis.support.collections.RedisMapTests" time="0">
    <error message="Could not initialize class org.springframework.data.redis.test.util.MinimumRedisVersionRule" type="java.lang.NoClassDefFoundError"><![CDATA[java.lang.NoClassDefFoundError: Could not initialize class org.springframework.data.redis.test.util.MinimumRedisVersionRule
	at org.springframework.data.redis.support.collections.RedisMapTests.<init>(RedisMapTests.java:57)
]]></error>
  </testcase>
  <testcase name="testContainsKey[0]" classname="org.springframework.data.redis.support.collections.RedisMapTests" time="0">
    <error message="Could not initialize class org.springframework.data.redis.test.util.MinimumRedisVersionRule" type="java.lang.NoClassDefFoundError"><![CDATA[java.lang.NoClassDefFoundError: Could not initialize class org.springframework.data.redis.test.util.MinimumRedisVersionRule
	at org.springframework.data.redis.support.collections.RedisMapTests.<init>(RedisMapTests.java:57)
]]></error>
  </testcase>
  <testcase name="testScanWorksCorrectly[0]" classname="org.springframework.data.redis.support.collections.RedisMapTests" time="0">
    <error message="Could not initialize class org.springframework.data.redis.test.util.MinimumRedisVersionRule" type="java.lang.NoClassDefFoundError"><![CDATA[java.lang.NoClassDefFoundError: Could not initialize class org.springframework.data.redis.test.util.MinimumRedisVersionRule
	at org.springframework.data.redis.support.collections.RedisMapTests.<init>(RedisMapTests.java:57)
]]></error>
  </testcase>
  <testcase name="testPutIfAbsent[0]" classname="org.springframework.data.redis.support.collections.RedisMapTests" time="0">
    <error message="Could not initialize class org.springframework.data.redis.test.util.MinimumRedisVersionRule" type="java.lang.NoClassDefFoundError"><![CDATA[java.lang.NoClassDefFoundError: Could not initialize class org.springframework.data.redis.test.util.MinimumRedisVersionRule
	at org.springframework.data.redis.support.collections.RedisMapTests.<init>(RedisMapTests.java:57)
]]></error>
  </testcase>
  <testcase name="testContainsValue[0]" classname="org.springframework.data.redis.support.collections.RedisMapTests" time="0">
    <error message="Could not initialize class org.springframework.data.redis.test.util.MinimumRedisVersionRule" type="java.lang.NoClassDefFoundError"><![CDATA[java.lang.NoClassDefFoundError: Could not initialize class org.springframework.data.redis.test.util.MinimumRedisVersionRule
	at org.springframework.data.redis.support.collections.RedisMapTests.<init>(RedisMapTests.java:57)
]]></error>
  </testcase>
  <testcase name="testReplaceNullNewValue[0]" classname="org.springframework.data.redis.support.collections.RedisMapTests" time="0">
    <error message="Could not initialize class org.springframework.data.redis.test.util.MinimumRedisVersionRule" type="java.lang.NoClassDefFoundError"><![CDATA[java.lang.NoClassDefFoundError: Could not initialize class org.springframework.data.redis.test.util.MinimumRedisVersionRule
	at org.springframework.data.redis.support.collections.RedisMapTests.<init>(RedisMapTests.java:57)
]]></error>
  </testcase>
  <testcase name="testHashCode[0]" classname="org.springframework.data.redis.support.collections.RedisMapTests" time="0">
    <error message="Could not initialize class org.springframework.data.redis.test.util.MinimumRedisVersionRule" type="java.lang.NoClassDefFoundError"><![CDATA[java.lang.NoClassDefFoundError: Could not initialize class org.springframework.data.redis.test.util.MinimumRedisVersionRule
	at org.springframework.data.redis.support.collections.RedisMapTests.<init>(RedisMapTests.java:57)
]]></error>
  </testcase>
  <testcase name="testIncrementNotNumber[0]" classname="org.springframework.data.redis.support.collections.RedisMapTests" time="0">
    <error message="Could not initialize class org.springframework.data.redis.test.util.MinimumRedisVersionRule" type="java.lang.NoClassDefFoundError"><![CDATA[java.lang.NoClassDefFoundError: Could not initialize class org.springframework.data.redis.test.util.MinimumRedisVersionRule
	at org.springframework.data.redis.support.collections.RedisMapTests.<init>(RedisMapTests.java:57)
]]></error>
  </testcase>
  <testcase name="testEquals[0]" classname="org.springframework.data.redis.support.collections.RedisMapTests" time="0">
    <error message="Could not initialize class org.springframework.data.redis.test.util.MinimumRedisVersionRule" type="java.lang.NoClassDefFoundError"><![CDATA[java.lang.NoClassDefFoundError: Could not initialize class org.springframework.data.redis.test.util.MinimumRedisVersionRule
	at org.springframework.data.redis.support.collections.RedisMapTests.<init>(RedisMapTests.java:57)
]]></error>
  </testcase>
  <testcase name="testGetKey[0]" classname="org.springframework.data.redis.support.collections.RedisMapTests" time="0">
    <error message="Could not initialize class org.springframework.data.redis.test.util.MinimumRedisVersionRule" type="java.lang.NoClassDefFoundError"><![CDATA[java.lang.NoClassDefFoundError: Could not initialize class org.springframework.data.redis.test.util.MinimumRedisVersionRule
	at org.springframework.data.redis.support.collections.RedisMapTests.<init>(RedisMapTests.java:57)
]]></error>
  </testcase>
  <testcase name="testKeySet[0]" classname="org.springframework.data.redis.support.collections.RedisMapTests" time="0.001">
    <error message="Could not initialize class org.springframework.data.redis.test.util.MinimumRedisVersionRule" type="java.lang.NoClassDefFoundError"><![CDATA[java.lang.NoClassDefFoundError: Could not initialize class org.springframework.data.redis.test.util.MinimumRedisVersionRule
	at org.springframework.data.redis.support.collections.RedisMapTests.<init>(RedisMapTests.java:57)
]]></error>
  </testcase>
  <testcase name="testNotEquals[0]" classname="org.springframework.data.redis.support.collections.RedisMapTests" time="0">
    <error message="Could not initialize class org.springframework.data.redis.test.util.MinimumRedisVersionRule" type="java.lang.NoClassDefFoundError"><![CDATA[java.lang.NoClassDefFoundError: Could not initialize class org.springframework.data.redis.test.util.MinimumRedisVersionRule
	at org.springframework.data.redis.support.collections.RedisMapTests.<init>(RedisMapTests.java:57)
]]></error>
  </testcase>
  <testcase name="testGetOperations[0]" classname="org.springframework.data.redis.support.collections.RedisMapTests" time="0">
    <error message="Could not initialize class org.springframework.data.redis.test.util.MinimumRedisVersionRule" type="java.lang.NoClassDefFoundError"><![CDATA[java.lang.NoClassDefFoundError: Could not initialize class org.springframework.data.redis.test.util.MinimumRedisVersionRule
	at org.springframework.data.redis.support.collections.RedisMapTests.<init>(RedisMapTests.java:57)
]]></error>
  </testcase>
  <testcase name="testPutAll[0]" classname="org.springframework.data.redis.support.collections.RedisMapTests" time="0">
    <error message="Could not initialize class org.springframework.data.redis.test.util.MinimumRedisVersionRule" type="java.lang.NoClassDefFoundError"><![CDATA[java.lang.NoClassDefFoundError: Could not initialize class org.springframework.data.redis.test.util.MinimumRedisVersionRule
	at org.springframework.data.redis.support.collections.RedisMapTests.<init>(RedisMapTests.java:57)
]]></error>
  </testcase>
  <testcase name="testIsEmpty[0]" classname="org.springframework.data.redis.support.collections.RedisMapTests" time="0.001">
    <error message="Could not initialize class org.springframework.data.redis.test.util.MinimumRedisVersionRule" type="java.lang.NoClassDefFoundError"><![CDATA[java.lang.NoClassDefFoundError: Could not initialize class org.springframework.data.redis.test.util.MinimumRedisVersionRule
	at org.springframework.data.redis.support.collections.RedisMapTests.<init>(RedisMapTests.java:57)
]]></error>
  </testcase>
  <testcase name="testRemove[0]" classname="org.springframework.data.redis.support.collections.RedisMapTests" time="0">
    <error message="Could not initialize class org.springframework.data.redis.test.util.MinimumRedisVersionRule" type="java.lang.NoClassDefFoundError"><![CDATA[java.lang.NoClassDefFoundError: Could not initialize class org.springframework.data.redis.test.util.MinimumRedisVersionRule
	at org.springframework.data.redis.support.collections.RedisMapTests.<init>(RedisMapTests.java:57)
]]></error>
  </testcase>
  <testcase name="testConcurrentReplaceTwoArgs[0]" classname="org.springframework.data.redis.support.collections.RedisMapTests" time="0">
    <error message="Could not initialize class org.springframework.data.redis.test.util.MinimumRedisVersionRule" type="java.lang.NoClassDefFoundError"><![CDATA[java.lang.NoClassDefFoundError: Could not initialize class org.springframework.data.redis.test.util.MinimumRedisVersionRule
	at org.springframework.data.redis.support.collections.RedisMapTests.<init>(RedisMapTests.java:57)
]]></error>
  </testcase>
  <testcase name="testValues[0]" classname="org.springframework.data.redis.support.collections.RedisMapTests" time="0">
    <error message="Could not initialize class org.springframework.data.redis.test.util.MinimumRedisVersionRule" type="java.lang.NoClassDefFoundError"><![CDATA[java.lang.NoClassDefFoundError: Could not initialize class org.springframework.data.redis.test.util.MinimumRedisVersionRule
	at org.springframework.data.redis.support.collections.RedisMapTests.<init>(RedisMapTests.java:57)
]]></error>
  </testcase>
  <testcase name="testConcurrentRemove[1]" classname="org.springframework.data.redis.support.collections.RedisMapTests" time="0.001">
    <error message="Could not initialize class org.springframework.data.redis.test.util.MinimumRedisVersionRule" type="java.lang.NoClassDefFoundError"><![CDATA[java.lang.NoClassDefFoundError: Could not initialize class org.springframework.data.redis.test.util.MinimumRedisVersionRule
	at org.springframework.data.redis.support.collections.RedisMapTests.<init>(RedisMapTests.java:57)
]]></error>
  </testcase>
  <testcase name="testGet[1]" classname="org.springframework.data.redis.support.collections.RedisMapTests" time="0">
    <error message="Could not initialize class org.springframework.data.redis.test.util.MinimumRedisVersionRule" type="java.lang.NoClassDefFoundError"><![CDATA[java.lang.NoClassDefFoundError: Could not initialize class org.springframework.data.redis.test.util.MinimumRedisVersionRule
	at org.springframework.data.redis.support.collections.RedisMapTests.<init>(RedisMapTests.java:57)
]]></error>
  </testcase>
  <testcase name="testPut[1]" classname="org.springframework.data.redis.support.collections.RedisMapTests" time="0">
    <error message="Could not initialize class org.springframework.data.redis.test.util.MinimumRedisVersionRule" type="java.lang.NoClassDefFoundError"><![CDATA[java.lang.NoClassDefFoundError: Could not initialize class org.springframework.data.redis.test.util.MinimumRedisVersionRule
	at org.springframework.data.redis.support.collections.RedisMapTests.<init>(RedisMapTests.java:57)
]]></error>
  </testcase>
  <testcase name="testReplaceNullValue[1]" classname="org.springframework.data.redis.support.collections.RedisMapTests" time="0">
    <error message="Could not initialize class org.springframework.data.redis.test.util.MinimumRedisVersionRule" type="java.lang.NoClassDefFoundError"><![CDATA[java.lang.NoClassDefFoundError: Could not initialize class org.springframework.data.redis.test.util.MinimumRedisVersionRule
	at org.springframework.data.redis.support.collections.RedisMapTests.<init>(RedisMapTests.java:57)
]]></error>
  </testcase>
  <testcase name="testEntrySet[1]" classname="org.springframework.data.redis.support.collections.RedisMapTests" time="0.001">
    <error message="Could not initialize class org.springframework.data.redis.test.util.MinimumRedisVersionRule" type="java.lang.NoClassDefFoundError"><![CDATA[java.lang.NoClassDefFoundError: Could not initialize class org.springframework.data.redis.test.util.MinimumRedisVersionRule
	at org.springframework.data.redis.support.collections.RedisMapTests.<init>(RedisMapTests.java:57)
]]></error>
  </testcase>
  <testcase name="testRemoveNullValue[1]" classname="org.springframework.data.redis.support.collections.RedisMapTests" time="0">
    <error message="Could not initialize class org.springframework.data.redis.test.util.MinimumRedisVersionRule" type="java.lang.NoClassDefFoundError"><![CDATA[java.lang.NoClassDefFoundError: Could not initialize class org.springframework.data.redis.test.util.MinimumRedisVersionRule
	at org.springframework.data.redis.support.collections.RedisMapTests.<init>(RedisMapTests.java:57)
]]></error>
  </testcase>
  <testcase name="testClear[1]" classname="org.springframework.data.redis.support.collections.RedisMapTests" time="0">
    <error message="Could not initialize class org.springframework.data.redis.test.util.MinimumRedisVersionRule" type="java.lang.NoClassDefFoundError"><![CDATA[java.lang.NoClassDefFoundError: Could not initialize class org.springframework.data.redis.test.util.MinimumRedisVersionRule
	at org.springframework.data.redis.support.collections.RedisMapTests.<init>(RedisMapTests.java:57)
]]></error>
  </testcase>
  <testcase name="testSize[1]" classname="org.springframework.data.redis.support.collections.RedisMapTests" time="0">
    <error message="Could not initialize class org.springframework.data.redis.test.util.MinimumRedisVersionRule" type="java.lang.NoClassDefFoundError"><![CDATA[java.lang.NoClassDefFoundError: Could not initialize class org.springframework.data.redis.test.util.MinimumRedisVersionRule
	at org.springframework.data.redis.support.collections.RedisMapTests.<init>(RedisMapTests.java:57)
]]></error>
  </testcase>
  <testcase name="testReplaceNullOldValue[1]" classname="org.springframework.data.redis.support.collections.RedisMapTests" time="0.001">
    <error message="Could not initialize class org.springframework.data.redis.test.util.MinimumRedisVersionRule" type="java.lang.NoClassDefFoundError"><![CDATA[java.lang.NoClassDefFoundError: Could not initialize class org.springframework.data.redis.test.util.MinimumRedisVersionRule
	at org.springframework.data.redis.support.collections.RedisMapTests.<init>(RedisMapTests.java:57)
]]></error>
  </testcase>
  <testcase name="testConcurrentReplaceOneArg[1]" classname="org.springframework.data.redis.support.collections.RedisMapTests" time="0">
    <error message="Could not initialize class org.springframework.data.redis.test.util.MinimumRedisVersionRule" type="java.lang.NoClassDefFoundError"><![CDATA[java.lang.NoClassDefFoundError: Could not initialize class org.springframework.data.redis.test.util.MinimumRedisVersionRule
	at org.springframework.data.redis.support.collections.RedisMapTests.<init>(RedisMapTests.java:57)
]]></error>
  </testcase>
  <testcase name="testIncrement[1]" classname="org.springframework.data.redis.support.collections.RedisMapTests" time="0">
    <error message="Could not initialize class org.springframework.data.redis.test.util.MinimumRedisVersionRule" type="java.lang.NoClassDefFoundError"><![CDATA[java.lang.NoClassDefFoundError: Could not initialize class org.springframework.data.redis.test.util.MinimumRedisVersionRule
	at org.springframework.data.redis.support.collections.RedisMapTests.<init>(RedisMapTests.java:57)
]]></error>
  </testcase>
  <testcase name="testIncrementDouble[1]" classname="org.springframework.data.redis.support.collections.RedisMapTests" time="0">
    <error message="Could not initialize class org.springframework.data.redis.test.util.MinimumRedisVersionRule" type="java.lang.NoClassDefFoundError"><![CDATA[java.lang.NoClassDefFoundError: Could not initialize class org.springframework.data.redis.test.util.MinimumRedisVersionRule
	at org.springframework.data.redis.support.collections.RedisMapTests.<init>(RedisMapTests.java:57)
]]></error>
  </testcase>
  <testcase name="testContainsKey[1]" classname="org.springframework.data.redis.support.collections.RedisMapTests" time="0.001">
    <error message="Could not initialize class org.springframework.data.redis.test.util.MinimumRedisVersionRule" type="java.lang.NoClassDefFoundError"><![CDATA[java.lang.NoClassDefFoundError: Could not initialize class org.springframework.data.redis.test.util.MinimumRedisVersionRule
	at org.springframework.data.redis.support.collections.RedisMapTests.<init>(RedisMapTests.java:57)
]]></error>
  </testcase>
  <testcase name="testScanWorksCorrectly[1]" classname="org.springframework.data.redis.support.collections.RedisMapTests" time="0">
    <error message="Could not initialize class org.springframework.data.redis.test.util.MinimumRedisVersionRule" type="java.lang.NoClassDefFoundError"><![CDATA[java.lang.NoClassDefFoundError: Could not initialize class org.springframework.data.redis.test.util.MinimumRedisVersionRule
	at org.springframework.data.redis.support.collections.RedisMapTests.<init>(RedisMapTests.java:57)
]]></error>
  </testcase>
  <testcase name="testPutIfAbsent[1]" classname="org.springframework.data.redis.support.collections.RedisMapTests" time="0">
    <error message="Could not initialize class org.springframework.data.redis.test.util.MinimumRedisVersionRule" type="java.lang.NoClassDefFoundError"><![CDATA[java.lang.NoClassDefFoundError: Could not initialize class org.springframework.data.redis.test.util.MinimumRedisVersionRule
	at org.springframework.data.redis.support.collections.RedisMapTests.<init>(RedisMapTests.java:57)
]]></error>
  </testcase>
  <testcase name="testContainsValue[1]" classname="org.springframework.data.redis.support.collections.RedisMapTests" time="0">
    <error message="Could not initialize class org.springframework.data.redis.test.util.MinimumRedisVersionRule" type="java.lang.NoClassDefFoundError"><![CDATA[java.lang.NoClassDefFoundError: Could not initialize class org.springframework.data.redis.test.util.MinimumRedisVersionRule
	at org.springframework.data.redis.support.collections.RedisMapTests.<init>(RedisMapTests.java:57)
]]></error>
  </testcase>
  <testcase name="testReplaceNullNewValue[1]" classname="org.springframework.data.redis.support.collections.RedisMapTests" time="0.001">
    <error message="Could not initialize class org.springframework.data.redis.test.util.MinimumRedisVersionRule" type="java.lang.NoClassDefFoundError"><![CDATA[java.lang.NoClassDefFoundError: Could not initialize class org.springframework.data.redis.test.util.MinimumRedisVersionRule
	at org.springframework.data.redis.support.collections.RedisMapTests.<init>(RedisMapTests.java:57)
]]></error>
  </testcase>
  <testcase name="testHashCode[1]" classname="org.springframework.data.redis.support.collections.RedisMapTests" time="0">
    <error message="Could not initialize class org.springframework.data.redis.test.util.MinimumRedisVersionRule" type="java.lang.NoClassDefFoundError"><![CDATA[java.lang.NoClassDefFoundError: Could not initialize class org.springframework.data.redis.test.util.MinimumRedisVersionRule
	at org.springframework.data.redis.support.collections.RedisMapTests.<init>(RedisMapTests.java:57)
]]></error>
  </testcase>
  <testcase name="testIncrementNotNumber[1]" classname="org.springframework.data.redis.support.collections.RedisMapTests" time="0">
    <error message="Could not initialize class org.springframework.data.redis.test.util.MinimumRedisVersionRule" type="java.lang.NoClassDefFoundError"><![CDATA[java.lang.NoClassDefFoundError: Could not initialize class org.springframework.data.redis.test.util.MinimumRedisVersionRule
	at org.springframework.data.redis.support.collections.RedisMapTests.<init>(RedisMapTests.java:57)
]]></error>
  </testcase>
  <testcase name="testEquals[1]" classname="org.springframework.data.redis.support.collections.RedisMapTests" time="0">
    <error message="Could not initialize class org.springframework.data.redis.test.util.MinimumRedisVersionRule" type="java.lang.NoClassDefFoundError"><![CDATA[java.lang.NoClassDefFoundError: Could not initialize class org.springframework.data.redis.test.util.MinimumRedisVersionRule
	at org.springframework.data.redis.support.collections.RedisMapTests.<init>(RedisMapTests.java:57)
]]></error>
  </testcase>
  <testcase name="testGetKey[1]" classname="org.springframework.data.redis.support.collections.RedisMapTests" time="0.001">
    <error message="Could not initialize class org.springframework.data.redis.test.util.MinimumRedisVersionRule" type="java.lang.NoClassDefFoundError"><![CDATA[java.lang.NoClassDefFoundError: Could not initialize class org.springframework.data.redis.test.util.MinimumRedisVersionRule
	at org.springframework.data.redis.support.collections.RedisMapTests.<init>(RedisMapTests.java:57)
]]></error>
  </testcase>
  <testcase name="testKeySet[1]" classname="org.springframework.data.redis.support.collections.RedisMapTests" time="0">
    <error message="Could not initialize class org.springframework.data.redis.test.util.MinimumRedisVersionRule" type="java.lang.NoClassDefFoundError"><![CDATA[java.lang.NoClassDefFoundError: Could not initialize class org.springframework.data.redis.test.util.MinimumRedisVersionRule
	at org.springframework.data.redis.support.collections.RedisMapTests.<init>(RedisMapTests.java:57)
]]></error>
  </testcase>
  <testcase name="testNotEquals[1]" classname="org.springframework.data.redis.support.collections.RedisMapTests" time="0">
    <error message="Could not initialize class org.springframework.data.redis.test.util.MinimumRedisVersionRule" type="java.lang.NoClassDefFoundError"><![CDATA[java.lang.NoClassDefFoundError: Could not initialize class org.springframework.data.redis.test.util.MinimumRedisVersionRule
	at org.springframework.data.redis.support.collections.RedisMapTests.<init>(RedisMapTests.java:57)
]]></error>
  </testcase>
  <testcase name="testGetOperations[1]" classname="org.springframework.data.redis.support.collections.RedisMapTests" time="0">
    <error message="Could not initialize class org.springframework.data.redis.test.util.MinimumRedisVersionRule" type="java.lang.NoClassDefFoundError"><![CDATA[java.lang.NoClassDefFoundError: Could not initialize class org.springframework.data.redis.test.util.MinimumRedisVersionRule
	at org.springframework.data.redis.support.collections.RedisMapTests.<init>(RedisMapTests.java:57)
]]></error>
  </testcase>
  <testcase name="testPutAll[1]" classname="org.springframework.data.redis.support.collections.RedisMapTests" time="0.001">
    <error message="Could not initialize class org.springframework.data.redis.test.util.MinimumRedisVersionRule" type="java.lang.NoClassDefFoundError"><![CDATA[java.lang.NoClassDefFoundError: Could not initialize class org.springframework.data.redis.test.util.MinimumRedisVersionRule
	at org.springframework.data.redis.support.collections.RedisMapTests.<init>(RedisMapTests.java:57)
]]></error>
  </testcase>
  <testcase name="testIsEmpty[1]" classname="org.springframework.data.redis.support.collections.RedisMapTests" time="0">
    <error message="Could not initialize class org.springframework.data.redis.test.util.MinimumRedisVersionRule" type="java.lang.NoClassDefFoundError"><![CDATA[java.lang.NoClassDefFoundError: Could not initialize class org.springframework.data.redis.test.util.MinimumRedisVersionRule
	at org.springframework.data.redis.support.collections.RedisMapTests.<init>(RedisMapTests.java:57)
]]></error>
  </testcase>
  <testcase name="testRemove[1]" classname="org.springframework.data.redis.support.collections.RedisMapTests" time="0">
    <error message="Could not initialize class org.springframework.data.redis.test.util.MinimumRedisVersionRule" type="java.lang.NoClassDefFoundError"><![CDATA[java.lang.NoClassDefFoundError: Could not initialize class org.springframework.data.redis.test.util.MinimumRedisVersionRule
	at org.springframework.data.redis.support.collections.RedisMapTests.<init>(RedisMapTests.java:57)
]]></error>
  </testcase>
  <testcase name="testConcurrentReplaceTwoArgs[1]" classname="org.springframework.data.redis.support.collections.RedisMapTests" time="0">
    <error message="Could not initialize class org.springframework.data.redis.test.util.MinimumRedisVersionRule" type="java.lang.NoClassDefFoundError"><![CDATA[java.lang.NoClassDefFoundError: Could not initialize class org.springframework.data.redis.test.util.MinimumRedisVersionRule
	at org.springframework.data.redis.support.collections.RedisMapTests.<init>(RedisMapTests.java:57)
]]></error>
  </testcase>
  <testcase name="testValues[1]" classname="org.springframework.data.redis.support.collections.RedisMapTests" time="0">
    <error message="Could not initialize class org.springframework.data.redis.test.util.MinimumRedisVersionRule" type="java.lang.NoClassDefFoundError"><![CDATA[java.lang.NoClassDefFoundError: Could not initialize class org.springframework.data.redis.test.util.MinimumRedisVersionRule
	at org.springframework.data.redis.support.collections.RedisMapTests.<init>(RedisMapTests.java:57)
]]></error>
  </testcase>
  <testcase name="testConcurrentRemove[2]" classname="org.springframework.data.redis.support.collections.RedisMapTests" time="0">
    <error message="Could not initialize class org.springframework.data.redis.test.util.MinimumRedisVersionRule" type="java.lang.NoClassDefFoundError"><![CDATA[java.lang.NoClassDefFoundError: Could not initialize class org.springframework.data.redis.test.util.MinimumRedisVersionRule
	at org.springframework.data.redis.support.collections.RedisMapTests.<init>(RedisMapTests.java:57)
]]></error>
  </testcase>
  <testcase name="testGet[2]" classname="org.springframework.data.redis.support.collections.RedisMapTests" time="0">
    <error message="Could not initialize class org.springframework.data.redis.test.util.MinimumRedisVersionRule" type="java.lang.NoClassDefFoundError"><![CDATA[java.lang.NoClassDefFoundError: Could not initialize class org.springframework.data.redis.test.util.MinimumRedisVersionRule
	at org.springframework.data.redis.support.collections.RedisMapTests.<init>(RedisMapTests.java:57)
]]></error>
  </testcase>
  <testcase name="testPut[2]" classname="org.springframework.data.redis.support.collections.RedisMapTests" time="0">
    <error message="Could not initialize class org.springframework.data.redis.test.util.MinimumRedisVersionRule" type="java.lang.NoClassDefFoundError"><![CDATA[java.lang.NoClassDefFoundError: Could not initialize class org.springframework.data.redis.test.util.MinimumRedisVersionRule
	at org.springframework.data.redis.support.collections.RedisMapTests.<init>(RedisMapTests.java:57)
]]></error>
  </testcase>
  <testcase name="testReplaceNullValue[2]" classname="org.springframework.data.redis.support.collections.RedisMapTests" time="0">
    <error message="Could not initialize class org.springframework.data.redis.test.util.MinimumRedisVersionRule" type="java.lang.NoClassDefFoundError"><![CDATA[java.lang.NoClassDefFoundError: Could not initialize class org.springframework.data.redis.test.util.MinimumRedisVersionRule
	at org.springframework.data.redis.support.collections.RedisMapTests.<init>(RedisMapTests.java:57)
]]></error>
  </testcase>
  <testcase name="testEntrySet[2]" classname="org.springframework.data.redis.support.collections.RedisMapTests" time="0">
    <error message="Could not initialize class org.springframework.data.redis.test.util.MinimumRedisVersionRule" type="java.lang.NoClassDefFoundError"><![CDATA[java.lang.NoClassDefFoundError: Could not initialize class org.springframework.data.redis.test.util.MinimumRedisVersionRule
	at org.springframework.data.redis.support.collections.RedisMapTests.<init>(RedisMapTests.java:57)
]]></error>
  </testcase>
  <testcase name="testRemoveNullValue[2]" classname="org.springframework.data.redis.support.collections.RedisMapTests" time="0">
    <error message="Could not initialize class org.springframework.data.redis.test.util.MinimumRedisVersionRule" type="java.lang.NoClassDefFoundError"><![CDATA[java.lang.NoClassDefFoundError: Could not initialize class org.springframework.data.redis.test.util.MinimumRedisVersionRule
	at org.springframework.data.redis.support.collections.RedisMapTests.<init>(RedisMapTests.java:57)
]]></error>
  </testcase>
  <testcase name="testClear[2]" classname="org.springframework.data.redis.support.collections.RedisMapTests" time="0">
    <error message="Could not initialize class org.springframework.data.redis.test.util.MinimumRedisVersionRule" type="java.lang.NoClassDefFoundError"><![CDATA[java.lang.NoClassDefFoundError: Could not initialize class org.springframework.data.redis.test.util.MinimumRedisVersionRule
	at org.springframework.data.redis.support.collections.RedisMapTests.<init>(RedisMapTests.java:57)
]]></error>
  </testcase>
  <testcase name="testSize[2]" classname="org.springframework.data.redis.support.collections.RedisMapTests" time="0">
    <error message="Could not initialize class org.springframework.data.redis.test.util.MinimumRedisVersionRule" type="java.lang.NoClassDefFoundError"><![CDATA[java.lang.NoClassDefFoundError: Could not initialize class org.springframework.data.redis.test.util.MinimumRedisVersionRule
	at org.springframework.data.redis.support.collections.RedisMapTests.<init>(RedisMapTests.java:57)
]]></error>
  </testcase>
  <testcase name="testReplaceNullOldValue[2]" classname="org.springframework.data.redis.support.collections.RedisMapTests" time="0">
    <error message="Could not initialize class org.springframework.data.redis.test.util.MinimumRedisVersionRule" type="java.lang.NoClassDefFoundError"><![CDATA[java.lang.NoClassDefFoundError: Could not initialize class org.springframework.data.redis.test.util.MinimumRedisVersionRule
	at org.springframework.data.redis.support.collections.RedisMapTests.<init>(RedisMapTests.java:57)
]]></error>
  </testcase>
  <testcase name="testConcurrentReplaceOneArg[2]" classname="org.springframework.data.redis.support.collections.RedisMapTests" time="0">
    <error message="Could not initialize class org.springframework.data.redis.test.util.MinimumRedisVersionRule" type="java.lang.NoClassDefFoundError"><![CDATA[java.lang.NoClassDefFoundError: Could not initialize class org.springframework.data.redis.test.util.MinimumRedisVersionRule
	at org.springframework.data.redis.support.collections.RedisMapTests.<init>(RedisMapTests.java:57)
]]></error>
  </testcase>
  <testcase name="testIncrement[2]" classname="org.springframework.data.redis.support.collections.RedisMapTests" time="0">
    <error message="Could not initialize class org.springframework.data.redis.test.util.MinimumRedisVersionRule" type="java.lang.NoClassDefFoundError"><![CDATA[java.lang.NoClassDefFoundError: Could not initialize class org.springframework.data.redis.test.util.MinimumRedisVersionRule
	at org.springframework.data.redis.support.collections.RedisMapTests.<init>(RedisMapTests.java:57)
]]></error>
  </testcase>
  <testcase name="testIncrementDouble[2]" classname="org.springframework.data.redis.support.collections.RedisMapTests" time="0">
    <error message="Could not initialize class org.springframework.data.redis.test.util.MinimumRedisVersionRule" type="java.lang.NoClassDefFoundError"><![CDATA[java.lang.NoClassDefFoundError: Could not initialize class org.springframework.data.redis.test.util.MinimumRedisVersionRule
	at org.springframework.data.redis.support.collections.RedisMapTests.<init>(RedisMapTests.java:57)
]]></error>
  </testcase>
  <testcase name="testContainsKey[2]" classname="org.springframework.data.redis.support.collections.RedisMapTests" time="0">
    <error message="Could not initialize class org.springframework.data.redis.test.util.MinimumRedisVersionRule" type="java.lang.NoClassDefFoundError"><![CDATA[java.lang.NoClassDefFoundError: Could not initialize class org.springframework.data.redis.test.util.MinimumRedisVersionRule
	at org.springframework.data.redis.support.collections.RedisMapTests.<init>(RedisMapTests.java:57)
]]></error>
  </testcase>
  <testcase name="testScanWorksCorrectly[2]" classname="org.springframework.data.redis.support.collections.RedisMapTests" time="0">
    <error message="Could not initialize class org.springframework.data.redis.test.util.MinimumRedisVersionRule" type="java.lang.NoClassDefFoundError"><![CDATA[java.lang.NoClassDefFoundError: Could not initialize class org.springframework.data.redis.test.util.MinimumRedisVersionRule
	at org.springframework.data.redis.support.collections.RedisMapTests.<init>(RedisMapTests.java:57)
]]></error>
  </testcase>
  <testcase name="testPutIfAbsent[2]" classname="org.springframework.data.redis.support.collections.RedisMapTests" time="0">
    <error message="Could not initialize class org.springframework.data.redis.test.util.MinimumRedisVersionRule" type="java.lang.NoClassDefFoundError"><![CDATA[java.lang.NoClassDefFoundError: Could not initialize class org.springframework.data.redis.test.util.MinimumRedisVersionRule
	at org.springframework.data.redis.support.collections.RedisMapTests.<init>(RedisMapTests.java:57)
]]></error>
  </testcase>
  <testcase name="testContainsValue[2]" classname="org.springframework.data.redis.support.collections.RedisMapTests" time="0">
    <error message="Could not initialize class org.springframework.data.redis.test.util.MinimumRedisVersionRule" type="java.lang.NoClassDefFoundError"><![CDATA[java.lang.NoClassDefFoundError: Could not initialize class org.springframework.data.redis.test.util.MinimumRedisVersionRule
	at org.springframework.data.redis.support.collections.RedisMapTests.<init>(RedisMapTests.java:57)
]]></error>
  </testcase>
  <testcase name="testReplaceNullNewValue[2]" classname="org.springframework.data.redis.support.collections.RedisMapTests" time="0">
    <error message="Could not initialize class org.springframework.data.redis.test.util.MinimumRedisVersionRule" type="java.lang.NoClassDefFoundError"><![CDATA[java.lang.NoClassDefFoundError: Could not initialize class org.springframework.data.redis.test.util.MinimumRedisVersionRule
	at org.springframework.data.redis.support.collections.RedisMapTests.<init>(RedisMapTests.java:57)
]]></error>
  </testcase>
  <testcase name="testHashCode[2]" classname="org.springframework.data.redis.support.collections.RedisMapTests" time="0">
    <error message="Could not initialize class org.springframework.data.redis.test.util.MinimumRedisVersionRule" type="java.lang.NoClassDefFoundError"><![CDATA[java.lang.NoClassDefFoundError: Could not initialize class org.springframework.data.redis.test.util.MinimumRedisVersionRule
	at org.springframework.data.redis.support.collections.RedisMapTests.<init>(RedisMapTests.java:57)
]]></error>
  </testcase>
  <testcase name="testIncrementNotNumber[2]" classname="org.springframework.data.redis.support.collections.RedisMapTests" time="0">
    <error message="Could not initialize class org.springframework.data.redis.test.util.MinimumRedisVersionRule" type="java.lang.NoClassDefFoundError"><![CDATA[java.lang.NoClassDefFoundError: Could not initialize class org.springframework.data.redis.test.util.MinimumRedisVersionRule
	at org.springframework.data.redis.support.collections.RedisMapTests.<init>(RedisMapTests.java:57)
]]></error>
  </testcase>
  <testcase name="testEquals[2]" classname="org.springframework.data.redis.support.collections.RedisMapTests" time="0">
    <error message="Could not initialize class org.springframework.data.redis.test.util.MinimumRedisVersionRule" type="java.lang.NoClassDefFoundError"><![CDATA[java.lang.NoClassDefFoundError: Could not initialize class org.springframework.data.redis.test.util.MinimumRedisVersionRule
	at org.springframework.data.redis.support.collections.RedisMapTests.<init>(RedisMapTests.java:57)
]]></error>
  </testcase>
  <testcase name="testGetKey[2]" classname="org.springframework.data.redis.support.collections.RedisMapTests" time="0">
    <error message="Could not initialize class org.springframework.data.redis.test.util.MinimumRedisVersionRule" type="java.lang.NoClassDefFoundError"><![CDATA[java.lang.NoClassDefFoundError: Could not initialize class org.springframework.data.redis.test.util.MinimumRedisVersionRule
	at org.springframework.data.redis.support.collections.RedisMapTests.<init>(RedisMapTests.java:57)
]]></error>
  </testcase>
  <testcase name="testKeySet[2]" classname="org.springframework.data.redis.support.collections.RedisMapTests" time="0">
    <error message="Could not initialize class org.springframework.data.redis.test.util.MinimumRedisVersionRule" type="java.lang.NoClassDefFoundError"><![CDATA[java.lang.NoClassDefFoundError: Could not initialize class org.springframework.data.redis.test.util.MinimumRedisVersionRule
	at org.springframework.data.redis.support.collections.RedisMapTests.<init>(RedisMapTests.java:57)
]]></error>
  </testcase>
  <testcase name="testNotEquals[2]" classname="org.springframework.data.redis.support.collections.RedisMapTests" time="0">
    <error message="Could not initialize class org.springframework.data.redis.test.util.MinimumRedisVersionRule" type="java.lang.NoClassDefFoundError"><![CDATA[java.lang.NoClassDefFoundError: Could not initialize class org.springframework.data.redis.test.util.MinimumRedisVersionRule
	at org.springframework.data.redis.support.collections.RedisMapTests.<init>(RedisMapTests.java:57)
]]></error>
  </testcase>
  <testcase name="testGetOperations[2]" classname="org.springframework.data.redis.support.collections.RedisMapTests" time="0">
    <error message="Could not initialize class org.springframework.data.redis.test.util.MinimumRedisVersionRule" type="java.lang.NoClassDefFoundError"><![CDATA[java.lang.NoClassDefFoundError: Could not initialize class org.springframework.data.redis.test.util.MinimumRedisVersionRule
	at org.springframework.data.redis.support.collections.RedisMapTests.<init>(RedisMapTests.java:57)
]]></error>
  </testcase>
  <testcase name="testPutAll[2]" classname="org.springframework.data.redis.support.collections.RedisMapTests" time="0">
    <error message="Could not initialize class org.springframework.data.redis.test.util.MinimumRedisVersionRule" type="java.lang.NoClassDefFoundError"><![CDATA[java.lang.NoClassDefFoundError: Could not initialize class org.springframework.data.redis.test.util.MinimumRedisVersionRule
	at org.springframework.data.redis.support.collections.RedisMapTests.<init>(RedisMapTests.java:57)
]]></error>
  </testcase>
  <testcase name="testIsEmpty[2]" classname="org.springframework.data.redis.support.collections.RedisMapTests" time="0">
    <error message="Could not initialize class org.springframework.data.redis.test.util.MinimumRedisVersionRule" type="java.lang.NoClassDefFoundError"><![CDATA[java.lang.NoClassDefFoundError: Could not initialize class org.springframework.data.redis.test.util.MinimumRedisVersionRule
	at org.springframework.data.redis.support.collections.RedisMapTests.<init>(RedisMapTests.java:57)
]]></error>
  </testcase>
  <testcase name="testRemove[2]" classname="org.springframework.data.redis.support.collections.RedisMapTests" time="0">
    <error message="Could not initialize class org.springframework.data.redis.test.util.MinimumRedisVersionRule" type="java.lang.NoClassDefFoundError"><![CDATA[java.lang.NoClassDefFoundError: Could not initialize class org.springframework.data.redis.test.util.MinimumRedisVersionRule
	at org.springframework.data.redis.support.collections.RedisMapTests.<init>(RedisMapTests.java:57)
]]></error>
  </testcase>
  <testcase name="testConcurrentReplaceTwoArgs[2]" classname="org.springframework.data.redis.support.collections.RedisMapTests" time="0">
    <error message="Could not initialize class org.springframework.data.redis.test.util.MinimumRedisVersionRule" type="java.lang.NoClassDefFoundError"><![CDATA[java.lang.NoClassDefFoundError: Could not initialize class org.springframework.data.redis.test.util.MinimumRedisVersionRule
	at org.springframework.data.redis.support.collections.RedisMapTests.<init>(RedisMapTests.java:57)
]]></error>
  </testcase>
  <testcase name="testValues[2]" classname="org.springframework.data.redis.support.collections.RedisMapTests" time="0">
    <error message="Could not initialize class org.springframework.data.redis.test.util.MinimumRedisVersionRule" type="java.lang.NoClassDefFoundError"><![CDATA[java.lang.NoClassDefFoundError: Could not initialize class org.springframework.data.redis.test.util.MinimumRedisVersionRule
	at org.springframework.data.redis.support.collections.RedisMapTests.<init>(RedisMapTests.java:57)
]]></error>
  </testcase>
  <testcase name="testConcurrentRemove[3]" classname="org.springframework.data.redis.support.collections.RedisMapTests" time="0">
    <error message="Could not initialize class org.springframework.data.redis.test.util.MinimumRedisVersionRule" type="java.lang.NoClassDefFoundError"><![CDATA[java.lang.NoClassDefFoundError: Could not initialize class org.springframework.data.redis.test.util.MinimumRedisVersionRule
	at org.springframework.data.redis.support.collections.RedisMapTests.<init>(RedisMapTests.java:57)
]]></error>
  </testcase>
  <testcase name="testGet[3]" classname="org.springframework.data.redis.support.collections.RedisMapTests" time="0">
    <error message="Could not initialize class org.springframework.data.redis.test.util.MinimumRedisVersionRule" type="java.lang.NoClassDefFoundError"><![CDATA[java.lang.NoClassDefFoundError: Could not initialize class org.springframework.data.redis.test.util.MinimumRedisVersionRule
	at org.springframework.data.redis.support.collections.RedisMapTests.<init>(RedisMapTests.java:57)
]]></error>
  </testcase>
  <testcase name="testPut[3]" classname="org.springframework.data.redis.support.collections.RedisMapTests" time="0">
    <error message="Could not initialize class org.springframework.data.redis.test.util.MinimumRedisVersionRule" type="java.lang.NoClassDefFoundError"><![CDATA[java.lang.NoClassDefFoundError: Could not initialize class org.springframework.data.redis.test.util.MinimumRedisVersionRule
	at org.springframework.data.redis.support.collections.RedisMapTests.<init>(RedisMapTests.java:57)
]]></error>
  </testcase>
  <testcase name="testReplaceNullValue[3]" classname="org.springframework.data.redis.support.collections.RedisMapTests" time="0">
    <error message="Could not initialize class org.springframework.data.redis.test.util.MinimumRedisVersionRule" type="java.lang.NoClassDefFoundError"><![CDATA[java.lang.NoClassDefFoundError: Could not initialize class org.springframework.data.redis.test.util.MinimumRedisVersionRule
	at org.springframework.data.redis.support.collections.RedisMapTests.<init>(RedisMapTests.java:57)
]]></error>
  </testcase>
  <testcase name="testEntrySet[3]" classname="org.springframework.data.redis.support.collections.RedisMapTests" time="0">
    <error message="Could not initialize class org.springframework.data.redis.test.util.MinimumRedisVersionRule" type="java.lang.NoClassDefFoundError"><![CDATA[java.lang.NoClassDefFoundError: Could not initialize class org.springframework.data.redis.test.util.MinimumRedisVersionRule
	at org.springframework.data.redis.support.collections.RedisMapTests.<init>(RedisMapTests.java:57)
]]></error>
  </testcase>
  <testcase name="testRemoveNullValue[3]" classname="org.springframework.data.redis.support.collections.RedisMapTests" time="0.001">
    <error message="Could not initialize class org.springframework.data.redis.test.util.MinimumRedisVersionRule" type="java.lang.NoClassDefFoundError"><![CDATA[java.lang.NoClassDefFoundError: Could not initialize class org.springframework.data.redis.test.util.MinimumRedisVersionRule
	at org.springframework.data.redis.support.collections.RedisMapTests.<init>(RedisMapTests.java:57)
]]></error>
  </testcase>
  <testcase name="testClear[3]" classname="org.springframework.data.redis.support.collections.RedisMapTests" time="0">
    <error message="Could not initialize class org.springframework.data.redis.test.util.MinimumRedisVersionRule" type="java.lang.NoClassDefFoundError"><![CDATA[java.lang.NoClassDefFoundError: Could not initialize class org.springframework.data.redis.test.util.MinimumRedisVersionRule
	at org.springframework.data.redis.support.collections.RedisMapTests.<init>(RedisMapTests.java:57)
]]></error>
  </testcase>
  <testcase name="testSize[3]" classname="org.springframework.data.redis.support.collections.RedisMapTests" time="0">
    <error message="Could not initialize class org.springframework.data.redis.test.util.MinimumRedisVersionRule" type="java.lang.NoClassDefFoundError"><![CDATA[java.lang.NoClassDefFoundError: Could not initialize class org.springframework.data.redis.test.util.MinimumRedisVersionRule
	at org.springframework.data.redis.support.collections.RedisMapTests.<init>(RedisMapTests.java:57)
]]></error>
  </testcase>
  <testcase name="testReplaceNullOldValue[3]" classname="org.springframework.data.redis.support.collections.RedisMapTests" time="0">
    <error message="Could not initialize class org.springframework.data.redis.test.util.MinimumRedisVersionRule" type="java.lang.NoClassDefFoundError"><![CDATA[java.lang.NoClassDefFoundError: Could not initialize class org.springframework.data.redis.test.util.MinimumRedisVersionRule
	at org.springframework.data.redis.support.collections.RedisMapTests.<init>(RedisMapTests.java:57)
]]></error>
  </testcase>
  <testcase name="testConcurrentReplaceOneArg[3]" classname="org.springframework.data.redis.support.collections.RedisMapTests" time="0">
    <error message="Could not initialize class org.springframework.data.redis.test.util.MinimumRedisVersionRule" type="java.lang.NoClassDefFoundError"><![CDATA[java.lang.NoClassDefFoundError: Could not initialize class org.springframework.data.redis.test.util.MinimumRedisVersionRule
	at org.springframework.data.redis.support.collections.RedisMapTests.<init>(RedisMapTests.java:57)
]]></error>
  </testcase>
  <testcase name="testIncrement[3]" classname="org.springframework.data.redis.support.collections.RedisMapTests" time="0">
    <error message="Could not initialize class org.springframework.data.redis.test.util.MinimumRedisVersionRule" type="java.lang.NoClassDefFoundError"><![CDATA[java.lang.NoClassDefFoundError: Could not initialize class org.springframework.data.redis.test.util.MinimumRedisVersionRule
	at org.springframework.data.redis.support.collections.RedisMapTests.<init>(RedisMapTests.java:57)
]]></error>
  </testcase>
  <testcase name="testIncrementDouble[3]" classname="org.springframework.data.redis.support.collections.RedisMapTests" time="0">
    <error message="Could not initialize class org.springframework.data.redis.test.util.MinimumRedisVersionRule" type="java.lang.NoClassDefFoundError"><![CDATA[java.lang.NoClassDefFoundError: Could not initialize class org.springframework.data.redis.test.util.MinimumRedisVersionRule
	at org.springframework.data.redis.support.collections.RedisMapTests.<init>(RedisMapTests.java:57)
]]></error>
  </testcase>
  <testcase name="testContainsKey[3]" classname="org.springframework.data.redis.support.collections.RedisMapTests" time="0">
    <error message="Could not initialize class org.springframework.data.redis.test.util.MinimumRedisVersionRule" type="java.lang.NoClassDefFoundError"><![CDATA[java.lang.NoClassDefFoundError: Could not initialize class org.springframework.data.redis.test.util.MinimumRedisVersionRule
	at org.springframework.data.redis.support.collections.RedisMapTests.<init>(RedisMapTests.java:57)
]]></error>
  </testcase>
  <testcase name="testScanWorksCorrectly[3]" classname="org.springframework.data.redis.support.collections.RedisMapTests" time="0">
    <error message="Could not initialize class org.springframework.data.redis.test.util.MinimumRedisVersionRule" type="java.lang.NoClassDefFoundError"><![CDATA[java.lang.NoClassDefFoundError: Could not initialize class org.springframework.data.redis.test.util.MinimumRedisVersionRule
	at org.springframework.data.redis.support.collections.RedisMapTests.<init>(RedisMapTests.java:57)
]]></error>
  </testcase>
  <testcase name="testPutIfAbsent[3]" classname="org.springframework.data.redis.support.collections.RedisMapTests" time="0.001">
    <error message="Could not initialize class org.springframework.data.redis.test.util.MinimumRedisVersionRule" type="java.lang.NoClassDefFoundError"><![CDATA[java.lang.NoClassDefFoundError: Could not initialize class org.springframework.data.redis.test.util.MinimumRedisVersionRule
	at org.springframework.data.redis.support.collections.RedisMapTests.<init>(RedisMapTests.java:57)
]]></error>
  </testcase>
  <testcase name="testContainsValue[3]" classname="org.springframework.data.redis.support.collections.RedisMapTests" time="0">
    <error message="Could not initialize class org.springframework.data.redis.test.util.MinimumRedisVersionRule" type="java.lang.NoClassDefFoundError"><![CDATA[java.lang.NoClassDefFoundError: Could not initialize class org.springframework.data.redis.test.util.MinimumRedisVersionRule
	at org.springframework.data.redis.support.collections.RedisMapTests.<init>(RedisMapTests.java:57)
]]></error>
  </testcase>
  <testcase name="testReplaceNullNewValue[3]" classname="org.springframework.data.redis.support.collections.RedisMapTests" time="0">
    <error message="Could not initialize class org.springframework.data.redis.test.util.MinimumRedisVersionRule" type="java.lang.NoClassDefFoundError"><![CDATA[java.lang.NoClassDefFoundError: Could not initialize class org.springframework.data.redis.test.util.MinimumRedisVersionRule
	at org.springframework.data.redis.support.collections.RedisMapTests.<init>(RedisMapTests.java:57)
]]></error>
  </testcase>
  <testcase name="testHashCode[3]" classname="org.springframework.data.redis.support.collections.RedisMapTests" time="0">
    <error message="Could not initialize class org.springframework.data.redis.test.util.MinimumRedisVersionRule" type="java.lang.NoClassDefFoundError"><![CDATA[java.lang.NoClassDefFoundError: Could not initialize class org.springframework.data.redis.test.util.MinimumRedisVersionRule
	at org.springframework.data.redis.support.collections.RedisMapTests.<init>(RedisMapTests.java:57)
]]></error>
  </testcase>
  <testcase name="testIncrementNotNumber[3]" classname="org.springframework.data.redis.support.collections.RedisMapTests" time="0">
    <error message="Could not initialize class org.springframework.data.redis.test.util.MinimumRedisVersionRule" type="java.lang.NoClassDefFoundError"><![CDATA[java.lang.NoClassDefFoundError: Could not initialize class org.springframework.data.redis.test.util.MinimumRedisVersionRule
	at org.springframework.data.redis.support.collections.RedisMapTests.<init>(RedisMapTests.java:57)
]]></error>
  </testcase>
  <testcase name="testEquals[3]" classname="org.springframework.data.redis.support.collections.RedisMapTests" time="0">
    <error message="Could not initialize class org.springframework.data.redis.test.util.MinimumRedisVersionRule" type="java.lang.NoClassDefFoundError"><![CDATA[java.lang.NoClassDefFoundError: Could not initialize class org.springframework.data.redis.test.util.MinimumRedisVersionRule
	at org.springframework.data.redis.support.collections.RedisMapTests.<init>(RedisMapTests.java:57)
]]></error>
  </testcase>
  <testcase name="testGetKey[3]" classname="org.springframework.data.redis.support.collections.RedisMapTests" time="0">
    <error message="Could not initialize class org.springframework.data.redis.test.util.MinimumRedisVersionRule" type="java.lang.NoClassDefFoundError"><![CDATA[java.lang.NoClassDefFoundError: Could not initialize class org.springframework.data.redis.test.util.MinimumRedisVersionRule
	at org.springframework.data.redis.support.collections.RedisMapTests.<init>(RedisMapTests.java:57)
]]></error>
  </testcase>
  <testcase name="testKeySet[3]" classname="org.springframework.data.redis.support.collections.RedisMapTests" time="0">
    <error message="Could not initialize class org.springframework.data.redis.test.util.MinimumRedisVersionRule" type="java.lang.NoClassDefFoundError"><![CDATA[java.lang.NoClassDefFoundError: Could not initialize class org.springframework.data.redis.test.util.MinimumRedisVersionRule
	at org.springframework.data.redis.support.collections.RedisMapTests.<init>(RedisMapTests.java:57)
]]></error>
  </testcase>
  <testcase name="testNotEquals[3]" classname="org.springframework.data.redis.support.collections.RedisMapTests" time="0">
    <error message="Could not initialize class org.springframework.data.redis.test.util.MinimumRedisVersionRule" type="java.lang.NoClassDefFoundError"><![CDATA[java.lang.NoClassDefFoundError: Could not initialize class org.springframework.data.redis.test.util.MinimumRedisVersionRule
	at org.springframework.data.redis.support.collections.RedisMapTests.<init>(RedisMapTests.java:57)
]]></error>
  </testcase>
  <testcase name="testGetOperations[3]" classname="org.springframework.data.redis.support.collections.RedisMapTests" time="0.001">
    <error message="Could not initialize class org.springframework.data.redis.test.util.MinimumRedisVersionRule" type="java.lang.NoClassDefFoundError"><![CDATA[java.lang.NoClassDefFoundError: Could not initialize class org.springframework.data.redis.test.util.MinimumRedisVersionRule
	at org.springframework.data.redis.support.collections.RedisMapTests.<init>(RedisMapTests.java:57)
]]></error>
  </testcase>
  <testcase name="testPutAll[3]" classname="org.springframework.data.redis.support.collections.RedisMapTests" time="0">
    <error message="Could not initialize class org.springframework.data.redis.test.util.MinimumRedisVersionRule" type="java.lang.NoClassDefFoundError"><![CDATA[java.lang.NoClassDefFoundError: Could not initialize class org.springframework.data.redis.test.util.MinimumRedisVersionRule
	at org.springframework.data.redis.support.collections.RedisMapTests.<init>(RedisMapTests.java:57)
]]></error>
  </testcase>
  <testcase name="testIsEmpty[3]" classname="org.springframework.data.redis.support.collections.RedisMapTests" time="0">
    <error message="Could not initialize class org.springframework.data.redis.test.util.MinimumRedisVersionRule" type="java.lang.NoClassDefFoundError"><![CDATA[java.lang.NoClassDefFoundError: Could not initialize class org.springframework.data.redis.test.util.MinimumRedisVersionRule
	at org.springframework.data.redis.support.collections.RedisMapTests.<init>(RedisMapTests.java:57)
]]></error>
  </testcase>
  <testcase name="testRemove[3]" classname="org.springframework.data.redis.support.collections.RedisMapTests" time="0">
    <error message="Could not initialize class org.springframework.data.redis.test.util.MinimumRedisVersionRule" type="java.lang.NoClassDefFoundError"><![CDATA[java.lang.NoClassDefFoundError: Could not initialize class org.springframework.data.redis.test.util.MinimumRedisVersionRule
	at org.springframework.data.redis.support.collections.RedisMapTests.<init>(RedisMapTests.java:57)
]]></error>
  </testcase>
  <testcase name="testConcurrentReplaceTwoArgs[3]" classname="org.springframework.data.redis.support.collections.RedisMapTests" time="0">
    <error message="Could not initialize class org.springframework.data.redis.test.util.MinimumRedisVersionRule" type="java.lang.NoClassDefFoundError"><![CDATA[java.lang.NoClassDefFoundError: Could not initialize class org.springframework.data.redis.test.util.MinimumRedisVersionRule
	at org.springframework.data.redis.support.collections.RedisMapTests.<init>(RedisMapTests.java:57)
]]></error>
  </testcase>
  <testcase name="testValues[3]" classname="org.springframework.data.redis.support.collections.RedisMapTests" time="0.001">
    <error message="Could not initialize class org.springframework.data.redis.test.util.MinimumRedisVersionRule" type="java.lang.NoClassDefFoundError"><![CDATA[java.lang.NoClassDefFoundError: Could not initialize class org.springframework.data.redis.test.util.MinimumRedisVersionRule
	at org.springframework.data.redis.support.collections.RedisMapTests.<init>(RedisMapTests.java:57)
]]></error>
  </testcase>
  <testcase name="testConcurrentRemove[4]" classname="org.springframework.data.redis.support.collections.RedisMapTests" time="0">
    <error message="Could not initialize class org.springframework.data.redis.test.util.MinimumRedisVersionRule" type="java.lang.NoClassDefFoundError"><![CDATA[java.lang.NoClassDefFoundError: Could not initialize class org.springframework.data.redis.test.util.MinimumRedisVersionRule
	at org.springframework.data.redis.support.collections.RedisMapTests.<init>(RedisMapTests.java:57)
]]></error>
  </testcase>
  <testcase name="testGet[4]" classname="org.springframework.data.redis.support.collections.RedisMapTests" time="0">
    <error message="Could not initialize class org.springframework.data.redis.test.util.MinimumRedisVersionRule" type="java.lang.NoClassDefFoundError"><![CDATA[java.lang.NoClassDefFoundError: Could not initialize class org.springframework.data.redis.test.util.MinimumRedisVersionRule
	at org.springframework.data.redis.support.collections.RedisMapTests.<init>(RedisMapTests.java:57)
]]></error>
  </testcase>
  <testcase name="testPut[4]" classname="org.springframework.data.redis.support.collections.RedisMapTests" time="0">
    <error message="Could not initialize class org.springframework.data.redis.test.util.MinimumRedisVersionRule" type="java.lang.NoClassDefFoundError"><![CDATA[java.lang.NoClassDefFoundError: Could not initialize class org.springframework.data.redis.test.util.MinimumRedisVersionRule
	at org.springframework.data.redis.support.collections.RedisMapTests.<init>(RedisMapTests.java:57)
]]></error>
  </testcase>
  <testcase name="testReplaceNullValue[4]" classname="org.springframework.data.redis.support.collections.RedisMapTests" time="0">
    <error message="Could not initialize class org.springframework.data.redis.test.util.MinimumRedisVersionRule" type="java.lang.NoClassDefFoundError"><![CDATA[java.lang.NoClassDefFoundError: Could not initialize class org.springframework.data.redis.test.util.MinimumRedisVersionRule
	at org.springframework.data.redis.support.collections.RedisMapTests.<init>(RedisMapTests.java:57)
]]></error>
  </testcase>
  <testcase name="testEntrySet[4]" classname="org.springframework.data.redis.support.collections.RedisMapTests" time="0.001">
    <error message="Could not initialize class org.springframework.data.redis.test.util.MinimumRedisVersionRule" type="java.lang.NoClassDefFoundError"><![CDATA[java.lang.NoClassDefFoundError: Could not initialize class org.springframework.data.redis.test.util.MinimumRedisVersionRule
	at org.springframework.data.redis.support.collections.RedisMapTests.<init>(RedisMapTests.java:57)
]]></error>
  </testcase>
  <testcase name="testRemoveNullValue[4]" classname="org.springframework.data.redis.support.collections.RedisMapTests" time="0">
    <error message="Could not initialize class org.springframework.data.redis.test.util.MinimumRedisVersionRule" type="java.lang.NoClassDefFoundError"><![CDATA[java.lang.NoClassDefFoundError: Could not initialize class org.springframework.data.redis.test.util.MinimumRedisVersionRule
	at org.springframework.data.redis.support.collections.RedisMapTests.<init>(RedisMapTests.java:57)
]]></error>
  </testcase>
  <testcase name="testClear[4]" classname="org.springframework.data.redis.support.collections.RedisMapTests" time="0">
    <error message="Could not initialize class org.springframework.data.redis.test.util.MinimumRedisVersionRule" type="java.lang.NoClassDefFoundError"><![CDATA[java.lang.NoClassDefFoundError: Could not initialize class org.springframework.data.redis.test.util.MinimumRedisVersionRule
	at org.springframework.data.redis.support.collections.RedisMapTests.<init>(RedisMapTests.java:57)
]]></error>
  </testcase>
  <testcase name="testSize[4]" classname="org.springframework.data.redis.support.collections.RedisMapTests" time="0">
    <error message="Could not initialize class org.springframework.data.redis.test.util.MinimumRedisVersionRule" type="java.lang.NoClassDefFoundError"><![CDATA[java.lang.NoClassDefFoundError: Could not initialize class org.springframework.data.redis.test.util.MinimumRedisVersionRule
	at org.springframework.data.redis.support.collections.RedisMapTests.<init>(RedisMapTests.java:57)
]]></error>
  </testcase>
  <testcase name="testReplaceNullOldValue[4]" classname="org.springframework.data.redis.support.collections.RedisMapTests" time="0">
    <error message="Could not initialize class org.springframework.data.redis.test.util.MinimumRedisVersionRule" type="java.lang.NoClassDefFoundError"><![CDATA[java.lang.NoClassDefFoundError: Could not initialize class org.springframework.data.redis.test.util.MinimumRedisVersionRule
	at org.springframework.data.redis.support.collections.RedisMapTests.<init>(RedisMapTests.java:57)
]]></error>
  </testcase>
  <testcase name="testConcurrentReplaceOneArg[4]" classname="org.springframework.data.redis.support.collections.RedisMapTests" time="0.001">
    <error message="Could not initialize class org.springframework.data.redis.test.util.MinimumRedisVersionRule" type="java.lang.NoClassDefFoundError"><![CDATA[java.lang.NoClassDefFoundError: Could not initialize class org.springframework.data.redis.test.util.MinimumRedisVersionRule
	at org.springframework.data.redis.support.collections.RedisMapTests.<init>(RedisMapTests.java:57)
]]></error>
  </testcase>
  <testcase name="testIncrement[4]" classname="org.springframework.data.redis.support.collections.RedisMapTests" time="0">
    <error message="Could not initialize class org.springframework.data.redis.test.util.MinimumRedisVersionRule" type="java.lang.NoClassDefFoundError"><![CDATA[java.lang.NoClassDefFoundError: Could not initialize class org.springframework.data.redis.test.util.MinimumRedisVersionRule
	at org.springframework.data.redis.support.collections.RedisMapTests.<init>(RedisMapTests.java:57)
]]></error>
  </testcase>
  <testcase name="testIncrementDouble[4]" classname="org.springframework.data.redis.support.collections.RedisMapTests" time="0">
    <error message="Could not initialize class org.springframework.data.redis.test.util.MinimumRedisVersionRule" type="java.lang.NoClassDefFoundError"><![CDATA[java.lang.NoClassDefFoundError: Could not initialize class org.springframework.data.redis.test.util.MinimumRedisVersionRule
	at org.springframework.data.redis.support.collections.RedisMapTests.<init>(RedisMapTests.java:57)
]]></error>
  </testcase>
  <testcase name="testContainsKey[4]" classname="org.springframework.data.redis.support.collections.RedisMapTests" time="0.008">
    <error message="Could not initialize class org.springframework.data.redis.test.util.MinimumRedisVersionRule" type="java.lang.NoClassDefFoundError"><![CDATA[java.lang.NoClassDefFoundError: Could not initialize class org.springframework.data.redis.test.util.MinimumRedisVersionRule
	at org.springframework.data.redis.support.collections.RedisMapTests.<init>(RedisMapTests.java:57)
]]></error>
  </testcase>
  <testcase name="testScanWorksCorrectly[4]" classname="org.springframework.data.redis.support.collections.RedisMapTests" time="0">
    <error message="Could not initialize class org.springframework.data.redis.test.util.MinimumRedisVersionRule" type="java.lang.NoClassDefFoundError"><![CDATA[java.lang.NoClassDefFoundError: Could not initialize class org.springframework.data.redis.test.util.MinimumRedisVersionRule
	at org.springframework.data.redis.support.collections.RedisMapTests.<init>(RedisMapTests.java:57)
]]></error>
  </testcase>
  <testcase name="testPutIfAbsent[4]" classname="org.springframework.data.redis.support.collections.RedisMapTests" time="0">
    <error message="Could not initialize class org.springframework.data.redis.test.util.MinimumRedisVersionRule" type="java.lang.NoClassDefFoundError"><![CDATA[java.lang.NoClassDefFoundError: Could not initialize class org.springframework.data.redis.test.util.MinimumRedisVersionRule
	at org.springframework.data.redis.support.collections.RedisMapTests.<init>(RedisMapTests.java:57)
]]></error>
  </testcase>
  <testcase name="testContainsValue[4]" classname="org.springframework.data.redis.support.collections.RedisMapTests" time="0">
    <error message="Could not initialize class org.springframework.data.redis.test.util.MinimumRedisVersionRule" type="java.lang.NoClassDefFoundError"><![CDATA[java.lang.NoClassDefFoundError: Could not initialize class org.springframework.data.redis.test.util.MinimumRedisVersionRule
	at org.springframework.data.redis.support.collections.RedisMapTests.<init>(RedisMapTests.java:57)
]]></error>
  </testcase>
  <testcase name="testReplaceNullNewValue[4]" classname="org.springframework.data.redis.support.collections.RedisMapTests" time="0">
    <error message="Could not initialize class org.springframework.data.redis.test.util.MinimumRedisVersionRule" type="java.lang.NoClassDefFoundError"><![CDATA[java.lang.NoClassDefFoundError: Could not initialize class org.springframework.data.redis.test.util.MinimumRedisVersionRule
	at org.springframework.data.redis.support.collections.RedisMapTests.<init>(RedisMapTests.java:57)
]]></error>
  </testcase>
  <testcase name="testHashCode[4]" classname="org.springframework.data.redis.support.collections.RedisMapTests" time="0">
    <error message="Could not initialize class org.springframework.data.redis.test.util.MinimumRedisVersionRule" type="java.lang.NoClassDefFoundError"><![CDATA[java.lang.NoClassDefFoundError: Could not initialize class org.springframework.data.redis.test.util.MinimumRedisVersionRule
	at org.springframework.data.redis.support.collections.RedisMapTests.<init>(RedisMapTests.java:57)
]]></error>
  </testcase>
  <testcase name="testIncrementNotNumber[4]" classname="org.springframework.data.redis.support.collections.RedisMapTests" time="0.001">
    <error message="Could not initialize class org.springframework.data.redis.test.util.MinimumRedisVersionRule" type="java.lang.NoClassDefFoundError"><![CDATA[java.lang.NoClassDefFoundError: Could not initialize class org.springframework.data.redis.test.util.MinimumRedisVersionRule
	at org.springframework.data.redis.support.collections.RedisMapTests.<init>(RedisMapTests.java:57)
]]></error>
  </testcase>
  <testcase name="testEquals[4]" classname="org.springframework.data.redis.support.collections.RedisMapTests" time="0">
    <error message="Could not initialize class org.springframework.data.redis.test.util.MinimumRedisVersionRule" type="java.lang.NoClassDefFoundError"><![CDATA[java.lang.NoClassDefFoundError: Could not initialize class org.springframework.data.redis.test.util.MinimumRedisVersionRule
	at org.springframework.data.redis.support.collections.RedisMapTests.<init>(RedisMapTests.java:57)
]]></error>
  </testcase>
  <testcase name="testGetKey[4]" classname="org.springframework.data.redis.support.collections.RedisMapTests" time="0">
    <error message="Could not initialize class org.springframework.data.redis.test.util.MinimumRedisVersionRule" type="java.lang.NoClassDefFoundError"><![CDATA[java.lang.NoClassDefFoundError: Could not initialize class org.springframework.data.redis.test.util.MinimumRedisVersionRule
	at org.springframework.data.redis.support.collections.RedisMapTests.<init>(RedisMapTests.java:57)
]]></error>
  </testcase>
  <testcase name="testKeySet[4]" classname="org.springframework.data.redis.support.collections.RedisMapTests" time="0">
    <error message="Could not initialize class org.springframework.data.redis.test.util.MinimumRedisVersionRule" type="java.lang.NoClassDefFoundError"><![CDATA[java.lang.NoClassDefFoundError: Could not initialize class org.springframework.data.redis.test.util.MinimumRedisVersionRule
	at org.springframework.data.redis.support.collections.RedisMapTests.<init>(RedisMapTests.java:57)
]]></error>
  </testcase>
  <testcase name="testNotEquals[4]" classname="org.springframework.data.redis.support.collections.RedisMapTests" time="0">
    <error message="Could not initialize class org.springframework.data.redis.test.util.MinimumRedisVersionRule" type="java.lang.NoClassDefFoundError"><![CDATA[java.lang.NoClassDefFoundError: Could not initialize class org.springframework.data.redis.test.util.MinimumRedisVersionRule
	at org.springframework.data.redis.support.collections.RedisMapTests.<init>(RedisMapTests.java:57)
]]></error>
  </testcase>
  <testcase name="testGetOperations[4]" classname="org.springframework.data.redis.support.collections.RedisMapTests" time="0">
    <error message="Could not initialize class org.springframework.data.redis.test.util.MinimumRedisVersionRule" type="java.lang.NoClassDefFoundError"><![CDATA[java.lang.NoClassDefFoundError: Could not initialize class org.springframework.data.redis.test.util.MinimumRedisVersionRule
	at org.springframework.data.redis.support.collections.RedisMapTests.<init>(RedisMapTests.java:57)
]]></error>
  </testcase>
  <testcase name="testPutAll[4]" classname="org.springframework.data.redis.support.collections.RedisMapTests" time="0">
    <error message="Could not initialize class org.springframework.data.redis.test.util.MinimumRedisVersionRule" type="java.lang.NoClassDefFoundError"><![CDATA[java.lang.NoClassDefFoundError: Could not initialize class org.springframework.data.redis.test.util.MinimumRedisVersionRule
	at org.springframework.data.redis.support.collections.RedisMapTests.<init>(RedisMapTests.java:57)
]]></error>
  </testcase>
  <testcase name="testIsEmpty[4]" classname="org.springframework.data.redis.support.collections.RedisMapTests" time="0">
    <error message="Could not initialize class org.springframework.data.redis.test.util.MinimumRedisVersionRule" type="java.lang.NoClassDefFoundError"><![CDATA[java.lang.NoClassDefFoundError: Could not initialize class org.springframework.data.redis.test.util.MinimumRedisVersionRule
	at org.springframework.data.redis.support.collections.RedisMapTests.<init>(RedisMapTests.java:57)
]]></error>
  </testcase>
  <testcase name="testRemove[4]" classname="org.springframework.data.redis.support.collections.RedisMapTests" time="0">
    <error message="Could not initialize class org.springframework.data.redis.test.util.MinimumRedisVersionRule" type="java.lang.NoClassDefFoundError"><![CDATA[java.lang.NoClassDefFoundError: Could not initialize class org.springframework.data.redis.test.util.MinimumRedisVersionRule
	at org.springframework.data.redis.support.collections.RedisMapTests.<init>(RedisMapTests.java:57)
]]></error>
  </testcase>
  <testcase name="testConcurrentReplaceTwoArgs[4]" classname="org.springframework.data.redis.support.collections.RedisMapTests" time="0">
    <error message="Could not initialize class org.springframework.data.redis.test.util.MinimumRedisVersionRule" type="java.lang.NoClassDefFoundError"><![CDATA[java.lang.NoClassDefFoundError: Could not initialize class org.springframework.data.redis.test.util.MinimumRedisVersionRule
	at org.springframework.data.redis.support.collections.RedisMapTests.<init>(RedisMapTests.java:57)
]]></error>
  </testcase>
  <testcase name="testValues[4]" classname="org.springframework.data.redis.support.collections.RedisMapTests" time="0.001">
    <error message="Could not initialize class org.springframework.data.redis.test.util.MinimumRedisVersionRule" type="java.lang.NoClassDefFoundError"><![CDATA[java.lang.NoClassDefFoundError: Could not initialize class org.springframework.data.redis.test.util.MinimumRedisVersionRule
	at org.springframework.data.redis.support.collections.RedisMapTests.<init>(RedisMapTests.java:57)
]]></error>
  </testcase>
  <testcase name="testConcurrentRemove[5]" classname="org.springframework.data.redis.support.collections.RedisMapTests" time="0">
    <error message="Could not initialize class org.springframework.data.redis.test.util.MinimumRedisVersionRule" type="java.lang.NoClassDefFoundError"><![CDATA[java.lang.NoClassDefFoundError: Could not initialize class org.springframework.data.redis.test.util.MinimumRedisVersionRule
	at org.springframework.data.redis.support.collections.RedisMapTests.<init>(RedisMapTests.java:57)
]]></error>
  </testcase>
  <testcase name="testGet[5]" classname="org.springframework.data.redis.support.collections.RedisMapTests" time="0">
    <error message="Could not initialize class org.springframework.data.redis.test.util.MinimumRedisVersionRule" type="java.lang.NoClassDefFoundError"><![CDATA[java.lang.NoClassDefFoundError: Could not initialize class org.springframework.data.redis.test.util.MinimumRedisVersionRule
	at org.springframework.data.redis.support.collections.RedisMapTests.<init>(RedisMapTests.java:57)
]]></error>
  </testcase>
  <testcase name="testPut[5]" classname="org.springframework.data.redis.support.collections.RedisMapTests" time="0">
    <error message="Could not initialize class org.springframework.data.redis.test.util.MinimumRedisVersionRule" type="java.lang.NoClassDefFoundError"><![CDATA[java.lang.NoClassDefFoundError: Could not initialize class org.springframework.data.redis.test.util.MinimumRedisVersionRule
	at org.springframework.data.redis.support.collections.RedisMapTests.<init>(RedisMapTests.java:57)
]]></error>
  </testcase>
  <testcase name="testReplaceNullValue[5]" classname="org.springframework.data.redis.support.collections.RedisMapTests" time="0">
    <error message="Could not initialize class org.springframework.data.redis.test.util.MinimumRedisVersionRule" type="java.lang.NoClassDefFoundError"><![CDATA[java.lang.NoClassDefFoundError: Could not initialize class org.springframework.data.redis.test.util.MinimumRedisVersionRule
	at org.springframework.data.redis.support.collections.RedisMapTests.<init>(RedisMapTests.java:57)
]]></error>
  </testcase>
  <testcase name="testEntrySet[5]" classname="org.springframework.data.redis.support.collections.RedisMapTests" time="0">
    <error message="Could not initialize class org.springframework.data.redis.test.util.MinimumRedisVersionRule" type="java.lang.NoClassDefFoundError"><![CDATA[java.lang.NoClassDefFoundError: Could not initialize class org.springframework.data.redis.test.util.MinimumRedisVersionRule
	at org.springframework.data.redis.support.collections.RedisMapTests.<init>(RedisMapTests.java:57)
]]></error>
  </testcase>
  <testcase name="testRemoveNullValue[5]" classname="org.springframework.data.redis.support.collections.RedisMapTests" time="0">
    <error message="Could not initialize class org.springframework.data.redis.test.util.MinimumRedisVersionRule" type="java.lang.NoClassDefFoundError"><![CDATA[java.lang.NoClassDefFoundError: Could not initialize class org.springframework.data.redis.test.util.MinimumRedisVersionRule
	at org.springframework.data.redis.support.collections.RedisMapTests.<init>(RedisMapTests.java:57)
]]></error>
  </testcase>
  <testcase name="testClear[5]" classname="org.springframework.data.redis.support.collections.RedisMapTests" time="0">
    <error message="Could not initialize class org.springframework.data.redis.test.util.MinimumRedisVersionRule" type="java.lang.NoClassDefFoundError"><![CDATA[java.lang.NoClassDefFoundError: Could not initialize class org.springframework.data.redis.test.util.MinimumRedisVersionRule
	at org.springframework.data.redis.support.collections.RedisMapTests.<init>(RedisMapTests.java:57)
]]></error>
  </testcase>
  <testcase name="testSize[5]" classname="org.springframework.data.redis.support.collections.RedisMapTests" time="0">
    <error message="Could not initialize class org.springframework.data.redis.test.util.MinimumRedisVersionRule" type="java.lang.NoClassDefFoundError"><![CDATA[java.lang.NoClassDefFoundError: Could not initialize class org.springframework.data.redis.test.util.MinimumRedisVersionRule
	at org.springframework.data.redis.support.collections.RedisMapTests.<init>(RedisMapTests.java:57)
]]></error>
  </testcase>
  <testcase name="testReplaceNullOldValue[5]" classname="org.springframework.data.redis.support.collections.RedisMapTests" time="0.001">
    <error message="Could not initialize class org.springframework.data.redis.test.util.MinimumRedisVersionRule" type="java.lang.NoClassDefFoundError"><![CDATA[java.lang.NoClassDefFoundError: Could not initialize class org.springframework.data.redis.test.util.MinimumRedisVersionRule
	at org.springframework.data.redis.support.collections.RedisMapTests.<init>(RedisMapTests.java:57)
]]></error>
  </testcase>
  <testcase name="testConcurrentReplaceOneArg[5]" classname="org.springframework.data.redis.support.collections.RedisMapTests" time="0">
    <error message="Could not initialize class org.springframework.data.redis.test.util.MinimumRedisVersionRule" type="java.lang.NoClassDefFoundError"><![CDATA[java.lang.NoClassDefFoundError: Could not initialize class org.springframework.data.redis.test.util.MinimumRedisVersionRule
	at org.springframework.data.redis.support.collections.RedisMapTests.<init>(RedisMapTests.java:57)
]]></error>
  </testcase>
  <testcase name="testIncrement[5]" classname="org.springframework.data.redis.support.collections.RedisMapTests" time="0">
    <error message="Could not initialize class org.springframework.data.redis.test.util.MinimumRedisVersionRule" type="java.lang.NoClassDefFoundError"><![CDATA[java.lang.NoClassDefFoundError: Could not initialize class org.springframework.data.redis.test.util.MinimumRedisVersionRule
	at org.springframework.data.redis.support.collections.RedisMapTests.<init>(RedisMapTests.java:57)
]]></error>
  </testcase>
  <testcase name="testIncrementDouble[5]" classname="org.springframework.data.redis.support.collections.RedisMapTests" time="0">
    <error message="Could not initialize class org.springframework.data.redis.test.util.MinimumRedisVersionRule" type="java.lang.NoClassDefFoundError"><![CDATA[java.lang.NoClassDefFoundError: Could not initialize class org.springframework.data.redis.test.util.MinimumRedisVersionRule
	at org.springframework.data.redis.support.collections.RedisMapTests.<init>(RedisMapTests.java:57)
]]></error>
  </testcase>
  <testcase name="testContainsKey[5]" classname="org.springframework.data.redis.support.collections.RedisMapTests" time="0">
    <error message="Could not initialize class org.springframework.data.redis.test.util.MinimumRedisVersionRule" type="java.lang.NoClassDefFoundError"><![CDATA[java.lang.NoClassDefFoundError: Could not initialize class org.springframework.data.redis.test.util.MinimumRedisVersionRule
	at org.springframework.data.redis.support.collections.RedisMapTests.<init>(RedisMapTests.java:57)
]]></error>
  </testcase>
  <testcase name="testScanWorksCorrectly[5]" classname="org.springframework.data.redis.support.collections.RedisMapTests" time="0.001">
    <error message="Could not initialize class org.springframework.data.redis.test.util.MinimumRedisVersionRule" type="java.lang.NoClassDefFoundError"><![CDATA[java.lang.NoClassDefFoundError: Could not initialize class org.springframework.data.redis.test.util.MinimumRedisVersionRule
	at org.springframework.data.redis.support.collections.RedisMapTests.<init>(RedisMapTests.java:57)
]]></error>
  </testcase>
  <testcase name="testPutIfAbsent[5]" classname="org.springframework.data.redis.support.collections.RedisMapTests" time="0">
    <error message="Could not initialize class org.springframework.data.redis.test.util.MinimumRedisVersionRule" type="java.lang.NoClassDefFoundError"><![CDATA[java.lang.NoClassDefFoundError: Could not initialize class org.springframework.data.redis.test.util.MinimumRedisVersionRule
	at org.springframework.data.redis.support.collections.RedisMapTests.<init>(RedisMapTests.java:57)
]]></error>
  </testcase>
  <testcase name="testContainsValue[5]" classname="org.springframework.data.redis.support.collections.RedisMapTests" time="0">
    <error message="Could not initialize class org.springframework.data.redis.test.util.MinimumRedisVersionRule" type="java.lang.NoClassDefFoundError"><![CDATA[java.lang.NoClassDefFoundError: Could not initialize class org.springframework.data.redis.test.util.MinimumRedisVersionRule
	at org.springframework.data.redis.support.collections.RedisMapTests.<init>(RedisMapTests.java:57)
]]></error>
  </testcase>
  <testcase name="testReplaceNullNewValue[5]" classname="org.springframework.data.redis.support.collections.RedisMapTests" time="0">
    <error message="Could not initialize class org.springframework.data.redis.test.util.MinimumRedisVersionRule" type="java.lang.NoClassDefFoundError"><![CDATA[java.lang.NoClassDefFoundError: Could not initialize class org.springframework.data.redis.test.util.MinimumRedisVersionRule
	at org.springframework.data.redis.support.collections.RedisMapTests.<init>(RedisMapTests.java:57)
]]></error>
  </testcase>
  <testcase name="testHashCode[5]" classname="org.springframework.data.redis.support.collections.RedisMapTests" time="0">
    <error message="Could not initialize class org.springframework.data.redis.test.util.MinimumRedisVersionRule" type="java.lang.NoClassDefFoundError"><![CDATA[java.lang.NoClassDefFoundError: Could not initialize class org.springframework.data.redis.test.util.MinimumRedisVersionRule
	at org.springframework.data.redis.support.collections.RedisMapTests.<init>(RedisMapTests.java:57)
]]></error>
  </testcase>
  <testcase name="testIncrementNotNumber[5]" classname="org.springframework.data.redis.support.collections.RedisMapTests" time="0">
    <error message="Could not initialize class org.springframework.data.redis.test.util.MinimumRedisVersionRule" type="java.lang.NoClassDefFoundError"><![CDATA[java.lang.NoClassDefFoundError: Could not initialize class org.springframework.data.redis.test.util.MinimumRedisVersionRule
	at org.springframework.data.redis.support.collections.RedisMapTests.<init>(RedisMapTests.java:57)
]]></error>
  </testcase>
  <testcase name="testEquals[5]" classname="org.springframework.data.redis.support.collections.RedisMapTests" time="0">
    <error message="Could not initialize class org.springframework.data.redis.test.util.MinimumRedisVersionRule" type="java.lang.NoClassDefFoundError"><![CDATA[java.lang.NoClassDefFoundError: Could not initialize class org.springframework.data.redis.test.util.MinimumRedisVersionRule
	at org.springframework.data.redis.support.collections.RedisMapTests.<init>(RedisMapTests.java:57)
]]></error>
  </testcase>
  <testcase name="testGetKey[5]" classname="org.springframework.data.redis.support.collections.RedisMapTests" time="0">
    <error message="Could not initialize class org.springframework.data.redis.test.util.MinimumRedisVersionRule" type="java.lang.NoClassDefFoundError"><![CDATA[java.lang.NoClassDefFoundError: Could not initialize class org.springframework.data.redis.test.util.MinimumRedisVersionRule
	at org.springframework.data.redis.support.collections.RedisMapTests.<init>(RedisMapTests.java:57)
]]></error>
  </testcase>
  <testcase name="testKeySet[5]" classname="org.springframework.data.redis.support.collections.RedisMapTests" time="0">
    <error message="Could not initialize class org.springframework.data.redis.test.util.MinimumRedisVersionRule" type="java.lang.NoClassDefFoundError"><![CDATA[java.lang.NoClassDefFoundError: Could not initialize class org.springframework.data.redis.test.util.MinimumRedisVersionRule
	at org.springframework.data.redis.support.collections.RedisMapTests.<init>(RedisMapTests.java:57)
]]></error>
  </testcase>
  <testcase name="testNotEquals[5]" classname="org.springframework.data.redis.support.collections.RedisMapTests" time="0">
    <error message="Could not initialize class org.springframework.data.redis.test.util.MinimumRedisVersionRule" type="java.lang.NoClassDefFoundError"><![CDATA[java.lang.NoClassDefFoundError: Could not initialize class org.springframework.data.redis.test.util.MinimumRedisVersionRule
	at org.springframework.data.redis.support.collections.RedisMapTests.<init>(RedisMapTests.java:57)
]]></error>
  </testcase>
  <testcase name="testGetOperations[5]" classname="org.springframework.data.redis.support.collections.RedisMapTests" time="0">
    <error message="Could not initialize class org.springframework.data.redis.test.util.MinimumRedisVersionRule" type="java.lang.NoClassDefFoundError"><![CDATA[java.lang.NoClassDefFoundError: Could not initialize class org.springframework.data.redis.test.util.MinimumRedisVersionRule
	at org.springframework.data.redis.support.collections.RedisMapTests.<init>(RedisMapTests.java:57)
]]></error>
  </testcase>
  <testcase name="testPutAll[5]" classname="org.springframework.data.redis.support.collections.RedisMapTests" time="0">
    <error message="Could not initialize class org.springframework.data.redis.test.util.MinimumRedisVersionRule" type="java.lang.NoClassDefFoundError"><![CDATA[java.lang.NoClassDefFoundError: Could not initialize class org.springframework.data.redis.test.util.MinimumRedisVersionRule
	at org.springframework.data.redis.support.collections.RedisMapTests.<init>(RedisMapTests.java:57)
]]></error>
  </testcase>
  <testcase name="testIsEmpty[5]" classname="org.springframework.data.redis.support.collections.RedisMapTests" time="0.001">
    <error message="Could not initialize class org.springframework.data.redis.test.util.MinimumRedisVersionRule" type="java.lang.NoClassDefFoundError"><![CDATA[java.lang.NoClassDefFoundError: Could not initialize class org.springframework.data.redis.test.util.MinimumRedisVersionRule
	at org.springframework.data.redis.support.collections.RedisMapTests.<init>(RedisMapTests.java:57)
]]></error>
  </testcase>
  <testcase name="testRemove[5]" classname="org.springframework.data.redis.support.collections.RedisMapTests" time="0">
    <error message="Could not initialize class org.springframework.data.redis.test.util.MinimumRedisVersionRule" type="java.lang.NoClassDefFoundError"><![CDATA[java.lang.NoClassDefFoundError: Could not initialize class org.springframework.data.redis.test.util.MinimumRedisVersionRule
	at org.springframework.data.redis.support.collections.RedisMapTests.<init>(RedisMapTests.java:57)
]]></error>
  </testcase>
  <testcase name="testConcurrentReplaceTwoArgs[5]" classname="org.springframework.data.redis.support.collections.RedisMapTests" time="0">
    <error message="Could not initialize class org.springframework.data.redis.test.util.MinimumRedisVersionRule" type="java.lang.NoClassDefFoundError"><![CDATA[java.lang.NoClassDefFoundError: Could not initialize class org.springframework.data.redis.test.util.MinimumRedisVersionRule
	at org.springframework.data.redis.support.collections.RedisMapTests.<init>(RedisMapTests.java:57)
]]></error>
  </testcase>
  <testcase name="testValues[5]" classname="org.springframework.data.redis.support.collections.RedisMapTests" time="0">
    <error message="Could not initialize class org.springframework.data.redis.test.util.MinimumRedisVersionRule" type="java.lang.NoClassDefFoundError"><![CDATA[java.lang.NoClassDefFoundError: Could not initialize class org.springframework.data.redis.test.util.MinimumRedisVersionRule
	at org.springframework.data.redis.support.collections.RedisMapTests.<init>(RedisMapTests.java:57)
]]></error>
  </testcase>
  <testcase name="testConcurrentRemove[6]" classname="org.springframework.data.redis.support.collections.RedisMapTests" time="0">
    <error message="Could not initialize class org.springframework.data.redis.test.util.MinimumRedisVersionRule" type="java.lang.NoClassDefFoundError"><![CDATA[java.lang.NoClassDefFoundError: Could not initialize class org.springframework.data.redis.test.util.MinimumRedisVersionRule
	at org.springframework.data.redis.support.collections.RedisMapTests.<init>(RedisMapTests.java:57)
]]></error>
  </testcase>
  <testcase name="testGet[6]" classname="org.springframework.data.redis.support.collections.RedisMapTests" time="0">
    <error message="Could not initialize class org.springframework.data.redis.test.util.MinimumRedisVersionRule" type="java.lang.NoClassDefFoundError"><![CDATA[java.lang.NoClassDefFoundError: Could not initialize class org.springframework.data.redis.test.util.MinimumRedisVersionRule
	at org.springframework.data.redis.support.collections.RedisMapTests.<init>(RedisMapTests.java:57)
]]></error>
  </testcase>
  <testcase name="testPut[6]" classname="org.springframework.data.redis.support.collections.RedisMapTests" time="0">
    <error message="Could not initialize class org.springframework.data.redis.test.util.MinimumRedisVersionRule" type="java.lang.NoClassDefFoundError"><![CDATA[java.lang.NoClassDefFoundError: Could not initialize class org.springframework.data.redis.test.util.MinimumRedisVersionRule
	at org.springframework.data.redis.support.collections.RedisMapTests.<init>(RedisMapTests.java:57)
]]></error>
  </testcase>
  <testcase name="testReplaceNullValue[6]" classname="org.springframework.data.redis.support.collections.RedisMapTests" time="0">
    <error message="Could not initialize class org.springframework.data.redis.test.util.MinimumRedisVersionRule" type="java.lang.NoClassDefFoundError"><![CDATA[java.lang.NoClassDefFoundError: Could not initialize class org.springframework.data.redis.test.util.MinimumRedisVersionRule
	at org.springframework.data.redis.support.collections.RedisMapTests.<init>(RedisMapTests.java:57)
]]></error>
  </testcase>
  <testcase name="testEntrySet[6]" classname="org.springframework.data.redis.support.collections.RedisMapTests" time="0">
    <error message="Could not initialize class org.springframework.data.redis.test.util.MinimumRedisVersionRule" type="java.lang.NoClassDefFoundError"><![CDATA[java.lang.NoClassDefFoundError: Could not initialize class org.springframework.data.redis.test.util.MinimumRedisVersionRule
	at org.springframework.data.redis.support.collections.RedisMapTests.<init>(RedisMapTests.java:57)
]]></error>
  </testcase>
  <testcase name="testRemoveNullValue[6]" classname="org.springframework.data.redis.support.collections.RedisMapTests" time="0">
    <error message="Could not initialize class org.springframework.data.redis.test.util.MinimumRedisVersionRule" type="java.lang.NoClassDefFoundError"><![CDATA[java.lang.NoClassDefFoundError: Could not initialize class org.springframework.data.redis.test.util.MinimumRedisVersionRule
	at org.springframework.data.redis.support.collections.RedisMapTests.<init>(RedisMapTests.java:57)
]]></error>
  </testcase>
  <testcase name="testClear[6]" classname="org.springframework.data.redis.support.collections.RedisMapTests" time="0.001">
    <error message="Could not initialize class org.springframework.data.redis.test.util.MinimumRedisVersionRule" type="java.lang.NoClassDefFoundError"><![CDATA[java.lang.NoClassDefFoundError: Could not initialize class org.springframework.data.redis.test.util.MinimumRedisVersionRule
	at org.springframework.data.redis.support.collections.RedisMapTests.<init>(RedisMapTests.java:57)
]]></error>
  </testcase>
  <testcase name="testSize[6]" classname="org.springframework.data.redis.support.collections.RedisMapTests" time="0">
    <error message="Could not initialize class org.springframework.data.redis.test.util.MinimumRedisVersionRule" type="java.lang.NoClassDefFoundError"><![CDATA[java.lang.NoClassDefFoundError: Could not initialize class org.springframework.data.redis.test.util.MinimumRedisVersionRule
	at org.springframework.data.redis.support.collections.RedisMapTests.<init>(RedisMapTests.java:57)
]]></error>
  </testcase>
  <testcase name="testReplaceNullOldValue[6]" classname="org.springframework.data.redis.support.collections.RedisMapTests" time="0">
    <error message="Could not initialize class org.springframework.data.redis.test.util.MinimumRedisVersionRule" type="java.lang.NoClassDefFoundError"><![CDATA[java.lang.NoClassDefFoundError: Could not initialize class org.springframework.data.redis.test.util.MinimumRedisVersionRule
	at org.springframework.data.redis.support.collections.RedisMapTests.<init>(RedisMapTests.java:57)
]]></error>
  </testcase>
  <testcase name="testConcurrentReplaceOneArg[6]" classname="org.springframework.data.redis.support.collections.RedisMapTests" time="0">
    <error message="Could not initialize class org.springframework.data.redis.test.util.MinimumRedisVersionRule" type="java.lang.NoClassDefFoundError"><![CDATA[java.lang.NoClassDefFoundError: Could not initialize class org.springframework.data.redis.test.util.MinimumRedisVersionRule
	at org.springframework.data.redis.support.collections.RedisMapTests.<init>(RedisMapTests.java:57)
]]></error>
  </testcase>
  <testcase name="testIncrement[6]" classname="org.springframework.data.redis.support.collections.RedisMapTests" time="0">
    <error message="Could not initialize class org.springframework.data.redis.test.util.MinimumRedisVersionRule" type="java.lang.NoClassDefFoundError"><![CDATA[java.lang.NoClassDefFoundError: Could not initialize class org.springframework.data.redis.test.util.MinimumRedisVersionRule
	at org.springframework.data.redis.support.collections.RedisMapTests.<init>(RedisMapTests.java:57)
]]></error>
  </testcase>
  <testcase name="testIncrementDouble[6]" classname="org.springframework.data.redis.support.collections.RedisMapTests" time="0.001">
    <error message="Could not initialize class org.springframework.data.redis.test.util.MinimumRedisVersionRule" type="java.lang.NoClassDefFoundError"><![CDATA[java.lang.NoClassDefFoundError: Could not initialize class org.springframework.data.redis.test.util.MinimumRedisVersionRule
	at org.springframework.data.redis.support.collections.RedisMapTests.<init>(RedisMapTests.java:57)
]]></error>
  </testcase>
  <testcase name="testContainsKey[6]" classname="org.springframework.data.redis.support.collections.RedisMapTests" time="0">
    <error message="Could not initialize class org.springframework.data.redis.test.util.MinimumRedisVersionRule" type="java.lang.NoClassDefFoundError"><![CDATA[java.lang.NoClassDefFoundError: Could not initialize class org.springframework.data.redis.test.util.MinimumRedisVersionRule
	at org.springframework.data.redis.support.collections.RedisMapTests.<init>(RedisMapTests.java:57)
]]></error>
  </testcase>
  <testcase name="testScanWorksCorrectly[6]" classname="org.springframework.data.redis.support.collections.RedisMapTests" time="0">
    <error message="Could not initialize class org.springframework.data.redis.test.util.MinimumRedisVersionRule" type="java.lang.NoClassDefFoundError"><![CDATA[java.lang.NoClassDefFoundError: Could not initialize class org.springframework.data.redis.test.util.MinimumRedisVersionRule
	at org.springframework.data.redis.support.collections.RedisMapTests.<init>(RedisMapTests.java:57)
]]></error>
  </testcase>
  <testcase name="testPutIfAbsent[6]" classname="org.springframework.data.redis.support.collections.RedisMapTests" time="0">
    <error message="Could not initialize class org.springframework.data.redis.test.util.MinimumRedisVersionRule" type="java.lang.NoClassDefFoundError"><![CDATA[java.lang.NoClassDefFoundError: Could not initialize class org.springframework.data.redis.test.util.MinimumRedisVersionRule
	at org.springframework.data.redis.support.collections.RedisMapTests.<init>(RedisMapTests.java:57)
]]></error>
  </testcase>
  <testcase name="testContainsValue[6]" classname="org.springframework.data.redis.support.collections.RedisMapTests" time="0">
    <error message="Could not initialize class org.springframework.data.redis.test.util.MinimumRedisVersionRule" type="java.lang.NoClassDefFoundError"><![CDATA[java.lang.NoClassDefFoundError: Could not initialize class org.springframework.data.redis.test.util.MinimumRedisVersionRule
	at org.springframework.data.redis.support.collections.RedisMapTests.<init>(RedisMapTests.java:57)
]]></error>
  </testcase>
  <testcase name="testReplaceNullNewValue[6]" classname="org.springframework.data.redis.support.collections.RedisMapTests" time="0">
    <error message="Could not initialize class org.springframework.data.redis.test.util.MinimumRedisVersionRule" type="java.lang.NoClassDefFoundError"><![CDATA[java.lang.NoClassDefFoundError: Could not initialize class org.springframework.data.redis.test.util.MinimumRedisVersionRule
	at org.springframework.data.redis.support.collections.RedisMapTests.<init>(RedisMapTests.java:57)
]]></error>
  </testcase>
  <testcase name="testHashCode[6]" classname="org.springframework.data.redis.support.collections.RedisMapTests" time="0">
    <error message="Could not initialize class org.springframework.data.redis.test.util.MinimumRedisVersionRule" type="java.lang.NoClassDefFoundError"><![CDATA[java.lang.NoClassDefFoundError: Could not initialize class org.springframework.data.redis.test.util.MinimumRedisVersionRule
	at org.springframework.data.redis.support.collections.RedisMapTests.<init>(RedisMapTests.java:57)
]]></error>
  </testcase>
  <testcase name="testIncrementNotNumber[6]" classname="org.springframework.data.redis.support.collections.RedisMapTests" time="0">
    <error message="Could not initialize class org.springframework.data.redis.test.util.MinimumRedisVersionRule" type="java.lang.NoClassDefFoundError"><![CDATA[java.lang.NoClassDefFoundError: Could not initialize class org.springframework.data.redis.test.util.MinimumRedisVersionRule
	at org.springframework.data.redis.support.collections.RedisMapTests.<init>(RedisMapTests.java:57)
]]></error>
  </testcase>
  <testcase name="testEquals[6]" classname="org.springframework.data.redis.support.collections.RedisMapTests" time="0">
    <error message="Could not initialize class org.springframework.data.redis.test.util.MinimumRedisVersionRule" type="java.lang.NoClassDefFoundError"><![CDATA[java.lang.NoClassDefFoundError: Could not initialize class org.springframework.data.redis.test.util.MinimumRedisVersionRule
	at org.springframework.data.redis.support.collections.RedisMapTests.<init>(RedisMapTests.java:57)
]]></error>
  </testcase>
  <testcase name="testGetKey[6]" classname="org.springframework.data.redis.support.collections.RedisMapTests" time="0">
    <error message="Could not initialize class org.springframework.data.redis.test.util.MinimumRedisVersionRule" type="java.lang.NoClassDefFoundError"><![CDATA[java.lang.NoClassDefFoundError: Could not initialize class org.springframework.data.redis.test.util.MinimumRedisVersionRule
	at org.springframework.data.redis.support.collections.RedisMapTests.<init>(RedisMapTests.java:57)
]]></error>
  </testcase>
  <testcase name="testKeySet[6]" classname="org.springframework.data.redis.support.collections.RedisMapTests" time="0">
    <error message="Could not initialize class org.springframework.data.redis.test.util.MinimumRedisVersionRule" type="java.lang.NoClassDefFoundError"><![CDATA[java.lang.NoClassDefFoundError: Could not initialize class org.springframework.data.redis.test.util.MinimumRedisVersionRule
	at org.springframework.data.redis.support.collections.RedisMapTests.<init>(RedisMapTests.java:57)
]]></error>
  </testcase>
  <testcase name="testNotEquals[6]" classname="org.springframework.data.redis.support.collections.RedisMapTests" time="0">
    <error message="Could not initialize class org.springframework.data.redis.test.util.MinimumRedisVersionRule" type="java.lang.NoClassDefFoundError"><![CDATA[java.lang.NoClassDefFoundError: Could not initialize class org.springframework.data.redis.test.util.MinimumRedisVersionRule
	at org.springframework.data.redis.support.collections.RedisMapTests.<init>(RedisMapTests.java:57)
]]></error>
  </testcase>
  <testcase name="testGetOperations[6]" classname="org.springframework.data.redis.support.collections.RedisMapTests" time="0">
    <error message="Could not initialize class org.springframework.data.redis.test.util.MinimumRedisVersionRule" type="java.lang.NoClassDefFoundError"><![CDATA[java.lang.NoClassDefFoundError: Could not initialize class org.springframework.data.redis.test.util.MinimumRedisVersionRule
	at org.springframework.data.redis.support.collections.RedisMapTests.<init>(RedisMapTests.java:57)
]]></error>
  </testcase>
  <testcase name="testPutAll[6]" classname="org.springframework.data.redis.support.collections.RedisMapTests" time="0">
    <error message="Could not initialize class org.springframework.data.redis.test.util.MinimumRedisVersionRule" type="java.lang.NoClassDefFoundError"><![CDATA[java.lang.NoClassDefFoundError: Could not initialize class org.springframework.data.redis.test.util.MinimumRedisVersionRule
	at org.springframework.data.redis.support.collections.RedisMapTests.<init>(RedisMapTests.java:57)
]]></error>
  </testcase>
  <testcase name="testIsEmpty[6]" classname="org.springframework.data.redis.support.collections.RedisMapTests" time="0.001">
    <error message="Could not initialize class org.springframework.data.redis.test.util.MinimumRedisVersionRule" type="java.lang.NoClassDefFoundError"><![CDATA[java.lang.NoClassDefFoundError: Could not initialize class org.springframework.data.redis.test.util.MinimumRedisVersionRule
	at org.springframework.data.redis.support.collections.RedisMapTests.<init>(RedisMapTests.java:57)
]]></error>
  </testcase>
  <testcase name="testRemove[6]" classname="org.springframework.data.redis.support.collections.RedisMapTests" time="0">
    <error message="Could not initialize class org.springframework.data.redis.test.util.MinimumRedisVersionRule" type="java.lang.NoClassDefFoundError"><![CDATA[java.lang.NoClassDefFoundError: Could not initialize class org.springframework.data.redis.test.util.MinimumRedisVersionRule
	at org.springframework.data.redis.support.collections.RedisMapTests.<init>(RedisMapTests.java:57)
]]></error>
  </testcase>
  <testcase name="testConcurrentReplaceTwoArgs[6]" classname="org.springframework.data.redis.support.collections.RedisMapTests" time="0">
    <error message="Could not initialize class org.springframework.data.redis.test.util.MinimumRedisVersionRule" type="java.lang.NoClassDefFoundError"><![CDATA[java.lang.NoClassDefFoundError: Could not initialize class org.springframework.data.redis.test.util.MinimumRedisVersionRule
	at org.springframework.data.redis.support.collections.RedisMapTests.<init>(RedisMapTests.java:57)
]]></error>
  </testcase>
  <testcase name="testValues[6]" classname="org.springframework.data.redis.support.collections.RedisMapTests" time="0">
    <error message="Could not initialize class org.springframework.data.redis.test.util.MinimumRedisVersionRule" type="java.lang.NoClassDefFoundError"><![CDATA[java.lang.NoClassDefFoundError: Could not initialize class org.springframework.data.redis.test.util.MinimumRedisVersionRule
	at org.springframework.data.redis.support.collections.RedisMapTests.<init>(RedisMapTests.java:57)
]]></error>
  </testcase>
  <testcase name="testConcurrentRemove[7]" classname="org.springframework.data.redis.support.collections.RedisMapTests" time="0">
    <error message="Could not initialize class org.springframework.data.redis.test.util.MinimumRedisVersionRule" type="java.lang.NoClassDefFoundError"><![CDATA[java.lang.NoClassDefFoundError: Could not initialize class org.springframework.data.redis.test.util.MinimumRedisVersionRule
	at org.springframework.data.redis.support.collections.RedisMapTests.<init>(RedisMapTests.java:57)
]]></error>
  </testcase>
  <testcase name="testGet[7]" classname="org.springframework.data.redis.support.collections.RedisMapTests" time="0.001">
    <error message="Could not initialize class org.springframework.data.redis.test.util.MinimumRedisVersionRule" type="java.lang.NoClassDefFoundError"><![CDATA[java.lang.NoClassDefFoundError: Could not initialize class org.springframework.data.redis.test.util.MinimumRedisVersionRule
	at org.springframework.data.redis.support.collections.RedisMapTests.<init>(RedisMapTests.java:57)
]]></error>
  </testcase>
  <testcase name="testPut[7]" classname="org.springframework.data.redis.support.collections.RedisMapTests" time="0">
    <error message="Could not initialize class org.springframework.data.redis.test.util.MinimumRedisVersionRule" type="java.lang.NoClassDefFoundError"><![CDATA[java.lang.NoClassDefFoundError: Could not initialize class org.springframework.data.redis.test.util.MinimumRedisVersionRule
	at org.springframework.data.redis.support.collections.RedisMapTests.<init>(RedisMapTests.java:57)
]]></error>
  </testcase>
  <testcase name="testReplaceNullValue[7]" classname="org.springframework.data.redis.support.collections.RedisMapTests" time="0">
    <error message="Could not initialize class org.springframework.data.redis.test.util.MinimumRedisVersionRule" type="java.lang.NoClassDefFoundError"><![CDATA[java.lang.NoClassDefFoundError: Could not initialize class org.springframework.data.redis.test.util.MinimumRedisVersionRule
	at org.springframework.data.redis.support.collections.RedisMapTests.<init>(RedisMapTests.java:57)
]]></error>
  </testcase>
  <testcase name="testEntrySet[7]" classname="org.springframework.data.redis.support.collections.RedisMapTests" time="0">
    <error message="Could not initialize class org.springframework.data.redis.test.util.MinimumRedisVersionRule" type="java.lang.NoClassDefFoundError"><![CDATA[java.lang.NoClassDefFoundError: Could not initialize class org.springframework.data.redis.test.util.MinimumRedisVersionRule
	at org.springframework.data.redis.support.collections.RedisMapTests.<init>(RedisMapTests.java:57)
]]></error>
  </testcase>
  <testcase name="testRemoveNullValue[7]" classname="org.springframework.data.redis.support.collections.RedisMapTests" time="0">
    <error message="Could not initialize class org.springframework.data.redis.test.util.MinimumRedisVersionRule" type="java.lang.NoClassDefFoundError"><![CDATA[java.lang.NoClassDefFoundError: Could not initialize class org.springframework.data.redis.test.util.MinimumRedisVersionRule
	at org.springframework.data.redis.support.collections.RedisMapTests.<init>(RedisMapTests.java:57)
]]></error>
  </testcase>
  <testcase name="testClear[7]" classname="org.springframework.data.redis.support.collections.RedisMapTests" time="0">
    <error message="Could not initialize class org.springframework.data.redis.test.util.MinimumRedisVersionRule" type="java.lang.NoClassDefFoundError"><![CDATA[java.lang.NoClassDefFoundError: Could not initialize class org.springframework.data.redis.test.util.MinimumRedisVersionRule
	at org.springframework.data.redis.support.collections.RedisMapTests.<init>(RedisMapTests.java:57)
]]></error>
  </testcase>
  <testcase name="testSize[7]" classname="org.springframework.data.redis.support.collections.RedisMapTests" time="0">
    <error message="Could not initialize class org.springframework.data.redis.test.util.MinimumRedisVersionRule" type="java.lang.NoClassDefFoundError"><![CDATA[java.lang.NoClassDefFoundError: Could not initialize class org.springframework.data.redis.test.util.MinimumRedisVersionRule
	at org.springframework.data.redis.support.collections.RedisMapTests.<init>(RedisMapTests.java:57)
]]></error>
  </testcase>
  <testcase name="testReplaceNullOldValue[7]" classname="org.springframework.data.redis.support.collections.RedisMapTests" time="0">
    <error message="Could not initialize class org.springframework.data.redis.test.util.MinimumRedisVersionRule" type="java.lang.NoClassDefFoundError"><![CDATA[java.lang.NoClassDefFoundError: Could not initialize class org.springframework.data.redis.test.util.MinimumRedisVersionRule
	at org.springframework.data.redis.support.collections.RedisMapTests.<init>(RedisMapTests.java:57)
]]></error>
  </testcase>
  <testcase name="testConcurrentReplaceOneArg[7]" classname="org.springframework.data.redis.support.collections.RedisMapTests" time="0">
    <error message="Could not initialize class org.springframework.data.redis.test.util.MinimumRedisVersionRule" type="java.lang.NoClassDefFoundError"><![CDATA[java.lang.NoClassDefFoundError: Could not initialize class org.springframework.data.redis.test.util.MinimumRedisVersionRule
	at org.springframework.data.redis.support.collections.RedisMapTests.<init>(RedisMapTests.java:57)
]]></error>
  </testcase>
  <testcase name="testIncrement[7]" classname="org.springframework.data.redis.support.collections.RedisMapTests" time="0">
    <error message="Could not initialize class org.springframework.data.redis.test.util.MinimumRedisVersionRule" type="java.lang.NoClassDefFoundError"><![CDATA[java.lang.NoClassDefFoundError: Could not initialize class org.springframework.data.redis.test.util.MinimumRedisVersionRule
	at org.springframework.data.redis.support.collections.RedisMapTests.<init>(RedisMapTests.java:57)
]]></error>
  </testcase>
  <testcase name="testIncrementDouble[7]" classname="org.springframework.data.redis.support.collections.RedisMapTests" time="0">
    <error message="Could not initialize class org.springframework.data.redis.test.util.MinimumRedisVersionRule" type="java.lang.NoClassDefFoundError"><![CDATA[java.lang.NoClassDefFoundError: Could not initialize class org.springframework.data.redis.test.util.MinimumRedisVersionRule
	at org.springframework.data.redis.support.collections.RedisMapTests.<init>(RedisMapTests.java:57)
]]></error>
  </testcase>
  <testcase name="testContainsKey[7]" classname="org.springframework.data.redis.support.collections.RedisMapTests" time="0">
    <error message="Could not initialize class org.springframework.data.redis.test.util.MinimumRedisVersionRule" type="java.lang.NoClassDefFoundError"><![CDATA[java.lang.NoClassDefFoundError: Could not initialize class org.springframework.data.redis.test.util.MinimumRedisVersionRule
	at org.springframework.data.redis.support.collections.RedisMapTests.<init>(RedisMapTests.java:57)
]]></error>
  </testcase>
  <testcase name="testScanWorksCorrectly[7]" classname="org.springframework.data.redis.support.collections.RedisMapTests" time="0">
    <error message="Could not initialize class org.springframework.data.redis.test.util.MinimumRedisVersionRule" type="java.lang.NoClassDefFoundError"><![CDATA[java.lang.NoClassDefFoundError: Could not initialize class org.springframework.data.redis.test.util.MinimumRedisVersionRule
	at org.springframework.data.redis.support.collections.RedisMapTests.<init>(RedisMapTests.java:57)
]]></error>
  </testcase>
  <testcase name="testPutIfAbsent[7]" classname="org.springframework.data.redis.support.collections.RedisMapTests" time="0.001">
    <error message="Could not initialize class org.springframework.data.redis.test.util.MinimumRedisVersionRule" type="java.lang.NoClassDefFoundError"><![CDATA[java.lang.NoClassDefFoundError: Could not initialize class org.springframework.data.redis.test.util.MinimumRedisVersionRule
	at org.springframework.data.redis.support.collections.RedisMapTests.<init>(RedisMapTests.java:57)
]]></error>
  </testcase>
  <testcase name="testContainsValue[7]" classname="org.springframework.data.redis.support.collections.RedisMapTests" time="0">
    <error message="Could not initialize class org.springframework.data.redis.test.util.MinimumRedisVersionRule" type="java.lang.NoClassDefFoundError"><![CDATA[java.lang.NoClassDefFoundError: Could not initialize class org.springframework.data.redis.test.util.MinimumRedisVersionRule
	at org.springframework.data.redis.support.collections.RedisMapTests.<init>(RedisMapTests.java:57)
]]></error>
  </testcase>
  <testcase name="testReplaceNullNewValue[7]" classname="org.springframework.data.redis.support.collections.RedisMapTests" time="0">
    <error message="Could not initialize class org.springframework.data.redis.test.util.MinimumRedisVersionRule" type="java.lang.NoClassDefFoundError"><![CDATA[java.lang.NoClassDefFoundError: Could not initialize class org.springframework.data.redis.test.util.MinimumRedisVersionRule
	at org.springframework.data.redis.support.collections.RedisMapTests.<init>(RedisMapTests.java:57)
]]></error>
  </testcase>
  <testcase name="testHashCode[7]" classname="org.springframework.data.redis.support.collections.RedisMapTests" time="0">
    <error message="Could not initialize class org.springframework.data.redis.test.util.MinimumRedisVersionRule" type="java.lang.NoClassDefFoundError"><![CDATA[java.lang.NoClassDefFoundError: Could not initialize class org.springframework.data.redis.test.util.MinimumRedisVersionRule
	at org.springframework.data.redis.support.collections.RedisMapTests.<init>(RedisMapTests.java:57)
]]></error>
  </testcase>
  <testcase name="testIncrementNotNumber[7]" classname="org.springframework.data.redis.support.collections.RedisMapTests" time="0">
    <error message="Could not initialize class org.springframework.data.redis.test.util.MinimumRedisVersionRule" type="java.lang.NoClassDefFoundError"><![CDATA[java.lang.NoClassDefFoundError: Could not initialize class org.springframework.data.redis.test.util.MinimumRedisVersionRule
	at org.springframework.data.redis.support.collections.RedisMapTests.<init>(RedisMapTests.java:57)
]]></error>
  </testcase>
  <testcase name="testEquals[7]" classname="org.springframework.data.redis.support.collections.RedisMapTests" time="0.001">
    <error message="Could not initialize class org.springframework.data.redis.test.util.MinimumRedisVersionRule" type="java.lang.NoClassDefFoundError"><![CDATA[java.lang.NoClassDefFoundError: Could not initialize class org.springframework.data.redis.test.util.MinimumRedisVersionRule
	at org.springframework.data.redis.support.collections.RedisMapTests.<init>(RedisMapTests.java:57)
]]></error>
  </testcase>
  <testcase name="testGetKey[7]" classname="org.springframework.data.redis.support.collections.RedisMapTests" time="0">
    <error message="Could not initialize class org.springframework.data.redis.test.util.MinimumRedisVersionRule" type="java.lang.NoClassDefFoundError"><![CDATA[java.lang.NoClassDefFoundError: Could not initialize class org.springframework.data.redis.test.util.MinimumRedisVersionRule
	at org.springframework.data.redis.support.collections.RedisMapTests.<init>(RedisMapTests.java:57)
]]></error>
  </testcase>
  <testcase name="testKeySet[7]" classname="org.springframework.data.redis.support.collections.RedisMapTests" time="0">
    <error message="Could not initialize class org.springframework.data.redis.test.util.MinimumRedisVersionRule" type="java.lang.NoClassDefFoundError"><![CDATA[java.lang.NoClassDefFoundError: Could not initialize class org.springframework.data.redis.test.util.MinimumRedisVersionRule
	at org.springframework.data.redis.support.collections.RedisMapTests.<init>(RedisMapTests.java:57)
]]></error>
  </testcase>
  <testcase name="testNotEquals[7]" classname="org.springframework.data.redis.support.collections.RedisMapTests" time="0">
    <error message="Could not initialize class org.springframework.data.redis.test.util.MinimumRedisVersionRule" type="java.lang.NoClassDefFoundError"><![CDATA[java.lang.NoClassDefFoundError: Could not initialize class org.springframework.data.redis.test.util.MinimumRedisVersionRule
	at org.springframework.data.redis.support.collections.RedisMapTests.<init>(RedisMapTests.java:57)
]]></error>
  </testcase>
  <testcase name="testGetOperations[7]" classname="org.springframework.data.redis.support.collections.RedisMapTests" time="0">
    <error message="Could not initialize class org.springframework.data.redis.test.util.MinimumRedisVersionRule" type="java.lang.NoClassDefFoundError"><![CDATA[java.lang.NoClassDefFoundError: Could not initialize class org.springframework.data.redis.test.util.MinimumRedisVersionRule
	at org.springframework.data.redis.support.collections.RedisMapTests.<init>(RedisMapTests.java:57)
]]></error>
  </testcase>
  <testcase name="testPutAll[7]" classname="org.springframework.data.redis.support.collections.RedisMapTests" time="0.001">
    <error message="Could not initialize class org.springframework.data.redis.test.util.MinimumRedisVersionRule" type="java.lang.NoClassDefFoundError"><![CDATA[java.lang.NoClassDefFoundError: Could not initialize class org.springframework.data.redis.test.util.MinimumRedisVersionRule
	at org.springframework.data.redis.support.collections.RedisMapTests.<init>(RedisMapTests.java:57)
]]></error>
  </testcase>
  <testcase name="testIsEmpty[7]" classname="org.springframework.data.redis.support.collections.RedisMapTests" time="0">
    <error message="Could not initialize class org.springframework.data.redis.test.util.MinimumRedisVersionRule" type="java.lang.NoClassDefFoundError"><![CDATA[java.lang.NoClassDefFoundError: Could not initialize class org.springframework.data.redis.test.util.MinimumRedisVersionRule
	at org.springframework.data.redis.support.collections.RedisMapTests.<init>(RedisMapTests.java:57)
]]></error>
  </testcase>
  <testcase name="testRemove[7]" classname="org.springframework.data.redis.support.collections.RedisMapTests" time="0">
    <error message="Could not initialize class org.springframework.data.redis.test.util.MinimumRedisVersionRule" type="java.lang.NoClassDefFoundError"><![CDATA[java.lang.NoClassDefFoundError: Could not initialize class org.springframework.data.redis.test.util.MinimumRedisVersionRule
	at org.springframework.data.redis.support.collections.RedisMapTests.<init>(RedisMapTests.java:57)
]]></error>
  </testcase>
  <testcase name="testConcurrentReplaceTwoArgs[7]" classname="org.springframework.data.redis.support.collections.RedisMapTests" time="0">
    <error message="Could not initialize class org.springframework.data.redis.test.util.MinimumRedisVersionRule" type="java.lang.NoClassDefFoundError"><![CDATA[java.lang.NoClassDefFoundError: Could not initialize class org.springframework.data.redis.test.util.MinimumRedisVersionRule
	at org.springframework.data.redis.support.collections.RedisMapTests.<init>(RedisMapTests.java:57)
]]></error>
  </testcase>
  <testcase name="testValues[7]" classname="org.springframework.data.redis.support.collections.RedisMapTests" time="0">
    <error message="Could not initialize class org.springframework.data.redis.test.util.MinimumRedisVersionRule" type="java.lang.NoClassDefFoundError"><![CDATA[java.lang.NoClassDefFoundError: Could not initialize class org.springframework.data.redis.test.util.MinimumRedisVersionRule
	at org.springframework.data.redis.support.collections.RedisMapTests.<init>(RedisMapTests.java:57)
]]></error>
  </testcase>
  <testcase name="testConcurrentRemove[8]" classname="org.springframework.data.redis.support.collections.RedisMapTests" time="0.001">
    <error message="Could not initialize class org.springframework.data.redis.test.util.MinimumRedisVersionRule" type="java.lang.NoClassDefFoundError"><![CDATA[java.lang.NoClassDefFoundError: Could not initialize class org.springframework.data.redis.test.util.MinimumRedisVersionRule
	at org.springframework.data.redis.support.collections.RedisMapTests.<init>(RedisMapTests.java:57)
]]></error>
  </testcase>
  <testcase name="testGet[8]" classname="org.springframework.data.redis.support.collections.RedisMapTests" time="0">
    <error message="Could not initialize class org.springframework.data.redis.test.util.MinimumRedisVersionRule" type="java.lang.NoClassDefFoundError"><![CDATA[java.lang.NoClassDefFoundError: Could not initialize class org.springframework.data.redis.test.util.MinimumRedisVersionRule
	at org.springframework.data.redis.support.collections.RedisMapTests.<init>(RedisMapTests.java:57)
]]></error>
  </testcase>
  <testcase name="testPut[8]" classname="org.springframework.data.redis.support.collections.RedisMapTests" time="0">
    <error message="Could not initialize class org.springframework.data.redis.test.util.MinimumRedisVersionRule" type="java.lang.NoClassDefFoundError"><![CDATA[java.lang.NoClassDefFoundError: Could not initialize class org.springframework.data.redis.test.util.MinimumRedisVersionRule
	at org.springframework.data.redis.support.collections.RedisMapTests.<init>(RedisMapTests.java:57)
]]></error>
  </testcase>
  <testcase name="testReplaceNullValue[8]" classname="org.springframework.data.redis.support.collections.RedisMapTests" time="0">
    <error message="Could not initialize class org.springframework.data.redis.test.util.MinimumRedisVersionRule" type="java.lang.NoClassDefFoundError"><![CDATA[java.lang.NoClassDefFoundError: Could not initialize class org.springframework.data.redis.test.util.MinimumRedisVersionRule
	at org.springframework.data.redis.support.collections.RedisMapTests.<init>(RedisMapTests.java:57)
]]></error>
  </testcase>
  <testcase name="testEntrySet[8]" classname="org.springframework.data.redis.support.collections.RedisMapTests" time="0">
    <error message="Could not initialize class org.springframework.data.redis.test.util.MinimumRedisVersionRule" type="java.lang.NoClassDefFoundError"><![CDATA[java.lang.NoClassDefFoundError: Could not initialize class org.springframework.data.redis.test.util.MinimumRedisVersionRule
	at org.springframework.data.redis.support.collections.RedisMapTests.<init>(RedisMapTests.java:57)
]]></error>
  </testcase>
  <testcase name="testRemoveNullValue[8]" classname="org.springframework.data.redis.support.collections.RedisMapTests" time="0">
    <error message="Could not initialize class org.springframework.data.redis.test.util.MinimumRedisVersionRule" type="java.lang.NoClassDefFoundError"><![CDATA[java.lang.NoClassDefFoundError: Could not initialize class org.springframework.data.redis.test.util.MinimumRedisVersionRule
	at org.springframework.data.redis.support.collections.RedisMapTests.<init>(RedisMapTests.java:57)
]]></error>
  </testcase>
  <testcase name="testClear[8]" classname="org.springframework.data.redis.support.collections.RedisMapTests" time="0">
    <error message="Could not initialize class org.springframework.data.redis.test.util.MinimumRedisVersionRule" type="java.lang.NoClassDefFoundError"><![CDATA[java.lang.NoClassDefFoundError: Could not initialize class org.springframework.data.redis.test.util.MinimumRedisVersionRule
	at org.springframework.data.redis.support.collections.RedisMapTests.<init>(RedisMapTests.java:57)
]]></error>
  </testcase>
  <testcase name="testSize[8]" classname="org.springframework.data.redis.support.collections.RedisMapTests" time="0">
    <error message="Could not initialize class org.springframework.data.redis.test.util.MinimumRedisVersionRule" type="java.lang.NoClassDefFoundError"><![CDATA[java.lang.NoClassDefFoundError: Could not initialize class org.springframework.data.redis.test.util.MinimumRedisVersionRule
	at org.springframework.data.redis.support.collections.RedisMapTests.<init>(RedisMapTests.java:57)
]]></error>
  </testcase>
  <testcase name="testReplaceNullOldValue[8]" classname="org.springframework.data.redis.support.collections.RedisMapTests" time="0">
    <error message="Could not initialize class org.springframework.data.redis.test.util.MinimumRedisVersionRule" type="java.lang.NoClassDefFoundError"><![CDATA[java.lang.NoClassDefFoundError: Could not initialize class org.springframework.data.redis.test.util.MinimumRedisVersionRule
	at org.springframework.data.redis.support.collections.RedisMapTests.<init>(RedisMapTests.java:57)
]]></error>
  </testcase>
  <testcase name="testConcurrentReplaceOneArg[8]" classname="org.springframework.data.redis.support.collections.RedisMapTests" time="0">
    <error message="Could not initialize class org.springframework.data.redis.test.util.MinimumRedisVersionRule" type="java.lang.NoClassDefFoundError"><![CDATA[java.lang.NoClassDefFoundError: Could not initialize class org.springframework.data.redis.test.util.MinimumRedisVersionRule
	at org.springframework.data.redis.support.collections.RedisMapTests.<init>(RedisMapTests.java:57)
]]></error>
  </testcase>
  <testcase name="testIncrement[8]" classname="org.springframework.data.redis.support.collections.RedisMapTests" time="0">
    <error message="Could not initialize class org.springframework.data.redis.test.util.MinimumRedisVersionRule" type="java.lang.NoClassDefFoundError"><![CDATA[java.lang.NoClassDefFoundError: Could not initialize class org.springframework.data.redis.test.util.MinimumRedisVersionRule
	at org.springframework.data.redis.support.collections.RedisMapTests.<init>(RedisMapTests.java:57)
]]></error>
  </testcase>
  <testcase name="testIncrementDouble[8]" classname="org.springframework.data.redis.support.collections.RedisMapTests" time="0">
    <error message="Could not initialize class org.springframework.data.redis.test.util.MinimumRedisVersionRule" type="java.lang.NoClassDefFoundError"><![CDATA[java.lang.NoClassDefFoundError: Could not initialize class org.springframework.data.redis.test.util.MinimumRedisVersionRule
	at org.springframework.data.redis.support.collections.RedisMapTests.<init>(RedisMapTests.java:57)
]]></error>
  </testcase>
  <testcase name="testContainsKey[8]" classname="org.springframework.data.redis.support.collections.RedisMapTests" time="0">
    <error message="Could not initialize class org.springframework.data.redis.test.util.MinimumRedisVersionRule" type="java.lang.NoClassDefFoundError"><![CDATA[java.lang.NoClassDefFoundError: Could not initialize class org.springframework.data.redis.test.util.MinimumRedisVersionRule
	at org.springframework.data.redis.support.collections.RedisMapTests.<init>(RedisMapTests.java:57)
]]></error>
  </testcase>
  <testcase name="testScanWorksCorrectly[8]" classname="org.springframework.data.redis.support.collections.RedisMapTests" time="0">
    <error message="Could not initialize class org.springframework.data.redis.test.util.MinimumRedisVersionRule" type="java.lang.NoClassDefFoundError"><![CDATA[java.lang.NoClassDefFoundError: Could not initialize class org.springframework.data.redis.test.util.MinimumRedisVersionRule
	at org.springframework.data.redis.support.collections.RedisMapTests.<init>(RedisMapTests.java:57)
]]></error>
  </testcase>
  <testcase name="testPutIfAbsent[8]" classname="org.springframework.data.redis.support.collections.RedisMapTests" time="0">
    <error message="Could not initialize class org.springframework.data.redis.test.util.MinimumRedisVersionRule" type="java.lang.NoClassDefFoundError"><![CDATA[java.lang.NoClassDefFoundError: Could not initialize class org.springframework.data.redis.test.util.MinimumRedisVersionRule
	at org.springframework.data.redis.support.collections.RedisMapTests.<init>(RedisMapTests.java:57)
]]></error>
  </testcase>
  <testcase name="testContainsValue[8]" classname="org.springframework.data.redis.support.collections.RedisMapTests" time="0">
    <error message="Could not initialize class org.springframework.data.redis.test.util.MinimumRedisVersionRule" type="java.lang.NoClassDefFoundError"><![CDATA[java.lang.NoClassDefFoundError: Could not initialize class org.springframework.data.redis.test.util.MinimumRedisVersionRule
	at org.springframework.data.redis.support.collections.RedisMapTests.<init>(RedisMapTests.java:57)
]]></error>
  </testcase>
  <testcase name="testReplaceNullNewValue[8]" classname="org.springframework.data.redis.support.collections.RedisMapTests" time="0">
    <error message="Could not initialize class org.springframework.data.redis.test.util.MinimumRedisVersionRule" type="java.lang.NoClassDefFoundError"><![CDATA[java.lang.NoClassDefFoundError: Could not initialize class org.springframework.data.redis.test.util.MinimumRedisVersionRule
	at org.springframework.data.redis.support.collections.RedisMapTests.<init>(RedisMapTests.java:57)
]]></error>
  </testcase>
  <testcase name="testHashCode[8]" classname="org.springframework.data.redis.support.collections.RedisMapTests" time="0">
    <error message="Could not initialize class org.springframework.data.redis.test.util.MinimumRedisVersionRule" type="java.lang.NoClassDefFoundError"><![CDATA[java.lang.NoClassDefFoundError: Could not initialize class org.springframework.data.redis.test.util.MinimumRedisVersionRule
	at org.springframework.data.redis.support.collections.RedisMapTests.<init>(RedisMapTests.java:57)
]]></error>
  </testcase>
  <testcase name="testIncrementNotNumber[8]" classname="org.springframework.data.redis.support.collections.RedisMapTests" time="0">
    <error message="Could not initialize class org.springframework.data.redis.test.util.MinimumRedisVersionRule" type="java.lang.NoClassDefFoundError"><![CDATA[java.lang.NoClassDefFoundError: Could not initialize class org.springframework.data.redis.test.util.MinimumRedisVersionRule
	at org.springframework.data.redis.support.collections.RedisMapTests.<init>(RedisMapTests.java:57)
]]></error>
  </testcase>
  <testcase name="testEquals[8]" classname="org.springframework.data.redis.support.collections.RedisMapTests" time="0">
    <error message="Could not initialize class org.springframework.data.redis.test.util.MinimumRedisVersionRule" type="java.lang.NoClassDefFoundError"><![CDATA[java.lang.NoClassDefFoundError: Could not initialize class org.springframework.data.redis.test.util.MinimumRedisVersionRule
	at org.springframework.data.redis.support.collections.RedisMapTests.<init>(RedisMapTests.java:57)
]]></error>
  </testcase>
  <testcase name="testGetKey[8]" classname="org.springframework.data.redis.support.collections.RedisMapTests" time="0">
    <error message="Could not initialize class org.springframework.data.redis.test.util.MinimumRedisVersionRule" type="java.lang.NoClassDefFoundError"><![CDATA[java.lang.NoClassDefFoundError: Could not initialize class org.springframework.data.redis.test.util.MinimumRedisVersionRule
	at org.springframework.data.redis.support.collections.RedisMapTests.<init>(RedisMapTests.java:57)
]]></error>
  </testcase>
  <testcase name="testKeySet[8]" classname="org.springframework.data.redis.support.collections.RedisMapTests" time="0.001">
    <error message="Could not initialize class org.springframework.data.redis.test.util.MinimumRedisVersionRule" type="java.lang.NoClassDefFoundError"><![CDATA[java.lang.NoClassDefFoundError: Could not initialize class org.springframework.data.redis.test.util.MinimumRedisVersionRule
	at org.springframework.data.redis.support.collections.RedisMapTests.<init>(RedisMapTests.java:57)
]]></error>
  </testcase>
  <testcase name="testNotEquals[8]" classname="org.springframework.data.redis.support.collections.RedisMapTests" time="0">
    <error message="Could not initialize class org.springframework.data.redis.test.util.MinimumRedisVersionRule" type="java.lang.NoClassDefFoundError"><![CDATA[java.lang.NoClassDefFoundError: Could not initialize class org.springframework.data.redis.test.util.MinimumRedisVersionRule
	at org.springframework.data.redis.support.collections.RedisMapTests.<init>(RedisMapTests.java:57)
]]></error>
  </testcase>
  <testcase name="testGetOperations[8]" classname="org.springframework.data.redis.support.collections.RedisMapTests" time="0">
    <error message="Could not initialize class org.springframework.data.redis.test.util.MinimumRedisVersionRule" type="java.lang.NoClassDefFoundError"><![CDATA[java.lang.NoClassDefFoundError: Could not initialize class org.springframework.data.redis.test.util.MinimumRedisVersionRule
	at org.springframework.data.redis.support.collections.RedisMapTests.<init>(RedisMapTests.java:57)
]]></error>
  </testcase>
  <testcase name="testPutAll[8]" classname="org.springframework.data.redis.support.collections.RedisMapTests" time="0">
    <error message="Could not initialize class org.springframework.data.redis.test.util.MinimumRedisVersionRule" type="java.lang.NoClassDefFoundError"><![CDATA[java.lang.NoClassDefFoundError: Could not initialize class org.springframework.data.redis.test.util.MinimumRedisVersionRule
	at org.springframework.data.redis.support.collections.RedisMapTests.<init>(RedisMapTests.java:57)
]]></error>
  </testcase>
  <testcase name="testIsEmpty[8]" classname="org.springframework.data.redis.support.collections.RedisMapTests" time="0">
    <error message="Could not initialize class org.springframework.data.redis.test.util.MinimumRedisVersionRule" type="java.lang.NoClassDefFoundError"><![CDATA[java.lang.NoClassDefFoundError: Could not initialize class org.springframework.data.redis.test.util.MinimumRedisVersionRule
	at org.springframework.data.redis.support.collections.RedisMapTests.<init>(RedisMapTests.java:57)
]]></error>
  </testcase>
  <testcase name="testRemove[8]" classname="org.springframework.data.redis.support.collections.RedisMapTests" time="0.001">
    <error message="Could not initialize class org.springframework.data.redis.test.util.MinimumRedisVersionRule" type="java.lang.NoClassDefFoundError"><![CDATA[java.lang.NoClassDefFoundError: Could not initialize class org.springframework.data.redis.test.util.MinimumRedisVersionRule
	at org.springframework.data.redis.support.collections.RedisMapTests.<init>(RedisMapTests.java:57)
]]></error>
  </testcase>
  <testcase name="testConcurrentReplaceTwoArgs[8]" classname="org.springframework.data.redis.support.collections.RedisMapTests" time="0">
    <error message="Could not initialize class org.springframework.data.redis.test.util.MinimumRedisVersionRule" type="java.lang.NoClassDefFoundError"><![CDATA[java.lang.NoClassDefFoundError: Could not initialize class org.springframework.data.redis.test.util.MinimumRedisVersionRule
	at org.springframework.data.redis.support.collections.RedisMapTests.<init>(RedisMapTests.java:57)
]]></error>
  </testcase>
  <testcase name="testValues[8]" classname="org.springframework.data.redis.support.collections.RedisMapTests" time="0">
    <error message="Could not initialize class org.springframework.data.redis.test.util.MinimumRedisVersionRule" type="java.lang.NoClassDefFoundError"><![CDATA[java.lang.NoClassDefFoundError: Could not initialize class org.springframework.data.redis.test.util.MinimumRedisVersionRule
	at org.springframework.data.redis.support.collections.RedisMapTests.<init>(RedisMapTests.java:57)
]]></error>
  </testcase>
  <testcase name="testConcurrentRemove[9]" classname="org.springframework.data.redis.support.collections.RedisMapTests" time="0">
    <error message="Could not initialize class org.springframework.data.redis.test.util.MinimumRedisVersionRule" type="java.lang.NoClassDefFoundError"><![CDATA[java.lang.NoClassDefFoundError: Could not initialize class org.springframework.data.redis.test.util.MinimumRedisVersionRule
	at org.springframework.data.redis.support.collections.RedisMapTests.<init>(RedisMapTests.java:57)
]]></error>
  </testcase>
  <testcase name="testGet[9]" classname="org.springframework.data.redis.support.collections.RedisMapTests" time="0">
    <error message="Could not initialize class org.springframework.data.redis.test.util.MinimumRedisVersionRule" type="java.lang.NoClassDefFoundError"><![CDATA[java.lang.NoClassDefFoundError: Could not initialize class org.springframework.data.redis.test.util.MinimumRedisVersionRule
	at org.springframework.data.redis.support.collections.RedisMapTests.<init>(RedisMapTests.java:57)
]]></error>
  </testcase>
  <testcase name="testPut[9]" classname="org.springframework.data.redis.support.collections.RedisMapTests" time="0">
    <error message="Could not initialize class org.springframework.data.redis.test.util.MinimumRedisVersionRule" type="java.lang.NoClassDefFoundError"><![CDATA[java.lang.NoClassDefFoundError: Could not initialize class org.springframework.data.redis.test.util.MinimumRedisVersionRule
	at org.springframework.data.redis.support.collections.RedisMapTests.<init>(RedisMapTests.java:57)
]]></error>
  </testcase>
  <testcase name="testReplaceNullValue[9]" classname="org.springframework.data.redis.support.collections.RedisMapTests" time="0">
    <error message="Could not initialize class org.springframework.data.redis.test.util.MinimumRedisVersionRule" type="java.lang.NoClassDefFoundError"><![CDATA[java.lang.NoClassDefFoundError: Could not initialize class org.springframework.data.redis.test.util.MinimumRedisVersionRule
	at org.springframework.data.redis.support.collections.RedisMapTests.<init>(RedisMapTests.java:57)
]]></error>
  </testcase>
  <testcase name="testEntrySet[9]" classname="org.springframework.data.redis.support.collections.RedisMapTests" time="0">
    <error message="Could not initialize class org.springframework.data.redis.test.util.MinimumRedisVersionRule" type="java.lang.NoClassDefFoundError"><![CDATA[java.lang.NoClassDefFoundError: Could not initialize class org.springframework.data.redis.test.util.MinimumRedisVersionRule
	at org.springframework.data.redis.support.collections.RedisMapTests.<init>(RedisMapTests.java:57)
]]></error>
  </testcase>
  <testcase name="testRemoveNullValue[9]" classname="org.springframework.data.redis.support.collections.RedisMapTests" time="0">
    <error message="Could not initialize class org.springframework.data.redis.test.util.MinimumRedisVersionRule" type="java.lang.NoClassDefFoundError"><![CDATA[java.lang.NoClassDefFoundError: Could not initialize class org.springframework.data.redis.test.util.MinimumRedisVersionRule
	at org.springframework.data.redis.support.collections.RedisMapTests.<init>(RedisMapTests.java:57)
]]></error>
  </testcase>
  <testcase name="testClear[9]" classname="org.springframework.data.redis.support.collections.RedisMapTests" time="0">
    <error message="Could not initialize class org.springframework.data.redis.test.util.MinimumRedisVersionRule" type="java.lang.NoClassDefFoundError"><![CDATA[java.lang.NoClassDefFoundError: Could not initialize class org.springframework.data.redis.test.util.MinimumRedisVersionRule
	at org.springframework.data.redis.support.collections.RedisMapTests.<init>(RedisMapTests.java:57)
]]></error>
  </testcase>
  <testcase name="testSize[9]" classname="org.springframework.data.redis.support.collections.RedisMapTests" time="0">
    <error message="Could not initialize class org.springframework.data.redis.test.util.MinimumRedisVersionRule" type="java.lang.NoClassDefFoundError"><![CDATA[java.lang.NoClassDefFoundError: Could not initialize class org.springframework.data.redis.test.util.MinimumRedisVersionRule
	at org.springframework.data.redis.support.collections.RedisMapTests.<init>(RedisMapTests.java:57)
]]></error>
  </testcase>
  <testcase name="testReplaceNullOldValue[9]" classname="org.springframework.data.redis.support.collections.RedisMapTests" time="0">
    <error message="Could not initialize class org.springframework.data.redis.test.util.MinimumRedisVersionRule" type="java.lang.NoClassDefFoundError"><![CDATA[java.lang.NoClassDefFoundError: Could not initialize class org.springframework.data.redis.test.util.MinimumRedisVersionRule
	at org.springframework.data.redis.support.collections.RedisMapTests.<init>(RedisMapTests.java:57)
]]></error>
  </testcase>
  <testcase name="testConcurrentReplaceOneArg[9]" classname="org.springframework.data.redis.support.collections.RedisMapTests" time="0">
    <error message="Could not initialize class org.springframework.data.redis.test.util.MinimumRedisVersionRule" type="java.lang.NoClassDefFoundError"><![CDATA[java.lang.NoClassDefFoundError: Could not initialize class org.springframework.data.redis.test.util.MinimumRedisVersionRule
	at org.springframework.data.redis.support.collections.RedisMapTests.<init>(RedisMapTests.java:57)
]]></error>
  </testcase>
  <testcase name="testIncrement[9]" classname="org.springframework.data.redis.support.collections.RedisMapTests" time="0">
    <error message="Could not initialize class org.springframework.data.redis.test.util.MinimumRedisVersionRule" type="java.lang.NoClassDefFoundError"><![CDATA[java.lang.NoClassDefFoundError: Could not initialize class org.springframework.data.redis.test.util.MinimumRedisVersionRule
	at org.springframework.data.redis.support.collections.RedisMapTests.<init>(RedisMapTests.java:57)
]]></error>
  </testcase>
  <testcase name="testIncrementDouble[9]" classname="org.springframework.data.redis.support.collections.RedisMapTests" time="0">
    <error message="Could not initialize class org.springframework.data.redis.test.util.MinimumRedisVersionRule" type="java.lang.NoClassDefFoundError"><![CDATA[java.lang.NoClassDefFoundError: Could not initialize class org.springframework.data.redis.test.util.MinimumRedisVersionRule
	at org.springframework.data.redis.support.collections.RedisMapTests.<init>(RedisMapTests.java:57)
]]></error>
  </testcase>
  <testcase name="testContainsKey[9]" classname="org.springframework.data.redis.support.collections.RedisMapTests" time="0">
    <error message="Could not initialize class org.springframework.data.redis.test.util.MinimumRedisVersionRule" type="java.lang.NoClassDefFoundError"><![CDATA[java.lang.NoClassDefFoundError: Could not initialize class org.springframework.data.redis.test.util.MinimumRedisVersionRule
	at org.springframework.data.redis.support.collections.RedisMapTests.<init>(RedisMapTests.java:57)
]]></error>
  </testcase>
  <testcase name="testScanWorksCorrectly[9]" classname="org.springframework.data.redis.support.collections.RedisMapTests" time="0">
    <error message="Could not initialize class org.springframework.data.redis.test.util.MinimumRedisVersionRule" type="java.lang.NoClassDefFoundError"><![CDATA[java.lang.NoClassDefFoundError: Could not initialize class org.springframework.data.redis.test.util.MinimumRedisVersionRule
	at org.springframework.data.redis.support.collections.RedisMapTests.<init>(RedisMapTests.java:57)
]]></error>
  </testcase>
  <testcase name="testPutIfAbsent[9]" classname="org.springframework.data.redis.support.collections.RedisMapTests" time="0.001">
    <error message="Could not initialize class org.springframework.data.redis.test.util.MinimumRedisVersionRule" type="java.lang.NoClassDefFoundError"><![CDATA[java.lang.NoClassDefFoundError: Could not initialize class org.springframework.data.redis.test.util.MinimumRedisVersionRule
	at org.springframework.data.redis.support.collections.RedisMapTests.<init>(RedisMapTests.java:57)
]]></error>
  </testcase>
  <testcase name="testContainsValue[9]" classname="org.springframework.data.redis.support.collections.RedisMapTests" time="0">
    <error message="Could not initialize class org.springframework.data.redis.test.util.MinimumRedisVersionRule" type="java.lang.NoClassDefFoundError"><![CDATA[java.lang.NoClassDefFoundError: Could not initialize class org.springframework.data.redis.test.util.MinimumRedisVersionRule
	at org.springframework.data.redis.support.collections.RedisMapTests.<init>(RedisMapTests.java:57)
]]></error>
  </testcase>
  <testcase name="testReplaceNullNewValue[9]" classname="org.springframework.data.redis.support.collections.RedisMapTests" time="0">
    <error message="Could not initialize class org.springframework.data.redis.test.util.MinimumRedisVersionRule" type="java.lang.NoClassDefFoundError"><![CDATA[java.lang.NoClassDefFoundError: Could not initialize class org.springframework.data.redis.test.util.MinimumRedisVersionRule
	at org.springframework.data.redis.support.collections.RedisMapTests.<init>(RedisMapTests.java:57)
]]></error>
  </testcase>
  <testcase name="testHashCode[9]" classname="org.springframework.data.redis.support.collections.RedisMapTests" time="0">
    <error message="Could not initialize class org.springframework.data.redis.test.util.MinimumRedisVersionRule" type="java.lang.NoClassDefFoundError"><![CDATA[java.lang.NoClassDefFoundError: Could not initialize class org.springframework.data.redis.test.util.MinimumRedisVersionRule
	at org.springframework.data.redis.support.collections.RedisMapTests.<init>(RedisMapTests.java:57)
]]></error>
  </testcase>
  <testcase name="testIncrementNotNumber[9]" classname="org.springframework.data.redis.support.collections.RedisMapTests" time="0">
    <error message="Could not initialize class org.springframework.data.redis.test.util.MinimumRedisVersionRule" type="java.lang.NoClassDefFoundError"><![CDATA[java.lang.NoClassDefFoundError: Could not initialize class org.springframework.data.redis.test.util.MinimumRedisVersionRule
	at org.springframework.data.redis.support.collections.RedisMapTests.<init>(RedisMapTests.java:57)
]]></error>
  </testcase>
  <testcase name="testEquals[9]" classname="org.springframework.data.redis.support.collections.RedisMapTests" time="0">
    <error message="Could not initialize class org.springframework.data.redis.test.util.MinimumRedisVersionRule" type="java.lang.NoClassDefFoundError"><![CDATA[java.lang.NoClassDefFoundError: Could not initialize class org.springframework.data.redis.test.util.MinimumRedisVersionRule
	at org.springframework.data.redis.support.collections.RedisMapTests.<init>(RedisMapTests.java:57)
]]></error>
  </testcase>
  <testcase name="testGetKey[9]" classname="org.springframework.data.redis.support.collections.RedisMapTests" time="0">
    <error message="Could not initialize class org.springframework.data.redis.test.util.MinimumRedisVersionRule" type="java.lang.NoClassDefFoundError"><![CDATA[java.lang.NoClassDefFoundError: Could not initialize class org.springframework.data.redis.test.util.MinimumRedisVersionRule
	at org.springframework.data.redis.support.collections.RedisMapTests.<init>(RedisMapTests.java:57)
]]></error>
  </testcase>
  <testcase name="testKeySet[9]" classname="org.springframework.data.redis.support.collections.RedisMapTests" time="0">
    <error message="Could not initialize class org.springframework.data.redis.test.util.MinimumRedisVersionRule" type="java.lang.NoClassDefFoundError"><![CDATA[java.lang.NoClassDefFoundError: Could not initialize class org.springframework.data.redis.test.util.MinimumRedisVersionRule
	at org.springframework.data.redis.support.collections.RedisMapTests.<init>(RedisMapTests.java:57)
]]></error>
  </testcase>
  <testcase name="testNotEquals[9]" classname="org.springframework.data.redis.support.collections.RedisMapTests" time="0">
    <error message="Could not initialize class org.springframework.data.redis.test.util.MinimumRedisVersionRule" type="java.lang.NoClassDefFoundError"><![CDATA[java.lang.NoClassDefFoundError: Could not initialize class org.springframework.data.redis.test.util.MinimumRedisVersionRule
	at org.springframework.data.redis.support.collections.RedisMapTests.<init>(RedisMapTests.java:57)
]]></error>
  </testcase>
  <testcase name="testGetOperations[9]" classname="org.springframework.data.redis.support.collections.RedisMapTests" time="0">
    <error message="Could not initialize class org.springframework.data.redis.test.util.MinimumRedisVersionRule" type="java.lang.NoClassDefFoundError"><![CDATA[java.lang.NoClassDefFoundError: Could not initialize class org.springframework.data.redis.test.util.MinimumRedisVersionRule
	at org.springframework.data.redis.support.collections.RedisMapTests.<init>(RedisMapTests.java:57)
]]></error>
  </testcase>
  <testcase name="testPutAll[9]" classname="org.springframework.data.redis.support.collections.RedisMapTests" time="0">
    <error message="Could not initialize class org.springframework.data.redis.test.util.MinimumRedisVersionRule" type="java.lang.NoClassDefFoundError"><![CDATA[java.lang.NoClassDefFoundError: Could not initialize class org.springframework.data.redis.test.util.MinimumRedisVersionRule
	at org.springframework.data.redis.support.collections.RedisMapTests.<init>(RedisMapTests.java:57)
]]></error>
  </testcase>
  <testcase name="testIsEmpty[9]" classname="org.springframework.data.redis.support.collections.RedisMapTests" time="0">
    <error message="Could not initialize class org.springframework.data.redis.test.util.MinimumRedisVersionRule" type="java.lang.NoClassDefFoundError"><![CDATA[java.lang.NoClassDefFoundError: Could not initialize class org.springframework.data.redis.test.util.MinimumRedisVersionRule
	at org.springframework.data.redis.support.collections.RedisMapTests.<init>(RedisMapTests.java:57)
]]></error>
  </testcase>
  <testcase name="testRemove[9]" classname="org.springframework.data.redis.support.collections.RedisMapTests" time="0">
    <error message="Could not initialize class org.springframework.data.redis.test.util.MinimumRedisVersionRule" type="java.lang.NoClassDefFoundError"><![CDATA[java.lang.NoClassDefFoundError: Could not initialize class org.springframework.data.redis.test.util.MinimumRedisVersionRule
	at org.springframework.data.redis.support.collections.RedisMapTests.<init>(RedisMapTests.java:57)
]]></error>
  </testcase>
  <testcase name="testConcurrentReplaceTwoArgs[9]" classname="org.springframework.data.redis.support.collections.RedisMapTests" time="0">
    <error message="Could not initialize class org.springframework.data.redis.test.util.MinimumRedisVersionRule" type="java.lang.NoClassDefFoundError"><![CDATA[java.lang.NoClassDefFoundError: Could not initialize class org.springframework.data.redis.test.util.MinimumRedisVersionRule
	at org.springframework.data.redis.support.collections.RedisMapTests.<init>(RedisMapTests.java:57)
]]></error>
  </testcase>
  <testcase name="testValues[9]" classname="org.springframework.data.redis.support.collections.RedisMapTests" time="0">
    <error message="Could not initialize class org.springframework.data.redis.test.util.MinimumRedisVersionRule" type="java.lang.NoClassDefFoundError"><![CDATA[java.lang.NoClassDefFoundError: Could not initialize class org.springframework.data.redis.test.util.MinimumRedisVersionRule
	at org.springframework.data.redis.support.collections.RedisMapTests.<init>(RedisMapTests.java:57)
]]></error>
  </testcase>
  <testcase name="testConcurrentRemove[10]" classname="org.springframework.data.redis.support.collections.RedisMapTests" time="0">
    <error message="Could not initialize class org.springframework.data.redis.test.util.MinimumRedisVersionRule" type="java.lang.NoClassDefFoundError"><![CDATA[java.lang.NoClassDefFoundError: Could not initialize class org.springframework.data.redis.test.util.MinimumRedisVersionRule
	at org.springframework.data.redis.support.collections.RedisMapTests.<init>(RedisMapTests.java:57)
]]></error>
  </testcase>
  <testcase name="testGet[10]" classname="org.springframework.data.redis.support.collections.RedisMapTests" time="0">
    <error message="Could not initialize class org.springframework.data.redis.test.util.MinimumRedisVersionRule" type="java.lang.NoClassDefFoundError"><![CDATA[java.lang.NoClassDefFoundError: Could not initialize class org.springframework.data.redis.test.util.MinimumRedisVersionRule
	at org.springframework.data.redis.support.collections.RedisMapTests.<init>(RedisMapTests.java:57)
]]></error>
  </testcase>
  <testcase name="testPut[10]" classname="org.springframework.data.redis.support.collections.RedisMapTests" time="0">
    <error message="Could not initialize class org.springframework.data.redis.test.util.MinimumRedisVersionRule" type="java.lang.NoClassDefFoundError"><![CDATA[java.lang.NoClassDefFoundError: Could not initialize class org.springframework.data.redis.test.util.MinimumRedisVersionRule
	at org.springframework.data.redis.support.collections.RedisMapTests.<init>(RedisMapTests.java:57)
]]></error>
  </testcase>
  <testcase name="testReplaceNullValue[10]" classname="org.springframework.data.redis.support.collections.RedisMapTests" time="0">
    <error message="Could not initialize class org.springframework.data.redis.test.util.MinimumRedisVersionRule" type="java.lang.NoClassDefFoundError"><![CDATA[java.lang.NoClassDefFoundError: Could not initialize class org.springframework.data.redis.test.util.MinimumRedisVersionRule
	at org.springframework.data.redis.support.collections.RedisMapTests.<init>(RedisMapTests.java:57)
]]></error>
  </testcase>
  <testcase name="testEntrySet[10]" classname="org.springframework.data.redis.support.collections.RedisMapTests" time="0">
    <error message="Could not initialize class org.springframework.data.redis.test.util.MinimumRedisVersionRule" type="java.lang.NoClassDefFoundError"><![CDATA[java.lang.NoClassDefFoundError: Could not initialize class org.springframework.data.redis.test.util.MinimumRedisVersionRule
	at org.springframework.data.redis.support.collections.RedisMapTests.<init>(RedisMapTests.java:57)
]]></error>
  </testcase>
  <testcase name="testRemoveNullValue[10]" classname="org.springframework.data.redis.support.collections.RedisMapTests" time="0.001">
    <error message="Could not initialize class org.springframework.data.redis.test.util.MinimumRedisVersionRule" type="java.lang.NoClassDefFoundError"><![CDATA[java.lang.NoClassDefFoundError: Could not initialize class org.springframework.data.redis.test.util.MinimumRedisVersionRule
	at org.springframework.data.redis.support.collections.RedisMapTests.<init>(RedisMapTests.java:57)
]]></error>
  </testcase>
  <testcase name="testClear[10]" classname="org.springframework.data.redis.support.collections.RedisMapTests" time="0">
    <error message="Could not initialize class org.springframework.data.redis.test.util.MinimumRedisVersionRule" type="java.lang.NoClassDefFoundError"><![CDATA[java.lang.NoClassDefFoundError: Could not initialize class org.springframework.data.redis.test.util.MinimumRedisVersionRule
	at org.springframework.data.redis.support.collections.RedisMapTests.<init>(RedisMapTests.java:57)
]]></error>
  </testcase>
  <testcase name="testSize[10]" classname="org.springframework.data.redis.support.collections.RedisMapTests" time="0">
    <error message="Could not initialize class org.springframework.data.redis.test.util.MinimumRedisVersionRule" type="java.lang.NoClassDefFoundError"><![CDATA[java.lang.NoClassDefFoundError: Could not initialize class org.springframework.data.redis.test.util.MinimumRedisVersionRule
	at org.springframework.data.redis.support.collections.RedisMapTests.<init>(RedisMapTests.java:57)
]]></error>
  </testcase>
  <testcase name="testReplaceNullOldValue[10]" classname="org.springframework.data.redis.support.collections.RedisMapTests" time="0">
    <error message="Could not initialize class org.springframework.data.redis.test.util.MinimumRedisVersionRule" type="java.lang.NoClassDefFoundError"><![CDATA[java.lang.NoClassDefFoundError: Could not initialize class org.springframework.data.redis.test.util.MinimumRedisVersionRule
	at org.springframework.data.redis.support.collections.RedisMapTests.<init>(RedisMapTests.java:57)
]]></error>
  </testcase>
  <testcase name="testConcurrentReplaceOneArg[10]" classname="org.springframework.data.redis.support.collections.RedisMapTests" time="0">
    <error message="Could not initialize class org.springframework.data.redis.test.util.MinimumRedisVersionRule" type="java.lang.NoClassDefFoundError"><![CDATA[java.lang.NoClassDefFoundError: Could not initialize class org.springframework.data.redis.test.util.MinimumRedisVersionRule
	at org.springframework.data.redis.support.collections.RedisMapTests.<init>(RedisMapTests.java:57)
]]></error>
  </testcase>
  <testcase name="testIncrement[10]" classname="org.springframework.data.redis.support.collections.RedisMapTests" time="0">
    <error message="Could not initialize class org.springframework.data.redis.test.util.MinimumRedisVersionRule" type="java.lang.NoClassDefFoundError"><![CDATA[java.lang.NoClassDefFoundError: Could not initialize class org.springframework.data.redis.test.util.MinimumRedisVersionRule
	at org.springframework.data.redis.support.collections.RedisMapTests.<init>(RedisMapTests.java:57)
]]></error>
  </testcase>
  <testcase name="testIncrementDouble[10]" classname="org.springframework.data.redis.support.collections.RedisMapTests" time="0">
    <error message="Could not initialize class org.springframework.data.redis.test.util.MinimumRedisVersionRule" type="java.lang.NoClassDefFoundError"><![CDATA[java.lang.NoClassDefFoundError: Could not initialize class org.springframework.data.redis.test.util.MinimumRedisVersionRule
	at org.springframework.data.redis.support.collections.RedisMapTests.<init>(RedisMapTests.java:57)
]]></error>
  </testcase>
  <testcase name="testContainsKey[10]" classname="org.springframework.data.redis.support.collections.RedisMapTests" time="0">
    <error message="Could not initialize class org.springframework.data.redis.test.util.MinimumRedisVersionRule" type="java.lang.NoClassDefFoundError"><![CDATA[java.lang.NoClassDefFoundError: Could not initialize class org.springframework.data.redis.test.util.MinimumRedisVersionRule
	at org.springframework.data.redis.support.collections.RedisMapTests.<init>(RedisMapTests.java:57)
]]></error>
  </testcase>
  <testcase name="testScanWorksCorrectly[10]" classname="org.springframework.data.redis.support.collections.RedisMapTests" time="0">
    <error message="Could not initialize class org.springframework.data.redis.test.util.MinimumRedisVersionRule" type="java.lang.NoClassDefFoundError"><![CDATA[java.lang.NoClassDefFoundError: Could not initialize class org.springframework.data.redis.test.util.MinimumRedisVersionRule
	at org.springframework.data.redis.support.collections.RedisMapTests.<init>(RedisMapTests.java:57)
]]></error>
  </testcase>
  <testcase name="testPutIfAbsent[10]" classname="org.springframework.data.redis.support.collections.RedisMapTests" time="0">
    <error message="Could not initialize class org.springframework.data.redis.test.util.MinimumRedisVersionRule" type="java.lang.NoClassDefFoundError"><![CDATA[java.lang.NoClassDefFoundError: Could not initialize class org.springframework.data.redis.test.util.MinimumRedisVersionRule
	at org.springframework.data.redis.support.collections.RedisMapTests.<init>(RedisMapTests.java:57)
]]></error>
  </testcase>
  <testcase name="testContainsValue[10]" classname="org.springframework.data.redis.support.collections.RedisMapTests" time="0">
    <error message="Could not initialize class org.springframework.data.redis.test.util.MinimumRedisVersionRule" type="java.lang.NoClassDefFoundError"><![CDATA[java.lang.NoClassDefFoundError: Could not initialize class org.springframework.data.redis.test.util.MinimumRedisVersionRule
	at org.springframework.data.redis.support.collections.RedisMapTests.<init>(RedisMapTests.java:57)
]]></error>
  </testcase>
  <testcase name="testReplaceNullNewValue[10]" classname="org.springframework.data.redis.support.collections.RedisMapTests" time="0">
    <error message="Could not initialize class org.springframework.data.redis.test.util.MinimumRedisVersionRule" type="java.lang.NoClassDefFoundError"><![CDATA[java.lang.NoClassDefFoundError: Could not initialize class org.springframework.data.redis.test.util.MinimumRedisVersionRule
	at org.springframework.data.redis.support.collections.RedisMapTests.<init>(RedisMapTests.java:57)
]]></error>
  </testcase>
  <testcase name="testHashCode[10]" classname="org.springframework.data.redis.support.collections.RedisMapTests" time="0">
    <error message="Could not initialize class org.springframework.data.redis.test.util.MinimumRedisVersionRule" type="java.lang.NoClassDefFoundError"><![CDATA[java.lang.NoClassDefFoundError: Could not initialize class org.springframework.data.redis.test.util.MinimumRedisVersionRule
	at org.springframework.data.redis.support.collections.RedisMapTests.<init>(RedisMapTests.java:57)
]]></error>
  </testcase>
  <testcase name="testIncrementNotNumber[10]" classname="org.springframework.data.redis.support.collections.RedisMapTests" time="0.001">
    <error message="Could not initialize class org.springframework.data.redis.test.util.MinimumRedisVersionRule" type="java.lang.NoClassDefFoundError"><![CDATA[java.lang.NoClassDefFoundError: Could not initialize class org.springframework.data.redis.test.util.MinimumRedisVersionRule
	at org.springframework.data.redis.support.collections.RedisMapTests.<init>(RedisMapTests.java:57)
]]></error>
  </testcase>
  <testcase name="testEquals[10]" classname="org.springframework.data.redis.support.collections.RedisMapTests" time="0">
    <error message="Could not initialize class org.springframework.data.redis.test.util.MinimumRedisVersionRule" type="java.lang.NoClassDefFoundError"><![CDATA[java.lang.NoClassDefFoundError: Could not initialize class org.springframework.data.redis.test.util.MinimumRedisVersionRule
	at org.springframework.data.redis.support.collections.RedisMapTests.<init>(RedisMapTests.java:57)
]]></error>
  </testcase>
  <testcase name="testGetKey[10]" classname="org.springframework.data.redis.support.collections.RedisMapTests" time="0">
    <error message="Could not initialize class org.springframework.data.redis.test.util.MinimumRedisVersionRule" type="java.lang.NoClassDefFoundError"><![CDATA[java.lang.NoClassDefFoundError: Could not initialize class org.springframework.data.redis.test.util.MinimumRedisVersionRule
	at org.springframework.data.redis.support.collections.RedisMapTests.<init>(RedisMapTests.java:57)
]]></error>
  </testcase>
  <testcase name="testKeySet[10]" classname="org.springframework.data.redis.support.collections.RedisMapTests" time="0">
    <error message="Could not initialize class org.springframework.data.redis.test.util.MinimumRedisVersionRule" type="java.lang.NoClassDefFoundError"><![CDATA[java.lang.NoClassDefFoundError: Could not initialize class org.springframework.data.redis.test.util.MinimumRedisVersionRule
	at org.springframework.data.redis.support.collections.RedisMapTests.<init>(RedisMapTests.java:57)
]]></error>
  </testcase>
  <testcase name="testNotEquals[10]" classname="org.springframework.data.redis.support.collections.RedisMapTests" time="0">
    <error message="Could not initialize class org.springframework.data.redis.test.util.MinimumRedisVersionRule" type="java.lang.NoClassDefFoundError"><![CDATA[java.lang.NoClassDefFoundError: Could not initialize class org.springframework.data.redis.test.util.MinimumRedisVersionRule
	at org.springframework.data.redis.support.collections.RedisMapTests.<init>(RedisMapTests.java:57)
]]></error>
  </testcase>
  <testcase name="testGetOperations[10]" classname="org.springframework.data.redis.support.collections.RedisMapTests" time="0">
    <error message="Could not initialize class org.springframework.data.redis.test.util.MinimumRedisVersionRule" type="java.lang.NoClassDefFoundError"><![CDATA[java.lang.NoClassDefFoundError: Could not initialize class org.springframework.data.redis.test.util.MinimumRedisVersionRule
	at org.springframework.data.redis.support.collections.RedisMapTests.<init>(RedisMapTests.java:57)
]]></error>
  </testcase>
  <testcase name="testPutAll[10]" classname="org.springframework.data.redis.support.collections.RedisMapTests" time="0">
    <error message="Could not initialize class org.springframework.data.redis.test.util.MinimumRedisVersionRule" type="java.lang.NoClassDefFoundError"><![CDATA[java.lang.NoClassDefFoundError: Could not initialize class org.springframework.data.redis.test.util.MinimumRedisVersionRule
	at org.springframework.data.redis.support.collections.RedisMapTests.<init>(RedisMapTests.java:57)
]]></error>
  </testcase>
  <testcase name="testIsEmpty[10]" classname="org.springframework.data.redis.support.collections.RedisMapTests" time="0.001">
    <error message="Could not initialize class org.springframework.data.redis.test.util.MinimumRedisVersionRule" type="java.lang.NoClassDefFoundError"><![CDATA[java.lang.NoClassDefFoundError: Could not initialize class org.springframework.data.redis.test.util.MinimumRedisVersionRule
	at org.springframework.data.redis.support.collections.RedisMapTests.<init>(RedisMapTests.java:57)
]]></error>
  </testcase>
  <testcase name="testRemove[10]" classname="org.springframework.data.redis.support.collections.RedisMapTests" time="0">
    <error message="Could not initialize class org.springframework.data.redis.test.util.MinimumRedisVersionRule" type="java.lang.NoClassDefFoundError"><![CDATA[java.lang.NoClassDefFoundError: Could not initialize class org.springframework.data.redis.test.util.MinimumRedisVersionRule
	at org.springframework.data.redis.support.collections.RedisMapTests.<init>(RedisMapTests.java:57)
]]></error>
  </testcase>
  <testcase name="testConcurrentReplaceTwoArgs[10]" classname="org.springframework.data.redis.support.collections.RedisMapTests" time="0">
    <error message="Could not initialize class org.springframework.data.redis.test.util.MinimumRedisVersionRule" type="java.lang.NoClassDefFoundError"><![CDATA[java.lang.NoClassDefFoundError: Could not initialize class org.springframework.data.redis.test.util.MinimumRedisVersionRule
	at org.springframework.data.redis.support.collections.RedisMapTests.<init>(RedisMapTests.java:57)
]]></error>
  </testcase>
  <testcase name="testValues[10]" classname="org.springframework.data.redis.support.collections.RedisMapTests" time="0">
    <error message="Could not initialize class org.springframework.data.redis.test.util.MinimumRedisVersionRule" type="java.lang.NoClassDefFoundError"><![CDATA[java.lang.NoClassDefFoundError: Could not initialize class org.springframework.data.redis.test.util.MinimumRedisVersionRule
	at org.springframework.data.redis.support.collections.RedisMapTests.<init>(RedisMapTests.java:57)
]]></error>
  </testcase>
  <testcase name="testConcurrentRemove[11]" classname="org.springframework.data.redis.support.collections.RedisMapTests" time="0">
    <error message="Could not initialize class org.springframework.data.redis.test.util.MinimumRedisVersionRule" type="java.lang.NoClassDefFoundError"><![CDATA[java.lang.NoClassDefFoundError: Could not initialize class org.springframework.data.redis.test.util.MinimumRedisVersionRule
	at org.springframework.data.redis.support.collections.RedisMapTests.<init>(RedisMapTests.java:57)
]]></error>
  </testcase>
  <testcase name="testGet[11]" classname="org.springframework.data.redis.support.collections.RedisMapTests" time="0">
    <error message="Could not initialize class org.springframework.data.redis.test.util.MinimumRedisVersionRule" type="java.lang.NoClassDefFoundError"><![CDATA[java.lang.NoClassDefFoundError: Could not initialize class org.springframework.data.redis.test.util.MinimumRedisVersionRule
	at org.springframework.data.redis.support.collections.RedisMapTests.<init>(RedisMapTests.java:57)
]]></error>
  </testcase>
  <testcase name="testPut[11]" classname="org.springframework.data.redis.support.collections.RedisMapTests" time="0">
    <error message="Could not initialize class org.springframework.data.redis.test.util.MinimumRedisVersionRule" type="java.lang.NoClassDefFoundError"><![CDATA[java.lang.NoClassDefFoundError: Could not initialize class org.springframework.data.redis.test.util.MinimumRedisVersionRule
	at org.springframework.data.redis.support.collections.RedisMapTests.<init>(RedisMapTests.java:57)
]]></error>
  </testcase>
  <testcase name="testReplaceNullValue[11]" classname="org.springframework.data.redis.support.collections.RedisMapTests" time="0">
    <error message="Could not initialize class org.springframework.data.redis.test.util.MinimumRedisVersionRule" type="java.lang.NoClassDefFoundError"><![CDATA[java.lang.NoClassDefFoundError: Could not initialize class org.springframework.data.redis.test.util.MinimumRedisVersionRule
	at org.springframework.data.redis.support.collections.RedisMapTests.<init>(RedisMapTests.java:57)
]]></error>
  </testcase>
  <testcase name="testEntrySet[11]" classname="org.springframework.data.redis.support.collections.RedisMapTests" time="0">
    <error message="Could not initialize class org.springframework.data.redis.test.util.MinimumRedisVersionRule" type="java.lang.NoClassDefFoundError"><![CDATA[java.lang.NoClassDefFoundError: Could not initialize class org.springframework.data.redis.test.util.MinimumRedisVersionRule
	at org.springframework.data.redis.support.collections.RedisMapTests.<init>(RedisMapTests.java:57)
]]></error>
  </testcase>
  <testcase name="testRemoveNullValue[11]" classname="org.springframework.data.redis.support.collections.RedisMapTests" time="0">
    <error message="Could not initialize class org.springframework.data.redis.test.util.MinimumRedisVersionRule" type="java.lang.NoClassDefFoundError"><![CDATA[java.lang.NoClassDefFoundError: Could not initialize class org.springframework.data.redis.test.util.MinimumRedisVersionRule
	at org.springframework.data.redis.support.collections.RedisMapTests.<init>(RedisMapTests.java:57)
]]></error>
  </testcase>
  <testcase name="testClear[11]" classname="org.springframework.data.redis.support.collections.RedisMapTests" time="0">
    <error message="Could not initialize class org.springframework.data.redis.test.util.MinimumRedisVersionRule" type="java.lang.NoClassDefFoundError"><![CDATA[java.lang.NoClassDefFoundError: Could not initialize class org.springframework.data.redis.test.util.MinimumRedisVersionRule
	at org.springframework.data.redis.support.collections.RedisMapTests.<init>(RedisMapTests.java:57)
]]></error>
  </testcase>
  <testcase name="testSize[11]" classname="org.springframework.data.redis.support.collections.RedisMapTests" time="0">
    <error message="Could not initialize class org.springframework.data.redis.test.util.MinimumRedisVersionRule" type="java.lang.NoClassDefFoundError"><![CDATA[java.lang.NoClassDefFoundError: Could not initialize class org.springframework.data.redis.test.util.MinimumRedisVersionRule
	at org.springframework.data.redis.support.collections.RedisMapTests.<init>(RedisMapTests.java:57)
]]></error>
  </testcase>
  <testcase name="testReplaceNullOldValue[11]" classname="org.springframework.data.redis.support.collections.RedisMapTests" time="0">
    <error message="Could not initialize class org.springframework.data.redis.test.util.MinimumRedisVersionRule" type="java.lang.NoClassDefFoundError"><![CDATA[java.lang.NoClassDefFoundError: Could not initialize class org.springframework.data.redis.test.util.MinimumRedisVersionRule
	at org.springframework.data.redis.support.collections.RedisMapTests.<init>(RedisMapTests.java:57)
]]></error>
  </testcase>
  <testcase name="testConcurrentReplaceOneArg[11]" classname="org.springframework.data.redis.support.collections.RedisMapTests" time="0.001">
    <error message="Could not initialize class org.springframework.data.redis.test.util.MinimumRedisVersionRule" type="java.lang.NoClassDefFoundError"><![CDATA[java.lang.NoClassDefFoundError: Could not initialize class org.springframework.data.redis.test.util.MinimumRedisVersionRule
	at org.springframework.data.redis.support.collections.RedisMapTests.<init>(RedisMapTests.java:57)
]]></error>
  </testcase>
  <testcase name="testIncrement[11]" classname="org.springframework.data.redis.support.collections.RedisMapTests" time="0">
    <error message="Could not initialize class org.springframework.data.redis.test.util.MinimumRedisVersionRule" type="java.lang.NoClassDefFoundError"><![CDATA[java.lang.NoClassDefFoundError: Could not initialize class org.springframework.data.redis.test.util.MinimumRedisVersionRule
	at org.springframework.data.redis.support.collections.RedisMapTests.<init>(RedisMapTests.java:57)
]]></error>
  </testcase>
  <testcase name="testIncrementDouble[11]" classname="org.springframework.data.redis.support.collections.RedisMapTests" time="0">
    <error message="Could not initialize class org.springframework.data.redis.test.util.MinimumRedisVersionRule" type="java.lang.NoClassDefFoundError"><![CDATA[java.lang.NoClassDefFoundError: Could not initialize class org.springframework.data.redis.test.util.MinimumRedisVersionRule
	at org.springframework.data.redis.support.collections.RedisMapTests.<init>(RedisMapTests.java:57)
]]></error>
  </testcase>
  <testcase name="testContainsKey[11]" classname="org.springframework.data.redis.support.collections.RedisMapTests" time="0">
    <error message="Could not initialize class org.springframework.data.redis.test.util.MinimumRedisVersionRule" type="java.lang.NoClassDefFoundError"><![CDATA[java.lang.NoClassDefFoundError: Could not initialize class org.springframework.data.redis.test.util.MinimumRedisVersionRule
	at org.springframework.data.redis.support.collections.RedisMapTests.<init>(RedisMapTests.java:57)
]]></error>
  </testcase>
  <testcase name="testScanWorksCorrectly[11]" classname="org.springframework.data.redis.support.collections.RedisMapTests" time="0">
    <error message="Could not initialize class org.springframework.data.redis.test.util.MinimumRedisVersionRule" type="java.lang.NoClassDefFoundError"><![CDATA[java.lang.NoClassDefFoundError: Could not initialize class org.springframework.data.redis.test.util.MinimumRedisVersionRule
	at org.springframework.data.redis.support.collections.RedisMapTests.<init>(RedisMapTests.java:57)
]]></error>
  </testcase>
  <testcase name="testPutIfAbsent[11]" classname="org.springframework.data.redis.support.collections.RedisMapTests" time="0">
    <error message="Could not initialize class org.springframework.data.redis.test.util.MinimumRedisVersionRule" type="java.lang.NoClassDefFoundError"><![CDATA[java.lang.NoClassDefFoundError: Could not initialize class org.springframework.data.redis.test.util.MinimumRedisVersionRule
	at org.springframework.data.redis.support.collections.RedisMapTests.<init>(RedisMapTests.java:57)
]]></error>
  </testcase>
  <testcase name="testContainsValue[11]" classname="org.springframework.data.redis.support.collections.RedisMapTests" time="0.001">
    <error message="Could not initialize class org.springframework.data.redis.test.util.MinimumRedisVersionRule" type="java.lang.NoClassDefFoundError"><![CDATA[java.lang.NoClassDefFoundError: Could not initialize class org.springframework.data.redis.test.util.MinimumRedisVersionRule
	at org.springframework.data.redis.support.collections.RedisMapTests.<init>(RedisMapTests.java:57)
]]></error>
  </testcase>
  <testcase name="testReplaceNullNewValue[11]" classname="org.springframework.data.redis.support.collections.RedisMapTests" time="0">
    <error message="Could not initialize class org.springframework.data.redis.test.util.MinimumRedisVersionRule" type="java.lang.NoClassDefFoundError"><![CDATA[java.lang.NoClassDefFoundError: Could not initialize class org.springframework.data.redis.test.util.MinimumRedisVersionRule
	at org.springframework.data.redis.support.collections.RedisMapTests.<init>(RedisMapTests.java:57)
]]></error>
  </testcase>
  <testcase name="testHashCode[11]" classname="org.springframework.data.redis.support.collections.RedisMapTests" time="0">
    <error message="Could not initialize class org.springframework.data.redis.test.util.MinimumRedisVersionRule" type="java.lang.NoClassDefFoundError"><![CDATA[java.lang.NoClassDefFoundError: Could not initialize class org.springframework.data.redis.test.util.MinimumRedisVersionRule
	at org.springframework.data.redis.support.collections.RedisMapTests.<init>(RedisMapTests.java:57)
]]></error>
  </testcase>
  <testcase name="testIncrementNotNumber[11]" classname="org.springframework.data.redis.support.collections.RedisMapTests" time="0">
    <error message="Could not initialize class org.springframework.data.redis.test.util.MinimumRedisVersionRule" type="java.lang.NoClassDefFoundError"><![CDATA[java.lang.NoClassDefFoundError: Could not initialize class org.springframework.data.redis.test.util.MinimumRedisVersionRule
	at org.springframework.data.redis.support.collections.RedisMapTests.<init>(RedisMapTests.java:57)
]]></error>
  </testcase>
  <testcase name="testEquals[11]" classname="org.springframework.data.redis.support.collections.RedisMapTests" time="0">
    <error message="Could not initialize class org.springframework.data.redis.test.util.MinimumRedisVersionRule" type="java.lang.NoClassDefFoundError"><![CDATA[java.lang.NoClassDefFoundError: Could not initialize class org.springframework.data.redis.test.util.MinimumRedisVersionRule
	at org.springframework.data.redis.support.collections.RedisMapTests.<init>(RedisMapTests.java:57)
]]></error>
  </testcase>
  <testcase name="testGetKey[11]" classname="org.springframework.data.redis.support.collections.RedisMapTests" time="0.001">
    <error message="Could not initialize class org.springframework.data.redis.test.util.MinimumRedisVersionRule" type="java.lang.NoClassDefFoundError"><![CDATA[java.lang.NoClassDefFoundError: Could not initialize class org.springframework.data.redis.test.util.MinimumRedisVersionRule
	at org.springframework.data.redis.support.collections.RedisMapTests.<init>(RedisMapTests.java:57)
]]></error>
  </testcase>
  <testcase name="testKeySet[11]" classname="org.springframework.data.redis.support.collections.RedisMapTests" time="0">
    <error message="Could not initialize class org.springframework.data.redis.test.util.MinimumRedisVersionRule" type="java.lang.NoClassDefFoundError"><![CDATA[java.lang.NoClassDefFoundError: Could not initialize class org.springframework.data.redis.test.util.MinimumRedisVersionRule
	at org.springframework.data.redis.support.collections.RedisMapTests.<init>(RedisMapTests.java:57)
]]></error>
  </testcase>
  <testcase name="testNotEquals[11]" classname="org.springframework.data.redis.support.collections.RedisMapTests" time="0">
    <error message="Could not initialize class org.springframework.data.redis.test.util.MinimumRedisVersionRule" type="java.lang.NoClassDefFoundError"><![CDATA[java.lang.NoClassDefFoundError: Could not initialize class org.springframework.data.redis.test.util.MinimumRedisVersionRule
	at org.springframework.data.redis.support.collections.RedisMapTests.<init>(RedisMapTests.java:57)
]]></error>
  </testcase>
  <testcase name="testGetOperations[11]" classname="org.springframework.data.redis.support.collections.RedisMapTests" time="0">
    <error message="Could not initialize class org.springframework.data.redis.test.util.MinimumRedisVersionRule" type="java.lang.NoClassDefFoundError"><![CDATA[java.lang.NoClassDefFoundError: Could not initialize class org.springframework.data.redis.test.util.MinimumRedisVersionRule
	at org.springframework.data.redis.support.collections.RedisMapTests.<init>(RedisMapTests.java:57)
]]></error>
  </testcase>
  <testcase name="testPutAll[11]" classname="org.springframework.data.redis.support.collections.RedisMapTests" time="0">
    <error message="Could not initialize class org.springframework.data.redis.test.util.MinimumRedisVersionRule" type="java.lang.NoClassDefFoundError"><![CDATA[java.lang.NoClassDefFoundError: Could not initialize class org.springframework.data.redis.test.util.MinimumRedisVersionRule
	at org.springframework.data.redis.support.collections.RedisMapTests.<init>(RedisMapTests.java:57)
]]></error>
  </testcase>
  <testcase name="testIsEmpty[11]" classname="org.springframework.data.redis.support.collections.RedisMapTests" time="0">
    <error message="Could not initialize class org.springframework.data.redis.test.util.MinimumRedisVersionRule" type="java.lang.NoClassDefFoundError"><![CDATA[java.lang.NoClassDefFoundError: Could not initialize class org.springframework.data.redis.test.util.MinimumRedisVersionRule
	at org.springframework.data.redis.support.collections.RedisMapTests.<init>(RedisMapTests.java:57)
]]></error>
  </testcase>
  <testcase name="testRemove[11]" classname="org.springframework.data.redis.support.collections.RedisMapTests" time="0">
    <error message="Could not initialize class org.springframework.data.redis.test.util.MinimumRedisVersionRule" type="java.lang.NoClassDefFoundError"><![CDATA[java.lang.NoClassDefFoundError: Could not initialize class org.springframework.data.redis.test.util.MinimumRedisVersionRule
	at org.springframework.data.redis.support.collections.RedisMapTests.<init>(RedisMapTests.java:57)
]]></error>
  </testcase>
  <testcase name="testConcurrentReplaceTwoArgs[11]" classname="org.springframework.data.redis.support.collections.RedisMapTests" time="0">
    <error message="Could not initialize class org.springframework.data.redis.test.util.MinimumRedisVersionRule" type="java.lang.NoClassDefFoundError"><![CDATA[java.lang.NoClassDefFoundError: Could not initialize class org.springframework.data.redis.test.util.MinimumRedisVersionRule
	at org.springframework.data.redis.support.collections.RedisMapTests.<init>(RedisMapTests.java:57)
]]></error>
  </testcase>
  <testcase name="testValues[11]" classname="org.springframework.data.redis.support.collections.RedisMapTests" time="0.001">
    <error message="Could not initialize class org.springframework.data.redis.test.util.MinimumRedisVersionRule" type="java.lang.NoClassDefFoundError"><![CDATA[java.lang.NoClassDefFoundError: Could not initialize class org.springframework.data.redis.test.util.MinimumRedisVersionRule
	at org.springframework.data.redis.support.collections.RedisMapTests.<init>(RedisMapTests.java:57)
]]></error>
  </testcase>
  <testcase name="testConcurrentRemove[12]" classname="org.springframework.data.redis.support.collections.RedisMapTests" time="0">
    <error message="Could not initialize class org.springframework.data.redis.test.util.MinimumRedisVersionRule" type="java.lang.NoClassDefFoundError"><![CDATA[java.lang.NoClassDefFoundError: Could not initialize class org.springframework.data.redis.test.util.MinimumRedisVersionRule
	at org.springframework.data.redis.support.collections.RedisMapTests.<init>(RedisMapTests.java:57)
]]></error>
  </testcase>
  <testcase name="testGet[12]" classname="org.springframework.data.redis.support.collections.RedisMapTests" time="0">
    <error message="Could not initialize class org.springframework.data.redis.test.util.MinimumRedisVersionRule" type="java.lang.NoClassDefFoundError"><![CDATA[java.lang.NoClassDefFoundError: Could not initialize class org.springframework.data.redis.test.util.MinimumRedisVersionRule
	at org.springframework.data.redis.support.collections.RedisMapTests.<init>(RedisMapTests.java:57)
]]></error>
  </testcase>
  <testcase name="testPut[12]" classname="org.springframework.data.redis.support.collections.RedisMapTests" time="0">
    <error message="Could not initialize class org.springframework.data.redis.test.util.MinimumRedisVersionRule" type="java.lang.NoClassDefFoundError"><![CDATA[java.lang.NoClassDefFoundError: Could not initialize class org.springframework.data.redis.test.util.MinimumRedisVersionRule
	at org.springframework.data.redis.support.collections.RedisMapTests.<init>(RedisMapTests.java:57)
]]></error>
  </testcase>
  <testcase name="testReplaceNullValue[12]" classname="org.springframework.data.redis.support.collections.RedisMapTests" time="0">
    <error message="Could not initialize class org.springframework.data.redis.test.util.MinimumRedisVersionRule" type="java.lang.NoClassDefFoundError"><![CDATA[java.lang.NoClassDefFoundError: Could not initialize class org.springframework.data.redis.test.util.MinimumRedisVersionRule
	at org.springframework.data.redis.support.collections.RedisMapTests.<init>(RedisMapTests.java:57)
]]></error>
  </testcase>
  <testcase name="testEntrySet[12]" classname="org.springframework.data.redis.support.collections.RedisMapTests" time="0">
    <error message="Could not initialize class org.springframework.data.redis.test.util.MinimumRedisVersionRule" type="java.lang.NoClassDefFoundError"><![CDATA[java.lang.NoClassDefFoundError: Could not initialize class org.springframework.data.redis.test.util.MinimumRedisVersionRule
	at org.springframework.data.redis.support.collections.RedisMapTests.<init>(RedisMapTests.java:57)
]]></error>
  </testcase>
  <testcase name="testRemoveNullValue[12]" classname="org.springframework.data.redis.support.collections.RedisMapTests" time="0">
    <error message="Could not initialize class org.springframework.data.redis.test.util.MinimumRedisVersionRule" type="java.lang.NoClassDefFoundError"><![CDATA[java.lang.NoClassDefFoundError: Could not initialize class org.springframework.data.redis.test.util.MinimumRedisVersionRule
	at org.springframework.data.redis.support.collections.RedisMapTests.<init>(RedisMapTests.java:57)
]]></error>
  </testcase>
  <testcase name="testClear[12]" classname="org.springframework.data.redis.support.collections.RedisMapTests" time="0.001">
    <error message="Could not initialize class org.springframework.data.redis.test.util.MinimumRedisVersionRule" type="java.lang.NoClassDefFoundError"><![CDATA[java.lang.NoClassDefFoundError: Could not initialize class org.springframework.data.redis.test.util.MinimumRedisVersionRule
	at org.springframework.data.redis.support.collections.RedisMapTests.<init>(RedisMapTests.java:57)
]]></error>
  </testcase>
  <testcase name="testSize[12]" classname="org.springframework.data.redis.support.collections.RedisMapTests" time="0">
    <error message="Could not initialize class org.springframework.data.redis.test.util.MinimumRedisVersionRule" type="java.lang.NoClassDefFoundError"><![CDATA[java.lang.NoClassDefFoundError: Could not initialize class org.springframework.data.redis.test.util.MinimumRedisVersionRule
	at org.springframework.data.redis.support.collections.RedisMapTests.<init>(RedisMapTests.java:57)
]]></error>
  </testcase>
  <testcase name="testReplaceNullOldValue[12]" classname="org.springframework.data.redis.support.collections.RedisMapTests" time="0">
    <error message="Could not initialize class org.springframework.data.redis.test.util.MinimumRedisVersionRule" type="java.lang.NoClassDefFoundError"><![CDATA[java.lang.NoClassDefFoundError: Could not initialize class org.springframework.data.redis.test.util.MinimumRedisVersionRule
	at org.springframework.data.redis.support.collections.RedisMapTests.<init>(RedisMapTests.java:57)
]]></error>
  </testcase>
  <testcase name="testConcurrentReplaceOneArg[12]" classname="org.springframework.data.redis.support.collections.RedisMapTests" time="0">
    <error message="Could not initialize class org.springframework.data.redis.test.util.MinimumRedisVersionRule" type="java.lang.NoClassDefFoundError"><![CDATA[java.lang.NoClassDefFoundError: Could not initialize class org.springframework.data.redis.test.util.MinimumRedisVersionRule
	at org.springframework.data.redis.support.collections.RedisMapTests.<init>(RedisMapTests.java:57)
]]></error>
  </testcase>
  <testcase name="testIncrement[12]" classname="org.springframework.data.redis.support.collections.RedisMapTests" time="0">
    <error message="Could not initialize class org.springframework.data.redis.test.util.MinimumRedisVersionRule" type="java.lang.NoClassDefFoundError"><![CDATA[java.lang.NoClassDefFoundError: Could not initialize class org.springframework.data.redis.test.util.MinimumRedisVersionRule
	at org.springframework.data.redis.support.collections.RedisMapTests.<init>(RedisMapTests.java:57)
]]></error>
  </testcase>
  <testcase name="testIncrementDouble[12]" classname="org.springframework.data.redis.support.collections.RedisMapTests" time="0">
    <error message="Could not initialize class org.springframework.data.redis.test.util.MinimumRedisVersionRule" type="java.lang.NoClassDefFoundError"><![CDATA[java.lang.NoClassDefFoundError: Could not initialize class org.springframework.data.redis.test.util.MinimumRedisVersionRule
	at org.springframework.data.redis.support.collections.RedisMapTests.<init>(RedisMapTests.java:57)
]]></error>
  </testcase>
  <testcase name="testContainsKey[12]" classname="org.springframework.data.redis.support.collections.RedisMapTests" time="0">
    <error message="Could not initialize class org.springframework.data.redis.test.util.MinimumRedisVersionRule" type="java.lang.NoClassDefFoundError"><![CDATA[java.lang.NoClassDefFoundError: Could not initialize class org.springframework.data.redis.test.util.MinimumRedisVersionRule
	at org.springframework.data.redis.support.collections.RedisMapTests.<init>(RedisMapTests.java:57)
]]></error>
  </testcase>
  <testcase name="testScanWorksCorrectly[12]" classname="org.springframework.data.redis.support.collections.RedisMapTests" time="0">
    <error message="Could not initialize class org.springframework.data.redis.test.util.MinimumRedisVersionRule" type="java.lang.NoClassDefFoundError"><![CDATA[java.lang.NoClassDefFoundError: Could not initialize class org.springframework.data.redis.test.util.MinimumRedisVersionRule
	at org.springframework.data.redis.support.collections.RedisMapTests.<init>(RedisMapTests.java:57)
]]></error>
  </testcase>
  <testcase name="testPutIfAbsent[12]" classname="org.springframework.data.redis.support.collections.RedisMapTests" time="0">
    <error message="Could not initialize class org.springframework.data.redis.test.util.MinimumRedisVersionRule" type="java.lang.NoClassDefFoundError"><![CDATA[java.lang.NoClassDefFoundError: Could not initialize class org.springframework.data.redis.test.util.MinimumRedisVersionRule
	at org.springframework.data.redis.support.collections.RedisMapTests.<init>(RedisMapTests.java:57)
]]></error>
  </testcase>
  <testcase name="testContainsValue[12]" classname="org.springframework.data.redis.support.collections.RedisMapTests" time="0">
    <error message="Could not initialize class org.springframework.data.redis.test.util.MinimumRedisVersionRule" type="java.lang.NoClassDefFoundError"><![CDATA[java.lang.NoClassDefFoundError: Could not initialize class org.springframework.data.redis.test.util.MinimumRedisVersionRule
	at org.springframework.data.redis.support.collections.RedisMapTests.<init>(RedisMapTests.java:57)
]]></error>
  </testcase>
  <testcase name="testReplaceNullNewValue[12]" classname="org.springframework.data.redis.support.collections.RedisMapTests" time="0">
    <error message="Could not initialize class org.springframework.data.redis.test.util.MinimumRedisVersionRule" type="java.lang.NoClassDefFoundError"><![CDATA[java.lang.NoClassDefFoundError: Could not initialize class org.springframework.data.redis.test.util.MinimumRedisVersionRule
	at org.springframework.data.redis.support.collections.RedisMapTests.<init>(RedisMapTests.java:57)
]]></error>
  </testcase>
  <testcase name="testHashCode[12]" classname="org.springframework.data.redis.support.collections.RedisMapTests" time="0">
    <error message="Could not initialize class org.springframework.data.redis.test.util.MinimumRedisVersionRule" type="java.lang.NoClassDefFoundError"><![CDATA[java.lang.NoClassDefFoundError: Could not initialize class org.springframework.data.redis.test.util.MinimumRedisVersionRule
	at org.springframework.data.redis.support.collections.RedisMapTests.<init>(RedisMapTests.java:57)
]]></error>
  </testcase>
  <testcase name="testIncrementNotNumber[12]" classname="org.springframework.data.redis.support.collections.RedisMapTests" time="0">
    <error message="Could not initialize class org.springframework.data.redis.test.util.MinimumRedisVersionRule" type="java.lang.NoClassDefFoundError"><![CDATA[java.lang.NoClassDefFoundError: Could not initialize class org.springframework.data.redis.test.util.MinimumRedisVersionRule
	at org.springframework.data.redis.support.collections.RedisMapTests.<init>(RedisMapTests.java:57)
]]></error>
  </testcase>
  <testcase name="testEquals[12]" classname="org.springframework.data.redis.support.collections.RedisMapTests" time="0">
    <error message="Could not initialize class org.springframework.data.redis.test.util.MinimumRedisVersionRule" type="java.lang.NoClassDefFoundError"><![CDATA[java.lang.NoClassDefFoundError: Could not initialize class org.springframework.data.redis.test.util.MinimumRedisVersionRule
	at org.springframework.data.redis.support.collections.RedisMapTests.<init>(RedisMapTests.java:57)
]]></error>
  </testcase>
  <testcase name="testGetKey[12]" classname="org.springframework.data.redis.support.collections.RedisMapTests" time="0">
    <error message="Could not initialize class org.springframework.data.redis.test.util.MinimumRedisVersionRule" type="java.lang.NoClassDefFoundError"><![CDATA[java.lang.NoClassDefFoundError: Could not initialize class org.springframework.data.redis.test.util.MinimumRedisVersionRule
	at org.springframework.data.redis.support.collections.RedisMapTests.<init>(RedisMapTests.java:57)
]]></error>
  </testcase>
  <testcase name="testKeySet[12]" classname="org.springframework.data.redis.support.collections.RedisMapTests" time="0">
    <error message="Could not initialize class org.springframework.data.redis.test.util.MinimumRedisVersionRule" type="java.lang.NoClassDefFoundError"><![CDATA[java.lang.NoClassDefFoundError: Could not initialize class org.springframework.data.redis.test.util.MinimumRedisVersionRule
	at org.springframework.data.redis.support.collections.RedisMapTests.<init>(RedisMapTests.java:57)
]]></error>
  </testcase>
  <testcase name="testNotEquals[12]" classname="org.springframework.data.redis.support.collections.RedisMapTests" time="0">
    <error message="Could not initialize class org.springframework.data.redis.test.util.MinimumRedisVersionRule" type="java.lang.NoClassDefFoundError"><![CDATA[java.lang.NoClassDefFoundError: Could not initialize class org.springframework.data.redis.test.util.MinimumRedisVersionRule
	at org.springframework.data.redis.support.collections.RedisMapTests.<init>(RedisMapTests.java:57)
]]></error>
  </testcase>
  <testcase name="testGetOperations[12]" classname="org.springframework.data.redis.support.collections.RedisMapTests" time="0">
    <error message="Could not initialize class org.springframework.data.redis.test.util.MinimumRedisVersionRule" type="java.lang.NoClassDefFoundError"><![CDATA[java.lang.NoClassDefFoundError: Could not initialize class org.springframework.data.redis.test.util.MinimumRedisVersionRule
	at org.springframework.data.redis.support.collections.RedisMapTests.<init>(RedisMapTests.java:57)
]]></error>
  </testcase>
  <testcase name="testPutAll[12]" classname="org.springframework.data.redis.support.collections.RedisMapTests" time="0">
    <error message="Could not initialize class org.springframework.data.redis.test.util.MinimumRedisVersionRule" type="java.lang.NoClassDefFoundError"><![CDATA[java.lang.NoClassDefFoundError: Could not initialize class org.springframework.data.redis.test.util.MinimumRedisVersionRule
	at org.springframework.data.redis.support.collections.RedisMapTests.<init>(RedisMapTests.java:57)
]]></error>
  </testcase>
  <testcase name="testIsEmpty[12]" classname="org.springframework.data.redis.support.collections.RedisMapTests" time="0.001">
    <error message="Could not initialize class org.springframework.data.redis.test.util.MinimumRedisVersionRule" type="java.lang.NoClassDefFoundError"><![CDATA[java.lang.NoClassDefFoundError: Could not initialize class org.springframework.data.redis.test.util.MinimumRedisVersionRule
	at org.springframework.data.redis.support.collections.RedisMapTests.<init>(RedisMapTests.java:57)
]]></error>
  </testcase>
  <testcase name="testRemove[12]" classname="org.springframework.data.redis.support.collections.RedisMapTests" time="0">
    <error message="Could not initialize class org.springframework.data.redis.test.util.MinimumRedisVersionRule" type="java.lang.NoClassDefFoundError"><![CDATA[java.lang.NoClassDefFoundError: Could not initialize class org.springframework.data.redis.test.util.MinimumRedisVersionRule
	at org.springframework.data.redis.support.collections.RedisMapTests.<init>(RedisMapTests.java:57)
]]></error>
  </testcase>
  <testcase name="testConcurrentReplaceTwoArgs[12]" classname="org.springframework.data.redis.support.collections.RedisMapTests" time="0">
    <error message="Could not initialize class org.springframework.data.redis.test.util.MinimumRedisVersionRule" type="java.lang.NoClassDefFoundError"><![CDATA[java.lang.NoClassDefFoundError: Could not initialize class org.springframework.data.redis.test.util.MinimumRedisVersionRule
	at org.springframework.data.redis.support.collections.RedisMapTests.<init>(RedisMapTests.java:57)
]]></error>
  </testcase>
  <testcase name="testValues[12]" classname="org.springframework.data.redis.support.collections.RedisMapTests" time="0">
    <error message="Could not initialize class org.springframework.data.redis.test.util.MinimumRedisVersionRule" type="java.lang.NoClassDefFoundError"><![CDATA[java.lang.NoClassDefFoundError: Could not initialize class org.springframework.data.redis.test.util.MinimumRedisVersionRule
	at org.springframework.data.redis.support.collections.RedisMapTests.<init>(RedisMapTests.java:57)
]]></error>
  </testcase>
  <testcase name="testConcurrentRemove[13]" classname="org.springframework.data.redis.support.collections.RedisMapTests" time="0">
    <error message="Could not initialize class org.springframework.data.redis.test.util.MinimumRedisVersionRule" type="java.lang.NoClassDefFoundError"><![CDATA[java.lang.NoClassDefFoundError: Could not initialize class org.springframework.data.redis.test.util.MinimumRedisVersionRule
	at org.springframework.data.redis.support.collections.RedisMapTests.<init>(RedisMapTests.java:57)
]]></error>
  </testcase>
  <testcase name="testGet[13]" classname="org.springframework.data.redis.support.collections.RedisMapTests" time="0">
    <error message="Could not initialize class org.springframework.data.redis.test.util.MinimumRedisVersionRule" type="java.lang.NoClassDefFoundError"><![CDATA[java.lang.NoClassDefFoundError: Could not initialize class org.springframework.data.redis.test.util.MinimumRedisVersionRule
	at org.springframework.data.redis.support.collections.RedisMapTests.<init>(RedisMapTests.java:57)
]]></error>
  </testcase>
  <testcase name="testPut[13]" classname="org.springframework.data.redis.support.collections.RedisMapTests" time="0">
    <error message="Could not initialize class org.springframework.data.redis.test.util.MinimumRedisVersionRule" type="java.lang.NoClassDefFoundError"><![CDATA[java.lang.NoClassDefFoundError: Could not initialize class org.springframework.data.redis.test.util.MinimumRedisVersionRule
	at org.springframework.data.redis.support.collections.RedisMapTests.<init>(RedisMapTests.java:57)
]]></error>
  </testcase>
  <testcase name="testReplaceNullValue[13]" classname="org.springframework.data.redis.support.collections.RedisMapTests" time="0">
    <error message="Could not initialize class org.springframework.data.redis.test.util.MinimumRedisVersionRule" type="java.lang.NoClassDefFoundError"><![CDATA[java.lang.NoClassDefFoundError: Could not initialize class org.springframework.data.redis.test.util.MinimumRedisVersionRule
	at org.springframework.data.redis.support.collections.RedisMapTests.<init>(RedisMapTests.java:57)
]]></error>
  </testcase>
  <testcase name="testEntrySet[13]" classname="org.springframework.data.redis.support.collections.RedisMapTests" time="0">
    <error message="Could not initialize class org.springframework.data.redis.test.util.MinimumRedisVersionRule" type="java.lang.NoClassDefFoundError"><![CDATA[java.lang.NoClassDefFoundError: Could not initialize class org.springframework.data.redis.test.util.MinimumRedisVersionRule
	at org.springframework.data.redis.support.collections.RedisMapTests.<init>(RedisMapTests.java:57)
]]></error>
  </testcase>
  <testcase name="testRemoveNullValue[13]" classname="org.springframework.data.redis.support.collections.RedisMapTests" time="0">
    <error message="Could not initialize class org.springframework.data.redis.test.util.MinimumRedisVersionRule" type="java.lang.NoClassDefFoundError"><![CDATA[java.lang.NoClassDefFoundError: Could not initialize class org.springframework.data.redis.test.util.MinimumRedisVersionRule
	at org.springframework.data.redis.support.collections.RedisMapTests.<init>(RedisMapTests.java:57)
]]></error>
  </testcase>
  <testcase name="testClear[13]" classname="org.springframework.data.redis.support.collections.RedisMapTests" time="0">
    <error message="Could not initialize class org.springframework.data.redis.test.util.MinimumRedisVersionRule" type="java.lang.NoClassDefFoundError"><![CDATA[java.lang.NoClassDefFoundError: Could not initialize class org.springframework.data.redis.test.util.MinimumRedisVersionRule
	at org.springframework.data.redis.support.collections.RedisMapTests.<init>(RedisMapTests.java:57)
]]></error>
  </testcase>
  <testcase name="testSize[13]" classname="org.springframework.data.redis.support.collections.RedisMapTests" time="0">
    <error message="Could not initialize class org.springframework.data.redis.test.util.MinimumRedisVersionRule" type="java.lang.NoClassDefFoundError"><![CDATA[java.lang.NoClassDefFoundError: Could not initialize class org.springframework.data.redis.test.util.MinimumRedisVersionRule
	at org.springframework.data.redis.support.collections.RedisMapTests.<init>(RedisMapTests.java:57)
]]></error>
  </testcase>
  <testcase name="testReplaceNullOldValue[13]" classname="org.springframework.data.redis.support.collections.RedisMapTests" time="0">
    <error message="Could not initialize class org.springframework.data.redis.test.util.MinimumRedisVersionRule" type="java.lang.NoClassDefFoundError"><![CDATA[java.lang.NoClassDefFoundError: Could not initialize class org.springframework.data.redis.test.util.MinimumRedisVersionRule
	at org.springframework.data.redis.support.collections.RedisMapTests.<init>(RedisMapTests.java:57)
]]></error>
  </testcase>
  <testcase name="testConcurrentReplaceOneArg[13]" classname="org.springframework.data.redis.support.collections.RedisMapTests" time="0">
    <error message="Could not initialize class org.springframework.data.redis.test.util.MinimumRedisVersionRule" type="java.lang.NoClassDefFoundError"><![CDATA[java.lang.NoClassDefFoundError: Could not initialize class org.springframework.data.redis.test.util.MinimumRedisVersionRule
	at org.springframework.data.redis.support.collections.RedisMapTests.<init>(RedisMapTests.java:57)
]]></error>
  </testcase>
  <testcase name="testIncrement[13]" classname="org.springframework.data.redis.support.collections.RedisMapTests" time="0">
    <error message="Could not initialize class org.springframework.data.redis.test.util.MinimumRedisVersionRule" type="java.lang.NoClassDefFoundError"><![CDATA[java.lang.NoClassDefFoundError: Could not initialize class org.springframework.data.redis.test.util.MinimumRedisVersionRule
	at org.springframework.data.redis.support.collections.RedisMapTests.<init>(RedisMapTests.java:57)
]]></error>
  </testcase>
  <testcase name="testIncrementDouble[13]" classname="org.springframework.data.redis.support.collections.RedisMapTests" time="0">
    <error message="Could not initialize class org.springframework.data.redis.test.util.MinimumRedisVersionRule" type="java.lang.NoClassDefFoundError"><![CDATA[java.lang.NoClassDefFoundError: Could not initialize class org.springframework.data.redis.test.util.MinimumRedisVersionRule
	at org.springframework.data.redis.support.collections.RedisMapTests.<init>(RedisMapTests.java:57)
]]></error>
  </testcase>
  <testcase name="testContainsKey[13]" classname="org.springframework.data.redis.support.collections.RedisMapTests" time="0">
    <error message="Could not initialize class org.springframework.data.redis.test.util.MinimumRedisVersionRule" type="java.lang.NoClassDefFoundError"><![CDATA[java.lang.NoClassDefFoundError: Could not initialize class org.springframework.data.redis.test.util.MinimumRedisVersionRule
	at org.springframework.data.redis.support.collections.RedisMapTests.<init>(RedisMapTests.java:57)
]]></error>
  </testcase>
  <testcase name="testScanWorksCorrectly[13]" classname="org.springframework.data.redis.support.collections.RedisMapTests" time="0">
    <error message="Could not initialize class org.springframework.data.redis.test.util.MinimumRedisVersionRule" type="java.lang.NoClassDefFoundError"><![CDATA[java.lang.NoClassDefFoundError: Could not initialize class org.springframework.data.redis.test.util.MinimumRedisVersionRule
	at org.springframework.data.redis.support.collections.RedisMapTests.<init>(RedisMapTests.java:57)
]]></error>
  </testcase>
  <testcase name="testPutIfAbsent[13]" classname="org.springframework.data.redis.support.collections.RedisMapTests" time="0">
    <error message="Could not initialize class org.springframework.data.redis.test.util.MinimumRedisVersionRule" type="java.lang.NoClassDefFoundError"><![CDATA[java.lang.NoClassDefFoundError: Could not initialize class org.springframework.data.redis.test.util.MinimumRedisVersionRule
	at org.springframework.data.redis.support.collections.RedisMapTests.<init>(RedisMapTests.java:57)
]]></error>
  </testcase>
  <testcase name="testContainsValue[13]" classname="org.springframework.data.redis.support.collections.RedisMapTests" time="0">
    <error message="Could not initialize class org.springframework.data.redis.test.util.MinimumRedisVersionRule" type="java.lang.NoClassDefFoundError"><![CDATA[java.lang.NoClassDefFoundError: Could not initialize class org.springframework.data.redis.test.util.MinimumRedisVersionRule
	at org.springframework.data.redis.support.collections.RedisMapTests.<init>(RedisMapTests.java:57)
]]></error>
  </testcase>
  <testcase name="testReplaceNullNewValue[13]" classname="org.springframework.data.redis.support.collections.RedisMapTests" time="0">
    <error message="Could not initialize class org.springframework.data.redis.test.util.MinimumRedisVersionRule" type="java.lang.NoClassDefFoundError"><![CDATA[java.lang.NoClassDefFoundError: Could not initialize class org.springframework.data.redis.test.util.MinimumRedisVersionRule
	at org.springframework.data.redis.support.collections.RedisMapTests.<init>(RedisMapTests.java:57)
]]></error>
  </testcase>
  <testcase name="testHashCode[13]" classname="org.springframework.data.redis.support.collections.RedisMapTests" time="0">
    <error message="Could not initialize class org.springframework.data.redis.test.util.MinimumRedisVersionRule" type="java.lang.NoClassDefFoundError"><![CDATA[java.lang.NoClassDefFoundError: Could not initialize class org.springframework.data.redis.test.util.MinimumRedisVersionRule
	at org.springframework.data.redis.support.collections.RedisMapTests.<init>(RedisMapTests.java:57)
]]></error>
  </testcase>
  <testcase name="testIncrementNotNumber[13]" classname="org.springframework.data.redis.support.collections.RedisMapTests" time="0">
    <error message="Could not initialize class org.springframework.data.redis.test.util.MinimumRedisVersionRule" type="java.lang.NoClassDefFoundError"><![CDATA[java.lang.NoClassDefFoundError: Could not initialize class org.springframework.data.redis.test.util.MinimumRedisVersionRule
	at org.springframework.data.redis.support.collections.RedisMapTests.<init>(RedisMapTests.java:57)
]]></error>
  </testcase>
  <testcase name="testEquals[13]" classname="org.springframework.data.redis.support.collections.RedisMapTests" time="0">
    <error message="Could not initialize class org.springframework.data.redis.test.util.MinimumRedisVersionRule" type="java.lang.NoClassDefFoundError"><![CDATA[java.lang.NoClassDefFoundError: Could not initialize class org.springframework.data.redis.test.util.MinimumRedisVersionRule
	at org.springframework.data.redis.support.collections.RedisMapTests.<init>(RedisMapTests.java:57)
]]></error>
  </testcase>
  <testcase name="testGetKey[13]" classname="org.springframework.data.redis.support.collections.RedisMapTests" time="0">
    <error message="Could not initialize class org.springframework.data.redis.test.util.MinimumRedisVersionRule" type="java.lang.NoClassDefFoundError"><![CDATA[java.lang.NoClassDefFoundError: Could not initialize class org.springframework.data.redis.test.util.MinimumRedisVersionRule
	at org.springframework.data.redis.support.collections.RedisMapTests.<init>(RedisMapTests.java:57)
]]></error>
  </testcase>
  <testcase name="testKeySet[13]" classname="org.springframework.data.redis.support.collections.RedisMapTests" time="0">
    <error message="Could not initialize class org.springframework.data.redis.test.util.MinimumRedisVersionRule" type="java.lang.NoClassDefFoundError"><![CDATA[java.lang.NoClassDefFoundError: Could not initialize class org.springframework.data.redis.test.util.MinimumRedisVersionRule
	at org.springframework.data.redis.support.collections.RedisMapTests.<init>(RedisMapTests.java:57)
]]></error>
  </testcase>
  <testcase name="testNotEquals[13]" classname="org.springframework.data.redis.support.collections.RedisMapTests" time="0">
    <error message="Could not initialize class org.springframework.data.redis.test.util.MinimumRedisVersionRule" type="java.lang.NoClassDefFoundError"><![CDATA[java.lang.NoClassDefFoundError: Could not initialize class org.springframework.data.redis.test.util.MinimumRedisVersionRule
	at org.springframework.data.redis.support.collections.RedisMapTests.<init>(RedisMapTests.java:57)
]]></error>
  </testcase>
  <testcase name="testGetOperations[13]" classname="org.springframework.data.redis.support.collections.RedisMapTests" time="0">
    <error message="Could not initialize class org.springframework.data.redis.test.util.MinimumRedisVersionRule" type="java.lang.NoClassDefFoundError"><![CDATA[java.lang.NoClassDefFoundError: Could not initialize class org.springframework.data.redis.test.util.MinimumRedisVersionRule
	at org.springframework.data.redis.support.collections.RedisMapTests.<init>(RedisMapTests.java:57)
]]></error>
  </testcase>
  <testcase name="testPutAll[13]" classname="org.springframework.data.redis.support.collections.RedisMapTests" time="0">
    <error message="Could not initialize class org.springframework.data.redis.test.util.MinimumRedisVersionRule" type="java.lang.NoClassDefFoundError"><![CDATA[java.lang.NoClassDefFoundError: Could not initialize class org.springframework.data.redis.test.util.MinimumRedisVersionRule
	at org.springframework.data.redis.support.collections.RedisMapTests.<init>(RedisMapTests.java:57)
]]></error>
  </testcase>
  <testcase name="testIsEmpty[13]" classname="org.springframework.data.redis.support.collections.RedisMapTests" time="0.001">
    <error message="Could not initialize class org.springframework.data.redis.test.util.MinimumRedisVersionRule" type="java.lang.NoClassDefFoundError"><![CDATA[java.lang.NoClassDefFoundError: Could not initialize class org.springframework.data.redis.test.util.MinimumRedisVersionRule
	at org.springframework.data.redis.support.collections.RedisMapTests.<init>(RedisMapTests.java:57)
]]></error>
  </testcase>
  <testcase name="testRemove[13]" classname="org.springframework.data.redis.support.collections.RedisMapTests" time="0">
    <error message="Could not initialize class org.springframework.data.redis.test.util.MinimumRedisVersionRule" type="java.lang.NoClassDefFoundError"><![CDATA[java.lang.NoClassDefFoundError: Could not initialize class org.springframework.data.redis.test.util.MinimumRedisVersionRule
	at org.springframework.data.redis.support.collections.RedisMapTests.<init>(RedisMapTests.java:57)
]]></error>
  </testcase>
  <testcase name="testConcurrentReplaceTwoArgs[13]" classname="org.springframework.data.redis.support.collections.RedisMapTests" time="0">
    <error message="Could not initialize class org.springframework.data.redis.test.util.MinimumRedisVersionRule" type="java.lang.NoClassDefFoundError"><![CDATA[java.lang.NoClassDefFoundError: Could not initialize class org.springframework.data.redis.test.util.MinimumRedisVersionRule
	at org.springframework.data.redis.support.collections.RedisMapTests.<init>(RedisMapTests.java:57)
]]></error>
  </testcase>
  <testcase name="testValues[13]" classname="org.springframework.data.redis.support.collections.RedisMapTests" time="0">
    <error message="Could not initialize class org.springframework.data.redis.test.util.MinimumRedisVersionRule" type="java.lang.NoClassDefFoundError"><![CDATA[java.lang.NoClassDefFoundError: Could not initialize class org.springframework.data.redis.test.util.MinimumRedisVersionRule
	at org.springframework.data.redis.support.collections.RedisMapTests.<init>(RedisMapTests.java:57)
]]></error>
  </testcase>
  <testcase name="testConcurrentRemove[14]" classname="org.springframework.data.redis.support.collections.RedisMapTests" time="0">
    <error message="Could not initialize class org.springframework.data.redis.test.util.MinimumRedisVersionRule" type="java.lang.NoClassDefFoundError"><![CDATA[java.lang.NoClassDefFoundError: Could not initialize class org.springframework.data.redis.test.util.MinimumRedisVersionRule
	at org.springframework.data.redis.support.collections.RedisMapTests.<init>(RedisMapTests.java:57)
]]></error>
  </testcase>
  <testcase name="testGet[14]" classname="org.springframework.data.redis.support.collections.RedisMapTests" time="0">
    <error message="Could not initialize class org.springframework.data.redis.test.util.MinimumRedisVersionRule" type="java.lang.NoClassDefFoundError"><![CDATA[java.lang.NoClassDefFoundError: Could not initialize class org.springframework.data.redis.test.util.MinimumRedisVersionRule
	at org.springframework.data.redis.support.collections.RedisMapTests.<init>(RedisMapTests.java:57)
]]></error>
  </testcase>
  <testcase name="testPut[14]" classname="org.springframework.data.redis.support.collections.RedisMapTests" time="0">
    <error message="Could not initialize class org.springframework.data.redis.test.util.MinimumRedisVersionRule" type="java.lang.NoClassDefFoundError"><![CDATA[java.lang.NoClassDefFoundError: Could not initialize class org.springframework.data.redis.test.util.MinimumRedisVersionRule
	at org.springframework.data.redis.support.collections.RedisMapTests.<init>(RedisMapTests.java:57)
]]></error>
  </testcase>
  <testcase name="testReplaceNullValue[14]" classname="org.springframework.data.redis.support.collections.RedisMapTests" time="0">
    <error message="Could not initialize class org.springframework.data.redis.test.util.MinimumRedisVersionRule" type="java.lang.NoClassDefFoundError"><![CDATA[java.lang.NoClassDefFoundError: Could not initialize class org.springframework.data.redis.test.util.MinimumRedisVersionRule
	at org.springframework.data.redis.support.collections.RedisMapTests.<init>(RedisMapTests.java:57)
]]></error>
  </testcase>
  <testcase name="testEntrySet[14]" classname="org.springframework.data.redis.support.collections.RedisMapTests" time="0">
    <error message="Could not initialize class org.springframework.data.redis.test.util.MinimumRedisVersionRule" type="java.lang.NoClassDefFoundError"><![CDATA[java.lang.NoClassDefFoundError: Could not initialize class org.springframework.data.redis.test.util.MinimumRedisVersionRule
	at org.springframework.data.redis.support.collections.RedisMapTests.<init>(RedisMapTests.java:57)
]]></error>
  </testcase>
  <testcase name="testRemoveNullValue[14]" classname="org.springframework.data.redis.support.collections.RedisMapTests" time="0">
    <error message="Could not initialize class org.springframework.data.redis.test.util.MinimumRedisVersionRule" type="java.lang.NoClassDefFoundError"><![CDATA[java.lang.NoClassDefFoundError: Could not initialize class org.springframework.data.redis.test.util.MinimumRedisVersionRule
	at org.springframework.data.redis.support.collections.RedisMapTests.<init>(RedisMapTests.java:57)
]]></error>
  </testcase>
  <testcase name="testClear[14]" classname="org.springframework.data.redis.support.collections.RedisMapTests" time="0">
    <error message="Could not initialize class org.springframework.data.redis.test.util.MinimumRedisVersionRule" type="java.lang.NoClassDefFoundError"><![CDATA[java.lang.NoClassDefFoundError: Could not initialize class org.springframework.data.redis.test.util.MinimumRedisVersionRule
	at org.springframework.data.redis.support.collections.RedisMapTests.<init>(RedisMapTests.java:57)
]]></error>
  </testcase>
  <testcase name="testSize[14]" classname="org.springframework.data.redis.support.collections.RedisMapTests" time="0">
    <error message="Could not initialize class org.springframework.data.redis.test.util.MinimumRedisVersionRule" type="java.lang.NoClassDefFoundError"><![CDATA[java.lang.NoClassDefFoundError: Could not initialize class org.springframework.data.redis.test.util.MinimumRedisVersionRule
	at org.springframework.data.redis.support.collections.RedisMapTests.<init>(RedisMapTests.java:57)
]]></error>
  </testcase>
  <testcase name="testReplaceNullOldValue[14]" classname="org.springframework.data.redis.support.collections.RedisMapTests" time="0">
    <error message="Could not initialize class org.springframework.data.redis.test.util.MinimumRedisVersionRule" type="java.lang.NoClassDefFoundError"><![CDATA[java.lang.NoClassDefFoundError: Could not initialize class org.springframework.data.redis.test.util.MinimumRedisVersionRule
	at org.springframework.data.redis.support.collections.RedisMapTests.<init>(RedisMapTests.java:57)
]]></error>
  </testcase>
  <testcase name="testConcurrentReplaceOneArg[14]" classname="org.springframework.data.redis.support.collections.RedisMapTests" time="0">
    <error message="Could not initialize class org.springframework.data.redis.test.util.MinimumRedisVersionRule" type="java.lang.NoClassDefFoundError"><![CDATA[java.lang.NoClassDefFoundError: Could not initialize class org.springframework.data.redis.test.util.MinimumRedisVersionRule
	at org.springframework.data.redis.support.collections.RedisMapTests.<init>(RedisMapTests.java:57)
]]></error>
  </testcase>
  <testcase name="testIncrement[14]" classname="org.springframework.data.redis.support.collections.RedisMapTests" time="0.001">
    <error message="Could not initialize class org.springframework.data.redis.test.util.MinimumRedisVersionRule" type="java.lang.NoClassDefFoundError"><![CDATA[java.lang.NoClassDefFoundError: Could not initialize class org.springframework.data.redis.test.util.MinimumRedisVersionRule
	at org.springframework.data.redis.support.collections.RedisMapTests.<init>(RedisMapTests.java:57)
]]></error>
  </testcase>
  <testcase name="testIncrementDouble[14]" classname="org.springframework.data.redis.support.collections.RedisMapTests" time="0">
    <error message="Could not initialize class org.springframework.data.redis.test.util.MinimumRedisVersionRule" type="java.lang.NoClassDefFoundError"><![CDATA[java.lang.NoClassDefFoundError: Could not initialize class org.springframework.data.redis.test.util.MinimumRedisVersionRule
	at org.springframework.data.redis.support.collections.RedisMapTests.<init>(RedisMapTests.java:57)
]]></error>
  </testcase>
  <testcase name="testContainsKey[14]" classname="org.springframework.data.redis.support.collections.RedisMapTests" time="0">
    <error message="Could not initialize class org.springframework.data.redis.test.util.MinimumRedisVersionRule" type="java.lang.NoClassDefFoundError"><![CDATA[java.lang.NoClassDefFoundError: Could not initialize class org.springframework.data.redis.test.util.MinimumRedisVersionRule
	at org.springframework.data.redis.support.collections.RedisMapTests.<init>(RedisMapTests.java:57)
]]></error>
  </testcase>
  <testcase name="testScanWorksCorrectly[14]" classname="org.springframework.data.redis.support.collections.RedisMapTests" time="0">
    <error message="Could not initialize class org.springframework.data.redis.test.util.MinimumRedisVersionRule" type="java.lang.NoClassDefFoundError"><![CDATA[java.lang.NoClassDefFoundError: Could not initialize class org.springframework.data.redis.test.util.MinimumRedisVersionRule
	at org.springframework.data.redis.support.collections.RedisMapTests.<init>(RedisMapTests.java:57)
]]></error>
  </testcase>
  <testcase name="testPutIfAbsent[14]" classname="org.springframework.data.redis.support.collections.RedisMapTests" time="0">
    <error message="Could not initialize class org.springframework.data.redis.test.util.MinimumRedisVersionRule" type="java.lang.NoClassDefFoundError"><![CDATA[java.lang.NoClassDefFoundError: Could not initialize class org.springframework.data.redis.test.util.MinimumRedisVersionRule
	at org.springframework.data.redis.support.collections.RedisMapTests.<init>(RedisMapTests.java:57)
]]></error>
  </testcase>
  <testcase name="testContainsValue[14]" classname="org.springframework.data.redis.support.collections.RedisMapTests" time="0">
    <error message="Could not initialize class org.springframework.data.redis.test.util.MinimumRedisVersionRule" type="java.lang.NoClassDefFoundError"><![CDATA[java.lang.NoClassDefFoundError: Could not initialize class org.springframework.data.redis.test.util.MinimumRedisVersionRule
	at org.springframework.data.redis.support.collections.RedisMapTests.<init>(RedisMapTests.java:57)
]]></error>
  </testcase>
  <testcase name="testReplaceNullNewValue[14]" classname="org.springframework.data.redis.support.collections.RedisMapTests" time="0">
    <error message="Could not initialize class org.springframework.data.redis.test.util.MinimumRedisVersionRule" type="java.lang.NoClassDefFoundError"><![CDATA[java.lang.NoClassDefFoundError: Could not initialize class org.springframework.data.redis.test.util.MinimumRedisVersionRule
	at org.springframework.data.redis.support.collections.RedisMapTests.<init>(RedisMapTests.java:57)
]]></error>
  </testcase>
  <testcase name="testHashCode[14]" classname="org.springframework.data.redis.support.collections.RedisMapTests" time="0">
    <error message="Could not initialize class org.springframework.data.redis.test.util.MinimumRedisVersionRule" type="java.lang.NoClassDefFoundError"><![CDATA[java.lang.NoClassDefFoundError: Could not initialize class org.springframework.data.redis.test.util.MinimumRedisVersionRule
	at org.springframework.data.redis.support.collections.RedisMapTests.<init>(RedisMapTests.java:57)
]]></error>
  </testcase>
  <testcase name="testIncrementNotNumber[14]" classname="org.springframework.data.redis.support.collections.RedisMapTests" time="0.001">
    <error message="Could not initialize class org.springframework.data.redis.test.util.MinimumRedisVersionRule" type="java.lang.NoClassDefFoundError"><![CDATA[java.lang.NoClassDefFoundError: Could not initialize class org.springframework.data.redis.test.util.MinimumRedisVersionRule
	at org.springframework.data.redis.support.collections.RedisMapTests.<init>(RedisMapTests.java:57)
]]></error>
  </testcase>
  <testcase name="testEquals[14]" classname="org.springframework.data.redis.support.collections.RedisMapTests" time="0">
    <error message="Could not initialize class org.springframework.data.redis.test.util.MinimumRedisVersionRule" type="java.lang.NoClassDefFoundError"><![CDATA[java.lang.NoClassDefFoundError: Could not initialize class org.springframework.data.redis.test.util.MinimumRedisVersionRule
	at org.springframework.data.redis.support.collections.RedisMapTests.<init>(RedisMapTests.java:57)
]]></error>
  </testcase>
  <testcase name="testGetKey[14]" classname="org.springframework.data.redis.support.collections.RedisMapTests" time="0">
    <error message="Could not initialize class org.springframework.data.redis.test.util.MinimumRedisVersionRule" type="java.lang.NoClassDefFoundError"><![CDATA[java.lang.NoClassDefFoundError: Could not initialize class org.springframework.data.redis.test.util.MinimumRedisVersionRule
	at org.springframework.data.redis.support.collections.RedisMapTests.<init>(RedisMapTests.java:57)
]]></error>
  </testcase>
  <testcase name="testKeySet[14]" classname="org.springframework.data.redis.support.collections.RedisMapTests" time="0">
    <error message="Could not initialize class org.springframework.data.redis.test.util.MinimumRedisVersionRule" type="java.lang.NoClassDefFoundError"><![CDATA[java.lang.NoClassDefFoundError: Could not initialize class org.springframework.data.redis.test.util.MinimumRedisVersionRule
	at org.springframework.data.redis.support.collections.RedisMapTests.<init>(RedisMapTests.java:57)
]]></error>
  </testcase>
  <testcase name="testNotEquals[14]" classname="org.springframework.data.redis.support.collections.RedisMapTests" time="0">
    <error message="Could not initialize class org.springframework.data.redis.test.util.MinimumRedisVersionRule" type="java.lang.NoClassDefFoundError"><![CDATA[java.lang.NoClassDefFoundError: Could not initialize class org.springframework.data.redis.test.util.MinimumRedisVersionRule
	at org.springframework.data.redis.support.collections.RedisMapTests.<init>(RedisMapTests.java:57)
]]></error>
  </testcase>
  <testcase name="testGetOperations[14]" classname="org.springframework.data.redis.support.collections.RedisMapTests" time="0">
    <error message="Could not initialize class org.springframework.data.redis.test.util.MinimumRedisVersionRule" type="java.lang.NoClassDefFoundError"><![CDATA[java.lang.NoClassDefFoundError: Could not initialize class org.springframework.data.redis.test.util.MinimumRedisVersionRule
	at org.springframework.data.redis.support.collections.RedisMapTests.<init>(RedisMapTests.java:57)
]]></error>
  </testcase>
  <testcase name="testPutAll[14]" classname="org.springframework.data.redis.support.collections.RedisMapTests" time="0">
    <error message="Could not initialize class org.springframework.data.redis.test.util.MinimumRedisVersionRule" type="java.lang.NoClassDefFoundError"><![CDATA[java.lang.NoClassDefFoundError: Could not initialize class org.springframework.data.redis.test.util.MinimumRedisVersionRule
	at org.springframework.data.redis.support.collections.RedisMapTests.<init>(RedisMapTests.java:57)
]]></error>
  </testcase>
  <testcase name="testIsEmpty[14]" classname="org.springframework.data.redis.support.collections.RedisMapTests" time="0.001">
    <error message="Could not initialize class org.springframework.data.redis.test.util.MinimumRedisVersionRule" type="java.lang.NoClassDefFoundError"><![CDATA[java.lang.NoClassDefFoundError: Could not initialize class org.springframework.data.redis.test.util.MinimumRedisVersionRule
	at org.springframework.data.redis.support.collections.RedisMapTests.<init>(RedisMapTests.java:57)
]]></error>
  </testcase>
  <testcase name="testRemove[14]" classname="org.springframework.data.redis.support.collections.RedisMapTests" time="0">
    <error message="Could not initialize class org.springframework.data.redis.test.util.MinimumRedisVersionRule" type="java.lang.NoClassDefFoundError"><![CDATA[java.lang.NoClassDefFoundError: Could not initialize class org.springframework.data.redis.test.util.MinimumRedisVersionRule
	at org.springframework.data.redis.support.collections.RedisMapTests.<init>(RedisMapTests.java:57)
]]></error>
  </testcase>
  <testcase name="testConcurrentReplaceTwoArgs[14]" classname="org.springframework.data.redis.support.collections.RedisMapTests" time="0">
    <error message="Could not initialize class org.springframework.data.redis.test.util.MinimumRedisVersionRule" type="java.lang.NoClassDefFoundError"><![CDATA[java.lang.NoClassDefFoundError: Could not initialize class org.springframework.data.redis.test.util.MinimumRedisVersionRule
	at org.springframework.data.redis.support.collections.RedisMapTests.<init>(RedisMapTests.java:57)
]]></error>
  </testcase>
  <testcase name="testValues[14]" classname="org.springframework.data.redis.support.collections.RedisMapTests" time="0">
    <error message="Could not initialize class org.springframework.data.redis.test.util.MinimumRedisVersionRule" type="java.lang.NoClassDefFoundError"><![CDATA[java.lang.NoClassDefFoundError: Could not initialize class org.springframework.data.redis.test.util.MinimumRedisVersionRule
	at org.springframework.data.redis.support.collections.RedisMapTests.<init>(RedisMapTests.java:57)
]]></error>
  </testcase>
  <testcase name="testConcurrentRemove[15]" classname="org.springframework.data.redis.support.collections.RedisMapTests" time="0">
    <error message="Could not initialize class org.springframework.data.redis.test.util.MinimumRedisVersionRule" type="java.lang.NoClassDefFoundError"><![CDATA[java.lang.NoClassDefFoundError: Could not initialize class org.springframework.data.redis.test.util.MinimumRedisVersionRule
	at org.springframework.data.redis.support.collections.RedisMapTests.<init>(RedisMapTests.java:57)
]]></error>
  </testcase>
  <testcase name="testGet[15]" classname="org.springframework.data.redis.support.collections.RedisMapTests" time="0">
    <error message="Could not initialize class org.springframework.data.redis.test.util.MinimumRedisVersionRule" type="java.lang.NoClassDefFoundError"><![CDATA[java.lang.NoClassDefFoundError: Could not initialize class org.springframework.data.redis.test.util.MinimumRedisVersionRule
	at org.springframework.data.redis.support.collections.RedisMapTests.<init>(RedisMapTests.java:57)
]]></error>
  </testcase>
  <testcase name="testPut[15]" classname="org.springframework.data.redis.support.collections.RedisMapTests" time="0">
    <error message="Could not initialize class org.springframework.data.redis.test.util.MinimumRedisVersionRule" type="java.lang.NoClassDefFoundError"><![CDATA[java.lang.NoClassDefFoundError: Could not initialize class org.springframework.data.redis.test.util.MinimumRedisVersionRule
	at org.springframework.data.redis.support.collections.RedisMapTests.<init>(RedisMapTests.java:57)
]]></error>
  </testcase>
  <testcase name="testReplaceNullValue[15]" classname="org.springframework.data.redis.support.collections.RedisMapTests" time="0">
    <error message="Could not initialize class org.springframework.data.redis.test.util.MinimumRedisVersionRule" type="java.lang.NoClassDefFoundError"><![CDATA[java.lang.NoClassDefFoundError: Could not initialize class org.springframework.data.redis.test.util.MinimumRedisVersionRule
	at org.springframework.data.redis.support.collections.RedisMapTests.<init>(RedisMapTests.java:57)
]]></error>
  </testcase>
  <testcase name="testEntrySet[15]" classname="org.springframework.data.redis.support.collections.RedisMapTests" time="0.001">
    <error message="Could not initialize class org.springframework.data.redis.test.util.MinimumRedisVersionRule" type="java.lang.NoClassDefFoundError"><![CDATA[java.lang.NoClassDefFoundError: Could not initialize class org.springframework.data.redis.test.util.MinimumRedisVersionRule
	at org.springframework.data.redis.support.collections.RedisMapTests.<init>(RedisMapTests.java:57)
]]></error>
  </testcase>
  <testcase name="testRemoveNullValue[15]" classname="org.springframework.data.redis.support.collections.RedisMapTests" time="0">
    <error message="Could not initialize class org.springframework.data.redis.test.util.MinimumRedisVersionRule" type="java.lang.NoClassDefFoundError"><![CDATA[java.lang.NoClassDefFoundError: Could not initialize class org.springframework.data.redis.test.util.MinimumRedisVersionRule
	at org.springframework.data.redis.support.collections.RedisMapTests.<init>(RedisMapTests.java:57)
]]></error>
  </testcase>
  <testcase name="testClear[15]" classname="org.springframework.data.redis.support.collections.RedisMapTests" time="0">
    <error message="Could not initialize class org.springframework.data.redis.test.util.MinimumRedisVersionRule" type="java.lang.NoClassDefFoundError"><![CDATA[java.lang.NoClassDefFoundError: Could not initialize class org.springframework.data.redis.test.util.MinimumRedisVersionRule
	at org.springframework.data.redis.support.collections.RedisMapTests.<init>(RedisMapTests.java:57)
]]></error>
  </testcase>
  <testcase name="testSize[15]" classname="org.springframework.data.redis.support.collections.RedisMapTests" time="0">
    <error message="Could not initialize class org.springframework.data.redis.test.util.MinimumRedisVersionRule" type="java.lang.NoClassDefFoundError"><![CDATA[java.lang.NoClassDefFoundError: Could not initialize class org.springframework.data.redis.test.util.MinimumRedisVersionRule
	at org.springframework.data.redis.support.collections.RedisMapTests.<init>(RedisMapTests.java:57)
]]></error>
  </testcase>
  <testcase name="testReplaceNullOldValue[15]" classname="org.springframework.data.redis.support.collections.RedisMapTests" time="0">
    <error message="Could not initialize class org.springframework.data.redis.test.util.MinimumRedisVersionRule" type="java.lang.NoClassDefFoundError"><![CDATA[java.lang.NoClassDefFoundError: Could not initialize class org.springframework.data.redis.test.util.MinimumRedisVersionRule
	at org.springframework.data.redis.support.collections.RedisMapTests.<init>(RedisMapTests.java:57)
]]></error>
  </testcase>
  <testcase name="testConcurrentReplaceOneArg[15]" classname="org.springframework.data.redis.support.collections.RedisMapTests" time="0">
    <error message="Could not initialize class org.springframework.data.redis.test.util.MinimumRedisVersionRule" type="java.lang.NoClassDefFoundError"><![CDATA[java.lang.NoClassDefFoundError: Could not initialize class org.springframework.data.redis.test.util.MinimumRedisVersionRule
	at org.springframework.data.redis.support.collections.RedisMapTests.<init>(RedisMapTests.java:57)
]]></error>
  </testcase>
  <testcase name="testIncrement[15]" classname="org.springframework.data.redis.support.collections.RedisMapTests" time="0">
    <error message="Could not initialize class org.springframework.data.redis.test.util.MinimumRedisVersionRule" type="java.lang.NoClassDefFoundError"><![CDATA[java.lang.NoClassDefFoundError: Could not initialize class org.springframework.data.redis.test.util.MinimumRedisVersionRule
	at org.springframework.data.redis.support.collections.RedisMapTests.<init>(RedisMapTests.java:57)
]]></error>
  </testcase>
  <testcase name="testIncrementDouble[15]" classname="org.springframework.data.redis.support.collections.RedisMapTests" time="0">
    <error message="Could not initialize class org.springframework.data.redis.test.util.MinimumRedisVersionRule" type="java.lang.NoClassDefFoundError"><![CDATA[java.lang.NoClassDefFoundError: Could not initialize class org.springframework.data.redis.test.util.MinimumRedisVersionRule
	at org.springframework.data.redis.support.collections.RedisMapTests.<init>(RedisMapTests.java:57)
]]></error>
  </testcase>
  <testcase name="testContainsKey[15]" classname="org.springframework.data.redis.support.collections.RedisMapTests" time="0.001">
    <error message="Could not initialize class org.springframework.data.redis.test.util.MinimumRedisVersionRule" type="java.lang.NoClassDefFoundError"><![CDATA[java.lang.NoClassDefFoundError: Could not initialize class org.springframework.data.redis.test.util.MinimumRedisVersionRule
	at org.springframework.data.redis.support.collections.RedisMapTests.<init>(RedisMapTests.java:57)
]]></error>
  </testcase>
  <testcase name="testScanWorksCorrectly[15]" classname="org.springframework.data.redis.support.collections.RedisMapTests" time="0">
    <error message="Could not initialize class org.springframework.data.redis.test.util.MinimumRedisVersionRule" type="java.lang.NoClassDefFoundError"><![CDATA[java.lang.NoClassDefFoundError: Could not initialize class org.springframework.data.redis.test.util.MinimumRedisVersionRule
	at org.springframework.data.redis.support.collections.RedisMapTests.<init>(RedisMapTests.java:57)
]]></error>
  </testcase>
  <testcase name="testPutIfAbsent[15]" classname="org.springframework.data.redis.support.collections.RedisMapTests" time="0">
    <error message="Could not initialize class org.springframework.data.redis.test.util.MinimumRedisVersionRule" type="java.lang.NoClassDefFoundError"><![CDATA[java.lang.NoClassDefFoundError: Could not initialize class org.springframework.data.redis.test.util.MinimumRedisVersionRule
	at org.springframework.data.redis.support.collections.RedisMapTests.<init>(RedisMapTests.java:57)
]]></error>
  </testcase>
  <testcase name="testContainsValue[15]" classname="org.springframework.data.redis.support.collections.RedisMapTests" time="0">
    <error message="Could not initialize class org.springframework.data.redis.test.util.MinimumRedisVersionRule" type="java.lang.NoClassDefFoundError"><![CDATA[java.lang.NoClassDefFoundError: Could not initialize class org.springframework.data.redis.test.util.MinimumRedisVersionRule
	at org.springframework.data.redis.support.collections.RedisMapTests.<init>(RedisMapTests.java:57)
]]></error>
  </testcase>
  <testcase name="testReplaceNullNewValue[15]" classname="org.springframework.data.redis.support.collections.RedisMapTests" time="0">
    <error message="Could not initialize class org.springframework.data.redis.test.util.MinimumRedisVersionRule" type="java.lang.NoClassDefFoundError"><![CDATA[java.lang.NoClassDefFoundError: Could not initialize class org.springframework.data.redis.test.util.MinimumRedisVersionRule
	at org.springframework.data.redis.support.collections.RedisMapTests.<init>(RedisMapTests.java:57)
]]></error>
  </testcase>
  <testcase name="testHashCode[15]" classname="org.springframework.data.redis.support.collections.RedisMapTests" time="0">
    <error message="Could not initialize class org.springframework.data.redis.test.util.MinimumRedisVersionRule" type="java.lang.NoClassDefFoundError"><![CDATA[java.lang.NoClassDefFoundError: Could not initialize class org.springframework.data.redis.test.util.MinimumRedisVersionRule
	at org.springframework.data.redis.support.collections.RedisMapTests.<init>(RedisMapTests.java:57)
]]></error>
  </testcase>
  <testcase name="testIncrementNotNumber[15]" classname="org.springframework.data.redis.support.collections.RedisMapTests" time="0">
    <error message="Could not initialize class org.springframework.data.redis.test.util.MinimumRedisVersionRule" type="java.lang.NoClassDefFoundError"><![CDATA[java.lang.NoClassDefFoundError: Could not initialize class org.springframework.data.redis.test.util.MinimumRedisVersionRule
	at org.springframework.data.redis.support.collections.RedisMapTests.<init>(RedisMapTests.java:57)
]]></error>
  </testcase>
  <testcase name="testEquals[15]" classname="org.springframework.data.redis.support.collections.RedisMapTests" time="0">
    <error message="Could not initialize class org.springframework.data.redis.test.util.MinimumRedisVersionRule" type="java.lang.NoClassDefFoundError"><![CDATA[java.lang.NoClassDefFoundError: Could not initialize class org.springframework.data.redis.test.util.MinimumRedisVersionRule
	at org.springframework.data.redis.support.collections.RedisMapTests.<init>(RedisMapTests.java:57)
]]></error>
  </testcase>
  <testcase name="testGetKey[15]" classname="org.springframework.data.redis.support.collections.RedisMapTests" time="0.001">
    <error message="Could not initialize class org.springframework.data.redis.test.util.MinimumRedisVersionRule" type="java.lang.NoClassDefFoundError"><![CDATA[java.lang.NoClassDefFoundError: Could not initialize class org.springframework.data.redis.test.util.MinimumRedisVersionRule
	at org.springframework.data.redis.support.collections.RedisMapTests.<init>(RedisMapTests.java:57)
]]></error>
  </testcase>
  <testcase name="testKeySet[15]" classname="org.springframework.data.redis.support.collections.RedisMapTests" time="0">
    <error message="Could not initialize class org.springframework.data.redis.test.util.MinimumRedisVersionRule" type="java.lang.NoClassDefFoundError"><![CDATA[java.lang.NoClassDefFoundError: Could not initialize class org.springframework.data.redis.test.util.MinimumRedisVersionRule
	at org.springframework.data.redis.support.collections.RedisMapTests.<init>(RedisMapTests.java:57)
]]></error>
  </testcase>
  <testcase name="testNotEquals[15]" classname="org.springframework.data.redis.support.collections.RedisMapTests" time="0">
    <error message="Could not initialize class org.springframework.data.redis.test.util.MinimumRedisVersionRule" type="java.lang.NoClassDefFoundError"><![CDATA[java.lang.NoClassDefFoundError: Could not initialize class org.springframework.data.redis.test.util.MinimumRedisVersionRule
	at org.springframework.data.redis.support.collections.RedisMapTests.<init>(RedisMapTests.java:57)
]]></error>
  </testcase>
  <testcase name="testGetOperations[15]" classname="org.springframework.data.redis.support.collections.RedisMapTests" time="0">
    <error message="Could not initialize class org.springframework.data.redis.test.util.MinimumRedisVersionRule" type="java.lang.NoClassDefFoundError"><![CDATA[java.lang.NoClassDefFoundError: Could not initialize class org.springframework.data.redis.test.util.MinimumRedisVersionRule
	at org.springframework.data.redis.support.collections.RedisMapTests.<init>(RedisMapTests.java:57)
]]></error>
  </testcase>
  <testcase name="testPutAll[15]" classname="org.springframework.data.redis.support.collections.RedisMapTests" time="0">
    <error message="Could not initialize class org.springframework.data.redis.test.util.MinimumRedisVersionRule" type="java.lang.NoClassDefFoundError"><![CDATA[java.lang.NoClassDefFoundError: Could not initialize class org.springframework.data.redis.test.util.MinimumRedisVersionRule
	at org.springframework.data.redis.support.collections.RedisMapTests.<init>(RedisMapTests.java:57)
]]></error>
  </testcase>
  <testcase name="testIsEmpty[15]" classname="org.springframework.data.redis.support.collections.RedisMapTests" time="0">
    <error message="Could not initialize class org.springframework.data.redis.test.util.MinimumRedisVersionRule" type="java.lang.NoClassDefFoundError"><![CDATA[java.lang.NoClassDefFoundError: Could not initialize class org.springframework.data.redis.test.util.MinimumRedisVersionRule
	at org.springframework.data.redis.support.collections.RedisMapTests.<init>(RedisMapTests.java:57)
]]></error>
  </testcase>
  <testcase name="testRemove[15]" classname="org.springframework.data.redis.support.collections.RedisMapTests" time="0">
    <error message="Could not initialize class org.springframework.data.redis.test.util.MinimumRedisVersionRule" type="java.lang.NoClassDefFoundError"><![CDATA[java.lang.NoClassDefFoundError: Could not initialize class org.springframework.data.redis.test.util.MinimumRedisVersionRule
	at org.springframework.data.redis.support.collections.RedisMapTests.<init>(RedisMapTests.java:57)
]]></error>
  </testcase>
  <testcase name="testConcurrentReplaceTwoArgs[15]" classname="org.springframework.data.redis.support.collections.RedisMapTests" time="0">
    <error message="Could not initialize class org.springframework.data.redis.test.util.MinimumRedisVersionRule" type="java.lang.NoClassDefFoundError"><![CDATA[java.lang.NoClassDefFoundError: Could not initialize class org.springframework.data.redis.test.util.MinimumRedisVersionRule
	at org.springframework.data.redis.support.collections.RedisMapTests.<init>(RedisMapTests.java:57)
]]></error>
  </testcase>
  <testcase name="testValues[15]" classname="org.springframework.data.redis.support.collections.RedisMapTests" time="0">
    <error message="Could not initialize class org.springframework.data.redis.test.util.MinimumRedisVersionRule" type="java.lang.NoClassDefFoundError"><![CDATA[java.lang.NoClassDefFoundError: Could not initialize class org.springframework.data.redis.test.util.MinimumRedisVersionRule
	at org.springframework.data.redis.support.collections.RedisMapTests.<init>(RedisMapTests.java:57)
]]></error>
  </testcase>
  <testcase name="testConcurrentRemove[16]" classname="org.springframework.data.redis.support.collections.RedisMapTests" time="0">
    <error message="Could not initialize class org.springframework.data.redis.test.util.MinimumRedisVersionRule" type="java.lang.NoClassDefFoundError"><![CDATA[java.lang.NoClassDefFoundError: Could not initialize class org.springframework.data.redis.test.util.MinimumRedisVersionRule
	at org.springframework.data.redis.support.collections.RedisMapTests.<init>(RedisMapTests.java:57)
]]></error>
  </testcase>
  <testcase name="testGet[16]" classname="org.springframework.data.redis.support.collections.RedisMapTests" time="0">
    <error message="Could not initialize class org.springframework.data.redis.test.util.MinimumRedisVersionRule" type="java.lang.NoClassDefFoundError"><![CDATA[java.lang.NoClassDefFoundError: Could not initialize class org.springframework.data.redis.test.util.MinimumRedisVersionRule
	at org.springframework.data.redis.support.collections.RedisMapTests.<init>(RedisMapTests.java:57)
]]></error>
  </testcase>
  <testcase name="testPut[16]" classname="org.springframework.data.redis.support.collections.RedisMapTests" time="0">
    <error message="Could not initialize class org.springframework.data.redis.test.util.MinimumRedisVersionRule" type="java.lang.NoClassDefFoundError"><![CDATA[java.lang.NoClassDefFoundError: Could not initialize class org.springframework.data.redis.test.util.MinimumRedisVersionRule
	at org.springframework.data.redis.support.collections.RedisMapTests.<init>(RedisMapTests.java:57)
]]></error>
  </testcase>
  <testcase name="testReplaceNullValue[16]" classname="org.springframework.data.redis.support.collections.RedisMapTests" time="0">
    <error message="Could not initialize class org.springframework.data.redis.test.util.MinimumRedisVersionRule" type="java.lang.NoClassDefFoundError"><![CDATA[java.lang.NoClassDefFoundError: Could not initialize class org.springframework.data.redis.test.util.MinimumRedisVersionRule
	at org.springframework.data.redis.support.collections.RedisMapTests.<init>(RedisMapTests.java:57)
]]></error>
  </testcase>
  <testcase name="testEntrySet[16]" classname="org.springframework.data.redis.support.collections.RedisMapTests" time="0">
    <error message="Could not initialize class org.springframework.data.redis.test.util.MinimumRedisVersionRule" type="java.lang.NoClassDefFoundError"><![CDATA[java.lang.NoClassDefFoundError: Could not initialize class org.springframework.data.redis.test.util.MinimumRedisVersionRule
	at org.springframework.data.redis.support.collections.RedisMapTests.<init>(RedisMapTests.java:57)
]]></error>
  </testcase>
  <testcase name="testRemoveNullValue[16]" classname="org.springframework.data.redis.support.collections.RedisMapTests" time="0">
    <error message="Could not initialize class org.springframework.data.redis.test.util.MinimumRedisVersionRule" type="java.lang.NoClassDefFoundError"><![CDATA[java.lang.NoClassDefFoundError: Could not initialize class org.springframework.data.redis.test.util.MinimumRedisVersionRule
	at org.springframework.data.redis.support.collections.RedisMapTests.<init>(RedisMapTests.java:57)
]]></error>
  </testcase>
  <testcase name="testClear[16]" classname="org.springframework.data.redis.support.collections.RedisMapTests" time="0">
    <error message="Could not initialize class org.springframework.data.redis.test.util.MinimumRedisVersionRule" type="java.lang.NoClassDefFoundError"><![CDATA[java.lang.NoClassDefFoundError: Could not initialize class org.springframework.data.redis.test.util.MinimumRedisVersionRule
	at org.springframework.data.redis.support.collections.RedisMapTests.<init>(RedisMapTests.java:57)
]]></error>
  </testcase>
  <testcase name="testSize[16]" classname="org.springframework.data.redis.support.collections.RedisMapTests" time="0">
    <error message="Could not initialize class org.springframework.data.redis.test.util.MinimumRedisVersionRule" type="java.lang.NoClassDefFoundError"><![CDATA[java.lang.NoClassDefFoundError: Could not initialize class org.springframework.data.redis.test.util.MinimumRedisVersionRule
	at org.springframework.data.redis.support.collections.RedisMapTests.<init>(RedisMapTests.java:57)
]]></error>
  </testcase>
  <testcase name="testReplaceNullOldValue[16]" classname="org.springframework.data.redis.support.collections.RedisMapTests" time="0">
    <error message="Could not initialize class org.springframework.data.redis.test.util.MinimumRedisVersionRule" type="java.lang.NoClassDefFoundError"><![CDATA[java.lang.NoClassDefFoundError: Could not initialize class org.springframework.data.redis.test.util.MinimumRedisVersionRule
	at org.springframework.data.redis.support.collections.RedisMapTests.<init>(RedisMapTests.java:57)
]]></error>
  </testcase>
  <testcase name="testConcurrentReplaceOneArg[16]" classname="org.springframework.data.redis.support.collections.RedisMapTests" time="0">
    <error message="Could not initialize class org.springframework.data.redis.test.util.MinimumRedisVersionRule" type="java.lang.NoClassDefFoundError"><![CDATA[java.lang.NoClassDefFoundError: Could not initialize class org.springframework.data.redis.test.util.MinimumRedisVersionRule
	at org.springframework.data.redis.support.collections.RedisMapTests.<init>(RedisMapTests.java:57)
]]></error>
  </testcase>
  <testcase name="testIncrement[16]" classname="org.springframework.data.redis.support.collections.RedisMapTests" time="0">
    <error message="Could not initialize class org.springframework.data.redis.test.util.MinimumRedisVersionRule" type="java.lang.NoClassDefFoundError"><![CDATA[java.lang.NoClassDefFoundError: Could not initialize class org.springframework.data.redis.test.util.MinimumRedisVersionRule
	at org.springframework.data.redis.support.collections.RedisMapTests.<init>(RedisMapTests.java:57)
]]></error>
  </testcase>
  <testcase name="testIncrementDouble[16]" classname="org.springframework.data.redis.support.collections.RedisMapTests" time="0">
    <error message="Could not initialize class org.springframework.data.redis.test.util.MinimumRedisVersionRule" type="java.lang.NoClassDefFoundError"><![CDATA[java.lang.NoClassDefFoundError: Could not initialize class org.springframework.data.redis.test.util.MinimumRedisVersionRule
	at org.springframework.data.redis.support.collections.RedisMapTests.<init>(RedisMapTests.java:57)
]]></error>
  </testcase>
  <testcase name="testContainsKey[16]" classname="org.springframework.data.redis.support.collections.RedisMapTests" time="0">
    <error message="Could not initialize class org.springframework.data.redis.test.util.MinimumRedisVersionRule" type="java.lang.NoClassDefFoundError"><![CDATA[java.lang.NoClassDefFoundError: Could not initialize class org.springframework.data.redis.test.util.MinimumRedisVersionRule
	at org.springframework.data.redis.support.collections.RedisMapTests.<init>(RedisMapTests.java:57)
]]></error>
  </testcase>
  <testcase name="testScanWorksCorrectly[16]" classname="org.springframework.data.redis.support.collections.RedisMapTests" time="0">
    <error message="Could not initialize class org.springframework.data.redis.test.util.MinimumRedisVersionRule" type="java.lang.NoClassDefFoundError"><![CDATA[java.lang.NoClassDefFoundError: Could not initialize class org.springframework.data.redis.test.util.MinimumRedisVersionRule
	at org.springframework.data.redis.support.collections.RedisMapTests.<init>(RedisMapTests.java:57)
]]></error>
  </testcase>
  <testcase name="testPutIfAbsent[16]" classname="org.springframework.data.redis.support.collections.RedisMapTests" time="0">
    <error message="Could not initialize class org.springframework.data.redis.test.util.MinimumRedisVersionRule" type="java.lang.NoClassDefFoundError"><![CDATA[java.lang.NoClassDefFoundError: Could not initialize class org.springframework.data.redis.test.util.MinimumRedisVersionRule
	at org.springframework.data.redis.support.collections.RedisMapTests.<init>(RedisMapTests.java:57)
]]></error>
  </testcase>
  <testcase name="testContainsValue[16]" classname="org.springframework.data.redis.support.collections.RedisMapTests" time="0">
    <error message="Could not initialize class org.springframework.data.redis.test.util.MinimumRedisVersionRule" type="java.lang.NoClassDefFoundError"><![CDATA[java.lang.NoClassDefFoundError: Could not initialize class org.springframework.data.redis.test.util.MinimumRedisVersionRule
	at org.springframework.data.redis.support.collections.RedisMapTests.<init>(RedisMapTests.java:57)
]]></error>
  </testcase>
  <testcase name="testReplaceNullNewValue[16]" classname="org.springframework.data.redis.support.collections.RedisMapTests" time="0">
    <error message="Could not initialize class org.springframework.data.redis.test.util.MinimumRedisVersionRule" type="java.lang.NoClassDefFoundError"><![CDATA[java.lang.NoClassDefFoundError: Could not initialize class org.springframework.data.redis.test.util.MinimumRedisVersionRule
	at org.springframework.data.redis.support.collections.RedisMapTests.<init>(RedisMapTests.java:57)
]]></error>
  </testcase>
  <testcase name="testHashCode[16]" classname="org.springframework.data.redis.support.collections.RedisMapTests" time="0">
    <error message="Could not initialize class org.springframework.data.redis.test.util.MinimumRedisVersionRule" type="java.lang.NoClassDefFoundError"><![CDATA[java.lang.NoClassDefFoundError: Could not initialize class org.springframework.data.redis.test.util.MinimumRedisVersionRule
	at org.springframework.data.redis.support.collections.RedisMapTests.<init>(RedisMapTests.java:57)
]]></error>
  </testcase>
  <testcase name="testIncrementNotNumber[16]" classname="org.springframework.data.redis.support.collections.RedisMapTests" time="0">
    <error message="Could not initialize class org.springframework.data.redis.test.util.MinimumRedisVersionRule" type="java.lang.NoClassDefFoundError"><![CDATA[java.lang.NoClassDefFoundError: Could not initialize class org.springframework.data.redis.test.util.MinimumRedisVersionRule
	at org.springframework.data.redis.support.collections.RedisMapTests.<init>(RedisMapTests.java:57)
]]></error>
  </testcase>
  <testcase name="testEquals[16]" classname="org.springframework.data.redis.support.collections.RedisMapTests" time="0">
    <error message="Could not initialize class org.springframework.data.redis.test.util.MinimumRedisVersionRule" type="java.lang.NoClassDefFoundError"><![CDATA[java.lang.NoClassDefFoundError: Could not initialize class org.springframework.data.redis.test.util.MinimumRedisVersionRule
	at org.springframework.data.redis.support.collections.RedisMapTests.<init>(RedisMapTests.java:57)
]]></error>
  </testcase>
  <testcase name="testGetKey[16]" classname="org.springframework.data.redis.support.collections.RedisMapTests" time="0">
    <error message="Could not initialize class org.springframework.data.redis.test.util.MinimumRedisVersionRule" type="java.lang.NoClassDefFoundError"><![CDATA[java.lang.NoClassDefFoundError: Could not initialize class org.springframework.data.redis.test.util.MinimumRedisVersionRule
	at org.springframework.data.redis.support.collections.RedisMapTests.<init>(RedisMapTests.java:57)
]]></error>
  </testcase>
  <testcase name="testKeySet[16]" classname="org.springframework.data.redis.support.collections.RedisMapTests" time="0">
    <error message="Could not initialize class org.springframework.data.redis.test.util.MinimumRedisVersionRule" type="java.lang.NoClassDefFoundError"><![CDATA[java.lang.NoClassDefFoundError: Could not initialize class org.springframework.data.redis.test.util.MinimumRedisVersionRule
	at org.springframework.data.redis.support.collections.RedisMapTests.<init>(RedisMapTests.java:57)
]]></error>
  </testcase>
  <testcase name="testNotEquals[16]" classname="org.springframework.data.redis.support.collections.RedisMapTests" time="0">
    <error message="Could not initialize class org.springframework.data.redis.test.util.MinimumRedisVersionRule" type="java.lang.NoClassDefFoundError"><![CDATA[java.lang.NoClassDefFoundError: Could not initialize class org.springframework.data.redis.test.util.MinimumRedisVersionRule
	at org.springframework.data.redis.support.collections.RedisMapTests.<init>(RedisMapTests.java:57)
]]></error>
  </testcase>
  <testcase name="testGetOperations[16]" classname="org.springframework.data.redis.support.collections.RedisMapTests" time="0">
    <error message="Could not initialize class org.springframework.data.redis.test.util.MinimumRedisVersionRule" type="java.lang.NoClassDefFoundError"><![CDATA[java.lang.NoClassDefFoundError: Could not initialize class org.springframework.data.redis.test.util.MinimumRedisVersionRule
	at org.springframework.data.redis.support.collections.RedisMapTests.<init>(RedisMapTests.java:57)
]]></error>
  </testcase>
  <testcase name="testPutAll[16]" classname="org.springframework.data.redis.support.collections.RedisMapTests" time="0.001">
    <error message="Could not initialize class org.springframework.data.redis.test.util.MinimumRedisVersionRule" type="java.lang.NoClassDefFoundError"><![CDATA[java.lang.NoClassDefFoundError: Could not initialize class org.springframework.data.redis.test.util.MinimumRedisVersionRule
	at org.springframework.data.redis.support.collections.RedisMapTests.<init>(RedisMapTests.java:57)
]]></error>
  </testcase>
  <testcase name="testIsEmpty[16]" classname="org.springframework.data.redis.support.collections.RedisMapTests" time="0">
    <error message="Could not initialize class org.springframework.data.redis.test.util.MinimumRedisVersionRule" type="java.lang.NoClassDefFoundError"><![CDATA[java.lang.NoClassDefFoundError: Could not initialize class org.springframework.data.redis.test.util.MinimumRedisVersionRule
	at org.springframework.data.redis.support.collections.RedisMapTests.<init>(RedisMapTests.java:57)
]]></error>
  </testcase>
  <testcase name="testRemove[16]" classname="org.springframework.data.redis.support.collections.RedisMapTests" time="0">
    <error message="Could not initialize class org.springframework.data.redis.test.util.MinimumRedisVersionRule" type="java.lang.NoClassDefFoundError"><![CDATA[java.lang.NoClassDefFoundError: Could not initialize class org.springframework.data.redis.test.util.MinimumRedisVersionRule
	at org.springframework.data.redis.support.collections.RedisMapTests.<init>(RedisMapTests.java:57)
]]></error>
  </testcase>
  <testcase name="testConcurrentReplaceTwoArgs[16]" classname="org.springframework.data.redis.support.collections.RedisMapTests" time="0">
    <error message="Could not initialize class org.springframework.data.redis.test.util.MinimumRedisVersionRule" type="java.lang.NoClassDefFoundError"><![CDATA[java.lang.NoClassDefFoundError: Could not initialize class org.springframework.data.redis.test.util.MinimumRedisVersionRule
	at org.springframework.data.redis.support.collections.RedisMapTests.<init>(RedisMapTests.java:57)
]]></error>
  </testcase>
  <testcase name="testValues[16]" classname="org.springframework.data.redis.support.collections.RedisMapTests" time="0">
    <error message="Could not initialize class org.springframework.data.redis.test.util.MinimumRedisVersionRule" type="java.lang.NoClassDefFoundError"><![CDATA[java.lang.NoClassDefFoundError: Could not initialize class org.springframework.data.redis.test.util.MinimumRedisVersionRule
	at org.springframework.data.redis.support.collections.RedisMapTests.<init>(RedisMapTests.java:57)
]]></error>
  </testcase>
  <testcase name="testConcurrentRemove[17]" classname="org.springframework.data.redis.support.collections.RedisMapTests" time="0">
    <error message="Could not initialize class org.springframework.data.redis.test.util.MinimumRedisVersionRule" type="java.lang.NoClassDefFoundError"><![CDATA[java.lang.NoClassDefFoundError: Could not initialize class org.springframework.data.redis.test.util.MinimumRedisVersionRule
	at org.springframework.data.redis.support.collections.RedisMapTests.<init>(RedisMapTests.java:57)
]]></error>
  </testcase>
  <testcase name="testGet[17]" classname="org.springframework.data.redis.support.collections.RedisMapTests" time="0.001">
    <error message="Could not initialize class org.springframework.data.redis.test.util.MinimumRedisVersionRule" type="java.lang.NoClassDefFoundError"><![CDATA[java.lang.NoClassDefFoundError: Could not initialize class org.springframework.data.redis.test.util.MinimumRedisVersionRule
	at org.springframework.data.redis.support.collections.RedisMapTests.<init>(RedisMapTests.java:57)
]]></error>
  </testcase>
  <testcase name="testPut[17]" classname="org.springframework.data.redis.support.collections.RedisMapTests" time="0">
    <error message="Could not initialize class org.springframework.data.redis.test.util.MinimumRedisVersionRule" type="java.lang.NoClassDefFoundError"><![CDATA[java.lang.NoClassDefFoundError: Could not initialize class org.springframework.data.redis.test.util.MinimumRedisVersionRule
	at org.springframework.data.redis.support.collections.RedisMapTests.<init>(RedisMapTests.java:57)
]]></error>
  </testcase>
  <testcase name="testReplaceNullValue[17]" classname="org.springframework.data.redis.support.collections.RedisMapTests" time="0">
    <error message="Could not initialize class org.springframework.data.redis.test.util.MinimumRedisVersionRule" type="java.lang.NoClassDefFoundError"><![CDATA[java.lang.NoClassDefFoundError: Could not initialize class org.springframework.data.redis.test.util.MinimumRedisVersionRule
	at org.springframework.data.redis.support.collections.RedisMapTests.<init>(RedisMapTests.java:57)
]]></error>
  </testcase>
  <testcase name="testEntrySet[17]" classname="org.springframework.data.redis.support.collections.RedisMapTests" time="0">
    <error message="Could not initialize class org.springframework.data.redis.test.util.MinimumRedisVersionRule" type="java.lang.NoClassDefFoundError"><![CDATA[java.lang.NoClassDefFoundError: Could not initialize class org.springframework.data.redis.test.util.MinimumRedisVersionRule
	at org.springframework.data.redis.support.collections.RedisMapTests.<init>(RedisMapTests.java:57)
]]></error>
  </testcase>
  <testcase name="testRemoveNullValue[17]" classname="org.springframework.data.redis.support.collections.RedisMapTests" time="0">
    <error message="Could not initialize class org.springframework.data.redis.test.util.MinimumRedisVersionRule" type="java.lang.NoClassDefFoundError"><![CDATA[java.lang.NoClassDefFoundError: Could not initialize class org.springframework.data.redis.test.util.MinimumRedisVersionRule
	at org.springframework.data.redis.support.collections.RedisMapTests.<init>(RedisMapTests.java:57)
]]></error>
  </testcase>
  <testcase name="testClear[17]" classname="org.springframework.data.redis.support.collections.RedisMapTests" time="0">
    <error message="Could not initialize class org.springframework.data.redis.test.util.MinimumRedisVersionRule" type="java.lang.NoClassDefFoundError"><![CDATA[java.lang.NoClassDefFoundError: Could not initialize class org.springframework.data.redis.test.util.MinimumRedisVersionRule
	at org.springframework.data.redis.support.collections.RedisMapTests.<init>(RedisMapTests.java:57)
]]></error>
  </testcase>
  <testcase name="testSize[17]" classname="org.springframework.data.redis.support.collections.RedisMapTests" time="0">
    <error message="Could not initialize class org.springframework.data.redis.test.util.MinimumRedisVersionRule" type="java.lang.NoClassDefFoundError"><![CDATA[java.lang.NoClassDefFoundError: Could not initialize class org.springframework.data.redis.test.util.MinimumRedisVersionRule
	at org.springframework.data.redis.support.collections.RedisMapTests.<init>(RedisMapTests.java:57)
]]></error>
  </testcase>
  <testcase name="testReplaceNullOldValue[17]" classname="org.springframework.data.redis.support.collections.RedisMapTests" time="0">
    <error message="Could not initialize class org.springframework.data.redis.test.util.MinimumRedisVersionRule" type="java.lang.NoClassDefFoundError"><![CDATA[java.lang.NoClassDefFoundError: Could not initialize class org.springframework.data.redis.test.util.MinimumRedisVersionRule
	at org.springframework.data.redis.support.collections.RedisMapTests.<init>(RedisMapTests.java:57)
]]></error>
  </testcase>
  <testcase name="testConcurrentReplaceOneArg[17]" classname="org.springframework.data.redis.support.collections.RedisMapTests" time="0">
    <error message="Could not initialize class org.springframework.data.redis.test.util.MinimumRedisVersionRule" type="java.lang.NoClassDefFoundError"><![CDATA[java.lang.NoClassDefFoundError: Could not initialize class org.springframework.data.redis.test.util.MinimumRedisVersionRule
	at org.springframework.data.redis.support.collections.RedisMapTests.<init>(RedisMapTests.java:57)
]]></error>
  </testcase>
  <testcase name="testIncrement[17]" classname="org.springframework.data.redis.support.collections.RedisMapTests" time="0">
    <error message="Could not initialize class org.springframework.data.redis.test.util.MinimumRedisVersionRule" type="java.lang.NoClassDefFoundError"><![CDATA[java.lang.NoClassDefFoundError: Could not initialize class org.springframework.data.redis.test.util.MinimumRedisVersionRule
	at org.springframework.data.redis.support.collections.RedisMapTests.<init>(RedisMapTests.java:57)
]]></error>
  </testcase>
  <testcase name="testIncrementDouble[17]" classname="org.springframework.data.redis.support.collections.RedisMapTests" time="0.001">
    <error message="Could not initialize class org.springframework.data.redis.test.util.MinimumRedisVersionRule" type="java.lang.NoClassDefFoundError"><![CDATA[java.lang.NoClassDefFoundError: Could not initialize class org.springframework.data.redis.test.util.MinimumRedisVersionRule
	at org.springframework.data.redis.support.collections.RedisMapTests.<init>(RedisMapTests.java:57)
]]></error>
  </testcase>
  <testcase name="testContainsKey[17]" classname="org.springframework.data.redis.support.collections.RedisMapTests" time="0">
    <error message="Could not initialize class org.springframework.data.redis.test.util.MinimumRedisVersionRule" type="java.lang.NoClassDefFoundError"><![CDATA[java.lang.NoClassDefFoundError: Could not initialize class org.springframework.data.redis.test.util.MinimumRedisVersionRule
	at org.springframework.data.redis.support.collections.RedisMapTests.<init>(RedisMapTests.java:57)
]]></error>
  </testcase>
  <testcase name="testScanWorksCorrectly[17]" classname="org.springframework.data.redis.support.collections.RedisMapTests" time="0">
    <error message="Could not initialize class org.springframework.data.redis.test.util.MinimumRedisVersionRule" type="java.lang.NoClassDefFoundError"><![CDATA[java.lang.NoClassDefFoundError: Could not initialize class org.springframework.data.redis.test.util.MinimumRedisVersionRule
	at org.springframework.data.redis.support.collections.RedisMapTests.<init>(RedisMapTests.java:57)
]]></error>
  </testcase>
  <testcase name="testPutIfAbsent[17]" classname="org.springframework.data.redis.support.collections.RedisMapTests" time="0">
    <error message="Could not initialize class org.springframework.data.redis.test.util.MinimumRedisVersionRule" type="java.lang.NoClassDefFoundError"><![CDATA[java.lang.NoClassDefFoundError: Could not initialize class org.springframework.data.redis.test.util.MinimumRedisVersionRule
	at org.springframework.data.redis.support.collections.RedisMapTests.<init>(RedisMapTests.java:57)
]]></error>
  </testcase>
  <testcase name="testContainsValue[17]" classname="org.springframework.data.redis.support.collections.RedisMapTests" time="0">
    <error message="Could not initialize class org.springframework.data.redis.test.util.MinimumRedisVersionRule" type="java.lang.NoClassDefFoundError"><![CDATA[java.lang.NoClassDefFoundError: Could not initialize class org.springframework.data.redis.test.util.MinimumRedisVersionRule
	at org.springframework.data.redis.support.collections.RedisMapTests.<init>(RedisMapTests.java:57)
]]></error>
  </testcase>
  <testcase name="testReplaceNullNewValue[17]" classname="org.springframework.data.redis.support.collections.RedisMapTests" time="0">
    <error message="Could not initialize class org.springframework.data.redis.test.util.MinimumRedisVersionRule" type="java.lang.NoClassDefFoundError"><![CDATA[java.lang.NoClassDefFoundError: Could not initialize class org.springframework.data.redis.test.util.MinimumRedisVersionRule
	at org.springframework.data.redis.support.collections.RedisMapTests.<init>(RedisMapTests.java:57)
]]></error>
  </testcase>
  <testcase name="testHashCode[17]" classname="org.springframework.data.redis.support.collections.RedisMapTests" time="0">
    <error message="Could not initialize class org.springframework.data.redis.test.util.MinimumRedisVersionRule" type="java.lang.NoClassDefFoundError"><![CDATA[java.lang.NoClassDefFoundError: Could not initialize class org.springframework.data.redis.test.util.MinimumRedisVersionRule
	at org.springframework.data.redis.support.collections.RedisMapTests.<init>(RedisMapTests.java:57)
]]></error>
  </testcase>
  <testcase name="testIncrementNotNumber[17]" classname="org.springframework.data.redis.support.collections.RedisMapTests" time="0.001">
    <error message="Could not initialize class org.springframework.data.redis.test.util.MinimumRedisVersionRule" type="java.lang.NoClassDefFoundError"><![CDATA[java.lang.NoClassDefFoundError: Could not initialize class org.springframework.data.redis.test.util.MinimumRedisVersionRule
	at org.springframework.data.redis.support.collections.RedisMapTests.<init>(RedisMapTests.java:57)
]]></error>
  </testcase>
  <testcase name="testEquals[17]" classname="org.springframework.data.redis.support.collections.RedisMapTests" time="0">
    <error message="Could not initialize class org.springframework.data.redis.test.util.MinimumRedisVersionRule" type="java.lang.NoClassDefFoundError"><![CDATA[java.lang.NoClassDefFoundError: Could not initialize class org.springframework.data.redis.test.util.MinimumRedisVersionRule
	at org.springframework.data.redis.support.collections.RedisMapTests.<init>(RedisMapTests.java:57)
]]></error>
  </testcase>
  <testcase name="testGetKey[17]" classname="org.springframework.data.redis.support.collections.RedisMapTests" time="0">
    <error message="Could not initialize class org.springframework.data.redis.test.util.MinimumRedisVersionRule" type="java.lang.NoClassDefFoundError"><![CDATA[java.lang.NoClassDefFoundError: Could not initialize class org.springframework.data.redis.test.util.MinimumRedisVersionRule
	at org.springframework.data.redis.support.collections.RedisMapTests.<init>(RedisMapTests.java:57)
]]></error>
  </testcase>
  <testcase name="testKeySet[17]" classname="org.springframework.data.redis.support.collections.RedisMapTests" time="0">
    <error message="Could not initialize class org.springframework.data.redis.test.util.MinimumRedisVersionRule" type="java.lang.NoClassDefFoundError"><![CDATA[java.lang.NoClassDefFoundError: Could not initialize class org.springframework.data.redis.test.util.MinimumRedisVersionRule
	at org.springframework.data.redis.support.collections.RedisMapTests.<init>(RedisMapTests.java:57)
]]></error>
  </testcase>
  <testcase name="testNotEquals[17]" classname="org.springframework.data.redis.support.collections.RedisMapTests" time="0">
    <error message="Could not initialize class org.springframework.data.redis.test.util.MinimumRedisVersionRule" type="java.lang.NoClassDefFoundError"><![CDATA[java.lang.NoClassDefFoundError: Could not initialize class org.springframework.data.redis.test.util.MinimumRedisVersionRule
	at org.springframework.data.redis.support.collections.RedisMapTests.<init>(RedisMapTests.java:57)
]]></error>
  </testcase>
  <testcase name="testGetOperations[17]" classname="org.springframework.data.redis.support.collections.RedisMapTests" time="0">
    <error message="Could not initialize class org.springframework.data.redis.test.util.MinimumRedisVersionRule" type="java.lang.NoClassDefFoundError"><![CDATA[java.lang.NoClassDefFoundError: Could not initialize class org.springframework.data.redis.test.util.MinimumRedisVersionRule
	at org.springframework.data.redis.support.collections.RedisMapTests.<init>(RedisMapTests.java:57)
]]></error>
  </testcase>
  <testcase name="testPutAll[17]" classname="org.springframework.data.redis.support.collections.RedisMapTests" time="0">
    <error message="Could not initialize class org.springframework.data.redis.test.util.MinimumRedisVersionRule" type="java.lang.NoClassDefFoundError"><![CDATA[java.lang.NoClassDefFoundError: Could not initialize class org.springframework.data.redis.test.util.MinimumRedisVersionRule
	at org.springframework.data.redis.support.collections.RedisMapTests.<init>(RedisMapTests.java:57)
]]></error>
  </testcase>
  <testcase name="testIsEmpty[17]" classname="org.springframework.data.redis.support.collections.RedisMapTests" time="0">
    <error message="Could not initialize class org.springframework.data.redis.test.util.MinimumRedisVersionRule" type="java.lang.NoClassDefFoundError"><![CDATA[java.lang.NoClassDefFoundError: Could not initialize class org.springframework.data.redis.test.util.MinimumRedisVersionRule
	at org.springframework.data.redis.support.collections.RedisMapTests.<init>(RedisMapTests.java:57)
]]></error>
  </testcase>
  <testcase name="testRemove[17]" classname="org.springframework.data.redis.support.collections.RedisMapTests" time="0">
    <error message="Could not initialize class org.springframework.data.redis.test.util.MinimumRedisVersionRule" type="java.lang.NoClassDefFoundError"><![CDATA[java.lang.NoClassDefFoundError: Could not initialize class org.springframework.data.redis.test.util.MinimumRedisVersionRule
	at org.springframework.data.redis.support.collections.RedisMapTests.<init>(RedisMapTests.java:57)
]]></error>
  </testcase>
  <testcase name="testConcurrentReplaceTwoArgs[17]" classname="org.springframework.data.redis.support.collections.RedisMapTests" time="0">
    <error message="Could not initialize class org.springframework.data.redis.test.util.MinimumRedisVersionRule" type="java.lang.NoClassDefFoundError"><![CDATA[java.lang.NoClassDefFoundError: Could not initialize class org.springframework.data.redis.test.util.MinimumRedisVersionRule
	at org.springframework.data.redis.support.collections.RedisMapTests.<init>(RedisMapTests.java:57)
]]></error>
  </testcase>
  <testcase name="testValues[17]" classname="org.springframework.data.redis.support.collections.RedisMapTests" time="0">
    <error message="Could not initialize class org.springframework.data.redis.test.util.MinimumRedisVersionRule" type="java.lang.NoClassDefFoundError"><![CDATA[java.lang.NoClassDefFoundError: Could not initialize class org.springframework.data.redis.test.util.MinimumRedisVersionRule
	at org.springframework.data.redis.support.collections.RedisMapTests.<init>(RedisMapTests.java:57)
]]></error>
  </testcase>
  <testcase name="testConcurrentRemove[18]" classname="org.springframework.data.redis.support.collections.RedisMapTests" time="0">
    <error message="Could not initialize class org.springframework.data.redis.test.util.MinimumRedisVersionRule" type="java.lang.NoClassDefFoundError"><![CDATA[java.lang.NoClassDefFoundError: Could not initialize class org.springframework.data.redis.test.util.MinimumRedisVersionRule
	at org.springframework.data.redis.support.collections.RedisMapTests.<init>(RedisMapTests.java:57)
]]></error>
  </testcase>
  <testcase name="testGet[18]" classname="org.springframework.data.redis.support.collections.RedisMapTests" time="0">
    <error message="Could not initialize class org.springframework.data.redis.test.util.MinimumRedisVersionRule" type="java.lang.NoClassDefFoundError"><![CDATA[java.lang.NoClassDefFoundError: Could not initialize class org.springframework.data.redis.test.util.MinimumRedisVersionRule
	at org.springframework.data.redis.support.collections.RedisMapTests.<init>(RedisMapTests.java:57)
]]></error>
  </testcase>
  <testcase name="testPut[18]" classname="org.springframework.data.redis.support.collections.RedisMapTests" time="0">
    <error message="Could not initialize class org.springframework.data.redis.test.util.MinimumRedisVersionRule" type="java.lang.NoClassDefFoundError"><![CDATA[java.lang.NoClassDefFoundError: Could not initialize class org.springframework.data.redis.test.util.MinimumRedisVersionRule
	at org.springframework.data.redis.support.collections.RedisMapTests.<init>(RedisMapTests.java:57)
]]></error>
  </testcase>
  <testcase name="testReplaceNullValue[18]" classname="org.springframework.data.redis.support.collections.RedisMapTests" time="0">
    <error message="Could not initialize class org.springframework.data.redis.test.util.MinimumRedisVersionRule" type="java.lang.NoClassDefFoundError"><![CDATA[java.lang.NoClassDefFoundError: Could not initialize class org.springframework.data.redis.test.util.MinimumRedisVersionRule
	at org.springframework.data.redis.support.collections.RedisMapTests.<init>(RedisMapTests.java:57)
]]></error>
  </testcase>
  <testcase name="testEntrySet[18]" classname="org.springframework.data.redis.support.collections.RedisMapTests" time="0">
    <error message="Could not initialize class org.springframework.data.redis.test.util.MinimumRedisVersionRule" type="java.lang.NoClassDefFoundError"><![CDATA[java.lang.NoClassDefFoundError: Could not initialize class org.springframework.data.redis.test.util.MinimumRedisVersionRule
	at org.springframework.data.redis.support.collections.RedisMapTests.<init>(RedisMapTests.java:57)
]]></error>
  </testcase>
  <testcase name="testRemoveNullValue[18]" classname="org.springframework.data.redis.support.collections.RedisMapTests" time="0">
    <error message="Could not initialize class org.springframework.data.redis.test.util.MinimumRedisVersionRule" type="java.lang.NoClassDefFoundError"><![CDATA[java.lang.NoClassDefFoundError: Could not initialize class org.springframework.data.redis.test.util.MinimumRedisVersionRule
	at org.springframework.data.redis.support.collections.RedisMapTests.<init>(RedisMapTests.java:57)
]]></error>
  </testcase>
  <testcase name="testClear[18]" classname="org.springframework.data.redis.support.collections.RedisMapTests" time="0">
    <error message="Could not initialize class org.springframework.data.redis.test.util.MinimumRedisVersionRule" type="java.lang.NoClassDefFoundError"><![CDATA[java.lang.NoClassDefFoundError: Could not initialize class org.springframework.data.redis.test.util.MinimumRedisVersionRule
	at org.springframework.data.redis.support.collections.RedisMapTests.<init>(RedisMapTests.java:57)
]]></error>
  </testcase>
  <testcase name="testSize[18]" classname="org.springframework.data.redis.support.collections.RedisMapTests" time="0">
    <error message="Could not initialize class org.springframework.data.redis.test.util.MinimumRedisVersionRule" type="java.lang.NoClassDefFoundError"><![CDATA[java.lang.NoClassDefFoundError: Could not initialize class org.springframework.data.redis.test.util.MinimumRedisVersionRule
	at org.springframework.data.redis.support.collections.RedisMapTests.<init>(RedisMapTests.java:57)
]]></error>
  </testcase>
  <testcase name="testReplaceNullOldValue[18]" classname="org.springframework.data.redis.support.collections.RedisMapTests" time="0">
    <error message="Could not initialize class org.springframework.data.redis.test.util.MinimumRedisVersionRule" type="java.lang.NoClassDefFoundError"><![CDATA[java.lang.NoClassDefFoundError: Could not initialize class org.springframework.data.redis.test.util.MinimumRedisVersionRule
	at org.springframework.data.redis.support.collections.RedisMapTests.<init>(RedisMapTests.java:57)
]]></error>
  </testcase>
  <testcase name="testConcurrentReplaceOneArg[18]" classname="org.springframework.data.redis.support.collections.RedisMapTests" time="0">
    <error message="Could not initialize class org.springframework.data.redis.test.util.MinimumRedisVersionRule" type="java.lang.NoClassDefFoundError"><![CDATA[java.lang.NoClassDefFoundError: Could not initialize class org.springframework.data.redis.test.util.MinimumRedisVersionRule
	at org.springframework.data.redis.support.collections.RedisMapTests.<init>(RedisMapTests.java:57)
]]></error>
  </testcase>
  <testcase name="testIncrement[18]" classname="org.springframework.data.redis.support.collections.RedisMapTests" time="0">
    <error message="Could not initialize class org.springframework.data.redis.test.util.MinimumRedisVersionRule" type="java.lang.NoClassDefFoundError"><![CDATA[java.lang.NoClassDefFoundError: Could not initialize class org.springframework.data.redis.test.util.MinimumRedisVersionRule
	at org.springframework.data.redis.support.collections.RedisMapTests.<init>(RedisMapTests.java:57)
]]></error>
  </testcase>
  <testcase name="testIncrementDouble[18]" classname="org.springframework.data.redis.support.collections.RedisMapTests" time="0">
    <error message="Could not initialize class org.springframework.data.redis.test.util.MinimumRedisVersionRule" type="java.lang.NoClassDefFoundError"><![CDATA[java.lang.NoClassDefFoundError: Could not initialize class org.springframework.data.redis.test.util.MinimumRedisVersionRule
	at org.springframework.data.redis.support.collections.RedisMapTests.<init>(RedisMapTests.java:57)
]]></error>
  </testcase>
  <testcase name="testContainsKey[18]" classname="org.springframework.data.redis.support.collections.RedisMapTests" time="0">
    <error message="Could not initialize class org.springframework.data.redis.test.util.MinimumRedisVersionRule" type="java.lang.NoClassDefFoundError"><![CDATA[java.lang.NoClassDefFoundError: Could not initialize class org.springframework.data.redis.test.util.MinimumRedisVersionRule
	at org.springframework.data.redis.support.collections.RedisMapTests.<init>(RedisMapTests.java:57)
]]></error>
  </testcase>
  <testcase name="testScanWorksCorrectly[18]" classname="org.springframework.data.redis.support.collections.RedisMapTests" time="0">
    <error message="Could not initialize class org.springframework.data.redis.test.util.MinimumRedisVersionRule" type="java.lang.NoClassDefFoundError"><![CDATA[java.lang.NoClassDefFoundError: Could not initialize class org.springframework.data.redis.test.util.MinimumRedisVersionRule
	at org.springframework.data.redis.support.collections.RedisMapTests.<init>(RedisMapTests.java:57)
]]></error>
  </testcase>
  <testcase name="testPutIfAbsent[18]" classname="org.springframework.data.redis.support.collections.RedisMapTests" time="0">
    <error message="Could not initialize class org.springframework.data.redis.test.util.MinimumRedisVersionRule" type="java.lang.NoClassDefFoundError"><![CDATA[java.lang.NoClassDefFoundError: Could not initialize class org.springframework.data.redis.test.util.MinimumRedisVersionRule
	at org.springframework.data.redis.support.collections.RedisMapTests.<init>(RedisMapTests.java:57)
]]></error>
  </testcase>
  <testcase name="testContainsValue[18]" classname="org.springframework.data.redis.support.collections.RedisMapTests" time="0">
    <error message="Could not initialize class org.springframework.data.redis.test.util.MinimumRedisVersionRule" type="java.lang.NoClassDefFoundError"><![CDATA[java.lang.NoClassDefFoundError: Could not initialize class org.springframework.data.redis.test.util.MinimumRedisVersionRule
	at org.springframework.data.redis.support.collections.RedisMapTests.<init>(RedisMapTests.java:57)
]]></error>
  </testcase>
  <testcase name="testReplaceNullNewValue[18]" classname="org.springframework.data.redis.support.collections.RedisMapTests" time="0">
    <error message="Could not initialize class org.springframework.data.redis.test.util.MinimumRedisVersionRule" type="java.lang.NoClassDefFoundError"><![CDATA[java.lang.NoClassDefFoundError: Could not initialize class org.springframework.data.redis.test.util.MinimumRedisVersionRule
	at org.springframework.data.redis.support.collections.RedisMapTests.<init>(RedisMapTests.java:57)
]]></error>
  </testcase>
  <testcase name="testHashCode[18]" classname="org.springframework.data.redis.support.collections.RedisMapTests" time="0">
    <error message="Could not initialize class org.springframework.data.redis.test.util.MinimumRedisVersionRule" type="java.lang.NoClassDefFoundError"><![CDATA[java.lang.NoClassDefFoundError: Could not initialize class org.springframework.data.redis.test.util.MinimumRedisVersionRule
	at org.springframework.data.redis.support.collections.RedisMapTests.<init>(RedisMapTests.java:57)
]]></error>
  </testcase>
  <testcase name="testIncrementNotNumber[18]" classname="org.springframework.data.redis.support.collections.RedisMapTests" time="0">
    <error message="Could not initialize class org.springframework.data.redis.test.util.MinimumRedisVersionRule" type="java.lang.NoClassDefFoundError"><![CDATA[java.lang.NoClassDefFoundError: Could not initialize class org.springframework.data.redis.test.util.MinimumRedisVersionRule
	at org.springframework.data.redis.support.collections.RedisMapTests.<init>(RedisMapTests.java:57)
]]></error>
  </testcase>
  <testcase name="testEquals[18]" classname="org.springframework.data.redis.support.collections.RedisMapTests" time="0">
    <error message="Could not initialize class org.springframework.data.redis.test.util.MinimumRedisVersionRule" type="java.lang.NoClassDefFoundError"><![CDATA[java.lang.NoClassDefFoundError: Could not initialize class org.springframework.data.redis.test.util.MinimumRedisVersionRule
	at org.springframework.data.redis.support.collections.RedisMapTests.<init>(RedisMapTests.java:57)
]]></error>
  </testcase>
  <testcase name="testGetKey[18]" classname="org.springframework.data.redis.support.collections.RedisMapTests" time="0">
    <error message="Could not initialize class org.springframework.data.redis.test.util.MinimumRedisVersionRule" type="java.lang.NoClassDefFoundError"><![CDATA[java.lang.NoClassDefFoundError: Could not initialize class org.springframework.data.redis.test.util.MinimumRedisVersionRule
	at org.springframework.data.redis.support.collections.RedisMapTests.<init>(RedisMapTests.java:57)
]]></error>
  </testcase>
  <testcase name="testKeySet[18]" classname="org.springframework.data.redis.support.collections.RedisMapTests" time="0">
    <error message="Could not initialize class org.springframework.data.redis.test.util.MinimumRedisVersionRule" type="java.lang.NoClassDefFoundError"><![CDATA[java.lang.NoClassDefFoundError: Could not initialize class org.springframework.data.redis.test.util.MinimumRedisVersionRule
	at org.springframework.data.redis.support.collections.RedisMapTests.<init>(RedisMapTests.java:57)
]]></error>
  </testcase>
  <testcase name="testNotEquals[18]" classname="org.springframework.data.redis.support.collections.RedisMapTests" time="0">
    <error message="Could not initialize class org.springframework.data.redis.test.util.MinimumRedisVersionRule" type="java.lang.NoClassDefFoundError"><![CDATA[java.lang.NoClassDefFoundError: Could not initialize class org.springframework.data.redis.test.util.MinimumRedisVersionRule
	at org.springframework.data.redis.support.collections.RedisMapTests.<init>(RedisMapTests.java:57)
]]></error>
  </testcase>
  <testcase name="testGetOperations[18]" classname="org.springframework.data.redis.support.collections.RedisMapTests" time="0">
    <error message="Could not initialize class org.springframework.data.redis.test.util.MinimumRedisVersionRule" type="java.lang.NoClassDefFoundError"><![CDATA[java.lang.NoClassDefFoundError: Could not initialize class org.springframework.data.redis.test.util.MinimumRedisVersionRule
	at org.springframework.data.redis.support.collections.RedisMapTests.<init>(RedisMapTests.java:57)
]]></error>
  </testcase>
  <testcase name="testPutAll[18]" classname="org.springframework.data.redis.support.collections.RedisMapTests" time="0">
    <error message="Could not initialize class org.springframework.data.redis.test.util.MinimumRedisVersionRule" type="java.lang.NoClassDefFoundError"><![CDATA[java.lang.NoClassDefFoundError: Could not initialize class org.springframework.data.redis.test.util.MinimumRedisVersionRule
	at org.springframework.data.redis.support.collections.RedisMapTests.<init>(RedisMapTests.java:57)
]]></error>
  </testcase>
  <testcase name="testIsEmpty[18]" classname="org.springframework.data.redis.support.collections.RedisMapTests" time="0">
    <error message="Could not initialize class org.springframework.data.redis.test.util.MinimumRedisVersionRule" type="java.lang.NoClassDefFoundError"><![CDATA[java.lang.NoClassDefFoundError: Could not initialize class org.springframework.data.redis.test.util.MinimumRedisVersionRule
	at org.springframework.data.redis.support.collections.RedisMapTests.<init>(RedisMapTests.java:57)
]]></error>
  </testcase>
  <testcase name="testRemove[18]" classname="org.springframework.data.redis.support.collections.RedisMapTests" time="0">
    <error message="Could not initialize class org.springframework.data.redis.test.util.MinimumRedisVersionRule" type="java.lang.NoClassDefFoundError"><![CDATA[java.lang.NoClassDefFoundError: Could not initialize class org.springframework.data.redis.test.util.MinimumRedisVersionRule
	at org.springframework.data.redis.support.collections.RedisMapTests.<init>(RedisMapTests.java:57)
]]></error>
  </testcase>
  <testcase name="testConcurrentReplaceTwoArgs[18]" classname="org.springframework.data.redis.support.collections.RedisMapTests" time="0">
    <error message="Could not initialize class org.springframework.data.redis.test.util.MinimumRedisVersionRule" type="java.lang.NoClassDefFoundError"><![CDATA[java.lang.NoClassDefFoundError: Could not initialize class org.springframework.data.redis.test.util.MinimumRedisVersionRule
	at org.springframework.data.redis.support.collections.RedisMapTests.<init>(RedisMapTests.java:57)
]]></error>
  </testcase>
  <testcase name="testValues[18]" classname="org.springframework.data.redis.support.collections.RedisMapTests" time="0">
    <error message="Could not initialize class org.springframework.data.redis.test.util.MinimumRedisVersionRule" type="java.lang.NoClassDefFoundError"><![CDATA[java.lang.NoClassDefFoundError: Could not initialize class org.springframework.data.redis.test.util.MinimumRedisVersionRule
	at org.springframework.data.redis.support.collections.RedisMapTests.<init>(RedisMapTests.java:57)
]]></error>
  </testcase>
  <testcase name="testConcurrentRemove[19]" classname="org.springframework.data.redis.support.collections.RedisMapTests" time="0">
    <error message="Could not initialize class org.springframework.data.redis.test.util.MinimumRedisVersionRule" type="java.lang.NoClassDefFoundError"><![CDATA[java.lang.NoClassDefFoundError: Could not initialize class org.springframework.data.redis.test.util.MinimumRedisVersionRule
	at org.springframework.data.redis.support.collections.RedisMapTests.<init>(RedisMapTests.java:57)
]]></error>
  </testcase>
  <testcase name="testGet[19]" classname="org.springframework.data.redis.support.collections.RedisMapTests" time="0">
    <error message="Could not initialize class org.springframework.data.redis.test.util.MinimumRedisVersionRule" type="java.lang.NoClassDefFoundError"><![CDATA[java.lang.NoClassDefFoundError: Could not initialize class org.springframework.data.redis.test.util.MinimumRedisVersionRule
	at org.springframework.data.redis.support.collections.RedisMapTests.<init>(RedisMapTests.java:57)
]]></error>
  </testcase>
  <testcase name="testPut[19]" classname="org.springframework.data.redis.support.collections.RedisMapTests" time="0">
    <error message="Could not initialize class org.springframework.data.redis.test.util.MinimumRedisVersionRule" type="java.lang.NoClassDefFoundError"><![CDATA[java.lang.NoClassDefFoundError: Could not initialize class org.springframework.data.redis.test.util.MinimumRedisVersionRule
	at org.springframework.data.redis.support.collections.RedisMapTests.<init>(RedisMapTests.java:57)
]]></error>
  </testcase>
  <testcase name="testReplaceNullValue[19]" classname="org.springframework.data.redis.support.collections.RedisMapTests" time="0">
    <error message="Could not initialize class org.springframework.data.redis.test.util.MinimumRedisVersionRule" type="java.lang.NoClassDefFoundError"><![CDATA[java.lang.NoClassDefFoundError: Could not initialize class org.springframework.data.redis.test.util.MinimumRedisVersionRule
	at org.springframework.data.redis.support.collections.RedisMapTests.<init>(RedisMapTests.java:57)
]]></error>
  </testcase>
  <testcase name="testEntrySet[19]" classname="org.springframework.data.redis.support.collections.RedisMapTests" time="0">
    <error message="Could not initialize class org.springframework.data.redis.test.util.MinimumRedisVersionRule" type="java.lang.NoClassDefFoundError"><![CDATA[java.lang.NoClassDefFoundError: Could not initialize class org.springframework.data.redis.test.util.MinimumRedisVersionRule
	at org.springframework.data.redis.support.collections.RedisMapTests.<init>(RedisMapTests.java:57)
]]></error>
  </testcase>
  <testcase name="testRemoveNullValue[19]" classname="org.springframework.data.redis.support.collections.RedisMapTests" time="0">
    <error message="Could not initialize class org.springframework.data.redis.test.util.MinimumRedisVersionRule" type="java.lang.NoClassDefFoundError"><![CDATA[java.lang.NoClassDefFoundError: Could not initialize class org.springframework.data.redis.test.util.MinimumRedisVersionRule
	at org.springframework.data.redis.support.collections.RedisMapTests.<init>(RedisMapTests.java:57)
]]></error>
  </testcase>
  <testcase name="testClear[19]" classname="org.springframework.data.redis.support.collections.RedisMapTests" time="0">
    <error message="Could not initialize class org.springframework.data.redis.test.util.MinimumRedisVersionRule" type="java.lang.NoClassDefFoundError"><![CDATA[java.lang.NoClassDefFoundError: Could not initialize class org.springframework.data.redis.test.util.MinimumRedisVersionRule
	at org.springframework.data.redis.support.collections.RedisMapTests.<init>(RedisMapTests.java:57)
]]></error>
  </testcase>
  <testcase name="testSize[19]" classname="org.springframework.data.redis.support.collections.RedisMapTests" time="0.001">
    <error message="Could not initialize class org.springframework.data.redis.test.util.MinimumRedisVersionRule" type="java.lang.NoClassDefFoundError"><![CDATA[java.lang.NoClassDefFoundError: Could not initialize class org.springframework.data.redis.test.util.MinimumRedisVersionRule
	at org.springframework.data.redis.support.collections.RedisMapTests.<init>(RedisMapTests.java:57)
]]></error>
  </testcase>
  <testcase name="testReplaceNullOldValue[19]" classname="org.springframework.data.redis.support.collections.RedisMapTests" time="0">
    <error message="Could not initialize class org.springframework.data.redis.test.util.MinimumRedisVersionRule" type="java.lang.NoClassDefFoundError"><![CDATA[java.lang.NoClassDefFoundError: Could not initialize class org.springframework.data.redis.test.util.MinimumRedisVersionRule
	at org.springframework.data.redis.support.collections.RedisMapTests.<init>(RedisMapTests.java:57)
]]></error>
  </testcase>
  <testcase name="testConcurrentReplaceOneArg[19]" classname="org.springframework.data.redis.support.collections.RedisMapTests" time="0">
    <error message="Could not initialize class org.springframework.data.redis.test.util.MinimumRedisVersionRule" type="java.lang.NoClassDefFoundError"><![CDATA[java.lang.NoClassDefFoundError: Could not initialize class org.springframework.data.redis.test.util.MinimumRedisVersionRule
	at org.springframework.data.redis.support.collections.RedisMapTests.<init>(RedisMapTests.java:57)
]]></error>
  </testcase>
  <testcase name="testIncrement[19]" classname="org.springframework.data.redis.support.collections.RedisMapTests" time="0">
    <error message="Could not initialize class org.springframework.data.redis.test.util.MinimumRedisVersionRule" type="java.lang.NoClassDefFoundError"><![CDATA[java.lang.NoClassDefFoundError: Could not initialize class org.springframework.data.redis.test.util.MinimumRedisVersionRule
	at org.springframework.data.redis.support.collections.RedisMapTests.<init>(RedisMapTests.java:57)
]]></error>
  </testcase>
  <testcase name="testIncrementDouble[19]" classname="org.springframework.data.redis.support.collections.RedisMapTests" time="0">
    <error message="Could not initialize class org.springframework.data.redis.test.util.MinimumRedisVersionRule" type="java.lang.NoClassDefFoundError"><![CDATA[java.lang.NoClassDefFoundError: Could not initialize class org.springframework.data.redis.test.util.MinimumRedisVersionRule
	at org.springframework.data.redis.support.collections.RedisMapTests.<init>(RedisMapTests.java:57)
]]></error>
  </testcase>
  <testcase name="testContainsKey[19]" classname="org.springframework.data.redis.support.collections.RedisMapTests" time="0">
    <error message="Could not initialize class org.springframework.data.redis.test.util.MinimumRedisVersionRule" type="java.lang.NoClassDefFoundError"><![CDATA[java.lang.NoClassDefFoundError: Could not initialize class org.springframework.data.redis.test.util.MinimumRedisVersionRule
	at org.springframework.data.redis.support.collections.RedisMapTests.<init>(RedisMapTests.java:57)
]]></error>
  </testcase>
  <testcase name="testScanWorksCorrectly[19]" classname="org.springframework.data.redis.support.collections.RedisMapTests" time="0">
    <error message="Could not initialize class org.springframework.data.redis.test.util.MinimumRedisVersionRule" type="java.lang.NoClassDefFoundError"><![CDATA[java.lang.NoClassDefFoundError: Could not initialize class org.springframework.data.redis.test.util.MinimumRedisVersionRule
	at org.springframework.data.redis.support.collections.RedisMapTests.<init>(RedisMapTests.java:57)
]]></error>
  </testcase>
  <testcase name="testPutIfAbsent[19]" classname="org.springframework.data.redis.support.collections.RedisMapTests" time="0">
    <error message="Could not initialize class org.springframework.data.redis.test.util.MinimumRedisVersionRule" type="java.lang.NoClassDefFoundError"><![CDATA[java.lang.NoClassDefFoundError: Could not initialize class org.springframework.data.redis.test.util.MinimumRedisVersionRule
	at org.springframework.data.redis.support.collections.RedisMapTests.<init>(RedisMapTests.java:57)
]]></error>
  </testcase>
  <testcase name="testContainsValue[19]" classname="org.springframework.data.redis.support.collections.RedisMapTests" time="0">
    <error message="Could not initialize class org.springframework.data.redis.test.util.MinimumRedisVersionRule" type="java.lang.NoClassDefFoundError"><![CDATA[java.lang.NoClassDefFoundError: Could not initialize class org.springframework.data.redis.test.util.MinimumRedisVersionRule
	at org.springframework.data.redis.support.collections.RedisMapTests.<init>(RedisMapTests.java:57)
]]></error>
  </testcase>
  <testcase name="testReplaceNullNewValue[19]" classname="org.springframework.data.redis.support.collections.RedisMapTests" time="0">
    <error message="Could not initialize class org.springframework.data.redis.test.util.MinimumRedisVersionRule" type="java.lang.NoClassDefFoundError"><![CDATA[java.lang.NoClassDefFoundError: Could not initialize class org.springframework.data.redis.test.util.MinimumRedisVersionRule
	at org.springframework.data.redis.support.collections.RedisMapTests.<init>(RedisMapTests.java:57)
]]></error>
  </testcase>
  <testcase name="testHashCode[19]" classname="org.springframework.data.redis.support.collections.RedisMapTests" time="0">
    <error message="Could not initialize class org.springframework.data.redis.test.util.MinimumRedisVersionRule" type="java.lang.NoClassDefFoundError"><![CDATA[java.lang.NoClassDefFoundError: Could not initialize class org.springframework.data.redis.test.util.MinimumRedisVersionRule
	at org.springframework.data.redis.support.collections.RedisMapTests.<init>(RedisMapTests.java:57)
]]></error>
  </testcase>
  <testcase name="testIncrementNotNumber[19]" classname="org.springframework.data.redis.support.collections.RedisMapTests" time="0">
    <error message="Could not initialize class org.springframework.data.redis.test.util.MinimumRedisVersionRule" type="java.lang.NoClassDefFoundError"><![CDATA[java.lang.NoClassDefFoundError: Could not initialize class org.springframework.data.redis.test.util.MinimumRedisVersionRule
	at org.springframework.data.redis.support.collections.RedisMapTests.<init>(RedisMapTests.java:57)
]]></error>
  </testcase>
  <testcase name="testEquals[19]" classname="org.springframework.data.redis.support.collections.RedisMapTests" time="0">
    <error message="Could not initialize class org.springframework.data.redis.test.util.MinimumRedisVersionRule" type="java.lang.NoClassDefFoundError"><![CDATA[java.lang.NoClassDefFoundError: Could not initialize class org.springframework.data.redis.test.util.MinimumRedisVersionRule
	at org.springframework.data.redis.support.collections.RedisMapTests.<init>(RedisMapTests.java:57)
]]></error>
  </testcase>
  <testcase name="testGetKey[19]" classname="org.springframework.data.redis.support.collections.RedisMapTests" time="0">
    <error message="Could not initialize class org.springframework.data.redis.test.util.MinimumRedisVersionRule" type="java.lang.NoClassDefFoundError"><![CDATA[java.lang.NoClassDefFoundError: Could not initialize class org.springframework.data.redis.test.util.MinimumRedisVersionRule
	at org.springframework.data.redis.support.collections.RedisMapTests.<init>(RedisMapTests.java:57)
]]></error>
  </testcase>
  <testcase name="testKeySet[19]" classname="org.springframework.data.redis.support.collections.RedisMapTests" time="0">
    <error message="Could not initialize class org.springframework.data.redis.test.util.MinimumRedisVersionRule" type="java.lang.NoClassDefFoundError"><![CDATA[java.lang.NoClassDefFoundError: Could not initialize class org.springframework.data.redis.test.util.MinimumRedisVersionRule
	at org.springframework.data.redis.support.collections.RedisMapTests.<init>(RedisMapTests.java:57)
]]></error>
  </testcase>
  <testcase name="testNotEquals[19]" classname="org.springframework.data.redis.support.collections.RedisMapTests" time="0">
    <error message="Could not initialize class org.springframework.data.redis.test.util.MinimumRedisVersionRule" type="java.lang.NoClassDefFoundError"><![CDATA[java.lang.NoClassDefFoundError: Could not initialize class org.springframework.data.redis.test.util.MinimumRedisVersionRule
	at org.springframework.data.redis.support.collections.RedisMapTests.<init>(RedisMapTests.java:57)
]]></error>
  </testcase>
  <testcase name="testGetOperations[19]" classname="org.springframework.data.redis.support.collections.RedisMapTests" time="0.001">
    <error message="Could not initialize class org.springframework.data.redis.test.util.MinimumRedisVersionRule" type="java.lang.NoClassDefFoundError"><![CDATA[java.lang.NoClassDefFoundError: Could not initialize class org.springframework.data.redis.test.util.MinimumRedisVersionRule
	at org.springframework.data.redis.support.collections.RedisMapTests.<init>(RedisMapTests.java:57)
]]></error>
  </testcase>
  <testcase name="testPutAll[19]" classname="org.springframework.data.redis.support.collections.RedisMapTests" time="0">
    <error message="Could not initialize class org.springframework.data.redis.test.util.MinimumRedisVersionRule" type="java.lang.NoClassDefFoundError"><![CDATA[java.lang.NoClassDefFoundError: Could not initialize class org.springframework.data.redis.test.util.MinimumRedisVersionRule
	at org.springframework.data.redis.support.collections.RedisMapTests.<init>(RedisMapTests.java:57)
]]></error>
  </testcase>
  <testcase name="testIsEmpty[19]" classname="org.springframework.data.redis.support.collections.RedisMapTests" time="0">
    <error message="Could not initialize class org.springframework.data.redis.test.util.MinimumRedisVersionRule" type="java.lang.NoClassDefFoundError"><![CDATA[java.lang.NoClassDefFoundError: Could not initialize class org.springframework.data.redis.test.util.MinimumRedisVersionRule
	at org.springframework.data.redis.support.collections.RedisMapTests.<init>(RedisMapTests.java:57)
]]></error>
  </testcase>
  <testcase name="testRemove[19]" classname="org.springframework.data.redis.support.collections.RedisMapTests" time="0">
    <error message="Could not initialize class org.springframework.data.redis.test.util.MinimumRedisVersionRule" type="java.lang.NoClassDefFoundError"><![CDATA[java.lang.NoClassDefFoundError: Could not initialize class org.springframework.data.redis.test.util.MinimumRedisVersionRule
	at org.springframework.data.redis.support.collections.RedisMapTests.<init>(RedisMapTests.java:57)
]]></error>
  </testcase>
  <testcase name="testConcurrentReplaceTwoArgs[19]" classname="org.springframework.data.redis.support.collections.RedisMapTests" time="0">
    <error message="Could not initialize class org.springframework.data.redis.test.util.MinimumRedisVersionRule" type="java.lang.NoClassDefFoundError"><![CDATA[java.lang.NoClassDefFoundError: Could not initialize class org.springframework.data.redis.test.util.MinimumRedisVersionRule
	at org.springframework.data.redis.support.collections.RedisMapTests.<init>(RedisMapTests.java:57)
]]></error>
  </testcase>
  <testcase name="testValues[19]" classname="org.springframework.data.redis.support.collections.RedisMapTests" time="0">
    <error message="Could not initialize class org.springframework.data.redis.test.util.MinimumRedisVersionRule" type="java.lang.NoClassDefFoundError"><![CDATA[java.lang.NoClassDefFoundError: Could not initialize class org.springframework.data.redis.test.util.MinimumRedisVersionRule
	at org.springframework.data.redis.support.collections.RedisMapTests.<init>(RedisMapTests.java:57)
]]></error>
  </testcase>
  <testcase name="testConcurrentRemove[20]" classname="org.springframework.data.redis.support.collections.RedisMapTests" time="0">
    <error message="Could not initialize class org.springframework.data.redis.test.util.MinimumRedisVersionRule" type="java.lang.NoClassDefFoundError"><![CDATA[java.lang.NoClassDefFoundError: Could not initialize class org.springframework.data.redis.test.util.MinimumRedisVersionRule
	at org.springframework.data.redis.support.collections.RedisMapTests.<init>(RedisMapTests.java:57)
]]></error>
  </testcase>
  <testcase name="testGet[20]" classname="org.springframework.data.redis.support.collections.RedisMapTests" time="0">
    <error message="Could not initialize class org.springframework.data.redis.test.util.MinimumRedisVersionRule" type="java.lang.NoClassDefFoundError"><![CDATA[java.lang.NoClassDefFoundError: Could not initialize class org.springframework.data.redis.test.util.MinimumRedisVersionRule
	at org.springframework.data.redis.support.collections.RedisMapTests.<init>(RedisMapTests.java:57)
]]></error>
  </testcase>
  <testcase name="testPut[20]" classname="org.springframework.data.redis.support.collections.RedisMapTests" time="0">
    <error message="Could not initialize class org.springframework.data.redis.test.util.MinimumRedisVersionRule" type="java.lang.NoClassDefFoundError"><![CDATA[java.lang.NoClassDefFoundError: Could not initialize class org.springframework.data.redis.test.util.MinimumRedisVersionRule
	at org.springframework.data.redis.support.collections.RedisMapTests.<init>(RedisMapTests.java:57)
]]></error>
  </testcase>
  <testcase name="testReplaceNullValue[20]" classname="org.springframework.data.redis.support.collections.RedisMapTests" time="0">
    <error message="Could not initialize class org.springframework.data.redis.test.util.MinimumRedisVersionRule" type="java.lang.NoClassDefFoundError"><![CDATA[java.lang.NoClassDefFoundError: Could not initialize class org.springframework.data.redis.test.util.MinimumRedisVersionRule
	at org.springframework.data.redis.support.collections.RedisMapTests.<init>(RedisMapTests.java:57)
]]></error>
  </testcase>
  <testcase name="testEntrySet[20]" classname="org.springframework.data.redis.support.collections.RedisMapTests" time="0">
    <error message="Could not initialize class org.springframework.data.redis.test.util.MinimumRedisVersionRule" type="java.lang.NoClassDefFoundError"><![CDATA[java.lang.NoClassDefFoundError: Could not initialize class org.springframework.data.redis.test.util.MinimumRedisVersionRule
	at org.springframework.data.redis.support.collections.RedisMapTests.<init>(RedisMapTests.java:57)
]]></error>
  </testcase>
  <testcase name="testRemoveNullValue[20]" classname="org.springframework.data.redis.support.collections.RedisMapTests" time="0">
    <error message="Could not initialize class org.springframework.data.redis.test.util.MinimumRedisVersionRule" type="java.lang.NoClassDefFoundError"><![CDATA[java.lang.NoClassDefFoundError: Could not initialize class org.springframework.data.redis.test.util.MinimumRedisVersionRule
	at org.springframework.data.redis.support.collections.RedisMapTests.<init>(RedisMapTests.java:57)
]]></error>
  </testcase>
  <testcase name="testClear[20]" classname="org.springframework.data.redis.support.collections.RedisMapTests" time="0">
    <error message="Could not initialize class org.springframework.data.redis.test.util.MinimumRedisVersionRule" type="java.lang.NoClassDefFoundError"><![CDATA[java.lang.NoClassDefFoundError: Could not initialize class org.springframework.data.redis.test.util.MinimumRedisVersionRule
	at org.springframework.data.redis.support.collections.RedisMapTests.<init>(RedisMapTests.java:57)
]]></error>
  </testcase>
  <testcase name="testSize[20]" classname="org.springframework.data.redis.support.collections.RedisMapTests" time="0">
    <error message="Could not initialize class org.springframework.data.redis.test.util.MinimumRedisVersionRule" type="java.lang.NoClassDefFoundError"><![CDATA[java.lang.NoClassDefFoundError: Could not initialize class org.springframework.data.redis.test.util.MinimumRedisVersionRule
	at org.springframework.data.redis.support.collections.RedisMapTests.<init>(RedisMapTests.java:57)
]]></error>
  </testcase>
  <testcase name="testReplaceNullOldValue[20]" classname="org.springframework.data.redis.support.collections.RedisMapTests" time="0">
    <error message="Could not initialize class org.springframework.data.redis.test.util.MinimumRedisVersionRule" type="java.lang.NoClassDefFoundError"><![CDATA[java.lang.NoClassDefFoundError: Could not initialize class org.springframework.data.redis.test.util.MinimumRedisVersionRule
	at org.springframework.data.redis.support.collections.RedisMapTests.<init>(RedisMapTests.java:57)
]]></error>
  </testcase>
  <testcase name="testConcurrentReplaceOneArg[20]" classname="org.springframework.data.redis.support.collections.RedisMapTests" time="0">
    <error message="Could not initialize class org.springframework.data.redis.test.util.MinimumRedisVersionRule" type="java.lang.NoClassDefFoundError"><![CDATA[java.lang.NoClassDefFoundError: Could not initialize class org.springframework.data.redis.test.util.MinimumRedisVersionRule
	at org.springframework.data.redis.support.collections.RedisMapTests.<init>(RedisMapTests.java:57)
]]></error>
  </testcase>
  <testcase name="testIncrement[20]" classname="org.springframework.data.redis.support.collections.RedisMapTests" time="0">
    <error message="Could not initialize class org.springframework.data.redis.test.util.MinimumRedisVersionRule" type="java.lang.NoClassDefFoundError"><![CDATA[java.lang.NoClassDefFoundError: Could not initialize class org.springframework.data.redis.test.util.MinimumRedisVersionRule
	at org.springframework.data.redis.support.collections.RedisMapTests.<init>(RedisMapTests.java:57)
]]></error>
  </testcase>
  <testcase name="testIncrementDouble[20]" classname="org.springframework.data.redis.support.collections.RedisMapTests" time="0.001">
    <error message="Could not initialize class org.springframework.data.redis.test.util.MinimumRedisVersionRule" type="java.lang.NoClassDefFoundError"><![CDATA[java.lang.NoClassDefFoundError: Could not initialize class org.springframework.data.redis.test.util.MinimumRedisVersionRule
	at org.springframework.data.redis.support.collections.RedisMapTests.<init>(RedisMapTests.java:57)
]]></error>
  </testcase>
  <testcase name="testContainsKey[20]" classname="org.springframework.data.redis.support.collections.RedisMapTests" time="0">
    <error message="Could not initialize class org.springframework.data.redis.test.util.MinimumRedisVersionRule" type="java.lang.NoClassDefFoundError"><![CDATA[java.lang.NoClassDefFoundError: Could not initialize class org.springframework.data.redis.test.util.MinimumRedisVersionRule
	at org.springframework.data.redis.support.collections.RedisMapTests.<init>(RedisMapTests.java:57)
]]></error>
  </testcase>
  <testcase name="testScanWorksCorrectly[20]" classname="org.springframework.data.redis.support.collections.RedisMapTests" time="0">
    <error message="Could not initialize class org.springframework.data.redis.test.util.MinimumRedisVersionRule" type="java.lang.NoClassDefFoundError"><![CDATA[java.lang.NoClassDefFoundError: Could not initialize class org.springframework.data.redis.test.util.MinimumRedisVersionRule
	at org.springframework.data.redis.support.collections.RedisMapTests.<init>(RedisMapTests.java:57)
]]></error>
  </testcase>
  <testcase name="testPutIfAbsent[20]" classname="org.springframework.data.redis.support.collections.RedisMapTests" time="0">
    <error message="Could not initialize class org.springframework.data.redis.test.util.MinimumRedisVersionRule" type="java.lang.NoClassDefFoundError"><![CDATA[java.lang.NoClassDefFoundError: Could not initialize class org.springframework.data.redis.test.util.MinimumRedisVersionRule
	at org.springframework.data.redis.support.collections.RedisMapTests.<init>(RedisMapTests.java:57)
]]></error>
  </testcase>
  <testcase name="testContainsValue[20]" classname="org.springframework.data.redis.support.collections.RedisMapTests" time="0">
    <error message="Could not initialize class org.springframework.data.redis.test.util.MinimumRedisVersionRule" type="java.lang.NoClassDefFoundError"><![CDATA[java.lang.NoClassDefFoundError: Could not initialize class org.springframework.data.redis.test.util.MinimumRedisVersionRule
	at org.springframework.data.redis.support.collections.RedisMapTests.<init>(RedisMapTests.java:57)
]]></error>
  </testcase>
  <testcase name="testReplaceNullNewValue[20]" classname="org.springframework.data.redis.support.collections.RedisMapTests" time="0">
    <error message="Could not initialize class org.springframework.data.redis.test.util.MinimumRedisVersionRule" type="java.lang.NoClassDefFoundError"><![CDATA[java.lang.NoClassDefFoundError: Could not initialize class org.springframework.data.redis.test.util.MinimumRedisVersionRule
	at org.springframework.data.redis.support.collections.RedisMapTests.<init>(RedisMapTests.java:57)
]]></error>
  </testcase>
  <testcase name="testHashCode[20]" classname="org.springframework.data.redis.support.collections.RedisMapTests" time="0">
    <error message="Could not initialize class org.springframework.data.redis.test.util.MinimumRedisVersionRule" type="java.lang.NoClassDefFoundError"><![CDATA[java.lang.NoClassDefFoundError: Could not initialize class org.springframework.data.redis.test.util.MinimumRedisVersionRule
	at org.springframework.data.redis.support.collections.RedisMapTests.<init>(RedisMapTests.java:57)
]]></error>
  </testcase>
  <testcase name="testIncrementNotNumber[20]" classname="org.springframework.data.redis.support.collections.RedisMapTests" time="0">
    <error message="Could not initialize class org.springframework.data.redis.test.util.MinimumRedisVersionRule" type="java.lang.NoClassDefFoundError"><![CDATA[java.lang.NoClassDefFoundError: Could not initialize class org.springframework.data.redis.test.util.MinimumRedisVersionRule
	at org.springframework.data.redis.support.collections.RedisMapTests.<init>(RedisMapTests.java:57)
]]></error>
  </testcase>
  <testcase name="testEquals[20]" classname="org.springframework.data.redis.support.collections.RedisMapTests" time="0">
    <error message="Could not initialize class org.springframework.data.redis.test.util.MinimumRedisVersionRule" type="java.lang.NoClassDefFoundError"><![CDATA[java.lang.NoClassDefFoundError: Could not initialize class org.springframework.data.redis.test.util.MinimumRedisVersionRule
	at org.springframework.data.redis.support.collections.RedisMapTests.<init>(RedisMapTests.java:57)
]]></error>
  </testcase>
  <testcase name="testGetKey[20]" classname="org.springframework.data.redis.support.collections.RedisMapTests" time="0.001">
    <error message="Could not initialize class org.springframework.data.redis.test.util.MinimumRedisVersionRule" type="java.lang.NoClassDefFoundError"><![CDATA[java.lang.NoClassDefFoundError: Could not initialize class org.springframework.data.redis.test.util.MinimumRedisVersionRule
	at org.springframework.data.redis.support.collections.RedisMapTests.<init>(RedisMapTests.java:57)
]]></error>
  </testcase>
  <testcase name="testKeySet[20]" classname="org.springframework.data.redis.support.collections.RedisMapTests" time="0">
    <error message="Could not initialize class org.springframework.data.redis.test.util.MinimumRedisVersionRule" type="java.lang.NoClassDefFoundError"><![CDATA[java.lang.NoClassDefFoundError: Could not initialize class org.springframework.data.redis.test.util.MinimumRedisVersionRule
	at org.springframework.data.redis.support.collections.RedisMapTests.<init>(RedisMapTests.java:57)
]]></error>
  </testcase>
  <testcase name="testNotEquals[20]" classname="org.springframework.data.redis.support.collections.RedisMapTests" time="0">
    <error message="Could not initialize class org.springframework.data.redis.test.util.MinimumRedisVersionRule" type="java.lang.NoClassDefFoundError"><![CDATA[java.lang.NoClassDefFoundError: Could not initialize class org.springframework.data.redis.test.util.MinimumRedisVersionRule
	at org.springframework.data.redis.support.collections.RedisMapTests.<init>(RedisMapTests.java:57)
]]></error>
  </testcase>
  <testcase name="testGetOperations[20]" classname="org.springframework.data.redis.support.collections.RedisMapTests" time="0">
    <error message="Could not initialize class org.springframework.data.redis.test.util.MinimumRedisVersionRule" type="java.lang.NoClassDefFoundError"><![CDATA[java.lang.NoClassDefFoundError: Could not initialize class org.springframework.data.redis.test.util.MinimumRedisVersionRule
	at org.springframework.data.redis.support.collections.RedisMapTests.<init>(RedisMapTests.java:57)
]]></error>
  </testcase>
  <testcase name="testPutAll[20]" classname="org.springframework.data.redis.support.collections.RedisMapTests" time="0">
    <error message="Could not initialize class org.springframework.data.redis.test.util.MinimumRedisVersionRule" type="java.lang.NoClassDefFoundError"><![CDATA[java.lang.NoClassDefFoundError: Could not initialize class org.springframework.data.redis.test.util.MinimumRedisVersionRule
	at org.springframework.data.redis.support.collections.RedisMapTests.<init>(RedisMapTests.java:57)
]]></error>
  </testcase>
  <testcase name="testIsEmpty[20]" classname="org.springframework.data.redis.support.collections.RedisMapTests" time="0">
    <error message="Could not initialize class org.springframework.data.redis.test.util.MinimumRedisVersionRule" type="java.lang.NoClassDefFoundError"><![CDATA[java.lang.NoClassDefFoundError: Could not initialize class org.springframework.data.redis.test.util.MinimumRedisVersionRule
	at org.springframework.data.redis.support.collections.RedisMapTests.<init>(RedisMapTests.java:57)
]]></error>
  </testcase>
  <testcase name="testRemove[20]" classname="org.springframework.data.redis.support.collections.RedisMapTests" time="0">
    <error message="Could not initialize class org.springframework.data.redis.test.util.MinimumRedisVersionRule" type="java.lang.NoClassDefFoundError"><![CDATA[java.lang.NoClassDefFoundError: Could not initialize class org.springframework.data.redis.test.util.MinimumRedisVersionRule
	at org.springframework.data.redis.support.collections.RedisMapTests.<init>(RedisMapTests.java:57)
]]></error>
  </testcase>
  <testcase name="testConcurrentReplaceTwoArgs[20]" classname="org.springframework.data.redis.support.collections.RedisMapTests" time="0">
    <error message="Could not initialize class org.springframework.data.redis.test.util.MinimumRedisVersionRule" type="java.lang.NoClassDefFoundError"><![CDATA[java.lang.NoClassDefFoundError: Could not initialize class org.springframework.data.redis.test.util.MinimumRedisVersionRule
	at org.springframework.data.redis.support.collections.RedisMapTests.<init>(RedisMapTests.java:57)
]]></error>
  </testcase>
  <testcase name="testValues[20]" classname="org.springframework.data.redis.support.collections.RedisMapTests" time="0">
    <error message="Could not initialize class org.springframework.data.redis.test.util.MinimumRedisVersionRule" type="java.lang.NoClassDefFoundError"><![CDATA[java.lang.NoClassDefFoundError: Could not initialize class org.springframework.data.redis.test.util.MinimumRedisVersionRule
	at org.springframework.data.redis.support.collections.RedisMapTests.<init>(RedisMapTests.java:57)
]]></error>
  </testcase>
  <testcase name="testConcurrentRemove[21]" classname="org.springframework.data.redis.support.collections.RedisMapTests" time="0.001">
    <error message="Could not initialize class org.springframework.data.redis.test.util.MinimumRedisVersionRule" type="java.lang.NoClassDefFoundError"><![CDATA[java.lang.NoClassDefFoundError: Could not initialize class org.springframework.data.redis.test.util.MinimumRedisVersionRule
	at org.springframework.data.redis.support.collections.RedisMapTests.<init>(RedisMapTests.java:57)
]]></error>
  </testcase>
  <testcase name="testGet[21]" classname="org.springframework.data.redis.support.collections.RedisMapTests" time="0">
    <error message="Could not initialize class org.springframework.data.redis.test.util.MinimumRedisVersionRule" type="java.lang.NoClassDefFoundError"><![CDATA[java.lang.NoClassDefFoundError: Could not initialize class org.springframework.data.redis.test.util.MinimumRedisVersionRule
	at org.springframework.data.redis.support.collections.RedisMapTests.<init>(RedisMapTests.java:57)
]]></error>
  </testcase>
  <testcase name="testPut[21]" classname="org.springframework.data.redis.support.collections.RedisMapTests" time="0">
    <error message="Could not initialize class org.springframework.data.redis.test.util.MinimumRedisVersionRule" type="java.lang.NoClassDefFoundError"><![CDATA[java.lang.NoClassDefFoundError: Could not initialize class org.springframework.data.redis.test.util.MinimumRedisVersionRule
	at org.springframework.data.redis.support.collections.RedisMapTests.<init>(RedisMapTests.java:57)
]]></error>
  </testcase>
  <testcase name="testReplaceNullValue[21]" classname="org.springframework.data.redis.support.collections.RedisMapTests" time="0">
    <error message="Could not initialize class org.springframework.data.redis.test.util.MinimumRedisVersionRule" type="java.lang.NoClassDefFoundError"><![CDATA[java.lang.NoClassDefFoundError: Could not initialize class org.springframework.data.redis.test.util.MinimumRedisVersionRule
	at org.springframework.data.redis.support.collections.RedisMapTests.<init>(RedisMapTests.java:57)
]]></error>
  </testcase>
  <testcase name="testEntrySet[21]" classname="org.springframework.data.redis.support.collections.RedisMapTests" time="0">
    <error message="Could not initialize class org.springframework.data.redis.test.util.MinimumRedisVersionRule" type="java.lang.NoClassDefFoundError"><![CDATA[java.lang.NoClassDefFoundError: Could not initialize class org.springframework.data.redis.test.util.MinimumRedisVersionRule
	at org.springframework.data.redis.support.collections.RedisMapTests.<init>(RedisMapTests.java:57)
]]></error>
  </testcase>
  <testcase name="testRemoveNullValue[21]" classname="org.springframework.data.redis.support.collections.RedisMapTests" time="0">
    <error message="Could not initialize class org.springframework.data.redis.test.util.MinimumRedisVersionRule" type="java.lang.NoClassDefFoundError"><![CDATA[java.lang.NoClassDefFoundError: Could not initialize class org.springframework.data.redis.test.util.MinimumRedisVersionRule
	at org.springframework.data.redis.support.collections.RedisMapTests.<init>(RedisMapTests.java:57)
]]></error>
  </testcase>
  <testcase name="testClear[21]" classname="org.springframework.data.redis.support.collections.RedisMapTests" time="0">
    <error message="Could not initialize class org.springframework.data.redis.test.util.MinimumRedisVersionRule" type="java.lang.NoClassDefFoundError"><![CDATA[java.lang.NoClassDefFoundError: Could not initialize class org.springframework.data.redis.test.util.MinimumRedisVersionRule
	at org.springframework.data.redis.support.collections.RedisMapTests.<init>(RedisMapTests.java:57)
]]></error>
  </testcase>
  <testcase name="testSize[21]" classname="org.springframework.data.redis.support.collections.RedisMapTests" time="0">
    <error message="Could not initialize class org.springframework.data.redis.test.util.MinimumRedisVersionRule" type="java.lang.NoClassDefFoundError"><![CDATA[java.lang.NoClassDefFoundError: Could not initialize class org.springframework.data.redis.test.util.MinimumRedisVersionRule
	at org.springframework.data.redis.support.collections.RedisMapTests.<init>(RedisMapTests.java:57)
]]></error>
  </testcase>
  <testcase name="testReplaceNullOldValue[21]" classname="org.springframework.data.redis.support.collections.RedisMapTests" time="0">
    <error message="Could not initialize class org.springframework.data.redis.test.util.MinimumRedisVersionRule" type="java.lang.NoClassDefFoundError"><![CDATA[java.lang.NoClassDefFoundError: Could not initialize class org.springframework.data.redis.test.util.MinimumRedisVersionRule
	at org.springframework.data.redis.support.collections.RedisMapTests.<init>(RedisMapTests.java:57)
]]></error>
  </testcase>
  <testcase name="testConcurrentReplaceOneArg[21]" classname="org.springframework.data.redis.support.collections.RedisMapTests" time="0">
    <error message="Could not initialize class org.springframework.data.redis.test.util.MinimumRedisVersionRule" type="java.lang.NoClassDefFoundError"><![CDATA[java.lang.NoClassDefFoundError: Could not initialize class org.springframework.data.redis.test.util.MinimumRedisVersionRule
	at org.springframework.data.redis.support.collections.RedisMapTests.<init>(RedisMapTests.java:57)
]]></error>
  </testcase>
  <testcase name="testIncrement[21]" classname="org.springframework.data.redis.support.collections.RedisMapTests" time="0">
    <error message="Could not initialize class org.springframework.data.redis.test.util.MinimumRedisVersionRule" type="java.lang.NoClassDefFoundError"><![CDATA[java.lang.NoClassDefFoundError: Could not initialize class org.springframework.data.redis.test.util.MinimumRedisVersionRule
	at org.springframework.data.redis.support.collections.RedisMapTests.<init>(RedisMapTests.java:57)
]]></error>
  </testcase>
  <testcase name="testIncrementDouble[21]" classname="org.springframework.data.redis.support.collections.RedisMapTests" time="0">
    <error message="Could not initialize class org.springframework.data.redis.test.util.MinimumRedisVersionRule" type="java.lang.NoClassDefFoundError"><![CDATA[java.lang.NoClassDefFoundError: Could not initialize class org.springframework.data.redis.test.util.MinimumRedisVersionRule
	at org.springframework.data.redis.support.collections.RedisMapTests.<init>(RedisMapTests.java:57)
]]></error>
  </testcase>
  <testcase name="testContainsKey[21]" classname="org.springframework.data.redis.support.collections.RedisMapTests" time="0">
    <error message="Could not initialize class org.springframework.data.redis.test.util.MinimumRedisVersionRule" type="java.lang.NoClassDefFoundError"><![CDATA[java.lang.NoClassDefFoundError: Could not initialize class org.springframework.data.redis.test.util.MinimumRedisVersionRule
	at org.springframework.data.redis.support.collections.RedisMapTests.<init>(RedisMapTests.java:57)
]]></error>
  </testcase>
  <testcase name="testScanWorksCorrectly[21]" classname="org.springframework.data.redis.support.collections.RedisMapTests" time="0">
    <error message="Could not initialize class org.springframework.data.redis.test.util.MinimumRedisVersionRule" type="java.lang.NoClassDefFoundError"><![CDATA[java.lang.NoClassDefFoundError: Could not initialize class org.springframework.data.redis.test.util.MinimumRedisVersionRule
	at org.springframework.data.redis.support.collections.RedisMapTests.<init>(RedisMapTests.java:57)
]]></error>
  </testcase>
  <testcase name="testPutIfAbsent[21]" classname="org.springframework.data.redis.support.collections.RedisMapTests" time="0">
    <error message="Could not initialize class org.springframework.data.redis.test.util.MinimumRedisVersionRule" type="java.lang.NoClassDefFoundError"><![CDATA[java.lang.NoClassDefFoundError: Could not initialize class org.springframework.data.redis.test.util.MinimumRedisVersionRule
	at org.springframework.data.redis.support.collections.RedisMapTests.<init>(RedisMapTests.java:57)
]]></error>
  </testcase>
  <testcase name="testContainsValue[21]" classname="org.springframework.data.redis.support.collections.RedisMapTests" time="0">
    <error message="Could not initialize class org.springframework.data.redis.test.util.MinimumRedisVersionRule" type="java.lang.NoClassDefFoundError"><![CDATA[java.lang.NoClassDefFoundError: Could not initialize class org.springframework.data.redis.test.util.MinimumRedisVersionRule
	at org.springframework.data.redis.support.collections.RedisMapTests.<init>(RedisMapTests.java:57)
]]></error>
  </testcase>
  <testcase name="testReplaceNullNewValue[21]" classname="org.springframework.data.redis.support.collections.RedisMapTests" time="0">
    <error message="Could not initialize class org.springframework.data.redis.test.util.MinimumRedisVersionRule" type="java.lang.NoClassDefFoundError"><![CDATA[java.lang.NoClassDefFoundError: Could not initialize class org.springframework.data.redis.test.util.MinimumRedisVersionRule
	at org.springframework.data.redis.support.collections.RedisMapTests.<init>(RedisMapTests.java:57)
]]></error>
  </testcase>
  <testcase name="testHashCode[21]" classname="org.springframework.data.redis.support.collections.RedisMapTests" time="0">
    <error message="Could not initialize class org.springframework.data.redis.test.util.MinimumRedisVersionRule" type="java.lang.NoClassDefFoundError"><![CDATA[java.lang.NoClassDefFoundError: Could not initialize class org.springframework.data.redis.test.util.MinimumRedisVersionRule
	at org.springframework.data.redis.support.collections.RedisMapTests.<init>(RedisMapTests.java:57)
]]></error>
  </testcase>
  <testcase name="testIncrementNotNumber[21]" classname="org.springframework.data.redis.support.collections.RedisMapTests" time="0">
    <error message="Could not initialize class org.springframework.data.redis.test.util.MinimumRedisVersionRule" type="java.lang.NoClassDefFoundError"><![CDATA[java.lang.NoClassDefFoundError: Could not initialize class org.springframework.data.redis.test.util.MinimumRedisVersionRule
	at org.springframework.data.redis.support.collections.RedisMapTests.<init>(RedisMapTests.java:57)
]]></error>
  </testcase>
  <testcase name="testEquals[21]" classname="org.springframework.data.redis.support.collections.RedisMapTests" time="0">
    <error message="Could not initialize class org.springframework.data.redis.test.util.MinimumRedisVersionRule" type="java.lang.NoClassDefFoundError"><![CDATA[java.lang.NoClassDefFoundError: Could not initialize class org.springframework.data.redis.test.util.MinimumRedisVersionRule
	at org.springframework.data.redis.support.collections.RedisMapTests.<init>(RedisMapTests.java:57)
]]></error>
  </testcase>
  <testcase name="testGetKey[21]" classname="org.springframework.data.redis.support.collections.RedisMapTests" time="0">
    <error message="Could not initialize class org.springframework.data.redis.test.util.MinimumRedisVersionRule" type="java.lang.NoClassDefFoundError"><![CDATA[java.lang.NoClassDefFoundError: Could not initialize class org.springframework.data.redis.test.util.MinimumRedisVersionRule
	at org.springframework.data.redis.support.collections.RedisMapTests.<init>(RedisMapTests.java:57)
]]></error>
  </testcase>
  <testcase name="testKeySet[21]" classname="org.springframework.data.redis.support.collections.RedisMapTests" time="0">
    <error message="Could not initialize class org.springframework.data.redis.test.util.MinimumRedisVersionRule" type="java.lang.NoClassDefFoundError"><![CDATA[java.lang.NoClassDefFoundError: Could not initialize class org.springframework.data.redis.test.util.MinimumRedisVersionRule
	at org.springframework.data.redis.support.collections.RedisMapTests.<init>(RedisMapTests.java:57)
]]></error>
  </testcase>
  <testcase name="testNotEquals[21]" classname="org.springframework.data.redis.support.collections.RedisMapTests" time="0">
    <error message="Could not initialize class org.springframework.data.redis.test.util.MinimumRedisVersionRule" type="java.lang.NoClassDefFoundError"><![CDATA[java.lang.NoClassDefFoundError: Could not initialize class org.springframework.data.redis.test.util.MinimumRedisVersionRule
	at org.springframework.data.redis.support.collections.RedisMapTests.<init>(RedisMapTests.java:57)
]]></error>
  </testcase>
  <testcase name="testGetOperations[21]" classname="org.springframework.data.redis.support.collections.RedisMapTests" time="0">
    <error message="Could not initialize class org.springframework.data.redis.test.util.MinimumRedisVersionRule" type="java.lang.NoClassDefFoundError"><![CDATA[java.lang.NoClassDefFoundError: Could not initialize class org.springframework.data.redis.test.util.MinimumRedisVersionRule
	at org.springframework.data.redis.support.collections.RedisMapTests.<init>(RedisMapTests.java:57)
]]></error>
  </testcase>
  <testcase name="testPutAll[21]" classname="org.springframework.data.redis.support.collections.RedisMapTests" time="0">
    <error message="Could not initialize class org.springframework.data.redis.test.util.MinimumRedisVersionRule" type="java.lang.NoClassDefFoundError"><![CDATA[java.lang.NoClassDefFoundError: Could not initialize class org.springframework.data.redis.test.util.MinimumRedisVersionRule
	at org.springframework.data.redis.support.collections.RedisMapTests.<init>(RedisMapTests.java:57)
]]></error>
  </testcase>
  <testcase name="testIsEmpty[21]" classname="org.springframework.data.redis.support.collections.RedisMapTests" time="0">
    <error message="Could not initialize class org.springframework.data.redis.test.util.MinimumRedisVersionRule" type="java.lang.NoClassDefFoundError"><![CDATA[java.lang.NoClassDefFoundError: Could not initialize class org.springframework.data.redis.test.util.MinimumRedisVersionRule
	at org.springframework.data.redis.support.collections.RedisMapTests.<init>(RedisMapTests.java:57)
]]></error>
  </testcase>
  <testcase name="testRemove[21]" classname="org.springframework.data.redis.support.collections.RedisMapTests" time="0">
    <error message="Could not initialize class org.springframework.data.redis.test.util.MinimumRedisVersionRule" type="java.lang.NoClassDefFoundError"><![CDATA[java.lang.NoClassDefFoundError: Could not initialize class org.springframework.data.redis.test.util.MinimumRedisVersionRule
	at org.springframework.data.redis.support.collections.RedisMapTests.<init>(RedisMapTests.java:57)
]]></error>
  </testcase>
  <testcase name="testConcurrentReplaceTwoArgs[21]" classname="org.springframework.data.redis.support.collections.RedisMapTests" time="0">
    <error message="Could not initialize class org.springframework.data.redis.test.util.MinimumRedisVersionRule" type="java.lang.NoClassDefFoundError"><![CDATA[java.lang.NoClassDefFoundError: Could not initialize class org.springframework.data.redis.test.util.MinimumRedisVersionRule
	at org.springframework.data.redis.support.collections.RedisMapTests.<init>(RedisMapTests.java:57)
]]></error>
  </testcase>
  <testcase name="testValues[21]" classname="org.springframework.data.redis.support.collections.RedisMapTests" time="0">
    <error message="Could not initialize class org.springframework.data.redis.test.util.MinimumRedisVersionRule" type="java.lang.NoClassDefFoundError"><![CDATA[java.lang.NoClassDefFoundError: Could not initialize class org.springframework.data.redis.test.util.MinimumRedisVersionRule
	at org.springframework.data.redis.support.collections.RedisMapTests.<init>(RedisMapTests.java:57)
]]></error>
  </testcase>
  <testcase name="testConcurrentRemove[22]" classname="org.springframework.data.redis.support.collections.RedisMapTests" time="0">
    <error message="Could not initialize class org.springframework.data.redis.test.util.MinimumRedisVersionRule" type="java.lang.NoClassDefFoundError"><![CDATA[java.lang.NoClassDefFoundError: Could not initialize class org.springframework.data.redis.test.util.MinimumRedisVersionRule
	at org.springframework.data.redis.support.collections.RedisMapTests.<init>(RedisMapTests.java:57)
]]></error>
  </testcase>
  <testcase name="testGet[22]" classname="org.springframework.data.redis.support.collections.RedisMapTests" time="0">
    <error message="Could not initialize class org.springframework.data.redis.test.util.MinimumRedisVersionRule" type="java.lang.NoClassDefFoundError"><![CDATA[java.lang.NoClassDefFoundError: Could not initialize class org.springframework.data.redis.test.util.MinimumRedisVersionRule
	at org.springframework.data.redis.support.collections.RedisMapTests.<init>(RedisMapTests.java:57)
]]></error>
  </testcase>
  <testcase name="testPut[22]" classname="org.springframework.data.redis.support.collections.RedisMapTests" time="0">
    <error message="Could not initialize class org.springframework.data.redis.test.util.MinimumRedisVersionRule" type="java.lang.NoClassDefFoundError"><![CDATA[java.lang.NoClassDefFoundError: Could not initialize class org.springframework.data.redis.test.util.MinimumRedisVersionRule
	at org.springframework.data.redis.support.collections.RedisMapTests.<init>(RedisMapTests.java:57)
]]></error>
  </testcase>
  <testcase name="testReplaceNullValue[22]" classname="org.springframework.data.redis.support.collections.RedisMapTests" time="0">
    <error message="Could not initialize class org.springframework.data.redis.test.util.MinimumRedisVersionRule" type="java.lang.NoClassDefFoundError"><![CDATA[java.lang.NoClassDefFoundError: Could not initialize class org.springframework.data.redis.test.util.MinimumRedisVersionRule
	at org.springframework.data.redis.support.collections.RedisMapTests.<init>(RedisMapTests.java:57)
]]></error>
  </testcase>
  <testcase name="testEntrySet[22]" classname="org.springframework.data.redis.support.collections.RedisMapTests" time="0">
    <error message="Could not initialize class org.springframework.data.redis.test.util.MinimumRedisVersionRule" type="java.lang.NoClassDefFoundError"><![CDATA[java.lang.NoClassDefFoundError: Could not initialize class org.springframework.data.redis.test.util.MinimumRedisVersionRule
	at org.springframework.data.redis.support.collections.RedisMapTests.<init>(RedisMapTests.java:57)
]]></error>
  </testcase>
  <testcase name="testRemoveNullValue[22]" classname="org.springframework.data.redis.support.collections.RedisMapTests" time="0">
    <error message="Could not initialize class org.springframework.data.redis.test.util.MinimumRedisVersionRule" type="java.lang.NoClassDefFoundError"><![CDATA[java.lang.NoClassDefFoundError: Could not initialize class org.springframework.data.redis.test.util.MinimumRedisVersionRule
	at org.springframework.data.redis.support.collections.RedisMapTests.<init>(RedisMapTests.java:57)
]]></error>
  </testcase>
  <testcase name="testClear[22]" classname="org.springframework.data.redis.support.collections.RedisMapTests" time="0">
    <error message="Could not initialize class org.springframework.data.redis.test.util.MinimumRedisVersionRule" type="java.lang.NoClassDefFoundError"><![CDATA[java.lang.NoClassDefFoundError: Could not initialize class org.springframework.data.redis.test.util.MinimumRedisVersionRule
	at org.springframework.data.redis.support.collections.RedisMapTests.<init>(RedisMapTests.java:57)
]]></error>
  </testcase>
  <testcase name="testSize[22]" classname="org.springframework.data.redis.support.collections.RedisMapTests" time="0">
    <error message="Could not initialize class org.springframework.data.redis.test.util.MinimumRedisVersionRule" type="java.lang.NoClassDefFoundError"><![CDATA[java.lang.NoClassDefFoundError: Could not initialize class org.springframework.data.redis.test.util.MinimumRedisVersionRule
	at org.springframework.data.redis.support.collections.RedisMapTests.<init>(RedisMapTests.java:57)
]]></error>
  </testcase>
  <testcase name="testReplaceNullOldValue[22]" classname="org.springframework.data.redis.support.collections.RedisMapTests" time="0">
    <error message="Could not initialize class org.springframework.data.redis.test.util.MinimumRedisVersionRule" type="java.lang.NoClassDefFoundError"><![CDATA[java.lang.NoClassDefFoundError: Could not initialize class org.springframework.data.redis.test.util.MinimumRedisVersionRule
	at org.springframework.data.redis.support.collections.RedisMapTests.<init>(RedisMapTests.java:57)
]]></error>
  </testcase>
  <testcase name="testConcurrentReplaceOneArg[22]" classname="org.springframework.data.redis.support.collections.RedisMapTests" time="0">
    <error message="Could not initialize class org.springframework.data.redis.test.util.MinimumRedisVersionRule" type="java.lang.NoClassDefFoundError"><![CDATA[java.lang.NoClassDefFoundError: Could not initialize class org.springframework.data.redis.test.util.MinimumRedisVersionRule
	at org.springframework.data.redis.support.collections.RedisMapTests.<init>(RedisMapTests.java:57)
]]></error>
  </testcase>
  <testcase name="testIncrement[22]" classname="org.springframework.data.redis.support.collections.RedisMapTests" time="0">
    <error message="Could not initialize class org.springframework.data.redis.test.util.MinimumRedisVersionRule" type="java.lang.NoClassDefFoundError"><![CDATA[java.lang.NoClassDefFoundError: Could not initialize class org.springframework.data.redis.test.util.MinimumRedisVersionRule
	at org.springframework.data.redis.support.collections.RedisMapTests.<init>(RedisMapTests.java:57)
]]></error>
  </testcase>
  <testcase name="testIncrementDouble[22]" classname="org.springframework.data.redis.support.collections.RedisMapTests" time="0">
    <error message="Could not initialize class org.springframework.data.redis.test.util.MinimumRedisVersionRule" type="java.lang.NoClassDefFoundError"><![CDATA[java.lang.NoClassDefFoundError: Could not initialize class org.springframework.data.redis.test.util.MinimumRedisVersionRule
	at org.springframework.data.redis.support.collections.RedisMapTests.<init>(RedisMapTests.java:57)
]]></error>
  </testcase>
  <testcase name="testContainsKey[22]" classname="org.springframework.data.redis.support.collections.RedisMapTests" time="0">
    <error message="Could not initialize class org.springframework.data.redis.test.util.MinimumRedisVersionRule" type="java.lang.NoClassDefFoundError"><![CDATA[java.lang.NoClassDefFoundError: Could not initialize class org.springframework.data.redis.test.util.MinimumRedisVersionRule
	at org.springframework.data.redis.support.collections.RedisMapTests.<init>(RedisMapTests.java:57)
]]></error>
  </testcase>
  <testcase name="testScanWorksCorrectly[22]" classname="org.springframework.data.redis.support.collections.RedisMapTests" time="0">
    <error message="Could not initialize class org.springframework.data.redis.test.util.MinimumRedisVersionRule" type="java.lang.NoClassDefFoundError"><![CDATA[java.lang.NoClassDefFoundError: Could not initialize class org.springframework.data.redis.test.util.MinimumRedisVersionRule
	at org.springframework.data.redis.support.collections.RedisMapTests.<init>(RedisMapTests.java:57)
]]></error>
  </testcase>
  <testcase name="testPutIfAbsent[22]" classname="org.springframework.data.redis.support.collections.RedisMapTests" time="0">
    <error message="Could not initialize class org.springframework.data.redis.test.util.MinimumRedisVersionRule" type="java.lang.NoClassDefFoundError"><![CDATA[java.lang.NoClassDefFoundError: Could not initialize class org.springframework.data.redis.test.util.MinimumRedisVersionRule
	at org.springframework.data.redis.support.collections.RedisMapTests.<init>(RedisMapTests.java:57)
]]></error>
  </testcase>
  <testcase name="testContainsValue[22]" classname="org.springframework.data.redis.support.collections.RedisMapTests" time="0">
    <error message="Could not initialize class org.springframework.data.redis.test.util.MinimumRedisVersionRule" type="java.lang.NoClassDefFoundError"><![CDATA[java.lang.NoClassDefFoundError: Could not initialize class org.springframework.data.redis.test.util.MinimumRedisVersionRule
	at org.springframework.data.redis.support.collections.RedisMapTests.<init>(RedisMapTests.java:57)
]]></error>
  </testcase>
  <testcase name="testReplaceNullNewValue[22]" classname="org.springframework.data.redis.support.collections.RedisMapTests" time="0">
    <error message="Could not initialize class org.springframework.data.redis.test.util.MinimumRedisVersionRule" type="java.lang.NoClassDefFoundError"><![CDATA[java.lang.NoClassDefFoundError: Could not initialize class org.springframework.data.redis.test.util.MinimumRedisVersionRule
	at org.springframework.data.redis.support.collections.RedisMapTests.<init>(RedisMapTests.java:57)
]]></error>
  </testcase>
  <testcase name="testHashCode[22]" classname="org.springframework.data.redis.support.collections.RedisMapTests" time="0">
    <error message="Could not initialize class org.springframework.data.redis.test.util.MinimumRedisVersionRule" type="java.lang.NoClassDefFoundError"><![CDATA[java.lang.NoClassDefFoundError: Could not initialize class org.springframework.data.redis.test.util.MinimumRedisVersionRule
	at org.springframework.data.redis.support.collections.RedisMapTests.<init>(RedisMapTests.java:57)
]]></error>
  </testcase>
  <testcase name="testIncrementNotNumber[22]" classname="org.springframework.data.redis.support.collections.RedisMapTests" time="0">
    <error message="Could not initialize class org.springframework.data.redis.test.util.MinimumRedisVersionRule" type="java.lang.NoClassDefFoundError"><![CDATA[java.lang.NoClassDefFoundError: Could not initialize class org.springframework.data.redis.test.util.MinimumRedisVersionRule
	at org.springframework.data.redis.support.collections.RedisMapTests.<init>(RedisMapTests.java:57)
]]></error>
  </testcase>
  <testcase name="testEquals[22]" classname="org.springframework.data.redis.support.collections.RedisMapTests" time="0">
    <error message="Could not initialize class org.springframework.data.redis.test.util.MinimumRedisVersionRule" type="java.lang.NoClassDefFoundError"><![CDATA[java.lang.NoClassDefFoundError: Could not initialize class org.springframework.data.redis.test.util.MinimumRedisVersionRule
	at org.springframework.data.redis.support.collections.RedisMapTests.<init>(RedisMapTests.java:57)
]]></error>
  </testcase>
  <testcase name="testGetKey[22]" classname="org.springframework.data.redis.support.collections.RedisMapTests" time="0">
    <error message="Could not initialize class org.springframework.data.redis.test.util.MinimumRedisVersionRule" type="java.lang.NoClassDefFoundError"><![CDATA[java.lang.NoClassDefFoundError: Could not initialize class org.springframework.data.redis.test.util.MinimumRedisVersionRule
	at org.springframework.data.redis.support.collections.RedisMapTests.<init>(RedisMapTests.java:57)
]]></error>
  </testcase>
  <testcase name="testKeySet[22]" classname="org.springframework.data.redis.support.collections.RedisMapTests" time="0">
    <error message="Could not initialize class org.springframework.data.redis.test.util.MinimumRedisVersionRule" type="java.lang.NoClassDefFoundError"><![CDATA[java.lang.NoClassDefFoundError: Could not initialize class org.springframework.data.redis.test.util.MinimumRedisVersionRule
	at org.springframework.data.redis.support.collections.RedisMapTests.<init>(RedisMapTests.java:57)
]]></error>
  </testcase>
  <testcase name="testNotEquals[22]" classname="org.springframework.data.redis.support.collections.RedisMapTests" time="0">
    <error message="Could not initialize class org.springframework.data.redis.test.util.MinimumRedisVersionRule" type="java.lang.NoClassDefFoundError"><![CDATA[java.lang.NoClassDefFoundError: Could not initialize class org.springframework.data.redis.test.util.MinimumRedisVersionRule
	at org.springframework.data.redis.support.collections.RedisMapTests.<init>(RedisMapTests.java:57)
]]></error>
  </testcase>
  <testcase name="testGetOperations[22]" classname="org.springframework.data.redis.support.collections.RedisMapTests" time="0.001">
    <error message="Could not initialize class org.springframework.data.redis.test.util.MinimumRedisVersionRule" type="java.lang.NoClassDefFoundError"><![CDATA[java.lang.NoClassDefFoundError: Could not initialize class org.springframework.data.redis.test.util.MinimumRedisVersionRule
	at org.springframework.data.redis.support.collections.RedisMapTests.<init>(RedisMapTests.java:57)
]]></error>
  </testcase>
  <testcase name="testPutAll[22]" classname="org.springframework.data.redis.support.collections.RedisMapTests" time="0">
    <error message="Could not initialize class org.springframework.data.redis.test.util.MinimumRedisVersionRule" type="java.lang.NoClassDefFoundError"><![CDATA[java.lang.NoClassDefFoundError: Could not initialize class org.springframework.data.redis.test.util.MinimumRedisVersionRule
	at org.springframework.data.redis.support.collections.RedisMapTests.<init>(RedisMapTests.java:57)
]]></error>
  </testcase>
  <testcase name="testIsEmpty[22]" classname="org.springframework.data.redis.support.collections.RedisMapTests" time="0">
    <error message="Could not initialize class org.springframework.data.redis.test.util.MinimumRedisVersionRule" type="java.lang.NoClassDefFoundError"><![CDATA[java.lang.NoClassDefFoundError: Could not initialize class org.springframework.data.redis.test.util.MinimumRedisVersionRule
	at org.springframework.data.redis.support.collections.RedisMapTests.<init>(RedisMapTests.java:57)
]]></error>
  </testcase>
  <testcase name="testRemove[22]" classname="org.springframework.data.redis.support.collections.RedisMapTests" time="0">
    <error message="Could not initialize class org.springframework.data.redis.test.util.MinimumRedisVersionRule" type="java.lang.NoClassDefFoundError"><![CDATA[java.lang.NoClassDefFoundError: Could not initialize class org.springframework.data.redis.test.util.MinimumRedisVersionRule
	at org.springframework.data.redis.support.collections.RedisMapTests.<init>(RedisMapTests.java:57)
]]></error>
  </testcase>
  <testcase name="testConcurrentReplaceTwoArgs[22]" classname="org.springframework.data.redis.support.collections.RedisMapTests" time="0">
    <error message="Could not initialize class org.springframework.data.redis.test.util.MinimumRedisVersionRule" type="java.lang.NoClassDefFoundError"><![CDATA[java.lang.NoClassDefFoundError: Could not initialize class org.springframework.data.redis.test.util.MinimumRedisVersionRule
	at org.springframework.data.redis.support.collections.RedisMapTests.<init>(RedisMapTests.java:57)
]]></error>
  </testcase>
  <testcase name="testValues[22]" classname="org.springframework.data.redis.support.collections.RedisMapTests" time="0">
    <error message="Could not initialize class org.springframework.data.redis.test.util.MinimumRedisVersionRule" type="java.lang.NoClassDefFoundError"><![CDATA[java.lang.NoClassDefFoundError: Could not initialize class org.springframework.data.redis.test.util.MinimumRedisVersionRule
	at org.springframework.data.redis.support.collections.RedisMapTests.<init>(RedisMapTests.java:57)
]]></error>
  </testcase>
  <testcase name="testConcurrentRemove[23]" classname="org.springframework.data.redis.support.collections.RedisMapTests" time="0">
    <error message="Could not initialize class org.springframework.data.redis.test.util.MinimumRedisVersionRule" type="java.lang.NoClassDefFoundError"><![CDATA[java.lang.NoClassDefFoundError: Could not initialize class org.springframework.data.redis.test.util.MinimumRedisVersionRule
	at org.springframework.data.redis.support.collections.RedisMapTests.<init>(RedisMapTests.java:57)
]]></error>
  </testcase>
  <testcase name="testGet[23]" classname="org.springframework.data.redis.support.collections.RedisMapTests" time="0">
    <error message="Could not initialize class org.springframework.data.redis.test.util.MinimumRedisVersionRule" type="java.lang.NoClassDefFoundError"><![CDATA[java.lang.NoClassDefFoundError: Could not initialize class org.springframework.data.redis.test.util.MinimumRedisVersionRule
	at org.springframework.data.redis.support.collections.RedisMapTests.<init>(RedisMapTests.java:57)
]]></error>
  </testcase>
  <testcase name="testPut[23]" classname="org.springframework.data.redis.support.collections.RedisMapTests" time="0">
    <error message="Could not initialize class org.springframework.data.redis.test.util.MinimumRedisVersionRule" type="java.lang.NoClassDefFoundError"><![CDATA[java.lang.NoClassDefFoundError: Could not initialize class org.springframework.data.redis.test.util.MinimumRedisVersionRule
	at org.springframework.data.redis.support.collections.RedisMapTests.<init>(RedisMapTests.java:57)
]]></error>
  </testcase>
  <testcase name="testReplaceNullValue[23]" classname="org.springframework.data.redis.support.collections.RedisMapTests" time="0">
    <error message="Could not initialize class org.springframework.data.redis.test.util.MinimumRedisVersionRule" type="java.lang.NoClassDefFoundError"><![CDATA[java.lang.NoClassDefFoundError: Could not initialize class org.springframework.data.redis.test.util.MinimumRedisVersionRule
	at org.springframework.data.redis.support.collections.RedisMapTests.<init>(RedisMapTests.java:57)
]]></error>
  </testcase>
  <testcase name="testEntrySet[23]" classname="org.springframework.data.redis.support.collections.RedisMapTests" time="0">
    <error message="Could not initialize class org.springframework.data.redis.test.util.MinimumRedisVersionRule" type="java.lang.NoClassDefFoundError"><![CDATA[java.lang.NoClassDefFoundError: Could not initialize class org.springframework.data.redis.test.util.MinimumRedisVersionRule
	at org.springframework.data.redis.support.collections.RedisMapTests.<init>(RedisMapTests.java:57)
]]></error>
  </testcase>
  <testcase name="testRemoveNullValue[23]" classname="org.springframework.data.redis.support.collections.RedisMapTests" time="0">
    <error message="Could not initialize class org.springframework.data.redis.test.util.MinimumRedisVersionRule" type="java.lang.NoClassDefFoundError"><![CDATA[java.lang.NoClassDefFoundError: Could not initialize class org.springframework.data.redis.test.util.MinimumRedisVersionRule
	at org.springframework.data.redis.support.collections.RedisMapTests.<init>(RedisMapTests.java:57)
]]></error>
  </testcase>
  <testcase name="testClear[23]" classname="org.springframework.data.redis.support.collections.RedisMapTests" time="0">
    <error message="Could not initialize class org.springframework.data.redis.test.util.MinimumRedisVersionRule" type="java.lang.NoClassDefFoundError"><![CDATA[java.lang.NoClassDefFoundError: Could not initialize class org.springframework.data.redis.test.util.MinimumRedisVersionRule
	at org.springframework.data.redis.support.collections.RedisMapTests.<init>(RedisMapTests.java:57)
]]></error>
  </testcase>
  <testcase name="testSize[23]" classname="org.springframework.data.redis.support.collections.RedisMapTests" time="0">
    <error message="Could not initialize class org.springframework.data.redis.test.util.MinimumRedisVersionRule" type="java.lang.NoClassDefFoundError"><![CDATA[java.lang.NoClassDefFoundError: Could not initialize class org.springframework.data.redis.test.util.MinimumRedisVersionRule
	at org.springframework.data.redis.support.collections.RedisMapTests.<init>(RedisMapTests.java:57)
]]></error>
  </testcase>
  <testcase name="testReplaceNullOldValue[23]" classname="org.springframework.data.redis.support.collections.RedisMapTests" time="0">
    <error message="Could not initialize class org.springframework.data.redis.test.util.MinimumRedisVersionRule" type="java.lang.NoClassDefFoundError"><![CDATA[java.lang.NoClassDefFoundError: Could not initialize class org.springframework.data.redis.test.util.MinimumRedisVersionRule
	at org.springframework.data.redis.support.collections.RedisMapTests.<init>(RedisMapTests.java:57)
]]></error>
  </testcase>
  <testcase name="testConcurrentReplaceOneArg[23]" classname="org.springframework.data.redis.support.collections.RedisMapTests" time="0">
    <error message="Could not initialize class org.springframework.data.redis.test.util.MinimumRedisVersionRule" type="java.lang.NoClassDefFoundError"><![CDATA[java.lang.NoClassDefFoundError: Could not initialize class org.springframework.data.redis.test.util.MinimumRedisVersionRule
	at org.springframework.data.redis.support.collections.RedisMapTests.<init>(RedisMapTests.java:57)
]]></error>
  </testcase>
  <testcase name="testIncrement[23]" classname="org.springframework.data.redis.support.collections.RedisMapTests" time="0">
    <error message="Could not initialize class org.springframework.data.redis.test.util.MinimumRedisVersionRule" type="java.lang.NoClassDefFoundError"><![CDATA[java.lang.NoClassDefFoundError: Could not initialize class org.springframework.data.redis.test.util.MinimumRedisVersionRule
	at org.springframework.data.redis.support.collections.RedisMapTests.<init>(RedisMapTests.java:57)
]]></error>
  </testcase>
  <testcase name="testIncrementDouble[23]" classname="org.springframework.data.redis.support.collections.RedisMapTests" time="0">
    <error message="Could not initialize class org.springframework.data.redis.test.util.MinimumRedisVersionRule" type="java.lang.NoClassDefFoundError"><![CDATA[java.lang.NoClassDefFoundError: Could not initialize class org.springframework.data.redis.test.util.MinimumRedisVersionRule
	at org.springframework.data.redis.support.collections.RedisMapTests.<init>(RedisMapTests.java:57)
]]></error>
  </testcase>
  <testcase name="testContainsKey[23]" classname="org.springframework.data.redis.support.collections.RedisMapTests" time="0.001">
    <error message="Could not initialize class org.springframework.data.redis.test.util.MinimumRedisVersionRule" type="java.lang.NoClassDefFoundError"><![CDATA[java.lang.NoClassDefFoundError: Could not initialize class org.springframework.data.redis.test.util.MinimumRedisVersionRule
	at org.springframework.data.redis.support.collections.RedisMapTests.<init>(RedisMapTests.java:57)
]]></error>
  </testcase>
  <testcase name="testScanWorksCorrectly[23]" classname="org.springframework.data.redis.support.collections.RedisMapTests" time="0">
    <error message="Could not initialize class org.springframework.data.redis.test.util.MinimumRedisVersionRule" type="java.lang.NoClassDefFoundError"><![CDATA[java.lang.NoClassDefFoundError: Could not initialize class org.springframework.data.redis.test.util.MinimumRedisVersionRule
	at org.springframework.data.redis.support.collections.RedisMapTests.<init>(RedisMapTests.java:57)
]]></error>
  </testcase>
  <testcase name="testPutIfAbsent[23]" classname="org.springframework.data.redis.support.collections.RedisMapTests" time="0">
    <error message="Could not initialize class org.springframework.data.redis.test.util.MinimumRedisVersionRule" type="java.lang.NoClassDefFoundError"><![CDATA[java.lang.NoClassDefFoundError: Could not initialize class org.springframework.data.redis.test.util.MinimumRedisVersionRule
	at org.springframework.data.redis.support.collections.RedisMapTests.<init>(RedisMapTests.java:57)
]]></error>
  </testcase>
  <testcase name="testContainsValue[23]" classname="org.springframework.data.redis.support.collections.RedisMapTests" time="0">
    <error message="Could not initialize class org.springframework.data.redis.test.util.MinimumRedisVersionRule" type="java.lang.NoClassDefFoundError"><![CDATA[java.lang.NoClassDefFoundError: Could not initialize class org.springframework.data.redis.test.util.MinimumRedisVersionRule
	at org.springframework.data.redis.support.collections.RedisMapTests.<init>(RedisMapTests.java:57)
]]></error>
  </testcase>
  <testcase name="testReplaceNullNewValue[23]" classname="org.springframework.data.redis.support.collections.RedisMapTests" time="0">
    <error message="Could not initialize class org.springframework.data.redis.test.util.MinimumRedisVersionRule" type="java.lang.NoClassDefFoundError"><![CDATA[java.lang.NoClassDefFoundError: Could not initialize class org.springframework.data.redis.test.util.MinimumRedisVersionRule
	at org.springframework.data.redis.support.collections.RedisMapTests.<init>(RedisMapTests.java:57)
]]></error>
  </testcase>
  <testcase name="testHashCode[23]" classname="org.springframework.data.redis.support.collections.RedisMapTests" time="0">
    <error message="Could not initialize class org.springframework.data.redis.test.util.MinimumRedisVersionRule" type="java.lang.NoClassDefFoundError"><![CDATA[java.lang.NoClassDefFoundError: Could not initialize class org.springframework.data.redis.test.util.MinimumRedisVersionRule
	at org.springframework.data.redis.support.collections.RedisMapTests.<init>(RedisMapTests.java:57)
]]></error>
  </testcase>
  <testcase name="testIncrementNotNumber[23]" classname="org.springframework.data.redis.support.collections.RedisMapTests" time="0">
    <error message="Could not initialize class org.springframework.data.redis.test.util.MinimumRedisVersionRule" type="java.lang.NoClassDefFoundError"><![CDATA[java.lang.NoClassDefFoundError: Could not initialize class org.springframework.data.redis.test.util.MinimumRedisVersionRule
	at org.springframework.data.redis.support.collections.RedisMapTests.<init>(RedisMapTests.java:57)
]]></error>
  </testcase>
  <testcase name="testEquals[23]" classname="org.springframework.data.redis.support.collections.RedisMapTests" time="0">
    <error message="Could not initialize class org.springframework.data.redis.test.util.MinimumRedisVersionRule" type="java.lang.NoClassDefFoundError"><![CDATA[java.lang.NoClassDefFoundError: Could not initialize class org.springframework.data.redis.test.util.MinimumRedisVersionRule
	at org.springframework.data.redis.support.collections.RedisMapTests.<init>(RedisMapTests.java:57)
]]></error>
  </testcase>
  <testcase name="testGetKey[23]" classname="org.springframework.data.redis.support.collections.RedisMapTests" time="0">
    <error message="Could not initialize class org.springframework.data.redis.test.util.MinimumRedisVersionRule" type="java.lang.NoClassDefFoundError"><![CDATA[java.lang.NoClassDefFoundError: Could not initialize class org.springframework.data.redis.test.util.MinimumRedisVersionRule
	at org.springframework.data.redis.support.collections.RedisMapTests.<init>(RedisMapTests.java:57)
]]></error>
  </testcase>
  <testcase name="testKeySet[23]" classname="org.springframework.data.redis.support.collections.RedisMapTests" time="0">
    <error message="Could not initialize class org.springframework.data.redis.test.util.MinimumRedisVersionRule" type="java.lang.NoClassDefFoundError"><![CDATA[java.lang.NoClassDefFoundError: Could not initialize class org.springframework.data.redis.test.util.MinimumRedisVersionRule
	at org.springframework.data.redis.support.collections.RedisMapTests.<init>(RedisMapTests.java:57)
]]></error>
  </testcase>
  <testcase name="testNotEquals[23]" classname="org.springframework.data.redis.support.collections.RedisMapTests" time="0">
    <error message="Could not initialize class org.springframework.data.redis.test.util.MinimumRedisVersionRule" type="java.lang.NoClassDefFoundError"><![CDATA[java.lang.NoClassDefFoundError: Could not initialize class org.springframework.data.redis.test.util.MinimumRedisVersionRule
	at org.springframework.data.redis.support.collections.RedisMapTests.<init>(RedisMapTests.java:57)
]]></error>
  </testcase>
  <testcase name="testGetOperations[23]" classname="org.springframework.data.redis.support.collections.RedisMapTests" time="0">
    <error message="Could not initialize class org.springframework.data.redis.test.util.MinimumRedisVersionRule" type="java.lang.NoClassDefFoundError"><![CDATA[java.lang.NoClassDefFoundError: Could not initialize class org.springframework.data.redis.test.util.MinimumRedisVersionRule
	at org.springframework.data.redis.support.collections.RedisMapTests.<init>(RedisMapTests.java:57)
]]></error>
  </testcase>
  <testcase name="testPutAll[23]" classname="org.springframework.data.redis.support.collections.RedisMapTests" time="0">
    <error message="Could not initialize class org.springframework.data.redis.test.util.MinimumRedisVersionRule" type="java.lang.NoClassDefFoundError"><![CDATA[java.lang.NoClassDefFoundError: Could not initialize class org.springframework.data.redis.test.util.MinimumRedisVersionRule
	at org.springframework.data.redis.support.collections.RedisMapTests.<init>(RedisMapTests.java:57)
]]></error>
  </testcase>
  <testcase name="testIsEmpty[23]" classname="org.springframework.data.redis.support.collections.RedisMapTests" time="0">
    <error message="Could not initialize class org.springframework.data.redis.test.util.MinimumRedisVersionRule" type="java.lang.NoClassDefFoundError"><![CDATA[java.lang.NoClassDefFoundError: Could not initialize class org.springframework.data.redis.test.util.MinimumRedisVersionRule
	at org.springframework.data.redis.support.collections.RedisMapTests.<init>(RedisMapTests.java:57)
]]></error>
  </testcase>
  <testcase name="testRemove[23]" classname="org.springframework.data.redis.support.collections.RedisMapTests" time="0">
    <error message="Could not initialize class org.springframework.data.redis.test.util.MinimumRedisVersionRule" type="java.lang.NoClassDefFoundError"><![CDATA[java.lang.NoClassDefFoundError: Could not initialize class org.springframework.data.redis.test.util.MinimumRedisVersionRule
	at org.springframework.data.redis.support.collections.RedisMapTests.<init>(RedisMapTests.java:57)
]]></error>
  </testcase>
  <testcase name="testConcurrentReplaceTwoArgs[23]" classname="org.springframework.data.redis.support.collections.RedisMapTests" time="0">
    <error message="Could not initialize class org.springframework.data.redis.test.util.MinimumRedisVersionRule" type="java.lang.NoClassDefFoundError"><![CDATA[java.lang.NoClassDefFoundError: Could not initialize class org.springframework.data.redis.test.util.MinimumRedisVersionRule
	at org.springframework.data.redis.support.collections.RedisMapTests.<init>(RedisMapTests.java:57)
]]></error>
  </testcase>
  <testcase name="testValues[23]" classname="org.springframework.data.redis.support.collections.RedisMapTests" time="0">
    <error message="Could not initialize class org.springframework.data.redis.test.util.MinimumRedisVersionRule" type="java.lang.NoClassDefFoundError"><![CDATA[java.lang.NoClassDefFoundError: Could not initialize class org.springframework.data.redis.test.util.MinimumRedisVersionRule
	at org.springframework.data.redis.support.collections.RedisMapTests.<init>(RedisMapTests.java:57)
]]></error>
  </testcase>
  <testcase name="testConcurrentRemove[24]" classname="org.springframework.data.redis.support.collections.RedisMapTests" time="0">
    <error message="Could not initialize class org.springframework.data.redis.test.util.MinimumRedisVersionRule" type="java.lang.NoClassDefFoundError"><![CDATA[java.lang.NoClassDefFoundError: Could not initialize class org.springframework.data.redis.test.util.MinimumRedisVersionRule
	at org.springframework.data.redis.support.collections.RedisMapTests.<init>(RedisMapTests.java:57)
]]></error>
  </testcase>
  <testcase name="testGet[24]" classname="org.springframework.data.redis.support.collections.RedisMapTests" time="0">
    <error message="Could not initialize class org.springframework.data.redis.test.util.MinimumRedisVersionRule" type="java.lang.NoClassDefFoundError"><![CDATA[java.lang.NoClassDefFoundError: Could not initialize class org.springframework.data.redis.test.util.MinimumRedisVersionRule
	at org.springframework.data.redis.support.collections.RedisMapTests.<init>(RedisMapTests.java:57)
]]></error>
  </testcase>
  <testcase name="testPut[24]" classname="org.springframework.data.redis.support.collections.RedisMapTests" time="0">
    <error message="Could not initialize class org.springframework.data.redis.test.util.MinimumRedisVersionRule" type="java.lang.NoClassDefFoundError"><![CDATA[java.lang.NoClassDefFoundError: Could not initialize class org.springframework.data.redis.test.util.MinimumRedisVersionRule
	at org.springframework.data.redis.support.collections.RedisMapTests.<init>(RedisMapTests.java:57)
]]></error>
  </testcase>
  <testcase name="testReplaceNullValue[24]" classname="org.springframework.data.redis.support.collections.RedisMapTests" time="0">
    <error message="Could not initialize class org.springframework.data.redis.test.util.MinimumRedisVersionRule" type="java.lang.NoClassDefFoundError"><![CDATA[java.lang.NoClassDefFoundError: Could not initialize class org.springframework.data.redis.test.util.MinimumRedisVersionRule
	at org.springframework.data.redis.support.collections.RedisMapTests.<init>(RedisMapTests.java:57)
]]></error>
  </testcase>
  <testcase name="testEntrySet[24]" classname="org.springframework.data.redis.support.collections.RedisMapTests" time="0">
    <error message="Could not initialize class org.springframework.data.redis.test.util.MinimumRedisVersionRule" type="java.lang.NoClassDefFoundError"><![CDATA[java.lang.NoClassDefFoundError: Could not initialize class org.springframework.data.redis.test.util.MinimumRedisVersionRule
	at org.springframework.data.redis.support.collections.RedisMapTests.<init>(RedisMapTests.java:57)
]]></error>
  </testcase>
  <testcase name="testRemoveNullValue[24]" classname="org.springframework.data.redis.support.collections.RedisMapTests" time="0">
    <error message="Could not initialize class org.springframework.data.redis.test.util.MinimumRedisVersionRule" type="java.lang.NoClassDefFoundError"><![CDATA[java.lang.NoClassDefFoundError: Could not initialize class org.springframework.data.redis.test.util.MinimumRedisVersionRule
	at org.springframework.data.redis.support.collections.RedisMapTests.<init>(RedisMapTests.java:57)
]]></error>
  </testcase>
  <testcase name="testClear[24]" classname="org.springframework.data.redis.support.collections.RedisMapTests" time="0">
    <error message="Could not initialize class org.springframework.data.redis.test.util.MinimumRedisVersionRule" type="java.lang.NoClassDefFoundError"><![CDATA[java.lang.NoClassDefFoundError: Could not initialize class org.springframework.data.redis.test.util.MinimumRedisVersionRule
	at org.springframework.data.redis.support.collections.RedisMapTests.<init>(RedisMapTests.java:57)
]]></error>
  </testcase>
  <testcase name="testSize[24]" classname="org.springframework.data.redis.support.collections.RedisMapTests" time="0">
    <error message="Could not initialize class org.springframework.data.redis.test.util.MinimumRedisVersionRule" type="java.lang.NoClassDefFoundError"><![CDATA[java.lang.NoClassDefFoundError: Could not initialize class org.springframework.data.redis.test.util.MinimumRedisVersionRule
	at org.springframework.data.redis.support.collections.RedisMapTests.<init>(RedisMapTests.java:57)
]]></error>
  </testcase>
  <testcase name="testReplaceNullOldValue[24]" classname="org.springframework.data.redis.support.collections.RedisMapTests" time="0">
    <error message="Could not initialize class org.springframework.data.redis.test.util.MinimumRedisVersionRule" type="java.lang.NoClassDefFoundError"><![CDATA[java.lang.NoClassDefFoundError: Could not initialize class org.springframework.data.redis.test.util.MinimumRedisVersionRule
	at org.springframework.data.redis.support.collections.RedisMapTests.<init>(RedisMapTests.java:57)
]]></error>
  </testcase>
  <testcase name="testConcurrentReplaceOneArg[24]" classname="org.springframework.data.redis.support.collections.RedisMapTests" time="0">
    <error message="Could not initialize class org.springframework.data.redis.test.util.MinimumRedisVersionRule" type="java.lang.NoClassDefFoundError"><![CDATA[java.lang.NoClassDefFoundError: Could not initialize class org.springframework.data.redis.test.util.MinimumRedisVersionRule
	at org.springframework.data.redis.support.collections.RedisMapTests.<init>(RedisMapTests.java:57)
]]></error>
  </testcase>
  <testcase name="testIncrement[24]" classname="org.springframework.data.redis.support.collections.RedisMapTests" time="0">
    <error message="Could not initialize class org.springframework.data.redis.test.util.MinimumRedisVersionRule" type="java.lang.NoClassDefFoundError"><![CDATA[java.lang.NoClassDefFoundError: Could not initialize class org.springframework.data.redis.test.util.MinimumRedisVersionRule
	at org.springframework.data.redis.support.collections.RedisMapTests.<init>(RedisMapTests.java:57)
]]></error>
  </testcase>
  <testcase name="testIncrementDouble[24]" classname="org.springframework.data.redis.support.collections.RedisMapTests" time="0">
    <error message="Could not initialize class org.springframework.data.redis.test.util.MinimumRedisVersionRule" type="java.lang.NoClassDefFoundError"><![CDATA[java.lang.NoClassDefFoundError: Could not initialize class org.springframework.data.redis.test.util.MinimumRedisVersionRule
	at org.springframework.data.redis.support.collections.RedisMapTests.<init>(RedisMapTests.java:57)
]]></error>
  </testcase>
  <testcase name="testContainsKey[24]" classname="org.springframework.data.redis.support.collections.RedisMapTests" time="0">
    <error message="Could not initialize class org.springframework.data.redis.test.util.MinimumRedisVersionRule" type="java.lang.NoClassDefFoundError"><![CDATA[java.lang.NoClassDefFoundError: Could not initialize class org.springframework.data.redis.test.util.MinimumRedisVersionRule
	at org.springframework.data.redis.support.collections.RedisMapTests.<init>(RedisMapTests.java:57)
]]></error>
  </testcase>
  <testcase name="testScanWorksCorrectly[24]" classname="org.springframework.data.redis.support.collections.RedisMapTests" time="0">
    <error message="Could not initialize class org.springframework.data.redis.test.util.MinimumRedisVersionRule" type="java.lang.NoClassDefFoundError"><![CDATA[java.lang.NoClassDefFoundError: Could not initialize class org.springframework.data.redis.test.util.MinimumRedisVersionRule
	at org.springframework.data.redis.support.collections.RedisMapTests.<init>(RedisMapTests.java:57)
]]></error>
  </testcase>
  <testcase name="testPutIfAbsent[24]" classname="org.springframework.data.redis.support.collections.RedisMapTests" time="0">
    <error message="Could not initialize class org.springframework.data.redis.test.util.MinimumRedisVersionRule" type="java.lang.NoClassDefFoundError"><![CDATA[java.lang.NoClassDefFoundError: Could not initialize class org.springframework.data.redis.test.util.MinimumRedisVersionRule
	at org.springframework.data.redis.support.collections.RedisMapTests.<init>(RedisMapTests.java:57)
]]></error>
  </testcase>
  <testcase name="testContainsValue[24]" classname="org.springframework.data.redis.support.collections.RedisMapTests" time="0">
    <error message="Could not initialize class org.springframework.data.redis.test.util.MinimumRedisVersionRule" type="java.lang.NoClassDefFoundError"><![CDATA[java.lang.NoClassDefFoundError: Could not initialize class org.springframework.data.redis.test.util.MinimumRedisVersionRule
	at org.springframework.data.redis.support.collections.RedisMapTests.<init>(RedisMapTests.java:57)
]]></error>
  </testcase>
  <testcase name="testReplaceNullNewValue[24]" classname="org.springframework.data.redis.support.collections.RedisMapTests" time="0">
    <error message="Could not initialize class org.springframework.data.redis.test.util.MinimumRedisVersionRule" type="java.lang.NoClassDefFoundError"><![CDATA[java.lang.NoClassDefFoundError: Could not initialize class org.springframework.data.redis.test.util.MinimumRedisVersionRule
	at org.springframework.data.redis.support.collections.RedisMapTests.<init>(RedisMapTests.java:57)
]]></error>
  </testcase>
  <testcase name="testHashCode[24]" classname="org.springframework.data.redis.support.collections.RedisMapTests" time="0">
    <error message="Could not initialize class org.springframework.data.redis.test.util.MinimumRedisVersionRule" type="java.lang.NoClassDefFoundError"><![CDATA[java.lang.NoClassDefFoundError: Could not initialize class org.springframework.data.redis.test.util.MinimumRedisVersionRule
	at org.springframework.data.redis.support.collections.RedisMapTests.<init>(RedisMapTests.java:57)
]]></error>
  </testcase>
  <testcase name="testIncrementNotNumber[24]" classname="org.springframework.data.redis.support.collections.RedisMapTests" time="0">
    <error message="Could not initialize class org.springframework.data.redis.test.util.MinimumRedisVersionRule" type="java.lang.NoClassDefFoundError"><![CDATA[java.lang.NoClassDefFoundError: Could not initialize class org.springframework.data.redis.test.util.MinimumRedisVersionRule
	at org.springframework.data.redis.support.collections.RedisMapTests.<init>(RedisMapTests.java:57)
]]></error>
  </testcase>
  <testcase name="testEquals[24]" classname="org.springframework.data.redis.support.collections.RedisMapTests" time="0">
    <error message="Could not initialize class org.springframework.data.redis.test.util.MinimumRedisVersionRule" type="java.lang.NoClassDefFoundError"><![CDATA[java.lang.NoClassDefFoundError: Could not initialize class org.springframework.data.redis.test.util.MinimumRedisVersionRule
	at org.springframework.data.redis.support.collections.RedisMapTests.<init>(RedisMapTests.java:57)
]]></error>
  </testcase>
  <testcase name="testGetKey[24]" classname="org.springframework.data.redis.support.collections.RedisMapTests" time="0">
    <error message="Could not initialize class org.springframework.data.redis.test.util.MinimumRedisVersionRule" type="java.lang.NoClassDefFoundError"><![CDATA[java.lang.NoClassDefFoundError: Could not initialize class org.springframework.data.redis.test.util.MinimumRedisVersionRule
	at org.springframework.data.redis.support.collections.RedisMapTests.<init>(RedisMapTests.java:57)
]]></error>
  </testcase>
  <testcase name="testKeySet[24]" classname="org.springframework.data.redis.support.collections.RedisMapTests" time="0.001">
    <error message="Could not initialize class org.springframework.data.redis.test.util.MinimumRedisVersionRule" type="java.lang.NoClassDefFoundError"><![CDATA[java.lang.NoClassDefFoundError: Could not initialize class org.springframework.data.redis.test.util.MinimumRedisVersionRule
	at org.springframework.data.redis.support.collections.RedisMapTests.<init>(RedisMapTests.java:57)
]]></error>
  </testcase>
  <testcase name="testNotEquals[24]" classname="org.springframework.data.redis.support.collections.RedisMapTests" time="0">
    <error message="Could not initialize class org.springframework.data.redis.test.util.MinimumRedisVersionRule" type="java.lang.NoClassDefFoundError"><![CDATA[java.lang.NoClassDefFoundError: Could not initialize class org.springframework.data.redis.test.util.MinimumRedisVersionRule
	at org.springframework.data.redis.support.collections.RedisMapTests.<init>(RedisMapTests.java:57)
]]></error>
  </testcase>
  <testcase name="testGetOperations[24]" classname="org.springframework.data.redis.support.collections.RedisMapTests" time="0">
    <error message="Could not initialize class org.springframework.data.redis.test.util.MinimumRedisVersionRule" type="java.lang.NoClassDefFoundError"><![CDATA[java.lang.NoClassDefFoundError: Could not initialize class org.springframework.data.redis.test.util.MinimumRedisVersionRule
	at org.springframework.data.redis.support.collections.RedisMapTests.<init>(RedisMapTests.java:57)
]]></error>
  </testcase>
  <testcase name="testPutAll[24]" classname="org.springframework.data.redis.support.collections.RedisMapTests" time="0">
    <error message="Could not initialize class org.springframework.data.redis.test.util.MinimumRedisVersionRule" type="java.lang.NoClassDefFoundError"><![CDATA[java.lang.NoClassDefFoundError: Could not initialize class org.springframework.data.redis.test.util.MinimumRedisVersionRule
	at org.springframework.data.redis.support.collections.RedisMapTests.<init>(RedisMapTests.java:57)
]]></error>
  </testcase>
  <testcase name="testIsEmpty[24]" classname="org.springframework.data.redis.support.collections.RedisMapTests" time="0">
    <error message="Could not initialize class org.springframework.data.redis.test.util.MinimumRedisVersionRule" type="java.lang.NoClassDefFoundError"><![CDATA[java.lang.NoClassDefFoundError: Could not initialize class org.springframework.data.redis.test.util.MinimumRedisVersionRule
	at org.springframework.data.redis.support.collections.RedisMapTests.<init>(RedisMapTests.java:57)
]]></error>
  </testcase>
  <testcase name="testRemove[24]" classname="org.springframework.data.redis.support.collections.RedisMapTests" time="0">
    <error message="Could not initialize class org.springframework.data.redis.test.util.MinimumRedisVersionRule" type="java.lang.NoClassDefFoundError"><![CDATA[java.lang.NoClassDefFoundError: Could not initialize class org.springframework.data.redis.test.util.MinimumRedisVersionRule
	at org.springframework.data.redis.support.collections.RedisMapTests.<init>(RedisMapTests.java:57)
]]></error>
  </testcase>
  <testcase name="testConcurrentReplaceTwoArgs[24]" classname="org.springframework.data.redis.support.collections.RedisMapTests" time="0">
    <error message="Could not initialize class org.springframework.data.redis.test.util.MinimumRedisVersionRule" type="java.lang.NoClassDefFoundError"><![CDATA[java.lang.NoClassDefFoundError: Could not initialize class org.springframework.data.redis.test.util.MinimumRedisVersionRule
	at org.springframework.data.redis.support.collections.RedisMapTests.<init>(RedisMapTests.java:57)
]]></error>
  </testcase>
  <testcase name="testValues[24]" classname="org.springframework.data.redis.support.collections.RedisMapTests" time="0">
    <error message="Could not initialize class org.springframework.data.redis.test.util.MinimumRedisVersionRule" type="java.lang.NoClassDefFoundError"><![CDATA[java.lang.NoClassDefFoundError: Could not initialize class org.springframework.data.redis.test.util.MinimumRedisVersionRule
	at org.springframework.data.redis.support.collections.RedisMapTests.<init>(RedisMapTests.java:57)
]]></error>
  </testcase>
  <testcase name="testConcurrentRemove[25]" classname="org.springframework.data.redis.support.collections.RedisMapTests" time="0">
    <error message="Could not initialize class org.springframework.data.redis.test.util.MinimumRedisVersionRule" type="java.lang.NoClassDefFoundError"><![CDATA[java.lang.NoClassDefFoundError: Could not initialize class org.springframework.data.redis.test.util.MinimumRedisVersionRule
	at org.springframework.data.redis.support.collections.RedisMapTests.<init>(RedisMapTests.java:57)
]]></error>
  </testcase>
  <testcase name="testGet[25]" classname="org.springframework.data.redis.support.collections.RedisMapTests" time="0">
    <error message="Could not initialize class org.springframework.data.redis.test.util.MinimumRedisVersionRule" type="java.lang.NoClassDefFoundError"><![CDATA[java.lang.NoClassDefFoundError: Could not initialize class org.springframework.data.redis.test.util.MinimumRedisVersionRule
	at org.springframework.data.redis.support.collections.RedisMapTests.<init>(RedisMapTests.java:57)
]]></error>
  </testcase>
  <testcase name="testPut[25]" classname="org.springframework.data.redis.support.collections.RedisMapTests" time="0.001">
    <error message="Could not initialize class org.springframework.data.redis.test.util.MinimumRedisVersionRule" type="java.lang.NoClassDefFoundError"><![CDATA[java.lang.NoClassDefFoundError: Could not initialize class org.springframework.data.redis.test.util.MinimumRedisVersionRule
	at org.springframework.data.redis.support.collections.RedisMapTests.<init>(RedisMapTests.java:57)
]]></error>
  </testcase>
  <testcase name="testReplaceNullValue[25]" classname="org.springframework.data.redis.support.collections.RedisMapTests" time="0">
    <error message="Could not initialize class org.springframework.data.redis.test.util.MinimumRedisVersionRule" type="java.lang.NoClassDefFoundError"><![CDATA[java.lang.NoClassDefFoundError: Could not initialize class org.springframework.data.redis.test.util.MinimumRedisVersionRule
	at org.springframework.data.redis.support.collections.RedisMapTests.<init>(RedisMapTests.java:57)
]]></error>
  </testcase>
  <testcase name="testEntrySet[25]" classname="org.springframework.data.redis.support.collections.RedisMapTests" time="0">
    <error message="Could not initialize class org.springframework.data.redis.test.util.MinimumRedisVersionRule" type="java.lang.NoClassDefFoundError"><![CDATA[java.lang.NoClassDefFoundError: Could not initialize class org.springframework.data.redis.test.util.MinimumRedisVersionRule
	at org.springframework.data.redis.support.collections.RedisMapTests.<init>(RedisMapTests.java:57)
]]></error>
  </testcase>
  <testcase name="testRemoveNullValue[25]" classname="org.springframework.data.redis.support.collections.RedisMapTests" time="0">
    <error message="Could not initialize class org.springframework.data.redis.test.util.MinimumRedisVersionRule" type="java.lang.NoClassDefFoundError"><![CDATA[java.lang.NoClassDefFoundError: Could not initialize class org.springframework.data.redis.test.util.MinimumRedisVersionRule
	at org.springframework.data.redis.support.collections.RedisMapTests.<init>(RedisMapTests.java:57)
]]></error>
  </testcase>
  <testcase name="testClear[25]" classname="org.springframework.data.redis.support.collections.RedisMapTests" time="0">
    <error message="Could not initialize class org.springframework.data.redis.test.util.MinimumRedisVersionRule" type="java.lang.NoClassDefFoundError"><![CDATA[java.lang.NoClassDefFoundError: Could not initialize class org.springframework.data.redis.test.util.MinimumRedisVersionRule
	at org.springframework.data.redis.support.collections.RedisMapTests.<init>(RedisMapTests.java:57)
]]></error>
  </testcase>
  <testcase name="testSize[25]" classname="org.springframework.data.redis.support.collections.RedisMapTests" time="0">
    <error message="Could not initialize class org.springframework.data.redis.test.util.MinimumRedisVersionRule" type="java.lang.NoClassDefFoundError"><![CDATA[java.lang.NoClassDefFoundError: Could not initialize class org.springframework.data.redis.test.util.MinimumRedisVersionRule
	at org.springframework.data.redis.support.collections.RedisMapTests.<init>(RedisMapTests.java:57)
]]></error>
  </testcase>
  <testcase name="testReplaceNullOldValue[25]" classname="org.springframework.data.redis.support.collections.RedisMapTests" time="0">
    <error message="Could not initialize class org.springframework.data.redis.test.util.MinimumRedisVersionRule" type="java.lang.NoClassDefFoundError"><![CDATA[java.lang.NoClassDefFoundError: Could not initialize class org.springframework.data.redis.test.util.MinimumRedisVersionRule
	at org.springframework.data.redis.support.collections.RedisMapTests.<init>(RedisMapTests.java:57)
]]></error>
  </testcase>
  <testcase name="testConcurrentReplaceOneArg[25]" classname="org.springframework.data.redis.support.collections.RedisMapTests" time="0">
    <error message="Could not initialize class org.springframework.data.redis.test.util.MinimumRedisVersionRule" type="java.lang.NoClassDefFoundError"><![CDATA[java.lang.NoClassDefFoundError: Could not initialize class org.springframework.data.redis.test.util.MinimumRedisVersionRule
	at org.springframework.data.redis.support.collections.RedisMapTests.<init>(RedisMapTests.java:57)
]]></error>
  </testcase>
  <testcase name="testIncrement[25]" classname="org.springframework.data.redis.support.collections.RedisMapTests" time="0">
    <error message="Could not initialize class org.springframework.data.redis.test.util.MinimumRedisVersionRule" type="java.lang.NoClassDefFoundError"><![CDATA[java.lang.NoClassDefFoundError: Could not initialize class org.springframework.data.redis.test.util.MinimumRedisVersionRule
	at org.springframework.data.redis.support.collections.RedisMapTests.<init>(RedisMapTests.java:57)
]]></error>
  </testcase>
  <testcase name="testIncrementDouble[25]" classname="org.springframework.data.redis.support.collections.RedisMapTests" time="0">
    <error message="Could not initialize class org.springframework.data.redis.test.util.MinimumRedisVersionRule" type="java.lang.NoClassDefFoundError"><![CDATA[java.lang.NoClassDefFoundError: Could not initialize class org.springframework.data.redis.test.util.MinimumRedisVersionRule
	at org.springframework.data.redis.support.collections.RedisMapTests.<init>(RedisMapTests.java:57)
]]></error>
  </testcase>
  <testcase name="testContainsKey[25]" classname="org.springframework.data.redis.support.collections.RedisMapTests" time="0.001">
    <error message="Could not initialize class org.springframework.data.redis.test.util.MinimumRedisVersionRule" type="java.lang.NoClassDefFoundError"><![CDATA[java.lang.NoClassDefFoundError: Could not initialize class org.springframework.data.redis.test.util.MinimumRedisVersionRule
	at org.springframework.data.redis.support.collections.RedisMapTests.<init>(RedisMapTests.java:57)
]]></error>
  </testcase>
  <testcase name="testScanWorksCorrectly[25]" classname="org.springframework.data.redis.support.collections.RedisMapTests" time="0">
    <error message="Could not initialize class org.springframework.data.redis.test.util.MinimumRedisVersionRule" type="java.lang.NoClassDefFoundError"><![CDATA[java.lang.NoClassDefFoundError: Could not initialize class org.springframework.data.redis.test.util.MinimumRedisVersionRule
	at org.springframework.data.redis.support.collections.RedisMapTests.<init>(RedisMapTests.java:57)
]]></error>
  </testcase>
  <testcase name="testPutIfAbsent[25]" classname="org.springframework.data.redis.support.collections.RedisMapTests" time="0">
    <error message="Could not initialize class org.springframework.data.redis.test.util.MinimumRedisVersionRule" type="java.lang.NoClassDefFoundError"><![CDATA[java.lang.NoClassDefFoundError: Could not initialize class org.springframework.data.redis.test.util.MinimumRedisVersionRule
	at org.springframework.data.redis.support.collections.RedisMapTests.<init>(RedisMapTests.java:57)
]]></error>
  </testcase>
  <testcase name="testContainsValue[25]" classname="org.springframework.data.redis.support.collections.RedisMapTests" time="0">
    <error message="Could not initialize class org.springframework.data.redis.test.util.MinimumRedisVersionRule" type="java.lang.NoClassDefFoundError"><![CDATA[java.lang.NoClassDefFoundError: Could not initialize class org.springframework.data.redis.test.util.MinimumRedisVersionRule
	at org.springframework.data.redis.support.collections.RedisMapTests.<init>(RedisMapTests.java:57)
]]></error>
  </testcase>
  <testcase name="testReplaceNullNewValue[25]" classname="org.springframework.data.redis.support.collections.RedisMapTests" time="0">
    <error message="Could not initialize class org.springframework.data.redis.test.util.MinimumRedisVersionRule" type="java.lang.NoClassDefFoundError"><![CDATA[java.lang.NoClassDefFoundError: Could not initialize class org.springframework.data.redis.test.util.MinimumRedisVersionRule
	at org.springframework.data.redis.support.collections.RedisMapTests.<init>(RedisMapTests.java:57)
]]></error>
  </testcase>
  <testcase name="testHashCode[25]" classname="org.springframework.data.redis.support.collections.RedisMapTests" time="0">
    <error message="Could not initialize class org.springframework.data.redis.test.util.MinimumRedisVersionRule" type="java.lang.NoClassDefFoundError"><![CDATA[java.lang.NoClassDefFoundError: Could not initialize class org.springframework.data.redis.test.util.MinimumRedisVersionRule
	at org.springframework.data.redis.support.collections.RedisMapTests.<init>(RedisMapTests.java:57)
]]></error>
  </testcase>
  <testcase name="testIncrementNotNumber[25]" classname="org.springframework.data.redis.support.collections.RedisMapTests" time="0">
    <error message="Could not initialize class org.springframework.data.redis.test.util.MinimumRedisVersionRule" type="java.lang.NoClassDefFoundError"><![CDATA[java.lang.NoClassDefFoundError: Could not initialize class org.springframework.data.redis.test.util.MinimumRedisVersionRule
	at org.springframework.data.redis.support.collections.RedisMapTests.<init>(RedisMapTests.java:57)
]]></error>
  </testcase>
  <testcase name="testEquals[25]" classname="org.springframework.data.redis.support.collections.RedisMapTests" time="0">
    <error message="Could not initialize class org.springframework.data.redis.test.util.MinimumRedisVersionRule" type="java.lang.NoClassDefFoundError"><![CDATA[java.lang.NoClassDefFoundError: Could not initialize class org.springframework.data.redis.test.util.MinimumRedisVersionRule
	at org.springframework.data.redis.support.collections.RedisMapTests.<init>(RedisMapTests.java:57)
]]></error>
  </testcase>
  <testcase name="testGetKey[25]" classname="org.springframework.data.redis.support.collections.RedisMapTests" time="0">
    <error message="Could not initialize class org.springframework.data.redis.test.util.MinimumRedisVersionRule" type="java.lang.NoClassDefFoundError"><![CDATA[java.lang.NoClassDefFoundError: Could not initialize class org.springframework.data.redis.test.util.MinimumRedisVersionRule
	at org.springframework.data.redis.support.collections.RedisMapTests.<init>(RedisMapTests.java:57)
]]></error>
  </testcase>
  <testcase name="testKeySet[25]" classname="org.springframework.data.redis.support.collections.RedisMapTests" time="0.001">
    <error message="Could not initialize class org.springframework.data.redis.test.util.MinimumRedisVersionRule" type="java.lang.NoClassDefFoundError"><![CDATA[java.lang.NoClassDefFoundError: Could not initialize class org.springframework.data.redis.test.util.MinimumRedisVersionRule
	at org.springframework.data.redis.support.collections.RedisMapTests.<init>(RedisMapTests.java:57)
]]></error>
  </testcase>
  <testcase name="testNotEquals[25]" classname="org.springframework.data.redis.support.collections.RedisMapTests" time="0">
    <error message="Could not initialize class org.springframework.data.redis.test.util.MinimumRedisVersionRule" type="java.lang.NoClassDefFoundError"><![CDATA[java.lang.NoClassDefFoundError: Could not initialize class org.springframework.data.redis.test.util.MinimumRedisVersionRule
	at org.springframework.data.redis.support.collections.RedisMapTests.<init>(RedisMapTests.java:57)
]]></error>
  </testcase>
  <testcase name="testGetOperations[25]" classname="org.springframework.data.redis.support.collections.RedisMapTests" time="0">
    <error message="Could not initialize class org.springframework.data.redis.test.util.MinimumRedisVersionRule" type="java.lang.NoClassDefFoundError"><![CDATA[java.lang.NoClassDefFoundError: Could not initialize class org.springframework.data.redis.test.util.MinimumRedisVersionRule
	at org.springframework.data.redis.support.collections.RedisMapTests.<init>(RedisMapTests.java:57)
]]></error>
  </testcase>
  <testcase name="testPutAll[25]" classname="org.springframework.data.redis.support.collections.RedisMapTests" time="0">
    <error message="Could not initialize class org.springframework.data.redis.test.util.MinimumRedisVersionRule" type="java.lang.NoClassDefFoundError"><![CDATA[java.lang.NoClassDefFoundError: Could not initialize class org.springframework.data.redis.test.util.MinimumRedisVersionRule
	at org.springframework.data.redis.support.collections.RedisMapTests.<init>(RedisMapTests.java:57)
]]></error>
  </testcase>
  <testcase name="testIsEmpty[25]" classname="org.springframework.data.redis.support.collections.RedisMapTests" time="0">
    <error message="Could not initialize class org.springframework.data.redis.test.util.MinimumRedisVersionRule" type="java.lang.NoClassDefFoundError"><![CDATA[java.lang.NoClassDefFoundError: Could not initialize class org.springframework.data.redis.test.util.MinimumRedisVersionRule
	at org.springframework.data.redis.support.collections.RedisMapTests.<init>(RedisMapTests.java:57)
]]></error>
  </testcase>
  <testcase name="testRemove[25]" classname="org.springframework.data.redis.support.collections.RedisMapTests" time="0">
    <error message="Could not initialize class org.springframework.data.redis.test.util.MinimumRedisVersionRule" type="java.lang.NoClassDefFoundError"><![CDATA[java.lang.NoClassDefFoundError: Could not initialize class org.springframework.data.redis.test.util.MinimumRedisVersionRule
	at org.springframework.data.redis.support.collections.RedisMapTests.<init>(RedisMapTests.java:57)
]]></error>
  </testcase>
  <testcase name="testConcurrentReplaceTwoArgs[25]" classname="org.springframework.data.redis.support.collections.RedisMapTests" time="0">
    <error message="Could not initialize class org.springframework.data.redis.test.util.MinimumRedisVersionRule" type="java.lang.NoClassDefFoundError"><![CDATA[java.lang.NoClassDefFoundError: Could not initialize class org.springframework.data.redis.test.util.MinimumRedisVersionRule
	at org.springframework.data.redis.support.collections.RedisMapTests.<init>(RedisMapTests.java:57)
]]></error>
  </testcase>
  <testcase name="testValues[25]" classname="org.springframework.data.redis.support.collections.RedisMapTests" time="0">
    <error message="Could not initialize class org.springframework.data.redis.test.util.MinimumRedisVersionRule" type="java.lang.NoClassDefFoundError"><![CDATA[java.lang.NoClassDefFoundError: Could not initialize class org.springframework.data.redis.test.util.MinimumRedisVersionRule
	at org.springframework.data.redis.support.collections.RedisMapTests.<init>(RedisMapTests.java:57)
]]></error>
  </testcase>
  <testcase name="testConcurrentRemove[26]" classname="org.springframework.data.redis.support.collections.RedisMapTests" time="0">
    <error message="Could not initialize class org.springframework.data.redis.test.util.MinimumRedisVersionRule" type="java.lang.NoClassDefFoundError"><![CDATA[java.lang.NoClassDefFoundError: Could not initialize class org.springframework.data.redis.test.util.MinimumRedisVersionRule
	at org.springframework.data.redis.support.collections.RedisMapTests.<init>(RedisMapTests.java:57)
]]></error>
  </testcase>
  <testcase name="testGet[26]" classname="org.springframework.data.redis.support.collections.RedisMapTests" time="0">
    <error message="Could not initialize class org.springframework.data.redis.test.util.MinimumRedisVersionRule" type="java.lang.NoClassDefFoundError"><![CDATA[java.lang.NoClassDefFoundError: Could not initialize class org.springframework.data.redis.test.util.MinimumRedisVersionRule
	at org.springframework.data.redis.support.collections.RedisMapTests.<init>(RedisMapTests.java:57)
]]></error>
  </testcase>
  <testcase name="testPut[26]" classname="org.springframework.data.redis.support.collections.RedisMapTests" time="0.001">
    <error message="Could not initialize class org.springframework.data.redis.test.util.MinimumRedisVersionRule" type="java.lang.NoClassDefFoundError"><![CDATA[java.lang.NoClassDefFoundError: Could not initialize class org.springframework.data.redis.test.util.MinimumRedisVersionRule
	at org.springframework.data.redis.support.collections.RedisMapTests.<init>(RedisMapTests.java:57)
]]></error>
  </testcase>
  <testcase name="testReplaceNullValue[26]" classname="org.springframework.data.redis.support.collections.RedisMapTests" time="0">
    <error message="Could not initialize class org.springframework.data.redis.test.util.MinimumRedisVersionRule" type="java.lang.NoClassDefFoundError"><![CDATA[java.lang.NoClassDefFoundError: Could not initialize class org.springframework.data.redis.test.util.MinimumRedisVersionRule
	at org.springframework.data.redis.support.collections.RedisMapTests.<init>(RedisMapTests.java:57)
]]></error>
  </testcase>
  <testcase name="testEntrySet[26]" classname="org.springframework.data.redis.support.collections.RedisMapTests" time="0">
    <error message="Could not initialize class org.springframework.data.redis.test.util.MinimumRedisVersionRule" type="java.lang.NoClassDefFoundError"><![CDATA[java.lang.NoClassDefFoundError: Could not initialize class org.springframework.data.redis.test.util.MinimumRedisVersionRule
	at org.springframework.data.redis.support.collections.RedisMapTests.<init>(RedisMapTests.java:57)
]]></error>
  </testcase>
  <testcase name="testRemoveNullValue[26]" classname="org.springframework.data.redis.support.collections.RedisMapTests" time="0">
    <error message="Could not initialize class org.springframework.data.redis.test.util.MinimumRedisVersionRule" type="java.lang.NoClassDefFoundError"><![CDATA[java.lang.NoClassDefFoundError: Could not initialize class org.springframework.data.redis.test.util.MinimumRedisVersionRule
	at org.springframework.data.redis.support.collections.RedisMapTests.<init>(RedisMapTests.java:57)
]]></error>
  </testcase>
  <testcase name="testClear[26]" classname="org.springframework.data.redis.support.collections.RedisMapTests" time="0">
    <error message="Could not initialize class org.springframework.data.redis.test.util.MinimumRedisVersionRule" type="java.lang.NoClassDefFoundError"><![CDATA[java.lang.NoClassDefFoundError: Could not initialize class org.springframework.data.redis.test.util.MinimumRedisVersionRule
	at org.springframework.data.redis.support.collections.RedisMapTests.<init>(RedisMapTests.java:57)
]]></error>
  </testcase>
  <testcase name="testSize[26]" classname="org.springframework.data.redis.support.collections.RedisMapTests" time="0">
    <error message="Could not initialize class org.springframework.data.redis.test.util.MinimumRedisVersionRule" type="java.lang.NoClassDefFoundError"><![CDATA[java.lang.NoClassDefFoundError: Could not initialize class org.springframework.data.redis.test.util.MinimumRedisVersionRule
	at org.springframework.data.redis.support.collections.RedisMapTests.<init>(RedisMapTests.java:57)
]]></error>
  </testcase>
  <testcase name="testReplaceNullOldValue[26]" classname="org.springframework.data.redis.support.collections.RedisMapTests" time="0">
    <error message="Could not initialize class org.springframework.data.redis.test.util.MinimumRedisVersionRule" type="java.lang.NoClassDefFoundError"><![CDATA[java.lang.NoClassDefFoundError: Could not initialize class org.springframework.data.redis.test.util.MinimumRedisVersionRule
	at org.springframework.data.redis.support.collections.RedisMapTests.<init>(RedisMapTests.java:57)
]]></error>
  </testcase>
  <testcase name="testConcurrentReplaceOneArg[26]" classname="org.springframework.data.redis.support.collections.RedisMapTests" time="0">
    <error message="Could not initialize class org.springframework.data.redis.test.util.MinimumRedisVersionRule" type="java.lang.NoClassDefFoundError"><![CDATA[java.lang.NoClassDefFoundError: Could not initialize class org.springframework.data.redis.test.util.MinimumRedisVersionRule
	at org.springframework.data.redis.support.collections.RedisMapTests.<init>(RedisMapTests.java:57)
]]></error>
  </testcase>
  <testcase name="testIncrement[26]" classname="org.springframework.data.redis.support.collections.RedisMapTests" time="0">
    <error message="Could not initialize class org.springframework.data.redis.test.util.MinimumRedisVersionRule" type="java.lang.NoClassDefFoundError"><![CDATA[java.lang.NoClassDefFoundError: Could not initialize class org.springframework.data.redis.test.util.MinimumRedisVersionRule
	at org.springframework.data.redis.support.collections.RedisMapTests.<init>(RedisMapTests.java:57)
]]></error>
  </testcase>
  <testcase name="testIncrementDouble[26]" classname="org.springframework.data.redis.support.collections.RedisMapTests" time="0">
    <error message="Could not initialize class org.springframework.data.redis.test.util.MinimumRedisVersionRule" type="java.lang.NoClassDefFoundError"><![CDATA[java.lang.NoClassDefFoundError: Could not initialize class org.springframework.data.redis.test.util.MinimumRedisVersionRule
	at org.springframework.data.redis.support.collections.RedisMapTests.<init>(RedisMapTests.java:57)
]]></error>
  </testcase>
  <testcase name="testContainsKey[26]" classname="org.springframework.data.redis.support.collections.RedisMapTests" time="0.001">
    <error message="Could not initialize class org.springframework.data.redis.test.util.MinimumRedisVersionRule" type="java.lang.NoClassDefFoundError"><![CDATA[java.lang.NoClassDefFoundError: Could not initialize class org.springframework.data.redis.test.util.MinimumRedisVersionRule
	at org.springframework.data.redis.support.collections.RedisMapTests.<init>(RedisMapTests.java:57)
]]></error>
  </testcase>
  <testcase name="testScanWorksCorrectly[26]" classname="org.springframework.data.redis.support.collections.RedisMapTests" time="0">
    <error message="Could not initialize class org.springframework.data.redis.test.util.MinimumRedisVersionRule" type="java.lang.NoClassDefFoundError"><![CDATA[java.lang.NoClassDefFoundError: Could not initialize class org.springframework.data.redis.test.util.MinimumRedisVersionRule
	at org.springframework.data.redis.support.collections.RedisMapTests.<init>(RedisMapTests.java:57)
]]></error>
  </testcase>
  <testcase name="testPutIfAbsent[26]" classname="org.springframework.data.redis.support.collections.RedisMapTests" time="0">
    <error message="Could not initialize class org.springframework.data.redis.test.util.MinimumRedisVersionRule" type="java.lang.NoClassDefFoundError"><![CDATA[java.lang.NoClassDefFoundError: Could not initialize class org.springframework.data.redis.test.util.MinimumRedisVersionRule
	at org.springframework.data.redis.support.collections.RedisMapTests.<init>(RedisMapTests.java:57)
]]></error>
  </testcase>
  <testcase name="testContainsValue[26]" classname="org.springframework.data.redis.support.collections.RedisMapTests" time="0">
    <error message="Could not initialize class org.springframework.data.redis.test.util.MinimumRedisVersionRule" type="java.lang.NoClassDefFoundError"><![CDATA[java.lang.NoClassDefFoundError: Could not initialize class org.springframework.data.redis.test.util.MinimumRedisVersionRule
	at org.springframework.data.redis.support.collections.RedisMapTests.<init>(RedisMapTests.java:57)
]]></error>
  </testcase>
  <testcase name="testReplaceNullNewValue[26]" classname="org.springframework.data.redis.support.collections.RedisMapTests" time="0">
    <error message="Could not initialize class org.springframework.data.redis.test.util.MinimumRedisVersionRule" type="java.lang.NoClassDefFoundError"><![CDATA[java.lang.NoClassDefFoundError: Could not initialize class org.springframework.data.redis.test.util.MinimumRedisVersionRule
	at org.springframework.data.redis.support.collections.RedisMapTests.<init>(RedisMapTests.java:57)
]]></error>
  </testcase>
  <testcase name="testHashCode[26]" classname="org.springframework.data.redis.support.collections.RedisMapTests" time="0">
    <error message="Could not initialize class org.springframework.data.redis.test.util.MinimumRedisVersionRule" type="java.lang.NoClassDefFoundError"><![CDATA[java.lang.NoClassDefFoundError: Could not initialize class org.springframework.data.redis.test.util.MinimumRedisVersionRule
	at org.springframework.data.redis.support.collections.RedisMapTests.<init>(RedisMapTests.java:57)
]]></error>
  </testcase>
  <testcase name="testIncrementNotNumber[26]" classname="org.springframework.data.redis.support.collections.RedisMapTests" time="0">
    <error message="Could not initialize class org.springframework.data.redis.test.util.MinimumRedisVersionRule" type="java.lang.NoClassDefFoundError"><![CDATA[java.lang.NoClassDefFoundError: Could not initialize class org.springframework.data.redis.test.util.MinimumRedisVersionRule
	at org.springframework.data.redis.support.collections.RedisMapTests.<init>(RedisMapTests.java:57)
]]></error>
  </testcase>
  <testcase name="testEquals[26]" classname="org.springframework.data.redis.support.collections.RedisMapTests" time="0">
    <error message="Could not initialize class org.springframework.data.redis.test.util.MinimumRedisVersionRule" type="java.lang.NoClassDefFoundError"><![CDATA[java.lang.NoClassDefFoundError: Could not initialize class org.springframework.data.redis.test.util.MinimumRedisVersionRule
	at org.springframework.data.redis.support.collections.RedisMapTests.<init>(RedisMapTests.java:57)
]]></error>
  </testcase>
  <testcase name="testGetKey[26]" classname="org.springframework.data.redis.support.collections.RedisMapTests" time="0">
    <error message="Could not initialize class org.springframework.data.redis.test.util.MinimumRedisVersionRule" type="java.lang.NoClassDefFoundError"><![CDATA[java.lang.NoClassDefFoundError: Could not initialize class org.springframework.data.redis.test.util.MinimumRedisVersionRule
	at org.springframework.data.redis.support.collections.RedisMapTests.<init>(RedisMapTests.java:57)
]]></error>
  </testcase>
  <testcase name="testKeySet[26]" classname="org.springframework.data.redis.support.collections.RedisMapTests" time="0.001">
    <error message="Could not initialize class org.springframework.data.redis.test.util.MinimumRedisVersionRule" type="java.lang.NoClassDefFoundError"><![CDATA[java.lang.NoClassDefFoundError: Could not initialize class org.springframework.data.redis.test.util.MinimumRedisVersionRule
	at org.springframework.data.redis.support.collections.RedisMapTests.<init>(RedisMapTests.java:57)
]]></error>
  </testcase>
  <testcase name="testNotEquals[26]" classname="org.springframework.data.redis.support.collections.RedisMapTests" time="0">
    <error message="Could not initialize class org.springframework.data.redis.test.util.MinimumRedisVersionRule" type="java.lang.NoClassDefFoundError"><![CDATA[java.lang.NoClassDefFoundError: Could not initialize class org.springframework.data.redis.test.util.MinimumRedisVersionRule
	at org.springframework.data.redis.support.collections.RedisMapTests.<init>(RedisMapTests.java:57)
]]></error>
  </testcase>
  <testcase name="testGetOperations[26]" classname="org.springframework.data.redis.support.collections.RedisMapTests" time="0">
    <error message="Could not initialize class org.springframework.data.redis.test.util.MinimumRedisVersionRule" type="java.lang.NoClassDefFoundError"><![CDATA[java.lang.NoClassDefFoundError: Could not initialize class org.springframework.data.redis.test.util.MinimumRedisVersionRule
	at org.springframework.data.redis.support.collections.RedisMapTests.<init>(RedisMapTests.java:57)
]]></error>
  </testcase>
  <testcase name="testPutAll[26]" classname="org.springframework.data.redis.support.collections.RedisMapTests" time="0">
    <error message="Could not initialize class org.springframework.data.redis.test.util.MinimumRedisVersionRule" type="java.lang.NoClassDefFoundError"><![CDATA[java.lang.NoClassDefFoundError: Could not initialize class org.springframework.data.redis.test.util.MinimumRedisVersionRule
	at org.springframework.data.redis.support.collections.RedisMapTests.<init>(RedisMapTests.java:57)
]]></error>
  </testcase>
  <testcase name="testIsEmpty[26]" classname="org.springframework.data.redis.support.collections.RedisMapTests" time="0">
    <error message="Could not initialize class org.springframework.data.redis.test.util.MinimumRedisVersionRule" type="java.lang.NoClassDefFoundError"><![CDATA[java.lang.NoClassDefFoundError: Could not initialize class org.springframework.data.redis.test.util.MinimumRedisVersionRule
	at org.springframework.data.redis.support.collections.RedisMapTests.<init>(RedisMapTests.java:57)
]]></error>
  </testcase>
  <testcase name="testRemove[26]" classname="org.springframework.data.redis.support.collections.RedisMapTests" time="0">
    <error message="Could not initialize class org.springframework.data.redis.test.util.MinimumRedisVersionRule" type="java.lang.NoClassDefFoundError"><![CDATA[java.lang.NoClassDefFoundError: Could not initialize class org.springframework.data.redis.test.util.MinimumRedisVersionRule
	at org.springframework.data.redis.support.collections.RedisMapTests.<init>(RedisMapTests.java:57)
]]></error>
  </testcase>
  <testcase name="testConcurrentReplaceTwoArgs[26]" classname="org.springframework.data.redis.support.collections.RedisMapTests" time="0">
    <error message="Could not initialize class org.springframework.data.redis.test.util.MinimumRedisVersionRule" type="java.lang.NoClassDefFoundError"><![CDATA[java.lang.NoClassDefFoundError: Could not initialize class org.springframework.data.redis.test.util.MinimumRedisVersionRule
	at org.springframework.data.redis.support.collections.RedisMapTests.<init>(RedisMapTests.java:57)
]]></error>
  </testcase>
  <testcase name="testValues[26]" classname="org.springframework.data.redis.support.collections.RedisMapTests" time="0">
    <error message="Could not initialize class org.springframework.data.redis.test.util.MinimumRedisVersionRule" type="java.lang.NoClassDefFoundError"><![CDATA[java.lang.NoClassDefFoundError: Could not initialize class org.springframework.data.redis.test.util.MinimumRedisVersionRule
	at org.springframework.data.redis.support.collections.RedisMapTests.<init>(RedisMapTests.java:57)
]]></error>
  </testcase>
  <testcase name="testConcurrentRemove[27]" classname="org.springframework.data.redis.support.collections.RedisMapTests" time="0">
    <error message="Could not initialize class org.springframework.data.redis.test.util.MinimumRedisVersionRule" type="java.lang.NoClassDefFoundError"><![CDATA[java.lang.NoClassDefFoundError: Could not initialize class org.springframework.data.redis.test.util.MinimumRedisVersionRule
	at org.springframework.data.redis.support.collections.RedisMapTests.<init>(RedisMapTests.java:57)
]]></error>
  </testcase>
  <testcase name="testGet[27]" classname="org.springframework.data.redis.support.collections.RedisMapTests" time="0">
    <error message="Could not initialize class org.springframework.data.redis.test.util.MinimumRedisVersionRule" type="java.lang.NoClassDefFoundError"><![CDATA[java.lang.NoClassDefFoundError: Could not initialize class org.springframework.data.redis.test.util.MinimumRedisVersionRule
	at org.springframework.data.redis.support.collections.RedisMapTests.<init>(RedisMapTests.java:57)
]]></error>
  </testcase>
  <testcase name="testPut[27]" classname="org.springframework.data.redis.support.collections.RedisMapTests" time="0.001">
    <error message="Could not initialize class org.springframework.data.redis.test.util.MinimumRedisVersionRule" type="java.lang.NoClassDefFoundError"><![CDATA[java.lang.NoClassDefFoundError: Could not initialize class org.springframework.data.redis.test.util.MinimumRedisVersionRule
	at org.springframework.data.redis.support.collections.RedisMapTests.<init>(RedisMapTests.java:57)
]]></error>
  </testcase>
  <testcase name="testReplaceNullValue[27]" classname="org.springframework.data.redis.support.collections.RedisMapTests" time="0">
    <error message="Could not initialize class org.springframework.data.redis.test.util.MinimumRedisVersionRule" type="java.lang.NoClassDefFoundError"><![CDATA[java.lang.NoClassDefFoundError: Could not initialize class org.springframework.data.redis.test.util.MinimumRedisVersionRule
	at org.springframework.data.redis.support.collections.RedisMapTests.<init>(RedisMapTests.java:57)
]]></error>
  </testcase>
  <testcase name="testEntrySet[27]" classname="org.springframework.data.redis.support.collections.RedisMapTests" time="0">
    <error message="Could not initialize class org.springframework.data.redis.test.util.MinimumRedisVersionRule" type="java.lang.NoClassDefFoundError"><![CDATA[java.lang.NoClassDefFoundError: Could not initialize class org.springframework.data.redis.test.util.MinimumRedisVersionRule
	at org.springframework.data.redis.support.collections.RedisMapTests.<init>(RedisMapTests.java:57)
]]></error>
  </testcase>
  <testcase name="testRemoveNullValue[27]" classname="org.springframework.data.redis.support.collections.RedisMapTests" time="0">
    <error message="Could not initialize class org.springframework.data.redis.test.util.MinimumRedisVersionRule" type="java.lang.NoClassDefFoundError"><![CDATA[java.lang.NoClassDefFoundError: Could not initialize class org.springframework.data.redis.test.util.MinimumRedisVersionRule
	at org.springframework.data.redis.support.collections.RedisMapTests.<init>(RedisMapTests.java:57)
]]></error>
  </testcase>
  <testcase name="testClear[27]" classname="org.springframework.data.redis.support.collections.RedisMapTests" time="0">
    <error message="Could not initialize class org.springframework.data.redis.test.util.MinimumRedisVersionRule" type="java.lang.NoClassDefFoundError"><![CDATA[java.lang.NoClassDefFoundError: Could not initialize class org.springframework.data.redis.test.util.MinimumRedisVersionRule
	at org.springframework.data.redis.support.collections.RedisMapTests.<init>(RedisMapTests.java:57)
]]></error>
  </testcase>
  <testcase name="testSize[27]" classname="org.springframework.data.redis.support.collections.RedisMapTests" time="0">
    <error message="Could not initialize class org.springframework.data.redis.test.util.MinimumRedisVersionRule" type="java.lang.NoClassDefFoundError"><![CDATA[java.lang.NoClassDefFoundError: Could not initialize class org.springframework.data.redis.test.util.MinimumRedisVersionRule
	at org.springframework.data.redis.support.collections.RedisMapTests.<init>(RedisMapTests.java:57)
]]></error>
  </testcase>
  <testcase name="testReplaceNullOldValue[27]" classname="org.springframework.data.redis.support.collections.RedisMapTests" time="0">
    <error message="Could not initialize class org.springframework.data.redis.test.util.MinimumRedisVersionRule" type="java.lang.NoClassDefFoundError"><![CDATA[java.lang.NoClassDefFoundError: Could not initialize class org.springframework.data.redis.test.util.MinimumRedisVersionRule
	at org.springframework.data.redis.support.collections.RedisMapTests.<init>(RedisMapTests.java:57)
]]></error>
  </testcase>
  <testcase name="testConcurrentReplaceOneArg[27]" classname="org.springframework.data.redis.support.collections.RedisMapTests" time="0">
    <error message="Could not initialize class org.springframework.data.redis.test.util.MinimumRedisVersionRule" type="java.lang.NoClassDefFoundError"><![CDATA[java.lang.NoClassDefFoundError: Could not initialize class org.springframework.data.redis.test.util.MinimumRedisVersionRule
	at org.springframework.data.redis.support.collections.RedisMapTests.<init>(RedisMapTests.java:57)
]]></error>
  </testcase>
  <testcase name="testIncrement[27]" classname="org.springframework.data.redis.support.collections.RedisMapTests" time="0">
    <error message="Could not initialize class org.springframework.data.redis.test.util.MinimumRedisVersionRule" type="java.lang.NoClassDefFoundError"><![CDATA[java.lang.NoClassDefFoundError: Could not initialize class org.springframework.data.redis.test.util.MinimumRedisVersionRule
	at org.springframework.data.redis.support.collections.RedisMapTests.<init>(RedisMapTests.java:57)
]]></error>
  </testcase>
  <testcase name="testIncrementDouble[27]" classname="org.springframework.data.redis.support.collections.RedisMapTests" time="0">
    <error message="Could not initialize class org.springframework.data.redis.test.util.MinimumRedisVersionRule" type="java.lang.NoClassDefFoundError"><![CDATA[java.lang.NoClassDefFoundError: Could not initialize class org.springframework.data.redis.test.util.MinimumRedisVersionRule
	at org.springframework.data.redis.support.collections.RedisMapTests.<init>(RedisMapTests.java:57)
]]></error>
  </testcase>
  <testcase name="testContainsKey[27]" classname="org.springframework.data.redis.support.collections.RedisMapTests" time="0.001">
    <error message="Could not initialize class org.springframework.data.redis.test.util.MinimumRedisVersionRule" type="java.lang.NoClassDefFoundError"><![CDATA[java.lang.NoClassDefFoundError: Could not initialize class org.springframework.data.redis.test.util.MinimumRedisVersionRule
	at org.springframework.data.redis.support.collections.RedisMapTests.<init>(RedisMapTests.java:57)
]]></error>
  </testcase>
  <testcase name="testScanWorksCorrectly[27]" classname="org.springframework.data.redis.support.collections.RedisMapTests" time="0">
    <error message="Could not initialize class org.springframework.data.redis.test.util.MinimumRedisVersionRule" type="java.lang.NoClassDefFoundError"><![CDATA[java.lang.NoClassDefFoundError: Could not initialize class org.springframework.data.redis.test.util.MinimumRedisVersionRule
	at org.springframework.data.redis.support.collections.RedisMapTests.<init>(RedisMapTests.java:57)
]]></error>
  </testcase>
  <testcase name="testPutIfAbsent[27]" classname="org.springframework.data.redis.support.collections.RedisMapTests" time="0">
    <error message="Could not initialize class org.springframework.data.redis.test.util.MinimumRedisVersionRule" type="java.lang.NoClassDefFoundError"><![CDATA[java.lang.NoClassDefFoundError: Could not initialize class org.springframework.data.redis.test.util.MinimumRedisVersionRule
	at org.springframework.data.redis.support.collections.RedisMapTests.<init>(RedisMapTests.java:57)
]]></error>
  </testcase>
  <testcase name="testContainsValue[27]" classname="org.springframework.data.redis.support.collections.RedisMapTests" time="0">
    <error message="Could not initialize class org.springframework.data.redis.test.util.MinimumRedisVersionRule" type="java.lang.NoClassDefFoundError"><![CDATA[java.lang.NoClassDefFoundError: Could not initialize class org.springframework.data.redis.test.util.MinimumRedisVersionRule
	at org.springframework.data.redis.support.collections.RedisMapTests.<init>(RedisMapTests.java:57)
]]></error>
  </testcase>
  <testcase name="testReplaceNullNewValue[27]" classname="org.springframework.data.redis.support.collections.RedisMapTests" time="0">
    <error message="Could not initialize class org.springframework.data.redis.test.util.MinimumRedisVersionRule" type="java.lang.NoClassDefFoundError"><![CDATA[java.lang.NoClassDefFoundError: Could not initialize class org.springframework.data.redis.test.util.MinimumRedisVersionRule
	at org.springframework.data.redis.support.collections.RedisMapTests.<init>(RedisMapTests.java:57)
]]></error>
  </testcase>
  <testcase name="testHashCode[27]" classname="org.springframework.data.redis.support.collections.RedisMapTests" time="0">
    <error message="Could not initialize class org.springframework.data.redis.test.util.MinimumRedisVersionRule" type="java.lang.NoClassDefFoundError"><![CDATA[java.lang.NoClassDefFoundError: Could not initialize class org.springframework.data.redis.test.util.MinimumRedisVersionRule
	at org.springframework.data.redis.support.collections.RedisMapTests.<init>(RedisMapTests.java:57)
]]></error>
  </testcase>
  <testcase name="testIncrementNotNumber[27]" classname="org.springframework.data.redis.support.collections.RedisMapTests" time="0">
    <error message="Could not initialize class org.springframework.data.redis.test.util.MinimumRedisVersionRule" type="java.lang.NoClassDefFoundError"><![CDATA[java.lang.NoClassDefFoundError: Could not initialize class org.springframework.data.redis.test.util.MinimumRedisVersionRule
	at org.springframework.data.redis.support.collections.RedisMapTests.<init>(RedisMapTests.java:57)
]]></error>
  </testcase>
  <testcase name="testEquals[27]" classname="org.springframework.data.redis.support.collections.RedisMapTests" time="0">
    <error message="Could not initialize class org.springframework.data.redis.test.util.MinimumRedisVersionRule" type="java.lang.NoClassDefFoundError"><![CDATA[java.lang.NoClassDefFoundError: Could not initialize class org.springframework.data.redis.test.util.MinimumRedisVersionRule
	at org.springframework.data.redis.support.collections.RedisMapTests.<init>(RedisMapTests.java:57)
]]></error>
  </testcase>
  <testcase name="testGetKey[27]" classname="org.springframework.data.redis.support.collections.RedisMapTests" time="0">
    <error message="Could not initialize class org.springframework.data.redis.test.util.MinimumRedisVersionRule" type="java.lang.NoClassDefFoundError"><![CDATA[java.lang.NoClassDefFoundError: Could not initialize class org.springframework.data.redis.test.util.MinimumRedisVersionRule
	at org.springframework.data.redis.support.collections.RedisMapTests.<init>(RedisMapTests.java:57)
]]></error>
  </testcase>
  <testcase name="testKeySet[27]" classname="org.springframework.data.redis.support.collections.RedisMapTests" time="0">
    <error message="Could not initialize class org.springframework.data.redis.test.util.MinimumRedisVersionRule" type="java.lang.NoClassDefFoundError"><![CDATA[java.lang.NoClassDefFoundError: Could not initialize class org.springframework.data.redis.test.util.MinimumRedisVersionRule
	at org.springframework.data.redis.support.collections.RedisMapTests.<init>(RedisMapTests.java:57)
]]></error>
  </testcase>
  <testcase name="testNotEquals[27]" classname="org.springframework.data.redis.support.collections.RedisMapTests" time="0">
    <error message="Could not initialize class org.springframework.data.redis.test.util.MinimumRedisVersionRule" type="java.lang.NoClassDefFoundError"><![CDATA[java.lang.NoClassDefFoundError: Could not initialize class org.springframework.data.redis.test.util.MinimumRedisVersionRule
	at org.springframework.data.redis.support.collections.RedisMapTests.<init>(RedisMapTests.java:57)
]]></error>
  </testcase>
  <testcase name="testGetOperations[27]" classname="org.springframework.data.redis.support.collections.RedisMapTests" time="0">
    <error message="Could not initialize class org.springframework.data.redis.test.util.MinimumRedisVersionRule" type="java.lang.NoClassDefFoundError"><![CDATA[java.lang.NoClassDefFoundError: Could not initialize class org.springframework.data.redis.test.util.MinimumRedisVersionRule
	at org.springframework.data.redis.support.collections.RedisMapTests.<init>(RedisMapTests.java:57)
]]></error>
  </testcase>
  <testcase name="testPutAll[27]" classname="org.springframework.data.redis.support.collections.RedisMapTests" time="0">
    <error message="Could not initialize class org.springframework.data.redis.test.util.MinimumRedisVersionRule" type="java.lang.NoClassDefFoundError"><![CDATA[java.lang.NoClassDefFoundError: Could not initialize class org.springframework.data.redis.test.util.MinimumRedisVersionRule
	at org.springframework.data.redis.support.collections.RedisMapTests.<init>(RedisMapTests.java:57)
]]></error>
  </testcase>
  <testcase name="testIsEmpty[27]" classname="org.springframework.data.redis.support.collections.RedisMapTests" time="0">
    <error message="Could not initialize class org.springframework.data.redis.test.util.MinimumRedisVersionRule" type="java.lang.NoClassDefFoundError"><![CDATA[java.lang.NoClassDefFoundError: Could not initialize class org.springframework.data.redis.test.util.MinimumRedisVersionRule
	at org.springframework.data.redis.support.collections.RedisMapTests.<init>(RedisMapTests.java:57)
]]></error>
  </testcase>
  <testcase name="testRemove[27]" classname="org.springframework.data.redis.support.collections.RedisMapTests" time="0">
    <error message="Could not initialize class org.springframework.data.redis.test.util.MinimumRedisVersionRule" type="java.lang.NoClassDefFoundError"><![CDATA[java.lang.NoClassDefFoundError: Could not initialize class org.springframework.data.redis.test.util.MinimumRedisVersionRule
	at org.springframework.data.redis.support.collections.RedisMapTests.<init>(RedisMapTests.java:57)
]]></error>
  </testcase>
  <testcase name="testConcurrentReplaceTwoArgs[27]" classname="org.springframework.data.redis.support.collections.RedisMapTests" time="0">
    <error message="Could not initialize class org.springframework.data.redis.test.util.MinimumRedisVersionRule" type="java.lang.NoClassDefFoundError"><![CDATA[java.lang.NoClassDefFoundError: Could not initialize class org.springframework.data.redis.test.util.MinimumRedisVersionRule
	at org.springframework.data.redis.support.collections.RedisMapTests.<init>(RedisMapTests.java:57)
]]></error>
  </testcase>
  <testcase name="testValues[27]" classname="org.springframework.data.redis.support.collections.RedisMapTests" time="0">
    <error message="Could not initialize class org.springframework.data.redis.test.util.MinimumRedisVersionRule" type="java.lang.NoClassDefFoundError"><![CDATA[java.lang.NoClassDefFoundError: Could not initialize class org.springframework.data.redis.test.util.MinimumRedisVersionRule
	at org.springframework.data.redis.support.collections.RedisMapTests.<init>(RedisMapTests.java:57)
]]></error>
  </testcase>
  <testcase name="testConcurrentRemove[28]" classname="org.springframework.data.redis.support.collections.RedisMapTests" time="0">
    <error message="Could not initialize class org.springframework.data.redis.test.util.MinimumRedisVersionRule" type="java.lang.NoClassDefFoundError"><![CDATA[java.lang.NoClassDefFoundError: Could not initialize class org.springframework.data.redis.test.util.MinimumRedisVersionRule
	at org.springframework.data.redis.support.collections.RedisMapTests.<init>(RedisMapTests.java:57)
]]></error>
  </testcase>
  <testcase name="testGet[28]" classname="org.springframework.data.redis.support.collections.RedisMapTests" time="0">
    <error message="Could not initialize class org.springframework.data.redis.test.util.MinimumRedisVersionRule" type="java.lang.NoClassDefFoundError"><![CDATA[java.lang.NoClassDefFoundError: Could not initialize class org.springframework.data.redis.test.util.MinimumRedisVersionRule
	at org.springframework.data.redis.support.collections.RedisMapTests.<init>(RedisMapTests.java:57)
]]></error>
  </testcase>
  <testcase name="testPut[28]" classname="org.springframework.data.redis.support.collections.RedisMapTests" time="0">
    <error message="Could not initialize class org.springframework.data.redis.test.util.MinimumRedisVersionRule" type="java.lang.NoClassDefFoundError"><![CDATA[java.lang.NoClassDefFoundError: Could not initialize class org.springframework.data.redis.test.util.MinimumRedisVersionRule
	at org.springframework.data.redis.support.collections.RedisMapTests.<init>(RedisMapTests.java:57)
]]></error>
  </testcase>
  <testcase name="testReplaceNullValue[28]" classname="org.springframework.data.redis.support.collections.RedisMapTests" time="0">
    <error message="Could not initialize class org.springframework.data.redis.test.util.MinimumRedisVersionRule" type="java.lang.NoClassDefFoundError"><![CDATA[java.lang.NoClassDefFoundError: Could not initialize class org.springframework.data.redis.test.util.MinimumRedisVersionRule
	at org.springframework.data.redis.support.collections.RedisMapTests.<init>(RedisMapTests.java:57)
]]></error>
  </testcase>
  <testcase name="testEntrySet[28]" classname="org.springframework.data.redis.support.collections.RedisMapTests" time="0.001">
    <error message="Could not initialize class org.springframework.data.redis.test.util.MinimumRedisVersionRule" type="java.lang.NoClassDefFoundError"><![CDATA[java.lang.NoClassDefFoundError: Could not initialize class org.springframework.data.redis.test.util.MinimumRedisVersionRule
	at org.springframework.data.redis.support.collections.RedisMapTests.<init>(RedisMapTests.java:57)
]]></error>
  </testcase>
  <testcase name="testRemoveNullValue[28]" classname="org.springframework.data.redis.support.collections.RedisMapTests" time="0">
    <error message="Could not initialize class org.springframework.data.redis.test.util.MinimumRedisVersionRule" type="java.lang.NoClassDefFoundError"><![CDATA[java.lang.NoClassDefFoundError: Could not initialize class org.springframework.data.redis.test.util.MinimumRedisVersionRule
	at org.springframework.data.redis.support.collections.RedisMapTests.<init>(RedisMapTests.java:57)
]]></error>
  </testcase>
  <testcase name="testClear[28]" classname="org.springframework.data.redis.support.collections.RedisMapTests" time="0">
    <error message="Could not initialize class org.springframework.data.redis.test.util.MinimumRedisVersionRule" type="java.lang.NoClassDefFoundError"><![CDATA[java.lang.NoClassDefFoundError: Could not initialize class org.springframework.data.redis.test.util.MinimumRedisVersionRule
	at org.springframework.data.redis.support.collections.RedisMapTests.<init>(RedisMapTests.java:57)
]]></error>
  </testcase>
  <testcase name="testSize[28]" classname="org.springframework.data.redis.support.collections.RedisMapTests" time="0">
    <error message="Could not initialize class org.springframework.data.redis.test.util.MinimumRedisVersionRule" type="java.lang.NoClassDefFoundError"><![CDATA[java.lang.NoClassDefFoundError: Could not initialize class org.springframework.data.redis.test.util.MinimumRedisVersionRule
	at org.springframework.data.redis.support.collections.RedisMapTests.<init>(RedisMapTests.java:57)
]]></error>
  </testcase>
  <testcase name="testReplaceNullOldValue[28]" classname="org.springframework.data.redis.support.collections.RedisMapTests" time="0">
    <error message="Could not initialize class org.springframework.data.redis.test.util.MinimumRedisVersionRule" type="java.lang.NoClassDefFoundError"><![CDATA[java.lang.NoClassDefFoundError: Could not initialize class org.springframework.data.redis.test.util.MinimumRedisVersionRule
	at org.springframework.data.redis.support.collections.RedisMapTests.<init>(RedisMapTests.java:57)
]]></error>
  </testcase>
  <testcase name="testConcurrentReplaceOneArg[28]" classname="org.springframework.data.redis.support.collections.RedisMapTests" time="0">
    <error message="Could not initialize class org.springframework.data.redis.test.util.MinimumRedisVersionRule" type="java.lang.NoClassDefFoundError"><![CDATA[java.lang.NoClassDefFoundError: Could not initialize class org.springframework.data.redis.test.util.MinimumRedisVersionRule
	at org.springframework.data.redis.support.collections.RedisMapTests.<init>(RedisMapTests.java:57)
]]></error>
  </testcase>
  <testcase name="testIncrement[28]" classname="org.springframework.data.redis.support.collections.RedisMapTests" time="0">
    <error message="Could not initialize class org.springframework.data.redis.test.util.MinimumRedisVersionRule" type="java.lang.NoClassDefFoundError"><![CDATA[java.lang.NoClassDefFoundError: Could not initialize class org.springframework.data.redis.test.util.MinimumRedisVersionRule
	at org.springframework.data.redis.support.collections.RedisMapTests.<init>(RedisMapTests.java:57)
]]></error>
  </testcase>
  <testcase name="testIncrementDouble[28]" classname="org.springframework.data.redis.support.collections.RedisMapTests" time="0">
    <error message="Could not initialize class org.springframework.data.redis.test.util.MinimumRedisVersionRule" type="java.lang.NoClassDefFoundError"><![CDATA[java.lang.NoClassDefFoundError: Could not initialize class org.springframework.data.redis.test.util.MinimumRedisVersionRule
	at org.springframework.data.redis.support.collections.RedisMapTests.<init>(RedisMapTests.java:57)
]]></error>
  </testcase>
  <testcase name="testContainsKey[28]" classname="org.springframework.data.redis.support.collections.RedisMapTests" time="0">
    <error message="Could not initialize class org.springframework.data.redis.test.util.MinimumRedisVersionRule" type="java.lang.NoClassDefFoundError"><![CDATA[java.lang.NoClassDefFoundError: Could not initialize class org.springframework.data.redis.test.util.MinimumRedisVersionRule
	at org.springframework.data.redis.support.collections.RedisMapTests.<init>(RedisMapTests.java:57)
]]></error>
  </testcase>
  <testcase name="testScanWorksCorrectly[28]" classname="org.springframework.data.redis.support.collections.RedisMapTests" time="0">
    <error message="Could not initialize class org.springframework.data.redis.test.util.MinimumRedisVersionRule" type="java.lang.NoClassDefFoundError"><![CDATA[java.lang.NoClassDefFoundError: Could not initialize class org.springframework.data.redis.test.util.MinimumRedisVersionRule
	at org.springframework.data.redis.support.collections.RedisMapTests.<init>(RedisMapTests.java:57)
]]></error>
  </testcase>
  <testcase name="testPutIfAbsent[28]" classname="org.springframework.data.redis.support.collections.RedisMapTests" time="0.001">
    <error message="Could not initialize class org.springframework.data.redis.test.util.MinimumRedisVersionRule" type="java.lang.NoClassDefFoundError"><![CDATA[java.lang.NoClassDefFoundError: Could not initialize class org.springframework.data.redis.test.util.MinimumRedisVersionRule
	at org.springframework.data.redis.support.collections.RedisMapTests.<init>(RedisMapTests.java:57)
]]></error>
  </testcase>
  <testcase name="testContainsValue[28]" classname="org.springframework.data.redis.support.collections.RedisMapTests" time="0">
    <error message="Could not initialize class org.springframework.data.redis.test.util.MinimumRedisVersionRule" type="java.lang.NoClassDefFoundError"><![CDATA[java.lang.NoClassDefFoundError: Could not initialize class org.springframework.data.redis.test.util.MinimumRedisVersionRule
	at org.springframework.data.redis.support.collections.RedisMapTests.<init>(RedisMapTests.java:57)
]]></error>
  </testcase>
  <testcase name="testReplaceNullNewValue[28]" classname="org.springframework.data.redis.support.collections.RedisMapTests" time="0">
    <error message="Could not initialize class org.springframework.data.redis.test.util.MinimumRedisVersionRule" type="java.lang.NoClassDefFoundError"><![CDATA[java.lang.NoClassDefFoundError: Could not initialize class org.springframework.data.redis.test.util.MinimumRedisVersionRule
	at org.springframework.data.redis.support.collections.RedisMapTests.<init>(RedisMapTests.java:57)
]]></error>
  </testcase>
  <testcase name="testHashCode[28]" classname="org.springframework.data.redis.support.collections.RedisMapTests" time="0">
    <error message="Could not initialize class org.springframework.data.redis.test.util.MinimumRedisVersionRule" type="java.lang.NoClassDefFoundError"><![CDATA[java.lang.NoClassDefFoundError: Could not initialize class org.springframework.data.redis.test.util.MinimumRedisVersionRule
	at org.springframework.data.redis.support.collections.RedisMapTests.<init>(RedisMapTests.java:57)
]]></error>
  </testcase>
  <testcase name="testIncrementNotNumber[28]" classname="org.springframework.data.redis.support.collections.RedisMapTests" time="0">
    <error message="Could not initialize class org.springframework.data.redis.test.util.MinimumRedisVersionRule" type="java.lang.NoClassDefFoundError"><![CDATA[java.lang.NoClassDefFoundError: Could not initialize class org.springframework.data.redis.test.util.MinimumRedisVersionRule
	at org.springframework.data.redis.support.collections.RedisMapTests.<init>(RedisMapTests.java:57)
]]></error>
  </testcase>
  <testcase name="testEquals[28]" classname="org.springframework.data.redis.support.collections.RedisMapTests" time="0">
    <error message="Could not initialize class org.springframework.data.redis.test.util.MinimumRedisVersionRule" type="java.lang.NoClassDefFoundError"><![CDATA[java.lang.NoClassDefFoundError: Could not initialize class org.springframework.data.redis.test.util.MinimumRedisVersionRule
	at org.springframework.data.redis.support.collections.RedisMapTests.<init>(RedisMapTests.java:57)
]]></error>
  </testcase>
  <testcase name="testGetKey[28]" classname="org.springframework.data.redis.support.collections.RedisMapTests" time="0">
    <error message="Could not initialize class org.springframework.data.redis.test.util.MinimumRedisVersionRule" type="java.lang.NoClassDefFoundError"><![CDATA[java.lang.NoClassDefFoundError: Could not initialize class org.springframework.data.redis.test.util.MinimumRedisVersionRule
	at org.springframework.data.redis.support.collections.RedisMapTests.<init>(RedisMapTests.java:57)
]]></error>
  </testcase>
  <testcase name="testKeySet[28]" classname="org.springframework.data.redis.support.collections.RedisMapTests" time="0">
    <error message="Could not initialize class org.springframework.data.redis.test.util.MinimumRedisVersionRule" type="java.lang.NoClassDefFoundError"><![CDATA[java.lang.NoClassDefFoundError: Could not initialize class org.springframework.data.redis.test.util.MinimumRedisVersionRule
	at org.springframework.data.redis.support.collections.RedisMapTests.<init>(RedisMapTests.java:57)
]]></error>
  </testcase>
  <testcase name="testNotEquals[28]" classname="org.springframework.data.redis.support.collections.RedisMapTests" time="0">
    <error message="Could not initialize class org.springframework.data.redis.test.util.MinimumRedisVersionRule" type="java.lang.NoClassDefFoundError"><![CDATA[java.lang.NoClassDefFoundError: Could not initialize class org.springframework.data.redis.test.util.MinimumRedisVersionRule
	at org.springframework.data.redis.support.collections.RedisMapTests.<init>(RedisMapTests.java:57)
]]></error>
  </testcase>
  <testcase name="testGetOperations[28]" classname="org.springframework.data.redis.support.collections.RedisMapTests" time="0">
    <error message="Could not initialize class org.springframework.data.redis.test.util.MinimumRedisVersionRule" type="java.lang.NoClassDefFoundError"><![CDATA[java.lang.NoClassDefFoundError: Could not initialize class org.springframework.data.redis.test.util.MinimumRedisVersionRule
	at org.springframework.data.redis.support.collections.RedisMapTests.<init>(RedisMapTests.java:57)
]]></error>
  </testcase>
  <testcase name="testPutAll[28]" classname="org.springframework.data.redis.support.collections.RedisMapTests" time="0">
    <error message="Could not initialize class org.springframework.data.redis.test.util.MinimumRedisVersionRule" type="java.lang.NoClassDefFoundError"><![CDATA[java.lang.NoClassDefFoundError: Could not initialize class org.springframework.data.redis.test.util.MinimumRedisVersionRule
	at org.springframework.data.redis.support.collections.RedisMapTests.<init>(RedisMapTests.java:57)
]]></error>
  </testcase>
  <testcase name="testIsEmpty[28]" classname="org.springframework.data.redis.support.collections.RedisMapTests" time="0">
    <error message="Could not initialize class org.springframework.data.redis.test.util.MinimumRedisVersionRule" type="java.lang.NoClassDefFoundError"><![CDATA[java.lang.NoClassDefFoundError: Could not initialize class org.springframework.data.redis.test.util.MinimumRedisVersionRule
	at org.springframework.data.redis.support.collections.RedisMapTests.<init>(RedisMapTests.java:57)
]]></error>
  </testcase>
  <testcase name="testRemove[28]" classname="org.springframework.data.redis.support.collections.RedisMapTests" time="0">
    <error message="Could not initialize class org.springframework.data.redis.test.util.MinimumRedisVersionRule" type="java.lang.NoClassDefFoundError"><![CDATA[java.lang.NoClassDefFoundError: Could not initialize class org.springframework.data.redis.test.util.MinimumRedisVersionRule
	at org.springframework.data.redis.support.collections.RedisMapTests.<init>(RedisMapTests.java:57)
]]></error>
  </testcase>
  <testcase name="testConcurrentReplaceTwoArgs[28]" classname="org.springframework.data.redis.support.collections.RedisMapTests" time="0">
    <error message="Could not initialize class org.springframework.data.redis.test.util.MinimumRedisVersionRule" type="java.lang.NoClassDefFoundError"><![CDATA[java.lang.NoClassDefFoundError: Could not initialize class org.springframework.data.redis.test.util.MinimumRedisVersionRule
	at org.springframework.data.redis.support.collections.RedisMapTests.<init>(RedisMapTests.java:57)
]]></error>
  </testcase>
  <testcase name="testValues[28]" classname="org.springframework.data.redis.support.collections.RedisMapTests" time="0">
    <error message="Could not initialize class org.springframework.data.redis.test.util.MinimumRedisVersionRule" type="java.lang.NoClassDefFoundError"><![CDATA[java.lang.NoClassDefFoundError: Could not initialize class org.springframework.data.redis.test.util.MinimumRedisVersionRule
	at org.springframework.data.redis.support.collections.RedisMapTests.<init>(RedisMapTests.java:57)
]]></error>
  </testcase>
  <testcase name="testConcurrentRemove[29]" classname="org.springframework.data.redis.support.collections.RedisMapTests" time="0">
    <error message="Could not initialize class org.springframework.data.redis.test.util.MinimumRedisVersionRule" type="java.lang.NoClassDefFoundError"><![CDATA[java.lang.NoClassDefFoundError: Could not initialize class org.springframework.data.redis.test.util.MinimumRedisVersionRule
	at org.springframework.data.redis.support.collections.RedisMapTests.<init>(RedisMapTests.java:57)
]]></error>
  </testcase>
  <testcase name="testGet[29]" classname="org.springframework.data.redis.support.collections.RedisMapTests" time="0">
    <error message="Could not initialize class org.springframework.data.redis.test.util.MinimumRedisVersionRule" type="java.lang.NoClassDefFoundError"><![CDATA[java.lang.NoClassDefFoundError: Could not initialize class org.springframework.data.redis.test.util.MinimumRedisVersionRule
	at org.springframework.data.redis.support.collections.RedisMapTests.<init>(RedisMapTests.java:57)
]]></error>
  </testcase>
  <testcase name="testPut[29]" classname="org.springframework.data.redis.support.collections.RedisMapTests" time="0">
    <error message="Could not initialize class org.springframework.data.redis.test.util.MinimumRedisVersionRule" type="java.lang.NoClassDefFoundError"><![CDATA[java.lang.NoClassDefFoundError: Could not initialize class org.springframework.data.redis.test.util.MinimumRedisVersionRule
	at org.springframework.data.redis.support.collections.RedisMapTests.<init>(RedisMapTests.java:57)
]]></error>
  </testcase>
  <testcase name="testReplaceNullValue[29]" classname="org.springframework.data.redis.support.collections.RedisMapTests" time="0">
    <error message="Could not initialize class org.springframework.data.redis.test.util.MinimumRedisVersionRule" type="java.lang.NoClassDefFoundError"><![CDATA[java.lang.NoClassDefFoundError: Could not initialize class org.springframework.data.redis.test.util.MinimumRedisVersionRule
	at org.springframework.data.redis.support.collections.RedisMapTests.<init>(RedisMapTests.java:57)
]]></error>
  </testcase>
  <testcase name="testEntrySet[29]" classname="org.springframework.data.redis.support.collections.RedisMapTests" time="0">
    <error message="Could not initialize class org.springframework.data.redis.test.util.MinimumRedisVersionRule" type="java.lang.NoClassDefFoundError"><![CDATA[java.lang.NoClassDefFoundError: Could not initialize class org.springframework.data.redis.test.util.MinimumRedisVersionRule
	at org.springframework.data.redis.support.collections.RedisMapTests.<init>(RedisMapTests.java:57)
]]></error>
  </testcase>
  <testcase name="testRemoveNullValue[29]" classname="org.springframework.data.redis.support.collections.RedisMapTests" time="0">
    <error message="Could not initialize class org.springframework.data.redis.test.util.MinimumRedisVersionRule" type="java.lang.NoClassDefFoundError"><![CDATA[java.lang.NoClassDefFoundError: Could not initialize class org.springframework.data.redis.test.util.MinimumRedisVersionRule
	at org.springframework.data.redis.support.collections.RedisMapTests.<init>(RedisMapTests.java:57)
]]></error>
  </testcase>
  <testcase name="testClear[29]" classname="org.springframework.data.redis.support.collections.RedisMapTests" time="0">
    <error message="Could not initialize class org.springframework.data.redis.test.util.MinimumRedisVersionRule" type="java.lang.NoClassDefFoundError"><![CDATA[java.lang.NoClassDefFoundError: Could not initialize class org.springframework.data.redis.test.util.MinimumRedisVersionRule
	at org.springframework.data.redis.support.collections.RedisMapTests.<init>(RedisMapTests.java:57)
]]></error>
  </testcase>
  <testcase name="testSize[29]" classname="org.springframework.data.redis.support.collections.RedisMapTests" time="0">
    <error message="Could not initialize class org.springframework.data.redis.test.util.MinimumRedisVersionRule" type="java.lang.NoClassDefFoundError"><![CDATA[java.lang.NoClassDefFoundError: Could not initialize class org.springframework.data.redis.test.util.MinimumRedisVersionRule
	at org.springframework.data.redis.support.collections.RedisMapTests.<init>(RedisMapTests.java:57)
]]></error>
  </testcase>
  <testcase name="testReplaceNullOldValue[29]" classname="org.springframework.data.redis.support.collections.RedisMapTests" time="0">
    <error message="Could not initialize class org.springframework.data.redis.test.util.MinimumRedisVersionRule" type="java.lang.NoClassDefFoundError"><![CDATA[java.lang.NoClassDefFoundError: Could not initialize class org.springframework.data.redis.test.util.MinimumRedisVersionRule
	at org.springframework.data.redis.support.collections.RedisMapTests.<init>(RedisMapTests.java:57)
]]></error>
  </testcase>
  <testcase name="testConcurrentReplaceOneArg[29]" classname="org.springframework.data.redis.support.collections.RedisMapTests" time="0">
    <error message="Could not initialize class org.springframework.data.redis.test.util.MinimumRedisVersionRule" type="java.lang.NoClassDefFoundError"><![CDATA[java.lang.NoClassDefFoundError: Could not initialize class org.springframework.data.redis.test.util.MinimumRedisVersionRule
	at org.springframework.data.redis.support.collections.RedisMapTests.<init>(RedisMapTests.java:57)
]]></error>
  </testcase>
  <testcase name="testIncrement[29]" classname="org.springframework.data.redis.support.collections.RedisMapTests" time="0">
    <error message="Could not initialize class org.springframework.data.redis.test.util.MinimumRedisVersionRule" type="java.lang.NoClassDefFoundError"><![CDATA[java.lang.NoClassDefFoundError: Could not initialize class org.springframework.data.redis.test.util.MinimumRedisVersionRule
	at org.springframework.data.redis.support.collections.RedisMapTests.<init>(RedisMapTests.java:57)
]]></error>
  </testcase>
  <testcase name="testIncrementDouble[29]" classname="org.springframework.data.redis.support.collections.RedisMapTests" time="0">
    <error message="Could not initialize class org.springframework.data.redis.test.util.MinimumRedisVersionRule" type="java.lang.NoClassDefFoundError"><![CDATA[java.lang.NoClassDefFoundError: Could not initialize class org.springframework.data.redis.test.util.MinimumRedisVersionRule
	at org.springframework.data.redis.support.collections.RedisMapTests.<init>(RedisMapTests.java:57)
]]></error>
  </testcase>
  <testcase name="testContainsKey[29]" classname="org.springframework.data.redis.support.collections.RedisMapTests" time="0">
    <error message="Could not initialize class org.springframework.data.redis.test.util.MinimumRedisVersionRule" type="java.lang.NoClassDefFoundError"><![CDATA[java.lang.NoClassDefFoundError: Could not initialize class org.springframework.data.redis.test.util.MinimumRedisVersionRule
	at org.springframework.data.redis.support.collections.RedisMapTests.<init>(RedisMapTests.java:57)
]]></error>
  </testcase>
  <testcase name="testScanWorksCorrectly[29]" classname="org.springframework.data.redis.support.collections.RedisMapTests" time="0">
    <error message="Could not initialize class org.springframework.data.redis.test.util.MinimumRedisVersionRule" type="java.lang.NoClassDefFoundError"><![CDATA[java.lang.NoClassDefFoundError: Could not initialize class org.springframework.data.redis.test.util.MinimumRedisVersionRule
	at org.springframework.data.redis.support.collections.RedisMapTests.<init>(RedisMapTests.java:57)
]]></error>
  </testcase>
  <testcase name="testPutIfAbsent[29]" classname="org.springframework.data.redis.support.collections.RedisMapTests" time="0">
    <error message="Could not initialize class org.springframework.data.redis.test.util.MinimumRedisVersionRule" type="java.lang.NoClassDefFoundError"><![CDATA[java.lang.NoClassDefFoundError: Could not initialize class org.springframework.data.redis.test.util.MinimumRedisVersionRule
	at org.springframework.data.redis.support.collections.RedisMapTests.<init>(RedisMapTests.java:57)
]]></error>
  </testcase>
  <testcase name="testContainsValue[29]" classname="org.springframework.data.redis.support.collections.RedisMapTests" time="0">
    <error message="Could not initialize class org.springframework.data.redis.test.util.MinimumRedisVersionRule" type="java.lang.NoClassDefFoundError"><![CDATA[java.lang.NoClassDefFoundError: Could not initialize class org.springframework.data.redis.test.util.MinimumRedisVersionRule
	at org.springframework.data.redis.support.collections.RedisMapTests.<init>(RedisMapTests.java:57)
]]></error>
  </testcase>
  <testcase name="testReplaceNullNewValue[29]" classname="org.springframework.data.redis.support.collections.RedisMapTests" time="0">
    <error message="Could not initialize class org.springframework.data.redis.test.util.MinimumRedisVersionRule" type="java.lang.NoClassDefFoundError"><![CDATA[java.lang.NoClassDefFoundError: Could not initialize class org.springframework.data.redis.test.util.MinimumRedisVersionRule
	at org.springframework.data.redis.support.collections.RedisMapTests.<init>(RedisMapTests.java:57)
]]></error>
  </testcase>
  <testcase name="testHashCode[29]" classname="org.springframework.data.redis.support.collections.RedisMapTests" time="0">
    <error message="Could not initialize class org.springframework.data.redis.test.util.MinimumRedisVersionRule" type="java.lang.NoClassDefFoundError"><![CDATA[java.lang.NoClassDefFoundError: Could not initialize class org.springframework.data.redis.test.util.MinimumRedisVersionRule
	at org.springframework.data.redis.support.collections.RedisMapTests.<init>(RedisMapTests.java:57)
]]></error>
  </testcase>
  <testcase name="testIncrementNotNumber[29]" classname="org.springframework.data.redis.support.collections.RedisMapTests" time="0">
    <error message="Could not initialize class org.springframework.data.redis.test.util.MinimumRedisVersionRule" type="java.lang.NoClassDefFoundError"><![CDATA[java.lang.NoClassDefFoundError: Could not initialize class org.springframework.data.redis.test.util.MinimumRedisVersionRule
	at org.springframework.data.redis.support.collections.RedisMapTests.<init>(RedisMapTests.java:57)
]]></error>
  </testcase>
  <testcase name="testEquals[29]" classname="org.springframework.data.redis.support.collections.RedisMapTests" time="0">
    <error message="Could not initialize class org.springframework.data.redis.test.util.MinimumRedisVersionRule" type="java.lang.NoClassDefFoundError"><![CDATA[java.lang.NoClassDefFoundError: Could not initialize class org.springframework.data.redis.test.util.MinimumRedisVersionRule
	at org.springframework.data.redis.support.collections.RedisMapTests.<init>(RedisMapTests.java:57)
]]></error>
  </testcase>
  <testcase name="testGetKey[29]" classname="org.springframework.data.redis.support.collections.RedisMapTests" time="0">
    <error message="Could not initialize class org.springframework.data.redis.test.util.MinimumRedisVersionRule" type="java.lang.NoClassDefFoundError"><![CDATA[java.lang.NoClassDefFoundError: Could not initialize class org.springframework.data.redis.test.util.MinimumRedisVersionRule
	at org.springframework.data.redis.support.collections.RedisMapTests.<init>(RedisMapTests.java:57)
]]></error>
  </testcase>
  <testcase name="testKeySet[29]" classname="org.springframework.data.redis.support.collections.RedisMapTests" time="0">
    <error message="Could not initialize class org.springframework.data.redis.test.util.MinimumRedisVersionRule" type="java.lang.NoClassDefFoundError"><![CDATA[java.lang.NoClassDefFoundError: Could not initialize class org.springframework.data.redis.test.util.MinimumRedisVersionRule
	at org.springframework.data.redis.support.collections.RedisMapTests.<init>(RedisMapTests.java:57)
]]></error>
  </testcase>
  <testcase name="testNotEquals[29]" classname="org.springframework.data.redis.support.collections.RedisMapTests" time="0">
    <error message="Could not initialize class org.springframework.data.redis.test.util.MinimumRedisVersionRule" type="java.lang.NoClassDefFoundError"><![CDATA[java.lang.NoClassDefFoundError: Could not initialize class org.springframework.data.redis.test.util.MinimumRedisVersionRule
	at org.springframework.data.redis.support.collections.RedisMapTests.<init>(RedisMapTests.java:57)
]]></error>
  </testcase>
  <testcase name="testGetOperations[29]" classname="org.springframework.data.redis.support.collections.RedisMapTests" time="0">
    <error message="Could not initialize class org.springframework.data.redis.test.util.MinimumRedisVersionRule" type="java.lang.NoClassDefFoundError"><![CDATA[java.lang.NoClassDefFoundError: Could not initialize class org.springframework.data.redis.test.util.MinimumRedisVersionRule
	at org.springframework.data.redis.support.collections.RedisMapTests.<init>(RedisMapTests.java:57)
]]></error>
  </testcase>
  <testcase name="testPutAll[29]" classname="org.springframework.data.redis.support.collections.RedisMapTests" time="0">
    <error message="Could not initialize class org.springframework.data.redis.test.util.MinimumRedisVersionRule" type="java.lang.NoClassDefFoundError"><![CDATA[java.lang.NoClassDefFoundError: Could not initialize class org.springframework.data.redis.test.util.MinimumRedisVersionRule
	at org.springframework.data.redis.support.collections.RedisMapTests.<init>(RedisMapTests.java:57)
]]></error>
  </testcase>
  <testcase name="testIsEmpty[29]" classname="org.springframework.data.redis.support.collections.RedisMapTests" time="0.001">
    <error message="Could not initialize class org.springframework.data.redis.test.util.MinimumRedisVersionRule" type="java.lang.NoClassDefFoundError"><![CDATA[java.lang.NoClassDefFoundError: Could not initialize class org.springframework.data.redis.test.util.MinimumRedisVersionRule
	at org.springframework.data.redis.support.collections.RedisMapTests.<init>(RedisMapTests.java:57)
]]></error>
  </testcase>
  <testcase name="testRemove[29]" classname="org.springframework.data.redis.support.collections.RedisMapTests" time="0">
    <error message="Could not initialize class org.springframework.data.redis.test.util.MinimumRedisVersionRule" type="java.lang.NoClassDefFoundError"><![CDATA[java.lang.NoClassDefFoundError: Could not initialize class org.springframework.data.redis.test.util.MinimumRedisVersionRule
	at org.springframework.data.redis.support.collections.RedisMapTests.<init>(RedisMapTests.java:57)
]]></error>
  </testcase>
  <testcase name="testConcurrentReplaceTwoArgs[29]" classname="org.springframework.data.redis.support.collections.RedisMapTests" time="0">
    <error message="Could not initialize class org.springframework.data.redis.test.util.MinimumRedisVersionRule" type="java.lang.NoClassDefFoundError"><![CDATA[java.lang.NoClassDefFoundError: Could not initialize class org.springframework.data.redis.test.util.MinimumRedisVersionRule
	at org.springframework.data.redis.support.collections.RedisMapTests.<init>(RedisMapTests.java:57)
]]></error>
  </testcase>
  <testcase name="testValues[29]" classname="org.springframework.data.redis.support.collections.RedisMapTests" time="0">
    <error message="Could not initialize class org.springframework.data.redis.test.util.MinimumRedisVersionRule" type="java.lang.NoClassDefFoundError"><![CDATA[java.lang.NoClassDefFoundError: Could not initialize class org.springframework.data.redis.test.util.MinimumRedisVersionRule
	at org.springframework.data.redis.support.collections.RedisMapTests.<init>(RedisMapTests.java:57)
]]></error>
  </testcase>
  <testcase name="testConcurrentRemove[30]" classname="org.springframework.data.redis.support.collections.RedisMapTests" time="0">
    <error message="Could not initialize class org.springframework.data.redis.test.util.MinimumRedisVersionRule" type="java.lang.NoClassDefFoundError"><![CDATA[java.lang.NoClassDefFoundError: Could not initialize class org.springframework.data.redis.test.util.MinimumRedisVersionRule
	at org.springframework.data.redis.support.collections.RedisMapTests.<init>(RedisMapTests.java:57)
]]></error>
  </testcase>
  <testcase name="testGet[30]" classname="org.springframework.data.redis.support.collections.RedisMapTests" time="0">
    <error message="Could not initialize class org.springframework.data.redis.test.util.MinimumRedisVersionRule" type="java.lang.NoClassDefFoundError"><![CDATA[java.lang.NoClassDefFoundError: Could not initialize class org.springframework.data.redis.test.util.MinimumRedisVersionRule
	at org.springframework.data.redis.support.collections.RedisMapTests.<init>(RedisMapTests.java:57)
]]></error>
  </testcase>
  <testcase name="testPut[30]" classname="org.springframework.data.redis.support.collections.RedisMapTests" time="0">
    <error message="Could not initialize class org.springframework.data.redis.test.util.MinimumRedisVersionRule" type="java.lang.NoClassDefFoundError"><![CDATA[java.lang.NoClassDefFoundError: Could not initialize class org.springframework.data.redis.test.util.MinimumRedisVersionRule
	at org.springframework.data.redis.support.collections.RedisMapTests.<init>(RedisMapTests.java:57)
]]></error>
  </testcase>
  <testcase name="testReplaceNullValue[30]" classname="org.springframework.data.redis.support.collections.RedisMapTests" time="0">
    <error message="Could not initialize class org.springframework.data.redis.test.util.MinimumRedisVersionRule" type="java.lang.NoClassDefFoundError"><![CDATA[java.lang.NoClassDefFoundError: Could not initialize class org.springframework.data.redis.test.util.MinimumRedisVersionRule
	at org.springframework.data.redis.support.collections.RedisMapTests.<init>(RedisMapTests.java:57)
]]></error>
  </testcase>
  <testcase name="testEntrySet[30]" classname="org.springframework.data.redis.support.collections.RedisMapTests" time="0">
    <error message="Could not initialize class org.springframework.data.redis.test.util.MinimumRedisVersionRule" type="java.lang.NoClassDefFoundError"><![CDATA[java.lang.NoClassDefFoundError: Could not initialize class org.springframework.data.redis.test.util.MinimumRedisVersionRule
	at org.springframework.data.redis.support.collections.RedisMapTests.<init>(RedisMapTests.java:57)
]]></error>
  </testcase>
  <testcase name="testRemoveNullValue[30]" classname="org.springframework.data.redis.support.collections.RedisMapTests" time="0">
    <error message="Could not initialize class org.springframework.data.redis.test.util.MinimumRedisVersionRule" type="java.lang.NoClassDefFoundError"><![CDATA[java.lang.NoClassDefFoundError: Could not initialize class org.springframework.data.redis.test.util.MinimumRedisVersionRule
	at org.springframework.data.redis.support.collections.RedisMapTests.<init>(RedisMapTests.java:57)
]]></error>
  </testcase>
  <testcase name="testClear[30]" classname="org.springframework.data.redis.support.collections.RedisMapTests" time="0.001">
    <error message="Could not initialize class org.springframework.data.redis.test.util.MinimumRedisVersionRule" type="java.lang.NoClassDefFoundError"><![CDATA[java.lang.NoClassDefFoundError: Could not initialize class org.springframework.data.redis.test.util.MinimumRedisVersionRule
	at org.springframework.data.redis.support.collections.RedisMapTests.<init>(RedisMapTests.java:57)
]]></error>
  </testcase>
  <testcase name="testSize[30]" classname="org.springframework.data.redis.support.collections.RedisMapTests" time="0">
    <error message="Could not initialize class org.springframework.data.redis.test.util.MinimumRedisVersionRule" type="java.lang.NoClassDefFoundError"><![CDATA[java.lang.NoClassDefFoundError: Could not initialize class org.springframework.data.redis.test.util.MinimumRedisVersionRule
	at org.springframework.data.redis.support.collections.RedisMapTests.<init>(RedisMapTests.java:57)
]]></error>
  </testcase>
  <testcase name="testReplaceNullOldValue[30]" classname="org.springframework.data.redis.support.collections.RedisMapTests" time="0">
    <error message="Could not initialize class org.springframework.data.redis.test.util.MinimumRedisVersionRule" type="java.lang.NoClassDefFoundError"><![CDATA[java.lang.NoClassDefFoundError: Could not initialize class org.springframework.data.redis.test.util.MinimumRedisVersionRule
	at org.springframework.data.redis.support.collections.RedisMapTests.<init>(RedisMapTests.java:57)
]]></error>
  </testcase>
  <testcase name="testConcurrentReplaceOneArg[30]" classname="org.springframework.data.redis.support.collections.RedisMapTests" time="0">
    <error message="Could not initialize class org.springframework.data.redis.test.util.MinimumRedisVersionRule" type="java.lang.NoClassDefFoundError"><![CDATA[java.lang.NoClassDefFoundError: Could not initialize class org.springframework.data.redis.test.util.MinimumRedisVersionRule
	at org.springframework.data.redis.support.collections.RedisMapTests.<init>(RedisMapTests.java:57)
]]></error>
  </testcase>
  <testcase name="testIncrement[30]" classname="org.springframework.data.redis.support.collections.RedisMapTests" time="0">
    <error message="Could not initialize class org.springframework.data.redis.test.util.MinimumRedisVersionRule" type="java.lang.NoClassDefFoundError"><![CDATA[java.lang.NoClassDefFoundError: Could not initialize class org.springframework.data.redis.test.util.MinimumRedisVersionRule
	at org.springframework.data.redis.support.collections.RedisMapTests.<init>(RedisMapTests.java:57)
]]></error>
  </testcase>
  <testcase name="testIncrementDouble[30]" classname="org.springframework.data.redis.support.collections.RedisMapTests" time="0">
    <error message="Could not initialize class org.springframework.data.redis.test.util.MinimumRedisVersionRule" type="java.lang.NoClassDefFoundError"><![CDATA[java.lang.NoClassDefFoundError: Could not initialize class org.springframework.data.redis.test.util.MinimumRedisVersionRule
	at org.springframework.data.redis.support.collections.RedisMapTests.<init>(RedisMapTests.java:57)
]]></error>
  </testcase>
  <testcase name="testContainsKey[30]" classname="org.springframework.data.redis.support.collections.RedisMapTests" time="0">
    <error message="Could not initialize class org.springframework.data.redis.test.util.MinimumRedisVersionRule" type="java.lang.NoClassDefFoundError"><![CDATA[java.lang.NoClassDefFoundError: Could not initialize class org.springframework.data.redis.test.util.MinimumRedisVersionRule
	at org.springframework.data.redis.support.collections.RedisMapTests.<init>(RedisMapTests.java:57)
]]></error>
  </testcase>
  <testcase name="testScanWorksCorrectly[30]" classname="org.springframework.data.redis.support.collections.RedisMapTests" time="0">
    <error message="Could not initialize class org.springframework.data.redis.test.util.MinimumRedisVersionRule" type="java.lang.NoClassDefFoundError"><![CDATA[java.lang.NoClassDefFoundError: Could not initialize class org.springframework.data.redis.test.util.MinimumRedisVersionRule
	at org.springframework.data.redis.support.collections.RedisMapTests.<init>(RedisMapTests.java:57)
]]></error>
  </testcase>
  <testcase name="testPutIfAbsent[30]" classname="org.springframework.data.redis.support.collections.RedisMapTests" time="0">
    <error message="Could not initialize class org.springframework.data.redis.test.util.MinimumRedisVersionRule" type="java.lang.NoClassDefFoundError"><![CDATA[java.lang.NoClassDefFoundError: Could not initialize class org.springframework.data.redis.test.util.MinimumRedisVersionRule
	at org.springframework.data.redis.support.collections.RedisMapTests.<init>(RedisMapTests.java:57)
]]></error>
  </testcase>
  <testcase name="testContainsValue[30]" classname="org.springframework.data.redis.support.collections.RedisMapTests" time="0">
    <error message="Could not initialize class org.springframework.data.redis.test.util.MinimumRedisVersionRule" type="java.lang.NoClassDefFoundError"><![CDATA[java.lang.NoClassDefFoundError: Could not initialize class org.springframework.data.redis.test.util.MinimumRedisVersionRule
	at org.springframework.data.redis.support.collections.RedisMapTests.<init>(RedisMapTests.java:57)
]]></error>
  </testcase>
  <testcase name="testReplaceNullNewValue[30]" classname="org.springframework.data.redis.support.collections.RedisMapTests" time="0.001">
    <error message="Could not initialize class org.springframework.data.redis.test.util.MinimumRedisVersionRule" type="java.lang.NoClassDefFoundError"><![CDATA[java.lang.NoClassDefFoundError: Could not initialize class org.springframework.data.redis.test.util.MinimumRedisVersionRule
	at org.springframework.data.redis.support.collections.RedisMapTests.<init>(RedisMapTests.java:57)
]]></error>
  </testcase>
  <testcase name="testHashCode[30]" classname="org.springframework.data.redis.support.collections.RedisMapTests" time="0">
    <error message="Could not initialize class org.springframework.data.redis.test.util.MinimumRedisVersionRule" type="java.lang.NoClassDefFoundError"><![CDATA[java.lang.NoClassDefFoundError: Could not initialize class org.springframework.data.redis.test.util.MinimumRedisVersionRule
	at org.springframework.data.redis.support.collections.RedisMapTests.<init>(RedisMapTests.java:57)
]]></error>
  </testcase>
  <testcase name="testIncrementNotNumber[30]" classname="org.springframework.data.redis.support.collections.RedisMapTests" time="0">
    <error message="Could not initialize class org.springframework.data.redis.test.util.MinimumRedisVersionRule" type="java.lang.NoClassDefFoundError"><![CDATA[java.lang.NoClassDefFoundError: Could not initialize class org.springframework.data.redis.test.util.MinimumRedisVersionRule
	at org.springframework.data.redis.support.collections.RedisMapTests.<init>(RedisMapTests.java:57)
]]></error>
  </testcase>
  <testcase name="testEquals[30]" classname="org.springframework.data.redis.support.collections.RedisMapTests" time="0">
    <error message="Could not initialize class org.springframework.data.redis.test.util.MinimumRedisVersionRule" type="java.lang.NoClassDefFoundError"><![CDATA[java.lang.NoClassDefFoundError: Could not initialize class org.springframework.data.redis.test.util.MinimumRedisVersionRule
	at org.springframework.data.redis.support.collections.RedisMapTests.<init>(RedisMapTests.java:57)
]]></error>
  </testcase>
  <testcase name="testGetKey[30]" classname="org.springframework.data.redis.support.collections.RedisMapTests" time="0">
    <error message="Could not initialize class org.springframework.data.redis.test.util.MinimumRedisVersionRule" type="java.lang.NoClassDefFoundError"><![CDATA[java.lang.NoClassDefFoundError: Could not initialize class org.springframework.data.redis.test.util.MinimumRedisVersionRule
	at org.springframework.data.redis.support.collections.RedisMapTests.<init>(RedisMapTests.java:57)
]]></error>
  </testcase>
  <testcase name="testKeySet[30]" classname="org.springframework.data.redis.support.collections.RedisMapTests" time="0">
    <error message="Could not initialize class org.springframework.data.redis.test.util.MinimumRedisVersionRule" type="java.lang.NoClassDefFoundError"><![CDATA[java.lang.NoClassDefFoundError: Could not initialize class org.springframework.data.redis.test.util.MinimumRedisVersionRule
	at org.springframework.data.redis.support.collections.RedisMapTests.<init>(RedisMapTests.java:57)
]]></error>
  </testcase>
  <testcase name="testNotEquals[30]" classname="org.springframework.data.redis.support.collections.RedisMapTests" time="0">
    <error message="Could not initialize class org.springframework.data.redis.test.util.MinimumRedisVersionRule" type="java.lang.NoClassDefFoundError"><![CDATA[java.lang.NoClassDefFoundError: Could not initialize class org.springframework.data.redis.test.util.MinimumRedisVersionRule
	at org.springframework.data.redis.support.collections.RedisMapTests.<init>(RedisMapTests.java:57)
]]></error>
  </testcase>
  <testcase name="testGetOperations[30]" classname="org.springframework.data.redis.support.collections.RedisMapTests" time="0">
    <error message="Could not initialize class org.springframework.data.redis.test.util.MinimumRedisVersionRule" type="java.lang.NoClassDefFoundError"><![CDATA[java.lang.NoClassDefFoundError: Could not initialize class org.springframework.data.redis.test.util.MinimumRedisVersionRule
	at org.springframework.data.redis.support.collections.RedisMapTests.<init>(RedisMapTests.java:57)
]]></error>
  </testcase>
  <testcase name="testPutAll[30]" classname="org.springframework.data.redis.support.collections.RedisMapTests" time="0">
    <error message="Could not initialize class org.springframework.data.redis.test.util.MinimumRedisVersionRule" type="java.lang.NoClassDefFoundError"><![CDATA[java.lang.NoClassDefFoundError: Could not initialize class org.springframework.data.redis.test.util.MinimumRedisVersionRule
	at org.springframework.data.redis.support.collections.RedisMapTests.<init>(RedisMapTests.java:57)
]]></error>
  </testcase>
  <testcase name="testIsEmpty[30]" classname="org.springframework.data.redis.support.collections.RedisMapTests" time="0">
    <error message="Could not initialize class org.springframework.data.redis.test.util.MinimumRedisVersionRule" type="java.lang.NoClassDefFoundError"><![CDATA[java.lang.NoClassDefFoundError: Could not initialize class org.springframework.data.redis.test.util.MinimumRedisVersionRule
	at org.springframework.data.redis.support.collections.RedisMapTests.<init>(RedisMapTests.java:57)
]]></error>
  </testcase>
  <testcase name="testRemove[30]" classname="org.springframework.data.redis.support.collections.RedisMapTests" time="0">
    <error message="Could not initialize class org.springframework.data.redis.test.util.MinimumRedisVersionRule" type="java.lang.NoClassDefFoundError"><![CDATA[java.lang.NoClassDefFoundError: Could not initialize class org.springframework.data.redis.test.util.MinimumRedisVersionRule
	at org.springframework.data.redis.support.collections.RedisMapTests.<init>(RedisMapTests.java:57)
]]></error>
  </testcase>
  <testcase name="testConcurrentReplaceTwoArgs[30]" classname="org.springframework.data.redis.support.collections.RedisMapTests" time="0">
    <error message="Could not initialize class org.springframework.data.redis.test.util.MinimumRedisVersionRule" type="java.lang.NoClassDefFoundError"><![CDATA[java.lang.NoClassDefFoundError: Could not initialize class org.springframework.data.redis.test.util.MinimumRedisVersionRule
	at org.springframework.data.redis.support.collections.RedisMapTests.<init>(RedisMapTests.java:57)
]]></error>
  </testcase>
  <testcase name="testValues[30]" classname="org.springframework.data.redis.support.collections.RedisMapTests" time="0">
    <error message="Could not initialize class org.springframework.data.redis.test.util.MinimumRedisVersionRule" type="java.lang.NoClassDefFoundError"><![CDATA[java.lang.NoClassDefFoundError: Could not initialize class org.springframework.data.redis.test.util.MinimumRedisVersionRule
	at org.springframework.data.redis.support.collections.RedisMapTests.<init>(RedisMapTests.java:57)
]]></error>
  </testcase>
  <testcase name="testConcurrentRemove[31]" classname="org.springframework.data.redis.support.collections.RedisMapTests" time="0">
    <error message="Could not initialize class org.springframework.data.redis.test.util.MinimumRedisVersionRule" type="java.lang.NoClassDefFoundError"><![CDATA[java.lang.NoClassDefFoundError: Could not initialize class org.springframework.data.redis.test.util.MinimumRedisVersionRule
	at org.springframework.data.redis.support.collections.RedisMapTests.<init>(RedisMapTests.java:57)
]]></error>
  </testcase>
  <testcase name="testGet[31]" classname="org.springframework.data.redis.support.collections.RedisMapTests" time="0">
    <error message="Could not initialize class org.springframework.data.redis.test.util.MinimumRedisVersionRule" type="java.lang.NoClassDefFoundError"><![CDATA[java.lang.NoClassDefFoundError: Could not initialize class org.springframework.data.redis.test.util.MinimumRedisVersionRule
	at org.springframework.data.redis.support.collections.RedisMapTests.<init>(RedisMapTests.java:57)
]]></error>
  </testcase>
  <testcase name="testPut[31]" classname="org.springframework.data.redis.support.collections.RedisMapTests" time="0">
    <error message="Could not initialize class org.springframework.data.redis.test.util.MinimumRedisVersionRule" type="java.lang.NoClassDefFoundError"><![CDATA[java.lang.NoClassDefFoundError: Could not initialize class org.springframework.data.redis.test.util.MinimumRedisVersionRule
	at org.springframework.data.redis.support.collections.RedisMapTests.<init>(RedisMapTests.java:57)
]]></error>
  </testcase>
  <testcase name="testReplaceNullValue[31]" classname="org.springframework.data.redis.support.collections.RedisMapTests" time="0">
    <error message="Could not initialize class org.springframework.data.redis.test.util.MinimumRedisVersionRule" type="java.lang.NoClassDefFoundError"><![CDATA[java.lang.NoClassDefFoundError: Could not initialize class org.springframework.data.redis.test.util.MinimumRedisVersionRule
	at org.springframework.data.redis.support.collections.RedisMapTests.<init>(RedisMapTests.java:57)
]]></error>
  </testcase>
  <testcase name="testEntrySet[31]" classname="org.springframework.data.redis.support.collections.RedisMapTests" time="0">
    <error message="Could not initialize class org.springframework.data.redis.test.util.MinimumRedisVersionRule" type="java.lang.NoClassDefFoundError"><![CDATA[java.lang.NoClassDefFoundError: Could not initialize class org.springframework.data.redis.test.util.MinimumRedisVersionRule
	at org.springframework.data.redis.support.collections.RedisMapTests.<init>(RedisMapTests.java:57)
]]></error>
  </testcase>
  <testcase name="testRemoveNullValue[31]" classname="org.springframework.data.redis.support.collections.RedisMapTests" time="0">
    <error message="Could not initialize class org.springframework.data.redis.test.util.MinimumRedisVersionRule" type="java.lang.NoClassDefFoundError"><![CDATA[java.lang.NoClassDefFoundError: Could not initialize class org.springframework.data.redis.test.util.MinimumRedisVersionRule
	at org.springframework.data.redis.support.collections.RedisMapTests.<init>(RedisMapTests.java:57)
]]></error>
  </testcase>
  <testcase name="testClear[31]" classname="org.springframework.data.redis.support.collections.RedisMapTests" time="0">
    <error message="Could not initialize class org.springframework.data.redis.test.util.MinimumRedisVersionRule" type="java.lang.NoClassDefFoundError"><![CDATA[java.lang.NoClassDefFoundError: Could not initialize class org.springframework.data.redis.test.util.MinimumRedisVersionRule
	at org.springframework.data.redis.support.collections.RedisMapTests.<init>(RedisMapTests.java:57)
]]></error>
  </testcase>
  <testcase name="testSize[31]" classname="org.springframework.data.redis.support.collections.RedisMapTests" time="0">
    <error message="Could not initialize class org.springframework.data.redis.test.util.MinimumRedisVersionRule" type="java.lang.NoClassDefFoundError"><![CDATA[java.lang.NoClassDefFoundError: Could not initialize class org.springframework.data.redis.test.util.MinimumRedisVersionRule
	at org.springframework.data.redis.support.collections.RedisMapTests.<init>(RedisMapTests.java:57)
]]></error>
  </testcase>
  <testcase name="testReplaceNullOldValue[31]" classname="org.springframework.data.redis.support.collections.RedisMapTests" time="0">
    <error message="Could not initialize class org.springframework.data.redis.test.util.MinimumRedisVersionRule" type="java.lang.NoClassDefFoundError"><![CDATA[java.lang.NoClassDefFoundError: Could not initialize class org.springframework.data.redis.test.util.MinimumRedisVersionRule
	at org.springframework.data.redis.support.collections.RedisMapTests.<init>(RedisMapTests.java:57)
]]></error>
  </testcase>
  <testcase name="testConcurrentReplaceOneArg[31]" classname="org.springframework.data.redis.support.collections.RedisMapTests" time="0">
    <error message="Could not initialize class org.springframework.data.redis.test.util.MinimumRedisVersionRule" type="java.lang.NoClassDefFoundError"><![CDATA[java.lang.NoClassDefFoundError: Could not initialize class org.springframework.data.redis.test.util.MinimumRedisVersionRule
	at org.springframework.data.redis.support.collections.RedisMapTests.<init>(RedisMapTests.java:57)
]]></error>
  </testcase>
  <testcase name="testIncrement[31]" classname="org.springframework.data.redis.support.collections.RedisMapTests" time="0">
    <error message="Could not initialize class org.springframework.data.redis.test.util.MinimumRedisVersionRule" type="java.lang.NoClassDefFoundError"><![CDATA[java.lang.NoClassDefFoundError: Could not initialize class org.springframework.data.redis.test.util.MinimumRedisVersionRule
	at org.springframework.data.redis.support.collections.RedisMapTests.<init>(RedisMapTests.java:57)
]]></error>
  </testcase>
  <testcase name="testIncrementDouble[31]" classname="org.springframework.data.redis.support.collections.RedisMapTests" time="0">
    <error message="Could not initialize class org.springframework.data.redis.test.util.MinimumRedisVersionRule" type="java.lang.NoClassDefFoundError"><![CDATA[java.lang.NoClassDefFoundError: Could not initialize class org.springframework.data.redis.test.util.MinimumRedisVersionRule
	at org.springframework.data.redis.support.collections.RedisMapTests.<init>(RedisMapTests.java:57)
]]></error>
  </testcase>
  <testcase name="testContainsKey[31]" classname="org.springframework.data.redis.support.collections.RedisMapTests" time="0">
    <error message="Could not initialize class org.springframework.data.redis.test.util.MinimumRedisVersionRule" type="java.lang.NoClassDefFoundError"><![CDATA[java.lang.NoClassDefFoundError: Could not initialize class org.springframework.data.redis.test.util.MinimumRedisVersionRule
	at org.springframework.data.redis.support.collections.RedisMapTests.<init>(RedisMapTests.java:57)
]]></error>
  </testcase>
  <testcase name="testScanWorksCorrectly[31]" classname="org.springframework.data.redis.support.collections.RedisMapTests" time="0">
    <error message="Could not initialize class org.springframework.data.redis.test.util.MinimumRedisVersionRule" type="java.lang.NoClassDefFoundError"><![CDATA[java.lang.NoClassDefFoundError: Could not initialize class org.springframework.data.redis.test.util.MinimumRedisVersionRule
	at org.springframework.data.redis.support.collections.RedisMapTests.<init>(RedisMapTests.java:57)
]]></error>
  </testcase>
  <testcase name="testPutIfAbsent[31]" classname="org.springframework.data.redis.support.collections.RedisMapTests" time="0">
    <error message="Could not initialize class org.springframework.data.redis.test.util.MinimumRedisVersionRule" type="java.lang.NoClassDefFoundError"><![CDATA[java.lang.NoClassDefFoundError: Could not initialize class org.springframework.data.redis.test.util.MinimumRedisVersionRule
	at org.springframework.data.redis.support.collections.RedisMapTests.<init>(RedisMapTests.java:57)
]]></error>
  </testcase>
  <testcase name="testContainsValue[31]" classname="org.springframework.data.redis.support.collections.RedisMapTests" time="0">
    <error message="Could not initialize class org.springframework.data.redis.test.util.MinimumRedisVersionRule" type="java.lang.NoClassDefFoundError"><![CDATA[java.lang.NoClassDefFoundError: Could not initialize class org.springframework.data.redis.test.util.MinimumRedisVersionRule
	at org.springframework.data.redis.support.collections.RedisMapTests.<init>(RedisMapTests.java:57)
]]></error>
  </testcase>
  <testcase name="testReplaceNullNewValue[31]" classname="org.springframework.data.redis.support.collections.RedisMapTests" time="0">
    <error message="Could not initialize class org.springframework.data.redis.test.util.MinimumRedisVersionRule" type="java.lang.NoClassDefFoundError"><![CDATA[java.lang.NoClassDefFoundError: Could not initialize class org.springframework.data.redis.test.util.MinimumRedisVersionRule
	at org.springframework.data.redis.support.collections.RedisMapTests.<init>(RedisMapTests.java:57)
]]></error>
  </testcase>
  <testcase name="testHashCode[31]" classname="org.springframework.data.redis.support.collections.RedisMapTests" time="0">
    <error message="Could not initialize class org.springframework.data.redis.test.util.MinimumRedisVersionRule" type="java.lang.NoClassDefFoundError"><![CDATA[java.lang.NoClassDefFoundError: Could not initialize class org.springframework.data.redis.test.util.MinimumRedisVersionRule
	at org.springframework.data.redis.support.collections.RedisMapTests.<init>(RedisMapTests.java:57)
]]></error>
  </testcase>
  <testcase name="testIncrementNotNumber[31]" classname="org.springframework.data.redis.support.collections.RedisMapTests" time="0.001">
    <error message="Could not initialize class org.springframework.data.redis.test.util.MinimumRedisVersionRule" type="java.lang.NoClassDefFoundError"><![CDATA[java.lang.NoClassDefFoundError: Could not initialize class org.springframework.data.redis.test.util.MinimumRedisVersionRule
	at org.springframework.data.redis.support.collections.RedisMapTests.<init>(RedisMapTests.java:57)
]]></error>
  </testcase>
  <testcase name="testEquals[31]" classname="org.springframework.data.redis.support.collections.RedisMapTests" time="0">
    <error message="Could not initialize class org.springframework.data.redis.test.util.MinimumRedisVersionRule" type="java.lang.NoClassDefFoundError"><![CDATA[java.lang.NoClassDefFoundError: Could not initialize class org.springframework.data.redis.test.util.MinimumRedisVersionRule
	at org.springframework.data.redis.support.collections.RedisMapTests.<init>(RedisMapTests.java:57)
]]></error>
  </testcase>
  <testcase name="testGetKey[31]" classname="org.springframework.data.redis.support.collections.RedisMapTests" time="0">
    <error message="Could not initialize class org.springframework.data.redis.test.util.MinimumRedisVersionRule" type="java.lang.NoClassDefFoundError"><![CDATA[java.lang.NoClassDefFoundError: Could not initialize class org.springframework.data.redis.test.util.MinimumRedisVersionRule
	at org.springframework.data.redis.support.collections.RedisMapTests.<init>(RedisMapTests.java:57)
]]></error>
  </testcase>
  <testcase name="testKeySet[31]" classname="org.springframework.data.redis.support.collections.RedisMapTests" time="0">
    <error message="Could not initialize class org.springframework.data.redis.test.util.MinimumRedisVersionRule" type="java.lang.NoClassDefFoundError"><![CDATA[java.lang.NoClassDefFoundError: Could not initialize class org.springframework.data.redis.test.util.MinimumRedisVersionRule
	at org.springframework.data.redis.support.collections.RedisMapTests.<init>(RedisMapTests.java:57)
]]></error>
  </testcase>
  <testcase name="testNotEquals[31]" classname="org.springframework.data.redis.support.collections.RedisMapTests" time="0">
    <error message="Could not initialize class org.springframework.data.redis.test.util.MinimumRedisVersionRule" type="java.lang.NoClassDefFoundError"><![CDATA[java.lang.NoClassDefFoundError: Could not initialize class org.springframework.data.redis.test.util.MinimumRedisVersionRule
	at org.springframework.data.redis.support.collections.RedisMapTests.<init>(RedisMapTests.java:57)
]]></error>
  </testcase>
  <testcase name="testGetOperations[31]" classname="org.springframework.data.redis.support.collections.RedisMapTests" time="0">
    <error message="Could not initialize class org.springframework.data.redis.test.util.MinimumRedisVersionRule" type="java.lang.NoClassDefFoundError"><![CDATA[java.lang.NoClassDefFoundError: Could not initialize class org.springframework.data.redis.test.util.MinimumRedisVersionRule
	at org.springframework.data.redis.support.collections.RedisMapTests.<init>(RedisMapTests.java:57)
]]></error>
  </testcase>
  <testcase name="testPutAll[31]" classname="org.springframework.data.redis.support.collections.RedisMapTests" time="0">
    <error message="Could not initialize class org.springframework.data.redis.test.util.MinimumRedisVersionRule" type="java.lang.NoClassDefFoundError"><![CDATA[java.lang.NoClassDefFoundError: Could not initialize class org.springframework.data.redis.test.util.MinimumRedisVersionRule
	at org.springframework.data.redis.support.collections.RedisMapTests.<init>(RedisMapTests.java:57)
]]></error>
  </testcase>
  <testcase name="testIsEmpty[31]" classname="org.springframework.data.redis.support.collections.RedisMapTests" time="0">
    <error message="Could not initialize class org.springframework.data.redis.test.util.MinimumRedisVersionRule" type="java.lang.NoClassDefFoundError"><![CDATA[java.lang.NoClassDefFoundError: Could not initialize class org.springframework.data.redis.test.util.MinimumRedisVersionRule
	at org.springframework.data.redis.support.collections.RedisMapTests.<init>(RedisMapTests.java:57)
]]></error>
  </testcase>
  <testcase name="testRemove[31]" classname="org.springframework.data.redis.support.collections.RedisMapTests" time="0">
    <error message="Could not initialize class org.springframework.data.redis.test.util.MinimumRedisVersionRule" type="java.lang.NoClassDefFoundError"><![CDATA[java.lang.NoClassDefFoundError: Could not initialize class org.springframework.data.redis.test.util.MinimumRedisVersionRule
	at org.springframework.data.redis.support.collections.RedisMapTests.<init>(RedisMapTests.java:57)
]]></error>
  </testcase>
  <testcase name="testConcurrentReplaceTwoArgs[31]" classname="org.springframework.data.redis.support.collections.RedisMapTests" time="0">
    <error message="Could not initialize class org.springframework.data.redis.test.util.MinimumRedisVersionRule" type="java.lang.NoClassDefFoundError"><![CDATA[java.lang.NoClassDefFoundError: Could not initialize class org.springframework.data.redis.test.util.MinimumRedisVersionRule
	at org.springframework.data.redis.support.collections.RedisMapTests.<init>(RedisMapTests.java:57)
]]></error>
  </testcase>
  <testcase name="testValues[31]" classname="org.springframework.data.redis.support.collections.RedisMapTests" time="0">
    <error message="Could not initialize class org.springframework.data.redis.test.util.MinimumRedisVersionRule" type="java.lang.NoClassDefFoundError"><![CDATA[java.lang.NoClassDefFoundError: Could not initialize class org.springframework.data.redis.test.util.MinimumRedisVersionRule
	at org.springframework.data.redis.support.collections.RedisMapTests.<init>(RedisMapTests.java:57)
]]></error>
  </testcase>
  <testcase name="testConcurrentRemove[32]" classname="org.springframework.data.redis.support.collections.RedisMapTests" time="0">
    <error message="Could not initialize class org.springframework.data.redis.test.util.MinimumRedisVersionRule" type="java.lang.NoClassDefFoundError"><![CDATA[java.lang.NoClassDefFoundError: Could not initialize class org.springframework.data.redis.test.util.MinimumRedisVersionRule
	at org.springframework.data.redis.support.collections.RedisMapTests.<init>(RedisMapTests.java:57)
]]></error>
  </testcase>
  <testcase name="testGet[32]" classname="org.springframework.data.redis.support.collections.RedisMapTests" time="0">
    <error message="Could not initialize class org.springframework.data.redis.test.util.MinimumRedisVersionRule" type="java.lang.NoClassDefFoundError"><![CDATA[java.lang.NoClassDefFoundError: Could not initialize class org.springframework.data.redis.test.util.MinimumRedisVersionRule
	at org.springframework.data.redis.support.collections.RedisMapTests.<init>(RedisMapTests.java:57)
]]></error>
  </testcase>
  <testcase name="testPut[32]" classname="org.springframework.data.redis.support.collections.RedisMapTests" time="0">
    <error message="Could not initialize class org.springframework.data.redis.test.util.MinimumRedisVersionRule" type="java.lang.NoClassDefFoundError"><![CDATA[java.lang.NoClassDefFoundError: Could not initialize class org.springframework.data.redis.test.util.MinimumRedisVersionRule
	at org.springframework.data.redis.support.collections.RedisMapTests.<init>(RedisMapTests.java:57)
]]></error>
  </testcase>
  <testcase name="testReplaceNullValue[32]" classname="org.springframework.data.redis.support.collections.RedisMapTests" time="0">
    <error message="Could not initialize class org.springframework.data.redis.test.util.MinimumRedisVersionRule" type="java.lang.NoClassDefFoundError"><![CDATA[java.lang.NoClassDefFoundError: Could not initialize class org.springframework.data.redis.test.util.MinimumRedisVersionRule
	at org.springframework.data.redis.support.collections.RedisMapTests.<init>(RedisMapTests.java:57)
]]></error>
  </testcase>
  <testcase name="testEntrySet[32]" classname="org.springframework.data.redis.support.collections.RedisMapTests" time="0">
    <error message="Could not initialize class org.springframework.data.redis.test.util.MinimumRedisVersionRule" type="java.lang.NoClassDefFoundError"><![CDATA[java.lang.NoClassDefFoundError: Could not initialize class org.springframework.data.redis.test.util.MinimumRedisVersionRule
	at org.springframework.data.redis.support.collections.RedisMapTests.<init>(RedisMapTests.java:57)
]]></error>
  </testcase>
  <testcase name="testRemoveNullValue[32]" classname="org.springframework.data.redis.support.collections.RedisMapTests" time="0">
    <error message="Could not initialize class org.springframework.data.redis.test.util.MinimumRedisVersionRule" type="java.lang.NoClassDefFoundError"><![CDATA[java.lang.NoClassDefFoundError: Could not initialize class org.springframework.data.redis.test.util.MinimumRedisVersionRule
	at org.springframework.data.redis.support.collections.RedisMapTests.<init>(RedisMapTests.java:57)
]]></error>
  </testcase>
  <testcase name="testClear[32]" classname="org.springframework.data.redis.support.collections.RedisMapTests" time="0">
    <error message="Could not initialize class org.springframework.data.redis.test.util.MinimumRedisVersionRule" type="java.lang.NoClassDefFoundError"><![CDATA[java.lang.NoClassDefFoundError: Could not initialize class org.springframework.data.redis.test.util.MinimumRedisVersionRule
	at org.springframework.data.redis.support.collections.RedisMapTests.<init>(RedisMapTests.java:57)
]]></error>
  </testcase>
  <testcase name="testSize[32]" classname="org.springframework.data.redis.support.collections.RedisMapTests" time="0">
    <error message="Could not initialize class org.springframework.data.redis.test.util.MinimumRedisVersionRule" type="java.lang.NoClassDefFoundError"><![CDATA[java.lang.NoClassDefFoundError: Could not initialize class org.springframework.data.redis.test.util.MinimumRedisVersionRule
	at org.springframework.data.redis.support.collections.RedisMapTests.<init>(RedisMapTests.java:57)
]]></error>
  </testcase>
  <testcase name="testReplaceNullOldValue[32]" classname="org.springframework.data.redis.support.collections.RedisMapTests" time="0">
    <error message="Could not initialize class org.springframework.data.redis.test.util.MinimumRedisVersionRule" type="java.lang.NoClassDefFoundError"><![CDATA[java.lang.NoClassDefFoundError: Could not initialize class org.springframework.data.redis.test.util.MinimumRedisVersionRule
	at org.springframework.data.redis.support.collections.RedisMapTests.<init>(RedisMapTests.java:57)
]]></error>
  </testcase>
  <testcase name="testConcurrentReplaceOneArg[32]" classname="org.springframework.data.redis.support.collections.RedisMapTests" time="0.001">
    <error message="Could not initialize class org.springframework.data.redis.test.util.MinimumRedisVersionRule" type="java.lang.NoClassDefFoundError"><![CDATA[java.lang.NoClassDefFoundError: Could not initialize class org.springframework.data.redis.test.util.MinimumRedisVersionRule
	at org.springframework.data.redis.support.collections.RedisMapTests.<init>(RedisMapTests.java:57)
]]></error>
  </testcase>
  <testcase name="testIncrement[32]" classname="org.springframework.data.redis.support.collections.RedisMapTests" time="0">
    <error message="Could not initialize class org.springframework.data.redis.test.util.MinimumRedisVersionRule" type="java.lang.NoClassDefFoundError"><![CDATA[java.lang.NoClassDefFoundError: Could not initialize class org.springframework.data.redis.test.util.MinimumRedisVersionRule
	at org.springframework.data.redis.support.collections.RedisMapTests.<init>(RedisMapTests.java:57)
]]></error>
  </testcase>
  <testcase name="testIncrementDouble[32]" classname="org.springframework.data.redis.support.collections.RedisMapTests" time="0">
    <error message="Could not initialize class org.springframework.data.redis.test.util.MinimumRedisVersionRule" type="java.lang.NoClassDefFoundError"><![CDATA[java.lang.NoClassDefFoundError: Could not initialize class org.springframework.data.redis.test.util.MinimumRedisVersionRule
	at org.springframework.data.redis.support.collections.RedisMapTests.<init>(RedisMapTests.java:57)
]]></error>
  </testcase>
  <testcase name="testContainsKey[32]" classname="org.springframework.data.redis.support.collections.RedisMapTests" time="0">
    <error message="Could not initialize class org.springframework.data.redis.test.util.MinimumRedisVersionRule" type="java.lang.NoClassDefFoundError"><![CDATA[java.lang.NoClassDefFoundError: Could not initialize class org.springframework.data.redis.test.util.MinimumRedisVersionRule
	at org.springframework.data.redis.support.collections.RedisMapTests.<init>(RedisMapTests.java:57)
]]></error>
  </testcase>
  <testcase name="testScanWorksCorrectly[32]" classname="org.springframework.data.redis.support.collections.RedisMapTests" time="0">
    <error message="Could not initialize class org.springframework.data.redis.test.util.MinimumRedisVersionRule" type="java.lang.NoClassDefFoundError"><![CDATA[java.lang.NoClassDefFoundError: Could not initialize class org.springframework.data.redis.test.util.MinimumRedisVersionRule
	at org.springframework.data.redis.support.collections.RedisMapTests.<init>(RedisMapTests.java:57)
]]></error>
  </testcase>
  <testcase name="testPutIfAbsent[32]" classname="org.springframework.data.redis.support.collections.RedisMapTests" time="0">
    <error message="Could not initialize class org.springframework.data.redis.test.util.MinimumRedisVersionRule" type="java.lang.NoClassDefFoundError"><![CDATA[java.lang.NoClassDefFoundError: Could not initialize class org.springframework.data.redis.test.util.MinimumRedisVersionRule
	at org.springframework.data.redis.support.collections.RedisMapTests.<init>(RedisMapTests.java:57)
]]></error>
  </testcase>
  <testcase name="testContainsValue[32]" classname="org.springframework.data.redis.support.collections.RedisMapTests" time="0">
    <error message="Could not initialize class org.springframework.data.redis.test.util.MinimumRedisVersionRule" type="java.lang.NoClassDefFoundError"><![CDATA[java.lang.NoClassDefFoundError: Could not initialize class org.springframework.data.redis.test.util.MinimumRedisVersionRule
	at org.springframework.data.redis.support.collections.RedisMapTests.<init>(RedisMapTests.java:57)
]]></error>
  </testcase>
  <testcase name="testReplaceNullNewValue[32]" classname="org.springframework.data.redis.support.collections.RedisMapTests" time="0">
    <error message="Could not initialize class org.springframework.data.redis.test.util.MinimumRedisVersionRule" type="java.lang.NoClassDefFoundError"><![CDATA[java.lang.NoClassDefFoundError: Could not initialize class org.springframework.data.redis.test.util.MinimumRedisVersionRule
	at org.springframework.data.redis.support.collections.RedisMapTests.<init>(RedisMapTests.java:57)
]]></error>
  </testcase>
  <testcase name="testHashCode[32]" classname="org.springframework.data.redis.support.collections.RedisMapTests" time="0">
    <error message="Could not initialize class org.springframework.data.redis.test.util.MinimumRedisVersionRule" type="java.lang.NoClassDefFoundError"><![CDATA[java.lang.NoClassDefFoundError: Could not initialize class org.springframework.data.redis.test.util.MinimumRedisVersionRule
	at org.springframework.data.redis.support.collections.RedisMapTests.<init>(RedisMapTests.java:57)
]]></error>
  </testcase>
  <testcase name="testIncrementNotNumber[32]" classname="org.springframework.data.redis.support.collections.RedisMapTests" time="0">
    <error message="Could not initialize class org.springframework.data.redis.test.util.MinimumRedisVersionRule" type="java.lang.NoClassDefFoundError"><![CDATA[java.lang.NoClassDefFoundError: Could not initialize class org.springframework.data.redis.test.util.MinimumRedisVersionRule
	at org.springframework.data.redis.support.collections.RedisMapTests.<init>(RedisMapTests.java:57)
]]></error>
  </testcase>
  <testcase name="testEquals[32]" classname="org.springframework.data.redis.support.collections.RedisMapTests" time="0.001">
    <error message="Could not initialize class org.springframework.data.redis.test.util.MinimumRedisVersionRule" type="java.lang.NoClassDefFoundError"><![CDATA[java.lang.NoClassDefFoundError: Could not initialize class org.springframework.data.redis.test.util.MinimumRedisVersionRule
	at org.springframework.data.redis.support.collections.RedisMapTests.<init>(RedisMapTests.java:57)
]]></error>
  </testcase>
  <testcase name="testGetKey[32]" classname="org.springframework.data.redis.support.collections.RedisMapTests" time="0">
    <error message="Could not initialize class org.springframework.data.redis.test.util.MinimumRedisVersionRule" type="java.lang.NoClassDefFoundError"><![CDATA[java.lang.NoClassDefFoundError: Could not initialize class org.springframework.data.redis.test.util.MinimumRedisVersionRule
	at org.springframework.data.redis.support.collections.RedisMapTests.<init>(RedisMapTests.java:57)
]]></error>
  </testcase>
  <testcase name="testKeySet[32]" classname="org.springframework.data.redis.support.collections.RedisMapTests" time="0">
    <error message="Could not initialize class org.springframework.data.redis.test.util.MinimumRedisVersionRule" type="java.lang.NoClassDefFoundError"><![CDATA[java.lang.NoClassDefFoundError: Could not initialize class org.springframework.data.redis.test.util.MinimumRedisVersionRule
	at org.springframework.data.redis.support.collections.RedisMapTests.<init>(RedisMapTests.java:57)
]]></error>
  </testcase>
  <testcase name="testNotEquals[32]" classname="org.springframework.data.redis.support.collections.RedisMapTests" time="0">
    <error message="Could not initialize class org.springframework.data.redis.test.util.MinimumRedisVersionRule" type="java.lang.NoClassDefFoundError"><![CDATA[java.lang.NoClassDefFoundError: Could not initialize class org.springframework.data.redis.test.util.MinimumRedisVersionRule
	at org.springframework.data.redis.support.collections.RedisMapTests.<init>(RedisMapTests.java:57)
]]></error>
  </testcase>
  <testcase name="testGetOperations[32]" classname="org.springframework.data.redis.support.collections.RedisMapTests" time="0">
    <error message="Could not initialize class org.springframework.data.redis.test.util.MinimumRedisVersionRule" type="java.lang.NoClassDefFoundError"><![CDATA[java.lang.NoClassDefFoundError: Could not initialize class org.springframework.data.redis.test.util.MinimumRedisVersionRule
	at org.springframework.data.redis.support.collections.RedisMapTests.<init>(RedisMapTests.java:57)
]]></error>
  </testcase>
  <testcase name="testPutAll[32]" classname="org.springframework.data.redis.support.collections.RedisMapTests" time="0">
    <error message="Could not initialize class org.springframework.data.redis.test.util.MinimumRedisVersionRule" type="java.lang.NoClassDefFoundError"><![CDATA[java.lang.NoClassDefFoundError: Could not initialize class org.springframework.data.redis.test.util.MinimumRedisVersionRule
	at org.springframework.data.redis.support.collections.RedisMapTests.<init>(RedisMapTests.java:57)
]]></error>
  </testcase>
  <testcase name="testIsEmpty[32]" classname="org.springframework.data.redis.support.collections.RedisMapTests" time="0">
    <error message="Could not initialize class org.springframework.data.redis.test.util.MinimumRedisVersionRule" type="java.lang.NoClassDefFoundError"><![CDATA[java.lang.NoClassDefFoundError: Could not initialize class org.springframework.data.redis.test.util.MinimumRedisVersionRule
	at org.springframework.data.redis.support.collections.RedisMapTests.<init>(RedisMapTests.java:57)
]]></error>
  </testcase>
  <testcase name="testRemove[32]" classname="org.springframework.data.redis.support.collections.RedisMapTests" time="0">
    <error message="Could not initialize class org.springframework.data.redis.test.util.MinimumRedisVersionRule" type="java.lang.NoClassDefFoundError"><![CDATA[java.lang.NoClassDefFoundError: Could not initialize class org.springframework.data.redis.test.util.MinimumRedisVersionRule
	at org.springframework.data.redis.support.collections.RedisMapTests.<init>(RedisMapTests.java:57)
]]></error>
  </testcase>
  <testcase name="testConcurrentReplaceTwoArgs[32]" classname="org.springframework.data.redis.support.collections.RedisMapTests" time="0">
    <error message="Could not initialize class org.springframework.data.redis.test.util.MinimumRedisVersionRule" type="java.lang.NoClassDefFoundError"><![CDATA[java.lang.NoClassDefFoundError: Could not initialize class org.springframework.data.redis.test.util.MinimumRedisVersionRule
	at org.springframework.data.redis.support.collections.RedisMapTests.<init>(RedisMapTests.java:57)
]]></error>
  </testcase>
  <testcase name="testValues[32]" classname="org.springframework.data.redis.support.collections.RedisMapTests" time="0">
    <error message="Could not initialize class org.springframework.data.redis.test.util.MinimumRedisVersionRule" type="java.lang.NoClassDefFoundError"><![CDATA[java.lang.NoClassDefFoundError: Could not initialize class org.springframework.data.redis.test.util.MinimumRedisVersionRule
	at org.springframework.data.redis.support.collections.RedisMapTests.<init>(RedisMapTests.java:57)
]]></error>
  </testcase>
  <testcase name="testConcurrentRemove[33]" classname="org.springframework.data.redis.support.collections.RedisMapTests" time="0">
    <error message="Could not initialize class org.springframework.data.redis.test.util.MinimumRedisVersionRule" type="java.lang.NoClassDefFoundError"><![CDATA[java.lang.NoClassDefFoundError: Could not initialize class org.springframework.data.redis.test.util.MinimumRedisVersionRule
	at org.springframework.data.redis.support.collections.RedisMapTests.<init>(RedisMapTests.java:57)
]]></error>
  </testcase>
  <testcase name="testGet[33]" classname="org.springframework.data.redis.support.collections.RedisMapTests" time="0">
    <error message="Could not initialize class org.springframework.data.redis.test.util.MinimumRedisVersionRule" type="java.lang.NoClassDefFoundError"><![CDATA[java.lang.NoClassDefFoundError: Could not initialize class org.springframework.data.redis.test.util.MinimumRedisVersionRule
	at org.springframework.data.redis.support.collections.RedisMapTests.<init>(RedisMapTests.java:57)
]]></error>
  </testcase>
  <testcase name="testPut[33]" classname="org.springframework.data.redis.support.collections.RedisMapTests" time="0">
    <error message="Could not initialize class org.springframework.data.redis.test.util.MinimumRedisVersionRule" type="java.lang.NoClassDefFoundError"><![CDATA[java.lang.NoClassDefFoundError: Could not initialize class org.springframework.data.redis.test.util.MinimumRedisVersionRule
	at org.springframework.data.redis.support.collections.RedisMapTests.<init>(RedisMapTests.java:57)
]]></error>
  </testcase>
  <testcase name="testReplaceNullValue[33]" classname="org.springframework.data.redis.support.collections.RedisMapTests" time="0">
    <error message="Could not initialize class org.springframework.data.redis.test.util.MinimumRedisVersionRule" type="java.lang.NoClassDefFoundError"><![CDATA[java.lang.NoClassDefFoundError: Could not initialize class org.springframework.data.redis.test.util.MinimumRedisVersionRule
	at org.springframework.data.redis.support.collections.RedisMapTests.<init>(RedisMapTests.java:57)
]]></error>
  </testcase>
  <testcase name="testEntrySet[33]" classname="org.springframework.data.redis.support.collections.RedisMapTests" time="0">
    <error message="Could not initialize class org.springframework.data.redis.test.util.MinimumRedisVersionRule" type="java.lang.NoClassDefFoundError"><![CDATA[java.lang.NoClassDefFoundError: Could not initialize class org.springframework.data.redis.test.util.MinimumRedisVersionRule
	at org.springframework.data.redis.support.collections.RedisMapTests.<init>(RedisMapTests.java:57)
]]></error>
  </testcase>
  <testcase name="testRemoveNullValue[33]" classname="org.springframework.data.redis.support.collections.RedisMapTests" time="0">
    <error message="Could not initialize class org.springframework.data.redis.test.util.MinimumRedisVersionRule" type="java.lang.NoClassDefFoundError"><![CDATA[java.lang.NoClassDefFoundError: Could not initialize class org.springframework.data.redis.test.util.MinimumRedisVersionRule
	at org.springframework.data.redis.support.collections.RedisMapTests.<init>(RedisMapTests.java:57)
]]></error>
  </testcase>
  <testcase name="testClear[33]" classname="org.springframework.data.redis.support.collections.RedisMapTests" time="0">
    <error message="Could not initialize class org.springframework.data.redis.test.util.MinimumRedisVersionRule" type="java.lang.NoClassDefFoundError"><![CDATA[java.lang.NoClassDefFoundError: Could not initialize class org.springframework.data.redis.test.util.MinimumRedisVersionRule
	at org.springframework.data.redis.support.collections.RedisMapTests.<init>(RedisMapTests.java:57)
]]></error>
  </testcase>
  <testcase name="testSize[33]" classname="org.springframework.data.redis.support.collections.RedisMapTests" time="0">
    <error message="Could not initialize class org.springframework.data.redis.test.util.MinimumRedisVersionRule" type="java.lang.NoClassDefFoundError"><![CDATA[java.lang.NoClassDefFoundError: Could not initialize class org.springframework.data.redis.test.util.MinimumRedisVersionRule
	at org.springframework.data.redis.support.collections.RedisMapTests.<init>(RedisMapTests.java:57)
]]></error>
  </testcase>
  <testcase name="testReplaceNullOldValue[33]" classname="org.springframework.data.redis.support.collections.RedisMapTests" time="0">
    <error message="Could not initialize class org.springframework.data.redis.test.util.MinimumRedisVersionRule" type="java.lang.NoClassDefFoundError"><![CDATA[java.lang.NoClassDefFoundError: Could not initialize class org.springframework.data.redis.test.util.MinimumRedisVersionRule
	at org.springframework.data.redis.support.collections.RedisMapTests.<init>(RedisMapTests.java:57)
]]></error>
  </testcase>
  <testcase name="testConcurrentReplaceOneArg[33]" classname="org.springframework.data.redis.support.collections.RedisMapTests" time="0">
    <error message="Could not initialize class org.springframework.data.redis.test.util.MinimumRedisVersionRule" type="java.lang.NoClassDefFoundError"><![CDATA[java.lang.NoClassDefFoundError: Could not initialize class org.springframework.data.redis.test.util.MinimumRedisVersionRule
	at org.springframework.data.redis.support.collections.RedisMapTests.<init>(RedisMapTests.java:57)
]]></error>
  </testcase>
  <testcase name="testIncrement[33]" classname="org.springframework.data.redis.support.collections.RedisMapTests" time="0">
    <error message="Could not initialize class org.springframework.data.redis.test.util.MinimumRedisVersionRule" type="java.lang.NoClassDefFoundError"><![CDATA[java.lang.NoClassDefFoundError: Could not initialize class org.springframework.data.redis.test.util.MinimumRedisVersionRule
	at org.springframework.data.redis.support.collections.RedisMapTests.<init>(RedisMapTests.java:57)
]]></error>
  </testcase>
  <testcase name="testIncrementDouble[33]" classname="org.springframework.data.redis.support.collections.RedisMapTests" time="0.001">
    <error message="Could not initialize class org.springframework.data.redis.test.util.MinimumRedisVersionRule" type="java.lang.NoClassDefFoundError"><![CDATA[java.lang.NoClassDefFoundError: Could not initialize class org.springframework.data.redis.test.util.MinimumRedisVersionRule
	at org.springframework.data.redis.support.collections.RedisMapTests.<init>(RedisMapTests.java:57)
]]></error>
  </testcase>
  <testcase name="testContainsKey[33]" classname="org.springframework.data.redis.support.collections.RedisMapTests" time="0">
    <error message="Could not initialize class org.springframework.data.redis.test.util.MinimumRedisVersionRule" type="java.lang.NoClassDefFoundError"><![CDATA[java.lang.NoClassDefFoundError: Could not initialize class org.springframework.data.redis.test.util.MinimumRedisVersionRule
	at org.springframework.data.redis.support.collections.RedisMapTests.<init>(RedisMapTests.java:57)
]]></error>
  </testcase>
  <testcase name="testScanWorksCorrectly[33]" classname="org.springframework.data.redis.support.collections.RedisMapTests" time="0">
    <error message="Could not initialize class org.springframework.data.redis.test.util.MinimumRedisVersionRule" type="java.lang.NoClassDefFoundError"><![CDATA[java.lang.NoClassDefFoundError: Could not initialize class org.springframework.data.redis.test.util.MinimumRedisVersionRule
	at org.springframework.data.redis.support.collections.RedisMapTests.<init>(RedisMapTests.java:57)
]]></error>
  </testcase>
  <testcase name="testPutIfAbsent[33]" classname="org.springframework.data.redis.support.collections.RedisMapTests" time="0">
    <error message="Could not initialize class org.springframework.data.redis.test.util.MinimumRedisVersionRule" type="java.lang.NoClassDefFoundError"><![CDATA[java.lang.NoClassDefFoundError: Could not initialize class org.springframework.data.redis.test.util.MinimumRedisVersionRule
	at org.springframework.data.redis.support.collections.RedisMapTests.<init>(RedisMapTests.java:57)
]]></error>
  </testcase>
  <testcase name="testContainsValue[33]" classname="org.springframework.data.redis.support.collections.RedisMapTests" time="0">
    <error message="Could not initialize class org.springframework.data.redis.test.util.MinimumRedisVersionRule" type="java.lang.NoClassDefFoundError"><![CDATA[java.lang.NoClassDefFoundError: Could not initialize class org.springframework.data.redis.test.util.MinimumRedisVersionRule
	at org.springframework.data.redis.support.collections.RedisMapTests.<init>(RedisMapTests.java:57)
]]></error>
  </testcase>
  <testcase name="testReplaceNullNewValue[33]" classname="org.springframework.data.redis.support.collections.RedisMapTests" time="0">
    <error message="Could not initialize class org.springframework.data.redis.test.util.MinimumRedisVersionRule" type="java.lang.NoClassDefFoundError"><![CDATA[java.lang.NoClassDefFoundError: Could not initialize class org.springframework.data.redis.test.util.MinimumRedisVersionRule
	at org.springframework.data.redis.support.collections.RedisMapTests.<init>(RedisMapTests.java:57)
]]></error>
  </testcase>
  <testcase name="testHashCode[33]" classname="org.springframework.data.redis.support.collections.RedisMapTests" time="0">
    <error message="Could not initialize class org.springframework.data.redis.test.util.MinimumRedisVersionRule" type="java.lang.NoClassDefFoundError"><![CDATA[java.lang.NoClassDefFoundError: Could not initialize class org.springframework.data.redis.test.util.MinimumRedisVersionRule
	at org.springframework.data.redis.support.collections.RedisMapTests.<init>(RedisMapTests.java:57)
]]></error>
  </testcase>
  <testcase name="testIncrementNotNumber[33]" classname="org.springframework.data.redis.support.collections.RedisMapTests" time="0">
    <error message="Could not initialize class org.springframework.data.redis.test.util.MinimumRedisVersionRule" type="java.lang.NoClassDefFoundError"><![CDATA[java.lang.NoClassDefFoundError: Could not initialize class org.springframework.data.redis.test.util.MinimumRedisVersionRule
	at org.springframework.data.redis.support.collections.RedisMapTests.<init>(RedisMapTests.java:57)
]]></error>
  </testcase>
  <testcase name="testEquals[33]" classname="org.springframework.data.redis.support.collections.RedisMapTests" time="0">
    <error message="Could not initialize class org.springframework.data.redis.test.util.MinimumRedisVersionRule" type="java.lang.NoClassDefFoundError"><![CDATA[java.lang.NoClassDefFoundError: Could not initialize class org.springframework.data.redis.test.util.MinimumRedisVersionRule
	at org.springframework.data.redis.support.collections.RedisMapTests.<init>(RedisMapTests.java:57)
]]></error>
  </testcase>
  <testcase name="testGetKey[33]" classname="org.springframework.data.redis.support.collections.RedisMapTests" time="0">
    <error message="Could not initialize class org.springframework.data.redis.test.util.MinimumRedisVersionRule" type="java.lang.NoClassDefFoundError"><![CDATA[java.lang.NoClassDefFoundError: Could not initialize class org.springframework.data.redis.test.util.MinimumRedisVersionRule
	at org.springframework.data.redis.support.collections.RedisMapTests.<init>(RedisMapTests.java:57)
]]></error>
  </testcase>
  <testcase name="testKeySet[33]" classname="org.springframework.data.redis.support.collections.RedisMapTests" time="0.001">
    <error message="Could not initialize class org.springframework.data.redis.test.util.MinimumRedisVersionRule" type="java.lang.NoClassDefFoundError"><![CDATA[java.lang.NoClassDefFoundError: Could not initialize class org.springframework.data.redis.test.util.MinimumRedisVersionRule
	at org.springframework.data.redis.support.collections.RedisMapTests.<init>(RedisMapTests.java:57)
]]></error>
  </testcase>
  <testcase name="testNotEquals[33]" classname="org.springframework.data.redis.support.collections.RedisMapTests" time="0">
    <error message="Could not initialize class org.springframework.data.redis.test.util.MinimumRedisVersionRule" type="java.lang.NoClassDefFoundError"><![CDATA[java.lang.NoClassDefFoundError: Could not initialize class org.springframework.data.redis.test.util.MinimumRedisVersionRule
	at org.springframework.data.redis.support.collections.RedisMapTests.<init>(RedisMapTests.java:57)
]]></error>
  </testcase>
  <testcase name="testGetOperations[33]" classname="org.springframework.data.redis.support.collections.RedisMapTests" time="0">
    <error message="Could not initialize class org.springframework.data.redis.test.util.MinimumRedisVersionRule" type="java.lang.NoClassDefFoundError"><![CDATA[java.lang.NoClassDefFoundError: Could not initialize class org.springframework.data.redis.test.util.MinimumRedisVersionRule
	at org.springframework.data.redis.support.collections.RedisMapTests.<init>(RedisMapTests.java:57)
]]></error>
  </testcase>
  <testcase name="testPutAll[33]" classname="org.springframework.data.redis.support.collections.RedisMapTests" time="0">
    <error message="Could not initialize class org.springframework.data.redis.test.util.MinimumRedisVersionRule" type="java.lang.NoClassDefFoundError"><![CDATA[java.lang.NoClassDefFoundError: Could not initialize class org.springframework.data.redis.test.util.MinimumRedisVersionRule
	at org.springframework.data.redis.support.collections.RedisMapTests.<init>(RedisMapTests.java:57)
]]></error>
  </testcase>
  <testcase name="testIsEmpty[33]" classname="org.springframework.data.redis.support.collections.RedisMapTests" time="0">
    <error message="Could not initialize class org.springframework.data.redis.test.util.MinimumRedisVersionRule" type="java.lang.NoClassDefFoundError"><![CDATA[java.lang.NoClassDefFoundError: Could not initialize class org.springframework.data.redis.test.util.MinimumRedisVersionRule
	at org.springframework.data.redis.support.collections.RedisMapTests.<init>(RedisMapTests.java:57)
]]></error>
  </testcase>
  <testcase name="testRemove[33]" classname="org.springframework.data.redis.support.collections.RedisMapTests" time="0">
    <error message="Could not initialize class org.springframework.data.redis.test.util.MinimumRedisVersionRule" type="java.lang.NoClassDefFoundError"><![CDATA[java.lang.NoClassDefFoundError: Could not initialize class org.springframework.data.redis.test.util.MinimumRedisVersionRule
	at org.springframework.data.redis.support.collections.RedisMapTests.<init>(RedisMapTests.java:57)
]]></error>
  </testcase>
  <testcase name="testConcurrentReplaceTwoArgs[33]" classname="org.springframework.data.redis.support.collections.RedisMapTests" time="0">
    <error message="Could not initialize class org.springframework.data.redis.test.util.MinimumRedisVersionRule" type="java.lang.NoClassDefFoundError"><![CDATA[java.lang.NoClassDefFoundError: Could not initialize class org.springframework.data.redis.test.util.MinimumRedisVersionRule
	at org.springframework.data.redis.support.collections.RedisMapTests.<init>(RedisMapTests.java:57)
]]></error>
  </testcase>
  <testcase name="testValues[33]" classname="org.springframework.data.redis.support.collections.RedisMapTests" time="0">
    <error message="Could not initialize class org.springframework.data.redis.test.util.MinimumRedisVersionRule" type="java.lang.NoClassDefFoundError"><![CDATA[java.lang.NoClassDefFoundError: Could not initialize class org.springframework.data.redis.test.util.MinimumRedisVersionRule
	at org.springframework.data.redis.support.collections.RedisMapTests.<init>(RedisMapTests.java:57)
]]></error>
  </testcase>
  <testcase name="testConcurrentRemove[34]" classname="org.springframework.data.redis.support.collections.RedisMapTests" time="0">
    <error message="Could not initialize class org.springframework.data.redis.test.util.MinimumRedisVersionRule" type="java.lang.NoClassDefFoundError"><![CDATA[java.lang.NoClassDefFoundError: Could not initialize class org.springframework.data.redis.test.util.MinimumRedisVersionRule
	at org.springframework.data.redis.support.collections.RedisMapTests.<init>(RedisMapTests.java:57)
]]></error>
  </testcase>
  <testcase name="testGet[34]" classname="org.springframework.data.redis.support.collections.RedisMapTests" time="0">
    <error message="Could not initialize class org.springframework.data.redis.test.util.MinimumRedisVersionRule" type="java.lang.NoClassDefFoundError"><![CDATA[java.lang.NoClassDefFoundError: Could not initialize class org.springframework.data.redis.test.util.MinimumRedisVersionRule
	at org.springframework.data.redis.support.collections.RedisMapTests.<init>(RedisMapTests.java:57)
]]></error>
  </testcase>
  <testcase name="testPut[34]" classname="org.springframework.data.redis.support.collections.RedisMapTests" time="0">
    <error message="Could not initialize class org.springframework.data.redis.test.util.MinimumRedisVersionRule" type="java.lang.NoClassDefFoundError"><![CDATA[java.lang.NoClassDefFoundError: Could not initialize class org.springframework.data.redis.test.util.MinimumRedisVersionRule
	at org.springframework.data.redis.support.collections.RedisMapTests.<init>(RedisMapTests.java:57)
]]></error>
  </testcase>
  <testcase name="testReplaceNullValue[34]" classname="org.springframework.data.redis.support.collections.RedisMapTests" time="0">
    <error message="Could not initialize class org.springframework.data.redis.test.util.MinimumRedisVersionRule" type="java.lang.NoClassDefFoundError"><![CDATA[java.lang.NoClassDefFoundError: Could not initialize class org.springframework.data.redis.test.util.MinimumRedisVersionRule
	at org.springframework.data.redis.support.collections.RedisMapTests.<init>(RedisMapTests.java:57)
]]></error>
  </testcase>
  <testcase name="testEntrySet[34]" classname="org.springframework.data.redis.support.collections.RedisMapTests" time="0">
    <error message="Could not initialize class org.springframework.data.redis.test.util.MinimumRedisVersionRule" type="java.lang.NoClassDefFoundError"><![CDATA[java.lang.NoClassDefFoundError: Could not initialize class org.springframework.data.redis.test.util.MinimumRedisVersionRule
	at org.springframework.data.redis.support.collections.RedisMapTests.<init>(RedisMapTests.java:57)
]]></error>
  </testcase>
  <testcase name="testRemoveNullValue[34]" classname="org.springframework.data.redis.support.collections.RedisMapTests" time="0">
    <error message="Could not initialize class org.springframework.data.redis.test.util.MinimumRedisVersionRule" type="java.lang.NoClassDefFoundError"><![CDATA[java.lang.NoClassDefFoundError: Could not initialize class org.springframework.data.redis.test.util.MinimumRedisVersionRule
	at org.springframework.data.redis.support.collections.RedisMapTests.<init>(RedisMapTests.java:57)
]]></error>
  </testcase>
  <testcase name="testClear[34]" classname="org.springframework.data.redis.support.collections.RedisMapTests" time="0">
    <error message="Could not initialize class org.springframework.data.redis.test.util.MinimumRedisVersionRule" type="java.lang.NoClassDefFoundError"><![CDATA[java.lang.NoClassDefFoundError: Could not initialize class org.springframework.data.redis.test.util.MinimumRedisVersionRule
	at org.springframework.data.redis.support.collections.RedisMapTests.<init>(RedisMapTests.java:57)
]]></error>
  </testcase>
  <testcase name="testSize[34]" classname="org.springframework.data.redis.support.collections.RedisMapTests" time="0">
    <error message="Could not initialize class org.springframework.data.redis.test.util.MinimumRedisVersionRule" type="java.lang.NoClassDefFoundError"><![CDATA[java.lang.NoClassDefFoundError: Could not initialize class org.springframework.data.redis.test.util.MinimumRedisVersionRule
	at org.springframework.data.redis.support.collections.RedisMapTests.<init>(RedisMapTests.java:57)
]]></error>
  </testcase>
  <testcase name="testReplaceNullOldValue[34]" classname="org.springframework.data.redis.support.collections.RedisMapTests" time="0">
    <error message="Could not initialize class org.springframework.data.redis.test.util.MinimumRedisVersionRule" type="java.lang.NoClassDefFoundError"><![CDATA[java.lang.NoClassDefFoundError: Could not initialize class org.springframework.data.redis.test.util.MinimumRedisVersionRule
	at org.springframework.data.redis.support.collections.RedisMapTests.<init>(RedisMapTests.java:57)
]]></error>
  </testcase>
  <testcase name="testConcurrentReplaceOneArg[34]" classname="org.springframework.data.redis.support.collections.RedisMapTests" time="0">
    <error message="Could not initialize class org.springframework.data.redis.test.util.MinimumRedisVersionRule" type="java.lang.NoClassDefFoundError"><![CDATA[java.lang.NoClassDefFoundError: Could not initialize class org.springframework.data.redis.test.util.MinimumRedisVersionRule
	at org.springframework.data.redis.support.collections.RedisMapTests.<init>(RedisMapTests.java:57)
]]></error>
  </testcase>
  <testcase name="testIncrement[34]" classname="org.springframework.data.redis.support.collections.RedisMapTests" time="0">
    <error message="Could not initialize class org.springframework.data.redis.test.util.MinimumRedisVersionRule" type="java.lang.NoClassDefFoundError"><![CDATA[java.lang.NoClassDefFoundError: Could not initialize class org.springframework.data.redis.test.util.MinimumRedisVersionRule
	at org.springframework.data.redis.support.collections.RedisMapTests.<init>(RedisMapTests.java:57)
]]></error>
  </testcase>
  <testcase name="testIncrementDouble[34]" classname="org.springframework.data.redis.support.collections.RedisMapTests" time="0">
    <error message="Could not initialize class org.springframework.data.redis.test.util.MinimumRedisVersionRule" type="java.lang.NoClassDefFoundError"><![CDATA[java.lang.NoClassDefFoundError: Could not initialize class org.springframework.data.redis.test.util.MinimumRedisVersionRule
	at org.springframework.data.redis.support.collections.RedisMapTests.<init>(RedisMapTests.java:57)
]]></error>
  </testcase>
  <testcase name="testContainsKey[34]" classname="org.springframework.data.redis.support.collections.RedisMapTests" time="0">
    <error message="Could not initialize class org.springframework.data.redis.test.util.MinimumRedisVersionRule" type="java.lang.NoClassDefFoundError"><![CDATA[java.lang.NoClassDefFoundError: Could not initialize class org.springframework.data.redis.test.util.MinimumRedisVersionRule
	at org.springframework.data.redis.support.collections.RedisMapTests.<init>(RedisMapTests.java:57)
]]></error>
  </testcase>
  <testcase name="testScanWorksCorrectly[34]" classname="org.springframework.data.redis.support.collections.RedisMapTests" time="0.001">
    <error message="Could not initialize class org.springframework.data.redis.test.util.MinimumRedisVersionRule" type="java.lang.NoClassDefFoundError"><![CDATA[java.lang.NoClassDefFoundError: Could not initialize class org.springframework.data.redis.test.util.MinimumRedisVersionRule
	at org.springframework.data.redis.support.collections.RedisMapTests.<init>(RedisMapTests.java:57)
]]></error>
  </testcase>
  <testcase name="testPutIfAbsent[34]" classname="org.springframework.data.redis.support.collections.RedisMapTests" time="0">
    <error message="Could not initialize class org.springframework.data.redis.test.util.MinimumRedisVersionRule" type="java.lang.NoClassDefFoundError"><![CDATA[java.lang.NoClassDefFoundError: Could not initialize class org.springframework.data.redis.test.util.MinimumRedisVersionRule
	at org.springframework.data.redis.support.collections.RedisMapTests.<init>(RedisMapTests.java:57)
]]></error>
  </testcase>
  <testcase name="testContainsValue[34]" classname="org.springframework.data.redis.support.collections.RedisMapTests" time="0">
    <error message="Could not initialize class org.springframework.data.redis.test.util.MinimumRedisVersionRule" type="java.lang.NoClassDefFoundError"><![CDATA[java.lang.NoClassDefFoundError: Could not initialize class org.springframework.data.redis.test.util.MinimumRedisVersionRule
	at org.springframework.data.redis.support.collections.RedisMapTests.<init>(RedisMapTests.java:57)
]]></error>
  </testcase>
  <testcase name="testReplaceNullNewValue[34]" classname="org.springframework.data.redis.support.collections.RedisMapTests" time="0">
    <error message="Could not initialize class org.springframework.data.redis.test.util.MinimumRedisVersionRule" type="java.lang.NoClassDefFoundError"><![CDATA[java.lang.NoClassDefFoundError: Could not initialize class org.springframework.data.redis.test.util.MinimumRedisVersionRule
	at org.springframework.data.redis.support.collections.RedisMapTests.<init>(RedisMapTests.java:57)
]]></error>
  </testcase>
  <testcase name="testHashCode[34]" classname="org.springframework.data.redis.support.collections.RedisMapTests" time="0">
    <error message="Could not initialize class org.springframework.data.redis.test.util.MinimumRedisVersionRule" type="java.lang.NoClassDefFoundError"><![CDATA[java.lang.NoClassDefFoundError: Could not initialize class org.springframework.data.redis.test.util.MinimumRedisVersionRule
	at org.springframework.data.redis.support.collections.RedisMapTests.<init>(RedisMapTests.java:57)
]]></error>
  </testcase>
  <testcase name="testIncrementNotNumber[34]" classname="org.springframework.data.redis.support.collections.RedisMapTests" time="0">
    <error message="Could not initialize class org.springframework.data.redis.test.util.MinimumRedisVersionRule" type="java.lang.NoClassDefFoundError"><![CDATA[java.lang.NoClassDefFoundError: Could not initialize class org.springframework.data.redis.test.util.MinimumRedisVersionRule
	at org.springframework.data.redis.support.collections.RedisMapTests.<init>(RedisMapTests.java:57)
]]></error>
  </testcase>
  <testcase name="testEquals[34]" classname="org.springframework.data.redis.support.collections.RedisMapTests" time="0">
    <error message="Could not initialize class org.springframework.data.redis.test.util.MinimumRedisVersionRule" type="java.lang.NoClassDefFoundError"><![CDATA[java.lang.NoClassDefFoundError: Could not initialize class org.springframework.data.redis.test.util.MinimumRedisVersionRule
	at org.springframework.data.redis.support.collections.RedisMapTests.<init>(RedisMapTests.java:57)
]]></error>
  </testcase>
  <testcase name="testGetKey[34]" classname="org.springframework.data.redis.support.collections.RedisMapTests" time="0">
    <error message="Could not initialize class org.springframework.data.redis.test.util.MinimumRedisVersionRule" type="java.lang.NoClassDefFoundError"><![CDATA[java.lang.NoClassDefFoundError: Could not initialize class org.springframework.data.redis.test.util.MinimumRedisVersionRule
	at org.springframework.data.redis.support.collections.RedisMapTests.<init>(RedisMapTests.java:57)
]]></error>
  </testcase>
  <testcase name="testKeySet[34]" classname="org.springframework.data.redis.support.collections.RedisMapTests" time="0">
    <error message="Could not initialize class org.springframework.data.redis.test.util.MinimumRedisVersionRule" type="java.lang.NoClassDefFoundError"><![CDATA[java.lang.NoClassDefFoundError: Could not initialize class org.springframework.data.redis.test.util.MinimumRedisVersionRule
	at org.springframework.data.redis.support.collections.RedisMapTests.<init>(RedisMapTests.java:57)
]]></error>
  </testcase>
  <testcase name="testNotEquals[34]" classname="org.springframework.data.redis.support.collections.RedisMapTests" time="0">
    <error message="Could not initialize class org.springframework.data.redis.test.util.MinimumRedisVersionRule" type="java.lang.NoClassDefFoundError"><![CDATA[java.lang.NoClassDefFoundError: Could not initialize class org.springframework.data.redis.test.util.MinimumRedisVersionRule
	at org.springframework.data.redis.support.collections.RedisMapTests.<init>(RedisMapTests.java:57)
]]></error>
  </testcase>
  <testcase name="testGetOperations[34]" classname="org.springframework.data.redis.support.collections.RedisMapTests" time="0">
    <error message="Could not initialize class org.springframework.data.redis.test.util.MinimumRedisVersionRule" type="java.lang.NoClassDefFoundError"><![CDATA[java.lang.NoClassDefFoundError: Could not initialize class org.springframework.data.redis.test.util.MinimumRedisVersionRule
	at org.springframework.data.redis.support.collections.RedisMapTests.<init>(RedisMapTests.java:57)
]]></error>
  </testcase>
  <testcase name="testPutAll[34]" classname="org.springframework.data.redis.support.collections.RedisMapTests" time="0">
    <error message="Could not initialize class org.springframework.data.redis.test.util.MinimumRedisVersionRule" type="java.lang.NoClassDefFoundError"><![CDATA[java.lang.NoClassDefFoundError: Could not initialize class org.springframework.data.redis.test.util.MinimumRedisVersionRule
	at org.springframework.data.redis.support.collections.RedisMapTests.<init>(RedisMapTests.java:57)
]]></error>
  </testcase>
  <testcase name="testIsEmpty[34]" classname="org.springframework.data.redis.support.collections.RedisMapTests" time="0">
    <error message="Could not initialize class org.springframework.data.redis.test.util.MinimumRedisVersionRule" type="java.lang.NoClassDefFoundError"><![CDATA[java.lang.NoClassDefFoundError: Could not initialize class org.springframework.data.redis.test.util.MinimumRedisVersionRule
	at org.springframework.data.redis.support.collections.RedisMapTests.<init>(RedisMapTests.java:57)
]]></error>
  </testcase>
  <testcase name="testRemove[34]" classname="org.springframework.data.redis.support.collections.RedisMapTests" time="0">
    <error message="Could not initialize class org.springframework.data.redis.test.util.MinimumRedisVersionRule" type="java.lang.NoClassDefFoundError"><![CDATA[java.lang.NoClassDefFoundError: Could not initialize class org.springframework.data.redis.test.util.MinimumRedisVersionRule
	at org.springframework.data.redis.support.collections.RedisMapTests.<init>(RedisMapTests.java:57)
]]></error>
  </testcase>
  <testcase name="testConcurrentReplaceTwoArgs[34]" classname="org.springframework.data.redis.support.collections.RedisMapTests" time="0">
    <error message="Could not initialize class org.springframework.data.redis.test.util.MinimumRedisVersionRule" type="java.lang.NoClassDefFoundError"><![CDATA[java.lang.NoClassDefFoundError: Could not initialize class org.springframework.data.redis.test.util.MinimumRedisVersionRule
	at org.springframework.data.redis.support.collections.RedisMapTests.<init>(RedisMapTests.java:57)
]]></error>
  </testcase>
  <testcase name="testValues[34]" classname="org.springframework.data.redis.support.collections.RedisMapTests" time="0">
    <error message="Could not initialize class org.springframework.data.redis.test.util.MinimumRedisVersionRule" type="java.lang.NoClassDefFoundError"><![CDATA[java.lang.NoClassDefFoundError: Could not initialize class org.springframework.data.redis.test.util.MinimumRedisVersionRule
	at org.springframework.data.redis.support.collections.RedisMapTests.<init>(RedisMapTests.java:57)
]]></error>
  </testcase>
  <testcase name="testConcurrentRemove[35]" classname="org.springframework.data.redis.support.collections.RedisMapTests" time="0">
    <error message="Could not initialize class org.springframework.data.redis.test.util.MinimumRedisVersionRule" type="java.lang.NoClassDefFoundError"><![CDATA[java.lang.NoClassDefFoundError: Could not initialize class org.springframework.data.redis.test.util.MinimumRedisVersionRule
	at org.springframework.data.redis.support.collections.RedisMapTests.<init>(RedisMapTests.java:57)
]]></error>
  </testcase>
  <testcase name="testGet[35]" classname="org.springframework.data.redis.support.collections.RedisMapTests" time="0">
    <error message="Could not initialize class org.springframework.data.redis.test.util.MinimumRedisVersionRule" type="java.lang.NoClassDefFoundError"><![CDATA[java.lang.NoClassDefFoundError: Could not initialize class org.springframework.data.redis.test.util.MinimumRedisVersionRule
	at org.springframework.data.redis.support.collections.RedisMapTests.<init>(RedisMapTests.java:57)
]]></error>
  </testcase>
  <testcase name="testPut[35]" classname="org.springframework.data.redis.support.collections.RedisMapTests" time="0">
    <error message="Could not initialize class org.springframework.data.redis.test.util.MinimumRedisVersionRule" type="java.lang.NoClassDefFoundError"><![CDATA[java.lang.NoClassDefFoundError: Could not initialize class org.springframework.data.redis.test.util.MinimumRedisVersionRule
	at org.springframework.data.redis.support.collections.RedisMapTests.<init>(RedisMapTests.java:57)
]]></error>
  </testcase>
  <testcase name="testReplaceNullValue[35]" classname="org.springframework.data.redis.support.collections.RedisMapTests" time="0">
    <error message="Could not initialize class org.springframework.data.redis.test.util.MinimumRedisVersionRule" type="java.lang.NoClassDefFoundError"><![CDATA[java.lang.NoClassDefFoundError: Could not initialize class org.springframework.data.redis.test.util.MinimumRedisVersionRule
	at org.springframework.data.redis.support.collections.RedisMapTests.<init>(RedisMapTests.java:57)
]]></error>
  </testcase>
  <testcase name="testEntrySet[35]" classname="org.springframework.data.redis.support.collections.RedisMapTests" time="0">
    <error message="Could not initialize class org.springframework.data.redis.test.util.MinimumRedisVersionRule" type="java.lang.NoClassDefFoundError"><![CDATA[java.lang.NoClassDefFoundError: Could not initialize class org.springframework.data.redis.test.util.MinimumRedisVersionRule
	at org.springframework.data.redis.support.collections.RedisMapTests.<init>(RedisMapTests.java:57)
]]></error>
  </testcase>
  <testcase name="testRemoveNullValue[35]" classname="org.springframework.data.redis.support.collections.RedisMapTests" time="0.001">
    <error message="Could not initialize class org.springframework.data.redis.test.util.MinimumRedisVersionRule" type="java.lang.NoClassDefFoundError"><![CDATA[java.lang.NoClassDefFoundError: Could not initialize class org.springframework.data.redis.test.util.MinimumRedisVersionRule
	at org.springframework.data.redis.support.collections.RedisMapTests.<init>(RedisMapTests.java:57)
]]></error>
  </testcase>
  <testcase name="testClear[35]" classname="org.springframework.data.redis.support.collections.RedisMapTests" time="0">
    <error message="Could not initialize class org.springframework.data.redis.test.util.MinimumRedisVersionRule" type="java.lang.NoClassDefFoundError"><![CDATA[java.lang.NoClassDefFoundError: Could not initialize class org.springframework.data.redis.test.util.MinimumRedisVersionRule
	at org.springframework.data.redis.support.collections.RedisMapTests.<init>(RedisMapTests.java:57)
]]></error>
  </testcase>
  <testcase name="testSize[35]" classname="org.springframework.data.redis.support.collections.RedisMapTests" time="0">
    <error message="Could not initialize class org.springframework.data.redis.test.util.MinimumRedisVersionRule" type="java.lang.NoClassDefFoundError"><![CDATA[java.lang.NoClassDefFoundError: Could not initialize class org.springframework.data.redis.test.util.MinimumRedisVersionRule
	at org.springframework.data.redis.support.collections.RedisMapTests.<init>(RedisMapTests.java:57)
]]></error>
  </testcase>
  <testcase name="testReplaceNullOldValue[35]" classname="org.springframework.data.redis.support.collections.RedisMapTests" time="0">
    <error message="Could not initialize class org.springframework.data.redis.test.util.MinimumRedisVersionRule" type="java.lang.NoClassDefFoundError"><![CDATA[java.lang.NoClassDefFoundError: Could not initialize class org.springframework.data.redis.test.util.MinimumRedisVersionRule
	at org.springframework.data.redis.support.collections.RedisMapTests.<init>(RedisMapTests.java:57)
]]></error>
  </testcase>
  <testcase name="testConcurrentReplaceOneArg[35]" classname="org.springframework.data.redis.support.collections.RedisMapTests" time="0">
    <error message="Could not initialize class org.springframework.data.redis.test.util.MinimumRedisVersionRule" type="java.lang.NoClassDefFoundError"><![CDATA[java.lang.NoClassDefFoundError: Could not initialize class org.springframework.data.redis.test.util.MinimumRedisVersionRule
	at org.springframework.data.redis.support.collections.RedisMapTests.<init>(RedisMapTests.java:57)
]]></error>
  </testcase>
  <testcase name="testIncrement[35]" classname="org.springframework.data.redis.support.collections.RedisMapTests" time="0">
    <error message="Could not initialize class org.springframework.data.redis.test.util.MinimumRedisVersionRule" type="java.lang.NoClassDefFoundError"><![CDATA[java.lang.NoClassDefFoundError: Could not initialize class org.springframework.data.redis.test.util.MinimumRedisVersionRule
	at org.springframework.data.redis.support.collections.RedisMapTests.<init>(RedisMapTests.java:57)
]]></error>
  </testcase>
  <testcase name="testIncrementDouble[35]" classname="org.springframework.data.redis.support.collections.RedisMapTests" time="0">
    <error message="Could not initialize class org.springframework.data.redis.test.util.MinimumRedisVersionRule" type="java.lang.NoClassDefFoundError"><![CDATA[java.lang.NoClassDefFoundError: Could not initialize class org.springframework.data.redis.test.util.MinimumRedisVersionRule
	at org.springframework.data.redis.support.collections.RedisMapTests.<init>(RedisMapTests.java:57)
]]></error>
  </testcase>
  <testcase name="testContainsKey[35]" classname="org.springframework.data.redis.support.collections.RedisMapTests" time="0">
    <error message="Could not initialize class org.springframework.data.redis.test.util.MinimumRedisVersionRule" type="java.lang.NoClassDefFoundError"><![CDATA[java.lang.NoClassDefFoundError: Could not initialize class org.springframework.data.redis.test.util.MinimumRedisVersionRule
	at org.springframework.data.redis.support.collections.RedisMapTests.<init>(RedisMapTests.java:57)
]]></error>
  </testcase>
  <testcase name="testScanWorksCorrectly[35]" classname="org.springframework.data.redis.support.collections.RedisMapTests" time="0">
    <error message="Could not initialize class org.springframework.data.redis.test.util.MinimumRedisVersionRule" type="java.lang.NoClassDefFoundError"><![CDATA[java.lang.NoClassDefFoundError: Could not initialize class org.springframework.data.redis.test.util.MinimumRedisVersionRule
	at org.springframework.data.redis.support.collections.RedisMapTests.<init>(RedisMapTests.java:57)
]]></error>
  </testcase>
  <testcase name="testPutIfAbsent[35]" classname="org.springframework.data.redis.support.collections.RedisMapTests" time="0">
    <error message="Could not initialize class org.springframework.data.redis.test.util.MinimumRedisVersionRule" type="java.lang.NoClassDefFoundError"><![CDATA[java.lang.NoClassDefFoundError: Could not initialize class org.springframework.data.redis.test.util.MinimumRedisVersionRule
	at org.springframework.data.redis.support.collections.RedisMapTests.<init>(RedisMapTests.java:57)
]]></error>
  </testcase>
  <testcase name="testContainsValue[35]" classname="org.springframework.data.redis.support.collections.RedisMapTests" time="0.001">
    <error message="Could not initialize class org.springframework.data.redis.test.util.MinimumRedisVersionRule" type="java.lang.NoClassDefFoundError"><![CDATA[java.lang.NoClassDefFoundError: Could not initialize class org.springframework.data.redis.test.util.MinimumRedisVersionRule
	at org.springframework.data.redis.support.collections.RedisMapTests.<init>(RedisMapTests.java:57)
]]></error>
  </testcase>
  <testcase name="testReplaceNullNewValue[35]" classname="org.springframework.data.redis.support.collections.RedisMapTests" time="0">
    <error message="Could not initialize class org.springframework.data.redis.test.util.MinimumRedisVersionRule" type="java.lang.NoClassDefFoundError"><![CDATA[java.lang.NoClassDefFoundError: Could not initialize class org.springframework.data.redis.test.util.MinimumRedisVersionRule
	at org.springframework.data.redis.support.collections.RedisMapTests.<init>(RedisMapTests.java:57)
]]></error>
  </testcase>
  <testcase name="testHashCode[35]" classname="org.springframework.data.redis.support.collections.RedisMapTests" time="0">
    <error message="Could not initialize class org.springframework.data.redis.test.util.MinimumRedisVersionRule" type="java.lang.NoClassDefFoundError"><![CDATA[java.lang.NoClassDefFoundError: Could not initialize class org.springframework.data.redis.test.util.MinimumRedisVersionRule
	at org.springframework.data.redis.support.collections.RedisMapTests.<init>(RedisMapTests.java:57)
]]></error>
  </testcase>
  <testcase name="testIncrementNotNumber[35]" classname="org.springframework.data.redis.support.collections.RedisMapTests" time="0">
    <error message="Could not initialize class org.springframework.data.redis.test.util.MinimumRedisVersionRule" type="java.lang.NoClassDefFoundError"><![CDATA[java.lang.NoClassDefFoundError: Could not initialize class org.springframework.data.redis.test.util.MinimumRedisVersionRule
	at org.springframework.data.redis.support.collections.RedisMapTests.<init>(RedisMapTests.java:57)
]]></error>
  </testcase>
  <testcase name="testEquals[35]" classname="org.springframework.data.redis.support.collections.RedisMapTests" time="0">
    <error message="Could not initialize class org.springframework.data.redis.test.util.MinimumRedisVersionRule" type="java.lang.NoClassDefFoundError"><![CDATA[java.lang.NoClassDefFoundError: Could not initialize class org.springframework.data.redis.test.util.MinimumRedisVersionRule
	at org.springframework.data.redis.support.collections.RedisMapTests.<init>(RedisMapTests.java:57)
]]></error>
  </testcase>
  <testcase name="testGetKey[35]" classname="org.springframework.data.redis.support.collections.RedisMapTests" time="0">
    <error message="Could not initialize class org.springframework.data.redis.test.util.MinimumRedisVersionRule" type="java.lang.NoClassDefFoundError"><![CDATA[java.lang.NoClassDefFoundError: Could not initialize class org.springframework.data.redis.test.util.MinimumRedisVersionRule
	at org.springframework.data.redis.support.collections.RedisMapTests.<init>(RedisMapTests.java:57)
]]></error>
  </testcase>
  <testcase name="testKeySet[35]" classname="org.springframework.data.redis.support.collections.RedisMapTests" time="0">
    <error message="Could not initialize class org.springframework.data.redis.test.util.MinimumRedisVersionRule" type="java.lang.NoClassDefFoundError"><![CDATA[java.lang.NoClassDefFoundError: Could not initialize class org.springframework.data.redis.test.util.MinimumRedisVersionRule
	at org.springframework.data.redis.support.collections.RedisMapTests.<init>(RedisMapTests.java:57)
]]></error>
  </testcase>
  <testcase name="testNotEquals[35]" classname="org.springframework.data.redis.support.collections.RedisMapTests" time="0">
    <error message="Could not initialize class org.springframework.data.redis.test.util.MinimumRedisVersionRule" type="java.lang.NoClassDefFoundError"><![CDATA[java.lang.NoClassDefFoundError: Could not initialize class org.springframework.data.redis.test.util.MinimumRedisVersionRule
	at org.springframework.data.redis.support.collections.RedisMapTests.<init>(RedisMapTests.java:57)
]]></error>
  </testcase>
  <testcase name="testGetOperations[35]" classname="org.springframework.data.redis.support.collections.RedisMapTests" time="0">
    <error message="Could not initialize class org.springframework.data.redis.test.util.MinimumRedisVersionRule" type="java.lang.NoClassDefFoundError"><![CDATA[java.lang.NoClassDefFoundError: Could not initialize class org.springframework.data.redis.test.util.MinimumRedisVersionRule
	at org.springframework.data.redis.support.collections.RedisMapTests.<init>(RedisMapTests.java:57)
]]></error>
  </testcase>
  <testcase name="testPutAll[35]" classname="org.springframework.data.redis.support.collections.RedisMapTests" time="0">
    <error message="Could not initialize class org.springframework.data.redis.test.util.MinimumRedisVersionRule" type="java.lang.NoClassDefFoundError"><![CDATA[java.lang.NoClassDefFoundError: Could not initialize class org.springframework.data.redis.test.util.MinimumRedisVersionRule
	at org.springframework.data.redis.support.collections.RedisMapTests.<init>(RedisMapTests.java:57)
]]></error>
  </testcase>
  <testcase name="testIsEmpty[35]" classname="org.springframework.data.redis.support.collections.RedisMapTests" time="0">
    <error message="Could not initialize class org.springframework.data.redis.test.util.MinimumRedisVersionRule" type="java.lang.NoClassDefFoundError"><![CDATA[java.lang.NoClassDefFoundError: Could not initialize class org.springframework.data.redis.test.util.MinimumRedisVersionRule
	at org.springframework.data.redis.support.collections.RedisMapTests.<init>(RedisMapTests.java:57)
]]></error>
  </testcase>
  <testcase name="testRemove[35]" classname="org.springframework.data.redis.support.collections.RedisMapTests" time="0.001">
    <error message="Could not initialize class org.springframework.data.redis.test.util.MinimumRedisVersionRule" type="java.lang.NoClassDefFoundError"><![CDATA[java.lang.NoClassDefFoundError: Could not initialize class org.springframework.data.redis.test.util.MinimumRedisVersionRule
	at org.springframework.data.redis.support.collections.RedisMapTests.<init>(RedisMapTests.java:57)
]]></error>
  </testcase>
  <testcase name="testConcurrentReplaceTwoArgs[35]" classname="org.springframework.data.redis.support.collections.RedisMapTests" time="0">
    <error message="Could not initialize class org.springframework.data.redis.test.util.MinimumRedisVersionRule" type="java.lang.NoClassDefFoundError"><![CDATA[java.lang.NoClassDefFoundError: Could not initialize class org.springframework.data.redis.test.util.MinimumRedisVersionRule
	at org.springframework.data.redis.support.collections.RedisMapTests.<init>(RedisMapTests.java:57)
]]></error>
  </testcase>
  <testcase name="testValues[35]" classname="org.springframework.data.redis.support.collections.RedisMapTests" time="0">
    <error message="Could not initialize class org.springframework.data.redis.test.util.MinimumRedisVersionRule" type="java.lang.NoClassDefFoundError"><![CDATA[java.lang.NoClassDefFoundError: Could not initialize class org.springframework.data.redis.test.util.MinimumRedisVersionRule
	at org.springframework.data.redis.support.collections.RedisMapTests.<init>(RedisMapTests.java:57)
]]></error>
  </testcase>
</testsuite>