<?xml version="1.0" encoding="UTF-8"?>
<testsuite xmlns:xsi="http://www.w3.org/2001/XMLSchema-instance" xsi:schemaLocation="https://maven.apache.org/surefire/maven-surefire-plugin/xsd/surefire-test-report.xsd" name="org.springframework.data.redis.core.DefaultListOperationsTests" time="0.966" tests="260" errors="260" skipped="0" failures="0">
  <properties>
    <property name="java.runtime.name" value="Java(TM) SE Runtime Environment"/>
    <property name="sun.boot.library.path" value="/usr/lib/jvm/java-8-oracle/jre/lib/amd64"/>
    <property name="java.vm.version" value="25.91-b14"/>
    <property name="java.vm.vendor" value="Oracle Corporation"/>
    <property name="java.vendor.url" value="http://java.oracle.com/"/>
    <property name="path.separator" value=":"/>
    <property name="guice.disable.misplaced.annotation.check" value="true"/>
    <property name="java.vm.name" value="Java HotSpot(TM) 64-Bit Server VM"/>
    <property name="file.encoding.pkg" value="sun.io"/>
    <property name="user.country" value="BR"/>
    <property name="sun.java.launcher" value="SUN_STANDARD"/>
    <property name="sun.os.patch.level" value="unknown"/>
    <property name="java.vm.specification.name" value="Java Virtual Machine Specification"/>
    <property name="user.dir" value="/home/aluno/spring-projects/maven/spring-data-redis"/>
    <property name="java.runtime.version" value="1.8.0_91-b14"/>
    <property name="java.awt.graphicsenv" value="sun.awt.X11GraphicsEnvironment"/>
    <property name="java.endorsed.dirs" value="/usr/lib/jvm/java-8-oracle/jre/lib/endorsed"/>
    <property name="os.arch" value="amd64"/>
    <property name="java.io.tmpdir" value="/tmp"/>
    <property name="line.separator" value="&#10;"/>
    <property name="java.vm.specification.vendor" value="Oracle Corporation"/>
    <property name="os.name" value="Linux"/>
    <property name="classworlds.conf" value="/usr/share/maven/bin/m2.conf"/>
    <property name="sun.jnu.encoding" value="UTF-8"/>
    <property name="java.library.path" value="/usr/java/packages/lib/amd64:/usr/lib64:/lib64:/lib:/usr/lib"/>
    <property name="java.specification.name" value="Java Platform API Specification"/>
    <property name="java.class.version" value="52.0"/>
    <property name="sun.management.compiler" value="HotSpot 64-Bit Tiered Compilers"/>
    <property name="os.version" value="3.13.0-91-generic"/>
    <property name="user.home" value="/home/aluno"/>
    <property name="user.timezone" value="America/Fortaleza"/>
    <property name="java.awt.printerjob" value="sun.print.PSPrinterJob"/>
    <property name="file.encoding" value="UTF-8"/>
    <property name="java.specification.version" value="1.8"/>
    <property name="user.name" value="aluno"/>
    <property name="java.class.path" value="/usr/share/maven/boot/plexus-classworlds-2.x.jar"/>
    <property name="java.vm.specification.version" value="1.8"/>
    <property name="sun.arch.data.model" value="64"/>
    <property name="java.home" value="/usr/lib/jvm/java-8-oracle/jre"/>
    <property name="sun.java.command" value="org.codehaus.plexus.classworlds.launcher.Launcher clean test"/>
    <property name="java.specification.vendor" value="Oracle Corporation"/>
    <property name="user.language" value="pt"/>
    <property name="awt.toolkit" value="sun.awt.X11.XToolkit"/>
    <property name="java.vm.info" value="mixed mode"/>
    <property name="java.version" value="1.8.0_91"/>
    <property name="java.ext.dirs" value="/usr/lib/jvm/java-8-oracle/jre/lib/ext:/usr/java/packages/lib/ext"/>
    <property name="securerandom.source" value="file:/dev/./urandom"/>
    <property name="sun.boot.class.path" value="/usr/lib/jvm/java-8-oracle/jre/lib/resources.jar:/usr/lib/jvm/java-8-oracle/jre/lib/rt.jar:/usr/lib/jvm/java-8-oracle/jre/lib/sunrsasign.jar:/usr/lib/jvm/java-8-oracle/jre/lib/jsse.jar:/usr/lib/jvm/java-8-oracle/jre/lib/jce.jar:/usr/lib/jvm/java-8-oracle/jre/lib/charsets.jar:/usr/lib/jvm/java-8-oracle/jre/lib/jfr.jar:/usr/lib/jvm/java-8-oracle/jre/classes"/>
    <property name="java.vendor" value="Oracle Corporation"/>
    <property name="maven.home" value="/usr/share/maven"/>
    <property name="file.separator" value="/"/>
    <property name="java.vendor.url.bug" value="http://bugreport.sun.com/bugreport/"/>
    <property name="sun.cpu.endian" value="little"/>
    <property name="sun.io.unicode.encoding" value="UnicodeLittle"/>
    <property name="sun.desktop" value="gnome"/>
    <property name="sun.cpu.isalist" value=""/>
  </properties>
  <testcase name="rightPushAllShouldThrowExceptionWhenCollectionContainsNullValue[0]" classname="org.springframework.data.redis.core.DefaultListOperationsTests" time="0.026">
    <error message="Cannot get Jedis connection; nested exception is redis.clients.jedis.exceptions.JedisConnectionException: Could not get a resource from the pool" type="org.springframework.data.redis.RedisConnectionFailureException">org.springframework.data.redis.RedisConnectionFailureException: Cannot get Jedis connection; nested exception is redis.clients.jedis.exceptions.JedisConnectionException: Could not get a resource from the pool
	at org.springframework.data.redis.core.DefaultListOperationsTests.tearDown(DefaultListOperationsTests.java:86)
Caused by: redis.clients.jedis.exceptions.JedisConnectionException: Could not get a resource from the pool
	at org.springframework.data.redis.core.DefaultListOperationsTests.tearDown(DefaultListOperationsTests.java:86)
Caused by: redis.clients.jedis.exceptions.JedisConnectionException: java.net.ConnectException: Conexão recusada
	at org.springframework.data.redis.core.DefaultListOperationsTests.tearDown(DefaultListOperationsTests.java:86)
Caused by: java.net.ConnectException: Conexão recusada
	at org.springframework.data.redis.core.DefaultListOperationsTests.tearDown(DefaultListOperationsTests.java:86)
</error>
  </testcase>
  <testcase name="testLeftPushAll[0]" classname="org.springframework.data.redis.core.DefaultListOperationsTests" time="0.002">
    <error message="Cannot get Jedis connection; nested exception is redis.clients.jedis.exceptions.JedisConnectionException: Could not get a resource from the pool" type="org.springframework.data.redis.RedisConnectionFailureException">org.springframework.data.redis.RedisConnectionFailureException: Cannot get Jedis connection; nested exception is redis.clients.jedis.exceptions.JedisConnectionException: Could not get a resource from the pool
	at org.springframework.data.redis.core.DefaultListOperationsTests.testLeftPushAll(DefaultListOperationsTests.java:127)
Caused by: redis.clients.jedis.exceptions.JedisConnectionException: Could not get a resource from the pool
	at org.springframework.data.redis.core.DefaultListOperationsTests.testLeftPushAll(DefaultListOperationsTests.java:127)
Caused by: redis.clients.jedis.exceptions.JedisConnectionException: java.net.ConnectException: Conexão recusada
	at org.springframework.data.redis.core.DefaultListOperationsTests.testLeftPushAll(DefaultListOperationsTests.java:127)
Caused by: java.net.ConnectException: Conexão recusada
	at org.springframework.data.redis.core.DefaultListOperationsTests.testLeftPushAll(DefaultListOperationsTests.java:127)
</error>
  </testcase>
  <testcase name="testLeftPushAll[0]" classname="org.springframework.data.redis.core.DefaultListOperationsTests" time="0.003">
    <error message="Cannot get Jedis connection; nested exception is redis.clients.jedis.exceptions.JedisConnectionException: Could not get a resource from the pool" type="org.springframework.data.redis.RedisConnectionFailureException">org.springframework.data.redis.RedisConnectionFailureException: Cannot get Jedis connection; nested exception is redis.clients.jedis.exceptions.JedisConnectionException: Could not get a resource from the pool
	at org.springframework.data.redis.core.DefaultListOperationsTests.tearDown(DefaultListOperationsTests.java:86)
Caused by: redis.clients.jedis.exceptions.JedisConnectionException: Could not get a resource from the pool
	at org.springframework.data.redis.core.DefaultListOperationsTests.tearDown(DefaultListOperationsTests.java:86)
Caused by: redis.clients.jedis.exceptions.JedisConnectionException: java.net.ConnectException: Conexão recusada
	at org.springframework.data.redis.core.DefaultListOperationsTests.tearDown(DefaultListOperationsTests.java:86)
Caused by: java.net.ConnectException: Conexão recusada
	at org.springframework.data.redis.core.DefaultListOperationsTests.tearDown(DefaultListOperationsTests.java:86)
</error>
  </testcase>
  <testcase name="rightPushAllShouldThrowExceptionWhenCalledWithEmptyCollection[0]" classname="org.springframework.data.redis.core.DefaultListOperationsTests" time="0.001">
    <error message="Cannot get Jedis connection; nested exception is redis.clients.jedis.exceptions.JedisConnectionException: Could not get a resource from the pool" type="org.springframework.data.redis.RedisConnectionFailureException">org.springframework.data.redis.RedisConnectionFailureException: Cannot get Jedis connection; nested exception is redis.clients.jedis.exceptions.JedisConnectionException: Could not get a resource from the pool
	at org.springframework.data.redis.core.DefaultListOperationsTests.tearDown(DefaultListOperationsTests.java:86)
Caused by: redis.clients.jedis.exceptions.JedisConnectionException: Could not get a resource from the pool
	at org.springframework.data.redis.core.DefaultListOperationsTests.tearDown(DefaultListOperationsTests.java:86)
Caused by: redis.clients.jedis.exceptions.JedisConnectionException: java.net.ConnectException: Conexão recusada
	at org.springframework.data.redis.core.DefaultListOperationsTests.tearDown(DefaultListOperationsTests.java:86)
Caused by: java.net.ConnectException: Conexão recusada
	at org.springframework.data.redis.core.DefaultListOperationsTests.tearDown(DefaultListOperationsTests.java:86)
</error>
  </testcase>
  <testcase name="testRightPushAll[0]" classname="org.springframework.data.redis.core.DefaultListOperationsTests" time="0.001">
    <error message="Cannot get Jedis connection; nested exception is redis.clients.jedis.exceptions.JedisConnectionException: Could not get a resource from the pool" type="org.springframework.data.redis.RedisConnectionFailureException">org.springframework.data.redis.RedisConnectionFailureException: Cannot get Jedis connection; nested exception is redis.clients.jedis.exceptions.JedisConnectionException: Could not get a resource from the pool
	at org.springframework.data.redis.core.DefaultListOperationsTests.testRightPushAll(DefaultListOperationsTests.java:184)
Caused by: redis.clients.jedis.exceptions.JedisConnectionException: Could not get a resource from the pool
	at org.springframework.data.redis.core.DefaultListOperationsTests.testRightPushAll(DefaultListOperationsTests.java:184)
Caused by: redis.clients.jedis.exceptions.JedisConnectionException: java.net.ConnectException: Conexão recusada
	at org.springframework.data.redis.core.DefaultListOperationsTests.testRightPushAll(DefaultListOperationsTests.java:184)
Caused by: java.net.ConnectException: Conexão recusada
	at org.springframework.data.redis.core.DefaultListOperationsTests.testRightPushAll(DefaultListOperationsTests.java:184)
</error>
  </testcase>
  <testcase name="testRightPushAll[0]" classname="org.springframework.data.redis.core.DefaultListOperationsTests" time="0.002">
    <error message="Cannot get Jedis connection; nested exception is redis.clients.jedis.exceptions.JedisConnectionException: Could not get a resource from the pool" type="org.springframework.data.redis.RedisConnectionFailureException">org.springframework.data.redis.RedisConnectionFailureException: Cannot get Jedis connection; nested exception is redis.clients.jedis.exceptions.JedisConnectionException: Could not get a resource from the pool
	at org.springframework.data.redis.core.DefaultListOperationsTests.tearDown(DefaultListOperationsTests.java:86)
Caused by: redis.clients.jedis.exceptions.JedisConnectionException: Could not get a resource from the pool
	at org.springframework.data.redis.core.DefaultListOperationsTests.tearDown(DefaultListOperationsTests.java:86)
Caused by: redis.clients.jedis.exceptions.JedisConnectionException: java.net.ConnectException: Conexão recusada
	at org.springframework.data.redis.core.DefaultListOperationsTests.tearDown(DefaultListOperationsTests.java:86)
Caused by: java.net.ConnectException: Conexão recusada
	at org.springframework.data.redis.core.DefaultListOperationsTests.tearDown(DefaultListOperationsTests.java:86)
</error>
  </testcase>
  <testcase name="testRightPushWithPivot[0]" classname="org.springframework.data.redis.core.DefaultListOperationsTests" time="0.002">
    <error message="Cannot get Jedis connection; nested exception is redis.clients.jedis.exceptions.JedisConnectionException: Could not get a resource from the pool" type="org.springframework.data.redis.RedisConnectionFailureException">org.springframework.data.redis.RedisConnectionFailureException: Cannot get Jedis connection; nested exception is redis.clients.jedis.exceptions.JedisConnectionException: Could not get a resource from the pool
	at org.springframework.data.redis.core.DefaultListOperationsTests.testRightPushWithPivot(DefaultListOperationsTests.java:160)
Caused by: redis.clients.jedis.exceptions.JedisConnectionException: Could not get a resource from the pool
	at org.springframework.data.redis.core.DefaultListOperationsTests.testRightPushWithPivot(DefaultListOperationsTests.java:160)
Caused by: redis.clients.jedis.exceptions.JedisConnectionException: java.net.ConnectException: Conexão recusada
	at org.springframework.data.redis.core.DefaultListOperationsTests.testRightPushWithPivot(DefaultListOperationsTests.java:160)
Caused by: java.net.ConnectException: Conexão recusada
	at org.springframework.data.redis.core.DefaultListOperationsTests.testRightPushWithPivot(DefaultListOperationsTests.java:160)
</error>
  </testcase>
  <testcase name="testRightPushWithPivot[0]" classname="org.springframework.data.redis.core.DefaultListOperationsTests" time="0.002">
    <error message="Cannot get Jedis connection; nested exception is redis.clients.jedis.exceptions.JedisConnectionException: Could not get a resource from the pool" type="org.springframework.data.redis.RedisConnectionFailureException">org.springframework.data.redis.RedisConnectionFailureException: Cannot get Jedis connection; nested exception is redis.clients.jedis.exceptions.JedisConnectionException: Could not get a resource from the pool
	at org.springframework.data.redis.core.DefaultListOperationsTests.tearDown(DefaultListOperationsTests.java:86)
Caused by: redis.clients.jedis.exceptions.JedisConnectionException: Could not get a resource from the pool
	at org.springframework.data.redis.core.DefaultListOperationsTests.tearDown(DefaultListOperationsTests.java:86)
Caused by: redis.clients.jedis.exceptions.JedisConnectionException: java.net.ConnectException: Conexão recusada
	at org.springframework.data.redis.core.DefaultListOperationsTests.tearDown(DefaultListOperationsTests.java:86)
Caused by: java.net.ConnectException: Conexão recusada
	at org.springframework.data.redis.core.DefaultListOperationsTests.tearDown(DefaultListOperationsTests.java:86)
</error>
  </testcase>
  <testcase name="testLeftPushIfPresent[0]" classname="org.springframework.data.redis.core.DefaultListOperationsTests" time="0.002">
    <error message="Cannot get Jedis connection; nested exception is redis.clients.jedis.exceptions.JedisConnectionException: Could not get a resource from the pool" type="org.springframework.data.redis.RedisConnectionFailureException">org.springframework.data.redis.RedisConnectionFailureException: Cannot get Jedis connection; nested exception is redis.clients.jedis.exceptions.JedisConnectionException: Could not get a resource from the pool
	at org.springframework.data.redis.core.DefaultListOperationsTests.testLeftPushIfPresent(DefaultListOperationsTests.java:114)
Caused by: redis.clients.jedis.exceptions.JedisConnectionException: Could not get a resource from the pool
	at org.springframework.data.redis.core.DefaultListOperationsTests.testLeftPushIfPresent(DefaultListOperationsTests.java:114)
Caused by: redis.clients.jedis.exceptions.JedisConnectionException: java.net.ConnectException: Conexão recusada
	at org.springframework.data.redis.core.DefaultListOperationsTests.testLeftPushIfPresent(DefaultListOperationsTests.java:114)
Caused by: java.net.ConnectException: Conexão recusada
	at org.springframework.data.redis.core.DefaultListOperationsTests.testLeftPushIfPresent(DefaultListOperationsTests.java:114)
</error>
  </testcase>
  <testcase name="testLeftPushIfPresent[0]" classname="org.springframework.data.redis.core.DefaultListOperationsTests" time="0.002">
    <error message="Cannot get Jedis connection; nested exception is redis.clients.jedis.exceptions.JedisConnectionException: Could not get a resource from the pool" type="org.springframework.data.redis.RedisConnectionFailureException">org.springframework.data.redis.RedisConnectionFailureException: Cannot get Jedis connection; nested exception is redis.clients.jedis.exceptions.JedisConnectionException: Could not get a resource from the pool
	at org.springframework.data.redis.core.DefaultListOperationsTests.tearDown(DefaultListOperationsTests.java:86)
Caused by: redis.clients.jedis.exceptions.JedisConnectionException: Could not get a resource from the pool
	at org.springframework.data.redis.core.DefaultListOperationsTests.tearDown(DefaultListOperationsTests.java:86)
Caused by: redis.clients.jedis.exceptions.JedisConnectionException: java.net.ConnectException: Conexão recusada
	at org.springframework.data.redis.core.DefaultListOperationsTests.tearDown(DefaultListOperationsTests.java:86)
Caused by: java.net.ConnectException: Conexão recusada
	at org.springframework.data.redis.core.DefaultListOperationsTests.tearDown(DefaultListOperationsTests.java:86)
</error>
  </testcase>
  <testcase name="testLeftPushAllCollection[0]" classname="org.springframework.data.redis.core.DefaultListOperationsTests" time="0.002">
    <error message="Cannot get Jedis connection; nested exception is redis.clients.jedis.exceptions.JedisConnectionException: Could not get a resource from the pool" type="org.springframework.data.redis.RedisConnectionFailureException">org.springframework.data.redis.RedisConnectionFailureException: Cannot get Jedis connection; nested exception is redis.clients.jedis.exceptions.JedisConnectionException: Could not get a resource from the pool
	at org.springframework.data.redis.core.DefaultListOperationsTests.testLeftPushAllCollection(DefaultListOperationsTests.java:244)
Caused by: redis.clients.jedis.exceptions.JedisConnectionException: Could not get a resource from the pool
	at org.springframework.data.redis.core.DefaultListOperationsTests.testLeftPushAllCollection(DefaultListOperationsTests.java:244)
Caused by: redis.clients.jedis.exceptions.JedisConnectionException: java.net.ConnectException: Conexão recusada
	at org.springframework.data.redis.core.DefaultListOperationsTests.testLeftPushAllCollection(DefaultListOperationsTests.java:244)
Caused by: java.net.ConnectException: Conexão recusada
	at org.springframework.data.redis.core.DefaultListOperationsTests.testLeftPushAllCollection(DefaultListOperationsTests.java:244)
</error>
  </testcase>
  <testcase name="testLeftPushAllCollection[0]" classname="org.springframework.data.redis.core.DefaultListOperationsTests" time="0.002">
    <error message="Cannot get Jedis connection; nested exception is redis.clients.jedis.exceptions.JedisConnectionException: Could not get a resource from the pool" type="org.springframework.data.redis.RedisConnectionFailureException">org.springframework.data.redis.RedisConnectionFailureException: Cannot get Jedis connection; nested exception is redis.clients.jedis.exceptions.JedisConnectionException: Could not get a resource from the pool
	at org.springframework.data.redis.core.DefaultListOperationsTests.tearDown(DefaultListOperationsTests.java:86)
Caused by: redis.clients.jedis.exceptions.JedisConnectionException: Could not get a resource from the pool
	at org.springframework.data.redis.core.DefaultListOperationsTests.tearDown(DefaultListOperationsTests.java:86)
Caused by: redis.clients.jedis.exceptions.JedisConnectionException: java.net.ConnectException: Conexão recusada
	at org.springframework.data.redis.core.DefaultListOperationsTests.tearDown(DefaultListOperationsTests.java:86)
Caused by: java.net.ConnectException: Conexão recusada
	at org.springframework.data.redis.core.DefaultListOperationsTests.tearDown(DefaultListOperationsTests.java:86)
</error>
  </testcase>
  <testcase name="testRightPushIfPresent[0]" classname="org.springframework.data.redis.core.DefaultListOperationsTests" time="0.002">
    <error message="Cannot get Jedis connection; nested exception is redis.clients.jedis.exceptions.JedisConnectionException: Could not get a resource from the pool" type="org.springframework.data.redis.RedisConnectionFailureException">org.springframework.data.redis.RedisConnectionFailureException: Cannot get Jedis connection; nested exception is redis.clients.jedis.exceptions.JedisConnectionException: Could not get a resource from the pool
	at org.springframework.data.redis.core.DefaultListOperationsTests.testRightPushIfPresent(DefaultListOperationsTests.java:171)
Caused by: redis.clients.jedis.exceptions.JedisConnectionException: Could not get a resource from the pool
	at org.springframework.data.redis.core.DefaultListOperationsTests.testRightPushIfPresent(DefaultListOperationsTests.java:171)
Caused by: redis.clients.jedis.exceptions.JedisConnectionException: java.net.ConnectException: Conexão recusada
	at org.springframework.data.redis.core.DefaultListOperationsTests.testRightPushIfPresent(DefaultListOperationsTests.java:171)
Caused by: java.net.ConnectException: Conexão recusada
	at org.springframework.data.redis.core.DefaultListOperationsTests.testRightPushIfPresent(DefaultListOperationsTests.java:171)
</error>
  </testcase>
  <testcase name="testRightPushIfPresent[0]" classname="org.springframework.data.redis.core.DefaultListOperationsTests" time="0.002">
    <error message="Cannot get Jedis connection; nested exception is redis.clients.jedis.exceptions.JedisConnectionException: Could not get a resource from the pool" type="org.springframework.data.redis.RedisConnectionFailureException">org.springframework.data.redis.RedisConnectionFailureException: Cannot get Jedis connection; nested exception is redis.clients.jedis.exceptions.JedisConnectionException: Could not get a resource from the pool
	at org.springframework.data.redis.core.DefaultListOperationsTests.tearDown(DefaultListOperationsTests.java:86)
Caused by: redis.clients.jedis.exceptions.JedisConnectionException: Could not get a resource from the pool
	at org.springframework.data.redis.core.DefaultListOperationsTests.tearDown(DefaultListOperationsTests.java:86)
Caused by: redis.clients.jedis.exceptions.JedisConnectionException: java.net.ConnectException: Conexão recusada
	at org.springframework.data.redis.core.DefaultListOperationsTests.tearDown(DefaultListOperationsTests.java:86)
Caused by: java.net.ConnectException: Conexão recusada
	at org.springframework.data.redis.core.DefaultListOperationsTests.tearDown(DefaultListOperationsTests.java:86)
</error>
  </testcase>
  <testcase name="testRightPushAllCollection[0]" classname="org.springframework.data.redis.core.DefaultListOperationsTests" time="0.002">
    <error message="Cannot get Jedis connection; nested exception is redis.clients.jedis.exceptions.JedisConnectionException: Could not get a resource from the pool" type="org.springframework.data.redis.RedisConnectionFailureException">org.springframework.data.redis.RedisConnectionFailureException: Cannot get Jedis connection; nested exception is redis.clients.jedis.exceptions.JedisConnectionException: Could not get a resource from the pool
	at org.springframework.data.redis.core.DefaultListOperationsTests.testRightPushAllCollection(DefaultListOperationsTests.java:202)
Caused by: redis.clients.jedis.exceptions.JedisConnectionException: Could not get a resource from the pool
	at org.springframework.data.redis.core.DefaultListOperationsTests.testRightPushAllCollection(DefaultListOperationsTests.java:202)
Caused by: redis.clients.jedis.exceptions.JedisConnectionException: java.net.ConnectException: Conexão recusada
	at org.springframework.data.redis.core.DefaultListOperationsTests.testRightPushAllCollection(DefaultListOperationsTests.java:202)
Caused by: java.net.ConnectException: Conexão recusada
	at org.springframework.data.redis.core.DefaultListOperationsTests.testRightPushAllCollection(DefaultListOperationsTests.java:202)
</error>
  </testcase>
  <testcase name="testRightPushAllCollection[0]" classname="org.springframework.data.redis.core.DefaultListOperationsTests" time="0.002">
    <error message="Cannot get Jedis connection; nested exception is redis.clients.jedis.exceptions.JedisConnectionException: Could not get a resource from the pool" type="org.springframework.data.redis.RedisConnectionFailureException">org.springframework.data.redis.RedisConnectionFailureException: Cannot get Jedis connection; nested exception is redis.clients.jedis.exceptions.JedisConnectionException: Could not get a resource from the pool
	at org.springframework.data.redis.core.DefaultListOperationsTests.tearDown(DefaultListOperationsTests.java:86)
Caused by: redis.clients.jedis.exceptions.JedisConnectionException: Could not get a resource from the pool
	at org.springframework.data.redis.core.DefaultListOperationsTests.tearDown(DefaultListOperationsTests.java:86)
Caused by: redis.clients.jedis.exceptions.JedisConnectionException: java.net.ConnectException: Conexão recusada
	at org.springframework.data.redis.core.DefaultListOperationsTests.tearDown(DefaultListOperationsTests.java:86)
Caused by: java.net.ConnectException: Conexão recusada
	at org.springframework.data.redis.core.DefaultListOperationsTests.tearDown(DefaultListOperationsTests.java:86)
</error>
  </testcase>
  <testcase name="testRightPopAndLeftPush[0]" classname="org.springframework.data.redis.core.DefaultListOperationsTests" time="0.002">
    <error message="Cannot get Jedis connection; nested exception is redis.clients.jedis.exceptions.JedisConnectionException: Could not get a resource from the pool" type="org.springframework.data.redis.RedisConnectionFailureException">org.springframework.data.redis.RedisConnectionFailureException: Cannot get Jedis connection; nested exception is redis.clients.jedis.exceptions.JedisConnectionException: Could not get a resource from the pool
	at org.springframework.data.redis.core.DefaultListOperationsTests.testRightPopAndLeftPush(DefaultListOperationsTests.java:149)
Caused by: redis.clients.jedis.exceptions.JedisConnectionException: Could not get a resource from the pool
	at org.springframework.data.redis.core.DefaultListOperationsTests.testRightPopAndLeftPush(DefaultListOperationsTests.java:149)
Caused by: redis.clients.jedis.exceptions.JedisConnectionException: java.net.ConnectException: Conexão recusada
	at org.springframework.data.redis.core.DefaultListOperationsTests.testRightPopAndLeftPush(DefaultListOperationsTests.java:149)
Caused by: java.net.ConnectException: Conexão recusada
	at org.springframework.data.redis.core.DefaultListOperationsTests.testRightPopAndLeftPush(DefaultListOperationsTests.java:149)
</error>
  </testcase>
  <testcase name="testRightPopAndLeftPush[0]" classname="org.springframework.data.redis.core.DefaultListOperationsTests" time="0.002">
    <error message="Cannot get Jedis connection; nested exception is redis.clients.jedis.exceptions.JedisConnectionException: Could not get a resource from the pool" type="org.springframework.data.redis.RedisConnectionFailureException">org.springframework.data.redis.RedisConnectionFailureException: Cannot get Jedis connection; nested exception is redis.clients.jedis.exceptions.JedisConnectionException: Could not get a resource from the pool
	at org.springframework.data.redis.core.DefaultListOperationsTests.tearDown(DefaultListOperationsTests.java:86)
Caused by: redis.clients.jedis.exceptions.JedisConnectionException: Could not get a resource from the pool
	at org.springframework.data.redis.core.DefaultListOperationsTests.tearDown(DefaultListOperationsTests.java:86)
Caused by: redis.clients.jedis.exceptions.JedisConnectionException: java.net.ConnectException: Conexão recusada
	at org.springframework.data.redis.core.DefaultListOperationsTests.tearDown(DefaultListOperationsTests.java:86)
Caused by: java.net.ConnectException: Conexão recusada
	at org.springframework.data.redis.core.DefaultListOperationsTests.tearDown(DefaultListOperationsTests.java:86)
</error>
  </testcase>
  <testcase name="leftPushAllShouldThrowExceptionWhenCollectionContainsNullValue[0]" classname="org.springframework.data.redis.core.DefaultListOperationsTests" time="0.001">
    <error message="Cannot get Jedis connection; nested exception is redis.clients.jedis.exceptions.JedisConnectionException: Could not get a resource from the pool" type="org.springframework.data.redis.RedisConnectionFailureException">org.springframework.data.redis.RedisConnectionFailureException: Cannot get Jedis connection; nested exception is redis.clients.jedis.exceptions.JedisConnectionException: Could not get a resource from the pool
	at org.springframework.data.redis.core.DefaultListOperationsTests.tearDown(DefaultListOperationsTests.java:86)
Caused by: redis.clients.jedis.exceptions.JedisConnectionException: Could not get a resource from the pool
	at org.springframework.data.redis.core.DefaultListOperationsTests.tearDown(DefaultListOperationsTests.java:86)
Caused by: redis.clients.jedis.exceptions.JedisConnectionException: java.net.ConnectException: Conexão recusada
	at org.springframework.data.redis.core.DefaultListOperationsTests.tearDown(DefaultListOperationsTests.java:86)
Caused by: java.net.ConnectException: Conexão recusada
	at org.springframework.data.redis.core.DefaultListOperationsTests.tearDown(DefaultListOperationsTests.java:86)
</error>
  </testcase>
  <testcase name="rightPushAllShouldThrowExceptionWhenCalledWithNull[0]" classname="org.springframework.data.redis.core.DefaultListOperationsTests" time="0.001">
    <error message="Cannot get Jedis connection; nested exception is redis.clients.jedis.exceptions.JedisConnectionException: Could not get a resource from the pool" type="org.springframework.data.redis.RedisConnectionFailureException">org.springframework.data.redis.RedisConnectionFailureException: Cannot get Jedis connection; nested exception is redis.clients.jedis.exceptions.JedisConnectionException: Could not get a resource from the pool
	at org.springframework.data.redis.core.DefaultListOperationsTests.tearDown(DefaultListOperationsTests.java:86)
Caused by: redis.clients.jedis.exceptions.JedisConnectionException: Could not get a resource from the pool
	at org.springframework.data.redis.core.DefaultListOperationsTests.tearDown(DefaultListOperationsTests.java:86)
Caused by: redis.clients.jedis.exceptions.JedisConnectionException: java.net.ConnectException: Conexão recusada
	at org.springframework.data.redis.core.DefaultListOperationsTests.tearDown(DefaultListOperationsTests.java:86)
Caused by: java.net.ConnectException: Conexão recusada
	at org.springframework.data.redis.core.DefaultListOperationsTests.tearDown(DefaultListOperationsTests.java:86)
</error>
  </testcase>
  <testcase name="leftPushAllShouldThrowExceptionWhenCalledWithNull[0]" classname="org.springframework.data.redis.core.DefaultListOperationsTests" time="0.001">
    <error message="Cannot get Jedis connection; nested exception is redis.clients.jedis.exceptions.JedisConnectionException: Could not get a resource from the pool" type="org.springframework.data.redis.RedisConnectionFailureException">org.springframework.data.redis.RedisConnectionFailureException: Cannot get Jedis connection; nested exception is redis.clients.jedis.exceptions.JedisConnectionException: Could not get a resource from the pool
	at org.springframework.data.redis.core.DefaultListOperationsTests.tearDown(DefaultListOperationsTests.java:86)
Caused by: redis.clients.jedis.exceptions.JedisConnectionException: Could not get a resource from the pool
	at org.springframework.data.redis.core.DefaultListOperationsTests.tearDown(DefaultListOperationsTests.java:86)
Caused by: redis.clients.jedis.exceptions.JedisConnectionException: java.net.ConnectException: Conexão recusada
	at org.springframework.data.redis.core.DefaultListOperationsTests.tearDown(DefaultListOperationsTests.java:86)
Caused by: java.net.ConnectException: Conexão recusada
	at org.springframework.data.redis.core.DefaultListOperationsTests.tearDown(DefaultListOperationsTests.java:86)
</error>
  </testcase>
  <testcase name="leftPushAllShouldThrowExceptionWhenCalledWithEmptyCollection[0]" classname="org.springframework.data.redis.core.DefaultListOperationsTests" time="0.005">
    <error message="Cannot get Jedis connection; nested exception is redis.clients.jedis.exceptions.JedisConnectionException: Could not get a resource from the pool" type="org.springframework.data.redis.RedisConnectionFailureException">org.springframework.data.redis.RedisConnectionFailureException: Cannot get Jedis connection; nested exception is redis.clients.jedis.exceptions.JedisConnectionException: Could not get a resource from the pool
	at org.springframework.data.redis.core.DefaultListOperationsTests.tearDown(DefaultListOperationsTests.java:86)
Caused by: redis.clients.jedis.exceptions.JedisConnectionException: Could not get a resource from the pool
	at org.springframework.data.redis.core.DefaultListOperationsTests.tearDown(DefaultListOperationsTests.java:86)
Caused by: redis.clients.jedis.exceptions.JedisConnectionException: java.net.ConnectException: Conexão recusada
	at org.springframework.data.redis.core.DefaultListOperationsTests.tearDown(DefaultListOperationsTests.java:86)
Caused by: java.net.ConnectException: Conexão recusada
	at org.springframework.data.redis.core.DefaultListOperationsTests.tearDown(DefaultListOperationsTests.java:86)
</error>
  </testcase>
  <testcase name="testRightPopAndLeftPushTimeout[0]" classname="org.springframework.data.redis.core.DefaultListOperationsTests" time="0.005">
    <error type="java.lang.ExceptionInInitializerError">java.lang.ExceptionInInitializerError
	at org.springframework.data.redis.core.DefaultListOperationsTests.testRightPopAndLeftPushTimeout(DefaultListOperationsTests.java:135)
Caused by: redis.clients.jedis.exceptions.JedisConnectionException: java.net.ConnectException: Conexão recusada
	at org.springframework.data.redis.core.DefaultListOperationsTests.testRightPopAndLeftPushTimeout(DefaultListOperationsTests.java:135)
Caused by: java.net.ConnectException: Conexão recusada
	at org.springframework.data.redis.core.DefaultListOperationsTests.testRightPopAndLeftPushTimeout(DefaultListOperationsTests.java:135)
</error>
  </testcase>
  <testcase name="testRightPopAndLeftPushTimeout[0]" classname="org.springframework.data.redis.core.DefaultListOperationsTests" time="0.006">
    <error message="Cannot get Jedis connection; nested exception is redis.clients.jedis.exceptions.JedisConnectionException: Could not get a resource from the pool" type="org.springframework.data.redis.RedisConnectionFailureException">org.springframework.data.redis.RedisConnectionFailureException: Cannot get Jedis connection; nested exception is redis.clients.jedis.exceptions.JedisConnectionException: Could not get a resource from the pool
	at org.springframework.data.redis.core.DefaultListOperationsTests.tearDown(DefaultListOperationsTests.java:86)
Caused by: redis.clients.jedis.exceptions.JedisConnectionException: Could not get a resource from the pool
	at org.springframework.data.redis.core.DefaultListOperationsTests.tearDown(DefaultListOperationsTests.java:86)
Caused by: redis.clients.jedis.exceptions.JedisConnectionException: java.net.ConnectException: Conexão recusada
	at org.springframework.data.redis.core.DefaultListOperationsTests.tearDown(DefaultListOperationsTests.java:86)
Caused by: java.net.ConnectException: Conexão recusada
	at org.springframework.data.redis.core.DefaultListOperationsTests.tearDown(DefaultListOperationsTests.java:86)
</error>
  </testcase>
  <testcase name="testLeftPushWithPivot[0]" classname="org.springframework.data.redis.core.DefaultListOperationsTests" time="0.002">
    <error message="Cannot get Jedis connection; nested exception is redis.clients.jedis.exceptions.JedisConnectionException: Could not get a resource from the pool" type="org.springframework.data.redis.RedisConnectionFailureException">org.springframework.data.redis.RedisConnectionFailureException: Cannot get Jedis connection; nested exception is redis.clients.jedis.exceptions.JedisConnectionException: Could not get a resource from the pool
	at org.springframework.data.redis.core.DefaultListOperationsTests.testLeftPushWithPivot(DefaultListOperationsTests.java:103)
Caused by: redis.clients.jedis.exceptions.JedisConnectionException: Could not get a resource from the pool
	at org.springframework.data.redis.core.DefaultListOperationsTests.testLeftPushWithPivot(DefaultListOperationsTests.java:103)
Caused by: redis.clients.jedis.exceptions.JedisConnectionException: java.net.ConnectException: Conexão recusada
	at org.springframework.data.redis.core.DefaultListOperationsTests.testLeftPushWithPivot(DefaultListOperationsTests.java:103)
Caused by: java.net.ConnectException: Conexão recusada
	at org.springframework.data.redis.core.DefaultListOperationsTests.testLeftPushWithPivot(DefaultListOperationsTests.java:103)
</error>
    <system-out><![CDATA[Value12f2ec637-da66-478c-bd5a-85e041a5e5d0
Value27ce4b52c-da82-416e-9f08-91ef52673f02
Value3c74a40ce-f384-485a-a5eb-3e7bce5074fd
]]></system-out>
  </testcase>
  <testcase name="testLeftPushWithPivot[0]" classname="org.springframework.data.redis.core.DefaultListOperationsTests" time="0.003">
    <error message="Cannot get Jedis connection; nested exception is redis.clients.jedis.exceptions.JedisConnectionException: Could not get a resource from the pool" type="org.springframework.data.redis.RedisConnectionFailureException">org.springframework.data.redis.RedisConnectionFailureException: Cannot get Jedis connection; nested exception is redis.clients.jedis.exceptions.JedisConnectionException: Could not get a resource from the pool
	at org.springframework.data.redis.core.DefaultListOperationsTests.tearDown(DefaultListOperationsTests.java:86)
Caused by: redis.clients.jedis.exceptions.JedisConnectionException: Could not get a resource from the pool
	at org.springframework.data.redis.core.DefaultListOperationsTests.tearDown(DefaultListOperationsTests.java:86)
Caused by: redis.clients.jedis.exceptions.JedisConnectionException: java.net.ConnectException: Conexão recusada
	at org.springframework.data.redis.core.DefaultListOperationsTests.tearDown(DefaultListOperationsTests.java:86)
Caused by: java.net.ConnectException: Conexão recusada
	at org.springframework.data.redis.core.DefaultListOperationsTests.tearDown(DefaultListOperationsTests.java:86)
</error>
  </testcase>
  <testcase name="rightPushAllShouldThrowExceptionWhenCollectionContainsNullValue[1]" classname="org.springframework.data.redis.core.DefaultListOperationsTests" time="0.001">
    <error message="Cannot get Jedis connection; nested exception is redis.clients.jedis.exceptions.JedisConnectionException: Could not get a resource from the pool" type="org.springframework.data.redis.RedisConnectionFailureException">org.springframework.data.redis.RedisConnectionFailureException: Cannot get Jedis connection; nested exception is redis.clients.jedis.exceptions.JedisConnectionException: Could not get a resource from the pool
	at org.springframework.data.redis.core.DefaultListOperationsTests.tearDown(DefaultListOperationsTests.java:86)
Caused by: redis.clients.jedis.exceptions.JedisConnectionException: Could not get a resource from the pool
	at org.springframework.data.redis.core.DefaultListOperationsTests.tearDown(DefaultListOperationsTests.java:86)
Caused by: redis.clients.jedis.exceptions.JedisConnectionException: java.net.ConnectException: Conexão recusada
	at org.springframework.data.redis.core.DefaultListOperationsTests.tearDown(DefaultListOperationsTests.java:86)
Caused by: java.net.ConnectException: Conexão recusada
	at org.springframework.data.redis.core.DefaultListOperationsTests.tearDown(DefaultListOperationsTests.java:86)
</error>
  </testcase>
  <testcase name="testLeftPushAll[1]" classname="org.springframework.data.redis.core.DefaultListOperationsTests" time="0.002">
    <error message="Cannot get Jedis connection; nested exception is redis.clients.jedis.exceptions.JedisConnectionException: Could not get a resource from the pool" type="org.springframework.data.redis.RedisConnectionFailureException">org.springframework.data.redis.RedisConnectionFailureException: Cannot get Jedis connection; nested exception is redis.clients.jedis.exceptions.JedisConnectionException: Could not get a resource from the pool
	at org.springframework.data.redis.core.DefaultListOperationsTests.testLeftPushAll(DefaultListOperationsTests.java:127)
Caused by: redis.clients.jedis.exceptions.JedisConnectionException: Could not get a resource from the pool
	at org.springframework.data.redis.core.DefaultListOperationsTests.testLeftPushAll(DefaultListOperationsTests.java:127)
Caused by: redis.clients.jedis.exceptions.JedisConnectionException: java.net.ConnectException: Conexão recusada
	at org.springframework.data.redis.core.DefaultListOperationsTests.testLeftPushAll(DefaultListOperationsTests.java:127)
Caused by: java.net.ConnectException: Conexão recusada
	at org.springframework.data.redis.core.DefaultListOperationsTests.testLeftPushAll(DefaultListOperationsTests.java:127)
</error>
  </testcase>
  <testcase name="testLeftPushAll[1]" classname="org.springframework.data.redis.core.DefaultListOperationsTests" time="0.002">
    <error message="Cannot get Jedis connection; nested exception is redis.clients.jedis.exceptions.JedisConnectionException: Could not get a resource from the pool" type="org.springframework.data.redis.RedisConnectionFailureException">org.springframework.data.redis.RedisConnectionFailureException: Cannot get Jedis connection; nested exception is redis.clients.jedis.exceptions.JedisConnectionException: Could not get a resource from the pool
	at org.springframework.data.redis.core.DefaultListOperationsTests.tearDown(DefaultListOperationsTests.java:86)
Caused by: redis.clients.jedis.exceptions.JedisConnectionException: Could not get a resource from the pool
	at org.springframework.data.redis.core.DefaultListOperationsTests.tearDown(DefaultListOperationsTests.java:86)
Caused by: redis.clients.jedis.exceptions.JedisConnectionException: java.net.ConnectException: Conexão recusada
	at org.springframework.data.redis.core.DefaultListOperationsTests.tearDown(DefaultListOperationsTests.java:86)
Caused by: java.net.ConnectException: Conexão recusada
	at org.springframework.data.redis.core.DefaultListOperationsTests.tearDown(DefaultListOperationsTests.java:86)
</error>
  </testcase>
  <testcase name="rightPushAllShouldThrowExceptionWhenCalledWithEmptyCollection[1]" classname="org.springframework.data.redis.core.DefaultListOperationsTests" time="0.003">
    <error message="Cannot get Jedis connection; nested exception is redis.clients.jedis.exceptions.JedisConnectionException: Could not get a resource from the pool" type="org.springframework.data.redis.RedisConnectionFailureException">org.springframework.data.redis.RedisConnectionFailureException: Cannot get Jedis connection; nested exception is redis.clients.jedis.exceptions.JedisConnectionException: Could not get a resource from the pool
	at org.springframework.data.redis.core.DefaultListOperationsTests.tearDown(DefaultListOperationsTests.java:86)
Caused by: redis.clients.jedis.exceptions.JedisConnectionException: Could not get a resource from the pool
	at org.springframework.data.redis.core.DefaultListOperationsTests.tearDown(DefaultListOperationsTests.java:86)
Caused by: redis.clients.jedis.exceptions.JedisConnectionException: java.net.ConnectException: Conexão recusada
	at org.springframework.data.redis.core.DefaultListOperationsTests.tearDown(DefaultListOperationsTests.java:86)
Caused by: java.net.ConnectException: Conexão recusada
	at org.springframework.data.redis.core.DefaultListOperationsTests.tearDown(DefaultListOperationsTests.java:86)
</error>
  </testcase>
  <testcase name="testRightPushAll[1]" classname="org.springframework.data.redis.core.DefaultListOperationsTests" time="0">
    <error message="Cannot get Jedis connection; nested exception is redis.clients.jedis.exceptions.JedisConnectionException: Could not get a resource from the pool" type="org.springframework.data.redis.RedisConnectionFailureException">org.springframework.data.redis.RedisConnectionFailureException: Cannot get Jedis connection; nested exception is redis.clients.jedis.exceptions.JedisConnectionException: Could not get a resource from the pool
	at org.springframework.data.redis.core.DefaultListOperationsTests.testRightPushAll(DefaultListOperationsTests.java:184)
Caused by: redis.clients.jedis.exceptions.JedisConnectionException: Could not get a resource from the pool
	at org.springframework.data.redis.core.DefaultListOperationsTests.testRightPushAll(DefaultListOperationsTests.java:184)
Caused by: redis.clients.jedis.exceptions.JedisConnectionException: java.net.ConnectException: Conexão recusada
	at org.springframework.data.redis.core.DefaultListOperationsTests.testRightPushAll(DefaultListOperationsTests.java:184)
Caused by: java.net.ConnectException: Conexão recusada
	at org.springframework.data.redis.core.DefaultListOperationsTests.testRightPushAll(DefaultListOperationsTests.java:184)
</error>
  </testcase>
  <testcase name="testRightPushAll[1]" classname="org.springframework.data.redis.core.DefaultListOperationsTests" time="0">
    <error message="Cannot get Jedis connection; nested exception is redis.clients.jedis.exceptions.JedisConnectionException: Could not get a resource from the pool" type="org.springframework.data.redis.RedisConnectionFailureException">org.springframework.data.redis.RedisConnectionFailureException: Cannot get Jedis connection; nested exception is redis.clients.jedis.exceptions.JedisConnectionException: Could not get a resource from the pool
	at org.springframework.data.redis.core.DefaultListOperationsTests.tearDown(DefaultListOperationsTests.java:86)
Caused by: redis.clients.jedis.exceptions.JedisConnectionException: Could not get a resource from the pool
	at org.springframework.data.redis.core.DefaultListOperationsTests.tearDown(DefaultListOperationsTests.java:86)
Caused by: redis.clients.jedis.exceptions.JedisConnectionException: java.net.ConnectException: Conexão recusada
	at org.springframework.data.redis.core.DefaultListOperationsTests.tearDown(DefaultListOperationsTests.java:86)
Caused by: java.net.ConnectException: Conexão recusada
	at org.springframework.data.redis.core.DefaultListOperationsTests.tearDown(DefaultListOperationsTests.java:86)
</error>
  </testcase>
  <testcase name="testRightPushWithPivot[1]" classname="org.springframework.data.redis.core.DefaultListOperationsTests" time="0.001">
    <error message="Cannot get Jedis connection; nested exception is redis.clients.jedis.exceptions.JedisConnectionException: Could not get a resource from the pool" type="org.springframework.data.redis.RedisConnectionFailureException">org.springframework.data.redis.RedisConnectionFailureException: Cannot get Jedis connection; nested exception is redis.clients.jedis.exceptions.JedisConnectionException: Could not get a resource from the pool
	at org.springframework.data.redis.core.DefaultListOperationsTests.testRightPushWithPivot(DefaultListOperationsTests.java:160)
Caused by: redis.clients.jedis.exceptions.JedisConnectionException: Could not get a resource from the pool
	at org.springframework.data.redis.core.DefaultListOperationsTests.testRightPushWithPivot(DefaultListOperationsTests.java:160)
Caused by: redis.clients.jedis.exceptions.JedisConnectionException: java.net.ConnectException: Conexão recusada
	at org.springframework.data.redis.core.DefaultListOperationsTests.testRightPushWithPivot(DefaultListOperationsTests.java:160)
Caused by: java.net.ConnectException: Conexão recusada
	at org.springframework.data.redis.core.DefaultListOperationsTests.testRightPushWithPivot(DefaultListOperationsTests.java:160)
</error>
  </testcase>
  <testcase name="testRightPushWithPivot[1]" classname="org.springframework.data.redis.core.DefaultListOperationsTests" time="0.001">
    <error message="Cannot get Jedis connection; nested exception is redis.clients.jedis.exceptions.JedisConnectionException: Could not get a resource from the pool" type="org.springframework.data.redis.RedisConnectionFailureException">org.springframework.data.redis.RedisConnectionFailureException: Cannot get Jedis connection; nested exception is redis.clients.jedis.exceptions.JedisConnectionException: Could not get a resource from the pool
	at org.springframework.data.redis.core.DefaultListOperationsTests.tearDown(DefaultListOperationsTests.java:86)
Caused by: redis.clients.jedis.exceptions.JedisConnectionException: Could not get a resource from the pool
	at org.springframework.data.redis.core.DefaultListOperationsTests.tearDown(DefaultListOperationsTests.java:86)
Caused by: redis.clients.jedis.exceptions.JedisConnectionException: java.net.ConnectException: Conexão recusada
	at org.springframework.data.redis.core.DefaultListOperationsTests.tearDown(DefaultListOperationsTests.java:86)
Caused by: java.net.ConnectException: Conexão recusada
	at org.springframework.data.redis.core.DefaultListOperationsTests.tearDown(DefaultListOperationsTests.java:86)
</error>
  </testcase>
  <testcase name="testLeftPushIfPresent[1]" classname="org.springframework.data.redis.core.DefaultListOperationsTests" time="0.002">
    <error message="Cannot get Jedis connection; nested exception is redis.clients.jedis.exceptions.JedisConnectionException: Could not get a resource from the pool" type="org.springframework.data.redis.RedisConnectionFailureException">org.springframework.data.redis.RedisConnectionFailureException: Cannot get Jedis connection; nested exception is redis.clients.jedis.exceptions.JedisConnectionException: Could not get a resource from the pool
	at org.springframework.data.redis.core.DefaultListOperationsTests.testLeftPushIfPresent(DefaultListOperationsTests.java:114)
Caused by: redis.clients.jedis.exceptions.JedisConnectionException: Could not get a resource from the pool
	at org.springframework.data.redis.core.DefaultListOperationsTests.testLeftPushIfPresent(DefaultListOperationsTests.java:114)
Caused by: redis.clients.jedis.exceptions.JedisConnectionException: java.net.ConnectException: Conexão recusada
	at org.springframework.data.redis.core.DefaultListOperationsTests.testLeftPushIfPresent(DefaultListOperationsTests.java:114)
Caused by: java.net.ConnectException: Conexão recusada
	at org.springframework.data.redis.core.DefaultListOperationsTests.testLeftPushIfPresent(DefaultListOperationsTests.java:114)
</error>
  </testcase>
  <testcase name="testLeftPushIfPresent[1]" classname="org.springframework.data.redis.core.DefaultListOperationsTests" time="0.002">
    <error message="Cannot get Jedis connection; nested exception is redis.clients.jedis.exceptions.JedisConnectionException: Could not get a resource from the pool" type="org.springframework.data.redis.RedisConnectionFailureException">org.springframework.data.redis.RedisConnectionFailureException: Cannot get Jedis connection; nested exception is redis.clients.jedis.exceptions.JedisConnectionException: Could not get a resource from the pool
	at org.springframework.data.redis.core.DefaultListOperationsTests.tearDown(DefaultListOperationsTests.java:86)
Caused by: redis.clients.jedis.exceptions.JedisConnectionException: Could not get a resource from the pool
	at org.springframework.data.redis.core.DefaultListOperationsTests.tearDown(DefaultListOperationsTests.java:86)
Caused by: redis.clients.jedis.exceptions.JedisConnectionException: java.net.ConnectException: Conexão recusada
	at org.springframework.data.redis.core.DefaultListOperationsTests.tearDown(DefaultListOperationsTests.java:86)
Caused by: java.net.ConnectException: Conexão recusada
	at org.springframework.data.redis.core.DefaultListOperationsTests.tearDown(DefaultListOperationsTests.java:86)
</error>
  </testcase>
  <testcase name="testLeftPushAllCollection[1]" classname="org.springframework.data.redis.core.DefaultListOperationsTests" time="0.005">
    <error message="Cannot get Jedis connection; nested exception is redis.clients.jedis.exceptions.JedisConnectionException: Could not get a resource from the pool" type="org.springframework.data.redis.RedisConnectionFailureException">org.springframework.data.redis.RedisConnectionFailureException: Cannot get Jedis connection; nested exception is redis.clients.jedis.exceptions.JedisConnectionException: Could not get a resource from the pool
	at org.springframework.data.redis.core.DefaultListOperationsTests.testLeftPushAllCollection(DefaultListOperationsTests.java:244)
Caused by: redis.clients.jedis.exceptions.JedisConnectionException: Could not get a resource from the pool
	at org.springframework.data.redis.core.DefaultListOperationsTests.testLeftPushAllCollection(DefaultListOperationsTests.java:244)
Caused by: redis.clients.jedis.exceptions.JedisConnectionException: java.net.ConnectException: Conexão recusada
	at org.springframework.data.redis.core.DefaultListOperationsTests.testLeftPushAllCollection(DefaultListOperationsTests.java:244)
Caused by: java.net.ConnectException: Conexão recusada
	at org.springframework.data.redis.core.DefaultListOperationsTests.testLeftPushAllCollection(DefaultListOperationsTests.java:244)
</error>
  </testcase>
  <testcase name="testLeftPushAllCollection[1]" classname="org.springframework.data.redis.core.DefaultListOperationsTests" time="0.005">
    <error message="Cannot get Jedis connection; nested exception is redis.clients.jedis.exceptions.JedisConnectionException: Could not get a resource from the pool" type="org.springframework.data.redis.RedisConnectionFailureException">org.springframework.data.redis.RedisConnectionFailureException: Cannot get Jedis connection; nested exception is redis.clients.jedis.exceptions.JedisConnectionException: Could not get a resource from the pool
	at org.springframework.data.redis.core.DefaultListOperationsTests.tearDown(DefaultListOperationsTests.java:86)
Caused by: redis.clients.jedis.exceptions.JedisConnectionException: Could not get a resource from the pool
	at org.springframework.data.redis.core.DefaultListOperationsTests.tearDown(DefaultListOperationsTests.java:86)
Caused by: redis.clients.jedis.exceptions.JedisConnectionException: java.net.ConnectException: Conexão recusada
	at org.springframework.data.redis.core.DefaultListOperationsTests.tearDown(DefaultListOperationsTests.java:86)
Caused by: java.net.ConnectException: Conexão recusada
	at org.springframework.data.redis.core.DefaultListOperationsTests.tearDown(DefaultListOperationsTests.java:86)
</error>
  </testcase>
  <testcase name="testRightPushIfPresent[1]" classname="org.springframework.data.redis.core.DefaultListOperationsTests" time="0">
    <error message="Cannot get Jedis connection; nested exception is redis.clients.jedis.exceptions.JedisConnectionException: Could not get a resource from the pool" type="org.springframework.data.redis.RedisConnectionFailureException">org.springframework.data.redis.RedisConnectionFailureException: Cannot get Jedis connection; nested exception is redis.clients.jedis.exceptions.JedisConnectionException: Could not get a resource from the pool
	at org.springframework.data.redis.core.DefaultListOperationsTests.testRightPushIfPresent(DefaultListOperationsTests.java:171)
Caused by: redis.clients.jedis.exceptions.JedisConnectionException: Could not get a resource from the pool
	at org.springframework.data.redis.core.DefaultListOperationsTests.testRightPushIfPresent(DefaultListOperationsTests.java:171)
Caused by: redis.clients.jedis.exceptions.JedisConnectionException: java.net.ConnectException: Conexão recusada
	at org.springframework.data.redis.core.DefaultListOperationsTests.testRightPushIfPresent(DefaultListOperationsTests.java:171)
Caused by: java.net.ConnectException: Conexão recusada
	at org.springframework.data.redis.core.DefaultListOperationsTests.testRightPushIfPresent(DefaultListOperationsTests.java:171)
</error>
  </testcase>
  <testcase name="testRightPushIfPresent[1]" classname="org.springframework.data.redis.core.DefaultListOperationsTests" time="0">
    <error message="Cannot get Jedis connection; nested exception is redis.clients.jedis.exceptions.JedisConnectionException: Could not get a resource from the pool" type="org.springframework.data.redis.RedisConnectionFailureException">org.springframework.data.redis.RedisConnectionFailureException: Cannot get Jedis connection; nested exception is redis.clients.jedis.exceptions.JedisConnectionException: Could not get a resource from the pool
	at org.springframework.data.redis.core.DefaultListOperationsTests.tearDown(DefaultListOperationsTests.java:86)
Caused by: redis.clients.jedis.exceptions.JedisConnectionException: Could not get a resource from the pool
	at org.springframework.data.redis.core.DefaultListOperationsTests.tearDown(DefaultListOperationsTests.java:86)
Caused by: redis.clients.jedis.exceptions.JedisConnectionException: java.net.ConnectException: Conexão recusada
	at org.springframework.data.redis.core.DefaultListOperationsTests.tearDown(DefaultListOperationsTests.java:86)
Caused by: java.net.ConnectException: Conexão recusada
	at org.springframework.data.redis.core.DefaultListOperationsTests.tearDown(DefaultListOperationsTests.java:86)
</error>
  </testcase>
  <testcase name="testRightPushAllCollection[1]" classname="org.springframework.data.redis.core.DefaultListOperationsTests" time="0">
    <error message="Cannot get Jedis connection; nested exception is redis.clients.jedis.exceptions.JedisConnectionException: Could not get a resource from the pool" type="org.springframework.data.redis.RedisConnectionFailureException">org.springframework.data.redis.RedisConnectionFailureException: Cannot get Jedis connection; nested exception is redis.clients.jedis.exceptions.JedisConnectionException: Could not get a resource from the pool
	at org.springframework.data.redis.core.DefaultListOperationsTests.testRightPushAllCollection(DefaultListOperationsTests.java:202)
Caused by: redis.clients.jedis.exceptions.JedisConnectionException: Could not get a resource from the pool
	at org.springframework.data.redis.core.DefaultListOperationsTests.testRightPushAllCollection(DefaultListOperationsTests.java:202)
Caused by: redis.clients.jedis.exceptions.JedisConnectionException: java.net.ConnectException: Conexão recusada
	at org.springframework.data.redis.core.DefaultListOperationsTests.testRightPushAllCollection(DefaultListOperationsTests.java:202)
Caused by: java.net.ConnectException: Conexão recusada
	at org.springframework.data.redis.core.DefaultListOperationsTests.testRightPushAllCollection(DefaultListOperationsTests.java:202)
</error>
  </testcase>
  <testcase name="testRightPushAllCollection[1]" classname="org.springframework.data.redis.core.DefaultListOperationsTests" time="0">
    <error message="Cannot get Jedis connection; nested exception is redis.clients.jedis.exceptions.JedisConnectionException: Could not get a resource from the pool" type="org.springframework.data.redis.RedisConnectionFailureException">org.springframework.data.redis.RedisConnectionFailureException: Cannot get Jedis connection; nested exception is redis.clients.jedis.exceptions.JedisConnectionException: Could not get a resource from the pool
	at org.springframework.data.redis.core.DefaultListOperationsTests.tearDown(DefaultListOperationsTests.java:86)
Caused by: redis.clients.jedis.exceptions.JedisConnectionException: Could not get a resource from the pool
	at org.springframework.data.redis.core.DefaultListOperationsTests.tearDown(DefaultListOperationsTests.java:86)
Caused by: redis.clients.jedis.exceptions.JedisConnectionException: java.net.ConnectException: Conexão recusada
	at org.springframework.data.redis.core.DefaultListOperationsTests.tearDown(DefaultListOperationsTests.java:86)
Caused by: java.net.ConnectException: Conexão recusada
	at org.springframework.data.redis.core.DefaultListOperationsTests.tearDown(DefaultListOperationsTests.java:86)
</error>
  </testcase>
  <testcase name="testRightPopAndLeftPush[1]" classname="org.springframework.data.redis.core.DefaultListOperationsTests" time="0.001">
    <error message="Cannot get Jedis connection; nested exception is redis.clients.jedis.exceptions.JedisConnectionException: Could not get a resource from the pool" type="org.springframework.data.redis.RedisConnectionFailureException">org.springframework.data.redis.RedisConnectionFailureException: Cannot get Jedis connection; nested exception is redis.clients.jedis.exceptions.JedisConnectionException: Could not get a resource from the pool
	at org.springframework.data.redis.core.DefaultListOperationsTests.testRightPopAndLeftPush(DefaultListOperationsTests.java:149)
Caused by: redis.clients.jedis.exceptions.JedisConnectionException: Could not get a resource from the pool
	at org.springframework.data.redis.core.DefaultListOperationsTests.testRightPopAndLeftPush(DefaultListOperationsTests.java:149)
Caused by: redis.clients.jedis.exceptions.JedisConnectionException: java.net.ConnectException: Conexão recusada
	at org.springframework.data.redis.core.DefaultListOperationsTests.testRightPopAndLeftPush(DefaultListOperationsTests.java:149)
Caused by: java.net.ConnectException: Conexão recusada
	at org.springframework.data.redis.core.DefaultListOperationsTests.testRightPopAndLeftPush(DefaultListOperationsTests.java:149)
</error>
  </testcase>
  <testcase name="testRightPopAndLeftPush[1]" classname="org.springframework.data.redis.core.DefaultListOperationsTests" time="0.001">
    <error message="Cannot get Jedis connection; nested exception is redis.clients.jedis.exceptions.JedisConnectionException: Could not get a resource from the pool" type="org.springframework.data.redis.RedisConnectionFailureException">org.springframework.data.redis.RedisConnectionFailureException: Cannot get Jedis connection; nested exception is redis.clients.jedis.exceptions.JedisConnectionException: Could not get a resource from the pool
	at org.springframework.data.redis.core.DefaultListOperationsTests.tearDown(DefaultListOperationsTests.java:86)
Caused by: redis.clients.jedis.exceptions.JedisConnectionException: Could not get a resource from the pool
	at org.springframework.data.redis.core.DefaultListOperationsTests.tearDown(DefaultListOperationsTests.java:86)
Caused by: redis.clients.jedis.exceptions.JedisConnectionException: java.net.ConnectException: Conexão recusada
	at org.springframework.data.redis.core.DefaultListOperationsTests.tearDown(DefaultListOperationsTests.java:86)
Caused by: java.net.ConnectException: Conexão recusada
	at org.springframework.data.redis.core.DefaultListOperationsTests.tearDown(DefaultListOperationsTests.java:86)
</error>
  </testcase>
  <testcase name="leftPushAllShouldThrowExceptionWhenCollectionContainsNullValue[1]" classname="org.springframework.data.redis.core.DefaultListOperationsTests" time="0.001">
    <error message="Cannot get Jedis connection; nested exception is redis.clients.jedis.exceptions.JedisConnectionException: Could not get a resource from the pool" type="org.springframework.data.redis.RedisConnectionFailureException">org.springframework.data.redis.RedisConnectionFailureException: Cannot get Jedis connection; nested exception is redis.clients.jedis.exceptions.JedisConnectionException: Could not get a resource from the pool
	at org.springframework.data.redis.core.DefaultListOperationsTests.tearDown(DefaultListOperationsTests.java:86)
Caused by: redis.clients.jedis.exceptions.JedisConnectionException: Could not get a resource from the pool
	at org.springframework.data.redis.core.DefaultListOperationsTests.tearDown(DefaultListOperationsTests.java:86)
Caused by: redis.clients.jedis.exceptions.JedisConnectionException: java.net.ConnectException: Conexão recusada
	at org.springframework.data.redis.core.DefaultListOperationsTests.tearDown(DefaultListOperationsTests.java:86)
Caused by: java.net.ConnectException: Conexão recusada
	at org.springframework.data.redis.core.DefaultListOperationsTests.tearDown(DefaultListOperationsTests.java:86)
</error>
  </testcase>
  <testcase name="rightPushAllShouldThrowExceptionWhenCalledWithNull[1]" classname="org.springframework.data.redis.core.DefaultListOperationsTests" time="0.002">
    <error message="Cannot get Jedis connection; nested exception is redis.clients.jedis.exceptions.JedisConnectionException: Could not get a resource from the pool" type="org.springframework.data.redis.RedisConnectionFailureException">org.springframework.data.redis.RedisConnectionFailureException: Cannot get Jedis connection; nested exception is redis.clients.jedis.exceptions.JedisConnectionException: Could not get a resource from the pool
	at org.springframework.data.redis.core.DefaultListOperationsTests.tearDown(DefaultListOperationsTests.java:86)
Caused by: redis.clients.jedis.exceptions.JedisConnectionException: Could not get a resource from the pool
	at org.springframework.data.redis.core.DefaultListOperationsTests.tearDown(DefaultListOperationsTests.java:86)
Caused by: redis.clients.jedis.exceptions.JedisConnectionException: java.net.ConnectException: Conexão recusada
	at org.springframework.data.redis.core.DefaultListOperationsTests.tearDown(DefaultListOperationsTests.java:86)
Caused by: java.net.ConnectException: Conexão recusada
	at org.springframework.data.redis.core.DefaultListOperationsTests.tearDown(DefaultListOperationsTests.java:86)
</error>
  </testcase>
  <testcase name="leftPushAllShouldThrowExceptionWhenCalledWithNull[1]" classname="org.springframework.data.redis.core.DefaultListOperationsTests" time="0">
    <error message="Cannot get Jedis connection; nested exception is redis.clients.jedis.exceptions.JedisConnectionException: Could not get a resource from the pool" type="org.springframework.data.redis.RedisConnectionFailureException">org.springframework.data.redis.RedisConnectionFailureException: Cannot get Jedis connection; nested exception is redis.clients.jedis.exceptions.JedisConnectionException: Could not get a resource from the pool
	at org.springframework.data.redis.core.DefaultListOperationsTests.tearDown(DefaultListOperationsTests.java:86)
Caused by: redis.clients.jedis.exceptions.JedisConnectionException: Could not get a resource from the pool
	at org.springframework.data.redis.core.DefaultListOperationsTests.tearDown(DefaultListOperationsTests.java:86)
Caused by: redis.clients.jedis.exceptions.JedisConnectionException: java.net.ConnectException: Conexão recusada
	at org.springframework.data.redis.core.DefaultListOperationsTests.tearDown(DefaultListOperationsTests.java:86)
Caused by: java.net.ConnectException: Conexão recusada
	at org.springframework.data.redis.core.DefaultListOperationsTests.tearDown(DefaultListOperationsTests.java:86)
</error>
  </testcase>
  <testcase name="leftPushAllShouldThrowExceptionWhenCalledWithEmptyCollection[1]" classname="org.springframework.data.redis.core.DefaultListOperationsTests" time="0">
    <error message="Cannot get Jedis connection; nested exception is redis.clients.jedis.exceptions.JedisConnectionException: Could not get a resource from the pool" type="org.springframework.data.redis.RedisConnectionFailureException">org.springframework.data.redis.RedisConnectionFailureException: Cannot get Jedis connection; nested exception is redis.clients.jedis.exceptions.JedisConnectionException: Could not get a resource from the pool
	at org.springframework.data.redis.core.DefaultListOperationsTests.tearDown(DefaultListOperationsTests.java:86)
Caused by: redis.clients.jedis.exceptions.JedisConnectionException: Could not get a resource from the pool
	at org.springframework.data.redis.core.DefaultListOperationsTests.tearDown(DefaultListOperationsTests.java:86)
Caused by: redis.clients.jedis.exceptions.JedisConnectionException: java.net.ConnectException: Conexão recusada
	at org.springframework.data.redis.core.DefaultListOperationsTests.tearDown(DefaultListOperationsTests.java:86)
Caused by: java.net.ConnectException: Conexão recusada
	at org.springframework.data.redis.core.DefaultListOperationsTests.tearDown(DefaultListOperationsTests.java:86)
</error>
  </testcase>
  <testcase name="testRightPopAndLeftPushTimeout[1]" classname="org.springframework.data.redis.core.DefaultListOperationsTests" time="0.006">
    <error message="Could not initialize class org.springframework.data.redis.RedisTestProfileValueSource" type="java.lang.NoClassDefFoundError">java.lang.NoClassDefFoundError: Could not initialize class org.springframework.data.redis.RedisTestProfileValueSource
	at org.springframework.data.redis.core.DefaultListOperationsTests.testRightPopAndLeftPushTimeout(DefaultListOperationsTests.java:135)
</error>
  </testcase>
  <testcase name="testRightPopAndLeftPushTimeout[1]" classname="org.springframework.data.redis.core.DefaultListOperationsTests" time="0.006">
    <error message="Cannot get Jedis connection; nested exception is redis.clients.jedis.exceptions.JedisConnectionException: Could not get a resource from the pool" type="org.springframework.data.redis.RedisConnectionFailureException">org.springframework.data.redis.RedisConnectionFailureException: Cannot get Jedis connection; nested exception is redis.clients.jedis.exceptions.JedisConnectionException: Could not get a resource from the pool
	at org.springframework.data.redis.core.DefaultListOperationsTests.tearDown(DefaultListOperationsTests.java:86)
Caused by: redis.clients.jedis.exceptions.JedisConnectionException: Could not get a resource from the pool
	at org.springframework.data.redis.core.DefaultListOperationsTests.tearDown(DefaultListOperationsTests.java:86)
Caused by: redis.clients.jedis.exceptions.JedisConnectionException: java.net.ConnectException: Conexão recusada
	at org.springframework.data.redis.core.DefaultListOperationsTests.tearDown(DefaultListOperationsTests.java:86)
Caused by: java.net.ConnectException: Conexão recusada
	at org.springframework.data.redis.core.DefaultListOperationsTests.tearDown(DefaultListOperationsTests.java:86)
</error>
  </testcase>
  <testcase name="testLeftPushWithPivot[1]" classname="org.springframework.data.redis.core.DefaultListOperationsTests" time="0">
    <error message="Cannot get Jedis connection; nested exception is redis.clients.jedis.exceptions.JedisConnectionException: Could not get a resource from the pool" type="org.springframework.data.redis.RedisConnectionFailureException">org.springframework.data.redis.RedisConnectionFailureException: Cannot get Jedis connection; nested exception is redis.clients.jedis.exceptions.JedisConnectionException: Could not get a resource from the pool
	at org.springframework.data.redis.core.DefaultListOperationsTests.testLeftPushWithPivot(DefaultListOperationsTests.java:103)
Caused by: redis.clients.jedis.exceptions.JedisConnectionException: Could not get a resource from the pool
	at org.springframework.data.redis.core.DefaultListOperationsTests.testLeftPushWithPivot(DefaultListOperationsTests.java:103)
Caused by: redis.clients.jedis.exceptions.JedisConnectionException: java.net.ConnectException: Conexão recusada
	at org.springframework.data.redis.core.DefaultListOperationsTests.testLeftPushWithPivot(DefaultListOperationsTests.java:103)
Caused by: java.net.ConnectException: Conexão recusada
	at org.springframework.data.redis.core.DefaultListOperationsTests.testLeftPushWithPivot(DefaultListOperationsTests.java:103)
</error>
    <system-out><![CDATA[Value122
Value223
Value324
]]></system-out>
  </testcase>
  <testcase name="testLeftPushWithPivot[1]" classname="org.springframework.data.redis.core.DefaultListOperationsTests" time="0">
    <error message="Cannot get Jedis connection; nested exception is redis.clients.jedis.exceptions.JedisConnectionException: Could not get a resource from the pool" type="org.springframework.data.redis.RedisConnectionFailureException">org.springframework.data.redis.RedisConnectionFailureException: Cannot get Jedis connection; nested exception is redis.clients.jedis.exceptions.JedisConnectionException: Could not get a resource from the pool
	at org.springframework.data.redis.core.DefaultListOperationsTests.tearDown(DefaultListOperationsTests.java:86)
Caused by: redis.clients.jedis.exceptions.JedisConnectionException: Could not get a resource from the pool
	at org.springframework.data.redis.core.DefaultListOperationsTests.tearDown(DefaultListOperationsTests.java:86)
Caused by: redis.clients.jedis.exceptions.JedisConnectionException: java.net.ConnectException: Conexão recusada
	at org.springframework.data.redis.core.DefaultListOperationsTests.tearDown(DefaultListOperationsTests.java:86)
Caused by: java.net.ConnectException: Conexão recusada
	at org.springframework.data.redis.core.DefaultListOperationsTests.tearDown(DefaultListOperationsTests.java:86)
</error>
  </testcase>
  <testcase name="rightPushAllShouldThrowExceptionWhenCollectionContainsNullValue[2]" classname="org.springframework.data.redis.core.DefaultListOperationsTests" time="0">
    <error message="Cannot get Jedis connection; nested exception is redis.clients.jedis.exceptions.JedisConnectionException: Could not get a resource from the pool" type="org.springframework.data.redis.RedisConnectionFailureException">org.springframework.data.redis.RedisConnectionFailureException: Cannot get Jedis connection; nested exception is redis.clients.jedis.exceptions.JedisConnectionException: Could not get a resource from the pool
	at org.springframework.data.redis.core.DefaultListOperationsTests.tearDown(DefaultListOperationsTests.java:86)
Caused by: redis.clients.jedis.exceptions.JedisConnectionException: Could not get a resource from the pool
	at org.springframework.data.redis.core.DefaultListOperationsTests.tearDown(DefaultListOperationsTests.java:86)
Caused by: redis.clients.jedis.exceptions.JedisConnectionException: java.net.ConnectException: Conexão recusada
	at org.springframework.data.redis.core.DefaultListOperationsTests.tearDown(DefaultListOperationsTests.java:86)
Caused by: java.net.ConnectException: Conexão recusada
	at org.springframework.data.redis.core.DefaultListOperationsTests.tearDown(DefaultListOperationsTests.java:86)
</error>
  </testcase>
  <testcase name="testLeftPushAll[2]" classname="org.springframework.data.redis.core.DefaultListOperationsTests" time="0">
    <error message="Cannot get Jedis connection; nested exception is redis.clients.jedis.exceptions.JedisConnectionException: Could not get a resource from the pool" type="org.springframework.data.redis.RedisConnectionFailureException">org.springframework.data.redis.RedisConnectionFailureException: Cannot get Jedis connection; nested exception is redis.clients.jedis.exceptions.JedisConnectionException: Could not get a resource from the pool
	at org.springframework.data.redis.core.DefaultListOperationsTests.testLeftPushAll(DefaultListOperationsTests.java:127)
Caused by: redis.clients.jedis.exceptions.JedisConnectionException: Could not get a resource from the pool
	at org.springframework.data.redis.core.DefaultListOperationsTests.testLeftPushAll(DefaultListOperationsTests.java:127)
Caused by: redis.clients.jedis.exceptions.JedisConnectionException: java.net.ConnectException: Conexão recusada
	at org.springframework.data.redis.core.DefaultListOperationsTests.testLeftPushAll(DefaultListOperationsTests.java:127)
Caused by: java.net.ConnectException: Conexão recusada
	at org.springframework.data.redis.core.DefaultListOperationsTests.testLeftPushAll(DefaultListOperationsTests.java:127)
</error>
  </testcase>
  <testcase name="testLeftPushAll[2]" classname="org.springframework.data.redis.core.DefaultListOperationsTests" time="0">
    <error message="Cannot get Jedis connection; nested exception is redis.clients.jedis.exceptions.JedisConnectionException: Could not get a resource from the pool" type="org.springframework.data.redis.RedisConnectionFailureException">org.springframework.data.redis.RedisConnectionFailureException: Cannot get Jedis connection; nested exception is redis.clients.jedis.exceptions.JedisConnectionException: Could not get a resource from the pool
	at org.springframework.data.redis.core.DefaultListOperationsTests.tearDown(DefaultListOperationsTests.java:86)
Caused by: redis.clients.jedis.exceptions.JedisConnectionException: Could not get a resource from the pool
	at org.springframework.data.redis.core.DefaultListOperationsTests.tearDown(DefaultListOperationsTests.java:86)
Caused by: redis.clients.jedis.exceptions.JedisConnectionException: java.net.ConnectException: Conexão recusada
	at org.springframework.data.redis.core.DefaultListOperationsTests.tearDown(DefaultListOperationsTests.java:86)
Caused by: java.net.ConnectException: Conexão recusada
	at org.springframework.data.redis.core.DefaultListOperationsTests.tearDown(DefaultListOperationsTests.java:86)
</error>
  </testcase>
  <testcase name="rightPushAllShouldThrowExceptionWhenCalledWithEmptyCollection[2]" classname="org.springframework.data.redis.core.DefaultListOperationsTests" time="0">
    <error message="Cannot get Jedis connection; nested exception is redis.clients.jedis.exceptions.JedisConnectionException: Could not get a resource from the pool" type="org.springframework.data.redis.RedisConnectionFailureException">org.springframework.data.redis.RedisConnectionFailureException: Cannot get Jedis connection; nested exception is redis.clients.jedis.exceptions.JedisConnectionException: Could not get a resource from the pool
	at org.springframework.data.redis.core.DefaultListOperationsTests.tearDown(DefaultListOperationsTests.java:86)
Caused by: redis.clients.jedis.exceptions.JedisConnectionException: Could not get a resource from the pool
	at org.springframework.data.redis.core.DefaultListOperationsTests.tearDown(DefaultListOperationsTests.java:86)
Caused by: redis.clients.jedis.exceptions.JedisConnectionException: java.net.ConnectException: Conexão recusada
	at org.springframework.data.redis.core.DefaultListOperationsTests.tearDown(DefaultListOperationsTests.java:86)
Caused by: java.net.ConnectException: Conexão recusada
	at org.springframework.data.redis.core.DefaultListOperationsTests.tearDown(DefaultListOperationsTests.java:86)
</error>
  </testcase>
  <testcase name="testRightPushAll[2]" classname="org.springframework.data.redis.core.DefaultListOperationsTests" time="0.002">
    <error message="Cannot get Jedis connection; nested exception is redis.clients.jedis.exceptions.JedisConnectionException: Could not get a resource from the pool" type="org.springframework.data.redis.RedisConnectionFailureException">org.springframework.data.redis.RedisConnectionFailureException: Cannot get Jedis connection; nested exception is redis.clients.jedis.exceptions.JedisConnectionException: Could not get a resource from the pool
	at org.springframework.data.redis.core.DefaultListOperationsTests.testRightPushAll(DefaultListOperationsTests.java:184)
Caused by: redis.clients.jedis.exceptions.JedisConnectionException: Could not get a resource from the pool
	at org.springframework.data.redis.core.DefaultListOperationsTests.testRightPushAll(DefaultListOperationsTests.java:184)
Caused by: redis.clients.jedis.exceptions.JedisConnectionException: java.net.ConnectException: Conexão recusada
	at org.springframework.data.redis.core.DefaultListOperationsTests.testRightPushAll(DefaultListOperationsTests.java:184)
Caused by: java.net.ConnectException: Conexão recusada
	at org.springframework.data.redis.core.DefaultListOperationsTests.testRightPushAll(DefaultListOperationsTests.java:184)
</error>
  </testcase>
  <testcase name="testRightPushAll[2]" classname="org.springframework.data.redis.core.DefaultListOperationsTests" time="0.002">
    <error message="Cannot get Jedis connection; nested exception is redis.clients.jedis.exceptions.JedisConnectionException: Could not get a resource from the pool" type="org.springframework.data.redis.RedisConnectionFailureException">org.springframework.data.redis.RedisConnectionFailureException: Cannot get Jedis connection; nested exception is redis.clients.jedis.exceptions.JedisConnectionException: Could not get a resource from the pool
	at org.springframework.data.redis.core.DefaultListOperationsTests.tearDown(DefaultListOperationsTests.java:86)
Caused by: redis.clients.jedis.exceptions.JedisConnectionException: Could not get a resource from the pool
	at org.springframework.data.redis.core.DefaultListOperationsTests.tearDown(DefaultListOperationsTests.java:86)
Caused by: redis.clients.jedis.exceptions.JedisConnectionException: java.net.ConnectException: Conexão recusada
	at org.springframework.data.redis.core.DefaultListOperationsTests.tearDown(DefaultListOperationsTests.java:86)
Caused by: java.net.ConnectException: Conexão recusada
	at org.springframework.data.redis.core.DefaultListOperationsTests.tearDown(DefaultListOperationsTests.java:86)
</error>
  </testcase>
  <testcase name="testRightPushWithPivot[2]" classname="org.springframework.data.redis.core.DefaultListOperationsTests" time="0.002">
    <error message="Cannot get Jedis connection; nested exception is redis.clients.jedis.exceptions.JedisConnectionException: Could not get a resource from the pool" type="org.springframework.data.redis.RedisConnectionFailureException">org.springframework.data.redis.RedisConnectionFailureException: Cannot get Jedis connection; nested exception is redis.clients.jedis.exceptions.JedisConnectionException: Could not get a resource from the pool
	at org.springframework.data.redis.core.DefaultListOperationsTests.testRightPushWithPivot(DefaultListOperationsTests.java:160)
Caused by: redis.clients.jedis.exceptions.JedisConnectionException: Could not get a resource from the pool
	at org.springframework.data.redis.core.DefaultListOperationsTests.testRightPushWithPivot(DefaultListOperationsTests.java:160)
Caused by: redis.clients.jedis.exceptions.JedisConnectionException: java.net.ConnectException: Conexão recusada
	at org.springframework.data.redis.core.DefaultListOperationsTests.testRightPushWithPivot(DefaultListOperationsTests.java:160)
Caused by: java.net.ConnectException: Conexão recusada
	at org.springframework.data.redis.core.DefaultListOperationsTests.testRightPushWithPivot(DefaultListOperationsTests.java:160)
</error>
  </testcase>
  <testcase name="testRightPushWithPivot[2]" classname="org.springframework.data.redis.core.DefaultListOperationsTests" time="0.002">
    <error message="Cannot get Jedis connection; nested exception is redis.clients.jedis.exceptions.JedisConnectionException: Could not get a resource from the pool" type="org.springframework.data.redis.RedisConnectionFailureException">org.springframework.data.redis.RedisConnectionFailureException: Cannot get Jedis connection; nested exception is redis.clients.jedis.exceptions.JedisConnectionException: Could not get a resource from the pool
	at org.springframework.data.redis.core.DefaultListOperationsTests.tearDown(DefaultListOperationsTests.java:86)
Caused by: redis.clients.jedis.exceptions.JedisConnectionException: Could not get a resource from the pool
	at org.springframework.data.redis.core.DefaultListOperationsTests.tearDown(DefaultListOperationsTests.java:86)
Caused by: redis.clients.jedis.exceptions.JedisConnectionException: java.net.ConnectException: Conexão recusada
	at org.springframework.data.redis.core.DefaultListOperationsTests.tearDown(DefaultListOperationsTests.java:86)
Caused by: java.net.ConnectException: Conexão recusada
	at org.springframework.data.redis.core.DefaultListOperationsTests.tearDown(DefaultListOperationsTests.java:86)
</error>
  </testcase>
  <testcase name="testLeftPushIfPresent[2]" classname="org.springframework.data.redis.core.DefaultListOperationsTests" time="0">
    <error message="Cannot get Jedis connection; nested exception is redis.clients.jedis.exceptions.JedisConnectionException: Could not get a resource from the pool" type="org.springframework.data.redis.RedisConnectionFailureException">org.springframework.data.redis.RedisConnectionFailureException: Cannot get Jedis connection; nested exception is redis.clients.jedis.exceptions.JedisConnectionException: Could not get a resource from the pool
	at org.springframework.data.redis.core.DefaultListOperationsTests.testLeftPushIfPresent(DefaultListOperationsTests.java:114)
Caused by: redis.clients.jedis.exceptions.JedisConnectionException: Could not get a resource from the pool
	at org.springframework.data.redis.core.DefaultListOperationsTests.testLeftPushIfPresent(DefaultListOperationsTests.java:114)
Caused by: redis.clients.jedis.exceptions.JedisConnectionException: java.net.ConnectException: Conexão recusada
	at org.springframework.data.redis.core.DefaultListOperationsTests.testLeftPushIfPresent(DefaultListOperationsTests.java:114)
Caused by: java.net.ConnectException: Conexão recusada
	at org.springframework.data.redis.core.DefaultListOperationsTests.testLeftPushIfPresent(DefaultListOperationsTests.java:114)
</error>
  </testcase>
  <testcase name="testLeftPushIfPresent[2]" classname="org.springframework.data.redis.core.DefaultListOperationsTests" time="0">
    <error message="Cannot get Jedis connection; nested exception is redis.clients.jedis.exceptions.JedisConnectionException: Could not get a resource from the pool" type="org.springframework.data.redis.RedisConnectionFailureException">org.springframework.data.redis.RedisConnectionFailureException: Cannot get Jedis connection; nested exception is redis.clients.jedis.exceptions.JedisConnectionException: Could not get a resource from the pool
	at org.springframework.data.redis.core.DefaultListOperationsTests.tearDown(DefaultListOperationsTests.java:86)
Caused by: redis.clients.jedis.exceptions.JedisConnectionException: Could not get a resource from the pool
	at org.springframework.data.redis.core.DefaultListOperationsTests.tearDown(DefaultListOperationsTests.java:86)
Caused by: redis.clients.jedis.exceptions.JedisConnectionException: java.net.ConnectException: Conexão recusada
	at org.springframework.data.redis.core.DefaultListOperationsTests.tearDown(DefaultListOperationsTests.java:86)
Caused by: java.net.ConnectException: Conexão recusada
	at org.springframework.data.redis.core.DefaultListOperationsTests.tearDown(DefaultListOperationsTests.java:86)
</error>
  </testcase>
  <testcase name="testLeftPushAllCollection[2]" classname="org.springframework.data.redis.core.DefaultListOperationsTests" time="0.002">
    <error message="Cannot get Jedis connection; nested exception is redis.clients.jedis.exceptions.JedisConnectionException: Could not get a resource from the pool" type="org.springframework.data.redis.RedisConnectionFailureException">org.springframework.data.redis.RedisConnectionFailureException: Cannot get Jedis connection; nested exception is redis.clients.jedis.exceptions.JedisConnectionException: Could not get a resource from the pool
	at org.springframework.data.redis.core.DefaultListOperationsTests.testLeftPushAllCollection(DefaultListOperationsTests.java:244)
Caused by: redis.clients.jedis.exceptions.JedisConnectionException: Could not get a resource from the pool
	at org.springframework.data.redis.core.DefaultListOperationsTests.testLeftPushAllCollection(DefaultListOperationsTests.java:244)
Caused by: redis.clients.jedis.exceptions.JedisConnectionException: java.net.ConnectException: Conexão recusada
	at org.springframework.data.redis.core.DefaultListOperationsTests.testLeftPushAllCollection(DefaultListOperationsTests.java:244)
Caused by: java.net.ConnectException: Conexão recusada
	at org.springframework.data.redis.core.DefaultListOperationsTests.testLeftPushAllCollection(DefaultListOperationsTests.java:244)
</error>
  </testcase>
  <testcase name="testLeftPushAllCollection[2]" classname="org.springframework.data.redis.core.DefaultListOperationsTests" time="0.002">
    <error message="Cannot get Jedis connection; nested exception is redis.clients.jedis.exceptions.JedisConnectionException: Could not get a resource from the pool" type="org.springframework.data.redis.RedisConnectionFailureException">org.springframework.data.redis.RedisConnectionFailureException: Cannot get Jedis connection; nested exception is redis.clients.jedis.exceptions.JedisConnectionException: Could not get a resource from the pool
	at org.springframework.data.redis.core.DefaultListOperationsTests.tearDown(DefaultListOperationsTests.java:86)
Caused by: redis.clients.jedis.exceptions.JedisConnectionException: Could not get a resource from the pool
	at org.springframework.data.redis.core.DefaultListOperationsTests.tearDown(DefaultListOperationsTests.java:86)
Caused by: redis.clients.jedis.exceptions.JedisConnectionException: java.net.ConnectException: Conexão recusada
	at org.springframework.data.redis.core.DefaultListOperationsTests.tearDown(DefaultListOperationsTests.java:86)
Caused by: java.net.ConnectException: Conexão recusada
	at org.springframework.data.redis.core.DefaultListOperationsTests.tearDown(DefaultListOperationsTests.java:86)
</error>
  </testcase>
  <testcase name="testRightPushIfPresent[2]" classname="org.springframework.data.redis.core.DefaultListOperationsTests" time="0.002">
    <error message="Cannot get Jedis connection; nested exception is redis.clients.jedis.exceptions.JedisConnectionException: Could not get a resource from the pool" type="org.springframework.data.redis.RedisConnectionFailureException">org.springframework.data.redis.RedisConnectionFailureException: Cannot get Jedis connection; nested exception is redis.clients.jedis.exceptions.JedisConnectionException: Could not get a resource from the pool
	at org.springframework.data.redis.core.DefaultListOperationsTests.testRightPushIfPresent(DefaultListOperationsTests.java:171)
Caused by: redis.clients.jedis.exceptions.JedisConnectionException: Could not get a resource from the pool
	at org.springframework.data.redis.core.DefaultListOperationsTests.testRightPushIfPresent(DefaultListOperationsTests.java:171)
Caused by: redis.clients.jedis.exceptions.JedisConnectionException: java.net.ConnectException: Conexão recusada
	at org.springframework.data.redis.core.DefaultListOperationsTests.testRightPushIfPresent(DefaultListOperationsTests.java:171)
Caused by: java.net.ConnectException: Conexão recusada
	at org.springframework.data.redis.core.DefaultListOperationsTests.testRightPushIfPresent(DefaultListOperationsTests.java:171)
</error>
  </testcase>
  <testcase name="testRightPushIfPresent[2]" classname="org.springframework.data.redis.core.DefaultListOperationsTests" time="0.002">
    <error message="Cannot get Jedis connection; nested exception is redis.clients.jedis.exceptions.JedisConnectionException: Could not get a resource from the pool" type="org.springframework.data.redis.RedisConnectionFailureException">org.springframework.data.redis.RedisConnectionFailureException: Cannot get Jedis connection; nested exception is redis.clients.jedis.exceptions.JedisConnectionException: Could not get a resource from the pool
	at org.springframework.data.redis.core.DefaultListOperationsTests.tearDown(DefaultListOperationsTests.java:86)
Caused by: redis.clients.jedis.exceptions.JedisConnectionException: Could not get a resource from the pool
	at org.springframework.data.redis.core.DefaultListOperationsTests.tearDown(DefaultListOperationsTests.java:86)
Caused by: redis.clients.jedis.exceptions.JedisConnectionException: java.net.ConnectException: Conexão recusada
	at org.springframework.data.redis.core.DefaultListOperationsTests.tearDown(DefaultListOperationsTests.java:86)
Caused by: java.net.ConnectException: Conexão recusada
	at org.springframework.data.redis.core.DefaultListOperationsTests.tearDown(DefaultListOperationsTests.java:86)
</error>
  </testcase>
  <testcase name="testRightPushAllCollection[2]" classname="org.springframework.data.redis.core.DefaultListOperationsTests" time="0.001">
    <error message="Cannot get Jedis connection; nested exception is redis.clients.jedis.exceptions.JedisConnectionException: Could not get a resource from the pool" type="org.springframework.data.redis.RedisConnectionFailureException">org.springframework.data.redis.RedisConnectionFailureException: Cannot get Jedis connection; nested exception is redis.clients.jedis.exceptions.JedisConnectionException: Could not get a resource from the pool
	at org.springframework.data.redis.core.DefaultListOperationsTests.testRightPushAllCollection(DefaultListOperationsTests.java:202)
Caused by: redis.clients.jedis.exceptions.JedisConnectionException: Could not get a resource from the pool
	at org.springframework.data.redis.core.DefaultListOperationsTests.testRightPushAllCollection(DefaultListOperationsTests.java:202)
Caused by: redis.clients.jedis.exceptions.JedisConnectionException: java.net.ConnectException: Conexão recusada
	at org.springframework.data.redis.core.DefaultListOperationsTests.testRightPushAllCollection(DefaultListOperationsTests.java:202)
Caused by: java.net.ConnectException: Conexão recusada
	at org.springframework.data.redis.core.DefaultListOperationsTests.testRightPushAllCollection(DefaultListOperationsTests.java:202)
</error>
  </testcase>
  <testcase name="testRightPushAllCollection[2]" classname="org.springframework.data.redis.core.DefaultListOperationsTests" time="0.001">
    <error message="Cannot get Jedis connection; nested exception is redis.clients.jedis.exceptions.JedisConnectionException: Could not get a resource from the pool" type="org.springframework.data.redis.RedisConnectionFailureException">org.springframework.data.redis.RedisConnectionFailureException: Cannot get Jedis connection; nested exception is redis.clients.jedis.exceptions.JedisConnectionException: Could not get a resource from the pool
	at org.springframework.data.redis.core.DefaultListOperationsTests.tearDown(DefaultListOperationsTests.java:86)
Caused by: redis.clients.jedis.exceptions.JedisConnectionException: Could not get a resource from the pool
	at org.springframework.data.redis.core.DefaultListOperationsTests.tearDown(DefaultListOperationsTests.java:86)
Caused by: redis.clients.jedis.exceptions.JedisConnectionException: java.net.ConnectException: Conexão recusada
	at org.springframework.data.redis.core.DefaultListOperationsTests.tearDown(DefaultListOperationsTests.java:86)
Caused by: java.net.ConnectException: Conexão recusada
	at org.springframework.data.redis.core.DefaultListOperationsTests.tearDown(DefaultListOperationsTests.java:86)
</error>
  </testcase>
  <testcase name="testRightPopAndLeftPush[2]" classname="org.springframework.data.redis.core.DefaultListOperationsTests" time="0.001">
    <error message="Cannot get Jedis connection; nested exception is redis.clients.jedis.exceptions.JedisConnectionException: Could not get a resource from the pool" type="org.springframework.data.redis.RedisConnectionFailureException">org.springframework.data.redis.RedisConnectionFailureException: Cannot get Jedis connection; nested exception is redis.clients.jedis.exceptions.JedisConnectionException: Could not get a resource from the pool
	at org.springframework.data.redis.core.DefaultListOperationsTests.testRightPopAndLeftPush(DefaultListOperationsTests.java:149)
Caused by: redis.clients.jedis.exceptions.JedisConnectionException: Could not get a resource from the pool
	at org.springframework.data.redis.core.DefaultListOperationsTests.testRightPopAndLeftPush(DefaultListOperationsTests.java:149)
Caused by: redis.clients.jedis.exceptions.JedisConnectionException: java.net.ConnectException: Conexão recusada
	at org.springframework.data.redis.core.DefaultListOperationsTests.testRightPopAndLeftPush(DefaultListOperationsTests.java:149)
Caused by: java.net.ConnectException: Conexão recusada
	at org.springframework.data.redis.core.DefaultListOperationsTests.testRightPopAndLeftPush(DefaultListOperationsTests.java:149)
</error>
  </testcase>
  <testcase name="testRightPopAndLeftPush[2]" classname="org.springframework.data.redis.core.DefaultListOperationsTests" time="0.001">
    <error message="Cannot get Jedis connection; nested exception is redis.clients.jedis.exceptions.JedisConnectionException: Could not get a resource from the pool" type="org.springframework.data.redis.RedisConnectionFailureException">org.springframework.data.redis.RedisConnectionFailureException: Cannot get Jedis connection; nested exception is redis.clients.jedis.exceptions.JedisConnectionException: Could not get a resource from the pool
	at org.springframework.data.redis.core.DefaultListOperationsTests.tearDown(DefaultListOperationsTests.java:86)
Caused by: redis.clients.jedis.exceptions.JedisConnectionException: Could not get a resource from the pool
	at org.springframework.data.redis.core.DefaultListOperationsTests.tearDown(DefaultListOperationsTests.java:86)
Caused by: redis.clients.jedis.exceptions.JedisConnectionException: java.net.ConnectException: Conexão recusada
	at org.springframework.data.redis.core.DefaultListOperationsTests.tearDown(DefaultListOperationsTests.java:86)
Caused by: java.net.ConnectException: Conexão recusada
	at org.springframework.data.redis.core.DefaultListOperationsTests.tearDown(DefaultListOperationsTests.java:86)
</error>
  </testcase>
  <testcase name="leftPushAllShouldThrowExceptionWhenCollectionContainsNullValue[2]" classname="org.springframework.data.redis.core.DefaultListOperationsTests" time="0.004">
    <error message="Cannot get Jedis connection; nested exception is redis.clients.jedis.exceptions.JedisConnectionException: Could not get a resource from the pool" type="org.springframework.data.redis.RedisConnectionFailureException">org.springframework.data.redis.RedisConnectionFailureException: Cannot get Jedis connection; nested exception is redis.clients.jedis.exceptions.JedisConnectionException: Could not get a resource from the pool
	at org.springframework.data.redis.core.DefaultListOperationsTests.tearDown(DefaultListOperationsTests.java:86)
Caused by: redis.clients.jedis.exceptions.JedisConnectionException: Could not get a resource from the pool
	at org.springframework.data.redis.core.DefaultListOperationsTests.tearDown(DefaultListOperationsTests.java:86)
Caused by: redis.clients.jedis.exceptions.JedisConnectionException: java.net.ConnectException: Conexão recusada
	at org.springframework.data.redis.core.DefaultListOperationsTests.tearDown(DefaultListOperationsTests.java:86)
Caused by: java.net.ConnectException: Conexão recusada
	at org.springframework.data.redis.core.DefaultListOperationsTests.tearDown(DefaultListOperationsTests.java:86)
</error>
  </testcase>
  <testcase name="rightPushAllShouldThrowExceptionWhenCalledWithNull[2]" classname="org.springframework.data.redis.core.DefaultListOperationsTests" time="0">
    <error message="Cannot get Jedis connection; nested exception is redis.clients.jedis.exceptions.JedisConnectionException: Could not get a resource from the pool" type="org.springframework.data.redis.RedisConnectionFailureException">org.springframework.data.redis.RedisConnectionFailureException: Cannot get Jedis connection; nested exception is redis.clients.jedis.exceptions.JedisConnectionException: Could not get a resource from the pool
	at org.springframework.data.redis.core.DefaultListOperationsTests.tearDown(DefaultListOperationsTests.java:86)
Caused by: redis.clients.jedis.exceptions.JedisConnectionException: Could not get a resource from the pool
	at org.springframework.data.redis.core.DefaultListOperationsTests.tearDown(DefaultListOperationsTests.java:86)
Caused by: redis.clients.jedis.exceptions.JedisConnectionException: java.net.ConnectException: Conexão recusada
	at org.springframework.data.redis.core.DefaultListOperationsTests.tearDown(DefaultListOperationsTests.java:86)
Caused by: java.net.ConnectException: Conexão recusada
	at org.springframework.data.redis.core.DefaultListOperationsTests.tearDown(DefaultListOperationsTests.java:86)
</error>
  </testcase>
  <testcase name="leftPushAllShouldThrowExceptionWhenCalledWithNull[2]" classname="org.springframework.data.redis.core.DefaultListOperationsTests" time="0">
    <error message="Cannot get Jedis connection; nested exception is redis.clients.jedis.exceptions.JedisConnectionException: Could not get a resource from the pool" type="org.springframework.data.redis.RedisConnectionFailureException">org.springframework.data.redis.RedisConnectionFailureException: Cannot get Jedis connection; nested exception is redis.clients.jedis.exceptions.JedisConnectionException: Could not get a resource from the pool
	at org.springframework.data.redis.core.DefaultListOperationsTests.tearDown(DefaultListOperationsTests.java:86)
Caused by: redis.clients.jedis.exceptions.JedisConnectionException: Could not get a resource from the pool
	at org.springframework.data.redis.core.DefaultListOperationsTests.tearDown(DefaultListOperationsTests.java:86)
Caused by: redis.clients.jedis.exceptions.JedisConnectionException: java.net.ConnectException: Conexão recusada
	at org.springframework.data.redis.core.DefaultListOperationsTests.tearDown(DefaultListOperationsTests.java:86)
Caused by: java.net.ConnectException: Conexão recusada
	at org.springframework.data.redis.core.DefaultListOperationsTests.tearDown(DefaultListOperationsTests.java:86)
</error>
  </testcase>
  <testcase name="leftPushAllShouldThrowExceptionWhenCalledWithEmptyCollection[2]" classname="org.springframework.data.redis.core.DefaultListOperationsTests" time="0">
    <error message="Cannot get Jedis connection; nested exception is redis.clients.jedis.exceptions.JedisConnectionException: Could not get a resource from the pool" type="org.springframework.data.redis.RedisConnectionFailureException">org.springframework.data.redis.RedisConnectionFailureException: Cannot get Jedis connection; nested exception is redis.clients.jedis.exceptions.JedisConnectionException: Could not get a resource from the pool
	at org.springframework.data.redis.core.DefaultListOperationsTests.tearDown(DefaultListOperationsTests.java:86)
Caused by: redis.clients.jedis.exceptions.JedisConnectionException: Could not get a resource from the pool
	at org.springframework.data.redis.core.DefaultListOperationsTests.tearDown(DefaultListOperationsTests.java:86)
Caused by: redis.clients.jedis.exceptions.JedisConnectionException: java.net.ConnectException: Conexão recusada
	at org.springframework.data.redis.core.DefaultListOperationsTests.tearDown(DefaultListOperationsTests.java:86)
Caused by: java.net.ConnectException: Conexão recusada
	at org.springframework.data.redis.core.DefaultListOperationsTests.tearDown(DefaultListOperationsTests.java:86)
</error>
  </testcase>
  <testcase name="testRightPopAndLeftPushTimeout[2]" classname="org.springframework.data.redis.core.DefaultListOperationsTests" time="0.001">
    <error message="Could not initialize class org.springframework.data.redis.RedisTestProfileValueSource" type="java.lang.NoClassDefFoundError">java.lang.NoClassDefFoundError: Could not initialize class org.springframework.data.redis.RedisTestProfileValueSource
	at org.springframework.data.redis.core.DefaultListOperationsTests.testRightPopAndLeftPushTimeout(DefaultListOperationsTests.java:135)
</error>
  </testcase>
  <testcase name="testRightPopAndLeftPushTimeout[2]" classname="org.springframework.data.redis.core.DefaultListOperationsTests" time="0.001">
    <error message="Cannot get Jedis connection; nested exception is redis.clients.jedis.exceptions.JedisConnectionException: Could not get a resource from the pool" type="org.springframework.data.redis.RedisConnectionFailureException">org.springframework.data.redis.RedisConnectionFailureException: Cannot get Jedis connection; nested exception is redis.clients.jedis.exceptions.JedisConnectionException: Could not get a resource from the pool
	at org.springframework.data.redis.core.DefaultListOperationsTests.tearDown(DefaultListOperationsTests.java:86)
Caused by: redis.clients.jedis.exceptions.JedisConnectionException: Could not get a resource from the pool
	at org.springframework.data.redis.core.DefaultListOperationsTests.tearDown(DefaultListOperationsTests.java:86)
Caused by: redis.clients.jedis.exceptions.JedisConnectionException: java.net.ConnectException: Conexão recusada
	at org.springframework.data.redis.core.DefaultListOperationsTests.tearDown(DefaultListOperationsTests.java:86)
Caused by: java.net.ConnectException: Conexão recusada
	at org.springframework.data.redis.core.DefaultListOperationsTests.tearDown(DefaultListOperationsTests.java:86)
</error>
  </testcase>
  <testcase name="testLeftPushWithPivot[2]" classname="org.springframework.data.redis.core.DefaultListOperationsTests" time="0">
    <error message="Cannot get Jedis connection; nested exception is redis.clients.jedis.exceptions.JedisConnectionException: Could not get a resource from the pool" type="org.springframework.data.redis.RedisConnectionFailureException">org.springframework.data.redis.RedisConnectionFailureException: Cannot get Jedis connection; nested exception is redis.clients.jedis.exceptions.JedisConnectionException: Could not get a resource from the pool
	at org.springframework.data.redis.core.DefaultListOperationsTests.testLeftPushWithPivot(DefaultListOperationsTests.java:103)
Caused by: redis.clients.jedis.exceptions.JedisConnectionException: Could not get a resource from the pool
	at org.springframework.data.redis.core.DefaultListOperationsTests.testLeftPushWithPivot(DefaultListOperationsTests.java:103)
Caused by: redis.clients.jedis.exceptions.JedisConnectionException: java.net.ConnectException: Conexão recusada
	at org.springframework.data.redis.core.DefaultListOperationsTests.testLeftPushWithPivot(DefaultListOperationsTests.java:103)
Caused by: java.net.ConnectException: Conexão recusada
	at org.springframework.data.redis.core.DefaultListOperationsTests.testLeftPushWithPivot(DefaultListOperationsTests.java:103)
</error>
    <system-out><![CDATA[Value122.0
Value223.0
Value324.0
]]></system-out>
  </testcase>
  <testcase name="testLeftPushWithPivot[2]" classname="org.springframework.data.redis.core.DefaultListOperationsTests" time="0">
    <error message="Cannot get Jedis connection; nested exception is redis.clients.jedis.exceptions.JedisConnectionException: Could not get a resource from the pool" type="org.springframework.data.redis.RedisConnectionFailureException">org.springframework.data.redis.RedisConnectionFailureException: Cannot get Jedis connection; nested exception is redis.clients.jedis.exceptions.JedisConnectionException: Could not get a resource from the pool
	at org.springframework.data.redis.core.DefaultListOperationsTests.tearDown(DefaultListOperationsTests.java:86)
Caused by: redis.clients.jedis.exceptions.JedisConnectionException: Could not get a resource from the pool
	at org.springframework.data.redis.core.DefaultListOperationsTests.tearDown(DefaultListOperationsTests.java:86)
Caused by: redis.clients.jedis.exceptions.JedisConnectionException: java.net.ConnectException: Conexão recusada
	at org.springframework.data.redis.core.DefaultListOperationsTests.tearDown(DefaultListOperationsTests.java:86)
Caused by: java.net.ConnectException: Conexão recusada
	at org.springframework.data.redis.core.DefaultListOperationsTests.tearDown(DefaultListOperationsTests.java:86)
</error>
  </testcase>
  <testcase name="rightPushAllShouldThrowExceptionWhenCollectionContainsNullValue[3]" classname="org.springframework.data.redis.core.DefaultListOperationsTests" time="0.001">
    <error message="Cannot get Jedis connection; nested exception is redis.clients.jedis.exceptions.JedisConnectionException: Could not get a resource from the pool" type="org.springframework.data.redis.RedisConnectionFailureException">org.springframework.data.redis.RedisConnectionFailureException: Cannot get Jedis connection; nested exception is redis.clients.jedis.exceptions.JedisConnectionException: Could not get a resource from the pool
	at org.springframework.data.redis.core.DefaultListOperationsTests.tearDown(DefaultListOperationsTests.java:86)
Caused by: redis.clients.jedis.exceptions.JedisConnectionException: Could not get a resource from the pool
	at org.springframework.data.redis.core.DefaultListOperationsTests.tearDown(DefaultListOperationsTests.java:86)
Caused by: redis.clients.jedis.exceptions.JedisConnectionException: java.net.ConnectException: Conexão recusada
	at org.springframework.data.redis.core.DefaultListOperationsTests.tearDown(DefaultListOperationsTests.java:86)
Caused by: java.net.ConnectException: Conexão recusada
	at org.springframework.data.redis.core.DefaultListOperationsTests.tearDown(DefaultListOperationsTests.java:86)
</error>
  </testcase>
  <testcase name="testLeftPushAll[3]" classname="org.springframework.data.redis.core.DefaultListOperationsTests" time="0.001">
    <error message="Cannot get Jedis connection; nested exception is redis.clients.jedis.exceptions.JedisConnectionException: Could not get a resource from the pool" type="org.springframework.data.redis.RedisConnectionFailureException">org.springframework.data.redis.RedisConnectionFailureException: Cannot get Jedis connection; nested exception is redis.clients.jedis.exceptions.JedisConnectionException: Could not get a resource from the pool
	at org.springframework.data.redis.core.DefaultListOperationsTests.testLeftPushAll(DefaultListOperationsTests.java:127)
Caused by: redis.clients.jedis.exceptions.JedisConnectionException: Could not get a resource from the pool
	at org.springframework.data.redis.core.DefaultListOperationsTests.testLeftPushAll(DefaultListOperationsTests.java:127)
Caused by: redis.clients.jedis.exceptions.JedisConnectionException: java.net.ConnectException: Conexão recusada
	at org.springframework.data.redis.core.DefaultListOperationsTests.testLeftPushAll(DefaultListOperationsTests.java:127)
Caused by: java.net.ConnectException: Conexão recusada
	at org.springframework.data.redis.core.DefaultListOperationsTests.testLeftPushAll(DefaultListOperationsTests.java:127)
</error>
  </testcase>
  <testcase name="testLeftPushAll[3]" classname="org.springframework.data.redis.core.DefaultListOperationsTests" time="0.002">
    <error message="Cannot get Jedis connection; nested exception is redis.clients.jedis.exceptions.JedisConnectionException: Could not get a resource from the pool" type="org.springframework.data.redis.RedisConnectionFailureException">org.springframework.data.redis.RedisConnectionFailureException: Cannot get Jedis connection; nested exception is redis.clients.jedis.exceptions.JedisConnectionException: Could not get a resource from the pool
	at org.springframework.data.redis.core.DefaultListOperationsTests.tearDown(DefaultListOperationsTests.java:86)
Caused by: redis.clients.jedis.exceptions.JedisConnectionException: Could not get a resource from the pool
	at org.springframework.data.redis.core.DefaultListOperationsTests.tearDown(DefaultListOperationsTests.java:86)
Caused by: redis.clients.jedis.exceptions.JedisConnectionException: java.net.ConnectException: Conexão recusada
	at org.springframework.data.redis.core.DefaultListOperationsTests.tearDown(DefaultListOperationsTests.java:86)
Caused by: java.net.ConnectException: Conexão recusada
	at org.springframework.data.redis.core.DefaultListOperationsTests.tearDown(DefaultListOperationsTests.java:86)
</error>
  </testcase>
  <testcase name="rightPushAllShouldThrowExceptionWhenCalledWithEmptyCollection[3]" classname="org.springframework.data.redis.core.DefaultListOperationsTests" time="0">
    <error message="Cannot get Jedis connection; nested exception is redis.clients.jedis.exceptions.JedisConnectionException: Could not get a resource from the pool" type="org.springframework.data.redis.RedisConnectionFailureException">org.springframework.data.redis.RedisConnectionFailureException: Cannot get Jedis connection; nested exception is redis.clients.jedis.exceptions.JedisConnectionException: Could not get a resource from the pool
	at org.springframework.data.redis.core.DefaultListOperationsTests.tearDown(DefaultListOperationsTests.java:86)
Caused by: redis.clients.jedis.exceptions.JedisConnectionException: Could not get a resource from the pool
	at org.springframework.data.redis.core.DefaultListOperationsTests.tearDown(DefaultListOperationsTests.java:86)
Caused by: redis.clients.jedis.exceptions.JedisConnectionException: java.net.ConnectException: Conexão recusada
	at org.springframework.data.redis.core.DefaultListOperationsTests.tearDown(DefaultListOperationsTests.java:86)
Caused by: java.net.ConnectException: Conexão recusada
	at org.springframework.data.redis.core.DefaultListOperationsTests.tearDown(DefaultListOperationsTests.java:86)
</error>
  </testcase>
  <testcase name="testRightPushAll[3]" classname="org.springframework.data.redis.core.DefaultListOperationsTests" time="0.001">
    <error message="Cannot get Jedis connection; nested exception is redis.clients.jedis.exceptions.JedisConnectionException: Could not get a resource from the pool" type="org.springframework.data.redis.RedisConnectionFailureException">org.springframework.data.redis.RedisConnectionFailureException: Cannot get Jedis connection; nested exception is redis.clients.jedis.exceptions.JedisConnectionException: Could not get a resource from the pool
	at org.springframework.data.redis.core.DefaultListOperationsTests.testRightPushAll(DefaultListOperationsTests.java:184)
Caused by: redis.clients.jedis.exceptions.JedisConnectionException: Could not get a resource from the pool
	at org.springframework.data.redis.core.DefaultListOperationsTests.testRightPushAll(DefaultListOperationsTests.java:184)
Caused by: redis.clients.jedis.exceptions.JedisConnectionException: java.net.ConnectException: Conexão recusada
	at org.springframework.data.redis.core.DefaultListOperationsTests.testRightPushAll(DefaultListOperationsTests.java:184)
Caused by: java.net.ConnectException: Conexão recusada
	at org.springframework.data.redis.core.DefaultListOperationsTests.testRightPushAll(DefaultListOperationsTests.java:184)
</error>
  </testcase>
  <testcase name="testRightPushAll[3]" classname="org.springframework.data.redis.core.DefaultListOperationsTests" time="0.001">
    <error message="Cannot get Jedis connection; nested exception is redis.clients.jedis.exceptions.JedisConnectionException: Could not get a resource from the pool" type="org.springframework.data.redis.RedisConnectionFailureException">org.springframework.data.redis.RedisConnectionFailureException: Cannot get Jedis connection; nested exception is redis.clients.jedis.exceptions.JedisConnectionException: Could not get a resource from the pool
	at org.springframework.data.redis.core.DefaultListOperationsTests.tearDown(DefaultListOperationsTests.java:86)
Caused by: redis.clients.jedis.exceptions.JedisConnectionException: Could not get a resource from the pool
	at org.springframework.data.redis.core.DefaultListOperationsTests.tearDown(DefaultListOperationsTests.java:86)
Caused by: redis.clients.jedis.exceptions.JedisConnectionException: java.net.ConnectException: Conexão recusada
	at org.springframework.data.redis.core.DefaultListOperationsTests.tearDown(DefaultListOperationsTests.java:86)
Caused by: java.net.ConnectException: Conexão recusada
	at org.springframework.data.redis.core.DefaultListOperationsTests.tearDown(DefaultListOperationsTests.java:86)
</error>
  </testcase>
  <testcase name="testRightPushWithPivot[3]" classname="org.springframework.data.redis.core.DefaultListOperationsTests" time="0.001">
    <error message="Cannot get Jedis connection; nested exception is redis.clients.jedis.exceptions.JedisConnectionException: Could not get a resource from the pool" type="org.springframework.data.redis.RedisConnectionFailureException">org.springframework.data.redis.RedisConnectionFailureException: Cannot get Jedis connection; nested exception is redis.clients.jedis.exceptions.JedisConnectionException: Could not get a resource from the pool
	at org.springframework.data.redis.core.DefaultListOperationsTests.testRightPushWithPivot(DefaultListOperationsTests.java:160)
Caused by: redis.clients.jedis.exceptions.JedisConnectionException: Could not get a resource from the pool
	at org.springframework.data.redis.core.DefaultListOperationsTests.testRightPushWithPivot(DefaultListOperationsTests.java:160)
Caused by: redis.clients.jedis.exceptions.JedisConnectionException: java.net.ConnectException: Conexão recusada
	at org.springframework.data.redis.core.DefaultListOperationsTests.testRightPushWithPivot(DefaultListOperationsTests.java:160)
Caused by: java.net.ConnectException: Conexão recusada
	at org.springframework.data.redis.core.DefaultListOperationsTests.testRightPushWithPivot(DefaultListOperationsTests.java:160)
</error>
  </testcase>
  <testcase name="testRightPushWithPivot[3]" classname="org.springframework.data.redis.core.DefaultListOperationsTests" time="0.001">
    <error message="Cannot get Jedis connection; nested exception is redis.clients.jedis.exceptions.JedisConnectionException: Could not get a resource from the pool" type="org.springframework.data.redis.RedisConnectionFailureException">org.springframework.data.redis.RedisConnectionFailureException: Cannot get Jedis connection; nested exception is redis.clients.jedis.exceptions.JedisConnectionException: Could not get a resource from the pool
	at org.springframework.data.redis.core.DefaultListOperationsTests.tearDown(DefaultListOperationsTests.java:86)
Caused by: redis.clients.jedis.exceptions.JedisConnectionException: Could not get a resource from the pool
	at org.springframework.data.redis.core.DefaultListOperationsTests.tearDown(DefaultListOperationsTests.java:86)
Caused by: redis.clients.jedis.exceptions.JedisConnectionException: java.net.ConnectException: Conexão recusada
	at org.springframework.data.redis.core.DefaultListOperationsTests.tearDown(DefaultListOperationsTests.java:86)
Caused by: java.net.ConnectException: Conexão recusada
	at org.springframework.data.redis.core.DefaultListOperationsTests.tearDown(DefaultListOperationsTests.java:86)
</error>
  </testcase>
  <testcase name="testLeftPushIfPresent[3]" classname="org.springframework.data.redis.core.DefaultListOperationsTests" time="0.001">
    <error message="Cannot get Jedis connection; nested exception is redis.clients.jedis.exceptions.JedisConnectionException: Could not get a resource from the pool" type="org.springframework.data.redis.RedisConnectionFailureException">org.springframework.data.redis.RedisConnectionFailureException: Cannot get Jedis connection; nested exception is redis.clients.jedis.exceptions.JedisConnectionException: Could not get a resource from the pool
	at org.springframework.data.redis.core.DefaultListOperationsTests.testLeftPushIfPresent(DefaultListOperationsTests.java:114)
Caused by: redis.clients.jedis.exceptions.JedisConnectionException: Could not get a resource from the pool
	at org.springframework.data.redis.core.DefaultListOperationsTests.testLeftPushIfPresent(DefaultListOperationsTests.java:114)
Caused by: redis.clients.jedis.exceptions.JedisConnectionException: java.net.ConnectException: Conexão recusada
	at org.springframework.data.redis.core.DefaultListOperationsTests.testLeftPushIfPresent(DefaultListOperationsTests.java:114)
Caused by: java.net.ConnectException: Conexão recusada
	at org.springframework.data.redis.core.DefaultListOperationsTests.testLeftPushIfPresent(DefaultListOperationsTests.java:114)
</error>
  </testcase>
  <testcase name="testLeftPushIfPresent[3]" classname="org.springframework.data.redis.core.DefaultListOperationsTests" time="0.001">
    <error message="Cannot get Jedis connection; nested exception is redis.clients.jedis.exceptions.JedisConnectionException: Could not get a resource from the pool" type="org.springframework.data.redis.RedisConnectionFailureException">org.springframework.data.redis.RedisConnectionFailureException: Cannot get Jedis connection; nested exception is redis.clients.jedis.exceptions.JedisConnectionException: Could not get a resource from the pool
	at org.springframework.data.redis.core.DefaultListOperationsTests.tearDown(DefaultListOperationsTests.java:86)
Caused by: redis.clients.jedis.exceptions.JedisConnectionException: Could not get a resource from the pool
	at org.springframework.data.redis.core.DefaultListOperationsTests.tearDown(DefaultListOperationsTests.java:86)
Caused by: redis.clients.jedis.exceptions.JedisConnectionException: java.net.ConnectException: Conexão recusada
	at org.springframework.data.redis.core.DefaultListOperationsTests.tearDown(DefaultListOperationsTests.java:86)
Caused by: java.net.ConnectException: Conexão recusada
	at org.springframework.data.redis.core.DefaultListOperationsTests.tearDown(DefaultListOperationsTests.java:86)
</error>
  </testcase>
  <testcase name="testLeftPushAllCollection[3]" classname="org.springframework.data.redis.core.DefaultListOperationsTests" time="0">
    <error message="Cannot get Jedis connection; nested exception is redis.clients.jedis.exceptions.JedisConnectionException: Could not get a resource from the pool" type="org.springframework.data.redis.RedisConnectionFailureException">org.springframework.data.redis.RedisConnectionFailureException: Cannot get Jedis connection; nested exception is redis.clients.jedis.exceptions.JedisConnectionException: Could not get a resource from the pool
	at org.springframework.data.redis.core.DefaultListOperationsTests.testLeftPushAllCollection(DefaultListOperationsTests.java:244)
Caused by: redis.clients.jedis.exceptions.JedisConnectionException: Could not get a resource from the pool
	at org.springframework.data.redis.core.DefaultListOperationsTests.testLeftPushAllCollection(DefaultListOperationsTests.java:244)
Caused by: redis.clients.jedis.exceptions.JedisConnectionException: java.net.ConnectException: Conexão recusada
	at org.springframework.data.redis.core.DefaultListOperationsTests.testLeftPushAllCollection(DefaultListOperationsTests.java:244)
Caused by: java.net.ConnectException: Conexão recusada
	at org.springframework.data.redis.core.DefaultListOperationsTests.testLeftPushAllCollection(DefaultListOperationsTests.java:244)
</error>
  </testcase>
  <testcase name="testLeftPushAllCollection[3]" classname="org.springframework.data.redis.core.DefaultListOperationsTests" time="0">
    <error message="Cannot get Jedis connection; nested exception is redis.clients.jedis.exceptions.JedisConnectionException: Could not get a resource from the pool" type="org.springframework.data.redis.RedisConnectionFailureException">org.springframework.data.redis.RedisConnectionFailureException: Cannot get Jedis connection; nested exception is redis.clients.jedis.exceptions.JedisConnectionException: Could not get a resource from the pool
	at org.springframework.data.redis.core.DefaultListOperationsTests.tearDown(DefaultListOperationsTests.java:86)
Caused by: redis.clients.jedis.exceptions.JedisConnectionException: Could not get a resource from the pool
	at org.springframework.data.redis.core.DefaultListOperationsTests.tearDown(DefaultListOperationsTests.java:86)
Caused by: redis.clients.jedis.exceptions.JedisConnectionException: java.net.ConnectException: Conexão recusada
	at org.springframework.data.redis.core.DefaultListOperationsTests.tearDown(DefaultListOperationsTests.java:86)
Caused by: java.net.ConnectException: Conexão recusada
	at org.springframework.data.redis.core.DefaultListOperationsTests.tearDown(DefaultListOperationsTests.java:86)
</error>
  </testcase>
  <testcase name="testRightPushIfPresent[3]" classname="org.springframework.data.redis.core.DefaultListOperationsTests" time="0">
    <error message="Cannot get Jedis connection; nested exception is redis.clients.jedis.exceptions.JedisConnectionException: Could not get a resource from the pool" type="org.springframework.data.redis.RedisConnectionFailureException">org.springframework.data.redis.RedisConnectionFailureException: Cannot get Jedis connection; nested exception is redis.clients.jedis.exceptions.JedisConnectionException: Could not get a resource from the pool
	at org.springframework.data.redis.core.DefaultListOperationsTests.testRightPushIfPresent(DefaultListOperationsTests.java:171)
Caused by: redis.clients.jedis.exceptions.JedisConnectionException: Could not get a resource from the pool
	at org.springframework.data.redis.core.DefaultListOperationsTests.testRightPushIfPresent(DefaultListOperationsTests.java:171)
Caused by: redis.clients.jedis.exceptions.JedisConnectionException: java.net.ConnectException: Conexão recusada
	at org.springframework.data.redis.core.DefaultListOperationsTests.testRightPushIfPresent(DefaultListOperationsTests.java:171)
Caused by: java.net.ConnectException: Conexão recusada
	at org.springframework.data.redis.core.DefaultListOperationsTests.testRightPushIfPresent(DefaultListOperationsTests.java:171)
</error>
  </testcase>
  <testcase name="testRightPushIfPresent[3]" classname="org.springframework.data.redis.core.DefaultListOperationsTests" time="0.001">
    <error message="Cannot get Jedis connection; nested exception is redis.clients.jedis.exceptions.JedisConnectionException: Could not get a resource from the pool" type="org.springframework.data.redis.RedisConnectionFailureException">org.springframework.data.redis.RedisConnectionFailureException: Cannot get Jedis connection; nested exception is redis.clients.jedis.exceptions.JedisConnectionException: Could not get a resource from the pool
	at org.springframework.data.redis.core.DefaultListOperationsTests.tearDown(DefaultListOperationsTests.java:86)
Caused by: redis.clients.jedis.exceptions.JedisConnectionException: Could not get a resource from the pool
	at org.springframework.data.redis.core.DefaultListOperationsTests.tearDown(DefaultListOperationsTests.java:86)
Caused by: redis.clients.jedis.exceptions.JedisConnectionException: java.net.ConnectException: Conexão recusada
	at org.springframework.data.redis.core.DefaultListOperationsTests.tearDown(DefaultListOperationsTests.java:86)
Caused by: java.net.ConnectException: Conexão recusada
	at org.springframework.data.redis.core.DefaultListOperationsTests.tearDown(DefaultListOperationsTests.java:86)
</error>
  </testcase>
  <testcase name="testRightPushAllCollection[3]" classname="org.springframework.data.redis.core.DefaultListOperationsTests" time="0.001">
    <error message="Cannot get Jedis connection; nested exception is redis.clients.jedis.exceptions.JedisConnectionException: Could not get a resource from the pool" type="org.springframework.data.redis.RedisConnectionFailureException">org.springframework.data.redis.RedisConnectionFailureException: Cannot get Jedis connection; nested exception is redis.clients.jedis.exceptions.JedisConnectionException: Could not get a resource from the pool
	at org.springframework.data.redis.core.DefaultListOperationsTests.testRightPushAllCollection(DefaultListOperationsTests.java:202)
Caused by: redis.clients.jedis.exceptions.JedisConnectionException: Could not get a resource from the pool
	at org.springframework.data.redis.core.DefaultListOperationsTests.testRightPushAllCollection(DefaultListOperationsTests.java:202)
Caused by: redis.clients.jedis.exceptions.JedisConnectionException: java.net.ConnectException: Conexão recusada
	at org.springframework.data.redis.core.DefaultListOperationsTests.testRightPushAllCollection(DefaultListOperationsTests.java:202)
Caused by: java.net.ConnectException: Conexão recusada
	at org.springframework.data.redis.core.DefaultListOperationsTests.testRightPushAllCollection(DefaultListOperationsTests.java:202)
</error>
  </testcase>
  <testcase name="testRightPushAllCollection[3]" classname="org.springframework.data.redis.core.DefaultListOperationsTests" time="0.003">
    <error message="Cannot get Jedis connection; nested exception is redis.clients.jedis.exceptions.JedisConnectionException: Could not get a resource from the pool" type="org.springframework.data.redis.RedisConnectionFailureException">org.springframework.data.redis.RedisConnectionFailureException: Cannot get Jedis connection; nested exception is redis.clients.jedis.exceptions.JedisConnectionException: Could not get a resource from the pool
	at org.springframework.data.redis.core.DefaultListOperationsTests.tearDown(DefaultListOperationsTests.java:86)
Caused by: redis.clients.jedis.exceptions.JedisConnectionException: Could not get a resource from the pool
	at org.springframework.data.redis.core.DefaultListOperationsTests.tearDown(DefaultListOperationsTests.java:86)
Caused by: redis.clients.jedis.exceptions.JedisConnectionException: java.net.ConnectException: Conexão recusada
	at org.springframework.data.redis.core.DefaultListOperationsTests.tearDown(DefaultListOperationsTests.java:86)
Caused by: java.net.ConnectException: Conexão recusada
	at org.springframework.data.redis.core.DefaultListOperationsTests.tearDown(DefaultListOperationsTests.java:86)
</error>
  </testcase>
  <testcase name="testRightPopAndLeftPush[3]" classname="org.springframework.data.redis.core.DefaultListOperationsTests" time="0">
    <error message="Cannot get Jedis connection; nested exception is redis.clients.jedis.exceptions.JedisConnectionException: Could not get a resource from the pool" type="org.springframework.data.redis.RedisConnectionFailureException">org.springframework.data.redis.RedisConnectionFailureException: Cannot get Jedis connection; nested exception is redis.clients.jedis.exceptions.JedisConnectionException: Could not get a resource from the pool
	at org.springframework.data.redis.core.DefaultListOperationsTests.testRightPopAndLeftPush(DefaultListOperationsTests.java:149)
Caused by: redis.clients.jedis.exceptions.JedisConnectionException: Could not get a resource from the pool
	at org.springframework.data.redis.core.DefaultListOperationsTests.testRightPopAndLeftPush(DefaultListOperationsTests.java:149)
Caused by: redis.clients.jedis.exceptions.JedisConnectionException: java.net.ConnectException: Conexão recusada
	at org.springframework.data.redis.core.DefaultListOperationsTests.testRightPopAndLeftPush(DefaultListOperationsTests.java:149)
Caused by: java.net.ConnectException: Conexão recusada
	at org.springframework.data.redis.core.DefaultListOperationsTests.testRightPopAndLeftPush(DefaultListOperationsTests.java:149)
</error>
  </testcase>
  <testcase name="testRightPopAndLeftPush[3]" classname="org.springframework.data.redis.core.DefaultListOperationsTests" time="0">
    <error message="Cannot get Jedis connection; nested exception is redis.clients.jedis.exceptions.JedisConnectionException: Could not get a resource from the pool" type="org.springframework.data.redis.RedisConnectionFailureException">org.springframework.data.redis.RedisConnectionFailureException: Cannot get Jedis connection; nested exception is redis.clients.jedis.exceptions.JedisConnectionException: Could not get a resource from the pool
	at org.springframework.data.redis.core.DefaultListOperationsTests.tearDown(DefaultListOperationsTests.java:86)
Caused by: redis.clients.jedis.exceptions.JedisConnectionException: Could not get a resource from the pool
	at org.springframework.data.redis.core.DefaultListOperationsTests.tearDown(DefaultListOperationsTests.java:86)
Caused by: redis.clients.jedis.exceptions.JedisConnectionException: java.net.ConnectException: Conexão recusada
	at org.springframework.data.redis.core.DefaultListOperationsTests.tearDown(DefaultListOperationsTests.java:86)
Caused by: java.net.ConnectException: Conexão recusada
	at org.springframework.data.redis.core.DefaultListOperationsTests.tearDown(DefaultListOperationsTests.java:86)
</error>
  </testcase>
  <testcase name="leftPushAllShouldThrowExceptionWhenCollectionContainsNullValue[3]" classname="org.springframework.data.redis.core.DefaultListOperationsTests" time="0">
    <error message="Cannot get Jedis connection; nested exception is redis.clients.jedis.exceptions.JedisConnectionException: Could not get a resource from the pool" type="org.springframework.data.redis.RedisConnectionFailureException">org.springframework.data.redis.RedisConnectionFailureException: Cannot get Jedis connection; nested exception is redis.clients.jedis.exceptions.JedisConnectionException: Could not get a resource from the pool
	at org.springframework.data.redis.core.DefaultListOperationsTests.tearDown(DefaultListOperationsTests.java:86)
Caused by: redis.clients.jedis.exceptions.JedisConnectionException: Could not get a resource from the pool
	at org.springframework.data.redis.core.DefaultListOperationsTests.tearDown(DefaultListOperationsTests.java:86)
Caused by: redis.clients.jedis.exceptions.JedisConnectionException: java.net.ConnectException: Conexão recusada
	at org.springframework.data.redis.core.DefaultListOperationsTests.tearDown(DefaultListOperationsTests.java:86)
Caused by: java.net.ConnectException: Conexão recusada
	at org.springframework.data.redis.core.DefaultListOperationsTests.tearDown(DefaultListOperationsTests.java:86)
</error>
  </testcase>
  <testcase name="rightPushAllShouldThrowExceptionWhenCalledWithNull[3]" classname="org.springframework.data.redis.core.DefaultListOperationsTests" time="0.001">
    <error message="Cannot get Jedis connection; nested exception is redis.clients.jedis.exceptions.JedisConnectionException: Could not get a resource from the pool" type="org.springframework.data.redis.RedisConnectionFailureException">org.springframework.data.redis.RedisConnectionFailureException: Cannot get Jedis connection; nested exception is redis.clients.jedis.exceptions.JedisConnectionException: Could not get a resource from the pool
	at org.springframework.data.redis.core.DefaultListOperationsTests.tearDown(DefaultListOperationsTests.java:86)
Caused by: redis.clients.jedis.exceptions.JedisConnectionException: Could not get a resource from the pool
	at org.springframework.data.redis.core.DefaultListOperationsTests.tearDown(DefaultListOperationsTests.java:86)
Caused by: redis.clients.jedis.exceptions.JedisConnectionException: java.net.ConnectException: Conexão recusada
	at org.springframework.data.redis.core.DefaultListOperationsTests.tearDown(DefaultListOperationsTests.java:86)
Caused by: java.net.ConnectException: Conexão recusada
	at org.springframework.data.redis.core.DefaultListOperationsTests.tearDown(DefaultListOperationsTests.java:86)
</error>
  </testcase>
  <testcase name="leftPushAllShouldThrowExceptionWhenCalledWithNull[3]" classname="org.springframework.data.redis.core.DefaultListOperationsTests" time="0">
    <error message="Cannot get Jedis connection; nested exception is redis.clients.jedis.exceptions.JedisConnectionException: Could not get a resource from the pool" type="org.springframework.data.redis.RedisConnectionFailureException">org.springframework.data.redis.RedisConnectionFailureException: Cannot get Jedis connection; nested exception is redis.clients.jedis.exceptions.JedisConnectionException: Could not get a resource from the pool
	at org.springframework.data.redis.core.DefaultListOperationsTests.tearDown(DefaultListOperationsTests.java:86)
Caused by: redis.clients.jedis.exceptions.JedisConnectionException: Could not get a resource from the pool
	at org.springframework.data.redis.core.DefaultListOperationsTests.tearDown(DefaultListOperationsTests.java:86)
Caused by: redis.clients.jedis.exceptions.JedisConnectionException: java.net.ConnectException: Conexão recusada
	at org.springframework.data.redis.core.DefaultListOperationsTests.tearDown(DefaultListOperationsTests.java:86)
Caused by: java.net.ConnectException: Conexão recusada
	at org.springframework.data.redis.core.DefaultListOperationsTests.tearDown(DefaultListOperationsTests.java:86)
</error>
  </testcase>
  <testcase name="leftPushAllShouldThrowExceptionWhenCalledWithEmptyCollection[3]" classname="org.springframework.data.redis.core.DefaultListOperationsTests" time="0">
    <error message="Cannot get Jedis connection; nested exception is redis.clients.jedis.exceptions.JedisConnectionException: Could not get a resource from the pool" type="org.springframework.data.redis.RedisConnectionFailureException">org.springframework.data.redis.RedisConnectionFailureException: Cannot get Jedis connection; nested exception is redis.clients.jedis.exceptions.JedisConnectionException: Could not get a resource from the pool
	at org.springframework.data.redis.core.DefaultListOperationsTests.tearDown(DefaultListOperationsTests.java:86)
Caused by: redis.clients.jedis.exceptions.JedisConnectionException: Could not get a resource from the pool
	at org.springframework.data.redis.core.DefaultListOperationsTests.tearDown(DefaultListOperationsTests.java:86)
Caused by: redis.clients.jedis.exceptions.JedisConnectionException: java.net.ConnectException: Conexão recusada
	at org.springframework.data.redis.core.DefaultListOperationsTests.tearDown(DefaultListOperationsTests.java:86)
Caused by: java.net.ConnectException: Conexão recusada
	at org.springframework.data.redis.core.DefaultListOperationsTests.tearDown(DefaultListOperationsTests.java:86)
</error>
  </testcase>
  <testcase name="testRightPopAndLeftPushTimeout[3]" classname="org.springframework.data.redis.core.DefaultListOperationsTests" time="0.001">
    <error message="Could not initialize class org.springframework.data.redis.RedisTestProfileValueSource" type="java.lang.NoClassDefFoundError">java.lang.NoClassDefFoundError: Could not initialize class org.springframework.data.redis.RedisTestProfileValueSource
	at org.springframework.data.redis.core.DefaultListOperationsTests.testRightPopAndLeftPushTimeout(DefaultListOperationsTests.java:135)
</error>
  </testcase>
  <testcase name="testRightPopAndLeftPushTimeout[3]" classname="org.springframework.data.redis.core.DefaultListOperationsTests" time="0.001">
    <error message="Cannot get Jedis connection; nested exception is redis.clients.jedis.exceptions.JedisConnectionException: Could not get a resource from the pool" type="org.springframework.data.redis.RedisConnectionFailureException">org.springframework.data.redis.RedisConnectionFailureException: Cannot get Jedis connection; nested exception is redis.clients.jedis.exceptions.JedisConnectionException: Could not get a resource from the pool
	at org.springframework.data.redis.core.DefaultListOperationsTests.tearDown(DefaultListOperationsTests.java:86)
Caused by: redis.clients.jedis.exceptions.JedisConnectionException: Could not get a resource from the pool
	at org.springframework.data.redis.core.DefaultListOperationsTests.tearDown(DefaultListOperationsTests.java:86)
Caused by: redis.clients.jedis.exceptions.JedisConnectionException: java.net.ConnectException: Conexão recusada
	at org.springframework.data.redis.core.DefaultListOperationsTests.tearDown(DefaultListOperationsTests.java:86)
Caused by: java.net.ConnectException: Conexão recusada
	at org.springframework.data.redis.core.DefaultListOperationsTests.tearDown(DefaultListOperationsTests.java:86)
</error>
  </testcase>
  <testcase name="testLeftPushWithPivot[3]" classname="org.springframework.data.redis.core.DefaultListOperationsTests" time="0.001">
    <error message="Cannot get Jedis connection; nested exception is redis.clients.jedis.exceptions.JedisConnectionException: Could not get a resource from the pool" type="org.springframework.data.redis.RedisConnectionFailureException">org.springframework.data.redis.RedisConnectionFailureException: Cannot get Jedis connection; nested exception is redis.clients.jedis.exceptions.JedisConnectionException: Could not get a resource from the pool
	at org.springframework.data.redis.core.DefaultListOperationsTests.testLeftPushWithPivot(DefaultListOperationsTests.java:103)
Caused by: redis.clients.jedis.exceptions.JedisConnectionException: Could not get a resource from the pool
	at org.springframework.data.redis.core.DefaultListOperationsTests.testLeftPushWithPivot(DefaultListOperationsTests.java:103)
Caused by: redis.clients.jedis.exceptions.JedisConnectionException: java.net.ConnectException: Conexão recusada
	at org.springframework.data.redis.core.DefaultListOperationsTests.testLeftPushWithPivot(DefaultListOperationsTests.java:103)
Caused by: java.net.ConnectException: Conexão recusada
	at org.springframework.data.redis.core.DefaultListOperationsTests.testLeftPushWithPivot(DefaultListOperationsTests.java:103)
</error>
    <system-out><![CDATA[Value1[B@1a72a540
Value2[B@27d5a580
Value3[B@198d6542
]]></system-out>
  </testcase>
  <testcase name="testLeftPushWithPivot[3]" classname="org.springframework.data.redis.core.DefaultListOperationsTests" time="0.002">
    <error message="Cannot get Jedis connection; nested exception is redis.clients.jedis.exceptions.JedisConnectionException: Could not get a resource from the pool" type="org.springframework.data.redis.RedisConnectionFailureException">org.springframework.data.redis.RedisConnectionFailureException: Cannot get Jedis connection; nested exception is redis.clients.jedis.exceptions.JedisConnectionException: Could not get a resource from the pool
	at org.springframework.data.redis.core.DefaultListOperationsTests.tearDown(DefaultListOperationsTests.java:86)
Caused by: redis.clients.jedis.exceptions.JedisConnectionException: Could not get a resource from the pool
	at org.springframework.data.redis.core.DefaultListOperationsTests.tearDown(DefaultListOperationsTests.java:86)
Caused by: redis.clients.jedis.exceptions.JedisConnectionException: java.net.ConnectException: Conexão recusada
	at org.springframework.data.redis.core.DefaultListOperationsTests.tearDown(DefaultListOperationsTests.java:86)
Caused by: java.net.ConnectException: Conexão recusada
	at org.springframework.data.redis.core.DefaultListOperationsTests.tearDown(DefaultListOperationsTests.java:86)
</error>
  </testcase>
  <testcase name="rightPushAllShouldThrowExceptionWhenCollectionContainsNullValue[4]" classname="org.springframework.data.redis.core.DefaultListOperationsTests" time="0.002">
    <error message="Cannot get Jedis connection; nested exception is redis.clients.jedis.exceptions.JedisConnectionException: Could not get a resource from the pool" type="org.springframework.data.redis.RedisConnectionFailureException">org.springframework.data.redis.RedisConnectionFailureException: Cannot get Jedis connection; nested exception is redis.clients.jedis.exceptions.JedisConnectionException: Could not get a resource from the pool
	at org.springframework.data.redis.core.DefaultListOperationsTests.tearDown(DefaultListOperationsTests.java:86)
Caused by: redis.clients.jedis.exceptions.JedisConnectionException: Could not get a resource from the pool
	at org.springframework.data.redis.core.DefaultListOperationsTests.tearDown(DefaultListOperationsTests.java:86)
Caused by: redis.clients.jedis.exceptions.JedisConnectionException: java.net.ConnectException: Conexão recusada
	at org.springframework.data.redis.core.DefaultListOperationsTests.tearDown(DefaultListOperationsTests.java:86)
Caused by: java.net.ConnectException: Conexão recusada
	at org.springframework.data.redis.core.DefaultListOperationsTests.tearDown(DefaultListOperationsTests.java:86)
</error>
  </testcase>
  <testcase name="testLeftPushAll[4]" classname="org.springframework.data.redis.core.DefaultListOperationsTests" time="0.005">
    <error message="Cannot get Jedis connection; nested exception is redis.clients.jedis.exceptions.JedisConnectionException: Could not get a resource from the pool" type="org.springframework.data.redis.RedisConnectionFailureException">org.springframework.data.redis.RedisConnectionFailureException: Cannot get Jedis connection; nested exception is redis.clients.jedis.exceptions.JedisConnectionException: Could not get a resource from the pool
	at org.springframework.data.redis.core.DefaultListOperationsTests.testLeftPushAll(DefaultListOperationsTests.java:127)
Caused by: redis.clients.jedis.exceptions.JedisConnectionException: Could not get a resource from the pool
	at org.springframework.data.redis.core.DefaultListOperationsTests.testLeftPushAll(DefaultListOperationsTests.java:127)
Caused by: redis.clients.jedis.exceptions.JedisConnectionException: java.net.ConnectException: Conexão recusada
	at org.springframework.data.redis.core.DefaultListOperationsTests.testLeftPushAll(DefaultListOperationsTests.java:127)
Caused by: java.net.ConnectException: Conexão recusada
	at org.springframework.data.redis.core.DefaultListOperationsTests.testLeftPushAll(DefaultListOperationsTests.java:127)
</error>
  </testcase>
  <testcase name="testLeftPushAll[4]" classname="org.springframework.data.redis.core.DefaultListOperationsTests" time="0.005">
    <error message="Cannot get Jedis connection; nested exception is redis.clients.jedis.exceptions.JedisConnectionException: Could not get a resource from the pool" type="org.springframework.data.redis.RedisConnectionFailureException">org.springframework.data.redis.RedisConnectionFailureException: Cannot get Jedis connection; nested exception is redis.clients.jedis.exceptions.JedisConnectionException: Could not get a resource from the pool
	at org.springframework.data.redis.core.DefaultListOperationsTests.tearDown(DefaultListOperationsTests.java:86)
Caused by: redis.clients.jedis.exceptions.JedisConnectionException: Could not get a resource from the pool
	at org.springframework.data.redis.core.DefaultListOperationsTests.tearDown(DefaultListOperationsTests.java:86)
Caused by: redis.clients.jedis.exceptions.JedisConnectionException: java.net.ConnectException: Conexão recusada
	at org.springframework.data.redis.core.DefaultListOperationsTests.tearDown(DefaultListOperationsTests.java:86)
Caused by: java.net.ConnectException: Conexão recusada
	at org.springframework.data.redis.core.DefaultListOperationsTests.tearDown(DefaultListOperationsTests.java:86)
</error>
  </testcase>
  <testcase name="rightPushAllShouldThrowExceptionWhenCalledWithEmptyCollection[4]" classname="org.springframework.data.redis.core.DefaultListOperationsTests" time="0">
    <error message="Cannot get Jedis connection; nested exception is redis.clients.jedis.exceptions.JedisConnectionException: Could not get a resource from the pool" type="org.springframework.data.redis.RedisConnectionFailureException">org.springframework.data.redis.RedisConnectionFailureException: Cannot get Jedis connection; nested exception is redis.clients.jedis.exceptions.JedisConnectionException: Could not get a resource from the pool
	at org.springframework.data.redis.core.DefaultListOperationsTests.tearDown(DefaultListOperationsTests.java:86)
Caused by: redis.clients.jedis.exceptions.JedisConnectionException: Could not get a resource from the pool
	at org.springframework.data.redis.core.DefaultListOperationsTests.tearDown(DefaultListOperationsTests.java:86)
Caused by: redis.clients.jedis.exceptions.JedisConnectionException: java.net.ConnectException: Conexão recusada
	at org.springframework.data.redis.core.DefaultListOperationsTests.tearDown(DefaultListOperationsTests.java:86)
Caused by: java.net.ConnectException: Conexão recusada
	at org.springframework.data.redis.core.DefaultListOperationsTests.tearDown(DefaultListOperationsTests.java:86)
</error>
  </testcase>
  <testcase name="testRightPushAll[4]" classname="org.springframework.data.redis.core.DefaultListOperationsTests" time="0.002">
    <error message="Cannot get Jedis connection; nested exception is redis.clients.jedis.exceptions.JedisConnectionException: Could not get a resource from the pool" type="org.springframework.data.redis.RedisConnectionFailureException">org.springframework.data.redis.RedisConnectionFailureException: Cannot get Jedis connection; nested exception is redis.clients.jedis.exceptions.JedisConnectionException: Could not get a resource from the pool
	at org.springframework.data.redis.core.DefaultListOperationsTests.testRightPushAll(DefaultListOperationsTests.java:184)
Caused by: redis.clients.jedis.exceptions.JedisConnectionException: Could not get a resource from the pool
	at org.springframework.data.redis.core.DefaultListOperationsTests.testRightPushAll(DefaultListOperationsTests.java:184)
Caused by: redis.clients.jedis.exceptions.JedisConnectionException: java.net.ConnectException: Conexão recusada
	at org.springframework.data.redis.core.DefaultListOperationsTests.testRightPushAll(DefaultListOperationsTests.java:184)
Caused by: java.net.ConnectException: Conexão recusada
	at org.springframework.data.redis.core.DefaultListOperationsTests.testRightPushAll(DefaultListOperationsTests.java:184)
</error>
  </testcase>
  <testcase name="testRightPushAll[4]" classname="org.springframework.data.redis.core.DefaultListOperationsTests" time="0.002">
    <error message="Cannot get Jedis connection; nested exception is redis.clients.jedis.exceptions.JedisConnectionException: Could not get a resource from the pool" type="org.springframework.data.redis.RedisConnectionFailureException">org.springframework.data.redis.RedisConnectionFailureException: Cannot get Jedis connection; nested exception is redis.clients.jedis.exceptions.JedisConnectionException: Could not get a resource from the pool
	at org.springframework.data.redis.core.DefaultListOperationsTests.tearDown(DefaultListOperationsTests.java:86)
Caused by: redis.clients.jedis.exceptions.JedisConnectionException: Could not get a resource from the pool
	at org.springframework.data.redis.core.DefaultListOperationsTests.tearDown(DefaultListOperationsTests.java:86)
Caused by: redis.clients.jedis.exceptions.JedisConnectionException: java.net.ConnectException: Conexão recusada
	at org.springframework.data.redis.core.DefaultListOperationsTests.tearDown(DefaultListOperationsTests.java:86)
Caused by: java.net.ConnectException: Conexão recusada
	at org.springframework.data.redis.core.DefaultListOperationsTests.tearDown(DefaultListOperationsTests.java:86)
</error>
  </testcase>
  <testcase name="testRightPushWithPivot[4]" classname="org.springframework.data.redis.core.DefaultListOperationsTests" time="0.001">
    <error message="Cannot get Jedis connection; nested exception is redis.clients.jedis.exceptions.JedisConnectionException: Could not get a resource from the pool" type="org.springframework.data.redis.RedisConnectionFailureException">org.springframework.data.redis.RedisConnectionFailureException: Cannot get Jedis connection; nested exception is redis.clients.jedis.exceptions.JedisConnectionException: Could not get a resource from the pool
	at org.springframework.data.redis.core.DefaultListOperationsTests.testRightPushWithPivot(DefaultListOperationsTests.java:160)
Caused by: redis.clients.jedis.exceptions.JedisConnectionException: Could not get a resource from the pool
	at org.springframework.data.redis.core.DefaultListOperationsTests.testRightPushWithPivot(DefaultListOperationsTests.java:160)
Caused by: redis.clients.jedis.exceptions.JedisConnectionException: java.net.ConnectException: Conexão recusada
	at org.springframework.data.redis.core.DefaultListOperationsTests.testRightPushWithPivot(DefaultListOperationsTests.java:160)
Caused by: java.net.ConnectException: Conexão recusada
	at org.springframework.data.redis.core.DefaultListOperationsTests.testRightPushWithPivot(DefaultListOperationsTests.java:160)
</error>
  </testcase>
  <testcase name="testRightPushWithPivot[4]" classname="org.springframework.data.redis.core.DefaultListOperationsTests" time="0.001">
    <error message="Cannot get Jedis connection; nested exception is redis.clients.jedis.exceptions.JedisConnectionException: Could not get a resource from the pool" type="org.springframework.data.redis.RedisConnectionFailureException">org.springframework.data.redis.RedisConnectionFailureException: Cannot get Jedis connection; nested exception is redis.clients.jedis.exceptions.JedisConnectionException: Could not get a resource from the pool
	at org.springframework.data.redis.core.DefaultListOperationsTests.tearDown(DefaultListOperationsTests.java:86)
Caused by: redis.clients.jedis.exceptions.JedisConnectionException: Could not get a resource from the pool
	at org.springframework.data.redis.core.DefaultListOperationsTests.tearDown(DefaultListOperationsTests.java:86)
Caused by: redis.clients.jedis.exceptions.JedisConnectionException: java.net.ConnectException: Conexão recusada
	at org.springframework.data.redis.core.DefaultListOperationsTests.tearDown(DefaultListOperationsTests.java:86)
Caused by: java.net.ConnectException: Conexão recusada
	at org.springframework.data.redis.core.DefaultListOperationsTests.tearDown(DefaultListOperationsTests.java:86)
</error>
  </testcase>
  <testcase name="testLeftPushIfPresent[4]" classname="org.springframework.data.redis.core.DefaultListOperationsTests" time="0.002">
    <error message="Cannot get Jedis connection; nested exception is redis.clients.jedis.exceptions.JedisConnectionException: Could not get a resource from the pool" type="org.springframework.data.redis.RedisConnectionFailureException">org.springframework.data.redis.RedisConnectionFailureException: Cannot get Jedis connection; nested exception is redis.clients.jedis.exceptions.JedisConnectionException: Could not get a resource from the pool
	at org.springframework.data.redis.core.DefaultListOperationsTests.testLeftPushIfPresent(DefaultListOperationsTests.java:114)
Caused by: redis.clients.jedis.exceptions.JedisConnectionException: Could not get a resource from the pool
	at org.springframework.data.redis.core.DefaultListOperationsTests.testLeftPushIfPresent(DefaultListOperationsTests.java:114)
Caused by: redis.clients.jedis.exceptions.JedisConnectionException: java.net.ConnectException: Conexão recusada
	at org.springframework.data.redis.core.DefaultListOperationsTests.testLeftPushIfPresent(DefaultListOperationsTests.java:114)
Caused by: java.net.ConnectException: Conexão recusada
	at org.springframework.data.redis.core.DefaultListOperationsTests.testLeftPushIfPresent(DefaultListOperationsTests.java:114)
</error>
  </testcase>
  <testcase name="testLeftPushIfPresent[4]" classname="org.springframework.data.redis.core.DefaultListOperationsTests" time="0.002">
    <error message="Cannot get Jedis connection; nested exception is redis.clients.jedis.exceptions.JedisConnectionException: Could not get a resource from the pool" type="org.springframework.data.redis.RedisConnectionFailureException">org.springframework.data.redis.RedisConnectionFailureException: Cannot get Jedis connection; nested exception is redis.clients.jedis.exceptions.JedisConnectionException: Could not get a resource from the pool
	at org.springframework.data.redis.core.DefaultListOperationsTests.tearDown(DefaultListOperationsTests.java:86)
Caused by: redis.clients.jedis.exceptions.JedisConnectionException: Could not get a resource from the pool
	at org.springframework.data.redis.core.DefaultListOperationsTests.tearDown(DefaultListOperationsTests.java:86)
Caused by: redis.clients.jedis.exceptions.JedisConnectionException: java.net.ConnectException: Conexão recusada
	at org.springframework.data.redis.core.DefaultListOperationsTests.tearDown(DefaultListOperationsTests.java:86)
Caused by: java.net.ConnectException: Conexão recusada
	at org.springframework.data.redis.core.DefaultListOperationsTests.tearDown(DefaultListOperationsTests.java:86)
</error>
  </testcase>
  <testcase name="testLeftPushAllCollection[4]" classname="org.springframework.data.redis.core.DefaultListOperationsTests" time="0.001">
    <error message="Cannot get Jedis connection; nested exception is redis.clients.jedis.exceptions.JedisConnectionException: Could not get a resource from the pool" type="org.springframework.data.redis.RedisConnectionFailureException">org.springframework.data.redis.RedisConnectionFailureException: Cannot get Jedis connection; nested exception is redis.clients.jedis.exceptions.JedisConnectionException: Could not get a resource from the pool
	at org.springframework.data.redis.core.DefaultListOperationsTests.testLeftPushAllCollection(DefaultListOperationsTests.java:244)
Caused by: redis.clients.jedis.exceptions.JedisConnectionException: Could not get a resource from the pool
	at org.springframework.data.redis.core.DefaultListOperationsTests.testLeftPushAllCollection(DefaultListOperationsTests.java:244)
Caused by: redis.clients.jedis.exceptions.JedisConnectionException: java.net.ConnectException: Conexão recusada
	at org.springframework.data.redis.core.DefaultListOperationsTests.testLeftPushAllCollection(DefaultListOperationsTests.java:244)
Caused by: java.net.ConnectException: Conexão recusada
	at org.springframework.data.redis.core.DefaultListOperationsTests.testLeftPushAllCollection(DefaultListOperationsTests.java:244)
</error>
  </testcase>
  <testcase name="testLeftPushAllCollection[4]" classname="org.springframework.data.redis.core.DefaultListOperationsTests" time="0.002">
    <error message="Cannot get Jedis connection; nested exception is redis.clients.jedis.exceptions.JedisConnectionException: Could not get a resource from the pool" type="org.springframework.data.redis.RedisConnectionFailureException">org.springframework.data.redis.RedisConnectionFailureException: Cannot get Jedis connection; nested exception is redis.clients.jedis.exceptions.JedisConnectionException: Could not get a resource from the pool
	at org.springframework.data.redis.core.DefaultListOperationsTests.tearDown(DefaultListOperationsTests.java:86)
Caused by: redis.clients.jedis.exceptions.JedisConnectionException: Could not get a resource from the pool
	at org.springframework.data.redis.core.DefaultListOperationsTests.tearDown(DefaultListOperationsTests.java:86)
Caused by: redis.clients.jedis.exceptions.JedisConnectionException: java.net.ConnectException: Conexão recusada
	at org.springframework.data.redis.core.DefaultListOperationsTests.tearDown(DefaultListOperationsTests.java:86)
Caused by: java.net.ConnectException: Conexão recusada
	at org.springframework.data.redis.core.DefaultListOperationsTests.tearDown(DefaultListOperationsTests.java:86)
</error>
  </testcase>
  <testcase name="testRightPushIfPresent[4]" classname="org.springframework.data.redis.core.DefaultListOperationsTests" time="0.001">
    <error message="Cannot get Jedis connection; nested exception is redis.clients.jedis.exceptions.JedisConnectionException: Could not get a resource from the pool" type="org.springframework.data.redis.RedisConnectionFailureException">org.springframework.data.redis.RedisConnectionFailureException: Cannot get Jedis connection; nested exception is redis.clients.jedis.exceptions.JedisConnectionException: Could not get a resource from the pool
	at org.springframework.data.redis.core.DefaultListOperationsTests.testRightPushIfPresent(DefaultListOperationsTests.java:171)
Caused by: redis.clients.jedis.exceptions.JedisConnectionException: Could not get a resource from the pool
	at org.springframework.data.redis.core.DefaultListOperationsTests.testRightPushIfPresent(DefaultListOperationsTests.java:171)
Caused by: redis.clients.jedis.exceptions.JedisConnectionException: java.net.ConnectException: Conexão recusada
	at org.springframework.data.redis.core.DefaultListOperationsTests.testRightPushIfPresent(DefaultListOperationsTests.java:171)
Caused by: java.net.ConnectException: Conexão recusada
	at org.springframework.data.redis.core.DefaultListOperationsTests.testRightPushIfPresent(DefaultListOperationsTests.java:171)
</error>
  </testcase>
  <testcase name="testRightPushIfPresent[4]" classname="org.springframework.data.redis.core.DefaultListOperationsTests" time="0.001">
    <error message="Cannot get Jedis connection; nested exception is redis.clients.jedis.exceptions.JedisConnectionException: Could not get a resource from the pool" type="org.springframework.data.redis.RedisConnectionFailureException">org.springframework.data.redis.RedisConnectionFailureException: Cannot get Jedis connection; nested exception is redis.clients.jedis.exceptions.JedisConnectionException: Could not get a resource from the pool
	at org.springframework.data.redis.core.DefaultListOperationsTests.tearDown(DefaultListOperationsTests.java:86)
Caused by: redis.clients.jedis.exceptions.JedisConnectionException: Could not get a resource from the pool
	at org.springframework.data.redis.core.DefaultListOperationsTests.tearDown(DefaultListOperationsTests.java:86)
Caused by: redis.clients.jedis.exceptions.JedisConnectionException: java.net.ConnectException: Conexão recusada
	at org.springframework.data.redis.core.DefaultListOperationsTests.tearDown(DefaultListOperationsTests.java:86)
Caused by: java.net.ConnectException: Conexão recusada
	at org.springframework.data.redis.core.DefaultListOperationsTests.tearDown(DefaultListOperationsTests.java:86)
</error>
  </testcase>
  <testcase name="testRightPushAllCollection[4]" classname="org.springframework.data.redis.core.DefaultListOperationsTests" time="0.002">
    <error message="Cannot get Jedis connection; nested exception is redis.clients.jedis.exceptions.JedisConnectionException: Could not get a resource from the pool" type="org.springframework.data.redis.RedisConnectionFailureException">org.springframework.data.redis.RedisConnectionFailureException: Cannot get Jedis connection; nested exception is redis.clients.jedis.exceptions.JedisConnectionException: Could not get a resource from the pool
	at org.springframework.data.redis.core.DefaultListOperationsTests.testRightPushAllCollection(DefaultListOperationsTests.java:202)
Caused by: redis.clients.jedis.exceptions.JedisConnectionException: Could not get a resource from the pool
	at org.springframework.data.redis.core.DefaultListOperationsTests.testRightPushAllCollection(DefaultListOperationsTests.java:202)
Caused by: redis.clients.jedis.exceptions.JedisConnectionException: java.net.ConnectException: Conexão recusada
	at org.springframework.data.redis.core.DefaultListOperationsTests.testRightPushAllCollection(DefaultListOperationsTests.java:202)
Caused by: java.net.ConnectException: Conexão recusada
	at org.springframework.data.redis.core.DefaultListOperationsTests.testRightPushAllCollection(DefaultListOperationsTests.java:202)
</error>
  </testcase>
  <testcase name="testRightPushAllCollection[4]" classname="org.springframework.data.redis.core.DefaultListOperationsTests" time="0.002">
    <error message="Cannot get Jedis connection; nested exception is redis.clients.jedis.exceptions.JedisConnectionException: Could not get a resource from the pool" type="org.springframework.data.redis.RedisConnectionFailureException">org.springframework.data.redis.RedisConnectionFailureException: Cannot get Jedis connection; nested exception is redis.clients.jedis.exceptions.JedisConnectionException: Could not get a resource from the pool
	at org.springframework.data.redis.core.DefaultListOperationsTests.tearDown(DefaultListOperationsTests.java:86)
Caused by: redis.clients.jedis.exceptions.JedisConnectionException: Could not get a resource from the pool
	at org.springframework.data.redis.core.DefaultListOperationsTests.tearDown(DefaultListOperationsTests.java:86)
Caused by: redis.clients.jedis.exceptions.JedisConnectionException: java.net.ConnectException: Conexão recusada
	at org.springframework.data.redis.core.DefaultListOperationsTests.tearDown(DefaultListOperationsTests.java:86)
Caused by: java.net.ConnectException: Conexão recusada
	at org.springframework.data.redis.core.DefaultListOperationsTests.tearDown(DefaultListOperationsTests.java:86)
</error>
  </testcase>
  <testcase name="testRightPopAndLeftPush[4]" classname="org.springframework.data.redis.core.DefaultListOperationsTests" time="0.001">
    <error message="Cannot get Jedis connection; nested exception is redis.clients.jedis.exceptions.JedisConnectionException: Could not get a resource from the pool" type="org.springframework.data.redis.RedisConnectionFailureException">org.springframework.data.redis.RedisConnectionFailureException: Cannot get Jedis connection; nested exception is redis.clients.jedis.exceptions.JedisConnectionException: Could not get a resource from the pool
	at org.springframework.data.redis.core.DefaultListOperationsTests.testRightPopAndLeftPush(DefaultListOperationsTests.java:149)
Caused by: redis.clients.jedis.exceptions.JedisConnectionException: Could not get a resource from the pool
	at org.springframework.data.redis.core.DefaultListOperationsTests.testRightPopAndLeftPush(DefaultListOperationsTests.java:149)
Caused by: redis.clients.jedis.exceptions.JedisConnectionException: java.net.ConnectException: Conexão recusada
	at org.springframework.data.redis.core.DefaultListOperationsTests.testRightPopAndLeftPush(DefaultListOperationsTests.java:149)
Caused by: java.net.ConnectException: Conexão recusada
	at org.springframework.data.redis.core.DefaultListOperationsTests.testRightPopAndLeftPush(DefaultListOperationsTests.java:149)
</error>
  </testcase>
  <testcase name="testRightPopAndLeftPush[4]" classname="org.springframework.data.redis.core.DefaultListOperationsTests" time="0.001">
    <error message="Cannot get Jedis connection; nested exception is redis.clients.jedis.exceptions.JedisConnectionException: Could not get a resource from the pool" type="org.springframework.data.redis.RedisConnectionFailureException">org.springframework.data.redis.RedisConnectionFailureException: Cannot get Jedis connection; nested exception is redis.clients.jedis.exceptions.JedisConnectionException: Could not get a resource from the pool
	at org.springframework.data.redis.core.DefaultListOperationsTests.tearDown(DefaultListOperationsTests.java:86)
Caused by: redis.clients.jedis.exceptions.JedisConnectionException: Could not get a resource from the pool
	at org.springframework.data.redis.core.DefaultListOperationsTests.tearDown(DefaultListOperationsTests.java:86)
Caused by: redis.clients.jedis.exceptions.JedisConnectionException: java.net.ConnectException: Conexão recusada
	at org.springframework.data.redis.core.DefaultListOperationsTests.tearDown(DefaultListOperationsTests.java:86)
Caused by: java.net.ConnectException: Conexão recusada
	at org.springframework.data.redis.core.DefaultListOperationsTests.tearDown(DefaultListOperationsTests.java:86)
</error>
  </testcase>
  <testcase name="leftPushAllShouldThrowExceptionWhenCollectionContainsNullValue[4]" classname="org.springframework.data.redis.core.DefaultListOperationsTests" time="0.001">
    <error message="Cannot get Jedis connection; nested exception is redis.clients.jedis.exceptions.JedisConnectionException: Could not get a resource from the pool" type="org.springframework.data.redis.RedisConnectionFailureException">org.springframework.data.redis.RedisConnectionFailureException: Cannot get Jedis connection; nested exception is redis.clients.jedis.exceptions.JedisConnectionException: Could not get a resource from the pool
	at org.springframework.data.redis.core.DefaultListOperationsTests.tearDown(DefaultListOperationsTests.java:86)
Caused by: redis.clients.jedis.exceptions.JedisConnectionException: Could not get a resource from the pool
	at org.springframework.data.redis.core.DefaultListOperationsTests.tearDown(DefaultListOperationsTests.java:86)
Caused by: redis.clients.jedis.exceptions.JedisConnectionException: java.net.ConnectException: Conexão recusada
	at org.springframework.data.redis.core.DefaultListOperationsTests.tearDown(DefaultListOperationsTests.java:86)
Caused by: java.net.ConnectException: Conexão recusada
	at org.springframework.data.redis.core.DefaultListOperationsTests.tearDown(DefaultListOperationsTests.java:86)
</error>
  </testcase>
  <testcase name="rightPushAllShouldThrowExceptionWhenCalledWithNull[4]" classname="org.springframework.data.redis.core.DefaultListOperationsTests" time="0.001">
    <error message="Cannot get Jedis connection; nested exception is redis.clients.jedis.exceptions.JedisConnectionException: Could not get a resource from the pool" type="org.springframework.data.redis.RedisConnectionFailureException">org.springframework.data.redis.RedisConnectionFailureException: Cannot get Jedis connection; nested exception is redis.clients.jedis.exceptions.JedisConnectionException: Could not get a resource from the pool
	at org.springframework.data.redis.core.DefaultListOperationsTests.tearDown(DefaultListOperationsTests.java:86)
Caused by: redis.clients.jedis.exceptions.JedisConnectionException: Could not get a resource from the pool
	at org.springframework.data.redis.core.DefaultListOperationsTests.tearDown(DefaultListOperationsTests.java:86)
Caused by: redis.clients.jedis.exceptions.JedisConnectionException: java.net.ConnectException: Conexão recusada
	at org.springframework.data.redis.core.DefaultListOperationsTests.tearDown(DefaultListOperationsTests.java:86)
Caused by: java.net.ConnectException: Conexão recusada
	at org.springframework.data.redis.core.DefaultListOperationsTests.tearDown(DefaultListOperationsTests.java:86)
</error>
  </testcase>
  <testcase name="leftPushAllShouldThrowExceptionWhenCalledWithNull[4]" classname="org.springframework.data.redis.core.DefaultListOperationsTests" time="0">
    <error message="Cannot get Jedis connection; nested exception is redis.clients.jedis.exceptions.JedisConnectionException: Could not get a resource from the pool" type="org.springframework.data.redis.RedisConnectionFailureException">org.springframework.data.redis.RedisConnectionFailureException: Cannot get Jedis connection; nested exception is redis.clients.jedis.exceptions.JedisConnectionException: Could not get a resource from the pool
	at org.springframework.data.redis.core.DefaultListOperationsTests.tearDown(DefaultListOperationsTests.java:86)
Caused by: redis.clients.jedis.exceptions.JedisConnectionException: Could not get a resource from the pool
	at org.springframework.data.redis.core.DefaultListOperationsTests.tearDown(DefaultListOperationsTests.java:86)
Caused by: redis.clients.jedis.exceptions.JedisConnectionException: java.net.ConnectException: Conexão recusada
	at org.springframework.data.redis.core.DefaultListOperationsTests.tearDown(DefaultListOperationsTests.java:86)
Caused by: java.net.ConnectException: Conexão recusada
	at org.springframework.data.redis.core.DefaultListOperationsTests.tearDown(DefaultListOperationsTests.java:86)
</error>
  </testcase>
  <testcase name="leftPushAllShouldThrowExceptionWhenCalledWithEmptyCollection[4]" classname="org.springframework.data.redis.core.DefaultListOperationsTests" time="0.001">
    <error message="Cannot get Jedis connection; nested exception is redis.clients.jedis.exceptions.JedisConnectionException: Could not get a resource from the pool" type="org.springframework.data.redis.RedisConnectionFailureException">org.springframework.data.redis.RedisConnectionFailureException: Cannot get Jedis connection; nested exception is redis.clients.jedis.exceptions.JedisConnectionException: Could not get a resource from the pool
	at org.springframework.data.redis.core.DefaultListOperationsTests.tearDown(DefaultListOperationsTests.java:86)
Caused by: redis.clients.jedis.exceptions.JedisConnectionException: Could not get a resource from the pool
	at org.springframework.data.redis.core.DefaultListOperationsTests.tearDown(DefaultListOperationsTests.java:86)
Caused by: redis.clients.jedis.exceptions.JedisConnectionException: java.net.ConnectException: Conexão recusada
	at org.springframework.data.redis.core.DefaultListOperationsTests.tearDown(DefaultListOperationsTests.java:86)
Caused by: java.net.ConnectException: Conexão recusada
	at org.springframework.data.redis.core.DefaultListOperationsTests.tearDown(DefaultListOperationsTests.java:86)
</error>
  </testcase>
  <testcase name="testRightPopAndLeftPushTimeout[4]" classname="org.springframework.data.redis.core.DefaultListOperationsTests" time="0">
    <error message="Could not initialize class org.springframework.data.redis.RedisTestProfileValueSource" type="java.lang.NoClassDefFoundError">java.lang.NoClassDefFoundError: Could not initialize class org.springframework.data.redis.RedisTestProfileValueSource
	at org.springframework.data.redis.core.DefaultListOperationsTests.testRightPopAndLeftPushTimeout(DefaultListOperationsTests.java:135)
</error>
  </testcase>
  <testcase name="testRightPopAndLeftPushTimeout[4]" classname="org.springframework.data.redis.core.DefaultListOperationsTests" time="0">
    <error message="Cannot get Jedis connection; nested exception is redis.clients.jedis.exceptions.JedisConnectionException: Could not get a resource from the pool" type="org.springframework.data.redis.RedisConnectionFailureException">org.springframework.data.redis.RedisConnectionFailureException: Cannot get Jedis connection; nested exception is redis.clients.jedis.exceptions.JedisConnectionException: Could not get a resource from the pool
	at org.springframework.data.redis.core.DefaultListOperationsTests.tearDown(DefaultListOperationsTests.java:86)
Caused by: redis.clients.jedis.exceptions.JedisConnectionException: Could not get a resource from the pool
	at org.springframework.data.redis.core.DefaultListOperationsTests.tearDown(DefaultListOperationsTests.java:86)
Caused by: redis.clients.jedis.exceptions.JedisConnectionException: java.net.ConnectException: Conexão recusada
	at org.springframework.data.redis.core.DefaultListOperationsTests.tearDown(DefaultListOperationsTests.java:86)
Caused by: java.net.ConnectException: Conexão recusada
	at org.springframework.data.redis.core.DefaultListOperationsTests.tearDown(DefaultListOperationsTests.java:86)
</error>
  </testcase>
  <testcase name="testLeftPushWithPivot[4]" classname="org.springframework.data.redis.core.DefaultListOperationsTests" time="0.001">
    <error message="Cannot get Jedis connection; nested exception is redis.clients.jedis.exceptions.JedisConnectionException: Could not get a resource from the pool" type="org.springframework.data.redis.RedisConnectionFailureException">org.springframework.data.redis.RedisConnectionFailureException: Cannot get Jedis connection; nested exception is redis.clients.jedis.exceptions.JedisConnectionException: Could not get a resource from the pool
	at org.springframework.data.redis.core.DefaultListOperationsTests.testLeftPushWithPivot(DefaultListOperationsTests.java:103)
Caused by: redis.clients.jedis.exceptions.JedisConnectionException: Could not get a resource from the pool
	at org.springframework.data.redis.core.DefaultListOperationsTests.testLeftPushWithPivot(DefaultListOperationsTests.java:103)
Caused by: redis.clients.jedis.exceptions.JedisConnectionException: java.net.ConnectException: Conexão recusada
	at org.springframework.data.redis.core.DefaultListOperationsTests.testLeftPushWithPivot(DefaultListOperationsTests.java:103)
Caused by: java.net.ConnectException: Conexão recusada
	at org.springframework.data.redis.core.DefaultListOperationsTests.testLeftPushWithPivot(DefaultListOperationsTests.java:103)
</error>
    <system-out><![CDATA[Value1org.springframework.data.redis.Person@b1069133
Value2org.springframework.data.redis.Person@cbd89fe0
Value3org.springframework.data.redis.Person@391757f
]]></system-out>
  </testcase>
  <testcase name="testLeftPushWithPivot[4]" classname="org.springframework.data.redis.core.DefaultListOperationsTests" time="0.001">
    <error message="Cannot get Jedis connection; nested exception is redis.clients.jedis.exceptions.JedisConnectionException: Could not get a resource from the pool" type="org.springframework.data.redis.RedisConnectionFailureException">org.springframework.data.redis.RedisConnectionFailureException: Cannot get Jedis connection; nested exception is redis.clients.jedis.exceptions.JedisConnectionException: Could not get a resource from the pool
	at org.springframework.data.redis.core.DefaultListOperationsTests.tearDown(DefaultListOperationsTests.java:86)
Caused by: redis.clients.jedis.exceptions.JedisConnectionException: Could not get a resource from the pool
	at org.springframework.data.redis.core.DefaultListOperationsTests.tearDown(DefaultListOperationsTests.java:86)
Caused by: redis.clients.jedis.exceptions.JedisConnectionException: java.net.ConnectException: Conexão recusada
	at org.springframework.data.redis.core.DefaultListOperationsTests.tearDown(DefaultListOperationsTests.java:86)
Caused by: java.net.ConnectException: Conexão recusada
	at org.springframework.data.redis.core.DefaultListOperationsTests.tearDown(DefaultListOperationsTests.java:86)
</error>
  </testcase>
  <testcase name="rightPushAllShouldThrowExceptionWhenCollectionContainsNullValue[5]" classname="org.springframework.data.redis.core.DefaultListOperationsTests" time="0.012">
    <error message="Cannot get Jedis connection; nested exception is redis.clients.jedis.exceptions.JedisConnectionException: Could not get a resource from the pool" type="org.springframework.data.redis.RedisConnectionFailureException">org.springframework.data.redis.RedisConnectionFailureException: Cannot get Jedis connection; nested exception is redis.clients.jedis.exceptions.JedisConnectionException: Could not get a resource from the pool
	at org.springframework.data.redis.core.DefaultListOperationsTests.tearDown(DefaultListOperationsTests.java:86)
Caused by: redis.clients.jedis.exceptions.JedisConnectionException: Could not get a resource from the pool
	at org.springframework.data.redis.core.DefaultListOperationsTests.tearDown(DefaultListOperationsTests.java:86)
Caused by: redis.clients.jedis.exceptions.JedisConnectionException: java.net.ConnectException: Conexão recusada
	at org.springframework.data.redis.core.DefaultListOperationsTests.tearDown(DefaultListOperationsTests.java:86)
Caused by: java.net.ConnectException: Conexão recusada
	at org.springframework.data.redis.core.DefaultListOperationsTests.tearDown(DefaultListOperationsTests.java:86)
</error>
  </testcase>
  <testcase name="testLeftPushAll[5]" classname="org.springframework.data.redis.core.DefaultListOperationsTests" time="0">
    <error message="Cannot get Jedis connection; nested exception is redis.clients.jedis.exceptions.JedisConnectionException: Could not get a resource from the pool" type="org.springframework.data.redis.RedisConnectionFailureException">org.springframework.data.redis.RedisConnectionFailureException: Cannot get Jedis connection; nested exception is redis.clients.jedis.exceptions.JedisConnectionException: Could not get a resource from the pool
	at org.springframework.data.redis.core.DefaultListOperationsTests.testLeftPushAll(DefaultListOperationsTests.java:127)
Caused by: redis.clients.jedis.exceptions.JedisConnectionException: Could not get a resource from the pool
	at org.springframework.data.redis.core.DefaultListOperationsTests.testLeftPushAll(DefaultListOperationsTests.java:127)
Caused by: redis.clients.jedis.exceptions.JedisConnectionException: java.net.ConnectException: Conexão recusada
	at org.springframework.data.redis.core.DefaultListOperationsTests.testLeftPushAll(DefaultListOperationsTests.java:127)
Caused by: java.net.ConnectException: Conexão recusada
	at org.springframework.data.redis.core.DefaultListOperationsTests.testLeftPushAll(DefaultListOperationsTests.java:127)
</error>
  </testcase>
  <testcase name="testLeftPushAll[5]" classname="org.springframework.data.redis.core.DefaultListOperationsTests" time="0">
    <error message="Cannot get Jedis connection; nested exception is redis.clients.jedis.exceptions.JedisConnectionException: Could not get a resource from the pool" type="org.springframework.data.redis.RedisConnectionFailureException">org.springframework.data.redis.RedisConnectionFailureException: Cannot get Jedis connection; nested exception is redis.clients.jedis.exceptions.JedisConnectionException: Could not get a resource from the pool
	at org.springframework.data.redis.core.DefaultListOperationsTests.tearDown(DefaultListOperationsTests.java:86)
Caused by: redis.clients.jedis.exceptions.JedisConnectionException: Could not get a resource from the pool
	at org.springframework.data.redis.core.DefaultListOperationsTests.tearDown(DefaultListOperationsTests.java:86)
Caused by: redis.clients.jedis.exceptions.JedisConnectionException: java.net.ConnectException: Conexão recusada
	at org.springframework.data.redis.core.DefaultListOperationsTests.tearDown(DefaultListOperationsTests.java:86)
Caused by: java.net.ConnectException: Conexão recusada
	at org.springframework.data.redis.core.DefaultListOperationsTests.tearDown(DefaultListOperationsTests.java:86)
</error>
  </testcase>
  <testcase name="rightPushAllShouldThrowExceptionWhenCalledWithEmptyCollection[5]" classname="org.springframework.data.redis.core.DefaultListOperationsTests" time="0.001">
    <error message="Cannot get Jedis connection; nested exception is redis.clients.jedis.exceptions.JedisConnectionException: Could not get a resource from the pool" type="org.springframework.data.redis.RedisConnectionFailureException">org.springframework.data.redis.RedisConnectionFailureException: Cannot get Jedis connection; nested exception is redis.clients.jedis.exceptions.JedisConnectionException: Could not get a resource from the pool
	at org.springframework.data.redis.core.DefaultListOperationsTests.tearDown(DefaultListOperationsTests.java:86)
Caused by: redis.clients.jedis.exceptions.JedisConnectionException: Could not get a resource from the pool
	at org.springframework.data.redis.core.DefaultListOperationsTests.tearDown(DefaultListOperationsTests.java:86)
Caused by: redis.clients.jedis.exceptions.JedisConnectionException: java.net.ConnectException: Conexão recusada
	at org.springframework.data.redis.core.DefaultListOperationsTests.tearDown(DefaultListOperationsTests.java:86)
Caused by: java.net.ConnectException: Conexão recusada
	at org.springframework.data.redis.core.DefaultListOperationsTests.tearDown(DefaultListOperationsTests.java:86)
</error>
  </testcase>
  <testcase name="testRightPushAll[5]" classname="org.springframework.data.redis.core.DefaultListOperationsTests" time="0">
    <error message="Cannot get Jedis connection; nested exception is redis.clients.jedis.exceptions.JedisConnectionException: Could not get a resource from the pool" type="org.springframework.data.redis.RedisConnectionFailureException">org.springframework.data.redis.RedisConnectionFailureException: Cannot get Jedis connection; nested exception is redis.clients.jedis.exceptions.JedisConnectionException: Could not get a resource from the pool
	at org.springframework.data.redis.core.DefaultListOperationsTests.testRightPushAll(DefaultListOperationsTests.java:184)
Caused by: redis.clients.jedis.exceptions.JedisConnectionException: Could not get a resource from the pool
	at org.springframework.data.redis.core.DefaultListOperationsTests.testRightPushAll(DefaultListOperationsTests.java:184)
Caused by: redis.clients.jedis.exceptions.JedisConnectionException: java.net.ConnectException: Conexão recusada
	at org.springframework.data.redis.core.DefaultListOperationsTests.testRightPushAll(DefaultListOperationsTests.java:184)
Caused by: java.net.ConnectException: Conexão recusada
	at org.springframework.data.redis.core.DefaultListOperationsTests.testRightPushAll(DefaultListOperationsTests.java:184)
</error>
  </testcase>
  <testcase name="testRightPushAll[5]" classname="org.springframework.data.redis.core.DefaultListOperationsTests" time="0">
    <error message="Cannot get Jedis connection; nested exception is redis.clients.jedis.exceptions.JedisConnectionException: Could not get a resource from the pool" type="org.springframework.data.redis.RedisConnectionFailureException">org.springframework.data.redis.RedisConnectionFailureException: Cannot get Jedis connection; nested exception is redis.clients.jedis.exceptions.JedisConnectionException: Could not get a resource from the pool
	at org.springframework.data.redis.core.DefaultListOperationsTests.tearDown(DefaultListOperationsTests.java:86)
Caused by: redis.clients.jedis.exceptions.JedisConnectionException: Could not get a resource from the pool
	at org.springframework.data.redis.core.DefaultListOperationsTests.tearDown(DefaultListOperationsTests.java:86)
Caused by: redis.clients.jedis.exceptions.JedisConnectionException: java.net.ConnectException: Conexão recusada
	at org.springframework.data.redis.core.DefaultListOperationsTests.tearDown(DefaultListOperationsTests.java:86)
Caused by: java.net.ConnectException: Conexão recusada
	at org.springframework.data.redis.core.DefaultListOperationsTests.tearDown(DefaultListOperationsTests.java:86)
</error>
  </testcase>
  <testcase name="testRightPushWithPivot[5]" classname="org.springframework.data.redis.core.DefaultListOperationsTests" time="0.001">
    <error message="Cannot get Jedis connection; nested exception is redis.clients.jedis.exceptions.JedisConnectionException: Could not get a resource from the pool" type="org.springframework.data.redis.RedisConnectionFailureException">org.springframework.data.redis.RedisConnectionFailureException: Cannot get Jedis connection; nested exception is redis.clients.jedis.exceptions.JedisConnectionException: Could not get a resource from the pool
	at org.springframework.data.redis.core.DefaultListOperationsTests.testRightPushWithPivot(DefaultListOperationsTests.java:160)
Caused by: redis.clients.jedis.exceptions.JedisConnectionException: Could not get a resource from the pool
	at org.springframework.data.redis.core.DefaultListOperationsTests.testRightPushWithPivot(DefaultListOperationsTests.java:160)
Caused by: redis.clients.jedis.exceptions.JedisConnectionException: java.net.ConnectException: Conexão recusada
	at org.springframework.data.redis.core.DefaultListOperationsTests.testRightPushWithPivot(DefaultListOperationsTests.java:160)
Caused by: java.net.ConnectException: Conexão recusada
	at org.springframework.data.redis.core.DefaultListOperationsTests.testRightPushWithPivot(DefaultListOperationsTests.java:160)
</error>
  </testcase>
  <testcase name="testRightPushWithPivot[5]" classname="org.springframework.data.redis.core.DefaultListOperationsTests" time="0.002">
    <error message="Cannot get Jedis connection; nested exception is redis.clients.jedis.exceptions.JedisConnectionException: Could not get a resource from the pool" type="org.springframework.data.redis.RedisConnectionFailureException">org.springframework.data.redis.RedisConnectionFailureException: Cannot get Jedis connection; nested exception is redis.clients.jedis.exceptions.JedisConnectionException: Could not get a resource from the pool
	at org.springframework.data.redis.core.DefaultListOperationsTests.tearDown(DefaultListOperationsTests.java:86)
Caused by: redis.clients.jedis.exceptions.JedisConnectionException: Could not get a resource from the pool
	at org.springframework.data.redis.core.DefaultListOperationsTests.tearDown(DefaultListOperationsTests.java:86)
Caused by: redis.clients.jedis.exceptions.JedisConnectionException: java.net.ConnectException: Conexão recusada
	at org.springframework.data.redis.core.DefaultListOperationsTests.tearDown(DefaultListOperationsTests.java:86)
Caused by: java.net.ConnectException: Conexão recusada
	at org.springframework.data.redis.core.DefaultListOperationsTests.tearDown(DefaultListOperationsTests.java:86)
</error>
  </testcase>
  <testcase name="testLeftPushIfPresent[5]" classname="org.springframework.data.redis.core.DefaultListOperationsTests" time="0.001">
    <error message="Cannot get Jedis connection; nested exception is redis.clients.jedis.exceptions.JedisConnectionException: Could not get a resource from the pool" type="org.springframework.data.redis.RedisConnectionFailureException">org.springframework.data.redis.RedisConnectionFailureException: Cannot get Jedis connection; nested exception is redis.clients.jedis.exceptions.JedisConnectionException: Could not get a resource from the pool
	at org.springframework.data.redis.core.DefaultListOperationsTests.testLeftPushIfPresent(DefaultListOperationsTests.java:114)
Caused by: redis.clients.jedis.exceptions.JedisConnectionException: Could not get a resource from the pool
	at org.springframework.data.redis.core.DefaultListOperationsTests.testLeftPushIfPresent(DefaultListOperationsTests.java:114)
Caused by: redis.clients.jedis.exceptions.JedisConnectionException: java.net.ConnectException: Conexão recusada
	at org.springframework.data.redis.core.DefaultListOperationsTests.testLeftPushIfPresent(DefaultListOperationsTests.java:114)
Caused by: java.net.ConnectException: Conexão recusada
	at org.springframework.data.redis.core.DefaultListOperationsTests.testLeftPushIfPresent(DefaultListOperationsTests.java:114)
</error>
  </testcase>
  <testcase name="testLeftPushIfPresent[5]" classname="org.springframework.data.redis.core.DefaultListOperationsTests" time="0.001">
    <error message="Cannot get Jedis connection; nested exception is redis.clients.jedis.exceptions.JedisConnectionException: Could not get a resource from the pool" type="org.springframework.data.redis.RedisConnectionFailureException">org.springframework.data.redis.RedisConnectionFailureException: Cannot get Jedis connection; nested exception is redis.clients.jedis.exceptions.JedisConnectionException: Could not get a resource from the pool
	at org.springframework.data.redis.core.DefaultListOperationsTests.tearDown(DefaultListOperationsTests.java:86)
Caused by: redis.clients.jedis.exceptions.JedisConnectionException: Could not get a resource from the pool
	at org.springframework.data.redis.core.DefaultListOperationsTests.tearDown(DefaultListOperationsTests.java:86)
Caused by: redis.clients.jedis.exceptions.JedisConnectionException: java.net.ConnectException: Conexão recusada
	at org.springframework.data.redis.core.DefaultListOperationsTests.tearDown(DefaultListOperationsTests.java:86)
Caused by: java.net.ConnectException: Conexão recusada
	at org.springframework.data.redis.core.DefaultListOperationsTests.tearDown(DefaultListOperationsTests.java:86)
</error>
  </testcase>
  <testcase name="testLeftPushAllCollection[5]" classname="org.springframework.data.redis.core.DefaultListOperationsTests" time="0.001">
    <error message="Cannot get Jedis connection; nested exception is redis.clients.jedis.exceptions.JedisConnectionException: Could not get a resource from the pool" type="org.springframework.data.redis.RedisConnectionFailureException">org.springframework.data.redis.RedisConnectionFailureException: Cannot get Jedis connection; nested exception is redis.clients.jedis.exceptions.JedisConnectionException: Could not get a resource from the pool
	at org.springframework.data.redis.core.DefaultListOperationsTests.testLeftPushAllCollection(DefaultListOperationsTests.java:244)
Caused by: redis.clients.jedis.exceptions.JedisConnectionException: Could not get a resource from the pool
	at org.springframework.data.redis.core.DefaultListOperationsTests.testLeftPushAllCollection(DefaultListOperationsTests.java:244)
Caused by: redis.clients.jedis.exceptions.JedisConnectionException: java.net.ConnectException: Conexão recusada
	at org.springframework.data.redis.core.DefaultListOperationsTests.testLeftPushAllCollection(DefaultListOperationsTests.java:244)
Caused by: java.net.ConnectException: Conexão recusada
	at org.springframework.data.redis.core.DefaultListOperationsTests.testLeftPushAllCollection(DefaultListOperationsTests.java:244)
</error>
  </testcase>
  <testcase name="testLeftPushAllCollection[5]" classname="org.springframework.data.redis.core.DefaultListOperationsTests" time="0.002">
    <error message="Cannot get Jedis connection; nested exception is redis.clients.jedis.exceptions.JedisConnectionException: Could not get a resource from the pool" type="org.springframework.data.redis.RedisConnectionFailureException">org.springframework.data.redis.RedisConnectionFailureException: Cannot get Jedis connection; nested exception is redis.clients.jedis.exceptions.JedisConnectionException: Could not get a resource from the pool
	at org.springframework.data.redis.core.DefaultListOperationsTests.tearDown(DefaultListOperationsTests.java:86)
Caused by: redis.clients.jedis.exceptions.JedisConnectionException: Could not get a resource from the pool
	at org.springframework.data.redis.core.DefaultListOperationsTests.tearDown(DefaultListOperationsTests.java:86)
Caused by: redis.clients.jedis.exceptions.JedisConnectionException: java.net.ConnectException: Conexão recusada
	at org.springframework.data.redis.core.DefaultListOperationsTests.tearDown(DefaultListOperationsTests.java:86)
Caused by: java.net.ConnectException: Conexão recusada
	at org.springframework.data.redis.core.DefaultListOperationsTests.tearDown(DefaultListOperationsTests.java:86)
</error>
  </testcase>
  <testcase name="testRightPushIfPresent[5]" classname="org.springframework.data.redis.core.DefaultListOperationsTests" time="0.001">
    <error message="Cannot get Jedis connection; nested exception is redis.clients.jedis.exceptions.JedisConnectionException: Could not get a resource from the pool" type="org.springframework.data.redis.RedisConnectionFailureException">org.springframework.data.redis.RedisConnectionFailureException: Cannot get Jedis connection; nested exception is redis.clients.jedis.exceptions.JedisConnectionException: Could not get a resource from the pool
	at org.springframework.data.redis.core.DefaultListOperationsTests.testRightPushIfPresent(DefaultListOperationsTests.java:171)
Caused by: redis.clients.jedis.exceptions.JedisConnectionException: Could not get a resource from the pool
	at org.springframework.data.redis.core.DefaultListOperationsTests.testRightPushIfPresent(DefaultListOperationsTests.java:171)
Caused by: redis.clients.jedis.exceptions.JedisConnectionException: java.net.ConnectException: Conexão recusada
	at org.springframework.data.redis.core.DefaultListOperationsTests.testRightPushIfPresent(DefaultListOperationsTests.java:171)
Caused by: java.net.ConnectException: Conexão recusada
	at org.springframework.data.redis.core.DefaultListOperationsTests.testRightPushIfPresent(DefaultListOperationsTests.java:171)
</error>
  </testcase>
  <testcase name="testRightPushIfPresent[5]" classname="org.springframework.data.redis.core.DefaultListOperationsTests" time="0.001">
    <error message="Cannot get Jedis connection; nested exception is redis.clients.jedis.exceptions.JedisConnectionException: Could not get a resource from the pool" type="org.springframework.data.redis.RedisConnectionFailureException">org.springframework.data.redis.RedisConnectionFailureException: Cannot get Jedis connection; nested exception is redis.clients.jedis.exceptions.JedisConnectionException: Could not get a resource from the pool
	at org.springframework.data.redis.core.DefaultListOperationsTests.tearDown(DefaultListOperationsTests.java:86)
Caused by: redis.clients.jedis.exceptions.JedisConnectionException: Could not get a resource from the pool
	at org.springframework.data.redis.core.DefaultListOperationsTests.tearDown(DefaultListOperationsTests.java:86)
Caused by: redis.clients.jedis.exceptions.JedisConnectionException: java.net.ConnectException: Conexão recusada
	at org.springframework.data.redis.core.DefaultListOperationsTests.tearDown(DefaultListOperationsTests.java:86)
Caused by: java.net.ConnectException: Conexão recusada
	at org.springframework.data.redis.core.DefaultListOperationsTests.tearDown(DefaultListOperationsTests.java:86)
</error>
  </testcase>
  <testcase name="testRightPushAllCollection[5]" classname="org.springframework.data.redis.core.DefaultListOperationsTests" time="0.002">
    <error message="Cannot get Jedis connection; nested exception is redis.clients.jedis.exceptions.JedisConnectionException: Could not get a resource from the pool" type="org.springframework.data.redis.RedisConnectionFailureException">org.springframework.data.redis.RedisConnectionFailureException: Cannot get Jedis connection; nested exception is redis.clients.jedis.exceptions.JedisConnectionException: Could not get a resource from the pool
	at org.springframework.data.redis.core.DefaultListOperationsTests.testRightPushAllCollection(DefaultListOperationsTests.java:202)
Caused by: redis.clients.jedis.exceptions.JedisConnectionException: Could not get a resource from the pool
	at org.springframework.data.redis.core.DefaultListOperationsTests.testRightPushAllCollection(DefaultListOperationsTests.java:202)
Caused by: redis.clients.jedis.exceptions.JedisConnectionException: java.net.ConnectException: Conexão recusada
	at org.springframework.data.redis.core.DefaultListOperationsTests.testRightPushAllCollection(DefaultListOperationsTests.java:202)
Caused by: java.net.ConnectException: Conexão recusada
	at org.springframework.data.redis.core.DefaultListOperationsTests.testRightPushAllCollection(DefaultListOperationsTests.java:202)
</error>
  </testcase>
  <testcase name="testRightPushAllCollection[5]" classname="org.springframework.data.redis.core.DefaultListOperationsTests" time="0.004">
    <error message="Cannot get Jedis connection; nested exception is redis.clients.jedis.exceptions.JedisConnectionException: Could not get a resource from the pool" type="org.springframework.data.redis.RedisConnectionFailureException">org.springframework.data.redis.RedisConnectionFailureException: Cannot get Jedis connection; nested exception is redis.clients.jedis.exceptions.JedisConnectionException: Could not get a resource from the pool
	at org.springframework.data.redis.core.DefaultListOperationsTests.tearDown(DefaultListOperationsTests.java:86)
Caused by: redis.clients.jedis.exceptions.JedisConnectionException: Could not get a resource from the pool
	at org.springframework.data.redis.core.DefaultListOperationsTests.tearDown(DefaultListOperationsTests.java:86)
Caused by: redis.clients.jedis.exceptions.JedisConnectionException: java.net.ConnectException: Conexão recusada
	at org.springframework.data.redis.core.DefaultListOperationsTests.tearDown(DefaultListOperationsTests.java:86)
Caused by: java.net.ConnectException: Conexão recusada
	at org.springframework.data.redis.core.DefaultListOperationsTests.tearDown(DefaultListOperationsTests.java:86)
</error>
  </testcase>
  <testcase name="testRightPopAndLeftPush[5]" classname="org.springframework.data.redis.core.DefaultListOperationsTests" time="0">
    <error message="Cannot get Jedis connection; nested exception is redis.clients.jedis.exceptions.JedisConnectionException: Could not get a resource from the pool" type="org.springframework.data.redis.RedisConnectionFailureException">org.springframework.data.redis.RedisConnectionFailureException: Cannot get Jedis connection; nested exception is redis.clients.jedis.exceptions.JedisConnectionException: Could not get a resource from the pool
	at org.springframework.data.redis.core.DefaultListOperationsTests.testRightPopAndLeftPush(DefaultListOperationsTests.java:149)
Caused by: redis.clients.jedis.exceptions.JedisConnectionException: Could not get a resource from the pool
	at org.springframework.data.redis.core.DefaultListOperationsTests.testRightPopAndLeftPush(DefaultListOperationsTests.java:149)
Caused by: redis.clients.jedis.exceptions.JedisConnectionException: java.net.ConnectException: Conexão recusada
	at org.springframework.data.redis.core.DefaultListOperationsTests.testRightPopAndLeftPush(DefaultListOperationsTests.java:149)
Caused by: java.net.ConnectException: Conexão recusada
	at org.springframework.data.redis.core.DefaultListOperationsTests.testRightPopAndLeftPush(DefaultListOperationsTests.java:149)
</error>
  </testcase>
  <testcase name="testRightPopAndLeftPush[5]" classname="org.springframework.data.redis.core.DefaultListOperationsTests" time="0">
    <error message="Cannot get Jedis connection; nested exception is redis.clients.jedis.exceptions.JedisConnectionException: Could not get a resource from the pool" type="org.springframework.data.redis.RedisConnectionFailureException">org.springframework.data.redis.RedisConnectionFailureException: Cannot get Jedis connection; nested exception is redis.clients.jedis.exceptions.JedisConnectionException: Could not get a resource from the pool
	at org.springframework.data.redis.core.DefaultListOperationsTests.tearDown(DefaultListOperationsTests.java:86)
Caused by: redis.clients.jedis.exceptions.JedisConnectionException: Could not get a resource from the pool
	at org.springframework.data.redis.core.DefaultListOperationsTests.tearDown(DefaultListOperationsTests.java:86)
Caused by: redis.clients.jedis.exceptions.JedisConnectionException: java.net.ConnectException: Conexão recusada
	at org.springframework.data.redis.core.DefaultListOperationsTests.tearDown(DefaultListOperationsTests.java:86)
Caused by: java.net.ConnectException: Conexão recusada
	at org.springframework.data.redis.core.DefaultListOperationsTests.tearDown(DefaultListOperationsTests.java:86)
</error>
  </testcase>
  <testcase name="leftPushAllShouldThrowExceptionWhenCollectionContainsNullValue[5]" classname="org.springframework.data.redis.core.DefaultListOperationsTests" time="0.001">
    <error message="Cannot get Jedis connection; nested exception is redis.clients.jedis.exceptions.JedisConnectionException: Could not get a resource from the pool" type="org.springframework.data.redis.RedisConnectionFailureException">org.springframework.data.redis.RedisConnectionFailureException: Cannot get Jedis connection; nested exception is redis.clients.jedis.exceptions.JedisConnectionException: Could not get a resource from the pool
	at org.springframework.data.redis.core.DefaultListOperationsTests.tearDown(DefaultListOperationsTests.java:86)
Caused by: redis.clients.jedis.exceptions.JedisConnectionException: Could not get a resource from the pool
	at org.springframework.data.redis.core.DefaultListOperationsTests.tearDown(DefaultListOperationsTests.java:86)
Caused by: redis.clients.jedis.exceptions.JedisConnectionException: java.net.ConnectException: Conexão recusada
	at org.springframework.data.redis.core.DefaultListOperationsTests.tearDown(DefaultListOperationsTests.java:86)
Caused by: java.net.ConnectException: Conexão recusada
	at org.springframework.data.redis.core.DefaultListOperationsTests.tearDown(DefaultListOperationsTests.java:86)
</error>
  </testcase>
  <testcase name="rightPushAllShouldThrowExceptionWhenCalledWithNull[5]" classname="org.springframework.data.redis.core.DefaultListOperationsTests" time="0.001">
    <error message="Cannot get Jedis connection; nested exception is redis.clients.jedis.exceptions.JedisConnectionException: Could not get a resource from the pool" type="org.springframework.data.redis.RedisConnectionFailureException">org.springframework.data.redis.RedisConnectionFailureException: Cannot get Jedis connection; nested exception is redis.clients.jedis.exceptions.JedisConnectionException: Could not get a resource from the pool
	at org.springframework.data.redis.core.DefaultListOperationsTests.tearDown(DefaultListOperationsTests.java:86)
Caused by: redis.clients.jedis.exceptions.JedisConnectionException: Could not get a resource from the pool
	at org.springframework.data.redis.core.DefaultListOperationsTests.tearDown(DefaultListOperationsTests.java:86)
Caused by: redis.clients.jedis.exceptions.JedisConnectionException: java.net.ConnectException: Conexão recusada
	at org.springframework.data.redis.core.DefaultListOperationsTests.tearDown(DefaultListOperationsTests.java:86)
Caused by: java.net.ConnectException: Conexão recusada
	at org.springframework.data.redis.core.DefaultListOperationsTests.tearDown(DefaultListOperationsTests.java:86)
</error>
  </testcase>
  <testcase name="leftPushAllShouldThrowExceptionWhenCalledWithNull[5]" classname="org.springframework.data.redis.core.DefaultListOperationsTests" time="0">
    <error message="Cannot get Jedis connection; nested exception is redis.clients.jedis.exceptions.JedisConnectionException: Could not get a resource from the pool" type="org.springframework.data.redis.RedisConnectionFailureException">org.springframework.data.redis.RedisConnectionFailureException: Cannot get Jedis connection; nested exception is redis.clients.jedis.exceptions.JedisConnectionException: Could not get a resource from the pool
	at org.springframework.data.redis.core.DefaultListOperationsTests.tearDown(DefaultListOperationsTests.java:86)
Caused by: redis.clients.jedis.exceptions.JedisConnectionException: Could not get a resource from the pool
	at org.springframework.data.redis.core.DefaultListOperationsTests.tearDown(DefaultListOperationsTests.java:86)
Caused by: redis.clients.jedis.exceptions.JedisConnectionException: java.net.ConnectException: Conexão recusada
	at org.springframework.data.redis.core.DefaultListOperationsTests.tearDown(DefaultListOperationsTests.java:86)
Caused by: java.net.ConnectException: Conexão recusada
	at org.springframework.data.redis.core.DefaultListOperationsTests.tearDown(DefaultListOperationsTests.java:86)
</error>
  </testcase>
  <testcase name="leftPushAllShouldThrowExceptionWhenCalledWithEmptyCollection[5]" classname="org.springframework.data.redis.core.DefaultListOperationsTests" time="0.001">
    <error message="Cannot get Jedis connection; nested exception is redis.clients.jedis.exceptions.JedisConnectionException: Could not get a resource from the pool" type="org.springframework.data.redis.RedisConnectionFailureException">org.springframework.data.redis.RedisConnectionFailureException: Cannot get Jedis connection; nested exception is redis.clients.jedis.exceptions.JedisConnectionException: Could not get a resource from the pool
	at org.springframework.data.redis.core.DefaultListOperationsTests.tearDown(DefaultListOperationsTests.java:86)
Caused by: redis.clients.jedis.exceptions.JedisConnectionException: Could not get a resource from the pool
	at org.springframework.data.redis.core.DefaultListOperationsTests.tearDown(DefaultListOperationsTests.java:86)
Caused by: redis.clients.jedis.exceptions.JedisConnectionException: java.net.ConnectException: Conexão recusada
	at org.springframework.data.redis.core.DefaultListOperationsTests.tearDown(DefaultListOperationsTests.java:86)
Caused by: java.net.ConnectException: Conexão recusada
	at org.springframework.data.redis.core.DefaultListOperationsTests.tearDown(DefaultListOperationsTests.java:86)
</error>
  </testcase>
  <testcase name="testRightPopAndLeftPushTimeout[5]" classname="org.springframework.data.redis.core.DefaultListOperationsTests" time="0">
    <error message="Could not initialize class org.springframework.data.redis.RedisTestProfileValueSource" type="java.lang.NoClassDefFoundError">java.lang.NoClassDefFoundError: Could not initialize class org.springframework.data.redis.RedisTestProfileValueSource
	at org.springframework.data.redis.core.DefaultListOperationsTests.testRightPopAndLeftPushTimeout(DefaultListOperationsTests.java:135)
</error>
  </testcase>
  <testcase name="testRightPopAndLeftPushTimeout[5]" classname="org.springframework.data.redis.core.DefaultListOperationsTests" time="0.001">
    <error message="Cannot get Jedis connection; nested exception is redis.clients.jedis.exceptions.JedisConnectionException: Could not get a resource from the pool" type="org.springframework.data.redis.RedisConnectionFailureException">org.springframework.data.redis.RedisConnectionFailureException: Cannot get Jedis connection; nested exception is redis.clients.jedis.exceptions.JedisConnectionException: Could not get a resource from the pool
	at org.springframework.data.redis.core.DefaultListOperationsTests.tearDown(DefaultListOperationsTests.java:86)
Caused by: redis.clients.jedis.exceptions.JedisConnectionException: Could not get a resource from the pool
	at org.springframework.data.redis.core.DefaultListOperationsTests.tearDown(DefaultListOperationsTests.java:86)
Caused by: redis.clients.jedis.exceptions.JedisConnectionException: java.net.ConnectException: Conexão recusada
	at org.springframework.data.redis.core.DefaultListOperationsTests.tearDown(DefaultListOperationsTests.java:86)
Caused by: java.net.ConnectException: Conexão recusada
	at org.springframework.data.redis.core.DefaultListOperationsTests.tearDown(DefaultListOperationsTests.java:86)
</error>
  </testcase>
  <testcase name="testLeftPushWithPivot[5]" classname="org.springframework.data.redis.core.DefaultListOperationsTests" time="0.001">
    <error message="Cannot get Jedis connection; nested exception is redis.clients.jedis.exceptions.JedisConnectionException: Could not get a resource from the pool" type="org.springframework.data.redis.RedisConnectionFailureException">org.springframework.data.redis.RedisConnectionFailureException: Cannot get Jedis connection; nested exception is redis.clients.jedis.exceptions.JedisConnectionException: Could not get a resource from the pool
	at org.springframework.data.redis.core.DefaultListOperationsTests.testLeftPushWithPivot(DefaultListOperationsTests.java:103)
Caused by: redis.clients.jedis.exceptions.JedisConnectionException: Could not get a resource from the pool
	at org.springframework.data.redis.core.DefaultListOperationsTests.testLeftPushWithPivot(DefaultListOperationsTests.java:103)
Caused by: redis.clients.jedis.exceptions.JedisConnectionException: java.net.ConnectException: Conexão recusada
	at org.springframework.data.redis.core.DefaultListOperationsTests.testLeftPushWithPivot(DefaultListOperationsTests.java:103)
Caused by: java.net.ConnectException: Conexão recusada
	at org.springframework.data.redis.core.DefaultListOperationsTests.testLeftPushWithPivot(DefaultListOperationsTests.java:103)
</error>
    <system-out><![CDATA[Value1fdbdbad6-5384-4c6b-be65-08c055aea648
Value24366e36d-1625-43a9-85f9-1e54a358faca
Value360126ee8-9e70-4bd9-b18e-ac8e832dbedc
]]></system-out>
  </testcase>
  <testcase name="testLeftPushWithPivot[5]" classname="org.springframework.data.redis.core.DefaultListOperationsTests" time="0.001">
    <error message="Cannot get Jedis connection; nested exception is redis.clients.jedis.exceptions.JedisConnectionException: Could not get a resource from the pool" type="org.springframework.data.redis.RedisConnectionFailureException">org.springframework.data.redis.RedisConnectionFailureException: Cannot get Jedis connection; nested exception is redis.clients.jedis.exceptions.JedisConnectionException: Could not get a resource from the pool
	at org.springframework.data.redis.core.DefaultListOperationsTests.tearDown(DefaultListOperationsTests.java:86)
Caused by: redis.clients.jedis.exceptions.JedisConnectionException: Could not get a resource from the pool
	at org.springframework.data.redis.core.DefaultListOperationsTests.tearDown(DefaultListOperationsTests.java:86)
Caused by: redis.clients.jedis.exceptions.JedisConnectionException: java.net.ConnectException: Conexão recusada
	at org.springframework.data.redis.core.DefaultListOperationsTests.tearDown(DefaultListOperationsTests.java:86)
Caused by: java.net.ConnectException: Conexão recusada
	at org.springframework.data.redis.core.DefaultListOperationsTests.tearDown(DefaultListOperationsTests.java:86)
</error>
  </testcase>
  <testcase name="rightPushAllShouldThrowExceptionWhenCollectionContainsNullValue[6]" classname="org.springframework.data.redis.core.DefaultListOperationsTests" time="0.003">
    <error message="Cannot get Jedis connection; nested exception is redis.clients.jedis.exceptions.JedisConnectionException: Could not get a resource from the pool" type="org.springframework.data.redis.RedisConnectionFailureException">org.springframework.data.redis.RedisConnectionFailureException: Cannot get Jedis connection; nested exception is redis.clients.jedis.exceptions.JedisConnectionException: Could not get a resource from the pool
	at org.springframework.data.redis.core.DefaultListOperationsTests.tearDown(DefaultListOperationsTests.java:86)
Caused by: redis.clients.jedis.exceptions.JedisConnectionException: Could not get a resource from the pool
	at org.springframework.data.redis.core.DefaultListOperationsTests.tearDown(DefaultListOperationsTests.java:86)
Caused by: redis.clients.jedis.exceptions.JedisConnectionException: java.net.ConnectException: Conexão recusada
	at org.springframework.data.redis.core.DefaultListOperationsTests.tearDown(DefaultListOperationsTests.java:86)
Caused by: java.net.ConnectException: Conexão recusada
	at org.springframework.data.redis.core.DefaultListOperationsTests.tearDown(DefaultListOperationsTests.java:86)
</error>
  </testcase>
  <testcase name="testLeftPushAll[6]" classname="org.springframework.data.redis.core.DefaultListOperationsTests" time="0.007">
    <error message="Cannot get Jedis connection; nested exception is redis.clients.jedis.exceptions.JedisConnectionException: Could not get a resource from the pool" type="org.springframework.data.redis.RedisConnectionFailureException">org.springframework.data.redis.RedisConnectionFailureException: Cannot get Jedis connection; nested exception is redis.clients.jedis.exceptions.JedisConnectionException: Could not get a resource from the pool
	at org.springframework.data.redis.core.DefaultListOperationsTests.testLeftPushAll(DefaultListOperationsTests.java:127)
Caused by: redis.clients.jedis.exceptions.JedisConnectionException: Could not get a resource from the pool
	at org.springframework.data.redis.core.DefaultListOperationsTests.testLeftPushAll(DefaultListOperationsTests.java:127)
Caused by: redis.clients.jedis.exceptions.JedisConnectionException: java.net.ConnectException: Conexão recusada
	at org.springframework.data.redis.core.DefaultListOperationsTests.testLeftPushAll(DefaultListOperationsTests.java:127)
Caused by: java.net.ConnectException: Conexão recusada
	at org.springframework.data.redis.core.DefaultListOperationsTests.testLeftPushAll(DefaultListOperationsTests.java:127)
</error>
  </testcase>
  <testcase name="testLeftPushAll[6]" classname="org.springframework.data.redis.core.DefaultListOperationsTests" time="0.007">
    <error message="Cannot get Jedis connection; nested exception is redis.clients.jedis.exceptions.JedisConnectionException: Could not get a resource from the pool" type="org.springframework.data.redis.RedisConnectionFailureException">org.springframework.data.redis.RedisConnectionFailureException: Cannot get Jedis connection; nested exception is redis.clients.jedis.exceptions.JedisConnectionException: Could not get a resource from the pool
	at org.springframework.data.redis.core.DefaultListOperationsTests.tearDown(DefaultListOperationsTests.java:86)
Caused by: redis.clients.jedis.exceptions.JedisConnectionException: Could not get a resource from the pool
	at org.springframework.data.redis.core.DefaultListOperationsTests.tearDown(DefaultListOperationsTests.java:86)
Caused by: redis.clients.jedis.exceptions.JedisConnectionException: java.net.ConnectException: Conexão recusada
	at org.springframework.data.redis.core.DefaultListOperationsTests.tearDown(DefaultListOperationsTests.java:86)
Caused by: java.net.ConnectException: Conexão recusada
	at org.springframework.data.redis.core.DefaultListOperationsTests.tearDown(DefaultListOperationsTests.java:86)
</error>
  </testcase>
  <testcase name="rightPushAllShouldThrowExceptionWhenCalledWithEmptyCollection[6]" classname="org.springframework.data.redis.core.DefaultListOperationsTests" time="0">
    <error message="Cannot get Jedis connection; nested exception is redis.clients.jedis.exceptions.JedisConnectionException: Could not get a resource from the pool" type="org.springframework.data.redis.RedisConnectionFailureException">org.springframework.data.redis.RedisConnectionFailureException: Cannot get Jedis connection; nested exception is redis.clients.jedis.exceptions.JedisConnectionException: Could not get a resource from the pool
	at org.springframework.data.redis.core.DefaultListOperationsTests.tearDown(DefaultListOperationsTests.java:86)
Caused by: redis.clients.jedis.exceptions.JedisConnectionException: Could not get a resource from the pool
	at org.springframework.data.redis.core.DefaultListOperationsTests.tearDown(DefaultListOperationsTests.java:86)
Caused by: redis.clients.jedis.exceptions.JedisConnectionException: java.net.ConnectException: Conexão recusada
	at org.springframework.data.redis.core.DefaultListOperationsTests.tearDown(DefaultListOperationsTests.java:86)
Caused by: java.net.ConnectException: Conexão recusada
	at org.springframework.data.redis.core.DefaultListOperationsTests.tearDown(DefaultListOperationsTests.java:86)
</error>
  </testcase>
  <testcase name="testRightPushAll[6]" classname="org.springframework.data.redis.core.DefaultListOperationsTests" time="0.005">
    <error message="Cannot get Jedis connection; nested exception is redis.clients.jedis.exceptions.JedisConnectionException: Could not get a resource from the pool" type="org.springframework.data.redis.RedisConnectionFailureException">org.springframework.data.redis.RedisConnectionFailureException: Cannot get Jedis connection; nested exception is redis.clients.jedis.exceptions.JedisConnectionException: Could not get a resource from the pool
	at org.springframework.data.redis.core.DefaultListOperationsTests.testRightPushAll(DefaultListOperationsTests.java:184)
Caused by: redis.clients.jedis.exceptions.JedisConnectionException: Could not get a resource from the pool
	at org.springframework.data.redis.core.DefaultListOperationsTests.testRightPushAll(DefaultListOperationsTests.java:184)
Caused by: redis.clients.jedis.exceptions.JedisConnectionException: java.net.ConnectException: Conexão recusada
	at org.springframework.data.redis.core.DefaultListOperationsTests.testRightPushAll(DefaultListOperationsTests.java:184)
Caused by: java.net.ConnectException: Conexão recusada
	at org.springframework.data.redis.core.DefaultListOperationsTests.testRightPushAll(DefaultListOperationsTests.java:184)
</error>
  </testcase>
  <testcase name="testRightPushAll[6]" classname="org.springframework.data.redis.core.DefaultListOperationsTests" time="0.005">
    <error message="Cannot get Jedis connection; nested exception is redis.clients.jedis.exceptions.JedisConnectionException: Could not get a resource from the pool" type="org.springframework.data.redis.RedisConnectionFailureException">org.springframework.data.redis.RedisConnectionFailureException: Cannot get Jedis connection; nested exception is redis.clients.jedis.exceptions.JedisConnectionException: Could not get a resource from the pool
	at org.springframework.data.redis.core.DefaultListOperationsTests.tearDown(DefaultListOperationsTests.java:86)
Caused by: redis.clients.jedis.exceptions.JedisConnectionException: Could not get a resource from the pool
	at org.springframework.data.redis.core.DefaultListOperationsTests.tearDown(DefaultListOperationsTests.java:86)
Caused by: redis.clients.jedis.exceptions.JedisConnectionException: java.net.ConnectException: Conexão recusada
	at org.springframework.data.redis.core.DefaultListOperationsTests.tearDown(DefaultListOperationsTests.java:86)
Caused by: java.net.ConnectException: Conexão recusada
	at org.springframework.data.redis.core.DefaultListOperationsTests.tearDown(DefaultListOperationsTests.java:86)
</error>
  </testcase>
  <testcase name="testRightPushWithPivot[6]" classname="org.springframework.data.redis.core.DefaultListOperationsTests" time="0">
    <error message="Cannot get Jedis connection; nested exception is redis.clients.jedis.exceptions.JedisConnectionException: Could not get a resource from the pool" type="org.springframework.data.redis.RedisConnectionFailureException">org.springframework.data.redis.RedisConnectionFailureException: Cannot get Jedis connection; nested exception is redis.clients.jedis.exceptions.JedisConnectionException: Could not get a resource from the pool
	at org.springframework.data.redis.core.DefaultListOperationsTests.testRightPushWithPivot(DefaultListOperationsTests.java:160)
Caused by: redis.clients.jedis.exceptions.JedisConnectionException: Could not get a resource from the pool
	at org.springframework.data.redis.core.DefaultListOperationsTests.testRightPushWithPivot(DefaultListOperationsTests.java:160)
Caused by: redis.clients.jedis.exceptions.JedisConnectionException: java.net.ConnectException: Conexão recusada
	at org.springframework.data.redis.core.DefaultListOperationsTests.testRightPushWithPivot(DefaultListOperationsTests.java:160)
Caused by: java.net.ConnectException: Conexão recusada
	at org.springframework.data.redis.core.DefaultListOperationsTests.testRightPushWithPivot(DefaultListOperationsTests.java:160)
</error>
  </testcase>
  <testcase name="testRightPushWithPivot[6]" classname="org.springframework.data.redis.core.DefaultListOperationsTests" time="0">
    <error message="Cannot get Jedis connection; nested exception is redis.clients.jedis.exceptions.JedisConnectionException: Could not get a resource from the pool" type="org.springframework.data.redis.RedisConnectionFailureException">org.springframework.data.redis.RedisConnectionFailureException: Cannot get Jedis connection; nested exception is redis.clients.jedis.exceptions.JedisConnectionException: Could not get a resource from the pool
	at org.springframework.data.redis.core.DefaultListOperationsTests.tearDown(DefaultListOperationsTests.java:86)
Caused by: redis.clients.jedis.exceptions.JedisConnectionException: Could not get a resource from the pool
	at org.springframework.data.redis.core.DefaultListOperationsTests.tearDown(DefaultListOperationsTests.java:86)
Caused by: redis.clients.jedis.exceptions.JedisConnectionException: java.net.ConnectException: Conexão recusada
	at org.springframework.data.redis.core.DefaultListOperationsTests.tearDown(DefaultListOperationsTests.java:86)
Caused by: java.net.ConnectException: Conexão recusada
	at org.springframework.data.redis.core.DefaultListOperationsTests.tearDown(DefaultListOperationsTests.java:86)
</error>
  </testcase>
  <testcase name="testLeftPushIfPresent[6]" classname="org.springframework.data.redis.core.DefaultListOperationsTests" time="0.002">
    <error message="Cannot get Jedis connection; nested exception is redis.clients.jedis.exceptions.JedisConnectionException: Could not get a resource from the pool" type="org.springframework.data.redis.RedisConnectionFailureException">org.springframework.data.redis.RedisConnectionFailureException: Cannot get Jedis connection; nested exception is redis.clients.jedis.exceptions.JedisConnectionException: Could not get a resource from the pool
	at org.springframework.data.redis.core.DefaultListOperationsTests.testLeftPushIfPresent(DefaultListOperationsTests.java:114)
Caused by: redis.clients.jedis.exceptions.JedisConnectionException: Could not get a resource from the pool
	at org.springframework.data.redis.core.DefaultListOperationsTests.testLeftPushIfPresent(DefaultListOperationsTests.java:114)
Caused by: redis.clients.jedis.exceptions.JedisConnectionException: java.net.ConnectException: Conexão recusada
	at org.springframework.data.redis.core.DefaultListOperationsTests.testLeftPushIfPresent(DefaultListOperationsTests.java:114)
Caused by: java.net.ConnectException: Conexão recusada
	at org.springframework.data.redis.core.DefaultListOperationsTests.testLeftPushIfPresent(DefaultListOperationsTests.java:114)
</error>
  </testcase>
  <testcase name="testLeftPushIfPresent[6]" classname="org.springframework.data.redis.core.DefaultListOperationsTests" time="0.002">
    <error message="Cannot get Jedis connection; nested exception is redis.clients.jedis.exceptions.JedisConnectionException: Could not get a resource from the pool" type="org.springframework.data.redis.RedisConnectionFailureException">org.springframework.data.redis.RedisConnectionFailureException: Cannot get Jedis connection; nested exception is redis.clients.jedis.exceptions.JedisConnectionException: Could not get a resource from the pool
	at org.springframework.data.redis.core.DefaultListOperationsTests.tearDown(DefaultListOperationsTests.java:86)
Caused by: redis.clients.jedis.exceptions.JedisConnectionException: Could not get a resource from the pool
	at org.springframework.data.redis.core.DefaultListOperationsTests.tearDown(DefaultListOperationsTests.java:86)
Caused by: redis.clients.jedis.exceptions.JedisConnectionException: java.net.ConnectException: Conexão recusada
	at org.springframework.data.redis.core.DefaultListOperationsTests.tearDown(DefaultListOperationsTests.java:86)
Caused by: java.net.ConnectException: Conexão recusada
	at org.springframework.data.redis.core.DefaultListOperationsTests.tearDown(DefaultListOperationsTests.java:86)
</error>
  </testcase>
  <testcase name="testLeftPushAllCollection[6]" classname="org.springframework.data.redis.core.DefaultListOperationsTests" time="0.003">
    <error message="Cannot get Jedis connection; nested exception is redis.clients.jedis.exceptions.JedisConnectionException: Could not get a resource from the pool" type="org.springframework.data.redis.RedisConnectionFailureException">org.springframework.data.redis.RedisConnectionFailureException: Cannot get Jedis connection; nested exception is redis.clients.jedis.exceptions.JedisConnectionException: Could not get a resource from the pool
	at org.springframework.data.redis.core.DefaultListOperationsTests.testLeftPushAllCollection(DefaultListOperationsTests.java:244)
Caused by: redis.clients.jedis.exceptions.JedisConnectionException: Could not get a resource from the pool
	at org.springframework.data.redis.core.DefaultListOperationsTests.testLeftPushAllCollection(DefaultListOperationsTests.java:244)
Caused by: redis.clients.jedis.exceptions.JedisConnectionException: java.net.ConnectException: Conexão recusada
	at org.springframework.data.redis.core.DefaultListOperationsTests.testLeftPushAllCollection(DefaultListOperationsTests.java:244)
Caused by: java.net.ConnectException: Conexão recusada
	at org.springframework.data.redis.core.DefaultListOperationsTests.testLeftPushAllCollection(DefaultListOperationsTests.java:244)
</error>
  </testcase>
  <testcase name="testLeftPushAllCollection[6]" classname="org.springframework.data.redis.core.DefaultListOperationsTests" time="0.003">
    <error message="Cannot get Jedis connection; nested exception is redis.clients.jedis.exceptions.JedisConnectionException: Could not get a resource from the pool" type="org.springframework.data.redis.RedisConnectionFailureException">org.springframework.data.redis.RedisConnectionFailureException: Cannot get Jedis connection; nested exception is redis.clients.jedis.exceptions.JedisConnectionException: Could not get a resource from the pool
	at org.springframework.data.redis.core.DefaultListOperationsTests.tearDown(DefaultListOperationsTests.java:86)
Caused by: redis.clients.jedis.exceptions.JedisConnectionException: Could not get a resource from the pool
	at org.springframework.data.redis.core.DefaultListOperationsTests.tearDown(DefaultListOperationsTests.java:86)
Caused by: redis.clients.jedis.exceptions.JedisConnectionException: java.net.ConnectException: Conexão recusada
	at org.springframework.data.redis.core.DefaultListOperationsTests.tearDown(DefaultListOperationsTests.java:86)
Caused by: java.net.ConnectException: Conexão recusada
	at org.springframework.data.redis.core.DefaultListOperationsTests.tearDown(DefaultListOperationsTests.java:86)
</error>
  </testcase>
  <testcase name="testRightPushIfPresent[6]" classname="org.springframework.data.redis.core.DefaultListOperationsTests" time="0.002">
    <error message="Cannot get Jedis connection; nested exception is redis.clients.jedis.exceptions.JedisConnectionException: Could not get a resource from the pool" type="org.springframework.data.redis.RedisConnectionFailureException">org.springframework.data.redis.RedisConnectionFailureException: Cannot get Jedis connection; nested exception is redis.clients.jedis.exceptions.JedisConnectionException: Could not get a resource from the pool
	at org.springframework.data.redis.core.DefaultListOperationsTests.testRightPushIfPresent(DefaultListOperationsTests.java:171)
Caused by: redis.clients.jedis.exceptions.JedisConnectionException: Could not get a resource from the pool
	at org.springframework.data.redis.core.DefaultListOperationsTests.testRightPushIfPresent(DefaultListOperationsTests.java:171)
Caused by: redis.clients.jedis.exceptions.JedisConnectionException: java.net.ConnectException: Conexão recusada
	at org.springframework.data.redis.core.DefaultListOperationsTests.testRightPushIfPresent(DefaultListOperationsTests.java:171)
Caused by: java.net.ConnectException: Conexão recusada
	at org.springframework.data.redis.core.DefaultListOperationsTests.testRightPushIfPresent(DefaultListOperationsTests.java:171)
</error>
  </testcase>
  <testcase name="testRightPushIfPresent[6]" classname="org.springframework.data.redis.core.DefaultListOperationsTests" time="0.002">
    <error message="Cannot get Jedis connection; nested exception is redis.clients.jedis.exceptions.JedisConnectionException: Could not get a resource from the pool" type="org.springframework.data.redis.RedisConnectionFailureException">org.springframework.data.redis.RedisConnectionFailureException: Cannot get Jedis connection; nested exception is redis.clients.jedis.exceptions.JedisConnectionException: Could not get a resource from the pool
	at org.springframework.data.redis.core.DefaultListOperationsTests.tearDown(DefaultListOperationsTests.java:86)
Caused by: redis.clients.jedis.exceptions.JedisConnectionException: Could not get a resource from the pool
	at org.springframework.data.redis.core.DefaultListOperationsTests.tearDown(DefaultListOperationsTests.java:86)
Caused by: redis.clients.jedis.exceptions.JedisConnectionException: java.net.ConnectException: Conexão recusada
	at org.springframework.data.redis.core.DefaultListOperationsTests.tearDown(DefaultListOperationsTests.java:86)
Caused by: java.net.ConnectException: Conexão recusada
	at org.springframework.data.redis.core.DefaultListOperationsTests.tearDown(DefaultListOperationsTests.java:86)
</error>
  </testcase>
  <testcase name="testRightPushAllCollection[6]" classname="org.springframework.data.redis.core.DefaultListOperationsTests" time="0.006">
    <error message="Cannot get Jedis connection; nested exception is redis.clients.jedis.exceptions.JedisConnectionException: Could not get a resource from the pool" type="org.springframework.data.redis.RedisConnectionFailureException">org.springframework.data.redis.RedisConnectionFailureException: Cannot get Jedis connection; nested exception is redis.clients.jedis.exceptions.JedisConnectionException: Could not get a resource from the pool
	at org.springframework.data.redis.core.DefaultListOperationsTests.testRightPushAllCollection(DefaultListOperationsTests.java:202)
Caused by: redis.clients.jedis.exceptions.JedisConnectionException: Could not get a resource from the pool
	at org.springframework.data.redis.core.DefaultListOperationsTests.testRightPushAllCollection(DefaultListOperationsTests.java:202)
Caused by: redis.clients.jedis.exceptions.JedisConnectionException: java.net.ConnectException: Conexão recusada
	at org.springframework.data.redis.core.DefaultListOperationsTests.testRightPushAllCollection(DefaultListOperationsTests.java:202)
Caused by: java.net.ConnectException: Conexão recusada
	at org.springframework.data.redis.core.DefaultListOperationsTests.testRightPushAllCollection(DefaultListOperationsTests.java:202)
</error>
  </testcase>
  <testcase name="testRightPushAllCollection[6]" classname="org.springframework.data.redis.core.DefaultListOperationsTests" time="0.006">
    <error message="Cannot get Jedis connection; nested exception is redis.clients.jedis.exceptions.JedisConnectionException: Could not get a resource from the pool" type="org.springframework.data.redis.RedisConnectionFailureException">org.springframework.data.redis.RedisConnectionFailureException: Cannot get Jedis connection; nested exception is redis.clients.jedis.exceptions.JedisConnectionException: Could not get a resource from the pool
	at org.springframework.data.redis.core.DefaultListOperationsTests.tearDown(DefaultListOperationsTests.java:86)
Caused by: redis.clients.jedis.exceptions.JedisConnectionException: Could not get a resource from the pool
	at org.springframework.data.redis.core.DefaultListOperationsTests.tearDown(DefaultListOperationsTests.java:86)
Caused by: redis.clients.jedis.exceptions.JedisConnectionException: java.net.ConnectException: Conexão recusada
	at org.springframework.data.redis.core.DefaultListOperationsTests.tearDown(DefaultListOperationsTests.java:86)
Caused by: java.net.ConnectException: Conexão recusada
	at org.springframework.data.redis.core.DefaultListOperationsTests.tearDown(DefaultListOperationsTests.java:86)
</error>
  </testcase>
  <testcase name="testRightPopAndLeftPush[6]" classname="org.springframework.data.redis.core.DefaultListOperationsTests" time="0">
    <error message="Cannot get Jedis connection; nested exception is redis.clients.jedis.exceptions.JedisConnectionException: Could not get a resource from the pool" type="org.springframework.data.redis.RedisConnectionFailureException">org.springframework.data.redis.RedisConnectionFailureException: Cannot get Jedis connection; nested exception is redis.clients.jedis.exceptions.JedisConnectionException: Could not get a resource from the pool
	at org.springframework.data.redis.core.DefaultListOperationsTests.testRightPopAndLeftPush(DefaultListOperationsTests.java:149)
Caused by: redis.clients.jedis.exceptions.JedisConnectionException: Could not get a resource from the pool
	at org.springframework.data.redis.core.DefaultListOperationsTests.testRightPopAndLeftPush(DefaultListOperationsTests.java:149)
Caused by: redis.clients.jedis.exceptions.JedisConnectionException: java.net.ConnectException: Conexão recusada
	at org.springframework.data.redis.core.DefaultListOperationsTests.testRightPopAndLeftPush(DefaultListOperationsTests.java:149)
Caused by: java.net.ConnectException: Conexão recusada
	at org.springframework.data.redis.core.DefaultListOperationsTests.testRightPopAndLeftPush(DefaultListOperationsTests.java:149)
</error>
  </testcase>
  <testcase name="testRightPopAndLeftPush[6]" classname="org.springframework.data.redis.core.DefaultListOperationsTests" time="0">
    <error message="Cannot get Jedis connection; nested exception is redis.clients.jedis.exceptions.JedisConnectionException: Could not get a resource from the pool" type="org.springframework.data.redis.RedisConnectionFailureException">org.springframework.data.redis.RedisConnectionFailureException: Cannot get Jedis connection; nested exception is redis.clients.jedis.exceptions.JedisConnectionException: Could not get a resource from the pool
	at org.springframework.data.redis.core.DefaultListOperationsTests.tearDown(DefaultListOperationsTests.java:86)
Caused by: redis.clients.jedis.exceptions.JedisConnectionException: Could not get a resource from the pool
	at org.springframework.data.redis.core.DefaultListOperationsTests.tearDown(DefaultListOperationsTests.java:86)
Caused by: redis.clients.jedis.exceptions.JedisConnectionException: java.net.ConnectException: Conexão recusada
	at org.springframework.data.redis.core.DefaultListOperationsTests.tearDown(DefaultListOperationsTests.java:86)
Caused by: java.net.ConnectException: Conexão recusada
	at org.springframework.data.redis.core.DefaultListOperationsTests.tearDown(DefaultListOperationsTests.java:86)
</error>
  </testcase>
  <testcase name="leftPushAllShouldThrowExceptionWhenCollectionContainsNullValue[6]" classname="org.springframework.data.redis.core.DefaultListOperationsTests" time="0">
    <error message="Cannot get Jedis connection; nested exception is redis.clients.jedis.exceptions.JedisConnectionException: Could not get a resource from the pool" type="org.springframework.data.redis.RedisConnectionFailureException">org.springframework.data.redis.RedisConnectionFailureException: Cannot get Jedis connection; nested exception is redis.clients.jedis.exceptions.JedisConnectionException: Could not get a resource from the pool
	at org.springframework.data.redis.core.DefaultListOperationsTests.tearDown(DefaultListOperationsTests.java:86)
Caused by: redis.clients.jedis.exceptions.JedisConnectionException: Could not get a resource from the pool
	at org.springframework.data.redis.core.DefaultListOperationsTests.tearDown(DefaultListOperationsTests.java:86)
Caused by: redis.clients.jedis.exceptions.JedisConnectionException: java.net.ConnectException: Conexão recusada
	at org.springframework.data.redis.core.DefaultListOperationsTests.tearDown(DefaultListOperationsTests.java:86)
Caused by: java.net.ConnectException: Conexão recusada
	at org.springframework.data.redis.core.DefaultListOperationsTests.tearDown(DefaultListOperationsTests.java:86)
</error>
  </testcase>
  <testcase name="rightPushAllShouldThrowExceptionWhenCalledWithNull[6]" classname="org.springframework.data.redis.core.DefaultListOperationsTests" time="0">
    <error message="Cannot get Jedis connection; nested exception is redis.clients.jedis.exceptions.JedisConnectionException: Could not get a resource from the pool" type="org.springframework.data.redis.RedisConnectionFailureException">org.springframework.data.redis.RedisConnectionFailureException: Cannot get Jedis connection; nested exception is redis.clients.jedis.exceptions.JedisConnectionException: Could not get a resource from the pool
	at org.springframework.data.redis.core.DefaultListOperationsTests.tearDown(DefaultListOperationsTests.java:86)
Caused by: redis.clients.jedis.exceptions.JedisConnectionException: Could not get a resource from the pool
	at org.springframework.data.redis.core.DefaultListOperationsTests.tearDown(DefaultListOperationsTests.java:86)
Caused by: redis.clients.jedis.exceptions.JedisConnectionException: java.net.ConnectException: Conexão recusada
	at org.springframework.data.redis.core.DefaultListOperationsTests.tearDown(DefaultListOperationsTests.java:86)
Caused by: java.net.ConnectException: Conexão recusada
	at org.springframework.data.redis.core.DefaultListOperationsTests.tearDown(DefaultListOperationsTests.java:86)
</error>
  </testcase>
  <testcase name="leftPushAllShouldThrowExceptionWhenCalledWithNull[6]" classname="org.springframework.data.redis.core.DefaultListOperationsTests" time="0">
    <error message="Cannot get Jedis connection; nested exception is redis.clients.jedis.exceptions.JedisConnectionException: Could not get a resource from the pool" type="org.springframework.data.redis.RedisConnectionFailureException">org.springframework.data.redis.RedisConnectionFailureException: Cannot get Jedis connection; nested exception is redis.clients.jedis.exceptions.JedisConnectionException: Could not get a resource from the pool
	at org.springframework.data.redis.core.DefaultListOperationsTests.tearDown(DefaultListOperationsTests.java:86)
Caused by: redis.clients.jedis.exceptions.JedisConnectionException: Could not get a resource from the pool
	at org.springframework.data.redis.core.DefaultListOperationsTests.tearDown(DefaultListOperationsTests.java:86)
Caused by: redis.clients.jedis.exceptions.JedisConnectionException: java.net.ConnectException: Conexão recusada
	at org.springframework.data.redis.core.DefaultListOperationsTests.tearDown(DefaultListOperationsTests.java:86)
Caused by: java.net.ConnectException: Conexão recusada
	at org.springframework.data.redis.core.DefaultListOperationsTests.tearDown(DefaultListOperationsTests.java:86)
</error>
  </testcase>
  <testcase name="leftPushAllShouldThrowExceptionWhenCalledWithEmptyCollection[6]" classname="org.springframework.data.redis.core.DefaultListOperationsTests" time="0.001">
    <error message="Cannot get Jedis connection; nested exception is redis.clients.jedis.exceptions.JedisConnectionException: Could not get a resource from the pool" type="org.springframework.data.redis.RedisConnectionFailureException">org.springframework.data.redis.RedisConnectionFailureException: Cannot get Jedis connection; nested exception is redis.clients.jedis.exceptions.JedisConnectionException: Could not get a resource from the pool
	at org.springframework.data.redis.core.DefaultListOperationsTests.tearDown(DefaultListOperationsTests.java:86)
Caused by: redis.clients.jedis.exceptions.JedisConnectionException: Could not get a resource from the pool
	at org.springframework.data.redis.core.DefaultListOperationsTests.tearDown(DefaultListOperationsTests.java:86)
Caused by: redis.clients.jedis.exceptions.JedisConnectionException: java.net.ConnectException: Conexão recusada
	at org.springframework.data.redis.core.DefaultListOperationsTests.tearDown(DefaultListOperationsTests.java:86)
Caused by: java.net.ConnectException: Conexão recusada
	at org.springframework.data.redis.core.DefaultListOperationsTests.tearDown(DefaultListOperationsTests.java:86)
</error>
  </testcase>
  <testcase name="testRightPopAndLeftPushTimeout[6]" classname="org.springframework.data.redis.core.DefaultListOperationsTests" time="0.001">
    <error message="Could not initialize class org.springframework.data.redis.RedisTestProfileValueSource" type="java.lang.NoClassDefFoundError">java.lang.NoClassDefFoundError: Could not initialize class org.springframework.data.redis.RedisTestProfileValueSource
	at org.springframework.data.redis.core.DefaultListOperationsTests.testRightPopAndLeftPushTimeout(DefaultListOperationsTests.java:135)
</error>
  </testcase>
  <testcase name="testRightPopAndLeftPushTimeout[6]" classname="org.springframework.data.redis.core.DefaultListOperationsTests" time="0.001">
    <error message="Cannot get Jedis connection; nested exception is redis.clients.jedis.exceptions.JedisConnectionException: Could not get a resource from the pool" type="org.springframework.data.redis.RedisConnectionFailureException">org.springframework.data.redis.RedisConnectionFailureException: Cannot get Jedis connection; nested exception is redis.clients.jedis.exceptions.JedisConnectionException: Could not get a resource from the pool
	at org.springframework.data.redis.core.DefaultListOperationsTests.tearDown(DefaultListOperationsTests.java:86)
Caused by: redis.clients.jedis.exceptions.JedisConnectionException: Could not get a resource from the pool
	at org.springframework.data.redis.core.DefaultListOperationsTests.tearDown(DefaultListOperationsTests.java:86)
Caused by: redis.clients.jedis.exceptions.JedisConnectionException: java.net.ConnectException: Conexão recusada
	at org.springframework.data.redis.core.DefaultListOperationsTests.tearDown(DefaultListOperationsTests.java:86)
Caused by: java.net.ConnectException: Conexão recusada
	at org.springframework.data.redis.core.DefaultListOperationsTests.tearDown(DefaultListOperationsTests.java:86)
</error>
  </testcase>
  <testcase name="testLeftPushWithPivot[6]" classname="org.springframework.data.redis.core.DefaultListOperationsTests" time="0.003">
    <error message="Cannot get Jedis connection; nested exception is redis.clients.jedis.exceptions.JedisConnectionException: Could not get a resource from the pool" type="org.springframework.data.redis.RedisConnectionFailureException">org.springframework.data.redis.RedisConnectionFailureException: Cannot get Jedis connection; nested exception is redis.clients.jedis.exceptions.JedisConnectionException: Could not get a resource from the pool
	at org.springframework.data.redis.core.DefaultListOperationsTests.testLeftPushWithPivot(DefaultListOperationsTests.java:103)
Caused by: redis.clients.jedis.exceptions.JedisConnectionException: Could not get a resource from the pool
	at org.springframework.data.redis.core.DefaultListOperationsTests.testLeftPushWithPivot(DefaultListOperationsTests.java:103)
Caused by: redis.clients.jedis.exceptions.JedisConnectionException: java.net.ConnectException: Conexão recusada
	at org.springframework.data.redis.core.DefaultListOperationsTests.testLeftPushWithPivot(DefaultListOperationsTests.java:103)
Caused by: java.net.ConnectException: Conexão recusada
	at org.springframework.data.redis.core.DefaultListOperationsTests.testLeftPushWithPivot(DefaultListOperationsTests.java:103)
</error>
    <system-out><![CDATA[Value1org.springframework.data.redis.Person@f7f9d191
Value2org.springframework.data.redis.Person@2cb02e54
Value3org.springframework.data.redis.Person@d2b91146
]]></system-out>
  </testcase>
  <testcase name="testLeftPushWithPivot[6]" classname="org.springframework.data.redis.core.DefaultListOperationsTests" time="0.003">
    <error message="Cannot get Jedis connection; nested exception is redis.clients.jedis.exceptions.JedisConnectionException: Could not get a resource from the pool" type="org.springframework.data.redis.RedisConnectionFailureException">org.springframework.data.redis.RedisConnectionFailureException: Cannot get Jedis connection; nested exception is redis.clients.jedis.exceptions.JedisConnectionException: Could not get a resource from the pool
	at org.springframework.data.redis.core.DefaultListOperationsTests.tearDown(DefaultListOperationsTests.java:86)
Caused by: redis.clients.jedis.exceptions.JedisConnectionException: Could not get a resource from the pool
	at org.springframework.data.redis.core.DefaultListOperationsTests.tearDown(DefaultListOperationsTests.java:86)
Caused by: redis.clients.jedis.exceptions.JedisConnectionException: java.net.ConnectException: Conexão recusada
	at org.springframework.data.redis.core.DefaultListOperationsTests.tearDown(DefaultListOperationsTests.java:86)
Caused by: java.net.ConnectException: Conexão recusada
	at org.springframework.data.redis.core.DefaultListOperationsTests.tearDown(DefaultListOperationsTests.java:86)
</error>
  </testcase>
  <testcase name="rightPushAllShouldThrowExceptionWhenCollectionContainsNullValue[7]" classname="org.springframework.data.redis.core.DefaultListOperationsTests" time="0">
    <error message="Cannot get Jedis connection; nested exception is redis.clients.jedis.exceptions.JedisConnectionException: Could not get a resource from the pool" type="org.springframework.data.redis.RedisConnectionFailureException">org.springframework.data.redis.RedisConnectionFailureException: Cannot get Jedis connection; nested exception is redis.clients.jedis.exceptions.JedisConnectionException: Could not get a resource from the pool
	at org.springframework.data.redis.core.DefaultListOperationsTests.tearDown(DefaultListOperationsTests.java:86)
Caused by: redis.clients.jedis.exceptions.JedisConnectionException: Could not get a resource from the pool
	at org.springframework.data.redis.core.DefaultListOperationsTests.tearDown(DefaultListOperationsTests.java:86)
Caused by: redis.clients.jedis.exceptions.JedisConnectionException: java.net.ConnectException: Conexão recusada
	at org.springframework.data.redis.core.DefaultListOperationsTests.tearDown(DefaultListOperationsTests.java:86)
Caused by: java.net.ConnectException: Conexão recusada
	at org.springframework.data.redis.core.DefaultListOperationsTests.tearDown(DefaultListOperationsTests.java:86)
</error>
  </testcase>
  <testcase name="testLeftPushAll[7]" classname="org.springframework.data.redis.core.DefaultListOperationsTests" time="0.051">
    <error message="Cannot get Jedis connection; nested exception is redis.clients.jedis.exceptions.JedisConnectionException: Could not get a resource from the pool" type="org.springframework.data.redis.RedisConnectionFailureException">org.springframework.data.redis.RedisConnectionFailureException: Cannot get Jedis connection; nested exception is redis.clients.jedis.exceptions.JedisConnectionException: Could not get a resource from the pool
	at org.springframework.data.redis.core.DefaultListOperationsTests.testLeftPushAll(DefaultListOperationsTests.java:127)
Caused by: redis.clients.jedis.exceptions.JedisConnectionException: Could not get a resource from the pool
	at org.springframework.data.redis.core.DefaultListOperationsTests.testLeftPushAll(DefaultListOperationsTests.java:127)
Caused by: redis.clients.jedis.exceptions.JedisConnectionException: java.net.ConnectException: Conexão recusada
	at org.springframework.data.redis.core.DefaultListOperationsTests.testLeftPushAll(DefaultListOperationsTests.java:127)
Caused by: java.net.ConnectException: Conexão recusada
	at org.springframework.data.redis.core.DefaultListOperationsTests.testLeftPushAll(DefaultListOperationsTests.java:127)
</error>
  </testcase>
  <testcase name="testLeftPushAll[7]" classname="org.springframework.data.redis.core.DefaultListOperationsTests" time="0.052">
    <error message="Cannot get Jedis connection; nested exception is redis.clients.jedis.exceptions.JedisConnectionException: Could not get a resource from the pool" type="org.springframework.data.redis.RedisConnectionFailureException">org.springframework.data.redis.RedisConnectionFailureException: Cannot get Jedis connection; nested exception is redis.clients.jedis.exceptions.JedisConnectionException: Could not get a resource from the pool
	at org.springframework.data.redis.core.DefaultListOperationsTests.tearDown(DefaultListOperationsTests.java:86)
Caused by: redis.clients.jedis.exceptions.JedisConnectionException: Could not get a resource from the pool
	at org.springframework.data.redis.core.DefaultListOperationsTests.tearDown(DefaultListOperationsTests.java:86)
Caused by: redis.clients.jedis.exceptions.JedisConnectionException: java.net.ConnectException: Conexão recusada
	at org.springframework.data.redis.core.DefaultListOperationsTests.tearDown(DefaultListOperationsTests.java:86)
Caused by: java.net.ConnectException: Conexão recusada
	at org.springframework.data.redis.core.DefaultListOperationsTests.tearDown(DefaultListOperationsTests.java:86)
</error>
  </testcase>
  <testcase name="rightPushAllShouldThrowExceptionWhenCalledWithEmptyCollection[7]" classname="org.springframework.data.redis.core.DefaultListOperationsTests" time="0.001">
    <error message="Cannot get Jedis connection; nested exception is redis.clients.jedis.exceptions.JedisConnectionException: Could not get a resource from the pool" type="org.springframework.data.redis.RedisConnectionFailureException">org.springframework.data.redis.RedisConnectionFailureException: Cannot get Jedis connection; nested exception is redis.clients.jedis.exceptions.JedisConnectionException: Could not get a resource from the pool
	at org.springframework.data.redis.core.DefaultListOperationsTests.tearDown(DefaultListOperationsTests.java:86)
Caused by: redis.clients.jedis.exceptions.JedisConnectionException: Could not get a resource from the pool
	at org.springframework.data.redis.core.DefaultListOperationsTests.tearDown(DefaultListOperationsTests.java:86)
Caused by: redis.clients.jedis.exceptions.JedisConnectionException: java.net.ConnectException: Conexão recusada
	at org.springframework.data.redis.core.DefaultListOperationsTests.tearDown(DefaultListOperationsTests.java:86)
Caused by: java.net.ConnectException: Conexão recusada
	at org.springframework.data.redis.core.DefaultListOperationsTests.tearDown(DefaultListOperationsTests.java:86)
</error>
  </testcase>
  <testcase name="testRightPushAll[7]" classname="org.springframework.data.redis.core.DefaultListOperationsTests" time="0.001">
    <error message="Cannot get Jedis connection; nested exception is redis.clients.jedis.exceptions.JedisConnectionException: Could not get a resource from the pool" type="org.springframework.data.redis.RedisConnectionFailureException">org.springframework.data.redis.RedisConnectionFailureException: Cannot get Jedis connection; nested exception is redis.clients.jedis.exceptions.JedisConnectionException: Could not get a resource from the pool
	at org.springframework.data.redis.core.DefaultListOperationsTests.testRightPushAll(DefaultListOperationsTests.java:184)
Caused by: redis.clients.jedis.exceptions.JedisConnectionException: Could not get a resource from the pool
	at org.springframework.data.redis.core.DefaultListOperationsTests.testRightPushAll(DefaultListOperationsTests.java:184)
Caused by: redis.clients.jedis.exceptions.JedisConnectionException: java.net.ConnectException: Conexão recusada
	at org.springframework.data.redis.core.DefaultListOperationsTests.testRightPushAll(DefaultListOperationsTests.java:184)
Caused by: java.net.ConnectException: Conexão recusada
	at org.springframework.data.redis.core.DefaultListOperationsTests.testRightPushAll(DefaultListOperationsTests.java:184)
</error>
  </testcase>
  <testcase name="testRightPushAll[7]" classname="org.springframework.data.redis.core.DefaultListOperationsTests" time="0.001">
    <error message="Cannot get Jedis connection; nested exception is redis.clients.jedis.exceptions.JedisConnectionException: Could not get a resource from the pool" type="org.springframework.data.redis.RedisConnectionFailureException">org.springframework.data.redis.RedisConnectionFailureException: Cannot get Jedis connection; nested exception is redis.clients.jedis.exceptions.JedisConnectionException: Could not get a resource from the pool
	at org.springframework.data.redis.core.DefaultListOperationsTests.tearDown(DefaultListOperationsTests.java:86)
Caused by: redis.clients.jedis.exceptions.JedisConnectionException: Could not get a resource from the pool
	at org.springframework.data.redis.core.DefaultListOperationsTests.tearDown(DefaultListOperationsTests.java:86)
Caused by: redis.clients.jedis.exceptions.JedisConnectionException: java.net.ConnectException: Conexão recusada
	at org.springframework.data.redis.core.DefaultListOperationsTests.tearDown(DefaultListOperationsTests.java:86)
Caused by: java.net.ConnectException: Conexão recusada
	at org.springframework.data.redis.core.DefaultListOperationsTests.tearDown(DefaultListOperationsTests.java:86)
</error>
  </testcase>
  <testcase name="testRightPushWithPivot[7]" classname="org.springframework.data.redis.core.DefaultListOperationsTests" time="0">
    <error message="Cannot get Jedis connection; nested exception is redis.clients.jedis.exceptions.JedisConnectionException: Could not get a resource from the pool" type="org.springframework.data.redis.RedisConnectionFailureException">org.springframework.data.redis.RedisConnectionFailureException: Cannot get Jedis connection; nested exception is redis.clients.jedis.exceptions.JedisConnectionException: Could not get a resource from the pool
	at org.springframework.data.redis.core.DefaultListOperationsTests.testRightPushWithPivot(DefaultListOperationsTests.java:160)
Caused by: redis.clients.jedis.exceptions.JedisConnectionException: Could not get a resource from the pool
	at org.springframework.data.redis.core.DefaultListOperationsTests.testRightPushWithPivot(DefaultListOperationsTests.java:160)
Caused by: redis.clients.jedis.exceptions.JedisConnectionException: java.net.ConnectException: Conexão recusada
	at org.springframework.data.redis.core.DefaultListOperationsTests.testRightPushWithPivot(DefaultListOperationsTests.java:160)
Caused by: java.net.ConnectException: Conexão recusada
	at org.springframework.data.redis.core.DefaultListOperationsTests.testRightPushWithPivot(DefaultListOperationsTests.java:160)
</error>
  </testcase>
  <testcase name="testRightPushWithPivot[7]" classname="org.springframework.data.redis.core.DefaultListOperationsTests" time="0.001">
    <error message="Cannot get Jedis connection; nested exception is redis.clients.jedis.exceptions.JedisConnectionException: Could not get a resource from the pool" type="org.springframework.data.redis.RedisConnectionFailureException">org.springframework.data.redis.RedisConnectionFailureException: Cannot get Jedis connection; nested exception is redis.clients.jedis.exceptions.JedisConnectionException: Could not get a resource from the pool
	at org.springframework.data.redis.core.DefaultListOperationsTests.tearDown(DefaultListOperationsTests.java:86)
Caused by: redis.clients.jedis.exceptions.JedisConnectionException: Could not get a resource from the pool
	at org.springframework.data.redis.core.DefaultListOperationsTests.tearDown(DefaultListOperationsTests.java:86)
Caused by: redis.clients.jedis.exceptions.JedisConnectionException: java.net.ConnectException: Conexão recusada
	at org.springframework.data.redis.core.DefaultListOperationsTests.tearDown(DefaultListOperationsTests.java:86)
Caused by: java.net.ConnectException: Conexão recusada
	at org.springframework.data.redis.core.DefaultListOperationsTests.tearDown(DefaultListOperationsTests.java:86)
</error>
  </testcase>
  <testcase name="testLeftPushIfPresent[7]" classname="org.springframework.data.redis.core.DefaultListOperationsTests" time="0.001">
    <error message="Cannot get Jedis connection; nested exception is redis.clients.jedis.exceptions.JedisConnectionException: Could not get a resource from the pool" type="org.springframework.data.redis.RedisConnectionFailureException">org.springframework.data.redis.RedisConnectionFailureException: Cannot get Jedis connection; nested exception is redis.clients.jedis.exceptions.JedisConnectionException: Could not get a resource from the pool
	at org.springframework.data.redis.core.DefaultListOperationsTests.testLeftPushIfPresent(DefaultListOperationsTests.java:114)
Caused by: redis.clients.jedis.exceptions.JedisConnectionException: Could not get a resource from the pool
	at org.springframework.data.redis.core.DefaultListOperationsTests.testLeftPushIfPresent(DefaultListOperationsTests.java:114)
Caused by: redis.clients.jedis.exceptions.JedisConnectionException: java.net.ConnectException: Conexão recusada
	at org.springframework.data.redis.core.DefaultListOperationsTests.testLeftPushIfPresent(DefaultListOperationsTests.java:114)
Caused by: java.net.ConnectException: Conexão recusada
	at org.springframework.data.redis.core.DefaultListOperationsTests.testLeftPushIfPresent(DefaultListOperationsTests.java:114)
</error>
  </testcase>
  <testcase name="testLeftPushIfPresent[7]" classname="org.springframework.data.redis.core.DefaultListOperationsTests" time="0.001">
    <error message="Cannot get Jedis connection; nested exception is redis.clients.jedis.exceptions.JedisConnectionException: Could not get a resource from the pool" type="org.springframework.data.redis.RedisConnectionFailureException">org.springframework.data.redis.RedisConnectionFailureException: Cannot get Jedis connection; nested exception is redis.clients.jedis.exceptions.JedisConnectionException: Could not get a resource from the pool
	at org.springframework.data.redis.core.DefaultListOperationsTests.tearDown(DefaultListOperationsTests.java:86)
Caused by: redis.clients.jedis.exceptions.JedisConnectionException: Could not get a resource from the pool
	at org.springframework.data.redis.core.DefaultListOperationsTests.tearDown(DefaultListOperationsTests.java:86)
Caused by: redis.clients.jedis.exceptions.JedisConnectionException: java.net.ConnectException: Conexão recusada
	at org.springframework.data.redis.core.DefaultListOperationsTests.tearDown(DefaultListOperationsTests.java:86)
Caused by: java.net.ConnectException: Conexão recusada
	at org.springframework.data.redis.core.DefaultListOperationsTests.tearDown(DefaultListOperationsTests.java:86)
</error>
  </testcase>
  <testcase name="testLeftPushAllCollection[7]" classname="org.springframework.data.redis.core.DefaultListOperationsTests" time="0.001">
    <error message="Cannot get Jedis connection; nested exception is redis.clients.jedis.exceptions.JedisConnectionException: Could not get a resource from the pool" type="org.springframework.data.redis.RedisConnectionFailureException">org.springframework.data.redis.RedisConnectionFailureException: Cannot get Jedis connection; nested exception is redis.clients.jedis.exceptions.JedisConnectionException: Could not get a resource from the pool
	at org.springframework.data.redis.core.DefaultListOperationsTests.testLeftPushAllCollection(DefaultListOperationsTests.java:244)
Caused by: redis.clients.jedis.exceptions.JedisConnectionException: Could not get a resource from the pool
	at org.springframework.data.redis.core.DefaultListOperationsTests.testLeftPushAllCollection(DefaultListOperationsTests.java:244)
Caused by: redis.clients.jedis.exceptions.JedisConnectionException: java.net.ConnectException: Conexão recusada
	at org.springframework.data.redis.core.DefaultListOperationsTests.testLeftPushAllCollection(DefaultListOperationsTests.java:244)
Caused by: java.net.ConnectException: Conexão recusada
	at org.springframework.data.redis.core.DefaultListOperationsTests.testLeftPushAllCollection(DefaultListOperationsTests.java:244)
</error>
  </testcase>
  <testcase name="testLeftPushAllCollection[7]" classname="org.springframework.data.redis.core.DefaultListOperationsTests" time="0.001">
    <error message="Cannot get Jedis connection; nested exception is redis.clients.jedis.exceptions.JedisConnectionException: Could not get a resource from the pool" type="org.springframework.data.redis.RedisConnectionFailureException">org.springframework.data.redis.RedisConnectionFailureException: Cannot get Jedis connection; nested exception is redis.clients.jedis.exceptions.JedisConnectionException: Could not get a resource from the pool
	at org.springframework.data.redis.core.DefaultListOperationsTests.tearDown(DefaultListOperationsTests.java:86)
Caused by: redis.clients.jedis.exceptions.JedisConnectionException: Could not get a resource from the pool
	at org.springframework.data.redis.core.DefaultListOperationsTests.tearDown(DefaultListOperationsTests.java:86)
Caused by: redis.clients.jedis.exceptions.JedisConnectionException: java.net.ConnectException: Conexão recusada
	at org.springframework.data.redis.core.DefaultListOperationsTests.tearDown(DefaultListOperationsTests.java:86)
Caused by: java.net.ConnectException: Conexão recusada
	at org.springframework.data.redis.core.DefaultListOperationsTests.tearDown(DefaultListOperationsTests.java:86)
</error>
  </testcase>
  <testcase name="testRightPushIfPresent[7]" classname="org.springframework.data.redis.core.DefaultListOperationsTests" time="0">
    <error message="Cannot get Jedis connection; nested exception is redis.clients.jedis.exceptions.JedisConnectionException: Could not get a resource from the pool" type="org.springframework.data.redis.RedisConnectionFailureException">org.springframework.data.redis.RedisConnectionFailureException: Cannot get Jedis connection; nested exception is redis.clients.jedis.exceptions.JedisConnectionException: Could not get a resource from the pool
	at org.springframework.data.redis.core.DefaultListOperationsTests.testRightPushIfPresent(DefaultListOperationsTests.java:171)
Caused by: redis.clients.jedis.exceptions.JedisConnectionException: Could not get a resource from the pool
	at org.springframework.data.redis.core.DefaultListOperationsTests.testRightPushIfPresent(DefaultListOperationsTests.java:171)
Caused by: redis.clients.jedis.exceptions.JedisConnectionException: java.net.ConnectException: Conexão recusada
	at org.springframework.data.redis.core.DefaultListOperationsTests.testRightPushIfPresent(DefaultListOperationsTests.java:171)
Caused by: java.net.ConnectException: Conexão recusada
	at org.springframework.data.redis.core.DefaultListOperationsTests.testRightPushIfPresent(DefaultListOperationsTests.java:171)
</error>
  </testcase>
  <testcase name="testRightPushIfPresent[7]" classname="org.springframework.data.redis.core.DefaultListOperationsTests" time="0.001">
    <error message="Cannot get Jedis connection; nested exception is redis.clients.jedis.exceptions.JedisConnectionException: Could not get a resource from the pool" type="org.springframework.data.redis.RedisConnectionFailureException">org.springframework.data.redis.RedisConnectionFailureException: Cannot get Jedis connection; nested exception is redis.clients.jedis.exceptions.JedisConnectionException: Could not get a resource from the pool
	at org.springframework.data.redis.core.DefaultListOperationsTests.tearDown(DefaultListOperationsTests.java:86)
Caused by: redis.clients.jedis.exceptions.JedisConnectionException: Could not get a resource from the pool
	at org.springframework.data.redis.core.DefaultListOperationsTests.tearDown(DefaultListOperationsTests.java:86)
Caused by: redis.clients.jedis.exceptions.JedisConnectionException: java.net.ConnectException: Conexão recusada
	at org.springframework.data.redis.core.DefaultListOperationsTests.tearDown(DefaultListOperationsTests.java:86)
Caused by: java.net.ConnectException: Conexão recusada
	at org.springframework.data.redis.core.DefaultListOperationsTests.tearDown(DefaultListOperationsTests.java:86)
</error>
  </testcase>
  <testcase name="testRightPushAllCollection[7]" classname="org.springframework.data.redis.core.DefaultListOperationsTests" time="0.001">
    <error message="Cannot get Jedis connection; nested exception is redis.clients.jedis.exceptions.JedisConnectionException: Could not get a resource from the pool" type="org.springframework.data.redis.RedisConnectionFailureException">org.springframework.data.redis.RedisConnectionFailureException: Cannot get Jedis connection; nested exception is redis.clients.jedis.exceptions.JedisConnectionException: Could not get a resource from the pool
	at org.springframework.data.redis.core.DefaultListOperationsTests.testRightPushAllCollection(DefaultListOperationsTests.java:202)
Caused by: redis.clients.jedis.exceptions.JedisConnectionException: Could not get a resource from the pool
	at org.springframework.data.redis.core.DefaultListOperationsTests.testRightPushAllCollection(DefaultListOperationsTests.java:202)
Caused by: redis.clients.jedis.exceptions.JedisConnectionException: java.net.ConnectException: Conexão recusada
	at org.springframework.data.redis.core.DefaultListOperationsTests.testRightPushAllCollection(DefaultListOperationsTests.java:202)
Caused by: java.net.ConnectException: Conexão recusada
	at org.springframework.data.redis.core.DefaultListOperationsTests.testRightPushAllCollection(DefaultListOperationsTests.java:202)
</error>
  </testcase>
  <testcase name="testRightPushAllCollection[7]" classname="org.springframework.data.redis.core.DefaultListOperationsTests" time="0.001">
    <error message="Cannot get Jedis connection; nested exception is redis.clients.jedis.exceptions.JedisConnectionException: Could not get a resource from the pool" type="org.springframework.data.redis.RedisConnectionFailureException">org.springframework.data.redis.RedisConnectionFailureException: Cannot get Jedis connection; nested exception is redis.clients.jedis.exceptions.JedisConnectionException: Could not get a resource from the pool
	at org.springframework.data.redis.core.DefaultListOperationsTests.tearDown(DefaultListOperationsTests.java:86)
Caused by: redis.clients.jedis.exceptions.JedisConnectionException: Could not get a resource from the pool
	at org.springframework.data.redis.core.DefaultListOperationsTests.tearDown(DefaultListOperationsTests.java:86)
Caused by: redis.clients.jedis.exceptions.JedisConnectionException: java.net.ConnectException: Conexão recusada
	at org.springframework.data.redis.core.DefaultListOperationsTests.tearDown(DefaultListOperationsTests.java:86)
Caused by: java.net.ConnectException: Conexão recusada
	at org.springframework.data.redis.core.DefaultListOperationsTests.tearDown(DefaultListOperationsTests.java:86)
</error>
  </testcase>
  <testcase name="testRightPopAndLeftPush[7]" classname="org.springframework.data.redis.core.DefaultListOperationsTests" time="0.001">
    <error message="Cannot get Jedis connection; nested exception is redis.clients.jedis.exceptions.JedisConnectionException: Could not get a resource from the pool" type="org.springframework.data.redis.RedisConnectionFailureException">org.springframework.data.redis.RedisConnectionFailureException: Cannot get Jedis connection; nested exception is redis.clients.jedis.exceptions.JedisConnectionException: Could not get a resource from the pool
	at org.springframework.data.redis.core.DefaultListOperationsTests.testRightPopAndLeftPush(DefaultListOperationsTests.java:149)
Caused by: redis.clients.jedis.exceptions.JedisConnectionException: Could not get a resource from the pool
	at org.springframework.data.redis.core.DefaultListOperationsTests.testRightPopAndLeftPush(DefaultListOperationsTests.java:149)
Caused by: redis.clients.jedis.exceptions.JedisConnectionException: java.net.ConnectException: Conexão recusada
	at org.springframework.data.redis.core.DefaultListOperationsTests.testRightPopAndLeftPush(DefaultListOperationsTests.java:149)
Caused by: java.net.ConnectException: Conexão recusada
	at org.springframework.data.redis.core.DefaultListOperationsTests.testRightPopAndLeftPush(DefaultListOperationsTests.java:149)
</error>
  </testcase>
  <testcase name="testRightPopAndLeftPush[7]" classname="org.springframework.data.redis.core.DefaultListOperationsTests" time="0.001">
    <error message="Cannot get Jedis connection; nested exception is redis.clients.jedis.exceptions.JedisConnectionException: Could not get a resource from the pool" type="org.springframework.data.redis.RedisConnectionFailureException">org.springframework.data.redis.RedisConnectionFailureException: Cannot get Jedis connection; nested exception is redis.clients.jedis.exceptions.JedisConnectionException: Could not get a resource from the pool
	at org.springframework.data.redis.core.DefaultListOperationsTests.tearDown(DefaultListOperationsTests.java:86)
Caused by: redis.clients.jedis.exceptions.JedisConnectionException: Could not get a resource from the pool
	at org.springframework.data.redis.core.DefaultListOperationsTests.tearDown(DefaultListOperationsTests.java:86)
Caused by: redis.clients.jedis.exceptions.JedisConnectionException: java.net.ConnectException: Conexão recusada
	at org.springframework.data.redis.core.DefaultListOperationsTests.tearDown(DefaultListOperationsTests.java:86)
Caused by: java.net.ConnectException: Conexão recusada
	at org.springframework.data.redis.core.DefaultListOperationsTests.tearDown(DefaultListOperationsTests.java:86)
</error>
  </testcase>
  <testcase name="leftPushAllShouldThrowExceptionWhenCollectionContainsNullValue[7]" classname="org.springframework.data.redis.core.DefaultListOperationsTests" time="0">
    <error message="Cannot get Jedis connection; nested exception is redis.clients.jedis.exceptions.JedisConnectionException: Could not get a resource from the pool" type="org.springframework.data.redis.RedisConnectionFailureException">org.springframework.data.redis.RedisConnectionFailureException: Cannot get Jedis connection; nested exception is redis.clients.jedis.exceptions.JedisConnectionException: Could not get a resource from the pool
	at org.springframework.data.redis.core.DefaultListOperationsTests.tearDown(DefaultListOperationsTests.java:86)
Caused by: redis.clients.jedis.exceptions.JedisConnectionException: Could not get a resource from the pool
	at org.springframework.data.redis.core.DefaultListOperationsTests.tearDown(DefaultListOperationsTests.java:86)
Caused by: redis.clients.jedis.exceptions.JedisConnectionException: java.net.ConnectException: Conexão recusada
	at org.springframework.data.redis.core.DefaultListOperationsTests.tearDown(DefaultListOperationsTests.java:86)
Caused by: java.net.ConnectException: Conexão recusada
	at org.springframework.data.redis.core.DefaultListOperationsTests.tearDown(DefaultListOperationsTests.java:86)
</error>
  </testcase>
  <testcase name="rightPushAllShouldThrowExceptionWhenCalledWithNull[7]" classname="org.springframework.data.redis.core.DefaultListOperationsTests" time="0.001">
    <error message="Cannot get Jedis connection; nested exception is redis.clients.jedis.exceptions.JedisConnectionException: Could not get a resource from the pool" type="org.springframework.data.redis.RedisConnectionFailureException">org.springframework.data.redis.RedisConnectionFailureException: Cannot get Jedis connection; nested exception is redis.clients.jedis.exceptions.JedisConnectionException: Could not get a resource from the pool
	at org.springframework.data.redis.core.DefaultListOperationsTests.tearDown(DefaultListOperationsTests.java:86)
Caused by: redis.clients.jedis.exceptions.JedisConnectionException: Could not get a resource from the pool
	at org.springframework.data.redis.core.DefaultListOperationsTests.tearDown(DefaultListOperationsTests.java:86)
Caused by: redis.clients.jedis.exceptions.JedisConnectionException: java.net.ConnectException: Conexão recusada
	at org.springframework.data.redis.core.DefaultListOperationsTests.tearDown(DefaultListOperationsTests.java:86)
Caused by: java.net.ConnectException: Conexão recusada
	at org.springframework.data.redis.core.DefaultListOperationsTests.tearDown(DefaultListOperationsTests.java:86)
</error>
  </testcase>
  <testcase name="leftPushAllShouldThrowExceptionWhenCalledWithNull[7]" classname="org.springframework.data.redis.core.DefaultListOperationsTests" time="0">
    <error message="Cannot get Jedis connection; nested exception is redis.clients.jedis.exceptions.JedisConnectionException: Could not get a resource from the pool" type="org.springframework.data.redis.RedisConnectionFailureException">org.springframework.data.redis.RedisConnectionFailureException: Cannot get Jedis connection; nested exception is redis.clients.jedis.exceptions.JedisConnectionException: Could not get a resource from the pool
	at org.springframework.data.redis.core.DefaultListOperationsTests.tearDown(DefaultListOperationsTests.java:86)
Caused by: redis.clients.jedis.exceptions.JedisConnectionException: Could not get a resource from the pool
	at org.springframework.data.redis.core.DefaultListOperationsTests.tearDown(DefaultListOperationsTests.java:86)
Caused by: redis.clients.jedis.exceptions.JedisConnectionException: java.net.ConnectException: Conexão recusada
	at org.springframework.data.redis.core.DefaultListOperationsTests.tearDown(DefaultListOperationsTests.java:86)
Caused by: java.net.ConnectException: Conexão recusada
	at org.springframework.data.redis.core.DefaultListOperationsTests.tearDown(DefaultListOperationsTests.java:86)
</error>
  </testcase>
  <testcase name="leftPushAllShouldThrowExceptionWhenCalledWithEmptyCollection[7]" classname="org.springframework.data.redis.core.DefaultListOperationsTests" time="0.001">
    <error message="Cannot get Jedis connection; nested exception is redis.clients.jedis.exceptions.JedisConnectionException: Could not get a resource from the pool" type="org.springframework.data.redis.RedisConnectionFailureException">org.springframework.data.redis.RedisConnectionFailureException: Cannot get Jedis connection; nested exception is redis.clients.jedis.exceptions.JedisConnectionException: Could not get a resource from the pool
	at org.springframework.data.redis.core.DefaultListOperationsTests.tearDown(DefaultListOperationsTests.java:86)
Caused by: redis.clients.jedis.exceptions.JedisConnectionException: Could not get a resource from the pool
	at org.springframework.data.redis.core.DefaultListOperationsTests.tearDown(DefaultListOperationsTests.java:86)
Caused by: redis.clients.jedis.exceptions.JedisConnectionException: java.net.ConnectException: Conexão recusada
	at org.springframework.data.redis.core.DefaultListOperationsTests.tearDown(DefaultListOperationsTests.java:86)
Caused by: java.net.ConnectException: Conexão recusada
	at org.springframework.data.redis.core.DefaultListOperationsTests.tearDown(DefaultListOperationsTests.java:86)
</error>
  </testcase>
  <testcase name="testRightPopAndLeftPushTimeout[7]" classname="org.springframework.data.redis.core.DefaultListOperationsTests" time="0.001">
    <error message="Could not initialize class org.springframework.data.redis.RedisTestProfileValueSource" type="java.lang.NoClassDefFoundError">java.lang.NoClassDefFoundError: Could not initialize class org.springframework.data.redis.RedisTestProfileValueSource
	at org.springframework.data.redis.core.DefaultListOperationsTests.testRightPopAndLeftPushTimeout(DefaultListOperationsTests.java:135)
</error>
  </testcase>
  <testcase name="testRightPopAndLeftPushTimeout[7]" classname="org.springframework.data.redis.core.DefaultListOperationsTests" time="0.001">
    <error message="Cannot get Jedis connection; nested exception is redis.clients.jedis.exceptions.JedisConnectionException: Could not get a resource from the pool" type="org.springframework.data.redis.RedisConnectionFailureException">org.springframework.data.redis.RedisConnectionFailureException: Cannot get Jedis connection; nested exception is redis.clients.jedis.exceptions.JedisConnectionException: Could not get a resource from the pool
	at org.springframework.data.redis.core.DefaultListOperationsTests.tearDown(DefaultListOperationsTests.java:86)
Caused by: redis.clients.jedis.exceptions.JedisConnectionException: Could not get a resource from the pool
	at org.springframework.data.redis.core.DefaultListOperationsTests.tearDown(DefaultListOperationsTests.java:86)
Caused by: redis.clients.jedis.exceptions.JedisConnectionException: java.net.ConnectException: Conexão recusada
	at org.springframework.data.redis.core.DefaultListOperationsTests.tearDown(DefaultListOperationsTests.java:86)
Caused by: java.net.ConnectException: Conexão recusada
	at org.springframework.data.redis.core.DefaultListOperationsTests.tearDown(DefaultListOperationsTests.java:86)
</error>
  </testcase>
  <testcase name="testLeftPushWithPivot[7]" classname="org.springframework.data.redis.core.DefaultListOperationsTests" time="0.001">
    <error message="Cannot get Jedis connection; nested exception is redis.clients.jedis.exceptions.JedisConnectionException: Could not get a resource from the pool" type="org.springframework.data.redis.RedisConnectionFailureException">org.springframework.data.redis.RedisConnectionFailureException: Cannot get Jedis connection; nested exception is redis.clients.jedis.exceptions.JedisConnectionException: Could not get a resource from the pool
	at org.springframework.data.redis.core.DefaultListOperationsTests.testLeftPushWithPivot(DefaultListOperationsTests.java:103)
Caused by: redis.clients.jedis.exceptions.JedisConnectionException: Could not get a resource from the pool
	at org.springframework.data.redis.core.DefaultListOperationsTests.testLeftPushWithPivot(DefaultListOperationsTests.java:103)
Caused by: redis.clients.jedis.exceptions.JedisConnectionException: java.net.ConnectException: Conexão recusada
	at org.springframework.data.redis.core.DefaultListOperationsTests.testLeftPushWithPivot(DefaultListOperationsTests.java:103)
Caused by: java.net.ConnectException: Conexão recusada
	at org.springframework.data.redis.core.DefaultListOperationsTests.testLeftPushWithPivot(DefaultListOperationsTests.java:103)
</error>
    <system-out><![CDATA[Value1org.springframework.data.redis.Person@355f6f44
Value2org.springframework.data.redis.Person@78466b25
Value3org.springframework.data.redis.Person@e5e28387
]]></system-out>
  </testcase>
  <testcase name="testLeftPushWithPivot[7]" classname="org.springframework.data.redis.core.DefaultListOperationsTests" time="0.002">
    <error message="Cannot get Jedis connection; nested exception is redis.clients.jedis.exceptions.JedisConnectionException: Could not get a resource from the pool" type="org.springframework.data.redis.RedisConnectionFailureException">org.springframework.data.redis.RedisConnectionFailureException: Cannot get Jedis connection; nested exception is redis.clients.jedis.exceptions.JedisConnectionException: Could not get a resource from the pool
	at org.springframework.data.redis.core.DefaultListOperationsTests.tearDown(DefaultListOperationsTests.java:86)
Caused by: redis.clients.jedis.exceptions.JedisConnectionException: Could not get a resource from the pool
	at org.springframework.data.redis.core.DefaultListOperationsTests.tearDown(DefaultListOperationsTests.java:86)
Caused by: redis.clients.jedis.exceptions.JedisConnectionException: java.net.ConnectException: Conexão recusada
	at org.springframework.data.redis.core.DefaultListOperationsTests.tearDown(DefaultListOperationsTests.java:86)
Caused by: java.net.ConnectException: Conexão recusada
	at org.springframework.data.redis.core.DefaultListOperationsTests.tearDown(DefaultListOperationsTests.java:86)
</error>
  </testcase>
  <testcase name="rightPushAllShouldThrowExceptionWhenCollectionContainsNullValue[8]" classname="org.springframework.data.redis.core.DefaultListOperationsTests" time="0.001">
    <error message="Cannot get Jedis connection; nested exception is redis.clients.jedis.exceptions.JedisConnectionException: Could not get a resource from the pool" type="org.springframework.data.redis.RedisConnectionFailureException">org.springframework.data.redis.RedisConnectionFailureException: Cannot get Jedis connection; nested exception is redis.clients.jedis.exceptions.JedisConnectionException: Could not get a resource from the pool
	at org.springframework.data.redis.core.DefaultListOperationsTests.tearDown(DefaultListOperationsTests.java:86)
Caused by: redis.clients.jedis.exceptions.JedisConnectionException: Could not get a resource from the pool
	at org.springframework.data.redis.core.DefaultListOperationsTests.tearDown(DefaultListOperationsTests.java:86)
Caused by: redis.clients.jedis.exceptions.JedisConnectionException: java.net.ConnectException: Conexão recusada
	at org.springframework.data.redis.core.DefaultListOperationsTests.tearDown(DefaultListOperationsTests.java:86)
Caused by: java.net.ConnectException: Conexão recusada
	at org.springframework.data.redis.core.DefaultListOperationsTests.tearDown(DefaultListOperationsTests.java:86)
</error>
  </testcase>
  <testcase name="testLeftPushAll[8]" classname="org.springframework.data.redis.core.DefaultListOperationsTests" time="0.044">
    <error message="Cannot get Jedis connection; nested exception is redis.clients.jedis.exceptions.JedisConnectionException: Could not get a resource from the pool" type="org.springframework.data.redis.RedisConnectionFailureException">org.springframework.data.redis.RedisConnectionFailureException: Cannot get Jedis connection; nested exception is redis.clients.jedis.exceptions.JedisConnectionException: Could not get a resource from the pool
	at org.springframework.data.redis.core.DefaultListOperationsTests.testLeftPushAll(DefaultListOperationsTests.java:127)
Caused by: redis.clients.jedis.exceptions.JedisConnectionException: Could not get a resource from the pool
	at org.springframework.data.redis.core.DefaultListOperationsTests.testLeftPushAll(DefaultListOperationsTests.java:127)
Caused by: redis.clients.jedis.exceptions.JedisConnectionException: java.net.ConnectException: Conexão recusada
	at org.springframework.data.redis.core.DefaultListOperationsTests.testLeftPushAll(DefaultListOperationsTests.java:127)
Caused by: java.net.ConnectException: Conexão recusada
	at org.springframework.data.redis.core.DefaultListOperationsTests.testLeftPushAll(DefaultListOperationsTests.java:127)
</error>
  </testcase>
  <testcase name="testLeftPushAll[8]" classname="org.springframework.data.redis.core.DefaultListOperationsTests" time="0.044">
    <error message="Cannot get Jedis connection; nested exception is redis.clients.jedis.exceptions.JedisConnectionException: Could not get a resource from the pool" type="org.springframework.data.redis.RedisConnectionFailureException">org.springframework.data.redis.RedisConnectionFailureException: Cannot get Jedis connection; nested exception is redis.clients.jedis.exceptions.JedisConnectionException: Could not get a resource from the pool
	at org.springframework.data.redis.core.DefaultListOperationsTests.tearDown(DefaultListOperationsTests.java:86)
Caused by: redis.clients.jedis.exceptions.JedisConnectionException: Could not get a resource from the pool
	at org.springframework.data.redis.core.DefaultListOperationsTests.tearDown(DefaultListOperationsTests.java:86)
Caused by: redis.clients.jedis.exceptions.JedisConnectionException: java.net.ConnectException: Conexão recusada
	at org.springframework.data.redis.core.DefaultListOperationsTests.tearDown(DefaultListOperationsTests.java:86)
Caused by: java.net.ConnectException: Conexão recusada
	at org.springframework.data.redis.core.DefaultListOperationsTests.tearDown(DefaultListOperationsTests.java:86)
</error>
  </testcase>
  <testcase name="rightPushAllShouldThrowExceptionWhenCalledWithEmptyCollection[8]" classname="org.springframework.data.redis.core.DefaultListOperationsTests" time="0">
    <error message="Cannot get Jedis connection; nested exception is redis.clients.jedis.exceptions.JedisConnectionException: Could not get a resource from the pool" type="org.springframework.data.redis.RedisConnectionFailureException">org.springframework.data.redis.RedisConnectionFailureException: Cannot get Jedis connection; nested exception is redis.clients.jedis.exceptions.JedisConnectionException: Could not get a resource from the pool
	at org.springframework.data.redis.core.DefaultListOperationsTests.tearDown(DefaultListOperationsTests.java:86)
Caused by: redis.clients.jedis.exceptions.JedisConnectionException: Could not get a resource from the pool
	at org.springframework.data.redis.core.DefaultListOperationsTests.tearDown(DefaultListOperationsTests.java:86)
Caused by: redis.clients.jedis.exceptions.JedisConnectionException: java.net.ConnectException: Conexão recusada
	at org.springframework.data.redis.core.DefaultListOperationsTests.tearDown(DefaultListOperationsTests.java:86)
Caused by: java.net.ConnectException: Conexão recusada
	at org.springframework.data.redis.core.DefaultListOperationsTests.tearDown(DefaultListOperationsTests.java:86)
</error>
  </testcase>
  <testcase name="testRightPushAll[8]" classname="org.springframework.data.redis.core.DefaultListOperationsTests" time="0.001">
    <error message="Cannot get Jedis connection; nested exception is redis.clients.jedis.exceptions.JedisConnectionException: Could not get a resource from the pool" type="org.springframework.data.redis.RedisConnectionFailureException">org.springframework.data.redis.RedisConnectionFailureException: Cannot get Jedis connection; nested exception is redis.clients.jedis.exceptions.JedisConnectionException: Could not get a resource from the pool
	at org.springframework.data.redis.core.DefaultListOperationsTests.testRightPushAll(DefaultListOperationsTests.java:184)
Caused by: redis.clients.jedis.exceptions.JedisConnectionException: Could not get a resource from the pool
	at org.springframework.data.redis.core.DefaultListOperationsTests.testRightPushAll(DefaultListOperationsTests.java:184)
Caused by: redis.clients.jedis.exceptions.JedisConnectionException: java.net.ConnectException: Conexão recusada
	at org.springframework.data.redis.core.DefaultListOperationsTests.testRightPushAll(DefaultListOperationsTests.java:184)
Caused by: java.net.ConnectException: Conexão recusada
	at org.springframework.data.redis.core.DefaultListOperationsTests.testRightPushAll(DefaultListOperationsTests.java:184)
</error>
  </testcase>
  <testcase name="testRightPushAll[8]" classname="org.springframework.data.redis.core.DefaultListOperationsTests" time="0.001">
    <error message="Cannot get Jedis connection; nested exception is redis.clients.jedis.exceptions.JedisConnectionException: Could not get a resource from the pool" type="org.springframework.data.redis.RedisConnectionFailureException">org.springframework.data.redis.RedisConnectionFailureException: Cannot get Jedis connection; nested exception is redis.clients.jedis.exceptions.JedisConnectionException: Could not get a resource from the pool
	at org.springframework.data.redis.core.DefaultListOperationsTests.tearDown(DefaultListOperationsTests.java:86)
Caused by: redis.clients.jedis.exceptions.JedisConnectionException: Could not get a resource from the pool
	at org.springframework.data.redis.core.DefaultListOperationsTests.tearDown(DefaultListOperationsTests.java:86)
Caused by: redis.clients.jedis.exceptions.JedisConnectionException: java.net.ConnectException: Conexão recusada
	at org.springframework.data.redis.core.DefaultListOperationsTests.tearDown(DefaultListOperationsTests.java:86)
Caused by: java.net.ConnectException: Conexão recusada
	at org.springframework.data.redis.core.DefaultListOperationsTests.tearDown(DefaultListOperationsTests.java:86)
</error>
  </testcase>
  <testcase name="testRightPushWithPivot[8]" classname="org.springframework.data.redis.core.DefaultListOperationsTests" time="0.001">
    <error message="Cannot get Jedis connection; nested exception is redis.clients.jedis.exceptions.JedisConnectionException: Could not get a resource from the pool" type="org.springframework.data.redis.RedisConnectionFailureException">org.springframework.data.redis.RedisConnectionFailureException: Cannot get Jedis connection; nested exception is redis.clients.jedis.exceptions.JedisConnectionException: Could not get a resource from the pool
	at org.springframework.data.redis.core.DefaultListOperationsTests.testRightPushWithPivot(DefaultListOperationsTests.java:160)
Caused by: redis.clients.jedis.exceptions.JedisConnectionException: Could not get a resource from the pool
	at org.springframework.data.redis.core.DefaultListOperationsTests.testRightPushWithPivot(DefaultListOperationsTests.java:160)
Caused by: redis.clients.jedis.exceptions.JedisConnectionException: java.net.ConnectException: Conexão recusada
	at org.springframework.data.redis.core.DefaultListOperationsTests.testRightPushWithPivot(DefaultListOperationsTests.java:160)
Caused by: java.net.ConnectException: Conexão recusada
	at org.springframework.data.redis.core.DefaultListOperationsTests.testRightPushWithPivot(DefaultListOperationsTests.java:160)
</error>
  </testcase>
  <testcase name="testRightPushWithPivot[8]" classname="org.springframework.data.redis.core.DefaultListOperationsTests" time="0.002">
    <error message="Cannot get Jedis connection; nested exception is redis.clients.jedis.exceptions.JedisConnectionException: Could not get a resource from the pool" type="org.springframework.data.redis.RedisConnectionFailureException">org.springframework.data.redis.RedisConnectionFailureException: Cannot get Jedis connection; nested exception is redis.clients.jedis.exceptions.JedisConnectionException: Could not get a resource from the pool
	at org.springframework.data.redis.core.DefaultListOperationsTests.tearDown(DefaultListOperationsTests.java:86)
Caused by: redis.clients.jedis.exceptions.JedisConnectionException: Could not get a resource from the pool
	at org.springframework.data.redis.core.DefaultListOperationsTests.tearDown(DefaultListOperationsTests.java:86)
Caused by: redis.clients.jedis.exceptions.JedisConnectionException: java.net.ConnectException: Conexão recusada
	at org.springframework.data.redis.core.DefaultListOperationsTests.tearDown(DefaultListOperationsTests.java:86)
Caused by: java.net.ConnectException: Conexão recusada
	at org.springframework.data.redis.core.DefaultListOperationsTests.tearDown(DefaultListOperationsTests.java:86)
</error>
  </testcase>
  <testcase name="testLeftPushIfPresent[8]" classname="org.springframework.data.redis.core.DefaultListOperationsTests" time="0.001">
    <error message="Cannot get Jedis connection; nested exception is redis.clients.jedis.exceptions.JedisConnectionException: Could not get a resource from the pool" type="org.springframework.data.redis.RedisConnectionFailureException">org.springframework.data.redis.RedisConnectionFailureException: Cannot get Jedis connection; nested exception is redis.clients.jedis.exceptions.JedisConnectionException: Could not get a resource from the pool
	at org.springframework.data.redis.core.DefaultListOperationsTests.testLeftPushIfPresent(DefaultListOperationsTests.java:114)
Caused by: redis.clients.jedis.exceptions.JedisConnectionException: Could not get a resource from the pool
	at org.springframework.data.redis.core.DefaultListOperationsTests.testLeftPushIfPresent(DefaultListOperationsTests.java:114)
Caused by: redis.clients.jedis.exceptions.JedisConnectionException: java.net.ConnectException: Conexão recusada
	at org.springframework.data.redis.core.DefaultListOperationsTests.testLeftPushIfPresent(DefaultListOperationsTests.java:114)
Caused by: java.net.ConnectException: Conexão recusada
	at org.springframework.data.redis.core.DefaultListOperationsTests.testLeftPushIfPresent(DefaultListOperationsTests.java:114)
</error>
  </testcase>
  <testcase name="testLeftPushIfPresent[8]" classname="org.springframework.data.redis.core.DefaultListOperationsTests" time="0.001">
    <error message="Cannot get Jedis connection; nested exception is redis.clients.jedis.exceptions.JedisConnectionException: Could not get a resource from the pool" type="org.springframework.data.redis.RedisConnectionFailureException">org.springframework.data.redis.RedisConnectionFailureException: Cannot get Jedis connection; nested exception is redis.clients.jedis.exceptions.JedisConnectionException: Could not get a resource from the pool
	at org.springframework.data.redis.core.DefaultListOperationsTests.tearDown(DefaultListOperationsTests.java:86)
Caused by: redis.clients.jedis.exceptions.JedisConnectionException: Could not get a resource from the pool
	at org.springframework.data.redis.core.DefaultListOperationsTests.tearDown(DefaultListOperationsTests.java:86)
Caused by: redis.clients.jedis.exceptions.JedisConnectionException: java.net.ConnectException: Conexão recusada
	at org.springframework.data.redis.core.DefaultListOperationsTests.tearDown(DefaultListOperationsTests.java:86)
Caused by: java.net.ConnectException: Conexão recusada
	at org.springframework.data.redis.core.DefaultListOperationsTests.tearDown(DefaultListOperationsTests.java:86)
</error>
  </testcase>
  <testcase name="testLeftPushAllCollection[8]" classname="org.springframework.data.redis.core.DefaultListOperationsTests" time="0.002">
    <error message="Cannot get Jedis connection; nested exception is redis.clients.jedis.exceptions.JedisConnectionException: Could not get a resource from the pool" type="org.springframework.data.redis.RedisConnectionFailureException">org.springframework.data.redis.RedisConnectionFailureException: Cannot get Jedis connection; nested exception is redis.clients.jedis.exceptions.JedisConnectionException: Could not get a resource from the pool
	at org.springframework.data.redis.core.DefaultListOperationsTests.testLeftPushAllCollection(DefaultListOperationsTests.java:244)
Caused by: redis.clients.jedis.exceptions.JedisConnectionException: Could not get a resource from the pool
	at org.springframework.data.redis.core.DefaultListOperationsTests.testLeftPushAllCollection(DefaultListOperationsTests.java:244)
Caused by: redis.clients.jedis.exceptions.JedisConnectionException: java.net.ConnectException: Conexão recusada
	at org.springframework.data.redis.core.DefaultListOperationsTests.testLeftPushAllCollection(DefaultListOperationsTests.java:244)
Caused by: java.net.ConnectException: Conexão recusada
	at org.springframework.data.redis.core.DefaultListOperationsTests.testLeftPushAllCollection(DefaultListOperationsTests.java:244)
</error>
  </testcase>
  <testcase name="testLeftPushAllCollection[8]" classname="org.springframework.data.redis.core.DefaultListOperationsTests" time="0.002">
    <error message="Cannot get Jedis connection; nested exception is redis.clients.jedis.exceptions.JedisConnectionException: Could not get a resource from the pool" type="org.springframework.data.redis.RedisConnectionFailureException">org.springframework.data.redis.RedisConnectionFailureException: Cannot get Jedis connection; nested exception is redis.clients.jedis.exceptions.JedisConnectionException: Could not get a resource from the pool
	at org.springframework.data.redis.core.DefaultListOperationsTests.tearDown(DefaultListOperationsTests.java:86)
Caused by: redis.clients.jedis.exceptions.JedisConnectionException: Could not get a resource from the pool
	at org.springframework.data.redis.core.DefaultListOperationsTests.tearDown(DefaultListOperationsTests.java:86)
Caused by: redis.clients.jedis.exceptions.JedisConnectionException: java.net.ConnectException: Conexão recusada
	at org.springframework.data.redis.core.DefaultListOperationsTests.tearDown(DefaultListOperationsTests.java:86)
Caused by: java.net.ConnectException: Conexão recusada
	at org.springframework.data.redis.core.DefaultListOperationsTests.tearDown(DefaultListOperationsTests.java:86)
</error>
  </testcase>
  <testcase name="testRightPushIfPresent[8]" classname="org.springframework.data.redis.core.DefaultListOperationsTests" time="0">
    <error message="Cannot get Jedis connection; nested exception is redis.clients.jedis.exceptions.JedisConnectionException: Could not get a resource from the pool" type="org.springframework.data.redis.RedisConnectionFailureException">org.springframework.data.redis.RedisConnectionFailureException: Cannot get Jedis connection; nested exception is redis.clients.jedis.exceptions.JedisConnectionException: Could not get a resource from the pool
	at org.springframework.data.redis.core.DefaultListOperationsTests.testRightPushIfPresent(DefaultListOperationsTests.java:171)
Caused by: redis.clients.jedis.exceptions.JedisConnectionException: Could not get a resource from the pool
	at org.springframework.data.redis.core.DefaultListOperationsTests.testRightPushIfPresent(DefaultListOperationsTests.java:171)
Caused by: redis.clients.jedis.exceptions.JedisConnectionException: java.net.ConnectException: Conexão recusada
	at org.springframework.data.redis.core.DefaultListOperationsTests.testRightPushIfPresent(DefaultListOperationsTests.java:171)
Caused by: java.net.ConnectException: Conexão recusada
	at org.springframework.data.redis.core.DefaultListOperationsTests.testRightPushIfPresent(DefaultListOperationsTests.java:171)
</error>
  </testcase>
  <testcase name="testRightPushIfPresent[8]" classname="org.springframework.data.redis.core.DefaultListOperationsTests" time="0.001">
    <error message="Cannot get Jedis connection; nested exception is redis.clients.jedis.exceptions.JedisConnectionException: Could not get a resource from the pool" type="org.springframework.data.redis.RedisConnectionFailureException">org.springframework.data.redis.RedisConnectionFailureException: Cannot get Jedis connection; nested exception is redis.clients.jedis.exceptions.JedisConnectionException: Could not get a resource from the pool
	at org.springframework.data.redis.core.DefaultListOperationsTests.tearDown(DefaultListOperationsTests.java:86)
Caused by: redis.clients.jedis.exceptions.JedisConnectionException: Could not get a resource from the pool
	at org.springframework.data.redis.core.DefaultListOperationsTests.tearDown(DefaultListOperationsTests.java:86)
Caused by: redis.clients.jedis.exceptions.JedisConnectionException: java.net.ConnectException: Conexão recusada
	at org.springframework.data.redis.core.DefaultListOperationsTests.tearDown(DefaultListOperationsTests.java:86)
Caused by: java.net.ConnectException: Conexão recusada
	at org.springframework.data.redis.core.DefaultListOperationsTests.tearDown(DefaultListOperationsTests.java:86)
</error>
  </testcase>
  <testcase name="testRightPushAllCollection[8]" classname="org.springframework.data.redis.core.DefaultListOperationsTests" time="0.001">
    <error message="Cannot get Jedis connection; nested exception is redis.clients.jedis.exceptions.JedisConnectionException: Could not get a resource from the pool" type="org.springframework.data.redis.RedisConnectionFailureException">org.springframework.data.redis.RedisConnectionFailureException: Cannot get Jedis connection; nested exception is redis.clients.jedis.exceptions.JedisConnectionException: Could not get a resource from the pool
	at org.springframework.data.redis.core.DefaultListOperationsTests.testRightPushAllCollection(DefaultListOperationsTests.java:202)
Caused by: redis.clients.jedis.exceptions.JedisConnectionException: Could not get a resource from the pool
	at org.springframework.data.redis.core.DefaultListOperationsTests.testRightPushAllCollection(DefaultListOperationsTests.java:202)
Caused by: redis.clients.jedis.exceptions.JedisConnectionException: java.net.ConnectException: Conexão recusada
	at org.springframework.data.redis.core.DefaultListOperationsTests.testRightPushAllCollection(DefaultListOperationsTests.java:202)
Caused by: java.net.ConnectException: Conexão recusada
	at org.springframework.data.redis.core.DefaultListOperationsTests.testRightPushAllCollection(DefaultListOperationsTests.java:202)
</error>
  </testcase>
  <testcase name="testRightPushAllCollection[8]" classname="org.springframework.data.redis.core.DefaultListOperationsTests" time="0.001">
    <error message="Cannot get Jedis connection; nested exception is redis.clients.jedis.exceptions.JedisConnectionException: Could not get a resource from the pool" type="org.springframework.data.redis.RedisConnectionFailureException">org.springframework.data.redis.RedisConnectionFailureException: Cannot get Jedis connection; nested exception is redis.clients.jedis.exceptions.JedisConnectionException: Could not get a resource from the pool
	at org.springframework.data.redis.core.DefaultListOperationsTests.tearDown(DefaultListOperationsTests.java:86)
Caused by: redis.clients.jedis.exceptions.JedisConnectionException: Could not get a resource from the pool
	at org.springframework.data.redis.core.DefaultListOperationsTests.tearDown(DefaultListOperationsTests.java:86)
Caused by: redis.clients.jedis.exceptions.JedisConnectionException: java.net.ConnectException: Conexão recusada
	at org.springframework.data.redis.core.DefaultListOperationsTests.tearDown(DefaultListOperationsTests.java:86)
Caused by: java.net.ConnectException: Conexão recusada
	at org.springframework.data.redis.core.DefaultListOperationsTests.tearDown(DefaultListOperationsTests.java:86)
</error>
  </testcase>
  <testcase name="testRightPopAndLeftPush[8]" classname="org.springframework.data.redis.core.DefaultListOperationsTests" time="0.001">
    <error message="Cannot get Jedis connection; nested exception is redis.clients.jedis.exceptions.JedisConnectionException: Could not get a resource from the pool" type="org.springframework.data.redis.RedisConnectionFailureException">org.springframework.data.redis.RedisConnectionFailureException: Cannot get Jedis connection; nested exception is redis.clients.jedis.exceptions.JedisConnectionException: Could not get a resource from the pool
	at org.springframework.data.redis.core.DefaultListOperationsTests.testRightPopAndLeftPush(DefaultListOperationsTests.java:149)
Caused by: redis.clients.jedis.exceptions.JedisConnectionException: Could not get a resource from the pool
	at org.springframework.data.redis.core.DefaultListOperationsTests.testRightPopAndLeftPush(DefaultListOperationsTests.java:149)
Caused by: redis.clients.jedis.exceptions.JedisConnectionException: java.net.ConnectException: Conexão recusada
	at org.springframework.data.redis.core.DefaultListOperationsTests.testRightPopAndLeftPush(DefaultListOperationsTests.java:149)
Caused by: java.net.ConnectException: Conexão recusada
	at org.springframework.data.redis.core.DefaultListOperationsTests.testRightPopAndLeftPush(DefaultListOperationsTests.java:149)
</error>
  </testcase>
  <testcase name="testRightPopAndLeftPush[8]" classname="org.springframework.data.redis.core.DefaultListOperationsTests" time="0.001">
    <error message="Cannot get Jedis connection; nested exception is redis.clients.jedis.exceptions.JedisConnectionException: Could not get a resource from the pool" type="org.springframework.data.redis.RedisConnectionFailureException">org.springframework.data.redis.RedisConnectionFailureException: Cannot get Jedis connection; nested exception is redis.clients.jedis.exceptions.JedisConnectionException: Could not get a resource from the pool
	at org.springframework.data.redis.core.DefaultListOperationsTests.tearDown(DefaultListOperationsTests.java:86)
Caused by: redis.clients.jedis.exceptions.JedisConnectionException: Could not get a resource from the pool
	at org.springframework.data.redis.core.DefaultListOperationsTests.tearDown(DefaultListOperationsTests.java:86)
Caused by: redis.clients.jedis.exceptions.JedisConnectionException: java.net.ConnectException: Conexão recusada
	at org.springframework.data.redis.core.DefaultListOperationsTests.tearDown(DefaultListOperationsTests.java:86)
Caused by: java.net.ConnectException: Conexão recusada
	at org.springframework.data.redis.core.DefaultListOperationsTests.tearDown(DefaultListOperationsTests.java:86)
</error>
  </testcase>
  <testcase name="leftPushAllShouldThrowExceptionWhenCollectionContainsNullValue[8]" classname="org.springframework.data.redis.core.DefaultListOperationsTests" time="0.002">
    <error message="Cannot get Jedis connection; nested exception is redis.clients.jedis.exceptions.JedisConnectionException: Could not get a resource from the pool" type="org.springframework.data.redis.RedisConnectionFailureException">org.springframework.data.redis.RedisConnectionFailureException: Cannot get Jedis connection; nested exception is redis.clients.jedis.exceptions.JedisConnectionException: Could not get a resource from the pool
	at org.springframework.data.redis.core.DefaultListOperationsTests.tearDown(DefaultListOperationsTests.java:86)
Caused by: redis.clients.jedis.exceptions.JedisConnectionException: Could not get a resource from the pool
	at org.springframework.data.redis.core.DefaultListOperationsTests.tearDown(DefaultListOperationsTests.java:86)
Caused by: redis.clients.jedis.exceptions.JedisConnectionException: java.net.ConnectException: Conexão recusada
	at org.springframework.data.redis.core.DefaultListOperationsTests.tearDown(DefaultListOperationsTests.java:86)
Caused by: java.net.ConnectException: Conexão recusada
	at org.springframework.data.redis.core.DefaultListOperationsTests.tearDown(DefaultListOperationsTests.java:86)
</error>
  </testcase>
  <testcase name="rightPushAllShouldThrowExceptionWhenCalledWithNull[8]" classname="org.springframework.data.redis.core.DefaultListOperationsTests" time="0">
    <error message="Cannot get Jedis connection; nested exception is redis.clients.jedis.exceptions.JedisConnectionException: Could not get a resource from the pool" type="org.springframework.data.redis.RedisConnectionFailureException">org.springframework.data.redis.RedisConnectionFailureException: Cannot get Jedis connection; nested exception is redis.clients.jedis.exceptions.JedisConnectionException: Could not get a resource from the pool
	at org.springframework.data.redis.core.DefaultListOperationsTests.tearDown(DefaultListOperationsTests.java:86)
Caused by: redis.clients.jedis.exceptions.JedisConnectionException: Could not get a resource from the pool
	at org.springframework.data.redis.core.DefaultListOperationsTests.tearDown(DefaultListOperationsTests.java:86)
Caused by: redis.clients.jedis.exceptions.JedisConnectionException: java.net.ConnectException: Conexão recusada
	at org.springframework.data.redis.core.DefaultListOperationsTests.tearDown(DefaultListOperationsTests.java:86)
Caused by: java.net.ConnectException: Conexão recusada
	at org.springframework.data.redis.core.DefaultListOperationsTests.tearDown(DefaultListOperationsTests.java:86)
</error>
  </testcase>
  <testcase name="leftPushAllShouldThrowExceptionWhenCalledWithNull[8]" classname="org.springframework.data.redis.core.DefaultListOperationsTests" time="0">
    <error message="Cannot get Jedis connection; nested exception is redis.clients.jedis.exceptions.JedisConnectionException: Could not get a resource from the pool" type="org.springframework.data.redis.RedisConnectionFailureException">org.springframework.data.redis.RedisConnectionFailureException: Cannot get Jedis connection; nested exception is redis.clients.jedis.exceptions.JedisConnectionException: Could not get a resource from the pool
	at org.springframework.data.redis.core.DefaultListOperationsTests.tearDown(DefaultListOperationsTests.java:86)
Caused by: redis.clients.jedis.exceptions.JedisConnectionException: Could not get a resource from the pool
	at org.springframework.data.redis.core.DefaultListOperationsTests.tearDown(DefaultListOperationsTests.java:86)
Caused by: redis.clients.jedis.exceptions.JedisConnectionException: java.net.ConnectException: Conexão recusada
	at org.springframework.data.redis.core.DefaultListOperationsTests.tearDown(DefaultListOperationsTests.java:86)
Caused by: java.net.ConnectException: Conexão recusada
	at org.springframework.data.redis.core.DefaultListOperationsTests.tearDown(DefaultListOperationsTests.java:86)
</error>
  </testcase>
  <testcase name="leftPushAllShouldThrowExceptionWhenCalledWithEmptyCollection[8]" classname="org.springframework.data.redis.core.DefaultListOperationsTests" time="0">
    <error message="Cannot get Jedis connection; nested exception is redis.clients.jedis.exceptions.JedisConnectionException: Could not get a resource from the pool" type="org.springframework.data.redis.RedisConnectionFailureException">org.springframework.data.redis.RedisConnectionFailureException: Cannot get Jedis connection; nested exception is redis.clients.jedis.exceptions.JedisConnectionException: Could not get a resource from the pool
	at org.springframework.data.redis.core.DefaultListOperationsTests.tearDown(DefaultListOperationsTests.java:86)
Caused by: redis.clients.jedis.exceptions.JedisConnectionException: Could not get a resource from the pool
	at org.springframework.data.redis.core.DefaultListOperationsTests.tearDown(DefaultListOperationsTests.java:86)
Caused by: redis.clients.jedis.exceptions.JedisConnectionException: java.net.ConnectException: Conexão recusada
	at org.springframework.data.redis.core.DefaultListOperationsTests.tearDown(DefaultListOperationsTests.java:86)
Caused by: java.net.ConnectException: Conexão recusada
	at org.springframework.data.redis.core.DefaultListOperationsTests.tearDown(DefaultListOperationsTests.java:86)
</error>
  </testcase>
  <testcase name="testRightPopAndLeftPushTimeout[8]" classname="org.springframework.data.redis.core.DefaultListOperationsTests" time="0.001">
    <error message="Could not initialize class org.springframework.data.redis.RedisTestProfileValueSource" type="java.lang.NoClassDefFoundError">java.lang.NoClassDefFoundError: Could not initialize class org.springframework.data.redis.RedisTestProfileValueSource
	at org.springframework.data.redis.core.DefaultListOperationsTests.testRightPopAndLeftPushTimeout(DefaultListOperationsTests.java:135)
</error>
  </testcase>
  <testcase name="testRightPopAndLeftPushTimeout[8]" classname="org.springframework.data.redis.core.DefaultListOperationsTests" time="0.001">
    <error message="Cannot get Jedis connection; nested exception is redis.clients.jedis.exceptions.JedisConnectionException: Could not get a resource from the pool" type="org.springframework.data.redis.RedisConnectionFailureException">org.springframework.data.redis.RedisConnectionFailureException: Cannot get Jedis connection; nested exception is redis.clients.jedis.exceptions.JedisConnectionException: Could not get a resource from the pool
	at org.springframework.data.redis.core.DefaultListOperationsTests.tearDown(DefaultListOperationsTests.java:86)
Caused by: redis.clients.jedis.exceptions.JedisConnectionException: Could not get a resource from the pool
	at org.springframework.data.redis.core.DefaultListOperationsTests.tearDown(DefaultListOperationsTests.java:86)
Caused by: redis.clients.jedis.exceptions.JedisConnectionException: java.net.ConnectException: Conexão recusada
	at org.springframework.data.redis.core.DefaultListOperationsTests.tearDown(DefaultListOperationsTests.java:86)
Caused by: java.net.ConnectException: Conexão recusada
	at org.springframework.data.redis.core.DefaultListOperationsTests.tearDown(DefaultListOperationsTests.java:86)
</error>
  </testcase>
  <testcase name="testLeftPushWithPivot[8]" classname="org.springframework.data.redis.core.DefaultListOperationsTests" time="0.001">
    <error message="Cannot get Jedis connection; nested exception is redis.clients.jedis.exceptions.JedisConnectionException: Could not get a resource from the pool" type="org.springframework.data.redis.RedisConnectionFailureException">org.springframework.data.redis.RedisConnectionFailureException: Cannot get Jedis connection; nested exception is redis.clients.jedis.exceptions.JedisConnectionException: Could not get a resource from the pool
	at org.springframework.data.redis.core.DefaultListOperationsTests.testLeftPushWithPivot(DefaultListOperationsTests.java:103)
Caused by: redis.clients.jedis.exceptions.JedisConnectionException: Could not get a resource from the pool
	at org.springframework.data.redis.core.DefaultListOperationsTests.testLeftPushWithPivot(DefaultListOperationsTests.java:103)
Caused by: redis.clients.jedis.exceptions.JedisConnectionException: java.net.ConnectException: Conexão recusada
	at org.springframework.data.redis.core.DefaultListOperationsTests.testLeftPushWithPivot(DefaultListOperationsTests.java:103)
Caused by: java.net.ConnectException: Conexão recusada
	at org.springframework.data.redis.core.DefaultListOperationsTests.testLeftPushWithPivot(DefaultListOperationsTests.java:103)
</error>
    <system-out><![CDATA[Value1org.springframework.data.redis.Person@5c6d5fa6
Value2org.springframework.data.redis.Person@28db9622
Value3org.springframework.data.redis.Person@1bd4bcd6
]]></system-out>
  </testcase>
  <testcase name="testLeftPushWithPivot[8]" classname="org.springframework.data.redis.core.DefaultListOperationsTests" time="0.001">
    <error message="Cannot get Jedis connection; nested exception is redis.clients.jedis.exceptions.JedisConnectionException: Could not get a resource from the pool" type="org.springframework.data.redis.RedisConnectionFailureException">org.springframework.data.redis.RedisConnectionFailureException: Cannot get Jedis connection; nested exception is redis.clients.jedis.exceptions.JedisConnectionException: Could not get a resource from the pool
	at org.springframework.data.redis.core.DefaultListOperationsTests.tearDown(DefaultListOperationsTests.java:86)
Caused by: redis.clients.jedis.exceptions.JedisConnectionException: Could not get a resource from the pool
	at org.springframework.data.redis.core.DefaultListOperationsTests.tearDown(DefaultListOperationsTests.java:86)
Caused by: redis.clients.jedis.exceptions.JedisConnectionException: java.net.ConnectException: Conexão recusada
	at org.springframework.data.redis.core.DefaultListOperationsTests.tearDown(DefaultListOperationsTests.java:86)
Caused by: java.net.ConnectException: Conexão recusada
	at org.springframework.data.redis.core.DefaultListOperationsTests.tearDown(DefaultListOperationsTests.java:86)
</error>
  </testcase>
  <testcase name="rightPushAllShouldThrowExceptionWhenCollectionContainsNullValue[9]" classname="org.springframework.data.redis.core.DefaultListOperationsTests" time="0.001">
    <error message="Cannot get Jedis connection; nested exception is redis.clients.jedis.exceptions.JedisConnectionException: Could not get a resource from the pool" type="org.springframework.data.redis.RedisConnectionFailureException">org.springframework.data.redis.RedisConnectionFailureException: Cannot get Jedis connection; nested exception is redis.clients.jedis.exceptions.JedisConnectionException: Could not get a resource from the pool
	at org.springframework.data.redis.core.DefaultListOperationsTests.tearDown(DefaultListOperationsTests.java:86)
Caused by: redis.clients.jedis.exceptions.JedisConnectionException: Could not get a resource from the pool
	at org.springframework.data.redis.core.DefaultListOperationsTests.tearDown(DefaultListOperationsTests.java:86)
Caused by: redis.clients.jedis.exceptions.JedisConnectionException: java.net.ConnectException: Conexão recusada
	at org.springframework.data.redis.core.DefaultListOperationsTests.tearDown(DefaultListOperationsTests.java:86)
Caused by: java.net.ConnectException: Conexão recusada
	at org.springframework.data.redis.core.DefaultListOperationsTests.tearDown(DefaultListOperationsTests.java:86)
</error>
  </testcase>
  <testcase name="testLeftPushAll[9]" classname="org.springframework.data.redis.core.DefaultListOperationsTests" time="0.005">
    <error message="Cannot get Jedis connection; nested exception is redis.clients.jedis.exceptions.JedisConnectionException: Could not get a resource from the pool" type="org.springframework.data.redis.RedisConnectionFailureException">org.springframework.data.redis.RedisConnectionFailureException: Cannot get Jedis connection; nested exception is redis.clients.jedis.exceptions.JedisConnectionException: Could not get a resource from the pool
	at org.springframework.data.redis.core.DefaultListOperationsTests.testLeftPushAll(DefaultListOperationsTests.java:127)
Caused by: redis.clients.jedis.exceptions.JedisConnectionException: Could not get a resource from the pool
	at org.springframework.data.redis.core.DefaultListOperationsTests.testLeftPushAll(DefaultListOperationsTests.java:127)
Caused by: redis.clients.jedis.exceptions.JedisConnectionException: java.net.ConnectException: Conexão recusada
	at org.springframework.data.redis.core.DefaultListOperationsTests.testLeftPushAll(DefaultListOperationsTests.java:127)
Caused by: java.net.ConnectException: Conexão recusada
	at org.springframework.data.redis.core.DefaultListOperationsTests.testLeftPushAll(DefaultListOperationsTests.java:127)
</error>
  </testcase>
  <testcase name="testLeftPushAll[9]" classname="org.springframework.data.redis.core.DefaultListOperationsTests" time="0.006">
    <error message="Cannot get Jedis connection; nested exception is redis.clients.jedis.exceptions.JedisConnectionException: Could not get a resource from the pool" type="org.springframework.data.redis.RedisConnectionFailureException">org.springframework.data.redis.RedisConnectionFailureException: Cannot get Jedis connection; nested exception is redis.clients.jedis.exceptions.JedisConnectionException: Could not get a resource from the pool
	at org.springframework.data.redis.core.DefaultListOperationsTests.tearDown(DefaultListOperationsTests.java:86)
Caused by: redis.clients.jedis.exceptions.JedisConnectionException: Could not get a resource from the pool
	at org.springframework.data.redis.core.DefaultListOperationsTests.tearDown(DefaultListOperationsTests.java:86)
Caused by: redis.clients.jedis.exceptions.JedisConnectionException: java.net.ConnectException: Conexão recusada
	at org.springframework.data.redis.core.DefaultListOperationsTests.tearDown(DefaultListOperationsTests.java:86)
Caused by: java.net.ConnectException: Conexão recusada
	at org.springframework.data.redis.core.DefaultListOperationsTests.tearDown(DefaultListOperationsTests.java:86)
</error>
  </testcase>
  <testcase name="rightPushAllShouldThrowExceptionWhenCalledWithEmptyCollection[9]" classname="org.springframework.data.redis.core.DefaultListOperationsTests" time="0">
    <error message="Cannot get Jedis connection; nested exception is redis.clients.jedis.exceptions.JedisConnectionException: Could not get a resource from the pool" type="org.springframework.data.redis.RedisConnectionFailureException">org.springframework.data.redis.RedisConnectionFailureException: Cannot get Jedis connection; nested exception is redis.clients.jedis.exceptions.JedisConnectionException: Could not get a resource from the pool
	at org.springframework.data.redis.core.DefaultListOperationsTests.tearDown(DefaultListOperationsTests.java:86)
Caused by: redis.clients.jedis.exceptions.JedisConnectionException: Could not get a resource from the pool
	at org.springframework.data.redis.core.DefaultListOperationsTests.tearDown(DefaultListOperationsTests.java:86)
Caused by: redis.clients.jedis.exceptions.JedisConnectionException: java.net.ConnectException: Conexão recusada
	at org.springframework.data.redis.core.DefaultListOperationsTests.tearDown(DefaultListOperationsTests.java:86)
Caused by: java.net.ConnectException: Conexão recusada
	at org.springframework.data.redis.core.DefaultListOperationsTests.tearDown(DefaultListOperationsTests.java:86)
</error>
  </testcase>
  <testcase name="testRightPushAll[9]" classname="org.springframework.data.redis.core.DefaultListOperationsTests" time="0.001">
    <error message="Cannot get Jedis connection; nested exception is redis.clients.jedis.exceptions.JedisConnectionException: Could not get a resource from the pool" type="org.springframework.data.redis.RedisConnectionFailureException">org.springframework.data.redis.RedisConnectionFailureException: Cannot get Jedis connection; nested exception is redis.clients.jedis.exceptions.JedisConnectionException: Could not get a resource from the pool
	at org.springframework.data.redis.core.DefaultListOperationsTests.testRightPushAll(DefaultListOperationsTests.java:184)
Caused by: redis.clients.jedis.exceptions.JedisConnectionException: Could not get a resource from the pool
	at org.springframework.data.redis.core.DefaultListOperationsTests.testRightPushAll(DefaultListOperationsTests.java:184)
Caused by: redis.clients.jedis.exceptions.JedisConnectionException: java.net.ConnectException: Conexão recusada
	at org.springframework.data.redis.core.DefaultListOperationsTests.testRightPushAll(DefaultListOperationsTests.java:184)
Caused by: java.net.ConnectException: Conexão recusada
	at org.springframework.data.redis.core.DefaultListOperationsTests.testRightPushAll(DefaultListOperationsTests.java:184)
</error>
  </testcase>
  <testcase name="testRightPushAll[9]" classname="org.springframework.data.redis.core.DefaultListOperationsTests" time="0.001">
    <error message="Cannot get Jedis connection; nested exception is redis.clients.jedis.exceptions.JedisConnectionException: Could not get a resource from the pool" type="org.springframework.data.redis.RedisConnectionFailureException">org.springframework.data.redis.RedisConnectionFailureException: Cannot get Jedis connection; nested exception is redis.clients.jedis.exceptions.JedisConnectionException: Could not get a resource from the pool
	at org.springframework.data.redis.core.DefaultListOperationsTests.tearDown(DefaultListOperationsTests.java:86)
Caused by: redis.clients.jedis.exceptions.JedisConnectionException: Could not get a resource from the pool
	at org.springframework.data.redis.core.DefaultListOperationsTests.tearDown(DefaultListOperationsTests.java:86)
Caused by: redis.clients.jedis.exceptions.JedisConnectionException: java.net.ConnectException: Conexão recusada
	at org.springframework.data.redis.core.DefaultListOperationsTests.tearDown(DefaultListOperationsTests.java:86)
Caused by: java.net.ConnectException: Conexão recusada
	at org.springframework.data.redis.core.DefaultListOperationsTests.tearDown(DefaultListOperationsTests.java:86)
</error>
  </testcase>
  <testcase name="testRightPushWithPivot[9]" classname="org.springframework.data.redis.core.DefaultListOperationsTests" time="0.001">
    <error message="Cannot get Jedis connection; nested exception is redis.clients.jedis.exceptions.JedisConnectionException: Could not get a resource from the pool" type="org.springframework.data.redis.RedisConnectionFailureException">org.springframework.data.redis.RedisConnectionFailureException: Cannot get Jedis connection; nested exception is redis.clients.jedis.exceptions.JedisConnectionException: Could not get a resource from the pool
	at org.springframework.data.redis.core.DefaultListOperationsTests.testRightPushWithPivot(DefaultListOperationsTests.java:160)
Caused by: redis.clients.jedis.exceptions.JedisConnectionException: Could not get a resource from the pool
	at org.springframework.data.redis.core.DefaultListOperationsTests.testRightPushWithPivot(DefaultListOperationsTests.java:160)
Caused by: redis.clients.jedis.exceptions.JedisConnectionException: java.net.ConnectException: Conexão recusada
	at org.springframework.data.redis.core.DefaultListOperationsTests.testRightPushWithPivot(DefaultListOperationsTests.java:160)
Caused by: java.net.ConnectException: Conexão recusada
	at org.springframework.data.redis.core.DefaultListOperationsTests.testRightPushWithPivot(DefaultListOperationsTests.java:160)
</error>
  </testcase>
  <testcase name="testRightPushWithPivot[9]" classname="org.springframework.data.redis.core.DefaultListOperationsTests" time="0.001">
    <error message="Cannot get Jedis connection; nested exception is redis.clients.jedis.exceptions.JedisConnectionException: Could not get a resource from the pool" type="org.springframework.data.redis.RedisConnectionFailureException">org.springframework.data.redis.RedisConnectionFailureException: Cannot get Jedis connection; nested exception is redis.clients.jedis.exceptions.JedisConnectionException: Could not get a resource from the pool
	at org.springframework.data.redis.core.DefaultListOperationsTests.tearDown(DefaultListOperationsTests.java:86)
Caused by: redis.clients.jedis.exceptions.JedisConnectionException: Could not get a resource from the pool
	at org.springframework.data.redis.core.DefaultListOperationsTests.tearDown(DefaultListOperationsTests.java:86)
Caused by: redis.clients.jedis.exceptions.JedisConnectionException: java.net.ConnectException: Conexão recusada
	at org.springframework.data.redis.core.DefaultListOperationsTests.tearDown(DefaultListOperationsTests.java:86)
Caused by: java.net.ConnectException: Conexão recusada
	at org.springframework.data.redis.core.DefaultListOperationsTests.tearDown(DefaultListOperationsTests.java:86)
</error>
  </testcase>
  <testcase name="testLeftPushIfPresent[9]" classname="org.springframework.data.redis.core.DefaultListOperationsTests" time="0.001">
    <error message="Cannot get Jedis connection; nested exception is redis.clients.jedis.exceptions.JedisConnectionException: Could not get a resource from the pool" type="org.springframework.data.redis.RedisConnectionFailureException">org.springframework.data.redis.RedisConnectionFailureException: Cannot get Jedis connection; nested exception is redis.clients.jedis.exceptions.JedisConnectionException: Could not get a resource from the pool
	at org.springframework.data.redis.core.DefaultListOperationsTests.testLeftPushIfPresent(DefaultListOperationsTests.java:114)
Caused by: redis.clients.jedis.exceptions.JedisConnectionException: Could not get a resource from the pool
	at org.springframework.data.redis.core.DefaultListOperationsTests.testLeftPushIfPresent(DefaultListOperationsTests.java:114)
Caused by: redis.clients.jedis.exceptions.JedisConnectionException: java.net.ConnectException: Conexão recusada
	at org.springframework.data.redis.core.DefaultListOperationsTests.testLeftPushIfPresent(DefaultListOperationsTests.java:114)
Caused by: java.net.ConnectException: Conexão recusada
	at org.springframework.data.redis.core.DefaultListOperationsTests.testLeftPushIfPresent(DefaultListOperationsTests.java:114)
</error>
  </testcase>
  <testcase name="testLeftPushIfPresent[9]" classname="org.springframework.data.redis.core.DefaultListOperationsTests" time="0.001">
    <error message="Cannot get Jedis connection; nested exception is redis.clients.jedis.exceptions.JedisConnectionException: Could not get a resource from the pool" type="org.springframework.data.redis.RedisConnectionFailureException">org.springframework.data.redis.RedisConnectionFailureException: Cannot get Jedis connection; nested exception is redis.clients.jedis.exceptions.JedisConnectionException: Could not get a resource from the pool
	at org.springframework.data.redis.core.DefaultListOperationsTests.tearDown(DefaultListOperationsTests.java:86)
Caused by: redis.clients.jedis.exceptions.JedisConnectionException: Could not get a resource from the pool
	at org.springframework.data.redis.core.DefaultListOperationsTests.tearDown(DefaultListOperationsTests.java:86)
Caused by: redis.clients.jedis.exceptions.JedisConnectionException: java.net.ConnectException: Conexão recusada
	at org.springframework.data.redis.core.DefaultListOperationsTests.tearDown(DefaultListOperationsTests.java:86)
Caused by: java.net.ConnectException: Conexão recusada
	at org.springframework.data.redis.core.DefaultListOperationsTests.tearDown(DefaultListOperationsTests.java:86)
</error>
  </testcase>
  <testcase name="testLeftPushAllCollection[9]" classname="org.springframework.data.redis.core.DefaultListOperationsTests" time="0.002">
    <error message="Cannot get Jedis connection; nested exception is redis.clients.jedis.exceptions.JedisConnectionException: Could not get a resource from the pool" type="org.springframework.data.redis.RedisConnectionFailureException">org.springframework.data.redis.RedisConnectionFailureException: Cannot get Jedis connection; nested exception is redis.clients.jedis.exceptions.JedisConnectionException: Could not get a resource from the pool
	at org.springframework.data.redis.core.DefaultListOperationsTests.testLeftPushAllCollection(DefaultListOperationsTests.java:244)
Caused by: redis.clients.jedis.exceptions.JedisConnectionException: Could not get a resource from the pool
	at org.springframework.data.redis.core.DefaultListOperationsTests.testLeftPushAllCollection(DefaultListOperationsTests.java:244)
Caused by: redis.clients.jedis.exceptions.JedisConnectionException: java.net.ConnectException: Conexão recusada
	at org.springframework.data.redis.core.DefaultListOperationsTests.testLeftPushAllCollection(DefaultListOperationsTests.java:244)
Caused by: java.net.ConnectException: Conexão recusada
	at org.springframework.data.redis.core.DefaultListOperationsTests.testLeftPushAllCollection(DefaultListOperationsTests.java:244)
</error>
  </testcase>
  <testcase name="testLeftPushAllCollection[9]" classname="org.springframework.data.redis.core.DefaultListOperationsTests" time="0.002">
    <error message="Cannot get Jedis connection; nested exception is redis.clients.jedis.exceptions.JedisConnectionException: Could not get a resource from the pool" type="org.springframework.data.redis.RedisConnectionFailureException">org.springframework.data.redis.RedisConnectionFailureException: Cannot get Jedis connection; nested exception is redis.clients.jedis.exceptions.JedisConnectionException: Could not get a resource from the pool
	at org.springframework.data.redis.core.DefaultListOperationsTests.tearDown(DefaultListOperationsTests.java:86)
Caused by: redis.clients.jedis.exceptions.JedisConnectionException: Could not get a resource from the pool
	at org.springframework.data.redis.core.DefaultListOperationsTests.tearDown(DefaultListOperationsTests.java:86)
Caused by: redis.clients.jedis.exceptions.JedisConnectionException: java.net.ConnectException: Conexão recusada
	at org.springframework.data.redis.core.DefaultListOperationsTests.tearDown(DefaultListOperationsTests.java:86)
Caused by: java.net.ConnectException: Conexão recusada
	at org.springframework.data.redis.core.DefaultListOperationsTests.tearDown(DefaultListOperationsTests.java:86)
</error>
  </testcase>
  <testcase name="testRightPushIfPresent[9]" classname="org.springframework.data.redis.core.DefaultListOperationsTests" time="0.001">
    <error message="Cannot get Jedis connection; nested exception is redis.clients.jedis.exceptions.JedisConnectionException: Could not get a resource from the pool" type="org.springframework.data.redis.RedisConnectionFailureException">org.springframework.data.redis.RedisConnectionFailureException: Cannot get Jedis connection; nested exception is redis.clients.jedis.exceptions.JedisConnectionException: Could not get a resource from the pool
	at org.springframework.data.redis.core.DefaultListOperationsTests.testRightPushIfPresent(DefaultListOperationsTests.java:171)
Caused by: redis.clients.jedis.exceptions.JedisConnectionException: Could not get a resource from the pool
	at org.springframework.data.redis.core.DefaultListOperationsTests.testRightPushIfPresent(DefaultListOperationsTests.java:171)
Caused by: redis.clients.jedis.exceptions.JedisConnectionException: java.net.ConnectException: Conexão recusada
	at org.springframework.data.redis.core.DefaultListOperationsTests.testRightPushIfPresent(DefaultListOperationsTests.java:171)
Caused by: java.net.ConnectException: Conexão recusada
	at org.springframework.data.redis.core.DefaultListOperationsTests.testRightPushIfPresent(DefaultListOperationsTests.java:171)
</error>
  </testcase>
  <testcase name="testRightPushIfPresent[9]" classname="org.springframework.data.redis.core.DefaultListOperationsTests" time="0.001">
    <error message="Cannot get Jedis connection; nested exception is redis.clients.jedis.exceptions.JedisConnectionException: Could not get a resource from the pool" type="org.springframework.data.redis.RedisConnectionFailureException">org.springframework.data.redis.RedisConnectionFailureException: Cannot get Jedis connection; nested exception is redis.clients.jedis.exceptions.JedisConnectionException: Could not get a resource from the pool
	at org.springframework.data.redis.core.DefaultListOperationsTests.tearDown(DefaultListOperationsTests.java:86)
Caused by: redis.clients.jedis.exceptions.JedisConnectionException: Could not get a resource from the pool
	at org.springframework.data.redis.core.DefaultListOperationsTests.tearDown(DefaultListOperationsTests.java:86)
Caused by: redis.clients.jedis.exceptions.JedisConnectionException: java.net.ConnectException: Conexão recusada
	at org.springframework.data.redis.core.DefaultListOperationsTests.tearDown(DefaultListOperationsTests.java:86)
Caused by: java.net.ConnectException: Conexão recusada
	at org.springframework.data.redis.core.DefaultListOperationsTests.tearDown(DefaultListOperationsTests.java:86)
</error>
  </testcase>
  <testcase name="testRightPushAllCollection[9]" classname="org.springframework.data.redis.core.DefaultListOperationsTests" time="0.001">
    <error message="Cannot get Jedis connection; nested exception is redis.clients.jedis.exceptions.JedisConnectionException: Could not get a resource from the pool" type="org.springframework.data.redis.RedisConnectionFailureException">org.springframework.data.redis.RedisConnectionFailureException: Cannot get Jedis connection; nested exception is redis.clients.jedis.exceptions.JedisConnectionException: Could not get a resource from the pool
	at org.springframework.data.redis.core.DefaultListOperationsTests.testRightPushAllCollection(DefaultListOperationsTests.java:202)
Caused by: redis.clients.jedis.exceptions.JedisConnectionException: Could not get a resource from the pool
	at org.springframework.data.redis.core.DefaultListOperationsTests.testRightPushAllCollection(DefaultListOperationsTests.java:202)
Caused by: redis.clients.jedis.exceptions.JedisConnectionException: java.net.ConnectException: Conexão recusada
	at org.springframework.data.redis.core.DefaultListOperationsTests.testRightPushAllCollection(DefaultListOperationsTests.java:202)
Caused by: java.net.ConnectException: Conexão recusada
	at org.springframework.data.redis.core.DefaultListOperationsTests.testRightPushAllCollection(DefaultListOperationsTests.java:202)
</error>
  </testcase>
  <testcase name="testRightPushAllCollection[9]" classname="org.springframework.data.redis.core.DefaultListOperationsTests" time="0.002">
    <error message="Cannot get Jedis connection; nested exception is redis.clients.jedis.exceptions.JedisConnectionException: Could not get a resource from the pool" type="org.springframework.data.redis.RedisConnectionFailureException">org.springframework.data.redis.RedisConnectionFailureException: Cannot get Jedis connection; nested exception is redis.clients.jedis.exceptions.JedisConnectionException: Could not get a resource from the pool
	at org.springframework.data.redis.core.DefaultListOperationsTests.tearDown(DefaultListOperationsTests.java:86)
Caused by: redis.clients.jedis.exceptions.JedisConnectionException: Could not get a resource from the pool
	at org.springframework.data.redis.core.DefaultListOperationsTests.tearDown(DefaultListOperationsTests.java:86)
Caused by: redis.clients.jedis.exceptions.JedisConnectionException: java.net.ConnectException: Conexão recusada
	at org.springframework.data.redis.core.DefaultListOperationsTests.tearDown(DefaultListOperationsTests.java:86)
Caused by: java.net.ConnectException: Conexão recusada
	at org.springframework.data.redis.core.DefaultListOperationsTests.tearDown(DefaultListOperationsTests.java:86)
</error>
  </testcase>
  <testcase name="testRightPopAndLeftPush[9]" classname="org.springframework.data.redis.core.DefaultListOperationsTests" time="0.001">
    <error message="Cannot get Jedis connection; nested exception is redis.clients.jedis.exceptions.JedisConnectionException: Could not get a resource from the pool" type="org.springframework.data.redis.RedisConnectionFailureException">org.springframework.data.redis.RedisConnectionFailureException: Cannot get Jedis connection; nested exception is redis.clients.jedis.exceptions.JedisConnectionException: Could not get a resource from the pool
	at org.springframework.data.redis.core.DefaultListOperationsTests.testRightPopAndLeftPush(DefaultListOperationsTests.java:149)
Caused by: redis.clients.jedis.exceptions.JedisConnectionException: Could not get a resource from the pool
	at org.springframework.data.redis.core.DefaultListOperationsTests.testRightPopAndLeftPush(DefaultListOperationsTests.java:149)
Caused by: redis.clients.jedis.exceptions.JedisConnectionException: java.net.ConnectException: Conexão recusada
	at org.springframework.data.redis.core.DefaultListOperationsTests.testRightPopAndLeftPush(DefaultListOperationsTests.java:149)
Caused by: java.net.ConnectException: Conexão recusada
	at org.springframework.data.redis.core.DefaultListOperationsTests.testRightPopAndLeftPush(DefaultListOperationsTests.java:149)
</error>
  </testcase>
  <testcase name="testRightPopAndLeftPush[9]" classname="org.springframework.data.redis.core.DefaultListOperationsTests" time="0.001">
    <error message="Cannot get Jedis connection; nested exception is redis.clients.jedis.exceptions.JedisConnectionException: Could not get a resource from the pool" type="org.springframework.data.redis.RedisConnectionFailureException">org.springframework.data.redis.RedisConnectionFailureException: Cannot get Jedis connection; nested exception is redis.clients.jedis.exceptions.JedisConnectionException: Could not get a resource from the pool
	at org.springframework.data.redis.core.DefaultListOperationsTests.tearDown(DefaultListOperationsTests.java:86)
Caused by: redis.clients.jedis.exceptions.JedisConnectionException: Could not get a resource from the pool
	at org.springframework.data.redis.core.DefaultListOperationsTests.tearDown(DefaultListOperationsTests.java:86)
Caused by: redis.clients.jedis.exceptions.JedisConnectionException: java.net.ConnectException: Conexão recusada
	at org.springframework.data.redis.core.DefaultListOperationsTests.tearDown(DefaultListOperationsTests.java:86)
Caused by: java.net.ConnectException: Conexão recusada
	at org.springframework.data.redis.core.DefaultListOperationsTests.tearDown(DefaultListOperationsTests.java:86)
</error>
  </testcase>
  <testcase name="leftPushAllShouldThrowExceptionWhenCollectionContainsNullValue[9]" classname="org.springframework.data.redis.core.DefaultListOperationsTests" time="0">
    <error message="Cannot get Jedis connection; nested exception is redis.clients.jedis.exceptions.JedisConnectionException: Could not get a resource from the pool" type="org.springframework.data.redis.RedisConnectionFailureException">org.springframework.data.redis.RedisConnectionFailureException: Cannot get Jedis connection; nested exception is redis.clients.jedis.exceptions.JedisConnectionException: Could not get a resource from the pool
	at org.springframework.data.redis.core.DefaultListOperationsTests.tearDown(DefaultListOperationsTests.java:86)
Caused by: redis.clients.jedis.exceptions.JedisConnectionException: Could not get a resource from the pool
	at org.springframework.data.redis.core.DefaultListOperationsTests.tearDown(DefaultListOperationsTests.java:86)
Caused by: redis.clients.jedis.exceptions.JedisConnectionException: java.net.ConnectException: Conexão recusada
	at org.springframework.data.redis.core.DefaultListOperationsTests.tearDown(DefaultListOperationsTests.java:86)
Caused by: java.net.ConnectException: Conexão recusada
	at org.springframework.data.redis.core.DefaultListOperationsTests.tearDown(DefaultListOperationsTests.java:86)
</error>
  </testcase>
  <testcase name="rightPushAllShouldThrowExceptionWhenCalledWithNull[9]" classname="org.springframework.data.redis.core.DefaultListOperationsTests" time="0">
    <error message="Cannot get Jedis connection; nested exception is redis.clients.jedis.exceptions.JedisConnectionException: Could not get a resource from the pool" type="org.springframework.data.redis.RedisConnectionFailureException">org.springframework.data.redis.RedisConnectionFailureException: Cannot get Jedis connection; nested exception is redis.clients.jedis.exceptions.JedisConnectionException: Could not get a resource from the pool
	at org.springframework.data.redis.core.DefaultListOperationsTests.tearDown(DefaultListOperationsTests.java:86)
Caused by: redis.clients.jedis.exceptions.JedisConnectionException: Could not get a resource from the pool
	at org.springframework.data.redis.core.DefaultListOperationsTests.tearDown(DefaultListOperationsTests.java:86)
Caused by: redis.clients.jedis.exceptions.JedisConnectionException: java.net.ConnectException: Conexão recusada
	at org.springframework.data.redis.core.DefaultListOperationsTests.tearDown(DefaultListOperationsTests.java:86)
Caused by: java.net.ConnectException: Conexão recusada
	at org.springframework.data.redis.core.DefaultListOperationsTests.tearDown(DefaultListOperationsTests.java:86)
</error>
  </testcase>
  <testcase name="leftPushAllShouldThrowExceptionWhenCalledWithNull[9]" classname="org.springframework.data.redis.core.DefaultListOperationsTests" time="0.002">
    <error message="Cannot get Jedis connection; nested exception is redis.clients.jedis.exceptions.JedisConnectionException: Could not get a resource from the pool" type="org.springframework.data.redis.RedisConnectionFailureException">org.springframework.data.redis.RedisConnectionFailureException: Cannot get Jedis connection; nested exception is redis.clients.jedis.exceptions.JedisConnectionException: Could not get a resource from the pool
	at org.springframework.data.redis.core.DefaultListOperationsTests.tearDown(DefaultListOperationsTests.java:86)
Caused by: redis.clients.jedis.exceptions.JedisConnectionException: Could not get a resource from the pool
	at org.springframework.data.redis.core.DefaultListOperationsTests.tearDown(DefaultListOperationsTests.java:86)
Caused by: redis.clients.jedis.exceptions.JedisConnectionException: java.net.ConnectException: Conexão recusada
	at org.springframework.data.redis.core.DefaultListOperationsTests.tearDown(DefaultListOperationsTests.java:86)
Caused by: java.net.ConnectException: Conexão recusada
	at org.springframework.data.redis.core.DefaultListOperationsTests.tearDown(DefaultListOperationsTests.java:86)
</error>
  </testcase>
  <testcase name="leftPushAllShouldThrowExceptionWhenCalledWithEmptyCollection[9]" classname="org.springframework.data.redis.core.DefaultListOperationsTests" time="0">
    <error message="Cannot get Jedis connection; nested exception is redis.clients.jedis.exceptions.JedisConnectionException: Could not get a resource from the pool" type="org.springframework.data.redis.RedisConnectionFailureException">org.springframework.data.redis.RedisConnectionFailureException: Cannot get Jedis connection; nested exception is redis.clients.jedis.exceptions.JedisConnectionException: Could not get a resource from the pool
	at org.springframework.data.redis.core.DefaultListOperationsTests.tearDown(DefaultListOperationsTests.java:86)
Caused by: redis.clients.jedis.exceptions.JedisConnectionException: Could not get a resource from the pool
	at org.springframework.data.redis.core.DefaultListOperationsTests.tearDown(DefaultListOperationsTests.java:86)
Caused by: redis.clients.jedis.exceptions.JedisConnectionException: java.net.ConnectException: Conexão recusada
	at org.springframework.data.redis.core.DefaultListOperationsTests.tearDown(DefaultListOperationsTests.java:86)
Caused by: java.net.ConnectException: Conexão recusada
	at org.springframework.data.redis.core.DefaultListOperationsTests.tearDown(DefaultListOperationsTests.java:86)
</error>
  </testcase>
  <testcase name="testRightPopAndLeftPushTimeout[9]" classname="org.springframework.data.redis.core.DefaultListOperationsTests" time="0.001">
    <error message="Could not initialize class org.springframework.data.redis.RedisTestProfileValueSource" type="java.lang.NoClassDefFoundError">java.lang.NoClassDefFoundError: Could not initialize class org.springframework.data.redis.RedisTestProfileValueSource
	at org.springframework.data.redis.core.DefaultListOperationsTests.testRightPopAndLeftPushTimeout(DefaultListOperationsTests.java:135)
</error>
  </testcase>
  <testcase name="testRightPopAndLeftPushTimeout[9]" classname="org.springframework.data.redis.core.DefaultListOperationsTests" time="0.001">
    <error message="Cannot get Jedis connection; nested exception is redis.clients.jedis.exceptions.JedisConnectionException: Could not get a resource from the pool" type="org.springframework.data.redis.RedisConnectionFailureException">org.springframework.data.redis.RedisConnectionFailureException: Cannot get Jedis connection; nested exception is redis.clients.jedis.exceptions.JedisConnectionException: Could not get a resource from the pool
	at org.springframework.data.redis.core.DefaultListOperationsTests.tearDown(DefaultListOperationsTests.java:86)
Caused by: redis.clients.jedis.exceptions.JedisConnectionException: Could not get a resource from the pool
	at org.springframework.data.redis.core.DefaultListOperationsTests.tearDown(DefaultListOperationsTests.java:86)
Caused by: redis.clients.jedis.exceptions.JedisConnectionException: java.net.ConnectException: Conexão recusada
	at org.springframework.data.redis.core.DefaultListOperationsTests.tearDown(DefaultListOperationsTests.java:86)
Caused by: java.net.ConnectException: Conexão recusada
	at org.springframework.data.redis.core.DefaultListOperationsTests.tearDown(DefaultListOperationsTests.java:86)
</error>
  </testcase>
  <testcase name="testLeftPushWithPivot[9]" classname="org.springframework.data.redis.core.DefaultListOperationsTests" time="0.001">
    <error message="Cannot get Jedis connection; nested exception is redis.clients.jedis.exceptions.JedisConnectionException: Could not get a resource from the pool" type="org.springframework.data.redis.RedisConnectionFailureException">org.springframework.data.redis.RedisConnectionFailureException: Cannot get Jedis connection; nested exception is redis.clients.jedis.exceptions.JedisConnectionException: Could not get a resource from the pool
	at org.springframework.data.redis.core.DefaultListOperationsTests.testLeftPushWithPivot(DefaultListOperationsTests.java:103)
Caused by: redis.clients.jedis.exceptions.JedisConnectionException: Could not get a resource from the pool
	at org.springframework.data.redis.core.DefaultListOperationsTests.testLeftPushWithPivot(DefaultListOperationsTests.java:103)
Caused by: redis.clients.jedis.exceptions.JedisConnectionException: java.net.ConnectException: Conexão recusada
	at org.springframework.data.redis.core.DefaultListOperationsTests.testLeftPushWithPivot(DefaultListOperationsTests.java:103)
Caused by: java.net.ConnectException: Conexão recusada
	at org.springframework.data.redis.core.DefaultListOperationsTests.testLeftPushWithPivot(DefaultListOperationsTests.java:103)
</error>
    <system-out><![CDATA[Value1org.springframework.data.redis.Person@ba0c3a49
Value2org.springframework.data.redis.Person@675f3699
Value3org.springframework.data.redis.Person@bc63c769
]]></system-out>
  </testcase>
  <testcase name="testLeftPushWithPivot[9]" classname="org.springframework.data.redis.core.DefaultListOperationsTests" time="0.001">
    <error message="Cannot get Jedis connection; nested exception is redis.clients.jedis.exceptions.JedisConnectionException: Could not get a resource from the pool" type="org.springframework.data.redis.RedisConnectionFailureException">org.springframework.data.redis.RedisConnectionFailureException: Cannot get Jedis connection; nested exception is redis.clients.jedis.exceptions.JedisConnectionException: Could not get a resource from the pool
	at org.springframework.data.redis.core.DefaultListOperationsTests.tearDown(DefaultListOperationsTests.java:86)
Caused by: redis.clients.jedis.exceptions.JedisConnectionException: Could not get a resource from the pool
	at org.springframework.data.redis.core.DefaultListOperationsTests.tearDown(DefaultListOperationsTests.java:86)
Caused by: redis.clients.jedis.exceptions.JedisConnectionException: java.net.ConnectException: Conexão recusada
	at org.springframework.data.redis.core.DefaultListOperationsTests.tearDown(DefaultListOperationsTests.java:86)
Caused by: java.net.ConnectException: Conexão recusada
	at org.springframework.data.redis.core.DefaultListOperationsTests.tearDown(DefaultListOperationsTests.java:86)
</error>
  </testcase>
</testsuite>