<?xml version="1.0" encoding="UTF-8"?>
<testsuite xmlns:xsi="http://www.w3.org/2001/XMLSchema-instance" xsi:schemaLocation="https://maven.apache.org/surefire/maven-surefire-plugin/xsd/surefire-test-report.xsd" name="org.springframework.data.redis.support.collections.RedisListTests" time="4.261" tests="3534" errors="3534" skipped="0" failures="0">
  <properties>
    <property name="java.runtime.name" value="Java(TM) SE Runtime Environment"/>
    <property name="sun.boot.library.path" value="/usr/lib/jvm/java-8-oracle/jre/lib/amd64"/>
    <property name="java.vm.version" value="25.91-b14"/>
    <property name="java.vm.vendor" value="Oracle Corporation"/>
    <property name="java.vendor.url" value="http://java.oracle.com/"/>
    <property name="path.separator" value=":"/>
    <property name="guice.disable.misplaced.annotation.check" value="true"/>
    <property name="java.vm.name" value="Java HotSpot(TM) 64-Bit Server VM"/>
    <property name="file.encoding.pkg" value="sun.io"/>
    <property name="user.country" value="BR"/>
    <property name="sun.java.launcher" value="SUN_STANDARD"/>
    <property name="sun.os.patch.level" value="unknown"/>
    <property name="java.vm.specification.name" value="Java Virtual Machine Specification"/>
    <property name="user.dir" value="/home/aluno/spring-projects/maven/spring-data-redis"/>
    <property name="java.runtime.version" value="1.8.0_91-b14"/>
    <property name="java.awt.graphicsenv" value="sun.awt.X11GraphicsEnvironment"/>
    <property name="java.endorsed.dirs" value="/usr/lib/jvm/java-8-oracle/jre/lib/endorsed"/>
    <property name="os.arch" value="amd64"/>
    <property name="java.io.tmpdir" value="/tmp"/>
    <property name="line.separator" value="&#10;"/>
    <property name="java.vm.specification.vendor" value="Oracle Corporation"/>
    <property name="os.name" value="Linux"/>
    <property name="classworlds.conf" value="/usr/share/maven/bin/m2.conf"/>
    <property name="sun.jnu.encoding" value="UTF-8"/>
    <property name="java.library.path" value="/usr/java/packages/lib/amd64:/usr/lib64:/lib64:/lib:/usr/lib"/>
    <property name="java.specification.name" value="Java Platform API Specification"/>
    <property name="java.class.version" value="52.0"/>
    <property name="sun.management.compiler" value="HotSpot 64-Bit Tiered Compilers"/>
    <property name="os.version" value="3.13.0-91-generic"/>
    <property name="user.home" value="/home/aluno"/>
    <property name="user.timezone" value="America/Fortaleza"/>
    <property name="java.awt.printerjob" value="sun.print.PSPrinterJob"/>
    <property name="file.encoding" value="UTF-8"/>
    <property name="java.specification.version" value="1.8"/>
    <property name="user.name" value="aluno"/>
    <property name="java.class.path" value="/usr/share/maven/boot/plexus-classworlds-2.x.jar"/>
    <property name="java.vm.specification.version" value="1.8"/>
    <property name="sun.arch.data.model" value="64"/>
    <property name="java.home" value="/usr/lib/jvm/java-8-oracle/jre"/>
    <property name="sun.java.command" value="org.codehaus.plexus.classworlds.launcher.Launcher clean test"/>
    <property name="java.specification.vendor" value="Oracle Corporation"/>
    <property name="user.language" value="pt"/>
    <property name="awt.toolkit" value="sun.awt.X11.XToolkit"/>
    <property name="java.vm.info" value="mixed mode"/>
    <property name="java.version" value="1.8.0_91"/>
    <property name="java.ext.dirs" value="/usr/lib/jvm/java-8-oracle/jre/lib/ext:/usr/java/packages/lib/ext"/>
    <property name="securerandom.source" value="file:/dev/./urandom"/>
    <property name="sun.boot.class.path" value="/usr/lib/jvm/java-8-oracle/jre/lib/resources.jar:/usr/lib/jvm/java-8-oracle/jre/lib/rt.jar:/usr/lib/jvm/java-8-oracle/jre/lib/sunrsasign.jar:/usr/lib/jvm/java-8-oracle/jre/lib/jsse.jar:/usr/lib/jvm/java-8-oracle/jre/lib/jce.jar:/usr/lib/jvm/java-8-oracle/jre/lib/charsets.jar:/usr/lib/jvm/java-8-oracle/jre/lib/jfr.jar:/usr/lib/jvm/java-8-oracle/jre/classes"/>
    <property name="java.vendor" value="Oracle Corporation"/>
    <property name="maven.home" value="/usr/share/maven"/>
    <property name="file.separator" value="/"/>
    <property name="java.vendor.url.bug" value="http://bugreport.sun.com/bugreport/"/>
    <property name="sun.cpu.endian" value="little"/>
    <property name="sun.io.unicode.encoding" value="UnicodeLittle"/>
    <property name="sun.desktop" value="gnome"/>
    <property name="sun.cpu.isalist" value=""/>
  </properties>
  <testcase name="testElement[0]" classname="org.springframework.data.redis.support.collections.RedisListTests" time="0.052">
    <error message="Cannot get Jedis connection; nested exception is redis.clients.jedis.exceptions.JedisConnectionException: Could not get a resource from the pool" type="org.springframework.data.redis.RedisConnectionFailureException">org.springframework.data.redis.RedisConnectionFailureException: Cannot get Jedis connection; nested exception is redis.clients.jedis.exceptions.JedisConnectionException: Could not get a resource from the pool
Caused by: redis.clients.jedis.exceptions.JedisConnectionException: Could not get a resource from the pool
Caused by: redis.clients.jedis.exceptions.JedisConnectionException: java.net.ConnectException: Conexão recusada
Caused by: java.net.ConnectException: Conexão recusada
</error>
  </testcase>
  <testcase name="testElement[0]" classname="org.springframework.data.redis.support.collections.RedisListTests" time="0.052">
    <error message="Cannot get Jedis connection; nested exception is redis.clients.jedis.exceptions.JedisConnectionException: Could not get a resource from the pool" type="org.springframework.data.redis.RedisConnectionFailureException">org.springframework.data.redis.RedisConnectionFailureException: Cannot get Jedis connection; nested exception is redis.clients.jedis.exceptions.JedisConnectionException: Could not get a resource from the pool
Caused by: redis.clients.jedis.exceptions.JedisConnectionException: Could not get a resource from the pool
Caused by: redis.clients.jedis.exceptions.JedisConnectionException: java.net.ConnectException: Conexão recusada
Caused by: java.net.ConnectException: Conexão recusada
</error>
  </testcase>
  <testcase name="testPutFirst[0]" classname="org.springframework.data.redis.support.collections.RedisListTests" time="0.008">
    <error message="Cannot get Jedis connection; nested exception is redis.clients.jedis.exceptions.JedisConnectionException: Could not get a resource from the pool" type="org.springframework.data.redis.RedisConnectionFailureException">org.springframework.data.redis.RedisConnectionFailureException: Cannot get Jedis connection; nested exception is redis.clients.jedis.exceptions.JedisConnectionException: Could not get a resource from the pool
Caused by: redis.clients.jedis.exceptions.JedisConnectionException: Could not get a resource from the pool
Caused by: redis.clients.jedis.exceptions.JedisConnectionException: java.net.ConnectException: Conexão recusada
Caused by: java.net.ConnectException: Conexão recusada
</error>
  </testcase>
  <testcase name="testPutFirst[0]" classname="org.springframework.data.redis.support.collections.RedisListTests" time="0.008">
    <error message="Cannot get Jedis connection; nested exception is redis.clients.jedis.exceptions.JedisConnectionException: Could not get a resource from the pool" type="org.springframework.data.redis.RedisConnectionFailureException">org.springframework.data.redis.RedisConnectionFailureException: Cannot get Jedis connection; nested exception is redis.clients.jedis.exceptions.JedisConnectionException: Could not get a resource from the pool
Caused by: redis.clients.jedis.exceptions.JedisConnectionException: Could not get a resource from the pool
Caused by: redis.clients.jedis.exceptions.JedisConnectionException: java.net.ConnectException: Conexão recusada
Caused by: java.net.ConnectException: Conexão recusada
</error>
  </testcase>
  <testcase name="testPollLastTimeout[0]" classname="org.springframework.data.redis.support.collections.RedisListTests" time="0.009">
    <error message="Cannot get Jedis connection; nested exception is redis.clients.jedis.exceptions.JedisConnectionException: Could not get a resource from the pool" type="org.springframework.data.redis.RedisConnectionFailureException">org.springframework.data.redis.RedisConnectionFailureException: Cannot get Jedis connection; nested exception is redis.clients.jedis.exceptions.JedisConnectionException: Could not get a resource from the pool
Caused by: redis.clients.jedis.exceptions.JedisConnectionException: Could not get a resource from the pool
Caused by: redis.clients.jedis.exceptions.JedisConnectionException: java.net.ConnectException: Conexão recusada
Caused by: java.net.ConnectException: Conexão recusada
</error>
  </testcase>
  <testcase name="testPollLastTimeout[0]" classname="org.springframework.data.redis.support.collections.RedisListTests" time="0.01">
    <error message="Cannot get Jedis connection; nested exception is redis.clients.jedis.exceptions.JedisConnectionException: Could not get a resource from the pool" type="org.springframework.data.redis.RedisConnectionFailureException">org.springframework.data.redis.RedisConnectionFailureException: Cannot get Jedis connection; nested exception is redis.clients.jedis.exceptions.JedisConnectionException: Could not get a resource from the pool
Caused by: redis.clients.jedis.exceptions.JedisConnectionException: Could not get a resource from the pool
Caused by: redis.clients.jedis.exceptions.JedisConnectionException: java.net.ConnectException: Conexão recusada
Caused by: java.net.ConnectException: Conexão recusada
</error>
  </testcase>
  <testcase name="testPeekFirst[0]" classname="org.springframework.data.redis.support.collections.RedisListTests" time="0.001">
    <error message="Cannot get Jedis connection; nested exception is redis.clients.jedis.exceptions.JedisConnectionException: Could not get a resource from the pool" type="org.springframework.data.redis.RedisConnectionFailureException">org.springframework.data.redis.RedisConnectionFailureException: Cannot get Jedis connection; nested exception is redis.clients.jedis.exceptions.JedisConnectionException: Could not get a resource from the pool
Caused by: redis.clients.jedis.exceptions.JedisConnectionException: Could not get a resource from the pool
Caused by: redis.clients.jedis.exceptions.JedisConnectionException: java.net.ConnectException: Conexão recusada
Caused by: java.net.ConnectException: Conexão recusada
</error>
  </testcase>
  <testcase name="testPeekFirst[0]" classname="org.springframework.data.redis.support.collections.RedisListTests" time="0.001">
    <error message="Cannot get Jedis connection; nested exception is redis.clients.jedis.exceptions.JedisConnectionException: Could not get a resource from the pool" type="org.springframework.data.redis.RedisConnectionFailureException">org.springframework.data.redis.RedisConnectionFailureException: Cannot get Jedis connection; nested exception is redis.clients.jedis.exceptions.JedisConnectionException: Could not get a resource from the pool
Caused by: redis.clients.jedis.exceptions.JedisConnectionException: Could not get a resource from the pool
Caused by: redis.clients.jedis.exceptions.JedisConnectionException: java.net.ConnectException: Conexão recusada
Caused by: java.net.ConnectException: Conexão recusada
</error>
  </testcase>
  <testcase name="testOfferLast[0]" classname="org.springframework.data.redis.support.collections.RedisListTests" time="0.001">
    <error message="Cannot get Jedis connection; nested exception is redis.clients.jedis.exceptions.JedisConnectionException: Could not get a resource from the pool" type="org.springframework.data.redis.RedisConnectionFailureException">org.springframework.data.redis.RedisConnectionFailureException: Cannot get Jedis connection; nested exception is redis.clients.jedis.exceptions.JedisConnectionException: Could not get a resource from the pool
Caused by: redis.clients.jedis.exceptions.JedisConnectionException: Could not get a resource from the pool
Caused by: redis.clients.jedis.exceptions.JedisConnectionException: java.net.ConnectException: Conexão recusada
Caused by: java.net.ConnectException: Conexão recusada
</error>
  </testcase>
  <testcase name="testOfferLast[0]" classname="org.springframework.data.redis.support.collections.RedisListTests" time="0.002">
    <error message="Cannot get Jedis connection; nested exception is redis.clients.jedis.exceptions.JedisConnectionException: Could not get a resource from the pool" type="org.springframework.data.redis.RedisConnectionFailureException">org.springframework.data.redis.RedisConnectionFailureException: Cannot get Jedis connection; nested exception is redis.clients.jedis.exceptions.JedisConnectionException: Could not get a resource from the pool
Caused by: redis.clients.jedis.exceptions.JedisConnectionException: Could not get a resource from the pool
Caused by: redis.clients.jedis.exceptions.JedisConnectionException: java.net.ConnectException: Conexão recusada
Caused by: java.net.ConnectException: Conexão recusada
</error>
  </testcase>
  <testcase name="testGetFirst[0]" classname="org.springframework.data.redis.support.collections.RedisListTests" time="0.002">
    <error message="Cannot get Jedis connection; nested exception is redis.clients.jedis.exceptions.JedisConnectionException: Could not get a resource from the pool" type="org.springframework.data.redis.RedisConnectionFailureException">org.springframework.data.redis.RedisConnectionFailureException: Cannot get Jedis connection; nested exception is redis.clients.jedis.exceptions.JedisConnectionException: Could not get a resource from the pool
Caused by: redis.clients.jedis.exceptions.JedisConnectionException: Could not get a resource from the pool
Caused by: redis.clients.jedis.exceptions.JedisConnectionException: java.net.ConnectException: Conexão recusada
Caused by: java.net.ConnectException: Conexão recusada
</error>
  </testcase>
  <testcase name="testGetFirst[0]" classname="org.springframework.data.redis.support.collections.RedisListTests" time="0.011">
    <error message="Cannot get Jedis connection; nested exception is redis.clients.jedis.exceptions.JedisConnectionException: Could not get a resource from the pool" type="org.springframework.data.redis.RedisConnectionFailureException">org.springframework.data.redis.RedisConnectionFailureException: Cannot get Jedis connection; nested exception is redis.clients.jedis.exceptions.JedisConnectionException: Could not get a resource from the pool
Caused by: redis.clients.jedis.exceptions.JedisConnectionException: Could not get a resource from the pool
Caused by: redis.clients.jedis.exceptions.JedisConnectionException: java.net.ConnectException: Conexão recusada
Caused by: java.net.ConnectException: Conexão recusada
</error>
  </testcase>
  <testcase name="testAddLast[0]" classname="org.springframework.data.redis.support.collections.RedisListTests" time="0.003">
    <error message="Cannot get Jedis connection; nested exception is redis.clients.jedis.exceptions.JedisConnectionException: Could not get a resource from the pool" type="org.springframework.data.redis.RedisConnectionFailureException">org.springframework.data.redis.RedisConnectionFailureException: Cannot get Jedis connection; nested exception is redis.clients.jedis.exceptions.JedisConnectionException: Could not get a resource from the pool
Caused by: redis.clients.jedis.exceptions.JedisConnectionException: Could not get a resource from the pool
Caused by: redis.clients.jedis.exceptions.JedisConnectionException: java.net.ConnectException: Conexão recusada
Caused by: java.net.ConnectException: Conexão recusada
</error>
  </testcase>
  <testcase name="testAddLast[0]" classname="org.springframework.data.redis.support.collections.RedisListTests" time="0.003">
    <error message="Cannot get Jedis connection; nested exception is redis.clients.jedis.exceptions.JedisConnectionException: Could not get a resource from the pool" type="org.springframework.data.redis.RedisConnectionFailureException">org.springframework.data.redis.RedisConnectionFailureException: Cannot get Jedis connection; nested exception is redis.clients.jedis.exceptions.JedisConnectionException: Could not get a resource from the pool
Caused by: redis.clients.jedis.exceptions.JedisConnectionException: Could not get a resource from the pool
Caused by: redis.clients.jedis.exceptions.JedisConnectionException: java.net.ConnectException: Conexão recusada
Caused by: java.net.ConnectException: Conexão recusada
</error>
  </testcase>
  <testcase name="testPop[0]" classname="org.springframework.data.redis.support.collections.RedisListTests" time="0.002">
    <error message="Cannot get Jedis connection; nested exception is redis.clients.jedis.exceptions.JedisConnectionException: Could not get a resource from the pool" type="org.springframework.data.redis.RedisConnectionFailureException">org.springframework.data.redis.RedisConnectionFailureException: Cannot get Jedis connection; nested exception is redis.clients.jedis.exceptions.JedisConnectionException: Could not get a resource from the pool
Caused by: redis.clients.jedis.exceptions.JedisConnectionException: Could not get a resource from the pool
Caused by: redis.clients.jedis.exceptions.JedisConnectionException: java.net.ConnectException: Conexão recusada
Caused by: java.net.ConnectException: Conexão recusada
</error>
  </testcase>
  <testcase name="testPop[0]" classname="org.springframework.data.redis.support.collections.RedisListTests" time="0.002">
    <error message="Cannot get Jedis connection; nested exception is redis.clients.jedis.exceptions.JedisConnectionException: Could not get a resource from the pool" type="org.springframework.data.redis.RedisConnectionFailureException">org.springframework.data.redis.RedisConnectionFailureException: Cannot get Jedis connection; nested exception is redis.clients.jedis.exceptions.JedisConnectionException: Could not get a resource from the pool
Caused by: redis.clients.jedis.exceptions.JedisConnectionException: Could not get a resource from the pool
Caused by: redis.clients.jedis.exceptions.JedisConnectionException: java.net.ConnectException: Conexão recusada
Caused by: java.net.ConnectException: Conexão recusada
</error>
  </testcase>
  <testcase name="testPut[0]" classname="org.springframework.data.redis.support.collections.RedisListTests" time="0.002">
    <error message="Cannot get Jedis connection; nested exception is redis.clients.jedis.exceptions.JedisConnectionException: Could not get a resource from the pool" type="org.springframework.data.redis.RedisConnectionFailureException">org.springframework.data.redis.RedisConnectionFailureException: Cannot get Jedis connection; nested exception is redis.clients.jedis.exceptions.JedisConnectionException: Could not get a resource from the pool
Caused by: redis.clients.jedis.exceptions.JedisConnectionException: Could not get a resource from the pool
Caused by: redis.clients.jedis.exceptions.JedisConnectionException: java.net.ConnectException: Conexão recusada
Caused by: java.net.ConnectException: Conexão recusada
</error>
  </testcase>
  <testcase name="testPut[0]" classname="org.springframework.data.redis.support.collections.RedisListTests" time="0.002">
    <error message="Cannot get Jedis connection; nested exception is redis.clients.jedis.exceptions.JedisConnectionException: Could not get a resource from the pool" type="org.springframework.data.redis.RedisConnectionFailureException">org.springframework.data.redis.RedisConnectionFailureException: Cannot get Jedis connection; nested exception is redis.clients.jedis.exceptions.JedisConnectionException: Could not get a resource from the pool
Caused by: redis.clients.jedis.exceptions.JedisConnectionException: Could not get a resource from the pool
Caused by: redis.clients.jedis.exceptions.JedisConnectionException: java.net.ConnectException: Conexão recusada
Caused by: java.net.ConnectException: Conexão recusada
</error>
  </testcase>
  <testcase name="testSet[0]" classname="org.springframework.data.redis.support.collections.RedisListTests" time="0.002">
    <error message="Cannot get Jedis connection; nested exception is redis.clients.jedis.exceptions.JedisConnectionException: Could not get a resource from the pool" type="org.springframework.data.redis.RedisConnectionFailureException">org.springframework.data.redis.RedisConnectionFailureException: Cannot get Jedis connection; nested exception is redis.clients.jedis.exceptions.JedisConnectionException: Could not get a resource from the pool
Caused by: redis.clients.jedis.exceptions.JedisConnectionException: Could not get a resource from the pool
Caused by: redis.clients.jedis.exceptions.JedisConnectionException: java.net.ConnectException: Conexão recusada
Caused by: java.net.ConnectException: Conexão recusada
</error>
  </testcase>
  <testcase name="testSet[0]" classname="org.springframework.data.redis.support.collections.RedisListTests" time="0.002">
    <error message="Cannot get Jedis connection; nested exception is redis.clients.jedis.exceptions.JedisConnectionException: Could not get a resource from the pool" type="org.springframework.data.redis.RedisConnectionFailureException">org.springframework.data.redis.RedisConnectionFailureException: Cannot get Jedis connection; nested exception is redis.clients.jedis.exceptions.JedisConnectionException: Could not get a resource from the pool
Caused by: redis.clients.jedis.exceptions.JedisConnectionException: Could not get a resource from the pool
Caused by: redis.clients.jedis.exceptions.JedisConnectionException: java.net.ConnectException: Conexão recusada
Caused by: java.net.ConnectException: Conexão recusada
</error>
  </testcase>
  <testcase name="testOffer[0]" classname="org.springframework.data.redis.support.collections.RedisListTests" time="0.002">
    <error message="Cannot get Jedis connection; nested exception is redis.clients.jedis.exceptions.JedisConnectionException: Could not get a resource from the pool" type="org.springframework.data.redis.RedisConnectionFailureException">org.springframework.data.redis.RedisConnectionFailureException: Cannot get Jedis connection; nested exception is redis.clients.jedis.exceptions.JedisConnectionException: Could not get a resource from the pool
Caused by: redis.clients.jedis.exceptions.JedisConnectionException: Could not get a resource from the pool
Caused by: redis.clients.jedis.exceptions.JedisConnectionException: java.net.ConnectException: Conexão recusada
Caused by: java.net.ConnectException: Conexão recusada
</error>
  </testcase>
  <testcase name="testOffer[0]" classname="org.springframework.data.redis.support.collections.RedisListTests" time="0.002">
    <error message="Cannot get Jedis connection; nested exception is redis.clients.jedis.exceptions.JedisConnectionException: Could not get a resource from the pool" type="org.springframework.data.redis.RedisConnectionFailureException">org.springframework.data.redis.RedisConnectionFailureException: Cannot get Jedis connection; nested exception is redis.clients.jedis.exceptions.JedisConnectionException: Could not get a resource from the pool
Caused by: redis.clients.jedis.exceptions.JedisConnectionException: Could not get a resource from the pool
Caused by: redis.clients.jedis.exceptions.JedisConnectionException: java.net.ConnectException: Conexão recusada
Caused by: java.net.ConnectException: Conexão recusada
</error>
  </testcase>
  <testcase name="testRange[0]" classname="org.springframework.data.redis.support.collections.RedisListTests" time="0.002">
    <error message="Cannot get Jedis connection; nested exception is redis.clients.jedis.exceptions.JedisConnectionException: Could not get a resource from the pool" type="org.springframework.data.redis.RedisConnectionFailureException">org.springframework.data.redis.RedisConnectionFailureException: Cannot get Jedis connection; nested exception is redis.clients.jedis.exceptions.JedisConnectionException: Could not get a resource from the pool
Caused by: redis.clients.jedis.exceptions.JedisConnectionException: Could not get a resource from the pool
Caused by: redis.clients.jedis.exceptions.JedisConnectionException: java.net.ConnectException: Conexão recusada
Caused by: java.net.ConnectException: Conexão recusada
</error>
  </testcase>
  <testcase name="testRange[0]" classname="org.springframework.data.redis.support.collections.RedisListTests" time="0.003">
    <error message="Cannot get Jedis connection; nested exception is redis.clients.jedis.exceptions.JedisConnectionException: Could not get a resource from the pool" type="org.springframework.data.redis.RedisConnectionFailureException">org.springframework.data.redis.RedisConnectionFailureException: Cannot get Jedis connection; nested exception is redis.clients.jedis.exceptions.JedisConnectionException: Could not get a resource from the pool
Caused by: redis.clients.jedis.exceptions.JedisConnectionException: Could not get a resource from the pool
Caused by: redis.clients.jedis.exceptions.JedisConnectionException: java.net.ConnectException: Conexão recusada
Caused by: java.net.ConnectException: Conexão recusada
</error>
  </testcase>
  <testcase name="testLast[0]" classname="org.springframework.data.redis.support.collections.RedisListTests" time="0.001">
    <error message="Cannot get Jedis connection; nested exception is redis.clients.jedis.exceptions.JedisConnectionException: Could not get a resource from the pool" type="org.springframework.data.redis.RedisConnectionFailureException">org.springframework.data.redis.RedisConnectionFailureException: Cannot get Jedis connection; nested exception is redis.clients.jedis.exceptions.JedisConnectionException: Could not get a resource from the pool
Caused by: redis.clients.jedis.exceptions.JedisConnectionException: Could not get a resource from the pool
Caused by: redis.clients.jedis.exceptions.JedisConnectionException: java.net.ConnectException: Conexão recusada
Caused by: java.net.ConnectException: Conexão recusada
</error>
  </testcase>
  <testcase name="testLast[0]" classname="org.springframework.data.redis.support.collections.RedisListTests" time="0.001">
    <error message="Cannot get Jedis connection; nested exception is redis.clients.jedis.exceptions.JedisConnectionException: Could not get a resource from the pool" type="org.springframework.data.redis.RedisConnectionFailureException">org.springframework.data.redis.RedisConnectionFailureException: Cannot get Jedis connection; nested exception is redis.clients.jedis.exceptions.JedisConnectionException: Could not get a resource from the pool
Caused by: redis.clients.jedis.exceptions.JedisConnectionException: Could not get a resource from the pool
Caused by: redis.clients.jedis.exceptions.JedisConnectionException: java.net.ConnectException: Conexão recusada
Caused by: java.net.ConnectException: Conexão recusada
</error>
  </testcase>
  <testcase name="testPeek[0]" classname="org.springframework.data.redis.support.collections.RedisListTests" time="0">
    <error message="Cannot get Jedis connection; nested exception is redis.clients.jedis.exceptions.JedisConnectionException: Could not get a resource from the pool" type="org.springframework.data.redis.RedisConnectionFailureException">org.springframework.data.redis.RedisConnectionFailureException: Cannot get Jedis connection; nested exception is redis.clients.jedis.exceptions.JedisConnectionException: Could not get a resource from the pool
Caused by: redis.clients.jedis.exceptions.JedisConnectionException: Could not get a resource from the pool
Caused by: redis.clients.jedis.exceptions.JedisConnectionException: java.net.ConnectException: Conexão recusada
Caused by: java.net.ConnectException: Conexão recusada
</error>
  </testcase>
  <testcase name="testPeek[0]" classname="org.springframework.data.redis.support.collections.RedisListTests" time="0.001">
    <error message="Cannot get Jedis connection; nested exception is redis.clients.jedis.exceptions.JedisConnectionException: Could not get a resource from the pool" type="org.springframework.data.redis.RedisConnectionFailureException">org.springframework.data.redis.RedisConnectionFailureException: Cannot get Jedis connection; nested exception is redis.clients.jedis.exceptions.JedisConnectionException: Could not get a resource from the pool
Caused by: redis.clients.jedis.exceptions.JedisConnectionException: Could not get a resource from the pool
Caused by: redis.clients.jedis.exceptions.JedisConnectionException: java.net.ConnectException: Conexão recusada
Caused by: java.net.ConnectException: Conexão recusada
</error>
  </testcase>
  <testcase name="testPoll[0]" classname="org.springframework.data.redis.support.collections.RedisListTests" time="0.001">
    <error message="Cannot get Jedis connection; nested exception is redis.clients.jedis.exceptions.JedisConnectionException: Could not get a resource from the pool" type="org.springframework.data.redis.RedisConnectionFailureException">org.springframework.data.redis.RedisConnectionFailureException: Cannot get Jedis connection; nested exception is redis.clients.jedis.exceptions.JedisConnectionException: Could not get a resource from the pool
Caused by: redis.clients.jedis.exceptions.JedisConnectionException: Could not get a resource from the pool
Caused by: redis.clients.jedis.exceptions.JedisConnectionException: java.net.ConnectException: Conexão recusada
Caused by: java.net.ConnectException: Conexão recusada
</error>
  </testcase>
  <testcase name="testPoll[0]" classname="org.springframework.data.redis.support.collections.RedisListTests" time="0.001">
    <error message="Cannot get Jedis connection; nested exception is redis.clients.jedis.exceptions.JedisConnectionException: Could not get a resource from the pool" type="org.springframework.data.redis.RedisConnectionFailureException">org.springframework.data.redis.RedisConnectionFailureException: Cannot get Jedis connection; nested exception is redis.clients.jedis.exceptions.JedisConnectionException: Could not get a resource from the pool
Caused by: redis.clients.jedis.exceptions.JedisConnectionException: Could not get a resource from the pool
Caused by: redis.clients.jedis.exceptions.JedisConnectionException: java.net.ConnectException: Conexão recusada
Caused by: java.net.ConnectException: Conexão recusada
</error>
  </testcase>
  <testcase name="testTake[0]" classname="org.springframework.data.redis.support.collections.RedisListTests" time="0.002">
    <error message="Cannot get Jedis connection; nested exception is redis.clients.jedis.exceptions.JedisConnectionException: Could not get a resource from the pool" type="org.springframework.data.redis.RedisConnectionFailureException">org.springframework.data.redis.RedisConnectionFailureException: Cannot get Jedis connection; nested exception is redis.clients.jedis.exceptions.JedisConnectionException: Could not get a resource from the pool
Caused by: redis.clients.jedis.exceptions.JedisConnectionException: Could not get a resource from the pool
Caused by: redis.clients.jedis.exceptions.JedisConnectionException: java.net.ConnectException: Conexão recusada
Caused by: java.net.ConnectException: Conexão recusada
</error>
  </testcase>
  <testcase name="testTake[0]" classname="org.springframework.data.redis.support.collections.RedisListTests" time="0.002">
    <error message="Cannot get Jedis connection; nested exception is redis.clients.jedis.exceptions.JedisConnectionException: Could not get a resource from the pool" type="org.springframework.data.redis.RedisConnectionFailureException">org.springframework.data.redis.RedisConnectionFailureException: Cannot get Jedis connection; nested exception is redis.clients.jedis.exceptions.JedisConnectionException: Could not get a resource from the pool
Caused by: redis.clients.jedis.exceptions.JedisConnectionException: Could not get a resource from the pool
Caused by: redis.clients.jedis.exceptions.JedisConnectionException: java.net.ConnectException: Conexão recusada
Caused by: java.net.ConnectException: Conexão recusada
</error>
  </testcase>
  <testcase name="testTrim[0]" classname="org.springframework.data.redis.support.collections.RedisListTests" time="0.002">
    <error message="Cannot get Jedis connection; nested exception is redis.clients.jedis.exceptions.JedisConnectionException: Could not get a resource from the pool" type="org.springframework.data.redis.RedisConnectionFailureException">org.springframework.data.redis.RedisConnectionFailureException: Cannot get Jedis connection; nested exception is redis.clients.jedis.exceptions.JedisConnectionException: Could not get a resource from the pool
Caused by: redis.clients.jedis.exceptions.JedisConnectionException: Could not get a resource from the pool
Caused by: redis.clients.jedis.exceptions.JedisConnectionException: java.net.ConnectException: Conexão recusada
Caused by: java.net.ConnectException: Conexão recusada
</error>
  </testcase>
  <testcase name="testTrim[0]" classname="org.springframework.data.redis.support.collections.RedisListTests" time="0.002">
    <error message="Cannot get Jedis connection; nested exception is redis.clients.jedis.exceptions.JedisConnectionException: Could not get a resource from the pool" type="org.springframework.data.redis.RedisConnectionFailureException">org.springframework.data.redis.RedisConnectionFailureException: Cannot get Jedis connection; nested exception is redis.clients.jedis.exceptions.JedisConnectionException: Could not get a resource from the pool
Caused by: redis.clients.jedis.exceptions.JedisConnectionException: Could not get a resource from the pool
Caused by: redis.clients.jedis.exceptions.JedisConnectionException: java.net.ConnectException: Conexão recusada
Caused by: java.net.ConnectException: Conexão recusada
</error>
  </testcase>
  <testcase name="testDrainToCollection[0]" classname="org.springframework.data.redis.support.collections.RedisListTests" time="0.001">
    <error message="Cannot get Jedis connection; nested exception is redis.clients.jedis.exceptions.JedisConnectionException: Could not get a resource from the pool" type="org.springframework.data.redis.RedisConnectionFailureException">org.springframework.data.redis.RedisConnectionFailureException: Cannot get Jedis connection; nested exception is redis.clients.jedis.exceptions.JedisConnectionException: Could not get a resource from the pool
Caused by: redis.clients.jedis.exceptions.JedisConnectionException: Could not get a resource from the pool
Caused by: redis.clients.jedis.exceptions.JedisConnectionException: java.net.ConnectException: Conexão recusada
Caused by: java.net.ConnectException: Conexão recusada
</error>
  </testcase>
  <testcase name="testDrainToCollection[0]" classname="org.springframework.data.redis.support.collections.RedisListTests" time="0.002">
    <error message="Cannot get Jedis connection; nested exception is redis.clients.jedis.exceptions.JedisConnectionException: Could not get a resource from the pool" type="org.springframework.data.redis.RedisConnectionFailureException">org.springframework.data.redis.RedisConnectionFailureException: Cannot get Jedis connection; nested exception is redis.clients.jedis.exceptions.JedisConnectionException: Could not get a resource from the pool
Caused by: redis.clients.jedis.exceptions.JedisConnectionException: Could not get a resource from the pool
Caused by: redis.clients.jedis.exceptions.JedisConnectionException: java.net.ConnectException: Conexão recusada
Caused by: java.net.ConnectException: Conexão recusada
</error>
  </testcase>
  <testcase name="testRemoveFirst[0]" classname="org.springframework.data.redis.support.collections.RedisListTests" time="0">
    <error message="Cannot get Jedis connection; nested exception is redis.clients.jedis.exceptions.JedisConnectionException: Could not get a resource from the pool" type="org.springframework.data.redis.RedisConnectionFailureException">org.springframework.data.redis.RedisConnectionFailureException: Cannot get Jedis connection; nested exception is redis.clients.jedis.exceptions.JedisConnectionException: Could not get a resource from the pool
Caused by: redis.clients.jedis.exceptions.JedisConnectionException: Could not get a resource from the pool
Caused by: redis.clients.jedis.exceptions.JedisConnectionException: java.net.ConnectException: Conexão recusada
Caused by: java.net.ConnectException: Conexão recusada
</error>
  </testcase>
  <testcase name="testRemoveFirst[0]" classname="org.springframework.data.redis.support.collections.RedisListTests" time="0.001">
    <error message="Cannot get Jedis connection; nested exception is redis.clients.jedis.exceptions.JedisConnectionException: Could not get a resource from the pool" type="org.springframework.data.redis.RedisConnectionFailureException">org.springframework.data.redis.RedisConnectionFailureException: Cannot get Jedis connection; nested exception is redis.clients.jedis.exceptions.JedisConnectionException: Could not get a resource from the pool
Caused by: redis.clients.jedis.exceptions.JedisConnectionException: Could not get a resource from the pool
Caused by: redis.clients.jedis.exceptions.JedisConnectionException: java.net.ConnectException: Conexão recusada
Caused by: java.net.ConnectException: Conexão recusada
</error>
  </testcase>
  <testcase name="testRemoveIndex[0]" classname="org.springframework.data.redis.support.collections.RedisListTests" time="0.001">
    <error message="Cannot get Jedis connection; nested exception is redis.clients.jedis.exceptions.JedisConnectionException: Could not get a resource from the pool" type="org.springframework.data.redis.RedisConnectionFailureException">org.springframework.data.redis.RedisConnectionFailureException: Cannot get Jedis connection; nested exception is redis.clients.jedis.exceptions.JedisConnectionException: Could not get a resource from the pool
Caused by: redis.clients.jedis.exceptions.JedisConnectionException: Could not get a resource from the pool
Caused by: redis.clients.jedis.exceptions.JedisConnectionException: java.net.ConnectException: Conexão recusada
Caused by: java.net.ConnectException: Conexão recusada
</error>
  </testcase>
  <testcase name="testPutLast[0]" classname="org.springframework.data.redis.support.collections.RedisListTests" time="0.001">
    <error message="Cannot get Jedis connection; nested exception is redis.clients.jedis.exceptions.JedisConnectionException: Could not get a resource from the pool" type="org.springframework.data.redis.RedisConnectionFailureException">org.springframework.data.redis.RedisConnectionFailureException: Cannot get Jedis connection; nested exception is redis.clients.jedis.exceptions.JedisConnectionException: Could not get a resource from the pool
Caused by: redis.clients.jedis.exceptions.JedisConnectionException: Could not get a resource from the pool
Caused by: redis.clients.jedis.exceptions.JedisConnectionException: java.net.ConnectException: Conexão recusada
Caused by: java.net.ConnectException: Conexão recusada
</error>
  </testcase>
  <testcase name="testPutLast[0]" classname="org.springframework.data.redis.support.collections.RedisListTests" time="0.001">
    <error message="Cannot get Jedis connection; nested exception is redis.clients.jedis.exceptions.JedisConnectionException: Could not get a resource from the pool" type="org.springframework.data.redis.RedisConnectionFailureException">org.springframework.data.redis.RedisConnectionFailureException: Cannot get Jedis connection; nested exception is redis.clients.jedis.exceptions.JedisConnectionException: Could not get a resource from the pool
Caused by: redis.clients.jedis.exceptions.JedisConnectionException: Could not get a resource from the pool
Caused by: redis.clients.jedis.exceptions.JedisConnectionException: java.net.ConnectException: Conexão recusada
Caused by: java.net.ConnectException: Conexão recusada
</error>
  </testcase>
  <testcase name="testOfferFirst[0]" classname="org.springframework.data.redis.support.collections.RedisListTests" time="0.002">
    <error message="Cannot get Jedis connection; nested exception is redis.clients.jedis.exceptions.JedisConnectionException: Could not get a resource from the pool" type="org.springframework.data.redis.RedisConnectionFailureException">org.springframework.data.redis.RedisConnectionFailureException: Cannot get Jedis connection; nested exception is redis.clients.jedis.exceptions.JedisConnectionException: Could not get a resource from the pool
Caused by: redis.clients.jedis.exceptions.JedisConnectionException: Could not get a resource from the pool
Caused by: redis.clients.jedis.exceptions.JedisConnectionException: java.net.ConnectException: Conexão recusada
Caused by: java.net.ConnectException: Conexão recusada
</error>
  </testcase>
  <testcase name="testOfferFirst[0]" classname="org.springframework.data.redis.support.collections.RedisListTests" time="0.002">
    <error message="Cannot get Jedis connection; nested exception is redis.clients.jedis.exceptions.JedisConnectionException: Could not get a resource from the pool" type="org.springframework.data.redis.RedisConnectionFailureException">org.springframework.data.redis.RedisConnectionFailureException: Cannot get Jedis connection; nested exception is redis.clients.jedis.exceptions.JedisConnectionException: Could not get a resource from the pool
Caused by: redis.clients.jedis.exceptions.JedisConnectionException: Could not get a resource from the pool
Caused by: redis.clients.jedis.exceptions.JedisConnectionException: java.net.ConnectException: Conexão recusada
Caused by: java.net.ConnectException: Conexão recusada
</error>
  </testcase>
  <testcase name="testDescendingIterator[0]" classname="org.springframework.data.redis.support.collections.RedisListTests" time="0.001">
    <error message="Cannot get Jedis connection; nested exception is redis.clients.jedis.exceptions.JedisConnectionException: Could not get a resource from the pool" type="org.springframework.data.redis.RedisConnectionFailureException">org.springframework.data.redis.RedisConnectionFailureException: Cannot get Jedis connection; nested exception is redis.clients.jedis.exceptions.JedisConnectionException: Could not get a resource from the pool
Caused by: redis.clients.jedis.exceptions.JedisConnectionException: Could not get a resource from the pool
Caused by: redis.clients.jedis.exceptions.JedisConnectionException: java.net.ConnectException: Conexão recusada
Caused by: java.net.ConnectException: Conexão recusada
</error>
  </testcase>
  <testcase name="testDescendingIterator[0]" classname="org.springframework.data.redis.support.collections.RedisListTests" time="0.001">
    <error message="Cannot get Jedis connection; nested exception is redis.clients.jedis.exceptions.JedisConnectionException: Could not get a resource from the pool" type="org.springframework.data.redis.RedisConnectionFailureException">org.springframework.data.redis.RedisConnectionFailureException: Cannot get Jedis connection; nested exception is redis.clients.jedis.exceptions.JedisConnectionException: Could not get a resource from the pool
Caused by: redis.clients.jedis.exceptions.JedisConnectionException: Could not get a resource from the pool
Caused by: redis.clients.jedis.exceptions.JedisConnectionException: java.net.ConnectException: Conexão recusada
Caused by: java.net.ConnectException: Conexão recusada
</error>
  </testcase>
  <testcase name="testAddFirst[0]" classname="org.springframework.data.redis.support.collections.RedisListTests" time="0.001">
    <error message="Cannot get Jedis connection; nested exception is redis.clients.jedis.exceptions.JedisConnectionException: Could not get a resource from the pool" type="org.springframework.data.redis.RedisConnectionFailureException">org.springframework.data.redis.RedisConnectionFailureException: Cannot get Jedis connection; nested exception is redis.clients.jedis.exceptions.JedisConnectionException: Could not get a resource from the pool
Caused by: redis.clients.jedis.exceptions.JedisConnectionException: Could not get a resource from the pool
Caused by: redis.clients.jedis.exceptions.JedisConnectionException: java.net.ConnectException: Conexão recusada
Caused by: java.net.ConnectException: Conexão recusada
</error>
  </testcase>
  <testcase name="testAddFirst[0]" classname="org.springframework.data.redis.support.collections.RedisListTests" time="0.002">
    <error message="Cannot get Jedis connection; nested exception is redis.clients.jedis.exceptions.JedisConnectionException: Could not get a resource from the pool" type="org.springframework.data.redis.RedisConnectionFailureException">org.springframework.data.redis.RedisConnectionFailureException: Cannot get Jedis connection; nested exception is redis.clients.jedis.exceptions.JedisConnectionException: Could not get a resource from the pool
Caused by: redis.clients.jedis.exceptions.JedisConnectionException: Could not get a resource from the pool
Caused by: redis.clients.jedis.exceptions.JedisConnectionException: java.net.ConnectException: Conexão recusada
Caused by: java.net.ConnectException: Conexão recusada
</error>
  </testcase>
  <testcase name="testDrainToCollectionWithMaxElements[0]" classname="org.springframework.data.redis.support.collections.RedisListTests" time="0">
    <error message="Cannot get Jedis connection; nested exception is redis.clients.jedis.exceptions.JedisConnectionException: Could not get a resource from the pool" type="org.springframework.data.redis.RedisConnectionFailureException">org.springframework.data.redis.RedisConnectionFailureException: Cannot get Jedis connection; nested exception is redis.clients.jedis.exceptions.JedisConnectionException: Could not get a resource from the pool
Caused by: redis.clients.jedis.exceptions.JedisConnectionException: Could not get a resource from the pool
Caused by: redis.clients.jedis.exceptions.JedisConnectionException: java.net.ConnectException: Conexão recusada
Caused by: java.net.ConnectException: Conexão recusada
</error>
  </testcase>
  <testcase name="testDrainToCollectionWithMaxElements[0]" classname="org.springframework.data.redis.support.collections.RedisListTests" time="0.001">
    <error message="Cannot get Jedis connection; nested exception is redis.clients.jedis.exceptions.JedisConnectionException: Could not get a resource from the pool" type="org.springframework.data.redis.RedisConnectionFailureException">org.springframework.data.redis.RedisConnectionFailureException: Cannot get Jedis connection; nested exception is redis.clients.jedis.exceptions.JedisConnectionException: Could not get a resource from the pool
Caused by: redis.clients.jedis.exceptions.JedisConnectionException: Could not get a resource from the pool
Caused by: redis.clients.jedis.exceptions.JedisConnectionException: java.net.ConnectException: Conexão recusada
Caused by: java.net.ConnectException: Conexão recusada
</error>
  </testcase>
  <testcase name="testTakeLast[0]" classname="org.springframework.data.redis.support.collections.RedisListTests" time="0.001">
    <error message="Cannot get Jedis connection; nested exception is redis.clients.jedis.exceptions.JedisConnectionException: Could not get a resource from the pool" type="org.springframework.data.redis.RedisConnectionFailureException">org.springframework.data.redis.RedisConnectionFailureException: Cannot get Jedis connection; nested exception is redis.clients.jedis.exceptions.JedisConnectionException: Could not get a resource from the pool
Caused by: redis.clients.jedis.exceptions.JedisConnectionException: Could not get a resource from the pool
Caused by: redis.clients.jedis.exceptions.JedisConnectionException: java.net.ConnectException: Conexão recusada
Caused by: java.net.ConnectException: Conexão recusada
</error>
  </testcase>
  <testcase name="testTakeLast[0]" classname="org.springframework.data.redis.support.collections.RedisListTests" time="0.001">
    <error message="Cannot get Jedis connection; nested exception is redis.clients.jedis.exceptions.JedisConnectionException: Could not get a resource from the pool" type="org.springframework.data.redis.RedisConnectionFailureException">org.springframework.data.redis.RedisConnectionFailureException: Cannot get Jedis connection; nested exception is redis.clients.jedis.exceptions.JedisConnectionException: Could not get a resource from the pool
Caused by: redis.clients.jedis.exceptions.JedisConnectionException: Could not get a resource from the pool
Caused by: redis.clients.jedis.exceptions.JedisConnectionException: java.net.ConnectException: Conexão recusada
Caused by: java.net.ConnectException: Conexão recusada
</error>
  </testcase>
  <testcase name="testRemainingCapacity[0]" classname="org.springframework.data.redis.support.collections.RedisListTests" time="0.001">
    <error message="Cannot get Jedis connection; nested exception is redis.clients.jedis.exceptions.JedisConnectionException: Could not get a resource from the pool" type="org.springframework.data.redis.RedisConnectionFailureException">org.springframework.data.redis.RedisConnectionFailureException: Cannot get Jedis connection; nested exception is redis.clients.jedis.exceptions.JedisConnectionException: Could not get a resource from the pool
Caused by: redis.clients.jedis.exceptions.JedisConnectionException: Could not get a resource from the pool
Caused by: redis.clients.jedis.exceptions.JedisConnectionException: java.net.ConnectException: Conexão recusada
Caused by: java.net.ConnectException: Conexão recusada
</error>
  </testcase>
  <testcase name="testRemoveLast[0]" classname="org.springframework.data.redis.support.collections.RedisListTests" time="0.001">
    <error message="Cannot get Jedis connection; nested exception is redis.clients.jedis.exceptions.JedisConnectionException: Could not get a resource from the pool" type="org.springframework.data.redis.RedisConnectionFailureException">org.springframework.data.redis.RedisConnectionFailureException: Cannot get Jedis connection; nested exception is redis.clients.jedis.exceptions.JedisConnectionException: Could not get a resource from the pool
Caused by: redis.clients.jedis.exceptions.JedisConnectionException: Could not get a resource from the pool
Caused by: redis.clients.jedis.exceptions.JedisConnectionException: java.net.ConnectException: Conexão recusada
Caused by: java.net.ConnectException: Conexão recusada
</error>
  </testcase>
  <testcase name="testRemoveLast[0]" classname="org.springframework.data.redis.support.collections.RedisListTests" time="0.001">
    <error message="Cannot get Jedis connection; nested exception is redis.clients.jedis.exceptions.JedisConnectionException: Could not get a resource from the pool" type="org.springframework.data.redis.RedisConnectionFailureException">org.springframework.data.redis.RedisConnectionFailureException: Cannot get Jedis connection; nested exception is redis.clients.jedis.exceptions.JedisConnectionException: Could not get a resource from the pool
Caused by: redis.clients.jedis.exceptions.JedisConnectionException: Could not get a resource from the pool
Caused by: redis.clients.jedis.exceptions.JedisConnectionException: java.net.ConnectException: Conexão recusada
Caused by: java.net.ConnectException: Conexão recusada
</error>
  </testcase>
  <testcase name="testAddIndexObjectHead[0]" classname="org.springframework.data.redis.support.collections.RedisListTests" time="0.001">
    <error message="Cannot get Jedis connection; nested exception is redis.clients.jedis.exceptions.JedisConnectionException: Could not get a resource from the pool" type="org.springframework.data.redis.RedisConnectionFailureException">org.springframework.data.redis.RedisConnectionFailureException: Cannot get Jedis connection; nested exception is redis.clients.jedis.exceptions.JedisConnectionException: Could not get a resource from the pool
Caused by: redis.clients.jedis.exceptions.JedisConnectionException: Could not get a resource from the pool
Caused by: redis.clients.jedis.exceptions.JedisConnectionException: java.net.ConnectException: Conexão recusada
Caused by: java.net.ConnectException: Conexão recusada
</error>
  </testcase>
  <testcase name="testAddIndexObjectHead[0]" classname="org.springframework.data.redis.support.collections.RedisListTests" time="0.001">
    <error message="Cannot get Jedis connection; nested exception is redis.clients.jedis.exceptions.JedisConnectionException: Could not get a resource from the pool" type="org.springframework.data.redis.RedisConnectionFailureException">org.springframework.data.redis.RedisConnectionFailureException: Cannot get Jedis connection; nested exception is redis.clients.jedis.exceptions.JedisConnectionException: Could not get a resource from the pool
Caused by: redis.clients.jedis.exceptions.JedisConnectionException: Could not get a resource from the pool
Caused by: redis.clients.jedis.exceptions.JedisConnectionException: java.net.ConnectException: Conexão recusada
Caused by: java.net.ConnectException: Conexão recusada
</error>
  </testcase>
  <testcase name="testAddIndexObjectTail[0]" classname="org.springframework.data.redis.support.collections.RedisListTests" time="0.001">
    <error message="Cannot get Jedis connection; nested exception is redis.clients.jedis.exceptions.JedisConnectionException: Could not get a resource from the pool" type="org.springframework.data.redis.RedisConnectionFailureException">org.springframework.data.redis.RedisConnectionFailureException: Cannot get Jedis connection; nested exception is redis.clients.jedis.exceptions.JedisConnectionException: Could not get a resource from the pool
Caused by: redis.clients.jedis.exceptions.JedisConnectionException: Could not get a resource from the pool
Caused by: redis.clients.jedis.exceptions.JedisConnectionException: java.net.ConnectException: Conexão recusada
Caused by: java.net.ConnectException: Conexão recusada
</error>
  </testcase>
  <testcase name="testAddIndexObjectTail[0]" classname="org.springframework.data.redis.support.collections.RedisListTests" time="0.001">
    <error message="Cannot get Jedis connection; nested exception is redis.clients.jedis.exceptions.JedisConnectionException: Could not get a resource from the pool" type="org.springframework.data.redis.RedisConnectionFailureException">org.springframework.data.redis.RedisConnectionFailureException: Cannot get Jedis connection; nested exception is redis.clients.jedis.exceptions.JedisConnectionException: Could not get a resource from the pool
Caused by: redis.clients.jedis.exceptions.JedisConnectionException: Could not get a resource from the pool
Caused by: redis.clients.jedis.exceptions.JedisConnectionException: java.net.ConnectException: Conexão recusada
Caused by: java.net.ConnectException: Conexão recusada
</error>
  </testcase>
  <testcase name="testPollFirst[0]" classname="org.springframework.data.redis.support.collections.RedisListTests" time="0.001">
    <error message="Cannot get Jedis connection; nested exception is redis.clients.jedis.exceptions.JedisConnectionException: Could not get a resource from the pool" type="org.springframework.data.redis.RedisConnectionFailureException">org.springframework.data.redis.RedisConnectionFailureException: Cannot get Jedis connection; nested exception is redis.clients.jedis.exceptions.JedisConnectionException: Could not get a resource from the pool
Caused by: redis.clients.jedis.exceptions.JedisConnectionException: Could not get a resource from the pool
Caused by: redis.clients.jedis.exceptions.JedisConnectionException: java.net.ConnectException: Conexão recusada
Caused by: java.net.ConnectException: Conexão recusada
</error>
  </testcase>
  <testcase name="testPollFirst[0]" classname="org.springframework.data.redis.support.collections.RedisListTests" time="0.001">
    <error message="Cannot get Jedis connection; nested exception is redis.clients.jedis.exceptions.JedisConnectionException: Could not get a resource from the pool" type="org.springframework.data.redis.RedisConnectionFailureException">org.springframework.data.redis.RedisConnectionFailureException: Cannot get Jedis connection; nested exception is redis.clients.jedis.exceptions.JedisConnectionException: Could not get a resource from the pool
Caused by: redis.clients.jedis.exceptions.JedisConnectionException: Could not get a resource from the pool
Caused by: redis.clients.jedis.exceptions.JedisConnectionException: java.net.ConnectException: Conexão recusada
Caused by: java.net.ConnectException: Conexão recusada
</error>
  </testcase>
  <testcase name="testAddIndexObjectMiddle[0]" classname="org.springframework.data.redis.support.collections.RedisListTests" time="0.001">
    <error message="Unexpected exception, expected&lt;java.lang.IllegalArgumentException&gt; but was&lt;org.springframework.data.redis.RedisConnectionFailureException&gt;" type="java.lang.Exception"><![CDATA[java.lang.Exception: Unexpected exception, expected<java.lang.IllegalArgumentException> but was<org.springframework.data.redis.RedisConnectionFailureException>
Caused by: org.springframework.data.redis.RedisConnectionFailureException: Cannot get Jedis connection; nested exception is redis.clients.jedis.exceptions.JedisConnectionException: Could not get a resource from the pool
Caused by: redis.clients.jedis.exceptions.JedisConnectionException: Could not get a resource from the pool
Caused by: redis.clients.jedis.exceptions.JedisConnectionException: java.net.ConnectException: Conexão recusada
Caused by: java.net.ConnectException: Conexão recusada
]]></error>
  </testcase>
  <testcase name="testAddIndexObjectMiddle[0]" classname="org.springframework.data.redis.support.collections.RedisListTests" time="0.002">
    <error message="Cannot get Jedis connection; nested exception is redis.clients.jedis.exceptions.JedisConnectionException: Could not get a resource from the pool" type="org.springframework.data.redis.RedisConnectionFailureException">org.springframework.data.redis.RedisConnectionFailureException: Cannot get Jedis connection; nested exception is redis.clients.jedis.exceptions.JedisConnectionException: Could not get a resource from the pool
Caused by: redis.clients.jedis.exceptions.JedisConnectionException: Could not get a resource from the pool
Caused by: redis.clients.jedis.exceptions.JedisConnectionException: java.net.ConnectException: Conexão recusada
Caused by: java.net.ConnectException: Conexão recusada
</error>
  </testcase>
  <testcase name="testPeekLast[0]" classname="org.springframework.data.redis.support.collections.RedisListTests" time="0.001">
    <error message="Cannot get Jedis connection; nested exception is redis.clients.jedis.exceptions.JedisConnectionException: Could not get a resource from the pool" type="org.springframework.data.redis.RedisConnectionFailureException">org.springframework.data.redis.RedisConnectionFailureException: Cannot get Jedis connection; nested exception is redis.clients.jedis.exceptions.JedisConnectionException: Could not get a resource from the pool
Caused by: redis.clients.jedis.exceptions.JedisConnectionException: Could not get a resource from the pool
Caused by: redis.clients.jedis.exceptions.JedisConnectionException: java.net.ConnectException: Conexão recusada
Caused by: java.net.ConnectException: Conexão recusada
</error>
  </testcase>
  <testcase name="testPeekLast[0]" classname="org.springframework.data.redis.support.collections.RedisListTests" time="0.001">
    <error message="Cannot get Jedis connection; nested exception is redis.clients.jedis.exceptions.JedisConnectionException: Could not get a resource from the pool" type="org.springframework.data.redis.RedisConnectionFailureException">org.springframework.data.redis.RedisConnectionFailureException: Cannot get Jedis connection; nested exception is redis.clients.jedis.exceptions.JedisConnectionException: Could not get a resource from the pool
Caused by: redis.clients.jedis.exceptions.JedisConnectionException: Could not get a resource from the pool
Caused by: redis.clients.jedis.exceptions.JedisConnectionException: java.net.ConnectException: Conexão recusada
Caused by: java.net.ConnectException: Conexão recusada
</error>
  </testcase>
  <testcase name="testRemoveFirstOccurrence[0]" classname="org.springframework.data.redis.support.collections.RedisListTests" time="0.001">
    <error message="Cannot get Jedis connection; nested exception is redis.clients.jedis.exceptions.JedisConnectionException: Could not get a resource from the pool" type="org.springframework.data.redis.RedisConnectionFailureException">org.springframework.data.redis.RedisConnectionFailureException: Cannot get Jedis connection; nested exception is redis.clients.jedis.exceptions.JedisConnectionException: Could not get a resource from the pool
Caused by: redis.clients.jedis.exceptions.JedisConnectionException: Could not get a resource from the pool
Caused by: redis.clients.jedis.exceptions.JedisConnectionException: java.net.ConnectException: Conexão recusada
Caused by: java.net.ConnectException: Conexão recusada
</error>
  </testcase>
  <testcase name="testRemoveFirstOccurrence[0]" classname="org.springframework.data.redis.support.collections.RedisListTests" time="0.001">
    <error message="Cannot get Jedis connection; nested exception is redis.clients.jedis.exceptions.JedisConnectionException: Could not get a resource from the pool" type="org.springframework.data.redis.RedisConnectionFailureException">org.springframework.data.redis.RedisConnectionFailureException: Cannot get Jedis connection; nested exception is redis.clients.jedis.exceptions.JedisConnectionException: Could not get a resource from the pool
Caused by: redis.clients.jedis.exceptions.JedisConnectionException: Could not get a resource from the pool
Caused by: redis.clients.jedis.exceptions.JedisConnectionException: java.net.ConnectException: Conexão recusada
Caused by: java.net.ConnectException: Conexão recusada
</error>
  </testcase>
  <testcase name="addAllIndexCollectionHead[0]" classname="org.springframework.data.redis.support.collections.RedisListTests" time="0.002">
    <error message="Cannot get Jedis connection; nested exception is redis.clients.jedis.exceptions.JedisConnectionException: Could not get a resource from the pool" type="org.springframework.data.redis.RedisConnectionFailureException">org.springframework.data.redis.RedisConnectionFailureException: Cannot get Jedis connection; nested exception is redis.clients.jedis.exceptions.JedisConnectionException: Could not get a resource from the pool
Caused by: redis.clients.jedis.exceptions.JedisConnectionException: Could not get a resource from the pool
Caused by: redis.clients.jedis.exceptions.JedisConnectionException: java.net.ConnectException: Conexão recusada
Caused by: java.net.ConnectException: Conexão recusada
</error>
  </testcase>
  <testcase name="addAllIndexCollectionHead[0]" classname="org.springframework.data.redis.support.collections.RedisListTests" time="0.002">
    <error message="Cannot get Jedis connection; nested exception is redis.clients.jedis.exceptions.JedisConnectionException: Could not get a resource from the pool" type="org.springframework.data.redis.RedisConnectionFailureException">org.springframework.data.redis.RedisConnectionFailureException: Cannot get Jedis connection; nested exception is redis.clients.jedis.exceptions.JedisConnectionException: Could not get a resource from the pool
Caused by: redis.clients.jedis.exceptions.JedisConnectionException: Could not get a resource from the pool
Caused by: redis.clients.jedis.exceptions.JedisConnectionException: java.net.ConnectException: Conexão recusada
Caused by: java.net.ConnectException: Conexão recusada
</error>
  </testcase>
  <testcase name="addAllIndexCollectionTail[0]" classname="org.springframework.data.redis.support.collections.RedisListTests" time="0.001">
    <error message="Cannot get Jedis connection; nested exception is redis.clients.jedis.exceptions.JedisConnectionException: Could not get a resource from the pool" type="org.springframework.data.redis.RedisConnectionFailureException">org.springframework.data.redis.RedisConnectionFailureException: Cannot get Jedis connection; nested exception is redis.clients.jedis.exceptions.JedisConnectionException: Could not get a resource from the pool
Caused by: redis.clients.jedis.exceptions.JedisConnectionException: Could not get a resource from the pool
Caused by: redis.clients.jedis.exceptions.JedisConnectionException: java.net.ConnectException: Conexão recusada
Caused by: java.net.ConnectException: Conexão recusada
</error>
  </testcase>
  <testcase name="addAllIndexCollectionTail[0]" classname="org.springframework.data.redis.support.collections.RedisListTests" time="0.001">
    <error message="Cannot get Jedis connection; nested exception is redis.clients.jedis.exceptions.JedisConnectionException: Could not get a resource from the pool" type="org.springframework.data.redis.RedisConnectionFailureException">org.springframework.data.redis.RedisConnectionFailureException: Cannot get Jedis connection; nested exception is redis.clients.jedis.exceptions.JedisConnectionException: Could not get a resource from the pool
Caused by: redis.clients.jedis.exceptions.JedisConnectionException: Could not get a resource from the pool
Caused by: redis.clients.jedis.exceptions.JedisConnectionException: java.net.ConnectException: Conexão recusada
Caused by: java.net.ConnectException: Conexão recusada
</error>
  </testcase>
  <testcase name="addAllIndexCollectionMiddle[0]" classname="org.springframework.data.redis.support.collections.RedisListTests" time="0.006">
    <error message="Unexpected exception, expected&lt;java.lang.IllegalArgumentException&gt; but was&lt;org.springframework.data.redis.RedisConnectionFailureException&gt;" type="java.lang.Exception"><![CDATA[java.lang.Exception: Unexpected exception, expected<java.lang.IllegalArgumentException> but was<org.springframework.data.redis.RedisConnectionFailureException>
Caused by: org.springframework.data.redis.RedisConnectionFailureException: Cannot get Jedis connection; nested exception is redis.clients.jedis.exceptions.JedisConnectionException: Could not get a resource from the pool
Caused by: redis.clients.jedis.exceptions.JedisConnectionException: Could not get a resource from the pool
Caused by: redis.clients.jedis.exceptions.JedisConnectionException: java.net.ConnectException: Conexão recusada
Caused by: java.net.ConnectException: Conexão recusada
]]></error>
  </testcase>
  <testcase name="addAllIndexCollectionMiddle[0]" classname="org.springframework.data.redis.support.collections.RedisListTests" time="0.006">
    <error message="Cannot get Jedis connection; nested exception is redis.clients.jedis.exceptions.JedisConnectionException: Could not get a resource from the pool" type="org.springframework.data.redis.RedisConnectionFailureException">org.springframework.data.redis.RedisConnectionFailureException: Cannot get Jedis connection; nested exception is redis.clients.jedis.exceptions.JedisConnectionException: Could not get a resource from the pool
Caused by: redis.clients.jedis.exceptions.JedisConnectionException: Could not get a resource from the pool
Caused by: redis.clients.jedis.exceptions.JedisConnectionException: java.net.ConnectException: Conexão recusada
Caused by: java.net.ConnectException: Conexão recusada
</error>
  </testcase>
  <testcase name="testPollLast[0]" classname="org.springframework.data.redis.support.collections.RedisListTests" time="0.001">
    <error message="Cannot get Jedis connection; nested exception is redis.clients.jedis.exceptions.JedisConnectionException: Could not get a resource from the pool" type="org.springframework.data.redis.RedisConnectionFailureException">org.springframework.data.redis.RedisConnectionFailureException: Cannot get Jedis connection; nested exception is redis.clients.jedis.exceptions.JedisConnectionException: Could not get a resource from the pool
Caused by: redis.clients.jedis.exceptions.JedisConnectionException: Could not get a resource from the pool
Caused by: redis.clients.jedis.exceptions.JedisConnectionException: java.net.ConnectException: Conexão recusada
Caused by: java.net.ConnectException: Conexão recusada
</error>
  </testcase>
  <testcase name="testPollLast[0]" classname="org.springframework.data.redis.support.collections.RedisListTests" time="0.002">
    <error message="Cannot get Jedis connection; nested exception is redis.clients.jedis.exceptions.JedisConnectionException: Could not get a resource from the pool" type="org.springframework.data.redis.RedisConnectionFailureException">org.springframework.data.redis.RedisConnectionFailureException: Cannot get Jedis connection; nested exception is redis.clients.jedis.exceptions.JedisConnectionException: Could not get a resource from the pool
Caused by: redis.clients.jedis.exceptions.JedisConnectionException: Could not get a resource from the pool
Caused by: redis.clients.jedis.exceptions.JedisConnectionException: java.net.ConnectException: Conexão recusada
Caused by: java.net.ConnectException: Conexão recusada
</error>
  </testcase>
  <testcase name="testIndexOfObject[0]" classname="org.springframework.data.redis.support.collections.RedisListTests" time="0">
    <error message="Cannot get Jedis connection; nested exception is redis.clients.jedis.exceptions.JedisConnectionException: Could not get a resource from the pool" type="org.springframework.data.redis.RedisConnectionFailureException">org.springframework.data.redis.RedisConnectionFailureException: Cannot get Jedis connection; nested exception is redis.clients.jedis.exceptions.JedisConnectionException: Could not get a resource from the pool
Caused by: redis.clients.jedis.exceptions.JedisConnectionException: Could not get a resource from the pool
Caused by: redis.clients.jedis.exceptions.JedisConnectionException: java.net.ConnectException: Conexão recusada
Caused by: java.net.ConnectException: Conexão recusada
</error>
  </testcase>
  <testcase name="testPollTimeout[0]" classname="org.springframework.data.redis.support.collections.RedisListTests" time="0.001">
    <error message="Cannot get Jedis connection; nested exception is redis.clients.jedis.exceptions.JedisConnectionException: Could not get a resource from the pool" type="org.springframework.data.redis.RedisConnectionFailureException">org.springframework.data.redis.RedisConnectionFailureException: Cannot get Jedis connection; nested exception is redis.clients.jedis.exceptions.JedisConnectionException: Could not get a resource from the pool
Caused by: redis.clients.jedis.exceptions.JedisConnectionException: Could not get a resource from the pool
Caused by: redis.clients.jedis.exceptions.JedisConnectionException: java.net.ConnectException: Conexão recusada
Caused by: java.net.ConnectException: Conexão recusada
</error>
  </testcase>
  <testcase name="testPollTimeout[0]" classname="org.springframework.data.redis.support.collections.RedisListTests" time="0.001">
    <error message="Cannot get Jedis connection; nested exception is redis.clients.jedis.exceptions.JedisConnectionException: Could not get a resource from the pool" type="org.springframework.data.redis.RedisConnectionFailureException">org.springframework.data.redis.RedisConnectionFailureException: Cannot get Jedis connection; nested exception is redis.clients.jedis.exceptions.JedisConnectionException: Could not get a resource from the pool
Caused by: redis.clients.jedis.exceptions.JedisConnectionException: Could not get a resource from the pool
Caused by: redis.clients.jedis.exceptions.JedisConnectionException: java.net.ConnectException: Conexão recusada
Caused by: java.net.ConnectException: Conexão recusada
</error>
  </testcase>
  <testcase name="testRemove[0]" classname="org.springframework.data.redis.support.collections.RedisListTests" time="0.001">
    <error message="Cannot get Jedis connection; nested exception is redis.clients.jedis.exceptions.JedisConnectionException: Could not get a resource from the pool" type="org.springframework.data.redis.RedisConnectionFailureException">org.springframework.data.redis.RedisConnectionFailureException: Cannot get Jedis connection; nested exception is redis.clients.jedis.exceptions.JedisConnectionException: Could not get a resource from the pool
Caused by: redis.clients.jedis.exceptions.JedisConnectionException: Could not get a resource from the pool
Caused by: redis.clients.jedis.exceptions.JedisConnectionException: java.net.ConnectException: Conexão recusada
Caused by: java.net.ConnectException: Conexão recusada
</error>
  </testcase>
  <testcase name="testRemove[0]" classname="org.springframework.data.redis.support.collections.RedisListTests" time="0.001">
    <error message="Cannot get Jedis connection; nested exception is redis.clients.jedis.exceptions.JedisConnectionException: Could not get a resource from the pool" type="org.springframework.data.redis.RedisConnectionFailureException">org.springframework.data.redis.RedisConnectionFailureException: Cannot get Jedis connection; nested exception is redis.clients.jedis.exceptions.JedisConnectionException: Could not get a resource from the pool
Caused by: redis.clients.jedis.exceptions.JedisConnectionException: Could not get a resource from the pool
Caused by: redis.clients.jedis.exceptions.JedisConnectionException: java.net.ConnectException: Conexão recusada
Caused by: java.net.ConnectException: Conexão recusada
</error>
  </testcase>
  <testcase name="testCappedCollection[0]" classname="org.springframework.data.redis.support.collections.RedisListTests" time="0.001">
    <error message="Cannot get Jedis connection; nested exception is redis.clients.jedis.exceptions.JedisConnectionException: Could not get a resource from the pool" type="org.springframework.data.redis.RedisConnectionFailureException">org.springframework.data.redis.RedisConnectionFailureException: Cannot get Jedis connection; nested exception is redis.clients.jedis.exceptions.JedisConnectionException: Could not get a resource from the pool
Caused by: redis.clients.jedis.exceptions.JedisConnectionException: Could not get a resource from the pool
Caused by: redis.clients.jedis.exceptions.JedisConnectionException: java.net.ConnectException: Conexão recusada
Caused by: java.net.ConnectException: Conexão recusada
</error>
  </testcase>
  <testcase name="testCappedCollection[0]" classname="org.springframework.data.redis.support.collections.RedisListTests" time="0.001">
    <error message="Cannot get Jedis connection; nested exception is redis.clients.jedis.exceptions.JedisConnectionException: Could not get a resource from the pool" type="org.springframework.data.redis.RedisConnectionFailureException">org.springframework.data.redis.RedisConnectionFailureException: Cannot get Jedis connection; nested exception is redis.clients.jedis.exceptions.JedisConnectionException: Could not get a resource from the pool
Caused by: redis.clients.jedis.exceptions.JedisConnectionException: Could not get a resource from the pool
Caused by: redis.clients.jedis.exceptions.JedisConnectionException: java.net.ConnectException: Conexão recusada
Caused by: java.net.ConnectException: Conexão recusada
</error>
  </testcase>
  <testcase name="testRmoveLastOccurrence[0]" classname="org.springframework.data.redis.support.collections.RedisListTests" time="0.001">
    <error message="Cannot get Jedis connection; nested exception is redis.clients.jedis.exceptions.JedisConnectionException: Could not get a resource from the pool" type="org.springframework.data.redis.RedisConnectionFailureException">org.springframework.data.redis.RedisConnectionFailureException: Cannot get Jedis connection; nested exception is redis.clients.jedis.exceptions.JedisConnectionException: Could not get a resource from the pool
Caused by: redis.clients.jedis.exceptions.JedisConnectionException: Could not get a resource from the pool
Caused by: redis.clients.jedis.exceptions.JedisConnectionException: java.net.ConnectException: Conexão recusada
Caused by: java.net.ConnectException: Conexão recusada
</error>
  </testcase>
  <testcase name="testRmoveLastOccurrence[0]" classname="org.springframework.data.redis.support.collections.RedisListTests" time="0.001">
    <error message="Cannot get Jedis connection; nested exception is redis.clients.jedis.exceptions.JedisConnectionException: Could not get a resource from the pool" type="org.springframework.data.redis.RedisConnectionFailureException">org.springframework.data.redis.RedisConnectionFailureException: Cannot get Jedis connection; nested exception is redis.clients.jedis.exceptions.JedisConnectionException: Could not get a resource from the pool
Caused by: redis.clients.jedis.exceptions.JedisConnectionException: Could not get a resource from the pool
Caused by: redis.clients.jedis.exceptions.JedisConnectionException: java.net.ConnectException: Conexão recusada
Caused by: java.net.ConnectException: Conexão recusada
</error>
  </testcase>
  <testcase name="testTakeFirst[0]" classname="org.springframework.data.redis.support.collections.RedisListTests" time="0">
    <error message="Cannot get Jedis connection; nested exception is redis.clients.jedis.exceptions.JedisConnectionException: Could not get a resource from the pool" type="org.springframework.data.redis.RedisConnectionFailureException">org.springframework.data.redis.RedisConnectionFailureException: Cannot get Jedis connection; nested exception is redis.clients.jedis.exceptions.JedisConnectionException: Could not get a resource from the pool
Caused by: redis.clients.jedis.exceptions.JedisConnectionException: Could not get a resource from the pool
Caused by: redis.clients.jedis.exceptions.JedisConnectionException: java.net.ConnectException: Conexão recusada
Caused by: java.net.ConnectException: Conexão recusada
</error>
  </testcase>
  <testcase name="testTakeFirst[0]" classname="org.springframework.data.redis.support.collections.RedisListTests" time="0.001">
    <error message="Cannot get Jedis connection; nested exception is redis.clients.jedis.exceptions.JedisConnectionException: Could not get a resource from the pool" type="org.springframework.data.redis.RedisConnectionFailureException">org.springframework.data.redis.RedisConnectionFailureException: Cannot get Jedis connection; nested exception is redis.clients.jedis.exceptions.JedisConnectionException: Could not get a resource from the pool
Caused by: redis.clients.jedis.exceptions.JedisConnectionException: Could not get a resource from the pool
Caused by: redis.clients.jedis.exceptions.JedisConnectionException: java.net.ConnectException: Conexão recusada
Caused by: java.net.ConnectException: Conexão recusada
</error>
  </testcase>
  <testcase name="testContainsObject[0]" classname="org.springframework.data.redis.support.collections.RedisListTests" time="0.003">
    <error message="Cannot get Jedis connection; nested exception is redis.clients.jedis.exceptions.JedisConnectionException: Could not get a resource from the pool" type="org.springframework.data.redis.RedisConnectionFailureException">org.springframework.data.redis.RedisConnectionFailureException: Cannot get Jedis connection; nested exception is redis.clients.jedis.exceptions.JedisConnectionException: Could not get a resource from the pool
Caused by: redis.clients.jedis.exceptions.JedisConnectionException: Could not get a resource from the pool
Caused by: redis.clients.jedis.exceptions.JedisConnectionException: java.net.ConnectException: Conexão recusada
Caused by: java.net.ConnectException: Conexão recusada
</error>
  </testcase>
  <testcase name="testContainsObject[0]" classname="org.springframework.data.redis.support.collections.RedisListTests" time="0.003">
    <error message="Cannot get Jedis connection; nested exception is redis.clients.jedis.exceptions.JedisConnectionException: Could not get a resource from the pool" type="org.springframework.data.redis.RedisConnectionFailureException">org.springframework.data.redis.RedisConnectionFailureException: Cannot get Jedis connection; nested exception is redis.clients.jedis.exceptions.JedisConnectionException: Could not get a resource from the pool
Caused by: redis.clients.jedis.exceptions.JedisConnectionException: Could not get a resource from the pool
Caused by: redis.clients.jedis.exceptions.JedisConnectionException: java.net.ConnectException: Conexão recusada
Caused by: java.net.ConnectException: Conexão recusada
</error>
  </testcase>
  <testcase name="testToArray[0]" classname="org.springframework.data.redis.support.collections.RedisListTests" time="0.001">
    <error message="Cannot get Jedis connection; nested exception is redis.clients.jedis.exceptions.JedisConnectionException: Could not get a resource from the pool" type="org.springframework.data.redis.RedisConnectionFailureException">org.springframework.data.redis.RedisConnectionFailureException: Cannot get Jedis connection; nested exception is redis.clients.jedis.exceptions.JedisConnectionException: Could not get a resource from the pool
Caused by: redis.clients.jedis.exceptions.JedisConnectionException: Could not get a resource from the pool
Caused by: redis.clients.jedis.exceptions.JedisConnectionException: java.net.ConnectException: Conexão recusada
Caused by: java.net.ConnectException: Conexão recusada
</error>
  </testcase>
  <testcase name="testToArray[0]" classname="org.springframework.data.redis.support.collections.RedisListTests" time="0.001">
    <error message="Cannot get Jedis connection; nested exception is redis.clients.jedis.exceptions.JedisConnectionException: Could not get a resource from the pool" type="org.springframework.data.redis.RedisConnectionFailureException">org.springframework.data.redis.RedisConnectionFailureException: Cannot get Jedis connection; nested exception is redis.clients.jedis.exceptions.JedisConnectionException: Could not get a resource from the pool
Caused by: redis.clients.jedis.exceptions.JedisConnectionException: Could not get a resource from the pool
Caused by: redis.clients.jedis.exceptions.JedisConnectionException: java.net.ConnectException: Conexão recusada
Caused by: java.net.ConnectException: Conexão recusada
</error>
  </testcase>
  <testcase name="testAdd[0]" classname="org.springframework.data.redis.support.collections.RedisListTests" time="0.001">
    <error message="Cannot get Jedis connection; nested exception is redis.clients.jedis.exceptions.JedisConnectionException: Could not get a resource from the pool" type="org.springframework.data.redis.RedisConnectionFailureException">org.springframework.data.redis.RedisConnectionFailureException: Cannot get Jedis connection; nested exception is redis.clients.jedis.exceptions.JedisConnectionException: Could not get a resource from the pool
Caused by: redis.clients.jedis.exceptions.JedisConnectionException: Could not get a resource from the pool
Caused by: redis.clients.jedis.exceptions.JedisConnectionException: java.net.ConnectException: Conexão recusada
Caused by: java.net.ConnectException: Conexão recusada
</error>
  </testcase>
  <testcase name="testAdd[0]" classname="org.springframework.data.redis.support.collections.RedisListTests" time="0.001">
    <error message="Cannot get Jedis connection; nested exception is redis.clients.jedis.exceptions.JedisConnectionException: Could not get a resource from the pool" type="org.springframework.data.redis.RedisConnectionFailureException">org.springframework.data.redis.RedisConnectionFailureException: Cannot get Jedis connection; nested exception is redis.clients.jedis.exceptions.JedisConnectionException: Could not get a resource from the pool
Caused by: redis.clients.jedis.exceptions.JedisConnectionException: Could not get a resource from the pool
Caused by: redis.clients.jedis.exceptions.JedisConnectionException: java.net.ConnectException: Conexão recusada
Caused by: java.net.ConnectException: Conexão recusada
</error>
  </testcase>
  <testcase name="testClear[0]" classname="org.springframework.data.redis.support.collections.RedisListTests" time="0.001">
    <error message="Cannot get Jedis connection; nested exception is redis.clients.jedis.exceptions.JedisConnectionException: Could not get a resource from the pool" type="org.springframework.data.redis.RedisConnectionFailureException">org.springframework.data.redis.RedisConnectionFailureException: Cannot get Jedis connection; nested exception is redis.clients.jedis.exceptions.JedisConnectionException: Could not get a resource from the pool
Caused by: redis.clients.jedis.exceptions.JedisConnectionException: Could not get a resource from the pool
Caused by: redis.clients.jedis.exceptions.JedisConnectionException: java.net.ConnectException: Conexão recusada
Caused by: java.net.ConnectException: Conexão recusada
</error>
  </testcase>
  <testcase name="testClear[0]" classname="org.springframework.data.redis.support.collections.RedisListTests" time="0.002">
    <error message="Cannot get Jedis connection; nested exception is redis.clients.jedis.exceptions.JedisConnectionException: Could not get a resource from the pool" type="org.springframework.data.redis.RedisConnectionFailureException">org.springframework.data.redis.RedisConnectionFailureException: Cannot get Jedis connection; nested exception is redis.clients.jedis.exceptions.JedisConnectionException: Could not get a resource from the pool
Caused by: redis.clients.jedis.exceptions.JedisConnectionException: Could not get a resource from the pool
Caused by: redis.clients.jedis.exceptions.JedisConnectionException: java.net.ConnectException: Conexão recusada
Caused by: java.net.ConnectException: Conexão recusada
</error>
  </testcase>
  <testcase name="testSize[0]" classname="org.springframework.data.redis.support.collections.RedisListTests" time="0">
    <error message="Cannot get Jedis connection; nested exception is redis.clients.jedis.exceptions.JedisConnectionException: Could not get a resource from the pool" type="org.springframework.data.redis.RedisConnectionFailureException">org.springframework.data.redis.RedisConnectionFailureException: Cannot get Jedis connection; nested exception is redis.clients.jedis.exceptions.JedisConnectionException: Could not get a resource from the pool
Caused by: redis.clients.jedis.exceptions.JedisConnectionException: Could not get a resource from the pool
Caused by: redis.clients.jedis.exceptions.JedisConnectionException: java.net.ConnectException: Conexão recusada
Caused by: java.net.ConnectException: Conexão recusada
</error>
  </testcase>
  <testcase name="testSize[0]" classname="org.springframework.data.redis.support.collections.RedisListTests" time="0.001">
    <error message="Cannot get Jedis connection; nested exception is redis.clients.jedis.exceptions.JedisConnectionException: Could not get a resource from the pool" type="org.springframework.data.redis.RedisConnectionFailureException">org.springframework.data.redis.RedisConnectionFailureException: Cannot get Jedis connection; nested exception is redis.clients.jedis.exceptions.JedisConnectionException: Could not get a resource from the pool
Caused by: redis.clients.jedis.exceptions.JedisConnectionException: Could not get a resource from the pool
Caused by: redis.clients.jedis.exceptions.JedisConnectionException: java.net.ConnectException: Conexão recusada
Caused by: java.net.ConnectException: Conexão recusada
</error>
  </testcase>
  <testcase name="testToString[0]" classname="org.springframework.data.redis.support.collections.RedisListTests" time="0.001">
    <error message="Cannot get Jedis connection; nested exception is redis.clients.jedis.exceptions.JedisConnectionException: Could not get a resource from the pool" type="org.springframework.data.redis.RedisConnectionFailureException">org.springframework.data.redis.RedisConnectionFailureException: Cannot get Jedis connection; nested exception is redis.clients.jedis.exceptions.JedisConnectionException: Could not get a resource from the pool
Caused by: redis.clients.jedis.exceptions.JedisConnectionException: Could not get a resource from the pool
Caused by: redis.clients.jedis.exceptions.JedisConnectionException: java.net.ConnectException: Conexão recusada
Caused by: java.net.ConnectException: Conexão recusada
</error>
  </testcase>
  <testcase name="testToString[0]" classname="org.springframework.data.redis.support.collections.RedisListTests" time="0.001">
    <error message="Cannot get Jedis connection; nested exception is redis.clients.jedis.exceptions.JedisConnectionException: Could not get a resource from the pool" type="org.springframework.data.redis.RedisConnectionFailureException">org.springframework.data.redis.RedisConnectionFailureException: Cannot get Jedis connection; nested exception is redis.clients.jedis.exceptions.JedisConnectionException: Could not get a resource from the pool
Caused by: redis.clients.jedis.exceptions.JedisConnectionException: Could not get a resource from the pool
Caused by: redis.clients.jedis.exceptions.JedisConnectionException: java.net.ConnectException: Conexão recusada
Caused by: java.net.ConnectException: Conexão recusada
</error>
  </testcase>
  <testcase name="testContainsAll[0]" classname="org.springframework.data.redis.support.collections.RedisListTests" time="0.001">
    <error message="Cannot get Jedis connection; nested exception is redis.clients.jedis.exceptions.JedisConnectionException: Could not get a resource from the pool" type="org.springframework.data.redis.RedisConnectionFailureException">org.springframework.data.redis.RedisConnectionFailureException: Cannot get Jedis connection; nested exception is redis.clients.jedis.exceptions.JedisConnectionException: Could not get a resource from the pool
Caused by: redis.clients.jedis.exceptions.JedisConnectionException: Could not get a resource from the pool
Caused by: redis.clients.jedis.exceptions.JedisConnectionException: java.net.ConnectException: Conexão recusada
Caused by: java.net.ConnectException: Conexão recusada
</error>
  </testcase>
  <testcase name="testContainsAll[0]" classname="org.springframework.data.redis.support.collections.RedisListTests" time="0.001">
    <error message="Cannot get Jedis connection; nested exception is redis.clients.jedis.exceptions.JedisConnectionException: Could not get a resource from the pool" type="org.springframework.data.redis.RedisConnectionFailureException">org.springframework.data.redis.RedisConnectionFailureException: Cannot get Jedis connection; nested exception is redis.clients.jedis.exceptions.JedisConnectionException: Could not get a resource from the pool
Caused by: redis.clients.jedis.exceptions.JedisConnectionException: Could not get a resource from the pool
Caused by: redis.clients.jedis.exceptions.JedisConnectionException: java.net.ConnectException: Conexão recusada
Caused by: java.net.ConnectException: Conexão recusada
</error>
  </testcase>
  <testcase name="testRemoveObject[0]" classname="org.springframework.data.redis.support.collections.RedisListTests" time="0.001">
    <error message="Cannot get Jedis connection; nested exception is redis.clients.jedis.exceptions.JedisConnectionException: Could not get a resource from the pool" type="org.springframework.data.redis.RedisConnectionFailureException">org.springframework.data.redis.RedisConnectionFailureException: Cannot get Jedis connection; nested exception is redis.clients.jedis.exceptions.JedisConnectionException: Could not get a resource from the pool
Caused by: redis.clients.jedis.exceptions.JedisConnectionException: Could not get a resource from the pool
Caused by: redis.clients.jedis.exceptions.JedisConnectionException: java.net.ConnectException: Conexão recusada
Caused by: java.net.ConnectException: Conexão recusada
</error>
  </testcase>
  <testcase name="testRemoveObject[0]" classname="org.springframework.data.redis.support.collections.RedisListTests" time="0.001">
    <error message="Cannot get Jedis connection; nested exception is redis.clients.jedis.exceptions.JedisConnectionException: Could not get a resource from the pool" type="org.springframework.data.redis.RedisConnectionFailureException">org.springframework.data.redis.RedisConnectionFailureException: Cannot get Jedis connection; nested exception is redis.clients.jedis.exceptions.JedisConnectionException: Could not get a resource from the pool
Caused by: redis.clients.jedis.exceptions.JedisConnectionException: Could not get a resource from the pool
Caused by: redis.clients.jedis.exceptions.JedisConnectionException: java.net.ConnectException: Conexão recusada
Caused by: java.net.ConnectException: Conexão recusada
</error>
  </testcase>
  <testcase name="testHashCode[0]" classname="org.springframework.data.redis.support.collections.RedisListTests" time="0.001">
    <error message="Cannot get Jedis connection; nested exception is redis.clients.jedis.exceptions.JedisConnectionException: Could not get a resource from the pool" type="org.springframework.data.redis.RedisConnectionFailureException">org.springframework.data.redis.RedisConnectionFailureException: Cannot get Jedis connection; nested exception is redis.clients.jedis.exceptions.JedisConnectionException: Could not get a resource from the pool
Caused by: redis.clients.jedis.exceptions.JedisConnectionException: Could not get a resource from the pool
Caused by: redis.clients.jedis.exceptions.JedisConnectionException: java.net.ConnectException: Conexão recusada
Caused by: java.net.ConnectException: Conexão recusada
</error>
  </testcase>
  <testcase name="testAddAll[0]" classname="org.springframework.data.redis.support.collections.RedisListTests" time="0.001">
    <error message="Cannot get Jedis connection; nested exception is redis.clients.jedis.exceptions.JedisConnectionException: Could not get a resource from the pool" type="org.springframework.data.redis.RedisConnectionFailureException">org.springframework.data.redis.RedisConnectionFailureException: Cannot get Jedis connection; nested exception is redis.clients.jedis.exceptions.JedisConnectionException: Could not get a resource from the pool
Caused by: redis.clients.jedis.exceptions.JedisConnectionException: Could not get a resource from the pool
Caused by: redis.clients.jedis.exceptions.JedisConnectionException: java.net.ConnectException: Conexão recusada
Caused by: java.net.ConnectException: Conexão recusada
</error>
  </testcase>
  <testcase name="testAddAll[0]" classname="org.springframework.data.redis.support.collections.RedisListTests" time="0.001">
    <error message="Cannot get Jedis connection; nested exception is redis.clients.jedis.exceptions.JedisConnectionException: Could not get a resource from the pool" type="org.springframework.data.redis.RedisConnectionFailureException">org.springframework.data.redis.RedisConnectionFailureException: Cannot get Jedis connection; nested exception is redis.clients.jedis.exceptions.JedisConnectionException: Could not get a resource from the pool
Caused by: redis.clients.jedis.exceptions.JedisConnectionException: Could not get a resource from the pool
Caused by: redis.clients.jedis.exceptions.JedisConnectionException: java.net.ConnectException: Conexão recusada
Caused by: java.net.ConnectException: Conexão recusada
</error>
  </testcase>
  <testcase name="removeAll[0]" classname="org.springframework.data.redis.support.collections.RedisListTests" time="0.001">
    <error message="Cannot get Jedis connection; nested exception is redis.clients.jedis.exceptions.JedisConnectionException: Could not get a resource from the pool" type="org.springframework.data.redis.RedisConnectionFailureException">org.springframework.data.redis.RedisConnectionFailureException: Cannot get Jedis connection; nested exception is redis.clients.jedis.exceptions.JedisConnectionException: Could not get a resource from the pool
Caused by: redis.clients.jedis.exceptions.JedisConnectionException: Could not get a resource from the pool
Caused by: redis.clients.jedis.exceptions.JedisConnectionException: java.net.ConnectException: Conexão recusada
Caused by: java.net.ConnectException: Conexão recusada
</error>
  </testcase>
  <testcase name="removeAll[0]" classname="org.springframework.data.redis.support.collections.RedisListTests" time="0.001">
    <error message="Cannot get Jedis connection; nested exception is redis.clients.jedis.exceptions.JedisConnectionException: Could not get a resource from the pool" type="org.springframework.data.redis.RedisConnectionFailureException">org.springframework.data.redis.RedisConnectionFailureException: Cannot get Jedis connection; nested exception is redis.clients.jedis.exceptions.JedisConnectionException: Could not get a resource from the pool
Caused by: redis.clients.jedis.exceptions.JedisConnectionException: Could not get a resource from the pool
Caused by: redis.clients.jedis.exceptions.JedisConnectionException: java.net.ConnectException: Conexão recusada
Caused by: java.net.ConnectException: Conexão recusada
</error>
  </testcase>
  <testcase name="testEquals[0]" classname="org.springframework.data.redis.support.collections.RedisListTests" time="0.001">
    <error message="Cannot get Jedis connection; nested exception is redis.clients.jedis.exceptions.JedisConnectionException: Could not get a resource from the pool" type="org.springframework.data.redis.RedisConnectionFailureException">org.springframework.data.redis.RedisConnectionFailureException: Cannot get Jedis connection; nested exception is redis.clients.jedis.exceptions.JedisConnectionException: Could not get a resource from the pool
Caused by: redis.clients.jedis.exceptions.JedisConnectionException: Could not get a resource from the pool
Caused by: redis.clients.jedis.exceptions.JedisConnectionException: java.net.ConnectException: Conexão recusada
Caused by: java.net.ConnectException: Conexão recusada
</error>
  </testcase>
  <testcase name="testGetKey[0]" classname="org.springframework.data.redis.support.collections.RedisListTests" time="0">
    <error message="Cannot get Jedis connection; nested exception is redis.clients.jedis.exceptions.JedisConnectionException: Could not get a resource from the pool" type="org.springframework.data.redis.RedisConnectionFailureException">org.springframework.data.redis.RedisConnectionFailureException: Cannot get Jedis connection; nested exception is redis.clients.jedis.exceptions.JedisConnectionException: Could not get a resource from the pool
Caused by: redis.clients.jedis.exceptions.JedisConnectionException: Could not get a resource from the pool
Caused by: redis.clients.jedis.exceptions.JedisConnectionException: java.net.ConnectException: Conexão recusada
Caused by: java.net.ConnectException: Conexão recusada
</error>
  </testcase>
  <testcase name="testToArrayWithGenerics[0]" classname="org.springframework.data.redis.support.collections.RedisListTests" time="0.001">
    <error message="Cannot get Jedis connection; nested exception is redis.clients.jedis.exceptions.JedisConnectionException: Could not get a resource from the pool" type="org.springframework.data.redis.RedisConnectionFailureException">org.springframework.data.redis.RedisConnectionFailureException: Cannot get Jedis connection; nested exception is redis.clients.jedis.exceptions.JedisConnectionException: Could not get a resource from the pool
Caused by: redis.clients.jedis.exceptions.JedisConnectionException: Could not get a resource from the pool
Caused by: redis.clients.jedis.exceptions.JedisConnectionException: java.net.ConnectException: Conexão recusada
Caused by: java.net.ConnectException: Conexão recusada
</error>
  </testcase>
  <testcase name="testToArrayWithGenerics[0]" classname="org.springframework.data.redis.support.collections.RedisListTests" time="0.001">
    <error message="Cannot get Jedis connection; nested exception is redis.clients.jedis.exceptions.JedisConnectionException: Could not get a resource from the pool" type="org.springframework.data.redis.RedisConnectionFailureException">org.springframework.data.redis.RedisConnectionFailureException: Cannot get Jedis connection; nested exception is redis.clients.jedis.exceptions.JedisConnectionException: Could not get a resource from the pool
Caused by: redis.clients.jedis.exceptions.JedisConnectionException: Could not get a resource from the pool
Caused by: redis.clients.jedis.exceptions.JedisConnectionException: java.net.ConnectException: Conexão recusada
Caused by: java.net.ConnectException: Conexão recusada
</error>
  </testcase>
  <testcase name="testIsEmpty[0]" classname="org.springframework.data.redis.support.collections.RedisListTests" time="0.001">
    <error message="Cannot get Jedis connection; nested exception is redis.clients.jedis.exceptions.JedisConnectionException: Could not get a resource from the pool" type="org.springframework.data.redis.RedisConnectionFailureException">org.springframework.data.redis.RedisConnectionFailureException: Cannot get Jedis connection; nested exception is redis.clients.jedis.exceptions.JedisConnectionException: Could not get a resource from the pool
Caused by: redis.clients.jedis.exceptions.JedisConnectionException: Could not get a resource from the pool
Caused by: redis.clients.jedis.exceptions.JedisConnectionException: java.net.ConnectException: Conexão recusada
Caused by: java.net.ConnectException: Conexão recusada
</error>
  </testcase>
  <testcase name="testIsEmpty[0]" classname="org.springframework.data.redis.support.collections.RedisListTests" time="0.001">
    <error message="Cannot get Jedis connection; nested exception is redis.clients.jedis.exceptions.JedisConnectionException: Could not get a resource from the pool" type="org.springframework.data.redis.RedisConnectionFailureException">org.springframework.data.redis.RedisConnectionFailureException: Cannot get Jedis connection; nested exception is redis.clients.jedis.exceptions.JedisConnectionException: Could not get a resource from the pool
Caused by: redis.clients.jedis.exceptions.JedisConnectionException: Could not get a resource from the pool
Caused by: redis.clients.jedis.exceptions.JedisConnectionException: java.net.ConnectException: Conexão recusada
Caused by: java.net.ConnectException: Conexão recusada
</error>
  </testcase>
  <testcase name="testIterator[0]" classname="org.springframework.data.redis.support.collections.RedisListTests" time="0.001">
    <error message="Cannot get Jedis connection; nested exception is redis.clients.jedis.exceptions.JedisConnectionException: Could not get a resource from the pool" type="org.springframework.data.redis.RedisConnectionFailureException">org.springframework.data.redis.RedisConnectionFailureException: Cannot get Jedis connection; nested exception is redis.clients.jedis.exceptions.JedisConnectionException: Could not get a resource from the pool
Caused by: redis.clients.jedis.exceptions.JedisConnectionException: Could not get a resource from the pool
Caused by: redis.clients.jedis.exceptions.JedisConnectionException: java.net.ConnectException: Conexão recusada
Caused by: java.net.ConnectException: Conexão recusada
</error>
  </testcase>
  <testcase name="testIterator[0]" classname="org.springframework.data.redis.support.collections.RedisListTests" time="0.001">
    <error message="Cannot get Jedis connection; nested exception is redis.clients.jedis.exceptions.JedisConnectionException: Could not get a resource from the pool" type="org.springframework.data.redis.RedisConnectionFailureException">org.springframework.data.redis.RedisConnectionFailureException: Cannot get Jedis connection; nested exception is redis.clients.jedis.exceptions.JedisConnectionException: Could not get a resource from the pool
Caused by: redis.clients.jedis.exceptions.JedisConnectionException: Could not get a resource from the pool
Caused by: redis.clients.jedis.exceptions.JedisConnectionException: java.net.ConnectException: Conexão recusada
Caused by: java.net.ConnectException: Conexão recusada
</error>
  </testcase>
  <testcase name="testElement[1]" classname="org.springframework.data.redis.support.collections.RedisListTests" time="0.001">
    <error message="Cannot get Jedis connection; nested exception is redis.clients.jedis.exceptions.JedisConnectionException: Could not get a resource from the pool" type="org.springframework.data.redis.RedisConnectionFailureException">org.springframework.data.redis.RedisConnectionFailureException: Cannot get Jedis connection; nested exception is redis.clients.jedis.exceptions.JedisConnectionException: Could not get a resource from the pool
Caused by: redis.clients.jedis.exceptions.JedisConnectionException: Could not get a resource from the pool
Caused by: redis.clients.jedis.exceptions.JedisConnectionException: java.net.ConnectException: Conexão recusada
Caused by: java.net.ConnectException: Conexão recusada
</error>
  </testcase>
  <testcase name="testElement[1]" classname="org.springframework.data.redis.support.collections.RedisListTests" time="0.001">
    <error message="Cannot get Jedis connection; nested exception is redis.clients.jedis.exceptions.JedisConnectionException: Could not get a resource from the pool" type="org.springframework.data.redis.RedisConnectionFailureException">org.springframework.data.redis.RedisConnectionFailureException: Cannot get Jedis connection; nested exception is redis.clients.jedis.exceptions.JedisConnectionException: Could not get a resource from the pool
Caused by: redis.clients.jedis.exceptions.JedisConnectionException: Could not get a resource from the pool
Caused by: redis.clients.jedis.exceptions.JedisConnectionException: java.net.ConnectException: Conexão recusada
Caused by: java.net.ConnectException: Conexão recusada
</error>
  </testcase>
  <testcase name="testPutFirst[1]" classname="org.springframework.data.redis.support.collections.RedisListTests" time="0.001">
    <error message="Cannot get Jedis connection; nested exception is redis.clients.jedis.exceptions.JedisConnectionException: Could not get a resource from the pool" type="org.springframework.data.redis.RedisConnectionFailureException">org.springframework.data.redis.RedisConnectionFailureException: Cannot get Jedis connection; nested exception is redis.clients.jedis.exceptions.JedisConnectionException: Could not get a resource from the pool
Caused by: redis.clients.jedis.exceptions.JedisConnectionException: Could not get a resource from the pool
Caused by: redis.clients.jedis.exceptions.JedisConnectionException: java.net.ConnectException: Conexão recusada
Caused by: java.net.ConnectException: Conexão recusada
</error>
  </testcase>
  <testcase name="testPutFirst[1]" classname="org.springframework.data.redis.support.collections.RedisListTests" time="0.001">
    <error message="Cannot get Jedis connection; nested exception is redis.clients.jedis.exceptions.JedisConnectionException: Could not get a resource from the pool" type="org.springframework.data.redis.RedisConnectionFailureException">org.springframework.data.redis.RedisConnectionFailureException: Cannot get Jedis connection; nested exception is redis.clients.jedis.exceptions.JedisConnectionException: Could not get a resource from the pool
Caused by: redis.clients.jedis.exceptions.JedisConnectionException: Could not get a resource from the pool
Caused by: redis.clients.jedis.exceptions.JedisConnectionException: java.net.ConnectException: Conexão recusada
Caused by: java.net.ConnectException: Conexão recusada
</error>
  </testcase>
  <testcase name="testPollLastTimeout[1]" classname="org.springframework.data.redis.support.collections.RedisListTests" time="0.001">
    <error message="Cannot get Jedis connection; nested exception is redis.clients.jedis.exceptions.JedisConnectionException: Could not get a resource from the pool" type="org.springframework.data.redis.RedisConnectionFailureException">org.springframework.data.redis.RedisConnectionFailureException: Cannot get Jedis connection; nested exception is redis.clients.jedis.exceptions.JedisConnectionException: Could not get a resource from the pool
Caused by: redis.clients.jedis.exceptions.JedisConnectionException: Could not get a resource from the pool
Caused by: redis.clients.jedis.exceptions.JedisConnectionException: java.net.ConnectException: Conexão recusada
Caused by: java.net.ConnectException: Conexão recusada
</error>
  </testcase>
  <testcase name="testPollLastTimeout[1]" classname="org.springframework.data.redis.support.collections.RedisListTests" time="0.001">
    <error message="Cannot get Jedis connection; nested exception is redis.clients.jedis.exceptions.JedisConnectionException: Could not get a resource from the pool" type="org.springframework.data.redis.RedisConnectionFailureException">org.springframework.data.redis.RedisConnectionFailureException: Cannot get Jedis connection; nested exception is redis.clients.jedis.exceptions.JedisConnectionException: Could not get a resource from the pool
Caused by: redis.clients.jedis.exceptions.JedisConnectionException: Could not get a resource from the pool
Caused by: redis.clients.jedis.exceptions.JedisConnectionException: java.net.ConnectException: Conexão recusada
Caused by: java.net.ConnectException: Conexão recusada
</error>
  </testcase>
  <testcase name="testPeekFirst[1]" classname="org.springframework.data.redis.support.collections.RedisListTests" time="0.001">
    <error message="Cannot get Jedis connection; nested exception is redis.clients.jedis.exceptions.JedisConnectionException: Could not get a resource from the pool" type="org.springframework.data.redis.RedisConnectionFailureException">org.springframework.data.redis.RedisConnectionFailureException: Cannot get Jedis connection; nested exception is redis.clients.jedis.exceptions.JedisConnectionException: Could not get a resource from the pool
Caused by: redis.clients.jedis.exceptions.JedisConnectionException: Could not get a resource from the pool
Caused by: redis.clients.jedis.exceptions.JedisConnectionException: java.net.ConnectException: Conexão recusada
Caused by: java.net.ConnectException: Conexão recusada
</error>
  </testcase>
  <testcase name="testPeekFirst[1]" classname="org.springframework.data.redis.support.collections.RedisListTests" time="0.001">
    <error message="Cannot get Jedis connection; nested exception is redis.clients.jedis.exceptions.JedisConnectionException: Could not get a resource from the pool" type="org.springframework.data.redis.RedisConnectionFailureException">org.springframework.data.redis.RedisConnectionFailureException: Cannot get Jedis connection; nested exception is redis.clients.jedis.exceptions.JedisConnectionException: Could not get a resource from the pool
Caused by: redis.clients.jedis.exceptions.JedisConnectionException: Could not get a resource from the pool
Caused by: redis.clients.jedis.exceptions.JedisConnectionException: java.net.ConnectException: Conexão recusada
Caused by: java.net.ConnectException: Conexão recusada
</error>
  </testcase>
  <testcase name="testOfferLast[1]" classname="org.springframework.data.redis.support.collections.RedisListTests" time="0.001">
    <error message="Cannot get Jedis connection; nested exception is redis.clients.jedis.exceptions.JedisConnectionException: Could not get a resource from the pool" type="org.springframework.data.redis.RedisConnectionFailureException">org.springframework.data.redis.RedisConnectionFailureException: Cannot get Jedis connection; nested exception is redis.clients.jedis.exceptions.JedisConnectionException: Could not get a resource from the pool
Caused by: redis.clients.jedis.exceptions.JedisConnectionException: Could not get a resource from the pool
Caused by: redis.clients.jedis.exceptions.JedisConnectionException: java.net.ConnectException: Conexão recusada
Caused by: java.net.ConnectException: Conexão recusada
</error>
  </testcase>
  <testcase name="testOfferLast[1]" classname="org.springframework.data.redis.support.collections.RedisListTests" time="0.001">
    <error message="Cannot get Jedis connection; nested exception is redis.clients.jedis.exceptions.JedisConnectionException: Could not get a resource from the pool" type="org.springframework.data.redis.RedisConnectionFailureException">org.springframework.data.redis.RedisConnectionFailureException: Cannot get Jedis connection; nested exception is redis.clients.jedis.exceptions.JedisConnectionException: Could not get a resource from the pool
Caused by: redis.clients.jedis.exceptions.JedisConnectionException: Could not get a resource from the pool
Caused by: redis.clients.jedis.exceptions.JedisConnectionException: java.net.ConnectException: Conexão recusada
Caused by: java.net.ConnectException: Conexão recusada
</error>
  </testcase>
  <testcase name="testGetFirst[1]" classname="org.springframework.data.redis.support.collections.RedisListTests" time="0.001">
    <error message="Cannot get Jedis connection; nested exception is redis.clients.jedis.exceptions.JedisConnectionException: Could not get a resource from the pool" type="org.springframework.data.redis.RedisConnectionFailureException">org.springframework.data.redis.RedisConnectionFailureException: Cannot get Jedis connection; nested exception is redis.clients.jedis.exceptions.JedisConnectionException: Could not get a resource from the pool
Caused by: redis.clients.jedis.exceptions.JedisConnectionException: Could not get a resource from the pool
Caused by: redis.clients.jedis.exceptions.JedisConnectionException: java.net.ConnectException: Conexão recusada
Caused by: java.net.ConnectException: Conexão recusada
</error>
  </testcase>
  <testcase name="testGetFirst[1]" classname="org.springframework.data.redis.support.collections.RedisListTests" time="0.001">
    <error message="Cannot get Jedis connection; nested exception is redis.clients.jedis.exceptions.JedisConnectionException: Could not get a resource from the pool" type="org.springframework.data.redis.RedisConnectionFailureException">org.springframework.data.redis.RedisConnectionFailureException: Cannot get Jedis connection; nested exception is redis.clients.jedis.exceptions.JedisConnectionException: Could not get a resource from the pool
Caused by: redis.clients.jedis.exceptions.JedisConnectionException: Could not get a resource from the pool
Caused by: redis.clients.jedis.exceptions.JedisConnectionException: java.net.ConnectException: Conexão recusada
Caused by: java.net.ConnectException: Conexão recusada
</error>
  </testcase>
  <testcase name="testAddLast[1]" classname="org.springframework.data.redis.support.collections.RedisListTests" time="0.001">
    <error message="Cannot get Jedis connection; nested exception is redis.clients.jedis.exceptions.JedisConnectionException: Could not get a resource from the pool" type="org.springframework.data.redis.RedisConnectionFailureException">org.springframework.data.redis.RedisConnectionFailureException: Cannot get Jedis connection; nested exception is redis.clients.jedis.exceptions.JedisConnectionException: Could not get a resource from the pool
Caused by: redis.clients.jedis.exceptions.JedisConnectionException: Could not get a resource from the pool
Caused by: redis.clients.jedis.exceptions.JedisConnectionException: java.net.ConnectException: Conexão recusada
Caused by: java.net.ConnectException: Conexão recusada
</error>
  </testcase>
  <testcase name="testAddLast[1]" classname="org.springframework.data.redis.support.collections.RedisListTests" time="0.002">
    <error message="Cannot get Jedis connection; nested exception is redis.clients.jedis.exceptions.JedisConnectionException: Could not get a resource from the pool" type="org.springframework.data.redis.RedisConnectionFailureException">org.springframework.data.redis.RedisConnectionFailureException: Cannot get Jedis connection; nested exception is redis.clients.jedis.exceptions.JedisConnectionException: Could not get a resource from the pool
Caused by: redis.clients.jedis.exceptions.JedisConnectionException: Could not get a resource from the pool
Caused by: redis.clients.jedis.exceptions.JedisConnectionException: java.net.ConnectException: Conexão recusada
Caused by: java.net.ConnectException: Conexão recusada
</error>
  </testcase>
  <testcase name="testPop[1]" classname="org.springframework.data.redis.support.collections.RedisListTests" time="0.001">
    <error message="Cannot get Jedis connection; nested exception is redis.clients.jedis.exceptions.JedisConnectionException: Could not get a resource from the pool" type="org.springframework.data.redis.RedisConnectionFailureException">org.springframework.data.redis.RedisConnectionFailureException: Cannot get Jedis connection; nested exception is redis.clients.jedis.exceptions.JedisConnectionException: Could not get a resource from the pool
Caused by: redis.clients.jedis.exceptions.JedisConnectionException: Could not get a resource from the pool
Caused by: redis.clients.jedis.exceptions.JedisConnectionException: java.net.ConnectException: Conexão recusada
Caused by: java.net.ConnectException: Conexão recusada
</error>
  </testcase>
  <testcase name="testPop[1]" classname="org.springframework.data.redis.support.collections.RedisListTests" time="0.001">
    <error message="Cannot get Jedis connection; nested exception is redis.clients.jedis.exceptions.JedisConnectionException: Could not get a resource from the pool" type="org.springframework.data.redis.RedisConnectionFailureException">org.springframework.data.redis.RedisConnectionFailureException: Cannot get Jedis connection; nested exception is redis.clients.jedis.exceptions.JedisConnectionException: Could not get a resource from the pool
Caused by: redis.clients.jedis.exceptions.JedisConnectionException: Could not get a resource from the pool
Caused by: redis.clients.jedis.exceptions.JedisConnectionException: java.net.ConnectException: Conexão recusada
Caused by: java.net.ConnectException: Conexão recusada
</error>
  </testcase>
  <testcase name="testPut[1]" classname="org.springframework.data.redis.support.collections.RedisListTests" time="0.001">
    <error message="Cannot get Jedis connection; nested exception is redis.clients.jedis.exceptions.JedisConnectionException: Could not get a resource from the pool" type="org.springframework.data.redis.RedisConnectionFailureException">org.springframework.data.redis.RedisConnectionFailureException: Cannot get Jedis connection; nested exception is redis.clients.jedis.exceptions.JedisConnectionException: Could not get a resource from the pool
Caused by: redis.clients.jedis.exceptions.JedisConnectionException: Could not get a resource from the pool
Caused by: redis.clients.jedis.exceptions.JedisConnectionException: java.net.ConnectException: Conexão recusada
Caused by: java.net.ConnectException: Conexão recusada
</error>
  </testcase>
  <testcase name="testPut[1]" classname="org.springframework.data.redis.support.collections.RedisListTests" time="0.001">
    <error message="Cannot get Jedis connection; nested exception is redis.clients.jedis.exceptions.JedisConnectionException: Could not get a resource from the pool" type="org.springframework.data.redis.RedisConnectionFailureException">org.springframework.data.redis.RedisConnectionFailureException: Cannot get Jedis connection; nested exception is redis.clients.jedis.exceptions.JedisConnectionException: Could not get a resource from the pool
Caused by: redis.clients.jedis.exceptions.JedisConnectionException: Could not get a resource from the pool
Caused by: redis.clients.jedis.exceptions.JedisConnectionException: java.net.ConnectException: Conexão recusada
Caused by: java.net.ConnectException: Conexão recusada
</error>
  </testcase>
  <testcase name="testSet[1]" classname="org.springframework.data.redis.support.collections.RedisListTests" time="0.001">
    <error message="Cannot get Jedis connection; nested exception is redis.clients.jedis.exceptions.JedisConnectionException: Could not get a resource from the pool" type="org.springframework.data.redis.RedisConnectionFailureException">org.springframework.data.redis.RedisConnectionFailureException: Cannot get Jedis connection; nested exception is redis.clients.jedis.exceptions.JedisConnectionException: Could not get a resource from the pool
Caused by: redis.clients.jedis.exceptions.JedisConnectionException: Could not get a resource from the pool
Caused by: redis.clients.jedis.exceptions.JedisConnectionException: java.net.ConnectException: Conexão recusada
Caused by: java.net.ConnectException: Conexão recusada
</error>
  </testcase>
  <testcase name="testSet[1]" classname="org.springframework.data.redis.support.collections.RedisListTests" time="0.001">
    <error message="Cannot get Jedis connection; nested exception is redis.clients.jedis.exceptions.JedisConnectionException: Could not get a resource from the pool" type="org.springframework.data.redis.RedisConnectionFailureException">org.springframework.data.redis.RedisConnectionFailureException: Cannot get Jedis connection; nested exception is redis.clients.jedis.exceptions.JedisConnectionException: Could not get a resource from the pool
Caused by: redis.clients.jedis.exceptions.JedisConnectionException: Could not get a resource from the pool
Caused by: redis.clients.jedis.exceptions.JedisConnectionException: java.net.ConnectException: Conexão recusada
Caused by: java.net.ConnectException: Conexão recusada
</error>
  </testcase>
  <testcase name="testOffer[1]" classname="org.springframework.data.redis.support.collections.RedisListTests" time="0.001">
    <error message="Cannot get Jedis connection; nested exception is redis.clients.jedis.exceptions.JedisConnectionException: Could not get a resource from the pool" type="org.springframework.data.redis.RedisConnectionFailureException">org.springframework.data.redis.RedisConnectionFailureException: Cannot get Jedis connection; nested exception is redis.clients.jedis.exceptions.JedisConnectionException: Could not get a resource from the pool
Caused by: redis.clients.jedis.exceptions.JedisConnectionException: Could not get a resource from the pool
Caused by: redis.clients.jedis.exceptions.JedisConnectionException: java.net.ConnectException: Conexão recusada
Caused by: java.net.ConnectException: Conexão recusada
</error>
  </testcase>
  <testcase name="testOffer[1]" classname="org.springframework.data.redis.support.collections.RedisListTests" time="0.001">
    <error message="Cannot get Jedis connection; nested exception is redis.clients.jedis.exceptions.JedisConnectionException: Could not get a resource from the pool" type="org.springframework.data.redis.RedisConnectionFailureException">org.springframework.data.redis.RedisConnectionFailureException: Cannot get Jedis connection; nested exception is redis.clients.jedis.exceptions.JedisConnectionException: Could not get a resource from the pool
Caused by: redis.clients.jedis.exceptions.JedisConnectionException: Could not get a resource from the pool
Caused by: redis.clients.jedis.exceptions.JedisConnectionException: java.net.ConnectException: Conexão recusada
Caused by: java.net.ConnectException: Conexão recusada
</error>
  </testcase>
  <testcase name="testRange[1]" classname="org.springframework.data.redis.support.collections.RedisListTests" time="0.001">
    <error message="Cannot get Jedis connection; nested exception is redis.clients.jedis.exceptions.JedisConnectionException: Could not get a resource from the pool" type="org.springframework.data.redis.RedisConnectionFailureException">org.springframework.data.redis.RedisConnectionFailureException: Cannot get Jedis connection; nested exception is redis.clients.jedis.exceptions.JedisConnectionException: Could not get a resource from the pool
Caused by: redis.clients.jedis.exceptions.JedisConnectionException: Could not get a resource from the pool
Caused by: redis.clients.jedis.exceptions.JedisConnectionException: java.net.ConnectException: Conexão recusada
Caused by: java.net.ConnectException: Conexão recusada
</error>
  </testcase>
  <testcase name="testRange[1]" classname="org.springframework.data.redis.support.collections.RedisListTests" time="0.001">
    <error message="Cannot get Jedis connection; nested exception is redis.clients.jedis.exceptions.JedisConnectionException: Could not get a resource from the pool" type="org.springframework.data.redis.RedisConnectionFailureException">org.springframework.data.redis.RedisConnectionFailureException: Cannot get Jedis connection; nested exception is redis.clients.jedis.exceptions.JedisConnectionException: Could not get a resource from the pool
Caused by: redis.clients.jedis.exceptions.JedisConnectionException: Could not get a resource from the pool
Caused by: redis.clients.jedis.exceptions.JedisConnectionException: java.net.ConnectException: Conexão recusada
Caused by: java.net.ConnectException: Conexão recusada
</error>
  </testcase>
  <testcase name="testLast[1]" classname="org.springframework.data.redis.support.collections.RedisListTests" time="0.001">
    <error message="Cannot get Jedis connection; nested exception is redis.clients.jedis.exceptions.JedisConnectionException: Could not get a resource from the pool" type="org.springframework.data.redis.RedisConnectionFailureException">org.springframework.data.redis.RedisConnectionFailureException: Cannot get Jedis connection; nested exception is redis.clients.jedis.exceptions.JedisConnectionException: Could not get a resource from the pool
Caused by: redis.clients.jedis.exceptions.JedisConnectionException: Could not get a resource from the pool
Caused by: redis.clients.jedis.exceptions.JedisConnectionException: java.net.ConnectException: Conexão recusada
Caused by: java.net.ConnectException: Conexão recusada
</error>
  </testcase>
  <testcase name="testLast[1]" classname="org.springframework.data.redis.support.collections.RedisListTests" time="0.001">
    <error message="Cannot get Jedis connection; nested exception is redis.clients.jedis.exceptions.JedisConnectionException: Could not get a resource from the pool" type="org.springframework.data.redis.RedisConnectionFailureException">org.springframework.data.redis.RedisConnectionFailureException: Cannot get Jedis connection; nested exception is redis.clients.jedis.exceptions.JedisConnectionException: Could not get a resource from the pool
Caused by: redis.clients.jedis.exceptions.JedisConnectionException: Could not get a resource from the pool
Caused by: redis.clients.jedis.exceptions.JedisConnectionException: java.net.ConnectException: Conexão recusada
Caused by: java.net.ConnectException: Conexão recusada
</error>
  </testcase>
  <testcase name="testPeek[1]" classname="org.springframework.data.redis.support.collections.RedisListTests" time="0">
    <error message="Cannot get Jedis connection; nested exception is redis.clients.jedis.exceptions.JedisConnectionException: Could not get a resource from the pool" type="org.springframework.data.redis.RedisConnectionFailureException">org.springframework.data.redis.RedisConnectionFailureException: Cannot get Jedis connection; nested exception is redis.clients.jedis.exceptions.JedisConnectionException: Could not get a resource from the pool
Caused by: redis.clients.jedis.exceptions.JedisConnectionException: Could not get a resource from the pool
Caused by: redis.clients.jedis.exceptions.JedisConnectionException: java.net.ConnectException: Conexão recusada
Caused by: java.net.ConnectException: Conexão recusada
</error>
  </testcase>
  <testcase name="testPeek[1]" classname="org.springframework.data.redis.support.collections.RedisListTests" time="0.001">
    <error message="Cannot get Jedis connection; nested exception is redis.clients.jedis.exceptions.JedisConnectionException: Could not get a resource from the pool" type="org.springframework.data.redis.RedisConnectionFailureException">org.springframework.data.redis.RedisConnectionFailureException: Cannot get Jedis connection; nested exception is redis.clients.jedis.exceptions.JedisConnectionException: Could not get a resource from the pool
Caused by: redis.clients.jedis.exceptions.JedisConnectionException: Could not get a resource from the pool
Caused by: redis.clients.jedis.exceptions.JedisConnectionException: java.net.ConnectException: Conexão recusada
Caused by: java.net.ConnectException: Conexão recusada
</error>
  </testcase>
  <testcase name="testPoll[1]" classname="org.springframework.data.redis.support.collections.RedisListTests" time="0">
    <error message="Cannot get Jedis connection; nested exception is redis.clients.jedis.exceptions.JedisConnectionException: Could not get a resource from the pool" type="org.springframework.data.redis.RedisConnectionFailureException">org.springframework.data.redis.RedisConnectionFailureException: Cannot get Jedis connection; nested exception is redis.clients.jedis.exceptions.JedisConnectionException: Could not get a resource from the pool
Caused by: redis.clients.jedis.exceptions.JedisConnectionException: Could not get a resource from the pool
Caused by: redis.clients.jedis.exceptions.JedisConnectionException: java.net.ConnectException: Conexão recusada
Caused by: java.net.ConnectException: Conexão recusada
</error>
  </testcase>
  <testcase name="testPoll[1]" classname="org.springframework.data.redis.support.collections.RedisListTests" time="0.001">
    <error message="Cannot get Jedis connection; nested exception is redis.clients.jedis.exceptions.JedisConnectionException: Could not get a resource from the pool" type="org.springframework.data.redis.RedisConnectionFailureException">org.springframework.data.redis.RedisConnectionFailureException: Cannot get Jedis connection; nested exception is redis.clients.jedis.exceptions.JedisConnectionException: Could not get a resource from the pool
Caused by: redis.clients.jedis.exceptions.JedisConnectionException: Could not get a resource from the pool
Caused by: redis.clients.jedis.exceptions.JedisConnectionException: java.net.ConnectException: Conexão recusada
Caused by: java.net.ConnectException: Conexão recusada
</error>
  </testcase>
  <testcase name="testTake[1]" classname="org.springframework.data.redis.support.collections.RedisListTests" time="0">
    <error message="Cannot get Jedis connection; nested exception is redis.clients.jedis.exceptions.JedisConnectionException: Could not get a resource from the pool" type="org.springframework.data.redis.RedisConnectionFailureException">org.springframework.data.redis.RedisConnectionFailureException: Cannot get Jedis connection; nested exception is redis.clients.jedis.exceptions.JedisConnectionException: Could not get a resource from the pool
Caused by: redis.clients.jedis.exceptions.JedisConnectionException: Could not get a resource from the pool
Caused by: redis.clients.jedis.exceptions.JedisConnectionException: java.net.ConnectException: Conexão recusada
Caused by: java.net.ConnectException: Conexão recusada
</error>
  </testcase>
  <testcase name="testTake[1]" classname="org.springframework.data.redis.support.collections.RedisListTests" time="0">
    <error message="Cannot get Jedis connection; nested exception is redis.clients.jedis.exceptions.JedisConnectionException: Could not get a resource from the pool" type="org.springframework.data.redis.RedisConnectionFailureException">org.springframework.data.redis.RedisConnectionFailureException: Cannot get Jedis connection; nested exception is redis.clients.jedis.exceptions.JedisConnectionException: Could not get a resource from the pool
Caused by: redis.clients.jedis.exceptions.JedisConnectionException: Could not get a resource from the pool
Caused by: redis.clients.jedis.exceptions.JedisConnectionException: java.net.ConnectException: Conexão recusada
Caused by: java.net.ConnectException: Conexão recusada
</error>
  </testcase>
  <testcase name="testTrim[1]" classname="org.springframework.data.redis.support.collections.RedisListTests" time="0">
    <error message="Cannot get Jedis connection; nested exception is redis.clients.jedis.exceptions.JedisConnectionException: Could not get a resource from the pool" type="org.springframework.data.redis.RedisConnectionFailureException">org.springframework.data.redis.RedisConnectionFailureException: Cannot get Jedis connection; nested exception is redis.clients.jedis.exceptions.JedisConnectionException: Could not get a resource from the pool
Caused by: redis.clients.jedis.exceptions.JedisConnectionException: Could not get a resource from the pool
Caused by: redis.clients.jedis.exceptions.JedisConnectionException: java.net.ConnectException: Conexão recusada
Caused by: java.net.ConnectException: Conexão recusada
</error>
  </testcase>
  <testcase name="testTrim[1]" classname="org.springframework.data.redis.support.collections.RedisListTests" time="0">
    <error message="Cannot get Jedis connection; nested exception is redis.clients.jedis.exceptions.JedisConnectionException: Could not get a resource from the pool" type="org.springframework.data.redis.RedisConnectionFailureException">org.springframework.data.redis.RedisConnectionFailureException: Cannot get Jedis connection; nested exception is redis.clients.jedis.exceptions.JedisConnectionException: Could not get a resource from the pool
Caused by: redis.clients.jedis.exceptions.JedisConnectionException: Could not get a resource from the pool
Caused by: redis.clients.jedis.exceptions.JedisConnectionException: java.net.ConnectException: Conexão recusada
Caused by: java.net.ConnectException: Conexão recusada
</error>
  </testcase>
  <testcase name="testDrainToCollection[1]" classname="org.springframework.data.redis.support.collections.RedisListTests" time="0.001">
    <error message="Cannot get Jedis connection; nested exception is redis.clients.jedis.exceptions.JedisConnectionException: Could not get a resource from the pool" type="org.springframework.data.redis.RedisConnectionFailureException">org.springframework.data.redis.RedisConnectionFailureException: Cannot get Jedis connection; nested exception is redis.clients.jedis.exceptions.JedisConnectionException: Could not get a resource from the pool
Caused by: redis.clients.jedis.exceptions.JedisConnectionException: Could not get a resource from the pool
Caused by: redis.clients.jedis.exceptions.JedisConnectionException: java.net.ConnectException: Conexão recusada
Caused by: java.net.ConnectException: Conexão recusada
</error>
  </testcase>
  <testcase name="testDrainToCollection[1]" classname="org.springframework.data.redis.support.collections.RedisListTests" time="0.001">
    <error message="Cannot get Jedis connection; nested exception is redis.clients.jedis.exceptions.JedisConnectionException: Could not get a resource from the pool" type="org.springframework.data.redis.RedisConnectionFailureException">org.springframework.data.redis.RedisConnectionFailureException: Cannot get Jedis connection; nested exception is redis.clients.jedis.exceptions.JedisConnectionException: Could not get a resource from the pool
Caused by: redis.clients.jedis.exceptions.JedisConnectionException: Could not get a resource from the pool
Caused by: redis.clients.jedis.exceptions.JedisConnectionException: java.net.ConnectException: Conexão recusada
Caused by: java.net.ConnectException: Conexão recusada
</error>
  </testcase>
  <testcase name="testRemoveFirst[1]" classname="org.springframework.data.redis.support.collections.RedisListTests" time="0.001">
    <error message="Cannot get Jedis connection; nested exception is redis.clients.jedis.exceptions.JedisConnectionException: Could not get a resource from the pool" type="org.springframework.data.redis.RedisConnectionFailureException">org.springframework.data.redis.RedisConnectionFailureException: Cannot get Jedis connection; nested exception is redis.clients.jedis.exceptions.JedisConnectionException: Could not get a resource from the pool
Caused by: redis.clients.jedis.exceptions.JedisConnectionException: Could not get a resource from the pool
Caused by: redis.clients.jedis.exceptions.JedisConnectionException: java.net.ConnectException: Conexão recusada
Caused by: java.net.ConnectException: Conexão recusada
</error>
  </testcase>
  <testcase name="testRemoveFirst[1]" classname="org.springframework.data.redis.support.collections.RedisListTests" time="0.001">
    <error message="Cannot get Jedis connection; nested exception is redis.clients.jedis.exceptions.JedisConnectionException: Could not get a resource from the pool" type="org.springframework.data.redis.RedisConnectionFailureException">org.springframework.data.redis.RedisConnectionFailureException: Cannot get Jedis connection; nested exception is redis.clients.jedis.exceptions.JedisConnectionException: Could not get a resource from the pool
Caused by: redis.clients.jedis.exceptions.JedisConnectionException: Could not get a resource from the pool
Caused by: redis.clients.jedis.exceptions.JedisConnectionException: java.net.ConnectException: Conexão recusada
Caused by: java.net.ConnectException: Conexão recusada
</error>
  </testcase>
  <testcase name="testRemoveIndex[1]" classname="org.springframework.data.redis.support.collections.RedisListTests" time="0.001">
    <error message="Cannot get Jedis connection; nested exception is redis.clients.jedis.exceptions.JedisConnectionException: Could not get a resource from the pool" type="org.springframework.data.redis.RedisConnectionFailureException">org.springframework.data.redis.RedisConnectionFailureException: Cannot get Jedis connection; nested exception is redis.clients.jedis.exceptions.JedisConnectionException: Could not get a resource from the pool
Caused by: redis.clients.jedis.exceptions.JedisConnectionException: Could not get a resource from the pool
Caused by: redis.clients.jedis.exceptions.JedisConnectionException: java.net.ConnectException: Conexão recusada
Caused by: java.net.ConnectException: Conexão recusada
</error>
  </testcase>
  <testcase name="testPutLast[1]" classname="org.springframework.data.redis.support.collections.RedisListTests" time="0">
    <error message="Cannot get Jedis connection; nested exception is redis.clients.jedis.exceptions.JedisConnectionException: Could not get a resource from the pool" type="org.springframework.data.redis.RedisConnectionFailureException">org.springframework.data.redis.RedisConnectionFailureException: Cannot get Jedis connection; nested exception is redis.clients.jedis.exceptions.JedisConnectionException: Could not get a resource from the pool
Caused by: redis.clients.jedis.exceptions.JedisConnectionException: Could not get a resource from the pool
Caused by: redis.clients.jedis.exceptions.JedisConnectionException: java.net.ConnectException: Conexão recusada
Caused by: java.net.ConnectException: Conexão recusada
</error>
  </testcase>
  <testcase name="testPutLast[1]" classname="org.springframework.data.redis.support.collections.RedisListTests" time="0.001">
    <error message="Cannot get Jedis connection; nested exception is redis.clients.jedis.exceptions.JedisConnectionException: Could not get a resource from the pool" type="org.springframework.data.redis.RedisConnectionFailureException">org.springframework.data.redis.RedisConnectionFailureException: Cannot get Jedis connection; nested exception is redis.clients.jedis.exceptions.JedisConnectionException: Could not get a resource from the pool
Caused by: redis.clients.jedis.exceptions.JedisConnectionException: Could not get a resource from the pool
Caused by: redis.clients.jedis.exceptions.JedisConnectionException: java.net.ConnectException: Conexão recusada
Caused by: java.net.ConnectException: Conexão recusada
</error>
  </testcase>
  <testcase name="testOfferFirst[1]" classname="org.springframework.data.redis.support.collections.RedisListTests" time="0">
    <error message="Cannot get Jedis connection; nested exception is redis.clients.jedis.exceptions.JedisConnectionException: Could not get a resource from the pool" type="org.springframework.data.redis.RedisConnectionFailureException">org.springframework.data.redis.RedisConnectionFailureException: Cannot get Jedis connection; nested exception is redis.clients.jedis.exceptions.JedisConnectionException: Could not get a resource from the pool
Caused by: redis.clients.jedis.exceptions.JedisConnectionException: Could not get a resource from the pool
Caused by: redis.clients.jedis.exceptions.JedisConnectionException: java.net.ConnectException: Conexão recusada
Caused by: java.net.ConnectException: Conexão recusada
</error>
  </testcase>
  <testcase name="testOfferFirst[1]" classname="org.springframework.data.redis.support.collections.RedisListTests" time="0.001">
    <error message="Cannot get Jedis connection; nested exception is redis.clients.jedis.exceptions.JedisConnectionException: Could not get a resource from the pool" type="org.springframework.data.redis.RedisConnectionFailureException">org.springframework.data.redis.RedisConnectionFailureException: Cannot get Jedis connection; nested exception is redis.clients.jedis.exceptions.JedisConnectionException: Could not get a resource from the pool
Caused by: redis.clients.jedis.exceptions.JedisConnectionException: Could not get a resource from the pool
Caused by: redis.clients.jedis.exceptions.JedisConnectionException: java.net.ConnectException: Conexão recusada
Caused by: java.net.ConnectException: Conexão recusada
</error>
  </testcase>
  <testcase name="testDescendingIterator[1]" classname="org.springframework.data.redis.support.collections.RedisListTests" time="0">
    <error message="Cannot get Jedis connection; nested exception is redis.clients.jedis.exceptions.JedisConnectionException: Could not get a resource from the pool" type="org.springframework.data.redis.RedisConnectionFailureException">org.springframework.data.redis.RedisConnectionFailureException: Cannot get Jedis connection; nested exception is redis.clients.jedis.exceptions.JedisConnectionException: Could not get a resource from the pool
Caused by: redis.clients.jedis.exceptions.JedisConnectionException: Could not get a resource from the pool
Caused by: redis.clients.jedis.exceptions.JedisConnectionException: java.net.ConnectException: Conexão recusada
Caused by: java.net.ConnectException: Conexão recusada
</error>
  </testcase>
  <testcase name="testDescendingIterator[1]" classname="org.springframework.data.redis.support.collections.RedisListTests" time="0">
    <error message="Cannot get Jedis connection; nested exception is redis.clients.jedis.exceptions.JedisConnectionException: Could not get a resource from the pool" type="org.springframework.data.redis.RedisConnectionFailureException">org.springframework.data.redis.RedisConnectionFailureException: Cannot get Jedis connection; nested exception is redis.clients.jedis.exceptions.JedisConnectionException: Could not get a resource from the pool
Caused by: redis.clients.jedis.exceptions.JedisConnectionException: Could not get a resource from the pool
Caused by: redis.clients.jedis.exceptions.JedisConnectionException: java.net.ConnectException: Conexão recusada
Caused by: java.net.ConnectException: Conexão recusada
</error>
  </testcase>
  <testcase name="testAddFirst[1]" classname="org.springframework.data.redis.support.collections.RedisListTests" time="0.001">
    <error message="Cannot get Jedis connection; nested exception is redis.clients.jedis.exceptions.JedisConnectionException: Could not get a resource from the pool" type="org.springframework.data.redis.RedisConnectionFailureException">org.springframework.data.redis.RedisConnectionFailureException: Cannot get Jedis connection; nested exception is redis.clients.jedis.exceptions.JedisConnectionException: Could not get a resource from the pool
Caused by: redis.clients.jedis.exceptions.JedisConnectionException: Could not get a resource from the pool
Caused by: redis.clients.jedis.exceptions.JedisConnectionException: java.net.ConnectException: Conexão recusada
Caused by: java.net.ConnectException: Conexão recusada
</error>
  </testcase>
  <testcase name="testAddFirst[1]" classname="org.springframework.data.redis.support.collections.RedisListTests" time="0.001">
    <error message="Cannot get Jedis connection; nested exception is redis.clients.jedis.exceptions.JedisConnectionException: Could not get a resource from the pool" type="org.springframework.data.redis.RedisConnectionFailureException">org.springframework.data.redis.RedisConnectionFailureException: Cannot get Jedis connection; nested exception is redis.clients.jedis.exceptions.JedisConnectionException: Could not get a resource from the pool
Caused by: redis.clients.jedis.exceptions.JedisConnectionException: Could not get a resource from the pool
Caused by: redis.clients.jedis.exceptions.JedisConnectionException: java.net.ConnectException: Conexão recusada
Caused by: java.net.ConnectException: Conexão recusada
</error>
  </testcase>
  <testcase name="testDrainToCollectionWithMaxElements[1]" classname="org.springframework.data.redis.support.collections.RedisListTests" time="0.001">
    <error message="Cannot get Jedis connection; nested exception is redis.clients.jedis.exceptions.JedisConnectionException: Could not get a resource from the pool" type="org.springframework.data.redis.RedisConnectionFailureException">org.springframework.data.redis.RedisConnectionFailureException: Cannot get Jedis connection; nested exception is redis.clients.jedis.exceptions.JedisConnectionException: Could not get a resource from the pool
Caused by: redis.clients.jedis.exceptions.JedisConnectionException: Could not get a resource from the pool
Caused by: redis.clients.jedis.exceptions.JedisConnectionException: java.net.ConnectException: Conexão recusada
Caused by: java.net.ConnectException: Conexão recusada
</error>
  </testcase>
  <testcase name="testDrainToCollectionWithMaxElements[1]" classname="org.springframework.data.redis.support.collections.RedisListTests" time="0.001">
    <error message="Cannot get Jedis connection; nested exception is redis.clients.jedis.exceptions.JedisConnectionException: Could not get a resource from the pool" type="org.springframework.data.redis.RedisConnectionFailureException">org.springframework.data.redis.RedisConnectionFailureException: Cannot get Jedis connection; nested exception is redis.clients.jedis.exceptions.JedisConnectionException: Could not get a resource from the pool
Caused by: redis.clients.jedis.exceptions.JedisConnectionException: Could not get a resource from the pool
Caused by: redis.clients.jedis.exceptions.JedisConnectionException: java.net.ConnectException: Conexão recusada
Caused by: java.net.ConnectException: Conexão recusada
</error>
  </testcase>
  <testcase name="testTakeLast[1]" classname="org.springframework.data.redis.support.collections.RedisListTests" time="0.001">
    <error message="Cannot get Jedis connection; nested exception is redis.clients.jedis.exceptions.JedisConnectionException: Could not get a resource from the pool" type="org.springframework.data.redis.RedisConnectionFailureException">org.springframework.data.redis.RedisConnectionFailureException: Cannot get Jedis connection; nested exception is redis.clients.jedis.exceptions.JedisConnectionException: Could not get a resource from the pool
Caused by: redis.clients.jedis.exceptions.JedisConnectionException: Could not get a resource from the pool
Caused by: redis.clients.jedis.exceptions.JedisConnectionException: java.net.ConnectException: Conexão recusada
Caused by: java.net.ConnectException: Conexão recusada
</error>
  </testcase>
  <testcase name="testTakeLast[1]" classname="org.springframework.data.redis.support.collections.RedisListTests" time="0.001">
    <error message="Cannot get Jedis connection; nested exception is redis.clients.jedis.exceptions.JedisConnectionException: Could not get a resource from the pool" type="org.springframework.data.redis.RedisConnectionFailureException">org.springframework.data.redis.RedisConnectionFailureException: Cannot get Jedis connection; nested exception is redis.clients.jedis.exceptions.JedisConnectionException: Could not get a resource from the pool
Caused by: redis.clients.jedis.exceptions.JedisConnectionException: Could not get a resource from the pool
Caused by: redis.clients.jedis.exceptions.JedisConnectionException: java.net.ConnectException: Conexão recusada
Caused by: java.net.ConnectException: Conexão recusada
</error>
  </testcase>
  <testcase name="testRemainingCapacity[1]" classname="org.springframework.data.redis.support.collections.RedisListTests" time="0.001">
    <error message="Cannot get Jedis connection; nested exception is redis.clients.jedis.exceptions.JedisConnectionException: Could not get a resource from the pool" type="org.springframework.data.redis.RedisConnectionFailureException">org.springframework.data.redis.RedisConnectionFailureException: Cannot get Jedis connection; nested exception is redis.clients.jedis.exceptions.JedisConnectionException: Could not get a resource from the pool
Caused by: redis.clients.jedis.exceptions.JedisConnectionException: Could not get a resource from the pool
Caused by: redis.clients.jedis.exceptions.JedisConnectionException: java.net.ConnectException: Conexão recusada
Caused by: java.net.ConnectException: Conexão recusada
</error>
  </testcase>
  <testcase name="testRemoveLast[1]" classname="org.springframework.data.redis.support.collections.RedisListTests" time="0">
    <error message="Cannot get Jedis connection; nested exception is redis.clients.jedis.exceptions.JedisConnectionException: Could not get a resource from the pool" type="org.springframework.data.redis.RedisConnectionFailureException">org.springframework.data.redis.RedisConnectionFailureException: Cannot get Jedis connection; nested exception is redis.clients.jedis.exceptions.JedisConnectionException: Could not get a resource from the pool
Caused by: redis.clients.jedis.exceptions.JedisConnectionException: Could not get a resource from the pool
Caused by: redis.clients.jedis.exceptions.JedisConnectionException: java.net.ConnectException: Conexão recusada
Caused by: java.net.ConnectException: Conexão recusada
</error>
  </testcase>
  <testcase name="testRemoveLast[1]" classname="org.springframework.data.redis.support.collections.RedisListTests" time="0">
    <error message="Cannot get Jedis connection; nested exception is redis.clients.jedis.exceptions.JedisConnectionException: Could not get a resource from the pool" type="org.springframework.data.redis.RedisConnectionFailureException">org.springframework.data.redis.RedisConnectionFailureException: Cannot get Jedis connection; nested exception is redis.clients.jedis.exceptions.JedisConnectionException: Could not get a resource from the pool
Caused by: redis.clients.jedis.exceptions.JedisConnectionException: Could not get a resource from the pool
Caused by: redis.clients.jedis.exceptions.JedisConnectionException: java.net.ConnectException: Conexão recusada
Caused by: java.net.ConnectException: Conexão recusada
</error>
  </testcase>
  <testcase name="testAddIndexObjectHead[1]" classname="org.springframework.data.redis.support.collections.RedisListTests" time="0.001">
    <error message="Cannot get Jedis connection; nested exception is redis.clients.jedis.exceptions.JedisConnectionException: Could not get a resource from the pool" type="org.springframework.data.redis.RedisConnectionFailureException">org.springframework.data.redis.RedisConnectionFailureException: Cannot get Jedis connection; nested exception is redis.clients.jedis.exceptions.JedisConnectionException: Could not get a resource from the pool
Caused by: redis.clients.jedis.exceptions.JedisConnectionException: Could not get a resource from the pool
Caused by: redis.clients.jedis.exceptions.JedisConnectionException: java.net.ConnectException: Conexão recusada
Caused by: java.net.ConnectException: Conexão recusada
</error>
  </testcase>
  <testcase name="testAddIndexObjectHead[1]" classname="org.springframework.data.redis.support.collections.RedisListTests" time="0.001">
    <error message="Cannot get Jedis connection; nested exception is redis.clients.jedis.exceptions.JedisConnectionException: Could not get a resource from the pool" type="org.springframework.data.redis.RedisConnectionFailureException">org.springframework.data.redis.RedisConnectionFailureException: Cannot get Jedis connection; nested exception is redis.clients.jedis.exceptions.JedisConnectionException: Could not get a resource from the pool
Caused by: redis.clients.jedis.exceptions.JedisConnectionException: Could not get a resource from the pool
Caused by: redis.clients.jedis.exceptions.JedisConnectionException: java.net.ConnectException: Conexão recusada
Caused by: java.net.ConnectException: Conexão recusada
</error>
  </testcase>
  <testcase name="testAddIndexObjectTail[1]" classname="org.springframework.data.redis.support.collections.RedisListTests" time="0.001">
    <error message="Cannot get Jedis connection; nested exception is redis.clients.jedis.exceptions.JedisConnectionException: Could not get a resource from the pool" type="org.springframework.data.redis.RedisConnectionFailureException">org.springframework.data.redis.RedisConnectionFailureException: Cannot get Jedis connection; nested exception is redis.clients.jedis.exceptions.JedisConnectionException: Could not get a resource from the pool
Caused by: redis.clients.jedis.exceptions.JedisConnectionException: Could not get a resource from the pool
Caused by: redis.clients.jedis.exceptions.JedisConnectionException: java.net.ConnectException: Conexão recusada
Caused by: java.net.ConnectException: Conexão recusada
</error>
  </testcase>
  <testcase name="testAddIndexObjectTail[1]" classname="org.springframework.data.redis.support.collections.RedisListTests" time="0.001">
    <error message="Cannot get Jedis connection; nested exception is redis.clients.jedis.exceptions.JedisConnectionException: Could not get a resource from the pool" type="org.springframework.data.redis.RedisConnectionFailureException">org.springframework.data.redis.RedisConnectionFailureException: Cannot get Jedis connection; nested exception is redis.clients.jedis.exceptions.JedisConnectionException: Could not get a resource from the pool
Caused by: redis.clients.jedis.exceptions.JedisConnectionException: Could not get a resource from the pool
Caused by: redis.clients.jedis.exceptions.JedisConnectionException: java.net.ConnectException: Conexão recusada
Caused by: java.net.ConnectException: Conexão recusada
</error>
  </testcase>
  <testcase name="testPollFirst[1]" classname="org.springframework.data.redis.support.collections.RedisListTests" time="0.001">
    <error message="Cannot get Jedis connection; nested exception is redis.clients.jedis.exceptions.JedisConnectionException: Could not get a resource from the pool" type="org.springframework.data.redis.RedisConnectionFailureException">org.springframework.data.redis.RedisConnectionFailureException: Cannot get Jedis connection; nested exception is redis.clients.jedis.exceptions.JedisConnectionException: Could not get a resource from the pool
Caused by: redis.clients.jedis.exceptions.JedisConnectionException: Could not get a resource from the pool
Caused by: redis.clients.jedis.exceptions.JedisConnectionException: java.net.ConnectException: Conexão recusada
Caused by: java.net.ConnectException: Conexão recusada
</error>
  </testcase>
  <testcase name="testPollFirst[1]" classname="org.springframework.data.redis.support.collections.RedisListTests" time="0.001">
    <error message="Cannot get Jedis connection; nested exception is redis.clients.jedis.exceptions.JedisConnectionException: Could not get a resource from the pool" type="org.springframework.data.redis.RedisConnectionFailureException">org.springframework.data.redis.RedisConnectionFailureException: Cannot get Jedis connection; nested exception is redis.clients.jedis.exceptions.JedisConnectionException: Could not get a resource from the pool
Caused by: redis.clients.jedis.exceptions.JedisConnectionException: Could not get a resource from the pool
Caused by: redis.clients.jedis.exceptions.JedisConnectionException: java.net.ConnectException: Conexão recusada
Caused by: java.net.ConnectException: Conexão recusada
</error>
  </testcase>
  <testcase name="testAddIndexObjectMiddle[1]" classname="org.springframework.data.redis.support.collections.RedisListTests" time="0.001">
    <error message="Unexpected exception, expected&lt;java.lang.IllegalArgumentException&gt; but was&lt;org.springframework.data.redis.RedisConnectionFailureException&gt;" type="java.lang.Exception"><![CDATA[java.lang.Exception: Unexpected exception, expected<java.lang.IllegalArgumentException> but was<org.springframework.data.redis.RedisConnectionFailureException>
Caused by: org.springframework.data.redis.RedisConnectionFailureException: Cannot get Jedis connection; nested exception is redis.clients.jedis.exceptions.JedisConnectionException: Could not get a resource from the pool
Caused by: redis.clients.jedis.exceptions.JedisConnectionException: Could not get a resource from the pool
Caused by: redis.clients.jedis.exceptions.JedisConnectionException: java.net.ConnectException: Conexão recusada
Caused by: java.net.ConnectException: Conexão recusada
]]></error>
  </testcase>
  <testcase name="testAddIndexObjectMiddle[1]" classname="org.springframework.data.redis.support.collections.RedisListTests" time="0.001">
    <error message="Cannot get Jedis connection; nested exception is redis.clients.jedis.exceptions.JedisConnectionException: Could not get a resource from the pool" type="org.springframework.data.redis.RedisConnectionFailureException">org.springframework.data.redis.RedisConnectionFailureException: Cannot get Jedis connection; nested exception is redis.clients.jedis.exceptions.JedisConnectionException: Could not get a resource from the pool
Caused by: redis.clients.jedis.exceptions.JedisConnectionException: Could not get a resource from the pool
Caused by: redis.clients.jedis.exceptions.JedisConnectionException: java.net.ConnectException: Conexão recusada
Caused by: java.net.ConnectException: Conexão recusada
</error>
  </testcase>
  <testcase name="testPeekLast[1]" classname="org.springframework.data.redis.support.collections.RedisListTests" time="0.001">
    <error message="Cannot get Jedis connection; nested exception is redis.clients.jedis.exceptions.JedisConnectionException: Could not get a resource from the pool" type="org.springframework.data.redis.RedisConnectionFailureException">org.springframework.data.redis.RedisConnectionFailureException: Cannot get Jedis connection; nested exception is redis.clients.jedis.exceptions.JedisConnectionException: Could not get a resource from the pool
Caused by: redis.clients.jedis.exceptions.JedisConnectionException: Could not get a resource from the pool
Caused by: redis.clients.jedis.exceptions.JedisConnectionException: java.net.ConnectException: Conexão recusada
Caused by: java.net.ConnectException: Conexão recusada
</error>
  </testcase>
  <testcase name="testPeekLast[1]" classname="org.springframework.data.redis.support.collections.RedisListTests" time="0.001">
    <error message="Cannot get Jedis connection; nested exception is redis.clients.jedis.exceptions.JedisConnectionException: Could not get a resource from the pool" type="org.springframework.data.redis.RedisConnectionFailureException">org.springframework.data.redis.RedisConnectionFailureException: Cannot get Jedis connection; nested exception is redis.clients.jedis.exceptions.JedisConnectionException: Could not get a resource from the pool
Caused by: redis.clients.jedis.exceptions.JedisConnectionException: Could not get a resource from the pool
Caused by: redis.clients.jedis.exceptions.JedisConnectionException: java.net.ConnectException: Conexão recusada
Caused by: java.net.ConnectException: Conexão recusada
</error>
  </testcase>
  <testcase name="testRemoveFirstOccurrence[1]" classname="org.springframework.data.redis.support.collections.RedisListTests" time="0">
    <error message="Cannot get Jedis connection; nested exception is redis.clients.jedis.exceptions.JedisConnectionException: Could not get a resource from the pool" type="org.springframework.data.redis.RedisConnectionFailureException">org.springframework.data.redis.RedisConnectionFailureException: Cannot get Jedis connection; nested exception is redis.clients.jedis.exceptions.JedisConnectionException: Could not get a resource from the pool
Caused by: redis.clients.jedis.exceptions.JedisConnectionException: Could not get a resource from the pool
Caused by: redis.clients.jedis.exceptions.JedisConnectionException: java.net.ConnectException: Conexão recusada
Caused by: java.net.ConnectException: Conexão recusada
</error>
  </testcase>
  <testcase name="testRemoveFirstOccurrence[1]" classname="org.springframework.data.redis.support.collections.RedisListTests" time="0.001">
    <error message="Cannot get Jedis connection; nested exception is redis.clients.jedis.exceptions.JedisConnectionException: Could not get a resource from the pool" type="org.springframework.data.redis.RedisConnectionFailureException">org.springframework.data.redis.RedisConnectionFailureException: Cannot get Jedis connection; nested exception is redis.clients.jedis.exceptions.JedisConnectionException: Could not get a resource from the pool
Caused by: redis.clients.jedis.exceptions.JedisConnectionException: Could not get a resource from the pool
Caused by: redis.clients.jedis.exceptions.JedisConnectionException: java.net.ConnectException: Conexão recusada
Caused by: java.net.ConnectException: Conexão recusada
</error>
  </testcase>
  <testcase name="addAllIndexCollectionHead[1]" classname="org.springframework.data.redis.support.collections.RedisListTests" time="0">
    <error message="Cannot get Jedis connection; nested exception is redis.clients.jedis.exceptions.JedisConnectionException: Could not get a resource from the pool" type="org.springframework.data.redis.RedisConnectionFailureException">org.springframework.data.redis.RedisConnectionFailureException: Cannot get Jedis connection; nested exception is redis.clients.jedis.exceptions.JedisConnectionException: Could not get a resource from the pool
Caused by: redis.clients.jedis.exceptions.JedisConnectionException: Could not get a resource from the pool
Caused by: redis.clients.jedis.exceptions.JedisConnectionException: java.net.ConnectException: Conexão recusada
Caused by: java.net.ConnectException: Conexão recusada
</error>
  </testcase>
  <testcase name="addAllIndexCollectionHead[1]" classname="org.springframework.data.redis.support.collections.RedisListTests" time="0.001">
    <error message="Cannot get Jedis connection; nested exception is redis.clients.jedis.exceptions.JedisConnectionException: Could not get a resource from the pool" type="org.springframework.data.redis.RedisConnectionFailureException">org.springframework.data.redis.RedisConnectionFailureException: Cannot get Jedis connection; nested exception is redis.clients.jedis.exceptions.JedisConnectionException: Could not get a resource from the pool
Caused by: redis.clients.jedis.exceptions.JedisConnectionException: Could not get a resource from the pool
Caused by: redis.clients.jedis.exceptions.JedisConnectionException: java.net.ConnectException: Conexão recusada
Caused by: java.net.ConnectException: Conexão recusada
</error>
  </testcase>
  <testcase name="addAllIndexCollectionTail[1]" classname="org.springframework.data.redis.support.collections.RedisListTests" time="0">
    <error message="Cannot get Jedis connection; nested exception is redis.clients.jedis.exceptions.JedisConnectionException: Could not get a resource from the pool" type="org.springframework.data.redis.RedisConnectionFailureException">org.springframework.data.redis.RedisConnectionFailureException: Cannot get Jedis connection; nested exception is redis.clients.jedis.exceptions.JedisConnectionException: Could not get a resource from the pool
Caused by: redis.clients.jedis.exceptions.JedisConnectionException: Could not get a resource from the pool
Caused by: redis.clients.jedis.exceptions.JedisConnectionException: java.net.ConnectException: Conexão recusada
Caused by: java.net.ConnectException: Conexão recusada
</error>
  </testcase>
  <testcase name="addAllIndexCollectionTail[1]" classname="org.springframework.data.redis.support.collections.RedisListTests" time="0">
    <error message="Cannot get Jedis connection; nested exception is redis.clients.jedis.exceptions.JedisConnectionException: Could not get a resource from the pool" type="org.springframework.data.redis.RedisConnectionFailureException">org.springframework.data.redis.RedisConnectionFailureException: Cannot get Jedis connection; nested exception is redis.clients.jedis.exceptions.JedisConnectionException: Could not get a resource from the pool
Caused by: redis.clients.jedis.exceptions.JedisConnectionException: Could not get a resource from the pool
Caused by: redis.clients.jedis.exceptions.JedisConnectionException: java.net.ConnectException: Conexão recusada
Caused by: java.net.ConnectException: Conexão recusada
</error>
  </testcase>
  <testcase name="addAllIndexCollectionMiddle[1]" classname="org.springframework.data.redis.support.collections.RedisListTests" time="0.001">
    <error message="Unexpected exception, expected&lt;java.lang.IllegalArgumentException&gt; but was&lt;org.springframework.data.redis.RedisConnectionFailureException&gt;" type="java.lang.Exception"><![CDATA[java.lang.Exception: Unexpected exception, expected<java.lang.IllegalArgumentException> but was<org.springframework.data.redis.RedisConnectionFailureException>
Caused by: org.springframework.data.redis.RedisConnectionFailureException: Cannot get Jedis connection; nested exception is redis.clients.jedis.exceptions.JedisConnectionException: Could not get a resource from the pool
Caused by: redis.clients.jedis.exceptions.JedisConnectionException: Could not get a resource from the pool
Caused by: redis.clients.jedis.exceptions.JedisConnectionException: java.net.ConnectException: Conexão recusada
Caused by: java.net.ConnectException: Conexão recusada
]]></error>
  </testcase>
  <testcase name="addAllIndexCollectionMiddle[1]" classname="org.springframework.data.redis.support.collections.RedisListTests" time="0.001">
    <error message="Cannot get Jedis connection; nested exception is redis.clients.jedis.exceptions.JedisConnectionException: Could not get a resource from the pool" type="org.springframework.data.redis.RedisConnectionFailureException">org.springframework.data.redis.RedisConnectionFailureException: Cannot get Jedis connection; nested exception is redis.clients.jedis.exceptions.JedisConnectionException: Could not get a resource from the pool
Caused by: redis.clients.jedis.exceptions.JedisConnectionException: Could not get a resource from the pool
Caused by: redis.clients.jedis.exceptions.JedisConnectionException: java.net.ConnectException: Conexão recusada
Caused by: java.net.ConnectException: Conexão recusada
</error>
  </testcase>
  <testcase name="testPollLast[1]" classname="org.springframework.data.redis.support.collections.RedisListTests" time="0.001">
    <error message="Cannot get Jedis connection; nested exception is redis.clients.jedis.exceptions.JedisConnectionException: Could not get a resource from the pool" type="org.springframework.data.redis.RedisConnectionFailureException">org.springframework.data.redis.RedisConnectionFailureException: Cannot get Jedis connection; nested exception is redis.clients.jedis.exceptions.JedisConnectionException: Could not get a resource from the pool
Caused by: redis.clients.jedis.exceptions.JedisConnectionException: Could not get a resource from the pool
Caused by: redis.clients.jedis.exceptions.JedisConnectionException: java.net.ConnectException: Conexão recusada
Caused by: java.net.ConnectException: Conexão recusada
</error>
  </testcase>
  <testcase name="testPollLast[1]" classname="org.springframework.data.redis.support.collections.RedisListTests" time="0.001">
    <error message="Cannot get Jedis connection; nested exception is redis.clients.jedis.exceptions.JedisConnectionException: Could not get a resource from the pool" type="org.springframework.data.redis.RedisConnectionFailureException">org.springframework.data.redis.RedisConnectionFailureException: Cannot get Jedis connection; nested exception is redis.clients.jedis.exceptions.JedisConnectionException: Could not get a resource from the pool
Caused by: redis.clients.jedis.exceptions.JedisConnectionException: Could not get a resource from the pool
Caused by: redis.clients.jedis.exceptions.JedisConnectionException: java.net.ConnectException: Conexão recusada
Caused by: java.net.ConnectException: Conexão recusada
</error>
  </testcase>
  <testcase name="testIndexOfObject[1]" classname="org.springframework.data.redis.support.collections.RedisListTests" time="0.001">
    <error message="Cannot get Jedis connection; nested exception is redis.clients.jedis.exceptions.JedisConnectionException: Could not get a resource from the pool" type="org.springframework.data.redis.RedisConnectionFailureException">org.springframework.data.redis.RedisConnectionFailureException: Cannot get Jedis connection; nested exception is redis.clients.jedis.exceptions.JedisConnectionException: Could not get a resource from the pool
Caused by: redis.clients.jedis.exceptions.JedisConnectionException: Could not get a resource from the pool
Caused by: redis.clients.jedis.exceptions.JedisConnectionException: java.net.ConnectException: Conexão recusada
Caused by: java.net.ConnectException: Conexão recusada
</error>
  </testcase>
  <testcase name="testPollTimeout[1]" classname="org.springframework.data.redis.support.collections.RedisListTests" time="0">
    <error message="Cannot get Jedis connection; nested exception is redis.clients.jedis.exceptions.JedisConnectionException: Could not get a resource from the pool" type="org.springframework.data.redis.RedisConnectionFailureException">org.springframework.data.redis.RedisConnectionFailureException: Cannot get Jedis connection; nested exception is redis.clients.jedis.exceptions.JedisConnectionException: Could not get a resource from the pool
Caused by: redis.clients.jedis.exceptions.JedisConnectionException: Could not get a resource from the pool
Caused by: redis.clients.jedis.exceptions.JedisConnectionException: java.net.ConnectException: Conexão recusada
Caused by: java.net.ConnectException: Conexão recusada
</error>
  </testcase>
  <testcase name="testPollTimeout[1]" classname="org.springframework.data.redis.support.collections.RedisListTests" time="0.001">
    <error message="Cannot get Jedis connection; nested exception is redis.clients.jedis.exceptions.JedisConnectionException: Could not get a resource from the pool" type="org.springframework.data.redis.RedisConnectionFailureException">org.springframework.data.redis.RedisConnectionFailureException: Cannot get Jedis connection; nested exception is redis.clients.jedis.exceptions.JedisConnectionException: Could not get a resource from the pool
Caused by: redis.clients.jedis.exceptions.JedisConnectionException: Could not get a resource from the pool
Caused by: redis.clients.jedis.exceptions.JedisConnectionException: java.net.ConnectException: Conexão recusada
Caused by: java.net.ConnectException: Conexão recusada
</error>
  </testcase>
  <testcase name="testRemove[1]" classname="org.springframework.data.redis.support.collections.RedisListTests" time="0">
    <error message="Cannot get Jedis connection; nested exception is redis.clients.jedis.exceptions.JedisConnectionException: Could not get a resource from the pool" type="org.springframework.data.redis.RedisConnectionFailureException">org.springframework.data.redis.RedisConnectionFailureException: Cannot get Jedis connection; nested exception is redis.clients.jedis.exceptions.JedisConnectionException: Could not get a resource from the pool
Caused by: redis.clients.jedis.exceptions.JedisConnectionException: Could not get a resource from the pool
Caused by: redis.clients.jedis.exceptions.JedisConnectionException: java.net.ConnectException: Conexão recusada
Caused by: java.net.ConnectException: Conexão recusada
</error>
  </testcase>
  <testcase name="testRemove[1]" classname="org.springframework.data.redis.support.collections.RedisListTests" time="0.001">
    <error message="Cannot get Jedis connection; nested exception is redis.clients.jedis.exceptions.JedisConnectionException: Could not get a resource from the pool" type="org.springframework.data.redis.RedisConnectionFailureException">org.springframework.data.redis.RedisConnectionFailureException: Cannot get Jedis connection; nested exception is redis.clients.jedis.exceptions.JedisConnectionException: Could not get a resource from the pool
Caused by: redis.clients.jedis.exceptions.JedisConnectionException: Could not get a resource from the pool
Caused by: redis.clients.jedis.exceptions.JedisConnectionException: java.net.ConnectException: Conexão recusada
Caused by: java.net.ConnectException: Conexão recusada
</error>
  </testcase>
  <testcase name="testCappedCollection[1]" classname="org.springframework.data.redis.support.collections.RedisListTests" time="0">
    <error message="Cannot get Jedis connection; nested exception is redis.clients.jedis.exceptions.JedisConnectionException: Could not get a resource from the pool" type="org.springframework.data.redis.RedisConnectionFailureException">org.springframework.data.redis.RedisConnectionFailureException: Cannot get Jedis connection; nested exception is redis.clients.jedis.exceptions.JedisConnectionException: Could not get a resource from the pool
Caused by: redis.clients.jedis.exceptions.JedisConnectionException: Could not get a resource from the pool
Caused by: redis.clients.jedis.exceptions.JedisConnectionException: java.net.ConnectException: Conexão recusada
Caused by: java.net.ConnectException: Conexão recusada
</error>
  </testcase>
  <testcase name="testCappedCollection[1]" classname="org.springframework.data.redis.support.collections.RedisListTests" time="0.001">
    <error message="Cannot get Jedis connection; nested exception is redis.clients.jedis.exceptions.JedisConnectionException: Could not get a resource from the pool" type="org.springframework.data.redis.RedisConnectionFailureException">org.springframework.data.redis.RedisConnectionFailureException: Cannot get Jedis connection; nested exception is redis.clients.jedis.exceptions.JedisConnectionException: Could not get a resource from the pool
Caused by: redis.clients.jedis.exceptions.JedisConnectionException: Could not get a resource from the pool
Caused by: redis.clients.jedis.exceptions.JedisConnectionException: java.net.ConnectException: Conexão recusada
Caused by: java.net.ConnectException: Conexão recusada
</error>
  </testcase>
  <testcase name="testRmoveLastOccurrence[1]" classname="org.springframework.data.redis.support.collections.RedisListTests" time="0">
    <error message="Cannot get Jedis connection; nested exception is redis.clients.jedis.exceptions.JedisConnectionException: Could not get a resource from the pool" type="org.springframework.data.redis.RedisConnectionFailureException">org.springframework.data.redis.RedisConnectionFailureException: Cannot get Jedis connection; nested exception is redis.clients.jedis.exceptions.JedisConnectionException: Could not get a resource from the pool
Caused by: redis.clients.jedis.exceptions.JedisConnectionException: Could not get a resource from the pool
Caused by: redis.clients.jedis.exceptions.JedisConnectionException: java.net.ConnectException: Conexão recusada
Caused by: java.net.ConnectException: Conexão recusada
</error>
  </testcase>
  <testcase name="testRmoveLastOccurrence[1]" classname="org.springframework.data.redis.support.collections.RedisListTests" time="0.001">
    <error message="Cannot get Jedis connection; nested exception is redis.clients.jedis.exceptions.JedisConnectionException: Could not get a resource from the pool" type="org.springframework.data.redis.RedisConnectionFailureException">org.springframework.data.redis.RedisConnectionFailureException: Cannot get Jedis connection; nested exception is redis.clients.jedis.exceptions.JedisConnectionException: Could not get a resource from the pool
Caused by: redis.clients.jedis.exceptions.JedisConnectionException: Could not get a resource from the pool
Caused by: redis.clients.jedis.exceptions.JedisConnectionException: java.net.ConnectException: Conexão recusada
Caused by: java.net.ConnectException: Conexão recusada
</error>
  </testcase>
  <testcase name="testTakeFirst[1]" classname="org.springframework.data.redis.support.collections.RedisListTests" time="0">
    <error message="Cannot get Jedis connection; nested exception is redis.clients.jedis.exceptions.JedisConnectionException: Could not get a resource from the pool" type="org.springframework.data.redis.RedisConnectionFailureException">org.springframework.data.redis.RedisConnectionFailureException: Cannot get Jedis connection; nested exception is redis.clients.jedis.exceptions.JedisConnectionException: Could not get a resource from the pool
Caused by: redis.clients.jedis.exceptions.JedisConnectionException: Could not get a resource from the pool
Caused by: redis.clients.jedis.exceptions.JedisConnectionException: java.net.ConnectException: Conexão recusada
Caused by: java.net.ConnectException: Conexão recusada
</error>
  </testcase>
  <testcase name="testTakeFirst[1]" classname="org.springframework.data.redis.support.collections.RedisListTests" time="0">
    <error message="Cannot get Jedis connection; nested exception is redis.clients.jedis.exceptions.JedisConnectionException: Could not get a resource from the pool" type="org.springframework.data.redis.RedisConnectionFailureException">org.springframework.data.redis.RedisConnectionFailureException: Cannot get Jedis connection; nested exception is redis.clients.jedis.exceptions.JedisConnectionException: Could not get a resource from the pool
Caused by: redis.clients.jedis.exceptions.JedisConnectionException: Could not get a resource from the pool
Caused by: redis.clients.jedis.exceptions.JedisConnectionException: java.net.ConnectException: Conexão recusada
Caused by: java.net.ConnectException: Conexão recusada
</error>
  </testcase>
  <testcase name="testContainsObject[1]" classname="org.springframework.data.redis.support.collections.RedisListTests" time="0.001">
    <error message="Cannot get Jedis connection; nested exception is redis.clients.jedis.exceptions.JedisConnectionException: Could not get a resource from the pool" type="org.springframework.data.redis.RedisConnectionFailureException">org.springframework.data.redis.RedisConnectionFailureException: Cannot get Jedis connection; nested exception is redis.clients.jedis.exceptions.JedisConnectionException: Could not get a resource from the pool
Caused by: redis.clients.jedis.exceptions.JedisConnectionException: Could not get a resource from the pool
Caused by: redis.clients.jedis.exceptions.JedisConnectionException: java.net.ConnectException: Conexão recusada
Caused by: java.net.ConnectException: Conexão recusada
</error>
  </testcase>
  <testcase name="testContainsObject[1]" classname="org.springframework.data.redis.support.collections.RedisListTests" time="0.001">
    <error message="Cannot get Jedis connection; nested exception is redis.clients.jedis.exceptions.JedisConnectionException: Could not get a resource from the pool" type="org.springframework.data.redis.RedisConnectionFailureException">org.springframework.data.redis.RedisConnectionFailureException: Cannot get Jedis connection; nested exception is redis.clients.jedis.exceptions.JedisConnectionException: Could not get a resource from the pool
Caused by: redis.clients.jedis.exceptions.JedisConnectionException: Could not get a resource from the pool
Caused by: redis.clients.jedis.exceptions.JedisConnectionException: java.net.ConnectException: Conexão recusada
Caused by: java.net.ConnectException: Conexão recusada
</error>
  </testcase>
  <testcase name="testToArray[1]" classname="org.springframework.data.redis.support.collections.RedisListTests" time="0.001">
    <error message="Cannot get Jedis connection; nested exception is redis.clients.jedis.exceptions.JedisConnectionException: Could not get a resource from the pool" type="org.springframework.data.redis.RedisConnectionFailureException">org.springframework.data.redis.RedisConnectionFailureException: Cannot get Jedis connection; nested exception is redis.clients.jedis.exceptions.JedisConnectionException: Could not get a resource from the pool
Caused by: redis.clients.jedis.exceptions.JedisConnectionException: Could not get a resource from the pool
Caused by: redis.clients.jedis.exceptions.JedisConnectionException: java.net.ConnectException: Conexão recusada
Caused by: java.net.ConnectException: Conexão recusada
</error>
  </testcase>
  <testcase name="testToArray[1]" classname="org.springframework.data.redis.support.collections.RedisListTests" time="0.001">
    <error message="Cannot get Jedis connection; nested exception is redis.clients.jedis.exceptions.JedisConnectionException: Could not get a resource from the pool" type="org.springframework.data.redis.RedisConnectionFailureException">org.springframework.data.redis.RedisConnectionFailureException: Cannot get Jedis connection; nested exception is redis.clients.jedis.exceptions.JedisConnectionException: Could not get a resource from the pool
Caused by: redis.clients.jedis.exceptions.JedisConnectionException: Could not get a resource from the pool
Caused by: redis.clients.jedis.exceptions.JedisConnectionException: java.net.ConnectException: Conexão recusada
Caused by: java.net.ConnectException: Conexão recusada
</error>
  </testcase>
  <testcase name="testAdd[1]" classname="org.springframework.data.redis.support.collections.RedisListTests" time="0.001">
    <error message="Cannot get Jedis connection; nested exception is redis.clients.jedis.exceptions.JedisConnectionException: Could not get a resource from the pool" type="org.springframework.data.redis.RedisConnectionFailureException">org.springframework.data.redis.RedisConnectionFailureException: Cannot get Jedis connection; nested exception is redis.clients.jedis.exceptions.JedisConnectionException: Could not get a resource from the pool
Caused by: redis.clients.jedis.exceptions.JedisConnectionException: Could not get a resource from the pool
Caused by: redis.clients.jedis.exceptions.JedisConnectionException: java.net.ConnectException: Conexão recusada
Caused by: java.net.ConnectException: Conexão recusada
</error>
  </testcase>
  <testcase name="testAdd[1]" classname="org.springframework.data.redis.support.collections.RedisListTests" time="0.001">
    <error message="Cannot get Jedis connection; nested exception is redis.clients.jedis.exceptions.JedisConnectionException: Could not get a resource from the pool" type="org.springframework.data.redis.RedisConnectionFailureException">org.springframework.data.redis.RedisConnectionFailureException: Cannot get Jedis connection; nested exception is redis.clients.jedis.exceptions.JedisConnectionException: Could not get a resource from the pool
Caused by: redis.clients.jedis.exceptions.JedisConnectionException: Could not get a resource from the pool
Caused by: redis.clients.jedis.exceptions.JedisConnectionException: java.net.ConnectException: Conexão recusada
Caused by: java.net.ConnectException: Conexão recusada
</error>
  </testcase>
  <testcase name="testClear[1]" classname="org.springframework.data.redis.support.collections.RedisListTests" time="0.001">
    <error message="Cannot get Jedis connection; nested exception is redis.clients.jedis.exceptions.JedisConnectionException: Could not get a resource from the pool" type="org.springframework.data.redis.RedisConnectionFailureException">org.springframework.data.redis.RedisConnectionFailureException: Cannot get Jedis connection; nested exception is redis.clients.jedis.exceptions.JedisConnectionException: Could not get a resource from the pool
Caused by: redis.clients.jedis.exceptions.JedisConnectionException: Could not get a resource from the pool
Caused by: redis.clients.jedis.exceptions.JedisConnectionException: java.net.ConnectException: Conexão recusada
Caused by: java.net.ConnectException: Conexão recusada
</error>
  </testcase>
  <testcase name="testClear[1]" classname="org.springframework.data.redis.support.collections.RedisListTests" time="0.001">
    <error message="Cannot get Jedis connection; nested exception is redis.clients.jedis.exceptions.JedisConnectionException: Could not get a resource from the pool" type="org.springframework.data.redis.RedisConnectionFailureException">org.springframework.data.redis.RedisConnectionFailureException: Cannot get Jedis connection; nested exception is redis.clients.jedis.exceptions.JedisConnectionException: Could not get a resource from the pool
Caused by: redis.clients.jedis.exceptions.JedisConnectionException: Could not get a resource from the pool
Caused by: redis.clients.jedis.exceptions.JedisConnectionException: java.net.ConnectException: Conexão recusada
Caused by: java.net.ConnectException: Conexão recusada
</error>
  </testcase>
  <testcase name="testSize[1]" classname="org.springframework.data.redis.support.collections.RedisListTests" time="0.001">
    <error message="Cannot get Jedis connection; nested exception is redis.clients.jedis.exceptions.JedisConnectionException: Could not get a resource from the pool" type="org.springframework.data.redis.RedisConnectionFailureException">org.springframework.data.redis.RedisConnectionFailureException: Cannot get Jedis connection; nested exception is redis.clients.jedis.exceptions.JedisConnectionException: Could not get a resource from the pool
Caused by: redis.clients.jedis.exceptions.JedisConnectionException: Could not get a resource from the pool
Caused by: redis.clients.jedis.exceptions.JedisConnectionException: java.net.ConnectException: Conexão recusada
Caused by: java.net.ConnectException: Conexão recusada
</error>
  </testcase>
  <testcase name="testSize[1]" classname="org.springframework.data.redis.support.collections.RedisListTests" time="0.001">
    <error message="Cannot get Jedis connection; nested exception is redis.clients.jedis.exceptions.JedisConnectionException: Could not get a resource from the pool" type="org.springframework.data.redis.RedisConnectionFailureException">org.springframework.data.redis.RedisConnectionFailureException: Cannot get Jedis connection; nested exception is redis.clients.jedis.exceptions.JedisConnectionException: Could not get a resource from the pool
Caused by: redis.clients.jedis.exceptions.JedisConnectionException: Could not get a resource from the pool
Caused by: redis.clients.jedis.exceptions.JedisConnectionException: java.net.ConnectException: Conexão recusada
Caused by: java.net.ConnectException: Conexão recusada
</error>
  </testcase>
  <testcase name="testToString[1]" classname="org.springframework.data.redis.support.collections.RedisListTests" time="0.001">
    <error message="Cannot get Jedis connection; nested exception is redis.clients.jedis.exceptions.JedisConnectionException: Could not get a resource from the pool" type="org.springframework.data.redis.RedisConnectionFailureException">org.springframework.data.redis.RedisConnectionFailureException: Cannot get Jedis connection; nested exception is redis.clients.jedis.exceptions.JedisConnectionException: Could not get a resource from the pool
Caused by: redis.clients.jedis.exceptions.JedisConnectionException: Could not get a resource from the pool
Caused by: redis.clients.jedis.exceptions.JedisConnectionException: java.net.ConnectException: Conexão recusada
Caused by: java.net.ConnectException: Conexão recusada
</error>
  </testcase>
  <testcase name="testToString[1]" classname="org.springframework.data.redis.support.collections.RedisListTests" time="0.001">
    <error message="Cannot get Jedis connection; nested exception is redis.clients.jedis.exceptions.JedisConnectionException: Could not get a resource from the pool" type="org.springframework.data.redis.RedisConnectionFailureException">org.springframework.data.redis.RedisConnectionFailureException: Cannot get Jedis connection; nested exception is redis.clients.jedis.exceptions.JedisConnectionException: Could not get a resource from the pool
Caused by: redis.clients.jedis.exceptions.JedisConnectionException: Could not get a resource from the pool
Caused by: redis.clients.jedis.exceptions.JedisConnectionException: java.net.ConnectException: Conexão recusada
Caused by: java.net.ConnectException: Conexão recusada
</error>
  </testcase>
  <testcase name="testContainsAll[1]" classname="org.springframework.data.redis.support.collections.RedisListTests" time="0.001">
    <error message="Cannot get Jedis connection; nested exception is redis.clients.jedis.exceptions.JedisConnectionException: Could not get a resource from the pool" type="org.springframework.data.redis.RedisConnectionFailureException">org.springframework.data.redis.RedisConnectionFailureException: Cannot get Jedis connection; nested exception is redis.clients.jedis.exceptions.JedisConnectionException: Could not get a resource from the pool
Caused by: redis.clients.jedis.exceptions.JedisConnectionException: Could not get a resource from the pool
Caused by: redis.clients.jedis.exceptions.JedisConnectionException: java.net.ConnectException: Conexão recusada
Caused by: java.net.ConnectException: Conexão recusada
</error>
  </testcase>
  <testcase name="testContainsAll[1]" classname="org.springframework.data.redis.support.collections.RedisListTests" time="0.001">
    <error message="Cannot get Jedis connection; nested exception is redis.clients.jedis.exceptions.JedisConnectionException: Could not get a resource from the pool" type="org.springframework.data.redis.RedisConnectionFailureException">org.springframework.data.redis.RedisConnectionFailureException: Cannot get Jedis connection; nested exception is redis.clients.jedis.exceptions.JedisConnectionException: Could not get a resource from the pool
Caused by: redis.clients.jedis.exceptions.JedisConnectionException: Could not get a resource from the pool
Caused by: redis.clients.jedis.exceptions.JedisConnectionException: java.net.ConnectException: Conexão recusada
Caused by: java.net.ConnectException: Conexão recusada
</error>
  </testcase>
  <testcase name="testRemoveObject[1]" classname="org.springframework.data.redis.support.collections.RedisListTests" time="0.001">
    <error message="Cannot get Jedis connection; nested exception is redis.clients.jedis.exceptions.JedisConnectionException: Could not get a resource from the pool" type="org.springframework.data.redis.RedisConnectionFailureException">org.springframework.data.redis.RedisConnectionFailureException: Cannot get Jedis connection; nested exception is redis.clients.jedis.exceptions.JedisConnectionException: Could not get a resource from the pool
Caused by: redis.clients.jedis.exceptions.JedisConnectionException: Could not get a resource from the pool
Caused by: redis.clients.jedis.exceptions.JedisConnectionException: java.net.ConnectException: Conexão recusada
Caused by: java.net.ConnectException: Conexão recusada
</error>
  </testcase>
  <testcase name="testRemoveObject[1]" classname="org.springframework.data.redis.support.collections.RedisListTests" time="0.001">
    <error message="Cannot get Jedis connection; nested exception is redis.clients.jedis.exceptions.JedisConnectionException: Could not get a resource from the pool" type="org.springframework.data.redis.RedisConnectionFailureException">org.springframework.data.redis.RedisConnectionFailureException: Cannot get Jedis connection; nested exception is redis.clients.jedis.exceptions.JedisConnectionException: Could not get a resource from the pool
Caused by: redis.clients.jedis.exceptions.JedisConnectionException: Could not get a resource from the pool
Caused by: redis.clients.jedis.exceptions.JedisConnectionException: java.net.ConnectException: Conexão recusada
Caused by: java.net.ConnectException: Conexão recusada
</error>
  </testcase>
  <testcase name="testHashCode[1]" classname="org.springframework.data.redis.support.collections.RedisListTests" time="0">
    <error message="Cannot get Jedis connection; nested exception is redis.clients.jedis.exceptions.JedisConnectionException: Could not get a resource from the pool" type="org.springframework.data.redis.RedisConnectionFailureException">org.springframework.data.redis.RedisConnectionFailureException: Cannot get Jedis connection; nested exception is redis.clients.jedis.exceptions.JedisConnectionException: Could not get a resource from the pool
Caused by: redis.clients.jedis.exceptions.JedisConnectionException: Could not get a resource from the pool
Caused by: redis.clients.jedis.exceptions.JedisConnectionException: java.net.ConnectException: Conexão recusada
Caused by: java.net.ConnectException: Conexão recusada
</error>
  </testcase>
  <testcase name="testAddAll[1]" classname="org.springframework.data.redis.support.collections.RedisListTests" time="0.001">
    <error message="Cannot get Jedis connection; nested exception is redis.clients.jedis.exceptions.JedisConnectionException: Could not get a resource from the pool" type="org.springframework.data.redis.RedisConnectionFailureException">org.springframework.data.redis.RedisConnectionFailureException: Cannot get Jedis connection; nested exception is redis.clients.jedis.exceptions.JedisConnectionException: Could not get a resource from the pool
Caused by: redis.clients.jedis.exceptions.JedisConnectionException: Could not get a resource from the pool
Caused by: redis.clients.jedis.exceptions.JedisConnectionException: java.net.ConnectException: Conexão recusada
Caused by: java.net.ConnectException: Conexão recusada
</error>
  </testcase>
  <testcase name="testAddAll[1]" classname="org.springframework.data.redis.support.collections.RedisListTests" time="0.001">
    <error message="Cannot get Jedis connection; nested exception is redis.clients.jedis.exceptions.JedisConnectionException: Could not get a resource from the pool" type="org.springframework.data.redis.RedisConnectionFailureException">org.springframework.data.redis.RedisConnectionFailureException: Cannot get Jedis connection; nested exception is redis.clients.jedis.exceptions.JedisConnectionException: Could not get a resource from the pool
Caused by: redis.clients.jedis.exceptions.JedisConnectionException: Could not get a resource from the pool
Caused by: redis.clients.jedis.exceptions.JedisConnectionException: java.net.ConnectException: Conexão recusada
Caused by: java.net.ConnectException: Conexão recusada
</error>
  </testcase>
  <testcase name="removeAll[1]" classname="org.springframework.data.redis.support.collections.RedisListTests" time="0.001">
    <error message="Cannot get Jedis connection; nested exception is redis.clients.jedis.exceptions.JedisConnectionException: Could not get a resource from the pool" type="org.springframework.data.redis.RedisConnectionFailureException">org.springframework.data.redis.RedisConnectionFailureException: Cannot get Jedis connection; nested exception is redis.clients.jedis.exceptions.JedisConnectionException: Could not get a resource from the pool
Caused by: redis.clients.jedis.exceptions.JedisConnectionException: Could not get a resource from the pool
Caused by: redis.clients.jedis.exceptions.JedisConnectionException: java.net.ConnectException: Conexão recusada
Caused by: java.net.ConnectException: Conexão recusada
</error>
  </testcase>
  <testcase name="removeAll[1]" classname="org.springframework.data.redis.support.collections.RedisListTests" time="0.001">
    <error message="Cannot get Jedis connection; nested exception is redis.clients.jedis.exceptions.JedisConnectionException: Could not get a resource from the pool" type="org.springframework.data.redis.RedisConnectionFailureException">org.springframework.data.redis.RedisConnectionFailureException: Cannot get Jedis connection; nested exception is redis.clients.jedis.exceptions.JedisConnectionException: Could not get a resource from the pool
Caused by: redis.clients.jedis.exceptions.JedisConnectionException: Could not get a resource from the pool
Caused by: redis.clients.jedis.exceptions.JedisConnectionException: java.net.ConnectException: Conexão recusada
Caused by: java.net.ConnectException: Conexão recusada
</error>
  </testcase>
  <testcase name="testEquals[1]" classname="org.springframework.data.redis.support.collections.RedisListTests" time="0">
    <error message="Cannot get Jedis connection; nested exception is redis.clients.jedis.exceptions.JedisConnectionException: Could not get a resource from the pool" type="org.springframework.data.redis.RedisConnectionFailureException">org.springframework.data.redis.RedisConnectionFailureException: Cannot get Jedis connection; nested exception is redis.clients.jedis.exceptions.JedisConnectionException: Could not get a resource from the pool
Caused by: redis.clients.jedis.exceptions.JedisConnectionException: Could not get a resource from the pool
Caused by: redis.clients.jedis.exceptions.JedisConnectionException: java.net.ConnectException: Conexão recusada
Caused by: java.net.ConnectException: Conexão recusada
</error>
  </testcase>
  <testcase name="testGetKey[1]" classname="org.springframework.data.redis.support.collections.RedisListTests" time="0">
    <error message="Cannot get Jedis connection; nested exception is redis.clients.jedis.exceptions.JedisConnectionException: Could not get a resource from the pool" type="org.springframework.data.redis.RedisConnectionFailureException">org.springframework.data.redis.RedisConnectionFailureException: Cannot get Jedis connection; nested exception is redis.clients.jedis.exceptions.JedisConnectionException: Could not get a resource from the pool
Caused by: redis.clients.jedis.exceptions.JedisConnectionException: Could not get a resource from the pool
Caused by: redis.clients.jedis.exceptions.JedisConnectionException: java.net.ConnectException: Conexão recusada
Caused by: java.net.ConnectException: Conexão recusada
</error>
  </testcase>
  <testcase name="testToArrayWithGenerics[1]" classname="org.springframework.data.redis.support.collections.RedisListTests" time="0.001">
    <error message="Cannot get Jedis connection; nested exception is redis.clients.jedis.exceptions.JedisConnectionException: Could not get a resource from the pool" type="org.springframework.data.redis.RedisConnectionFailureException">org.springframework.data.redis.RedisConnectionFailureException: Cannot get Jedis connection; nested exception is redis.clients.jedis.exceptions.JedisConnectionException: Could not get a resource from the pool
Caused by: redis.clients.jedis.exceptions.JedisConnectionException: Could not get a resource from the pool
Caused by: redis.clients.jedis.exceptions.JedisConnectionException: java.net.ConnectException: Conexão recusada
Caused by: java.net.ConnectException: Conexão recusada
</error>
  </testcase>
  <testcase name="testToArrayWithGenerics[1]" classname="org.springframework.data.redis.support.collections.RedisListTests" time="0.001">
    <error message="Cannot get Jedis connection; nested exception is redis.clients.jedis.exceptions.JedisConnectionException: Could not get a resource from the pool" type="org.springframework.data.redis.RedisConnectionFailureException">org.springframework.data.redis.RedisConnectionFailureException: Cannot get Jedis connection; nested exception is redis.clients.jedis.exceptions.JedisConnectionException: Could not get a resource from the pool
Caused by: redis.clients.jedis.exceptions.JedisConnectionException: Could not get a resource from the pool
Caused by: redis.clients.jedis.exceptions.JedisConnectionException: java.net.ConnectException: Conexão recusada
Caused by: java.net.ConnectException: Conexão recusada
</error>
  </testcase>
  <testcase name="testIsEmpty[1]" classname="org.springframework.data.redis.support.collections.RedisListTests" time="0">
    <error message="Cannot get Jedis connection; nested exception is redis.clients.jedis.exceptions.JedisConnectionException: Could not get a resource from the pool" type="org.springframework.data.redis.RedisConnectionFailureException">org.springframework.data.redis.RedisConnectionFailureException: Cannot get Jedis connection; nested exception is redis.clients.jedis.exceptions.JedisConnectionException: Could not get a resource from the pool
Caused by: redis.clients.jedis.exceptions.JedisConnectionException: Could not get a resource from the pool
Caused by: redis.clients.jedis.exceptions.JedisConnectionException: java.net.ConnectException: Conexão recusada
Caused by: java.net.ConnectException: Conexão recusada
</error>
  </testcase>
  <testcase name="testIsEmpty[1]" classname="org.springframework.data.redis.support.collections.RedisListTests" time="0.001">
    <error message="Cannot get Jedis connection; nested exception is redis.clients.jedis.exceptions.JedisConnectionException: Could not get a resource from the pool" type="org.springframework.data.redis.RedisConnectionFailureException">org.springframework.data.redis.RedisConnectionFailureException: Cannot get Jedis connection; nested exception is redis.clients.jedis.exceptions.JedisConnectionException: Could not get a resource from the pool
Caused by: redis.clients.jedis.exceptions.JedisConnectionException: Could not get a resource from the pool
Caused by: redis.clients.jedis.exceptions.JedisConnectionException: java.net.ConnectException: Conexão recusada
Caused by: java.net.ConnectException: Conexão recusada
</error>
  </testcase>
  <testcase name="testIterator[1]" classname="org.springframework.data.redis.support.collections.RedisListTests" time="0">
    <error message="Cannot get Jedis connection; nested exception is redis.clients.jedis.exceptions.JedisConnectionException: Could not get a resource from the pool" type="org.springframework.data.redis.RedisConnectionFailureException">org.springframework.data.redis.RedisConnectionFailureException: Cannot get Jedis connection; nested exception is redis.clients.jedis.exceptions.JedisConnectionException: Could not get a resource from the pool
Caused by: redis.clients.jedis.exceptions.JedisConnectionException: Could not get a resource from the pool
Caused by: redis.clients.jedis.exceptions.JedisConnectionException: java.net.ConnectException: Conexão recusada
Caused by: java.net.ConnectException: Conexão recusada
</error>
  </testcase>
  <testcase name="testIterator[1]" classname="org.springframework.data.redis.support.collections.RedisListTests" time="0.001">
    <error message="Cannot get Jedis connection; nested exception is redis.clients.jedis.exceptions.JedisConnectionException: Could not get a resource from the pool" type="org.springframework.data.redis.RedisConnectionFailureException">org.springframework.data.redis.RedisConnectionFailureException: Cannot get Jedis connection; nested exception is redis.clients.jedis.exceptions.JedisConnectionException: Could not get a resource from the pool
Caused by: redis.clients.jedis.exceptions.JedisConnectionException: Could not get a resource from the pool
Caused by: redis.clients.jedis.exceptions.JedisConnectionException: java.net.ConnectException: Conexão recusada
Caused by: java.net.ConnectException: Conexão recusada
</error>
  </testcase>
  <testcase name="testElement[2]" classname="org.springframework.data.redis.support.collections.RedisListTests" time="0.002">
    <error message="Cannot get Jedis connection; nested exception is redis.clients.jedis.exceptions.JedisConnectionException: Could not get a resource from the pool" type="org.springframework.data.redis.RedisConnectionFailureException">org.springframework.data.redis.RedisConnectionFailureException: Cannot get Jedis connection; nested exception is redis.clients.jedis.exceptions.JedisConnectionException: Could not get a resource from the pool
Caused by: redis.clients.jedis.exceptions.JedisConnectionException: Could not get a resource from the pool
Caused by: redis.clients.jedis.exceptions.JedisConnectionException: java.net.ConnectException: Conexão recusada
Caused by: java.net.ConnectException: Conexão recusada
</error>
  </testcase>
  <testcase name="testElement[2]" classname="org.springframework.data.redis.support.collections.RedisListTests" time="0.002">
    <error message="Cannot get Jedis connection; nested exception is redis.clients.jedis.exceptions.JedisConnectionException: Could not get a resource from the pool" type="org.springframework.data.redis.RedisConnectionFailureException">org.springframework.data.redis.RedisConnectionFailureException: Cannot get Jedis connection; nested exception is redis.clients.jedis.exceptions.JedisConnectionException: Could not get a resource from the pool
Caused by: redis.clients.jedis.exceptions.JedisConnectionException: Could not get a resource from the pool
Caused by: redis.clients.jedis.exceptions.JedisConnectionException: java.net.ConnectException: Conexão recusada
Caused by: java.net.ConnectException: Conexão recusada
</error>
  </testcase>
  <testcase name="testPutFirst[2]" classname="org.springframework.data.redis.support.collections.RedisListTests" time="0.003">
    <error message="Cannot get Jedis connection; nested exception is redis.clients.jedis.exceptions.JedisConnectionException: Could not get a resource from the pool" type="org.springframework.data.redis.RedisConnectionFailureException">org.springframework.data.redis.RedisConnectionFailureException: Cannot get Jedis connection; nested exception is redis.clients.jedis.exceptions.JedisConnectionException: Could not get a resource from the pool
Caused by: redis.clients.jedis.exceptions.JedisConnectionException: Could not get a resource from the pool
Caused by: redis.clients.jedis.exceptions.JedisConnectionException: java.net.ConnectException: Conexão recusada
Caused by: java.net.ConnectException: Conexão recusada
</error>
  </testcase>
  <testcase name="testPutFirst[2]" classname="org.springframework.data.redis.support.collections.RedisListTests" time="0.003">
    <error message="Cannot get Jedis connection; nested exception is redis.clients.jedis.exceptions.JedisConnectionException: Could not get a resource from the pool" type="org.springframework.data.redis.RedisConnectionFailureException">org.springframework.data.redis.RedisConnectionFailureException: Cannot get Jedis connection; nested exception is redis.clients.jedis.exceptions.JedisConnectionException: Could not get a resource from the pool
Caused by: redis.clients.jedis.exceptions.JedisConnectionException: Could not get a resource from the pool
Caused by: redis.clients.jedis.exceptions.JedisConnectionException: java.net.ConnectException: Conexão recusada
Caused by: java.net.ConnectException: Conexão recusada
</error>
  </testcase>
  <testcase name="testPollLastTimeout[2]" classname="org.springframework.data.redis.support.collections.RedisListTests" time="0.001">
    <error message="Cannot get Jedis connection; nested exception is redis.clients.jedis.exceptions.JedisConnectionException: Could not get a resource from the pool" type="org.springframework.data.redis.RedisConnectionFailureException">org.springframework.data.redis.RedisConnectionFailureException: Cannot get Jedis connection; nested exception is redis.clients.jedis.exceptions.JedisConnectionException: Could not get a resource from the pool
Caused by: redis.clients.jedis.exceptions.JedisConnectionException: Could not get a resource from the pool
Caused by: redis.clients.jedis.exceptions.JedisConnectionException: java.net.ConnectException: Conexão recusada
Caused by: java.net.ConnectException: Conexão recusada
</error>
  </testcase>
  <testcase name="testPollLastTimeout[2]" classname="org.springframework.data.redis.support.collections.RedisListTests" time="0.001">
    <error message="Cannot get Jedis connection; nested exception is redis.clients.jedis.exceptions.JedisConnectionException: Could not get a resource from the pool" type="org.springframework.data.redis.RedisConnectionFailureException">org.springframework.data.redis.RedisConnectionFailureException: Cannot get Jedis connection; nested exception is redis.clients.jedis.exceptions.JedisConnectionException: Could not get a resource from the pool
Caused by: redis.clients.jedis.exceptions.JedisConnectionException: Could not get a resource from the pool
Caused by: redis.clients.jedis.exceptions.JedisConnectionException: java.net.ConnectException: Conexão recusada
Caused by: java.net.ConnectException: Conexão recusada
</error>
  </testcase>
  <testcase name="testPeekFirst[2]" classname="org.springframework.data.redis.support.collections.RedisListTests" time="0">
    <error message="Cannot get Jedis connection; nested exception is redis.clients.jedis.exceptions.JedisConnectionException: Could not get a resource from the pool" type="org.springframework.data.redis.RedisConnectionFailureException">org.springframework.data.redis.RedisConnectionFailureException: Cannot get Jedis connection; nested exception is redis.clients.jedis.exceptions.JedisConnectionException: Could not get a resource from the pool
Caused by: redis.clients.jedis.exceptions.JedisConnectionException: Could not get a resource from the pool
Caused by: redis.clients.jedis.exceptions.JedisConnectionException: java.net.ConnectException: Conexão recusada
Caused by: java.net.ConnectException: Conexão recusada
</error>
  </testcase>
  <testcase name="testPeekFirst[2]" classname="org.springframework.data.redis.support.collections.RedisListTests" time="0">
    <error message="Cannot get Jedis connection; nested exception is redis.clients.jedis.exceptions.JedisConnectionException: Could not get a resource from the pool" type="org.springframework.data.redis.RedisConnectionFailureException">org.springframework.data.redis.RedisConnectionFailureException: Cannot get Jedis connection; nested exception is redis.clients.jedis.exceptions.JedisConnectionException: Could not get a resource from the pool
Caused by: redis.clients.jedis.exceptions.JedisConnectionException: Could not get a resource from the pool
Caused by: redis.clients.jedis.exceptions.JedisConnectionException: java.net.ConnectException: Conexão recusada
Caused by: java.net.ConnectException: Conexão recusada
</error>
  </testcase>
  <testcase name="testOfferLast[2]" classname="org.springframework.data.redis.support.collections.RedisListTests" time="0.001">
    <error message="Cannot get Jedis connection; nested exception is redis.clients.jedis.exceptions.JedisConnectionException: Could not get a resource from the pool" type="org.springframework.data.redis.RedisConnectionFailureException">org.springframework.data.redis.RedisConnectionFailureException: Cannot get Jedis connection; nested exception is redis.clients.jedis.exceptions.JedisConnectionException: Could not get a resource from the pool
Caused by: redis.clients.jedis.exceptions.JedisConnectionException: Could not get a resource from the pool
Caused by: redis.clients.jedis.exceptions.JedisConnectionException: java.net.ConnectException: Conexão recusada
Caused by: java.net.ConnectException: Conexão recusada
</error>
  </testcase>
  <testcase name="testOfferLast[2]" classname="org.springframework.data.redis.support.collections.RedisListTests" time="0.001">
    <error message="Cannot get Jedis connection; nested exception is redis.clients.jedis.exceptions.JedisConnectionException: Could not get a resource from the pool" type="org.springframework.data.redis.RedisConnectionFailureException">org.springframework.data.redis.RedisConnectionFailureException: Cannot get Jedis connection; nested exception is redis.clients.jedis.exceptions.JedisConnectionException: Could not get a resource from the pool
Caused by: redis.clients.jedis.exceptions.JedisConnectionException: Could not get a resource from the pool
Caused by: redis.clients.jedis.exceptions.JedisConnectionException: java.net.ConnectException: Conexão recusada
Caused by: java.net.ConnectException: Conexão recusada
</error>
  </testcase>
  <testcase name="testGetFirst[2]" classname="org.springframework.data.redis.support.collections.RedisListTests" time="0.001">
    <error message="Cannot get Jedis connection; nested exception is redis.clients.jedis.exceptions.JedisConnectionException: Could not get a resource from the pool" type="org.springframework.data.redis.RedisConnectionFailureException">org.springframework.data.redis.RedisConnectionFailureException: Cannot get Jedis connection; nested exception is redis.clients.jedis.exceptions.JedisConnectionException: Could not get a resource from the pool
Caused by: redis.clients.jedis.exceptions.JedisConnectionException: Could not get a resource from the pool
Caused by: redis.clients.jedis.exceptions.JedisConnectionException: java.net.ConnectException: Conexão recusada
Caused by: java.net.ConnectException: Conexão recusada
</error>
  </testcase>
  <testcase name="testGetFirst[2]" classname="org.springframework.data.redis.support.collections.RedisListTests" time="0.001">
    <error message="Cannot get Jedis connection; nested exception is redis.clients.jedis.exceptions.JedisConnectionException: Could not get a resource from the pool" type="org.springframework.data.redis.RedisConnectionFailureException">org.springframework.data.redis.RedisConnectionFailureException: Cannot get Jedis connection; nested exception is redis.clients.jedis.exceptions.JedisConnectionException: Could not get a resource from the pool
Caused by: redis.clients.jedis.exceptions.JedisConnectionException: Could not get a resource from the pool
Caused by: redis.clients.jedis.exceptions.JedisConnectionException: java.net.ConnectException: Conexão recusada
Caused by: java.net.ConnectException: Conexão recusada
</error>
  </testcase>
  <testcase name="testAddLast[2]" classname="org.springframework.data.redis.support.collections.RedisListTests" time="0.001">
    <error message="Cannot get Jedis connection; nested exception is redis.clients.jedis.exceptions.JedisConnectionException: Could not get a resource from the pool" type="org.springframework.data.redis.RedisConnectionFailureException">org.springframework.data.redis.RedisConnectionFailureException: Cannot get Jedis connection; nested exception is redis.clients.jedis.exceptions.JedisConnectionException: Could not get a resource from the pool
Caused by: redis.clients.jedis.exceptions.JedisConnectionException: Could not get a resource from the pool
Caused by: redis.clients.jedis.exceptions.JedisConnectionException: java.net.ConnectException: Conexão recusada
Caused by: java.net.ConnectException: Conexão recusada
</error>
  </testcase>
  <testcase name="testAddLast[2]" classname="org.springframework.data.redis.support.collections.RedisListTests" time="0.001">
    <error message="Cannot get Jedis connection; nested exception is redis.clients.jedis.exceptions.JedisConnectionException: Could not get a resource from the pool" type="org.springframework.data.redis.RedisConnectionFailureException">org.springframework.data.redis.RedisConnectionFailureException: Cannot get Jedis connection; nested exception is redis.clients.jedis.exceptions.JedisConnectionException: Could not get a resource from the pool
Caused by: redis.clients.jedis.exceptions.JedisConnectionException: Could not get a resource from the pool
Caused by: redis.clients.jedis.exceptions.JedisConnectionException: java.net.ConnectException: Conexão recusada
Caused by: java.net.ConnectException: Conexão recusada
</error>
  </testcase>
  <testcase name="testPop[2]" classname="org.springframework.data.redis.support.collections.RedisListTests" time="0">
    <error message="Cannot get Jedis connection; nested exception is redis.clients.jedis.exceptions.JedisConnectionException: Could not get a resource from the pool" type="org.springframework.data.redis.RedisConnectionFailureException">org.springframework.data.redis.RedisConnectionFailureException: Cannot get Jedis connection; nested exception is redis.clients.jedis.exceptions.JedisConnectionException: Could not get a resource from the pool
Caused by: redis.clients.jedis.exceptions.JedisConnectionException: Could not get a resource from the pool
Caused by: redis.clients.jedis.exceptions.JedisConnectionException: java.net.ConnectException: Conexão recusada
Caused by: java.net.ConnectException: Conexão recusada
</error>
  </testcase>
  <testcase name="testPop[2]" classname="org.springframework.data.redis.support.collections.RedisListTests" time="0">
    <error message="Cannot get Jedis connection; nested exception is redis.clients.jedis.exceptions.JedisConnectionException: Could not get a resource from the pool" type="org.springframework.data.redis.RedisConnectionFailureException">org.springframework.data.redis.RedisConnectionFailureException: Cannot get Jedis connection; nested exception is redis.clients.jedis.exceptions.JedisConnectionException: Could not get a resource from the pool
Caused by: redis.clients.jedis.exceptions.JedisConnectionException: Could not get a resource from the pool
Caused by: redis.clients.jedis.exceptions.JedisConnectionException: java.net.ConnectException: Conexão recusada
Caused by: java.net.ConnectException: Conexão recusada
</error>
  </testcase>
  <testcase name="testPut[2]" classname="org.springframework.data.redis.support.collections.RedisListTests" time="0.001">
    <error message="Cannot get Jedis connection; nested exception is redis.clients.jedis.exceptions.JedisConnectionException: Could not get a resource from the pool" type="org.springframework.data.redis.RedisConnectionFailureException">org.springframework.data.redis.RedisConnectionFailureException: Cannot get Jedis connection; nested exception is redis.clients.jedis.exceptions.JedisConnectionException: Could not get a resource from the pool
Caused by: redis.clients.jedis.exceptions.JedisConnectionException: Could not get a resource from the pool
Caused by: redis.clients.jedis.exceptions.JedisConnectionException: java.net.ConnectException: Conexão recusada
Caused by: java.net.ConnectException: Conexão recusada
</error>
  </testcase>
  <testcase name="testPut[2]" classname="org.springframework.data.redis.support.collections.RedisListTests" time="0.001">
    <error message="Cannot get Jedis connection; nested exception is redis.clients.jedis.exceptions.JedisConnectionException: Could not get a resource from the pool" type="org.springframework.data.redis.RedisConnectionFailureException">org.springframework.data.redis.RedisConnectionFailureException: Cannot get Jedis connection; nested exception is redis.clients.jedis.exceptions.JedisConnectionException: Could not get a resource from the pool
Caused by: redis.clients.jedis.exceptions.JedisConnectionException: Could not get a resource from the pool
Caused by: redis.clients.jedis.exceptions.JedisConnectionException: java.net.ConnectException: Conexão recusada
Caused by: java.net.ConnectException: Conexão recusada
</error>
  </testcase>
  <testcase name="testSet[2]" classname="org.springframework.data.redis.support.collections.RedisListTests" time="0">
    <error message="Cannot get Jedis connection; nested exception is redis.clients.jedis.exceptions.JedisConnectionException: Could not get a resource from the pool" type="org.springframework.data.redis.RedisConnectionFailureException">org.springframework.data.redis.RedisConnectionFailureException: Cannot get Jedis connection; nested exception is redis.clients.jedis.exceptions.JedisConnectionException: Could not get a resource from the pool
Caused by: redis.clients.jedis.exceptions.JedisConnectionException: Could not get a resource from the pool
Caused by: redis.clients.jedis.exceptions.JedisConnectionException: java.net.ConnectException: Conexão recusada
Caused by: java.net.ConnectException: Conexão recusada
</error>
  </testcase>
  <testcase name="testSet[2]" classname="org.springframework.data.redis.support.collections.RedisListTests" time="0.001">
    <error message="Cannot get Jedis connection; nested exception is redis.clients.jedis.exceptions.JedisConnectionException: Could not get a resource from the pool" type="org.springframework.data.redis.RedisConnectionFailureException">org.springframework.data.redis.RedisConnectionFailureException: Cannot get Jedis connection; nested exception is redis.clients.jedis.exceptions.JedisConnectionException: Could not get a resource from the pool
Caused by: redis.clients.jedis.exceptions.JedisConnectionException: Could not get a resource from the pool
Caused by: redis.clients.jedis.exceptions.JedisConnectionException: java.net.ConnectException: Conexão recusada
Caused by: java.net.ConnectException: Conexão recusada
</error>
  </testcase>
  <testcase name="testOffer[2]" classname="org.springframework.data.redis.support.collections.RedisListTests" time="0">
    <error message="Cannot get Jedis connection; nested exception is redis.clients.jedis.exceptions.JedisConnectionException: Could not get a resource from the pool" type="org.springframework.data.redis.RedisConnectionFailureException">org.springframework.data.redis.RedisConnectionFailureException: Cannot get Jedis connection; nested exception is redis.clients.jedis.exceptions.JedisConnectionException: Could not get a resource from the pool
Caused by: redis.clients.jedis.exceptions.JedisConnectionException: Could not get a resource from the pool
Caused by: redis.clients.jedis.exceptions.JedisConnectionException: java.net.ConnectException: Conexão recusada
Caused by: java.net.ConnectException: Conexão recusada
</error>
  </testcase>
  <testcase name="testOffer[2]" classname="org.springframework.data.redis.support.collections.RedisListTests" time="0.001">
    <error message="Cannot get Jedis connection; nested exception is redis.clients.jedis.exceptions.JedisConnectionException: Could not get a resource from the pool" type="org.springframework.data.redis.RedisConnectionFailureException">org.springframework.data.redis.RedisConnectionFailureException: Cannot get Jedis connection; nested exception is redis.clients.jedis.exceptions.JedisConnectionException: Could not get a resource from the pool
Caused by: redis.clients.jedis.exceptions.JedisConnectionException: Could not get a resource from the pool
Caused by: redis.clients.jedis.exceptions.JedisConnectionException: java.net.ConnectException: Conexão recusada
Caused by: java.net.ConnectException: Conexão recusada
</error>
  </testcase>
  <testcase name="testRange[2]" classname="org.springframework.data.redis.support.collections.RedisListTests" time="0">
    <error message="Cannot get Jedis connection; nested exception is redis.clients.jedis.exceptions.JedisConnectionException: Could not get a resource from the pool" type="org.springframework.data.redis.RedisConnectionFailureException">org.springframework.data.redis.RedisConnectionFailureException: Cannot get Jedis connection; nested exception is redis.clients.jedis.exceptions.JedisConnectionException: Could not get a resource from the pool
Caused by: redis.clients.jedis.exceptions.JedisConnectionException: Could not get a resource from the pool
Caused by: redis.clients.jedis.exceptions.JedisConnectionException: java.net.ConnectException: Conexão recusada
Caused by: java.net.ConnectException: Conexão recusada
</error>
  </testcase>
  <testcase name="testRange[2]" classname="org.springframework.data.redis.support.collections.RedisListTests" time="0.001">
    <error message="Cannot get Jedis connection; nested exception is redis.clients.jedis.exceptions.JedisConnectionException: Could not get a resource from the pool" type="org.springframework.data.redis.RedisConnectionFailureException">org.springframework.data.redis.RedisConnectionFailureException: Cannot get Jedis connection; nested exception is redis.clients.jedis.exceptions.JedisConnectionException: Could not get a resource from the pool
Caused by: redis.clients.jedis.exceptions.JedisConnectionException: Could not get a resource from the pool
Caused by: redis.clients.jedis.exceptions.JedisConnectionException: java.net.ConnectException: Conexão recusada
Caused by: java.net.ConnectException: Conexão recusada
</error>
  </testcase>
  <testcase name="testLast[2]" classname="org.springframework.data.redis.support.collections.RedisListTests" time="0.001">
    <error message="Cannot get Jedis connection; nested exception is redis.clients.jedis.exceptions.JedisConnectionException: Could not get a resource from the pool" type="org.springframework.data.redis.RedisConnectionFailureException">org.springframework.data.redis.RedisConnectionFailureException: Cannot get Jedis connection; nested exception is redis.clients.jedis.exceptions.JedisConnectionException: Could not get a resource from the pool
Caused by: redis.clients.jedis.exceptions.JedisConnectionException: Could not get a resource from the pool
Caused by: redis.clients.jedis.exceptions.JedisConnectionException: java.net.ConnectException: Conexão recusada
Caused by: java.net.ConnectException: Conexão recusada
</error>
  </testcase>
  <testcase name="testLast[2]" classname="org.springframework.data.redis.support.collections.RedisListTests" time="0.001">
    <error message="Cannot get Jedis connection; nested exception is redis.clients.jedis.exceptions.JedisConnectionException: Could not get a resource from the pool" type="org.springframework.data.redis.RedisConnectionFailureException">org.springframework.data.redis.RedisConnectionFailureException: Cannot get Jedis connection; nested exception is redis.clients.jedis.exceptions.JedisConnectionException: Could not get a resource from the pool
Caused by: redis.clients.jedis.exceptions.JedisConnectionException: Could not get a resource from the pool
Caused by: redis.clients.jedis.exceptions.JedisConnectionException: java.net.ConnectException: Conexão recusada
Caused by: java.net.ConnectException: Conexão recusada
</error>
  </testcase>
  <testcase name="testPeek[2]" classname="org.springframework.data.redis.support.collections.RedisListTests" time="0">
    <error message="Cannot get Jedis connection; nested exception is redis.clients.jedis.exceptions.JedisConnectionException: Could not get a resource from the pool" type="org.springframework.data.redis.RedisConnectionFailureException">org.springframework.data.redis.RedisConnectionFailureException: Cannot get Jedis connection; nested exception is redis.clients.jedis.exceptions.JedisConnectionException: Could not get a resource from the pool
Caused by: redis.clients.jedis.exceptions.JedisConnectionException: Could not get a resource from the pool
Caused by: redis.clients.jedis.exceptions.JedisConnectionException: java.net.ConnectException: Conexão recusada
Caused by: java.net.ConnectException: Conexão recusada
</error>
  </testcase>
  <testcase name="testPeek[2]" classname="org.springframework.data.redis.support.collections.RedisListTests" time="0.001">
    <error message="Cannot get Jedis connection; nested exception is redis.clients.jedis.exceptions.JedisConnectionException: Could not get a resource from the pool" type="org.springframework.data.redis.RedisConnectionFailureException">org.springframework.data.redis.RedisConnectionFailureException: Cannot get Jedis connection; nested exception is redis.clients.jedis.exceptions.JedisConnectionException: Could not get a resource from the pool
Caused by: redis.clients.jedis.exceptions.JedisConnectionException: Could not get a resource from the pool
Caused by: redis.clients.jedis.exceptions.JedisConnectionException: java.net.ConnectException: Conexão recusada
Caused by: java.net.ConnectException: Conexão recusada
</error>
  </testcase>
  <testcase name="testPoll[2]" classname="org.springframework.data.redis.support.collections.RedisListTests" time="0">
    <error message="Cannot get Jedis connection; nested exception is redis.clients.jedis.exceptions.JedisConnectionException: Could not get a resource from the pool" type="org.springframework.data.redis.RedisConnectionFailureException">org.springframework.data.redis.RedisConnectionFailureException: Cannot get Jedis connection; nested exception is redis.clients.jedis.exceptions.JedisConnectionException: Could not get a resource from the pool
Caused by: redis.clients.jedis.exceptions.JedisConnectionException: Could not get a resource from the pool
Caused by: redis.clients.jedis.exceptions.JedisConnectionException: java.net.ConnectException: Conexão recusada
Caused by: java.net.ConnectException: Conexão recusada
</error>
  </testcase>
  <testcase name="testPoll[2]" classname="org.springframework.data.redis.support.collections.RedisListTests" time="0.001">
    <error message="Cannot get Jedis connection; nested exception is redis.clients.jedis.exceptions.JedisConnectionException: Could not get a resource from the pool" type="org.springframework.data.redis.RedisConnectionFailureException">org.springframework.data.redis.RedisConnectionFailureException: Cannot get Jedis connection; nested exception is redis.clients.jedis.exceptions.JedisConnectionException: Could not get a resource from the pool
Caused by: redis.clients.jedis.exceptions.JedisConnectionException: Could not get a resource from the pool
Caused by: redis.clients.jedis.exceptions.JedisConnectionException: java.net.ConnectException: Conexão recusada
Caused by: java.net.ConnectException: Conexão recusada
</error>
  </testcase>
  <testcase name="testTake[2]" classname="org.springframework.data.redis.support.collections.RedisListTests" time="0">
    <error message="Cannot get Jedis connection; nested exception is redis.clients.jedis.exceptions.JedisConnectionException: Could not get a resource from the pool" type="org.springframework.data.redis.RedisConnectionFailureException">org.springframework.data.redis.RedisConnectionFailureException: Cannot get Jedis connection; nested exception is redis.clients.jedis.exceptions.JedisConnectionException: Could not get a resource from the pool
Caused by: redis.clients.jedis.exceptions.JedisConnectionException: Could not get a resource from the pool
Caused by: redis.clients.jedis.exceptions.JedisConnectionException: java.net.ConnectException: Conexão recusada
Caused by: java.net.ConnectException: Conexão recusada
</error>
  </testcase>
  <testcase name="testTake[2]" classname="org.springframework.data.redis.support.collections.RedisListTests" time="0">
    <error message="Cannot get Jedis connection; nested exception is redis.clients.jedis.exceptions.JedisConnectionException: Could not get a resource from the pool" type="org.springframework.data.redis.RedisConnectionFailureException">org.springframework.data.redis.RedisConnectionFailureException: Cannot get Jedis connection; nested exception is redis.clients.jedis.exceptions.JedisConnectionException: Could not get a resource from the pool
Caused by: redis.clients.jedis.exceptions.JedisConnectionException: Could not get a resource from the pool
Caused by: redis.clients.jedis.exceptions.JedisConnectionException: java.net.ConnectException: Conexão recusada
Caused by: java.net.ConnectException: Conexão recusada
</error>
  </testcase>
  <testcase name="testTrim[2]" classname="org.springframework.data.redis.support.collections.RedisListTests" time="0.001">
    <error message="Cannot get Jedis connection; nested exception is redis.clients.jedis.exceptions.JedisConnectionException: Could not get a resource from the pool" type="org.springframework.data.redis.RedisConnectionFailureException">org.springframework.data.redis.RedisConnectionFailureException: Cannot get Jedis connection; nested exception is redis.clients.jedis.exceptions.JedisConnectionException: Could not get a resource from the pool
Caused by: redis.clients.jedis.exceptions.JedisConnectionException: Could not get a resource from the pool
Caused by: redis.clients.jedis.exceptions.JedisConnectionException: java.net.ConnectException: Conexão recusada
Caused by: java.net.ConnectException: Conexão recusada
</error>
  </testcase>
  <testcase name="testTrim[2]" classname="org.springframework.data.redis.support.collections.RedisListTests" time="0.001">
    <error message="Cannot get Jedis connection; nested exception is redis.clients.jedis.exceptions.JedisConnectionException: Could not get a resource from the pool" type="org.springframework.data.redis.RedisConnectionFailureException">org.springframework.data.redis.RedisConnectionFailureException: Cannot get Jedis connection; nested exception is redis.clients.jedis.exceptions.JedisConnectionException: Could not get a resource from the pool
Caused by: redis.clients.jedis.exceptions.JedisConnectionException: Could not get a resource from the pool
Caused by: redis.clients.jedis.exceptions.JedisConnectionException: java.net.ConnectException: Conexão recusada
Caused by: java.net.ConnectException: Conexão recusada
</error>
  </testcase>
  <testcase name="testDrainToCollection[2]" classname="org.springframework.data.redis.support.collections.RedisListTests" time="0.001">
    <error message="Cannot get Jedis connection; nested exception is redis.clients.jedis.exceptions.JedisConnectionException: Could not get a resource from the pool" type="org.springframework.data.redis.RedisConnectionFailureException">org.springframework.data.redis.RedisConnectionFailureException: Cannot get Jedis connection; nested exception is redis.clients.jedis.exceptions.JedisConnectionException: Could not get a resource from the pool
Caused by: redis.clients.jedis.exceptions.JedisConnectionException: Could not get a resource from the pool
Caused by: redis.clients.jedis.exceptions.JedisConnectionException: java.net.ConnectException: Conexão recusada
Caused by: java.net.ConnectException: Conexão recusada
</error>
  </testcase>
  <testcase name="testDrainToCollection[2]" classname="org.springframework.data.redis.support.collections.RedisListTests" time="0.001">
    <error message="Cannot get Jedis connection; nested exception is redis.clients.jedis.exceptions.JedisConnectionException: Could not get a resource from the pool" type="org.springframework.data.redis.RedisConnectionFailureException">org.springframework.data.redis.RedisConnectionFailureException: Cannot get Jedis connection; nested exception is redis.clients.jedis.exceptions.JedisConnectionException: Could not get a resource from the pool
Caused by: redis.clients.jedis.exceptions.JedisConnectionException: Could not get a resource from the pool
Caused by: redis.clients.jedis.exceptions.JedisConnectionException: java.net.ConnectException: Conexão recusada
Caused by: java.net.ConnectException: Conexão recusada
</error>
  </testcase>
  <testcase name="testRemoveFirst[2]" classname="org.springframework.data.redis.support.collections.RedisListTests" time="0.001">
    <error message="Cannot get Jedis connection; nested exception is redis.clients.jedis.exceptions.JedisConnectionException: Could not get a resource from the pool" type="org.springframework.data.redis.RedisConnectionFailureException">org.springframework.data.redis.RedisConnectionFailureException: Cannot get Jedis connection; nested exception is redis.clients.jedis.exceptions.JedisConnectionException: Could not get a resource from the pool
Caused by: redis.clients.jedis.exceptions.JedisConnectionException: Could not get a resource from the pool
Caused by: redis.clients.jedis.exceptions.JedisConnectionException: java.net.ConnectException: Conexão recusada
Caused by: java.net.ConnectException: Conexão recusada
</error>
  </testcase>
  <testcase name="testRemoveFirst[2]" classname="org.springframework.data.redis.support.collections.RedisListTests" time="0.001">
    <error message="Cannot get Jedis connection; nested exception is redis.clients.jedis.exceptions.JedisConnectionException: Could not get a resource from the pool" type="org.springframework.data.redis.RedisConnectionFailureException">org.springframework.data.redis.RedisConnectionFailureException: Cannot get Jedis connection; nested exception is redis.clients.jedis.exceptions.JedisConnectionException: Could not get a resource from the pool
Caused by: redis.clients.jedis.exceptions.JedisConnectionException: Could not get a resource from the pool
Caused by: redis.clients.jedis.exceptions.JedisConnectionException: java.net.ConnectException: Conexão recusada
Caused by: java.net.ConnectException: Conexão recusada
</error>
  </testcase>
  <testcase name="testRemoveIndex[2]" classname="org.springframework.data.redis.support.collections.RedisListTests" time="0.001">
    <error message="Cannot get Jedis connection; nested exception is redis.clients.jedis.exceptions.JedisConnectionException: Could not get a resource from the pool" type="org.springframework.data.redis.RedisConnectionFailureException">org.springframework.data.redis.RedisConnectionFailureException: Cannot get Jedis connection; nested exception is redis.clients.jedis.exceptions.JedisConnectionException: Could not get a resource from the pool
Caused by: redis.clients.jedis.exceptions.JedisConnectionException: Could not get a resource from the pool
Caused by: redis.clients.jedis.exceptions.JedisConnectionException: java.net.ConnectException: Conexão recusada
Caused by: java.net.ConnectException: Conexão recusada
</error>
  </testcase>
  <testcase name="testPutLast[2]" classname="org.springframework.data.redis.support.collections.RedisListTests" time="0">
    <error message="Cannot get Jedis connection; nested exception is redis.clients.jedis.exceptions.JedisConnectionException: Could not get a resource from the pool" type="org.springframework.data.redis.RedisConnectionFailureException">org.springframework.data.redis.RedisConnectionFailureException: Cannot get Jedis connection; nested exception is redis.clients.jedis.exceptions.JedisConnectionException: Could not get a resource from the pool
Caused by: redis.clients.jedis.exceptions.JedisConnectionException: Could not get a resource from the pool
Caused by: redis.clients.jedis.exceptions.JedisConnectionException: java.net.ConnectException: Conexão recusada
Caused by: java.net.ConnectException: Conexão recusada
</error>
  </testcase>
  <testcase name="testPutLast[2]" classname="org.springframework.data.redis.support.collections.RedisListTests" time="0.001">
    <error message="Cannot get Jedis connection; nested exception is redis.clients.jedis.exceptions.JedisConnectionException: Could not get a resource from the pool" type="org.springframework.data.redis.RedisConnectionFailureException">org.springframework.data.redis.RedisConnectionFailureException: Cannot get Jedis connection; nested exception is redis.clients.jedis.exceptions.JedisConnectionException: Could not get a resource from the pool
Caused by: redis.clients.jedis.exceptions.JedisConnectionException: Could not get a resource from the pool
Caused by: redis.clients.jedis.exceptions.JedisConnectionException: java.net.ConnectException: Conexão recusada
Caused by: java.net.ConnectException: Conexão recusada
</error>
  </testcase>
  <testcase name="testOfferFirst[2]" classname="org.springframework.data.redis.support.collections.RedisListTests" time="0">
    <error message="Cannot get Jedis connection; nested exception is redis.clients.jedis.exceptions.JedisConnectionException: Could not get a resource from the pool" type="org.springframework.data.redis.RedisConnectionFailureException">org.springframework.data.redis.RedisConnectionFailureException: Cannot get Jedis connection; nested exception is redis.clients.jedis.exceptions.JedisConnectionException: Could not get a resource from the pool
Caused by: redis.clients.jedis.exceptions.JedisConnectionException: Could not get a resource from the pool
Caused by: redis.clients.jedis.exceptions.JedisConnectionException: java.net.ConnectException: Conexão recusada
Caused by: java.net.ConnectException: Conexão recusada
</error>
  </testcase>
  <testcase name="testOfferFirst[2]" classname="org.springframework.data.redis.support.collections.RedisListTests" time="0.001">
    <error message="Cannot get Jedis connection; nested exception is redis.clients.jedis.exceptions.JedisConnectionException: Could not get a resource from the pool" type="org.springframework.data.redis.RedisConnectionFailureException">org.springframework.data.redis.RedisConnectionFailureException: Cannot get Jedis connection; nested exception is redis.clients.jedis.exceptions.JedisConnectionException: Could not get a resource from the pool
Caused by: redis.clients.jedis.exceptions.JedisConnectionException: Could not get a resource from the pool
Caused by: redis.clients.jedis.exceptions.JedisConnectionException: java.net.ConnectException: Conexão recusada
Caused by: java.net.ConnectException: Conexão recusada
</error>
  </testcase>
  <testcase name="testDescendingIterator[2]" classname="org.springframework.data.redis.support.collections.RedisListTests" time="0">
    <error message="Cannot get Jedis connection; nested exception is redis.clients.jedis.exceptions.JedisConnectionException: Could not get a resource from the pool" type="org.springframework.data.redis.RedisConnectionFailureException">org.springframework.data.redis.RedisConnectionFailureException: Cannot get Jedis connection; nested exception is redis.clients.jedis.exceptions.JedisConnectionException: Could not get a resource from the pool
Caused by: redis.clients.jedis.exceptions.JedisConnectionException: Could not get a resource from the pool
Caused by: redis.clients.jedis.exceptions.JedisConnectionException: java.net.ConnectException: Conexão recusada
Caused by: java.net.ConnectException: Conexão recusada
</error>
  </testcase>
  <testcase name="testDescendingIterator[2]" classname="org.springframework.data.redis.support.collections.RedisListTests" time="0.001">
    <error message="Cannot get Jedis connection; nested exception is redis.clients.jedis.exceptions.JedisConnectionException: Could not get a resource from the pool" type="org.springframework.data.redis.RedisConnectionFailureException">org.springframework.data.redis.RedisConnectionFailureException: Cannot get Jedis connection; nested exception is redis.clients.jedis.exceptions.JedisConnectionException: Could not get a resource from the pool
Caused by: redis.clients.jedis.exceptions.JedisConnectionException: Could not get a resource from the pool
Caused by: redis.clients.jedis.exceptions.JedisConnectionException: java.net.ConnectException: Conexão recusada
Caused by: java.net.ConnectException: Conexão recusada
</error>
  </testcase>
  <testcase name="testAddFirst[2]" classname="org.springframework.data.redis.support.collections.RedisListTests" time="0">
    <error message="Cannot get Jedis connection; nested exception is redis.clients.jedis.exceptions.JedisConnectionException: Could not get a resource from the pool" type="org.springframework.data.redis.RedisConnectionFailureException">org.springframework.data.redis.RedisConnectionFailureException: Cannot get Jedis connection; nested exception is redis.clients.jedis.exceptions.JedisConnectionException: Could not get a resource from the pool
Caused by: redis.clients.jedis.exceptions.JedisConnectionException: Could not get a resource from the pool
Caused by: redis.clients.jedis.exceptions.JedisConnectionException: java.net.ConnectException: Conexão recusada
Caused by: java.net.ConnectException: Conexão recusada
</error>
  </testcase>
  <testcase name="testAddFirst[2]" classname="org.springframework.data.redis.support.collections.RedisListTests" time="0.001">
    <error message="Cannot get Jedis connection; nested exception is redis.clients.jedis.exceptions.JedisConnectionException: Could not get a resource from the pool" type="org.springframework.data.redis.RedisConnectionFailureException">org.springframework.data.redis.RedisConnectionFailureException: Cannot get Jedis connection; nested exception is redis.clients.jedis.exceptions.JedisConnectionException: Could not get a resource from the pool
Caused by: redis.clients.jedis.exceptions.JedisConnectionException: Could not get a resource from the pool
Caused by: redis.clients.jedis.exceptions.JedisConnectionException: java.net.ConnectException: Conexão recusada
Caused by: java.net.ConnectException: Conexão recusada
</error>
  </testcase>
  <testcase name="testDrainToCollectionWithMaxElements[2]" classname="org.springframework.data.redis.support.collections.RedisListTests" time="0.001">
    <error message="Cannot get Jedis connection; nested exception is redis.clients.jedis.exceptions.JedisConnectionException: Could not get a resource from the pool" type="org.springframework.data.redis.RedisConnectionFailureException">org.springframework.data.redis.RedisConnectionFailureException: Cannot get Jedis connection; nested exception is redis.clients.jedis.exceptions.JedisConnectionException: Could not get a resource from the pool
Caused by: redis.clients.jedis.exceptions.JedisConnectionException: Could not get a resource from the pool
Caused by: redis.clients.jedis.exceptions.JedisConnectionException: java.net.ConnectException: Conexão recusada
Caused by: java.net.ConnectException: Conexão recusada
</error>
  </testcase>
  <testcase name="testDrainToCollectionWithMaxElements[2]" classname="org.springframework.data.redis.support.collections.RedisListTests" time="0.001">
    <error message="Cannot get Jedis connection; nested exception is redis.clients.jedis.exceptions.JedisConnectionException: Could not get a resource from the pool" type="org.springframework.data.redis.RedisConnectionFailureException">org.springframework.data.redis.RedisConnectionFailureException: Cannot get Jedis connection; nested exception is redis.clients.jedis.exceptions.JedisConnectionException: Could not get a resource from the pool
Caused by: redis.clients.jedis.exceptions.JedisConnectionException: Could not get a resource from the pool
Caused by: redis.clients.jedis.exceptions.JedisConnectionException: java.net.ConnectException: Conexão recusada
Caused by: java.net.ConnectException: Conexão recusada
</error>
  </testcase>
  <testcase name="testTakeLast[2]" classname="org.springframework.data.redis.support.collections.RedisListTests" time="0">
    <error message="Cannot get Jedis connection; nested exception is redis.clients.jedis.exceptions.JedisConnectionException: Could not get a resource from the pool" type="org.springframework.data.redis.RedisConnectionFailureException">org.springframework.data.redis.RedisConnectionFailureException: Cannot get Jedis connection; nested exception is redis.clients.jedis.exceptions.JedisConnectionException: Could not get a resource from the pool
Caused by: redis.clients.jedis.exceptions.JedisConnectionException: Could not get a resource from the pool
Caused by: redis.clients.jedis.exceptions.JedisConnectionException: java.net.ConnectException: Conexão recusada
Caused by: java.net.ConnectException: Conexão recusada
</error>
  </testcase>
  <testcase name="testTakeLast[2]" classname="org.springframework.data.redis.support.collections.RedisListTests" time="0.001">
    <error message="Cannot get Jedis connection; nested exception is redis.clients.jedis.exceptions.JedisConnectionException: Could not get a resource from the pool" type="org.springframework.data.redis.RedisConnectionFailureException">org.springframework.data.redis.RedisConnectionFailureException: Cannot get Jedis connection; nested exception is redis.clients.jedis.exceptions.JedisConnectionException: Could not get a resource from the pool
Caused by: redis.clients.jedis.exceptions.JedisConnectionException: Could not get a resource from the pool
Caused by: redis.clients.jedis.exceptions.JedisConnectionException: java.net.ConnectException: Conexão recusada
Caused by: java.net.ConnectException: Conexão recusada
</error>
  </testcase>
  <testcase name="testRemainingCapacity[2]" classname="org.springframework.data.redis.support.collections.RedisListTests" time="0">
    <error message="Cannot get Jedis connection; nested exception is redis.clients.jedis.exceptions.JedisConnectionException: Could not get a resource from the pool" type="org.springframework.data.redis.RedisConnectionFailureException">org.springframework.data.redis.RedisConnectionFailureException: Cannot get Jedis connection; nested exception is redis.clients.jedis.exceptions.JedisConnectionException: Could not get a resource from the pool
Caused by: redis.clients.jedis.exceptions.JedisConnectionException: Could not get a resource from the pool
Caused by: redis.clients.jedis.exceptions.JedisConnectionException: java.net.ConnectException: Conexão recusada
Caused by: java.net.ConnectException: Conexão recusada
</error>
  </testcase>
  <testcase name="testRemoveLast[2]" classname="org.springframework.data.redis.support.collections.RedisListTests" time="0.001">
    <error message="Cannot get Jedis connection; nested exception is redis.clients.jedis.exceptions.JedisConnectionException: Could not get a resource from the pool" type="org.springframework.data.redis.RedisConnectionFailureException">org.springframework.data.redis.RedisConnectionFailureException: Cannot get Jedis connection; nested exception is redis.clients.jedis.exceptions.JedisConnectionException: Could not get a resource from the pool
Caused by: redis.clients.jedis.exceptions.JedisConnectionException: Could not get a resource from the pool
Caused by: redis.clients.jedis.exceptions.JedisConnectionException: java.net.ConnectException: Conexão recusada
Caused by: java.net.ConnectException: Conexão recusada
</error>
  </testcase>
  <testcase name="testRemoveLast[2]" classname="org.springframework.data.redis.support.collections.RedisListTests" time="0.001">
    <error message="Cannot get Jedis connection; nested exception is redis.clients.jedis.exceptions.JedisConnectionException: Could not get a resource from the pool" type="org.springframework.data.redis.RedisConnectionFailureException">org.springframework.data.redis.RedisConnectionFailureException: Cannot get Jedis connection; nested exception is redis.clients.jedis.exceptions.JedisConnectionException: Could not get a resource from the pool
Caused by: redis.clients.jedis.exceptions.JedisConnectionException: Could not get a resource from the pool
Caused by: redis.clients.jedis.exceptions.JedisConnectionException: java.net.ConnectException: Conexão recusada
Caused by: java.net.ConnectException: Conexão recusada
</error>
  </testcase>
  <testcase name="testAddIndexObjectHead[2]" classname="org.springframework.data.redis.support.collections.RedisListTests" time="0.001">
    <error message="Cannot get Jedis connection; nested exception is redis.clients.jedis.exceptions.JedisConnectionException: Could not get a resource from the pool" type="org.springframework.data.redis.RedisConnectionFailureException">org.springframework.data.redis.RedisConnectionFailureException: Cannot get Jedis connection; nested exception is redis.clients.jedis.exceptions.JedisConnectionException: Could not get a resource from the pool
Caused by: redis.clients.jedis.exceptions.JedisConnectionException: Could not get a resource from the pool
Caused by: redis.clients.jedis.exceptions.JedisConnectionException: java.net.ConnectException: Conexão recusada
Caused by: java.net.ConnectException: Conexão recusada
</error>
  </testcase>
  <testcase name="testAddIndexObjectHead[2]" classname="org.springframework.data.redis.support.collections.RedisListTests" time="0.001">
    <error message="Cannot get Jedis connection; nested exception is redis.clients.jedis.exceptions.JedisConnectionException: Could not get a resource from the pool" type="org.springframework.data.redis.RedisConnectionFailureException">org.springframework.data.redis.RedisConnectionFailureException: Cannot get Jedis connection; nested exception is redis.clients.jedis.exceptions.JedisConnectionException: Could not get a resource from the pool
Caused by: redis.clients.jedis.exceptions.JedisConnectionException: Could not get a resource from the pool
Caused by: redis.clients.jedis.exceptions.JedisConnectionException: java.net.ConnectException: Conexão recusada
Caused by: java.net.ConnectException: Conexão recusada
</error>
  </testcase>
  <testcase name="testAddIndexObjectTail[2]" classname="org.springframework.data.redis.support.collections.RedisListTests" time="0.001">
    <error message="Cannot get Jedis connection; nested exception is redis.clients.jedis.exceptions.JedisConnectionException: Could not get a resource from the pool" type="org.springframework.data.redis.RedisConnectionFailureException">org.springframework.data.redis.RedisConnectionFailureException: Cannot get Jedis connection; nested exception is redis.clients.jedis.exceptions.JedisConnectionException: Could not get a resource from the pool
Caused by: redis.clients.jedis.exceptions.JedisConnectionException: Could not get a resource from the pool
Caused by: redis.clients.jedis.exceptions.JedisConnectionException: java.net.ConnectException: Conexão recusada
Caused by: java.net.ConnectException: Conexão recusada
</error>
  </testcase>
  <testcase name="testAddIndexObjectTail[2]" classname="org.springframework.data.redis.support.collections.RedisListTests" time="0.001">
    <error message="Cannot get Jedis connection; nested exception is redis.clients.jedis.exceptions.JedisConnectionException: Could not get a resource from the pool" type="org.springframework.data.redis.RedisConnectionFailureException">org.springframework.data.redis.RedisConnectionFailureException: Cannot get Jedis connection; nested exception is redis.clients.jedis.exceptions.JedisConnectionException: Could not get a resource from the pool
Caused by: redis.clients.jedis.exceptions.JedisConnectionException: Could not get a resource from the pool
Caused by: redis.clients.jedis.exceptions.JedisConnectionException: java.net.ConnectException: Conexão recusada
Caused by: java.net.ConnectException: Conexão recusada
</error>
  </testcase>
  <testcase name="testPollFirst[2]" classname="org.springframework.data.redis.support.collections.RedisListTests" time="0.001">
    <error message="Cannot get Jedis connection; nested exception is redis.clients.jedis.exceptions.JedisConnectionException: Could not get a resource from the pool" type="org.springframework.data.redis.RedisConnectionFailureException">org.springframework.data.redis.RedisConnectionFailureException: Cannot get Jedis connection; nested exception is redis.clients.jedis.exceptions.JedisConnectionException: Could not get a resource from the pool
Caused by: redis.clients.jedis.exceptions.JedisConnectionException: Could not get a resource from the pool
Caused by: redis.clients.jedis.exceptions.JedisConnectionException: java.net.ConnectException: Conexão recusada
Caused by: java.net.ConnectException: Conexão recusada
</error>
  </testcase>
  <testcase name="testPollFirst[2]" classname="org.springframework.data.redis.support.collections.RedisListTests" time="0.001">
    <error message="Cannot get Jedis connection; nested exception is redis.clients.jedis.exceptions.JedisConnectionException: Could not get a resource from the pool" type="org.springframework.data.redis.RedisConnectionFailureException">org.springframework.data.redis.RedisConnectionFailureException: Cannot get Jedis connection; nested exception is redis.clients.jedis.exceptions.JedisConnectionException: Could not get a resource from the pool
Caused by: redis.clients.jedis.exceptions.JedisConnectionException: Could not get a resource from the pool
Caused by: redis.clients.jedis.exceptions.JedisConnectionException: java.net.ConnectException: Conexão recusada
Caused by: java.net.ConnectException: Conexão recusada
</error>
  </testcase>
  <testcase name="testAddIndexObjectMiddle[2]" classname="org.springframework.data.redis.support.collections.RedisListTests" time="0.001">
    <error message="Unexpected exception, expected&lt;java.lang.IllegalArgumentException&gt; but was&lt;org.springframework.data.redis.RedisConnectionFailureException&gt;" type="java.lang.Exception"><![CDATA[java.lang.Exception: Unexpected exception, expected<java.lang.IllegalArgumentException> but was<org.springframework.data.redis.RedisConnectionFailureException>
Caused by: org.springframework.data.redis.RedisConnectionFailureException: Cannot get Jedis connection; nested exception is redis.clients.jedis.exceptions.JedisConnectionException: Could not get a resource from the pool
Caused by: redis.clients.jedis.exceptions.JedisConnectionException: Could not get a resource from the pool
Caused by: redis.clients.jedis.exceptions.JedisConnectionException: java.net.ConnectException: Conexão recusada
Caused by: java.net.ConnectException: Conexão recusada
]]></error>
  </testcase>
  <testcase name="testAddIndexObjectMiddle[2]" classname="org.springframework.data.redis.support.collections.RedisListTests" time="0.001">
    <error message="Cannot get Jedis connection; nested exception is redis.clients.jedis.exceptions.JedisConnectionException: Could not get a resource from the pool" type="org.springframework.data.redis.RedisConnectionFailureException">org.springframework.data.redis.RedisConnectionFailureException: Cannot get Jedis connection; nested exception is redis.clients.jedis.exceptions.JedisConnectionException: Could not get a resource from the pool
Caused by: redis.clients.jedis.exceptions.JedisConnectionException: Could not get a resource from the pool
Caused by: redis.clients.jedis.exceptions.JedisConnectionException: java.net.ConnectException: Conexão recusada
Caused by: java.net.ConnectException: Conexão recusada
</error>
  </testcase>
  <testcase name="testPeekLast[2]" classname="org.springframework.data.redis.support.collections.RedisListTests" time="0.001">
    <error message="Cannot get Jedis connection; nested exception is redis.clients.jedis.exceptions.JedisConnectionException: Could not get a resource from the pool" type="org.springframework.data.redis.RedisConnectionFailureException">org.springframework.data.redis.RedisConnectionFailureException: Cannot get Jedis connection; nested exception is redis.clients.jedis.exceptions.JedisConnectionException: Could not get a resource from the pool
Caused by: redis.clients.jedis.exceptions.JedisConnectionException: Could not get a resource from the pool
Caused by: redis.clients.jedis.exceptions.JedisConnectionException: java.net.ConnectException: Conexão recusada
Caused by: java.net.ConnectException: Conexão recusada
</error>
  </testcase>
  <testcase name="testPeekLast[2]" classname="org.springframework.data.redis.support.collections.RedisListTests" time="0.001">
    <error message="Cannot get Jedis connection; nested exception is redis.clients.jedis.exceptions.JedisConnectionException: Could not get a resource from the pool" type="org.springframework.data.redis.RedisConnectionFailureException">org.springframework.data.redis.RedisConnectionFailureException: Cannot get Jedis connection; nested exception is redis.clients.jedis.exceptions.JedisConnectionException: Could not get a resource from the pool
Caused by: redis.clients.jedis.exceptions.JedisConnectionException: Could not get a resource from the pool
Caused by: redis.clients.jedis.exceptions.JedisConnectionException: java.net.ConnectException: Conexão recusada
Caused by: java.net.ConnectException: Conexão recusada
</error>
  </testcase>
  <testcase name="testRemoveFirstOccurrence[2]" classname="org.springframework.data.redis.support.collections.RedisListTests" time="0">
    <error message="Cannot get Jedis connection; nested exception is redis.clients.jedis.exceptions.JedisConnectionException: Could not get a resource from the pool" type="org.springframework.data.redis.RedisConnectionFailureException">org.springframework.data.redis.RedisConnectionFailureException: Cannot get Jedis connection; nested exception is redis.clients.jedis.exceptions.JedisConnectionException: Could not get a resource from the pool
Caused by: redis.clients.jedis.exceptions.JedisConnectionException: Could not get a resource from the pool
Caused by: redis.clients.jedis.exceptions.JedisConnectionException: java.net.ConnectException: Conexão recusada
Caused by: java.net.ConnectException: Conexão recusada
</error>
  </testcase>
  <testcase name="testRemoveFirstOccurrence[2]" classname="org.springframework.data.redis.support.collections.RedisListTests" time="0.001">
    <error message="Cannot get Jedis connection; nested exception is redis.clients.jedis.exceptions.JedisConnectionException: Could not get a resource from the pool" type="org.springframework.data.redis.RedisConnectionFailureException">org.springframework.data.redis.RedisConnectionFailureException: Cannot get Jedis connection; nested exception is redis.clients.jedis.exceptions.JedisConnectionException: Could not get a resource from the pool
Caused by: redis.clients.jedis.exceptions.JedisConnectionException: Could not get a resource from the pool
Caused by: redis.clients.jedis.exceptions.JedisConnectionException: java.net.ConnectException: Conexão recusada
Caused by: java.net.ConnectException: Conexão recusada
</error>
  </testcase>
  <testcase name="addAllIndexCollectionHead[2]" classname="org.springframework.data.redis.support.collections.RedisListTests" time="0">
    <error message="Cannot get Jedis connection; nested exception is redis.clients.jedis.exceptions.JedisConnectionException: Could not get a resource from the pool" type="org.springframework.data.redis.RedisConnectionFailureException">org.springframework.data.redis.RedisConnectionFailureException: Cannot get Jedis connection; nested exception is redis.clients.jedis.exceptions.JedisConnectionException: Could not get a resource from the pool
Caused by: redis.clients.jedis.exceptions.JedisConnectionException: Could not get a resource from the pool
Caused by: redis.clients.jedis.exceptions.JedisConnectionException: java.net.ConnectException: Conexão recusada
Caused by: java.net.ConnectException: Conexão recusada
</error>
  </testcase>
  <testcase name="addAllIndexCollectionHead[2]" classname="org.springframework.data.redis.support.collections.RedisListTests" time="0.001">
    <error message="Cannot get Jedis connection; nested exception is redis.clients.jedis.exceptions.JedisConnectionException: Could not get a resource from the pool" type="org.springframework.data.redis.RedisConnectionFailureException">org.springframework.data.redis.RedisConnectionFailureException: Cannot get Jedis connection; nested exception is redis.clients.jedis.exceptions.JedisConnectionException: Could not get a resource from the pool
Caused by: redis.clients.jedis.exceptions.JedisConnectionException: Could not get a resource from the pool
Caused by: redis.clients.jedis.exceptions.JedisConnectionException: java.net.ConnectException: Conexão recusada
Caused by: java.net.ConnectException: Conexão recusada
</error>
  </testcase>
  <testcase name="addAllIndexCollectionTail[2]" classname="org.springframework.data.redis.support.collections.RedisListTests" time="0">
    <error message="Cannot get Jedis connection; nested exception is redis.clients.jedis.exceptions.JedisConnectionException: Could not get a resource from the pool" type="org.springframework.data.redis.RedisConnectionFailureException">org.springframework.data.redis.RedisConnectionFailureException: Cannot get Jedis connection; nested exception is redis.clients.jedis.exceptions.JedisConnectionException: Could not get a resource from the pool
Caused by: redis.clients.jedis.exceptions.JedisConnectionException: Could not get a resource from the pool
Caused by: redis.clients.jedis.exceptions.JedisConnectionException: java.net.ConnectException: Conexão recusada
Caused by: java.net.ConnectException: Conexão recusada
</error>
  </testcase>
  <testcase name="addAllIndexCollectionTail[2]" classname="org.springframework.data.redis.support.collections.RedisListTests" time="0.001">
    <error message="Cannot get Jedis connection; nested exception is redis.clients.jedis.exceptions.JedisConnectionException: Could not get a resource from the pool" type="org.springframework.data.redis.RedisConnectionFailureException">org.springframework.data.redis.RedisConnectionFailureException: Cannot get Jedis connection; nested exception is redis.clients.jedis.exceptions.JedisConnectionException: Could not get a resource from the pool
Caused by: redis.clients.jedis.exceptions.JedisConnectionException: Could not get a resource from the pool
Caused by: redis.clients.jedis.exceptions.JedisConnectionException: java.net.ConnectException: Conexão recusada
Caused by: java.net.ConnectException: Conexão recusada
</error>
  </testcase>
  <testcase name="addAllIndexCollectionMiddle[2]" classname="org.springframework.data.redis.support.collections.RedisListTests" time="0">
    <error message="Unexpected exception, expected&lt;java.lang.IllegalArgumentException&gt; but was&lt;org.springframework.data.redis.RedisConnectionFailureException&gt;" type="java.lang.Exception"><![CDATA[java.lang.Exception: Unexpected exception, expected<java.lang.IllegalArgumentException> but was<org.springframework.data.redis.RedisConnectionFailureException>
Caused by: org.springframework.data.redis.RedisConnectionFailureException: Cannot get Jedis connection; nested exception is redis.clients.jedis.exceptions.JedisConnectionException: Could not get a resource from the pool
Caused by: redis.clients.jedis.exceptions.JedisConnectionException: Could not get a resource from the pool
Caused by: redis.clients.jedis.exceptions.JedisConnectionException: java.net.ConnectException: Conexão recusada
Caused by: java.net.ConnectException: Conexão recusada
]]></error>
  </testcase>
  <testcase name="addAllIndexCollectionMiddle[2]" classname="org.springframework.data.redis.support.collections.RedisListTests" time="0.001">
    <error message="Cannot get Jedis connection; nested exception is redis.clients.jedis.exceptions.JedisConnectionException: Could not get a resource from the pool" type="org.springframework.data.redis.RedisConnectionFailureException">org.springframework.data.redis.RedisConnectionFailureException: Cannot get Jedis connection; nested exception is redis.clients.jedis.exceptions.JedisConnectionException: Could not get a resource from the pool
Caused by: redis.clients.jedis.exceptions.JedisConnectionException: Could not get a resource from the pool
Caused by: redis.clients.jedis.exceptions.JedisConnectionException: java.net.ConnectException: Conexão recusada
Caused by: java.net.ConnectException: Conexão recusada
</error>
  </testcase>
  <testcase name="testPollLast[2]" classname="org.springframework.data.redis.support.collections.RedisListTests" time="0">
    <error message="Cannot get Jedis connection; nested exception is redis.clients.jedis.exceptions.JedisConnectionException: Could not get a resource from the pool" type="org.springframework.data.redis.RedisConnectionFailureException">org.springframework.data.redis.RedisConnectionFailureException: Cannot get Jedis connection; nested exception is redis.clients.jedis.exceptions.JedisConnectionException: Could not get a resource from the pool
Caused by: redis.clients.jedis.exceptions.JedisConnectionException: Could not get a resource from the pool
Caused by: redis.clients.jedis.exceptions.JedisConnectionException: java.net.ConnectException: Conexão recusada
Caused by: java.net.ConnectException: Conexão recusada
</error>
  </testcase>
  <testcase name="testPollLast[2]" classname="org.springframework.data.redis.support.collections.RedisListTests" time="0">
    <error message="Cannot get Jedis connection; nested exception is redis.clients.jedis.exceptions.JedisConnectionException: Could not get a resource from the pool" type="org.springframework.data.redis.RedisConnectionFailureException">org.springframework.data.redis.RedisConnectionFailureException: Cannot get Jedis connection; nested exception is redis.clients.jedis.exceptions.JedisConnectionException: Could not get a resource from the pool
Caused by: redis.clients.jedis.exceptions.JedisConnectionException: Could not get a resource from the pool
Caused by: redis.clients.jedis.exceptions.JedisConnectionException: java.net.ConnectException: Conexão recusada
Caused by: java.net.ConnectException: Conexão recusada
</error>
  </testcase>
  <testcase name="testIndexOfObject[2]" classname="org.springframework.data.redis.support.collections.RedisListTests" time="0.001">
    <error message="Cannot get Jedis connection; nested exception is redis.clients.jedis.exceptions.JedisConnectionException: Could not get a resource from the pool" type="org.springframework.data.redis.RedisConnectionFailureException">org.springframework.data.redis.RedisConnectionFailureException: Cannot get Jedis connection; nested exception is redis.clients.jedis.exceptions.JedisConnectionException: Could not get a resource from the pool
Caused by: redis.clients.jedis.exceptions.JedisConnectionException: Could not get a resource from the pool
Caused by: redis.clients.jedis.exceptions.JedisConnectionException: java.net.ConnectException: Conexão recusada
Caused by: java.net.ConnectException: Conexão recusada
</error>
  </testcase>
  <testcase name="testPollTimeout[2]" classname="org.springframework.data.redis.support.collections.RedisListTests" time="0.001">
    <error message="Cannot get Jedis connection; nested exception is redis.clients.jedis.exceptions.JedisConnectionException: Could not get a resource from the pool" type="org.springframework.data.redis.RedisConnectionFailureException">org.springframework.data.redis.RedisConnectionFailureException: Cannot get Jedis connection; nested exception is redis.clients.jedis.exceptions.JedisConnectionException: Could not get a resource from the pool
Caused by: redis.clients.jedis.exceptions.JedisConnectionException: Could not get a resource from the pool
Caused by: redis.clients.jedis.exceptions.JedisConnectionException: java.net.ConnectException: Conexão recusada
Caused by: java.net.ConnectException: Conexão recusada
</error>
  </testcase>
  <testcase name="testPollTimeout[2]" classname="org.springframework.data.redis.support.collections.RedisListTests" time="0.001">
    <error message="Cannot get Jedis connection; nested exception is redis.clients.jedis.exceptions.JedisConnectionException: Could not get a resource from the pool" type="org.springframework.data.redis.RedisConnectionFailureException">org.springframework.data.redis.RedisConnectionFailureException: Cannot get Jedis connection; nested exception is redis.clients.jedis.exceptions.JedisConnectionException: Could not get a resource from the pool
Caused by: redis.clients.jedis.exceptions.JedisConnectionException: Could not get a resource from the pool
Caused by: redis.clients.jedis.exceptions.JedisConnectionException: java.net.ConnectException: Conexão recusada
Caused by: java.net.ConnectException: Conexão recusada
</error>
  </testcase>
  <testcase name="testRemove[2]" classname="org.springframework.data.redis.support.collections.RedisListTests" time="0">
    <error message="Cannot get Jedis connection; nested exception is redis.clients.jedis.exceptions.JedisConnectionException: Could not get a resource from the pool" type="org.springframework.data.redis.RedisConnectionFailureException">org.springframework.data.redis.RedisConnectionFailureException: Cannot get Jedis connection; nested exception is redis.clients.jedis.exceptions.JedisConnectionException: Could not get a resource from the pool
Caused by: redis.clients.jedis.exceptions.JedisConnectionException: Could not get a resource from the pool
Caused by: redis.clients.jedis.exceptions.JedisConnectionException: java.net.ConnectException: Conexão recusada
Caused by: java.net.ConnectException: Conexão recusada
</error>
  </testcase>
  <testcase name="testRemove[2]" classname="org.springframework.data.redis.support.collections.RedisListTests" time="0.001">
    <error message="Cannot get Jedis connection; nested exception is redis.clients.jedis.exceptions.JedisConnectionException: Could not get a resource from the pool" type="org.springframework.data.redis.RedisConnectionFailureException">org.springframework.data.redis.RedisConnectionFailureException: Cannot get Jedis connection; nested exception is redis.clients.jedis.exceptions.JedisConnectionException: Could not get a resource from the pool
Caused by: redis.clients.jedis.exceptions.JedisConnectionException: Could not get a resource from the pool
Caused by: redis.clients.jedis.exceptions.JedisConnectionException: java.net.ConnectException: Conexão recusada
Caused by: java.net.ConnectException: Conexão recusada
</error>
  </testcase>
  <testcase name="testCappedCollection[2]" classname="org.springframework.data.redis.support.collections.RedisListTests" time="0">
    <error message="Cannot get Jedis connection; nested exception is redis.clients.jedis.exceptions.JedisConnectionException: Could not get a resource from the pool" type="org.springframework.data.redis.RedisConnectionFailureException">org.springframework.data.redis.RedisConnectionFailureException: Cannot get Jedis connection; nested exception is redis.clients.jedis.exceptions.JedisConnectionException: Could not get a resource from the pool
Caused by: redis.clients.jedis.exceptions.JedisConnectionException: Could not get a resource from the pool
Caused by: redis.clients.jedis.exceptions.JedisConnectionException: java.net.ConnectException: Conexão recusada
Caused by: java.net.ConnectException: Conexão recusada
</error>
  </testcase>
  <testcase name="testCappedCollection[2]" classname="org.springframework.data.redis.support.collections.RedisListTests" time="0.001">
    <error message="Cannot get Jedis connection; nested exception is redis.clients.jedis.exceptions.JedisConnectionException: Could not get a resource from the pool" type="org.springframework.data.redis.RedisConnectionFailureException">org.springframework.data.redis.RedisConnectionFailureException: Cannot get Jedis connection; nested exception is redis.clients.jedis.exceptions.JedisConnectionException: Could not get a resource from the pool
Caused by: redis.clients.jedis.exceptions.JedisConnectionException: Could not get a resource from the pool
Caused by: redis.clients.jedis.exceptions.JedisConnectionException: java.net.ConnectException: Conexão recusada
Caused by: java.net.ConnectException: Conexão recusada
</error>
  </testcase>
  <testcase name="testRmoveLastOccurrence[2]" classname="org.springframework.data.redis.support.collections.RedisListTests" time="0.001">
    <error message="Cannot get Jedis connection; nested exception is redis.clients.jedis.exceptions.JedisConnectionException: Could not get a resource from the pool" type="org.springframework.data.redis.RedisConnectionFailureException">org.springframework.data.redis.RedisConnectionFailureException: Cannot get Jedis connection; nested exception is redis.clients.jedis.exceptions.JedisConnectionException: Could not get a resource from the pool
Caused by: redis.clients.jedis.exceptions.JedisConnectionException: Could not get a resource from the pool
Caused by: redis.clients.jedis.exceptions.JedisConnectionException: java.net.ConnectException: Conexão recusada
Caused by: java.net.ConnectException: Conexão recusada
</error>
  </testcase>
  <testcase name="testRmoveLastOccurrence[2]" classname="org.springframework.data.redis.support.collections.RedisListTests" time="0.001">
    <error message="Cannot get Jedis connection; nested exception is redis.clients.jedis.exceptions.JedisConnectionException: Could not get a resource from the pool" type="org.springframework.data.redis.RedisConnectionFailureException">org.springframework.data.redis.RedisConnectionFailureException: Cannot get Jedis connection; nested exception is redis.clients.jedis.exceptions.JedisConnectionException: Could not get a resource from the pool
Caused by: redis.clients.jedis.exceptions.JedisConnectionException: Could not get a resource from the pool
Caused by: redis.clients.jedis.exceptions.JedisConnectionException: java.net.ConnectException: Conexão recusada
Caused by: java.net.ConnectException: Conexão recusada
</error>
  </testcase>
  <testcase name="testTakeFirst[2]" classname="org.springframework.data.redis.support.collections.RedisListTests" time="0.001">
    <error message="Cannot get Jedis connection; nested exception is redis.clients.jedis.exceptions.JedisConnectionException: Could not get a resource from the pool" type="org.springframework.data.redis.RedisConnectionFailureException">org.springframework.data.redis.RedisConnectionFailureException: Cannot get Jedis connection; nested exception is redis.clients.jedis.exceptions.JedisConnectionException: Could not get a resource from the pool
Caused by: redis.clients.jedis.exceptions.JedisConnectionException: Could not get a resource from the pool
Caused by: redis.clients.jedis.exceptions.JedisConnectionException: java.net.ConnectException: Conexão recusada
Caused by: java.net.ConnectException: Conexão recusada
</error>
  </testcase>
  <testcase name="testTakeFirst[2]" classname="org.springframework.data.redis.support.collections.RedisListTests" time="0.001">
    <error message="Cannot get Jedis connection; nested exception is redis.clients.jedis.exceptions.JedisConnectionException: Could not get a resource from the pool" type="org.springframework.data.redis.RedisConnectionFailureException">org.springframework.data.redis.RedisConnectionFailureException: Cannot get Jedis connection; nested exception is redis.clients.jedis.exceptions.JedisConnectionException: Could not get a resource from the pool
Caused by: redis.clients.jedis.exceptions.JedisConnectionException: Could not get a resource from the pool
Caused by: redis.clients.jedis.exceptions.JedisConnectionException: java.net.ConnectException: Conexão recusada
Caused by: java.net.ConnectException: Conexão recusada
</error>
  </testcase>
  <testcase name="testContainsObject[2]" classname="org.springframework.data.redis.support.collections.RedisListTests" time="0">
    <error message="Cannot get Jedis connection; nested exception is redis.clients.jedis.exceptions.JedisConnectionException: Could not get a resource from the pool" type="org.springframework.data.redis.RedisConnectionFailureException">org.springframework.data.redis.RedisConnectionFailureException: Cannot get Jedis connection; nested exception is redis.clients.jedis.exceptions.JedisConnectionException: Could not get a resource from the pool
Caused by: redis.clients.jedis.exceptions.JedisConnectionException: Could not get a resource from the pool
Caused by: redis.clients.jedis.exceptions.JedisConnectionException: java.net.ConnectException: Conexão recusada
Caused by: java.net.ConnectException: Conexão recusada
</error>
  </testcase>
  <testcase name="testContainsObject[2]" classname="org.springframework.data.redis.support.collections.RedisListTests" time="0.001">
    <error message="Cannot get Jedis connection; nested exception is redis.clients.jedis.exceptions.JedisConnectionException: Could not get a resource from the pool" type="org.springframework.data.redis.RedisConnectionFailureException">org.springframework.data.redis.RedisConnectionFailureException: Cannot get Jedis connection; nested exception is redis.clients.jedis.exceptions.JedisConnectionException: Could not get a resource from the pool
Caused by: redis.clients.jedis.exceptions.JedisConnectionException: Could not get a resource from the pool
Caused by: redis.clients.jedis.exceptions.JedisConnectionException: java.net.ConnectException: Conexão recusada
Caused by: java.net.ConnectException: Conexão recusada
</error>
  </testcase>
  <testcase name="testToArray[2]" classname="org.springframework.data.redis.support.collections.RedisListTests" time="0">
    <error message="Cannot get Jedis connection; nested exception is redis.clients.jedis.exceptions.JedisConnectionException: Could not get a resource from the pool" type="org.springframework.data.redis.RedisConnectionFailureException">org.springframework.data.redis.RedisConnectionFailureException: Cannot get Jedis connection; nested exception is redis.clients.jedis.exceptions.JedisConnectionException: Could not get a resource from the pool
Caused by: redis.clients.jedis.exceptions.JedisConnectionException: Could not get a resource from the pool
Caused by: redis.clients.jedis.exceptions.JedisConnectionException: java.net.ConnectException: Conexão recusada
Caused by: java.net.ConnectException: Conexão recusada
</error>
  </testcase>
  <testcase name="testToArray[2]" classname="org.springframework.data.redis.support.collections.RedisListTests" time="0.001">
    <error message="Cannot get Jedis connection; nested exception is redis.clients.jedis.exceptions.JedisConnectionException: Could not get a resource from the pool" type="org.springframework.data.redis.RedisConnectionFailureException">org.springframework.data.redis.RedisConnectionFailureException: Cannot get Jedis connection; nested exception is redis.clients.jedis.exceptions.JedisConnectionException: Could not get a resource from the pool
Caused by: redis.clients.jedis.exceptions.JedisConnectionException: Could not get a resource from the pool
Caused by: redis.clients.jedis.exceptions.JedisConnectionException: java.net.ConnectException: Conexão recusada
Caused by: java.net.ConnectException: Conexão recusada
</error>
  </testcase>
  <testcase name="testAdd[2]" classname="org.springframework.data.redis.support.collections.RedisListTests" time="0">
    <error message="Cannot get Jedis connection; nested exception is redis.clients.jedis.exceptions.JedisConnectionException: Could not get a resource from the pool" type="org.springframework.data.redis.RedisConnectionFailureException">org.springframework.data.redis.RedisConnectionFailureException: Cannot get Jedis connection; nested exception is redis.clients.jedis.exceptions.JedisConnectionException: Could not get a resource from the pool
Caused by: redis.clients.jedis.exceptions.JedisConnectionException: Could not get a resource from the pool
Caused by: redis.clients.jedis.exceptions.JedisConnectionException: java.net.ConnectException: Conexão recusada
Caused by: java.net.ConnectException: Conexão recusada
</error>
  </testcase>
  <testcase name="testAdd[2]" classname="org.springframework.data.redis.support.collections.RedisListTests" time="0.001">
    <error message="Cannot get Jedis connection; nested exception is redis.clients.jedis.exceptions.JedisConnectionException: Could not get a resource from the pool" type="org.springframework.data.redis.RedisConnectionFailureException">org.springframework.data.redis.RedisConnectionFailureException: Cannot get Jedis connection; nested exception is redis.clients.jedis.exceptions.JedisConnectionException: Could not get a resource from the pool
Caused by: redis.clients.jedis.exceptions.JedisConnectionException: Could not get a resource from the pool
Caused by: redis.clients.jedis.exceptions.JedisConnectionException: java.net.ConnectException: Conexão recusada
Caused by: java.net.ConnectException: Conexão recusada
</error>
  </testcase>
  <testcase name="testClear[2]" classname="org.springframework.data.redis.support.collections.RedisListTests" time="0">
    <error message="Cannot get Jedis connection; nested exception is redis.clients.jedis.exceptions.JedisConnectionException: Could not get a resource from the pool" type="org.springframework.data.redis.RedisConnectionFailureException">org.springframework.data.redis.RedisConnectionFailureException: Cannot get Jedis connection; nested exception is redis.clients.jedis.exceptions.JedisConnectionException: Could not get a resource from the pool
Caused by: redis.clients.jedis.exceptions.JedisConnectionException: Could not get a resource from the pool
Caused by: redis.clients.jedis.exceptions.JedisConnectionException: java.net.ConnectException: Conexão recusada
Caused by: java.net.ConnectException: Conexão recusada
</error>
  </testcase>
  <testcase name="testClear[2]" classname="org.springframework.data.redis.support.collections.RedisListTests" time="0">
    <error message="Cannot get Jedis connection; nested exception is redis.clients.jedis.exceptions.JedisConnectionException: Could not get a resource from the pool" type="org.springframework.data.redis.RedisConnectionFailureException">org.springframework.data.redis.RedisConnectionFailureException: Cannot get Jedis connection; nested exception is redis.clients.jedis.exceptions.JedisConnectionException: Could not get a resource from the pool
Caused by: redis.clients.jedis.exceptions.JedisConnectionException: Could not get a resource from the pool
Caused by: redis.clients.jedis.exceptions.JedisConnectionException: java.net.ConnectException: Conexão recusada
Caused by: java.net.ConnectException: Conexão recusada
</error>
  </testcase>
  <testcase name="testSize[2]" classname="org.springframework.data.redis.support.collections.RedisListTests" time="0.001">
    <error message="Cannot get Jedis connection; nested exception is redis.clients.jedis.exceptions.JedisConnectionException: Could not get a resource from the pool" type="org.springframework.data.redis.RedisConnectionFailureException">org.springframework.data.redis.RedisConnectionFailureException: Cannot get Jedis connection; nested exception is redis.clients.jedis.exceptions.JedisConnectionException: Could not get a resource from the pool
Caused by: redis.clients.jedis.exceptions.JedisConnectionException: Could not get a resource from the pool
Caused by: redis.clients.jedis.exceptions.JedisConnectionException: java.net.ConnectException: Conexão recusada
Caused by: java.net.ConnectException: Conexão recusada
</error>
  </testcase>
  <testcase name="testSize[2]" classname="org.springframework.data.redis.support.collections.RedisListTests" time="0.001">
    <error message="Cannot get Jedis connection; nested exception is redis.clients.jedis.exceptions.JedisConnectionException: Could not get a resource from the pool" type="org.springframework.data.redis.RedisConnectionFailureException">org.springframework.data.redis.RedisConnectionFailureException: Cannot get Jedis connection; nested exception is redis.clients.jedis.exceptions.JedisConnectionException: Could not get a resource from the pool
Caused by: redis.clients.jedis.exceptions.JedisConnectionException: Could not get a resource from the pool
Caused by: redis.clients.jedis.exceptions.JedisConnectionException: java.net.ConnectException: Conexão recusada
Caused by: java.net.ConnectException: Conexão recusada
</error>
  </testcase>
  <testcase name="testToString[2]" classname="org.springframework.data.redis.support.collections.RedisListTests" time="0.001">
    <error message="Cannot get Jedis connection; nested exception is redis.clients.jedis.exceptions.JedisConnectionException: Could not get a resource from the pool" type="org.springframework.data.redis.RedisConnectionFailureException">org.springframework.data.redis.RedisConnectionFailureException: Cannot get Jedis connection; nested exception is redis.clients.jedis.exceptions.JedisConnectionException: Could not get a resource from the pool
Caused by: redis.clients.jedis.exceptions.JedisConnectionException: Could not get a resource from the pool
Caused by: redis.clients.jedis.exceptions.JedisConnectionException: java.net.ConnectException: Conexão recusada
Caused by: java.net.ConnectException: Conexão recusada
</error>
  </testcase>
  <testcase name="testToString[2]" classname="org.springframework.data.redis.support.collections.RedisListTests" time="0.001">
    <error message="Cannot get Jedis connection; nested exception is redis.clients.jedis.exceptions.JedisConnectionException: Could not get a resource from the pool" type="org.springframework.data.redis.RedisConnectionFailureException">org.springframework.data.redis.RedisConnectionFailureException: Cannot get Jedis connection; nested exception is redis.clients.jedis.exceptions.JedisConnectionException: Could not get a resource from the pool
Caused by: redis.clients.jedis.exceptions.JedisConnectionException: Could not get a resource from the pool
Caused by: redis.clients.jedis.exceptions.JedisConnectionException: java.net.ConnectException: Conexão recusada
Caused by: java.net.ConnectException: Conexão recusada
</error>
  </testcase>
  <testcase name="testContainsAll[2]" classname="org.springframework.data.redis.support.collections.RedisListTests" time="0.001">
    <error message="Cannot get Jedis connection; nested exception is redis.clients.jedis.exceptions.JedisConnectionException: Could not get a resource from the pool" type="org.springframework.data.redis.RedisConnectionFailureException">org.springframework.data.redis.RedisConnectionFailureException: Cannot get Jedis connection; nested exception is redis.clients.jedis.exceptions.JedisConnectionException: Could not get a resource from the pool
Caused by: redis.clients.jedis.exceptions.JedisConnectionException: Could not get a resource from the pool
Caused by: redis.clients.jedis.exceptions.JedisConnectionException: java.net.ConnectException: Conexão recusada
Caused by: java.net.ConnectException: Conexão recusada
</error>
  </testcase>
  <testcase name="testContainsAll[2]" classname="org.springframework.data.redis.support.collections.RedisListTests" time="0.001">
    <error message="Cannot get Jedis connection; nested exception is redis.clients.jedis.exceptions.JedisConnectionException: Could not get a resource from the pool" type="org.springframework.data.redis.RedisConnectionFailureException">org.springframework.data.redis.RedisConnectionFailureException: Cannot get Jedis connection; nested exception is redis.clients.jedis.exceptions.JedisConnectionException: Could not get a resource from the pool
Caused by: redis.clients.jedis.exceptions.JedisConnectionException: Could not get a resource from the pool
Caused by: redis.clients.jedis.exceptions.JedisConnectionException: java.net.ConnectException: Conexão recusada
Caused by: java.net.ConnectException: Conexão recusada
</error>
  </testcase>
  <testcase name="testRemoveObject[2]" classname="org.springframework.data.redis.support.collections.RedisListTests" time="0.001">
    <error message="Cannot get Jedis connection; nested exception is redis.clients.jedis.exceptions.JedisConnectionException: Could not get a resource from the pool" type="org.springframework.data.redis.RedisConnectionFailureException">org.springframework.data.redis.RedisConnectionFailureException: Cannot get Jedis connection; nested exception is redis.clients.jedis.exceptions.JedisConnectionException: Could not get a resource from the pool
Caused by: redis.clients.jedis.exceptions.JedisConnectionException: Could not get a resource from the pool
Caused by: redis.clients.jedis.exceptions.JedisConnectionException: java.net.ConnectException: Conexão recusada
Caused by: java.net.ConnectException: Conexão recusada
</error>
  </testcase>
  <testcase name="testRemoveObject[2]" classname="org.springframework.data.redis.support.collections.RedisListTests" time="0.001">
    <error message="Cannot get Jedis connection; nested exception is redis.clients.jedis.exceptions.JedisConnectionException: Could not get a resource from the pool" type="org.springframework.data.redis.RedisConnectionFailureException">org.springframework.data.redis.RedisConnectionFailureException: Cannot get Jedis connection; nested exception is redis.clients.jedis.exceptions.JedisConnectionException: Could not get a resource from the pool
Caused by: redis.clients.jedis.exceptions.JedisConnectionException: Could not get a resource from the pool
Caused by: redis.clients.jedis.exceptions.JedisConnectionException: java.net.ConnectException: Conexão recusada
Caused by: java.net.ConnectException: Conexão recusada
</error>
  </testcase>
  <testcase name="testHashCode[2]" classname="org.springframework.data.redis.support.collections.RedisListTests" time="0">
    <error message="Cannot get Jedis connection; nested exception is redis.clients.jedis.exceptions.JedisConnectionException: Could not get a resource from the pool" type="org.springframework.data.redis.RedisConnectionFailureException">org.springframework.data.redis.RedisConnectionFailureException: Cannot get Jedis connection; nested exception is redis.clients.jedis.exceptions.JedisConnectionException: Could not get a resource from the pool
Caused by: redis.clients.jedis.exceptions.JedisConnectionException: Could not get a resource from the pool
Caused by: redis.clients.jedis.exceptions.JedisConnectionException: java.net.ConnectException: Conexão recusada
Caused by: java.net.ConnectException: Conexão recusada
</error>
  </testcase>
  <testcase name="testAddAll[2]" classname="org.springframework.data.redis.support.collections.RedisListTests" time="0.001">
    <error message="Cannot get Jedis connection; nested exception is redis.clients.jedis.exceptions.JedisConnectionException: Could not get a resource from the pool" type="org.springframework.data.redis.RedisConnectionFailureException">org.springframework.data.redis.RedisConnectionFailureException: Cannot get Jedis connection; nested exception is redis.clients.jedis.exceptions.JedisConnectionException: Could not get a resource from the pool
Caused by: redis.clients.jedis.exceptions.JedisConnectionException: Could not get a resource from the pool
Caused by: redis.clients.jedis.exceptions.JedisConnectionException: java.net.ConnectException: Conexão recusada
Caused by: java.net.ConnectException: Conexão recusada
</error>
  </testcase>
  <testcase name="testAddAll[2]" classname="org.springframework.data.redis.support.collections.RedisListTests" time="0.001">
    <error message="Cannot get Jedis connection; nested exception is redis.clients.jedis.exceptions.JedisConnectionException: Could not get a resource from the pool" type="org.springframework.data.redis.RedisConnectionFailureException">org.springframework.data.redis.RedisConnectionFailureException: Cannot get Jedis connection; nested exception is redis.clients.jedis.exceptions.JedisConnectionException: Could not get a resource from the pool
Caused by: redis.clients.jedis.exceptions.JedisConnectionException: Could not get a resource from the pool
Caused by: redis.clients.jedis.exceptions.JedisConnectionException: java.net.ConnectException: Conexão recusada
Caused by: java.net.ConnectException: Conexão recusada
</error>
  </testcase>
  <testcase name="removeAll[2]" classname="org.springframework.data.redis.support.collections.RedisListTests" time="0.001">
    <error message="Cannot get Jedis connection; nested exception is redis.clients.jedis.exceptions.JedisConnectionException: Could not get a resource from the pool" type="org.springframework.data.redis.RedisConnectionFailureException">org.springframework.data.redis.RedisConnectionFailureException: Cannot get Jedis connection; nested exception is redis.clients.jedis.exceptions.JedisConnectionException: Could not get a resource from the pool
Caused by: redis.clients.jedis.exceptions.JedisConnectionException: Could not get a resource from the pool
Caused by: redis.clients.jedis.exceptions.JedisConnectionException: java.net.ConnectException: Conexão recusada
Caused by: java.net.ConnectException: Conexão recusada
</error>
  </testcase>
  <testcase name="removeAll[2]" classname="org.springframework.data.redis.support.collections.RedisListTests" time="0.001">
    <error message="Cannot get Jedis connection; nested exception is redis.clients.jedis.exceptions.JedisConnectionException: Could not get a resource from the pool" type="org.springframework.data.redis.RedisConnectionFailureException">org.springframework.data.redis.RedisConnectionFailureException: Cannot get Jedis connection; nested exception is redis.clients.jedis.exceptions.JedisConnectionException: Could not get a resource from the pool
Caused by: redis.clients.jedis.exceptions.JedisConnectionException: Could not get a resource from the pool
Caused by: redis.clients.jedis.exceptions.JedisConnectionException: java.net.ConnectException: Conexão recusada
Caused by: java.net.ConnectException: Conexão recusada
</error>
  </testcase>
  <testcase name="testEquals[2]" classname="org.springframework.data.redis.support.collections.RedisListTests" time="0.001">
    <error message="Cannot get Jedis connection; nested exception is redis.clients.jedis.exceptions.JedisConnectionException: Could not get a resource from the pool" type="org.springframework.data.redis.RedisConnectionFailureException">org.springframework.data.redis.RedisConnectionFailureException: Cannot get Jedis connection; nested exception is redis.clients.jedis.exceptions.JedisConnectionException: Could not get a resource from the pool
Caused by: redis.clients.jedis.exceptions.JedisConnectionException: Could not get a resource from the pool
Caused by: redis.clients.jedis.exceptions.JedisConnectionException: java.net.ConnectException: Conexão recusada
Caused by: java.net.ConnectException: Conexão recusada
</error>
  </testcase>
  <testcase name="testGetKey[2]" classname="org.springframework.data.redis.support.collections.RedisListTests" time="0">
    <error message="Cannot get Jedis connection; nested exception is redis.clients.jedis.exceptions.JedisConnectionException: Could not get a resource from the pool" type="org.springframework.data.redis.RedisConnectionFailureException">org.springframework.data.redis.RedisConnectionFailureException: Cannot get Jedis connection; nested exception is redis.clients.jedis.exceptions.JedisConnectionException: Could not get a resource from the pool
Caused by: redis.clients.jedis.exceptions.JedisConnectionException: Could not get a resource from the pool
Caused by: redis.clients.jedis.exceptions.JedisConnectionException: java.net.ConnectException: Conexão recusada
Caused by: java.net.ConnectException: Conexão recusada
</error>
  </testcase>
  <testcase name="testToArrayWithGenerics[2]" classname="org.springframework.data.redis.support.collections.RedisListTests" time="0.001">
    <error message="Cannot get Jedis connection; nested exception is redis.clients.jedis.exceptions.JedisConnectionException: Could not get a resource from the pool" type="org.springframework.data.redis.RedisConnectionFailureException">org.springframework.data.redis.RedisConnectionFailureException: Cannot get Jedis connection; nested exception is redis.clients.jedis.exceptions.JedisConnectionException: Could not get a resource from the pool
Caused by: redis.clients.jedis.exceptions.JedisConnectionException: Could not get a resource from the pool
Caused by: redis.clients.jedis.exceptions.JedisConnectionException: java.net.ConnectException: Conexão recusada
Caused by: java.net.ConnectException: Conexão recusada
</error>
  </testcase>
  <testcase name="testToArrayWithGenerics[2]" classname="org.springframework.data.redis.support.collections.RedisListTests" time="0.001">
    <error message="Cannot get Jedis connection; nested exception is redis.clients.jedis.exceptions.JedisConnectionException: Could not get a resource from the pool" type="org.springframework.data.redis.RedisConnectionFailureException">org.springframework.data.redis.RedisConnectionFailureException: Cannot get Jedis connection; nested exception is redis.clients.jedis.exceptions.JedisConnectionException: Could not get a resource from the pool
Caused by: redis.clients.jedis.exceptions.JedisConnectionException: Could not get a resource from the pool
Caused by: redis.clients.jedis.exceptions.JedisConnectionException: java.net.ConnectException: Conexão recusada
Caused by: java.net.ConnectException: Conexão recusada
</error>
  </testcase>
  <testcase name="testIsEmpty[2]" classname="org.springframework.data.redis.support.collections.RedisListTests" time="0.001">
    <error message="Cannot get Jedis connection; nested exception is redis.clients.jedis.exceptions.JedisConnectionException: Could not get a resource from the pool" type="org.springframework.data.redis.RedisConnectionFailureException">org.springframework.data.redis.RedisConnectionFailureException: Cannot get Jedis connection; nested exception is redis.clients.jedis.exceptions.JedisConnectionException: Could not get a resource from the pool
Caused by: redis.clients.jedis.exceptions.JedisConnectionException: Could not get a resource from the pool
Caused by: redis.clients.jedis.exceptions.JedisConnectionException: java.net.ConnectException: Conexão recusada
Caused by: java.net.ConnectException: Conexão recusada
</error>
  </testcase>
  <testcase name="testIsEmpty[2]" classname="org.springframework.data.redis.support.collections.RedisListTests" time="0.001">
    <error message="Cannot get Jedis connection; nested exception is redis.clients.jedis.exceptions.JedisConnectionException: Could not get a resource from the pool" type="org.springframework.data.redis.RedisConnectionFailureException">org.springframework.data.redis.RedisConnectionFailureException: Cannot get Jedis connection; nested exception is redis.clients.jedis.exceptions.JedisConnectionException: Could not get a resource from the pool
Caused by: redis.clients.jedis.exceptions.JedisConnectionException: Could not get a resource from the pool
Caused by: redis.clients.jedis.exceptions.JedisConnectionException: java.net.ConnectException: Conexão recusada
Caused by: java.net.ConnectException: Conexão recusada
</error>
  </testcase>
  <testcase name="testIterator[2]" classname="org.springframework.data.redis.support.collections.RedisListTests" time="0.001">
    <error message="Cannot get Jedis connection; nested exception is redis.clients.jedis.exceptions.JedisConnectionException: Could not get a resource from the pool" type="org.springframework.data.redis.RedisConnectionFailureException">org.springframework.data.redis.RedisConnectionFailureException: Cannot get Jedis connection; nested exception is redis.clients.jedis.exceptions.JedisConnectionException: Could not get a resource from the pool
Caused by: redis.clients.jedis.exceptions.JedisConnectionException: Could not get a resource from the pool
Caused by: redis.clients.jedis.exceptions.JedisConnectionException: java.net.ConnectException: Conexão recusada
Caused by: java.net.ConnectException: Conexão recusada
</error>
  </testcase>
  <testcase name="testIterator[2]" classname="org.springframework.data.redis.support.collections.RedisListTests" time="0.001">
    <error message="Cannot get Jedis connection; nested exception is redis.clients.jedis.exceptions.JedisConnectionException: Could not get a resource from the pool" type="org.springframework.data.redis.RedisConnectionFailureException">org.springframework.data.redis.RedisConnectionFailureException: Cannot get Jedis connection; nested exception is redis.clients.jedis.exceptions.JedisConnectionException: Could not get a resource from the pool
Caused by: redis.clients.jedis.exceptions.JedisConnectionException: Could not get a resource from the pool
Caused by: redis.clients.jedis.exceptions.JedisConnectionException: java.net.ConnectException: Conexão recusada
Caused by: java.net.ConnectException: Conexão recusada
</error>
  </testcase>
  <testcase name="testElement[3]" classname="org.springframework.data.redis.support.collections.RedisListTests" time="0.007">
    <error message="Cannot get Jedis connection; nested exception is redis.clients.jedis.exceptions.JedisConnectionException: Could not get a resource from the pool" type="org.springframework.data.redis.RedisConnectionFailureException">org.springframework.data.redis.RedisConnectionFailureException: Cannot get Jedis connection; nested exception is redis.clients.jedis.exceptions.JedisConnectionException: Could not get a resource from the pool
Caused by: redis.clients.jedis.exceptions.JedisConnectionException: Could not get a resource from the pool
Caused by: redis.clients.jedis.exceptions.JedisConnectionException: java.net.ConnectException: Conexão recusada
Caused by: java.net.ConnectException: Conexão recusada
</error>
  </testcase>
  <testcase name="testElement[3]" classname="org.springframework.data.redis.support.collections.RedisListTests" time="0.008">
    <error message="Cannot get Jedis connection; nested exception is redis.clients.jedis.exceptions.JedisConnectionException: Could not get a resource from the pool" type="org.springframework.data.redis.RedisConnectionFailureException">org.springframework.data.redis.RedisConnectionFailureException: Cannot get Jedis connection; nested exception is redis.clients.jedis.exceptions.JedisConnectionException: Could not get a resource from the pool
Caused by: redis.clients.jedis.exceptions.JedisConnectionException: Could not get a resource from the pool
Caused by: redis.clients.jedis.exceptions.JedisConnectionException: java.net.ConnectException: Conexão recusada
Caused by: java.net.ConnectException: Conexão recusada
</error>
  </testcase>
  <testcase name="testPutFirst[3]" classname="org.springframework.data.redis.support.collections.RedisListTests" time="0.001">
    <error message="Cannot get Jedis connection; nested exception is redis.clients.jedis.exceptions.JedisConnectionException: Could not get a resource from the pool" type="org.springframework.data.redis.RedisConnectionFailureException">org.springframework.data.redis.RedisConnectionFailureException: Cannot get Jedis connection; nested exception is redis.clients.jedis.exceptions.JedisConnectionException: Could not get a resource from the pool
Caused by: redis.clients.jedis.exceptions.JedisConnectionException: Could not get a resource from the pool
Caused by: redis.clients.jedis.exceptions.JedisConnectionException: java.net.ConnectException: Conexão recusada
Caused by: java.net.ConnectException: Conexão recusada
</error>
  </testcase>
  <testcase name="testPutFirst[3]" classname="org.springframework.data.redis.support.collections.RedisListTests" time="0.001">
    <error message="Cannot get Jedis connection; nested exception is redis.clients.jedis.exceptions.JedisConnectionException: Could not get a resource from the pool" type="org.springframework.data.redis.RedisConnectionFailureException">org.springframework.data.redis.RedisConnectionFailureException: Cannot get Jedis connection; nested exception is redis.clients.jedis.exceptions.JedisConnectionException: Could not get a resource from the pool
Caused by: redis.clients.jedis.exceptions.JedisConnectionException: Could not get a resource from the pool
Caused by: redis.clients.jedis.exceptions.JedisConnectionException: java.net.ConnectException: Conexão recusada
Caused by: java.net.ConnectException: Conexão recusada
</error>
  </testcase>
  <testcase name="testPollLastTimeout[3]" classname="org.springframework.data.redis.support.collections.RedisListTests" time="0.001">
    <error message="Cannot get Jedis connection; nested exception is redis.clients.jedis.exceptions.JedisConnectionException: Could not get a resource from the pool" type="org.springframework.data.redis.RedisConnectionFailureException">org.springframework.data.redis.RedisConnectionFailureException: Cannot get Jedis connection; nested exception is redis.clients.jedis.exceptions.JedisConnectionException: Could not get a resource from the pool
Caused by: redis.clients.jedis.exceptions.JedisConnectionException: Could not get a resource from the pool
Caused by: redis.clients.jedis.exceptions.JedisConnectionException: java.net.ConnectException: Conexão recusada
Caused by: java.net.ConnectException: Conexão recusada
</error>
  </testcase>
  <testcase name="testPollLastTimeout[3]" classname="org.springframework.data.redis.support.collections.RedisListTests" time="0.001">
    <error message="Cannot get Jedis connection; nested exception is redis.clients.jedis.exceptions.JedisConnectionException: Could not get a resource from the pool" type="org.springframework.data.redis.RedisConnectionFailureException">org.springframework.data.redis.RedisConnectionFailureException: Cannot get Jedis connection; nested exception is redis.clients.jedis.exceptions.JedisConnectionException: Could not get a resource from the pool
Caused by: redis.clients.jedis.exceptions.JedisConnectionException: Could not get a resource from the pool
Caused by: redis.clients.jedis.exceptions.JedisConnectionException: java.net.ConnectException: Conexão recusada
Caused by: java.net.ConnectException: Conexão recusada
</error>
  </testcase>
  <testcase name="testPeekFirst[3]" classname="org.springframework.data.redis.support.collections.RedisListTests" time="0.001">
    <error message="Cannot get Jedis connection; nested exception is redis.clients.jedis.exceptions.JedisConnectionException: Could not get a resource from the pool" type="org.springframework.data.redis.RedisConnectionFailureException">org.springframework.data.redis.RedisConnectionFailureException: Cannot get Jedis connection; nested exception is redis.clients.jedis.exceptions.JedisConnectionException: Could not get a resource from the pool
Caused by: redis.clients.jedis.exceptions.JedisConnectionException: Could not get a resource from the pool
Caused by: redis.clients.jedis.exceptions.JedisConnectionException: java.net.ConnectException: Conexão recusada
Caused by: java.net.ConnectException: Conexão recusada
</error>
  </testcase>
  <testcase name="testPeekFirst[3]" classname="org.springframework.data.redis.support.collections.RedisListTests" time="0.001">
    <error message="Cannot get Jedis connection; nested exception is redis.clients.jedis.exceptions.JedisConnectionException: Could not get a resource from the pool" type="org.springframework.data.redis.RedisConnectionFailureException">org.springframework.data.redis.RedisConnectionFailureException: Cannot get Jedis connection; nested exception is redis.clients.jedis.exceptions.JedisConnectionException: Could not get a resource from the pool
Caused by: redis.clients.jedis.exceptions.JedisConnectionException: Could not get a resource from the pool
Caused by: redis.clients.jedis.exceptions.JedisConnectionException: java.net.ConnectException: Conexão recusada
Caused by: java.net.ConnectException: Conexão recusada
</error>
  </testcase>
  <testcase name="testOfferLast[3]" classname="org.springframework.data.redis.support.collections.RedisListTests" time="0.001">
    <error message="Cannot get Jedis connection; nested exception is redis.clients.jedis.exceptions.JedisConnectionException: Could not get a resource from the pool" type="org.springframework.data.redis.RedisConnectionFailureException">org.springframework.data.redis.RedisConnectionFailureException: Cannot get Jedis connection; nested exception is redis.clients.jedis.exceptions.JedisConnectionException: Could not get a resource from the pool
Caused by: redis.clients.jedis.exceptions.JedisConnectionException: Could not get a resource from the pool
Caused by: redis.clients.jedis.exceptions.JedisConnectionException: java.net.ConnectException: Conexão recusada
Caused by: java.net.ConnectException: Conexão recusada
</error>
  </testcase>
  <testcase name="testOfferLast[3]" classname="org.springframework.data.redis.support.collections.RedisListTests" time="0.001">
    <error message="Cannot get Jedis connection; nested exception is redis.clients.jedis.exceptions.JedisConnectionException: Could not get a resource from the pool" type="org.springframework.data.redis.RedisConnectionFailureException">org.springframework.data.redis.RedisConnectionFailureException: Cannot get Jedis connection; nested exception is redis.clients.jedis.exceptions.JedisConnectionException: Could not get a resource from the pool
Caused by: redis.clients.jedis.exceptions.JedisConnectionException: Could not get a resource from the pool
Caused by: redis.clients.jedis.exceptions.JedisConnectionException: java.net.ConnectException: Conexão recusada
Caused by: java.net.ConnectException: Conexão recusada
</error>
  </testcase>
  <testcase name="testGetFirst[3]" classname="org.springframework.data.redis.support.collections.RedisListTests" time="0.001">
    <error message="Cannot get Jedis connection; nested exception is redis.clients.jedis.exceptions.JedisConnectionException: Could not get a resource from the pool" type="org.springframework.data.redis.RedisConnectionFailureException">org.springframework.data.redis.RedisConnectionFailureException: Cannot get Jedis connection; nested exception is redis.clients.jedis.exceptions.JedisConnectionException: Could not get a resource from the pool
Caused by: redis.clients.jedis.exceptions.JedisConnectionException: Could not get a resource from the pool
Caused by: redis.clients.jedis.exceptions.JedisConnectionException: java.net.ConnectException: Conexão recusada
Caused by: java.net.ConnectException: Conexão recusada
</error>
  </testcase>
  <testcase name="testGetFirst[3]" classname="org.springframework.data.redis.support.collections.RedisListTests" time="0.001">
    <error message="Cannot get Jedis connection; nested exception is redis.clients.jedis.exceptions.JedisConnectionException: Could not get a resource from the pool" type="org.springframework.data.redis.RedisConnectionFailureException">org.springframework.data.redis.RedisConnectionFailureException: Cannot get Jedis connection; nested exception is redis.clients.jedis.exceptions.JedisConnectionException: Could not get a resource from the pool
Caused by: redis.clients.jedis.exceptions.JedisConnectionException: Could not get a resource from the pool
Caused by: redis.clients.jedis.exceptions.JedisConnectionException: java.net.ConnectException: Conexão recusada
Caused by: java.net.ConnectException: Conexão recusada
</error>
  </testcase>
  <testcase name="testAddLast[3]" classname="org.springframework.data.redis.support.collections.RedisListTests" time="0.001">
    <error message="Cannot get Jedis connection; nested exception is redis.clients.jedis.exceptions.JedisConnectionException: Could not get a resource from the pool" type="org.springframework.data.redis.RedisConnectionFailureException">org.springframework.data.redis.RedisConnectionFailureException: Cannot get Jedis connection; nested exception is redis.clients.jedis.exceptions.JedisConnectionException: Could not get a resource from the pool
Caused by: redis.clients.jedis.exceptions.JedisConnectionException: Could not get a resource from the pool
Caused by: redis.clients.jedis.exceptions.JedisConnectionException: java.net.ConnectException: Conexão recusada
Caused by: java.net.ConnectException: Conexão recusada
</error>
  </testcase>
  <testcase name="testAddLast[3]" classname="org.springframework.data.redis.support.collections.RedisListTests" time="0.001">
    <error message="Cannot get Jedis connection; nested exception is redis.clients.jedis.exceptions.JedisConnectionException: Could not get a resource from the pool" type="org.springframework.data.redis.RedisConnectionFailureException">org.springframework.data.redis.RedisConnectionFailureException: Cannot get Jedis connection; nested exception is redis.clients.jedis.exceptions.JedisConnectionException: Could not get a resource from the pool
Caused by: redis.clients.jedis.exceptions.JedisConnectionException: Could not get a resource from the pool
Caused by: redis.clients.jedis.exceptions.JedisConnectionException: java.net.ConnectException: Conexão recusada
Caused by: java.net.ConnectException: Conexão recusada
</error>
  </testcase>
  <testcase name="testPop[3]" classname="org.springframework.data.redis.support.collections.RedisListTests" time="0.001">
    <error message="Cannot get Jedis connection; nested exception is redis.clients.jedis.exceptions.JedisConnectionException: Could not get a resource from the pool" type="org.springframework.data.redis.RedisConnectionFailureException">org.springframework.data.redis.RedisConnectionFailureException: Cannot get Jedis connection; nested exception is redis.clients.jedis.exceptions.JedisConnectionException: Could not get a resource from the pool
Caused by: redis.clients.jedis.exceptions.JedisConnectionException: Could not get a resource from the pool
Caused by: redis.clients.jedis.exceptions.JedisConnectionException: java.net.ConnectException: Conexão recusada
Caused by: java.net.ConnectException: Conexão recusada
</error>
  </testcase>
  <testcase name="testPop[3]" classname="org.springframework.data.redis.support.collections.RedisListTests" time="0.001">
    <error message="Cannot get Jedis connection; nested exception is redis.clients.jedis.exceptions.JedisConnectionException: Could not get a resource from the pool" type="org.springframework.data.redis.RedisConnectionFailureException">org.springframework.data.redis.RedisConnectionFailureException: Cannot get Jedis connection; nested exception is redis.clients.jedis.exceptions.JedisConnectionException: Could not get a resource from the pool
Caused by: redis.clients.jedis.exceptions.JedisConnectionException: Could not get a resource from the pool
Caused by: redis.clients.jedis.exceptions.JedisConnectionException: java.net.ConnectException: Conexão recusada
Caused by: java.net.ConnectException: Conexão recusada
</error>
  </testcase>
  <testcase name="testPut[3]" classname="org.springframework.data.redis.support.collections.RedisListTests" time="0.001">
    <error message="Cannot get Jedis connection; nested exception is redis.clients.jedis.exceptions.JedisConnectionException: Could not get a resource from the pool" type="org.springframework.data.redis.RedisConnectionFailureException">org.springframework.data.redis.RedisConnectionFailureException: Cannot get Jedis connection; nested exception is redis.clients.jedis.exceptions.JedisConnectionException: Could not get a resource from the pool
Caused by: redis.clients.jedis.exceptions.JedisConnectionException: Could not get a resource from the pool
Caused by: redis.clients.jedis.exceptions.JedisConnectionException: java.net.ConnectException: Conexão recusada
Caused by: java.net.ConnectException: Conexão recusada
</error>
  </testcase>
  <testcase name="testPut[3]" classname="org.springframework.data.redis.support.collections.RedisListTests" time="0.001">
    <error message="Cannot get Jedis connection; nested exception is redis.clients.jedis.exceptions.JedisConnectionException: Could not get a resource from the pool" type="org.springframework.data.redis.RedisConnectionFailureException">org.springframework.data.redis.RedisConnectionFailureException: Cannot get Jedis connection; nested exception is redis.clients.jedis.exceptions.JedisConnectionException: Could not get a resource from the pool
Caused by: redis.clients.jedis.exceptions.JedisConnectionException: Could not get a resource from the pool
Caused by: redis.clients.jedis.exceptions.JedisConnectionException: java.net.ConnectException: Conexão recusada
Caused by: java.net.ConnectException: Conexão recusada
</error>
  </testcase>
  <testcase name="testSet[3]" classname="org.springframework.data.redis.support.collections.RedisListTests" time="0.001">
    <error message="Cannot get Jedis connection; nested exception is redis.clients.jedis.exceptions.JedisConnectionException: Could not get a resource from the pool" type="org.springframework.data.redis.RedisConnectionFailureException">org.springframework.data.redis.RedisConnectionFailureException: Cannot get Jedis connection; nested exception is redis.clients.jedis.exceptions.JedisConnectionException: Could not get a resource from the pool
Caused by: redis.clients.jedis.exceptions.JedisConnectionException: Could not get a resource from the pool
Caused by: redis.clients.jedis.exceptions.JedisConnectionException: java.net.ConnectException: Conexão recusada
Caused by: java.net.ConnectException: Conexão recusada
</error>
  </testcase>
  <testcase name="testSet[3]" classname="org.springframework.data.redis.support.collections.RedisListTests" time="0.001">
    <error message="Cannot get Jedis connection; nested exception is redis.clients.jedis.exceptions.JedisConnectionException: Could not get a resource from the pool" type="org.springframework.data.redis.RedisConnectionFailureException">org.springframework.data.redis.RedisConnectionFailureException: Cannot get Jedis connection; nested exception is redis.clients.jedis.exceptions.JedisConnectionException: Could not get a resource from the pool
Caused by: redis.clients.jedis.exceptions.JedisConnectionException: Could not get a resource from the pool
Caused by: redis.clients.jedis.exceptions.JedisConnectionException: java.net.ConnectException: Conexão recusada
Caused by: java.net.ConnectException: Conexão recusada
</error>
  </testcase>
  <testcase name="testOffer[3]" classname="org.springframework.data.redis.support.collections.RedisListTests" time="0.001">
    <error message="Cannot get Jedis connection; nested exception is redis.clients.jedis.exceptions.JedisConnectionException: Could not get a resource from the pool" type="org.springframework.data.redis.RedisConnectionFailureException">org.springframework.data.redis.RedisConnectionFailureException: Cannot get Jedis connection; nested exception is redis.clients.jedis.exceptions.JedisConnectionException: Could not get a resource from the pool
Caused by: redis.clients.jedis.exceptions.JedisConnectionException: Could not get a resource from the pool
Caused by: redis.clients.jedis.exceptions.JedisConnectionException: java.net.ConnectException: Conexão recusada
Caused by: java.net.ConnectException: Conexão recusada
</error>
  </testcase>
  <testcase name="testOffer[3]" classname="org.springframework.data.redis.support.collections.RedisListTests" time="0.001">
    <error message="Cannot get Jedis connection; nested exception is redis.clients.jedis.exceptions.JedisConnectionException: Could not get a resource from the pool" type="org.springframework.data.redis.RedisConnectionFailureException">org.springframework.data.redis.RedisConnectionFailureException: Cannot get Jedis connection; nested exception is redis.clients.jedis.exceptions.JedisConnectionException: Could not get a resource from the pool
Caused by: redis.clients.jedis.exceptions.JedisConnectionException: Could not get a resource from the pool
Caused by: redis.clients.jedis.exceptions.JedisConnectionException: java.net.ConnectException: Conexão recusada
Caused by: java.net.ConnectException: Conexão recusada
</error>
  </testcase>
  <testcase name="testRange[3]" classname="org.springframework.data.redis.support.collections.RedisListTests" time="0.001">
    <error message="Cannot get Jedis connection; nested exception is redis.clients.jedis.exceptions.JedisConnectionException: Could not get a resource from the pool" type="org.springframework.data.redis.RedisConnectionFailureException">org.springframework.data.redis.RedisConnectionFailureException: Cannot get Jedis connection; nested exception is redis.clients.jedis.exceptions.JedisConnectionException: Could not get a resource from the pool
Caused by: redis.clients.jedis.exceptions.JedisConnectionException: Could not get a resource from the pool
Caused by: redis.clients.jedis.exceptions.JedisConnectionException: java.net.ConnectException: Conexão recusada
Caused by: java.net.ConnectException: Conexão recusada
</error>
  </testcase>
  <testcase name="testRange[3]" classname="org.springframework.data.redis.support.collections.RedisListTests" time="0.001">
    <error message="Cannot get Jedis connection; nested exception is redis.clients.jedis.exceptions.JedisConnectionException: Could not get a resource from the pool" type="org.springframework.data.redis.RedisConnectionFailureException">org.springframework.data.redis.RedisConnectionFailureException: Cannot get Jedis connection; nested exception is redis.clients.jedis.exceptions.JedisConnectionException: Could not get a resource from the pool
Caused by: redis.clients.jedis.exceptions.JedisConnectionException: Could not get a resource from the pool
Caused by: redis.clients.jedis.exceptions.JedisConnectionException: java.net.ConnectException: Conexão recusada
Caused by: java.net.ConnectException: Conexão recusada
</error>
  </testcase>
  <testcase name="testLast[3]" classname="org.springframework.data.redis.support.collections.RedisListTests" time="0.001">
    <error message="Cannot get Jedis connection; nested exception is redis.clients.jedis.exceptions.JedisConnectionException: Could not get a resource from the pool" type="org.springframework.data.redis.RedisConnectionFailureException">org.springframework.data.redis.RedisConnectionFailureException: Cannot get Jedis connection; nested exception is redis.clients.jedis.exceptions.JedisConnectionException: Could not get a resource from the pool
Caused by: redis.clients.jedis.exceptions.JedisConnectionException: Could not get a resource from the pool
Caused by: redis.clients.jedis.exceptions.JedisConnectionException: java.net.ConnectException: Conexão recusada
Caused by: java.net.ConnectException: Conexão recusada
</error>
  </testcase>
  <testcase name="testLast[3]" classname="org.springframework.data.redis.support.collections.RedisListTests" time="0.001">
    <error message="Cannot get Jedis connection; nested exception is redis.clients.jedis.exceptions.JedisConnectionException: Could not get a resource from the pool" type="org.springframework.data.redis.RedisConnectionFailureException">org.springframework.data.redis.RedisConnectionFailureException: Cannot get Jedis connection; nested exception is redis.clients.jedis.exceptions.JedisConnectionException: Could not get a resource from the pool
Caused by: redis.clients.jedis.exceptions.JedisConnectionException: Could not get a resource from the pool
Caused by: redis.clients.jedis.exceptions.JedisConnectionException: java.net.ConnectException: Conexão recusada
Caused by: java.net.ConnectException: Conexão recusada
</error>
  </testcase>
  <testcase name="testPeek[3]" classname="org.springframework.data.redis.support.collections.RedisListTests" time="0.001">
    <error message="Cannot get Jedis connection; nested exception is redis.clients.jedis.exceptions.JedisConnectionException: Could not get a resource from the pool" type="org.springframework.data.redis.RedisConnectionFailureException">org.springframework.data.redis.RedisConnectionFailureException: Cannot get Jedis connection; nested exception is redis.clients.jedis.exceptions.JedisConnectionException: Could not get a resource from the pool
Caused by: redis.clients.jedis.exceptions.JedisConnectionException: Could not get a resource from the pool
Caused by: redis.clients.jedis.exceptions.JedisConnectionException: java.net.ConnectException: Conexão recusada
Caused by: java.net.ConnectException: Conexão recusada
</error>
  </testcase>
  <testcase name="testPeek[3]" classname="org.springframework.data.redis.support.collections.RedisListTests" time="0.001">
    <error message="Cannot get Jedis connection; nested exception is redis.clients.jedis.exceptions.JedisConnectionException: Could not get a resource from the pool" type="org.springframework.data.redis.RedisConnectionFailureException">org.springframework.data.redis.RedisConnectionFailureException: Cannot get Jedis connection; nested exception is redis.clients.jedis.exceptions.JedisConnectionException: Could not get a resource from the pool
Caused by: redis.clients.jedis.exceptions.JedisConnectionException: Could not get a resource from the pool
Caused by: redis.clients.jedis.exceptions.JedisConnectionException: java.net.ConnectException: Conexão recusada
Caused by: java.net.ConnectException: Conexão recusada
</error>
  </testcase>
  <testcase name="testPoll[3]" classname="org.springframework.data.redis.support.collections.RedisListTests" time="0.001">
    <error message="Cannot get Jedis connection; nested exception is redis.clients.jedis.exceptions.JedisConnectionException: Could not get a resource from the pool" type="org.springframework.data.redis.RedisConnectionFailureException">org.springframework.data.redis.RedisConnectionFailureException: Cannot get Jedis connection; nested exception is redis.clients.jedis.exceptions.JedisConnectionException: Could not get a resource from the pool
Caused by: redis.clients.jedis.exceptions.JedisConnectionException: Could not get a resource from the pool
Caused by: redis.clients.jedis.exceptions.JedisConnectionException: java.net.ConnectException: Conexão recusada
Caused by: java.net.ConnectException: Conexão recusada
</error>
  </testcase>
  <testcase name="testPoll[3]" classname="org.springframework.data.redis.support.collections.RedisListTests" time="0.001">
    <error message="Cannot get Jedis connection; nested exception is redis.clients.jedis.exceptions.JedisConnectionException: Could not get a resource from the pool" type="org.springframework.data.redis.RedisConnectionFailureException">org.springframework.data.redis.RedisConnectionFailureException: Cannot get Jedis connection; nested exception is redis.clients.jedis.exceptions.JedisConnectionException: Could not get a resource from the pool
Caused by: redis.clients.jedis.exceptions.JedisConnectionException: Could not get a resource from the pool
Caused by: redis.clients.jedis.exceptions.JedisConnectionException: java.net.ConnectException: Conexão recusada
Caused by: java.net.ConnectException: Conexão recusada
</error>
  </testcase>
  <testcase name="testTake[3]" classname="org.springframework.data.redis.support.collections.RedisListTests" time="0">
    <error message="Cannot get Jedis connection; nested exception is redis.clients.jedis.exceptions.JedisConnectionException: Could not get a resource from the pool" type="org.springframework.data.redis.RedisConnectionFailureException">org.springframework.data.redis.RedisConnectionFailureException: Cannot get Jedis connection; nested exception is redis.clients.jedis.exceptions.JedisConnectionException: Could not get a resource from the pool
Caused by: redis.clients.jedis.exceptions.JedisConnectionException: Could not get a resource from the pool
Caused by: redis.clients.jedis.exceptions.JedisConnectionException: java.net.ConnectException: Conexão recusada
Caused by: java.net.ConnectException: Conexão recusada
</error>
  </testcase>
  <testcase name="testTake[3]" classname="org.springframework.data.redis.support.collections.RedisListTests" time="0.001">
    <error message="Cannot get Jedis connection; nested exception is redis.clients.jedis.exceptions.JedisConnectionException: Could not get a resource from the pool" type="org.springframework.data.redis.RedisConnectionFailureException">org.springframework.data.redis.RedisConnectionFailureException: Cannot get Jedis connection; nested exception is redis.clients.jedis.exceptions.JedisConnectionException: Could not get a resource from the pool
Caused by: redis.clients.jedis.exceptions.JedisConnectionException: Could not get a resource from the pool
Caused by: redis.clients.jedis.exceptions.JedisConnectionException: java.net.ConnectException: Conexão recusada
Caused by: java.net.ConnectException: Conexão recusada
</error>
  </testcase>
  <testcase name="testTrim[3]" classname="org.springframework.data.redis.support.collections.RedisListTests" time="0">
    <error message="Cannot get Jedis connection; nested exception is redis.clients.jedis.exceptions.JedisConnectionException: Could not get a resource from the pool" type="org.springframework.data.redis.RedisConnectionFailureException">org.springframework.data.redis.RedisConnectionFailureException: Cannot get Jedis connection; nested exception is redis.clients.jedis.exceptions.JedisConnectionException: Could not get a resource from the pool
Caused by: redis.clients.jedis.exceptions.JedisConnectionException: Could not get a resource from the pool
Caused by: redis.clients.jedis.exceptions.JedisConnectionException: java.net.ConnectException: Conexão recusada
Caused by: java.net.ConnectException: Conexão recusada
</error>
  </testcase>
  <testcase name="testTrim[3]" classname="org.springframework.data.redis.support.collections.RedisListTests" time="0.001">
    <error message="Cannot get Jedis connection; nested exception is redis.clients.jedis.exceptions.JedisConnectionException: Could not get a resource from the pool" type="org.springframework.data.redis.RedisConnectionFailureException">org.springframework.data.redis.RedisConnectionFailureException: Cannot get Jedis connection; nested exception is redis.clients.jedis.exceptions.JedisConnectionException: Could not get a resource from the pool
Caused by: redis.clients.jedis.exceptions.JedisConnectionException: Could not get a resource from the pool
Caused by: redis.clients.jedis.exceptions.JedisConnectionException: java.net.ConnectException: Conexão recusada
Caused by: java.net.ConnectException: Conexão recusada
</error>
  </testcase>
  <testcase name="testDrainToCollection[3]" classname="org.springframework.data.redis.support.collections.RedisListTests" time="0">
    <error message="Cannot get Jedis connection; nested exception is redis.clients.jedis.exceptions.JedisConnectionException: Could not get a resource from the pool" type="org.springframework.data.redis.RedisConnectionFailureException">org.springframework.data.redis.RedisConnectionFailureException: Cannot get Jedis connection; nested exception is redis.clients.jedis.exceptions.JedisConnectionException: Could not get a resource from the pool
Caused by: redis.clients.jedis.exceptions.JedisConnectionException: Could not get a resource from the pool
Caused by: redis.clients.jedis.exceptions.JedisConnectionException: java.net.ConnectException: Conexão recusada
Caused by: java.net.ConnectException: Conexão recusada
</error>
  </testcase>
  <testcase name="testDrainToCollection[3]" classname="org.springframework.data.redis.support.collections.RedisListTests" time="0.001">
    <error message="Cannot get Jedis connection; nested exception is redis.clients.jedis.exceptions.JedisConnectionException: Could not get a resource from the pool" type="org.springframework.data.redis.RedisConnectionFailureException">org.springframework.data.redis.RedisConnectionFailureException: Cannot get Jedis connection; nested exception is redis.clients.jedis.exceptions.JedisConnectionException: Could not get a resource from the pool
Caused by: redis.clients.jedis.exceptions.JedisConnectionException: Could not get a resource from the pool
Caused by: redis.clients.jedis.exceptions.JedisConnectionException: java.net.ConnectException: Conexão recusada
Caused by: java.net.ConnectException: Conexão recusada
</error>
  </testcase>
  <testcase name="testRemoveFirst[3]" classname="org.springframework.data.redis.support.collections.RedisListTests" time="0">
    <error message="Cannot get Jedis connection; nested exception is redis.clients.jedis.exceptions.JedisConnectionException: Could not get a resource from the pool" type="org.springframework.data.redis.RedisConnectionFailureException">org.springframework.data.redis.RedisConnectionFailureException: Cannot get Jedis connection; nested exception is redis.clients.jedis.exceptions.JedisConnectionException: Could not get a resource from the pool
Caused by: redis.clients.jedis.exceptions.JedisConnectionException: Could not get a resource from the pool
Caused by: redis.clients.jedis.exceptions.JedisConnectionException: java.net.ConnectException: Conexão recusada
Caused by: java.net.ConnectException: Conexão recusada
</error>
  </testcase>
  <testcase name="testRemoveFirst[3]" classname="org.springframework.data.redis.support.collections.RedisListTests" time="0">
    <error message="Cannot get Jedis connection; nested exception is redis.clients.jedis.exceptions.JedisConnectionException: Could not get a resource from the pool" type="org.springframework.data.redis.RedisConnectionFailureException">org.springframework.data.redis.RedisConnectionFailureException: Cannot get Jedis connection; nested exception is redis.clients.jedis.exceptions.JedisConnectionException: Could not get a resource from the pool
Caused by: redis.clients.jedis.exceptions.JedisConnectionException: Could not get a resource from the pool
Caused by: redis.clients.jedis.exceptions.JedisConnectionException: java.net.ConnectException: Conexão recusada
Caused by: java.net.ConnectException: Conexão recusada
</error>
  </testcase>
  <testcase name="testRemoveIndex[3]" classname="org.springframework.data.redis.support.collections.RedisListTests" time="0.001">
    <error message="Cannot get Jedis connection; nested exception is redis.clients.jedis.exceptions.JedisConnectionException: Could not get a resource from the pool" type="org.springframework.data.redis.RedisConnectionFailureException">org.springframework.data.redis.RedisConnectionFailureException: Cannot get Jedis connection; nested exception is redis.clients.jedis.exceptions.JedisConnectionException: Could not get a resource from the pool
Caused by: redis.clients.jedis.exceptions.JedisConnectionException: Could not get a resource from the pool
Caused by: redis.clients.jedis.exceptions.JedisConnectionException: java.net.ConnectException: Conexão recusada
Caused by: java.net.ConnectException: Conexão recusada
</error>
  </testcase>
  <testcase name="testPutLast[3]" classname="org.springframework.data.redis.support.collections.RedisListTests" time="0.001">
    <error message="Cannot get Jedis connection; nested exception is redis.clients.jedis.exceptions.JedisConnectionException: Could not get a resource from the pool" type="org.springframework.data.redis.RedisConnectionFailureException">org.springframework.data.redis.RedisConnectionFailureException: Cannot get Jedis connection; nested exception is redis.clients.jedis.exceptions.JedisConnectionException: Could not get a resource from the pool
Caused by: redis.clients.jedis.exceptions.JedisConnectionException: Could not get a resource from the pool
Caused by: redis.clients.jedis.exceptions.JedisConnectionException: java.net.ConnectException: Conexão recusada
Caused by: java.net.ConnectException: Conexão recusada
</error>
  </testcase>
  <testcase name="testPutLast[3]" classname="org.springframework.data.redis.support.collections.RedisListTests" time="0.001">
    <error message="Cannot get Jedis connection; nested exception is redis.clients.jedis.exceptions.JedisConnectionException: Could not get a resource from the pool" type="org.springframework.data.redis.RedisConnectionFailureException">org.springframework.data.redis.RedisConnectionFailureException: Cannot get Jedis connection; nested exception is redis.clients.jedis.exceptions.JedisConnectionException: Could not get a resource from the pool
Caused by: redis.clients.jedis.exceptions.JedisConnectionException: Could not get a resource from the pool
Caused by: redis.clients.jedis.exceptions.JedisConnectionException: java.net.ConnectException: Conexão recusada
Caused by: java.net.ConnectException: Conexão recusada
</error>
  </testcase>
  <testcase name="testOfferFirst[3]" classname="org.springframework.data.redis.support.collections.RedisListTests" time="0.001">
    <error message="Cannot get Jedis connection; nested exception is redis.clients.jedis.exceptions.JedisConnectionException: Could not get a resource from the pool" type="org.springframework.data.redis.RedisConnectionFailureException">org.springframework.data.redis.RedisConnectionFailureException: Cannot get Jedis connection; nested exception is redis.clients.jedis.exceptions.JedisConnectionException: Could not get a resource from the pool
Caused by: redis.clients.jedis.exceptions.JedisConnectionException: Could not get a resource from the pool
Caused by: redis.clients.jedis.exceptions.JedisConnectionException: java.net.ConnectException: Conexão recusada
Caused by: java.net.ConnectException: Conexão recusada
</error>
  </testcase>
  <testcase name="testOfferFirst[3]" classname="org.springframework.data.redis.support.collections.RedisListTests" time="0.001">
    <error message="Cannot get Jedis connection; nested exception is redis.clients.jedis.exceptions.JedisConnectionException: Could not get a resource from the pool" type="org.springframework.data.redis.RedisConnectionFailureException">org.springframework.data.redis.RedisConnectionFailureException: Cannot get Jedis connection; nested exception is redis.clients.jedis.exceptions.JedisConnectionException: Could not get a resource from the pool
Caused by: redis.clients.jedis.exceptions.JedisConnectionException: Could not get a resource from the pool
Caused by: redis.clients.jedis.exceptions.JedisConnectionException: java.net.ConnectException: Conexão recusada
Caused by: java.net.ConnectException: Conexão recusada
</error>
  </testcase>
  <testcase name="testDescendingIterator[3]" classname="org.springframework.data.redis.support.collections.RedisListTests" time="0.001">
    <error message="Cannot get Jedis connection; nested exception is redis.clients.jedis.exceptions.JedisConnectionException: Could not get a resource from the pool" type="org.springframework.data.redis.RedisConnectionFailureException">org.springframework.data.redis.RedisConnectionFailureException: Cannot get Jedis connection; nested exception is redis.clients.jedis.exceptions.JedisConnectionException: Could not get a resource from the pool
Caused by: redis.clients.jedis.exceptions.JedisConnectionException: Could not get a resource from the pool
Caused by: redis.clients.jedis.exceptions.JedisConnectionException: java.net.ConnectException: Conexão recusada
Caused by: java.net.ConnectException: Conexão recusada
</error>
  </testcase>
  <testcase name="testDescendingIterator[3]" classname="org.springframework.data.redis.support.collections.RedisListTests" time="0.001">
    <error message="Cannot get Jedis connection; nested exception is redis.clients.jedis.exceptions.JedisConnectionException: Could not get a resource from the pool" type="org.springframework.data.redis.RedisConnectionFailureException">org.springframework.data.redis.RedisConnectionFailureException: Cannot get Jedis connection; nested exception is redis.clients.jedis.exceptions.JedisConnectionException: Could not get a resource from the pool
Caused by: redis.clients.jedis.exceptions.JedisConnectionException: Could not get a resource from the pool
Caused by: redis.clients.jedis.exceptions.JedisConnectionException: java.net.ConnectException: Conexão recusada
Caused by: java.net.ConnectException: Conexão recusada
</error>
  </testcase>
  <testcase name="testAddFirst[3]" classname="org.springframework.data.redis.support.collections.RedisListTests" time="0.001">
    <error message="Cannot get Jedis connection; nested exception is redis.clients.jedis.exceptions.JedisConnectionException: Could not get a resource from the pool" type="org.springframework.data.redis.RedisConnectionFailureException">org.springframework.data.redis.RedisConnectionFailureException: Cannot get Jedis connection; nested exception is redis.clients.jedis.exceptions.JedisConnectionException: Could not get a resource from the pool
Caused by: redis.clients.jedis.exceptions.JedisConnectionException: Could not get a resource from the pool
Caused by: redis.clients.jedis.exceptions.JedisConnectionException: java.net.ConnectException: Conexão recusada
Caused by: java.net.ConnectException: Conexão recusada
</error>
  </testcase>
  <testcase name="testAddFirst[3]" classname="org.springframework.data.redis.support.collections.RedisListTests" time="0.001">
    <error message="Cannot get Jedis connection; nested exception is redis.clients.jedis.exceptions.JedisConnectionException: Could not get a resource from the pool" type="org.springframework.data.redis.RedisConnectionFailureException">org.springframework.data.redis.RedisConnectionFailureException: Cannot get Jedis connection; nested exception is redis.clients.jedis.exceptions.JedisConnectionException: Could not get a resource from the pool
Caused by: redis.clients.jedis.exceptions.JedisConnectionException: Could not get a resource from the pool
Caused by: redis.clients.jedis.exceptions.JedisConnectionException: java.net.ConnectException: Conexão recusada
Caused by: java.net.ConnectException: Conexão recusada
</error>
  </testcase>
  <testcase name="testDrainToCollectionWithMaxElements[3]" classname="org.springframework.data.redis.support.collections.RedisListTests" time="0.001">
    <error message="Cannot get Jedis connection; nested exception is redis.clients.jedis.exceptions.JedisConnectionException: Could not get a resource from the pool" type="org.springframework.data.redis.RedisConnectionFailureException">org.springframework.data.redis.RedisConnectionFailureException: Cannot get Jedis connection; nested exception is redis.clients.jedis.exceptions.JedisConnectionException: Could not get a resource from the pool
Caused by: redis.clients.jedis.exceptions.JedisConnectionException: Could not get a resource from the pool
Caused by: redis.clients.jedis.exceptions.JedisConnectionException: java.net.ConnectException: Conexão recusada
Caused by: java.net.ConnectException: Conexão recusada
</error>
  </testcase>
  <testcase name="testDrainToCollectionWithMaxElements[3]" classname="org.springframework.data.redis.support.collections.RedisListTests" time="0.001">
    <error message="Cannot get Jedis connection; nested exception is redis.clients.jedis.exceptions.JedisConnectionException: Could not get a resource from the pool" type="org.springframework.data.redis.RedisConnectionFailureException">org.springframework.data.redis.RedisConnectionFailureException: Cannot get Jedis connection; nested exception is redis.clients.jedis.exceptions.JedisConnectionException: Could not get a resource from the pool
Caused by: redis.clients.jedis.exceptions.JedisConnectionException: Could not get a resource from the pool
Caused by: redis.clients.jedis.exceptions.JedisConnectionException: java.net.ConnectException: Conexão recusada
Caused by: java.net.ConnectException: Conexão recusada
</error>
  </testcase>
  <testcase name="testTakeLast[3]" classname="org.springframework.data.redis.support.collections.RedisListTests" time="0.001">
    <error message="Cannot get Jedis connection; nested exception is redis.clients.jedis.exceptions.JedisConnectionException: Could not get a resource from the pool" type="org.springframework.data.redis.RedisConnectionFailureException">org.springframework.data.redis.RedisConnectionFailureException: Cannot get Jedis connection; nested exception is redis.clients.jedis.exceptions.JedisConnectionException: Could not get a resource from the pool
Caused by: redis.clients.jedis.exceptions.JedisConnectionException: Could not get a resource from the pool
Caused by: redis.clients.jedis.exceptions.JedisConnectionException: java.net.ConnectException: Conexão recusada
Caused by: java.net.ConnectException: Conexão recusada
</error>
  </testcase>
  <testcase name="testTakeLast[3]" classname="org.springframework.data.redis.support.collections.RedisListTests" time="0.001">
    <error message="Cannot get Jedis connection; nested exception is redis.clients.jedis.exceptions.JedisConnectionException: Could not get a resource from the pool" type="org.springframework.data.redis.RedisConnectionFailureException">org.springframework.data.redis.RedisConnectionFailureException: Cannot get Jedis connection; nested exception is redis.clients.jedis.exceptions.JedisConnectionException: Could not get a resource from the pool
Caused by: redis.clients.jedis.exceptions.JedisConnectionException: Could not get a resource from the pool
Caused by: redis.clients.jedis.exceptions.JedisConnectionException: java.net.ConnectException: Conexão recusada
Caused by: java.net.ConnectException: Conexão recusada
</error>
  </testcase>
  <testcase name="testRemainingCapacity[3]" classname="org.springframework.data.redis.support.collections.RedisListTests" time="0.001">
    <error message="Cannot get Jedis connection; nested exception is redis.clients.jedis.exceptions.JedisConnectionException: Could not get a resource from the pool" type="org.springframework.data.redis.RedisConnectionFailureException">org.springframework.data.redis.RedisConnectionFailureException: Cannot get Jedis connection; nested exception is redis.clients.jedis.exceptions.JedisConnectionException: Could not get a resource from the pool
Caused by: redis.clients.jedis.exceptions.JedisConnectionException: Could not get a resource from the pool
Caused by: redis.clients.jedis.exceptions.JedisConnectionException: java.net.ConnectException: Conexão recusada
Caused by: java.net.ConnectException: Conexão recusada
</error>
  </testcase>
  <testcase name="testRemoveLast[3]" classname="org.springframework.data.redis.support.collections.RedisListTests" time="0">
    <error message="Cannot get Jedis connection; nested exception is redis.clients.jedis.exceptions.JedisConnectionException: Could not get a resource from the pool" type="org.springframework.data.redis.RedisConnectionFailureException">org.springframework.data.redis.RedisConnectionFailureException: Cannot get Jedis connection; nested exception is redis.clients.jedis.exceptions.JedisConnectionException: Could not get a resource from the pool
Caused by: redis.clients.jedis.exceptions.JedisConnectionException: Could not get a resource from the pool
Caused by: redis.clients.jedis.exceptions.JedisConnectionException: java.net.ConnectException: Conexão recusada
Caused by: java.net.ConnectException: Conexão recusada
</error>
  </testcase>
  <testcase name="testRemoveLast[3]" classname="org.springframework.data.redis.support.collections.RedisListTests" time="0.001">
    <error message="Cannot get Jedis connection; nested exception is redis.clients.jedis.exceptions.JedisConnectionException: Could not get a resource from the pool" type="org.springframework.data.redis.RedisConnectionFailureException">org.springframework.data.redis.RedisConnectionFailureException: Cannot get Jedis connection; nested exception is redis.clients.jedis.exceptions.JedisConnectionException: Could not get a resource from the pool
Caused by: redis.clients.jedis.exceptions.JedisConnectionException: Could not get a resource from the pool
Caused by: redis.clients.jedis.exceptions.JedisConnectionException: java.net.ConnectException: Conexão recusada
Caused by: java.net.ConnectException: Conexão recusada
</error>
  </testcase>
  <testcase name="testAddIndexObjectHead[3]" classname="org.springframework.data.redis.support.collections.RedisListTests" time="0">
    <error message="Cannot get Jedis connection; nested exception is redis.clients.jedis.exceptions.JedisConnectionException: Could not get a resource from the pool" type="org.springframework.data.redis.RedisConnectionFailureException">org.springframework.data.redis.RedisConnectionFailureException: Cannot get Jedis connection; nested exception is redis.clients.jedis.exceptions.JedisConnectionException: Could not get a resource from the pool
Caused by: redis.clients.jedis.exceptions.JedisConnectionException: Could not get a resource from the pool
Caused by: redis.clients.jedis.exceptions.JedisConnectionException: java.net.ConnectException: Conexão recusada
Caused by: java.net.ConnectException: Conexão recusada
</error>
  </testcase>
  <testcase name="testAddIndexObjectHead[3]" classname="org.springframework.data.redis.support.collections.RedisListTests" time="0.001">
    <error message="Cannot get Jedis connection; nested exception is redis.clients.jedis.exceptions.JedisConnectionException: Could not get a resource from the pool" type="org.springframework.data.redis.RedisConnectionFailureException">org.springframework.data.redis.RedisConnectionFailureException: Cannot get Jedis connection; nested exception is redis.clients.jedis.exceptions.JedisConnectionException: Could not get a resource from the pool
Caused by: redis.clients.jedis.exceptions.JedisConnectionException: Could not get a resource from the pool
Caused by: redis.clients.jedis.exceptions.JedisConnectionException: java.net.ConnectException: Conexão recusada
Caused by: java.net.ConnectException: Conexão recusada
</error>
  </testcase>
  <testcase name="testAddIndexObjectTail[3]" classname="org.springframework.data.redis.support.collections.RedisListTests" time="0">
    <error message="Cannot get Jedis connection; nested exception is redis.clients.jedis.exceptions.JedisConnectionException: Could not get a resource from the pool" type="org.springframework.data.redis.RedisConnectionFailureException">org.springframework.data.redis.RedisConnectionFailureException: Cannot get Jedis connection; nested exception is redis.clients.jedis.exceptions.JedisConnectionException: Could not get a resource from the pool
Caused by: redis.clients.jedis.exceptions.JedisConnectionException: Could not get a resource from the pool
Caused by: redis.clients.jedis.exceptions.JedisConnectionException: java.net.ConnectException: Conexão recusada
Caused by: java.net.ConnectException: Conexão recusada
</error>
  </testcase>
  <testcase name="testAddIndexObjectTail[3]" classname="org.springframework.data.redis.support.collections.RedisListTests" time="0.001">
    <error message="Cannot get Jedis connection; nested exception is redis.clients.jedis.exceptions.JedisConnectionException: Could not get a resource from the pool" type="org.springframework.data.redis.RedisConnectionFailureException">org.springframework.data.redis.RedisConnectionFailureException: Cannot get Jedis connection; nested exception is redis.clients.jedis.exceptions.JedisConnectionException: Could not get a resource from the pool
Caused by: redis.clients.jedis.exceptions.JedisConnectionException: Could not get a resource from the pool
Caused by: redis.clients.jedis.exceptions.JedisConnectionException: java.net.ConnectException: Conexão recusada
Caused by: java.net.ConnectException: Conexão recusada
</error>
  </testcase>
  <testcase name="testPollFirst[3]" classname="org.springframework.data.redis.support.collections.RedisListTests" time="0">
    <error message="Cannot get Jedis connection; nested exception is redis.clients.jedis.exceptions.JedisConnectionException: Could not get a resource from the pool" type="org.springframework.data.redis.RedisConnectionFailureException">org.springframework.data.redis.RedisConnectionFailureException: Cannot get Jedis connection; nested exception is redis.clients.jedis.exceptions.JedisConnectionException: Could not get a resource from the pool
Caused by: redis.clients.jedis.exceptions.JedisConnectionException: Could not get a resource from the pool
Caused by: redis.clients.jedis.exceptions.JedisConnectionException: java.net.ConnectException: Conexão recusada
Caused by: java.net.ConnectException: Conexão recusada
</error>
  </testcase>
  <testcase name="testPollFirst[3]" classname="org.springframework.data.redis.support.collections.RedisListTests" time="0.001">
    <error message="Cannot get Jedis connection; nested exception is redis.clients.jedis.exceptions.JedisConnectionException: Could not get a resource from the pool" type="org.springframework.data.redis.RedisConnectionFailureException">org.springframework.data.redis.RedisConnectionFailureException: Cannot get Jedis connection; nested exception is redis.clients.jedis.exceptions.JedisConnectionException: Could not get a resource from the pool
Caused by: redis.clients.jedis.exceptions.JedisConnectionException: Could not get a resource from the pool
Caused by: redis.clients.jedis.exceptions.JedisConnectionException: java.net.ConnectException: Conexão recusada
Caused by: java.net.ConnectException: Conexão recusada
</error>
  </testcase>
  <testcase name="testAddIndexObjectMiddle[3]" classname="org.springframework.data.redis.support.collections.RedisListTests" time="0">
    <error message="Unexpected exception, expected&lt;java.lang.IllegalArgumentException&gt; but was&lt;org.springframework.data.redis.RedisConnectionFailureException&gt;" type="java.lang.Exception"><![CDATA[java.lang.Exception: Unexpected exception, expected<java.lang.IllegalArgumentException> but was<org.springframework.data.redis.RedisConnectionFailureException>
Caused by: org.springframework.data.redis.RedisConnectionFailureException: Cannot get Jedis connection; nested exception is redis.clients.jedis.exceptions.JedisConnectionException: Could not get a resource from the pool
Caused by: redis.clients.jedis.exceptions.JedisConnectionException: Could not get a resource from the pool
Caused by: redis.clients.jedis.exceptions.JedisConnectionException: java.net.ConnectException: Conexão recusada
Caused by: java.net.ConnectException: Conexão recusada
]]></error>
  </testcase>
  <testcase name="testAddIndexObjectMiddle[3]" classname="org.springframework.data.redis.support.collections.RedisListTests" time="0.001">
    <error message="Cannot get Jedis connection; nested exception is redis.clients.jedis.exceptions.JedisConnectionException: Could not get a resource from the pool" type="org.springframework.data.redis.RedisConnectionFailureException">org.springframework.data.redis.RedisConnectionFailureException: Cannot get Jedis connection; nested exception is redis.clients.jedis.exceptions.JedisConnectionException: Could not get a resource from the pool
Caused by: redis.clients.jedis.exceptions.JedisConnectionException: Could not get a resource from the pool
Caused by: redis.clients.jedis.exceptions.JedisConnectionException: java.net.ConnectException: Conexão recusada
Caused by: java.net.ConnectException: Conexão recusada
</error>
  </testcase>
  <testcase name="testPeekLast[3]" classname="org.springframework.data.redis.support.collections.RedisListTests" time="0">
    <error message="Cannot get Jedis connection; nested exception is redis.clients.jedis.exceptions.JedisConnectionException: Could not get a resource from the pool" type="org.springframework.data.redis.RedisConnectionFailureException">org.springframework.data.redis.RedisConnectionFailureException: Cannot get Jedis connection; nested exception is redis.clients.jedis.exceptions.JedisConnectionException: Could not get a resource from the pool
Caused by: redis.clients.jedis.exceptions.JedisConnectionException: Could not get a resource from the pool
Caused by: redis.clients.jedis.exceptions.JedisConnectionException: java.net.ConnectException: Conexão recusada
Caused by: java.net.ConnectException: Conexão recusada
</error>
  </testcase>
  <testcase name="testPeekLast[3]" classname="org.springframework.data.redis.support.collections.RedisListTests" time="0">
    <error message="Cannot get Jedis connection; nested exception is redis.clients.jedis.exceptions.JedisConnectionException: Could not get a resource from the pool" type="org.springframework.data.redis.RedisConnectionFailureException">org.springframework.data.redis.RedisConnectionFailureException: Cannot get Jedis connection; nested exception is redis.clients.jedis.exceptions.JedisConnectionException: Could not get a resource from the pool
Caused by: redis.clients.jedis.exceptions.JedisConnectionException: Could not get a resource from the pool
Caused by: redis.clients.jedis.exceptions.JedisConnectionException: java.net.ConnectException: Conexão recusada
Caused by: java.net.ConnectException: Conexão recusada
</error>
  </testcase>
  <testcase name="testRemoveFirstOccurrence[3]" classname="org.springframework.data.redis.support.collections.RedisListTests" time="0">
    <error message="Cannot get Jedis connection; nested exception is redis.clients.jedis.exceptions.JedisConnectionException: Could not get a resource from the pool" type="org.springframework.data.redis.RedisConnectionFailureException">org.springframework.data.redis.RedisConnectionFailureException: Cannot get Jedis connection; nested exception is redis.clients.jedis.exceptions.JedisConnectionException: Could not get a resource from the pool
Caused by: redis.clients.jedis.exceptions.JedisConnectionException: Could not get a resource from the pool
Caused by: redis.clients.jedis.exceptions.JedisConnectionException: java.net.ConnectException: Conexão recusada
Caused by: java.net.ConnectException: Conexão recusada
</error>
  </testcase>
  <testcase name="testRemoveFirstOccurrence[3]" classname="org.springframework.data.redis.support.collections.RedisListTests" time="0">
    <error message="Cannot get Jedis connection; nested exception is redis.clients.jedis.exceptions.JedisConnectionException: Could not get a resource from the pool" type="org.springframework.data.redis.RedisConnectionFailureException">org.springframework.data.redis.RedisConnectionFailureException: Cannot get Jedis connection; nested exception is redis.clients.jedis.exceptions.JedisConnectionException: Could not get a resource from the pool
Caused by: redis.clients.jedis.exceptions.JedisConnectionException: Could not get a resource from the pool
Caused by: redis.clients.jedis.exceptions.JedisConnectionException: java.net.ConnectException: Conexão recusada
Caused by: java.net.ConnectException: Conexão recusada
</error>
  </testcase>
  <testcase name="addAllIndexCollectionHead[3]" classname="org.springframework.data.redis.support.collections.RedisListTests" time="0.001">
    <error message="Cannot get Jedis connection; nested exception is redis.clients.jedis.exceptions.JedisConnectionException: Could not get a resource from the pool" type="org.springframework.data.redis.RedisConnectionFailureException">org.springframework.data.redis.RedisConnectionFailureException: Cannot get Jedis connection; nested exception is redis.clients.jedis.exceptions.JedisConnectionException: Could not get a resource from the pool
Caused by: redis.clients.jedis.exceptions.JedisConnectionException: Could not get a resource from the pool
Caused by: redis.clients.jedis.exceptions.JedisConnectionException: java.net.ConnectException: Conexão recusada
Caused by: java.net.ConnectException: Conexão recusada
</error>
  </testcase>
  <testcase name="addAllIndexCollectionHead[3]" classname="org.springframework.data.redis.support.collections.RedisListTests" time="0.001">
    <error message="Cannot get Jedis connection; nested exception is redis.clients.jedis.exceptions.JedisConnectionException: Could not get a resource from the pool" type="org.springframework.data.redis.RedisConnectionFailureException">org.springframework.data.redis.RedisConnectionFailureException: Cannot get Jedis connection; nested exception is redis.clients.jedis.exceptions.JedisConnectionException: Could not get a resource from the pool
Caused by: redis.clients.jedis.exceptions.JedisConnectionException: Could not get a resource from the pool
Caused by: redis.clients.jedis.exceptions.JedisConnectionException: java.net.ConnectException: Conexão recusada
Caused by: java.net.ConnectException: Conexão recusada
</error>
  </testcase>
  <testcase name="addAllIndexCollectionTail[3]" classname="org.springframework.data.redis.support.collections.RedisListTests" time="0.001">
    <error message="Cannot get Jedis connection; nested exception is redis.clients.jedis.exceptions.JedisConnectionException: Could not get a resource from the pool" type="org.springframework.data.redis.RedisConnectionFailureException">org.springframework.data.redis.RedisConnectionFailureException: Cannot get Jedis connection; nested exception is redis.clients.jedis.exceptions.JedisConnectionException: Could not get a resource from the pool
Caused by: redis.clients.jedis.exceptions.JedisConnectionException: Could not get a resource from the pool
Caused by: redis.clients.jedis.exceptions.JedisConnectionException: java.net.ConnectException: Conexão recusada
Caused by: java.net.ConnectException: Conexão recusada
</error>
  </testcase>
  <testcase name="addAllIndexCollectionTail[3]" classname="org.springframework.data.redis.support.collections.RedisListTests" time="0.001">
    <error message="Cannot get Jedis connection; nested exception is redis.clients.jedis.exceptions.JedisConnectionException: Could not get a resource from the pool" type="org.springframework.data.redis.RedisConnectionFailureException">org.springframework.data.redis.RedisConnectionFailureException: Cannot get Jedis connection; nested exception is redis.clients.jedis.exceptions.JedisConnectionException: Could not get a resource from the pool
Caused by: redis.clients.jedis.exceptions.JedisConnectionException: Could not get a resource from the pool
Caused by: redis.clients.jedis.exceptions.JedisConnectionException: java.net.ConnectException: Conexão recusada
Caused by: java.net.ConnectException: Conexão recusada
</error>
  </testcase>
  <testcase name="addAllIndexCollectionMiddle[3]" classname="org.springframework.data.redis.support.collections.RedisListTests" time="0.001">
    <error message="Unexpected exception, expected&lt;java.lang.IllegalArgumentException&gt; but was&lt;org.springframework.data.redis.RedisConnectionFailureException&gt;" type="java.lang.Exception"><![CDATA[java.lang.Exception: Unexpected exception, expected<java.lang.IllegalArgumentException> but was<org.springframework.data.redis.RedisConnectionFailureException>
Caused by: org.springframework.data.redis.RedisConnectionFailureException: Cannot get Jedis connection; nested exception is redis.clients.jedis.exceptions.JedisConnectionException: Could not get a resource from the pool
Caused by: redis.clients.jedis.exceptions.JedisConnectionException: Could not get a resource from the pool
Caused by: redis.clients.jedis.exceptions.JedisConnectionException: java.net.ConnectException: Conexão recusada
Caused by: java.net.ConnectException: Conexão recusada
]]></error>
  </testcase>
  <testcase name="addAllIndexCollectionMiddle[3]" classname="org.springframework.data.redis.support.collections.RedisListTests" time="0.001">
    <error message="Cannot get Jedis connection; nested exception is redis.clients.jedis.exceptions.JedisConnectionException: Could not get a resource from the pool" type="org.springframework.data.redis.RedisConnectionFailureException">org.springframework.data.redis.RedisConnectionFailureException: Cannot get Jedis connection; nested exception is redis.clients.jedis.exceptions.JedisConnectionException: Could not get a resource from the pool
Caused by: redis.clients.jedis.exceptions.JedisConnectionException: Could not get a resource from the pool
Caused by: redis.clients.jedis.exceptions.JedisConnectionException: java.net.ConnectException: Conexão recusada
Caused by: java.net.ConnectException: Conexão recusada
</error>
  </testcase>
  <testcase name="testPollLast[3]" classname="org.springframework.data.redis.support.collections.RedisListTests" time="0.001">
    <error message="Cannot get Jedis connection; nested exception is redis.clients.jedis.exceptions.JedisConnectionException: Could not get a resource from the pool" type="org.springframework.data.redis.RedisConnectionFailureException">org.springframework.data.redis.RedisConnectionFailureException: Cannot get Jedis connection; nested exception is redis.clients.jedis.exceptions.JedisConnectionException: Could not get a resource from the pool
Caused by: redis.clients.jedis.exceptions.JedisConnectionException: Could not get a resource from the pool
Caused by: redis.clients.jedis.exceptions.JedisConnectionException: java.net.ConnectException: Conexão recusada
Caused by: java.net.ConnectException: Conexão recusada
</error>
  </testcase>
  <testcase name="testPollLast[3]" classname="org.springframework.data.redis.support.collections.RedisListTests" time="0.001">
    <error message="Cannot get Jedis connection; nested exception is redis.clients.jedis.exceptions.JedisConnectionException: Could not get a resource from the pool" type="org.springframework.data.redis.RedisConnectionFailureException">org.springframework.data.redis.RedisConnectionFailureException: Cannot get Jedis connection; nested exception is redis.clients.jedis.exceptions.JedisConnectionException: Could not get a resource from the pool
Caused by: redis.clients.jedis.exceptions.JedisConnectionException: Could not get a resource from the pool
Caused by: redis.clients.jedis.exceptions.JedisConnectionException: java.net.ConnectException: Conexão recusada
Caused by: java.net.ConnectException: Conexão recusada
</error>
  </testcase>
  <testcase name="testIndexOfObject[3]" classname="org.springframework.data.redis.support.collections.RedisListTests" time="0.001">
    <error message="Cannot get Jedis connection; nested exception is redis.clients.jedis.exceptions.JedisConnectionException: Could not get a resource from the pool" type="org.springframework.data.redis.RedisConnectionFailureException">org.springframework.data.redis.RedisConnectionFailureException: Cannot get Jedis connection; nested exception is redis.clients.jedis.exceptions.JedisConnectionException: Could not get a resource from the pool
Caused by: redis.clients.jedis.exceptions.JedisConnectionException: Could not get a resource from the pool
Caused by: redis.clients.jedis.exceptions.JedisConnectionException: java.net.ConnectException: Conexão recusada
Caused by: java.net.ConnectException: Conexão recusada
</error>
  </testcase>
  <testcase name="testPollTimeout[3]" classname="org.springframework.data.redis.support.collections.RedisListTests" time="0.001">
    <error message="Cannot get Jedis connection; nested exception is redis.clients.jedis.exceptions.JedisConnectionException: Could not get a resource from the pool" type="org.springframework.data.redis.RedisConnectionFailureException">org.springframework.data.redis.RedisConnectionFailureException: Cannot get Jedis connection; nested exception is redis.clients.jedis.exceptions.JedisConnectionException: Could not get a resource from the pool
Caused by: redis.clients.jedis.exceptions.JedisConnectionException: Could not get a resource from the pool
Caused by: redis.clients.jedis.exceptions.JedisConnectionException: java.net.ConnectException: Conexão recusada
Caused by: java.net.ConnectException: Conexão recusada
</error>
  </testcase>
  <testcase name="testPollTimeout[3]" classname="org.springframework.data.redis.support.collections.RedisListTests" time="0.001">
    <error message="Cannot get Jedis connection; nested exception is redis.clients.jedis.exceptions.JedisConnectionException: Could not get a resource from the pool" type="org.springframework.data.redis.RedisConnectionFailureException">org.springframework.data.redis.RedisConnectionFailureException: Cannot get Jedis connection; nested exception is redis.clients.jedis.exceptions.JedisConnectionException: Could not get a resource from the pool
Caused by: redis.clients.jedis.exceptions.JedisConnectionException: Could not get a resource from the pool
Caused by: redis.clients.jedis.exceptions.JedisConnectionException: java.net.ConnectException: Conexão recusada
Caused by: java.net.ConnectException: Conexão recusada
</error>
  </testcase>
  <testcase name="testRemove[3]" classname="org.springframework.data.redis.support.collections.RedisListTests" time="0.001">
    <error message="Cannot get Jedis connection; nested exception is redis.clients.jedis.exceptions.JedisConnectionException: Could not get a resource from the pool" type="org.springframework.data.redis.RedisConnectionFailureException">org.springframework.data.redis.RedisConnectionFailureException: Cannot get Jedis connection; nested exception is redis.clients.jedis.exceptions.JedisConnectionException: Could not get a resource from the pool
Caused by: redis.clients.jedis.exceptions.JedisConnectionException: Could not get a resource from the pool
Caused by: redis.clients.jedis.exceptions.JedisConnectionException: java.net.ConnectException: Conexão recusada
Caused by: java.net.ConnectException: Conexão recusada
</error>
  </testcase>
  <testcase name="testRemove[3]" classname="org.springframework.data.redis.support.collections.RedisListTests" time="0.001">
    <error message="Cannot get Jedis connection; nested exception is redis.clients.jedis.exceptions.JedisConnectionException: Could not get a resource from the pool" type="org.springframework.data.redis.RedisConnectionFailureException">org.springframework.data.redis.RedisConnectionFailureException: Cannot get Jedis connection; nested exception is redis.clients.jedis.exceptions.JedisConnectionException: Could not get a resource from the pool
Caused by: redis.clients.jedis.exceptions.JedisConnectionException: Could not get a resource from the pool
Caused by: redis.clients.jedis.exceptions.JedisConnectionException: java.net.ConnectException: Conexão recusada
Caused by: java.net.ConnectException: Conexão recusada
</error>
  </testcase>
  <testcase name="testCappedCollection[3]" classname="org.springframework.data.redis.support.collections.RedisListTests" time="0">
    <error message="Cannot get Jedis connection; nested exception is redis.clients.jedis.exceptions.JedisConnectionException: Could not get a resource from the pool" type="org.springframework.data.redis.RedisConnectionFailureException">org.springframework.data.redis.RedisConnectionFailureException: Cannot get Jedis connection; nested exception is redis.clients.jedis.exceptions.JedisConnectionException: Could not get a resource from the pool
Caused by: redis.clients.jedis.exceptions.JedisConnectionException: Could not get a resource from the pool
Caused by: redis.clients.jedis.exceptions.JedisConnectionException: java.net.ConnectException: Conexão recusada
Caused by: java.net.ConnectException: Conexão recusada
</error>
  </testcase>
  <testcase name="testCappedCollection[3]" classname="org.springframework.data.redis.support.collections.RedisListTests" time="0.001">
    <error message="Cannot get Jedis connection; nested exception is redis.clients.jedis.exceptions.JedisConnectionException: Could not get a resource from the pool" type="org.springframework.data.redis.RedisConnectionFailureException">org.springframework.data.redis.RedisConnectionFailureException: Cannot get Jedis connection; nested exception is redis.clients.jedis.exceptions.JedisConnectionException: Could not get a resource from the pool
Caused by: redis.clients.jedis.exceptions.JedisConnectionException: Could not get a resource from the pool
Caused by: redis.clients.jedis.exceptions.JedisConnectionException: java.net.ConnectException: Conexão recusada
Caused by: java.net.ConnectException: Conexão recusada
</error>
  </testcase>
  <testcase name="testRmoveLastOccurrence[3]" classname="org.springframework.data.redis.support.collections.RedisListTests" time="0">
    <error message="Cannot get Jedis connection; nested exception is redis.clients.jedis.exceptions.JedisConnectionException: Could not get a resource from the pool" type="org.springframework.data.redis.RedisConnectionFailureException">org.springframework.data.redis.RedisConnectionFailureException: Cannot get Jedis connection; nested exception is redis.clients.jedis.exceptions.JedisConnectionException: Could not get a resource from the pool
Caused by: redis.clients.jedis.exceptions.JedisConnectionException: Could not get a resource from the pool
Caused by: redis.clients.jedis.exceptions.JedisConnectionException: java.net.ConnectException: Conexão recusada
Caused by: java.net.ConnectException: Conexão recusada
</error>
  </testcase>
  <testcase name="testRmoveLastOccurrence[3]" classname="org.springframework.data.redis.support.collections.RedisListTests" time="0.001">
    <error message="Cannot get Jedis connection; nested exception is redis.clients.jedis.exceptions.JedisConnectionException: Could not get a resource from the pool" type="org.springframework.data.redis.RedisConnectionFailureException">org.springframework.data.redis.RedisConnectionFailureException: Cannot get Jedis connection; nested exception is redis.clients.jedis.exceptions.JedisConnectionException: Could not get a resource from the pool
Caused by: redis.clients.jedis.exceptions.JedisConnectionException: Could not get a resource from the pool
Caused by: redis.clients.jedis.exceptions.JedisConnectionException: java.net.ConnectException: Conexão recusada
Caused by: java.net.ConnectException: Conexão recusada
</error>
  </testcase>
  <testcase name="testTakeFirst[3]" classname="org.springframework.data.redis.support.collections.RedisListTests" time="0">
    <error message="Cannot get Jedis connection; nested exception is redis.clients.jedis.exceptions.JedisConnectionException: Could not get a resource from the pool" type="org.springframework.data.redis.RedisConnectionFailureException">org.springframework.data.redis.RedisConnectionFailureException: Cannot get Jedis connection; nested exception is redis.clients.jedis.exceptions.JedisConnectionException: Could not get a resource from the pool
Caused by: redis.clients.jedis.exceptions.JedisConnectionException: Could not get a resource from the pool
Caused by: redis.clients.jedis.exceptions.JedisConnectionException: java.net.ConnectException: Conexão recusada
Caused by: java.net.ConnectException: Conexão recusada
</error>
  </testcase>
  <testcase name="testTakeFirst[3]" classname="org.springframework.data.redis.support.collections.RedisListTests" time="0">
    <error message="Cannot get Jedis connection; nested exception is redis.clients.jedis.exceptions.JedisConnectionException: Could not get a resource from the pool" type="org.springframework.data.redis.RedisConnectionFailureException">org.springframework.data.redis.RedisConnectionFailureException: Cannot get Jedis connection; nested exception is redis.clients.jedis.exceptions.JedisConnectionException: Could not get a resource from the pool
Caused by: redis.clients.jedis.exceptions.JedisConnectionException: Could not get a resource from the pool
Caused by: redis.clients.jedis.exceptions.JedisConnectionException: java.net.ConnectException: Conexão recusada
Caused by: java.net.ConnectException: Conexão recusada
</error>
  </testcase>
  <testcase name="testContainsObject[3]" classname="org.springframework.data.redis.support.collections.RedisListTests" time="0.001">
    <error message="Cannot get Jedis connection; nested exception is redis.clients.jedis.exceptions.JedisConnectionException: Could not get a resource from the pool" type="org.springframework.data.redis.RedisConnectionFailureException">org.springframework.data.redis.RedisConnectionFailureException: Cannot get Jedis connection; nested exception is redis.clients.jedis.exceptions.JedisConnectionException: Could not get a resource from the pool
Caused by: redis.clients.jedis.exceptions.JedisConnectionException: Could not get a resource from the pool
Caused by: redis.clients.jedis.exceptions.JedisConnectionException: java.net.ConnectException: Conexão recusada
Caused by: java.net.ConnectException: Conexão recusada
</error>
  </testcase>
  <testcase name="testContainsObject[3]" classname="org.springframework.data.redis.support.collections.RedisListTests" time="0.001">
    <error message="Cannot get Jedis connection; nested exception is redis.clients.jedis.exceptions.JedisConnectionException: Could not get a resource from the pool" type="org.springframework.data.redis.RedisConnectionFailureException">org.springframework.data.redis.RedisConnectionFailureException: Cannot get Jedis connection; nested exception is redis.clients.jedis.exceptions.JedisConnectionException: Could not get a resource from the pool
Caused by: redis.clients.jedis.exceptions.JedisConnectionException: Could not get a resource from the pool
Caused by: redis.clients.jedis.exceptions.JedisConnectionException: java.net.ConnectException: Conexão recusada
Caused by: java.net.ConnectException: Conexão recusada
</error>
  </testcase>
  <testcase name="testToArray[3]" classname="org.springframework.data.redis.support.collections.RedisListTests" time="0.001">
    <error message="Cannot get Jedis connection; nested exception is redis.clients.jedis.exceptions.JedisConnectionException: Could not get a resource from the pool" type="org.springframework.data.redis.RedisConnectionFailureException">org.springframework.data.redis.RedisConnectionFailureException: Cannot get Jedis connection; nested exception is redis.clients.jedis.exceptions.JedisConnectionException: Could not get a resource from the pool
Caused by: redis.clients.jedis.exceptions.JedisConnectionException: Could not get a resource from the pool
Caused by: redis.clients.jedis.exceptions.JedisConnectionException: java.net.ConnectException: Conexão recusada
Caused by: java.net.ConnectException: Conexão recusada
</error>
  </testcase>
  <testcase name="testToArray[3]" classname="org.springframework.data.redis.support.collections.RedisListTests" time="0.001">
    <error message="Cannot get Jedis connection; nested exception is redis.clients.jedis.exceptions.JedisConnectionException: Could not get a resource from the pool" type="org.springframework.data.redis.RedisConnectionFailureException">org.springframework.data.redis.RedisConnectionFailureException: Cannot get Jedis connection; nested exception is redis.clients.jedis.exceptions.JedisConnectionException: Could not get a resource from the pool
Caused by: redis.clients.jedis.exceptions.JedisConnectionException: Could not get a resource from the pool
Caused by: redis.clients.jedis.exceptions.JedisConnectionException: java.net.ConnectException: Conexão recusada
Caused by: java.net.ConnectException: Conexão recusada
</error>
  </testcase>
  <testcase name="testAdd[3]" classname="org.springframework.data.redis.support.collections.RedisListTests" time="0.001">
    <error message="Cannot get Jedis connection; nested exception is redis.clients.jedis.exceptions.JedisConnectionException: Could not get a resource from the pool" type="org.springframework.data.redis.RedisConnectionFailureException">org.springframework.data.redis.RedisConnectionFailureException: Cannot get Jedis connection; nested exception is redis.clients.jedis.exceptions.JedisConnectionException: Could not get a resource from the pool
Caused by: redis.clients.jedis.exceptions.JedisConnectionException: Could not get a resource from the pool
Caused by: redis.clients.jedis.exceptions.JedisConnectionException: java.net.ConnectException: Conexão recusada
Caused by: java.net.ConnectException: Conexão recusada
</error>
  </testcase>
  <testcase name="testAdd[3]" classname="org.springframework.data.redis.support.collections.RedisListTests" time="0.001">
    <error message="Cannot get Jedis connection; nested exception is redis.clients.jedis.exceptions.JedisConnectionException: Could not get a resource from the pool" type="org.springframework.data.redis.RedisConnectionFailureException">org.springframework.data.redis.RedisConnectionFailureException: Cannot get Jedis connection; nested exception is redis.clients.jedis.exceptions.JedisConnectionException: Could not get a resource from the pool
Caused by: redis.clients.jedis.exceptions.JedisConnectionException: Could not get a resource from the pool
Caused by: redis.clients.jedis.exceptions.JedisConnectionException: java.net.ConnectException: Conexão recusada
Caused by: java.net.ConnectException: Conexão recusada
</error>
  </testcase>
  <testcase name="testClear[3]" classname="org.springframework.data.redis.support.collections.RedisListTests" time="0.001">
    <error message="Cannot get Jedis connection; nested exception is redis.clients.jedis.exceptions.JedisConnectionException: Could not get a resource from the pool" type="org.springframework.data.redis.RedisConnectionFailureException">org.springframework.data.redis.RedisConnectionFailureException: Cannot get Jedis connection; nested exception is redis.clients.jedis.exceptions.JedisConnectionException: Could not get a resource from the pool
Caused by: redis.clients.jedis.exceptions.JedisConnectionException: Could not get a resource from the pool
Caused by: redis.clients.jedis.exceptions.JedisConnectionException: java.net.ConnectException: Conexão recusada
Caused by: java.net.ConnectException: Conexão recusada
</error>
  </testcase>
  <testcase name="testClear[3]" classname="org.springframework.data.redis.support.collections.RedisListTests" time="0.001">
    <error message="Cannot get Jedis connection; nested exception is redis.clients.jedis.exceptions.JedisConnectionException: Could not get a resource from the pool" type="org.springframework.data.redis.RedisConnectionFailureException">org.springframework.data.redis.RedisConnectionFailureException: Cannot get Jedis connection; nested exception is redis.clients.jedis.exceptions.JedisConnectionException: Could not get a resource from the pool
Caused by: redis.clients.jedis.exceptions.JedisConnectionException: Could not get a resource from the pool
Caused by: redis.clients.jedis.exceptions.JedisConnectionException: java.net.ConnectException: Conexão recusada
Caused by: java.net.ConnectException: Conexão recusada
</error>
  </testcase>
  <testcase name="testSize[3]" classname="org.springframework.data.redis.support.collections.RedisListTests" time="0.001">
    <error message="Cannot get Jedis connection; nested exception is redis.clients.jedis.exceptions.JedisConnectionException: Could not get a resource from the pool" type="org.springframework.data.redis.RedisConnectionFailureException">org.springframework.data.redis.RedisConnectionFailureException: Cannot get Jedis connection; nested exception is redis.clients.jedis.exceptions.JedisConnectionException: Could not get a resource from the pool
Caused by: redis.clients.jedis.exceptions.JedisConnectionException: Could not get a resource from the pool
Caused by: redis.clients.jedis.exceptions.JedisConnectionException: java.net.ConnectException: Conexão recusada
Caused by: java.net.ConnectException: Conexão recusada
</error>
  </testcase>
  <testcase name="testSize[3]" classname="org.springframework.data.redis.support.collections.RedisListTests" time="0.001">
    <error message="Cannot get Jedis connection; nested exception is redis.clients.jedis.exceptions.JedisConnectionException: Could not get a resource from the pool" type="org.springframework.data.redis.RedisConnectionFailureException">org.springframework.data.redis.RedisConnectionFailureException: Cannot get Jedis connection; nested exception is redis.clients.jedis.exceptions.JedisConnectionException: Could not get a resource from the pool
Caused by: redis.clients.jedis.exceptions.JedisConnectionException: Could not get a resource from the pool
Caused by: redis.clients.jedis.exceptions.JedisConnectionException: java.net.ConnectException: Conexão recusada
Caused by: java.net.ConnectException: Conexão recusada
</error>
  </testcase>
  <testcase name="testToString[3]" classname="org.springframework.data.redis.support.collections.RedisListTests" time="0.001">
    <error message="Cannot get Jedis connection; nested exception is redis.clients.jedis.exceptions.JedisConnectionException: Could not get a resource from the pool" type="org.springframework.data.redis.RedisConnectionFailureException">org.springframework.data.redis.RedisConnectionFailureException: Cannot get Jedis connection; nested exception is redis.clients.jedis.exceptions.JedisConnectionException: Could not get a resource from the pool
Caused by: redis.clients.jedis.exceptions.JedisConnectionException: Could not get a resource from the pool
Caused by: redis.clients.jedis.exceptions.JedisConnectionException: java.net.ConnectException: Conexão recusada
Caused by: java.net.ConnectException: Conexão recusada
</error>
  </testcase>
  <testcase name="testToString[3]" classname="org.springframework.data.redis.support.collections.RedisListTests" time="0.001">
    <error message="Cannot get Jedis connection; nested exception is redis.clients.jedis.exceptions.JedisConnectionException: Could not get a resource from the pool" type="org.springframework.data.redis.RedisConnectionFailureException">org.springframework.data.redis.RedisConnectionFailureException: Cannot get Jedis connection; nested exception is redis.clients.jedis.exceptions.JedisConnectionException: Could not get a resource from the pool
Caused by: redis.clients.jedis.exceptions.JedisConnectionException: Could not get a resource from the pool
Caused by: redis.clients.jedis.exceptions.JedisConnectionException: java.net.ConnectException: Conexão recusada
Caused by: java.net.ConnectException: Conexão recusada
</error>
  </testcase>
  <testcase name="testContainsAll[3]" classname="org.springframework.data.redis.support.collections.RedisListTests" time="0.001">
    <error message="Cannot get Jedis connection; nested exception is redis.clients.jedis.exceptions.JedisConnectionException: Could not get a resource from the pool" type="org.springframework.data.redis.RedisConnectionFailureException">org.springframework.data.redis.RedisConnectionFailureException: Cannot get Jedis connection; nested exception is redis.clients.jedis.exceptions.JedisConnectionException: Could not get a resource from the pool
Caused by: redis.clients.jedis.exceptions.JedisConnectionException: Could not get a resource from the pool
Caused by: redis.clients.jedis.exceptions.JedisConnectionException: java.net.ConnectException: Conexão recusada
Caused by: java.net.ConnectException: Conexão recusada
</error>
  </testcase>
  <testcase name="testContainsAll[3]" classname="org.springframework.data.redis.support.collections.RedisListTests" time="0.001">
    <error message="Cannot get Jedis connection; nested exception is redis.clients.jedis.exceptions.JedisConnectionException: Could not get a resource from the pool" type="org.springframework.data.redis.RedisConnectionFailureException">org.springframework.data.redis.RedisConnectionFailureException: Cannot get Jedis connection; nested exception is redis.clients.jedis.exceptions.JedisConnectionException: Could not get a resource from the pool
Caused by: redis.clients.jedis.exceptions.JedisConnectionException: Could not get a resource from the pool
Caused by: redis.clients.jedis.exceptions.JedisConnectionException: java.net.ConnectException: Conexão recusada
Caused by: java.net.ConnectException: Conexão recusada
</error>
  </testcase>
  <testcase name="testRemoveObject[3]" classname="org.springframework.data.redis.support.collections.RedisListTests" time="0.001">
    <error message="Cannot get Jedis connection; nested exception is redis.clients.jedis.exceptions.JedisConnectionException: Could not get a resource from the pool" type="org.springframework.data.redis.RedisConnectionFailureException">org.springframework.data.redis.RedisConnectionFailureException: Cannot get Jedis connection; nested exception is redis.clients.jedis.exceptions.JedisConnectionException: Could not get a resource from the pool
Caused by: redis.clients.jedis.exceptions.JedisConnectionException: Could not get a resource from the pool
Caused by: redis.clients.jedis.exceptions.JedisConnectionException: java.net.ConnectException: Conexão recusada
Caused by: java.net.ConnectException: Conexão recusada
</error>
  </testcase>
  <testcase name="testRemoveObject[3]" classname="org.springframework.data.redis.support.collections.RedisListTests" time="0.001">
    <error message="Cannot get Jedis connection; nested exception is redis.clients.jedis.exceptions.JedisConnectionException: Could not get a resource from the pool" type="org.springframework.data.redis.RedisConnectionFailureException">org.springframework.data.redis.RedisConnectionFailureException: Cannot get Jedis connection; nested exception is redis.clients.jedis.exceptions.JedisConnectionException: Could not get a resource from the pool
Caused by: redis.clients.jedis.exceptions.JedisConnectionException: Could not get a resource from the pool
Caused by: redis.clients.jedis.exceptions.JedisConnectionException: java.net.ConnectException: Conexão recusada
Caused by: java.net.ConnectException: Conexão recusada
</error>
  </testcase>
  <testcase name="testHashCode[3]" classname="org.springframework.data.redis.support.collections.RedisListTests" time="0">
    <error message="Cannot get Jedis connection; nested exception is redis.clients.jedis.exceptions.JedisConnectionException: Could not get a resource from the pool" type="org.springframework.data.redis.RedisConnectionFailureException">org.springframework.data.redis.RedisConnectionFailureException: Cannot get Jedis connection; nested exception is redis.clients.jedis.exceptions.JedisConnectionException: Could not get a resource from the pool
Caused by: redis.clients.jedis.exceptions.JedisConnectionException: Could not get a resource from the pool
Caused by: redis.clients.jedis.exceptions.JedisConnectionException: java.net.ConnectException: Conexão recusada
Caused by: java.net.ConnectException: Conexão recusada
</error>
  </testcase>
  <testcase name="testAddAll[3]" classname="org.springframework.data.redis.support.collections.RedisListTests" time="0.001">
    <error message="Cannot get Jedis connection; nested exception is redis.clients.jedis.exceptions.JedisConnectionException: Could not get a resource from the pool" type="org.springframework.data.redis.RedisConnectionFailureException">org.springframework.data.redis.RedisConnectionFailureException: Cannot get Jedis connection; nested exception is redis.clients.jedis.exceptions.JedisConnectionException: Could not get a resource from the pool
Caused by: redis.clients.jedis.exceptions.JedisConnectionException: Could not get a resource from the pool
Caused by: redis.clients.jedis.exceptions.JedisConnectionException: java.net.ConnectException: Conexão recusada
Caused by: java.net.ConnectException: Conexão recusada
</error>
  </testcase>
  <testcase name="testAddAll[3]" classname="org.springframework.data.redis.support.collections.RedisListTests" time="0.001">
    <error message="Cannot get Jedis connection; nested exception is redis.clients.jedis.exceptions.JedisConnectionException: Could not get a resource from the pool" type="org.springframework.data.redis.RedisConnectionFailureException">org.springframework.data.redis.RedisConnectionFailureException: Cannot get Jedis connection; nested exception is redis.clients.jedis.exceptions.JedisConnectionException: Could not get a resource from the pool
Caused by: redis.clients.jedis.exceptions.JedisConnectionException: Could not get a resource from the pool
Caused by: redis.clients.jedis.exceptions.JedisConnectionException: java.net.ConnectException: Conexão recusada
Caused by: java.net.ConnectException: Conexão recusada
</error>
  </testcase>
  <testcase name="removeAll[3]" classname="org.springframework.data.redis.support.collections.RedisListTests" time="0.001">
    <error message="Cannot get Jedis connection; nested exception is redis.clients.jedis.exceptions.JedisConnectionException: Could not get a resource from the pool" type="org.springframework.data.redis.RedisConnectionFailureException">org.springframework.data.redis.RedisConnectionFailureException: Cannot get Jedis connection; nested exception is redis.clients.jedis.exceptions.JedisConnectionException: Could not get a resource from the pool
Caused by: redis.clients.jedis.exceptions.JedisConnectionException: Could not get a resource from the pool
Caused by: redis.clients.jedis.exceptions.JedisConnectionException: java.net.ConnectException: Conexão recusada
Caused by: java.net.ConnectException: Conexão recusada
</error>
  </testcase>
  <testcase name="removeAll[3]" classname="org.springframework.data.redis.support.collections.RedisListTests" time="0.002">
    <error message="Cannot get Jedis connection; nested exception is redis.clients.jedis.exceptions.JedisConnectionException: Could not get a resource from the pool" type="org.springframework.data.redis.RedisConnectionFailureException">org.springframework.data.redis.RedisConnectionFailureException: Cannot get Jedis connection; nested exception is redis.clients.jedis.exceptions.JedisConnectionException: Could not get a resource from the pool
Caused by: redis.clients.jedis.exceptions.JedisConnectionException: Could not get a resource from the pool
Caused by: redis.clients.jedis.exceptions.JedisConnectionException: java.net.ConnectException: Conexão recusada
Caused by: java.net.ConnectException: Conexão recusada
</error>
  </testcase>
  <testcase name="testEquals[3]" classname="org.springframework.data.redis.support.collections.RedisListTests" time="0">
    <error message="Cannot get Jedis connection; nested exception is redis.clients.jedis.exceptions.JedisConnectionException: Could not get a resource from the pool" type="org.springframework.data.redis.RedisConnectionFailureException">org.springframework.data.redis.RedisConnectionFailureException: Cannot get Jedis connection; nested exception is redis.clients.jedis.exceptions.JedisConnectionException: Could not get a resource from the pool
Caused by: redis.clients.jedis.exceptions.JedisConnectionException: Could not get a resource from the pool
Caused by: redis.clients.jedis.exceptions.JedisConnectionException: java.net.ConnectException: Conexão recusada
Caused by: java.net.ConnectException: Conexão recusada
</error>
  </testcase>
  <testcase name="testGetKey[3]" classname="org.springframework.data.redis.support.collections.RedisListTests" time="0">
    <error message="Cannot get Jedis connection; nested exception is redis.clients.jedis.exceptions.JedisConnectionException: Could not get a resource from the pool" type="org.springframework.data.redis.RedisConnectionFailureException">org.springframework.data.redis.RedisConnectionFailureException: Cannot get Jedis connection; nested exception is redis.clients.jedis.exceptions.JedisConnectionException: Could not get a resource from the pool
Caused by: redis.clients.jedis.exceptions.JedisConnectionException: Could not get a resource from the pool
Caused by: redis.clients.jedis.exceptions.JedisConnectionException: java.net.ConnectException: Conexão recusada
Caused by: java.net.ConnectException: Conexão recusada
</error>
  </testcase>
  <testcase name="testToArrayWithGenerics[3]" classname="org.springframework.data.redis.support.collections.RedisListTests" time="0">
    <error message="Cannot get Jedis connection; nested exception is redis.clients.jedis.exceptions.JedisConnectionException: Could not get a resource from the pool" type="org.springframework.data.redis.RedisConnectionFailureException">org.springframework.data.redis.RedisConnectionFailureException: Cannot get Jedis connection; nested exception is redis.clients.jedis.exceptions.JedisConnectionException: Could not get a resource from the pool
Caused by: redis.clients.jedis.exceptions.JedisConnectionException: Could not get a resource from the pool
Caused by: redis.clients.jedis.exceptions.JedisConnectionException: java.net.ConnectException: Conexão recusada
Caused by: java.net.ConnectException: Conexão recusada
</error>
  </testcase>
  <testcase name="testToArrayWithGenerics[3]" classname="org.springframework.data.redis.support.collections.RedisListTests" time="0">
    <error message="Cannot get Jedis connection; nested exception is redis.clients.jedis.exceptions.JedisConnectionException: Could not get a resource from the pool" type="org.springframework.data.redis.RedisConnectionFailureException">org.springframework.data.redis.RedisConnectionFailureException: Cannot get Jedis connection; nested exception is redis.clients.jedis.exceptions.JedisConnectionException: Could not get a resource from the pool
Caused by: redis.clients.jedis.exceptions.JedisConnectionException: Could not get a resource from the pool
Caused by: redis.clients.jedis.exceptions.JedisConnectionException: java.net.ConnectException: Conexão recusada
Caused by: java.net.ConnectException: Conexão recusada
</error>
  </testcase>
  <testcase name="testIsEmpty[3]" classname="org.springframework.data.redis.support.collections.RedisListTests" time="0">
    <error message="Cannot get Jedis connection; nested exception is redis.clients.jedis.exceptions.JedisConnectionException: Could not get a resource from the pool" type="org.springframework.data.redis.RedisConnectionFailureException">org.springframework.data.redis.RedisConnectionFailureException: Cannot get Jedis connection; nested exception is redis.clients.jedis.exceptions.JedisConnectionException: Could not get a resource from the pool
Caused by: redis.clients.jedis.exceptions.JedisConnectionException: Could not get a resource from the pool
Caused by: redis.clients.jedis.exceptions.JedisConnectionException: java.net.ConnectException: Conexão recusada
Caused by: java.net.ConnectException: Conexão recusada
</error>
  </testcase>
  <testcase name="testIsEmpty[3]" classname="org.springframework.data.redis.support.collections.RedisListTests" time="0">
    <error message="Cannot get Jedis connection; nested exception is redis.clients.jedis.exceptions.JedisConnectionException: Could not get a resource from the pool" type="org.springframework.data.redis.RedisConnectionFailureException">org.springframework.data.redis.RedisConnectionFailureException: Cannot get Jedis connection; nested exception is redis.clients.jedis.exceptions.JedisConnectionException: Could not get a resource from the pool
Caused by: redis.clients.jedis.exceptions.JedisConnectionException: Could not get a resource from the pool
Caused by: redis.clients.jedis.exceptions.JedisConnectionException: java.net.ConnectException: Conexão recusada
Caused by: java.net.ConnectException: Conexão recusada
</error>
  </testcase>
  <testcase name="testIterator[3]" classname="org.springframework.data.redis.support.collections.RedisListTests" time="0.001">
    <error message="Cannot get Jedis connection; nested exception is redis.clients.jedis.exceptions.JedisConnectionException: Could not get a resource from the pool" type="org.springframework.data.redis.RedisConnectionFailureException">org.springframework.data.redis.RedisConnectionFailureException: Cannot get Jedis connection; nested exception is redis.clients.jedis.exceptions.JedisConnectionException: Could not get a resource from the pool
Caused by: redis.clients.jedis.exceptions.JedisConnectionException: Could not get a resource from the pool
Caused by: redis.clients.jedis.exceptions.JedisConnectionException: java.net.ConnectException: Conexão recusada
Caused by: java.net.ConnectException: Conexão recusada
</error>
  </testcase>
  <testcase name="testIterator[3]" classname="org.springframework.data.redis.support.collections.RedisListTests" time="0.001">
    <error message="Cannot get Jedis connection; nested exception is redis.clients.jedis.exceptions.JedisConnectionException: Could not get a resource from the pool" type="org.springframework.data.redis.RedisConnectionFailureException">org.springframework.data.redis.RedisConnectionFailureException: Cannot get Jedis connection; nested exception is redis.clients.jedis.exceptions.JedisConnectionException: Could not get a resource from the pool
Caused by: redis.clients.jedis.exceptions.JedisConnectionException: Could not get a resource from the pool
Caused by: redis.clients.jedis.exceptions.JedisConnectionException: java.net.ConnectException: Conexão recusada
Caused by: java.net.ConnectException: Conexão recusada
</error>
  </testcase>
  <testcase name="testElement[4]" classname="org.springframework.data.redis.support.collections.RedisListTests" time="0.001">
    <error message="Cannot get Jedis connection; nested exception is redis.clients.jedis.exceptions.JedisConnectionException: Could not get a resource from the pool" type="org.springframework.data.redis.RedisConnectionFailureException">org.springframework.data.redis.RedisConnectionFailureException: Cannot get Jedis connection; nested exception is redis.clients.jedis.exceptions.JedisConnectionException: Could not get a resource from the pool
Caused by: redis.clients.jedis.exceptions.JedisConnectionException: Could not get a resource from the pool
Caused by: redis.clients.jedis.exceptions.JedisConnectionException: java.net.ConnectException: Conexão recusada
Caused by: java.net.ConnectException: Conexão recusada
</error>
  </testcase>
  <testcase name="testElement[4]" classname="org.springframework.data.redis.support.collections.RedisListTests" time="0.001">
    <error message="Cannot get Jedis connection; nested exception is redis.clients.jedis.exceptions.JedisConnectionException: Could not get a resource from the pool" type="org.springframework.data.redis.RedisConnectionFailureException">org.springframework.data.redis.RedisConnectionFailureException: Cannot get Jedis connection; nested exception is redis.clients.jedis.exceptions.JedisConnectionException: Could not get a resource from the pool
Caused by: redis.clients.jedis.exceptions.JedisConnectionException: Could not get a resource from the pool
Caused by: redis.clients.jedis.exceptions.JedisConnectionException: java.net.ConnectException: Conexão recusada
Caused by: java.net.ConnectException: Conexão recusada
</error>
  </testcase>
  <testcase name="testPutFirst[4]" classname="org.springframework.data.redis.support.collections.RedisListTests" time="0.005">
    <error message="Cannot get Jedis connection; nested exception is redis.clients.jedis.exceptions.JedisConnectionException: Could not get a resource from the pool" type="org.springframework.data.redis.RedisConnectionFailureException">org.springframework.data.redis.RedisConnectionFailureException: Cannot get Jedis connection; nested exception is redis.clients.jedis.exceptions.JedisConnectionException: Could not get a resource from the pool
Caused by: redis.clients.jedis.exceptions.JedisConnectionException: Could not get a resource from the pool
Caused by: redis.clients.jedis.exceptions.JedisConnectionException: java.net.ConnectException: Conexão recusada
Caused by: java.net.ConnectException: Conexão recusada
</error>
  </testcase>
  <testcase name="testPutFirst[4]" classname="org.springframework.data.redis.support.collections.RedisListTests" time="0.005">
    <error message="Cannot get Jedis connection; nested exception is redis.clients.jedis.exceptions.JedisConnectionException: Could not get a resource from the pool" type="org.springframework.data.redis.RedisConnectionFailureException">org.springframework.data.redis.RedisConnectionFailureException: Cannot get Jedis connection; nested exception is redis.clients.jedis.exceptions.JedisConnectionException: Could not get a resource from the pool
Caused by: redis.clients.jedis.exceptions.JedisConnectionException: Could not get a resource from the pool
Caused by: redis.clients.jedis.exceptions.JedisConnectionException: java.net.ConnectException: Conexão recusada
Caused by: java.net.ConnectException: Conexão recusada
</error>
  </testcase>
  <testcase name="testPollLastTimeout[4]" classname="org.springframework.data.redis.support.collections.RedisListTests" time="0.001">
    <error message="Cannot get Jedis connection; nested exception is redis.clients.jedis.exceptions.JedisConnectionException: Could not get a resource from the pool" type="org.springframework.data.redis.RedisConnectionFailureException">org.springframework.data.redis.RedisConnectionFailureException: Cannot get Jedis connection; nested exception is redis.clients.jedis.exceptions.JedisConnectionException: Could not get a resource from the pool
Caused by: redis.clients.jedis.exceptions.JedisConnectionException: Could not get a resource from the pool
Caused by: redis.clients.jedis.exceptions.JedisConnectionException: java.net.ConnectException: Conexão recusada
Caused by: java.net.ConnectException: Conexão recusada
</error>
  </testcase>
  <testcase name="testPollLastTimeout[4]" classname="org.springframework.data.redis.support.collections.RedisListTests" time="0.001">
    <error message="Cannot get Jedis connection; nested exception is redis.clients.jedis.exceptions.JedisConnectionException: Could not get a resource from the pool" type="org.springframework.data.redis.RedisConnectionFailureException">org.springframework.data.redis.RedisConnectionFailureException: Cannot get Jedis connection; nested exception is redis.clients.jedis.exceptions.JedisConnectionException: Could not get a resource from the pool
Caused by: redis.clients.jedis.exceptions.JedisConnectionException: Could not get a resource from the pool
Caused by: redis.clients.jedis.exceptions.JedisConnectionException: java.net.ConnectException: Conexão recusada
Caused by: java.net.ConnectException: Conexão recusada
</error>
  </testcase>
  <testcase name="testPeekFirst[4]" classname="org.springframework.data.redis.support.collections.RedisListTests" time="0.001">
    <error message="Cannot get Jedis connection; nested exception is redis.clients.jedis.exceptions.JedisConnectionException: Could not get a resource from the pool" type="org.springframework.data.redis.RedisConnectionFailureException">org.springframework.data.redis.RedisConnectionFailureException: Cannot get Jedis connection; nested exception is redis.clients.jedis.exceptions.JedisConnectionException: Could not get a resource from the pool
Caused by: redis.clients.jedis.exceptions.JedisConnectionException: Could not get a resource from the pool
Caused by: redis.clients.jedis.exceptions.JedisConnectionException: java.net.ConnectException: Conexão recusada
Caused by: java.net.ConnectException: Conexão recusada
</error>
  </testcase>
  <testcase name="testPeekFirst[4]" classname="org.springframework.data.redis.support.collections.RedisListTests" time="0.001">
    <error message="Cannot get Jedis connection; nested exception is redis.clients.jedis.exceptions.JedisConnectionException: Could not get a resource from the pool" type="org.springframework.data.redis.RedisConnectionFailureException">org.springframework.data.redis.RedisConnectionFailureException: Cannot get Jedis connection; nested exception is redis.clients.jedis.exceptions.JedisConnectionException: Could not get a resource from the pool
Caused by: redis.clients.jedis.exceptions.JedisConnectionException: Could not get a resource from the pool
Caused by: redis.clients.jedis.exceptions.JedisConnectionException: java.net.ConnectException: Conexão recusada
Caused by: java.net.ConnectException: Conexão recusada
</error>
  </testcase>
  <testcase name="testOfferLast[4]" classname="org.springframework.data.redis.support.collections.RedisListTests" time="0.001">
    <error message="Cannot get Jedis connection; nested exception is redis.clients.jedis.exceptions.JedisConnectionException: Could not get a resource from the pool" type="org.springframework.data.redis.RedisConnectionFailureException">org.springframework.data.redis.RedisConnectionFailureException: Cannot get Jedis connection; nested exception is redis.clients.jedis.exceptions.JedisConnectionException: Could not get a resource from the pool
Caused by: redis.clients.jedis.exceptions.JedisConnectionException: Could not get a resource from the pool
Caused by: redis.clients.jedis.exceptions.JedisConnectionException: java.net.ConnectException: Conexão recusada
Caused by: java.net.ConnectException: Conexão recusada
</error>
  </testcase>
  <testcase name="testOfferLast[4]" classname="org.springframework.data.redis.support.collections.RedisListTests" time="0.001">
    <error message="Cannot get Jedis connection; nested exception is redis.clients.jedis.exceptions.JedisConnectionException: Could not get a resource from the pool" type="org.springframework.data.redis.RedisConnectionFailureException">org.springframework.data.redis.RedisConnectionFailureException: Cannot get Jedis connection; nested exception is redis.clients.jedis.exceptions.JedisConnectionException: Could not get a resource from the pool
Caused by: redis.clients.jedis.exceptions.JedisConnectionException: Could not get a resource from the pool
Caused by: redis.clients.jedis.exceptions.JedisConnectionException: java.net.ConnectException: Conexão recusada
Caused by: java.net.ConnectException: Conexão recusada
</error>
  </testcase>
  <testcase name="testGetFirst[4]" classname="org.springframework.data.redis.support.collections.RedisListTests" time="0.001">
    <error message="Cannot get Jedis connection; nested exception is redis.clients.jedis.exceptions.JedisConnectionException: Could not get a resource from the pool" type="org.springframework.data.redis.RedisConnectionFailureException">org.springframework.data.redis.RedisConnectionFailureException: Cannot get Jedis connection; nested exception is redis.clients.jedis.exceptions.JedisConnectionException: Could not get a resource from the pool
Caused by: redis.clients.jedis.exceptions.JedisConnectionException: Could not get a resource from the pool
Caused by: redis.clients.jedis.exceptions.JedisConnectionException: java.net.ConnectException: Conexão recusada
Caused by: java.net.ConnectException: Conexão recusada
</error>
  </testcase>
  <testcase name="testGetFirst[4]" classname="org.springframework.data.redis.support.collections.RedisListTests" time="0.001">
    <error message="Cannot get Jedis connection; nested exception is redis.clients.jedis.exceptions.JedisConnectionException: Could not get a resource from the pool" type="org.springframework.data.redis.RedisConnectionFailureException">org.springframework.data.redis.RedisConnectionFailureException: Cannot get Jedis connection; nested exception is redis.clients.jedis.exceptions.JedisConnectionException: Could not get a resource from the pool
Caused by: redis.clients.jedis.exceptions.JedisConnectionException: Could not get a resource from the pool
Caused by: redis.clients.jedis.exceptions.JedisConnectionException: java.net.ConnectException: Conexão recusada
Caused by: java.net.ConnectException: Conexão recusada
</error>
  </testcase>
  <testcase name="testAddLast[4]" classname="org.springframework.data.redis.support.collections.RedisListTests" time="0.001">
    <error message="Cannot get Jedis connection; nested exception is redis.clients.jedis.exceptions.JedisConnectionException: Could not get a resource from the pool" type="org.springframework.data.redis.RedisConnectionFailureException">org.springframework.data.redis.RedisConnectionFailureException: Cannot get Jedis connection; nested exception is redis.clients.jedis.exceptions.JedisConnectionException: Could not get a resource from the pool
Caused by: redis.clients.jedis.exceptions.JedisConnectionException: Could not get a resource from the pool
Caused by: redis.clients.jedis.exceptions.JedisConnectionException: java.net.ConnectException: Conexão recusada
Caused by: java.net.ConnectException: Conexão recusada
</error>
  </testcase>
  <testcase name="testAddLast[4]" classname="org.springframework.data.redis.support.collections.RedisListTests" time="0.002">
    <error message="Cannot get Jedis connection; nested exception is redis.clients.jedis.exceptions.JedisConnectionException: Could not get a resource from the pool" type="org.springframework.data.redis.RedisConnectionFailureException">org.springframework.data.redis.RedisConnectionFailureException: Cannot get Jedis connection; nested exception is redis.clients.jedis.exceptions.JedisConnectionException: Could not get a resource from the pool
Caused by: redis.clients.jedis.exceptions.JedisConnectionException: Could not get a resource from the pool
Caused by: redis.clients.jedis.exceptions.JedisConnectionException: java.net.ConnectException: Conexão recusada
Caused by: java.net.ConnectException: Conexão recusada
</error>
  </testcase>
  <testcase name="testPop[4]" classname="org.springframework.data.redis.support.collections.RedisListTests" time="0">
    <error message="Cannot get Jedis connection; nested exception is redis.clients.jedis.exceptions.JedisConnectionException: Could not get a resource from the pool" type="org.springframework.data.redis.RedisConnectionFailureException">org.springframework.data.redis.RedisConnectionFailureException: Cannot get Jedis connection; nested exception is redis.clients.jedis.exceptions.JedisConnectionException: Could not get a resource from the pool
Caused by: redis.clients.jedis.exceptions.JedisConnectionException: Could not get a resource from the pool
Caused by: redis.clients.jedis.exceptions.JedisConnectionException: java.net.ConnectException: Conexão recusada
Caused by: java.net.ConnectException: Conexão recusada
</error>
  </testcase>
  <testcase name="testPop[4]" classname="org.springframework.data.redis.support.collections.RedisListTests" time="0">
    <error message="Cannot get Jedis connection; nested exception is redis.clients.jedis.exceptions.JedisConnectionException: Could not get a resource from the pool" type="org.springframework.data.redis.RedisConnectionFailureException">org.springframework.data.redis.RedisConnectionFailureException: Cannot get Jedis connection; nested exception is redis.clients.jedis.exceptions.JedisConnectionException: Could not get a resource from the pool
Caused by: redis.clients.jedis.exceptions.JedisConnectionException: Could not get a resource from the pool
Caused by: redis.clients.jedis.exceptions.JedisConnectionException: java.net.ConnectException: Conexão recusada
Caused by: java.net.ConnectException: Conexão recusada
</error>
  </testcase>
  <testcase name="testPut[4]" classname="org.springframework.data.redis.support.collections.RedisListTests" time="0">
    <error message="Cannot get Jedis connection; nested exception is redis.clients.jedis.exceptions.JedisConnectionException: Could not get a resource from the pool" type="org.springframework.data.redis.RedisConnectionFailureException">org.springframework.data.redis.RedisConnectionFailureException: Cannot get Jedis connection; nested exception is redis.clients.jedis.exceptions.JedisConnectionException: Could not get a resource from the pool
Caused by: redis.clients.jedis.exceptions.JedisConnectionException: Could not get a resource from the pool
Caused by: redis.clients.jedis.exceptions.JedisConnectionException: java.net.ConnectException: Conexão recusada
Caused by: java.net.ConnectException: Conexão recusada
</error>
  </testcase>
  <testcase name="testPut[4]" classname="org.springframework.data.redis.support.collections.RedisListTests" time="0.001">
    <error message="Cannot get Jedis connection; nested exception is redis.clients.jedis.exceptions.JedisConnectionException: Could not get a resource from the pool" type="org.springframework.data.redis.RedisConnectionFailureException">org.springframework.data.redis.RedisConnectionFailureException: Cannot get Jedis connection; nested exception is redis.clients.jedis.exceptions.JedisConnectionException: Could not get a resource from the pool
Caused by: redis.clients.jedis.exceptions.JedisConnectionException: Could not get a resource from the pool
Caused by: redis.clients.jedis.exceptions.JedisConnectionException: java.net.ConnectException: Conexão recusada
Caused by: java.net.ConnectException: Conexão recusada
</error>
  </testcase>
  <testcase name="testSet[4]" classname="org.springframework.data.redis.support.collections.RedisListTests" time="0.001">
    <error message="Cannot get Jedis connection; nested exception is redis.clients.jedis.exceptions.JedisConnectionException: Could not get a resource from the pool" type="org.springframework.data.redis.RedisConnectionFailureException">org.springframework.data.redis.RedisConnectionFailureException: Cannot get Jedis connection; nested exception is redis.clients.jedis.exceptions.JedisConnectionException: Could not get a resource from the pool
Caused by: redis.clients.jedis.exceptions.JedisConnectionException: Could not get a resource from the pool
Caused by: redis.clients.jedis.exceptions.JedisConnectionException: java.net.ConnectException: Conexão recusada
Caused by: java.net.ConnectException: Conexão recusada
</error>
  </testcase>
  <testcase name="testSet[4]" classname="org.springframework.data.redis.support.collections.RedisListTests" time="0.001">
    <error message="Cannot get Jedis connection; nested exception is redis.clients.jedis.exceptions.JedisConnectionException: Could not get a resource from the pool" type="org.springframework.data.redis.RedisConnectionFailureException">org.springframework.data.redis.RedisConnectionFailureException: Cannot get Jedis connection; nested exception is redis.clients.jedis.exceptions.JedisConnectionException: Could not get a resource from the pool
Caused by: redis.clients.jedis.exceptions.JedisConnectionException: Could not get a resource from the pool
Caused by: redis.clients.jedis.exceptions.JedisConnectionException: java.net.ConnectException: Conexão recusada
Caused by: java.net.ConnectException: Conexão recusada
</error>
  </testcase>
  <testcase name="testOffer[4]" classname="org.springframework.data.redis.support.collections.RedisListTests" time="0.001">
    <error message="Cannot get Jedis connection; nested exception is redis.clients.jedis.exceptions.JedisConnectionException: Could not get a resource from the pool" type="org.springframework.data.redis.RedisConnectionFailureException">org.springframework.data.redis.RedisConnectionFailureException: Cannot get Jedis connection; nested exception is redis.clients.jedis.exceptions.JedisConnectionException: Could not get a resource from the pool
Caused by: redis.clients.jedis.exceptions.JedisConnectionException: Could not get a resource from the pool
Caused by: redis.clients.jedis.exceptions.JedisConnectionException: java.net.ConnectException: Conexão recusada
Caused by: java.net.ConnectException: Conexão recusada
</error>
  </testcase>
  <testcase name="testOffer[4]" classname="org.springframework.data.redis.support.collections.RedisListTests" time="0.001">
    <error message="Cannot get Jedis connection; nested exception is redis.clients.jedis.exceptions.JedisConnectionException: Could not get a resource from the pool" type="org.springframework.data.redis.RedisConnectionFailureException">org.springframework.data.redis.RedisConnectionFailureException: Cannot get Jedis connection; nested exception is redis.clients.jedis.exceptions.JedisConnectionException: Could not get a resource from the pool
Caused by: redis.clients.jedis.exceptions.JedisConnectionException: Could not get a resource from the pool
Caused by: redis.clients.jedis.exceptions.JedisConnectionException: java.net.ConnectException: Conexão recusada
Caused by: java.net.ConnectException: Conexão recusada
</error>
  </testcase>
  <testcase name="testRange[4]" classname="org.springframework.data.redis.support.collections.RedisListTests" time="0">
    <error message="Cannot get Jedis connection; nested exception is redis.clients.jedis.exceptions.JedisConnectionException: Could not get a resource from the pool" type="org.springframework.data.redis.RedisConnectionFailureException">org.springframework.data.redis.RedisConnectionFailureException: Cannot get Jedis connection; nested exception is redis.clients.jedis.exceptions.JedisConnectionException: Could not get a resource from the pool
Caused by: redis.clients.jedis.exceptions.JedisConnectionException: Could not get a resource from the pool
Caused by: redis.clients.jedis.exceptions.JedisConnectionException: java.net.ConnectException: Conexão recusada
Caused by: java.net.ConnectException: Conexão recusada
</error>
  </testcase>
  <testcase name="testRange[4]" classname="org.springframework.data.redis.support.collections.RedisListTests" time="0.001">
    <error message="Cannot get Jedis connection; nested exception is redis.clients.jedis.exceptions.JedisConnectionException: Could not get a resource from the pool" type="org.springframework.data.redis.RedisConnectionFailureException">org.springframework.data.redis.RedisConnectionFailureException: Cannot get Jedis connection; nested exception is redis.clients.jedis.exceptions.JedisConnectionException: Could not get a resource from the pool
Caused by: redis.clients.jedis.exceptions.JedisConnectionException: Could not get a resource from the pool
Caused by: redis.clients.jedis.exceptions.JedisConnectionException: java.net.ConnectException: Conexão recusada
Caused by: java.net.ConnectException: Conexão recusada
</error>
  </testcase>
  <testcase name="testLast[4]" classname="org.springframework.data.redis.support.collections.RedisListTests" time="0.001">
    <error message="Cannot get Jedis connection; nested exception is redis.clients.jedis.exceptions.JedisConnectionException: Could not get a resource from the pool" type="org.springframework.data.redis.RedisConnectionFailureException">org.springframework.data.redis.RedisConnectionFailureException: Cannot get Jedis connection; nested exception is redis.clients.jedis.exceptions.JedisConnectionException: Could not get a resource from the pool
Caused by: redis.clients.jedis.exceptions.JedisConnectionException: Could not get a resource from the pool
Caused by: redis.clients.jedis.exceptions.JedisConnectionException: java.net.ConnectException: Conexão recusada
Caused by: java.net.ConnectException: Conexão recusada
</error>
  </testcase>
  <testcase name="testLast[4]" classname="org.springframework.data.redis.support.collections.RedisListTests" time="0.001">
    <error message="Cannot get Jedis connection; nested exception is redis.clients.jedis.exceptions.JedisConnectionException: Could not get a resource from the pool" type="org.springframework.data.redis.RedisConnectionFailureException">org.springframework.data.redis.RedisConnectionFailureException: Cannot get Jedis connection; nested exception is redis.clients.jedis.exceptions.JedisConnectionException: Could not get a resource from the pool
Caused by: redis.clients.jedis.exceptions.JedisConnectionException: Could not get a resource from the pool
Caused by: redis.clients.jedis.exceptions.JedisConnectionException: java.net.ConnectException: Conexão recusada
Caused by: java.net.ConnectException: Conexão recusada
</error>
  </testcase>
  <testcase name="testPeek[4]" classname="org.springframework.data.redis.support.collections.RedisListTests" time="0">
    <error message="Cannot get Jedis connection; nested exception is redis.clients.jedis.exceptions.JedisConnectionException: Could not get a resource from the pool" type="org.springframework.data.redis.RedisConnectionFailureException">org.springframework.data.redis.RedisConnectionFailureException: Cannot get Jedis connection; nested exception is redis.clients.jedis.exceptions.JedisConnectionException: Could not get a resource from the pool
Caused by: redis.clients.jedis.exceptions.JedisConnectionException: Could not get a resource from the pool
Caused by: redis.clients.jedis.exceptions.JedisConnectionException: java.net.ConnectException: Conexão recusada
Caused by: java.net.ConnectException: Conexão recusada
</error>
  </testcase>
  <testcase name="testPeek[4]" classname="org.springframework.data.redis.support.collections.RedisListTests" time="0">
    <error message="Cannot get Jedis connection; nested exception is redis.clients.jedis.exceptions.JedisConnectionException: Could not get a resource from the pool" type="org.springframework.data.redis.RedisConnectionFailureException">org.springframework.data.redis.RedisConnectionFailureException: Cannot get Jedis connection; nested exception is redis.clients.jedis.exceptions.JedisConnectionException: Could not get a resource from the pool
Caused by: redis.clients.jedis.exceptions.JedisConnectionException: Could not get a resource from the pool
Caused by: redis.clients.jedis.exceptions.JedisConnectionException: java.net.ConnectException: Conexão recusada
Caused by: java.net.ConnectException: Conexão recusada
</error>
  </testcase>
  <testcase name="testPoll[4]" classname="org.springframework.data.redis.support.collections.RedisListTests" time="0">
    <error message="Cannot get Jedis connection; nested exception is redis.clients.jedis.exceptions.JedisConnectionException: Could not get a resource from the pool" type="org.springframework.data.redis.RedisConnectionFailureException">org.springframework.data.redis.RedisConnectionFailureException: Cannot get Jedis connection; nested exception is redis.clients.jedis.exceptions.JedisConnectionException: Could not get a resource from the pool
Caused by: redis.clients.jedis.exceptions.JedisConnectionException: Could not get a resource from the pool
Caused by: redis.clients.jedis.exceptions.JedisConnectionException: java.net.ConnectException: Conexão recusada
Caused by: java.net.ConnectException: Conexão recusada
</error>
  </testcase>
  <testcase name="testPoll[4]" classname="org.springframework.data.redis.support.collections.RedisListTests" time="0">
    <error message="Cannot get Jedis connection; nested exception is redis.clients.jedis.exceptions.JedisConnectionException: Could not get a resource from the pool" type="org.springframework.data.redis.RedisConnectionFailureException">org.springframework.data.redis.RedisConnectionFailureException: Cannot get Jedis connection; nested exception is redis.clients.jedis.exceptions.JedisConnectionException: Could not get a resource from the pool
Caused by: redis.clients.jedis.exceptions.JedisConnectionException: Could not get a resource from the pool
Caused by: redis.clients.jedis.exceptions.JedisConnectionException: java.net.ConnectException: Conexão recusada
Caused by: java.net.ConnectException: Conexão recusada
</error>
  </testcase>
  <testcase name="testTake[4]" classname="org.springframework.data.redis.support.collections.RedisListTests" time="0.001">
    <error message="Cannot get Jedis connection; nested exception is redis.clients.jedis.exceptions.JedisConnectionException: Could not get a resource from the pool" type="org.springframework.data.redis.RedisConnectionFailureException">org.springframework.data.redis.RedisConnectionFailureException: Cannot get Jedis connection; nested exception is redis.clients.jedis.exceptions.JedisConnectionException: Could not get a resource from the pool
Caused by: redis.clients.jedis.exceptions.JedisConnectionException: Could not get a resource from the pool
Caused by: redis.clients.jedis.exceptions.JedisConnectionException: java.net.ConnectException: Conexão recusada
Caused by: java.net.ConnectException: Conexão recusada
</error>
  </testcase>
  <testcase name="testTake[4]" classname="org.springframework.data.redis.support.collections.RedisListTests" time="0.001">
    <error message="Cannot get Jedis connection; nested exception is redis.clients.jedis.exceptions.JedisConnectionException: Could not get a resource from the pool" type="org.springframework.data.redis.RedisConnectionFailureException">org.springframework.data.redis.RedisConnectionFailureException: Cannot get Jedis connection; nested exception is redis.clients.jedis.exceptions.JedisConnectionException: Could not get a resource from the pool
Caused by: redis.clients.jedis.exceptions.JedisConnectionException: Could not get a resource from the pool
Caused by: redis.clients.jedis.exceptions.JedisConnectionException: java.net.ConnectException: Conexão recusada
Caused by: java.net.ConnectException: Conexão recusada
</error>
  </testcase>
  <testcase name="testTrim[4]" classname="org.springframework.data.redis.support.collections.RedisListTests" time="0.001">
    <error message="Cannot get Jedis connection; nested exception is redis.clients.jedis.exceptions.JedisConnectionException: Could not get a resource from the pool" type="org.springframework.data.redis.RedisConnectionFailureException">org.springframework.data.redis.RedisConnectionFailureException: Cannot get Jedis connection; nested exception is redis.clients.jedis.exceptions.JedisConnectionException: Could not get a resource from the pool
Caused by: redis.clients.jedis.exceptions.JedisConnectionException: Could not get a resource from the pool
Caused by: redis.clients.jedis.exceptions.JedisConnectionException: java.net.ConnectException: Conexão recusada
Caused by: java.net.ConnectException: Conexão recusada
</error>
  </testcase>
  <testcase name="testTrim[4]" classname="org.springframework.data.redis.support.collections.RedisListTests" time="0.001">
    <error message="Cannot get Jedis connection; nested exception is redis.clients.jedis.exceptions.JedisConnectionException: Could not get a resource from the pool" type="org.springframework.data.redis.RedisConnectionFailureException">org.springframework.data.redis.RedisConnectionFailureException: Cannot get Jedis connection; nested exception is redis.clients.jedis.exceptions.JedisConnectionException: Could not get a resource from the pool
Caused by: redis.clients.jedis.exceptions.JedisConnectionException: Could not get a resource from the pool
Caused by: redis.clients.jedis.exceptions.JedisConnectionException: java.net.ConnectException: Conexão recusada
Caused by: java.net.ConnectException: Conexão recusada
</error>
  </testcase>
  <testcase name="testDrainToCollection[4]" classname="org.springframework.data.redis.support.collections.RedisListTests" time="0.001">
    <error message="Cannot get Jedis connection; nested exception is redis.clients.jedis.exceptions.JedisConnectionException: Could not get a resource from the pool" type="org.springframework.data.redis.RedisConnectionFailureException">org.springframework.data.redis.RedisConnectionFailureException: Cannot get Jedis connection; nested exception is redis.clients.jedis.exceptions.JedisConnectionException: Could not get a resource from the pool
Caused by: redis.clients.jedis.exceptions.JedisConnectionException: Could not get a resource from the pool
Caused by: redis.clients.jedis.exceptions.JedisConnectionException: java.net.ConnectException: Conexão recusada
Caused by: java.net.ConnectException: Conexão recusada
</error>
  </testcase>
  <testcase name="testDrainToCollection[4]" classname="org.springframework.data.redis.support.collections.RedisListTests" time="0.001">
    <error message="Cannot get Jedis connection; nested exception is redis.clients.jedis.exceptions.JedisConnectionException: Could not get a resource from the pool" type="org.springframework.data.redis.RedisConnectionFailureException">org.springframework.data.redis.RedisConnectionFailureException: Cannot get Jedis connection; nested exception is redis.clients.jedis.exceptions.JedisConnectionException: Could not get a resource from the pool
Caused by: redis.clients.jedis.exceptions.JedisConnectionException: Could not get a resource from the pool
Caused by: redis.clients.jedis.exceptions.JedisConnectionException: java.net.ConnectException: Conexão recusada
Caused by: java.net.ConnectException: Conexão recusada
</error>
  </testcase>
  <testcase name="testRemoveFirst[4]" classname="org.springframework.data.redis.support.collections.RedisListTests" time="0.001">
    <error message="Cannot get Jedis connection; nested exception is redis.clients.jedis.exceptions.JedisConnectionException: Could not get a resource from the pool" type="org.springframework.data.redis.RedisConnectionFailureException">org.springframework.data.redis.RedisConnectionFailureException: Cannot get Jedis connection; nested exception is redis.clients.jedis.exceptions.JedisConnectionException: Could not get a resource from the pool
Caused by: redis.clients.jedis.exceptions.JedisConnectionException: Could not get a resource from the pool
Caused by: redis.clients.jedis.exceptions.JedisConnectionException: java.net.ConnectException: Conexão recusada
Caused by: java.net.ConnectException: Conexão recusada
</error>
  </testcase>
  <testcase name="testRemoveFirst[4]" classname="org.springframework.data.redis.support.collections.RedisListTests" time="0.001">
    <error message="Cannot get Jedis connection; nested exception is redis.clients.jedis.exceptions.JedisConnectionException: Could not get a resource from the pool" type="org.springframework.data.redis.RedisConnectionFailureException">org.springframework.data.redis.RedisConnectionFailureException: Cannot get Jedis connection; nested exception is redis.clients.jedis.exceptions.JedisConnectionException: Could not get a resource from the pool
Caused by: redis.clients.jedis.exceptions.JedisConnectionException: Could not get a resource from the pool
Caused by: redis.clients.jedis.exceptions.JedisConnectionException: java.net.ConnectException: Conexão recusada
Caused by: java.net.ConnectException: Conexão recusada
</error>
  </testcase>
  <testcase name="testRemoveIndex[4]" classname="org.springframework.data.redis.support.collections.RedisListTests" time="0">
    <error message="Cannot get Jedis connection; nested exception is redis.clients.jedis.exceptions.JedisConnectionException: Could not get a resource from the pool" type="org.springframework.data.redis.RedisConnectionFailureException">org.springframework.data.redis.RedisConnectionFailureException: Cannot get Jedis connection; nested exception is redis.clients.jedis.exceptions.JedisConnectionException: Could not get a resource from the pool
Caused by: redis.clients.jedis.exceptions.JedisConnectionException: Could not get a resource from the pool
Caused by: redis.clients.jedis.exceptions.JedisConnectionException: java.net.ConnectException: Conexão recusada
Caused by: java.net.ConnectException: Conexão recusada
</error>
  </testcase>
  <testcase name="testPutLast[4]" classname="org.springframework.data.redis.support.collections.RedisListTests" time="0.001">
    <error message="Cannot get Jedis connection; nested exception is redis.clients.jedis.exceptions.JedisConnectionException: Could not get a resource from the pool" type="org.springframework.data.redis.RedisConnectionFailureException">org.springframework.data.redis.RedisConnectionFailureException: Cannot get Jedis connection; nested exception is redis.clients.jedis.exceptions.JedisConnectionException: Could not get a resource from the pool
Caused by: redis.clients.jedis.exceptions.JedisConnectionException: Could not get a resource from the pool
Caused by: redis.clients.jedis.exceptions.JedisConnectionException: java.net.ConnectException: Conexão recusada
Caused by: java.net.ConnectException: Conexão recusada
</error>
  </testcase>
  <testcase name="testPutLast[4]" classname="org.springframework.data.redis.support.collections.RedisListTests" time="0.002">
    <error message="Cannot get Jedis connection; nested exception is redis.clients.jedis.exceptions.JedisConnectionException: Could not get a resource from the pool" type="org.springframework.data.redis.RedisConnectionFailureException">org.springframework.data.redis.RedisConnectionFailureException: Cannot get Jedis connection; nested exception is redis.clients.jedis.exceptions.JedisConnectionException: Could not get a resource from the pool
Caused by: redis.clients.jedis.exceptions.JedisConnectionException: Could not get a resource from the pool
Caused by: redis.clients.jedis.exceptions.JedisConnectionException: java.net.ConnectException: Conexão recusada
Caused by: java.net.ConnectException: Conexão recusada
</error>
  </testcase>
  <testcase name="testOfferFirst[4]" classname="org.springframework.data.redis.support.collections.RedisListTests" time="0">
    <error message="Cannot get Jedis connection; nested exception is redis.clients.jedis.exceptions.JedisConnectionException: Could not get a resource from the pool" type="org.springframework.data.redis.RedisConnectionFailureException">org.springframework.data.redis.RedisConnectionFailureException: Cannot get Jedis connection; nested exception is redis.clients.jedis.exceptions.JedisConnectionException: Could not get a resource from the pool
Caused by: redis.clients.jedis.exceptions.JedisConnectionException: Could not get a resource from the pool
Caused by: redis.clients.jedis.exceptions.JedisConnectionException: java.net.ConnectException: Conexão recusada
Caused by: java.net.ConnectException: Conexão recusada
</error>
  </testcase>
  <testcase name="testOfferFirst[4]" classname="org.springframework.data.redis.support.collections.RedisListTests" time="0.001">
    <error message="Cannot get Jedis connection; nested exception is redis.clients.jedis.exceptions.JedisConnectionException: Could not get a resource from the pool" type="org.springframework.data.redis.RedisConnectionFailureException">org.springframework.data.redis.RedisConnectionFailureException: Cannot get Jedis connection; nested exception is redis.clients.jedis.exceptions.JedisConnectionException: Could not get a resource from the pool
Caused by: redis.clients.jedis.exceptions.JedisConnectionException: Could not get a resource from the pool
Caused by: redis.clients.jedis.exceptions.JedisConnectionException: java.net.ConnectException: Conexão recusada
Caused by: java.net.ConnectException: Conexão recusada
</error>
  </testcase>
  <testcase name="testDescendingIterator[4]" classname="org.springframework.data.redis.support.collections.RedisListTests" time="0">
    <error message="Cannot get Jedis connection; nested exception is redis.clients.jedis.exceptions.JedisConnectionException: Could not get a resource from the pool" type="org.springframework.data.redis.RedisConnectionFailureException">org.springframework.data.redis.RedisConnectionFailureException: Cannot get Jedis connection; nested exception is redis.clients.jedis.exceptions.JedisConnectionException: Could not get a resource from the pool
Caused by: redis.clients.jedis.exceptions.JedisConnectionException: Could not get a resource from the pool
Caused by: redis.clients.jedis.exceptions.JedisConnectionException: java.net.ConnectException: Conexão recusada
Caused by: java.net.ConnectException: Conexão recusada
</error>
  </testcase>
  <testcase name="testDescendingIterator[4]" classname="org.springframework.data.redis.support.collections.RedisListTests" time="0.001">
    <error message="Cannot get Jedis connection; nested exception is redis.clients.jedis.exceptions.JedisConnectionException: Could not get a resource from the pool" type="org.springframework.data.redis.RedisConnectionFailureException">org.springframework.data.redis.RedisConnectionFailureException: Cannot get Jedis connection; nested exception is redis.clients.jedis.exceptions.JedisConnectionException: Could not get a resource from the pool
Caused by: redis.clients.jedis.exceptions.JedisConnectionException: Could not get a resource from the pool
Caused by: redis.clients.jedis.exceptions.JedisConnectionException: java.net.ConnectException: Conexão recusada
Caused by: java.net.ConnectException: Conexão recusada
</error>
  </testcase>
  <testcase name="testAddFirst[4]" classname="org.springframework.data.redis.support.collections.RedisListTests" time="0">
    <error message="Cannot get Jedis connection; nested exception is redis.clients.jedis.exceptions.JedisConnectionException: Could not get a resource from the pool" type="org.springframework.data.redis.RedisConnectionFailureException">org.springframework.data.redis.RedisConnectionFailureException: Cannot get Jedis connection; nested exception is redis.clients.jedis.exceptions.JedisConnectionException: Could not get a resource from the pool
Caused by: redis.clients.jedis.exceptions.JedisConnectionException: Could not get a resource from the pool
Caused by: redis.clients.jedis.exceptions.JedisConnectionException: java.net.ConnectException: Conexão recusada
Caused by: java.net.ConnectException: Conexão recusada
</error>
  </testcase>
  <testcase name="testAddFirst[4]" classname="org.springframework.data.redis.support.collections.RedisListTests" time="0.001">
    <error message="Cannot get Jedis connection; nested exception is redis.clients.jedis.exceptions.JedisConnectionException: Could not get a resource from the pool" type="org.springframework.data.redis.RedisConnectionFailureException">org.springframework.data.redis.RedisConnectionFailureException: Cannot get Jedis connection; nested exception is redis.clients.jedis.exceptions.JedisConnectionException: Could not get a resource from the pool
Caused by: redis.clients.jedis.exceptions.JedisConnectionException: Could not get a resource from the pool
Caused by: redis.clients.jedis.exceptions.JedisConnectionException: java.net.ConnectException: Conexão recusada
Caused by: java.net.ConnectException: Conexão recusada
</error>
  </testcase>
  <testcase name="testDrainToCollectionWithMaxElements[4]" classname="org.springframework.data.redis.support.collections.RedisListTests" time="0.001">
    <error message="Cannot get Jedis connection; nested exception is redis.clients.jedis.exceptions.JedisConnectionException: Could not get a resource from the pool" type="org.springframework.data.redis.RedisConnectionFailureException">org.springframework.data.redis.RedisConnectionFailureException: Cannot get Jedis connection; nested exception is redis.clients.jedis.exceptions.JedisConnectionException: Could not get a resource from the pool
Caused by: redis.clients.jedis.exceptions.JedisConnectionException: Could not get a resource from the pool
Caused by: redis.clients.jedis.exceptions.JedisConnectionException: java.net.ConnectException: Conexão recusada
Caused by: java.net.ConnectException: Conexão recusada
</error>
  </testcase>
  <testcase name="testDrainToCollectionWithMaxElements[4]" classname="org.springframework.data.redis.support.collections.RedisListTests" time="0.001">
    <error message="Cannot get Jedis connection; nested exception is redis.clients.jedis.exceptions.JedisConnectionException: Could not get a resource from the pool" type="org.springframework.data.redis.RedisConnectionFailureException">org.springframework.data.redis.RedisConnectionFailureException: Cannot get Jedis connection; nested exception is redis.clients.jedis.exceptions.JedisConnectionException: Could not get a resource from the pool
Caused by: redis.clients.jedis.exceptions.JedisConnectionException: Could not get a resource from the pool
Caused by: redis.clients.jedis.exceptions.JedisConnectionException: java.net.ConnectException: Conexão recusada
Caused by: java.net.ConnectException: Conexão recusada
</error>
  </testcase>
  <testcase name="testTakeLast[4]" classname="org.springframework.data.redis.support.collections.RedisListTests" time="0.001">
    <error message="Cannot get Jedis connection; nested exception is redis.clients.jedis.exceptions.JedisConnectionException: Could not get a resource from the pool" type="org.springframework.data.redis.RedisConnectionFailureException">org.springframework.data.redis.RedisConnectionFailureException: Cannot get Jedis connection; nested exception is redis.clients.jedis.exceptions.JedisConnectionException: Could not get a resource from the pool
Caused by: redis.clients.jedis.exceptions.JedisConnectionException: Could not get a resource from the pool
Caused by: redis.clients.jedis.exceptions.JedisConnectionException: java.net.ConnectException: Conexão recusada
Caused by: java.net.ConnectException: Conexão recusada
</error>
  </testcase>
  <testcase name="testTakeLast[4]" classname="org.springframework.data.redis.support.collections.RedisListTests" time="0.001">
    <error message="Cannot get Jedis connection; nested exception is redis.clients.jedis.exceptions.JedisConnectionException: Could not get a resource from the pool" type="org.springframework.data.redis.RedisConnectionFailureException">org.springframework.data.redis.RedisConnectionFailureException: Cannot get Jedis connection; nested exception is redis.clients.jedis.exceptions.JedisConnectionException: Could not get a resource from the pool
Caused by: redis.clients.jedis.exceptions.JedisConnectionException: Could not get a resource from the pool
Caused by: redis.clients.jedis.exceptions.JedisConnectionException: java.net.ConnectException: Conexão recusada
Caused by: java.net.ConnectException: Conexão recusada
</error>
  </testcase>
  <testcase name="testRemainingCapacity[4]" classname="org.springframework.data.redis.support.collections.RedisListTests" time="0">
    <error message="Cannot get Jedis connection; nested exception is redis.clients.jedis.exceptions.JedisConnectionException: Could not get a resource from the pool" type="org.springframework.data.redis.RedisConnectionFailureException">org.springframework.data.redis.RedisConnectionFailureException: Cannot get Jedis connection; nested exception is redis.clients.jedis.exceptions.JedisConnectionException: Could not get a resource from the pool
Caused by: redis.clients.jedis.exceptions.JedisConnectionException: Could not get a resource from the pool
Caused by: redis.clients.jedis.exceptions.JedisConnectionException: java.net.ConnectException: Conexão recusada
Caused by: java.net.ConnectException: Conexão recusada
</error>
  </testcase>
  <testcase name="testRemoveLast[4]" classname="org.springframework.data.redis.support.collections.RedisListTests" time="0.001">
    <error message="Cannot get Jedis connection; nested exception is redis.clients.jedis.exceptions.JedisConnectionException: Could not get a resource from the pool" type="org.springframework.data.redis.RedisConnectionFailureException">org.springframework.data.redis.RedisConnectionFailureException: Cannot get Jedis connection; nested exception is redis.clients.jedis.exceptions.JedisConnectionException: Could not get a resource from the pool
Caused by: redis.clients.jedis.exceptions.JedisConnectionException: Could not get a resource from the pool
Caused by: redis.clients.jedis.exceptions.JedisConnectionException: java.net.ConnectException: Conexão recusada
Caused by: java.net.ConnectException: Conexão recusada
</error>
  </testcase>
  <testcase name="testRemoveLast[4]" classname="org.springframework.data.redis.support.collections.RedisListTests" time="0.001">
    <error message="Cannot get Jedis connection; nested exception is redis.clients.jedis.exceptions.JedisConnectionException: Could not get a resource from the pool" type="org.springframework.data.redis.RedisConnectionFailureException">org.springframework.data.redis.RedisConnectionFailureException: Cannot get Jedis connection; nested exception is redis.clients.jedis.exceptions.JedisConnectionException: Could not get a resource from the pool
Caused by: redis.clients.jedis.exceptions.JedisConnectionException: Could not get a resource from the pool
Caused by: redis.clients.jedis.exceptions.JedisConnectionException: java.net.ConnectException: Conexão recusada
Caused by: java.net.ConnectException: Conexão recusada
</error>
  </testcase>
  <testcase name="testAddIndexObjectHead[4]" classname="org.springframework.data.redis.support.collections.RedisListTests" time="0.002">
    <error message="Cannot get Jedis connection; nested exception is redis.clients.jedis.exceptions.JedisConnectionException: Could not get a resource from the pool" type="org.springframework.data.redis.RedisConnectionFailureException">org.springframework.data.redis.RedisConnectionFailureException: Cannot get Jedis connection; nested exception is redis.clients.jedis.exceptions.JedisConnectionException: Could not get a resource from the pool
Caused by: redis.clients.jedis.exceptions.JedisConnectionException: Could not get a resource from the pool
Caused by: redis.clients.jedis.exceptions.JedisConnectionException: java.net.ConnectException: Conexão recusada
Caused by: java.net.ConnectException: Conexão recusada
</error>
  </testcase>
  <testcase name="testAddIndexObjectHead[4]" classname="org.springframework.data.redis.support.collections.RedisListTests" time="0.002">
    <error message="Cannot get Jedis connection; nested exception is redis.clients.jedis.exceptions.JedisConnectionException: Could not get a resource from the pool" type="org.springframework.data.redis.RedisConnectionFailureException">org.springframework.data.redis.RedisConnectionFailureException: Cannot get Jedis connection; nested exception is redis.clients.jedis.exceptions.JedisConnectionException: Could not get a resource from the pool
Caused by: redis.clients.jedis.exceptions.JedisConnectionException: Could not get a resource from the pool
Caused by: redis.clients.jedis.exceptions.JedisConnectionException: java.net.ConnectException: Conexão recusada
Caused by: java.net.ConnectException: Conexão recusada
</error>
  </testcase>
  <testcase name="testAddIndexObjectTail[4]" classname="org.springframework.data.redis.support.collections.RedisListTests" time="0.001">
    <error message="Cannot get Jedis connection; nested exception is redis.clients.jedis.exceptions.JedisConnectionException: Could not get a resource from the pool" type="org.springframework.data.redis.RedisConnectionFailureException">org.springframework.data.redis.RedisConnectionFailureException: Cannot get Jedis connection; nested exception is redis.clients.jedis.exceptions.JedisConnectionException: Could not get a resource from the pool
Caused by: redis.clients.jedis.exceptions.JedisConnectionException: Could not get a resource from the pool
Caused by: redis.clients.jedis.exceptions.JedisConnectionException: java.net.ConnectException: Conexão recusada
Caused by: java.net.ConnectException: Conexão recusada
</error>
  </testcase>
  <testcase name="testAddIndexObjectTail[4]" classname="org.springframework.data.redis.support.collections.RedisListTests" time="0.001">
    <error message="Cannot get Jedis connection; nested exception is redis.clients.jedis.exceptions.JedisConnectionException: Could not get a resource from the pool" type="org.springframework.data.redis.RedisConnectionFailureException">org.springframework.data.redis.RedisConnectionFailureException: Cannot get Jedis connection; nested exception is redis.clients.jedis.exceptions.JedisConnectionException: Could not get a resource from the pool
Caused by: redis.clients.jedis.exceptions.JedisConnectionException: Could not get a resource from the pool
Caused by: redis.clients.jedis.exceptions.JedisConnectionException: java.net.ConnectException: Conexão recusada
Caused by: java.net.ConnectException: Conexão recusada
</error>
  </testcase>
  <testcase name="testPollFirst[4]" classname="org.springframework.data.redis.support.collections.RedisListTests" time="0.001">
    <error message="Cannot get Jedis connection; nested exception is redis.clients.jedis.exceptions.JedisConnectionException: Could not get a resource from the pool" type="org.springframework.data.redis.RedisConnectionFailureException">org.springframework.data.redis.RedisConnectionFailureException: Cannot get Jedis connection; nested exception is redis.clients.jedis.exceptions.JedisConnectionException: Could not get a resource from the pool
Caused by: redis.clients.jedis.exceptions.JedisConnectionException: Could not get a resource from the pool
Caused by: redis.clients.jedis.exceptions.JedisConnectionException: java.net.ConnectException: Conexão recusada
Caused by: java.net.ConnectException: Conexão recusada
</error>
  </testcase>
  <testcase name="testPollFirst[4]" classname="org.springframework.data.redis.support.collections.RedisListTests" time="0.001">
    <error message="Cannot get Jedis connection; nested exception is redis.clients.jedis.exceptions.JedisConnectionException: Could not get a resource from the pool" type="org.springframework.data.redis.RedisConnectionFailureException">org.springframework.data.redis.RedisConnectionFailureException: Cannot get Jedis connection; nested exception is redis.clients.jedis.exceptions.JedisConnectionException: Could not get a resource from the pool
Caused by: redis.clients.jedis.exceptions.JedisConnectionException: Could not get a resource from the pool
Caused by: redis.clients.jedis.exceptions.JedisConnectionException: java.net.ConnectException: Conexão recusada
Caused by: java.net.ConnectException: Conexão recusada
</error>
  </testcase>
  <testcase name="testAddIndexObjectMiddle[4]" classname="org.springframework.data.redis.support.collections.RedisListTests" time="0.001">
    <error message="Unexpected exception, expected&lt;java.lang.IllegalArgumentException&gt; but was&lt;org.springframework.data.redis.RedisConnectionFailureException&gt;" type="java.lang.Exception"><![CDATA[java.lang.Exception: Unexpected exception, expected<java.lang.IllegalArgumentException> but was<org.springframework.data.redis.RedisConnectionFailureException>
Caused by: org.springframework.data.redis.RedisConnectionFailureException: Cannot get Jedis connection; nested exception is redis.clients.jedis.exceptions.JedisConnectionException: Could not get a resource from the pool
Caused by: redis.clients.jedis.exceptions.JedisConnectionException: Could not get a resource from the pool
Caused by: redis.clients.jedis.exceptions.JedisConnectionException: java.net.ConnectException: Conexão recusada
Caused by: java.net.ConnectException: Conexão recusada
]]></error>
  </testcase>
  <testcase name="testAddIndexObjectMiddle[4]" classname="org.springframework.data.redis.support.collections.RedisListTests" time="0.001">
    <error message="Cannot get Jedis connection; nested exception is redis.clients.jedis.exceptions.JedisConnectionException: Could not get a resource from the pool" type="org.springframework.data.redis.RedisConnectionFailureException">org.springframework.data.redis.RedisConnectionFailureException: Cannot get Jedis connection; nested exception is redis.clients.jedis.exceptions.JedisConnectionException: Could not get a resource from the pool
Caused by: redis.clients.jedis.exceptions.JedisConnectionException: Could not get a resource from the pool
Caused by: redis.clients.jedis.exceptions.JedisConnectionException: java.net.ConnectException: Conexão recusada
Caused by: java.net.ConnectException: Conexão recusada
</error>
  </testcase>
  <testcase name="testPeekLast[4]" classname="org.springframework.data.redis.support.collections.RedisListTests" time="0.001">
    <error message="Cannot get Jedis connection; nested exception is redis.clients.jedis.exceptions.JedisConnectionException: Could not get a resource from the pool" type="org.springframework.data.redis.RedisConnectionFailureException">org.springframework.data.redis.RedisConnectionFailureException: Cannot get Jedis connection; nested exception is redis.clients.jedis.exceptions.JedisConnectionException: Could not get a resource from the pool
Caused by: redis.clients.jedis.exceptions.JedisConnectionException: Could not get a resource from the pool
Caused by: redis.clients.jedis.exceptions.JedisConnectionException: java.net.ConnectException: Conexão recusada
Caused by: java.net.ConnectException: Conexão recusada
</error>
  </testcase>
  <testcase name="testPeekLast[4]" classname="org.springframework.data.redis.support.collections.RedisListTests" time="0.001">
    <error message="Cannot get Jedis connection; nested exception is redis.clients.jedis.exceptions.JedisConnectionException: Could not get a resource from the pool" type="org.springframework.data.redis.RedisConnectionFailureException">org.springframework.data.redis.RedisConnectionFailureException: Cannot get Jedis connection; nested exception is redis.clients.jedis.exceptions.JedisConnectionException: Could not get a resource from the pool
Caused by: redis.clients.jedis.exceptions.JedisConnectionException: Could not get a resource from the pool
Caused by: redis.clients.jedis.exceptions.JedisConnectionException: java.net.ConnectException: Conexão recusada
Caused by: java.net.ConnectException: Conexão recusada
</error>
  </testcase>
  <testcase name="testRemoveFirstOccurrence[4]" classname="org.springframework.data.redis.support.collections.RedisListTests" time="0.001">
    <error message="Cannot get Jedis connection; nested exception is redis.clients.jedis.exceptions.JedisConnectionException: Could not get a resource from the pool" type="org.springframework.data.redis.RedisConnectionFailureException">org.springframework.data.redis.RedisConnectionFailureException: Cannot get Jedis connection; nested exception is redis.clients.jedis.exceptions.JedisConnectionException: Could not get a resource from the pool
Caused by: redis.clients.jedis.exceptions.JedisConnectionException: Could not get a resource from the pool
Caused by: redis.clients.jedis.exceptions.JedisConnectionException: java.net.ConnectException: Conexão recusada
Caused by: java.net.ConnectException: Conexão recusada
</error>
  </testcase>
  <testcase name="testRemoveFirstOccurrence[4]" classname="org.springframework.data.redis.support.collections.RedisListTests" time="0.001">
    <error message="Cannot get Jedis connection; nested exception is redis.clients.jedis.exceptions.JedisConnectionException: Could not get a resource from the pool" type="org.springframework.data.redis.RedisConnectionFailureException">org.springframework.data.redis.RedisConnectionFailureException: Cannot get Jedis connection; nested exception is redis.clients.jedis.exceptions.JedisConnectionException: Could not get a resource from the pool
Caused by: redis.clients.jedis.exceptions.JedisConnectionException: Could not get a resource from the pool
Caused by: redis.clients.jedis.exceptions.JedisConnectionException: java.net.ConnectException: Conexão recusada
Caused by: java.net.ConnectException: Conexão recusada
</error>
  </testcase>
  <testcase name="addAllIndexCollectionHead[4]" classname="org.springframework.data.redis.support.collections.RedisListTests" time="0.001">
    <error message="Cannot get Jedis connection; nested exception is redis.clients.jedis.exceptions.JedisConnectionException: Could not get a resource from the pool" type="org.springframework.data.redis.RedisConnectionFailureException">org.springframework.data.redis.RedisConnectionFailureException: Cannot get Jedis connection; nested exception is redis.clients.jedis.exceptions.JedisConnectionException: Could not get a resource from the pool
Caused by: redis.clients.jedis.exceptions.JedisConnectionException: Could not get a resource from the pool
Caused by: redis.clients.jedis.exceptions.JedisConnectionException: java.net.ConnectException: Conexão recusada
Caused by: java.net.ConnectException: Conexão recusada
</error>
  </testcase>
  <testcase name="addAllIndexCollectionHead[4]" classname="org.springframework.data.redis.support.collections.RedisListTests" time="0.001">
    <error message="Cannot get Jedis connection; nested exception is redis.clients.jedis.exceptions.JedisConnectionException: Could not get a resource from the pool" type="org.springframework.data.redis.RedisConnectionFailureException">org.springframework.data.redis.RedisConnectionFailureException: Cannot get Jedis connection; nested exception is redis.clients.jedis.exceptions.JedisConnectionException: Could not get a resource from the pool
Caused by: redis.clients.jedis.exceptions.JedisConnectionException: Could not get a resource from the pool
Caused by: redis.clients.jedis.exceptions.JedisConnectionException: java.net.ConnectException: Conexão recusada
Caused by: java.net.ConnectException: Conexão recusada
</error>
  </testcase>
  <testcase name="addAllIndexCollectionTail[4]" classname="org.springframework.data.redis.support.collections.RedisListTests" time="0.001">
    <error message="Cannot get Jedis connection; nested exception is redis.clients.jedis.exceptions.JedisConnectionException: Could not get a resource from the pool" type="org.springframework.data.redis.RedisConnectionFailureException">org.springframework.data.redis.RedisConnectionFailureException: Cannot get Jedis connection; nested exception is redis.clients.jedis.exceptions.JedisConnectionException: Could not get a resource from the pool
Caused by: redis.clients.jedis.exceptions.JedisConnectionException: Could not get a resource from the pool
Caused by: redis.clients.jedis.exceptions.JedisConnectionException: java.net.ConnectException: Conexão recusada
Caused by: java.net.ConnectException: Conexão recusada
</error>
  </testcase>
  <testcase name="addAllIndexCollectionTail[4]" classname="org.springframework.data.redis.support.collections.RedisListTests" time="0.001">
    <error message="Cannot get Jedis connection; nested exception is redis.clients.jedis.exceptions.JedisConnectionException: Could not get a resource from the pool" type="org.springframework.data.redis.RedisConnectionFailureException">org.springframework.data.redis.RedisConnectionFailureException: Cannot get Jedis connection; nested exception is redis.clients.jedis.exceptions.JedisConnectionException: Could not get a resource from the pool
Caused by: redis.clients.jedis.exceptions.JedisConnectionException: Could not get a resource from the pool
Caused by: redis.clients.jedis.exceptions.JedisConnectionException: java.net.ConnectException: Conexão recusada
Caused by: java.net.ConnectException: Conexão recusada
</error>
  </testcase>
  <testcase name="addAllIndexCollectionMiddle[4]" classname="org.springframework.data.redis.support.collections.RedisListTests" time="0.001">
    <error message="Unexpected exception, expected&lt;java.lang.IllegalArgumentException&gt; but was&lt;org.springframework.data.redis.RedisConnectionFailureException&gt;" type="java.lang.Exception"><![CDATA[java.lang.Exception: Unexpected exception, expected<java.lang.IllegalArgumentException> but was<org.springframework.data.redis.RedisConnectionFailureException>
Caused by: org.springframework.data.redis.RedisConnectionFailureException: Cannot get Jedis connection; nested exception is redis.clients.jedis.exceptions.JedisConnectionException: Could not get a resource from the pool
Caused by: redis.clients.jedis.exceptions.JedisConnectionException: Could not get a resource from the pool
Caused by: redis.clients.jedis.exceptions.JedisConnectionException: java.net.ConnectException: Conexão recusada
Caused by: java.net.ConnectException: Conexão recusada
]]></error>
  </testcase>
  <testcase name="addAllIndexCollectionMiddle[4]" classname="org.springframework.data.redis.support.collections.RedisListTests" time="0.001">
    <error message="Cannot get Jedis connection; nested exception is redis.clients.jedis.exceptions.JedisConnectionException: Could not get a resource from the pool" type="org.springframework.data.redis.RedisConnectionFailureException">org.springframework.data.redis.RedisConnectionFailureException: Cannot get Jedis connection; nested exception is redis.clients.jedis.exceptions.JedisConnectionException: Could not get a resource from the pool
Caused by: redis.clients.jedis.exceptions.JedisConnectionException: Could not get a resource from the pool
Caused by: redis.clients.jedis.exceptions.JedisConnectionException: java.net.ConnectException: Conexão recusada
Caused by: java.net.ConnectException: Conexão recusada
</error>
  </testcase>
  <testcase name="testPollLast[4]" classname="org.springframework.data.redis.support.collections.RedisListTests" time="0.001">
    <error message="Cannot get Jedis connection; nested exception is redis.clients.jedis.exceptions.JedisConnectionException: Could not get a resource from the pool" type="org.springframework.data.redis.RedisConnectionFailureException">org.springframework.data.redis.RedisConnectionFailureException: Cannot get Jedis connection; nested exception is redis.clients.jedis.exceptions.JedisConnectionException: Could not get a resource from the pool
Caused by: redis.clients.jedis.exceptions.JedisConnectionException: Could not get a resource from the pool
Caused by: redis.clients.jedis.exceptions.JedisConnectionException: java.net.ConnectException: Conexão recusada
Caused by: java.net.ConnectException: Conexão recusada
</error>
  </testcase>
  <testcase name="testPollLast[4]" classname="org.springframework.data.redis.support.collections.RedisListTests" time="0.001">
    <error message="Cannot get Jedis connection; nested exception is redis.clients.jedis.exceptions.JedisConnectionException: Could not get a resource from the pool" type="org.springframework.data.redis.RedisConnectionFailureException">org.springframework.data.redis.RedisConnectionFailureException: Cannot get Jedis connection; nested exception is redis.clients.jedis.exceptions.JedisConnectionException: Could not get a resource from the pool
Caused by: redis.clients.jedis.exceptions.JedisConnectionException: Could not get a resource from the pool
Caused by: redis.clients.jedis.exceptions.JedisConnectionException: java.net.ConnectException: Conexão recusada
Caused by: java.net.ConnectException: Conexão recusada
</error>
  </testcase>
  <testcase name="testIndexOfObject[4]" classname="org.springframework.data.redis.support.collections.RedisListTests" time="0.001">
    <error message="Cannot get Jedis connection; nested exception is redis.clients.jedis.exceptions.JedisConnectionException: Could not get a resource from the pool" type="org.springframework.data.redis.RedisConnectionFailureException">org.springframework.data.redis.RedisConnectionFailureException: Cannot get Jedis connection; nested exception is redis.clients.jedis.exceptions.JedisConnectionException: Could not get a resource from the pool
Caused by: redis.clients.jedis.exceptions.JedisConnectionException: Could not get a resource from the pool
Caused by: redis.clients.jedis.exceptions.JedisConnectionException: java.net.ConnectException: Conexão recusada
Caused by: java.net.ConnectException: Conexão recusada
</error>
  </testcase>
  <testcase name="testPollTimeout[4]" classname="org.springframework.data.redis.support.collections.RedisListTests" time="0">
    <error message="Cannot get Jedis connection; nested exception is redis.clients.jedis.exceptions.JedisConnectionException: Could not get a resource from the pool" type="org.springframework.data.redis.RedisConnectionFailureException">org.springframework.data.redis.RedisConnectionFailureException: Cannot get Jedis connection; nested exception is redis.clients.jedis.exceptions.JedisConnectionException: Could not get a resource from the pool
Caused by: redis.clients.jedis.exceptions.JedisConnectionException: Could not get a resource from the pool
Caused by: redis.clients.jedis.exceptions.JedisConnectionException: java.net.ConnectException: Conexão recusada
Caused by: java.net.ConnectException: Conexão recusada
</error>
  </testcase>
  <testcase name="testPollTimeout[4]" classname="org.springframework.data.redis.support.collections.RedisListTests" time="0.001">
    <error message="Cannot get Jedis connection; nested exception is redis.clients.jedis.exceptions.JedisConnectionException: Could not get a resource from the pool" type="org.springframework.data.redis.RedisConnectionFailureException">org.springframework.data.redis.RedisConnectionFailureException: Cannot get Jedis connection; nested exception is redis.clients.jedis.exceptions.JedisConnectionException: Could not get a resource from the pool
Caused by: redis.clients.jedis.exceptions.JedisConnectionException: Could not get a resource from the pool
Caused by: redis.clients.jedis.exceptions.JedisConnectionException: java.net.ConnectException: Conexão recusada
Caused by: java.net.ConnectException: Conexão recusada
</error>
  </testcase>
  <testcase name="testRemove[4]" classname="org.springframework.data.redis.support.collections.RedisListTests" time="0">
    <error message="Cannot get Jedis connection; nested exception is redis.clients.jedis.exceptions.JedisConnectionException: Could not get a resource from the pool" type="org.springframework.data.redis.RedisConnectionFailureException">org.springframework.data.redis.RedisConnectionFailureException: Cannot get Jedis connection; nested exception is redis.clients.jedis.exceptions.JedisConnectionException: Could not get a resource from the pool
Caused by: redis.clients.jedis.exceptions.JedisConnectionException: Could not get a resource from the pool
Caused by: redis.clients.jedis.exceptions.JedisConnectionException: java.net.ConnectException: Conexão recusada
Caused by: java.net.ConnectException: Conexão recusada
</error>
  </testcase>
  <testcase name="testRemove[4]" classname="org.springframework.data.redis.support.collections.RedisListTests" time="0">
    <error message="Cannot get Jedis connection; nested exception is redis.clients.jedis.exceptions.JedisConnectionException: Could not get a resource from the pool" type="org.springframework.data.redis.RedisConnectionFailureException">org.springframework.data.redis.RedisConnectionFailureException: Cannot get Jedis connection; nested exception is redis.clients.jedis.exceptions.JedisConnectionException: Could not get a resource from the pool
Caused by: redis.clients.jedis.exceptions.JedisConnectionException: Could not get a resource from the pool
Caused by: redis.clients.jedis.exceptions.JedisConnectionException: java.net.ConnectException: Conexão recusada
Caused by: java.net.ConnectException: Conexão recusada
</error>
  </testcase>
  <testcase name="testCappedCollection[4]" classname="org.springframework.data.redis.support.collections.RedisListTests" time="0.001">
    <error message="Cannot get Jedis connection; nested exception is redis.clients.jedis.exceptions.JedisConnectionException: Could not get a resource from the pool" type="org.springframework.data.redis.RedisConnectionFailureException">org.springframework.data.redis.RedisConnectionFailureException: Cannot get Jedis connection; nested exception is redis.clients.jedis.exceptions.JedisConnectionException: Could not get a resource from the pool
Caused by: redis.clients.jedis.exceptions.JedisConnectionException: Could not get a resource from the pool
Caused by: redis.clients.jedis.exceptions.JedisConnectionException: java.net.ConnectException: Conexão recusada
Caused by: java.net.ConnectException: Conexão recusada
</error>
  </testcase>
  <testcase name="testCappedCollection[4]" classname="org.springframework.data.redis.support.collections.RedisListTests" time="0.001">
    <error message="Cannot get Jedis connection; nested exception is redis.clients.jedis.exceptions.JedisConnectionException: Could not get a resource from the pool" type="org.springframework.data.redis.RedisConnectionFailureException">org.springframework.data.redis.RedisConnectionFailureException: Cannot get Jedis connection; nested exception is redis.clients.jedis.exceptions.JedisConnectionException: Could not get a resource from the pool
Caused by: redis.clients.jedis.exceptions.JedisConnectionException: Could not get a resource from the pool
Caused by: redis.clients.jedis.exceptions.JedisConnectionException: java.net.ConnectException: Conexão recusada
Caused by: java.net.ConnectException: Conexão recusada
</error>
  </testcase>
  <testcase name="testRmoveLastOccurrence[4]" classname="org.springframework.data.redis.support.collections.RedisListTests" time="0.001">
    <error message="Cannot get Jedis connection; nested exception is redis.clients.jedis.exceptions.JedisConnectionException: Could not get a resource from the pool" type="org.springframework.data.redis.RedisConnectionFailureException">org.springframework.data.redis.RedisConnectionFailureException: Cannot get Jedis connection; nested exception is redis.clients.jedis.exceptions.JedisConnectionException: Could not get a resource from the pool
Caused by: redis.clients.jedis.exceptions.JedisConnectionException: Could not get a resource from the pool
Caused by: redis.clients.jedis.exceptions.JedisConnectionException: java.net.ConnectException: Conexão recusada
Caused by: java.net.ConnectException: Conexão recusada
</error>
  </testcase>
  <testcase name="testRmoveLastOccurrence[4]" classname="org.springframework.data.redis.support.collections.RedisListTests" time="0.001">
    <error message="Cannot get Jedis connection; nested exception is redis.clients.jedis.exceptions.JedisConnectionException: Could not get a resource from the pool" type="org.springframework.data.redis.RedisConnectionFailureException">org.springframework.data.redis.RedisConnectionFailureException: Cannot get Jedis connection; nested exception is redis.clients.jedis.exceptions.JedisConnectionException: Could not get a resource from the pool
Caused by: redis.clients.jedis.exceptions.JedisConnectionException: Could not get a resource from the pool
Caused by: redis.clients.jedis.exceptions.JedisConnectionException: java.net.ConnectException: Conexão recusada
Caused by: java.net.ConnectException: Conexão recusada
</error>
  </testcase>
  <testcase name="testTakeFirst[4]" classname="org.springframework.data.redis.support.collections.RedisListTests" time="0.001">
    <error message="Cannot get Jedis connection; nested exception is redis.clients.jedis.exceptions.JedisConnectionException: Could not get a resource from the pool" type="org.springframework.data.redis.RedisConnectionFailureException">org.springframework.data.redis.RedisConnectionFailureException: Cannot get Jedis connection; nested exception is redis.clients.jedis.exceptions.JedisConnectionException: Could not get a resource from the pool
Caused by: redis.clients.jedis.exceptions.JedisConnectionException: Could not get a resource from the pool
Caused by: redis.clients.jedis.exceptions.JedisConnectionException: java.net.ConnectException: Conexão recusada
Caused by: java.net.ConnectException: Conexão recusada
</error>
  </testcase>
  <testcase name="testTakeFirst[4]" classname="org.springframework.data.redis.support.collections.RedisListTests" time="0.001">
    <error message="Cannot get Jedis connection; nested exception is redis.clients.jedis.exceptions.JedisConnectionException: Could not get a resource from the pool" type="org.springframework.data.redis.RedisConnectionFailureException">org.springframework.data.redis.RedisConnectionFailureException: Cannot get Jedis connection; nested exception is redis.clients.jedis.exceptions.JedisConnectionException: Could not get a resource from the pool
Caused by: redis.clients.jedis.exceptions.JedisConnectionException: Could not get a resource from the pool
Caused by: redis.clients.jedis.exceptions.JedisConnectionException: java.net.ConnectException: Conexão recusada
Caused by: java.net.ConnectException: Conexão recusada
</error>
  </testcase>
  <testcase name="testContainsObject[4]" classname="org.springframework.data.redis.support.collections.RedisListTests" time="0.001">
    <error message="Cannot get Jedis connection; nested exception is redis.clients.jedis.exceptions.JedisConnectionException: Could not get a resource from the pool" type="org.springframework.data.redis.RedisConnectionFailureException">org.springframework.data.redis.RedisConnectionFailureException: Cannot get Jedis connection; nested exception is redis.clients.jedis.exceptions.JedisConnectionException: Could not get a resource from the pool
Caused by: redis.clients.jedis.exceptions.JedisConnectionException: Could not get a resource from the pool
Caused by: redis.clients.jedis.exceptions.JedisConnectionException: java.net.ConnectException: Conexão recusada
Caused by: java.net.ConnectException: Conexão recusada
</error>
  </testcase>
  <testcase name="testContainsObject[4]" classname="org.springframework.data.redis.support.collections.RedisListTests" time="0.001">
    <error message="Cannot get Jedis connection; nested exception is redis.clients.jedis.exceptions.JedisConnectionException: Could not get a resource from the pool" type="org.springframework.data.redis.RedisConnectionFailureException">org.springframework.data.redis.RedisConnectionFailureException: Cannot get Jedis connection; nested exception is redis.clients.jedis.exceptions.JedisConnectionException: Could not get a resource from the pool
Caused by: redis.clients.jedis.exceptions.JedisConnectionException: Could not get a resource from the pool
Caused by: redis.clients.jedis.exceptions.JedisConnectionException: java.net.ConnectException: Conexão recusada
Caused by: java.net.ConnectException: Conexão recusada
</error>
  </testcase>
  <testcase name="testToArray[4]" classname="org.springframework.data.redis.support.collections.RedisListTests" time="0.001">
    <error message="Cannot get Jedis connection; nested exception is redis.clients.jedis.exceptions.JedisConnectionException: Could not get a resource from the pool" type="org.springframework.data.redis.RedisConnectionFailureException">org.springframework.data.redis.RedisConnectionFailureException: Cannot get Jedis connection; nested exception is redis.clients.jedis.exceptions.JedisConnectionException: Could not get a resource from the pool
Caused by: redis.clients.jedis.exceptions.JedisConnectionException: Could not get a resource from the pool
Caused by: redis.clients.jedis.exceptions.JedisConnectionException: java.net.ConnectException: Conexão recusada
Caused by: java.net.ConnectException: Conexão recusada
</error>
  </testcase>
  <testcase name="testToArray[4]" classname="org.springframework.data.redis.support.collections.RedisListTests" time="0.001">
    <error message="Cannot get Jedis connection; nested exception is redis.clients.jedis.exceptions.JedisConnectionException: Could not get a resource from the pool" type="org.springframework.data.redis.RedisConnectionFailureException">org.springframework.data.redis.RedisConnectionFailureException: Cannot get Jedis connection; nested exception is redis.clients.jedis.exceptions.JedisConnectionException: Could not get a resource from the pool
Caused by: redis.clients.jedis.exceptions.JedisConnectionException: Could not get a resource from the pool
Caused by: redis.clients.jedis.exceptions.JedisConnectionException: java.net.ConnectException: Conexão recusada
Caused by: java.net.ConnectException: Conexão recusada
</error>
  </testcase>
  <testcase name="testAdd[4]" classname="org.springframework.data.redis.support.collections.RedisListTests" time="0.001">
    <error message="Cannot get Jedis connection; nested exception is redis.clients.jedis.exceptions.JedisConnectionException: Could not get a resource from the pool" type="org.springframework.data.redis.RedisConnectionFailureException">org.springframework.data.redis.RedisConnectionFailureException: Cannot get Jedis connection; nested exception is redis.clients.jedis.exceptions.JedisConnectionException: Could not get a resource from the pool
Caused by: redis.clients.jedis.exceptions.JedisConnectionException: Could not get a resource from the pool
Caused by: redis.clients.jedis.exceptions.JedisConnectionException: java.net.ConnectException: Conexão recusada
Caused by: java.net.ConnectException: Conexão recusada
</error>
  </testcase>
  <testcase name="testAdd[4]" classname="org.springframework.data.redis.support.collections.RedisListTests" time="0.001">
    <error message="Cannot get Jedis connection; nested exception is redis.clients.jedis.exceptions.JedisConnectionException: Could not get a resource from the pool" type="org.springframework.data.redis.RedisConnectionFailureException">org.springframework.data.redis.RedisConnectionFailureException: Cannot get Jedis connection; nested exception is redis.clients.jedis.exceptions.JedisConnectionException: Could not get a resource from the pool
Caused by: redis.clients.jedis.exceptions.JedisConnectionException: Could not get a resource from the pool
Caused by: redis.clients.jedis.exceptions.JedisConnectionException: java.net.ConnectException: Conexão recusada
Caused by: java.net.ConnectException: Conexão recusada
</error>
  </testcase>
  <testcase name="testClear[4]" classname="org.springframework.data.redis.support.collections.RedisListTests" time="0.001">
    <error message="Cannot get Jedis connection; nested exception is redis.clients.jedis.exceptions.JedisConnectionException: Could not get a resource from the pool" type="org.springframework.data.redis.RedisConnectionFailureException">org.springframework.data.redis.RedisConnectionFailureException: Cannot get Jedis connection; nested exception is redis.clients.jedis.exceptions.JedisConnectionException: Could not get a resource from the pool
Caused by: redis.clients.jedis.exceptions.JedisConnectionException: Could not get a resource from the pool
Caused by: redis.clients.jedis.exceptions.JedisConnectionException: java.net.ConnectException: Conexão recusada
Caused by: java.net.ConnectException: Conexão recusada
</error>
  </testcase>
  <testcase name="testClear[4]" classname="org.springframework.data.redis.support.collections.RedisListTests" time="0.001">
    <error message="Cannot get Jedis connection; nested exception is redis.clients.jedis.exceptions.JedisConnectionException: Could not get a resource from the pool" type="org.springframework.data.redis.RedisConnectionFailureException">org.springframework.data.redis.RedisConnectionFailureException: Cannot get Jedis connection; nested exception is redis.clients.jedis.exceptions.JedisConnectionException: Could not get a resource from the pool
Caused by: redis.clients.jedis.exceptions.JedisConnectionException: Could not get a resource from the pool
Caused by: redis.clients.jedis.exceptions.JedisConnectionException: java.net.ConnectException: Conexão recusada
Caused by: java.net.ConnectException: Conexão recusada
</error>
  </testcase>
  <testcase name="testSize[4]" classname="org.springframework.data.redis.support.collections.RedisListTests" time="0">
    <error message="Cannot get Jedis connection; nested exception is redis.clients.jedis.exceptions.JedisConnectionException: Could not get a resource from the pool" type="org.springframework.data.redis.RedisConnectionFailureException">org.springframework.data.redis.RedisConnectionFailureException: Cannot get Jedis connection; nested exception is redis.clients.jedis.exceptions.JedisConnectionException: Could not get a resource from the pool
Caused by: redis.clients.jedis.exceptions.JedisConnectionException: Could not get a resource from the pool
Caused by: redis.clients.jedis.exceptions.JedisConnectionException: java.net.ConnectException: Conexão recusada
Caused by: java.net.ConnectException: Conexão recusada
</error>
  </testcase>
  <testcase name="testSize[4]" classname="org.springframework.data.redis.support.collections.RedisListTests" time="0.001">
    <error message="Cannot get Jedis connection; nested exception is redis.clients.jedis.exceptions.JedisConnectionException: Could not get a resource from the pool" type="org.springframework.data.redis.RedisConnectionFailureException">org.springframework.data.redis.RedisConnectionFailureException: Cannot get Jedis connection; nested exception is redis.clients.jedis.exceptions.JedisConnectionException: Could not get a resource from the pool
Caused by: redis.clients.jedis.exceptions.JedisConnectionException: Could not get a resource from the pool
Caused by: redis.clients.jedis.exceptions.JedisConnectionException: java.net.ConnectException: Conexão recusada
Caused by: java.net.ConnectException: Conexão recusada
</error>
  </testcase>
  <testcase name="testToString[4]" classname="org.springframework.data.redis.support.collections.RedisListTests" time="0">
    <error message="Cannot get Jedis connection; nested exception is redis.clients.jedis.exceptions.JedisConnectionException: Could not get a resource from the pool" type="org.springframework.data.redis.RedisConnectionFailureException">org.springframework.data.redis.RedisConnectionFailureException: Cannot get Jedis connection; nested exception is redis.clients.jedis.exceptions.JedisConnectionException: Could not get a resource from the pool
Caused by: redis.clients.jedis.exceptions.JedisConnectionException: Could not get a resource from the pool
Caused by: redis.clients.jedis.exceptions.JedisConnectionException: java.net.ConnectException: Conexão recusada
Caused by: java.net.ConnectException: Conexão recusada
</error>
  </testcase>
  <testcase name="testToString[4]" classname="org.springframework.data.redis.support.collections.RedisListTests" time="0">
    <error message="Cannot get Jedis connection; nested exception is redis.clients.jedis.exceptions.JedisConnectionException: Could not get a resource from the pool" type="org.springframework.data.redis.RedisConnectionFailureException">org.springframework.data.redis.RedisConnectionFailureException: Cannot get Jedis connection; nested exception is redis.clients.jedis.exceptions.JedisConnectionException: Could not get a resource from the pool
Caused by: redis.clients.jedis.exceptions.JedisConnectionException: Could not get a resource from the pool
Caused by: redis.clients.jedis.exceptions.JedisConnectionException: java.net.ConnectException: Conexão recusada
Caused by: java.net.ConnectException: Conexão recusada
</error>
  </testcase>
  <testcase name="testContainsAll[4]" classname="org.springframework.data.redis.support.collections.RedisListTests" time="0">
    <error message="Cannot get Jedis connection; nested exception is redis.clients.jedis.exceptions.JedisConnectionException: Could not get a resource from the pool" type="org.springframework.data.redis.RedisConnectionFailureException">org.springframework.data.redis.RedisConnectionFailureException: Cannot get Jedis connection; nested exception is redis.clients.jedis.exceptions.JedisConnectionException: Could not get a resource from the pool
Caused by: redis.clients.jedis.exceptions.JedisConnectionException: Could not get a resource from the pool
Caused by: redis.clients.jedis.exceptions.JedisConnectionException: java.net.ConnectException: Conexão recusada
Caused by: java.net.ConnectException: Conexão recusada
</error>
  </testcase>
  <testcase name="testContainsAll[4]" classname="org.springframework.data.redis.support.collections.RedisListTests" time="0.001">
    <error message="Cannot get Jedis connection; nested exception is redis.clients.jedis.exceptions.JedisConnectionException: Could not get a resource from the pool" type="org.springframework.data.redis.RedisConnectionFailureException">org.springframework.data.redis.RedisConnectionFailureException: Cannot get Jedis connection; nested exception is redis.clients.jedis.exceptions.JedisConnectionException: Could not get a resource from the pool
Caused by: redis.clients.jedis.exceptions.JedisConnectionException: Could not get a resource from the pool
Caused by: redis.clients.jedis.exceptions.JedisConnectionException: java.net.ConnectException: Conexão recusada
Caused by: java.net.ConnectException: Conexão recusada
</error>
  </testcase>
  <testcase name="testRemoveObject[4]" classname="org.springframework.data.redis.support.collections.RedisListTests" time="0">
    <error message="Cannot get Jedis connection; nested exception is redis.clients.jedis.exceptions.JedisConnectionException: Could not get a resource from the pool" type="org.springframework.data.redis.RedisConnectionFailureException">org.springframework.data.redis.RedisConnectionFailureException: Cannot get Jedis connection; nested exception is redis.clients.jedis.exceptions.JedisConnectionException: Could not get a resource from the pool
Caused by: redis.clients.jedis.exceptions.JedisConnectionException: Could not get a resource from the pool
Caused by: redis.clients.jedis.exceptions.JedisConnectionException: java.net.ConnectException: Conexão recusada
Caused by: java.net.ConnectException: Conexão recusada
</error>
  </testcase>
  <testcase name="testRemoveObject[4]" classname="org.springframework.data.redis.support.collections.RedisListTests" time="0">
    <error message="Cannot get Jedis connection; nested exception is redis.clients.jedis.exceptions.JedisConnectionException: Could not get a resource from the pool" type="org.springframework.data.redis.RedisConnectionFailureException">org.springframework.data.redis.RedisConnectionFailureException: Cannot get Jedis connection; nested exception is redis.clients.jedis.exceptions.JedisConnectionException: Could not get a resource from the pool
Caused by: redis.clients.jedis.exceptions.JedisConnectionException: Could not get a resource from the pool
Caused by: redis.clients.jedis.exceptions.JedisConnectionException: java.net.ConnectException: Conexão recusada
Caused by: java.net.ConnectException: Conexão recusada
</error>
  </testcase>
  <testcase name="testHashCode[4]" classname="org.springframework.data.redis.support.collections.RedisListTests" time="0.001">
    <error message="Cannot get Jedis connection; nested exception is redis.clients.jedis.exceptions.JedisConnectionException: Could not get a resource from the pool" type="org.springframework.data.redis.RedisConnectionFailureException">org.springframework.data.redis.RedisConnectionFailureException: Cannot get Jedis connection; nested exception is redis.clients.jedis.exceptions.JedisConnectionException: Could not get a resource from the pool
Caused by: redis.clients.jedis.exceptions.JedisConnectionException: Could not get a resource from the pool
Caused by: redis.clients.jedis.exceptions.JedisConnectionException: java.net.ConnectException: Conexão recusada
Caused by: java.net.ConnectException: Conexão recusada
</error>
  </testcase>
  <testcase name="testAddAll[4]" classname="org.springframework.data.redis.support.collections.RedisListTests" time="0">
    <error message="Cannot get Jedis connection; nested exception is redis.clients.jedis.exceptions.JedisConnectionException: Could not get a resource from the pool" type="org.springframework.data.redis.RedisConnectionFailureException">org.springframework.data.redis.RedisConnectionFailureException: Cannot get Jedis connection; nested exception is redis.clients.jedis.exceptions.JedisConnectionException: Could not get a resource from the pool
Caused by: redis.clients.jedis.exceptions.JedisConnectionException: Could not get a resource from the pool
Caused by: redis.clients.jedis.exceptions.JedisConnectionException: java.net.ConnectException: Conexão recusada
Caused by: java.net.ConnectException: Conexão recusada
</error>
  </testcase>
  <testcase name="testAddAll[4]" classname="org.springframework.data.redis.support.collections.RedisListTests" time="0.001">
    <error message="Cannot get Jedis connection; nested exception is redis.clients.jedis.exceptions.JedisConnectionException: Could not get a resource from the pool" type="org.springframework.data.redis.RedisConnectionFailureException">org.springframework.data.redis.RedisConnectionFailureException: Cannot get Jedis connection; nested exception is redis.clients.jedis.exceptions.JedisConnectionException: Could not get a resource from the pool
Caused by: redis.clients.jedis.exceptions.JedisConnectionException: Could not get a resource from the pool
Caused by: redis.clients.jedis.exceptions.JedisConnectionException: java.net.ConnectException: Conexão recusada
Caused by: java.net.ConnectException: Conexão recusada
</error>
  </testcase>
  <testcase name="removeAll[4]" classname="org.springframework.data.redis.support.collections.RedisListTests" time="0.001">
    <error message="Cannot get Jedis connection; nested exception is redis.clients.jedis.exceptions.JedisConnectionException: Could not get a resource from the pool" type="org.springframework.data.redis.RedisConnectionFailureException">org.springframework.data.redis.RedisConnectionFailureException: Cannot get Jedis connection; nested exception is redis.clients.jedis.exceptions.JedisConnectionException: Could not get a resource from the pool
Caused by: redis.clients.jedis.exceptions.JedisConnectionException: Could not get a resource from the pool
Caused by: redis.clients.jedis.exceptions.JedisConnectionException: java.net.ConnectException: Conexão recusada
Caused by: java.net.ConnectException: Conexão recusada
</error>
  </testcase>
  <testcase name="removeAll[4]" classname="org.springframework.data.redis.support.collections.RedisListTests" time="0.001">
    <error message="Cannot get Jedis connection; nested exception is redis.clients.jedis.exceptions.JedisConnectionException: Could not get a resource from the pool" type="org.springframework.data.redis.RedisConnectionFailureException">org.springframework.data.redis.RedisConnectionFailureException: Cannot get Jedis connection; nested exception is redis.clients.jedis.exceptions.JedisConnectionException: Could not get a resource from the pool
Caused by: redis.clients.jedis.exceptions.JedisConnectionException: Could not get a resource from the pool
Caused by: redis.clients.jedis.exceptions.JedisConnectionException: java.net.ConnectException: Conexão recusada
Caused by: java.net.ConnectException: Conexão recusada
</error>
  </testcase>
  <testcase name="testEquals[4]" classname="org.springframework.data.redis.support.collections.RedisListTests" time="0">
    <error message="Cannot get Jedis connection; nested exception is redis.clients.jedis.exceptions.JedisConnectionException: Could not get a resource from the pool" type="org.springframework.data.redis.RedisConnectionFailureException">org.springframework.data.redis.RedisConnectionFailureException: Cannot get Jedis connection; nested exception is redis.clients.jedis.exceptions.JedisConnectionException: Could not get a resource from the pool
Caused by: redis.clients.jedis.exceptions.JedisConnectionException: Could not get a resource from the pool
Caused by: redis.clients.jedis.exceptions.JedisConnectionException: java.net.ConnectException: Conexão recusada
Caused by: java.net.ConnectException: Conexão recusada
</error>
  </testcase>
  <testcase name="testGetKey[4]" classname="org.springframework.data.redis.support.collections.RedisListTests" time="0.001">
    <error message="Cannot get Jedis connection; nested exception is redis.clients.jedis.exceptions.JedisConnectionException: Could not get a resource from the pool" type="org.springframework.data.redis.RedisConnectionFailureException">org.springframework.data.redis.RedisConnectionFailureException: Cannot get Jedis connection; nested exception is redis.clients.jedis.exceptions.JedisConnectionException: Could not get a resource from the pool
Caused by: redis.clients.jedis.exceptions.JedisConnectionException: Could not get a resource from the pool
Caused by: redis.clients.jedis.exceptions.JedisConnectionException: java.net.ConnectException: Conexão recusada
Caused by: java.net.ConnectException: Conexão recusada
</error>
  </testcase>
  <testcase name="testToArrayWithGenerics[4]" classname="org.springframework.data.redis.support.collections.RedisListTests" time="0">
    <error message="Cannot get Jedis connection; nested exception is redis.clients.jedis.exceptions.JedisConnectionException: Could not get a resource from the pool" type="org.springframework.data.redis.RedisConnectionFailureException">org.springframework.data.redis.RedisConnectionFailureException: Cannot get Jedis connection; nested exception is redis.clients.jedis.exceptions.JedisConnectionException: Could not get a resource from the pool
Caused by: redis.clients.jedis.exceptions.JedisConnectionException: Could not get a resource from the pool
Caused by: redis.clients.jedis.exceptions.JedisConnectionException: java.net.ConnectException: Conexão recusada
Caused by: java.net.ConnectException: Conexão recusada
</error>
  </testcase>
  <testcase name="testToArrayWithGenerics[4]" classname="org.springframework.data.redis.support.collections.RedisListTests" time="0.001">
    <error message="Cannot get Jedis connection; nested exception is redis.clients.jedis.exceptions.JedisConnectionException: Could not get a resource from the pool" type="org.springframework.data.redis.RedisConnectionFailureException">org.springframework.data.redis.RedisConnectionFailureException: Cannot get Jedis connection; nested exception is redis.clients.jedis.exceptions.JedisConnectionException: Could not get a resource from the pool
Caused by: redis.clients.jedis.exceptions.JedisConnectionException: Could not get a resource from the pool
Caused by: redis.clients.jedis.exceptions.JedisConnectionException: java.net.ConnectException: Conexão recusada
Caused by: java.net.ConnectException: Conexão recusada
</error>
  </testcase>
  <testcase name="testIsEmpty[4]" classname="org.springframework.data.redis.support.collections.RedisListTests" time="0">
    <error message="Cannot get Jedis connection; nested exception is redis.clients.jedis.exceptions.JedisConnectionException: Could not get a resource from the pool" type="org.springframework.data.redis.RedisConnectionFailureException">org.springframework.data.redis.RedisConnectionFailureException: Cannot get Jedis connection; nested exception is redis.clients.jedis.exceptions.JedisConnectionException: Could not get a resource from the pool
Caused by: redis.clients.jedis.exceptions.JedisConnectionException: Could not get a resource from the pool
Caused by: redis.clients.jedis.exceptions.JedisConnectionException: java.net.ConnectException: Conexão recusada
Caused by: java.net.ConnectException: Conexão recusada
</error>
  </testcase>
  <testcase name="testIsEmpty[4]" classname="org.springframework.data.redis.support.collections.RedisListTests" time="0">
    <error message="Cannot get Jedis connection; nested exception is redis.clients.jedis.exceptions.JedisConnectionException: Could not get a resource from the pool" type="org.springframework.data.redis.RedisConnectionFailureException">org.springframework.data.redis.RedisConnectionFailureException: Cannot get Jedis connection; nested exception is redis.clients.jedis.exceptions.JedisConnectionException: Could not get a resource from the pool
Caused by: redis.clients.jedis.exceptions.JedisConnectionException: Could not get a resource from the pool
Caused by: redis.clients.jedis.exceptions.JedisConnectionException: java.net.ConnectException: Conexão recusada
Caused by: java.net.ConnectException: Conexão recusada
</error>
  </testcase>
  <testcase name="testIterator[4]" classname="org.springframework.data.redis.support.collections.RedisListTests" time="0.001">
    <error message="Cannot get Jedis connection; nested exception is redis.clients.jedis.exceptions.JedisConnectionException: Could not get a resource from the pool" type="org.springframework.data.redis.RedisConnectionFailureException">org.springframework.data.redis.RedisConnectionFailureException: Cannot get Jedis connection; nested exception is redis.clients.jedis.exceptions.JedisConnectionException: Could not get a resource from the pool
Caused by: redis.clients.jedis.exceptions.JedisConnectionException: Could not get a resource from the pool
Caused by: redis.clients.jedis.exceptions.JedisConnectionException: java.net.ConnectException: Conexão recusada
Caused by: java.net.ConnectException: Conexão recusada
</error>
  </testcase>
  <testcase name="testIterator[4]" classname="org.springframework.data.redis.support.collections.RedisListTests" time="0.001">
    <error message="Cannot get Jedis connection; nested exception is redis.clients.jedis.exceptions.JedisConnectionException: Could not get a resource from the pool" type="org.springframework.data.redis.RedisConnectionFailureException">org.springframework.data.redis.RedisConnectionFailureException: Cannot get Jedis connection; nested exception is redis.clients.jedis.exceptions.JedisConnectionException: Could not get a resource from the pool
Caused by: redis.clients.jedis.exceptions.JedisConnectionException: Could not get a resource from the pool
Caused by: redis.clients.jedis.exceptions.JedisConnectionException: java.net.ConnectException: Conexão recusada
Caused by: java.net.ConnectException: Conexão recusada
</error>
  </testcase>
  <testcase name="testElement[5]" classname="org.springframework.data.redis.support.collections.RedisListTests" time="0.001">
    <error message="Cannot get Jedis connection; nested exception is redis.clients.jedis.exceptions.JedisConnectionException: Could not get a resource from the pool" type="org.springframework.data.redis.RedisConnectionFailureException">org.springframework.data.redis.RedisConnectionFailureException: Cannot get Jedis connection; nested exception is redis.clients.jedis.exceptions.JedisConnectionException: Could not get a resource from the pool
Caused by: redis.clients.jedis.exceptions.JedisConnectionException: Could not get a resource from the pool
Caused by: redis.clients.jedis.exceptions.JedisConnectionException: java.net.ConnectException: Conexão recusada
Caused by: java.net.ConnectException: Conexão recusada
</error>
  </testcase>
  <testcase name="testElement[5]" classname="org.springframework.data.redis.support.collections.RedisListTests" time="0.001">
    <error message="Cannot get Jedis connection; nested exception is redis.clients.jedis.exceptions.JedisConnectionException: Could not get a resource from the pool" type="org.springframework.data.redis.RedisConnectionFailureException">org.springframework.data.redis.RedisConnectionFailureException: Cannot get Jedis connection; nested exception is redis.clients.jedis.exceptions.JedisConnectionException: Could not get a resource from the pool
Caused by: redis.clients.jedis.exceptions.JedisConnectionException: Could not get a resource from the pool
Caused by: redis.clients.jedis.exceptions.JedisConnectionException: java.net.ConnectException: Conexão recusada
Caused by: java.net.ConnectException: Conexão recusada
</error>
  </testcase>
  <testcase name="testPutFirst[5]" classname="org.springframework.data.redis.support.collections.RedisListTests" time="0.03">
    <error message="Cannot get Jedis connection; nested exception is redis.clients.jedis.exceptions.JedisConnectionException: Could not get a resource from the pool" type="org.springframework.data.redis.RedisConnectionFailureException">org.springframework.data.redis.RedisConnectionFailureException: Cannot get Jedis connection; nested exception is redis.clients.jedis.exceptions.JedisConnectionException: Could not get a resource from the pool
Caused by: redis.clients.jedis.exceptions.JedisConnectionException: Could not get a resource from the pool
Caused by: redis.clients.jedis.exceptions.JedisConnectionException: java.net.ConnectException: Conexão recusada
Caused by: java.net.ConnectException: Conexão recusada
</error>
  </testcase>
  <testcase name="testPutFirst[5]" classname="org.springframework.data.redis.support.collections.RedisListTests" time="0.03">
    <error message="Cannot get Jedis connection; nested exception is redis.clients.jedis.exceptions.JedisConnectionException: Could not get a resource from the pool" type="org.springframework.data.redis.RedisConnectionFailureException">org.springframework.data.redis.RedisConnectionFailureException: Cannot get Jedis connection; nested exception is redis.clients.jedis.exceptions.JedisConnectionException: Could not get a resource from the pool
Caused by: redis.clients.jedis.exceptions.JedisConnectionException: Could not get a resource from the pool
Caused by: redis.clients.jedis.exceptions.JedisConnectionException: java.net.ConnectException: Conexão recusada
Caused by: java.net.ConnectException: Conexão recusada
</error>
  </testcase>
  <testcase name="testPollLastTimeout[5]" classname="org.springframework.data.redis.support.collections.RedisListTests" time="0.001">
    <error message="Cannot get Jedis connection; nested exception is redis.clients.jedis.exceptions.JedisConnectionException: Could not get a resource from the pool" type="org.springframework.data.redis.RedisConnectionFailureException">org.springframework.data.redis.RedisConnectionFailureException: Cannot get Jedis connection; nested exception is redis.clients.jedis.exceptions.JedisConnectionException: Could not get a resource from the pool
Caused by: redis.clients.jedis.exceptions.JedisConnectionException: Could not get a resource from the pool
Caused by: redis.clients.jedis.exceptions.JedisConnectionException: java.net.ConnectException: Conexão recusada
Caused by: java.net.ConnectException: Conexão recusada
</error>
  </testcase>
  <testcase name="testPollLastTimeout[5]" classname="org.springframework.data.redis.support.collections.RedisListTests" time="0.002">
    <error message="Cannot get Jedis connection; nested exception is redis.clients.jedis.exceptions.JedisConnectionException: Could not get a resource from the pool" type="org.springframework.data.redis.RedisConnectionFailureException">org.springframework.data.redis.RedisConnectionFailureException: Cannot get Jedis connection; nested exception is redis.clients.jedis.exceptions.JedisConnectionException: Could not get a resource from the pool
Caused by: redis.clients.jedis.exceptions.JedisConnectionException: Could not get a resource from the pool
Caused by: redis.clients.jedis.exceptions.JedisConnectionException: java.net.ConnectException: Conexão recusada
Caused by: java.net.ConnectException: Conexão recusada
</error>
  </testcase>
  <testcase name="testPeekFirst[5]" classname="org.springframework.data.redis.support.collections.RedisListTests" time="0">
    <error message="Cannot get Jedis connection; nested exception is redis.clients.jedis.exceptions.JedisConnectionException: Could not get a resource from the pool" type="org.springframework.data.redis.RedisConnectionFailureException">org.springframework.data.redis.RedisConnectionFailureException: Cannot get Jedis connection; nested exception is redis.clients.jedis.exceptions.JedisConnectionException: Could not get a resource from the pool
Caused by: redis.clients.jedis.exceptions.JedisConnectionException: Could not get a resource from the pool
Caused by: redis.clients.jedis.exceptions.JedisConnectionException: java.net.ConnectException: Conexão recusada
Caused by: java.net.ConnectException: Conexão recusada
</error>
  </testcase>
  <testcase name="testPeekFirst[5]" classname="org.springframework.data.redis.support.collections.RedisListTests" time="0">
    <error message="Cannot get Jedis connection; nested exception is redis.clients.jedis.exceptions.JedisConnectionException: Could not get a resource from the pool" type="org.springframework.data.redis.RedisConnectionFailureException">org.springframework.data.redis.RedisConnectionFailureException: Cannot get Jedis connection; nested exception is redis.clients.jedis.exceptions.JedisConnectionException: Could not get a resource from the pool
Caused by: redis.clients.jedis.exceptions.JedisConnectionException: Could not get a resource from the pool
Caused by: redis.clients.jedis.exceptions.JedisConnectionException: java.net.ConnectException: Conexão recusada
Caused by: java.net.ConnectException: Conexão recusada
</error>
  </testcase>
  <testcase name="testOfferLast[5]" classname="org.springframework.data.redis.support.collections.RedisListTests" time="0.001">
    <error message="Cannot get Jedis connection; nested exception is redis.clients.jedis.exceptions.JedisConnectionException: Could not get a resource from the pool" type="org.springframework.data.redis.RedisConnectionFailureException">org.springframework.data.redis.RedisConnectionFailureException: Cannot get Jedis connection; nested exception is redis.clients.jedis.exceptions.JedisConnectionException: Could not get a resource from the pool
Caused by: redis.clients.jedis.exceptions.JedisConnectionException: Could not get a resource from the pool
Caused by: redis.clients.jedis.exceptions.JedisConnectionException: java.net.ConnectException: Conexão recusada
Caused by: java.net.ConnectException: Conexão recusada
</error>
  </testcase>
  <testcase name="testOfferLast[5]" classname="org.springframework.data.redis.support.collections.RedisListTests" time="0.001">
    <error message="Cannot get Jedis connection; nested exception is redis.clients.jedis.exceptions.JedisConnectionException: Could not get a resource from the pool" type="org.springframework.data.redis.RedisConnectionFailureException">org.springframework.data.redis.RedisConnectionFailureException: Cannot get Jedis connection; nested exception is redis.clients.jedis.exceptions.JedisConnectionException: Could not get a resource from the pool
Caused by: redis.clients.jedis.exceptions.JedisConnectionException: Could not get a resource from the pool
Caused by: redis.clients.jedis.exceptions.JedisConnectionException: java.net.ConnectException: Conexão recusada
Caused by: java.net.ConnectException: Conexão recusada
</error>
  </testcase>
  <testcase name="testGetFirst[5]" classname="org.springframework.data.redis.support.collections.RedisListTests" time="0.001">
    <error message="Cannot get Jedis connection; nested exception is redis.clients.jedis.exceptions.JedisConnectionException: Could not get a resource from the pool" type="org.springframework.data.redis.RedisConnectionFailureException">org.springframework.data.redis.RedisConnectionFailureException: Cannot get Jedis connection; nested exception is redis.clients.jedis.exceptions.JedisConnectionException: Could not get a resource from the pool
Caused by: redis.clients.jedis.exceptions.JedisConnectionException: Could not get a resource from the pool
Caused by: redis.clients.jedis.exceptions.JedisConnectionException: java.net.ConnectException: Conexão recusada
Caused by: java.net.ConnectException: Conexão recusada
</error>
  </testcase>
  <testcase name="testGetFirst[5]" classname="org.springframework.data.redis.support.collections.RedisListTests" time="0.001">
    <error message="Cannot get Jedis connection; nested exception is redis.clients.jedis.exceptions.JedisConnectionException: Could not get a resource from the pool" type="org.springframework.data.redis.RedisConnectionFailureException">org.springframework.data.redis.RedisConnectionFailureException: Cannot get Jedis connection; nested exception is redis.clients.jedis.exceptions.JedisConnectionException: Could not get a resource from the pool
Caused by: redis.clients.jedis.exceptions.JedisConnectionException: Could not get a resource from the pool
Caused by: redis.clients.jedis.exceptions.JedisConnectionException: java.net.ConnectException: Conexão recusada
Caused by: java.net.ConnectException: Conexão recusada
</error>
  </testcase>
  <testcase name="testAddLast[5]" classname="org.springframework.data.redis.support.collections.RedisListTests" time="0.001">
    <error message="Cannot get Jedis connection; nested exception is redis.clients.jedis.exceptions.JedisConnectionException: Could not get a resource from the pool" type="org.springframework.data.redis.RedisConnectionFailureException">org.springframework.data.redis.RedisConnectionFailureException: Cannot get Jedis connection; nested exception is redis.clients.jedis.exceptions.JedisConnectionException: Could not get a resource from the pool
Caused by: redis.clients.jedis.exceptions.JedisConnectionException: Could not get a resource from the pool
Caused by: redis.clients.jedis.exceptions.JedisConnectionException: java.net.ConnectException: Conexão recusada
Caused by: java.net.ConnectException: Conexão recusada
</error>
  </testcase>
  <testcase name="testAddLast[5]" classname="org.springframework.data.redis.support.collections.RedisListTests" time="0.001">
    <error message="Cannot get Jedis connection; nested exception is redis.clients.jedis.exceptions.JedisConnectionException: Could not get a resource from the pool" type="org.springframework.data.redis.RedisConnectionFailureException">org.springframework.data.redis.RedisConnectionFailureException: Cannot get Jedis connection; nested exception is redis.clients.jedis.exceptions.JedisConnectionException: Could not get a resource from the pool
Caused by: redis.clients.jedis.exceptions.JedisConnectionException: Could not get a resource from the pool
Caused by: redis.clients.jedis.exceptions.JedisConnectionException: java.net.ConnectException: Conexão recusada
Caused by: java.net.ConnectException: Conexão recusada
</error>
  </testcase>
  <testcase name="testPop[5]" classname="org.springframework.data.redis.support.collections.RedisListTests" time="0.001">
    <error message="Cannot get Jedis connection; nested exception is redis.clients.jedis.exceptions.JedisConnectionException: Could not get a resource from the pool" type="org.springframework.data.redis.RedisConnectionFailureException">org.springframework.data.redis.RedisConnectionFailureException: Cannot get Jedis connection; nested exception is redis.clients.jedis.exceptions.JedisConnectionException: Could not get a resource from the pool
Caused by: redis.clients.jedis.exceptions.JedisConnectionException: Could not get a resource from the pool
Caused by: redis.clients.jedis.exceptions.JedisConnectionException: java.net.ConnectException: Conexão recusada
Caused by: java.net.ConnectException: Conexão recusada
</error>
  </testcase>
  <testcase name="testPop[5]" classname="org.springframework.data.redis.support.collections.RedisListTests" time="0.001">
    <error message="Cannot get Jedis connection; nested exception is redis.clients.jedis.exceptions.JedisConnectionException: Could not get a resource from the pool" type="org.springframework.data.redis.RedisConnectionFailureException">org.springframework.data.redis.RedisConnectionFailureException: Cannot get Jedis connection; nested exception is redis.clients.jedis.exceptions.JedisConnectionException: Could not get a resource from the pool
Caused by: redis.clients.jedis.exceptions.JedisConnectionException: Could not get a resource from the pool
Caused by: redis.clients.jedis.exceptions.JedisConnectionException: java.net.ConnectException: Conexão recusada
Caused by: java.net.ConnectException: Conexão recusada
</error>
  </testcase>
  <testcase name="testPut[5]" classname="org.springframework.data.redis.support.collections.RedisListTests" time="0.001">
    <error message="Cannot get Jedis connection; nested exception is redis.clients.jedis.exceptions.JedisConnectionException: Could not get a resource from the pool" type="org.springframework.data.redis.RedisConnectionFailureException">org.springframework.data.redis.RedisConnectionFailureException: Cannot get Jedis connection; nested exception is redis.clients.jedis.exceptions.JedisConnectionException: Could not get a resource from the pool
Caused by: redis.clients.jedis.exceptions.JedisConnectionException: Could not get a resource from the pool
Caused by: redis.clients.jedis.exceptions.JedisConnectionException: java.net.ConnectException: Conexão recusada
Caused by: java.net.ConnectException: Conexão recusada
</error>
  </testcase>
  <testcase name="testPut[5]" classname="org.springframework.data.redis.support.collections.RedisListTests" time="0.001">
    <error message="Cannot get Jedis connection; nested exception is redis.clients.jedis.exceptions.JedisConnectionException: Could not get a resource from the pool" type="org.springframework.data.redis.RedisConnectionFailureException">org.springframework.data.redis.RedisConnectionFailureException: Cannot get Jedis connection; nested exception is redis.clients.jedis.exceptions.JedisConnectionException: Could not get a resource from the pool
Caused by: redis.clients.jedis.exceptions.JedisConnectionException: Could not get a resource from the pool
Caused by: redis.clients.jedis.exceptions.JedisConnectionException: java.net.ConnectException: Conexão recusada
Caused by: java.net.ConnectException: Conexão recusada
</error>
  </testcase>
  <testcase name="testSet[5]" classname="org.springframework.data.redis.support.collections.RedisListTests" time="0.001">
    <error message="Cannot get Jedis connection; nested exception is redis.clients.jedis.exceptions.JedisConnectionException: Could not get a resource from the pool" type="org.springframework.data.redis.RedisConnectionFailureException">org.springframework.data.redis.RedisConnectionFailureException: Cannot get Jedis connection; nested exception is redis.clients.jedis.exceptions.JedisConnectionException: Could not get a resource from the pool
Caused by: redis.clients.jedis.exceptions.JedisConnectionException: Could not get a resource from the pool
Caused by: redis.clients.jedis.exceptions.JedisConnectionException: java.net.ConnectException: Conexão recusada
Caused by: java.net.ConnectException: Conexão recusada
</error>
  </testcase>
  <testcase name="testSet[5]" classname="org.springframework.data.redis.support.collections.RedisListTests" time="0.001">
    <error message="Cannot get Jedis connection; nested exception is redis.clients.jedis.exceptions.JedisConnectionException: Could not get a resource from the pool" type="org.springframework.data.redis.RedisConnectionFailureException">org.springframework.data.redis.RedisConnectionFailureException: Cannot get Jedis connection; nested exception is redis.clients.jedis.exceptions.JedisConnectionException: Could not get a resource from the pool
Caused by: redis.clients.jedis.exceptions.JedisConnectionException: Could not get a resource from the pool
Caused by: redis.clients.jedis.exceptions.JedisConnectionException: java.net.ConnectException: Conexão recusada
Caused by: java.net.ConnectException: Conexão recusada
</error>
  </testcase>
  <testcase name="testOffer[5]" classname="org.springframework.data.redis.support.collections.RedisListTests" time="0.001">
    <error message="Cannot get Jedis connection; nested exception is redis.clients.jedis.exceptions.JedisConnectionException: Could not get a resource from the pool" type="org.springframework.data.redis.RedisConnectionFailureException">org.springframework.data.redis.RedisConnectionFailureException: Cannot get Jedis connection; nested exception is redis.clients.jedis.exceptions.JedisConnectionException: Could not get a resource from the pool
Caused by: redis.clients.jedis.exceptions.JedisConnectionException: Could not get a resource from the pool
Caused by: redis.clients.jedis.exceptions.JedisConnectionException: java.net.ConnectException: Conexão recusada
Caused by: java.net.ConnectException: Conexão recusada
</error>
  </testcase>
  <testcase name="testOffer[5]" classname="org.springframework.data.redis.support.collections.RedisListTests" time="0.001">
    <error message="Cannot get Jedis connection; nested exception is redis.clients.jedis.exceptions.JedisConnectionException: Could not get a resource from the pool" type="org.springframework.data.redis.RedisConnectionFailureException">org.springframework.data.redis.RedisConnectionFailureException: Cannot get Jedis connection; nested exception is redis.clients.jedis.exceptions.JedisConnectionException: Could not get a resource from the pool
Caused by: redis.clients.jedis.exceptions.JedisConnectionException: Could not get a resource from the pool
Caused by: redis.clients.jedis.exceptions.JedisConnectionException: java.net.ConnectException: Conexão recusada
Caused by: java.net.ConnectException: Conexão recusada
</error>
  </testcase>
  <testcase name="testRange[5]" classname="org.springframework.data.redis.support.collections.RedisListTests" time="0">
    <error message="Cannot get Jedis connection; nested exception is redis.clients.jedis.exceptions.JedisConnectionException: Could not get a resource from the pool" type="org.springframework.data.redis.RedisConnectionFailureException">org.springframework.data.redis.RedisConnectionFailureException: Cannot get Jedis connection; nested exception is redis.clients.jedis.exceptions.JedisConnectionException: Could not get a resource from the pool
Caused by: redis.clients.jedis.exceptions.JedisConnectionException: Could not get a resource from the pool
Caused by: redis.clients.jedis.exceptions.JedisConnectionException: java.net.ConnectException: Conexão recusada
Caused by: java.net.ConnectException: Conexão recusada
</error>
  </testcase>
  <testcase name="testRange[5]" classname="org.springframework.data.redis.support.collections.RedisListTests" time="0.001">
    <error message="Cannot get Jedis connection; nested exception is redis.clients.jedis.exceptions.JedisConnectionException: Could not get a resource from the pool" type="org.springframework.data.redis.RedisConnectionFailureException">org.springframework.data.redis.RedisConnectionFailureException: Cannot get Jedis connection; nested exception is redis.clients.jedis.exceptions.JedisConnectionException: Could not get a resource from the pool
Caused by: redis.clients.jedis.exceptions.JedisConnectionException: Could not get a resource from the pool
Caused by: redis.clients.jedis.exceptions.JedisConnectionException: java.net.ConnectException: Conexão recusada
Caused by: java.net.ConnectException: Conexão recusada
</error>
  </testcase>
  <testcase name="testLast[5]" classname="org.springframework.data.redis.support.collections.RedisListTests" time="0">
    <error message="Cannot get Jedis connection; nested exception is redis.clients.jedis.exceptions.JedisConnectionException: Could not get a resource from the pool" type="org.springframework.data.redis.RedisConnectionFailureException">org.springframework.data.redis.RedisConnectionFailureException: Cannot get Jedis connection; nested exception is redis.clients.jedis.exceptions.JedisConnectionException: Could not get a resource from the pool
Caused by: redis.clients.jedis.exceptions.JedisConnectionException: Could not get a resource from the pool
Caused by: redis.clients.jedis.exceptions.JedisConnectionException: java.net.ConnectException: Conexão recusada
Caused by: java.net.ConnectException: Conexão recusada
</error>
  </testcase>
  <testcase name="testLast[5]" classname="org.springframework.data.redis.support.collections.RedisListTests" time="0">
    <error message="Cannot get Jedis connection; nested exception is redis.clients.jedis.exceptions.JedisConnectionException: Could not get a resource from the pool" type="org.springframework.data.redis.RedisConnectionFailureException">org.springframework.data.redis.RedisConnectionFailureException: Cannot get Jedis connection; nested exception is redis.clients.jedis.exceptions.JedisConnectionException: Could not get a resource from the pool
Caused by: redis.clients.jedis.exceptions.JedisConnectionException: Could not get a resource from the pool
Caused by: redis.clients.jedis.exceptions.JedisConnectionException: java.net.ConnectException: Conexão recusada
Caused by: java.net.ConnectException: Conexão recusada
</error>
  </testcase>
  <testcase name="testPeek[5]" classname="org.springframework.data.redis.support.collections.RedisListTests" time="0.001">
    <error message="Cannot get Jedis connection; nested exception is redis.clients.jedis.exceptions.JedisConnectionException: Could not get a resource from the pool" type="org.springframework.data.redis.RedisConnectionFailureException">org.springframework.data.redis.RedisConnectionFailureException: Cannot get Jedis connection; nested exception is redis.clients.jedis.exceptions.JedisConnectionException: Could not get a resource from the pool
Caused by: redis.clients.jedis.exceptions.JedisConnectionException: Could not get a resource from the pool
Caused by: redis.clients.jedis.exceptions.JedisConnectionException: java.net.ConnectException: Conexão recusada
Caused by: java.net.ConnectException: Conexão recusada
</error>
  </testcase>
  <testcase name="testPeek[5]" classname="org.springframework.data.redis.support.collections.RedisListTests" time="0.001">
    <error message="Cannot get Jedis connection; nested exception is redis.clients.jedis.exceptions.JedisConnectionException: Could not get a resource from the pool" type="org.springframework.data.redis.RedisConnectionFailureException">org.springframework.data.redis.RedisConnectionFailureException: Cannot get Jedis connection; nested exception is redis.clients.jedis.exceptions.JedisConnectionException: Could not get a resource from the pool
Caused by: redis.clients.jedis.exceptions.JedisConnectionException: Could not get a resource from the pool
Caused by: redis.clients.jedis.exceptions.JedisConnectionException: java.net.ConnectException: Conexão recusada
Caused by: java.net.ConnectException: Conexão recusada
</error>
  </testcase>
  <testcase name="testPoll[5]" classname="org.springframework.data.redis.support.collections.RedisListTests" time="0.001">
    <error message="Cannot get Jedis connection; nested exception is redis.clients.jedis.exceptions.JedisConnectionException: Could not get a resource from the pool" type="org.springframework.data.redis.RedisConnectionFailureException">org.springframework.data.redis.RedisConnectionFailureException: Cannot get Jedis connection; nested exception is redis.clients.jedis.exceptions.JedisConnectionException: Could not get a resource from the pool
Caused by: redis.clients.jedis.exceptions.JedisConnectionException: Could not get a resource from the pool
Caused by: redis.clients.jedis.exceptions.JedisConnectionException: java.net.ConnectException: Conexão recusada
Caused by: java.net.ConnectException: Conexão recusada
</error>
  </testcase>
  <testcase name="testPoll[5]" classname="org.springframework.data.redis.support.collections.RedisListTests" time="0.001">
    <error message="Cannot get Jedis connection; nested exception is redis.clients.jedis.exceptions.JedisConnectionException: Could not get a resource from the pool" type="org.springframework.data.redis.RedisConnectionFailureException">org.springframework.data.redis.RedisConnectionFailureException: Cannot get Jedis connection; nested exception is redis.clients.jedis.exceptions.JedisConnectionException: Could not get a resource from the pool
Caused by: redis.clients.jedis.exceptions.JedisConnectionException: Could not get a resource from the pool
Caused by: redis.clients.jedis.exceptions.JedisConnectionException: java.net.ConnectException: Conexão recusada
Caused by: java.net.ConnectException: Conexão recusada
</error>
  </testcase>
  <testcase name="testTake[5]" classname="org.springframework.data.redis.support.collections.RedisListTests" time="0.001">
    <error message="Cannot get Jedis connection; nested exception is redis.clients.jedis.exceptions.JedisConnectionException: Could not get a resource from the pool" type="org.springframework.data.redis.RedisConnectionFailureException">org.springframework.data.redis.RedisConnectionFailureException: Cannot get Jedis connection; nested exception is redis.clients.jedis.exceptions.JedisConnectionException: Could not get a resource from the pool
Caused by: redis.clients.jedis.exceptions.JedisConnectionException: Could not get a resource from the pool
Caused by: redis.clients.jedis.exceptions.JedisConnectionException: java.net.ConnectException: Conexão recusada
Caused by: java.net.ConnectException: Conexão recusada
</error>
  </testcase>
  <testcase name="testTake[5]" classname="org.springframework.data.redis.support.collections.RedisListTests" time="0.001">
    <error message="Cannot get Jedis connection; nested exception is redis.clients.jedis.exceptions.JedisConnectionException: Could not get a resource from the pool" type="org.springframework.data.redis.RedisConnectionFailureException">org.springframework.data.redis.RedisConnectionFailureException: Cannot get Jedis connection; nested exception is redis.clients.jedis.exceptions.JedisConnectionException: Could not get a resource from the pool
Caused by: redis.clients.jedis.exceptions.JedisConnectionException: Could not get a resource from the pool
Caused by: redis.clients.jedis.exceptions.JedisConnectionException: java.net.ConnectException: Conexão recusada
Caused by: java.net.ConnectException: Conexão recusada
</error>
  </testcase>
  <testcase name="testTrim[5]" classname="org.springframework.data.redis.support.collections.RedisListTests" time="0">
    <error message="Cannot get Jedis connection; nested exception is redis.clients.jedis.exceptions.JedisConnectionException: Could not get a resource from the pool" type="org.springframework.data.redis.RedisConnectionFailureException">org.springframework.data.redis.RedisConnectionFailureException: Cannot get Jedis connection; nested exception is redis.clients.jedis.exceptions.JedisConnectionException: Could not get a resource from the pool
Caused by: redis.clients.jedis.exceptions.JedisConnectionException: Could not get a resource from the pool
Caused by: redis.clients.jedis.exceptions.JedisConnectionException: java.net.ConnectException: Conexão recusada
Caused by: java.net.ConnectException: Conexão recusada
</error>
  </testcase>
  <testcase name="testTrim[5]" classname="org.springframework.data.redis.support.collections.RedisListTests" time="0.001">
    <error message="Cannot get Jedis connection; nested exception is redis.clients.jedis.exceptions.JedisConnectionException: Could not get a resource from the pool" type="org.springframework.data.redis.RedisConnectionFailureException">org.springframework.data.redis.RedisConnectionFailureException: Cannot get Jedis connection; nested exception is redis.clients.jedis.exceptions.JedisConnectionException: Could not get a resource from the pool
Caused by: redis.clients.jedis.exceptions.JedisConnectionException: Could not get a resource from the pool
Caused by: redis.clients.jedis.exceptions.JedisConnectionException: java.net.ConnectException: Conexão recusada
Caused by: java.net.ConnectException: Conexão recusada
</error>
  </testcase>
  <testcase name="testDrainToCollection[5]" classname="org.springframework.data.redis.support.collections.RedisListTests" time="0">
    <error message="Cannot get Jedis connection; nested exception is redis.clients.jedis.exceptions.JedisConnectionException: Could not get a resource from the pool" type="org.springframework.data.redis.RedisConnectionFailureException">org.springframework.data.redis.RedisConnectionFailureException: Cannot get Jedis connection; nested exception is redis.clients.jedis.exceptions.JedisConnectionException: Could not get a resource from the pool
Caused by: redis.clients.jedis.exceptions.JedisConnectionException: Could not get a resource from the pool
Caused by: redis.clients.jedis.exceptions.JedisConnectionException: java.net.ConnectException: Conexão recusada
Caused by: java.net.ConnectException: Conexão recusada
</error>
  </testcase>
  <testcase name="testDrainToCollection[5]" classname="org.springframework.data.redis.support.collections.RedisListTests" time="0.001">
    <error message="Cannot get Jedis connection; nested exception is redis.clients.jedis.exceptions.JedisConnectionException: Could not get a resource from the pool" type="org.springframework.data.redis.RedisConnectionFailureException">org.springframework.data.redis.RedisConnectionFailureException: Cannot get Jedis connection; nested exception is redis.clients.jedis.exceptions.JedisConnectionException: Could not get a resource from the pool
Caused by: redis.clients.jedis.exceptions.JedisConnectionException: Could not get a resource from the pool
Caused by: redis.clients.jedis.exceptions.JedisConnectionException: java.net.ConnectException: Conexão recusada
Caused by: java.net.ConnectException: Conexão recusada
</error>
  </testcase>
  <testcase name="testRemoveFirst[5]" classname="org.springframework.data.redis.support.collections.RedisListTests" time="0">
    <error message="Cannot get Jedis connection; nested exception is redis.clients.jedis.exceptions.JedisConnectionException: Could not get a resource from the pool" type="org.springframework.data.redis.RedisConnectionFailureException">org.springframework.data.redis.RedisConnectionFailureException: Cannot get Jedis connection; nested exception is redis.clients.jedis.exceptions.JedisConnectionException: Could not get a resource from the pool
Caused by: redis.clients.jedis.exceptions.JedisConnectionException: Could not get a resource from the pool
Caused by: redis.clients.jedis.exceptions.JedisConnectionException: java.net.ConnectException: Conexão recusada
Caused by: java.net.ConnectException: Conexão recusada
</error>
  </testcase>
  <testcase name="testRemoveFirst[5]" classname="org.springframework.data.redis.support.collections.RedisListTests" time="0.001">
    <error message="Cannot get Jedis connection; nested exception is redis.clients.jedis.exceptions.JedisConnectionException: Could not get a resource from the pool" type="org.springframework.data.redis.RedisConnectionFailureException">org.springframework.data.redis.RedisConnectionFailureException: Cannot get Jedis connection; nested exception is redis.clients.jedis.exceptions.JedisConnectionException: Could not get a resource from the pool
Caused by: redis.clients.jedis.exceptions.JedisConnectionException: Could not get a resource from the pool
Caused by: redis.clients.jedis.exceptions.JedisConnectionException: java.net.ConnectException: Conexão recusada
Caused by: java.net.ConnectException: Conexão recusada
</error>
  </testcase>
  <testcase name="testRemoveIndex[5]" classname="org.springframework.data.redis.support.collections.RedisListTests" time="0">
    <error message="Cannot get Jedis connection; nested exception is redis.clients.jedis.exceptions.JedisConnectionException: Could not get a resource from the pool" type="org.springframework.data.redis.RedisConnectionFailureException">org.springframework.data.redis.RedisConnectionFailureException: Cannot get Jedis connection; nested exception is redis.clients.jedis.exceptions.JedisConnectionException: Could not get a resource from the pool
Caused by: redis.clients.jedis.exceptions.JedisConnectionException: Could not get a resource from the pool
Caused by: redis.clients.jedis.exceptions.JedisConnectionException: java.net.ConnectException: Conexão recusada
Caused by: java.net.ConnectException: Conexão recusada
</error>
  </testcase>
  <testcase name="testPutLast[5]" classname="org.springframework.data.redis.support.collections.RedisListTests" time="0.001">
    <error message="Cannot get Jedis connection; nested exception is redis.clients.jedis.exceptions.JedisConnectionException: Could not get a resource from the pool" type="org.springframework.data.redis.RedisConnectionFailureException">org.springframework.data.redis.RedisConnectionFailureException: Cannot get Jedis connection; nested exception is redis.clients.jedis.exceptions.JedisConnectionException: Could not get a resource from the pool
Caused by: redis.clients.jedis.exceptions.JedisConnectionException: Could not get a resource from the pool
Caused by: redis.clients.jedis.exceptions.JedisConnectionException: java.net.ConnectException: Conexão recusada
Caused by: java.net.ConnectException: Conexão recusada
</error>
  </testcase>
  <testcase name="testPutLast[5]" classname="org.springframework.data.redis.support.collections.RedisListTests" time="0.001">
    <error message="Cannot get Jedis connection; nested exception is redis.clients.jedis.exceptions.JedisConnectionException: Could not get a resource from the pool" type="org.springframework.data.redis.RedisConnectionFailureException">org.springframework.data.redis.RedisConnectionFailureException: Cannot get Jedis connection; nested exception is redis.clients.jedis.exceptions.JedisConnectionException: Could not get a resource from the pool
Caused by: redis.clients.jedis.exceptions.JedisConnectionException: Could not get a resource from the pool
Caused by: redis.clients.jedis.exceptions.JedisConnectionException: java.net.ConnectException: Conexão recusada
Caused by: java.net.ConnectException: Conexão recusada
</error>
  </testcase>
  <testcase name="testOfferFirst[5]" classname="org.springframework.data.redis.support.collections.RedisListTests" time="0">
    <error message="Cannot get Jedis connection; nested exception is redis.clients.jedis.exceptions.JedisConnectionException: Could not get a resource from the pool" type="org.springframework.data.redis.RedisConnectionFailureException">org.springframework.data.redis.RedisConnectionFailureException: Cannot get Jedis connection; nested exception is redis.clients.jedis.exceptions.JedisConnectionException: Could not get a resource from the pool
Caused by: redis.clients.jedis.exceptions.JedisConnectionException: Could not get a resource from the pool
Caused by: redis.clients.jedis.exceptions.JedisConnectionException: java.net.ConnectException: Conexão recusada
Caused by: java.net.ConnectException: Conexão recusada
</error>
  </testcase>
  <testcase name="testOfferFirst[5]" classname="org.springframework.data.redis.support.collections.RedisListTests" time="0.001">
    <error message="Cannot get Jedis connection; nested exception is redis.clients.jedis.exceptions.JedisConnectionException: Could not get a resource from the pool" type="org.springframework.data.redis.RedisConnectionFailureException">org.springframework.data.redis.RedisConnectionFailureException: Cannot get Jedis connection; nested exception is redis.clients.jedis.exceptions.JedisConnectionException: Could not get a resource from the pool
Caused by: redis.clients.jedis.exceptions.JedisConnectionException: Could not get a resource from the pool
Caused by: redis.clients.jedis.exceptions.JedisConnectionException: java.net.ConnectException: Conexão recusada
Caused by: java.net.ConnectException: Conexão recusada
</error>
  </testcase>
  <testcase name="testDescendingIterator[5]" classname="org.springframework.data.redis.support.collections.RedisListTests" time="0">
    <error message="Cannot get Jedis connection; nested exception is redis.clients.jedis.exceptions.JedisConnectionException: Could not get a resource from the pool" type="org.springframework.data.redis.RedisConnectionFailureException">org.springframework.data.redis.RedisConnectionFailureException: Cannot get Jedis connection; nested exception is redis.clients.jedis.exceptions.JedisConnectionException: Could not get a resource from the pool
Caused by: redis.clients.jedis.exceptions.JedisConnectionException: Could not get a resource from the pool
Caused by: redis.clients.jedis.exceptions.JedisConnectionException: java.net.ConnectException: Conexão recusada
Caused by: java.net.ConnectException: Conexão recusada
</error>
  </testcase>
  <testcase name="testDescendingIterator[5]" classname="org.springframework.data.redis.support.collections.RedisListTests" time="0.001">
    <error message="Cannot get Jedis connection; nested exception is redis.clients.jedis.exceptions.JedisConnectionException: Could not get a resource from the pool" type="org.springframework.data.redis.RedisConnectionFailureException">org.springframework.data.redis.RedisConnectionFailureException: Cannot get Jedis connection; nested exception is redis.clients.jedis.exceptions.JedisConnectionException: Could not get a resource from the pool
Caused by: redis.clients.jedis.exceptions.JedisConnectionException: Could not get a resource from the pool
Caused by: redis.clients.jedis.exceptions.JedisConnectionException: java.net.ConnectException: Conexão recusada
Caused by: java.net.ConnectException: Conexão recusada
</error>
  </testcase>
  <testcase name="testAddFirst[5]" classname="org.springframework.data.redis.support.collections.RedisListTests" time="0">
    <error message="Cannot get Jedis connection; nested exception is redis.clients.jedis.exceptions.JedisConnectionException: Could not get a resource from the pool" type="org.springframework.data.redis.RedisConnectionFailureException">org.springframework.data.redis.RedisConnectionFailureException: Cannot get Jedis connection; nested exception is redis.clients.jedis.exceptions.JedisConnectionException: Could not get a resource from the pool
Caused by: redis.clients.jedis.exceptions.JedisConnectionException: Could not get a resource from the pool
Caused by: redis.clients.jedis.exceptions.JedisConnectionException: java.net.ConnectException: Conexão recusada
Caused by: java.net.ConnectException: Conexão recusada
</error>
  </testcase>
  <testcase name="testAddFirst[5]" classname="org.springframework.data.redis.support.collections.RedisListTests" time="0">
    <error message="Cannot get Jedis connection; nested exception is redis.clients.jedis.exceptions.JedisConnectionException: Could not get a resource from the pool" type="org.springframework.data.redis.RedisConnectionFailureException">org.springframework.data.redis.RedisConnectionFailureException: Cannot get Jedis connection; nested exception is redis.clients.jedis.exceptions.JedisConnectionException: Could not get a resource from the pool
Caused by: redis.clients.jedis.exceptions.JedisConnectionException: Could not get a resource from the pool
Caused by: redis.clients.jedis.exceptions.JedisConnectionException: java.net.ConnectException: Conexão recusada
Caused by: java.net.ConnectException: Conexão recusada
</error>
  </testcase>
  <testcase name="testDrainToCollectionWithMaxElements[5]" classname="org.springframework.data.redis.support.collections.RedisListTests" time="0.001">
    <error message="Cannot get Jedis connection; nested exception is redis.clients.jedis.exceptions.JedisConnectionException: Could not get a resource from the pool" type="org.springframework.data.redis.RedisConnectionFailureException">org.springframework.data.redis.RedisConnectionFailureException: Cannot get Jedis connection; nested exception is redis.clients.jedis.exceptions.JedisConnectionException: Could not get a resource from the pool
Caused by: redis.clients.jedis.exceptions.JedisConnectionException: Could not get a resource from the pool
Caused by: redis.clients.jedis.exceptions.JedisConnectionException: java.net.ConnectException: Conexão recusada
Caused by: java.net.ConnectException: Conexão recusada
</error>
  </testcase>
  <testcase name="testDrainToCollectionWithMaxElements[5]" classname="org.springframework.data.redis.support.collections.RedisListTests" time="0.001">
    <error message="Cannot get Jedis connection; nested exception is redis.clients.jedis.exceptions.JedisConnectionException: Could not get a resource from the pool" type="org.springframework.data.redis.RedisConnectionFailureException">org.springframework.data.redis.RedisConnectionFailureException: Cannot get Jedis connection; nested exception is redis.clients.jedis.exceptions.JedisConnectionException: Could not get a resource from the pool
Caused by: redis.clients.jedis.exceptions.JedisConnectionException: Could not get a resource from the pool
Caused by: redis.clients.jedis.exceptions.JedisConnectionException: java.net.ConnectException: Conexão recusada
Caused by: java.net.ConnectException: Conexão recusada
</error>
  </testcase>
  <testcase name="testTakeLast[5]" classname="org.springframework.data.redis.support.collections.RedisListTests" time="0.002">
    <error message="Cannot get Jedis connection; nested exception is redis.clients.jedis.exceptions.JedisConnectionException: Could not get a resource from the pool" type="org.springframework.data.redis.RedisConnectionFailureException">org.springframework.data.redis.RedisConnectionFailureException: Cannot get Jedis connection; nested exception is redis.clients.jedis.exceptions.JedisConnectionException: Could not get a resource from the pool
Caused by: redis.clients.jedis.exceptions.JedisConnectionException: Could not get a resource from the pool
Caused by: redis.clients.jedis.exceptions.JedisConnectionException: java.net.ConnectException: Conexão recusada
Caused by: java.net.ConnectException: Conexão recusada
</error>
  </testcase>
  <testcase name="testTakeLast[5]" classname="org.springframework.data.redis.support.collections.RedisListTests" time="0.002">
    <error message="Cannot get Jedis connection; nested exception is redis.clients.jedis.exceptions.JedisConnectionException: Could not get a resource from the pool" type="org.springframework.data.redis.RedisConnectionFailureException">org.springframework.data.redis.RedisConnectionFailureException: Cannot get Jedis connection; nested exception is redis.clients.jedis.exceptions.JedisConnectionException: Could not get a resource from the pool
Caused by: redis.clients.jedis.exceptions.JedisConnectionException: Could not get a resource from the pool
Caused by: redis.clients.jedis.exceptions.JedisConnectionException: java.net.ConnectException: Conexão recusada
Caused by: java.net.ConnectException: Conexão recusada
</error>
  </testcase>
  <testcase name="testRemainingCapacity[5]" classname="org.springframework.data.redis.support.collections.RedisListTests" time="0.001">
    <error message="Cannot get Jedis connection; nested exception is redis.clients.jedis.exceptions.JedisConnectionException: Could not get a resource from the pool" type="org.springframework.data.redis.RedisConnectionFailureException">org.springframework.data.redis.RedisConnectionFailureException: Cannot get Jedis connection; nested exception is redis.clients.jedis.exceptions.JedisConnectionException: Could not get a resource from the pool
Caused by: redis.clients.jedis.exceptions.JedisConnectionException: Could not get a resource from the pool
Caused by: redis.clients.jedis.exceptions.JedisConnectionException: java.net.ConnectException: Conexão recusada
Caused by: java.net.ConnectException: Conexão recusada
</error>
  </testcase>
  <testcase name="testRemoveLast[5]" classname="org.springframework.data.redis.support.collections.RedisListTests" time="0">
    <error message="Cannot get Jedis connection; nested exception is redis.clients.jedis.exceptions.JedisConnectionException: Could not get a resource from the pool" type="org.springframework.data.redis.RedisConnectionFailureException">org.springframework.data.redis.RedisConnectionFailureException: Cannot get Jedis connection; nested exception is redis.clients.jedis.exceptions.JedisConnectionException: Could not get a resource from the pool
Caused by: redis.clients.jedis.exceptions.JedisConnectionException: Could not get a resource from the pool
Caused by: redis.clients.jedis.exceptions.JedisConnectionException: java.net.ConnectException: Conexão recusada
Caused by: java.net.ConnectException: Conexão recusada
</error>
  </testcase>
  <testcase name="testRemoveLast[5]" classname="org.springframework.data.redis.support.collections.RedisListTests" time="0.001">
    <error message="Cannot get Jedis connection; nested exception is redis.clients.jedis.exceptions.JedisConnectionException: Could not get a resource from the pool" type="org.springframework.data.redis.RedisConnectionFailureException">org.springframework.data.redis.RedisConnectionFailureException: Cannot get Jedis connection; nested exception is redis.clients.jedis.exceptions.JedisConnectionException: Could not get a resource from the pool
Caused by: redis.clients.jedis.exceptions.JedisConnectionException: Could not get a resource from the pool
Caused by: redis.clients.jedis.exceptions.JedisConnectionException: java.net.ConnectException: Conexão recusada
Caused by: java.net.ConnectException: Conexão recusada
</error>
  </testcase>
  <testcase name="testAddIndexObjectHead[5]" classname="org.springframework.data.redis.support.collections.RedisListTests" time="0">
    <error message="Cannot get Jedis connection; nested exception is redis.clients.jedis.exceptions.JedisConnectionException: Could not get a resource from the pool" type="org.springframework.data.redis.RedisConnectionFailureException">org.springframework.data.redis.RedisConnectionFailureException: Cannot get Jedis connection; nested exception is redis.clients.jedis.exceptions.JedisConnectionException: Could not get a resource from the pool
Caused by: redis.clients.jedis.exceptions.JedisConnectionException: Could not get a resource from the pool
Caused by: redis.clients.jedis.exceptions.JedisConnectionException: java.net.ConnectException: Conexão recusada
Caused by: java.net.ConnectException: Conexão recusada
</error>
  </testcase>
  <testcase name="testAddIndexObjectHead[5]" classname="org.springframework.data.redis.support.collections.RedisListTests" time="0">
    <error message="Cannot get Jedis connection; nested exception is redis.clients.jedis.exceptions.JedisConnectionException: Could not get a resource from the pool" type="org.springframework.data.redis.RedisConnectionFailureException">org.springframework.data.redis.RedisConnectionFailureException: Cannot get Jedis connection; nested exception is redis.clients.jedis.exceptions.JedisConnectionException: Could not get a resource from the pool
Caused by: redis.clients.jedis.exceptions.JedisConnectionException: Could not get a resource from the pool
Caused by: redis.clients.jedis.exceptions.JedisConnectionException: java.net.ConnectException: Conexão recusada
Caused by: java.net.ConnectException: Conexão recusada
</error>
  </testcase>
  <testcase name="testAddIndexObjectTail[5]" classname="org.springframework.data.redis.support.collections.RedisListTests" time="0.001">
    <error message="Cannot get Jedis connection; nested exception is redis.clients.jedis.exceptions.JedisConnectionException: Could not get a resource from the pool" type="org.springframework.data.redis.RedisConnectionFailureException">org.springframework.data.redis.RedisConnectionFailureException: Cannot get Jedis connection; nested exception is redis.clients.jedis.exceptions.JedisConnectionException: Could not get a resource from the pool
Caused by: redis.clients.jedis.exceptions.JedisConnectionException: Could not get a resource from the pool
Caused by: redis.clients.jedis.exceptions.JedisConnectionException: java.net.ConnectException: Conexão recusada
Caused by: java.net.ConnectException: Conexão recusada
</error>
  </testcase>
  <testcase name="testAddIndexObjectTail[5]" classname="org.springframework.data.redis.support.collections.RedisListTests" time="0.001">
    <error message="Cannot get Jedis connection; nested exception is redis.clients.jedis.exceptions.JedisConnectionException: Could not get a resource from the pool" type="org.springframework.data.redis.RedisConnectionFailureException">org.springframework.data.redis.RedisConnectionFailureException: Cannot get Jedis connection; nested exception is redis.clients.jedis.exceptions.JedisConnectionException: Could not get a resource from the pool
Caused by: redis.clients.jedis.exceptions.JedisConnectionException: Could not get a resource from the pool
Caused by: redis.clients.jedis.exceptions.JedisConnectionException: java.net.ConnectException: Conexão recusada
Caused by: java.net.ConnectException: Conexão recusada
</error>
  </testcase>
  <testcase name="testPollFirst[5]" classname="org.springframework.data.redis.support.collections.RedisListTests" time="0.001">
    <error message="Cannot get Jedis connection; nested exception is redis.clients.jedis.exceptions.JedisConnectionException: Could not get a resource from the pool" type="org.springframework.data.redis.RedisConnectionFailureException">org.springframework.data.redis.RedisConnectionFailureException: Cannot get Jedis connection; nested exception is redis.clients.jedis.exceptions.JedisConnectionException: Could not get a resource from the pool
Caused by: redis.clients.jedis.exceptions.JedisConnectionException: Could not get a resource from the pool
Caused by: redis.clients.jedis.exceptions.JedisConnectionException: java.net.ConnectException: Conexão recusada
Caused by: java.net.ConnectException: Conexão recusada
</error>
  </testcase>
  <testcase name="testPollFirst[5]" classname="org.springframework.data.redis.support.collections.RedisListTests" time="0.001">
    <error message="Cannot get Jedis connection; nested exception is redis.clients.jedis.exceptions.JedisConnectionException: Could not get a resource from the pool" type="org.springframework.data.redis.RedisConnectionFailureException">org.springframework.data.redis.RedisConnectionFailureException: Cannot get Jedis connection; nested exception is redis.clients.jedis.exceptions.JedisConnectionException: Could not get a resource from the pool
Caused by: redis.clients.jedis.exceptions.JedisConnectionException: Could not get a resource from the pool
Caused by: redis.clients.jedis.exceptions.JedisConnectionException: java.net.ConnectException: Conexão recusada
Caused by: java.net.ConnectException: Conexão recusada
</error>
  </testcase>
  <testcase name="testAddIndexObjectMiddle[5]" classname="org.springframework.data.redis.support.collections.RedisListTests" time="0.001">
    <error message="Unexpected exception, expected&lt;java.lang.IllegalArgumentException&gt; but was&lt;org.springframework.data.redis.RedisConnectionFailureException&gt;" type="java.lang.Exception"><![CDATA[java.lang.Exception: Unexpected exception, expected<java.lang.IllegalArgumentException> but was<org.springframework.data.redis.RedisConnectionFailureException>
Caused by: org.springframework.data.redis.RedisConnectionFailureException: Cannot get Jedis connection; nested exception is redis.clients.jedis.exceptions.JedisConnectionException: Could not get a resource from the pool
Caused by: redis.clients.jedis.exceptions.JedisConnectionException: Could not get a resource from the pool
Caused by: redis.clients.jedis.exceptions.JedisConnectionException: java.net.ConnectException: Conexão recusada
Caused by: java.net.ConnectException: Conexão recusada
]]></error>
  </testcase>
  <testcase name="testAddIndexObjectMiddle[5]" classname="org.springframework.data.redis.support.collections.RedisListTests" time="0.001">
    <error message="Cannot get Jedis connection; nested exception is redis.clients.jedis.exceptions.JedisConnectionException: Could not get a resource from the pool" type="org.springframework.data.redis.RedisConnectionFailureException">org.springframework.data.redis.RedisConnectionFailureException: Cannot get Jedis connection; nested exception is redis.clients.jedis.exceptions.JedisConnectionException: Could not get a resource from the pool
Caused by: redis.clients.jedis.exceptions.JedisConnectionException: Could not get a resource from the pool
Caused by: redis.clients.jedis.exceptions.JedisConnectionException: java.net.ConnectException: Conexão recusada
Caused by: java.net.ConnectException: Conexão recusada
</error>
  </testcase>
  <testcase name="testPeekLast[5]" classname="org.springframework.data.redis.support.collections.RedisListTests" time="0">
    <error message="Cannot get Jedis connection; nested exception is redis.clients.jedis.exceptions.JedisConnectionException: Could not get a resource from the pool" type="org.springframework.data.redis.RedisConnectionFailureException">org.springframework.data.redis.RedisConnectionFailureException: Cannot get Jedis connection; nested exception is redis.clients.jedis.exceptions.JedisConnectionException: Could not get a resource from the pool
Caused by: redis.clients.jedis.exceptions.JedisConnectionException: Could not get a resource from the pool
Caused by: redis.clients.jedis.exceptions.JedisConnectionException: java.net.ConnectException: Conexão recusada
Caused by: java.net.ConnectException: Conexão recusada
</error>
  </testcase>
  <testcase name="testPeekLast[5]" classname="org.springframework.data.redis.support.collections.RedisListTests" time="0.001">
    <error message="Cannot get Jedis connection; nested exception is redis.clients.jedis.exceptions.JedisConnectionException: Could not get a resource from the pool" type="org.springframework.data.redis.RedisConnectionFailureException">org.springframework.data.redis.RedisConnectionFailureException: Cannot get Jedis connection; nested exception is redis.clients.jedis.exceptions.JedisConnectionException: Could not get a resource from the pool
Caused by: redis.clients.jedis.exceptions.JedisConnectionException: Could not get a resource from the pool
Caused by: redis.clients.jedis.exceptions.JedisConnectionException: java.net.ConnectException: Conexão recusada
Caused by: java.net.ConnectException: Conexão recusada
</error>
  </testcase>
  <testcase name="testRemoveFirstOccurrence[5]" classname="org.springframework.data.redis.support.collections.RedisListTests" time="0">
    <error message="Cannot get Jedis connection; nested exception is redis.clients.jedis.exceptions.JedisConnectionException: Could not get a resource from the pool" type="org.springframework.data.redis.RedisConnectionFailureException">org.springframework.data.redis.RedisConnectionFailureException: Cannot get Jedis connection; nested exception is redis.clients.jedis.exceptions.JedisConnectionException: Could not get a resource from the pool
Caused by: redis.clients.jedis.exceptions.JedisConnectionException: Could not get a resource from the pool
Caused by: redis.clients.jedis.exceptions.JedisConnectionException: java.net.ConnectException: Conexão recusada
Caused by: java.net.ConnectException: Conexão recusada
</error>
  </testcase>
  <testcase name="testRemoveFirstOccurrence[5]" classname="org.springframework.data.redis.support.collections.RedisListTests" time="0">
    <error message="Cannot get Jedis connection; nested exception is redis.clients.jedis.exceptions.JedisConnectionException: Could not get a resource from the pool" type="org.springframework.data.redis.RedisConnectionFailureException">org.springframework.data.redis.RedisConnectionFailureException: Cannot get Jedis connection; nested exception is redis.clients.jedis.exceptions.JedisConnectionException: Could not get a resource from the pool
Caused by: redis.clients.jedis.exceptions.JedisConnectionException: Could not get a resource from the pool
Caused by: redis.clients.jedis.exceptions.JedisConnectionException: java.net.ConnectException: Conexão recusada
Caused by: java.net.ConnectException: Conexão recusada
</error>
  </testcase>
  <testcase name="addAllIndexCollectionHead[5]" classname="org.springframework.data.redis.support.collections.RedisListTests" time="0.001">
    <error message="Cannot get Jedis connection; nested exception is redis.clients.jedis.exceptions.JedisConnectionException: Could not get a resource from the pool" type="org.springframework.data.redis.RedisConnectionFailureException">org.springframework.data.redis.RedisConnectionFailureException: Cannot get Jedis connection; nested exception is redis.clients.jedis.exceptions.JedisConnectionException: Could not get a resource from the pool
Caused by: redis.clients.jedis.exceptions.JedisConnectionException: Could not get a resource from the pool
Caused by: redis.clients.jedis.exceptions.JedisConnectionException: java.net.ConnectException: Conexão recusada
Caused by: java.net.ConnectException: Conexão recusada
</error>
  </testcase>
  <testcase name="addAllIndexCollectionHead[5]" classname="org.springframework.data.redis.support.collections.RedisListTests" time="0.001">
    <error message="Cannot get Jedis connection; nested exception is redis.clients.jedis.exceptions.JedisConnectionException: Could not get a resource from the pool" type="org.springframework.data.redis.RedisConnectionFailureException">org.springframework.data.redis.RedisConnectionFailureException: Cannot get Jedis connection; nested exception is redis.clients.jedis.exceptions.JedisConnectionException: Could not get a resource from the pool
Caused by: redis.clients.jedis.exceptions.JedisConnectionException: Could not get a resource from the pool
Caused by: redis.clients.jedis.exceptions.JedisConnectionException: java.net.ConnectException: Conexão recusada
Caused by: java.net.ConnectException: Conexão recusada
</error>
  </testcase>
  <testcase name="addAllIndexCollectionTail[5]" classname="org.springframework.data.redis.support.collections.RedisListTests" time="0.001">
    <error message="Cannot get Jedis connection; nested exception is redis.clients.jedis.exceptions.JedisConnectionException: Could not get a resource from the pool" type="org.springframework.data.redis.RedisConnectionFailureException">org.springframework.data.redis.RedisConnectionFailureException: Cannot get Jedis connection; nested exception is redis.clients.jedis.exceptions.JedisConnectionException: Could not get a resource from the pool
Caused by: redis.clients.jedis.exceptions.JedisConnectionException: Could not get a resource from the pool
Caused by: redis.clients.jedis.exceptions.JedisConnectionException: java.net.ConnectException: Conexão recusada
Caused by: java.net.ConnectException: Conexão recusada
</error>
  </testcase>
  <testcase name="addAllIndexCollectionTail[5]" classname="org.springframework.data.redis.support.collections.RedisListTests" time="0.001">
    <error message="Cannot get Jedis connection; nested exception is redis.clients.jedis.exceptions.JedisConnectionException: Could not get a resource from the pool" type="org.springframework.data.redis.RedisConnectionFailureException">org.springframework.data.redis.RedisConnectionFailureException: Cannot get Jedis connection; nested exception is redis.clients.jedis.exceptions.JedisConnectionException: Could not get a resource from the pool
Caused by: redis.clients.jedis.exceptions.JedisConnectionException: Could not get a resource from the pool
Caused by: redis.clients.jedis.exceptions.JedisConnectionException: java.net.ConnectException: Conexão recusada
Caused by: java.net.ConnectException: Conexão recusada
</error>
  </testcase>
  <testcase name="addAllIndexCollectionMiddle[5]" classname="org.springframework.data.redis.support.collections.RedisListTests" time="0.001">
    <error message="Unexpected exception, expected&lt;java.lang.IllegalArgumentException&gt; but was&lt;org.springframework.data.redis.RedisConnectionFailureException&gt;" type="java.lang.Exception"><![CDATA[java.lang.Exception: Unexpected exception, expected<java.lang.IllegalArgumentException> but was<org.springframework.data.redis.RedisConnectionFailureException>
Caused by: org.springframework.data.redis.RedisConnectionFailureException: Cannot get Jedis connection; nested exception is redis.clients.jedis.exceptions.JedisConnectionException: Could not get a resource from the pool
Caused by: redis.clients.jedis.exceptions.JedisConnectionException: Could not get a resource from the pool
Caused by: redis.clients.jedis.exceptions.JedisConnectionException: java.net.ConnectException: Conexão recusada
Caused by: java.net.ConnectException: Conexão recusada
]]></error>
  </testcase>
  <testcase name="addAllIndexCollectionMiddle[5]" classname="org.springframework.data.redis.support.collections.RedisListTests" time="0.001">
    <error message="Cannot get Jedis connection; nested exception is redis.clients.jedis.exceptions.JedisConnectionException: Could not get a resource from the pool" type="org.springframework.data.redis.RedisConnectionFailureException">org.springframework.data.redis.RedisConnectionFailureException: Cannot get Jedis connection; nested exception is redis.clients.jedis.exceptions.JedisConnectionException: Could not get a resource from the pool
Caused by: redis.clients.jedis.exceptions.JedisConnectionException: Could not get a resource from the pool
Caused by: redis.clients.jedis.exceptions.JedisConnectionException: java.net.ConnectException: Conexão recusada
Caused by: java.net.ConnectException: Conexão recusada
</error>
  </testcase>
  <testcase name="testPollLast[5]" classname="org.springframework.data.redis.support.collections.RedisListTests" time="0.001">
    <error message="Cannot get Jedis connection; nested exception is redis.clients.jedis.exceptions.JedisConnectionException: Could not get a resource from the pool" type="org.springframework.data.redis.RedisConnectionFailureException">org.springframework.data.redis.RedisConnectionFailureException: Cannot get Jedis connection; nested exception is redis.clients.jedis.exceptions.JedisConnectionException: Could not get a resource from the pool
Caused by: redis.clients.jedis.exceptions.JedisConnectionException: Could not get a resource from the pool
Caused by: redis.clients.jedis.exceptions.JedisConnectionException: java.net.ConnectException: Conexão recusada
Caused by: java.net.ConnectException: Conexão recusada
</error>
  </testcase>
  <testcase name="testPollLast[5]" classname="org.springframework.data.redis.support.collections.RedisListTests" time="0.001">
    <error message="Cannot get Jedis connection; nested exception is redis.clients.jedis.exceptions.JedisConnectionException: Could not get a resource from the pool" type="org.springframework.data.redis.RedisConnectionFailureException">org.springframework.data.redis.RedisConnectionFailureException: Cannot get Jedis connection; nested exception is redis.clients.jedis.exceptions.JedisConnectionException: Could not get a resource from the pool
Caused by: redis.clients.jedis.exceptions.JedisConnectionException: Could not get a resource from the pool
Caused by: redis.clients.jedis.exceptions.JedisConnectionException: java.net.ConnectException: Conexão recusada
Caused by: java.net.ConnectException: Conexão recusada
</error>
  </testcase>
  <testcase name="testIndexOfObject[5]" classname="org.springframework.data.redis.support.collections.RedisListTests" time="0">
    <error message="Cannot get Jedis connection; nested exception is redis.clients.jedis.exceptions.JedisConnectionException: Could not get a resource from the pool" type="org.springframework.data.redis.RedisConnectionFailureException">org.springframework.data.redis.RedisConnectionFailureException: Cannot get Jedis connection; nested exception is redis.clients.jedis.exceptions.JedisConnectionException: Could not get a resource from the pool
Caused by: redis.clients.jedis.exceptions.JedisConnectionException: Could not get a resource from the pool
Caused by: redis.clients.jedis.exceptions.JedisConnectionException: java.net.ConnectException: Conexão recusada
Caused by: java.net.ConnectException: Conexão recusada
</error>
  </testcase>
  <testcase name="testPollTimeout[5]" classname="org.springframework.data.redis.support.collections.RedisListTests" time="0">
    <error message="Cannot get Jedis connection; nested exception is redis.clients.jedis.exceptions.JedisConnectionException: Could not get a resource from the pool" type="org.springframework.data.redis.RedisConnectionFailureException">org.springframework.data.redis.RedisConnectionFailureException: Cannot get Jedis connection; nested exception is redis.clients.jedis.exceptions.JedisConnectionException: Could not get a resource from the pool
Caused by: redis.clients.jedis.exceptions.JedisConnectionException: Could not get a resource from the pool
Caused by: redis.clients.jedis.exceptions.JedisConnectionException: java.net.ConnectException: Conexão recusada
Caused by: java.net.ConnectException: Conexão recusada
</error>
  </testcase>
  <testcase name="testPollTimeout[5]" classname="org.springframework.data.redis.support.collections.RedisListTests" time="0">
    <error message="Cannot get Jedis connection; nested exception is redis.clients.jedis.exceptions.JedisConnectionException: Could not get a resource from the pool" type="org.springframework.data.redis.RedisConnectionFailureException">org.springframework.data.redis.RedisConnectionFailureException: Cannot get Jedis connection; nested exception is redis.clients.jedis.exceptions.JedisConnectionException: Could not get a resource from the pool
Caused by: redis.clients.jedis.exceptions.JedisConnectionException: Could not get a resource from the pool
Caused by: redis.clients.jedis.exceptions.JedisConnectionException: java.net.ConnectException: Conexão recusada
Caused by: java.net.ConnectException: Conexão recusada
</error>
  </testcase>
  <testcase name="testRemove[5]" classname="org.springframework.data.redis.support.collections.RedisListTests" time="0.001">
    <error message="Cannot get Jedis connection; nested exception is redis.clients.jedis.exceptions.JedisConnectionException: Could not get a resource from the pool" type="org.springframework.data.redis.RedisConnectionFailureException">org.springframework.data.redis.RedisConnectionFailureException: Cannot get Jedis connection; nested exception is redis.clients.jedis.exceptions.JedisConnectionException: Could not get a resource from the pool
Caused by: redis.clients.jedis.exceptions.JedisConnectionException: Could not get a resource from the pool
Caused by: redis.clients.jedis.exceptions.JedisConnectionException: java.net.ConnectException: Conexão recusada
Caused by: java.net.ConnectException: Conexão recusada
</error>
  </testcase>
  <testcase name="testRemove[5]" classname="org.springframework.data.redis.support.collections.RedisListTests" time="0.001">
    <error message="Cannot get Jedis connection; nested exception is redis.clients.jedis.exceptions.JedisConnectionException: Could not get a resource from the pool" type="org.springframework.data.redis.RedisConnectionFailureException">org.springframework.data.redis.RedisConnectionFailureException: Cannot get Jedis connection; nested exception is redis.clients.jedis.exceptions.JedisConnectionException: Could not get a resource from the pool
Caused by: redis.clients.jedis.exceptions.JedisConnectionException: Could not get a resource from the pool
Caused by: redis.clients.jedis.exceptions.JedisConnectionException: java.net.ConnectException: Conexão recusada
Caused by: java.net.ConnectException: Conexão recusada
</error>
  </testcase>
  <testcase name="testCappedCollection[5]" classname="org.springframework.data.redis.support.collections.RedisListTests" time="0.001">
    <error message="Cannot get Jedis connection; nested exception is redis.clients.jedis.exceptions.JedisConnectionException: Could not get a resource from the pool" type="org.springframework.data.redis.RedisConnectionFailureException">org.springframework.data.redis.RedisConnectionFailureException: Cannot get Jedis connection; nested exception is redis.clients.jedis.exceptions.JedisConnectionException: Could not get a resource from the pool
Caused by: redis.clients.jedis.exceptions.JedisConnectionException: Could not get a resource from the pool
Caused by: redis.clients.jedis.exceptions.JedisConnectionException: java.net.ConnectException: Conexão recusada
Caused by: java.net.ConnectException: Conexão recusada
</error>
  </testcase>
  <testcase name="testCappedCollection[5]" classname="org.springframework.data.redis.support.collections.RedisListTests" time="0.001">
    <error message="Cannot get Jedis connection; nested exception is redis.clients.jedis.exceptions.JedisConnectionException: Could not get a resource from the pool" type="org.springframework.data.redis.RedisConnectionFailureException">org.springframework.data.redis.RedisConnectionFailureException: Cannot get Jedis connection; nested exception is redis.clients.jedis.exceptions.JedisConnectionException: Could not get a resource from the pool
Caused by: redis.clients.jedis.exceptions.JedisConnectionException: Could not get a resource from the pool
Caused by: redis.clients.jedis.exceptions.JedisConnectionException: java.net.ConnectException: Conexão recusada
Caused by: java.net.ConnectException: Conexão recusada
</error>
  </testcase>
  <testcase name="testRmoveLastOccurrence[5]" classname="org.springframework.data.redis.support.collections.RedisListTests" time="0.001">
    <error message="Cannot get Jedis connection; nested exception is redis.clients.jedis.exceptions.JedisConnectionException: Could not get a resource from the pool" type="org.springframework.data.redis.RedisConnectionFailureException">org.springframework.data.redis.RedisConnectionFailureException: Cannot get Jedis connection; nested exception is redis.clients.jedis.exceptions.JedisConnectionException: Could not get a resource from the pool
Caused by: redis.clients.jedis.exceptions.JedisConnectionException: Could not get a resource from the pool
Caused by: redis.clients.jedis.exceptions.JedisConnectionException: java.net.ConnectException: Conexão recusada
Caused by: java.net.ConnectException: Conexão recusada
</error>
  </testcase>
  <testcase name="testRmoveLastOccurrence[5]" classname="org.springframework.data.redis.support.collections.RedisListTests" time="0.001">
    <error message="Cannot get Jedis connection; nested exception is redis.clients.jedis.exceptions.JedisConnectionException: Could not get a resource from the pool" type="org.springframework.data.redis.RedisConnectionFailureException">org.springframework.data.redis.RedisConnectionFailureException: Cannot get Jedis connection; nested exception is redis.clients.jedis.exceptions.JedisConnectionException: Could not get a resource from the pool
Caused by: redis.clients.jedis.exceptions.JedisConnectionException: Could not get a resource from the pool
Caused by: redis.clients.jedis.exceptions.JedisConnectionException: java.net.ConnectException: Conexão recusada
Caused by: java.net.ConnectException: Conexão recusada
</error>
  </testcase>
  <testcase name="testTakeFirst[5]" classname="org.springframework.data.redis.support.collections.RedisListTests" time="0">
    <error message="Cannot get Jedis connection; nested exception is redis.clients.jedis.exceptions.JedisConnectionException: Could not get a resource from the pool" type="org.springframework.data.redis.RedisConnectionFailureException">org.springframework.data.redis.RedisConnectionFailureException: Cannot get Jedis connection; nested exception is redis.clients.jedis.exceptions.JedisConnectionException: Could not get a resource from the pool
Caused by: redis.clients.jedis.exceptions.JedisConnectionException: Could not get a resource from the pool
Caused by: redis.clients.jedis.exceptions.JedisConnectionException: java.net.ConnectException: Conexão recusada
Caused by: java.net.ConnectException: Conexão recusada
</error>
  </testcase>
  <testcase name="testTakeFirst[5]" classname="org.springframework.data.redis.support.collections.RedisListTests" time="0.001">
    <error message="Cannot get Jedis connection; nested exception is redis.clients.jedis.exceptions.JedisConnectionException: Could not get a resource from the pool" type="org.springframework.data.redis.RedisConnectionFailureException">org.springframework.data.redis.RedisConnectionFailureException: Cannot get Jedis connection; nested exception is redis.clients.jedis.exceptions.JedisConnectionException: Could not get a resource from the pool
Caused by: redis.clients.jedis.exceptions.JedisConnectionException: Could not get a resource from the pool
Caused by: redis.clients.jedis.exceptions.JedisConnectionException: java.net.ConnectException: Conexão recusada
Caused by: java.net.ConnectException: Conexão recusada
</error>
  </testcase>
  <testcase name="testContainsObject[5]" classname="org.springframework.data.redis.support.collections.RedisListTests" time="0">
    <error message="Cannot get Jedis connection; nested exception is redis.clients.jedis.exceptions.JedisConnectionException: Could not get a resource from the pool" type="org.springframework.data.redis.RedisConnectionFailureException">org.springframework.data.redis.RedisConnectionFailureException: Cannot get Jedis connection; nested exception is redis.clients.jedis.exceptions.JedisConnectionException: Could not get a resource from the pool
Caused by: redis.clients.jedis.exceptions.JedisConnectionException: Could not get a resource from the pool
Caused by: redis.clients.jedis.exceptions.JedisConnectionException: java.net.ConnectException: Conexão recusada
Caused by: java.net.ConnectException: Conexão recusada
</error>
  </testcase>
  <testcase name="testContainsObject[5]" classname="org.springframework.data.redis.support.collections.RedisListTests" time="0">
    <error message="Cannot get Jedis connection; nested exception is redis.clients.jedis.exceptions.JedisConnectionException: Could not get a resource from the pool" type="org.springframework.data.redis.RedisConnectionFailureException">org.springframework.data.redis.RedisConnectionFailureException: Cannot get Jedis connection; nested exception is redis.clients.jedis.exceptions.JedisConnectionException: Could not get a resource from the pool
Caused by: redis.clients.jedis.exceptions.JedisConnectionException: Could not get a resource from the pool
Caused by: redis.clients.jedis.exceptions.JedisConnectionException: java.net.ConnectException: Conexão recusada
Caused by: java.net.ConnectException: Conexão recusada
</error>
  </testcase>
  <testcase name="testToArray[5]" classname="org.springframework.data.redis.support.collections.RedisListTests" time="0.001">
    <error message="Cannot get Jedis connection; nested exception is redis.clients.jedis.exceptions.JedisConnectionException: Could not get a resource from the pool" type="org.springframework.data.redis.RedisConnectionFailureException">org.springframework.data.redis.RedisConnectionFailureException: Cannot get Jedis connection; nested exception is redis.clients.jedis.exceptions.JedisConnectionException: Could not get a resource from the pool
Caused by: redis.clients.jedis.exceptions.JedisConnectionException: Could not get a resource from the pool
Caused by: redis.clients.jedis.exceptions.JedisConnectionException: java.net.ConnectException: Conexão recusada
Caused by: java.net.ConnectException: Conexão recusada
</error>
  </testcase>
  <testcase name="testToArray[5]" classname="org.springframework.data.redis.support.collections.RedisListTests" time="0.001">
    <error message="Cannot get Jedis connection; nested exception is redis.clients.jedis.exceptions.JedisConnectionException: Could not get a resource from the pool" type="org.springframework.data.redis.RedisConnectionFailureException">org.springframework.data.redis.RedisConnectionFailureException: Cannot get Jedis connection; nested exception is redis.clients.jedis.exceptions.JedisConnectionException: Could not get a resource from the pool
Caused by: redis.clients.jedis.exceptions.JedisConnectionException: Could not get a resource from the pool
Caused by: redis.clients.jedis.exceptions.JedisConnectionException: java.net.ConnectException: Conexão recusada
Caused by: java.net.ConnectException: Conexão recusada
</error>
  </testcase>
  <testcase name="testAdd[5]" classname="org.springframework.data.redis.support.collections.RedisListTests" time="0.001">
    <error message="Cannot get Jedis connection; nested exception is redis.clients.jedis.exceptions.JedisConnectionException: Could not get a resource from the pool" type="org.springframework.data.redis.RedisConnectionFailureException">org.springframework.data.redis.RedisConnectionFailureException: Cannot get Jedis connection; nested exception is redis.clients.jedis.exceptions.JedisConnectionException: Could not get a resource from the pool
Caused by: redis.clients.jedis.exceptions.JedisConnectionException: Could not get a resource from the pool
Caused by: redis.clients.jedis.exceptions.JedisConnectionException: java.net.ConnectException: Conexão recusada
Caused by: java.net.ConnectException: Conexão recusada
</error>
  </testcase>
  <testcase name="testAdd[5]" classname="org.springframework.data.redis.support.collections.RedisListTests" time="0.001">
    <error message="Cannot get Jedis connection; nested exception is redis.clients.jedis.exceptions.JedisConnectionException: Could not get a resource from the pool" type="org.springframework.data.redis.RedisConnectionFailureException">org.springframework.data.redis.RedisConnectionFailureException: Cannot get Jedis connection; nested exception is redis.clients.jedis.exceptions.JedisConnectionException: Could not get a resource from the pool
Caused by: redis.clients.jedis.exceptions.JedisConnectionException: Could not get a resource from the pool
Caused by: redis.clients.jedis.exceptions.JedisConnectionException: java.net.ConnectException: Conexão recusada
Caused by: java.net.ConnectException: Conexão recusada
</error>
  </testcase>
  <testcase name="testClear[5]" classname="org.springframework.data.redis.support.collections.RedisListTests" time="0.001">
    <error message="Cannot get Jedis connection; nested exception is redis.clients.jedis.exceptions.JedisConnectionException: Could not get a resource from the pool" type="org.springframework.data.redis.RedisConnectionFailureException">org.springframework.data.redis.RedisConnectionFailureException: Cannot get Jedis connection; nested exception is redis.clients.jedis.exceptions.JedisConnectionException: Could not get a resource from the pool
Caused by: redis.clients.jedis.exceptions.JedisConnectionException: Could not get a resource from the pool
Caused by: redis.clients.jedis.exceptions.JedisConnectionException: java.net.ConnectException: Conexão recusada
Caused by: java.net.ConnectException: Conexão recusada
</error>
  </testcase>
  <testcase name="testClear[5]" classname="org.springframework.data.redis.support.collections.RedisListTests" time="0.001">
    <error message="Cannot get Jedis connection; nested exception is redis.clients.jedis.exceptions.JedisConnectionException: Could not get a resource from the pool" type="org.springframework.data.redis.RedisConnectionFailureException">org.springframework.data.redis.RedisConnectionFailureException: Cannot get Jedis connection; nested exception is redis.clients.jedis.exceptions.JedisConnectionException: Could not get a resource from the pool
Caused by: redis.clients.jedis.exceptions.JedisConnectionException: Could not get a resource from the pool
Caused by: redis.clients.jedis.exceptions.JedisConnectionException: java.net.ConnectException: Conexão recusada
Caused by: java.net.ConnectException: Conexão recusada
</error>
  </testcase>
  <testcase name="testSize[5]" classname="org.springframework.data.redis.support.collections.RedisListTests" time="0">
    <error message="Cannot get Jedis connection; nested exception is redis.clients.jedis.exceptions.JedisConnectionException: Could not get a resource from the pool" type="org.springframework.data.redis.RedisConnectionFailureException">org.springframework.data.redis.RedisConnectionFailureException: Cannot get Jedis connection; nested exception is redis.clients.jedis.exceptions.JedisConnectionException: Could not get a resource from the pool
Caused by: redis.clients.jedis.exceptions.JedisConnectionException: Could not get a resource from the pool
Caused by: redis.clients.jedis.exceptions.JedisConnectionException: java.net.ConnectException: Conexão recusada
Caused by: java.net.ConnectException: Conexão recusada
</error>
  </testcase>
  <testcase name="testSize[5]" classname="org.springframework.data.redis.support.collections.RedisListTests" time="0.001">
    <error message="Cannot get Jedis connection; nested exception is redis.clients.jedis.exceptions.JedisConnectionException: Could not get a resource from the pool" type="org.springframework.data.redis.RedisConnectionFailureException">org.springframework.data.redis.RedisConnectionFailureException: Cannot get Jedis connection; nested exception is redis.clients.jedis.exceptions.JedisConnectionException: Could not get a resource from the pool
Caused by: redis.clients.jedis.exceptions.JedisConnectionException: Could not get a resource from the pool
Caused by: redis.clients.jedis.exceptions.JedisConnectionException: java.net.ConnectException: Conexão recusada
Caused by: java.net.ConnectException: Conexão recusada
</error>
  </testcase>
  <testcase name="testToString[5]" classname="org.springframework.data.redis.support.collections.RedisListTests" time="0">
    <error message="Cannot get Jedis connection; nested exception is redis.clients.jedis.exceptions.JedisConnectionException: Could not get a resource from the pool" type="org.springframework.data.redis.RedisConnectionFailureException">org.springframework.data.redis.RedisConnectionFailureException: Cannot get Jedis connection; nested exception is redis.clients.jedis.exceptions.JedisConnectionException: Could not get a resource from the pool
Caused by: redis.clients.jedis.exceptions.JedisConnectionException: Could not get a resource from the pool
Caused by: redis.clients.jedis.exceptions.JedisConnectionException: java.net.ConnectException: Conexão recusada
Caused by: java.net.ConnectException: Conexão recusada
</error>
  </testcase>
  <testcase name="testToString[5]" classname="org.springframework.data.redis.support.collections.RedisListTests" time="0">
    <error message="Cannot get Jedis connection; nested exception is redis.clients.jedis.exceptions.JedisConnectionException: Could not get a resource from the pool" type="org.springframework.data.redis.RedisConnectionFailureException">org.springframework.data.redis.RedisConnectionFailureException: Cannot get Jedis connection; nested exception is redis.clients.jedis.exceptions.JedisConnectionException: Could not get a resource from the pool
Caused by: redis.clients.jedis.exceptions.JedisConnectionException: Could not get a resource from the pool
Caused by: redis.clients.jedis.exceptions.JedisConnectionException: java.net.ConnectException: Conexão recusada
Caused by: java.net.ConnectException: Conexão recusada
</error>
  </testcase>
  <testcase name="testContainsAll[5]" classname="org.springframework.data.redis.support.collections.RedisListTests" time="0.001">
    <error message="Cannot get Jedis connection; nested exception is redis.clients.jedis.exceptions.JedisConnectionException: Could not get a resource from the pool" type="org.springframework.data.redis.RedisConnectionFailureException">org.springframework.data.redis.RedisConnectionFailureException: Cannot get Jedis connection; nested exception is redis.clients.jedis.exceptions.JedisConnectionException: Could not get a resource from the pool
Caused by: redis.clients.jedis.exceptions.JedisConnectionException: Could not get a resource from the pool
Caused by: redis.clients.jedis.exceptions.JedisConnectionException: java.net.ConnectException: Conexão recusada
Caused by: java.net.ConnectException: Conexão recusada
</error>
  </testcase>
  <testcase name="testContainsAll[5]" classname="org.springframework.data.redis.support.collections.RedisListTests" time="0.001">
    <error message="Cannot get Jedis connection; nested exception is redis.clients.jedis.exceptions.JedisConnectionException: Could not get a resource from the pool" type="org.springframework.data.redis.RedisConnectionFailureException">org.springframework.data.redis.RedisConnectionFailureException: Cannot get Jedis connection; nested exception is redis.clients.jedis.exceptions.JedisConnectionException: Could not get a resource from the pool
Caused by: redis.clients.jedis.exceptions.JedisConnectionException: Could not get a resource from the pool
Caused by: redis.clients.jedis.exceptions.JedisConnectionException: java.net.ConnectException: Conexão recusada
Caused by: java.net.ConnectException: Conexão recusada
</error>
  </testcase>
  <testcase name="testRemoveObject[5]" classname="org.springframework.data.redis.support.collections.RedisListTests" time="0.001">
    <error message="Cannot get Jedis connection; nested exception is redis.clients.jedis.exceptions.JedisConnectionException: Could not get a resource from the pool" type="org.springframework.data.redis.RedisConnectionFailureException">org.springframework.data.redis.RedisConnectionFailureException: Cannot get Jedis connection; nested exception is redis.clients.jedis.exceptions.JedisConnectionException: Could not get a resource from the pool
Caused by: redis.clients.jedis.exceptions.JedisConnectionException: Could not get a resource from the pool
Caused by: redis.clients.jedis.exceptions.JedisConnectionException: java.net.ConnectException: Conexão recusada
Caused by: java.net.ConnectException: Conexão recusada
</error>
  </testcase>
  <testcase name="testRemoveObject[5]" classname="org.springframework.data.redis.support.collections.RedisListTests" time="0.001">
    <error message="Cannot get Jedis connection; nested exception is redis.clients.jedis.exceptions.JedisConnectionException: Could not get a resource from the pool" type="org.springframework.data.redis.RedisConnectionFailureException">org.springframework.data.redis.RedisConnectionFailureException: Cannot get Jedis connection; nested exception is redis.clients.jedis.exceptions.JedisConnectionException: Could not get a resource from the pool
Caused by: redis.clients.jedis.exceptions.JedisConnectionException: Could not get a resource from the pool
Caused by: redis.clients.jedis.exceptions.JedisConnectionException: java.net.ConnectException: Conexão recusada
Caused by: java.net.ConnectException: Conexão recusada
</error>
  </testcase>
  <testcase name="testHashCode[5]" classname="org.springframework.data.redis.support.collections.RedisListTests" time="0.001">
    <error message="Cannot get Jedis connection; nested exception is redis.clients.jedis.exceptions.JedisConnectionException: Could not get a resource from the pool" type="org.springframework.data.redis.RedisConnectionFailureException">org.springframework.data.redis.RedisConnectionFailureException: Cannot get Jedis connection; nested exception is redis.clients.jedis.exceptions.JedisConnectionException: Could not get a resource from the pool
Caused by: redis.clients.jedis.exceptions.JedisConnectionException: Could not get a resource from the pool
Caused by: redis.clients.jedis.exceptions.JedisConnectionException: java.net.ConnectException: Conexão recusada
Caused by: java.net.ConnectException: Conexão recusada
</error>
  </testcase>
  <testcase name="testAddAll[5]" classname="org.springframework.data.redis.support.collections.RedisListTests" time="0">
    <error message="Cannot get Jedis connection; nested exception is redis.clients.jedis.exceptions.JedisConnectionException: Could not get a resource from the pool" type="org.springframework.data.redis.RedisConnectionFailureException">org.springframework.data.redis.RedisConnectionFailureException: Cannot get Jedis connection; nested exception is redis.clients.jedis.exceptions.JedisConnectionException: Could not get a resource from the pool
Caused by: redis.clients.jedis.exceptions.JedisConnectionException: Could not get a resource from the pool
Caused by: redis.clients.jedis.exceptions.JedisConnectionException: java.net.ConnectException: Conexão recusada
Caused by: java.net.ConnectException: Conexão recusada
</error>
  </testcase>
  <testcase name="testAddAll[5]" classname="org.springframework.data.redis.support.collections.RedisListTests" time="0">
    <error message="Cannot get Jedis connection; nested exception is redis.clients.jedis.exceptions.JedisConnectionException: Could not get a resource from the pool" type="org.springframework.data.redis.RedisConnectionFailureException">org.springframework.data.redis.RedisConnectionFailureException: Cannot get Jedis connection; nested exception is redis.clients.jedis.exceptions.JedisConnectionException: Could not get a resource from the pool
Caused by: redis.clients.jedis.exceptions.JedisConnectionException: Could not get a resource from the pool
Caused by: redis.clients.jedis.exceptions.JedisConnectionException: java.net.ConnectException: Conexão recusada
Caused by: java.net.ConnectException: Conexão recusada
</error>
  </testcase>
  <testcase name="removeAll[5]" classname="org.springframework.data.redis.support.collections.RedisListTests" time="0.001">
    <error message="Cannot get Jedis connection; nested exception is redis.clients.jedis.exceptions.JedisConnectionException: Could not get a resource from the pool" type="org.springframework.data.redis.RedisConnectionFailureException">org.springframework.data.redis.RedisConnectionFailureException: Cannot get Jedis connection; nested exception is redis.clients.jedis.exceptions.JedisConnectionException: Could not get a resource from the pool
Caused by: redis.clients.jedis.exceptions.JedisConnectionException: Could not get a resource from the pool
Caused by: redis.clients.jedis.exceptions.JedisConnectionException: java.net.ConnectException: Conexão recusada
Caused by: java.net.ConnectException: Conexão recusada
</error>
  </testcase>
  <testcase name="removeAll[5]" classname="org.springframework.data.redis.support.collections.RedisListTests" time="0.001">
    <error message="Cannot get Jedis connection; nested exception is redis.clients.jedis.exceptions.JedisConnectionException: Could not get a resource from the pool" type="org.springframework.data.redis.RedisConnectionFailureException">org.springframework.data.redis.RedisConnectionFailureException: Cannot get Jedis connection; nested exception is redis.clients.jedis.exceptions.JedisConnectionException: Could not get a resource from the pool
Caused by: redis.clients.jedis.exceptions.JedisConnectionException: Could not get a resource from the pool
Caused by: redis.clients.jedis.exceptions.JedisConnectionException: java.net.ConnectException: Conexão recusada
Caused by: java.net.ConnectException: Conexão recusada
</error>
  </testcase>
  <testcase name="testEquals[5]" classname="org.springframework.data.redis.support.collections.RedisListTests" time="0.001">
    <error message="Cannot get Jedis connection; nested exception is redis.clients.jedis.exceptions.JedisConnectionException: Could not get a resource from the pool" type="org.springframework.data.redis.RedisConnectionFailureException">org.springframework.data.redis.RedisConnectionFailureException: Cannot get Jedis connection; nested exception is redis.clients.jedis.exceptions.JedisConnectionException: Could not get a resource from the pool
Caused by: redis.clients.jedis.exceptions.JedisConnectionException: Could not get a resource from the pool
Caused by: redis.clients.jedis.exceptions.JedisConnectionException: java.net.ConnectException: Conexão recusada
Caused by: java.net.ConnectException: Conexão recusada
</error>
  </testcase>
  <testcase name="testGetKey[5]" classname="org.springframework.data.redis.support.collections.RedisListTests" time="0">
    <error message="Cannot get Jedis connection; nested exception is redis.clients.jedis.exceptions.JedisConnectionException: Could not get a resource from the pool" type="org.springframework.data.redis.RedisConnectionFailureException">org.springframework.data.redis.RedisConnectionFailureException: Cannot get Jedis connection; nested exception is redis.clients.jedis.exceptions.JedisConnectionException: Could not get a resource from the pool
Caused by: redis.clients.jedis.exceptions.JedisConnectionException: Could not get a resource from the pool
Caused by: redis.clients.jedis.exceptions.JedisConnectionException: java.net.ConnectException: Conexão recusada
Caused by: java.net.ConnectException: Conexão recusada
</error>
  </testcase>
  <testcase name="testToArrayWithGenerics[5]" classname="org.springframework.data.redis.support.collections.RedisListTests" time="0.001">
    <error message="Cannot get Jedis connection; nested exception is redis.clients.jedis.exceptions.JedisConnectionException: Could not get a resource from the pool" type="org.springframework.data.redis.RedisConnectionFailureException">org.springframework.data.redis.RedisConnectionFailureException: Cannot get Jedis connection; nested exception is redis.clients.jedis.exceptions.JedisConnectionException: Could not get a resource from the pool
Caused by: redis.clients.jedis.exceptions.JedisConnectionException: Could not get a resource from the pool
Caused by: redis.clients.jedis.exceptions.JedisConnectionException: java.net.ConnectException: Conexão recusada
Caused by: java.net.ConnectException: Conexão recusada
</error>
  </testcase>
  <testcase name="testToArrayWithGenerics[5]" classname="org.springframework.data.redis.support.collections.RedisListTests" time="0.001">
    <error message="Cannot get Jedis connection; nested exception is redis.clients.jedis.exceptions.JedisConnectionException: Could not get a resource from the pool" type="org.springframework.data.redis.RedisConnectionFailureException">org.springframework.data.redis.RedisConnectionFailureException: Cannot get Jedis connection; nested exception is redis.clients.jedis.exceptions.JedisConnectionException: Could not get a resource from the pool
Caused by: redis.clients.jedis.exceptions.JedisConnectionException: Could not get a resource from the pool
Caused by: redis.clients.jedis.exceptions.JedisConnectionException: java.net.ConnectException: Conexão recusada
Caused by: java.net.ConnectException: Conexão recusada
</error>
  </testcase>
  <testcase name="testIsEmpty[5]" classname="org.springframework.data.redis.support.collections.RedisListTests" time="0.001">
    <error message="Cannot get Jedis connection; nested exception is redis.clients.jedis.exceptions.JedisConnectionException: Could not get a resource from the pool" type="org.springframework.data.redis.RedisConnectionFailureException">org.springframework.data.redis.RedisConnectionFailureException: Cannot get Jedis connection; nested exception is redis.clients.jedis.exceptions.JedisConnectionException: Could not get a resource from the pool
Caused by: redis.clients.jedis.exceptions.JedisConnectionException: Could not get a resource from the pool
Caused by: redis.clients.jedis.exceptions.JedisConnectionException: java.net.ConnectException: Conexão recusada
Caused by: java.net.ConnectException: Conexão recusada
</error>
  </testcase>
  <testcase name="testIsEmpty[5]" classname="org.springframework.data.redis.support.collections.RedisListTests" time="0.001">
    <error message="Cannot get Jedis connection; nested exception is redis.clients.jedis.exceptions.JedisConnectionException: Could not get a resource from the pool" type="org.springframework.data.redis.RedisConnectionFailureException">org.springframework.data.redis.RedisConnectionFailureException: Cannot get Jedis connection; nested exception is redis.clients.jedis.exceptions.JedisConnectionException: Could not get a resource from the pool
Caused by: redis.clients.jedis.exceptions.JedisConnectionException: Could not get a resource from the pool
Caused by: redis.clients.jedis.exceptions.JedisConnectionException: java.net.ConnectException: Conexão recusada
Caused by: java.net.ConnectException: Conexão recusada
</error>
  </testcase>
  <testcase name="testIterator[5]" classname="org.springframework.data.redis.support.collections.RedisListTests" time="0">
    <error message="Cannot get Jedis connection; nested exception is redis.clients.jedis.exceptions.JedisConnectionException: Could not get a resource from the pool" type="org.springframework.data.redis.RedisConnectionFailureException">org.springframework.data.redis.RedisConnectionFailureException: Cannot get Jedis connection; nested exception is redis.clients.jedis.exceptions.JedisConnectionException: Could not get a resource from the pool
Caused by: redis.clients.jedis.exceptions.JedisConnectionException: Could not get a resource from the pool
Caused by: redis.clients.jedis.exceptions.JedisConnectionException: java.net.ConnectException: Conexão recusada
Caused by: java.net.ConnectException: Conexão recusada
</error>
  </testcase>
  <testcase name="testIterator[5]" classname="org.springframework.data.redis.support.collections.RedisListTests" time="0.001">
    <error message="Cannot get Jedis connection; nested exception is redis.clients.jedis.exceptions.JedisConnectionException: Could not get a resource from the pool" type="org.springframework.data.redis.RedisConnectionFailureException">org.springframework.data.redis.RedisConnectionFailureException: Cannot get Jedis connection; nested exception is redis.clients.jedis.exceptions.JedisConnectionException: Could not get a resource from the pool
Caused by: redis.clients.jedis.exceptions.JedisConnectionException: Could not get a resource from the pool
Caused by: redis.clients.jedis.exceptions.JedisConnectionException: java.net.ConnectException: Conexão recusada
Caused by: java.net.ConnectException: Conexão recusada
</error>
  </testcase>
  <testcase name="testElement[6]" classname="org.springframework.data.redis.support.collections.RedisListTests" time="0">
    <error message="Cannot get Jedis connection; nested exception is redis.clients.jedis.exceptions.JedisConnectionException: Could not get a resource from the pool" type="org.springframework.data.redis.RedisConnectionFailureException">org.springframework.data.redis.RedisConnectionFailureException: Cannot get Jedis connection; nested exception is redis.clients.jedis.exceptions.JedisConnectionException: Could not get a resource from the pool
Caused by: redis.clients.jedis.exceptions.JedisConnectionException: Could not get a resource from the pool
Caused by: redis.clients.jedis.exceptions.JedisConnectionException: java.net.ConnectException: Conexão recusada
Caused by: java.net.ConnectException: Conexão recusada
</error>
  </testcase>
  <testcase name="testElement[6]" classname="org.springframework.data.redis.support.collections.RedisListTests" time="0">
    <error message="Cannot get Jedis connection; nested exception is redis.clients.jedis.exceptions.JedisConnectionException: Could not get a resource from the pool" type="org.springframework.data.redis.RedisConnectionFailureException">org.springframework.data.redis.RedisConnectionFailureException: Cannot get Jedis connection; nested exception is redis.clients.jedis.exceptions.JedisConnectionException: Could not get a resource from the pool
Caused by: redis.clients.jedis.exceptions.JedisConnectionException: Could not get a resource from the pool
Caused by: redis.clients.jedis.exceptions.JedisConnectionException: java.net.ConnectException: Conexão recusada
Caused by: java.net.ConnectException: Conexão recusada
</error>
  </testcase>
  <testcase name="testPutFirst[6]" classname="org.springframework.data.redis.support.collections.RedisListTests" time="0.035">
    <error message="Cannot get Jedis connection; nested exception is redis.clients.jedis.exceptions.JedisConnectionException: Could not get a resource from the pool" type="org.springframework.data.redis.RedisConnectionFailureException">org.springframework.data.redis.RedisConnectionFailureException: Cannot get Jedis connection; nested exception is redis.clients.jedis.exceptions.JedisConnectionException: Could not get a resource from the pool
Caused by: redis.clients.jedis.exceptions.JedisConnectionException: Could not get a resource from the pool
Caused by: redis.clients.jedis.exceptions.JedisConnectionException: java.net.ConnectException: Conexão recusada
Caused by: java.net.ConnectException: Conexão recusada
</error>
  </testcase>
  <testcase name="testPutFirst[6]" classname="org.springframework.data.redis.support.collections.RedisListTests" time="0.035">
    <error message="Cannot get Jedis connection; nested exception is redis.clients.jedis.exceptions.JedisConnectionException: Could not get a resource from the pool" type="org.springframework.data.redis.RedisConnectionFailureException">org.springframework.data.redis.RedisConnectionFailureException: Cannot get Jedis connection; nested exception is redis.clients.jedis.exceptions.JedisConnectionException: Could not get a resource from the pool
Caused by: redis.clients.jedis.exceptions.JedisConnectionException: Could not get a resource from the pool
Caused by: redis.clients.jedis.exceptions.JedisConnectionException: java.net.ConnectException: Conexão recusada
Caused by: java.net.ConnectException: Conexão recusada
</error>
  </testcase>
  <testcase name="testPollLastTimeout[6]" classname="org.springframework.data.redis.support.collections.RedisListTests" time="0.001">
    <error message="Cannot get Jedis connection; nested exception is redis.clients.jedis.exceptions.JedisConnectionException: Could not get a resource from the pool" type="org.springframework.data.redis.RedisConnectionFailureException">org.springframework.data.redis.RedisConnectionFailureException: Cannot get Jedis connection; nested exception is redis.clients.jedis.exceptions.JedisConnectionException: Could not get a resource from the pool
Caused by: redis.clients.jedis.exceptions.JedisConnectionException: Could not get a resource from the pool
Caused by: redis.clients.jedis.exceptions.JedisConnectionException: java.net.ConnectException: Conexão recusada
Caused by: java.net.ConnectException: Conexão recusada
</error>
  </testcase>
  <testcase name="testPollLastTimeout[6]" classname="org.springframework.data.redis.support.collections.RedisListTests" time="0.001">
    <error message="Cannot get Jedis connection; nested exception is redis.clients.jedis.exceptions.JedisConnectionException: Could not get a resource from the pool" type="org.springframework.data.redis.RedisConnectionFailureException">org.springframework.data.redis.RedisConnectionFailureException: Cannot get Jedis connection; nested exception is redis.clients.jedis.exceptions.JedisConnectionException: Could not get a resource from the pool
Caused by: redis.clients.jedis.exceptions.JedisConnectionException: Could not get a resource from the pool
Caused by: redis.clients.jedis.exceptions.JedisConnectionException: java.net.ConnectException: Conexão recusada
Caused by: java.net.ConnectException: Conexão recusada
</error>
  </testcase>
  <testcase name="testPeekFirst[6]" classname="org.springframework.data.redis.support.collections.RedisListTests" time="0.001">
    <error message="Cannot get Jedis connection; nested exception is redis.clients.jedis.exceptions.JedisConnectionException: Could not get a resource from the pool" type="org.springframework.data.redis.RedisConnectionFailureException">org.springframework.data.redis.RedisConnectionFailureException: Cannot get Jedis connection; nested exception is redis.clients.jedis.exceptions.JedisConnectionException: Could not get a resource from the pool
Caused by: redis.clients.jedis.exceptions.JedisConnectionException: Could not get a resource from the pool
Caused by: redis.clients.jedis.exceptions.JedisConnectionException: java.net.ConnectException: Conexão recusada
Caused by: java.net.ConnectException: Conexão recusada
</error>
  </testcase>
  <testcase name="testPeekFirst[6]" classname="org.springframework.data.redis.support.collections.RedisListTests" time="0.001">
    <error message="Cannot get Jedis connection; nested exception is redis.clients.jedis.exceptions.JedisConnectionException: Could not get a resource from the pool" type="org.springframework.data.redis.RedisConnectionFailureException">org.springframework.data.redis.RedisConnectionFailureException: Cannot get Jedis connection; nested exception is redis.clients.jedis.exceptions.JedisConnectionException: Could not get a resource from the pool
Caused by: redis.clients.jedis.exceptions.JedisConnectionException: Could not get a resource from the pool
Caused by: redis.clients.jedis.exceptions.JedisConnectionException: java.net.ConnectException: Conexão recusada
Caused by: java.net.ConnectException: Conexão recusada
</error>
  </testcase>
  <testcase name="testOfferLast[6]" classname="org.springframework.data.redis.support.collections.RedisListTests" time="0.001">
    <error message="Cannot get Jedis connection; nested exception is redis.clients.jedis.exceptions.JedisConnectionException: Could not get a resource from the pool" type="org.springframework.data.redis.RedisConnectionFailureException">org.springframework.data.redis.RedisConnectionFailureException: Cannot get Jedis connection; nested exception is redis.clients.jedis.exceptions.JedisConnectionException: Could not get a resource from the pool
Caused by: redis.clients.jedis.exceptions.JedisConnectionException: Could not get a resource from the pool
Caused by: redis.clients.jedis.exceptions.JedisConnectionException: java.net.ConnectException: Conexão recusada
Caused by: java.net.ConnectException: Conexão recusada
</error>
  </testcase>
  <testcase name="testOfferLast[6]" classname="org.springframework.data.redis.support.collections.RedisListTests" time="0.001">
    <error message="Cannot get Jedis connection; nested exception is redis.clients.jedis.exceptions.JedisConnectionException: Could not get a resource from the pool" type="org.springframework.data.redis.RedisConnectionFailureException">org.springframework.data.redis.RedisConnectionFailureException: Cannot get Jedis connection; nested exception is redis.clients.jedis.exceptions.JedisConnectionException: Could not get a resource from the pool
Caused by: redis.clients.jedis.exceptions.JedisConnectionException: Could not get a resource from the pool
Caused by: redis.clients.jedis.exceptions.JedisConnectionException: java.net.ConnectException: Conexão recusada
Caused by: java.net.ConnectException: Conexão recusada
</error>
  </testcase>
  <testcase name="testGetFirst[6]" classname="org.springframework.data.redis.support.collections.RedisListTests" time="0">
    <error message="Cannot get Jedis connection; nested exception is redis.clients.jedis.exceptions.JedisConnectionException: Could not get a resource from the pool" type="org.springframework.data.redis.RedisConnectionFailureException">org.springframework.data.redis.RedisConnectionFailureException: Cannot get Jedis connection; nested exception is redis.clients.jedis.exceptions.JedisConnectionException: Could not get a resource from the pool
Caused by: redis.clients.jedis.exceptions.JedisConnectionException: Could not get a resource from the pool
Caused by: redis.clients.jedis.exceptions.JedisConnectionException: java.net.ConnectException: Conexão recusada
Caused by: java.net.ConnectException: Conexão recusada
</error>
  </testcase>
  <testcase name="testGetFirst[6]" classname="org.springframework.data.redis.support.collections.RedisListTests" time="0.001">
    <error message="Cannot get Jedis connection; nested exception is redis.clients.jedis.exceptions.JedisConnectionException: Could not get a resource from the pool" type="org.springframework.data.redis.RedisConnectionFailureException">org.springframework.data.redis.RedisConnectionFailureException: Cannot get Jedis connection; nested exception is redis.clients.jedis.exceptions.JedisConnectionException: Could not get a resource from the pool
Caused by: redis.clients.jedis.exceptions.JedisConnectionException: Could not get a resource from the pool
Caused by: redis.clients.jedis.exceptions.JedisConnectionException: java.net.ConnectException: Conexão recusada
Caused by: java.net.ConnectException: Conexão recusada
</error>
  </testcase>
  <testcase name="testAddLast[6]" classname="org.springframework.data.redis.support.collections.RedisListTests" time="0">
    <error message="Cannot get Jedis connection; nested exception is redis.clients.jedis.exceptions.JedisConnectionException: Could not get a resource from the pool" type="org.springframework.data.redis.RedisConnectionFailureException">org.springframework.data.redis.RedisConnectionFailureException: Cannot get Jedis connection; nested exception is redis.clients.jedis.exceptions.JedisConnectionException: Could not get a resource from the pool
Caused by: redis.clients.jedis.exceptions.JedisConnectionException: Could not get a resource from the pool
Caused by: redis.clients.jedis.exceptions.JedisConnectionException: java.net.ConnectException: Conexão recusada
Caused by: java.net.ConnectException: Conexão recusada
</error>
  </testcase>
  <testcase name="testAddLast[6]" classname="org.springframework.data.redis.support.collections.RedisListTests" time="0">
    <error message="Cannot get Jedis connection; nested exception is redis.clients.jedis.exceptions.JedisConnectionException: Could not get a resource from the pool" type="org.springframework.data.redis.RedisConnectionFailureException">org.springframework.data.redis.RedisConnectionFailureException: Cannot get Jedis connection; nested exception is redis.clients.jedis.exceptions.JedisConnectionException: Could not get a resource from the pool
Caused by: redis.clients.jedis.exceptions.JedisConnectionException: Could not get a resource from the pool
Caused by: redis.clients.jedis.exceptions.JedisConnectionException: java.net.ConnectException: Conexão recusada
Caused by: java.net.ConnectException: Conexão recusada
</error>
  </testcase>
  <testcase name="testPop[6]" classname="org.springframework.data.redis.support.collections.RedisListTests" time="0">
    <error message="Cannot get Jedis connection; nested exception is redis.clients.jedis.exceptions.JedisConnectionException: Could not get a resource from the pool" type="org.springframework.data.redis.RedisConnectionFailureException">org.springframework.data.redis.RedisConnectionFailureException: Cannot get Jedis connection; nested exception is redis.clients.jedis.exceptions.JedisConnectionException: Could not get a resource from the pool
Caused by: redis.clients.jedis.exceptions.JedisConnectionException: Could not get a resource from the pool
Caused by: redis.clients.jedis.exceptions.JedisConnectionException: java.net.ConnectException: Conexão recusada
Caused by: java.net.ConnectException: Conexão recusada
</error>
  </testcase>
  <testcase name="testPop[6]" classname="org.springframework.data.redis.support.collections.RedisListTests" time="0">
    <error message="Cannot get Jedis connection; nested exception is redis.clients.jedis.exceptions.JedisConnectionException: Could not get a resource from the pool" type="org.springframework.data.redis.RedisConnectionFailureException">org.springframework.data.redis.RedisConnectionFailureException: Cannot get Jedis connection; nested exception is redis.clients.jedis.exceptions.JedisConnectionException: Could not get a resource from the pool
Caused by: redis.clients.jedis.exceptions.JedisConnectionException: Could not get a resource from the pool
Caused by: redis.clients.jedis.exceptions.JedisConnectionException: java.net.ConnectException: Conexão recusada
Caused by: java.net.ConnectException: Conexão recusada
</error>
  </testcase>
  <testcase name="testPut[6]" classname="org.springframework.data.redis.support.collections.RedisListTests" time="0.001">
    <error message="Cannot get Jedis connection; nested exception is redis.clients.jedis.exceptions.JedisConnectionException: Could not get a resource from the pool" type="org.springframework.data.redis.RedisConnectionFailureException">org.springframework.data.redis.RedisConnectionFailureException: Cannot get Jedis connection; nested exception is redis.clients.jedis.exceptions.JedisConnectionException: Could not get a resource from the pool
Caused by: redis.clients.jedis.exceptions.JedisConnectionException: Could not get a resource from the pool
Caused by: redis.clients.jedis.exceptions.JedisConnectionException: java.net.ConnectException: Conexão recusada
Caused by: java.net.ConnectException: Conexão recusada
</error>
  </testcase>
  <testcase name="testPut[6]" classname="org.springframework.data.redis.support.collections.RedisListTests" time="0.001">
    <error message="Cannot get Jedis connection; nested exception is redis.clients.jedis.exceptions.JedisConnectionException: Could not get a resource from the pool" type="org.springframework.data.redis.RedisConnectionFailureException">org.springframework.data.redis.RedisConnectionFailureException: Cannot get Jedis connection; nested exception is redis.clients.jedis.exceptions.JedisConnectionException: Could not get a resource from the pool
Caused by: redis.clients.jedis.exceptions.JedisConnectionException: Could not get a resource from the pool
Caused by: redis.clients.jedis.exceptions.JedisConnectionException: java.net.ConnectException: Conexão recusada
Caused by: java.net.ConnectException: Conexão recusada
</error>
  </testcase>
  <testcase name="testSet[6]" classname="org.springframework.data.redis.support.collections.RedisListTests" time="0.001">
    <error message="Cannot get Jedis connection; nested exception is redis.clients.jedis.exceptions.JedisConnectionException: Could not get a resource from the pool" type="org.springframework.data.redis.RedisConnectionFailureException">org.springframework.data.redis.RedisConnectionFailureException: Cannot get Jedis connection; nested exception is redis.clients.jedis.exceptions.JedisConnectionException: Could not get a resource from the pool
Caused by: redis.clients.jedis.exceptions.JedisConnectionException: Could not get a resource from the pool
Caused by: redis.clients.jedis.exceptions.JedisConnectionException: java.net.ConnectException: Conexão recusada
Caused by: java.net.ConnectException: Conexão recusada
</error>
  </testcase>
  <testcase name="testSet[6]" classname="org.springframework.data.redis.support.collections.RedisListTests" time="0.001">
    <error message="Cannot get Jedis connection; nested exception is redis.clients.jedis.exceptions.JedisConnectionException: Could not get a resource from the pool" type="org.springframework.data.redis.RedisConnectionFailureException">org.springframework.data.redis.RedisConnectionFailureException: Cannot get Jedis connection; nested exception is redis.clients.jedis.exceptions.JedisConnectionException: Could not get a resource from the pool
Caused by: redis.clients.jedis.exceptions.JedisConnectionException: Could not get a resource from the pool
Caused by: redis.clients.jedis.exceptions.JedisConnectionException: java.net.ConnectException: Conexão recusada
Caused by: java.net.ConnectException: Conexão recusada
</error>
  </testcase>
  <testcase name="testOffer[6]" classname="org.springframework.data.redis.support.collections.RedisListTests" time="0">
    <error message="Cannot get Jedis connection; nested exception is redis.clients.jedis.exceptions.JedisConnectionException: Could not get a resource from the pool" type="org.springframework.data.redis.RedisConnectionFailureException">org.springframework.data.redis.RedisConnectionFailureException: Cannot get Jedis connection; nested exception is redis.clients.jedis.exceptions.JedisConnectionException: Could not get a resource from the pool
Caused by: redis.clients.jedis.exceptions.JedisConnectionException: Could not get a resource from the pool
Caused by: redis.clients.jedis.exceptions.JedisConnectionException: java.net.ConnectException: Conexão recusada
Caused by: java.net.ConnectException: Conexão recusada
</error>
  </testcase>
  <testcase name="testOffer[6]" classname="org.springframework.data.redis.support.collections.RedisListTests" time="0.001">
    <error message="Cannot get Jedis connection; nested exception is redis.clients.jedis.exceptions.JedisConnectionException: Could not get a resource from the pool" type="org.springframework.data.redis.RedisConnectionFailureException">org.springframework.data.redis.RedisConnectionFailureException: Cannot get Jedis connection; nested exception is redis.clients.jedis.exceptions.JedisConnectionException: Could not get a resource from the pool
Caused by: redis.clients.jedis.exceptions.JedisConnectionException: Could not get a resource from the pool
Caused by: redis.clients.jedis.exceptions.JedisConnectionException: java.net.ConnectException: Conexão recusada
Caused by: java.net.ConnectException: Conexão recusada
</error>
  </testcase>
  <testcase name="testRange[6]" classname="org.springframework.data.redis.support.collections.RedisListTests" time="0">
    <error message="Cannot get Jedis connection; nested exception is redis.clients.jedis.exceptions.JedisConnectionException: Could not get a resource from the pool" type="org.springframework.data.redis.RedisConnectionFailureException">org.springframework.data.redis.RedisConnectionFailureException: Cannot get Jedis connection; nested exception is redis.clients.jedis.exceptions.JedisConnectionException: Could not get a resource from the pool
Caused by: redis.clients.jedis.exceptions.JedisConnectionException: Could not get a resource from the pool
Caused by: redis.clients.jedis.exceptions.JedisConnectionException: java.net.ConnectException: Conexão recusada
Caused by: java.net.ConnectException: Conexão recusada
</error>
  </testcase>
  <testcase name="testRange[6]" classname="org.springframework.data.redis.support.collections.RedisListTests" time="0">
    <error message="Cannot get Jedis connection; nested exception is redis.clients.jedis.exceptions.JedisConnectionException: Could not get a resource from the pool" type="org.springframework.data.redis.RedisConnectionFailureException">org.springframework.data.redis.RedisConnectionFailureException: Cannot get Jedis connection; nested exception is redis.clients.jedis.exceptions.JedisConnectionException: Could not get a resource from the pool
Caused by: redis.clients.jedis.exceptions.JedisConnectionException: Could not get a resource from the pool
Caused by: redis.clients.jedis.exceptions.JedisConnectionException: java.net.ConnectException: Conexão recusada
Caused by: java.net.ConnectException: Conexão recusada
</error>
  </testcase>
  <testcase name="testLast[6]" classname="org.springframework.data.redis.support.collections.RedisListTests" time="0.001">
    <error message="Cannot get Jedis connection; nested exception is redis.clients.jedis.exceptions.JedisConnectionException: Could not get a resource from the pool" type="org.springframework.data.redis.RedisConnectionFailureException">org.springframework.data.redis.RedisConnectionFailureException: Cannot get Jedis connection; nested exception is redis.clients.jedis.exceptions.JedisConnectionException: Could not get a resource from the pool
Caused by: redis.clients.jedis.exceptions.JedisConnectionException: Could not get a resource from the pool
Caused by: redis.clients.jedis.exceptions.JedisConnectionException: java.net.ConnectException: Conexão recusada
Caused by: java.net.ConnectException: Conexão recusada
</error>
  </testcase>
  <testcase name="testLast[6]" classname="org.springframework.data.redis.support.collections.RedisListTests" time="0.001">
    <error message="Cannot get Jedis connection; nested exception is redis.clients.jedis.exceptions.JedisConnectionException: Could not get a resource from the pool" type="org.springframework.data.redis.RedisConnectionFailureException">org.springframework.data.redis.RedisConnectionFailureException: Cannot get Jedis connection; nested exception is redis.clients.jedis.exceptions.JedisConnectionException: Could not get a resource from the pool
Caused by: redis.clients.jedis.exceptions.JedisConnectionException: Could not get a resource from the pool
Caused by: redis.clients.jedis.exceptions.JedisConnectionException: java.net.ConnectException: Conexão recusada
Caused by: java.net.ConnectException: Conexão recusada
</error>
  </testcase>
  <testcase name="testPeek[6]" classname="org.springframework.data.redis.support.collections.RedisListTests" time="0.001">
    <error message="Cannot get Jedis connection; nested exception is redis.clients.jedis.exceptions.JedisConnectionException: Could not get a resource from the pool" type="org.springframework.data.redis.RedisConnectionFailureException">org.springframework.data.redis.RedisConnectionFailureException: Cannot get Jedis connection; nested exception is redis.clients.jedis.exceptions.JedisConnectionException: Could not get a resource from the pool
Caused by: redis.clients.jedis.exceptions.JedisConnectionException: Could not get a resource from the pool
Caused by: redis.clients.jedis.exceptions.JedisConnectionException: java.net.ConnectException: Conexão recusada
Caused by: java.net.ConnectException: Conexão recusada
</error>
  </testcase>
  <testcase name="testPeek[6]" classname="org.springframework.data.redis.support.collections.RedisListTests" time="0.001">
    <error message="Cannot get Jedis connection; nested exception is redis.clients.jedis.exceptions.JedisConnectionException: Could not get a resource from the pool" type="org.springframework.data.redis.RedisConnectionFailureException">org.springframework.data.redis.RedisConnectionFailureException: Cannot get Jedis connection; nested exception is redis.clients.jedis.exceptions.JedisConnectionException: Could not get a resource from the pool
Caused by: redis.clients.jedis.exceptions.JedisConnectionException: Could not get a resource from the pool
Caused by: redis.clients.jedis.exceptions.JedisConnectionException: java.net.ConnectException: Conexão recusada
Caused by: java.net.ConnectException: Conexão recusada
</error>
  </testcase>
  <testcase name="testPoll[6]" classname="org.springframework.data.redis.support.collections.RedisListTests" time="0.001">
    <error message="Cannot get Jedis connection; nested exception is redis.clients.jedis.exceptions.JedisConnectionException: Could not get a resource from the pool" type="org.springframework.data.redis.RedisConnectionFailureException">org.springframework.data.redis.RedisConnectionFailureException: Cannot get Jedis connection; nested exception is redis.clients.jedis.exceptions.JedisConnectionException: Could not get a resource from the pool
Caused by: redis.clients.jedis.exceptions.JedisConnectionException: Could not get a resource from the pool
Caused by: redis.clients.jedis.exceptions.JedisConnectionException: java.net.ConnectException: Conexão recusada
Caused by: java.net.ConnectException: Conexão recusada
</error>
  </testcase>
  <testcase name="testPoll[6]" classname="org.springframework.data.redis.support.collections.RedisListTests" time="0.001">
    <error message="Cannot get Jedis connection; nested exception is redis.clients.jedis.exceptions.JedisConnectionException: Could not get a resource from the pool" type="org.springframework.data.redis.RedisConnectionFailureException">org.springframework.data.redis.RedisConnectionFailureException: Cannot get Jedis connection; nested exception is redis.clients.jedis.exceptions.JedisConnectionException: Could not get a resource from the pool
Caused by: redis.clients.jedis.exceptions.JedisConnectionException: Could not get a resource from the pool
Caused by: redis.clients.jedis.exceptions.JedisConnectionException: java.net.ConnectException: Conexão recusada
Caused by: java.net.ConnectException: Conexão recusada
</error>
  </testcase>
  <testcase name="testTake[6]" classname="org.springframework.data.redis.support.collections.RedisListTests" time="0">
    <error message="Cannot get Jedis connection; nested exception is redis.clients.jedis.exceptions.JedisConnectionException: Could not get a resource from the pool" type="org.springframework.data.redis.RedisConnectionFailureException">org.springframework.data.redis.RedisConnectionFailureException: Cannot get Jedis connection; nested exception is redis.clients.jedis.exceptions.JedisConnectionException: Could not get a resource from the pool
Caused by: redis.clients.jedis.exceptions.JedisConnectionException: Could not get a resource from the pool
Caused by: redis.clients.jedis.exceptions.JedisConnectionException: java.net.ConnectException: Conexão recusada
Caused by: java.net.ConnectException: Conexão recusada
</error>
  </testcase>
  <testcase name="testTake[6]" classname="org.springframework.data.redis.support.collections.RedisListTests" time="0.001">
    <error message="Cannot get Jedis connection; nested exception is redis.clients.jedis.exceptions.JedisConnectionException: Could not get a resource from the pool" type="org.springframework.data.redis.RedisConnectionFailureException">org.springframework.data.redis.RedisConnectionFailureException: Cannot get Jedis connection; nested exception is redis.clients.jedis.exceptions.JedisConnectionException: Could not get a resource from the pool
Caused by: redis.clients.jedis.exceptions.JedisConnectionException: Could not get a resource from the pool
Caused by: redis.clients.jedis.exceptions.JedisConnectionException: java.net.ConnectException: Conexão recusada
Caused by: java.net.ConnectException: Conexão recusada
</error>
  </testcase>
  <testcase name="testTrim[6]" classname="org.springframework.data.redis.support.collections.RedisListTests" time="0">
    <error message="Cannot get Jedis connection; nested exception is redis.clients.jedis.exceptions.JedisConnectionException: Could not get a resource from the pool" type="org.springframework.data.redis.RedisConnectionFailureException">org.springframework.data.redis.RedisConnectionFailureException: Cannot get Jedis connection; nested exception is redis.clients.jedis.exceptions.JedisConnectionException: Could not get a resource from the pool
Caused by: redis.clients.jedis.exceptions.JedisConnectionException: Could not get a resource from the pool
Caused by: redis.clients.jedis.exceptions.JedisConnectionException: java.net.ConnectException: Conexão recusada
Caused by: java.net.ConnectException: Conexão recusada
</error>
  </testcase>
  <testcase name="testTrim[6]" classname="org.springframework.data.redis.support.collections.RedisListTests" time="0">
    <error message="Cannot get Jedis connection; nested exception is redis.clients.jedis.exceptions.JedisConnectionException: Could not get a resource from the pool" type="org.springframework.data.redis.RedisConnectionFailureException">org.springframework.data.redis.RedisConnectionFailureException: Cannot get Jedis connection; nested exception is redis.clients.jedis.exceptions.JedisConnectionException: Could not get a resource from the pool
Caused by: redis.clients.jedis.exceptions.JedisConnectionException: Could not get a resource from the pool
Caused by: redis.clients.jedis.exceptions.JedisConnectionException: java.net.ConnectException: Conexão recusada
Caused by: java.net.ConnectException: Conexão recusada
</error>
  </testcase>
  <testcase name="testDrainToCollection[6]" classname="org.springframework.data.redis.support.collections.RedisListTests" time="0.001">
    <error message="Cannot get Jedis connection; nested exception is redis.clients.jedis.exceptions.JedisConnectionException: Could not get a resource from the pool" type="org.springframework.data.redis.RedisConnectionFailureException">org.springframework.data.redis.RedisConnectionFailureException: Cannot get Jedis connection; nested exception is redis.clients.jedis.exceptions.JedisConnectionException: Could not get a resource from the pool
Caused by: redis.clients.jedis.exceptions.JedisConnectionException: Could not get a resource from the pool
Caused by: redis.clients.jedis.exceptions.JedisConnectionException: java.net.ConnectException: Conexão recusada
Caused by: java.net.ConnectException: Conexão recusada
</error>
  </testcase>
  <testcase name="testDrainToCollection[6]" classname="org.springframework.data.redis.support.collections.RedisListTests" time="0.001">
    <error message="Cannot get Jedis connection; nested exception is redis.clients.jedis.exceptions.JedisConnectionException: Could not get a resource from the pool" type="org.springframework.data.redis.RedisConnectionFailureException">org.springframework.data.redis.RedisConnectionFailureException: Cannot get Jedis connection; nested exception is redis.clients.jedis.exceptions.JedisConnectionException: Could not get a resource from the pool
Caused by: redis.clients.jedis.exceptions.JedisConnectionException: Could not get a resource from the pool
Caused by: redis.clients.jedis.exceptions.JedisConnectionException: java.net.ConnectException: Conexão recusada
Caused by: java.net.ConnectException: Conexão recusada
</error>
  </testcase>
  <testcase name="testRemoveFirst[6]" classname="org.springframework.data.redis.support.collections.RedisListTests" time="0.001">
    <error message="Cannot get Jedis connection; nested exception is redis.clients.jedis.exceptions.JedisConnectionException: Could not get a resource from the pool" type="org.springframework.data.redis.RedisConnectionFailureException">org.springframework.data.redis.RedisConnectionFailureException: Cannot get Jedis connection; nested exception is redis.clients.jedis.exceptions.JedisConnectionException: Could not get a resource from the pool
Caused by: redis.clients.jedis.exceptions.JedisConnectionException: Could not get a resource from the pool
Caused by: redis.clients.jedis.exceptions.JedisConnectionException: java.net.ConnectException: Conexão recusada
Caused by: java.net.ConnectException: Conexão recusada
</error>
  </testcase>
  <testcase name="testRemoveFirst[6]" classname="org.springframework.data.redis.support.collections.RedisListTests" time="0.001">
    <error message="Cannot get Jedis connection; nested exception is redis.clients.jedis.exceptions.JedisConnectionException: Could not get a resource from the pool" type="org.springframework.data.redis.RedisConnectionFailureException">org.springframework.data.redis.RedisConnectionFailureException: Cannot get Jedis connection; nested exception is redis.clients.jedis.exceptions.JedisConnectionException: Could not get a resource from the pool
Caused by: redis.clients.jedis.exceptions.JedisConnectionException: Could not get a resource from the pool
Caused by: redis.clients.jedis.exceptions.JedisConnectionException: java.net.ConnectException: Conexão recusada
Caused by: java.net.ConnectException: Conexão recusada
</error>
  </testcase>
  <testcase name="testRemoveIndex[6]" classname="org.springframework.data.redis.support.collections.RedisListTests" time="0.001">
    <error message="Cannot get Jedis connection; nested exception is redis.clients.jedis.exceptions.JedisConnectionException: Could not get a resource from the pool" type="org.springframework.data.redis.RedisConnectionFailureException">org.springframework.data.redis.RedisConnectionFailureException: Cannot get Jedis connection; nested exception is redis.clients.jedis.exceptions.JedisConnectionException: Could not get a resource from the pool
Caused by: redis.clients.jedis.exceptions.JedisConnectionException: Could not get a resource from the pool
Caused by: redis.clients.jedis.exceptions.JedisConnectionException: java.net.ConnectException: Conexão recusada
Caused by: java.net.ConnectException: Conexão recusada
</error>
  </testcase>
  <testcase name="testPutLast[6]" classname="org.springframework.data.redis.support.collections.RedisListTests" time="0">
    <error message="Cannot get Jedis connection; nested exception is redis.clients.jedis.exceptions.JedisConnectionException: Could not get a resource from the pool" type="org.springframework.data.redis.RedisConnectionFailureException">org.springframework.data.redis.RedisConnectionFailureException: Cannot get Jedis connection; nested exception is redis.clients.jedis.exceptions.JedisConnectionException: Could not get a resource from the pool
Caused by: redis.clients.jedis.exceptions.JedisConnectionException: Could not get a resource from the pool
Caused by: redis.clients.jedis.exceptions.JedisConnectionException: java.net.ConnectException: Conexão recusada
Caused by: java.net.ConnectException: Conexão recusada
</error>
  </testcase>
  <testcase name="testPutLast[6]" classname="org.springframework.data.redis.support.collections.RedisListTests" time="0.001">
    <error message="Cannot get Jedis connection; nested exception is redis.clients.jedis.exceptions.JedisConnectionException: Could not get a resource from the pool" type="org.springframework.data.redis.RedisConnectionFailureException">org.springframework.data.redis.RedisConnectionFailureException: Cannot get Jedis connection; nested exception is redis.clients.jedis.exceptions.JedisConnectionException: Could not get a resource from the pool
Caused by: redis.clients.jedis.exceptions.JedisConnectionException: Could not get a resource from the pool
Caused by: redis.clients.jedis.exceptions.JedisConnectionException: java.net.ConnectException: Conexão recusada
Caused by: java.net.ConnectException: Conexão recusada
</error>
  </testcase>
  <testcase name="testOfferFirst[6]" classname="org.springframework.data.redis.support.collections.RedisListTests" time="0">
    <error message="Cannot get Jedis connection; nested exception is redis.clients.jedis.exceptions.JedisConnectionException: Could not get a resource from the pool" type="org.springframework.data.redis.RedisConnectionFailureException">org.springframework.data.redis.RedisConnectionFailureException: Cannot get Jedis connection; nested exception is redis.clients.jedis.exceptions.JedisConnectionException: Could not get a resource from the pool
Caused by: redis.clients.jedis.exceptions.JedisConnectionException: Could not get a resource from the pool
Caused by: redis.clients.jedis.exceptions.JedisConnectionException: java.net.ConnectException: Conexão recusada
Caused by: java.net.ConnectException: Conexão recusada
</error>
  </testcase>
  <testcase name="testOfferFirst[6]" classname="org.springframework.data.redis.support.collections.RedisListTests" time="0">
    <error message="Cannot get Jedis connection; nested exception is redis.clients.jedis.exceptions.JedisConnectionException: Could not get a resource from the pool" type="org.springframework.data.redis.RedisConnectionFailureException">org.springframework.data.redis.RedisConnectionFailureException: Cannot get Jedis connection; nested exception is redis.clients.jedis.exceptions.JedisConnectionException: Could not get a resource from the pool
Caused by: redis.clients.jedis.exceptions.JedisConnectionException: Could not get a resource from the pool
Caused by: redis.clients.jedis.exceptions.JedisConnectionException: java.net.ConnectException: Conexão recusada
Caused by: java.net.ConnectException: Conexão recusada
</error>
  </testcase>
  <testcase name="testDescendingIterator[6]" classname="org.springframework.data.redis.support.collections.RedisListTests" time="0.001">
    <error message="Cannot get Jedis connection; nested exception is redis.clients.jedis.exceptions.JedisConnectionException: Could not get a resource from the pool" type="org.springframework.data.redis.RedisConnectionFailureException">org.springframework.data.redis.RedisConnectionFailureException: Cannot get Jedis connection; nested exception is redis.clients.jedis.exceptions.JedisConnectionException: Could not get a resource from the pool
Caused by: redis.clients.jedis.exceptions.JedisConnectionException: Could not get a resource from the pool
Caused by: redis.clients.jedis.exceptions.JedisConnectionException: java.net.ConnectException: Conexão recusada
Caused by: java.net.ConnectException: Conexão recusada
</error>
  </testcase>
  <testcase name="testDescendingIterator[6]" classname="org.springframework.data.redis.support.collections.RedisListTests" time="0.001">
    <error message="Cannot get Jedis connection; nested exception is redis.clients.jedis.exceptions.JedisConnectionException: Could not get a resource from the pool" type="org.springframework.data.redis.RedisConnectionFailureException">org.springframework.data.redis.RedisConnectionFailureException: Cannot get Jedis connection; nested exception is redis.clients.jedis.exceptions.JedisConnectionException: Could not get a resource from the pool
Caused by: redis.clients.jedis.exceptions.JedisConnectionException: Could not get a resource from the pool
Caused by: redis.clients.jedis.exceptions.JedisConnectionException: java.net.ConnectException: Conexão recusada
Caused by: java.net.ConnectException: Conexão recusada
</error>
  </testcase>
  <testcase name="testAddFirst[6]" classname="org.springframework.data.redis.support.collections.RedisListTests" time="0.001">
    <error message="Cannot get Jedis connection; nested exception is redis.clients.jedis.exceptions.JedisConnectionException: Could not get a resource from the pool" type="org.springframework.data.redis.RedisConnectionFailureException">org.springframework.data.redis.RedisConnectionFailureException: Cannot get Jedis connection; nested exception is redis.clients.jedis.exceptions.JedisConnectionException: Could not get a resource from the pool
Caused by: redis.clients.jedis.exceptions.JedisConnectionException: Could not get a resource from the pool
Caused by: redis.clients.jedis.exceptions.JedisConnectionException: java.net.ConnectException: Conexão recusada
Caused by: java.net.ConnectException: Conexão recusada
</error>
  </testcase>
  <testcase name="testAddFirst[6]" classname="org.springframework.data.redis.support.collections.RedisListTests" time="0.001">
    <error message="Cannot get Jedis connection; nested exception is redis.clients.jedis.exceptions.JedisConnectionException: Could not get a resource from the pool" type="org.springframework.data.redis.RedisConnectionFailureException">org.springframework.data.redis.RedisConnectionFailureException: Cannot get Jedis connection; nested exception is redis.clients.jedis.exceptions.JedisConnectionException: Could not get a resource from the pool
Caused by: redis.clients.jedis.exceptions.JedisConnectionException: Could not get a resource from the pool
Caused by: redis.clients.jedis.exceptions.JedisConnectionException: java.net.ConnectException: Conexão recusada
Caused by: java.net.ConnectException: Conexão recusada
</error>
  </testcase>
  <testcase name="testDrainToCollectionWithMaxElements[6]" classname="org.springframework.data.redis.support.collections.RedisListTests" time="0.001">
    <error message="Cannot get Jedis connection; nested exception is redis.clients.jedis.exceptions.JedisConnectionException: Could not get a resource from the pool" type="org.springframework.data.redis.RedisConnectionFailureException">org.springframework.data.redis.RedisConnectionFailureException: Cannot get Jedis connection; nested exception is redis.clients.jedis.exceptions.JedisConnectionException: Could not get a resource from the pool
Caused by: redis.clients.jedis.exceptions.JedisConnectionException: Could not get a resource from the pool
Caused by: redis.clients.jedis.exceptions.JedisConnectionException: java.net.ConnectException: Conexão recusada
Caused by: java.net.ConnectException: Conexão recusada
</error>
  </testcase>
  <testcase name="testDrainToCollectionWithMaxElements[6]" classname="org.springframework.data.redis.support.collections.RedisListTests" time="0.001">
    <error message="Cannot get Jedis connection; nested exception is redis.clients.jedis.exceptions.JedisConnectionException: Could not get a resource from the pool" type="org.springframework.data.redis.RedisConnectionFailureException">org.springframework.data.redis.RedisConnectionFailureException: Cannot get Jedis connection; nested exception is redis.clients.jedis.exceptions.JedisConnectionException: Could not get a resource from the pool
Caused by: redis.clients.jedis.exceptions.JedisConnectionException: Could not get a resource from the pool
Caused by: redis.clients.jedis.exceptions.JedisConnectionException: java.net.ConnectException: Conexão recusada
Caused by: java.net.ConnectException: Conexão recusada
</error>
  </testcase>
  <testcase name="testTakeLast[6]" classname="org.springframework.data.redis.support.collections.RedisListTests" time="0.001">
    <error message="Cannot get Jedis connection; nested exception is redis.clients.jedis.exceptions.JedisConnectionException: Could not get a resource from the pool" type="org.springframework.data.redis.RedisConnectionFailureException">org.springframework.data.redis.RedisConnectionFailureException: Cannot get Jedis connection; nested exception is redis.clients.jedis.exceptions.JedisConnectionException: Could not get a resource from the pool
Caused by: redis.clients.jedis.exceptions.JedisConnectionException: Could not get a resource from the pool
Caused by: redis.clients.jedis.exceptions.JedisConnectionException: java.net.ConnectException: Conexão recusada
Caused by: java.net.ConnectException: Conexão recusada
</error>
  </testcase>
  <testcase name="testTakeLast[6]" classname="org.springframework.data.redis.support.collections.RedisListTests" time="0.001">
    <error message="Cannot get Jedis connection; nested exception is redis.clients.jedis.exceptions.JedisConnectionException: Could not get a resource from the pool" type="org.springframework.data.redis.RedisConnectionFailureException">org.springframework.data.redis.RedisConnectionFailureException: Cannot get Jedis connection; nested exception is redis.clients.jedis.exceptions.JedisConnectionException: Could not get a resource from the pool
Caused by: redis.clients.jedis.exceptions.JedisConnectionException: Could not get a resource from the pool
Caused by: redis.clients.jedis.exceptions.JedisConnectionException: java.net.ConnectException: Conexão recusada
Caused by: java.net.ConnectException: Conexão recusada
</error>
  </testcase>
  <testcase name="testRemainingCapacity[6]" classname="org.springframework.data.redis.support.collections.RedisListTests" time="0.001">
    <error message="Cannot get Jedis connection; nested exception is redis.clients.jedis.exceptions.JedisConnectionException: Could not get a resource from the pool" type="org.springframework.data.redis.RedisConnectionFailureException">org.springframework.data.redis.RedisConnectionFailureException: Cannot get Jedis connection; nested exception is redis.clients.jedis.exceptions.JedisConnectionException: Could not get a resource from the pool
Caused by: redis.clients.jedis.exceptions.JedisConnectionException: Could not get a resource from the pool
Caused by: redis.clients.jedis.exceptions.JedisConnectionException: java.net.ConnectException: Conexão recusada
Caused by: java.net.ConnectException: Conexão recusada
</error>
  </testcase>
  <testcase name="testRemoveLast[6]" classname="org.springframework.data.redis.support.collections.RedisListTests" time="0">
    <error message="Cannot get Jedis connection; nested exception is redis.clients.jedis.exceptions.JedisConnectionException: Could not get a resource from the pool" type="org.springframework.data.redis.RedisConnectionFailureException">org.springframework.data.redis.RedisConnectionFailureException: Cannot get Jedis connection; nested exception is redis.clients.jedis.exceptions.JedisConnectionException: Could not get a resource from the pool
Caused by: redis.clients.jedis.exceptions.JedisConnectionException: Could not get a resource from the pool
Caused by: redis.clients.jedis.exceptions.JedisConnectionException: java.net.ConnectException: Conexão recusada
Caused by: java.net.ConnectException: Conexão recusada
</error>
  </testcase>
  <testcase name="testRemoveLast[6]" classname="org.springframework.data.redis.support.collections.RedisListTests" time="0.001">
    <error message="Cannot get Jedis connection; nested exception is redis.clients.jedis.exceptions.JedisConnectionException: Could not get a resource from the pool" type="org.springframework.data.redis.RedisConnectionFailureException">org.springframework.data.redis.RedisConnectionFailureException: Cannot get Jedis connection; nested exception is redis.clients.jedis.exceptions.JedisConnectionException: Could not get a resource from the pool
Caused by: redis.clients.jedis.exceptions.JedisConnectionException: Could not get a resource from the pool
Caused by: redis.clients.jedis.exceptions.JedisConnectionException: java.net.ConnectException: Conexão recusada
Caused by: java.net.ConnectException: Conexão recusada
</error>
  </testcase>
  <testcase name="testAddIndexObjectHead[6]" classname="org.springframework.data.redis.support.collections.RedisListTests" time="0">
    <error message="Cannot get Jedis connection; nested exception is redis.clients.jedis.exceptions.JedisConnectionException: Could not get a resource from the pool" type="org.springframework.data.redis.RedisConnectionFailureException">org.springframework.data.redis.RedisConnectionFailureException: Cannot get Jedis connection; nested exception is redis.clients.jedis.exceptions.JedisConnectionException: Could not get a resource from the pool
Caused by: redis.clients.jedis.exceptions.JedisConnectionException: Could not get a resource from the pool
Caused by: redis.clients.jedis.exceptions.JedisConnectionException: java.net.ConnectException: Conexão recusada
Caused by: java.net.ConnectException: Conexão recusada
</error>
  </testcase>
  <testcase name="testAddIndexObjectHead[6]" classname="org.springframework.data.redis.support.collections.RedisListTests" time="0.001">
    <error message="Cannot get Jedis connection; nested exception is redis.clients.jedis.exceptions.JedisConnectionException: Could not get a resource from the pool" type="org.springframework.data.redis.RedisConnectionFailureException">org.springframework.data.redis.RedisConnectionFailureException: Cannot get Jedis connection; nested exception is redis.clients.jedis.exceptions.JedisConnectionException: Could not get a resource from the pool
Caused by: redis.clients.jedis.exceptions.JedisConnectionException: Could not get a resource from the pool
Caused by: redis.clients.jedis.exceptions.JedisConnectionException: java.net.ConnectException: Conexão recusada
Caused by: java.net.ConnectException: Conexão recusada
</error>
  </testcase>
  <testcase name="testAddIndexObjectTail[6]" classname="org.springframework.data.redis.support.collections.RedisListTests" time="0">
    <error message="Cannot get Jedis connection; nested exception is redis.clients.jedis.exceptions.JedisConnectionException: Could not get a resource from the pool" type="org.springframework.data.redis.RedisConnectionFailureException">org.springframework.data.redis.RedisConnectionFailureException: Cannot get Jedis connection; nested exception is redis.clients.jedis.exceptions.JedisConnectionException: Could not get a resource from the pool
Caused by: redis.clients.jedis.exceptions.JedisConnectionException: Could not get a resource from the pool
Caused by: redis.clients.jedis.exceptions.JedisConnectionException: java.net.ConnectException: Conexão recusada
Caused by: java.net.ConnectException: Conexão recusada
</error>
  </testcase>
  <testcase name="testAddIndexObjectTail[6]" classname="org.springframework.data.redis.support.collections.RedisListTests" time="0">
    <error message="Cannot get Jedis connection; nested exception is redis.clients.jedis.exceptions.JedisConnectionException: Could not get a resource from the pool" type="org.springframework.data.redis.RedisConnectionFailureException">org.springframework.data.redis.RedisConnectionFailureException: Cannot get Jedis connection; nested exception is redis.clients.jedis.exceptions.JedisConnectionException: Could not get a resource from the pool
Caused by: redis.clients.jedis.exceptions.JedisConnectionException: Could not get a resource from the pool
Caused by: redis.clients.jedis.exceptions.JedisConnectionException: java.net.ConnectException: Conexão recusada
Caused by: java.net.ConnectException: Conexão recusada
</error>
  </testcase>
  <testcase name="testPollFirst[6]" classname="org.springframework.data.redis.support.collections.RedisListTests" time="0.001">
    <error message="Cannot get Jedis connection; nested exception is redis.clients.jedis.exceptions.JedisConnectionException: Could not get a resource from the pool" type="org.springframework.data.redis.RedisConnectionFailureException">org.springframework.data.redis.RedisConnectionFailureException: Cannot get Jedis connection; nested exception is redis.clients.jedis.exceptions.JedisConnectionException: Could not get a resource from the pool
Caused by: redis.clients.jedis.exceptions.JedisConnectionException: Could not get a resource from the pool
Caused by: redis.clients.jedis.exceptions.JedisConnectionException: java.net.ConnectException: Conexão recusada
Caused by: java.net.ConnectException: Conexão recusada
</error>
  </testcase>
  <testcase name="testPollFirst[6]" classname="org.springframework.data.redis.support.collections.RedisListTests" time="0.001">
    <error message="Cannot get Jedis connection; nested exception is redis.clients.jedis.exceptions.JedisConnectionException: Could not get a resource from the pool" type="org.springframework.data.redis.RedisConnectionFailureException">org.springframework.data.redis.RedisConnectionFailureException: Cannot get Jedis connection; nested exception is redis.clients.jedis.exceptions.JedisConnectionException: Could not get a resource from the pool
Caused by: redis.clients.jedis.exceptions.JedisConnectionException: Could not get a resource from the pool
Caused by: redis.clients.jedis.exceptions.JedisConnectionException: java.net.ConnectException: Conexão recusada
Caused by: java.net.ConnectException: Conexão recusada
</error>
  </testcase>
  <testcase name="testAddIndexObjectMiddle[6]" classname="org.springframework.data.redis.support.collections.RedisListTests" time="0.001">
    <error message="Unexpected exception, expected&lt;java.lang.IllegalArgumentException&gt; but was&lt;org.springframework.data.redis.RedisConnectionFailureException&gt;" type="java.lang.Exception"><![CDATA[java.lang.Exception: Unexpected exception, expected<java.lang.IllegalArgumentException> but was<org.springframework.data.redis.RedisConnectionFailureException>
Caused by: org.springframework.data.redis.RedisConnectionFailureException: Cannot get Jedis connection; nested exception is redis.clients.jedis.exceptions.JedisConnectionException: Could not get a resource from the pool
Caused by: redis.clients.jedis.exceptions.JedisConnectionException: Could not get a resource from the pool
Caused by: redis.clients.jedis.exceptions.JedisConnectionException: java.net.ConnectException: Conexão recusada
Caused by: java.net.ConnectException: Conexão recusada
]]></error>
  </testcase>
  <testcase name="testAddIndexObjectMiddle[6]" classname="org.springframework.data.redis.support.collections.RedisListTests" time="0.001">
    <error message="Cannot get Jedis connection; nested exception is redis.clients.jedis.exceptions.JedisConnectionException: Could not get a resource from the pool" type="org.springframework.data.redis.RedisConnectionFailureException">org.springframework.data.redis.RedisConnectionFailureException: Cannot get Jedis connection; nested exception is redis.clients.jedis.exceptions.JedisConnectionException: Could not get a resource from the pool
Caused by: redis.clients.jedis.exceptions.JedisConnectionException: Could not get a resource from the pool
Caused by: redis.clients.jedis.exceptions.JedisConnectionException: java.net.ConnectException: Conexão recusada
Caused by: java.net.ConnectException: Conexão recusada
</error>
  </testcase>
  <testcase name="testPeekLast[6]" classname="org.springframework.data.redis.support.collections.RedisListTests" time="0.001">
    <error message="Cannot get Jedis connection; nested exception is redis.clients.jedis.exceptions.JedisConnectionException: Could not get a resource from the pool" type="org.springframework.data.redis.RedisConnectionFailureException">org.springframework.data.redis.RedisConnectionFailureException: Cannot get Jedis connection; nested exception is redis.clients.jedis.exceptions.JedisConnectionException: Could not get a resource from the pool
Caused by: redis.clients.jedis.exceptions.JedisConnectionException: Could not get a resource from the pool
Caused by: redis.clients.jedis.exceptions.JedisConnectionException: java.net.ConnectException: Conexão recusada
Caused by: java.net.ConnectException: Conexão recusada
</error>
  </testcase>
  <testcase name="testPeekLast[6]" classname="org.springframework.data.redis.support.collections.RedisListTests" time="0.001">
    <error message="Cannot get Jedis connection; nested exception is redis.clients.jedis.exceptions.JedisConnectionException: Could not get a resource from the pool" type="org.springframework.data.redis.RedisConnectionFailureException">org.springframework.data.redis.RedisConnectionFailureException: Cannot get Jedis connection; nested exception is redis.clients.jedis.exceptions.JedisConnectionException: Could not get a resource from the pool
Caused by: redis.clients.jedis.exceptions.JedisConnectionException: Could not get a resource from the pool
Caused by: redis.clients.jedis.exceptions.JedisConnectionException: java.net.ConnectException: Conexão recusada
Caused by: java.net.ConnectException: Conexão recusada
</error>
  </testcase>
  <testcase name="testRemoveFirstOccurrence[6]" classname="org.springframework.data.redis.support.collections.RedisListTests" time="0">
    <error message="Cannot get Jedis connection; nested exception is redis.clients.jedis.exceptions.JedisConnectionException: Could not get a resource from the pool" type="org.springframework.data.redis.RedisConnectionFailureException">org.springframework.data.redis.RedisConnectionFailureException: Cannot get Jedis connection; nested exception is redis.clients.jedis.exceptions.JedisConnectionException: Could not get a resource from the pool
Caused by: redis.clients.jedis.exceptions.JedisConnectionException: Could not get a resource from the pool
Caused by: redis.clients.jedis.exceptions.JedisConnectionException: java.net.ConnectException: Conexão recusada
Caused by: java.net.ConnectException: Conexão recusada
</error>
  </testcase>
  <testcase name="testRemoveFirstOccurrence[6]" classname="org.springframework.data.redis.support.collections.RedisListTests" time="0.001">
    <error message="Cannot get Jedis connection; nested exception is redis.clients.jedis.exceptions.JedisConnectionException: Could not get a resource from the pool" type="org.springframework.data.redis.RedisConnectionFailureException">org.springframework.data.redis.RedisConnectionFailureException: Cannot get Jedis connection; nested exception is redis.clients.jedis.exceptions.JedisConnectionException: Could not get a resource from the pool
Caused by: redis.clients.jedis.exceptions.JedisConnectionException: Could not get a resource from the pool
Caused by: redis.clients.jedis.exceptions.JedisConnectionException: java.net.ConnectException: Conexão recusada
Caused by: java.net.ConnectException: Conexão recusada
</error>
  </testcase>
  <testcase name="addAllIndexCollectionHead[6]" classname="org.springframework.data.redis.support.collections.RedisListTests" time="0">
    <error message="Cannot get Jedis connection; nested exception is redis.clients.jedis.exceptions.JedisConnectionException: Could not get a resource from the pool" type="org.springframework.data.redis.RedisConnectionFailureException">org.springframework.data.redis.RedisConnectionFailureException: Cannot get Jedis connection; nested exception is redis.clients.jedis.exceptions.JedisConnectionException: Could not get a resource from the pool
Caused by: redis.clients.jedis.exceptions.JedisConnectionException: Could not get a resource from the pool
Caused by: redis.clients.jedis.exceptions.JedisConnectionException: java.net.ConnectException: Conexão recusada
Caused by: java.net.ConnectException: Conexão recusada
</error>
  </testcase>
  <testcase name="addAllIndexCollectionHead[6]" classname="org.springframework.data.redis.support.collections.RedisListTests" time="0">
    <error message="Cannot get Jedis connection; nested exception is redis.clients.jedis.exceptions.JedisConnectionException: Could not get a resource from the pool" type="org.springframework.data.redis.RedisConnectionFailureException">org.springframework.data.redis.RedisConnectionFailureException: Cannot get Jedis connection; nested exception is redis.clients.jedis.exceptions.JedisConnectionException: Could not get a resource from the pool
Caused by: redis.clients.jedis.exceptions.JedisConnectionException: Could not get a resource from the pool
Caused by: redis.clients.jedis.exceptions.JedisConnectionException: java.net.ConnectException: Conexão recusada
Caused by: java.net.ConnectException: Conexão recusada
</error>
  </testcase>
  <testcase name="addAllIndexCollectionTail[6]" classname="org.springframework.data.redis.support.collections.RedisListTests" time="0">
    <error message="Cannot get Jedis connection; nested exception is redis.clients.jedis.exceptions.JedisConnectionException: Could not get a resource from the pool" type="org.springframework.data.redis.RedisConnectionFailureException">org.springframework.data.redis.RedisConnectionFailureException: Cannot get Jedis connection; nested exception is redis.clients.jedis.exceptions.JedisConnectionException: Could not get a resource from the pool
Caused by: redis.clients.jedis.exceptions.JedisConnectionException: Could not get a resource from the pool
Caused by: redis.clients.jedis.exceptions.JedisConnectionException: java.net.ConnectException: Conexão recusada
Caused by: java.net.ConnectException: Conexão recusada
</error>
  </testcase>
  <testcase name="addAllIndexCollectionTail[6]" classname="org.springframework.data.redis.support.collections.RedisListTests" time="0">
    <error message="Cannot get Jedis connection; nested exception is redis.clients.jedis.exceptions.JedisConnectionException: Could not get a resource from the pool" type="org.springframework.data.redis.RedisConnectionFailureException">org.springframework.data.redis.RedisConnectionFailureException: Cannot get Jedis connection; nested exception is redis.clients.jedis.exceptions.JedisConnectionException: Could not get a resource from the pool
Caused by: redis.clients.jedis.exceptions.JedisConnectionException: Could not get a resource from the pool
Caused by: redis.clients.jedis.exceptions.JedisConnectionException: java.net.ConnectException: Conexão recusada
Caused by: java.net.ConnectException: Conexão recusada
</error>
  </testcase>
  <testcase name="addAllIndexCollectionMiddle[6]" classname="org.springframework.data.redis.support.collections.RedisListTests" time="0.001">
    <error message="Unexpected exception, expected&lt;java.lang.IllegalArgumentException&gt; but was&lt;org.springframework.data.redis.RedisConnectionFailureException&gt;" type="java.lang.Exception"><![CDATA[java.lang.Exception: Unexpected exception, expected<java.lang.IllegalArgumentException> but was<org.springframework.data.redis.RedisConnectionFailureException>
Caused by: org.springframework.data.redis.RedisConnectionFailureException: Cannot get Jedis connection; nested exception is redis.clients.jedis.exceptions.JedisConnectionException: Could not get a resource from the pool
Caused by: redis.clients.jedis.exceptions.JedisConnectionException: Could not get a resource from the pool
Caused by: redis.clients.jedis.exceptions.JedisConnectionException: java.net.ConnectException: Conexão recusada
Caused by: java.net.ConnectException: Conexão recusada
]]></error>
  </testcase>
  <testcase name="addAllIndexCollectionMiddle[6]" classname="org.springframework.data.redis.support.collections.RedisListTests" time="0.001">
    <error message="Cannot get Jedis connection; nested exception is redis.clients.jedis.exceptions.JedisConnectionException: Could not get a resource from the pool" type="org.springframework.data.redis.RedisConnectionFailureException">org.springframework.data.redis.RedisConnectionFailureException: Cannot get Jedis connection; nested exception is redis.clients.jedis.exceptions.JedisConnectionException: Could not get a resource from the pool
Caused by: redis.clients.jedis.exceptions.JedisConnectionException: Could not get a resource from the pool
Caused by: redis.clients.jedis.exceptions.JedisConnectionException: java.net.ConnectException: Conexão recusada
Caused by: java.net.ConnectException: Conexão recusada
</error>
  </testcase>
  <testcase name="testPollLast[6]" classname="org.springframework.data.redis.support.collections.RedisListTests" time="0.001">
    <error message="Cannot get Jedis connection; nested exception is redis.clients.jedis.exceptions.JedisConnectionException: Could not get a resource from the pool" type="org.springframework.data.redis.RedisConnectionFailureException">org.springframework.data.redis.RedisConnectionFailureException: Cannot get Jedis connection; nested exception is redis.clients.jedis.exceptions.JedisConnectionException: Could not get a resource from the pool
Caused by: redis.clients.jedis.exceptions.JedisConnectionException: Could not get a resource from the pool
Caused by: redis.clients.jedis.exceptions.JedisConnectionException: java.net.ConnectException: Conexão recusada
Caused by: java.net.ConnectException: Conexão recusada
</error>
  </testcase>
  <testcase name="testPollLast[6]" classname="org.springframework.data.redis.support.collections.RedisListTests" time="0.001">
    <error message="Cannot get Jedis connection; nested exception is redis.clients.jedis.exceptions.JedisConnectionException: Could not get a resource from the pool" type="org.springframework.data.redis.RedisConnectionFailureException">org.springframework.data.redis.RedisConnectionFailureException: Cannot get Jedis connection; nested exception is redis.clients.jedis.exceptions.JedisConnectionException: Could not get a resource from the pool
Caused by: redis.clients.jedis.exceptions.JedisConnectionException: Could not get a resource from the pool
Caused by: redis.clients.jedis.exceptions.JedisConnectionException: java.net.ConnectException: Conexão recusada
Caused by: java.net.ConnectException: Conexão recusada
</error>
  </testcase>
  <testcase name="testIndexOfObject[6]" classname="org.springframework.data.redis.support.collections.RedisListTests" time="0">
    <error message="Cannot get Jedis connection; nested exception is redis.clients.jedis.exceptions.JedisConnectionException: Could not get a resource from the pool" type="org.springframework.data.redis.RedisConnectionFailureException">org.springframework.data.redis.RedisConnectionFailureException: Cannot get Jedis connection; nested exception is redis.clients.jedis.exceptions.JedisConnectionException: Could not get a resource from the pool
Caused by: redis.clients.jedis.exceptions.JedisConnectionException: Could not get a resource from the pool
Caused by: redis.clients.jedis.exceptions.JedisConnectionException: java.net.ConnectException: Conexão recusada
Caused by: java.net.ConnectException: Conexão recusada
</error>
  </testcase>
  <testcase name="testPollTimeout[6]" classname="org.springframework.data.redis.support.collections.RedisListTests" time="0.001">
    <error message="Cannot get Jedis connection; nested exception is redis.clients.jedis.exceptions.JedisConnectionException: Could not get a resource from the pool" type="org.springframework.data.redis.RedisConnectionFailureException">org.springframework.data.redis.RedisConnectionFailureException: Cannot get Jedis connection; nested exception is redis.clients.jedis.exceptions.JedisConnectionException: Could not get a resource from the pool
Caused by: redis.clients.jedis.exceptions.JedisConnectionException: Could not get a resource from the pool
Caused by: redis.clients.jedis.exceptions.JedisConnectionException: java.net.ConnectException: Conexão recusada
Caused by: java.net.ConnectException: Conexão recusada
</error>
  </testcase>
  <testcase name="testPollTimeout[6]" classname="org.springframework.data.redis.support.collections.RedisListTests" time="0.001">
    <error message="Cannot get Jedis connection; nested exception is redis.clients.jedis.exceptions.JedisConnectionException: Could not get a resource from the pool" type="org.springframework.data.redis.RedisConnectionFailureException">org.springframework.data.redis.RedisConnectionFailureException: Cannot get Jedis connection; nested exception is redis.clients.jedis.exceptions.JedisConnectionException: Could not get a resource from the pool
Caused by: redis.clients.jedis.exceptions.JedisConnectionException: Could not get a resource from the pool
Caused by: redis.clients.jedis.exceptions.JedisConnectionException: java.net.ConnectException: Conexão recusada
Caused by: java.net.ConnectException: Conexão recusada
</error>
  </testcase>
  <testcase name="testRemove[6]" classname="org.springframework.data.redis.support.collections.RedisListTests" time="0.001">
    <error message="Cannot get Jedis connection; nested exception is redis.clients.jedis.exceptions.JedisConnectionException: Could not get a resource from the pool" type="org.springframework.data.redis.RedisConnectionFailureException">org.springframework.data.redis.RedisConnectionFailureException: Cannot get Jedis connection; nested exception is redis.clients.jedis.exceptions.JedisConnectionException: Could not get a resource from the pool
Caused by: redis.clients.jedis.exceptions.JedisConnectionException: Could not get a resource from the pool
Caused by: redis.clients.jedis.exceptions.JedisConnectionException: java.net.ConnectException: Conexão recusada
Caused by: java.net.ConnectException: Conexão recusada
</error>
  </testcase>
  <testcase name="testRemove[6]" classname="org.springframework.data.redis.support.collections.RedisListTests" time="0.001">
    <error message="Cannot get Jedis connection; nested exception is redis.clients.jedis.exceptions.JedisConnectionException: Could not get a resource from the pool" type="org.springframework.data.redis.RedisConnectionFailureException">org.springframework.data.redis.RedisConnectionFailureException: Cannot get Jedis connection; nested exception is redis.clients.jedis.exceptions.JedisConnectionException: Could not get a resource from the pool
Caused by: redis.clients.jedis.exceptions.JedisConnectionException: Could not get a resource from the pool
Caused by: redis.clients.jedis.exceptions.JedisConnectionException: java.net.ConnectException: Conexão recusada
Caused by: java.net.ConnectException: Conexão recusada
</error>
  </testcase>
  <testcase name="testCappedCollection[6]" classname="org.springframework.data.redis.support.collections.RedisListTests" time="0.001">
    <error message="Cannot get Jedis connection; nested exception is redis.clients.jedis.exceptions.JedisConnectionException: Could not get a resource from the pool" type="org.springframework.data.redis.RedisConnectionFailureException">org.springframework.data.redis.RedisConnectionFailureException: Cannot get Jedis connection; nested exception is redis.clients.jedis.exceptions.JedisConnectionException: Could not get a resource from the pool
Caused by: redis.clients.jedis.exceptions.JedisConnectionException: Could not get a resource from the pool
Caused by: redis.clients.jedis.exceptions.JedisConnectionException: java.net.ConnectException: Conexão recusada
Caused by: java.net.ConnectException: Conexão recusada
</error>
  </testcase>
  <testcase name="testCappedCollection[6]" classname="org.springframework.data.redis.support.collections.RedisListTests" time="0.001">
    <error message="Cannot get Jedis connection; nested exception is redis.clients.jedis.exceptions.JedisConnectionException: Could not get a resource from the pool" type="org.springframework.data.redis.RedisConnectionFailureException">org.springframework.data.redis.RedisConnectionFailureException: Cannot get Jedis connection; nested exception is redis.clients.jedis.exceptions.JedisConnectionException: Could not get a resource from the pool
Caused by: redis.clients.jedis.exceptions.JedisConnectionException: Could not get a resource from the pool
Caused by: redis.clients.jedis.exceptions.JedisConnectionException: java.net.ConnectException: Conexão recusada
Caused by: java.net.ConnectException: Conexão recusada
</error>
  </testcase>
  <testcase name="testRmoveLastOccurrence[6]" classname="org.springframework.data.redis.support.collections.RedisListTests" time="0.001">
    <error message="Cannot get Jedis connection; nested exception is redis.clients.jedis.exceptions.JedisConnectionException: Could not get a resource from the pool" type="org.springframework.data.redis.RedisConnectionFailureException">org.springframework.data.redis.RedisConnectionFailureException: Cannot get Jedis connection; nested exception is redis.clients.jedis.exceptions.JedisConnectionException: Could not get a resource from the pool
Caused by: redis.clients.jedis.exceptions.JedisConnectionException: Could not get a resource from the pool
Caused by: redis.clients.jedis.exceptions.JedisConnectionException: java.net.ConnectException: Conexão recusada
Caused by: java.net.ConnectException: Conexão recusada
</error>
  </testcase>
  <testcase name="testRmoveLastOccurrence[6]" classname="org.springframework.data.redis.support.collections.RedisListTests" time="0.001">
    <error message="Cannot get Jedis connection; nested exception is redis.clients.jedis.exceptions.JedisConnectionException: Could not get a resource from the pool" type="org.springframework.data.redis.RedisConnectionFailureException">org.springframework.data.redis.RedisConnectionFailureException: Cannot get Jedis connection; nested exception is redis.clients.jedis.exceptions.JedisConnectionException: Could not get a resource from the pool
Caused by: redis.clients.jedis.exceptions.JedisConnectionException: Could not get a resource from the pool
Caused by: redis.clients.jedis.exceptions.JedisConnectionException: java.net.ConnectException: Conexão recusada
Caused by: java.net.ConnectException: Conexão recusada
</error>
  </testcase>
  <testcase name="testTakeFirst[6]" classname="org.springframework.data.redis.support.collections.RedisListTests" time="0">
    <error message="Cannot get Jedis connection; nested exception is redis.clients.jedis.exceptions.JedisConnectionException: Could not get a resource from the pool" type="org.springframework.data.redis.RedisConnectionFailureException">org.springframework.data.redis.RedisConnectionFailureException: Cannot get Jedis connection; nested exception is redis.clients.jedis.exceptions.JedisConnectionException: Could not get a resource from the pool
Caused by: redis.clients.jedis.exceptions.JedisConnectionException: Could not get a resource from the pool
Caused by: redis.clients.jedis.exceptions.JedisConnectionException: java.net.ConnectException: Conexão recusada
Caused by: java.net.ConnectException: Conexão recusada
</error>
  </testcase>
  <testcase name="testTakeFirst[6]" classname="org.springframework.data.redis.support.collections.RedisListTests" time="0.001">
    <error message="Cannot get Jedis connection; nested exception is redis.clients.jedis.exceptions.JedisConnectionException: Could not get a resource from the pool" type="org.springframework.data.redis.RedisConnectionFailureException">org.springframework.data.redis.RedisConnectionFailureException: Cannot get Jedis connection; nested exception is redis.clients.jedis.exceptions.JedisConnectionException: Could not get a resource from the pool
Caused by: redis.clients.jedis.exceptions.JedisConnectionException: Could not get a resource from the pool
Caused by: redis.clients.jedis.exceptions.JedisConnectionException: java.net.ConnectException: Conexão recusada
Caused by: java.net.ConnectException: Conexão recusada
</error>
  </testcase>
  <testcase name="testContainsObject[6]" classname="org.springframework.data.redis.support.collections.RedisListTests" time="0">
    <error message="Cannot get Jedis connection; nested exception is redis.clients.jedis.exceptions.JedisConnectionException: Could not get a resource from the pool" type="org.springframework.data.redis.RedisConnectionFailureException">org.springframework.data.redis.RedisConnectionFailureException: Cannot get Jedis connection; nested exception is redis.clients.jedis.exceptions.JedisConnectionException: Could not get a resource from the pool
Caused by: redis.clients.jedis.exceptions.JedisConnectionException: Could not get a resource from the pool
Caused by: redis.clients.jedis.exceptions.JedisConnectionException: java.net.ConnectException: Conexão recusada
Caused by: java.net.ConnectException: Conexão recusada
</error>
  </testcase>
  <testcase name="testContainsObject[6]" classname="org.springframework.data.redis.support.collections.RedisListTests" time="0">
    <error message="Cannot get Jedis connection; nested exception is redis.clients.jedis.exceptions.JedisConnectionException: Could not get a resource from the pool" type="org.springframework.data.redis.RedisConnectionFailureException">org.springframework.data.redis.RedisConnectionFailureException: Cannot get Jedis connection; nested exception is redis.clients.jedis.exceptions.JedisConnectionException: Could not get a resource from the pool
Caused by: redis.clients.jedis.exceptions.JedisConnectionException: Could not get a resource from the pool
Caused by: redis.clients.jedis.exceptions.JedisConnectionException: java.net.ConnectException: Conexão recusada
Caused by: java.net.ConnectException: Conexão recusada
</error>
  </testcase>
  <testcase name="testToArray[6]" classname="org.springframework.data.redis.support.collections.RedisListTests" time="0.001">
    <error message="Cannot get Jedis connection; nested exception is redis.clients.jedis.exceptions.JedisConnectionException: Could not get a resource from the pool" type="org.springframework.data.redis.RedisConnectionFailureException">org.springframework.data.redis.RedisConnectionFailureException: Cannot get Jedis connection; nested exception is redis.clients.jedis.exceptions.JedisConnectionException: Could not get a resource from the pool
Caused by: redis.clients.jedis.exceptions.JedisConnectionException: Could not get a resource from the pool
Caused by: redis.clients.jedis.exceptions.JedisConnectionException: java.net.ConnectException: Conexão recusada
Caused by: java.net.ConnectException: Conexão recusada
</error>
  </testcase>
  <testcase name="testToArray[6]" classname="org.springframework.data.redis.support.collections.RedisListTests" time="0.001">
    <error message="Cannot get Jedis connection; nested exception is redis.clients.jedis.exceptions.JedisConnectionException: Could not get a resource from the pool" type="org.springframework.data.redis.RedisConnectionFailureException">org.springframework.data.redis.RedisConnectionFailureException: Cannot get Jedis connection; nested exception is redis.clients.jedis.exceptions.JedisConnectionException: Could not get a resource from the pool
Caused by: redis.clients.jedis.exceptions.JedisConnectionException: Could not get a resource from the pool
Caused by: redis.clients.jedis.exceptions.JedisConnectionException: java.net.ConnectException: Conexão recusada
Caused by: java.net.ConnectException: Conexão recusada
</error>
  </testcase>
  <testcase name="testAdd[6]" classname="org.springframework.data.redis.support.collections.RedisListTests" time="0.001">
    <error message="Cannot get Jedis connection; nested exception is redis.clients.jedis.exceptions.JedisConnectionException: Could not get a resource from the pool" type="org.springframework.data.redis.RedisConnectionFailureException">org.springframework.data.redis.RedisConnectionFailureException: Cannot get Jedis connection; nested exception is redis.clients.jedis.exceptions.JedisConnectionException: Could not get a resource from the pool
Caused by: redis.clients.jedis.exceptions.JedisConnectionException: Could not get a resource from the pool
Caused by: redis.clients.jedis.exceptions.JedisConnectionException: java.net.ConnectException: Conexão recusada
Caused by: java.net.ConnectException: Conexão recusada
</error>
  </testcase>
  <testcase name="testAdd[6]" classname="org.springframework.data.redis.support.collections.RedisListTests" time="0.001">
    <error message="Cannot get Jedis connection; nested exception is redis.clients.jedis.exceptions.JedisConnectionException: Could not get a resource from the pool" type="org.springframework.data.redis.RedisConnectionFailureException">org.springframework.data.redis.RedisConnectionFailureException: Cannot get Jedis connection; nested exception is redis.clients.jedis.exceptions.JedisConnectionException: Could not get a resource from the pool
Caused by: redis.clients.jedis.exceptions.JedisConnectionException: Could not get a resource from the pool
Caused by: redis.clients.jedis.exceptions.JedisConnectionException: java.net.ConnectException: Conexão recusada
Caused by: java.net.ConnectException: Conexão recusada
</error>
  </testcase>
  <testcase name="testClear[6]" classname="org.springframework.data.redis.support.collections.RedisListTests" time="0.001">
    <error message="Cannot get Jedis connection; nested exception is redis.clients.jedis.exceptions.JedisConnectionException: Could not get a resource from the pool" type="org.springframework.data.redis.RedisConnectionFailureException">org.springframework.data.redis.RedisConnectionFailureException: Cannot get Jedis connection; nested exception is redis.clients.jedis.exceptions.JedisConnectionException: Could not get a resource from the pool
Caused by: redis.clients.jedis.exceptions.JedisConnectionException: Could not get a resource from the pool
Caused by: redis.clients.jedis.exceptions.JedisConnectionException: java.net.ConnectException: Conexão recusada
Caused by: java.net.ConnectException: Conexão recusada
</error>
  </testcase>
  <testcase name="testClear[6]" classname="org.springframework.data.redis.support.collections.RedisListTests" time="0.001">
    <error message="Cannot get Jedis connection; nested exception is redis.clients.jedis.exceptions.JedisConnectionException: Could not get a resource from the pool" type="org.springframework.data.redis.RedisConnectionFailureException">org.springframework.data.redis.RedisConnectionFailureException: Cannot get Jedis connection; nested exception is redis.clients.jedis.exceptions.JedisConnectionException: Could not get a resource from the pool
Caused by: redis.clients.jedis.exceptions.JedisConnectionException: Could not get a resource from the pool
Caused by: redis.clients.jedis.exceptions.JedisConnectionException: java.net.ConnectException: Conexão recusada
Caused by: java.net.ConnectException: Conexão recusada
</error>
  </testcase>
  <testcase name="testSize[6]" classname="org.springframework.data.redis.support.collections.RedisListTests" time="0.001">
    <error message="Cannot get Jedis connection; nested exception is redis.clients.jedis.exceptions.JedisConnectionException: Could not get a resource from the pool" type="org.springframework.data.redis.RedisConnectionFailureException">org.springframework.data.redis.RedisConnectionFailureException: Cannot get Jedis connection; nested exception is redis.clients.jedis.exceptions.JedisConnectionException: Could not get a resource from the pool
Caused by: redis.clients.jedis.exceptions.JedisConnectionException: Could not get a resource from the pool
Caused by: redis.clients.jedis.exceptions.JedisConnectionException: java.net.ConnectException: Conexão recusada
Caused by: java.net.ConnectException: Conexão recusada
</error>
  </testcase>
  <testcase name="testSize[6]" classname="org.springframework.data.redis.support.collections.RedisListTests" time="0.001">
    <error message="Cannot get Jedis connection; nested exception is redis.clients.jedis.exceptions.JedisConnectionException: Could not get a resource from the pool" type="org.springframework.data.redis.RedisConnectionFailureException">org.springframework.data.redis.RedisConnectionFailureException: Cannot get Jedis connection; nested exception is redis.clients.jedis.exceptions.JedisConnectionException: Could not get a resource from the pool
Caused by: redis.clients.jedis.exceptions.JedisConnectionException: Could not get a resource from the pool
Caused by: redis.clients.jedis.exceptions.JedisConnectionException: java.net.ConnectException: Conexão recusada
Caused by: java.net.ConnectException: Conexão recusada
</error>
  </testcase>
  <testcase name="testToString[6]" classname="org.springframework.data.redis.support.collections.RedisListTests" time="0.001">
    <error message="Cannot get Jedis connection; nested exception is redis.clients.jedis.exceptions.JedisConnectionException: Could not get a resource from the pool" type="org.springframework.data.redis.RedisConnectionFailureException">org.springframework.data.redis.RedisConnectionFailureException: Cannot get Jedis connection; nested exception is redis.clients.jedis.exceptions.JedisConnectionException: Could not get a resource from the pool
Caused by: redis.clients.jedis.exceptions.JedisConnectionException: Could not get a resource from the pool
Caused by: redis.clients.jedis.exceptions.JedisConnectionException: java.net.ConnectException: Conexão recusada
Caused by: java.net.ConnectException: Conexão recusada
</error>
  </testcase>
  <testcase name="testToString[6]" classname="org.springframework.data.redis.support.collections.RedisListTests" time="0.001">
    <error message="Cannot get Jedis connection; nested exception is redis.clients.jedis.exceptions.JedisConnectionException: Could not get a resource from the pool" type="org.springframework.data.redis.RedisConnectionFailureException">org.springframework.data.redis.RedisConnectionFailureException: Cannot get Jedis connection; nested exception is redis.clients.jedis.exceptions.JedisConnectionException: Could not get a resource from the pool
Caused by: redis.clients.jedis.exceptions.JedisConnectionException: Could not get a resource from the pool
Caused by: redis.clients.jedis.exceptions.JedisConnectionException: java.net.ConnectException: Conexão recusada
Caused by: java.net.ConnectException: Conexão recusada
</error>
  </testcase>
  <testcase name="testContainsAll[6]" classname="org.springframework.data.redis.support.collections.RedisListTests" time="0">
    <error message="Cannot get Jedis connection; nested exception is redis.clients.jedis.exceptions.JedisConnectionException: Could not get a resource from the pool" type="org.springframework.data.redis.RedisConnectionFailureException">org.springframework.data.redis.RedisConnectionFailureException: Cannot get Jedis connection; nested exception is redis.clients.jedis.exceptions.JedisConnectionException: Could not get a resource from the pool
Caused by: redis.clients.jedis.exceptions.JedisConnectionException: Could not get a resource from the pool
Caused by: redis.clients.jedis.exceptions.JedisConnectionException: java.net.ConnectException: Conexão recusada
Caused by: java.net.ConnectException: Conexão recusada
</error>
  </testcase>
  <testcase name="testContainsAll[6]" classname="org.springframework.data.redis.support.collections.RedisListTests" time="0.001">
    <error message="Cannot get Jedis connection; nested exception is redis.clients.jedis.exceptions.JedisConnectionException: Could not get a resource from the pool" type="org.springframework.data.redis.RedisConnectionFailureException">org.springframework.data.redis.RedisConnectionFailureException: Cannot get Jedis connection; nested exception is redis.clients.jedis.exceptions.JedisConnectionException: Could not get a resource from the pool
Caused by: redis.clients.jedis.exceptions.JedisConnectionException: Could not get a resource from the pool
Caused by: redis.clients.jedis.exceptions.JedisConnectionException: java.net.ConnectException: Conexão recusada
Caused by: java.net.ConnectException: Conexão recusada
</error>
  </testcase>
  <testcase name="testRemoveObject[6]" classname="org.springframework.data.redis.support.collections.RedisListTests" time="0">
    <error message="Cannot get Jedis connection; nested exception is redis.clients.jedis.exceptions.JedisConnectionException: Could not get a resource from the pool" type="org.springframework.data.redis.RedisConnectionFailureException">org.springframework.data.redis.RedisConnectionFailureException: Cannot get Jedis connection; nested exception is redis.clients.jedis.exceptions.JedisConnectionException: Could not get a resource from the pool
Caused by: redis.clients.jedis.exceptions.JedisConnectionException: Could not get a resource from the pool
Caused by: redis.clients.jedis.exceptions.JedisConnectionException: java.net.ConnectException: Conexão recusada
Caused by: java.net.ConnectException: Conexão recusada
</error>
  </testcase>
  <testcase name="testRemoveObject[6]" classname="org.springframework.data.redis.support.collections.RedisListTests" time="0">
    <error message="Cannot get Jedis connection; nested exception is redis.clients.jedis.exceptions.JedisConnectionException: Could not get a resource from the pool" type="org.springframework.data.redis.RedisConnectionFailureException">org.springframework.data.redis.RedisConnectionFailureException: Cannot get Jedis connection; nested exception is redis.clients.jedis.exceptions.JedisConnectionException: Could not get a resource from the pool
Caused by: redis.clients.jedis.exceptions.JedisConnectionException: Could not get a resource from the pool
Caused by: redis.clients.jedis.exceptions.JedisConnectionException: java.net.ConnectException: Conexão recusada
Caused by: java.net.ConnectException: Conexão recusada
</error>
  </testcase>
  <testcase name="testHashCode[6]" classname="org.springframework.data.redis.support.collections.RedisListTests" time="0.001">
    <error message="Cannot get Jedis connection; nested exception is redis.clients.jedis.exceptions.JedisConnectionException: Could not get a resource from the pool" type="org.springframework.data.redis.RedisConnectionFailureException">org.springframework.data.redis.RedisConnectionFailureException: Cannot get Jedis connection; nested exception is redis.clients.jedis.exceptions.JedisConnectionException: Could not get a resource from the pool
Caused by: redis.clients.jedis.exceptions.JedisConnectionException: Could not get a resource from the pool
Caused by: redis.clients.jedis.exceptions.JedisConnectionException: java.net.ConnectException: Conexão recusada
Caused by: java.net.ConnectException: Conexão recusada
</error>
  </testcase>
  <testcase name="testAddAll[6]" classname="org.springframework.data.redis.support.collections.RedisListTests" time="0">
    <error message="Cannot get Jedis connection; nested exception is redis.clients.jedis.exceptions.JedisConnectionException: Could not get a resource from the pool" type="org.springframework.data.redis.RedisConnectionFailureException">org.springframework.data.redis.RedisConnectionFailureException: Cannot get Jedis connection; nested exception is redis.clients.jedis.exceptions.JedisConnectionException: Could not get a resource from the pool
Caused by: redis.clients.jedis.exceptions.JedisConnectionException: Could not get a resource from the pool
Caused by: redis.clients.jedis.exceptions.JedisConnectionException: java.net.ConnectException: Conexão recusada
Caused by: java.net.ConnectException: Conexão recusada
</error>
  </testcase>
  <testcase name="testAddAll[6]" classname="org.springframework.data.redis.support.collections.RedisListTests" time="0">
    <error message="Cannot get Jedis connection; nested exception is redis.clients.jedis.exceptions.JedisConnectionException: Could not get a resource from the pool" type="org.springframework.data.redis.RedisConnectionFailureException">org.springframework.data.redis.RedisConnectionFailureException: Cannot get Jedis connection; nested exception is redis.clients.jedis.exceptions.JedisConnectionException: Could not get a resource from the pool
Caused by: redis.clients.jedis.exceptions.JedisConnectionException: Could not get a resource from the pool
Caused by: redis.clients.jedis.exceptions.JedisConnectionException: java.net.ConnectException: Conexão recusada
Caused by: java.net.ConnectException: Conexão recusada
</error>
  </testcase>
  <testcase name="removeAll[6]" classname="org.springframework.data.redis.support.collections.RedisListTests" time="0.001">
    <error message="Cannot get Jedis connection; nested exception is redis.clients.jedis.exceptions.JedisConnectionException: Could not get a resource from the pool" type="org.springframework.data.redis.RedisConnectionFailureException">org.springframework.data.redis.RedisConnectionFailureException: Cannot get Jedis connection; nested exception is redis.clients.jedis.exceptions.JedisConnectionException: Could not get a resource from the pool
Caused by: redis.clients.jedis.exceptions.JedisConnectionException: Could not get a resource from the pool
Caused by: redis.clients.jedis.exceptions.JedisConnectionException: java.net.ConnectException: Conexão recusada
Caused by: java.net.ConnectException: Conexão recusada
</error>
  </testcase>
  <testcase name="removeAll[6]" classname="org.springframework.data.redis.support.collections.RedisListTests" time="0.001">
    <error message="Cannot get Jedis connection; nested exception is redis.clients.jedis.exceptions.JedisConnectionException: Could not get a resource from the pool" type="org.springframework.data.redis.RedisConnectionFailureException">org.springframework.data.redis.RedisConnectionFailureException: Cannot get Jedis connection; nested exception is redis.clients.jedis.exceptions.JedisConnectionException: Could not get a resource from the pool
Caused by: redis.clients.jedis.exceptions.JedisConnectionException: Could not get a resource from the pool
Caused by: redis.clients.jedis.exceptions.JedisConnectionException: java.net.ConnectException: Conexão recusada
Caused by: java.net.ConnectException: Conexão recusada
</error>
  </testcase>
  <testcase name="testEquals[6]" classname="org.springframework.data.redis.support.collections.RedisListTests" time="0.001">
    <error message="Cannot get Jedis connection; nested exception is redis.clients.jedis.exceptions.JedisConnectionException: Could not get a resource from the pool" type="org.springframework.data.redis.RedisConnectionFailureException">org.springframework.data.redis.RedisConnectionFailureException: Cannot get Jedis connection; nested exception is redis.clients.jedis.exceptions.JedisConnectionException: Could not get a resource from the pool
Caused by: redis.clients.jedis.exceptions.JedisConnectionException: Could not get a resource from the pool
Caused by: redis.clients.jedis.exceptions.JedisConnectionException: java.net.ConnectException: Conexão recusada
Caused by: java.net.ConnectException: Conexão recusada
</error>
  </testcase>
  <testcase name="testGetKey[6]" classname="org.springframework.data.redis.support.collections.RedisListTests" time="0">
    <error message="Cannot get Jedis connection; nested exception is redis.clients.jedis.exceptions.JedisConnectionException: Could not get a resource from the pool" type="org.springframework.data.redis.RedisConnectionFailureException">org.springframework.data.redis.RedisConnectionFailureException: Cannot get Jedis connection; nested exception is redis.clients.jedis.exceptions.JedisConnectionException: Could not get a resource from the pool
Caused by: redis.clients.jedis.exceptions.JedisConnectionException: Could not get a resource from the pool
Caused by: redis.clients.jedis.exceptions.JedisConnectionException: java.net.ConnectException: Conexão recusada
Caused by: java.net.ConnectException: Conexão recusada
</error>
  </testcase>
  <testcase name="testToArrayWithGenerics[6]" classname="org.springframework.data.redis.support.collections.RedisListTests" time="0.001">
    <error message="Cannot get Jedis connection; nested exception is redis.clients.jedis.exceptions.JedisConnectionException: Could not get a resource from the pool" type="org.springframework.data.redis.RedisConnectionFailureException">org.springframework.data.redis.RedisConnectionFailureException: Cannot get Jedis connection; nested exception is redis.clients.jedis.exceptions.JedisConnectionException: Could not get a resource from the pool
Caused by: redis.clients.jedis.exceptions.JedisConnectionException: Could not get a resource from the pool
Caused by: redis.clients.jedis.exceptions.JedisConnectionException: java.net.ConnectException: Conexão recusada
Caused by: java.net.ConnectException: Conexão recusada
</error>
  </testcase>
  <testcase name="testToArrayWithGenerics[6]" classname="org.springframework.data.redis.support.collections.RedisListTests" time="0.001">
    <error message="Cannot get Jedis connection; nested exception is redis.clients.jedis.exceptions.JedisConnectionException: Could not get a resource from the pool" type="org.springframework.data.redis.RedisConnectionFailureException">org.springframework.data.redis.RedisConnectionFailureException: Cannot get Jedis connection; nested exception is redis.clients.jedis.exceptions.JedisConnectionException: Could not get a resource from the pool
Caused by: redis.clients.jedis.exceptions.JedisConnectionException: Could not get a resource from the pool
Caused by: redis.clients.jedis.exceptions.JedisConnectionException: java.net.ConnectException: Conexão recusada
Caused by: java.net.ConnectException: Conexão recusada
</error>
  </testcase>
  <testcase name="testIsEmpty[6]" classname="org.springframework.data.redis.support.collections.RedisListTests" time="0">
    <error message="Cannot get Jedis connection; nested exception is redis.clients.jedis.exceptions.JedisConnectionException: Could not get a resource from the pool" type="org.springframework.data.redis.RedisConnectionFailureException">org.springframework.data.redis.RedisConnectionFailureException: Cannot get Jedis connection; nested exception is redis.clients.jedis.exceptions.JedisConnectionException: Could not get a resource from the pool
Caused by: redis.clients.jedis.exceptions.JedisConnectionException: Could not get a resource from the pool
Caused by: redis.clients.jedis.exceptions.JedisConnectionException: java.net.ConnectException: Conexão recusada
Caused by: java.net.ConnectException: Conexão recusada
</error>
  </testcase>
  <testcase name="testIsEmpty[6]" classname="org.springframework.data.redis.support.collections.RedisListTests" time="0.001">
    <error message="Cannot get Jedis connection; nested exception is redis.clients.jedis.exceptions.JedisConnectionException: Could not get a resource from the pool" type="org.springframework.data.redis.RedisConnectionFailureException">org.springframework.data.redis.RedisConnectionFailureException: Cannot get Jedis connection; nested exception is redis.clients.jedis.exceptions.JedisConnectionException: Could not get a resource from the pool
Caused by: redis.clients.jedis.exceptions.JedisConnectionException: Could not get a resource from the pool
Caused by: redis.clients.jedis.exceptions.JedisConnectionException: java.net.ConnectException: Conexão recusada
Caused by: java.net.ConnectException: Conexão recusada
</error>
  </testcase>
  <testcase name="testIterator[6]" classname="org.springframework.data.redis.support.collections.RedisListTests" time="0">
    <error message="Cannot get Jedis connection; nested exception is redis.clients.jedis.exceptions.JedisConnectionException: Could not get a resource from the pool" type="org.springframework.data.redis.RedisConnectionFailureException">org.springframework.data.redis.RedisConnectionFailureException: Cannot get Jedis connection; nested exception is redis.clients.jedis.exceptions.JedisConnectionException: Could not get a resource from the pool
Caused by: redis.clients.jedis.exceptions.JedisConnectionException: Could not get a resource from the pool
Caused by: redis.clients.jedis.exceptions.JedisConnectionException: java.net.ConnectException: Conexão recusada
Caused by: java.net.ConnectException: Conexão recusada
</error>
  </testcase>
  <testcase name="testIterator[6]" classname="org.springframework.data.redis.support.collections.RedisListTests" time="0">
    <error message="Cannot get Jedis connection; nested exception is redis.clients.jedis.exceptions.JedisConnectionException: Could not get a resource from the pool" type="org.springframework.data.redis.RedisConnectionFailureException">org.springframework.data.redis.RedisConnectionFailureException: Cannot get Jedis connection; nested exception is redis.clients.jedis.exceptions.JedisConnectionException: Could not get a resource from the pool
Caused by: redis.clients.jedis.exceptions.JedisConnectionException: Could not get a resource from the pool
Caused by: redis.clients.jedis.exceptions.JedisConnectionException: java.net.ConnectException: Conexão recusada
Caused by: java.net.ConnectException: Conexão recusada
</error>
  </testcase>
  <testcase name="testElement[7]" classname="org.springframework.data.redis.support.collections.RedisListTests" time="0">
    <error message="Cannot get Jedis connection; nested exception is redis.clients.jedis.exceptions.JedisConnectionException: Could not get a resource from the pool" type="org.springframework.data.redis.RedisConnectionFailureException">org.springframework.data.redis.RedisConnectionFailureException: Cannot get Jedis connection; nested exception is redis.clients.jedis.exceptions.JedisConnectionException: Could not get a resource from the pool
Caused by: redis.clients.jedis.exceptions.JedisConnectionException: Could not get a resource from the pool
Caused by: redis.clients.jedis.exceptions.JedisConnectionException: java.net.ConnectException: Conexão recusada
Caused by: java.net.ConnectException: Conexão recusada
</error>
  </testcase>
  <testcase name="testElement[7]" classname="org.springframework.data.redis.support.collections.RedisListTests" time="0">
    <error message="Cannot get Jedis connection; nested exception is redis.clients.jedis.exceptions.JedisConnectionException: Could not get a resource from the pool" type="org.springframework.data.redis.RedisConnectionFailureException">org.springframework.data.redis.RedisConnectionFailureException: Cannot get Jedis connection; nested exception is redis.clients.jedis.exceptions.JedisConnectionException: Could not get a resource from the pool
Caused by: redis.clients.jedis.exceptions.JedisConnectionException: Could not get a resource from the pool
Caused by: redis.clients.jedis.exceptions.JedisConnectionException: java.net.ConnectException: Conexão recusada
Caused by: java.net.ConnectException: Conexão recusada
</error>
  </testcase>
  <testcase name="testPutFirst[7]" classname="org.springframework.data.redis.support.collections.RedisListTests" time="0.001">
    <error message="Cannot get Jedis connection; nested exception is redis.clients.jedis.exceptions.JedisConnectionException: Could not get a resource from the pool" type="org.springframework.data.redis.RedisConnectionFailureException">org.springframework.data.redis.RedisConnectionFailureException: Cannot get Jedis connection; nested exception is redis.clients.jedis.exceptions.JedisConnectionException: Could not get a resource from the pool
Caused by: redis.clients.jedis.exceptions.JedisConnectionException: Could not get a resource from the pool
Caused by: redis.clients.jedis.exceptions.JedisConnectionException: java.net.ConnectException: Conexão recusada
Caused by: java.net.ConnectException: Conexão recusada
</error>
  </testcase>
  <testcase name="testPutFirst[7]" classname="org.springframework.data.redis.support.collections.RedisListTests" time="0.001">
    <error message="Cannot get Jedis connection; nested exception is redis.clients.jedis.exceptions.JedisConnectionException: Could not get a resource from the pool" type="org.springframework.data.redis.RedisConnectionFailureException">org.springframework.data.redis.RedisConnectionFailureException: Cannot get Jedis connection; nested exception is redis.clients.jedis.exceptions.JedisConnectionException: Could not get a resource from the pool
Caused by: redis.clients.jedis.exceptions.JedisConnectionException: Could not get a resource from the pool
Caused by: redis.clients.jedis.exceptions.JedisConnectionException: java.net.ConnectException: Conexão recusada
Caused by: java.net.ConnectException: Conexão recusada
</error>
  </testcase>
  <testcase name="testPollLastTimeout[7]" classname="org.springframework.data.redis.support.collections.RedisListTests" time="0.001">
    <error message="Cannot get Jedis connection; nested exception is redis.clients.jedis.exceptions.JedisConnectionException: Could not get a resource from the pool" type="org.springframework.data.redis.RedisConnectionFailureException">org.springframework.data.redis.RedisConnectionFailureException: Cannot get Jedis connection; nested exception is redis.clients.jedis.exceptions.JedisConnectionException: Could not get a resource from the pool
Caused by: redis.clients.jedis.exceptions.JedisConnectionException: Could not get a resource from the pool
Caused by: redis.clients.jedis.exceptions.JedisConnectionException: java.net.ConnectException: Conexão recusada
Caused by: java.net.ConnectException: Conexão recusada
</error>
  </testcase>
  <testcase name="testPollLastTimeout[7]" classname="org.springframework.data.redis.support.collections.RedisListTests" time="0.001">
    <error message="Cannot get Jedis connection; nested exception is redis.clients.jedis.exceptions.JedisConnectionException: Could not get a resource from the pool" type="org.springframework.data.redis.RedisConnectionFailureException">org.springframework.data.redis.RedisConnectionFailureException: Cannot get Jedis connection; nested exception is redis.clients.jedis.exceptions.JedisConnectionException: Could not get a resource from the pool
Caused by: redis.clients.jedis.exceptions.JedisConnectionException: Could not get a resource from the pool
Caused by: redis.clients.jedis.exceptions.JedisConnectionException: java.net.ConnectException: Conexão recusada
Caused by: java.net.ConnectException: Conexão recusada
</error>
  </testcase>
  <testcase name="testPeekFirst[7]" classname="org.springframework.data.redis.support.collections.RedisListTests" time="0">
    <error message="Cannot get Jedis connection; nested exception is redis.clients.jedis.exceptions.JedisConnectionException: Could not get a resource from the pool" type="org.springframework.data.redis.RedisConnectionFailureException">org.springframework.data.redis.RedisConnectionFailureException: Cannot get Jedis connection; nested exception is redis.clients.jedis.exceptions.JedisConnectionException: Could not get a resource from the pool
Caused by: redis.clients.jedis.exceptions.JedisConnectionException: Could not get a resource from the pool
Caused by: redis.clients.jedis.exceptions.JedisConnectionException: java.net.ConnectException: Conexão recusada
Caused by: java.net.ConnectException: Conexão recusada
</error>
  </testcase>
  <testcase name="testPeekFirst[7]" classname="org.springframework.data.redis.support.collections.RedisListTests" time="0.001">
    <error message="Cannot get Jedis connection; nested exception is redis.clients.jedis.exceptions.JedisConnectionException: Could not get a resource from the pool" type="org.springframework.data.redis.RedisConnectionFailureException">org.springframework.data.redis.RedisConnectionFailureException: Cannot get Jedis connection; nested exception is redis.clients.jedis.exceptions.JedisConnectionException: Could not get a resource from the pool
Caused by: redis.clients.jedis.exceptions.JedisConnectionException: Could not get a resource from the pool
Caused by: redis.clients.jedis.exceptions.JedisConnectionException: java.net.ConnectException: Conexão recusada
Caused by: java.net.ConnectException: Conexão recusada
</error>
  </testcase>
  <testcase name="testOfferLast[7]" classname="org.springframework.data.redis.support.collections.RedisListTests" time="0">
    <error message="Cannot get Jedis connection; nested exception is redis.clients.jedis.exceptions.JedisConnectionException: Could not get a resource from the pool" type="org.springframework.data.redis.RedisConnectionFailureException">org.springframework.data.redis.RedisConnectionFailureException: Cannot get Jedis connection; nested exception is redis.clients.jedis.exceptions.JedisConnectionException: Could not get a resource from the pool
Caused by: redis.clients.jedis.exceptions.JedisConnectionException: Could not get a resource from the pool
Caused by: redis.clients.jedis.exceptions.JedisConnectionException: java.net.ConnectException: Conexão recusada
Caused by: java.net.ConnectException: Conexão recusada
</error>
  </testcase>
  <testcase name="testOfferLast[7]" classname="org.springframework.data.redis.support.collections.RedisListTests" time="0">
    <error message="Cannot get Jedis connection; nested exception is redis.clients.jedis.exceptions.JedisConnectionException: Could not get a resource from the pool" type="org.springframework.data.redis.RedisConnectionFailureException">org.springframework.data.redis.RedisConnectionFailureException: Cannot get Jedis connection; nested exception is redis.clients.jedis.exceptions.JedisConnectionException: Could not get a resource from the pool
Caused by: redis.clients.jedis.exceptions.JedisConnectionException: Could not get a resource from the pool
Caused by: redis.clients.jedis.exceptions.JedisConnectionException: java.net.ConnectException: Conexão recusada
Caused by: java.net.ConnectException: Conexão recusada
</error>
  </testcase>
  <testcase name="testGetFirst[7]" classname="org.springframework.data.redis.support.collections.RedisListTests" time="0.001">
    <error message="Cannot get Jedis connection; nested exception is redis.clients.jedis.exceptions.JedisConnectionException: Could not get a resource from the pool" type="org.springframework.data.redis.RedisConnectionFailureException">org.springframework.data.redis.RedisConnectionFailureException: Cannot get Jedis connection; nested exception is redis.clients.jedis.exceptions.JedisConnectionException: Could not get a resource from the pool
Caused by: redis.clients.jedis.exceptions.JedisConnectionException: Could not get a resource from the pool
Caused by: redis.clients.jedis.exceptions.JedisConnectionException: java.net.ConnectException: Conexão recusada
Caused by: java.net.ConnectException: Conexão recusada
</error>
  </testcase>
  <testcase name="testGetFirst[7]" classname="org.springframework.data.redis.support.collections.RedisListTests" time="0.001">
    <error message="Cannot get Jedis connection; nested exception is redis.clients.jedis.exceptions.JedisConnectionException: Could not get a resource from the pool" type="org.springframework.data.redis.RedisConnectionFailureException">org.springframework.data.redis.RedisConnectionFailureException: Cannot get Jedis connection; nested exception is redis.clients.jedis.exceptions.JedisConnectionException: Could not get a resource from the pool
Caused by: redis.clients.jedis.exceptions.JedisConnectionException: Could not get a resource from the pool
Caused by: redis.clients.jedis.exceptions.JedisConnectionException: java.net.ConnectException: Conexão recusada
Caused by: java.net.ConnectException: Conexão recusada
</error>
  </testcase>
  <testcase name="testAddLast[7]" classname="org.springframework.data.redis.support.collections.RedisListTests" time="0.001">
    <error message="Cannot get Jedis connection; nested exception is redis.clients.jedis.exceptions.JedisConnectionException: Could not get a resource from the pool" type="org.springframework.data.redis.RedisConnectionFailureException">org.springframework.data.redis.RedisConnectionFailureException: Cannot get Jedis connection; nested exception is redis.clients.jedis.exceptions.JedisConnectionException: Could not get a resource from the pool
Caused by: redis.clients.jedis.exceptions.JedisConnectionException: Could not get a resource from the pool
Caused by: redis.clients.jedis.exceptions.JedisConnectionException: java.net.ConnectException: Conexão recusada
Caused by: java.net.ConnectException: Conexão recusada
</error>
  </testcase>
  <testcase name="testAddLast[7]" classname="org.springframework.data.redis.support.collections.RedisListTests" time="0.001">
    <error message="Cannot get Jedis connection; nested exception is redis.clients.jedis.exceptions.JedisConnectionException: Could not get a resource from the pool" type="org.springframework.data.redis.RedisConnectionFailureException">org.springframework.data.redis.RedisConnectionFailureException: Cannot get Jedis connection; nested exception is redis.clients.jedis.exceptions.JedisConnectionException: Could not get a resource from the pool
Caused by: redis.clients.jedis.exceptions.JedisConnectionException: Could not get a resource from the pool
Caused by: redis.clients.jedis.exceptions.JedisConnectionException: java.net.ConnectException: Conexão recusada
Caused by: java.net.ConnectException: Conexão recusada
</error>
  </testcase>
  <testcase name="testPop[7]" classname="org.springframework.data.redis.support.collections.RedisListTests" time="0">
    <error message="Cannot get Jedis connection; nested exception is redis.clients.jedis.exceptions.JedisConnectionException: Could not get a resource from the pool" type="org.springframework.data.redis.RedisConnectionFailureException">org.springframework.data.redis.RedisConnectionFailureException: Cannot get Jedis connection; nested exception is redis.clients.jedis.exceptions.JedisConnectionException: Could not get a resource from the pool
Caused by: redis.clients.jedis.exceptions.JedisConnectionException: Could not get a resource from the pool
Caused by: redis.clients.jedis.exceptions.JedisConnectionException: java.net.ConnectException: Conexão recusada
Caused by: java.net.ConnectException: Conexão recusada
</error>
  </testcase>
  <testcase name="testPop[7]" classname="org.springframework.data.redis.support.collections.RedisListTests" time="0.001">
    <error message="Cannot get Jedis connection; nested exception is redis.clients.jedis.exceptions.JedisConnectionException: Could not get a resource from the pool" type="org.springframework.data.redis.RedisConnectionFailureException">org.springframework.data.redis.RedisConnectionFailureException: Cannot get Jedis connection; nested exception is redis.clients.jedis.exceptions.JedisConnectionException: Could not get a resource from the pool
Caused by: redis.clients.jedis.exceptions.JedisConnectionException: Could not get a resource from the pool
Caused by: redis.clients.jedis.exceptions.JedisConnectionException: java.net.ConnectException: Conexão recusada
Caused by: java.net.ConnectException: Conexão recusada
</error>
  </testcase>
  <testcase name="testPut[7]" classname="org.springframework.data.redis.support.collections.RedisListTests" time="0">
    <error message="Cannot get Jedis connection; nested exception is redis.clients.jedis.exceptions.JedisConnectionException: Could not get a resource from the pool" type="org.springframework.data.redis.RedisConnectionFailureException">org.springframework.data.redis.RedisConnectionFailureException: Cannot get Jedis connection; nested exception is redis.clients.jedis.exceptions.JedisConnectionException: Could not get a resource from the pool
Caused by: redis.clients.jedis.exceptions.JedisConnectionException: Could not get a resource from the pool
Caused by: redis.clients.jedis.exceptions.JedisConnectionException: java.net.ConnectException: Conexão recusada
Caused by: java.net.ConnectException: Conexão recusada
</error>
  </testcase>
  <testcase name="testPut[7]" classname="org.springframework.data.redis.support.collections.RedisListTests" time="0">
    <error message="Cannot get Jedis connection; nested exception is redis.clients.jedis.exceptions.JedisConnectionException: Could not get a resource from the pool" type="org.springframework.data.redis.RedisConnectionFailureException">org.springframework.data.redis.RedisConnectionFailureException: Cannot get Jedis connection; nested exception is redis.clients.jedis.exceptions.JedisConnectionException: Could not get a resource from the pool
Caused by: redis.clients.jedis.exceptions.JedisConnectionException: Could not get a resource from the pool
Caused by: redis.clients.jedis.exceptions.JedisConnectionException: java.net.ConnectException: Conexão recusada
Caused by: java.net.ConnectException: Conexão recusada
</error>
  </testcase>
  <testcase name="testSet[7]" classname="org.springframework.data.redis.support.collections.RedisListTests" time="0.001">
    <error message="Cannot get Jedis connection; nested exception is redis.clients.jedis.exceptions.JedisConnectionException: Could not get a resource from the pool" type="org.springframework.data.redis.RedisConnectionFailureException">org.springframework.data.redis.RedisConnectionFailureException: Cannot get Jedis connection; nested exception is redis.clients.jedis.exceptions.JedisConnectionException: Could not get a resource from the pool
Caused by: redis.clients.jedis.exceptions.JedisConnectionException: Could not get a resource from the pool
Caused by: redis.clients.jedis.exceptions.JedisConnectionException: java.net.ConnectException: Conexão recusada
Caused by: java.net.ConnectException: Conexão recusada
</error>
  </testcase>
  <testcase name="testSet[7]" classname="org.springframework.data.redis.support.collections.RedisListTests" time="0.001">
    <error message="Cannot get Jedis connection; nested exception is redis.clients.jedis.exceptions.JedisConnectionException: Could not get a resource from the pool" type="org.springframework.data.redis.RedisConnectionFailureException">org.springframework.data.redis.RedisConnectionFailureException: Cannot get Jedis connection; nested exception is redis.clients.jedis.exceptions.JedisConnectionException: Could not get a resource from the pool
Caused by: redis.clients.jedis.exceptions.JedisConnectionException: Could not get a resource from the pool
Caused by: redis.clients.jedis.exceptions.JedisConnectionException: java.net.ConnectException: Conexão recusada
Caused by: java.net.ConnectException: Conexão recusada
</error>
  </testcase>
  <testcase name="testOffer[7]" classname="org.springframework.data.redis.support.collections.RedisListTests" time="0.001">
    <error message="Cannot get Jedis connection; nested exception is redis.clients.jedis.exceptions.JedisConnectionException: Could not get a resource from the pool" type="org.springframework.data.redis.RedisConnectionFailureException">org.springframework.data.redis.RedisConnectionFailureException: Cannot get Jedis connection; nested exception is redis.clients.jedis.exceptions.JedisConnectionException: Could not get a resource from the pool
Caused by: redis.clients.jedis.exceptions.JedisConnectionException: Could not get a resource from the pool
Caused by: redis.clients.jedis.exceptions.JedisConnectionException: java.net.ConnectException: Conexão recusada
Caused by: java.net.ConnectException: Conexão recusada
</error>
  </testcase>
  <testcase name="testOffer[7]" classname="org.springframework.data.redis.support.collections.RedisListTests" time="0.001">
    <error message="Cannot get Jedis connection; nested exception is redis.clients.jedis.exceptions.JedisConnectionException: Could not get a resource from the pool" type="org.springframework.data.redis.RedisConnectionFailureException">org.springframework.data.redis.RedisConnectionFailureException: Cannot get Jedis connection; nested exception is redis.clients.jedis.exceptions.JedisConnectionException: Could not get a resource from the pool
Caused by: redis.clients.jedis.exceptions.JedisConnectionException: Could not get a resource from the pool
Caused by: redis.clients.jedis.exceptions.JedisConnectionException: java.net.ConnectException: Conexão recusada
Caused by: java.net.ConnectException: Conexão recusada
</error>
  </testcase>
  <testcase name="testRange[7]" classname="org.springframework.data.redis.support.collections.RedisListTests" time="0.001">
    <error message="Cannot get Jedis connection; nested exception is redis.clients.jedis.exceptions.JedisConnectionException: Could not get a resource from the pool" type="org.springframework.data.redis.RedisConnectionFailureException">org.springframework.data.redis.RedisConnectionFailureException: Cannot get Jedis connection; nested exception is redis.clients.jedis.exceptions.JedisConnectionException: Could not get a resource from the pool
Caused by: redis.clients.jedis.exceptions.JedisConnectionException: Could not get a resource from the pool
Caused by: redis.clients.jedis.exceptions.JedisConnectionException: java.net.ConnectException: Conexão recusada
Caused by: java.net.ConnectException: Conexão recusada
</error>
  </testcase>
  <testcase name="testRange[7]" classname="org.springframework.data.redis.support.collections.RedisListTests" time="0.001">
    <error message="Cannot get Jedis connection; nested exception is redis.clients.jedis.exceptions.JedisConnectionException: Could not get a resource from the pool" type="org.springframework.data.redis.RedisConnectionFailureException">org.springframework.data.redis.RedisConnectionFailureException: Cannot get Jedis connection; nested exception is redis.clients.jedis.exceptions.JedisConnectionException: Could not get a resource from the pool
Caused by: redis.clients.jedis.exceptions.JedisConnectionException: Could not get a resource from the pool
Caused by: redis.clients.jedis.exceptions.JedisConnectionException: java.net.ConnectException: Conexão recusada
Caused by: java.net.ConnectException: Conexão recusada
</error>
  </testcase>
  <testcase name="testLast[7]" classname="org.springframework.data.redis.support.collections.RedisListTests" time="0">
    <error message="Cannot get Jedis connection; nested exception is redis.clients.jedis.exceptions.JedisConnectionException: Could not get a resource from the pool" type="org.springframework.data.redis.RedisConnectionFailureException">org.springframework.data.redis.RedisConnectionFailureException: Cannot get Jedis connection; nested exception is redis.clients.jedis.exceptions.JedisConnectionException: Could not get a resource from the pool
Caused by: redis.clients.jedis.exceptions.JedisConnectionException: Could not get a resource from the pool
Caused by: redis.clients.jedis.exceptions.JedisConnectionException: java.net.ConnectException: Conexão recusada
Caused by: java.net.ConnectException: Conexão recusada
</error>
  </testcase>
  <testcase name="testLast[7]" classname="org.springframework.data.redis.support.collections.RedisListTests" time="0.001">
    <error message="Cannot get Jedis connection; nested exception is redis.clients.jedis.exceptions.JedisConnectionException: Could not get a resource from the pool" type="org.springframework.data.redis.RedisConnectionFailureException">org.springframework.data.redis.RedisConnectionFailureException: Cannot get Jedis connection; nested exception is redis.clients.jedis.exceptions.JedisConnectionException: Could not get a resource from the pool
Caused by: redis.clients.jedis.exceptions.JedisConnectionException: Could not get a resource from the pool
Caused by: redis.clients.jedis.exceptions.JedisConnectionException: java.net.ConnectException: Conexão recusada
Caused by: java.net.ConnectException: Conexão recusada
</error>
  </testcase>
  <testcase name="testPeek[7]" classname="org.springframework.data.redis.support.collections.RedisListTests" time="0">
    <error message="Cannot get Jedis connection; nested exception is redis.clients.jedis.exceptions.JedisConnectionException: Could not get a resource from the pool" type="org.springframework.data.redis.RedisConnectionFailureException">org.springframework.data.redis.RedisConnectionFailureException: Cannot get Jedis connection; nested exception is redis.clients.jedis.exceptions.JedisConnectionException: Could not get a resource from the pool
Caused by: redis.clients.jedis.exceptions.JedisConnectionException: Could not get a resource from the pool
Caused by: redis.clients.jedis.exceptions.JedisConnectionException: java.net.ConnectException: Conexão recusada
Caused by: java.net.ConnectException: Conexão recusada
</error>
  </testcase>
  <testcase name="testPeek[7]" classname="org.springframework.data.redis.support.collections.RedisListTests" time="0">
    <error message="Cannot get Jedis connection; nested exception is redis.clients.jedis.exceptions.JedisConnectionException: Could not get a resource from the pool" type="org.springframework.data.redis.RedisConnectionFailureException">org.springframework.data.redis.RedisConnectionFailureException: Cannot get Jedis connection; nested exception is redis.clients.jedis.exceptions.JedisConnectionException: Could not get a resource from the pool
Caused by: redis.clients.jedis.exceptions.JedisConnectionException: Could not get a resource from the pool
Caused by: redis.clients.jedis.exceptions.JedisConnectionException: java.net.ConnectException: Conexão recusada
Caused by: java.net.ConnectException: Conexão recusada
</error>
  </testcase>
  <testcase name="testPoll[7]" classname="org.springframework.data.redis.support.collections.RedisListTests" time="0.001">
    <error message="Cannot get Jedis connection; nested exception is redis.clients.jedis.exceptions.JedisConnectionException: Could not get a resource from the pool" type="org.springframework.data.redis.RedisConnectionFailureException">org.springframework.data.redis.RedisConnectionFailureException: Cannot get Jedis connection; nested exception is redis.clients.jedis.exceptions.JedisConnectionException: Could not get a resource from the pool
Caused by: redis.clients.jedis.exceptions.JedisConnectionException: Could not get a resource from the pool
Caused by: redis.clients.jedis.exceptions.JedisConnectionException: java.net.ConnectException: Conexão recusada
Caused by: java.net.ConnectException: Conexão recusada
</error>
  </testcase>
  <testcase name="testPoll[7]" classname="org.springframework.data.redis.support.collections.RedisListTests" time="0.001">
    <error message="Cannot get Jedis connection; nested exception is redis.clients.jedis.exceptions.JedisConnectionException: Could not get a resource from the pool" type="org.springframework.data.redis.RedisConnectionFailureException">org.springframework.data.redis.RedisConnectionFailureException: Cannot get Jedis connection; nested exception is redis.clients.jedis.exceptions.JedisConnectionException: Could not get a resource from the pool
Caused by: redis.clients.jedis.exceptions.JedisConnectionException: Could not get a resource from the pool
Caused by: redis.clients.jedis.exceptions.JedisConnectionException: java.net.ConnectException: Conexão recusada
Caused by: java.net.ConnectException: Conexão recusada
</error>
  </testcase>
  <testcase name="testTake[7]" classname="org.springframework.data.redis.support.collections.RedisListTests" time="0">
    <error message="Cannot get Jedis connection; nested exception is redis.clients.jedis.exceptions.JedisConnectionException: Could not get a resource from the pool" type="org.springframework.data.redis.RedisConnectionFailureException">org.springframework.data.redis.RedisConnectionFailureException: Cannot get Jedis connection; nested exception is redis.clients.jedis.exceptions.JedisConnectionException: Could not get a resource from the pool
Caused by: redis.clients.jedis.exceptions.JedisConnectionException: Could not get a resource from the pool
Caused by: redis.clients.jedis.exceptions.JedisConnectionException: java.net.ConnectException: Conexão recusada
Caused by: java.net.ConnectException: Conexão recusada
</error>
  </testcase>
  <testcase name="testTake[7]" classname="org.springframework.data.redis.support.collections.RedisListTests" time="0.001">
    <error message="Cannot get Jedis connection; nested exception is redis.clients.jedis.exceptions.JedisConnectionException: Could not get a resource from the pool" type="org.springframework.data.redis.RedisConnectionFailureException">org.springframework.data.redis.RedisConnectionFailureException: Cannot get Jedis connection; nested exception is redis.clients.jedis.exceptions.JedisConnectionException: Could not get a resource from the pool
Caused by: redis.clients.jedis.exceptions.JedisConnectionException: Could not get a resource from the pool
Caused by: redis.clients.jedis.exceptions.JedisConnectionException: java.net.ConnectException: Conexão recusada
Caused by: java.net.ConnectException: Conexão recusada
</error>
  </testcase>
  <testcase name="testTrim[7]" classname="org.springframework.data.redis.support.collections.RedisListTests" time="0">
    <error message="Cannot get Jedis connection; nested exception is redis.clients.jedis.exceptions.JedisConnectionException: Could not get a resource from the pool" type="org.springframework.data.redis.RedisConnectionFailureException">org.springframework.data.redis.RedisConnectionFailureException: Cannot get Jedis connection; nested exception is redis.clients.jedis.exceptions.JedisConnectionException: Could not get a resource from the pool
Caused by: redis.clients.jedis.exceptions.JedisConnectionException: Could not get a resource from the pool
Caused by: redis.clients.jedis.exceptions.JedisConnectionException: java.net.ConnectException: Conexão recusada
Caused by: java.net.ConnectException: Conexão recusada
</error>
  </testcase>
  <testcase name="testTrim[7]" classname="org.springframework.data.redis.support.collections.RedisListTests" time="0">
    <error message="Cannot get Jedis connection; nested exception is redis.clients.jedis.exceptions.JedisConnectionException: Could not get a resource from the pool" type="org.springframework.data.redis.RedisConnectionFailureException">org.springframework.data.redis.RedisConnectionFailureException: Cannot get Jedis connection; nested exception is redis.clients.jedis.exceptions.JedisConnectionException: Could not get a resource from the pool
Caused by: redis.clients.jedis.exceptions.JedisConnectionException: Could not get a resource from the pool
Caused by: redis.clients.jedis.exceptions.JedisConnectionException: java.net.ConnectException: Conexão recusada
Caused by: java.net.ConnectException: Conexão recusada
</error>
  </testcase>
  <testcase name="testDrainToCollection[7]" classname="org.springframework.data.redis.support.collections.RedisListTests" time="0.001">
    <error message="Cannot get Jedis connection; nested exception is redis.clients.jedis.exceptions.JedisConnectionException: Could not get a resource from the pool" type="org.springframework.data.redis.RedisConnectionFailureException">org.springframework.data.redis.RedisConnectionFailureException: Cannot get Jedis connection; nested exception is redis.clients.jedis.exceptions.JedisConnectionException: Could not get a resource from the pool
Caused by: redis.clients.jedis.exceptions.JedisConnectionException: Could not get a resource from the pool
Caused by: redis.clients.jedis.exceptions.JedisConnectionException: java.net.ConnectException: Conexão recusada
Caused by: java.net.ConnectException: Conexão recusada
</error>
  </testcase>
  <testcase name="testDrainToCollection[7]" classname="org.springframework.data.redis.support.collections.RedisListTests" time="0.001">
    <error message="Cannot get Jedis connection; nested exception is redis.clients.jedis.exceptions.JedisConnectionException: Could not get a resource from the pool" type="org.springframework.data.redis.RedisConnectionFailureException">org.springframework.data.redis.RedisConnectionFailureException: Cannot get Jedis connection; nested exception is redis.clients.jedis.exceptions.JedisConnectionException: Could not get a resource from the pool
Caused by: redis.clients.jedis.exceptions.JedisConnectionException: Could not get a resource from the pool
Caused by: redis.clients.jedis.exceptions.JedisConnectionException: java.net.ConnectException: Conexão recusada
Caused by: java.net.ConnectException: Conexão recusada
</error>
  </testcase>
  <testcase name="testRemoveFirst[7]" classname="org.springframework.data.redis.support.collections.RedisListTests" time="0.001">
    <error message="Cannot get Jedis connection; nested exception is redis.clients.jedis.exceptions.JedisConnectionException: Could not get a resource from the pool" type="org.springframework.data.redis.RedisConnectionFailureException">org.springframework.data.redis.RedisConnectionFailureException: Cannot get Jedis connection; nested exception is redis.clients.jedis.exceptions.JedisConnectionException: Could not get a resource from the pool
Caused by: redis.clients.jedis.exceptions.JedisConnectionException: Could not get a resource from the pool
Caused by: redis.clients.jedis.exceptions.JedisConnectionException: java.net.ConnectException: Conexão recusada
Caused by: java.net.ConnectException: Conexão recusada
</error>
  </testcase>
  <testcase name="testRemoveFirst[7]" classname="org.springframework.data.redis.support.collections.RedisListTests" time="0.001">
    <error message="Cannot get Jedis connection; nested exception is redis.clients.jedis.exceptions.JedisConnectionException: Could not get a resource from the pool" type="org.springframework.data.redis.RedisConnectionFailureException">org.springframework.data.redis.RedisConnectionFailureException: Cannot get Jedis connection; nested exception is redis.clients.jedis.exceptions.JedisConnectionException: Could not get a resource from the pool
Caused by: redis.clients.jedis.exceptions.JedisConnectionException: Could not get a resource from the pool
Caused by: redis.clients.jedis.exceptions.JedisConnectionException: java.net.ConnectException: Conexão recusada
Caused by: java.net.ConnectException: Conexão recusada
</error>
  </testcase>
  <testcase name="testRemoveIndex[7]" classname="org.springframework.data.redis.support.collections.RedisListTests" time="0">
    <error message="Cannot get Jedis connection; nested exception is redis.clients.jedis.exceptions.JedisConnectionException: Could not get a resource from the pool" type="org.springframework.data.redis.RedisConnectionFailureException">org.springframework.data.redis.RedisConnectionFailureException: Cannot get Jedis connection; nested exception is redis.clients.jedis.exceptions.JedisConnectionException: Could not get a resource from the pool
Caused by: redis.clients.jedis.exceptions.JedisConnectionException: Could not get a resource from the pool
Caused by: redis.clients.jedis.exceptions.JedisConnectionException: java.net.ConnectException: Conexão recusada
Caused by: java.net.ConnectException: Conexão recusada
</error>
  </testcase>
  <testcase name="testPutLast[7]" classname="org.springframework.data.redis.support.collections.RedisListTests" time="0.001">
    <error message="Cannot get Jedis connection; nested exception is redis.clients.jedis.exceptions.JedisConnectionException: Could not get a resource from the pool" type="org.springframework.data.redis.RedisConnectionFailureException">org.springframework.data.redis.RedisConnectionFailureException: Cannot get Jedis connection; nested exception is redis.clients.jedis.exceptions.JedisConnectionException: Could not get a resource from the pool
Caused by: redis.clients.jedis.exceptions.JedisConnectionException: Could not get a resource from the pool
Caused by: redis.clients.jedis.exceptions.JedisConnectionException: java.net.ConnectException: Conexão recusada
Caused by: java.net.ConnectException: Conexão recusada
</error>
  </testcase>
  <testcase name="testPutLast[7]" classname="org.springframework.data.redis.support.collections.RedisListTests" time="0.001">
    <error message="Cannot get Jedis connection; nested exception is redis.clients.jedis.exceptions.JedisConnectionException: Could not get a resource from the pool" type="org.springframework.data.redis.RedisConnectionFailureException">org.springframework.data.redis.RedisConnectionFailureException: Cannot get Jedis connection; nested exception is redis.clients.jedis.exceptions.JedisConnectionException: Could not get a resource from the pool
Caused by: redis.clients.jedis.exceptions.JedisConnectionException: Could not get a resource from the pool
Caused by: redis.clients.jedis.exceptions.JedisConnectionException: java.net.ConnectException: Conexão recusada
Caused by: java.net.ConnectException: Conexão recusada
</error>
  </testcase>
  <testcase name="testOfferFirst[7]" classname="org.springframework.data.redis.support.collections.RedisListTests" time="0.001">
    <error message="Cannot get Jedis connection; nested exception is redis.clients.jedis.exceptions.JedisConnectionException: Could not get a resource from the pool" type="org.springframework.data.redis.RedisConnectionFailureException">org.springframework.data.redis.RedisConnectionFailureException: Cannot get Jedis connection; nested exception is redis.clients.jedis.exceptions.JedisConnectionException: Could not get a resource from the pool
Caused by: redis.clients.jedis.exceptions.JedisConnectionException: Could not get a resource from the pool
Caused by: redis.clients.jedis.exceptions.JedisConnectionException: java.net.ConnectException: Conexão recusada
Caused by: java.net.ConnectException: Conexão recusada
</error>
  </testcase>
  <testcase name="testOfferFirst[7]" classname="org.springframework.data.redis.support.collections.RedisListTests" time="0.001">
    <error message="Cannot get Jedis connection; nested exception is redis.clients.jedis.exceptions.JedisConnectionException: Could not get a resource from the pool" type="org.springframework.data.redis.RedisConnectionFailureException">org.springframework.data.redis.RedisConnectionFailureException: Cannot get Jedis connection; nested exception is redis.clients.jedis.exceptions.JedisConnectionException: Could not get a resource from the pool
Caused by: redis.clients.jedis.exceptions.JedisConnectionException: Could not get a resource from the pool
Caused by: redis.clients.jedis.exceptions.JedisConnectionException: java.net.ConnectException: Conexão recusada
Caused by: java.net.ConnectException: Conexão recusada
</error>
  </testcase>
  <testcase name="testDescendingIterator[7]" classname="org.springframework.data.redis.support.collections.RedisListTests" time="0">
    <error message="Cannot get Jedis connection; nested exception is redis.clients.jedis.exceptions.JedisConnectionException: Could not get a resource from the pool" type="org.springframework.data.redis.RedisConnectionFailureException">org.springframework.data.redis.RedisConnectionFailureException: Cannot get Jedis connection; nested exception is redis.clients.jedis.exceptions.JedisConnectionException: Could not get a resource from the pool
Caused by: redis.clients.jedis.exceptions.JedisConnectionException: Could not get a resource from the pool
Caused by: redis.clients.jedis.exceptions.JedisConnectionException: java.net.ConnectException: Conexão recusada
Caused by: java.net.ConnectException: Conexão recusada
</error>
  </testcase>
  <testcase name="testDescendingIterator[7]" classname="org.springframework.data.redis.support.collections.RedisListTests" time="0.001">
    <error message="Cannot get Jedis connection; nested exception is redis.clients.jedis.exceptions.JedisConnectionException: Could not get a resource from the pool" type="org.springframework.data.redis.RedisConnectionFailureException">org.springframework.data.redis.RedisConnectionFailureException: Cannot get Jedis connection; nested exception is redis.clients.jedis.exceptions.JedisConnectionException: Could not get a resource from the pool
Caused by: redis.clients.jedis.exceptions.JedisConnectionException: Could not get a resource from the pool
Caused by: redis.clients.jedis.exceptions.JedisConnectionException: java.net.ConnectException: Conexão recusada
Caused by: java.net.ConnectException: Conexão recusada
</error>
  </testcase>
  <testcase name="testAddFirst[7]" classname="org.springframework.data.redis.support.collections.RedisListTests" time="0">
    <error message="Cannot get Jedis connection; nested exception is redis.clients.jedis.exceptions.JedisConnectionException: Could not get a resource from the pool" type="org.springframework.data.redis.RedisConnectionFailureException">org.springframework.data.redis.RedisConnectionFailureException: Cannot get Jedis connection; nested exception is redis.clients.jedis.exceptions.JedisConnectionException: Could not get a resource from the pool
Caused by: redis.clients.jedis.exceptions.JedisConnectionException: Could not get a resource from the pool
Caused by: redis.clients.jedis.exceptions.JedisConnectionException: java.net.ConnectException: Conexão recusada
Caused by: java.net.ConnectException: Conexão recusada
</error>
  </testcase>
  <testcase name="testAddFirst[7]" classname="org.springframework.data.redis.support.collections.RedisListTests" time="0">
    <error message="Cannot get Jedis connection; nested exception is redis.clients.jedis.exceptions.JedisConnectionException: Could not get a resource from the pool" type="org.springframework.data.redis.RedisConnectionFailureException">org.springframework.data.redis.RedisConnectionFailureException: Cannot get Jedis connection; nested exception is redis.clients.jedis.exceptions.JedisConnectionException: Could not get a resource from the pool
Caused by: redis.clients.jedis.exceptions.JedisConnectionException: Could not get a resource from the pool
Caused by: redis.clients.jedis.exceptions.JedisConnectionException: java.net.ConnectException: Conexão recusada
Caused by: java.net.ConnectException: Conexão recusada
</error>
  </testcase>
  <testcase name="testDrainToCollectionWithMaxElements[7]" classname="org.springframework.data.redis.support.collections.RedisListTests" time="0.001">
    <error message="Cannot get Jedis connection; nested exception is redis.clients.jedis.exceptions.JedisConnectionException: Could not get a resource from the pool" type="org.springframework.data.redis.RedisConnectionFailureException">org.springframework.data.redis.RedisConnectionFailureException: Cannot get Jedis connection; nested exception is redis.clients.jedis.exceptions.JedisConnectionException: Could not get a resource from the pool
Caused by: redis.clients.jedis.exceptions.JedisConnectionException: Could not get a resource from the pool
Caused by: redis.clients.jedis.exceptions.JedisConnectionException: java.net.ConnectException: Conexão recusada
Caused by: java.net.ConnectException: Conexão recusada
</error>
  </testcase>
  <testcase name="testDrainToCollectionWithMaxElements[7]" classname="org.springframework.data.redis.support.collections.RedisListTests" time="0.001">
    <error message="Cannot get Jedis connection; nested exception is redis.clients.jedis.exceptions.JedisConnectionException: Could not get a resource from the pool" type="org.springframework.data.redis.RedisConnectionFailureException">org.springframework.data.redis.RedisConnectionFailureException: Cannot get Jedis connection; nested exception is redis.clients.jedis.exceptions.JedisConnectionException: Could not get a resource from the pool
Caused by: redis.clients.jedis.exceptions.JedisConnectionException: Could not get a resource from the pool
Caused by: redis.clients.jedis.exceptions.JedisConnectionException: java.net.ConnectException: Conexão recusada
Caused by: java.net.ConnectException: Conexão recusada
</error>
  </testcase>
  <testcase name="testTakeLast[7]" classname="org.springframework.data.redis.support.collections.RedisListTests" time="0.001">
    <error message="Cannot get Jedis connection; nested exception is redis.clients.jedis.exceptions.JedisConnectionException: Could not get a resource from the pool" type="org.springframework.data.redis.RedisConnectionFailureException">org.springframework.data.redis.RedisConnectionFailureException: Cannot get Jedis connection; nested exception is redis.clients.jedis.exceptions.JedisConnectionException: Could not get a resource from the pool
Caused by: redis.clients.jedis.exceptions.JedisConnectionException: Could not get a resource from the pool
Caused by: redis.clients.jedis.exceptions.JedisConnectionException: java.net.ConnectException: Conexão recusada
Caused by: java.net.ConnectException: Conexão recusada
</error>
  </testcase>
  <testcase name="testTakeLast[7]" classname="org.springframework.data.redis.support.collections.RedisListTests" time="0.001">
    <error message="Cannot get Jedis connection; nested exception is redis.clients.jedis.exceptions.JedisConnectionException: Could not get a resource from the pool" type="org.springframework.data.redis.RedisConnectionFailureException">org.springframework.data.redis.RedisConnectionFailureException: Cannot get Jedis connection; nested exception is redis.clients.jedis.exceptions.JedisConnectionException: Could not get a resource from the pool
Caused by: redis.clients.jedis.exceptions.JedisConnectionException: Could not get a resource from the pool
Caused by: redis.clients.jedis.exceptions.JedisConnectionException: java.net.ConnectException: Conexão recusada
Caused by: java.net.ConnectException: Conexão recusada
</error>
  </testcase>
  <testcase name="testRemainingCapacity[7]" classname="org.springframework.data.redis.support.collections.RedisListTests" time="0">
    <error message="Cannot get Jedis connection; nested exception is redis.clients.jedis.exceptions.JedisConnectionException: Could not get a resource from the pool" type="org.springframework.data.redis.RedisConnectionFailureException">org.springframework.data.redis.RedisConnectionFailureException: Cannot get Jedis connection; nested exception is redis.clients.jedis.exceptions.JedisConnectionException: Could not get a resource from the pool
Caused by: redis.clients.jedis.exceptions.JedisConnectionException: Could not get a resource from the pool
Caused by: redis.clients.jedis.exceptions.JedisConnectionException: java.net.ConnectException: Conexão recusada
Caused by: java.net.ConnectException: Conexão recusada
</error>
  </testcase>
  <testcase name="testRemoveLast[7]" classname="org.springframework.data.redis.support.collections.RedisListTests" time="0.001">
    <error message="Cannot get Jedis connection; nested exception is redis.clients.jedis.exceptions.JedisConnectionException: Could not get a resource from the pool" type="org.springframework.data.redis.RedisConnectionFailureException">org.springframework.data.redis.RedisConnectionFailureException: Cannot get Jedis connection; nested exception is redis.clients.jedis.exceptions.JedisConnectionException: Could not get a resource from the pool
Caused by: redis.clients.jedis.exceptions.JedisConnectionException: Could not get a resource from the pool
Caused by: redis.clients.jedis.exceptions.JedisConnectionException: java.net.ConnectException: Conexão recusada
Caused by: java.net.ConnectException: Conexão recusada
</error>
  </testcase>
  <testcase name="testRemoveLast[7]" classname="org.springframework.data.redis.support.collections.RedisListTests" time="0.001">
    <error message="Cannot get Jedis connection; nested exception is redis.clients.jedis.exceptions.JedisConnectionException: Could not get a resource from the pool" type="org.springframework.data.redis.RedisConnectionFailureException">org.springframework.data.redis.RedisConnectionFailureException: Cannot get Jedis connection; nested exception is redis.clients.jedis.exceptions.JedisConnectionException: Could not get a resource from the pool
Caused by: redis.clients.jedis.exceptions.JedisConnectionException: Could not get a resource from the pool
Caused by: redis.clients.jedis.exceptions.JedisConnectionException: java.net.ConnectException: Conexão recusada
Caused by: java.net.ConnectException: Conexão recusada
</error>
  </testcase>
  <testcase name="testAddIndexObjectHead[7]" classname="org.springframework.data.redis.support.collections.RedisListTests" time="0.001">
    <error message="Cannot get Jedis connection; nested exception is redis.clients.jedis.exceptions.JedisConnectionException: Could not get a resource from the pool" type="org.springframework.data.redis.RedisConnectionFailureException">org.springframework.data.redis.RedisConnectionFailureException: Cannot get Jedis connection; nested exception is redis.clients.jedis.exceptions.JedisConnectionException: Could not get a resource from the pool
Caused by: redis.clients.jedis.exceptions.JedisConnectionException: Could not get a resource from the pool
Caused by: redis.clients.jedis.exceptions.JedisConnectionException: java.net.ConnectException: Conexão recusada
Caused by: java.net.ConnectException: Conexão recusada
</error>
  </testcase>
  <testcase name="testAddIndexObjectHead[7]" classname="org.springframework.data.redis.support.collections.RedisListTests" time="0.001">
    <error message="Cannot get Jedis connection; nested exception is redis.clients.jedis.exceptions.JedisConnectionException: Could not get a resource from the pool" type="org.springframework.data.redis.RedisConnectionFailureException">org.springframework.data.redis.RedisConnectionFailureException: Cannot get Jedis connection; nested exception is redis.clients.jedis.exceptions.JedisConnectionException: Could not get a resource from the pool
Caused by: redis.clients.jedis.exceptions.JedisConnectionException: Could not get a resource from the pool
Caused by: redis.clients.jedis.exceptions.JedisConnectionException: java.net.ConnectException: Conexão recusada
Caused by: java.net.ConnectException: Conexão recusada
</error>
  </testcase>
  <testcase name="testAddIndexObjectTail[7]" classname="org.springframework.data.redis.support.collections.RedisListTests" time="0.001">
    <error message="Cannot get Jedis connection; nested exception is redis.clients.jedis.exceptions.JedisConnectionException: Could not get a resource from the pool" type="org.springframework.data.redis.RedisConnectionFailureException">org.springframework.data.redis.RedisConnectionFailureException: Cannot get Jedis connection; nested exception is redis.clients.jedis.exceptions.JedisConnectionException: Could not get a resource from the pool
Caused by: redis.clients.jedis.exceptions.JedisConnectionException: Could not get a resource from the pool
Caused by: redis.clients.jedis.exceptions.JedisConnectionException: java.net.ConnectException: Conexão recusada
Caused by: java.net.ConnectException: Conexão recusada
</error>
  </testcase>
  <testcase name="testAddIndexObjectTail[7]" classname="org.springframework.data.redis.support.collections.RedisListTests" time="0.001">
    <error message="Cannot get Jedis connection; nested exception is redis.clients.jedis.exceptions.JedisConnectionException: Could not get a resource from the pool" type="org.springframework.data.redis.RedisConnectionFailureException">org.springframework.data.redis.RedisConnectionFailureException: Cannot get Jedis connection; nested exception is redis.clients.jedis.exceptions.JedisConnectionException: Could not get a resource from the pool
Caused by: redis.clients.jedis.exceptions.JedisConnectionException: Could not get a resource from the pool
Caused by: redis.clients.jedis.exceptions.JedisConnectionException: java.net.ConnectException: Conexão recusada
Caused by: java.net.ConnectException: Conexão recusada
</error>
  </testcase>
  <testcase name="testPollFirst[7]" classname="org.springframework.data.redis.support.collections.RedisListTests" time="0">
    <error message="Cannot get Jedis connection; nested exception is redis.clients.jedis.exceptions.JedisConnectionException: Could not get a resource from the pool" type="org.springframework.data.redis.RedisConnectionFailureException">org.springframework.data.redis.RedisConnectionFailureException: Cannot get Jedis connection; nested exception is redis.clients.jedis.exceptions.JedisConnectionException: Could not get a resource from the pool
Caused by: redis.clients.jedis.exceptions.JedisConnectionException: Could not get a resource from the pool
Caused by: redis.clients.jedis.exceptions.JedisConnectionException: java.net.ConnectException: Conexão recusada
Caused by: java.net.ConnectException: Conexão recusada
</error>
  </testcase>
  <testcase name="testPollFirst[7]" classname="org.springframework.data.redis.support.collections.RedisListTests" time="0.001">
    <error message="Cannot get Jedis connection; nested exception is redis.clients.jedis.exceptions.JedisConnectionException: Could not get a resource from the pool" type="org.springframework.data.redis.RedisConnectionFailureException">org.springframework.data.redis.RedisConnectionFailureException: Cannot get Jedis connection; nested exception is redis.clients.jedis.exceptions.JedisConnectionException: Could not get a resource from the pool
Caused by: redis.clients.jedis.exceptions.JedisConnectionException: Could not get a resource from the pool
Caused by: redis.clients.jedis.exceptions.JedisConnectionException: java.net.ConnectException: Conexão recusada
Caused by: java.net.ConnectException: Conexão recusada
</error>
  </testcase>
  <testcase name="testAddIndexObjectMiddle[7]" classname="org.springframework.data.redis.support.collections.RedisListTests" time="0">
    <error message="Unexpected exception, expected&lt;java.lang.IllegalArgumentException&gt; but was&lt;org.springframework.data.redis.RedisConnectionFailureException&gt;" type="java.lang.Exception"><![CDATA[java.lang.Exception: Unexpected exception, expected<java.lang.IllegalArgumentException> but was<org.springframework.data.redis.RedisConnectionFailureException>
Caused by: org.springframework.data.redis.RedisConnectionFailureException: Cannot get Jedis connection; nested exception is redis.clients.jedis.exceptions.JedisConnectionException: Could not get a resource from the pool
Caused by: redis.clients.jedis.exceptions.JedisConnectionException: Could not get a resource from the pool
Caused by: redis.clients.jedis.exceptions.JedisConnectionException: java.net.ConnectException: Conexão recusada
Caused by: java.net.ConnectException: Conexão recusada
]]></error>
  </testcase>
  <testcase name="testAddIndexObjectMiddle[7]" classname="org.springframework.data.redis.support.collections.RedisListTests" time="0">
    <error message="Cannot get Jedis connection; nested exception is redis.clients.jedis.exceptions.JedisConnectionException: Could not get a resource from the pool" type="org.springframework.data.redis.RedisConnectionFailureException">org.springframework.data.redis.RedisConnectionFailureException: Cannot get Jedis connection; nested exception is redis.clients.jedis.exceptions.JedisConnectionException: Could not get a resource from the pool
Caused by: redis.clients.jedis.exceptions.JedisConnectionException: Could not get a resource from the pool
Caused by: redis.clients.jedis.exceptions.JedisConnectionException: java.net.ConnectException: Conexão recusada
Caused by: java.net.ConnectException: Conexão recusada
</error>
  </testcase>
  <testcase name="testPeekLast[7]" classname="org.springframework.data.redis.support.collections.RedisListTests" time="0.001">
    <error message="Cannot get Jedis connection; nested exception is redis.clients.jedis.exceptions.JedisConnectionException: Could not get a resource from the pool" type="org.springframework.data.redis.RedisConnectionFailureException">org.springframework.data.redis.RedisConnectionFailureException: Cannot get Jedis connection; nested exception is redis.clients.jedis.exceptions.JedisConnectionException: Could not get a resource from the pool
Caused by: redis.clients.jedis.exceptions.JedisConnectionException: Could not get a resource from the pool
Caused by: redis.clients.jedis.exceptions.JedisConnectionException: java.net.ConnectException: Conexão recusada
Caused by: java.net.ConnectException: Conexão recusada
</error>
  </testcase>
  <testcase name="testPeekLast[7]" classname="org.springframework.data.redis.support.collections.RedisListTests" time="0.001">
    <error message="Cannot get Jedis connection; nested exception is redis.clients.jedis.exceptions.JedisConnectionException: Could not get a resource from the pool" type="org.springframework.data.redis.RedisConnectionFailureException">org.springframework.data.redis.RedisConnectionFailureException: Cannot get Jedis connection; nested exception is redis.clients.jedis.exceptions.JedisConnectionException: Could not get a resource from the pool
Caused by: redis.clients.jedis.exceptions.JedisConnectionException: Could not get a resource from the pool
Caused by: redis.clients.jedis.exceptions.JedisConnectionException: java.net.ConnectException: Conexão recusada
Caused by: java.net.ConnectException: Conexão recusada
</error>
  </testcase>
  <testcase name="testRemoveFirstOccurrence[7]" classname="org.springframework.data.redis.support.collections.RedisListTests" time="0.001">
    <error message="Cannot get Jedis connection; nested exception is redis.clients.jedis.exceptions.JedisConnectionException: Could not get a resource from the pool" type="org.springframework.data.redis.RedisConnectionFailureException">org.springframework.data.redis.RedisConnectionFailureException: Cannot get Jedis connection; nested exception is redis.clients.jedis.exceptions.JedisConnectionException: Could not get a resource from the pool
Caused by: redis.clients.jedis.exceptions.JedisConnectionException: Could not get a resource from the pool
Caused by: redis.clients.jedis.exceptions.JedisConnectionException: java.net.ConnectException: Conexão recusada
Caused by: java.net.ConnectException: Conexão recusada
</error>
  </testcase>
  <testcase name="testRemoveFirstOccurrence[7]" classname="org.springframework.data.redis.support.collections.RedisListTests" time="0.001">
    <error message="Cannot get Jedis connection; nested exception is redis.clients.jedis.exceptions.JedisConnectionException: Could not get a resource from the pool" type="org.springframework.data.redis.RedisConnectionFailureException">org.springframework.data.redis.RedisConnectionFailureException: Cannot get Jedis connection; nested exception is redis.clients.jedis.exceptions.JedisConnectionException: Could not get a resource from the pool
Caused by: redis.clients.jedis.exceptions.JedisConnectionException: Could not get a resource from the pool
Caused by: redis.clients.jedis.exceptions.JedisConnectionException: java.net.ConnectException: Conexão recusada
Caused by: java.net.ConnectException: Conexão recusada
</error>
  </testcase>
  <testcase name="addAllIndexCollectionHead[7]" classname="org.springframework.data.redis.support.collections.RedisListTests" time="0.001">
    <error message="Cannot get Jedis connection; nested exception is redis.clients.jedis.exceptions.JedisConnectionException: Could not get a resource from the pool" type="org.springframework.data.redis.RedisConnectionFailureException">org.springframework.data.redis.RedisConnectionFailureException: Cannot get Jedis connection; nested exception is redis.clients.jedis.exceptions.JedisConnectionException: Could not get a resource from the pool
Caused by: redis.clients.jedis.exceptions.JedisConnectionException: Could not get a resource from the pool
Caused by: redis.clients.jedis.exceptions.JedisConnectionException: java.net.ConnectException: Conexão recusada
Caused by: java.net.ConnectException: Conexão recusada
</error>
  </testcase>
  <testcase name="addAllIndexCollectionHead[7]" classname="org.springframework.data.redis.support.collections.RedisListTests" time="0.001">
    <error message="Cannot get Jedis connection; nested exception is redis.clients.jedis.exceptions.JedisConnectionException: Could not get a resource from the pool" type="org.springframework.data.redis.RedisConnectionFailureException">org.springframework.data.redis.RedisConnectionFailureException: Cannot get Jedis connection; nested exception is redis.clients.jedis.exceptions.JedisConnectionException: Could not get a resource from the pool
Caused by: redis.clients.jedis.exceptions.JedisConnectionException: Could not get a resource from the pool
Caused by: redis.clients.jedis.exceptions.JedisConnectionException: java.net.ConnectException: Conexão recusada
Caused by: java.net.ConnectException: Conexão recusada
</error>
  </testcase>
  <testcase name="addAllIndexCollectionTail[7]" classname="org.springframework.data.redis.support.collections.RedisListTests" time="0.001">
    <error message="Cannot get Jedis connection; nested exception is redis.clients.jedis.exceptions.JedisConnectionException: Could not get a resource from the pool" type="org.springframework.data.redis.RedisConnectionFailureException">org.springframework.data.redis.RedisConnectionFailureException: Cannot get Jedis connection; nested exception is redis.clients.jedis.exceptions.JedisConnectionException: Could not get a resource from the pool
Caused by: redis.clients.jedis.exceptions.JedisConnectionException: Could not get a resource from the pool
Caused by: redis.clients.jedis.exceptions.JedisConnectionException: java.net.ConnectException: Conexão recusada
Caused by: java.net.ConnectException: Conexão recusada
</error>
  </testcase>
  <testcase name="addAllIndexCollectionTail[7]" classname="org.springframework.data.redis.support.collections.RedisListTests" time="0.001">
    <error message="Cannot get Jedis connection; nested exception is redis.clients.jedis.exceptions.JedisConnectionException: Could not get a resource from the pool" type="org.springframework.data.redis.RedisConnectionFailureException">org.springframework.data.redis.RedisConnectionFailureException: Cannot get Jedis connection; nested exception is redis.clients.jedis.exceptions.JedisConnectionException: Could not get a resource from the pool
Caused by: redis.clients.jedis.exceptions.JedisConnectionException: Could not get a resource from the pool
Caused by: redis.clients.jedis.exceptions.JedisConnectionException: java.net.ConnectException: Conexão recusada
Caused by: java.net.ConnectException: Conexão recusada
</error>
  </testcase>
  <testcase name="addAllIndexCollectionMiddle[7]" classname="org.springframework.data.redis.support.collections.RedisListTests" time="0.001">
    <error message="Unexpected exception, expected&lt;java.lang.IllegalArgumentException&gt; but was&lt;org.springframework.data.redis.RedisConnectionFailureException&gt;" type="java.lang.Exception"><![CDATA[java.lang.Exception: Unexpected exception, expected<java.lang.IllegalArgumentException> but was<org.springframework.data.redis.RedisConnectionFailureException>
Caused by: org.springframework.data.redis.RedisConnectionFailureException: Cannot get Jedis connection; nested exception is redis.clients.jedis.exceptions.JedisConnectionException: Could not get a resource from the pool
Caused by: redis.clients.jedis.exceptions.JedisConnectionException: Could not get a resource from the pool
Caused by: redis.clients.jedis.exceptions.JedisConnectionException: java.net.ConnectException: Conexão recusada
Caused by: java.net.ConnectException: Conexão recusada
]]></error>
  </testcase>
  <testcase name="addAllIndexCollectionMiddle[7]" classname="org.springframework.data.redis.support.collections.RedisListTests" time="0.001">
    <error message="Cannot get Jedis connection; nested exception is redis.clients.jedis.exceptions.JedisConnectionException: Could not get a resource from the pool" type="org.springframework.data.redis.RedisConnectionFailureException">org.springframework.data.redis.RedisConnectionFailureException: Cannot get Jedis connection; nested exception is redis.clients.jedis.exceptions.JedisConnectionException: Could not get a resource from the pool
Caused by: redis.clients.jedis.exceptions.JedisConnectionException: Could not get a resource from the pool
Caused by: redis.clients.jedis.exceptions.JedisConnectionException: java.net.ConnectException: Conexão recusada
Caused by: java.net.ConnectException: Conexão recusada
</error>
  </testcase>
  <testcase name="testPollLast[7]" classname="org.springframework.data.redis.support.collections.RedisListTests" time="0.001">
    <error message="Cannot get Jedis connection; nested exception is redis.clients.jedis.exceptions.JedisConnectionException: Could not get a resource from the pool" type="org.springframework.data.redis.RedisConnectionFailureException">org.springframework.data.redis.RedisConnectionFailureException: Cannot get Jedis connection; nested exception is redis.clients.jedis.exceptions.JedisConnectionException: Could not get a resource from the pool
Caused by: redis.clients.jedis.exceptions.JedisConnectionException: Could not get a resource from the pool
Caused by: redis.clients.jedis.exceptions.JedisConnectionException: java.net.ConnectException: Conexão recusada
Caused by: java.net.ConnectException: Conexão recusada
</error>
  </testcase>
  <testcase name="testPollLast[7]" classname="org.springframework.data.redis.support.collections.RedisListTests" time="0.001">
    <error message="Cannot get Jedis connection; nested exception is redis.clients.jedis.exceptions.JedisConnectionException: Could not get a resource from the pool" type="org.springframework.data.redis.RedisConnectionFailureException">org.springframework.data.redis.RedisConnectionFailureException: Cannot get Jedis connection; nested exception is redis.clients.jedis.exceptions.JedisConnectionException: Could not get a resource from the pool
Caused by: redis.clients.jedis.exceptions.JedisConnectionException: Could not get a resource from the pool
Caused by: redis.clients.jedis.exceptions.JedisConnectionException: java.net.ConnectException: Conexão recusada
Caused by: java.net.ConnectException: Conexão recusada
</error>
  </testcase>
  <testcase name="testIndexOfObject[7]" classname="org.springframework.data.redis.support.collections.RedisListTests" time="0">
    <error message="Cannot get Jedis connection; nested exception is redis.clients.jedis.exceptions.JedisConnectionException: Could not get a resource from the pool" type="org.springframework.data.redis.RedisConnectionFailureException">org.springframework.data.redis.RedisConnectionFailureException: Cannot get Jedis connection; nested exception is redis.clients.jedis.exceptions.JedisConnectionException: Could not get a resource from the pool
Caused by: redis.clients.jedis.exceptions.JedisConnectionException: Could not get a resource from the pool
Caused by: redis.clients.jedis.exceptions.JedisConnectionException: java.net.ConnectException: Conexão recusada
Caused by: java.net.ConnectException: Conexão recusada
</error>
  </testcase>
  <testcase name="testPollTimeout[7]" classname="org.springframework.data.redis.support.collections.RedisListTests" time="0.001">
    <error message="Cannot get Jedis connection; nested exception is redis.clients.jedis.exceptions.JedisConnectionException: Could not get a resource from the pool" type="org.springframework.data.redis.RedisConnectionFailureException">org.springframework.data.redis.RedisConnectionFailureException: Cannot get Jedis connection; nested exception is redis.clients.jedis.exceptions.JedisConnectionException: Could not get a resource from the pool
Caused by: redis.clients.jedis.exceptions.JedisConnectionException: Could not get a resource from the pool
Caused by: redis.clients.jedis.exceptions.JedisConnectionException: java.net.ConnectException: Conexão recusada
Caused by: java.net.ConnectException: Conexão recusada
</error>
  </testcase>
  <testcase name="testPollTimeout[7]" classname="org.springframework.data.redis.support.collections.RedisListTests" time="0.001">
    <error message="Cannot get Jedis connection; nested exception is redis.clients.jedis.exceptions.JedisConnectionException: Could not get a resource from the pool" type="org.springframework.data.redis.RedisConnectionFailureException">org.springframework.data.redis.RedisConnectionFailureException: Cannot get Jedis connection; nested exception is redis.clients.jedis.exceptions.JedisConnectionException: Could not get a resource from the pool
Caused by: redis.clients.jedis.exceptions.JedisConnectionException: Could not get a resource from the pool
Caused by: redis.clients.jedis.exceptions.JedisConnectionException: java.net.ConnectException: Conexão recusada
Caused by: java.net.ConnectException: Conexão recusada
</error>
  </testcase>
  <testcase name="testRemove[7]" classname="org.springframework.data.redis.support.collections.RedisListTests" time="0.001">
    <error message="Cannot get Jedis connection; nested exception is redis.clients.jedis.exceptions.JedisConnectionException: Could not get a resource from the pool" type="org.springframework.data.redis.RedisConnectionFailureException">org.springframework.data.redis.RedisConnectionFailureException: Cannot get Jedis connection; nested exception is redis.clients.jedis.exceptions.JedisConnectionException: Could not get a resource from the pool
Caused by: redis.clients.jedis.exceptions.JedisConnectionException: Could not get a resource from the pool
Caused by: redis.clients.jedis.exceptions.JedisConnectionException: java.net.ConnectException: Conexão recusada
Caused by: java.net.ConnectException: Conexão recusada
</error>
  </testcase>
  <testcase name="testRemove[7]" classname="org.springframework.data.redis.support.collections.RedisListTests" time="0.001">
    <error message="Cannot get Jedis connection; nested exception is redis.clients.jedis.exceptions.JedisConnectionException: Could not get a resource from the pool" type="org.springframework.data.redis.RedisConnectionFailureException">org.springframework.data.redis.RedisConnectionFailureException: Cannot get Jedis connection; nested exception is redis.clients.jedis.exceptions.JedisConnectionException: Could not get a resource from the pool
Caused by: redis.clients.jedis.exceptions.JedisConnectionException: Could not get a resource from the pool
Caused by: redis.clients.jedis.exceptions.JedisConnectionException: java.net.ConnectException: Conexão recusada
Caused by: java.net.ConnectException: Conexão recusada
</error>
  </testcase>
  <testcase name="testCappedCollection[7]" classname="org.springframework.data.redis.support.collections.RedisListTests" time="0">
    <error message="Cannot get Jedis connection; nested exception is redis.clients.jedis.exceptions.JedisConnectionException: Could not get a resource from the pool" type="org.springframework.data.redis.RedisConnectionFailureException">org.springframework.data.redis.RedisConnectionFailureException: Cannot get Jedis connection; nested exception is redis.clients.jedis.exceptions.JedisConnectionException: Could not get a resource from the pool
Caused by: redis.clients.jedis.exceptions.JedisConnectionException: Could not get a resource from the pool
Caused by: redis.clients.jedis.exceptions.JedisConnectionException: java.net.ConnectException: Conexão recusada
Caused by: java.net.ConnectException: Conexão recusada
</error>
  </testcase>
  <testcase name="testCappedCollection[7]" classname="org.springframework.data.redis.support.collections.RedisListTests" time="0.001">
    <error message="Cannot get Jedis connection; nested exception is redis.clients.jedis.exceptions.JedisConnectionException: Could not get a resource from the pool" type="org.springframework.data.redis.RedisConnectionFailureException">org.springframework.data.redis.RedisConnectionFailureException: Cannot get Jedis connection; nested exception is redis.clients.jedis.exceptions.JedisConnectionException: Could not get a resource from the pool
Caused by: redis.clients.jedis.exceptions.JedisConnectionException: Could not get a resource from the pool
Caused by: redis.clients.jedis.exceptions.JedisConnectionException: java.net.ConnectException: Conexão recusada
Caused by: java.net.ConnectException: Conexão recusada
</error>
  </testcase>
  <testcase name="testRmoveLastOccurrence[7]" classname="org.springframework.data.redis.support.collections.RedisListTests" time="0">
    <error message="Cannot get Jedis connection; nested exception is redis.clients.jedis.exceptions.JedisConnectionException: Could not get a resource from the pool" type="org.springframework.data.redis.RedisConnectionFailureException">org.springframework.data.redis.RedisConnectionFailureException: Cannot get Jedis connection; nested exception is redis.clients.jedis.exceptions.JedisConnectionException: Could not get a resource from the pool
Caused by: redis.clients.jedis.exceptions.JedisConnectionException: Could not get a resource from the pool
Caused by: redis.clients.jedis.exceptions.JedisConnectionException: java.net.ConnectException: Conexão recusada
Caused by: java.net.ConnectException: Conexão recusada
</error>
  </testcase>
  <testcase name="testRmoveLastOccurrence[7]" classname="org.springframework.data.redis.support.collections.RedisListTests" time="0">
    <error message="Cannot get Jedis connection; nested exception is redis.clients.jedis.exceptions.JedisConnectionException: Could not get a resource from the pool" type="org.springframework.data.redis.RedisConnectionFailureException">org.springframework.data.redis.RedisConnectionFailureException: Cannot get Jedis connection; nested exception is redis.clients.jedis.exceptions.JedisConnectionException: Could not get a resource from the pool
Caused by: redis.clients.jedis.exceptions.JedisConnectionException: Could not get a resource from the pool
Caused by: redis.clients.jedis.exceptions.JedisConnectionException: java.net.ConnectException: Conexão recusada
Caused by: java.net.ConnectException: Conexão recusada
</error>
  </testcase>
  <testcase name="testTakeFirst[7]" classname="org.springframework.data.redis.support.collections.RedisListTests" time="0.001">
    <error message="Cannot get Jedis connection; nested exception is redis.clients.jedis.exceptions.JedisConnectionException: Could not get a resource from the pool" type="org.springframework.data.redis.RedisConnectionFailureException">org.springframework.data.redis.RedisConnectionFailureException: Cannot get Jedis connection; nested exception is redis.clients.jedis.exceptions.JedisConnectionException: Could not get a resource from the pool
Caused by: redis.clients.jedis.exceptions.JedisConnectionException: Could not get a resource from the pool
Caused by: redis.clients.jedis.exceptions.JedisConnectionException: java.net.ConnectException: Conexão recusada
Caused by: java.net.ConnectException: Conexão recusada
</error>
  </testcase>
  <testcase name="testTakeFirst[7]" classname="org.springframework.data.redis.support.collections.RedisListTests" time="0.001">
    <error message="Cannot get Jedis connection; nested exception is redis.clients.jedis.exceptions.JedisConnectionException: Could not get a resource from the pool" type="org.springframework.data.redis.RedisConnectionFailureException">org.springframework.data.redis.RedisConnectionFailureException: Cannot get Jedis connection; nested exception is redis.clients.jedis.exceptions.JedisConnectionException: Could not get a resource from the pool
Caused by: redis.clients.jedis.exceptions.JedisConnectionException: Could not get a resource from the pool
Caused by: redis.clients.jedis.exceptions.JedisConnectionException: java.net.ConnectException: Conexão recusada
Caused by: java.net.ConnectException: Conexão recusada
</error>
  </testcase>
  <testcase name="testContainsObject[7]" classname="org.springframework.data.redis.support.collections.RedisListTests" time="0.001">
    <error message="Cannot get Jedis connection; nested exception is redis.clients.jedis.exceptions.JedisConnectionException: Could not get a resource from the pool" type="org.springframework.data.redis.RedisConnectionFailureException">org.springframework.data.redis.RedisConnectionFailureException: Cannot get Jedis connection; nested exception is redis.clients.jedis.exceptions.JedisConnectionException: Could not get a resource from the pool
Caused by: redis.clients.jedis.exceptions.JedisConnectionException: Could not get a resource from the pool
Caused by: redis.clients.jedis.exceptions.JedisConnectionException: java.net.ConnectException: Conexão recusada
Caused by: java.net.ConnectException: Conexão recusada
</error>
  </testcase>
  <testcase name="testContainsObject[7]" classname="org.springframework.data.redis.support.collections.RedisListTests" time="0.001">
    <error message="Cannot get Jedis connection; nested exception is redis.clients.jedis.exceptions.JedisConnectionException: Could not get a resource from the pool" type="org.springframework.data.redis.RedisConnectionFailureException">org.springframework.data.redis.RedisConnectionFailureException: Cannot get Jedis connection; nested exception is redis.clients.jedis.exceptions.JedisConnectionException: Could not get a resource from the pool
Caused by: redis.clients.jedis.exceptions.JedisConnectionException: Could not get a resource from the pool
Caused by: redis.clients.jedis.exceptions.JedisConnectionException: java.net.ConnectException: Conexão recusada
Caused by: java.net.ConnectException: Conexão recusada
</error>
  </testcase>
  <testcase name="testToArray[7]" classname="org.springframework.data.redis.support.collections.RedisListTests" time="0.001">
    <error message="Cannot get Jedis connection; nested exception is redis.clients.jedis.exceptions.JedisConnectionException: Could not get a resource from the pool" type="org.springframework.data.redis.RedisConnectionFailureException">org.springframework.data.redis.RedisConnectionFailureException: Cannot get Jedis connection; nested exception is redis.clients.jedis.exceptions.JedisConnectionException: Could not get a resource from the pool
Caused by: redis.clients.jedis.exceptions.JedisConnectionException: Could not get a resource from the pool
Caused by: redis.clients.jedis.exceptions.JedisConnectionException: java.net.ConnectException: Conexão recusada
Caused by: java.net.ConnectException: Conexão recusada
</error>
  </testcase>
  <testcase name="testToArray[7]" classname="org.springframework.data.redis.support.collections.RedisListTests" time="0.001">
    <error message="Cannot get Jedis connection; nested exception is redis.clients.jedis.exceptions.JedisConnectionException: Could not get a resource from the pool" type="org.springframework.data.redis.RedisConnectionFailureException">org.springframework.data.redis.RedisConnectionFailureException: Cannot get Jedis connection; nested exception is redis.clients.jedis.exceptions.JedisConnectionException: Could not get a resource from the pool
Caused by: redis.clients.jedis.exceptions.JedisConnectionException: Could not get a resource from the pool
Caused by: redis.clients.jedis.exceptions.JedisConnectionException: java.net.ConnectException: Conexão recusada
Caused by: java.net.ConnectException: Conexão recusada
</error>
  </testcase>
  <testcase name="testAdd[7]" classname="org.springframework.data.redis.support.collections.RedisListTests" time="0">
    <error message="Cannot get Jedis connection; nested exception is redis.clients.jedis.exceptions.JedisConnectionException: Could not get a resource from the pool" type="org.springframework.data.redis.RedisConnectionFailureException">org.springframework.data.redis.RedisConnectionFailureException: Cannot get Jedis connection; nested exception is redis.clients.jedis.exceptions.JedisConnectionException: Could not get a resource from the pool
Caused by: redis.clients.jedis.exceptions.JedisConnectionException: Could not get a resource from the pool
Caused by: redis.clients.jedis.exceptions.JedisConnectionException: java.net.ConnectException: Conexão recusada
Caused by: java.net.ConnectException: Conexão recusada
</error>
  </testcase>
  <testcase name="testAdd[7]" classname="org.springframework.data.redis.support.collections.RedisListTests" time="0.001">
    <error message="Cannot get Jedis connection; nested exception is redis.clients.jedis.exceptions.JedisConnectionException: Could not get a resource from the pool" type="org.springframework.data.redis.RedisConnectionFailureException">org.springframework.data.redis.RedisConnectionFailureException: Cannot get Jedis connection; nested exception is redis.clients.jedis.exceptions.JedisConnectionException: Could not get a resource from the pool
Caused by: redis.clients.jedis.exceptions.JedisConnectionException: Could not get a resource from the pool
Caused by: redis.clients.jedis.exceptions.JedisConnectionException: java.net.ConnectException: Conexão recusada
Caused by: java.net.ConnectException: Conexão recusada
</error>
  </testcase>
  <testcase name="testClear[7]" classname="org.springframework.data.redis.support.collections.RedisListTests" time="0">
    <error message="Cannot get Jedis connection; nested exception is redis.clients.jedis.exceptions.JedisConnectionException: Could not get a resource from the pool" type="org.springframework.data.redis.RedisConnectionFailureException">org.springframework.data.redis.RedisConnectionFailureException: Cannot get Jedis connection; nested exception is redis.clients.jedis.exceptions.JedisConnectionException: Could not get a resource from the pool
Caused by: redis.clients.jedis.exceptions.JedisConnectionException: Could not get a resource from the pool
Caused by: redis.clients.jedis.exceptions.JedisConnectionException: java.net.ConnectException: Conexão recusada
Caused by: java.net.ConnectException: Conexão recusada
</error>
  </testcase>
  <testcase name="testClear[7]" classname="org.springframework.data.redis.support.collections.RedisListTests" time="0">
    <error message="Cannot get Jedis connection; nested exception is redis.clients.jedis.exceptions.JedisConnectionException: Could not get a resource from the pool" type="org.springframework.data.redis.RedisConnectionFailureException">org.springframework.data.redis.RedisConnectionFailureException: Cannot get Jedis connection; nested exception is redis.clients.jedis.exceptions.JedisConnectionException: Could not get a resource from the pool
Caused by: redis.clients.jedis.exceptions.JedisConnectionException: Could not get a resource from the pool
Caused by: redis.clients.jedis.exceptions.JedisConnectionException: java.net.ConnectException: Conexão recusada
Caused by: java.net.ConnectException: Conexão recusada
</error>
  </testcase>
  <testcase name="testSize[7]" classname="org.springframework.data.redis.support.collections.RedisListTests" time="0.001">
    <error message="Cannot get Jedis connection; nested exception is redis.clients.jedis.exceptions.JedisConnectionException: Could not get a resource from the pool" type="org.springframework.data.redis.RedisConnectionFailureException">org.springframework.data.redis.RedisConnectionFailureException: Cannot get Jedis connection; nested exception is redis.clients.jedis.exceptions.JedisConnectionException: Could not get a resource from the pool
Caused by: redis.clients.jedis.exceptions.JedisConnectionException: Could not get a resource from the pool
Caused by: redis.clients.jedis.exceptions.JedisConnectionException: java.net.ConnectException: Conexão recusada
Caused by: java.net.ConnectException: Conexão recusada
</error>
  </testcase>
  <testcase name="testSize[7]" classname="org.springframework.data.redis.support.collections.RedisListTests" time="0.001">
    <error message="Cannot get Jedis connection; nested exception is redis.clients.jedis.exceptions.JedisConnectionException: Could not get a resource from the pool" type="org.springframework.data.redis.RedisConnectionFailureException">org.springframework.data.redis.RedisConnectionFailureException: Cannot get Jedis connection; nested exception is redis.clients.jedis.exceptions.JedisConnectionException: Could not get a resource from the pool
Caused by: redis.clients.jedis.exceptions.JedisConnectionException: Could not get a resource from the pool
Caused by: redis.clients.jedis.exceptions.JedisConnectionException: java.net.ConnectException: Conexão recusada
Caused by: java.net.ConnectException: Conexão recusada
</error>
  </testcase>
  <testcase name="testToString[7]" classname="org.springframework.data.redis.support.collections.RedisListTests" time="0.001">
    <error message="Cannot get Jedis connection; nested exception is redis.clients.jedis.exceptions.JedisConnectionException: Could not get a resource from the pool" type="org.springframework.data.redis.RedisConnectionFailureException">org.springframework.data.redis.RedisConnectionFailureException: Cannot get Jedis connection; nested exception is redis.clients.jedis.exceptions.JedisConnectionException: Could not get a resource from the pool
Caused by: redis.clients.jedis.exceptions.JedisConnectionException: Could not get a resource from the pool
Caused by: redis.clients.jedis.exceptions.JedisConnectionException: java.net.ConnectException: Conexão recusada
Caused by: java.net.ConnectException: Conexão recusada
</error>
  </testcase>
  <testcase name="testToString[7]" classname="org.springframework.data.redis.support.collections.RedisListTests" time="0.001">
    <error message="Cannot get Jedis connection; nested exception is redis.clients.jedis.exceptions.JedisConnectionException: Could not get a resource from the pool" type="org.springframework.data.redis.RedisConnectionFailureException">org.springframework.data.redis.RedisConnectionFailureException: Cannot get Jedis connection; nested exception is redis.clients.jedis.exceptions.JedisConnectionException: Could not get a resource from the pool
Caused by: redis.clients.jedis.exceptions.JedisConnectionException: Could not get a resource from the pool
Caused by: redis.clients.jedis.exceptions.JedisConnectionException: java.net.ConnectException: Conexão recusada
Caused by: java.net.ConnectException: Conexão recusada
</error>
  </testcase>
  <testcase name="testContainsAll[7]" classname="org.springframework.data.redis.support.collections.RedisListTests" time="0.001">
    <error message="Cannot get Jedis connection; nested exception is redis.clients.jedis.exceptions.JedisConnectionException: Could not get a resource from the pool" type="org.springframework.data.redis.RedisConnectionFailureException">org.springframework.data.redis.RedisConnectionFailureException: Cannot get Jedis connection; nested exception is redis.clients.jedis.exceptions.JedisConnectionException: Could not get a resource from the pool
Caused by: redis.clients.jedis.exceptions.JedisConnectionException: Could not get a resource from the pool
Caused by: redis.clients.jedis.exceptions.JedisConnectionException: java.net.ConnectException: Conexão recusada
Caused by: java.net.ConnectException: Conexão recusada
</error>
  </testcase>
  <testcase name="testContainsAll[7]" classname="org.springframework.data.redis.support.collections.RedisListTests" time="0.001">
    <error message="Cannot get Jedis connection; nested exception is redis.clients.jedis.exceptions.JedisConnectionException: Could not get a resource from the pool" type="org.springframework.data.redis.RedisConnectionFailureException">org.springframework.data.redis.RedisConnectionFailureException: Cannot get Jedis connection; nested exception is redis.clients.jedis.exceptions.JedisConnectionException: Could not get a resource from the pool
Caused by: redis.clients.jedis.exceptions.JedisConnectionException: Could not get a resource from the pool
Caused by: redis.clients.jedis.exceptions.JedisConnectionException: java.net.ConnectException: Conexão recusada
Caused by: java.net.ConnectException: Conexão recusada
</error>
  </testcase>
  <testcase name="testRemoveObject[7]" classname="org.springframework.data.redis.support.collections.RedisListTests" time="0.001">
    <error message="Cannot get Jedis connection; nested exception is redis.clients.jedis.exceptions.JedisConnectionException: Could not get a resource from the pool" type="org.springframework.data.redis.RedisConnectionFailureException">org.springframework.data.redis.RedisConnectionFailureException: Cannot get Jedis connection; nested exception is redis.clients.jedis.exceptions.JedisConnectionException: Could not get a resource from the pool
Caused by: redis.clients.jedis.exceptions.JedisConnectionException: Could not get a resource from the pool
Caused by: redis.clients.jedis.exceptions.JedisConnectionException: java.net.ConnectException: Conexão recusada
Caused by: java.net.ConnectException: Conexão recusada
</error>
  </testcase>
  <testcase name="testRemoveObject[7]" classname="org.springframework.data.redis.support.collections.RedisListTests" time="0.001">
    <error message="Cannot get Jedis connection; nested exception is redis.clients.jedis.exceptions.JedisConnectionException: Could not get a resource from the pool" type="org.springframework.data.redis.RedisConnectionFailureException">org.springframework.data.redis.RedisConnectionFailureException: Cannot get Jedis connection; nested exception is redis.clients.jedis.exceptions.JedisConnectionException: Could not get a resource from the pool
Caused by: redis.clients.jedis.exceptions.JedisConnectionException: Could not get a resource from the pool
Caused by: redis.clients.jedis.exceptions.JedisConnectionException: java.net.ConnectException: Conexão recusada
Caused by: java.net.ConnectException: Conexão recusada
</error>
  </testcase>
  <testcase name="testHashCode[7]" classname="org.springframework.data.redis.support.collections.RedisListTests" time="0">
    <error message="Cannot get Jedis connection; nested exception is redis.clients.jedis.exceptions.JedisConnectionException: Could not get a resource from the pool" type="org.springframework.data.redis.RedisConnectionFailureException">org.springframework.data.redis.RedisConnectionFailureException: Cannot get Jedis connection; nested exception is redis.clients.jedis.exceptions.JedisConnectionException: Could not get a resource from the pool
Caused by: redis.clients.jedis.exceptions.JedisConnectionException: Could not get a resource from the pool
Caused by: redis.clients.jedis.exceptions.JedisConnectionException: java.net.ConnectException: Conexão recusada
Caused by: java.net.ConnectException: Conexão recusada
</error>
  </testcase>
  <testcase name="testAddAll[7]" classname="org.springframework.data.redis.support.collections.RedisListTests" time="0.001">
    <error message="Cannot get Jedis connection; nested exception is redis.clients.jedis.exceptions.JedisConnectionException: Could not get a resource from the pool" type="org.springframework.data.redis.RedisConnectionFailureException">org.springframework.data.redis.RedisConnectionFailureException: Cannot get Jedis connection; nested exception is redis.clients.jedis.exceptions.JedisConnectionException: Could not get a resource from the pool
Caused by: redis.clients.jedis.exceptions.JedisConnectionException: Could not get a resource from the pool
Caused by: redis.clients.jedis.exceptions.JedisConnectionException: java.net.ConnectException: Conexão recusada
Caused by: java.net.ConnectException: Conexão recusada
</error>
  </testcase>
  <testcase name="testAddAll[7]" classname="org.springframework.data.redis.support.collections.RedisListTests" time="0.001">
    <error message="Cannot get Jedis connection; nested exception is redis.clients.jedis.exceptions.JedisConnectionException: Could not get a resource from the pool" type="org.springframework.data.redis.RedisConnectionFailureException">org.springframework.data.redis.RedisConnectionFailureException: Cannot get Jedis connection; nested exception is redis.clients.jedis.exceptions.JedisConnectionException: Could not get a resource from the pool
Caused by: redis.clients.jedis.exceptions.JedisConnectionException: Could not get a resource from the pool
Caused by: redis.clients.jedis.exceptions.JedisConnectionException: java.net.ConnectException: Conexão recusada
Caused by: java.net.ConnectException: Conexão recusada
</error>
  </testcase>
  <testcase name="removeAll[7]" classname="org.springframework.data.redis.support.collections.RedisListTests" time="0.001">
    <error message="Cannot get Jedis connection; nested exception is redis.clients.jedis.exceptions.JedisConnectionException: Could not get a resource from the pool" type="org.springframework.data.redis.RedisConnectionFailureException">org.springframework.data.redis.RedisConnectionFailureException: Cannot get Jedis connection; nested exception is redis.clients.jedis.exceptions.JedisConnectionException: Could not get a resource from the pool
Caused by: redis.clients.jedis.exceptions.JedisConnectionException: Could not get a resource from the pool
Caused by: redis.clients.jedis.exceptions.JedisConnectionException: java.net.ConnectException: Conexão recusada
Caused by: java.net.ConnectException: Conexão recusada
</error>
  </testcase>
  <testcase name="removeAll[7]" classname="org.springframework.data.redis.support.collections.RedisListTests" time="0.001">
    <error message="Cannot get Jedis connection; nested exception is redis.clients.jedis.exceptions.JedisConnectionException: Could not get a resource from the pool" type="org.springframework.data.redis.RedisConnectionFailureException">org.springframework.data.redis.RedisConnectionFailureException: Cannot get Jedis connection; nested exception is redis.clients.jedis.exceptions.JedisConnectionException: Could not get a resource from the pool
Caused by: redis.clients.jedis.exceptions.JedisConnectionException: Could not get a resource from the pool
Caused by: redis.clients.jedis.exceptions.JedisConnectionException: java.net.ConnectException: Conexão recusada
Caused by: java.net.ConnectException: Conexão recusada
</error>
  </testcase>
  <testcase name="testEquals[7]" classname="org.springframework.data.redis.support.collections.RedisListTests" time="0">
    <error message="Cannot get Jedis connection; nested exception is redis.clients.jedis.exceptions.JedisConnectionException: Could not get a resource from the pool" type="org.springframework.data.redis.RedisConnectionFailureException">org.springframework.data.redis.RedisConnectionFailureException: Cannot get Jedis connection; nested exception is redis.clients.jedis.exceptions.JedisConnectionException: Could not get a resource from the pool
Caused by: redis.clients.jedis.exceptions.JedisConnectionException: Could not get a resource from the pool
Caused by: redis.clients.jedis.exceptions.JedisConnectionException: java.net.ConnectException: Conexão recusada
Caused by: java.net.ConnectException: Conexão recusada
</error>
  </testcase>
  <testcase name="testGetKey[7]" classname="org.springframework.data.redis.support.collections.RedisListTests" time="0.001">
    <error message="Cannot get Jedis connection; nested exception is redis.clients.jedis.exceptions.JedisConnectionException: Could not get a resource from the pool" type="org.springframework.data.redis.RedisConnectionFailureException">org.springframework.data.redis.RedisConnectionFailureException: Cannot get Jedis connection; nested exception is redis.clients.jedis.exceptions.JedisConnectionException: Could not get a resource from the pool
Caused by: redis.clients.jedis.exceptions.JedisConnectionException: Could not get a resource from the pool
Caused by: redis.clients.jedis.exceptions.JedisConnectionException: java.net.ConnectException: Conexão recusada
Caused by: java.net.ConnectException: Conexão recusada
</error>
  </testcase>
  <testcase name="testToArrayWithGenerics[7]" classname="org.springframework.data.redis.support.collections.RedisListTests" time="0.001">
    <error message="Cannot get Jedis connection; nested exception is redis.clients.jedis.exceptions.JedisConnectionException: Could not get a resource from the pool" type="org.springframework.data.redis.RedisConnectionFailureException">org.springframework.data.redis.RedisConnectionFailureException: Cannot get Jedis connection; nested exception is redis.clients.jedis.exceptions.JedisConnectionException: Could not get a resource from the pool
Caused by: redis.clients.jedis.exceptions.JedisConnectionException: Could not get a resource from the pool
Caused by: redis.clients.jedis.exceptions.JedisConnectionException: java.net.ConnectException: Conexão recusada
Caused by: java.net.ConnectException: Conexão recusada
</error>
  </testcase>
  <testcase name="testToArrayWithGenerics[7]" classname="org.springframework.data.redis.support.collections.RedisListTests" time="0.001">
    <error message="Cannot get Jedis connection; nested exception is redis.clients.jedis.exceptions.JedisConnectionException: Could not get a resource from the pool" type="org.springframework.data.redis.RedisConnectionFailureException">org.springframework.data.redis.RedisConnectionFailureException: Cannot get Jedis connection; nested exception is redis.clients.jedis.exceptions.JedisConnectionException: Could not get a resource from the pool
Caused by: redis.clients.jedis.exceptions.JedisConnectionException: Could not get a resource from the pool
Caused by: redis.clients.jedis.exceptions.JedisConnectionException: java.net.ConnectException: Conexão recusada
Caused by: java.net.ConnectException: Conexão recusada
</error>
  </testcase>
  <testcase name="testIsEmpty[7]" classname="org.springframework.data.redis.support.collections.RedisListTests" time="0.001">
    <error message="Cannot get Jedis connection; nested exception is redis.clients.jedis.exceptions.JedisConnectionException: Could not get a resource from the pool" type="org.springframework.data.redis.RedisConnectionFailureException">org.springframework.data.redis.RedisConnectionFailureException: Cannot get Jedis connection; nested exception is redis.clients.jedis.exceptions.JedisConnectionException: Could not get a resource from the pool
Caused by: redis.clients.jedis.exceptions.JedisConnectionException: Could not get a resource from the pool
Caused by: redis.clients.jedis.exceptions.JedisConnectionException: java.net.ConnectException: Conexão recusada
Caused by: java.net.ConnectException: Conexão recusada
</error>
  </testcase>
  <testcase name="testIsEmpty[7]" classname="org.springframework.data.redis.support.collections.RedisListTests" time="0.001">
    <error message="Cannot get Jedis connection; nested exception is redis.clients.jedis.exceptions.JedisConnectionException: Could not get a resource from the pool" type="org.springframework.data.redis.RedisConnectionFailureException">org.springframework.data.redis.RedisConnectionFailureException: Cannot get Jedis connection; nested exception is redis.clients.jedis.exceptions.JedisConnectionException: Could not get a resource from the pool
Caused by: redis.clients.jedis.exceptions.JedisConnectionException: Could not get a resource from the pool
Caused by: redis.clients.jedis.exceptions.JedisConnectionException: java.net.ConnectException: Conexão recusada
Caused by: java.net.ConnectException: Conexão recusada
</error>
  </testcase>
  <testcase name="testIterator[7]" classname="org.springframework.data.redis.support.collections.RedisListTests" time="0">
    <error message="Cannot get Jedis connection; nested exception is redis.clients.jedis.exceptions.JedisConnectionException: Could not get a resource from the pool" type="org.springframework.data.redis.RedisConnectionFailureException">org.springframework.data.redis.RedisConnectionFailureException: Cannot get Jedis connection; nested exception is redis.clients.jedis.exceptions.JedisConnectionException: Could not get a resource from the pool
Caused by: redis.clients.jedis.exceptions.JedisConnectionException: Could not get a resource from the pool
Caused by: redis.clients.jedis.exceptions.JedisConnectionException: java.net.ConnectException: Conexão recusada
Caused by: java.net.ConnectException: Conexão recusada
</error>
  </testcase>
  <testcase name="testIterator[7]" classname="org.springframework.data.redis.support.collections.RedisListTests" time="0.001">
    <error message="Cannot get Jedis connection; nested exception is redis.clients.jedis.exceptions.JedisConnectionException: Could not get a resource from the pool" type="org.springframework.data.redis.RedisConnectionFailureException">org.springframework.data.redis.RedisConnectionFailureException: Cannot get Jedis connection; nested exception is redis.clients.jedis.exceptions.JedisConnectionException: Could not get a resource from the pool
Caused by: redis.clients.jedis.exceptions.JedisConnectionException: Could not get a resource from the pool
Caused by: redis.clients.jedis.exceptions.JedisConnectionException: java.net.ConnectException: Conexão recusada
Caused by: java.net.ConnectException: Conexão recusada
</error>
  </testcase>
  <testcase name="testElement[8]" classname="org.springframework.data.redis.support.collections.RedisListTests" time="0.02">
    <error message="Could not get a resource from the pool; nested exception is org.jredis.ClientRuntimeException: null reference:{connection on setConnection()} in method JRedisClient.setConnection() [file: JRedisClient.java line:158 - package: org.jredis.ri.alphazero] cause: =&gt; [IllegalArgumentException: null reference:{connection on setConnection()} in method JRedisClient.setConnection() [file: JRedisClient.java line:158 - package: org.jredis.ri.alphazero]]" type="org.springframework.data.redis.connection.PoolException">org.springframework.data.redis.connection.PoolException: Could not get a resource from the pool; nested exception is org.jredis.ClientRuntimeException: null reference:{connection on setConnection()} in method JRedisClient.setConnection() [file: JRedisClient.java line:158 - package: org.jredis.ri.alphazero] cause: => [IllegalArgumentException: null reference:{connection on setConnection()} in method JRedisClient.setConnection() [file: JRedisClient.java line:158 - package: org.jredis.ri.alphazero]]
Caused by: org.jredis.ClientRuntimeException: null reference:{connection on setConnection()} in method JRedisClient.setConnection() [file: JRedisClient.java line:158 - package: org.jredis.ri.alphazero] cause: => [IllegalArgumentException: null reference:{connection on setConnection()} in method JRedisClient.setConnection() [file: JRedisClient.java line:158 - package: org.jredis.ri.alphazero]]
Caused by: java.lang.IllegalArgumentException: null reference:{connection on setConnection()} in method JRedisClient.setConnection() [file: JRedisClient.java line:158 - package: org.jredis.ri.alphazero]
</error>
    <system-err><![CDATA[01475611470111 Tue Oct 04 17:04:30 BRT 2016 JRedis[tid:1] <INFORMAÇÕES>: WARNING: heartbeat is disabled.
01475611470114 Tue Oct 04 17:04:30 BRT 2016 JRedis[tid:1] <ADVERTÊNCIA>: PROBLEM: Shutting down due to connection FAULT: Socket connect failed [cause: java.net.ConnectException: Conexão recusada] -- make sure the server is running at localhost:6379 - Connection: SYNCHRONOUS  localhost/127.0.0.1:6379 db:0 | SyncConnection@962287291
01475611470115 Tue Oct 04 17:04:30 BRT 2016 JRedis[tid:1] <GRAVE>: Error creating connection -> Socket connect failed [cause: java.net.ConnectException: Conexão recusada] -- make sure the server is running at localhost:6379
01475611470116 Tue Oct 04 17:04:30 BRT 2016 JRedis[tid:1] <INFORMAÇÕES>: WARNING: heartbeat is disabled.
01475611470116 Tue Oct 04 17:04:30 BRT 2016 JRedis[tid:1] <ADVERTÊNCIA>: PROBLEM: Shutting down due to connection FAULT: Socket connect failed [cause: java.net.ConnectException: Conexão recusada] -- make sure the server is running at localhost:6379 - Connection: SYNCHRONOUS  localhost/127.0.0.1:6379 db:0 | SyncConnection@1389509050
01475611470116 Tue Oct 04 17:04:30 BRT 2016 JRedis[tid:1] <GRAVE>: Error creating connection -> Socket connect failed [cause: java.net.ConnectException: Conexão recusada] -- make sure the server is running at localhost:6379
]]></system-err>
  </testcase>
  <testcase name="testElement[8]" classname="org.springframework.data.redis.support.collections.RedisListTests" time="0.02">
    <error message="Could not get a resource from the pool; nested exception is org.jredis.ClientRuntimeException: null reference:{connection on setConnection()} in method JRedisClient.setConnection() [file: JRedisClient.java line:158 - package: org.jredis.ri.alphazero] cause: =&gt; [IllegalArgumentException: null reference:{connection on setConnection()} in method JRedisClient.setConnection() [file: JRedisClient.java line:158 - package: org.jredis.ri.alphazero]]" type="org.springframework.data.redis.connection.PoolException">org.springframework.data.redis.connection.PoolException: Could not get a resource from the pool; nested exception is org.jredis.ClientRuntimeException: null reference:{connection on setConnection()} in method JRedisClient.setConnection() [file: JRedisClient.java line:158 - package: org.jredis.ri.alphazero] cause: => [IllegalArgumentException: null reference:{connection on setConnection()} in method JRedisClient.setConnection() [file: JRedisClient.java line:158 - package: org.jredis.ri.alphazero]]
Caused by: org.jredis.ClientRuntimeException: null reference:{connection on setConnection()} in method JRedisClient.setConnection() [file: JRedisClient.java line:158 - package: org.jredis.ri.alphazero] cause: => [IllegalArgumentException: null reference:{connection on setConnection()} in method JRedisClient.setConnection() [file: JRedisClient.java line:158 - package: org.jredis.ri.alphazero]]
Caused by: java.lang.IllegalArgumentException: null reference:{connection on setConnection()} in method JRedisClient.setConnection() [file: JRedisClient.java line:158 - package: org.jredis.ri.alphazero]
</error>
  </testcase>
  <testcase name="testPutFirst[8]" classname="org.springframework.data.redis.support.collections.RedisListTests" time="0.003">
    <error message="Could not get a resource from the pool; nested exception is org.jredis.ClientRuntimeException: null reference:{connection on setConnection()} in method JRedisClient.setConnection() [file: JRedisClient.java line:158 - package: org.jredis.ri.alphazero] cause: =&gt; [IllegalArgumentException: null reference:{connection on setConnection()} in method JRedisClient.setConnection() [file: JRedisClient.java line:158 - package: org.jredis.ri.alphazero]]" type="org.springframework.data.redis.connection.PoolException">org.springframework.data.redis.connection.PoolException: Could not get a resource from the pool; nested exception is org.jredis.ClientRuntimeException: null reference:{connection on setConnection()} in method JRedisClient.setConnection() [file: JRedisClient.java line:158 - package: org.jredis.ri.alphazero] cause: => [IllegalArgumentException: null reference:{connection on setConnection()} in method JRedisClient.setConnection() [file: JRedisClient.java line:158 - package: org.jredis.ri.alphazero]]
Caused by: org.jredis.ClientRuntimeException: null reference:{connection on setConnection()} in method JRedisClient.setConnection() [file: JRedisClient.java line:158 - package: org.jredis.ri.alphazero] cause: => [IllegalArgumentException: null reference:{connection on setConnection()} in method JRedisClient.setConnection() [file: JRedisClient.java line:158 - package: org.jredis.ri.alphazero]]
Caused by: java.lang.IllegalArgumentException: null reference:{connection on setConnection()} in method JRedisClient.setConnection() [file: JRedisClient.java line:158 - package: org.jredis.ri.alphazero]
</error>
    <system-err><![CDATA[01475611470117 Tue Oct 04 17:04:30 BRT 2016 JRedis[tid:1] <INFORMAÇÕES>: WARNING: heartbeat is disabled.
01475611470118 Tue Oct 04 17:04:30 BRT 2016 JRedis[tid:1] <ADVERTÊNCIA>: PROBLEM: Shutting down due to connection FAULT: Socket connect failed [cause: java.net.ConnectException: Conexão recusada] -- make sure the server is running at localhost:6379 - Connection: SYNCHRONOUS  localhost/127.0.0.1:6379 db:0 | SyncConnection@828326869
01475611470118 Tue Oct 04 17:04:30 BRT 2016 JRedis[tid:1] <GRAVE>: Error creating connection -> Socket connect failed [cause: java.net.ConnectException: Conexão recusada] -- make sure the server is running at localhost:6379
01475611470119 Tue Oct 04 17:04:30 BRT 2016 JRedis[tid:1] <INFORMAÇÕES>: WARNING: heartbeat is disabled.
01475611470119 Tue Oct 04 17:04:30 BRT 2016 JRedis[tid:1] <ADVERTÊNCIA>: PROBLEM: Shutting down due to connection FAULT: Socket connect failed [cause: java.net.ConnectException: Conexão recusada] -- make sure the server is running at localhost:6379 - Connection: SYNCHRONOUS  localhost/127.0.0.1:6379 db:0 | SyncConnection@1761217448
01475611470119 Tue Oct 04 17:04:30 BRT 2016 JRedis[tid:1] <GRAVE>: Error creating connection -> Socket connect failed [cause: java.net.ConnectException: Conexão recusada] -- make sure the server is running at localhost:6379
]]></system-err>
  </testcase>
  <testcase name="testPutFirst[8]" classname="org.springframework.data.redis.support.collections.RedisListTests" time="0.003">
    <error message="Could not get a resource from the pool; nested exception is org.jredis.ClientRuntimeException: null reference:{connection on setConnection()} in method JRedisClient.setConnection() [file: JRedisClient.java line:158 - package: org.jredis.ri.alphazero] cause: =&gt; [IllegalArgumentException: null reference:{connection on setConnection()} in method JRedisClient.setConnection() [file: JRedisClient.java line:158 - package: org.jredis.ri.alphazero]]" type="org.springframework.data.redis.connection.PoolException">org.springframework.data.redis.connection.PoolException: Could not get a resource from the pool; nested exception is org.jredis.ClientRuntimeException: null reference:{connection on setConnection()} in method JRedisClient.setConnection() [file: JRedisClient.java line:158 - package: org.jredis.ri.alphazero] cause: => [IllegalArgumentException: null reference:{connection on setConnection()} in method JRedisClient.setConnection() [file: JRedisClient.java line:158 - package: org.jredis.ri.alphazero]]
Caused by: org.jredis.ClientRuntimeException: null reference:{connection on setConnection()} in method JRedisClient.setConnection() [file: JRedisClient.java line:158 - package: org.jredis.ri.alphazero] cause: => [IllegalArgumentException: null reference:{connection on setConnection()} in method JRedisClient.setConnection() [file: JRedisClient.java line:158 - package: org.jredis.ri.alphazero]]
Caused by: java.lang.IllegalArgumentException: null reference:{connection on setConnection()} in method JRedisClient.setConnection() [file: JRedisClient.java line:158 - package: org.jredis.ri.alphazero]
</error>
  </testcase>
  <testcase name="testPollLastTimeout[8]" classname="org.springframework.data.redis.support.collections.RedisListTests" time="0.002">
    <error message="got: &lt;false&gt;, expected: is &lt;true&gt;" type="org.junit.AssumptionViolatedException"><![CDATA[org.junit.AssumptionViolatedException: got: <false>, expected: is <true>
]]></error>
    <system-err><![CDATA[01475611470120 Tue Oct 04 17:04:30 BRT 2016 JRedis[tid:1] <INFORMAÇÕES>: WARNING: heartbeat is disabled.
01475611470121 Tue Oct 04 17:04:30 BRT 2016 JRedis[tid:1] <ADVERTÊNCIA>: PROBLEM: Shutting down due to connection FAULT: Socket connect failed [cause: java.net.ConnectException: Conexão recusada] -- make sure the server is running at localhost:6379 - Connection: SYNCHRONOUS  localhost/127.0.0.1:6379 db:0 | SyncConnection@1817789863
01475611470121 Tue Oct 04 17:04:30 BRT 2016 JRedis[tid:1] <GRAVE>: Error creating connection -> Socket connect failed [cause: java.net.ConnectException: Conexão recusada] -- make sure the server is running at localhost:6379
]]></system-err>
  </testcase>
  <testcase name="testPollLastTimeout[8]" classname="org.springframework.data.redis.support.collections.RedisListTests" time="0.002">
    <error message="Could not get a resource from the pool; nested exception is org.jredis.ClientRuntimeException: null reference:{connection on setConnection()} in method JRedisClient.setConnection() [file: JRedisClient.java line:158 - package: org.jredis.ri.alphazero] cause: =&gt; [IllegalArgumentException: null reference:{connection on setConnection()} in method JRedisClient.setConnection() [file: JRedisClient.java line:158 - package: org.jredis.ri.alphazero]]" type="org.springframework.data.redis.connection.PoolException">org.springframework.data.redis.connection.PoolException: Could not get a resource from the pool; nested exception is org.jredis.ClientRuntimeException: null reference:{connection on setConnection()} in method JRedisClient.setConnection() [file: JRedisClient.java line:158 - package: org.jredis.ri.alphazero] cause: => [IllegalArgumentException: null reference:{connection on setConnection()} in method JRedisClient.setConnection() [file: JRedisClient.java line:158 - package: org.jredis.ri.alphazero]]
Caused by: org.jredis.ClientRuntimeException: null reference:{connection on setConnection()} in method JRedisClient.setConnection() [file: JRedisClient.java line:158 - package: org.jredis.ri.alphazero] cause: => [IllegalArgumentException: null reference:{connection on setConnection()} in method JRedisClient.setConnection() [file: JRedisClient.java line:158 - package: org.jredis.ri.alphazero]]
Caused by: java.lang.IllegalArgumentException: null reference:{connection on setConnection()} in method JRedisClient.setConnection() [file: JRedisClient.java line:158 - package: org.jredis.ri.alphazero]
</error>
  </testcase>
  <testcase name="testPeekFirst[8]" classname="org.springframework.data.redis.support.collections.RedisListTests" time="0.002">
    <error message="Could not get a resource from the pool; nested exception is org.jredis.ClientRuntimeException: null reference:{connection on setConnection()} in method JRedisClient.setConnection() [file: JRedisClient.java line:158 - package: org.jredis.ri.alphazero] cause: =&gt; [IllegalArgumentException: null reference:{connection on setConnection()} in method JRedisClient.setConnection() [file: JRedisClient.java line:158 - package: org.jredis.ri.alphazero]]" type="org.springframework.data.redis.connection.PoolException">org.springframework.data.redis.connection.PoolException: Could not get a resource from the pool; nested exception is org.jredis.ClientRuntimeException: null reference:{connection on setConnection()} in method JRedisClient.setConnection() [file: JRedisClient.java line:158 - package: org.jredis.ri.alphazero] cause: => [IllegalArgumentException: null reference:{connection on setConnection()} in method JRedisClient.setConnection() [file: JRedisClient.java line:158 - package: org.jredis.ri.alphazero]]
Caused by: org.jredis.ClientRuntimeException: null reference:{connection on setConnection()} in method JRedisClient.setConnection() [file: JRedisClient.java line:158 - package: org.jredis.ri.alphazero] cause: => [IllegalArgumentException: null reference:{connection on setConnection()} in method JRedisClient.setConnection() [file: JRedisClient.java line:158 - package: org.jredis.ri.alphazero]]
Caused by: java.lang.IllegalArgumentException: null reference:{connection on setConnection()} in method JRedisClient.setConnection() [file: JRedisClient.java line:158 - package: org.jredis.ri.alphazero]
</error>
    <system-err><![CDATA[01475611470123 Tue Oct 04 17:04:30 BRT 2016 JRedis[tid:1] <INFORMAÇÕES>: WARNING: heartbeat is disabled.
01475611470123 Tue Oct 04 17:04:30 BRT 2016 JRedis[tid:1] <ADVERTÊNCIA>: PROBLEM: Shutting down due to connection FAULT: Socket connect failed [cause: java.net.ConnectException: Conexão recusada] -- make sure the server is running at localhost:6379 - Connection: SYNCHRONOUS  localhost/127.0.0.1:6379 db:0 | SyncConnection@2016828666
01475611470123 Tue Oct 04 17:04:30 BRT 2016 JRedis[tid:1] <GRAVE>: Error creating connection -> Socket connect failed [cause: java.net.ConnectException: Conexão recusada] -- make sure the server is running at localhost:6379
01475611470124 Tue Oct 04 17:04:30 BRT 2016 JRedis[tid:1] <INFORMAÇÕES>: WARNING: heartbeat is disabled.
01475611470124 Tue Oct 04 17:04:30 BRT 2016 JRedis[tid:1] <ADVERTÊNCIA>: PROBLEM: Shutting down due to connection FAULT: Socket connect failed [cause: java.net.ConnectException: Conexão recusada] -- make sure the server is running at localhost:6379 - Connection: SYNCHRONOUS  localhost/127.0.0.1:6379 db:0 | SyncConnection@1688782916
01475611470124 Tue Oct 04 17:04:30 BRT 2016 JRedis[tid:1] <GRAVE>: Error creating connection -> Socket connect failed [cause: java.net.ConnectException: Conexão recusada] -- make sure the server is running at localhost:6379
]]></system-err>
  </testcase>
  <testcase name="testPeekFirst[8]" classname="org.springframework.data.redis.support.collections.RedisListTests" time="0.003">
    <error message="Could not get a resource from the pool; nested exception is org.jredis.ClientRuntimeException: null reference:{connection on setConnection()} in method JRedisClient.setConnection() [file: JRedisClient.java line:158 - package: org.jredis.ri.alphazero] cause: =&gt; [IllegalArgumentException: null reference:{connection on setConnection()} in method JRedisClient.setConnection() [file: JRedisClient.java line:158 - package: org.jredis.ri.alphazero]]" type="org.springframework.data.redis.connection.PoolException">org.springframework.data.redis.connection.PoolException: Could not get a resource from the pool; nested exception is org.jredis.ClientRuntimeException: null reference:{connection on setConnection()} in method JRedisClient.setConnection() [file: JRedisClient.java line:158 - package: org.jredis.ri.alphazero] cause: => [IllegalArgumentException: null reference:{connection on setConnection()} in method JRedisClient.setConnection() [file: JRedisClient.java line:158 - package: org.jredis.ri.alphazero]]
Caused by: org.jredis.ClientRuntimeException: null reference:{connection on setConnection()} in method JRedisClient.setConnection() [file: JRedisClient.java line:158 - package: org.jredis.ri.alphazero] cause: => [IllegalArgumentException: null reference:{connection on setConnection()} in method JRedisClient.setConnection() [file: JRedisClient.java line:158 - package: org.jredis.ri.alphazero]]
Caused by: java.lang.IllegalArgumentException: null reference:{connection on setConnection()} in method JRedisClient.setConnection() [file: JRedisClient.java line:158 - package: org.jredis.ri.alphazero]
</error>
  </testcase>
  <testcase name="testOfferLast[8]" classname="org.springframework.data.redis.support.collections.RedisListTests" time="0.002">
    <error message="Could not get a resource from the pool; nested exception is org.jredis.ClientRuntimeException: null reference:{connection on setConnection()} in method JRedisClient.setConnection() [file: JRedisClient.java line:158 - package: org.jredis.ri.alphazero] cause: =&gt; [IllegalArgumentException: null reference:{connection on setConnection()} in method JRedisClient.setConnection() [file: JRedisClient.java line:158 - package: org.jredis.ri.alphazero]]" type="org.springframework.data.redis.connection.PoolException">org.springframework.data.redis.connection.PoolException: Could not get a resource from the pool; nested exception is org.jredis.ClientRuntimeException: null reference:{connection on setConnection()} in method JRedisClient.setConnection() [file: JRedisClient.java line:158 - package: org.jredis.ri.alphazero] cause: => [IllegalArgumentException: null reference:{connection on setConnection()} in method JRedisClient.setConnection() [file: JRedisClient.java line:158 - package: org.jredis.ri.alphazero]]
Caused by: org.jredis.ClientRuntimeException: null reference:{connection on setConnection()} in method JRedisClient.setConnection() [file: JRedisClient.java line:158 - package: org.jredis.ri.alphazero] cause: => [IllegalArgumentException: null reference:{connection on setConnection()} in method JRedisClient.setConnection() [file: JRedisClient.java line:158 - package: org.jredis.ri.alphazero]]
Caused by: java.lang.IllegalArgumentException: null reference:{connection on setConnection()} in method JRedisClient.setConnection() [file: JRedisClient.java line:158 - package: org.jredis.ri.alphazero]
</error>
    <system-err><![CDATA[01475611470125 Tue Oct 04 17:04:30 BRT 2016 JRedis[tid:1] <INFORMAÇÕES>: WARNING: heartbeat is disabled.
01475611470125 Tue Oct 04 17:04:30 BRT 2016 JRedis[tid:1] <ADVERTÊNCIA>: PROBLEM: Shutting down due to connection FAULT: Socket connect failed [cause: java.net.ConnectException: Conexão recusada] -- make sure the server is running at localhost:6379 - Connection: SYNCHRONOUS  localhost/127.0.0.1:6379 db:0 | SyncConnection@1064154107
01475611470125 Tue Oct 04 17:04:30 BRT 2016 JRedis[tid:1] <GRAVE>: Error creating connection -> Socket connect failed [cause: java.net.ConnectException: Conexão recusada] -- make sure the server is running at localhost:6379
01475611470126 Tue Oct 04 17:04:30 BRT 2016 JRedis[tid:1] <INFORMAÇÕES>: WARNING: heartbeat is disabled.
01475611470126 Tue Oct 04 17:04:30 BRT 2016 JRedis[tid:1] <ADVERTÊNCIA>: PROBLEM: Shutting down due to connection FAULT: Socket connect failed [cause: java.net.ConnectException: Conexão recusada] -- make sure the server is running at localhost:6379 - Connection: SYNCHRONOUS  localhost/127.0.0.1:6379 db:0 | SyncConnection@1390301622
01475611470126 Tue Oct 04 17:04:30 BRT 2016 JRedis[tid:1] <GRAVE>: Error creating connection -> Socket connect failed [cause: java.net.ConnectException: Conexão recusada] -- make sure the server is running at localhost:6379
]]></system-err>
  </testcase>
  <testcase name="testOfferLast[8]" classname="org.springframework.data.redis.support.collections.RedisListTests" time="0.002">
    <error message="Could not get a resource from the pool; nested exception is org.jredis.ClientRuntimeException: null reference:{connection on setConnection()} in method JRedisClient.setConnection() [file: JRedisClient.java line:158 - package: org.jredis.ri.alphazero] cause: =&gt; [IllegalArgumentException: null reference:{connection on setConnection()} in method JRedisClient.setConnection() [file: JRedisClient.java line:158 - package: org.jredis.ri.alphazero]]" type="org.springframework.data.redis.connection.PoolException">org.springframework.data.redis.connection.PoolException: Could not get a resource from the pool; nested exception is org.jredis.ClientRuntimeException: null reference:{connection on setConnection()} in method JRedisClient.setConnection() [file: JRedisClient.java line:158 - package: org.jredis.ri.alphazero] cause: => [IllegalArgumentException: null reference:{connection on setConnection()} in method JRedisClient.setConnection() [file: JRedisClient.java line:158 - package: org.jredis.ri.alphazero]]
Caused by: org.jredis.ClientRuntimeException: null reference:{connection on setConnection()} in method JRedisClient.setConnection() [file: JRedisClient.java line:158 - package: org.jredis.ri.alphazero] cause: => [IllegalArgumentException: null reference:{connection on setConnection()} in method JRedisClient.setConnection() [file: JRedisClient.java line:158 - package: org.jredis.ri.alphazero]]
Caused by: java.lang.IllegalArgumentException: null reference:{connection on setConnection()} in method JRedisClient.setConnection() [file: JRedisClient.java line:158 - package: org.jredis.ri.alphazero]
</error>
  </testcase>
  <testcase name="testGetFirst[8]" classname="org.springframework.data.redis.support.collections.RedisListTests" time="0.002">
    <error message="Could not get a resource from the pool; nested exception is org.jredis.ClientRuntimeException: null reference:{connection on setConnection()} in method JRedisClient.setConnection() [file: JRedisClient.java line:158 - package: org.jredis.ri.alphazero] cause: =&gt; [IllegalArgumentException: null reference:{connection on setConnection()} in method JRedisClient.setConnection() [file: JRedisClient.java line:158 - package: org.jredis.ri.alphazero]]" type="org.springframework.data.redis.connection.PoolException">org.springframework.data.redis.connection.PoolException: Could not get a resource from the pool; nested exception is org.jredis.ClientRuntimeException: null reference:{connection on setConnection()} in method JRedisClient.setConnection() [file: JRedisClient.java line:158 - package: org.jredis.ri.alphazero] cause: => [IllegalArgumentException: null reference:{connection on setConnection()} in method JRedisClient.setConnection() [file: JRedisClient.java line:158 - package: org.jredis.ri.alphazero]]
Caused by: org.jredis.ClientRuntimeException: null reference:{connection on setConnection()} in method JRedisClient.setConnection() [file: JRedisClient.java line:158 - package: org.jredis.ri.alphazero] cause: => [IllegalArgumentException: null reference:{connection on setConnection()} in method JRedisClient.setConnection() [file: JRedisClient.java line:158 - package: org.jredis.ri.alphazero]]
Caused by: java.lang.IllegalArgumentException: null reference:{connection on setConnection()} in method JRedisClient.setConnection() [file: JRedisClient.java line:158 - package: org.jredis.ri.alphazero]
</error>
    <system-err><![CDATA[01475611470127 Tue Oct 04 17:04:30 BRT 2016 JRedis[tid:1] <INFORMAÇÕES>: WARNING: heartbeat is disabled.
01475611470127 Tue Oct 04 17:04:30 BRT 2016 JRedis[tid:1] <ADVERTÊNCIA>: PROBLEM: Shutting down due to connection FAULT: Socket connect failed [cause: java.net.ConnectException: Conexão recusada] -- make sure the server is running at localhost:6379 - Connection: SYNCHRONOUS  localhost/127.0.0.1:6379 db:0 | SyncConnection@415565467
01475611470127 Tue Oct 04 17:04:30 BRT 2016 JRedis[tid:1] <GRAVE>: Error creating connection -> Socket connect failed [cause: java.net.ConnectException: Conexão recusada] -- make sure the server is running at localhost:6379
01475611470128 Tue Oct 04 17:04:30 BRT 2016 JRedis[tid:1] <INFORMAÇÕES>: WARNING: heartbeat is disabled.
01475611470128 Tue Oct 04 17:04:30 BRT 2016 JRedis[tid:1] <ADVERTÊNCIA>: PROBLEM: Shutting down due to connection FAULT: Socket connect failed [cause: java.net.ConnectException: Conexão recusada] -- make sure the server is running at localhost:6379 - Connection: SYNCHRONOUS  localhost/127.0.0.1:6379 db:0 | SyncConnection@973936431
01475611470128 Tue Oct 04 17:04:30 BRT 2016 JRedis[tid:1] <GRAVE>: Error creating connection -> Socket connect failed [cause: java.net.ConnectException: Conexão recusada] -- make sure the server is running at localhost:6379
]]></system-err>
  </testcase>
  <testcase name="testGetFirst[8]" classname="org.springframework.data.redis.support.collections.RedisListTests" time="0.002">
    <error message="Could not get a resource from the pool; nested exception is org.jredis.ClientRuntimeException: null reference:{connection on setConnection()} in method JRedisClient.setConnection() [file: JRedisClient.java line:158 - package: org.jredis.ri.alphazero] cause: =&gt; [IllegalArgumentException: null reference:{connection on setConnection()} in method JRedisClient.setConnection() [file: JRedisClient.java line:158 - package: org.jredis.ri.alphazero]]" type="org.springframework.data.redis.connection.PoolException">org.springframework.data.redis.connection.PoolException: Could not get a resource from the pool; nested exception is org.jredis.ClientRuntimeException: null reference:{connection on setConnection()} in method JRedisClient.setConnection() [file: JRedisClient.java line:158 - package: org.jredis.ri.alphazero] cause: => [IllegalArgumentException: null reference:{connection on setConnection()} in method JRedisClient.setConnection() [file: JRedisClient.java line:158 - package: org.jredis.ri.alphazero]]
Caused by: org.jredis.ClientRuntimeException: null reference:{connection on setConnection()} in method JRedisClient.setConnection() [file: JRedisClient.java line:158 - package: org.jredis.ri.alphazero] cause: => [IllegalArgumentException: null reference:{connection on setConnection()} in method JRedisClient.setConnection() [file: JRedisClient.java line:158 - package: org.jredis.ri.alphazero]]
Caused by: java.lang.IllegalArgumentException: null reference:{connection on setConnection()} in method JRedisClient.setConnection() [file: JRedisClient.java line:158 - package: org.jredis.ri.alphazero]
</error>
  </testcase>
  <testcase name="testAddLast[8]" classname="org.springframework.data.redis.support.collections.RedisListTests" time="0.002">
    <error message="Could not get a resource from the pool; nested exception is org.jredis.ClientRuntimeException: null reference:{connection on setConnection()} in method JRedisClient.setConnection() [file: JRedisClient.java line:158 - package: org.jredis.ri.alphazero] cause: =&gt; [IllegalArgumentException: null reference:{connection on setConnection()} in method JRedisClient.setConnection() [file: JRedisClient.java line:158 - package: org.jredis.ri.alphazero]]" type="org.springframework.data.redis.connection.PoolException">org.springframework.data.redis.connection.PoolException: Could not get a resource from the pool; nested exception is org.jredis.ClientRuntimeException: null reference:{connection on setConnection()} in method JRedisClient.setConnection() [file: JRedisClient.java line:158 - package: org.jredis.ri.alphazero] cause: => [IllegalArgumentException: null reference:{connection on setConnection()} in method JRedisClient.setConnection() [file: JRedisClient.java line:158 - package: org.jredis.ri.alphazero]]
Caused by: org.jredis.ClientRuntimeException: null reference:{connection on setConnection()} in method JRedisClient.setConnection() [file: JRedisClient.java line:158 - package: org.jredis.ri.alphazero] cause: => [IllegalArgumentException: null reference:{connection on setConnection()} in method JRedisClient.setConnection() [file: JRedisClient.java line:158 - package: org.jredis.ri.alphazero]]
Caused by: java.lang.IllegalArgumentException: null reference:{connection on setConnection()} in method JRedisClient.setConnection() [file: JRedisClient.java line:158 - package: org.jredis.ri.alphazero]
</error>
    <system-err><![CDATA[01475611470129 Tue Oct 04 17:04:30 BRT 2016 JRedis[tid:1] <INFORMAÇÕES>: WARNING: heartbeat is disabled.
01475611470130 Tue Oct 04 17:04:30 BRT 2016 JRedis[tid:1] <ADVERTÊNCIA>: PROBLEM: Shutting down due to connection FAULT: Socket connect failed [cause: java.net.ConnectException: Conexão recusada] -- make sure the server is running at localhost:6379 - Connection: SYNCHRONOUS  localhost/127.0.0.1:6379 db:0 | SyncConnection@1756207614
01475611470130 Tue Oct 04 17:04:30 BRT 2016 JRedis[tid:1] <GRAVE>: Error creating connection -> Socket connect failed [cause: java.net.ConnectException: Conexão recusada] -- make sure the server is running at localhost:6379
01475611470130 Tue Oct 04 17:04:30 BRT 2016 JRedis[tid:1] <INFORMAÇÕES>: WARNING: heartbeat is disabled.
01475611470130 Tue Oct 04 17:04:30 BRT 2016 JRedis[tid:1] <ADVERTÊNCIA>: PROBLEM: Shutting down due to connection FAULT: Socket connect failed [cause: java.net.ConnectException: Conexão recusada] -- make sure the server is running at localhost:6379 - Connection: SYNCHRONOUS  localhost/127.0.0.1:6379 db:0 | SyncConnection@1214133948
01475611470130 Tue Oct 04 17:04:30 BRT 2016 JRedis[tid:1] <GRAVE>: Error creating connection -> Socket connect failed [cause: java.net.ConnectException: Conexão recusada] -- make sure the server is running at localhost:6379
]]></system-err>
  </testcase>
  <testcase name="testAddLast[8]" classname="org.springframework.data.redis.support.collections.RedisListTests" time="0.002">
    <error message="Could not get a resource from the pool; nested exception is org.jredis.ClientRuntimeException: null reference:{connection on setConnection()} in method JRedisClient.setConnection() [file: JRedisClient.java line:158 - package: org.jredis.ri.alphazero] cause: =&gt; [IllegalArgumentException: null reference:{connection on setConnection()} in method JRedisClient.setConnection() [file: JRedisClient.java line:158 - package: org.jredis.ri.alphazero]]" type="org.springframework.data.redis.connection.PoolException">org.springframework.data.redis.connection.PoolException: Could not get a resource from the pool; nested exception is org.jredis.ClientRuntimeException: null reference:{connection on setConnection()} in method JRedisClient.setConnection() [file: JRedisClient.java line:158 - package: org.jredis.ri.alphazero] cause: => [IllegalArgumentException: null reference:{connection on setConnection()} in method JRedisClient.setConnection() [file: JRedisClient.java line:158 - package: org.jredis.ri.alphazero]]
Caused by: org.jredis.ClientRuntimeException: null reference:{connection on setConnection()} in method JRedisClient.setConnection() [file: JRedisClient.java line:158 - package: org.jredis.ri.alphazero] cause: => [IllegalArgumentException: null reference:{connection on setConnection()} in method JRedisClient.setConnection() [file: JRedisClient.java line:158 - package: org.jredis.ri.alphazero]]
Caused by: java.lang.IllegalArgumentException: null reference:{connection on setConnection()} in method JRedisClient.setConnection() [file: JRedisClient.java line:158 - package: org.jredis.ri.alphazero]
</error>
  </testcase>
  <testcase name="testPop[8]" classname="org.springframework.data.redis.support.collections.RedisListTests" time="0.002">
    <error message="Could not get a resource from the pool; nested exception is org.jredis.ClientRuntimeException: null reference:{connection on setConnection()} in method JRedisClient.setConnection() [file: JRedisClient.java line:158 - package: org.jredis.ri.alphazero] cause: =&gt; [IllegalArgumentException: null reference:{connection on setConnection()} in method JRedisClient.setConnection() [file: JRedisClient.java line:158 - package: org.jredis.ri.alphazero]]" type="org.springframework.data.redis.connection.PoolException">org.springframework.data.redis.connection.PoolException: Could not get a resource from the pool; nested exception is org.jredis.ClientRuntimeException: null reference:{connection on setConnection()} in method JRedisClient.setConnection() [file: JRedisClient.java line:158 - package: org.jredis.ri.alphazero] cause: => [IllegalArgumentException: null reference:{connection on setConnection()} in method JRedisClient.setConnection() [file: JRedisClient.java line:158 - package: org.jredis.ri.alphazero]]
Caused by: org.jredis.ClientRuntimeException: null reference:{connection on setConnection()} in method JRedisClient.setConnection() [file: JRedisClient.java line:158 - package: org.jredis.ri.alphazero] cause: => [IllegalArgumentException: null reference:{connection on setConnection()} in method JRedisClient.setConnection() [file: JRedisClient.java line:158 - package: org.jredis.ri.alphazero]]
Caused by: java.lang.IllegalArgumentException: null reference:{connection on setConnection()} in method JRedisClient.setConnection() [file: JRedisClient.java line:158 - package: org.jredis.ri.alphazero]
</error>
    <system-err><![CDATA[01475611470131 Tue Oct 04 17:04:30 BRT 2016 JRedis[tid:1] <INFORMAÇÕES>: WARNING: heartbeat is disabled.
01475611470132 Tue Oct 04 17:04:30 BRT 2016 JRedis[tid:1] <ADVERTÊNCIA>: PROBLEM: Shutting down due to connection FAULT: Socket connect failed [cause: java.net.ConnectException: Conexão recusada] -- make sure the server is running at localhost:6379 - Connection: SYNCHRONOUS  localhost/127.0.0.1:6379 db:0 | SyncConnection@2015301874
01475611470132 Tue Oct 04 17:04:30 BRT 2016 JRedis[tid:1] <GRAVE>: Error creating connection -> Socket connect failed [cause: java.net.ConnectException: Conexão recusada] -- make sure the server is running at localhost:6379
01475611470132 Tue Oct 04 17:04:30 BRT 2016 JRedis[tid:1] <INFORMAÇÕES>: WARNING: heartbeat is disabled.
01475611470132 Tue Oct 04 17:04:30 BRT 2016 JRedis[tid:1] <ADVERTÊNCIA>: PROBLEM: Shutting down due to connection FAULT: Socket connect failed [cause: java.net.ConnectException: Conexão recusada] -- make sure the server is running at localhost:6379 - Connection: SYNCHRONOUS  localhost/127.0.0.1:6379 db:0 | SyncConnection@712627377
01475611470132 Tue Oct 04 17:04:30 BRT 2016 JRedis[tid:1] <GRAVE>: Error creating connection -> Socket connect failed [cause: java.net.ConnectException: Conexão recusada] -- make sure the server is running at localhost:6379
]]></system-err>
  </testcase>
  <testcase name="testPop[8]" classname="org.springframework.data.redis.support.collections.RedisListTests" time="0.002">
    <error message="Could not get a resource from the pool; nested exception is org.jredis.ClientRuntimeException: null reference:{connection on setConnection()} in method JRedisClient.setConnection() [file: JRedisClient.java line:158 - package: org.jredis.ri.alphazero] cause: =&gt; [IllegalArgumentException: null reference:{connection on setConnection()} in method JRedisClient.setConnection() [file: JRedisClient.java line:158 - package: org.jredis.ri.alphazero]]" type="org.springframework.data.redis.connection.PoolException">org.springframework.data.redis.connection.PoolException: Could not get a resource from the pool; nested exception is org.jredis.ClientRuntimeException: null reference:{connection on setConnection()} in method JRedisClient.setConnection() [file: JRedisClient.java line:158 - package: org.jredis.ri.alphazero] cause: => [IllegalArgumentException: null reference:{connection on setConnection()} in method JRedisClient.setConnection() [file: JRedisClient.java line:158 - package: org.jredis.ri.alphazero]]
Caused by: org.jredis.ClientRuntimeException: null reference:{connection on setConnection()} in method JRedisClient.setConnection() [file: JRedisClient.java line:158 - package: org.jredis.ri.alphazero] cause: => [IllegalArgumentException: null reference:{connection on setConnection()} in method JRedisClient.setConnection() [file: JRedisClient.java line:158 - package: org.jredis.ri.alphazero]]
Caused by: java.lang.IllegalArgumentException: null reference:{connection on setConnection()} in method JRedisClient.setConnection() [file: JRedisClient.java line:158 - package: org.jredis.ri.alphazero]
</error>
  </testcase>
  <testcase name="testPut[8]" classname="org.springframework.data.redis.support.collections.RedisListTests" time="0.002">
    <error message="Could not get a resource from the pool; nested exception is org.jredis.ClientRuntimeException: null reference:{connection on setConnection()} in method JRedisClient.setConnection() [file: JRedisClient.java line:158 - package: org.jredis.ri.alphazero] cause: =&gt; [IllegalArgumentException: null reference:{connection on setConnection()} in method JRedisClient.setConnection() [file: JRedisClient.java line:158 - package: org.jredis.ri.alphazero]]" type="org.springframework.data.redis.connection.PoolException">org.springframework.data.redis.connection.PoolException: Could not get a resource from the pool; nested exception is org.jredis.ClientRuntimeException: null reference:{connection on setConnection()} in method JRedisClient.setConnection() [file: JRedisClient.java line:158 - package: org.jredis.ri.alphazero] cause: => [IllegalArgumentException: null reference:{connection on setConnection()} in method JRedisClient.setConnection() [file: JRedisClient.java line:158 - package: org.jredis.ri.alphazero]]
Caused by: org.jredis.ClientRuntimeException: null reference:{connection on setConnection()} in method JRedisClient.setConnection() [file: JRedisClient.java line:158 - package: org.jredis.ri.alphazero] cause: => [IllegalArgumentException: null reference:{connection on setConnection()} in method JRedisClient.setConnection() [file: JRedisClient.java line:158 - package: org.jredis.ri.alphazero]]
Caused by: java.lang.IllegalArgumentException: null reference:{connection on setConnection()} in method JRedisClient.setConnection() [file: JRedisClient.java line:158 - package: org.jredis.ri.alphazero]
</error>
    <system-err><![CDATA[01475611470133 Tue Oct 04 17:04:30 BRT 2016 JRedis[tid:1] <INFORMAÇÕES>: WARNING: heartbeat is disabled.
01475611470133 Tue Oct 04 17:04:30 BRT 2016 JRedis[tid:1] <ADVERTÊNCIA>: PROBLEM: Shutting down due to connection FAULT: Socket connect failed [cause: java.net.ConnectException: Conexão recusada] -- make sure the server is running at localhost:6379 - Connection: SYNCHRONOUS  localhost/127.0.0.1:6379 db:0 | SyncConnection@782228073
01475611470134 Tue Oct 04 17:04:30 BRT 2016 JRedis[tid:1] <GRAVE>: Error creating connection -> Socket connect failed [cause: java.net.ConnectException: Conexão recusada] -- make sure the server is running at localhost:6379
01475611470134 Tue Oct 04 17:04:30 BRT 2016 JRedis[tid:1] <INFORMAÇÕES>: WARNING: heartbeat is disabled.
01475611470135 Tue Oct 04 17:04:30 BRT 2016 JRedis[tid:1] <ADVERTÊNCIA>: PROBLEM: Shutting down due to connection FAULT: Socket connect failed [cause: java.net.ConnectException: Conexão recusada] -- make sure the server is running at localhost:6379 - Connection: SYNCHRONOUS  localhost/127.0.0.1:6379 db:0 | SyncConnection@391506011
01475611470135 Tue Oct 04 17:04:30 BRT 2016 JRedis[tid:1] <GRAVE>: Error creating connection -> Socket connect failed [cause: java.net.ConnectException: Conexão recusada] -- make sure the server is running at localhost:6379
]]></system-err>
  </testcase>
  <testcase name="testPut[8]" classname="org.springframework.data.redis.support.collections.RedisListTests" time="0.002">
    <error message="Could not get a resource from the pool; nested exception is org.jredis.ClientRuntimeException: null reference:{connection on setConnection()} in method JRedisClient.setConnection() [file: JRedisClient.java line:158 - package: org.jredis.ri.alphazero] cause: =&gt; [IllegalArgumentException: null reference:{connection on setConnection()} in method JRedisClient.setConnection() [file: JRedisClient.java line:158 - package: org.jredis.ri.alphazero]]" type="org.springframework.data.redis.connection.PoolException">org.springframework.data.redis.connection.PoolException: Could not get a resource from the pool; nested exception is org.jredis.ClientRuntimeException: null reference:{connection on setConnection()} in method JRedisClient.setConnection() [file: JRedisClient.java line:158 - package: org.jredis.ri.alphazero] cause: => [IllegalArgumentException: null reference:{connection on setConnection()} in method JRedisClient.setConnection() [file: JRedisClient.java line:158 - package: org.jredis.ri.alphazero]]
Caused by: org.jredis.ClientRuntimeException: null reference:{connection on setConnection()} in method JRedisClient.setConnection() [file: JRedisClient.java line:158 - package: org.jredis.ri.alphazero] cause: => [IllegalArgumentException: null reference:{connection on setConnection()} in method JRedisClient.setConnection() [file: JRedisClient.java line:158 - package: org.jredis.ri.alphazero]]
Caused by: java.lang.IllegalArgumentException: null reference:{connection on setConnection()} in method JRedisClient.setConnection() [file: JRedisClient.java line:158 - package: org.jredis.ri.alphazero]
</error>
  </testcase>
  <testcase name="testSet[8]" classname="org.springframework.data.redis.support.collections.RedisListTests" time="0.001">
    <error message="Could not get a resource from the pool; nested exception is org.jredis.ClientRuntimeException: null reference:{connection on setConnection()} in method JRedisClient.setConnection() [file: JRedisClient.java line:158 - package: org.jredis.ri.alphazero] cause: =&gt; [IllegalArgumentException: null reference:{connection on setConnection()} in method JRedisClient.setConnection() [file: JRedisClient.java line:158 - package: org.jredis.ri.alphazero]]" type="org.springframework.data.redis.connection.PoolException">org.springframework.data.redis.connection.PoolException: Could not get a resource from the pool; nested exception is org.jredis.ClientRuntimeException: null reference:{connection on setConnection()} in method JRedisClient.setConnection() [file: JRedisClient.java line:158 - package: org.jredis.ri.alphazero] cause: => [IllegalArgumentException: null reference:{connection on setConnection()} in method JRedisClient.setConnection() [file: JRedisClient.java line:158 - package: org.jredis.ri.alphazero]]
Caused by: org.jredis.ClientRuntimeException: null reference:{connection on setConnection()} in method JRedisClient.setConnection() [file: JRedisClient.java line:158 - package: org.jredis.ri.alphazero] cause: => [IllegalArgumentException: null reference:{connection on setConnection()} in method JRedisClient.setConnection() [file: JRedisClient.java line:158 - package: org.jredis.ri.alphazero]]
Caused by: java.lang.IllegalArgumentException: null reference:{connection on setConnection()} in method JRedisClient.setConnection() [file: JRedisClient.java line:158 - package: org.jredis.ri.alphazero]
</error>
    <system-err><![CDATA[01475611470136 Tue Oct 04 17:04:30 BRT 2016 JRedis[tid:1] <INFORMAÇÕES>: WARNING: heartbeat is disabled.
01475611470136 Tue Oct 04 17:04:30 BRT 2016 JRedis[tid:1] <ADVERTÊNCIA>: PROBLEM: Shutting down due to connection FAULT: Socket connect failed [cause: java.net.ConnectException: Conexão recusada] -- make sure the server is running at localhost:6379 - Connection: SYNCHRONOUS  localhost/127.0.0.1:6379 db:0 | SyncConnection@1936550492
01475611470136 Tue Oct 04 17:04:30 BRT 2016 JRedis[tid:1] <GRAVE>: Error creating connection -> Socket connect failed [cause: java.net.ConnectException: Conexão recusada] -- make sure the server is running at localhost:6379
01475611470136 Tue Oct 04 17:04:30 BRT 2016 JRedis[tid:1] <INFORMAÇÕES>: WARNING: heartbeat is disabled.
01475611470137 Tue Oct 04 17:04:30 BRT 2016 JRedis[tid:1] <ADVERTÊNCIA>: PROBLEM: Shutting down due to connection FAULT: Socket connect failed [cause: java.net.ConnectException: Conexão recusada] -- make sure the server is running at localhost:6379 - Connection: SYNCHRONOUS  localhost/127.0.0.1:6379 db:0 | SyncConnection@594651850
01475611470137 Tue Oct 04 17:04:30 BRT 2016 JRedis[tid:1] <GRAVE>: Error creating connection -> Socket connect failed [cause: java.net.ConnectException: Conexão recusada] -- make sure the server is running at localhost:6379
]]></system-err>
  </testcase>
  <testcase name="testSet[8]" classname="org.springframework.data.redis.support.collections.RedisListTests" time="0.001">
    <error message="Could not get a resource from the pool; nested exception is org.jredis.ClientRuntimeException: null reference:{connection on setConnection()} in method JRedisClient.setConnection() [file: JRedisClient.java line:158 - package: org.jredis.ri.alphazero] cause: =&gt; [IllegalArgumentException: null reference:{connection on setConnection()} in method JRedisClient.setConnection() [file: JRedisClient.java line:158 - package: org.jredis.ri.alphazero]]" type="org.springframework.data.redis.connection.PoolException">org.springframework.data.redis.connection.PoolException: Could not get a resource from the pool; nested exception is org.jredis.ClientRuntimeException: null reference:{connection on setConnection()} in method JRedisClient.setConnection() [file: JRedisClient.java line:158 - package: org.jredis.ri.alphazero] cause: => [IllegalArgumentException: null reference:{connection on setConnection()} in method JRedisClient.setConnection() [file: JRedisClient.java line:158 - package: org.jredis.ri.alphazero]]
Caused by: org.jredis.ClientRuntimeException: null reference:{connection on setConnection()} in method JRedisClient.setConnection() [file: JRedisClient.java line:158 - package: org.jredis.ri.alphazero] cause: => [IllegalArgumentException: null reference:{connection on setConnection()} in method JRedisClient.setConnection() [file: JRedisClient.java line:158 - package: org.jredis.ri.alphazero]]
Caused by: java.lang.IllegalArgumentException: null reference:{connection on setConnection()} in method JRedisClient.setConnection() [file: JRedisClient.java line:158 - package: org.jredis.ri.alphazero]
</error>
  </testcase>
  <testcase name="testOffer[8]" classname="org.springframework.data.redis.support.collections.RedisListTests" time="0.002">
    <error message="Could not get a resource from the pool; nested exception is org.jredis.ClientRuntimeException: null reference:{connection on setConnection()} in method JRedisClient.setConnection() [file: JRedisClient.java line:158 - package: org.jredis.ri.alphazero] cause: =&gt; [IllegalArgumentException: null reference:{connection on setConnection()} in method JRedisClient.setConnection() [file: JRedisClient.java line:158 - package: org.jredis.ri.alphazero]]" type="org.springframework.data.redis.connection.PoolException">org.springframework.data.redis.connection.PoolException: Could not get a resource from the pool; nested exception is org.jredis.ClientRuntimeException: null reference:{connection on setConnection()} in method JRedisClient.setConnection() [file: JRedisClient.java line:158 - package: org.jredis.ri.alphazero] cause: => [IllegalArgumentException: null reference:{connection on setConnection()} in method JRedisClient.setConnection() [file: JRedisClient.java line:158 - package: org.jredis.ri.alphazero]]
Caused by: org.jredis.ClientRuntimeException: null reference:{connection on setConnection()} in method JRedisClient.setConnection() [file: JRedisClient.java line:158 - package: org.jredis.ri.alphazero] cause: => [IllegalArgumentException: null reference:{connection on setConnection()} in method JRedisClient.setConnection() [file: JRedisClient.java line:158 - package: org.jredis.ri.alphazero]]
Caused by: java.lang.IllegalArgumentException: null reference:{connection on setConnection()} in method JRedisClient.setConnection() [file: JRedisClient.java line:158 - package: org.jredis.ri.alphazero]
</error>
    <system-err><![CDATA[01475611470137 Tue Oct 04 17:04:30 BRT 2016 JRedis[tid:1] <INFORMAÇÕES>: WARNING: heartbeat is disabled.
01475611470138 Tue Oct 04 17:04:30 BRT 2016 JRedis[tid:1] <ADVERTÊNCIA>: PROBLEM: Shutting down due to connection FAULT: Socket connect failed [cause: java.net.ConnectException: Conexão recusada] -- make sure the server is running at localhost:6379 - Connection: SYNCHRONOUS  localhost/127.0.0.1:6379 db:0 | SyncConnection@1532139270
01475611470138 Tue Oct 04 17:04:30 BRT 2016 JRedis[tid:1] <GRAVE>: Error creating connection -> Socket connect failed [cause: java.net.ConnectException: Conexão recusada] -- make sure the server is running at localhost:6379
01475611470138 Tue Oct 04 17:04:30 BRT 2016 JRedis[tid:1] <INFORMAÇÕES>: WARNING: heartbeat is disabled.
01475611470138 Tue Oct 04 17:04:30 BRT 2016 JRedis[tid:1] <ADVERTÊNCIA>: PROBLEM: Shutting down due to connection FAULT: Socket connect failed [cause: java.net.ConnectException: Conexão recusada] -- make sure the server is running at localhost:6379 - Connection: SYNCHRONOUS  localhost/127.0.0.1:6379 db:0 | SyncConnection@1677568775
01475611470138 Tue Oct 04 17:04:30 BRT 2016 JRedis[tid:1] <GRAVE>: Error creating connection -> Socket connect failed [cause: java.net.ConnectException: Conexão recusada] -- make sure the server is running at localhost:6379
]]></system-err>
  </testcase>
  <testcase name="testOffer[8]" classname="org.springframework.data.redis.support.collections.RedisListTests" time="0.002">
    <error message="Could not get a resource from the pool; nested exception is org.jredis.ClientRuntimeException: null reference:{connection on setConnection()} in method JRedisClient.setConnection() [file: JRedisClient.java line:158 - package: org.jredis.ri.alphazero] cause: =&gt; [IllegalArgumentException: null reference:{connection on setConnection()} in method JRedisClient.setConnection() [file: JRedisClient.java line:158 - package: org.jredis.ri.alphazero]]" type="org.springframework.data.redis.connection.PoolException">org.springframework.data.redis.connection.PoolException: Could not get a resource from the pool; nested exception is org.jredis.ClientRuntimeException: null reference:{connection on setConnection()} in method JRedisClient.setConnection() [file: JRedisClient.java line:158 - package: org.jredis.ri.alphazero] cause: => [IllegalArgumentException: null reference:{connection on setConnection()} in method JRedisClient.setConnection() [file: JRedisClient.java line:158 - package: org.jredis.ri.alphazero]]
Caused by: org.jredis.ClientRuntimeException: null reference:{connection on setConnection()} in method JRedisClient.setConnection() [file: JRedisClient.java line:158 - package: org.jredis.ri.alphazero] cause: => [IllegalArgumentException: null reference:{connection on setConnection()} in method JRedisClient.setConnection() [file: JRedisClient.java line:158 - package: org.jredis.ri.alphazero]]
Caused by: java.lang.IllegalArgumentException: null reference:{connection on setConnection()} in method JRedisClient.setConnection() [file: JRedisClient.java line:158 - package: org.jredis.ri.alphazero]
</error>
  </testcase>
  <testcase name="testRange[8]" classname="org.springframework.data.redis.support.collections.RedisListTests" time="0.002">
    <error message="Could not get a resource from the pool; nested exception is org.jredis.ClientRuntimeException: null reference:{connection on setConnection()} in method JRedisClient.setConnection() [file: JRedisClient.java line:158 - package: org.jredis.ri.alphazero] cause: =&gt; [IllegalArgumentException: null reference:{connection on setConnection()} in method JRedisClient.setConnection() [file: JRedisClient.java line:158 - package: org.jredis.ri.alphazero]]" type="org.springframework.data.redis.connection.PoolException">org.springframework.data.redis.connection.PoolException: Could not get a resource from the pool; nested exception is org.jredis.ClientRuntimeException: null reference:{connection on setConnection()} in method JRedisClient.setConnection() [file: JRedisClient.java line:158 - package: org.jredis.ri.alphazero] cause: => [IllegalArgumentException: null reference:{connection on setConnection()} in method JRedisClient.setConnection() [file: JRedisClient.java line:158 - package: org.jredis.ri.alphazero]]
Caused by: org.jredis.ClientRuntimeException: null reference:{connection on setConnection()} in method JRedisClient.setConnection() [file: JRedisClient.java line:158 - package: org.jredis.ri.alphazero] cause: => [IllegalArgumentException: null reference:{connection on setConnection()} in method JRedisClient.setConnection() [file: JRedisClient.java line:158 - package: org.jredis.ri.alphazero]]
Caused by: java.lang.IllegalArgumentException: null reference:{connection on setConnection()} in method JRedisClient.setConnection() [file: JRedisClient.java line:158 - package: org.jredis.ri.alphazero]
</error>
    <system-err><![CDATA[01475611470139 Tue Oct 04 17:04:30 BRT 2016 JRedis[tid:1] <INFORMAÇÕES>: WARNING: heartbeat is disabled.
01475611470140 Tue Oct 04 17:04:30 BRT 2016 JRedis[tid:1] <ADVERTÊNCIA>: PROBLEM: Shutting down due to connection FAULT: Socket connect failed [cause: java.net.ConnectException: Conexão recusada] -- make sure the server is running at localhost:6379 - Connection: SYNCHRONOUS  localhost/127.0.0.1:6379 db:0 | SyncConnection@2069500590
01475611470140 Tue Oct 04 17:04:30 BRT 2016 JRedis[tid:1] <GRAVE>: Error creating connection -> Socket connect failed [cause: java.net.ConnectException: Conexão recusada] -- make sure the server is running at localhost:6379
01475611470140 Tue Oct 04 17:04:30 BRT 2016 JRedis[tid:1] <INFORMAÇÕES>: WARNING: heartbeat is disabled.
01475611470140 Tue Oct 04 17:04:30 BRT 2016 JRedis[tid:1] <ADVERTÊNCIA>: PROBLEM: Shutting down due to connection FAULT: Socket connect failed [cause: java.net.ConnectException: Conexão recusada] -- make sure the server is running at localhost:6379 - Connection: SYNCHRONOUS  localhost/127.0.0.1:6379 db:0 | SyncConnection@1431556341
01475611470141 Tue Oct 04 17:04:30 BRT 2016 JRedis[tid:1] <GRAVE>: Error creating connection -> Socket connect failed [cause: java.net.ConnectException: Conexão recusada] -- make sure the server is running at localhost:6379
]]></system-err>
  </testcase>
  <testcase name="testRange[8]" classname="org.springframework.data.redis.support.collections.RedisListTests" time="0.002">
    <error message="Could not get a resource from the pool; nested exception is org.jredis.ClientRuntimeException: null reference:{connection on setConnection()} in method JRedisClient.setConnection() [file: JRedisClient.java line:158 - package: org.jredis.ri.alphazero] cause: =&gt; [IllegalArgumentException: null reference:{connection on setConnection()} in method JRedisClient.setConnection() [file: JRedisClient.java line:158 - package: org.jredis.ri.alphazero]]" type="org.springframework.data.redis.connection.PoolException">org.springframework.data.redis.connection.PoolException: Could not get a resource from the pool; nested exception is org.jredis.ClientRuntimeException: null reference:{connection on setConnection()} in method JRedisClient.setConnection() [file: JRedisClient.java line:158 - package: org.jredis.ri.alphazero] cause: => [IllegalArgumentException: null reference:{connection on setConnection()} in method JRedisClient.setConnection() [file: JRedisClient.java line:158 - package: org.jredis.ri.alphazero]]
Caused by: org.jredis.ClientRuntimeException: null reference:{connection on setConnection()} in method JRedisClient.setConnection() [file: JRedisClient.java line:158 - package: org.jredis.ri.alphazero] cause: => [IllegalArgumentException: null reference:{connection on setConnection()} in method JRedisClient.setConnection() [file: JRedisClient.java line:158 - package: org.jredis.ri.alphazero]]
Caused by: java.lang.IllegalArgumentException: null reference:{connection on setConnection()} in method JRedisClient.setConnection() [file: JRedisClient.java line:158 - package: org.jredis.ri.alphazero]
</error>
  </testcase>
  <testcase name="testLast[8]" classname="org.springframework.data.redis.support.collections.RedisListTests" time="0.002">
    <error message="Could not get a resource from the pool; nested exception is org.jredis.ClientRuntimeException: null reference:{connection on setConnection()} in method JRedisClient.setConnection() [file: JRedisClient.java line:158 - package: org.jredis.ri.alphazero] cause: =&gt; [IllegalArgumentException: null reference:{connection on setConnection()} in method JRedisClient.setConnection() [file: JRedisClient.java line:158 - package: org.jredis.ri.alphazero]]" type="org.springframework.data.redis.connection.PoolException">org.springframework.data.redis.connection.PoolException: Could not get a resource from the pool; nested exception is org.jredis.ClientRuntimeException: null reference:{connection on setConnection()} in method JRedisClient.setConnection() [file: JRedisClient.java line:158 - package: org.jredis.ri.alphazero] cause: => [IllegalArgumentException: null reference:{connection on setConnection()} in method JRedisClient.setConnection() [file: JRedisClient.java line:158 - package: org.jredis.ri.alphazero]]
Caused by: org.jredis.ClientRuntimeException: null reference:{connection on setConnection()} in method JRedisClient.setConnection() [file: JRedisClient.java line:158 - package: org.jredis.ri.alphazero] cause: => [IllegalArgumentException: null reference:{connection on setConnection()} in method JRedisClient.setConnection() [file: JRedisClient.java line:158 - package: org.jredis.ri.alphazero]]
Caused by: java.lang.IllegalArgumentException: null reference:{connection on setConnection()} in method JRedisClient.setConnection() [file: JRedisClient.java line:158 - package: org.jredis.ri.alphazero]
</error>
    <system-err><![CDATA[01475611470141 Tue Oct 04 17:04:30 BRT 2016 JRedis[tid:1] <INFORMAÇÕES>: WARNING: heartbeat is disabled.
01475611470142 Tue Oct 04 17:04:30 BRT 2016 JRedis[tid:1] <ADVERTÊNCIA>: PROBLEM: Shutting down due to connection FAULT: Socket connect failed [cause: java.net.ConnectException: Conexão recusada] -- make sure the server is running at localhost:6379 - Connection: SYNCHRONOUS  localhost/127.0.0.1:6379 db:0 | SyncConnection@452364286
01475611470142 Tue Oct 04 17:04:30 BRT 2016 JRedis[tid:1] <GRAVE>: Error creating connection -> Socket connect failed [cause: java.net.ConnectException: Conexão recusada] -- make sure the server is running at localhost:6379
01475611470142 Tue Oct 04 17:04:30 BRT 2016 JRedis[tid:1] <INFORMAÇÕES>: WARNING: heartbeat is disabled.
01475611470142 Tue Oct 04 17:04:30 BRT 2016 JRedis[tid:1] <ADVERTÊNCIA>: PROBLEM: Shutting down due to connection FAULT: Socket connect failed [cause: java.net.ConnectException: Conexão recusada] -- make sure the server is running at localhost:6379 - Connection: SYNCHRONOUS  localhost/127.0.0.1:6379 db:0 | SyncConnection@350069300
01475611470142 Tue Oct 04 17:04:30 BRT 2016 JRedis[tid:1] <GRAVE>: Error creating connection -> Socket connect failed [cause: java.net.ConnectException: Conexão recusada] -- make sure the server is running at localhost:6379
]]></system-err>
  </testcase>
  <testcase name="testLast[8]" classname="org.springframework.data.redis.support.collections.RedisListTests" time="0.002">
    <error message="Could not get a resource from the pool; nested exception is org.jredis.ClientRuntimeException: null reference:{connection on setConnection()} in method JRedisClient.setConnection() [file: JRedisClient.java line:158 - package: org.jredis.ri.alphazero] cause: =&gt; [IllegalArgumentException: null reference:{connection on setConnection()} in method JRedisClient.setConnection() [file: JRedisClient.java line:158 - package: org.jredis.ri.alphazero]]" type="org.springframework.data.redis.connection.PoolException">org.springframework.data.redis.connection.PoolException: Could not get a resource from the pool; nested exception is org.jredis.ClientRuntimeException: null reference:{connection on setConnection()} in method JRedisClient.setConnection() [file: JRedisClient.java line:158 - package: org.jredis.ri.alphazero] cause: => [IllegalArgumentException: null reference:{connection on setConnection()} in method JRedisClient.setConnection() [file: JRedisClient.java line:158 - package: org.jredis.ri.alphazero]]
Caused by: org.jredis.ClientRuntimeException: null reference:{connection on setConnection()} in method JRedisClient.setConnection() [file: JRedisClient.java line:158 - package: org.jredis.ri.alphazero] cause: => [IllegalArgumentException: null reference:{connection on setConnection()} in method JRedisClient.setConnection() [file: JRedisClient.java line:158 - package: org.jredis.ri.alphazero]]
Caused by: java.lang.IllegalArgumentException: null reference:{connection on setConnection()} in method JRedisClient.setConnection() [file: JRedisClient.java line:158 - package: org.jredis.ri.alphazero]
</error>
  </testcase>
  <testcase name="testPeek[8]" classname="org.springframework.data.redis.support.collections.RedisListTests" time="0.002">
    <error message="Could not get a resource from the pool; nested exception is org.jredis.ClientRuntimeException: null reference:{connection on setConnection()} in method JRedisClient.setConnection() [file: JRedisClient.java line:158 - package: org.jredis.ri.alphazero] cause: =&gt; [IllegalArgumentException: null reference:{connection on setConnection()} in method JRedisClient.setConnection() [file: JRedisClient.java line:158 - package: org.jredis.ri.alphazero]]" type="org.springframework.data.redis.connection.PoolException">org.springframework.data.redis.connection.PoolException: Could not get a resource from the pool; nested exception is org.jredis.ClientRuntimeException: null reference:{connection on setConnection()} in method JRedisClient.setConnection() [file: JRedisClient.java line:158 - package: org.jredis.ri.alphazero] cause: => [IllegalArgumentException: null reference:{connection on setConnection()} in method JRedisClient.setConnection() [file: JRedisClient.java line:158 - package: org.jredis.ri.alphazero]]
Caused by: org.jredis.ClientRuntimeException: null reference:{connection on setConnection()} in method JRedisClient.setConnection() [file: JRedisClient.java line:158 - package: org.jredis.ri.alphazero] cause: => [IllegalArgumentException: null reference:{connection on setConnection()} in method JRedisClient.setConnection() [file: JRedisClient.java line:158 - package: org.jredis.ri.alphazero]]
Caused by: java.lang.IllegalArgumentException: null reference:{connection on setConnection()} in method JRedisClient.setConnection() [file: JRedisClient.java line:158 - package: org.jredis.ri.alphazero]
</error>
    <system-err><![CDATA[01475611470143 Tue Oct 04 17:04:30 BRT 2016 JRedis[tid:1] <INFORMAÇÕES>: WARNING: heartbeat is disabled.
01475611470143 Tue Oct 04 17:04:30 BRT 2016 JRedis[tid:1] <ADVERTÊNCIA>: PROBLEM: Shutting down due to connection FAULT: Socket connect failed [cause: java.net.ConnectException: Conexão recusada] -- make sure the server is running at localhost:6379 - Connection: SYNCHRONOUS  localhost/127.0.0.1:6379 db:0 | SyncConnection@1060703587
01475611470143 Tue Oct 04 17:04:30 BRT 2016 JRedis[tid:1] <GRAVE>: Error creating connection -> Socket connect failed [cause: java.net.ConnectException: Conexão recusada] -- make sure the server is running at localhost:6379
01475611470144 Tue Oct 04 17:04:30 BRT 2016 JRedis[tid:1] <INFORMAÇÕES>: WARNING: heartbeat is disabled.
01475611470144 Tue Oct 04 17:04:30 BRT 2016 JRedis[tid:1] <ADVERTÊNCIA>: PROBLEM: Shutting down due to connection FAULT: Socket connect failed [cause: java.net.ConnectException: Conexão recusada] -- make sure the server is running at localhost:6379 - Connection: SYNCHRONOUS  localhost/127.0.0.1:6379 db:0 | SyncConnection@1957078537
01475611470144 Tue Oct 04 17:04:30 BRT 2016 JRedis[tid:1] <GRAVE>: Error creating connection -> Socket connect failed [cause: java.net.ConnectException: Conexão recusada] -- make sure the server is running at localhost:6379
]]></system-err>
  </testcase>
  <testcase name="testPeek[8]" classname="org.springframework.data.redis.support.collections.RedisListTests" time="0.002">
    <error message="Could not get a resource from the pool; nested exception is org.jredis.ClientRuntimeException: null reference:{connection on setConnection()} in method JRedisClient.setConnection() [file: JRedisClient.java line:158 - package: org.jredis.ri.alphazero] cause: =&gt; [IllegalArgumentException: null reference:{connection on setConnection()} in method JRedisClient.setConnection() [file: JRedisClient.java line:158 - package: org.jredis.ri.alphazero]]" type="org.springframework.data.redis.connection.PoolException">org.springframework.data.redis.connection.PoolException: Could not get a resource from the pool; nested exception is org.jredis.ClientRuntimeException: null reference:{connection on setConnection()} in method JRedisClient.setConnection() [file: JRedisClient.java line:158 - package: org.jredis.ri.alphazero] cause: => [IllegalArgumentException: null reference:{connection on setConnection()} in method JRedisClient.setConnection() [file: JRedisClient.java line:158 - package: org.jredis.ri.alphazero]]
Caused by: org.jredis.ClientRuntimeException: null reference:{connection on setConnection()} in method JRedisClient.setConnection() [file: JRedisClient.java line:158 - package: org.jredis.ri.alphazero] cause: => [IllegalArgumentException: null reference:{connection on setConnection()} in method JRedisClient.setConnection() [file: JRedisClient.java line:158 - package: org.jredis.ri.alphazero]]
Caused by: java.lang.IllegalArgumentException: null reference:{connection on setConnection()} in method JRedisClient.setConnection() [file: JRedisClient.java line:158 - package: org.jredis.ri.alphazero]
</error>
  </testcase>
  <testcase name="testPoll[8]" classname="org.springframework.data.redis.support.collections.RedisListTests" time="0.001">
    <error message="Could not get a resource from the pool; nested exception is org.jredis.ClientRuntimeException: null reference:{connection on setConnection()} in method JRedisClient.setConnection() [file: JRedisClient.java line:158 - package: org.jredis.ri.alphazero] cause: =&gt; [IllegalArgumentException: null reference:{connection on setConnection()} in method JRedisClient.setConnection() [file: JRedisClient.java line:158 - package: org.jredis.ri.alphazero]]" type="org.springframework.data.redis.connection.PoolException">org.springframework.data.redis.connection.PoolException: Could not get a resource from the pool; nested exception is org.jredis.ClientRuntimeException: null reference:{connection on setConnection()} in method JRedisClient.setConnection() [file: JRedisClient.java line:158 - package: org.jredis.ri.alphazero] cause: => [IllegalArgumentException: null reference:{connection on setConnection()} in method JRedisClient.setConnection() [file: JRedisClient.java line:158 - package: org.jredis.ri.alphazero]]
Caused by: org.jredis.ClientRuntimeException: null reference:{connection on setConnection()} in method JRedisClient.setConnection() [file: JRedisClient.java line:158 - package: org.jredis.ri.alphazero] cause: => [IllegalArgumentException: null reference:{connection on setConnection()} in method JRedisClient.setConnection() [file: JRedisClient.java line:158 - package: org.jredis.ri.alphazero]]
Caused by: java.lang.IllegalArgumentException: null reference:{connection on setConnection()} in method JRedisClient.setConnection() [file: JRedisClient.java line:158 - package: org.jredis.ri.alphazero]
</error>
    <system-err><![CDATA[01475611470145 Tue Oct 04 17:04:30 BRT 2016 JRedis[tid:1] <INFORMAÇÕES>: WARNING: heartbeat is disabled.
01475611470145 Tue Oct 04 17:04:30 BRT 2016 JRedis[tid:1] <ADVERTÊNCIA>: PROBLEM: Shutting down due to connection FAULT: Socket connect failed [cause: java.net.ConnectException: Conexão recusada] -- make sure the server is running at localhost:6379 - Connection: SYNCHRONOUS  localhost/127.0.0.1:6379 db:0 | SyncConnection@1514214932
01475611470145 Tue Oct 04 17:04:30 BRT 2016 JRedis[tid:1] <GRAVE>: Error creating connection -> Socket connect failed [cause: java.net.ConnectException: Conexão recusada] -- make sure the server is running at localhost:6379
01475611470145 Tue Oct 04 17:04:30 BRT 2016 JRedis[tid:1] <INFORMAÇÕES>: WARNING: heartbeat is disabled.
01475611470146 Tue Oct 04 17:04:30 BRT 2016 JRedis[tid:1] <ADVERTÊNCIA>: PROBLEM: Shutting down due to connection FAULT: Socket connect failed [cause: java.net.ConnectException: Conexão recusada] -- make sure the server is running at localhost:6379 - Connection: SYNCHRONOUS  localhost/127.0.0.1:6379 db:0 | SyncConnection@594858858
01475611470146 Tue Oct 04 17:04:30 BRT 2016 JRedis[tid:1] <GRAVE>: Error creating connection -> Socket connect failed [cause: java.net.ConnectException: Conexão recusada] -- make sure the server is running at localhost:6379
]]></system-err>
  </testcase>
  <testcase name="testPoll[8]" classname="org.springframework.data.redis.support.collections.RedisListTests" time="0.001">
    <error message="Could not get a resource from the pool; nested exception is org.jredis.ClientRuntimeException: null reference:{connection on setConnection()} in method JRedisClient.setConnection() [file: JRedisClient.java line:158 - package: org.jredis.ri.alphazero] cause: =&gt; [IllegalArgumentException: null reference:{connection on setConnection()} in method JRedisClient.setConnection() [file: JRedisClient.java line:158 - package: org.jredis.ri.alphazero]]" type="org.springframework.data.redis.connection.PoolException">org.springframework.data.redis.connection.PoolException: Could not get a resource from the pool; nested exception is org.jredis.ClientRuntimeException: null reference:{connection on setConnection()} in method JRedisClient.setConnection() [file: JRedisClient.java line:158 - package: org.jredis.ri.alphazero] cause: => [IllegalArgumentException: null reference:{connection on setConnection()} in method JRedisClient.setConnection() [file: JRedisClient.java line:158 - package: org.jredis.ri.alphazero]]
Caused by: org.jredis.ClientRuntimeException: null reference:{connection on setConnection()} in method JRedisClient.setConnection() [file: JRedisClient.java line:158 - package: org.jredis.ri.alphazero] cause: => [IllegalArgumentException: null reference:{connection on setConnection()} in method JRedisClient.setConnection() [file: JRedisClient.java line:158 - package: org.jredis.ri.alphazero]]
Caused by: java.lang.IllegalArgumentException: null reference:{connection on setConnection()} in method JRedisClient.setConnection() [file: JRedisClient.java line:158 - package: org.jredis.ri.alphazero]
</error>
  </testcase>
  <testcase name="testTake[8]" classname="org.springframework.data.redis.support.collections.RedisListTests" time="0.002">
    <error message="Could not get a resource from the pool; nested exception is org.jredis.ClientRuntimeException: null reference:{connection on setConnection()} in method JRedisClient.setConnection() [file: JRedisClient.java line:158 - package: org.jredis.ri.alphazero] cause: =&gt; [IllegalArgumentException: null reference:{connection on setConnection()} in method JRedisClient.setConnection() [file: JRedisClient.java line:158 - package: org.jredis.ri.alphazero]]" type="org.springframework.data.redis.connection.PoolException">org.springframework.data.redis.connection.PoolException: Could not get a resource from the pool; nested exception is org.jredis.ClientRuntimeException: null reference:{connection on setConnection()} in method JRedisClient.setConnection() [file: JRedisClient.java line:158 - package: org.jredis.ri.alphazero] cause: => [IllegalArgumentException: null reference:{connection on setConnection()} in method JRedisClient.setConnection() [file: JRedisClient.java line:158 - package: org.jredis.ri.alphazero]]
Caused by: org.jredis.ClientRuntimeException: null reference:{connection on setConnection()} in method JRedisClient.setConnection() [file: JRedisClient.java line:158 - package: org.jredis.ri.alphazero] cause: => [IllegalArgumentException: null reference:{connection on setConnection()} in method JRedisClient.setConnection() [file: JRedisClient.java line:158 - package: org.jredis.ri.alphazero]]
Caused by: java.lang.IllegalArgumentException: null reference:{connection on setConnection()} in method JRedisClient.setConnection() [file: JRedisClient.java line:158 - package: org.jredis.ri.alphazero]
</error>
    <system-err><![CDATA[01475611470146 Tue Oct 04 17:04:30 BRT 2016 JRedis[tid:1] <INFORMAÇÕES>: WARNING: heartbeat is disabled.
01475611470147 Tue Oct 04 17:04:30 BRT 2016 JRedis[tid:1] <ADVERTÊNCIA>: PROBLEM: Shutting down due to connection FAULT: Socket connect failed [cause: java.net.ConnectException: Conexão recusada] -- make sure the server is running at localhost:6379 - Connection: SYNCHRONOUS  localhost/127.0.0.1:6379 db:0 | SyncConnection@1423016050
01475611470147 Tue Oct 04 17:04:30 BRT 2016 JRedis[tid:1] <GRAVE>: Error creating connection -> Socket connect failed [cause: java.net.ConnectException: Conexão recusada] -- make sure the server is running at localhost:6379
01475611470147 Tue Oct 04 17:04:30 BRT 2016 JRedis[tid:1] <INFORMAÇÕES>: WARNING: heartbeat is disabled.
01475611470147 Tue Oct 04 17:04:30 BRT 2016 JRedis[tid:1] <ADVERTÊNCIA>: PROBLEM: Shutting down due to connection FAULT: Socket connect failed [cause: java.net.ConnectException: Conexão recusada] -- make sure the server is running at localhost:6379 - Connection: SYNCHRONOUS  localhost/127.0.0.1:6379 db:0 | SyncConnection@352776719
01475611470147 Tue Oct 04 17:04:30 BRT 2016 JRedis[tid:1] <GRAVE>: Error creating connection -> Socket connect failed [cause: java.net.ConnectException: Conexão recusada] -- make sure the server is running at localhost:6379
]]></system-err>
  </testcase>
  <testcase name="testTake[8]" classname="org.springframework.data.redis.support.collections.RedisListTests" time="0.002">
    <error message="Could not get a resource from the pool; nested exception is org.jredis.ClientRuntimeException: null reference:{connection on setConnection()} in method JRedisClient.setConnection() [file: JRedisClient.java line:158 - package: org.jredis.ri.alphazero] cause: =&gt; [IllegalArgumentException: null reference:{connection on setConnection()} in method JRedisClient.setConnection() [file: JRedisClient.java line:158 - package: org.jredis.ri.alphazero]]" type="org.springframework.data.redis.connection.PoolException">org.springframework.data.redis.connection.PoolException: Could not get a resource from the pool; nested exception is org.jredis.ClientRuntimeException: null reference:{connection on setConnection()} in method JRedisClient.setConnection() [file: JRedisClient.java line:158 - package: org.jredis.ri.alphazero] cause: => [IllegalArgumentException: null reference:{connection on setConnection()} in method JRedisClient.setConnection() [file: JRedisClient.java line:158 - package: org.jredis.ri.alphazero]]
Caused by: org.jredis.ClientRuntimeException: null reference:{connection on setConnection()} in method JRedisClient.setConnection() [file: JRedisClient.java line:158 - package: org.jredis.ri.alphazero] cause: => [IllegalArgumentException: null reference:{connection on setConnection()} in method JRedisClient.setConnection() [file: JRedisClient.java line:158 - package: org.jredis.ri.alphazero]]
Caused by: java.lang.IllegalArgumentException: null reference:{connection on setConnection()} in method JRedisClient.setConnection() [file: JRedisClient.java line:158 - package: org.jredis.ri.alphazero]
</error>
  </testcase>
  <testcase name="testTrim[8]" classname="org.springframework.data.redis.support.collections.RedisListTests" time="0.002">
    <error message="Could not get a resource from the pool; nested exception is org.jredis.ClientRuntimeException: null reference:{connection on setConnection()} in method JRedisClient.setConnection() [file: JRedisClient.java line:158 - package: org.jredis.ri.alphazero] cause: =&gt; [IllegalArgumentException: null reference:{connection on setConnection()} in method JRedisClient.setConnection() [file: JRedisClient.java line:158 - package: org.jredis.ri.alphazero]]" type="org.springframework.data.redis.connection.PoolException">org.springframework.data.redis.connection.PoolException: Could not get a resource from the pool; nested exception is org.jredis.ClientRuntimeException: null reference:{connection on setConnection()} in method JRedisClient.setConnection() [file: JRedisClient.java line:158 - package: org.jredis.ri.alphazero] cause: => [IllegalArgumentException: null reference:{connection on setConnection()} in method JRedisClient.setConnection() [file: JRedisClient.java line:158 - package: org.jredis.ri.alphazero]]
Caused by: org.jredis.ClientRuntimeException: null reference:{connection on setConnection()} in method JRedisClient.setConnection() [file: JRedisClient.java line:158 - package: org.jredis.ri.alphazero] cause: => [IllegalArgumentException: null reference:{connection on setConnection()} in method JRedisClient.setConnection() [file: JRedisClient.java line:158 - package: org.jredis.ri.alphazero]]
Caused by: java.lang.IllegalArgumentException: null reference:{connection on setConnection()} in method JRedisClient.setConnection() [file: JRedisClient.java line:158 - package: org.jredis.ri.alphazero]
</error>
    <system-err><![CDATA[01475611470148 Tue Oct 04 17:04:30 BRT 2016 JRedis[tid:1] <INFORMAÇÕES>: WARNING: heartbeat is disabled.
01475611470148 Tue Oct 04 17:04:30 BRT 2016 JRedis[tid:1] <ADVERTÊNCIA>: PROBLEM: Shutting down due to connection FAULT: Socket connect failed [cause: java.net.ConnectException: Conexão recusada] -- make sure the server is running at localhost:6379 - Connection: SYNCHRONOUS  localhost/127.0.0.1:6379 db:0 | SyncConnection@1202042637
01475611470149 Tue Oct 04 17:04:30 BRT 2016 JRedis[tid:1] <GRAVE>: Error creating connection -> Socket connect failed [cause: java.net.ConnectException: Conexão recusada] -- make sure the server is running at localhost:6379
01475611470149 Tue Oct 04 17:04:30 BRT 2016 JRedis[tid:1] <INFORMAÇÕES>: WARNING: heartbeat is disabled.
01475611470149 Tue Oct 04 17:04:30 BRT 2016 JRedis[tid:1] <ADVERTÊNCIA>: PROBLEM: Shutting down due to connection FAULT: Socket connect failed [cause: java.net.ConnectException: Conexão recusada] -- make sure the server is running at localhost:6379 - Connection: SYNCHRONOUS  localhost/127.0.0.1:6379 db:0 | SyncConnection@1112527632
01475611470149 Tue Oct 04 17:04:30 BRT 2016 JRedis[tid:1] <GRAVE>: Error creating connection -> Socket connect failed [cause: java.net.ConnectException: Conexão recusada] -- make sure the server is running at localhost:6379
]]></system-err>
  </testcase>
  <testcase name="testTrim[8]" classname="org.springframework.data.redis.support.collections.RedisListTests" time="0.002">
    <error message="Could not get a resource from the pool; nested exception is org.jredis.ClientRuntimeException: null reference:{connection on setConnection()} in method JRedisClient.setConnection() [file: JRedisClient.java line:158 - package: org.jredis.ri.alphazero] cause: =&gt; [IllegalArgumentException: null reference:{connection on setConnection()} in method JRedisClient.setConnection() [file: JRedisClient.java line:158 - package: org.jredis.ri.alphazero]]" type="org.springframework.data.redis.connection.PoolException">org.springframework.data.redis.connection.PoolException: Could not get a resource from the pool; nested exception is org.jredis.ClientRuntimeException: null reference:{connection on setConnection()} in method JRedisClient.setConnection() [file: JRedisClient.java line:158 - package: org.jredis.ri.alphazero] cause: => [IllegalArgumentException: null reference:{connection on setConnection()} in method JRedisClient.setConnection() [file: JRedisClient.java line:158 - package: org.jredis.ri.alphazero]]
Caused by: org.jredis.ClientRuntimeException: null reference:{connection on setConnection()} in method JRedisClient.setConnection() [file: JRedisClient.java line:158 - package: org.jredis.ri.alphazero] cause: => [IllegalArgumentException: null reference:{connection on setConnection()} in method JRedisClient.setConnection() [file: JRedisClient.java line:158 - package: org.jredis.ri.alphazero]]
Caused by: java.lang.IllegalArgumentException: null reference:{connection on setConnection()} in method JRedisClient.setConnection() [file: JRedisClient.java line:158 - package: org.jredis.ri.alphazero]
</error>
  </testcase>
  <testcase name="testDrainToCollection[8]" classname="org.springframework.data.redis.support.collections.RedisListTests" time="0.001">
    <error message="Could not get a resource from the pool; nested exception is org.jredis.ClientRuntimeException: null reference:{connection on setConnection()} in method JRedisClient.setConnection() [file: JRedisClient.java line:158 - package: org.jredis.ri.alphazero] cause: =&gt; [IllegalArgumentException: null reference:{connection on setConnection()} in method JRedisClient.setConnection() [file: JRedisClient.java line:158 - package: org.jredis.ri.alphazero]]" type="org.springframework.data.redis.connection.PoolException">org.springframework.data.redis.connection.PoolException: Could not get a resource from the pool; nested exception is org.jredis.ClientRuntimeException: null reference:{connection on setConnection()} in method JRedisClient.setConnection() [file: JRedisClient.java line:158 - package: org.jredis.ri.alphazero] cause: => [IllegalArgumentException: null reference:{connection on setConnection()} in method JRedisClient.setConnection() [file: JRedisClient.java line:158 - package: org.jredis.ri.alphazero]]
Caused by: org.jredis.ClientRuntimeException: null reference:{connection on setConnection()} in method JRedisClient.setConnection() [file: JRedisClient.java line:158 - package: org.jredis.ri.alphazero] cause: => [IllegalArgumentException: null reference:{connection on setConnection()} in method JRedisClient.setConnection() [file: JRedisClient.java line:158 - package: org.jredis.ri.alphazero]]
Caused by: java.lang.IllegalArgumentException: null reference:{connection on setConnection()} in method JRedisClient.setConnection() [file: JRedisClient.java line:158 - package: org.jredis.ri.alphazero]
</error>
    <system-err><![CDATA[01475611470150 Tue Oct 04 17:04:30 BRT 2016 JRedis[tid:1] <INFORMAÇÕES>: WARNING: heartbeat is disabled.
01475611470150 Tue Oct 04 17:04:30 BRT 2016 JRedis[tid:1] <ADVERTÊNCIA>: PROBLEM: Shutting down due to connection FAULT: Socket connect failed [cause: java.net.ConnectException: Conexão recusada] -- make sure the server is running at localhost:6379 - Connection: SYNCHRONOUS  localhost/127.0.0.1:6379 db:0 | SyncConnection@440736059
01475611470150 Tue Oct 04 17:04:30 BRT 2016 JRedis[tid:1] <GRAVE>: Error creating connection -> Socket connect failed [cause: java.net.ConnectException: Conexão recusada] -- make sure the server is running at localhost:6379
01475611470151 Tue Oct 04 17:04:30 BRT 2016 JRedis[tid:1] <INFORMAÇÕES>: WARNING: heartbeat is disabled.
01475611470151 Tue Oct 04 17:04:30 BRT 2016 JRedis[tid:1] <ADVERTÊNCIA>: PROBLEM: Shutting down due to connection FAULT: Socket connect failed [cause: java.net.ConnectException: Conexão recusada] -- make sure the server is running at localhost:6379 - Connection: SYNCHRONOUS  localhost/127.0.0.1:6379 db:0 | SyncConnection@955324150
01475611470151 Tue Oct 04 17:04:30 BRT 2016 JRedis[tid:1] <GRAVE>: Error creating connection -> Socket connect failed [cause: java.net.ConnectException: Conexão recusada] -- make sure the server is running at localhost:6379
]]></system-err>
  </testcase>
  <testcase name="testDrainToCollection[8]" classname="org.springframework.data.redis.support.collections.RedisListTests" time="0.002">
    <error message="Could not get a resource from the pool; nested exception is org.jredis.ClientRuntimeException: null reference:{connection on setConnection()} in method JRedisClient.setConnection() [file: JRedisClient.java line:158 - package: org.jredis.ri.alphazero] cause: =&gt; [IllegalArgumentException: null reference:{connection on setConnection()} in method JRedisClient.setConnection() [file: JRedisClient.java line:158 - package: org.jredis.ri.alphazero]]" type="org.springframework.data.redis.connection.PoolException">org.springframework.data.redis.connection.PoolException: Could not get a resource from the pool; nested exception is org.jredis.ClientRuntimeException: null reference:{connection on setConnection()} in method JRedisClient.setConnection() [file: JRedisClient.java line:158 - package: org.jredis.ri.alphazero] cause: => [IllegalArgumentException: null reference:{connection on setConnection()} in method JRedisClient.setConnection() [file: JRedisClient.java line:158 - package: org.jredis.ri.alphazero]]
Caused by: org.jredis.ClientRuntimeException: null reference:{connection on setConnection()} in method JRedisClient.setConnection() [file: JRedisClient.java line:158 - package: org.jredis.ri.alphazero] cause: => [IllegalArgumentException: null reference:{connection on setConnection()} in method JRedisClient.setConnection() [file: JRedisClient.java line:158 - package: org.jredis.ri.alphazero]]
Caused by: java.lang.IllegalArgumentException: null reference:{connection on setConnection()} in method JRedisClient.setConnection() [file: JRedisClient.java line:158 - package: org.jredis.ri.alphazero]
</error>
  </testcase>
  <testcase name="testRemoveFirst[8]" classname="org.springframework.data.redis.support.collections.RedisListTests" time="0.001">
    <error message="Could not get a resource from the pool; nested exception is org.jredis.ClientRuntimeException: null reference:{connection on setConnection()} in method JRedisClient.setConnection() [file: JRedisClient.java line:158 - package: org.jredis.ri.alphazero] cause: =&gt; [IllegalArgumentException: null reference:{connection on setConnection()} in method JRedisClient.setConnection() [file: JRedisClient.java line:158 - package: org.jredis.ri.alphazero]]" type="org.springframework.data.redis.connection.PoolException">org.springframework.data.redis.connection.PoolException: Could not get a resource from the pool; nested exception is org.jredis.ClientRuntimeException: null reference:{connection on setConnection()} in method JRedisClient.setConnection() [file: JRedisClient.java line:158 - package: org.jredis.ri.alphazero] cause: => [IllegalArgumentException: null reference:{connection on setConnection()} in method JRedisClient.setConnection() [file: JRedisClient.java line:158 - package: org.jredis.ri.alphazero]]
Caused by: org.jredis.ClientRuntimeException: null reference:{connection on setConnection()} in method JRedisClient.setConnection() [file: JRedisClient.java line:158 - package: org.jredis.ri.alphazero] cause: => [IllegalArgumentException: null reference:{connection on setConnection()} in method JRedisClient.setConnection() [file: JRedisClient.java line:158 - package: org.jredis.ri.alphazero]]
Caused by: java.lang.IllegalArgumentException: null reference:{connection on setConnection()} in method JRedisClient.setConnection() [file: JRedisClient.java line:158 - package: org.jredis.ri.alphazero]
</error>
    <system-err><![CDATA[01475611470152 Tue Oct 04 17:04:30 BRT 2016 JRedis[tid:1] <INFORMAÇÕES>: WARNING: heartbeat is disabled.
01475611470152 Tue Oct 04 17:04:30 BRT 2016 JRedis[tid:1] <ADVERTÊNCIA>: PROBLEM: Shutting down due to connection FAULT: Socket connect failed [cause: java.net.ConnectException: Conexão recusada] -- make sure the server is running at localhost:6379 - Connection: SYNCHRONOUS  localhost/127.0.0.1:6379 db:0 | SyncConnection@1384563514
01475611470152 Tue Oct 04 17:04:30 BRT 2016 JRedis[tid:1] <GRAVE>: Error creating connection -> Socket connect failed [cause: java.net.ConnectException: Conexão recusada] -- make sure the server is running at localhost:6379
01475611470152 Tue Oct 04 17:04:30 BRT 2016 JRedis[tid:1] <INFORMAÇÕES>: WARNING: heartbeat is disabled.
01475611470153 Tue Oct 04 17:04:30 BRT 2016 JRedis[tid:1] <ADVERTÊNCIA>: PROBLEM: Shutting down due to connection FAULT: Socket connect failed [cause: java.net.ConnectException: Conexão recusada] -- make sure the server is running at localhost:6379 - Connection: SYNCHRONOUS  localhost/127.0.0.1:6379 db:0 | SyncConnection@1852661033
01475611470153 Tue Oct 04 17:04:30 BRT 2016 JRedis[tid:1] <GRAVE>: Error creating connection -> Socket connect failed [cause: java.net.ConnectException: Conexão recusada] -- make sure the server is running at localhost:6379
]]></system-err>
  </testcase>
  <testcase name="testRemoveFirst[8]" classname="org.springframework.data.redis.support.collections.RedisListTests" time="0.001">
    <error message="Could not get a resource from the pool; nested exception is org.jredis.ClientRuntimeException: null reference:{connection on setConnection()} in method JRedisClient.setConnection() [file: JRedisClient.java line:158 - package: org.jredis.ri.alphazero] cause: =&gt; [IllegalArgumentException: null reference:{connection on setConnection()} in method JRedisClient.setConnection() [file: JRedisClient.java line:158 - package: org.jredis.ri.alphazero]]" type="org.springframework.data.redis.connection.PoolException">org.springframework.data.redis.connection.PoolException: Could not get a resource from the pool; nested exception is org.jredis.ClientRuntimeException: null reference:{connection on setConnection()} in method JRedisClient.setConnection() [file: JRedisClient.java line:158 - package: org.jredis.ri.alphazero] cause: => [IllegalArgumentException: null reference:{connection on setConnection()} in method JRedisClient.setConnection() [file: JRedisClient.java line:158 - package: org.jredis.ri.alphazero]]
Caused by: org.jredis.ClientRuntimeException: null reference:{connection on setConnection()} in method JRedisClient.setConnection() [file: JRedisClient.java line:158 - package: org.jredis.ri.alphazero] cause: => [IllegalArgumentException: null reference:{connection on setConnection()} in method JRedisClient.setConnection() [file: JRedisClient.java line:158 - package: org.jredis.ri.alphazero]]
Caused by: java.lang.IllegalArgumentException: null reference:{connection on setConnection()} in method JRedisClient.setConnection() [file: JRedisClient.java line:158 - package: org.jredis.ri.alphazero]
</error>
  </testcase>
  <testcase name="testRemoveIndex[8]" classname="org.springframework.data.redis.support.collections.RedisListTests" time="0.001">
    <error message="Could not get a resource from the pool; nested exception is org.jredis.ClientRuntimeException: null reference:{connection on setConnection()} in method JRedisClient.setConnection() [file: JRedisClient.java line:158 - package: org.jredis.ri.alphazero] cause: =&gt; [IllegalArgumentException: null reference:{connection on setConnection()} in method JRedisClient.setConnection() [file: JRedisClient.java line:158 - package: org.jredis.ri.alphazero]]" type="org.springframework.data.redis.connection.PoolException">org.springframework.data.redis.connection.PoolException: Could not get a resource from the pool; nested exception is org.jredis.ClientRuntimeException: null reference:{connection on setConnection()} in method JRedisClient.setConnection() [file: JRedisClient.java line:158 - package: org.jredis.ri.alphazero] cause: => [IllegalArgumentException: null reference:{connection on setConnection()} in method JRedisClient.setConnection() [file: JRedisClient.java line:158 - package: org.jredis.ri.alphazero]]
Caused by: org.jredis.ClientRuntimeException: null reference:{connection on setConnection()} in method JRedisClient.setConnection() [file: JRedisClient.java line:158 - package: org.jredis.ri.alphazero] cause: => [IllegalArgumentException: null reference:{connection on setConnection()} in method JRedisClient.setConnection() [file: JRedisClient.java line:158 - package: org.jredis.ri.alphazero]]
Caused by: java.lang.IllegalArgumentException: null reference:{connection on setConnection()} in method JRedisClient.setConnection() [file: JRedisClient.java line:158 - package: org.jredis.ri.alphazero]
</error>
    <system-err><![CDATA[01475611470153 Tue Oct 04 17:04:30 BRT 2016 JRedis[tid:1] <INFORMAÇÕES>: WARNING: heartbeat is disabled.
01475611470154 Tue Oct 04 17:04:30 BRT 2016 JRedis[tid:1] <ADVERTÊNCIA>: PROBLEM: Shutting down due to connection FAULT: Socket connect failed [cause: java.net.ConnectException: Conexão recusada] -- make sure the server is running at localhost:6379 - Connection: SYNCHRONOUS  localhost/127.0.0.1:6379 db:0 | SyncConnection@1548946718
01475611470154 Tue Oct 04 17:04:30 BRT 2016 JRedis[tid:1] <GRAVE>: Error creating connection -> Socket connect failed [cause: java.net.ConnectException: Conexão recusada] -- make sure the server is running at localhost:6379
]]></system-err>
  </testcase>
  <testcase name="testPutLast[8]" classname="org.springframework.data.redis.support.collections.RedisListTests" time="0.002">
    <error message="Could not get a resource from the pool; nested exception is org.jredis.ClientRuntimeException: null reference:{connection on setConnection()} in method JRedisClient.setConnection() [file: JRedisClient.java line:158 - package: org.jredis.ri.alphazero] cause: =&gt; [IllegalArgumentException: null reference:{connection on setConnection()} in method JRedisClient.setConnection() [file: JRedisClient.java line:158 - package: org.jredis.ri.alphazero]]" type="org.springframework.data.redis.connection.PoolException">org.springframework.data.redis.connection.PoolException: Could not get a resource from the pool; nested exception is org.jredis.ClientRuntimeException: null reference:{connection on setConnection()} in method JRedisClient.setConnection() [file: JRedisClient.java line:158 - package: org.jredis.ri.alphazero] cause: => [IllegalArgumentException: null reference:{connection on setConnection()} in method JRedisClient.setConnection() [file: JRedisClient.java line:158 - package: org.jredis.ri.alphazero]]
Caused by: org.jredis.ClientRuntimeException: null reference:{connection on setConnection()} in method JRedisClient.setConnection() [file: JRedisClient.java line:158 - package: org.jredis.ri.alphazero] cause: => [IllegalArgumentException: null reference:{connection on setConnection()} in method JRedisClient.setConnection() [file: JRedisClient.java line:158 - package: org.jredis.ri.alphazero]]
Caused by: java.lang.IllegalArgumentException: null reference:{connection on setConnection()} in method JRedisClient.setConnection() [file: JRedisClient.java line:158 - package: org.jredis.ri.alphazero]
</error>
    <system-err><![CDATA[01475611470154 Tue Oct 04 17:04:30 BRT 2016 JRedis[tid:1] <INFORMAÇÕES>: WARNING: heartbeat is disabled.
01475611470155 Tue Oct 04 17:04:30 BRT 2016 JRedis[tid:1] <ADVERTÊNCIA>: PROBLEM: Shutting down due to connection FAULT: Socket connect failed [cause: java.net.ConnectException: Conexão recusada] -- make sure the server is running at localhost:6379 - Connection: SYNCHRONOUS  localhost/127.0.0.1:6379 db:0 | SyncConnection@1814423236
01475611470155 Tue Oct 04 17:04:30 BRT 2016 JRedis[tid:1] <GRAVE>: Error creating connection -> Socket connect failed [cause: java.net.ConnectException: Conexão recusada] -- make sure the server is running at localhost:6379
01475611470155 Tue Oct 04 17:04:30 BRT 2016 JRedis[tid:1] <INFORMAÇÕES>: WARNING: heartbeat is disabled.
01475611470155 Tue Oct 04 17:04:30 BRT 2016 JRedis[tid:1] <ADVERTÊNCIA>: PROBLEM: Shutting down due to connection FAULT: Socket connect failed [cause: java.net.ConnectException: Conexão recusada] -- make sure the server is running at localhost:6379 - Connection: SYNCHRONOUS  localhost/127.0.0.1:6379 db:0 | SyncConnection@140404585
01475611470155 Tue Oct 04 17:04:30 BRT 2016 JRedis[tid:1] <GRAVE>: Error creating connection -> Socket connect failed [cause: java.net.ConnectException: Conexão recusada] -- make sure the server is running at localhost:6379
]]></system-err>
  </testcase>
  <testcase name="testPutLast[8]" classname="org.springframework.data.redis.support.collections.RedisListTests" time="0.002">
    <error message="Could not get a resource from the pool; nested exception is org.jredis.ClientRuntimeException: null reference:{connection on setConnection()} in method JRedisClient.setConnection() [file: JRedisClient.java line:158 - package: org.jredis.ri.alphazero] cause: =&gt; [IllegalArgumentException: null reference:{connection on setConnection()} in method JRedisClient.setConnection() [file: JRedisClient.java line:158 - package: org.jredis.ri.alphazero]]" type="org.springframework.data.redis.connection.PoolException">org.springframework.data.redis.connection.PoolException: Could not get a resource from the pool; nested exception is org.jredis.ClientRuntimeException: null reference:{connection on setConnection()} in method JRedisClient.setConnection() [file: JRedisClient.java line:158 - package: org.jredis.ri.alphazero] cause: => [IllegalArgumentException: null reference:{connection on setConnection()} in method JRedisClient.setConnection() [file: JRedisClient.java line:158 - package: org.jredis.ri.alphazero]]
Caused by: org.jredis.ClientRuntimeException: null reference:{connection on setConnection()} in method JRedisClient.setConnection() [file: JRedisClient.java line:158 - package: org.jredis.ri.alphazero] cause: => [IllegalArgumentException: null reference:{connection on setConnection()} in method JRedisClient.setConnection() [file: JRedisClient.java line:158 - package: org.jredis.ri.alphazero]]
Caused by: java.lang.IllegalArgumentException: null reference:{connection on setConnection()} in method JRedisClient.setConnection() [file: JRedisClient.java line:158 - package: org.jredis.ri.alphazero]
</error>
  </testcase>
  <testcase name="testOfferFirst[8]" classname="org.springframework.data.redis.support.collections.RedisListTests" time="0.002">
    <error message="Could not get a resource from the pool; nested exception is org.jredis.ClientRuntimeException: null reference:{connection on setConnection()} in method JRedisClient.setConnection() [file: JRedisClient.java line:158 - package: org.jredis.ri.alphazero] cause: =&gt; [IllegalArgumentException: null reference:{connection on setConnection()} in method JRedisClient.setConnection() [file: JRedisClient.java line:158 - package: org.jredis.ri.alphazero]]" type="org.springframework.data.redis.connection.PoolException">org.springframework.data.redis.connection.PoolException: Could not get a resource from the pool; nested exception is org.jredis.ClientRuntimeException: null reference:{connection on setConnection()} in method JRedisClient.setConnection() [file: JRedisClient.java line:158 - package: org.jredis.ri.alphazero] cause: => [IllegalArgumentException: null reference:{connection on setConnection()} in method JRedisClient.setConnection() [file: JRedisClient.java line:158 - package: org.jredis.ri.alphazero]]
Caused by: org.jredis.ClientRuntimeException: null reference:{connection on setConnection()} in method JRedisClient.setConnection() [file: JRedisClient.java line:158 - package: org.jredis.ri.alphazero] cause: => [IllegalArgumentException: null reference:{connection on setConnection()} in method JRedisClient.setConnection() [file: JRedisClient.java line:158 - package: org.jredis.ri.alphazero]]
Caused by: java.lang.IllegalArgumentException: null reference:{connection on setConnection()} in method JRedisClient.setConnection() [file: JRedisClient.java line:158 - package: org.jredis.ri.alphazero]
</error>
    <system-err><![CDATA[01475611470156 Tue Oct 04 17:04:30 BRT 2016 JRedis[tid:1] <INFORMAÇÕES>: WARNING: heartbeat is disabled.
01475611470156 Tue Oct 04 17:04:30 BRT 2016 JRedis[tid:1] <ADVERTÊNCIA>: PROBLEM: Shutting down due to connection FAULT: Socket connect failed [cause: java.net.ConnectException: Conexão recusada] -- make sure the server is running at localhost:6379 - Connection: SYNCHRONOUS  localhost/127.0.0.1:6379 db:0 | SyncConnection@207546206
01475611470156 Tue Oct 04 17:04:30 BRT 2016 JRedis[tid:1] <GRAVE>: Error creating connection -> Socket connect failed [cause: java.net.ConnectException: Conexão recusada] -- make sure the server is running at localhost:6379
01475611470157 Tue Oct 04 17:04:30 BRT 2016 JRedis[tid:1] <INFORMAÇÕES>: WARNING: heartbeat is disabled.
01475611470157 Tue Oct 04 17:04:30 BRT 2016 JRedis[tid:1] <ADVERTÊNCIA>: PROBLEM: Shutting down due to connection FAULT: Socket connect failed [cause: java.net.ConnectException: Conexão recusada] -- make sure the server is running at localhost:6379 - Connection: SYNCHRONOUS  localhost/127.0.0.1:6379 db:0 | SyncConnection@1218519094
01475611470157 Tue Oct 04 17:04:30 BRT 2016 JRedis[tid:1] <GRAVE>: Error creating connection -> Socket connect failed [cause: java.net.ConnectException: Conexão recusada] -- make sure the server is running at localhost:6379
]]></system-err>
  </testcase>
  <testcase name="testOfferFirst[8]" classname="org.springframework.data.redis.support.collections.RedisListTests" time="0.002">
    <error message="Could not get a resource from the pool; nested exception is org.jredis.ClientRuntimeException: null reference:{connection on setConnection()} in method JRedisClient.setConnection() [file: JRedisClient.java line:158 - package: org.jredis.ri.alphazero] cause: =&gt; [IllegalArgumentException: null reference:{connection on setConnection()} in method JRedisClient.setConnection() [file: JRedisClient.java line:158 - package: org.jredis.ri.alphazero]]" type="org.springframework.data.redis.connection.PoolException">org.springframework.data.redis.connection.PoolException: Could not get a resource from the pool; nested exception is org.jredis.ClientRuntimeException: null reference:{connection on setConnection()} in method JRedisClient.setConnection() [file: JRedisClient.java line:158 - package: org.jredis.ri.alphazero] cause: => [IllegalArgumentException: null reference:{connection on setConnection()} in method JRedisClient.setConnection() [file: JRedisClient.java line:158 - package: org.jredis.ri.alphazero]]
Caused by: org.jredis.ClientRuntimeException: null reference:{connection on setConnection()} in method JRedisClient.setConnection() [file: JRedisClient.java line:158 - package: org.jredis.ri.alphazero] cause: => [IllegalArgumentException: null reference:{connection on setConnection()} in method JRedisClient.setConnection() [file: JRedisClient.java line:158 - package: org.jredis.ri.alphazero]]
Caused by: java.lang.IllegalArgumentException: null reference:{connection on setConnection()} in method JRedisClient.setConnection() [file: JRedisClient.java line:158 - package: org.jredis.ri.alphazero]
</error>
  </testcase>
  <testcase name="testDescendingIterator[8]" classname="org.springframework.data.redis.support.collections.RedisListTests" time="0.001">
    <error message="Could not get a resource from the pool; nested exception is org.jredis.ClientRuntimeException: null reference:{connection on setConnection()} in method JRedisClient.setConnection() [file: JRedisClient.java line:158 - package: org.jredis.ri.alphazero] cause: =&gt; [IllegalArgumentException: null reference:{connection on setConnection()} in method JRedisClient.setConnection() [file: JRedisClient.java line:158 - package: org.jredis.ri.alphazero]]" type="org.springframework.data.redis.connection.PoolException">org.springframework.data.redis.connection.PoolException: Could not get a resource from the pool; nested exception is org.jredis.ClientRuntimeException: null reference:{connection on setConnection()} in method JRedisClient.setConnection() [file: JRedisClient.java line:158 - package: org.jredis.ri.alphazero] cause: => [IllegalArgumentException: null reference:{connection on setConnection()} in method JRedisClient.setConnection() [file: JRedisClient.java line:158 - package: org.jredis.ri.alphazero]]
Caused by: org.jredis.ClientRuntimeException: null reference:{connection on setConnection()} in method JRedisClient.setConnection() [file: JRedisClient.java line:158 - package: org.jredis.ri.alphazero] cause: => [IllegalArgumentException: null reference:{connection on setConnection()} in method JRedisClient.setConnection() [file: JRedisClient.java line:158 - package: org.jredis.ri.alphazero]]
Caused by: java.lang.IllegalArgumentException: null reference:{connection on setConnection()} in method JRedisClient.setConnection() [file: JRedisClient.java line:158 - package: org.jredis.ri.alphazero]
</error>
    <system-err><![CDATA[01475611470158 Tue Oct 04 17:04:30 BRT 2016 JRedis[tid:1] <INFORMAÇÕES>: WARNING: heartbeat is disabled.
01475611470158 Tue Oct 04 17:04:30 BRT 2016 JRedis[tid:1] <ADVERTÊNCIA>: PROBLEM: Shutting down due to connection FAULT: Socket connect failed [cause: java.net.ConnectException: Conexão recusada] -- make sure the server is running at localhost:6379 - Connection: SYNCHRONOUS  localhost/127.0.0.1:6379 db:0 | SyncConnection@200404000
01475611470158 Tue Oct 04 17:04:30 BRT 2016 JRedis[tid:1] <GRAVE>: Error creating connection -> Socket connect failed [cause: java.net.ConnectException: Conexão recusada] -- make sure the server is running at localhost:6379
01475611470159 Tue Oct 04 17:04:30 BRT 2016 JRedis[tid:1] <INFORMAÇÕES>: WARNING: heartbeat is disabled.
01475611470159 Tue Oct 04 17:04:30 BRT 2016 JRedis[tid:1] <ADVERTÊNCIA>: PROBLEM: Shutting down due to connection FAULT: Socket connect failed [cause: java.net.ConnectException: Conexão recusada] -- make sure the server is running at localhost:6379 - Connection: SYNCHRONOUS  localhost/127.0.0.1:6379 db:0 | SyncConnection@1894758168
01475611470159 Tue Oct 04 17:04:30 BRT 2016 JRedis[tid:1] <GRAVE>: Error creating connection -> Socket connect failed [cause: java.net.ConnectException: Conexão recusada] -- make sure the server is running at localhost:6379
]]></system-err>
  </testcase>
  <testcase name="testDescendingIterator[8]" classname="org.springframework.data.redis.support.collections.RedisListTests" time="0.001">
    <error message="Could not get a resource from the pool; nested exception is org.jredis.ClientRuntimeException: null reference:{connection on setConnection()} in method JRedisClient.setConnection() [file: JRedisClient.java line:158 - package: org.jredis.ri.alphazero] cause: =&gt; [IllegalArgumentException: null reference:{connection on setConnection()} in method JRedisClient.setConnection() [file: JRedisClient.java line:158 - package: org.jredis.ri.alphazero]]" type="org.springframework.data.redis.connection.PoolException">org.springframework.data.redis.connection.PoolException: Could not get a resource from the pool; nested exception is org.jredis.ClientRuntimeException: null reference:{connection on setConnection()} in method JRedisClient.setConnection() [file: JRedisClient.java line:158 - package: org.jredis.ri.alphazero] cause: => [IllegalArgumentException: null reference:{connection on setConnection()} in method JRedisClient.setConnection() [file: JRedisClient.java line:158 - package: org.jredis.ri.alphazero]]
Caused by: org.jredis.ClientRuntimeException: null reference:{connection on setConnection()} in method JRedisClient.setConnection() [file: JRedisClient.java line:158 - package: org.jredis.ri.alphazero] cause: => [IllegalArgumentException: null reference:{connection on setConnection()} in method JRedisClient.setConnection() [file: JRedisClient.java line:158 - package: org.jredis.ri.alphazero]]
Caused by: java.lang.IllegalArgumentException: null reference:{connection on setConnection()} in method JRedisClient.setConnection() [file: JRedisClient.java line:158 - package: org.jredis.ri.alphazero]
</error>
  </testcase>
  <testcase name="testAddFirst[8]" classname="org.springframework.data.redis.support.collections.RedisListTests" time="0.001">
    <error message="Could not get a resource from the pool; nested exception is org.jredis.ClientRuntimeException: null reference:{connection on setConnection()} in method JRedisClient.setConnection() [file: JRedisClient.java line:158 - package: org.jredis.ri.alphazero] cause: =&gt; [IllegalArgumentException: null reference:{connection on setConnection()} in method JRedisClient.setConnection() [file: JRedisClient.java line:158 - package: org.jredis.ri.alphazero]]" type="org.springframework.data.redis.connection.PoolException">org.springframework.data.redis.connection.PoolException: Could not get a resource from the pool; nested exception is org.jredis.ClientRuntimeException: null reference:{connection on setConnection()} in method JRedisClient.setConnection() [file: JRedisClient.java line:158 - package: org.jredis.ri.alphazero] cause: => [IllegalArgumentException: null reference:{connection on setConnection()} in method JRedisClient.setConnection() [file: JRedisClient.java line:158 - package: org.jredis.ri.alphazero]]
Caused by: org.jredis.ClientRuntimeException: null reference:{connection on setConnection()} in method JRedisClient.setConnection() [file: JRedisClient.java line:158 - package: org.jredis.ri.alphazero] cause: => [IllegalArgumentException: null reference:{connection on setConnection()} in method JRedisClient.setConnection() [file: JRedisClient.java line:158 - package: org.jredis.ri.alphazero]]
Caused by: java.lang.IllegalArgumentException: null reference:{connection on setConnection()} in method JRedisClient.setConnection() [file: JRedisClient.java line:158 - package: org.jredis.ri.alphazero]
</error>
    <system-err><![CDATA[01475611470160 Tue Oct 04 17:04:30 BRT 2016 JRedis[tid:1] <INFORMAÇÕES>: WARNING: heartbeat is disabled.
01475611470160 Tue Oct 04 17:04:30 BRT 2016 JRedis[tid:1] <ADVERTÊNCIA>: PROBLEM: Shutting down due to connection FAULT: Socket connect failed [cause: java.net.ConnectException: Conexão recusada] -- make sure the server is running at localhost:6379 - Connection: SYNCHRONOUS  localhost/127.0.0.1:6379 db:0 | SyncConnection@191945292
01475611470160 Tue Oct 04 17:04:30 BRT 2016 JRedis[tid:1] <GRAVE>: Error creating connection -> Socket connect failed [cause: java.net.ConnectException: Conexão recusada] -- make sure the server is running at localhost:6379
01475611470160 Tue Oct 04 17:04:30 BRT 2016 JRedis[tid:1] <INFORMAÇÕES>: WARNING: heartbeat is disabled.
01475611470161 Tue Oct 04 17:04:30 BRT 2016 JRedis[tid:1] <ADVERTÊNCIA>: PROBLEM: Shutting down due to connection FAULT: Socket connect failed [cause: java.net.ConnectException: Conexão recusada] -- make sure the server is running at localhost:6379 - Connection: SYNCHRONOUS  localhost/127.0.0.1:6379 db:0 | SyncConnection@1242688388
01475611470161 Tue Oct 04 17:04:30 BRT 2016 JRedis[tid:1] <GRAVE>: Error creating connection -> Socket connect failed [cause: java.net.ConnectException: Conexão recusada] -- make sure the server is running at localhost:6379
]]></system-err>
  </testcase>
  <testcase name="testAddFirst[8]" classname="org.springframework.data.redis.support.collections.RedisListTests" time="0.001">
    <error message="Could not get a resource from the pool; nested exception is org.jredis.ClientRuntimeException: null reference:{connection on setConnection()} in method JRedisClient.setConnection() [file: JRedisClient.java line:158 - package: org.jredis.ri.alphazero] cause: =&gt; [IllegalArgumentException: null reference:{connection on setConnection()} in method JRedisClient.setConnection() [file: JRedisClient.java line:158 - package: org.jredis.ri.alphazero]]" type="org.springframework.data.redis.connection.PoolException">org.springframework.data.redis.connection.PoolException: Could not get a resource from the pool; nested exception is org.jredis.ClientRuntimeException: null reference:{connection on setConnection()} in method JRedisClient.setConnection() [file: JRedisClient.java line:158 - package: org.jredis.ri.alphazero] cause: => [IllegalArgumentException: null reference:{connection on setConnection()} in method JRedisClient.setConnection() [file: JRedisClient.java line:158 - package: org.jredis.ri.alphazero]]
Caused by: org.jredis.ClientRuntimeException: null reference:{connection on setConnection()} in method JRedisClient.setConnection() [file: JRedisClient.java line:158 - package: org.jredis.ri.alphazero] cause: => [IllegalArgumentException: null reference:{connection on setConnection()} in method JRedisClient.setConnection() [file: JRedisClient.java line:158 - package: org.jredis.ri.alphazero]]
Caused by: java.lang.IllegalArgumentException: null reference:{connection on setConnection()} in method JRedisClient.setConnection() [file: JRedisClient.java line:158 - package: org.jredis.ri.alphazero]
</error>
  </testcase>
  <testcase name="testDrainToCollectionWithMaxElements[8]" classname="org.springframework.data.redis.support.collections.RedisListTests" time="0.002">
    <error message="Could not get a resource from the pool; nested exception is org.jredis.ClientRuntimeException: null reference:{connection on setConnection()} in method JRedisClient.setConnection() [file: JRedisClient.java line:158 - package: org.jredis.ri.alphazero] cause: =&gt; [IllegalArgumentException: null reference:{connection on setConnection()} in method JRedisClient.setConnection() [file: JRedisClient.java line:158 - package: org.jredis.ri.alphazero]]" type="org.springframework.data.redis.connection.PoolException">org.springframework.data.redis.connection.PoolException: Could not get a resource from the pool; nested exception is org.jredis.ClientRuntimeException: null reference:{connection on setConnection()} in method JRedisClient.setConnection() [file: JRedisClient.java line:158 - package: org.jredis.ri.alphazero] cause: => [IllegalArgumentException: null reference:{connection on setConnection()} in method JRedisClient.setConnection() [file: JRedisClient.java line:158 - package: org.jredis.ri.alphazero]]
Caused by: org.jredis.ClientRuntimeException: null reference:{connection on setConnection()} in method JRedisClient.setConnection() [file: JRedisClient.java line:158 - package: org.jredis.ri.alphazero] cause: => [IllegalArgumentException: null reference:{connection on setConnection()} in method JRedisClient.setConnection() [file: JRedisClient.java line:158 - package: org.jredis.ri.alphazero]]
Caused by: java.lang.IllegalArgumentException: null reference:{connection on setConnection()} in method JRedisClient.setConnection() [file: JRedisClient.java line:158 - package: org.jredis.ri.alphazero]
</error>
    <system-err><![CDATA[01475611470162 Tue Oct 04 17:04:30 BRT 2016 JRedis[tid:1] <INFORMAÇÕES>: WARNING: heartbeat is disabled.
01475611470162 Tue Oct 04 17:04:30 BRT 2016 JRedis[tid:1] <ADVERTÊNCIA>: PROBLEM: Shutting down due to connection FAULT: Socket connect failed [cause: java.net.ConnectException: Conexão recusada] -- make sure the server is running at localhost:6379 - Connection: SYNCHRONOUS  localhost/127.0.0.1:6379 db:0 | SyncConnection@1317375498
01475611470162 Tue Oct 04 17:04:30 BRT 2016 JRedis[tid:1] <GRAVE>: Error creating connection -> Socket connect failed [cause: java.net.ConnectException: Conexão recusada] -- make sure the server is running at localhost:6379
01475611470162 Tue Oct 04 17:04:30 BRT 2016 JRedis[tid:1] <INFORMAÇÕES>: WARNING: heartbeat is disabled.
01475611470163 Tue Oct 04 17:04:30 BRT 2016 JRedis[tid:1] <ADVERTÊNCIA>: PROBLEM: Shutting down due to connection FAULT: Socket connect failed [cause: java.net.ConnectException: Conexão recusada] -- make sure the server is running at localhost:6379 - Connection: SYNCHRONOUS  localhost/127.0.0.1:6379 db:0 | SyncConnection@1130346421
01475611470163 Tue Oct 04 17:04:30 BRT 2016 JRedis[tid:1] <GRAVE>: Error creating connection -> Socket connect failed [cause: java.net.ConnectException: Conexão recusada] -- make sure the server is running at localhost:6379
]]></system-err>
  </testcase>
  <testcase name="testDrainToCollectionWithMaxElements[8]" classname="org.springframework.data.redis.support.collections.RedisListTests" time="0.002">
    <error message="Could not get a resource from the pool; nested exception is org.jredis.ClientRuntimeException: null reference:{connection on setConnection()} in method JRedisClient.setConnection() [file: JRedisClient.java line:158 - package: org.jredis.ri.alphazero] cause: =&gt; [IllegalArgumentException: null reference:{connection on setConnection()} in method JRedisClient.setConnection() [file: JRedisClient.java line:158 - package: org.jredis.ri.alphazero]]" type="org.springframework.data.redis.connection.PoolException">org.springframework.data.redis.connection.PoolException: Could not get a resource from the pool; nested exception is org.jredis.ClientRuntimeException: null reference:{connection on setConnection()} in method JRedisClient.setConnection() [file: JRedisClient.java line:158 - package: org.jredis.ri.alphazero] cause: => [IllegalArgumentException: null reference:{connection on setConnection()} in method JRedisClient.setConnection() [file: JRedisClient.java line:158 - package: org.jredis.ri.alphazero]]
Caused by: org.jredis.ClientRuntimeException: null reference:{connection on setConnection()} in method JRedisClient.setConnection() [file: JRedisClient.java line:158 - package: org.jredis.ri.alphazero] cause: => [IllegalArgumentException: null reference:{connection on setConnection()} in method JRedisClient.setConnection() [file: JRedisClient.java line:158 - package: org.jredis.ri.alphazero]]
Caused by: java.lang.IllegalArgumentException: null reference:{connection on setConnection()} in method JRedisClient.setConnection() [file: JRedisClient.java line:158 - package: org.jredis.ri.alphazero]
</error>
  </testcase>
  <testcase name="testTakeLast[8]" classname="org.springframework.data.redis.support.collections.RedisListTests" time="0.019">
    <error message="Could not get a resource from the pool; nested exception is org.jredis.ClientRuntimeException: null reference:{connection on setConnection()} in method JRedisClient.setConnection() [file: JRedisClient.java line:158 - package: org.jredis.ri.alphazero] cause: =&gt; [IllegalArgumentException: null reference:{connection on setConnection()} in method JRedisClient.setConnection() [file: JRedisClient.java line:158 - package: org.jredis.ri.alphazero]]" type="org.springframework.data.redis.connection.PoolException">org.springframework.data.redis.connection.PoolException: Could not get a resource from the pool; nested exception is org.jredis.ClientRuntimeException: null reference:{connection on setConnection()} in method JRedisClient.setConnection() [file: JRedisClient.java line:158 - package: org.jredis.ri.alphazero] cause: => [IllegalArgumentException: null reference:{connection on setConnection()} in method JRedisClient.setConnection() [file: JRedisClient.java line:158 - package: org.jredis.ri.alphazero]]
Caused by: org.jredis.ClientRuntimeException: null reference:{connection on setConnection()} in method JRedisClient.setConnection() [file: JRedisClient.java line:158 - package: org.jredis.ri.alphazero] cause: => [IllegalArgumentException: null reference:{connection on setConnection()} in method JRedisClient.setConnection() [file: JRedisClient.java line:158 - package: org.jredis.ri.alphazero]]
Caused by: java.lang.IllegalArgumentException: null reference:{connection on setConnection()} in method JRedisClient.setConnection() [file: JRedisClient.java line:158 - package: org.jredis.ri.alphazero]
</error>
    <system-err><![CDATA[01475611470163 Tue Oct 04 17:04:30 BRT 2016 JRedis[tid:1] <INFORMAÇÕES>: WARNING: heartbeat is disabled.
01475611470181 Tue Oct 04 17:04:30 BRT 2016 JRedis[tid:1] <ADVERTÊNCIA>: PROBLEM: Shutting down due to connection FAULT: Socket connect failed [cause: java.net.ConnectException: Conexão recusada] -- make sure the server is running at localhost:6379 - Connection: SYNCHRONOUS  localhost/127.0.0.1:6379 db:0 | SyncConnection@1316005672
01475611470181 Tue Oct 04 17:04:30 BRT 2016 JRedis[tid:1] <GRAVE>: Error creating connection -> Socket connect failed [cause: java.net.ConnectException: Conexão recusada] -- make sure the server is running at localhost:6379
01475611470181 Tue Oct 04 17:04:30 BRT 2016 JRedis[tid:1] <INFORMAÇÕES>: WARNING: heartbeat is disabled.
01475611470182 Tue Oct 04 17:04:30 BRT 2016 JRedis[tid:1] <ADVERTÊNCIA>: PROBLEM: Shutting down due to connection FAULT: Socket connect failed [cause: java.net.ConnectException: Conexão recusada] -- make sure the server is running at localhost:6379 - Connection: SYNCHRONOUS  localhost/127.0.0.1:6379 db:0 | SyncConnection@192428201
01475611470182 Tue Oct 04 17:04:30 BRT 2016 JRedis[tid:1] <GRAVE>: Error creating connection -> Socket connect failed [cause: java.net.ConnectException: Conexão recusada] -- make sure the server is running at localhost:6379
]]></system-err>
  </testcase>
  <testcase name="testTakeLast[8]" classname="org.springframework.data.redis.support.collections.RedisListTests" time="0.019">
    <error message="Could not get a resource from the pool; nested exception is org.jredis.ClientRuntimeException: null reference:{connection on setConnection()} in method JRedisClient.setConnection() [file: JRedisClient.java line:158 - package: org.jredis.ri.alphazero] cause: =&gt; [IllegalArgumentException: null reference:{connection on setConnection()} in method JRedisClient.setConnection() [file: JRedisClient.java line:158 - package: org.jredis.ri.alphazero]]" type="org.springframework.data.redis.connection.PoolException">org.springframework.data.redis.connection.PoolException: Could not get a resource from the pool; nested exception is org.jredis.ClientRuntimeException: null reference:{connection on setConnection()} in method JRedisClient.setConnection() [file: JRedisClient.java line:158 - package: org.jredis.ri.alphazero] cause: => [IllegalArgumentException: null reference:{connection on setConnection()} in method JRedisClient.setConnection() [file: JRedisClient.java line:158 - package: org.jredis.ri.alphazero]]
Caused by: org.jredis.ClientRuntimeException: null reference:{connection on setConnection()} in method JRedisClient.setConnection() [file: JRedisClient.java line:158 - package: org.jredis.ri.alphazero] cause: => [IllegalArgumentException: null reference:{connection on setConnection()} in method JRedisClient.setConnection() [file: JRedisClient.java line:158 - package: org.jredis.ri.alphazero]]
Caused by: java.lang.IllegalArgumentException: null reference:{connection on setConnection()} in method JRedisClient.setConnection() [file: JRedisClient.java line:158 - package: org.jredis.ri.alphazero]
</error>
  </testcase>
  <testcase name="testRemainingCapacity[8]" classname="org.springframework.data.redis.support.collections.RedisListTests" time="0.001">
    <error message="Could not get a resource from the pool; nested exception is org.jredis.ClientRuntimeException: null reference:{connection on setConnection()} in method JRedisClient.setConnection() [file: JRedisClient.java line:158 - package: org.jredis.ri.alphazero] cause: =&gt; [IllegalArgumentException: null reference:{connection on setConnection()} in method JRedisClient.setConnection() [file: JRedisClient.java line:158 - package: org.jredis.ri.alphazero]]" type="org.springframework.data.redis.connection.PoolException">org.springframework.data.redis.connection.PoolException: Could not get a resource from the pool; nested exception is org.jredis.ClientRuntimeException: null reference:{connection on setConnection()} in method JRedisClient.setConnection() [file: JRedisClient.java line:158 - package: org.jredis.ri.alphazero] cause: => [IllegalArgumentException: null reference:{connection on setConnection()} in method JRedisClient.setConnection() [file: JRedisClient.java line:158 - package: org.jredis.ri.alphazero]]
Caused by: org.jredis.ClientRuntimeException: null reference:{connection on setConnection()} in method JRedisClient.setConnection() [file: JRedisClient.java line:158 - package: org.jredis.ri.alphazero] cause: => [IllegalArgumentException: null reference:{connection on setConnection()} in method JRedisClient.setConnection() [file: JRedisClient.java line:158 - package: org.jredis.ri.alphazero]]
Caused by: java.lang.IllegalArgumentException: null reference:{connection on setConnection()} in method JRedisClient.setConnection() [file: JRedisClient.java line:158 - package: org.jredis.ri.alphazero]
</error>
    <system-err><![CDATA[01475611470182 Tue Oct 04 17:04:30 BRT 2016 JRedis[tid:1] <INFORMAÇÕES>: WARNING: heartbeat is disabled.
01475611470183 Tue Oct 04 17:04:30 BRT 2016 JRedis[tid:1] <ADVERTÊNCIA>: PROBLEM: Shutting down due to connection FAULT: Socket connect failed [cause: java.net.ConnectException: Conexão recusada] -- make sure the server is running at localhost:6379 - Connection: SYNCHRONOUS  localhost/127.0.0.1:6379 db:0 | SyncConnection@1768882706
01475611470183 Tue Oct 04 17:04:30 BRT 2016 JRedis[tid:1] <GRAVE>: Error creating connection -> Socket connect failed [cause: java.net.ConnectException: Conexão recusada] -- make sure the server is running at localhost:6379
]]></system-err>
  </testcase>
  <testcase name="testRemoveLast[8]" classname="org.springframework.data.redis.support.collections.RedisListTests" time="0.002">
    <error message="Could not get a resource from the pool; nested exception is org.jredis.ClientRuntimeException: null reference:{connection on setConnection()} in method JRedisClient.setConnection() [file: JRedisClient.java line:158 - package: org.jredis.ri.alphazero] cause: =&gt; [IllegalArgumentException: null reference:{connection on setConnection()} in method JRedisClient.setConnection() [file: JRedisClient.java line:158 - package: org.jredis.ri.alphazero]]" type="org.springframework.data.redis.connection.PoolException">org.springframework.data.redis.connection.PoolException: Could not get a resource from the pool; nested exception is org.jredis.ClientRuntimeException: null reference:{connection on setConnection()} in method JRedisClient.setConnection() [file: JRedisClient.java line:158 - package: org.jredis.ri.alphazero] cause: => [IllegalArgumentException: null reference:{connection on setConnection()} in method JRedisClient.setConnection() [file: JRedisClient.java line:158 - package: org.jredis.ri.alphazero]]
Caused by: org.jredis.ClientRuntimeException: null reference:{connection on setConnection()} in method JRedisClient.setConnection() [file: JRedisClient.java line:158 - package: org.jredis.ri.alphazero] cause: => [IllegalArgumentException: null reference:{connection on setConnection()} in method JRedisClient.setConnection() [file: JRedisClient.java line:158 - package: org.jredis.ri.alphazero]]
Caused by: java.lang.IllegalArgumentException: null reference:{connection on setConnection()} in method JRedisClient.setConnection() [file: JRedisClient.java line:158 - package: org.jredis.ri.alphazero]
</error>
    <system-err><![CDATA[01475611470183 Tue Oct 04 17:04:30 BRT 2016 JRedis[tid:1] <INFORMAÇÕES>: WARNING: heartbeat is disabled.
01475611470184 Tue Oct 04 17:04:30 BRT 2016 JRedis[tid:1] <ADVERTÊNCIA>: PROBLEM: Shutting down due to connection FAULT: Socket connect failed [cause: java.net.ConnectException: Conexão recusada] -- make sure the server is running at localhost:6379 - Connection: SYNCHRONOUS  localhost/127.0.0.1:6379 db:0 | SyncConnection@1463022229
01475611470184 Tue Oct 04 17:04:30 BRT 2016 JRedis[tid:1] <GRAVE>: Error creating connection -> Socket connect failed [cause: java.net.ConnectException: Conexão recusada] -- make sure the server is running at localhost:6379
01475611470184 Tue Oct 04 17:04:30 BRT 2016 JRedis[tid:1] <INFORMAÇÕES>: WARNING: heartbeat is disabled.
01475611470184 Tue Oct 04 17:04:30 BRT 2016 JRedis[tid:1] <ADVERTÊNCIA>: PROBLEM: Shutting down due to connection FAULT: Socket connect failed [cause: java.net.ConnectException: Conexão recusada] -- make sure the server is running at localhost:6379 - Connection: SYNCHRONOUS  localhost/127.0.0.1:6379 db:0 | SyncConnection@472991420
01475611470184 Tue Oct 04 17:04:30 BRT 2016 JRedis[tid:1] <GRAVE>: Error creating connection -> Socket connect failed [cause: java.net.ConnectException: Conexão recusada] -- make sure the server is running at localhost:6379
]]></system-err>
  </testcase>
  <testcase name="testRemoveLast[8]" classname="org.springframework.data.redis.support.collections.RedisListTests" time="0.002">
    <error message="Could not get a resource from the pool; nested exception is org.jredis.ClientRuntimeException: null reference:{connection on setConnection()} in method JRedisClient.setConnection() [file: JRedisClient.java line:158 - package: org.jredis.ri.alphazero] cause: =&gt; [IllegalArgumentException: null reference:{connection on setConnection()} in method JRedisClient.setConnection() [file: JRedisClient.java line:158 - package: org.jredis.ri.alphazero]]" type="org.springframework.data.redis.connection.PoolException">org.springframework.data.redis.connection.PoolException: Could not get a resource from the pool; nested exception is org.jredis.ClientRuntimeException: null reference:{connection on setConnection()} in method JRedisClient.setConnection() [file: JRedisClient.java line:158 - package: org.jredis.ri.alphazero] cause: => [IllegalArgumentException: null reference:{connection on setConnection()} in method JRedisClient.setConnection() [file: JRedisClient.java line:158 - package: org.jredis.ri.alphazero]]
Caused by: org.jredis.ClientRuntimeException: null reference:{connection on setConnection()} in method JRedisClient.setConnection() [file: JRedisClient.java line:158 - package: org.jredis.ri.alphazero] cause: => [IllegalArgumentException: null reference:{connection on setConnection()} in method JRedisClient.setConnection() [file: JRedisClient.java line:158 - package: org.jredis.ri.alphazero]]
Caused by: java.lang.IllegalArgumentException: null reference:{connection on setConnection()} in method JRedisClient.setConnection() [file: JRedisClient.java line:158 - package: org.jredis.ri.alphazero]
</error>
  </testcase>
  <testcase name="testAddIndexObjectHead[8]" classname="org.springframework.data.redis.support.collections.RedisListTests" time="0.002">
    <error message="Could not get a resource from the pool; nested exception is org.jredis.ClientRuntimeException: null reference:{connection on setConnection()} in method JRedisClient.setConnection() [file: JRedisClient.java line:158 - package: org.jredis.ri.alphazero] cause: =&gt; [IllegalArgumentException: null reference:{connection on setConnection()} in method JRedisClient.setConnection() [file: JRedisClient.java line:158 - package: org.jredis.ri.alphazero]]" type="org.springframework.data.redis.connection.PoolException">org.springframework.data.redis.connection.PoolException: Could not get a resource from the pool; nested exception is org.jredis.ClientRuntimeException: null reference:{connection on setConnection()} in method JRedisClient.setConnection() [file: JRedisClient.java line:158 - package: org.jredis.ri.alphazero] cause: => [IllegalArgumentException: null reference:{connection on setConnection()} in method JRedisClient.setConnection() [file: JRedisClient.java line:158 - package: org.jredis.ri.alphazero]]
Caused by: org.jredis.ClientRuntimeException: null reference:{connection on setConnection()} in method JRedisClient.setConnection() [file: JRedisClient.java line:158 - package: org.jredis.ri.alphazero] cause: => [IllegalArgumentException: null reference:{connection on setConnection()} in method JRedisClient.setConnection() [file: JRedisClient.java line:158 - package: org.jredis.ri.alphazero]]
Caused by: java.lang.IllegalArgumentException: null reference:{connection on setConnection()} in method JRedisClient.setConnection() [file: JRedisClient.java line:158 - package: org.jredis.ri.alphazero]
</error>
    <system-err><![CDATA[01475611470185 Tue Oct 04 17:04:30 BRT 2016 JRedis[tid:1] <INFORMAÇÕES>: WARNING: heartbeat is disabled.
01475611470185 Tue Oct 04 17:04:30 BRT 2016 JRedis[tid:1] <ADVERTÊNCIA>: PROBLEM: Shutting down due to connection FAULT: Socket connect failed [cause: java.net.ConnectException: Conexão recusada] -- make sure the server is running at localhost:6379 - Connection: SYNCHRONOUS  localhost/127.0.0.1:6379 db:0 | SyncConnection@1455855843
01475611470186 Tue Oct 04 17:04:30 BRT 2016 JRedis[tid:1] <GRAVE>: Error creating connection -> Socket connect failed [cause: java.net.ConnectException: Conexão recusada] -- make sure the server is running at localhost:6379
01475611470186 Tue Oct 04 17:04:30 BRT 2016 JRedis[tid:1] <INFORMAÇÕES>: WARNING: heartbeat is disabled.
01475611470186 Tue Oct 04 17:04:30 BRT 2016 JRedis[tid:1] <ADVERTÊNCIA>: PROBLEM: Shutting down due to connection FAULT: Socket connect failed [cause: java.net.ConnectException: Conexão recusada] -- make sure the server is running at localhost:6379 - Connection: SYNCHRONOUS  localhost/127.0.0.1:6379 db:0 | SyncConnection@1202220987
01475611470186 Tue Oct 04 17:04:30 BRT 2016 JRedis[tid:1] <GRAVE>: Error creating connection -> Socket connect failed [cause: java.net.ConnectException: Conexão recusada] -- make sure the server is running at localhost:6379
]]></system-err>
  </testcase>
  <testcase name="testAddIndexObjectHead[8]" classname="org.springframework.data.redis.support.collections.RedisListTests" time="0.002">
    <error message="Could not get a resource from the pool; nested exception is org.jredis.ClientRuntimeException: null reference:{connection on setConnection()} in method JRedisClient.setConnection() [file: JRedisClient.java line:158 - package: org.jredis.ri.alphazero] cause: =&gt; [IllegalArgumentException: null reference:{connection on setConnection()} in method JRedisClient.setConnection() [file: JRedisClient.java line:158 - package: org.jredis.ri.alphazero]]" type="org.springframework.data.redis.connection.PoolException">org.springframework.data.redis.connection.PoolException: Could not get a resource from the pool; nested exception is org.jredis.ClientRuntimeException: null reference:{connection on setConnection()} in method JRedisClient.setConnection() [file: JRedisClient.java line:158 - package: org.jredis.ri.alphazero] cause: => [IllegalArgumentException: null reference:{connection on setConnection()} in method JRedisClient.setConnection() [file: JRedisClient.java line:158 - package: org.jredis.ri.alphazero]]
Caused by: org.jredis.ClientRuntimeException: null reference:{connection on setConnection()} in method JRedisClient.setConnection() [file: JRedisClient.java line:158 - package: org.jredis.ri.alphazero] cause: => [IllegalArgumentException: null reference:{connection on setConnection()} in method JRedisClient.setConnection() [file: JRedisClient.java line:158 - package: org.jredis.ri.alphazero]]
Caused by: java.lang.IllegalArgumentException: null reference:{connection on setConnection()} in method JRedisClient.setConnection() [file: JRedisClient.java line:158 - package: org.jredis.ri.alphazero]
</error>
  </testcase>
  <testcase name="testAddIndexObjectTail[8]" classname="org.springframework.data.redis.support.collections.RedisListTests" time="0.001">
    <error message="Could not get a resource from the pool; nested exception is org.jredis.ClientRuntimeException: null reference:{connection on setConnection()} in method JRedisClient.setConnection() [file: JRedisClient.java line:158 - package: org.jredis.ri.alphazero] cause: =&gt; [IllegalArgumentException: null reference:{connection on setConnection()} in method JRedisClient.setConnection() [file: JRedisClient.java line:158 - package: org.jredis.ri.alphazero]]" type="org.springframework.data.redis.connection.PoolException">org.springframework.data.redis.connection.PoolException: Could not get a resource from the pool; nested exception is org.jredis.ClientRuntimeException: null reference:{connection on setConnection()} in method JRedisClient.setConnection() [file: JRedisClient.java line:158 - package: org.jredis.ri.alphazero] cause: => [IllegalArgumentException: null reference:{connection on setConnection()} in method JRedisClient.setConnection() [file: JRedisClient.java line:158 - package: org.jredis.ri.alphazero]]
Caused by: org.jredis.ClientRuntimeException: null reference:{connection on setConnection()} in method JRedisClient.setConnection() [file: JRedisClient.java line:158 - package: org.jredis.ri.alphazero] cause: => [IllegalArgumentException: null reference:{connection on setConnection()} in method JRedisClient.setConnection() [file: JRedisClient.java line:158 - package: org.jredis.ri.alphazero]]
Caused by: java.lang.IllegalArgumentException: null reference:{connection on setConnection()} in method JRedisClient.setConnection() [file: JRedisClient.java line:158 - package: org.jredis.ri.alphazero]
</error>
    <system-err><![CDATA[01475611470187 Tue Oct 04 17:04:30 BRT 2016 JRedis[tid:1] <INFORMAÇÕES>: WARNING: heartbeat is disabled.
01475611470187 Tue Oct 04 17:04:30 BRT 2016 JRedis[tid:1] <ADVERTÊNCIA>: PROBLEM: Shutting down due to connection FAULT: Socket connect failed [cause: java.net.ConnectException: Conexão recusada] -- make sure the server is running at localhost:6379 - Connection: SYNCHRONOUS  localhost/127.0.0.1:6379 db:0 | SyncConnection@256346753
01475611470187 Tue Oct 04 17:04:30 BRT 2016 JRedis[tid:1] <GRAVE>: Error creating connection -> Socket connect failed [cause: java.net.ConnectException: Conexão recusada] -- make sure the server is running at localhost:6379
01475611470188 Tue Oct 04 17:04:30 BRT 2016 JRedis[tid:1] <INFORMAÇÕES>: WARNING: heartbeat is disabled.
01475611470188 Tue Oct 04 17:04:30 BRT 2016 JRedis[tid:1] <ADVERTÊNCIA>: PROBLEM: Shutting down due to connection FAULT: Socket connect failed [cause: java.net.ConnectException: Conexão recusada] -- make sure the server is running at localhost:6379 - Connection: SYNCHRONOUS  localhost/127.0.0.1:6379 db:0 | SyncConnection@425015667
01475611470188 Tue Oct 04 17:04:30 BRT 2016 JRedis[tid:1] <GRAVE>: Error creating connection -> Socket connect failed [cause: java.net.ConnectException: Conexão recusada] -- make sure the server is running at localhost:6379
]]></system-err>
  </testcase>
  <testcase name="testAddIndexObjectTail[8]" classname="org.springframework.data.redis.support.collections.RedisListTests" time="0.002">
    <error message="Could not get a resource from the pool; nested exception is org.jredis.ClientRuntimeException: null reference:{connection on setConnection()} in method JRedisClient.setConnection() [file: JRedisClient.java line:158 - package: org.jredis.ri.alphazero] cause: =&gt; [IllegalArgumentException: null reference:{connection on setConnection()} in method JRedisClient.setConnection() [file: JRedisClient.java line:158 - package: org.jredis.ri.alphazero]]" type="org.springframework.data.redis.connection.PoolException">org.springframework.data.redis.connection.PoolException: Could not get a resource from the pool; nested exception is org.jredis.ClientRuntimeException: null reference:{connection on setConnection()} in method JRedisClient.setConnection() [file: JRedisClient.java line:158 - package: org.jredis.ri.alphazero] cause: => [IllegalArgumentException: null reference:{connection on setConnection()} in method JRedisClient.setConnection() [file: JRedisClient.java line:158 - package: org.jredis.ri.alphazero]]
Caused by: org.jredis.ClientRuntimeException: null reference:{connection on setConnection()} in method JRedisClient.setConnection() [file: JRedisClient.java line:158 - package: org.jredis.ri.alphazero] cause: => [IllegalArgumentException: null reference:{connection on setConnection()} in method JRedisClient.setConnection() [file: JRedisClient.java line:158 - package: org.jredis.ri.alphazero]]
Caused by: java.lang.IllegalArgumentException: null reference:{connection on setConnection()} in method JRedisClient.setConnection() [file: JRedisClient.java line:158 - package: org.jredis.ri.alphazero]
</error>
  </testcase>
  <testcase name="testPollFirst[8]" classname="org.springframework.data.redis.support.collections.RedisListTests" time="0.001">
    <error message="Could not get a resource from the pool; nested exception is org.jredis.ClientRuntimeException: null reference:{connection on setConnection()} in method JRedisClient.setConnection() [file: JRedisClient.java line:158 - package: org.jredis.ri.alphazero] cause: =&gt; [IllegalArgumentException: null reference:{connection on setConnection()} in method JRedisClient.setConnection() [file: JRedisClient.java line:158 - package: org.jredis.ri.alphazero]]" type="org.springframework.data.redis.connection.PoolException">org.springframework.data.redis.connection.PoolException: Could not get a resource from the pool; nested exception is org.jredis.ClientRuntimeException: null reference:{connection on setConnection()} in method JRedisClient.setConnection() [file: JRedisClient.java line:158 - package: org.jredis.ri.alphazero] cause: => [IllegalArgumentException: null reference:{connection on setConnection()} in method JRedisClient.setConnection() [file: JRedisClient.java line:158 - package: org.jredis.ri.alphazero]]
Caused by: org.jredis.ClientRuntimeException: null reference:{connection on setConnection()} in method JRedisClient.setConnection() [file: JRedisClient.java line:158 - package: org.jredis.ri.alphazero] cause: => [IllegalArgumentException: null reference:{connection on setConnection()} in method JRedisClient.setConnection() [file: JRedisClient.java line:158 - package: org.jredis.ri.alphazero]]
Caused by: java.lang.IllegalArgumentException: null reference:{connection on setConnection()} in method JRedisClient.setConnection() [file: JRedisClient.java line:158 - package: org.jredis.ri.alphazero]
</error>
    <system-err><![CDATA[01475611470189 Tue Oct 04 17:04:30 BRT 2016 JRedis[tid:1] <INFORMAÇÕES>: WARNING: heartbeat is disabled.
01475611470189 Tue Oct 04 17:04:30 BRT 2016 JRedis[tid:1] <ADVERTÊNCIA>: PROBLEM: Shutting down due to connection FAULT: Socket connect failed [cause: java.net.ConnectException: Conexão recusada] -- make sure the server is running at localhost:6379 - Connection: SYNCHRONOUS  localhost/127.0.0.1:6379 db:0 | SyncConnection@2075568954
01475611470189 Tue Oct 04 17:04:30 BRT 2016 JRedis[tid:1] <GRAVE>: Error creating connection -> Socket connect failed [cause: java.net.ConnectException: Conexão recusada] -- make sure the server is running at localhost:6379
01475611470189 Tue Oct 04 17:04:30 BRT 2016 JRedis[tid:1] <INFORMAÇÕES>: WARNING: heartbeat is disabled.
01475611470190 Tue Oct 04 17:04:30 BRT 2016 JRedis[tid:1] <ADVERTÊNCIA>: PROBLEM: Shutting down due to connection FAULT: Socket connect failed [cause: java.net.ConnectException: Conexão recusada] -- make sure the server is running at localhost:6379 - Connection: SYNCHRONOUS  localhost/127.0.0.1:6379 db:0 | SyncConnection@2145896000
01475611470190 Tue Oct 04 17:04:30 BRT 2016 JRedis[tid:1] <GRAVE>: Error creating connection -> Socket connect failed [cause: java.net.ConnectException: Conexão recusada] -- make sure the server is running at localhost:6379
]]></system-err>
  </testcase>
  <testcase name="testPollFirst[8]" classname="org.springframework.data.redis.support.collections.RedisListTests" time="0.001">
    <error message="Could not get a resource from the pool; nested exception is org.jredis.ClientRuntimeException: null reference:{connection on setConnection()} in method JRedisClient.setConnection() [file: JRedisClient.java line:158 - package: org.jredis.ri.alphazero] cause: =&gt; [IllegalArgumentException: null reference:{connection on setConnection()} in method JRedisClient.setConnection() [file: JRedisClient.java line:158 - package: org.jredis.ri.alphazero]]" type="org.springframework.data.redis.connection.PoolException">org.springframework.data.redis.connection.PoolException: Could not get a resource from the pool; nested exception is org.jredis.ClientRuntimeException: null reference:{connection on setConnection()} in method JRedisClient.setConnection() [file: JRedisClient.java line:158 - package: org.jredis.ri.alphazero] cause: => [IllegalArgumentException: null reference:{connection on setConnection()} in method JRedisClient.setConnection() [file: JRedisClient.java line:158 - package: org.jredis.ri.alphazero]]
Caused by: org.jredis.ClientRuntimeException: null reference:{connection on setConnection()} in method JRedisClient.setConnection() [file: JRedisClient.java line:158 - package: org.jredis.ri.alphazero] cause: => [IllegalArgumentException: null reference:{connection on setConnection()} in method JRedisClient.setConnection() [file: JRedisClient.java line:158 - package: org.jredis.ri.alphazero]]
Caused by: java.lang.IllegalArgumentException: null reference:{connection on setConnection()} in method JRedisClient.setConnection() [file: JRedisClient.java line:158 - package: org.jredis.ri.alphazero]
</error>
  </testcase>
  <testcase name="testAddIndexObjectMiddle[8]" classname="org.springframework.data.redis.support.collections.RedisListTests" time="0.002">
    <error message="Unexpected exception, expected&lt;java.lang.IllegalArgumentException&gt; but was&lt;org.springframework.data.redis.connection.PoolException&gt;" type="java.lang.Exception"><![CDATA[java.lang.Exception: Unexpected exception, expected<java.lang.IllegalArgumentException> but was<org.springframework.data.redis.connection.PoolException>
Caused by: org.springframework.data.redis.connection.PoolException: Could not get a resource from the pool; nested exception is org.jredis.ClientRuntimeException: null reference:{connection on setConnection()} in method JRedisClient.setConnection() [file: JRedisClient.java line:158 - package: org.jredis.ri.alphazero] cause: => [IllegalArgumentException: null reference:{connection on setConnection()} in method JRedisClient.setConnection() [file: JRedisClient.java line:158 - package: org.jredis.ri.alphazero]]
Caused by: org.jredis.ClientRuntimeException: null reference:{connection on setConnection()} in method JRedisClient.setConnection() [file: JRedisClient.java line:158 - package: org.jredis.ri.alphazero] cause: => [IllegalArgumentException: null reference:{connection on setConnection()} in method JRedisClient.setConnection() [file: JRedisClient.java line:158 - package: org.jredis.ri.alphazero]]
Caused by: java.lang.IllegalArgumentException: null reference:{connection on setConnection()} in method JRedisClient.setConnection() [file: JRedisClient.java line:158 - package: org.jredis.ri.alphazero]
]]></error>
    <system-err><![CDATA[01475611470191 Tue Oct 04 17:04:30 BRT 2016 JRedis[tid:1] <INFORMAÇÕES>: WARNING: heartbeat is disabled.
01475611470191 Tue Oct 04 17:04:30 BRT 2016 JRedis[tid:1] <ADVERTÊNCIA>: PROBLEM: Shutting down due to connection FAULT: Socket connect failed [cause: java.net.ConnectException: Conexão recusada] -- make sure the server is running at localhost:6379 - Connection: SYNCHRONOUS  localhost/127.0.0.1:6379 db:0 | SyncConnection@1279740095
01475611470191 Tue Oct 04 17:04:30 BRT 2016 JRedis[tid:1] <GRAVE>: Error creating connection -> Socket connect failed [cause: java.net.ConnectException: Conexão recusada] -- make sure the server is running at localhost:6379
01475611470191 Tue Oct 04 17:04:30 BRT 2016 JRedis[tid:1] <INFORMAÇÕES>: WARNING: heartbeat is disabled.
01475611470192 Tue Oct 04 17:04:30 BRT 2016 JRedis[tid:1] <ADVERTÊNCIA>: PROBLEM: Shutting down due to connection FAULT: Socket connect failed [cause: java.net.ConnectException: Conexão recusada] -- make sure the server is running at localhost:6379 - Connection: SYNCHRONOUS  localhost/127.0.0.1:6379 db:0 | SyncConnection@2095677157
01475611470192 Tue Oct 04 17:04:30 BRT 2016 JRedis[tid:1] <GRAVE>: Error creating connection -> Socket connect failed [cause: java.net.ConnectException: Conexão recusada] -- make sure the server is running at localhost:6379
]]></system-err>
  </testcase>
  <testcase name="testAddIndexObjectMiddle[8]" classname="org.springframework.data.redis.support.collections.RedisListTests" time="0.002">
    <error message="Could not get a resource from the pool; nested exception is org.jredis.ClientRuntimeException: null reference:{connection on setConnection()} in method JRedisClient.setConnection() [file: JRedisClient.java line:158 - package: org.jredis.ri.alphazero] cause: =&gt; [IllegalArgumentException: null reference:{connection on setConnection()} in method JRedisClient.setConnection() [file: JRedisClient.java line:158 - package: org.jredis.ri.alphazero]]" type="org.springframework.data.redis.connection.PoolException">org.springframework.data.redis.connection.PoolException: Could not get a resource from the pool; nested exception is org.jredis.ClientRuntimeException: null reference:{connection on setConnection()} in method JRedisClient.setConnection() [file: JRedisClient.java line:158 - package: org.jredis.ri.alphazero] cause: => [IllegalArgumentException: null reference:{connection on setConnection()} in method JRedisClient.setConnection() [file: JRedisClient.java line:158 - package: org.jredis.ri.alphazero]]
Caused by: org.jredis.ClientRuntimeException: null reference:{connection on setConnection()} in method JRedisClient.setConnection() [file: JRedisClient.java line:158 - package: org.jredis.ri.alphazero] cause: => [IllegalArgumentException: null reference:{connection on setConnection()} in method JRedisClient.setConnection() [file: JRedisClient.java line:158 - package: org.jredis.ri.alphazero]]
Caused by: java.lang.IllegalArgumentException: null reference:{connection on setConnection()} in method JRedisClient.setConnection() [file: JRedisClient.java line:158 - package: org.jredis.ri.alphazero]
</error>
  </testcase>
  <testcase name="testPeekLast[8]" classname="org.springframework.data.redis.support.collections.RedisListTests" time="0.002">
    <error message="Could not get a resource from the pool; nested exception is org.jredis.ClientRuntimeException: null reference:{connection on setConnection()} in method JRedisClient.setConnection() [file: JRedisClient.java line:158 - package: org.jredis.ri.alphazero] cause: =&gt; [IllegalArgumentException: null reference:{connection on setConnection()} in method JRedisClient.setConnection() [file: JRedisClient.java line:158 - package: org.jredis.ri.alphazero]]" type="org.springframework.data.redis.connection.PoolException">org.springframework.data.redis.connection.PoolException: Could not get a resource from the pool; nested exception is org.jredis.ClientRuntimeException: null reference:{connection on setConnection()} in method JRedisClient.setConnection() [file: JRedisClient.java line:158 - package: org.jredis.ri.alphazero] cause: => [IllegalArgumentException: null reference:{connection on setConnection()} in method JRedisClient.setConnection() [file: JRedisClient.java line:158 - package: org.jredis.ri.alphazero]]
Caused by: org.jredis.ClientRuntimeException: null reference:{connection on setConnection()} in method JRedisClient.setConnection() [file: JRedisClient.java line:158 - package: org.jredis.ri.alphazero] cause: => [IllegalArgumentException: null reference:{connection on setConnection()} in method JRedisClient.setConnection() [file: JRedisClient.java line:158 - package: org.jredis.ri.alphazero]]
Caused by: java.lang.IllegalArgumentException: null reference:{connection on setConnection()} in method JRedisClient.setConnection() [file: JRedisClient.java line:158 - package: org.jredis.ri.alphazero]
</error>
    <system-err><![CDATA[01475611470192 Tue Oct 04 17:04:30 BRT 2016 JRedis[tid:1] <INFORMAÇÕES>: WARNING: heartbeat is disabled.
01475611470193 Tue Oct 04 17:04:30 BRT 2016 JRedis[tid:1] <ADVERTÊNCIA>: PROBLEM: Shutting down due to connection FAULT: Socket connect failed [cause: java.net.ConnectException: Conexão recusada] -- make sure the server is running at localhost:6379 - Connection: SYNCHRONOUS  localhost/127.0.0.1:6379 db:0 | SyncConnection@852026681
01475611470193 Tue Oct 04 17:04:30 BRT 2016 JRedis[tid:1] <GRAVE>: Error creating connection -> Socket connect failed [cause: java.net.ConnectException: Conexão recusada] -- make sure the server is running at localhost:6379
01475611470193 Tue Oct 04 17:04:30 BRT 2016 JRedis[tid:1] <INFORMAÇÕES>: WARNING: heartbeat is disabled.
01475611470193 Tue Oct 04 17:04:30 BRT 2016 JRedis[tid:1] <ADVERTÊNCIA>: PROBLEM: Shutting down due to connection FAULT: Socket connect failed [cause: java.net.ConnectException: Conexão recusada] -- make sure the server is running at localhost:6379 - Connection: SYNCHRONOUS  localhost/127.0.0.1:6379 db:0 | SyncConnection@1943855334
01475611470194 Tue Oct 04 17:04:30 BRT 2016 JRedis[tid:1] <GRAVE>: Error creating connection -> Socket connect failed [cause: java.net.ConnectException: Conexão recusada] -- make sure the server is running at localhost:6379
]]></system-err>
  </testcase>
  <testcase name="testPeekLast[8]" classname="org.springframework.data.redis.support.collections.RedisListTests" time="0.002">
    <error message="Could not get a resource from the pool; nested exception is org.jredis.ClientRuntimeException: null reference:{connection on setConnection()} in method JRedisClient.setConnection() [file: JRedisClient.java line:158 - package: org.jredis.ri.alphazero] cause: =&gt; [IllegalArgumentException: null reference:{connection on setConnection()} in method JRedisClient.setConnection() [file: JRedisClient.java line:158 - package: org.jredis.ri.alphazero]]" type="org.springframework.data.redis.connection.PoolException">org.springframework.data.redis.connection.PoolException: Could not get a resource from the pool; nested exception is org.jredis.ClientRuntimeException: null reference:{connection on setConnection()} in method JRedisClient.setConnection() [file: JRedisClient.java line:158 - package: org.jredis.ri.alphazero] cause: => [IllegalArgumentException: null reference:{connection on setConnection()} in method JRedisClient.setConnection() [file: JRedisClient.java line:158 - package: org.jredis.ri.alphazero]]
Caused by: org.jredis.ClientRuntimeException: null reference:{connection on setConnection()} in method JRedisClient.setConnection() [file: JRedisClient.java line:158 - package: org.jredis.ri.alphazero] cause: => [IllegalArgumentException: null reference:{connection on setConnection()} in method JRedisClient.setConnection() [file: JRedisClient.java line:158 - package: org.jredis.ri.alphazero]]
Caused by: java.lang.IllegalArgumentException: null reference:{connection on setConnection()} in method JRedisClient.setConnection() [file: JRedisClient.java line:158 - package: org.jredis.ri.alphazero]
</error>
  </testcase>
  <testcase name="testRemoveFirstOccurrence[8]" classname="org.springframework.data.redis.support.collections.RedisListTests" time="0.002">
    <error message="Could not get a resource from the pool; nested exception is org.jredis.ClientRuntimeException: null reference:{connection on setConnection()} in method JRedisClient.setConnection() [file: JRedisClient.java line:158 - package: org.jredis.ri.alphazero] cause: =&gt; [IllegalArgumentException: null reference:{connection on setConnection()} in method JRedisClient.setConnection() [file: JRedisClient.java line:158 - package: org.jredis.ri.alphazero]]" type="org.springframework.data.redis.connection.PoolException">org.springframework.data.redis.connection.PoolException: Could not get a resource from the pool; nested exception is org.jredis.ClientRuntimeException: null reference:{connection on setConnection()} in method JRedisClient.setConnection() [file: JRedisClient.java line:158 - package: org.jredis.ri.alphazero] cause: => [IllegalArgumentException: null reference:{connection on setConnection()} in method JRedisClient.setConnection() [file: JRedisClient.java line:158 - package: org.jredis.ri.alphazero]]
Caused by: org.jredis.ClientRuntimeException: null reference:{connection on setConnection()} in method JRedisClient.setConnection() [file: JRedisClient.java line:158 - package: org.jredis.ri.alphazero] cause: => [IllegalArgumentException: null reference:{connection on setConnection()} in method JRedisClient.setConnection() [file: JRedisClient.java line:158 - package: org.jredis.ri.alphazero]]
Caused by: java.lang.IllegalArgumentException: null reference:{connection on setConnection()} in method JRedisClient.setConnection() [file: JRedisClient.java line:158 - package: org.jredis.ri.alphazero]
</error>
    <system-err><![CDATA[01475611470194 Tue Oct 04 17:04:30 BRT 2016 JRedis[tid:1] <INFORMAÇÕES>: WARNING: heartbeat is disabled.
01475611470195 Tue Oct 04 17:04:30 BRT 2016 JRedis[tid:1] <ADVERTÊNCIA>: PROBLEM: Shutting down due to connection FAULT: Socket connect failed [cause: java.net.ConnectException: Conexão recusada] -- make sure the server is running at localhost:6379 - Connection: SYNCHRONOUS  localhost/127.0.0.1:6379 db:0 | SyncConnection@94919826
01475611470195 Tue Oct 04 17:04:30 BRT 2016 JRedis[tid:1] <GRAVE>: Error creating connection -> Socket connect failed [cause: java.net.ConnectException: Conexão recusada] -- make sure the server is running at localhost:6379
01475611470195 Tue Oct 04 17:04:30 BRT 2016 JRedis[tid:1] <INFORMAÇÕES>: WARNING: heartbeat is disabled.
01475611470195 Tue Oct 04 17:04:30 BRT 2016 JRedis[tid:1] <ADVERTÊNCIA>: PROBLEM: Shutting down due to connection FAULT: Socket connect failed [cause: java.net.ConnectException: Conexão recusada] -- make sure the server is running at localhost:6379 - Connection: SYNCHRONOUS  localhost/127.0.0.1:6379 db:0 | SyncConnection@847320212
01475611470195 Tue Oct 04 17:04:30 BRT 2016 JRedis[tid:1] <GRAVE>: Error creating connection -> Socket connect failed [cause: java.net.ConnectException: Conexão recusada] -- make sure the server is running at localhost:6379
]]></system-err>
  </testcase>
  <testcase name="testRemoveFirstOccurrence[8]" classname="org.springframework.data.redis.support.collections.RedisListTests" time="0.002">
    <error message="Could not get a resource from the pool; nested exception is org.jredis.ClientRuntimeException: null reference:{connection on setConnection()} in method JRedisClient.setConnection() [file: JRedisClient.java line:158 - package: org.jredis.ri.alphazero] cause: =&gt; [IllegalArgumentException: null reference:{connection on setConnection()} in method JRedisClient.setConnection() [file: JRedisClient.java line:158 - package: org.jredis.ri.alphazero]]" type="org.springframework.data.redis.connection.PoolException">org.springframework.data.redis.connection.PoolException: Could not get a resource from the pool; nested exception is org.jredis.ClientRuntimeException: null reference:{connection on setConnection()} in method JRedisClient.setConnection() [file: JRedisClient.java line:158 - package: org.jredis.ri.alphazero] cause: => [IllegalArgumentException: null reference:{connection on setConnection()} in method JRedisClient.setConnection() [file: JRedisClient.java line:158 - package: org.jredis.ri.alphazero]]
Caused by: org.jredis.ClientRuntimeException: null reference:{connection on setConnection()} in method JRedisClient.setConnection() [file: JRedisClient.java line:158 - package: org.jredis.ri.alphazero] cause: => [IllegalArgumentException: null reference:{connection on setConnection()} in method JRedisClient.setConnection() [file: JRedisClient.java line:158 - package: org.jredis.ri.alphazero]]
Caused by: java.lang.IllegalArgumentException: null reference:{connection on setConnection()} in method JRedisClient.setConnection() [file: JRedisClient.java line:158 - package: org.jredis.ri.alphazero]
</error>
  </testcase>
  <testcase name="addAllIndexCollectionHead[8]" classname="org.springframework.data.redis.support.collections.RedisListTests" time="0.002">
    <error message="Could not get a resource from the pool; nested exception is org.jredis.ClientRuntimeException: null reference:{connection on setConnection()} in method JRedisClient.setConnection() [file: JRedisClient.java line:158 - package: org.jredis.ri.alphazero] cause: =&gt; [IllegalArgumentException: null reference:{connection on setConnection()} in method JRedisClient.setConnection() [file: JRedisClient.java line:158 - package: org.jredis.ri.alphazero]]" type="org.springframework.data.redis.connection.PoolException">org.springframework.data.redis.connection.PoolException: Could not get a resource from the pool; nested exception is org.jredis.ClientRuntimeException: null reference:{connection on setConnection()} in method JRedisClient.setConnection() [file: JRedisClient.java line:158 - package: org.jredis.ri.alphazero] cause: => [IllegalArgumentException: null reference:{connection on setConnection()} in method JRedisClient.setConnection() [file: JRedisClient.java line:158 - package: org.jredis.ri.alphazero]]
Caused by: org.jredis.ClientRuntimeException: null reference:{connection on setConnection()} in method JRedisClient.setConnection() [file: JRedisClient.java line:158 - package: org.jredis.ri.alphazero] cause: => [IllegalArgumentException: null reference:{connection on setConnection()} in method JRedisClient.setConnection() [file: JRedisClient.java line:158 - package: org.jredis.ri.alphazero]]
Caused by: java.lang.IllegalArgumentException: null reference:{connection on setConnection()} in method JRedisClient.setConnection() [file: JRedisClient.java line:158 - package: org.jredis.ri.alphazero]
</error>
    <system-err><![CDATA[01475611470196 Tue Oct 04 17:04:30 BRT 2016 JRedis[tid:1] <INFORMAÇÕES>: WARNING: heartbeat is disabled.
01475611470196 Tue Oct 04 17:04:30 BRT 2016 JRedis[tid:1] <ADVERTÊNCIA>: PROBLEM: Shutting down due to connection FAULT: Socket connect failed [cause: java.net.ConnectException: Conexão recusada] -- make sure the server is running at localhost:6379 - Connection: SYNCHRONOUS  localhost/127.0.0.1:6379 db:0 | SyncConnection@1201004240
01475611470197 Tue Oct 04 17:04:30 BRT 2016 JRedis[tid:1] <GRAVE>: Error creating connection -> Socket connect failed [cause: java.net.ConnectException: Conexão recusada] -- make sure the server is running at localhost:6379
01475611470197 Tue Oct 04 17:04:30 BRT 2016 JRedis[tid:1] <INFORMAÇÕES>: WARNING: heartbeat is disabled.
01475611470197 Tue Oct 04 17:04:30 BRT 2016 JRedis[tid:1] <ADVERTÊNCIA>: PROBLEM: Shutting down due to connection FAULT: Socket connect failed [cause: java.net.ConnectException: Conexão recusada] -- make sure the server is running at localhost:6379 - Connection: SYNCHRONOUS  localhost/127.0.0.1:6379 db:0 | SyncConnection@1406848276
01475611470197 Tue Oct 04 17:04:30 BRT 2016 JRedis[tid:1] <GRAVE>: Error creating connection -> Socket connect failed [cause: java.net.ConnectException: Conexão recusada] -- make sure the server is running at localhost:6379
]]></system-err>
  </testcase>
  <testcase name="addAllIndexCollectionHead[8]" classname="org.springframework.data.redis.support.collections.RedisListTests" time="0.002">
    <error message="Could not get a resource from the pool; nested exception is org.jredis.ClientRuntimeException: null reference:{connection on setConnection()} in method JRedisClient.setConnection() [file: JRedisClient.java line:158 - package: org.jredis.ri.alphazero] cause: =&gt; [IllegalArgumentException: null reference:{connection on setConnection()} in method JRedisClient.setConnection() [file: JRedisClient.java line:158 - package: org.jredis.ri.alphazero]]" type="org.springframework.data.redis.connection.PoolException">org.springframework.data.redis.connection.PoolException: Could not get a resource from the pool; nested exception is org.jredis.ClientRuntimeException: null reference:{connection on setConnection()} in method JRedisClient.setConnection() [file: JRedisClient.java line:158 - package: org.jredis.ri.alphazero] cause: => [IllegalArgumentException: null reference:{connection on setConnection()} in method JRedisClient.setConnection() [file: JRedisClient.java line:158 - package: org.jredis.ri.alphazero]]
Caused by: org.jredis.ClientRuntimeException: null reference:{connection on setConnection()} in method JRedisClient.setConnection() [file: JRedisClient.java line:158 - package: org.jredis.ri.alphazero] cause: => [IllegalArgumentException: null reference:{connection on setConnection()} in method JRedisClient.setConnection() [file: JRedisClient.java line:158 - package: org.jredis.ri.alphazero]]
Caused by: java.lang.IllegalArgumentException: null reference:{connection on setConnection()} in method JRedisClient.setConnection() [file: JRedisClient.java line:158 - package: org.jredis.ri.alphazero]
</error>
  </testcase>
  <testcase name="addAllIndexCollectionTail[8]" classname="org.springframework.data.redis.support.collections.RedisListTests" time="0.001">
    <error message="Could not get a resource from the pool; nested exception is org.jredis.ClientRuntimeException: null reference:{connection on setConnection()} in method JRedisClient.setConnection() [file: JRedisClient.java line:158 - package: org.jredis.ri.alphazero] cause: =&gt; [IllegalArgumentException: null reference:{connection on setConnection()} in method JRedisClient.setConnection() [file: JRedisClient.java line:158 - package: org.jredis.ri.alphazero]]" type="org.springframework.data.redis.connection.PoolException">org.springframework.data.redis.connection.PoolException: Could not get a resource from the pool; nested exception is org.jredis.ClientRuntimeException: null reference:{connection on setConnection()} in method JRedisClient.setConnection() [file: JRedisClient.java line:158 - package: org.jredis.ri.alphazero] cause: => [IllegalArgumentException: null reference:{connection on setConnection()} in method JRedisClient.setConnection() [file: JRedisClient.java line:158 - package: org.jredis.ri.alphazero]]
Caused by: org.jredis.ClientRuntimeException: null reference:{connection on setConnection()} in method JRedisClient.setConnection() [file: JRedisClient.java line:158 - package: org.jredis.ri.alphazero] cause: => [IllegalArgumentException: null reference:{connection on setConnection()} in method JRedisClient.setConnection() [file: JRedisClient.java line:158 - package: org.jredis.ri.alphazero]]
Caused by: java.lang.IllegalArgumentException: null reference:{connection on setConnection()} in method JRedisClient.setConnection() [file: JRedisClient.java line:158 - package: org.jredis.ri.alphazero]
</error>
    <system-err><![CDATA[01475611470198 Tue Oct 04 17:04:30 BRT 2016 JRedis[tid:1] <INFORMAÇÕES>: WARNING: heartbeat is disabled.
01475611470198 Tue Oct 04 17:04:30 BRT 2016 JRedis[tid:1] <ADVERTÊNCIA>: PROBLEM: Shutting down due to connection FAULT: Socket connect failed [cause: java.net.ConnectException: Conexão recusada] -- make sure the server is running at localhost:6379 - Connection: SYNCHRONOUS  localhost/127.0.0.1:6379 db:0 | SyncConnection@349259569
01475611470198 Tue Oct 04 17:04:30 BRT 2016 JRedis[tid:1] <GRAVE>: Error creating connection -> Socket connect failed [cause: java.net.ConnectException: Conexão recusada] -- make sure the server is running at localhost:6379
01475611470199 Tue Oct 04 17:04:30 BRT 2016 JRedis[tid:1] <INFORMAÇÕES>: WARNING: heartbeat is disabled.
01475611470199 Tue Oct 04 17:04:30 BRT 2016 JRedis[tid:1] <ADVERTÊNCIA>: PROBLEM: Shutting down due to connection FAULT: Socket connect failed [cause: java.net.ConnectException: Conexão recusada] -- make sure the server is running at localhost:6379 - Connection: SYNCHRONOUS  localhost/127.0.0.1:6379 db:0 | SyncConnection@785306763
01475611470199 Tue Oct 04 17:04:30 BRT 2016 JRedis[tid:1] <GRAVE>: Error creating connection -> Socket connect failed [cause: java.net.ConnectException: Conexão recusada] -- make sure the server is running at localhost:6379
]]></system-err>
  </testcase>
  <testcase name="addAllIndexCollectionTail[8]" classname="org.springframework.data.redis.support.collections.RedisListTests" time="0.001">
    <error message="Could not get a resource from the pool; nested exception is org.jredis.ClientRuntimeException: null reference:{connection on setConnection()} in method JRedisClient.setConnection() [file: JRedisClient.java line:158 - package: org.jredis.ri.alphazero] cause: =&gt; [IllegalArgumentException: null reference:{connection on setConnection()} in method JRedisClient.setConnection() [file: JRedisClient.java line:158 - package: org.jredis.ri.alphazero]]" type="org.springframework.data.redis.connection.PoolException">org.springframework.data.redis.connection.PoolException: Could not get a resource from the pool; nested exception is org.jredis.ClientRuntimeException: null reference:{connection on setConnection()} in method JRedisClient.setConnection() [file: JRedisClient.java line:158 - package: org.jredis.ri.alphazero] cause: => [IllegalArgumentException: null reference:{connection on setConnection()} in method JRedisClient.setConnection() [file: JRedisClient.java line:158 - package: org.jredis.ri.alphazero]]
Caused by: org.jredis.ClientRuntimeException: null reference:{connection on setConnection()} in method JRedisClient.setConnection() [file: JRedisClient.java line:158 - package: org.jredis.ri.alphazero] cause: => [IllegalArgumentException: null reference:{connection on setConnection()} in method JRedisClient.setConnection() [file: JRedisClient.java line:158 - package: org.jredis.ri.alphazero]]
Caused by: java.lang.IllegalArgumentException: null reference:{connection on setConnection()} in method JRedisClient.setConnection() [file: JRedisClient.java line:158 - package: org.jredis.ri.alphazero]
</error>
  </testcase>
  <testcase name="addAllIndexCollectionMiddle[8]" classname="org.springframework.data.redis.support.collections.RedisListTests" time="0.001">
    <error message="Unexpected exception, expected&lt;java.lang.IllegalArgumentException&gt; but was&lt;org.springframework.data.redis.connection.PoolException&gt;" type="java.lang.Exception"><![CDATA[java.lang.Exception: Unexpected exception, expected<java.lang.IllegalArgumentException> but was<org.springframework.data.redis.connection.PoolException>
Caused by: org.springframework.data.redis.connection.PoolException: Could not get a resource from the pool; nested exception is org.jredis.ClientRuntimeException: null reference:{connection on setConnection()} in method JRedisClient.setConnection() [file: JRedisClient.java line:158 - package: org.jredis.ri.alphazero] cause: => [IllegalArgumentException: null reference:{connection on setConnection()} in method JRedisClient.setConnection() [file: JRedisClient.java line:158 - package: org.jredis.ri.alphazero]]
Caused by: org.jredis.ClientRuntimeException: null reference:{connection on setConnection()} in method JRedisClient.setConnection() [file: JRedisClient.java line:158 - package: org.jredis.ri.alphazero] cause: => [IllegalArgumentException: null reference:{connection on setConnection()} in method JRedisClient.setConnection() [file: JRedisClient.java line:158 - package: org.jredis.ri.alphazero]]
Caused by: java.lang.IllegalArgumentException: null reference:{connection on setConnection()} in method JRedisClient.setConnection() [file: JRedisClient.java line:158 - package: org.jredis.ri.alphazero]
]]></error>
    <system-err><![CDATA[01475611470200 Tue Oct 04 17:04:30 BRT 2016 JRedis[tid:1] <INFORMAÇÕES>: WARNING: heartbeat is disabled.
01475611470200 Tue Oct 04 17:04:30 BRT 2016 JRedis[tid:1] <ADVERTÊNCIA>: PROBLEM: Shutting down due to connection FAULT: Socket connect failed [cause: java.net.ConnectException: Conexão recusada] -- make sure the server is running at localhost:6379 - Connection: SYNCHRONOUS  localhost/127.0.0.1:6379 db:0 | SyncConnection@1204088028
01475611470200 Tue Oct 04 17:04:30 BRT 2016 JRedis[tid:1] <GRAVE>: Error creating connection -> Socket connect failed [cause: java.net.ConnectException: Conexão recusada] -- make sure the server is running at localhost:6379
01475611470200 Tue Oct 04 17:04:30 BRT 2016 JRedis[tid:1] <INFORMAÇÕES>: WARNING: heartbeat is disabled.
01475611470201 Tue Oct 04 17:04:30 BRT 2016 JRedis[tid:1] <ADVERTÊNCIA>: PROBLEM: Shutting down due to connection FAULT: Socket connect failed [cause: java.net.ConnectException: Conexão recusada] -- make sure the server is running at localhost:6379 - Connection: SYNCHRONOUS  localhost/127.0.0.1:6379 db:0 | SyncConnection@1123236701
01475611470201 Tue Oct 04 17:04:30 BRT 2016 JRedis[tid:1] <GRAVE>: Error creating connection -> Socket connect failed [cause: java.net.ConnectException: Conexão recusada] -- make sure the server is running at localhost:6379
]]></system-err>
  </testcase>
  <testcase name="addAllIndexCollectionMiddle[8]" classname="org.springframework.data.redis.support.collections.RedisListTests" time="0.001">
    <error message="Could not get a resource from the pool; nested exception is org.jredis.ClientRuntimeException: null reference:{connection on setConnection()} in method JRedisClient.setConnection() [file: JRedisClient.java line:158 - package: org.jredis.ri.alphazero] cause: =&gt; [IllegalArgumentException: null reference:{connection on setConnection()} in method JRedisClient.setConnection() [file: JRedisClient.java line:158 - package: org.jredis.ri.alphazero]]" type="org.springframework.data.redis.connection.PoolException">org.springframework.data.redis.connection.PoolException: Could not get a resource from the pool; nested exception is org.jredis.ClientRuntimeException: null reference:{connection on setConnection()} in method JRedisClient.setConnection() [file: JRedisClient.java line:158 - package: org.jredis.ri.alphazero] cause: => [IllegalArgumentException: null reference:{connection on setConnection()} in method JRedisClient.setConnection() [file: JRedisClient.java line:158 - package: org.jredis.ri.alphazero]]
Caused by: org.jredis.ClientRuntimeException: null reference:{connection on setConnection()} in method JRedisClient.setConnection() [file: JRedisClient.java line:158 - package: org.jredis.ri.alphazero] cause: => [IllegalArgumentException: null reference:{connection on setConnection()} in method JRedisClient.setConnection() [file: JRedisClient.java line:158 - package: org.jredis.ri.alphazero]]
Caused by: java.lang.IllegalArgumentException: null reference:{connection on setConnection()} in method JRedisClient.setConnection() [file: JRedisClient.java line:158 - package: org.jredis.ri.alphazero]
</error>
  </testcase>
  <testcase name="testPollLast[8]" classname="org.springframework.data.redis.support.collections.RedisListTests" time="0.002">
    <error message="Could not get a resource from the pool; nested exception is org.jredis.ClientRuntimeException: null reference:{connection on setConnection()} in method JRedisClient.setConnection() [file: JRedisClient.java line:158 - package: org.jredis.ri.alphazero] cause: =&gt; [IllegalArgumentException: null reference:{connection on setConnection()} in method JRedisClient.setConnection() [file: JRedisClient.java line:158 - package: org.jredis.ri.alphazero]]" type="org.springframework.data.redis.connection.PoolException">org.springframework.data.redis.connection.PoolException: Could not get a resource from the pool; nested exception is org.jredis.ClientRuntimeException: null reference:{connection on setConnection()} in method JRedisClient.setConnection() [file: JRedisClient.java line:158 - package: org.jredis.ri.alphazero] cause: => [IllegalArgumentException: null reference:{connection on setConnection()} in method JRedisClient.setConnection() [file: JRedisClient.java line:158 - package: org.jredis.ri.alphazero]]
Caused by: org.jredis.ClientRuntimeException: null reference:{connection on setConnection()} in method JRedisClient.setConnection() [file: JRedisClient.java line:158 - package: org.jredis.ri.alphazero] cause: => [IllegalArgumentException: null reference:{connection on setConnection()} in method JRedisClient.setConnection() [file: JRedisClient.java line:158 - package: org.jredis.ri.alphazero]]
Caused by: java.lang.IllegalArgumentException: null reference:{connection on setConnection()} in method JRedisClient.setConnection() [file: JRedisClient.java line:158 - package: org.jredis.ri.alphazero]
</error>
    <system-err><![CDATA[01475611470202 Tue Oct 04 17:04:30 BRT 2016 JRedis[tid:1] <INFORMAÇÕES>: WARNING: heartbeat is disabled.
01475611470202 Tue Oct 04 17:04:30 BRT 2016 JRedis[tid:1] <ADVERTÊNCIA>: PROBLEM: Shutting down due to connection FAULT: Socket connect failed [cause: java.net.ConnectException: Conexão recusada] -- make sure the server is running at localhost:6379 - Connection: SYNCHRONOUS  localhost/127.0.0.1:6379 db:0 | SyncConnection@1552221437
01475611470202 Tue Oct 04 17:04:30 BRT 2016 JRedis[tid:1] <GRAVE>: Error creating connection -> Socket connect failed [cause: java.net.ConnectException: Conexão recusada] -- make sure the server is running at localhost:6379
01475611470202 Tue Oct 04 17:04:30 BRT 2016 JRedis[tid:1] <INFORMAÇÕES>: WARNING: heartbeat is disabled.
01475611470203 Tue Oct 04 17:04:30 BRT 2016 JRedis[tid:1] <ADVERTÊNCIA>: PROBLEM: Shutting down due to connection FAULT: Socket connect failed [cause: java.net.ConnectException: Conexão recusada] -- make sure the server is running at localhost:6379 - Connection: SYNCHRONOUS  localhost/127.0.0.1:6379 db:0 | SyncConnection@79161706
01475611470203 Tue Oct 04 17:04:30 BRT 2016 JRedis[tid:1] <GRAVE>: Error creating connection -> Socket connect failed [cause: java.net.ConnectException: Conexão recusada] -- make sure the server is running at localhost:6379
]]></system-err>
  </testcase>
  <testcase name="testPollLast[8]" classname="org.springframework.data.redis.support.collections.RedisListTests" time="0.002">
    <error message="Could not get a resource from the pool; nested exception is org.jredis.ClientRuntimeException: null reference:{connection on setConnection()} in method JRedisClient.setConnection() [file: JRedisClient.java line:158 - package: org.jredis.ri.alphazero] cause: =&gt; [IllegalArgumentException: null reference:{connection on setConnection()} in method JRedisClient.setConnection() [file: JRedisClient.java line:158 - package: org.jredis.ri.alphazero]]" type="org.springframework.data.redis.connection.PoolException">org.springframework.data.redis.connection.PoolException: Could not get a resource from the pool; nested exception is org.jredis.ClientRuntimeException: null reference:{connection on setConnection()} in method JRedisClient.setConnection() [file: JRedisClient.java line:158 - package: org.jredis.ri.alphazero] cause: => [IllegalArgumentException: null reference:{connection on setConnection()} in method JRedisClient.setConnection() [file: JRedisClient.java line:158 - package: org.jredis.ri.alphazero]]
Caused by: org.jredis.ClientRuntimeException: null reference:{connection on setConnection()} in method JRedisClient.setConnection() [file: JRedisClient.java line:158 - package: org.jredis.ri.alphazero] cause: => [IllegalArgumentException: null reference:{connection on setConnection()} in method JRedisClient.setConnection() [file: JRedisClient.java line:158 - package: org.jredis.ri.alphazero]]
Caused by: java.lang.IllegalArgumentException: null reference:{connection on setConnection()} in method JRedisClient.setConnection() [file: JRedisClient.java line:158 - package: org.jredis.ri.alphazero]
</error>
  </testcase>
  <testcase name="testIndexOfObject[8]" classname="org.springframework.data.redis.support.collections.RedisListTests" time="0.001">
    <error message="Could not get a resource from the pool; nested exception is org.jredis.ClientRuntimeException: null reference:{connection on setConnection()} in method JRedisClient.setConnection() [file: JRedisClient.java line:158 - package: org.jredis.ri.alphazero] cause: =&gt; [IllegalArgumentException: null reference:{connection on setConnection()} in method JRedisClient.setConnection() [file: JRedisClient.java line:158 - package: org.jredis.ri.alphazero]]" type="org.springframework.data.redis.connection.PoolException">org.springframework.data.redis.connection.PoolException: Could not get a resource from the pool; nested exception is org.jredis.ClientRuntimeException: null reference:{connection on setConnection()} in method JRedisClient.setConnection() [file: JRedisClient.java line:158 - package: org.jredis.ri.alphazero] cause: => [IllegalArgumentException: null reference:{connection on setConnection()} in method JRedisClient.setConnection() [file: JRedisClient.java line:158 - package: org.jredis.ri.alphazero]]
Caused by: org.jredis.ClientRuntimeException: null reference:{connection on setConnection()} in method JRedisClient.setConnection() [file: JRedisClient.java line:158 - package: org.jredis.ri.alphazero] cause: => [IllegalArgumentException: null reference:{connection on setConnection()} in method JRedisClient.setConnection() [file: JRedisClient.java line:158 - package: org.jredis.ri.alphazero]]
Caused by: java.lang.IllegalArgumentException: null reference:{connection on setConnection()} in method JRedisClient.setConnection() [file: JRedisClient.java line:158 - package: org.jredis.ri.alphazero]
</error>
    <system-err><![CDATA[01475611470203 Tue Oct 04 17:04:30 BRT 2016 JRedis[tid:1] <INFORMAÇÕES>: WARNING: heartbeat is disabled.
01475611470204 Tue Oct 04 17:04:30 BRT 2016 JRedis[tid:1] <ADVERTÊNCIA>: PROBLEM: Shutting down due to connection FAULT: Socket connect failed [cause: java.net.ConnectException: Conexão recusada] -- make sure the server is running at localhost:6379 - Connection: SYNCHRONOUS  localhost/127.0.0.1:6379 db:0 | SyncConnection@1685407532
01475611470204 Tue Oct 04 17:04:30 BRT 2016 JRedis[tid:1] <GRAVE>: Error creating connection -> Socket connect failed [cause: java.net.ConnectException: Conexão recusada] -- make sure the server is running at localhost:6379
]]></system-err>
  </testcase>
  <testcase name="testPollTimeout[8]" classname="org.springframework.data.redis.support.collections.RedisListTests" time="0.001">
    <error message="got: &lt;false&gt;, expected: is &lt;true&gt;" type="org.junit.AssumptionViolatedException"><![CDATA[org.junit.AssumptionViolatedException: got: <false>, expected: is <true>
]]></error>
    <system-err><![CDATA[01475611470204 Tue Oct 04 17:04:30 BRT 2016 JRedis[tid:1] <INFORMAÇÕES>: WARNING: heartbeat is disabled.
01475611470204 Tue Oct 04 17:04:30 BRT 2016 JRedis[tid:1] <ADVERTÊNCIA>: PROBLEM: Shutting down due to connection FAULT: Socket connect failed [cause: java.net.ConnectException: Conexão recusada] -- make sure the server is running at localhost:6379 - Connection: SYNCHRONOUS  localhost/127.0.0.1:6379 db:0 | SyncConnection@1057468716
01475611470205 Tue Oct 04 17:04:30 BRT 2016 JRedis[tid:1] <GRAVE>: Error creating connection -> Socket connect failed [cause: java.net.ConnectException: Conexão recusada] -- make sure the server is running at localhost:6379
]]></system-err>
  </testcase>
  <testcase name="testPollTimeout[8]" classname="org.springframework.data.redis.support.collections.RedisListTests" time="0.001">
    <error message="Could not get a resource from the pool; nested exception is org.jredis.ClientRuntimeException: null reference:{connection on setConnection()} in method JRedisClient.setConnection() [file: JRedisClient.java line:158 - package: org.jredis.ri.alphazero] cause: =&gt; [IllegalArgumentException: null reference:{connection on setConnection()} in method JRedisClient.setConnection() [file: JRedisClient.java line:158 - package: org.jredis.ri.alphazero]]" type="org.springframework.data.redis.connection.PoolException">org.springframework.data.redis.connection.PoolException: Could not get a resource from the pool; nested exception is org.jredis.ClientRuntimeException: null reference:{connection on setConnection()} in method JRedisClient.setConnection() [file: JRedisClient.java line:158 - package: org.jredis.ri.alphazero] cause: => [IllegalArgumentException: null reference:{connection on setConnection()} in method JRedisClient.setConnection() [file: JRedisClient.java line:158 - package: org.jredis.ri.alphazero]]
Caused by: org.jredis.ClientRuntimeException: null reference:{connection on setConnection()} in method JRedisClient.setConnection() [file: JRedisClient.java line:158 - package: org.jredis.ri.alphazero] cause: => [IllegalArgumentException: null reference:{connection on setConnection()} in method JRedisClient.setConnection() [file: JRedisClient.java line:158 - package: org.jredis.ri.alphazero]]
Caused by: java.lang.IllegalArgumentException: null reference:{connection on setConnection()} in method JRedisClient.setConnection() [file: JRedisClient.java line:158 - package: org.jredis.ri.alphazero]
</error>
  </testcase>
  <testcase name="testRemove[8]" classname="org.springframework.data.redis.support.collections.RedisListTests" time="0.002">
    <error message="Could not get a resource from the pool; nested exception is org.jredis.ClientRuntimeException: null reference:{connection on setConnection()} in method JRedisClient.setConnection() [file: JRedisClient.java line:158 - package: org.jredis.ri.alphazero] cause: =&gt; [IllegalArgumentException: null reference:{connection on setConnection()} in method JRedisClient.setConnection() [file: JRedisClient.java line:158 - package: org.jredis.ri.alphazero]]" type="org.springframework.data.redis.connection.PoolException">org.springframework.data.redis.connection.PoolException: Could not get a resource from the pool; nested exception is org.jredis.ClientRuntimeException: null reference:{connection on setConnection()} in method JRedisClient.setConnection() [file: JRedisClient.java line:158 - package: org.jredis.ri.alphazero] cause: => [IllegalArgumentException: null reference:{connection on setConnection()} in method JRedisClient.setConnection() [file: JRedisClient.java line:158 - package: org.jredis.ri.alphazero]]
Caused by: org.jredis.ClientRuntimeException: null reference:{connection on setConnection()} in method JRedisClient.setConnection() [file: JRedisClient.java line:158 - package: org.jredis.ri.alphazero] cause: => [IllegalArgumentException: null reference:{connection on setConnection()} in method JRedisClient.setConnection() [file: JRedisClient.java line:158 - package: org.jredis.ri.alphazero]]
Caused by: java.lang.IllegalArgumentException: null reference:{connection on setConnection()} in method JRedisClient.setConnection() [file: JRedisClient.java line:158 - package: org.jredis.ri.alphazero]
</error>
    <system-err><![CDATA[01475611470205 Tue Oct 04 17:04:30 BRT 2016 JRedis[tid:1] <INFORMAÇÕES>: WARNING: heartbeat is disabled.
01475611470205 Tue Oct 04 17:04:30 BRT 2016 JRedis[tid:1] <ADVERTÊNCIA>: PROBLEM: Shutting down due to connection FAULT: Socket connect failed [cause: java.net.ConnectException: Conexão recusada] -- make sure the server is running at localhost:6379 - Connection: SYNCHRONOUS  localhost/127.0.0.1:6379 db:0 | SyncConnection@1272051933
01475611470205 Tue Oct 04 17:04:30 BRT 2016 JRedis[tid:1] <GRAVE>: Error creating connection -> Socket connect failed [cause: java.net.ConnectException: Conexão recusada] -- make sure the server is running at localhost:6379
01475611470206 Tue Oct 04 17:04:30 BRT 2016 JRedis[tid:1] <INFORMAÇÕES>: WARNING: heartbeat is disabled.
01475611470206 Tue Oct 04 17:04:30 BRT 2016 JRedis[tid:1] <ADVERTÊNCIA>: PROBLEM: Shutting down due to connection FAULT: Socket connect failed [cause: java.net.ConnectException: Conexão recusada] -- make sure the server is running at localhost:6379 - Connection: SYNCHRONOUS  localhost/127.0.0.1:6379 db:0 | SyncConnection@1888924788
01475611470206 Tue Oct 04 17:04:30 BRT 2016 JRedis[tid:1] <GRAVE>: Error creating connection -> Socket connect failed [cause: java.net.ConnectException: Conexão recusada] -- make sure the server is running at localhost:6379
]]></system-err>
  </testcase>
  <testcase name="testRemove[8]" classname="org.springframework.data.redis.support.collections.RedisListTests" time="0.002">
    <error message="Could not get a resource from the pool; nested exception is org.jredis.ClientRuntimeException: null reference:{connection on setConnection()} in method JRedisClient.setConnection() [file: JRedisClient.java line:158 - package: org.jredis.ri.alphazero] cause: =&gt; [IllegalArgumentException: null reference:{connection on setConnection()} in method JRedisClient.setConnection() [file: JRedisClient.java line:158 - package: org.jredis.ri.alphazero]]" type="org.springframework.data.redis.connection.PoolException">org.springframework.data.redis.connection.PoolException: Could not get a resource from the pool; nested exception is org.jredis.ClientRuntimeException: null reference:{connection on setConnection()} in method JRedisClient.setConnection() [file: JRedisClient.java line:158 - package: org.jredis.ri.alphazero] cause: => [IllegalArgumentException: null reference:{connection on setConnection()} in method JRedisClient.setConnection() [file: JRedisClient.java line:158 - package: org.jredis.ri.alphazero]]
Caused by: org.jredis.ClientRuntimeException: null reference:{connection on setConnection()} in method JRedisClient.setConnection() [file: JRedisClient.java line:158 - package: org.jredis.ri.alphazero] cause: => [IllegalArgumentException: null reference:{connection on setConnection()} in method JRedisClient.setConnection() [file: JRedisClient.java line:158 - package: org.jredis.ri.alphazero]]
Caused by: java.lang.IllegalArgumentException: null reference:{connection on setConnection()} in method JRedisClient.setConnection() [file: JRedisClient.java line:158 - package: org.jredis.ri.alphazero]
</error>
  </testcase>
  <testcase name="testCappedCollection[8]" classname="org.springframework.data.redis.support.collections.RedisListTests" time="0.001">
    <error message="Could not get a resource from the pool; nested exception is org.jredis.ClientRuntimeException: null reference:{connection on setConnection()} in method JRedisClient.setConnection() [file: JRedisClient.java line:158 - package: org.jredis.ri.alphazero] cause: =&gt; [IllegalArgumentException: null reference:{connection on setConnection()} in method JRedisClient.setConnection() [file: JRedisClient.java line:158 - package: org.jredis.ri.alphazero]]" type="org.springframework.data.redis.connection.PoolException">org.springframework.data.redis.connection.PoolException: Could not get a resource from the pool; nested exception is org.jredis.ClientRuntimeException: null reference:{connection on setConnection()} in method JRedisClient.setConnection() [file: JRedisClient.java line:158 - package: org.jredis.ri.alphazero] cause: => [IllegalArgumentException: null reference:{connection on setConnection()} in method JRedisClient.setConnection() [file: JRedisClient.java line:158 - package: org.jredis.ri.alphazero]]
Caused by: org.jredis.ClientRuntimeException: null reference:{connection on setConnection()} in method JRedisClient.setConnection() [file: JRedisClient.java line:158 - package: org.jredis.ri.alphazero] cause: => [IllegalArgumentException: null reference:{connection on setConnection()} in method JRedisClient.setConnection() [file: JRedisClient.java line:158 - package: org.jredis.ri.alphazero]]
Caused by: java.lang.IllegalArgumentException: null reference:{connection on setConnection()} in method JRedisClient.setConnection() [file: JRedisClient.java line:158 - package: org.jredis.ri.alphazero]
</error>
    <system-err><![CDATA[01475611470207 Tue Oct 04 17:04:30 BRT 2016 JRedis[tid:1] <INFORMAÇÕES>: WARNING: heartbeat is disabled.
01475611470207 Tue Oct 04 17:04:30 BRT 2016 JRedis[tid:1] <ADVERTÊNCIA>: PROBLEM: Shutting down due to connection FAULT: Socket connect failed [cause: java.net.ConnectException: Conexão recusada] -- make sure the server is running at localhost:6379 - Connection: SYNCHRONOUS  localhost/127.0.0.1:6379 db:0 | SyncConnection@1041547629
01475611470207 Tue Oct 04 17:04:30 BRT 2016 JRedis[tid:1] <GRAVE>: Error creating connection -> Socket connect failed [cause: java.net.ConnectException: Conexão recusada] -- make sure the server is running at localhost:6379
01475611470208 Tue Oct 04 17:04:30 BRT 2016 JRedis[tid:1] <INFORMAÇÕES>: WARNING: heartbeat is disabled.
01475611470208 Tue Oct 04 17:04:30 BRT 2016 JRedis[tid:1] <ADVERTÊNCIA>: PROBLEM: Shutting down due to connection FAULT: Socket connect failed [cause: java.net.ConnectException: Conexão recusada] -- make sure the server is running at localhost:6379 - Connection: SYNCHRONOUS  localhost/127.0.0.1:6379 db:0 | SyncConnection@1016633682
01475611470208 Tue Oct 04 17:04:30 BRT 2016 JRedis[tid:1] <GRAVE>: Error creating connection -> Socket connect failed [cause: java.net.ConnectException: Conexão recusada] -- make sure the server is running at localhost:6379
]]></system-err>
  </testcase>
  <testcase name="testCappedCollection[8]" classname="org.springframework.data.redis.support.collections.RedisListTests" time="0.001">
    <error message="Could not get a resource from the pool; nested exception is org.jredis.ClientRuntimeException: null reference:{connection on setConnection()} in method JRedisClient.setConnection() [file: JRedisClient.java line:158 - package: org.jredis.ri.alphazero] cause: =&gt; [IllegalArgumentException: null reference:{connection on setConnection()} in method JRedisClient.setConnection() [file: JRedisClient.java line:158 - package: org.jredis.ri.alphazero]]" type="org.springframework.data.redis.connection.PoolException">org.springframework.data.redis.connection.PoolException: Could not get a resource from the pool; nested exception is org.jredis.ClientRuntimeException: null reference:{connection on setConnection()} in method JRedisClient.setConnection() [file: JRedisClient.java line:158 - package: org.jredis.ri.alphazero] cause: => [IllegalArgumentException: null reference:{connection on setConnection()} in method JRedisClient.setConnection() [file: JRedisClient.java line:158 - package: org.jredis.ri.alphazero]]
Caused by: org.jredis.ClientRuntimeException: null reference:{connection on setConnection()} in method JRedisClient.setConnection() [file: JRedisClient.java line:158 - package: org.jredis.ri.alphazero] cause: => [IllegalArgumentException: null reference:{connection on setConnection()} in method JRedisClient.setConnection() [file: JRedisClient.java line:158 - package: org.jredis.ri.alphazero]]
Caused by: java.lang.IllegalArgumentException: null reference:{connection on setConnection()} in method JRedisClient.setConnection() [file: JRedisClient.java line:158 - package: org.jredis.ri.alphazero]
</error>
  </testcase>
  <testcase name="testRmoveLastOccurrence[8]" classname="org.springframework.data.redis.support.collections.RedisListTests" time="0.002">
    <error message="Could not get a resource from the pool; nested exception is org.jredis.ClientRuntimeException: null reference:{connection on setConnection()} in method JRedisClient.setConnection() [file: JRedisClient.java line:158 - package: org.jredis.ri.alphazero] cause: =&gt; [IllegalArgumentException: null reference:{connection on setConnection()} in method JRedisClient.setConnection() [file: JRedisClient.java line:158 - package: org.jredis.ri.alphazero]]" type="org.springframework.data.redis.connection.PoolException">org.springframework.data.redis.connection.PoolException: Could not get a resource from the pool; nested exception is org.jredis.ClientRuntimeException: null reference:{connection on setConnection()} in method JRedisClient.setConnection() [file: JRedisClient.java line:158 - package: org.jredis.ri.alphazero] cause: => [IllegalArgumentException: null reference:{connection on setConnection()} in method JRedisClient.setConnection() [file: JRedisClient.java line:158 - package: org.jredis.ri.alphazero]]
Caused by: org.jredis.ClientRuntimeException: null reference:{connection on setConnection()} in method JRedisClient.setConnection() [file: JRedisClient.java line:158 - package: org.jredis.ri.alphazero] cause: => [IllegalArgumentException: null reference:{connection on setConnection()} in method JRedisClient.setConnection() [file: JRedisClient.java line:158 - package: org.jredis.ri.alphazero]]
Caused by: java.lang.IllegalArgumentException: null reference:{connection on setConnection()} in method JRedisClient.setConnection() [file: JRedisClient.java line:158 - package: org.jredis.ri.alphazero]
</error>
    <system-err><![CDATA[01475611470209 Tue Oct 04 17:04:30 BRT 2016 JRedis[tid:1] <INFORMAÇÕES>: WARNING: heartbeat is disabled.
01475611470209 Tue Oct 04 17:04:30 BRT 2016 JRedis[tid:1] <ADVERTÊNCIA>: PROBLEM: Shutting down due to connection FAULT: Socket connect failed [cause: java.net.ConnectException: Conexão recusada] -- make sure the server is running at localhost:6379 - Connection: SYNCHRONOUS  localhost/127.0.0.1:6379 db:0 | SyncConnection@2018220300
01475611470209 Tue Oct 04 17:04:30 BRT 2016 JRedis[tid:1] <GRAVE>: Error creating connection -> Socket connect failed [cause: java.net.ConnectException: Conexão recusada] -- make sure the server is running at localhost:6379
01475611470209 Tue Oct 04 17:04:30 BRT 2016 JRedis[tid:1] <INFORMAÇÕES>: WARNING: heartbeat is disabled.
01475611470209 Tue Oct 04 17:04:30 BRT 2016 JRedis[tid:1] <ADVERTÊNCIA>: PROBLEM: Shutting down due to connection FAULT: Socket connect failed [cause: java.net.ConnectException: Conexão recusada] -- make sure the server is running at localhost:6379 - Connection: SYNCHRONOUS  localhost/127.0.0.1:6379 db:0 | SyncConnection@1027319653
01475611470209 Tue Oct 04 17:04:30 BRT 2016 JRedis[tid:1] <GRAVE>: Error creating connection -> Socket connect failed [cause: java.net.ConnectException: Conexão recusada] -- make sure the server is running at localhost:6379
]]></system-err>
  </testcase>
  <testcase name="testRmoveLastOccurrence[8]" classname="org.springframework.data.redis.support.collections.RedisListTests" time="0.002">
    <error message="Could not get a resource from the pool; nested exception is org.jredis.ClientRuntimeException: null reference:{connection on setConnection()} in method JRedisClient.setConnection() [file: JRedisClient.java line:158 - package: org.jredis.ri.alphazero] cause: =&gt; [IllegalArgumentException: null reference:{connection on setConnection()} in method JRedisClient.setConnection() [file: JRedisClient.java line:158 - package: org.jredis.ri.alphazero]]" type="org.springframework.data.redis.connection.PoolException">org.springframework.data.redis.connection.PoolException: Could not get a resource from the pool; nested exception is org.jredis.ClientRuntimeException: null reference:{connection on setConnection()} in method JRedisClient.setConnection() [file: JRedisClient.java line:158 - package: org.jredis.ri.alphazero] cause: => [IllegalArgumentException: null reference:{connection on setConnection()} in method JRedisClient.setConnection() [file: JRedisClient.java line:158 - package: org.jredis.ri.alphazero]]
Caused by: org.jredis.ClientRuntimeException: null reference:{connection on setConnection()} in method JRedisClient.setConnection() [file: JRedisClient.java line:158 - package: org.jredis.ri.alphazero] cause: => [IllegalArgumentException: null reference:{connection on setConnection()} in method JRedisClient.setConnection() [file: JRedisClient.java line:158 - package: org.jredis.ri.alphazero]]
Caused by: java.lang.IllegalArgumentException: null reference:{connection on setConnection()} in method JRedisClient.setConnection() [file: JRedisClient.java line:158 - package: org.jredis.ri.alphazero]
</error>
  </testcase>
  <testcase name="testTakeFirst[8]" classname="org.springframework.data.redis.support.collections.RedisListTests" time="0.002">
    <error message="Could not get a resource from the pool; nested exception is org.jredis.ClientRuntimeException: null reference:{connection on setConnection()} in method JRedisClient.setConnection() [file: JRedisClient.java line:158 - package: org.jredis.ri.alphazero] cause: =&gt; [IllegalArgumentException: null reference:{connection on setConnection()} in method JRedisClient.setConnection() [file: JRedisClient.java line:158 - package: org.jredis.ri.alphazero]]" type="org.springframework.data.redis.connection.PoolException">org.springframework.data.redis.connection.PoolException: Could not get a resource from the pool; nested exception is org.jredis.ClientRuntimeException: null reference:{connection on setConnection()} in method JRedisClient.setConnection() [file: JRedisClient.java line:158 - package: org.jredis.ri.alphazero] cause: => [IllegalArgumentException: null reference:{connection on setConnection()} in method JRedisClient.setConnection() [file: JRedisClient.java line:158 - package: org.jredis.ri.alphazero]]
Caused by: org.jredis.ClientRuntimeException: null reference:{connection on setConnection()} in method JRedisClient.setConnection() [file: JRedisClient.java line:158 - package: org.jredis.ri.alphazero] cause: => [IllegalArgumentException: null reference:{connection on setConnection()} in method JRedisClient.setConnection() [file: JRedisClient.java line:158 - package: org.jredis.ri.alphazero]]
Caused by: java.lang.IllegalArgumentException: null reference:{connection on setConnection()} in method JRedisClient.setConnection() [file: JRedisClient.java line:158 - package: org.jredis.ri.alphazero]
</error>
    <system-err><![CDATA[01475611470210 Tue Oct 04 17:04:30 BRT 2016 JRedis[tid:1] <INFORMAÇÕES>: WARNING: heartbeat is disabled.
01475611470210 Tue Oct 04 17:04:30 BRT 2016 JRedis[tid:1] <ADVERTÊNCIA>: PROBLEM: Shutting down due to connection FAULT: Socket connect failed [cause: java.net.ConnectException: Conexão recusada] -- make sure the server is running at localhost:6379 - Connection: SYNCHRONOUS  localhost/127.0.0.1:6379 db:0 | SyncConnection@633079302
01475611470211 Tue Oct 04 17:04:30 BRT 2016 JRedis[tid:1] <GRAVE>: Error creating connection -> Socket connect failed [cause: java.net.ConnectException: Conexão recusada] -- make sure the server is running at localhost:6379
01475611470211 Tue Oct 04 17:04:30 BRT 2016 JRedis[tid:1] <INFORMAÇÕES>: WARNING: heartbeat is disabled.
01475611470211 Tue Oct 04 17:04:30 BRT 2016 JRedis[tid:1] <ADVERTÊNCIA>: PROBLEM: Shutting down due to connection FAULT: Socket connect failed [cause: java.net.ConnectException: Conexão recusada] -- make sure the server is running at localhost:6379 - Connection: SYNCHRONOUS  localhost/127.0.0.1:6379 db:0 | SyncConnection@1561745898
01475611470211 Tue Oct 04 17:04:30 BRT 2016 JRedis[tid:1] <GRAVE>: Error creating connection -> Socket connect failed [cause: java.net.ConnectException: Conexão recusada] -- make sure the server is running at localhost:6379
]]></system-err>
  </testcase>
  <testcase name="testTakeFirst[8]" classname="org.springframework.data.redis.support.collections.RedisListTests" time="0.002">
    <error message="Could not get a resource from the pool; nested exception is org.jredis.ClientRuntimeException: null reference:{connection on setConnection()} in method JRedisClient.setConnection() [file: JRedisClient.java line:158 - package: org.jredis.ri.alphazero] cause: =&gt; [IllegalArgumentException: null reference:{connection on setConnection()} in method JRedisClient.setConnection() [file: JRedisClient.java line:158 - package: org.jredis.ri.alphazero]]" type="org.springframework.data.redis.connection.PoolException">org.springframework.data.redis.connection.PoolException: Could not get a resource from the pool; nested exception is org.jredis.ClientRuntimeException: null reference:{connection on setConnection()} in method JRedisClient.setConnection() [file: JRedisClient.java line:158 - package: org.jredis.ri.alphazero] cause: => [IllegalArgumentException: null reference:{connection on setConnection()} in method JRedisClient.setConnection() [file: JRedisClient.java line:158 - package: org.jredis.ri.alphazero]]
Caused by: org.jredis.ClientRuntimeException: null reference:{connection on setConnection()} in method JRedisClient.setConnection() [file: JRedisClient.java line:158 - package: org.jredis.ri.alphazero] cause: => [IllegalArgumentException: null reference:{connection on setConnection()} in method JRedisClient.setConnection() [file: JRedisClient.java line:158 - package: org.jredis.ri.alphazero]]
Caused by: java.lang.IllegalArgumentException: null reference:{connection on setConnection()} in method JRedisClient.setConnection() [file: JRedisClient.java line:158 - package: org.jredis.ri.alphazero]
</error>
  </testcase>
  <testcase name="testContainsObject[8]" classname="org.springframework.data.redis.support.collections.RedisListTests" time="0.001">
    <error message="Could not get a resource from the pool; nested exception is org.jredis.ClientRuntimeException: null reference:{connection on setConnection()} in method JRedisClient.setConnection() [file: JRedisClient.java line:158 - package: org.jredis.ri.alphazero] cause: =&gt; [IllegalArgumentException: null reference:{connection on setConnection()} in method JRedisClient.setConnection() [file: JRedisClient.java line:158 - package: org.jredis.ri.alphazero]]" type="org.springframework.data.redis.connection.PoolException">org.springframework.data.redis.connection.PoolException: Could not get a resource from the pool; nested exception is org.jredis.ClientRuntimeException: null reference:{connection on setConnection()} in method JRedisClient.setConnection() [file: JRedisClient.java line:158 - package: org.jredis.ri.alphazero] cause: => [IllegalArgumentException: null reference:{connection on setConnection()} in method JRedisClient.setConnection() [file: JRedisClient.java line:158 - package: org.jredis.ri.alphazero]]
Caused by: org.jredis.ClientRuntimeException: null reference:{connection on setConnection()} in method JRedisClient.setConnection() [file: JRedisClient.java line:158 - package: org.jredis.ri.alphazero] cause: => [IllegalArgumentException: null reference:{connection on setConnection()} in method JRedisClient.setConnection() [file: JRedisClient.java line:158 - package: org.jredis.ri.alphazero]]
Caused by: java.lang.IllegalArgumentException: null reference:{connection on setConnection()} in method JRedisClient.setConnection() [file: JRedisClient.java line:158 - package: org.jredis.ri.alphazero]
</error>
    <system-err><![CDATA[01475611470212 Tue Oct 04 17:04:30 BRT 2016 JRedis[tid:1] <INFORMAÇÕES>: WARNING: heartbeat is disabled.
01475611470212 Tue Oct 04 17:04:30 BRT 2016 JRedis[tid:1] <ADVERTÊNCIA>: PROBLEM: Shutting down due to connection FAULT: Socket connect failed [cause: java.net.ConnectException: Conexão recusada] -- make sure the server is running at localhost:6379 - Connection: SYNCHRONOUS  localhost/127.0.0.1:6379 db:0 | SyncConnection@2033268925
01475611470212 Tue Oct 04 17:04:30 BRT 2016 JRedis[tid:1] <GRAVE>: Error creating connection -> Socket connect failed [cause: java.net.ConnectException: Conexão recusada] -- make sure the server is running at localhost:6379
01475611470212 Tue Oct 04 17:04:30 BRT 2016 JRedis[tid:1] <INFORMAÇÕES>: WARNING: heartbeat is disabled.
01475611470213 Tue Oct 04 17:04:30 BRT 2016 JRedis[tid:1] <ADVERTÊNCIA>: PROBLEM: Shutting down due to connection FAULT: Socket connect failed [cause: java.net.ConnectException: Conexão recusada] -- make sure the server is running at localhost:6379 - Connection: SYNCHRONOUS  localhost/127.0.0.1:6379 db:0 | SyncConnection@424786033
01475611470213 Tue Oct 04 17:04:30 BRT 2016 JRedis[tid:1] <GRAVE>: Error creating connection -> Socket connect failed [cause: java.net.ConnectException: Conexão recusada] -- make sure the server is running at localhost:6379
]]></system-err>
  </testcase>
  <testcase name="testContainsObject[8]" classname="org.springframework.data.redis.support.collections.RedisListTests" time="0.001">
    <error message="Could not get a resource from the pool; nested exception is org.jredis.ClientRuntimeException: null reference:{connection on setConnection()} in method JRedisClient.setConnection() [file: JRedisClient.java line:158 - package: org.jredis.ri.alphazero] cause: =&gt; [IllegalArgumentException: null reference:{connection on setConnection()} in method JRedisClient.setConnection() [file: JRedisClient.java line:158 - package: org.jredis.ri.alphazero]]" type="org.springframework.data.redis.connection.PoolException">org.springframework.data.redis.connection.PoolException: Could not get a resource from the pool; nested exception is org.jredis.ClientRuntimeException: null reference:{connection on setConnection()} in method JRedisClient.setConnection() [file: JRedisClient.java line:158 - package: org.jredis.ri.alphazero] cause: => [IllegalArgumentException: null reference:{connection on setConnection()} in method JRedisClient.setConnection() [file: JRedisClient.java line:158 - package: org.jredis.ri.alphazero]]
Caused by: org.jredis.ClientRuntimeException: null reference:{connection on setConnection()} in method JRedisClient.setConnection() [file: JRedisClient.java line:158 - package: org.jredis.ri.alphazero] cause: => [IllegalArgumentException: null reference:{connection on setConnection()} in method JRedisClient.setConnection() [file: JRedisClient.java line:158 - package: org.jredis.ri.alphazero]]
Caused by: java.lang.IllegalArgumentException: null reference:{connection on setConnection()} in method JRedisClient.setConnection() [file: JRedisClient.java line:158 - package: org.jredis.ri.alphazero]
</error>
  </testcase>
  <testcase name="testToArray[8]" classname="org.springframework.data.redis.support.collections.RedisListTests" time="0.002">
    <error message="Could not get a resource from the pool; nested exception is org.jredis.ClientRuntimeException: null reference:{connection on setConnection()} in method JRedisClient.setConnection() [file: JRedisClient.java line:158 - package: org.jredis.ri.alphazero] cause: =&gt; [IllegalArgumentException: null reference:{connection on setConnection()} in method JRedisClient.setConnection() [file: JRedisClient.java line:158 - package: org.jredis.ri.alphazero]]" type="org.springframework.data.redis.connection.PoolException">org.springframework.data.redis.connection.PoolException: Could not get a resource from the pool; nested exception is org.jredis.ClientRuntimeException: null reference:{connection on setConnection()} in method JRedisClient.setConnection() [file: JRedisClient.java line:158 - package: org.jredis.ri.alphazero] cause: => [IllegalArgumentException: null reference:{connection on setConnection()} in method JRedisClient.setConnection() [file: JRedisClient.java line:158 - package: org.jredis.ri.alphazero]]
Caused by: org.jredis.ClientRuntimeException: null reference:{connection on setConnection()} in method JRedisClient.setConnection() [file: JRedisClient.java line:158 - package: org.jredis.ri.alphazero] cause: => [IllegalArgumentException: null reference:{connection on setConnection()} in method JRedisClient.setConnection() [file: JRedisClient.java line:158 - package: org.jredis.ri.alphazero]]
Caused by: java.lang.IllegalArgumentException: null reference:{connection on setConnection()} in method JRedisClient.setConnection() [file: JRedisClient.java line:158 - package: org.jredis.ri.alphazero]
</error>
    <system-err><![CDATA[01475611470214 Tue Oct 04 17:04:30 BRT 2016 JRedis[tid:1] <INFORMAÇÕES>: WARNING: heartbeat is disabled.
01475611470214 Tue Oct 04 17:04:30 BRT 2016 JRedis[tid:1] <ADVERTÊNCIA>: PROBLEM: Shutting down due to connection FAULT: Socket connect failed [cause: java.net.ConnectException: Conexão recusada] -- make sure the server is running at localhost:6379 - Connection: SYNCHRONOUS  localhost/127.0.0.1:6379 db:0 | SyncConnection@1545077099
01475611470214 Tue Oct 04 17:04:30 BRT 2016 JRedis[tid:1] <GRAVE>: Error creating connection -> Socket connect failed [cause: java.net.ConnectException: Conexão recusada] -- make sure the server is running at localhost:6379
01475611470214 Tue Oct 04 17:04:30 BRT 2016 JRedis[tid:1] <INFORMAÇÕES>: WARNING: heartbeat is disabled.
01475611470214 Tue Oct 04 17:04:30 BRT 2016 JRedis[tid:1] <ADVERTÊNCIA>: PROBLEM: Shutting down due to connection FAULT: Socket connect failed [cause: java.net.ConnectException: Conexão recusada] -- make sure the server is running at localhost:6379 - Connection: SYNCHRONOUS  localhost/127.0.0.1:6379 db:0 | SyncConnection@867093003
01475611470215 Tue Oct 04 17:04:30 BRT 2016 JRedis[tid:1] <GRAVE>: Error creating connection -> Socket connect failed [cause: java.net.ConnectException: Conexão recusada] -- make sure the server is running at localhost:6379
]]></system-err>
  </testcase>
  <testcase name="testToArray[8]" classname="org.springframework.data.redis.support.collections.RedisListTests" time="0.002">
    <error message="Could not get a resource from the pool; nested exception is org.jredis.ClientRuntimeException: null reference:{connection on setConnection()} in method JRedisClient.setConnection() [file: JRedisClient.java line:158 - package: org.jredis.ri.alphazero] cause: =&gt; [IllegalArgumentException: null reference:{connection on setConnection()} in method JRedisClient.setConnection() [file: JRedisClient.java line:158 - package: org.jredis.ri.alphazero]]" type="org.springframework.data.redis.connection.PoolException">org.springframework.data.redis.connection.PoolException: Could not get a resource from the pool; nested exception is org.jredis.ClientRuntimeException: null reference:{connection on setConnection()} in method JRedisClient.setConnection() [file: JRedisClient.java line:158 - package: org.jredis.ri.alphazero] cause: => [IllegalArgumentException: null reference:{connection on setConnection()} in method JRedisClient.setConnection() [file: JRedisClient.java line:158 - package: org.jredis.ri.alphazero]]
Caused by: org.jredis.ClientRuntimeException: null reference:{connection on setConnection()} in method JRedisClient.setConnection() [file: JRedisClient.java line:158 - package: org.jredis.ri.alphazero] cause: => [IllegalArgumentException: null reference:{connection on setConnection()} in method JRedisClient.setConnection() [file: JRedisClient.java line:158 - package: org.jredis.ri.alphazero]]
Caused by: java.lang.IllegalArgumentException: null reference:{connection on setConnection()} in method JRedisClient.setConnection() [file: JRedisClient.java line:158 - package: org.jredis.ri.alphazero]
</error>
  </testcase>
  <testcase name="testAdd[8]" classname="org.springframework.data.redis.support.collections.RedisListTests" time="0.002">
    <error message="Could not get a resource from the pool; nested exception is org.jredis.ClientRuntimeException: null reference:{connection on setConnection()} in method JRedisClient.setConnection() [file: JRedisClient.java line:158 - package: org.jredis.ri.alphazero] cause: =&gt; [IllegalArgumentException: null reference:{connection on setConnection()} in method JRedisClient.setConnection() [file: JRedisClient.java line:158 - package: org.jredis.ri.alphazero]]" type="org.springframework.data.redis.connection.PoolException">org.springframework.data.redis.connection.PoolException: Could not get a resource from the pool; nested exception is org.jredis.ClientRuntimeException: null reference:{connection on setConnection()} in method JRedisClient.setConnection() [file: JRedisClient.java line:158 - package: org.jredis.ri.alphazero] cause: => [IllegalArgumentException: null reference:{connection on setConnection()} in method JRedisClient.setConnection() [file: JRedisClient.java line:158 - package: org.jredis.ri.alphazero]]
Caused by: org.jredis.ClientRuntimeException: null reference:{connection on setConnection()} in method JRedisClient.setConnection() [file: JRedisClient.java line:158 - package: org.jredis.ri.alphazero] cause: => [IllegalArgumentException: null reference:{connection on setConnection()} in method JRedisClient.setConnection() [file: JRedisClient.java line:158 - package: org.jredis.ri.alphazero]]
Caused by: java.lang.IllegalArgumentException: null reference:{connection on setConnection()} in method JRedisClient.setConnection() [file: JRedisClient.java line:158 - package: org.jredis.ri.alphazero]
</error>
    <system-err><![CDATA[01475611470215 Tue Oct 04 17:04:30 BRT 2016 JRedis[tid:1] <INFORMAÇÕES>: WARNING: heartbeat is disabled.
01475611470216 Tue Oct 04 17:04:30 BRT 2016 JRedis[tid:1] <ADVERTÊNCIA>: PROBLEM: Shutting down due to connection FAULT: Socket connect failed [cause: java.net.ConnectException: Conexão recusada] -- make sure the server is running at localhost:6379 - Connection: SYNCHRONOUS  localhost/127.0.0.1:6379 db:0 | SyncConnection@1135278099
01475611470216 Tue Oct 04 17:04:30 BRT 2016 JRedis[tid:1] <GRAVE>: Error creating connection -> Socket connect failed [cause: java.net.ConnectException: Conexão recusada] -- make sure the server is running at localhost:6379
01475611470216 Tue Oct 04 17:04:30 BRT 2016 JRedis[tid:1] <INFORMAÇÕES>: WARNING: heartbeat is disabled.
01475611470216 Tue Oct 04 17:04:30 BRT 2016 JRedis[tid:1] <ADVERTÊNCIA>: PROBLEM: Shutting down due to connection FAULT: Socket connect failed [cause: java.net.ConnectException: Conexão recusada] -- make sure the server is running at localhost:6379 - Connection: SYNCHRONOUS  localhost/127.0.0.1:6379 db:0 | SyncConnection@1470911015
01475611470216 Tue Oct 04 17:04:30 BRT 2016 JRedis[tid:1] <GRAVE>: Error creating connection -> Socket connect failed [cause: java.net.ConnectException: Conexão recusada] -- make sure the server is running at localhost:6379
]]></system-err>
  </testcase>
  <testcase name="testAdd[8]" classname="org.springframework.data.redis.support.collections.RedisListTests" time="0.002">
    <error message="Could not get a resource from the pool; nested exception is org.jredis.ClientRuntimeException: null reference:{connection on setConnection()} in method JRedisClient.setConnection() [file: JRedisClient.java line:158 - package: org.jredis.ri.alphazero] cause: =&gt; [IllegalArgumentException: null reference:{connection on setConnection()} in method JRedisClient.setConnection() [file: JRedisClient.java line:158 - package: org.jredis.ri.alphazero]]" type="org.springframework.data.redis.connection.PoolException">org.springframework.data.redis.connection.PoolException: Could not get a resource from the pool; nested exception is org.jredis.ClientRuntimeException: null reference:{connection on setConnection()} in method JRedisClient.setConnection() [file: JRedisClient.java line:158 - package: org.jredis.ri.alphazero] cause: => [IllegalArgumentException: null reference:{connection on setConnection()} in method JRedisClient.setConnection() [file: JRedisClient.java line:158 - package: org.jredis.ri.alphazero]]
Caused by: org.jredis.ClientRuntimeException: null reference:{connection on setConnection()} in method JRedisClient.setConnection() [file: JRedisClient.java line:158 - package: org.jredis.ri.alphazero] cause: => [IllegalArgumentException: null reference:{connection on setConnection()} in method JRedisClient.setConnection() [file: JRedisClient.java line:158 - package: org.jredis.ri.alphazero]]
Caused by: java.lang.IllegalArgumentException: null reference:{connection on setConnection()} in method JRedisClient.setConnection() [file: JRedisClient.java line:158 - package: org.jredis.ri.alphazero]
</error>
  </testcase>
  <testcase name="testClear[8]" classname="org.springframework.data.redis.support.collections.RedisListTests" time="0.039">
    <error message="Could not get a resource from the pool; nested exception is org.jredis.ClientRuntimeException: null reference:{connection on setConnection()} in method JRedisClient.setConnection() [file: JRedisClient.java line:158 - package: org.jredis.ri.alphazero] cause: =&gt; [IllegalArgumentException: null reference:{connection on setConnection()} in method JRedisClient.setConnection() [file: JRedisClient.java line:158 - package: org.jredis.ri.alphazero]]" type="org.springframework.data.redis.connection.PoolException">org.springframework.data.redis.connection.PoolException: Could not get a resource from the pool; nested exception is org.jredis.ClientRuntimeException: null reference:{connection on setConnection()} in method JRedisClient.setConnection() [file: JRedisClient.java line:158 - package: org.jredis.ri.alphazero] cause: => [IllegalArgumentException: null reference:{connection on setConnection()} in method JRedisClient.setConnection() [file: JRedisClient.java line:158 - package: org.jredis.ri.alphazero]]
Caused by: org.jredis.ClientRuntimeException: null reference:{connection on setConnection()} in method JRedisClient.setConnection() [file: JRedisClient.java line:158 - package: org.jredis.ri.alphazero] cause: => [IllegalArgumentException: null reference:{connection on setConnection()} in method JRedisClient.setConnection() [file: JRedisClient.java line:158 - package: org.jredis.ri.alphazero]]
Caused by: java.lang.IllegalArgumentException: null reference:{connection on setConnection()} in method JRedisClient.setConnection() [file: JRedisClient.java line:158 - package: org.jredis.ri.alphazero]
</error>
    <system-err><![CDATA[01475611470217 Tue Oct 04 17:04:30 BRT 2016 JRedis[tid:1] <INFORMAÇÕES>: WARNING: heartbeat is disabled.
01475611470217 Tue Oct 04 17:04:30 BRT 2016 JRedis[tid:1] <ADVERTÊNCIA>: PROBLEM: Shutting down due to connection FAULT: Socket connect failed [cause: java.net.ConnectException: Conexão recusada] -- make sure the server is running at localhost:6379 - Connection: SYNCHRONOUS  localhost/127.0.0.1:6379 db:0 | SyncConnection@1268974304
01475611470217 Tue Oct 04 17:04:30 BRT 2016 JRedis[tid:1] <GRAVE>: Error creating connection -> Socket connect failed [cause: java.net.ConnectException: Conexão recusada] -- make sure the server is running at localhost:6379
01475611470218 Tue Oct 04 17:04:30 BRT 2016 JRedis[tid:1] <INFORMAÇÕES>: WARNING: heartbeat is disabled.
01475611470218 Tue Oct 04 17:04:30 BRT 2016 JRedis[tid:1] <ADVERTÊNCIA>: PROBLEM: Shutting down due to connection FAULT: Socket connect failed [cause: java.net.ConnectException: Conexão recusada] -- make sure the server is running at localhost:6379 - Connection: SYNCHRONOUS  localhost/127.0.0.1:6379 db:0 | SyncConnection@244872973
01475611470218 Tue Oct 04 17:04:30 BRT 2016 JRedis[tid:1] <GRAVE>: Error creating connection -> Socket connect failed [cause: java.net.ConnectException: Conexão recusada] -- make sure the server is running at localhost:6379
]]></system-err>
  </testcase>
  <testcase name="testClear[8]" classname="org.springframework.data.redis.support.collections.RedisListTests" time="0.039">
    <error message="Could not get a resource from the pool; nested exception is org.jredis.ClientRuntimeException: null reference:{connection on setConnection()} in method JRedisClient.setConnection() [file: JRedisClient.java line:158 - package: org.jredis.ri.alphazero] cause: =&gt; [IllegalArgumentException: null reference:{connection on setConnection()} in method JRedisClient.setConnection() [file: JRedisClient.java line:158 - package: org.jredis.ri.alphazero]]" type="org.springframework.data.redis.connection.PoolException">org.springframework.data.redis.connection.PoolException: Could not get a resource from the pool; nested exception is org.jredis.ClientRuntimeException: null reference:{connection on setConnection()} in method JRedisClient.setConnection() [file: JRedisClient.java line:158 - package: org.jredis.ri.alphazero] cause: => [IllegalArgumentException: null reference:{connection on setConnection()} in method JRedisClient.setConnection() [file: JRedisClient.java line:158 - package: org.jredis.ri.alphazero]]
Caused by: org.jredis.ClientRuntimeException: null reference:{connection on setConnection()} in method JRedisClient.setConnection() [file: JRedisClient.java line:158 - package: org.jredis.ri.alphazero] cause: => [IllegalArgumentException: null reference:{connection on setConnection()} in method JRedisClient.setConnection() [file: JRedisClient.java line:158 - package: org.jredis.ri.alphazero]]
Caused by: java.lang.IllegalArgumentException: null reference:{connection on setConnection()} in method JRedisClient.setConnection() [file: JRedisClient.java line:158 - package: org.jredis.ri.alphazero]
</error>
  </testcase>
  <testcase name="testSize[8]" classname="org.springframework.data.redis.support.collections.RedisListTests" time="0">
    <error message="Could not get a resource from the pool; nested exception is org.jredis.ClientRuntimeException: null reference:{connection on setConnection()} in method JRedisClient.setConnection() [file: JRedisClient.java line:158 - package: org.jredis.ri.alphazero] cause: =&gt; [IllegalArgumentException: null reference:{connection on setConnection()} in method JRedisClient.setConnection() [file: JRedisClient.java line:158 - package: org.jredis.ri.alphazero]]" type="org.springframework.data.redis.connection.PoolException">org.springframework.data.redis.connection.PoolException: Could not get a resource from the pool; nested exception is org.jredis.ClientRuntimeException: null reference:{connection on setConnection()} in method JRedisClient.setConnection() [file: JRedisClient.java line:158 - package: org.jredis.ri.alphazero] cause: => [IllegalArgumentException: null reference:{connection on setConnection()} in method JRedisClient.setConnection() [file: JRedisClient.java line:158 - package: org.jredis.ri.alphazero]]
Caused by: org.jredis.ClientRuntimeException: null reference:{connection on setConnection()} in method JRedisClient.setConnection() [file: JRedisClient.java line:158 - package: org.jredis.ri.alphazero] cause: => [IllegalArgumentException: null reference:{connection on setConnection()} in method JRedisClient.setConnection() [file: JRedisClient.java line:158 - package: org.jredis.ri.alphazero]]
Caused by: java.lang.IllegalArgumentException: null reference:{connection on setConnection()} in method JRedisClient.setConnection() [file: JRedisClient.java line:158 - package: org.jredis.ri.alphazero]
</error>
    <system-err><![CDATA[01475611470219 Tue Oct 04 17:04:30 BRT 2016 JRedis[tid:1] <INFORMAÇÕES>: WARNING: heartbeat is disabled.
01475611470219 Tue Oct 04 17:04:30 BRT 2016 JRedis[tid:1] <ADVERTÊNCIA>: PROBLEM: Shutting down due to connection FAULT: Socket connect failed [cause: java.net.ConnectException: Conexão recusada] -- make sure the server is running at localhost:6379 - Connection: SYNCHRONOUS  localhost/127.0.0.1:6379 db:0 | SyncConnection@451312813
01475611470219 Tue Oct 04 17:04:30 BRT 2016 JRedis[tid:1] <GRAVE>: Error creating connection -> Socket connect failed [cause: java.net.ConnectException: Conexão recusada] -- make sure the server is running at localhost:6379
01475611470219 Tue Oct 04 17:04:30 BRT 2016 JRedis[tid:1] <INFORMAÇÕES>: WARNING: heartbeat is disabled.
01475611470219 Tue Oct 04 17:04:30 BRT 2016 JRedis[tid:1] <ADVERTÊNCIA>: PROBLEM: Shutting down due to connection FAULT: Socket connect failed [cause: java.net.ConnectException: Conexão recusada] -- make sure the server is running at localhost:6379 - Connection: SYNCHRONOUS  localhost/127.0.0.1:6379 db:0 | SyncConnection@795748540
01475611470220 Tue Oct 04 17:04:30 BRT 2016 JRedis[tid:1] <GRAVE>: Error creating connection -> Socket connect failed [cause: java.net.ConnectException: Conexão recusada] -- make sure the server is running at localhost:6379
]]></system-err>
  </testcase>
  <testcase name="testSize[8]" classname="org.springframework.data.redis.support.collections.RedisListTests" time="0">
    <error message="Could not get a resource from the pool; nested exception is org.jredis.ClientRuntimeException: null reference:{connection on setConnection()} in method JRedisClient.setConnection() [file: JRedisClient.java line:158 - package: org.jredis.ri.alphazero] cause: =&gt; [IllegalArgumentException: null reference:{connection on setConnection()} in method JRedisClient.setConnection() [file: JRedisClient.java line:158 - package: org.jredis.ri.alphazero]]" type="org.springframework.data.redis.connection.PoolException">org.springframework.data.redis.connection.PoolException: Could not get a resource from the pool; nested exception is org.jredis.ClientRuntimeException: null reference:{connection on setConnection()} in method JRedisClient.setConnection() [file: JRedisClient.java line:158 - package: org.jredis.ri.alphazero] cause: => [IllegalArgumentException: null reference:{connection on setConnection()} in method JRedisClient.setConnection() [file: JRedisClient.java line:158 - package: org.jredis.ri.alphazero]]
Caused by: org.jredis.ClientRuntimeException: null reference:{connection on setConnection()} in method JRedisClient.setConnection() [file: JRedisClient.java line:158 - package: org.jredis.ri.alphazero] cause: => [IllegalArgumentException: null reference:{connection on setConnection()} in method JRedisClient.setConnection() [file: JRedisClient.java line:158 - package: org.jredis.ri.alphazero]]
Caused by: java.lang.IllegalArgumentException: null reference:{connection on setConnection()} in method JRedisClient.setConnection() [file: JRedisClient.java line:158 - package: org.jredis.ri.alphazero]
</error>
  </testcase>
  <testcase name="testToString[8]" classname="org.springframework.data.redis.support.collections.RedisListTests" time="0">
    <error message="Could not get a resource from the pool; nested exception is org.jredis.ClientRuntimeException: null reference:{connection on setConnection()} in method JRedisClient.setConnection() [file: JRedisClient.java line:158 - package: org.jredis.ri.alphazero] cause: =&gt; [IllegalArgumentException: null reference:{connection on setConnection()} in method JRedisClient.setConnection() [file: JRedisClient.java line:158 - package: org.jredis.ri.alphazero]]" type="org.springframework.data.redis.connection.PoolException">org.springframework.data.redis.connection.PoolException: Could not get a resource from the pool; nested exception is org.jredis.ClientRuntimeException: null reference:{connection on setConnection()} in method JRedisClient.setConnection() [file: JRedisClient.java line:158 - package: org.jredis.ri.alphazero] cause: => [IllegalArgumentException: null reference:{connection on setConnection()} in method JRedisClient.setConnection() [file: JRedisClient.java line:158 - package: org.jredis.ri.alphazero]]
Caused by: org.jredis.ClientRuntimeException: null reference:{connection on setConnection()} in method JRedisClient.setConnection() [file: JRedisClient.java line:158 - package: org.jredis.ri.alphazero] cause: => [IllegalArgumentException: null reference:{connection on setConnection()} in method JRedisClient.setConnection() [file: JRedisClient.java line:158 - package: org.jredis.ri.alphazero]]
Caused by: java.lang.IllegalArgumentException: null reference:{connection on setConnection()} in method JRedisClient.setConnection() [file: JRedisClient.java line:158 - package: org.jredis.ri.alphazero]
</error>
    <system-err><![CDATA[01475611470220 Tue Oct 04 17:04:30 BRT 2016 JRedis[tid:1] <INFORMAÇÕES>: WARNING: heartbeat is disabled.
01475611470220 Tue Oct 04 17:04:30 BRT 2016 JRedis[tid:1] <ADVERTÊNCIA>: PROBLEM: Shutting down due to connection FAULT: Socket connect failed [cause: java.net.ConnectException: Conexão recusada] -- make sure the server is running at localhost:6379 - Connection: SYNCHRONOUS  localhost/127.0.0.1:6379 db:0 | SyncConnection@2081000371
01475611470221 Tue Oct 04 17:04:30 BRT 2016 JRedis[tid:1] <GRAVE>: Error creating connection -> Socket connect failed [cause: java.net.ConnectException: Conexão recusada] -- make sure the server is running at localhost:6379
01475611470221 Tue Oct 04 17:04:30 BRT 2016 JRedis[tid:1] <INFORMAÇÕES>: WARNING: heartbeat is disabled.
01475611470221 Tue Oct 04 17:04:30 BRT 2016 JRedis[tid:1] <ADVERTÊNCIA>: PROBLEM: Shutting down due to connection FAULT: Socket connect failed [cause: java.net.ConnectException: Conexão recusada] -- make sure the server is running at localhost:6379 - Connection: SYNCHRONOUS  localhost/127.0.0.1:6379 db:0 | SyncConnection@837073696
01475611470221 Tue Oct 04 17:04:30 BRT 2016 JRedis[tid:1] <GRAVE>: Error creating connection -> Socket connect failed [cause: java.net.ConnectException: Conexão recusada] -- make sure the server is running at localhost:6379
]]></system-err>
  </testcase>
  <testcase name="testToString[8]" classname="org.springframework.data.redis.support.collections.RedisListTests" time="0">
    <error message="Could not get a resource from the pool; nested exception is org.jredis.ClientRuntimeException: null reference:{connection on setConnection()} in method JRedisClient.setConnection() [file: JRedisClient.java line:158 - package: org.jredis.ri.alphazero] cause: =&gt; [IllegalArgumentException: null reference:{connection on setConnection()} in method JRedisClient.setConnection() [file: JRedisClient.java line:158 - package: org.jredis.ri.alphazero]]" type="org.springframework.data.redis.connection.PoolException">org.springframework.data.redis.connection.PoolException: Could not get a resource from the pool; nested exception is org.jredis.ClientRuntimeException: null reference:{connection on setConnection()} in method JRedisClient.setConnection() [file: JRedisClient.java line:158 - package: org.jredis.ri.alphazero] cause: => [IllegalArgumentException: null reference:{connection on setConnection()} in method JRedisClient.setConnection() [file: JRedisClient.java line:158 - package: org.jredis.ri.alphazero]]
Caused by: org.jredis.ClientRuntimeException: null reference:{connection on setConnection()} in method JRedisClient.setConnection() [file: JRedisClient.java line:158 - package: org.jredis.ri.alphazero] cause: => [IllegalArgumentException: null reference:{connection on setConnection()} in method JRedisClient.setConnection() [file: JRedisClient.java line:158 - package: org.jredis.ri.alphazero]]
Caused by: java.lang.IllegalArgumentException: null reference:{connection on setConnection()} in method JRedisClient.setConnection() [file: JRedisClient.java line:158 - package: org.jredis.ri.alphazero]
</error>
  </testcase>
  <testcase name="testContainsAll[8]" classname="org.springframework.data.redis.support.collections.RedisListTests" time="0">
    <error message="Could not get a resource from the pool; nested exception is org.jredis.ClientRuntimeException: null reference:{connection on setConnection()} in method JRedisClient.setConnection() [file: JRedisClient.java line:158 - package: org.jredis.ri.alphazero] cause: =&gt; [IllegalArgumentException: null reference:{connection on setConnection()} in method JRedisClient.setConnection() [file: JRedisClient.java line:158 - package: org.jredis.ri.alphazero]]" type="org.springframework.data.redis.connection.PoolException">org.springframework.data.redis.connection.PoolException: Could not get a resource from the pool; nested exception is org.jredis.ClientRuntimeException: null reference:{connection on setConnection()} in method JRedisClient.setConnection() [file: JRedisClient.java line:158 - package: org.jredis.ri.alphazero] cause: => [IllegalArgumentException: null reference:{connection on setConnection()} in method JRedisClient.setConnection() [file: JRedisClient.java line:158 - package: org.jredis.ri.alphazero]]
Caused by: org.jredis.ClientRuntimeException: null reference:{connection on setConnection()} in method JRedisClient.setConnection() [file: JRedisClient.java line:158 - package: org.jredis.ri.alphazero] cause: => [IllegalArgumentException: null reference:{connection on setConnection()} in method JRedisClient.setConnection() [file: JRedisClient.java line:158 - package: org.jredis.ri.alphazero]]
Caused by: java.lang.IllegalArgumentException: null reference:{connection on setConnection()} in method JRedisClient.setConnection() [file: JRedisClient.java line:158 - package: org.jredis.ri.alphazero]
</error>
    <system-err><![CDATA[01475611470222 Tue Oct 04 17:04:30 BRT 2016 JRedis[tid:1] <INFORMAÇÕES>: WARNING: heartbeat is disabled.
01475611470222 Tue Oct 04 17:04:30 BRT 2016 JRedis[tid:1] <ADVERTÊNCIA>: PROBLEM: Shutting down due to connection FAULT: Socket connect failed [cause: java.net.ConnectException: Conexão recusada] -- make sure the server is running at localhost:6379 - Connection: SYNCHRONOUS  localhost/127.0.0.1:6379 db:0 | SyncConnection@416201381
01475611470222 Tue Oct 04 17:04:30 BRT 2016 JRedis[tid:1] <GRAVE>: Error creating connection -> Socket connect failed [cause: java.net.ConnectException: Conexão recusada] -- make sure the server is running at localhost:6379
01475611470223 Tue Oct 04 17:04:30 BRT 2016 JRedis[tid:1] <INFORMAÇÕES>: WARNING: heartbeat is disabled.
01475611470223 Tue Oct 04 17:04:30 BRT 2016 JRedis[tid:1] <ADVERTÊNCIA>: PROBLEM: Shutting down due to connection FAULT: Socket connect failed [cause: java.net.ConnectException: Conexão recusada] -- make sure the server is running at localhost:6379 - Connection: SYNCHRONOUS  localhost/127.0.0.1:6379 db:0 | SyncConnection@1178290888
01475611470223 Tue Oct 04 17:04:30 BRT 2016 JRedis[tid:1] <GRAVE>: Error creating connection -> Socket connect failed [cause: java.net.ConnectException: Conexão recusada] -- make sure the server is running at localhost:6379
]]></system-err>
  </testcase>
  <testcase name="testContainsAll[8]" classname="org.springframework.data.redis.support.collections.RedisListTests" time="0">
    <error message="Could not get a resource from the pool; nested exception is org.jredis.ClientRuntimeException: null reference:{connection on setConnection()} in method JRedisClient.setConnection() [file: JRedisClient.java line:158 - package: org.jredis.ri.alphazero] cause: =&gt; [IllegalArgumentException: null reference:{connection on setConnection()} in method JRedisClient.setConnection() [file: JRedisClient.java line:158 - package: org.jredis.ri.alphazero]]" type="org.springframework.data.redis.connection.PoolException">org.springframework.data.redis.connection.PoolException: Could not get a resource from the pool; nested exception is org.jredis.ClientRuntimeException: null reference:{connection on setConnection()} in method JRedisClient.setConnection() [file: JRedisClient.java line:158 - package: org.jredis.ri.alphazero] cause: => [IllegalArgumentException: null reference:{connection on setConnection()} in method JRedisClient.setConnection() [file: JRedisClient.java line:158 - package: org.jredis.ri.alphazero]]
Caused by: org.jredis.ClientRuntimeException: null reference:{connection on setConnection()} in method JRedisClient.setConnection() [file: JRedisClient.java line:158 - package: org.jredis.ri.alphazero] cause: => [IllegalArgumentException: null reference:{connection on setConnection()} in method JRedisClient.setConnection() [file: JRedisClient.java line:158 - package: org.jredis.ri.alphazero]]
Caused by: java.lang.IllegalArgumentException: null reference:{connection on setConnection()} in method JRedisClient.setConnection() [file: JRedisClient.java line:158 - package: org.jredis.ri.alphazero]
</error>
  </testcase>
  <testcase name="testRemoveObject[8]" classname="org.springframework.data.redis.support.collections.RedisListTests" time="0">
    <error message="Could not get a resource from the pool; nested exception is org.jredis.ClientRuntimeException: null reference:{connection on setConnection()} in method JRedisClient.setConnection() [file: JRedisClient.java line:158 - package: org.jredis.ri.alphazero] cause: =&gt; [IllegalArgumentException: null reference:{connection on setConnection()} in method JRedisClient.setConnection() [file: JRedisClient.java line:158 - package: org.jredis.ri.alphazero]]" type="org.springframework.data.redis.connection.PoolException">org.springframework.data.redis.connection.PoolException: Could not get a resource from the pool; nested exception is org.jredis.ClientRuntimeException: null reference:{connection on setConnection()} in method JRedisClient.setConnection() [file: JRedisClient.java line:158 - package: org.jredis.ri.alphazero] cause: => [IllegalArgumentException: null reference:{connection on setConnection()} in method JRedisClient.setConnection() [file: JRedisClient.java line:158 - package: org.jredis.ri.alphazero]]
Caused by: org.jredis.ClientRuntimeException: null reference:{connection on setConnection()} in method JRedisClient.setConnection() [file: JRedisClient.java line:158 - package: org.jredis.ri.alphazero] cause: => [IllegalArgumentException: null reference:{connection on setConnection()} in method JRedisClient.setConnection() [file: JRedisClient.java line:158 - package: org.jredis.ri.alphazero]]
Caused by: java.lang.IllegalArgumentException: null reference:{connection on setConnection()} in method JRedisClient.setConnection() [file: JRedisClient.java line:158 - package: org.jredis.ri.alphazero]
</error>
    <system-err><![CDATA[01475611470224 Tue Oct 04 17:04:30 BRT 2016 JRedis[tid:1] <INFORMAÇÕES>: WARNING: heartbeat is disabled.
01475611470224 Tue Oct 04 17:04:30 BRT 2016 JRedis[tid:1] <ADVERTÊNCIA>: PROBLEM: Shutting down due to connection FAULT: Socket connect failed [cause: java.net.ConnectException: Conexão recusada] -- make sure the server is running at localhost:6379 - Connection: SYNCHRONOUS  localhost/127.0.0.1:6379 db:0 | SyncConnection@1985938863
01475611470224 Tue Oct 04 17:04:30 BRT 2016 JRedis[tid:1] <GRAVE>: Error creating connection -> Socket connect failed [cause: java.net.ConnectException: Conexão recusada] -- make sure the server is running at localhost:6379
01475611470224 Tue Oct 04 17:04:30 BRT 2016 JRedis[tid:1] <INFORMAÇÕES>: WARNING: heartbeat is disabled.
01475611470225 Tue Oct 04 17:04:30 BRT 2016 JRedis[tid:1] <ADVERTÊNCIA>: PROBLEM: Shutting down due to connection FAULT: Socket connect failed [cause: java.net.ConnectException: Conexão recusada] -- make sure the server is running at localhost:6379 - Connection: SYNCHRONOUS  localhost/127.0.0.1:6379 db:0 | SyncConnection@1660325375
01475611470225 Tue Oct 04 17:04:30 BRT 2016 JRedis[tid:1] <GRAVE>: Error creating connection -> Socket connect failed [cause: java.net.ConnectException: Conexão recusada] -- make sure the server is running at localhost:6379
]]></system-err>
  </testcase>
  <testcase name="testRemoveObject[8]" classname="org.springframework.data.redis.support.collections.RedisListTests" time="0">
    <error message="Could not get a resource from the pool; nested exception is org.jredis.ClientRuntimeException: null reference:{connection on setConnection()} in method JRedisClient.setConnection() [file: JRedisClient.java line:158 - package: org.jredis.ri.alphazero] cause: =&gt; [IllegalArgumentException: null reference:{connection on setConnection()} in method JRedisClient.setConnection() [file: JRedisClient.java line:158 - package: org.jredis.ri.alphazero]]" type="org.springframework.data.redis.connection.PoolException">org.springframework.data.redis.connection.PoolException: Could not get a resource from the pool; nested exception is org.jredis.ClientRuntimeException: null reference:{connection on setConnection()} in method JRedisClient.setConnection() [file: JRedisClient.java line:158 - package: org.jredis.ri.alphazero] cause: => [IllegalArgumentException: null reference:{connection on setConnection()} in method JRedisClient.setConnection() [file: JRedisClient.java line:158 - package: org.jredis.ri.alphazero]]
Caused by: org.jredis.ClientRuntimeException: null reference:{connection on setConnection()} in method JRedisClient.setConnection() [file: JRedisClient.java line:158 - package: org.jredis.ri.alphazero] cause: => [IllegalArgumentException: null reference:{connection on setConnection()} in method JRedisClient.setConnection() [file: JRedisClient.java line:158 - package: org.jredis.ri.alphazero]]
Caused by: java.lang.IllegalArgumentException: null reference:{connection on setConnection()} in method JRedisClient.setConnection() [file: JRedisClient.java line:158 - package: org.jredis.ri.alphazero]
</error>
  </testcase>
  <testcase name="testHashCode[8]" classname="org.springframework.data.redis.support.collections.RedisListTests" time="0">
    <error message="Could not get a resource from the pool; nested exception is org.jredis.ClientRuntimeException: null reference:{connection on setConnection()} in method JRedisClient.setConnection() [file: JRedisClient.java line:158 - package: org.jredis.ri.alphazero] cause: =&gt; [IllegalArgumentException: null reference:{connection on setConnection()} in method JRedisClient.setConnection() [file: JRedisClient.java line:158 - package: org.jredis.ri.alphazero]]" type="org.springframework.data.redis.connection.PoolException">org.springframework.data.redis.connection.PoolException: Could not get a resource from the pool; nested exception is org.jredis.ClientRuntimeException: null reference:{connection on setConnection()} in method JRedisClient.setConnection() [file: JRedisClient.java line:158 - package: org.jredis.ri.alphazero] cause: => [IllegalArgumentException: null reference:{connection on setConnection()} in method JRedisClient.setConnection() [file: JRedisClient.java line:158 - package: org.jredis.ri.alphazero]]
Caused by: org.jredis.ClientRuntimeException: null reference:{connection on setConnection()} in method JRedisClient.setConnection() [file: JRedisClient.java line:158 - package: org.jredis.ri.alphazero] cause: => [IllegalArgumentException: null reference:{connection on setConnection()} in method JRedisClient.setConnection() [file: JRedisClient.java line:158 - package: org.jredis.ri.alphazero]]
Caused by: java.lang.IllegalArgumentException: null reference:{connection on setConnection()} in method JRedisClient.setConnection() [file: JRedisClient.java line:158 - package: org.jredis.ri.alphazero]
</error>
    <system-err><![CDATA[01475611470225 Tue Oct 04 17:04:30 BRT 2016 JRedis[tid:1] <INFORMAÇÕES>: WARNING: heartbeat is disabled.
01475611470226 Tue Oct 04 17:04:30 BRT 2016 JRedis[tid:1] <ADVERTÊNCIA>: PROBLEM: Shutting down due to connection FAULT: Socket connect failed [cause: java.net.ConnectException: Conexão recusada] -- make sure the server is running at localhost:6379 - Connection: SYNCHRONOUS  localhost/127.0.0.1:6379 db:0 | SyncConnection@251664534
01475611470226 Tue Oct 04 17:04:30 BRT 2016 JRedis[tid:1] <GRAVE>: Error creating connection -> Socket connect failed [cause: java.net.ConnectException: Conexão recusada] -- make sure the server is running at localhost:6379
]]></system-err>
  </testcase>
  <testcase name="testAddAll[8]" classname="org.springframework.data.redis.support.collections.RedisListTests" time="0">
    <error message="Could not get a resource from the pool; nested exception is org.jredis.ClientRuntimeException: null reference:{connection on setConnection()} in method JRedisClient.setConnection() [file: JRedisClient.java line:158 - package: org.jredis.ri.alphazero] cause: =&gt; [IllegalArgumentException: null reference:{connection on setConnection()} in method JRedisClient.setConnection() [file: JRedisClient.java line:158 - package: org.jredis.ri.alphazero]]" type="org.springframework.data.redis.connection.PoolException">org.springframework.data.redis.connection.PoolException: Could not get a resource from the pool; nested exception is org.jredis.ClientRuntimeException: null reference:{connection on setConnection()} in method JRedisClient.setConnection() [file: JRedisClient.java line:158 - package: org.jredis.ri.alphazero] cause: => [IllegalArgumentException: null reference:{connection on setConnection()} in method JRedisClient.setConnection() [file: JRedisClient.java line:158 - package: org.jredis.ri.alphazero]]
Caused by: org.jredis.ClientRuntimeException: null reference:{connection on setConnection()} in method JRedisClient.setConnection() [file: JRedisClient.java line:158 - package: org.jredis.ri.alphazero] cause: => [IllegalArgumentException: null reference:{connection on setConnection()} in method JRedisClient.setConnection() [file: JRedisClient.java line:158 - package: org.jredis.ri.alphazero]]
Caused by: java.lang.IllegalArgumentException: null reference:{connection on setConnection()} in method JRedisClient.setConnection() [file: JRedisClient.java line:158 - package: org.jredis.ri.alphazero]
</error>
    <system-err><![CDATA[01475611470227 Tue Oct 04 17:04:30 BRT 2016 JRedis[tid:1] <INFORMAÇÕES>: WARNING: heartbeat is disabled.
01475611470227 Tue Oct 04 17:04:30 BRT 2016 JRedis[tid:1] <ADVERTÊNCIA>: PROBLEM: Shutting down due to connection FAULT: Socket connect failed [cause: java.net.ConnectException: Conexão recusada] -- make sure the server is running at localhost:6379 - Connection: SYNCHRONOUS  localhost/127.0.0.1:6379 db:0 | SyncConnection@334593716
01475611470227 Tue Oct 04 17:04:30 BRT 2016 JRedis[tid:1] <GRAVE>: Error creating connection -> Socket connect failed [cause: java.net.ConnectException: Conexão recusada] -- make sure the server is running at localhost:6379
01475611470228 Tue Oct 04 17:04:30 BRT 2016 JRedis[tid:1] <INFORMAÇÕES>: WARNING: heartbeat is disabled.
01475611470228 Tue Oct 04 17:04:30 BRT 2016 JRedis[tid:1] <ADVERTÊNCIA>: PROBLEM: Shutting down due to connection FAULT: Socket connect failed [cause: java.net.ConnectException: Conexão recusada] -- make sure the server is running at localhost:6379 - Connection: SYNCHRONOUS  localhost/127.0.0.1:6379 db:0 | SyncConnection@487416600
01475611470228 Tue Oct 04 17:04:30 BRT 2016 JRedis[tid:1] <GRAVE>: Error creating connection -> Socket connect failed [cause: java.net.ConnectException: Conexão recusada] -- make sure the server is running at localhost:6379
]]></system-err>
  </testcase>
  <testcase name="testAddAll[8]" classname="org.springframework.data.redis.support.collections.RedisListTests" time="0">
    <error message="Could not get a resource from the pool; nested exception is org.jredis.ClientRuntimeException: null reference:{connection on setConnection()} in method JRedisClient.setConnection() [file: JRedisClient.java line:158 - package: org.jredis.ri.alphazero] cause: =&gt; [IllegalArgumentException: null reference:{connection on setConnection()} in method JRedisClient.setConnection() [file: JRedisClient.java line:158 - package: org.jredis.ri.alphazero]]" type="org.springframework.data.redis.connection.PoolException">org.springframework.data.redis.connection.PoolException: Could not get a resource from the pool; nested exception is org.jredis.ClientRuntimeException: null reference:{connection on setConnection()} in method JRedisClient.setConnection() [file: JRedisClient.java line:158 - package: org.jredis.ri.alphazero] cause: => [IllegalArgumentException: null reference:{connection on setConnection()} in method JRedisClient.setConnection() [file: JRedisClient.java line:158 - package: org.jredis.ri.alphazero]]
Caused by: org.jredis.ClientRuntimeException: null reference:{connection on setConnection()} in method JRedisClient.setConnection() [file: JRedisClient.java line:158 - package: org.jredis.ri.alphazero] cause: => [IllegalArgumentException: null reference:{connection on setConnection()} in method JRedisClient.setConnection() [file: JRedisClient.java line:158 - package: org.jredis.ri.alphazero]]
Caused by: java.lang.IllegalArgumentException: null reference:{connection on setConnection()} in method JRedisClient.setConnection() [file: JRedisClient.java line:158 - package: org.jredis.ri.alphazero]
</error>
  </testcase>
  <testcase name="removeAll[8]" classname="org.springframework.data.redis.support.collections.RedisListTests" time="0.001">
    <error message="Could not get a resource from the pool; nested exception is org.jredis.ClientRuntimeException: null reference:{connection on setConnection()} in method JRedisClient.setConnection() [file: JRedisClient.java line:158 - package: org.jredis.ri.alphazero] cause: =&gt; [IllegalArgumentException: null reference:{connection on setConnection()} in method JRedisClient.setConnection() [file: JRedisClient.java line:158 - package: org.jredis.ri.alphazero]]" type="org.springframework.data.redis.connection.PoolException">org.springframework.data.redis.connection.PoolException: Could not get a resource from the pool; nested exception is org.jredis.ClientRuntimeException: null reference:{connection on setConnection()} in method JRedisClient.setConnection() [file: JRedisClient.java line:158 - package: org.jredis.ri.alphazero] cause: => [IllegalArgumentException: null reference:{connection on setConnection()} in method JRedisClient.setConnection() [file: JRedisClient.java line:158 - package: org.jredis.ri.alphazero]]
Caused by: org.jredis.ClientRuntimeException: null reference:{connection on setConnection()} in method JRedisClient.setConnection() [file: JRedisClient.java line:158 - package: org.jredis.ri.alphazero] cause: => [IllegalArgumentException: null reference:{connection on setConnection()} in method JRedisClient.setConnection() [file: JRedisClient.java line:158 - package: org.jredis.ri.alphazero]]
Caused by: java.lang.IllegalArgumentException: null reference:{connection on setConnection()} in method JRedisClient.setConnection() [file: JRedisClient.java line:158 - package: org.jredis.ri.alphazero]
</error>
    <system-err><![CDATA[01475611470229 Tue Oct 04 17:04:30 BRT 2016 JRedis[tid:1] <INFORMAÇÕES>: WARNING: heartbeat is disabled.
01475611470229 Tue Oct 04 17:04:30 BRT 2016 JRedis[tid:1] <ADVERTÊNCIA>: PROBLEM: Shutting down due to connection FAULT: Socket connect failed [cause: java.net.ConnectException: Conexão recusada] -- make sure the server is running at localhost:6379 - Connection: SYNCHRONOUS  localhost/127.0.0.1:6379 db:0 | SyncConnection@1271041075
01475611470229 Tue Oct 04 17:04:30 BRT 2016 JRedis[tid:1] <GRAVE>: Error creating connection -> Socket connect failed [cause: java.net.ConnectException: Conexão recusada] -- make sure the server is running at localhost:6379
01475611470229 Tue Oct 04 17:04:30 BRT 2016 JRedis[tid:1] <INFORMAÇÕES>: WARNING: heartbeat is disabled.
01475611470230 Tue Oct 04 17:04:30 BRT 2016 JRedis[tid:1] <ADVERTÊNCIA>: PROBLEM: Shutting down due to connection FAULT: Socket connect failed [cause: java.net.ConnectException: Conexão recusada] -- make sure the server is running at localhost:6379 - Connection: SYNCHRONOUS  localhost/127.0.0.1:6379 db:0 | SyncConnection@1141500277
01475611470230 Tue Oct 04 17:04:30 BRT 2016 JRedis[tid:1] <GRAVE>: Error creating connection -> Socket connect failed [cause: java.net.ConnectException: Conexão recusada] -- make sure the server is running at localhost:6379
]]></system-err>
  </testcase>
  <testcase name="removeAll[8]" classname="org.springframework.data.redis.support.collections.RedisListTests" time="0.001">
    <error message="Could not get a resource from the pool; nested exception is org.jredis.ClientRuntimeException: null reference:{connection on setConnection()} in method JRedisClient.setConnection() [file: JRedisClient.java line:158 - package: org.jredis.ri.alphazero] cause: =&gt; [IllegalArgumentException: null reference:{connection on setConnection()} in method JRedisClient.setConnection() [file: JRedisClient.java line:158 - package: org.jredis.ri.alphazero]]" type="org.springframework.data.redis.connection.PoolException">org.springframework.data.redis.connection.PoolException: Could not get a resource from the pool; nested exception is org.jredis.ClientRuntimeException: null reference:{connection on setConnection()} in method JRedisClient.setConnection() [file: JRedisClient.java line:158 - package: org.jredis.ri.alphazero] cause: => [IllegalArgumentException: null reference:{connection on setConnection()} in method JRedisClient.setConnection() [file: JRedisClient.java line:158 - package: org.jredis.ri.alphazero]]
Caused by: org.jredis.ClientRuntimeException: null reference:{connection on setConnection()} in method JRedisClient.setConnection() [file: JRedisClient.java line:158 - package: org.jredis.ri.alphazero] cause: => [IllegalArgumentException: null reference:{connection on setConnection()} in method JRedisClient.setConnection() [file: JRedisClient.java line:158 - package: org.jredis.ri.alphazero]]
Caused by: java.lang.IllegalArgumentException: null reference:{connection on setConnection()} in method JRedisClient.setConnection() [file: JRedisClient.java line:158 - package: org.jredis.ri.alphazero]
</error>
  </testcase>
  <testcase name="testEquals[8]" classname="org.springframework.data.redis.support.collections.RedisListTests" time="0">
    <error message="Could not get a resource from the pool; nested exception is org.jredis.ClientRuntimeException: null reference:{connection on setConnection()} in method JRedisClient.setConnection() [file: JRedisClient.java line:158 - package: org.jredis.ri.alphazero] cause: =&gt; [IllegalArgumentException: null reference:{connection on setConnection()} in method JRedisClient.setConnection() [file: JRedisClient.java line:158 - package: org.jredis.ri.alphazero]]" type="org.springframework.data.redis.connection.PoolException">org.springframework.data.redis.connection.PoolException: Could not get a resource from the pool; nested exception is org.jredis.ClientRuntimeException: null reference:{connection on setConnection()} in method JRedisClient.setConnection() [file: JRedisClient.java line:158 - package: org.jredis.ri.alphazero] cause: => [IllegalArgumentException: null reference:{connection on setConnection()} in method JRedisClient.setConnection() [file: JRedisClient.java line:158 - package: org.jredis.ri.alphazero]]
Caused by: org.jredis.ClientRuntimeException: null reference:{connection on setConnection()} in method JRedisClient.setConnection() [file: JRedisClient.java line:158 - package: org.jredis.ri.alphazero] cause: => [IllegalArgumentException: null reference:{connection on setConnection()} in method JRedisClient.setConnection() [file: JRedisClient.java line:158 - package: org.jredis.ri.alphazero]]
Caused by: java.lang.IllegalArgumentException: null reference:{connection on setConnection()} in method JRedisClient.setConnection() [file: JRedisClient.java line:158 - package: org.jredis.ri.alphazero]
</error>
    <system-err><![CDATA[01475611470231 Tue Oct 04 17:04:30 BRT 2016 JRedis[tid:1] <INFORMAÇÕES>: WARNING: heartbeat is disabled.
01475611470231 Tue Oct 04 17:04:30 BRT 2016 JRedis[tid:1] <ADVERTÊNCIA>: PROBLEM: Shutting down due to connection FAULT: Socket connect failed [cause: java.net.ConnectException: Conexão recusada] -- make sure the server is running at localhost:6379 - Connection: SYNCHRONOUS  localhost/127.0.0.1:6379 db:0 | SyncConnection@1544895390
01475611470231 Tue Oct 04 17:04:30 BRT 2016 JRedis[tid:1] <GRAVE>: Error creating connection -> Socket connect failed [cause: java.net.ConnectException: Conexão recusada] -- make sure the server is running at localhost:6379
]]></system-err>
  </testcase>
  <testcase name="testGetKey[8]" classname="org.springframework.data.redis.support.collections.RedisListTests" time="0">
    <error message="Could not get a resource from the pool; nested exception is org.jredis.ClientRuntimeException: null reference:{connection on setConnection()} in method JRedisClient.setConnection() [file: JRedisClient.java line:158 - package: org.jredis.ri.alphazero] cause: =&gt; [IllegalArgumentException: null reference:{connection on setConnection()} in method JRedisClient.setConnection() [file: JRedisClient.java line:158 - package: org.jredis.ri.alphazero]]" type="org.springframework.data.redis.connection.PoolException">org.springframework.data.redis.connection.PoolException: Could not get a resource from the pool; nested exception is org.jredis.ClientRuntimeException: null reference:{connection on setConnection()} in method JRedisClient.setConnection() [file: JRedisClient.java line:158 - package: org.jredis.ri.alphazero] cause: => [IllegalArgumentException: null reference:{connection on setConnection()} in method JRedisClient.setConnection() [file: JRedisClient.java line:158 - package: org.jredis.ri.alphazero]]
Caused by: org.jredis.ClientRuntimeException: null reference:{connection on setConnection()} in method JRedisClient.setConnection() [file: JRedisClient.java line:158 - package: org.jredis.ri.alphazero] cause: => [IllegalArgumentException: null reference:{connection on setConnection()} in method JRedisClient.setConnection() [file: JRedisClient.java line:158 - package: org.jredis.ri.alphazero]]
Caused by: java.lang.IllegalArgumentException: null reference:{connection on setConnection()} in method JRedisClient.setConnection() [file: JRedisClient.java line:158 - package: org.jredis.ri.alphazero]
</error>
    <system-err><![CDATA[01475611470232 Tue Oct 04 17:04:30 BRT 2016 JRedis[tid:1] <INFORMAÇÕES>: WARNING: heartbeat is disabled.
01475611470232 Tue Oct 04 17:04:30 BRT 2016 JRedis[tid:1] <ADVERTÊNCIA>: PROBLEM: Shutting down due to connection FAULT: Socket connect failed [cause: java.net.ConnectException: Conexão recusada] -- make sure the server is running at localhost:6379 - Connection: SYNCHRONOUS  localhost/127.0.0.1:6379 db:0 | SyncConnection@712410791
01475611470232 Tue Oct 04 17:04:30 BRT 2016 JRedis[tid:1] <GRAVE>: Error creating connection -> Socket connect failed [cause: java.net.ConnectException: Conexão recusada] -- make sure the server is running at localhost:6379
]]></system-err>
  </testcase>
  <testcase name="testToArrayWithGenerics[8]" classname="org.springframework.data.redis.support.collections.RedisListTests" time="0">
    <error message="Could not get a resource from the pool; nested exception is org.jredis.ClientRuntimeException: null reference:{connection on setConnection()} in method JRedisClient.setConnection() [file: JRedisClient.java line:158 - package: org.jredis.ri.alphazero] cause: =&gt; [IllegalArgumentException: null reference:{connection on setConnection()} in method JRedisClient.setConnection() [file: JRedisClient.java line:158 - package: org.jredis.ri.alphazero]]" type="org.springframework.data.redis.connection.PoolException">org.springframework.data.redis.connection.PoolException: Could not get a resource from the pool; nested exception is org.jredis.ClientRuntimeException: null reference:{connection on setConnection()} in method JRedisClient.setConnection() [file: JRedisClient.java line:158 - package: org.jredis.ri.alphazero] cause: => [IllegalArgumentException: null reference:{connection on setConnection()} in method JRedisClient.setConnection() [file: JRedisClient.java line:158 - package: org.jredis.ri.alphazero]]
Caused by: org.jredis.ClientRuntimeException: null reference:{connection on setConnection()} in method JRedisClient.setConnection() [file: JRedisClient.java line:158 - package: org.jredis.ri.alphazero] cause: => [IllegalArgumentException: null reference:{connection on setConnection()} in method JRedisClient.setConnection() [file: JRedisClient.java line:158 - package: org.jredis.ri.alphazero]]
Caused by: java.lang.IllegalArgumentException: null reference:{connection on setConnection()} in method JRedisClient.setConnection() [file: JRedisClient.java line:158 - package: org.jredis.ri.alphazero]
</error>
    <system-err><![CDATA[01475611470233 Tue Oct 04 17:04:30 BRT 2016 JRedis[tid:1] <INFORMAÇÕES>: WARNING: heartbeat is disabled.
01475611470233 Tue Oct 04 17:04:30 BRT 2016 JRedis[tid:1] <ADVERTÊNCIA>: PROBLEM: Shutting down due to connection FAULT: Socket connect failed [cause: java.net.ConnectException: Conexão recusada] -- make sure the server is running at localhost:6379 - Connection: SYNCHRONOUS  localhost/127.0.0.1:6379 db:0 | SyncConnection@1971991758
01475611470233 Tue Oct 04 17:04:30 BRT 2016 JRedis[tid:1] <GRAVE>: Error creating connection -> Socket connect failed [cause: java.net.ConnectException: Conexão recusada] -- make sure the server is running at localhost:6379
01475611470233 Tue Oct 04 17:04:30 BRT 2016 JRedis[tid:1] <INFORMAÇÕES>: WARNING: heartbeat is disabled.
01475611470233 Tue Oct 04 17:04:30 BRT 2016 JRedis[tid:1] <ADVERTÊNCIA>: PROBLEM: Shutting down due to connection FAULT: Socket connect failed [cause: java.net.ConnectException: Conexão recusada] -- make sure the server is running at localhost:6379 - Connection: SYNCHRONOUS  localhost/127.0.0.1:6379 db:0 | SyncConnection@2126723403
01475611470234 Tue Oct 04 17:04:30 BRT 2016 JRedis[tid:1] <GRAVE>: Error creating connection -> Socket connect failed [cause: java.net.ConnectException: Conexão recusada] -- make sure the server is running at localhost:6379
]]></system-err>
  </testcase>
  <testcase name="testToArrayWithGenerics[8]" classname="org.springframework.data.redis.support.collections.RedisListTests" time="0">
    <error message="Could not get a resource from the pool; nested exception is org.jredis.ClientRuntimeException: null reference:{connection on setConnection()} in method JRedisClient.setConnection() [file: JRedisClient.java line:158 - package: org.jredis.ri.alphazero] cause: =&gt; [IllegalArgumentException: null reference:{connection on setConnection()} in method JRedisClient.setConnection() [file: JRedisClient.java line:158 - package: org.jredis.ri.alphazero]]" type="org.springframework.data.redis.connection.PoolException">org.springframework.data.redis.connection.PoolException: Could not get a resource from the pool; nested exception is org.jredis.ClientRuntimeException: null reference:{connection on setConnection()} in method JRedisClient.setConnection() [file: JRedisClient.java line:158 - package: org.jredis.ri.alphazero] cause: => [IllegalArgumentException: null reference:{connection on setConnection()} in method JRedisClient.setConnection() [file: JRedisClient.java line:158 - package: org.jredis.ri.alphazero]]
Caused by: org.jredis.ClientRuntimeException: null reference:{connection on setConnection()} in method JRedisClient.setConnection() [file: JRedisClient.java line:158 - package: org.jredis.ri.alphazero] cause: => [IllegalArgumentException: null reference:{connection on setConnection()} in method JRedisClient.setConnection() [file: JRedisClient.java line:158 - package: org.jredis.ri.alphazero]]
Caused by: java.lang.IllegalArgumentException: null reference:{connection on setConnection()} in method JRedisClient.setConnection() [file: JRedisClient.java line:158 - package: org.jredis.ri.alphazero]
</error>
  </testcase>
  <testcase name="testIsEmpty[8]" classname="org.springframework.data.redis.support.collections.RedisListTests" time="0.001">
    <error message="Could not get a resource from the pool; nested exception is org.jredis.ClientRuntimeException: null reference:{connection on setConnection()} in method JRedisClient.setConnection() [file: JRedisClient.java line:158 - package: org.jredis.ri.alphazero] cause: =&gt; [IllegalArgumentException: null reference:{connection on setConnection()} in method JRedisClient.setConnection() [file: JRedisClient.java line:158 - package: org.jredis.ri.alphazero]]" type="org.springframework.data.redis.connection.PoolException">org.springframework.data.redis.connection.PoolException: Could not get a resource from the pool; nested exception is org.jredis.ClientRuntimeException: null reference:{connection on setConnection()} in method JRedisClient.setConnection() [file: JRedisClient.java line:158 - package: org.jredis.ri.alphazero] cause: => [IllegalArgumentException: null reference:{connection on setConnection()} in method JRedisClient.setConnection() [file: JRedisClient.java line:158 - package: org.jredis.ri.alphazero]]
Caused by: org.jredis.ClientRuntimeException: null reference:{connection on setConnection()} in method JRedisClient.setConnection() [file: JRedisClient.java line:158 - package: org.jredis.ri.alphazero] cause: => [IllegalArgumentException: null reference:{connection on setConnection()} in method JRedisClient.setConnection() [file: JRedisClient.java line:158 - package: org.jredis.ri.alphazero]]
Caused by: java.lang.IllegalArgumentException: null reference:{connection on setConnection()} in method JRedisClient.setConnection() [file: JRedisClient.java line:158 - package: org.jredis.ri.alphazero]
</error>
    <system-err><![CDATA[01475611470256 Tue Oct 04 17:04:30 BRT 2016 JRedis[tid:1] <INFORMAÇÕES>: WARNING: heartbeat is disabled.
01475611470257 Tue Oct 04 17:04:30 BRT 2016 JRedis[tid:1] <ADVERTÊNCIA>: PROBLEM: Shutting down due to connection FAULT: Socket connect failed [cause: java.net.ConnectException: Conexão recusada] -- make sure the server is running at localhost:6379 - Connection: SYNCHRONOUS  localhost/127.0.0.1:6379 db:0 | SyncConnection@201274566
01475611470257 Tue Oct 04 17:04:30 BRT 2016 JRedis[tid:1] <GRAVE>: Error creating connection -> Socket connect failed [cause: java.net.ConnectException: Conexão recusada] -- make sure the server is running at localhost:6379
01475611470257 Tue Oct 04 17:04:30 BRT 2016 JRedis[tid:1] <INFORMAÇÕES>: WARNING: heartbeat is disabled.
01475611470257 Tue Oct 04 17:04:30 BRT 2016 JRedis[tid:1] <ADVERTÊNCIA>: PROBLEM: Shutting down due to connection FAULT: Socket connect failed [cause: java.net.ConnectException: Conexão recusada] -- make sure the server is running at localhost:6379 - Connection: SYNCHRONOUS  localhost/127.0.0.1:6379 db:0 | SyncConnection@354605216
01475611470257 Tue Oct 04 17:04:30 BRT 2016 JRedis[tid:1] <GRAVE>: Error creating connection -> Socket connect failed [cause: java.net.ConnectException: Conexão recusada] -- make sure the server is running at localhost:6379
]]></system-err>
  </testcase>
  <testcase name="testIsEmpty[8]" classname="org.springframework.data.redis.support.collections.RedisListTests" time="0.001">
    <error message="Could not get a resource from the pool; nested exception is org.jredis.ClientRuntimeException: null reference:{connection on setConnection()} in method JRedisClient.setConnection() [file: JRedisClient.java line:158 - package: org.jredis.ri.alphazero] cause: =&gt; [IllegalArgumentException: null reference:{connection on setConnection()} in method JRedisClient.setConnection() [file: JRedisClient.java line:158 - package: org.jredis.ri.alphazero]]" type="org.springframework.data.redis.connection.PoolException">org.springframework.data.redis.connection.PoolException: Could not get a resource from the pool; nested exception is org.jredis.ClientRuntimeException: null reference:{connection on setConnection()} in method JRedisClient.setConnection() [file: JRedisClient.java line:158 - package: org.jredis.ri.alphazero] cause: => [IllegalArgumentException: null reference:{connection on setConnection()} in method JRedisClient.setConnection() [file: JRedisClient.java line:158 - package: org.jredis.ri.alphazero]]
Caused by: org.jredis.ClientRuntimeException: null reference:{connection on setConnection()} in method JRedisClient.setConnection() [file: JRedisClient.java line:158 - package: org.jredis.ri.alphazero] cause: => [IllegalArgumentException: null reference:{connection on setConnection()} in method JRedisClient.setConnection() [file: JRedisClient.java line:158 - package: org.jredis.ri.alphazero]]
Caused by: java.lang.IllegalArgumentException: null reference:{connection on setConnection()} in method JRedisClient.setConnection() [file: JRedisClient.java line:158 - package: org.jredis.ri.alphazero]
</error>
  </testcase>
  <testcase name="testIterator[8]" classname="org.springframework.data.redis.support.collections.RedisListTests" time="0.001">
    <error message="Could not get a resource from the pool; nested exception is org.jredis.ClientRuntimeException: null reference:{connection on setConnection()} in method JRedisClient.setConnection() [file: JRedisClient.java line:158 - package: org.jredis.ri.alphazero] cause: =&gt; [IllegalArgumentException: null reference:{connection on setConnection()} in method JRedisClient.setConnection() [file: JRedisClient.java line:158 - package: org.jredis.ri.alphazero]]" type="org.springframework.data.redis.connection.PoolException">org.springframework.data.redis.connection.PoolException: Could not get a resource from the pool; nested exception is org.jredis.ClientRuntimeException: null reference:{connection on setConnection()} in method JRedisClient.setConnection() [file: JRedisClient.java line:158 - package: org.jredis.ri.alphazero] cause: => [IllegalArgumentException: null reference:{connection on setConnection()} in method JRedisClient.setConnection() [file: JRedisClient.java line:158 - package: org.jredis.ri.alphazero]]
Caused by: org.jredis.ClientRuntimeException: null reference:{connection on setConnection()} in method JRedisClient.setConnection() [file: JRedisClient.java line:158 - package: org.jredis.ri.alphazero] cause: => [IllegalArgumentException: null reference:{connection on setConnection()} in method JRedisClient.setConnection() [file: JRedisClient.java line:158 - package: org.jredis.ri.alphazero]]
Caused by: java.lang.IllegalArgumentException: null reference:{connection on setConnection()} in method JRedisClient.setConnection() [file: JRedisClient.java line:158 - package: org.jredis.ri.alphazero]
</error>
    <system-err><![CDATA[01475611470258 Tue Oct 04 17:04:30 BRT 2016 JRedis[tid:1] <INFORMAÇÕES>: WARNING: heartbeat is disabled.
01475611470258 Tue Oct 04 17:04:30 BRT 2016 JRedis[tid:1] <ADVERTÊNCIA>: PROBLEM: Shutting down due to connection FAULT: Socket connect failed [cause: java.net.ConnectException: Conexão recusada] -- make sure the server is running at localhost:6379 - Connection: SYNCHRONOUS  localhost/127.0.0.1:6379 db:0 | SyncConnection@824881806
01475611470258 Tue Oct 04 17:04:30 BRT 2016 JRedis[tid:1] <GRAVE>: Error creating connection -> Socket connect failed [cause: java.net.ConnectException: Conexão recusada] -- make sure the server is running at localhost:6379
01475611470259 Tue Oct 04 17:04:30 BRT 2016 JRedis[tid:1] <INFORMAÇÕES>: WARNING: heartbeat is disabled.
01475611470259 Tue Oct 04 17:04:30 BRT 2016 JRedis[tid:1] <ADVERTÊNCIA>: PROBLEM: Shutting down due to connection FAULT: Socket connect failed [cause: java.net.ConnectException: Conexão recusada] -- make sure the server is running at localhost:6379 - Connection: SYNCHRONOUS  localhost/127.0.0.1:6379 db:0 | SyncConnection@1447353473
01475611470259 Tue Oct 04 17:04:30 BRT 2016 JRedis[tid:1] <GRAVE>: Error creating connection -> Socket connect failed [cause: java.net.ConnectException: Conexão recusada] -- make sure the server is running at localhost:6379
]]></system-err>
  </testcase>
  <testcase name="testIterator[8]" classname="org.springframework.data.redis.support.collections.RedisListTests" time="0.002">
    <error message="Could not get a resource from the pool; nested exception is org.jredis.ClientRuntimeException: null reference:{connection on setConnection()} in method JRedisClient.setConnection() [file: JRedisClient.java line:158 - package: org.jredis.ri.alphazero] cause: =&gt; [IllegalArgumentException: null reference:{connection on setConnection()} in method JRedisClient.setConnection() [file: JRedisClient.java line:158 - package: org.jredis.ri.alphazero]]" type="org.springframework.data.redis.connection.PoolException">org.springframework.data.redis.connection.PoolException: Could not get a resource from the pool; nested exception is org.jredis.ClientRuntimeException: null reference:{connection on setConnection()} in method JRedisClient.setConnection() [file: JRedisClient.java line:158 - package: org.jredis.ri.alphazero] cause: => [IllegalArgumentException: null reference:{connection on setConnection()} in method JRedisClient.setConnection() [file: JRedisClient.java line:158 - package: org.jredis.ri.alphazero]]
Caused by: org.jredis.ClientRuntimeException: null reference:{connection on setConnection()} in method JRedisClient.setConnection() [file: JRedisClient.java line:158 - package: org.jredis.ri.alphazero] cause: => [IllegalArgumentException: null reference:{connection on setConnection()} in method JRedisClient.setConnection() [file: JRedisClient.java line:158 - package: org.jredis.ri.alphazero]]
Caused by: java.lang.IllegalArgumentException: null reference:{connection on setConnection()} in method JRedisClient.setConnection() [file: JRedisClient.java line:158 - package: org.jredis.ri.alphazero]
</error>
  </testcase>
  <testcase name="testElement[9]" classname="org.springframework.data.redis.support.collections.RedisListTests" time="0.001">
    <error message="Could not get a resource from the pool; nested exception is org.jredis.ClientRuntimeException: null reference:{connection on setConnection()} in method JRedisClient.setConnection() [file: JRedisClient.java line:158 - package: org.jredis.ri.alphazero] cause: =&gt; [IllegalArgumentException: null reference:{connection on setConnection()} in method JRedisClient.setConnection() [file: JRedisClient.java line:158 - package: org.jredis.ri.alphazero]]" type="org.springframework.data.redis.connection.PoolException">org.springframework.data.redis.connection.PoolException: Could not get a resource from the pool; nested exception is org.jredis.ClientRuntimeException: null reference:{connection on setConnection()} in method JRedisClient.setConnection() [file: JRedisClient.java line:158 - package: org.jredis.ri.alphazero] cause: => [IllegalArgumentException: null reference:{connection on setConnection()} in method JRedisClient.setConnection() [file: JRedisClient.java line:158 - package: org.jredis.ri.alphazero]]
Caused by: org.jredis.ClientRuntimeException: null reference:{connection on setConnection()} in method JRedisClient.setConnection() [file: JRedisClient.java line:158 - package: org.jredis.ri.alphazero] cause: => [IllegalArgumentException: null reference:{connection on setConnection()} in method JRedisClient.setConnection() [file: JRedisClient.java line:158 - package: org.jredis.ri.alphazero]]
Caused by: java.lang.IllegalArgumentException: null reference:{connection on setConnection()} in method JRedisClient.setConnection() [file: JRedisClient.java line:158 - package: org.jredis.ri.alphazero]
</error>
    <system-err><![CDATA[01475611470260 Tue Oct 04 17:04:30 BRT 2016 JRedis[tid:1] <INFORMAÇÕES>: WARNING: heartbeat is disabled.
01475611470260 Tue Oct 04 17:04:30 BRT 2016 JRedis[tid:1] <ADVERTÊNCIA>: PROBLEM: Shutting down due to connection FAULT: Socket connect failed [cause: java.net.ConnectException: Conexão recusada] -- make sure the server is running at localhost:6379 - Connection: SYNCHRONOUS  localhost/127.0.0.1:6379 db:0 | SyncConnection@611289995
01475611470260 Tue Oct 04 17:04:30 BRT 2016 JRedis[tid:1] <GRAVE>: Error creating connection -> Socket connect failed [cause: java.net.ConnectException: Conexão recusada] -- make sure the server is running at localhost:6379
01475611470261 Tue Oct 04 17:04:30 BRT 2016 JRedis[tid:1] <INFORMAÇÕES>: WARNING: heartbeat is disabled.
01475611470261 Tue Oct 04 17:04:30 BRT 2016 JRedis[tid:1] <ADVERTÊNCIA>: PROBLEM: Shutting down due to connection FAULT: Socket connect failed [cause: java.net.ConnectException: Conexão recusada] -- make sure the server is running at localhost:6379 - Connection: SYNCHRONOUS  localhost/127.0.0.1:6379 db:0 | SyncConnection@663466110
01475611470261 Tue Oct 04 17:04:30 BRT 2016 JRedis[tid:1] <GRAVE>: Error creating connection -> Socket connect failed [cause: java.net.ConnectException: Conexão recusada] -- make sure the server is running at localhost:6379
]]></system-err>
  </testcase>
  <testcase name="testElement[9]" classname="org.springframework.data.redis.support.collections.RedisListTests" time="0.002">
    <error message="Could not get a resource from the pool; nested exception is org.jredis.ClientRuntimeException: null reference:{connection on setConnection()} in method JRedisClient.setConnection() [file: JRedisClient.java line:158 - package: org.jredis.ri.alphazero] cause: =&gt; [IllegalArgumentException: null reference:{connection on setConnection()} in method JRedisClient.setConnection() [file: JRedisClient.java line:158 - package: org.jredis.ri.alphazero]]" type="org.springframework.data.redis.connection.PoolException">org.springframework.data.redis.connection.PoolException: Could not get a resource from the pool; nested exception is org.jredis.ClientRuntimeException: null reference:{connection on setConnection()} in method JRedisClient.setConnection() [file: JRedisClient.java line:158 - package: org.jredis.ri.alphazero] cause: => [IllegalArgumentException: null reference:{connection on setConnection()} in method JRedisClient.setConnection() [file: JRedisClient.java line:158 - package: org.jredis.ri.alphazero]]
Caused by: org.jredis.ClientRuntimeException: null reference:{connection on setConnection()} in method JRedisClient.setConnection() [file: JRedisClient.java line:158 - package: org.jredis.ri.alphazero] cause: => [IllegalArgumentException: null reference:{connection on setConnection()} in method JRedisClient.setConnection() [file: JRedisClient.java line:158 - package: org.jredis.ri.alphazero]]
Caused by: java.lang.IllegalArgumentException: null reference:{connection on setConnection()} in method JRedisClient.setConnection() [file: JRedisClient.java line:158 - package: org.jredis.ri.alphazero]
</error>
  </testcase>
  <testcase name="testPutFirst[9]" classname="org.springframework.data.redis.support.collections.RedisListTests" time="0.001">
    <error message="Could not get a resource from the pool; nested exception is org.jredis.ClientRuntimeException: null reference:{connection on setConnection()} in method JRedisClient.setConnection() [file: JRedisClient.java line:158 - package: org.jredis.ri.alphazero] cause: =&gt; [IllegalArgumentException: null reference:{connection on setConnection()} in method JRedisClient.setConnection() [file: JRedisClient.java line:158 - package: org.jredis.ri.alphazero]]" type="org.springframework.data.redis.connection.PoolException">org.springframework.data.redis.connection.PoolException: Could not get a resource from the pool; nested exception is org.jredis.ClientRuntimeException: null reference:{connection on setConnection()} in method JRedisClient.setConnection() [file: JRedisClient.java line:158 - package: org.jredis.ri.alphazero] cause: => [IllegalArgumentException: null reference:{connection on setConnection()} in method JRedisClient.setConnection() [file: JRedisClient.java line:158 - package: org.jredis.ri.alphazero]]
Caused by: org.jredis.ClientRuntimeException: null reference:{connection on setConnection()} in method JRedisClient.setConnection() [file: JRedisClient.java line:158 - package: org.jredis.ri.alphazero] cause: => [IllegalArgumentException: null reference:{connection on setConnection()} in method JRedisClient.setConnection() [file: JRedisClient.java line:158 - package: org.jredis.ri.alphazero]]
Caused by: java.lang.IllegalArgumentException: null reference:{connection on setConnection()} in method JRedisClient.setConnection() [file: JRedisClient.java line:158 - package: org.jredis.ri.alphazero]
</error>
    <system-err><![CDATA[01475611470262 Tue Oct 04 17:04:30 BRT 2016 JRedis[tid:1] <INFORMAÇÕES>: WARNING: heartbeat is disabled.
01475611470262 Tue Oct 04 17:04:30 BRT 2016 JRedis[tid:1] <ADVERTÊNCIA>: PROBLEM: Shutting down due to connection FAULT: Socket connect failed [cause: java.net.ConnectException: Conexão recusada] -- make sure the server is running at localhost:6379 - Connection: SYNCHRONOUS  localhost/127.0.0.1:6379 db:0 | SyncConnection@1650113431
01475611470262 Tue Oct 04 17:04:30 BRT 2016 JRedis[tid:1] <GRAVE>: Error creating connection -> Socket connect failed [cause: java.net.ConnectException: Conexão recusada] -- make sure the server is running at localhost:6379
01475611470263 Tue Oct 04 17:04:30 BRT 2016 JRedis[tid:1] <INFORMAÇÕES>: WARNING: heartbeat is disabled.
01475611470263 Tue Oct 04 17:04:30 BRT 2016 JRedis[tid:1] <ADVERTÊNCIA>: PROBLEM: Shutting down due to connection FAULT: Socket connect failed [cause: java.net.ConnectException: Conexão recusada] -- make sure the server is running at localhost:6379 - Connection: SYNCHRONOUS  localhost/127.0.0.1:6379 db:0 | SyncConnection@1528769018
01475611470263 Tue Oct 04 17:04:30 BRT 2016 JRedis[tid:1] <GRAVE>: Error creating connection -> Socket connect failed [cause: java.net.ConnectException: Conexão recusada] -- make sure the server is running at localhost:6379
]]></system-err>
  </testcase>
  <testcase name="testPutFirst[9]" classname="org.springframework.data.redis.support.collections.RedisListTests" time="0.002">
    <error message="Could not get a resource from the pool; nested exception is org.jredis.ClientRuntimeException: null reference:{connection on setConnection()} in method JRedisClient.setConnection() [file: JRedisClient.java line:158 - package: org.jredis.ri.alphazero] cause: =&gt; [IllegalArgumentException: null reference:{connection on setConnection()} in method JRedisClient.setConnection() [file: JRedisClient.java line:158 - package: org.jredis.ri.alphazero]]" type="org.springframework.data.redis.connection.PoolException">org.springframework.data.redis.connection.PoolException: Could not get a resource from the pool; nested exception is org.jredis.ClientRuntimeException: null reference:{connection on setConnection()} in method JRedisClient.setConnection() [file: JRedisClient.java line:158 - package: org.jredis.ri.alphazero] cause: => [IllegalArgumentException: null reference:{connection on setConnection()} in method JRedisClient.setConnection() [file: JRedisClient.java line:158 - package: org.jredis.ri.alphazero]]
Caused by: org.jredis.ClientRuntimeException: null reference:{connection on setConnection()} in method JRedisClient.setConnection() [file: JRedisClient.java line:158 - package: org.jredis.ri.alphazero] cause: => [IllegalArgumentException: null reference:{connection on setConnection()} in method JRedisClient.setConnection() [file: JRedisClient.java line:158 - package: org.jredis.ri.alphazero]]
Caused by: java.lang.IllegalArgumentException: null reference:{connection on setConnection()} in method JRedisClient.setConnection() [file: JRedisClient.java line:158 - package: org.jredis.ri.alphazero]
</error>
  </testcase>
  <testcase name="testPollLastTimeout[9]" classname="org.springframework.data.redis.support.collections.RedisListTests" time="0">
    <error message="got: &lt;false&gt;, expected: is &lt;true&gt;" type="org.junit.AssumptionViolatedException"><![CDATA[org.junit.AssumptionViolatedException: got: <false>, expected: is <true>
]]></error>
    <system-err><![CDATA[01475611470264 Tue Oct 04 17:04:30 BRT 2016 JRedis[tid:1] <INFORMAÇÕES>: WARNING: heartbeat is disabled.
01475611470264 Tue Oct 04 17:04:30 BRT 2016 JRedis[tid:1] <ADVERTÊNCIA>: PROBLEM: Shutting down due to connection FAULT: Socket connect failed [cause: java.net.ConnectException: Conexão recusada] -- make sure the server is running at localhost:6379 - Connection: SYNCHRONOUS  localhost/127.0.0.1:6379 db:0 | SyncConnection@183155105
01475611470264 Tue Oct 04 17:04:30 BRT 2016 JRedis[tid:1] <GRAVE>: Error creating connection -> Socket connect failed [cause: java.net.ConnectException: Conexão recusada] -- make sure the server is running at localhost:6379
]]></system-err>
  </testcase>
  <testcase name="testPollLastTimeout[9]" classname="org.springframework.data.redis.support.collections.RedisListTests" time="0.001">
    <error message="Could not get a resource from the pool; nested exception is org.jredis.ClientRuntimeException: null reference:{connection on setConnection()} in method JRedisClient.setConnection() [file: JRedisClient.java line:158 - package: org.jredis.ri.alphazero] cause: =&gt; [IllegalArgumentException: null reference:{connection on setConnection()} in method JRedisClient.setConnection() [file: JRedisClient.java line:158 - package: org.jredis.ri.alphazero]]" type="org.springframework.data.redis.connection.PoolException">org.springframework.data.redis.connection.PoolException: Could not get a resource from the pool; nested exception is org.jredis.ClientRuntimeException: null reference:{connection on setConnection()} in method JRedisClient.setConnection() [file: JRedisClient.java line:158 - package: org.jredis.ri.alphazero] cause: => [IllegalArgumentException: null reference:{connection on setConnection()} in method JRedisClient.setConnection() [file: JRedisClient.java line:158 - package: org.jredis.ri.alphazero]]
Caused by: org.jredis.ClientRuntimeException: null reference:{connection on setConnection()} in method JRedisClient.setConnection() [file: JRedisClient.java line:158 - package: org.jredis.ri.alphazero] cause: => [IllegalArgumentException: null reference:{connection on setConnection()} in method JRedisClient.setConnection() [file: JRedisClient.java line:158 - package: org.jredis.ri.alphazero]]
Caused by: java.lang.IllegalArgumentException: null reference:{connection on setConnection()} in method JRedisClient.setConnection() [file: JRedisClient.java line:158 - package: org.jredis.ri.alphazero]
</error>
  </testcase>
  <testcase name="testPeekFirst[9]" classname="org.springframework.data.redis.support.collections.RedisListTests" time="0.001">
    <error message="Could not get a resource from the pool; nested exception is org.jredis.ClientRuntimeException: null reference:{connection on setConnection()} in method JRedisClient.setConnection() [file: JRedisClient.java line:158 - package: org.jredis.ri.alphazero] cause: =&gt; [IllegalArgumentException: null reference:{connection on setConnection()} in method JRedisClient.setConnection() [file: JRedisClient.java line:158 - package: org.jredis.ri.alphazero]]" type="org.springframework.data.redis.connection.PoolException">org.springframework.data.redis.connection.PoolException: Could not get a resource from the pool; nested exception is org.jredis.ClientRuntimeException: null reference:{connection on setConnection()} in method JRedisClient.setConnection() [file: JRedisClient.java line:158 - package: org.jredis.ri.alphazero] cause: => [IllegalArgumentException: null reference:{connection on setConnection()} in method JRedisClient.setConnection() [file: JRedisClient.java line:158 - package: org.jredis.ri.alphazero]]
Caused by: org.jredis.ClientRuntimeException: null reference:{connection on setConnection()} in method JRedisClient.setConnection() [file: JRedisClient.java line:158 - package: org.jredis.ri.alphazero] cause: => [IllegalArgumentException: null reference:{connection on setConnection()} in method JRedisClient.setConnection() [file: JRedisClient.java line:158 - package: org.jredis.ri.alphazero]]
Caused by: java.lang.IllegalArgumentException: null reference:{connection on setConnection()} in method JRedisClient.setConnection() [file: JRedisClient.java line:158 - package: org.jredis.ri.alphazero]
</error>
    <system-err><![CDATA[01475611470265 Tue Oct 04 17:04:30 BRT 2016 JRedis[tid:1] <INFORMAÇÕES>: WARNING: heartbeat is disabled.
01475611470265 Tue Oct 04 17:04:30 BRT 2016 JRedis[tid:1] <ADVERTÊNCIA>: PROBLEM: Shutting down due to connection FAULT: Socket connect failed [cause: java.net.ConnectException: Conexão recusada] -- make sure the server is running at localhost:6379 - Connection: SYNCHRONOUS  localhost/127.0.0.1:6379 db:0 | SyncConnection@1089930529
01475611470265 Tue Oct 04 17:04:30 BRT 2016 JRedis[tid:1] <GRAVE>: Error creating connection -> Socket connect failed [cause: java.net.ConnectException: Conexão recusada] -- make sure the server is running at localhost:6379
01475611470266 Tue Oct 04 17:04:30 BRT 2016 JRedis[tid:1] <INFORMAÇÕES>: WARNING: heartbeat is disabled.
01475611470266 Tue Oct 04 17:04:30 BRT 2016 JRedis[tid:1] <ADVERTÊNCIA>: PROBLEM: Shutting down due to connection FAULT: Socket connect failed [cause: java.net.ConnectException: Conexão recusada] -- make sure the server is running at localhost:6379 - Connection: SYNCHRONOUS  localhost/127.0.0.1:6379 db:0 | SyncConnection@2001115307
01475611470266 Tue Oct 04 17:04:30 BRT 2016 JRedis[tid:1] <GRAVE>: Error creating connection -> Socket connect failed [cause: java.net.ConnectException: Conexão recusada] -- make sure the server is running at localhost:6379
]]></system-err>
  </testcase>
  <testcase name="testPeekFirst[9]" classname="org.springframework.data.redis.support.collections.RedisListTests" time="0.002">
    <error message="Could not get a resource from the pool; nested exception is org.jredis.ClientRuntimeException: null reference:{connection on setConnection()} in method JRedisClient.setConnection() [file: JRedisClient.java line:158 - package: org.jredis.ri.alphazero] cause: =&gt; [IllegalArgumentException: null reference:{connection on setConnection()} in method JRedisClient.setConnection() [file: JRedisClient.java line:158 - package: org.jredis.ri.alphazero]]" type="org.springframework.data.redis.connection.PoolException">org.springframework.data.redis.connection.PoolException: Could not get a resource from the pool; nested exception is org.jredis.ClientRuntimeException: null reference:{connection on setConnection()} in method JRedisClient.setConnection() [file: JRedisClient.java line:158 - package: org.jredis.ri.alphazero] cause: => [IllegalArgumentException: null reference:{connection on setConnection()} in method JRedisClient.setConnection() [file: JRedisClient.java line:158 - package: org.jredis.ri.alphazero]]
Caused by: org.jredis.ClientRuntimeException: null reference:{connection on setConnection()} in method JRedisClient.setConnection() [file: JRedisClient.java line:158 - package: org.jredis.ri.alphazero] cause: => [IllegalArgumentException: null reference:{connection on setConnection()} in method JRedisClient.setConnection() [file: JRedisClient.java line:158 - package: org.jredis.ri.alphazero]]
Caused by: java.lang.IllegalArgumentException: null reference:{connection on setConnection()} in method JRedisClient.setConnection() [file: JRedisClient.java line:158 - package: org.jredis.ri.alphazero]
</error>
  </testcase>
  <testcase name="testOfferLast[9]" classname="org.springframework.data.redis.support.collections.RedisListTests" time="0.001">
    <error message="Could not get a resource from the pool; nested exception is org.jredis.ClientRuntimeException: null reference:{connection on setConnection()} in method JRedisClient.setConnection() [file: JRedisClient.java line:158 - package: org.jredis.ri.alphazero] cause: =&gt; [IllegalArgumentException: null reference:{connection on setConnection()} in method JRedisClient.setConnection() [file: JRedisClient.java line:158 - package: org.jredis.ri.alphazero]]" type="org.springframework.data.redis.connection.PoolException">org.springframework.data.redis.connection.PoolException: Could not get a resource from the pool; nested exception is org.jredis.ClientRuntimeException: null reference:{connection on setConnection()} in method JRedisClient.setConnection() [file: JRedisClient.java line:158 - package: org.jredis.ri.alphazero] cause: => [IllegalArgumentException: null reference:{connection on setConnection()} in method JRedisClient.setConnection() [file: JRedisClient.java line:158 - package: org.jredis.ri.alphazero]]
Caused by: org.jredis.ClientRuntimeException: null reference:{connection on setConnection()} in method JRedisClient.setConnection() [file: JRedisClient.java line:158 - package: org.jredis.ri.alphazero] cause: => [IllegalArgumentException: null reference:{connection on setConnection()} in method JRedisClient.setConnection() [file: JRedisClient.java line:158 - package: org.jredis.ri.alphazero]]
Caused by: java.lang.IllegalArgumentException: null reference:{connection on setConnection()} in method JRedisClient.setConnection() [file: JRedisClient.java line:158 - package: org.jredis.ri.alphazero]
</error>
    <system-err><![CDATA[01475611470267 Tue Oct 04 17:04:30 BRT 2016 JRedis[tid:1] <INFORMAÇÕES>: WARNING: heartbeat is disabled.
01475611470267 Tue Oct 04 17:04:30 BRT 2016 JRedis[tid:1] <ADVERTÊNCIA>: PROBLEM: Shutting down due to connection FAULT: Socket connect failed [cause: java.net.ConnectException: Conexão recusada] -- make sure the server is running at localhost:6379 - Connection: SYNCHRONOUS  localhost/127.0.0.1:6379 db:0 | SyncConnection@707531688
01475611470267 Tue Oct 04 17:04:30 BRT 2016 JRedis[tid:1] <GRAVE>: Error creating connection -> Socket connect failed [cause: java.net.ConnectException: Conexão recusada] -- make sure the server is running at localhost:6379
01475611470267 Tue Oct 04 17:04:30 BRT 2016 JRedis[tid:1] <INFORMAÇÕES>: WARNING: heartbeat is disabled.
01475611470268 Tue Oct 04 17:04:30 BRT 2016 JRedis[tid:1] <ADVERTÊNCIA>: PROBLEM: Shutting down due to connection FAULT: Socket connect failed [cause: java.net.ConnectException: Conexão recusada] -- make sure the server is running at localhost:6379 - Connection: SYNCHRONOUS  localhost/127.0.0.1:6379 db:0 | SyncConnection@191568263
01475611470268 Tue Oct 04 17:04:30 BRT 2016 JRedis[tid:1] <GRAVE>: Error creating connection -> Socket connect failed [cause: java.net.ConnectException: Conexão recusada] -- make sure the server is running at localhost:6379
]]></system-err>
  </testcase>
  <testcase name="testOfferLast[9]" classname="org.springframework.data.redis.support.collections.RedisListTests" time="0.001">
    <error message="Could not get a resource from the pool; nested exception is org.jredis.ClientRuntimeException: null reference:{connection on setConnection()} in method JRedisClient.setConnection() [file: JRedisClient.java line:158 - package: org.jredis.ri.alphazero] cause: =&gt; [IllegalArgumentException: null reference:{connection on setConnection()} in method JRedisClient.setConnection() [file: JRedisClient.java line:158 - package: org.jredis.ri.alphazero]]" type="org.springframework.data.redis.connection.PoolException">org.springframework.data.redis.connection.PoolException: Could not get a resource from the pool; nested exception is org.jredis.ClientRuntimeException: null reference:{connection on setConnection()} in method JRedisClient.setConnection() [file: JRedisClient.java line:158 - package: org.jredis.ri.alphazero] cause: => [IllegalArgumentException: null reference:{connection on setConnection()} in method JRedisClient.setConnection() [file: JRedisClient.java line:158 - package: org.jredis.ri.alphazero]]
Caused by: org.jredis.ClientRuntimeException: null reference:{connection on setConnection()} in method JRedisClient.setConnection() [file: JRedisClient.java line:158 - package: org.jredis.ri.alphazero] cause: => [IllegalArgumentException: null reference:{connection on setConnection()} in method JRedisClient.setConnection() [file: JRedisClient.java line:158 - package: org.jredis.ri.alphazero]]
Caused by: java.lang.IllegalArgumentException: null reference:{connection on setConnection()} in method JRedisClient.setConnection() [file: JRedisClient.java line:158 - package: org.jredis.ri.alphazero]
</error>
  </testcase>
  <testcase name="testGetFirst[9]" classname="org.springframework.data.redis.support.collections.RedisListTests" time="0.002">
    <error message="Could not get a resource from the pool; nested exception is org.jredis.ClientRuntimeException: null reference:{connection on setConnection()} in method JRedisClient.setConnection() [file: JRedisClient.java line:158 - package: org.jredis.ri.alphazero] cause: =&gt; [IllegalArgumentException: null reference:{connection on setConnection()} in method JRedisClient.setConnection() [file: JRedisClient.java line:158 - package: org.jredis.ri.alphazero]]" type="org.springframework.data.redis.connection.PoolException">org.springframework.data.redis.connection.PoolException: Could not get a resource from the pool; nested exception is org.jredis.ClientRuntimeException: null reference:{connection on setConnection()} in method JRedisClient.setConnection() [file: JRedisClient.java line:158 - package: org.jredis.ri.alphazero] cause: => [IllegalArgumentException: null reference:{connection on setConnection()} in method JRedisClient.setConnection() [file: JRedisClient.java line:158 - package: org.jredis.ri.alphazero]]
Caused by: org.jredis.ClientRuntimeException: null reference:{connection on setConnection()} in method JRedisClient.setConnection() [file: JRedisClient.java line:158 - package: org.jredis.ri.alphazero] cause: => [IllegalArgumentException: null reference:{connection on setConnection()} in method JRedisClient.setConnection() [file: JRedisClient.java line:158 - package: org.jredis.ri.alphazero]]
Caused by: java.lang.IllegalArgumentException: null reference:{connection on setConnection()} in method JRedisClient.setConnection() [file: JRedisClient.java line:158 - package: org.jredis.ri.alphazero]
</error>
    <system-err><![CDATA[01475611470269 Tue Oct 04 17:04:30 BRT 2016 JRedis[tid:1] <INFORMAÇÕES>: WARNING: heartbeat is disabled.
01475611470269 Tue Oct 04 17:04:30 BRT 2016 JRedis[tid:1] <ADVERTÊNCIA>: PROBLEM: Shutting down due to connection FAULT: Socket connect failed [cause: java.net.ConnectException: Conexão recusada] -- make sure the server is running at localhost:6379 - Connection: SYNCHRONOUS  localhost/127.0.0.1:6379 db:0 | SyncConnection@893523498
01475611470269 Tue Oct 04 17:04:30 BRT 2016 JRedis[tid:1] <GRAVE>: Error creating connection -> Socket connect failed [cause: java.net.ConnectException: Conexão recusada] -- make sure the server is running at localhost:6379
01475611470270 Tue Oct 04 17:04:30 BRT 2016 JRedis[tid:1] <INFORMAÇÕES>: WARNING: heartbeat is disabled.
01475611470270 Tue Oct 04 17:04:30 BRT 2016 JRedis[tid:1] <ADVERTÊNCIA>: PROBLEM: Shutting down due to connection FAULT: Socket connect failed [cause: java.net.ConnectException: Conexão recusada] -- make sure the server is running at localhost:6379 - Connection: SYNCHRONOUS  localhost/127.0.0.1:6379 db:0 | SyncConnection@1770070706
01475611470270 Tue Oct 04 17:04:30 BRT 2016 JRedis[tid:1] <GRAVE>: Error creating connection -> Socket connect failed [cause: java.net.ConnectException: Conexão recusada] -- make sure the server is running at localhost:6379
]]></system-err>
  </testcase>
  <testcase name="testGetFirst[9]" classname="org.springframework.data.redis.support.collections.RedisListTests" time="0.002">
    <error message="Could not get a resource from the pool; nested exception is org.jredis.ClientRuntimeException: null reference:{connection on setConnection()} in method JRedisClient.setConnection() [file: JRedisClient.java line:158 - package: org.jredis.ri.alphazero] cause: =&gt; [IllegalArgumentException: null reference:{connection on setConnection()} in method JRedisClient.setConnection() [file: JRedisClient.java line:158 - package: org.jredis.ri.alphazero]]" type="org.springframework.data.redis.connection.PoolException">org.springframework.data.redis.connection.PoolException: Could not get a resource from the pool; nested exception is org.jredis.ClientRuntimeException: null reference:{connection on setConnection()} in method JRedisClient.setConnection() [file: JRedisClient.java line:158 - package: org.jredis.ri.alphazero] cause: => [IllegalArgumentException: null reference:{connection on setConnection()} in method JRedisClient.setConnection() [file: JRedisClient.java line:158 - package: org.jredis.ri.alphazero]]
Caused by: org.jredis.ClientRuntimeException: null reference:{connection on setConnection()} in method JRedisClient.setConnection() [file: JRedisClient.java line:158 - package: org.jredis.ri.alphazero] cause: => [IllegalArgumentException: null reference:{connection on setConnection()} in method JRedisClient.setConnection() [file: JRedisClient.java line:158 - package: org.jredis.ri.alphazero]]
Caused by: java.lang.IllegalArgumentException: null reference:{connection on setConnection()} in method JRedisClient.setConnection() [file: JRedisClient.java line:158 - package: org.jredis.ri.alphazero]
</error>
  </testcase>
  <testcase name="testAddLast[9]" classname="org.springframework.data.redis.support.collections.RedisListTests" time="0.002">
    <error message="Could not get a resource from the pool; nested exception is org.jredis.ClientRuntimeException: null reference:{connection on setConnection()} in method JRedisClient.setConnection() [file: JRedisClient.java line:158 - package: org.jredis.ri.alphazero] cause: =&gt; [IllegalArgumentException: null reference:{connection on setConnection()} in method JRedisClient.setConnection() [file: JRedisClient.java line:158 - package: org.jredis.ri.alphazero]]" type="org.springframework.data.redis.connection.PoolException">org.springframework.data.redis.connection.PoolException: Could not get a resource from the pool; nested exception is org.jredis.ClientRuntimeException: null reference:{connection on setConnection()} in method JRedisClient.setConnection() [file: JRedisClient.java line:158 - package: org.jredis.ri.alphazero] cause: => [IllegalArgumentException: null reference:{connection on setConnection()} in method JRedisClient.setConnection() [file: JRedisClient.java line:158 - package: org.jredis.ri.alphazero]]
Caused by: org.jredis.ClientRuntimeException: null reference:{connection on setConnection()} in method JRedisClient.setConnection() [file: JRedisClient.java line:158 - package: org.jredis.ri.alphazero] cause: => [IllegalArgumentException: null reference:{connection on setConnection()} in method JRedisClient.setConnection() [file: JRedisClient.java line:158 - package: org.jredis.ri.alphazero]]
Caused by: java.lang.IllegalArgumentException: null reference:{connection on setConnection()} in method JRedisClient.setConnection() [file: JRedisClient.java line:158 - package: org.jredis.ri.alphazero]
</error>
    <system-err><![CDATA[01475611470271 Tue Oct 04 17:04:30 BRT 2016 JRedis[tid:1] <INFORMAÇÕES>: WARNING: heartbeat is disabled.
01475611470271 Tue Oct 04 17:04:30 BRT 2016 JRedis[tid:1] <ADVERTÊNCIA>: PROBLEM: Shutting down due to connection FAULT: Socket connect failed [cause: java.net.ConnectException: Conexão recusada] -- make sure the server is running at localhost:6379 - Connection: SYNCHRONOUS  localhost/127.0.0.1:6379 db:0 | SyncConnection@1198197478
01475611470271 Tue Oct 04 17:04:30 BRT 2016 JRedis[tid:1] <GRAVE>: Error creating connection -> Socket connect failed [cause: java.net.ConnectException: Conexão recusada] -- make sure the server is running at localhost:6379
01475611470271 Tue Oct 04 17:04:30 BRT 2016 JRedis[tid:1] <INFORMAÇÕES>: WARNING: heartbeat is disabled.
01475611470272 Tue Oct 04 17:04:30 BRT 2016 JRedis[tid:1] <ADVERTÊNCIA>: PROBLEM: Shutting down due to connection FAULT: Socket connect failed [cause: java.net.ConnectException: Conexão recusada] -- make sure the server is running at localhost:6379 - Connection: SYNCHRONOUS  localhost/127.0.0.1:6379 db:0 | SyncConnection@476579021
01475611470272 Tue Oct 04 17:04:30 BRT 2016 JRedis[tid:1] <GRAVE>: Error creating connection -> Socket connect failed [cause: java.net.ConnectException: Conexão recusada] -- make sure the server is running at localhost:6379
]]></system-err>
  </testcase>
  <testcase name="testAddLast[9]" classname="org.springframework.data.redis.support.collections.RedisListTests" time="0.002">
    <error message="Could not get a resource from the pool; nested exception is org.jredis.ClientRuntimeException: null reference:{connection on setConnection()} in method JRedisClient.setConnection() [file: JRedisClient.java line:158 - package: org.jredis.ri.alphazero] cause: =&gt; [IllegalArgumentException: null reference:{connection on setConnection()} in method JRedisClient.setConnection() [file: JRedisClient.java line:158 - package: org.jredis.ri.alphazero]]" type="org.springframework.data.redis.connection.PoolException">org.springframework.data.redis.connection.PoolException: Could not get a resource from the pool; nested exception is org.jredis.ClientRuntimeException: null reference:{connection on setConnection()} in method JRedisClient.setConnection() [file: JRedisClient.java line:158 - package: org.jredis.ri.alphazero] cause: => [IllegalArgumentException: null reference:{connection on setConnection()} in method JRedisClient.setConnection() [file: JRedisClient.java line:158 - package: org.jredis.ri.alphazero]]
Caused by: org.jredis.ClientRuntimeException: null reference:{connection on setConnection()} in method JRedisClient.setConnection() [file: JRedisClient.java line:158 - package: org.jredis.ri.alphazero] cause: => [IllegalArgumentException: null reference:{connection on setConnection()} in method JRedisClient.setConnection() [file: JRedisClient.java line:158 - package: org.jredis.ri.alphazero]]
Caused by: java.lang.IllegalArgumentException: null reference:{connection on setConnection()} in method JRedisClient.setConnection() [file: JRedisClient.java line:158 - package: org.jredis.ri.alphazero]
</error>
  </testcase>
  <testcase name="testPop[9]" classname="org.springframework.data.redis.support.collections.RedisListTests" time="0.002">
    <error message="Could not get a resource from the pool; nested exception is org.jredis.ClientRuntimeException: null reference:{connection on setConnection()} in method JRedisClient.setConnection() [file: JRedisClient.java line:158 - package: org.jredis.ri.alphazero] cause: =&gt; [IllegalArgumentException: null reference:{connection on setConnection()} in method JRedisClient.setConnection() [file: JRedisClient.java line:158 - package: org.jredis.ri.alphazero]]" type="org.springframework.data.redis.connection.PoolException">org.springframework.data.redis.connection.PoolException: Could not get a resource from the pool; nested exception is org.jredis.ClientRuntimeException: null reference:{connection on setConnection()} in method JRedisClient.setConnection() [file: JRedisClient.java line:158 - package: org.jredis.ri.alphazero] cause: => [IllegalArgumentException: null reference:{connection on setConnection()} in method JRedisClient.setConnection() [file: JRedisClient.java line:158 - package: org.jredis.ri.alphazero]]
Caused by: org.jredis.ClientRuntimeException: null reference:{connection on setConnection()} in method JRedisClient.setConnection() [file: JRedisClient.java line:158 - package: org.jredis.ri.alphazero] cause: => [IllegalArgumentException: null reference:{connection on setConnection()} in method JRedisClient.setConnection() [file: JRedisClient.java line:158 - package: org.jredis.ri.alphazero]]
Caused by: java.lang.IllegalArgumentException: null reference:{connection on setConnection()} in method JRedisClient.setConnection() [file: JRedisClient.java line:158 - package: org.jredis.ri.alphazero]
</error>
    <system-err><![CDATA[01475611470272 Tue Oct 04 17:04:30 BRT 2016 JRedis[tid:1] <INFORMAÇÕES>: WARNING: heartbeat is disabled.
01475611470273 Tue Oct 04 17:04:30 BRT 2016 JRedis[tid:1] <ADVERTÊNCIA>: PROBLEM: Shutting down due to connection FAULT: Socket connect failed [cause: java.net.ConnectException: Conexão recusada] -- make sure the server is running at localhost:6379 - Connection: SYNCHRONOUS  localhost/127.0.0.1:6379 db:0 | SyncConnection@106297322
01475611470273 Tue Oct 04 17:04:30 BRT 2016 JRedis[tid:1] <GRAVE>: Error creating connection -> Socket connect failed [cause: java.net.ConnectException: Conexão recusada] -- make sure the server is running at localhost:6379
01475611470273 Tue Oct 04 17:04:30 BRT 2016 JRedis[tid:1] <INFORMAÇÕES>: WARNING: heartbeat is disabled.
01475611470273 Tue Oct 04 17:04:30 BRT 2016 JRedis[tid:1] <ADVERTÊNCIA>: PROBLEM: Shutting down due to connection FAULT: Socket connect failed [cause: java.net.ConnectException: Conexão recusada] -- make sure the server is running at localhost:6379 - Connection: SYNCHRONOUS  localhost/127.0.0.1:6379 db:0 | SyncConnection@1419332030
01475611470273 Tue Oct 04 17:04:30 BRT 2016 JRedis[tid:1] <GRAVE>: Error creating connection -> Socket connect failed [cause: java.net.ConnectException: Conexão recusada] -- make sure the server is running at localhost:6379
]]></system-err>
  </testcase>
  <testcase name="testPop[9]" classname="org.springframework.data.redis.support.collections.RedisListTests" time="0.002">
    <error message="Could not get a resource from the pool; nested exception is org.jredis.ClientRuntimeException: null reference:{connection on setConnection()} in method JRedisClient.setConnection() [file: JRedisClient.java line:158 - package: org.jredis.ri.alphazero] cause: =&gt; [IllegalArgumentException: null reference:{connection on setConnection()} in method JRedisClient.setConnection() [file: JRedisClient.java line:158 - package: org.jredis.ri.alphazero]]" type="org.springframework.data.redis.connection.PoolException">org.springframework.data.redis.connection.PoolException: Could not get a resource from the pool; nested exception is org.jredis.ClientRuntimeException: null reference:{connection on setConnection()} in method JRedisClient.setConnection() [file: JRedisClient.java line:158 - package: org.jredis.ri.alphazero] cause: => [IllegalArgumentException: null reference:{connection on setConnection()} in method JRedisClient.setConnection() [file: JRedisClient.java line:158 - package: org.jredis.ri.alphazero]]
Caused by: org.jredis.ClientRuntimeException: null reference:{connection on setConnection()} in method JRedisClient.setConnection() [file: JRedisClient.java line:158 - package: org.jredis.ri.alphazero] cause: => [IllegalArgumentException: null reference:{connection on setConnection()} in method JRedisClient.setConnection() [file: JRedisClient.java line:158 - package: org.jredis.ri.alphazero]]
Caused by: java.lang.IllegalArgumentException: null reference:{connection on setConnection()} in method JRedisClient.setConnection() [file: JRedisClient.java line:158 - package: org.jredis.ri.alphazero]
</error>
  </testcase>
  <testcase name="testPut[9]" classname="org.springframework.data.redis.support.collections.RedisListTests" time="0.002">
    <error message="Could not get a resource from the pool; nested exception is org.jredis.ClientRuntimeException: null reference:{connection on setConnection()} in method JRedisClient.setConnection() [file: JRedisClient.java line:158 - package: org.jredis.ri.alphazero] cause: =&gt; [IllegalArgumentException: null reference:{connection on setConnection()} in method JRedisClient.setConnection() [file: JRedisClient.java line:158 - package: org.jredis.ri.alphazero]]" type="org.springframework.data.redis.connection.PoolException">org.springframework.data.redis.connection.PoolException: Could not get a resource from the pool; nested exception is org.jredis.ClientRuntimeException: null reference:{connection on setConnection()} in method JRedisClient.setConnection() [file: JRedisClient.java line:158 - package: org.jredis.ri.alphazero] cause: => [IllegalArgumentException: null reference:{connection on setConnection()} in method JRedisClient.setConnection() [file: JRedisClient.java line:158 - package: org.jredis.ri.alphazero]]
Caused by: org.jredis.ClientRuntimeException: null reference:{connection on setConnection()} in method JRedisClient.setConnection() [file: JRedisClient.java line:158 - package: org.jredis.ri.alphazero] cause: => [IllegalArgumentException: null reference:{connection on setConnection()} in method JRedisClient.setConnection() [file: JRedisClient.java line:158 - package: org.jredis.ri.alphazero]]
Caused by: java.lang.IllegalArgumentException: null reference:{connection on setConnection()} in method JRedisClient.setConnection() [file: JRedisClient.java line:158 - package: org.jredis.ri.alphazero]
</error>
    <system-err><![CDATA[01475611470274 Tue Oct 04 17:04:30 BRT 2016 JRedis[tid:1] <INFORMAÇÕES>: WARNING: heartbeat is disabled.
01475611470274 Tue Oct 04 17:04:30 BRT 2016 JRedis[tid:1] <ADVERTÊNCIA>: PROBLEM: Shutting down due to connection FAULT: Socket connect failed [cause: java.net.ConnectException: Conexão recusada] -- make sure the server is running at localhost:6379 - Connection: SYNCHRONOUS  localhost/127.0.0.1:6379 db:0 | SyncConnection@1839206329
01475611470274 Tue Oct 04 17:04:30 BRT 2016 JRedis[tid:1] <GRAVE>: Error creating connection -> Socket connect failed [cause: java.net.ConnectException: Conexão recusada] -- make sure the server is running at localhost:6379
01475611470275 Tue Oct 04 17:04:30 BRT 2016 JRedis[tid:1] <INFORMAÇÕES>: WARNING: heartbeat is disabled.
01475611470275 Tue Oct 04 17:04:30 BRT 2016 JRedis[tid:1] <ADVERTÊNCIA>: PROBLEM: Shutting down due to connection FAULT: Socket connect failed [cause: java.net.ConnectException: Conexão recusada] -- make sure the server is running at localhost:6379 - Connection: SYNCHRONOUS  localhost/127.0.0.1:6379 db:0 | SyncConnection@169880779
01475611470275 Tue Oct 04 17:04:30 BRT 2016 JRedis[tid:1] <GRAVE>: Error creating connection -> Socket connect failed [cause: java.net.ConnectException: Conexão recusada] -- make sure the server is running at localhost:6379
]]></system-err>
  </testcase>
  <testcase name="testPut[9]" classname="org.springframework.data.redis.support.collections.RedisListTests" time="0.002">
    <error message="Could not get a resource from the pool; nested exception is org.jredis.ClientRuntimeException: null reference:{connection on setConnection()} in method JRedisClient.setConnection() [file: JRedisClient.java line:158 - package: org.jredis.ri.alphazero] cause: =&gt; [IllegalArgumentException: null reference:{connection on setConnection()} in method JRedisClient.setConnection() [file: JRedisClient.java line:158 - package: org.jredis.ri.alphazero]]" type="org.springframework.data.redis.connection.PoolException">org.springframework.data.redis.connection.PoolException: Could not get a resource from the pool; nested exception is org.jredis.ClientRuntimeException: null reference:{connection on setConnection()} in method JRedisClient.setConnection() [file: JRedisClient.java line:158 - package: org.jredis.ri.alphazero] cause: => [IllegalArgumentException: null reference:{connection on setConnection()} in method JRedisClient.setConnection() [file: JRedisClient.java line:158 - package: org.jredis.ri.alphazero]]
Caused by: org.jredis.ClientRuntimeException: null reference:{connection on setConnection()} in method JRedisClient.setConnection() [file: JRedisClient.java line:158 - package: org.jredis.ri.alphazero] cause: => [IllegalArgumentException: null reference:{connection on setConnection()} in method JRedisClient.setConnection() [file: JRedisClient.java line:158 - package: org.jredis.ri.alphazero]]
Caused by: java.lang.IllegalArgumentException: null reference:{connection on setConnection()} in method JRedisClient.setConnection() [file: JRedisClient.java line:158 - package: org.jredis.ri.alphazero]
</error>
  </testcase>
  <testcase name="testSet[9]" classname="org.springframework.data.redis.support.collections.RedisListTests" time="0.002">
    <error message="Could not get a resource from the pool; nested exception is org.jredis.ClientRuntimeException: null reference:{connection on setConnection()} in method JRedisClient.setConnection() [file: JRedisClient.java line:158 - package: org.jredis.ri.alphazero] cause: =&gt; [IllegalArgumentException: null reference:{connection on setConnection()} in method JRedisClient.setConnection() [file: JRedisClient.java line:158 - package: org.jredis.ri.alphazero]]" type="org.springframework.data.redis.connection.PoolException">org.springframework.data.redis.connection.PoolException: Could not get a resource from the pool; nested exception is org.jredis.ClientRuntimeException: null reference:{connection on setConnection()} in method JRedisClient.setConnection() [file: JRedisClient.java line:158 - package: org.jredis.ri.alphazero] cause: => [IllegalArgumentException: null reference:{connection on setConnection()} in method JRedisClient.setConnection() [file: JRedisClient.java line:158 - package: org.jredis.ri.alphazero]]
Caused by: org.jredis.ClientRuntimeException: null reference:{connection on setConnection()} in method JRedisClient.setConnection() [file: JRedisClient.java line:158 - package: org.jredis.ri.alphazero] cause: => [IllegalArgumentException: null reference:{connection on setConnection()} in method JRedisClient.setConnection() [file: JRedisClient.java line:158 - package: org.jredis.ri.alphazero]]
Caused by: java.lang.IllegalArgumentException: null reference:{connection on setConnection()} in method JRedisClient.setConnection() [file: JRedisClient.java line:158 - package: org.jredis.ri.alphazero]
</error>
    <system-err><![CDATA[01475611470276 Tue Oct 04 17:04:30 BRT 2016 JRedis[tid:1] <INFORMAÇÕES>: WARNING: heartbeat is disabled.
01475611470276 Tue Oct 04 17:04:30 BRT 2016 JRedis[tid:1] <ADVERTÊNCIA>: PROBLEM: Shutting down due to connection FAULT: Socket connect failed [cause: java.net.ConnectException: Conexão recusada] -- make sure the server is running at localhost:6379 - Connection: SYNCHRONOUS  localhost/127.0.0.1:6379 db:0 | SyncConnection@1563053805
01475611470276 Tue Oct 04 17:04:30 BRT 2016 JRedis[tid:1] <GRAVE>: Error creating connection -> Socket connect failed [cause: java.net.ConnectException: Conexão recusada] -- make sure the server is running at localhost:6379
01475611470277 Tue Oct 04 17:04:30 BRT 2016 JRedis[tid:1] <INFORMAÇÕES>: WARNING: heartbeat is disabled.
01475611470277 Tue Oct 04 17:04:30 BRT 2016 JRedis[tid:1] <ADVERTÊNCIA>: PROBLEM: Shutting down due to connection FAULT: Socket connect failed [cause: java.net.ConnectException: Conexão recusada] -- make sure the server is running at localhost:6379 - Connection: SYNCHRONOUS  localhost/127.0.0.1:6379 db:0 | SyncConnection@1464177809
01475611470277 Tue Oct 04 17:04:30 BRT 2016 JRedis[tid:1] <GRAVE>: Error creating connection -> Socket connect failed [cause: java.net.ConnectException: Conexão recusada] -- make sure the server is running at localhost:6379
]]></system-err>
  </testcase>
  <testcase name="testSet[9]" classname="org.springframework.data.redis.support.collections.RedisListTests" time="0.002">
    <error message="Could not get a resource from the pool; nested exception is org.jredis.ClientRuntimeException: null reference:{connection on setConnection()} in method JRedisClient.setConnection() [file: JRedisClient.java line:158 - package: org.jredis.ri.alphazero] cause: =&gt; [IllegalArgumentException: null reference:{connection on setConnection()} in method JRedisClient.setConnection() [file: JRedisClient.java line:158 - package: org.jredis.ri.alphazero]]" type="org.springframework.data.redis.connection.PoolException">org.springframework.data.redis.connection.PoolException: Could not get a resource from the pool; nested exception is org.jredis.ClientRuntimeException: null reference:{connection on setConnection()} in method JRedisClient.setConnection() [file: JRedisClient.java line:158 - package: org.jredis.ri.alphazero] cause: => [IllegalArgumentException: null reference:{connection on setConnection()} in method JRedisClient.setConnection() [file: JRedisClient.java line:158 - package: org.jredis.ri.alphazero]]
Caused by: org.jredis.ClientRuntimeException: null reference:{connection on setConnection()} in method JRedisClient.setConnection() [file: JRedisClient.java line:158 - package: org.jredis.ri.alphazero] cause: => [IllegalArgumentException: null reference:{connection on setConnection()} in method JRedisClient.setConnection() [file: JRedisClient.java line:158 - package: org.jredis.ri.alphazero]]
Caused by: java.lang.IllegalArgumentException: null reference:{connection on setConnection()} in method JRedisClient.setConnection() [file: JRedisClient.java line:158 - package: org.jredis.ri.alphazero]
</error>
  </testcase>
  <testcase name="testOffer[9]" classname="org.springframework.data.redis.support.collections.RedisListTests" time="0.001">
    <error message="Could not get a resource from the pool; nested exception is org.jredis.ClientRuntimeException: null reference:{connection on setConnection()} in method JRedisClient.setConnection() [file: JRedisClient.java line:158 - package: org.jredis.ri.alphazero] cause: =&gt; [IllegalArgumentException: null reference:{connection on setConnection()} in method JRedisClient.setConnection() [file: JRedisClient.java line:158 - package: org.jredis.ri.alphazero]]" type="org.springframework.data.redis.connection.PoolException">org.springframework.data.redis.connection.PoolException: Could not get a resource from the pool; nested exception is org.jredis.ClientRuntimeException: null reference:{connection on setConnection()} in method JRedisClient.setConnection() [file: JRedisClient.java line:158 - package: org.jredis.ri.alphazero] cause: => [IllegalArgumentException: null reference:{connection on setConnection()} in method JRedisClient.setConnection() [file: JRedisClient.java line:158 - package: org.jredis.ri.alphazero]]
Caused by: org.jredis.ClientRuntimeException: null reference:{connection on setConnection()} in method JRedisClient.setConnection() [file: JRedisClient.java line:158 - package: org.jredis.ri.alphazero] cause: => [IllegalArgumentException: null reference:{connection on setConnection()} in method JRedisClient.setConnection() [file: JRedisClient.java line:158 - package: org.jredis.ri.alphazero]]
Caused by: java.lang.IllegalArgumentException: null reference:{connection on setConnection()} in method JRedisClient.setConnection() [file: JRedisClient.java line:158 - package: org.jredis.ri.alphazero]
</error>
    <system-err><![CDATA[01475611470278 Tue Oct 04 17:04:30 BRT 2016 JRedis[tid:1] <INFORMAÇÕES>: WARNING: heartbeat is disabled.
01475611470278 Tue Oct 04 17:04:30 BRT 2016 JRedis[tid:1] <ADVERTÊNCIA>: PROBLEM: Shutting down due to connection FAULT: Socket connect failed [cause: java.net.ConnectException: Conexão recusada] -- make sure the server is running at localhost:6379 - Connection: SYNCHRONOUS  localhost/127.0.0.1:6379 db:0 | SyncConnection@1172535934
01475611470278 Tue Oct 04 17:04:30 BRT 2016 JRedis[tid:1] <GRAVE>: Error creating connection -> Socket connect failed [cause: java.net.ConnectException: Conexão recusada] -- make sure the server is running at localhost:6379
01475611470279 Tue Oct 04 17:04:30 BRT 2016 JRedis[tid:1] <INFORMAÇÕES>: WARNING: heartbeat is disabled.
01475611470279 Tue Oct 04 17:04:30 BRT 2016 JRedis[tid:1] <ADVERTÊNCIA>: PROBLEM: Shutting down due to connection FAULT: Socket connect failed [cause: java.net.ConnectException: Conexão recusada] -- make sure the server is running at localhost:6379 - Connection: SYNCHRONOUS  localhost/127.0.0.1:6379 db:0 | SyncConnection@1648700617
01475611470279 Tue Oct 04 17:04:30 BRT 2016 JRedis[tid:1] <GRAVE>: Error creating connection -> Socket connect failed [cause: java.net.ConnectException: Conexão recusada] -- make sure the server is running at localhost:6379
]]></system-err>
  </testcase>
  <testcase name="testOffer[9]" classname="org.springframework.data.redis.support.collections.RedisListTests" time="0.001">
    <error message="Could not get a resource from the pool; nested exception is org.jredis.ClientRuntimeException: null reference:{connection on setConnection()} in method JRedisClient.setConnection() [file: JRedisClient.java line:158 - package: org.jredis.ri.alphazero] cause: =&gt; [IllegalArgumentException: null reference:{connection on setConnection()} in method JRedisClient.setConnection() [file: JRedisClient.java line:158 - package: org.jredis.ri.alphazero]]" type="org.springframework.data.redis.connection.PoolException">org.springframework.data.redis.connection.PoolException: Could not get a resource from the pool; nested exception is org.jredis.ClientRuntimeException: null reference:{connection on setConnection()} in method JRedisClient.setConnection() [file: JRedisClient.java line:158 - package: org.jredis.ri.alphazero] cause: => [IllegalArgumentException: null reference:{connection on setConnection()} in method JRedisClient.setConnection() [file: JRedisClient.java line:158 - package: org.jredis.ri.alphazero]]
Caused by: org.jredis.ClientRuntimeException: null reference:{connection on setConnection()} in method JRedisClient.setConnection() [file: JRedisClient.java line:158 - package: org.jredis.ri.alphazero] cause: => [IllegalArgumentException: null reference:{connection on setConnection()} in method JRedisClient.setConnection() [file: JRedisClient.java line:158 - package: org.jredis.ri.alphazero]]
Caused by: java.lang.IllegalArgumentException: null reference:{connection on setConnection()} in method JRedisClient.setConnection() [file: JRedisClient.java line:158 - package: org.jredis.ri.alphazero]
</error>
  </testcase>
  <testcase name="testRange[9]" classname="org.springframework.data.redis.support.collections.RedisListTests" time="0.001">
    <error message="Could not get a resource from the pool; nested exception is org.jredis.ClientRuntimeException: null reference:{connection on setConnection()} in method JRedisClient.setConnection() [file: JRedisClient.java line:158 - package: org.jredis.ri.alphazero] cause: =&gt; [IllegalArgumentException: null reference:{connection on setConnection()} in method JRedisClient.setConnection() [file: JRedisClient.java line:158 - package: org.jredis.ri.alphazero]]" type="org.springframework.data.redis.connection.PoolException">org.springframework.data.redis.connection.PoolException: Could not get a resource from the pool; nested exception is org.jredis.ClientRuntimeException: null reference:{connection on setConnection()} in method JRedisClient.setConnection() [file: JRedisClient.java line:158 - package: org.jredis.ri.alphazero] cause: => [IllegalArgumentException: null reference:{connection on setConnection()} in method JRedisClient.setConnection() [file: JRedisClient.java line:158 - package: org.jredis.ri.alphazero]]
Caused by: org.jredis.ClientRuntimeException: null reference:{connection on setConnection()} in method JRedisClient.setConnection() [file: JRedisClient.java line:158 - package: org.jredis.ri.alphazero] cause: => [IllegalArgumentException: null reference:{connection on setConnection()} in method JRedisClient.setConnection() [file: JRedisClient.java line:158 - package: org.jredis.ri.alphazero]]
Caused by: java.lang.IllegalArgumentException: null reference:{connection on setConnection()} in method JRedisClient.setConnection() [file: JRedisClient.java line:158 - package: org.jredis.ri.alphazero]
</error>
    <system-err><![CDATA[01475611470280 Tue Oct 04 17:04:30 BRT 2016 JRedis[tid:1] <INFORMAÇÕES>: WARNING: heartbeat is disabled.
01475611470280 Tue Oct 04 17:04:30 BRT 2016 JRedis[tid:1] <ADVERTÊNCIA>: PROBLEM: Shutting down due to connection FAULT: Socket connect failed [cause: java.net.ConnectException: Conexão recusada] -- make sure the server is running at localhost:6379 - Connection: SYNCHRONOUS  localhost/127.0.0.1:6379 db:0 | SyncConnection@1765900922
01475611470280 Tue Oct 04 17:04:30 BRT 2016 JRedis[tid:1] <GRAVE>: Error creating connection -> Socket connect failed [cause: java.net.ConnectException: Conexão recusada] -- make sure the server is running at localhost:6379
01475611470280 Tue Oct 04 17:04:30 BRT 2016 JRedis[tid:1] <INFORMAÇÕES>: WARNING: heartbeat is disabled.
01475611470281 Tue Oct 04 17:04:30 BRT 2016 JRedis[tid:1] <ADVERTÊNCIA>: PROBLEM: Shutting down due to connection FAULT: Socket connect failed [cause: java.net.ConnectException: Conexão recusada] -- make sure the server is running at localhost:6379 - Connection: SYNCHRONOUS  localhost/127.0.0.1:6379 db:0 | SyncConnection@94830685
01475611470281 Tue Oct 04 17:04:30 BRT 2016 JRedis[tid:1] <GRAVE>: Error creating connection -> Socket connect failed [cause: java.net.ConnectException: Conexão recusada] -- make sure the server is running at localhost:6379
]]></system-err>
  </testcase>
  <testcase name="testRange[9]" classname="org.springframework.data.redis.support.collections.RedisListTests" time="0.001">
    <error message="Could not get a resource from the pool; nested exception is org.jredis.ClientRuntimeException: null reference:{connection on setConnection()} in method JRedisClient.setConnection() [file: JRedisClient.java line:158 - package: org.jredis.ri.alphazero] cause: =&gt; [IllegalArgumentException: null reference:{connection on setConnection()} in method JRedisClient.setConnection() [file: JRedisClient.java line:158 - package: org.jredis.ri.alphazero]]" type="org.springframework.data.redis.connection.PoolException">org.springframework.data.redis.connection.PoolException: Could not get a resource from the pool; nested exception is org.jredis.ClientRuntimeException: null reference:{connection on setConnection()} in method JRedisClient.setConnection() [file: JRedisClient.java line:158 - package: org.jredis.ri.alphazero] cause: => [IllegalArgumentException: null reference:{connection on setConnection()} in method JRedisClient.setConnection() [file: JRedisClient.java line:158 - package: org.jredis.ri.alphazero]]
Caused by: org.jredis.ClientRuntimeException: null reference:{connection on setConnection()} in method JRedisClient.setConnection() [file: JRedisClient.java line:158 - package: org.jredis.ri.alphazero] cause: => [IllegalArgumentException: null reference:{connection on setConnection()} in method JRedisClient.setConnection() [file: JRedisClient.java line:158 - package: org.jredis.ri.alphazero]]
Caused by: java.lang.IllegalArgumentException: null reference:{connection on setConnection()} in method JRedisClient.setConnection() [file: JRedisClient.java line:158 - package: org.jredis.ri.alphazero]
</error>
  </testcase>
  <testcase name="testLast[9]" classname="org.springframework.data.redis.support.collections.RedisListTests" time="0.002">
    <error message="Could not get a resource from the pool; nested exception is org.jredis.ClientRuntimeException: null reference:{connection on setConnection()} in method JRedisClient.setConnection() [file: JRedisClient.java line:158 - package: org.jredis.ri.alphazero] cause: =&gt; [IllegalArgumentException: null reference:{connection on setConnection()} in method JRedisClient.setConnection() [file: JRedisClient.java line:158 - package: org.jredis.ri.alphazero]]" type="org.springframework.data.redis.connection.PoolException">org.springframework.data.redis.connection.PoolException: Could not get a resource from the pool; nested exception is org.jredis.ClientRuntimeException: null reference:{connection on setConnection()} in method JRedisClient.setConnection() [file: JRedisClient.java line:158 - package: org.jredis.ri.alphazero] cause: => [IllegalArgumentException: null reference:{connection on setConnection()} in method JRedisClient.setConnection() [file: JRedisClient.java line:158 - package: org.jredis.ri.alphazero]]
Caused by: org.jredis.ClientRuntimeException: null reference:{connection on setConnection()} in method JRedisClient.setConnection() [file: JRedisClient.java line:158 - package: org.jredis.ri.alphazero] cause: => [IllegalArgumentException: null reference:{connection on setConnection()} in method JRedisClient.setConnection() [file: JRedisClient.java line:158 - package: org.jredis.ri.alphazero]]
Caused by: java.lang.IllegalArgumentException: null reference:{connection on setConnection()} in method JRedisClient.setConnection() [file: JRedisClient.java line:158 - package: org.jredis.ri.alphazero]
</error>
    <system-err><![CDATA[01475611470281 Tue Oct 04 17:04:30 BRT 2016 JRedis[tid:1] <INFORMAÇÕES>: WARNING: heartbeat is disabled.
01475611470282 Tue Oct 04 17:04:30 BRT 2016 JRedis[tid:1] <ADVERTÊNCIA>: PROBLEM: Shutting down due to connection FAULT: Socket connect failed [cause: java.net.ConnectException: Conexão recusada] -- make sure the server is running at localhost:6379 - Connection: SYNCHRONOUS  localhost/127.0.0.1:6379 db:0 | SyncConnection@1099552523
01475611470282 Tue Oct 04 17:04:30 BRT 2016 JRedis[tid:1] <GRAVE>: Error creating connection -> Socket connect failed [cause: java.net.ConnectException: Conexão recusada] -- make sure the server is running at localhost:6379
01475611470282 Tue Oct 04 17:04:30 BRT 2016 JRedis[tid:1] <INFORMAÇÕES>: WARNING: heartbeat is disabled.
01475611470282 Tue Oct 04 17:04:30 BRT 2016 JRedis[tid:1] <ADVERTÊNCIA>: PROBLEM: Shutting down due to connection FAULT: Socket connect failed [cause: java.net.ConnectException: Conexão recusada] -- make sure the server is running at localhost:6379 - Connection: SYNCHRONOUS  localhost/127.0.0.1:6379 db:0 | SyncConnection@66724371
01475611470282 Tue Oct 04 17:04:30 BRT 2016 JRedis[tid:1] <GRAVE>: Error creating connection -> Socket connect failed [cause: java.net.ConnectException: Conexão recusada] -- make sure the server is running at localhost:6379
]]></system-err>
  </testcase>
  <testcase name="testLast[9]" classname="org.springframework.data.redis.support.collections.RedisListTests" time="0.002">
    <error message="Could not get a resource from the pool; nested exception is org.jredis.ClientRuntimeException: null reference:{connection on setConnection()} in method JRedisClient.setConnection() [file: JRedisClient.java line:158 - package: org.jredis.ri.alphazero] cause: =&gt; [IllegalArgumentException: null reference:{connection on setConnection()} in method JRedisClient.setConnection() [file: JRedisClient.java line:158 - package: org.jredis.ri.alphazero]]" type="org.springframework.data.redis.connection.PoolException">org.springframework.data.redis.connection.PoolException: Could not get a resource from the pool; nested exception is org.jredis.ClientRuntimeException: null reference:{connection on setConnection()} in method JRedisClient.setConnection() [file: JRedisClient.java line:158 - package: org.jredis.ri.alphazero] cause: => [IllegalArgumentException: null reference:{connection on setConnection()} in method JRedisClient.setConnection() [file: JRedisClient.java line:158 - package: org.jredis.ri.alphazero]]
Caused by: org.jredis.ClientRuntimeException: null reference:{connection on setConnection()} in method JRedisClient.setConnection() [file: JRedisClient.java line:158 - package: org.jredis.ri.alphazero] cause: => [IllegalArgumentException: null reference:{connection on setConnection()} in method JRedisClient.setConnection() [file: JRedisClient.java line:158 - package: org.jredis.ri.alphazero]]
Caused by: java.lang.IllegalArgumentException: null reference:{connection on setConnection()} in method JRedisClient.setConnection() [file: JRedisClient.java line:158 - package: org.jredis.ri.alphazero]
</error>
  </testcase>
  <testcase name="testPeek[9]" classname="org.springframework.data.redis.support.collections.RedisListTests" time="0.002">
    <error message="Could not get a resource from the pool; nested exception is org.jredis.ClientRuntimeException: null reference:{connection on setConnection()} in method JRedisClient.setConnection() [file: JRedisClient.java line:158 - package: org.jredis.ri.alphazero] cause: =&gt; [IllegalArgumentException: null reference:{connection on setConnection()} in method JRedisClient.setConnection() [file: JRedisClient.java line:158 - package: org.jredis.ri.alphazero]]" type="org.springframework.data.redis.connection.PoolException">org.springframework.data.redis.connection.PoolException: Could not get a resource from the pool; nested exception is org.jredis.ClientRuntimeException: null reference:{connection on setConnection()} in method JRedisClient.setConnection() [file: JRedisClient.java line:158 - package: org.jredis.ri.alphazero] cause: => [IllegalArgumentException: null reference:{connection on setConnection()} in method JRedisClient.setConnection() [file: JRedisClient.java line:158 - package: org.jredis.ri.alphazero]]
Caused by: org.jredis.ClientRuntimeException: null reference:{connection on setConnection()} in method JRedisClient.setConnection() [file: JRedisClient.java line:158 - package: org.jredis.ri.alphazero] cause: => [IllegalArgumentException: null reference:{connection on setConnection()} in method JRedisClient.setConnection() [file: JRedisClient.java line:158 - package: org.jredis.ri.alphazero]]
Caused by: java.lang.IllegalArgumentException: null reference:{connection on setConnection()} in method JRedisClient.setConnection() [file: JRedisClient.java line:158 - package: org.jredis.ri.alphazero]
</error>
    <system-err><![CDATA[01475611470283 Tue Oct 04 17:04:30 BRT 2016 JRedis[tid:1] <INFORMAÇÕES>: WARNING: heartbeat is disabled.
01475611470284 Tue Oct 04 17:04:30 BRT 2016 JRedis[tid:1] <ADVERTÊNCIA>: PROBLEM: Shutting down due to connection FAULT: Socket connect failed [cause: java.net.ConnectException: Conexão recusada] -- make sure the server is running at localhost:6379 - Connection: SYNCHRONOUS  localhost/127.0.0.1:6379 db:0 | SyncConnection@1047934137
01475611470284 Tue Oct 04 17:04:30 BRT 2016 JRedis[tid:1] <GRAVE>: Error creating connection -> Socket connect failed [cause: java.net.ConnectException: Conexão recusada] -- make sure the server is running at localhost:6379
01475611470284 Tue Oct 04 17:04:30 BRT 2016 JRedis[tid:1] <INFORMAÇÕES>: WARNING: heartbeat is disabled.
01475611470284 Tue Oct 04 17:04:30 BRT 2016 JRedis[tid:1] <ADVERTÊNCIA>: PROBLEM: Shutting down due to connection FAULT: Socket connect failed [cause: java.net.ConnectException: Conexão recusada] -- make sure the server is running at localhost:6379 - Connection: SYNCHRONOUS  localhost/127.0.0.1:6379 db:0 | SyncConnection@1862994526
01475611470284 Tue Oct 04 17:04:30 BRT 2016 JRedis[tid:1] <GRAVE>: Error creating connection -> Socket connect failed [cause: java.net.ConnectException: Conexão recusada] -- make sure the server is running at localhost:6379
]]></system-err>
  </testcase>
  <testcase name="testPeek[9]" classname="org.springframework.data.redis.support.collections.RedisListTests" time="0.002">
    <error message="Could not get a resource from the pool; nested exception is org.jredis.ClientRuntimeException: null reference:{connection on setConnection()} in method JRedisClient.setConnection() [file: JRedisClient.java line:158 - package: org.jredis.ri.alphazero] cause: =&gt; [IllegalArgumentException: null reference:{connection on setConnection()} in method JRedisClient.setConnection() [file: JRedisClient.java line:158 - package: org.jredis.ri.alphazero]]" type="org.springframework.data.redis.connection.PoolException">org.springframework.data.redis.connection.PoolException: Could not get a resource from the pool; nested exception is org.jredis.ClientRuntimeException: null reference:{connection on setConnection()} in method JRedisClient.setConnection() [file: JRedisClient.java line:158 - package: org.jredis.ri.alphazero] cause: => [IllegalArgumentException: null reference:{connection on setConnection()} in method JRedisClient.setConnection() [file: JRedisClient.java line:158 - package: org.jredis.ri.alphazero]]
Caused by: org.jredis.ClientRuntimeException: null reference:{connection on setConnection()} in method JRedisClient.setConnection() [file: JRedisClient.java line:158 - package: org.jredis.ri.alphazero] cause: => [IllegalArgumentException: null reference:{connection on setConnection()} in method JRedisClient.setConnection() [file: JRedisClient.java line:158 - package: org.jredis.ri.alphazero]]
Caused by: java.lang.IllegalArgumentException: null reference:{connection on setConnection()} in method JRedisClient.setConnection() [file: JRedisClient.java line:158 - package: org.jredis.ri.alphazero]
</error>
  </testcase>
  <testcase name="testPoll[9]" classname="org.springframework.data.redis.support.collections.RedisListTests" time="0.001">
    <error message="Could not get a resource from the pool; nested exception is org.jredis.ClientRuntimeException: null reference:{connection on setConnection()} in method JRedisClient.setConnection() [file: JRedisClient.java line:158 - package: org.jredis.ri.alphazero] cause: =&gt; [IllegalArgumentException: null reference:{connection on setConnection()} in method JRedisClient.setConnection() [file: JRedisClient.java line:158 - package: org.jredis.ri.alphazero]]" type="org.springframework.data.redis.connection.PoolException">org.springframework.data.redis.connection.PoolException: Could not get a resource from the pool; nested exception is org.jredis.ClientRuntimeException: null reference:{connection on setConnection()} in method JRedisClient.setConnection() [file: JRedisClient.java line:158 - package: org.jredis.ri.alphazero] cause: => [IllegalArgumentException: null reference:{connection on setConnection()} in method JRedisClient.setConnection() [file: JRedisClient.java line:158 - package: org.jredis.ri.alphazero]]
Caused by: org.jredis.ClientRuntimeException: null reference:{connection on setConnection()} in method JRedisClient.setConnection() [file: JRedisClient.java line:158 - package: org.jredis.ri.alphazero] cause: => [IllegalArgumentException: null reference:{connection on setConnection()} in method JRedisClient.setConnection() [file: JRedisClient.java line:158 - package: org.jredis.ri.alphazero]]
Caused by: java.lang.IllegalArgumentException: null reference:{connection on setConnection()} in method JRedisClient.setConnection() [file: JRedisClient.java line:158 - package: org.jredis.ri.alphazero]
</error>
    <system-err><![CDATA[01475611470285 Tue Oct 04 17:04:30 BRT 2016 JRedis[tid:1] <INFORMAÇÕES>: WARNING: heartbeat is disabled.
01475611470285 Tue Oct 04 17:04:30 BRT 2016 JRedis[tid:1] <ADVERTÊNCIA>: PROBLEM: Shutting down due to connection FAULT: Socket connect failed [cause: java.net.ConnectException: Conexão recusada] -- make sure the server is running at localhost:6379 - Connection: SYNCHRONOUS  localhost/127.0.0.1:6379 db:0 | SyncConnection@1614133563
01475611470285 Tue Oct 04 17:04:30 BRT 2016 JRedis[tid:1] <GRAVE>: Error creating connection -> Socket connect failed [cause: java.net.ConnectException: Conexão recusada] -- make sure the server is running at localhost:6379
01475611470285 Tue Oct 04 17:04:30 BRT 2016 JRedis[tid:1] <INFORMAÇÕES>: WARNING: heartbeat is disabled.
01475611470286 Tue Oct 04 17:04:30 BRT 2016 JRedis[tid:1] <ADVERTÊNCIA>: PROBLEM: Shutting down due to connection FAULT: Socket connect failed [cause: java.net.ConnectException: Conexão recusada] -- make sure the server is running at localhost:6379 - Connection: SYNCHRONOUS  localhost/127.0.0.1:6379 db:0 | SyncConnection@839771540
01475611470286 Tue Oct 04 17:04:30 BRT 2016 JRedis[tid:1] <GRAVE>: Error creating connection -> Socket connect failed [cause: java.net.ConnectException: Conexão recusada] -- make sure the server is running at localhost:6379
]]></system-err>
  </testcase>
  <testcase name="testPoll[9]" classname="org.springframework.data.redis.support.collections.RedisListTests" time="0.001">
    <error message="Could not get a resource from the pool; nested exception is org.jredis.ClientRuntimeException: null reference:{connection on setConnection()} in method JRedisClient.setConnection() [file: JRedisClient.java line:158 - package: org.jredis.ri.alphazero] cause: =&gt; [IllegalArgumentException: null reference:{connection on setConnection()} in method JRedisClient.setConnection() [file: JRedisClient.java line:158 - package: org.jredis.ri.alphazero]]" type="org.springframework.data.redis.connection.PoolException">org.springframework.data.redis.connection.PoolException: Could not get a resource from the pool; nested exception is org.jredis.ClientRuntimeException: null reference:{connection on setConnection()} in method JRedisClient.setConnection() [file: JRedisClient.java line:158 - package: org.jredis.ri.alphazero] cause: => [IllegalArgumentException: null reference:{connection on setConnection()} in method JRedisClient.setConnection() [file: JRedisClient.java line:158 - package: org.jredis.ri.alphazero]]
Caused by: org.jredis.ClientRuntimeException: null reference:{connection on setConnection()} in method JRedisClient.setConnection() [file: JRedisClient.java line:158 - package: org.jredis.ri.alphazero] cause: => [IllegalArgumentException: null reference:{connection on setConnection()} in method JRedisClient.setConnection() [file: JRedisClient.java line:158 - package: org.jredis.ri.alphazero]]
Caused by: java.lang.IllegalArgumentException: null reference:{connection on setConnection()} in method JRedisClient.setConnection() [file: JRedisClient.java line:158 - package: org.jredis.ri.alphazero]
</error>
  </testcase>
  <testcase name="testTake[9]" classname="org.springframework.data.redis.support.collections.RedisListTests" time="0.002">
    <error message="Could not get a resource from the pool; nested exception is org.jredis.ClientRuntimeException: null reference:{connection on setConnection()} in method JRedisClient.setConnection() [file: JRedisClient.java line:158 - package: org.jredis.ri.alphazero] cause: =&gt; [IllegalArgumentException: null reference:{connection on setConnection()} in method JRedisClient.setConnection() [file: JRedisClient.java line:158 - package: org.jredis.ri.alphazero]]" type="org.springframework.data.redis.connection.PoolException">org.springframework.data.redis.connection.PoolException: Could not get a resource from the pool; nested exception is org.jredis.ClientRuntimeException: null reference:{connection on setConnection()} in method JRedisClient.setConnection() [file: JRedisClient.java line:158 - package: org.jredis.ri.alphazero] cause: => [IllegalArgumentException: null reference:{connection on setConnection()} in method JRedisClient.setConnection() [file: JRedisClient.java line:158 - package: org.jredis.ri.alphazero]]
Caused by: org.jredis.ClientRuntimeException: null reference:{connection on setConnection()} in method JRedisClient.setConnection() [file: JRedisClient.java line:158 - package: org.jredis.ri.alphazero] cause: => [IllegalArgumentException: null reference:{connection on setConnection()} in method JRedisClient.setConnection() [file: JRedisClient.java line:158 - package: org.jredis.ri.alphazero]]
Caused by: java.lang.IllegalArgumentException: null reference:{connection on setConnection()} in method JRedisClient.setConnection() [file: JRedisClient.java line:158 - package: org.jredis.ri.alphazero]
</error>
    <system-err><![CDATA[01475611470286 Tue Oct 04 17:04:30 BRT 2016 JRedis[tid:1] <INFORMAÇÕES>: WARNING: heartbeat is disabled.
01475611470287 Tue Oct 04 17:04:30 BRT 2016 JRedis[tid:1] <ADVERTÊNCIA>: PROBLEM: Shutting down due to connection FAULT: Socket connect failed [cause: java.net.ConnectException: Conexão recusada] -- make sure the server is running at localhost:6379 - Connection: SYNCHRONOUS  localhost/127.0.0.1:6379 db:0 | SyncConnection@1037163664
01475611470287 Tue Oct 04 17:04:30 BRT 2016 JRedis[tid:1] <GRAVE>: Error creating connection -> Socket connect failed [cause: java.net.ConnectException: Conexão recusada] -- make sure the server is running at localhost:6379
01475611470287 Tue Oct 04 17:04:30 BRT 2016 JRedis[tid:1] <INFORMAÇÕES>: WARNING: heartbeat is disabled.
01475611470287 Tue Oct 04 17:04:30 BRT 2016 JRedis[tid:1] <ADVERTÊNCIA>: PROBLEM: Shutting down due to connection FAULT: Socket connect failed [cause: java.net.ConnectException: Conexão recusada] -- make sure the server is running at localhost:6379 - Connection: SYNCHRONOUS  localhost/127.0.0.1:6379 db:0 | SyncConnection@180316302
01475611470287 Tue Oct 04 17:04:30 BRT 2016 JRedis[tid:1] <GRAVE>: Error creating connection -> Socket connect failed [cause: java.net.ConnectException: Conexão recusada] -- make sure the server is running at localhost:6379
]]></system-err>
  </testcase>
  <testcase name="testTake[9]" classname="org.springframework.data.redis.support.collections.RedisListTests" time="0.002">
    <error message="Could not get a resource from the pool; nested exception is org.jredis.ClientRuntimeException: null reference:{connection on setConnection()} in method JRedisClient.setConnection() [file: JRedisClient.java line:158 - package: org.jredis.ri.alphazero] cause: =&gt; [IllegalArgumentException: null reference:{connection on setConnection()} in method JRedisClient.setConnection() [file: JRedisClient.java line:158 - package: org.jredis.ri.alphazero]]" type="org.springframework.data.redis.connection.PoolException">org.springframework.data.redis.connection.PoolException: Could not get a resource from the pool; nested exception is org.jredis.ClientRuntimeException: null reference:{connection on setConnection()} in method JRedisClient.setConnection() [file: JRedisClient.java line:158 - package: org.jredis.ri.alphazero] cause: => [IllegalArgumentException: null reference:{connection on setConnection()} in method JRedisClient.setConnection() [file: JRedisClient.java line:158 - package: org.jredis.ri.alphazero]]
Caused by: org.jredis.ClientRuntimeException: null reference:{connection on setConnection()} in method JRedisClient.setConnection() [file: JRedisClient.java line:158 - package: org.jredis.ri.alphazero] cause: => [IllegalArgumentException: null reference:{connection on setConnection()} in method JRedisClient.setConnection() [file: JRedisClient.java line:158 - package: org.jredis.ri.alphazero]]
Caused by: java.lang.IllegalArgumentException: null reference:{connection on setConnection()} in method JRedisClient.setConnection() [file: JRedisClient.java line:158 - package: org.jredis.ri.alphazero]
</error>
  </testcase>
  <testcase name="testTrim[9]" classname="org.springframework.data.redis.support.collections.RedisListTests" time="0.001">
    <error message="Could not get a resource from the pool; nested exception is org.jredis.ClientRuntimeException: null reference:{connection on setConnection()} in method JRedisClient.setConnection() [file: JRedisClient.java line:158 - package: org.jredis.ri.alphazero] cause: =&gt; [IllegalArgumentException: null reference:{connection on setConnection()} in method JRedisClient.setConnection() [file: JRedisClient.java line:158 - package: org.jredis.ri.alphazero]]" type="org.springframework.data.redis.connection.PoolException">org.springframework.data.redis.connection.PoolException: Could not get a resource from the pool; nested exception is org.jredis.ClientRuntimeException: null reference:{connection on setConnection()} in method JRedisClient.setConnection() [file: JRedisClient.java line:158 - package: org.jredis.ri.alphazero] cause: => [IllegalArgumentException: null reference:{connection on setConnection()} in method JRedisClient.setConnection() [file: JRedisClient.java line:158 - package: org.jredis.ri.alphazero]]
Caused by: org.jredis.ClientRuntimeException: null reference:{connection on setConnection()} in method JRedisClient.setConnection() [file: JRedisClient.java line:158 - package: org.jredis.ri.alphazero] cause: => [IllegalArgumentException: null reference:{connection on setConnection()} in method JRedisClient.setConnection() [file: JRedisClient.java line:158 - package: org.jredis.ri.alphazero]]
Caused by: java.lang.IllegalArgumentException: null reference:{connection on setConnection()} in method JRedisClient.setConnection() [file: JRedisClient.java line:158 - package: org.jredis.ri.alphazero]
</error>
    <system-err><![CDATA[01475611470288 Tue Oct 04 17:04:30 BRT 2016 JRedis[tid:1] <INFORMAÇÕES>: WARNING: heartbeat is disabled.
01475611470288 Tue Oct 04 17:04:30 BRT 2016 JRedis[tid:1] <ADVERTÊNCIA>: PROBLEM: Shutting down due to connection FAULT: Socket connect failed [cause: java.net.ConnectException: Conexão recusada] -- make sure the server is running at localhost:6379 - Connection: SYNCHRONOUS  localhost/127.0.0.1:6379 db:0 | SyncConnection@1200546947
01475611470288 Tue Oct 04 17:04:30 BRT 2016 JRedis[tid:1] <GRAVE>: Error creating connection -> Socket connect failed [cause: java.net.ConnectException: Conexão recusada] -- make sure the server is running at localhost:6379
01475611470288 Tue Oct 04 17:04:30 BRT 2016 JRedis[tid:1] <INFORMAÇÕES>: WARNING: heartbeat is disabled.
01475611470288 Tue Oct 04 17:04:30 BRT 2016 JRedis[tid:1] <ADVERTÊNCIA>: PROBLEM: Shutting down due to connection FAULT: Socket connect failed [cause: java.net.ConnectException: Conexão recusada] -- make sure the server is running at localhost:6379 - Connection: SYNCHRONOUS  localhost/127.0.0.1:6379 db:0 | SyncConnection@443713699
01475611470289 Tue Oct 04 17:04:30 BRT 2016 JRedis[tid:1] <GRAVE>: Error creating connection -> Socket connect failed [cause: java.net.ConnectException: Conexão recusada] -- make sure the server is running at localhost:6379
]]></system-err>
  </testcase>
  <testcase name="testTrim[9]" classname="org.springframework.data.redis.support.collections.RedisListTests" time="0.001">
    <error message="Could not get a resource from the pool; nested exception is org.jredis.ClientRuntimeException: null reference:{connection on setConnection()} in method JRedisClient.setConnection() [file: JRedisClient.java line:158 - package: org.jredis.ri.alphazero] cause: =&gt; [IllegalArgumentException: null reference:{connection on setConnection()} in method JRedisClient.setConnection() [file: JRedisClient.java line:158 - package: org.jredis.ri.alphazero]]" type="org.springframework.data.redis.connection.PoolException">org.springframework.data.redis.connection.PoolException: Could not get a resource from the pool; nested exception is org.jredis.ClientRuntimeException: null reference:{connection on setConnection()} in method JRedisClient.setConnection() [file: JRedisClient.java line:158 - package: org.jredis.ri.alphazero] cause: => [IllegalArgumentException: null reference:{connection on setConnection()} in method JRedisClient.setConnection() [file: JRedisClient.java line:158 - package: org.jredis.ri.alphazero]]
Caused by: org.jredis.ClientRuntimeException: null reference:{connection on setConnection()} in method JRedisClient.setConnection() [file: JRedisClient.java line:158 - package: org.jredis.ri.alphazero] cause: => [IllegalArgumentException: null reference:{connection on setConnection()} in method JRedisClient.setConnection() [file: JRedisClient.java line:158 - package: org.jredis.ri.alphazero]]
Caused by: java.lang.IllegalArgumentException: null reference:{connection on setConnection()} in method JRedisClient.setConnection() [file: JRedisClient.java line:158 - package: org.jredis.ri.alphazero]
</error>
  </testcase>
  <testcase name="testDrainToCollection[9]" classname="org.springframework.data.redis.support.collections.RedisListTests" time="0.002">
    <error message="Could not get a resource from the pool; nested exception is org.jredis.ClientRuntimeException: null reference:{connection on setConnection()} in method JRedisClient.setConnection() [file: JRedisClient.java line:158 - package: org.jredis.ri.alphazero] cause: =&gt; [IllegalArgumentException: null reference:{connection on setConnection()} in method JRedisClient.setConnection() [file: JRedisClient.java line:158 - package: org.jredis.ri.alphazero]]" type="org.springframework.data.redis.connection.PoolException">org.springframework.data.redis.connection.PoolException: Could not get a resource from the pool; nested exception is org.jredis.ClientRuntimeException: null reference:{connection on setConnection()} in method JRedisClient.setConnection() [file: JRedisClient.java line:158 - package: org.jredis.ri.alphazero] cause: => [IllegalArgumentException: null reference:{connection on setConnection()} in method JRedisClient.setConnection() [file: JRedisClient.java line:158 - package: org.jredis.ri.alphazero]]
Caused by: org.jredis.ClientRuntimeException: null reference:{connection on setConnection()} in method JRedisClient.setConnection() [file: JRedisClient.java line:158 - package: org.jredis.ri.alphazero] cause: => [IllegalArgumentException: null reference:{connection on setConnection()} in method JRedisClient.setConnection() [file: JRedisClient.java line:158 - package: org.jredis.ri.alphazero]]
Caused by: java.lang.IllegalArgumentException: null reference:{connection on setConnection()} in method JRedisClient.setConnection() [file: JRedisClient.java line:158 - package: org.jredis.ri.alphazero]
</error>
    <system-err><![CDATA[01475611470289 Tue Oct 04 17:04:30 BRT 2016 JRedis[tid:1] <INFORMAÇÕES>: WARNING: heartbeat is disabled.
01475611470289 Tue Oct 04 17:04:30 BRT 2016 JRedis[tid:1] <ADVERTÊNCIA>: PROBLEM: Shutting down due to connection FAULT: Socket connect failed [cause: java.net.ConnectException: Conexão recusada] -- make sure the server is running at localhost:6379 - Connection: SYNCHRONOUS  localhost/127.0.0.1:6379 db:0 | SyncConnection@1078262677
01475611470290 Tue Oct 04 17:04:30 BRT 2016 JRedis[tid:1] <GRAVE>: Error creating connection -> Socket connect failed [cause: java.net.ConnectException: Conexão recusada] -- make sure the server is running at localhost:6379
01475611470290 Tue Oct 04 17:04:30 BRT 2016 JRedis[tid:1] <INFORMAÇÕES>: WARNING: heartbeat is disabled.
01475611470290 Tue Oct 04 17:04:30 BRT 2016 JRedis[tid:1] <ADVERTÊNCIA>: PROBLEM: Shutting down due to connection FAULT: Socket connect failed [cause: java.net.ConnectException: Conexão recusada] -- make sure the server is running at localhost:6379 - Connection: SYNCHRONOUS  localhost/127.0.0.1:6379 db:0 | SyncConnection@178604517
01475611470290 Tue Oct 04 17:04:30 BRT 2016 JRedis[tid:1] <GRAVE>: Error creating connection -> Socket connect failed [cause: java.net.ConnectException: Conexão recusada] -- make sure the server is running at localhost:6379
]]></system-err>
  </testcase>
  <testcase name="testDrainToCollection[9]" classname="org.springframework.data.redis.support.collections.RedisListTests" time="0.002">
    <error message="Could not get a resource from the pool; nested exception is org.jredis.ClientRuntimeException: null reference:{connection on setConnection()} in method JRedisClient.setConnection() [file: JRedisClient.java line:158 - package: org.jredis.ri.alphazero] cause: =&gt; [IllegalArgumentException: null reference:{connection on setConnection()} in method JRedisClient.setConnection() [file: JRedisClient.java line:158 - package: org.jredis.ri.alphazero]]" type="org.springframework.data.redis.connection.PoolException">org.springframework.data.redis.connection.PoolException: Could not get a resource from the pool; nested exception is org.jredis.ClientRuntimeException: null reference:{connection on setConnection()} in method JRedisClient.setConnection() [file: JRedisClient.java line:158 - package: org.jredis.ri.alphazero] cause: => [IllegalArgumentException: null reference:{connection on setConnection()} in method JRedisClient.setConnection() [file: JRedisClient.java line:158 - package: org.jredis.ri.alphazero]]
Caused by: org.jredis.ClientRuntimeException: null reference:{connection on setConnection()} in method JRedisClient.setConnection() [file: JRedisClient.java line:158 - package: org.jredis.ri.alphazero] cause: => [IllegalArgumentException: null reference:{connection on setConnection()} in method JRedisClient.setConnection() [file: JRedisClient.java line:158 - package: org.jredis.ri.alphazero]]
Caused by: java.lang.IllegalArgumentException: null reference:{connection on setConnection()} in method JRedisClient.setConnection() [file: JRedisClient.java line:158 - package: org.jredis.ri.alphazero]
</error>
  </testcase>
  <testcase name="testRemoveFirst[9]" classname="org.springframework.data.redis.support.collections.RedisListTests" time="0.001">
    <error message="Could not get a resource from the pool; nested exception is org.jredis.ClientRuntimeException: null reference:{connection on setConnection()} in method JRedisClient.setConnection() [file: JRedisClient.java line:158 - package: org.jredis.ri.alphazero] cause: =&gt; [IllegalArgumentException: null reference:{connection on setConnection()} in method JRedisClient.setConnection() [file: JRedisClient.java line:158 - package: org.jredis.ri.alphazero]]" type="org.springframework.data.redis.connection.PoolException">org.springframework.data.redis.connection.PoolException: Could not get a resource from the pool; nested exception is org.jredis.ClientRuntimeException: null reference:{connection on setConnection()} in method JRedisClient.setConnection() [file: JRedisClient.java line:158 - package: org.jredis.ri.alphazero] cause: => [IllegalArgumentException: null reference:{connection on setConnection()} in method JRedisClient.setConnection() [file: JRedisClient.java line:158 - package: org.jredis.ri.alphazero]]
Caused by: org.jredis.ClientRuntimeException: null reference:{connection on setConnection()} in method JRedisClient.setConnection() [file: JRedisClient.java line:158 - package: org.jredis.ri.alphazero] cause: => [IllegalArgumentException: null reference:{connection on setConnection()} in method JRedisClient.setConnection() [file: JRedisClient.java line:158 - package: org.jredis.ri.alphazero]]
Caused by: java.lang.IllegalArgumentException: null reference:{connection on setConnection()} in method JRedisClient.setConnection() [file: JRedisClient.java line:158 - package: org.jredis.ri.alphazero]
</error>
    <system-err><![CDATA[01475611470291 Tue Oct 04 17:04:30 BRT 2016 JRedis[tid:1] <INFORMAÇÕES>: WARNING: heartbeat is disabled.
01475611470291 Tue Oct 04 17:04:30 BRT 2016 JRedis[tid:1] <ADVERTÊNCIA>: PROBLEM: Shutting down due to connection FAULT: Socket connect failed [cause: java.net.ConnectException: Conexão recusada] -- make sure the server is running at localhost:6379 - Connection: SYNCHRONOUS  localhost/127.0.0.1:6379 db:0 | SyncConnection@57624756
01475611470291 Tue Oct 04 17:04:30 BRT 2016 JRedis[tid:1] <GRAVE>: Error creating connection -> Socket connect failed [cause: java.net.ConnectException: Conexão recusada] -- make sure the server is running at localhost:6379
01475611470291 Tue Oct 04 17:04:30 BRT 2016 JRedis[tid:1] <INFORMAÇÕES>: WARNING: heartbeat is disabled.
01475611470291 Tue Oct 04 17:04:30 BRT 2016 JRedis[tid:1] <ADVERTÊNCIA>: PROBLEM: Shutting down due to connection FAULT: Socket connect failed [cause: java.net.ConnectException: Conexão recusada] -- make sure the server is running at localhost:6379 - Connection: SYNCHRONOUS  localhost/127.0.0.1:6379 db:0 | SyncConnection@1543518287
01475611470292 Tue Oct 04 17:04:30 BRT 2016 JRedis[tid:1] <GRAVE>: Error creating connection -> Socket connect failed [cause: java.net.ConnectException: Conexão recusada] -- make sure the server is running at localhost:6379
]]></system-err>
  </testcase>
  <testcase name="testRemoveFirst[9]" classname="org.springframework.data.redis.support.collections.RedisListTests" time="0.001">
    <error message="Could not get a resource from the pool; nested exception is org.jredis.ClientRuntimeException: null reference:{connection on setConnection()} in method JRedisClient.setConnection() [file: JRedisClient.java line:158 - package: org.jredis.ri.alphazero] cause: =&gt; [IllegalArgumentException: null reference:{connection on setConnection()} in method JRedisClient.setConnection() [file: JRedisClient.java line:158 - package: org.jredis.ri.alphazero]]" type="org.springframework.data.redis.connection.PoolException">org.springframework.data.redis.connection.PoolException: Could not get a resource from the pool; nested exception is org.jredis.ClientRuntimeException: null reference:{connection on setConnection()} in method JRedisClient.setConnection() [file: JRedisClient.java line:158 - package: org.jredis.ri.alphazero] cause: => [IllegalArgumentException: null reference:{connection on setConnection()} in method JRedisClient.setConnection() [file: JRedisClient.java line:158 - package: org.jredis.ri.alphazero]]
Caused by: org.jredis.ClientRuntimeException: null reference:{connection on setConnection()} in method JRedisClient.setConnection() [file: JRedisClient.java line:158 - package: org.jredis.ri.alphazero] cause: => [IllegalArgumentException: null reference:{connection on setConnection()} in method JRedisClient.setConnection() [file: JRedisClient.java line:158 - package: org.jredis.ri.alphazero]]
Caused by: java.lang.IllegalArgumentException: null reference:{connection on setConnection()} in method JRedisClient.setConnection() [file: JRedisClient.java line:158 - package: org.jredis.ri.alphazero]
</error>
  </testcase>
  <testcase name="testRemoveIndex[9]" classname="org.springframework.data.redis.support.collections.RedisListTests" time="0.001">
    <error message="Could not get a resource from the pool; nested exception is org.jredis.ClientRuntimeException: null reference:{connection on setConnection()} in method JRedisClient.setConnection() [file: JRedisClient.java line:158 - package: org.jredis.ri.alphazero] cause: =&gt; [IllegalArgumentException: null reference:{connection on setConnection()} in method JRedisClient.setConnection() [file: JRedisClient.java line:158 - package: org.jredis.ri.alphazero]]" type="org.springframework.data.redis.connection.PoolException">org.springframework.data.redis.connection.PoolException: Could not get a resource from the pool; nested exception is org.jredis.ClientRuntimeException: null reference:{connection on setConnection()} in method JRedisClient.setConnection() [file: JRedisClient.java line:158 - package: org.jredis.ri.alphazero] cause: => [IllegalArgumentException: null reference:{connection on setConnection()} in method JRedisClient.setConnection() [file: JRedisClient.java line:158 - package: org.jredis.ri.alphazero]]
Caused by: org.jredis.ClientRuntimeException: null reference:{connection on setConnection()} in method JRedisClient.setConnection() [file: JRedisClient.java line:158 - package: org.jredis.ri.alphazero] cause: => [IllegalArgumentException: null reference:{connection on setConnection()} in method JRedisClient.setConnection() [file: JRedisClient.java line:158 - package: org.jredis.ri.alphazero]]
Caused by: java.lang.IllegalArgumentException: null reference:{connection on setConnection()} in method JRedisClient.setConnection() [file: JRedisClient.java line:158 - package: org.jredis.ri.alphazero]
</error>
    <system-err><![CDATA[01475611470292 Tue Oct 04 17:04:30 BRT 2016 JRedis[tid:1] <INFORMAÇÕES>: WARNING: heartbeat is disabled.
01475611470292 Tue Oct 04 17:04:30 BRT 2016 JRedis[tid:1] <ADVERTÊNCIA>: PROBLEM: Shutting down due to connection FAULT: Socket connect failed [cause: java.net.ConnectException: Conexão recusada] -- make sure the server is running at localhost:6379 - Connection: SYNCHRONOUS  localhost/127.0.0.1:6379 db:0 | SyncConnection@998242313
01475611470293 Tue Oct 04 17:04:30 BRT 2016 JRedis[tid:1] <GRAVE>: Error creating connection -> Socket connect failed [cause: java.net.ConnectException: Conexão recusada] -- make sure the server is running at localhost:6379
]]></system-err>
  </testcase>
  <testcase name="testPutLast[9]" classname="org.springframework.data.redis.support.collections.RedisListTests" time="0.001">
    <error message="Could not get a resource from the pool; nested exception is org.jredis.ClientRuntimeException: null reference:{connection on setConnection()} in method JRedisClient.setConnection() [file: JRedisClient.java line:158 - package: org.jredis.ri.alphazero] cause: =&gt; [IllegalArgumentException: null reference:{connection on setConnection()} in method JRedisClient.setConnection() [file: JRedisClient.java line:158 - package: org.jredis.ri.alphazero]]" type="org.springframework.data.redis.connection.PoolException">org.springframework.data.redis.connection.PoolException: Could not get a resource from the pool; nested exception is org.jredis.ClientRuntimeException: null reference:{connection on setConnection()} in method JRedisClient.setConnection() [file: JRedisClient.java line:158 - package: org.jredis.ri.alphazero] cause: => [IllegalArgumentException: null reference:{connection on setConnection()} in method JRedisClient.setConnection() [file: JRedisClient.java line:158 - package: org.jredis.ri.alphazero]]
Caused by: org.jredis.ClientRuntimeException: null reference:{connection on setConnection()} in method JRedisClient.setConnection() [file: JRedisClient.java line:158 - package: org.jredis.ri.alphazero] cause: => [IllegalArgumentException: null reference:{connection on setConnection()} in method JRedisClient.setConnection() [file: JRedisClient.java line:158 - package: org.jredis.ri.alphazero]]
Caused by: java.lang.IllegalArgumentException: null reference:{connection on setConnection()} in method JRedisClient.setConnection() [file: JRedisClient.java line:158 - package: org.jredis.ri.alphazero]
</error>
    <system-err><![CDATA[01475611470293 Tue Oct 04 17:04:30 BRT 2016 JRedis[tid:1] <INFORMAÇÕES>: WARNING: heartbeat is disabled.
01475611470293 Tue Oct 04 17:04:30 BRT 2016 JRedis[tid:1] <ADVERTÊNCIA>: PROBLEM: Shutting down due to connection FAULT: Socket connect failed [cause: java.net.ConnectException: Conexão recusada] -- make sure the server is running at localhost:6379 - Connection: SYNCHRONOUS  localhost/127.0.0.1:6379 db:0 | SyncConnection@482307698
01475611470293 Tue Oct 04 17:04:30 BRT 2016 JRedis[tid:1] <GRAVE>: Error creating connection -> Socket connect failed [cause: java.net.ConnectException: Conexão recusada] -- make sure the server is running at localhost:6379
01475611470294 Tue Oct 04 17:04:30 BRT 2016 JRedis[tid:1] <INFORMAÇÕES>: WARNING: heartbeat is disabled.
01475611470294 Tue Oct 04 17:04:30 BRT 2016 JRedis[tid:1] <ADVERTÊNCIA>: PROBLEM: Shutting down due to connection FAULT: Socket connect failed [cause: java.net.ConnectException: Conexão recusada] -- make sure the server is running at localhost:6379 - Connection: SYNCHRONOUS  localhost/127.0.0.1:6379 db:0 | SyncConnection@1793899405
01475611470294 Tue Oct 04 17:04:30 BRT 2016 JRedis[tid:1] <GRAVE>: Error creating connection -> Socket connect failed [cause: java.net.ConnectException: Conexão recusada] -- make sure the server is running at localhost:6379
]]></system-err>
  </testcase>
  <testcase name="testPutLast[9]" classname="org.springframework.data.redis.support.collections.RedisListTests" time="0.001">
    <error message="Could not get a resource from the pool; nested exception is org.jredis.ClientRuntimeException: null reference:{connection on setConnection()} in method JRedisClient.setConnection() [file: JRedisClient.java line:158 - package: org.jredis.ri.alphazero] cause: =&gt; [IllegalArgumentException: null reference:{connection on setConnection()} in method JRedisClient.setConnection() [file: JRedisClient.java line:158 - package: org.jredis.ri.alphazero]]" type="org.springframework.data.redis.connection.PoolException">org.springframework.data.redis.connection.PoolException: Could not get a resource from the pool; nested exception is org.jredis.ClientRuntimeException: null reference:{connection on setConnection()} in method JRedisClient.setConnection() [file: JRedisClient.java line:158 - package: org.jredis.ri.alphazero] cause: => [IllegalArgumentException: null reference:{connection on setConnection()} in method JRedisClient.setConnection() [file: JRedisClient.java line:158 - package: org.jredis.ri.alphazero]]
Caused by: org.jredis.ClientRuntimeException: null reference:{connection on setConnection()} in method JRedisClient.setConnection() [file: JRedisClient.java line:158 - package: org.jredis.ri.alphazero] cause: => [IllegalArgumentException: null reference:{connection on setConnection()} in method JRedisClient.setConnection() [file: JRedisClient.java line:158 - package: org.jredis.ri.alphazero]]
Caused by: java.lang.IllegalArgumentException: null reference:{connection on setConnection()} in method JRedisClient.setConnection() [file: JRedisClient.java line:158 - package: org.jredis.ri.alphazero]
</error>
  </testcase>
  <testcase name="testOfferFirst[9]" classname="org.springframework.data.redis.support.collections.RedisListTests" time="0.001">
    <error message="Could not get a resource from the pool; nested exception is org.jredis.ClientRuntimeException: null reference:{connection on setConnection()} in method JRedisClient.setConnection() [file: JRedisClient.java line:158 - package: org.jredis.ri.alphazero] cause: =&gt; [IllegalArgumentException: null reference:{connection on setConnection()} in method JRedisClient.setConnection() [file: JRedisClient.java line:158 - package: org.jredis.ri.alphazero]]" type="org.springframework.data.redis.connection.PoolException">org.springframework.data.redis.connection.PoolException: Could not get a resource from the pool; nested exception is org.jredis.ClientRuntimeException: null reference:{connection on setConnection()} in method JRedisClient.setConnection() [file: JRedisClient.java line:158 - package: org.jredis.ri.alphazero] cause: => [IllegalArgumentException: null reference:{connection on setConnection()} in method JRedisClient.setConnection() [file: JRedisClient.java line:158 - package: org.jredis.ri.alphazero]]
Caused by: org.jredis.ClientRuntimeException: null reference:{connection on setConnection()} in method JRedisClient.setConnection() [file: JRedisClient.java line:158 - package: org.jredis.ri.alphazero] cause: => [IllegalArgumentException: null reference:{connection on setConnection()} in method JRedisClient.setConnection() [file: JRedisClient.java line:158 - package: org.jredis.ri.alphazero]]
Caused by: java.lang.IllegalArgumentException: null reference:{connection on setConnection()} in method JRedisClient.setConnection() [file: JRedisClient.java line:158 - package: org.jredis.ri.alphazero]
</error>
    <system-err><![CDATA[01475611470295 Tue Oct 04 17:04:30 BRT 2016 JRedis[tid:1] <INFORMAÇÕES>: WARNING: heartbeat is disabled.
01475611470295 Tue Oct 04 17:04:30 BRT 2016 JRedis[tid:1] <ADVERTÊNCIA>: PROBLEM: Shutting down due to connection FAULT: Socket connect failed [cause: java.net.ConnectException: Conexão recusada] -- make sure the server is running at localhost:6379 - Connection: SYNCHRONOUS  localhost/127.0.0.1:6379 db:0 | SyncConnection@263833514
01475611470295 Tue Oct 04 17:04:30 BRT 2016 JRedis[tid:1] <GRAVE>: Error creating connection -> Socket connect failed [cause: java.net.ConnectException: Conexão recusada] -- make sure the server is running at localhost:6379
01475611470295 Tue Oct 04 17:04:30 BRT 2016 JRedis[tid:1] <INFORMAÇÕES>: WARNING: heartbeat is disabled.
01475611470295 Tue Oct 04 17:04:30 BRT 2016 JRedis[tid:1] <ADVERTÊNCIA>: PROBLEM: Shutting down due to connection FAULT: Socket connect failed [cause: java.net.ConnectException: Conexão recusada] -- make sure the server is running at localhost:6379 - Connection: SYNCHRONOUS  localhost/127.0.0.1:6379 db:0 | SyncConnection@1278839936
01475611470295 Tue Oct 04 17:04:30 BRT 2016 JRedis[tid:1] <GRAVE>: Error creating connection -> Socket connect failed [cause: java.net.ConnectException: Conexão recusada] -- make sure the server is running at localhost:6379
]]></system-err>
  </testcase>
  <testcase name="testOfferFirst[9]" classname="org.springframework.data.redis.support.collections.RedisListTests" time="0.001">
    <error message="Could not get a resource from the pool; nested exception is org.jredis.ClientRuntimeException: null reference:{connection on setConnection()} in method JRedisClient.setConnection() [file: JRedisClient.java line:158 - package: org.jredis.ri.alphazero] cause: =&gt; [IllegalArgumentException: null reference:{connection on setConnection()} in method JRedisClient.setConnection() [file: JRedisClient.java line:158 - package: org.jredis.ri.alphazero]]" type="org.springframework.data.redis.connection.PoolException">org.springframework.data.redis.connection.PoolException: Could not get a resource from the pool; nested exception is org.jredis.ClientRuntimeException: null reference:{connection on setConnection()} in method JRedisClient.setConnection() [file: JRedisClient.java line:158 - package: org.jredis.ri.alphazero] cause: => [IllegalArgumentException: null reference:{connection on setConnection()} in method JRedisClient.setConnection() [file: JRedisClient.java line:158 - package: org.jredis.ri.alphazero]]
Caused by: org.jredis.ClientRuntimeException: null reference:{connection on setConnection()} in method JRedisClient.setConnection() [file: JRedisClient.java line:158 - package: org.jredis.ri.alphazero] cause: => [IllegalArgumentException: null reference:{connection on setConnection()} in method JRedisClient.setConnection() [file: JRedisClient.java line:158 - package: org.jredis.ri.alphazero]]
Caused by: java.lang.IllegalArgumentException: null reference:{connection on setConnection()} in method JRedisClient.setConnection() [file: JRedisClient.java line:158 - package: org.jredis.ri.alphazero]
</error>
  </testcase>
  <testcase name="testDescendingIterator[9]" classname="org.springframework.data.redis.support.collections.RedisListTests" time="0.001">
    <error message="Could not get a resource from the pool; nested exception is org.jredis.ClientRuntimeException: null reference:{connection on setConnection()} in method JRedisClient.setConnection() [file: JRedisClient.java line:158 - package: org.jredis.ri.alphazero] cause: =&gt; [IllegalArgumentException: null reference:{connection on setConnection()} in method JRedisClient.setConnection() [file: JRedisClient.java line:158 - package: org.jredis.ri.alphazero]]" type="org.springframework.data.redis.connection.PoolException">org.springframework.data.redis.connection.PoolException: Could not get a resource from the pool; nested exception is org.jredis.ClientRuntimeException: null reference:{connection on setConnection()} in method JRedisClient.setConnection() [file: JRedisClient.java line:158 - package: org.jredis.ri.alphazero] cause: => [IllegalArgumentException: null reference:{connection on setConnection()} in method JRedisClient.setConnection() [file: JRedisClient.java line:158 - package: org.jredis.ri.alphazero]]
Caused by: org.jredis.ClientRuntimeException: null reference:{connection on setConnection()} in method JRedisClient.setConnection() [file: JRedisClient.java line:158 - package: org.jredis.ri.alphazero] cause: => [IllegalArgumentException: null reference:{connection on setConnection()} in method JRedisClient.setConnection() [file: JRedisClient.java line:158 - package: org.jredis.ri.alphazero]]
Caused by: java.lang.IllegalArgumentException: null reference:{connection on setConnection()} in method JRedisClient.setConnection() [file: JRedisClient.java line:158 - package: org.jredis.ri.alphazero]
</error>
    <system-err><![CDATA[01475611470296 Tue Oct 04 17:04:30 BRT 2016 JRedis[tid:1] <INFORMAÇÕES>: WARNING: heartbeat is disabled.
01475611470296 Tue Oct 04 17:04:30 BRT 2016 JRedis[tid:1] <ADVERTÊNCIA>: PROBLEM: Shutting down due to connection FAULT: Socket connect failed [cause: java.net.ConnectException: Conexão recusada] -- make sure the server is running at localhost:6379 - Connection: SYNCHRONOUS  localhost/127.0.0.1:6379 db:0 | SyncConnection@1574509514
01475611470297 Tue Oct 04 17:04:30 BRT 2016 JRedis[tid:1] <GRAVE>: Error creating connection -> Socket connect failed [cause: java.net.ConnectException: Conexão recusada] -- make sure the server is running at localhost:6379
01475611470297 Tue Oct 04 17:04:30 BRT 2016 JRedis[tid:1] <INFORMAÇÕES>: WARNING: heartbeat is disabled.
01475611470297 Tue Oct 04 17:04:30 BRT 2016 JRedis[tid:1] <ADVERTÊNCIA>: PROBLEM: Shutting down due to connection FAULT: Socket connect failed [cause: java.net.ConnectException: Conexão recusada] -- make sure the server is running at localhost:6379 - Connection: SYNCHRONOUS  localhost/127.0.0.1:6379 db:0 | SyncConnection@1087072654
01475611470297 Tue Oct 04 17:04:30 BRT 2016 JRedis[tid:1] <GRAVE>: Error creating connection -> Socket connect failed [cause: java.net.ConnectException: Conexão recusada] -- make sure the server is running at localhost:6379
]]></system-err>
  </testcase>
  <testcase name="testDescendingIterator[9]" classname="org.springframework.data.redis.support.collections.RedisListTests" time="0.001">
    <error message="Could not get a resource from the pool; nested exception is org.jredis.ClientRuntimeException: null reference:{connection on setConnection()} in method JRedisClient.setConnection() [file: JRedisClient.java line:158 - package: org.jredis.ri.alphazero] cause: =&gt; [IllegalArgumentException: null reference:{connection on setConnection()} in method JRedisClient.setConnection() [file: JRedisClient.java line:158 - package: org.jredis.ri.alphazero]]" type="org.springframework.data.redis.connection.PoolException">org.springframework.data.redis.connection.PoolException: Could not get a resource from the pool; nested exception is org.jredis.ClientRuntimeException: null reference:{connection on setConnection()} in method JRedisClient.setConnection() [file: JRedisClient.java line:158 - package: org.jredis.ri.alphazero] cause: => [IllegalArgumentException: null reference:{connection on setConnection()} in method JRedisClient.setConnection() [file: JRedisClient.java line:158 - package: org.jredis.ri.alphazero]]
Caused by: org.jredis.ClientRuntimeException: null reference:{connection on setConnection()} in method JRedisClient.setConnection() [file: JRedisClient.java line:158 - package: org.jredis.ri.alphazero] cause: => [IllegalArgumentException: null reference:{connection on setConnection()} in method JRedisClient.setConnection() [file: JRedisClient.java line:158 - package: org.jredis.ri.alphazero]]
Caused by: java.lang.IllegalArgumentException: null reference:{connection on setConnection()} in method JRedisClient.setConnection() [file: JRedisClient.java line:158 - package: org.jredis.ri.alphazero]
</error>
  </testcase>
  <testcase name="testAddFirst[9]" classname="org.springframework.data.redis.support.collections.RedisListTests" time="0.002">
    <error message="Could not get a resource from the pool; nested exception is org.jredis.ClientRuntimeException: null reference:{connection on setConnection()} in method JRedisClient.setConnection() [file: JRedisClient.java line:158 - package: org.jredis.ri.alphazero] cause: =&gt; [IllegalArgumentException: null reference:{connection on setConnection()} in method JRedisClient.setConnection() [file: JRedisClient.java line:158 - package: org.jredis.ri.alphazero]]" type="org.springframework.data.redis.connection.PoolException">org.springframework.data.redis.connection.PoolException: Could not get a resource from the pool; nested exception is org.jredis.ClientRuntimeException: null reference:{connection on setConnection()} in method JRedisClient.setConnection() [file: JRedisClient.java line:158 - package: org.jredis.ri.alphazero] cause: => [IllegalArgumentException: null reference:{connection on setConnection()} in method JRedisClient.setConnection() [file: JRedisClient.java line:158 - package: org.jredis.ri.alphazero]]
Caused by: org.jredis.ClientRuntimeException: null reference:{connection on setConnection()} in method JRedisClient.setConnection() [file: JRedisClient.java line:158 - package: org.jredis.ri.alphazero] cause: => [IllegalArgumentException: null reference:{connection on setConnection()} in method JRedisClient.setConnection() [file: JRedisClient.java line:158 - package: org.jredis.ri.alphazero]]
Caused by: java.lang.IllegalArgumentException: null reference:{connection on setConnection()} in method JRedisClient.setConnection() [file: JRedisClient.java line:158 - package: org.jredis.ri.alphazero]
</error>
    <system-err><![CDATA[01475611470298 Tue Oct 04 17:04:30 BRT 2016 JRedis[tid:1] <INFORMAÇÕES>: WARNING: heartbeat is disabled.
01475611470298 Tue Oct 04 17:04:30 BRT 2016 JRedis[tid:1] <ADVERTÊNCIA>: PROBLEM: Shutting down due to connection FAULT: Socket connect failed [cause: java.net.ConnectException: Conexão recusada] -- make sure the server is running at localhost:6379 - Connection: SYNCHRONOUS  localhost/127.0.0.1:6379 db:0 | SyncConnection@173791568
01475611470298 Tue Oct 04 17:04:30 BRT 2016 JRedis[tid:1] <GRAVE>: Error creating connection -> Socket connect failed [cause: java.net.ConnectException: Conexão recusada] -- make sure the server is running at localhost:6379
01475611470298 Tue Oct 04 17:04:30 BRT 2016 JRedis[tid:1] <INFORMAÇÕES>: WARNING: heartbeat is disabled.
01475611470298 Tue Oct 04 17:04:30 BRT 2016 JRedis[tid:1] <ADVERTÊNCIA>: PROBLEM: Shutting down due to connection FAULT: Socket connect failed [cause: java.net.ConnectException: Conexão recusada] -- make sure the server is running at localhost:6379 - Connection: SYNCHRONOUS  localhost/127.0.0.1:6379 db:0 | SyncConnection@1293462056
01475611470299 Tue Oct 04 17:04:30 BRT 2016 JRedis[tid:1] <GRAVE>: Error creating connection -> Socket connect failed [cause: java.net.ConnectException: Conexão recusada] -- make sure the server is running at localhost:6379
]]></system-err>
  </testcase>
  <testcase name="testAddFirst[9]" classname="org.springframework.data.redis.support.collections.RedisListTests" time="0.002">
    <error message="Could not get a resource from the pool; nested exception is org.jredis.ClientRuntimeException: null reference:{connection on setConnection()} in method JRedisClient.setConnection() [file: JRedisClient.java line:158 - package: org.jredis.ri.alphazero] cause: =&gt; [IllegalArgumentException: null reference:{connection on setConnection()} in method JRedisClient.setConnection() [file: JRedisClient.java line:158 - package: org.jredis.ri.alphazero]]" type="org.springframework.data.redis.connection.PoolException">org.springframework.data.redis.connection.PoolException: Could not get a resource from the pool; nested exception is org.jredis.ClientRuntimeException: null reference:{connection on setConnection()} in method JRedisClient.setConnection() [file: JRedisClient.java line:158 - package: org.jredis.ri.alphazero] cause: => [IllegalArgumentException: null reference:{connection on setConnection()} in method JRedisClient.setConnection() [file: JRedisClient.java line:158 - package: org.jredis.ri.alphazero]]
Caused by: org.jredis.ClientRuntimeException: null reference:{connection on setConnection()} in method JRedisClient.setConnection() [file: JRedisClient.java line:158 - package: org.jredis.ri.alphazero] cause: => [IllegalArgumentException: null reference:{connection on setConnection()} in method JRedisClient.setConnection() [file: JRedisClient.java line:158 - package: org.jredis.ri.alphazero]]
Caused by: java.lang.IllegalArgumentException: null reference:{connection on setConnection()} in method JRedisClient.setConnection() [file: JRedisClient.java line:158 - package: org.jredis.ri.alphazero]
</error>
  </testcase>
  <testcase name="testDrainToCollectionWithMaxElements[9]" classname="org.springframework.data.redis.support.collections.RedisListTests" time="0.002">
    <error message="Could not get a resource from the pool; nested exception is org.jredis.ClientRuntimeException: null reference:{connection on setConnection()} in method JRedisClient.setConnection() [file: JRedisClient.java line:158 - package: org.jredis.ri.alphazero] cause: =&gt; [IllegalArgumentException: null reference:{connection on setConnection()} in method JRedisClient.setConnection() [file: JRedisClient.java line:158 - package: org.jredis.ri.alphazero]]" type="org.springframework.data.redis.connection.PoolException">org.springframework.data.redis.connection.PoolException: Could not get a resource from the pool; nested exception is org.jredis.ClientRuntimeException: null reference:{connection on setConnection()} in method JRedisClient.setConnection() [file: JRedisClient.java line:158 - package: org.jredis.ri.alphazero] cause: => [IllegalArgumentException: null reference:{connection on setConnection()} in method JRedisClient.setConnection() [file: JRedisClient.java line:158 - package: org.jredis.ri.alphazero]]
Caused by: org.jredis.ClientRuntimeException: null reference:{connection on setConnection()} in method JRedisClient.setConnection() [file: JRedisClient.java line:158 - package: org.jredis.ri.alphazero] cause: => [IllegalArgumentException: null reference:{connection on setConnection()} in method JRedisClient.setConnection() [file: JRedisClient.java line:158 - package: org.jredis.ri.alphazero]]
Caused by: java.lang.IllegalArgumentException: null reference:{connection on setConnection()} in method JRedisClient.setConnection() [file: JRedisClient.java line:158 - package: org.jredis.ri.alphazero]
</error>
    <system-err><![CDATA[01475611470299 Tue Oct 04 17:04:30 BRT 2016 JRedis[tid:1] <INFORMAÇÕES>: WARNING: heartbeat is disabled.
01475611470300 Tue Oct 04 17:04:30 BRT 2016 JRedis[tid:1] <ADVERTÊNCIA>: PROBLEM: Shutting down due to connection FAULT: Socket connect failed [cause: java.net.ConnectException: Conexão recusada] -- make sure the server is running at localhost:6379 - Connection: SYNCHRONOUS  localhost/127.0.0.1:6379 db:0 | SyncConnection@1476235721
01475611470300 Tue Oct 04 17:04:30 BRT 2016 JRedis[tid:1] <GRAVE>: Error creating connection -> Socket connect failed [cause: java.net.ConnectException: Conexão recusada] -- make sure the server is running at localhost:6379
01475611470300 Tue Oct 04 17:04:30 BRT 2016 JRedis[tid:1] <INFORMAÇÕES>: WARNING: heartbeat is disabled.
01475611470300 Tue Oct 04 17:04:30 BRT 2016 JRedis[tid:1] <ADVERTÊNCIA>: PROBLEM: Shutting down due to connection FAULT: Socket connect failed [cause: java.net.ConnectException: Conexão recusada] -- make sure the server is running at localhost:6379 - Connection: SYNCHRONOUS  localhost/127.0.0.1:6379 db:0 | SyncConnection@1828508781
01475611470300 Tue Oct 04 17:04:30 BRT 2016 JRedis[tid:1] <GRAVE>: Error creating connection -> Socket connect failed [cause: java.net.ConnectException: Conexão recusada] -- make sure the server is running at localhost:6379
]]></system-err>
  </testcase>
  <testcase name="testDrainToCollectionWithMaxElements[9]" classname="org.springframework.data.redis.support.collections.RedisListTests" time="0.002">
    <error message="Could not get a resource from the pool; nested exception is org.jredis.ClientRuntimeException: null reference:{connection on setConnection()} in method JRedisClient.setConnection() [file: JRedisClient.java line:158 - package: org.jredis.ri.alphazero] cause: =&gt; [IllegalArgumentException: null reference:{connection on setConnection()} in method JRedisClient.setConnection() [file: JRedisClient.java line:158 - package: org.jredis.ri.alphazero]]" type="org.springframework.data.redis.connection.PoolException">org.springframework.data.redis.connection.PoolException: Could not get a resource from the pool; nested exception is org.jredis.ClientRuntimeException: null reference:{connection on setConnection()} in method JRedisClient.setConnection() [file: JRedisClient.java line:158 - package: org.jredis.ri.alphazero] cause: => [IllegalArgumentException: null reference:{connection on setConnection()} in method JRedisClient.setConnection() [file: JRedisClient.java line:158 - package: org.jredis.ri.alphazero]]
Caused by: org.jredis.ClientRuntimeException: null reference:{connection on setConnection()} in method JRedisClient.setConnection() [file: JRedisClient.java line:158 - package: org.jredis.ri.alphazero] cause: => [IllegalArgumentException: null reference:{connection on setConnection()} in method JRedisClient.setConnection() [file: JRedisClient.java line:158 - package: org.jredis.ri.alphazero]]
Caused by: java.lang.IllegalArgumentException: null reference:{connection on setConnection()} in method JRedisClient.setConnection() [file: JRedisClient.java line:158 - package: org.jredis.ri.alphazero]
</error>
  </testcase>
  <testcase name="testTakeLast[9]" classname="org.springframework.data.redis.support.collections.RedisListTests" time="0.003">
    <error message="Could not get a resource from the pool; nested exception is org.jredis.ClientRuntimeException: null reference:{connection on setConnection()} in method JRedisClient.setConnection() [file: JRedisClient.java line:158 - package: org.jredis.ri.alphazero] cause: =&gt; [IllegalArgumentException: null reference:{connection on setConnection()} in method JRedisClient.setConnection() [file: JRedisClient.java line:158 - package: org.jredis.ri.alphazero]]" type="org.springframework.data.redis.connection.PoolException">org.springframework.data.redis.connection.PoolException: Could not get a resource from the pool; nested exception is org.jredis.ClientRuntimeException: null reference:{connection on setConnection()} in method JRedisClient.setConnection() [file: JRedisClient.java line:158 - package: org.jredis.ri.alphazero] cause: => [IllegalArgumentException: null reference:{connection on setConnection()} in method JRedisClient.setConnection() [file: JRedisClient.java line:158 - package: org.jredis.ri.alphazero]]
Caused by: org.jredis.ClientRuntimeException: null reference:{connection on setConnection()} in method JRedisClient.setConnection() [file: JRedisClient.java line:158 - package: org.jredis.ri.alphazero] cause: => [IllegalArgumentException: null reference:{connection on setConnection()} in method JRedisClient.setConnection() [file: JRedisClient.java line:158 - package: org.jredis.ri.alphazero]]
Caused by: java.lang.IllegalArgumentException: null reference:{connection on setConnection()} in method JRedisClient.setConnection() [file: JRedisClient.java line:158 - package: org.jredis.ri.alphazero]
</error>
    <system-err><![CDATA[01475611470301 Tue Oct 04 17:04:30 BRT 2016 JRedis[tid:1] <INFORMAÇÕES>: WARNING: heartbeat is disabled.
01475611470301 Tue Oct 04 17:04:30 BRT 2016 JRedis[tid:1] <ADVERTÊNCIA>: PROBLEM: Shutting down due to connection FAULT: Socket connect failed [cause: java.net.ConnectException: Conexão recusada] -- make sure the server is running at localhost:6379 - Connection: SYNCHRONOUS  localhost/127.0.0.1:6379 db:0 | SyncConnection@1930837320
01475611470301 Tue Oct 04 17:04:30 BRT 2016 JRedis[tid:1] <GRAVE>: Error creating connection -> Socket connect failed [cause: java.net.ConnectException: Conexão recusada] -- make sure the server is running at localhost:6379
01475611470302 Tue Oct 04 17:04:30 BRT 2016 JRedis[tid:1] <INFORMAÇÕES>: WARNING: heartbeat is disabled.
01475611470302 Tue Oct 04 17:04:30 BRT 2016 JRedis[tid:1] <ADVERTÊNCIA>: PROBLEM: Shutting down due to connection FAULT: Socket connect failed [cause: java.net.ConnectException: Conexão recusada] -- make sure the server is running at localhost:6379 - Connection: SYNCHRONOUS  localhost/127.0.0.1:6379 db:0 | SyncConnection@1489193907
01475611470302 Tue Oct 04 17:04:30 BRT 2016 JRedis[tid:1] <GRAVE>: Error creating connection -> Socket connect failed [cause: java.net.ConnectException: Conexão recusada] -- make sure the server is running at localhost:6379
]]></system-err>
  </testcase>
  <testcase name="testTakeLast[9]" classname="org.springframework.data.redis.support.collections.RedisListTests" time="0.003">
    <error message="Could not get a resource from the pool; nested exception is org.jredis.ClientRuntimeException: null reference:{connection on setConnection()} in method JRedisClient.setConnection() [file: JRedisClient.java line:158 - package: org.jredis.ri.alphazero] cause: =&gt; [IllegalArgumentException: null reference:{connection on setConnection()} in method JRedisClient.setConnection() [file: JRedisClient.java line:158 - package: org.jredis.ri.alphazero]]" type="org.springframework.data.redis.connection.PoolException">org.springframework.data.redis.connection.PoolException: Could not get a resource from the pool; nested exception is org.jredis.ClientRuntimeException: null reference:{connection on setConnection()} in method JRedisClient.setConnection() [file: JRedisClient.java line:158 - package: org.jredis.ri.alphazero] cause: => [IllegalArgumentException: null reference:{connection on setConnection()} in method JRedisClient.setConnection() [file: JRedisClient.java line:158 - package: org.jredis.ri.alphazero]]
Caused by: org.jredis.ClientRuntimeException: null reference:{connection on setConnection()} in method JRedisClient.setConnection() [file: JRedisClient.java line:158 - package: org.jredis.ri.alphazero] cause: => [IllegalArgumentException: null reference:{connection on setConnection()} in method JRedisClient.setConnection() [file: JRedisClient.java line:158 - package: org.jredis.ri.alphazero]]
Caused by: java.lang.IllegalArgumentException: null reference:{connection on setConnection()} in method JRedisClient.setConnection() [file: JRedisClient.java line:158 - package: org.jredis.ri.alphazero]
</error>
  </testcase>
  <testcase name="testRemainingCapacity[9]" classname="org.springframework.data.redis.support.collections.RedisListTests" time="0">
    <error message="Could not get a resource from the pool; nested exception is org.jredis.ClientRuntimeException: null reference:{connection on setConnection()} in method JRedisClient.setConnection() [file: JRedisClient.java line:158 - package: org.jredis.ri.alphazero] cause: =&gt; [IllegalArgumentException: null reference:{connection on setConnection()} in method JRedisClient.setConnection() [file: JRedisClient.java line:158 - package: org.jredis.ri.alphazero]]" type="org.springframework.data.redis.connection.PoolException">org.springframework.data.redis.connection.PoolException: Could not get a resource from the pool; nested exception is org.jredis.ClientRuntimeException: null reference:{connection on setConnection()} in method JRedisClient.setConnection() [file: JRedisClient.java line:158 - package: org.jredis.ri.alphazero] cause: => [IllegalArgumentException: null reference:{connection on setConnection()} in method JRedisClient.setConnection() [file: JRedisClient.java line:158 - package: org.jredis.ri.alphazero]]
Caused by: org.jredis.ClientRuntimeException: null reference:{connection on setConnection()} in method JRedisClient.setConnection() [file: JRedisClient.java line:158 - package: org.jredis.ri.alphazero] cause: => [IllegalArgumentException: null reference:{connection on setConnection()} in method JRedisClient.setConnection() [file: JRedisClient.java line:158 - package: org.jredis.ri.alphazero]]
Caused by: java.lang.IllegalArgumentException: null reference:{connection on setConnection()} in method JRedisClient.setConnection() [file: JRedisClient.java line:158 - package: org.jredis.ri.alphazero]
</error>
    <system-err><![CDATA[01475611470303 Tue Oct 04 17:04:30 BRT 2016 JRedis[tid:1] <INFORMAÇÕES>: WARNING: heartbeat is disabled.
01475611470303 Tue Oct 04 17:04:30 BRT 2016 JRedis[tid:1] <ADVERTÊNCIA>: PROBLEM: Shutting down due to connection FAULT: Socket connect failed [cause: java.net.ConnectException: Conexão recusada] -- make sure the server is running at localhost:6379 - Connection: SYNCHRONOUS  localhost/127.0.0.1:6379 db:0 | SyncConnection@1453606810
01475611470303 Tue Oct 04 17:04:30 BRT 2016 JRedis[tid:1] <GRAVE>: Error creating connection -> Socket connect failed [cause: java.net.ConnectException: Conexão recusada] -- make sure the server is running at localhost:6379
]]></system-err>
  </testcase>
  <testcase name="testRemoveLast[9]" classname="org.springframework.data.redis.support.collections.RedisListTests" time="0.001">
    <error message="Could not get a resource from the pool; nested exception is org.jredis.ClientRuntimeException: null reference:{connection on setConnection()} in method JRedisClient.setConnection() [file: JRedisClient.java line:158 - package: org.jredis.ri.alphazero] cause: =&gt; [IllegalArgumentException: null reference:{connection on setConnection()} in method JRedisClient.setConnection() [file: JRedisClient.java line:158 - package: org.jredis.ri.alphazero]]" type="org.springframework.data.redis.connection.PoolException">org.springframework.data.redis.connection.PoolException: Could not get a resource from the pool; nested exception is org.jredis.ClientRuntimeException: null reference:{connection on setConnection()} in method JRedisClient.setConnection() [file: JRedisClient.java line:158 - package: org.jredis.ri.alphazero] cause: => [IllegalArgumentException: null reference:{connection on setConnection()} in method JRedisClient.setConnection() [file: JRedisClient.java line:158 - package: org.jredis.ri.alphazero]]
Caused by: org.jredis.ClientRuntimeException: null reference:{connection on setConnection()} in method JRedisClient.setConnection() [file: JRedisClient.java line:158 - package: org.jredis.ri.alphazero] cause: => [IllegalArgumentException: null reference:{connection on setConnection()} in method JRedisClient.setConnection() [file: JRedisClient.java line:158 - package: org.jredis.ri.alphazero]]
Caused by: java.lang.IllegalArgumentException: null reference:{connection on setConnection()} in method JRedisClient.setConnection() [file: JRedisClient.java line:158 - package: org.jredis.ri.alphazero]
</error>
    <system-err><![CDATA[01475611470304 Tue Oct 04 17:04:30 BRT 2016 JRedis[tid:1] <INFORMAÇÕES>: WARNING: heartbeat is disabled.
01475611470304 Tue Oct 04 17:04:30 BRT 2016 JRedis[tid:1] <ADVERTÊNCIA>: PROBLEM: Shutting down due to connection FAULT: Socket connect failed [cause: java.net.ConnectException: Conexão recusada] -- make sure the server is running at localhost:6379 - Connection: SYNCHRONOUS  localhost/127.0.0.1:6379 db:0 | SyncConnection@544966217
01475611470304 Tue Oct 04 17:04:30 BRT 2016 JRedis[tid:1] <GRAVE>: Error creating connection -> Socket connect failed [cause: java.net.ConnectException: Conexão recusada] -- make sure the server is running at localhost:6379
01475611470304 Tue Oct 04 17:04:30 BRT 2016 JRedis[tid:1] <INFORMAÇÕES>: WARNING: heartbeat is disabled.
01475611470304 Tue Oct 04 17:04:30 BRT 2016 JRedis[tid:1] <ADVERTÊNCIA>: PROBLEM: Shutting down due to connection FAULT: Socket connect failed [cause: java.net.ConnectException: Conexão recusada] -- make sure the server is running at localhost:6379 - Connection: SYNCHRONOUS  localhost/127.0.0.1:6379 db:0 | SyncConnection@1706272858
01475611470304 Tue Oct 04 17:04:30 BRT 2016 JRedis[tid:1] <GRAVE>: Error creating connection -> Socket connect failed [cause: java.net.ConnectException: Conexão recusada] -- make sure the server is running at localhost:6379
]]></system-err>
  </testcase>
  <testcase name="testRemoveLast[9]" classname="org.springframework.data.redis.support.collections.RedisListTests" time="0.001">
    <error message="Could not get a resource from the pool; nested exception is org.jredis.ClientRuntimeException: null reference:{connection on setConnection()} in method JRedisClient.setConnection() [file: JRedisClient.java line:158 - package: org.jredis.ri.alphazero] cause: =&gt; [IllegalArgumentException: null reference:{connection on setConnection()} in method JRedisClient.setConnection() [file: JRedisClient.java line:158 - package: org.jredis.ri.alphazero]]" type="org.springframework.data.redis.connection.PoolException">org.springframework.data.redis.connection.PoolException: Could not get a resource from the pool; nested exception is org.jredis.ClientRuntimeException: null reference:{connection on setConnection()} in method JRedisClient.setConnection() [file: JRedisClient.java line:158 - package: org.jredis.ri.alphazero] cause: => [IllegalArgumentException: null reference:{connection on setConnection()} in method JRedisClient.setConnection() [file: JRedisClient.java line:158 - package: org.jredis.ri.alphazero]]
Caused by: org.jredis.ClientRuntimeException: null reference:{connection on setConnection()} in method JRedisClient.setConnection() [file: JRedisClient.java line:158 - package: org.jredis.ri.alphazero] cause: => [IllegalArgumentException: null reference:{connection on setConnection()} in method JRedisClient.setConnection() [file: JRedisClient.java line:158 - package: org.jredis.ri.alphazero]]
Caused by: java.lang.IllegalArgumentException: null reference:{connection on setConnection()} in method JRedisClient.setConnection() [file: JRedisClient.java line:158 - package: org.jredis.ri.alphazero]
</error>
  </testcase>
  <testcase name="testAddIndexObjectHead[9]" classname="org.springframework.data.redis.support.collections.RedisListTests" time="0.001">
    <error message="Could not get a resource from the pool; nested exception is org.jredis.ClientRuntimeException: null reference:{connection on setConnection()} in method JRedisClient.setConnection() [file: JRedisClient.java line:158 - package: org.jredis.ri.alphazero] cause: =&gt; [IllegalArgumentException: null reference:{connection on setConnection()} in method JRedisClient.setConnection() [file: JRedisClient.java line:158 - package: org.jredis.ri.alphazero]]" type="org.springframework.data.redis.connection.PoolException">org.springframework.data.redis.connection.PoolException: Could not get a resource from the pool; nested exception is org.jredis.ClientRuntimeException: null reference:{connection on setConnection()} in method JRedisClient.setConnection() [file: JRedisClient.java line:158 - package: org.jredis.ri.alphazero] cause: => [IllegalArgumentException: null reference:{connection on setConnection()} in method JRedisClient.setConnection() [file: JRedisClient.java line:158 - package: org.jredis.ri.alphazero]]
Caused by: org.jredis.ClientRuntimeException: null reference:{connection on setConnection()} in method JRedisClient.setConnection() [file: JRedisClient.java line:158 - package: org.jredis.ri.alphazero] cause: => [IllegalArgumentException: null reference:{connection on setConnection()} in method JRedisClient.setConnection() [file: JRedisClient.java line:158 - package: org.jredis.ri.alphazero]]
Caused by: java.lang.IllegalArgumentException: null reference:{connection on setConnection()} in method JRedisClient.setConnection() [file: JRedisClient.java line:158 - package: org.jredis.ri.alphazero]
</error>
    <system-err><![CDATA[01475611470305 Tue Oct 04 17:04:30 BRT 2016 JRedis[tid:1] <INFORMAÇÕES>: WARNING: heartbeat is disabled.
01475611470305 Tue Oct 04 17:04:30 BRT 2016 JRedis[tid:1] <ADVERTÊNCIA>: PROBLEM: Shutting down due to connection FAULT: Socket connect failed [cause: java.net.ConnectException: Conexão recusada] -- make sure the server is running at localhost:6379 - Connection: SYNCHRONOUS  localhost/127.0.0.1:6379 db:0 | SyncConnection@373097727
01475611470305 Tue Oct 04 17:04:30 BRT 2016 JRedis[tid:1] <GRAVE>: Error creating connection -> Socket connect failed [cause: java.net.ConnectException: Conexão recusada] -- make sure the server is running at localhost:6379
01475611470306 Tue Oct 04 17:04:30 BRT 2016 JRedis[tid:1] <INFORMAÇÕES>: WARNING: heartbeat is disabled.
01475611470306 Tue Oct 04 17:04:30 BRT 2016 JRedis[tid:1] <ADVERTÊNCIA>: PROBLEM: Shutting down due to connection FAULT: Socket connect failed [cause: java.net.ConnectException: Conexão recusada] -- make sure the server is running at localhost:6379 - Connection: SYNCHRONOUS  localhost/127.0.0.1:6379 db:0 | SyncConnection@2082509879
01475611470306 Tue Oct 04 17:04:30 BRT 2016 JRedis[tid:1] <GRAVE>: Error creating connection -> Socket connect failed [cause: java.net.ConnectException: Conexão recusada] -- make sure the server is running at localhost:6379
]]></system-err>
  </testcase>
  <testcase name="testAddIndexObjectHead[9]" classname="org.springframework.data.redis.support.collections.RedisListTests" time="0.001">
    <error message="Could not get a resource from the pool; nested exception is org.jredis.ClientRuntimeException: null reference:{connection on setConnection()} in method JRedisClient.setConnection() [file: JRedisClient.java line:158 - package: org.jredis.ri.alphazero] cause: =&gt; [IllegalArgumentException: null reference:{connection on setConnection()} in method JRedisClient.setConnection() [file: JRedisClient.java line:158 - package: org.jredis.ri.alphazero]]" type="org.springframework.data.redis.connection.PoolException">org.springframework.data.redis.connection.PoolException: Could not get a resource from the pool; nested exception is org.jredis.ClientRuntimeException: null reference:{connection on setConnection()} in method JRedisClient.setConnection() [file: JRedisClient.java line:158 - package: org.jredis.ri.alphazero] cause: => [IllegalArgumentException: null reference:{connection on setConnection()} in method JRedisClient.setConnection() [file: JRedisClient.java line:158 - package: org.jredis.ri.alphazero]]
Caused by: org.jredis.ClientRuntimeException: null reference:{connection on setConnection()} in method JRedisClient.setConnection() [file: JRedisClient.java line:158 - package: org.jredis.ri.alphazero] cause: => [IllegalArgumentException: null reference:{connection on setConnection()} in method JRedisClient.setConnection() [file: JRedisClient.java line:158 - package: org.jredis.ri.alphazero]]
Caused by: java.lang.IllegalArgumentException: null reference:{connection on setConnection()} in method JRedisClient.setConnection() [file: JRedisClient.java line:158 - package: org.jredis.ri.alphazero]
</error>
  </testcase>
  <testcase name="testAddIndexObjectTail[9]" classname="org.springframework.data.redis.support.collections.RedisListTests" time="0.002">
    <error message="Could not get a resource from the pool; nested exception is org.jredis.ClientRuntimeException: null reference:{connection on setConnection()} in method JRedisClient.setConnection() [file: JRedisClient.java line:158 - package: org.jredis.ri.alphazero] cause: =&gt; [IllegalArgumentException: null reference:{connection on setConnection()} in method JRedisClient.setConnection() [file: JRedisClient.java line:158 - package: org.jredis.ri.alphazero]]" type="org.springframework.data.redis.connection.PoolException">org.springframework.data.redis.connection.PoolException: Could not get a resource from the pool; nested exception is org.jredis.ClientRuntimeException: null reference:{connection on setConnection()} in method JRedisClient.setConnection() [file: JRedisClient.java line:158 - package: org.jredis.ri.alphazero] cause: => [IllegalArgumentException: null reference:{connection on setConnection()} in method JRedisClient.setConnection() [file: JRedisClient.java line:158 - package: org.jredis.ri.alphazero]]
Caused by: org.jredis.ClientRuntimeException: null reference:{connection on setConnection()} in method JRedisClient.setConnection() [file: JRedisClient.java line:158 - package: org.jredis.ri.alphazero] cause: => [IllegalArgumentException: null reference:{connection on setConnection()} in method JRedisClient.setConnection() [file: JRedisClient.java line:158 - package: org.jredis.ri.alphazero]]
Caused by: java.lang.IllegalArgumentException: null reference:{connection on setConnection()} in method JRedisClient.setConnection() [file: JRedisClient.java line:158 - package: org.jredis.ri.alphazero]
</error>
    <system-err><![CDATA[01475611470306 Tue Oct 04 17:04:30 BRT 2016 JRedis[tid:1] <INFORMAÇÕES>: WARNING: heartbeat is disabled.
01475611470307 Tue Oct 04 17:04:30 BRT 2016 JRedis[tid:1] <ADVERTÊNCIA>: PROBLEM: Shutting down due to connection FAULT: Socket connect failed [cause: java.net.ConnectException: Conexão recusada] -- make sure the server is running at localhost:6379 - Connection: SYNCHRONOUS  localhost/127.0.0.1:6379 db:0 | SyncConnection@635610193
01475611470307 Tue Oct 04 17:04:30 BRT 2016 JRedis[tid:1] <GRAVE>: Error creating connection -> Socket connect failed [cause: java.net.ConnectException: Conexão recusada] -- make sure the server is running at localhost:6379
01475611470307 Tue Oct 04 17:04:30 BRT 2016 JRedis[tid:1] <INFORMAÇÕES>: WARNING: heartbeat is disabled.
01475611470307 Tue Oct 04 17:04:30 BRT 2016 JRedis[tid:1] <ADVERTÊNCIA>: PROBLEM: Shutting down due to connection FAULT: Socket connect failed [cause: java.net.ConnectException: Conexão recusada] -- make sure the server is running at localhost:6379 - Connection: SYNCHRONOUS  localhost/127.0.0.1:6379 db:0 | SyncConnection@379121284
01475611470307 Tue Oct 04 17:04:30 BRT 2016 JRedis[tid:1] <GRAVE>: Error creating connection -> Socket connect failed [cause: java.net.ConnectException: Conexão recusada] -- make sure the server is running at localhost:6379
]]></system-err>
  </testcase>
  <testcase name="testAddIndexObjectTail[9]" classname="org.springframework.data.redis.support.collections.RedisListTests" time="0.002">
    <error message="Could not get a resource from the pool; nested exception is org.jredis.ClientRuntimeException: null reference:{connection on setConnection()} in method JRedisClient.setConnection() [file: JRedisClient.java line:158 - package: org.jredis.ri.alphazero] cause: =&gt; [IllegalArgumentException: null reference:{connection on setConnection()} in method JRedisClient.setConnection() [file: JRedisClient.java line:158 - package: org.jredis.ri.alphazero]]" type="org.springframework.data.redis.connection.PoolException">org.springframework.data.redis.connection.PoolException: Could not get a resource from the pool; nested exception is org.jredis.ClientRuntimeException: null reference:{connection on setConnection()} in method JRedisClient.setConnection() [file: JRedisClient.java line:158 - package: org.jredis.ri.alphazero] cause: => [IllegalArgumentException: null reference:{connection on setConnection()} in method JRedisClient.setConnection() [file: JRedisClient.java line:158 - package: org.jredis.ri.alphazero]]
Caused by: org.jredis.ClientRuntimeException: null reference:{connection on setConnection()} in method JRedisClient.setConnection() [file: JRedisClient.java line:158 - package: org.jredis.ri.alphazero] cause: => [IllegalArgumentException: null reference:{connection on setConnection()} in method JRedisClient.setConnection() [file: JRedisClient.java line:158 - package: org.jredis.ri.alphazero]]
Caused by: java.lang.IllegalArgumentException: null reference:{connection on setConnection()} in method JRedisClient.setConnection() [file: JRedisClient.java line:158 - package: org.jredis.ri.alphazero]
</error>
  </testcase>
  <testcase name="testPollFirst[9]" classname="org.springframework.data.redis.support.collections.RedisListTests" time="0.001">
    <error message="Could not get a resource from the pool; nested exception is org.jredis.ClientRuntimeException: null reference:{connection on setConnection()} in method JRedisClient.setConnection() [file: JRedisClient.java line:158 - package: org.jredis.ri.alphazero] cause: =&gt; [IllegalArgumentException: null reference:{connection on setConnection()} in method JRedisClient.setConnection() [file: JRedisClient.java line:158 - package: org.jredis.ri.alphazero]]" type="org.springframework.data.redis.connection.PoolException">org.springframework.data.redis.connection.PoolException: Could not get a resource from the pool; nested exception is org.jredis.ClientRuntimeException: null reference:{connection on setConnection()} in method JRedisClient.setConnection() [file: JRedisClient.java line:158 - package: org.jredis.ri.alphazero] cause: => [IllegalArgumentException: null reference:{connection on setConnection()} in method JRedisClient.setConnection() [file: JRedisClient.java line:158 - package: org.jredis.ri.alphazero]]
Caused by: org.jredis.ClientRuntimeException: null reference:{connection on setConnection()} in method JRedisClient.setConnection() [file: JRedisClient.java line:158 - package: org.jredis.ri.alphazero] cause: => [IllegalArgumentException: null reference:{connection on setConnection()} in method JRedisClient.setConnection() [file: JRedisClient.java line:158 - package: org.jredis.ri.alphazero]]
Caused by: java.lang.IllegalArgumentException: null reference:{connection on setConnection()} in method JRedisClient.setConnection() [file: JRedisClient.java line:158 - package: org.jredis.ri.alphazero]
</error>
    <system-err><![CDATA[01475611470308 Tue Oct 04 17:04:30 BRT 2016 JRedis[tid:1] <INFORMAÇÕES>: WARNING: heartbeat is disabled.
01475611470308 Tue Oct 04 17:04:30 BRT 2016 JRedis[tid:1] <ADVERTÊNCIA>: PROBLEM: Shutting down due to connection FAULT: Socket connect failed [cause: java.net.ConnectException: Conexão recusada] -- make sure the server is running at localhost:6379 - Connection: SYNCHRONOUS  localhost/127.0.0.1:6379 db:0 | SyncConnection@281421502
01475611470308 Tue Oct 04 17:04:30 BRT 2016 JRedis[tid:1] <GRAVE>: Error creating connection -> Socket connect failed [cause: java.net.ConnectException: Conexão recusada] -- make sure the server is running at localhost:6379
01475611470308 Tue Oct 04 17:04:30 BRT 2016 JRedis[tid:1] <INFORMAÇÕES>: WARNING: heartbeat is disabled.
01475611470309 Tue Oct 04 17:04:30 BRT 2016 JRedis[tid:1] <ADVERTÊNCIA>: PROBLEM: Shutting down due to connection FAULT: Socket connect failed [cause: java.net.ConnectException: Conexão recusada] -- make sure the server is running at localhost:6379 - Connection: SYNCHRONOUS  localhost/127.0.0.1:6379 db:0 | SyncConnection@50072771
01475611470309 Tue Oct 04 17:04:30 BRT 2016 JRedis[tid:1] <GRAVE>: Error creating connection -> Socket connect failed [cause: java.net.ConnectException: Conexão recusada] -- make sure the server is running at localhost:6379
]]></system-err>
  </testcase>
  <testcase name="testPollFirst[9]" classname="org.springframework.data.redis.support.collections.RedisListTests" time="0.001">
    <error message="Could not get a resource from the pool; nested exception is org.jredis.ClientRuntimeException: null reference:{connection on setConnection()} in method JRedisClient.setConnection() [file: JRedisClient.java line:158 - package: org.jredis.ri.alphazero] cause: =&gt; [IllegalArgumentException: null reference:{connection on setConnection()} in method JRedisClient.setConnection() [file: JRedisClient.java line:158 - package: org.jredis.ri.alphazero]]" type="org.springframework.data.redis.connection.PoolException">org.springframework.data.redis.connection.PoolException: Could not get a resource from the pool; nested exception is org.jredis.ClientRuntimeException: null reference:{connection on setConnection()} in method JRedisClient.setConnection() [file: JRedisClient.java line:158 - package: org.jredis.ri.alphazero] cause: => [IllegalArgumentException: null reference:{connection on setConnection()} in method JRedisClient.setConnection() [file: JRedisClient.java line:158 - package: org.jredis.ri.alphazero]]
Caused by: org.jredis.ClientRuntimeException: null reference:{connection on setConnection()} in method JRedisClient.setConnection() [file: JRedisClient.java line:158 - package: org.jredis.ri.alphazero] cause: => [IllegalArgumentException: null reference:{connection on setConnection()} in method JRedisClient.setConnection() [file: JRedisClient.java line:158 - package: org.jredis.ri.alphazero]]
Caused by: java.lang.IllegalArgumentException: null reference:{connection on setConnection()} in method JRedisClient.setConnection() [file: JRedisClient.java line:158 - package: org.jredis.ri.alphazero]
</error>
  </testcase>
  <testcase name="testAddIndexObjectMiddle[9]" classname="org.springframework.data.redis.support.collections.RedisListTests" time="0.002">
    <error message="Unexpected exception, expected&lt;java.lang.IllegalArgumentException&gt; but was&lt;org.springframework.data.redis.connection.PoolException&gt;" type="java.lang.Exception"><![CDATA[java.lang.Exception: Unexpected exception, expected<java.lang.IllegalArgumentException> but was<org.springframework.data.redis.connection.PoolException>
Caused by: org.springframework.data.redis.connection.PoolException: Could not get a resource from the pool; nested exception is org.jredis.ClientRuntimeException: null reference:{connection on setConnection()} in method JRedisClient.setConnection() [file: JRedisClient.java line:158 - package: org.jredis.ri.alphazero] cause: => [IllegalArgumentException: null reference:{connection on setConnection()} in method JRedisClient.setConnection() [file: JRedisClient.java line:158 - package: org.jredis.ri.alphazero]]
Caused by: org.jredis.ClientRuntimeException: null reference:{connection on setConnection()} in method JRedisClient.setConnection() [file: JRedisClient.java line:158 - package: org.jredis.ri.alphazero] cause: => [IllegalArgumentException: null reference:{connection on setConnection()} in method JRedisClient.setConnection() [file: JRedisClient.java line:158 - package: org.jredis.ri.alphazero]]
Caused by: java.lang.IllegalArgumentException: null reference:{connection on setConnection()} in method JRedisClient.setConnection() [file: JRedisClient.java line:158 - package: org.jredis.ri.alphazero]
]]></error>
    <system-err><![CDATA[01475611470310 Tue Oct 04 17:04:30 BRT 2016 JRedis[tid:1] <INFORMAÇÕES>: WARNING: heartbeat is disabled.
01475611470310 Tue Oct 04 17:04:30 BRT 2016 JRedis[tid:1] <ADVERTÊNCIA>: PROBLEM: Shutting down due to connection FAULT: Socket connect failed [cause: java.net.ConnectException: Conexão recusada] -- make sure the server is running at localhost:6379 - Connection: SYNCHRONOUS  localhost/127.0.0.1:6379 db:0 | SyncConnection@406749219
01475611470310 Tue Oct 04 17:04:30 BRT 2016 JRedis[tid:1] <GRAVE>: Error creating connection -> Socket connect failed [cause: java.net.ConnectException: Conexão recusada] -- make sure the server is running at localhost:6379
01475611470310 Tue Oct 04 17:04:30 BRT 2016 JRedis[tid:1] <INFORMAÇÕES>: WARNING: heartbeat is disabled.
01475611470310 Tue Oct 04 17:04:30 BRT 2016 JRedis[tid:1] <ADVERTÊNCIA>: PROBLEM: Shutting down due to connection FAULT: Socket connect failed [cause: java.net.ConnectException: Conexão recusada] -- make sure the server is running at localhost:6379 - Connection: SYNCHRONOUS  localhost/127.0.0.1:6379 db:0 | SyncConnection@1173340685
01475611470311 Tue Oct 04 17:04:30 BRT 2016 JRedis[tid:1] <GRAVE>: Error creating connection -> Socket connect failed [cause: java.net.ConnectException: Conexão recusada] -- make sure the server is running at localhost:6379
]]></system-err>
  </testcase>
  <testcase name="testAddIndexObjectMiddle[9]" classname="org.springframework.data.redis.support.collections.RedisListTests" time="0.002">
    <error message="Could not get a resource from the pool; nested exception is org.jredis.ClientRuntimeException: null reference:{connection on setConnection()} in method JRedisClient.setConnection() [file: JRedisClient.java line:158 - package: org.jredis.ri.alphazero] cause: =&gt; [IllegalArgumentException: null reference:{connection on setConnection()} in method JRedisClient.setConnection() [file: JRedisClient.java line:158 - package: org.jredis.ri.alphazero]]" type="org.springframework.data.redis.connection.PoolException">org.springframework.data.redis.connection.PoolException: Could not get a resource from the pool; nested exception is org.jredis.ClientRuntimeException: null reference:{connection on setConnection()} in method JRedisClient.setConnection() [file: JRedisClient.java line:158 - package: org.jredis.ri.alphazero] cause: => [IllegalArgumentException: null reference:{connection on setConnection()} in method JRedisClient.setConnection() [file: JRedisClient.java line:158 - package: org.jredis.ri.alphazero]]
Caused by: org.jredis.ClientRuntimeException: null reference:{connection on setConnection()} in method JRedisClient.setConnection() [file: JRedisClient.java line:158 - package: org.jredis.ri.alphazero] cause: => [IllegalArgumentException: null reference:{connection on setConnection()} in method JRedisClient.setConnection() [file: JRedisClient.java line:158 - package: org.jredis.ri.alphazero]]
Caused by: java.lang.IllegalArgumentException: null reference:{connection on setConnection()} in method JRedisClient.setConnection() [file: JRedisClient.java line:158 - package: org.jredis.ri.alphazero]
</error>
  </testcase>
  <testcase name="testPeekLast[9]" classname="org.springframework.data.redis.support.collections.RedisListTests" time="0.002">
    <error message="Could not get a resource from the pool; nested exception is org.jredis.ClientRuntimeException: null reference:{connection on setConnection()} in method JRedisClient.setConnection() [file: JRedisClient.java line:158 - package: org.jredis.ri.alphazero] cause: =&gt; [IllegalArgumentException: null reference:{connection on setConnection()} in method JRedisClient.setConnection() [file: JRedisClient.java line:158 - package: org.jredis.ri.alphazero]]" type="org.springframework.data.redis.connection.PoolException">org.springframework.data.redis.connection.PoolException: Could not get a resource from the pool; nested exception is org.jredis.ClientRuntimeException: null reference:{connection on setConnection()} in method JRedisClient.setConnection() [file: JRedisClient.java line:158 - package: org.jredis.ri.alphazero] cause: => [IllegalArgumentException: null reference:{connection on setConnection()} in method JRedisClient.setConnection() [file: JRedisClient.java line:158 - package: org.jredis.ri.alphazero]]
Caused by: org.jredis.ClientRuntimeException: null reference:{connection on setConnection()} in method JRedisClient.setConnection() [file: JRedisClient.java line:158 - package: org.jredis.ri.alphazero] cause: => [IllegalArgumentException: null reference:{connection on setConnection()} in method JRedisClient.setConnection() [file: JRedisClient.java line:158 - package: org.jredis.ri.alphazero]]
Caused by: java.lang.IllegalArgumentException: null reference:{connection on setConnection()} in method JRedisClient.setConnection() [file: JRedisClient.java line:158 - package: org.jredis.ri.alphazero]
</error>
    <system-err><![CDATA[01475611470311 Tue Oct 04 17:04:30 BRT 2016 JRedis[tid:1] <INFORMAÇÕES>: WARNING: heartbeat is disabled.
01475611470312 Tue Oct 04 17:04:30 BRT 2016 JRedis[tid:1] <ADVERTÊNCIA>: PROBLEM: Shutting down due to connection FAULT: Socket connect failed [cause: java.net.ConnectException: Conexão recusada] -- make sure the server is running at localhost:6379 - Connection: SYNCHRONOUS  localhost/127.0.0.1:6379 db:0 | SyncConnection@365625031
01475611470312 Tue Oct 04 17:04:30 BRT 2016 JRedis[tid:1] <GRAVE>: Error creating connection -> Socket connect failed [cause: java.net.ConnectException: Conexão recusada] -- make sure the server is running at localhost:6379
01475611470312 Tue Oct 04 17:04:30 BRT 2016 JRedis[tid:1] <INFORMAÇÕES>: WARNING: heartbeat is disabled.
01475611470312 Tue Oct 04 17:04:30 BRT 2016 JRedis[tid:1] <ADVERTÊNCIA>: PROBLEM: Shutting down due to connection FAULT: Socket connect failed [cause: java.net.ConnectException: Conexão recusada] -- make sure the server is running at localhost:6379 - Connection: SYNCHRONOUS  localhost/127.0.0.1:6379 db:0 | SyncConnection@1531200408
01475611470312 Tue Oct 04 17:04:30 BRT 2016 JRedis[tid:1] <GRAVE>: Error creating connection -> Socket connect failed [cause: java.net.ConnectException: Conexão recusada] -- make sure the server is running at localhost:6379
]]></system-err>
  </testcase>
  <testcase name="testPeekLast[9]" classname="org.springframework.data.redis.support.collections.RedisListTests" time="0.002">
    <error message="Could not get a resource from the pool; nested exception is org.jredis.ClientRuntimeException: null reference:{connection on setConnection()} in method JRedisClient.setConnection() [file: JRedisClient.java line:158 - package: org.jredis.ri.alphazero] cause: =&gt; [IllegalArgumentException: null reference:{connection on setConnection()} in method JRedisClient.setConnection() [file: JRedisClient.java line:158 - package: org.jredis.ri.alphazero]]" type="org.springframework.data.redis.connection.PoolException">org.springframework.data.redis.connection.PoolException: Could not get a resource from the pool; nested exception is org.jredis.ClientRuntimeException: null reference:{connection on setConnection()} in method JRedisClient.setConnection() [file: JRedisClient.java line:158 - package: org.jredis.ri.alphazero] cause: => [IllegalArgumentException: null reference:{connection on setConnection()} in method JRedisClient.setConnection() [file: JRedisClient.java line:158 - package: org.jredis.ri.alphazero]]
Caused by: org.jredis.ClientRuntimeException: null reference:{connection on setConnection()} in method JRedisClient.setConnection() [file: JRedisClient.java line:158 - package: org.jredis.ri.alphazero] cause: => [IllegalArgumentException: null reference:{connection on setConnection()} in method JRedisClient.setConnection() [file: JRedisClient.java line:158 - package: org.jredis.ri.alphazero]]
Caused by: java.lang.IllegalArgumentException: null reference:{connection on setConnection()} in method JRedisClient.setConnection() [file: JRedisClient.java line:158 - package: org.jredis.ri.alphazero]
</error>
  </testcase>
  <testcase name="testRemoveFirstOccurrence[9]" classname="org.springframework.data.redis.support.collections.RedisListTests" time="0.001">
    <error message="Could not get a resource from the pool; nested exception is org.jredis.ClientRuntimeException: null reference:{connection on setConnection()} in method JRedisClient.setConnection() [file: JRedisClient.java line:158 - package: org.jredis.ri.alphazero] cause: =&gt; [IllegalArgumentException: null reference:{connection on setConnection()} in method JRedisClient.setConnection() [file: JRedisClient.java line:158 - package: org.jredis.ri.alphazero]]" type="org.springframework.data.redis.connection.PoolException">org.springframework.data.redis.connection.PoolException: Could not get a resource from the pool; nested exception is org.jredis.ClientRuntimeException: null reference:{connection on setConnection()} in method JRedisClient.setConnection() [file: JRedisClient.java line:158 - package: org.jredis.ri.alphazero] cause: => [IllegalArgumentException: null reference:{connection on setConnection()} in method JRedisClient.setConnection() [file: JRedisClient.java line:158 - package: org.jredis.ri.alphazero]]
Caused by: org.jredis.ClientRuntimeException: null reference:{connection on setConnection()} in method JRedisClient.setConnection() [file: JRedisClient.java line:158 - package: org.jredis.ri.alphazero] cause: => [IllegalArgumentException: null reference:{connection on setConnection()} in method JRedisClient.setConnection() [file: JRedisClient.java line:158 - package: org.jredis.ri.alphazero]]
Caused by: java.lang.IllegalArgumentException: null reference:{connection on setConnection()} in method JRedisClient.setConnection() [file: JRedisClient.java line:158 - package: org.jredis.ri.alphazero]
</error>
    <system-err><![CDATA[01475611470313 Tue Oct 04 17:04:30 BRT 2016 JRedis[tid:1] <INFORMAÇÕES>: WARNING: heartbeat is disabled.
01475611470313 Tue Oct 04 17:04:30 BRT 2016 JRedis[tid:1] <ADVERTÊNCIA>: PROBLEM: Shutting down due to connection FAULT: Socket connect failed [cause: java.net.ConnectException: Conexão recusada] -- make sure the server is running at localhost:6379 - Connection: SYNCHRONOUS  localhost/127.0.0.1:6379 db:0 | SyncConnection@212963786
01475611470313 Tue Oct 04 17:04:30 BRT 2016 JRedis[tid:1] <GRAVE>: Error creating connection -> Socket connect failed [cause: java.net.ConnectException: Conexão recusada] -- make sure the server is running at localhost:6379
01475611470313 Tue Oct 04 17:04:30 BRT 2016 JRedis[tid:1] <INFORMAÇÕES>: WARNING: heartbeat is disabled.
01475611470313 Tue Oct 04 17:04:30 BRT 2016 JRedis[tid:1] <ADVERTÊNCIA>: PROBLEM: Shutting down due to connection FAULT: Socket connect failed [cause: java.net.ConnectException: Conexão recusada] -- make sure the server is running at localhost:6379 - Connection: SYNCHRONOUS  localhost/127.0.0.1:6379 db:0 | SyncConnection@1123321137
01475611470314 Tue Oct 04 17:04:30 BRT 2016 JRedis[tid:1] <GRAVE>: Error creating connection -> Socket connect failed [cause: java.net.ConnectException: Conexão recusada] -- make sure the server is running at localhost:6379
]]></system-err>
  </testcase>
  <testcase name="testRemoveFirstOccurrence[9]" classname="org.springframework.data.redis.support.collections.RedisListTests" time="0.001">
    <error message="Could not get a resource from the pool; nested exception is org.jredis.ClientRuntimeException: null reference:{connection on setConnection()} in method JRedisClient.setConnection() [file: JRedisClient.java line:158 - package: org.jredis.ri.alphazero] cause: =&gt; [IllegalArgumentException: null reference:{connection on setConnection()} in method JRedisClient.setConnection() [file: JRedisClient.java line:158 - package: org.jredis.ri.alphazero]]" type="org.springframework.data.redis.connection.PoolException">org.springframework.data.redis.connection.PoolException: Could not get a resource from the pool; nested exception is org.jredis.ClientRuntimeException: null reference:{connection on setConnection()} in method JRedisClient.setConnection() [file: JRedisClient.java line:158 - package: org.jredis.ri.alphazero] cause: => [IllegalArgumentException: null reference:{connection on setConnection()} in method JRedisClient.setConnection() [file: JRedisClient.java line:158 - package: org.jredis.ri.alphazero]]
Caused by: org.jredis.ClientRuntimeException: null reference:{connection on setConnection()} in method JRedisClient.setConnection() [file: JRedisClient.java line:158 - package: org.jredis.ri.alphazero] cause: => [IllegalArgumentException: null reference:{connection on setConnection()} in method JRedisClient.setConnection() [file: JRedisClient.java line:158 - package: org.jredis.ri.alphazero]]
Caused by: java.lang.IllegalArgumentException: null reference:{connection on setConnection()} in method JRedisClient.setConnection() [file: JRedisClient.java line:158 - package: org.jredis.ri.alphazero]
</error>
  </testcase>
  <testcase name="addAllIndexCollectionHead[9]" classname="org.springframework.data.redis.support.collections.RedisListTests" time="0.001">
    <error message="Could not get a resource from the pool; nested exception is org.jredis.ClientRuntimeException: null reference:{connection on setConnection()} in method JRedisClient.setConnection() [file: JRedisClient.java line:158 - package: org.jredis.ri.alphazero] cause: =&gt; [IllegalArgumentException: null reference:{connection on setConnection()} in method JRedisClient.setConnection() [file: JRedisClient.java line:158 - package: org.jredis.ri.alphazero]]" type="org.springframework.data.redis.connection.PoolException">org.springframework.data.redis.connection.PoolException: Could not get a resource from the pool; nested exception is org.jredis.ClientRuntimeException: null reference:{connection on setConnection()} in method JRedisClient.setConnection() [file: JRedisClient.java line:158 - package: org.jredis.ri.alphazero] cause: => [IllegalArgumentException: null reference:{connection on setConnection()} in method JRedisClient.setConnection() [file: JRedisClient.java line:158 - package: org.jredis.ri.alphazero]]
Caused by: org.jredis.ClientRuntimeException: null reference:{connection on setConnection()} in method JRedisClient.setConnection() [file: JRedisClient.java line:158 - package: org.jredis.ri.alphazero] cause: => [IllegalArgumentException: null reference:{connection on setConnection()} in method JRedisClient.setConnection() [file: JRedisClient.java line:158 - package: org.jredis.ri.alphazero]]
Caused by: java.lang.IllegalArgumentException: null reference:{connection on setConnection()} in method JRedisClient.setConnection() [file: JRedisClient.java line:158 - package: org.jredis.ri.alphazero]
</error>
    <system-err><![CDATA[01475611470314 Tue Oct 04 17:04:30 BRT 2016 JRedis[tid:1] <INFORMAÇÕES>: WARNING: heartbeat is disabled.
01475611470314 Tue Oct 04 17:04:30 BRT 2016 JRedis[tid:1] <ADVERTÊNCIA>: PROBLEM: Shutting down due to connection FAULT: Socket connect failed [cause: java.net.ConnectException: Conexão recusada] -- make sure the server is running at localhost:6379 - Connection: SYNCHRONOUS  localhost/127.0.0.1:6379 db:0 | SyncConnection@1747053097
01475611470314 Tue Oct 04 17:04:30 BRT 2016 JRedis[tid:1] <GRAVE>: Error creating connection -> Socket connect failed [cause: java.net.ConnectException: Conexão recusada] -- make sure the server is running at localhost:6379
01475611470315 Tue Oct 04 17:04:30 BRT 2016 JRedis[tid:1] <INFORMAÇÕES>: WARNING: heartbeat is disabled.
01475611470315 Tue Oct 04 17:04:30 BRT 2016 JRedis[tid:1] <ADVERTÊNCIA>: PROBLEM: Shutting down due to connection FAULT: Socket connect failed [cause: java.net.ConnectException: Conexão recusada] -- make sure the server is running at localhost:6379 - Connection: SYNCHRONOUS  localhost/127.0.0.1:6379 db:0 | SyncConnection@864326906
01475611470315 Tue Oct 04 17:04:30 BRT 2016 JRedis[tid:1] <GRAVE>: Error creating connection -> Socket connect failed [cause: java.net.ConnectException: Conexão recusada] -- make sure the server is running at localhost:6379
]]></system-err>
  </testcase>
  <testcase name="addAllIndexCollectionHead[9]" classname="org.springframework.data.redis.support.collections.RedisListTests" time="0.001">
    <error message="Could not get a resource from the pool; nested exception is org.jredis.ClientRuntimeException: null reference:{connection on setConnection()} in method JRedisClient.setConnection() [file: JRedisClient.java line:158 - package: org.jredis.ri.alphazero] cause: =&gt; [IllegalArgumentException: null reference:{connection on setConnection()} in method JRedisClient.setConnection() [file: JRedisClient.java line:158 - package: org.jredis.ri.alphazero]]" type="org.springframework.data.redis.connection.PoolException">org.springframework.data.redis.connection.PoolException: Could not get a resource from the pool; nested exception is org.jredis.ClientRuntimeException: null reference:{connection on setConnection()} in method JRedisClient.setConnection() [file: JRedisClient.java line:158 - package: org.jredis.ri.alphazero] cause: => [IllegalArgumentException: null reference:{connection on setConnection()} in method JRedisClient.setConnection() [file: JRedisClient.java line:158 - package: org.jredis.ri.alphazero]]
Caused by: org.jredis.ClientRuntimeException: null reference:{connection on setConnection()} in method JRedisClient.setConnection() [file: JRedisClient.java line:158 - package: org.jredis.ri.alphazero] cause: => [IllegalArgumentException: null reference:{connection on setConnection()} in method JRedisClient.setConnection() [file: JRedisClient.java line:158 - package: org.jredis.ri.alphazero]]
Caused by: java.lang.IllegalArgumentException: null reference:{connection on setConnection()} in method JRedisClient.setConnection() [file: JRedisClient.java line:158 - package: org.jredis.ri.alphazero]
</error>
  </testcase>
  <testcase name="addAllIndexCollectionTail[9]" classname="org.springframework.data.redis.support.collections.RedisListTests" time="0.002">
    <error message="Could not get a resource from the pool; nested exception is org.jredis.ClientRuntimeException: null reference:{connection on setConnection()} in method JRedisClient.setConnection() [file: JRedisClient.java line:158 - package: org.jredis.ri.alphazero] cause: =&gt; [IllegalArgumentException: null reference:{connection on setConnection()} in method JRedisClient.setConnection() [file: JRedisClient.java line:158 - package: org.jredis.ri.alphazero]]" type="org.springframework.data.redis.connection.PoolException">org.springframework.data.redis.connection.PoolException: Could not get a resource from the pool; nested exception is org.jredis.ClientRuntimeException: null reference:{connection on setConnection()} in method JRedisClient.setConnection() [file: JRedisClient.java line:158 - package: org.jredis.ri.alphazero] cause: => [IllegalArgumentException: null reference:{connection on setConnection()} in method JRedisClient.setConnection() [file: JRedisClient.java line:158 - package: org.jredis.ri.alphazero]]
Caused by: org.jredis.ClientRuntimeException: null reference:{connection on setConnection()} in method JRedisClient.setConnection() [file: JRedisClient.java line:158 - package: org.jredis.ri.alphazero] cause: => [IllegalArgumentException: null reference:{connection on setConnection()} in method JRedisClient.setConnection() [file: JRedisClient.java line:158 - package: org.jredis.ri.alphazero]]
Caused by: java.lang.IllegalArgumentException: null reference:{connection on setConnection()} in method JRedisClient.setConnection() [file: JRedisClient.java line:158 - package: org.jredis.ri.alphazero]
</error>
    <system-err><![CDATA[01475611470315 Tue Oct 04 17:04:30 BRT 2016 JRedis[tid:1] <INFORMAÇÕES>: WARNING: heartbeat is disabled.
01475611470316 Tue Oct 04 17:04:30 BRT 2016 JRedis[tid:1] <ADVERTÊNCIA>: PROBLEM: Shutting down due to connection FAULT: Socket connect failed [cause: java.net.ConnectException: Conexão recusada] -- make sure the server is running at localhost:6379 - Connection: SYNCHRONOUS  localhost/127.0.0.1:6379 db:0 | SyncConnection@278476563
01475611470316 Tue Oct 04 17:04:30 BRT 2016 JRedis[tid:1] <GRAVE>: Error creating connection -> Socket connect failed [cause: java.net.ConnectException: Conexão recusada] -- make sure the server is running at localhost:6379
01475611470316 Tue Oct 04 17:04:30 BRT 2016 JRedis[tid:1] <INFORMAÇÕES>: WARNING: heartbeat is disabled.
01475611470316 Tue Oct 04 17:04:30 BRT 2016 JRedis[tid:1] <ADVERTÊNCIA>: PROBLEM: Shutting down due to connection FAULT: Socket connect failed [cause: java.net.ConnectException: Conexão recusada] -- make sure the server is running at localhost:6379 - Connection: SYNCHRONOUS  localhost/127.0.0.1:6379 db:0 | SyncConnection@1479909053
01475611470316 Tue Oct 04 17:04:30 BRT 2016 JRedis[tid:1] <GRAVE>: Error creating connection -> Socket connect failed [cause: java.net.ConnectException: Conexão recusada] -- make sure the server is running at localhost:6379
]]></system-err>
  </testcase>
  <testcase name="addAllIndexCollectionTail[9]" classname="org.springframework.data.redis.support.collections.RedisListTests" time="0.002">
    <error message="Could not get a resource from the pool; nested exception is org.jredis.ClientRuntimeException: null reference:{connection on setConnection()} in method JRedisClient.setConnection() [file: JRedisClient.java line:158 - package: org.jredis.ri.alphazero] cause: =&gt; [IllegalArgumentException: null reference:{connection on setConnection()} in method JRedisClient.setConnection() [file: JRedisClient.java line:158 - package: org.jredis.ri.alphazero]]" type="org.springframework.data.redis.connection.PoolException">org.springframework.data.redis.connection.PoolException: Could not get a resource from the pool; nested exception is org.jredis.ClientRuntimeException: null reference:{connection on setConnection()} in method JRedisClient.setConnection() [file: JRedisClient.java line:158 - package: org.jredis.ri.alphazero] cause: => [IllegalArgumentException: null reference:{connection on setConnection()} in method JRedisClient.setConnection() [file: JRedisClient.java line:158 - package: org.jredis.ri.alphazero]]
Caused by: org.jredis.ClientRuntimeException: null reference:{connection on setConnection()} in method JRedisClient.setConnection() [file: JRedisClient.java line:158 - package: org.jredis.ri.alphazero] cause: => [IllegalArgumentException: null reference:{connection on setConnection()} in method JRedisClient.setConnection() [file: JRedisClient.java line:158 - package: org.jredis.ri.alphazero]]
Caused by: java.lang.IllegalArgumentException: null reference:{connection on setConnection()} in method JRedisClient.setConnection() [file: JRedisClient.java line:158 - package: org.jredis.ri.alphazero]
</error>
  </testcase>
  <testcase name="addAllIndexCollectionMiddle[9]" classname="org.springframework.data.redis.support.collections.RedisListTests" time="0.001">
    <error message="Unexpected exception, expected&lt;java.lang.IllegalArgumentException&gt; but was&lt;org.springframework.data.redis.connection.PoolException&gt;" type="java.lang.Exception"><![CDATA[java.lang.Exception: Unexpected exception, expected<java.lang.IllegalArgumentException> but was<org.springframework.data.redis.connection.PoolException>
Caused by: org.springframework.data.redis.connection.PoolException: Could not get a resource from the pool; nested exception is org.jredis.ClientRuntimeException: null reference:{connection on setConnection()} in method JRedisClient.setConnection() [file: JRedisClient.java line:158 - package: org.jredis.ri.alphazero] cause: => [IllegalArgumentException: null reference:{connection on setConnection()} in method JRedisClient.setConnection() [file: JRedisClient.java line:158 - package: org.jredis.ri.alphazero]]
Caused by: org.jredis.ClientRuntimeException: null reference:{connection on setConnection()} in method JRedisClient.setConnection() [file: JRedisClient.java line:158 - package: org.jredis.ri.alphazero] cause: => [IllegalArgumentException: null reference:{connection on setConnection()} in method JRedisClient.setConnection() [file: JRedisClient.java line:158 - package: org.jredis.ri.alphazero]]
Caused by: java.lang.IllegalArgumentException: null reference:{connection on setConnection()} in method JRedisClient.setConnection() [file: JRedisClient.java line:158 - package: org.jredis.ri.alphazero]
]]></error>
    <system-err><![CDATA[01475611470317 Tue Oct 04 17:04:30 BRT 2016 JRedis[tid:1] <INFORMAÇÕES>: WARNING: heartbeat is disabled.
01475611470317 Tue Oct 04 17:04:30 BRT 2016 JRedis[tid:1] <ADVERTÊNCIA>: PROBLEM: Shutting down due to connection FAULT: Socket connect failed [cause: java.net.ConnectException: Conexão recusada] -- make sure the server is running at localhost:6379 - Connection: SYNCHRONOUS  localhost/127.0.0.1:6379 db:0 | SyncConnection@1170788511
01475611470317 Tue Oct 04 17:04:30 BRT 2016 JRedis[tid:1] <GRAVE>: Error creating connection -> Socket connect failed [cause: java.net.ConnectException: Conexão recusada] -- make sure the server is running at localhost:6379
01475611470317 Tue Oct 04 17:04:30 BRT 2016 JRedis[tid:1] <INFORMAÇÕES>: WARNING: heartbeat is disabled.
01475611470318 Tue Oct 04 17:04:30 BRT 2016 JRedis[tid:1] <ADVERTÊNCIA>: PROBLEM: Shutting down due to connection FAULT: Socket connect failed [cause: java.net.ConnectException: Conexão recusada] -- make sure the server is running at localhost:6379 - Connection: SYNCHRONOUS  localhost/127.0.0.1:6379 db:0 | SyncConnection@1400973979
01475611470318 Tue Oct 04 17:04:30 BRT 2016 JRedis[tid:1] <GRAVE>: Error creating connection -> Socket connect failed [cause: java.net.ConnectException: Conexão recusada] -- make sure the server is running at localhost:6379
]]></system-err>
  </testcase>
  <testcase name="addAllIndexCollectionMiddle[9]" classname="org.springframework.data.redis.support.collections.RedisListTests" time="0.001">
    <error message="Could not get a resource from the pool; nested exception is org.jredis.ClientRuntimeException: null reference:{connection on setConnection()} in method JRedisClient.setConnection() [file: JRedisClient.java line:158 - package: org.jredis.ri.alphazero] cause: =&gt; [IllegalArgumentException: null reference:{connection on setConnection()} in method JRedisClient.setConnection() [file: JRedisClient.java line:158 - package: org.jredis.ri.alphazero]]" type="org.springframework.data.redis.connection.PoolException">org.springframework.data.redis.connection.PoolException: Could not get a resource from the pool; nested exception is org.jredis.ClientRuntimeException: null reference:{connection on setConnection()} in method JRedisClient.setConnection() [file: JRedisClient.java line:158 - package: org.jredis.ri.alphazero] cause: => [IllegalArgumentException: null reference:{connection on setConnection()} in method JRedisClient.setConnection() [file: JRedisClient.java line:158 - package: org.jredis.ri.alphazero]]
Caused by: org.jredis.ClientRuntimeException: null reference:{connection on setConnection()} in method JRedisClient.setConnection() [file: JRedisClient.java line:158 - package: org.jredis.ri.alphazero] cause: => [IllegalArgumentException: null reference:{connection on setConnection()} in method JRedisClient.setConnection() [file: JRedisClient.java line:158 - package: org.jredis.ri.alphazero]]
Caused by: java.lang.IllegalArgumentException: null reference:{connection on setConnection()} in method JRedisClient.setConnection() [file: JRedisClient.java line:158 - package: org.jredis.ri.alphazero]
</error>
  </testcase>
  <testcase name="testPollLast[9]" classname="org.springframework.data.redis.support.collections.RedisListTests" time="0.001">
    <error message="Could not get a resource from the pool; nested exception is org.jredis.ClientRuntimeException: null reference:{connection on setConnection()} in method JRedisClient.setConnection() [file: JRedisClient.java line:158 - package: org.jredis.ri.alphazero] cause: =&gt; [IllegalArgumentException: null reference:{connection on setConnection()} in method JRedisClient.setConnection() [file: JRedisClient.java line:158 - package: org.jredis.ri.alphazero]]" type="org.springframework.data.redis.connection.PoolException">org.springframework.data.redis.connection.PoolException: Could not get a resource from the pool; nested exception is org.jredis.ClientRuntimeException: null reference:{connection on setConnection()} in method JRedisClient.setConnection() [file: JRedisClient.java line:158 - package: org.jredis.ri.alphazero] cause: => [IllegalArgumentException: null reference:{connection on setConnection()} in method JRedisClient.setConnection() [file: JRedisClient.java line:158 - package: org.jredis.ri.alphazero]]
Caused by: org.jredis.ClientRuntimeException: null reference:{connection on setConnection()} in method JRedisClient.setConnection() [file: JRedisClient.java line:158 - package: org.jredis.ri.alphazero] cause: => [IllegalArgumentException: null reference:{connection on setConnection()} in method JRedisClient.setConnection() [file: JRedisClient.java line:158 - package: org.jredis.ri.alphazero]]
Caused by: java.lang.IllegalArgumentException: null reference:{connection on setConnection()} in method JRedisClient.setConnection() [file: JRedisClient.java line:158 - package: org.jredis.ri.alphazero]
</error>
    <system-err><![CDATA[01475611470318 Tue Oct 04 17:04:30 BRT 2016 JRedis[tid:1] <INFORMAÇÕES>: WARNING: heartbeat is disabled.
01475611470318 Tue Oct 04 17:04:30 BRT 2016 JRedis[tid:1] <ADVERTÊNCIA>: PROBLEM: Shutting down due to connection FAULT: Socket connect failed [cause: java.net.ConnectException: Conexão recusada] -- make sure the server is running at localhost:6379 - Connection: SYNCHRONOUS  localhost/127.0.0.1:6379 db:0 | SyncConnection@1455204443
01475611470318 Tue Oct 04 17:04:30 BRT 2016 JRedis[tid:1] <GRAVE>: Error creating connection -> Socket connect failed [cause: java.net.ConnectException: Conexão recusada] -- make sure the server is running at localhost:6379
01475611470319 Tue Oct 04 17:04:30 BRT 2016 JRedis[tid:1] <INFORMAÇÕES>: WARNING: heartbeat is disabled.
01475611470319 Tue Oct 04 17:04:30 BRT 2016 JRedis[tid:1] <ADVERTÊNCIA>: PROBLEM: Shutting down due to connection FAULT: Socket connect failed [cause: java.net.ConnectException: Conexão recusada] -- make sure the server is running at localhost:6379 - Connection: SYNCHRONOUS  localhost/127.0.0.1:6379 db:0 | SyncConnection@1976602906
01475611470319 Tue Oct 04 17:04:30 BRT 2016 JRedis[tid:1] <GRAVE>: Error creating connection -> Socket connect failed [cause: java.net.ConnectException: Conexão recusada] -- make sure the server is running at localhost:6379
]]></system-err>
  </testcase>
  <testcase name="testPollLast[9]" classname="org.springframework.data.redis.support.collections.RedisListTests" time="0.001">
    <error message="Could not get a resource from the pool; nested exception is org.jredis.ClientRuntimeException: null reference:{connection on setConnection()} in method JRedisClient.setConnection() [file: JRedisClient.java line:158 - package: org.jredis.ri.alphazero] cause: =&gt; [IllegalArgumentException: null reference:{connection on setConnection()} in method JRedisClient.setConnection() [file: JRedisClient.java line:158 - package: org.jredis.ri.alphazero]]" type="org.springframework.data.redis.connection.PoolException">org.springframework.data.redis.connection.PoolException: Could not get a resource from the pool; nested exception is org.jredis.ClientRuntimeException: null reference:{connection on setConnection()} in method JRedisClient.setConnection() [file: JRedisClient.java line:158 - package: org.jredis.ri.alphazero] cause: => [IllegalArgumentException: null reference:{connection on setConnection()} in method JRedisClient.setConnection() [file: JRedisClient.java line:158 - package: org.jredis.ri.alphazero]]
Caused by: org.jredis.ClientRuntimeException: null reference:{connection on setConnection()} in method JRedisClient.setConnection() [file: JRedisClient.java line:158 - package: org.jredis.ri.alphazero] cause: => [IllegalArgumentException: null reference:{connection on setConnection()} in method JRedisClient.setConnection() [file: JRedisClient.java line:158 - package: org.jredis.ri.alphazero]]
Caused by: java.lang.IllegalArgumentException: null reference:{connection on setConnection()} in method JRedisClient.setConnection() [file: JRedisClient.java line:158 - package: org.jredis.ri.alphazero]
</error>
  </testcase>
  <testcase name="testIndexOfObject[9]" classname="org.springframework.data.redis.support.collections.RedisListTests" time="0">
    <error message="Could not get a resource from the pool; nested exception is org.jredis.ClientRuntimeException: null reference:{connection on setConnection()} in method JRedisClient.setConnection() [file: JRedisClient.java line:158 - package: org.jredis.ri.alphazero] cause: =&gt; [IllegalArgumentException: null reference:{connection on setConnection()} in method JRedisClient.setConnection() [file: JRedisClient.java line:158 - package: org.jredis.ri.alphazero]]" type="org.springframework.data.redis.connection.PoolException">org.springframework.data.redis.connection.PoolException: Could not get a resource from the pool; nested exception is org.jredis.ClientRuntimeException: null reference:{connection on setConnection()} in method JRedisClient.setConnection() [file: JRedisClient.java line:158 - package: org.jredis.ri.alphazero] cause: => [IllegalArgumentException: null reference:{connection on setConnection()} in method JRedisClient.setConnection() [file: JRedisClient.java line:158 - package: org.jredis.ri.alphazero]]
Caused by: org.jredis.ClientRuntimeException: null reference:{connection on setConnection()} in method JRedisClient.setConnection() [file: JRedisClient.java line:158 - package: org.jredis.ri.alphazero] cause: => [IllegalArgumentException: null reference:{connection on setConnection()} in method JRedisClient.setConnection() [file: JRedisClient.java line:158 - package: org.jredis.ri.alphazero]]
Caused by: java.lang.IllegalArgumentException: null reference:{connection on setConnection()} in method JRedisClient.setConnection() [file: JRedisClient.java line:158 - package: org.jredis.ri.alphazero]
</error>
    <system-err><![CDATA[01475611470320 Tue Oct 04 17:04:30 BRT 2016 JRedis[tid:1] <INFORMAÇÕES>: WARNING: heartbeat is disabled.
01475611470320 Tue Oct 04 17:04:30 BRT 2016 JRedis[tid:1] <ADVERTÊNCIA>: PROBLEM: Shutting down due to connection FAULT: Socket connect failed [cause: java.net.ConnectException: Conexão recusada] -- make sure the server is running at localhost:6379 - Connection: SYNCHRONOUS  localhost/127.0.0.1:6379 db:0 | SyncConnection@1978209605
01475611470320 Tue Oct 04 17:04:30 BRT 2016 JRedis[tid:1] <GRAVE>: Error creating connection -> Socket connect failed [cause: java.net.ConnectException: Conexão recusada] -- make sure the server is running at localhost:6379
]]></system-err>
  </testcase>
  <testcase name="testPollTimeout[9]" classname="org.springframework.data.redis.support.collections.RedisListTests" time="0.001">
    <error message="got: &lt;false&gt;, expected: is &lt;true&gt;" type="org.junit.AssumptionViolatedException"><![CDATA[org.junit.AssumptionViolatedException: got: <false>, expected: is <true>
]]></error>
    <system-err><![CDATA[01475611470320 Tue Oct 04 17:04:30 BRT 2016 JRedis[tid:1] <INFORMAÇÕES>: WARNING: heartbeat is disabled.
01475611470321 Tue Oct 04 17:04:30 BRT 2016 JRedis[tid:1] <ADVERTÊNCIA>: PROBLEM: Shutting down due to connection FAULT: Socket connect failed [cause: java.net.ConnectException: Conexão recusada] -- make sure the server is running at localhost:6379 - Connection: SYNCHRONOUS  localhost/127.0.0.1:6379 db:0 | SyncConnection@1624351535
01475611470321 Tue Oct 04 17:04:30 BRT 2016 JRedis[tid:1] <GRAVE>: Error creating connection -> Socket connect failed [cause: java.net.ConnectException: Conexão recusada] -- make sure the server is running at localhost:6379
]]></system-err>
  </testcase>
  <testcase name="testPollTimeout[9]" classname="org.springframework.data.redis.support.collections.RedisListTests" time="0.001">
    <error message="Could not get a resource from the pool; nested exception is org.jredis.ClientRuntimeException: null reference:{connection on setConnection()} in method JRedisClient.setConnection() [file: JRedisClient.java line:158 - package: org.jredis.ri.alphazero] cause: =&gt; [IllegalArgumentException: null reference:{connection on setConnection()} in method JRedisClient.setConnection() [file: JRedisClient.java line:158 - package: org.jredis.ri.alphazero]]" type="org.springframework.data.redis.connection.PoolException">org.springframework.data.redis.connection.PoolException: Could not get a resource from the pool; nested exception is org.jredis.ClientRuntimeException: null reference:{connection on setConnection()} in method JRedisClient.setConnection() [file: JRedisClient.java line:158 - package: org.jredis.ri.alphazero] cause: => [IllegalArgumentException: null reference:{connection on setConnection()} in method JRedisClient.setConnection() [file: JRedisClient.java line:158 - package: org.jredis.ri.alphazero]]
Caused by: org.jredis.ClientRuntimeException: null reference:{connection on setConnection()} in method JRedisClient.setConnection() [file: JRedisClient.java line:158 - package: org.jredis.ri.alphazero] cause: => [IllegalArgumentException: null reference:{connection on setConnection()} in method JRedisClient.setConnection() [file: JRedisClient.java line:158 - package: org.jredis.ri.alphazero]]
Caused by: java.lang.IllegalArgumentException: null reference:{connection on setConnection()} in method JRedisClient.setConnection() [file: JRedisClient.java line:158 - package: org.jredis.ri.alphazero]
</error>
  </testcase>
  <testcase name="testRemove[9]" classname="org.springframework.data.redis.support.collections.RedisListTests" time="0.001">
    <error message="Could not get a resource from the pool; nested exception is org.jredis.ClientRuntimeException: null reference:{connection on setConnection()} in method JRedisClient.setConnection() [file: JRedisClient.java line:158 - package: org.jredis.ri.alphazero] cause: =&gt; [IllegalArgumentException: null reference:{connection on setConnection()} in method JRedisClient.setConnection() [file: JRedisClient.java line:158 - package: org.jredis.ri.alphazero]]" type="org.springframework.data.redis.connection.PoolException">org.springframework.data.redis.connection.PoolException: Could not get a resource from the pool; nested exception is org.jredis.ClientRuntimeException: null reference:{connection on setConnection()} in method JRedisClient.setConnection() [file: JRedisClient.java line:158 - package: org.jredis.ri.alphazero] cause: => [IllegalArgumentException: null reference:{connection on setConnection()} in method JRedisClient.setConnection() [file: JRedisClient.java line:158 - package: org.jredis.ri.alphazero]]
Caused by: org.jredis.ClientRuntimeException: null reference:{connection on setConnection()} in method JRedisClient.setConnection() [file: JRedisClient.java line:158 - package: org.jredis.ri.alphazero] cause: => [IllegalArgumentException: null reference:{connection on setConnection()} in method JRedisClient.setConnection() [file: JRedisClient.java line:158 - package: org.jredis.ri.alphazero]]
Caused by: java.lang.IllegalArgumentException: null reference:{connection on setConnection()} in method JRedisClient.setConnection() [file: JRedisClient.java line:158 - package: org.jredis.ri.alphazero]
</error>
    <system-err><![CDATA[01475611470321 Tue Oct 04 17:04:30 BRT 2016 JRedis[tid:1] <INFORMAÇÕES>: WARNING: heartbeat is disabled.
01475611470321 Tue Oct 04 17:04:30 BRT 2016 JRedis[tid:1] <ADVERTÊNCIA>: PROBLEM: Shutting down due to connection FAULT: Socket connect failed [cause: java.net.ConnectException: Conexão recusada] -- make sure the server is running at localhost:6379 - Connection: SYNCHRONOUS  localhost/127.0.0.1:6379 db:0 | SyncConnection@1394356510
01475611470321 Tue Oct 04 17:04:30 BRT 2016 JRedis[tid:1] <GRAVE>: Error creating connection -> Socket connect failed [cause: java.net.ConnectException: Conexão recusada] -- make sure the server is running at localhost:6379
01475611470322 Tue Oct 04 17:04:30 BRT 2016 JRedis[tid:1] <INFORMAÇÕES>: WARNING: heartbeat is disabled.
01475611470322 Tue Oct 04 17:04:30 BRT 2016 JRedis[tid:1] <ADVERTÊNCIA>: PROBLEM: Shutting down due to connection FAULT: Socket connect failed [cause: java.net.ConnectException: Conexão recusada] -- make sure the server is running at localhost:6379 - Connection: SYNCHRONOUS  localhost/127.0.0.1:6379 db:0 | SyncConnection@582300198
01475611470322 Tue Oct 04 17:04:30 BRT 2016 JRedis[tid:1] <GRAVE>: Error creating connection -> Socket connect failed [cause: java.net.ConnectException: Conexão recusada] -- make sure the server is running at localhost:6379
]]></system-err>
  </testcase>
  <testcase name="testRemove[9]" classname="org.springframework.data.redis.support.collections.RedisListTests" time="0.001">
    <error message="Could not get a resource from the pool; nested exception is org.jredis.ClientRuntimeException: null reference:{connection on setConnection()} in method JRedisClient.setConnection() [file: JRedisClient.java line:158 - package: org.jredis.ri.alphazero] cause: =&gt; [IllegalArgumentException: null reference:{connection on setConnection()} in method JRedisClient.setConnection() [file: JRedisClient.java line:158 - package: org.jredis.ri.alphazero]]" type="org.springframework.data.redis.connection.PoolException">org.springframework.data.redis.connection.PoolException: Could not get a resource from the pool; nested exception is org.jredis.ClientRuntimeException: null reference:{connection on setConnection()} in method JRedisClient.setConnection() [file: JRedisClient.java line:158 - package: org.jredis.ri.alphazero] cause: => [IllegalArgumentException: null reference:{connection on setConnection()} in method JRedisClient.setConnection() [file: JRedisClient.java line:158 - package: org.jredis.ri.alphazero]]
Caused by: org.jredis.ClientRuntimeException: null reference:{connection on setConnection()} in method JRedisClient.setConnection() [file: JRedisClient.java line:158 - package: org.jredis.ri.alphazero] cause: => [IllegalArgumentException: null reference:{connection on setConnection()} in method JRedisClient.setConnection() [file: JRedisClient.java line:158 - package: org.jredis.ri.alphazero]]
Caused by: java.lang.IllegalArgumentException: null reference:{connection on setConnection()} in method JRedisClient.setConnection() [file: JRedisClient.java line:158 - package: org.jredis.ri.alphazero]
</error>
  </testcase>
  <testcase name="testCappedCollection[9]" classname="org.springframework.data.redis.support.collections.RedisListTests" time="0.002">
    <error message="Could not get a resource from the pool; nested exception is org.jredis.ClientRuntimeException: null reference:{connection on setConnection()} in method JRedisClient.setConnection() [file: JRedisClient.java line:158 - package: org.jredis.ri.alphazero] cause: =&gt; [IllegalArgumentException: null reference:{connection on setConnection()} in method JRedisClient.setConnection() [file: JRedisClient.java line:158 - package: org.jredis.ri.alphazero]]" type="org.springframework.data.redis.connection.PoolException">org.springframework.data.redis.connection.PoolException: Could not get a resource from the pool; nested exception is org.jredis.ClientRuntimeException: null reference:{connection on setConnection()} in method JRedisClient.setConnection() [file: JRedisClient.java line:158 - package: org.jredis.ri.alphazero] cause: => [IllegalArgumentException: null reference:{connection on setConnection()} in method JRedisClient.setConnection() [file: JRedisClient.java line:158 - package: org.jredis.ri.alphazero]]
Caused by: org.jredis.ClientRuntimeException: null reference:{connection on setConnection()} in method JRedisClient.setConnection() [file: JRedisClient.java line:158 - package: org.jredis.ri.alphazero] cause: => [IllegalArgumentException: null reference:{connection on setConnection()} in method JRedisClient.setConnection() [file: JRedisClient.java line:158 - package: org.jredis.ri.alphazero]]
Caused by: java.lang.IllegalArgumentException: null reference:{connection on setConnection()} in method JRedisClient.setConnection() [file: JRedisClient.java line:158 - package: org.jredis.ri.alphazero]
</error>
    <system-err><![CDATA[01475611470322 Tue Oct 04 17:04:30 BRT 2016 JRedis[tid:1] <INFORMAÇÕES>: WARNING: heartbeat is disabled.
01475611470323 Tue Oct 04 17:04:30 BRT 2016 JRedis[tid:1] <ADVERTÊNCIA>: PROBLEM: Shutting down due to connection FAULT: Socket connect failed [cause: java.net.ConnectException: Conexão recusada] -- make sure the server is running at localhost:6379 - Connection: SYNCHRONOUS  localhost/127.0.0.1:6379 db:0 | SyncConnection@248710794
01475611470323 Tue Oct 04 17:04:30 BRT 2016 JRedis[tid:1] <GRAVE>: Error creating connection -> Socket connect failed [cause: java.net.ConnectException: Conexão recusada] -- make sure the server is running at localhost:6379
01475611470323 Tue Oct 04 17:04:30 BRT 2016 JRedis[tid:1] <INFORMAÇÕES>: WARNING: heartbeat is disabled.
01475611470323 Tue Oct 04 17:04:30 BRT 2016 JRedis[tid:1] <ADVERTÊNCIA>: PROBLEM: Shutting down due to connection FAULT: Socket connect failed [cause: java.net.ConnectException: Conexão recusada] -- make sure the server is running at localhost:6379 - Connection: SYNCHRONOUS  localhost/127.0.0.1:6379 db:0 | SyncConnection@2083217543
01475611470323 Tue Oct 04 17:04:30 BRT 2016 JRedis[tid:1] <GRAVE>: Error creating connection -> Socket connect failed [cause: java.net.ConnectException: Conexão recusada] -- make sure the server is running at localhost:6379
]]></system-err>
  </testcase>
  <testcase name="testCappedCollection[9]" classname="org.springframework.data.redis.support.collections.RedisListTests" time="0.002">
    <error message="Could not get a resource from the pool; nested exception is org.jredis.ClientRuntimeException: null reference:{connection on setConnection()} in method JRedisClient.setConnection() [file: JRedisClient.java line:158 - package: org.jredis.ri.alphazero] cause: =&gt; [IllegalArgumentException: null reference:{connection on setConnection()} in method JRedisClient.setConnection() [file: JRedisClient.java line:158 - package: org.jredis.ri.alphazero]]" type="org.springframework.data.redis.connection.PoolException">org.springframework.data.redis.connection.PoolException: Could not get a resource from the pool; nested exception is org.jredis.ClientRuntimeException: null reference:{connection on setConnection()} in method JRedisClient.setConnection() [file: JRedisClient.java line:158 - package: org.jredis.ri.alphazero] cause: => [IllegalArgumentException: null reference:{connection on setConnection()} in method JRedisClient.setConnection() [file: JRedisClient.java line:158 - package: org.jredis.ri.alphazero]]
Caused by: org.jredis.ClientRuntimeException: null reference:{connection on setConnection()} in method JRedisClient.setConnection() [file: JRedisClient.java line:158 - package: org.jredis.ri.alphazero] cause: => [IllegalArgumentException: null reference:{connection on setConnection()} in method JRedisClient.setConnection() [file: JRedisClient.java line:158 - package: org.jredis.ri.alphazero]]
Caused by: java.lang.IllegalArgumentException: null reference:{connection on setConnection()} in method JRedisClient.setConnection() [file: JRedisClient.java line:158 - package: org.jredis.ri.alphazero]
</error>
  </testcase>
  <testcase name="testRmoveLastOccurrence[9]" classname="org.springframework.data.redis.support.collections.RedisListTests" time="0.001">
    <error message="Could not get a resource from the pool; nested exception is org.jredis.ClientRuntimeException: null reference:{connection on setConnection()} in method JRedisClient.setConnection() [file: JRedisClient.java line:158 - package: org.jredis.ri.alphazero] cause: =&gt; [IllegalArgumentException: null reference:{connection on setConnection()} in method JRedisClient.setConnection() [file: JRedisClient.java line:158 - package: org.jredis.ri.alphazero]]" type="org.springframework.data.redis.connection.PoolException">org.springframework.data.redis.connection.PoolException: Could not get a resource from the pool; nested exception is org.jredis.ClientRuntimeException: null reference:{connection on setConnection()} in method JRedisClient.setConnection() [file: JRedisClient.java line:158 - package: org.jredis.ri.alphazero] cause: => [IllegalArgumentException: null reference:{connection on setConnection()} in method JRedisClient.setConnection() [file: JRedisClient.java line:158 - package: org.jredis.ri.alphazero]]
Caused by: org.jredis.ClientRuntimeException: null reference:{connection on setConnection()} in method JRedisClient.setConnection() [file: JRedisClient.java line:158 - package: org.jredis.ri.alphazero] cause: => [IllegalArgumentException: null reference:{connection on setConnection()} in method JRedisClient.setConnection() [file: JRedisClient.java line:158 - package: org.jredis.ri.alphazero]]
Caused by: java.lang.IllegalArgumentException: null reference:{connection on setConnection()} in method JRedisClient.setConnection() [file: JRedisClient.java line:158 - package: org.jredis.ri.alphazero]
</error>
    <system-err><![CDATA[01475611470324 Tue Oct 04 17:04:30 BRT 2016 JRedis[tid:1] <INFORMAÇÕES>: WARNING: heartbeat is disabled.
01475611470324 Tue Oct 04 17:04:30 BRT 2016 JRedis[tid:1] <ADVERTÊNCIA>: PROBLEM: Shutting down due to connection FAULT: Socket connect failed [cause: java.net.ConnectException: Conexão recusada] -- make sure the server is running at localhost:6379 - Connection: SYNCHRONOUS  localhost/127.0.0.1:6379 db:0 | SyncConnection@48305285
01475611470324 Tue Oct 04 17:04:30 BRT 2016 JRedis[tid:1] <GRAVE>: Error creating connection -> Socket connect failed [cause: java.net.ConnectException: Conexão recusada] -- make sure the server is running at localhost:6379
01475611470324 Tue Oct 04 17:04:30 BRT 2016 JRedis[tid:1] <INFORMAÇÕES>: WARNING: heartbeat is disabled.
01475611470325 Tue Oct 04 17:04:30 BRT 2016 JRedis[tid:1] <ADVERTÊNCIA>: PROBLEM: Shutting down due to connection FAULT: Socket connect failed [cause: java.net.ConnectException: Conexão recusada] -- make sure the server is running at localhost:6379 - Connection: SYNCHRONOUS  localhost/127.0.0.1:6379 db:0 | SyncConnection@1625090026
01475611470325 Tue Oct 04 17:04:30 BRT 2016 JRedis[tid:1] <GRAVE>: Error creating connection -> Socket connect failed [cause: java.net.ConnectException: Conexão recusada] -- make sure the server is running at localhost:6379
]]></system-err>
  </testcase>
  <testcase name="testRmoveLastOccurrence[9]" classname="org.springframework.data.redis.support.collections.RedisListTests" time="0.001">
    <error message="Could not get a resource from the pool; nested exception is org.jredis.ClientRuntimeException: null reference:{connection on setConnection()} in method JRedisClient.setConnection() [file: JRedisClient.java line:158 - package: org.jredis.ri.alphazero] cause: =&gt; [IllegalArgumentException: null reference:{connection on setConnection()} in method JRedisClient.setConnection() [file: JRedisClient.java line:158 - package: org.jredis.ri.alphazero]]" type="org.springframework.data.redis.connection.PoolException">org.springframework.data.redis.connection.PoolException: Could not get a resource from the pool; nested exception is org.jredis.ClientRuntimeException: null reference:{connection on setConnection()} in method JRedisClient.setConnection() [file: JRedisClient.java line:158 - package: org.jredis.ri.alphazero] cause: => [IllegalArgumentException: null reference:{connection on setConnection()} in method JRedisClient.setConnection() [file: JRedisClient.java line:158 - package: org.jredis.ri.alphazero]]
Caused by: org.jredis.ClientRuntimeException: null reference:{connection on setConnection()} in method JRedisClient.setConnection() [file: JRedisClient.java line:158 - package: org.jredis.ri.alphazero] cause: => [IllegalArgumentException: null reference:{connection on setConnection()} in method JRedisClient.setConnection() [file: JRedisClient.java line:158 - package: org.jredis.ri.alphazero]]
Caused by: java.lang.IllegalArgumentException: null reference:{connection on setConnection()} in method JRedisClient.setConnection() [file: JRedisClient.java line:158 - package: org.jredis.ri.alphazero]
</error>
  </testcase>
  <testcase name="testTakeFirst[9]" classname="org.springframework.data.redis.support.collections.RedisListTests" time="0.002">
    <error message="Could not get a resource from the pool; nested exception is org.jredis.ClientRuntimeException: null reference:{connection on setConnection()} in method JRedisClient.setConnection() [file: JRedisClient.java line:158 - package: org.jredis.ri.alphazero] cause: =&gt; [IllegalArgumentException: null reference:{connection on setConnection()} in method JRedisClient.setConnection() [file: JRedisClient.java line:158 - package: org.jredis.ri.alphazero]]" type="org.springframework.data.redis.connection.PoolException">org.springframework.data.redis.connection.PoolException: Could not get a resource from the pool; nested exception is org.jredis.ClientRuntimeException: null reference:{connection on setConnection()} in method JRedisClient.setConnection() [file: JRedisClient.java line:158 - package: org.jredis.ri.alphazero] cause: => [IllegalArgumentException: null reference:{connection on setConnection()} in method JRedisClient.setConnection() [file: JRedisClient.java line:158 - package: org.jredis.ri.alphazero]]
Caused by: org.jredis.ClientRuntimeException: null reference:{connection on setConnection()} in method JRedisClient.setConnection() [file: JRedisClient.java line:158 - package: org.jredis.ri.alphazero] cause: => [IllegalArgumentException: null reference:{connection on setConnection()} in method JRedisClient.setConnection() [file: JRedisClient.java line:158 - package: org.jredis.ri.alphazero]]
Caused by: java.lang.IllegalArgumentException: null reference:{connection on setConnection()} in method JRedisClient.setConnection() [file: JRedisClient.java line:158 - package: org.jredis.ri.alphazero]
</error>
    <system-err><![CDATA[01475611470325 Tue Oct 04 17:04:30 BRT 2016 JRedis[tid:1] <INFORMAÇÕES>: WARNING: heartbeat is disabled.
01475611470326 Tue Oct 04 17:04:30 BRT 2016 JRedis[tid:1] <ADVERTÊNCIA>: PROBLEM: Shutting down due to connection FAULT: Socket connect failed [cause: java.net.ConnectException: Conexão recusada] -- make sure the server is running at localhost:6379 - Connection: SYNCHRONOUS  localhost/127.0.0.1:6379 db:0 | SyncConnection@1714378342
01475611470326 Tue Oct 04 17:04:30 BRT 2016 JRedis[tid:1] <GRAVE>: Error creating connection -> Socket connect failed [cause: java.net.ConnectException: Conexão recusada] -- make sure the server is running at localhost:6379
01475611470326 Tue Oct 04 17:04:30 BRT 2016 JRedis[tid:1] <INFORMAÇÕES>: WARNING: heartbeat is disabled.
01475611470326 Tue Oct 04 17:04:30 BRT 2016 JRedis[tid:1] <ADVERTÊNCIA>: PROBLEM: Shutting down due to connection FAULT: Socket connect failed [cause: java.net.ConnectException: Conexão recusada] -- make sure the server is running at localhost:6379 - Connection: SYNCHRONOUS  localhost/127.0.0.1:6379 db:0 | SyncConnection@265824587
01475611470326 Tue Oct 04 17:04:30 BRT 2016 JRedis[tid:1] <GRAVE>: Error creating connection -> Socket connect failed [cause: java.net.ConnectException: Conexão recusada] -- make sure the server is running at localhost:6379
]]></system-err>
  </testcase>
  <testcase name="testTakeFirst[9]" classname="org.springframework.data.redis.support.collections.RedisListTests" time="0.002">
    <error message="Could not get a resource from the pool; nested exception is org.jredis.ClientRuntimeException: null reference:{connection on setConnection()} in method JRedisClient.setConnection() [file: JRedisClient.java line:158 - package: org.jredis.ri.alphazero] cause: =&gt; [IllegalArgumentException: null reference:{connection on setConnection()} in method JRedisClient.setConnection() [file: JRedisClient.java line:158 - package: org.jredis.ri.alphazero]]" type="org.springframework.data.redis.connection.PoolException">org.springframework.data.redis.connection.PoolException: Could not get a resource from the pool; nested exception is org.jredis.ClientRuntimeException: null reference:{connection on setConnection()} in method JRedisClient.setConnection() [file: JRedisClient.java line:158 - package: org.jredis.ri.alphazero] cause: => [IllegalArgumentException: null reference:{connection on setConnection()} in method JRedisClient.setConnection() [file: JRedisClient.java line:158 - package: org.jredis.ri.alphazero]]
Caused by: org.jredis.ClientRuntimeException: null reference:{connection on setConnection()} in method JRedisClient.setConnection() [file: JRedisClient.java line:158 - package: org.jredis.ri.alphazero] cause: => [IllegalArgumentException: null reference:{connection on setConnection()} in method JRedisClient.setConnection() [file: JRedisClient.java line:158 - package: org.jredis.ri.alphazero]]
Caused by: java.lang.IllegalArgumentException: null reference:{connection on setConnection()} in method JRedisClient.setConnection() [file: JRedisClient.java line:158 - package: org.jredis.ri.alphazero]
</error>
  </testcase>
  <testcase name="testContainsObject[9]" classname="org.springframework.data.redis.support.collections.RedisListTests" time="0.001">
    <error message="Could not get a resource from the pool; nested exception is org.jredis.ClientRuntimeException: null reference:{connection on setConnection()} in method JRedisClient.setConnection() [file: JRedisClient.java line:158 - package: org.jredis.ri.alphazero] cause: =&gt; [IllegalArgumentException: null reference:{connection on setConnection()} in method JRedisClient.setConnection() [file: JRedisClient.java line:158 - package: org.jredis.ri.alphazero]]" type="org.springframework.data.redis.connection.PoolException">org.springframework.data.redis.connection.PoolException: Could not get a resource from the pool; nested exception is org.jredis.ClientRuntimeException: null reference:{connection on setConnection()} in method JRedisClient.setConnection() [file: JRedisClient.java line:158 - package: org.jredis.ri.alphazero] cause: => [IllegalArgumentException: null reference:{connection on setConnection()} in method JRedisClient.setConnection() [file: JRedisClient.java line:158 - package: org.jredis.ri.alphazero]]
Caused by: org.jredis.ClientRuntimeException: null reference:{connection on setConnection()} in method JRedisClient.setConnection() [file: JRedisClient.java line:158 - package: org.jredis.ri.alphazero] cause: => [IllegalArgumentException: null reference:{connection on setConnection()} in method JRedisClient.setConnection() [file: JRedisClient.java line:158 - package: org.jredis.ri.alphazero]]
Caused by: java.lang.IllegalArgumentException: null reference:{connection on setConnection()} in method JRedisClient.setConnection() [file: JRedisClient.java line:158 - package: org.jredis.ri.alphazero]
</error>
    <system-err><![CDATA[01475611470327 Tue Oct 04 17:04:30 BRT 2016 JRedis[tid:1] <INFORMAÇÕES>: WARNING: heartbeat is disabled.
01475611470327 Tue Oct 04 17:04:30 BRT 2016 JRedis[tid:1] <ADVERTÊNCIA>: PROBLEM: Shutting down due to connection FAULT: Socket connect failed [cause: java.net.ConnectException: Conexão recusada] -- make sure the server is running at localhost:6379 - Connection: SYNCHRONOUS  localhost/127.0.0.1:6379 db:0 | SyncConnection@93798665
01475611470327 Tue Oct 04 17:04:30 BRT 2016 JRedis[tid:1] <GRAVE>: Error creating connection -> Socket connect failed [cause: java.net.ConnectException: Conexão recusada] -- make sure the server is running at localhost:6379
01475611470327 Tue Oct 04 17:04:30 BRT 2016 JRedis[tid:1] <INFORMAÇÕES>: WARNING: heartbeat is disabled.
01475611470328 Tue Oct 04 17:04:30 BRT 2016 JRedis[tid:1] <ADVERTÊNCIA>: PROBLEM: Shutting down due to connection FAULT: Socket connect failed [cause: java.net.ConnectException: Conexão recusada] -- make sure the server is running at localhost:6379 - Connection: SYNCHRONOUS  localhost/127.0.0.1:6379 db:0 | SyncConnection@41092582
01475611470328 Tue Oct 04 17:04:30 BRT 2016 JRedis[tid:1] <GRAVE>: Error creating connection -> Socket connect failed [cause: java.net.ConnectException: Conexão recusada] -- make sure the server is running at localhost:6379
]]></system-err>
  </testcase>
  <testcase name="testContainsObject[9]" classname="org.springframework.data.redis.support.collections.RedisListTests" time="0.001">
    <error message="Could not get a resource from the pool; nested exception is org.jredis.ClientRuntimeException: null reference:{connection on setConnection()} in method JRedisClient.setConnection() [file: JRedisClient.java line:158 - package: org.jredis.ri.alphazero] cause: =&gt; [IllegalArgumentException: null reference:{connection on setConnection()} in method JRedisClient.setConnection() [file: JRedisClient.java line:158 - package: org.jredis.ri.alphazero]]" type="org.springframework.data.redis.connection.PoolException">org.springframework.data.redis.connection.PoolException: Could not get a resource from the pool; nested exception is org.jredis.ClientRuntimeException: null reference:{connection on setConnection()} in method JRedisClient.setConnection() [file: JRedisClient.java line:158 - package: org.jredis.ri.alphazero] cause: => [IllegalArgumentException: null reference:{connection on setConnection()} in method JRedisClient.setConnection() [file: JRedisClient.java line:158 - package: org.jredis.ri.alphazero]]
Caused by: org.jredis.ClientRuntimeException: null reference:{connection on setConnection()} in method JRedisClient.setConnection() [file: JRedisClient.java line:158 - package: org.jredis.ri.alphazero] cause: => [IllegalArgumentException: null reference:{connection on setConnection()} in method JRedisClient.setConnection() [file: JRedisClient.java line:158 - package: org.jredis.ri.alphazero]]
Caused by: java.lang.IllegalArgumentException: null reference:{connection on setConnection()} in method JRedisClient.setConnection() [file: JRedisClient.java line:158 - package: org.jredis.ri.alphazero]
</error>
  </testcase>
  <testcase name="testToArray[9]" classname="org.springframework.data.redis.support.collections.RedisListTests" time="0.002">
    <error message="Could not get a resource from the pool; nested exception is org.jredis.ClientRuntimeException: null reference:{connection on setConnection()} in method JRedisClient.setConnection() [file: JRedisClient.java line:158 - package: org.jredis.ri.alphazero] cause: =&gt; [IllegalArgumentException: null reference:{connection on setConnection()} in method JRedisClient.setConnection() [file: JRedisClient.java line:158 - package: org.jredis.ri.alphazero]]" type="org.springframework.data.redis.connection.PoolException">org.springframework.data.redis.connection.PoolException: Could not get a resource from the pool; nested exception is org.jredis.ClientRuntimeException: null reference:{connection on setConnection()} in method JRedisClient.setConnection() [file: JRedisClient.java line:158 - package: org.jredis.ri.alphazero] cause: => [IllegalArgumentException: null reference:{connection on setConnection()} in method JRedisClient.setConnection() [file: JRedisClient.java line:158 - package: org.jredis.ri.alphazero]]
Caused by: org.jredis.ClientRuntimeException: null reference:{connection on setConnection()} in method JRedisClient.setConnection() [file: JRedisClient.java line:158 - package: org.jredis.ri.alphazero] cause: => [IllegalArgumentException: null reference:{connection on setConnection()} in method JRedisClient.setConnection() [file: JRedisClient.java line:158 - package: org.jredis.ri.alphazero]]
Caused by: java.lang.IllegalArgumentException: null reference:{connection on setConnection()} in method JRedisClient.setConnection() [file: JRedisClient.java line:158 - package: org.jredis.ri.alphazero]
</error>
    <system-err><![CDATA[01475611470328 Tue Oct 04 17:04:30 BRT 2016 JRedis[tid:1] <INFORMAÇÕES>: WARNING: heartbeat is disabled.
01475611470329 Tue Oct 04 17:04:30 BRT 2016 JRedis[tid:1] <ADVERTÊNCIA>: PROBLEM: Shutting down due to connection FAULT: Socket connect failed [cause: java.net.ConnectException: Conexão recusada] -- make sure the server is running at localhost:6379 - Connection: SYNCHRONOUS  localhost/127.0.0.1:6379 db:0 | SyncConnection@1547398254
01475611470329 Tue Oct 04 17:04:30 BRT 2016 JRedis[tid:1] <GRAVE>: Error creating connection -> Socket connect failed [cause: java.net.ConnectException: Conexão recusada] -- make sure the server is running at localhost:6379
01475611470329 Tue Oct 04 17:04:30 BRT 2016 JRedis[tid:1] <INFORMAÇÕES>: WARNING: heartbeat is disabled.
01475611470329 Tue Oct 04 17:04:30 BRT 2016 JRedis[tid:1] <ADVERTÊNCIA>: PROBLEM: Shutting down due to connection FAULT: Socket connect failed [cause: java.net.ConnectException: Conexão recusada] -- make sure the server is running at localhost:6379 - Connection: SYNCHRONOUS  localhost/127.0.0.1:6379 db:0 | SyncConnection@1337829755
01475611470329 Tue Oct 04 17:04:30 BRT 2016 JRedis[tid:1] <GRAVE>: Error creating connection -> Socket connect failed [cause: java.net.ConnectException: Conexão recusada] -- make sure the server is running at localhost:6379
]]></system-err>
  </testcase>
  <testcase name="testToArray[9]" classname="org.springframework.data.redis.support.collections.RedisListTests" time="0.002">
    <error message="Could not get a resource from the pool; nested exception is org.jredis.ClientRuntimeException: null reference:{connection on setConnection()} in method JRedisClient.setConnection() [file: JRedisClient.java line:158 - package: org.jredis.ri.alphazero] cause: =&gt; [IllegalArgumentException: null reference:{connection on setConnection()} in method JRedisClient.setConnection() [file: JRedisClient.java line:158 - package: org.jredis.ri.alphazero]]" type="org.springframework.data.redis.connection.PoolException">org.springframework.data.redis.connection.PoolException: Could not get a resource from the pool; nested exception is org.jredis.ClientRuntimeException: null reference:{connection on setConnection()} in method JRedisClient.setConnection() [file: JRedisClient.java line:158 - package: org.jredis.ri.alphazero] cause: => [IllegalArgumentException: null reference:{connection on setConnection()} in method JRedisClient.setConnection() [file: JRedisClient.java line:158 - package: org.jredis.ri.alphazero]]
Caused by: org.jredis.ClientRuntimeException: null reference:{connection on setConnection()} in method JRedisClient.setConnection() [file: JRedisClient.java line:158 - package: org.jredis.ri.alphazero] cause: => [IllegalArgumentException: null reference:{connection on setConnection()} in method JRedisClient.setConnection() [file: JRedisClient.java line:158 - package: org.jredis.ri.alphazero]]
Caused by: java.lang.IllegalArgumentException: null reference:{connection on setConnection()} in method JRedisClient.setConnection() [file: JRedisClient.java line:158 - package: org.jredis.ri.alphazero]
</error>
  </testcase>
  <testcase name="testAdd[9]" classname="org.springframework.data.redis.support.collections.RedisListTests" time="0.001">
    <error message="Could not get a resource from the pool; nested exception is org.jredis.ClientRuntimeException: null reference:{connection on setConnection()} in method JRedisClient.setConnection() [file: JRedisClient.java line:158 - package: org.jredis.ri.alphazero] cause: =&gt; [IllegalArgumentException: null reference:{connection on setConnection()} in method JRedisClient.setConnection() [file: JRedisClient.java line:158 - package: org.jredis.ri.alphazero]]" type="org.springframework.data.redis.connection.PoolException">org.springframework.data.redis.connection.PoolException: Could not get a resource from the pool; nested exception is org.jredis.ClientRuntimeException: null reference:{connection on setConnection()} in method JRedisClient.setConnection() [file: JRedisClient.java line:158 - package: org.jredis.ri.alphazero] cause: => [IllegalArgumentException: null reference:{connection on setConnection()} in method JRedisClient.setConnection() [file: JRedisClient.java line:158 - package: org.jredis.ri.alphazero]]
Caused by: org.jredis.ClientRuntimeException: null reference:{connection on setConnection()} in method JRedisClient.setConnection() [file: JRedisClient.java line:158 - package: org.jredis.ri.alphazero] cause: => [IllegalArgumentException: null reference:{connection on setConnection()} in method JRedisClient.setConnection() [file: JRedisClient.java line:158 - package: org.jredis.ri.alphazero]]
Caused by: java.lang.IllegalArgumentException: null reference:{connection on setConnection()} in method JRedisClient.setConnection() [file: JRedisClient.java line:158 - package: org.jredis.ri.alphazero]
</error>
    <system-err><![CDATA[01475611470330 Tue Oct 04 17:04:30 BRT 2016 JRedis[tid:1] <INFORMAÇÕES>: WARNING: heartbeat is disabled.
01475611470330 Tue Oct 04 17:04:30 BRT 2016 JRedis[tid:1] <ADVERTÊNCIA>: PROBLEM: Shutting down due to connection FAULT: Socket connect failed [cause: java.net.ConnectException: Conexão recusada] -- make sure the server is running at localhost:6379 - Connection: SYNCHRONOUS  localhost/127.0.0.1:6379 db:0 | SyncConnection@1205559205
01475611470330 Tue Oct 04 17:04:30 BRT 2016 JRedis[tid:1] <GRAVE>: Error creating connection -> Socket connect failed [cause: java.net.ConnectException: Conexão recusada] -- make sure the server is running at localhost:6379
01475611470330 Tue Oct 04 17:04:30 BRT 2016 JRedis[tid:1] <INFORMAÇÕES>: WARNING: heartbeat is disabled.
01475611470330 Tue Oct 04 17:04:30 BRT 2016 JRedis[tid:1] <ADVERTÊNCIA>: PROBLEM: Shutting down due to connection FAULT: Socket connect failed [cause: java.net.ConnectException: Conexão recusada] -- make sure the server is running at localhost:6379 - Connection: SYNCHRONOUS  localhost/127.0.0.1:6379 db:0 | SyncConnection@894421232
01475611470331 Tue Oct 04 17:04:30 BRT 2016 JRedis[tid:1] <GRAVE>: Error creating connection -> Socket connect failed [cause: java.net.ConnectException: Conexão recusada] -- make sure the server is running at localhost:6379
]]></system-err>
  </testcase>
  <testcase name="testAdd[9]" classname="org.springframework.data.redis.support.collections.RedisListTests" time="0.001">
    <error message="Could not get a resource from the pool; nested exception is org.jredis.ClientRuntimeException: null reference:{connection on setConnection()} in method JRedisClient.setConnection() [file: JRedisClient.java line:158 - package: org.jredis.ri.alphazero] cause: =&gt; [IllegalArgumentException: null reference:{connection on setConnection()} in method JRedisClient.setConnection() [file: JRedisClient.java line:158 - package: org.jredis.ri.alphazero]]" type="org.springframework.data.redis.connection.PoolException">org.springframework.data.redis.connection.PoolException: Could not get a resource from the pool; nested exception is org.jredis.ClientRuntimeException: null reference:{connection on setConnection()} in method JRedisClient.setConnection() [file: JRedisClient.java line:158 - package: org.jredis.ri.alphazero] cause: => [IllegalArgumentException: null reference:{connection on setConnection()} in method JRedisClient.setConnection() [file: JRedisClient.java line:158 - package: org.jredis.ri.alphazero]]
Caused by: org.jredis.ClientRuntimeException: null reference:{connection on setConnection()} in method JRedisClient.setConnection() [file: JRedisClient.java line:158 - package: org.jredis.ri.alphazero] cause: => [IllegalArgumentException: null reference:{connection on setConnection()} in method JRedisClient.setConnection() [file: JRedisClient.java line:158 - package: org.jredis.ri.alphazero]]
Caused by: java.lang.IllegalArgumentException: null reference:{connection on setConnection()} in method JRedisClient.setConnection() [file: JRedisClient.java line:158 - package: org.jredis.ri.alphazero]
</error>
  </testcase>
  <testcase name="testClear[9]" classname="org.springframework.data.redis.support.collections.RedisListTests" time="0.001">
    <error message="Could not get a resource from the pool; nested exception is org.jredis.ClientRuntimeException: null reference:{connection on setConnection()} in method JRedisClient.setConnection() [file: JRedisClient.java line:158 - package: org.jredis.ri.alphazero] cause: =&gt; [IllegalArgumentException: null reference:{connection on setConnection()} in method JRedisClient.setConnection() [file: JRedisClient.java line:158 - package: org.jredis.ri.alphazero]]" type="org.springframework.data.redis.connection.PoolException">org.springframework.data.redis.connection.PoolException: Could not get a resource from the pool; nested exception is org.jredis.ClientRuntimeException: null reference:{connection on setConnection()} in method JRedisClient.setConnection() [file: JRedisClient.java line:158 - package: org.jredis.ri.alphazero] cause: => [IllegalArgumentException: null reference:{connection on setConnection()} in method JRedisClient.setConnection() [file: JRedisClient.java line:158 - package: org.jredis.ri.alphazero]]
Caused by: org.jredis.ClientRuntimeException: null reference:{connection on setConnection()} in method JRedisClient.setConnection() [file: JRedisClient.java line:158 - package: org.jredis.ri.alphazero] cause: => [IllegalArgumentException: null reference:{connection on setConnection()} in method JRedisClient.setConnection() [file: JRedisClient.java line:158 - package: org.jredis.ri.alphazero]]
Caused by: java.lang.IllegalArgumentException: null reference:{connection on setConnection()} in method JRedisClient.setConnection() [file: JRedisClient.java line:158 - package: org.jredis.ri.alphazero]
</error>
    <system-err><![CDATA[01475611470331 Tue Oct 04 17:04:30 BRT 2016 JRedis[tid:1] <INFORMAÇÕES>: WARNING: heartbeat is disabled.
01475611470331 Tue Oct 04 17:04:30 BRT 2016 JRedis[tid:1] <ADVERTÊNCIA>: PROBLEM: Shutting down due to connection FAULT: Socket connect failed [cause: java.net.ConnectException: Conexão recusada] -- make sure the server is running at localhost:6379 - Connection: SYNCHRONOUS  localhost/127.0.0.1:6379 db:0 | SyncConnection@1098986569
01475611470331 Tue Oct 04 17:04:30 BRT 2016 JRedis[tid:1] <GRAVE>: Error creating connection -> Socket connect failed [cause: java.net.ConnectException: Conexão recusada] -- make sure the server is running at localhost:6379
01475611470332 Tue Oct 04 17:04:30 BRT 2016 JRedis[tid:1] <INFORMAÇÕES>: WARNING: heartbeat is disabled.
01475611470332 Tue Oct 04 17:04:30 BRT 2016 JRedis[tid:1] <ADVERTÊNCIA>: PROBLEM: Shutting down due to connection FAULT: Socket connect failed [cause: java.net.ConnectException: Conexão recusada] -- make sure the server is running at localhost:6379 - Connection: SYNCHRONOUS  localhost/127.0.0.1:6379 db:0 | SyncConnection@1182311147
01475611470332 Tue Oct 04 17:04:30 BRT 2016 JRedis[tid:1] <GRAVE>: Error creating connection -> Socket connect failed [cause: java.net.ConnectException: Conexão recusada] -- make sure the server is running at localhost:6379
]]></system-err>
  </testcase>
  <testcase name="testClear[9]" classname="org.springframework.data.redis.support.collections.RedisListTests" time="0.001">
    <error message="Could not get a resource from the pool; nested exception is org.jredis.ClientRuntimeException: null reference:{connection on setConnection()} in method JRedisClient.setConnection() [file: JRedisClient.java line:158 - package: org.jredis.ri.alphazero] cause: =&gt; [IllegalArgumentException: null reference:{connection on setConnection()} in method JRedisClient.setConnection() [file: JRedisClient.java line:158 - package: org.jredis.ri.alphazero]]" type="org.springframework.data.redis.connection.PoolException">org.springframework.data.redis.connection.PoolException: Could not get a resource from the pool; nested exception is org.jredis.ClientRuntimeException: null reference:{connection on setConnection()} in method JRedisClient.setConnection() [file: JRedisClient.java line:158 - package: org.jredis.ri.alphazero] cause: => [IllegalArgumentException: null reference:{connection on setConnection()} in method JRedisClient.setConnection() [file: JRedisClient.java line:158 - package: org.jredis.ri.alphazero]]
Caused by: org.jredis.ClientRuntimeException: null reference:{connection on setConnection()} in method JRedisClient.setConnection() [file: JRedisClient.java line:158 - package: org.jredis.ri.alphazero] cause: => [IllegalArgumentException: null reference:{connection on setConnection()} in method JRedisClient.setConnection() [file: JRedisClient.java line:158 - package: org.jredis.ri.alphazero]]
Caused by: java.lang.IllegalArgumentException: null reference:{connection on setConnection()} in method JRedisClient.setConnection() [file: JRedisClient.java line:158 - package: org.jredis.ri.alphazero]
</error>
  </testcase>
  <testcase name="testSize[9]" classname="org.springframework.data.redis.support.collections.RedisListTests" time="0.001">
    <error message="Could not get a resource from the pool; nested exception is org.jredis.ClientRuntimeException: null reference:{connection on setConnection()} in method JRedisClient.setConnection() [file: JRedisClient.java line:158 - package: org.jredis.ri.alphazero] cause: =&gt; [IllegalArgumentException: null reference:{connection on setConnection()} in method JRedisClient.setConnection() [file: JRedisClient.java line:158 - package: org.jredis.ri.alphazero]]" type="org.springframework.data.redis.connection.PoolException">org.springframework.data.redis.connection.PoolException: Could not get a resource from the pool; nested exception is org.jredis.ClientRuntimeException: null reference:{connection on setConnection()} in method JRedisClient.setConnection() [file: JRedisClient.java line:158 - package: org.jredis.ri.alphazero] cause: => [IllegalArgumentException: null reference:{connection on setConnection()} in method JRedisClient.setConnection() [file: JRedisClient.java line:158 - package: org.jredis.ri.alphazero]]
Caused by: org.jredis.ClientRuntimeException: null reference:{connection on setConnection()} in method JRedisClient.setConnection() [file: JRedisClient.java line:158 - package: org.jredis.ri.alphazero] cause: => [IllegalArgumentException: null reference:{connection on setConnection()} in method JRedisClient.setConnection() [file: JRedisClient.java line:158 - package: org.jredis.ri.alphazero]]
Caused by: java.lang.IllegalArgumentException: null reference:{connection on setConnection()} in method JRedisClient.setConnection() [file: JRedisClient.java line:158 - package: org.jredis.ri.alphazero]
</error>
    <system-err><![CDATA[01475611470332 Tue Oct 04 17:04:30 BRT 2016 JRedis[tid:1] <INFORMAÇÕES>: WARNING: heartbeat is disabled.
01475611470333 Tue Oct 04 17:04:30 BRT 2016 JRedis[tid:1] <ADVERTÊNCIA>: PROBLEM: Shutting down due to connection FAULT: Socket connect failed [cause: java.net.ConnectException: Conexão recusada] -- make sure the server is running at localhost:6379 - Connection: SYNCHRONOUS  localhost/127.0.0.1:6379 db:0 | SyncConnection@1531182070
01475611470333 Tue Oct 04 17:04:30 BRT 2016 JRedis[tid:1] <GRAVE>: Error creating connection -> Socket connect failed [cause: java.net.ConnectException: Conexão recusada] -- make sure the server is running at localhost:6379
01475611470333 Tue Oct 04 17:04:30 BRT 2016 JRedis[tid:1] <INFORMAÇÕES>: WARNING: heartbeat is disabled.
01475611470333 Tue Oct 04 17:04:30 BRT 2016 JRedis[tid:1] <ADVERTÊNCIA>: PROBLEM: Shutting down due to connection FAULT: Socket connect failed [cause: java.net.ConnectException: Conexão recusada] -- make sure the server is running at localhost:6379 - Connection: SYNCHRONOUS  localhost/127.0.0.1:6379 db:0 | SyncConnection@276869158
01475611470333 Tue Oct 04 17:04:30 BRT 2016 JRedis[tid:1] <GRAVE>: Error creating connection -> Socket connect failed [cause: java.net.ConnectException: Conexão recusada] -- make sure the server is running at localhost:6379
]]></system-err>
  </testcase>
  <testcase name="testSize[9]" classname="org.springframework.data.redis.support.collections.RedisListTests" time="0.002">
    <error message="Could not get a resource from the pool; nested exception is org.jredis.ClientRuntimeException: null reference:{connection on setConnection()} in method JRedisClient.setConnection() [file: JRedisClient.java line:158 - package: org.jredis.ri.alphazero] cause: =&gt; [IllegalArgumentException: null reference:{connection on setConnection()} in method JRedisClient.setConnection() [file: JRedisClient.java line:158 - package: org.jredis.ri.alphazero]]" type="org.springframework.data.redis.connection.PoolException">org.springframework.data.redis.connection.PoolException: Could not get a resource from the pool; nested exception is org.jredis.ClientRuntimeException: null reference:{connection on setConnection()} in method JRedisClient.setConnection() [file: JRedisClient.java line:158 - package: org.jredis.ri.alphazero] cause: => [IllegalArgumentException: null reference:{connection on setConnection()} in method JRedisClient.setConnection() [file: JRedisClient.java line:158 - package: org.jredis.ri.alphazero]]
Caused by: org.jredis.ClientRuntimeException: null reference:{connection on setConnection()} in method JRedisClient.setConnection() [file: JRedisClient.java line:158 - package: org.jredis.ri.alphazero] cause: => [IllegalArgumentException: null reference:{connection on setConnection()} in method JRedisClient.setConnection() [file: JRedisClient.java line:158 - package: org.jredis.ri.alphazero]]
Caused by: java.lang.IllegalArgumentException: null reference:{connection on setConnection()} in method JRedisClient.setConnection() [file: JRedisClient.java line:158 - package: org.jredis.ri.alphazero]
</error>
  </testcase>
  <testcase name="testToString[9]" classname="org.springframework.data.redis.support.collections.RedisListTests" time="0.001">
    <error message="Could not get a resource from the pool; nested exception is org.jredis.ClientRuntimeException: null reference:{connection on setConnection()} in method JRedisClient.setConnection() [file: JRedisClient.java line:158 - package: org.jredis.ri.alphazero] cause: =&gt; [IllegalArgumentException: null reference:{connection on setConnection()} in method JRedisClient.setConnection() [file: JRedisClient.java line:158 - package: org.jredis.ri.alphazero]]" type="org.springframework.data.redis.connection.PoolException">org.springframework.data.redis.connection.PoolException: Could not get a resource from the pool; nested exception is org.jredis.ClientRuntimeException: null reference:{connection on setConnection()} in method JRedisClient.setConnection() [file: JRedisClient.java line:158 - package: org.jredis.ri.alphazero] cause: => [IllegalArgumentException: null reference:{connection on setConnection()} in method JRedisClient.setConnection() [file: JRedisClient.java line:158 - package: org.jredis.ri.alphazero]]
Caused by: org.jredis.ClientRuntimeException: null reference:{connection on setConnection()} in method JRedisClient.setConnection() [file: JRedisClient.java line:158 - package: org.jredis.ri.alphazero] cause: => [IllegalArgumentException: null reference:{connection on setConnection()} in method JRedisClient.setConnection() [file: JRedisClient.java line:158 - package: org.jredis.ri.alphazero]]
Caused by: java.lang.IllegalArgumentException: null reference:{connection on setConnection()} in method JRedisClient.setConnection() [file: JRedisClient.java line:158 - package: org.jredis.ri.alphazero]
</error>
    <system-err><![CDATA[01475611470334 Tue Oct 04 17:04:30 BRT 2016 JRedis[tid:1] <INFORMAÇÕES>: WARNING: heartbeat is disabled.
01475611470334 Tue Oct 04 17:04:30 BRT 2016 JRedis[tid:1] <ADVERTÊNCIA>: PROBLEM: Shutting down due to connection FAULT: Socket connect failed [cause: java.net.ConnectException: Conexão recusada] -- make sure the server is running at localhost:6379 - Connection: SYNCHRONOUS  localhost/127.0.0.1:6379 db:0 | SyncConnection@1831882653
01475611470334 Tue Oct 04 17:04:30 BRT 2016 JRedis[tid:1] <GRAVE>: Error creating connection -> Socket connect failed [cause: java.net.ConnectException: Conexão recusada] -- make sure the server is running at localhost:6379
01475611470334 Tue Oct 04 17:04:30 BRT 2016 JRedis[tid:1] <INFORMAÇÕES>: WARNING: heartbeat is disabled.
01475611470334 Tue Oct 04 17:04:30 BRT 2016 JRedis[tid:1] <ADVERTÊNCIA>: PROBLEM: Shutting down due to connection FAULT: Socket connect failed [cause: java.net.ConnectException: Conexão recusada] -- make sure the server is running at localhost:6379 - Connection: SYNCHRONOUS  localhost/127.0.0.1:6379 db:0 | SyncConnection@259251414
01475611470335 Tue Oct 04 17:04:30 BRT 2016 JRedis[tid:1] <GRAVE>: Error creating connection -> Socket connect failed [cause: java.net.ConnectException: Conexão recusada] -- make sure the server is running at localhost:6379
]]></system-err>
  </testcase>
  <testcase name="testToString[9]" classname="org.springframework.data.redis.support.collections.RedisListTests" time="0.001">
    <error message="Could not get a resource from the pool; nested exception is org.jredis.ClientRuntimeException: null reference:{connection on setConnection()} in method JRedisClient.setConnection() [file: JRedisClient.java line:158 - package: org.jredis.ri.alphazero] cause: =&gt; [IllegalArgumentException: null reference:{connection on setConnection()} in method JRedisClient.setConnection() [file: JRedisClient.java line:158 - package: org.jredis.ri.alphazero]]" type="org.springframework.data.redis.connection.PoolException">org.springframework.data.redis.connection.PoolException: Could not get a resource from the pool; nested exception is org.jredis.ClientRuntimeException: null reference:{connection on setConnection()} in method JRedisClient.setConnection() [file: JRedisClient.java line:158 - package: org.jredis.ri.alphazero] cause: => [IllegalArgumentException: null reference:{connection on setConnection()} in method JRedisClient.setConnection() [file: JRedisClient.java line:158 - package: org.jredis.ri.alphazero]]
Caused by: org.jredis.ClientRuntimeException: null reference:{connection on setConnection()} in method JRedisClient.setConnection() [file: JRedisClient.java line:158 - package: org.jredis.ri.alphazero] cause: => [IllegalArgumentException: null reference:{connection on setConnection()} in method JRedisClient.setConnection() [file: JRedisClient.java line:158 - package: org.jredis.ri.alphazero]]
Caused by: java.lang.IllegalArgumentException: null reference:{connection on setConnection()} in method JRedisClient.setConnection() [file: JRedisClient.java line:158 - package: org.jredis.ri.alphazero]
</error>
  </testcase>
  <testcase name="testContainsAll[9]" classname="org.springframework.data.redis.support.collections.RedisListTests" time="0.001">
    <error message="Could not get a resource from the pool; nested exception is org.jredis.ClientRuntimeException: null reference:{connection on setConnection()} in method JRedisClient.setConnection() [file: JRedisClient.java line:158 - package: org.jredis.ri.alphazero] cause: =&gt; [IllegalArgumentException: null reference:{connection on setConnection()} in method JRedisClient.setConnection() [file: JRedisClient.java line:158 - package: org.jredis.ri.alphazero]]" type="org.springframework.data.redis.connection.PoolException">org.springframework.data.redis.connection.PoolException: Could not get a resource from the pool; nested exception is org.jredis.ClientRuntimeException: null reference:{connection on setConnection()} in method JRedisClient.setConnection() [file: JRedisClient.java line:158 - package: org.jredis.ri.alphazero] cause: => [IllegalArgumentException: null reference:{connection on setConnection()} in method JRedisClient.setConnection() [file: JRedisClient.java line:158 - package: org.jredis.ri.alphazero]]
Caused by: org.jredis.ClientRuntimeException: null reference:{connection on setConnection()} in method JRedisClient.setConnection() [file: JRedisClient.java line:158 - package: org.jredis.ri.alphazero] cause: => [IllegalArgumentException: null reference:{connection on setConnection()} in method JRedisClient.setConnection() [file: JRedisClient.java line:158 - package: org.jredis.ri.alphazero]]
Caused by: java.lang.IllegalArgumentException: null reference:{connection on setConnection()} in method JRedisClient.setConnection() [file: JRedisClient.java line:158 - package: org.jredis.ri.alphazero]
</error>
    <system-err><![CDATA[01475611470335 Tue Oct 04 17:04:30 BRT 2016 JRedis[tid:1] <INFORMAÇÕES>: WARNING: heartbeat is disabled.
01475611470335 Tue Oct 04 17:04:30 BRT 2016 JRedis[tid:1] <ADVERTÊNCIA>: PROBLEM: Shutting down due to connection FAULT: Socket connect failed [cause: java.net.ConnectException: Conexão recusada] -- make sure the server is running at localhost:6379 - Connection: SYNCHRONOUS  localhost/127.0.0.1:6379 db:0 | SyncConnection@1288108586
01475611470336 Tue Oct 04 17:04:30 BRT 2016 JRedis[tid:1] <GRAVE>: Error creating connection -> Socket connect failed [cause: java.net.ConnectException: Conexão recusada] -- make sure the server is running at localhost:6379
01475611470336 Tue Oct 04 17:04:30 BRT 2016 JRedis[tid:1] <INFORMAÇÕES>: WARNING: heartbeat is disabled.
01475611470336 Tue Oct 04 17:04:30 BRT 2016 JRedis[tid:1] <ADVERTÊNCIA>: PROBLEM: Shutting down due to connection FAULT: Socket connect failed [cause: java.net.ConnectException: Conexão recusada] -- make sure the server is running at localhost:6379 - Connection: SYNCHRONOUS  localhost/127.0.0.1:6379 db:0 | SyncConnection@1089584667
01475611470336 Tue Oct 04 17:04:30 BRT 2016 JRedis[tid:1] <GRAVE>: Error creating connection -> Socket connect failed [cause: java.net.ConnectException: Conexão recusada] -- make sure the server is running at localhost:6379
]]></system-err>
  </testcase>
  <testcase name="testContainsAll[9]" classname="org.springframework.data.redis.support.collections.RedisListTests" time="0.002">
    <error message="Could not get a resource from the pool; nested exception is org.jredis.ClientRuntimeException: null reference:{connection on setConnection()} in method JRedisClient.setConnection() [file: JRedisClient.java line:158 - package: org.jredis.ri.alphazero] cause: =&gt; [IllegalArgumentException: null reference:{connection on setConnection()} in method JRedisClient.setConnection() [file: JRedisClient.java line:158 - package: org.jredis.ri.alphazero]]" type="org.springframework.data.redis.connection.PoolException">org.springframework.data.redis.connection.PoolException: Could not get a resource from the pool; nested exception is org.jredis.ClientRuntimeException: null reference:{connection on setConnection()} in method JRedisClient.setConnection() [file: JRedisClient.java line:158 - package: org.jredis.ri.alphazero] cause: => [IllegalArgumentException: null reference:{connection on setConnection()} in method JRedisClient.setConnection() [file: JRedisClient.java line:158 - package: org.jredis.ri.alphazero]]
Caused by: org.jredis.ClientRuntimeException: null reference:{connection on setConnection()} in method JRedisClient.setConnection() [file: JRedisClient.java line:158 - package: org.jredis.ri.alphazero] cause: => [IllegalArgumentException: null reference:{connection on setConnection()} in method JRedisClient.setConnection() [file: JRedisClient.java line:158 - package: org.jredis.ri.alphazero]]
Caused by: java.lang.IllegalArgumentException: null reference:{connection on setConnection()} in method JRedisClient.setConnection() [file: JRedisClient.java line:158 - package: org.jredis.ri.alphazero]
</error>
  </testcase>
  <testcase name="testRemoveObject[9]" classname="org.springframework.data.redis.support.collections.RedisListTests" time="0.001">
    <error message="Could not get a resource from the pool; nested exception is org.jredis.ClientRuntimeException: null reference:{connection on setConnection()} in method JRedisClient.setConnection() [file: JRedisClient.java line:158 - package: org.jredis.ri.alphazero] cause: =&gt; [IllegalArgumentException: null reference:{connection on setConnection()} in method JRedisClient.setConnection() [file: JRedisClient.java line:158 - package: org.jredis.ri.alphazero]]" type="org.springframework.data.redis.connection.PoolException">org.springframework.data.redis.connection.PoolException: Could not get a resource from the pool; nested exception is org.jredis.ClientRuntimeException: null reference:{connection on setConnection()} in method JRedisClient.setConnection() [file: JRedisClient.java line:158 - package: org.jredis.ri.alphazero] cause: => [IllegalArgumentException: null reference:{connection on setConnection()} in method JRedisClient.setConnection() [file: JRedisClient.java line:158 - package: org.jredis.ri.alphazero]]
Caused by: org.jredis.ClientRuntimeException: null reference:{connection on setConnection()} in method JRedisClient.setConnection() [file: JRedisClient.java line:158 - package: org.jredis.ri.alphazero] cause: => [IllegalArgumentException: null reference:{connection on setConnection()} in method JRedisClient.setConnection() [file: JRedisClient.java line:158 - package: org.jredis.ri.alphazero]]
Caused by: java.lang.IllegalArgumentException: null reference:{connection on setConnection()} in method JRedisClient.setConnection() [file: JRedisClient.java line:158 - package: org.jredis.ri.alphazero]
</error>
    <system-err><![CDATA[01475611470337 Tue Oct 04 17:04:30 BRT 2016 JRedis[tid:1] <INFORMAÇÕES>: WARNING: heartbeat is disabled.
01475611470337 Tue Oct 04 17:04:30 BRT 2016 JRedis[tid:1] <ADVERTÊNCIA>: PROBLEM: Shutting down due to connection FAULT: Socket connect failed [cause: java.net.ConnectException: Conexão recusada] -- make sure the server is running at localhost:6379 - Connection: SYNCHRONOUS  localhost/127.0.0.1:6379 db:0 | SyncConnection@2054757222
01475611470337 Tue Oct 04 17:04:30 BRT 2016 JRedis[tid:1] <GRAVE>: Error creating connection -> Socket connect failed [cause: java.net.ConnectException: Conexão recusada] -- make sure the server is running at localhost:6379
01475611470337 Tue Oct 04 17:04:30 BRT 2016 JRedis[tid:1] <INFORMAÇÕES>: WARNING: heartbeat is disabled.
01475611470337 Tue Oct 04 17:04:30 BRT 2016 JRedis[tid:1] <ADVERTÊNCIA>: PROBLEM: Shutting down due to connection FAULT: Socket connect failed [cause: java.net.ConnectException: Conexão recusada] -- make sure the server is running at localhost:6379 - Connection: SYNCHRONOUS  localhost/127.0.0.1:6379 db:0 | SyncConnection@1865201235
01475611470337 Tue Oct 04 17:04:30 BRT 2016 JRedis[tid:1] <GRAVE>: Error creating connection -> Socket connect failed [cause: java.net.ConnectException: Conexão recusada] -- make sure the server is running at localhost:6379
]]></system-err>
  </testcase>
  <testcase name="testRemoveObject[9]" classname="org.springframework.data.redis.support.collections.RedisListTests" time="0.001">
    <error message="Could not get a resource from the pool; nested exception is org.jredis.ClientRuntimeException: null reference:{connection on setConnection()} in method JRedisClient.setConnection() [file: JRedisClient.java line:158 - package: org.jredis.ri.alphazero] cause: =&gt; [IllegalArgumentException: null reference:{connection on setConnection()} in method JRedisClient.setConnection() [file: JRedisClient.java line:158 - package: org.jredis.ri.alphazero]]" type="org.springframework.data.redis.connection.PoolException">org.springframework.data.redis.connection.PoolException: Could not get a resource from the pool; nested exception is org.jredis.ClientRuntimeException: null reference:{connection on setConnection()} in method JRedisClient.setConnection() [file: JRedisClient.java line:158 - package: org.jredis.ri.alphazero] cause: => [IllegalArgumentException: null reference:{connection on setConnection()} in method JRedisClient.setConnection() [file: JRedisClient.java line:158 - package: org.jredis.ri.alphazero]]
Caused by: org.jredis.ClientRuntimeException: null reference:{connection on setConnection()} in method JRedisClient.setConnection() [file: JRedisClient.java line:158 - package: org.jredis.ri.alphazero] cause: => [IllegalArgumentException: null reference:{connection on setConnection()} in method JRedisClient.setConnection() [file: JRedisClient.java line:158 - package: org.jredis.ri.alphazero]]
Caused by: java.lang.IllegalArgumentException: null reference:{connection on setConnection()} in method JRedisClient.setConnection() [file: JRedisClient.java line:158 - package: org.jredis.ri.alphazero]
</error>
  </testcase>
  <testcase name="testHashCode[9]" classname="org.springframework.data.redis.support.collections.RedisListTests" time="0.001">
    <error message="Could not get a resource from the pool; nested exception is org.jredis.ClientRuntimeException: null reference:{connection on setConnection()} in method JRedisClient.setConnection() [file: JRedisClient.java line:158 - package: org.jredis.ri.alphazero] cause: =&gt; [IllegalArgumentException: null reference:{connection on setConnection()} in method JRedisClient.setConnection() [file: JRedisClient.java line:158 - package: org.jredis.ri.alphazero]]" type="org.springframework.data.redis.connection.PoolException">org.springframework.data.redis.connection.PoolException: Could not get a resource from the pool; nested exception is org.jredis.ClientRuntimeException: null reference:{connection on setConnection()} in method JRedisClient.setConnection() [file: JRedisClient.java line:158 - package: org.jredis.ri.alphazero] cause: => [IllegalArgumentException: null reference:{connection on setConnection()} in method JRedisClient.setConnection() [file: JRedisClient.java line:158 - package: org.jredis.ri.alphazero]]
Caused by: org.jredis.ClientRuntimeException: null reference:{connection on setConnection()} in method JRedisClient.setConnection() [file: JRedisClient.java line:158 - package: org.jredis.ri.alphazero] cause: => [IllegalArgumentException: null reference:{connection on setConnection()} in method JRedisClient.setConnection() [file: JRedisClient.java line:158 - package: org.jredis.ri.alphazero]]
Caused by: java.lang.IllegalArgumentException: null reference:{connection on setConnection()} in method JRedisClient.setConnection() [file: JRedisClient.java line:158 - package: org.jredis.ri.alphazero]
</error>
    <system-err><![CDATA[01475611470338 Tue Oct 04 17:04:30 BRT 2016 JRedis[tid:1] <INFORMAÇÕES>: WARNING: heartbeat is disabled.
01475611470338 Tue Oct 04 17:04:30 BRT 2016 JRedis[tid:1] <ADVERTÊNCIA>: PROBLEM: Shutting down due to connection FAULT: Socket connect failed [cause: java.net.ConnectException: Conexão recusada] -- make sure the server is running at localhost:6379 - Connection: SYNCHRONOUS  localhost/127.0.0.1:6379 db:0 | SyncConnection@348132918
01475611470338 Tue Oct 04 17:04:30 BRT 2016 JRedis[tid:1] <GRAVE>: Error creating connection -> Socket connect failed [cause: java.net.ConnectException: Conexão recusada] -- make sure the server is running at localhost:6379
]]></system-err>
  </testcase>
  <testcase name="testAddAll[9]" classname="org.springframework.data.redis.support.collections.RedisListTests" time="0.001">
    <error message="Could not get a resource from the pool; nested exception is org.jredis.ClientRuntimeException: null reference:{connection on setConnection()} in method JRedisClient.setConnection() [file: JRedisClient.java line:158 - package: org.jredis.ri.alphazero] cause: =&gt; [IllegalArgumentException: null reference:{connection on setConnection()} in method JRedisClient.setConnection() [file: JRedisClient.java line:158 - package: org.jredis.ri.alphazero]]" type="org.springframework.data.redis.connection.PoolException">org.springframework.data.redis.connection.PoolException: Could not get a resource from the pool; nested exception is org.jredis.ClientRuntimeException: null reference:{connection on setConnection()} in method JRedisClient.setConnection() [file: JRedisClient.java line:158 - package: org.jredis.ri.alphazero] cause: => [IllegalArgumentException: null reference:{connection on setConnection()} in method JRedisClient.setConnection() [file: JRedisClient.java line:158 - package: org.jredis.ri.alphazero]]
Caused by: org.jredis.ClientRuntimeException: null reference:{connection on setConnection()} in method JRedisClient.setConnection() [file: JRedisClient.java line:158 - package: org.jredis.ri.alphazero] cause: => [IllegalArgumentException: null reference:{connection on setConnection()} in method JRedisClient.setConnection() [file: JRedisClient.java line:158 - package: org.jredis.ri.alphazero]]
Caused by: java.lang.IllegalArgumentException: null reference:{connection on setConnection()} in method JRedisClient.setConnection() [file: JRedisClient.java line:158 - package: org.jredis.ri.alphazero]
</error>
    <system-err><![CDATA[01475611470339 Tue Oct 04 17:04:30 BRT 2016 JRedis[tid:1] <INFORMAÇÕES>: WARNING: heartbeat is disabled.
01475611470339 Tue Oct 04 17:04:30 BRT 2016 JRedis[tid:1] <ADVERTÊNCIA>: PROBLEM: Shutting down due to connection FAULT: Socket connect failed [cause: java.net.ConnectException: Conexão recusada] -- make sure the server is running at localhost:6379 - Connection: SYNCHRONOUS  localhost/127.0.0.1:6379 db:0 | SyncConnection@1129869771
01475611470339 Tue Oct 04 17:04:30 BRT 2016 JRedis[tid:1] <GRAVE>: Error creating connection -> Socket connect failed [cause: java.net.ConnectException: Conexão recusada] -- make sure the server is running at localhost:6379
01475611470339 Tue Oct 04 17:04:30 BRT 2016 JRedis[tid:1] <INFORMAÇÕES>: WARNING: heartbeat is disabled.
01475611470339 Tue Oct 04 17:04:30 BRT 2016 JRedis[tid:1] <ADVERTÊNCIA>: PROBLEM: Shutting down due to connection FAULT: Socket connect failed [cause: java.net.ConnectException: Conexão recusada] -- make sure the server is running at localhost:6379 - Connection: SYNCHRONOUS  localhost/127.0.0.1:6379 db:0 | SyncConnection@1620459733
01475611470340 Tue Oct 04 17:04:30 BRT 2016 JRedis[tid:1] <GRAVE>: Error creating connection -> Socket connect failed [cause: java.net.ConnectException: Conexão recusada] -- make sure the server is running at localhost:6379
]]></system-err>
  </testcase>
  <testcase name="testAddAll[9]" classname="org.springframework.data.redis.support.collections.RedisListTests" time="0.001">
    <error message="Could not get a resource from the pool; nested exception is org.jredis.ClientRuntimeException: null reference:{connection on setConnection()} in method JRedisClient.setConnection() [file: JRedisClient.java line:158 - package: org.jredis.ri.alphazero] cause: =&gt; [IllegalArgumentException: null reference:{connection on setConnection()} in method JRedisClient.setConnection() [file: JRedisClient.java line:158 - package: org.jredis.ri.alphazero]]" type="org.springframework.data.redis.connection.PoolException">org.springframework.data.redis.connection.PoolException: Could not get a resource from the pool; nested exception is org.jredis.ClientRuntimeException: null reference:{connection on setConnection()} in method JRedisClient.setConnection() [file: JRedisClient.java line:158 - package: org.jredis.ri.alphazero] cause: => [IllegalArgumentException: null reference:{connection on setConnection()} in method JRedisClient.setConnection() [file: JRedisClient.java line:158 - package: org.jredis.ri.alphazero]]
Caused by: org.jredis.ClientRuntimeException: null reference:{connection on setConnection()} in method JRedisClient.setConnection() [file: JRedisClient.java line:158 - package: org.jredis.ri.alphazero] cause: => [IllegalArgumentException: null reference:{connection on setConnection()} in method JRedisClient.setConnection() [file: JRedisClient.java line:158 - package: org.jredis.ri.alphazero]]
Caused by: java.lang.IllegalArgumentException: null reference:{connection on setConnection()} in method JRedisClient.setConnection() [file: JRedisClient.java line:158 - package: org.jredis.ri.alphazero]
</error>
  </testcase>
  <testcase name="removeAll[9]" classname="org.springframework.data.redis.support.collections.RedisListTests" time="0.001">
    <error message="Could not get a resource from the pool; nested exception is org.jredis.ClientRuntimeException: null reference:{connection on setConnection()} in method JRedisClient.setConnection() [file: JRedisClient.java line:158 - package: org.jredis.ri.alphazero] cause: =&gt; [IllegalArgumentException: null reference:{connection on setConnection()} in method JRedisClient.setConnection() [file: JRedisClient.java line:158 - package: org.jredis.ri.alphazero]]" type="org.springframework.data.redis.connection.PoolException">org.springframework.data.redis.connection.PoolException: Could not get a resource from the pool; nested exception is org.jredis.ClientRuntimeException: null reference:{connection on setConnection()} in method JRedisClient.setConnection() [file: JRedisClient.java line:158 - package: org.jredis.ri.alphazero] cause: => [IllegalArgumentException: null reference:{connection on setConnection()} in method JRedisClient.setConnection() [file: JRedisClient.java line:158 - package: org.jredis.ri.alphazero]]
Caused by: org.jredis.ClientRuntimeException: null reference:{connection on setConnection()} in method JRedisClient.setConnection() [file: JRedisClient.java line:158 - package: org.jredis.ri.alphazero] cause: => [IllegalArgumentException: null reference:{connection on setConnection()} in method JRedisClient.setConnection() [file: JRedisClient.java line:158 - package: org.jredis.ri.alphazero]]
Caused by: java.lang.IllegalArgumentException: null reference:{connection on setConnection()} in method JRedisClient.setConnection() [file: JRedisClient.java line:158 - package: org.jredis.ri.alphazero]
</error>
    <system-err><![CDATA[01475611470340 Tue Oct 04 17:04:30 BRT 2016 JRedis[tid:1] <INFORMAÇÕES>: WARNING: heartbeat is disabled.
01475611470340 Tue Oct 04 17:04:30 BRT 2016 JRedis[tid:1] <ADVERTÊNCIA>: PROBLEM: Shutting down due to connection FAULT: Socket connect failed [cause: java.net.ConnectException: Conexão recusada] -- make sure the server is running at localhost:6379 - Connection: SYNCHRONOUS  localhost/127.0.0.1:6379 db:0 | SyncConnection@664091267
01475611470341 Tue Oct 04 17:04:30 BRT 2016 JRedis[tid:1] <GRAVE>: Error creating connection -> Socket connect failed [cause: java.net.ConnectException: Conexão recusada] -- make sure the server is running at localhost:6379
01475611470341 Tue Oct 04 17:04:30 BRT 2016 JRedis[tid:1] <INFORMAÇÕES>: WARNING: heartbeat is disabled.
01475611470341 Tue Oct 04 17:04:30 BRT 2016 JRedis[tid:1] <ADVERTÊNCIA>: PROBLEM: Shutting down due to connection FAULT: Socket connect failed [cause: java.net.ConnectException: Conexão recusada] -- make sure the server is running at localhost:6379 - Connection: SYNCHRONOUS  localhost/127.0.0.1:6379 db:0 | SyncConnection@1433208870
01475611470341 Tue Oct 04 17:04:30 BRT 2016 JRedis[tid:1] <GRAVE>: Error creating connection -> Socket connect failed [cause: java.net.ConnectException: Conexão recusada] -- make sure the server is running at localhost:6379
]]></system-err>
  </testcase>
  <testcase name="removeAll[9]" classname="org.springframework.data.redis.support.collections.RedisListTests" time="0.002">
    <error message="Could not get a resource from the pool; nested exception is org.jredis.ClientRuntimeException: null reference:{connection on setConnection()} in method JRedisClient.setConnection() [file: JRedisClient.java line:158 - package: org.jredis.ri.alphazero] cause: =&gt; [IllegalArgumentException: null reference:{connection on setConnection()} in method JRedisClient.setConnection() [file: JRedisClient.java line:158 - package: org.jredis.ri.alphazero]]" type="org.springframework.data.redis.connection.PoolException">org.springframework.data.redis.connection.PoolException: Could not get a resource from the pool; nested exception is org.jredis.ClientRuntimeException: null reference:{connection on setConnection()} in method JRedisClient.setConnection() [file: JRedisClient.java line:158 - package: org.jredis.ri.alphazero] cause: => [IllegalArgumentException: null reference:{connection on setConnection()} in method JRedisClient.setConnection() [file: JRedisClient.java line:158 - package: org.jredis.ri.alphazero]]
Caused by: org.jredis.ClientRuntimeException: null reference:{connection on setConnection()} in method JRedisClient.setConnection() [file: JRedisClient.java line:158 - package: org.jredis.ri.alphazero] cause: => [IllegalArgumentException: null reference:{connection on setConnection()} in method JRedisClient.setConnection() [file: JRedisClient.java line:158 - package: org.jredis.ri.alphazero]]
Caused by: java.lang.IllegalArgumentException: null reference:{connection on setConnection()} in method JRedisClient.setConnection() [file: JRedisClient.java line:158 - package: org.jredis.ri.alphazero]
</error>
  </testcase>
  <testcase name="testEquals[9]" classname="org.springframework.data.redis.support.collections.RedisListTests" time="0">
    <error message="Could not get a resource from the pool; nested exception is org.jredis.ClientRuntimeException: null reference:{connection on setConnection()} in method JRedisClient.setConnection() [file: JRedisClient.java line:158 - package: org.jredis.ri.alphazero] cause: =&gt; [IllegalArgumentException: null reference:{connection on setConnection()} in method JRedisClient.setConnection() [file: JRedisClient.java line:158 - package: org.jredis.ri.alphazero]]" type="org.springframework.data.redis.connection.PoolException">org.springframework.data.redis.connection.PoolException: Could not get a resource from the pool; nested exception is org.jredis.ClientRuntimeException: null reference:{connection on setConnection()} in method JRedisClient.setConnection() [file: JRedisClient.java line:158 - package: org.jredis.ri.alphazero] cause: => [IllegalArgumentException: null reference:{connection on setConnection()} in method JRedisClient.setConnection() [file: JRedisClient.java line:158 - package: org.jredis.ri.alphazero]]
Caused by: org.jredis.ClientRuntimeException: null reference:{connection on setConnection()} in method JRedisClient.setConnection() [file: JRedisClient.java line:158 - package: org.jredis.ri.alphazero] cause: => [IllegalArgumentException: null reference:{connection on setConnection()} in method JRedisClient.setConnection() [file: JRedisClient.java line:158 - package: org.jredis.ri.alphazero]]
Caused by: java.lang.IllegalArgumentException: null reference:{connection on setConnection()} in method JRedisClient.setConnection() [file: JRedisClient.java line:158 - package: org.jredis.ri.alphazero]
</error>
    <system-err><![CDATA[01475611470342 Tue Oct 04 17:04:30 BRT 2016 JRedis[tid:1] <INFORMAÇÕES>: WARNING: heartbeat is disabled.
01475611470342 Tue Oct 04 17:04:30 BRT 2016 JRedis[tid:1] <ADVERTÊNCIA>: PROBLEM: Shutting down due to connection FAULT: Socket connect failed [cause: java.net.ConnectException: Conexão recusada] -- make sure the server is running at localhost:6379 - Connection: SYNCHRONOUS  localhost/127.0.0.1:6379 db:0 | SyncConnection@1724814719
01475611470342 Tue Oct 04 17:04:30 BRT 2016 JRedis[tid:1] <GRAVE>: Error creating connection -> Socket connect failed [cause: java.net.ConnectException: Conexão recusada] -- make sure the server is running at localhost:6379
]]></system-err>
  </testcase>
  <testcase name="testGetKey[9]" classname="org.springframework.data.redis.support.collections.RedisListTests" time="0.001">
    <error message="Could not get a resource from the pool; nested exception is org.jredis.ClientRuntimeException: null reference:{connection on setConnection()} in method JRedisClient.setConnection() [file: JRedisClient.java line:158 - package: org.jredis.ri.alphazero] cause: =&gt; [IllegalArgumentException: null reference:{connection on setConnection()} in method JRedisClient.setConnection() [file: JRedisClient.java line:158 - package: org.jredis.ri.alphazero]]" type="org.springframework.data.redis.connection.PoolException">org.springframework.data.redis.connection.PoolException: Could not get a resource from the pool; nested exception is org.jredis.ClientRuntimeException: null reference:{connection on setConnection()} in method JRedisClient.setConnection() [file: JRedisClient.java line:158 - package: org.jredis.ri.alphazero] cause: => [IllegalArgumentException: null reference:{connection on setConnection()} in method JRedisClient.setConnection() [file: JRedisClient.java line:158 - package: org.jredis.ri.alphazero]]
Caused by: org.jredis.ClientRuntimeException: null reference:{connection on setConnection()} in method JRedisClient.setConnection() [file: JRedisClient.java line:158 - package: org.jredis.ri.alphazero] cause: => [IllegalArgumentException: null reference:{connection on setConnection()} in method JRedisClient.setConnection() [file: JRedisClient.java line:158 - package: org.jredis.ri.alphazero]]
Caused by: java.lang.IllegalArgumentException: null reference:{connection on setConnection()} in method JRedisClient.setConnection() [file: JRedisClient.java line:158 - package: org.jredis.ri.alphazero]
</error>
    <system-err><![CDATA[01475611470342 Tue Oct 04 17:04:30 BRT 2016 JRedis[tid:1] <INFORMAÇÕES>: WARNING: heartbeat is disabled.
01475611470343 Tue Oct 04 17:04:30 BRT 2016 JRedis[tid:1] <ADVERTÊNCIA>: PROBLEM: Shutting down due to connection FAULT: Socket connect failed [cause: java.net.ConnectException: Conexão recusada] -- make sure the server is running at localhost:6379 - Connection: SYNCHRONOUS  localhost/127.0.0.1:6379 db:0 | SyncConnection@1437988306
01475611470343 Tue Oct 04 17:04:30 BRT 2016 JRedis[tid:1] <GRAVE>: Error creating connection -> Socket connect failed [cause: java.net.ConnectException: Conexão recusada] -- make sure the server is running at localhost:6379
]]></system-err>
  </testcase>
  <testcase name="testToArrayWithGenerics[9]" classname="org.springframework.data.redis.support.collections.RedisListTests" time="0.001">
    <error message="Could not get a resource from the pool; nested exception is org.jredis.ClientRuntimeException: null reference:{connection on setConnection()} in method JRedisClient.setConnection() [file: JRedisClient.java line:158 - package: org.jredis.ri.alphazero] cause: =&gt; [IllegalArgumentException: null reference:{connection on setConnection()} in method JRedisClient.setConnection() [file: JRedisClient.java line:158 - package: org.jredis.ri.alphazero]]" type="org.springframework.data.redis.connection.PoolException">org.springframework.data.redis.connection.PoolException: Could not get a resource from the pool; nested exception is org.jredis.ClientRuntimeException: null reference:{connection on setConnection()} in method JRedisClient.setConnection() [file: JRedisClient.java line:158 - package: org.jredis.ri.alphazero] cause: => [IllegalArgumentException: null reference:{connection on setConnection()} in method JRedisClient.setConnection() [file: JRedisClient.java line:158 - package: org.jredis.ri.alphazero]]
Caused by: org.jredis.ClientRuntimeException: null reference:{connection on setConnection()} in method JRedisClient.setConnection() [file: JRedisClient.java line:158 - package: org.jredis.ri.alphazero] cause: => [IllegalArgumentException: null reference:{connection on setConnection()} in method JRedisClient.setConnection() [file: JRedisClient.java line:158 - package: org.jredis.ri.alphazero]]
Caused by: java.lang.IllegalArgumentException: null reference:{connection on setConnection()} in method JRedisClient.setConnection() [file: JRedisClient.java line:158 - package: org.jredis.ri.alphazero]
</error>
    <system-err><![CDATA[01475611470343 Tue Oct 04 17:04:30 BRT 2016 JRedis[tid:1] <INFORMAÇÕES>: WARNING: heartbeat is disabled.
01475611470343 Tue Oct 04 17:04:30 BRT 2016 JRedis[tid:1] <ADVERTÊNCIA>: PROBLEM: Shutting down due to connection FAULT: Socket connect failed [cause: java.net.ConnectException: Conexão recusada] -- make sure the server is running at localhost:6379 - Connection: SYNCHRONOUS  localhost/127.0.0.1:6379 db:0 | SyncConnection@992086987
01475611470343 Tue Oct 04 17:04:30 BRT 2016 JRedis[tid:1] <GRAVE>: Error creating connection -> Socket connect failed [cause: java.net.ConnectException: Conexão recusada] -- make sure the server is running at localhost:6379
01475611470344 Tue Oct 04 17:04:30 BRT 2016 JRedis[tid:1] <INFORMAÇÕES>: WARNING: heartbeat is disabled.
01475611470344 Tue Oct 04 17:04:30 BRT 2016 JRedis[tid:1] <ADVERTÊNCIA>: PROBLEM: Shutting down due to connection FAULT: Socket connect failed [cause: java.net.ConnectException: Conexão recusada] -- make sure the server is running at localhost:6379 - Connection: SYNCHRONOUS  localhost/127.0.0.1:6379 db:0 | SyncConnection@731243659
01475611470344 Tue Oct 04 17:04:30 BRT 2016 JRedis[tid:1] <GRAVE>: Error creating connection -> Socket connect failed [cause: java.net.ConnectException: Conexão recusada] -- make sure the server is running at localhost:6379
]]></system-err>
  </testcase>
  <testcase name="testToArrayWithGenerics[9]" classname="org.springframework.data.redis.support.collections.RedisListTests" time="0.001">
    <error message="Could not get a resource from the pool; nested exception is org.jredis.ClientRuntimeException: null reference:{connection on setConnection()} in method JRedisClient.setConnection() [file: JRedisClient.java line:158 - package: org.jredis.ri.alphazero] cause: =&gt; [IllegalArgumentException: null reference:{connection on setConnection()} in method JRedisClient.setConnection() [file: JRedisClient.java line:158 - package: org.jredis.ri.alphazero]]" type="org.springframework.data.redis.connection.PoolException">org.springframework.data.redis.connection.PoolException: Could not get a resource from the pool; nested exception is org.jredis.ClientRuntimeException: null reference:{connection on setConnection()} in method JRedisClient.setConnection() [file: JRedisClient.java line:158 - package: org.jredis.ri.alphazero] cause: => [IllegalArgumentException: null reference:{connection on setConnection()} in method JRedisClient.setConnection() [file: JRedisClient.java line:158 - package: org.jredis.ri.alphazero]]
Caused by: org.jredis.ClientRuntimeException: null reference:{connection on setConnection()} in method JRedisClient.setConnection() [file: JRedisClient.java line:158 - package: org.jredis.ri.alphazero] cause: => [IllegalArgumentException: null reference:{connection on setConnection()} in method JRedisClient.setConnection() [file: JRedisClient.java line:158 - package: org.jredis.ri.alphazero]]
Caused by: java.lang.IllegalArgumentException: null reference:{connection on setConnection()} in method JRedisClient.setConnection() [file: JRedisClient.java line:158 - package: org.jredis.ri.alphazero]
</error>
  </testcase>
  <testcase name="testIsEmpty[9]" classname="org.springframework.data.redis.support.collections.RedisListTests" time="0.002">
    <error message="Could not get a resource from the pool; nested exception is org.jredis.ClientRuntimeException: null reference:{connection on setConnection()} in method JRedisClient.setConnection() [file: JRedisClient.java line:158 - package: org.jredis.ri.alphazero] cause: =&gt; [IllegalArgumentException: null reference:{connection on setConnection()} in method JRedisClient.setConnection() [file: JRedisClient.java line:158 - package: org.jredis.ri.alphazero]]" type="org.springframework.data.redis.connection.PoolException">org.springframework.data.redis.connection.PoolException: Could not get a resource from the pool; nested exception is org.jredis.ClientRuntimeException: null reference:{connection on setConnection()} in method JRedisClient.setConnection() [file: JRedisClient.java line:158 - package: org.jredis.ri.alphazero] cause: => [IllegalArgumentException: null reference:{connection on setConnection()} in method JRedisClient.setConnection() [file: JRedisClient.java line:158 - package: org.jredis.ri.alphazero]]
Caused by: org.jredis.ClientRuntimeException: null reference:{connection on setConnection()} in method JRedisClient.setConnection() [file: JRedisClient.java line:158 - package: org.jredis.ri.alphazero] cause: => [IllegalArgumentException: null reference:{connection on setConnection()} in method JRedisClient.setConnection() [file: JRedisClient.java line:158 - package: org.jredis.ri.alphazero]]
Caused by: java.lang.IllegalArgumentException: null reference:{connection on setConnection()} in method JRedisClient.setConnection() [file: JRedisClient.java line:158 - package: org.jredis.ri.alphazero]
</error>
    <system-err><![CDATA[01475611470344 Tue Oct 04 17:04:30 BRT 2016 JRedis[tid:1] <INFORMAÇÕES>: WARNING: heartbeat is disabled.
01475611470345 Tue Oct 04 17:04:30 BRT 2016 JRedis[tid:1] <ADVERTÊNCIA>: PROBLEM: Shutting down due to connection FAULT: Socket connect failed [cause: java.net.ConnectException: Conexão recusada] -- make sure the server is running at localhost:6379 - Connection: SYNCHRONOUS  localhost/127.0.0.1:6379 db:0 | SyncConnection@1244867001
01475611470345 Tue Oct 04 17:04:30 BRT 2016 JRedis[tid:1] <GRAVE>: Error creating connection -> Socket connect failed [cause: java.net.ConnectException: Conexão recusada] -- make sure the server is running at localhost:6379
01475611470345 Tue Oct 04 17:04:30 BRT 2016 JRedis[tid:1] <INFORMAÇÕES>: WARNING: heartbeat is disabled.
01475611470345 Tue Oct 04 17:04:30 BRT 2016 JRedis[tid:1] <ADVERTÊNCIA>: PROBLEM: Shutting down due to connection FAULT: Socket connect failed [cause: java.net.ConnectException: Conexão recusada] -- make sure the server is running at localhost:6379 - Connection: SYNCHRONOUS  localhost/127.0.0.1:6379 db:0 | SyncConnection@1037955032
01475611470345 Tue Oct 04 17:04:30 BRT 2016 JRedis[tid:1] <GRAVE>: Error creating connection -> Socket connect failed [cause: java.net.ConnectException: Conexão recusada] -- make sure the server is running at localhost:6379
]]></system-err>
  </testcase>
  <testcase name="testIsEmpty[9]" classname="org.springframework.data.redis.support.collections.RedisListTests" time="0.002">
    <error message="Could not get a resource from the pool; nested exception is org.jredis.ClientRuntimeException: null reference:{connection on setConnection()} in method JRedisClient.setConnection() [file: JRedisClient.java line:158 - package: org.jredis.ri.alphazero] cause: =&gt; [IllegalArgumentException: null reference:{connection on setConnection()} in method JRedisClient.setConnection() [file: JRedisClient.java line:158 - package: org.jredis.ri.alphazero]]" type="org.springframework.data.redis.connection.PoolException">org.springframework.data.redis.connection.PoolException: Could not get a resource from the pool; nested exception is org.jredis.ClientRuntimeException: null reference:{connection on setConnection()} in method JRedisClient.setConnection() [file: JRedisClient.java line:158 - package: org.jredis.ri.alphazero] cause: => [IllegalArgumentException: null reference:{connection on setConnection()} in method JRedisClient.setConnection() [file: JRedisClient.java line:158 - package: org.jredis.ri.alphazero]]
Caused by: org.jredis.ClientRuntimeException: null reference:{connection on setConnection()} in method JRedisClient.setConnection() [file: JRedisClient.java line:158 - package: org.jredis.ri.alphazero] cause: => [IllegalArgumentException: null reference:{connection on setConnection()} in method JRedisClient.setConnection() [file: JRedisClient.java line:158 - package: org.jredis.ri.alphazero]]
Caused by: java.lang.IllegalArgumentException: null reference:{connection on setConnection()} in method JRedisClient.setConnection() [file: JRedisClient.java line:158 - package: org.jredis.ri.alphazero]
</error>
  </testcase>
  <testcase name="testIterator[9]" classname="org.springframework.data.redis.support.collections.RedisListTests" time="0.001">
    <error message="Could not get a resource from the pool; nested exception is org.jredis.ClientRuntimeException: null reference:{connection on setConnection()} in method JRedisClient.setConnection() [file: JRedisClient.java line:158 - package: org.jredis.ri.alphazero] cause: =&gt; [IllegalArgumentException: null reference:{connection on setConnection()} in method JRedisClient.setConnection() [file: JRedisClient.java line:158 - package: org.jredis.ri.alphazero]]" type="org.springframework.data.redis.connection.PoolException">org.springframework.data.redis.connection.PoolException: Could not get a resource from the pool; nested exception is org.jredis.ClientRuntimeException: null reference:{connection on setConnection()} in method JRedisClient.setConnection() [file: JRedisClient.java line:158 - package: org.jredis.ri.alphazero] cause: => [IllegalArgumentException: null reference:{connection on setConnection()} in method JRedisClient.setConnection() [file: JRedisClient.java line:158 - package: org.jredis.ri.alphazero]]
Caused by: org.jredis.ClientRuntimeException: null reference:{connection on setConnection()} in method JRedisClient.setConnection() [file: JRedisClient.java line:158 - package: org.jredis.ri.alphazero] cause: => [IllegalArgumentException: null reference:{connection on setConnection()} in method JRedisClient.setConnection() [file: JRedisClient.java line:158 - package: org.jredis.ri.alphazero]]
Caused by: java.lang.IllegalArgumentException: null reference:{connection on setConnection()} in method JRedisClient.setConnection() [file: JRedisClient.java line:158 - package: org.jredis.ri.alphazero]
</error>
    <system-err><![CDATA[01475611470346 Tue Oct 04 17:04:30 BRT 2016 JRedis[tid:1] <INFORMAÇÕES>: WARNING: heartbeat is disabled.
01475611470346 Tue Oct 04 17:04:30 BRT 2016 JRedis[tid:1] <ADVERTÊNCIA>: PROBLEM: Shutting down due to connection FAULT: Socket connect failed [cause: java.net.ConnectException: Conexão recusada] -- make sure the server is running at localhost:6379 - Connection: SYNCHRONOUS  localhost/127.0.0.1:6379 db:0 | SyncConnection@1057307776
01475611470346 Tue Oct 04 17:04:30 BRT 2016 JRedis[tid:1] <GRAVE>: Error creating connection -> Socket connect failed [cause: java.net.ConnectException: Conexão recusada] -- make sure the server is running at localhost:6379
01475611470346 Tue Oct 04 17:04:30 BRT 2016 JRedis[tid:1] <INFORMAÇÕES>: WARNING: heartbeat is disabled.
01475611470347 Tue Oct 04 17:04:30 BRT 2016 JRedis[tid:1] <ADVERTÊNCIA>: PROBLEM: Shutting down due to connection FAULT: Socket connect failed [cause: java.net.ConnectException: Conexão recusada] -- make sure the server is running at localhost:6379 - Connection: SYNCHRONOUS  localhost/127.0.0.1:6379 db:0 | SyncConnection@1819038759
01475611470347 Tue Oct 04 17:04:30 BRT 2016 JRedis[tid:1] <GRAVE>: Error creating connection -> Socket connect failed [cause: java.net.ConnectException: Conexão recusada] -- make sure the server is running at localhost:6379
]]></system-err>
  </testcase>
  <testcase name="testIterator[9]" classname="org.springframework.data.redis.support.collections.RedisListTests" time="0.001">
    <error message="Could not get a resource from the pool; nested exception is org.jredis.ClientRuntimeException: null reference:{connection on setConnection()} in method JRedisClient.setConnection() [file: JRedisClient.java line:158 - package: org.jredis.ri.alphazero] cause: =&gt; [IllegalArgumentException: null reference:{connection on setConnection()} in method JRedisClient.setConnection() [file: JRedisClient.java line:158 - package: org.jredis.ri.alphazero]]" type="org.springframework.data.redis.connection.PoolException">org.springframework.data.redis.connection.PoolException: Could not get a resource from the pool; nested exception is org.jredis.ClientRuntimeException: null reference:{connection on setConnection()} in method JRedisClient.setConnection() [file: JRedisClient.java line:158 - package: org.jredis.ri.alphazero] cause: => [IllegalArgumentException: null reference:{connection on setConnection()} in method JRedisClient.setConnection() [file: JRedisClient.java line:158 - package: org.jredis.ri.alphazero]]
Caused by: org.jredis.ClientRuntimeException: null reference:{connection on setConnection()} in method JRedisClient.setConnection() [file: JRedisClient.java line:158 - package: org.jredis.ri.alphazero] cause: => [IllegalArgumentException: null reference:{connection on setConnection()} in method JRedisClient.setConnection() [file: JRedisClient.java line:158 - package: org.jredis.ri.alphazero]]
Caused by: java.lang.IllegalArgumentException: null reference:{connection on setConnection()} in method JRedisClient.setConnection() [file: JRedisClient.java line:158 - package: org.jredis.ri.alphazero]
</error>
  </testcase>
  <testcase name="testElement[10]" classname="org.springframework.data.redis.support.collections.RedisListTests" time="0.002">
    <error message="Could not get a resource from the pool; nested exception is org.jredis.ClientRuntimeException: null reference:{connection on setConnection()} in method JRedisClient.setConnection() [file: JRedisClient.java line:158 - package: org.jredis.ri.alphazero] cause: =&gt; [IllegalArgumentException: null reference:{connection on setConnection()} in method JRedisClient.setConnection() [file: JRedisClient.java line:158 - package: org.jredis.ri.alphazero]]" type="org.springframework.data.redis.connection.PoolException">org.springframework.data.redis.connection.PoolException: Could not get a resource from the pool; nested exception is org.jredis.ClientRuntimeException: null reference:{connection on setConnection()} in method JRedisClient.setConnection() [file: JRedisClient.java line:158 - package: org.jredis.ri.alphazero] cause: => [IllegalArgumentException: null reference:{connection on setConnection()} in method JRedisClient.setConnection() [file: JRedisClient.java line:158 - package: org.jredis.ri.alphazero]]
Caused by: org.jredis.ClientRuntimeException: null reference:{connection on setConnection()} in method JRedisClient.setConnection() [file: JRedisClient.java line:158 - package: org.jredis.ri.alphazero] cause: => [IllegalArgumentException: null reference:{connection on setConnection()} in method JRedisClient.setConnection() [file: JRedisClient.java line:158 - package: org.jredis.ri.alphazero]]
Caused by: java.lang.IllegalArgumentException: null reference:{connection on setConnection()} in method JRedisClient.setConnection() [file: JRedisClient.java line:158 - package: org.jredis.ri.alphazero]
</error>
    <system-err><![CDATA[01475611470347 Tue Oct 04 17:04:30 BRT 2016 JRedis[tid:1] <INFORMAÇÕES>: WARNING: heartbeat is disabled.
01475611470348 Tue Oct 04 17:04:30 BRT 2016 JRedis[tid:1] <ADVERTÊNCIA>: PROBLEM: Shutting down due to connection FAULT: Socket connect failed [cause: java.net.ConnectException: Conexão recusada] -- make sure the server is running at localhost:6379 - Connection: SYNCHRONOUS  localhost/127.0.0.1:6379 db:0 | SyncConnection@1636588948
01475611470348 Tue Oct 04 17:04:30 BRT 2016 JRedis[tid:1] <GRAVE>: Error creating connection -> Socket connect failed [cause: java.net.ConnectException: Conexão recusada] -- make sure the server is running at localhost:6379
01475611470348 Tue Oct 04 17:04:30 BRT 2016 JRedis[tid:1] <INFORMAÇÕES>: WARNING: heartbeat is disabled.
01475611470348 Tue Oct 04 17:04:30 BRT 2016 JRedis[tid:1] <ADVERTÊNCIA>: PROBLEM: Shutting down due to connection FAULT: Socket connect failed [cause: java.net.ConnectException: Conexão recusada] -- make sure the server is running at localhost:6379 - Connection: SYNCHRONOUS  localhost/127.0.0.1:6379 db:0 | SyncConnection@95685867
01475611470348 Tue Oct 04 17:04:30 BRT 2016 JRedis[tid:1] <GRAVE>: Error creating connection -> Socket connect failed [cause: java.net.ConnectException: Conexão recusada] -- make sure the server is running at localhost:6379
]]></system-err>
  </testcase>
  <testcase name="testElement[10]" classname="org.springframework.data.redis.support.collections.RedisListTests" time="0.002">
    <error message="Could not get a resource from the pool; nested exception is org.jredis.ClientRuntimeException: null reference:{connection on setConnection()} in method JRedisClient.setConnection() [file: JRedisClient.java line:158 - package: org.jredis.ri.alphazero] cause: =&gt; [IllegalArgumentException: null reference:{connection on setConnection()} in method JRedisClient.setConnection() [file: JRedisClient.java line:158 - package: org.jredis.ri.alphazero]]" type="org.springframework.data.redis.connection.PoolException">org.springframework.data.redis.connection.PoolException: Could not get a resource from the pool; nested exception is org.jredis.ClientRuntimeException: null reference:{connection on setConnection()} in method JRedisClient.setConnection() [file: JRedisClient.java line:158 - package: org.jredis.ri.alphazero] cause: => [IllegalArgumentException: null reference:{connection on setConnection()} in method JRedisClient.setConnection() [file: JRedisClient.java line:158 - package: org.jredis.ri.alphazero]]
Caused by: org.jredis.ClientRuntimeException: null reference:{connection on setConnection()} in method JRedisClient.setConnection() [file: JRedisClient.java line:158 - package: org.jredis.ri.alphazero] cause: => [IllegalArgumentException: null reference:{connection on setConnection()} in method JRedisClient.setConnection() [file: JRedisClient.java line:158 - package: org.jredis.ri.alphazero]]
Caused by: java.lang.IllegalArgumentException: null reference:{connection on setConnection()} in method JRedisClient.setConnection() [file: JRedisClient.java line:158 - package: org.jredis.ri.alphazero]
</error>
  </testcase>
  <testcase name="testPutFirst[10]" classname="org.springframework.data.redis.support.collections.RedisListTests" time="0.002">
    <error message="Could not get a resource from the pool; nested exception is org.jredis.ClientRuntimeException: null reference:{connection on setConnection()} in method JRedisClient.setConnection() [file: JRedisClient.java line:158 - package: org.jredis.ri.alphazero] cause: =&gt; [IllegalArgumentException: null reference:{connection on setConnection()} in method JRedisClient.setConnection() [file: JRedisClient.java line:158 - package: org.jredis.ri.alphazero]]" type="org.springframework.data.redis.connection.PoolException">org.springframework.data.redis.connection.PoolException: Could not get a resource from the pool; nested exception is org.jredis.ClientRuntimeException: null reference:{connection on setConnection()} in method JRedisClient.setConnection() [file: JRedisClient.java line:158 - package: org.jredis.ri.alphazero] cause: => [IllegalArgumentException: null reference:{connection on setConnection()} in method JRedisClient.setConnection() [file: JRedisClient.java line:158 - package: org.jredis.ri.alphazero]]
Caused by: org.jredis.ClientRuntimeException: null reference:{connection on setConnection()} in method JRedisClient.setConnection() [file: JRedisClient.java line:158 - package: org.jredis.ri.alphazero] cause: => [IllegalArgumentException: null reference:{connection on setConnection()} in method JRedisClient.setConnection() [file: JRedisClient.java line:158 - package: org.jredis.ri.alphazero]]
Caused by: java.lang.IllegalArgumentException: null reference:{connection on setConnection()} in method JRedisClient.setConnection() [file: JRedisClient.java line:158 - package: org.jredis.ri.alphazero]
</error>
    <system-err><![CDATA[01475611470349 Tue Oct 04 17:04:30 BRT 2016 JRedis[tid:1] <INFORMAÇÕES>: WARNING: heartbeat is disabled.
01475611470349 Tue Oct 04 17:04:30 BRT 2016 JRedis[tid:1] <ADVERTÊNCIA>: PROBLEM: Shutting down due to connection FAULT: Socket connect failed [cause: java.net.ConnectException: Conexão recusada] -- make sure the server is running at localhost:6379 - Connection: SYNCHRONOUS  localhost/127.0.0.1:6379 db:0 | SyncConnection@331596257
01475611470349 Tue Oct 04 17:04:30 BRT 2016 JRedis[tid:1] <GRAVE>: Error creating connection -> Socket connect failed [cause: java.net.ConnectException: Conexão recusada] -- make sure the server is running at localhost:6379
01475611470349 Tue Oct 04 17:04:30 BRT 2016 JRedis[tid:1] <INFORMAÇÕES>: WARNING: heartbeat is disabled.
01475611470350 Tue Oct 04 17:04:30 BRT 2016 JRedis[tid:1] <ADVERTÊNCIA>: PROBLEM: Shutting down due to connection FAULT: Socket connect failed [cause: java.net.ConnectException: Conexão recusada] -- make sure the server is running at localhost:6379 - Connection: SYNCHRONOUS  localhost/127.0.0.1:6379 db:0 | SyncConnection@494953170
01475611470350 Tue Oct 04 17:04:30 BRT 2016 JRedis[tid:1] <GRAVE>: Error creating connection -> Socket connect failed [cause: java.net.ConnectException: Conexão recusada] -- make sure the server is running at localhost:6379
]]></system-err>
  </testcase>
  <testcase name="testPutFirst[10]" classname="org.springframework.data.redis.support.collections.RedisListTests" time="0.002">
    <error message="Could not get a resource from the pool; nested exception is org.jredis.ClientRuntimeException: null reference:{connection on setConnection()} in method JRedisClient.setConnection() [file: JRedisClient.java line:158 - package: org.jredis.ri.alphazero] cause: =&gt; [IllegalArgumentException: null reference:{connection on setConnection()} in method JRedisClient.setConnection() [file: JRedisClient.java line:158 - package: org.jredis.ri.alphazero]]" type="org.springframework.data.redis.connection.PoolException">org.springframework.data.redis.connection.PoolException: Could not get a resource from the pool; nested exception is org.jredis.ClientRuntimeException: null reference:{connection on setConnection()} in method JRedisClient.setConnection() [file: JRedisClient.java line:158 - package: org.jredis.ri.alphazero] cause: => [IllegalArgumentException: null reference:{connection on setConnection()} in method JRedisClient.setConnection() [file: JRedisClient.java line:158 - package: org.jredis.ri.alphazero]]
Caused by: org.jredis.ClientRuntimeException: null reference:{connection on setConnection()} in method JRedisClient.setConnection() [file: JRedisClient.java line:158 - package: org.jredis.ri.alphazero] cause: => [IllegalArgumentException: null reference:{connection on setConnection()} in method JRedisClient.setConnection() [file: JRedisClient.java line:158 - package: org.jredis.ri.alphazero]]
Caused by: java.lang.IllegalArgumentException: null reference:{connection on setConnection()} in method JRedisClient.setConnection() [file: JRedisClient.java line:158 - package: org.jredis.ri.alphazero]
</error>
  </testcase>
  <testcase name="testPollLastTimeout[10]" classname="org.springframework.data.redis.support.collections.RedisListTests" time="0">
    <error message="got: &lt;false&gt;, expected: is &lt;true&gt;" type="org.junit.AssumptionViolatedException"><![CDATA[org.junit.AssumptionViolatedException: got: <false>, expected: is <true>
]]></error>
    <system-err><![CDATA[01475611470350 Tue Oct 04 17:04:30 BRT 2016 JRedis[tid:1] <INFORMAÇÕES>: WARNING: heartbeat is disabled.
01475611470351 Tue Oct 04 17:04:30 BRT 2016 JRedis[tid:1] <ADVERTÊNCIA>: PROBLEM: Shutting down due to connection FAULT: Socket connect failed [cause: java.net.ConnectException: Conexão recusada] -- make sure the server is running at localhost:6379 - Connection: SYNCHRONOUS  localhost/127.0.0.1:6379 db:0 | SyncConnection@509864971
01475611470351 Tue Oct 04 17:04:30 BRT 2016 JRedis[tid:1] <GRAVE>: Error creating connection -> Socket connect failed [cause: java.net.ConnectException: Conexão recusada] -- make sure the server is running at localhost:6379
]]></system-err>
  </testcase>
  <testcase name="testPollLastTimeout[10]" classname="org.springframework.data.redis.support.collections.RedisListTests" time="0">
    <error message="Could not get a resource from the pool; nested exception is org.jredis.ClientRuntimeException: null reference:{connection on setConnection()} in method JRedisClient.setConnection() [file: JRedisClient.java line:158 - package: org.jredis.ri.alphazero] cause: =&gt; [IllegalArgumentException: null reference:{connection on setConnection()} in method JRedisClient.setConnection() [file: JRedisClient.java line:158 - package: org.jredis.ri.alphazero]]" type="org.springframework.data.redis.connection.PoolException">org.springframework.data.redis.connection.PoolException: Could not get a resource from the pool; nested exception is org.jredis.ClientRuntimeException: null reference:{connection on setConnection()} in method JRedisClient.setConnection() [file: JRedisClient.java line:158 - package: org.jredis.ri.alphazero] cause: => [IllegalArgumentException: null reference:{connection on setConnection()} in method JRedisClient.setConnection() [file: JRedisClient.java line:158 - package: org.jredis.ri.alphazero]]
Caused by: org.jredis.ClientRuntimeException: null reference:{connection on setConnection()} in method JRedisClient.setConnection() [file: JRedisClient.java line:158 - package: org.jredis.ri.alphazero] cause: => [IllegalArgumentException: null reference:{connection on setConnection()} in method JRedisClient.setConnection() [file: JRedisClient.java line:158 - package: org.jredis.ri.alphazero]]
Caused by: java.lang.IllegalArgumentException: null reference:{connection on setConnection()} in method JRedisClient.setConnection() [file: JRedisClient.java line:158 - package: org.jredis.ri.alphazero]
</error>
  </testcase>
  <testcase name="testPeekFirst[10]" classname="org.springframework.data.redis.support.collections.RedisListTests" time="0.001">
    <error message="Could not get a resource from the pool; nested exception is org.jredis.ClientRuntimeException: null reference:{connection on setConnection()} in method JRedisClient.setConnection() [file: JRedisClient.java line:158 - package: org.jredis.ri.alphazero] cause: =&gt; [IllegalArgumentException: null reference:{connection on setConnection()} in method JRedisClient.setConnection() [file: JRedisClient.java line:158 - package: org.jredis.ri.alphazero]]" type="org.springframework.data.redis.connection.PoolException">org.springframework.data.redis.connection.PoolException: Could not get a resource from the pool; nested exception is org.jredis.ClientRuntimeException: null reference:{connection on setConnection()} in method JRedisClient.setConnection() [file: JRedisClient.java line:158 - package: org.jredis.ri.alphazero] cause: => [IllegalArgumentException: null reference:{connection on setConnection()} in method JRedisClient.setConnection() [file: JRedisClient.java line:158 - package: org.jredis.ri.alphazero]]
Caused by: org.jredis.ClientRuntimeException: null reference:{connection on setConnection()} in method JRedisClient.setConnection() [file: JRedisClient.java line:158 - package: org.jredis.ri.alphazero] cause: => [IllegalArgumentException: null reference:{connection on setConnection()} in method JRedisClient.setConnection() [file: JRedisClient.java line:158 - package: org.jredis.ri.alphazero]]
Caused by: java.lang.IllegalArgumentException: null reference:{connection on setConnection()} in method JRedisClient.setConnection() [file: JRedisClient.java line:158 - package: org.jredis.ri.alphazero]
</error>
    <system-err><![CDATA[01475611470351 Tue Oct 04 17:04:30 BRT 2016 JRedis[tid:1] <INFORMAÇÕES>: WARNING: heartbeat is disabled.
01475611470351 Tue Oct 04 17:04:30 BRT 2016 JRedis[tid:1] <ADVERTÊNCIA>: PROBLEM: Shutting down due to connection FAULT: Socket connect failed [cause: java.net.ConnectException: Conexão recusada] -- make sure the server is running at localhost:6379 - Connection: SYNCHRONOUS  localhost/127.0.0.1:6379 db:0 | SyncConnection@999647352
01475611470352 Tue Oct 04 17:04:30 BRT 2016 JRedis[tid:1] <GRAVE>: Error creating connection -> Socket connect failed [cause: java.net.ConnectException: Conexão recusada] -- make sure the server is running at localhost:6379
01475611470352 Tue Oct 04 17:04:30 BRT 2016 JRedis[tid:1] <INFORMAÇÕES>: WARNING: heartbeat is disabled.
01475611470352 Tue Oct 04 17:04:30 BRT 2016 JRedis[tid:1] <ADVERTÊNCIA>: PROBLEM: Shutting down due to connection FAULT: Socket connect failed [cause: java.net.ConnectException: Conexão recusada] -- make sure the server is running at localhost:6379 - Connection: SYNCHRONOUS  localhost/127.0.0.1:6379 db:0 | SyncConnection@911501858
01475611470352 Tue Oct 04 17:04:30 BRT 2016 JRedis[tid:1] <GRAVE>: Error creating connection -> Socket connect failed [cause: java.net.ConnectException: Conexão recusada] -- make sure the server is running at localhost:6379
]]></system-err>
  </testcase>
  <testcase name="testPeekFirst[10]" classname="org.springframework.data.redis.support.collections.RedisListTests" time="0.002">
    <error message="Could not get a resource from the pool; nested exception is org.jredis.ClientRuntimeException: null reference:{connection on setConnection()} in method JRedisClient.setConnection() [file: JRedisClient.java line:158 - package: org.jredis.ri.alphazero] cause: =&gt; [IllegalArgumentException: null reference:{connection on setConnection()} in method JRedisClient.setConnection() [file: JRedisClient.java line:158 - package: org.jredis.ri.alphazero]]" type="org.springframework.data.redis.connection.PoolException">org.springframework.data.redis.connection.PoolException: Could not get a resource from the pool; nested exception is org.jredis.ClientRuntimeException: null reference:{connection on setConnection()} in method JRedisClient.setConnection() [file: JRedisClient.java line:158 - package: org.jredis.ri.alphazero] cause: => [IllegalArgumentException: null reference:{connection on setConnection()} in method JRedisClient.setConnection() [file: JRedisClient.java line:158 - package: org.jredis.ri.alphazero]]
Caused by: org.jredis.ClientRuntimeException: null reference:{connection on setConnection()} in method JRedisClient.setConnection() [file: JRedisClient.java line:158 - package: org.jredis.ri.alphazero] cause: => [IllegalArgumentException: null reference:{connection on setConnection()} in method JRedisClient.setConnection() [file: JRedisClient.java line:158 - package: org.jredis.ri.alphazero]]
Caused by: java.lang.IllegalArgumentException: null reference:{connection on setConnection()} in method JRedisClient.setConnection() [file: JRedisClient.java line:158 - package: org.jredis.ri.alphazero]
</error>
  </testcase>
  <testcase name="testOfferLast[10]" classname="org.springframework.data.redis.support.collections.RedisListTests" time="0.001">
    <error message="Could not get a resource from the pool; nested exception is org.jredis.ClientRuntimeException: null reference:{connection on setConnection()} in method JRedisClient.setConnection() [file: JRedisClient.java line:158 - package: org.jredis.ri.alphazero] cause: =&gt; [IllegalArgumentException: null reference:{connection on setConnection()} in method JRedisClient.setConnection() [file: JRedisClient.java line:158 - package: org.jredis.ri.alphazero]]" type="org.springframework.data.redis.connection.PoolException">org.springframework.data.redis.connection.PoolException: Could not get a resource from the pool; nested exception is org.jredis.ClientRuntimeException: null reference:{connection on setConnection()} in method JRedisClient.setConnection() [file: JRedisClient.java line:158 - package: org.jredis.ri.alphazero] cause: => [IllegalArgumentException: null reference:{connection on setConnection()} in method JRedisClient.setConnection() [file: JRedisClient.java line:158 - package: org.jredis.ri.alphazero]]
Caused by: org.jredis.ClientRuntimeException: null reference:{connection on setConnection()} in method JRedisClient.setConnection() [file: JRedisClient.java line:158 - package: org.jredis.ri.alphazero] cause: => [IllegalArgumentException: null reference:{connection on setConnection()} in method JRedisClient.setConnection() [file: JRedisClient.java line:158 - package: org.jredis.ri.alphazero]]
Caused by: java.lang.IllegalArgumentException: null reference:{connection on setConnection()} in method JRedisClient.setConnection() [file: JRedisClient.java line:158 - package: org.jredis.ri.alphazero]
</error>
    <system-err><![CDATA[01475611470353 Tue Oct 04 17:04:30 BRT 2016 JRedis[tid:1] <INFORMAÇÕES>: WARNING: heartbeat is disabled.
01475611470353 Tue Oct 04 17:04:30 BRT 2016 JRedis[tid:1] <ADVERTÊNCIA>: PROBLEM: Shutting down due to connection FAULT: Socket connect failed [cause: java.net.ConnectException: Conexão recusada] -- make sure the server is running at localhost:6379 - Connection: SYNCHRONOUS  localhost/127.0.0.1:6379 db:0 | SyncConnection@677120200
01475611470353 Tue Oct 04 17:04:30 BRT 2016 JRedis[tid:1] <GRAVE>: Error creating connection -> Socket connect failed [cause: java.net.ConnectException: Conexão recusada] -- make sure the server is running at localhost:6379
01475611470353 Tue Oct 04 17:04:30 BRT 2016 JRedis[tid:1] <INFORMAÇÕES>: WARNING: heartbeat is disabled.
01475611470353 Tue Oct 04 17:04:30 BRT 2016 JRedis[tid:1] <ADVERTÊNCIA>: PROBLEM: Shutting down due to connection FAULT: Socket connect failed [cause: java.net.ConnectException: Conexão recusada] -- make sure the server is running at localhost:6379 - Connection: SYNCHRONOUS  localhost/127.0.0.1:6379 db:0 | SyncConnection@694069884
01475611470353 Tue Oct 04 17:04:30 BRT 2016 JRedis[tid:1] <GRAVE>: Error creating connection -> Socket connect failed [cause: java.net.ConnectException: Conexão recusada] -- make sure the server is running at localhost:6379
]]></system-err>
  </testcase>
  <testcase name="testOfferLast[10]" classname="org.springframework.data.redis.support.collections.RedisListTests" time="0.001">
    <error message="Could not get a resource from the pool; nested exception is org.jredis.ClientRuntimeException: null reference:{connection on setConnection()} in method JRedisClient.setConnection() [file: JRedisClient.java line:158 - package: org.jredis.ri.alphazero] cause: =&gt; [IllegalArgumentException: null reference:{connection on setConnection()} in method JRedisClient.setConnection() [file: JRedisClient.java line:158 - package: org.jredis.ri.alphazero]]" type="org.springframework.data.redis.connection.PoolException">org.springframework.data.redis.connection.PoolException: Could not get a resource from the pool; nested exception is org.jredis.ClientRuntimeException: null reference:{connection on setConnection()} in method JRedisClient.setConnection() [file: JRedisClient.java line:158 - package: org.jredis.ri.alphazero] cause: => [IllegalArgumentException: null reference:{connection on setConnection()} in method JRedisClient.setConnection() [file: JRedisClient.java line:158 - package: org.jredis.ri.alphazero]]
Caused by: org.jredis.ClientRuntimeException: null reference:{connection on setConnection()} in method JRedisClient.setConnection() [file: JRedisClient.java line:158 - package: org.jredis.ri.alphazero] cause: => [IllegalArgumentException: null reference:{connection on setConnection()} in method JRedisClient.setConnection() [file: JRedisClient.java line:158 - package: org.jredis.ri.alphazero]]
Caused by: java.lang.IllegalArgumentException: null reference:{connection on setConnection()} in method JRedisClient.setConnection() [file: JRedisClient.java line:158 - package: org.jredis.ri.alphazero]
</error>
  </testcase>
  <testcase name="testGetFirst[10]" classname="org.springframework.data.redis.support.collections.RedisListTests" time="0.001">
    <error message="Could not get a resource from the pool; nested exception is org.jredis.ClientRuntimeException: null reference:{connection on setConnection()} in method JRedisClient.setConnection() [file: JRedisClient.java line:158 - package: org.jredis.ri.alphazero] cause: =&gt; [IllegalArgumentException: null reference:{connection on setConnection()} in method JRedisClient.setConnection() [file: JRedisClient.java line:158 - package: org.jredis.ri.alphazero]]" type="org.springframework.data.redis.connection.PoolException">org.springframework.data.redis.connection.PoolException: Could not get a resource from the pool; nested exception is org.jredis.ClientRuntimeException: null reference:{connection on setConnection()} in method JRedisClient.setConnection() [file: JRedisClient.java line:158 - package: org.jredis.ri.alphazero] cause: => [IllegalArgumentException: null reference:{connection on setConnection()} in method JRedisClient.setConnection() [file: JRedisClient.java line:158 - package: org.jredis.ri.alphazero]]
Caused by: org.jredis.ClientRuntimeException: null reference:{connection on setConnection()} in method JRedisClient.setConnection() [file: JRedisClient.java line:158 - package: org.jredis.ri.alphazero] cause: => [IllegalArgumentException: null reference:{connection on setConnection()} in method JRedisClient.setConnection() [file: JRedisClient.java line:158 - package: org.jredis.ri.alphazero]]
Caused by: java.lang.IllegalArgumentException: null reference:{connection on setConnection()} in method JRedisClient.setConnection() [file: JRedisClient.java line:158 - package: org.jredis.ri.alphazero]
</error>
    <system-err><![CDATA[01475611470354 Tue Oct 04 17:04:30 BRT 2016 JRedis[tid:1] <INFORMAÇÕES>: WARNING: heartbeat is disabled.
01475611470354 Tue Oct 04 17:04:30 BRT 2016 JRedis[tid:1] <ADVERTÊNCIA>: PROBLEM: Shutting down due to connection FAULT: Socket connect failed [cause: java.net.ConnectException: Conexão recusada] -- make sure the server is running at localhost:6379 - Connection: SYNCHRONOUS  localhost/127.0.0.1:6379 db:0 | SyncConnection@957923719
01475611470354 Tue Oct 04 17:04:30 BRT 2016 JRedis[tid:1] <GRAVE>: Error creating connection -> Socket connect failed [cause: java.net.ConnectException: Conexão recusada] -- make sure the server is running at localhost:6379
01475611470355 Tue Oct 04 17:04:30 BRT 2016 JRedis[tid:1] <INFORMAÇÕES>: WARNING: heartbeat is disabled.
01475611470355 Tue Oct 04 17:04:30 BRT 2016 JRedis[tid:1] <ADVERTÊNCIA>: PROBLEM: Shutting down due to connection FAULT: Socket connect failed [cause: java.net.ConnectException: Conexão recusada] -- make sure the server is running at localhost:6379 - Connection: SYNCHRONOUS  localhost/127.0.0.1:6379 db:0 | SyncConnection@747158012
01475611470355 Tue Oct 04 17:04:30 BRT 2016 JRedis[tid:1] <GRAVE>: Error creating connection -> Socket connect failed [cause: java.net.ConnectException: Conexão recusada] -- make sure the server is running at localhost:6379
]]></system-err>
  </testcase>
  <testcase name="testGetFirst[10]" classname="org.springframework.data.redis.support.collections.RedisListTests" time="0.001">
    <error message="Could not get a resource from the pool; nested exception is org.jredis.ClientRuntimeException: null reference:{connection on setConnection()} in method JRedisClient.setConnection() [file: JRedisClient.java line:158 - package: org.jredis.ri.alphazero] cause: =&gt; [IllegalArgumentException: null reference:{connection on setConnection()} in method JRedisClient.setConnection() [file: JRedisClient.java line:158 - package: org.jredis.ri.alphazero]]" type="org.springframework.data.redis.connection.PoolException">org.springframework.data.redis.connection.PoolException: Could not get a resource from the pool; nested exception is org.jredis.ClientRuntimeException: null reference:{connection on setConnection()} in method JRedisClient.setConnection() [file: JRedisClient.java line:158 - package: org.jredis.ri.alphazero] cause: => [IllegalArgumentException: null reference:{connection on setConnection()} in method JRedisClient.setConnection() [file: JRedisClient.java line:158 - package: org.jredis.ri.alphazero]]
Caused by: org.jredis.ClientRuntimeException: null reference:{connection on setConnection()} in method JRedisClient.setConnection() [file: JRedisClient.java line:158 - package: org.jredis.ri.alphazero] cause: => [IllegalArgumentException: null reference:{connection on setConnection()} in method JRedisClient.setConnection() [file: JRedisClient.java line:158 - package: org.jredis.ri.alphazero]]
Caused by: java.lang.IllegalArgumentException: null reference:{connection on setConnection()} in method JRedisClient.setConnection() [file: JRedisClient.java line:158 - package: org.jredis.ri.alphazero]
</error>
  </testcase>
  <testcase name="testAddLast[10]" classname="org.springframework.data.redis.support.collections.RedisListTests" time="0.002">
    <error message="Could not get a resource from the pool; nested exception is org.jredis.ClientRuntimeException: null reference:{connection on setConnection()} in method JRedisClient.setConnection() [file: JRedisClient.java line:158 - package: org.jredis.ri.alphazero] cause: =&gt; [IllegalArgumentException: null reference:{connection on setConnection()} in method JRedisClient.setConnection() [file: JRedisClient.java line:158 - package: org.jredis.ri.alphazero]]" type="org.springframework.data.redis.connection.PoolException">org.springframework.data.redis.connection.PoolException: Could not get a resource from the pool; nested exception is org.jredis.ClientRuntimeException: null reference:{connection on setConnection()} in method JRedisClient.setConnection() [file: JRedisClient.java line:158 - package: org.jredis.ri.alphazero] cause: => [IllegalArgumentException: null reference:{connection on setConnection()} in method JRedisClient.setConnection() [file: JRedisClient.java line:158 - package: org.jredis.ri.alphazero]]
Caused by: org.jredis.ClientRuntimeException: null reference:{connection on setConnection()} in method JRedisClient.setConnection() [file: JRedisClient.java line:158 - package: org.jredis.ri.alphazero] cause: => [IllegalArgumentException: null reference:{connection on setConnection()} in method JRedisClient.setConnection() [file: JRedisClient.java line:158 - package: org.jredis.ri.alphazero]]
Caused by: java.lang.IllegalArgumentException: null reference:{connection on setConnection()} in method JRedisClient.setConnection() [file: JRedisClient.java line:158 - package: org.jredis.ri.alphazero]
</error>
    <system-err><![CDATA[01475611470355 Tue Oct 04 17:04:30 BRT 2016 JRedis[tid:1] <INFORMAÇÕES>: WARNING: heartbeat is disabled.
01475611470356 Tue Oct 04 17:04:30 BRT 2016 JRedis[tid:1] <ADVERTÊNCIA>: PROBLEM: Shutting down due to connection FAULT: Socket connect failed [cause: java.net.ConnectException: Conexão recusada] -- make sure the server is running at localhost:6379 - Connection: SYNCHRONOUS  localhost/127.0.0.1:6379 db:0 | SyncConnection@1692073709
01475611470356 Tue Oct 04 17:04:30 BRT 2016 JRedis[tid:1] <GRAVE>: Error creating connection -> Socket connect failed [cause: java.net.ConnectException: Conexão recusada] -- make sure the server is running at localhost:6379
01475611470356 Tue Oct 04 17:04:30 BRT 2016 JRedis[tid:1] <INFORMAÇÕES>: WARNING: heartbeat is disabled.
01475611470356 Tue Oct 04 17:04:30 BRT 2016 JRedis[tid:1] <ADVERTÊNCIA>: PROBLEM: Shutting down due to connection FAULT: Socket connect failed [cause: java.net.ConnectException: Conexão recusada] -- make sure the server is running at localhost:6379 - Connection: SYNCHRONOUS  localhost/127.0.0.1:6379 db:0 | SyncConnection@948675904
01475611470356 Tue Oct 04 17:04:30 BRT 2016 JRedis[tid:1] <GRAVE>: Error creating connection -> Socket connect failed [cause: java.net.ConnectException: Conexão recusada] -- make sure the server is running at localhost:6379
]]></system-err>
  </testcase>
  <testcase name="testAddLast[10]" classname="org.springframework.data.redis.support.collections.RedisListTests" time="0.002">
    <error message="Could not get a resource from the pool; nested exception is org.jredis.ClientRuntimeException: null reference:{connection on setConnection()} in method JRedisClient.setConnection() [file: JRedisClient.java line:158 - package: org.jredis.ri.alphazero] cause: =&gt; [IllegalArgumentException: null reference:{connection on setConnection()} in method JRedisClient.setConnection() [file: JRedisClient.java line:158 - package: org.jredis.ri.alphazero]]" type="org.springframework.data.redis.connection.PoolException">org.springframework.data.redis.connection.PoolException: Could not get a resource from the pool; nested exception is org.jredis.ClientRuntimeException: null reference:{connection on setConnection()} in method JRedisClient.setConnection() [file: JRedisClient.java line:158 - package: org.jredis.ri.alphazero] cause: => [IllegalArgumentException: null reference:{connection on setConnection()} in method JRedisClient.setConnection() [file: JRedisClient.java line:158 - package: org.jredis.ri.alphazero]]
Caused by: org.jredis.ClientRuntimeException: null reference:{connection on setConnection()} in method JRedisClient.setConnection() [file: JRedisClient.java line:158 - package: org.jredis.ri.alphazero] cause: => [IllegalArgumentException: null reference:{connection on setConnection()} in method JRedisClient.setConnection() [file: JRedisClient.java line:158 - package: org.jredis.ri.alphazero]]
Caused by: java.lang.IllegalArgumentException: null reference:{connection on setConnection()} in method JRedisClient.setConnection() [file: JRedisClient.java line:158 - package: org.jredis.ri.alphazero]
</error>
  </testcase>
  <testcase name="testPop[10]" classname="org.springframework.data.redis.support.collections.RedisListTests" time="0.001">
    <error message="Could not get a resource from the pool; nested exception is org.jredis.ClientRuntimeException: null reference:{connection on setConnection()} in method JRedisClient.setConnection() [file: JRedisClient.java line:158 - package: org.jredis.ri.alphazero] cause: =&gt; [IllegalArgumentException: null reference:{connection on setConnection()} in method JRedisClient.setConnection() [file: JRedisClient.java line:158 - package: org.jredis.ri.alphazero]]" type="org.springframework.data.redis.connection.PoolException">org.springframework.data.redis.connection.PoolException: Could not get a resource from the pool; nested exception is org.jredis.ClientRuntimeException: null reference:{connection on setConnection()} in method JRedisClient.setConnection() [file: JRedisClient.java line:158 - package: org.jredis.ri.alphazero] cause: => [IllegalArgumentException: null reference:{connection on setConnection()} in method JRedisClient.setConnection() [file: JRedisClient.java line:158 - package: org.jredis.ri.alphazero]]
Caused by: org.jredis.ClientRuntimeException: null reference:{connection on setConnection()} in method JRedisClient.setConnection() [file: JRedisClient.java line:158 - package: org.jredis.ri.alphazero] cause: => [IllegalArgumentException: null reference:{connection on setConnection()} in method JRedisClient.setConnection() [file: JRedisClient.java line:158 - package: org.jredis.ri.alphazero]]
Caused by: java.lang.IllegalArgumentException: null reference:{connection on setConnection()} in method JRedisClient.setConnection() [file: JRedisClient.java line:158 - package: org.jredis.ri.alphazero]
</error>
    <system-err><![CDATA[01475611470357 Tue Oct 04 17:04:30 BRT 2016 JRedis[tid:1] <INFORMAÇÕES>: WARNING: heartbeat is disabled.
01475611470357 Tue Oct 04 17:04:30 BRT 2016 JRedis[tid:1] <ADVERTÊNCIA>: PROBLEM: Shutting down due to connection FAULT: Socket connect failed [cause: java.net.ConnectException: Conexão recusada] -- make sure the server is running at localhost:6379 - Connection: SYNCHRONOUS  localhost/127.0.0.1:6379 db:0 | SyncConnection@1197498159
01475611470357 Tue Oct 04 17:04:30 BRT 2016 JRedis[tid:1] <GRAVE>: Error creating connection -> Socket connect failed [cause: java.net.ConnectException: Conexão recusada] -- make sure the server is running at localhost:6379
01475611470357 Tue Oct 04 17:04:30 BRT 2016 JRedis[tid:1] <INFORMAÇÕES>: WARNING: heartbeat is disabled.
01475611470357 Tue Oct 04 17:04:30 BRT 2016 JRedis[tid:1] <ADVERTÊNCIA>: PROBLEM: Shutting down due to connection FAULT: Socket connect failed [cause: java.net.ConnectException: Conexão recusada] -- make sure the server is running at localhost:6379 - Connection: SYNCHRONOUS  localhost/127.0.0.1:6379 db:0 | SyncConnection@785271142
01475611470358 Tue Oct 04 17:04:30 BRT 2016 JRedis[tid:1] <GRAVE>: Error creating connection -> Socket connect failed [cause: java.net.ConnectException: Conexão recusada] -- make sure the server is running at localhost:6379
]]></system-err>
  </testcase>
  <testcase name="testPop[10]" classname="org.springframework.data.redis.support.collections.RedisListTests" time="0.001">
    <error message="Could not get a resource from the pool; nested exception is org.jredis.ClientRuntimeException: null reference:{connection on setConnection()} in method JRedisClient.setConnection() [file: JRedisClient.java line:158 - package: org.jredis.ri.alphazero] cause: =&gt; [IllegalArgumentException: null reference:{connection on setConnection()} in method JRedisClient.setConnection() [file: JRedisClient.java line:158 - package: org.jredis.ri.alphazero]]" type="org.springframework.data.redis.connection.PoolException">org.springframework.data.redis.connection.PoolException: Could not get a resource from the pool; nested exception is org.jredis.ClientRuntimeException: null reference:{connection on setConnection()} in method JRedisClient.setConnection() [file: JRedisClient.java line:158 - package: org.jredis.ri.alphazero] cause: => [IllegalArgumentException: null reference:{connection on setConnection()} in method JRedisClient.setConnection() [file: JRedisClient.java line:158 - package: org.jredis.ri.alphazero]]
Caused by: org.jredis.ClientRuntimeException: null reference:{connection on setConnection()} in method JRedisClient.setConnection() [file: JRedisClient.java line:158 - package: org.jredis.ri.alphazero] cause: => [IllegalArgumentException: null reference:{connection on setConnection()} in method JRedisClient.setConnection() [file: JRedisClient.java line:158 - package: org.jredis.ri.alphazero]]
Caused by: java.lang.IllegalArgumentException: null reference:{connection on setConnection()} in method JRedisClient.setConnection() [file: JRedisClient.java line:158 - package: org.jredis.ri.alphazero]
</error>
  </testcase>
  <testcase name="testPut[10]" classname="org.springframework.data.redis.support.collections.RedisListTests" time="0.001">
    <error message="Could not get a resource from the pool; nested exception is org.jredis.ClientRuntimeException: null reference:{connection on setConnection()} in method JRedisClient.setConnection() [file: JRedisClient.java line:158 - package: org.jredis.ri.alphazero] cause: =&gt; [IllegalArgumentException: null reference:{connection on setConnection()} in method JRedisClient.setConnection() [file: JRedisClient.java line:158 - package: org.jredis.ri.alphazero]]" type="org.springframework.data.redis.connection.PoolException">org.springframework.data.redis.connection.PoolException: Could not get a resource from the pool; nested exception is org.jredis.ClientRuntimeException: null reference:{connection on setConnection()} in method JRedisClient.setConnection() [file: JRedisClient.java line:158 - package: org.jredis.ri.alphazero] cause: => [IllegalArgumentException: null reference:{connection on setConnection()} in method JRedisClient.setConnection() [file: JRedisClient.java line:158 - package: org.jredis.ri.alphazero]]
Caused by: org.jredis.ClientRuntimeException: null reference:{connection on setConnection()} in method JRedisClient.setConnection() [file: JRedisClient.java line:158 - package: org.jredis.ri.alphazero] cause: => [IllegalArgumentException: null reference:{connection on setConnection()} in method JRedisClient.setConnection() [file: JRedisClient.java line:158 - package: org.jredis.ri.alphazero]]
Caused by: java.lang.IllegalArgumentException: null reference:{connection on setConnection()} in method JRedisClient.setConnection() [file: JRedisClient.java line:158 - package: org.jredis.ri.alphazero]
</error>
    <system-err><![CDATA[01475611470358 Tue Oct 04 17:04:30 BRT 2016 JRedis[tid:1] <INFORMAÇÕES>: WARNING: heartbeat is disabled.
01475611470358 Tue Oct 04 17:04:30 BRT 2016 JRedis[tid:1] <ADVERTÊNCIA>: PROBLEM: Shutting down due to connection FAULT: Socket connect failed [cause: java.net.ConnectException: Conexão recusada] -- make sure the server is running at localhost:6379 - Connection: SYNCHRONOUS  localhost/127.0.0.1:6379 db:0 | SyncConnection@500230084
01475611470358 Tue Oct 04 17:04:30 BRT 2016 JRedis[tid:1] <GRAVE>: Error creating connection -> Socket connect failed [cause: java.net.ConnectException: Conexão recusada] -- make sure the server is running at localhost:6379
01475611470359 Tue Oct 04 17:04:30 BRT 2016 JRedis[tid:1] <INFORMAÇÕES>: WARNING: heartbeat is disabled.
01475611470359 Tue Oct 04 17:04:30 BRT 2016 JRedis[tid:1] <ADVERTÊNCIA>: PROBLEM: Shutting down due to connection FAULT: Socket connect failed [cause: java.net.ConnectException: Conexão recusada] -- make sure the server is running at localhost:6379 - Connection: SYNCHRONOUS  localhost/127.0.0.1:6379 db:0 | SyncConnection@2023026843
01475611470359 Tue Oct 04 17:04:30 BRT 2016 JRedis[tid:1] <GRAVE>: Error creating connection -> Socket connect failed [cause: java.net.ConnectException: Conexão recusada] -- make sure the server is running at localhost:6379
]]></system-err>
  </testcase>
  <testcase name="testPut[10]" classname="org.springframework.data.redis.support.collections.RedisListTests" time="0.002">
    <error message="Could not get a resource from the pool; nested exception is org.jredis.ClientRuntimeException: null reference:{connection on setConnection()} in method JRedisClient.setConnection() [file: JRedisClient.java line:158 - package: org.jredis.ri.alphazero] cause: =&gt; [IllegalArgumentException: null reference:{connection on setConnection()} in method JRedisClient.setConnection() [file: JRedisClient.java line:158 - package: org.jredis.ri.alphazero]]" type="org.springframework.data.redis.connection.PoolException">org.springframework.data.redis.connection.PoolException: Could not get a resource from the pool; nested exception is org.jredis.ClientRuntimeException: null reference:{connection on setConnection()} in method JRedisClient.setConnection() [file: JRedisClient.java line:158 - package: org.jredis.ri.alphazero] cause: => [IllegalArgumentException: null reference:{connection on setConnection()} in method JRedisClient.setConnection() [file: JRedisClient.java line:158 - package: org.jredis.ri.alphazero]]
Caused by: org.jredis.ClientRuntimeException: null reference:{connection on setConnection()} in method JRedisClient.setConnection() [file: JRedisClient.java line:158 - package: org.jredis.ri.alphazero] cause: => [IllegalArgumentException: null reference:{connection on setConnection()} in method JRedisClient.setConnection() [file: JRedisClient.java line:158 - package: org.jredis.ri.alphazero]]
Caused by: java.lang.IllegalArgumentException: null reference:{connection on setConnection()} in method JRedisClient.setConnection() [file: JRedisClient.java line:158 - package: org.jredis.ri.alphazero]
</error>
  </testcase>
  <testcase name="testSet[10]" classname="org.springframework.data.redis.support.collections.RedisListTests" time="0.001">
    <error message="Could not get a resource from the pool; nested exception is org.jredis.ClientRuntimeException: null reference:{connection on setConnection()} in method JRedisClient.setConnection() [file: JRedisClient.java line:158 - package: org.jredis.ri.alphazero] cause: =&gt; [IllegalArgumentException: null reference:{connection on setConnection()} in method JRedisClient.setConnection() [file: JRedisClient.java line:158 - package: org.jredis.ri.alphazero]]" type="org.springframework.data.redis.connection.PoolException">org.springframework.data.redis.connection.PoolException: Could not get a resource from the pool; nested exception is org.jredis.ClientRuntimeException: null reference:{connection on setConnection()} in method JRedisClient.setConnection() [file: JRedisClient.java line:158 - package: org.jredis.ri.alphazero] cause: => [IllegalArgumentException: null reference:{connection on setConnection()} in method JRedisClient.setConnection() [file: JRedisClient.java line:158 - package: org.jredis.ri.alphazero]]
Caused by: org.jredis.ClientRuntimeException: null reference:{connection on setConnection()} in method JRedisClient.setConnection() [file: JRedisClient.java line:158 - package: org.jredis.ri.alphazero] cause: => [IllegalArgumentException: null reference:{connection on setConnection()} in method JRedisClient.setConnection() [file: JRedisClient.java line:158 - package: org.jredis.ri.alphazero]]
Caused by: java.lang.IllegalArgumentException: null reference:{connection on setConnection()} in method JRedisClient.setConnection() [file: JRedisClient.java line:158 - package: org.jredis.ri.alphazero]
</error>
    <system-err><![CDATA[01475611470360 Tue Oct 04 17:04:30 BRT 2016 JRedis[tid:1] <INFORMAÇÕES>: WARNING: heartbeat is disabled.
01475611470360 Tue Oct 04 17:04:30 BRT 2016 JRedis[tid:1] <ADVERTÊNCIA>: PROBLEM: Shutting down due to connection FAULT: Socket connect failed [cause: java.net.ConnectException: Conexão recusada] -- make sure the server is running at localhost:6379 - Connection: SYNCHRONOUS  localhost/127.0.0.1:6379 db:0 | SyncConnection@1028145537
01475611470360 Tue Oct 04 17:04:30 BRT 2016 JRedis[tid:1] <GRAVE>: Error creating connection -> Socket connect failed [cause: java.net.ConnectException: Conexão recusada] -- make sure the server is running at localhost:6379
01475611470360 Tue Oct 04 17:04:30 BRT 2016 JRedis[tid:1] <INFORMAÇÕES>: WARNING: heartbeat is disabled.
01475611470361 Tue Oct 04 17:04:30 BRT 2016 JRedis[tid:1] <ADVERTÊNCIA>: PROBLEM: Shutting down due to connection FAULT: Socket connect failed [cause: java.net.ConnectException: Conexão recusada] -- make sure the server is running at localhost:6379 - Connection: SYNCHRONOUS  localhost/127.0.0.1:6379 db:0 | SyncConnection@1628551735
01475611470361 Tue Oct 04 17:04:30 BRT 2016 JRedis[tid:1] <GRAVE>: Error creating connection -> Socket connect failed [cause: java.net.ConnectException: Conexão recusada] -- make sure the server is running at localhost:6379
]]></system-err>
  </testcase>
  <testcase name="testSet[10]" classname="org.springframework.data.redis.support.collections.RedisListTests" time="0.001">
    <error message="Could not get a resource from the pool; nested exception is org.jredis.ClientRuntimeException: null reference:{connection on setConnection()} in method JRedisClient.setConnection() [file: JRedisClient.java line:158 - package: org.jredis.ri.alphazero] cause: =&gt; [IllegalArgumentException: null reference:{connection on setConnection()} in method JRedisClient.setConnection() [file: JRedisClient.java line:158 - package: org.jredis.ri.alphazero]]" type="org.springframework.data.redis.connection.PoolException">org.springframework.data.redis.connection.PoolException: Could not get a resource from the pool; nested exception is org.jredis.ClientRuntimeException: null reference:{connection on setConnection()} in method JRedisClient.setConnection() [file: JRedisClient.java line:158 - package: org.jredis.ri.alphazero] cause: => [IllegalArgumentException: null reference:{connection on setConnection()} in method JRedisClient.setConnection() [file: JRedisClient.java line:158 - package: org.jredis.ri.alphazero]]
Caused by: org.jredis.ClientRuntimeException: null reference:{connection on setConnection()} in method JRedisClient.setConnection() [file: JRedisClient.java line:158 - package: org.jredis.ri.alphazero] cause: => [IllegalArgumentException: null reference:{connection on setConnection()} in method JRedisClient.setConnection() [file: JRedisClient.java line:158 - package: org.jredis.ri.alphazero]]
Caused by: java.lang.IllegalArgumentException: null reference:{connection on setConnection()} in method JRedisClient.setConnection() [file: JRedisClient.java line:158 - package: org.jredis.ri.alphazero]
</error>
  </testcase>
  <testcase name="testOffer[10]" classname="org.springframework.data.redis.support.collections.RedisListTests" time="0.002">
    <error message="Could not get a resource from the pool; nested exception is org.jredis.ClientRuntimeException: null reference:{connection on setConnection()} in method JRedisClient.setConnection() [file: JRedisClient.java line:158 - package: org.jredis.ri.alphazero] cause: =&gt; [IllegalArgumentException: null reference:{connection on setConnection()} in method JRedisClient.setConnection() [file: JRedisClient.java line:158 - package: org.jredis.ri.alphazero]]" type="org.springframework.data.redis.connection.PoolException">org.springframework.data.redis.connection.PoolException: Could not get a resource from the pool; nested exception is org.jredis.ClientRuntimeException: null reference:{connection on setConnection()} in method JRedisClient.setConnection() [file: JRedisClient.java line:158 - package: org.jredis.ri.alphazero] cause: => [IllegalArgumentException: null reference:{connection on setConnection()} in method JRedisClient.setConnection() [file: JRedisClient.java line:158 - package: org.jredis.ri.alphazero]]
Caused by: org.jredis.ClientRuntimeException: null reference:{connection on setConnection()} in method JRedisClient.setConnection() [file: JRedisClient.java line:158 - package: org.jredis.ri.alphazero] cause: => [IllegalArgumentException: null reference:{connection on setConnection()} in method JRedisClient.setConnection() [file: JRedisClient.java line:158 - package: org.jredis.ri.alphazero]]
Caused by: java.lang.IllegalArgumentException: null reference:{connection on setConnection()} in method JRedisClient.setConnection() [file: JRedisClient.java line:158 - package: org.jredis.ri.alphazero]
</error>
    <system-err><![CDATA[01475611470361 Tue Oct 04 17:04:30 BRT 2016 JRedis[tid:1] <INFORMAÇÕES>: WARNING: heartbeat is disabled.
01475611470362 Tue Oct 04 17:04:30 BRT 2016 JRedis[tid:1] <ADVERTÊNCIA>: PROBLEM: Shutting down due to connection FAULT: Socket connect failed [cause: java.net.ConnectException: Conexão recusada] -- make sure the server is running at localhost:6379 - Connection: SYNCHRONOUS  localhost/127.0.0.1:6379 db:0 | SyncConnection@2078641942
01475611470362 Tue Oct 04 17:04:30 BRT 2016 JRedis[tid:1] <GRAVE>: Error creating connection -> Socket connect failed [cause: java.net.ConnectException: Conexão recusada] -- make sure the server is running at localhost:6379
01475611470362 Tue Oct 04 17:04:30 BRT 2016 JRedis[tid:1] <INFORMAÇÕES>: WARNING: heartbeat is disabled.
01475611470362 Tue Oct 04 17:04:30 BRT 2016 JRedis[tid:1] <ADVERTÊNCIA>: PROBLEM: Shutting down due to connection FAULT: Socket connect failed [cause: java.net.ConnectException: Conexão recusada] -- make sure the server is running at localhost:6379 - Connection: SYNCHRONOUS  localhost/127.0.0.1:6379 db:0 | SyncConnection@606775513
01475611470362 Tue Oct 04 17:04:30 BRT 2016 JRedis[tid:1] <GRAVE>: Error creating connection -> Socket connect failed [cause: java.net.ConnectException: Conexão recusada] -- make sure the server is running at localhost:6379
]]></system-err>
  </testcase>
  <testcase name="testOffer[10]" classname="org.springframework.data.redis.support.collections.RedisListTests" time="0.002">
    <error message="Could not get a resource from the pool; nested exception is org.jredis.ClientRuntimeException: null reference:{connection on setConnection()} in method JRedisClient.setConnection() [file: JRedisClient.java line:158 - package: org.jredis.ri.alphazero] cause: =&gt; [IllegalArgumentException: null reference:{connection on setConnection()} in method JRedisClient.setConnection() [file: JRedisClient.java line:158 - package: org.jredis.ri.alphazero]]" type="org.springframework.data.redis.connection.PoolException">org.springframework.data.redis.connection.PoolException: Could not get a resource from the pool; nested exception is org.jredis.ClientRuntimeException: null reference:{connection on setConnection()} in method JRedisClient.setConnection() [file: JRedisClient.java line:158 - package: org.jredis.ri.alphazero] cause: => [IllegalArgumentException: null reference:{connection on setConnection()} in method JRedisClient.setConnection() [file: JRedisClient.java line:158 - package: org.jredis.ri.alphazero]]
Caused by: org.jredis.ClientRuntimeException: null reference:{connection on setConnection()} in method JRedisClient.setConnection() [file: JRedisClient.java line:158 - package: org.jredis.ri.alphazero] cause: => [IllegalArgumentException: null reference:{connection on setConnection()} in method JRedisClient.setConnection() [file: JRedisClient.java line:158 - package: org.jredis.ri.alphazero]]
Caused by: java.lang.IllegalArgumentException: null reference:{connection on setConnection()} in method JRedisClient.setConnection() [file: JRedisClient.java line:158 - package: org.jredis.ri.alphazero]
</error>
  </testcase>
  <testcase name="testRange[10]" classname="org.springframework.data.redis.support.collections.RedisListTests" time="0.001">
    <error message="Could not get a resource from the pool; nested exception is org.jredis.ClientRuntimeException: null reference:{connection on setConnection()} in method JRedisClient.setConnection() [file: JRedisClient.java line:158 - package: org.jredis.ri.alphazero] cause: =&gt; [IllegalArgumentException: null reference:{connection on setConnection()} in method JRedisClient.setConnection() [file: JRedisClient.java line:158 - package: org.jredis.ri.alphazero]]" type="org.springframework.data.redis.connection.PoolException">org.springframework.data.redis.connection.PoolException: Could not get a resource from the pool; nested exception is org.jredis.ClientRuntimeException: null reference:{connection on setConnection()} in method JRedisClient.setConnection() [file: JRedisClient.java line:158 - package: org.jredis.ri.alphazero] cause: => [IllegalArgumentException: null reference:{connection on setConnection()} in method JRedisClient.setConnection() [file: JRedisClient.java line:158 - package: org.jredis.ri.alphazero]]
Caused by: org.jredis.ClientRuntimeException: null reference:{connection on setConnection()} in method JRedisClient.setConnection() [file: JRedisClient.java line:158 - package: org.jredis.ri.alphazero] cause: => [IllegalArgumentException: null reference:{connection on setConnection()} in method JRedisClient.setConnection() [file: JRedisClient.java line:158 - package: org.jredis.ri.alphazero]]
Caused by: java.lang.IllegalArgumentException: null reference:{connection on setConnection()} in method JRedisClient.setConnection() [file: JRedisClient.java line:158 - package: org.jredis.ri.alphazero]
</error>
    <system-err><![CDATA[01475611470363 Tue Oct 04 17:04:30 BRT 2016 JRedis[tid:1] <INFORMAÇÕES>: WARNING: heartbeat is disabled.
01475611470363 Tue Oct 04 17:04:30 BRT 2016 JRedis[tid:1] <ADVERTÊNCIA>: PROBLEM: Shutting down due to connection FAULT: Socket connect failed [cause: java.net.ConnectException: Conexão recusada] -- make sure the server is running at localhost:6379 - Connection: SYNCHRONOUS  localhost/127.0.0.1:6379 db:0 | SyncConnection@1527882132
01475611470363 Tue Oct 04 17:04:30 BRT 2016 JRedis[tid:1] <GRAVE>: Error creating connection -> Socket connect failed [cause: java.net.ConnectException: Conexão recusada] -- make sure the server is running at localhost:6379
01475611470364 Tue Oct 04 17:04:30 BRT 2016 JRedis[tid:1] <INFORMAÇÕES>: WARNING: heartbeat is disabled.
01475611470364 Tue Oct 04 17:04:30 BRT 2016 JRedis[tid:1] <ADVERTÊNCIA>: PROBLEM: Shutting down due to connection FAULT: Socket connect failed [cause: java.net.ConnectException: Conexão recusada] -- make sure the server is running at localhost:6379 - Connection: SYNCHRONOUS  localhost/127.0.0.1:6379 db:0 | SyncConnection@935160003
01475611470364 Tue Oct 04 17:04:30 BRT 2016 JRedis[tid:1] <GRAVE>: Error creating connection -> Socket connect failed [cause: java.net.ConnectException: Conexão recusada] -- make sure the server is running at localhost:6379
]]></system-err>
  </testcase>
  <testcase name="testRange[10]" classname="org.springframework.data.redis.support.collections.RedisListTests" time="0.001">
    <error message="Could not get a resource from the pool; nested exception is org.jredis.ClientRuntimeException: null reference:{connection on setConnection()} in method JRedisClient.setConnection() [file: JRedisClient.java line:158 - package: org.jredis.ri.alphazero] cause: =&gt; [IllegalArgumentException: null reference:{connection on setConnection()} in method JRedisClient.setConnection() [file: JRedisClient.java line:158 - package: org.jredis.ri.alphazero]]" type="org.springframework.data.redis.connection.PoolException">org.springframework.data.redis.connection.PoolException: Could not get a resource from the pool; nested exception is org.jredis.ClientRuntimeException: null reference:{connection on setConnection()} in method JRedisClient.setConnection() [file: JRedisClient.java line:158 - package: org.jredis.ri.alphazero] cause: => [IllegalArgumentException: null reference:{connection on setConnection()} in method JRedisClient.setConnection() [file: JRedisClient.java line:158 - package: org.jredis.ri.alphazero]]
Caused by: org.jredis.ClientRuntimeException: null reference:{connection on setConnection()} in method JRedisClient.setConnection() [file: JRedisClient.java line:158 - package: org.jredis.ri.alphazero] cause: => [IllegalArgumentException: null reference:{connection on setConnection()} in method JRedisClient.setConnection() [file: JRedisClient.java line:158 - package: org.jredis.ri.alphazero]]
Caused by: java.lang.IllegalArgumentException: null reference:{connection on setConnection()} in method JRedisClient.setConnection() [file: JRedisClient.java line:158 - package: org.jredis.ri.alphazero]
</error>
  </testcase>
  <testcase name="testLast[10]" classname="org.springframework.data.redis.support.collections.RedisListTests" time="0.002">
    <error message="Could not get a resource from the pool; nested exception is org.jredis.ClientRuntimeException: null reference:{connection on setConnection()} in method JRedisClient.setConnection() [file: JRedisClient.java line:158 - package: org.jredis.ri.alphazero] cause: =&gt; [IllegalArgumentException: null reference:{connection on setConnection()} in method JRedisClient.setConnection() [file: JRedisClient.java line:158 - package: org.jredis.ri.alphazero]]" type="org.springframework.data.redis.connection.PoolException">org.springframework.data.redis.connection.PoolException: Could not get a resource from the pool; nested exception is org.jredis.ClientRuntimeException: null reference:{connection on setConnection()} in method JRedisClient.setConnection() [file: JRedisClient.java line:158 - package: org.jredis.ri.alphazero] cause: => [IllegalArgumentException: null reference:{connection on setConnection()} in method JRedisClient.setConnection() [file: JRedisClient.java line:158 - package: org.jredis.ri.alphazero]]
Caused by: org.jredis.ClientRuntimeException: null reference:{connection on setConnection()} in method JRedisClient.setConnection() [file: JRedisClient.java line:158 - package: org.jredis.ri.alphazero] cause: => [IllegalArgumentException: null reference:{connection on setConnection()} in method JRedisClient.setConnection() [file: JRedisClient.java line:158 - package: org.jredis.ri.alphazero]]
Caused by: java.lang.IllegalArgumentException: null reference:{connection on setConnection()} in method JRedisClient.setConnection() [file: JRedisClient.java line:158 - package: org.jredis.ri.alphazero]
</error>
    <system-err><![CDATA[01475611470365 Tue Oct 04 17:04:30 BRT 2016 JRedis[tid:1] <INFORMAÇÕES>: WARNING: heartbeat is disabled.
01475611470365 Tue Oct 04 17:04:30 BRT 2016 JRedis[tid:1] <ADVERTÊNCIA>: PROBLEM: Shutting down due to connection FAULT: Socket connect failed [cause: java.net.ConnectException: Conexão recusada] -- make sure the server is running at localhost:6379 - Connection: SYNCHRONOUS  localhost/127.0.0.1:6379 db:0 | SyncConnection@1626852381
01475611470365 Tue Oct 04 17:04:30 BRT 2016 JRedis[tid:1] <GRAVE>: Error creating connection -> Socket connect failed [cause: java.net.ConnectException: Conexão recusada] -- make sure the server is running at localhost:6379
01475611470365 Tue Oct 04 17:04:30 BRT 2016 JRedis[tid:1] <INFORMAÇÕES>: WARNING: heartbeat is disabled.
01475611470365 Tue Oct 04 17:04:30 BRT 2016 JRedis[tid:1] <ADVERTÊNCIA>: PROBLEM: Shutting down due to connection FAULT: Socket connect failed [cause: java.net.ConnectException: Conexão recusada] -- make sure the server is running at localhost:6379 - Connection: SYNCHRONOUS  localhost/127.0.0.1:6379 db:0 | SyncConnection@300604602
01475611470365 Tue Oct 04 17:04:30 BRT 2016 JRedis[tid:1] <GRAVE>: Error creating connection -> Socket connect failed [cause: java.net.ConnectException: Conexão recusada] -- make sure the server is running at localhost:6379
]]></system-err>
  </testcase>
  <testcase name="testLast[10]" classname="org.springframework.data.redis.support.collections.RedisListTests" time="0.002">
    <error message="Could not get a resource from the pool; nested exception is org.jredis.ClientRuntimeException: null reference:{connection on setConnection()} in method JRedisClient.setConnection() [file: JRedisClient.java line:158 - package: org.jredis.ri.alphazero] cause: =&gt; [IllegalArgumentException: null reference:{connection on setConnection()} in method JRedisClient.setConnection() [file: JRedisClient.java line:158 - package: org.jredis.ri.alphazero]]" type="org.springframework.data.redis.connection.PoolException">org.springframework.data.redis.connection.PoolException: Could not get a resource from the pool; nested exception is org.jredis.ClientRuntimeException: null reference:{connection on setConnection()} in method JRedisClient.setConnection() [file: JRedisClient.java line:158 - package: org.jredis.ri.alphazero] cause: => [IllegalArgumentException: null reference:{connection on setConnection()} in method JRedisClient.setConnection() [file: JRedisClient.java line:158 - package: org.jredis.ri.alphazero]]
Caused by: org.jredis.ClientRuntimeException: null reference:{connection on setConnection()} in method JRedisClient.setConnection() [file: JRedisClient.java line:158 - package: org.jredis.ri.alphazero] cause: => [IllegalArgumentException: null reference:{connection on setConnection()} in method JRedisClient.setConnection() [file: JRedisClient.java line:158 - package: org.jredis.ri.alphazero]]
Caused by: java.lang.IllegalArgumentException: null reference:{connection on setConnection()} in method JRedisClient.setConnection() [file: JRedisClient.java line:158 - package: org.jredis.ri.alphazero]
</error>
  </testcase>
  <testcase name="testPeek[10]" classname="org.springframework.data.redis.support.collections.RedisListTests" time="0.001">
    <error message="Could not get a resource from the pool; nested exception is org.jredis.ClientRuntimeException: null reference:{connection on setConnection()} in method JRedisClient.setConnection() [file: JRedisClient.java line:158 - package: org.jredis.ri.alphazero] cause: =&gt; [IllegalArgumentException: null reference:{connection on setConnection()} in method JRedisClient.setConnection() [file: JRedisClient.java line:158 - package: org.jredis.ri.alphazero]]" type="org.springframework.data.redis.connection.PoolException">org.springframework.data.redis.connection.PoolException: Could not get a resource from the pool; nested exception is org.jredis.ClientRuntimeException: null reference:{connection on setConnection()} in method JRedisClient.setConnection() [file: JRedisClient.java line:158 - package: org.jredis.ri.alphazero] cause: => [IllegalArgumentException: null reference:{connection on setConnection()} in method JRedisClient.setConnection() [file: JRedisClient.java line:158 - package: org.jredis.ri.alphazero]]
Caused by: org.jredis.ClientRuntimeException: null reference:{connection on setConnection()} in method JRedisClient.setConnection() [file: JRedisClient.java line:158 - package: org.jredis.ri.alphazero] cause: => [IllegalArgumentException: null reference:{connection on setConnection()} in method JRedisClient.setConnection() [file: JRedisClient.java line:158 - package: org.jredis.ri.alphazero]]
Caused by: java.lang.IllegalArgumentException: null reference:{connection on setConnection()} in method JRedisClient.setConnection() [file: JRedisClient.java line:158 - package: org.jredis.ri.alphazero]
</error>
    <system-err><![CDATA[01475611470366 Tue Oct 04 17:04:30 BRT 2016 JRedis[tid:1] <INFORMAÇÕES>: WARNING: heartbeat is disabled.
01475611470366 Tue Oct 04 17:04:30 BRT 2016 JRedis[tid:1] <ADVERTÊNCIA>: PROBLEM: Shutting down due to connection FAULT: Socket connect failed [cause: java.net.ConnectException: Conexão recusada] -- make sure the server is running at localhost:6379 - Connection: SYNCHRONOUS  localhost/127.0.0.1:6379 db:0 | SyncConnection@1193398802
01475611470366 Tue Oct 04 17:04:30 BRT 2016 JRedis[tid:1] <GRAVE>: Error creating connection -> Socket connect failed [cause: java.net.ConnectException: Conexão recusada] -- make sure the server is running at localhost:6379
01475611470367 Tue Oct 04 17:04:30 BRT 2016 JRedis[tid:1] <INFORMAÇÕES>: WARNING: heartbeat is disabled.
01475611470367 Tue Oct 04 17:04:30 BRT 2016 JRedis[tid:1] <ADVERTÊNCIA>: PROBLEM: Shutting down due to connection FAULT: Socket connect failed [cause: java.net.ConnectException: Conexão recusada] -- make sure the server is running at localhost:6379 - Connection: SYNCHRONOUS  localhost/127.0.0.1:6379 db:0 | SyncConnection@453398853
01475611470367 Tue Oct 04 17:04:30 BRT 2016 JRedis[tid:1] <GRAVE>: Error creating connection -> Socket connect failed [cause: java.net.ConnectException: Conexão recusada] -- make sure the server is running at localhost:6379
]]></system-err>
  </testcase>
  <testcase name="testPeek[10]" classname="org.springframework.data.redis.support.collections.RedisListTests" time="0.001">
    <error message="Could not get a resource from the pool; nested exception is org.jredis.ClientRuntimeException: null reference:{connection on setConnection()} in method JRedisClient.setConnection() [file: JRedisClient.java line:158 - package: org.jredis.ri.alphazero] cause: =&gt; [IllegalArgumentException: null reference:{connection on setConnection()} in method JRedisClient.setConnection() [file: JRedisClient.java line:158 - package: org.jredis.ri.alphazero]]" type="org.springframework.data.redis.connection.PoolException">org.springframework.data.redis.connection.PoolException: Could not get a resource from the pool; nested exception is org.jredis.ClientRuntimeException: null reference:{connection on setConnection()} in method JRedisClient.setConnection() [file: JRedisClient.java line:158 - package: org.jredis.ri.alphazero] cause: => [IllegalArgumentException: null reference:{connection on setConnection()} in method JRedisClient.setConnection() [file: JRedisClient.java line:158 - package: org.jredis.ri.alphazero]]
Caused by: org.jredis.ClientRuntimeException: null reference:{connection on setConnection()} in method JRedisClient.setConnection() [file: JRedisClient.java line:158 - package: org.jredis.ri.alphazero] cause: => [IllegalArgumentException: null reference:{connection on setConnection()} in method JRedisClient.setConnection() [file: JRedisClient.java line:158 - package: org.jredis.ri.alphazero]]
Caused by: java.lang.IllegalArgumentException: null reference:{connection on setConnection()} in method JRedisClient.setConnection() [file: JRedisClient.java line:158 - package: org.jredis.ri.alphazero]
</error>
  </testcase>
  <testcase name="testPoll[10]" classname="org.springframework.data.redis.support.collections.RedisListTests" time="0.001">
    <error message="Could not get a resource from the pool; nested exception is org.jredis.ClientRuntimeException: null reference:{connection on setConnection()} in method JRedisClient.setConnection() [file: JRedisClient.java line:158 - package: org.jredis.ri.alphazero] cause: =&gt; [IllegalArgumentException: null reference:{connection on setConnection()} in method JRedisClient.setConnection() [file: JRedisClient.java line:158 - package: org.jredis.ri.alphazero]]" type="org.springframework.data.redis.connection.PoolException">org.springframework.data.redis.connection.PoolException: Could not get a resource from the pool; nested exception is org.jredis.ClientRuntimeException: null reference:{connection on setConnection()} in method JRedisClient.setConnection() [file: JRedisClient.java line:158 - package: org.jredis.ri.alphazero] cause: => [IllegalArgumentException: null reference:{connection on setConnection()} in method JRedisClient.setConnection() [file: JRedisClient.java line:158 - package: org.jredis.ri.alphazero]]
Caused by: org.jredis.ClientRuntimeException: null reference:{connection on setConnection()} in method JRedisClient.setConnection() [file: JRedisClient.java line:158 - package: org.jredis.ri.alphazero] cause: => [IllegalArgumentException: null reference:{connection on setConnection()} in method JRedisClient.setConnection() [file: JRedisClient.java line:158 - package: org.jredis.ri.alphazero]]
Caused by: java.lang.IllegalArgumentException: null reference:{connection on setConnection()} in method JRedisClient.setConnection() [file: JRedisClient.java line:158 - package: org.jredis.ri.alphazero]
</error>
    <system-err><![CDATA[01475611470367 Tue Oct 04 17:04:30 BRT 2016 JRedis[tid:1] <INFORMAÇÕES>: WARNING: heartbeat is disabled.
01475611470368 Tue Oct 04 17:04:30 BRT 2016 JRedis[tid:1] <ADVERTÊNCIA>: PROBLEM: Shutting down due to connection FAULT: Socket connect failed [cause: java.net.ConnectException: Conexão recusada] -- make sure the server is running at localhost:6379 - Connection: SYNCHRONOUS  localhost/127.0.0.1:6379 db:0 | SyncConnection@1171255580
01475611470368 Tue Oct 04 17:04:30 BRT 2016 JRedis[tid:1] <GRAVE>: Error creating connection -> Socket connect failed [cause: java.net.ConnectException: Conexão recusada] -- make sure the server is running at localhost:6379
01475611470368 Tue Oct 04 17:04:30 BRT 2016 JRedis[tid:1] <INFORMAÇÕES>: WARNING: heartbeat is disabled.
01475611470368 Tue Oct 04 17:04:30 BRT 2016 JRedis[tid:1] <ADVERTÊNCIA>: PROBLEM: Shutting down due to connection FAULT: Socket connect failed [cause: java.net.ConnectException: Conexão recusada] -- make sure the server is running at localhost:6379 - Connection: SYNCHRONOUS  localhost/127.0.0.1:6379 db:0 | SyncConnection@34073107
01475611470368 Tue Oct 04 17:04:30 BRT 2016 JRedis[tid:1] <GRAVE>: Error creating connection -> Socket connect failed [cause: java.net.ConnectException: Conexão recusada] -- make sure the server is running at localhost:6379
]]></system-err>
  </testcase>
  <testcase name="testPoll[10]" classname="org.springframework.data.redis.support.collections.RedisListTests" time="0.002">
    <error message="Could not get a resource from the pool; nested exception is org.jredis.ClientRuntimeException: null reference:{connection on setConnection()} in method JRedisClient.setConnection() [file: JRedisClient.java line:158 - package: org.jredis.ri.alphazero] cause: =&gt; [IllegalArgumentException: null reference:{connection on setConnection()} in method JRedisClient.setConnection() [file: JRedisClient.java line:158 - package: org.jredis.ri.alphazero]]" type="org.springframework.data.redis.connection.PoolException">org.springframework.data.redis.connection.PoolException: Could not get a resource from the pool; nested exception is org.jredis.ClientRuntimeException: null reference:{connection on setConnection()} in method JRedisClient.setConnection() [file: JRedisClient.java line:158 - package: org.jredis.ri.alphazero] cause: => [IllegalArgumentException: null reference:{connection on setConnection()} in method JRedisClient.setConnection() [file: JRedisClient.java line:158 - package: org.jredis.ri.alphazero]]
Caused by: org.jredis.ClientRuntimeException: null reference:{connection on setConnection()} in method JRedisClient.setConnection() [file: JRedisClient.java line:158 - package: org.jredis.ri.alphazero] cause: => [IllegalArgumentException: null reference:{connection on setConnection()} in method JRedisClient.setConnection() [file: JRedisClient.java line:158 - package: org.jredis.ri.alphazero]]
Caused by: java.lang.IllegalArgumentException: null reference:{connection on setConnection()} in method JRedisClient.setConnection() [file: JRedisClient.java line:158 - package: org.jredis.ri.alphazero]
</error>
  </testcase>
  <testcase name="testTake[10]" classname="org.springframework.data.redis.support.collections.RedisListTests" time="0.001">
    <error message="Could not get a resource from the pool; nested exception is org.jredis.ClientRuntimeException: null reference:{connection on setConnection()} in method JRedisClient.setConnection() [file: JRedisClient.java line:158 - package: org.jredis.ri.alphazero] cause: =&gt; [IllegalArgumentException: null reference:{connection on setConnection()} in method JRedisClient.setConnection() [file: JRedisClient.java line:158 - package: org.jredis.ri.alphazero]]" type="org.springframework.data.redis.connection.PoolException">org.springframework.data.redis.connection.PoolException: Could not get a resource from the pool; nested exception is org.jredis.ClientRuntimeException: null reference:{connection on setConnection()} in method JRedisClient.setConnection() [file: JRedisClient.java line:158 - package: org.jredis.ri.alphazero] cause: => [IllegalArgumentException: null reference:{connection on setConnection()} in method JRedisClient.setConnection() [file: JRedisClient.java line:158 - package: org.jredis.ri.alphazero]]
Caused by: org.jredis.ClientRuntimeException: null reference:{connection on setConnection()} in method JRedisClient.setConnection() [file: JRedisClient.java line:158 - package: org.jredis.ri.alphazero] cause: => [IllegalArgumentException: null reference:{connection on setConnection()} in method JRedisClient.setConnection() [file: JRedisClient.java line:158 - package: org.jredis.ri.alphazero]]
Caused by: java.lang.IllegalArgumentException: null reference:{connection on setConnection()} in method JRedisClient.setConnection() [file: JRedisClient.java line:158 - package: org.jredis.ri.alphazero]
</error>
    <system-err><![CDATA[01475611470369 Tue Oct 04 17:04:30 BRT 2016 JRedis[tid:1] <INFORMAÇÕES>: WARNING: heartbeat is disabled.
01475611470369 Tue Oct 04 17:04:30 BRT 2016 JRedis[tid:1] <ADVERTÊNCIA>: PROBLEM: Shutting down due to connection FAULT: Socket connect failed [cause: java.net.ConnectException: Conexão recusada] -- make sure the server is running at localhost:6379 - Connection: SYNCHRONOUS  localhost/127.0.0.1:6379 db:0 | SyncConnection@1275009283
01475611470369 Tue Oct 04 17:04:30 BRT 2016 JRedis[tid:1] <GRAVE>: Error creating connection -> Socket connect failed [cause: java.net.ConnectException: Conexão recusada] -- make sure the server is running at localhost:6379
01475611470369 Tue Oct 04 17:04:30 BRT 2016 JRedis[tid:1] <INFORMAÇÕES>: WARNING: heartbeat is disabled.
01475611470369 Tue Oct 04 17:04:30 BRT 2016 JRedis[tid:1] <ADVERTÊNCIA>: PROBLEM: Shutting down due to connection FAULT: Socket connect failed [cause: java.net.ConnectException: Conexão recusada] -- make sure the server is running at localhost:6379 - Connection: SYNCHRONOUS  localhost/127.0.0.1:6379 db:0 | SyncConnection@1658512704
01475611470369 Tue Oct 04 17:04:30 BRT 2016 JRedis[tid:1] <GRAVE>: Error creating connection -> Socket connect failed [cause: java.net.ConnectException: Conexão recusada] -- make sure the server is running at localhost:6379
]]></system-err>
  </testcase>
  <testcase name="testTake[10]" classname="org.springframework.data.redis.support.collections.RedisListTests" time="0.001">
    <error message="Could not get a resource from the pool; nested exception is org.jredis.ClientRuntimeException: null reference:{connection on setConnection()} in method JRedisClient.setConnection() [file: JRedisClient.java line:158 - package: org.jredis.ri.alphazero] cause: =&gt; [IllegalArgumentException: null reference:{connection on setConnection()} in method JRedisClient.setConnection() [file: JRedisClient.java line:158 - package: org.jredis.ri.alphazero]]" type="org.springframework.data.redis.connection.PoolException">org.springframework.data.redis.connection.PoolException: Could not get a resource from the pool; nested exception is org.jredis.ClientRuntimeException: null reference:{connection on setConnection()} in method JRedisClient.setConnection() [file: JRedisClient.java line:158 - package: org.jredis.ri.alphazero] cause: => [IllegalArgumentException: null reference:{connection on setConnection()} in method JRedisClient.setConnection() [file: JRedisClient.java line:158 - package: org.jredis.ri.alphazero]]
Caused by: org.jredis.ClientRuntimeException: null reference:{connection on setConnection()} in method JRedisClient.setConnection() [file: JRedisClient.java line:158 - package: org.jredis.ri.alphazero] cause: => [IllegalArgumentException: null reference:{connection on setConnection()} in method JRedisClient.setConnection() [file: JRedisClient.java line:158 - package: org.jredis.ri.alphazero]]
Caused by: java.lang.IllegalArgumentException: null reference:{connection on setConnection()} in method JRedisClient.setConnection() [file: JRedisClient.java line:158 - package: org.jredis.ri.alphazero]
</error>
  </testcase>
  <testcase name="testTrim[10]" classname="org.springframework.data.redis.support.collections.RedisListTests" time="0.001">
    <error message="Could not get a resource from the pool; nested exception is org.jredis.ClientRuntimeException: null reference:{connection on setConnection()} in method JRedisClient.setConnection() [file: JRedisClient.java line:158 - package: org.jredis.ri.alphazero] cause: =&gt; [IllegalArgumentException: null reference:{connection on setConnection()} in method JRedisClient.setConnection() [file: JRedisClient.java line:158 - package: org.jredis.ri.alphazero]]" type="org.springframework.data.redis.connection.PoolException">org.springframework.data.redis.connection.PoolException: Could not get a resource from the pool; nested exception is org.jredis.ClientRuntimeException: null reference:{connection on setConnection()} in method JRedisClient.setConnection() [file: JRedisClient.java line:158 - package: org.jredis.ri.alphazero] cause: => [IllegalArgumentException: null reference:{connection on setConnection()} in method JRedisClient.setConnection() [file: JRedisClient.java line:158 - package: org.jredis.ri.alphazero]]
Caused by: org.jredis.ClientRuntimeException: null reference:{connection on setConnection()} in method JRedisClient.setConnection() [file: JRedisClient.java line:158 - package: org.jredis.ri.alphazero] cause: => [IllegalArgumentException: null reference:{connection on setConnection()} in method JRedisClient.setConnection() [file: JRedisClient.java line:158 - package: org.jredis.ri.alphazero]]
Caused by: java.lang.IllegalArgumentException: null reference:{connection on setConnection()} in method JRedisClient.setConnection() [file: JRedisClient.java line:158 - package: org.jredis.ri.alphazero]
</error>
    <system-err><![CDATA[01475611470370 Tue Oct 04 17:04:30 BRT 2016 JRedis[tid:1] <INFORMAÇÕES>: WARNING: heartbeat is disabled.
01475611470370 Tue Oct 04 17:04:30 BRT 2016 JRedis[tid:1] <ADVERTÊNCIA>: PROBLEM: Shutting down due to connection FAULT: Socket connect failed [cause: java.net.ConnectException: Conexão recusada] -- make sure the server is running at localhost:6379 - Connection: SYNCHRONOUS  localhost/127.0.0.1:6379 db:0 | SyncConnection@1478995734
01475611470370 Tue Oct 04 17:04:30 BRT 2016 JRedis[tid:1] <GRAVE>: Error creating connection -> Socket connect failed [cause: java.net.ConnectException: Conexão recusada] -- make sure the server is running at localhost:6379
01475611470370 Tue Oct 04 17:04:30 BRT 2016 JRedis[tid:1] <INFORMAÇÕES>: WARNING: heartbeat is disabled.
01475611470371 Tue Oct 04 17:04:30 BRT 2016 JRedis[tid:1] <ADVERTÊNCIA>: PROBLEM: Shutting down due to connection FAULT: Socket connect failed [cause: java.net.ConnectException: Conexão recusada] -- make sure the server is running at localhost:6379 - Connection: SYNCHRONOUS  localhost/127.0.0.1:6379 db:0 | SyncConnection@1699578227
01475611470371 Tue Oct 04 17:04:30 BRT 2016 JRedis[tid:1] <GRAVE>: Error creating connection -> Socket connect failed [cause: java.net.ConnectException: Conexão recusada] -- make sure the server is running at localhost:6379
]]></system-err>
  </testcase>
  <testcase name="testTrim[10]" classname="org.springframework.data.redis.support.collections.RedisListTests" time="0.001">
    <error message="Could not get a resource from the pool; nested exception is org.jredis.ClientRuntimeException: null reference:{connection on setConnection()} in method JRedisClient.setConnection() [file: JRedisClient.java line:158 - package: org.jredis.ri.alphazero] cause: =&gt; [IllegalArgumentException: null reference:{connection on setConnection()} in method JRedisClient.setConnection() [file: JRedisClient.java line:158 - package: org.jredis.ri.alphazero]]" type="org.springframework.data.redis.connection.PoolException">org.springframework.data.redis.connection.PoolException: Could not get a resource from the pool; nested exception is org.jredis.ClientRuntimeException: null reference:{connection on setConnection()} in method JRedisClient.setConnection() [file: JRedisClient.java line:158 - package: org.jredis.ri.alphazero] cause: => [IllegalArgumentException: null reference:{connection on setConnection()} in method JRedisClient.setConnection() [file: JRedisClient.java line:158 - package: org.jredis.ri.alphazero]]
Caused by: org.jredis.ClientRuntimeException: null reference:{connection on setConnection()} in method JRedisClient.setConnection() [file: JRedisClient.java line:158 - package: org.jredis.ri.alphazero] cause: => [IllegalArgumentException: null reference:{connection on setConnection()} in method JRedisClient.setConnection() [file: JRedisClient.java line:158 - package: org.jredis.ri.alphazero]]
Caused by: java.lang.IllegalArgumentException: null reference:{connection on setConnection()} in method JRedisClient.setConnection() [file: JRedisClient.java line:158 - package: org.jredis.ri.alphazero]
</error>
  </testcase>
  <testcase name="testDrainToCollection[10]" classname="org.springframework.data.redis.support.collections.RedisListTests" time="0.002">
    <error message="Could not get a resource from the pool; nested exception is org.jredis.ClientRuntimeException: null reference:{connection on setConnection()} in method JRedisClient.setConnection() [file: JRedisClient.java line:158 - package: org.jredis.ri.alphazero] cause: =&gt; [IllegalArgumentException: null reference:{connection on setConnection()} in method JRedisClient.setConnection() [file: JRedisClient.java line:158 - package: org.jredis.ri.alphazero]]" type="org.springframework.data.redis.connection.PoolException">org.springframework.data.redis.connection.PoolException: Could not get a resource from the pool; nested exception is org.jredis.ClientRuntimeException: null reference:{connection on setConnection()} in method JRedisClient.setConnection() [file: JRedisClient.java line:158 - package: org.jredis.ri.alphazero] cause: => [IllegalArgumentException: null reference:{connection on setConnection()} in method JRedisClient.setConnection() [file: JRedisClient.java line:158 - package: org.jredis.ri.alphazero]]
Caused by: org.jredis.ClientRuntimeException: null reference:{connection on setConnection()} in method JRedisClient.setConnection() [file: JRedisClient.java line:158 - package: org.jredis.ri.alphazero] cause: => [IllegalArgumentException: null reference:{connection on setConnection()} in method JRedisClient.setConnection() [file: JRedisClient.java line:158 - package: org.jredis.ri.alphazero]]
Caused by: java.lang.IllegalArgumentException: null reference:{connection on setConnection()} in method JRedisClient.setConnection() [file: JRedisClient.java line:158 - package: org.jredis.ri.alphazero]
</error>
    <system-err><![CDATA[01475611470371 Tue Oct 04 17:04:30 BRT 2016 JRedis[tid:1] <INFORMAÇÕES>: WARNING: heartbeat is disabled.
01475611470372 Tue Oct 04 17:04:30 BRT 2016 JRedis[tid:1] <ADVERTÊNCIA>: PROBLEM: Shutting down due to connection FAULT: Socket connect failed [cause: java.net.ConnectException: Conexão recusada] -- make sure the server is running at localhost:6379 - Connection: SYNCHRONOUS  localhost/127.0.0.1:6379 db:0 | SyncConnection@1456061400
01475611470372 Tue Oct 04 17:04:30 BRT 2016 JRedis[tid:1] <GRAVE>: Error creating connection -> Socket connect failed [cause: java.net.ConnectException: Conexão recusada] -- make sure the server is running at localhost:6379
01475611470372 Tue Oct 04 17:04:30 BRT 2016 JRedis[tid:1] <INFORMAÇÕES>: WARNING: heartbeat is disabled.
01475611470372 Tue Oct 04 17:04:30 BRT 2016 JRedis[tid:1] <ADVERTÊNCIA>: PROBLEM: Shutting down due to connection FAULT: Socket connect failed [cause: java.net.ConnectException: Conexão recusada] -- make sure the server is running at localhost:6379 - Connection: SYNCHRONOUS  localhost/127.0.0.1:6379 db:0 | SyncConnection@1661777060
01475611470372 Tue Oct 04 17:04:30 BRT 2016 JRedis[tid:1] <GRAVE>: Error creating connection -> Socket connect failed [cause: java.net.ConnectException: Conexão recusada] -- make sure the server is running at localhost:6379
]]></system-err>
  </testcase>
  <testcase name="testDrainToCollection[10]" classname="org.springframework.data.redis.support.collections.RedisListTests" time="0.002">
    <error message="Could not get a resource from the pool; nested exception is org.jredis.ClientRuntimeException: null reference:{connection on setConnection()} in method JRedisClient.setConnection() [file: JRedisClient.java line:158 - package: org.jredis.ri.alphazero] cause: =&gt; [IllegalArgumentException: null reference:{connection on setConnection()} in method JRedisClient.setConnection() [file: JRedisClient.java line:158 - package: org.jredis.ri.alphazero]]" type="org.springframework.data.redis.connection.PoolException">org.springframework.data.redis.connection.PoolException: Could not get a resource from the pool; nested exception is org.jredis.ClientRuntimeException: null reference:{connection on setConnection()} in method JRedisClient.setConnection() [file: JRedisClient.java line:158 - package: org.jredis.ri.alphazero] cause: => [IllegalArgumentException: null reference:{connection on setConnection()} in method JRedisClient.setConnection() [file: JRedisClient.java line:158 - package: org.jredis.ri.alphazero]]
Caused by: org.jredis.ClientRuntimeException: null reference:{connection on setConnection()} in method JRedisClient.setConnection() [file: JRedisClient.java line:158 - package: org.jredis.ri.alphazero] cause: => [IllegalArgumentException: null reference:{connection on setConnection()} in method JRedisClient.setConnection() [file: JRedisClient.java line:158 - package: org.jredis.ri.alphazero]]
Caused by: java.lang.IllegalArgumentException: null reference:{connection on setConnection()} in method JRedisClient.setConnection() [file: JRedisClient.java line:158 - package: org.jredis.ri.alphazero]
</error>
  </testcase>
  <testcase name="testRemoveFirst[10]" classname="org.springframework.data.redis.support.collections.RedisListTests" time="0.001">
    <error message="Could not get a resource from the pool; nested exception is org.jredis.ClientRuntimeException: null reference:{connection on setConnection()} in method JRedisClient.setConnection() [file: JRedisClient.java line:158 - package: org.jredis.ri.alphazero] cause: =&gt; [IllegalArgumentException: null reference:{connection on setConnection()} in method JRedisClient.setConnection() [file: JRedisClient.java line:158 - package: org.jredis.ri.alphazero]]" type="org.springframework.data.redis.connection.PoolException">org.springframework.data.redis.connection.PoolException: Could not get a resource from the pool; nested exception is org.jredis.ClientRuntimeException: null reference:{connection on setConnection()} in method JRedisClient.setConnection() [file: JRedisClient.java line:158 - package: org.jredis.ri.alphazero] cause: => [IllegalArgumentException: null reference:{connection on setConnection()} in method JRedisClient.setConnection() [file: JRedisClient.java line:158 - package: org.jredis.ri.alphazero]]
Caused by: org.jredis.ClientRuntimeException: null reference:{connection on setConnection()} in method JRedisClient.setConnection() [file: JRedisClient.java line:158 - package: org.jredis.ri.alphazero] cause: => [IllegalArgumentException: null reference:{connection on setConnection()} in method JRedisClient.setConnection() [file: JRedisClient.java line:158 - package: org.jredis.ri.alphazero]]
Caused by: java.lang.IllegalArgumentException: null reference:{connection on setConnection()} in method JRedisClient.setConnection() [file: JRedisClient.java line:158 - package: org.jredis.ri.alphazero]
</error>
    <system-err><![CDATA[01475611470373 Tue Oct 04 17:04:30 BRT 2016 JRedis[tid:1] <INFORMAÇÕES>: WARNING: heartbeat is disabled.
01475611470373 Tue Oct 04 17:04:30 BRT 2016 JRedis[tid:1] <ADVERTÊNCIA>: PROBLEM: Shutting down due to connection FAULT: Socket connect failed [cause: java.net.ConnectException: Conexão recusada] -- make sure the server is running at localhost:6379 - Connection: SYNCHRONOUS  localhost/127.0.0.1:6379 db:0 | SyncConnection@104261836
01475611470373 Tue Oct 04 17:04:30 BRT 2016 JRedis[tid:1] <GRAVE>: Error creating connection -> Socket connect failed [cause: java.net.ConnectException: Conexão recusada] -- make sure the server is running at localhost:6379
01475611470373 Tue Oct 04 17:04:30 BRT 2016 JRedis[tid:1] <INFORMAÇÕES>: WARNING: heartbeat is disabled.
01475611470373 Tue Oct 04 17:04:30 BRT 2016 JRedis[tid:1] <ADVERTÊNCIA>: PROBLEM: Shutting down due to connection FAULT: Socket connect failed [cause: java.net.ConnectException: Conexão recusada] -- make sure the server is running at localhost:6379 - Connection: SYNCHRONOUS  localhost/127.0.0.1:6379 db:0 | SyncConnection@259630944
01475611470373 Tue Oct 04 17:04:30 BRT 2016 JRedis[tid:1] <GRAVE>: Error creating connection -> Socket connect failed [cause: java.net.ConnectException: Conexão recusada] -- make sure the server is running at localhost:6379
]]></system-err>
  </testcase>
  <testcase name="testRemoveFirst[10]" classname="org.springframework.data.redis.support.collections.RedisListTests" time="0.001">
    <error message="Could not get a resource from the pool; nested exception is org.jredis.ClientRuntimeException: null reference:{connection on setConnection()} in method JRedisClient.setConnection() [file: JRedisClient.java line:158 - package: org.jredis.ri.alphazero] cause: =&gt; [IllegalArgumentException: null reference:{connection on setConnection()} in method JRedisClient.setConnection() [file: JRedisClient.java line:158 - package: org.jredis.ri.alphazero]]" type="org.springframework.data.redis.connection.PoolException">org.springframework.data.redis.connection.PoolException: Could not get a resource from the pool; nested exception is org.jredis.ClientRuntimeException: null reference:{connection on setConnection()} in method JRedisClient.setConnection() [file: JRedisClient.java line:158 - package: org.jredis.ri.alphazero] cause: => [IllegalArgumentException: null reference:{connection on setConnection()} in method JRedisClient.setConnection() [file: JRedisClient.java line:158 - package: org.jredis.ri.alphazero]]
Caused by: org.jredis.ClientRuntimeException: null reference:{connection on setConnection()} in method JRedisClient.setConnection() [file: JRedisClient.java line:158 - package: org.jredis.ri.alphazero] cause: => [IllegalArgumentException: null reference:{connection on setConnection()} in method JRedisClient.setConnection() [file: JRedisClient.java line:158 - package: org.jredis.ri.alphazero]]
Caused by: java.lang.IllegalArgumentException: null reference:{connection on setConnection()} in method JRedisClient.setConnection() [file: JRedisClient.java line:158 - package: org.jredis.ri.alphazero]
</error>
  </testcase>
  <testcase name="testRemoveIndex[10]" classname="org.springframework.data.redis.support.collections.RedisListTests" time="0.001">
    <error message="Could not get a resource from the pool; nested exception is org.jredis.ClientRuntimeException: null reference:{connection on setConnection()} in method JRedisClient.setConnection() [file: JRedisClient.java line:158 - package: org.jredis.ri.alphazero] cause: =&gt; [IllegalArgumentException: null reference:{connection on setConnection()} in method JRedisClient.setConnection() [file: JRedisClient.java line:158 - package: org.jredis.ri.alphazero]]" type="org.springframework.data.redis.connection.PoolException">org.springframework.data.redis.connection.PoolException: Could not get a resource from the pool; nested exception is org.jredis.ClientRuntimeException: null reference:{connection on setConnection()} in method JRedisClient.setConnection() [file: JRedisClient.java line:158 - package: org.jredis.ri.alphazero] cause: => [IllegalArgumentException: null reference:{connection on setConnection()} in method JRedisClient.setConnection() [file: JRedisClient.java line:158 - package: org.jredis.ri.alphazero]]
Caused by: org.jredis.ClientRuntimeException: null reference:{connection on setConnection()} in method JRedisClient.setConnection() [file: JRedisClient.java line:158 - package: org.jredis.ri.alphazero] cause: => [IllegalArgumentException: null reference:{connection on setConnection()} in method JRedisClient.setConnection() [file: JRedisClient.java line:158 - package: org.jredis.ri.alphazero]]
Caused by: java.lang.IllegalArgumentException: null reference:{connection on setConnection()} in method JRedisClient.setConnection() [file: JRedisClient.java line:158 - package: org.jredis.ri.alphazero]
</error>
    <system-err><![CDATA[01475611470374 Tue Oct 04 17:04:30 BRT 2016 JRedis[tid:1] <INFORMAÇÕES>: WARNING: heartbeat is disabled.
01475611470374 Tue Oct 04 17:04:30 BRT 2016 JRedis[tid:1] <ADVERTÊNCIA>: PROBLEM: Shutting down due to connection FAULT: Socket connect failed [cause: java.net.ConnectException: Conexão recusada] -- make sure the server is running at localhost:6379 - Connection: SYNCHRONOUS  localhost/127.0.0.1:6379 db:0 | SyncConnection@351656492
01475611470374 Tue Oct 04 17:04:30 BRT 2016 JRedis[tid:1] <GRAVE>: Error creating connection -> Socket connect failed [cause: java.net.ConnectException: Conexão recusada] -- make sure the server is running at localhost:6379
]]></system-err>
  </testcase>
  <testcase name="testPutLast[10]" classname="org.springframework.data.redis.support.collections.RedisListTests" time="0.001">
    <error message="Could not get a resource from the pool; nested exception is org.jredis.ClientRuntimeException: null reference:{connection on setConnection()} in method JRedisClient.setConnection() [file: JRedisClient.java line:158 - package: org.jredis.ri.alphazero] cause: =&gt; [IllegalArgumentException: null reference:{connection on setConnection()} in method JRedisClient.setConnection() [file: JRedisClient.java line:158 - package: org.jredis.ri.alphazero]]" type="org.springframework.data.redis.connection.PoolException">org.springframework.data.redis.connection.PoolException: Could not get a resource from the pool; nested exception is org.jredis.ClientRuntimeException: null reference:{connection on setConnection()} in method JRedisClient.setConnection() [file: JRedisClient.java line:158 - package: org.jredis.ri.alphazero] cause: => [IllegalArgumentException: null reference:{connection on setConnection()} in method JRedisClient.setConnection() [file: JRedisClient.java line:158 - package: org.jredis.ri.alphazero]]
Caused by: org.jredis.ClientRuntimeException: null reference:{connection on setConnection()} in method JRedisClient.setConnection() [file: JRedisClient.java line:158 - package: org.jredis.ri.alphazero] cause: => [IllegalArgumentException: null reference:{connection on setConnection()} in method JRedisClient.setConnection() [file: JRedisClient.java line:158 - package: org.jredis.ri.alphazero]]
Caused by: java.lang.IllegalArgumentException: null reference:{connection on setConnection()} in method JRedisClient.setConnection() [file: JRedisClient.java line:158 - package: org.jredis.ri.alphazero]
</error>
    <system-err><![CDATA[01475611470375 Tue Oct 04 17:04:30 BRT 2016 JRedis[tid:1] <INFORMAÇÕES>: WARNING: heartbeat is disabled.
01475611470375 Tue Oct 04 17:04:30 BRT 2016 JRedis[tid:1] <ADVERTÊNCIA>: PROBLEM: Shutting down due to connection FAULT: Socket connect failed [cause: java.net.ConnectException: Conexão recusada] -- make sure the server is running at localhost:6379 - Connection: SYNCHRONOUS  localhost/127.0.0.1:6379 db:0 | SyncConnection@316335490
01475611470375 Tue Oct 04 17:04:30 BRT 2016 JRedis[tid:1] <GRAVE>: Error creating connection -> Socket connect failed [cause: java.net.ConnectException: Conexão recusada] -- make sure the server is running at localhost:6379
01475611470376 Tue Oct 04 17:04:30 BRT 2016 JRedis[tid:1] <INFORMAÇÕES>: WARNING: heartbeat is disabled.
01475611470376 Tue Oct 04 17:04:30 BRT 2016 JRedis[tid:1] <ADVERTÊNCIA>: PROBLEM: Shutting down due to connection FAULT: Socket connect failed [cause: java.net.ConnectException: Conexão recusada] -- make sure the server is running at localhost:6379 - Connection: SYNCHRONOUS  localhost/127.0.0.1:6379 db:0 | SyncConnection@597364637
01475611470376 Tue Oct 04 17:04:30 BRT 2016 JRedis[tid:1] <GRAVE>: Error creating connection -> Socket connect failed [cause: java.net.ConnectException: Conexão recusada] -- make sure the server is running at localhost:6379
]]></system-err>
  </testcase>
  <testcase name="testPutLast[10]" classname="org.springframework.data.redis.support.collections.RedisListTests" time="0.001">
    <error message="Could not get a resource from the pool; nested exception is org.jredis.ClientRuntimeException: null reference:{connection on setConnection()} in method JRedisClient.setConnection() [file: JRedisClient.java line:158 - package: org.jredis.ri.alphazero] cause: =&gt; [IllegalArgumentException: null reference:{connection on setConnection()} in method JRedisClient.setConnection() [file: JRedisClient.java line:158 - package: org.jredis.ri.alphazero]]" type="org.springframework.data.redis.connection.PoolException">org.springframework.data.redis.connection.PoolException: Could not get a resource from the pool; nested exception is org.jredis.ClientRuntimeException: null reference:{connection on setConnection()} in method JRedisClient.setConnection() [file: JRedisClient.java line:158 - package: org.jredis.ri.alphazero] cause: => [IllegalArgumentException: null reference:{connection on setConnection()} in method JRedisClient.setConnection() [file: JRedisClient.java line:158 - package: org.jredis.ri.alphazero]]
Caused by: org.jredis.ClientRuntimeException: null reference:{connection on setConnection()} in method JRedisClient.setConnection() [file: JRedisClient.java line:158 - package: org.jredis.ri.alphazero] cause: => [IllegalArgumentException: null reference:{connection on setConnection()} in method JRedisClient.setConnection() [file: JRedisClient.java line:158 - package: org.jredis.ri.alphazero]]
Caused by: java.lang.IllegalArgumentException: null reference:{connection on setConnection()} in method JRedisClient.setConnection() [file: JRedisClient.java line:158 - package: org.jredis.ri.alphazero]
</error>
  </testcase>
  <testcase name="testOfferFirst[10]" classname="org.springframework.data.redis.support.collections.RedisListTests" time="0.002">
    <error message="Could not get a resource from the pool; nested exception is org.jredis.ClientRuntimeException: null reference:{connection on setConnection()} in method JRedisClient.setConnection() [file: JRedisClient.java line:158 - package: org.jredis.ri.alphazero] cause: =&gt; [IllegalArgumentException: null reference:{connection on setConnection()} in method JRedisClient.setConnection() [file: JRedisClient.java line:158 - package: org.jredis.ri.alphazero]]" type="org.springframework.data.redis.connection.PoolException">org.springframework.data.redis.connection.PoolException: Could not get a resource from the pool; nested exception is org.jredis.ClientRuntimeException: null reference:{connection on setConnection()} in method JRedisClient.setConnection() [file: JRedisClient.java line:158 - package: org.jredis.ri.alphazero] cause: => [IllegalArgumentException: null reference:{connection on setConnection()} in method JRedisClient.setConnection() [file: JRedisClient.java line:158 - package: org.jredis.ri.alphazero]]
Caused by: org.jredis.ClientRuntimeException: null reference:{connection on setConnection()} in method JRedisClient.setConnection() [file: JRedisClient.java line:158 - package: org.jredis.ri.alphazero] cause: => [IllegalArgumentException: null reference:{connection on setConnection()} in method JRedisClient.setConnection() [file: JRedisClient.java line:158 - package: org.jredis.ri.alphazero]]
Caused by: java.lang.IllegalArgumentException: null reference:{connection on setConnection()} in method JRedisClient.setConnection() [file: JRedisClient.java line:158 - package: org.jredis.ri.alphazero]
</error>
    <system-err><![CDATA[01475611470376 Tue Oct 04 17:04:30 BRT 2016 JRedis[tid:1] <INFORMAÇÕES>: WARNING: heartbeat is disabled.
01475611470377 Tue Oct 04 17:04:30 BRT 2016 JRedis[tid:1] <ADVERTÊNCIA>: PROBLEM: Shutting down due to connection FAULT: Socket connect failed [cause: java.net.ConnectException: Conexão recusada] -- make sure the server is running at localhost:6379 - Connection: SYNCHRONOUS  localhost/127.0.0.1:6379 db:0 | SyncConnection@1637613097
01475611470377 Tue Oct 04 17:04:30 BRT 2016 JRedis[tid:1] <GRAVE>: Error creating connection -> Socket connect failed [cause: java.net.ConnectException: Conexão recusada] -- make sure the server is running at localhost:6379
01475611470377 Tue Oct 04 17:04:30 BRT 2016 JRedis[tid:1] <INFORMAÇÕES>: WARNING: heartbeat is disabled.
01475611470377 Tue Oct 04 17:04:30 BRT 2016 JRedis[tid:1] <ADVERTÊNCIA>: PROBLEM: Shutting down due to connection FAULT: Socket connect failed [cause: java.net.ConnectException: Conexão recusada] -- make sure the server is running at localhost:6379 - Connection: SYNCHRONOUS  localhost/127.0.0.1:6379 db:0 | SyncConnection@1527086220
01475611470377 Tue Oct 04 17:04:30 BRT 2016 JRedis[tid:1] <GRAVE>: Error creating connection -> Socket connect failed [cause: java.net.ConnectException: Conexão recusada] -- make sure the server is running at localhost:6379
]]></system-err>
  </testcase>
  <testcase name="testOfferFirst[10]" classname="org.springframework.data.redis.support.collections.RedisListTests" time="0.003">
    <error message="Could not get a resource from the pool; nested exception is org.jredis.ClientRuntimeException: null reference:{connection on setConnection()} in method JRedisClient.setConnection() [file: JRedisClient.java line:158 - package: org.jredis.ri.alphazero] cause: =&gt; [IllegalArgumentException: null reference:{connection on setConnection()} in method JRedisClient.setConnection() [file: JRedisClient.java line:158 - package: org.jredis.ri.alphazero]]" type="org.springframework.data.redis.connection.PoolException">org.springframework.data.redis.connection.PoolException: Could not get a resource from the pool; nested exception is org.jredis.ClientRuntimeException: null reference:{connection on setConnection()} in method JRedisClient.setConnection() [file: JRedisClient.java line:158 - package: org.jredis.ri.alphazero] cause: => [IllegalArgumentException: null reference:{connection on setConnection()} in method JRedisClient.setConnection() [file: JRedisClient.java line:158 - package: org.jredis.ri.alphazero]]
Caused by: org.jredis.ClientRuntimeException: null reference:{connection on setConnection()} in method JRedisClient.setConnection() [file: JRedisClient.java line:158 - package: org.jredis.ri.alphazero] cause: => [IllegalArgumentException: null reference:{connection on setConnection()} in method JRedisClient.setConnection() [file: JRedisClient.java line:158 - package: org.jredis.ri.alphazero]]
Caused by: java.lang.IllegalArgumentException: null reference:{connection on setConnection()} in method JRedisClient.setConnection() [file: JRedisClient.java line:158 - package: org.jredis.ri.alphazero]
</error>
  </testcase>
  <testcase name="testDescendingIterator[10]" classname="org.springframework.data.redis.support.collections.RedisListTests" time="0">
    <error message="Could not get a resource from the pool; nested exception is org.jredis.ClientRuntimeException: null reference:{connection on setConnection()} in method JRedisClient.setConnection() [file: JRedisClient.java line:158 - package: org.jredis.ri.alphazero] cause: =&gt; [IllegalArgumentException: null reference:{connection on setConnection()} in method JRedisClient.setConnection() [file: JRedisClient.java line:158 - package: org.jredis.ri.alphazero]]" type="org.springframework.data.redis.connection.PoolException">org.springframework.data.redis.connection.PoolException: Could not get a resource from the pool; nested exception is org.jredis.ClientRuntimeException: null reference:{connection on setConnection()} in method JRedisClient.setConnection() [file: JRedisClient.java line:158 - package: org.jredis.ri.alphazero] cause: => [IllegalArgumentException: null reference:{connection on setConnection()} in method JRedisClient.setConnection() [file: JRedisClient.java line:158 - package: org.jredis.ri.alphazero]]
Caused by: org.jredis.ClientRuntimeException: null reference:{connection on setConnection()} in method JRedisClient.setConnection() [file: JRedisClient.java line:158 - package: org.jredis.ri.alphazero] cause: => [IllegalArgumentException: null reference:{connection on setConnection()} in method JRedisClient.setConnection() [file: JRedisClient.java line:158 - package: org.jredis.ri.alphazero]]
Caused by: java.lang.IllegalArgumentException: null reference:{connection on setConnection()} in method JRedisClient.setConnection() [file: JRedisClient.java line:158 - package: org.jredis.ri.alphazero]
</error>
    <system-err><![CDATA[01475611470378 Tue Oct 04 17:04:30 BRT 2016 JRedis[tid:1] <INFORMAÇÕES>: WARNING: heartbeat is disabled.
01475611470378 Tue Oct 04 17:04:30 BRT 2016 JRedis[tid:1] <ADVERTÊNCIA>: PROBLEM: Shutting down due to connection FAULT: Socket connect failed [cause: java.net.ConnectException: Conexão recusada] -- make sure the server is running at localhost:6379 - Connection: SYNCHRONOUS  localhost/127.0.0.1:6379 db:0 | SyncConnection@515273883
01475611470378 Tue Oct 04 17:04:30 BRT 2016 JRedis[tid:1] <GRAVE>: Error creating connection -> Socket connect failed [cause: java.net.ConnectException: Conexão recusada] -- make sure the server is running at localhost:6379
01475611470379 Tue Oct 04 17:04:30 BRT 2016 JRedis[tid:1] <INFORMAÇÕES>: WARNING: heartbeat is disabled.
01475611470379 Tue Oct 04 17:04:30 BRT 2016 JRedis[tid:1] <ADVERTÊNCIA>: PROBLEM: Shutting down due to connection FAULT: Socket connect failed [cause: java.net.ConnectException: Conexão recusada] -- make sure the server is running at localhost:6379 - Connection: SYNCHRONOUS  localhost/127.0.0.1:6379 db:0 | SyncConnection@1697281847
01475611470379 Tue Oct 04 17:04:30 BRT 2016 JRedis[tid:1] <GRAVE>: Error creating connection -> Socket connect failed [cause: java.net.ConnectException: Conexão recusada] -- make sure the server is running at localhost:6379
]]></system-err>
  </testcase>
  <testcase name="testDescendingIterator[10]" classname="org.springframework.data.redis.support.collections.RedisListTests" time="0.001">
    <error message="Could not get a resource from the pool; nested exception is org.jredis.ClientRuntimeException: null reference:{connection on setConnection()} in method JRedisClient.setConnection() [file: JRedisClient.java line:158 - package: org.jredis.ri.alphazero] cause: =&gt; [IllegalArgumentException: null reference:{connection on setConnection()} in method JRedisClient.setConnection() [file: JRedisClient.java line:158 - package: org.jredis.ri.alphazero]]" type="org.springframework.data.redis.connection.PoolException">org.springframework.data.redis.connection.PoolException: Could not get a resource from the pool; nested exception is org.jredis.ClientRuntimeException: null reference:{connection on setConnection()} in method JRedisClient.setConnection() [file: JRedisClient.java line:158 - package: org.jredis.ri.alphazero] cause: => [IllegalArgumentException: null reference:{connection on setConnection()} in method JRedisClient.setConnection() [file: JRedisClient.java line:158 - package: org.jredis.ri.alphazero]]
Caused by: org.jredis.ClientRuntimeException: null reference:{connection on setConnection()} in method JRedisClient.setConnection() [file: JRedisClient.java line:158 - package: org.jredis.ri.alphazero] cause: => [IllegalArgumentException: null reference:{connection on setConnection()} in method JRedisClient.setConnection() [file: JRedisClient.java line:158 - package: org.jredis.ri.alphazero]]
Caused by: java.lang.IllegalArgumentException: null reference:{connection on setConnection()} in method JRedisClient.setConnection() [file: JRedisClient.java line:158 - package: org.jredis.ri.alphazero]
</error>
  </testcase>
  <testcase name="testAddFirst[10]" classname="org.springframework.data.redis.support.collections.RedisListTests" time="0.001">
    <error message="Could not get a resource from the pool; nested exception is org.jredis.ClientRuntimeException: null reference:{connection on setConnection()} in method JRedisClient.setConnection() [file: JRedisClient.java line:158 - package: org.jredis.ri.alphazero] cause: =&gt; [IllegalArgumentException: null reference:{connection on setConnection()} in method JRedisClient.setConnection() [file: JRedisClient.java line:158 - package: org.jredis.ri.alphazero]]" type="org.springframework.data.redis.connection.PoolException">org.springframework.data.redis.connection.PoolException: Could not get a resource from the pool; nested exception is org.jredis.ClientRuntimeException: null reference:{connection on setConnection()} in method JRedisClient.setConnection() [file: JRedisClient.java line:158 - package: org.jredis.ri.alphazero] cause: => [IllegalArgumentException: null reference:{connection on setConnection()} in method JRedisClient.setConnection() [file: JRedisClient.java line:158 - package: org.jredis.ri.alphazero]]
Caused by: org.jredis.ClientRuntimeException: null reference:{connection on setConnection()} in method JRedisClient.setConnection() [file: JRedisClient.java line:158 - package: org.jredis.ri.alphazero] cause: => [IllegalArgumentException: null reference:{connection on setConnection()} in method JRedisClient.setConnection() [file: JRedisClient.java line:158 - package: org.jredis.ri.alphazero]]
Caused by: java.lang.IllegalArgumentException: null reference:{connection on setConnection()} in method JRedisClient.setConnection() [file: JRedisClient.java line:158 - package: org.jredis.ri.alphazero]
</error>
    <system-err><![CDATA[01475611470380 Tue Oct 04 17:04:30 BRT 2016 JRedis[tid:1] <INFORMAÇÕES>: WARNING: heartbeat is disabled.
01475611470380 Tue Oct 04 17:04:30 BRT 2016 JRedis[tid:1] <ADVERTÊNCIA>: PROBLEM: Shutting down due to connection FAULT: Socket connect failed [cause: java.net.ConnectException: Conexão recusada] -- make sure the server is running at localhost:6379 - Connection: SYNCHRONOUS  localhost/127.0.0.1:6379 db:0 | SyncConnection@1535026957
01475611470380 Tue Oct 04 17:04:30 BRT 2016 JRedis[tid:1] <GRAVE>: Error creating connection -> Socket connect failed [cause: java.net.ConnectException: Conexão recusada] -- make sure the server is running at localhost:6379
01475611470380 Tue Oct 04 17:04:30 BRT 2016 JRedis[tid:1] <INFORMAÇÕES>: WARNING: heartbeat is disabled.
01475611470381 Tue Oct 04 17:04:30 BRT 2016 JRedis[tid:1] <ADVERTÊNCIA>: PROBLEM: Shutting down due to connection FAULT: Socket connect failed [cause: java.net.ConnectException: Conexão recusada] -- make sure the server is running at localhost:6379 - Connection: SYNCHRONOUS  localhost/127.0.0.1:6379 db:0 | SyncConnection@737104370
01475611470381 Tue Oct 04 17:04:30 BRT 2016 JRedis[tid:1] <GRAVE>: Error creating connection -> Socket connect failed [cause: java.net.ConnectException: Conexão recusada] -- make sure the server is running at localhost:6379
]]></system-err>
  </testcase>
  <testcase name="testAddFirst[10]" classname="org.springframework.data.redis.support.collections.RedisListTests" time="0.001">
    <error message="Could not get a resource from the pool; nested exception is org.jredis.ClientRuntimeException: null reference:{connection on setConnection()} in method JRedisClient.setConnection() [file: JRedisClient.java line:158 - package: org.jredis.ri.alphazero] cause: =&gt; [IllegalArgumentException: null reference:{connection on setConnection()} in method JRedisClient.setConnection() [file: JRedisClient.java line:158 - package: org.jredis.ri.alphazero]]" type="org.springframework.data.redis.connection.PoolException">org.springframework.data.redis.connection.PoolException: Could not get a resource from the pool; nested exception is org.jredis.ClientRuntimeException: null reference:{connection on setConnection()} in method JRedisClient.setConnection() [file: JRedisClient.java line:158 - package: org.jredis.ri.alphazero] cause: => [IllegalArgumentException: null reference:{connection on setConnection()} in method JRedisClient.setConnection() [file: JRedisClient.java line:158 - package: org.jredis.ri.alphazero]]
Caused by: org.jredis.ClientRuntimeException: null reference:{connection on setConnection()} in method JRedisClient.setConnection() [file: JRedisClient.java line:158 - package: org.jredis.ri.alphazero] cause: => [IllegalArgumentException: null reference:{connection on setConnection()} in method JRedisClient.setConnection() [file: JRedisClient.java line:158 - package: org.jredis.ri.alphazero]]
Caused by: java.lang.IllegalArgumentException: null reference:{connection on setConnection()} in method JRedisClient.setConnection() [file: JRedisClient.java line:158 - package: org.jredis.ri.alphazero]
</error>
  </testcase>
  <testcase name="testDrainToCollectionWithMaxElements[10]" classname="org.springframework.data.redis.support.collections.RedisListTests" time="0.002">
    <error message="Could not get a resource from the pool; nested exception is org.jredis.ClientRuntimeException: null reference:{connection on setConnection()} in method JRedisClient.setConnection() [file: JRedisClient.java line:158 - package: org.jredis.ri.alphazero] cause: =&gt; [IllegalArgumentException: null reference:{connection on setConnection()} in method JRedisClient.setConnection() [file: JRedisClient.java line:158 - package: org.jredis.ri.alphazero]]" type="org.springframework.data.redis.connection.PoolException">org.springframework.data.redis.connection.PoolException: Could not get a resource from the pool; nested exception is org.jredis.ClientRuntimeException: null reference:{connection on setConnection()} in method JRedisClient.setConnection() [file: JRedisClient.java line:158 - package: org.jredis.ri.alphazero] cause: => [IllegalArgumentException: null reference:{connection on setConnection()} in method JRedisClient.setConnection() [file: JRedisClient.java line:158 - package: org.jredis.ri.alphazero]]
Caused by: org.jredis.ClientRuntimeException: null reference:{connection on setConnection()} in method JRedisClient.setConnection() [file: JRedisClient.java line:158 - package: org.jredis.ri.alphazero] cause: => [IllegalArgumentException: null reference:{connection on setConnection()} in method JRedisClient.setConnection() [file: JRedisClient.java line:158 - package: org.jredis.ri.alphazero]]
Caused by: java.lang.IllegalArgumentException: null reference:{connection on setConnection()} in method JRedisClient.setConnection() [file: JRedisClient.java line:158 - package: org.jredis.ri.alphazero]
</error>
    <system-err><![CDATA[01475611470381 Tue Oct 04 17:04:30 BRT 2016 JRedis[tid:1] <INFORMAÇÕES>: WARNING: heartbeat is disabled.
01475611470382 Tue Oct 04 17:04:30 BRT 2016 JRedis[tid:1] <ADVERTÊNCIA>: PROBLEM: Shutting down due to connection FAULT: Socket connect failed [cause: java.net.ConnectException: Conexão recusada] -- make sure the server is running at localhost:6379 - Connection: SYNCHRONOUS  localhost/127.0.0.1:6379 db:0 | SyncConnection@105966264
01475611470382 Tue Oct 04 17:04:30 BRT 2016 JRedis[tid:1] <GRAVE>: Error creating connection -> Socket connect failed [cause: java.net.ConnectException: Conexão recusada] -- make sure the server is running at localhost:6379
01475611470382 Tue Oct 04 17:04:30 BRT 2016 JRedis[tid:1] <INFORMAÇÕES>: WARNING: heartbeat is disabled.
01475611470382 Tue Oct 04 17:04:30 BRT 2016 JRedis[tid:1] <ADVERTÊNCIA>: PROBLEM: Shutting down due to connection FAULT: Socket connect failed [cause: java.net.ConnectException: Conexão recusada] -- make sure the server is running at localhost:6379 - Connection: SYNCHRONOUS  localhost/127.0.0.1:6379 db:0 | SyncConnection@821405322
01475611470382 Tue Oct 04 17:04:30 BRT 2016 JRedis[tid:1] <GRAVE>: Error creating connection -> Socket connect failed [cause: java.net.ConnectException: Conexão recusada] -- make sure the server is running at localhost:6379
]]></system-err>
  </testcase>
  <testcase name="testDrainToCollectionWithMaxElements[10]" classname="org.springframework.data.redis.support.collections.RedisListTests" time="0.002">
    <error message="Could not get a resource from the pool; nested exception is org.jredis.ClientRuntimeException: null reference:{connection on setConnection()} in method JRedisClient.setConnection() [file: JRedisClient.java line:158 - package: org.jredis.ri.alphazero] cause: =&gt; [IllegalArgumentException: null reference:{connection on setConnection()} in method JRedisClient.setConnection() [file: JRedisClient.java line:158 - package: org.jredis.ri.alphazero]]" type="org.springframework.data.redis.connection.PoolException">org.springframework.data.redis.connection.PoolException: Could not get a resource from the pool; nested exception is org.jredis.ClientRuntimeException: null reference:{connection on setConnection()} in method JRedisClient.setConnection() [file: JRedisClient.java line:158 - package: org.jredis.ri.alphazero] cause: => [IllegalArgumentException: null reference:{connection on setConnection()} in method JRedisClient.setConnection() [file: JRedisClient.java line:158 - package: org.jredis.ri.alphazero]]
Caused by: org.jredis.ClientRuntimeException: null reference:{connection on setConnection()} in method JRedisClient.setConnection() [file: JRedisClient.java line:158 - package: org.jredis.ri.alphazero] cause: => [IllegalArgumentException: null reference:{connection on setConnection()} in method JRedisClient.setConnection() [file: JRedisClient.java line:158 - package: org.jredis.ri.alphazero]]
Caused by: java.lang.IllegalArgumentException: null reference:{connection on setConnection()} in method JRedisClient.setConnection() [file: JRedisClient.java line:158 - package: org.jredis.ri.alphazero]
</error>
  </testcase>
  <testcase name="testTakeLast[10]" classname="org.springframework.data.redis.support.collections.RedisListTests" time="0.001">
    <error message="Could not get a resource from the pool; nested exception is org.jredis.ClientRuntimeException: null reference:{connection on setConnection()} in method JRedisClient.setConnection() [file: JRedisClient.java line:158 - package: org.jredis.ri.alphazero] cause: =&gt; [IllegalArgumentException: null reference:{connection on setConnection()} in method JRedisClient.setConnection() [file: JRedisClient.java line:158 - package: org.jredis.ri.alphazero]]" type="org.springframework.data.redis.connection.PoolException">org.springframework.data.redis.connection.PoolException: Could not get a resource from the pool; nested exception is org.jredis.ClientRuntimeException: null reference:{connection on setConnection()} in method JRedisClient.setConnection() [file: JRedisClient.java line:158 - package: org.jredis.ri.alphazero] cause: => [IllegalArgumentException: null reference:{connection on setConnection()} in method JRedisClient.setConnection() [file: JRedisClient.java line:158 - package: org.jredis.ri.alphazero]]
Caused by: org.jredis.ClientRuntimeException: null reference:{connection on setConnection()} in method JRedisClient.setConnection() [file: JRedisClient.java line:158 - package: org.jredis.ri.alphazero] cause: => [IllegalArgumentException: null reference:{connection on setConnection()} in method JRedisClient.setConnection() [file: JRedisClient.java line:158 - package: org.jredis.ri.alphazero]]
Caused by: java.lang.IllegalArgumentException: null reference:{connection on setConnection()} in method JRedisClient.setConnection() [file: JRedisClient.java line:158 - package: org.jredis.ri.alphazero]
</error>
    <system-err><![CDATA[01475611470383 Tue Oct 04 17:04:30 BRT 2016 JRedis[tid:1] <INFORMAÇÕES>: WARNING: heartbeat is disabled.
01475611470383 Tue Oct 04 17:04:30 BRT 2016 JRedis[tid:1] <ADVERTÊNCIA>: PROBLEM: Shutting down due to connection FAULT: Socket connect failed [cause: java.net.ConnectException: Conexão recusada] -- make sure the server is running at localhost:6379 - Connection: SYNCHRONOUS  localhost/127.0.0.1:6379 db:0 | SyncConnection@505231702
01475611470383 Tue Oct 04 17:04:30 BRT 2016 JRedis[tid:1] <GRAVE>: Error creating connection -> Socket connect failed [cause: java.net.ConnectException: Conexão recusada] -- make sure the server is running at localhost:6379
01475611470384 Tue Oct 04 17:04:30 BRT 2016 JRedis[tid:1] <INFORMAÇÕES>: WARNING: heartbeat is disabled.
01475611470384 Tue Oct 04 17:04:30 BRT 2016 JRedis[tid:1] <ADVERTÊNCIA>: PROBLEM: Shutting down due to connection FAULT: Socket connect failed [cause: java.net.ConnectException: Conexão recusada] -- make sure the server is running at localhost:6379 - Connection: SYNCHRONOUS  localhost/127.0.0.1:6379 db:0 | SyncConnection@1328323494
01475611470384 Tue Oct 04 17:04:30 BRT 2016 JRedis[tid:1] <GRAVE>: Error creating connection -> Socket connect failed [cause: java.net.ConnectException: Conexão recusada] -- make sure the server is running at localhost:6379
]]></system-err>
  </testcase>
  <testcase name="testTakeLast[10]" classname="org.springframework.data.redis.support.collections.RedisListTests" time="0.001">
    <error message="Could not get a resource from the pool; nested exception is org.jredis.ClientRuntimeException: null reference:{connection on setConnection()} in method JRedisClient.setConnection() [file: JRedisClient.java line:158 - package: org.jredis.ri.alphazero] cause: =&gt; [IllegalArgumentException: null reference:{connection on setConnection()} in method JRedisClient.setConnection() [file: JRedisClient.java line:158 - package: org.jredis.ri.alphazero]]" type="org.springframework.data.redis.connection.PoolException">org.springframework.data.redis.connection.PoolException: Could not get a resource from the pool; nested exception is org.jredis.ClientRuntimeException: null reference:{connection on setConnection()} in method JRedisClient.setConnection() [file: JRedisClient.java line:158 - package: org.jredis.ri.alphazero] cause: => [IllegalArgumentException: null reference:{connection on setConnection()} in method JRedisClient.setConnection() [file: JRedisClient.java line:158 - package: org.jredis.ri.alphazero]]
Caused by: org.jredis.ClientRuntimeException: null reference:{connection on setConnection()} in method JRedisClient.setConnection() [file: JRedisClient.java line:158 - package: org.jredis.ri.alphazero] cause: => [IllegalArgumentException: null reference:{connection on setConnection()} in method JRedisClient.setConnection() [file: JRedisClient.java line:158 - package: org.jredis.ri.alphazero]]
Caused by: java.lang.IllegalArgumentException: null reference:{connection on setConnection()} in method JRedisClient.setConnection() [file: JRedisClient.java line:158 - package: org.jredis.ri.alphazero]
</error>
  </testcase>
  <testcase name="testRemainingCapacity[10]" classname="org.springframework.data.redis.support.collections.RedisListTests" time="0.001">
    <error message="Could not get a resource from the pool; nested exception is org.jredis.ClientRuntimeException: null reference:{connection on setConnection()} in method JRedisClient.setConnection() [file: JRedisClient.java line:158 - package: org.jredis.ri.alphazero] cause: =&gt; [IllegalArgumentException: null reference:{connection on setConnection()} in method JRedisClient.setConnection() [file: JRedisClient.java line:158 - package: org.jredis.ri.alphazero]]" type="org.springframework.data.redis.connection.PoolException">org.springframework.data.redis.connection.PoolException: Could not get a resource from the pool; nested exception is org.jredis.ClientRuntimeException: null reference:{connection on setConnection()} in method JRedisClient.setConnection() [file: JRedisClient.java line:158 - package: org.jredis.ri.alphazero] cause: => [IllegalArgumentException: null reference:{connection on setConnection()} in method JRedisClient.setConnection() [file: JRedisClient.java line:158 - package: org.jredis.ri.alphazero]]
Caused by: org.jredis.ClientRuntimeException: null reference:{connection on setConnection()} in method JRedisClient.setConnection() [file: JRedisClient.java line:158 - package: org.jredis.ri.alphazero] cause: => [IllegalArgumentException: null reference:{connection on setConnection()} in method JRedisClient.setConnection() [file: JRedisClient.java line:158 - package: org.jredis.ri.alphazero]]
Caused by: java.lang.IllegalArgumentException: null reference:{connection on setConnection()} in method JRedisClient.setConnection() [file: JRedisClient.java line:158 - package: org.jredis.ri.alphazero]
</error>
    <system-err><![CDATA[01475611470384 Tue Oct 04 17:04:30 BRT 2016 JRedis[tid:1] <INFORMAÇÕES>: WARNING: heartbeat is disabled.
01475611470385 Tue Oct 04 17:04:30 BRT 2016 JRedis[tid:1] <ADVERTÊNCIA>: PROBLEM: Shutting down due to connection FAULT: Socket connect failed [cause: java.net.ConnectException: Conexão recusada] -- make sure the server is running at localhost:6379 - Connection: SYNCHRONOUS  localhost/127.0.0.1:6379 db:0 | SyncConnection@1311292881
01475611470385 Tue Oct 04 17:04:30 BRT 2016 JRedis[tid:1] <GRAVE>: Error creating connection -> Socket connect failed [cause: java.net.ConnectException: Conexão recusada] -- make sure the server is running at localhost:6379
]]></system-err>
  </testcase>
  <testcase name="testRemoveLast[10]" classname="org.springframework.data.redis.support.collections.RedisListTests" time="0.001">
    <error message="Could not get a resource from the pool; nested exception is org.jredis.ClientRuntimeException: null reference:{connection on setConnection()} in method JRedisClient.setConnection() [file: JRedisClient.java line:158 - package: org.jredis.ri.alphazero] cause: =&gt; [IllegalArgumentException: null reference:{connection on setConnection()} in method JRedisClient.setConnection() [file: JRedisClient.java line:158 - package: org.jredis.ri.alphazero]]" type="org.springframework.data.redis.connection.PoolException">org.springframework.data.redis.connection.PoolException: Could not get a resource from the pool; nested exception is org.jredis.ClientRuntimeException: null reference:{connection on setConnection()} in method JRedisClient.setConnection() [file: JRedisClient.java line:158 - package: org.jredis.ri.alphazero] cause: => [IllegalArgumentException: null reference:{connection on setConnection()} in method JRedisClient.setConnection() [file: JRedisClient.java line:158 - package: org.jredis.ri.alphazero]]
Caused by: org.jredis.ClientRuntimeException: null reference:{connection on setConnection()} in method JRedisClient.setConnection() [file: JRedisClient.java line:158 - package: org.jredis.ri.alphazero] cause: => [IllegalArgumentException: null reference:{connection on setConnection()} in method JRedisClient.setConnection() [file: JRedisClient.java line:158 - package: org.jredis.ri.alphazero]]
Caused by: java.lang.IllegalArgumentException: null reference:{connection on setConnection()} in method JRedisClient.setConnection() [file: JRedisClient.java line:158 - package: org.jredis.ri.alphazero]
</error>
    <system-err><![CDATA[01475611470385 Tue Oct 04 17:04:30 BRT 2016 JRedis[tid:1] <INFORMAÇÕES>: WARNING: heartbeat is disabled.
01475611470385 Tue Oct 04 17:04:30 BRT 2016 JRedis[tid:1] <ADVERTÊNCIA>: PROBLEM: Shutting down due to connection FAULT: Socket connect failed [cause: java.net.ConnectException: Conexão recusada] -- make sure the server is running at localhost:6379 - Connection: SYNCHRONOUS  localhost/127.0.0.1:6379 db:0 | SyncConnection@1408533352
01475611470385 Tue Oct 04 17:04:30 BRT 2016 JRedis[tid:1] <GRAVE>: Error creating connection -> Socket connect failed [cause: java.net.ConnectException: Conexão recusada] -- make sure the server is running at localhost:6379
01475611470386 Tue Oct 04 17:04:30 BRT 2016 JRedis[tid:1] <INFORMAÇÕES>: WARNING: heartbeat is disabled.
01475611470386 Tue Oct 04 17:04:30 BRT 2016 JRedis[tid:1] <ADVERTÊNCIA>: PROBLEM: Shutting down due to connection FAULT: Socket connect failed [cause: java.net.ConnectException: Conexão recusada] -- make sure the server is running at localhost:6379 - Connection: SYNCHRONOUS  localhost/127.0.0.1:6379 db:0 | SyncConnection@617928649
01475611470386 Tue Oct 04 17:04:30 BRT 2016 JRedis[tid:1] <GRAVE>: Error creating connection -> Socket connect failed [cause: java.net.ConnectException: Conexão recusada] -- make sure the server is running at localhost:6379
]]></system-err>
  </testcase>
  <testcase name="testRemoveLast[10]" classname="org.springframework.data.redis.support.collections.RedisListTests" time="0.001">
    <error message="Could not get a resource from the pool; nested exception is org.jredis.ClientRuntimeException: null reference:{connection on setConnection()} in method JRedisClient.setConnection() [file: JRedisClient.java line:158 - package: org.jredis.ri.alphazero] cause: =&gt; [IllegalArgumentException: null reference:{connection on setConnection()} in method JRedisClient.setConnection() [file: JRedisClient.java line:158 - package: org.jredis.ri.alphazero]]" type="org.springframework.data.redis.connection.PoolException">org.springframework.data.redis.connection.PoolException: Could not get a resource from the pool; nested exception is org.jredis.ClientRuntimeException: null reference:{connection on setConnection()} in method JRedisClient.setConnection() [file: JRedisClient.java line:158 - package: org.jredis.ri.alphazero] cause: => [IllegalArgumentException: null reference:{connection on setConnection()} in method JRedisClient.setConnection() [file: JRedisClient.java line:158 - package: org.jredis.ri.alphazero]]
Caused by: org.jredis.ClientRuntimeException: null reference:{connection on setConnection()} in method JRedisClient.setConnection() [file: JRedisClient.java line:158 - package: org.jredis.ri.alphazero] cause: => [IllegalArgumentException: null reference:{connection on setConnection()} in method JRedisClient.setConnection() [file: JRedisClient.java line:158 - package: org.jredis.ri.alphazero]]
Caused by: java.lang.IllegalArgumentException: null reference:{connection on setConnection()} in method JRedisClient.setConnection() [file: JRedisClient.java line:158 - package: org.jredis.ri.alphazero]
</error>
  </testcase>
  <testcase name="testAddIndexObjectHead[10]" classname="org.springframework.data.redis.support.collections.RedisListTests" time="0.001">
    <error message="Could not get a resource from the pool; nested exception is org.jredis.ClientRuntimeException: null reference:{connection on setConnection()} in method JRedisClient.setConnection() [file: JRedisClient.java line:158 - package: org.jredis.ri.alphazero] cause: =&gt; [IllegalArgumentException: null reference:{connection on setConnection()} in method JRedisClient.setConnection() [file: JRedisClient.java line:158 - package: org.jredis.ri.alphazero]]" type="org.springframework.data.redis.connection.PoolException">org.springframework.data.redis.connection.PoolException: Could not get a resource from the pool; nested exception is org.jredis.ClientRuntimeException: null reference:{connection on setConnection()} in method JRedisClient.setConnection() [file: JRedisClient.java line:158 - package: org.jredis.ri.alphazero] cause: => [IllegalArgumentException: null reference:{connection on setConnection()} in method JRedisClient.setConnection() [file: JRedisClient.java line:158 - package: org.jredis.ri.alphazero]]
Caused by: org.jredis.ClientRuntimeException: null reference:{connection on setConnection()} in method JRedisClient.setConnection() [file: JRedisClient.java line:158 - package: org.jredis.ri.alphazero] cause: => [IllegalArgumentException: null reference:{connection on setConnection()} in method JRedisClient.setConnection() [file: JRedisClient.java line:158 - package: org.jredis.ri.alphazero]]
Caused by: java.lang.IllegalArgumentException: null reference:{connection on setConnection()} in method JRedisClient.setConnection() [file: JRedisClient.java line:158 - package: org.jredis.ri.alphazero]
</error>
    <system-err><![CDATA[01475611470387 Tue Oct 04 17:04:30 BRT 2016 JRedis[tid:1] <INFORMAÇÕES>: WARNING: heartbeat is disabled.
01475611470387 Tue Oct 04 17:04:30 BRT 2016 JRedis[tid:1] <ADVERTÊNCIA>: PROBLEM: Shutting down due to connection FAULT: Socket connect failed [cause: java.net.ConnectException: Conexão recusada] -- make sure the server is running at localhost:6379 - Connection: SYNCHRONOUS  localhost/127.0.0.1:6379 db:0 | SyncConnection@252615006
01475611470387 Tue Oct 04 17:04:30 BRT 2016 JRedis[tid:1] <GRAVE>: Error creating connection -> Socket connect failed [cause: java.net.ConnectException: Conexão recusada] -- make sure the server is running at localhost:6379
01475611470387 Tue Oct 04 17:04:30 BRT 2016 JRedis[tid:1] <INFORMAÇÕES>: WARNING: heartbeat is disabled.
01475611470387 Tue Oct 04 17:04:30 BRT 2016 JRedis[tid:1] <ADVERTÊNCIA>: PROBLEM: Shutting down due to connection FAULT: Socket connect failed [cause: java.net.ConnectException: Conexão recusada] -- make sure the server is running at localhost:6379 - Connection: SYNCHRONOUS  localhost/127.0.0.1:6379 db:0 | SyncConnection@79919963
01475611470387 Tue Oct 04 17:04:30 BRT 2016 JRedis[tid:1] <GRAVE>: Error creating connection -> Socket connect failed [cause: java.net.ConnectException: Conexão recusada] -- make sure the server is running at localhost:6379
]]></system-err>
  </testcase>
  <testcase name="testAddIndexObjectHead[10]" classname="org.springframework.data.redis.support.collections.RedisListTests" time="0.001">
    <error message="Could not get a resource from the pool; nested exception is org.jredis.ClientRuntimeException: null reference:{connection on setConnection()} in method JRedisClient.setConnection() [file: JRedisClient.java line:158 - package: org.jredis.ri.alphazero] cause: =&gt; [IllegalArgumentException: null reference:{connection on setConnection()} in method JRedisClient.setConnection() [file: JRedisClient.java line:158 - package: org.jredis.ri.alphazero]]" type="org.springframework.data.redis.connection.PoolException">org.springframework.data.redis.connection.PoolException: Could not get a resource from the pool; nested exception is org.jredis.ClientRuntimeException: null reference:{connection on setConnection()} in method JRedisClient.setConnection() [file: JRedisClient.java line:158 - package: org.jredis.ri.alphazero] cause: => [IllegalArgumentException: null reference:{connection on setConnection()} in method JRedisClient.setConnection() [file: JRedisClient.java line:158 - package: org.jredis.ri.alphazero]]
Caused by: org.jredis.ClientRuntimeException: null reference:{connection on setConnection()} in method JRedisClient.setConnection() [file: JRedisClient.java line:158 - package: org.jredis.ri.alphazero] cause: => [IllegalArgumentException: null reference:{connection on setConnection()} in method JRedisClient.setConnection() [file: JRedisClient.java line:158 - package: org.jredis.ri.alphazero]]
Caused by: java.lang.IllegalArgumentException: null reference:{connection on setConnection()} in method JRedisClient.setConnection() [file: JRedisClient.java line:158 - package: org.jredis.ri.alphazero]
</error>
  </testcase>
  <testcase name="testAddIndexObjectTail[10]" classname="org.springframework.data.redis.support.collections.RedisListTests" time="0.001">
    <error message="Could not get a resource from the pool; nested exception is org.jredis.ClientRuntimeException: null reference:{connection on setConnection()} in method JRedisClient.setConnection() [file: JRedisClient.java line:158 - package: org.jredis.ri.alphazero] cause: =&gt; [IllegalArgumentException: null reference:{connection on setConnection()} in method JRedisClient.setConnection() [file: JRedisClient.java line:158 - package: org.jredis.ri.alphazero]]" type="org.springframework.data.redis.connection.PoolException">org.springframework.data.redis.connection.PoolException: Could not get a resource from the pool; nested exception is org.jredis.ClientRuntimeException: null reference:{connection on setConnection()} in method JRedisClient.setConnection() [file: JRedisClient.java line:158 - package: org.jredis.ri.alphazero] cause: => [IllegalArgumentException: null reference:{connection on setConnection()} in method JRedisClient.setConnection() [file: JRedisClient.java line:158 - package: org.jredis.ri.alphazero]]
Caused by: org.jredis.ClientRuntimeException: null reference:{connection on setConnection()} in method JRedisClient.setConnection() [file: JRedisClient.java line:158 - package: org.jredis.ri.alphazero] cause: => [IllegalArgumentException: null reference:{connection on setConnection()} in method JRedisClient.setConnection() [file: JRedisClient.java line:158 - package: org.jredis.ri.alphazero]]
Caused by: java.lang.IllegalArgumentException: null reference:{connection on setConnection()} in method JRedisClient.setConnection() [file: JRedisClient.java line:158 - package: org.jredis.ri.alphazero]
</error>
    <system-err><![CDATA[01475611470388 Tue Oct 04 17:04:30 BRT 2016 JRedis[tid:1] <INFORMAÇÕES>: WARNING: heartbeat is disabled.
01475611470388 Tue Oct 04 17:04:30 BRT 2016 JRedis[tid:1] <ADVERTÊNCIA>: PROBLEM: Shutting down due to connection FAULT: Socket connect failed [cause: java.net.ConnectException: Conexão recusada] -- make sure the server is running at localhost:6379 - Connection: SYNCHRONOUS  localhost/127.0.0.1:6379 db:0 | SyncConnection@1943750504
01475611470388 Tue Oct 04 17:04:30 BRT 2016 JRedis[tid:1] <GRAVE>: Error creating connection -> Socket connect failed [cause: java.net.ConnectException: Conexão recusada] -- make sure the server is running at localhost:6379
01475611470389 Tue Oct 04 17:04:30 BRT 2016 JRedis[tid:1] <INFORMAÇÕES>: WARNING: heartbeat is disabled.
01475611470389 Tue Oct 04 17:04:30 BRT 2016 JRedis[tid:1] <ADVERTÊNCIA>: PROBLEM: Shutting down due to connection FAULT: Socket connect failed [cause: java.net.ConnectException: Conexão recusada] -- make sure the server is running at localhost:6379 - Connection: SYNCHRONOUS  localhost/127.0.0.1:6379 db:0 | SyncConnection@1907604549
01475611470389 Tue Oct 04 17:04:30 BRT 2016 JRedis[tid:1] <GRAVE>: Error creating connection -> Socket connect failed [cause: java.net.ConnectException: Conexão recusada] -- make sure the server is running at localhost:6379
]]></system-err>
  </testcase>
  <testcase name="testAddIndexObjectTail[10]" classname="org.springframework.data.redis.support.collections.RedisListTests" time="0.001">
    <error message="Could not get a resource from the pool; nested exception is org.jredis.ClientRuntimeException: null reference:{connection on setConnection()} in method JRedisClient.setConnection() [file: JRedisClient.java line:158 - package: org.jredis.ri.alphazero] cause: =&gt; [IllegalArgumentException: null reference:{connection on setConnection()} in method JRedisClient.setConnection() [file: JRedisClient.java line:158 - package: org.jredis.ri.alphazero]]" type="org.springframework.data.redis.connection.PoolException">org.springframework.data.redis.connection.PoolException: Could not get a resource from the pool; nested exception is org.jredis.ClientRuntimeException: null reference:{connection on setConnection()} in method JRedisClient.setConnection() [file: JRedisClient.java line:158 - package: org.jredis.ri.alphazero] cause: => [IllegalArgumentException: null reference:{connection on setConnection()} in method JRedisClient.setConnection() [file: JRedisClient.java line:158 - package: org.jredis.ri.alphazero]]
Caused by: org.jredis.ClientRuntimeException: null reference:{connection on setConnection()} in method JRedisClient.setConnection() [file: JRedisClient.java line:158 - package: org.jredis.ri.alphazero] cause: => [IllegalArgumentException: null reference:{connection on setConnection()} in method JRedisClient.setConnection() [file: JRedisClient.java line:158 - package: org.jredis.ri.alphazero]]
Caused by: java.lang.IllegalArgumentException: null reference:{connection on setConnection()} in method JRedisClient.setConnection() [file: JRedisClient.java line:158 - package: org.jredis.ri.alphazero]
</error>
  </testcase>
  <testcase name="testPollFirst[10]" classname="org.springframework.data.redis.support.collections.RedisListTests" time="0.001">
    <error message="Could not get a resource from the pool; nested exception is org.jredis.ClientRuntimeException: null reference:{connection on setConnection()} in method JRedisClient.setConnection() [file: JRedisClient.java line:158 - package: org.jredis.ri.alphazero] cause: =&gt; [IllegalArgumentException: null reference:{connection on setConnection()} in method JRedisClient.setConnection() [file: JRedisClient.java line:158 - package: org.jredis.ri.alphazero]]" type="org.springframework.data.redis.connection.PoolException">org.springframework.data.redis.connection.PoolException: Could not get a resource from the pool; nested exception is org.jredis.ClientRuntimeException: null reference:{connection on setConnection()} in method JRedisClient.setConnection() [file: JRedisClient.java line:158 - package: org.jredis.ri.alphazero] cause: => [IllegalArgumentException: null reference:{connection on setConnection()} in method JRedisClient.setConnection() [file: JRedisClient.java line:158 - package: org.jredis.ri.alphazero]]
Caused by: org.jredis.ClientRuntimeException: null reference:{connection on setConnection()} in method JRedisClient.setConnection() [file: JRedisClient.java line:158 - package: org.jredis.ri.alphazero] cause: => [IllegalArgumentException: null reference:{connection on setConnection()} in method JRedisClient.setConnection() [file: JRedisClient.java line:158 - package: org.jredis.ri.alphazero]]
Caused by: java.lang.IllegalArgumentException: null reference:{connection on setConnection()} in method JRedisClient.setConnection() [file: JRedisClient.java line:158 - package: org.jredis.ri.alphazero]
</error>
    <system-err><![CDATA[01475611470389 Tue Oct 04 17:04:30 BRT 2016 JRedis[tid:1] <INFORMAÇÕES>: WARNING: heartbeat is disabled.
01475611470390 Tue Oct 04 17:04:30 BRT 2016 JRedis[tid:1] <ADVERTÊNCIA>: PROBLEM: Shutting down due to connection FAULT: Socket connect failed [cause: java.net.ConnectException: Conexão recusada] -- make sure the server is running at localhost:6379 - Connection: SYNCHRONOUS  localhost/127.0.0.1:6379 db:0 | SyncConnection@176955204
01475611470390 Tue Oct 04 17:04:30 BRT 2016 JRedis[tid:1] <GRAVE>: Error creating connection -> Socket connect failed [cause: java.net.ConnectException: Conexão recusada] -- make sure the server is running at localhost:6379
01475611470390 Tue Oct 04 17:04:30 BRT 2016 JRedis[tid:1] <INFORMAÇÕES>: WARNING: heartbeat is disabled.
01475611470390 Tue Oct 04 17:04:30 BRT 2016 JRedis[tid:1] <ADVERTÊNCIA>: PROBLEM: Shutting down due to connection FAULT: Socket connect failed [cause: java.net.ConnectException: Conexão recusada] -- make sure the server is running at localhost:6379 - Connection: SYNCHRONOUS  localhost/127.0.0.1:6379 db:0 | SyncConnection@353023213
01475611470390 Tue Oct 04 17:04:30 BRT 2016 JRedis[tid:1] <GRAVE>: Error creating connection -> Socket connect failed [cause: java.net.ConnectException: Conexão recusada] -- make sure the server is running at localhost:6379
]]></system-err>
  </testcase>
  <testcase name="testPollFirst[10]" classname="org.springframework.data.redis.support.collections.RedisListTests" time="0.002">
    <error message="Could not get a resource from the pool; nested exception is org.jredis.ClientRuntimeException: null reference:{connection on setConnection()} in method JRedisClient.setConnection() [file: JRedisClient.java line:158 - package: org.jredis.ri.alphazero] cause: =&gt; [IllegalArgumentException: null reference:{connection on setConnection()} in method JRedisClient.setConnection() [file: JRedisClient.java line:158 - package: org.jredis.ri.alphazero]]" type="org.springframework.data.redis.connection.PoolException">org.springframework.data.redis.connection.PoolException: Could not get a resource from the pool; nested exception is org.jredis.ClientRuntimeException: null reference:{connection on setConnection()} in method JRedisClient.setConnection() [file: JRedisClient.java line:158 - package: org.jredis.ri.alphazero] cause: => [IllegalArgumentException: null reference:{connection on setConnection()} in method JRedisClient.setConnection() [file: JRedisClient.java line:158 - package: org.jredis.ri.alphazero]]
Caused by: org.jredis.ClientRuntimeException: null reference:{connection on setConnection()} in method JRedisClient.setConnection() [file: JRedisClient.java line:158 - package: org.jredis.ri.alphazero] cause: => [IllegalArgumentException: null reference:{connection on setConnection()} in method JRedisClient.setConnection() [file: JRedisClient.java line:158 - package: org.jredis.ri.alphazero]]
Caused by: java.lang.IllegalArgumentException: null reference:{connection on setConnection()} in method JRedisClient.setConnection() [file: JRedisClient.java line:158 - package: org.jredis.ri.alphazero]
</error>
  </testcase>
  <testcase name="testAddIndexObjectMiddle[10]" classname="org.springframework.data.redis.support.collections.RedisListTests" time="0.001">
    <error message="Unexpected exception, expected&lt;java.lang.IllegalArgumentException&gt; but was&lt;org.springframework.data.redis.connection.PoolException&gt;" type="java.lang.Exception"><![CDATA[java.lang.Exception: Unexpected exception, expected<java.lang.IllegalArgumentException> but was<org.springframework.data.redis.connection.PoolException>
Caused by: org.springframework.data.redis.connection.PoolException: Could not get a resource from the pool; nested exception is org.jredis.ClientRuntimeException: null reference:{connection on setConnection()} in method JRedisClient.setConnection() [file: JRedisClient.java line:158 - package: org.jredis.ri.alphazero] cause: => [IllegalArgumentException: null reference:{connection on setConnection()} in method JRedisClient.setConnection() [file: JRedisClient.java line:158 - package: org.jredis.ri.alphazero]]
Caused by: org.jredis.ClientRuntimeException: null reference:{connection on setConnection()} in method JRedisClient.setConnection() [file: JRedisClient.java line:158 - package: org.jredis.ri.alphazero] cause: => [IllegalArgumentException: null reference:{connection on setConnection()} in method JRedisClient.setConnection() [file: JRedisClient.java line:158 - package: org.jredis.ri.alphazero]]
Caused by: java.lang.IllegalArgumentException: null reference:{connection on setConnection()} in method JRedisClient.setConnection() [file: JRedisClient.java line:158 - package: org.jredis.ri.alphazero]
]]></error>
    <system-err><![CDATA[01475611470391 Tue Oct 04 17:04:30 BRT 2016 JRedis[tid:1] <INFORMAÇÕES>: WARNING: heartbeat is disabled.
01475611470391 Tue Oct 04 17:04:30 BRT 2016 JRedis[tid:1] <ADVERTÊNCIA>: PROBLEM: Shutting down due to connection FAULT: Socket connect failed [cause: java.net.ConnectException: Conexão recusada] -- make sure the server is running at localhost:6379 - Connection: SYNCHRONOUS  localhost/127.0.0.1:6379 db:0 | SyncConnection@1011044643
01475611470391 Tue Oct 04 17:04:30 BRT 2016 JRedis[tid:1] <GRAVE>: Error creating connection -> Socket connect failed [cause: java.net.ConnectException: Conexão recusada] -- make sure the server is running at localhost:6379
01475611470391 Tue Oct 04 17:04:30 BRT 2016 JRedis[tid:1] <INFORMAÇÕES>: WARNING: heartbeat is disabled.
01475611470391 Tue Oct 04 17:04:30 BRT 2016 JRedis[tid:1] <ADVERTÊNCIA>: PROBLEM: Shutting down due to connection FAULT: Socket connect failed [cause: java.net.ConnectException: Conexão recusada] -- make sure the server is running at localhost:6379 - Connection: SYNCHRONOUS  localhost/127.0.0.1:6379 db:0 | SyncConnection@1358857082
01475611470391 Tue Oct 04 17:04:30 BRT 2016 JRedis[tid:1] <GRAVE>: Error creating connection -> Socket connect failed [cause: java.net.ConnectException: Conexão recusada] -- make sure the server is running at localhost:6379
]]></system-err>
  </testcase>
  <testcase name="testAddIndexObjectMiddle[10]" classname="org.springframework.data.redis.support.collections.RedisListTests" time="0.001">
    <error message="Could not get a resource from the pool; nested exception is org.jredis.ClientRuntimeException: null reference:{connection on setConnection()} in method JRedisClient.setConnection() [file: JRedisClient.java line:158 - package: org.jredis.ri.alphazero] cause: =&gt; [IllegalArgumentException: null reference:{connection on setConnection()} in method JRedisClient.setConnection() [file: JRedisClient.java line:158 - package: org.jredis.ri.alphazero]]" type="org.springframework.data.redis.connection.PoolException">org.springframework.data.redis.connection.PoolException: Could not get a resource from the pool; nested exception is org.jredis.ClientRuntimeException: null reference:{connection on setConnection()} in method JRedisClient.setConnection() [file: JRedisClient.java line:158 - package: org.jredis.ri.alphazero] cause: => [IllegalArgumentException: null reference:{connection on setConnection()} in method JRedisClient.setConnection() [file: JRedisClient.java line:158 - package: org.jredis.ri.alphazero]]
Caused by: org.jredis.ClientRuntimeException: null reference:{connection on setConnection()} in method JRedisClient.setConnection() [file: JRedisClient.java line:158 - package: org.jredis.ri.alphazero] cause: => [IllegalArgumentException: null reference:{connection on setConnection()} in method JRedisClient.setConnection() [file: JRedisClient.java line:158 - package: org.jredis.ri.alphazero]]
Caused by: java.lang.IllegalArgumentException: null reference:{connection on setConnection()} in method JRedisClient.setConnection() [file: JRedisClient.java line:158 - package: org.jredis.ri.alphazero]
</error>
  </testcase>
  <testcase name="testPeekLast[10]" classname="org.springframework.data.redis.support.collections.RedisListTests" time="0.001">
    <error message="Could not get a resource from the pool; nested exception is org.jredis.ClientRuntimeException: null reference:{connection on setConnection()} in method JRedisClient.setConnection() [file: JRedisClient.java line:158 - package: org.jredis.ri.alphazero] cause: =&gt; [IllegalArgumentException: null reference:{connection on setConnection()} in method JRedisClient.setConnection() [file: JRedisClient.java line:158 - package: org.jredis.ri.alphazero]]" type="org.springframework.data.redis.connection.PoolException">org.springframework.data.redis.connection.PoolException: Could not get a resource from the pool; nested exception is org.jredis.ClientRuntimeException: null reference:{connection on setConnection()} in method JRedisClient.setConnection() [file: JRedisClient.java line:158 - package: org.jredis.ri.alphazero] cause: => [IllegalArgumentException: null reference:{connection on setConnection()} in method JRedisClient.setConnection() [file: JRedisClient.java line:158 - package: org.jredis.ri.alphazero]]
Caused by: org.jredis.ClientRuntimeException: null reference:{connection on setConnection()} in method JRedisClient.setConnection() [file: JRedisClient.java line:158 - package: org.jredis.ri.alphazero] cause: => [IllegalArgumentException: null reference:{connection on setConnection()} in method JRedisClient.setConnection() [file: JRedisClient.java line:158 - package: org.jredis.ri.alphazero]]
Caused by: java.lang.IllegalArgumentException: null reference:{connection on setConnection()} in method JRedisClient.setConnection() [file: JRedisClient.java line:158 - package: org.jredis.ri.alphazero]
</error>
    <system-err><![CDATA[01475611470392 Tue Oct 04 17:04:30 BRT 2016 JRedis[tid:1] <INFORMAÇÕES>: WARNING: heartbeat is disabled.
01475611470392 Tue Oct 04 17:04:30 BRT 2016 JRedis[tid:1] <ADVERTÊNCIA>: PROBLEM: Shutting down due to connection FAULT: Socket connect failed [cause: java.net.ConnectException: Conexão recusada] -- make sure the server is running at localhost:6379 - Connection: SYNCHRONOUS  localhost/127.0.0.1:6379 db:0 | SyncConnection@979550238
01475611470392 Tue Oct 04 17:04:30 BRT 2016 JRedis[tid:1] <GRAVE>: Error creating connection -> Socket connect failed [cause: java.net.ConnectException: Conexão recusada] -- make sure the server is running at localhost:6379
01475611470393 Tue Oct 04 17:04:30 BRT 2016 JRedis[tid:1] <INFORMAÇÕES>: WARNING: heartbeat is disabled.
01475611470393 Tue Oct 04 17:04:30 BRT 2016 JRedis[tid:1] <ADVERTÊNCIA>: PROBLEM: Shutting down due to connection FAULT: Socket connect failed [cause: java.net.ConnectException: Conexão recusada] -- make sure the server is running at localhost:6379 - Connection: SYNCHRONOUS  localhost/127.0.0.1:6379 db:0 | SyncConnection@2056234595
01475611470393 Tue Oct 04 17:04:30 BRT 2016 JRedis[tid:1] <GRAVE>: Error creating connection -> Socket connect failed [cause: java.net.ConnectException: Conexão recusada] -- make sure the server is running at localhost:6379
]]></system-err>
  </testcase>
  <testcase name="testPeekLast[10]" classname="org.springframework.data.redis.support.collections.RedisListTests" time="0.001">
    <error message="Could not get a resource from the pool; nested exception is org.jredis.ClientRuntimeException: null reference:{connection on setConnection()} in method JRedisClient.setConnection() [file: JRedisClient.java line:158 - package: org.jredis.ri.alphazero] cause: =&gt; [IllegalArgumentException: null reference:{connection on setConnection()} in method JRedisClient.setConnection() [file: JRedisClient.java line:158 - package: org.jredis.ri.alphazero]]" type="org.springframework.data.redis.connection.PoolException">org.springframework.data.redis.connection.PoolException: Could not get a resource from the pool; nested exception is org.jredis.ClientRuntimeException: null reference:{connection on setConnection()} in method JRedisClient.setConnection() [file: JRedisClient.java line:158 - package: org.jredis.ri.alphazero] cause: => [IllegalArgumentException: null reference:{connection on setConnection()} in method JRedisClient.setConnection() [file: JRedisClient.java line:158 - package: org.jredis.ri.alphazero]]
Caused by: org.jredis.ClientRuntimeException: null reference:{connection on setConnection()} in method JRedisClient.setConnection() [file: JRedisClient.java line:158 - package: org.jredis.ri.alphazero] cause: => [IllegalArgumentException: null reference:{connection on setConnection()} in method JRedisClient.setConnection() [file: JRedisClient.java line:158 - package: org.jredis.ri.alphazero]]
Caused by: java.lang.IllegalArgumentException: null reference:{connection on setConnection()} in method JRedisClient.setConnection() [file: JRedisClient.java line:158 - package: org.jredis.ri.alphazero]
</error>
  </testcase>
  <testcase name="testRemoveFirstOccurrence[10]" classname="org.springframework.data.redis.support.collections.RedisListTests" time="0.001">
    <error message="Could not get a resource from the pool; nested exception is org.jredis.ClientRuntimeException: null reference:{connection on setConnection()} in method JRedisClient.setConnection() [file: JRedisClient.java line:158 - package: org.jredis.ri.alphazero] cause: =&gt; [IllegalArgumentException: null reference:{connection on setConnection()} in method JRedisClient.setConnection() [file: JRedisClient.java line:158 - package: org.jredis.ri.alphazero]]" type="org.springframework.data.redis.connection.PoolException">org.springframework.data.redis.connection.PoolException: Could not get a resource from the pool; nested exception is org.jredis.ClientRuntimeException: null reference:{connection on setConnection()} in method JRedisClient.setConnection() [file: JRedisClient.java line:158 - package: org.jredis.ri.alphazero] cause: => [IllegalArgumentException: null reference:{connection on setConnection()} in method JRedisClient.setConnection() [file: JRedisClient.java line:158 - package: org.jredis.ri.alphazero]]
Caused by: org.jredis.ClientRuntimeException: null reference:{connection on setConnection()} in method JRedisClient.setConnection() [file: JRedisClient.java line:158 - package: org.jredis.ri.alphazero] cause: => [IllegalArgumentException: null reference:{connection on setConnection()} in method JRedisClient.setConnection() [file: JRedisClient.java line:158 - package: org.jredis.ri.alphazero]]
Caused by: java.lang.IllegalArgumentException: null reference:{connection on setConnection()} in method JRedisClient.setConnection() [file: JRedisClient.java line:158 - package: org.jredis.ri.alphazero]
</error>
    <system-err><![CDATA[01475611470393 Tue Oct 04 17:04:30 BRT 2016 JRedis[tid:1] <INFORMAÇÕES>: WARNING: heartbeat is disabled.
01475611470393 Tue Oct 04 17:04:30 BRT 2016 JRedis[tid:1] <ADVERTÊNCIA>: PROBLEM: Shutting down due to connection FAULT: Socket connect failed [cause: java.net.ConnectException: Conexão recusada] -- make sure the server is running at localhost:6379 - Connection: SYNCHRONOUS  localhost/127.0.0.1:6379 db:0 | SyncConnection@1558395480
01475611470394 Tue Oct 04 17:04:30 BRT 2016 JRedis[tid:1] <GRAVE>: Error creating connection -> Socket connect failed [cause: java.net.ConnectException: Conexão recusada] -- make sure the server is running at localhost:6379
01475611470394 Tue Oct 04 17:04:30 BRT 2016 JRedis[tid:1] <INFORMAÇÕES>: WARNING: heartbeat is disabled.
01475611470394 Tue Oct 04 17:04:30 BRT 2016 JRedis[tid:1] <ADVERTÊNCIA>: PROBLEM: Shutting down due to connection FAULT: Socket connect failed [cause: java.net.ConnectException: Conexão recusada] -- make sure the server is running at localhost:6379 - Connection: SYNCHRONOUS  localhost/127.0.0.1:6379 db:0 | SyncConnection@2023917549
01475611470394 Tue Oct 04 17:04:30 BRT 2016 JRedis[tid:1] <GRAVE>: Error creating connection -> Socket connect failed [cause: java.net.ConnectException: Conexão recusada] -- make sure the server is running at localhost:6379
]]></system-err>
  </testcase>
  <testcase name="testRemoveFirstOccurrence[10]" classname="org.springframework.data.redis.support.collections.RedisListTests" time="0.001">
    <error message="Could not get a resource from the pool; nested exception is org.jredis.ClientRuntimeException: null reference:{connection on setConnection()} in method JRedisClient.setConnection() [file: JRedisClient.java line:158 - package: org.jredis.ri.alphazero] cause: =&gt; [IllegalArgumentException: null reference:{connection on setConnection()} in method JRedisClient.setConnection() [file: JRedisClient.java line:158 - package: org.jredis.ri.alphazero]]" type="org.springframework.data.redis.connection.PoolException">org.springframework.data.redis.connection.PoolException: Could not get a resource from the pool; nested exception is org.jredis.ClientRuntimeException: null reference:{connection on setConnection()} in method JRedisClient.setConnection() [file: JRedisClient.java line:158 - package: org.jredis.ri.alphazero] cause: => [IllegalArgumentException: null reference:{connection on setConnection()} in method JRedisClient.setConnection() [file: JRedisClient.java line:158 - package: org.jredis.ri.alphazero]]
Caused by: org.jredis.ClientRuntimeException: null reference:{connection on setConnection()} in method JRedisClient.setConnection() [file: JRedisClient.java line:158 - package: org.jredis.ri.alphazero] cause: => [IllegalArgumentException: null reference:{connection on setConnection()} in method JRedisClient.setConnection() [file: JRedisClient.java line:158 - package: org.jredis.ri.alphazero]]
Caused by: java.lang.IllegalArgumentException: null reference:{connection on setConnection()} in method JRedisClient.setConnection() [file: JRedisClient.java line:158 - package: org.jredis.ri.alphazero]
</error>
  </testcase>
  <testcase name="addAllIndexCollectionHead[10]" classname="org.springframework.data.redis.support.collections.RedisListTests" time="0.016">
    <error message="Could not get a resource from the pool; nested exception is org.jredis.ClientRuntimeException: null reference:{connection on setConnection()} in method JRedisClient.setConnection() [file: JRedisClient.java line:158 - package: org.jredis.ri.alphazero] cause: =&gt; [IllegalArgumentException: null reference:{connection on setConnection()} in method JRedisClient.setConnection() [file: JRedisClient.java line:158 - package: org.jredis.ri.alphazero]]" type="org.springframework.data.redis.connection.PoolException">org.springframework.data.redis.connection.PoolException: Could not get a resource from the pool; nested exception is org.jredis.ClientRuntimeException: null reference:{connection on setConnection()} in method JRedisClient.setConnection() [file: JRedisClient.java line:158 - package: org.jredis.ri.alphazero] cause: => [IllegalArgumentException: null reference:{connection on setConnection()} in method JRedisClient.setConnection() [file: JRedisClient.java line:158 - package: org.jredis.ri.alphazero]]
Caused by: org.jredis.ClientRuntimeException: null reference:{connection on setConnection()} in method JRedisClient.setConnection() [file: JRedisClient.java line:158 - package: org.jredis.ri.alphazero] cause: => [IllegalArgumentException: null reference:{connection on setConnection()} in method JRedisClient.setConnection() [file: JRedisClient.java line:158 - package: org.jredis.ri.alphazero]]
Caused by: java.lang.IllegalArgumentException: null reference:{connection on setConnection()} in method JRedisClient.setConnection() [file: JRedisClient.java line:158 - package: org.jredis.ri.alphazero]
</error>
    <system-err><![CDATA[01475611470395 Tue Oct 04 17:04:30 BRT 2016 JRedis[tid:1] <INFORMAÇÕES>: WARNING: heartbeat is disabled.
01475611470395 Tue Oct 04 17:04:30 BRT 2016 JRedis[tid:1] <ADVERTÊNCIA>: PROBLEM: Shutting down due to connection FAULT: Socket connect failed [cause: java.net.ConnectException: Conexão recusada] -- make sure the server is running at localhost:6379 - Connection: SYNCHRONOUS  localhost/127.0.0.1:6379 db:0 | SyncConnection@1416415959
01475611470395 Tue Oct 04 17:04:30 BRT 2016 JRedis[tid:1] <GRAVE>: Error creating connection -> Socket connect failed [cause: java.net.ConnectException: Conexão recusada] -- make sure the server is running at localhost:6379
01475611470395 Tue Oct 04 17:04:30 BRT 2016 JRedis[tid:1] <INFORMAÇÕES>: WARNING: heartbeat is disabled.
01475611470395 Tue Oct 04 17:04:30 BRT 2016 JRedis[tid:1] <ADVERTÊNCIA>: PROBLEM: Shutting down due to connection FAULT: Socket connect failed [cause: java.net.ConnectException: Conexão recusada] -- make sure the server is running at localhost:6379 - Connection: SYNCHRONOUS  localhost/127.0.0.1:6379 db:0 | SyncConnection@1398260359
01475611470395 Tue Oct 04 17:04:30 BRT 2016 JRedis[tid:1] <GRAVE>: Error creating connection -> Socket connect failed [cause: java.net.ConnectException: Conexão recusada] -- make sure the server is running at localhost:6379
]]></system-err>
  </testcase>
  <testcase name="addAllIndexCollectionHead[10]" classname="org.springframework.data.redis.support.collections.RedisListTests" time="0.016">
    <error message="Could not get a resource from the pool; nested exception is org.jredis.ClientRuntimeException: null reference:{connection on setConnection()} in method JRedisClient.setConnection() [file: JRedisClient.java line:158 - package: org.jredis.ri.alphazero] cause: =&gt; [IllegalArgumentException: null reference:{connection on setConnection()} in method JRedisClient.setConnection() [file: JRedisClient.java line:158 - package: org.jredis.ri.alphazero]]" type="org.springframework.data.redis.connection.PoolException">org.springframework.data.redis.connection.PoolException: Could not get a resource from the pool; nested exception is org.jredis.ClientRuntimeException: null reference:{connection on setConnection()} in method JRedisClient.setConnection() [file: JRedisClient.java line:158 - package: org.jredis.ri.alphazero] cause: => [IllegalArgumentException: null reference:{connection on setConnection()} in method JRedisClient.setConnection() [file: JRedisClient.java line:158 - package: org.jredis.ri.alphazero]]
Caused by: org.jredis.ClientRuntimeException: null reference:{connection on setConnection()} in method JRedisClient.setConnection() [file: JRedisClient.java line:158 - package: org.jredis.ri.alphazero] cause: => [IllegalArgumentException: null reference:{connection on setConnection()} in method JRedisClient.setConnection() [file: JRedisClient.java line:158 - package: org.jredis.ri.alphazero]]
Caused by: java.lang.IllegalArgumentException: null reference:{connection on setConnection()} in method JRedisClient.setConnection() [file: JRedisClient.java line:158 - package: org.jredis.ri.alphazero]
</error>
  </testcase>
  <testcase name="addAllIndexCollectionTail[10]" classname="org.springframework.data.redis.support.collections.RedisListTests" time="0">
    <error message="Could not get a resource from the pool; nested exception is org.jredis.ClientRuntimeException: null reference:{connection on setConnection()} in method JRedisClient.setConnection() [file: JRedisClient.java line:158 - package: org.jredis.ri.alphazero] cause: =&gt; [IllegalArgumentException: null reference:{connection on setConnection()} in method JRedisClient.setConnection() [file: JRedisClient.java line:158 - package: org.jredis.ri.alphazero]]" type="org.springframework.data.redis.connection.PoolException">org.springframework.data.redis.connection.PoolException: Could not get a resource from the pool; nested exception is org.jredis.ClientRuntimeException: null reference:{connection on setConnection()} in method JRedisClient.setConnection() [file: JRedisClient.java line:158 - package: org.jredis.ri.alphazero] cause: => [IllegalArgumentException: null reference:{connection on setConnection()} in method JRedisClient.setConnection() [file: JRedisClient.java line:158 - package: org.jredis.ri.alphazero]]
Caused by: org.jredis.ClientRuntimeException: null reference:{connection on setConnection()} in method JRedisClient.setConnection() [file: JRedisClient.java line:158 - package: org.jredis.ri.alphazero] cause: => [IllegalArgumentException: null reference:{connection on setConnection()} in method JRedisClient.setConnection() [file: JRedisClient.java line:158 - package: org.jredis.ri.alphazero]]
Caused by: java.lang.IllegalArgumentException: null reference:{connection on setConnection()} in method JRedisClient.setConnection() [file: JRedisClient.java line:158 - package: org.jredis.ri.alphazero]
</error>
    <system-err><![CDATA[01475611470396 Tue Oct 04 17:04:30 BRT 2016 JRedis[tid:1] <INFORMAÇÕES>: WARNING: heartbeat is disabled.
01475611470397 Tue Oct 04 17:04:30 BRT 2016 JRedis[tid:1] <ADVERTÊNCIA>: PROBLEM: Shutting down due to connection FAULT: Socket connect failed [cause: java.net.ConnectException: Conexão recusada] -- make sure the server is running at localhost:6379 - Connection: SYNCHRONOUS  localhost/127.0.0.1:6379 db:0 | SyncConnection@371397455
01475611470397 Tue Oct 04 17:04:30 BRT 2016 JRedis[tid:1] <GRAVE>: Error creating connection -> Socket connect failed [cause: java.net.ConnectException: Conexão recusada] -- make sure the server is running at localhost:6379
01475611470397 Tue Oct 04 17:04:30 BRT 2016 JRedis[tid:1] <INFORMAÇÕES>: WARNING: heartbeat is disabled.
01475611470397 Tue Oct 04 17:04:30 BRT 2016 JRedis[tid:1] <ADVERTÊNCIA>: PROBLEM: Shutting down due to connection FAULT: Socket connect failed [cause: java.net.ConnectException: Conexão recusada] -- make sure the server is running at localhost:6379 - Connection: SYNCHRONOUS  localhost/127.0.0.1:6379 db:0 | SyncConnection@2052223881
01475611470397 Tue Oct 04 17:04:30 BRT 2016 JRedis[tid:1] <GRAVE>: Error creating connection -> Socket connect failed [cause: java.net.ConnectException: Conexão recusada] -- make sure the server is running at localhost:6379
]]></system-err>
  </testcase>
  <testcase name="addAllIndexCollectionTail[10]" classname="org.springframework.data.redis.support.collections.RedisListTests" time="0">
    <error message="Could not get a resource from the pool; nested exception is org.jredis.ClientRuntimeException: null reference:{connection on setConnection()} in method JRedisClient.setConnection() [file: JRedisClient.java line:158 - package: org.jredis.ri.alphazero] cause: =&gt; [IllegalArgumentException: null reference:{connection on setConnection()} in method JRedisClient.setConnection() [file: JRedisClient.java line:158 - package: org.jredis.ri.alphazero]]" type="org.springframework.data.redis.connection.PoolException">org.springframework.data.redis.connection.PoolException: Could not get a resource from the pool; nested exception is org.jredis.ClientRuntimeException: null reference:{connection on setConnection()} in method JRedisClient.setConnection() [file: JRedisClient.java line:158 - package: org.jredis.ri.alphazero] cause: => [IllegalArgumentException: null reference:{connection on setConnection()} in method JRedisClient.setConnection() [file: JRedisClient.java line:158 - package: org.jredis.ri.alphazero]]
Caused by: org.jredis.ClientRuntimeException: null reference:{connection on setConnection()} in method JRedisClient.setConnection() [file: JRedisClient.java line:158 - package: org.jredis.ri.alphazero] cause: => [IllegalArgumentException: null reference:{connection on setConnection()} in method JRedisClient.setConnection() [file: JRedisClient.java line:158 - package: org.jredis.ri.alphazero]]
Caused by: java.lang.IllegalArgumentException: null reference:{connection on setConnection()} in method JRedisClient.setConnection() [file: JRedisClient.java line:158 - package: org.jredis.ri.alphazero]
</error>
  </testcase>
  <testcase name="addAllIndexCollectionMiddle[10]" classname="org.springframework.data.redis.support.collections.RedisListTests" time="0">
    <error message="Unexpected exception, expected&lt;java.lang.IllegalArgumentException&gt; but was&lt;org.springframework.data.redis.connection.PoolException&gt;" type="java.lang.Exception"><![CDATA[java.lang.Exception: Unexpected exception, expected<java.lang.IllegalArgumentException> but was<org.springframework.data.redis.connection.PoolException>
Caused by: org.springframework.data.redis.connection.PoolException: Could not get a resource from the pool; nested exception is org.jredis.ClientRuntimeException: null reference:{connection on setConnection()} in method JRedisClient.setConnection() [file: JRedisClient.java line:158 - package: org.jredis.ri.alphazero] cause: => [IllegalArgumentException: null reference:{connection on setConnection()} in method JRedisClient.setConnection() [file: JRedisClient.java line:158 - package: org.jredis.ri.alphazero]]
Caused by: org.jredis.ClientRuntimeException: null reference:{connection on setConnection()} in method JRedisClient.setConnection() [file: JRedisClient.java line:158 - package: org.jredis.ri.alphazero] cause: => [IllegalArgumentException: null reference:{connection on setConnection()} in method JRedisClient.setConnection() [file: JRedisClient.java line:158 - package: org.jredis.ri.alphazero]]
Caused by: java.lang.IllegalArgumentException: null reference:{connection on setConnection()} in method JRedisClient.setConnection() [file: JRedisClient.java line:158 - package: org.jredis.ri.alphazero]
]]></error>
    <system-err><![CDATA[01475611470398 Tue Oct 04 17:04:30 BRT 2016 JRedis[tid:1] <INFORMAÇÕES>: WARNING: heartbeat is disabled.
01475611470398 Tue Oct 04 17:04:30 BRT 2016 JRedis[tid:1] <ADVERTÊNCIA>: PROBLEM: Shutting down due to connection FAULT: Socket connect failed [cause: java.net.ConnectException: Conexão recusada] -- make sure the server is running at localhost:6379 - Connection: SYNCHRONOUS  localhost/127.0.0.1:6379 db:0 | SyncConnection@1213871206
01475611470398 Tue Oct 04 17:04:30 BRT 2016 JRedis[tid:1] <GRAVE>: Error creating connection -> Socket connect failed [cause: java.net.ConnectException: Conexão recusada] -- make sure the server is running at localhost:6379
01475611470398 Tue Oct 04 17:04:30 BRT 2016 JRedis[tid:1] <INFORMAÇÕES>: WARNING: heartbeat is disabled.
01475611470398 Tue Oct 04 17:04:30 BRT 2016 JRedis[tid:1] <ADVERTÊNCIA>: PROBLEM: Shutting down due to connection FAULT: Socket connect failed [cause: java.net.ConnectException: Conexão recusada] -- make sure the server is running at localhost:6379 - Connection: SYNCHRONOUS  localhost/127.0.0.1:6379 db:0 | SyncConnection@628392976
01475611470399 Tue Oct 04 17:04:30 BRT 2016 JRedis[tid:1] <GRAVE>: Error creating connection -> Socket connect failed [cause: java.net.ConnectException: Conexão recusada] -- make sure the server is running at localhost:6379
]]></system-err>
  </testcase>
  <testcase name="addAllIndexCollectionMiddle[10]" classname="org.springframework.data.redis.support.collections.RedisListTests" time="0">
    <error message="Could not get a resource from the pool; nested exception is org.jredis.ClientRuntimeException: null reference:{connection on setConnection()} in method JRedisClient.setConnection() [file: JRedisClient.java line:158 - package: org.jredis.ri.alphazero] cause: =&gt; [IllegalArgumentException: null reference:{connection on setConnection()} in method JRedisClient.setConnection() [file: JRedisClient.java line:158 - package: org.jredis.ri.alphazero]]" type="org.springframework.data.redis.connection.PoolException">org.springframework.data.redis.connection.PoolException: Could not get a resource from the pool; nested exception is org.jredis.ClientRuntimeException: null reference:{connection on setConnection()} in method JRedisClient.setConnection() [file: JRedisClient.java line:158 - package: org.jredis.ri.alphazero] cause: => [IllegalArgumentException: null reference:{connection on setConnection()} in method JRedisClient.setConnection() [file: JRedisClient.java line:158 - package: org.jredis.ri.alphazero]]
Caused by: org.jredis.ClientRuntimeException: null reference:{connection on setConnection()} in method JRedisClient.setConnection() [file: JRedisClient.java line:158 - package: org.jredis.ri.alphazero] cause: => [IllegalArgumentException: null reference:{connection on setConnection()} in method JRedisClient.setConnection() [file: JRedisClient.java line:158 - package: org.jredis.ri.alphazero]]
Caused by: java.lang.IllegalArgumentException: null reference:{connection on setConnection()} in method JRedisClient.setConnection() [file: JRedisClient.java line:158 - package: org.jredis.ri.alphazero]
</error>
  </testcase>
  <testcase name="testPollLast[10]" classname="org.springframework.data.redis.support.collections.RedisListTests" time="0.002">
    <error message="Could not get a resource from the pool; nested exception is org.jredis.ClientRuntimeException: null reference:{connection on setConnection()} in method JRedisClient.setConnection() [file: JRedisClient.java line:158 - package: org.jredis.ri.alphazero] cause: =&gt; [IllegalArgumentException: null reference:{connection on setConnection()} in method JRedisClient.setConnection() [file: JRedisClient.java line:158 - package: org.jredis.ri.alphazero]]" type="org.springframework.data.redis.connection.PoolException">org.springframework.data.redis.connection.PoolException: Could not get a resource from the pool; nested exception is org.jredis.ClientRuntimeException: null reference:{connection on setConnection()} in method JRedisClient.setConnection() [file: JRedisClient.java line:158 - package: org.jredis.ri.alphazero] cause: => [IllegalArgumentException: null reference:{connection on setConnection()} in method JRedisClient.setConnection() [file: JRedisClient.java line:158 - package: org.jredis.ri.alphazero]]
Caused by: org.jredis.ClientRuntimeException: null reference:{connection on setConnection()} in method JRedisClient.setConnection() [file: JRedisClient.java line:158 - package: org.jredis.ri.alphazero] cause: => [IllegalArgumentException: null reference:{connection on setConnection()} in method JRedisClient.setConnection() [file: JRedisClient.java line:158 - package: org.jredis.ri.alphazero]]
Caused by: java.lang.IllegalArgumentException: null reference:{connection on setConnection()} in method JRedisClient.setConnection() [file: JRedisClient.java line:158 - package: org.jredis.ri.alphazero]
</error>
    <system-err><![CDATA[01475611470399 Tue Oct 04 17:04:30 BRT 2016 JRedis[tid:1] <INFORMAÇÕES>: WARNING: heartbeat is disabled.
01475611470399 Tue Oct 04 17:04:30 BRT 2016 JRedis[tid:1] <ADVERTÊNCIA>: PROBLEM: Shutting down due to connection FAULT: Socket connect failed [cause: java.net.ConnectException: Conexão recusada] -- make sure the server is running at localhost:6379 - Connection: SYNCHRONOUS  localhost/127.0.0.1:6379 db:0 | SyncConnection@725832346
01475611470400 Tue Oct 04 17:04:30 BRT 2016 JRedis[tid:1] <GRAVE>: Error creating connection -> Socket connect failed [cause: java.net.ConnectException: Conexão recusada] -- make sure the server is running at localhost:6379
01475611470400 Tue Oct 04 17:04:30 BRT 2016 JRedis[tid:1] <INFORMAÇÕES>: WARNING: heartbeat is disabled.
01475611470400 Tue Oct 04 17:04:30 BRT 2016 JRedis[tid:1] <ADVERTÊNCIA>: PROBLEM: Shutting down due to connection FAULT: Socket connect failed [cause: java.net.ConnectException: Conexão recusada] -- make sure the server is running at localhost:6379 - Connection: SYNCHRONOUS  localhost/127.0.0.1:6379 db:0 | SyncConnection@1113895488
01475611470400 Tue Oct 04 17:04:30 BRT 2016 JRedis[tid:1] <GRAVE>: Error creating connection -> Socket connect failed [cause: java.net.ConnectException: Conexão recusada] -- make sure the server is running at localhost:6379
]]></system-err>
  </testcase>
  <testcase name="testPollLast[10]" classname="org.springframework.data.redis.support.collections.RedisListTests" time="0.002">
    <error message="Could not get a resource from the pool; nested exception is org.jredis.ClientRuntimeException: null reference:{connection on setConnection()} in method JRedisClient.setConnection() [file: JRedisClient.java line:158 - package: org.jredis.ri.alphazero] cause: =&gt; [IllegalArgumentException: null reference:{connection on setConnection()} in method JRedisClient.setConnection() [file: JRedisClient.java line:158 - package: org.jredis.ri.alphazero]]" type="org.springframework.data.redis.connection.PoolException">org.springframework.data.redis.connection.PoolException: Could not get a resource from the pool; nested exception is org.jredis.ClientRuntimeException: null reference:{connection on setConnection()} in method JRedisClient.setConnection() [file: JRedisClient.java line:158 - package: org.jredis.ri.alphazero] cause: => [IllegalArgumentException: null reference:{connection on setConnection()} in method JRedisClient.setConnection() [file: JRedisClient.java line:158 - package: org.jredis.ri.alphazero]]
Caused by: org.jredis.ClientRuntimeException: null reference:{connection on setConnection()} in method JRedisClient.setConnection() [file: JRedisClient.java line:158 - package: org.jredis.ri.alphazero] cause: => [IllegalArgumentException: null reference:{connection on setConnection()} in method JRedisClient.setConnection() [file: JRedisClient.java line:158 - package: org.jredis.ri.alphazero]]
Caused by: java.lang.IllegalArgumentException: null reference:{connection on setConnection()} in method JRedisClient.setConnection() [file: JRedisClient.java line:158 - package: org.jredis.ri.alphazero]
</error>
  </testcase>
  <testcase name="testIndexOfObject[10]" classname="org.springframework.data.redis.support.collections.RedisListTests" time="0">
    <error message="Could not get a resource from the pool; nested exception is org.jredis.ClientRuntimeException: null reference:{connection on setConnection()} in method JRedisClient.setConnection() [file: JRedisClient.java line:158 - package: org.jredis.ri.alphazero] cause: =&gt; [IllegalArgumentException: null reference:{connection on setConnection()} in method JRedisClient.setConnection() [file: JRedisClient.java line:158 - package: org.jredis.ri.alphazero]]" type="org.springframework.data.redis.connection.PoolException">org.springframework.data.redis.connection.PoolException: Could not get a resource from the pool; nested exception is org.jredis.ClientRuntimeException: null reference:{connection on setConnection()} in method JRedisClient.setConnection() [file: JRedisClient.java line:158 - package: org.jredis.ri.alphazero] cause: => [IllegalArgumentException: null reference:{connection on setConnection()} in method JRedisClient.setConnection() [file: JRedisClient.java line:158 - package: org.jredis.ri.alphazero]]
Caused by: org.jredis.ClientRuntimeException: null reference:{connection on setConnection()} in method JRedisClient.setConnection() [file: JRedisClient.java line:158 - package: org.jredis.ri.alphazero] cause: => [IllegalArgumentException: null reference:{connection on setConnection()} in method JRedisClient.setConnection() [file: JRedisClient.java line:158 - package: org.jredis.ri.alphazero]]
Caused by: java.lang.IllegalArgumentException: null reference:{connection on setConnection()} in method JRedisClient.setConnection() [file: JRedisClient.java line:158 - package: org.jredis.ri.alphazero]
</error>
    <system-err><![CDATA[01475611470401 Tue Oct 04 17:04:30 BRT 2016 JRedis[tid:1] <INFORMAÇÕES>: WARNING: heartbeat is disabled.
01475611470401 Tue Oct 04 17:04:30 BRT 2016 JRedis[tid:1] <ADVERTÊNCIA>: PROBLEM: Shutting down due to connection FAULT: Socket connect failed [cause: java.net.ConnectException: Conexão recusada] -- make sure the server is running at localhost:6379 - Connection: SYNCHRONOUS  localhost/127.0.0.1:6379 db:0 | SyncConnection@1527007086
01475611470401 Tue Oct 04 17:04:30 BRT 2016 JRedis[tid:1] <GRAVE>: Error creating connection -> Socket connect failed [cause: java.net.ConnectException: Conexão recusada] -- make sure the server is running at localhost:6379
]]></system-err>
  </testcase>
  <testcase name="testPollTimeout[10]" classname="org.springframework.data.redis.support.collections.RedisListTests" time="0">
    <error message="got: &lt;false&gt;, expected: is &lt;true&gt;" type="org.junit.AssumptionViolatedException"><![CDATA[org.junit.AssumptionViolatedException: got: <false>, expected: is <true>
]]></error>
    <system-err><![CDATA[01475611470401 Tue Oct 04 17:04:30 BRT 2016 JRedis[tid:1] <INFORMAÇÕES>: WARNING: heartbeat is disabled.
01475611470402 Tue Oct 04 17:04:30 BRT 2016 JRedis[tid:1] <ADVERTÊNCIA>: PROBLEM: Shutting down due to connection FAULT: Socket connect failed [cause: java.net.ConnectException: Conexão recusada] -- make sure the server is running at localhost:6379 - Connection: SYNCHRONOUS  localhost/127.0.0.1:6379 db:0 | SyncConnection@1523649562
01475611470402 Tue Oct 04 17:04:30 BRT 2016 JRedis[tid:1] <GRAVE>: Error creating connection -> Socket connect failed [cause: java.net.ConnectException: Conexão recusada] -- make sure the server is running at localhost:6379
]]></system-err>
  </testcase>
  <testcase name="testPollTimeout[10]" classname="org.springframework.data.redis.support.collections.RedisListTests" time="0">
    <error message="Could not get a resource from the pool; nested exception is org.jredis.ClientRuntimeException: null reference:{connection on setConnection()} in method JRedisClient.setConnection() [file: JRedisClient.java line:158 - package: org.jredis.ri.alphazero] cause: =&gt; [IllegalArgumentException: null reference:{connection on setConnection()} in method JRedisClient.setConnection() [file: JRedisClient.java line:158 - package: org.jredis.ri.alphazero]]" type="org.springframework.data.redis.connection.PoolException">org.springframework.data.redis.connection.PoolException: Could not get a resource from the pool; nested exception is org.jredis.ClientRuntimeException: null reference:{connection on setConnection()} in method JRedisClient.setConnection() [file: JRedisClient.java line:158 - package: org.jredis.ri.alphazero] cause: => [IllegalArgumentException: null reference:{connection on setConnection()} in method JRedisClient.setConnection() [file: JRedisClient.java line:158 - package: org.jredis.ri.alphazero]]
Caused by: org.jredis.ClientRuntimeException: null reference:{connection on setConnection()} in method JRedisClient.setConnection() [file: JRedisClient.java line:158 - package: org.jredis.ri.alphazero] cause: => [IllegalArgumentException: null reference:{connection on setConnection()} in method JRedisClient.setConnection() [file: JRedisClient.java line:158 - package: org.jredis.ri.alphazero]]
Caused by: java.lang.IllegalArgumentException: null reference:{connection on setConnection()} in method JRedisClient.setConnection() [file: JRedisClient.java line:158 - package: org.jredis.ri.alphazero]
</error>
  </testcase>
  <testcase name="testRemove[10]" classname="org.springframework.data.redis.support.collections.RedisListTests" time="0">
    <error message="Could not get a resource from the pool; nested exception is org.jredis.ClientRuntimeException: null reference:{connection on setConnection()} in method JRedisClient.setConnection() [file: JRedisClient.java line:158 - package: org.jredis.ri.alphazero] cause: =&gt; [IllegalArgumentException: null reference:{connection on setConnection()} in method JRedisClient.setConnection() [file: JRedisClient.java line:158 - package: org.jredis.ri.alphazero]]" type="org.springframework.data.redis.connection.PoolException">org.springframework.data.redis.connection.PoolException: Could not get a resource from the pool; nested exception is org.jredis.ClientRuntimeException: null reference:{connection on setConnection()} in method JRedisClient.setConnection() [file: JRedisClient.java line:158 - package: org.jredis.ri.alphazero] cause: => [IllegalArgumentException: null reference:{connection on setConnection()} in method JRedisClient.setConnection() [file: JRedisClient.java line:158 - package: org.jredis.ri.alphazero]]
Caused by: org.jredis.ClientRuntimeException: null reference:{connection on setConnection()} in method JRedisClient.setConnection() [file: JRedisClient.java line:158 - package: org.jredis.ri.alphazero] cause: => [IllegalArgumentException: null reference:{connection on setConnection()} in method JRedisClient.setConnection() [file: JRedisClient.java line:158 - package: org.jredis.ri.alphazero]]
Caused by: java.lang.IllegalArgumentException: null reference:{connection on setConnection()} in method JRedisClient.setConnection() [file: JRedisClient.java line:158 - package: org.jredis.ri.alphazero]
</error>
    <system-err><![CDATA[01475611470402 Tue Oct 04 17:04:30 BRT 2016 JRedis[tid:1] <INFORMAÇÕES>: WARNING: heartbeat is disabled.
01475611470402 Tue Oct 04 17:04:30 BRT 2016 JRedis[tid:1] <ADVERTÊNCIA>: PROBLEM: Shutting down due to connection FAULT: Socket connect failed [cause: java.net.ConnectException: Conexão recusada] -- make sure the server is running at localhost:6379 - Connection: SYNCHRONOUS  localhost/127.0.0.1:6379 db:0 | SyncConnection@1807176280
01475611470402 Tue Oct 04 17:04:30 BRT 2016 JRedis[tid:1] <GRAVE>: Error creating connection -> Socket connect failed [cause: java.net.ConnectException: Conexão recusada] -- make sure the server is running at localhost:6379
01475611470403 Tue Oct 04 17:04:30 BRT 2016 JRedis[tid:1] <INFORMAÇÕES>: WARNING: heartbeat is disabled.
01475611470403 Tue Oct 04 17:04:30 BRT 2016 JRedis[tid:1] <ADVERTÊNCIA>: PROBLEM: Shutting down due to connection FAULT: Socket connect failed [cause: java.net.ConnectException: Conexão recusada] -- make sure the server is running at localhost:6379 - Connection: SYNCHRONOUS  localhost/127.0.0.1:6379 db:0 | SyncConnection@203819996
01475611470403 Tue Oct 04 17:04:30 BRT 2016 JRedis[tid:1] <GRAVE>: Error creating connection -> Socket connect failed [cause: java.net.ConnectException: Conexão recusada] -- make sure the server is running at localhost:6379
]]></system-err>
  </testcase>
  <testcase name="testRemove[10]" classname="org.springframework.data.redis.support.collections.RedisListTests" time="0">
    <error message="Could not get a resource from the pool; nested exception is org.jredis.ClientRuntimeException: null reference:{connection on setConnection()} in method JRedisClient.setConnection() [file: JRedisClient.java line:158 - package: org.jredis.ri.alphazero] cause: =&gt; [IllegalArgumentException: null reference:{connection on setConnection()} in method JRedisClient.setConnection() [file: JRedisClient.java line:158 - package: org.jredis.ri.alphazero]]" type="org.springframework.data.redis.connection.PoolException">org.springframework.data.redis.connection.PoolException: Could not get a resource from the pool; nested exception is org.jredis.ClientRuntimeException: null reference:{connection on setConnection()} in method JRedisClient.setConnection() [file: JRedisClient.java line:158 - package: org.jredis.ri.alphazero] cause: => [IllegalArgumentException: null reference:{connection on setConnection()} in method JRedisClient.setConnection() [file: JRedisClient.java line:158 - package: org.jredis.ri.alphazero]]
Caused by: org.jredis.ClientRuntimeException: null reference:{connection on setConnection()} in method JRedisClient.setConnection() [file: JRedisClient.java line:158 - package: org.jredis.ri.alphazero] cause: => [IllegalArgumentException: null reference:{connection on setConnection()} in method JRedisClient.setConnection() [file: JRedisClient.java line:158 - package: org.jredis.ri.alphazero]]
Caused by: java.lang.IllegalArgumentException: null reference:{connection on setConnection()} in method JRedisClient.setConnection() [file: JRedisClient.java line:158 - package: org.jredis.ri.alphazero]
</error>
  </testcase>
  <testcase name="testCappedCollection[10]" classname="org.springframework.data.redis.support.collections.RedisListTests" time="0">
    <error message="Could not get a resource from the pool; nested exception is org.jredis.ClientRuntimeException: null reference:{connection on setConnection()} in method JRedisClient.setConnection() [file: JRedisClient.java line:158 - package: org.jredis.ri.alphazero] cause: =&gt; [IllegalArgumentException: null reference:{connection on setConnection()} in method JRedisClient.setConnection() [file: JRedisClient.java line:158 - package: org.jredis.ri.alphazero]]" type="org.springframework.data.redis.connection.PoolException">org.springframework.data.redis.connection.PoolException: Could not get a resource from the pool; nested exception is org.jredis.ClientRuntimeException: null reference:{connection on setConnection()} in method JRedisClient.setConnection() [file: JRedisClient.java line:158 - package: org.jredis.ri.alphazero] cause: => [IllegalArgumentException: null reference:{connection on setConnection()} in method JRedisClient.setConnection() [file: JRedisClient.java line:158 - package: org.jredis.ri.alphazero]]
Caused by: org.jredis.ClientRuntimeException: null reference:{connection on setConnection()} in method JRedisClient.setConnection() [file: JRedisClient.java line:158 - package: org.jredis.ri.alphazero] cause: => [IllegalArgumentException: null reference:{connection on setConnection()} in method JRedisClient.setConnection() [file: JRedisClient.java line:158 - package: org.jredis.ri.alphazero]]
Caused by: java.lang.IllegalArgumentException: null reference:{connection on setConnection()} in method JRedisClient.setConnection() [file: JRedisClient.java line:158 - package: org.jredis.ri.alphazero]
</error>
    <system-err><![CDATA[01475611470404 Tue Oct 04 17:04:30 BRT 2016 JRedis[tid:1] <INFORMAÇÕES>: WARNING: heartbeat is disabled.
01475611470404 Tue Oct 04 17:04:30 BRT 2016 JRedis[tid:1] <ADVERTÊNCIA>: PROBLEM: Shutting down due to connection FAULT: Socket connect failed [cause: java.net.ConnectException: Conexão recusada] -- make sure the server is running at localhost:6379 - Connection: SYNCHRONOUS  localhost/127.0.0.1:6379 db:0 | SyncConnection@1977618945
01475611470404 Tue Oct 04 17:04:30 BRT 2016 JRedis[tid:1] <GRAVE>: Error creating connection -> Socket connect failed [cause: java.net.ConnectException: Conexão recusada] -- make sure the server is running at localhost:6379
01475611470404 Tue Oct 04 17:04:30 BRT 2016 JRedis[tid:1] <INFORMAÇÕES>: WARNING: heartbeat is disabled.
01475611470405 Tue Oct 04 17:04:30 BRT 2016 JRedis[tid:1] <ADVERTÊNCIA>: PROBLEM: Shutting down due to connection FAULT: Socket connect failed [cause: java.net.ConnectException: Conexão recusada] -- make sure the server is running at localhost:6379 - Connection: SYNCHRONOUS  localhost/127.0.0.1:6379 db:0 | SyncConnection@662925691
01475611470405 Tue Oct 04 17:04:30 BRT 2016 JRedis[tid:1] <GRAVE>: Error creating connection -> Socket connect failed [cause: java.net.ConnectException: Conexão recusada] -- make sure the server is running at localhost:6379
]]></system-err>
  </testcase>
  <testcase name="testCappedCollection[10]" classname="org.springframework.data.redis.support.collections.RedisListTests" time="0">
    <error message="Could not get a resource from the pool; nested exception is org.jredis.ClientRuntimeException: null reference:{connection on setConnection()} in method JRedisClient.setConnection() [file: JRedisClient.java line:158 - package: org.jredis.ri.alphazero] cause: =&gt; [IllegalArgumentException: null reference:{connection on setConnection()} in method JRedisClient.setConnection() [file: JRedisClient.java line:158 - package: org.jredis.ri.alphazero]]" type="org.springframework.data.redis.connection.PoolException">org.springframework.data.redis.connection.PoolException: Could not get a resource from the pool; nested exception is org.jredis.ClientRuntimeException: null reference:{connection on setConnection()} in method JRedisClient.setConnection() [file: JRedisClient.java line:158 - package: org.jredis.ri.alphazero] cause: => [IllegalArgumentException: null reference:{connection on setConnection()} in method JRedisClient.setConnection() [file: JRedisClient.java line:158 - package: org.jredis.ri.alphazero]]
Caused by: org.jredis.ClientRuntimeException: null reference:{connection on setConnection()} in method JRedisClient.setConnection() [file: JRedisClient.java line:158 - package: org.jredis.ri.alphazero] cause: => [IllegalArgumentException: null reference:{connection on setConnection()} in method JRedisClient.setConnection() [file: JRedisClient.java line:158 - package: org.jredis.ri.alphazero]]
Caused by: java.lang.IllegalArgumentException: null reference:{connection on setConnection()} in method JRedisClient.setConnection() [file: JRedisClient.java line:158 - package: org.jredis.ri.alphazero]
</error>
  </testcase>
  <testcase name="testRmoveLastOccurrence[10]" classname="org.springframework.data.redis.support.collections.RedisListTests" time="0">
    <error message="Could not get a resource from the pool; nested exception is org.jredis.ClientRuntimeException: null reference:{connection on setConnection()} in method JRedisClient.setConnection() [file: JRedisClient.java line:158 - package: org.jredis.ri.alphazero] cause: =&gt; [IllegalArgumentException: null reference:{connection on setConnection()} in method JRedisClient.setConnection() [file: JRedisClient.java line:158 - package: org.jredis.ri.alphazero]]" type="org.springframework.data.redis.connection.PoolException">org.springframework.data.redis.connection.PoolException: Could not get a resource from the pool; nested exception is org.jredis.ClientRuntimeException: null reference:{connection on setConnection()} in method JRedisClient.setConnection() [file: JRedisClient.java line:158 - package: org.jredis.ri.alphazero] cause: => [IllegalArgumentException: null reference:{connection on setConnection()} in method JRedisClient.setConnection() [file: JRedisClient.java line:158 - package: org.jredis.ri.alphazero]]
Caused by: org.jredis.ClientRuntimeException: null reference:{connection on setConnection()} in method JRedisClient.setConnection() [file: JRedisClient.java line:158 - package: org.jredis.ri.alphazero] cause: => [IllegalArgumentException: null reference:{connection on setConnection()} in method JRedisClient.setConnection() [file: JRedisClient.java line:158 - package: org.jredis.ri.alphazero]]
Caused by: java.lang.IllegalArgumentException: null reference:{connection on setConnection()} in method JRedisClient.setConnection() [file: JRedisClient.java line:158 - package: org.jredis.ri.alphazero]
</error>
    <system-err><![CDATA[01475611470405 Tue Oct 04 17:04:30 BRT 2016 JRedis[tid:1] <INFORMAÇÕES>: WARNING: heartbeat is disabled.
01475611470406 Tue Oct 04 17:04:30 BRT 2016 JRedis[tid:1] <ADVERTÊNCIA>: PROBLEM: Shutting down due to connection FAULT: Socket connect failed [cause: java.net.ConnectException: Conexão recusada] -- make sure the server is running at localhost:6379 - Connection: SYNCHRONOUS  localhost/127.0.0.1:6379 db:0 | SyncConnection@1995952705
01475611470406 Tue Oct 04 17:04:30 BRT 2016 JRedis[tid:1] <GRAVE>: Error creating connection -> Socket connect failed [cause: java.net.ConnectException: Conexão recusada] -- make sure the server is running at localhost:6379
01475611470406 Tue Oct 04 17:04:30 BRT 2016 JRedis[tid:1] <INFORMAÇÕES>: WARNING: heartbeat is disabled.
01475611470406 Tue Oct 04 17:04:30 BRT 2016 JRedis[tid:1] <ADVERTÊNCIA>: PROBLEM: Shutting down due to connection FAULT: Socket connect failed [cause: java.net.ConnectException: Conexão recusada] -- make sure the server is running at localhost:6379 - Connection: SYNCHRONOUS  localhost/127.0.0.1:6379 db:0 | SyncConnection@1244880808
01475611470406 Tue Oct 04 17:04:30 BRT 2016 JRedis[tid:1] <GRAVE>: Error creating connection -> Socket connect failed [cause: java.net.ConnectException: Conexão recusada] -- make sure the server is running at localhost:6379
]]></system-err>
  </testcase>
  <testcase name="testRmoveLastOccurrence[10]" classname="org.springframework.data.redis.support.collections.RedisListTests" time="0">
    <error message="Could not get a resource from the pool; nested exception is org.jredis.ClientRuntimeException: null reference:{connection on setConnection()} in method JRedisClient.setConnection() [file: JRedisClient.java line:158 - package: org.jredis.ri.alphazero] cause: =&gt; [IllegalArgumentException: null reference:{connection on setConnection()} in method JRedisClient.setConnection() [file: JRedisClient.java line:158 - package: org.jredis.ri.alphazero]]" type="org.springframework.data.redis.connection.PoolException">org.springframework.data.redis.connection.PoolException: Could not get a resource from the pool; nested exception is org.jredis.ClientRuntimeException: null reference:{connection on setConnection()} in method JRedisClient.setConnection() [file: JRedisClient.java line:158 - package: org.jredis.ri.alphazero] cause: => [IllegalArgumentException: null reference:{connection on setConnection()} in method JRedisClient.setConnection() [file: JRedisClient.java line:158 - package: org.jredis.ri.alphazero]]
Caused by: org.jredis.ClientRuntimeException: null reference:{connection on setConnection()} in method JRedisClient.setConnection() [file: JRedisClient.java line:158 - package: org.jredis.ri.alphazero] cause: => [IllegalArgumentException: null reference:{connection on setConnection()} in method JRedisClient.setConnection() [file: JRedisClient.java line:158 - package: org.jredis.ri.alphazero]]
Caused by: java.lang.IllegalArgumentException: null reference:{connection on setConnection()} in method JRedisClient.setConnection() [file: JRedisClient.java line:158 - package: org.jredis.ri.alphazero]
</error>
  </testcase>
  <testcase name="testTakeFirst[10]" classname="org.springframework.data.redis.support.collections.RedisListTests" time="0.001">
    <error message="Could not get a resource from the pool; nested exception is org.jredis.ClientRuntimeException: null reference:{connection on setConnection()} in method JRedisClient.setConnection() [file: JRedisClient.java line:158 - package: org.jredis.ri.alphazero] cause: =&gt; [IllegalArgumentException: null reference:{connection on setConnection()} in method JRedisClient.setConnection() [file: JRedisClient.java line:158 - package: org.jredis.ri.alphazero]]" type="org.springframework.data.redis.connection.PoolException">org.springframework.data.redis.connection.PoolException: Could not get a resource from the pool; nested exception is org.jredis.ClientRuntimeException: null reference:{connection on setConnection()} in method JRedisClient.setConnection() [file: JRedisClient.java line:158 - package: org.jredis.ri.alphazero] cause: => [IllegalArgumentException: null reference:{connection on setConnection()} in method JRedisClient.setConnection() [file: JRedisClient.java line:158 - package: org.jredis.ri.alphazero]]
Caused by: org.jredis.ClientRuntimeException: null reference:{connection on setConnection()} in method JRedisClient.setConnection() [file: JRedisClient.java line:158 - package: org.jredis.ri.alphazero] cause: => [IllegalArgumentException: null reference:{connection on setConnection()} in method JRedisClient.setConnection() [file: JRedisClient.java line:158 - package: org.jredis.ri.alphazero]]
Caused by: java.lang.IllegalArgumentException: null reference:{connection on setConnection()} in method JRedisClient.setConnection() [file: JRedisClient.java line:158 - package: org.jredis.ri.alphazero]
</error>
    <system-err><![CDATA[01475611470407 Tue Oct 04 17:04:30 BRT 2016 JRedis[tid:1] <INFORMAÇÕES>: WARNING: heartbeat is disabled.
01475611470407 Tue Oct 04 17:04:30 BRT 2016 JRedis[tid:1] <ADVERTÊNCIA>: PROBLEM: Shutting down due to connection FAULT: Socket connect failed [cause: java.net.ConnectException: Conexão recusada] -- make sure the server is running at localhost:6379 - Connection: SYNCHRONOUS  localhost/127.0.0.1:6379 db:0 | SyncConnection@1060519157
01475611470407 Tue Oct 04 17:04:30 BRT 2016 JRedis[tid:1] <GRAVE>: Error creating connection -> Socket connect failed [cause: java.net.ConnectException: Conexão recusada] -- make sure the server is running at localhost:6379
01475611470407 Tue Oct 04 17:04:30 BRT 2016 JRedis[tid:1] <INFORMAÇÕES>: WARNING: heartbeat is disabled.
01475611470408 Tue Oct 04 17:04:30 BRT 2016 JRedis[tid:1] <ADVERTÊNCIA>: PROBLEM: Shutting down due to connection FAULT: Socket connect failed [cause: java.net.ConnectException: Conexão recusada] -- make sure the server is running at localhost:6379 - Connection: SYNCHRONOUS  localhost/127.0.0.1:6379 db:0 | SyncConnection@58890945
01475611470408 Tue Oct 04 17:04:30 BRT 2016 JRedis[tid:1] <GRAVE>: Error creating connection -> Socket connect failed [cause: java.net.ConnectException: Conexão recusada] -- make sure the server is running at localhost:6379
]]></system-err>
  </testcase>
  <testcase name="testTakeFirst[10]" classname="org.springframework.data.redis.support.collections.RedisListTests" time="0.001">
    <error message="Could not get a resource from the pool; nested exception is org.jredis.ClientRuntimeException: null reference:{connection on setConnection()} in method JRedisClient.setConnection() [file: JRedisClient.java line:158 - package: org.jredis.ri.alphazero] cause: =&gt; [IllegalArgumentException: null reference:{connection on setConnection()} in method JRedisClient.setConnection() [file: JRedisClient.java line:158 - package: org.jredis.ri.alphazero]]" type="org.springframework.data.redis.connection.PoolException">org.springframework.data.redis.connection.PoolException: Could not get a resource from the pool; nested exception is org.jredis.ClientRuntimeException: null reference:{connection on setConnection()} in method JRedisClient.setConnection() [file: JRedisClient.java line:158 - package: org.jredis.ri.alphazero] cause: => [IllegalArgumentException: null reference:{connection on setConnection()} in method JRedisClient.setConnection() [file: JRedisClient.java line:158 - package: org.jredis.ri.alphazero]]
Caused by: org.jredis.ClientRuntimeException: null reference:{connection on setConnection()} in method JRedisClient.setConnection() [file: JRedisClient.java line:158 - package: org.jredis.ri.alphazero] cause: => [IllegalArgumentException: null reference:{connection on setConnection()} in method JRedisClient.setConnection() [file: JRedisClient.java line:158 - package: org.jredis.ri.alphazero]]
Caused by: java.lang.IllegalArgumentException: null reference:{connection on setConnection()} in method JRedisClient.setConnection() [file: JRedisClient.java line:158 - package: org.jredis.ri.alphazero]
</error>
  </testcase>
  <testcase name="testContainsObject[10]" classname="org.springframework.data.redis.support.collections.RedisListTests" time="0.011">
    <error message="Could not get a resource from the pool; nested exception is org.jredis.ClientRuntimeException: null reference:{connection on setConnection()} in method JRedisClient.setConnection() [file: JRedisClient.java line:158 - package: org.jredis.ri.alphazero] cause: =&gt; [IllegalArgumentException: null reference:{connection on setConnection()} in method JRedisClient.setConnection() [file: JRedisClient.java line:158 - package: org.jredis.ri.alphazero]]" type="org.springframework.data.redis.connection.PoolException">org.springframework.data.redis.connection.PoolException: Could not get a resource from the pool; nested exception is org.jredis.ClientRuntimeException: null reference:{connection on setConnection()} in method JRedisClient.setConnection() [file: JRedisClient.java line:158 - package: org.jredis.ri.alphazero] cause: => [IllegalArgumentException: null reference:{connection on setConnection()} in method JRedisClient.setConnection() [file: JRedisClient.java line:158 - package: org.jredis.ri.alphazero]]
Caused by: org.jredis.ClientRuntimeException: null reference:{connection on setConnection()} in method JRedisClient.setConnection() [file: JRedisClient.java line:158 - package: org.jredis.ri.alphazero] cause: => [IllegalArgumentException: null reference:{connection on setConnection()} in method JRedisClient.setConnection() [file: JRedisClient.java line:158 - package: org.jredis.ri.alphazero]]
Caused by: java.lang.IllegalArgumentException: null reference:{connection on setConnection()} in method JRedisClient.setConnection() [file: JRedisClient.java line:158 - package: org.jredis.ri.alphazero]
</error>
    <system-err><![CDATA[01475611470408 Tue Oct 04 17:04:30 BRT 2016 JRedis[tid:1] <INFORMAÇÕES>: WARNING: heartbeat is disabled.
01475611470409 Tue Oct 04 17:04:30 BRT 2016 JRedis[tid:1] <ADVERTÊNCIA>: PROBLEM: Shutting down due to connection FAULT: Socket connect failed [cause: java.net.ConnectException: Conexão recusada] -- make sure the server is running at localhost:6379 - Connection: SYNCHRONOUS  localhost/127.0.0.1:6379 db:0 | SyncConnection@1269773610
01475611470409 Tue Oct 04 17:04:30 BRT 2016 JRedis[tid:1] <GRAVE>: Error creating connection -> Socket connect failed [cause: java.net.ConnectException: Conexão recusada] -- make sure the server is running at localhost:6379
01475611470409 Tue Oct 04 17:04:30 BRT 2016 JRedis[tid:1] <INFORMAÇÕES>: WARNING: heartbeat is disabled.
01475611470409 Tue Oct 04 17:04:30 BRT 2016 JRedis[tid:1] <ADVERTÊNCIA>: PROBLEM: Shutting down due to connection FAULT: Socket connect failed [cause: java.net.ConnectException: Conexão recusada] -- make sure the server is running at localhost:6379 - Connection: SYNCHRONOUS  localhost/127.0.0.1:6379 db:0 | SyncConnection@464649704
01475611470409 Tue Oct 04 17:04:30 BRT 2016 JRedis[tid:1] <GRAVE>: Error creating connection -> Socket connect failed [cause: java.net.ConnectException: Conexão recusada] -- make sure the server is running at localhost:6379
]]></system-err>
  </testcase>
  <testcase name="testContainsObject[10]" classname="org.springframework.data.redis.support.collections.RedisListTests" time="0.011">
    <error message="Could not get a resource from the pool; nested exception is org.jredis.ClientRuntimeException: null reference:{connection on setConnection()} in method JRedisClient.setConnection() [file: JRedisClient.java line:158 - package: org.jredis.ri.alphazero] cause: =&gt; [IllegalArgumentException: null reference:{connection on setConnection()} in method JRedisClient.setConnection() [file: JRedisClient.java line:158 - package: org.jredis.ri.alphazero]]" type="org.springframework.data.redis.connection.PoolException">org.springframework.data.redis.connection.PoolException: Could not get a resource from the pool; nested exception is org.jredis.ClientRuntimeException: null reference:{connection on setConnection()} in method JRedisClient.setConnection() [file: JRedisClient.java line:158 - package: org.jredis.ri.alphazero] cause: => [IllegalArgumentException: null reference:{connection on setConnection()} in method JRedisClient.setConnection() [file: JRedisClient.java line:158 - package: org.jredis.ri.alphazero]]
Caused by: org.jredis.ClientRuntimeException: null reference:{connection on setConnection()} in method JRedisClient.setConnection() [file: JRedisClient.java line:158 - package: org.jredis.ri.alphazero] cause: => [IllegalArgumentException: null reference:{connection on setConnection()} in method JRedisClient.setConnection() [file: JRedisClient.java line:158 - package: org.jredis.ri.alphazero]]
Caused by: java.lang.IllegalArgumentException: null reference:{connection on setConnection()} in method JRedisClient.setConnection() [file: JRedisClient.java line:158 - package: org.jredis.ri.alphazero]
</error>
  </testcase>
  <testcase name="testToArray[10]" classname="org.springframework.data.redis.support.collections.RedisListTests" time="0">
    <error message="Could not get a resource from the pool; nested exception is org.jredis.ClientRuntimeException: null reference:{connection on setConnection()} in method JRedisClient.setConnection() [file: JRedisClient.java line:158 - package: org.jredis.ri.alphazero] cause: =&gt; [IllegalArgumentException: null reference:{connection on setConnection()} in method JRedisClient.setConnection() [file: JRedisClient.java line:158 - package: org.jredis.ri.alphazero]]" type="org.springframework.data.redis.connection.PoolException">org.springframework.data.redis.connection.PoolException: Could not get a resource from the pool; nested exception is org.jredis.ClientRuntimeException: null reference:{connection on setConnection()} in method JRedisClient.setConnection() [file: JRedisClient.java line:158 - package: org.jredis.ri.alphazero] cause: => [IllegalArgumentException: null reference:{connection on setConnection()} in method JRedisClient.setConnection() [file: JRedisClient.java line:158 - package: org.jredis.ri.alphazero]]
Caused by: org.jredis.ClientRuntimeException: null reference:{connection on setConnection()} in method JRedisClient.setConnection() [file: JRedisClient.java line:158 - package: org.jredis.ri.alphazero] cause: => [IllegalArgumentException: null reference:{connection on setConnection()} in method JRedisClient.setConnection() [file: JRedisClient.java line:158 - package: org.jredis.ri.alphazero]]
Caused by: java.lang.IllegalArgumentException: null reference:{connection on setConnection()} in method JRedisClient.setConnection() [file: JRedisClient.java line:158 - package: org.jredis.ri.alphazero]
</error>
    <system-err><![CDATA[01475611470410 Tue Oct 04 17:04:30 BRT 2016 JRedis[tid:1] <INFORMAÇÕES>: WARNING: heartbeat is disabled.
01475611470410 Tue Oct 04 17:04:30 BRT 2016 JRedis[tid:1] <ADVERTÊNCIA>: PROBLEM: Shutting down due to connection FAULT: Socket connect failed [cause: java.net.ConnectException: Conexão recusada] -- make sure the server is running at localhost:6379 - Connection: SYNCHRONOUS  localhost/127.0.0.1:6379 db:0 | SyncConnection@367967231
01475611470410 Tue Oct 04 17:04:30 BRT 2016 JRedis[tid:1] <GRAVE>: Error creating connection -> Socket connect failed [cause: java.net.ConnectException: Conexão recusada] -- make sure the server is running at localhost:6379
01475611470411 Tue Oct 04 17:04:30 BRT 2016 JRedis[tid:1] <INFORMAÇÕES>: WARNING: heartbeat is disabled.
01475611470411 Tue Oct 04 17:04:30 BRT 2016 JRedis[tid:1] <ADVERTÊNCIA>: PROBLEM: Shutting down due to connection FAULT: Socket connect failed [cause: java.net.ConnectException: Conexão recusada] -- make sure the server is running at localhost:6379 - Connection: SYNCHRONOUS  localhost/127.0.0.1:6379 db:0 | SyncConnection@36531985
01475611470411 Tue Oct 04 17:04:30 BRT 2016 JRedis[tid:1] <GRAVE>: Error creating connection -> Socket connect failed [cause: java.net.ConnectException: Conexão recusada] -- make sure the server is running at localhost:6379
]]></system-err>
  </testcase>
  <testcase name="testToArray[10]" classname="org.springframework.data.redis.support.collections.RedisListTests" time="0">
    <error message="Could not get a resource from the pool; nested exception is org.jredis.ClientRuntimeException: null reference:{connection on setConnection()} in method JRedisClient.setConnection() [file: JRedisClient.java line:158 - package: org.jredis.ri.alphazero] cause: =&gt; [IllegalArgumentException: null reference:{connection on setConnection()} in method JRedisClient.setConnection() [file: JRedisClient.java line:158 - package: org.jredis.ri.alphazero]]" type="org.springframework.data.redis.connection.PoolException">org.springframework.data.redis.connection.PoolException: Could not get a resource from the pool; nested exception is org.jredis.ClientRuntimeException: null reference:{connection on setConnection()} in method JRedisClient.setConnection() [file: JRedisClient.java line:158 - package: org.jredis.ri.alphazero] cause: => [IllegalArgumentException: null reference:{connection on setConnection()} in method JRedisClient.setConnection() [file: JRedisClient.java line:158 - package: org.jredis.ri.alphazero]]
Caused by: org.jredis.ClientRuntimeException: null reference:{connection on setConnection()} in method JRedisClient.setConnection() [file: JRedisClient.java line:158 - package: org.jredis.ri.alphazero] cause: => [IllegalArgumentException: null reference:{connection on setConnection()} in method JRedisClient.setConnection() [file: JRedisClient.java line:158 - package: org.jredis.ri.alphazero]]
Caused by: java.lang.IllegalArgumentException: null reference:{connection on setConnection()} in method JRedisClient.setConnection() [file: JRedisClient.java line:158 - package: org.jredis.ri.alphazero]
</error>
  </testcase>
  <testcase name="testAdd[10]" classname="org.springframework.data.redis.support.collections.RedisListTests" time="0">
    <error message="Could not get a resource from the pool; nested exception is org.jredis.ClientRuntimeException: null reference:{connection on setConnection()} in method JRedisClient.setConnection() [file: JRedisClient.java line:158 - package: org.jredis.ri.alphazero] cause: =&gt; [IllegalArgumentException: null reference:{connection on setConnection()} in method JRedisClient.setConnection() [file: JRedisClient.java line:158 - package: org.jredis.ri.alphazero]]" type="org.springframework.data.redis.connection.PoolException">org.springframework.data.redis.connection.PoolException: Could not get a resource from the pool; nested exception is org.jredis.ClientRuntimeException: null reference:{connection on setConnection()} in method JRedisClient.setConnection() [file: JRedisClient.java line:158 - package: org.jredis.ri.alphazero] cause: => [IllegalArgumentException: null reference:{connection on setConnection()} in method JRedisClient.setConnection() [file: JRedisClient.java line:158 - package: org.jredis.ri.alphazero]]
Caused by: org.jredis.ClientRuntimeException: null reference:{connection on setConnection()} in method JRedisClient.setConnection() [file: JRedisClient.java line:158 - package: org.jredis.ri.alphazero] cause: => [IllegalArgumentException: null reference:{connection on setConnection()} in method JRedisClient.setConnection() [file: JRedisClient.java line:158 - package: org.jredis.ri.alphazero]]
Caused by: java.lang.IllegalArgumentException: null reference:{connection on setConnection()} in method JRedisClient.setConnection() [file: JRedisClient.java line:158 - package: org.jredis.ri.alphazero]
</error>
    <system-err><![CDATA[01475611470412 Tue Oct 04 17:04:30 BRT 2016 JRedis[tid:1] <INFORMAÇÕES>: WARNING: heartbeat is disabled.
01475611470412 Tue Oct 04 17:04:30 BRT 2016 JRedis[tid:1] <ADVERTÊNCIA>: PROBLEM: Shutting down due to connection FAULT: Socket connect failed [cause: java.net.ConnectException: Conexão recusada] -- make sure the server is running at localhost:6379 - Connection: SYNCHRONOUS  localhost/127.0.0.1:6379 db:0 | SyncConnection@815336475
01475611470412 Tue Oct 04 17:04:30 BRT 2016 JRedis[tid:1] <GRAVE>: Error creating connection -> Socket connect failed [cause: java.net.ConnectException: Conexão recusada] -- make sure the server is running at localhost:6379
01475611470412 Tue Oct 04 17:04:30 BRT 2016 JRedis[tid:1] <INFORMAÇÕES>: WARNING: heartbeat is disabled.
01475611470412 Tue Oct 04 17:04:30 BRT 2016 JRedis[tid:1] <ADVERTÊNCIA>: PROBLEM: Shutting down due to connection FAULT: Socket connect failed [cause: java.net.ConnectException: Conexão recusada] -- make sure the server is running at localhost:6379 - Connection: SYNCHRONOUS  localhost/127.0.0.1:6379 db:0 | SyncConnection@609483101
01475611470412 Tue Oct 04 17:04:30 BRT 2016 JRedis[tid:1] <GRAVE>: Error creating connection -> Socket connect failed [cause: java.net.ConnectException: Conexão recusada] -- make sure the server is running at localhost:6379
]]></system-err>
  </testcase>
  <testcase name="testAdd[10]" classname="org.springframework.data.redis.support.collections.RedisListTests" time="0.001">
    <error message="Could not get a resource from the pool; nested exception is org.jredis.ClientRuntimeException: null reference:{connection on setConnection()} in method JRedisClient.setConnection() [file: JRedisClient.java line:158 - package: org.jredis.ri.alphazero] cause: =&gt; [IllegalArgumentException: null reference:{connection on setConnection()} in method JRedisClient.setConnection() [file: JRedisClient.java line:158 - package: org.jredis.ri.alphazero]]" type="org.springframework.data.redis.connection.PoolException">org.springframework.data.redis.connection.PoolException: Could not get a resource from the pool; nested exception is org.jredis.ClientRuntimeException: null reference:{connection on setConnection()} in method JRedisClient.setConnection() [file: JRedisClient.java line:158 - package: org.jredis.ri.alphazero] cause: => [IllegalArgumentException: null reference:{connection on setConnection()} in method JRedisClient.setConnection() [file: JRedisClient.java line:158 - package: org.jredis.ri.alphazero]]
Caused by: org.jredis.ClientRuntimeException: null reference:{connection on setConnection()} in method JRedisClient.setConnection() [file: JRedisClient.java line:158 - package: org.jredis.ri.alphazero] cause: => [IllegalArgumentException: null reference:{connection on setConnection()} in method JRedisClient.setConnection() [file: JRedisClient.java line:158 - package: org.jredis.ri.alphazero]]
Caused by: java.lang.IllegalArgumentException: null reference:{connection on setConnection()} in method JRedisClient.setConnection() [file: JRedisClient.java line:158 - package: org.jredis.ri.alphazero]
</error>
  </testcase>
  <testcase name="testClear[10]" classname="org.springframework.data.redis.support.collections.RedisListTests" time="0">
    <error message="Could not get a resource from the pool; nested exception is org.jredis.ClientRuntimeException: null reference:{connection on setConnection()} in method JRedisClient.setConnection() [file: JRedisClient.java line:158 - package: org.jredis.ri.alphazero] cause: =&gt; [IllegalArgumentException: null reference:{connection on setConnection()} in method JRedisClient.setConnection() [file: JRedisClient.java line:158 - package: org.jredis.ri.alphazero]]" type="org.springframework.data.redis.connection.PoolException">org.springframework.data.redis.connection.PoolException: Could not get a resource from the pool; nested exception is org.jredis.ClientRuntimeException: null reference:{connection on setConnection()} in method JRedisClient.setConnection() [file: JRedisClient.java line:158 - package: org.jredis.ri.alphazero] cause: => [IllegalArgumentException: null reference:{connection on setConnection()} in method JRedisClient.setConnection() [file: JRedisClient.java line:158 - package: org.jredis.ri.alphazero]]
Caused by: org.jredis.ClientRuntimeException: null reference:{connection on setConnection()} in method JRedisClient.setConnection() [file: JRedisClient.java line:158 - package: org.jredis.ri.alphazero] cause: => [IllegalArgumentException: null reference:{connection on setConnection()} in method JRedisClient.setConnection() [file: JRedisClient.java line:158 - package: org.jredis.ri.alphazero]]
Caused by: java.lang.IllegalArgumentException: null reference:{connection on setConnection()} in method JRedisClient.setConnection() [file: JRedisClient.java line:158 - package: org.jredis.ri.alphazero]
</error>
    <system-err><![CDATA[01475611470413 Tue Oct 04 17:04:30 BRT 2016 JRedis[tid:1] <INFORMAÇÕES>: WARNING: heartbeat is disabled.
01475611470413 Tue Oct 04 17:04:30 BRT 2016 JRedis[tid:1] <ADVERTÊNCIA>: PROBLEM: Shutting down due to connection FAULT: Socket connect failed [cause: java.net.ConnectException: Conexão recusada] -- make sure the server is running at localhost:6379 - Connection: SYNCHRONOUS  localhost/127.0.0.1:6379 db:0 | SyncConnection@1149407083
01475611470413 Tue Oct 04 17:04:30 BRT 2016 JRedis[tid:1] <GRAVE>: Error creating connection -> Socket connect failed [cause: java.net.ConnectException: Conexão recusada] -- make sure the server is running at localhost:6379
01475611470414 Tue Oct 04 17:04:30 BRT 2016 JRedis[tid:1] <INFORMAÇÕES>: WARNING: heartbeat is disabled.
01475611470414 Tue Oct 04 17:04:30 BRT 2016 JRedis[tid:1] <ADVERTÊNCIA>: PROBLEM: Shutting down due to connection FAULT: Socket connect failed [cause: java.net.ConnectException: Conexão recusada] -- make sure the server is running at localhost:6379 - Connection: SYNCHRONOUS  localhost/127.0.0.1:6379 db:0 | SyncConnection@767436045
01475611470414 Tue Oct 04 17:04:30 BRT 2016 JRedis[tid:1] <GRAVE>: Error creating connection -> Socket connect failed [cause: java.net.ConnectException: Conexão recusada] -- make sure the server is running at localhost:6379
]]></system-err>
  </testcase>
  <testcase name="testClear[10]" classname="org.springframework.data.redis.support.collections.RedisListTests" time="0">
    <error message="Could not get a resource from the pool; nested exception is org.jredis.ClientRuntimeException: null reference:{connection on setConnection()} in method JRedisClient.setConnection() [file: JRedisClient.java line:158 - package: org.jredis.ri.alphazero] cause: =&gt; [IllegalArgumentException: null reference:{connection on setConnection()} in method JRedisClient.setConnection() [file: JRedisClient.java line:158 - package: org.jredis.ri.alphazero]]" type="org.springframework.data.redis.connection.PoolException">org.springframework.data.redis.connection.PoolException: Could not get a resource from the pool; nested exception is org.jredis.ClientRuntimeException: null reference:{connection on setConnection()} in method JRedisClient.setConnection() [file: JRedisClient.java line:158 - package: org.jredis.ri.alphazero] cause: => [IllegalArgumentException: null reference:{connection on setConnection()} in method JRedisClient.setConnection() [file: JRedisClient.java line:158 - package: org.jredis.ri.alphazero]]
Caused by: org.jredis.ClientRuntimeException: null reference:{connection on setConnection()} in method JRedisClient.setConnection() [file: JRedisClient.java line:158 - package: org.jredis.ri.alphazero] cause: => [IllegalArgumentException: null reference:{connection on setConnection()} in method JRedisClient.setConnection() [file: JRedisClient.java line:158 - package: org.jredis.ri.alphazero]]
Caused by: java.lang.IllegalArgumentException: null reference:{connection on setConnection()} in method JRedisClient.setConnection() [file: JRedisClient.java line:158 - package: org.jredis.ri.alphazero]
</error>
  </testcase>
  <testcase name="testSize[10]" classname="org.springframework.data.redis.support.collections.RedisListTests" time="0">
    <error message="Could not get a resource from the pool; nested exception is org.jredis.ClientRuntimeException: null reference:{connection on setConnection()} in method JRedisClient.setConnection() [file: JRedisClient.java line:158 - package: org.jredis.ri.alphazero] cause: =&gt; [IllegalArgumentException: null reference:{connection on setConnection()} in method JRedisClient.setConnection() [file: JRedisClient.java line:158 - package: org.jredis.ri.alphazero]]" type="org.springframework.data.redis.connection.PoolException">org.springframework.data.redis.connection.PoolException: Could not get a resource from the pool; nested exception is org.jredis.ClientRuntimeException: null reference:{connection on setConnection()} in method JRedisClient.setConnection() [file: JRedisClient.java line:158 - package: org.jredis.ri.alphazero] cause: => [IllegalArgumentException: null reference:{connection on setConnection()} in method JRedisClient.setConnection() [file: JRedisClient.java line:158 - package: org.jredis.ri.alphazero]]
Caused by: org.jredis.ClientRuntimeException: null reference:{connection on setConnection()} in method JRedisClient.setConnection() [file: JRedisClient.java line:158 - package: org.jredis.ri.alphazero] cause: => [IllegalArgumentException: null reference:{connection on setConnection()} in method JRedisClient.setConnection() [file: JRedisClient.java line:158 - package: org.jredis.ri.alphazero]]
Caused by: java.lang.IllegalArgumentException: null reference:{connection on setConnection()} in method JRedisClient.setConnection() [file: JRedisClient.java line:158 - package: org.jredis.ri.alphazero]
</error>
    <system-err><![CDATA[01475611470414 Tue Oct 04 17:04:30 BRT 2016 JRedis[tid:1] <INFORMAÇÕES>: WARNING: heartbeat is disabled.
01475611470415 Tue Oct 04 17:04:30 BRT 2016 JRedis[tid:1] <ADVERTÊNCIA>: PROBLEM: Shutting down due to connection FAULT: Socket connect failed [cause: java.net.ConnectException: Conexão recusada] -- make sure the server is running at localhost:6379 - Connection: SYNCHRONOUS  localhost/127.0.0.1:6379 db:0 | SyncConnection@1430199669
01475611470415 Tue Oct 04 17:04:30 BRT 2016 JRedis[tid:1] <GRAVE>: Error creating connection -> Socket connect failed [cause: java.net.ConnectException: Conexão recusada] -- make sure the server is running at localhost:6379
01475611470415 Tue Oct 04 17:04:30 BRT 2016 JRedis[tid:1] <INFORMAÇÕES>: WARNING: heartbeat is disabled.
01475611470415 Tue Oct 04 17:04:30 BRT 2016 JRedis[tid:1] <ADVERTÊNCIA>: PROBLEM: Shutting down due to connection FAULT: Socket connect failed [cause: java.net.ConnectException: Conexão recusada] -- make sure the server is running at localhost:6379 - Connection: SYNCHRONOUS  localhost/127.0.0.1:6379 db:0 | SyncConnection@1847431070
01475611470415 Tue Oct 04 17:04:30 BRT 2016 JRedis[tid:1] <GRAVE>: Error creating connection -> Socket connect failed [cause: java.net.ConnectException: Conexão recusada] -- make sure the server is running at localhost:6379
]]></system-err>
  </testcase>
  <testcase name="testSize[10]" classname="org.springframework.data.redis.support.collections.RedisListTests" time="0">
    <error message="Could not get a resource from the pool; nested exception is org.jredis.ClientRuntimeException: null reference:{connection on setConnection()} in method JRedisClient.setConnection() [file: JRedisClient.java line:158 - package: org.jredis.ri.alphazero] cause: =&gt; [IllegalArgumentException: null reference:{connection on setConnection()} in method JRedisClient.setConnection() [file: JRedisClient.java line:158 - package: org.jredis.ri.alphazero]]" type="org.springframework.data.redis.connection.PoolException">org.springframework.data.redis.connection.PoolException: Could not get a resource from the pool; nested exception is org.jredis.ClientRuntimeException: null reference:{connection on setConnection()} in method JRedisClient.setConnection() [file: JRedisClient.java line:158 - package: org.jredis.ri.alphazero] cause: => [IllegalArgumentException: null reference:{connection on setConnection()} in method JRedisClient.setConnection() [file: JRedisClient.java line:158 - package: org.jredis.ri.alphazero]]
Caused by: org.jredis.ClientRuntimeException: null reference:{connection on setConnection()} in method JRedisClient.setConnection() [file: JRedisClient.java line:158 - package: org.jredis.ri.alphazero] cause: => [IllegalArgumentException: null reference:{connection on setConnection()} in method JRedisClient.setConnection() [file: JRedisClient.java line:158 - package: org.jredis.ri.alphazero]]
Caused by: java.lang.IllegalArgumentException: null reference:{connection on setConnection()} in method JRedisClient.setConnection() [file: JRedisClient.java line:158 - package: org.jredis.ri.alphazero]
</error>
  </testcase>
  <testcase name="testToString[10]" classname="org.springframework.data.redis.support.collections.RedisListTests" time="0">
    <error message="Could not get a resource from the pool; nested exception is org.jredis.ClientRuntimeException: null reference:{connection on setConnection()} in method JRedisClient.setConnection() [file: JRedisClient.java line:158 - package: org.jredis.ri.alphazero] cause: =&gt; [IllegalArgumentException: null reference:{connection on setConnection()} in method JRedisClient.setConnection() [file: JRedisClient.java line:158 - package: org.jredis.ri.alphazero]]" type="org.springframework.data.redis.connection.PoolException">org.springframework.data.redis.connection.PoolException: Could not get a resource from the pool; nested exception is org.jredis.ClientRuntimeException: null reference:{connection on setConnection()} in method JRedisClient.setConnection() [file: JRedisClient.java line:158 - package: org.jredis.ri.alphazero] cause: => [IllegalArgumentException: null reference:{connection on setConnection()} in method JRedisClient.setConnection() [file: JRedisClient.java line:158 - package: org.jredis.ri.alphazero]]
Caused by: org.jredis.ClientRuntimeException: null reference:{connection on setConnection()} in method JRedisClient.setConnection() [file: JRedisClient.java line:158 - package: org.jredis.ri.alphazero] cause: => [IllegalArgumentException: null reference:{connection on setConnection()} in method JRedisClient.setConnection() [file: JRedisClient.java line:158 - package: org.jredis.ri.alphazero]]
Caused by: java.lang.IllegalArgumentException: null reference:{connection on setConnection()} in method JRedisClient.setConnection() [file: JRedisClient.java line:158 - package: org.jredis.ri.alphazero]
</error>
    <system-err><![CDATA[01475611470416 Tue Oct 04 17:04:30 BRT 2016 JRedis[tid:1] <INFORMAÇÕES>: WARNING: heartbeat is disabled.
01475611470416 Tue Oct 04 17:04:30 BRT 2016 JRedis[tid:1] <ADVERTÊNCIA>: PROBLEM: Shutting down due to connection FAULT: Socket connect failed [cause: java.net.ConnectException: Conexão recusada] -- make sure the server is running at localhost:6379 - Connection: SYNCHRONOUS  localhost/127.0.0.1:6379 db:0 | SyncConnection@1043639521
01475611470416 Tue Oct 04 17:04:30 BRT 2016 JRedis[tid:1] <GRAVE>: Error creating connection -> Socket connect failed [cause: java.net.ConnectException: Conexão recusada] -- make sure the server is running at localhost:6379
01475611470416 Tue Oct 04 17:04:30 BRT 2016 JRedis[tid:1] <INFORMAÇÕES>: WARNING: heartbeat is disabled.
01475611470416 Tue Oct 04 17:04:30 BRT 2016 JRedis[tid:1] <ADVERTÊNCIA>: PROBLEM: Shutting down due to connection FAULT: Socket connect failed [cause: java.net.ConnectException: Conexão recusada] -- make sure the server is running at localhost:6379 - Connection: SYNCHRONOUS  localhost/127.0.0.1:6379 db:0 | SyncConnection@1660837991
01475611470417 Tue Oct 04 17:04:30 BRT 2016 JRedis[tid:1] <GRAVE>: Error creating connection -> Socket connect failed [cause: java.net.ConnectException: Conexão recusada] -- make sure the server is running at localhost:6379
]]></system-err>
  </testcase>
  <testcase name="testToString[10]" classname="org.springframework.data.redis.support.collections.RedisListTests" time="0">
    <error message="Could not get a resource from the pool; nested exception is org.jredis.ClientRuntimeException: null reference:{connection on setConnection()} in method JRedisClient.setConnection() [file: JRedisClient.java line:158 - package: org.jredis.ri.alphazero] cause: =&gt; [IllegalArgumentException: null reference:{connection on setConnection()} in method JRedisClient.setConnection() [file: JRedisClient.java line:158 - package: org.jredis.ri.alphazero]]" type="org.springframework.data.redis.connection.PoolException">org.springframework.data.redis.connection.PoolException: Could not get a resource from the pool; nested exception is org.jredis.ClientRuntimeException: null reference:{connection on setConnection()} in method JRedisClient.setConnection() [file: JRedisClient.java line:158 - package: org.jredis.ri.alphazero] cause: => [IllegalArgumentException: null reference:{connection on setConnection()} in method JRedisClient.setConnection() [file: JRedisClient.java line:158 - package: org.jredis.ri.alphazero]]
Caused by: org.jredis.ClientRuntimeException: null reference:{connection on setConnection()} in method JRedisClient.setConnection() [file: JRedisClient.java line:158 - package: org.jredis.ri.alphazero] cause: => [IllegalArgumentException: null reference:{connection on setConnection()} in method JRedisClient.setConnection() [file: JRedisClient.java line:158 - package: org.jredis.ri.alphazero]]
Caused by: java.lang.IllegalArgumentException: null reference:{connection on setConnection()} in method JRedisClient.setConnection() [file: JRedisClient.java line:158 - package: org.jredis.ri.alphazero]
</error>
  </testcase>
  <testcase name="testContainsAll[10]" classname="org.springframework.data.redis.support.collections.RedisListTests" time="0">
    <error message="Could not get a resource from the pool; nested exception is org.jredis.ClientRuntimeException: null reference:{connection on setConnection()} in method JRedisClient.setConnection() [file: JRedisClient.java line:158 - package: org.jredis.ri.alphazero] cause: =&gt; [IllegalArgumentException: null reference:{connection on setConnection()} in method JRedisClient.setConnection() [file: JRedisClient.java line:158 - package: org.jredis.ri.alphazero]]" type="org.springframework.data.redis.connection.PoolException">org.springframework.data.redis.connection.PoolException: Could not get a resource from the pool; nested exception is org.jredis.ClientRuntimeException: null reference:{connection on setConnection()} in method JRedisClient.setConnection() [file: JRedisClient.java line:158 - package: org.jredis.ri.alphazero] cause: => [IllegalArgumentException: null reference:{connection on setConnection()} in method JRedisClient.setConnection() [file: JRedisClient.java line:158 - package: org.jredis.ri.alphazero]]
Caused by: org.jredis.ClientRuntimeException: null reference:{connection on setConnection()} in method JRedisClient.setConnection() [file: JRedisClient.java line:158 - package: org.jredis.ri.alphazero] cause: => [IllegalArgumentException: null reference:{connection on setConnection()} in method JRedisClient.setConnection() [file: JRedisClient.java line:158 - package: org.jredis.ri.alphazero]]
Caused by: java.lang.IllegalArgumentException: null reference:{connection on setConnection()} in method JRedisClient.setConnection() [file: JRedisClient.java line:158 - package: org.jredis.ri.alphazero]
</error>
    <system-err><![CDATA[01475611470417 Tue Oct 04 17:04:30 BRT 2016 JRedis[tid:1] <INFORMAÇÕES>: WARNING: heartbeat is disabled.
01475611470417 Tue Oct 04 17:04:30 BRT 2016 JRedis[tid:1] <ADVERTÊNCIA>: PROBLEM: Shutting down due to connection FAULT: Socket connect failed [cause: java.net.ConnectException: Conexão recusada] -- make sure the server is running at localhost:6379 - Connection: SYNCHRONOUS  localhost/127.0.0.1:6379 db:0 | SyncConnection@1325866488
01475611470417 Tue Oct 04 17:04:30 BRT 2016 JRedis[tid:1] <GRAVE>: Error creating connection -> Socket connect failed [cause: java.net.ConnectException: Conexão recusada] -- make sure the server is running at localhost:6379
01475611470418 Tue Oct 04 17:04:30 BRT 2016 JRedis[tid:1] <INFORMAÇÕES>: WARNING: heartbeat is disabled.
01475611470418 Tue Oct 04 17:04:30 BRT 2016 JRedis[tid:1] <ADVERTÊNCIA>: PROBLEM: Shutting down due to connection FAULT: Socket connect failed [cause: java.net.ConnectException: Conexão recusada] -- make sure the server is running at localhost:6379 - Connection: SYNCHRONOUS  localhost/127.0.0.1:6379 db:0 | SyncConnection@1306794745
01475611470418 Tue Oct 04 17:04:30 BRT 2016 JRedis[tid:1] <GRAVE>: Error creating connection -> Socket connect failed [cause: java.net.ConnectException: Conexão recusada] -- make sure the server is running at localhost:6379
]]></system-err>
  </testcase>
  <testcase name="testContainsAll[10]" classname="org.springframework.data.redis.support.collections.RedisListTests" time="0">
    <error message="Could not get a resource from the pool; nested exception is org.jredis.ClientRuntimeException: null reference:{connection on setConnection()} in method JRedisClient.setConnection() [file: JRedisClient.java line:158 - package: org.jredis.ri.alphazero] cause: =&gt; [IllegalArgumentException: null reference:{connection on setConnection()} in method JRedisClient.setConnection() [file: JRedisClient.java line:158 - package: org.jredis.ri.alphazero]]" type="org.springframework.data.redis.connection.PoolException">org.springframework.data.redis.connection.PoolException: Could not get a resource from the pool; nested exception is org.jredis.ClientRuntimeException: null reference:{connection on setConnection()} in method JRedisClient.setConnection() [file: JRedisClient.java line:158 - package: org.jredis.ri.alphazero] cause: => [IllegalArgumentException: null reference:{connection on setConnection()} in method JRedisClient.setConnection() [file: JRedisClient.java line:158 - package: org.jredis.ri.alphazero]]
Caused by: org.jredis.ClientRuntimeException: null reference:{connection on setConnection()} in method JRedisClient.setConnection() [file: JRedisClient.java line:158 - package: org.jredis.ri.alphazero] cause: => [IllegalArgumentException: null reference:{connection on setConnection()} in method JRedisClient.setConnection() [file: JRedisClient.java line:158 - package: org.jredis.ri.alphazero]]
Caused by: java.lang.IllegalArgumentException: null reference:{connection on setConnection()} in method JRedisClient.setConnection() [file: JRedisClient.java line:158 - package: org.jredis.ri.alphazero]
</error>
  </testcase>
  <testcase name="testRemoveObject[10]" classname="org.springframework.data.redis.support.collections.RedisListTests" time="0">
    <error message="Could not get a resource from the pool; nested exception is org.jredis.ClientRuntimeException: null reference:{connection on setConnection()} in method JRedisClient.setConnection() [file: JRedisClient.java line:158 - package: org.jredis.ri.alphazero] cause: =&gt; [IllegalArgumentException: null reference:{connection on setConnection()} in method JRedisClient.setConnection() [file: JRedisClient.java line:158 - package: org.jredis.ri.alphazero]]" type="org.springframework.data.redis.connection.PoolException">org.springframework.data.redis.connection.PoolException: Could not get a resource from the pool; nested exception is org.jredis.ClientRuntimeException: null reference:{connection on setConnection()} in method JRedisClient.setConnection() [file: JRedisClient.java line:158 - package: org.jredis.ri.alphazero] cause: => [IllegalArgumentException: null reference:{connection on setConnection()} in method JRedisClient.setConnection() [file: JRedisClient.java line:158 - package: org.jredis.ri.alphazero]]
Caused by: org.jredis.ClientRuntimeException: null reference:{connection on setConnection()} in method JRedisClient.setConnection() [file: JRedisClient.java line:158 - package: org.jredis.ri.alphazero] cause: => [IllegalArgumentException: null reference:{connection on setConnection()} in method JRedisClient.setConnection() [file: JRedisClient.java line:158 - package: org.jredis.ri.alphazero]]
Caused by: java.lang.IllegalArgumentException: null reference:{connection on setConnection()} in method JRedisClient.setConnection() [file: JRedisClient.java line:158 - package: org.jredis.ri.alphazero]
</error>
    <system-err><![CDATA[01475611470419 Tue Oct 04 17:04:30 BRT 2016 JRedis[tid:1] <INFORMAÇÕES>: WARNING: heartbeat is disabled.
01475611470419 Tue Oct 04 17:04:30 BRT 2016 JRedis[tid:1] <ADVERTÊNCIA>: PROBLEM: Shutting down due to connection FAULT: Socket connect failed [cause: java.net.ConnectException: Conexão recusada] -- make sure the server is running at localhost:6379 - Connection: SYNCHRONOUS  localhost/127.0.0.1:6379 db:0 | SyncConnection@1454171136
01475611470419 Tue Oct 04 17:04:30 BRT 2016 JRedis[tid:1] <GRAVE>: Error creating connection -> Socket connect failed [cause: java.net.ConnectException: Conexão recusada] -- make sure the server is running at localhost:6379
01475611470419 Tue Oct 04 17:04:30 BRT 2016 JRedis[tid:1] <INFORMAÇÕES>: WARNING: heartbeat is disabled.
01475611470419 Tue Oct 04 17:04:30 BRT 2016 JRedis[tid:1] <ADVERTÊNCIA>: PROBLEM: Shutting down due to connection FAULT: Socket connect failed [cause: java.net.ConnectException: Conexão recusada] -- make sure the server is running at localhost:6379 - Connection: SYNCHRONOUS  localhost/127.0.0.1:6379 db:0 | SyncConnection@1195396074
01475611470419 Tue Oct 04 17:04:30 BRT 2016 JRedis[tid:1] <GRAVE>: Error creating connection -> Socket connect failed [cause: java.net.ConnectException: Conexão recusada] -- make sure the server is running at localhost:6379
]]></system-err>
  </testcase>
  <testcase name="testRemoveObject[10]" classname="org.springframework.data.redis.support.collections.RedisListTests" time="0">
    <error message="Could not get a resource from the pool; nested exception is org.jredis.ClientRuntimeException: null reference:{connection on setConnection()} in method JRedisClient.setConnection() [file: JRedisClient.java line:158 - package: org.jredis.ri.alphazero] cause: =&gt; [IllegalArgumentException: null reference:{connection on setConnection()} in method JRedisClient.setConnection() [file: JRedisClient.java line:158 - package: org.jredis.ri.alphazero]]" type="org.springframework.data.redis.connection.PoolException">org.springframework.data.redis.connection.PoolException: Could not get a resource from the pool; nested exception is org.jredis.ClientRuntimeException: null reference:{connection on setConnection()} in method JRedisClient.setConnection() [file: JRedisClient.java line:158 - package: org.jredis.ri.alphazero] cause: => [IllegalArgumentException: null reference:{connection on setConnection()} in method JRedisClient.setConnection() [file: JRedisClient.java line:158 - package: org.jredis.ri.alphazero]]
Caused by: org.jredis.ClientRuntimeException: null reference:{connection on setConnection()} in method JRedisClient.setConnection() [file: JRedisClient.java line:158 - package: org.jredis.ri.alphazero] cause: => [IllegalArgumentException: null reference:{connection on setConnection()} in method JRedisClient.setConnection() [file: JRedisClient.java line:158 - package: org.jredis.ri.alphazero]]
Caused by: java.lang.IllegalArgumentException: null reference:{connection on setConnection()} in method JRedisClient.setConnection() [file: JRedisClient.java line:158 - package: org.jredis.ri.alphazero]
</error>
  </testcase>
  <testcase name="testHashCode[10]" classname="org.springframework.data.redis.support.collections.RedisListTests" time="0">
    <error message="Could not get a resource from the pool; nested exception is org.jredis.ClientRuntimeException: null reference:{connection on setConnection()} in method JRedisClient.setConnection() [file: JRedisClient.java line:158 - package: org.jredis.ri.alphazero] cause: =&gt; [IllegalArgumentException: null reference:{connection on setConnection()} in method JRedisClient.setConnection() [file: JRedisClient.java line:158 - package: org.jredis.ri.alphazero]]" type="org.springframework.data.redis.connection.PoolException">org.springframework.data.redis.connection.PoolException: Could not get a resource from the pool; nested exception is org.jredis.ClientRuntimeException: null reference:{connection on setConnection()} in method JRedisClient.setConnection() [file: JRedisClient.java line:158 - package: org.jredis.ri.alphazero] cause: => [IllegalArgumentException: null reference:{connection on setConnection()} in method JRedisClient.setConnection() [file: JRedisClient.java line:158 - package: org.jredis.ri.alphazero]]
Caused by: org.jredis.ClientRuntimeException: null reference:{connection on setConnection()} in method JRedisClient.setConnection() [file: JRedisClient.java line:158 - package: org.jredis.ri.alphazero] cause: => [IllegalArgumentException: null reference:{connection on setConnection()} in method JRedisClient.setConnection() [file: JRedisClient.java line:158 - package: org.jredis.ri.alphazero]]
Caused by: java.lang.IllegalArgumentException: null reference:{connection on setConnection()} in method JRedisClient.setConnection() [file: JRedisClient.java line:158 - package: org.jredis.ri.alphazero]
</error>
    <system-err><![CDATA[01475611470420 Tue Oct 04 17:04:30 BRT 2016 JRedis[tid:1] <INFORMAÇÕES>: WARNING: heartbeat is disabled.
01475611470420 Tue Oct 04 17:04:30 BRT 2016 JRedis[tid:1] <ADVERTÊNCIA>: PROBLEM: Shutting down due to connection FAULT: Socket connect failed [cause: java.net.ConnectException: Conexão recusada] -- make sure the server is running at localhost:6379 - Connection: SYNCHRONOUS  localhost/127.0.0.1:6379 db:0 | SyncConnection@811562535
01475611470420 Tue Oct 04 17:04:30 BRT 2016 JRedis[tid:1] <GRAVE>: Error creating connection -> Socket connect failed [cause: java.net.ConnectException: Conexão recusada] -- make sure the server is running at localhost:6379
]]></system-err>
  </testcase>
  <testcase name="testAddAll[10]" classname="org.springframework.data.redis.support.collections.RedisListTests" time="0.015">
    <error message="Could not get a resource from the pool; nested exception is org.jredis.ClientRuntimeException: null reference:{connection on setConnection()} in method JRedisClient.setConnection() [file: JRedisClient.java line:158 - package: org.jredis.ri.alphazero] cause: =&gt; [IllegalArgumentException: null reference:{connection on setConnection()} in method JRedisClient.setConnection() [file: JRedisClient.java line:158 - package: org.jredis.ri.alphazero]]" type="org.springframework.data.redis.connection.PoolException">org.springframework.data.redis.connection.PoolException: Could not get a resource from the pool; nested exception is org.jredis.ClientRuntimeException: null reference:{connection on setConnection()} in method JRedisClient.setConnection() [file: JRedisClient.java line:158 - package: org.jredis.ri.alphazero] cause: => [IllegalArgumentException: null reference:{connection on setConnection()} in method JRedisClient.setConnection() [file: JRedisClient.java line:158 - package: org.jredis.ri.alphazero]]
Caused by: org.jredis.ClientRuntimeException: null reference:{connection on setConnection()} in method JRedisClient.setConnection() [file: JRedisClient.java line:158 - package: org.jredis.ri.alphazero] cause: => [IllegalArgumentException: null reference:{connection on setConnection()} in method JRedisClient.setConnection() [file: JRedisClient.java line:158 - package: org.jredis.ri.alphazero]]
Caused by: java.lang.IllegalArgumentException: null reference:{connection on setConnection()} in method JRedisClient.setConnection() [file: JRedisClient.java line:158 - package: org.jredis.ri.alphazero]
</error>
    <system-err><![CDATA[01475611470421 Tue Oct 04 17:04:30 BRT 2016 JRedis[tid:1] <INFORMAÇÕES>: WARNING: heartbeat is disabled.
01475611470421 Tue Oct 04 17:04:30 BRT 2016 JRedis[tid:1] <ADVERTÊNCIA>: PROBLEM: Shutting down due to connection FAULT: Socket connect failed [cause: java.net.ConnectException: Conexão recusada] -- make sure the server is running at localhost:6379 - Connection: SYNCHRONOUS  localhost/127.0.0.1:6379 db:0 | SyncConnection@1560379655
01475611470421 Tue Oct 04 17:04:30 BRT 2016 JRedis[tid:1] <GRAVE>: Error creating connection -> Socket connect failed [cause: java.net.ConnectException: Conexão recusada] -- make sure the server is running at localhost:6379
01475611470421 Tue Oct 04 17:04:30 BRT 2016 JRedis[tid:1] <INFORMAÇÕES>: WARNING: heartbeat is disabled.
01475611470421 Tue Oct 04 17:04:30 BRT 2016 JRedis[tid:1] <ADVERTÊNCIA>: PROBLEM: Shutting down due to connection FAULT: Socket connect failed [cause: java.net.ConnectException: Conexão recusada] -- make sure the server is running at localhost:6379 - Connection: SYNCHRONOUS  localhost/127.0.0.1:6379 db:0 | SyncConnection@1824322115
01475611470421 Tue Oct 04 17:04:30 BRT 2016 JRedis[tid:1] <GRAVE>: Error creating connection -> Socket connect failed [cause: java.net.ConnectException: Conexão recusada] -- make sure the server is running at localhost:6379
]]></system-err>
  </testcase>
  <testcase name="testAddAll[10]" classname="org.springframework.data.redis.support.collections.RedisListTests" time="0.015">
    <error message="Could not get a resource from the pool; nested exception is org.jredis.ClientRuntimeException: null reference:{connection on setConnection()} in method JRedisClient.setConnection() [file: JRedisClient.java line:158 - package: org.jredis.ri.alphazero] cause: =&gt; [IllegalArgumentException: null reference:{connection on setConnection()} in method JRedisClient.setConnection() [file: JRedisClient.java line:158 - package: org.jredis.ri.alphazero]]" type="org.springframework.data.redis.connection.PoolException">org.springframework.data.redis.connection.PoolException: Could not get a resource from the pool; nested exception is org.jredis.ClientRuntimeException: null reference:{connection on setConnection()} in method JRedisClient.setConnection() [file: JRedisClient.java line:158 - package: org.jredis.ri.alphazero] cause: => [IllegalArgumentException: null reference:{connection on setConnection()} in method JRedisClient.setConnection() [file: JRedisClient.java line:158 - package: org.jredis.ri.alphazero]]
Caused by: org.jredis.ClientRuntimeException: null reference:{connection on setConnection()} in method JRedisClient.setConnection() [file: JRedisClient.java line:158 - package: org.jredis.ri.alphazero] cause: => [IllegalArgumentException: null reference:{connection on setConnection()} in method JRedisClient.setConnection() [file: JRedisClient.java line:158 - package: org.jredis.ri.alphazero]]
Caused by: java.lang.IllegalArgumentException: null reference:{connection on setConnection()} in method JRedisClient.setConnection() [file: JRedisClient.java line:158 - package: org.jredis.ri.alphazero]
</error>
  </testcase>
  <testcase name="removeAll[10]" classname="org.springframework.data.redis.support.collections.RedisListTests" time="0">
    <error message="Could not get a resource from the pool; nested exception is org.jredis.ClientRuntimeException: null reference:{connection on setConnection()} in method JRedisClient.setConnection() [file: JRedisClient.java line:158 - package: org.jredis.ri.alphazero] cause: =&gt; [IllegalArgumentException: null reference:{connection on setConnection()} in method JRedisClient.setConnection() [file: JRedisClient.java line:158 - package: org.jredis.ri.alphazero]]" type="org.springframework.data.redis.connection.PoolException">org.springframework.data.redis.connection.PoolException: Could not get a resource from the pool; nested exception is org.jredis.ClientRuntimeException: null reference:{connection on setConnection()} in method JRedisClient.setConnection() [file: JRedisClient.java line:158 - package: org.jredis.ri.alphazero] cause: => [IllegalArgumentException: null reference:{connection on setConnection()} in method JRedisClient.setConnection() [file: JRedisClient.java line:158 - package: org.jredis.ri.alphazero]]
Caused by: org.jredis.ClientRuntimeException: null reference:{connection on setConnection()} in method JRedisClient.setConnection() [file: JRedisClient.java line:158 - package: org.jredis.ri.alphazero] cause: => [IllegalArgumentException: null reference:{connection on setConnection()} in method JRedisClient.setConnection() [file: JRedisClient.java line:158 - package: org.jredis.ri.alphazero]]
Caused by: java.lang.IllegalArgumentException: null reference:{connection on setConnection()} in method JRedisClient.setConnection() [file: JRedisClient.java line:158 - package: org.jredis.ri.alphazero]
</error>
    <system-err><![CDATA[01475611470422 Tue Oct 04 17:04:30 BRT 2016 JRedis[tid:1] <INFORMAÇÕES>: WARNING: heartbeat is disabled.
01475611470422 Tue Oct 04 17:04:30 BRT 2016 JRedis[tid:1] <ADVERTÊNCIA>: PROBLEM: Shutting down due to connection FAULT: Socket connect failed [cause: java.net.ConnectException: Conexão recusada] -- make sure the server is running at localhost:6379 - Connection: SYNCHRONOUS  localhost/127.0.0.1:6379 db:0 | SyncConnection@702999333
01475611470422 Tue Oct 04 17:04:30 BRT 2016 JRedis[tid:1] <GRAVE>: Error creating connection -> Socket connect failed [cause: java.net.ConnectException: Conexão recusada] -- make sure the server is running at localhost:6379
01475611470422 Tue Oct 04 17:04:30 BRT 2016 JRedis[tid:1] <INFORMAÇÕES>: WARNING: heartbeat is disabled.
01475611470423 Tue Oct 04 17:04:30 BRT 2016 JRedis[tid:1] <ADVERTÊNCIA>: PROBLEM: Shutting down due to connection FAULT: Socket connect failed [cause: java.net.ConnectException: Conexão recusada] -- make sure the server is running at localhost:6379 - Connection: SYNCHRONOUS  localhost/127.0.0.1:6379 db:0 | SyncConnection@1648582256
01475611470423 Tue Oct 04 17:04:30 BRT 2016 JRedis[tid:1] <GRAVE>: Error creating connection -> Socket connect failed [cause: java.net.ConnectException: Conexão recusada] -- make sure the server is running at localhost:6379
]]></system-err>
  </testcase>
  <testcase name="removeAll[10]" classname="org.springframework.data.redis.support.collections.RedisListTests" time="0">
    <error message="Could not get a resource from the pool; nested exception is org.jredis.ClientRuntimeException: null reference:{connection on setConnection()} in method JRedisClient.setConnection() [file: JRedisClient.java line:158 - package: org.jredis.ri.alphazero] cause: =&gt; [IllegalArgumentException: null reference:{connection on setConnection()} in method JRedisClient.setConnection() [file: JRedisClient.java line:158 - package: org.jredis.ri.alphazero]]" type="org.springframework.data.redis.connection.PoolException">org.springframework.data.redis.connection.PoolException: Could not get a resource from the pool; nested exception is org.jredis.ClientRuntimeException: null reference:{connection on setConnection()} in method JRedisClient.setConnection() [file: JRedisClient.java line:158 - package: org.jredis.ri.alphazero] cause: => [IllegalArgumentException: null reference:{connection on setConnection()} in method JRedisClient.setConnection() [file: JRedisClient.java line:158 - package: org.jredis.ri.alphazero]]
Caused by: org.jredis.ClientRuntimeException: null reference:{connection on setConnection()} in method JRedisClient.setConnection() [file: JRedisClient.java line:158 - package: org.jredis.ri.alphazero] cause: => [IllegalArgumentException: null reference:{connection on setConnection()} in method JRedisClient.setConnection() [file: JRedisClient.java line:158 - package: org.jredis.ri.alphazero]]
Caused by: java.lang.IllegalArgumentException: null reference:{connection on setConnection()} in method JRedisClient.setConnection() [file: JRedisClient.java line:158 - package: org.jredis.ri.alphazero]
</error>
  </testcase>
  <testcase name="testEquals[10]" classname="org.springframework.data.redis.support.collections.RedisListTests" time="0">
    <error message="Could not get a resource from the pool; nested exception is org.jredis.ClientRuntimeException: null reference:{connection on setConnection()} in method JRedisClient.setConnection() [file: JRedisClient.java line:158 - package: org.jredis.ri.alphazero] cause: =&gt; [IllegalArgumentException: null reference:{connection on setConnection()} in method JRedisClient.setConnection() [file: JRedisClient.java line:158 - package: org.jredis.ri.alphazero]]" type="org.springframework.data.redis.connection.PoolException">org.springframework.data.redis.connection.PoolException: Could not get a resource from the pool; nested exception is org.jredis.ClientRuntimeException: null reference:{connection on setConnection()} in method JRedisClient.setConnection() [file: JRedisClient.java line:158 - package: org.jredis.ri.alphazero] cause: => [IllegalArgumentException: null reference:{connection on setConnection()} in method JRedisClient.setConnection() [file: JRedisClient.java line:158 - package: org.jredis.ri.alphazero]]
Caused by: org.jredis.ClientRuntimeException: null reference:{connection on setConnection()} in method JRedisClient.setConnection() [file: JRedisClient.java line:158 - package: org.jredis.ri.alphazero] cause: => [IllegalArgumentException: null reference:{connection on setConnection()} in method JRedisClient.setConnection() [file: JRedisClient.java line:158 - package: org.jredis.ri.alphazero]]
Caused by: java.lang.IllegalArgumentException: null reference:{connection on setConnection()} in method JRedisClient.setConnection() [file: JRedisClient.java line:158 - package: org.jredis.ri.alphazero]
</error>
    <system-err><![CDATA[01475611470423 Tue Oct 04 17:04:30 BRT 2016 JRedis[tid:1] <INFORMAÇÕES>: WARNING: heartbeat is disabled.
01475611470424 Tue Oct 04 17:04:30 BRT 2016 JRedis[tid:1] <ADVERTÊNCIA>: PROBLEM: Shutting down due to connection FAULT: Socket connect failed [cause: java.net.ConnectException: Conexão recusada] -- make sure the server is running at localhost:6379 - Connection: SYNCHRONOUS  localhost/127.0.0.1:6379 db:0 | SyncConnection@865858182
01475611470424 Tue Oct 04 17:04:30 BRT 2016 JRedis[tid:1] <GRAVE>: Error creating connection -> Socket connect failed [cause: java.net.ConnectException: Conexão recusada] -- make sure the server is running at localhost:6379
]]></system-err>
  </testcase>
  <testcase name="testGetKey[10]" classname="org.springframework.data.redis.support.collections.RedisListTests" time="0">
    <error message="Could not get a resource from the pool; nested exception is org.jredis.ClientRuntimeException: null reference:{connection on setConnection()} in method JRedisClient.setConnection() [file: JRedisClient.java line:158 - package: org.jredis.ri.alphazero] cause: =&gt; [IllegalArgumentException: null reference:{connection on setConnection()} in method JRedisClient.setConnection() [file: JRedisClient.java line:158 - package: org.jredis.ri.alphazero]]" type="org.springframework.data.redis.connection.PoolException">org.springframework.data.redis.connection.PoolException: Could not get a resource from the pool; nested exception is org.jredis.ClientRuntimeException: null reference:{connection on setConnection()} in method JRedisClient.setConnection() [file: JRedisClient.java line:158 - package: org.jredis.ri.alphazero] cause: => [IllegalArgumentException: null reference:{connection on setConnection()} in method JRedisClient.setConnection() [file: JRedisClient.java line:158 - package: org.jredis.ri.alphazero]]
Caused by: org.jredis.ClientRuntimeException: null reference:{connection on setConnection()} in method JRedisClient.setConnection() [file: JRedisClient.java line:158 - package: org.jredis.ri.alphazero] cause: => [IllegalArgumentException: null reference:{connection on setConnection()} in method JRedisClient.setConnection() [file: JRedisClient.java line:158 - package: org.jredis.ri.alphazero]]
Caused by: java.lang.IllegalArgumentException: null reference:{connection on setConnection()} in method JRedisClient.setConnection() [file: JRedisClient.java line:158 - package: org.jredis.ri.alphazero]
</error>
    <system-err><![CDATA[01475611470424 Tue Oct 04 17:04:30 BRT 2016 JRedis[tid:1] <INFORMAÇÕES>: WARNING: heartbeat is disabled.
01475611470424 Tue Oct 04 17:04:30 BRT 2016 JRedis[tid:1] <ADVERTÊNCIA>: PROBLEM: Shutting down due to connection FAULT: Socket connect failed [cause: java.net.ConnectException: Conexão recusada] -- make sure the server is running at localhost:6379 - Connection: SYNCHRONOUS  localhost/127.0.0.1:6379 db:0 | SyncConnection@951988316
01475611470424 Tue Oct 04 17:04:30 BRT 2016 JRedis[tid:1] <GRAVE>: Error creating connection -> Socket connect failed [cause: java.net.ConnectException: Conexão recusada] -- make sure the server is running at localhost:6379
]]></system-err>
  </testcase>
  <testcase name="testToArrayWithGenerics[10]" classname="org.springframework.data.redis.support.collections.RedisListTests" time="0">
    <error message="Could not get a resource from the pool; nested exception is org.jredis.ClientRuntimeException: null reference:{connection on setConnection()} in method JRedisClient.setConnection() [file: JRedisClient.java line:158 - package: org.jredis.ri.alphazero] cause: =&gt; [IllegalArgumentException: null reference:{connection on setConnection()} in method JRedisClient.setConnection() [file: JRedisClient.java line:158 - package: org.jredis.ri.alphazero]]" type="org.springframework.data.redis.connection.PoolException">org.springframework.data.redis.connection.PoolException: Could not get a resource from the pool; nested exception is org.jredis.ClientRuntimeException: null reference:{connection on setConnection()} in method JRedisClient.setConnection() [file: JRedisClient.java line:158 - package: org.jredis.ri.alphazero] cause: => [IllegalArgumentException: null reference:{connection on setConnection()} in method JRedisClient.setConnection() [file: JRedisClient.java line:158 - package: org.jredis.ri.alphazero]]
Caused by: org.jredis.ClientRuntimeException: null reference:{connection on setConnection()} in method JRedisClient.setConnection() [file: JRedisClient.java line:158 - package: org.jredis.ri.alphazero] cause: => [IllegalArgumentException: null reference:{connection on setConnection()} in method JRedisClient.setConnection() [file: JRedisClient.java line:158 - package: org.jredis.ri.alphazero]]
Caused by: java.lang.IllegalArgumentException: null reference:{connection on setConnection()} in method JRedisClient.setConnection() [file: JRedisClient.java line:158 - package: org.jredis.ri.alphazero]
</error>
    <system-err><![CDATA[01475611470425 Tue Oct 04 17:04:30 BRT 2016 JRedis[tid:1] <INFORMAÇÕES>: WARNING: heartbeat is disabled.
01475611470425 Tue Oct 04 17:04:30 BRT 2016 JRedis[tid:1] <ADVERTÊNCIA>: PROBLEM: Shutting down due to connection FAULT: Socket connect failed [cause: java.net.ConnectException: Conexão recusada] -- make sure the server is running at localhost:6379 - Connection: SYNCHRONOUS  localhost/127.0.0.1:6379 db:0 | SyncConnection@647973805
01475611470425 Tue Oct 04 17:04:30 BRT 2016 JRedis[tid:1] <GRAVE>: Error creating connection -> Socket connect failed [cause: java.net.ConnectException: Conexão recusada] -- make sure the server is running at localhost:6379
01475611470425 Tue Oct 04 17:04:30 BRT 2016 JRedis[tid:1] <INFORMAÇÕES>: WARNING: heartbeat is disabled.
01475611470426 Tue Oct 04 17:04:30 BRT 2016 JRedis[tid:1] <ADVERTÊNCIA>: PROBLEM: Shutting down due to connection FAULT: Socket connect failed [cause: java.net.ConnectException: Conexão recusada] -- make sure the server is running at localhost:6379 - Connection: SYNCHRONOUS  localhost/127.0.0.1:6379 db:0 | SyncConnection@1591161296
01475611470426 Tue Oct 04 17:04:30 BRT 2016 JRedis[tid:1] <GRAVE>: Error creating connection -> Socket connect failed [cause: java.net.ConnectException: Conexão recusada] -- make sure the server is running at localhost:6379
]]></system-err>
  </testcase>
  <testcase name="testToArrayWithGenerics[10]" classname="org.springframework.data.redis.support.collections.RedisListTests" time="0.001">
    <error message="Could not get a resource from the pool; nested exception is org.jredis.ClientRuntimeException: null reference:{connection on setConnection()} in method JRedisClient.setConnection() [file: JRedisClient.java line:158 - package: org.jredis.ri.alphazero] cause: =&gt; [IllegalArgumentException: null reference:{connection on setConnection()} in method JRedisClient.setConnection() [file: JRedisClient.java line:158 - package: org.jredis.ri.alphazero]]" type="org.springframework.data.redis.connection.PoolException">org.springframework.data.redis.connection.PoolException: Could not get a resource from the pool; nested exception is org.jredis.ClientRuntimeException: null reference:{connection on setConnection()} in method JRedisClient.setConnection() [file: JRedisClient.java line:158 - package: org.jredis.ri.alphazero] cause: => [IllegalArgumentException: null reference:{connection on setConnection()} in method JRedisClient.setConnection() [file: JRedisClient.java line:158 - package: org.jredis.ri.alphazero]]
Caused by: org.jredis.ClientRuntimeException: null reference:{connection on setConnection()} in method JRedisClient.setConnection() [file: JRedisClient.java line:158 - package: org.jredis.ri.alphazero] cause: => [IllegalArgumentException: null reference:{connection on setConnection()} in method JRedisClient.setConnection() [file: JRedisClient.java line:158 - package: org.jredis.ri.alphazero]]
Caused by: java.lang.IllegalArgumentException: null reference:{connection on setConnection()} in method JRedisClient.setConnection() [file: JRedisClient.java line:158 - package: org.jredis.ri.alphazero]
</error>
  </testcase>
  <testcase name="testIsEmpty[10]" classname="org.springframework.data.redis.support.collections.RedisListTests" time="0">
    <error message="Could not get a resource from the pool; nested exception is org.jredis.ClientRuntimeException: null reference:{connection on setConnection()} in method JRedisClient.setConnection() [file: JRedisClient.java line:158 - package: org.jredis.ri.alphazero] cause: =&gt; [IllegalArgumentException: null reference:{connection on setConnection()} in method JRedisClient.setConnection() [file: JRedisClient.java line:158 - package: org.jredis.ri.alphazero]]" type="org.springframework.data.redis.connection.PoolException">org.springframework.data.redis.connection.PoolException: Could not get a resource from the pool; nested exception is org.jredis.ClientRuntimeException: null reference:{connection on setConnection()} in method JRedisClient.setConnection() [file: JRedisClient.java line:158 - package: org.jredis.ri.alphazero] cause: => [IllegalArgumentException: null reference:{connection on setConnection()} in method JRedisClient.setConnection() [file: JRedisClient.java line:158 - package: org.jredis.ri.alphazero]]
Caused by: org.jredis.ClientRuntimeException: null reference:{connection on setConnection()} in method JRedisClient.setConnection() [file: JRedisClient.java line:158 - package: org.jredis.ri.alphazero] cause: => [IllegalArgumentException: null reference:{connection on setConnection()} in method JRedisClient.setConnection() [file: JRedisClient.java line:158 - package: org.jredis.ri.alphazero]]
Caused by: java.lang.IllegalArgumentException: null reference:{connection on setConnection()} in method JRedisClient.setConnection() [file: JRedisClient.java line:158 - package: org.jredis.ri.alphazero]
</error>
    <system-err><![CDATA[01475611470426 Tue Oct 04 17:04:30 BRT 2016 JRedis[tid:1] <INFORMAÇÕES>: WARNING: heartbeat is disabled.
01475611470427 Tue Oct 04 17:04:30 BRT 2016 JRedis[tid:1] <ADVERTÊNCIA>: PROBLEM: Shutting down due to connection FAULT: Socket connect failed [cause: java.net.ConnectException: Conexão recusada] -- make sure the server is running at localhost:6379 - Connection: SYNCHRONOUS  localhost/127.0.0.1:6379 db:0 | SyncConnection@842331982
01475611470427 Tue Oct 04 17:04:30 BRT 2016 JRedis[tid:1] <GRAVE>: Error creating connection -> Socket connect failed [cause: java.net.ConnectException: Conexão recusada] -- make sure the server is running at localhost:6379
01475611470427 Tue Oct 04 17:04:30 BRT 2016 JRedis[tid:1] <INFORMAÇÕES>: WARNING: heartbeat is disabled.
01475611470427 Tue Oct 04 17:04:30 BRT 2016 JRedis[tid:1] <ADVERTÊNCIA>: PROBLEM: Shutting down due to connection FAULT: Socket connect failed [cause: java.net.ConnectException: Conexão recusada] -- make sure the server is running at localhost:6379 - Connection: SYNCHRONOUS  localhost/127.0.0.1:6379 db:0 | SyncConnection@2076249476
01475611470427 Tue Oct 04 17:04:30 BRT 2016 JRedis[tid:1] <GRAVE>: Error creating connection -> Socket connect failed [cause: java.net.ConnectException: Conexão recusada] -- make sure the server is running at localhost:6379
]]></system-err>
  </testcase>
  <testcase name="testIsEmpty[10]" classname="org.springframework.data.redis.support.collections.RedisListTests" time="0">
    <error message="Could not get a resource from the pool; nested exception is org.jredis.ClientRuntimeException: null reference:{connection on setConnection()} in method JRedisClient.setConnection() [file: JRedisClient.java line:158 - package: org.jredis.ri.alphazero] cause: =&gt; [IllegalArgumentException: null reference:{connection on setConnection()} in method JRedisClient.setConnection() [file: JRedisClient.java line:158 - package: org.jredis.ri.alphazero]]" type="org.springframework.data.redis.connection.PoolException">org.springframework.data.redis.connection.PoolException: Could not get a resource from the pool; nested exception is org.jredis.ClientRuntimeException: null reference:{connection on setConnection()} in method JRedisClient.setConnection() [file: JRedisClient.java line:158 - package: org.jredis.ri.alphazero] cause: => [IllegalArgumentException: null reference:{connection on setConnection()} in method JRedisClient.setConnection() [file: JRedisClient.java line:158 - package: org.jredis.ri.alphazero]]
Caused by: org.jredis.ClientRuntimeException: null reference:{connection on setConnection()} in method JRedisClient.setConnection() [file: JRedisClient.java line:158 - package: org.jredis.ri.alphazero] cause: => [IllegalArgumentException: null reference:{connection on setConnection()} in method JRedisClient.setConnection() [file: JRedisClient.java line:158 - package: org.jredis.ri.alphazero]]
Caused by: java.lang.IllegalArgumentException: null reference:{connection on setConnection()} in method JRedisClient.setConnection() [file: JRedisClient.java line:158 - package: org.jredis.ri.alphazero]
</error>
  </testcase>
  <testcase name="testIterator[10]" classname="org.springframework.data.redis.support.collections.RedisListTests" time="0">
    <error message="Could not get a resource from the pool; nested exception is org.jredis.ClientRuntimeException: null reference:{connection on setConnection()} in method JRedisClient.setConnection() [file: JRedisClient.java line:158 - package: org.jredis.ri.alphazero] cause: =&gt; [IllegalArgumentException: null reference:{connection on setConnection()} in method JRedisClient.setConnection() [file: JRedisClient.java line:158 - package: org.jredis.ri.alphazero]]" type="org.springframework.data.redis.connection.PoolException">org.springframework.data.redis.connection.PoolException: Could not get a resource from the pool; nested exception is org.jredis.ClientRuntimeException: null reference:{connection on setConnection()} in method JRedisClient.setConnection() [file: JRedisClient.java line:158 - package: org.jredis.ri.alphazero] cause: => [IllegalArgumentException: null reference:{connection on setConnection()} in method JRedisClient.setConnection() [file: JRedisClient.java line:158 - package: org.jredis.ri.alphazero]]
Caused by: org.jredis.ClientRuntimeException: null reference:{connection on setConnection()} in method JRedisClient.setConnection() [file: JRedisClient.java line:158 - package: org.jredis.ri.alphazero] cause: => [IllegalArgumentException: null reference:{connection on setConnection()} in method JRedisClient.setConnection() [file: JRedisClient.java line:158 - package: org.jredis.ri.alphazero]]
Caused by: java.lang.IllegalArgumentException: null reference:{connection on setConnection()} in method JRedisClient.setConnection() [file: JRedisClient.java line:158 - package: org.jredis.ri.alphazero]
</error>
    <system-err><![CDATA[01475611470428 Tue Oct 04 17:04:30 BRT 2016 JRedis[tid:1] <INFORMAÇÕES>: WARNING: heartbeat is disabled.
01475611470428 Tue Oct 04 17:04:30 BRT 2016 JRedis[tid:1] <ADVERTÊNCIA>: PROBLEM: Shutting down due to connection FAULT: Socket connect failed [cause: java.net.ConnectException: Conexão recusada] -- make sure the server is running at localhost:6379 - Connection: SYNCHRONOUS  localhost/127.0.0.1:6379 db:0 | SyncConnection@660595570
01475611470428 Tue Oct 04 17:04:30 BRT 2016 JRedis[tid:1] <GRAVE>: Error creating connection -> Socket connect failed [cause: java.net.ConnectException: Conexão recusada] -- make sure the server is running at localhost:6379
01475611470429 Tue Oct 04 17:04:30 BRT 2016 JRedis[tid:1] <INFORMAÇÕES>: WARNING: heartbeat is disabled.
01475611470429 Tue Oct 04 17:04:30 BRT 2016 JRedis[tid:1] <ADVERTÊNCIA>: PROBLEM: Shutting down due to connection FAULT: Socket connect failed [cause: java.net.ConnectException: Conexão recusada] -- make sure the server is running at localhost:6379 - Connection: SYNCHRONOUS  localhost/127.0.0.1:6379 db:0 | SyncConnection@1088491512
01475611470429 Tue Oct 04 17:04:30 BRT 2016 JRedis[tid:1] <GRAVE>: Error creating connection -> Socket connect failed [cause: java.net.ConnectException: Conexão recusada] -- make sure the server is running at localhost:6379
]]></system-err>
  </testcase>
  <testcase name="testIterator[10]" classname="org.springframework.data.redis.support.collections.RedisListTests" time="0">
    <error message="Could not get a resource from the pool; nested exception is org.jredis.ClientRuntimeException: null reference:{connection on setConnection()} in method JRedisClient.setConnection() [file: JRedisClient.java line:158 - package: org.jredis.ri.alphazero] cause: =&gt; [IllegalArgumentException: null reference:{connection on setConnection()} in method JRedisClient.setConnection() [file: JRedisClient.java line:158 - package: org.jredis.ri.alphazero]]" type="org.springframework.data.redis.connection.PoolException">org.springframework.data.redis.connection.PoolException: Could not get a resource from the pool; nested exception is org.jredis.ClientRuntimeException: null reference:{connection on setConnection()} in method JRedisClient.setConnection() [file: JRedisClient.java line:158 - package: org.jredis.ri.alphazero] cause: => [IllegalArgumentException: null reference:{connection on setConnection()} in method JRedisClient.setConnection() [file: JRedisClient.java line:158 - package: org.jredis.ri.alphazero]]
Caused by: org.jredis.ClientRuntimeException: null reference:{connection on setConnection()} in method JRedisClient.setConnection() [file: JRedisClient.java line:158 - package: org.jredis.ri.alphazero] cause: => [IllegalArgumentException: null reference:{connection on setConnection()} in method JRedisClient.setConnection() [file: JRedisClient.java line:158 - package: org.jredis.ri.alphazero]]
Caused by: java.lang.IllegalArgumentException: null reference:{connection on setConnection()} in method JRedisClient.setConnection() [file: JRedisClient.java line:158 - package: org.jredis.ri.alphazero]
</error>
  </testcase>
  <testcase name="testElement[11]" classname="org.springframework.data.redis.support.collections.RedisListTests" time="0">
    <error message="Could not get a resource from the pool; nested exception is org.jredis.ClientRuntimeException: null reference:{connection on setConnection()} in method JRedisClient.setConnection() [file: JRedisClient.java line:158 - package: org.jredis.ri.alphazero] cause: =&gt; [IllegalArgumentException: null reference:{connection on setConnection()} in method JRedisClient.setConnection() [file: JRedisClient.java line:158 - package: org.jredis.ri.alphazero]]" type="org.springframework.data.redis.connection.PoolException">org.springframework.data.redis.connection.PoolException: Could not get a resource from the pool; nested exception is org.jredis.ClientRuntimeException: null reference:{connection on setConnection()} in method JRedisClient.setConnection() [file: JRedisClient.java line:158 - package: org.jredis.ri.alphazero] cause: => [IllegalArgumentException: null reference:{connection on setConnection()} in method JRedisClient.setConnection() [file: JRedisClient.java line:158 - package: org.jredis.ri.alphazero]]
Caused by: org.jredis.ClientRuntimeException: null reference:{connection on setConnection()} in method JRedisClient.setConnection() [file: JRedisClient.java line:158 - package: org.jredis.ri.alphazero] cause: => [IllegalArgumentException: null reference:{connection on setConnection()} in method JRedisClient.setConnection() [file: JRedisClient.java line:158 - package: org.jredis.ri.alphazero]]
Caused by: java.lang.IllegalArgumentException: null reference:{connection on setConnection()} in method JRedisClient.setConnection() [file: JRedisClient.java line:158 - package: org.jredis.ri.alphazero]
</error>
    <system-err><![CDATA[01475611470429 Tue Oct 04 17:04:30 BRT 2016 JRedis[tid:1] <INFORMAÇÕES>: WARNING: heartbeat is disabled.
01475611470430 Tue Oct 04 17:04:30 BRT 2016 JRedis[tid:1] <ADVERTÊNCIA>: PROBLEM: Shutting down due to connection FAULT: Socket connect failed [cause: java.net.ConnectException: Conexão recusada] -- make sure the server is running at localhost:6379 - Connection: SYNCHRONOUS  localhost/127.0.0.1:6379 db:0 | SyncConnection@1434066477
01475611470430 Tue Oct 04 17:04:30 BRT 2016 JRedis[tid:1] <GRAVE>: Error creating connection -> Socket connect failed [cause: java.net.ConnectException: Conexão recusada] -- make sure the server is running at localhost:6379
01475611470430 Tue Oct 04 17:04:30 BRT 2016 JRedis[tid:1] <INFORMAÇÕES>: WARNING: heartbeat is disabled.
01475611470430 Tue Oct 04 17:04:30 BRT 2016 JRedis[tid:1] <ADVERTÊNCIA>: PROBLEM: Shutting down due to connection FAULT: Socket connect failed [cause: java.net.ConnectException: Conexão recusada] -- make sure the server is running at localhost:6379 - Connection: SYNCHRONOUS  localhost/127.0.0.1:6379 db:0 | SyncConnection@648315947
01475611470430 Tue Oct 04 17:04:30 BRT 2016 JRedis[tid:1] <GRAVE>: Error creating connection -> Socket connect failed [cause: java.net.ConnectException: Conexão recusada] -- make sure the server is running at localhost:6379
]]></system-err>
  </testcase>
  <testcase name="testElement[11]" classname="org.springframework.data.redis.support.collections.RedisListTests" time="0">
    <error message="Could not get a resource from the pool; nested exception is org.jredis.ClientRuntimeException: null reference:{connection on setConnection()} in method JRedisClient.setConnection() [file: JRedisClient.java line:158 - package: org.jredis.ri.alphazero] cause: =&gt; [IllegalArgumentException: null reference:{connection on setConnection()} in method JRedisClient.setConnection() [file: JRedisClient.java line:158 - package: org.jredis.ri.alphazero]]" type="org.springframework.data.redis.connection.PoolException">org.springframework.data.redis.connection.PoolException: Could not get a resource from the pool; nested exception is org.jredis.ClientRuntimeException: null reference:{connection on setConnection()} in method JRedisClient.setConnection() [file: JRedisClient.java line:158 - package: org.jredis.ri.alphazero] cause: => [IllegalArgumentException: null reference:{connection on setConnection()} in method JRedisClient.setConnection() [file: JRedisClient.java line:158 - package: org.jredis.ri.alphazero]]
Caused by: org.jredis.ClientRuntimeException: null reference:{connection on setConnection()} in method JRedisClient.setConnection() [file: JRedisClient.java line:158 - package: org.jredis.ri.alphazero] cause: => [IllegalArgumentException: null reference:{connection on setConnection()} in method JRedisClient.setConnection() [file: JRedisClient.java line:158 - package: org.jredis.ri.alphazero]]
Caused by: java.lang.IllegalArgumentException: null reference:{connection on setConnection()} in method JRedisClient.setConnection() [file: JRedisClient.java line:158 - package: org.jredis.ri.alphazero]
</error>
  </testcase>
  <testcase name="testPutFirst[11]" classname="org.springframework.data.redis.support.collections.RedisListTests" time="0">
    <error message="Could not get a resource from the pool; nested exception is org.jredis.ClientRuntimeException: null reference:{connection on setConnection()} in method JRedisClient.setConnection() [file: JRedisClient.java line:158 - package: org.jredis.ri.alphazero] cause: =&gt; [IllegalArgumentException: null reference:{connection on setConnection()} in method JRedisClient.setConnection() [file: JRedisClient.java line:158 - package: org.jredis.ri.alphazero]]" type="org.springframework.data.redis.connection.PoolException">org.springframework.data.redis.connection.PoolException: Could not get a resource from the pool; nested exception is org.jredis.ClientRuntimeException: null reference:{connection on setConnection()} in method JRedisClient.setConnection() [file: JRedisClient.java line:158 - package: org.jredis.ri.alphazero] cause: => [IllegalArgumentException: null reference:{connection on setConnection()} in method JRedisClient.setConnection() [file: JRedisClient.java line:158 - package: org.jredis.ri.alphazero]]
Caused by: org.jredis.ClientRuntimeException: null reference:{connection on setConnection()} in method JRedisClient.setConnection() [file: JRedisClient.java line:158 - package: org.jredis.ri.alphazero] cause: => [IllegalArgumentException: null reference:{connection on setConnection()} in method JRedisClient.setConnection() [file: JRedisClient.java line:158 - package: org.jredis.ri.alphazero]]
Caused by: java.lang.IllegalArgumentException: null reference:{connection on setConnection()} in method JRedisClient.setConnection() [file: JRedisClient.java line:158 - package: org.jredis.ri.alphazero]
</error>
    <system-err><![CDATA[01475611470431 Tue Oct 04 17:04:30 BRT 2016 JRedis[tid:1] <INFORMAÇÕES>: WARNING: heartbeat is disabled.
01475611470431 Tue Oct 04 17:04:30 BRT 2016 JRedis[tid:1] <ADVERTÊNCIA>: PROBLEM: Shutting down due to connection FAULT: Socket connect failed [cause: java.net.ConnectException: Conexão recusada] -- make sure the server is running at localhost:6379 - Connection: SYNCHRONOUS  localhost/127.0.0.1:6379 db:0 | SyncConnection@870322840
01475611470431 Tue Oct 04 17:04:30 BRT 2016 JRedis[tid:1] <GRAVE>: Error creating connection -> Socket connect failed [cause: java.net.ConnectException: Conexão recusada] -- make sure the server is running at localhost:6379
01475611470431 Tue Oct 04 17:04:30 BRT 2016 JRedis[tid:1] <INFORMAÇÕES>: WARNING: heartbeat is disabled.
01475611470432 Tue Oct 04 17:04:30 BRT 2016 JRedis[tid:1] <ADVERTÊNCIA>: PROBLEM: Shutting down due to connection FAULT: Socket connect failed [cause: java.net.ConnectException: Conexão recusada] -- make sure the server is running at localhost:6379 - Connection: SYNCHRONOUS  localhost/127.0.0.1:6379 db:0 | SyncConnection@837246227
01475611470432 Tue Oct 04 17:04:30 BRT 2016 JRedis[tid:1] <GRAVE>: Error creating connection -> Socket connect failed [cause: java.net.ConnectException: Conexão recusada] -- make sure the server is running at localhost:6379
]]></system-err>
  </testcase>
  <testcase name="testPutFirst[11]" classname="org.springframework.data.redis.support.collections.RedisListTests" time="0">
    <error message="Could not get a resource from the pool; nested exception is org.jredis.ClientRuntimeException: null reference:{connection on setConnection()} in method JRedisClient.setConnection() [file: JRedisClient.java line:158 - package: org.jredis.ri.alphazero] cause: =&gt; [IllegalArgumentException: null reference:{connection on setConnection()} in method JRedisClient.setConnection() [file: JRedisClient.java line:158 - package: org.jredis.ri.alphazero]]" type="org.springframework.data.redis.connection.PoolException">org.springframework.data.redis.connection.PoolException: Could not get a resource from the pool; nested exception is org.jredis.ClientRuntimeException: null reference:{connection on setConnection()} in method JRedisClient.setConnection() [file: JRedisClient.java line:158 - package: org.jredis.ri.alphazero] cause: => [IllegalArgumentException: null reference:{connection on setConnection()} in method JRedisClient.setConnection() [file: JRedisClient.java line:158 - package: org.jredis.ri.alphazero]]
Caused by: org.jredis.ClientRuntimeException: null reference:{connection on setConnection()} in method JRedisClient.setConnection() [file: JRedisClient.java line:158 - package: org.jredis.ri.alphazero] cause: => [IllegalArgumentException: null reference:{connection on setConnection()} in method JRedisClient.setConnection() [file: JRedisClient.java line:158 - package: org.jredis.ri.alphazero]]
Caused by: java.lang.IllegalArgumentException: null reference:{connection on setConnection()} in method JRedisClient.setConnection() [file: JRedisClient.java line:158 - package: org.jredis.ri.alphazero]
</error>
  </testcase>
  <testcase name="testPollLastTimeout[11]" classname="org.springframework.data.redis.support.collections.RedisListTests" time="0">
    <error message="got: &lt;false&gt;, expected: is &lt;true&gt;" type="org.junit.AssumptionViolatedException"><![CDATA[org.junit.AssumptionViolatedException: got: <false>, expected: is <true>
]]></error>
    <system-err><![CDATA[01475611470432 Tue Oct 04 17:04:30 BRT 2016 JRedis[tid:1] <INFORMAÇÕES>: WARNING: heartbeat is disabled.
01475611470433 Tue Oct 04 17:04:30 BRT 2016 JRedis[tid:1] <ADVERTÊNCIA>: PROBLEM: Shutting down due to connection FAULT: Socket connect failed [cause: java.net.ConnectException: Conexão recusada] -- make sure the server is running at localhost:6379 - Connection: SYNCHRONOUS  localhost/127.0.0.1:6379 db:0 | SyncConnection@173738886
01475611470433 Tue Oct 04 17:04:30 BRT 2016 JRedis[tid:1] <GRAVE>: Error creating connection -> Socket connect failed [cause: java.net.ConnectException: Conexão recusada] -- make sure the server is running at localhost:6379
]]></system-err>
  </testcase>
  <testcase name="testPollLastTimeout[11]" classname="org.springframework.data.redis.support.collections.RedisListTests" time="0">
    <error message="Could not get a resource from the pool; nested exception is org.jredis.ClientRuntimeException: null reference:{connection on setConnection()} in method JRedisClient.setConnection() [file: JRedisClient.java line:158 - package: org.jredis.ri.alphazero] cause: =&gt; [IllegalArgumentException: null reference:{connection on setConnection()} in method JRedisClient.setConnection() [file: JRedisClient.java line:158 - package: org.jredis.ri.alphazero]]" type="org.springframework.data.redis.connection.PoolException">org.springframework.data.redis.connection.PoolException: Could not get a resource from the pool; nested exception is org.jredis.ClientRuntimeException: null reference:{connection on setConnection()} in method JRedisClient.setConnection() [file: JRedisClient.java line:158 - package: org.jredis.ri.alphazero] cause: => [IllegalArgumentException: null reference:{connection on setConnection()} in method JRedisClient.setConnection() [file: JRedisClient.java line:158 - package: org.jredis.ri.alphazero]]
Caused by: org.jredis.ClientRuntimeException: null reference:{connection on setConnection()} in method JRedisClient.setConnection() [file: JRedisClient.java line:158 - package: org.jredis.ri.alphazero] cause: => [IllegalArgumentException: null reference:{connection on setConnection()} in method JRedisClient.setConnection() [file: JRedisClient.java line:158 - package: org.jredis.ri.alphazero]]
Caused by: java.lang.IllegalArgumentException: null reference:{connection on setConnection()} in method JRedisClient.setConnection() [file: JRedisClient.java line:158 - package: org.jredis.ri.alphazero]
</error>
  </testcase>
  <testcase name="testPeekFirst[11]" classname="org.springframework.data.redis.support.collections.RedisListTests" time="0">
    <error message="Could not get a resource from the pool; nested exception is org.jredis.ClientRuntimeException: null reference:{connection on setConnection()} in method JRedisClient.setConnection() [file: JRedisClient.java line:158 - package: org.jredis.ri.alphazero] cause: =&gt; [IllegalArgumentException: null reference:{connection on setConnection()} in method JRedisClient.setConnection() [file: JRedisClient.java line:158 - package: org.jredis.ri.alphazero]]" type="org.springframework.data.redis.connection.PoolException">org.springframework.data.redis.connection.PoolException: Could not get a resource from the pool; nested exception is org.jredis.ClientRuntimeException: null reference:{connection on setConnection()} in method JRedisClient.setConnection() [file: JRedisClient.java line:158 - package: org.jredis.ri.alphazero] cause: => [IllegalArgumentException: null reference:{connection on setConnection()} in method JRedisClient.setConnection() [file: JRedisClient.java line:158 - package: org.jredis.ri.alphazero]]
Caused by: org.jredis.ClientRuntimeException: null reference:{connection on setConnection()} in method JRedisClient.setConnection() [file: JRedisClient.java line:158 - package: org.jredis.ri.alphazero] cause: => [IllegalArgumentException: null reference:{connection on setConnection()} in method JRedisClient.setConnection() [file: JRedisClient.java line:158 - package: org.jredis.ri.alphazero]]
Caused by: java.lang.IllegalArgumentException: null reference:{connection on setConnection()} in method JRedisClient.setConnection() [file: JRedisClient.java line:158 - package: org.jredis.ri.alphazero]
</error>
    <system-err><![CDATA[01475611470433 Tue Oct 04 17:04:30 BRT 2016 JRedis[tid:1] <INFORMAÇÕES>: WARNING: heartbeat is disabled.
01475611470433 Tue Oct 04 17:04:30 BRT 2016 JRedis[tid:1] <ADVERTÊNCIA>: PROBLEM: Shutting down due to connection FAULT: Socket connect failed [cause: java.net.ConnectException: Conexão recusada] -- make sure the server is running at localhost:6379 - Connection: SYNCHRONOUS  localhost/127.0.0.1:6379 db:0 | SyncConnection@1262237002
01475611470433 Tue Oct 04 17:04:30 BRT 2016 JRedis[tid:1] <GRAVE>: Error creating connection -> Socket connect failed [cause: java.net.ConnectException: Conexão recusada] -- make sure the server is running at localhost:6379
01475611470433 Tue Oct 04 17:04:30 BRT 2016 JRedis[tid:1] <INFORMAÇÕES>: WARNING: heartbeat is disabled.
01475611470434 Tue Oct 04 17:04:30 BRT 2016 JRedis[tid:1] <ADVERTÊNCIA>: PROBLEM: Shutting down due to connection FAULT: Socket connect failed [cause: java.net.ConnectException: Conexão recusada] -- make sure the server is running at localhost:6379 - Connection: SYNCHRONOUS  localhost/127.0.0.1:6379 db:0 | SyncConnection@2029754983
01475611470434 Tue Oct 04 17:04:30 BRT 2016 JRedis[tid:1] <GRAVE>: Error creating connection -> Socket connect failed [cause: java.net.ConnectException: Conexão recusada] -- make sure the server is running at localhost:6379
]]></system-err>
  </testcase>
  <testcase name="testPeekFirst[11]" classname="org.springframework.data.redis.support.collections.RedisListTests" time="0.008">
    <error message="Could not get a resource from the pool; nested exception is org.jredis.ClientRuntimeException: null reference:{connection on setConnection()} in method JRedisClient.setConnection() [file: JRedisClient.java line:158 - package: org.jredis.ri.alphazero] cause: =&gt; [IllegalArgumentException: null reference:{connection on setConnection()} in method JRedisClient.setConnection() [file: JRedisClient.java line:158 - package: org.jredis.ri.alphazero]]" type="org.springframework.data.redis.connection.PoolException">org.springframework.data.redis.connection.PoolException: Could not get a resource from the pool; nested exception is org.jredis.ClientRuntimeException: null reference:{connection on setConnection()} in method JRedisClient.setConnection() [file: JRedisClient.java line:158 - package: org.jredis.ri.alphazero] cause: => [IllegalArgumentException: null reference:{connection on setConnection()} in method JRedisClient.setConnection() [file: JRedisClient.java line:158 - package: org.jredis.ri.alphazero]]
Caused by: org.jredis.ClientRuntimeException: null reference:{connection on setConnection()} in method JRedisClient.setConnection() [file: JRedisClient.java line:158 - package: org.jredis.ri.alphazero] cause: => [IllegalArgumentException: null reference:{connection on setConnection()} in method JRedisClient.setConnection() [file: JRedisClient.java line:158 - package: org.jredis.ri.alphazero]]
Caused by: java.lang.IllegalArgumentException: null reference:{connection on setConnection()} in method JRedisClient.setConnection() [file: JRedisClient.java line:158 - package: org.jredis.ri.alphazero]
</error>
  </testcase>
  <testcase name="testOfferLast[11]" classname="org.springframework.data.redis.support.collections.RedisListTests" time="0.022">
    <error message="Could not get a resource from the pool; nested exception is org.jredis.ClientRuntimeException: null reference:{connection on setConnection()} in method JRedisClient.setConnection() [file: JRedisClient.java line:158 - package: org.jredis.ri.alphazero] cause: =&gt; [IllegalArgumentException: null reference:{connection on setConnection()} in method JRedisClient.setConnection() [file: JRedisClient.java line:158 - package: org.jredis.ri.alphazero]]" type="org.springframework.data.redis.connection.PoolException">org.springframework.data.redis.connection.PoolException: Could not get a resource from the pool; nested exception is org.jredis.ClientRuntimeException: null reference:{connection on setConnection()} in method JRedisClient.setConnection() [file: JRedisClient.java line:158 - package: org.jredis.ri.alphazero] cause: => [IllegalArgumentException: null reference:{connection on setConnection()} in method JRedisClient.setConnection() [file: JRedisClient.java line:158 - package: org.jredis.ri.alphazero]]
Caused by: org.jredis.ClientRuntimeException: null reference:{connection on setConnection()} in method JRedisClient.setConnection() [file: JRedisClient.java line:158 - package: org.jredis.ri.alphazero] cause: => [IllegalArgumentException: null reference:{connection on setConnection()} in method JRedisClient.setConnection() [file: JRedisClient.java line:158 - package: org.jredis.ri.alphazero]]
Caused by: java.lang.IllegalArgumentException: null reference:{connection on setConnection()} in method JRedisClient.setConnection() [file: JRedisClient.java line:158 - package: org.jredis.ri.alphazero]
</error>
    <system-err><![CDATA[01475611470450 Tue Oct 04 17:04:30 BRT 2016 JRedis[tid:1] <INFORMAÇÕES>: WARNING: heartbeat is disabled.
01475611470450 Tue Oct 04 17:04:30 BRT 2016 JRedis[tid:1] <ADVERTÊNCIA>: PROBLEM: Shutting down due to connection FAULT: Socket connect failed [cause: java.net.ConnectException: Conexão recusada] -- make sure the server is running at localhost:6379 - Connection: SYNCHRONOUS  localhost/127.0.0.1:6379 db:0 | SyncConnection@194415222
01475611470450 Tue Oct 04 17:04:30 BRT 2016 JRedis[tid:1] <GRAVE>: Error creating connection -> Socket connect failed [cause: java.net.ConnectException: Conexão recusada] -- make sure the server is running at localhost:6379
01475611470451 Tue Oct 04 17:04:30 BRT 2016 JRedis[tid:1] <INFORMAÇÕES>: WARNING: heartbeat is disabled.
01475611470451 Tue Oct 04 17:04:30 BRT 2016 JRedis[tid:1] <ADVERTÊNCIA>: PROBLEM: Shutting down due to connection FAULT: Socket connect failed [cause: java.net.ConnectException: Conexão recusada] -- make sure the server is running at localhost:6379 - Connection: SYNCHRONOUS  localhost/127.0.0.1:6379 db:0 | SyncConnection@798622145
01475611470451 Tue Oct 04 17:04:30 BRT 2016 JRedis[tid:1] <GRAVE>: Error creating connection -> Socket connect failed [cause: java.net.ConnectException: Conexão recusada] -- make sure the server is running at localhost:6379
]]></system-err>
  </testcase>
  <testcase name="testOfferLast[11]" classname="org.springframework.data.redis.support.collections.RedisListTests" time="0.022">
    <error message="Could not get a resource from the pool; nested exception is org.jredis.ClientRuntimeException: null reference:{connection on setConnection()} in method JRedisClient.setConnection() [file: JRedisClient.java line:158 - package: org.jredis.ri.alphazero] cause: =&gt; [IllegalArgumentException: null reference:{connection on setConnection()} in method JRedisClient.setConnection() [file: JRedisClient.java line:158 - package: org.jredis.ri.alphazero]]" type="org.springframework.data.redis.connection.PoolException">org.springframework.data.redis.connection.PoolException: Could not get a resource from the pool; nested exception is org.jredis.ClientRuntimeException: null reference:{connection on setConnection()} in method JRedisClient.setConnection() [file: JRedisClient.java line:158 - package: org.jredis.ri.alphazero] cause: => [IllegalArgumentException: null reference:{connection on setConnection()} in method JRedisClient.setConnection() [file: JRedisClient.java line:158 - package: org.jredis.ri.alphazero]]
Caused by: org.jredis.ClientRuntimeException: null reference:{connection on setConnection()} in method JRedisClient.setConnection() [file: JRedisClient.java line:158 - package: org.jredis.ri.alphazero] cause: => [IllegalArgumentException: null reference:{connection on setConnection()} in method JRedisClient.setConnection() [file: JRedisClient.java line:158 - package: org.jredis.ri.alphazero]]
Caused by: java.lang.IllegalArgumentException: null reference:{connection on setConnection()} in method JRedisClient.setConnection() [file: JRedisClient.java line:158 - package: org.jredis.ri.alphazero]
</error>
  </testcase>
  <testcase name="testGetFirst[11]" classname="org.springframework.data.redis.support.collections.RedisListTests" time="0">
    <error message="Could not get a resource from the pool; nested exception is org.jredis.ClientRuntimeException: null reference:{connection on setConnection()} in method JRedisClient.setConnection() [file: JRedisClient.java line:158 - package: org.jredis.ri.alphazero] cause: =&gt; [IllegalArgumentException: null reference:{connection on setConnection()} in method JRedisClient.setConnection() [file: JRedisClient.java line:158 - package: org.jredis.ri.alphazero]]" type="org.springframework.data.redis.connection.PoolException">org.springframework.data.redis.connection.PoolException: Could not get a resource from the pool; nested exception is org.jredis.ClientRuntimeException: null reference:{connection on setConnection()} in method JRedisClient.setConnection() [file: JRedisClient.java line:158 - package: org.jredis.ri.alphazero] cause: => [IllegalArgumentException: null reference:{connection on setConnection()} in method JRedisClient.setConnection() [file: JRedisClient.java line:158 - package: org.jredis.ri.alphazero]]
Caused by: org.jredis.ClientRuntimeException: null reference:{connection on setConnection()} in method JRedisClient.setConnection() [file: JRedisClient.java line:158 - package: org.jredis.ri.alphazero] cause: => [IllegalArgumentException: null reference:{connection on setConnection()} in method JRedisClient.setConnection() [file: JRedisClient.java line:158 - package: org.jredis.ri.alphazero]]
Caused by: java.lang.IllegalArgumentException: null reference:{connection on setConnection()} in method JRedisClient.setConnection() [file: JRedisClient.java line:158 - package: org.jredis.ri.alphazero]
</error>
    <system-err><![CDATA[01475611470452 Tue Oct 04 17:04:30 BRT 2016 JRedis[tid:1] <INFORMAÇÕES>: WARNING: heartbeat is disabled.
01475611470452 Tue Oct 04 17:04:30 BRT 2016 JRedis[tid:1] <ADVERTÊNCIA>: PROBLEM: Shutting down due to connection FAULT: Socket connect failed [cause: java.net.ConnectException: Conexão recusada] -- make sure the server is running at localhost:6379 - Connection: SYNCHRONOUS  localhost/127.0.0.1:6379 db:0 | SyncConnection@1800967368
01475611470452 Tue Oct 04 17:04:30 BRT 2016 JRedis[tid:1] <GRAVE>: Error creating connection -> Socket connect failed [cause: java.net.ConnectException: Conexão recusada] -- make sure the server is running at localhost:6379
01475611470453 Tue Oct 04 17:04:30 BRT 2016 JRedis[tid:1] <INFORMAÇÕES>: WARNING: heartbeat is disabled.
01475611470453 Tue Oct 04 17:04:30 BRT 2016 JRedis[tid:1] <ADVERTÊNCIA>: PROBLEM: Shutting down due to connection FAULT: Socket connect failed [cause: java.net.ConnectException: Conexão recusada] -- make sure the server is running at localhost:6379 - Connection: SYNCHRONOUS  localhost/127.0.0.1:6379 db:0 | SyncConnection@338887787
01475611470453 Tue Oct 04 17:04:30 BRT 2016 JRedis[tid:1] <GRAVE>: Error creating connection -> Socket connect failed [cause: java.net.ConnectException: Conexão recusada] -- make sure the server is running at localhost:6379
]]></system-err>
  </testcase>
  <testcase name="testGetFirst[11]" classname="org.springframework.data.redis.support.collections.RedisListTests" time="0">
    <error message="Could not get a resource from the pool; nested exception is org.jredis.ClientRuntimeException: null reference:{connection on setConnection()} in method JRedisClient.setConnection() [file: JRedisClient.java line:158 - package: org.jredis.ri.alphazero] cause: =&gt; [IllegalArgumentException: null reference:{connection on setConnection()} in method JRedisClient.setConnection() [file: JRedisClient.java line:158 - package: org.jredis.ri.alphazero]]" type="org.springframework.data.redis.connection.PoolException">org.springframework.data.redis.connection.PoolException: Could not get a resource from the pool; nested exception is org.jredis.ClientRuntimeException: null reference:{connection on setConnection()} in method JRedisClient.setConnection() [file: JRedisClient.java line:158 - package: org.jredis.ri.alphazero] cause: => [IllegalArgumentException: null reference:{connection on setConnection()} in method JRedisClient.setConnection() [file: JRedisClient.java line:158 - package: org.jredis.ri.alphazero]]
Caused by: org.jredis.ClientRuntimeException: null reference:{connection on setConnection()} in method JRedisClient.setConnection() [file: JRedisClient.java line:158 - package: org.jredis.ri.alphazero] cause: => [IllegalArgumentException: null reference:{connection on setConnection()} in method JRedisClient.setConnection() [file: JRedisClient.java line:158 - package: org.jredis.ri.alphazero]]
Caused by: java.lang.IllegalArgumentException: null reference:{connection on setConnection()} in method JRedisClient.setConnection() [file: JRedisClient.java line:158 - package: org.jredis.ri.alphazero]
</error>
  </testcase>
  <testcase name="testAddLast[11]" classname="org.springframework.data.redis.support.collections.RedisListTests" time="0">
    <error message="Could not get a resource from the pool; nested exception is org.jredis.ClientRuntimeException: null reference:{connection on setConnection()} in method JRedisClient.setConnection() [file: JRedisClient.java line:158 - package: org.jredis.ri.alphazero] cause: =&gt; [IllegalArgumentException: null reference:{connection on setConnection()} in method JRedisClient.setConnection() [file: JRedisClient.java line:158 - package: org.jredis.ri.alphazero]]" type="org.springframework.data.redis.connection.PoolException">org.springframework.data.redis.connection.PoolException: Could not get a resource from the pool; nested exception is org.jredis.ClientRuntimeException: null reference:{connection on setConnection()} in method JRedisClient.setConnection() [file: JRedisClient.java line:158 - package: org.jredis.ri.alphazero] cause: => [IllegalArgumentException: null reference:{connection on setConnection()} in method JRedisClient.setConnection() [file: JRedisClient.java line:158 - package: org.jredis.ri.alphazero]]
Caused by: org.jredis.ClientRuntimeException: null reference:{connection on setConnection()} in method JRedisClient.setConnection() [file: JRedisClient.java line:158 - package: org.jredis.ri.alphazero] cause: => [IllegalArgumentException: null reference:{connection on setConnection()} in method JRedisClient.setConnection() [file: JRedisClient.java line:158 - package: org.jredis.ri.alphazero]]
Caused by: java.lang.IllegalArgumentException: null reference:{connection on setConnection()} in method JRedisClient.setConnection() [file: JRedisClient.java line:158 - package: org.jredis.ri.alphazero]
</error>
    <system-err><![CDATA[01475611470453 Tue Oct 04 17:04:30 BRT 2016 JRedis[tid:1] <INFORMAÇÕES>: WARNING: heartbeat is disabled.
01475611470454 Tue Oct 04 17:04:30 BRT 2016 JRedis[tid:1] <ADVERTÊNCIA>: PROBLEM: Shutting down due to connection FAULT: Socket connect failed [cause: java.net.ConnectException: Conexão recusada] -- make sure the server is running at localhost:6379 - Connection: SYNCHRONOUS  localhost/127.0.0.1:6379 db:0 | SyncConnection@1467515503
01475611470454 Tue Oct 04 17:04:30 BRT 2016 JRedis[tid:1] <GRAVE>: Error creating connection -> Socket connect failed [cause: java.net.ConnectException: Conexão recusada] -- make sure the server is running at localhost:6379
01475611470454 Tue Oct 04 17:04:30 BRT 2016 JRedis[tid:1] <INFORMAÇÕES>: WARNING: heartbeat is disabled.
01475611470454 Tue Oct 04 17:04:30 BRT 2016 JRedis[tid:1] <ADVERTÊNCIA>: PROBLEM: Shutting down due to connection FAULT: Socket connect failed [cause: java.net.ConnectException: Conexão recusada] -- make sure the server is running at localhost:6379 - Connection: SYNCHRONOUS  localhost/127.0.0.1:6379 db:0 | SyncConnection@1533330615
01475611470454 Tue Oct 04 17:04:30 BRT 2016 JRedis[tid:1] <GRAVE>: Error creating connection -> Socket connect failed [cause: java.net.ConnectException: Conexão recusada] -- make sure the server is running at localhost:6379
]]></system-err>
  </testcase>
  <testcase name="testAddLast[11]" classname="org.springframework.data.redis.support.collections.RedisListTests" time="0">
    <error message="Could not get a resource from the pool; nested exception is org.jredis.ClientRuntimeException: null reference:{connection on setConnection()} in method JRedisClient.setConnection() [file: JRedisClient.java line:158 - package: org.jredis.ri.alphazero] cause: =&gt; [IllegalArgumentException: null reference:{connection on setConnection()} in method JRedisClient.setConnection() [file: JRedisClient.java line:158 - package: org.jredis.ri.alphazero]]" type="org.springframework.data.redis.connection.PoolException">org.springframework.data.redis.connection.PoolException: Could not get a resource from the pool; nested exception is org.jredis.ClientRuntimeException: null reference:{connection on setConnection()} in method JRedisClient.setConnection() [file: JRedisClient.java line:158 - package: org.jredis.ri.alphazero] cause: => [IllegalArgumentException: null reference:{connection on setConnection()} in method JRedisClient.setConnection() [file: JRedisClient.java line:158 - package: org.jredis.ri.alphazero]]
Caused by: org.jredis.ClientRuntimeException: null reference:{connection on setConnection()} in method JRedisClient.setConnection() [file: JRedisClient.java line:158 - package: org.jredis.ri.alphazero] cause: => [IllegalArgumentException: null reference:{connection on setConnection()} in method JRedisClient.setConnection() [file: JRedisClient.java line:158 - package: org.jredis.ri.alphazero]]
Caused by: java.lang.IllegalArgumentException: null reference:{connection on setConnection()} in method JRedisClient.setConnection() [file: JRedisClient.java line:158 - package: org.jredis.ri.alphazero]
</error>
  </testcase>
  <testcase name="testPop[11]" classname="org.springframework.data.redis.support.collections.RedisListTests" time="0.001">
    <error message="Could not get a resource from the pool; nested exception is org.jredis.ClientRuntimeException: null reference:{connection on setConnection()} in method JRedisClient.setConnection() [file: JRedisClient.java line:158 - package: org.jredis.ri.alphazero] cause: =&gt; [IllegalArgumentException: null reference:{connection on setConnection()} in method JRedisClient.setConnection() [file: JRedisClient.java line:158 - package: org.jredis.ri.alphazero]]" type="org.springframework.data.redis.connection.PoolException">org.springframework.data.redis.connection.PoolException: Could not get a resource from the pool; nested exception is org.jredis.ClientRuntimeException: null reference:{connection on setConnection()} in method JRedisClient.setConnection() [file: JRedisClient.java line:158 - package: org.jredis.ri.alphazero] cause: => [IllegalArgumentException: null reference:{connection on setConnection()} in method JRedisClient.setConnection() [file: JRedisClient.java line:158 - package: org.jredis.ri.alphazero]]
Caused by: org.jredis.ClientRuntimeException: null reference:{connection on setConnection()} in method JRedisClient.setConnection() [file: JRedisClient.java line:158 - package: org.jredis.ri.alphazero] cause: => [IllegalArgumentException: null reference:{connection on setConnection()} in method JRedisClient.setConnection() [file: JRedisClient.java line:158 - package: org.jredis.ri.alphazero]]
Caused by: java.lang.IllegalArgumentException: null reference:{connection on setConnection()} in method JRedisClient.setConnection() [file: JRedisClient.java line:158 - package: org.jredis.ri.alphazero]
</error>
    <system-err><![CDATA[01475611470455 Tue Oct 04 17:04:30 BRT 2016 JRedis[tid:1] <INFORMAÇÕES>: WARNING: heartbeat is disabled.
01475611470455 Tue Oct 04 17:04:30 BRT 2016 JRedis[tid:1] <ADVERTÊNCIA>: PROBLEM: Shutting down due to connection FAULT: Socket connect failed [cause: java.net.ConnectException: Conexão recusada] -- make sure the server is running at localhost:6379 - Connection: SYNCHRONOUS  localhost/127.0.0.1:6379 db:0 | SyncConnection@1197721383
01475611470455 Tue Oct 04 17:04:30 BRT 2016 JRedis[tid:1] <GRAVE>: Error creating connection -> Socket connect failed [cause: java.net.ConnectException: Conexão recusada] -- make sure the server is running at localhost:6379
01475611470455 Tue Oct 04 17:04:30 BRT 2016 JRedis[tid:1] <INFORMAÇÕES>: WARNING: heartbeat is disabled.
01475611470455 Tue Oct 04 17:04:30 BRT 2016 JRedis[tid:1] <ADVERTÊNCIA>: PROBLEM: Shutting down due to connection FAULT: Socket connect failed [cause: java.net.ConnectException: Conexão recusada] -- make sure the server is running at localhost:6379 - Connection: SYNCHRONOUS  localhost/127.0.0.1:6379 db:0 | SyncConnection@1917082298
01475611470455 Tue Oct 04 17:04:30 BRT 2016 JRedis[tid:1] <GRAVE>: Error creating connection -> Socket connect failed [cause: java.net.ConnectException: Conexão recusada] -- make sure the server is running at localhost:6379
]]></system-err>
  </testcase>
  <testcase name="testPop[11]" classname="org.springframework.data.redis.support.collections.RedisListTests" time="0.001">
    <error message="Could not get a resource from the pool; nested exception is org.jredis.ClientRuntimeException: null reference:{connection on setConnection()} in method JRedisClient.setConnection() [file: JRedisClient.java line:158 - package: org.jredis.ri.alphazero] cause: =&gt; [IllegalArgumentException: null reference:{connection on setConnection()} in method JRedisClient.setConnection() [file: JRedisClient.java line:158 - package: org.jredis.ri.alphazero]]" type="org.springframework.data.redis.connection.PoolException">org.springframework.data.redis.connection.PoolException: Could not get a resource from the pool; nested exception is org.jredis.ClientRuntimeException: null reference:{connection on setConnection()} in method JRedisClient.setConnection() [file: JRedisClient.java line:158 - package: org.jredis.ri.alphazero] cause: => [IllegalArgumentException: null reference:{connection on setConnection()} in method JRedisClient.setConnection() [file: JRedisClient.java line:158 - package: org.jredis.ri.alphazero]]
Caused by: org.jredis.ClientRuntimeException: null reference:{connection on setConnection()} in method JRedisClient.setConnection() [file: JRedisClient.java line:158 - package: org.jredis.ri.alphazero] cause: => [IllegalArgumentException: null reference:{connection on setConnection()} in method JRedisClient.setConnection() [file: JRedisClient.java line:158 - package: org.jredis.ri.alphazero]]
Caused by: java.lang.IllegalArgumentException: null reference:{connection on setConnection()} in method JRedisClient.setConnection() [file: JRedisClient.java line:158 - package: org.jredis.ri.alphazero]
</error>
  </testcase>
  <testcase name="testPut[11]" classname="org.springframework.data.redis.support.collections.RedisListTests" time="0">
    <error message="Could not get a resource from the pool; nested exception is org.jredis.ClientRuntimeException: null reference:{connection on setConnection()} in method JRedisClient.setConnection() [file: JRedisClient.java line:158 - package: org.jredis.ri.alphazero] cause: =&gt; [IllegalArgumentException: null reference:{connection on setConnection()} in method JRedisClient.setConnection() [file: JRedisClient.java line:158 - package: org.jredis.ri.alphazero]]" type="org.springframework.data.redis.connection.PoolException">org.springframework.data.redis.connection.PoolException: Could not get a resource from the pool; nested exception is org.jredis.ClientRuntimeException: null reference:{connection on setConnection()} in method JRedisClient.setConnection() [file: JRedisClient.java line:158 - package: org.jredis.ri.alphazero] cause: => [IllegalArgumentException: null reference:{connection on setConnection()} in method JRedisClient.setConnection() [file: JRedisClient.java line:158 - package: org.jredis.ri.alphazero]]
Caused by: org.jredis.ClientRuntimeException: null reference:{connection on setConnection()} in method JRedisClient.setConnection() [file: JRedisClient.java line:158 - package: org.jredis.ri.alphazero] cause: => [IllegalArgumentException: null reference:{connection on setConnection()} in method JRedisClient.setConnection() [file: JRedisClient.java line:158 - package: org.jredis.ri.alphazero]]
Caused by: java.lang.IllegalArgumentException: null reference:{connection on setConnection()} in method JRedisClient.setConnection() [file: JRedisClient.java line:158 - package: org.jredis.ri.alphazero]
</error>
    <system-err><![CDATA[01475611470456 Tue Oct 04 17:04:30 BRT 2016 JRedis[tid:1] <INFORMAÇÕES>: WARNING: heartbeat is disabled.
01475611470456 Tue Oct 04 17:04:30 BRT 2016 JRedis[tid:1] <ADVERTÊNCIA>: PROBLEM: Shutting down due to connection FAULT: Socket connect failed [cause: java.net.ConnectException: Conexão recusada] -- make sure the server is running at localhost:6379 - Connection: SYNCHRONOUS  localhost/127.0.0.1:6379 db:0 | SyncConnection@1166230227
01475611470456 Tue Oct 04 17:04:30 BRT 2016 JRedis[tid:1] <GRAVE>: Error creating connection -> Socket connect failed [cause: java.net.ConnectException: Conexão recusada] -- make sure the server is running at localhost:6379
01475611470457 Tue Oct 04 17:04:30 BRT 2016 JRedis[tid:1] <INFORMAÇÕES>: WARNING: heartbeat is disabled.
01475611470457 Tue Oct 04 17:04:30 BRT 2016 JRedis[tid:1] <ADVERTÊNCIA>: PROBLEM: Shutting down due to connection FAULT: Socket connect failed [cause: java.net.ConnectException: Conexão recusada] -- make sure the server is running at localhost:6379 - Connection: SYNCHRONOUS  localhost/127.0.0.1:6379 db:0 | SyncConnection@365056339
01475611470457 Tue Oct 04 17:04:30 BRT 2016 JRedis[tid:1] <GRAVE>: Error creating connection -> Socket connect failed [cause: java.net.ConnectException: Conexão recusada] -- make sure the server is running at localhost:6379
]]></system-err>
  </testcase>
  <testcase name="testPut[11]" classname="org.springframework.data.redis.support.collections.RedisListTests" time="0">
    <error message="Could not get a resource from the pool; nested exception is org.jredis.ClientRuntimeException: null reference:{connection on setConnection()} in method JRedisClient.setConnection() [file: JRedisClient.java line:158 - package: org.jredis.ri.alphazero] cause: =&gt; [IllegalArgumentException: null reference:{connection on setConnection()} in method JRedisClient.setConnection() [file: JRedisClient.java line:158 - package: org.jredis.ri.alphazero]]" type="org.springframework.data.redis.connection.PoolException">org.springframework.data.redis.connection.PoolException: Could not get a resource from the pool; nested exception is org.jredis.ClientRuntimeException: null reference:{connection on setConnection()} in method JRedisClient.setConnection() [file: JRedisClient.java line:158 - package: org.jredis.ri.alphazero] cause: => [IllegalArgumentException: null reference:{connection on setConnection()} in method JRedisClient.setConnection() [file: JRedisClient.java line:158 - package: org.jredis.ri.alphazero]]
Caused by: org.jredis.ClientRuntimeException: null reference:{connection on setConnection()} in method JRedisClient.setConnection() [file: JRedisClient.java line:158 - package: org.jredis.ri.alphazero] cause: => [IllegalArgumentException: null reference:{connection on setConnection()} in method JRedisClient.setConnection() [file: JRedisClient.java line:158 - package: org.jredis.ri.alphazero]]
Caused by: java.lang.IllegalArgumentException: null reference:{connection on setConnection()} in method JRedisClient.setConnection() [file: JRedisClient.java line:158 - package: org.jredis.ri.alphazero]
</error>
  </testcase>
  <testcase name="testSet[11]" classname="org.springframework.data.redis.support.collections.RedisListTests" time="0">
    <error message="Could not get a resource from the pool; nested exception is org.jredis.ClientRuntimeException: null reference:{connection on setConnection()} in method JRedisClient.setConnection() [file: JRedisClient.java line:158 - package: org.jredis.ri.alphazero] cause: =&gt; [IllegalArgumentException: null reference:{connection on setConnection()} in method JRedisClient.setConnection() [file: JRedisClient.java line:158 - package: org.jredis.ri.alphazero]]" type="org.springframework.data.redis.connection.PoolException">org.springframework.data.redis.connection.PoolException: Could not get a resource from the pool; nested exception is org.jredis.ClientRuntimeException: null reference:{connection on setConnection()} in method JRedisClient.setConnection() [file: JRedisClient.java line:158 - package: org.jredis.ri.alphazero] cause: => [IllegalArgumentException: null reference:{connection on setConnection()} in method JRedisClient.setConnection() [file: JRedisClient.java line:158 - package: org.jredis.ri.alphazero]]
Caused by: org.jredis.ClientRuntimeException: null reference:{connection on setConnection()} in method JRedisClient.setConnection() [file: JRedisClient.java line:158 - package: org.jredis.ri.alphazero] cause: => [IllegalArgumentException: null reference:{connection on setConnection()} in method JRedisClient.setConnection() [file: JRedisClient.java line:158 - package: org.jredis.ri.alphazero]]
Caused by: java.lang.IllegalArgumentException: null reference:{connection on setConnection()} in method JRedisClient.setConnection() [file: JRedisClient.java line:158 - package: org.jredis.ri.alphazero]
</error>
    <system-err><![CDATA[01475611470458 Tue Oct 04 17:04:30 BRT 2016 JRedis[tid:1] <INFORMAÇÕES>: WARNING: heartbeat is disabled.
01475611470458 Tue Oct 04 17:04:30 BRT 2016 JRedis[tid:1] <ADVERTÊNCIA>: PROBLEM: Shutting down due to connection FAULT: Socket connect failed [cause: java.net.ConnectException: Conexão recusada] -- make sure the server is running at localhost:6379 - Connection: SYNCHRONOUS  localhost/127.0.0.1:6379 db:0 | SyncConnection@1445424568
01475611470458 Tue Oct 04 17:04:30 BRT 2016 JRedis[tid:1] <GRAVE>: Error creating connection -> Socket connect failed [cause: java.net.ConnectException: Conexão recusada] -- make sure the server is running at localhost:6379
01475611470458 Tue Oct 04 17:04:30 BRT 2016 JRedis[tid:1] <INFORMAÇÕES>: WARNING: heartbeat is disabled.
01475611470459 Tue Oct 04 17:04:30 BRT 2016 JRedis[tid:1] <ADVERTÊNCIA>: PROBLEM: Shutting down due to connection FAULT: Socket connect failed [cause: java.net.ConnectException: Conexão recusada] -- make sure the server is running at localhost:6379 - Connection: SYNCHRONOUS  localhost/127.0.0.1:6379 db:0 | SyncConnection@1374217958
01475611470459 Tue Oct 04 17:04:30 BRT 2016 JRedis[tid:1] <GRAVE>: Error creating connection -> Socket connect failed [cause: java.net.ConnectException: Conexão recusada] -- make sure the server is running at localhost:6379
]]></system-err>
  </testcase>
  <testcase name="testSet[11]" classname="org.springframework.data.redis.support.collections.RedisListTests" time="0">
    <error message="Could not get a resource from the pool; nested exception is org.jredis.ClientRuntimeException: null reference:{connection on setConnection()} in method JRedisClient.setConnection() [file: JRedisClient.java line:158 - package: org.jredis.ri.alphazero] cause: =&gt; [IllegalArgumentException: null reference:{connection on setConnection()} in method JRedisClient.setConnection() [file: JRedisClient.java line:158 - package: org.jredis.ri.alphazero]]" type="org.springframework.data.redis.connection.PoolException">org.springframework.data.redis.connection.PoolException: Could not get a resource from the pool; nested exception is org.jredis.ClientRuntimeException: null reference:{connection on setConnection()} in method JRedisClient.setConnection() [file: JRedisClient.java line:158 - package: org.jredis.ri.alphazero] cause: => [IllegalArgumentException: null reference:{connection on setConnection()} in method JRedisClient.setConnection() [file: JRedisClient.java line:158 - package: org.jredis.ri.alphazero]]
Caused by: org.jredis.ClientRuntimeException: null reference:{connection on setConnection()} in method JRedisClient.setConnection() [file: JRedisClient.java line:158 - package: org.jredis.ri.alphazero] cause: => [IllegalArgumentException: null reference:{connection on setConnection()} in method JRedisClient.setConnection() [file: JRedisClient.java line:158 - package: org.jredis.ri.alphazero]]
Caused by: java.lang.IllegalArgumentException: null reference:{connection on setConnection()} in method JRedisClient.setConnection() [file: JRedisClient.java line:158 - package: org.jredis.ri.alphazero]
</error>
  </testcase>
  <testcase name="testOffer[11]" classname="org.springframework.data.redis.support.collections.RedisListTests" time="0">
    <error message="Could not get a resource from the pool; nested exception is org.jredis.ClientRuntimeException: null reference:{connection on setConnection()} in method JRedisClient.setConnection() [file: JRedisClient.java line:158 - package: org.jredis.ri.alphazero] cause: =&gt; [IllegalArgumentException: null reference:{connection on setConnection()} in method JRedisClient.setConnection() [file: JRedisClient.java line:158 - package: org.jredis.ri.alphazero]]" type="org.springframework.data.redis.connection.PoolException">org.springframework.data.redis.connection.PoolException: Could not get a resource from the pool; nested exception is org.jredis.ClientRuntimeException: null reference:{connection on setConnection()} in method JRedisClient.setConnection() [file: JRedisClient.java line:158 - package: org.jredis.ri.alphazero] cause: => [IllegalArgumentException: null reference:{connection on setConnection()} in method JRedisClient.setConnection() [file: JRedisClient.java line:158 - package: org.jredis.ri.alphazero]]
Caused by: org.jredis.ClientRuntimeException: null reference:{connection on setConnection()} in method JRedisClient.setConnection() [file: JRedisClient.java line:158 - package: org.jredis.ri.alphazero] cause: => [IllegalArgumentException: null reference:{connection on setConnection()} in method JRedisClient.setConnection() [file: JRedisClient.java line:158 - package: org.jredis.ri.alphazero]]
Caused by: java.lang.IllegalArgumentException: null reference:{connection on setConnection()} in method JRedisClient.setConnection() [file: JRedisClient.java line:158 - package: org.jredis.ri.alphazero]
</error>
    <system-err><![CDATA[01475611470460 Tue Oct 04 17:04:30 BRT 2016 JRedis[tid:1] <INFORMAÇÕES>: WARNING: heartbeat is disabled.
01475611470460 Tue Oct 04 17:04:30 BRT 2016 JRedis[tid:1] <ADVERTÊNCIA>: PROBLEM: Shutting down due to connection FAULT: Socket connect failed [cause: java.net.ConnectException: Conexão recusada] -- make sure the server is running at localhost:6379 - Connection: SYNCHRONOUS  localhost/127.0.0.1:6379 db:0 | SyncConnection@1530957251
01475611470460 Tue Oct 04 17:04:30 BRT 2016 JRedis[tid:1] <GRAVE>: Error creating connection -> Socket connect failed [cause: java.net.ConnectException: Conexão recusada] -- make sure the server is running at localhost:6379
01475611470460 Tue Oct 04 17:04:30 BRT 2016 JRedis[tid:1] <INFORMAÇÕES>: WARNING: heartbeat is disabled.
01475611470460 Tue Oct 04 17:04:30 BRT 2016 JRedis[tid:1] <ADVERTÊNCIA>: PROBLEM: Shutting down due to connection FAULT: Socket connect failed [cause: java.net.ConnectException: Conexão recusada] -- make sure the server is running at localhost:6379 - Connection: SYNCHRONOUS  localhost/127.0.0.1:6379 db:0 | SyncConnection@1292472219
01475611470461 Tue Oct 04 17:04:30 BRT 2016 JRedis[tid:1] <GRAVE>: Error creating connection -> Socket connect failed [cause: java.net.ConnectException: Conexão recusada] -- make sure the server is running at localhost:6379
]]></system-err>
  </testcase>
  <testcase name="testOffer[11]" classname="org.springframework.data.redis.support.collections.RedisListTests" time="0">
    <error message="Could not get a resource from the pool; nested exception is org.jredis.ClientRuntimeException: null reference:{connection on setConnection()} in method JRedisClient.setConnection() [file: JRedisClient.java line:158 - package: org.jredis.ri.alphazero] cause: =&gt; [IllegalArgumentException: null reference:{connection on setConnection()} in method JRedisClient.setConnection() [file: JRedisClient.java line:158 - package: org.jredis.ri.alphazero]]" type="org.springframework.data.redis.connection.PoolException">org.springframework.data.redis.connection.PoolException: Could not get a resource from the pool; nested exception is org.jredis.ClientRuntimeException: null reference:{connection on setConnection()} in method JRedisClient.setConnection() [file: JRedisClient.java line:158 - package: org.jredis.ri.alphazero] cause: => [IllegalArgumentException: null reference:{connection on setConnection()} in method JRedisClient.setConnection() [file: JRedisClient.java line:158 - package: org.jredis.ri.alphazero]]
Caused by: org.jredis.ClientRuntimeException: null reference:{connection on setConnection()} in method JRedisClient.setConnection() [file: JRedisClient.java line:158 - package: org.jredis.ri.alphazero] cause: => [IllegalArgumentException: null reference:{connection on setConnection()} in method JRedisClient.setConnection() [file: JRedisClient.java line:158 - package: org.jredis.ri.alphazero]]
Caused by: java.lang.IllegalArgumentException: null reference:{connection on setConnection()} in method JRedisClient.setConnection() [file: JRedisClient.java line:158 - package: org.jredis.ri.alphazero]
</error>
  </testcase>
  <testcase name="testRange[11]" classname="org.springframework.data.redis.support.collections.RedisListTests" time="0">
    <error message="Could not get a resource from the pool; nested exception is org.jredis.ClientRuntimeException: null reference:{connection on setConnection()} in method JRedisClient.setConnection() [file: JRedisClient.java line:158 - package: org.jredis.ri.alphazero] cause: =&gt; [IllegalArgumentException: null reference:{connection on setConnection()} in method JRedisClient.setConnection() [file: JRedisClient.java line:158 - package: org.jredis.ri.alphazero]]" type="org.springframework.data.redis.connection.PoolException">org.springframework.data.redis.connection.PoolException: Could not get a resource from the pool; nested exception is org.jredis.ClientRuntimeException: null reference:{connection on setConnection()} in method JRedisClient.setConnection() [file: JRedisClient.java line:158 - package: org.jredis.ri.alphazero] cause: => [IllegalArgumentException: null reference:{connection on setConnection()} in method JRedisClient.setConnection() [file: JRedisClient.java line:158 - package: org.jredis.ri.alphazero]]
Caused by: org.jredis.ClientRuntimeException: null reference:{connection on setConnection()} in method JRedisClient.setConnection() [file: JRedisClient.java line:158 - package: org.jredis.ri.alphazero] cause: => [IllegalArgumentException: null reference:{connection on setConnection()} in method JRedisClient.setConnection() [file: JRedisClient.java line:158 - package: org.jredis.ri.alphazero]]
Caused by: java.lang.IllegalArgumentException: null reference:{connection on setConnection()} in method JRedisClient.setConnection() [file: JRedisClient.java line:158 - package: org.jredis.ri.alphazero]
</error>
    <system-err><![CDATA[01475611470461 Tue Oct 04 17:04:30 BRT 2016 JRedis[tid:1] <INFORMAÇÕES>: WARNING: heartbeat is disabled.
01475611470461 Tue Oct 04 17:04:30 BRT 2016 JRedis[tid:1] <ADVERTÊNCIA>: PROBLEM: Shutting down due to connection FAULT: Socket connect failed [cause: java.net.ConnectException: Conexão recusada] -- make sure the server is running at localhost:6379 - Connection: SYNCHRONOUS  localhost/127.0.0.1:6379 db:0 | SyncConnection@767511741
01475611470461 Tue Oct 04 17:04:30 BRT 2016 JRedis[tid:1] <GRAVE>: Error creating connection -> Socket connect failed [cause: java.net.ConnectException: Conexão recusada] -- make sure the server is running at localhost:6379
01475611470462 Tue Oct 04 17:04:30 BRT 2016 JRedis[tid:1] <INFORMAÇÕES>: WARNING: heartbeat is disabled.
01475611470462 Tue Oct 04 17:04:30 BRT 2016 JRedis[tid:1] <ADVERTÊNCIA>: PROBLEM: Shutting down due to connection FAULT: Socket connect failed [cause: java.net.ConnectException: Conexão recusada] -- make sure the server is running at localhost:6379 - Connection: SYNCHRONOUS  localhost/127.0.0.1:6379 db:0 | SyncConnection@548795052
01475611470462 Tue Oct 04 17:04:30 BRT 2016 JRedis[tid:1] <GRAVE>: Error creating connection -> Socket connect failed [cause: java.net.ConnectException: Conexão recusada] -- make sure the server is running at localhost:6379
]]></system-err>
  </testcase>
  <testcase name="testRange[11]" classname="org.springframework.data.redis.support.collections.RedisListTests" time="0">
    <error message="Could not get a resource from the pool; nested exception is org.jredis.ClientRuntimeException: null reference:{connection on setConnection()} in method JRedisClient.setConnection() [file: JRedisClient.java line:158 - package: org.jredis.ri.alphazero] cause: =&gt; [IllegalArgumentException: null reference:{connection on setConnection()} in method JRedisClient.setConnection() [file: JRedisClient.java line:158 - package: org.jredis.ri.alphazero]]" type="org.springframework.data.redis.connection.PoolException">org.springframework.data.redis.connection.PoolException: Could not get a resource from the pool; nested exception is org.jredis.ClientRuntimeException: null reference:{connection on setConnection()} in method JRedisClient.setConnection() [file: JRedisClient.java line:158 - package: org.jredis.ri.alphazero] cause: => [IllegalArgumentException: null reference:{connection on setConnection()} in method JRedisClient.setConnection() [file: JRedisClient.java line:158 - package: org.jredis.ri.alphazero]]
Caused by: org.jredis.ClientRuntimeException: null reference:{connection on setConnection()} in method JRedisClient.setConnection() [file: JRedisClient.java line:158 - package: org.jredis.ri.alphazero] cause: => [IllegalArgumentException: null reference:{connection on setConnection()} in method JRedisClient.setConnection() [file: JRedisClient.java line:158 - package: org.jredis.ri.alphazero]]
Caused by: java.lang.IllegalArgumentException: null reference:{connection on setConnection()} in method JRedisClient.setConnection() [file: JRedisClient.java line:158 - package: org.jredis.ri.alphazero]
</error>
  </testcase>
  <testcase name="testLast[11]" classname="org.springframework.data.redis.support.collections.RedisListTests" time="0">
    <error message="Could not get a resource from the pool; nested exception is org.jredis.ClientRuntimeException: null reference:{connection on setConnection()} in method JRedisClient.setConnection() [file: JRedisClient.java line:158 - package: org.jredis.ri.alphazero] cause: =&gt; [IllegalArgumentException: null reference:{connection on setConnection()} in method JRedisClient.setConnection() [file: JRedisClient.java line:158 - package: org.jredis.ri.alphazero]]" type="org.springframework.data.redis.connection.PoolException">org.springframework.data.redis.connection.PoolException: Could not get a resource from the pool; nested exception is org.jredis.ClientRuntimeException: null reference:{connection on setConnection()} in method JRedisClient.setConnection() [file: JRedisClient.java line:158 - package: org.jredis.ri.alphazero] cause: => [IllegalArgumentException: null reference:{connection on setConnection()} in method JRedisClient.setConnection() [file: JRedisClient.java line:158 - package: org.jredis.ri.alphazero]]
Caused by: org.jredis.ClientRuntimeException: null reference:{connection on setConnection()} in method JRedisClient.setConnection() [file: JRedisClient.java line:158 - package: org.jredis.ri.alphazero] cause: => [IllegalArgumentException: null reference:{connection on setConnection()} in method JRedisClient.setConnection() [file: JRedisClient.java line:158 - package: org.jredis.ri.alphazero]]
Caused by: java.lang.IllegalArgumentException: null reference:{connection on setConnection()} in method JRedisClient.setConnection() [file: JRedisClient.java line:158 - package: org.jredis.ri.alphazero]
</error>
    <system-err><![CDATA[01475611470463 Tue Oct 04 17:04:30 BRT 2016 JRedis[tid:1] <INFORMAÇÕES>: WARNING: heartbeat is disabled.
01475611470463 Tue Oct 04 17:04:30 BRT 2016 JRedis[tid:1] <ADVERTÊNCIA>: PROBLEM: Shutting down due to connection FAULT: Socket connect failed [cause: java.net.ConnectException: Conexão recusada] -- make sure the server is running at localhost:6379 - Connection: SYNCHRONOUS  localhost/127.0.0.1:6379 db:0 | SyncConnection@691863815
01475611470463 Tue Oct 04 17:04:30 BRT 2016 JRedis[tid:1] <GRAVE>: Error creating connection -> Socket connect failed [cause: java.net.ConnectException: Conexão recusada] -- make sure the server is running at localhost:6379
01475611470463 Tue Oct 04 17:04:30 BRT 2016 JRedis[tid:1] <INFORMAÇÕES>: WARNING: heartbeat is disabled.
01475611470463 Tue Oct 04 17:04:30 BRT 2016 JRedis[tid:1] <ADVERTÊNCIA>: PROBLEM: Shutting down due to connection FAULT: Socket connect failed [cause: java.net.ConnectException: Conexão recusada] -- make sure the server is running at localhost:6379 - Connection: SYNCHRONOUS  localhost/127.0.0.1:6379 db:0 | SyncConnection@647149086
01475611470463 Tue Oct 04 17:04:30 BRT 2016 JRedis[tid:1] <GRAVE>: Error creating connection -> Socket connect failed [cause: java.net.ConnectException: Conexão recusada] -- make sure the server is running at localhost:6379
]]></system-err>
  </testcase>
  <testcase name="testLast[11]" classname="org.springframework.data.redis.support.collections.RedisListTests" time="0">
    <error message="Could not get a resource from the pool; nested exception is org.jredis.ClientRuntimeException: null reference:{connection on setConnection()} in method JRedisClient.setConnection() [file: JRedisClient.java line:158 - package: org.jredis.ri.alphazero] cause: =&gt; [IllegalArgumentException: null reference:{connection on setConnection()} in method JRedisClient.setConnection() [file: JRedisClient.java line:158 - package: org.jredis.ri.alphazero]]" type="org.springframework.data.redis.connection.PoolException">org.springframework.data.redis.connection.PoolException: Could not get a resource from the pool; nested exception is org.jredis.ClientRuntimeException: null reference:{connection on setConnection()} in method JRedisClient.setConnection() [file: JRedisClient.java line:158 - package: org.jredis.ri.alphazero] cause: => [IllegalArgumentException: null reference:{connection on setConnection()} in method JRedisClient.setConnection() [file: JRedisClient.java line:158 - package: org.jredis.ri.alphazero]]
Caused by: org.jredis.ClientRuntimeException: null reference:{connection on setConnection()} in method JRedisClient.setConnection() [file: JRedisClient.java line:158 - package: org.jredis.ri.alphazero] cause: => [IllegalArgumentException: null reference:{connection on setConnection()} in method JRedisClient.setConnection() [file: JRedisClient.java line:158 - package: org.jredis.ri.alphazero]]
Caused by: java.lang.IllegalArgumentException: null reference:{connection on setConnection()} in method JRedisClient.setConnection() [file: JRedisClient.java line:158 - package: org.jredis.ri.alphazero]
</error>
  </testcase>
  <testcase name="testPeek[11]" classname="org.springframework.data.redis.support.collections.RedisListTests" time="0.01">
    <error message="Could not get a resource from the pool; nested exception is org.jredis.ClientRuntimeException: null reference:{connection on setConnection()} in method JRedisClient.setConnection() [file: JRedisClient.java line:158 - package: org.jredis.ri.alphazero] cause: =&gt; [IllegalArgumentException: null reference:{connection on setConnection()} in method JRedisClient.setConnection() [file: JRedisClient.java line:158 - package: org.jredis.ri.alphazero]]" type="org.springframework.data.redis.connection.PoolException">org.springframework.data.redis.connection.PoolException: Could not get a resource from the pool; nested exception is org.jredis.ClientRuntimeException: null reference:{connection on setConnection()} in method JRedisClient.setConnection() [file: JRedisClient.java line:158 - package: org.jredis.ri.alphazero] cause: => [IllegalArgumentException: null reference:{connection on setConnection()} in method JRedisClient.setConnection() [file: JRedisClient.java line:158 - package: org.jredis.ri.alphazero]]
Caused by: org.jredis.ClientRuntimeException: null reference:{connection on setConnection()} in method JRedisClient.setConnection() [file: JRedisClient.java line:158 - package: org.jredis.ri.alphazero] cause: => [IllegalArgumentException: null reference:{connection on setConnection()} in method JRedisClient.setConnection() [file: JRedisClient.java line:158 - package: org.jredis.ri.alphazero]]
Caused by: java.lang.IllegalArgumentException: null reference:{connection on setConnection()} in method JRedisClient.setConnection() [file: JRedisClient.java line:158 - package: org.jredis.ri.alphazero]
</error>
    <system-err><![CDATA[01475611470464 Tue Oct 04 17:04:30 BRT 2016 JRedis[tid:1] <INFORMAÇÕES>: WARNING: heartbeat is disabled.
01475611470464 Tue Oct 04 17:04:30 BRT 2016 JRedis[tid:1] <ADVERTÊNCIA>: PROBLEM: Shutting down due to connection FAULT: Socket connect failed [cause: java.net.ConnectException: Conexão recusada] -- make sure the server is running at localhost:6379 - Connection: SYNCHRONOUS  localhost/127.0.0.1:6379 db:0 | SyncConnection@2070160397
01475611470464 Tue Oct 04 17:04:30 BRT 2016 JRedis[tid:1] <GRAVE>: Error creating connection -> Socket connect failed [cause: java.net.ConnectException: Conexão recusada] -- make sure the server is running at localhost:6379
01475611470464 Tue Oct 04 17:04:30 BRT 2016 JRedis[tid:1] <INFORMAÇÕES>: WARNING: heartbeat is disabled.
01475611470464 Tue Oct 04 17:04:30 BRT 2016 JRedis[tid:1] <ADVERTÊNCIA>: PROBLEM: Shutting down due to connection FAULT: Socket connect failed [cause: java.net.ConnectException: Conexão recusada] -- make sure the server is running at localhost:6379 - Connection: SYNCHRONOUS  localhost/127.0.0.1:6379 db:0 | SyncConnection@103787801
01475611470464 Tue Oct 04 17:04:30 BRT 2016 JRedis[tid:1] <GRAVE>: Error creating connection -> Socket connect failed [cause: java.net.ConnectException: Conexão recusada] -- make sure the server is running at localhost:6379
]]></system-err>
  </testcase>
  <testcase name="testPeek[11]" classname="org.springframework.data.redis.support.collections.RedisListTests" time="0.01">
    <error message="Could not get a resource from the pool; nested exception is org.jredis.ClientRuntimeException: null reference:{connection on setConnection()} in method JRedisClient.setConnection() [file: JRedisClient.java line:158 - package: org.jredis.ri.alphazero] cause: =&gt; [IllegalArgumentException: null reference:{connection on setConnection()} in method JRedisClient.setConnection() [file: JRedisClient.java line:158 - package: org.jredis.ri.alphazero]]" type="org.springframework.data.redis.connection.PoolException">org.springframework.data.redis.connection.PoolException: Could not get a resource from the pool; nested exception is org.jredis.ClientRuntimeException: null reference:{connection on setConnection()} in method JRedisClient.setConnection() [file: JRedisClient.java line:158 - package: org.jredis.ri.alphazero] cause: => [IllegalArgumentException: null reference:{connection on setConnection()} in method JRedisClient.setConnection() [file: JRedisClient.java line:158 - package: org.jredis.ri.alphazero]]
Caused by: org.jredis.ClientRuntimeException: null reference:{connection on setConnection()} in method JRedisClient.setConnection() [file: JRedisClient.java line:158 - package: org.jredis.ri.alphazero] cause: => [IllegalArgumentException: null reference:{connection on setConnection()} in method JRedisClient.setConnection() [file: JRedisClient.java line:158 - package: org.jredis.ri.alphazero]]
Caused by: java.lang.IllegalArgumentException: null reference:{connection on setConnection()} in method JRedisClient.setConnection() [file: JRedisClient.java line:158 - package: org.jredis.ri.alphazero]
</error>
  </testcase>
  <testcase name="testPoll[11]" classname="org.springframework.data.redis.support.collections.RedisListTests" time="0">
    <error message="Could not get a resource from the pool; nested exception is org.jredis.ClientRuntimeException: null reference:{connection on setConnection()} in method JRedisClient.setConnection() [file: JRedisClient.java line:158 - package: org.jredis.ri.alphazero] cause: =&gt; [IllegalArgumentException: null reference:{connection on setConnection()} in method JRedisClient.setConnection() [file: JRedisClient.java line:158 - package: org.jredis.ri.alphazero]]" type="org.springframework.data.redis.connection.PoolException">org.springframework.data.redis.connection.PoolException: Could not get a resource from the pool; nested exception is org.jredis.ClientRuntimeException: null reference:{connection on setConnection()} in method JRedisClient.setConnection() [file: JRedisClient.java line:158 - package: org.jredis.ri.alphazero] cause: => [IllegalArgumentException: null reference:{connection on setConnection()} in method JRedisClient.setConnection() [file: JRedisClient.java line:158 - package: org.jredis.ri.alphazero]]
Caused by: org.jredis.ClientRuntimeException: null reference:{connection on setConnection()} in method JRedisClient.setConnection() [file: JRedisClient.java line:158 - package: org.jredis.ri.alphazero] cause: => [IllegalArgumentException: null reference:{connection on setConnection()} in method JRedisClient.setConnection() [file: JRedisClient.java line:158 - package: org.jredis.ri.alphazero]]
Caused by: java.lang.IllegalArgumentException: null reference:{connection on setConnection()} in method JRedisClient.setConnection() [file: JRedisClient.java line:158 - package: org.jredis.ri.alphazero]
</error>
    <system-err><![CDATA[01475611470465 Tue Oct 04 17:04:30 BRT 2016 JRedis[tid:1] <INFORMAÇÕES>: WARNING: heartbeat is disabled.
01475611470465 Tue Oct 04 17:04:30 BRT 2016 JRedis[tid:1] <ADVERTÊNCIA>: PROBLEM: Shutting down due to connection FAULT: Socket connect failed [cause: java.net.ConnectException: Conexão recusada] -- make sure the server is running at localhost:6379 - Connection: SYNCHRONOUS  localhost/127.0.0.1:6379 db:0 | SyncConnection@1205580258
01475611470465 Tue Oct 04 17:04:30 BRT 2016 JRedis[tid:1] <GRAVE>: Error creating connection -> Socket connect failed [cause: java.net.ConnectException: Conexão recusada] -- make sure the server is running at localhost:6379
01475611470465 Tue Oct 04 17:04:30 BRT 2016 JRedis[tid:1] <INFORMAÇÕES>: WARNING: heartbeat is disabled.
01475611470465 Tue Oct 04 17:04:30 BRT 2016 JRedis[tid:1] <ADVERTÊNCIA>: PROBLEM: Shutting down due to connection FAULT: Socket connect failed [cause: java.net.ConnectException: Conexão recusada] -- make sure the server is running at localhost:6379 - Connection: SYNCHRONOUS  localhost/127.0.0.1:6379 db:0 | SyncConnection@1959451969
01475611470466 Tue Oct 04 17:04:30 BRT 2016 JRedis[tid:1] <GRAVE>: Error creating connection -> Socket connect failed [cause: java.net.ConnectException: Conexão recusada] -- make sure the server is running at localhost:6379
]]></system-err>
  </testcase>
  <testcase name="testPoll[11]" classname="org.springframework.data.redis.support.collections.RedisListTests" time="0">
    <error message="Could not get a resource from the pool; nested exception is org.jredis.ClientRuntimeException: null reference:{connection on setConnection()} in method JRedisClient.setConnection() [file: JRedisClient.java line:158 - package: org.jredis.ri.alphazero] cause: =&gt; [IllegalArgumentException: null reference:{connection on setConnection()} in method JRedisClient.setConnection() [file: JRedisClient.java line:158 - package: org.jredis.ri.alphazero]]" type="org.springframework.data.redis.connection.PoolException">org.springframework.data.redis.connection.PoolException: Could not get a resource from the pool; nested exception is org.jredis.ClientRuntimeException: null reference:{connection on setConnection()} in method JRedisClient.setConnection() [file: JRedisClient.java line:158 - package: org.jredis.ri.alphazero] cause: => [IllegalArgumentException: null reference:{connection on setConnection()} in method JRedisClient.setConnection() [file: JRedisClient.java line:158 - package: org.jredis.ri.alphazero]]
Caused by: org.jredis.ClientRuntimeException: null reference:{connection on setConnection()} in method JRedisClient.setConnection() [file: JRedisClient.java line:158 - package: org.jredis.ri.alphazero] cause: => [IllegalArgumentException: null reference:{connection on setConnection()} in method JRedisClient.setConnection() [file: JRedisClient.java line:158 - package: org.jredis.ri.alphazero]]
Caused by: java.lang.IllegalArgumentException: null reference:{connection on setConnection()} in method JRedisClient.setConnection() [file: JRedisClient.java line:158 - package: org.jredis.ri.alphazero]
</error>
  </testcase>
  <testcase name="testTake[11]" classname="org.springframework.data.redis.support.collections.RedisListTests" time="0">
    <error message="Could not get a resource from the pool; nested exception is org.jredis.ClientRuntimeException: null reference:{connection on setConnection()} in method JRedisClient.setConnection() [file: JRedisClient.java line:158 - package: org.jredis.ri.alphazero] cause: =&gt; [IllegalArgumentException: null reference:{connection on setConnection()} in method JRedisClient.setConnection() [file: JRedisClient.java line:158 - package: org.jredis.ri.alphazero]]" type="org.springframework.data.redis.connection.PoolException">org.springframework.data.redis.connection.PoolException: Could not get a resource from the pool; nested exception is org.jredis.ClientRuntimeException: null reference:{connection on setConnection()} in method JRedisClient.setConnection() [file: JRedisClient.java line:158 - package: org.jredis.ri.alphazero] cause: => [IllegalArgumentException: null reference:{connection on setConnection()} in method JRedisClient.setConnection() [file: JRedisClient.java line:158 - package: org.jredis.ri.alphazero]]
Caused by: org.jredis.ClientRuntimeException: null reference:{connection on setConnection()} in method JRedisClient.setConnection() [file: JRedisClient.java line:158 - package: org.jredis.ri.alphazero] cause: => [IllegalArgumentException: null reference:{connection on setConnection()} in method JRedisClient.setConnection() [file: JRedisClient.java line:158 - package: org.jredis.ri.alphazero]]
Caused by: java.lang.IllegalArgumentException: null reference:{connection on setConnection()} in method JRedisClient.setConnection() [file: JRedisClient.java line:158 - package: org.jredis.ri.alphazero]
</error>
    <system-err><![CDATA[01475611470466 Tue Oct 04 17:04:30 BRT 2016 JRedis[tid:1] <INFORMAÇÕES>: WARNING: heartbeat is disabled.
01475611470466 Tue Oct 04 17:04:30 BRT 2016 JRedis[tid:1] <ADVERTÊNCIA>: PROBLEM: Shutting down due to connection FAULT: Socket connect failed [cause: java.net.ConnectException: Conexão recusada] -- make sure the server is running at localhost:6379 - Connection: SYNCHRONOUS  localhost/127.0.0.1:6379 db:0 | SyncConnection@777313177
01475611470466 Tue Oct 04 17:04:30 BRT 2016 JRedis[tid:1] <GRAVE>: Error creating connection -> Socket connect failed [cause: java.net.ConnectException: Conexão recusada] -- make sure the server is running at localhost:6379
01475611470466 Tue Oct 04 17:04:30 BRT 2016 JRedis[tid:1] <INFORMAÇÕES>: WARNING: heartbeat is disabled.
01475611470467 Tue Oct 04 17:04:30 BRT 2016 JRedis[tid:1] <ADVERTÊNCIA>: PROBLEM: Shutting down due to connection FAULT: Socket connect failed [cause: java.net.ConnectException: Conexão recusada] -- make sure the server is running at localhost:6379 - Connection: SYNCHRONOUS  localhost/127.0.0.1:6379 db:0 | SyncConnection@1441328175
01475611470467 Tue Oct 04 17:04:30 BRT 2016 JRedis[tid:1] <GRAVE>: Error creating connection -> Socket connect failed [cause: java.net.ConnectException: Conexão recusada] -- make sure the server is running at localhost:6379
]]></system-err>
  </testcase>
  <testcase name="testTake[11]" classname="org.springframework.data.redis.support.collections.RedisListTests" time="0">
    <error message="Could not get a resource from the pool; nested exception is org.jredis.ClientRuntimeException: null reference:{connection on setConnection()} in method JRedisClient.setConnection() [file: JRedisClient.java line:158 - package: org.jredis.ri.alphazero] cause: =&gt; [IllegalArgumentException: null reference:{connection on setConnection()} in method JRedisClient.setConnection() [file: JRedisClient.java line:158 - package: org.jredis.ri.alphazero]]" type="org.springframework.data.redis.connection.PoolException">org.springframework.data.redis.connection.PoolException: Could not get a resource from the pool; nested exception is org.jredis.ClientRuntimeException: null reference:{connection on setConnection()} in method JRedisClient.setConnection() [file: JRedisClient.java line:158 - package: org.jredis.ri.alphazero] cause: => [IllegalArgumentException: null reference:{connection on setConnection()} in method JRedisClient.setConnection() [file: JRedisClient.java line:158 - package: org.jredis.ri.alphazero]]
Caused by: org.jredis.ClientRuntimeException: null reference:{connection on setConnection()} in method JRedisClient.setConnection() [file: JRedisClient.java line:158 - package: org.jredis.ri.alphazero] cause: => [IllegalArgumentException: null reference:{connection on setConnection()} in method JRedisClient.setConnection() [file: JRedisClient.java line:158 - package: org.jredis.ri.alphazero]]
Caused by: java.lang.IllegalArgumentException: null reference:{connection on setConnection()} in method JRedisClient.setConnection() [file: JRedisClient.java line:158 - package: org.jredis.ri.alphazero]
</error>
  </testcase>
  <testcase name="testTrim[11]" classname="org.springframework.data.redis.support.collections.RedisListTests" time="0.002">
    <error message="Could not get a resource from the pool; nested exception is org.jredis.ClientRuntimeException: null reference:{connection on setConnection()} in method JRedisClient.setConnection() [file: JRedisClient.java line:158 - package: org.jredis.ri.alphazero] cause: =&gt; [IllegalArgumentException: null reference:{connection on setConnection()} in method JRedisClient.setConnection() [file: JRedisClient.java line:158 - package: org.jredis.ri.alphazero]]" type="org.springframework.data.redis.connection.PoolException">org.springframework.data.redis.connection.PoolException: Could not get a resource from the pool; nested exception is org.jredis.ClientRuntimeException: null reference:{connection on setConnection()} in method JRedisClient.setConnection() [file: JRedisClient.java line:158 - package: org.jredis.ri.alphazero] cause: => [IllegalArgumentException: null reference:{connection on setConnection()} in method JRedisClient.setConnection() [file: JRedisClient.java line:158 - package: org.jredis.ri.alphazero]]
Caused by: org.jredis.ClientRuntimeException: null reference:{connection on setConnection()} in method JRedisClient.setConnection() [file: JRedisClient.java line:158 - package: org.jredis.ri.alphazero] cause: => [IllegalArgumentException: null reference:{connection on setConnection()} in method JRedisClient.setConnection() [file: JRedisClient.java line:158 - package: org.jredis.ri.alphazero]]
Caused by: java.lang.IllegalArgumentException: null reference:{connection on setConnection()} in method JRedisClient.setConnection() [file: JRedisClient.java line:158 - package: org.jredis.ri.alphazero]
</error>
    <system-err><![CDATA[01475611470467 Tue Oct 04 17:04:30 BRT 2016 JRedis[tid:1] <INFORMAÇÕES>: WARNING: heartbeat is disabled.
01475611470468 Tue Oct 04 17:04:30 BRT 2016 JRedis[tid:1] <ADVERTÊNCIA>: PROBLEM: Shutting down due to connection FAULT: Socket connect failed [cause: java.net.ConnectException: Conexão recusada] -- make sure the server is running at localhost:6379 - Connection: SYNCHRONOUS  localhost/127.0.0.1:6379 db:0 | SyncConnection@1327895505
01475611470468 Tue Oct 04 17:04:30 BRT 2016 JRedis[tid:1] <GRAVE>: Error creating connection -> Socket connect failed [cause: java.net.ConnectException: Conexão recusada] -- make sure the server is running at localhost:6379
01475611470468 Tue Oct 04 17:04:30 BRT 2016 JRedis[tid:1] <INFORMAÇÕES>: WARNING: heartbeat is disabled.
01475611470468 Tue Oct 04 17:04:30 BRT 2016 JRedis[tid:1] <ADVERTÊNCIA>: PROBLEM: Shutting down due to connection FAULT: Socket connect failed [cause: java.net.ConnectException: Conexão recusada] -- make sure the server is running at localhost:6379 - Connection: SYNCHRONOUS  localhost/127.0.0.1:6379 db:0 | SyncConnection@1831141281
01475611470468 Tue Oct 04 17:04:30 BRT 2016 JRedis[tid:1] <GRAVE>: Error creating connection -> Socket connect failed [cause: java.net.ConnectException: Conexão recusada] -- make sure the server is running at localhost:6379
]]></system-err>
  </testcase>
  <testcase name="testTrim[11]" classname="org.springframework.data.redis.support.collections.RedisListTests" time="0.002">
    <error message="Could not get a resource from the pool; nested exception is org.jredis.ClientRuntimeException: null reference:{connection on setConnection()} in method JRedisClient.setConnection() [file: JRedisClient.java line:158 - package: org.jredis.ri.alphazero] cause: =&gt; [IllegalArgumentException: null reference:{connection on setConnection()} in method JRedisClient.setConnection() [file: JRedisClient.java line:158 - package: org.jredis.ri.alphazero]]" type="org.springframework.data.redis.connection.PoolException">org.springframework.data.redis.connection.PoolException: Could not get a resource from the pool; nested exception is org.jredis.ClientRuntimeException: null reference:{connection on setConnection()} in method JRedisClient.setConnection() [file: JRedisClient.java line:158 - package: org.jredis.ri.alphazero] cause: => [IllegalArgumentException: null reference:{connection on setConnection()} in method JRedisClient.setConnection() [file: JRedisClient.java line:158 - package: org.jredis.ri.alphazero]]
Caused by: org.jredis.ClientRuntimeException: null reference:{connection on setConnection()} in method JRedisClient.setConnection() [file: JRedisClient.java line:158 - package: org.jredis.ri.alphazero] cause: => [IllegalArgumentException: null reference:{connection on setConnection()} in method JRedisClient.setConnection() [file: JRedisClient.java line:158 - package: org.jredis.ri.alphazero]]
Caused by: java.lang.IllegalArgumentException: null reference:{connection on setConnection()} in method JRedisClient.setConnection() [file: JRedisClient.java line:158 - package: org.jredis.ri.alphazero]
</error>
  </testcase>
  <testcase name="testDrainToCollection[11]" classname="org.springframework.data.redis.support.collections.RedisListTests" time="0">
    <error message="Could not get a resource from the pool; nested exception is org.jredis.ClientRuntimeException: null reference:{connection on setConnection()} in method JRedisClient.setConnection() [file: JRedisClient.java line:158 - package: org.jredis.ri.alphazero] cause: =&gt; [IllegalArgumentException: null reference:{connection on setConnection()} in method JRedisClient.setConnection() [file: JRedisClient.java line:158 - package: org.jredis.ri.alphazero]]" type="org.springframework.data.redis.connection.PoolException">org.springframework.data.redis.connection.PoolException: Could not get a resource from the pool; nested exception is org.jredis.ClientRuntimeException: null reference:{connection on setConnection()} in method JRedisClient.setConnection() [file: JRedisClient.java line:158 - package: org.jredis.ri.alphazero] cause: => [IllegalArgumentException: null reference:{connection on setConnection()} in method JRedisClient.setConnection() [file: JRedisClient.java line:158 - package: org.jredis.ri.alphazero]]
Caused by: org.jredis.ClientRuntimeException: null reference:{connection on setConnection()} in method JRedisClient.setConnection() [file: JRedisClient.java line:158 - package: org.jredis.ri.alphazero] cause: => [IllegalArgumentException: null reference:{connection on setConnection()} in method JRedisClient.setConnection() [file: JRedisClient.java line:158 - package: org.jredis.ri.alphazero]]
Caused by: java.lang.IllegalArgumentException: null reference:{connection on setConnection()} in method JRedisClient.setConnection() [file: JRedisClient.java line:158 - package: org.jredis.ri.alphazero]
</error>
    <system-err><![CDATA[01475611470469 Tue Oct 04 17:04:30 BRT 2016 JRedis[tid:1] <INFORMAÇÕES>: WARNING: heartbeat is disabled.
01475611470469 Tue Oct 04 17:04:30 BRT 2016 JRedis[tid:1] <ADVERTÊNCIA>: PROBLEM: Shutting down due to connection FAULT: Socket connect failed [cause: java.net.ConnectException: Conexão recusada] -- make sure the server is running at localhost:6379 - Connection: SYNCHRONOUS  localhost/127.0.0.1:6379 db:0 | SyncConnection@142099757
01475611470469 Tue Oct 04 17:04:30 BRT 2016 JRedis[tid:1] <GRAVE>: Error creating connection -> Socket connect failed [cause: java.net.ConnectException: Conexão recusada] -- make sure the server is running at localhost:6379
01475611470469 Tue Oct 04 17:04:30 BRT 2016 JRedis[tid:1] <INFORMAÇÕES>: WARNING: heartbeat is disabled.
01475611470469 Tue Oct 04 17:04:30 BRT 2016 JRedis[tid:1] <ADVERTÊNCIA>: PROBLEM: Shutting down due to connection FAULT: Socket connect failed [cause: java.net.ConnectException: Conexão recusada] -- make sure the server is running at localhost:6379 - Connection: SYNCHRONOUS  localhost/127.0.0.1:6379 db:0 | SyncConnection@1114335860
01475611470469 Tue Oct 04 17:04:30 BRT 2016 JRedis[tid:1] <GRAVE>: Error creating connection -> Socket connect failed [cause: java.net.ConnectException: Conexão recusada] -- make sure the server is running at localhost:6379
]]></system-err>
  </testcase>
  <testcase name="testDrainToCollection[11]" classname="org.springframework.data.redis.support.collections.RedisListTests" time="0">
    <error message="Could not get a resource from the pool; nested exception is org.jredis.ClientRuntimeException: null reference:{connection on setConnection()} in method JRedisClient.setConnection() [file: JRedisClient.java line:158 - package: org.jredis.ri.alphazero] cause: =&gt; [IllegalArgumentException: null reference:{connection on setConnection()} in method JRedisClient.setConnection() [file: JRedisClient.java line:158 - package: org.jredis.ri.alphazero]]" type="org.springframework.data.redis.connection.PoolException">org.springframework.data.redis.connection.PoolException: Could not get a resource from the pool; nested exception is org.jredis.ClientRuntimeException: null reference:{connection on setConnection()} in method JRedisClient.setConnection() [file: JRedisClient.java line:158 - package: org.jredis.ri.alphazero] cause: => [IllegalArgumentException: null reference:{connection on setConnection()} in method JRedisClient.setConnection() [file: JRedisClient.java line:158 - package: org.jredis.ri.alphazero]]
Caused by: org.jredis.ClientRuntimeException: null reference:{connection on setConnection()} in method JRedisClient.setConnection() [file: JRedisClient.java line:158 - package: org.jredis.ri.alphazero] cause: => [IllegalArgumentException: null reference:{connection on setConnection()} in method JRedisClient.setConnection() [file: JRedisClient.java line:158 - package: org.jredis.ri.alphazero]]
Caused by: java.lang.IllegalArgumentException: null reference:{connection on setConnection()} in method JRedisClient.setConnection() [file: JRedisClient.java line:158 - package: org.jredis.ri.alphazero]
</error>
  </testcase>
  <testcase name="testRemoveFirst[11]" classname="org.springframework.data.redis.support.collections.RedisListTests" time="0">
    <error message="Could not get a resource from the pool; nested exception is org.jredis.ClientRuntimeException: null reference:{connection on setConnection()} in method JRedisClient.setConnection() [file: JRedisClient.java line:158 - package: org.jredis.ri.alphazero] cause: =&gt; [IllegalArgumentException: null reference:{connection on setConnection()} in method JRedisClient.setConnection() [file: JRedisClient.java line:158 - package: org.jredis.ri.alphazero]]" type="org.springframework.data.redis.connection.PoolException">org.springframework.data.redis.connection.PoolException: Could not get a resource from the pool; nested exception is org.jredis.ClientRuntimeException: null reference:{connection on setConnection()} in method JRedisClient.setConnection() [file: JRedisClient.java line:158 - package: org.jredis.ri.alphazero] cause: => [IllegalArgumentException: null reference:{connection on setConnection()} in method JRedisClient.setConnection() [file: JRedisClient.java line:158 - package: org.jredis.ri.alphazero]]
Caused by: org.jredis.ClientRuntimeException: null reference:{connection on setConnection()} in method JRedisClient.setConnection() [file: JRedisClient.java line:158 - package: org.jredis.ri.alphazero] cause: => [IllegalArgumentException: null reference:{connection on setConnection()} in method JRedisClient.setConnection() [file: JRedisClient.java line:158 - package: org.jredis.ri.alphazero]]
Caused by: java.lang.IllegalArgumentException: null reference:{connection on setConnection()} in method JRedisClient.setConnection() [file: JRedisClient.java line:158 - package: org.jredis.ri.alphazero]
</error>
    <system-err><![CDATA[01475611470470 Tue Oct 04 17:04:30 BRT 2016 JRedis[tid:1] <INFORMAÇÕES>: WARNING: heartbeat is disabled.
01475611470470 Tue Oct 04 17:04:30 BRT 2016 JRedis[tid:1] <ADVERTÊNCIA>: PROBLEM: Shutting down due to connection FAULT: Socket connect failed [cause: java.net.ConnectException: Conexão recusada] -- make sure the server is running at localhost:6379 - Connection: SYNCHRONOUS  localhost/127.0.0.1:6379 db:0 | SyncConnection@80026551
01475611470470 Tue Oct 04 17:04:30 BRT 2016 JRedis[tid:1] <GRAVE>: Error creating connection -> Socket connect failed [cause: java.net.ConnectException: Conexão recusada] -- make sure the server is running at localhost:6379
01475611470470 Tue Oct 04 17:04:30 BRT 2016 JRedis[tid:1] <INFORMAÇÕES>: WARNING: heartbeat is disabled.
01475611470471 Tue Oct 04 17:04:30 BRT 2016 JRedis[tid:1] <ADVERTÊNCIA>: PROBLEM: Shutting down due to connection FAULT: Socket connect failed [cause: java.net.ConnectException: Conexão recusada] -- make sure the server is running at localhost:6379 - Connection: SYNCHRONOUS  localhost/127.0.0.1:6379 db:0 | SyncConnection@137533655
01475611470471 Tue Oct 04 17:04:30 BRT 2016 JRedis[tid:1] <GRAVE>: Error creating connection -> Socket connect failed [cause: java.net.ConnectException: Conexão recusada] -- make sure the server is running at localhost:6379
]]></system-err>
  </testcase>
  <testcase name="testRemoveFirst[11]" classname="org.springframework.data.redis.support.collections.RedisListTests" time="0">
    <error message="Could not get a resource from the pool; nested exception is org.jredis.ClientRuntimeException: null reference:{connection on setConnection()} in method JRedisClient.setConnection() [file: JRedisClient.java line:158 - package: org.jredis.ri.alphazero] cause: =&gt; [IllegalArgumentException: null reference:{connection on setConnection()} in method JRedisClient.setConnection() [file: JRedisClient.java line:158 - package: org.jredis.ri.alphazero]]" type="org.springframework.data.redis.connection.PoolException">org.springframework.data.redis.connection.PoolException: Could not get a resource from the pool; nested exception is org.jredis.ClientRuntimeException: null reference:{connection on setConnection()} in method JRedisClient.setConnection() [file: JRedisClient.java line:158 - package: org.jredis.ri.alphazero] cause: => [IllegalArgumentException: null reference:{connection on setConnection()} in method JRedisClient.setConnection() [file: JRedisClient.java line:158 - package: org.jredis.ri.alphazero]]
Caused by: org.jredis.ClientRuntimeException: null reference:{connection on setConnection()} in method JRedisClient.setConnection() [file: JRedisClient.java line:158 - package: org.jredis.ri.alphazero] cause: => [IllegalArgumentException: null reference:{connection on setConnection()} in method JRedisClient.setConnection() [file: JRedisClient.java line:158 - package: org.jredis.ri.alphazero]]
Caused by: java.lang.IllegalArgumentException: null reference:{connection on setConnection()} in method JRedisClient.setConnection() [file: JRedisClient.java line:158 - package: org.jredis.ri.alphazero]
</error>
  </testcase>
  <testcase name="testRemoveIndex[11]" classname="org.springframework.data.redis.support.collections.RedisListTests" time="0">
    <error message="Could not get a resource from the pool; nested exception is org.jredis.ClientRuntimeException: null reference:{connection on setConnection()} in method JRedisClient.setConnection() [file: JRedisClient.java line:158 - package: org.jredis.ri.alphazero] cause: =&gt; [IllegalArgumentException: null reference:{connection on setConnection()} in method JRedisClient.setConnection() [file: JRedisClient.java line:158 - package: org.jredis.ri.alphazero]]" type="org.springframework.data.redis.connection.PoolException">org.springframework.data.redis.connection.PoolException: Could not get a resource from the pool; nested exception is org.jredis.ClientRuntimeException: null reference:{connection on setConnection()} in method JRedisClient.setConnection() [file: JRedisClient.java line:158 - package: org.jredis.ri.alphazero] cause: => [IllegalArgumentException: null reference:{connection on setConnection()} in method JRedisClient.setConnection() [file: JRedisClient.java line:158 - package: org.jredis.ri.alphazero]]
Caused by: org.jredis.ClientRuntimeException: null reference:{connection on setConnection()} in method JRedisClient.setConnection() [file: JRedisClient.java line:158 - package: org.jredis.ri.alphazero] cause: => [IllegalArgumentException: null reference:{connection on setConnection()} in method JRedisClient.setConnection() [file: JRedisClient.java line:158 - package: org.jredis.ri.alphazero]]
Caused by: java.lang.IllegalArgumentException: null reference:{connection on setConnection()} in method JRedisClient.setConnection() [file: JRedisClient.java line:158 - package: org.jredis.ri.alphazero]
</error>
    <system-err><![CDATA[01475611470471 Tue Oct 04 17:04:30 BRT 2016 JRedis[tid:1] <INFORMAÇÕES>: WARNING: heartbeat is disabled.
01475611470471 Tue Oct 04 17:04:30 BRT 2016 JRedis[tid:1] <ADVERTÊNCIA>: PROBLEM: Shutting down due to connection FAULT: Socket connect failed [cause: java.net.ConnectException: Conexão recusada] -- make sure the server is running at localhost:6379 - Connection: SYNCHRONOUS  localhost/127.0.0.1:6379 db:0 | SyncConnection@1118430673
01475611470471 Tue Oct 04 17:04:30 BRT 2016 JRedis[tid:1] <GRAVE>: Error creating connection -> Socket connect failed [cause: java.net.ConnectException: Conexão recusada] -- make sure the server is running at localhost:6379
]]></system-err>
  </testcase>
  <testcase name="testPutLast[11]" classname="org.springframework.data.redis.support.collections.RedisListTests" time="0">
    <error message="Could not get a resource from the pool; nested exception is org.jredis.ClientRuntimeException: null reference:{connection on setConnection()} in method JRedisClient.setConnection() [file: JRedisClient.java line:158 - package: org.jredis.ri.alphazero] cause: =&gt; [IllegalArgumentException: null reference:{connection on setConnection()} in method JRedisClient.setConnection() [file: JRedisClient.java line:158 - package: org.jredis.ri.alphazero]]" type="org.springframework.data.redis.connection.PoolException">org.springframework.data.redis.connection.PoolException: Could not get a resource from the pool; nested exception is org.jredis.ClientRuntimeException: null reference:{connection on setConnection()} in method JRedisClient.setConnection() [file: JRedisClient.java line:158 - package: org.jredis.ri.alphazero] cause: => [IllegalArgumentException: null reference:{connection on setConnection()} in method JRedisClient.setConnection() [file: JRedisClient.java line:158 - package: org.jredis.ri.alphazero]]
Caused by: org.jredis.ClientRuntimeException: null reference:{connection on setConnection()} in method JRedisClient.setConnection() [file: JRedisClient.java line:158 - package: org.jredis.ri.alphazero] cause: => [IllegalArgumentException: null reference:{connection on setConnection()} in method JRedisClient.setConnection() [file: JRedisClient.java line:158 - package: org.jredis.ri.alphazero]]
Caused by: java.lang.IllegalArgumentException: null reference:{connection on setConnection()} in method JRedisClient.setConnection() [file: JRedisClient.java line:158 - package: org.jredis.ri.alphazero]
</error>
    <system-err><![CDATA[01475611470473 Tue Oct 04 17:04:30 BRT 2016 JRedis[tid:1] <INFORMAÇÕES>: WARNING: heartbeat is disabled.
01475611470473 Tue Oct 04 17:04:30 BRT 2016 JRedis[tid:1] <ADVERTÊNCIA>: PROBLEM: Shutting down due to connection FAULT: Socket connect failed [cause: java.net.ConnectException: Conexão recusada] -- make sure the server is running at localhost:6379 - Connection: SYNCHRONOUS  localhost/127.0.0.1:6379 db:0 | SyncConnection@1800693087
01475611470473 Tue Oct 04 17:04:30 BRT 2016 JRedis[tid:1] <GRAVE>: Error creating connection -> Socket connect failed [cause: java.net.ConnectException: Conexão recusada] -- make sure the server is running at localhost:6379
01475611470474 Tue Oct 04 17:04:30 BRT 2016 JRedis[tid:1] <INFORMAÇÕES>: WARNING: heartbeat is disabled.
01475611470474 Tue Oct 04 17:04:30 BRT 2016 JRedis[tid:1] <ADVERTÊNCIA>: PROBLEM: Shutting down due to connection FAULT: Socket connect failed [cause: java.net.ConnectException: Conexão recusada] -- make sure the server is running at localhost:6379 - Connection: SYNCHRONOUS  localhost/127.0.0.1:6379 db:0 | SyncConnection@1717473929
01475611470474 Tue Oct 04 17:04:30 BRT 2016 JRedis[tid:1] <GRAVE>: Error creating connection -> Socket connect failed [cause: java.net.ConnectException: Conexão recusada] -- make sure the server is running at localhost:6379
]]></system-err>
  </testcase>
  <testcase name="testPutLast[11]" classname="org.springframework.data.redis.support.collections.RedisListTests" time="0">
    <error message="Could not get a resource from the pool; nested exception is org.jredis.ClientRuntimeException: null reference:{connection on setConnection()} in method JRedisClient.setConnection() [file: JRedisClient.java line:158 - package: org.jredis.ri.alphazero] cause: =&gt; [IllegalArgumentException: null reference:{connection on setConnection()} in method JRedisClient.setConnection() [file: JRedisClient.java line:158 - package: org.jredis.ri.alphazero]]" type="org.springframework.data.redis.connection.PoolException">org.springframework.data.redis.connection.PoolException: Could not get a resource from the pool; nested exception is org.jredis.ClientRuntimeException: null reference:{connection on setConnection()} in method JRedisClient.setConnection() [file: JRedisClient.java line:158 - package: org.jredis.ri.alphazero] cause: => [IllegalArgumentException: null reference:{connection on setConnection()} in method JRedisClient.setConnection() [file: JRedisClient.java line:158 - package: org.jredis.ri.alphazero]]
Caused by: org.jredis.ClientRuntimeException: null reference:{connection on setConnection()} in method JRedisClient.setConnection() [file: JRedisClient.java line:158 - package: org.jredis.ri.alphazero] cause: => [IllegalArgumentException: null reference:{connection on setConnection()} in method JRedisClient.setConnection() [file: JRedisClient.java line:158 - package: org.jredis.ri.alphazero]]
Caused by: java.lang.IllegalArgumentException: null reference:{connection on setConnection()} in method JRedisClient.setConnection() [file: JRedisClient.java line:158 - package: org.jredis.ri.alphazero]
</error>
  </testcase>
  <testcase name="testOfferFirst[11]" classname="org.springframework.data.redis.support.collections.RedisListTests" time="0">
    <error message="Could not get a resource from the pool; nested exception is org.jredis.ClientRuntimeException: null reference:{connection on setConnection()} in method JRedisClient.setConnection() [file: JRedisClient.java line:158 - package: org.jredis.ri.alphazero] cause: =&gt; [IllegalArgumentException: null reference:{connection on setConnection()} in method JRedisClient.setConnection() [file: JRedisClient.java line:158 - package: org.jredis.ri.alphazero]]" type="org.springframework.data.redis.connection.PoolException">org.springframework.data.redis.connection.PoolException: Could not get a resource from the pool; nested exception is org.jredis.ClientRuntimeException: null reference:{connection on setConnection()} in method JRedisClient.setConnection() [file: JRedisClient.java line:158 - package: org.jredis.ri.alphazero] cause: => [IllegalArgumentException: null reference:{connection on setConnection()} in method JRedisClient.setConnection() [file: JRedisClient.java line:158 - package: org.jredis.ri.alphazero]]
Caused by: org.jredis.ClientRuntimeException: null reference:{connection on setConnection()} in method JRedisClient.setConnection() [file: JRedisClient.java line:158 - package: org.jredis.ri.alphazero] cause: => [IllegalArgumentException: null reference:{connection on setConnection()} in method JRedisClient.setConnection() [file: JRedisClient.java line:158 - package: org.jredis.ri.alphazero]]
Caused by: java.lang.IllegalArgumentException: null reference:{connection on setConnection()} in method JRedisClient.setConnection() [file: JRedisClient.java line:158 - package: org.jredis.ri.alphazero]
</error>
    <system-err><![CDATA[01475611470475 Tue Oct 04 17:04:30 BRT 2016 JRedis[tid:1] <INFORMAÇÕES>: WARNING: heartbeat is disabled.
01475611470475 Tue Oct 04 17:04:30 BRT 2016 JRedis[tid:1] <ADVERTÊNCIA>: PROBLEM: Shutting down due to connection FAULT: Socket connect failed [cause: java.net.ConnectException: Conexão recusada] -- make sure the server is running at localhost:6379 - Connection: SYNCHRONOUS  localhost/127.0.0.1:6379 db:0 | SyncConnection@659996839
01475611470475 Tue Oct 04 17:04:30 BRT 2016 JRedis[tid:1] <GRAVE>: Error creating connection -> Socket connect failed [cause: java.net.ConnectException: Conexão recusada] -- make sure the server is running at localhost:6379
01475611470475 Tue Oct 04 17:04:30 BRT 2016 JRedis[tid:1] <INFORMAÇÕES>: WARNING: heartbeat is disabled.
01475611470475 Tue Oct 04 17:04:30 BRT 2016 JRedis[tid:1] <ADVERTÊNCIA>: PROBLEM: Shutting down due to connection FAULT: Socket connect failed [cause: java.net.ConnectException: Conexão recusada] -- make sure the server is running at localhost:6379 - Connection: SYNCHRONOUS  localhost/127.0.0.1:6379 db:0 | SyncConnection@890160158
01475611470476 Tue Oct 04 17:04:30 BRT 2016 JRedis[tid:1] <GRAVE>: Error creating connection -> Socket connect failed [cause: java.net.ConnectException: Conexão recusada] -- make sure the server is running at localhost:6379
]]></system-err>
  </testcase>
  <testcase name="testOfferFirst[11]" classname="org.springframework.data.redis.support.collections.RedisListTests" time="0">
    <error message="Could not get a resource from the pool; nested exception is org.jredis.ClientRuntimeException: null reference:{connection on setConnection()} in method JRedisClient.setConnection() [file: JRedisClient.java line:158 - package: org.jredis.ri.alphazero] cause: =&gt; [IllegalArgumentException: null reference:{connection on setConnection()} in method JRedisClient.setConnection() [file: JRedisClient.java line:158 - package: org.jredis.ri.alphazero]]" type="org.springframework.data.redis.connection.PoolException">org.springframework.data.redis.connection.PoolException: Could not get a resource from the pool; nested exception is org.jredis.ClientRuntimeException: null reference:{connection on setConnection()} in method JRedisClient.setConnection() [file: JRedisClient.java line:158 - package: org.jredis.ri.alphazero] cause: => [IllegalArgumentException: null reference:{connection on setConnection()} in method JRedisClient.setConnection() [file: JRedisClient.java line:158 - package: org.jredis.ri.alphazero]]
Caused by: org.jredis.ClientRuntimeException: null reference:{connection on setConnection()} in method JRedisClient.setConnection() [file: JRedisClient.java line:158 - package: org.jredis.ri.alphazero] cause: => [IllegalArgumentException: null reference:{connection on setConnection()} in method JRedisClient.setConnection() [file: JRedisClient.java line:158 - package: org.jredis.ri.alphazero]]
Caused by: java.lang.IllegalArgumentException: null reference:{connection on setConnection()} in method JRedisClient.setConnection() [file: JRedisClient.java line:158 - package: org.jredis.ri.alphazero]
</error>
  </testcase>
  <testcase name="testDescendingIterator[11]" classname="org.springframework.data.redis.support.collections.RedisListTests" time="0.001">
    <error message="Could not get a resource from the pool; nested exception is org.jredis.ClientRuntimeException: null reference:{connection on setConnection()} in method JRedisClient.setConnection() [file: JRedisClient.java line:158 - package: org.jredis.ri.alphazero] cause: =&gt; [IllegalArgumentException: null reference:{connection on setConnection()} in method JRedisClient.setConnection() [file: JRedisClient.java line:158 - package: org.jredis.ri.alphazero]]" type="org.springframework.data.redis.connection.PoolException">org.springframework.data.redis.connection.PoolException: Could not get a resource from the pool; nested exception is org.jredis.ClientRuntimeException: null reference:{connection on setConnection()} in method JRedisClient.setConnection() [file: JRedisClient.java line:158 - package: org.jredis.ri.alphazero] cause: => [IllegalArgumentException: null reference:{connection on setConnection()} in method JRedisClient.setConnection() [file: JRedisClient.java line:158 - package: org.jredis.ri.alphazero]]
Caused by: org.jredis.ClientRuntimeException: null reference:{connection on setConnection()} in method JRedisClient.setConnection() [file: JRedisClient.java line:158 - package: org.jredis.ri.alphazero] cause: => [IllegalArgumentException: null reference:{connection on setConnection()} in method JRedisClient.setConnection() [file: JRedisClient.java line:158 - package: org.jredis.ri.alphazero]]
Caused by: java.lang.IllegalArgumentException: null reference:{connection on setConnection()} in method JRedisClient.setConnection() [file: JRedisClient.java line:158 - package: org.jredis.ri.alphazero]
</error>
    <system-err><![CDATA[01475611470476 Tue Oct 04 17:04:30 BRT 2016 JRedis[tid:1] <INFORMAÇÕES>: WARNING: heartbeat is disabled.
01475611470477 Tue Oct 04 17:04:30 BRT 2016 JRedis[tid:1] <ADVERTÊNCIA>: PROBLEM: Shutting down due to connection FAULT: Socket connect failed [cause: java.net.ConnectException: Conexão recusada] -- make sure the server is running at localhost:6379 - Connection: SYNCHRONOUS  localhost/127.0.0.1:6379 db:0 | SyncConnection@375074687
01475611470477 Tue Oct 04 17:04:30 BRT 2016 JRedis[tid:1] <GRAVE>: Error creating connection -> Socket connect failed [cause: java.net.ConnectException: Conexão recusada] -- make sure the server is running at localhost:6379
01475611470477 Tue Oct 04 17:04:30 BRT 2016 JRedis[tid:1] <INFORMAÇÕES>: WARNING: heartbeat is disabled.
01475611470477 Tue Oct 04 17:04:30 BRT 2016 JRedis[tid:1] <ADVERTÊNCIA>: PROBLEM: Shutting down due to connection FAULT: Socket connect failed [cause: java.net.ConnectException: Conexão recusada] -- make sure the server is running at localhost:6379 - Connection: SYNCHRONOUS  localhost/127.0.0.1:6379 db:0 | SyncConnection@1429616542
01475611470477 Tue Oct 04 17:04:30 BRT 2016 JRedis[tid:1] <GRAVE>: Error creating connection -> Socket connect failed [cause: java.net.ConnectException: Conexão recusada] -- make sure the server is running at localhost:6379
]]></system-err>
  </testcase>
  <testcase name="testDescendingIterator[11]" classname="org.springframework.data.redis.support.collections.RedisListTests" time="0.001">
    <error message="Could not get a resource from the pool; nested exception is org.jredis.ClientRuntimeException: null reference:{connection on setConnection()} in method JRedisClient.setConnection() [file: JRedisClient.java line:158 - package: org.jredis.ri.alphazero] cause: =&gt; [IllegalArgumentException: null reference:{connection on setConnection()} in method JRedisClient.setConnection() [file: JRedisClient.java line:158 - package: org.jredis.ri.alphazero]]" type="org.springframework.data.redis.connection.PoolException">org.springframework.data.redis.connection.PoolException: Could not get a resource from the pool; nested exception is org.jredis.ClientRuntimeException: null reference:{connection on setConnection()} in method JRedisClient.setConnection() [file: JRedisClient.java line:158 - package: org.jredis.ri.alphazero] cause: => [IllegalArgumentException: null reference:{connection on setConnection()} in method JRedisClient.setConnection() [file: JRedisClient.java line:158 - package: org.jredis.ri.alphazero]]
Caused by: org.jredis.ClientRuntimeException: null reference:{connection on setConnection()} in method JRedisClient.setConnection() [file: JRedisClient.java line:158 - package: org.jredis.ri.alphazero] cause: => [IllegalArgumentException: null reference:{connection on setConnection()} in method JRedisClient.setConnection() [file: JRedisClient.java line:158 - package: org.jredis.ri.alphazero]]
Caused by: java.lang.IllegalArgumentException: null reference:{connection on setConnection()} in method JRedisClient.setConnection() [file: JRedisClient.java line:158 - package: org.jredis.ri.alphazero]
</error>
  </testcase>
  <testcase name="testAddFirst[11]" classname="org.springframework.data.redis.support.collections.RedisListTests" time="0.015">
    <error message="Could not get a resource from the pool; nested exception is org.jredis.ClientRuntimeException: null reference:{connection on setConnection()} in method JRedisClient.setConnection() [file: JRedisClient.java line:158 - package: org.jredis.ri.alphazero] cause: =&gt; [IllegalArgumentException: null reference:{connection on setConnection()} in method JRedisClient.setConnection() [file: JRedisClient.java line:158 - package: org.jredis.ri.alphazero]]" type="org.springframework.data.redis.connection.PoolException">org.springframework.data.redis.connection.PoolException: Could not get a resource from the pool; nested exception is org.jredis.ClientRuntimeException: null reference:{connection on setConnection()} in method JRedisClient.setConnection() [file: JRedisClient.java line:158 - package: org.jredis.ri.alphazero] cause: => [IllegalArgumentException: null reference:{connection on setConnection()} in method JRedisClient.setConnection() [file: JRedisClient.java line:158 - package: org.jredis.ri.alphazero]]
Caused by: org.jredis.ClientRuntimeException: null reference:{connection on setConnection()} in method JRedisClient.setConnection() [file: JRedisClient.java line:158 - package: org.jredis.ri.alphazero] cause: => [IllegalArgumentException: null reference:{connection on setConnection()} in method JRedisClient.setConnection() [file: JRedisClient.java line:158 - package: org.jredis.ri.alphazero]]
Caused by: java.lang.IllegalArgumentException: null reference:{connection on setConnection()} in method JRedisClient.setConnection() [file: JRedisClient.java line:158 - package: org.jredis.ri.alphazero]
</error>
    <system-err><![CDATA[01475611470478 Tue Oct 04 17:04:30 BRT 2016 JRedis[tid:1] <INFORMAÇÕES>: WARNING: heartbeat is disabled.
01475611470478 Tue Oct 04 17:04:30 BRT 2016 JRedis[tid:1] <ADVERTÊNCIA>: PROBLEM: Shutting down due to connection FAULT: Socket connect failed [cause: java.net.ConnectException: Conexão recusada] -- make sure the server is running at localhost:6379 - Connection: SYNCHRONOUS  localhost/127.0.0.1:6379 db:0 | SyncConnection@593768538
01475611470478 Tue Oct 04 17:04:30 BRT 2016 JRedis[tid:1] <GRAVE>: Error creating connection -> Socket connect failed [cause: java.net.ConnectException: Conexão recusada] -- make sure the server is running at localhost:6379
01475611470478 Tue Oct 04 17:04:30 BRT 2016 JRedis[tid:1] <INFORMAÇÕES>: WARNING: heartbeat is disabled.
01475611470479 Tue Oct 04 17:04:30 BRT 2016 JRedis[tid:1] <ADVERTÊNCIA>: PROBLEM: Shutting down due to connection FAULT: Socket connect failed [cause: java.net.ConnectException: Conexão recusada] -- make sure the server is running at localhost:6379 - Connection: SYNCHRONOUS  localhost/127.0.0.1:6379 db:0 | SyncConnection@1191864687
01475611470479 Tue Oct 04 17:04:30 BRT 2016 JRedis[tid:1] <GRAVE>: Error creating connection -> Socket connect failed [cause: java.net.ConnectException: Conexão recusada] -- make sure the server is running at localhost:6379
]]></system-err>
  </testcase>
  <testcase name="testAddFirst[11]" classname="org.springframework.data.redis.support.collections.RedisListTests" time="0.015">
    <error message="Could not get a resource from the pool; nested exception is org.jredis.ClientRuntimeException: null reference:{connection on setConnection()} in method JRedisClient.setConnection() [file: JRedisClient.java line:158 - package: org.jredis.ri.alphazero] cause: =&gt; [IllegalArgumentException: null reference:{connection on setConnection()} in method JRedisClient.setConnection() [file: JRedisClient.java line:158 - package: org.jredis.ri.alphazero]]" type="org.springframework.data.redis.connection.PoolException">org.springframework.data.redis.connection.PoolException: Could not get a resource from the pool; nested exception is org.jredis.ClientRuntimeException: null reference:{connection on setConnection()} in method JRedisClient.setConnection() [file: JRedisClient.java line:158 - package: org.jredis.ri.alphazero] cause: => [IllegalArgumentException: null reference:{connection on setConnection()} in method JRedisClient.setConnection() [file: JRedisClient.java line:158 - package: org.jredis.ri.alphazero]]
Caused by: org.jredis.ClientRuntimeException: null reference:{connection on setConnection()} in method JRedisClient.setConnection() [file: JRedisClient.java line:158 - package: org.jredis.ri.alphazero] cause: => [IllegalArgumentException: null reference:{connection on setConnection()} in method JRedisClient.setConnection() [file: JRedisClient.java line:158 - package: org.jredis.ri.alphazero]]
Caused by: java.lang.IllegalArgumentException: null reference:{connection on setConnection()} in method JRedisClient.setConnection() [file: JRedisClient.java line:158 - package: org.jredis.ri.alphazero]
</error>
  </testcase>
  <testcase name="testDrainToCollectionWithMaxElements[11]" classname="org.springframework.data.redis.support.collections.RedisListTests" time="0">
    <error message="Could not get a resource from the pool; nested exception is org.jredis.ClientRuntimeException: null reference:{connection on setConnection()} in method JRedisClient.setConnection() [file: JRedisClient.java line:158 - package: org.jredis.ri.alphazero] cause: =&gt; [IllegalArgumentException: null reference:{connection on setConnection()} in method JRedisClient.setConnection() [file: JRedisClient.java line:158 - package: org.jredis.ri.alphazero]]" type="org.springframework.data.redis.connection.PoolException">org.springframework.data.redis.connection.PoolException: Could not get a resource from the pool; nested exception is org.jredis.ClientRuntimeException: null reference:{connection on setConnection()} in method JRedisClient.setConnection() [file: JRedisClient.java line:158 - package: org.jredis.ri.alphazero] cause: => [IllegalArgumentException: null reference:{connection on setConnection()} in method JRedisClient.setConnection() [file: JRedisClient.java line:158 - package: org.jredis.ri.alphazero]]
Caused by: org.jredis.ClientRuntimeException: null reference:{connection on setConnection()} in method JRedisClient.setConnection() [file: JRedisClient.java line:158 - package: org.jredis.ri.alphazero] cause: => [IllegalArgumentException: null reference:{connection on setConnection()} in method JRedisClient.setConnection() [file: JRedisClient.java line:158 - package: org.jredis.ri.alphazero]]
Caused by: java.lang.IllegalArgumentException: null reference:{connection on setConnection()} in method JRedisClient.setConnection() [file: JRedisClient.java line:158 - package: org.jredis.ri.alphazero]
</error>
    <system-err><![CDATA[01475611470479 Tue Oct 04 17:04:30 BRT 2016 JRedis[tid:1] <INFORMAÇÕES>: WARNING: heartbeat is disabled.
01475611470480 Tue Oct 04 17:04:30 BRT 2016 JRedis[tid:1] <ADVERTÊNCIA>: PROBLEM: Shutting down due to connection FAULT: Socket connect failed [cause: java.net.ConnectException: Conexão recusada] -- make sure the server is running at localhost:6379 - Connection: SYNCHRONOUS  localhost/127.0.0.1:6379 db:0 | SyncConnection@726212590
01475611470480 Tue Oct 04 17:04:30 BRT 2016 JRedis[tid:1] <GRAVE>: Error creating connection -> Socket connect failed [cause: java.net.ConnectException: Conexão recusada] -- make sure the server is running at localhost:6379
01475611470480 Tue Oct 04 17:04:30 BRT 2016 JRedis[tid:1] <INFORMAÇÕES>: WARNING: heartbeat is disabled.
01475611470480 Tue Oct 04 17:04:30 BRT 2016 JRedis[tid:1] <ADVERTÊNCIA>: PROBLEM: Shutting down due to connection FAULT: Socket connect failed [cause: java.net.ConnectException: Conexão recusada] -- make sure the server is running at localhost:6379 - Connection: SYNCHRONOUS  localhost/127.0.0.1:6379 db:0 | SyncConnection@1058822905
01475611470480 Tue Oct 04 17:04:30 BRT 2016 JRedis[tid:1] <GRAVE>: Error creating connection -> Socket connect failed [cause: java.net.ConnectException: Conexão recusada] -- make sure the server is running at localhost:6379
]]></system-err>
  </testcase>
  <testcase name="testDrainToCollectionWithMaxElements[11]" classname="org.springframework.data.redis.support.collections.RedisListTests" time="0">
    <error message="Could not get a resource from the pool; nested exception is org.jredis.ClientRuntimeException: null reference:{connection on setConnection()} in method JRedisClient.setConnection() [file: JRedisClient.java line:158 - package: org.jredis.ri.alphazero] cause: =&gt; [IllegalArgumentException: null reference:{connection on setConnection()} in method JRedisClient.setConnection() [file: JRedisClient.java line:158 - package: org.jredis.ri.alphazero]]" type="org.springframework.data.redis.connection.PoolException">org.springframework.data.redis.connection.PoolException: Could not get a resource from the pool; nested exception is org.jredis.ClientRuntimeException: null reference:{connection on setConnection()} in method JRedisClient.setConnection() [file: JRedisClient.java line:158 - package: org.jredis.ri.alphazero] cause: => [IllegalArgumentException: null reference:{connection on setConnection()} in method JRedisClient.setConnection() [file: JRedisClient.java line:158 - package: org.jredis.ri.alphazero]]
Caused by: org.jredis.ClientRuntimeException: null reference:{connection on setConnection()} in method JRedisClient.setConnection() [file: JRedisClient.java line:158 - package: org.jredis.ri.alphazero] cause: => [IllegalArgumentException: null reference:{connection on setConnection()} in method JRedisClient.setConnection() [file: JRedisClient.java line:158 - package: org.jredis.ri.alphazero]]
Caused by: java.lang.IllegalArgumentException: null reference:{connection on setConnection()} in method JRedisClient.setConnection() [file: JRedisClient.java line:158 - package: org.jredis.ri.alphazero]
</error>
  </testcase>
  <testcase name="testTakeLast[11]" classname="org.springframework.data.redis.support.collections.RedisListTests" time="0">
    <error message="Could not get a resource from the pool; nested exception is org.jredis.ClientRuntimeException: null reference:{connection on setConnection()} in method JRedisClient.setConnection() [file: JRedisClient.java line:158 - package: org.jredis.ri.alphazero] cause: =&gt; [IllegalArgumentException: null reference:{connection on setConnection()} in method JRedisClient.setConnection() [file: JRedisClient.java line:158 - package: org.jredis.ri.alphazero]]" type="org.springframework.data.redis.connection.PoolException">org.springframework.data.redis.connection.PoolException: Could not get a resource from the pool; nested exception is org.jredis.ClientRuntimeException: null reference:{connection on setConnection()} in method JRedisClient.setConnection() [file: JRedisClient.java line:158 - package: org.jredis.ri.alphazero] cause: => [IllegalArgumentException: null reference:{connection on setConnection()} in method JRedisClient.setConnection() [file: JRedisClient.java line:158 - package: org.jredis.ri.alphazero]]
Caused by: org.jredis.ClientRuntimeException: null reference:{connection on setConnection()} in method JRedisClient.setConnection() [file: JRedisClient.java line:158 - package: org.jredis.ri.alphazero] cause: => [IllegalArgumentException: null reference:{connection on setConnection()} in method JRedisClient.setConnection() [file: JRedisClient.java line:158 - package: org.jredis.ri.alphazero]]
Caused by: java.lang.IllegalArgumentException: null reference:{connection on setConnection()} in method JRedisClient.setConnection() [file: JRedisClient.java line:158 - package: org.jredis.ri.alphazero]
</error>
    <system-err><![CDATA[01475611470481 Tue Oct 04 17:04:30 BRT 2016 JRedis[tid:1] <INFORMAÇÕES>: WARNING: heartbeat is disabled.
01475611470481 Tue Oct 04 17:04:30 BRT 2016 JRedis[tid:1] <ADVERTÊNCIA>: PROBLEM: Shutting down due to connection FAULT: Socket connect failed [cause: java.net.ConnectException: Conexão recusada] -- make sure the server is running at localhost:6379 - Connection: SYNCHRONOUS  localhost/127.0.0.1:6379 db:0 | SyncConnection@1049590050
01475611470482 Tue Oct 04 17:04:30 BRT 2016 JRedis[tid:1] <GRAVE>: Error creating connection -> Socket connect failed [cause: java.net.ConnectException: Conexão recusada] -- make sure the server is running at localhost:6379
01475611470482 Tue Oct 04 17:04:30 BRT 2016 JRedis[tid:1] <INFORMAÇÕES>: WARNING: heartbeat is disabled.
01475611470482 Tue Oct 04 17:04:30 BRT 2016 JRedis[tid:1] <ADVERTÊNCIA>: PROBLEM: Shutting down due to connection FAULT: Socket connect failed [cause: java.net.ConnectException: Conexão recusada] -- make sure the server is running at localhost:6379 - Connection: SYNCHRONOUS  localhost/127.0.0.1:6379 db:0 | SyncConnection@1662592920
01475611470482 Tue Oct 04 17:04:30 BRT 2016 JRedis[tid:1] <GRAVE>: Error creating connection -> Socket connect failed [cause: java.net.ConnectException: Conexão recusada] -- make sure the server is running at localhost:6379
]]></system-err>
  </testcase>
  <testcase name="testTakeLast[11]" classname="org.springframework.data.redis.support.collections.RedisListTests" time="0">
    <error message="Could not get a resource from the pool; nested exception is org.jredis.ClientRuntimeException: null reference:{connection on setConnection()} in method JRedisClient.setConnection() [file: JRedisClient.java line:158 - package: org.jredis.ri.alphazero] cause: =&gt; [IllegalArgumentException: null reference:{connection on setConnection()} in method JRedisClient.setConnection() [file: JRedisClient.java line:158 - package: org.jredis.ri.alphazero]]" type="org.springframework.data.redis.connection.PoolException">org.springframework.data.redis.connection.PoolException: Could not get a resource from the pool; nested exception is org.jredis.ClientRuntimeException: null reference:{connection on setConnection()} in method JRedisClient.setConnection() [file: JRedisClient.java line:158 - package: org.jredis.ri.alphazero] cause: => [IllegalArgumentException: null reference:{connection on setConnection()} in method JRedisClient.setConnection() [file: JRedisClient.java line:158 - package: org.jredis.ri.alphazero]]
Caused by: org.jredis.ClientRuntimeException: null reference:{connection on setConnection()} in method JRedisClient.setConnection() [file: JRedisClient.java line:158 - package: org.jredis.ri.alphazero] cause: => [IllegalArgumentException: null reference:{connection on setConnection()} in method JRedisClient.setConnection() [file: JRedisClient.java line:158 - package: org.jredis.ri.alphazero]]
Caused by: java.lang.IllegalArgumentException: null reference:{connection on setConnection()} in method JRedisClient.setConnection() [file: JRedisClient.java line:158 - package: org.jredis.ri.alphazero]
</error>
  </testcase>
  <testcase name="testRemainingCapacity[11]" classname="org.springframework.data.redis.support.collections.RedisListTests" time="0">
    <error message="Could not get a resource from the pool; nested exception is org.jredis.ClientRuntimeException: null reference:{connection on setConnection()} in method JRedisClient.setConnection() [file: JRedisClient.java line:158 - package: org.jredis.ri.alphazero] cause: =&gt; [IllegalArgumentException: null reference:{connection on setConnection()} in method JRedisClient.setConnection() [file: JRedisClient.java line:158 - package: org.jredis.ri.alphazero]]" type="org.springframework.data.redis.connection.PoolException">org.springframework.data.redis.connection.PoolException: Could not get a resource from the pool; nested exception is org.jredis.ClientRuntimeException: null reference:{connection on setConnection()} in method JRedisClient.setConnection() [file: JRedisClient.java line:158 - package: org.jredis.ri.alphazero] cause: => [IllegalArgumentException: null reference:{connection on setConnection()} in method JRedisClient.setConnection() [file: JRedisClient.java line:158 - package: org.jredis.ri.alphazero]]
Caused by: org.jredis.ClientRuntimeException: null reference:{connection on setConnection()} in method JRedisClient.setConnection() [file: JRedisClient.java line:158 - package: org.jredis.ri.alphazero] cause: => [IllegalArgumentException: null reference:{connection on setConnection()} in method JRedisClient.setConnection() [file: JRedisClient.java line:158 - package: org.jredis.ri.alphazero]]
Caused by: java.lang.IllegalArgumentException: null reference:{connection on setConnection()} in method JRedisClient.setConnection() [file: JRedisClient.java line:158 - package: org.jredis.ri.alphazero]
</error>
    <system-err><![CDATA[01475611470484 Tue Oct 04 17:04:30 BRT 2016 JRedis[tid:1] <INFORMAÇÕES>: WARNING: heartbeat is disabled.
01475611470484 Tue Oct 04 17:04:30 BRT 2016 JRedis[tid:1] <ADVERTÊNCIA>: PROBLEM: Shutting down due to connection FAULT: Socket connect failed [cause: java.net.ConnectException: Conexão recusada] -- make sure the server is running at localhost:6379 - Connection: SYNCHRONOUS  localhost/127.0.0.1:6379 db:0 | SyncConnection@1357686726
01475611470484 Tue Oct 04 17:04:30 BRT 2016 JRedis[tid:1] <GRAVE>: Error creating connection -> Socket connect failed [cause: java.net.ConnectException: Conexão recusada] -- make sure the server is running at localhost:6379
]]></system-err>
  </testcase>
  <testcase name="testRemoveLast[11]" classname="org.springframework.data.redis.support.collections.RedisListTests" time="0">
    <error message="Could not get a resource from the pool; nested exception is org.jredis.ClientRuntimeException: null reference:{connection on setConnection()} in method JRedisClient.setConnection() [file: JRedisClient.java line:158 - package: org.jredis.ri.alphazero] cause: =&gt; [IllegalArgumentException: null reference:{connection on setConnection()} in method JRedisClient.setConnection() [file: JRedisClient.java line:158 - package: org.jredis.ri.alphazero]]" type="org.springframework.data.redis.connection.PoolException">org.springframework.data.redis.connection.PoolException: Could not get a resource from the pool; nested exception is org.jredis.ClientRuntimeException: null reference:{connection on setConnection()} in method JRedisClient.setConnection() [file: JRedisClient.java line:158 - package: org.jredis.ri.alphazero] cause: => [IllegalArgumentException: null reference:{connection on setConnection()} in method JRedisClient.setConnection() [file: JRedisClient.java line:158 - package: org.jredis.ri.alphazero]]
Caused by: org.jredis.ClientRuntimeException: null reference:{connection on setConnection()} in method JRedisClient.setConnection() [file: JRedisClient.java line:158 - package: org.jredis.ri.alphazero] cause: => [IllegalArgumentException: null reference:{connection on setConnection()} in method JRedisClient.setConnection() [file: JRedisClient.java line:158 - package: org.jredis.ri.alphazero]]
Caused by: java.lang.IllegalArgumentException: null reference:{connection on setConnection()} in method JRedisClient.setConnection() [file: JRedisClient.java line:158 - package: org.jredis.ri.alphazero]
</error>
    <system-err><![CDATA[01475611470485 Tue Oct 04 17:04:30 BRT 2016 JRedis[tid:1] <INFORMAÇÕES>: WARNING: heartbeat is disabled.
01475611470485 Tue Oct 04 17:04:30 BRT 2016 JRedis[tid:1] <ADVERTÊNCIA>: PROBLEM: Shutting down due to connection FAULT: Socket connect failed [cause: java.net.ConnectException: Conexão recusada] -- make sure the server is running at localhost:6379 - Connection: SYNCHRONOUS  localhost/127.0.0.1:6379 db:0 | SyncConnection@929706284
01475611470485 Tue Oct 04 17:04:30 BRT 2016 JRedis[tid:1] <GRAVE>: Error creating connection -> Socket connect failed [cause: java.net.ConnectException: Conexão recusada] -- make sure the server is running at localhost:6379
01475611470486 Tue Oct 04 17:04:30 BRT 2016 JRedis[tid:1] <INFORMAÇÕES>: WARNING: heartbeat is disabled.
01475611470487 Tue Oct 04 17:04:30 BRT 2016 JRedis[tid:1] <ADVERTÊNCIA>: PROBLEM: Shutting down due to connection FAULT: Socket connect failed [cause: java.net.ConnectException: Conexão recusada] -- make sure the server is running at localhost:6379 - Connection: SYNCHRONOUS  localhost/127.0.0.1:6379 db:0 | SyncConnection@42820240
01475611470487 Tue Oct 04 17:04:30 BRT 2016 JRedis[tid:1] <GRAVE>: Error creating connection -> Socket connect failed [cause: java.net.ConnectException: Conexão recusada] -- make sure the server is running at localhost:6379
]]></system-err>
  </testcase>
  <testcase name="testRemoveLast[11]" classname="org.springframework.data.redis.support.collections.RedisListTests" time="0">
    <error message="Could not get a resource from the pool; nested exception is org.jredis.ClientRuntimeException: null reference:{connection on setConnection()} in method JRedisClient.setConnection() [file: JRedisClient.java line:158 - package: org.jredis.ri.alphazero] cause: =&gt; [IllegalArgumentException: null reference:{connection on setConnection()} in method JRedisClient.setConnection() [file: JRedisClient.java line:158 - package: org.jredis.ri.alphazero]]" type="org.springframework.data.redis.connection.PoolException">org.springframework.data.redis.connection.PoolException: Could not get a resource from the pool; nested exception is org.jredis.ClientRuntimeException: null reference:{connection on setConnection()} in method JRedisClient.setConnection() [file: JRedisClient.java line:158 - package: org.jredis.ri.alphazero] cause: => [IllegalArgumentException: null reference:{connection on setConnection()} in method JRedisClient.setConnection() [file: JRedisClient.java line:158 - package: org.jredis.ri.alphazero]]
Caused by: org.jredis.ClientRuntimeException: null reference:{connection on setConnection()} in method JRedisClient.setConnection() [file: JRedisClient.java line:158 - package: org.jredis.ri.alphazero] cause: => [IllegalArgumentException: null reference:{connection on setConnection()} in method JRedisClient.setConnection() [file: JRedisClient.java line:158 - package: org.jredis.ri.alphazero]]
Caused by: java.lang.IllegalArgumentException: null reference:{connection on setConnection()} in method JRedisClient.setConnection() [file: JRedisClient.java line:158 - package: org.jredis.ri.alphazero]
</error>
  </testcase>
  <testcase name="testAddIndexObjectHead[11]" classname="org.springframework.data.redis.support.collections.RedisListTests" time="0">
    <error message="Could not get a resource from the pool; nested exception is org.jredis.ClientRuntimeException: null reference:{connection on setConnection()} in method JRedisClient.setConnection() [file: JRedisClient.java line:158 - package: org.jredis.ri.alphazero] cause: =&gt; [IllegalArgumentException: null reference:{connection on setConnection()} in method JRedisClient.setConnection() [file: JRedisClient.java line:158 - package: org.jredis.ri.alphazero]]" type="org.springframework.data.redis.connection.PoolException">org.springframework.data.redis.connection.PoolException: Could not get a resource from the pool; nested exception is org.jredis.ClientRuntimeException: null reference:{connection on setConnection()} in method JRedisClient.setConnection() [file: JRedisClient.java line:158 - package: org.jredis.ri.alphazero] cause: => [IllegalArgumentException: null reference:{connection on setConnection()} in method JRedisClient.setConnection() [file: JRedisClient.java line:158 - package: org.jredis.ri.alphazero]]
Caused by: org.jredis.ClientRuntimeException: null reference:{connection on setConnection()} in method JRedisClient.setConnection() [file: JRedisClient.java line:158 - package: org.jredis.ri.alphazero] cause: => [IllegalArgumentException: null reference:{connection on setConnection()} in method JRedisClient.setConnection() [file: JRedisClient.java line:158 - package: org.jredis.ri.alphazero]]
Caused by: java.lang.IllegalArgumentException: null reference:{connection on setConnection()} in method JRedisClient.setConnection() [file: JRedisClient.java line:158 - package: org.jredis.ri.alphazero]
</error>
    <system-err><![CDATA[01475611470488 Tue Oct 04 17:04:30 BRT 2016 JRedis[tid:1] <INFORMAÇÕES>: WARNING: heartbeat is disabled.
01475611470488 Tue Oct 04 17:04:30 BRT 2016 JRedis[tid:1] <ADVERTÊNCIA>: PROBLEM: Shutting down due to connection FAULT: Socket connect failed [cause: java.net.ConnectException: Conexão recusada] -- make sure the server is running at localhost:6379 - Connection: SYNCHRONOUS  localhost/127.0.0.1:6379 db:0 | SyncConnection@955611965
01475611470488 Tue Oct 04 17:04:30 BRT 2016 JRedis[tid:1] <GRAVE>: Error creating connection -> Socket connect failed [cause: java.net.ConnectException: Conexão recusada] -- make sure the server is running at localhost:6379
01475611470488 Tue Oct 04 17:04:30 BRT 2016 JRedis[tid:1] <INFORMAÇÕES>: WARNING: heartbeat is disabled.
01475611470488 Tue Oct 04 17:04:30 BRT 2016 JRedis[tid:1] <ADVERTÊNCIA>: PROBLEM: Shutting down due to connection FAULT: Socket connect failed [cause: java.net.ConnectException: Conexão recusada] -- make sure the server is running at localhost:6379 - Connection: SYNCHRONOUS  localhost/127.0.0.1:6379 db:0 | SyncConnection@1367672657
01475611470488 Tue Oct 04 17:04:30 BRT 2016 JRedis[tid:1] <GRAVE>: Error creating connection -> Socket connect failed [cause: java.net.ConnectException: Conexão recusada] -- make sure the server is running at localhost:6379
]]></system-err>
  </testcase>
  <testcase name="testAddIndexObjectHead[11]" classname="org.springframework.data.redis.support.collections.RedisListTests" time="0">
    <error message="Could not get a resource from the pool; nested exception is org.jredis.ClientRuntimeException: null reference:{connection on setConnection()} in method JRedisClient.setConnection() [file: JRedisClient.java line:158 - package: org.jredis.ri.alphazero] cause: =&gt; [IllegalArgumentException: null reference:{connection on setConnection()} in method JRedisClient.setConnection() [file: JRedisClient.java line:158 - package: org.jredis.ri.alphazero]]" type="org.springframework.data.redis.connection.PoolException">org.springframework.data.redis.connection.PoolException: Could not get a resource from the pool; nested exception is org.jredis.ClientRuntimeException: null reference:{connection on setConnection()} in method JRedisClient.setConnection() [file: JRedisClient.java line:158 - package: org.jredis.ri.alphazero] cause: => [IllegalArgumentException: null reference:{connection on setConnection()} in method JRedisClient.setConnection() [file: JRedisClient.java line:158 - package: org.jredis.ri.alphazero]]
Caused by: org.jredis.ClientRuntimeException: null reference:{connection on setConnection()} in method JRedisClient.setConnection() [file: JRedisClient.java line:158 - package: org.jredis.ri.alphazero] cause: => [IllegalArgumentException: null reference:{connection on setConnection()} in method JRedisClient.setConnection() [file: JRedisClient.java line:158 - package: org.jredis.ri.alphazero]]
Caused by: java.lang.IllegalArgumentException: null reference:{connection on setConnection()} in method JRedisClient.setConnection() [file: JRedisClient.java line:158 - package: org.jredis.ri.alphazero]
</error>
  </testcase>
  <testcase name="testAddIndexObjectTail[11]" classname="org.springframework.data.redis.support.collections.RedisListTests" time="0">
    <error message="Could not get a resource from the pool; nested exception is org.jredis.ClientRuntimeException: null reference:{connection on setConnection()} in method JRedisClient.setConnection() [file: JRedisClient.java line:158 - package: org.jredis.ri.alphazero] cause: =&gt; [IllegalArgumentException: null reference:{connection on setConnection()} in method JRedisClient.setConnection() [file: JRedisClient.java line:158 - package: org.jredis.ri.alphazero]]" type="org.springframework.data.redis.connection.PoolException">org.springframework.data.redis.connection.PoolException: Could not get a resource from the pool; nested exception is org.jredis.ClientRuntimeException: null reference:{connection on setConnection()} in method JRedisClient.setConnection() [file: JRedisClient.java line:158 - package: org.jredis.ri.alphazero] cause: => [IllegalArgumentException: null reference:{connection on setConnection()} in method JRedisClient.setConnection() [file: JRedisClient.java line:158 - package: org.jredis.ri.alphazero]]
Caused by: org.jredis.ClientRuntimeException: null reference:{connection on setConnection()} in method JRedisClient.setConnection() [file: JRedisClient.java line:158 - package: org.jredis.ri.alphazero] cause: => [IllegalArgumentException: null reference:{connection on setConnection()} in method JRedisClient.setConnection() [file: JRedisClient.java line:158 - package: org.jredis.ri.alphazero]]
Caused by: java.lang.IllegalArgumentException: null reference:{connection on setConnection()} in method JRedisClient.setConnection() [file: JRedisClient.java line:158 - package: org.jredis.ri.alphazero]
</error>
    <system-err><![CDATA[01475611470489 Tue Oct 04 17:04:30 BRT 2016 JRedis[tid:1] <INFORMAÇÕES>: WARNING: heartbeat is disabled.
01475611470489 Tue Oct 04 17:04:30 BRT 2016 JRedis[tid:1] <ADVERTÊNCIA>: PROBLEM: Shutting down due to connection FAULT: Socket connect failed [cause: java.net.ConnectException: Conexão recusada] -- make sure the server is running at localhost:6379 - Connection: SYNCHRONOUS  localhost/127.0.0.1:6379 db:0 | SyncConnection@2002790740
01475611470490 Tue Oct 04 17:04:30 BRT 2016 JRedis[tid:1] <GRAVE>: Error creating connection -> Socket connect failed [cause: java.net.ConnectException: Conexão recusada] -- make sure the server is running at localhost:6379
01475611470490 Tue Oct 04 17:04:30 BRT 2016 JRedis[tid:1] <INFORMAÇÕES>: WARNING: heartbeat is disabled.
01475611470490 Tue Oct 04 17:04:30 BRT 2016 JRedis[tid:1] <ADVERTÊNCIA>: PROBLEM: Shutting down due to connection FAULT: Socket connect failed [cause: java.net.ConnectException: Conexão recusada] -- make sure the server is running at localhost:6379 - Connection: SYNCHRONOUS  localhost/127.0.0.1:6379 db:0 | SyncConnection@237373286
01475611470490 Tue Oct 04 17:04:30 BRT 2016 JRedis[tid:1] <GRAVE>: Error creating connection -> Socket connect failed [cause: java.net.ConnectException: Conexão recusada] -- make sure the server is running at localhost:6379
]]></system-err>
  </testcase>
  <testcase name="testAddIndexObjectTail[11]" classname="org.springframework.data.redis.support.collections.RedisListTests" time="0">
    <error message="Could not get a resource from the pool; nested exception is org.jredis.ClientRuntimeException: null reference:{connection on setConnection()} in method JRedisClient.setConnection() [file: JRedisClient.java line:158 - package: org.jredis.ri.alphazero] cause: =&gt; [IllegalArgumentException: null reference:{connection on setConnection()} in method JRedisClient.setConnection() [file: JRedisClient.java line:158 - package: org.jredis.ri.alphazero]]" type="org.springframework.data.redis.connection.PoolException">org.springframework.data.redis.connection.PoolException: Could not get a resource from the pool; nested exception is org.jredis.ClientRuntimeException: null reference:{connection on setConnection()} in method JRedisClient.setConnection() [file: JRedisClient.java line:158 - package: org.jredis.ri.alphazero] cause: => [IllegalArgumentException: null reference:{connection on setConnection()} in method JRedisClient.setConnection() [file: JRedisClient.java line:158 - package: org.jredis.ri.alphazero]]
Caused by: org.jredis.ClientRuntimeException: null reference:{connection on setConnection()} in method JRedisClient.setConnection() [file: JRedisClient.java line:158 - package: org.jredis.ri.alphazero] cause: => [IllegalArgumentException: null reference:{connection on setConnection()} in method JRedisClient.setConnection() [file: JRedisClient.java line:158 - package: org.jredis.ri.alphazero]]
Caused by: java.lang.IllegalArgumentException: null reference:{connection on setConnection()} in method JRedisClient.setConnection() [file: JRedisClient.java line:158 - package: org.jredis.ri.alphazero]
</error>
  </testcase>
  <testcase name="testPollFirst[11]" classname="org.springframework.data.redis.support.collections.RedisListTests" time="0.001">
    <error message="Could not get a resource from the pool; nested exception is org.jredis.ClientRuntimeException: null reference:{connection on setConnection()} in method JRedisClient.setConnection() [file: JRedisClient.java line:158 - package: org.jredis.ri.alphazero] cause: =&gt; [IllegalArgumentException: null reference:{connection on setConnection()} in method JRedisClient.setConnection() [file: JRedisClient.java line:158 - package: org.jredis.ri.alphazero]]" type="org.springframework.data.redis.connection.PoolException">org.springframework.data.redis.connection.PoolException: Could not get a resource from the pool; nested exception is org.jredis.ClientRuntimeException: null reference:{connection on setConnection()} in method JRedisClient.setConnection() [file: JRedisClient.java line:158 - package: org.jredis.ri.alphazero] cause: => [IllegalArgumentException: null reference:{connection on setConnection()} in method JRedisClient.setConnection() [file: JRedisClient.java line:158 - package: org.jredis.ri.alphazero]]
Caused by: org.jredis.ClientRuntimeException: null reference:{connection on setConnection()} in method JRedisClient.setConnection() [file: JRedisClient.java line:158 - package: org.jredis.ri.alphazero] cause: => [IllegalArgumentException: null reference:{connection on setConnection()} in method JRedisClient.setConnection() [file: JRedisClient.java line:158 - package: org.jredis.ri.alphazero]]
Caused by: java.lang.IllegalArgumentException: null reference:{connection on setConnection()} in method JRedisClient.setConnection() [file: JRedisClient.java line:158 - package: org.jredis.ri.alphazero]
</error>
    <system-err><![CDATA[01475611470491 Tue Oct 04 17:04:30 BRT 2016 JRedis[tid:1] <INFORMAÇÕES>: WARNING: heartbeat is disabled.
01475611470491 Tue Oct 04 17:04:30 BRT 2016 JRedis[tid:1] <ADVERTÊNCIA>: PROBLEM: Shutting down due to connection FAULT: Socket connect failed [cause: java.net.ConnectException: Conexão recusada] -- make sure the server is running at localhost:6379 - Connection: SYNCHRONOUS  localhost/127.0.0.1:6379 db:0 | SyncConnection@742255664
01475611470491 Tue Oct 04 17:04:30 BRT 2016 JRedis[tid:1] <GRAVE>: Error creating connection -> Socket connect failed [cause: java.net.ConnectException: Conexão recusada] -- make sure the server is running at localhost:6379
01475611470491 Tue Oct 04 17:04:30 BRT 2016 JRedis[tid:1] <INFORMAÇÕES>: WARNING: heartbeat is disabled.
01475611470491 Tue Oct 04 17:04:30 BRT 2016 JRedis[tid:1] <ADVERTÊNCIA>: PROBLEM: Shutting down due to connection FAULT: Socket connect failed [cause: java.net.ConnectException: Conexão recusada] -- make sure the server is running at localhost:6379 - Connection: SYNCHRONOUS  localhost/127.0.0.1:6379 db:0 | SyncConnection@883521348
01475611470491 Tue Oct 04 17:04:30 BRT 2016 JRedis[tid:1] <GRAVE>: Error creating connection -> Socket connect failed [cause: java.net.ConnectException: Conexão recusada] -- make sure the server is running at localhost:6379
]]></system-err>
  </testcase>
  <testcase name="testPollFirst[11]" classname="org.springframework.data.redis.support.collections.RedisListTests" time="0.001">
    <error message="Could not get a resource from the pool; nested exception is org.jredis.ClientRuntimeException: null reference:{connection on setConnection()} in method JRedisClient.setConnection() [file: JRedisClient.java line:158 - package: org.jredis.ri.alphazero] cause: =&gt; [IllegalArgumentException: null reference:{connection on setConnection()} in method JRedisClient.setConnection() [file: JRedisClient.java line:158 - package: org.jredis.ri.alphazero]]" type="org.springframework.data.redis.connection.PoolException">org.springframework.data.redis.connection.PoolException: Could not get a resource from the pool; nested exception is org.jredis.ClientRuntimeException: null reference:{connection on setConnection()} in method JRedisClient.setConnection() [file: JRedisClient.java line:158 - package: org.jredis.ri.alphazero] cause: => [IllegalArgumentException: null reference:{connection on setConnection()} in method JRedisClient.setConnection() [file: JRedisClient.java line:158 - package: org.jredis.ri.alphazero]]
Caused by: org.jredis.ClientRuntimeException: null reference:{connection on setConnection()} in method JRedisClient.setConnection() [file: JRedisClient.java line:158 - package: org.jredis.ri.alphazero] cause: => [IllegalArgumentException: null reference:{connection on setConnection()} in method JRedisClient.setConnection() [file: JRedisClient.java line:158 - package: org.jredis.ri.alphazero]]
Caused by: java.lang.IllegalArgumentException: null reference:{connection on setConnection()} in method JRedisClient.setConnection() [file: JRedisClient.java line:158 - package: org.jredis.ri.alphazero]
</error>
  </testcase>
  <testcase name="testAddIndexObjectMiddle[11]" classname="org.springframework.data.redis.support.collections.RedisListTests" time="0">
    <error message="Unexpected exception, expected&lt;java.lang.IllegalArgumentException&gt; but was&lt;org.springframework.data.redis.connection.PoolException&gt;" type="java.lang.Exception"><![CDATA[java.lang.Exception: Unexpected exception, expected<java.lang.IllegalArgumentException> but was<org.springframework.data.redis.connection.PoolException>
Caused by: org.springframework.data.redis.connection.PoolException: Could not get a resource from the pool; nested exception is org.jredis.ClientRuntimeException: null reference:{connection on setConnection()} in method JRedisClient.setConnection() [file: JRedisClient.java line:158 - package: org.jredis.ri.alphazero] cause: => [IllegalArgumentException: null reference:{connection on setConnection()} in method JRedisClient.setConnection() [file: JRedisClient.java line:158 - package: org.jredis.ri.alphazero]]
Caused by: org.jredis.ClientRuntimeException: null reference:{connection on setConnection()} in method JRedisClient.setConnection() [file: JRedisClient.java line:158 - package: org.jredis.ri.alphazero] cause: => [IllegalArgumentException: null reference:{connection on setConnection()} in method JRedisClient.setConnection() [file: JRedisClient.java line:158 - package: org.jredis.ri.alphazero]]
Caused by: java.lang.IllegalArgumentException: null reference:{connection on setConnection()} in method JRedisClient.setConnection() [file: JRedisClient.java line:158 - package: org.jredis.ri.alphazero]
]]></error>
    <system-err><![CDATA[01475611470492 Tue Oct 04 17:04:30 BRT 2016 JRedis[tid:1] <INFORMAÇÕES>: WARNING: heartbeat is disabled.
01475611470492 Tue Oct 04 17:04:30 BRT 2016 JRedis[tid:1] <ADVERTÊNCIA>: PROBLEM: Shutting down due to connection FAULT: Socket connect failed [cause: java.net.ConnectException: Conexão recusada] -- make sure the server is running at localhost:6379 - Connection: SYNCHRONOUS  localhost/127.0.0.1:6379 db:0 | SyncConnection@1070194629
01475611470492 Tue Oct 04 17:04:30 BRT 2016 JRedis[tid:1] <GRAVE>: Error creating connection -> Socket connect failed [cause: java.net.ConnectException: Conexão recusada] -- make sure the server is running at localhost:6379
01475611470493 Tue Oct 04 17:04:30 BRT 2016 JRedis[tid:1] <INFORMAÇÕES>: WARNING: heartbeat is disabled.
01475611470493 Tue Oct 04 17:04:30 BRT 2016 JRedis[tid:1] <ADVERTÊNCIA>: PROBLEM: Shutting down due to connection FAULT: Socket connect failed [cause: java.net.ConnectException: Conexão recusada] -- make sure the server is running at localhost:6379 - Connection: SYNCHRONOUS  localhost/127.0.0.1:6379 db:0 | SyncConnection@1076202543
01475611470493 Tue Oct 04 17:04:30 BRT 2016 JRedis[tid:1] <GRAVE>: Error creating connection -> Socket connect failed [cause: java.net.ConnectException: Conexão recusada] -- make sure the server is running at localhost:6379
]]></system-err>
  </testcase>
  <testcase name="testAddIndexObjectMiddle[11]" classname="org.springframework.data.redis.support.collections.RedisListTests" time="0">
    <error message="Could not get a resource from the pool; nested exception is org.jredis.ClientRuntimeException: null reference:{connection on setConnection()} in method JRedisClient.setConnection() [file: JRedisClient.java line:158 - package: org.jredis.ri.alphazero] cause: =&gt; [IllegalArgumentException: null reference:{connection on setConnection()} in method JRedisClient.setConnection() [file: JRedisClient.java line:158 - package: org.jredis.ri.alphazero]]" type="org.springframework.data.redis.connection.PoolException">org.springframework.data.redis.connection.PoolException: Could not get a resource from the pool; nested exception is org.jredis.ClientRuntimeException: null reference:{connection on setConnection()} in method JRedisClient.setConnection() [file: JRedisClient.java line:158 - package: org.jredis.ri.alphazero] cause: => [IllegalArgumentException: null reference:{connection on setConnection()} in method JRedisClient.setConnection() [file: JRedisClient.java line:158 - package: org.jredis.ri.alphazero]]
Caused by: org.jredis.ClientRuntimeException: null reference:{connection on setConnection()} in method JRedisClient.setConnection() [file: JRedisClient.java line:158 - package: org.jredis.ri.alphazero] cause: => [IllegalArgumentException: null reference:{connection on setConnection()} in method JRedisClient.setConnection() [file: JRedisClient.java line:158 - package: org.jredis.ri.alphazero]]
Caused by: java.lang.IllegalArgumentException: null reference:{connection on setConnection()} in method JRedisClient.setConnection() [file: JRedisClient.java line:158 - package: org.jredis.ri.alphazero]
</error>
  </testcase>
  <testcase name="testPeekLast[11]" classname="org.springframework.data.redis.support.collections.RedisListTests" time="0.031">
    <error message="Could not get a resource from the pool; nested exception is org.jredis.ClientRuntimeException: null reference:{connection on setConnection()} in method JRedisClient.setConnection() [file: JRedisClient.java line:158 - package: org.jredis.ri.alphazero] cause: =&gt; [IllegalArgumentException: null reference:{connection on setConnection()} in method JRedisClient.setConnection() [file: JRedisClient.java line:158 - package: org.jredis.ri.alphazero]]" type="org.springframework.data.redis.connection.PoolException">org.springframework.data.redis.connection.PoolException: Could not get a resource from the pool; nested exception is org.jredis.ClientRuntimeException: null reference:{connection on setConnection()} in method JRedisClient.setConnection() [file: JRedisClient.java line:158 - package: org.jredis.ri.alphazero] cause: => [IllegalArgumentException: null reference:{connection on setConnection()} in method JRedisClient.setConnection() [file: JRedisClient.java line:158 - package: org.jredis.ri.alphazero]]
Caused by: org.jredis.ClientRuntimeException: null reference:{connection on setConnection()} in method JRedisClient.setConnection() [file: JRedisClient.java line:158 - package: org.jredis.ri.alphazero] cause: => [IllegalArgumentException: null reference:{connection on setConnection()} in method JRedisClient.setConnection() [file: JRedisClient.java line:158 - package: org.jredis.ri.alphazero]]
Caused by: java.lang.IllegalArgumentException: null reference:{connection on setConnection()} in method JRedisClient.setConnection() [file: JRedisClient.java line:158 - package: org.jredis.ri.alphazero]
</error>
    <system-err><![CDATA[01475611470494 Tue Oct 04 17:04:30 BRT 2016 JRedis[tid:1] <INFORMAÇÕES>: WARNING: heartbeat is disabled.
01475611470494 Tue Oct 04 17:04:30 BRT 2016 JRedis[tid:1] <ADVERTÊNCIA>: PROBLEM: Shutting down due to connection FAULT: Socket connect failed [cause: java.net.ConnectException: Conexão recusada] -- make sure the server is running at localhost:6379 - Connection: SYNCHRONOUS  localhost/127.0.0.1:6379 db:0 | SyncConnection@385332399
01475611470494 Tue Oct 04 17:04:30 BRT 2016 JRedis[tid:1] <GRAVE>: Error creating connection -> Socket connect failed [cause: java.net.ConnectException: Conexão recusada] -- make sure the server is running at localhost:6379
01475611470494 Tue Oct 04 17:04:30 BRT 2016 JRedis[tid:1] <INFORMAÇÕES>: WARNING: heartbeat is disabled.
01475611470494 Tue Oct 04 17:04:30 BRT 2016 JRedis[tid:1] <ADVERTÊNCIA>: PROBLEM: Shutting down due to connection FAULT: Socket connect failed [cause: java.net.ConnectException: Conexão recusada] -- make sure the server is running at localhost:6379 - Connection: SYNCHRONOUS  localhost/127.0.0.1:6379 db:0 | SyncConnection@2061440682
01475611470494 Tue Oct 04 17:04:30 BRT 2016 JRedis[tid:1] <GRAVE>: Error creating connection -> Socket connect failed [cause: java.net.ConnectException: Conexão recusada] -- make sure the server is running at localhost:6379
]]></system-err>
  </testcase>
  <testcase name="testPeekLast[11]" classname="org.springframework.data.redis.support.collections.RedisListTests" time="0.031">
    <error message="Could not get a resource from the pool; nested exception is org.jredis.ClientRuntimeException: null reference:{connection on setConnection()} in method JRedisClient.setConnection() [file: JRedisClient.java line:158 - package: org.jredis.ri.alphazero] cause: =&gt; [IllegalArgumentException: null reference:{connection on setConnection()} in method JRedisClient.setConnection() [file: JRedisClient.java line:158 - package: org.jredis.ri.alphazero]]" type="org.springframework.data.redis.connection.PoolException">org.springframework.data.redis.connection.PoolException: Could not get a resource from the pool; nested exception is org.jredis.ClientRuntimeException: null reference:{connection on setConnection()} in method JRedisClient.setConnection() [file: JRedisClient.java line:158 - package: org.jredis.ri.alphazero] cause: => [IllegalArgumentException: null reference:{connection on setConnection()} in method JRedisClient.setConnection() [file: JRedisClient.java line:158 - package: org.jredis.ri.alphazero]]
Caused by: org.jredis.ClientRuntimeException: null reference:{connection on setConnection()} in method JRedisClient.setConnection() [file: JRedisClient.java line:158 - package: org.jredis.ri.alphazero] cause: => [IllegalArgumentException: null reference:{connection on setConnection()} in method JRedisClient.setConnection() [file: JRedisClient.java line:158 - package: org.jredis.ri.alphazero]]
Caused by: java.lang.IllegalArgumentException: null reference:{connection on setConnection()} in method JRedisClient.setConnection() [file: JRedisClient.java line:158 - package: org.jredis.ri.alphazero]
</error>
  </testcase>
  <testcase name="testRemoveFirstOccurrence[11]" classname="org.springframework.data.redis.support.collections.RedisListTests" time="0">
    <error message="Could not get a resource from the pool; nested exception is org.jredis.ClientRuntimeException: null reference:{connection on setConnection()} in method JRedisClient.setConnection() [file: JRedisClient.java line:158 - package: org.jredis.ri.alphazero] cause: =&gt; [IllegalArgumentException: null reference:{connection on setConnection()} in method JRedisClient.setConnection() [file: JRedisClient.java line:158 - package: org.jredis.ri.alphazero]]" type="org.springframework.data.redis.connection.PoolException">org.springframework.data.redis.connection.PoolException: Could not get a resource from the pool; nested exception is org.jredis.ClientRuntimeException: null reference:{connection on setConnection()} in method JRedisClient.setConnection() [file: JRedisClient.java line:158 - package: org.jredis.ri.alphazero] cause: => [IllegalArgumentException: null reference:{connection on setConnection()} in method JRedisClient.setConnection() [file: JRedisClient.java line:158 - package: org.jredis.ri.alphazero]]
Caused by: org.jredis.ClientRuntimeException: null reference:{connection on setConnection()} in method JRedisClient.setConnection() [file: JRedisClient.java line:158 - package: org.jredis.ri.alphazero] cause: => [IllegalArgumentException: null reference:{connection on setConnection()} in method JRedisClient.setConnection() [file: JRedisClient.java line:158 - package: org.jredis.ri.alphazero]]
Caused by: java.lang.IllegalArgumentException: null reference:{connection on setConnection()} in method JRedisClient.setConnection() [file: JRedisClient.java line:158 - package: org.jredis.ri.alphazero]
</error>
    <system-err><![CDATA[01475611470495 Tue Oct 04 17:04:30 BRT 2016 JRedis[tid:1] <INFORMAÇÕES>: WARNING: heartbeat is disabled.
01475611470495 Tue Oct 04 17:04:30 BRT 2016 JRedis[tid:1] <ADVERTÊNCIA>: PROBLEM: Shutting down due to connection FAULT: Socket connect failed [cause: java.net.ConnectException: Conexão recusada] -- make sure the server is running at localhost:6379 - Connection: SYNCHRONOUS  localhost/127.0.0.1:6379 db:0 | SyncConnection@883020319
01475611470495 Tue Oct 04 17:04:30 BRT 2016 JRedis[tid:1] <GRAVE>: Error creating connection -> Socket connect failed [cause: java.net.ConnectException: Conexão recusada] -- make sure the server is running at localhost:6379
01475611470495 Tue Oct 04 17:04:30 BRT 2016 JRedis[tid:1] <INFORMAÇÕES>: WARNING: heartbeat is disabled.
01475611470496 Tue Oct 04 17:04:30 BRT 2016 JRedis[tid:1] <ADVERTÊNCIA>: PROBLEM: Shutting down due to connection FAULT: Socket connect failed [cause: java.net.ConnectException: Conexão recusada] -- make sure the server is running at localhost:6379 - Connection: SYNCHRONOUS  localhost/127.0.0.1:6379 db:0 | SyncConnection@1488946768
01475611470496 Tue Oct 04 17:04:30 BRT 2016 JRedis[tid:1] <GRAVE>: Error creating connection -> Socket connect failed [cause: java.net.ConnectException: Conexão recusada] -- make sure the server is running at localhost:6379
]]></system-err>
  </testcase>
  <testcase name="testRemoveFirstOccurrence[11]" classname="org.springframework.data.redis.support.collections.RedisListTests" time="0">
    <error message="Could not get a resource from the pool; nested exception is org.jredis.ClientRuntimeException: null reference:{connection on setConnection()} in method JRedisClient.setConnection() [file: JRedisClient.java line:158 - package: org.jredis.ri.alphazero] cause: =&gt; [IllegalArgumentException: null reference:{connection on setConnection()} in method JRedisClient.setConnection() [file: JRedisClient.java line:158 - package: org.jredis.ri.alphazero]]" type="org.springframework.data.redis.connection.PoolException">org.springframework.data.redis.connection.PoolException: Could not get a resource from the pool; nested exception is org.jredis.ClientRuntimeException: null reference:{connection on setConnection()} in method JRedisClient.setConnection() [file: JRedisClient.java line:158 - package: org.jredis.ri.alphazero] cause: => [IllegalArgumentException: null reference:{connection on setConnection()} in method JRedisClient.setConnection() [file: JRedisClient.java line:158 - package: org.jredis.ri.alphazero]]
Caused by: org.jredis.ClientRuntimeException: null reference:{connection on setConnection()} in method JRedisClient.setConnection() [file: JRedisClient.java line:158 - package: org.jredis.ri.alphazero] cause: => [IllegalArgumentException: null reference:{connection on setConnection()} in method JRedisClient.setConnection() [file: JRedisClient.java line:158 - package: org.jredis.ri.alphazero]]
Caused by: java.lang.IllegalArgumentException: null reference:{connection on setConnection()} in method JRedisClient.setConnection() [file: JRedisClient.java line:158 - package: org.jredis.ri.alphazero]
</error>
  </testcase>
  <testcase name="addAllIndexCollectionHead[11]" classname="org.springframework.data.redis.support.collections.RedisListTests" time="0">
    <error message="Could not get a resource from the pool; nested exception is org.jredis.ClientRuntimeException: null reference:{connection on setConnection()} in method JRedisClient.setConnection() [file: JRedisClient.java line:158 - package: org.jredis.ri.alphazero] cause: =&gt; [IllegalArgumentException: null reference:{connection on setConnection()} in method JRedisClient.setConnection() [file: JRedisClient.java line:158 - package: org.jredis.ri.alphazero]]" type="org.springframework.data.redis.connection.PoolException">org.springframework.data.redis.connection.PoolException: Could not get a resource from the pool; nested exception is org.jredis.ClientRuntimeException: null reference:{connection on setConnection()} in method JRedisClient.setConnection() [file: JRedisClient.java line:158 - package: org.jredis.ri.alphazero] cause: => [IllegalArgumentException: null reference:{connection on setConnection()} in method JRedisClient.setConnection() [file: JRedisClient.java line:158 - package: org.jredis.ri.alphazero]]
Caused by: org.jredis.ClientRuntimeException: null reference:{connection on setConnection()} in method JRedisClient.setConnection() [file: JRedisClient.java line:158 - package: org.jredis.ri.alphazero] cause: => [IllegalArgumentException: null reference:{connection on setConnection()} in method JRedisClient.setConnection() [file: JRedisClient.java line:158 - package: org.jredis.ri.alphazero]]
Caused by: java.lang.IllegalArgumentException: null reference:{connection on setConnection()} in method JRedisClient.setConnection() [file: JRedisClient.java line:158 - package: org.jredis.ri.alphazero]
</error>
    <system-err><![CDATA[01475611470497 Tue Oct 04 17:04:30 BRT 2016 JRedis[tid:1] <INFORMAÇÕES>: WARNING: heartbeat is disabled.
01475611470497 Tue Oct 04 17:04:30 BRT 2016 JRedis[tid:1] <ADVERTÊNCIA>: PROBLEM: Shutting down due to connection FAULT: Socket connect failed [cause: java.net.ConnectException: Conexão recusada] -- make sure the server is running at localhost:6379 - Connection: SYNCHRONOUS  localhost/127.0.0.1:6379 db:0 | SyncConnection@1269118128
01475611470497 Tue Oct 04 17:04:30 BRT 2016 JRedis[tid:1] <GRAVE>: Error creating connection -> Socket connect failed [cause: java.net.ConnectException: Conexão recusada] -- make sure the server is running at localhost:6379
01475611470497 Tue Oct 04 17:04:30 BRT 2016 JRedis[tid:1] <INFORMAÇÕES>: WARNING: heartbeat is disabled.
01475611470497 Tue Oct 04 17:04:30 BRT 2016 JRedis[tid:1] <ADVERTÊNCIA>: PROBLEM: Shutting down due to connection FAULT: Socket connect failed [cause: java.net.ConnectException: Conexão recusada] -- make sure the server is running at localhost:6379 - Connection: SYNCHRONOUS  localhost/127.0.0.1:6379 db:0 | SyncConnection@1863100050
01475611470497 Tue Oct 04 17:04:30 BRT 2016 JRedis[tid:1] <GRAVE>: Error creating connection -> Socket connect failed [cause: java.net.ConnectException: Conexão recusada] -- make sure the server is running at localhost:6379
]]></system-err>
  </testcase>
  <testcase name="addAllIndexCollectionHead[11]" classname="org.springframework.data.redis.support.collections.RedisListTests" time="0">
    <error message="Could not get a resource from the pool; nested exception is org.jredis.ClientRuntimeException: null reference:{connection on setConnection()} in method JRedisClient.setConnection() [file: JRedisClient.java line:158 - package: org.jredis.ri.alphazero] cause: =&gt; [IllegalArgumentException: null reference:{connection on setConnection()} in method JRedisClient.setConnection() [file: JRedisClient.java line:158 - package: org.jredis.ri.alphazero]]" type="org.springframework.data.redis.connection.PoolException">org.springframework.data.redis.connection.PoolException: Could not get a resource from the pool; nested exception is org.jredis.ClientRuntimeException: null reference:{connection on setConnection()} in method JRedisClient.setConnection() [file: JRedisClient.java line:158 - package: org.jredis.ri.alphazero] cause: => [IllegalArgumentException: null reference:{connection on setConnection()} in method JRedisClient.setConnection() [file: JRedisClient.java line:158 - package: org.jredis.ri.alphazero]]
Caused by: org.jredis.ClientRuntimeException: null reference:{connection on setConnection()} in method JRedisClient.setConnection() [file: JRedisClient.java line:158 - package: org.jredis.ri.alphazero] cause: => [IllegalArgumentException: null reference:{connection on setConnection()} in method JRedisClient.setConnection() [file: JRedisClient.java line:158 - package: org.jredis.ri.alphazero]]
Caused by: java.lang.IllegalArgumentException: null reference:{connection on setConnection()} in method JRedisClient.setConnection() [file: JRedisClient.java line:158 - package: org.jredis.ri.alphazero]
</error>
  </testcase>
  <testcase name="addAllIndexCollectionTail[11]" classname="org.springframework.data.redis.support.collections.RedisListTests" time="0.001">
    <error message="Could not get a resource from the pool; nested exception is org.jredis.ClientRuntimeException: null reference:{connection on setConnection()} in method JRedisClient.setConnection() [file: JRedisClient.java line:158 - package: org.jredis.ri.alphazero] cause: =&gt; [IllegalArgumentException: null reference:{connection on setConnection()} in method JRedisClient.setConnection() [file: JRedisClient.java line:158 - package: org.jredis.ri.alphazero]]" type="org.springframework.data.redis.connection.PoolException">org.springframework.data.redis.connection.PoolException: Could not get a resource from the pool; nested exception is org.jredis.ClientRuntimeException: null reference:{connection on setConnection()} in method JRedisClient.setConnection() [file: JRedisClient.java line:158 - package: org.jredis.ri.alphazero] cause: => [IllegalArgumentException: null reference:{connection on setConnection()} in method JRedisClient.setConnection() [file: JRedisClient.java line:158 - package: org.jredis.ri.alphazero]]
Caused by: org.jredis.ClientRuntimeException: null reference:{connection on setConnection()} in method JRedisClient.setConnection() [file: JRedisClient.java line:158 - package: org.jredis.ri.alphazero] cause: => [IllegalArgumentException: null reference:{connection on setConnection()} in method JRedisClient.setConnection() [file: JRedisClient.java line:158 - package: org.jredis.ri.alphazero]]
Caused by: java.lang.IllegalArgumentException: null reference:{connection on setConnection()} in method JRedisClient.setConnection() [file: JRedisClient.java line:158 - package: org.jredis.ri.alphazero]
</error>
    <system-err><![CDATA[01475611470498 Tue Oct 04 17:04:30 BRT 2016 JRedis[tid:1] <INFORMAÇÕES>: WARNING: heartbeat is disabled.
01475611470498 Tue Oct 04 17:04:30 BRT 2016 JRedis[tid:1] <ADVERTÊNCIA>: PROBLEM: Shutting down due to connection FAULT: Socket connect failed [cause: java.net.ConnectException: Conexão recusada] -- make sure the server is running at localhost:6379 - Connection: SYNCHRONOUS  localhost/127.0.0.1:6379 db:0 | SyncConnection@1313960293
01475611470498 Tue Oct 04 17:04:30 BRT 2016 JRedis[tid:1] <GRAVE>: Error creating connection -> Socket connect failed [cause: java.net.ConnectException: Conexão recusada] -- make sure the server is running at localhost:6379
01475611470498 Tue Oct 04 17:04:30 BRT 2016 JRedis[tid:1] <INFORMAÇÕES>: WARNING: heartbeat is disabled.
01475611470499 Tue Oct 04 17:04:30 BRT 2016 JRedis[tid:1] <ADVERTÊNCIA>: PROBLEM: Shutting down due to connection FAULT: Socket connect failed [cause: java.net.ConnectException: Conexão recusada] -- make sure the server is running at localhost:6379 - Connection: SYNCHRONOUS  localhost/127.0.0.1:6379 db:0 | SyncConnection@1155757579
01475611470499 Tue Oct 04 17:04:30 BRT 2016 JRedis[tid:1] <GRAVE>: Error creating connection -> Socket connect failed [cause: java.net.ConnectException: Conexão recusada] -- make sure the server is running at localhost:6379
]]></system-err>
  </testcase>
  <testcase name="addAllIndexCollectionTail[11]" classname="org.springframework.data.redis.support.collections.RedisListTests" time="0.001">
    <error message="Could not get a resource from the pool; nested exception is org.jredis.ClientRuntimeException: null reference:{connection on setConnection()} in method JRedisClient.setConnection() [file: JRedisClient.java line:158 - package: org.jredis.ri.alphazero] cause: =&gt; [IllegalArgumentException: null reference:{connection on setConnection()} in method JRedisClient.setConnection() [file: JRedisClient.java line:158 - package: org.jredis.ri.alphazero]]" type="org.springframework.data.redis.connection.PoolException">org.springframework.data.redis.connection.PoolException: Could not get a resource from the pool; nested exception is org.jredis.ClientRuntimeException: null reference:{connection on setConnection()} in method JRedisClient.setConnection() [file: JRedisClient.java line:158 - package: org.jredis.ri.alphazero] cause: => [IllegalArgumentException: null reference:{connection on setConnection()} in method JRedisClient.setConnection() [file: JRedisClient.java line:158 - package: org.jredis.ri.alphazero]]
Caused by: org.jredis.ClientRuntimeException: null reference:{connection on setConnection()} in method JRedisClient.setConnection() [file: JRedisClient.java line:158 - package: org.jredis.ri.alphazero] cause: => [IllegalArgumentException: null reference:{connection on setConnection()} in method JRedisClient.setConnection() [file: JRedisClient.java line:158 - package: org.jredis.ri.alphazero]]
Caused by: java.lang.IllegalArgumentException: null reference:{connection on setConnection()} in method JRedisClient.setConnection() [file: JRedisClient.java line:158 - package: org.jredis.ri.alphazero]
</error>
  </testcase>
  <testcase name="addAllIndexCollectionMiddle[11]" classname="org.springframework.data.redis.support.collections.RedisListTests" time="0">
    <error message="Unexpected exception, expected&lt;java.lang.IllegalArgumentException&gt; but was&lt;org.springframework.data.redis.connection.PoolException&gt;" type="java.lang.Exception"><![CDATA[java.lang.Exception: Unexpected exception, expected<java.lang.IllegalArgumentException> but was<org.springframework.data.redis.connection.PoolException>
Caused by: org.springframework.data.redis.connection.PoolException: Could not get a resource from the pool; nested exception is org.jredis.ClientRuntimeException: null reference:{connection on setConnection()} in method JRedisClient.setConnection() [file: JRedisClient.java line:158 - package: org.jredis.ri.alphazero] cause: => [IllegalArgumentException: null reference:{connection on setConnection()} in method JRedisClient.setConnection() [file: JRedisClient.java line:158 - package: org.jredis.ri.alphazero]]
Caused by: org.jredis.ClientRuntimeException: null reference:{connection on setConnection()} in method JRedisClient.setConnection() [file: JRedisClient.java line:158 - package: org.jredis.ri.alphazero] cause: => [IllegalArgumentException: null reference:{connection on setConnection()} in method JRedisClient.setConnection() [file: JRedisClient.java line:158 - package: org.jredis.ri.alphazero]]
Caused by: java.lang.IllegalArgumentException: null reference:{connection on setConnection()} in method JRedisClient.setConnection() [file: JRedisClient.java line:158 - package: org.jredis.ri.alphazero]
]]></error>
    <system-err><![CDATA[01475611470499 Tue Oct 04 17:04:30 BRT 2016 JRedis[tid:1] <INFORMAÇÕES>: WARNING: heartbeat is disabled.
01475611470500 Tue Oct 04 17:04:30 BRT 2016 JRedis[tid:1] <ADVERTÊNCIA>: PROBLEM: Shutting down due to connection FAULT: Socket connect failed [cause: java.net.ConnectException: Conexão recusada] -- make sure the server is running at localhost:6379 - Connection: SYNCHRONOUS  localhost/127.0.0.1:6379 db:0 | SyncConnection@494894055
01475611470500 Tue Oct 04 17:04:30 BRT 2016 JRedis[tid:1] <GRAVE>: Error creating connection -> Socket connect failed [cause: java.net.ConnectException: Conexão recusada] -- make sure the server is running at localhost:6379
01475611470500 Tue Oct 04 17:04:30 BRT 2016 JRedis[tid:1] <INFORMAÇÕES>: WARNING: heartbeat is disabled.
01475611470500 Tue Oct 04 17:04:30 BRT 2016 JRedis[tid:1] <ADVERTÊNCIA>: PROBLEM: Shutting down due to connection FAULT: Socket connect failed [cause: java.net.ConnectException: Conexão recusada] -- make sure the server is running at localhost:6379 - Connection: SYNCHRONOUS  localhost/127.0.0.1:6379 db:0 | SyncConnection@1123226989
01475611470500 Tue Oct 04 17:04:30 BRT 2016 JRedis[tid:1] <GRAVE>: Error creating connection -> Socket connect failed [cause: java.net.ConnectException: Conexão recusada] -- make sure the server is running at localhost:6379
]]></system-err>
  </testcase>
  <testcase name="addAllIndexCollectionMiddle[11]" classname="org.springframework.data.redis.support.collections.RedisListTests" time="0">
    <error message="Could not get a resource from the pool; nested exception is org.jredis.ClientRuntimeException: null reference:{connection on setConnection()} in method JRedisClient.setConnection() [file: JRedisClient.java line:158 - package: org.jredis.ri.alphazero] cause: =&gt; [IllegalArgumentException: null reference:{connection on setConnection()} in method JRedisClient.setConnection() [file: JRedisClient.java line:158 - package: org.jredis.ri.alphazero]]" type="org.springframework.data.redis.connection.PoolException">org.springframework.data.redis.connection.PoolException: Could not get a resource from the pool; nested exception is org.jredis.ClientRuntimeException: null reference:{connection on setConnection()} in method JRedisClient.setConnection() [file: JRedisClient.java line:158 - package: org.jredis.ri.alphazero] cause: => [IllegalArgumentException: null reference:{connection on setConnection()} in method JRedisClient.setConnection() [file: JRedisClient.java line:158 - package: org.jredis.ri.alphazero]]
Caused by: org.jredis.ClientRuntimeException: null reference:{connection on setConnection()} in method JRedisClient.setConnection() [file: JRedisClient.java line:158 - package: org.jredis.ri.alphazero] cause: => [IllegalArgumentException: null reference:{connection on setConnection()} in method JRedisClient.setConnection() [file: JRedisClient.java line:158 - package: org.jredis.ri.alphazero]]
Caused by: java.lang.IllegalArgumentException: null reference:{connection on setConnection()} in method JRedisClient.setConnection() [file: JRedisClient.java line:158 - package: org.jredis.ri.alphazero]
</error>
  </testcase>
  <testcase name="testPollLast[11]" classname="org.springframework.data.redis.support.collections.RedisListTests" time="0">
    <error message="Could not get a resource from the pool; nested exception is org.jredis.ClientRuntimeException: null reference:{connection on setConnection()} in method JRedisClient.setConnection() [file: JRedisClient.java line:158 - package: org.jredis.ri.alphazero] cause: =&gt; [IllegalArgumentException: null reference:{connection on setConnection()} in method JRedisClient.setConnection() [file: JRedisClient.java line:158 - package: org.jredis.ri.alphazero]]" type="org.springframework.data.redis.connection.PoolException">org.springframework.data.redis.connection.PoolException: Could not get a resource from the pool; nested exception is org.jredis.ClientRuntimeException: null reference:{connection on setConnection()} in method JRedisClient.setConnection() [file: JRedisClient.java line:158 - package: org.jredis.ri.alphazero] cause: => [IllegalArgumentException: null reference:{connection on setConnection()} in method JRedisClient.setConnection() [file: JRedisClient.java line:158 - package: org.jredis.ri.alphazero]]
Caused by: org.jredis.ClientRuntimeException: null reference:{connection on setConnection()} in method JRedisClient.setConnection() [file: JRedisClient.java line:158 - package: org.jredis.ri.alphazero] cause: => [IllegalArgumentException: null reference:{connection on setConnection()} in method JRedisClient.setConnection() [file: JRedisClient.java line:158 - package: org.jredis.ri.alphazero]]
Caused by: java.lang.IllegalArgumentException: null reference:{connection on setConnection()} in method JRedisClient.setConnection() [file: JRedisClient.java line:158 - package: org.jredis.ri.alphazero]
</error>
    <system-err><![CDATA[01475611470501 Tue Oct 04 17:04:30 BRT 2016 JRedis[tid:1] <INFORMAÇÕES>: WARNING: heartbeat is disabled.
01475611470502 Tue Oct 04 17:04:30 BRT 2016 JRedis[tid:1] <ADVERTÊNCIA>: PROBLEM: Shutting down due to connection FAULT: Socket connect failed [cause: java.net.ConnectException: Conexão recusada] -- make sure the server is running at localhost:6379 - Connection: SYNCHRONOUS  localhost/127.0.0.1:6379 db:0 | SyncConnection@616412281
01475611470502 Tue Oct 04 17:04:30 BRT 2016 JRedis[tid:1] <GRAVE>: Error creating connection -> Socket connect failed [cause: java.net.ConnectException: Conexão recusada] -- make sure the server is running at localhost:6379
01475611470502 Tue Oct 04 17:04:30 BRT 2016 JRedis[tid:1] <INFORMAÇÕES>: WARNING: heartbeat is disabled.
01475611470502 Tue Oct 04 17:04:30 BRT 2016 JRedis[tid:1] <ADVERTÊNCIA>: PROBLEM: Shutting down due to connection FAULT: Socket connect failed [cause: java.net.ConnectException: Conexão recusada] -- make sure the server is running at localhost:6379 - Connection: SYNCHRONOUS  localhost/127.0.0.1:6379 db:0 | SyncConnection@2118096382
01475611470502 Tue Oct 04 17:04:30 BRT 2016 JRedis[tid:1] <GRAVE>: Error creating connection -> Socket connect failed [cause: java.net.ConnectException: Conexão recusada] -- make sure the server is running at localhost:6379
]]></system-err>
  </testcase>
  <testcase name="testPollLast[11]" classname="org.springframework.data.redis.support.collections.RedisListTests" time="0">
    <error message="Could not get a resource from the pool; nested exception is org.jredis.ClientRuntimeException: null reference:{connection on setConnection()} in method JRedisClient.setConnection() [file: JRedisClient.java line:158 - package: org.jredis.ri.alphazero] cause: =&gt; [IllegalArgumentException: null reference:{connection on setConnection()} in method JRedisClient.setConnection() [file: JRedisClient.java line:158 - package: org.jredis.ri.alphazero]]" type="org.springframework.data.redis.connection.PoolException">org.springframework.data.redis.connection.PoolException: Could not get a resource from the pool; nested exception is org.jredis.ClientRuntimeException: null reference:{connection on setConnection()} in method JRedisClient.setConnection() [file: JRedisClient.java line:158 - package: org.jredis.ri.alphazero] cause: => [IllegalArgumentException: null reference:{connection on setConnection()} in method JRedisClient.setConnection() [file: JRedisClient.java line:158 - package: org.jredis.ri.alphazero]]
Caused by: org.jredis.ClientRuntimeException: null reference:{connection on setConnection()} in method JRedisClient.setConnection() [file: JRedisClient.java line:158 - package: org.jredis.ri.alphazero] cause: => [IllegalArgumentException: null reference:{connection on setConnection()} in method JRedisClient.setConnection() [file: JRedisClient.java line:158 - package: org.jredis.ri.alphazero]]
Caused by: java.lang.IllegalArgumentException: null reference:{connection on setConnection()} in method JRedisClient.setConnection() [file: JRedisClient.java line:158 - package: org.jredis.ri.alphazero]
</error>
  </testcase>
  <testcase name="testIndexOfObject[11]" classname="org.springframework.data.redis.support.collections.RedisListTests" time="0">
    <error message="Could not get a resource from the pool; nested exception is org.jredis.ClientRuntimeException: null reference:{connection on setConnection()} in method JRedisClient.setConnection() [file: JRedisClient.java line:158 - package: org.jredis.ri.alphazero] cause: =&gt; [IllegalArgumentException: null reference:{connection on setConnection()} in method JRedisClient.setConnection() [file: JRedisClient.java line:158 - package: org.jredis.ri.alphazero]]" type="org.springframework.data.redis.connection.PoolException">org.springframework.data.redis.connection.PoolException: Could not get a resource from the pool; nested exception is org.jredis.ClientRuntimeException: null reference:{connection on setConnection()} in method JRedisClient.setConnection() [file: JRedisClient.java line:158 - package: org.jredis.ri.alphazero] cause: => [IllegalArgumentException: null reference:{connection on setConnection()} in method JRedisClient.setConnection() [file: JRedisClient.java line:158 - package: org.jredis.ri.alphazero]]
Caused by: org.jredis.ClientRuntimeException: null reference:{connection on setConnection()} in method JRedisClient.setConnection() [file: JRedisClient.java line:158 - package: org.jredis.ri.alphazero] cause: => [IllegalArgumentException: null reference:{connection on setConnection()} in method JRedisClient.setConnection() [file: JRedisClient.java line:158 - package: org.jredis.ri.alphazero]]
Caused by: java.lang.IllegalArgumentException: null reference:{connection on setConnection()} in method JRedisClient.setConnection() [file: JRedisClient.java line:158 - package: org.jredis.ri.alphazero]
</error>
    <system-err><![CDATA[01475611470503 Tue Oct 04 17:04:30 BRT 2016 JRedis[tid:1] <INFORMAÇÕES>: WARNING: heartbeat is disabled.
01475611470503 Tue Oct 04 17:04:30 BRT 2016 JRedis[tid:1] <ADVERTÊNCIA>: PROBLEM: Shutting down due to connection FAULT: Socket connect failed [cause: java.net.ConnectException: Conexão recusada] -- make sure the server is running at localhost:6379 - Connection: SYNCHRONOUS  localhost/127.0.0.1:6379 db:0 | SyncConnection@878861517
01475611470503 Tue Oct 04 17:04:30 BRT 2016 JRedis[tid:1] <GRAVE>: Error creating connection -> Socket connect failed [cause: java.net.ConnectException: Conexão recusada] -- make sure the server is running at localhost:6379
]]></system-err>
  </testcase>
  <testcase name="testPollTimeout[11]" classname="org.springframework.data.redis.support.collections.RedisListTests" time="0">
    <error message="got: &lt;false&gt;, expected: is &lt;true&gt;" type="org.junit.AssumptionViolatedException"><![CDATA[org.junit.AssumptionViolatedException: got: <false>, expected: is <true>
]]></error>
    <system-err><![CDATA[01475611470504 Tue Oct 04 17:04:30 BRT 2016 JRedis[tid:1] <INFORMAÇÕES>: WARNING: heartbeat is disabled.
01475611470504 Tue Oct 04 17:04:30 BRT 2016 JRedis[tid:1] <ADVERTÊNCIA>: PROBLEM: Shutting down due to connection FAULT: Socket connect failed [cause: java.net.ConnectException: Conexão recusada] -- make sure the server is running at localhost:6379 - Connection: SYNCHRONOUS  localhost/127.0.0.1:6379 db:0 | SyncConnection@746394140
01475611470504 Tue Oct 04 17:04:30 BRT 2016 JRedis[tid:1] <GRAVE>: Error creating connection -> Socket connect failed [cause: java.net.ConnectException: Conexão recusada] -- make sure the server is running at localhost:6379
]]></system-err>
  </testcase>
  <testcase name="testPollTimeout[11]" classname="org.springframework.data.redis.support.collections.RedisListTests" time="0">
    <error message="Could not get a resource from the pool; nested exception is org.jredis.ClientRuntimeException: null reference:{connection on setConnection()} in method JRedisClient.setConnection() [file: JRedisClient.java line:158 - package: org.jredis.ri.alphazero] cause: =&gt; [IllegalArgumentException: null reference:{connection on setConnection()} in method JRedisClient.setConnection() [file: JRedisClient.java line:158 - package: org.jredis.ri.alphazero]]" type="org.springframework.data.redis.connection.PoolException">org.springframework.data.redis.connection.PoolException: Could not get a resource from the pool; nested exception is org.jredis.ClientRuntimeException: null reference:{connection on setConnection()} in method JRedisClient.setConnection() [file: JRedisClient.java line:158 - package: org.jredis.ri.alphazero] cause: => [IllegalArgumentException: null reference:{connection on setConnection()} in method JRedisClient.setConnection() [file: JRedisClient.java line:158 - package: org.jredis.ri.alphazero]]
Caused by: org.jredis.ClientRuntimeException: null reference:{connection on setConnection()} in method JRedisClient.setConnection() [file: JRedisClient.java line:158 - package: org.jredis.ri.alphazero] cause: => [IllegalArgumentException: null reference:{connection on setConnection()} in method JRedisClient.setConnection() [file: JRedisClient.java line:158 - package: org.jredis.ri.alphazero]]
Caused by: java.lang.IllegalArgumentException: null reference:{connection on setConnection()} in method JRedisClient.setConnection() [file: JRedisClient.java line:158 - package: org.jredis.ri.alphazero]
</error>
  </testcase>
  <testcase name="testRemove[11]" classname="org.springframework.data.redis.support.collections.RedisListTests" time="0.001">
    <error message="Could not get a resource from the pool; nested exception is org.jredis.ClientRuntimeException: null reference:{connection on setConnection()} in method JRedisClient.setConnection() [file: JRedisClient.java line:158 - package: org.jredis.ri.alphazero] cause: =&gt; [IllegalArgumentException: null reference:{connection on setConnection()} in method JRedisClient.setConnection() [file: JRedisClient.java line:158 - package: org.jredis.ri.alphazero]]" type="org.springframework.data.redis.connection.PoolException">org.springframework.data.redis.connection.PoolException: Could not get a resource from the pool; nested exception is org.jredis.ClientRuntimeException: null reference:{connection on setConnection()} in method JRedisClient.setConnection() [file: JRedisClient.java line:158 - package: org.jredis.ri.alphazero] cause: => [IllegalArgumentException: null reference:{connection on setConnection()} in method JRedisClient.setConnection() [file: JRedisClient.java line:158 - package: org.jredis.ri.alphazero]]
Caused by: org.jredis.ClientRuntimeException: null reference:{connection on setConnection()} in method JRedisClient.setConnection() [file: JRedisClient.java line:158 - package: org.jredis.ri.alphazero] cause: => [IllegalArgumentException: null reference:{connection on setConnection()} in method JRedisClient.setConnection() [file: JRedisClient.java line:158 - package: org.jredis.ri.alphazero]]
Caused by: java.lang.IllegalArgumentException: null reference:{connection on setConnection()} in method JRedisClient.setConnection() [file: JRedisClient.java line:158 - package: org.jredis.ri.alphazero]
</error>
    <system-err><![CDATA[01475611470504 Tue Oct 04 17:04:30 BRT 2016 JRedis[tid:1] <INFORMAÇÕES>: WARNING: heartbeat is disabled.
01475611470504 Tue Oct 04 17:04:30 BRT 2016 JRedis[tid:1] <ADVERTÊNCIA>: PROBLEM: Shutting down due to connection FAULT: Socket connect failed [cause: java.net.ConnectException: Conexão recusada] -- make sure the server is running at localhost:6379 - Connection: SYNCHRONOUS  localhost/127.0.0.1:6379 db:0 | SyncConnection@1705665942
01475611470504 Tue Oct 04 17:04:30 BRT 2016 JRedis[tid:1] <GRAVE>: Error creating connection -> Socket connect failed [cause: java.net.ConnectException: Conexão recusada] -- make sure the server is running at localhost:6379
01475611470505 Tue Oct 04 17:04:30 BRT 2016 JRedis[tid:1] <INFORMAÇÕES>: WARNING: heartbeat is disabled.
01475611470505 Tue Oct 04 17:04:30 BRT 2016 JRedis[tid:1] <ADVERTÊNCIA>: PROBLEM: Shutting down due to connection FAULT: Socket connect failed [cause: java.net.ConnectException: Conexão recusada] -- make sure the server is running at localhost:6379 - Connection: SYNCHRONOUS  localhost/127.0.0.1:6379 db:0 | SyncConnection@1731763384
01475611470505 Tue Oct 04 17:04:30 BRT 2016 JRedis[tid:1] <GRAVE>: Error creating connection -> Socket connect failed [cause: java.net.ConnectException: Conexão recusada] -- make sure the server is running at localhost:6379
]]></system-err>
  </testcase>
  <testcase name="testRemove[11]" classname="org.springframework.data.redis.support.collections.RedisListTests" time="0.001">
    <error message="Could not get a resource from the pool; nested exception is org.jredis.ClientRuntimeException: null reference:{connection on setConnection()} in method JRedisClient.setConnection() [file: JRedisClient.java line:158 - package: org.jredis.ri.alphazero] cause: =&gt; [IllegalArgumentException: null reference:{connection on setConnection()} in method JRedisClient.setConnection() [file: JRedisClient.java line:158 - package: org.jredis.ri.alphazero]]" type="org.springframework.data.redis.connection.PoolException">org.springframework.data.redis.connection.PoolException: Could not get a resource from the pool; nested exception is org.jredis.ClientRuntimeException: null reference:{connection on setConnection()} in method JRedisClient.setConnection() [file: JRedisClient.java line:158 - package: org.jredis.ri.alphazero] cause: => [IllegalArgumentException: null reference:{connection on setConnection()} in method JRedisClient.setConnection() [file: JRedisClient.java line:158 - package: org.jredis.ri.alphazero]]
Caused by: org.jredis.ClientRuntimeException: null reference:{connection on setConnection()} in method JRedisClient.setConnection() [file: JRedisClient.java line:158 - package: org.jredis.ri.alphazero] cause: => [IllegalArgumentException: null reference:{connection on setConnection()} in method JRedisClient.setConnection() [file: JRedisClient.java line:158 - package: org.jredis.ri.alphazero]]
Caused by: java.lang.IllegalArgumentException: null reference:{connection on setConnection()} in method JRedisClient.setConnection() [file: JRedisClient.java line:158 - package: org.jredis.ri.alphazero]
</error>
  </testcase>
  <testcase name="testCappedCollection[11]" classname="org.springframework.data.redis.support.collections.RedisListTests" time="0">
    <error message="Could not get a resource from the pool; nested exception is org.jredis.ClientRuntimeException: null reference:{connection on setConnection()} in method JRedisClient.setConnection() [file: JRedisClient.java line:158 - package: org.jredis.ri.alphazero] cause: =&gt; [IllegalArgumentException: null reference:{connection on setConnection()} in method JRedisClient.setConnection() [file: JRedisClient.java line:158 - package: org.jredis.ri.alphazero]]" type="org.springframework.data.redis.connection.PoolException">org.springframework.data.redis.connection.PoolException: Could not get a resource from the pool; nested exception is org.jredis.ClientRuntimeException: null reference:{connection on setConnection()} in method JRedisClient.setConnection() [file: JRedisClient.java line:158 - package: org.jredis.ri.alphazero] cause: => [IllegalArgumentException: null reference:{connection on setConnection()} in method JRedisClient.setConnection() [file: JRedisClient.java line:158 - package: org.jredis.ri.alphazero]]
Caused by: org.jredis.ClientRuntimeException: null reference:{connection on setConnection()} in method JRedisClient.setConnection() [file: JRedisClient.java line:158 - package: org.jredis.ri.alphazero] cause: => [IllegalArgumentException: null reference:{connection on setConnection()} in method JRedisClient.setConnection() [file: JRedisClient.java line:158 - package: org.jredis.ri.alphazero]]
Caused by: java.lang.IllegalArgumentException: null reference:{connection on setConnection()} in method JRedisClient.setConnection() [file: JRedisClient.java line:158 - package: org.jredis.ri.alphazero]
</error>
    <system-err><![CDATA[01475611470506 Tue Oct 04 17:04:30 BRT 2016 JRedis[tid:1] <INFORMAÇÕES>: WARNING: heartbeat is disabled.
01475611470506 Tue Oct 04 17:04:30 BRT 2016 JRedis[tid:1] <ADVERTÊNCIA>: PROBLEM: Shutting down due to connection FAULT: Socket connect failed [cause: java.net.ConnectException: Conexão recusada] -- make sure the server is running at localhost:6379 - Connection: SYNCHRONOUS  localhost/127.0.0.1:6379 db:0 | SyncConnection@285074186
01475611470506 Tue Oct 04 17:04:30 BRT 2016 JRedis[tid:1] <GRAVE>: Error creating connection -> Socket connect failed [cause: java.net.ConnectException: Conexão recusada] -- make sure the server is running at localhost:6379
01475611470506 Tue Oct 04 17:04:30 BRT 2016 JRedis[tid:1] <INFORMAÇÕES>: WARNING: heartbeat is disabled.
01475611470506 Tue Oct 04 17:04:30 BRT 2016 JRedis[tid:1] <ADVERTÊNCIA>: PROBLEM: Shutting down due to connection FAULT: Socket connect failed [cause: java.net.ConnectException: Conexão recusada] -- make sure the server is running at localhost:6379 - Connection: SYNCHRONOUS  localhost/127.0.0.1:6379 db:0 | SyncConnection@15892131
01475611470506 Tue Oct 04 17:04:30 BRT 2016 JRedis[tid:1] <GRAVE>: Error creating connection -> Socket connect failed [cause: java.net.ConnectException: Conexão recusada] -- make sure the server is running at localhost:6379
]]></system-err>
  </testcase>
  <testcase name="testCappedCollection[11]" classname="org.springframework.data.redis.support.collections.RedisListTests" time="0">
    <error message="Could not get a resource from the pool; nested exception is org.jredis.ClientRuntimeException: null reference:{connection on setConnection()} in method JRedisClient.setConnection() [file: JRedisClient.java line:158 - package: org.jredis.ri.alphazero] cause: =&gt; [IllegalArgumentException: null reference:{connection on setConnection()} in method JRedisClient.setConnection() [file: JRedisClient.java line:158 - package: org.jredis.ri.alphazero]]" type="org.springframework.data.redis.connection.PoolException">org.springframework.data.redis.connection.PoolException: Could not get a resource from the pool; nested exception is org.jredis.ClientRuntimeException: null reference:{connection on setConnection()} in method JRedisClient.setConnection() [file: JRedisClient.java line:158 - package: org.jredis.ri.alphazero] cause: => [IllegalArgumentException: null reference:{connection on setConnection()} in method JRedisClient.setConnection() [file: JRedisClient.java line:158 - package: org.jredis.ri.alphazero]]
Caused by: org.jredis.ClientRuntimeException: null reference:{connection on setConnection()} in method JRedisClient.setConnection() [file: JRedisClient.java line:158 - package: org.jredis.ri.alphazero] cause: => [IllegalArgumentException: null reference:{connection on setConnection()} in method JRedisClient.setConnection() [file: JRedisClient.java line:158 - package: org.jredis.ri.alphazero]]
Caused by: java.lang.IllegalArgumentException: null reference:{connection on setConnection()} in method JRedisClient.setConnection() [file: JRedisClient.java line:158 - package: org.jredis.ri.alphazero]
</error>
  </testcase>
  <testcase name="testRmoveLastOccurrence[11]" classname="org.springframework.data.redis.support.collections.RedisListTests" time="0">
    <error message="Could not get a resource from the pool; nested exception is org.jredis.ClientRuntimeException: null reference:{connection on setConnection()} in method JRedisClient.setConnection() [file: JRedisClient.java line:158 - package: org.jredis.ri.alphazero] cause: =&gt; [IllegalArgumentException: null reference:{connection on setConnection()} in method JRedisClient.setConnection() [file: JRedisClient.java line:158 - package: org.jredis.ri.alphazero]]" type="org.springframework.data.redis.connection.PoolException">org.springframework.data.redis.connection.PoolException: Could not get a resource from the pool; nested exception is org.jredis.ClientRuntimeException: null reference:{connection on setConnection()} in method JRedisClient.setConnection() [file: JRedisClient.java line:158 - package: org.jredis.ri.alphazero] cause: => [IllegalArgumentException: null reference:{connection on setConnection()} in method JRedisClient.setConnection() [file: JRedisClient.java line:158 - package: org.jredis.ri.alphazero]]
Caused by: org.jredis.ClientRuntimeException: null reference:{connection on setConnection()} in method JRedisClient.setConnection() [file: JRedisClient.java line:158 - package: org.jredis.ri.alphazero] cause: => [IllegalArgumentException: null reference:{connection on setConnection()} in method JRedisClient.setConnection() [file: JRedisClient.java line:158 - package: org.jredis.ri.alphazero]]
Caused by: java.lang.IllegalArgumentException: null reference:{connection on setConnection()} in method JRedisClient.setConnection() [file: JRedisClient.java line:158 - package: org.jredis.ri.alphazero]
</error>
    <system-err><![CDATA[01475611470507 Tue Oct 04 17:04:30 BRT 2016 JRedis[tid:1] <INFORMAÇÕES>: WARNING: heartbeat is disabled.
01475611470507 Tue Oct 04 17:04:30 BRT 2016 JRedis[tid:1] <ADVERTÊNCIA>: PROBLEM: Shutting down due to connection FAULT: Socket connect failed [cause: java.net.ConnectException: Conexão recusada] -- make sure the server is running at localhost:6379 - Connection: SYNCHRONOUS  localhost/127.0.0.1:6379 db:0 | SyncConnection@1274247563
01475611470507 Tue Oct 04 17:04:30 BRT 2016 JRedis[tid:1] <GRAVE>: Error creating connection -> Socket connect failed [cause: java.net.ConnectException: Conexão recusada] -- make sure the server is running at localhost:6379
01475611470508 Tue Oct 04 17:04:30 BRT 2016 JRedis[tid:1] <INFORMAÇÕES>: WARNING: heartbeat is disabled.
01475611470508 Tue Oct 04 17:04:30 BRT 2016 JRedis[tid:1] <ADVERTÊNCIA>: PROBLEM: Shutting down due to connection FAULT: Socket connect failed [cause: java.net.ConnectException: Conexão recusada] -- make sure the server is running at localhost:6379 - Connection: SYNCHRONOUS  localhost/127.0.0.1:6379 db:0 | SyncConnection@1483145520
01475611470508 Tue Oct 04 17:04:30 BRT 2016 JRedis[tid:1] <GRAVE>: Error creating connection -> Socket connect failed [cause: java.net.ConnectException: Conexão recusada] -- make sure the server is running at localhost:6379
]]></system-err>
  </testcase>
  <testcase name="testRmoveLastOccurrence[11]" classname="org.springframework.data.redis.support.collections.RedisListTests" time="0">
    <error message="Could not get a resource from the pool; nested exception is org.jredis.ClientRuntimeException: null reference:{connection on setConnection()} in method JRedisClient.setConnection() [file: JRedisClient.java line:158 - package: org.jredis.ri.alphazero] cause: =&gt; [IllegalArgumentException: null reference:{connection on setConnection()} in method JRedisClient.setConnection() [file: JRedisClient.java line:158 - package: org.jredis.ri.alphazero]]" type="org.springframework.data.redis.connection.PoolException">org.springframework.data.redis.connection.PoolException: Could not get a resource from the pool; nested exception is org.jredis.ClientRuntimeException: null reference:{connection on setConnection()} in method JRedisClient.setConnection() [file: JRedisClient.java line:158 - package: org.jredis.ri.alphazero] cause: => [IllegalArgumentException: null reference:{connection on setConnection()} in method JRedisClient.setConnection() [file: JRedisClient.java line:158 - package: org.jredis.ri.alphazero]]
Caused by: org.jredis.ClientRuntimeException: null reference:{connection on setConnection()} in method JRedisClient.setConnection() [file: JRedisClient.java line:158 - package: org.jredis.ri.alphazero] cause: => [IllegalArgumentException: null reference:{connection on setConnection()} in method JRedisClient.setConnection() [file: JRedisClient.java line:158 - package: org.jredis.ri.alphazero]]
Caused by: java.lang.IllegalArgumentException: null reference:{connection on setConnection()} in method JRedisClient.setConnection() [file: JRedisClient.java line:158 - package: org.jredis.ri.alphazero]
</error>
  </testcase>
  <testcase name="testTakeFirst[11]" classname="org.springframework.data.redis.support.collections.RedisListTests" time="0.01">
    <error message="Could not get a resource from the pool; nested exception is org.jredis.ClientRuntimeException: null reference:{connection on setConnection()} in method JRedisClient.setConnection() [file: JRedisClient.java line:158 - package: org.jredis.ri.alphazero] cause: =&gt; [IllegalArgumentException: null reference:{connection on setConnection()} in method JRedisClient.setConnection() [file: JRedisClient.java line:158 - package: org.jredis.ri.alphazero]]" type="org.springframework.data.redis.connection.PoolException">org.springframework.data.redis.connection.PoolException: Could not get a resource from the pool; nested exception is org.jredis.ClientRuntimeException: null reference:{connection on setConnection()} in method JRedisClient.setConnection() [file: JRedisClient.java line:158 - package: org.jredis.ri.alphazero] cause: => [IllegalArgumentException: null reference:{connection on setConnection()} in method JRedisClient.setConnection() [file: JRedisClient.java line:158 - package: org.jredis.ri.alphazero]]
Caused by: org.jredis.ClientRuntimeException: null reference:{connection on setConnection()} in method JRedisClient.setConnection() [file: JRedisClient.java line:158 - package: org.jredis.ri.alphazero] cause: => [IllegalArgumentException: null reference:{connection on setConnection()} in method JRedisClient.setConnection() [file: JRedisClient.java line:158 - package: org.jredis.ri.alphazero]]
Caused by: java.lang.IllegalArgumentException: null reference:{connection on setConnection()} in method JRedisClient.setConnection() [file: JRedisClient.java line:158 - package: org.jredis.ri.alphazero]
</error>
    <system-err><![CDATA[01475611470508 Tue Oct 04 17:04:30 BRT 2016 JRedis[tid:1] <INFORMAÇÕES>: WARNING: heartbeat is disabled.
01475611470509 Tue Oct 04 17:04:30 BRT 2016 JRedis[tid:1] <ADVERTÊNCIA>: PROBLEM: Shutting down due to connection FAULT: Socket connect failed [cause: java.net.ConnectException: Conexão recusada] -- make sure the server is running at localhost:6379 - Connection: SYNCHRONOUS  localhost/127.0.0.1:6379 db:0 | SyncConnection@1961129028
01475611470509 Tue Oct 04 17:04:30 BRT 2016 JRedis[tid:1] <GRAVE>: Error creating connection -> Socket connect failed [cause: java.net.ConnectException: Conexão recusada] -- make sure the server is running at localhost:6379
01475611470509 Tue Oct 04 17:04:30 BRT 2016 JRedis[tid:1] <INFORMAÇÕES>: WARNING: heartbeat is disabled.
01475611470509 Tue Oct 04 17:04:30 BRT 2016 JRedis[tid:1] <ADVERTÊNCIA>: PROBLEM: Shutting down due to connection FAULT: Socket connect failed [cause: java.net.ConnectException: Conexão recusada] -- make sure the server is running at localhost:6379 - Connection: SYNCHRONOUS  localhost/127.0.0.1:6379 db:0 | SyncConnection@163385254
01475611470509 Tue Oct 04 17:04:30 BRT 2016 JRedis[tid:1] <GRAVE>: Error creating connection -> Socket connect failed [cause: java.net.ConnectException: Conexão recusada] -- make sure the server is running at localhost:6379
]]></system-err>
  </testcase>
  <testcase name="testTakeFirst[11]" classname="org.springframework.data.redis.support.collections.RedisListTests" time="0.01">
    <error message="Could not get a resource from the pool; nested exception is org.jredis.ClientRuntimeException: null reference:{connection on setConnection()} in method JRedisClient.setConnection() [file: JRedisClient.java line:158 - package: org.jredis.ri.alphazero] cause: =&gt; [IllegalArgumentException: null reference:{connection on setConnection()} in method JRedisClient.setConnection() [file: JRedisClient.java line:158 - package: org.jredis.ri.alphazero]]" type="org.springframework.data.redis.connection.PoolException">org.springframework.data.redis.connection.PoolException: Could not get a resource from the pool; nested exception is org.jredis.ClientRuntimeException: null reference:{connection on setConnection()} in method JRedisClient.setConnection() [file: JRedisClient.java line:158 - package: org.jredis.ri.alphazero] cause: => [IllegalArgumentException: null reference:{connection on setConnection()} in method JRedisClient.setConnection() [file: JRedisClient.java line:158 - package: org.jredis.ri.alphazero]]
Caused by: org.jredis.ClientRuntimeException: null reference:{connection on setConnection()} in method JRedisClient.setConnection() [file: JRedisClient.java line:158 - package: org.jredis.ri.alphazero] cause: => [IllegalArgumentException: null reference:{connection on setConnection()} in method JRedisClient.setConnection() [file: JRedisClient.java line:158 - package: org.jredis.ri.alphazero]]
Caused by: java.lang.IllegalArgumentException: null reference:{connection on setConnection()} in method JRedisClient.setConnection() [file: JRedisClient.java line:158 - package: org.jredis.ri.alphazero]
</error>
  </testcase>
  <testcase name="testContainsObject[11]" classname="org.springframework.data.redis.support.collections.RedisListTests" time="0">
    <error message="Could not get a resource from the pool; nested exception is org.jredis.ClientRuntimeException: null reference:{connection on setConnection()} in method JRedisClient.setConnection() [file: JRedisClient.java line:158 - package: org.jredis.ri.alphazero] cause: =&gt; [IllegalArgumentException: null reference:{connection on setConnection()} in method JRedisClient.setConnection() [file: JRedisClient.java line:158 - package: org.jredis.ri.alphazero]]" type="org.springframework.data.redis.connection.PoolException">org.springframework.data.redis.connection.PoolException: Could not get a resource from the pool; nested exception is org.jredis.ClientRuntimeException: null reference:{connection on setConnection()} in method JRedisClient.setConnection() [file: JRedisClient.java line:158 - package: org.jredis.ri.alphazero] cause: => [IllegalArgumentException: null reference:{connection on setConnection()} in method JRedisClient.setConnection() [file: JRedisClient.java line:158 - package: org.jredis.ri.alphazero]]
Caused by: org.jredis.ClientRuntimeException: null reference:{connection on setConnection()} in method JRedisClient.setConnection() [file: JRedisClient.java line:158 - package: org.jredis.ri.alphazero] cause: => [IllegalArgumentException: null reference:{connection on setConnection()} in method JRedisClient.setConnection() [file: JRedisClient.java line:158 - package: org.jredis.ri.alphazero]]
Caused by: java.lang.IllegalArgumentException: null reference:{connection on setConnection()} in method JRedisClient.setConnection() [file: JRedisClient.java line:158 - package: org.jredis.ri.alphazero]
</error>
    <system-err><![CDATA[01475611470510 Tue Oct 04 17:04:30 BRT 2016 JRedis[tid:1] <INFORMAÇÕES>: WARNING: heartbeat is disabled.
01475611470510 Tue Oct 04 17:04:30 BRT 2016 JRedis[tid:1] <ADVERTÊNCIA>: PROBLEM: Shutting down due to connection FAULT: Socket connect failed [cause: java.net.ConnectException: Conexão recusada] -- make sure the server is running at localhost:6379 - Connection: SYNCHRONOUS  localhost/127.0.0.1:6379 db:0 | SyncConnection@1506938939
01475611470510 Tue Oct 04 17:04:30 BRT 2016 JRedis[tid:1] <GRAVE>: Error creating connection -> Socket connect failed [cause: java.net.ConnectException: Conexão recusada] -- make sure the server is running at localhost:6379
01475611470510 Tue Oct 04 17:04:30 BRT 2016 JRedis[tid:1] <INFORMAÇÕES>: WARNING: heartbeat is disabled.
01475611470510 Tue Oct 04 17:04:30 BRT 2016 JRedis[tid:1] <ADVERTÊNCIA>: PROBLEM: Shutting down due to connection FAULT: Socket connect failed [cause: java.net.ConnectException: Conexão recusada] -- make sure the server is running at localhost:6379 - Connection: SYNCHRONOUS  localhost/127.0.0.1:6379 db:0 | SyncConnection@970781872
01475611470510 Tue Oct 04 17:04:30 BRT 2016 JRedis[tid:1] <GRAVE>: Error creating connection -> Socket connect failed [cause: java.net.ConnectException: Conexão recusada] -- make sure the server is running at localhost:6379
]]></system-err>
  </testcase>
  <testcase name="testContainsObject[11]" classname="org.springframework.data.redis.support.collections.RedisListTests" time="0">
    <error message="Could not get a resource from the pool; nested exception is org.jredis.ClientRuntimeException: null reference:{connection on setConnection()} in method JRedisClient.setConnection() [file: JRedisClient.java line:158 - package: org.jredis.ri.alphazero] cause: =&gt; [IllegalArgumentException: null reference:{connection on setConnection()} in method JRedisClient.setConnection() [file: JRedisClient.java line:158 - package: org.jredis.ri.alphazero]]" type="org.springframework.data.redis.connection.PoolException">org.springframework.data.redis.connection.PoolException: Could not get a resource from the pool; nested exception is org.jredis.ClientRuntimeException: null reference:{connection on setConnection()} in method JRedisClient.setConnection() [file: JRedisClient.java line:158 - package: org.jredis.ri.alphazero] cause: => [IllegalArgumentException: null reference:{connection on setConnection()} in method JRedisClient.setConnection() [file: JRedisClient.java line:158 - package: org.jredis.ri.alphazero]]
Caused by: org.jredis.ClientRuntimeException: null reference:{connection on setConnection()} in method JRedisClient.setConnection() [file: JRedisClient.java line:158 - package: org.jredis.ri.alphazero] cause: => [IllegalArgumentException: null reference:{connection on setConnection()} in method JRedisClient.setConnection() [file: JRedisClient.java line:158 - package: org.jredis.ri.alphazero]]
Caused by: java.lang.IllegalArgumentException: null reference:{connection on setConnection()} in method JRedisClient.setConnection() [file: JRedisClient.java line:158 - package: org.jredis.ri.alphazero]
</error>
  </testcase>
  <testcase name="testToArray[11]" classname="org.springframework.data.redis.support.collections.RedisListTests" time="0">
    <error message="Could not get a resource from the pool; nested exception is org.jredis.ClientRuntimeException: null reference:{connection on setConnection()} in method JRedisClient.setConnection() [file: JRedisClient.java line:158 - package: org.jredis.ri.alphazero] cause: =&gt; [IllegalArgumentException: null reference:{connection on setConnection()} in method JRedisClient.setConnection() [file: JRedisClient.java line:158 - package: org.jredis.ri.alphazero]]" type="org.springframework.data.redis.connection.PoolException">org.springframework.data.redis.connection.PoolException: Could not get a resource from the pool; nested exception is org.jredis.ClientRuntimeException: null reference:{connection on setConnection()} in method JRedisClient.setConnection() [file: JRedisClient.java line:158 - package: org.jredis.ri.alphazero] cause: => [IllegalArgumentException: null reference:{connection on setConnection()} in method JRedisClient.setConnection() [file: JRedisClient.java line:158 - package: org.jredis.ri.alphazero]]
Caused by: org.jredis.ClientRuntimeException: null reference:{connection on setConnection()} in method JRedisClient.setConnection() [file: JRedisClient.java line:158 - package: org.jredis.ri.alphazero] cause: => [IllegalArgumentException: null reference:{connection on setConnection()} in method JRedisClient.setConnection() [file: JRedisClient.java line:158 - package: org.jredis.ri.alphazero]]
Caused by: java.lang.IllegalArgumentException: null reference:{connection on setConnection()} in method JRedisClient.setConnection() [file: JRedisClient.java line:158 - package: org.jredis.ri.alphazero]
</error>
    <system-err><![CDATA[01475611470511 Tue Oct 04 17:04:30 BRT 2016 JRedis[tid:1] <INFORMAÇÕES>: WARNING: heartbeat is disabled.
01475611470512 Tue Oct 04 17:04:30 BRT 2016 JRedis[tid:1] <ADVERTÊNCIA>: PROBLEM: Shutting down due to connection FAULT: Socket connect failed [cause: java.net.ConnectException: Conexão recusada] -- make sure the server is running at localhost:6379 - Connection: SYNCHRONOUS  localhost/127.0.0.1:6379 db:0 | SyncConnection@1190566357
01475611470512 Tue Oct 04 17:04:30 BRT 2016 JRedis[tid:1] <GRAVE>: Error creating connection -> Socket connect failed [cause: java.net.ConnectException: Conexão recusada] -- make sure the server is running at localhost:6379
01475611470512 Tue Oct 04 17:04:30 BRT 2016 JRedis[tid:1] <INFORMAÇÕES>: WARNING: heartbeat is disabled.
01475611470512 Tue Oct 04 17:04:30 BRT 2016 JRedis[tid:1] <ADVERTÊNCIA>: PROBLEM: Shutting down due to connection FAULT: Socket connect failed [cause: java.net.ConnectException: Conexão recusada] -- make sure the server is running at localhost:6379 - Connection: SYNCHRONOUS  localhost/127.0.0.1:6379 db:0 | SyncConnection@407997647
01475611470512 Tue Oct 04 17:04:30 BRT 2016 JRedis[tid:1] <GRAVE>: Error creating connection -> Socket connect failed [cause: java.net.ConnectException: Conexão recusada] -- make sure the server is running at localhost:6379
]]></system-err>
  </testcase>
  <testcase name="testToArray[11]" classname="org.springframework.data.redis.support.collections.RedisListTests" time="0">
    <error message="Could not get a resource from the pool; nested exception is org.jredis.ClientRuntimeException: null reference:{connection on setConnection()} in method JRedisClient.setConnection() [file: JRedisClient.java line:158 - package: org.jredis.ri.alphazero] cause: =&gt; [IllegalArgumentException: null reference:{connection on setConnection()} in method JRedisClient.setConnection() [file: JRedisClient.java line:158 - package: org.jredis.ri.alphazero]]" type="org.springframework.data.redis.connection.PoolException">org.springframework.data.redis.connection.PoolException: Could not get a resource from the pool; nested exception is org.jredis.ClientRuntimeException: null reference:{connection on setConnection()} in method JRedisClient.setConnection() [file: JRedisClient.java line:158 - package: org.jredis.ri.alphazero] cause: => [IllegalArgumentException: null reference:{connection on setConnection()} in method JRedisClient.setConnection() [file: JRedisClient.java line:158 - package: org.jredis.ri.alphazero]]
Caused by: org.jredis.ClientRuntimeException: null reference:{connection on setConnection()} in method JRedisClient.setConnection() [file: JRedisClient.java line:158 - package: org.jredis.ri.alphazero] cause: => [IllegalArgumentException: null reference:{connection on setConnection()} in method JRedisClient.setConnection() [file: JRedisClient.java line:158 - package: org.jredis.ri.alphazero]]
Caused by: java.lang.IllegalArgumentException: null reference:{connection on setConnection()} in method JRedisClient.setConnection() [file: JRedisClient.java line:158 - package: org.jredis.ri.alphazero]
</error>
  </testcase>
  <testcase name="testAdd[11]" classname="org.springframework.data.redis.support.collections.RedisListTests" time="0">
    <error message="Could not get a resource from the pool; nested exception is org.jredis.ClientRuntimeException: null reference:{connection on setConnection()} in method JRedisClient.setConnection() [file: JRedisClient.java line:158 - package: org.jredis.ri.alphazero] cause: =&gt; [IllegalArgumentException: null reference:{connection on setConnection()} in method JRedisClient.setConnection() [file: JRedisClient.java line:158 - package: org.jredis.ri.alphazero]]" type="org.springframework.data.redis.connection.PoolException">org.springframework.data.redis.connection.PoolException: Could not get a resource from the pool; nested exception is org.jredis.ClientRuntimeException: null reference:{connection on setConnection()} in method JRedisClient.setConnection() [file: JRedisClient.java line:158 - package: org.jredis.ri.alphazero] cause: => [IllegalArgumentException: null reference:{connection on setConnection()} in method JRedisClient.setConnection() [file: JRedisClient.java line:158 - package: org.jredis.ri.alphazero]]
Caused by: org.jredis.ClientRuntimeException: null reference:{connection on setConnection()} in method JRedisClient.setConnection() [file: JRedisClient.java line:158 - package: org.jredis.ri.alphazero] cause: => [IllegalArgumentException: null reference:{connection on setConnection()} in method JRedisClient.setConnection() [file: JRedisClient.java line:158 - package: org.jredis.ri.alphazero]]
Caused by: java.lang.IllegalArgumentException: null reference:{connection on setConnection()} in method JRedisClient.setConnection() [file: JRedisClient.java line:158 - package: org.jredis.ri.alphazero]
</error>
    <system-err><![CDATA[01475611470513 Tue Oct 04 17:04:30 BRT 2016 JRedis[tid:1] <INFORMAÇÕES>: WARNING: heartbeat is disabled.
01475611470513 Tue Oct 04 17:04:30 BRT 2016 JRedis[tid:1] <ADVERTÊNCIA>: PROBLEM: Shutting down due to connection FAULT: Socket connect failed [cause: java.net.ConnectException: Conexão recusada] -- make sure the server is running at localhost:6379 - Connection: SYNCHRONOUS  localhost/127.0.0.1:6379 db:0 | SyncConnection@80141040
01475611470513 Tue Oct 04 17:04:30 BRT 2016 JRedis[tid:1] <GRAVE>: Error creating connection -> Socket connect failed [cause: java.net.ConnectException: Conexão recusada] -- make sure the server is running at localhost:6379
01475611470513 Tue Oct 04 17:04:30 BRT 2016 JRedis[tid:1] <INFORMAÇÕES>: WARNING: heartbeat is disabled.
01475611470514 Tue Oct 04 17:04:30 BRT 2016 JRedis[tid:1] <ADVERTÊNCIA>: PROBLEM: Shutting down due to connection FAULT: Socket connect failed [cause: java.net.ConnectException: Conexão recusada] -- make sure the server is running at localhost:6379 - Connection: SYNCHRONOUS  localhost/127.0.0.1:6379 db:0 | SyncConnection@275056979
01475611470514 Tue Oct 04 17:04:30 BRT 2016 JRedis[tid:1] <GRAVE>: Error creating connection -> Socket connect failed [cause: java.net.ConnectException: Conexão recusada] -- make sure the server is running at localhost:6379
]]></system-err>
  </testcase>
  <testcase name="testAdd[11]" classname="org.springframework.data.redis.support.collections.RedisListTests" time="0">
    <error message="Could not get a resource from the pool; nested exception is org.jredis.ClientRuntimeException: null reference:{connection on setConnection()} in method JRedisClient.setConnection() [file: JRedisClient.java line:158 - package: org.jredis.ri.alphazero] cause: =&gt; [IllegalArgumentException: null reference:{connection on setConnection()} in method JRedisClient.setConnection() [file: JRedisClient.java line:158 - package: org.jredis.ri.alphazero]]" type="org.springframework.data.redis.connection.PoolException">org.springframework.data.redis.connection.PoolException: Could not get a resource from the pool; nested exception is org.jredis.ClientRuntimeException: null reference:{connection on setConnection()} in method JRedisClient.setConnection() [file: JRedisClient.java line:158 - package: org.jredis.ri.alphazero] cause: => [IllegalArgumentException: null reference:{connection on setConnection()} in method JRedisClient.setConnection() [file: JRedisClient.java line:158 - package: org.jredis.ri.alphazero]]
Caused by: org.jredis.ClientRuntimeException: null reference:{connection on setConnection()} in method JRedisClient.setConnection() [file: JRedisClient.java line:158 - package: org.jredis.ri.alphazero] cause: => [IllegalArgumentException: null reference:{connection on setConnection()} in method JRedisClient.setConnection() [file: JRedisClient.java line:158 - package: org.jredis.ri.alphazero]]
Caused by: java.lang.IllegalArgumentException: null reference:{connection on setConnection()} in method JRedisClient.setConnection() [file: JRedisClient.java line:158 - package: org.jredis.ri.alphazero]
</error>
  </testcase>
  <testcase name="testClear[11]" classname="org.springframework.data.redis.support.collections.RedisListTests" time="0">
    <error message="Could not get a resource from the pool; nested exception is org.jredis.ClientRuntimeException: null reference:{connection on setConnection()} in method JRedisClient.setConnection() [file: JRedisClient.java line:158 - package: org.jredis.ri.alphazero] cause: =&gt; [IllegalArgumentException: null reference:{connection on setConnection()} in method JRedisClient.setConnection() [file: JRedisClient.java line:158 - package: org.jredis.ri.alphazero]]" type="org.springframework.data.redis.connection.PoolException">org.springframework.data.redis.connection.PoolException: Could not get a resource from the pool; nested exception is org.jredis.ClientRuntimeException: null reference:{connection on setConnection()} in method JRedisClient.setConnection() [file: JRedisClient.java line:158 - package: org.jredis.ri.alphazero] cause: => [IllegalArgumentException: null reference:{connection on setConnection()} in method JRedisClient.setConnection() [file: JRedisClient.java line:158 - package: org.jredis.ri.alphazero]]
Caused by: org.jredis.ClientRuntimeException: null reference:{connection on setConnection()} in method JRedisClient.setConnection() [file: JRedisClient.java line:158 - package: org.jredis.ri.alphazero] cause: => [IllegalArgumentException: null reference:{connection on setConnection()} in method JRedisClient.setConnection() [file: JRedisClient.java line:158 - package: org.jredis.ri.alphazero]]
Caused by: java.lang.IllegalArgumentException: null reference:{connection on setConnection()} in method JRedisClient.setConnection() [file: JRedisClient.java line:158 - package: org.jredis.ri.alphazero]
</error>
    <system-err><![CDATA[01475611470514 Tue Oct 04 17:04:30 BRT 2016 JRedis[tid:1] <INFORMAÇÕES>: WARNING: heartbeat is disabled.
01475611470514 Tue Oct 04 17:04:30 BRT 2016 JRedis[tid:1] <ADVERTÊNCIA>: PROBLEM: Shutting down due to connection FAULT: Socket connect failed [cause: java.net.ConnectException: Conexão recusada] -- make sure the server is running at localhost:6379 - Connection: SYNCHRONOUS  localhost/127.0.0.1:6379 db:0 | SyncConnection@106557175
01475611470514 Tue Oct 04 17:04:30 BRT 2016 JRedis[tid:1] <GRAVE>: Error creating connection -> Socket connect failed [cause: java.net.ConnectException: Conexão recusada] -- make sure the server is running at localhost:6379
01475611470515 Tue Oct 04 17:04:30 BRT 2016 JRedis[tid:1] <INFORMAÇÕES>: WARNING: heartbeat is disabled.
01475611470515 Tue Oct 04 17:04:30 BRT 2016 JRedis[tid:1] <ADVERTÊNCIA>: PROBLEM: Shutting down due to connection FAULT: Socket connect failed [cause: java.net.ConnectException: Conexão recusada] -- make sure the server is running at localhost:6379 - Connection: SYNCHRONOUS  localhost/127.0.0.1:6379 db:0 | SyncConnection@371976476
01475611470515 Tue Oct 04 17:04:30 BRT 2016 JRedis[tid:1] <GRAVE>: Error creating connection -> Socket connect failed [cause: java.net.ConnectException: Conexão recusada] -- make sure the server is running at localhost:6379
]]></system-err>
  </testcase>
  <testcase name="testClear[11]" classname="org.springframework.data.redis.support.collections.RedisListTests" time="0">
    <error message="Could not get a resource from the pool; nested exception is org.jredis.ClientRuntimeException: null reference:{connection on setConnection()} in method JRedisClient.setConnection() [file: JRedisClient.java line:158 - package: org.jredis.ri.alphazero] cause: =&gt; [IllegalArgumentException: null reference:{connection on setConnection()} in method JRedisClient.setConnection() [file: JRedisClient.java line:158 - package: org.jredis.ri.alphazero]]" type="org.springframework.data.redis.connection.PoolException">org.springframework.data.redis.connection.PoolException: Could not get a resource from the pool; nested exception is org.jredis.ClientRuntimeException: null reference:{connection on setConnection()} in method JRedisClient.setConnection() [file: JRedisClient.java line:158 - package: org.jredis.ri.alphazero] cause: => [IllegalArgumentException: null reference:{connection on setConnection()} in method JRedisClient.setConnection() [file: JRedisClient.java line:158 - package: org.jredis.ri.alphazero]]
Caused by: org.jredis.ClientRuntimeException: null reference:{connection on setConnection()} in method JRedisClient.setConnection() [file: JRedisClient.java line:158 - package: org.jredis.ri.alphazero] cause: => [IllegalArgumentException: null reference:{connection on setConnection()} in method JRedisClient.setConnection() [file: JRedisClient.java line:158 - package: org.jredis.ri.alphazero]]
Caused by: java.lang.IllegalArgumentException: null reference:{connection on setConnection()} in method JRedisClient.setConnection() [file: JRedisClient.java line:158 - package: org.jredis.ri.alphazero]
</error>
  </testcase>
  <testcase name="testSize[11]" classname="org.springframework.data.redis.support.collections.RedisListTests" time="0.001">
    <error message="Could not get a resource from the pool; nested exception is org.jredis.ClientRuntimeException: null reference:{connection on setConnection()} in method JRedisClient.setConnection() [file: JRedisClient.java line:158 - package: org.jredis.ri.alphazero] cause: =&gt; [IllegalArgumentException: null reference:{connection on setConnection()} in method JRedisClient.setConnection() [file: JRedisClient.java line:158 - package: org.jredis.ri.alphazero]]" type="org.springframework.data.redis.connection.PoolException">org.springframework.data.redis.connection.PoolException: Could not get a resource from the pool; nested exception is org.jredis.ClientRuntimeException: null reference:{connection on setConnection()} in method JRedisClient.setConnection() [file: JRedisClient.java line:158 - package: org.jredis.ri.alphazero] cause: => [IllegalArgumentException: null reference:{connection on setConnection()} in method JRedisClient.setConnection() [file: JRedisClient.java line:158 - package: org.jredis.ri.alphazero]]
Caused by: org.jredis.ClientRuntimeException: null reference:{connection on setConnection()} in method JRedisClient.setConnection() [file: JRedisClient.java line:158 - package: org.jredis.ri.alphazero] cause: => [IllegalArgumentException: null reference:{connection on setConnection()} in method JRedisClient.setConnection() [file: JRedisClient.java line:158 - package: org.jredis.ri.alphazero]]
Caused by: java.lang.IllegalArgumentException: null reference:{connection on setConnection()} in method JRedisClient.setConnection() [file: JRedisClient.java line:158 - package: org.jredis.ri.alphazero]
</error>
    <system-err><![CDATA[01475611470516 Tue Oct 04 17:04:30 BRT 2016 JRedis[tid:1] <INFORMAÇÕES>: WARNING: heartbeat is disabled.
01475611470516 Tue Oct 04 17:04:30 BRT 2016 JRedis[tid:1] <ADVERTÊNCIA>: PROBLEM: Shutting down due to connection FAULT: Socket connect failed [cause: java.net.ConnectException: Conexão recusada] -- make sure the server is running at localhost:6379 - Connection: SYNCHRONOUS  localhost/127.0.0.1:6379 db:0 | SyncConnection@612937843
01475611470516 Tue Oct 04 17:04:30 BRT 2016 JRedis[tid:1] <GRAVE>: Error creating connection -> Socket connect failed [cause: java.net.ConnectException: Conexão recusada] -- make sure the server is running at localhost:6379
01475611470516 Tue Oct 04 17:04:30 BRT 2016 JRedis[tid:1] <INFORMAÇÕES>: WARNING: heartbeat is disabled.
01475611470516 Tue Oct 04 17:04:30 BRT 2016 JRedis[tid:1] <ADVERTÊNCIA>: PROBLEM: Shutting down due to connection FAULT: Socket connect failed [cause: java.net.ConnectException: Conexão recusada] -- make sure the server is running at localhost:6379 - Connection: SYNCHRONOUS  localhost/127.0.0.1:6379 db:0 | SyncConnection@480184864
01475611470516 Tue Oct 04 17:04:30 BRT 2016 JRedis[tid:1] <GRAVE>: Error creating connection -> Socket connect failed [cause: java.net.ConnectException: Conexão recusada] -- make sure the server is running at localhost:6379
]]></system-err>
  </testcase>
  <testcase name="testSize[11]" classname="org.springframework.data.redis.support.collections.RedisListTests" time="0.001">
    <error message="Could not get a resource from the pool; nested exception is org.jredis.ClientRuntimeException: null reference:{connection on setConnection()} in method JRedisClient.setConnection() [file: JRedisClient.java line:158 - package: org.jredis.ri.alphazero] cause: =&gt; [IllegalArgumentException: null reference:{connection on setConnection()} in method JRedisClient.setConnection() [file: JRedisClient.java line:158 - package: org.jredis.ri.alphazero]]" type="org.springframework.data.redis.connection.PoolException">org.springframework.data.redis.connection.PoolException: Could not get a resource from the pool; nested exception is org.jredis.ClientRuntimeException: null reference:{connection on setConnection()} in method JRedisClient.setConnection() [file: JRedisClient.java line:158 - package: org.jredis.ri.alphazero] cause: => [IllegalArgumentException: null reference:{connection on setConnection()} in method JRedisClient.setConnection() [file: JRedisClient.java line:158 - package: org.jredis.ri.alphazero]]
Caused by: org.jredis.ClientRuntimeException: null reference:{connection on setConnection()} in method JRedisClient.setConnection() [file: JRedisClient.java line:158 - package: org.jredis.ri.alphazero] cause: => [IllegalArgumentException: null reference:{connection on setConnection()} in method JRedisClient.setConnection() [file: JRedisClient.java line:158 - package: org.jredis.ri.alphazero]]
Caused by: java.lang.IllegalArgumentException: null reference:{connection on setConnection()} in method JRedisClient.setConnection() [file: JRedisClient.java line:158 - package: org.jredis.ri.alphazero]
</error>
  </testcase>
  <testcase name="testToString[11]" classname="org.springframework.data.redis.support.collections.RedisListTests" time="0">
    <error message="Could not get a resource from the pool; nested exception is org.jredis.ClientRuntimeException: null reference:{connection on setConnection()} in method JRedisClient.setConnection() [file: JRedisClient.java line:158 - package: org.jredis.ri.alphazero] cause: =&gt; [IllegalArgumentException: null reference:{connection on setConnection()} in method JRedisClient.setConnection() [file: JRedisClient.java line:158 - package: org.jredis.ri.alphazero]]" type="org.springframework.data.redis.connection.PoolException">org.springframework.data.redis.connection.PoolException: Could not get a resource from the pool; nested exception is org.jredis.ClientRuntimeException: null reference:{connection on setConnection()} in method JRedisClient.setConnection() [file: JRedisClient.java line:158 - package: org.jredis.ri.alphazero] cause: => [IllegalArgumentException: null reference:{connection on setConnection()} in method JRedisClient.setConnection() [file: JRedisClient.java line:158 - package: org.jredis.ri.alphazero]]
Caused by: org.jredis.ClientRuntimeException: null reference:{connection on setConnection()} in method JRedisClient.setConnection() [file: JRedisClient.java line:158 - package: org.jredis.ri.alphazero] cause: => [IllegalArgumentException: null reference:{connection on setConnection()} in method JRedisClient.setConnection() [file: JRedisClient.java line:158 - package: org.jredis.ri.alphazero]]
Caused by: java.lang.IllegalArgumentException: null reference:{connection on setConnection()} in method JRedisClient.setConnection() [file: JRedisClient.java line:158 - package: org.jredis.ri.alphazero]
</error>
    <system-err><![CDATA[01475611470517 Tue Oct 04 17:04:30 BRT 2016 JRedis[tid:1] <INFORMAÇÕES>: WARNING: heartbeat is disabled.
01475611470517 Tue Oct 04 17:04:30 BRT 2016 JRedis[tid:1] <ADVERTÊNCIA>: PROBLEM: Shutting down due to connection FAULT: Socket connect failed [cause: java.net.ConnectException: Conexão recusada] -- make sure the server is running at localhost:6379 - Connection: SYNCHRONOUS  localhost/127.0.0.1:6379 db:0 | SyncConnection@2109219177
01475611470517 Tue Oct 04 17:04:30 BRT 2016 JRedis[tid:1] <GRAVE>: Error creating connection -> Socket connect failed [cause: java.net.ConnectException: Conexão recusada] -- make sure the server is running at localhost:6379
01475611470517 Tue Oct 04 17:04:30 BRT 2016 JRedis[tid:1] <INFORMAÇÕES>: WARNING: heartbeat is disabled.
01475611470518 Tue Oct 04 17:04:30 BRT 2016 JRedis[tid:1] <ADVERTÊNCIA>: PROBLEM: Shutting down due to connection FAULT: Socket connect failed [cause: java.net.ConnectException: Conexão recusada] -- make sure the server is running at localhost:6379 - Connection: SYNCHRONOUS  localhost/127.0.0.1:6379 db:0 | SyncConnection@429058804
01475611470518 Tue Oct 04 17:04:30 BRT 2016 JRedis[tid:1] <GRAVE>: Error creating connection -> Socket connect failed [cause: java.net.ConnectException: Conexão recusada] -- make sure the server is running at localhost:6379
]]></system-err>
  </testcase>
  <testcase name="testToString[11]" classname="org.springframework.data.redis.support.collections.RedisListTests" time="0">
    <error message="Could not get a resource from the pool; nested exception is org.jredis.ClientRuntimeException: null reference:{connection on setConnection()} in method JRedisClient.setConnection() [file: JRedisClient.java line:158 - package: org.jredis.ri.alphazero] cause: =&gt; [IllegalArgumentException: null reference:{connection on setConnection()} in method JRedisClient.setConnection() [file: JRedisClient.java line:158 - package: org.jredis.ri.alphazero]]" type="org.springframework.data.redis.connection.PoolException">org.springframework.data.redis.connection.PoolException: Could not get a resource from the pool; nested exception is org.jredis.ClientRuntimeException: null reference:{connection on setConnection()} in method JRedisClient.setConnection() [file: JRedisClient.java line:158 - package: org.jredis.ri.alphazero] cause: => [IllegalArgumentException: null reference:{connection on setConnection()} in method JRedisClient.setConnection() [file: JRedisClient.java line:158 - package: org.jredis.ri.alphazero]]
Caused by: org.jredis.ClientRuntimeException: null reference:{connection on setConnection()} in method JRedisClient.setConnection() [file: JRedisClient.java line:158 - package: org.jredis.ri.alphazero] cause: => [IllegalArgumentException: null reference:{connection on setConnection()} in method JRedisClient.setConnection() [file: JRedisClient.java line:158 - package: org.jredis.ri.alphazero]]
Caused by: java.lang.IllegalArgumentException: null reference:{connection on setConnection()} in method JRedisClient.setConnection() [file: JRedisClient.java line:158 - package: org.jredis.ri.alphazero]
</error>
  </testcase>
  <testcase name="testContainsAll[11]" classname="org.springframework.data.redis.support.collections.RedisListTests" time="0">
    <error message="Could not get a resource from the pool; nested exception is org.jredis.ClientRuntimeException: null reference:{connection on setConnection()} in method JRedisClient.setConnection() [file: JRedisClient.java line:158 - package: org.jredis.ri.alphazero] cause: =&gt; [IllegalArgumentException: null reference:{connection on setConnection()} in method JRedisClient.setConnection() [file: JRedisClient.java line:158 - package: org.jredis.ri.alphazero]]" type="org.springframework.data.redis.connection.PoolException">org.springframework.data.redis.connection.PoolException: Could not get a resource from the pool; nested exception is org.jredis.ClientRuntimeException: null reference:{connection on setConnection()} in method JRedisClient.setConnection() [file: JRedisClient.java line:158 - package: org.jredis.ri.alphazero] cause: => [IllegalArgumentException: null reference:{connection on setConnection()} in method JRedisClient.setConnection() [file: JRedisClient.java line:158 - package: org.jredis.ri.alphazero]]
Caused by: org.jredis.ClientRuntimeException: null reference:{connection on setConnection()} in method JRedisClient.setConnection() [file: JRedisClient.java line:158 - package: org.jredis.ri.alphazero] cause: => [IllegalArgumentException: null reference:{connection on setConnection()} in method JRedisClient.setConnection() [file: JRedisClient.java line:158 - package: org.jredis.ri.alphazero]]
Caused by: java.lang.IllegalArgumentException: null reference:{connection on setConnection()} in method JRedisClient.setConnection() [file: JRedisClient.java line:158 - package: org.jredis.ri.alphazero]
</error>
    <system-err><![CDATA[01475611470518 Tue Oct 04 17:04:30 BRT 2016 JRedis[tid:1] <INFORMAÇÕES>: WARNING: heartbeat is disabled.
01475611470519 Tue Oct 04 17:04:30 BRT 2016 JRedis[tid:1] <ADVERTÊNCIA>: PROBLEM: Shutting down due to connection FAULT: Socket connect failed [cause: java.net.ConnectException: Conexão recusada] -- make sure the server is running at localhost:6379 - Connection: SYNCHRONOUS  localhost/127.0.0.1:6379 db:0 | SyncConnection@1059634518
01475611470519 Tue Oct 04 17:04:30 BRT 2016 JRedis[tid:1] <GRAVE>: Error creating connection -> Socket connect failed [cause: java.net.ConnectException: Conexão recusada] -- make sure the server is running at localhost:6379
01475611470519 Tue Oct 04 17:04:30 BRT 2016 JRedis[tid:1] <INFORMAÇÕES>: WARNING: heartbeat is disabled.
01475611470519 Tue Oct 04 17:04:30 BRT 2016 JRedis[tid:1] <ADVERTÊNCIA>: PROBLEM: Shutting down due to connection FAULT: Socket connect failed [cause: java.net.ConnectException: Conexão recusada] -- make sure the server is running at localhost:6379 - Connection: SYNCHRONOUS  localhost/127.0.0.1:6379 db:0 | SyncConnection@836969741
01475611470519 Tue Oct 04 17:04:30 BRT 2016 JRedis[tid:1] <GRAVE>: Error creating connection -> Socket connect failed [cause: java.net.ConnectException: Conexão recusada] -- make sure the server is running at localhost:6379
]]></system-err>
  </testcase>
  <testcase name="testContainsAll[11]" classname="org.springframework.data.redis.support.collections.RedisListTests" time="0">
    <error message="Could not get a resource from the pool; nested exception is org.jredis.ClientRuntimeException: null reference:{connection on setConnection()} in method JRedisClient.setConnection() [file: JRedisClient.java line:158 - package: org.jredis.ri.alphazero] cause: =&gt; [IllegalArgumentException: null reference:{connection on setConnection()} in method JRedisClient.setConnection() [file: JRedisClient.java line:158 - package: org.jredis.ri.alphazero]]" type="org.springframework.data.redis.connection.PoolException">org.springframework.data.redis.connection.PoolException: Could not get a resource from the pool; nested exception is org.jredis.ClientRuntimeException: null reference:{connection on setConnection()} in method JRedisClient.setConnection() [file: JRedisClient.java line:158 - package: org.jredis.ri.alphazero] cause: => [IllegalArgumentException: null reference:{connection on setConnection()} in method JRedisClient.setConnection() [file: JRedisClient.java line:158 - package: org.jredis.ri.alphazero]]
Caused by: org.jredis.ClientRuntimeException: null reference:{connection on setConnection()} in method JRedisClient.setConnection() [file: JRedisClient.java line:158 - package: org.jredis.ri.alphazero] cause: => [IllegalArgumentException: null reference:{connection on setConnection()} in method JRedisClient.setConnection() [file: JRedisClient.java line:158 - package: org.jredis.ri.alphazero]]
Caused by: java.lang.IllegalArgumentException: null reference:{connection on setConnection()} in method JRedisClient.setConnection() [file: JRedisClient.java line:158 - package: org.jredis.ri.alphazero]
</error>
  </testcase>
  <testcase name="testRemoveObject[11]" classname="org.springframework.data.redis.support.collections.RedisListTests" time="0">
    <error message="Could not get a resource from the pool; nested exception is org.jredis.ClientRuntimeException: null reference:{connection on setConnection()} in method JRedisClient.setConnection() [file: JRedisClient.java line:158 - package: org.jredis.ri.alphazero] cause: =&gt; [IllegalArgumentException: null reference:{connection on setConnection()} in method JRedisClient.setConnection() [file: JRedisClient.java line:158 - package: org.jredis.ri.alphazero]]" type="org.springframework.data.redis.connection.PoolException">org.springframework.data.redis.connection.PoolException: Could not get a resource from the pool; nested exception is org.jredis.ClientRuntimeException: null reference:{connection on setConnection()} in method JRedisClient.setConnection() [file: JRedisClient.java line:158 - package: org.jredis.ri.alphazero] cause: => [IllegalArgumentException: null reference:{connection on setConnection()} in method JRedisClient.setConnection() [file: JRedisClient.java line:158 - package: org.jredis.ri.alphazero]]
Caused by: org.jredis.ClientRuntimeException: null reference:{connection on setConnection()} in method JRedisClient.setConnection() [file: JRedisClient.java line:158 - package: org.jredis.ri.alphazero] cause: => [IllegalArgumentException: null reference:{connection on setConnection()} in method JRedisClient.setConnection() [file: JRedisClient.java line:158 - package: org.jredis.ri.alphazero]]
Caused by: java.lang.IllegalArgumentException: null reference:{connection on setConnection()} in method JRedisClient.setConnection() [file: JRedisClient.java line:158 - package: org.jredis.ri.alphazero]
</error>
    <system-err><![CDATA[01475611470520 Tue Oct 04 17:04:30 BRT 2016 JRedis[tid:1] <INFORMAÇÕES>: WARNING: heartbeat is disabled.
01475611470520 Tue Oct 04 17:04:30 BRT 2016 JRedis[tid:1] <ADVERTÊNCIA>: PROBLEM: Shutting down due to connection FAULT: Socket connect failed [cause: java.net.ConnectException: Conexão recusada] -- make sure the server is running at localhost:6379 - Connection: SYNCHRONOUS  localhost/127.0.0.1:6379 db:0 | SyncConnection@436094532
01475611470520 Tue Oct 04 17:04:30 BRT 2016 JRedis[tid:1] <GRAVE>: Error creating connection -> Socket connect failed [cause: java.net.ConnectException: Conexão recusada] -- make sure the server is running at localhost:6379
01475611470520 Tue Oct 04 17:04:30 BRT 2016 JRedis[tid:1] <INFORMAÇÕES>: WARNING: heartbeat is disabled.
01475611470520 Tue Oct 04 17:04:30 BRT 2016 JRedis[tid:1] <ADVERTÊNCIA>: PROBLEM: Shutting down due to connection FAULT: Socket connect failed [cause: java.net.ConnectException: Conexão recusada] -- make sure the server is running at localhost:6379 - Connection: SYNCHRONOUS  localhost/127.0.0.1:6379 db:0 | SyncConnection@567852222
01475611470520 Tue Oct 04 17:04:30 BRT 2016 JRedis[tid:1] <GRAVE>: Error creating connection -> Socket connect failed [cause: java.net.ConnectException: Conexão recusada] -- make sure the server is running at localhost:6379
]]></system-err>
  </testcase>
  <testcase name="testRemoveObject[11]" classname="org.springframework.data.redis.support.collections.RedisListTests" time="0">
    <error message="Could not get a resource from the pool; nested exception is org.jredis.ClientRuntimeException: null reference:{connection on setConnection()} in method JRedisClient.setConnection() [file: JRedisClient.java line:158 - package: org.jredis.ri.alphazero] cause: =&gt; [IllegalArgumentException: null reference:{connection on setConnection()} in method JRedisClient.setConnection() [file: JRedisClient.java line:158 - package: org.jredis.ri.alphazero]]" type="org.springframework.data.redis.connection.PoolException">org.springframework.data.redis.connection.PoolException: Could not get a resource from the pool; nested exception is org.jredis.ClientRuntimeException: null reference:{connection on setConnection()} in method JRedisClient.setConnection() [file: JRedisClient.java line:158 - package: org.jredis.ri.alphazero] cause: => [IllegalArgumentException: null reference:{connection on setConnection()} in method JRedisClient.setConnection() [file: JRedisClient.java line:158 - package: org.jredis.ri.alphazero]]
Caused by: org.jredis.ClientRuntimeException: null reference:{connection on setConnection()} in method JRedisClient.setConnection() [file: JRedisClient.java line:158 - package: org.jredis.ri.alphazero] cause: => [IllegalArgumentException: null reference:{connection on setConnection()} in method JRedisClient.setConnection() [file: JRedisClient.java line:158 - package: org.jredis.ri.alphazero]]
Caused by: java.lang.IllegalArgumentException: null reference:{connection on setConnection()} in method JRedisClient.setConnection() [file: JRedisClient.java line:158 - package: org.jredis.ri.alphazero]
</error>
  </testcase>
  <testcase name="testHashCode[11]" classname="org.springframework.data.redis.support.collections.RedisListTests" time="0.017">
    <error message="Could not get a resource from the pool; nested exception is org.jredis.ClientRuntimeException: null reference:{connection on setConnection()} in method JRedisClient.setConnection() [file: JRedisClient.java line:158 - package: org.jredis.ri.alphazero] cause: =&gt; [IllegalArgumentException: null reference:{connection on setConnection()} in method JRedisClient.setConnection() [file: JRedisClient.java line:158 - package: org.jredis.ri.alphazero]]" type="org.springframework.data.redis.connection.PoolException">org.springframework.data.redis.connection.PoolException: Could not get a resource from the pool; nested exception is org.jredis.ClientRuntimeException: null reference:{connection on setConnection()} in method JRedisClient.setConnection() [file: JRedisClient.java line:158 - package: org.jredis.ri.alphazero] cause: => [IllegalArgumentException: null reference:{connection on setConnection()} in method JRedisClient.setConnection() [file: JRedisClient.java line:158 - package: org.jredis.ri.alphazero]]
Caused by: org.jredis.ClientRuntimeException: null reference:{connection on setConnection()} in method JRedisClient.setConnection() [file: JRedisClient.java line:158 - package: org.jredis.ri.alphazero] cause: => [IllegalArgumentException: null reference:{connection on setConnection()} in method JRedisClient.setConnection() [file: JRedisClient.java line:158 - package: org.jredis.ri.alphazero]]
Caused by: java.lang.IllegalArgumentException: null reference:{connection on setConnection()} in method JRedisClient.setConnection() [file: JRedisClient.java line:158 - package: org.jredis.ri.alphazero]
</error>
    <system-err><![CDATA[01475611470521 Tue Oct 04 17:04:30 BRT 2016 JRedis[tid:1] <INFORMAÇÕES>: WARNING: heartbeat is disabled.
01475611470521 Tue Oct 04 17:04:30 BRT 2016 JRedis[tid:1] <ADVERTÊNCIA>: PROBLEM: Shutting down due to connection FAULT: Socket connect failed [cause: java.net.ConnectException: Conexão recusada] -- make sure the server is running at localhost:6379 - Connection: SYNCHRONOUS  localhost/127.0.0.1:6379 db:0 | SyncConnection@1541433310
01475611470521 Tue Oct 04 17:04:30 BRT 2016 JRedis[tid:1] <GRAVE>: Error creating connection -> Socket connect failed [cause: java.net.ConnectException: Conexão recusada] -- make sure the server is running at localhost:6379
]]></system-err>
  </testcase>
  <testcase name="testAddAll[11]" classname="org.springframework.data.redis.support.collections.RedisListTests" time="0.001">
    <error message="Could not get a resource from the pool; nested exception is org.jredis.ClientRuntimeException: null reference:{connection on setConnection()} in method JRedisClient.setConnection() [file: JRedisClient.java line:158 - package: org.jredis.ri.alphazero] cause: =&gt; [IllegalArgumentException: null reference:{connection on setConnection()} in method JRedisClient.setConnection() [file: JRedisClient.java line:158 - package: org.jredis.ri.alphazero]]" type="org.springframework.data.redis.connection.PoolException">org.springframework.data.redis.connection.PoolException: Could not get a resource from the pool; nested exception is org.jredis.ClientRuntimeException: null reference:{connection on setConnection()} in method JRedisClient.setConnection() [file: JRedisClient.java line:158 - package: org.jredis.ri.alphazero] cause: => [IllegalArgumentException: null reference:{connection on setConnection()} in method JRedisClient.setConnection() [file: JRedisClient.java line:158 - package: org.jredis.ri.alphazero]]
Caused by: org.jredis.ClientRuntimeException: null reference:{connection on setConnection()} in method JRedisClient.setConnection() [file: JRedisClient.java line:158 - package: org.jredis.ri.alphazero] cause: => [IllegalArgumentException: null reference:{connection on setConnection()} in method JRedisClient.setConnection() [file: JRedisClient.java line:158 - package: org.jredis.ri.alphazero]]
Caused by: java.lang.IllegalArgumentException: null reference:{connection on setConnection()} in method JRedisClient.setConnection() [file: JRedisClient.java line:158 - package: org.jredis.ri.alphazero]
</error>
    <system-err><![CDATA[01475611470522 Tue Oct 04 17:04:30 BRT 2016 JRedis[tid:1] <INFORMAÇÕES>: WARNING: heartbeat is disabled.
01475611470522 Tue Oct 04 17:04:30 BRT 2016 JRedis[tid:1] <ADVERTÊNCIA>: PROBLEM: Shutting down due to connection FAULT: Socket connect failed [cause: java.net.ConnectException: Conexão recusada] -- make sure the server is running at localhost:6379 - Connection: SYNCHRONOUS  localhost/127.0.0.1:6379 db:0 | SyncConnection@2088582214
01475611470522 Tue Oct 04 17:04:30 BRT 2016 JRedis[tid:1] <GRAVE>: Error creating connection -> Socket connect failed [cause: java.net.ConnectException: Conexão recusada] -- make sure the server is running at localhost:6379
01475611470522 Tue Oct 04 17:04:30 BRT 2016 JRedis[tid:1] <INFORMAÇÕES>: WARNING: heartbeat is disabled.
01475611470522 Tue Oct 04 17:04:30 BRT 2016 JRedis[tid:1] <ADVERTÊNCIA>: PROBLEM: Shutting down due to connection FAULT: Socket connect failed [cause: java.net.ConnectException: Conexão recusada] -- make sure the server is running at localhost:6379 - Connection: SYNCHRONOUS  localhost/127.0.0.1:6379 db:0 | SyncConnection@620456576
01475611470522 Tue Oct 04 17:04:30 BRT 2016 JRedis[tid:1] <GRAVE>: Error creating connection -> Socket connect failed [cause: java.net.ConnectException: Conexão recusada] -- make sure the server is running at localhost:6379
]]></system-err>
  </testcase>
  <testcase name="testAddAll[11]" classname="org.springframework.data.redis.support.collections.RedisListTests" time="0.001">
    <error message="Could not get a resource from the pool; nested exception is org.jredis.ClientRuntimeException: null reference:{connection on setConnection()} in method JRedisClient.setConnection() [file: JRedisClient.java line:158 - package: org.jredis.ri.alphazero] cause: =&gt; [IllegalArgumentException: null reference:{connection on setConnection()} in method JRedisClient.setConnection() [file: JRedisClient.java line:158 - package: org.jredis.ri.alphazero]]" type="org.springframework.data.redis.connection.PoolException">org.springframework.data.redis.connection.PoolException: Could not get a resource from the pool; nested exception is org.jredis.ClientRuntimeException: null reference:{connection on setConnection()} in method JRedisClient.setConnection() [file: JRedisClient.java line:158 - package: org.jredis.ri.alphazero] cause: => [IllegalArgumentException: null reference:{connection on setConnection()} in method JRedisClient.setConnection() [file: JRedisClient.java line:158 - package: org.jredis.ri.alphazero]]
Caused by: org.jredis.ClientRuntimeException: null reference:{connection on setConnection()} in method JRedisClient.setConnection() [file: JRedisClient.java line:158 - package: org.jredis.ri.alphazero] cause: => [IllegalArgumentException: null reference:{connection on setConnection()} in method JRedisClient.setConnection() [file: JRedisClient.java line:158 - package: org.jredis.ri.alphazero]]
Caused by: java.lang.IllegalArgumentException: null reference:{connection on setConnection()} in method JRedisClient.setConnection() [file: JRedisClient.java line:158 - package: org.jredis.ri.alphazero]
</error>
  </testcase>
  <testcase name="removeAll[11]" classname="org.springframework.data.redis.support.collections.RedisListTests" time="0">
    <error message="Could not get a resource from the pool; nested exception is org.jredis.ClientRuntimeException: null reference:{connection on setConnection()} in method JRedisClient.setConnection() [file: JRedisClient.java line:158 - package: org.jredis.ri.alphazero] cause: =&gt; [IllegalArgumentException: null reference:{connection on setConnection()} in method JRedisClient.setConnection() [file: JRedisClient.java line:158 - package: org.jredis.ri.alphazero]]" type="org.springframework.data.redis.connection.PoolException">org.springframework.data.redis.connection.PoolException: Could not get a resource from the pool; nested exception is org.jredis.ClientRuntimeException: null reference:{connection on setConnection()} in method JRedisClient.setConnection() [file: JRedisClient.java line:158 - package: org.jredis.ri.alphazero] cause: => [IllegalArgumentException: null reference:{connection on setConnection()} in method JRedisClient.setConnection() [file: JRedisClient.java line:158 - package: org.jredis.ri.alphazero]]
Caused by: org.jredis.ClientRuntimeException: null reference:{connection on setConnection()} in method JRedisClient.setConnection() [file: JRedisClient.java line:158 - package: org.jredis.ri.alphazero] cause: => [IllegalArgumentException: null reference:{connection on setConnection()} in method JRedisClient.setConnection() [file: JRedisClient.java line:158 - package: org.jredis.ri.alphazero]]
Caused by: java.lang.IllegalArgumentException: null reference:{connection on setConnection()} in method JRedisClient.setConnection() [file: JRedisClient.java line:158 - package: org.jredis.ri.alphazero]
</error>
    <system-err><![CDATA[01475611470523 Tue Oct 04 17:04:30 BRT 2016 JRedis[tid:1] <INFORMAÇÕES>: WARNING: heartbeat is disabled.
01475611470523 Tue Oct 04 17:04:30 BRT 2016 JRedis[tid:1] <ADVERTÊNCIA>: PROBLEM: Shutting down due to connection FAULT: Socket connect failed [cause: java.net.ConnectException: Conexão recusada] -- make sure the server is running at localhost:6379 - Connection: SYNCHRONOUS  localhost/127.0.0.1:6379 db:0 | SyncConnection@1730337646
01475611470523 Tue Oct 04 17:04:30 BRT 2016 JRedis[tid:1] <GRAVE>: Error creating connection -> Socket connect failed [cause: java.net.ConnectException: Conexão recusada] -- make sure the server is running at localhost:6379
01475611470524 Tue Oct 04 17:04:30 BRT 2016 JRedis[tid:1] <INFORMAÇÕES>: WARNING: heartbeat is disabled.
01475611470524 Tue Oct 04 17:04:30 BRT 2016 JRedis[tid:1] <ADVERTÊNCIA>: PROBLEM: Shutting down due to connection FAULT: Socket connect failed [cause: java.net.ConnectException: Conexão recusada] -- make sure the server is running at localhost:6379 - Connection: SYNCHRONOUS  localhost/127.0.0.1:6379 db:0 | SyncConnection@418513504
01475611470524 Tue Oct 04 17:04:30 BRT 2016 JRedis[tid:1] <GRAVE>: Error creating connection -> Socket connect failed [cause: java.net.ConnectException: Conexão recusada] -- make sure the server is running at localhost:6379
]]></system-err>
  </testcase>
  <testcase name="removeAll[11]" classname="org.springframework.data.redis.support.collections.RedisListTests" time="0">
    <error message="Could not get a resource from the pool; nested exception is org.jredis.ClientRuntimeException: null reference:{connection on setConnection()} in method JRedisClient.setConnection() [file: JRedisClient.java line:158 - package: org.jredis.ri.alphazero] cause: =&gt; [IllegalArgumentException: null reference:{connection on setConnection()} in method JRedisClient.setConnection() [file: JRedisClient.java line:158 - package: org.jredis.ri.alphazero]]" type="org.springframework.data.redis.connection.PoolException">org.springframework.data.redis.connection.PoolException: Could not get a resource from the pool; nested exception is org.jredis.ClientRuntimeException: null reference:{connection on setConnection()} in method JRedisClient.setConnection() [file: JRedisClient.java line:158 - package: org.jredis.ri.alphazero] cause: => [IllegalArgumentException: null reference:{connection on setConnection()} in method JRedisClient.setConnection() [file: JRedisClient.java line:158 - package: org.jredis.ri.alphazero]]
Caused by: org.jredis.ClientRuntimeException: null reference:{connection on setConnection()} in method JRedisClient.setConnection() [file: JRedisClient.java line:158 - package: org.jredis.ri.alphazero] cause: => [IllegalArgumentException: null reference:{connection on setConnection()} in method JRedisClient.setConnection() [file: JRedisClient.java line:158 - package: org.jredis.ri.alphazero]]
Caused by: java.lang.IllegalArgumentException: null reference:{connection on setConnection()} in method JRedisClient.setConnection() [file: JRedisClient.java line:158 - package: org.jredis.ri.alphazero]
</error>
  </testcase>
  <testcase name="testEquals[11]" classname="org.springframework.data.redis.support.collections.RedisListTests" time="0">
    <error message="Could not get a resource from the pool; nested exception is org.jredis.ClientRuntimeException: null reference:{connection on setConnection()} in method JRedisClient.setConnection() [file: JRedisClient.java line:158 - package: org.jredis.ri.alphazero] cause: =&gt; [IllegalArgumentException: null reference:{connection on setConnection()} in method JRedisClient.setConnection() [file: JRedisClient.java line:158 - package: org.jredis.ri.alphazero]]" type="org.springframework.data.redis.connection.PoolException">org.springframework.data.redis.connection.PoolException: Could not get a resource from the pool; nested exception is org.jredis.ClientRuntimeException: null reference:{connection on setConnection()} in method JRedisClient.setConnection() [file: JRedisClient.java line:158 - package: org.jredis.ri.alphazero] cause: => [IllegalArgumentException: null reference:{connection on setConnection()} in method JRedisClient.setConnection() [file: JRedisClient.java line:158 - package: org.jredis.ri.alphazero]]
Caused by: org.jredis.ClientRuntimeException: null reference:{connection on setConnection()} in method JRedisClient.setConnection() [file: JRedisClient.java line:158 - package: org.jredis.ri.alphazero] cause: => [IllegalArgumentException: null reference:{connection on setConnection()} in method JRedisClient.setConnection() [file: JRedisClient.java line:158 - package: org.jredis.ri.alphazero]]
Caused by: java.lang.IllegalArgumentException: null reference:{connection on setConnection()} in method JRedisClient.setConnection() [file: JRedisClient.java line:158 - package: org.jredis.ri.alphazero]
</error>
    <system-err><![CDATA[01475611470524 Tue Oct 04 17:04:30 BRT 2016 JRedis[tid:1] <INFORMAÇÕES>: WARNING: heartbeat is disabled.
01475611470525 Tue Oct 04 17:04:30 BRT 2016 JRedis[tid:1] <ADVERTÊNCIA>: PROBLEM: Shutting down due to connection FAULT: Socket connect failed [cause: java.net.ConnectException: Conexão recusada] -- make sure the server is running at localhost:6379 - Connection: SYNCHRONOUS  localhost/127.0.0.1:6379 db:0 | SyncConnection@1256405521
01475611470525 Tue Oct 04 17:04:30 BRT 2016 JRedis[tid:1] <GRAVE>: Error creating connection -> Socket connect failed [cause: java.net.ConnectException: Conexão recusada] -- make sure the server is running at localhost:6379
]]></system-err>
  </testcase>
  <testcase name="testGetKey[11]" classname="org.springframework.data.redis.support.collections.RedisListTests" time="0">
    <error message="Could not get a resource from the pool; nested exception is org.jredis.ClientRuntimeException: null reference:{connection on setConnection()} in method JRedisClient.setConnection() [file: JRedisClient.java line:158 - package: org.jredis.ri.alphazero] cause: =&gt; [IllegalArgumentException: null reference:{connection on setConnection()} in method JRedisClient.setConnection() [file: JRedisClient.java line:158 - package: org.jredis.ri.alphazero]]" type="org.springframework.data.redis.connection.PoolException">org.springframework.data.redis.connection.PoolException: Could not get a resource from the pool; nested exception is org.jredis.ClientRuntimeException: null reference:{connection on setConnection()} in method JRedisClient.setConnection() [file: JRedisClient.java line:158 - package: org.jredis.ri.alphazero] cause: => [IllegalArgumentException: null reference:{connection on setConnection()} in method JRedisClient.setConnection() [file: JRedisClient.java line:158 - package: org.jredis.ri.alphazero]]
Caused by: org.jredis.ClientRuntimeException: null reference:{connection on setConnection()} in method JRedisClient.setConnection() [file: JRedisClient.java line:158 - package: org.jredis.ri.alphazero] cause: => [IllegalArgumentException: null reference:{connection on setConnection()} in method JRedisClient.setConnection() [file: JRedisClient.java line:158 - package: org.jredis.ri.alphazero]]
Caused by: java.lang.IllegalArgumentException: null reference:{connection on setConnection()} in method JRedisClient.setConnection() [file: JRedisClient.java line:158 - package: org.jredis.ri.alphazero]
</error>
    <system-err><![CDATA[01475611470525 Tue Oct 04 17:04:30 BRT 2016 JRedis[tid:1] <INFORMAÇÕES>: WARNING: heartbeat is disabled.
01475611470525 Tue Oct 04 17:04:30 BRT 2016 JRedis[tid:1] <ADVERTÊNCIA>: PROBLEM: Shutting down due to connection FAULT: Socket connect failed [cause: java.net.ConnectException: Conexão recusada] -- make sure the server is running at localhost:6379 - Connection: SYNCHRONOUS  localhost/127.0.0.1:6379 db:0 | SyncConnection@2051598050
01475611470525 Tue Oct 04 17:04:30 BRT 2016 JRedis[tid:1] <GRAVE>: Error creating connection -> Socket connect failed [cause: java.net.ConnectException: Conexão recusada] -- make sure the server is running at localhost:6379
]]></system-err>
  </testcase>
  <testcase name="testToArrayWithGenerics[11]" classname="org.springframework.data.redis.support.collections.RedisListTests" time="0">
    <error message="Could not get a resource from the pool; nested exception is org.jredis.ClientRuntimeException: null reference:{connection on setConnection()} in method JRedisClient.setConnection() [file: JRedisClient.java line:158 - package: org.jredis.ri.alphazero] cause: =&gt; [IllegalArgumentException: null reference:{connection on setConnection()} in method JRedisClient.setConnection() [file: JRedisClient.java line:158 - package: org.jredis.ri.alphazero]]" type="org.springframework.data.redis.connection.PoolException">org.springframework.data.redis.connection.PoolException: Could not get a resource from the pool; nested exception is org.jredis.ClientRuntimeException: null reference:{connection on setConnection()} in method JRedisClient.setConnection() [file: JRedisClient.java line:158 - package: org.jredis.ri.alphazero] cause: => [IllegalArgumentException: null reference:{connection on setConnection()} in method JRedisClient.setConnection() [file: JRedisClient.java line:158 - package: org.jredis.ri.alphazero]]
Caused by: org.jredis.ClientRuntimeException: null reference:{connection on setConnection()} in method JRedisClient.setConnection() [file: JRedisClient.java line:158 - package: org.jredis.ri.alphazero] cause: => [IllegalArgumentException: null reference:{connection on setConnection()} in method JRedisClient.setConnection() [file: JRedisClient.java line:158 - package: org.jredis.ri.alphazero]]
Caused by: java.lang.IllegalArgumentException: null reference:{connection on setConnection()} in method JRedisClient.setConnection() [file: JRedisClient.java line:158 - package: org.jredis.ri.alphazero]
</error>
    <system-err><![CDATA[01475611470526 Tue Oct 04 17:04:30 BRT 2016 JRedis[tid:1] <INFORMAÇÕES>: WARNING: heartbeat is disabled.
01475611470526 Tue Oct 04 17:04:30 BRT 2016 JRedis[tid:1] <ADVERTÊNCIA>: PROBLEM: Shutting down due to connection FAULT: Socket connect failed [cause: java.net.ConnectException: Conexão recusada] -- make sure the server is running at localhost:6379 - Connection: SYNCHRONOUS  localhost/127.0.0.1:6379 db:0 | SyncConnection@1347016882
01475611470526 Tue Oct 04 17:04:30 BRT 2016 JRedis[tid:1] <GRAVE>: Error creating connection -> Socket connect failed [cause: java.net.ConnectException: Conexão recusada] -- make sure the server is running at localhost:6379
01475611470526 Tue Oct 04 17:04:30 BRT 2016 JRedis[tid:1] <INFORMAÇÕES>: WARNING: heartbeat is disabled.
01475611470526 Tue Oct 04 17:04:30 BRT 2016 JRedis[tid:1] <ADVERTÊNCIA>: PROBLEM: Shutting down due to connection FAULT: Socket connect failed [cause: java.net.ConnectException: Conexão recusada] -- make sure the server is running at localhost:6379 - Connection: SYNCHRONOUS  localhost/127.0.0.1:6379 db:0 | SyncConnection@1829460911
01475611470526 Tue Oct 04 17:04:30 BRT 2016 JRedis[tid:1] <GRAVE>: Error creating connection -> Socket connect failed [cause: java.net.ConnectException: Conexão recusada] -- make sure the server is running at localhost:6379
]]></system-err>
  </testcase>
  <testcase name="testToArrayWithGenerics[11]" classname="org.springframework.data.redis.support.collections.RedisListTests" time="0">
    <error message="Could not get a resource from the pool; nested exception is org.jredis.ClientRuntimeException: null reference:{connection on setConnection()} in method JRedisClient.setConnection() [file: JRedisClient.java line:158 - package: org.jredis.ri.alphazero] cause: =&gt; [IllegalArgumentException: null reference:{connection on setConnection()} in method JRedisClient.setConnection() [file: JRedisClient.java line:158 - package: org.jredis.ri.alphazero]]" type="org.springframework.data.redis.connection.PoolException">org.springframework.data.redis.connection.PoolException: Could not get a resource from the pool; nested exception is org.jredis.ClientRuntimeException: null reference:{connection on setConnection()} in method JRedisClient.setConnection() [file: JRedisClient.java line:158 - package: org.jredis.ri.alphazero] cause: => [IllegalArgumentException: null reference:{connection on setConnection()} in method JRedisClient.setConnection() [file: JRedisClient.java line:158 - package: org.jredis.ri.alphazero]]
Caused by: org.jredis.ClientRuntimeException: null reference:{connection on setConnection()} in method JRedisClient.setConnection() [file: JRedisClient.java line:158 - package: org.jredis.ri.alphazero] cause: => [IllegalArgumentException: null reference:{connection on setConnection()} in method JRedisClient.setConnection() [file: JRedisClient.java line:158 - package: org.jredis.ri.alphazero]]
Caused by: java.lang.IllegalArgumentException: null reference:{connection on setConnection()} in method JRedisClient.setConnection() [file: JRedisClient.java line:158 - package: org.jredis.ri.alphazero]
</error>
  </testcase>
  <testcase name="testIsEmpty[11]" classname="org.springframework.data.redis.support.collections.RedisListTests" time="0">
    <error message="Could not get a resource from the pool; nested exception is org.jredis.ClientRuntimeException: null reference:{connection on setConnection()} in method JRedisClient.setConnection() [file: JRedisClient.java line:158 - package: org.jredis.ri.alphazero] cause: =&gt; [IllegalArgumentException: null reference:{connection on setConnection()} in method JRedisClient.setConnection() [file: JRedisClient.java line:158 - package: org.jredis.ri.alphazero]]" type="org.springframework.data.redis.connection.PoolException">org.springframework.data.redis.connection.PoolException: Could not get a resource from the pool; nested exception is org.jredis.ClientRuntimeException: null reference:{connection on setConnection()} in method JRedisClient.setConnection() [file: JRedisClient.java line:158 - package: org.jredis.ri.alphazero] cause: => [IllegalArgumentException: null reference:{connection on setConnection()} in method JRedisClient.setConnection() [file: JRedisClient.java line:158 - package: org.jredis.ri.alphazero]]
Caused by: org.jredis.ClientRuntimeException: null reference:{connection on setConnection()} in method JRedisClient.setConnection() [file: JRedisClient.java line:158 - package: org.jredis.ri.alphazero] cause: => [IllegalArgumentException: null reference:{connection on setConnection()} in method JRedisClient.setConnection() [file: JRedisClient.java line:158 - package: org.jredis.ri.alphazero]]
Caused by: java.lang.IllegalArgumentException: null reference:{connection on setConnection()} in method JRedisClient.setConnection() [file: JRedisClient.java line:158 - package: org.jredis.ri.alphazero]
</error>
    <system-err><![CDATA[01475611470527 Tue Oct 04 17:04:30 BRT 2016 JRedis[tid:1] <INFORMAÇÕES>: WARNING: heartbeat is disabled.
01475611470527 Tue Oct 04 17:04:30 BRT 2016 JRedis[tid:1] <ADVERTÊNCIA>: PROBLEM: Shutting down due to connection FAULT: Socket connect failed [cause: java.net.ConnectException: Conexão recusada] -- make sure the server is running at localhost:6379 - Connection: SYNCHRONOUS  localhost/127.0.0.1:6379 db:0 | SyncConnection@1662912171
01475611470527 Tue Oct 04 17:04:30 BRT 2016 JRedis[tid:1] <GRAVE>: Error creating connection -> Socket connect failed [cause: java.net.ConnectException: Conexão recusada] -- make sure the server is running at localhost:6379
01475611470527 Tue Oct 04 17:04:30 BRT 2016 JRedis[tid:1] <INFORMAÇÕES>: WARNING: heartbeat is disabled.
01475611470528 Tue Oct 04 17:04:30 BRT 2016 JRedis[tid:1] <ADVERTÊNCIA>: PROBLEM: Shutting down due to connection FAULT: Socket connect failed [cause: java.net.ConnectException: Conexão recusada] -- make sure the server is running at localhost:6379 - Connection: SYNCHRONOUS  localhost/127.0.0.1:6379 db:0 | SyncConnection@708153797
01475611470528 Tue Oct 04 17:04:30 BRT 2016 JRedis[tid:1] <GRAVE>: Error creating connection -> Socket connect failed [cause: java.net.ConnectException: Conexão recusada] -- make sure the server is running at localhost:6379
]]></system-err>
  </testcase>
  <testcase name="testIsEmpty[11]" classname="org.springframework.data.redis.support.collections.RedisListTests" time="0">
    <error message="Could not get a resource from the pool; nested exception is org.jredis.ClientRuntimeException: null reference:{connection on setConnection()} in method JRedisClient.setConnection() [file: JRedisClient.java line:158 - package: org.jredis.ri.alphazero] cause: =&gt; [IllegalArgumentException: null reference:{connection on setConnection()} in method JRedisClient.setConnection() [file: JRedisClient.java line:158 - package: org.jredis.ri.alphazero]]" type="org.springframework.data.redis.connection.PoolException">org.springframework.data.redis.connection.PoolException: Could not get a resource from the pool; nested exception is org.jredis.ClientRuntimeException: null reference:{connection on setConnection()} in method JRedisClient.setConnection() [file: JRedisClient.java line:158 - package: org.jredis.ri.alphazero] cause: => [IllegalArgumentException: null reference:{connection on setConnection()} in method JRedisClient.setConnection() [file: JRedisClient.java line:158 - package: org.jredis.ri.alphazero]]
Caused by: org.jredis.ClientRuntimeException: null reference:{connection on setConnection()} in method JRedisClient.setConnection() [file: JRedisClient.java line:158 - package: org.jredis.ri.alphazero] cause: => [IllegalArgumentException: null reference:{connection on setConnection()} in method JRedisClient.setConnection() [file: JRedisClient.java line:158 - package: org.jredis.ri.alphazero]]
Caused by: java.lang.IllegalArgumentException: null reference:{connection on setConnection()} in method JRedisClient.setConnection() [file: JRedisClient.java line:158 - package: org.jredis.ri.alphazero]
</error>
  </testcase>
  <testcase name="testIterator[11]" classname="org.springframework.data.redis.support.collections.RedisListTests" time="0">
    <error message="Could not get a resource from the pool; nested exception is org.jredis.ClientRuntimeException: null reference:{connection on setConnection()} in method JRedisClient.setConnection() [file: JRedisClient.java line:158 - package: org.jredis.ri.alphazero] cause: =&gt; [IllegalArgumentException: null reference:{connection on setConnection()} in method JRedisClient.setConnection() [file: JRedisClient.java line:158 - package: org.jredis.ri.alphazero]]" type="org.springframework.data.redis.connection.PoolException">org.springframework.data.redis.connection.PoolException: Could not get a resource from the pool; nested exception is org.jredis.ClientRuntimeException: null reference:{connection on setConnection()} in method JRedisClient.setConnection() [file: JRedisClient.java line:158 - package: org.jredis.ri.alphazero] cause: => [IllegalArgumentException: null reference:{connection on setConnection()} in method JRedisClient.setConnection() [file: JRedisClient.java line:158 - package: org.jredis.ri.alphazero]]
Caused by: org.jredis.ClientRuntimeException: null reference:{connection on setConnection()} in method JRedisClient.setConnection() [file: JRedisClient.java line:158 - package: org.jredis.ri.alphazero] cause: => [IllegalArgumentException: null reference:{connection on setConnection()} in method JRedisClient.setConnection() [file: JRedisClient.java line:158 - package: org.jredis.ri.alphazero]]
Caused by: java.lang.IllegalArgumentException: null reference:{connection on setConnection()} in method JRedisClient.setConnection() [file: JRedisClient.java line:158 - package: org.jredis.ri.alphazero]
</error>
    <system-err><![CDATA[01475611470528 Tue Oct 04 17:04:30 BRT 2016 JRedis[tid:1] <INFORMAÇÕES>: WARNING: heartbeat is disabled.
01475611470529 Tue Oct 04 17:04:30 BRT 2016 JRedis[tid:1] <ADVERTÊNCIA>: PROBLEM: Shutting down due to connection FAULT: Socket connect failed [cause: java.net.ConnectException: Conexão recusada] -- make sure the server is running at localhost:6379 - Connection: SYNCHRONOUS  localhost/127.0.0.1:6379 db:0 | SyncConnection@276748028
01475611470529 Tue Oct 04 17:04:30 BRT 2016 JRedis[tid:1] <GRAVE>: Error creating connection -> Socket connect failed [cause: java.net.ConnectException: Conexão recusada] -- make sure the server is running at localhost:6379
01475611470529 Tue Oct 04 17:04:30 BRT 2016 JRedis[tid:1] <INFORMAÇÕES>: WARNING: heartbeat is disabled.
01475611470529 Tue Oct 04 17:04:30 BRT 2016 JRedis[tid:1] <ADVERTÊNCIA>: PROBLEM: Shutting down due to connection FAULT: Socket connect failed [cause: java.net.ConnectException: Conexão recusada] -- make sure the server is running at localhost:6379 - Connection: SYNCHRONOUS  localhost/127.0.0.1:6379 db:0 | SyncConnection@373544591
01475611470529 Tue Oct 04 17:04:30 BRT 2016 JRedis[tid:1] <GRAVE>: Error creating connection -> Socket connect failed [cause: java.net.ConnectException: Conexão recusada] -- make sure the server is running at localhost:6379
]]></system-err>
  </testcase>
  <testcase name="testIterator[11]" classname="org.springframework.data.redis.support.collections.RedisListTests" time="0">
    <error message="Could not get a resource from the pool; nested exception is org.jredis.ClientRuntimeException: null reference:{connection on setConnection()} in method JRedisClient.setConnection() [file: JRedisClient.java line:158 - package: org.jredis.ri.alphazero] cause: =&gt; [IllegalArgumentException: null reference:{connection on setConnection()} in method JRedisClient.setConnection() [file: JRedisClient.java line:158 - package: org.jredis.ri.alphazero]]" type="org.springframework.data.redis.connection.PoolException">org.springframework.data.redis.connection.PoolException: Could not get a resource from the pool; nested exception is org.jredis.ClientRuntimeException: null reference:{connection on setConnection()} in method JRedisClient.setConnection() [file: JRedisClient.java line:158 - package: org.jredis.ri.alphazero] cause: => [IllegalArgumentException: null reference:{connection on setConnection()} in method JRedisClient.setConnection() [file: JRedisClient.java line:158 - package: org.jredis.ri.alphazero]]
Caused by: org.jredis.ClientRuntimeException: null reference:{connection on setConnection()} in method JRedisClient.setConnection() [file: JRedisClient.java line:158 - package: org.jredis.ri.alphazero] cause: => [IllegalArgumentException: null reference:{connection on setConnection()} in method JRedisClient.setConnection() [file: JRedisClient.java line:158 - package: org.jredis.ri.alphazero]]
Caused by: java.lang.IllegalArgumentException: null reference:{connection on setConnection()} in method JRedisClient.setConnection() [file: JRedisClient.java line:158 - package: org.jredis.ri.alphazero]
</error>
  </testcase>
  <testcase name="testElement[12]" classname="org.springframework.data.redis.support.collections.RedisListTests" time="0">
    <error message="Could not get a resource from the pool; nested exception is org.jredis.ClientRuntimeException: null reference:{connection on setConnection()} in method JRedisClient.setConnection() [file: JRedisClient.java line:158 - package: org.jredis.ri.alphazero] cause: =&gt; [IllegalArgumentException: null reference:{connection on setConnection()} in method JRedisClient.setConnection() [file: JRedisClient.java line:158 - package: org.jredis.ri.alphazero]]" type="org.springframework.data.redis.connection.PoolException">org.springframework.data.redis.connection.PoolException: Could not get a resource from the pool; nested exception is org.jredis.ClientRuntimeException: null reference:{connection on setConnection()} in method JRedisClient.setConnection() [file: JRedisClient.java line:158 - package: org.jredis.ri.alphazero] cause: => [IllegalArgumentException: null reference:{connection on setConnection()} in method JRedisClient.setConnection() [file: JRedisClient.java line:158 - package: org.jredis.ri.alphazero]]
Caused by: org.jredis.ClientRuntimeException: null reference:{connection on setConnection()} in method JRedisClient.setConnection() [file: JRedisClient.java line:158 - package: org.jredis.ri.alphazero] cause: => [IllegalArgumentException: null reference:{connection on setConnection()} in method JRedisClient.setConnection() [file: JRedisClient.java line:158 - package: org.jredis.ri.alphazero]]
Caused by: java.lang.IllegalArgumentException: null reference:{connection on setConnection()} in method JRedisClient.setConnection() [file: JRedisClient.java line:158 - package: org.jredis.ri.alphazero]
</error>
    <system-err><![CDATA[01475611470530 Tue Oct 04 17:04:30 BRT 2016 JRedis[tid:1] <INFORMAÇÕES>: WARNING: heartbeat is disabled.
01475611470530 Tue Oct 04 17:04:30 BRT 2016 JRedis[tid:1] <ADVERTÊNCIA>: PROBLEM: Shutting down due to connection FAULT: Socket connect failed [cause: java.net.ConnectException: Conexão recusada] -- make sure the server is running at localhost:6379 - Connection: SYNCHRONOUS  localhost/127.0.0.1:6379 db:0 | SyncConnection@409565350
01475611470530 Tue Oct 04 17:04:30 BRT 2016 JRedis[tid:1] <GRAVE>: Error creating connection -> Socket connect failed [cause: java.net.ConnectException: Conexão recusada] -- make sure the server is running at localhost:6379
01475611470530 Tue Oct 04 17:04:30 BRT 2016 JRedis[tid:1] <INFORMAÇÕES>: WARNING: heartbeat is disabled.
01475611470530 Tue Oct 04 17:04:30 BRT 2016 JRedis[tid:1] <ADVERTÊNCIA>: PROBLEM: Shutting down due to connection FAULT: Socket connect failed [cause: java.net.ConnectException: Conexão recusada] -- make sure the server is running at localhost:6379 - Connection: SYNCHRONOUS  localhost/127.0.0.1:6379 db:0 | SyncConnection@771923297
01475611470530 Tue Oct 04 17:04:30 BRT 2016 JRedis[tid:1] <GRAVE>: Error creating connection -> Socket connect failed [cause: java.net.ConnectException: Conexão recusada] -- make sure the server is running at localhost:6379
]]></system-err>
  </testcase>
  <testcase name="testElement[12]" classname="org.springframework.data.redis.support.collections.RedisListTests" time="0">
    <error message="Could not get a resource from the pool; nested exception is org.jredis.ClientRuntimeException: null reference:{connection on setConnection()} in method JRedisClient.setConnection() [file: JRedisClient.java line:158 - package: org.jredis.ri.alphazero] cause: =&gt; [IllegalArgumentException: null reference:{connection on setConnection()} in method JRedisClient.setConnection() [file: JRedisClient.java line:158 - package: org.jredis.ri.alphazero]]" type="org.springframework.data.redis.connection.PoolException">org.springframework.data.redis.connection.PoolException: Could not get a resource from the pool; nested exception is org.jredis.ClientRuntimeException: null reference:{connection on setConnection()} in method JRedisClient.setConnection() [file: JRedisClient.java line:158 - package: org.jredis.ri.alphazero] cause: => [IllegalArgumentException: null reference:{connection on setConnection()} in method JRedisClient.setConnection() [file: JRedisClient.java line:158 - package: org.jredis.ri.alphazero]]
Caused by: org.jredis.ClientRuntimeException: null reference:{connection on setConnection()} in method JRedisClient.setConnection() [file: JRedisClient.java line:158 - package: org.jredis.ri.alphazero] cause: => [IllegalArgumentException: null reference:{connection on setConnection()} in method JRedisClient.setConnection() [file: JRedisClient.java line:158 - package: org.jredis.ri.alphazero]]
Caused by: java.lang.IllegalArgumentException: null reference:{connection on setConnection()} in method JRedisClient.setConnection() [file: JRedisClient.java line:158 - package: org.jredis.ri.alphazero]
</error>
  </testcase>
  <testcase name="testPutFirst[12]" classname="org.springframework.data.redis.support.collections.RedisListTests" time="0">
    <error message="Could not get a resource from the pool; nested exception is org.jredis.ClientRuntimeException: null reference:{connection on setConnection()} in method JRedisClient.setConnection() [file: JRedisClient.java line:158 - package: org.jredis.ri.alphazero] cause: =&gt; [IllegalArgumentException: null reference:{connection on setConnection()} in method JRedisClient.setConnection() [file: JRedisClient.java line:158 - package: org.jredis.ri.alphazero]]" type="org.springframework.data.redis.connection.PoolException">org.springframework.data.redis.connection.PoolException: Could not get a resource from the pool; nested exception is org.jredis.ClientRuntimeException: null reference:{connection on setConnection()} in method JRedisClient.setConnection() [file: JRedisClient.java line:158 - package: org.jredis.ri.alphazero] cause: => [IllegalArgumentException: null reference:{connection on setConnection()} in method JRedisClient.setConnection() [file: JRedisClient.java line:158 - package: org.jredis.ri.alphazero]]
Caused by: org.jredis.ClientRuntimeException: null reference:{connection on setConnection()} in method JRedisClient.setConnection() [file: JRedisClient.java line:158 - package: org.jredis.ri.alphazero] cause: => [IllegalArgumentException: null reference:{connection on setConnection()} in method JRedisClient.setConnection() [file: JRedisClient.java line:158 - package: org.jredis.ri.alphazero]]
Caused by: java.lang.IllegalArgumentException: null reference:{connection on setConnection()} in method JRedisClient.setConnection() [file: JRedisClient.java line:158 - package: org.jredis.ri.alphazero]
</error>
    <system-err><![CDATA[01475611470531 Tue Oct 04 17:04:30 BRT 2016 JRedis[tid:1] <INFORMAÇÕES>: WARNING: heartbeat is disabled.
01475611470531 Tue Oct 04 17:04:30 BRT 2016 JRedis[tid:1] <ADVERTÊNCIA>: PROBLEM: Shutting down due to connection FAULT: Socket connect failed [cause: java.net.ConnectException: Conexão recusada] -- make sure the server is running at localhost:6379 - Connection: SYNCHRONOUS  localhost/127.0.0.1:6379 db:0 | SyncConnection@1210939243
01475611470531 Tue Oct 04 17:04:30 BRT 2016 JRedis[tid:1] <GRAVE>: Error creating connection -> Socket connect failed [cause: java.net.ConnectException: Conexão recusada] -- make sure the server is running at localhost:6379
01475611470531 Tue Oct 04 17:04:30 BRT 2016 JRedis[tid:1] <INFORMAÇÕES>: WARNING: heartbeat is disabled.
01475611470532 Tue Oct 04 17:04:30 BRT 2016 JRedis[tid:1] <ADVERTÊNCIA>: PROBLEM: Shutting down due to connection FAULT: Socket connect failed [cause: java.net.ConnectException: Conexão recusada] -- make sure the server is running at localhost:6379 - Connection: SYNCHRONOUS  localhost/127.0.0.1:6379 db:0 | SyncConnection@1079125839
01475611470532 Tue Oct 04 17:04:30 BRT 2016 JRedis[tid:1] <GRAVE>: Error creating connection -> Socket connect failed [cause: java.net.ConnectException: Conexão recusada] -- make sure the server is running at localhost:6379
]]></system-err>
  </testcase>
  <testcase name="testPutFirst[12]" classname="org.springframework.data.redis.support.collections.RedisListTests" time="0">
    <error message="Could not get a resource from the pool; nested exception is org.jredis.ClientRuntimeException: null reference:{connection on setConnection()} in method JRedisClient.setConnection() [file: JRedisClient.java line:158 - package: org.jredis.ri.alphazero] cause: =&gt; [IllegalArgumentException: null reference:{connection on setConnection()} in method JRedisClient.setConnection() [file: JRedisClient.java line:158 - package: org.jredis.ri.alphazero]]" type="org.springframework.data.redis.connection.PoolException">org.springframework.data.redis.connection.PoolException: Could not get a resource from the pool; nested exception is org.jredis.ClientRuntimeException: null reference:{connection on setConnection()} in method JRedisClient.setConnection() [file: JRedisClient.java line:158 - package: org.jredis.ri.alphazero] cause: => [IllegalArgumentException: null reference:{connection on setConnection()} in method JRedisClient.setConnection() [file: JRedisClient.java line:158 - package: org.jredis.ri.alphazero]]
Caused by: org.jredis.ClientRuntimeException: null reference:{connection on setConnection()} in method JRedisClient.setConnection() [file: JRedisClient.java line:158 - package: org.jredis.ri.alphazero] cause: => [IllegalArgumentException: null reference:{connection on setConnection()} in method JRedisClient.setConnection() [file: JRedisClient.java line:158 - package: org.jredis.ri.alphazero]]
Caused by: java.lang.IllegalArgumentException: null reference:{connection on setConnection()} in method JRedisClient.setConnection() [file: JRedisClient.java line:158 - package: org.jredis.ri.alphazero]
</error>
  </testcase>
  <testcase name="testPollLastTimeout[12]" classname="org.springframework.data.redis.support.collections.RedisListTests" time="0">
    <error message="got: &lt;false&gt;, expected: is &lt;true&gt;" type="org.junit.AssumptionViolatedException"><![CDATA[org.junit.AssumptionViolatedException: got: <false>, expected: is <true>
]]></error>
    <system-err><![CDATA[01475611470532 Tue Oct 04 17:04:30 BRT 2016 JRedis[tid:1] <INFORMAÇÕES>: WARNING: heartbeat is disabled.
01475611470532 Tue Oct 04 17:04:30 BRT 2016 JRedis[tid:1] <ADVERTÊNCIA>: PROBLEM: Shutting down due to connection FAULT: Socket connect failed [cause: java.net.ConnectException: Conexão recusada] -- make sure the server is running at localhost:6379 - Connection: SYNCHRONOUS  localhost/127.0.0.1:6379 db:0 | SyncConnection@321772459
01475611470533 Tue Oct 04 17:04:30 BRT 2016 JRedis[tid:1] <GRAVE>: Error creating connection -> Socket connect failed [cause: java.net.ConnectException: Conexão recusada] -- make sure the server is running at localhost:6379
]]></system-err>
  </testcase>
  <testcase name="testPollLastTimeout[12]" classname="org.springframework.data.redis.support.collections.RedisListTests" time="0">
    <error message="Could not get a resource from the pool; nested exception is org.jredis.ClientRuntimeException: null reference:{connection on setConnection()} in method JRedisClient.setConnection() [file: JRedisClient.java line:158 - package: org.jredis.ri.alphazero] cause: =&gt; [IllegalArgumentException: null reference:{connection on setConnection()} in method JRedisClient.setConnection() [file: JRedisClient.java line:158 - package: org.jredis.ri.alphazero]]" type="org.springframework.data.redis.connection.PoolException">org.springframework.data.redis.connection.PoolException: Could not get a resource from the pool; nested exception is org.jredis.ClientRuntimeException: null reference:{connection on setConnection()} in method JRedisClient.setConnection() [file: JRedisClient.java line:158 - package: org.jredis.ri.alphazero] cause: => [IllegalArgumentException: null reference:{connection on setConnection()} in method JRedisClient.setConnection() [file: JRedisClient.java line:158 - package: org.jredis.ri.alphazero]]
Caused by: org.jredis.ClientRuntimeException: null reference:{connection on setConnection()} in method JRedisClient.setConnection() [file: JRedisClient.java line:158 - package: org.jredis.ri.alphazero] cause: => [IllegalArgumentException: null reference:{connection on setConnection()} in method JRedisClient.setConnection() [file: JRedisClient.java line:158 - package: org.jredis.ri.alphazero]]
Caused by: java.lang.IllegalArgumentException: null reference:{connection on setConnection()} in method JRedisClient.setConnection() [file: JRedisClient.java line:158 - package: org.jredis.ri.alphazero]
</error>
  </testcase>
  <testcase name="testPeekFirst[12]" classname="org.springframework.data.redis.support.collections.RedisListTests" time="0.038">
    <error message="Could not get a resource from the pool; nested exception is org.jredis.ClientRuntimeException: null reference:{connection on setConnection()} in method JRedisClient.setConnection() [file: JRedisClient.java line:158 - package: org.jredis.ri.alphazero] cause: =&gt; [IllegalArgumentException: null reference:{connection on setConnection()} in method JRedisClient.setConnection() [file: JRedisClient.java line:158 - package: org.jredis.ri.alphazero]]" type="org.springframework.data.redis.connection.PoolException">org.springframework.data.redis.connection.PoolException: Could not get a resource from the pool; nested exception is org.jredis.ClientRuntimeException: null reference:{connection on setConnection()} in method JRedisClient.setConnection() [file: JRedisClient.java line:158 - package: org.jredis.ri.alphazero] cause: => [IllegalArgumentException: null reference:{connection on setConnection()} in method JRedisClient.setConnection() [file: JRedisClient.java line:158 - package: org.jredis.ri.alphazero]]
Caused by: org.jredis.ClientRuntimeException: null reference:{connection on setConnection()} in method JRedisClient.setConnection() [file: JRedisClient.java line:158 - package: org.jredis.ri.alphazero] cause: => [IllegalArgumentException: null reference:{connection on setConnection()} in method JRedisClient.setConnection() [file: JRedisClient.java line:158 - package: org.jredis.ri.alphazero]]
Caused by: java.lang.IllegalArgumentException: null reference:{connection on setConnection()} in method JRedisClient.setConnection() [file: JRedisClient.java line:158 - package: org.jredis.ri.alphazero]
</error>
    <system-err><![CDATA[01475611470533 Tue Oct 04 17:04:30 BRT 2016 JRedis[tid:1] <INFORMAÇÕES>: WARNING: heartbeat is disabled.
01475611470533 Tue Oct 04 17:04:30 BRT 2016 JRedis[tid:1] <ADVERTÊNCIA>: PROBLEM: Shutting down due to connection FAULT: Socket connect failed [cause: java.net.ConnectException: Conexão recusada] -- make sure the server is running at localhost:6379 - Connection: SYNCHRONOUS  localhost/127.0.0.1:6379 db:0 | SyncConnection@696165690
01475611470533 Tue Oct 04 17:04:30 BRT 2016 JRedis[tid:1] <GRAVE>: Error creating connection -> Socket connect failed [cause: java.net.ConnectException: Conexão recusada] -- make sure the server is running at localhost:6379
01475611470533 Tue Oct 04 17:04:30 BRT 2016 JRedis[tid:1] <INFORMAÇÕES>: WARNING: heartbeat is disabled.
01475611470534 Tue Oct 04 17:04:30 BRT 2016 JRedis[tid:1] <ADVERTÊNCIA>: PROBLEM: Shutting down due to connection FAULT: Socket connect failed [cause: java.net.ConnectException: Conexão recusada] -- make sure the server is running at localhost:6379 - Connection: SYNCHRONOUS  localhost/127.0.0.1:6379 db:0 | SyncConnection@181078353
01475611470534 Tue Oct 04 17:04:30 BRT 2016 JRedis[tid:1] <GRAVE>: Error creating connection -> Socket connect failed [cause: java.net.ConnectException: Conexão recusada] -- make sure the server is running at localhost:6379
]]></system-err>
  </testcase>
  <testcase name="testPeekFirst[12]" classname="org.springframework.data.redis.support.collections.RedisListTests" time="0.038">
    <error message="Could not get a resource from the pool; nested exception is org.jredis.ClientRuntimeException: null reference:{connection on setConnection()} in method JRedisClient.setConnection() [file: JRedisClient.java line:158 - package: org.jredis.ri.alphazero] cause: =&gt; [IllegalArgumentException: null reference:{connection on setConnection()} in method JRedisClient.setConnection() [file: JRedisClient.java line:158 - package: org.jredis.ri.alphazero]]" type="org.springframework.data.redis.connection.PoolException">org.springframework.data.redis.connection.PoolException: Could not get a resource from the pool; nested exception is org.jredis.ClientRuntimeException: null reference:{connection on setConnection()} in method JRedisClient.setConnection() [file: JRedisClient.java line:158 - package: org.jredis.ri.alphazero] cause: => [IllegalArgumentException: null reference:{connection on setConnection()} in method JRedisClient.setConnection() [file: JRedisClient.java line:158 - package: org.jredis.ri.alphazero]]
Caused by: org.jredis.ClientRuntimeException: null reference:{connection on setConnection()} in method JRedisClient.setConnection() [file: JRedisClient.java line:158 - package: org.jredis.ri.alphazero] cause: => [IllegalArgumentException: null reference:{connection on setConnection()} in method JRedisClient.setConnection() [file: JRedisClient.java line:158 - package: org.jredis.ri.alphazero]]
Caused by: java.lang.IllegalArgumentException: null reference:{connection on setConnection()} in method JRedisClient.setConnection() [file: JRedisClient.java line:158 - package: org.jredis.ri.alphazero]
</error>
  </testcase>
  <testcase name="testOfferLast[12]" classname="org.springframework.data.redis.support.collections.RedisListTests" time="0">
    <error message="Could not get a resource from the pool; nested exception is org.jredis.ClientRuntimeException: null reference:{connection on setConnection()} in method JRedisClient.setConnection() [file: JRedisClient.java line:158 - package: org.jredis.ri.alphazero] cause: =&gt; [IllegalArgumentException: null reference:{connection on setConnection()} in method JRedisClient.setConnection() [file: JRedisClient.java line:158 - package: org.jredis.ri.alphazero]]" type="org.springframework.data.redis.connection.PoolException">org.springframework.data.redis.connection.PoolException: Could not get a resource from the pool; nested exception is org.jredis.ClientRuntimeException: null reference:{connection on setConnection()} in method JRedisClient.setConnection() [file: JRedisClient.java line:158 - package: org.jredis.ri.alphazero] cause: => [IllegalArgumentException: null reference:{connection on setConnection()} in method JRedisClient.setConnection() [file: JRedisClient.java line:158 - package: org.jredis.ri.alphazero]]
Caused by: org.jredis.ClientRuntimeException: null reference:{connection on setConnection()} in method JRedisClient.setConnection() [file: JRedisClient.java line:158 - package: org.jredis.ri.alphazero] cause: => [IllegalArgumentException: null reference:{connection on setConnection()} in method JRedisClient.setConnection() [file: JRedisClient.java line:158 - package: org.jredis.ri.alphazero]]
Caused by: java.lang.IllegalArgumentException: null reference:{connection on setConnection()} in method JRedisClient.setConnection() [file: JRedisClient.java line:158 - package: org.jredis.ri.alphazero]
</error>
    <system-err><![CDATA[01475611470534 Tue Oct 04 17:04:30 BRT 2016 JRedis[tid:1] <INFORMAÇÕES>: WARNING: heartbeat is disabled.
01475611470535 Tue Oct 04 17:04:30 BRT 2016 JRedis[tid:1] <ADVERTÊNCIA>: PROBLEM: Shutting down due to connection FAULT: Socket connect failed [cause: java.net.ConnectException: Conexão recusada] -- make sure the server is running at localhost:6379 - Connection: SYNCHRONOUS  localhost/127.0.0.1:6379 db:0 | SyncConnection@1542598424
01475611470535 Tue Oct 04 17:04:30 BRT 2016 JRedis[tid:1] <GRAVE>: Error creating connection -> Socket connect failed [cause: java.net.ConnectException: Conexão recusada] -- make sure the server is running at localhost:6379
01475611470535 Tue Oct 04 17:04:30 BRT 2016 JRedis[tid:1] <INFORMAÇÕES>: WARNING: heartbeat is disabled.
01475611470535 Tue Oct 04 17:04:30 BRT 2016 JRedis[tid:1] <ADVERTÊNCIA>: PROBLEM: Shutting down due to connection FAULT: Socket connect failed [cause: java.net.ConnectException: Conexão recusada] -- make sure the server is running at localhost:6379 - Connection: SYNCHRONOUS  localhost/127.0.0.1:6379 db:0 | SyncConnection@645875534
01475611470535 Tue Oct 04 17:04:30 BRT 2016 JRedis[tid:1] <GRAVE>: Error creating connection -> Socket connect failed [cause: java.net.ConnectException: Conexão recusada] -- make sure the server is running at localhost:6379
]]></system-err>
  </testcase>
  <testcase name="testOfferLast[12]" classname="org.springframework.data.redis.support.collections.RedisListTests" time="0">
    <error message="Could not get a resource from the pool; nested exception is org.jredis.ClientRuntimeException: null reference:{connection on setConnection()} in method JRedisClient.setConnection() [file: JRedisClient.java line:158 - package: org.jredis.ri.alphazero] cause: =&gt; [IllegalArgumentException: null reference:{connection on setConnection()} in method JRedisClient.setConnection() [file: JRedisClient.java line:158 - package: org.jredis.ri.alphazero]]" type="org.springframework.data.redis.connection.PoolException">org.springframework.data.redis.connection.PoolException: Could not get a resource from the pool; nested exception is org.jredis.ClientRuntimeException: null reference:{connection on setConnection()} in method JRedisClient.setConnection() [file: JRedisClient.java line:158 - package: org.jredis.ri.alphazero] cause: => [IllegalArgumentException: null reference:{connection on setConnection()} in method JRedisClient.setConnection() [file: JRedisClient.java line:158 - package: org.jredis.ri.alphazero]]
Caused by: org.jredis.ClientRuntimeException: null reference:{connection on setConnection()} in method JRedisClient.setConnection() [file: JRedisClient.java line:158 - package: org.jredis.ri.alphazero] cause: => [IllegalArgumentException: null reference:{connection on setConnection()} in method JRedisClient.setConnection() [file: JRedisClient.java line:158 - package: org.jredis.ri.alphazero]]
Caused by: java.lang.IllegalArgumentException: null reference:{connection on setConnection()} in method JRedisClient.setConnection() [file: JRedisClient.java line:158 - package: org.jredis.ri.alphazero]
</error>
  </testcase>
  <testcase name="testGetFirst[12]" classname="org.springframework.data.redis.support.collections.RedisListTests" time="0.001">
    <error message="Could not get a resource from the pool; nested exception is org.jredis.ClientRuntimeException: null reference:{connection on setConnection()} in method JRedisClient.setConnection() [file: JRedisClient.java line:158 - package: org.jredis.ri.alphazero] cause: =&gt; [IllegalArgumentException: null reference:{connection on setConnection()} in method JRedisClient.setConnection() [file: JRedisClient.java line:158 - package: org.jredis.ri.alphazero]]" type="org.springframework.data.redis.connection.PoolException">org.springframework.data.redis.connection.PoolException: Could not get a resource from the pool; nested exception is org.jredis.ClientRuntimeException: null reference:{connection on setConnection()} in method JRedisClient.setConnection() [file: JRedisClient.java line:158 - package: org.jredis.ri.alphazero] cause: => [IllegalArgumentException: null reference:{connection on setConnection()} in method JRedisClient.setConnection() [file: JRedisClient.java line:158 - package: org.jredis.ri.alphazero]]
Caused by: org.jredis.ClientRuntimeException: null reference:{connection on setConnection()} in method JRedisClient.setConnection() [file: JRedisClient.java line:158 - package: org.jredis.ri.alphazero] cause: => [IllegalArgumentException: null reference:{connection on setConnection()} in method JRedisClient.setConnection() [file: JRedisClient.java line:158 - package: org.jredis.ri.alphazero]]
Caused by: java.lang.IllegalArgumentException: null reference:{connection on setConnection()} in method JRedisClient.setConnection() [file: JRedisClient.java line:158 - package: org.jredis.ri.alphazero]
</error>
    <system-err><![CDATA[01475611470536 Tue Oct 04 17:04:30 BRT 2016 JRedis[tid:1] <INFORMAÇÕES>: WARNING: heartbeat is disabled.
01475611470536 Tue Oct 04 17:04:30 BRT 2016 JRedis[tid:1] <ADVERTÊNCIA>: PROBLEM: Shutting down due to connection FAULT: Socket connect failed [cause: java.net.ConnectException: Conexão recusada] -- make sure the server is running at localhost:6379 - Connection: SYNCHRONOUS  localhost/127.0.0.1:6379 db:0 | SyncConnection@2054451662
01475611470536 Tue Oct 04 17:04:30 BRT 2016 JRedis[tid:1] <GRAVE>: Error creating connection -> Socket connect failed [cause: java.net.ConnectException: Conexão recusada] -- make sure the server is running at localhost:6379
01475611470536 Tue Oct 04 17:04:30 BRT 2016 JRedis[tid:1] <INFORMAÇÕES>: WARNING: heartbeat is disabled.
01475611470536 Tue Oct 04 17:04:30 BRT 2016 JRedis[tid:1] <ADVERTÊNCIA>: PROBLEM: Shutting down due to connection FAULT: Socket connect failed [cause: java.net.ConnectException: Conexão recusada] -- make sure the server is running at localhost:6379 - Connection: SYNCHRONOUS  localhost/127.0.0.1:6379 db:0 | SyncConnection@673672784
01475611470536 Tue Oct 04 17:04:30 BRT 2016 JRedis[tid:1] <GRAVE>: Error creating connection -> Socket connect failed [cause: java.net.ConnectException: Conexão recusada] -- make sure the server is running at localhost:6379
]]></system-err>
  </testcase>
  <testcase name="testGetFirst[12]" classname="org.springframework.data.redis.support.collections.RedisListTests" time="0.001">
    <error message="Could not get a resource from the pool; nested exception is org.jredis.ClientRuntimeException: null reference:{connection on setConnection()} in method JRedisClient.setConnection() [file: JRedisClient.java line:158 - package: org.jredis.ri.alphazero] cause: =&gt; [IllegalArgumentException: null reference:{connection on setConnection()} in method JRedisClient.setConnection() [file: JRedisClient.java line:158 - package: org.jredis.ri.alphazero]]" type="org.springframework.data.redis.connection.PoolException">org.springframework.data.redis.connection.PoolException: Could not get a resource from the pool; nested exception is org.jredis.ClientRuntimeException: null reference:{connection on setConnection()} in method JRedisClient.setConnection() [file: JRedisClient.java line:158 - package: org.jredis.ri.alphazero] cause: => [IllegalArgumentException: null reference:{connection on setConnection()} in method JRedisClient.setConnection() [file: JRedisClient.java line:158 - package: org.jredis.ri.alphazero]]
Caused by: org.jredis.ClientRuntimeException: null reference:{connection on setConnection()} in method JRedisClient.setConnection() [file: JRedisClient.java line:158 - package: org.jredis.ri.alphazero] cause: => [IllegalArgumentException: null reference:{connection on setConnection()} in method JRedisClient.setConnection() [file: JRedisClient.java line:158 - package: org.jredis.ri.alphazero]]
Caused by: java.lang.IllegalArgumentException: null reference:{connection on setConnection()} in method JRedisClient.setConnection() [file: JRedisClient.java line:158 - package: org.jredis.ri.alphazero]
</error>
  </testcase>
  <testcase name="testAddLast[12]" classname="org.springframework.data.redis.support.collections.RedisListTests" time="0">
    <error message="Could not get a resource from the pool; nested exception is org.jredis.ClientRuntimeException: null reference:{connection on setConnection()} in method JRedisClient.setConnection() [file: JRedisClient.java line:158 - package: org.jredis.ri.alphazero] cause: =&gt; [IllegalArgumentException: null reference:{connection on setConnection()} in method JRedisClient.setConnection() [file: JRedisClient.java line:158 - package: org.jredis.ri.alphazero]]" type="org.springframework.data.redis.connection.PoolException">org.springframework.data.redis.connection.PoolException: Could not get a resource from the pool; nested exception is org.jredis.ClientRuntimeException: null reference:{connection on setConnection()} in method JRedisClient.setConnection() [file: JRedisClient.java line:158 - package: org.jredis.ri.alphazero] cause: => [IllegalArgumentException: null reference:{connection on setConnection()} in method JRedisClient.setConnection() [file: JRedisClient.java line:158 - package: org.jredis.ri.alphazero]]
Caused by: org.jredis.ClientRuntimeException: null reference:{connection on setConnection()} in method JRedisClient.setConnection() [file: JRedisClient.java line:158 - package: org.jredis.ri.alphazero] cause: => [IllegalArgumentException: null reference:{connection on setConnection()} in method JRedisClient.setConnection() [file: JRedisClient.java line:158 - package: org.jredis.ri.alphazero]]
Caused by: java.lang.IllegalArgumentException: null reference:{connection on setConnection()} in method JRedisClient.setConnection() [file: JRedisClient.java line:158 - package: org.jredis.ri.alphazero]
</error>
    <system-err><![CDATA[01475611470537 Tue Oct 04 17:04:30 BRT 2016 JRedis[tid:1] <INFORMAÇÕES>: WARNING: heartbeat is disabled.
01475611470537 Tue Oct 04 17:04:30 BRT 2016 JRedis[tid:1] <ADVERTÊNCIA>: PROBLEM: Shutting down due to connection FAULT: Socket connect failed [cause: java.net.ConnectException: Conexão recusada] -- make sure the server is running at localhost:6379 - Connection: SYNCHRONOUS  localhost/127.0.0.1:6379 db:0 | SyncConnection@1659309731
01475611470537 Tue Oct 04 17:04:30 BRT 2016 JRedis[tid:1] <GRAVE>: Error creating connection -> Socket connect failed [cause: java.net.ConnectException: Conexão recusada] -- make sure the server is running at localhost:6379
01475611470537 Tue Oct 04 17:04:30 BRT 2016 JRedis[tid:1] <INFORMAÇÕES>: WARNING: heartbeat is disabled.
01475611470538 Tue Oct 04 17:04:30 BRT 2016 JRedis[tid:1] <ADVERTÊNCIA>: PROBLEM: Shutting down due to connection FAULT: Socket connect failed [cause: java.net.ConnectException: Conexão recusada] -- make sure the server is running at localhost:6379 - Connection: SYNCHRONOUS  localhost/127.0.0.1:6379 db:0 | SyncConnection@1056862342
01475611470538 Tue Oct 04 17:04:30 BRT 2016 JRedis[tid:1] <GRAVE>: Error creating connection -> Socket connect failed [cause: java.net.ConnectException: Conexão recusada] -- make sure the server is running at localhost:6379
]]></system-err>
  </testcase>
  <testcase name="testAddLast[12]" classname="org.springframework.data.redis.support.collections.RedisListTests" time="0">
    <error message="Could not get a resource from the pool; nested exception is org.jredis.ClientRuntimeException: null reference:{connection on setConnection()} in method JRedisClient.setConnection() [file: JRedisClient.java line:158 - package: org.jredis.ri.alphazero] cause: =&gt; [IllegalArgumentException: null reference:{connection on setConnection()} in method JRedisClient.setConnection() [file: JRedisClient.java line:158 - package: org.jredis.ri.alphazero]]" type="org.springframework.data.redis.connection.PoolException">org.springframework.data.redis.connection.PoolException: Could not get a resource from the pool; nested exception is org.jredis.ClientRuntimeException: null reference:{connection on setConnection()} in method JRedisClient.setConnection() [file: JRedisClient.java line:158 - package: org.jredis.ri.alphazero] cause: => [IllegalArgumentException: null reference:{connection on setConnection()} in method JRedisClient.setConnection() [file: JRedisClient.java line:158 - package: org.jredis.ri.alphazero]]
Caused by: org.jredis.ClientRuntimeException: null reference:{connection on setConnection()} in method JRedisClient.setConnection() [file: JRedisClient.java line:158 - package: org.jredis.ri.alphazero] cause: => [IllegalArgumentException: null reference:{connection on setConnection()} in method JRedisClient.setConnection() [file: JRedisClient.java line:158 - package: org.jredis.ri.alphazero]]
Caused by: java.lang.IllegalArgumentException: null reference:{connection on setConnection()} in method JRedisClient.setConnection() [file: JRedisClient.java line:158 - package: org.jredis.ri.alphazero]
</error>
  </testcase>
  <testcase name="testPop[12]" classname="org.springframework.data.redis.support.collections.RedisListTests" time="0">
    <error message="Could not get a resource from the pool; nested exception is org.jredis.ClientRuntimeException: null reference:{connection on setConnection()} in method JRedisClient.setConnection() [file: JRedisClient.java line:158 - package: org.jredis.ri.alphazero] cause: =&gt; [IllegalArgumentException: null reference:{connection on setConnection()} in method JRedisClient.setConnection() [file: JRedisClient.java line:158 - package: org.jredis.ri.alphazero]]" type="org.springframework.data.redis.connection.PoolException">org.springframework.data.redis.connection.PoolException: Could not get a resource from the pool; nested exception is org.jredis.ClientRuntimeException: null reference:{connection on setConnection()} in method JRedisClient.setConnection() [file: JRedisClient.java line:158 - package: org.jredis.ri.alphazero] cause: => [IllegalArgumentException: null reference:{connection on setConnection()} in method JRedisClient.setConnection() [file: JRedisClient.java line:158 - package: org.jredis.ri.alphazero]]
Caused by: org.jredis.ClientRuntimeException: null reference:{connection on setConnection()} in method JRedisClient.setConnection() [file: JRedisClient.java line:158 - package: org.jredis.ri.alphazero] cause: => [IllegalArgumentException: null reference:{connection on setConnection()} in method JRedisClient.setConnection() [file: JRedisClient.java line:158 - package: org.jredis.ri.alphazero]]
Caused by: java.lang.IllegalArgumentException: null reference:{connection on setConnection()} in method JRedisClient.setConnection() [file: JRedisClient.java line:158 - package: org.jredis.ri.alphazero]
</error>
    <system-err><![CDATA[01475611470538 Tue Oct 04 17:04:30 BRT 2016 JRedis[tid:1] <INFORMAÇÕES>: WARNING: heartbeat is disabled.
01475611470538 Tue Oct 04 17:04:30 BRT 2016 JRedis[tid:1] <ADVERTÊNCIA>: PROBLEM: Shutting down due to connection FAULT: Socket connect failed [cause: java.net.ConnectException: Conexão recusada] -- make sure the server is running at localhost:6379 - Connection: SYNCHRONOUS  localhost/127.0.0.1:6379 db:0 | SyncConnection@1734184086
01475611470538 Tue Oct 04 17:04:30 BRT 2016 JRedis[tid:1] <GRAVE>: Error creating connection -> Socket connect failed [cause: java.net.ConnectException: Conexão recusada] -- make sure the server is running at localhost:6379
01475611470538 Tue Oct 04 17:04:30 BRT 2016 JRedis[tid:1] <INFORMAÇÕES>: WARNING: heartbeat is disabled.
01475611470539 Tue Oct 04 17:04:30 BRT 2016 JRedis[tid:1] <ADVERTÊNCIA>: PROBLEM: Shutting down due to connection FAULT: Socket connect failed [cause: java.net.ConnectException: Conexão recusada] -- make sure the server is running at localhost:6379 - Connection: SYNCHRONOUS  localhost/127.0.0.1:6379 db:0 | SyncConnection@1947941827
01475611470539 Tue Oct 04 17:04:30 BRT 2016 JRedis[tid:1] <GRAVE>: Error creating connection -> Socket connect failed [cause: java.net.ConnectException: Conexão recusada] -- make sure the server is running at localhost:6379
]]></system-err>
  </testcase>
  <testcase name="testPop[12]" classname="org.springframework.data.redis.support.collections.RedisListTests" time="0">
    <error message="Could not get a resource from the pool; nested exception is org.jredis.ClientRuntimeException: null reference:{connection on setConnection()} in method JRedisClient.setConnection() [file: JRedisClient.java line:158 - package: org.jredis.ri.alphazero] cause: =&gt; [IllegalArgumentException: null reference:{connection on setConnection()} in method JRedisClient.setConnection() [file: JRedisClient.java line:158 - package: org.jredis.ri.alphazero]]" type="org.springframework.data.redis.connection.PoolException">org.springframework.data.redis.connection.PoolException: Could not get a resource from the pool; nested exception is org.jredis.ClientRuntimeException: null reference:{connection on setConnection()} in method JRedisClient.setConnection() [file: JRedisClient.java line:158 - package: org.jredis.ri.alphazero] cause: => [IllegalArgumentException: null reference:{connection on setConnection()} in method JRedisClient.setConnection() [file: JRedisClient.java line:158 - package: org.jredis.ri.alphazero]]
Caused by: org.jredis.ClientRuntimeException: null reference:{connection on setConnection()} in method JRedisClient.setConnection() [file: JRedisClient.java line:158 - package: org.jredis.ri.alphazero] cause: => [IllegalArgumentException: null reference:{connection on setConnection()} in method JRedisClient.setConnection() [file: JRedisClient.java line:158 - package: org.jredis.ri.alphazero]]
Caused by: java.lang.IllegalArgumentException: null reference:{connection on setConnection()} in method JRedisClient.setConnection() [file: JRedisClient.java line:158 - package: org.jredis.ri.alphazero]
</error>
  </testcase>
  <testcase name="testPut[12]" classname="org.springframework.data.redis.support.collections.RedisListTests" time="0.001">
    <error message="Could not get a resource from the pool; nested exception is org.jredis.ClientRuntimeException: null reference:{connection on setConnection()} in method JRedisClient.setConnection() [file: JRedisClient.java line:158 - package: org.jredis.ri.alphazero] cause: =&gt; [IllegalArgumentException: null reference:{connection on setConnection()} in method JRedisClient.setConnection() [file: JRedisClient.java line:158 - package: org.jredis.ri.alphazero]]" type="org.springframework.data.redis.connection.PoolException">org.springframework.data.redis.connection.PoolException: Could not get a resource from the pool; nested exception is org.jredis.ClientRuntimeException: null reference:{connection on setConnection()} in method JRedisClient.setConnection() [file: JRedisClient.java line:158 - package: org.jredis.ri.alphazero] cause: => [IllegalArgumentException: null reference:{connection on setConnection()} in method JRedisClient.setConnection() [file: JRedisClient.java line:158 - package: org.jredis.ri.alphazero]]
Caused by: org.jredis.ClientRuntimeException: null reference:{connection on setConnection()} in method JRedisClient.setConnection() [file: JRedisClient.java line:158 - package: org.jredis.ri.alphazero] cause: => [IllegalArgumentException: null reference:{connection on setConnection()} in method JRedisClient.setConnection() [file: JRedisClient.java line:158 - package: org.jredis.ri.alphazero]]
Caused by: java.lang.IllegalArgumentException: null reference:{connection on setConnection()} in method JRedisClient.setConnection() [file: JRedisClient.java line:158 - package: org.jredis.ri.alphazero]
</error>
    <system-err><![CDATA[01475611470539 Tue Oct 04 17:04:30 BRT 2016 JRedis[tid:1] <INFORMAÇÕES>: WARNING: heartbeat is disabled.
01475611470540 Tue Oct 04 17:04:30 BRT 2016 JRedis[tid:1] <ADVERTÊNCIA>: PROBLEM: Shutting down due to connection FAULT: Socket connect failed [cause: java.net.ConnectException: Conexão recusada] -- make sure the server is running at localhost:6379 - Connection: SYNCHRONOUS  localhost/127.0.0.1:6379 db:0 | SyncConnection@785625589
01475611470540 Tue Oct 04 17:04:30 BRT 2016 JRedis[tid:1] <GRAVE>: Error creating connection -> Socket connect failed [cause: java.net.ConnectException: Conexão recusada] -- make sure the server is running at localhost:6379
01475611470540 Tue Oct 04 17:04:30 BRT 2016 JRedis[tid:1] <INFORMAÇÕES>: WARNING: heartbeat is disabled.
01475611470540 Tue Oct 04 17:04:30 BRT 2016 JRedis[tid:1] <ADVERTÊNCIA>: PROBLEM: Shutting down due to connection FAULT: Socket connect failed [cause: java.net.ConnectException: Conexão recusada] -- make sure the server is running at localhost:6379 - Connection: SYNCHRONOUS  localhost/127.0.0.1:6379 db:0 | SyncConnection@1667534569
01475611470540 Tue Oct 04 17:04:30 BRT 2016 JRedis[tid:1] <GRAVE>: Error creating connection -> Socket connect failed [cause: java.net.ConnectException: Conexão recusada] -- make sure the server is running at localhost:6379
]]></system-err>
  </testcase>
  <testcase name="testPut[12]" classname="org.springframework.data.redis.support.collections.RedisListTests" time="0.001">
    <error message="Could not get a resource from the pool; nested exception is org.jredis.ClientRuntimeException: null reference:{connection on setConnection()} in method JRedisClient.setConnection() [file: JRedisClient.java line:158 - package: org.jredis.ri.alphazero] cause: =&gt; [IllegalArgumentException: null reference:{connection on setConnection()} in method JRedisClient.setConnection() [file: JRedisClient.java line:158 - package: org.jredis.ri.alphazero]]" type="org.springframework.data.redis.connection.PoolException">org.springframework.data.redis.connection.PoolException: Could not get a resource from the pool; nested exception is org.jredis.ClientRuntimeException: null reference:{connection on setConnection()} in method JRedisClient.setConnection() [file: JRedisClient.java line:158 - package: org.jredis.ri.alphazero] cause: => [IllegalArgumentException: null reference:{connection on setConnection()} in method JRedisClient.setConnection() [file: JRedisClient.java line:158 - package: org.jredis.ri.alphazero]]
Caused by: org.jredis.ClientRuntimeException: null reference:{connection on setConnection()} in method JRedisClient.setConnection() [file: JRedisClient.java line:158 - package: org.jredis.ri.alphazero] cause: => [IllegalArgumentException: null reference:{connection on setConnection()} in method JRedisClient.setConnection() [file: JRedisClient.java line:158 - package: org.jredis.ri.alphazero]]
Caused by: java.lang.IllegalArgumentException: null reference:{connection on setConnection()} in method JRedisClient.setConnection() [file: JRedisClient.java line:158 - package: org.jredis.ri.alphazero]
</error>
  </testcase>
  <testcase name="testSet[12]" classname="org.springframework.data.redis.support.collections.RedisListTests" time="0">
    <error message="Could not get a resource from the pool; nested exception is org.jredis.ClientRuntimeException: null reference:{connection on setConnection()} in method JRedisClient.setConnection() [file: JRedisClient.java line:158 - package: org.jredis.ri.alphazero] cause: =&gt; [IllegalArgumentException: null reference:{connection on setConnection()} in method JRedisClient.setConnection() [file: JRedisClient.java line:158 - package: org.jredis.ri.alphazero]]" type="org.springframework.data.redis.connection.PoolException">org.springframework.data.redis.connection.PoolException: Could not get a resource from the pool; nested exception is org.jredis.ClientRuntimeException: null reference:{connection on setConnection()} in method JRedisClient.setConnection() [file: JRedisClient.java line:158 - package: org.jredis.ri.alphazero] cause: => [IllegalArgumentException: null reference:{connection on setConnection()} in method JRedisClient.setConnection() [file: JRedisClient.java line:158 - package: org.jredis.ri.alphazero]]
Caused by: org.jredis.ClientRuntimeException: null reference:{connection on setConnection()} in method JRedisClient.setConnection() [file: JRedisClient.java line:158 - package: org.jredis.ri.alphazero] cause: => [IllegalArgumentException: null reference:{connection on setConnection()} in method JRedisClient.setConnection() [file: JRedisClient.java line:158 - package: org.jredis.ri.alphazero]]
Caused by: java.lang.IllegalArgumentException: null reference:{connection on setConnection()} in method JRedisClient.setConnection() [file: JRedisClient.java line:158 - package: org.jredis.ri.alphazero]
</error>
    <system-err><![CDATA[01475611470541 Tue Oct 04 17:04:30 BRT 2016 JRedis[tid:1] <INFORMAÇÕES>: WARNING: heartbeat is disabled.
01475611470541 Tue Oct 04 17:04:30 BRT 2016 JRedis[tid:1] <ADVERTÊNCIA>: PROBLEM: Shutting down due to connection FAULT: Socket connect failed [cause: java.net.ConnectException: Conexão recusada] -- make sure the server is running at localhost:6379 - Connection: SYNCHRONOUS  localhost/127.0.0.1:6379 db:0 | SyncConnection@1758893871
01475611470541 Tue Oct 04 17:04:30 BRT 2016 JRedis[tid:1] <GRAVE>: Error creating connection -> Socket connect failed [cause: java.net.ConnectException: Conexão recusada] -- make sure the server is running at localhost:6379
01475611470541 Tue Oct 04 17:04:30 BRT 2016 JRedis[tid:1] <INFORMAÇÕES>: WARNING: heartbeat is disabled.
01475611470541 Tue Oct 04 17:04:30 BRT 2016 JRedis[tid:1] <ADVERTÊNCIA>: PROBLEM: Shutting down due to connection FAULT: Socket connect failed [cause: java.net.ConnectException: Conexão recusada] -- make sure the server is running at localhost:6379 - Connection: SYNCHRONOUS  localhost/127.0.0.1:6379 db:0 | SyncConnection@1170111701
01475611470541 Tue Oct 04 17:04:30 BRT 2016 JRedis[tid:1] <GRAVE>: Error creating connection -> Socket connect failed [cause: java.net.ConnectException: Conexão recusada] -- make sure the server is running at localhost:6379
]]></system-err>
  </testcase>
  <testcase name="testSet[12]" classname="org.springframework.data.redis.support.collections.RedisListTests" time="0">
    <error message="Could not get a resource from the pool; nested exception is org.jredis.ClientRuntimeException: null reference:{connection on setConnection()} in method JRedisClient.setConnection() [file: JRedisClient.java line:158 - package: org.jredis.ri.alphazero] cause: =&gt; [IllegalArgumentException: null reference:{connection on setConnection()} in method JRedisClient.setConnection() [file: JRedisClient.java line:158 - package: org.jredis.ri.alphazero]]" type="org.springframework.data.redis.connection.PoolException">org.springframework.data.redis.connection.PoolException: Could not get a resource from the pool; nested exception is org.jredis.ClientRuntimeException: null reference:{connection on setConnection()} in method JRedisClient.setConnection() [file: JRedisClient.java line:158 - package: org.jredis.ri.alphazero] cause: => [IllegalArgumentException: null reference:{connection on setConnection()} in method JRedisClient.setConnection() [file: JRedisClient.java line:158 - package: org.jredis.ri.alphazero]]
Caused by: org.jredis.ClientRuntimeException: null reference:{connection on setConnection()} in method JRedisClient.setConnection() [file: JRedisClient.java line:158 - package: org.jredis.ri.alphazero] cause: => [IllegalArgumentException: null reference:{connection on setConnection()} in method JRedisClient.setConnection() [file: JRedisClient.java line:158 - package: org.jredis.ri.alphazero]]
Caused by: java.lang.IllegalArgumentException: null reference:{connection on setConnection()} in method JRedisClient.setConnection() [file: JRedisClient.java line:158 - package: org.jredis.ri.alphazero]
</error>
  </testcase>
  <testcase name="testOffer[12]" classname="org.springframework.data.redis.support.collections.RedisListTests" time="0.001">
    <error message="Could not get a resource from the pool; nested exception is org.jredis.ClientRuntimeException: null reference:{connection on setConnection()} in method JRedisClient.setConnection() [file: JRedisClient.java line:158 - package: org.jredis.ri.alphazero] cause: =&gt; [IllegalArgumentException: null reference:{connection on setConnection()} in method JRedisClient.setConnection() [file: JRedisClient.java line:158 - package: org.jredis.ri.alphazero]]" type="org.springframework.data.redis.connection.PoolException">org.springframework.data.redis.connection.PoolException: Could not get a resource from the pool; nested exception is org.jredis.ClientRuntimeException: null reference:{connection on setConnection()} in method JRedisClient.setConnection() [file: JRedisClient.java line:158 - package: org.jredis.ri.alphazero] cause: => [IllegalArgumentException: null reference:{connection on setConnection()} in method JRedisClient.setConnection() [file: JRedisClient.java line:158 - package: org.jredis.ri.alphazero]]
Caused by: org.jredis.ClientRuntimeException: null reference:{connection on setConnection()} in method JRedisClient.setConnection() [file: JRedisClient.java line:158 - package: org.jredis.ri.alphazero] cause: => [IllegalArgumentException: null reference:{connection on setConnection()} in method JRedisClient.setConnection() [file: JRedisClient.java line:158 - package: org.jredis.ri.alphazero]]
Caused by: java.lang.IllegalArgumentException: null reference:{connection on setConnection()} in method JRedisClient.setConnection() [file: JRedisClient.java line:158 - package: org.jredis.ri.alphazero]
</error>
    <system-err><![CDATA[01475611470542 Tue Oct 04 17:04:30 BRT 2016 JRedis[tid:1] <INFORMAÇÕES>: WARNING: heartbeat is disabled.
01475611470542 Tue Oct 04 17:04:30 BRT 2016 JRedis[tid:1] <ADVERTÊNCIA>: PROBLEM: Shutting down due to connection FAULT: Socket connect failed [cause: java.net.ConnectException: Conexão recusada] -- make sure the server is running at localhost:6379 - Connection: SYNCHRONOUS  localhost/127.0.0.1:6379 db:0 | SyncConnection@1985028494
01475611470542 Tue Oct 04 17:04:30 BRT 2016 JRedis[tid:1] <GRAVE>: Error creating connection -> Socket connect failed [cause: java.net.ConnectException: Conexão recusada] -- make sure the server is running at localhost:6379
01475611470542 Tue Oct 04 17:04:30 BRT 2016 JRedis[tid:1] <INFORMAÇÕES>: WARNING: heartbeat is disabled.
01475611470543 Tue Oct 04 17:04:30 BRT 2016 JRedis[tid:1] <ADVERTÊNCIA>: PROBLEM: Shutting down due to connection FAULT: Socket connect failed [cause: java.net.ConnectException: Conexão recusada] -- make sure the server is running at localhost:6379 - Connection: SYNCHRONOUS  localhost/127.0.0.1:6379 db:0 | SyncConnection@830863979
01475611470543 Tue Oct 04 17:04:30 BRT 2016 JRedis[tid:1] <GRAVE>: Error creating connection -> Socket connect failed [cause: java.net.ConnectException: Conexão recusada] -- make sure the server is running at localhost:6379
]]></system-err>
  </testcase>
  <testcase name="testOffer[12]" classname="org.springframework.data.redis.support.collections.RedisListTests" time="0.001">
    <error message="Could not get a resource from the pool; nested exception is org.jredis.ClientRuntimeException: null reference:{connection on setConnection()} in method JRedisClient.setConnection() [file: JRedisClient.java line:158 - package: org.jredis.ri.alphazero] cause: =&gt; [IllegalArgumentException: null reference:{connection on setConnection()} in method JRedisClient.setConnection() [file: JRedisClient.java line:158 - package: org.jredis.ri.alphazero]]" type="org.springframework.data.redis.connection.PoolException">org.springframework.data.redis.connection.PoolException: Could not get a resource from the pool; nested exception is org.jredis.ClientRuntimeException: null reference:{connection on setConnection()} in method JRedisClient.setConnection() [file: JRedisClient.java line:158 - package: org.jredis.ri.alphazero] cause: => [IllegalArgumentException: null reference:{connection on setConnection()} in method JRedisClient.setConnection() [file: JRedisClient.java line:158 - package: org.jredis.ri.alphazero]]
Caused by: org.jredis.ClientRuntimeException: null reference:{connection on setConnection()} in method JRedisClient.setConnection() [file: JRedisClient.java line:158 - package: org.jredis.ri.alphazero] cause: => [IllegalArgumentException: null reference:{connection on setConnection()} in method JRedisClient.setConnection() [file: JRedisClient.java line:158 - package: org.jredis.ri.alphazero]]
Caused by: java.lang.IllegalArgumentException: null reference:{connection on setConnection()} in method JRedisClient.setConnection() [file: JRedisClient.java line:158 - package: org.jredis.ri.alphazero]
</error>
  </testcase>
  <testcase name="testRange[12]" classname="org.springframework.data.redis.support.collections.RedisListTests" time="0">
    <error message="Could not get a resource from the pool; nested exception is org.jredis.ClientRuntimeException: null reference:{connection on setConnection()} in method JRedisClient.setConnection() [file: JRedisClient.java line:158 - package: org.jredis.ri.alphazero] cause: =&gt; [IllegalArgumentException: null reference:{connection on setConnection()} in method JRedisClient.setConnection() [file: JRedisClient.java line:158 - package: org.jredis.ri.alphazero]]" type="org.springframework.data.redis.connection.PoolException">org.springframework.data.redis.connection.PoolException: Could not get a resource from the pool; nested exception is org.jredis.ClientRuntimeException: null reference:{connection on setConnection()} in method JRedisClient.setConnection() [file: JRedisClient.java line:158 - package: org.jredis.ri.alphazero] cause: => [IllegalArgumentException: null reference:{connection on setConnection()} in method JRedisClient.setConnection() [file: JRedisClient.java line:158 - package: org.jredis.ri.alphazero]]
Caused by: org.jredis.ClientRuntimeException: null reference:{connection on setConnection()} in method JRedisClient.setConnection() [file: JRedisClient.java line:158 - package: org.jredis.ri.alphazero] cause: => [IllegalArgumentException: null reference:{connection on setConnection()} in method JRedisClient.setConnection() [file: JRedisClient.java line:158 - package: org.jredis.ri.alphazero]]
Caused by: java.lang.IllegalArgumentException: null reference:{connection on setConnection()} in method JRedisClient.setConnection() [file: JRedisClient.java line:158 - package: org.jredis.ri.alphazero]
</error>
    <system-err><![CDATA[01475611470543 Tue Oct 04 17:04:30 BRT 2016 JRedis[tid:1] <INFORMAÇÕES>: WARNING: heartbeat is disabled.
01475611470543 Tue Oct 04 17:04:30 BRT 2016 JRedis[tid:1] <ADVERTÊNCIA>: PROBLEM: Shutting down due to connection FAULT: Socket connect failed [cause: java.net.ConnectException: Conexão recusada] -- make sure the server is running at localhost:6379 - Connection: SYNCHRONOUS  localhost/127.0.0.1:6379 db:0 | SyncConnection@1832283291
01475611470543 Tue Oct 04 17:04:30 BRT 2016 JRedis[tid:1] <GRAVE>: Error creating connection -> Socket connect failed [cause: java.net.ConnectException: Conexão recusada] -- make sure the server is running at localhost:6379
01475611470544 Tue Oct 04 17:04:30 BRT 2016 JRedis[tid:1] <INFORMAÇÕES>: WARNING: heartbeat is disabled.
01475611470544 Tue Oct 04 17:04:30 BRT 2016 JRedis[tid:1] <ADVERTÊNCIA>: PROBLEM: Shutting down due to connection FAULT: Socket connect failed [cause: java.net.ConnectException: Conexão recusada] -- make sure the server is running at localhost:6379 - Connection: SYNCHRONOUS  localhost/127.0.0.1:6379 db:0 | SyncConnection@1532554556
01475611470544 Tue Oct 04 17:04:30 BRT 2016 JRedis[tid:1] <GRAVE>: Error creating connection -> Socket connect failed [cause: java.net.ConnectException: Conexão recusada] -- make sure the server is running at localhost:6379
]]></system-err>
  </testcase>
  <testcase name="testRange[12]" classname="org.springframework.data.redis.support.collections.RedisListTests" time="0">
    <error message="Could not get a resource from the pool; nested exception is org.jredis.ClientRuntimeException: null reference:{connection on setConnection()} in method JRedisClient.setConnection() [file: JRedisClient.java line:158 - package: org.jredis.ri.alphazero] cause: =&gt; [IllegalArgumentException: null reference:{connection on setConnection()} in method JRedisClient.setConnection() [file: JRedisClient.java line:158 - package: org.jredis.ri.alphazero]]" type="org.springframework.data.redis.connection.PoolException">org.springframework.data.redis.connection.PoolException: Could not get a resource from the pool; nested exception is org.jredis.ClientRuntimeException: null reference:{connection on setConnection()} in method JRedisClient.setConnection() [file: JRedisClient.java line:158 - package: org.jredis.ri.alphazero] cause: => [IllegalArgumentException: null reference:{connection on setConnection()} in method JRedisClient.setConnection() [file: JRedisClient.java line:158 - package: org.jredis.ri.alphazero]]
Caused by: org.jredis.ClientRuntimeException: null reference:{connection on setConnection()} in method JRedisClient.setConnection() [file: JRedisClient.java line:158 - package: org.jredis.ri.alphazero] cause: => [IllegalArgumentException: null reference:{connection on setConnection()} in method JRedisClient.setConnection() [file: JRedisClient.java line:158 - package: org.jredis.ri.alphazero]]
Caused by: java.lang.IllegalArgumentException: null reference:{connection on setConnection()} in method JRedisClient.setConnection() [file: JRedisClient.java line:158 - package: org.jredis.ri.alphazero]
</error>
  </testcase>
  <testcase name="testLast[12]" classname="org.springframework.data.redis.support.collections.RedisListTests" time="0.001">
    <error message="Could not get a resource from the pool; nested exception is org.jredis.ClientRuntimeException: null reference:{connection on setConnection()} in method JRedisClient.setConnection() [file: JRedisClient.java line:158 - package: org.jredis.ri.alphazero] cause: =&gt; [IllegalArgumentException: null reference:{connection on setConnection()} in method JRedisClient.setConnection() [file: JRedisClient.java line:158 - package: org.jredis.ri.alphazero]]" type="org.springframework.data.redis.connection.PoolException">org.springframework.data.redis.connection.PoolException: Could not get a resource from the pool; nested exception is org.jredis.ClientRuntimeException: null reference:{connection on setConnection()} in method JRedisClient.setConnection() [file: JRedisClient.java line:158 - package: org.jredis.ri.alphazero] cause: => [IllegalArgumentException: null reference:{connection on setConnection()} in method JRedisClient.setConnection() [file: JRedisClient.java line:158 - package: org.jredis.ri.alphazero]]
Caused by: org.jredis.ClientRuntimeException: null reference:{connection on setConnection()} in method JRedisClient.setConnection() [file: JRedisClient.java line:158 - package: org.jredis.ri.alphazero] cause: => [IllegalArgumentException: null reference:{connection on setConnection()} in method JRedisClient.setConnection() [file: JRedisClient.java line:158 - package: org.jredis.ri.alphazero]]
Caused by: java.lang.IllegalArgumentException: null reference:{connection on setConnection()} in method JRedisClient.setConnection() [file: JRedisClient.java line:158 - package: org.jredis.ri.alphazero]
</error>
    <system-err><![CDATA[01475611470544 Tue Oct 04 17:04:30 BRT 2016 JRedis[tid:1] <INFORMAÇÕES>: WARNING: heartbeat is disabled.
01475611470545 Tue Oct 04 17:04:30 BRT 2016 JRedis[tid:1] <ADVERTÊNCIA>: PROBLEM: Shutting down due to connection FAULT: Socket connect failed [cause: java.net.ConnectException: Conexão recusada] -- make sure the server is running at localhost:6379 - Connection: SYNCHRONOUS  localhost/127.0.0.1:6379 db:0 | SyncConnection@620423816
01475611470545 Tue Oct 04 17:04:30 BRT 2016 JRedis[tid:1] <GRAVE>: Error creating connection -> Socket connect failed [cause: java.net.ConnectException: Conexão recusada] -- make sure the server is running at localhost:6379
01475611470545 Tue Oct 04 17:04:30 BRT 2016 JRedis[tid:1] <INFORMAÇÕES>: WARNING: heartbeat is disabled.
01475611470545 Tue Oct 04 17:04:30 BRT 2016 JRedis[tid:1] <ADVERTÊNCIA>: PROBLEM: Shutting down due to connection FAULT: Socket connect failed [cause: java.net.ConnectException: Conexão recusada] -- make sure the server is running at localhost:6379 - Connection: SYNCHRONOUS  localhost/127.0.0.1:6379 db:0 | SyncConnection@976358110
01475611470545 Tue Oct 04 17:04:30 BRT 2016 JRedis[tid:1] <GRAVE>: Error creating connection -> Socket connect failed [cause: java.net.ConnectException: Conexão recusada] -- make sure the server is running at localhost:6379
]]></system-err>
  </testcase>
  <testcase name="testLast[12]" classname="org.springframework.data.redis.support.collections.RedisListTests" time="0.001">
    <error message="Could not get a resource from the pool; nested exception is org.jredis.ClientRuntimeException: null reference:{connection on setConnection()} in method JRedisClient.setConnection() [file: JRedisClient.java line:158 - package: org.jredis.ri.alphazero] cause: =&gt; [IllegalArgumentException: null reference:{connection on setConnection()} in method JRedisClient.setConnection() [file: JRedisClient.java line:158 - package: org.jredis.ri.alphazero]]" type="org.springframework.data.redis.connection.PoolException">org.springframework.data.redis.connection.PoolException: Could not get a resource from the pool; nested exception is org.jredis.ClientRuntimeException: null reference:{connection on setConnection()} in method JRedisClient.setConnection() [file: JRedisClient.java line:158 - package: org.jredis.ri.alphazero] cause: => [IllegalArgumentException: null reference:{connection on setConnection()} in method JRedisClient.setConnection() [file: JRedisClient.java line:158 - package: org.jredis.ri.alphazero]]
Caused by: org.jredis.ClientRuntimeException: null reference:{connection on setConnection()} in method JRedisClient.setConnection() [file: JRedisClient.java line:158 - package: org.jredis.ri.alphazero] cause: => [IllegalArgumentException: null reference:{connection on setConnection()} in method JRedisClient.setConnection() [file: JRedisClient.java line:158 - package: org.jredis.ri.alphazero]]
Caused by: java.lang.IllegalArgumentException: null reference:{connection on setConnection()} in method JRedisClient.setConnection() [file: JRedisClient.java line:158 - package: org.jredis.ri.alphazero]
</error>
  </testcase>
  <testcase name="testPeek[12]" classname="org.springframework.data.redis.support.collections.RedisListTests" time="0">
    <error message="Could not get a resource from the pool; nested exception is org.jredis.ClientRuntimeException: null reference:{connection on setConnection()} in method JRedisClient.setConnection() [file: JRedisClient.java line:158 - package: org.jredis.ri.alphazero] cause: =&gt; [IllegalArgumentException: null reference:{connection on setConnection()} in method JRedisClient.setConnection() [file: JRedisClient.java line:158 - package: org.jredis.ri.alphazero]]" type="org.springframework.data.redis.connection.PoolException">org.springframework.data.redis.connection.PoolException: Could not get a resource from the pool; nested exception is org.jredis.ClientRuntimeException: null reference:{connection on setConnection()} in method JRedisClient.setConnection() [file: JRedisClient.java line:158 - package: org.jredis.ri.alphazero] cause: => [IllegalArgumentException: null reference:{connection on setConnection()} in method JRedisClient.setConnection() [file: JRedisClient.java line:158 - package: org.jredis.ri.alphazero]]
Caused by: org.jredis.ClientRuntimeException: null reference:{connection on setConnection()} in method JRedisClient.setConnection() [file: JRedisClient.java line:158 - package: org.jredis.ri.alphazero] cause: => [IllegalArgumentException: null reference:{connection on setConnection()} in method JRedisClient.setConnection() [file: JRedisClient.java line:158 - package: org.jredis.ri.alphazero]]
Caused by: java.lang.IllegalArgumentException: null reference:{connection on setConnection()} in method JRedisClient.setConnection() [file: JRedisClient.java line:158 - package: org.jredis.ri.alphazero]
</error>
    <system-err><![CDATA[01475611470546 Tue Oct 04 17:04:30 BRT 2016 JRedis[tid:1] <INFORMAÇÕES>: WARNING: heartbeat is disabled.
01475611470546 Tue Oct 04 17:04:30 BRT 2016 JRedis[tid:1] <ADVERTÊNCIA>: PROBLEM: Shutting down due to connection FAULT: Socket connect failed [cause: java.net.ConnectException: Conexão recusada] -- make sure the server is running at localhost:6379 - Connection: SYNCHRONOUS  localhost/127.0.0.1:6379 db:0 | SyncConnection@1690233783
01475611470546 Tue Oct 04 17:04:30 BRT 2016 JRedis[tid:1] <GRAVE>: Error creating connection -> Socket connect failed [cause: java.net.ConnectException: Conexão recusada] -- make sure the server is running at localhost:6379
01475611470546 Tue Oct 04 17:04:30 BRT 2016 JRedis[tid:1] <INFORMAÇÕES>: WARNING: heartbeat is disabled.
01475611470546 Tue Oct 04 17:04:30 BRT 2016 JRedis[tid:1] <ADVERTÊNCIA>: PROBLEM: Shutting down due to connection FAULT: Socket connect failed [cause: java.net.ConnectException: Conexão recusada] -- make sure the server is running at localhost:6379 - Connection: SYNCHRONOUS  localhost/127.0.0.1:6379 db:0 | SyncConnection@2014563089
01475611470546 Tue Oct 04 17:04:30 BRT 2016 JRedis[tid:1] <GRAVE>: Error creating connection -> Socket connect failed [cause: java.net.ConnectException: Conexão recusada] -- make sure the server is running at localhost:6379
]]></system-err>
  </testcase>
  <testcase name="testPeek[12]" classname="org.springframework.data.redis.support.collections.RedisListTests" time="0">
    <error message="Could not get a resource from the pool; nested exception is org.jredis.ClientRuntimeException: null reference:{connection on setConnection()} in method JRedisClient.setConnection() [file: JRedisClient.java line:158 - package: org.jredis.ri.alphazero] cause: =&gt; [IllegalArgumentException: null reference:{connection on setConnection()} in method JRedisClient.setConnection() [file: JRedisClient.java line:158 - package: org.jredis.ri.alphazero]]" type="org.springframework.data.redis.connection.PoolException">org.springframework.data.redis.connection.PoolException: Could not get a resource from the pool; nested exception is org.jredis.ClientRuntimeException: null reference:{connection on setConnection()} in method JRedisClient.setConnection() [file: JRedisClient.java line:158 - package: org.jredis.ri.alphazero] cause: => [IllegalArgumentException: null reference:{connection on setConnection()} in method JRedisClient.setConnection() [file: JRedisClient.java line:158 - package: org.jredis.ri.alphazero]]
Caused by: org.jredis.ClientRuntimeException: null reference:{connection on setConnection()} in method JRedisClient.setConnection() [file: JRedisClient.java line:158 - package: org.jredis.ri.alphazero] cause: => [IllegalArgumentException: null reference:{connection on setConnection()} in method JRedisClient.setConnection() [file: JRedisClient.java line:158 - package: org.jredis.ri.alphazero]]
Caused by: java.lang.IllegalArgumentException: null reference:{connection on setConnection()} in method JRedisClient.setConnection() [file: JRedisClient.java line:158 - package: org.jredis.ri.alphazero]
</error>
  </testcase>
  <testcase name="testPoll[12]" classname="org.springframework.data.redis.support.collections.RedisListTests" time="0">
    <error message="Could not get a resource from the pool; nested exception is org.jredis.ClientRuntimeException: null reference:{connection on setConnection()} in method JRedisClient.setConnection() [file: JRedisClient.java line:158 - package: org.jredis.ri.alphazero] cause: =&gt; [IllegalArgumentException: null reference:{connection on setConnection()} in method JRedisClient.setConnection() [file: JRedisClient.java line:158 - package: org.jredis.ri.alphazero]]" type="org.springframework.data.redis.connection.PoolException">org.springframework.data.redis.connection.PoolException: Could not get a resource from the pool; nested exception is org.jredis.ClientRuntimeException: null reference:{connection on setConnection()} in method JRedisClient.setConnection() [file: JRedisClient.java line:158 - package: org.jredis.ri.alphazero] cause: => [IllegalArgumentException: null reference:{connection on setConnection()} in method JRedisClient.setConnection() [file: JRedisClient.java line:158 - package: org.jredis.ri.alphazero]]
Caused by: org.jredis.ClientRuntimeException: null reference:{connection on setConnection()} in method JRedisClient.setConnection() [file: JRedisClient.java line:158 - package: org.jredis.ri.alphazero] cause: => [IllegalArgumentException: null reference:{connection on setConnection()} in method JRedisClient.setConnection() [file: JRedisClient.java line:158 - package: org.jredis.ri.alphazero]]
Caused by: java.lang.IllegalArgumentException: null reference:{connection on setConnection()} in method JRedisClient.setConnection() [file: JRedisClient.java line:158 - package: org.jredis.ri.alphazero]
</error>
    <system-err><![CDATA[01475611470547 Tue Oct 04 17:04:30 BRT 2016 JRedis[tid:1] <INFORMAÇÕES>: WARNING: heartbeat is disabled.
01475611470547 Tue Oct 04 17:04:30 BRT 2016 JRedis[tid:1] <ADVERTÊNCIA>: PROBLEM: Shutting down due to connection FAULT: Socket connect failed [cause: java.net.ConnectException: Conexão recusada] -- make sure the server is running at localhost:6379 - Connection: SYNCHRONOUS  localhost/127.0.0.1:6379 db:0 | SyncConnection@198098993
01475611470547 Tue Oct 04 17:04:30 BRT 2016 JRedis[tid:1] <GRAVE>: Error creating connection -> Socket connect failed [cause: java.net.ConnectException: Conexão recusada] -- make sure the server is running at localhost:6379
01475611470547 Tue Oct 04 17:04:30 BRT 2016 JRedis[tid:1] <INFORMAÇÕES>: WARNING: heartbeat is disabled.
01475611470547 Tue Oct 04 17:04:30 BRT 2016 JRedis[tid:1] <ADVERTÊNCIA>: PROBLEM: Shutting down due to connection FAULT: Socket connect failed [cause: java.net.ConnectException: Conexão recusada] -- make sure the server is running at localhost:6379 - Connection: SYNCHRONOUS  localhost/127.0.0.1:6379 db:0 | SyncConnection@553672556
01475611470547 Tue Oct 04 17:04:30 BRT 2016 JRedis[tid:1] <GRAVE>: Error creating connection -> Socket connect failed [cause: java.net.ConnectException: Conexão recusada] -- make sure the server is running at localhost:6379
]]></system-err>
  </testcase>
  <testcase name="testPoll[12]" classname="org.springframework.data.redis.support.collections.RedisListTests" time="0">
    <error message="Could not get a resource from the pool; nested exception is org.jredis.ClientRuntimeException: null reference:{connection on setConnection()} in method JRedisClient.setConnection() [file: JRedisClient.java line:158 - package: org.jredis.ri.alphazero] cause: =&gt; [IllegalArgumentException: null reference:{connection on setConnection()} in method JRedisClient.setConnection() [file: JRedisClient.java line:158 - package: org.jredis.ri.alphazero]]" type="org.springframework.data.redis.connection.PoolException">org.springframework.data.redis.connection.PoolException: Could not get a resource from the pool; nested exception is org.jredis.ClientRuntimeException: null reference:{connection on setConnection()} in method JRedisClient.setConnection() [file: JRedisClient.java line:158 - package: org.jredis.ri.alphazero] cause: => [IllegalArgumentException: null reference:{connection on setConnection()} in method JRedisClient.setConnection() [file: JRedisClient.java line:158 - package: org.jredis.ri.alphazero]]
Caused by: org.jredis.ClientRuntimeException: null reference:{connection on setConnection()} in method JRedisClient.setConnection() [file: JRedisClient.java line:158 - package: org.jredis.ri.alphazero] cause: => [IllegalArgumentException: null reference:{connection on setConnection()} in method JRedisClient.setConnection() [file: JRedisClient.java line:158 - package: org.jredis.ri.alphazero]]
Caused by: java.lang.IllegalArgumentException: null reference:{connection on setConnection()} in method JRedisClient.setConnection() [file: JRedisClient.java line:158 - package: org.jredis.ri.alphazero]
</error>
  </testcase>
  <testcase name="testTake[12]" classname="org.springframework.data.redis.support.collections.RedisListTests" time="0.001">
    <error message="Could not get a resource from the pool; nested exception is org.jredis.ClientRuntimeException: null reference:{connection on setConnection()} in method JRedisClient.setConnection() [file: JRedisClient.java line:158 - package: org.jredis.ri.alphazero] cause: =&gt; [IllegalArgumentException: null reference:{connection on setConnection()} in method JRedisClient.setConnection() [file: JRedisClient.java line:158 - package: org.jredis.ri.alphazero]]" type="org.springframework.data.redis.connection.PoolException">org.springframework.data.redis.connection.PoolException: Could not get a resource from the pool; nested exception is org.jredis.ClientRuntimeException: null reference:{connection on setConnection()} in method JRedisClient.setConnection() [file: JRedisClient.java line:158 - package: org.jredis.ri.alphazero] cause: => [IllegalArgumentException: null reference:{connection on setConnection()} in method JRedisClient.setConnection() [file: JRedisClient.java line:158 - package: org.jredis.ri.alphazero]]
Caused by: org.jredis.ClientRuntimeException: null reference:{connection on setConnection()} in method JRedisClient.setConnection() [file: JRedisClient.java line:158 - package: org.jredis.ri.alphazero] cause: => [IllegalArgumentException: null reference:{connection on setConnection()} in method JRedisClient.setConnection() [file: JRedisClient.java line:158 - package: org.jredis.ri.alphazero]]
Caused by: java.lang.IllegalArgumentException: null reference:{connection on setConnection()} in method JRedisClient.setConnection() [file: JRedisClient.java line:158 - package: org.jredis.ri.alphazero]
</error>
    <system-err><![CDATA[01475611470548 Tue Oct 04 17:04:30 BRT 2016 JRedis[tid:1] <INFORMAÇÕES>: WARNING: heartbeat is disabled.
01475611470548 Tue Oct 04 17:04:30 BRT 2016 JRedis[tid:1] <ADVERTÊNCIA>: PROBLEM: Shutting down due to connection FAULT: Socket connect failed [cause: java.net.ConnectException: Conexão recusada] -- make sure the server is running at localhost:6379 - Connection: SYNCHRONOUS  localhost/127.0.0.1:6379 db:0 | SyncConnection@854653864
01475611470548 Tue Oct 04 17:04:30 BRT 2016 JRedis[tid:1] <GRAVE>: Error creating connection -> Socket connect failed [cause: java.net.ConnectException: Conexão recusada] -- make sure the server is running at localhost:6379
01475611470548 Tue Oct 04 17:04:30 BRT 2016 JRedis[tid:1] <INFORMAÇÕES>: WARNING: heartbeat is disabled.
01475611470549 Tue Oct 04 17:04:30 BRT 2016 JRedis[tid:1] <ADVERTÊNCIA>: PROBLEM: Shutting down due to connection FAULT: Socket connect failed [cause: java.net.ConnectException: Conexão recusada] -- make sure the server is running at localhost:6379 - Connection: SYNCHRONOUS  localhost/127.0.0.1:6379 db:0 | SyncConnection@1415439780
01475611470549 Tue Oct 04 17:04:30 BRT 2016 JRedis[tid:1] <GRAVE>: Error creating connection -> Socket connect failed [cause: java.net.ConnectException: Conexão recusada] -- make sure the server is running at localhost:6379
]]></system-err>
  </testcase>
  <testcase name="testTake[12]" classname="org.springframework.data.redis.support.collections.RedisListTests" time="0.001">
    <error message="Could not get a resource from the pool; nested exception is org.jredis.ClientRuntimeException: null reference:{connection on setConnection()} in method JRedisClient.setConnection() [file: JRedisClient.java line:158 - package: org.jredis.ri.alphazero] cause: =&gt; [IllegalArgumentException: null reference:{connection on setConnection()} in method JRedisClient.setConnection() [file: JRedisClient.java line:158 - package: org.jredis.ri.alphazero]]" type="org.springframework.data.redis.connection.PoolException">org.springframework.data.redis.connection.PoolException: Could not get a resource from the pool; nested exception is org.jredis.ClientRuntimeException: null reference:{connection on setConnection()} in method JRedisClient.setConnection() [file: JRedisClient.java line:158 - package: org.jredis.ri.alphazero] cause: => [IllegalArgumentException: null reference:{connection on setConnection()} in method JRedisClient.setConnection() [file: JRedisClient.java line:158 - package: org.jredis.ri.alphazero]]
Caused by: org.jredis.ClientRuntimeException: null reference:{connection on setConnection()} in method JRedisClient.setConnection() [file: JRedisClient.java line:158 - package: org.jredis.ri.alphazero] cause: => [IllegalArgumentException: null reference:{connection on setConnection()} in method JRedisClient.setConnection() [file: JRedisClient.java line:158 - package: org.jredis.ri.alphazero]]
Caused by: java.lang.IllegalArgumentException: null reference:{connection on setConnection()} in method JRedisClient.setConnection() [file: JRedisClient.java line:158 - package: org.jredis.ri.alphazero]
</error>
  </testcase>
  <testcase name="testTrim[12]" classname="org.springframework.data.redis.support.collections.RedisListTests" time="0">
    <error message="Could not get a resource from the pool; nested exception is org.jredis.ClientRuntimeException: null reference:{connection on setConnection()} in method JRedisClient.setConnection() [file: JRedisClient.java line:158 - package: org.jredis.ri.alphazero] cause: =&gt; [IllegalArgumentException: null reference:{connection on setConnection()} in method JRedisClient.setConnection() [file: JRedisClient.java line:158 - package: org.jredis.ri.alphazero]]" type="org.springframework.data.redis.connection.PoolException">org.springframework.data.redis.connection.PoolException: Could not get a resource from the pool; nested exception is org.jredis.ClientRuntimeException: null reference:{connection on setConnection()} in method JRedisClient.setConnection() [file: JRedisClient.java line:158 - package: org.jredis.ri.alphazero] cause: => [IllegalArgumentException: null reference:{connection on setConnection()} in method JRedisClient.setConnection() [file: JRedisClient.java line:158 - package: org.jredis.ri.alphazero]]
Caused by: org.jredis.ClientRuntimeException: null reference:{connection on setConnection()} in method JRedisClient.setConnection() [file: JRedisClient.java line:158 - package: org.jredis.ri.alphazero] cause: => [IllegalArgumentException: null reference:{connection on setConnection()} in method JRedisClient.setConnection() [file: JRedisClient.java line:158 - package: org.jredis.ri.alphazero]]
Caused by: java.lang.IllegalArgumentException: null reference:{connection on setConnection()} in method JRedisClient.setConnection() [file: JRedisClient.java line:158 - package: org.jredis.ri.alphazero]
</error>
    <system-err><![CDATA[01475611470549 Tue Oct 04 17:04:30 BRT 2016 JRedis[tid:1] <INFORMAÇÕES>: WARNING: heartbeat is disabled.
01475611470549 Tue Oct 04 17:04:30 BRT 2016 JRedis[tid:1] <ADVERTÊNCIA>: PROBLEM: Shutting down due to connection FAULT: Socket connect failed [cause: java.net.ConnectException: Conexão recusada] -- make sure the server is running at localhost:6379 - Connection: SYNCHRONOUS  localhost/127.0.0.1:6379 db:0 | SyncConnection@703555670
01475611470549 Tue Oct 04 17:04:30 BRT 2016 JRedis[tid:1] <GRAVE>: Error creating connection -> Socket connect failed [cause: java.net.ConnectException: Conexão recusada] -- make sure the server is running at localhost:6379
01475611470550 Tue Oct 04 17:04:30 BRT 2016 JRedis[tid:1] <INFORMAÇÕES>: WARNING: heartbeat is disabled.
01475611470550 Tue Oct 04 17:04:30 BRT 2016 JRedis[tid:1] <ADVERTÊNCIA>: PROBLEM: Shutting down due to connection FAULT: Socket connect failed [cause: java.net.ConnectException: Conexão recusada] -- make sure the server is running at localhost:6379 - Connection: SYNCHRONOUS  localhost/127.0.0.1:6379 db:0 | SyncConnection@179808568
01475611470550 Tue Oct 04 17:04:30 BRT 2016 JRedis[tid:1] <GRAVE>: Error creating connection -> Socket connect failed [cause: java.net.ConnectException: Conexão recusada] -- make sure the server is running at localhost:6379
]]></system-err>
  </testcase>
  <testcase name="testTrim[12]" classname="org.springframework.data.redis.support.collections.RedisListTests" time="0">
    <error message="Could not get a resource from the pool; nested exception is org.jredis.ClientRuntimeException: null reference:{connection on setConnection()} in method JRedisClient.setConnection() [file: JRedisClient.java line:158 - package: org.jredis.ri.alphazero] cause: =&gt; [IllegalArgumentException: null reference:{connection on setConnection()} in method JRedisClient.setConnection() [file: JRedisClient.java line:158 - package: org.jredis.ri.alphazero]]" type="org.springframework.data.redis.connection.PoolException">org.springframework.data.redis.connection.PoolException: Could not get a resource from the pool; nested exception is org.jredis.ClientRuntimeException: null reference:{connection on setConnection()} in method JRedisClient.setConnection() [file: JRedisClient.java line:158 - package: org.jredis.ri.alphazero] cause: => [IllegalArgumentException: null reference:{connection on setConnection()} in method JRedisClient.setConnection() [file: JRedisClient.java line:158 - package: org.jredis.ri.alphazero]]
Caused by: org.jredis.ClientRuntimeException: null reference:{connection on setConnection()} in method JRedisClient.setConnection() [file: JRedisClient.java line:158 - package: org.jredis.ri.alphazero] cause: => [IllegalArgumentException: null reference:{connection on setConnection()} in method JRedisClient.setConnection() [file: JRedisClient.java line:158 - package: org.jredis.ri.alphazero]]
Caused by: java.lang.IllegalArgumentException: null reference:{connection on setConnection()} in method JRedisClient.setConnection() [file: JRedisClient.java line:158 - package: org.jredis.ri.alphazero]
</error>
  </testcase>
  <testcase name="testDrainToCollection[12]" classname="org.springframework.data.redis.support.collections.RedisListTests" time="0.001">
    <error message="Could not get a resource from the pool; nested exception is org.jredis.ClientRuntimeException: null reference:{connection on setConnection()} in method JRedisClient.setConnection() [file: JRedisClient.java line:158 - package: org.jredis.ri.alphazero] cause: =&gt; [IllegalArgumentException: null reference:{connection on setConnection()} in method JRedisClient.setConnection() [file: JRedisClient.java line:158 - package: org.jredis.ri.alphazero]]" type="org.springframework.data.redis.connection.PoolException">org.springframework.data.redis.connection.PoolException: Could not get a resource from the pool; nested exception is org.jredis.ClientRuntimeException: null reference:{connection on setConnection()} in method JRedisClient.setConnection() [file: JRedisClient.java line:158 - package: org.jredis.ri.alphazero] cause: => [IllegalArgumentException: null reference:{connection on setConnection()} in method JRedisClient.setConnection() [file: JRedisClient.java line:158 - package: org.jredis.ri.alphazero]]
Caused by: org.jredis.ClientRuntimeException: null reference:{connection on setConnection()} in method JRedisClient.setConnection() [file: JRedisClient.java line:158 - package: org.jredis.ri.alphazero] cause: => [IllegalArgumentException: null reference:{connection on setConnection()} in method JRedisClient.setConnection() [file: JRedisClient.java line:158 - package: org.jredis.ri.alphazero]]
Caused by: java.lang.IllegalArgumentException: null reference:{connection on setConnection()} in method JRedisClient.setConnection() [file: JRedisClient.java line:158 - package: org.jredis.ri.alphazero]
</error>
    <system-err><![CDATA[01475611470551 Tue Oct 04 17:04:30 BRT 2016 JRedis[tid:1] <INFORMAÇÕES>: WARNING: heartbeat is disabled.
01475611470551 Tue Oct 04 17:04:30 BRT 2016 JRedis[tid:1] <ADVERTÊNCIA>: PROBLEM: Shutting down due to connection FAULT: Socket connect failed [cause: java.net.ConnectException: Conexão recusada] -- make sure the server is running at localhost:6379 - Connection: SYNCHRONOUS  localhost/127.0.0.1:6379 db:0 | SyncConnection@1068445309
01475611470551 Tue Oct 04 17:04:30 BRT 2016 JRedis[tid:1] <GRAVE>: Error creating connection -> Socket connect failed [cause: java.net.ConnectException: Conexão recusada] -- make sure the server is running at localhost:6379
01475611470551 Tue Oct 04 17:04:30 BRT 2016 JRedis[tid:1] <INFORMAÇÕES>: WARNING: heartbeat is disabled.
01475611470551 Tue Oct 04 17:04:30 BRT 2016 JRedis[tid:1] <ADVERTÊNCIA>: PROBLEM: Shutting down due to connection FAULT: Socket connect failed [cause: java.net.ConnectException: Conexão recusada] -- make sure the server is running at localhost:6379 - Connection: SYNCHRONOUS  localhost/127.0.0.1:6379 db:0 | SyncConnection@73698537
01475611470551 Tue Oct 04 17:04:30 BRT 2016 JRedis[tid:1] <GRAVE>: Error creating connection -> Socket connect failed [cause: java.net.ConnectException: Conexão recusada] -- make sure the server is running at localhost:6379
]]></system-err>
  </testcase>
  <testcase name="testDrainToCollection[12]" classname="org.springframework.data.redis.support.collections.RedisListTests" time="0.001">
    <error message="Could not get a resource from the pool; nested exception is org.jredis.ClientRuntimeException: null reference:{connection on setConnection()} in method JRedisClient.setConnection() [file: JRedisClient.java line:158 - package: org.jredis.ri.alphazero] cause: =&gt; [IllegalArgumentException: null reference:{connection on setConnection()} in method JRedisClient.setConnection() [file: JRedisClient.java line:158 - package: org.jredis.ri.alphazero]]" type="org.springframework.data.redis.connection.PoolException">org.springframework.data.redis.connection.PoolException: Could not get a resource from the pool; nested exception is org.jredis.ClientRuntimeException: null reference:{connection on setConnection()} in method JRedisClient.setConnection() [file: JRedisClient.java line:158 - package: org.jredis.ri.alphazero] cause: => [IllegalArgumentException: null reference:{connection on setConnection()} in method JRedisClient.setConnection() [file: JRedisClient.java line:158 - package: org.jredis.ri.alphazero]]
Caused by: org.jredis.ClientRuntimeException: null reference:{connection on setConnection()} in method JRedisClient.setConnection() [file: JRedisClient.java line:158 - package: org.jredis.ri.alphazero] cause: => [IllegalArgumentException: null reference:{connection on setConnection()} in method JRedisClient.setConnection() [file: JRedisClient.java line:158 - package: org.jredis.ri.alphazero]]
Caused by: java.lang.IllegalArgumentException: null reference:{connection on setConnection()} in method JRedisClient.setConnection() [file: JRedisClient.java line:158 - package: org.jredis.ri.alphazero]
</error>
  </testcase>
  <testcase name="testRemoveFirst[12]" classname="org.springframework.data.redis.support.collections.RedisListTests" time="0">
    <error message="Could not get a resource from the pool; nested exception is org.jredis.ClientRuntimeException: null reference:{connection on setConnection()} in method JRedisClient.setConnection() [file: JRedisClient.java line:158 - package: org.jredis.ri.alphazero] cause: =&gt; [IllegalArgumentException: null reference:{connection on setConnection()} in method JRedisClient.setConnection() [file: JRedisClient.java line:158 - package: org.jredis.ri.alphazero]]" type="org.springframework.data.redis.connection.PoolException">org.springframework.data.redis.connection.PoolException: Could not get a resource from the pool; nested exception is org.jredis.ClientRuntimeException: null reference:{connection on setConnection()} in method JRedisClient.setConnection() [file: JRedisClient.java line:158 - package: org.jredis.ri.alphazero] cause: => [IllegalArgumentException: null reference:{connection on setConnection()} in method JRedisClient.setConnection() [file: JRedisClient.java line:158 - package: org.jredis.ri.alphazero]]
Caused by: org.jredis.ClientRuntimeException: null reference:{connection on setConnection()} in method JRedisClient.setConnection() [file: JRedisClient.java line:158 - package: org.jredis.ri.alphazero] cause: => [IllegalArgumentException: null reference:{connection on setConnection()} in method JRedisClient.setConnection() [file: JRedisClient.java line:158 - package: org.jredis.ri.alphazero]]
Caused by: java.lang.IllegalArgumentException: null reference:{connection on setConnection()} in method JRedisClient.setConnection() [file: JRedisClient.java line:158 - package: org.jredis.ri.alphazero]
</error>
    <system-err><![CDATA[01475611470552 Tue Oct 04 17:04:30 BRT 2016 JRedis[tid:1] <INFORMAÇÕES>: WARNING: heartbeat is disabled.
01475611470552 Tue Oct 04 17:04:30 BRT 2016 JRedis[tid:1] <ADVERTÊNCIA>: PROBLEM: Shutting down due to connection FAULT: Socket connect failed [cause: java.net.ConnectException: Conexão recusada] -- make sure the server is running at localhost:6379 - Connection: SYNCHRONOUS  localhost/127.0.0.1:6379 db:0 | SyncConnection@1453062635
01475611470552 Tue Oct 04 17:04:30 BRT 2016 JRedis[tid:1] <GRAVE>: Error creating connection -> Socket connect failed [cause: java.net.ConnectException: Conexão recusada] -- make sure the server is running at localhost:6379
01475611470552 Tue Oct 04 17:04:30 BRT 2016 JRedis[tid:1] <INFORMAÇÕES>: WARNING: heartbeat is disabled.
01475611470552 Tue Oct 04 17:04:30 BRT 2016 JRedis[tid:1] <ADVERTÊNCIA>: PROBLEM: Shutting down due to connection FAULT: Socket connect failed [cause: java.net.ConnectException: Conexão recusada] -- make sure the server is running at localhost:6379 - Connection: SYNCHRONOUS  localhost/127.0.0.1:6379 db:0 | SyncConnection@1632789609
01475611470552 Tue Oct 04 17:04:30 BRT 2016 JRedis[tid:1] <GRAVE>: Error creating connection -> Socket connect failed [cause: java.net.ConnectException: Conexão recusada] -- make sure the server is running at localhost:6379
]]></system-err>
  </testcase>
  <testcase name="testRemoveFirst[12]" classname="org.springframework.data.redis.support.collections.RedisListTests" time="0">
    <error message="Could not get a resource from the pool; nested exception is org.jredis.ClientRuntimeException: null reference:{connection on setConnection()} in method JRedisClient.setConnection() [file: JRedisClient.java line:158 - package: org.jredis.ri.alphazero] cause: =&gt; [IllegalArgumentException: null reference:{connection on setConnection()} in method JRedisClient.setConnection() [file: JRedisClient.java line:158 - package: org.jredis.ri.alphazero]]" type="org.springframework.data.redis.connection.PoolException">org.springframework.data.redis.connection.PoolException: Could not get a resource from the pool; nested exception is org.jredis.ClientRuntimeException: null reference:{connection on setConnection()} in method JRedisClient.setConnection() [file: JRedisClient.java line:158 - package: org.jredis.ri.alphazero] cause: => [IllegalArgumentException: null reference:{connection on setConnection()} in method JRedisClient.setConnection() [file: JRedisClient.java line:158 - package: org.jredis.ri.alphazero]]
Caused by: org.jredis.ClientRuntimeException: null reference:{connection on setConnection()} in method JRedisClient.setConnection() [file: JRedisClient.java line:158 - package: org.jredis.ri.alphazero] cause: => [IllegalArgumentException: null reference:{connection on setConnection()} in method JRedisClient.setConnection() [file: JRedisClient.java line:158 - package: org.jredis.ri.alphazero]]
Caused by: java.lang.IllegalArgumentException: null reference:{connection on setConnection()} in method JRedisClient.setConnection() [file: JRedisClient.java line:158 - package: org.jredis.ri.alphazero]
</error>
  </testcase>
  <testcase name="testRemoveIndex[12]" classname="org.springframework.data.redis.support.collections.RedisListTests" time="0">
    <error message="Could not get a resource from the pool; nested exception is org.jredis.ClientRuntimeException: null reference:{connection on setConnection()} in method JRedisClient.setConnection() [file: JRedisClient.java line:158 - package: org.jredis.ri.alphazero] cause: =&gt; [IllegalArgumentException: null reference:{connection on setConnection()} in method JRedisClient.setConnection() [file: JRedisClient.java line:158 - package: org.jredis.ri.alphazero]]" type="org.springframework.data.redis.connection.PoolException">org.springframework.data.redis.connection.PoolException: Could not get a resource from the pool; nested exception is org.jredis.ClientRuntimeException: null reference:{connection on setConnection()} in method JRedisClient.setConnection() [file: JRedisClient.java line:158 - package: org.jredis.ri.alphazero] cause: => [IllegalArgumentException: null reference:{connection on setConnection()} in method JRedisClient.setConnection() [file: JRedisClient.java line:158 - package: org.jredis.ri.alphazero]]
Caused by: org.jredis.ClientRuntimeException: null reference:{connection on setConnection()} in method JRedisClient.setConnection() [file: JRedisClient.java line:158 - package: org.jredis.ri.alphazero] cause: => [IllegalArgumentException: null reference:{connection on setConnection()} in method JRedisClient.setConnection() [file: JRedisClient.java line:158 - package: org.jredis.ri.alphazero]]
Caused by: java.lang.IllegalArgumentException: null reference:{connection on setConnection()} in method JRedisClient.setConnection() [file: JRedisClient.java line:158 - package: org.jredis.ri.alphazero]
</error>
    <system-err><![CDATA[01475611470553 Tue Oct 04 17:04:30 BRT 2016 JRedis[tid:1] <INFORMAÇÕES>: WARNING: heartbeat is disabled.
01475611470553 Tue Oct 04 17:04:30 BRT 2016 JRedis[tid:1] <ADVERTÊNCIA>: PROBLEM: Shutting down due to connection FAULT: Socket connect failed [cause: java.net.ConnectException: Conexão recusada] -- make sure the server is running at localhost:6379 - Connection: SYNCHRONOUS  localhost/127.0.0.1:6379 db:0 | SyncConnection@659059448
01475611470553 Tue Oct 04 17:04:30 BRT 2016 JRedis[tid:1] <GRAVE>: Error creating connection -> Socket connect failed [cause: java.net.ConnectException: Conexão recusada] -- make sure the server is running at localhost:6379
]]></system-err>
  </testcase>
  <testcase name="testPutLast[12]" classname="org.springframework.data.redis.support.collections.RedisListTests" time="0.001">
    <error message="Could not get a resource from the pool; nested exception is org.jredis.ClientRuntimeException: null reference:{connection on setConnection()} in method JRedisClient.setConnection() [file: JRedisClient.java line:158 - package: org.jredis.ri.alphazero] cause: =&gt; [IllegalArgumentException: null reference:{connection on setConnection()} in method JRedisClient.setConnection() [file: JRedisClient.java line:158 - package: org.jredis.ri.alphazero]]" type="org.springframework.data.redis.connection.PoolException">org.springframework.data.redis.connection.PoolException: Could not get a resource from the pool; nested exception is org.jredis.ClientRuntimeException: null reference:{connection on setConnection()} in method JRedisClient.setConnection() [file: JRedisClient.java line:158 - package: org.jredis.ri.alphazero] cause: => [IllegalArgumentException: null reference:{connection on setConnection()} in method JRedisClient.setConnection() [file: JRedisClient.java line:158 - package: org.jredis.ri.alphazero]]
Caused by: org.jredis.ClientRuntimeException: null reference:{connection on setConnection()} in method JRedisClient.setConnection() [file: JRedisClient.java line:158 - package: org.jredis.ri.alphazero] cause: => [IllegalArgumentException: null reference:{connection on setConnection()} in method JRedisClient.setConnection() [file: JRedisClient.java line:158 - package: org.jredis.ri.alphazero]]
Caused by: java.lang.IllegalArgumentException: null reference:{connection on setConnection()} in method JRedisClient.setConnection() [file: JRedisClient.java line:158 - package: org.jredis.ri.alphazero]
</error>
    <system-err><![CDATA[01475611470553 Tue Oct 04 17:04:30 BRT 2016 JRedis[tid:1] <INFORMAÇÕES>: WARNING: heartbeat is disabled.
01475611470554 Tue Oct 04 17:04:30 BRT 2016 JRedis[tid:1] <ADVERTÊNCIA>: PROBLEM: Shutting down due to connection FAULT: Socket connect failed [cause: java.net.ConnectException: Conexão recusada] -- make sure the server is running at localhost:6379 - Connection: SYNCHRONOUS  localhost/127.0.0.1:6379 db:0 | SyncConnection@124494140
01475611470554 Tue Oct 04 17:04:30 BRT 2016 JRedis[tid:1] <GRAVE>: Error creating connection -> Socket connect failed [cause: java.net.ConnectException: Conexão recusada] -- make sure the server is running at localhost:6379
01475611470554 Tue Oct 04 17:04:30 BRT 2016 JRedis[tid:1] <INFORMAÇÕES>: WARNING: heartbeat is disabled.
01475611470554 Tue Oct 04 17:04:30 BRT 2016 JRedis[tid:1] <ADVERTÊNCIA>: PROBLEM: Shutting down due to connection FAULT: Socket connect failed [cause: java.net.ConnectException: Conexão recusada] -- make sure the server is running at localhost:6379 - Connection: SYNCHRONOUS  localhost/127.0.0.1:6379 db:0 | SyncConnection@246826139
01475611470554 Tue Oct 04 17:04:30 BRT 2016 JRedis[tid:1] <GRAVE>: Error creating connection -> Socket connect failed [cause: java.net.ConnectException: Conexão recusada] -- make sure the server is running at localhost:6379
]]></system-err>
  </testcase>
  <testcase name="testPutLast[12]" classname="org.springframework.data.redis.support.collections.RedisListTests" time="0.001">
    <error message="Could not get a resource from the pool; nested exception is org.jredis.ClientRuntimeException: null reference:{connection on setConnection()} in method JRedisClient.setConnection() [file: JRedisClient.java line:158 - package: org.jredis.ri.alphazero] cause: =&gt; [IllegalArgumentException: null reference:{connection on setConnection()} in method JRedisClient.setConnection() [file: JRedisClient.java line:158 - package: org.jredis.ri.alphazero]]" type="org.springframework.data.redis.connection.PoolException">org.springframework.data.redis.connection.PoolException: Could not get a resource from the pool; nested exception is org.jredis.ClientRuntimeException: null reference:{connection on setConnection()} in method JRedisClient.setConnection() [file: JRedisClient.java line:158 - package: org.jredis.ri.alphazero] cause: => [IllegalArgumentException: null reference:{connection on setConnection()} in method JRedisClient.setConnection() [file: JRedisClient.java line:158 - package: org.jredis.ri.alphazero]]
Caused by: org.jredis.ClientRuntimeException: null reference:{connection on setConnection()} in method JRedisClient.setConnection() [file: JRedisClient.java line:158 - package: org.jredis.ri.alphazero] cause: => [IllegalArgumentException: null reference:{connection on setConnection()} in method JRedisClient.setConnection() [file: JRedisClient.java line:158 - package: org.jredis.ri.alphazero]]
Caused by: java.lang.IllegalArgumentException: null reference:{connection on setConnection()} in method JRedisClient.setConnection() [file: JRedisClient.java line:158 - package: org.jredis.ri.alphazero]
</error>
  </testcase>
  <testcase name="testOfferFirst[12]" classname="org.springframework.data.redis.support.collections.RedisListTests" time="0">
    <error message="Could not get a resource from the pool; nested exception is org.jredis.ClientRuntimeException: null reference:{connection on setConnection()} in method JRedisClient.setConnection() [file: JRedisClient.java line:158 - package: org.jredis.ri.alphazero] cause: =&gt; [IllegalArgumentException: null reference:{connection on setConnection()} in method JRedisClient.setConnection() [file: JRedisClient.java line:158 - package: org.jredis.ri.alphazero]]" type="org.springframework.data.redis.connection.PoolException">org.springframework.data.redis.connection.PoolException: Could not get a resource from the pool; nested exception is org.jredis.ClientRuntimeException: null reference:{connection on setConnection()} in method JRedisClient.setConnection() [file: JRedisClient.java line:158 - package: org.jredis.ri.alphazero] cause: => [IllegalArgumentException: null reference:{connection on setConnection()} in method JRedisClient.setConnection() [file: JRedisClient.java line:158 - package: org.jredis.ri.alphazero]]
Caused by: org.jredis.ClientRuntimeException: null reference:{connection on setConnection()} in method JRedisClient.setConnection() [file: JRedisClient.java line:158 - package: org.jredis.ri.alphazero] cause: => [IllegalArgumentException: null reference:{connection on setConnection()} in method JRedisClient.setConnection() [file: JRedisClient.java line:158 - package: org.jredis.ri.alphazero]]
Caused by: java.lang.IllegalArgumentException: null reference:{connection on setConnection()} in method JRedisClient.setConnection() [file: JRedisClient.java line:158 - package: org.jredis.ri.alphazero]
</error>
    <system-err><![CDATA[01475611470555 Tue Oct 04 17:04:30 BRT 2016 JRedis[tid:1] <INFORMAÇÕES>: WARNING: heartbeat is disabled.
01475611470555 Tue Oct 04 17:04:30 BRT 2016 JRedis[tid:1] <ADVERTÊNCIA>: PROBLEM: Shutting down due to connection FAULT: Socket connect failed [cause: java.net.ConnectException: Conexão recusada] -- make sure the server is running at localhost:6379 - Connection: SYNCHRONOUS  localhost/127.0.0.1:6379 db:0 | SyncConnection@2083854344
01475611470555 Tue Oct 04 17:04:30 BRT 2016 JRedis[tid:1] <GRAVE>: Error creating connection -> Socket connect failed [cause: java.net.ConnectException: Conexão recusada] -- make sure the server is running at localhost:6379
01475611470555 Tue Oct 04 17:04:30 BRT 2016 JRedis[tid:1] <INFORMAÇÕES>: WARNING: heartbeat is disabled.
01475611470555 Tue Oct 04 17:04:30 BRT 2016 JRedis[tid:1] <ADVERTÊNCIA>: PROBLEM: Shutting down due to connection FAULT: Socket connect failed [cause: java.net.ConnectException: Conexão recusada] -- make sure the server is running at localhost:6379 - Connection: SYNCHRONOUS  localhost/127.0.0.1:6379 db:0 | SyncConnection@403598020
01475611470555 Tue Oct 04 17:04:30 BRT 2016 JRedis[tid:1] <GRAVE>: Error creating connection -> Socket connect failed [cause: java.net.ConnectException: Conexão recusada] -- make sure the server is running at localhost:6379
]]></system-err>
  </testcase>
  <testcase name="testOfferFirst[12]" classname="org.springframework.data.redis.support.collections.RedisListTests" time="0">
    <error message="Could not get a resource from the pool; nested exception is org.jredis.ClientRuntimeException: null reference:{connection on setConnection()} in method JRedisClient.setConnection() [file: JRedisClient.java line:158 - package: org.jredis.ri.alphazero] cause: =&gt; [IllegalArgumentException: null reference:{connection on setConnection()} in method JRedisClient.setConnection() [file: JRedisClient.java line:158 - package: org.jredis.ri.alphazero]]" type="org.springframework.data.redis.connection.PoolException">org.springframework.data.redis.connection.PoolException: Could not get a resource from the pool; nested exception is org.jredis.ClientRuntimeException: null reference:{connection on setConnection()} in method JRedisClient.setConnection() [file: JRedisClient.java line:158 - package: org.jredis.ri.alphazero] cause: => [IllegalArgumentException: null reference:{connection on setConnection()} in method JRedisClient.setConnection() [file: JRedisClient.java line:158 - package: org.jredis.ri.alphazero]]
Caused by: org.jredis.ClientRuntimeException: null reference:{connection on setConnection()} in method JRedisClient.setConnection() [file: JRedisClient.java line:158 - package: org.jredis.ri.alphazero] cause: => [IllegalArgumentException: null reference:{connection on setConnection()} in method JRedisClient.setConnection() [file: JRedisClient.java line:158 - package: org.jredis.ri.alphazero]]
Caused by: java.lang.IllegalArgumentException: null reference:{connection on setConnection()} in method JRedisClient.setConnection() [file: JRedisClient.java line:158 - package: org.jredis.ri.alphazero]
</error>
  </testcase>
  <testcase name="testDescendingIterator[12]" classname="org.springframework.data.redis.support.collections.RedisListTests" time="0.001">
    <error message="Could not get a resource from the pool; nested exception is org.jredis.ClientRuntimeException: null reference:{connection on setConnection()} in method JRedisClient.setConnection() [file: JRedisClient.java line:158 - package: org.jredis.ri.alphazero] cause: =&gt; [IllegalArgumentException: null reference:{connection on setConnection()} in method JRedisClient.setConnection() [file: JRedisClient.java line:158 - package: org.jredis.ri.alphazero]]" type="org.springframework.data.redis.connection.PoolException">org.springframework.data.redis.connection.PoolException: Could not get a resource from the pool; nested exception is org.jredis.ClientRuntimeException: null reference:{connection on setConnection()} in method JRedisClient.setConnection() [file: JRedisClient.java line:158 - package: org.jredis.ri.alphazero] cause: => [IllegalArgumentException: null reference:{connection on setConnection()} in method JRedisClient.setConnection() [file: JRedisClient.java line:158 - package: org.jredis.ri.alphazero]]
Caused by: org.jredis.ClientRuntimeException: null reference:{connection on setConnection()} in method JRedisClient.setConnection() [file: JRedisClient.java line:158 - package: org.jredis.ri.alphazero] cause: => [IllegalArgumentException: null reference:{connection on setConnection()} in method JRedisClient.setConnection() [file: JRedisClient.java line:158 - package: org.jredis.ri.alphazero]]
Caused by: java.lang.IllegalArgumentException: null reference:{connection on setConnection()} in method JRedisClient.setConnection() [file: JRedisClient.java line:158 - package: org.jredis.ri.alphazero]
</error>
    <system-err><![CDATA[01475611470556 Tue Oct 04 17:04:30 BRT 2016 JRedis[tid:1] <INFORMAÇÕES>: WARNING: heartbeat is disabled.
01475611470556 Tue Oct 04 17:04:30 BRT 2016 JRedis[tid:1] <ADVERTÊNCIA>: PROBLEM: Shutting down due to connection FAULT: Socket connect failed [cause: java.net.ConnectException: Conexão recusada] -- make sure the server is running at localhost:6379 - Connection: SYNCHRONOUS  localhost/127.0.0.1:6379 db:0 | SyncConnection@1119242936
01475611470556 Tue Oct 04 17:04:30 BRT 2016 JRedis[tid:1] <GRAVE>: Error creating connection -> Socket connect failed [cause: java.net.ConnectException: Conexão recusada] -- make sure the server is running at localhost:6379
01475611470556 Tue Oct 04 17:04:30 BRT 2016 JRedis[tid:1] <INFORMAÇÕES>: WARNING: heartbeat is disabled.
01475611470556 Tue Oct 04 17:04:30 BRT 2016 JRedis[tid:1] <ADVERTÊNCIA>: PROBLEM: Shutting down due to connection FAULT: Socket connect failed [cause: java.net.ConnectException: Conexão recusada] -- make sure the server is running at localhost:6379 - Connection: SYNCHRONOUS  localhost/127.0.0.1:6379 db:0 | SyncConnection@2123914473
01475611470556 Tue Oct 04 17:04:30 BRT 2016 JRedis[tid:1] <GRAVE>: Error creating connection -> Socket connect failed [cause: java.net.ConnectException: Conexão recusada] -- make sure the server is running at localhost:6379
]]></system-err>
  </testcase>
  <testcase name="testDescendingIterator[12]" classname="org.springframework.data.redis.support.collections.RedisListTests" time="0.001">
    <error message="Could not get a resource from the pool; nested exception is org.jredis.ClientRuntimeException: null reference:{connection on setConnection()} in method JRedisClient.setConnection() [file: JRedisClient.java line:158 - package: org.jredis.ri.alphazero] cause: =&gt; [IllegalArgumentException: null reference:{connection on setConnection()} in method JRedisClient.setConnection() [file: JRedisClient.java line:158 - package: org.jredis.ri.alphazero]]" type="org.springframework.data.redis.connection.PoolException">org.springframework.data.redis.connection.PoolException: Could not get a resource from the pool; nested exception is org.jredis.ClientRuntimeException: null reference:{connection on setConnection()} in method JRedisClient.setConnection() [file: JRedisClient.java line:158 - package: org.jredis.ri.alphazero] cause: => [IllegalArgumentException: null reference:{connection on setConnection()} in method JRedisClient.setConnection() [file: JRedisClient.java line:158 - package: org.jredis.ri.alphazero]]
Caused by: org.jredis.ClientRuntimeException: null reference:{connection on setConnection()} in method JRedisClient.setConnection() [file: JRedisClient.java line:158 - package: org.jredis.ri.alphazero] cause: => [IllegalArgumentException: null reference:{connection on setConnection()} in method JRedisClient.setConnection() [file: JRedisClient.java line:158 - package: org.jredis.ri.alphazero]]
Caused by: java.lang.IllegalArgumentException: null reference:{connection on setConnection()} in method JRedisClient.setConnection() [file: JRedisClient.java line:158 - package: org.jredis.ri.alphazero]
</error>
  </testcase>
  <testcase name="testAddFirst[12]" classname="org.springframework.data.redis.support.collections.RedisListTests" time="0">
    <error message="Could not get a resource from the pool; nested exception is org.jredis.ClientRuntimeException: null reference:{connection on setConnection()} in method JRedisClient.setConnection() [file: JRedisClient.java line:158 - package: org.jredis.ri.alphazero] cause: =&gt; [IllegalArgumentException: null reference:{connection on setConnection()} in method JRedisClient.setConnection() [file: JRedisClient.java line:158 - package: org.jredis.ri.alphazero]]" type="org.springframework.data.redis.connection.PoolException">org.springframework.data.redis.connection.PoolException: Could not get a resource from the pool; nested exception is org.jredis.ClientRuntimeException: null reference:{connection on setConnection()} in method JRedisClient.setConnection() [file: JRedisClient.java line:158 - package: org.jredis.ri.alphazero] cause: => [IllegalArgumentException: null reference:{connection on setConnection()} in method JRedisClient.setConnection() [file: JRedisClient.java line:158 - package: org.jredis.ri.alphazero]]
Caused by: org.jredis.ClientRuntimeException: null reference:{connection on setConnection()} in method JRedisClient.setConnection() [file: JRedisClient.java line:158 - package: org.jredis.ri.alphazero] cause: => [IllegalArgumentException: null reference:{connection on setConnection()} in method JRedisClient.setConnection() [file: JRedisClient.java line:158 - package: org.jredis.ri.alphazero]]
Caused by: java.lang.IllegalArgumentException: null reference:{connection on setConnection()} in method JRedisClient.setConnection() [file: JRedisClient.java line:158 - package: org.jredis.ri.alphazero]
</error>
    <system-err><![CDATA[01475611470557 Tue Oct 04 17:04:30 BRT 2016 JRedis[tid:1] <INFORMAÇÕES>: WARNING: heartbeat is disabled.
01475611470557 Tue Oct 04 17:04:30 BRT 2016 JRedis[tid:1] <ADVERTÊNCIA>: PROBLEM: Shutting down due to connection FAULT: Socket connect failed [cause: java.net.ConnectException: Conexão recusada] -- make sure the server is running at localhost:6379 - Connection: SYNCHRONOUS  localhost/127.0.0.1:6379 db:0 | SyncConnection@708443754
01475611470557 Tue Oct 04 17:04:30 BRT 2016 JRedis[tid:1] <GRAVE>: Error creating connection -> Socket connect failed [cause: java.net.ConnectException: Conexão recusada] -- make sure the server is running at localhost:6379
01475611470558 Tue Oct 04 17:04:30 BRT 2016 JRedis[tid:1] <INFORMAÇÕES>: WARNING: heartbeat is disabled.
01475611470558 Tue Oct 04 17:04:30 BRT 2016 JRedis[tid:1] <ADVERTÊNCIA>: PROBLEM: Shutting down due to connection FAULT: Socket connect failed [cause: java.net.ConnectException: Conexão recusada] -- make sure the server is running at localhost:6379 - Connection: SYNCHRONOUS  localhost/127.0.0.1:6379 db:0 | SyncConnection@1091234211
01475611470558 Tue Oct 04 17:04:30 BRT 2016 JRedis[tid:1] <GRAVE>: Error creating connection -> Socket connect failed [cause: java.net.ConnectException: Conexão recusada] -- make sure the server is running at localhost:6379
]]></system-err>
  </testcase>
  <testcase name="testAddFirst[12]" classname="org.springframework.data.redis.support.collections.RedisListTests" time="0">
    <error message="Could not get a resource from the pool; nested exception is org.jredis.ClientRuntimeException: null reference:{connection on setConnection()} in method JRedisClient.setConnection() [file: JRedisClient.java line:158 - package: org.jredis.ri.alphazero] cause: =&gt; [IllegalArgumentException: null reference:{connection on setConnection()} in method JRedisClient.setConnection() [file: JRedisClient.java line:158 - package: org.jredis.ri.alphazero]]" type="org.springframework.data.redis.connection.PoolException">org.springframework.data.redis.connection.PoolException: Could not get a resource from the pool; nested exception is org.jredis.ClientRuntimeException: null reference:{connection on setConnection()} in method JRedisClient.setConnection() [file: JRedisClient.java line:158 - package: org.jredis.ri.alphazero] cause: => [IllegalArgumentException: null reference:{connection on setConnection()} in method JRedisClient.setConnection() [file: JRedisClient.java line:158 - package: org.jredis.ri.alphazero]]
Caused by: org.jredis.ClientRuntimeException: null reference:{connection on setConnection()} in method JRedisClient.setConnection() [file: JRedisClient.java line:158 - package: org.jredis.ri.alphazero] cause: => [IllegalArgumentException: null reference:{connection on setConnection()} in method JRedisClient.setConnection() [file: JRedisClient.java line:158 - package: org.jredis.ri.alphazero]]
Caused by: java.lang.IllegalArgumentException: null reference:{connection on setConnection()} in method JRedisClient.setConnection() [file: JRedisClient.java line:158 - package: org.jredis.ri.alphazero]
</error>
  </testcase>
  <testcase name="testDrainToCollectionWithMaxElements[12]" classname="org.springframework.data.redis.support.collections.RedisListTests" time="0.001">
    <error message="Could not get a resource from the pool; nested exception is org.jredis.ClientRuntimeException: null reference:{connection on setConnection()} in method JRedisClient.setConnection() [file: JRedisClient.java line:158 - package: org.jredis.ri.alphazero] cause: =&gt; [IllegalArgumentException: null reference:{connection on setConnection()} in method JRedisClient.setConnection() [file: JRedisClient.java line:158 - package: org.jredis.ri.alphazero]]" type="org.springframework.data.redis.connection.PoolException">org.springframework.data.redis.connection.PoolException: Could not get a resource from the pool; nested exception is org.jredis.ClientRuntimeException: null reference:{connection on setConnection()} in method JRedisClient.setConnection() [file: JRedisClient.java line:158 - package: org.jredis.ri.alphazero] cause: => [IllegalArgumentException: null reference:{connection on setConnection()} in method JRedisClient.setConnection() [file: JRedisClient.java line:158 - package: org.jredis.ri.alphazero]]
Caused by: org.jredis.ClientRuntimeException: null reference:{connection on setConnection()} in method JRedisClient.setConnection() [file: JRedisClient.java line:158 - package: org.jredis.ri.alphazero] cause: => [IllegalArgumentException: null reference:{connection on setConnection()} in method JRedisClient.setConnection() [file: JRedisClient.java line:158 - package: org.jredis.ri.alphazero]]
Caused by: java.lang.IllegalArgumentException: null reference:{connection on setConnection()} in method JRedisClient.setConnection() [file: JRedisClient.java line:158 - package: org.jredis.ri.alphazero]
</error>
    <system-err><![CDATA[01475611470558 Tue Oct 04 17:04:30 BRT 2016 JRedis[tid:1] <INFORMAÇÕES>: WARNING: heartbeat is disabled.
01475611470559 Tue Oct 04 17:04:30 BRT 2016 JRedis[tid:1] <ADVERTÊNCIA>: PROBLEM: Shutting down due to connection FAULT: Socket connect failed [cause: java.net.ConnectException: Conexão recusada] -- make sure the server is running at localhost:6379 - Connection: SYNCHRONOUS  localhost/127.0.0.1:6379 db:0 | SyncConnection@832145584
01475611470559 Tue Oct 04 17:04:30 BRT 2016 JRedis[tid:1] <GRAVE>: Error creating connection -> Socket connect failed [cause: java.net.ConnectException: Conexão recusada] -- make sure the server is running at localhost:6379
01475611470559 Tue Oct 04 17:04:30 BRT 2016 JRedis[tid:1] <INFORMAÇÕES>: WARNING: heartbeat is disabled.
01475611470559 Tue Oct 04 17:04:30 BRT 2016 JRedis[tid:1] <ADVERTÊNCIA>: PROBLEM: Shutting down due to connection FAULT: Socket connect failed [cause: java.net.ConnectException: Conexão recusada] -- make sure the server is running at localhost:6379 - Connection: SYNCHRONOUS  localhost/127.0.0.1:6379 db:0 | SyncConnection@224060798
01475611470559 Tue Oct 04 17:04:30 BRT 2016 JRedis[tid:1] <GRAVE>: Error creating connection -> Socket connect failed [cause: java.net.ConnectException: Conexão recusada] -- make sure the server is running at localhost:6379
]]></system-err>
  </testcase>
  <testcase name="testDrainToCollectionWithMaxElements[12]" classname="org.springframework.data.redis.support.collections.RedisListTests" time="0.001">
    <error message="Could not get a resource from the pool; nested exception is org.jredis.ClientRuntimeException: null reference:{connection on setConnection()} in method JRedisClient.setConnection() [file: JRedisClient.java line:158 - package: org.jredis.ri.alphazero] cause: =&gt; [IllegalArgumentException: null reference:{connection on setConnection()} in method JRedisClient.setConnection() [file: JRedisClient.java line:158 - package: org.jredis.ri.alphazero]]" type="org.springframework.data.redis.connection.PoolException">org.springframework.data.redis.connection.PoolException: Could not get a resource from the pool; nested exception is org.jredis.ClientRuntimeException: null reference:{connection on setConnection()} in method JRedisClient.setConnection() [file: JRedisClient.java line:158 - package: org.jredis.ri.alphazero] cause: => [IllegalArgumentException: null reference:{connection on setConnection()} in method JRedisClient.setConnection() [file: JRedisClient.java line:158 - package: org.jredis.ri.alphazero]]
Caused by: org.jredis.ClientRuntimeException: null reference:{connection on setConnection()} in method JRedisClient.setConnection() [file: JRedisClient.java line:158 - package: org.jredis.ri.alphazero] cause: => [IllegalArgumentException: null reference:{connection on setConnection()} in method JRedisClient.setConnection() [file: JRedisClient.java line:158 - package: org.jredis.ri.alphazero]]
Caused by: java.lang.IllegalArgumentException: null reference:{connection on setConnection()} in method JRedisClient.setConnection() [file: JRedisClient.java line:158 - package: org.jredis.ri.alphazero]
</error>
  </testcase>
  <testcase name="testTakeLast[12]" classname="org.springframework.data.redis.support.collections.RedisListTests" time="0">
    <error message="Could not get a resource from the pool; nested exception is org.jredis.ClientRuntimeException: null reference:{connection on setConnection()} in method JRedisClient.setConnection() [file: JRedisClient.java line:158 - package: org.jredis.ri.alphazero] cause: =&gt; [IllegalArgumentException: null reference:{connection on setConnection()} in method JRedisClient.setConnection() [file: JRedisClient.java line:158 - package: org.jredis.ri.alphazero]]" type="org.springframework.data.redis.connection.PoolException">org.springframework.data.redis.connection.PoolException: Could not get a resource from the pool; nested exception is org.jredis.ClientRuntimeException: null reference:{connection on setConnection()} in method JRedisClient.setConnection() [file: JRedisClient.java line:158 - package: org.jredis.ri.alphazero] cause: => [IllegalArgumentException: null reference:{connection on setConnection()} in method JRedisClient.setConnection() [file: JRedisClient.java line:158 - package: org.jredis.ri.alphazero]]
Caused by: org.jredis.ClientRuntimeException: null reference:{connection on setConnection()} in method JRedisClient.setConnection() [file: JRedisClient.java line:158 - package: org.jredis.ri.alphazero] cause: => [IllegalArgumentException: null reference:{connection on setConnection()} in method JRedisClient.setConnection() [file: JRedisClient.java line:158 - package: org.jredis.ri.alphazero]]
Caused by: java.lang.IllegalArgumentException: null reference:{connection on setConnection()} in method JRedisClient.setConnection() [file: JRedisClient.java line:158 - package: org.jredis.ri.alphazero]
</error>
    <system-err><![CDATA[01475611470560 Tue Oct 04 17:04:30 BRT 2016 JRedis[tid:1] <INFORMAÇÕES>: WARNING: heartbeat is disabled.
01475611470560 Tue Oct 04 17:04:30 BRT 2016 JRedis[tid:1] <ADVERTÊNCIA>: PROBLEM: Shutting down due to connection FAULT: Socket connect failed [cause: java.net.ConnectException: Conexão recusada] -- make sure the server is running at localhost:6379 - Connection: SYNCHRONOUS  localhost/127.0.0.1:6379 db:0 | SyncConnection@1752535057
01475611470560 Tue Oct 04 17:04:30 BRT 2016 JRedis[tid:1] <GRAVE>: Error creating connection -> Socket connect failed [cause: java.net.ConnectException: Conexão recusada] -- make sure the server is running at localhost:6379
01475611470560 Tue Oct 04 17:04:30 BRT 2016 JRedis[tid:1] <INFORMAÇÕES>: WARNING: heartbeat is disabled.
01475611470560 Tue Oct 04 17:04:30 BRT 2016 JRedis[tid:1] <ADVERTÊNCIA>: PROBLEM: Shutting down due to connection FAULT: Socket connect failed [cause: java.net.ConnectException: Conexão recusada] -- make sure the server is running at localhost:6379 - Connection: SYNCHRONOUS  localhost/127.0.0.1:6379 db:0 | SyncConnection@2116299597
01475611470560 Tue Oct 04 17:04:30 BRT 2016 JRedis[tid:1] <GRAVE>: Error creating connection -> Socket connect failed [cause: java.net.ConnectException: Conexão recusada] -- make sure the server is running at localhost:6379
]]></system-err>
  </testcase>
  <testcase name="testTakeLast[12]" classname="org.springframework.data.redis.support.collections.RedisListTests" time="0">
    <error message="Could not get a resource from the pool; nested exception is org.jredis.ClientRuntimeException: null reference:{connection on setConnection()} in method JRedisClient.setConnection() [file: JRedisClient.java line:158 - package: org.jredis.ri.alphazero] cause: =&gt; [IllegalArgumentException: null reference:{connection on setConnection()} in method JRedisClient.setConnection() [file: JRedisClient.java line:158 - package: org.jredis.ri.alphazero]]" type="org.springframework.data.redis.connection.PoolException">org.springframework.data.redis.connection.PoolException: Could not get a resource from the pool; nested exception is org.jredis.ClientRuntimeException: null reference:{connection on setConnection()} in method JRedisClient.setConnection() [file: JRedisClient.java line:158 - package: org.jredis.ri.alphazero] cause: => [IllegalArgumentException: null reference:{connection on setConnection()} in method JRedisClient.setConnection() [file: JRedisClient.java line:158 - package: org.jredis.ri.alphazero]]
Caused by: org.jredis.ClientRuntimeException: null reference:{connection on setConnection()} in method JRedisClient.setConnection() [file: JRedisClient.java line:158 - package: org.jredis.ri.alphazero] cause: => [IllegalArgumentException: null reference:{connection on setConnection()} in method JRedisClient.setConnection() [file: JRedisClient.java line:158 - package: org.jredis.ri.alphazero]]
Caused by: java.lang.IllegalArgumentException: null reference:{connection on setConnection()} in method JRedisClient.setConnection() [file: JRedisClient.java line:158 - package: org.jredis.ri.alphazero]
</error>
  </testcase>
  <testcase name="testRemainingCapacity[12]" classname="org.springframework.data.redis.support.collections.RedisListTests" time="0">
    <error message="Could not get a resource from the pool; nested exception is org.jredis.ClientRuntimeException: null reference:{connection on setConnection()} in method JRedisClient.setConnection() [file: JRedisClient.java line:158 - package: org.jredis.ri.alphazero] cause: =&gt; [IllegalArgumentException: null reference:{connection on setConnection()} in method JRedisClient.setConnection() [file: JRedisClient.java line:158 - package: org.jredis.ri.alphazero]]" type="org.springframework.data.redis.connection.PoolException">org.springframework.data.redis.connection.PoolException: Could not get a resource from the pool; nested exception is org.jredis.ClientRuntimeException: null reference:{connection on setConnection()} in method JRedisClient.setConnection() [file: JRedisClient.java line:158 - package: org.jredis.ri.alphazero] cause: => [IllegalArgumentException: null reference:{connection on setConnection()} in method JRedisClient.setConnection() [file: JRedisClient.java line:158 - package: org.jredis.ri.alphazero]]
Caused by: org.jredis.ClientRuntimeException: null reference:{connection on setConnection()} in method JRedisClient.setConnection() [file: JRedisClient.java line:158 - package: org.jredis.ri.alphazero] cause: => [IllegalArgumentException: null reference:{connection on setConnection()} in method JRedisClient.setConnection() [file: JRedisClient.java line:158 - package: org.jredis.ri.alphazero]]
Caused by: java.lang.IllegalArgumentException: null reference:{connection on setConnection()} in method JRedisClient.setConnection() [file: JRedisClient.java line:158 - package: org.jredis.ri.alphazero]
</error>
    <system-err><![CDATA[01475611470561 Tue Oct 04 17:04:30 BRT 2016 JRedis[tid:1] <INFORMAÇÕES>: WARNING: heartbeat is disabled.
01475611470561 Tue Oct 04 17:04:30 BRT 2016 JRedis[tid:1] <ADVERTÊNCIA>: PROBLEM: Shutting down due to connection FAULT: Socket connect failed [cause: java.net.ConnectException: Conexão recusada] -- make sure the server is running at localhost:6379 - Connection: SYNCHRONOUS  localhost/127.0.0.1:6379 db:0 | SyncConnection@50720817
01475611470561 Tue Oct 04 17:04:30 BRT 2016 JRedis[tid:1] <GRAVE>: Error creating connection -> Socket connect failed [cause: java.net.ConnectException: Conexão recusada] -- make sure the server is running at localhost:6379
]]></system-err>
  </testcase>
  <testcase name="testRemoveLast[12]" classname="org.springframework.data.redis.support.collections.RedisListTests" time="0.001">
    <error message="Could not get a resource from the pool; nested exception is org.jredis.ClientRuntimeException: null reference:{connection on setConnection()} in method JRedisClient.setConnection() [file: JRedisClient.java line:158 - package: org.jredis.ri.alphazero] cause: =&gt; [IllegalArgumentException: null reference:{connection on setConnection()} in method JRedisClient.setConnection() [file: JRedisClient.java line:158 - package: org.jredis.ri.alphazero]]" type="org.springframework.data.redis.connection.PoolException">org.springframework.data.redis.connection.PoolException: Could not get a resource from the pool; nested exception is org.jredis.ClientRuntimeException: null reference:{connection on setConnection()} in method JRedisClient.setConnection() [file: JRedisClient.java line:158 - package: org.jredis.ri.alphazero] cause: => [IllegalArgumentException: null reference:{connection on setConnection()} in method JRedisClient.setConnection() [file: JRedisClient.java line:158 - package: org.jredis.ri.alphazero]]
Caused by: org.jredis.ClientRuntimeException: null reference:{connection on setConnection()} in method JRedisClient.setConnection() [file: JRedisClient.java line:158 - package: org.jredis.ri.alphazero] cause: => [IllegalArgumentException: null reference:{connection on setConnection()} in method JRedisClient.setConnection() [file: JRedisClient.java line:158 - package: org.jredis.ri.alphazero]]
Caused by: java.lang.IllegalArgumentException: null reference:{connection on setConnection()} in method JRedisClient.setConnection() [file: JRedisClient.java line:158 - package: org.jredis.ri.alphazero]
</error>
    <system-err><![CDATA[01475611470561 Tue Oct 04 17:04:30 BRT 2016 JRedis[tid:1] <INFORMAÇÕES>: WARNING: heartbeat is disabled.
01475611470562 Tue Oct 04 17:04:30 BRT 2016 JRedis[tid:1] <ADVERTÊNCIA>: PROBLEM: Shutting down due to connection FAULT: Socket connect failed [cause: java.net.ConnectException: Conexão recusada] -- make sure the server is running at localhost:6379 - Connection: SYNCHRONOUS  localhost/127.0.0.1:6379 db:0 | SyncConnection@1496220730
01475611470562 Tue Oct 04 17:04:30 BRT 2016 JRedis[tid:1] <GRAVE>: Error creating connection -> Socket connect failed [cause: java.net.ConnectException: Conexão recusada] -- make sure the server is running at localhost:6379
01475611470562 Tue Oct 04 17:04:30 BRT 2016 JRedis[tid:1] <INFORMAÇÕES>: WARNING: heartbeat is disabled.
01475611470562 Tue Oct 04 17:04:30 BRT 2016 JRedis[tid:1] <ADVERTÊNCIA>: PROBLEM: Shutting down due to connection FAULT: Socket connect failed [cause: java.net.ConnectException: Conexão recusada] -- make sure the server is running at localhost:6379 - Connection: SYNCHRONOUS  localhost/127.0.0.1:6379 db:0 | SyncConnection@488600086
01475611470562 Tue Oct 04 17:04:30 BRT 2016 JRedis[tid:1] <GRAVE>: Error creating connection -> Socket connect failed [cause: java.net.ConnectException: Conexão recusada] -- make sure the server is running at localhost:6379
]]></system-err>
  </testcase>
  <testcase name="testRemoveLast[12]" classname="org.springframework.data.redis.support.collections.RedisListTests" time="0.001">
    <error message="Could not get a resource from the pool; nested exception is org.jredis.ClientRuntimeException: null reference:{connection on setConnection()} in method JRedisClient.setConnection() [file: JRedisClient.java line:158 - package: org.jredis.ri.alphazero] cause: =&gt; [IllegalArgumentException: null reference:{connection on setConnection()} in method JRedisClient.setConnection() [file: JRedisClient.java line:158 - package: org.jredis.ri.alphazero]]" type="org.springframework.data.redis.connection.PoolException">org.springframework.data.redis.connection.PoolException: Could not get a resource from the pool; nested exception is org.jredis.ClientRuntimeException: null reference:{connection on setConnection()} in method JRedisClient.setConnection() [file: JRedisClient.java line:158 - package: org.jredis.ri.alphazero] cause: => [IllegalArgumentException: null reference:{connection on setConnection()} in method JRedisClient.setConnection() [file: JRedisClient.java line:158 - package: org.jredis.ri.alphazero]]
Caused by: org.jredis.ClientRuntimeException: null reference:{connection on setConnection()} in method JRedisClient.setConnection() [file: JRedisClient.java line:158 - package: org.jredis.ri.alphazero] cause: => [IllegalArgumentException: null reference:{connection on setConnection()} in method JRedisClient.setConnection() [file: JRedisClient.java line:158 - package: org.jredis.ri.alphazero]]
Caused by: java.lang.IllegalArgumentException: null reference:{connection on setConnection()} in method JRedisClient.setConnection() [file: JRedisClient.java line:158 - package: org.jredis.ri.alphazero]
</error>
  </testcase>
  <testcase name="testAddIndexObjectHead[12]" classname="org.springframework.data.redis.support.collections.RedisListTests" time="0">
    <error message="Could not get a resource from the pool; nested exception is org.jredis.ClientRuntimeException: null reference:{connection on setConnection()} in method JRedisClient.setConnection() [file: JRedisClient.java line:158 - package: org.jredis.ri.alphazero] cause: =&gt; [IllegalArgumentException: null reference:{connection on setConnection()} in method JRedisClient.setConnection() [file: JRedisClient.java line:158 - package: org.jredis.ri.alphazero]]" type="org.springframework.data.redis.connection.PoolException">org.springframework.data.redis.connection.PoolException: Could not get a resource from the pool; nested exception is org.jredis.ClientRuntimeException: null reference:{connection on setConnection()} in method JRedisClient.setConnection() [file: JRedisClient.java line:158 - package: org.jredis.ri.alphazero] cause: => [IllegalArgumentException: null reference:{connection on setConnection()} in method JRedisClient.setConnection() [file: JRedisClient.java line:158 - package: org.jredis.ri.alphazero]]
Caused by: org.jredis.ClientRuntimeException: null reference:{connection on setConnection()} in method JRedisClient.setConnection() [file: JRedisClient.java line:158 - package: org.jredis.ri.alphazero] cause: => [IllegalArgumentException: null reference:{connection on setConnection()} in method JRedisClient.setConnection() [file: JRedisClient.java line:158 - package: org.jredis.ri.alphazero]]
Caused by: java.lang.IllegalArgumentException: null reference:{connection on setConnection()} in method JRedisClient.setConnection() [file: JRedisClient.java line:158 - package: org.jredis.ri.alphazero]
</error>
    <system-err><![CDATA[01475611470563 Tue Oct 04 17:04:30 BRT 2016 JRedis[tid:1] <INFORMAÇÕES>: WARNING: heartbeat is disabled.
01475611470563 Tue Oct 04 17:04:30 BRT 2016 JRedis[tid:1] <ADVERTÊNCIA>: PROBLEM: Shutting down due to connection FAULT: Socket connect failed [cause: java.net.ConnectException: Conexão recusada] -- make sure the server is running at localhost:6379 - Connection: SYNCHRONOUS  localhost/127.0.0.1:6379 db:0 | SyncConnection@1111379131
01475611470563 Tue Oct 04 17:04:30 BRT 2016 JRedis[tid:1] <GRAVE>: Error creating connection -> Socket connect failed [cause: java.net.ConnectException: Conexão recusada] -- make sure the server is running at localhost:6379
01475611470563 Tue Oct 04 17:04:30 BRT 2016 JRedis[tid:1] <INFORMAÇÕES>: WARNING: heartbeat is disabled.
01475611470563 Tue Oct 04 17:04:30 BRT 2016 JRedis[tid:1] <ADVERTÊNCIA>: PROBLEM: Shutting down due to connection FAULT: Socket connect failed [cause: java.net.ConnectException: Conexão recusada] -- make sure the server is running at localhost:6379 - Connection: SYNCHRONOUS  localhost/127.0.0.1:6379 db:0 | SyncConnection@1846982837
01475611470563 Tue Oct 04 17:04:30 BRT 2016 JRedis[tid:1] <GRAVE>: Error creating connection -> Socket connect failed [cause: java.net.ConnectException: Conexão recusada] -- make sure the server is running at localhost:6379
]]></system-err>
  </testcase>
  <testcase name="testAddIndexObjectHead[12]" classname="org.springframework.data.redis.support.collections.RedisListTests" time="0">
    <error message="Could not get a resource from the pool; nested exception is org.jredis.ClientRuntimeException: null reference:{connection on setConnection()} in method JRedisClient.setConnection() [file: JRedisClient.java line:158 - package: org.jredis.ri.alphazero] cause: =&gt; [IllegalArgumentException: null reference:{connection on setConnection()} in method JRedisClient.setConnection() [file: JRedisClient.java line:158 - package: org.jredis.ri.alphazero]]" type="org.springframework.data.redis.connection.PoolException">org.springframework.data.redis.connection.PoolException: Could not get a resource from the pool; nested exception is org.jredis.ClientRuntimeException: null reference:{connection on setConnection()} in method JRedisClient.setConnection() [file: JRedisClient.java line:158 - package: org.jredis.ri.alphazero] cause: => [IllegalArgumentException: null reference:{connection on setConnection()} in method JRedisClient.setConnection() [file: JRedisClient.java line:158 - package: org.jredis.ri.alphazero]]
Caused by: org.jredis.ClientRuntimeException: null reference:{connection on setConnection()} in method JRedisClient.setConnection() [file: JRedisClient.java line:158 - package: org.jredis.ri.alphazero] cause: => [IllegalArgumentException: null reference:{connection on setConnection()} in method JRedisClient.setConnection() [file: JRedisClient.java line:158 - package: org.jredis.ri.alphazero]]
Caused by: java.lang.IllegalArgumentException: null reference:{connection on setConnection()} in method JRedisClient.setConnection() [file: JRedisClient.java line:158 - package: org.jredis.ri.alphazero]
</error>
  </testcase>
  <testcase name="testAddIndexObjectTail[12]" classname="org.springframework.data.redis.support.collections.RedisListTests" time="0">
    <error message="Could not get a resource from the pool; nested exception is org.jredis.ClientRuntimeException: null reference:{connection on setConnection()} in method JRedisClient.setConnection() [file: JRedisClient.java line:158 - package: org.jredis.ri.alphazero] cause: =&gt; [IllegalArgumentException: null reference:{connection on setConnection()} in method JRedisClient.setConnection() [file: JRedisClient.java line:158 - package: org.jredis.ri.alphazero]]" type="org.springframework.data.redis.connection.PoolException">org.springframework.data.redis.connection.PoolException: Could not get a resource from the pool; nested exception is org.jredis.ClientRuntimeException: null reference:{connection on setConnection()} in method JRedisClient.setConnection() [file: JRedisClient.java line:158 - package: org.jredis.ri.alphazero] cause: => [IllegalArgumentException: null reference:{connection on setConnection()} in method JRedisClient.setConnection() [file: JRedisClient.java line:158 - package: org.jredis.ri.alphazero]]
Caused by: org.jredis.ClientRuntimeException: null reference:{connection on setConnection()} in method JRedisClient.setConnection() [file: JRedisClient.java line:158 - package: org.jredis.ri.alphazero] cause: => [IllegalArgumentException: null reference:{connection on setConnection()} in method JRedisClient.setConnection() [file: JRedisClient.java line:158 - package: org.jredis.ri.alphazero]]
Caused by: java.lang.IllegalArgumentException: null reference:{connection on setConnection()} in method JRedisClient.setConnection() [file: JRedisClient.java line:158 - package: org.jredis.ri.alphazero]
</error>
    <system-err><![CDATA[01475611470564 Tue Oct 04 17:04:30 BRT 2016 JRedis[tid:1] <INFORMAÇÕES>: WARNING: heartbeat is disabled.
01475611470564 Tue Oct 04 17:04:30 BRT 2016 JRedis[tid:1] <ADVERTÊNCIA>: PROBLEM: Shutting down due to connection FAULT: Socket connect failed [cause: java.net.ConnectException: Conexão recusada] -- make sure the server is running at localhost:6379 - Connection: SYNCHRONOUS  localhost/127.0.0.1:6379 db:0 | SyncConnection@1135935001
01475611470564 Tue Oct 04 17:04:30 BRT 2016 JRedis[tid:1] <GRAVE>: Error creating connection -> Socket connect failed [cause: java.net.ConnectException: Conexão recusada] -- make sure the server is running at localhost:6379
01475611470564 Tue Oct 04 17:04:30 BRT 2016 JRedis[tid:1] <INFORMAÇÕES>: WARNING: heartbeat is disabled.
01475611470565 Tue Oct 04 17:04:30 BRT 2016 JRedis[tid:1] <ADVERTÊNCIA>: PROBLEM: Shutting down due to connection FAULT: Socket connect failed [cause: java.net.ConnectException: Conexão recusada] -- make sure the server is running at localhost:6379 - Connection: SYNCHRONOUS  localhost/127.0.0.1:6379 db:0 | SyncConnection@635288507
01475611470565 Tue Oct 04 17:04:30 BRT 2016 JRedis[tid:1] <GRAVE>: Error creating connection -> Socket connect failed [cause: java.net.ConnectException: Conexão recusada] -- make sure the server is running at localhost:6379
]]></system-err>
  </testcase>
  <testcase name="testAddIndexObjectTail[12]" classname="org.springframework.data.redis.support.collections.RedisListTests" time="0">
    <error message="Could not get a resource from the pool; nested exception is org.jredis.ClientRuntimeException: null reference:{connection on setConnection()} in method JRedisClient.setConnection() [file: JRedisClient.java line:158 - package: org.jredis.ri.alphazero] cause: =&gt; [IllegalArgumentException: null reference:{connection on setConnection()} in method JRedisClient.setConnection() [file: JRedisClient.java line:158 - package: org.jredis.ri.alphazero]]" type="org.springframework.data.redis.connection.PoolException">org.springframework.data.redis.connection.PoolException: Could not get a resource from the pool; nested exception is org.jredis.ClientRuntimeException: null reference:{connection on setConnection()} in method JRedisClient.setConnection() [file: JRedisClient.java line:158 - package: org.jredis.ri.alphazero] cause: => [IllegalArgumentException: null reference:{connection on setConnection()} in method JRedisClient.setConnection() [file: JRedisClient.java line:158 - package: org.jredis.ri.alphazero]]
Caused by: org.jredis.ClientRuntimeException: null reference:{connection on setConnection()} in method JRedisClient.setConnection() [file: JRedisClient.java line:158 - package: org.jredis.ri.alphazero] cause: => [IllegalArgumentException: null reference:{connection on setConnection()} in method JRedisClient.setConnection() [file: JRedisClient.java line:158 - package: org.jredis.ri.alphazero]]
Caused by: java.lang.IllegalArgumentException: null reference:{connection on setConnection()} in method JRedisClient.setConnection() [file: JRedisClient.java line:158 - package: org.jredis.ri.alphazero]
</error>
  </testcase>
  <testcase name="testPollFirst[12]" classname="org.springframework.data.redis.support.collections.RedisListTests" time="0.001">
    <error message="Could not get a resource from the pool; nested exception is org.jredis.ClientRuntimeException: null reference:{connection on setConnection()} in method JRedisClient.setConnection() [file: JRedisClient.java line:158 - package: org.jredis.ri.alphazero] cause: =&gt; [IllegalArgumentException: null reference:{connection on setConnection()} in method JRedisClient.setConnection() [file: JRedisClient.java line:158 - package: org.jredis.ri.alphazero]]" type="org.springframework.data.redis.connection.PoolException">org.springframework.data.redis.connection.PoolException: Could not get a resource from the pool; nested exception is org.jredis.ClientRuntimeException: null reference:{connection on setConnection()} in method JRedisClient.setConnection() [file: JRedisClient.java line:158 - package: org.jredis.ri.alphazero] cause: => [IllegalArgumentException: null reference:{connection on setConnection()} in method JRedisClient.setConnection() [file: JRedisClient.java line:158 - package: org.jredis.ri.alphazero]]
Caused by: org.jredis.ClientRuntimeException: null reference:{connection on setConnection()} in method JRedisClient.setConnection() [file: JRedisClient.java line:158 - package: org.jredis.ri.alphazero] cause: => [IllegalArgumentException: null reference:{connection on setConnection()} in method JRedisClient.setConnection() [file: JRedisClient.java line:158 - package: org.jredis.ri.alphazero]]
Caused by: java.lang.IllegalArgumentException: null reference:{connection on setConnection()} in method JRedisClient.setConnection() [file: JRedisClient.java line:158 - package: org.jredis.ri.alphazero]
</error>
    <system-err><![CDATA[01475611470565 Tue Oct 04 17:04:30 BRT 2016 JRedis[tid:1] <INFORMAÇÕES>: WARNING: heartbeat is disabled.
01475611470565 Tue Oct 04 17:04:30 BRT 2016 JRedis[tid:1] <ADVERTÊNCIA>: PROBLEM: Shutting down due to connection FAULT: Socket connect failed [cause: java.net.ConnectException: Conexão recusada] -- make sure the server is running at localhost:6379 - Connection: SYNCHRONOUS  localhost/127.0.0.1:6379 db:0 | SyncConnection@355885103
01475611470566 Tue Oct 04 17:04:30 BRT 2016 JRedis[tid:1] <GRAVE>: Error creating connection -> Socket connect failed [cause: java.net.ConnectException: Conexão recusada] -- make sure the server is running at localhost:6379
01475611470566 Tue Oct 04 17:04:30 BRT 2016 JRedis[tid:1] <INFORMAÇÕES>: WARNING: heartbeat is disabled.
01475611470566 Tue Oct 04 17:04:30 BRT 2016 JRedis[tid:1] <ADVERTÊNCIA>: PROBLEM: Shutting down due to connection FAULT: Socket connect failed [cause: java.net.ConnectException: Conexão recusada] -- make sure the server is running at localhost:6379 - Connection: SYNCHRONOUS  localhost/127.0.0.1:6379 db:0 | SyncConnection@1321115948
01475611470566 Tue Oct 04 17:04:30 BRT 2016 JRedis[tid:1] <GRAVE>: Error creating connection -> Socket connect failed [cause: java.net.ConnectException: Conexão recusada] -- make sure the server is running at localhost:6379
]]></system-err>
  </testcase>
  <testcase name="testPollFirst[12]" classname="org.springframework.data.redis.support.collections.RedisListTests" time="0.001">
    <error message="Could not get a resource from the pool; nested exception is org.jredis.ClientRuntimeException: null reference:{connection on setConnection()} in method JRedisClient.setConnection() [file: JRedisClient.java line:158 - package: org.jredis.ri.alphazero] cause: =&gt; [IllegalArgumentException: null reference:{connection on setConnection()} in method JRedisClient.setConnection() [file: JRedisClient.java line:158 - package: org.jredis.ri.alphazero]]" type="org.springframework.data.redis.connection.PoolException">org.springframework.data.redis.connection.PoolException: Could not get a resource from the pool; nested exception is org.jredis.ClientRuntimeException: null reference:{connection on setConnection()} in method JRedisClient.setConnection() [file: JRedisClient.java line:158 - package: org.jredis.ri.alphazero] cause: => [IllegalArgumentException: null reference:{connection on setConnection()} in method JRedisClient.setConnection() [file: JRedisClient.java line:158 - package: org.jredis.ri.alphazero]]
Caused by: org.jredis.ClientRuntimeException: null reference:{connection on setConnection()} in method JRedisClient.setConnection() [file: JRedisClient.java line:158 - package: org.jredis.ri.alphazero] cause: => [IllegalArgumentException: null reference:{connection on setConnection()} in method JRedisClient.setConnection() [file: JRedisClient.java line:158 - package: org.jredis.ri.alphazero]]
Caused by: java.lang.IllegalArgumentException: null reference:{connection on setConnection()} in method JRedisClient.setConnection() [file: JRedisClient.java line:158 - package: org.jredis.ri.alphazero]
</error>
  </testcase>
  <testcase name="testAddIndexObjectMiddle[12]" classname="org.springframework.data.redis.support.collections.RedisListTests" time="0">
    <error message="Unexpected exception, expected&lt;java.lang.IllegalArgumentException&gt; but was&lt;org.springframework.data.redis.connection.PoolException&gt;" type="java.lang.Exception"><![CDATA[java.lang.Exception: Unexpected exception, expected<java.lang.IllegalArgumentException> but was<org.springframework.data.redis.connection.PoolException>
Caused by: org.springframework.data.redis.connection.PoolException: Could not get a resource from the pool; nested exception is org.jredis.ClientRuntimeException: null reference:{connection on setConnection()} in method JRedisClient.setConnection() [file: JRedisClient.java line:158 - package: org.jredis.ri.alphazero] cause: => [IllegalArgumentException: null reference:{connection on setConnection()} in method JRedisClient.setConnection() [file: JRedisClient.java line:158 - package: org.jredis.ri.alphazero]]
Caused by: org.jredis.ClientRuntimeException: null reference:{connection on setConnection()} in method JRedisClient.setConnection() [file: JRedisClient.java line:158 - package: org.jredis.ri.alphazero] cause: => [IllegalArgumentException: null reference:{connection on setConnection()} in method JRedisClient.setConnection() [file: JRedisClient.java line:158 - package: org.jredis.ri.alphazero]]
Caused by: java.lang.IllegalArgumentException: null reference:{connection on setConnection()} in method JRedisClient.setConnection() [file: JRedisClient.java line:158 - package: org.jredis.ri.alphazero]
]]></error>
    <system-err><![CDATA[01475611470567 Tue Oct 04 17:04:30 BRT 2016 JRedis[tid:1] <INFORMAÇÕES>: WARNING: heartbeat is disabled.
01475611470567 Tue Oct 04 17:04:30 BRT 2016 JRedis[tid:1] <ADVERTÊNCIA>: PROBLEM: Shutting down due to connection FAULT: Socket connect failed [cause: java.net.ConnectException: Conexão recusada] -- make sure the server is running at localhost:6379 - Connection: SYNCHRONOUS  localhost/127.0.0.1:6379 db:0 | SyncConnection@706665172
01475611470567 Tue Oct 04 17:04:30 BRT 2016 JRedis[tid:1] <GRAVE>: Error creating connection -> Socket connect failed [cause: java.net.ConnectException: Conexão recusada] -- make sure the server is running at localhost:6379
01475611470567 Tue Oct 04 17:04:30 BRT 2016 JRedis[tid:1] <INFORMAÇÕES>: WARNING: heartbeat is disabled.
01475611470567 Tue Oct 04 17:04:30 BRT 2016 JRedis[tid:1] <ADVERTÊNCIA>: PROBLEM: Shutting down due to connection FAULT: Socket connect failed [cause: java.net.ConnectException: Conexão recusada] -- make sure the server is running at localhost:6379 - Connection: SYNCHRONOUS  localhost/127.0.0.1:6379 db:0 | SyncConnection@1649847375
01475611470567 Tue Oct 04 17:04:30 BRT 2016 JRedis[tid:1] <GRAVE>: Error creating connection -> Socket connect failed [cause: java.net.ConnectException: Conexão recusada] -- make sure the server is running at localhost:6379
]]></system-err>
  </testcase>
  <testcase name="testAddIndexObjectMiddle[12]" classname="org.springframework.data.redis.support.collections.RedisListTests" time="0">
    <error message="Could not get a resource from the pool; nested exception is org.jredis.ClientRuntimeException: null reference:{connection on setConnection()} in method JRedisClient.setConnection() [file: JRedisClient.java line:158 - package: org.jredis.ri.alphazero] cause: =&gt; [IllegalArgumentException: null reference:{connection on setConnection()} in method JRedisClient.setConnection() [file: JRedisClient.java line:158 - package: org.jredis.ri.alphazero]]" type="org.springframework.data.redis.connection.PoolException">org.springframework.data.redis.connection.PoolException: Could not get a resource from the pool; nested exception is org.jredis.ClientRuntimeException: null reference:{connection on setConnection()} in method JRedisClient.setConnection() [file: JRedisClient.java line:158 - package: org.jredis.ri.alphazero] cause: => [IllegalArgumentException: null reference:{connection on setConnection()} in method JRedisClient.setConnection() [file: JRedisClient.java line:158 - package: org.jredis.ri.alphazero]]
Caused by: org.jredis.ClientRuntimeException: null reference:{connection on setConnection()} in method JRedisClient.setConnection() [file: JRedisClient.java line:158 - package: org.jredis.ri.alphazero] cause: => [IllegalArgumentException: null reference:{connection on setConnection()} in method JRedisClient.setConnection() [file: JRedisClient.java line:158 - package: org.jredis.ri.alphazero]]
Caused by: java.lang.IllegalArgumentException: null reference:{connection on setConnection()} in method JRedisClient.setConnection() [file: JRedisClient.java line:158 - package: org.jredis.ri.alphazero]
</error>
  </testcase>
  <testcase name="testPeekLast[12]" classname="org.springframework.data.redis.support.collections.RedisListTests" time="0.001">
    <error message="Could not get a resource from the pool; nested exception is org.jredis.ClientRuntimeException: null reference:{connection on setConnection()} in method JRedisClient.setConnection() [file: JRedisClient.java line:158 - package: org.jredis.ri.alphazero] cause: =&gt; [IllegalArgumentException: null reference:{connection on setConnection()} in method JRedisClient.setConnection() [file: JRedisClient.java line:158 - package: org.jredis.ri.alphazero]]" type="org.springframework.data.redis.connection.PoolException">org.springframework.data.redis.connection.PoolException: Could not get a resource from the pool; nested exception is org.jredis.ClientRuntimeException: null reference:{connection on setConnection()} in method JRedisClient.setConnection() [file: JRedisClient.java line:158 - package: org.jredis.ri.alphazero] cause: => [IllegalArgumentException: null reference:{connection on setConnection()} in method JRedisClient.setConnection() [file: JRedisClient.java line:158 - package: org.jredis.ri.alphazero]]
Caused by: org.jredis.ClientRuntimeException: null reference:{connection on setConnection()} in method JRedisClient.setConnection() [file: JRedisClient.java line:158 - package: org.jredis.ri.alphazero] cause: => [IllegalArgumentException: null reference:{connection on setConnection()} in method JRedisClient.setConnection() [file: JRedisClient.java line:158 - package: org.jredis.ri.alphazero]]
Caused by: java.lang.IllegalArgumentException: null reference:{connection on setConnection()} in method JRedisClient.setConnection() [file: JRedisClient.java line:158 - package: org.jredis.ri.alphazero]
</error>
    <system-err><![CDATA[01475611470568 Tue Oct 04 17:04:30 BRT 2016 JRedis[tid:1] <INFORMAÇÕES>: WARNING: heartbeat is disabled.
01475611470568 Tue Oct 04 17:04:30 BRT 2016 JRedis[tid:1] <ADVERTÊNCIA>: PROBLEM: Shutting down due to connection FAULT: Socket connect failed [cause: java.net.ConnectException: Conexão recusada] -- make sure the server is running at localhost:6379 - Connection: SYNCHRONOUS  localhost/127.0.0.1:6379 db:0 | SyncConnection@1153933106
01475611470568 Tue Oct 04 17:04:30 BRT 2016 JRedis[tid:1] <GRAVE>: Error creating connection -> Socket connect failed [cause: java.net.ConnectException: Conexão recusada] -- make sure the server is running at localhost:6379
01475611470568 Tue Oct 04 17:04:30 BRT 2016 JRedis[tid:1] <INFORMAÇÕES>: WARNING: heartbeat is disabled.
01475611470568 Tue Oct 04 17:04:30 BRT 2016 JRedis[tid:1] <ADVERTÊNCIA>: PROBLEM: Shutting down due to connection FAULT: Socket connect failed [cause: java.net.ConnectException: Conexão recusada] -- make sure the server is running at localhost:6379 - Connection: SYNCHRONOUS  localhost/127.0.0.1:6379 db:0 | SyncConnection@2144067911
01475611470568 Tue Oct 04 17:04:30 BRT 2016 JRedis[tid:1] <GRAVE>: Error creating connection -> Socket connect failed [cause: java.net.ConnectException: Conexão recusada] -- make sure the server is running at localhost:6379
]]></system-err>
  </testcase>
  <testcase name="testPeekLast[12]" classname="org.springframework.data.redis.support.collections.RedisListTests" time="0.001">
    <error message="Could not get a resource from the pool; nested exception is org.jredis.ClientRuntimeException: null reference:{connection on setConnection()} in method JRedisClient.setConnection() [file: JRedisClient.java line:158 - package: org.jredis.ri.alphazero] cause: =&gt; [IllegalArgumentException: null reference:{connection on setConnection()} in method JRedisClient.setConnection() [file: JRedisClient.java line:158 - package: org.jredis.ri.alphazero]]" type="org.springframework.data.redis.connection.PoolException">org.springframework.data.redis.connection.PoolException: Could not get a resource from the pool; nested exception is org.jredis.ClientRuntimeException: null reference:{connection on setConnection()} in method JRedisClient.setConnection() [file: JRedisClient.java line:158 - package: org.jredis.ri.alphazero] cause: => [IllegalArgumentException: null reference:{connection on setConnection()} in method JRedisClient.setConnection() [file: JRedisClient.java line:158 - package: org.jredis.ri.alphazero]]
Caused by: org.jredis.ClientRuntimeException: null reference:{connection on setConnection()} in method JRedisClient.setConnection() [file: JRedisClient.java line:158 - package: org.jredis.ri.alphazero] cause: => [IllegalArgumentException: null reference:{connection on setConnection()} in method JRedisClient.setConnection() [file: JRedisClient.java line:158 - package: org.jredis.ri.alphazero]]
Caused by: java.lang.IllegalArgumentException: null reference:{connection on setConnection()} in method JRedisClient.setConnection() [file: JRedisClient.java line:158 - package: org.jredis.ri.alphazero]
</error>
  </testcase>
  <testcase name="testRemoveFirstOccurrence[12]" classname="org.springframework.data.redis.support.collections.RedisListTests" time="0">
    <error message="Could not get a resource from the pool; nested exception is org.jredis.ClientRuntimeException: null reference:{connection on setConnection()} in method JRedisClient.setConnection() [file: JRedisClient.java line:158 - package: org.jredis.ri.alphazero] cause: =&gt; [IllegalArgumentException: null reference:{connection on setConnection()} in method JRedisClient.setConnection() [file: JRedisClient.java line:158 - package: org.jredis.ri.alphazero]]" type="org.springframework.data.redis.connection.PoolException">org.springframework.data.redis.connection.PoolException: Could not get a resource from the pool; nested exception is org.jredis.ClientRuntimeException: null reference:{connection on setConnection()} in method JRedisClient.setConnection() [file: JRedisClient.java line:158 - package: org.jredis.ri.alphazero] cause: => [IllegalArgumentException: null reference:{connection on setConnection()} in method JRedisClient.setConnection() [file: JRedisClient.java line:158 - package: org.jredis.ri.alphazero]]
Caused by: org.jredis.ClientRuntimeException: null reference:{connection on setConnection()} in method JRedisClient.setConnection() [file: JRedisClient.java line:158 - package: org.jredis.ri.alphazero] cause: => [IllegalArgumentException: null reference:{connection on setConnection()} in method JRedisClient.setConnection() [file: JRedisClient.java line:158 - package: org.jredis.ri.alphazero]]
Caused by: java.lang.IllegalArgumentException: null reference:{connection on setConnection()} in method JRedisClient.setConnection() [file: JRedisClient.java line:158 - package: org.jredis.ri.alphazero]
</error>
    <system-err><![CDATA[01475611470569 Tue Oct 04 17:04:30 BRT 2016 JRedis[tid:1] <INFORMAÇÕES>: WARNING: heartbeat is disabled.
01475611470569 Tue Oct 04 17:04:30 BRT 2016 JRedis[tid:1] <ADVERTÊNCIA>: PROBLEM: Shutting down due to connection FAULT: Socket connect failed [cause: java.net.ConnectException: Conexão recusada] -- make sure the server is running at localhost:6379 - Connection: SYNCHRONOUS  localhost/127.0.0.1:6379 db:0 | SyncConnection@593447952
01475611470569 Tue Oct 04 17:04:30 BRT 2016 JRedis[tid:1] <GRAVE>: Error creating connection -> Socket connect failed [cause: java.net.ConnectException: Conexão recusada] -- make sure the server is running at localhost:6379
01475611470570 Tue Oct 04 17:04:30 BRT 2016 JRedis[tid:1] <INFORMAÇÕES>: WARNING: heartbeat is disabled.
01475611470570 Tue Oct 04 17:04:30 BRT 2016 JRedis[tid:1] <ADVERTÊNCIA>: PROBLEM: Shutting down due to connection FAULT: Socket connect failed [cause: java.net.ConnectException: Conexão recusada] -- make sure the server is running at localhost:6379 - Connection: SYNCHRONOUS  localhost/127.0.0.1:6379 db:0 | SyncConnection@1950136544
01475611470570 Tue Oct 04 17:04:30 BRT 2016 JRedis[tid:1] <GRAVE>: Error creating connection -> Socket connect failed [cause: java.net.ConnectException: Conexão recusada] -- make sure the server is running at localhost:6379
]]></system-err>
  </testcase>
  <testcase name="testRemoveFirstOccurrence[12]" classname="org.springframework.data.redis.support.collections.RedisListTests" time="0">
    <error message="Could not get a resource from the pool; nested exception is org.jredis.ClientRuntimeException: null reference:{connection on setConnection()} in method JRedisClient.setConnection() [file: JRedisClient.java line:158 - package: org.jredis.ri.alphazero] cause: =&gt; [IllegalArgumentException: null reference:{connection on setConnection()} in method JRedisClient.setConnection() [file: JRedisClient.java line:158 - package: org.jredis.ri.alphazero]]" type="org.springframework.data.redis.connection.PoolException">org.springframework.data.redis.connection.PoolException: Could not get a resource from the pool; nested exception is org.jredis.ClientRuntimeException: null reference:{connection on setConnection()} in method JRedisClient.setConnection() [file: JRedisClient.java line:158 - package: org.jredis.ri.alphazero] cause: => [IllegalArgumentException: null reference:{connection on setConnection()} in method JRedisClient.setConnection() [file: JRedisClient.java line:158 - package: org.jredis.ri.alphazero]]
Caused by: org.jredis.ClientRuntimeException: null reference:{connection on setConnection()} in method JRedisClient.setConnection() [file: JRedisClient.java line:158 - package: org.jredis.ri.alphazero] cause: => [IllegalArgumentException: null reference:{connection on setConnection()} in method JRedisClient.setConnection() [file: JRedisClient.java line:158 - package: org.jredis.ri.alphazero]]
Caused by: java.lang.IllegalArgumentException: null reference:{connection on setConnection()} in method JRedisClient.setConnection() [file: JRedisClient.java line:158 - package: org.jredis.ri.alphazero]
</error>
  </testcase>
  <testcase name="addAllIndexCollectionHead[12]" classname="org.springframework.data.redis.support.collections.RedisListTests" time="0">
    <error message="Could not get a resource from the pool; nested exception is org.jredis.ClientRuntimeException: null reference:{connection on setConnection()} in method JRedisClient.setConnection() [file: JRedisClient.java line:158 - package: org.jredis.ri.alphazero] cause: =&gt; [IllegalArgumentException: null reference:{connection on setConnection()} in method JRedisClient.setConnection() [file: JRedisClient.java line:158 - package: org.jredis.ri.alphazero]]" type="org.springframework.data.redis.connection.PoolException">org.springframework.data.redis.connection.PoolException: Could not get a resource from the pool; nested exception is org.jredis.ClientRuntimeException: null reference:{connection on setConnection()} in method JRedisClient.setConnection() [file: JRedisClient.java line:158 - package: org.jredis.ri.alphazero] cause: => [IllegalArgumentException: null reference:{connection on setConnection()} in method JRedisClient.setConnection() [file: JRedisClient.java line:158 - package: org.jredis.ri.alphazero]]
Caused by: org.jredis.ClientRuntimeException: null reference:{connection on setConnection()} in method JRedisClient.setConnection() [file: JRedisClient.java line:158 - package: org.jredis.ri.alphazero] cause: => [IllegalArgumentException: null reference:{connection on setConnection()} in method JRedisClient.setConnection() [file: JRedisClient.java line:158 - package: org.jredis.ri.alphazero]]
Caused by: java.lang.IllegalArgumentException: null reference:{connection on setConnection()} in method JRedisClient.setConnection() [file: JRedisClient.java line:158 - package: org.jredis.ri.alphazero]
</error>
    <system-err><![CDATA[01475611470571 Tue Oct 04 17:04:30 BRT 2016 JRedis[tid:1] <INFORMAÇÕES>: WARNING: heartbeat is disabled.
01475611470571 Tue Oct 04 17:04:30 BRT 2016 JRedis[tid:1] <ADVERTÊNCIA>: PROBLEM: Shutting down due to connection FAULT: Socket connect failed [cause: java.net.ConnectException: Conexão recusada] -- make sure the server is running at localhost:6379 - Connection: SYNCHRONOUS  localhost/127.0.0.1:6379 db:0 | SyncConnection@209360730
01475611470571 Tue Oct 04 17:04:30 BRT 2016 JRedis[tid:1] <GRAVE>: Error creating connection -> Socket connect failed [cause: java.net.ConnectException: Conexão recusada] -- make sure the server is running at localhost:6379
01475611470571 Tue Oct 04 17:04:30 BRT 2016 JRedis[tid:1] <INFORMAÇÕES>: WARNING: heartbeat is disabled.
01475611470571 Tue Oct 04 17:04:30 BRT 2016 JRedis[tid:1] <ADVERTÊNCIA>: PROBLEM: Shutting down due to connection FAULT: Socket connect failed [cause: java.net.ConnectException: Conexão recusada] -- make sure the server is running at localhost:6379 - Connection: SYNCHRONOUS  localhost/127.0.0.1:6379 db:0 | SyncConnection@740007499
01475611470571 Tue Oct 04 17:04:30 BRT 2016 JRedis[tid:1] <GRAVE>: Error creating connection -> Socket connect failed [cause: java.net.ConnectException: Conexão recusada] -- make sure the server is running at localhost:6379
]]></system-err>
  </testcase>
  <testcase name="addAllIndexCollectionHead[12]" classname="org.springframework.data.redis.support.collections.RedisListTests" time="0.001">
    <error message="Could not get a resource from the pool; nested exception is org.jredis.ClientRuntimeException: null reference:{connection on setConnection()} in method JRedisClient.setConnection() [file: JRedisClient.java line:158 - package: org.jredis.ri.alphazero] cause: =&gt; [IllegalArgumentException: null reference:{connection on setConnection()} in method JRedisClient.setConnection() [file: JRedisClient.java line:158 - package: org.jredis.ri.alphazero]]" type="org.springframework.data.redis.connection.PoolException">org.springframework.data.redis.connection.PoolException: Could not get a resource from the pool; nested exception is org.jredis.ClientRuntimeException: null reference:{connection on setConnection()} in method JRedisClient.setConnection() [file: JRedisClient.java line:158 - package: org.jredis.ri.alphazero] cause: => [IllegalArgumentException: null reference:{connection on setConnection()} in method JRedisClient.setConnection() [file: JRedisClient.java line:158 - package: org.jredis.ri.alphazero]]
Caused by: org.jredis.ClientRuntimeException: null reference:{connection on setConnection()} in method JRedisClient.setConnection() [file: JRedisClient.java line:158 - package: org.jredis.ri.alphazero] cause: => [IllegalArgumentException: null reference:{connection on setConnection()} in method JRedisClient.setConnection() [file: JRedisClient.java line:158 - package: org.jredis.ri.alphazero]]
Caused by: java.lang.IllegalArgumentException: null reference:{connection on setConnection()} in method JRedisClient.setConnection() [file: JRedisClient.java line:158 - package: org.jredis.ri.alphazero]
</error>
  </testcase>
  <testcase name="addAllIndexCollectionTail[12]" classname="org.springframework.data.redis.support.collections.RedisListTests" time="0">
    <error message="Could not get a resource from the pool; nested exception is org.jredis.ClientRuntimeException: null reference:{connection on setConnection()} in method JRedisClient.setConnection() [file: JRedisClient.java line:158 - package: org.jredis.ri.alphazero] cause: =&gt; [IllegalArgumentException: null reference:{connection on setConnection()} in method JRedisClient.setConnection() [file: JRedisClient.java line:158 - package: org.jredis.ri.alphazero]]" type="org.springframework.data.redis.connection.PoolException">org.springframework.data.redis.connection.PoolException: Could not get a resource from the pool; nested exception is org.jredis.ClientRuntimeException: null reference:{connection on setConnection()} in method JRedisClient.setConnection() [file: JRedisClient.java line:158 - package: org.jredis.ri.alphazero] cause: => [IllegalArgumentException: null reference:{connection on setConnection()} in method JRedisClient.setConnection() [file: JRedisClient.java line:158 - package: org.jredis.ri.alphazero]]
Caused by: org.jredis.ClientRuntimeException: null reference:{connection on setConnection()} in method JRedisClient.setConnection() [file: JRedisClient.java line:158 - package: org.jredis.ri.alphazero] cause: => [IllegalArgumentException: null reference:{connection on setConnection()} in method JRedisClient.setConnection() [file: JRedisClient.java line:158 - package: org.jredis.ri.alphazero]]
Caused by: java.lang.IllegalArgumentException: null reference:{connection on setConnection()} in method JRedisClient.setConnection() [file: JRedisClient.java line:158 - package: org.jredis.ri.alphazero]
</error>
    <system-err><![CDATA[01475611470572 Tue Oct 04 17:04:30 BRT 2016 JRedis[tid:1] <INFORMAÇÕES>: WARNING: heartbeat is disabled.
01475611470573 Tue Oct 04 17:04:30 BRT 2016 JRedis[tid:1] <ADVERTÊNCIA>: PROBLEM: Shutting down due to connection FAULT: Socket connect failed [cause: java.net.ConnectException: Conexão recusada] -- make sure the server is running at localhost:6379 - Connection: SYNCHRONOUS  localhost/127.0.0.1:6379 db:0 | SyncConnection@1971152916
01475611470573 Tue Oct 04 17:04:30 BRT 2016 JRedis[tid:1] <GRAVE>: Error creating connection -> Socket connect failed [cause: java.net.ConnectException: Conexão recusada] -- make sure the server is running at localhost:6379
01475611470573 Tue Oct 04 17:04:30 BRT 2016 JRedis[tid:1] <INFORMAÇÕES>: WARNING: heartbeat is disabled.
01475611470573 Tue Oct 04 17:04:30 BRT 2016 JRedis[tid:1] <ADVERTÊNCIA>: PROBLEM: Shutting down due to connection FAULT: Socket connect failed [cause: java.net.ConnectException: Conexão recusada] -- make sure the server is running at localhost:6379 - Connection: SYNCHRONOUS  localhost/127.0.0.1:6379 db:0 | SyncConnection@1687627235
01475611470574 Tue Oct 04 17:04:30 BRT 2016 JRedis[tid:1] <GRAVE>: Error creating connection -> Socket connect failed [cause: java.net.ConnectException: Conexão recusada] -- make sure the server is running at localhost:6379
]]></system-err>
  </testcase>
  <testcase name="addAllIndexCollectionTail[12]" classname="org.springframework.data.redis.support.collections.RedisListTests" time="0">
    <error message="Could not get a resource from the pool; nested exception is org.jredis.ClientRuntimeException: null reference:{connection on setConnection()} in method JRedisClient.setConnection() [file: JRedisClient.java line:158 - package: org.jredis.ri.alphazero] cause: =&gt; [IllegalArgumentException: null reference:{connection on setConnection()} in method JRedisClient.setConnection() [file: JRedisClient.java line:158 - package: org.jredis.ri.alphazero]]" type="org.springframework.data.redis.connection.PoolException">org.springframework.data.redis.connection.PoolException: Could not get a resource from the pool; nested exception is org.jredis.ClientRuntimeException: null reference:{connection on setConnection()} in method JRedisClient.setConnection() [file: JRedisClient.java line:158 - package: org.jredis.ri.alphazero] cause: => [IllegalArgumentException: null reference:{connection on setConnection()} in method JRedisClient.setConnection() [file: JRedisClient.java line:158 - package: org.jredis.ri.alphazero]]
Caused by: org.jredis.ClientRuntimeException: null reference:{connection on setConnection()} in method JRedisClient.setConnection() [file: JRedisClient.java line:158 - package: org.jredis.ri.alphazero] cause: => [IllegalArgumentException: null reference:{connection on setConnection()} in method JRedisClient.setConnection() [file: JRedisClient.java line:158 - package: org.jredis.ri.alphazero]]
Caused by: java.lang.IllegalArgumentException: null reference:{connection on setConnection()} in method JRedisClient.setConnection() [file: JRedisClient.java line:158 - package: org.jredis.ri.alphazero]
</error>
  </testcase>
  <testcase name="addAllIndexCollectionMiddle[12]" classname="org.springframework.data.redis.support.collections.RedisListTests" time="0">
    <error message="Unexpected exception, expected&lt;java.lang.IllegalArgumentException&gt; but was&lt;org.springframework.data.redis.connection.PoolException&gt;" type="java.lang.Exception"><![CDATA[java.lang.Exception: Unexpected exception, expected<java.lang.IllegalArgumentException> but was<org.springframework.data.redis.connection.PoolException>
Caused by: org.springframework.data.redis.connection.PoolException: Could not get a resource from the pool; nested exception is org.jredis.ClientRuntimeException: null reference:{connection on setConnection()} in method JRedisClient.setConnection() [file: JRedisClient.java line:158 - package: org.jredis.ri.alphazero] cause: => [IllegalArgumentException: null reference:{connection on setConnection()} in method JRedisClient.setConnection() [file: JRedisClient.java line:158 - package: org.jredis.ri.alphazero]]
Caused by: org.jredis.ClientRuntimeException: null reference:{connection on setConnection()} in method JRedisClient.setConnection() [file: JRedisClient.java line:158 - package: org.jredis.ri.alphazero] cause: => [IllegalArgumentException: null reference:{connection on setConnection()} in method JRedisClient.setConnection() [file: JRedisClient.java line:158 - package: org.jredis.ri.alphazero]]
Caused by: java.lang.IllegalArgumentException: null reference:{connection on setConnection()} in method JRedisClient.setConnection() [file: JRedisClient.java line:158 - package: org.jredis.ri.alphazero]
]]></error>
    <system-err><![CDATA[01475611470574 Tue Oct 04 17:04:30 BRT 2016 JRedis[tid:1] <INFORMAÇÕES>: WARNING: heartbeat is disabled.
01475611470575 Tue Oct 04 17:04:30 BRT 2016 JRedis[tid:1] <ADVERTÊNCIA>: PROBLEM: Shutting down due to connection FAULT: Socket connect failed [cause: java.net.ConnectException: Conexão recusada] -- make sure the server is running at localhost:6379 - Connection: SYNCHRONOUS  localhost/127.0.0.1:6379 db:0 | SyncConnection@1007660652
01475611470575 Tue Oct 04 17:04:30 BRT 2016 JRedis[tid:1] <GRAVE>: Error creating connection -> Socket connect failed [cause: java.net.ConnectException: Conexão recusada] -- make sure the server is running at localhost:6379
01475611470575 Tue Oct 04 17:04:30 BRT 2016 JRedis[tid:1] <INFORMAÇÕES>: WARNING: heartbeat is disabled.
01475611470575 Tue Oct 04 17:04:30 BRT 2016 JRedis[tid:1] <ADVERTÊNCIA>: PROBLEM: Shutting down due to connection FAULT: Socket connect failed [cause: java.net.ConnectException: Conexão recusada] -- make sure the server is running at localhost:6379 - Connection: SYNCHRONOUS  localhost/127.0.0.1:6379 db:0 | SyncConnection@1276544608
01475611470575 Tue Oct 04 17:04:30 BRT 2016 JRedis[tid:1] <GRAVE>: Error creating connection -> Socket connect failed [cause: java.net.ConnectException: Conexão recusada] -- make sure the server is running at localhost:6379
]]></system-err>
  </testcase>
  <testcase name="addAllIndexCollectionMiddle[12]" classname="org.springframework.data.redis.support.collections.RedisListTests" time="0">
    <error message="Could not get a resource from the pool; nested exception is org.jredis.ClientRuntimeException: null reference:{connection on setConnection()} in method JRedisClient.setConnection() [file: JRedisClient.java line:158 - package: org.jredis.ri.alphazero] cause: =&gt; [IllegalArgumentException: null reference:{connection on setConnection()} in method JRedisClient.setConnection() [file: JRedisClient.java line:158 - package: org.jredis.ri.alphazero]]" type="org.springframework.data.redis.connection.PoolException">org.springframework.data.redis.connection.PoolException: Could not get a resource from the pool; nested exception is org.jredis.ClientRuntimeException: null reference:{connection on setConnection()} in method JRedisClient.setConnection() [file: JRedisClient.java line:158 - package: org.jredis.ri.alphazero] cause: => [IllegalArgumentException: null reference:{connection on setConnection()} in method JRedisClient.setConnection() [file: JRedisClient.java line:158 - package: org.jredis.ri.alphazero]]
Caused by: org.jredis.ClientRuntimeException: null reference:{connection on setConnection()} in method JRedisClient.setConnection() [file: JRedisClient.java line:158 - package: org.jredis.ri.alphazero] cause: => [IllegalArgumentException: null reference:{connection on setConnection()} in method JRedisClient.setConnection() [file: JRedisClient.java line:158 - package: org.jredis.ri.alphazero]]
Caused by: java.lang.IllegalArgumentException: null reference:{connection on setConnection()} in method JRedisClient.setConnection() [file: JRedisClient.java line:158 - package: org.jredis.ri.alphazero]
</error>
  </testcase>
  <testcase name="testPollLast[12]" classname="org.springframework.data.redis.support.collections.RedisListTests" time="0">
    <error message="Could not get a resource from the pool; nested exception is org.jredis.ClientRuntimeException: null reference:{connection on setConnection()} in method JRedisClient.setConnection() [file: JRedisClient.java line:158 - package: org.jredis.ri.alphazero] cause: =&gt; [IllegalArgumentException: null reference:{connection on setConnection()} in method JRedisClient.setConnection() [file: JRedisClient.java line:158 - package: org.jredis.ri.alphazero]]" type="org.springframework.data.redis.connection.PoolException">org.springframework.data.redis.connection.PoolException: Could not get a resource from the pool; nested exception is org.jredis.ClientRuntimeException: null reference:{connection on setConnection()} in method JRedisClient.setConnection() [file: JRedisClient.java line:158 - package: org.jredis.ri.alphazero] cause: => [IllegalArgumentException: null reference:{connection on setConnection()} in method JRedisClient.setConnection() [file: JRedisClient.java line:158 - package: org.jredis.ri.alphazero]]
Caused by: org.jredis.ClientRuntimeException: null reference:{connection on setConnection()} in method JRedisClient.setConnection() [file: JRedisClient.java line:158 - package: org.jredis.ri.alphazero] cause: => [IllegalArgumentException: null reference:{connection on setConnection()} in method JRedisClient.setConnection() [file: JRedisClient.java line:158 - package: org.jredis.ri.alphazero]]
Caused by: java.lang.IllegalArgumentException: null reference:{connection on setConnection()} in method JRedisClient.setConnection() [file: JRedisClient.java line:158 - package: org.jredis.ri.alphazero]
</error>
    <system-err><![CDATA[01475611470576 Tue Oct 04 17:04:30 BRT 2016 JRedis[tid:1] <INFORMAÇÕES>: WARNING: heartbeat is disabled.
01475611470577 Tue Oct 04 17:04:30 BRT 2016 JRedis[tid:1] <ADVERTÊNCIA>: PROBLEM: Shutting down due to connection FAULT: Socket connect failed [cause: java.net.ConnectException: Conexão recusada] -- make sure the server is running at localhost:6379 - Connection: SYNCHRONOUS  localhost/127.0.0.1:6379 db:0 | SyncConnection@1387620926
01475611470578 Tue Oct 04 17:04:30 BRT 2016 JRedis[tid:1] <GRAVE>: Error creating connection -> Socket connect failed [cause: java.net.ConnectException: Conexão recusada] -- make sure the server is running at localhost:6379
01475611470578 Tue Oct 04 17:04:30 BRT 2016 JRedis[tid:1] <INFORMAÇÕES>: WARNING: heartbeat is disabled.
01475611470579 Tue Oct 04 17:04:30 BRT 2016 JRedis[tid:1] <ADVERTÊNCIA>: PROBLEM: Shutting down due to connection FAULT: Socket connect failed [cause: java.net.ConnectException: Conexão recusada] -- make sure the server is running at localhost:6379 - Connection: SYNCHRONOUS  localhost/127.0.0.1:6379 db:0 | SyncConnection@265348534
01475611470579 Tue Oct 04 17:04:30 BRT 2016 JRedis[tid:1] <GRAVE>: Error creating connection -> Socket connect failed [cause: java.net.ConnectException: Conexão recusada] -- make sure the server is running at localhost:6379
]]></system-err>
  </testcase>
  <testcase name="testPollLast[12]" classname="org.springframework.data.redis.support.collections.RedisListTests" time="0">
    <error message="Could not get a resource from the pool; nested exception is org.jredis.ClientRuntimeException: null reference:{connection on setConnection()} in method JRedisClient.setConnection() [file: JRedisClient.java line:158 - package: org.jredis.ri.alphazero] cause: =&gt; [IllegalArgumentException: null reference:{connection on setConnection()} in method JRedisClient.setConnection() [file: JRedisClient.java line:158 - package: org.jredis.ri.alphazero]]" type="org.springframework.data.redis.connection.PoolException">org.springframework.data.redis.connection.PoolException: Could not get a resource from the pool; nested exception is org.jredis.ClientRuntimeException: null reference:{connection on setConnection()} in method JRedisClient.setConnection() [file: JRedisClient.java line:158 - package: org.jredis.ri.alphazero] cause: => [IllegalArgumentException: null reference:{connection on setConnection()} in method JRedisClient.setConnection() [file: JRedisClient.java line:158 - package: org.jredis.ri.alphazero]]
Caused by: org.jredis.ClientRuntimeException: null reference:{connection on setConnection()} in method JRedisClient.setConnection() [file: JRedisClient.java line:158 - package: org.jredis.ri.alphazero] cause: => [IllegalArgumentException: null reference:{connection on setConnection()} in method JRedisClient.setConnection() [file: JRedisClient.java line:158 - package: org.jredis.ri.alphazero]]
Caused by: java.lang.IllegalArgumentException: null reference:{connection on setConnection()} in method JRedisClient.setConnection() [file: JRedisClient.java line:158 - package: org.jredis.ri.alphazero]
</error>
  </testcase>
  <testcase name="testIndexOfObject[12]" classname="org.springframework.data.redis.support.collections.RedisListTests" time="0">
    <error message="Could not get a resource from the pool; nested exception is org.jredis.ClientRuntimeException: null reference:{connection on setConnection()} in method JRedisClient.setConnection() [file: JRedisClient.java line:158 - package: org.jredis.ri.alphazero] cause: =&gt; [IllegalArgumentException: null reference:{connection on setConnection()} in method JRedisClient.setConnection() [file: JRedisClient.java line:158 - package: org.jredis.ri.alphazero]]" type="org.springframework.data.redis.connection.PoolException">org.springframework.data.redis.connection.PoolException: Could not get a resource from the pool; nested exception is org.jredis.ClientRuntimeException: null reference:{connection on setConnection()} in method JRedisClient.setConnection() [file: JRedisClient.java line:158 - package: org.jredis.ri.alphazero] cause: => [IllegalArgumentException: null reference:{connection on setConnection()} in method JRedisClient.setConnection() [file: JRedisClient.java line:158 - package: org.jredis.ri.alphazero]]
Caused by: org.jredis.ClientRuntimeException: null reference:{connection on setConnection()} in method JRedisClient.setConnection() [file: JRedisClient.java line:158 - package: org.jredis.ri.alphazero] cause: => [IllegalArgumentException: null reference:{connection on setConnection()} in method JRedisClient.setConnection() [file: JRedisClient.java line:158 - package: org.jredis.ri.alphazero]]
Caused by: java.lang.IllegalArgumentException: null reference:{connection on setConnection()} in method JRedisClient.setConnection() [file: JRedisClient.java line:158 - package: org.jredis.ri.alphazero]
</error>
    <system-err><![CDATA[01475611470580 Tue Oct 04 17:04:30 BRT 2016 JRedis[tid:1] <INFORMAÇÕES>: WARNING: heartbeat is disabled.
01475611470580 Tue Oct 04 17:04:30 BRT 2016 JRedis[tid:1] <ADVERTÊNCIA>: PROBLEM: Shutting down due to connection FAULT: Socket connect failed [cause: java.net.ConnectException: Conexão recusada] -- make sure the server is running at localhost:6379 - Connection: SYNCHRONOUS  localhost/127.0.0.1:6379 db:0 | SyncConnection@1324173038
01475611470580 Tue Oct 04 17:04:30 BRT 2016 JRedis[tid:1] <GRAVE>: Error creating connection -> Socket connect failed [cause: java.net.ConnectException: Conexão recusada] -- make sure the server is running at localhost:6379
]]></system-err>
  </testcase>
  <testcase name="testPollTimeout[12]" classname="org.springframework.data.redis.support.collections.RedisListTests" time="0">
    <error message="got: &lt;false&gt;, expected: is &lt;true&gt;" type="org.junit.AssumptionViolatedException"><![CDATA[org.junit.AssumptionViolatedException: got: <false>, expected: is <true>
]]></error>
    <system-err><![CDATA[01475611470580 Tue Oct 04 17:04:30 BRT 2016 JRedis[tid:1] <INFORMAÇÕES>: WARNING: heartbeat is disabled.
01475611470581 Tue Oct 04 17:04:30 BRT 2016 JRedis[tid:1] <ADVERTÊNCIA>: PROBLEM: Shutting down due to connection FAULT: Socket connect failed [cause: java.net.ConnectException: Conexão recusada] -- make sure the server is running at localhost:6379 - Connection: SYNCHRONOUS  localhost/127.0.0.1:6379 db:0 | SyncConnection@917568725
01475611470581 Tue Oct 04 17:04:30 BRT 2016 JRedis[tid:1] <GRAVE>: Error creating connection -> Socket connect failed [cause: java.net.ConnectException: Conexão recusada] -- make sure the server is running at localhost:6379
]]></system-err>
  </testcase>
  <testcase name="testPollTimeout[12]" classname="org.springframework.data.redis.support.collections.RedisListTests" time="0">
    <error message="Could not get a resource from the pool; nested exception is org.jredis.ClientRuntimeException: null reference:{connection on setConnection()} in method JRedisClient.setConnection() [file: JRedisClient.java line:158 - package: org.jredis.ri.alphazero] cause: =&gt; [IllegalArgumentException: null reference:{connection on setConnection()} in method JRedisClient.setConnection() [file: JRedisClient.java line:158 - package: org.jredis.ri.alphazero]]" type="org.springframework.data.redis.connection.PoolException">org.springframework.data.redis.connection.PoolException: Could not get a resource from the pool; nested exception is org.jredis.ClientRuntimeException: null reference:{connection on setConnection()} in method JRedisClient.setConnection() [file: JRedisClient.java line:158 - package: org.jredis.ri.alphazero] cause: => [IllegalArgumentException: null reference:{connection on setConnection()} in method JRedisClient.setConnection() [file: JRedisClient.java line:158 - package: org.jredis.ri.alphazero]]
Caused by: org.jredis.ClientRuntimeException: null reference:{connection on setConnection()} in method JRedisClient.setConnection() [file: JRedisClient.java line:158 - package: org.jredis.ri.alphazero] cause: => [IllegalArgumentException: null reference:{connection on setConnection()} in method JRedisClient.setConnection() [file: JRedisClient.java line:158 - package: org.jredis.ri.alphazero]]
Caused by: java.lang.IllegalArgumentException: null reference:{connection on setConnection()} in method JRedisClient.setConnection() [file: JRedisClient.java line:158 - package: org.jredis.ri.alphazero]
</error>
  </testcase>
  <testcase name="testRemove[12]" classname="org.springframework.data.redis.support.collections.RedisListTests" time="0">
    <error message="Could not get a resource from the pool; nested exception is org.jredis.ClientRuntimeException: null reference:{connection on setConnection()} in method JRedisClient.setConnection() [file: JRedisClient.java line:158 - package: org.jredis.ri.alphazero] cause: =&gt; [IllegalArgumentException: null reference:{connection on setConnection()} in method JRedisClient.setConnection() [file: JRedisClient.java line:158 - package: org.jredis.ri.alphazero]]" type="org.springframework.data.redis.connection.PoolException">org.springframework.data.redis.connection.PoolException: Could not get a resource from the pool; nested exception is org.jredis.ClientRuntimeException: null reference:{connection on setConnection()} in method JRedisClient.setConnection() [file: JRedisClient.java line:158 - package: org.jredis.ri.alphazero] cause: => [IllegalArgumentException: null reference:{connection on setConnection()} in method JRedisClient.setConnection() [file: JRedisClient.java line:158 - package: org.jredis.ri.alphazero]]
Caused by: org.jredis.ClientRuntimeException: null reference:{connection on setConnection()} in method JRedisClient.setConnection() [file: JRedisClient.java line:158 - package: org.jredis.ri.alphazero] cause: => [IllegalArgumentException: null reference:{connection on setConnection()} in method JRedisClient.setConnection() [file: JRedisClient.java line:158 - package: org.jredis.ri.alphazero]]
Caused by: java.lang.IllegalArgumentException: null reference:{connection on setConnection()} in method JRedisClient.setConnection() [file: JRedisClient.java line:158 - package: org.jredis.ri.alphazero]
</error>
    <system-err><![CDATA[01475611470581 Tue Oct 04 17:04:30 BRT 2016 JRedis[tid:1] <INFORMAÇÕES>: WARNING: heartbeat is disabled.
01475611470581 Tue Oct 04 17:04:30 BRT 2016 JRedis[tid:1] <ADVERTÊNCIA>: PROBLEM: Shutting down due to connection FAULT: Socket connect failed [cause: java.net.ConnectException: Conexão recusada] -- make sure the server is running at localhost:6379 - Connection: SYNCHRONOUS  localhost/127.0.0.1:6379 db:0 | SyncConnection@1336775847
01475611470581 Tue Oct 04 17:04:30 BRT 2016 JRedis[tid:1] <GRAVE>: Error creating connection -> Socket connect failed [cause: java.net.ConnectException: Conexão recusada] -- make sure the server is running at localhost:6379
01475611470582 Tue Oct 04 17:04:30 BRT 2016 JRedis[tid:1] <INFORMAÇÕES>: WARNING: heartbeat is disabled.
01475611470582 Tue Oct 04 17:04:30 BRT 2016 JRedis[tid:1] <ADVERTÊNCIA>: PROBLEM: Shutting down due to connection FAULT: Socket connect failed [cause: java.net.ConnectException: Conexão recusada] -- make sure the server is running at localhost:6379 - Connection: SYNCHRONOUS  localhost/127.0.0.1:6379 db:0 | SyncConnection@1196963249
01475611470582 Tue Oct 04 17:04:30 BRT 2016 JRedis[tid:1] <GRAVE>: Error creating connection -> Socket connect failed [cause: java.net.ConnectException: Conexão recusada] -- make sure the server is running at localhost:6379
]]></system-err>
  </testcase>
  <testcase name="testRemove[12]" classname="org.springframework.data.redis.support.collections.RedisListTests" time="0">
    <error message="Could not get a resource from the pool; nested exception is org.jredis.ClientRuntimeException: null reference:{connection on setConnection()} in method JRedisClient.setConnection() [file: JRedisClient.java line:158 - package: org.jredis.ri.alphazero] cause: =&gt; [IllegalArgumentException: null reference:{connection on setConnection()} in method JRedisClient.setConnection() [file: JRedisClient.java line:158 - package: org.jredis.ri.alphazero]]" type="org.springframework.data.redis.connection.PoolException">org.springframework.data.redis.connection.PoolException: Could not get a resource from the pool; nested exception is org.jredis.ClientRuntimeException: null reference:{connection on setConnection()} in method JRedisClient.setConnection() [file: JRedisClient.java line:158 - package: org.jredis.ri.alphazero] cause: => [IllegalArgumentException: null reference:{connection on setConnection()} in method JRedisClient.setConnection() [file: JRedisClient.java line:158 - package: org.jredis.ri.alphazero]]
Caused by: org.jredis.ClientRuntimeException: null reference:{connection on setConnection()} in method JRedisClient.setConnection() [file: JRedisClient.java line:158 - package: org.jredis.ri.alphazero] cause: => [IllegalArgumentException: null reference:{connection on setConnection()} in method JRedisClient.setConnection() [file: JRedisClient.java line:158 - package: org.jredis.ri.alphazero]]
Caused by: java.lang.IllegalArgumentException: null reference:{connection on setConnection()} in method JRedisClient.setConnection() [file: JRedisClient.java line:158 - package: org.jredis.ri.alphazero]
</error>
  </testcase>
  <testcase name="testCappedCollection[12]" classname="org.springframework.data.redis.support.collections.RedisListTests" time="0">
    <error message="Could not get a resource from the pool; nested exception is org.jredis.ClientRuntimeException: null reference:{connection on setConnection()} in method JRedisClient.setConnection() [file: JRedisClient.java line:158 - package: org.jredis.ri.alphazero] cause: =&gt; [IllegalArgumentException: null reference:{connection on setConnection()} in method JRedisClient.setConnection() [file: JRedisClient.java line:158 - package: org.jredis.ri.alphazero]]" type="org.springframework.data.redis.connection.PoolException">org.springframework.data.redis.connection.PoolException: Could not get a resource from the pool; nested exception is org.jredis.ClientRuntimeException: null reference:{connection on setConnection()} in method JRedisClient.setConnection() [file: JRedisClient.java line:158 - package: org.jredis.ri.alphazero] cause: => [IllegalArgumentException: null reference:{connection on setConnection()} in method JRedisClient.setConnection() [file: JRedisClient.java line:158 - package: org.jredis.ri.alphazero]]
Caused by: org.jredis.ClientRuntimeException: null reference:{connection on setConnection()} in method JRedisClient.setConnection() [file: JRedisClient.java line:158 - package: org.jredis.ri.alphazero] cause: => [IllegalArgumentException: null reference:{connection on setConnection()} in method JRedisClient.setConnection() [file: JRedisClient.java line:158 - package: org.jredis.ri.alphazero]]
Caused by: java.lang.IllegalArgumentException: null reference:{connection on setConnection()} in method JRedisClient.setConnection() [file: JRedisClient.java line:158 - package: org.jredis.ri.alphazero]
</error>
    <system-err><![CDATA[01475611470582 Tue Oct 04 17:04:30 BRT 2016 JRedis[tid:1] <INFORMAÇÕES>: WARNING: heartbeat is disabled.
01475611470583 Tue Oct 04 17:04:30 BRT 2016 JRedis[tid:1] <ADVERTÊNCIA>: PROBLEM: Shutting down due to connection FAULT: Socket connect failed [cause: java.net.ConnectException: Conexão recusada] -- make sure the server is running at localhost:6379 - Connection: SYNCHRONOUS  localhost/127.0.0.1:6379 db:0 | SyncConnection@1380044647
01475611470583 Tue Oct 04 17:04:30 BRT 2016 JRedis[tid:1] <GRAVE>: Error creating connection -> Socket connect failed [cause: java.net.ConnectException: Conexão recusada] -- make sure the server is running at localhost:6379
01475611470583 Tue Oct 04 17:04:30 BRT 2016 JRedis[tid:1] <INFORMAÇÕES>: WARNING: heartbeat is disabled.
01475611470583 Tue Oct 04 17:04:30 BRT 2016 JRedis[tid:1] <ADVERTÊNCIA>: PROBLEM: Shutting down due to connection FAULT: Socket connect failed [cause: java.net.ConnectException: Conexão recusada] -- make sure the server is running at localhost:6379 - Connection: SYNCHRONOUS  localhost/127.0.0.1:6379 db:0 | SyncConnection@1902801188
01475611470583 Tue Oct 04 17:04:30 BRT 2016 JRedis[tid:1] <GRAVE>: Error creating connection -> Socket connect failed [cause: java.net.ConnectException: Conexão recusada] -- make sure the server is running at localhost:6379
]]></system-err>
  </testcase>
  <testcase name="testCappedCollection[12]" classname="org.springframework.data.redis.support.collections.RedisListTests" time="0">
    <error message="Could not get a resource from the pool; nested exception is org.jredis.ClientRuntimeException: null reference:{connection on setConnection()} in method JRedisClient.setConnection() [file: JRedisClient.java line:158 - package: org.jredis.ri.alphazero] cause: =&gt; [IllegalArgumentException: null reference:{connection on setConnection()} in method JRedisClient.setConnection() [file: JRedisClient.java line:158 - package: org.jredis.ri.alphazero]]" type="org.springframework.data.redis.connection.PoolException">org.springframework.data.redis.connection.PoolException: Could not get a resource from the pool; nested exception is org.jredis.ClientRuntimeException: null reference:{connection on setConnection()} in method JRedisClient.setConnection() [file: JRedisClient.java line:158 - package: org.jredis.ri.alphazero] cause: => [IllegalArgumentException: null reference:{connection on setConnection()} in method JRedisClient.setConnection() [file: JRedisClient.java line:158 - package: org.jredis.ri.alphazero]]
Caused by: org.jredis.ClientRuntimeException: null reference:{connection on setConnection()} in method JRedisClient.setConnection() [file: JRedisClient.java line:158 - package: org.jredis.ri.alphazero] cause: => [IllegalArgumentException: null reference:{connection on setConnection()} in method JRedisClient.setConnection() [file: JRedisClient.java line:158 - package: org.jredis.ri.alphazero]]
Caused by: java.lang.IllegalArgumentException: null reference:{connection on setConnection()} in method JRedisClient.setConnection() [file: JRedisClient.java line:158 - package: org.jredis.ri.alphazero]
</error>
  </testcase>
  <testcase name="testRmoveLastOccurrence[12]" classname="org.springframework.data.redis.support.collections.RedisListTests" time="0">
    <error message="Could not get a resource from the pool; nested exception is org.jredis.ClientRuntimeException: null reference:{connection on setConnection()} in method JRedisClient.setConnection() [file: JRedisClient.java line:158 - package: org.jredis.ri.alphazero] cause: =&gt; [IllegalArgumentException: null reference:{connection on setConnection()} in method JRedisClient.setConnection() [file: JRedisClient.java line:158 - package: org.jredis.ri.alphazero]]" type="org.springframework.data.redis.connection.PoolException">org.springframework.data.redis.connection.PoolException: Could not get a resource from the pool; nested exception is org.jredis.ClientRuntimeException: null reference:{connection on setConnection()} in method JRedisClient.setConnection() [file: JRedisClient.java line:158 - package: org.jredis.ri.alphazero] cause: => [IllegalArgumentException: null reference:{connection on setConnection()} in method JRedisClient.setConnection() [file: JRedisClient.java line:158 - package: org.jredis.ri.alphazero]]
Caused by: org.jredis.ClientRuntimeException: null reference:{connection on setConnection()} in method JRedisClient.setConnection() [file: JRedisClient.java line:158 - package: org.jredis.ri.alphazero] cause: => [IllegalArgumentException: null reference:{connection on setConnection()} in method JRedisClient.setConnection() [file: JRedisClient.java line:158 - package: org.jredis.ri.alphazero]]
Caused by: java.lang.IllegalArgumentException: null reference:{connection on setConnection()} in method JRedisClient.setConnection() [file: JRedisClient.java line:158 - package: org.jredis.ri.alphazero]
</error>
    <system-err><![CDATA[01475611470584 Tue Oct 04 17:04:30 BRT 2016 JRedis[tid:1] <INFORMAÇÕES>: WARNING: heartbeat is disabled.
01475611470584 Tue Oct 04 17:04:30 BRT 2016 JRedis[tid:1] <ADVERTÊNCIA>: PROBLEM: Shutting down due to connection FAULT: Socket connect failed [cause: java.net.ConnectException: Conexão recusada] -- make sure the server is running at localhost:6379 - Connection: SYNCHRONOUS  localhost/127.0.0.1:6379 db:0 | SyncConnection@1998137093
01475611470584 Tue Oct 04 17:04:30 BRT 2016 JRedis[tid:1] <GRAVE>: Error creating connection -> Socket connect failed [cause: java.net.ConnectException: Conexão recusada] -- make sure the server is running at localhost:6379
01475611470584 Tue Oct 04 17:04:30 BRT 2016 JRedis[tid:1] <INFORMAÇÕES>: WARNING: heartbeat is disabled.
01475611470585 Tue Oct 04 17:04:30 BRT 2016 JRedis[tid:1] <ADVERTÊNCIA>: PROBLEM: Shutting down due to connection FAULT: Socket connect failed [cause: java.net.ConnectException: Conexão recusada] -- make sure the server is running at localhost:6379 - Connection: SYNCHRONOUS  localhost/127.0.0.1:6379 db:0 | SyncConnection@577127077
01475611470585 Tue Oct 04 17:04:30 BRT 2016 JRedis[tid:1] <GRAVE>: Error creating connection -> Socket connect failed [cause: java.net.ConnectException: Conexão recusada] -- make sure the server is running at localhost:6379
]]></system-err>
  </testcase>
  <testcase name="testRmoveLastOccurrence[12]" classname="org.springframework.data.redis.support.collections.RedisListTests" time="0">
    <error message="Could not get a resource from the pool; nested exception is org.jredis.ClientRuntimeException: null reference:{connection on setConnection()} in method JRedisClient.setConnection() [file: JRedisClient.java line:158 - package: org.jredis.ri.alphazero] cause: =&gt; [IllegalArgumentException: null reference:{connection on setConnection()} in method JRedisClient.setConnection() [file: JRedisClient.java line:158 - package: org.jredis.ri.alphazero]]" type="org.springframework.data.redis.connection.PoolException">org.springframework.data.redis.connection.PoolException: Could not get a resource from the pool; nested exception is org.jredis.ClientRuntimeException: null reference:{connection on setConnection()} in method JRedisClient.setConnection() [file: JRedisClient.java line:158 - package: org.jredis.ri.alphazero] cause: => [IllegalArgumentException: null reference:{connection on setConnection()} in method JRedisClient.setConnection() [file: JRedisClient.java line:158 - package: org.jredis.ri.alphazero]]
Caused by: org.jredis.ClientRuntimeException: null reference:{connection on setConnection()} in method JRedisClient.setConnection() [file: JRedisClient.java line:158 - package: org.jredis.ri.alphazero] cause: => [IllegalArgumentException: null reference:{connection on setConnection()} in method JRedisClient.setConnection() [file: JRedisClient.java line:158 - package: org.jredis.ri.alphazero]]
Caused by: java.lang.IllegalArgumentException: null reference:{connection on setConnection()} in method JRedisClient.setConnection() [file: JRedisClient.java line:158 - package: org.jredis.ri.alphazero]
</error>
  </testcase>
  <testcase name="testTakeFirst[12]" classname="org.springframework.data.redis.support.collections.RedisListTests" time="0">
    <error message="Could not get a resource from the pool; nested exception is org.jredis.ClientRuntimeException: null reference:{connection on setConnection()} in method JRedisClient.setConnection() [file: JRedisClient.java line:158 - package: org.jredis.ri.alphazero] cause: =&gt; [IllegalArgumentException: null reference:{connection on setConnection()} in method JRedisClient.setConnection() [file: JRedisClient.java line:158 - package: org.jredis.ri.alphazero]]" type="org.springframework.data.redis.connection.PoolException">org.springframework.data.redis.connection.PoolException: Could not get a resource from the pool; nested exception is org.jredis.ClientRuntimeException: null reference:{connection on setConnection()} in method JRedisClient.setConnection() [file: JRedisClient.java line:158 - package: org.jredis.ri.alphazero] cause: => [IllegalArgumentException: null reference:{connection on setConnection()} in method JRedisClient.setConnection() [file: JRedisClient.java line:158 - package: org.jredis.ri.alphazero]]
Caused by: org.jredis.ClientRuntimeException: null reference:{connection on setConnection()} in method JRedisClient.setConnection() [file: JRedisClient.java line:158 - package: org.jredis.ri.alphazero] cause: => [IllegalArgumentException: null reference:{connection on setConnection()} in method JRedisClient.setConnection() [file: JRedisClient.java line:158 - package: org.jredis.ri.alphazero]]
Caused by: java.lang.IllegalArgumentException: null reference:{connection on setConnection()} in method JRedisClient.setConnection() [file: JRedisClient.java line:158 - package: org.jredis.ri.alphazero]
</error>
    <system-err><![CDATA[01475611470585 Tue Oct 04 17:04:30 BRT 2016 JRedis[tid:1] <INFORMAÇÕES>: WARNING: heartbeat is disabled.
01475611470585 Tue Oct 04 17:04:30 BRT 2016 JRedis[tid:1] <ADVERTÊNCIA>: PROBLEM: Shutting down due to connection FAULT: Socket connect failed [cause: java.net.ConnectException: Conexão recusada] -- make sure the server is running at localhost:6379 - Connection: SYNCHRONOUS  localhost/127.0.0.1:6379 db:0 | SyncConnection@2122357625
01475611470585 Tue Oct 04 17:04:30 BRT 2016 JRedis[tid:1] <GRAVE>: Error creating connection -> Socket connect failed [cause: java.net.ConnectException: Conexão recusada] -- make sure the server is running at localhost:6379
01475611470586 Tue Oct 04 17:04:30 BRT 2016 JRedis[tid:1] <INFORMAÇÕES>: WARNING: heartbeat is disabled.
01475611470586 Tue Oct 04 17:04:30 BRT 2016 JRedis[tid:1] <ADVERTÊNCIA>: PROBLEM: Shutting down due to connection FAULT: Socket connect failed [cause: java.net.ConnectException: Conexão recusada] -- make sure the server is running at localhost:6379 - Connection: SYNCHRONOUS  localhost/127.0.0.1:6379 db:0 | SyncConnection@1556162268
01475611470586 Tue Oct 04 17:04:30 BRT 2016 JRedis[tid:1] <GRAVE>: Error creating connection -> Socket connect failed [cause: java.net.ConnectException: Conexão recusada] -- make sure the server is running at localhost:6379
]]></system-err>
  </testcase>
  <testcase name="testTakeFirst[12]" classname="org.springframework.data.redis.support.collections.RedisListTests" time="0">
    <error message="Could not get a resource from the pool; nested exception is org.jredis.ClientRuntimeException: null reference:{connection on setConnection()} in method JRedisClient.setConnection() [file: JRedisClient.java line:158 - package: org.jredis.ri.alphazero] cause: =&gt; [IllegalArgumentException: null reference:{connection on setConnection()} in method JRedisClient.setConnection() [file: JRedisClient.java line:158 - package: org.jredis.ri.alphazero]]" type="org.springframework.data.redis.connection.PoolException">org.springframework.data.redis.connection.PoolException: Could not get a resource from the pool; nested exception is org.jredis.ClientRuntimeException: null reference:{connection on setConnection()} in method JRedisClient.setConnection() [file: JRedisClient.java line:158 - package: org.jredis.ri.alphazero] cause: => [IllegalArgumentException: null reference:{connection on setConnection()} in method JRedisClient.setConnection() [file: JRedisClient.java line:158 - package: org.jredis.ri.alphazero]]
Caused by: org.jredis.ClientRuntimeException: null reference:{connection on setConnection()} in method JRedisClient.setConnection() [file: JRedisClient.java line:158 - package: org.jredis.ri.alphazero] cause: => [IllegalArgumentException: null reference:{connection on setConnection()} in method JRedisClient.setConnection() [file: JRedisClient.java line:158 - package: org.jredis.ri.alphazero]]
Caused by: java.lang.IllegalArgumentException: null reference:{connection on setConnection()} in method JRedisClient.setConnection() [file: JRedisClient.java line:158 - package: org.jredis.ri.alphazero]
</error>
  </testcase>
  <testcase name="testContainsObject[12]" classname="org.springframework.data.redis.support.collections.RedisListTests" time="0">
    <error message="Could not get a resource from the pool; nested exception is org.jredis.ClientRuntimeException: null reference:{connection on setConnection()} in method JRedisClient.setConnection() [file: JRedisClient.java line:158 - package: org.jredis.ri.alphazero] cause: =&gt; [IllegalArgumentException: null reference:{connection on setConnection()} in method JRedisClient.setConnection() [file: JRedisClient.java line:158 - package: org.jredis.ri.alphazero]]" type="org.springframework.data.redis.connection.PoolException">org.springframework.data.redis.connection.PoolException: Could not get a resource from the pool; nested exception is org.jredis.ClientRuntimeException: null reference:{connection on setConnection()} in method JRedisClient.setConnection() [file: JRedisClient.java line:158 - package: org.jredis.ri.alphazero] cause: => [IllegalArgumentException: null reference:{connection on setConnection()} in method JRedisClient.setConnection() [file: JRedisClient.java line:158 - package: org.jredis.ri.alphazero]]
Caused by: org.jredis.ClientRuntimeException: null reference:{connection on setConnection()} in method JRedisClient.setConnection() [file: JRedisClient.java line:158 - package: org.jredis.ri.alphazero] cause: => [IllegalArgumentException: null reference:{connection on setConnection()} in method JRedisClient.setConnection() [file: JRedisClient.java line:158 - package: org.jredis.ri.alphazero]]
Caused by: java.lang.IllegalArgumentException: null reference:{connection on setConnection()} in method JRedisClient.setConnection() [file: JRedisClient.java line:158 - package: org.jredis.ri.alphazero]
</error>
    <system-err><![CDATA[01475611470586 Tue Oct 04 17:04:30 BRT 2016 JRedis[tid:1] <INFORMAÇÕES>: WARNING: heartbeat is disabled.
01475611470587 Tue Oct 04 17:04:30 BRT 2016 JRedis[tid:1] <ADVERTÊNCIA>: PROBLEM: Shutting down due to connection FAULT: Socket connect failed [cause: java.net.ConnectException: Conexão recusada] -- make sure the server is running at localhost:6379 - Connection: SYNCHRONOUS  localhost/127.0.0.1:6379 db:0 | SyncConnection@1650332494
01475611470587 Tue Oct 04 17:04:30 BRT 2016 JRedis[tid:1] <GRAVE>: Error creating connection -> Socket connect failed [cause: java.net.ConnectException: Conexão recusada] -- make sure the server is running at localhost:6379
01475611470587 Tue Oct 04 17:04:30 BRT 2016 JRedis[tid:1] <INFORMAÇÕES>: WARNING: heartbeat is disabled.
01475611470587 Tue Oct 04 17:04:30 BRT 2016 JRedis[tid:1] <ADVERTÊNCIA>: PROBLEM: Shutting down due to connection FAULT: Socket connect failed [cause: java.net.ConnectException: Conexão recusada] -- make sure the server is running at localhost:6379 - Connection: SYNCHRONOUS  localhost/127.0.0.1:6379 db:0 | SyncConnection@1924990666
01475611470587 Tue Oct 04 17:04:30 BRT 2016 JRedis[tid:1] <GRAVE>: Error creating connection -> Socket connect failed [cause: java.net.ConnectException: Conexão recusada] -- make sure the server is running at localhost:6379
]]></system-err>
  </testcase>
  <testcase name="testContainsObject[12]" classname="org.springframework.data.redis.support.collections.RedisListTests" time="0">
    <error message="Could not get a resource from the pool; nested exception is org.jredis.ClientRuntimeException: null reference:{connection on setConnection()} in method JRedisClient.setConnection() [file: JRedisClient.java line:158 - package: org.jredis.ri.alphazero] cause: =&gt; [IllegalArgumentException: null reference:{connection on setConnection()} in method JRedisClient.setConnection() [file: JRedisClient.java line:158 - package: org.jredis.ri.alphazero]]" type="org.springframework.data.redis.connection.PoolException">org.springframework.data.redis.connection.PoolException: Could not get a resource from the pool; nested exception is org.jredis.ClientRuntimeException: null reference:{connection on setConnection()} in method JRedisClient.setConnection() [file: JRedisClient.java line:158 - package: org.jredis.ri.alphazero] cause: => [IllegalArgumentException: null reference:{connection on setConnection()} in method JRedisClient.setConnection() [file: JRedisClient.java line:158 - package: org.jredis.ri.alphazero]]
Caused by: org.jredis.ClientRuntimeException: null reference:{connection on setConnection()} in method JRedisClient.setConnection() [file: JRedisClient.java line:158 - package: org.jredis.ri.alphazero] cause: => [IllegalArgumentException: null reference:{connection on setConnection()} in method JRedisClient.setConnection() [file: JRedisClient.java line:158 - package: org.jredis.ri.alphazero]]
Caused by: java.lang.IllegalArgumentException: null reference:{connection on setConnection()} in method JRedisClient.setConnection() [file: JRedisClient.java line:158 - package: org.jredis.ri.alphazero]
</error>
  </testcase>
  <testcase name="testToArray[12]" classname="org.springframework.data.redis.support.collections.RedisListTests" time="0">
    <error message="Could not get a resource from the pool; nested exception is org.jredis.ClientRuntimeException: null reference:{connection on setConnection()} in method JRedisClient.setConnection() [file: JRedisClient.java line:158 - package: org.jredis.ri.alphazero] cause: =&gt; [IllegalArgumentException: null reference:{connection on setConnection()} in method JRedisClient.setConnection() [file: JRedisClient.java line:158 - package: org.jredis.ri.alphazero]]" type="org.springframework.data.redis.connection.PoolException">org.springframework.data.redis.connection.PoolException: Could not get a resource from the pool; nested exception is org.jredis.ClientRuntimeException: null reference:{connection on setConnection()} in method JRedisClient.setConnection() [file: JRedisClient.java line:158 - package: org.jredis.ri.alphazero] cause: => [IllegalArgumentException: null reference:{connection on setConnection()} in method JRedisClient.setConnection() [file: JRedisClient.java line:158 - package: org.jredis.ri.alphazero]]
Caused by: org.jredis.ClientRuntimeException: null reference:{connection on setConnection()} in method JRedisClient.setConnection() [file: JRedisClient.java line:158 - package: org.jredis.ri.alphazero] cause: => [IllegalArgumentException: null reference:{connection on setConnection()} in method JRedisClient.setConnection() [file: JRedisClient.java line:158 - package: org.jredis.ri.alphazero]]
Caused by: java.lang.IllegalArgumentException: null reference:{connection on setConnection()} in method JRedisClient.setConnection() [file: JRedisClient.java line:158 - package: org.jredis.ri.alphazero]
</error>
    <system-err><![CDATA[01475611470588 Tue Oct 04 17:04:30 BRT 2016 JRedis[tid:1] <INFORMAÇÕES>: WARNING: heartbeat is disabled.
01475611470588 Tue Oct 04 17:04:30 BRT 2016 JRedis[tid:1] <ADVERTÊNCIA>: PROBLEM: Shutting down due to connection FAULT: Socket connect failed [cause: java.net.ConnectException: Conexão recusada] -- make sure the server is running at localhost:6379 - Connection: SYNCHRONOUS  localhost/127.0.0.1:6379 db:0 | SyncConnection@144445623
01475611470588 Tue Oct 04 17:04:30 BRT 2016 JRedis[tid:1] <GRAVE>: Error creating connection -> Socket connect failed [cause: java.net.ConnectException: Conexão recusada] -- make sure the server is running at localhost:6379
01475611470588 Tue Oct 04 17:04:30 BRT 2016 JRedis[tid:1] <INFORMAÇÕES>: WARNING: heartbeat is disabled.
01475611470589 Tue Oct 04 17:04:30 BRT 2016 JRedis[tid:1] <ADVERTÊNCIA>: PROBLEM: Shutting down due to connection FAULT: Socket connect failed [cause: java.net.ConnectException: Conexão recusada] -- make sure the server is running at localhost:6379 - Connection: SYNCHRONOUS  localhost/127.0.0.1:6379 db:0 | SyncConnection@1572745406
01475611470589 Tue Oct 04 17:04:30 BRT 2016 JRedis[tid:1] <GRAVE>: Error creating connection -> Socket connect failed [cause: java.net.ConnectException: Conexão recusada] -- make sure the server is running at localhost:6379
]]></system-err>
  </testcase>
  <testcase name="testToArray[12]" classname="org.springframework.data.redis.support.collections.RedisListTests" time="0.001">
    <error message="Could not get a resource from the pool; nested exception is org.jredis.ClientRuntimeException: null reference:{connection on setConnection()} in method JRedisClient.setConnection() [file: JRedisClient.java line:158 - package: org.jredis.ri.alphazero] cause: =&gt; [IllegalArgumentException: null reference:{connection on setConnection()} in method JRedisClient.setConnection() [file: JRedisClient.java line:158 - package: org.jredis.ri.alphazero]]" type="org.springframework.data.redis.connection.PoolException">org.springframework.data.redis.connection.PoolException: Could not get a resource from the pool; nested exception is org.jredis.ClientRuntimeException: null reference:{connection on setConnection()} in method JRedisClient.setConnection() [file: JRedisClient.java line:158 - package: org.jredis.ri.alphazero] cause: => [IllegalArgumentException: null reference:{connection on setConnection()} in method JRedisClient.setConnection() [file: JRedisClient.java line:158 - package: org.jredis.ri.alphazero]]
Caused by: org.jredis.ClientRuntimeException: null reference:{connection on setConnection()} in method JRedisClient.setConnection() [file: JRedisClient.java line:158 - package: org.jredis.ri.alphazero] cause: => [IllegalArgumentException: null reference:{connection on setConnection()} in method JRedisClient.setConnection() [file: JRedisClient.java line:158 - package: org.jredis.ri.alphazero]]
Caused by: java.lang.IllegalArgumentException: null reference:{connection on setConnection()} in method JRedisClient.setConnection() [file: JRedisClient.java line:158 - package: org.jredis.ri.alphazero]
</error>
  </testcase>
  <testcase name="testAdd[12]" classname="org.springframework.data.redis.support.collections.RedisListTests" time="0">
    <error message="Could not get a resource from the pool; nested exception is org.jredis.ClientRuntimeException: null reference:{connection on setConnection()} in method JRedisClient.setConnection() [file: JRedisClient.java line:158 - package: org.jredis.ri.alphazero] cause: =&gt; [IllegalArgumentException: null reference:{connection on setConnection()} in method JRedisClient.setConnection() [file: JRedisClient.java line:158 - package: org.jredis.ri.alphazero]]" type="org.springframework.data.redis.connection.PoolException">org.springframework.data.redis.connection.PoolException: Could not get a resource from the pool; nested exception is org.jredis.ClientRuntimeException: null reference:{connection on setConnection()} in method JRedisClient.setConnection() [file: JRedisClient.java line:158 - package: org.jredis.ri.alphazero] cause: => [IllegalArgumentException: null reference:{connection on setConnection()} in method JRedisClient.setConnection() [file: JRedisClient.java line:158 - package: org.jredis.ri.alphazero]]
Caused by: org.jredis.ClientRuntimeException: null reference:{connection on setConnection()} in method JRedisClient.setConnection() [file: JRedisClient.java line:158 - package: org.jredis.ri.alphazero] cause: => [IllegalArgumentException: null reference:{connection on setConnection()} in method JRedisClient.setConnection() [file: JRedisClient.java line:158 - package: org.jredis.ri.alphazero]]
Caused by: java.lang.IllegalArgumentException: null reference:{connection on setConnection()} in method JRedisClient.setConnection() [file: JRedisClient.java line:158 - package: org.jredis.ri.alphazero]
</error>
    <system-err><![CDATA[01475611470589 Tue Oct 04 17:04:30 BRT 2016 JRedis[tid:1] <INFORMAÇÕES>: WARNING: heartbeat is disabled.
01475611470590 Tue Oct 04 17:04:30 BRT 2016 JRedis[tid:1] <ADVERTÊNCIA>: PROBLEM: Shutting down due to connection FAULT: Socket connect failed [cause: java.net.ConnectException: Conexão recusada] -- make sure the server is running at localhost:6379 - Connection: SYNCHRONOUS  localhost/127.0.0.1:6379 db:0 | SyncConnection@1340644388
01475611470591 Tue Oct 04 17:04:30 BRT 2016 JRedis[tid:1] <GRAVE>: Error creating connection -> Socket connect failed [cause: java.net.ConnectException: Conexão recusada] -- make sure the server is running at localhost:6379
01475611470591 Tue Oct 04 17:04:30 BRT 2016 JRedis[tid:1] <INFORMAÇÕES>: WARNING: heartbeat is disabled.
01475611470592 Tue Oct 04 17:04:30 BRT 2016 JRedis[tid:1] <ADVERTÊNCIA>: PROBLEM: Shutting down due to connection FAULT: Socket connect failed [cause: java.net.ConnectException: Conexão recusada] -- make sure the server is running at localhost:6379 - Connection: SYNCHRONOUS  localhost/127.0.0.1:6379 db:0 | SyncConnection@1434015813
01475611470592 Tue Oct 04 17:04:30 BRT 2016 JRedis[tid:1] <GRAVE>: Error creating connection -> Socket connect failed [cause: java.net.ConnectException: Conexão recusada] -- make sure the server is running at localhost:6379
]]></system-err>
  </testcase>
  <testcase name="testAdd[12]" classname="org.springframework.data.redis.support.collections.RedisListTests" time="0">
    <error message="Could not get a resource from the pool; nested exception is org.jredis.ClientRuntimeException: null reference:{connection on setConnection()} in method JRedisClient.setConnection() [file: JRedisClient.java line:158 - package: org.jredis.ri.alphazero] cause: =&gt; [IllegalArgumentException: null reference:{connection on setConnection()} in method JRedisClient.setConnection() [file: JRedisClient.java line:158 - package: org.jredis.ri.alphazero]]" type="org.springframework.data.redis.connection.PoolException">org.springframework.data.redis.connection.PoolException: Could not get a resource from the pool; nested exception is org.jredis.ClientRuntimeException: null reference:{connection on setConnection()} in method JRedisClient.setConnection() [file: JRedisClient.java line:158 - package: org.jredis.ri.alphazero] cause: => [IllegalArgumentException: null reference:{connection on setConnection()} in method JRedisClient.setConnection() [file: JRedisClient.java line:158 - package: org.jredis.ri.alphazero]]
Caused by: org.jredis.ClientRuntimeException: null reference:{connection on setConnection()} in method JRedisClient.setConnection() [file: JRedisClient.java line:158 - package: org.jredis.ri.alphazero] cause: => [IllegalArgumentException: null reference:{connection on setConnection()} in method JRedisClient.setConnection() [file: JRedisClient.java line:158 - package: org.jredis.ri.alphazero]]
Caused by: java.lang.IllegalArgumentException: null reference:{connection on setConnection()} in method JRedisClient.setConnection() [file: JRedisClient.java line:158 - package: org.jredis.ri.alphazero]
</error>
  </testcase>
  <testcase name="testClear[12]" classname="org.springframework.data.redis.support.collections.RedisListTests" time="0">
    <error message="Could not get a resource from the pool; nested exception is org.jredis.ClientRuntimeException: null reference:{connection on setConnection()} in method JRedisClient.setConnection() [file: JRedisClient.java line:158 - package: org.jredis.ri.alphazero] cause: =&gt; [IllegalArgumentException: null reference:{connection on setConnection()} in method JRedisClient.setConnection() [file: JRedisClient.java line:158 - package: org.jredis.ri.alphazero]]" type="org.springframework.data.redis.connection.PoolException">org.springframework.data.redis.connection.PoolException: Could not get a resource from the pool; nested exception is org.jredis.ClientRuntimeException: null reference:{connection on setConnection()} in method JRedisClient.setConnection() [file: JRedisClient.java line:158 - package: org.jredis.ri.alphazero] cause: => [IllegalArgumentException: null reference:{connection on setConnection()} in method JRedisClient.setConnection() [file: JRedisClient.java line:158 - package: org.jredis.ri.alphazero]]
Caused by: org.jredis.ClientRuntimeException: null reference:{connection on setConnection()} in method JRedisClient.setConnection() [file: JRedisClient.java line:158 - package: org.jredis.ri.alphazero] cause: => [IllegalArgumentException: null reference:{connection on setConnection()} in method JRedisClient.setConnection() [file: JRedisClient.java line:158 - package: org.jredis.ri.alphazero]]
Caused by: java.lang.IllegalArgumentException: null reference:{connection on setConnection()} in method JRedisClient.setConnection() [file: JRedisClient.java line:158 - package: org.jredis.ri.alphazero]
</error>
    <system-err><![CDATA[01475611470592 Tue Oct 04 17:04:30 BRT 2016 JRedis[tid:1] <INFORMAÇÕES>: WARNING: heartbeat is disabled.
01475611470593 Tue Oct 04 17:04:30 BRT 2016 JRedis[tid:1] <ADVERTÊNCIA>: PROBLEM: Shutting down due to connection FAULT: Socket connect failed [cause: java.net.ConnectException: Conexão recusada] -- make sure the server is running at localhost:6379 - Connection: SYNCHRONOUS  localhost/127.0.0.1:6379 db:0 | SyncConnection@1023996917
01475611470593 Tue Oct 04 17:04:30 BRT 2016 JRedis[tid:1] <GRAVE>: Error creating connection -> Socket connect failed [cause: java.net.ConnectException: Conexão recusada] -- make sure the server is running at localhost:6379
01475611470593 Tue Oct 04 17:04:30 BRT 2016 JRedis[tid:1] <INFORMAÇÕES>: WARNING: heartbeat is disabled.
01475611470593 Tue Oct 04 17:04:30 BRT 2016 JRedis[tid:1] <ADVERTÊNCIA>: PROBLEM: Shutting down due to connection FAULT: Socket connect failed [cause: java.net.ConnectException: Conexão recusada] -- make sure the server is running at localhost:6379 - Connection: SYNCHRONOUS  localhost/127.0.0.1:6379 db:0 | SyncConnection@295640874
01475611470593 Tue Oct 04 17:04:30 BRT 2016 JRedis[tid:1] <GRAVE>: Error creating connection -> Socket connect failed [cause: java.net.ConnectException: Conexão recusada] -- make sure the server is running at localhost:6379
]]></system-err>
  </testcase>
  <testcase name="testClear[12]" classname="org.springframework.data.redis.support.collections.RedisListTests" time="0">
    <error message="Could not get a resource from the pool; nested exception is org.jredis.ClientRuntimeException: null reference:{connection on setConnection()} in method JRedisClient.setConnection() [file: JRedisClient.java line:158 - package: org.jredis.ri.alphazero] cause: =&gt; [IllegalArgumentException: null reference:{connection on setConnection()} in method JRedisClient.setConnection() [file: JRedisClient.java line:158 - package: org.jredis.ri.alphazero]]" type="org.springframework.data.redis.connection.PoolException">org.springframework.data.redis.connection.PoolException: Could not get a resource from the pool; nested exception is org.jredis.ClientRuntimeException: null reference:{connection on setConnection()} in method JRedisClient.setConnection() [file: JRedisClient.java line:158 - package: org.jredis.ri.alphazero] cause: => [IllegalArgumentException: null reference:{connection on setConnection()} in method JRedisClient.setConnection() [file: JRedisClient.java line:158 - package: org.jredis.ri.alphazero]]
Caused by: org.jredis.ClientRuntimeException: null reference:{connection on setConnection()} in method JRedisClient.setConnection() [file: JRedisClient.java line:158 - package: org.jredis.ri.alphazero] cause: => [IllegalArgumentException: null reference:{connection on setConnection()} in method JRedisClient.setConnection() [file: JRedisClient.java line:158 - package: org.jredis.ri.alphazero]]
Caused by: java.lang.IllegalArgumentException: null reference:{connection on setConnection()} in method JRedisClient.setConnection() [file: JRedisClient.java line:158 - package: org.jredis.ri.alphazero]
</error>
  </testcase>
  <testcase name="testSize[12]" classname="org.springframework.data.redis.support.collections.RedisListTests" time="0">
    <error message="Could not get a resource from the pool; nested exception is org.jredis.ClientRuntimeException: null reference:{connection on setConnection()} in method JRedisClient.setConnection() [file: JRedisClient.java line:158 - package: org.jredis.ri.alphazero] cause: =&gt; [IllegalArgumentException: null reference:{connection on setConnection()} in method JRedisClient.setConnection() [file: JRedisClient.java line:158 - package: org.jredis.ri.alphazero]]" type="org.springframework.data.redis.connection.PoolException">org.springframework.data.redis.connection.PoolException: Could not get a resource from the pool; nested exception is org.jredis.ClientRuntimeException: null reference:{connection on setConnection()} in method JRedisClient.setConnection() [file: JRedisClient.java line:158 - package: org.jredis.ri.alphazero] cause: => [IllegalArgumentException: null reference:{connection on setConnection()} in method JRedisClient.setConnection() [file: JRedisClient.java line:158 - package: org.jredis.ri.alphazero]]
Caused by: org.jredis.ClientRuntimeException: null reference:{connection on setConnection()} in method JRedisClient.setConnection() [file: JRedisClient.java line:158 - package: org.jredis.ri.alphazero] cause: => [IllegalArgumentException: null reference:{connection on setConnection()} in method JRedisClient.setConnection() [file: JRedisClient.java line:158 - package: org.jredis.ri.alphazero]]
Caused by: java.lang.IllegalArgumentException: null reference:{connection on setConnection()} in method JRedisClient.setConnection() [file: JRedisClient.java line:158 - package: org.jredis.ri.alphazero]
</error>
    <system-err><![CDATA[01475611470594 Tue Oct 04 17:04:30 BRT 2016 JRedis[tid:1] <INFORMAÇÕES>: WARNING: heartbeat is disabled.
01475611470594 Tue Oct 04 17:04:30 BRT 2016 JRedis[tid:1] <ADVERTÊNCIA>: PROBLEM: Shutting down due to connection FAULT: Socket connect failed [cause: java.net.ConnectException: Conexão recusada] -- make sure the server is running at localhost:6379 - Connection: SYNCHRONOUS  localhost/127.0.0.1:6379 db:0 | SyncConnection@438151297
01475611470594 Tue Oct 04 17:04:30 BRT 2016 JRedis[tid:1] <GRAVE>: Error creating connection -> Socket connect failed [cause: java.net.ConnectException: Conexão recusada] -- make sure the server is running at localhost:6379
01475611470594 Tue Oct 04 17:04:30 BRT 2016 JRedis[tid:1] <INFORMAÇÕES>: WARNING: heartbeat is disabled.
01475611470595 Tue Oct 04 17:04:30 BRT 2016 JRedis[tid:1] <ADVERTÊNCIA>: PROBLEM: Shutting down due to connection FAULT: Socket connect failed [cause: java.net.ConnectException: Conexão recusada] -- make sure the server is running at localhost:6379 - Connection: SYNCHRONOUS  localhost/127.0.0.1:6379 db:0 | SyncConnection@96039159
01475611470595 Tue Oct 04 17:04:30 BRT 2016 JRedis[tid:1] <GRAVE>: Error creating connection -> Socket connect failed [cause: java.net.ConnectException: Conexão recusada] -- make sure the server is running at localhost:6379
]]></system-err>
  </testcase>
  <testcase name="testSize[12]" classname="org.springframework.data.redis.support.collections.RedisListTests" time="0">
    <error message="Could not get a resource from the pool; nested exception is org.jredis.ClientRuntimeException: null reference:{connection on setConnection()} in method JRedisClient.setConnection() [file: JRedisClient.java line:158 - package: org.jredis.ri.alphazero] cause: =&gt; [IllegalArgumentException: null reference:{connection on setConnection()} in method JRedisClient.setConnection() [file: JRedisClient.java line:158 - package: org.jredis.ri.alphazero]]" type="org.springframework.data.redis.connection.PoolException">org.springframework.data.redis.connection.PoolException: Could not get a resource from the pool; nested exception is org.jredis.ClientRuntimeException: null reference:{connection on setConnection()} in method JRedisClient.setConnection() [file: JRedisClient.java line:158 - package: org.jredis.ri.alphazero] cause: => [IllegalArgumentException: null reference:{connection on setConnection()} in method JRedisClient.setConnection() [file: JRedisClient.java line:158 - package: org.jredis.ri.alphazero]]
Caused by: org.jredis.ClientRuntimeException: null reference:{connection on setConnection()} in method JRedisClient.setConnection() [file: JRedisClient.java line:158 - package: org.jredis.ri.alphazero] cause: => [IllegalArgumentException: null reference:{connection on setConnection()} in method JRedisClient.setConnection() [file: JRedisClient.java line:158 - package: org.jredis.ri.alphazero]]
Caused by: java.lang.IllegalArgumentException: null reference:{connection on setConnection()} in method JRedisClient.setConnection() [file: JRedisClient.java line:158 - package: org.jredis.ri.alphazero]
</error>
  </testcase>
  <testcase name="testToString[12]" classname="org.springframework.data.redis.support.collections.RedisListTests" time="0">
    <error message="Could not get a resource from the pool; nested exception is org.jredis.ClientRuntimeException: null reference:{connection on setConnection()} in method JRedisClient.setConnection() [file: JRedisClient.java line:158 - package: org.jredis.ri.alphazero] cause: =&gt; [IllegalArgumentException: null reference:{connection on setConnection()} in method JRedisClient.setConnection() [file: JRedisClient.java line:158 - package: org.jredis.ri.alphazero]]" type="org.springframework.data.redis.connection.PoolException">org.springframework.data.redis.connection.PoolException: Could not get a resource from the pool; nested exception is org.jredis.ClientRuntimeException: null reference:{connection on setConnection()} in method JRedisClient.setConnection() [file: JRedisClient.java line:158 - package: org.jredis.ri.alphazero] cause: => [IllegalArgumentException: null reference:{connection on setConnection()} in method JRedisClient.setConnection() [file: JRedisClient.java line:158 - package: org.jredis.ri.alphazero]]
Caused by: org.jredis.ClientRuntimeException: null reference:{connection on setConnection()} in method JRedisClient.setConnection() [file: JRedisClient.java line:158 - package: org.jredis.ri.alphazero] cause: => [IllegalArgumentException: null reference:{connection on setConnection()} in method JRedisClient.setConnection() [file: JRedisClient.java line:158 - package: org.jredis.ri.alphazero]]
Caused by: java.lang.IllegalArgumentException: null reference:{connection on setConnection()} in method JRedisClient.setConnection() [file: JRedisClient.java line:158 - package: org.jredis.ri.alphazero]
</error>
    <system-err><![CDATA[01475611470596 Tue Oct 04 17:04:30 BRT 2016 JRedis[tid:1] <INFORMAÇÕES>: WARNING: heartbeat is disabled.
01475611470597 Tue Oct 04 17:04:30 BRT 2016 JRedis[tid:1] <ADVERTÊNCIA>: PROBLEM: Shutting down due to connection FAULT: Socket connect failed [cause: java.net.ConnectException: Conexão recusada] -- make sure the server is running at localhost:6379 - Connection: SYNCHRONOUS  localhost/127.0.0.1:6379 db:0 | SyncConnection@2144644334
01475611470597 Tue Oct 04 17:04:30 BRT 2016 JRedis[tid:1] <GRAVE>: Error creating connection -> Socket connect failed [cause: java.net.ConnectException: Conexão recusada] -- make sure the server is running at localhost:6379
01475611470597 Tue Oct 04 17:04:30 BRT 2016 JRedis[tid:1] <INFORMAÇÕES>: WARNING: heartbeat is disabled.
01475611470597 Tue Oct 04 17:04:30 BRT 2016 JRedis[tid:1] <ADVERTÊNCIA>: PROBLEM: Shutting down due to connection FAULT: Socket connect failed [cause: java.net.ConnectException: Conexão recusada] -- make sure the server is running at localhost:6379 - Connection: SYNCHRONOUS  localhost/127.0.0.1:6379 db:0 | SyncConnection@375097969
01475611470597 Tue Oct 04 17:04:30 BRT 2016 JRedis[tid:1] <GRAVE>: Error creating connection -> Socket connect failed [cause: java.net.ConnectException: Conexão recusada] -- make sure the server is running at localhost:6379
]]></system-err>
  </testcase>
  <testcase name="testToString[12]" classname="org.springframework.data.redis.support.collections.RedisListTests" time="0">
    <error message="Could not get a resource from the pool; nested exception is org.jredis.ClientRuntimeException: null reference:{connection on setConnection()} in method JRedisClient.setConnection() [file: JRedisClient.java line:158 - package: org.jredis.ri.alphazero] cause: =&gt; [IllegalArgumentException: null reference:{connection on setConnection()} in method JRedisClient.setConnection() [file: JRedisClient.java line:158 - package: org.jredis.ri.alphazero]]" type="org.springframework.data.redis.connection.PoolException">org.springframework.data.redis.connection.PoolException: Could not get a resource from the pool; nested exception is org.jredis.ClientRuntimeException: null reference:{connection on setConnection()} in method JRedisClient.setConnection() [file: JRedisClient.java line:158 - package: org.jredis.ri.alphazero] cause: => [IllegalArgumentException: null reference:{connection on setConnection()} in method JRedisClient.setConnection() [file: JRedisClient.java line:158 - package: org.jredis.ri.alphazero]]
Caused by: org.jredis.ClientRuntimeException: null reference:{connection on setConnection()} in method JRedisClient.setConnection() [file: JRedisClient.java line:158 - package: org.jredis.ri.alphazero] cause: => [IllegalArgumentException: null reference:{connection on setConnection()} in method JRedisClient.setConnection() [file: JRedisClient.java line:158 - package: org.jredis.ri.alphazero]]
Caused by: java.lang.IllegalArgumentException: null reference:{connection on setConnection()} in method JRedisClient.setConnection() [file: JRedisClient.java line:158 - package: org.jredis.ri.alphazero]
</error>
  </testcase>
  <testcase name="testContainsAll[12]" classname="org.springframework.data.redis.support.collections.RedisListTests" time="0">
    <error message="Could not get a resource from the pool; nested exception is org.jredis.ClientRuntimeException: null reference:{connection on setConnection()} in method JRedisClient.setConnection() [file: JRedisClient.java line:158 - package: org.jredis.ri.alphazero] cause: =&gt; [IllegalArgumentException: null reference:{connection on setConnection()} in method JRedisClient.setConnection() [file: JRedisClient.java line:158 - package: org.jredis.ri.alphazero]]" type="org.springframework.data.redis.connection.PoolException">org.springframework.data.redis.connection.PoolException: Could not get a resource from the pool; nested exception is org.jredis.ClientRuntimeException: null reference:{connection on setConnection()} in method JRedisClient.setConnection() [file: JRedisClient.java line:158 - package: org.jredis.ri.alphazero] cause: => [IllegalArgumentException: null reference:{connection on setConnection()} in method JRedisClient.setConnection() [file: JRedisClient.java line:158 - package: org.jredis.ri.alphazero]]
Caused by: org.jredis.ClientRuntimeException: null reference:{connection on setConnection()} in method JRedisClient.setConnection() [file: JRedisClient.java line:158 - package: org.jredis.ri.alphazero] cause: => [IllegalArgumentException: null reference:{connection on setConnection()} in method JRedisClient.setConnection() [file: JRedisClient.java line:158 - package: org.jredis.ri.alphazero]]
Caused by: java.lang.IllegalArgumentException: null reference:{connection on setConnection()} in method JRedisClient.setConnection() [file: JRedisClient.java line:158 - package: org.jredis.ri.alphazero]
</error>
    <system-err><![CDATA[01475611470598 Tue Oct 04 17:04:30 BRT 2016 JRedis[tid:1] <INFORMAÇÕES>: WARNING: heartbeat is disabled.
01475611470598 Tue Oct 04 17:04:30 BRT 2016 JRedis[tid:1] <ADVERTÊNCIA>: PROBLEM: Shutting down due to connection FAULT: Socket connect failed [cause: java.net.ConnectException: Conexão recusada] -- make sure the server is running at localhost:6379 - Connection: SYNCHRONOUS  localhost/127.0.0.1:6379 db:0 | SyncConnection@1635082651
01475611470598 Tue Oct 04 17:04:30 BRT 2016 JRedis[tid:1] <GRAVE>: Error creating connection -> Socket connect failed [cause: java.net.ConnectException: Conexão recusada] -- make sure the server is running at localhost:6379
01475611470598 Tue Oct 04 17:04:30 BRT 2016 JRedis[tid:1] <INFORMAÇÕES>: WARNING: heartbeat is disabled.
01475611470599 Tue Oct 04 17:04:30 BRT 2016 JRedis[tid:1] <ADVERTÊNCIA>: PROBLEM: Shutting down due to connection FAULT: Socket connect failed [cause: java.net.ConnectException: Conexão recusada] -- make sure the server is running at localhost:6379 - Connection: SYNCHRONOUS  localhost/127.0.0.1:6379 db:0 | SyncConnection@788892554
01475611470599 Tue Oct 04 17:04:30 BRT 2016 JRedis[tid:1] <GRAVE>: Error creating connection -> Socket connect failed [cause: java.net.ConnectException: Conexão recusada] -- make sure the server is running at localhost:6379
]]></system-err>
  </testcase>
  <testcase name="testContainsAll[12]" classname="org.springframework.data.redis.support.collections.RedisListTests" time="0">
    <error message="Could not get a resource from the pool; nested exception is org.jredis.ClientRuntimeException: null reference:{connection on setConnection()} in method JRedisClient.setConnection() [file: JRedisClient.java line:158 - package: org.jredis.ri.alphazero] cause: =&gt; [IllegalArgumentException: null reference:{connection on setConnection()} in method JRedisClient.setConnection() [file: JRedisClient.java line:158 - package: org.jredis.ri.alphazero]]" type="org.springframework.data.redis.connection.PoolException">org.springframework.data.redis.connection.PoolException: Could not get a resource from the pool; nested exception is org.jredis.ClientRuntimeException: null reference:{connection on setConnection()} in method JRedisClient.setConnection() [file: JRedisClient.java line:158 - package: org.jredis.ri.alphazero] cause: => [IllegalArgumentException: null reference:{connection on setConnection()} in method JRedisClient.setConnection() [file: JRedisClient.java line:158 - package: org.jredis.ri.alphazero]]
Caused by: org.jredis.ClientRuntimeException: null reference:{connection on setConnection()} in method JRedisClient.setConnection() [file: JRedisClient.java line:158 - package: org.jredis.ri.alphazero] cause: => [IllegalArgumentException: null reference:{connection on setConnection()} in method JRedisClient.setConnection() [file: JRedisClient.java line:158 - package: org.jredis.ri.alphazero]]
Caused by: java.lang.IllegalArgumentException: null reference:{connection on setConnection()} in method JRedisClient.setConnection() [file: JRedisClient.java line:158 - package: org.jredis.ri.alphazero]
</error>
  </testcase>
  <testcase name="testRemoveObject[12]" classname="org.springframework.data.redis.support.collections.RedisListTests" time="0">
    <error message="Could not get a resource from the pool; nested exception is org.jredis.ClientRuntimeException: null reference:{connection on setConnection()} in method JRedisClient.setConnection() [file: JRedisClient.java line:158 - package: org.jredis.ri.alphazero] cause: =&gt; [IllegalArgumentException: null reference:{connection on setConnection()} in method JRedisClient.setConnection() [file: JRedisClient.java line:158 - package: org.jredis.ri.alphazero]]" type="org.springframework.data.redis.connection.PoolException">org.springframework.data.redis.connection.PoolException: Could not get a resource from the pool; nested exception is org.jredis.ClientRuntimeException: null reference:{connection on setConnection()} in method JRedisClient.setConnection() [file: JRedisClient.java line:158 - package: org.jredis.ri.alphazero] cause: => [IllegalArgumentException: null reference:{connection on setConnection()} in method JRedisClient.setConnection() [file: JRedisClient.java line:158 - package: org.jredis.ri.alphazero]]
Caused by: org.jredis.ClientRuntimeException: null reference:{connection on setConnection()} in method JRedisClient.setConnection() [file: JRedisClient.java line:158 - package: org.jredis.ri.alphazero] cause: => [IllegalArgumentException: null reference:{connection on setConnection()} in method JRedisClient.setConnection() [file: JRedisClient.java line:158 - package: org.jredis.ri.alphazero]]
Caused by: java.lang.IllegalArgumentException: null reference:{connection on setConnection()} in method JRedisClient.setConnection() [file: JRedisClient.java line:158 - package: org.jredis.ri.alphazero]
</error>
    <system-err><![CDATA[01475611470599 Tue Oct 04 17:04:30 BRT 2016 JRedis[tid:1] <INFORMAÇÕES>: WARNING: heartbeat is disabled.
01475611470604 Tue Oct 04 17:04:30 BRT 2016 JRedis[tid:1] <ADVERTÊNCIA>: PROBLEM: Shutting down due to connection FAULT: Socket connect failed [cause: java.net.ConnectException: Conexão recusada] -- make sure the server is running at localhost:6379 - Connection: SYNCHRONOUS  localhost/127.0.0.1:6379 db:0 | SyncConnection@1970073944
01475611470604 Tue Oct 04 17:04:30 BRT 2016 JRedis[tid:1] <GRAVE>: Error creating connection -> Socket connect failed [cause: java.net.ConnectException: Conexão recusada] -- make sure the server is running at localhost:6379
01475611470604 Tue Oct 04 17:04:30 BRT 2016 JRedis[tid:1] <INFORMAÇÕES>: WARNING: heartbeat is disabled.
01475611470607 Tue Oct 04 17:04:30 BRT 2016 JRedis[tid:1] <ADVERTÊNCIA>: PROBLEM: Shutting down due to connection FAULT: Socket connect failed [cause: java.net.ConnectException: Conexão recusada] -- make sure the server is running at localhost:6379 - Connection: SYNCHRONOUS  localhost/127.0.0.1:6379 db:0 | SyncConnection@1060042118
01475611470607 Tue Oct 04 17:04:30 BRT 2016 JRedis[tid:1] <GRAVE>: Error creating connection -> Socket connect failed [cause: java.net.ConnectException: Conexão recusada] -- make sure the server is running at localhost:6379
]]></system-err>
  </testcase>
  <testcase name="testRemoveObject[12]" classname="org.springframework.data.redis.support.collections.RedisListTests" time="0">
    <error message="Could not get a resource from the pool; nested exception is org.jredis.ClientRuntimeException: null reference:{connection on setConnection()} in method JRedisClient.setConnection() [file: JRedisClient.java line:158 - package: org.jredis.ri.alphazero] cause: =&gt; [IllegalArgumentException: null reference:{connection on setConnection()} in method JRedisClient.setConnection() [file: JRedisClient.java line:158 - package: org.jredis.ri.alphazero]]" type="org.springframework.data.redis.connection.PoolException">org.springframework.data.redis.connection.PoolException: Could not get a resource from the pool; nested exception is org.jredis.ClientRuntimeException: null reference:{connection on setConnection()} in method JRedisClient.setConnection() [file: JRedisClient.java line:158 - package: org.jredis.ri.alphazero] cause: => [IllegalArgumentException: null reference:{connection on setConnection()} in method JRedisClient.setConnection() [file: JRedisClient.java line:158 - package: org.jredis.ri.alphazero]]
Caused by: org.jredis.ClientRuntimeException: null reference:{connection on setConnection()} in method JRedisClient.setConnection() [file: JRedisClient.java line:158 - package: org.jredis.ri.alphazero] cause: => [IllegalArgumentException: null reference:{connection on setConnection()} in method JRedisClient.setConnection() [file: JRedisClient.java line:158 - package: org.jredis.ri.alphazero]]
Caused by: java.lang.IllegalArgumentException: null reference:{connection on setConnection()} in method JRedisClient.setConnection() [file: JRedisClient.java line:158 - package: org.jredis.ri.alphazero]
</error>
  </testcase>
  <testcase name="testHashCode[12]" classname="org.springframework.data.redis.support.collections.RedisListTests" time="0">
    <error message="Could not get a resource from the pool; nested exception is org.jredis.ClientRuntimeException: null reference:{connection on setConnection()} in method JRedisClient.setConnection() [file: JRedisClient.java line:158 - package: org.jredis.ri.alphazero] cause: =&gt; [IllegalArgumentException: null reference:{connection on setConnection()} in method JRedisClient.setConnection() [file: JRedisClient.java line:158 - package: org.jredis.ri.alphazero]]" type="org.springframework.data.redis.connection.PoolException">org.springframework.data.redis.connection.PoolException: Could not get a resource from the pool; nested exception is org.jredis.ClientRuntimeException: null reference:{connection on setConnection()} in method JRedisClient.setConnection() [file: JRedisClient.java line:158 - package: org.jredis.ri.alphazero] cause: => [IllegalArgumentException: null reference:{connection on setConnection()} in method JRedisClient.setConnection() [file: JRedisClient.java line:158 - package: org.jredis.ri.alphazero]]
Caused by: org.jredis.ClientRuntimeException: null reference:{connection on setConnection()} in method JRedisClient.setConnection() [file: JRedisClient.java line:158 - package: org.jredis.ri.alphazero] cause: => [IllegalArgumentException: null reference:{connection on setConnection()} in method JRedisClient.setConnection() [file: JRedisClient.java line:158 - package: org.jredis.ri.alphazero]]
Caused by: java.lang.IllegalArgumentException: null reference:{connection on setConnection()} in method JRedisClient.setConnection() [file: JRedisClient.java line:158 - package: org.jredis.ri.alphazero]
</error>
    <system-err><![CDATA[01475611470608 Tue Oct 04 17:04:30 BRT 2016 JRedis[tid:1] <INFORMAÇÕES>: WARNING: heartbeat is disabled.
01475611470608 Tue Oct 04 17:04:30 BRT 2016 JRedis[tid:1] <ADVERTÊNCIA>: PROBLEM: Shutting down due to connection FAULT: Socket connect failed [cause: java.net.ConnectException: Conexão recusada] -- make sure the server is running at localhost:6379 - Connection: SYNCHRONOUS  localhost/127.0.0.1:6379 db:0 | SyncConnection@1964847681
01475611470608 Tue Oct 04 17:04:30 BRT 2016 JRedis[tid:1] <GRAVE>: Error creating connection -> Socket connect failed [cause: java.net.ConnectException: Conexão recusada] -- make sure the server is running at localhost:6379
]]></system-err>
  </testcase>
  <testcase name="testAddAll[12]" classname="org.springframework.data.redis.support.collections.RedisListTests" time="0">
    <error message="Could not get a resource from the pool; nested exception is org.jredis.ClientRuntimeException: null reference:{connection on setConnection()} in method JRedisClient.setConnection() [file: JRedisClient.java line:158 - package: org.jredis.ri.alphazero] cause: =&gt; [IllegalArgumentException: null reference:{connection on setConnection()} in method JRedisClient.setConnection() [file: JRedisClient.java line:158 - package: org.jredis.ri.alphazero]]" type="org.springframework.data.redis.connection.PoolException">org.springframework.data.redis.connection.PoolException: Could not get a resource from the pool; nested exception is org.jredis.ClientRuntimeException: null reference:{connection on setConnection()} in method JRedisClient.setConnection() [file: JRedisClient.java line:158 - package: org.jredis.ri.alphazero] cause: => [IllegalArgumentException: null reference:{connection on setConnection()} in method JRedisClient.setConnection() [file: JRedisClient.java line:158 - package: org.jredis.ri.alphazero]]
Caused by: org.jredis.ClientRuntimeException: null reference:{connection on setConnection()} in method JRedisClient.setConnection() [file: JRedisClient.java line:158 - package: org.jredis.ri.alphazero] cause: => [IllegalArgumentException: null reference:{connection on setConnection()} in method JRedisClient.setConnection() [file: JRedisClient.java line:158 - package: org.jredis.ri.alphazero]]
Caused by: java.lang.IllegalArgumentException: null reference:{connection on setConnection()} in method JRedisClient.setConnection() [file: JRedisClient.java line:158 - package: org.jredis.ri.alphazero]
</error>
    <system-err><![CDATA[01475611470608 Tue Oct 04 17:04:30 BRT 2016 JRedis[tid:1] <INFORMAÇÕES>: WARNING: heartbeat is disabled.
01475611470612 Tue Oct 04 17:04:30 BRT 2016 JRedis[tid:1] <ADVERTÊNCIA>: PROBLEM: Shutting down due to connection FAULT: Socket connect failed [cause: java.net.ConnectException: Conexão recusada] -- make sure the server is running at localhost:6379 - Connection: SYNCHRONOUS  localhost/127.0.0.1:6379 db:0 | SyncConnection@1992801971
01475611470612 Tue Oct 04 17:04:30 BRT 2016 JRedis[tid:1] <GRAVE>: Error creating connection -> Socket connect failed [cause: java.net.ConnectException: Conexão recusada] -- make sure the server is running at localhost:6379
01475611470612 Tue Oct 04 17:04:30 BRT 2016 JRedis[tid:1] <INFORMAÇÕES>: WARNING: heartbeat is disabled.
01475611470612 Tue Oct 04 17:04:30 BRT 2016 JRedis[tid:1] <ADVERTÊNCIA>: PROBLEM: Shutting down due to connection FAULT: Socket connect failed [cause: java.net.ConnectException: Conexão recusada] -- make sure the server is running at localhost:6379 - Connection: SYNCHRONOUS  localhost/127.0.0.1:6379 db:0 | SyncConnection@1681094402
01475611470612 Tue Oct 04 17:04:30 BRT 2016 JRedis[tid:1] <GRAVE>: Error creating connection -> Socket connect failed [cause: java.net.ConnectException: Conexão recusada] -- make sure the server is running at localhost:6379
]]></system-err>
  </testcase>
  <testcase name="testAddAll[12]" classname="org.springframework.data.redis.support.collections.RedisListTests" time="0">
    <error message="Could not get a resource from the pool; nested exception is org.jredis.ClientRuntimeException: null reference:{connection on setConnection()} in method JRedisClient.setConnection() [file: JRedisClient.java line:158 - package: org.jredis.ri.alphazero] cause: =&gt; [IllegalArgumentException: null reference:{connection on setConnection()} in method JRedisClient.setConnection() [file: JRedisClient.java line:158 - package: org.jredis.ri.alphazero]]" type="org.springframework.data.redis.connection.PoolException">org.springframework.data.redis.connection.PoolException: Could not get a resource from the pool; nested exception is org.jredis.ClientRuntimeException: null reference:{connection on setConnection()} in method JRedisClient.setConnection() [file: JRedisClient.java line:158 - package: org.jredis.ri.alphazero] cause: => [IllegalArgumentException: null reference:{connection on setConnection()} in method JRedisClient.setConnection() [file: JRedisClient.java line:158 - package: org.jredis.ri.alphazero]]
Caused by: org.jredis.ClientRuntimeException: null reference:{connection on setConnection()} in method JRedisClient.setConnection() [file: JRedisClient.java line:158 - package: org.jredis.ri.alphazero] cause: => [IllegalArgumentException: null reference:{connection on setConnection()} in method JRedisClient.setConnection() [file: JRedisClient.java line:158 - package: org.jredis.ri.alphazero]]
Caused by: java.lang.IllegalArgumentException: null reference:{connection on setConnection()} in method JRedisClient.setConnection() [file: JRedisClient.java line:158 - package: org.jredis.ri.alphazero]
</error>
  </testcase>
  <testcase name="removeAll[12]" classname="org.springframework.data.redis.support.collections.RedisListTests" time="0.001">
    <error message="Could not get a resource from the pool; nested exception is org.jredis.ClientRuntimeException: null reference:{connection on setConnection()} in method JRedisClient.setConnection() [file: JRedisClient.java line:158 - package: org.jredis.ri.alphazero] cause: =&gt; [IllegalArgumentException: null reference:{connection on setConnection()} in method JRedisClient.setConnection() [file: JRedisClient.java line:158 - package: org.jredis.ri.alphazero]]" type="org.springframework.data.redis.connection.PoolException">org.springframework.data.redis.connection.PoolException: Could not get a resource from the pool; nested exception is org.jredis.ClientRuntimeException: null reference:{connection on setConnection()} in method JRedisClient.setConnection() [file: JRedisClient.java line:158 - package: org.jredis.ri.alphazero] cause: => [IllegalArgumentException: null reference:{connection on setConnection()} in method JRedisClient.setConnection() [file: JRedisClient.java line:158 - package: org.jredis.ri.alphazero]]
Caused by: org.jredis.ClientRuntimeException: null reference:{connection on setConnection()} in method JRedisClient.setConnection() [file: JRedisClient.java line:158 - package: org.jredis.ri.alphazero] cause: => [IllegalArgumentException: null reference:{connection on setConnection()} in method JRedisClient.setConnection() [file: JRedisClient.java line:158 - package: org.jredis.ri.alphazero]]
Caused by: java.lang.IllegalArgumentException: null reference:{connection on setConnection()} in method JRedisClient.setConnection() [file: JRedisClient.java line:158 - package: org.jredis.ri.alphazero]
</error>
    <system-err><![CDATA[01475611470613 Tue Oct 04 17:04:30 BRT 2016 JRedis[tid:1] <INFORMAÇÕES>: WARNING: heartbeat is disabled.
01475611470616 Tue Oct 04 17:04:30 BRT 2016 JRedis[tid:1] <ADVERTÊNCIA>: PROBLEM: Shutting down due to connection FAULT: Socket connect failed [cause: java.net.ConnectException: Conexão recusada] -- make sure the server is running at localhost:6379 - Connection: SYNCHRONOUS  localhost/127.0.0.1:6379 db:0 | SyncConnection@754527431
01475611470616 Tue Oct 04 17:04:30 BRT 2016 JRedis[tid:1] <GRAVE>: Error creating connection -> Socket connect failed [cause: java.net.ConnectException: Conexão recusada] -- make sure the server is running at localhost:6379
01475611470616 Tue Oct 04 17:04:30 BRT 2016 JRedis[tid:1] <INFORMAÇÕES>: WARNING: heartbeat is disabled.
01475611470616 Tue Oct 04 17:04:30 BRT 2016 JRedis[tid:1] <ADVERTÊNCIA>: PROBLEM: Shutting down due to connection FAULT: Socket connect failed [cause: java.net.ConnectException: Conexão recusada] -- make sure the server is running at localhost:6379 - Connection: SYNCHRONOUS  localhost/127.0.0.1:6379 db:0 | SyncConnection@820677667
01475611470616 Tue Oct 04 17:04:30 BRT 2016 JRedis[tid:1] <GRAVE>: Error creating connection -> Socket connect failed [cause: java.net.ConnectException: Conexão recusada] -- make sure the server is running at localhost:6379
]]></system-err>
  </testcase>
  <testcase name="removeAll[12]" classname="org.springframework.data.redis.support.collections.RedisListTests" time="0.001">
    <error message="Could not get a resource from the pool; nested exception is org.jredis.ClientRuntimeException: null reference:{connection on setConnection()} in method JRedisClient.setConnection() [file: JRedisClient.java line:158 - package: org.jredis.ri.alphazero] cause: =&gt; [IllegalArgumentException: null reference:{connection on setConnection()} in method JRedisClient.setConnection() [file: JRedisClient.java line:158 - package: org.jredis.ri.alphazero]]" type="org.springframework.data.redis.connection.PoolException">org.springframework.data.redis.connection.PoolException: Could not get a resource from the pool; nested exception is org.jredis.ClientRuntimeException: null reference:{connection on setConnection()} in method JRedisClient.setConnection() [file: JRedisClient.java line:158 - package: org.jredis.ri.alphazero] cause: => [IllegalArgumentException: null reference:{connection on setConnection()} in method JRedisClient.setConnection() [file: JRedisClient.java line:158 - package: org.jredis.ri.alphazero]]
Caused by: org.jredis.ClientRuntimeException: null reference:{connection on setConnection()} in method JRedisClient.setConnection() [file: JRedisClient.java line:158 - package: org.jredis.ri.alphazero] cause: => [IllegalArgumentException: null reference:{connection on setConnection()} in method JRedisClient.setConnection() [file: JRedisClient.java line:158 - package: org.jredis.ri.alphazero]]
Caused by: java.lang.IllegalArgumentException: null reference:{connection on setConnection()} in method JRedisClient.setConnection() [file: JRedisClient.java line:158 - package: org.jredis.ri.alphazero]
</error>
  </testcase>
  <testcase name="testEquals[12]" classname="org.springframework.data.redis.support.collections.RedisListTests" time="0.001">
    <error message="Could not get a resource from the pool; nested exception is org.jredis.ClientRuntimeException: null reference:{connection on setConnection()} in method JRedisClient.setConnection() [file: JRedisClient.java line:158 - package: org.jredis.ri.alphazero] cause: =&gt; [IllegalArgumentException: null reference:{connection on setConnection()} in method JRedisClient.setConnection() [file: JRedisClient.java line:158 - package: org.jredis.ri.alphazero]]" type="org.springframework.data.redis.connection.PoolException">org.springframework.data.redis.connection.PoolException: Could not get a resource from the pool; nested exception is org.jredis.ClientRuntimeException: null reference:{connection on setConnection()} in method JRedisClient.setConnection() [file: JRedisClient.java line:158 - package: org.jredis.ri.alphazero] cause: => [IllegalArgumentException: null reference:{connection on setConnection()} in method JRedisClient.setConnection() [file: JRedisClient.java line:158 - package: org.jredis.ri.alphazero]]
Caused by: org.jredis.ClientRuntimeException: null reference:{connection on setConnection()} in method JRedisClient.setConnection() [file: JRedisClient.java line:158 - package: org.jredis.ri.alphazero] cause: => [IllegalArgumentException: null reference:{connection on setConnection()} in method JRedisClient.setConnection() [file: JRedisClient.java line:158 - package: org.jredis.ri.alphazero]]
Caused by: java.lang.IllegalArgumentException: null reference:{connection on setConnection()} in method JRedisClient.setConnection() [file: JRedisClient.java line:158 - package: org.jredis.ri.alphazero]
</error>
    <system-err><![CDATA[01475611470617 Tue Oct 04 17:04:30 BRT 2016 JRedis[tid:1] <INFORMAÇÕES>: WARNING: heartbeat is disabled.
01475611470618 Tue Oct 04 17:04:30 BRT 2016 JRedis[tid:1] <ADVERTÊNCIA>: PROBLEM: Shutting down due to connection FAULT: Socket connect failed [cause: java.net.ConnectException: Conexão recusada] -- make sure the server is running at localhost:6379 - Connection: SYNCHRONOUS  localhost/127.0.0.1:6379 db:0 | SyncConnection@2064883371
01475611470618 Tue Oct 04 17:04:30 BRT 2016 JRedis[tid:1] <GRAVE>: Error creating connection -> Socket connect failed [cause: java.net.ConnectException: Conexão recusada] -- make sure the server is running at localhost:6379
]]></system-err>
  </testcase>
  <testcase name="testGetKey[12]" classname="org.springframework.data.redis.support.collections.RedisListTests" time="0.001">
    <error message="Could not get a resource from the pool; nested exception is org.jredis.ClientRuntimeException: null reference:{connection on setConnection()} in method JRedisClient.setConnection() [file: JRedisClient.java line:158 - package: org.jredis.ri.alphazero] cause: =&gt; [IllegalArgumentException: null reference:{connection on setConnection()} in method JRedisClient.setConnection() [file: JRedisClient.java line:158 - package: org.jredis.ri.alphazero]]" type="org.springframework.data.redis.connection.PoolException">org.springframework.data.redis.connection.PoolException: Could not get a resource from the pool; nested exception is org.jredis.ClientRuntimeException: null reference:{connection on setConnection()} in method JRedisClient.setConnection() [file: JRedisClient.java line:158 - package: org.jredis.ri.alphazero] cause: => [IllegalArgumentException: null reference:{connection on setConnection()} in method JRedisClient.setConnection() [file: JRedisClient.java line:158 - package: org.jredis.ri.alphazero]]
Caused by: org.jredis.ClientRuntimeException: null reference:{connection on setConnection()} in method JRedisClient.setConnection() [file: JRedisClient.java line:158 - package: org.jredis.ri.alphazero] cause: => [IllegalArgumentException: null reference:{connection on setConnection()} in method JRedisClient.setConnection() [file: JRedisClient.java line:158 - package: org.jredis.ri.alphazero]]
Caused by: java.lang.IllegalArgumentException: null reference:{connection on setConnection()} in method JRedisClient.setConnection() [file: JRedisClient.java line:158 - package: org.jredis.ri.alphazero]
</error>
    <system-err><![CDATA[01475611470618 Tue Oct 04 17:04:30 BRT 2016 JRedis[tid:1] <INFORMAÇÕES>: WARNING: heartbeat is disabled.
01475611470619 Tue Oct 04 17:04:30 BRT 2016 JRedis[tid:1] <ADVERTÊNCIA>: PROBLEM: Shutting down due to connection FAULT: Socket connect failed [cause: java.net.ConnectException: Conexão recusada] -- make sure the server is running at localhost:6379 - Connection: SYNCHRONOUS  localhost/127.0.0.1:6379 db:0 | SyncConnection@82275756
01475611470619 Tue Oct 04 17:04:30 BRT 2016 JRedis[tid:1] <GRAVE>: Error creating connection -> Socket connect failed [cause: java.net.ConnectException: Conexão recusada] -- make sure the server is running at localhost:6379
]]></system-err>
  </testcase>
  <testcase name="testToArrayWithGenerics[12]" classname="org.springframework.data.redis.support.collections.RedisListTests" time="0.002">
    <error message="Could not get a resource from the pool; nested exception is org.jredis.ClientRuntimeException: null reference:{connection on setConnection()} in method JRedisClient.setConnection() [file: JRedisClient.java line:158 - package: org.jredis.ri.alphazero] cause: =&gt; [IllegalArgumentException: null reference:{connection on setConnection()} in method JRedisClient.setConnection() [file: JRedisClient.java line:158 - package: org.jredis.ri.alphazero]]" type="org.springframework.data.redis.connection.PoolException">org.springframework.data.redis.connection.PoolException: Could not get a resource from the pool; nested exception is org.jredis.ClientRuntimeException: null reference:{connection on setConnection()} in method JRedisClient.setConnection() [file: JRedisClient.java line:158 - package: org.jredis.ri.alphazero] cause: => [IllegalArgumentException: null reference:{connection on setConnection()} in method JRedisClient.setConnection() [file: JRedisClient.java line:158 - package: org.jredis.ri.alphazero]]
Caused by: org.jredis.ClientRuntimeException: null reference:{connection on setConnection()} in method JRedisClient.setConnection() [file: JRedisClient.java line:158 - package: org.jredis.ri.alphazero] cause: => [IllegalArgumentException: null reference:{connection on setConnection()} in method JRedisClient.setConnection() [file: JRedisClient.java line:158 - package: org.jredis.ri.alphazero]]
Caused by: java.lang.IllegalArgumentException: null reference:{connection on setConnection()} in method JRedisClient.setConnection() [file: JRedisClient.java line:158 - package: org.jredis.ri.alphazero]
</error>
    <system-err><![CDATA[01475611470619 Tue Oct 04 17:04:30 BRT 2016 JRedis[tid:1] <INFORMAÇÕES>: WARNING: heartbeat is disabled.
01475611470619 Tue Oct 04 17:04:30 BRT 2016 JRedis[tid:1] <ADVERTÊNCIA>: PROBLEM: Shutting down due to connection FAULT: Socket connect failed [cause: java.net.ConnectException: Conexão recusada] -- make sure the server is running at localhost:6379 - Connection: SYNCHRONOUS  localhost/127.0.0.1:6379 db:0 | SyncConnection@1629353699
01475611470620 Tue Oct 04 17:04:30 BRT 2016 JRedis[tid:1] <GRAVE>: Error creating connection -> Socket connect failed [cause: java.net.ConnectException: Conexão recusada] -- make sure the server is running at localhost:6379
01475611470620 Tue Oct 04 17:04:30 BRT 2016 JRedis[tid:1] <INFORMAÇÕES>: WARNING: heartbeat is disabled.
01475611470620 Tue Oct 04 17:04:30 BRT 2016 JRedis[tid:1] <ADVERTÊNCIA>: PROBLEM: Shutting down due to connection FAULT: Socket connect failed [cause: java.net.ConnectException: Conexão recusada] -- make sure the server is running at localhost:6379 - Connection: SYNCHRONOUS  localhost/127.0.0.1:6379 db:0 | SyncConnection@99808631
01475611470620 Tue Oct 04 17:04:30 BRT 2016 JRedis[tid:1] <GRAVE>: Error creating connection -> Socket connect failed [cause: java.net.ConnectException: Conexão recusada] -- make sure the server is running at localhost:6379
]]></system-err>
  </testcase>
  <testcase name="testToArrayWithGenerics[12]" classname="org.springframework.data.redis.support.collections.RedisListTests" time="0.002">
    <error message="Could not get a resource from the pool; nested exception is org.jredis.ClientRuntimeException: null reference:{connection on setConnection()} in method JRedisClient.setConnection() [file: JRedisClient.java line:158 - package: org.jredis.ri.alphazero] cause: =&gt; [IllegalArgumentException: null reference:{connection on setConnection()} in method JRedisClient.setConnection() [file: JRedisClient.java line:158 - package: org.jredis.ri.alphazero]]" type="org.springframework.data.redis.connection.PoolException">org.springframework.data.redis.connection.PoolException: Could not get a resource from the pool; nested exception is org.jredis.ClientRuntimeException: null reference:{connection on setConnection()} in method JRedisClient.setConnection() [file: JRedisClient.java line:158 - package: org.jredis.ri.alphazero] cause: => [IllegalArgumentException: null reference:{connection on setConnection()} in method JRedisClient.setConnection() [file: JRedisClient.java line:158 - package: org.jredis.ri.alphazero]]
Caused by: org.jredis.ClientRuntimeException: null reference:{connection on setConnection()} in method JRedisClient.setConnection() [file: JRedisClient.java line:158 - package: org.jredis.ri.alphazero] cause: => [IllegalArgumentException: null reference:{connection on setConnection()} in method JRedisClient.setConnection() [file: JRedisClient.java line:158 - package: org.jredis.ri.alphazero]]
Caused by: java.lang.IllegalArgumentException: null reference:{connection on setConnection()} in method JRedisClient.setConnection() [file: JRedisClient.java line:158 - package: org.jredis.ri.alphazero]
</error>
  </testcase>
  <testcase name="testIsEmpty[12]" classname="org.springframework.data.redis.support.collections.RedisListTests" time="0.008">
    <error message="Could not get a resource from the pool; nested exception is org.jredis.ClientRuntimeException: null reference:{connection on setConnection()} in method JRedisClient.setConnection() [file: JRedisClient.java line:158 - package: org.jredis.ri.alphazero] cause: =&gt; [IllegalArgumentException: null reference:{connection on setConnection()} in method JRedisClient.setConnection() [file: JRedisClient.java line:158 - package: org.jredis.ri.alphazero]]" type="org.springframework.data.redis.connection.PoolException">org.springframework.data.redis.connection.PoolException: Could not get a resource from the pool; nested exception is org.jredis.ClientRuntimeException: null reference:{connection on setConnection()} in method JRedisClient.setConnection() [file: JRedisClient.java line:158 - package: org.jredis.ri.alphazero] cause: => [IllegalArgumentException: null reference:{connection on setConnection()} in method JRedisClient.setConnection() [file: JRedisClient.java line:158 - package: org.jredis.ri.alphazero]]
Caused by: org.jredis.ClientRuntimeException: null reference:{connection on setConnection()} in method JRedisClient.setConnection() [file: JRedisClient.java line:158 - package: org.jredis.ri.alphazero] cause: => [IllegalArgumentException: null reference:{connection on setConnection()} in method JRedisClient.setConnection() [file: JRedisClient.java line:158 - package: org.jredis.ri.alphazero]]
Caused by: java.lang.IllegalArgumentException: null reference:{connection on setConnection()} in method JRedisClient.setConnection() [file: JRedisClient.java line:158 - package: org.jredis.ri.alphazero]
</error>
    <system-err><![CDATA[01475611470621 Tue Oct 04 17:04:30 BRT 2016 JRedis[tid:1] <INFORMAÇÕES>: WARNING: heartbeat is disabled.
01475611470628 Tue Oct 04 17:04:30 BRT 2016 JRedis[tid:1] <ADVERTÊNCIA>: PROBLEM: Shutting down due to connection FAULT: Socket connect failed [cause: java.net.ConnectException: Conexão recusada] -- make sure the server is running at localhost:6379 - Connection: SYNCHRONOUS  localhost/127.0.0.1:6379 db:0 | SyncConnection@1651754404
01475611470628 Tue Oct 04 17:04:30 BRT 2016 JRedis[tid:1] <GRAVE>: Error creating connection -> Socket connect failed [cause: java.net.ConnectException: Conexão recusada] -- make sure the server is running at localhost:6379
01475611470628 Tue Oct 04 17:04:30 BRT 2016 JRedis[tid:1] <INFORMAÇÕES>: WARNING: heartbeat is disabled.
01475611470628 Tue Oct 04 17:04:30 BRT 2016 JRedis[tid:1] <ADVERTÊNCIA>: PROBLEM: Shutting down due to connection FAULT: Socket connect failed [cause: java.net.ConnectException: Conexão recusada] -- make sure the server is running at localhost:6379 - Connection: SYNCHRONOUS  localhost/127.0.0.1:6379 db:0 | SyncConnection@1564892747
01475611470628 Tue Oct 04 17:04:30 BRT 2016 JRedis[tid:1] <GRAVE>: Error creating connection -> Socket connect failed [cause: java.net.ConnectException: Conexão recusada] -- make sure the server is running at localhost:6379
]]></system-err>
  </testcase>
  <testcase name="testIsEmpty[12]" classname="org.springframework.data.redis.support.collections.RedisListTests" time="0.008">
    <error message="Could not get a resource from the pool; nested exception is org.jredis.ClientRuntimeException: null reference:{connection on setConnection()} in method JRedisClient.setConnection() [file: JRedisClient.java line:158 - package: org.jredis.ri.alphazero] cause: =&gt; [IllegalArgumentException: null reference:{connection on setConnection()} in method JRedisClient.setConnection() [file: JRedisClient.java line:158 - package: org.jredis.ri.alphazero]]" type="org.springframework.data.redis.connection.PoolException">org.springframework.data.redis.connection.PoolException: Could not get a resource from the pool; nested exception is org.jredis.ClientRuntimeException: null reference:{connection on setConnection()} in method JRedisClient.setConnection() [file: JRedisClient.java line:158 - package: org.jredis.ri.alphazero] cause: => [IllegalArgumentException: null reference:{connection on setConnection()} in method JRedisClient.setConnection() [file: JRedisClient.java line:158 - package: org.jredis.ri.alphazero]]
Caused by: org.jredis.ClientRuntimeException: null reference:{connection on setConnection()} in method JRedisClient.setConnection() [file: JRedisClient.java line:158 - package: org.jredis.ri.alphazero] cause: => [IllegalArgumentException: null reference:{connection on setConnection()} in method JRedisClient.setConnection() [file: JRedisClient.java line:158 - package: org.jredis.ri.alphazero]]
Caused by: java.lang.IllegalArgumentException: null reference:{connection on setConnection()} in method JRedisClient.setConnection() [file: JRedisClient.java line:158 - package: org.jredis.ri.alphazero]
</error>
  </testcase>
  <testcase name="testIterator[12]" classname="org.springframework.data.redis.support.collections.RedisListTests" time="0.001">
    <error message="Could not get a resource from the pool; nested exception is org.jredis.ClientRuntimeException: null reference:{connection on setConnection()} in method JRedisClient.setConnection() [file: JRedisClient.java line:158 - package: org.jredis.ri.alphazero] cause: =&gt; [IllegalArgumentException: null reference:{connection on setConnection()} in method JRedisClient.setConnection() [file: JRedisClient.java line:158 - package: org.jredis.ri.alphazero]]" type="org.springframework.data.redis.connection.PoolException">org.springframework.data.redis.connection.PoolException: Could not get a resource from the pool; nested exception is org.jredis.ClientRuntimeException: null reference:{connection on setConnection()} in method JRedisClient.setConnection() [file: JRedisClient.java line:158 - package: org.jredis.ri.alphazero] cause: => [IllegalArgumentException: null reference:{connection on setConnection()} in method JRedisClient.setConnection() [file: JRedisClient.java line:158 - package: org.jredis.ri.alphazero]]
Caused by: org.jredis.ClientRuntimeException: null reference:{connection on setConnection()} in method JRedisClient.setConnection() [file: JRedisClient.java line:158 - package: org.jredis.ri.alphazero] cause: => [IllegalArgumentException: null reference:{connection on setConnection()} in method JRedisClient.setConnection() [file: JRedisClient.java line:158 - package: org.jredis.ri.alphazero]]
Caused by: java.lang.IllegalArgumentException: null reference:{connection on setConnection()} in method JRedisClient.setConnection() [file: JRedisClient.java line:158 - package: org.jredis.ri.alphazero]
</error>
    <system-err><![CDATA[01475611470629 Tue Oct 04 17:04:30 BRT 2016 JRedis[tid:1] <INFORMAÇÕES>: WARNING: heartbeat is disabled.
01475611470629 Tue Oct 04 17:04:30 BRT 2016 JRedis[tid:1] <ADVERTÊNCIA>: PROBLEM: Shutting down due to connection FAULT: Socket connect failed [cause: java.net.ConnectException: Conexão recusada] -- make sure the server is running at localhost:6379 - Connection: SYNCHRONOUS  localhost/127.0.0.1:6379 db:0 | SyncConnection@1407324654
01475611470629 Tue Oct 04 17:04:30 BRT 2016 JRedis[tid:1] <GRAVE>: Error creating connection -> Socket connect failed [cause: java.net.ConnectException: Conexão recusada] -- make sure the server is running at localhost:6379
01475611470629 Tue Oct 04 17:04:30 BRT 2016 JRedis[tid:1] <INFORMAÇÕES>: WARNING: heartbeat is disabled.
01475611470630 Tue Oct 04 17:04:30 BRT 2016 JRedis[tid:1] <ADVERTÊNCIA>: PROBLEM: Shutting down due to connection FAULT: Socket connect failed [cause: java.net.ConnectException: Conexão recusada] -- make sure the server is running at localhost:6379 - Connection: SYNCHRONOUS  localhost/127.0.0.1:6379 db:0 | SyncConnection@1101598632
01475611470630 Tue Oct 04 17:04:30 BRT 2016 JRedis[tid:1] <GRAVE>: Error creating connection -> Socket connect failed [cause: java.net.ConnectException: Conexão recusada] -- make sure the server is running at localhost:6379
]]></system-err>
  </testcase>
  <testcase name="testIterator[12]" classname="org.springframework.data.redis.support.collections.RedisListTests" time="0.001">
    <error message="Could not get a resource from the pool; nested exception is org.jredis.ClientRuntimeException: null reference:{connection on setConnection()} in method JRedisClient.setConnection() [file: JRedisClient.java line:158 - package: org.jredis.ri.alphazero] cause: =&gt; [IllegalArgumentException: null reference:{connection on setConnection()} in method JRedisClient.setConnection() [file: JRedisClient.java line:158 - package: org.jredis.ri.alphazero]]" type="org.springframework.data.redis.connection.PoolException">org.springframework.data.redis.connection.PoolException: Could not get a resource from the pool; nested exception is org.jredis.ClientRuntimeException: null reference:{connection on setConnection()} in method JRedisClient.setConnection() [file: JRedisClient.java line:158 - package: org.jredis.ri.alphazero] cause: => [IllegalArgumentException: null reference:{connection on setConnection()} in method JRedisClient.setConnection() [file: JRedisClient.java line:158 - package: org.jredis.ri.alphazero]]
Caused by: org.jredis.ClientRuntimeException: null reference:{connection on setConnection()} in method JRedisClient.setConnection() [file: JRedisClient.java line:158 - package: org.jredis.ri.alphazero] cause: => [IllegalArgumentException: null reference:{connection on setConnection()} in method JRedisClient.setConnection() [file: JRedisClient.java line:158 - package: org.jredis.ri.alphazero]]
Caused by: java.lang.IllegalArgumentException: null reference:{connection on setConnection()} in method JRedisClient.setConnection() [file: JRedisClient.java line:158 - package: org.jredis.ri.alphazero]
</error>
  </testcase>
  <testcase name="testElement[13]" classname="org.springframework.data.redis.support.collections.RedisListTests" time="0.001">
    <error message="Could not get a resource from the pool; nested exception is org.jredis.ClientRuntimeException: null reference:{connection on setConnection()} in method JRedisClient.setConnection() [file: JRedisClient.java line:158 - package: org.jredis.ri.alphazero] cause: =&gt; [IllegalArgumentException: null reference:{connection on setConnection()} in method JRedisClient.setConnection() [file: JRedisClient.java line:158 - package: org.jredis.ri.alphazero]]" type="org.springframework.data.redis.connection.PoolException">org.springframework.data.redis.connection.PoolException: Could not get a resource from the pool; nested exception is org.jredis.ClientRuntimeException: null reference:{connection on setConnection()} in method JRedisClient.setConnection() [file: JRedisClient.java line:158 - package: org.jredis.ri.alphazero] cause: => [IllegalArgumentException: null reference:{connection on setConnection()} in method JRedisClient.setConnection() [file: JRedisClient.java line:158 - package: org.jredis.ri.alphazero]]
Caused by: org.jredis.ClientRuntimeException: null reference:{connection on setConnection()} in method JRedisClient.setConnection() [file: JRedisClient.java line:158 - package: org.jredis.ri.alphazero] cause: => [IllegalArgumentException: null reference:{connection on setConnection()} in method JRedisClient.setConnection() [file: JRedisClient.java line:158 - package: org.jredis.ri.alphazero]]
Caused by: java.lang.IllegalArgumentException: null reference:{connection on setConnection()} in method JRedisClient.setConnection() [file: JRedisClient.java line:158 - package: org.jredis.ri.alphazero]
</error>
    <system-err><![CDATA[01475611470630 Tue Oct 04 17:04:30 BRT 2016 JRedis[tid:1] <INFORMAÇÕES>: WARNING: heartbeat is disabled.
01475611470630 Tue Oct 04 17:04:30 BRT 2016 JRedis[tid:1] <ADVERTÊNCIA>: PROBLEM: Shutting down due to connection FAULT: Socket connect failed [cause: java.net.ConnectException: Conexão recusada] -- make sure the server is running at localhost:6379 - Connection: SYNCHRONOUS  localhost/127.0.0.1:6379 db:0 | SyncConnection@1032568028
01475611470630 Tue Oct 04 17:04:30 BRT 2016 JRedis[tid:1] <GRAVE>: Error creating connection -> Socket connect failed [cause: java.net.ConnectException: Conexão recusada] -- make sure the server is running at localhost:6379
01475611470631 Tue Oct 04 17:04:30 BRT 2016 JRedis[tid:1] <INFORMAÇÕES>: WARNING: heartbeat is disabled.
01475611470631 Tue Oct 04 17:04:30 BRT 2016 JRedis[tid:1] <ADVERTÊNCIA>: PROBLEM: Shutting down due to connection FAULT: Socket connect failed [cause: java.net.ConnectException: Conexão recusada] -- make sure the server is running at localhost:6379 - Connection: SYNCHRONOUS  localhost/127.0.0.1:6379 db:0 | SyncConnection@1380976928
01475611470631 Tue Oct 04 17:04:30 BRT 2016 JRedis[tid:1] <GRAVE>: Error creating connection -> Socket connect failed [cause: java.net.ConnectException: Conexão recusada] -- make sure the server is running at localhost:6379
]]></system-err>
  </testcase>
  <testcase name="testElement[13]" classname="org.springframework.data.redis.support.collections.RedisListTests" time="0.002">
    <error message="Could not get a resource from the pool; nested exception is org.jredis.ClientRuntimeException: null reference:{connection on setConnection()} in method JRedisClient.setConnection() [file: JRedisClient.java line:158 - package: org.jredis.ri.alphazero] cause: =&gt; [IllegalArgumentException: null reference:{connection on setConnection()} in method JRedisClient.setConnection() [file: JRedisClient.java line:158 - package: org.jredis.ri.alphazero]]" type="org.springframework.data.redis.connection.PoolException">org.springframework.data.redis.connection.PoolException: Could not get a resource from the pool; nested exception is org.jredis.ClientRuntimeException: null reference:{connection on setConnection()} in method JRedisClient.setConnection() [file: JRedisClient.java line:158 - package: org.jredis.ri.alphazero] cause: => [IllegalArgumentException: null reference:{connection on setConnection()} in method JRedisClient.setConnection() [file: JRedisClient.java line:158 - package: org.jredis.ri.alphazero]]
Caused by: org.jredis.ClientRuntimeException: null reference:{connection on setConnection()} in method JRedisClient.setConnection() [file: JRedisClient.java line:158 - package: org.jredis.ri.alphazero] cause: => [IllegalArgumentException: null reference:{connection on setConnection()} in method JRedisClient.setConnection() [file: JRedisClient.java line:158 - package: org.jredis.ri.alphazero]]
Caused by: java.lang.IllegalArgumentException: null reference:{connection on setConnection()} in method JRedisClient.setConnection() [file: JRedisClient.java line:158 - package: org.jredis.ri.alphazero]
</error>
  </testcase>
  <testcase name="testPutFirst[13]" classname="org.springframework.data.redis.support.collections.RedisListTests" time="0.002">
    <error message="Could not get a resource from the pool; nested exception is org.jredis.ClientRuntimeException: null reference:{connection on setConnection()} in method JRedisClient.setConnection() [file: JRedisClient.java line:158 - package: org.jredis.ri.alphazero] cause: =&gt; [IllegalArgumentException: null reference:{connection on setConnection()} in method JRedisClient.setConnection() [file: JRedisClient.java line:158 - package: org.jredis.ri.alphazero]]" type="org.springframework.data.redis.connection.PoolException">org.springframework.data.redis.connection.PoolException: Could not get a resource from the pool; nested exception is org.jredis.ClientRuntimeException: null reference:{connection on setConnection()} in method JRedisClient.setConnection() [file: JRedisClient.java line:158 - package: org.jredis.ri.alphazero] cause: => [IllegalArgumentException: null reference:{connection on setConnection()} in method JRedisClient.setConnection() [file: JRedisClient.java line:158 - package: org.jredis.ri.alphazero]]
Caused by: org.jredis.ClientRuntimeException: null reference:{connection on setConnection()} in method JRedisClient.setConnection() [file: JRedisClient.java line:158 - package: org.jredis.ri.alphazero] cause: => [IllegalArgumentException: null reference:{connection on setConnection()} in method JRedisClient.setConnection() [file: JRedisClient.java line:158 - package: org.jredis.ri.alphazero]]
Caused by: java.lang.IllegalArgumentException: null reference:{connection on setConnection()} in method JRedisClient.setConnection() [file: JRedisClient.java line:158 - package: org.jredis.ri.alphazero]
</error>
    <system-err><![CDATA[01475611470633 Tue Oct 04 17:04:30 BRT 2016 JRedis[tid:1] <INFORMAÇÕES>: WARNING: heartbeat is disabled.
01475611470633 Tue Oct 04 17:04:30 BRT 2016 JRedis[tid:1] <ADVERTÊNCIA>: PROBLEM: Shutting down due to connection FAULT: Socket connect failed [cause: java.net.ConnectException: Conexão recusada] -- make sure the server is running at localhost:6379 - Connection: SYNCHRONOUS  localhost/127.0.0.1:6379 db:0 | SyncConnection@293474277
01475611470633 Tue Oct 04 17:04:30 BRT 2016 JRedis[tid:1] <GRAVE>: Error creating connection -> Socket connect failed [cause: java.net.ConnectException: Conexão recusada] -- make sure the server is running at localhost:6379
01475611470633 Tue Oct 04 17:04:30 BRT 2016 JRedis[tid:1] <INFORMAÇÕES>: WARNING: heartbeat is disabled.
01475611470633 Tue Oct 04 17:04:30 BRT 2016 JRedis[tid:1] <ADVERTÊNCIA>: PROBLEM: Shutting down due to connection FAULT: Socket connect failed [cause: java.net.ConnectException: Conexão recusada] -- make sure the server is running at localhost:6379 - Connection: SYNCHRONOUS  localhost/127.0.0.1:6379 db:0 | SyncConnection@413373997
01475611470633 Tue Oct 04 17:04:30 BRT 2016 JRedis[tid:1] <GRAVE>: Error creating connection -> Socket connect failed [cause: java.net.ConnectException: Conexão recusada] -- make sure the server is running at localhost:6379
]]></system-err>
  </testcase>
  <testcase name="testPutFirst[13]" classname="org.springframework.data.redis.support.collections.RedisListTests" time="0.002">
    <error message="Could not get a resource from the pool; nested exception is org.jredis.ClientRuntimeException: null reference:{connection on setConnection()} in method JRedisClient.setConnection() [file: JRedisClient.java line:158 - package: org.jredis.ri.alphazero] cause: =&gt; [IllegalArgumentException: null reference:{connection on setConnection()} in method JRedisClient.setConnection() [file: JRedisClient.java line:158 - package: org.jredis.ri.alphazero]]" type="org.springframework.data.redis.connection.PoolException">org.springframework.data.redis.connection.PoolException: Could not get a resource from the pool; nested exception is org.jredis.ClientRuntimeException: null reference:{connection on setConnection()} in method JRedisClient.setConnection() [file: JRedisClient.java line:158 - package: org.jredis.ri.alphazero] cause: => [IllegalArgumentException: null reference:{connection on setConnection()} in method JRedisClient.setConnection() [file: JRedisClient.java line:158 - package: org.jredis.ri.alphazero]]
Caused by: org.jredis.ClientRuntimeException: null reference:{connection on setConnection()} in method JRedisClient.setConnection() [file: JRedisClient.java line:158 - package: org.jredis.ri.alphazero] cause: => [IllegalArgumentException: null reference:{connection on setConnection()} in method JRedisClient.setConnection() [file: JRedisClient.java line:158 - package: org.jredis.ri.alphazero]]
Caused by: java.lang.IllegalArgumentException: null reference:{connection on setConnection()} in method JRedisClient.setConnection() [file: JRedisClient.java line:158 - package: org.jredis.ri.alphazero]
</error>
  </testcase>
  <testcase name="testPollLastTimeout[13]" classname="org.springframework.data.redis.support.collections.RedisListTests" time="0">
    <error message="got: &lt;false&gt;, expected: is &lt;true&gt;" type="org.junit.AssumptionViolatedException"><![CDATA[org.junit.AssumptionViolatedException: got: <false>, expected: is <true>
]]></error>
    <system-err><![CDATA[01475611470634 Tue Oct 04 17:04:30 BRT 2016 JRedis[tid:1] <INFORMAÇÕES>: WARNING: heartbeat is disabled.
01475611470634 Tue Oct 04 17:04:30 BRT 2016 JRedis[tid:1] <ADVERTÊNCIA>: PROBLEM: Shutting down due to connection FAULT: Socket connect failed [cause: java.net.ConnectException: Conexão recusada] -- make sure the server is running at localhost:6379 - Connection: SYNCHRONOUS  localhost/127.0.0.1:6379 db:0 | SyncConnection@2024711353
01475611470634 Tue Oct 04 17:04:30 BRT 2016 JRedis[tid:1] <GRAVE>: Error creating connection -> Socket connect failed [cause: java.net.ConnectException: Conexão recusada] -- make sure the server is running at localhost:6379
]]></system-err>
  </testcase>
  <testcase name="testPollLastTimeout[13]" classname="org.springframework.data.redis.support.collections.RedisListTests" time="0.001">
    <error message="Could not get a resource from the pool; nested exception is org.jredis.ClientRuntimeException: null reference:{connection on setConnection()} in method JRedisClient.setConnection() [file: JRedisClient.java line:158 - package: org.jredis.ri.alphazero] cause: =&gt; [IllegalArgumentException: null reference:{connection on setConnection()} in method JRedisClient.setConnection() [file: JRedisClient.java line:158 - package: org.jredis.ri.alphazero]]" type="org.springframework.data.redis.connection.PoolException">org.springframework.data.redis.connection.PoolException: Could not get a resource from the pool; nested exception is org.jredis.ClientRuntimeException: null reference:{connection on setConnection()} in method JRedisClient.setConnection() [file: JRedisClient.java line:158 - package: org.jredis.ri.alphazero] cause: => [IllegalArgumentException: null reference:{connection on setConnection()} in method JRedisClient.setConnection() [file: JRedisClient.java line:158 - package: org.jredis.ri.alphazero]]
Caused by: org.jredis.ClientRuntimeException: null reference:{connection on setConnection()} in method JRedisClient.setConnection() [file: JRedisClient.java line:158 - package: org.jredis.ri.alphazero] cause: => [IllegalArgumentException: null reference:{connection on setConnection()} in method JRedisClient.setConnection() [file: JRedisClient.java line:158 - package: org.jredis.ri.alphazero]]
Caused by: java.lang.IllegalArgumentException: null reference:{connection on setConnection()} in method JRedisClient.setConnection() [file: JRedisClient.java line:158 - package: org.jredis.ri.alphazero]
</error>
  </testcase>
  <testcase name="testPeekFirst[13]" classname="org.springframework.data.redis.support.collections.RedisListTests" time="0.001">
    <error message="Could not get a resource from the pool; nested exception is org.jredis.ClientRuntimeException: null reference:{connection on setConnection()} in method JRedisClient.setConnection() [file: JRedisClient.java line:158 - package: org.jredis.ri.alphazero] cause: =&gt; [IllegalArgumentException: null reference:{connection on setConnection()} in method JRedisClient.setConnection() [file: JRedisClient.java line:158 - package: org.jredis.ri.alphazero]]" type="org.springframework.data.redis.connection.PoolException">org.springframework.data.redis.connection.PoolException: Could not get a resource from the pool; nested exception is org.jredis.ClientRuntimeException: null reference:{connection on setConnection()} in method JRedisClient.setConnection() [file: JRedisClient.java line:158 - package: org.jredis.ri.alphazero] cause: => [IllegalArgumentException: null reference:{connection on setConnection()} in method JRedisClient.setConnection() [file: JRedisClient.java line:158 - package: org.jredis.ri.alphazero]]
Caused by: org.jredis.ClientRuntimeException: null reference:{connection on setConnection()} in method JRedisClient.setConnection() [file: JRedisClient.java line:158 - package: org.jredis.ri.alphazero] cause: => [IllegalArgumentException: null reference:{connection on setConnection()} in method JRedisClient.setConnection() [file: JRedisClient.java line:158 - package: org.jredis.ri.alphazero]]
Caused by: java.lang.IllegalArgumentException: null reference:{connection on setConnection()} in method JRedisClient.setConnection() [file: JRedisClient.java line:158 - package: org.jredis.ri.alphazero]
</error>
    <system-err><![CDATA[01475611470635 Tue Oct 04 17:04:30 BRT 2016 JRedis[tid:1] <INFORMAÇÕES>: WARNING: heartbeat is disabled.
01475611470635 Tue Oct 04 17:04:30 BRT 2016 JRedis[tid:1] <ADVERTÊNCIA>: PROBLEM: Shutting down due to connection FAULT: Socket connect failed [cause: java.net.ConnectException: Conexão recusada] -- make sure the server is running at localhost:6379 - Connection: SYNCHRONOUS  localhost/127.0.0.1:6379 db:0 | SyncConnection@711310213
01475611470635 Tue Oct 04 17:04:30 BRT 2016 JRedis[tid:1] <GRAVE>: Error creating connection -> Socket connect failed [cause: java.net.ConnectException: Conexão recusada] -- make sure the server is running at localhost:6379
01475611470635 Tue Oct 04 17:04:30 BRT 2016 JRedis[tid:1] <INFORMAÇÕES>: WARNING: heartbeat is disabled.
01475611470635 Tue Oct 04 17:04:30 BRT 2016 JRedis[tid:1] <ADVERTÊNCIA>: PROBLEM: Shutting down due to connection FAULT: Socket connect failed [cause: java.net.ConnectException: Conexão recusada] -- make sure the server is running at localhost:6379 - Connection: SYNCHRONOUS  localhost/127.0.0.1:6379 db:0 | SyncConnection@1267042315
01475611470635 Tue Oct 04 17:04:30 BRT 2016 JRedis[tid:1] <GRAVE>: Error creating connection -> Socket connect failed [cause: java.net.ConnectException: Conexão recusada] -- make sure the server is running at localhost:6379
]]></system-err>
  </testcase>
  <testcase name="testPeekFirst[13]" classname="org.springframework.data.redis.support.collections.RedisListTests" time="0.001">
    <error message="Could not get a resource from the pool; nested exception is org.jredis.ClientRuntimeException: null reference:{connection on setConnection()} in method JRedisClient.setConnection() [file: JRedisClient.java line:158 - package: org.jredis.ri.alphazero] cause: =&gt; [IllegalArgumentException: null reference:{connection on setConnection()} in method JRedisClient.setConnection() [file: JRedisClient.java line:158 - package: org.jredis.ri.alphazero]]" type="org.springframework.data.redis.connection.PoolException">org.springframework.data.redis.connection.PoolException: Could not get a resource from the pool; nested exception is org.jredis.ClientRuntimeException: null reference:{connection on setConnection()} in method JRedisClient.setConnection() [file: JRedisClient.java line:158 - package: org.jredis.ri.alphazero] cause: => [IllegalArgumentException: null reference:{connection on setConnection()} in method JRedisClient.setConnection() [file: JRedisClient.java line:158 - package: org.jredis.ri.alphazero]]
Caused by: org.jredis.ClientRuntimeException: null reference:{connection on setConnection()} in method JRedisClient.setConnection() [file: JRedisClient.java line:158 - package: org.jredis.ri.alphazero] cause: => [IllegalArgumentException: null reference:{connection on setConnection()} in method JRedisClient.setConnection() [file: JRedisClient.java line:158 - package: org.jredis.ri.alphazero]]
Caused by: java.lang.IllegalArgumentException: null reference:{connection on setConnection()} in method JRedisClient.setConnection() [file: JRedisClient.java line:158 - package: org.jredis.ri.alphazero]
</error>
  </testcase>
  <testcase name="testOfferLast[13]" classname="org.springframework.data.redis.support.collections.RedisListTests" time="0.001">
    <error message="Could not get a resource from the pool; nested exception is org.jredis.ClientRuntimeException: null reference:{connection on setConnection()} in method JRedisClient.setConnection() [file: JRedisClient.java line:158 - package: org.jredis.ri.alphazero] cause: =&gt; [IllegalArgumentException: null reference:{connection on setConnection()} in method JRedisClient.setConnection() [file: JRedisClient.java line:158 - package: org.jredis.ri.alphazero]]" type="org.springframework.data.redis.connection.PoolException">org.springframework.data.redis.connection.PoolException: Could not get a resource from the pool; nested exception is org.jredis.ClientRuntimeException: null reference:{connection on setConnection()} in method JRedisClient.setConnection() [file: JRedisClient.java line:158 - package: org.jredis.ri.alphazero] cause: => [IllegalArgumentException: null reference:{connection on setConnection()} in method JRedisClient.setConnection() [file: JRedisClient.java line:158 - package: org.jredis.ri.alphazero]]
Caused by: org.jredis.ClientRuntimeException: null reference:{connection on setConnection()} in method JRedisClient.setConnection() [file: JRedisClient.java line:158 - package: org.jredis.ri.alphazero] cause: => [IllegalArgumentException: null reference:{connection on setConnection()} in method JRedisClient.setConnection() [file: JRedisClient.java line:158 - package: org.jredis.ri.alphazero]]
Caused by: java.lang.IllegalArgumentException: null reference:{connection on setConnection()} in method JRedisClient.setConnection() [file: JRedisClient.java line:158 - package: org.jredis.ri.alphazero]
</error>
    <system-err><![CDATA[01475611470636 Tue Oct 04 17:04:30 BRT 2016 JRedis[tid:1] <INFORMAÇÕES>: WARNING: heartbeat is disabled.
01475611470636 Tue Oct 04 17:04:30 BRT 2016 JRedis[tid:1] <ADVERTÊNCIA>: PROBLEM: Shutting down due to connection FAULT: Socket connect failed [cause: java.net.ConnectException: Conexão recusada] -- make sure the server is running at localhost:6379 - Connection: SYNCHRONOUS  localhost/127.0.0.1:6379 db:0 | SyncConnection@1335061928
01475611470636 Tue Oct 04 17:04:30 BRT 2016 JRedis[tid:1] <GRAVE>: Error creating connection -> Socket connect failed [cause: java.net.ConnectException: Conexão recusada] -- make sure the server is running at localhost:6379
01475611470636 Tue Oct 04 17:04:30 BRT 2016 JRedis[tid:1] <INFORMAÇÕES>: WARNING: heartbeat is disabled.
01475611470637 Tue Oct 04 17:04:30 BRT 2016 JRedis[tid:1] <ADVERTÊNCIA>: PROBLEM: Shutting down due to connection FAULT: Socket connect failed [cause: java.net.ConnectException: Conexão recusada] -- make sure the server is running at localhost:6379 - Connection: SYNCHRONOUS  localhost/127.0.0.1:6379 db:0 | SyncConnection@1108706191
01475611470637 Tue Oct 04 17:04:30 BRT 2016 JRedis[tid:1] <GRAVE>: Error creating connection -> Socket connect failed [cause: java.net.ConnectException: Conexão recusada] -- make sure the server is running at localhost:6379
]]></system-err>
  </testcase>
  <testcase name="testOfferLast[13]" classname="org.springframework.data.redis.support.collections.RedisListTests" time="0.001">
    <error message="Could not get a resource from the pool; nested exception is org.jredis.ClientRuntimeException: null reference:{connection on setConnection()} in method JRedisClient.setConnection() [file: JRedisClient.java line:158 - package: org.jredis.ri.alphazero] cause: =&gt; [IllegalArgumentException: null reference:{connection on setConnection()} in method JRedisClient.setConnection() [file: JRedisClient.java line:158 - package: org.jredis.ri.alphazero]]" type="org.springframework.data.redis.connection.PoolException">org.springframework.data.redis.connection.PoolException: Could not get a resource from the pool; nested exception is org.jredis.ClientRuntimeException: null reference:{connection on setConnection()} in method JRedisClient.setConnection() [file: JRedisClient.java line:158 - package: org.jredis.ri.alphazero] cause: => [IllegalArgumentException: null reference:{connection on setConnection()} in method JRedisClient.setConnection() [file: JRedisClient.java line:158 - package: org.jredis.ri.alphazero]]
Caused by: org.jredis.ClientRuntimeException: null reference:{connection on setConnection()} in method JRedisClient.setConnection() [file: JRedisClient.java line:158 - package: org.jredis.ri.alphazero] cause: => [IllegalArgumentException: null reference:{connection on setConnection()} in method JRedisClient.setConnection() [file: JRedisClient.java line:158 - package: org.jredis.ri.alphazero]]
Caused by: java.lang.IllegalArgumentException: null reference:{connection on setConnection()} in method JRedisClient.setConnection() [file: JRedisClient.java line:158 - package: org.jredis.ri.alphazero]
</error>
  </testcase>
  <testcase name="testGetFirst[13]" classname="org.springframework.data.redis.support.collections.RedisListTests" time="0.001">
    <error message="Could not get a resource from the pool; nested exception is org.jredis.ClientRuntimeException: null reference:{connection on setConnection()} in method JRedisClient.setConnection() [file: JRedisClient.java line:158 - package: org.jredis.ri.alphazero] cause: =&gt; [IllegalArgumentException: null reference:{connection on setConnection()} in method JRedisClient.setConnection() [file: JRedisClient.java line:158 - package: org.jredis.ri.alphazero]]" type="org.springframework.data.redis.connection.PoolException">org.springframework.data.redis.connection.PoolException: Could not get a resource from the pool; nested exception is org.jredis.ClientRuntimeException: null reference:{connection on setConnection()} in method JRedisClient.setConnection() [file: JRedisClient.java line:158 - package: org.jredis.ri.alphazero] cause: => [IllegalArgumentException: null reference:{connection on setConnection()} in method JRedisClient.setConnection() [file: JRedisClient.java line:158 - package: org.jredis.ri.alphazero]]
Caused by: org.jredis.ClientRuntimeException: null reference:{connection on setConnection()} in method JRedisClient.setConnection() [file: JRedisClient.java line:158 - package: org.jredis.ri.alphazero] cause: => [IllegalArgumentException: null reference:{connection on setConnection()} in method JRedisClient.setConnection() [file: JRedisClient.java line:158 - package: org.jredis.ri.alphazero]]
Caused by: java.lang.IllegalArgumentException: null reference:{connection on setConnection()} in method JRedisClient.setConnection() [file: JRedisClient.java line:158 - package: org.jredis.ri.alphazero]
</error>
    <system-err><![CDATA[01475611470637 Tue Oct 04 17:04:30 BRT 2016 JRedis[tid:1] <INFORMAÇÕES>: WARNING: heartbeat is disabled.
01475611470637 Tue Oct 04 17:04:30 BRT 2016 JRedis[tid:1] <ADVERTÊNCIA>: PROBLEM: Shutting down due to connection FAULT: Socket connect failed [cause: java.net.ConnectException: Conexão recusada] -- make sure the server is running at localhost:6379 - Connection: SYNCHRONOUS  localhost/127.0.0.1:6379 db:0 | SyncConnection@1160487387
01475611470637 Tue Oct 04 17:04:30 BRT 2016 JRedis[tid:1] <GRAVE>: Error creating connection -> Socket connect failed [cause: java.net.ConnectException: Conexão recusada] -- make sure the server is running at localhost:6379
01475611470638 Tue Oct 04 17:04:30 BRT 2016 JRedis[tid:1] <INFORMAÇÕES>: WARNING: heartbeat is disabled.
01475611470638 Tue Oct 04 17:04:30 BRT 2016 JRedis[tid:1] <ADVERTÊNCIA>: PROBLEM: Shutting down due to connection FAULT: Socket connect failed [cause: java.net.ConnectException: Conexão recusada] -- make sure the server is running at localhost:6379 - Connection: SYNCHRONOUS  localhost/127.0.0.1:6379 db:0 | SyncConnection@579447973
01475611470638 Tue Oct 04 17:04:30 BRT 2016 JRedis[tid:1] <GRAVE>: Error creating connection -> Socket connect failed [cause: java.net.ConnectException: Conexão recusada] -- make sure the server is running at localhost:6379
]]></system-err>
  </testcase>
  <testcase name="testGetFirst[13]" classname="org.springframework.data.redis.support.collections.RedisListTests" time="0.001">
    <error message="Could not get a resource from the pool; nested exception is org.jredis.ClientRuntimeException: null reference:{connection on setConnection()} in method JRedisClient.setConnection() [file: JRedisClient.java line:158 - package: org.jredis.ri.alphazero] cause: =&gt; [IllegalArgumentException: null reference:{connection on setConnection()} in method JRedisClient.setConnection() [file: JRedisClient.java line:158 - package: org.jredis.ri.alphazero]]" type="org.springframework.data.redis.connection.PoolException">org.springframework.data.redis.connection.PoolException: Could not get a resource from the pool; nested exception is org.jredis.ClientRuntimeException: null reference:{connection on setConnection()} in method JRedisClient.setConnection() [file: JRedisClient.java line:158 - package: org.jredis.ri.alphazero] cause: => [IllegalArgumentException: null reference:{connection on setConnection()} in method JRedisClient.setConnection() [file: JRedisClient.java line:158 - package: org.jredis.ri.alphazero]]
Caused by: org.jredis.ClientRuntimeException: null reference:{connection on setConnection()} in method JRedisClient.setConnection() [file: JRedisClient.java line:158 - package: org.jredis.ri.alphazero] cause: => [IllegalArgumentException: null reference:{connection on setConnection()} in method JRedisClient.setConnection() [file: JRedisClient.java line:158 - package: org.jredis.ri.alphazero]]
Caused by: java.lang.IllegalArgumentException: null reference:{connection on setConnection()} in method JRedisClient.setConnection() [file: JRedisClient.java line:158 - package: org.jredis.ri.alphazero]
</error>
  </testcase>
  <testcase name="testAddLast[13]" classname="org.springframework.data.redis.support.collections.RedisListTests" time="0.001">
    <error message="Could not get a resource from the pool; nested exception is org.jredis.ClientRuntimeException: null reference:{connection on setConnection()} in method JRedisClient.setConnection() [file: JRedisClient.java line:158 - package: org.jredis.ri.alphazero] cause: =&gt; [IllegalArgumentException: null reference:{connection on setConnection()} in method JRedisClient.setConnection() [file: JRedisClient.java line:158 - package: org.jredis.ri.alphazero]]" type="org.springframework.data.redis.connection.PoolException">org.springframework.data.redis.connection.PoolException: Could not get a resource from the pool; nested exception is org.jredis.ClientRuntimeException: null reference:{connection on setConnection()} in method JRedisClient.setConnection() [file: JRedisClient.java line:158 - package: org.jredis.ri.alphazero] cause: => [IllegalArgumentException: null reference:{connection on setConnection()} in method JRedisClient.setConnection() [file: JRedisClient.java line:158 - package: org.jredis.ri.alphazero]]
Caused by: org.jredis.ClientRuntimeException: null reference:{connection on setConnection()} in method JRedisClient.setConnection() [file: JRedisClient.java line:158 - package: org.jredis.ri.alphazero] cause: => [IllegalArgumentException: null reference:{connection on setConnection()} in method JRedisClient.setConnection() [file: JRedisClient.java line:158 - package: org.jredis.ri.alphazero]]
Caused by: java.lang.IllegalArgumentException: null reference:{connection on setConnection()} in method JRedisClient.setConnection() [file: JRedisClient.java line:158 - package: org.jredis.ri.alphazero]
</error>
    <system-err><![CDATA[01475611470638 Tue Oct 04 17:04:30 BRT 2016 JRedis[tid:1] <INFORMAÇÕES>: WARNING: heartbeat is disabled.
01475611470638 Tue Oct 04 17:04:30 BRT 2016 JRedis[tid:1] <ADVERTÊNCIA>: PROBLEM: Shutting down due to connection FAULT: Socket connect failed [cause: java.net.ConnectException: Conexão recusada] -- make sure the server is running at localhost:6379 - Connection: SYNCHRONOUS  localhost/127.0.0.1:6379 db:0 | SyncConnection@1990421361
01475611470638 Tue Oct 04 17:04:30 BRT 2016 JRedis[tid:1] <GRAVE>: Error creating connection -> Socket connect failed [cause: java.net.ConnectException: Conexão recusada] -- make sure the server is running at localhost:6379
01475611470639 Tue Oct 04 17:04:30 BRT 2016 JRedis[tid:1] <INFORMAÇÕES>: WARNING: heartbeat is disabled.
01475611470639 Tue Oct 04 17:04:30 BRT 2016 JRedis[tid:1] <ADVERTÊNCIA>: PROBLEM: Shutting down due to connection FAULT: Socket connect failed [cause: java.net.ConnectException: Conexão recusada] -- make sure the server is running at localhost:6379 - Connection: SYNCHRONOUS  localhost/127.0.0.1:6379 db:0 | SyncConnection@407148497
01475611470639 Tue Oct 04 17:04:30 BRT 2016 JRedis[tid:1] <GRAVE>: Error creating connection -> Socket connect failed [cause: java.net.ConnectException: Conexão recusada] -- make sure the server is running at localhost:6379
]]></system-err>
  </testcase>
  <testcase name="testAddLast[13]" classname="org.springframework.data.redis.support.collections.RedisListTests" time="0.001">
    <error message="Could not get a resource from the pool; nested exception is org.jredis.ClientRuntimeException: null reference:{connection on setConnection()} in method JRedisClient.setConnection() [file: JRedisClient.java line:158 - package: org.jredis.ri.alphazero] cause: =&gt; [IllegalArgumentException: null reference:{connection on setConnection()} in method JRedisClient.setConnection() [file: JRedisClient.java line:158 - package: org.jredis.ri.alphazero]]" type="org.springframework.data.redis.connection.PoolException">org.springframework.data.redis.connection.PoolException: Could not get a resource from the pool; nested exception is org.jredis.ClientRuntimeException: null reference:{connection on setConnection()} in method JRedisClient.setConnection() [file: JRedisClient.java line:158 - package: org.jredis.ri.alphazero] cause: => [IllegalArgumentException: null reference:{connection on setConnection()} in method JRedisClient.setConnection() [file: JRedisClient.java line:158 - package: org.jredis.ri.alphazero]]
Caused by: org.jredis.ClientRuntimeException: null reference:{connection on setConnection()} in method JRedisClient.setConnection() [file: JRedisClient.java line:158 - package: org.jredis.ri.alphazero] cause: => [IllegalArgumentException: null reference:{connection on setConnection()} in method JRedisClient.setConnection() [file: JRedisClient.java line:158 - package: org.jredis.ri.alphazero]]
Caused by: java.lang.IllegalArgumentException: null reference:{connection on setConnection()} in method JRedisClient.setConnection() [file: JRedisClient.java line:158 - package: org.jredis.ri.alphazero]
</error>
  </testcase>
  <testcase name="testPop[13]" classname="org.springframework.data.redis.support.collections.RedisListTests" time="0.001">
    <error message="Could not get a resource from the pool; nested exception is org.jredis.ClientRuntimeException: null reference:{connection on setConnection()} in method JRedisClient.setConnection() [file: JRedisClient.java line:158 - package: org.jredis.ri.alphazero] cause: =&gt; [IllegalArgumentException: null reference:{connection on setConnection()} in method JRedisClient.setConnection() [file: JRedisClient.java line:158 - package: org.jredis.ri.alphazero]]" type="org.springframework.data.redis.connection.PoolException">org.springframework.data.redis.connection.PoolException: Could not get a resource from the pool; nested exception is org.jredis.ClientRuntimeException: null reference:{connection on setConnection()} in method JRedisClient.setConnection() [file: JRedisClient.java line:158 - package: org.jredis.ri.alphazero] cause: => [IllegalArgumentException: null reference:{connection on setConnection()} in method JRedisClient.setConnection() [file: JRedisClient.java line:158 - package: org.jredis.ri.alphazero]]
Caused by: org.jredis.ClientRuntimeException: null reference:{connection on setConnection()} in method JRedisClient.setConnection() [file: JRedisClient.java line:158 - package: org.jredis.ri.alphazero] cause: => [IllegalArgumentException: null reference:{connection on setConnection()} in method JRedisClient.setConnection() [file: JRedisClient.java line:158 - package: org.jredis.ri.alphazero]]
Caused by: java.lang.IllegalArgumentException: null reference:{connection on setConnection()} in method JRedisClient.setConnection() [file: JRedisClient.java line:158 - package: org.jredis.ri.alphazero]
</error>
    <system-err><![CDATA[01475611470639 Tue Oct 04 17:04:30 BRT 2016 JRedis[tid:1] <INFORMAÇÕES>: WARNING: heartbeat is disabled.
01475611470640 Tue Oct 04 17:04:30 BRT 2016 JRedis[tid:1] <ADVERTÊNCIA>: PROBLEM: Shutting down due to connection FAULT: Socket connect failed [cause: java.net.ConnectException: Conexão recusada] -- make sure the server is running at localhost:6379 - Connection: SYNCHRONOUS  localhost/127.0.0.1:6379 db:0 | SyncConnection@16373883
01475611470640 Tue Oct 04 17:04:30 BRT 2016 JRedis[tid:1] <GRAVE>: Error creating connection -> Socket connect failed [cause: java.net.ConnectException: Conexão recusada] -- make sure the server is running at localhost:6379
01475611470640 Tue Oct 04 17:04:30 BRT 2016 JRedis[tid:1] <INFORMAÇÕES>: WARNING: heartbeat is disabled.
01475611470640 Tue Oct 04 17:04:30 BRT 2016 JRedis[tid:1] <ADVERTÊNCIA>: PROBLEM: Shutting down due to connection FAULT: Socket connect failed [cause: java.net.ConnectException: Conexão recusada] -- make sure the server is running at localhost:6379 - Connection: SYNCHRONOUS  localhost/127.0.0.1:6379 db:0 | SyncConnection@1878700101
01475611470640 Tue Oct 04 17:04:30 BRT 2016 JRedis[tid:1] <GRAVE>: Error creating connection -> Socket connect failed [cause: java.net.ConnectException: Conexão recusada] -- make sure the server is running at localhost:6379
]]></system-err>
  </testcase>
  <testcase name="testPop[13]" classname="org.springframework.data.redis.support.collections.RedisListTests" time="0.001">
    <error message="Could not get a resource from the pool; nested exception is org.jredis.ClientRuntimeException: null reference:{connection on setConnection()} in method JRedisClient.setConnection() [file: JRedisClient.java line:158 - package: org.jredis.ri.alphazero] cause: =&gt; [IllegalArgumentException: null reference:{connection on setConnection()} in method JRedisClient.setConnection() [file: JRedisClient.java line:158 - package: org.jredis.ri.alphazero]]" type="org.springframework.data.redis.connection.PoolException">org.springframework.data.redis.connection.PoolException: Could not get a resource from the pool; nested exception is org.jredis.ClientRuntimeException: null reference:{connection on setConnection()} in method JRedisClient.setConnection() [file: JRedisClient.java line:158 - package: org.jredis.ri.alphazero] cause: => [IllegalArgumentException: null reference:{connection on setConnection()} in method JRedisClient.setConnection() [file: JRedisClient.java line:158 - package: org.jredis.ri.alphazero]]
Caused by: org.jredis.ClientRuntimeException: null reference:{connection on setConnection()} in method JRedisClient.setConnection() [file: JRedisClient.java line:158 - package: org.jredis.ri.alphazero] cause: => [IllegalArgumentException: null reference:{connection on setConnection()} in method JRedisClient.setConnection() [file: JRedisClient.java line:158 - package: org.jredis.ri.alphazero]]
Caused by: java.lang.IllegalArgumentException: null reference:{connection on setConnection()} in method JRedisClient.setConnection() [file: JRedisClient.java line:158 - package: org.jredis.ri.alphazero]
</error>
  </testcase>
  <testcase name="testPut[13]" classname="org.springframework.data.redis.support.collections.RedisListTests" time="0.002">
    <error message="Could not get a resource from the pool; nested exception is org.jredis.ClientRuntimeException: null reference:{connection on setConnection()} in method JRedisClient.setConnection() [file: JRedisClient.java line:158 - package: org.jredis.ri.alphazero] cause: =&gt; [IllegalArgumentException: null reference:{connection on setConnection()} in method JRedisClient.setConnection() [file: JRedisClient.java line:158 - package: org.jredis.ri.alphazero]]" type="org.springframework.data.redis.connection.PoolException">org.springframework.data.redis.connection.PoolException: Could not get a resource from the pool; nested exception is org.jredis.ClientRuntimeException: null reference:{connection on setConnection()} in method JRedisClient.setConnection() [file: JRedisClient.java line:158 - package: org.jredis.ri.alphazero] cause: => [IllegalArgumentException: null reference:{connection on setConnection()} in method JRedisClient.setConnection() [file: JRedisClient.java line:158 - package: org.jredis.ri.alphazero]]
Caused by: org.jredis.ClientRuntimeException: null reference:{connection on setConnection()} in method JRedisClient.setConnection() [file: JRedisClient.java line:158 - package: org.jredis.ri.alphazero] cause: => [IllegalArgumentException: null reference:{connection on setConnection()} in method JRedisClient.setConnection() [file: JRedisClient.java line:158 - package: org.jredis.ri.alphazero]]
Caused by: java.lang.IllegalArgumentException: null reference:{connection on setConnection()} in method JRedisClient.setConnection() [file: JRedisClient.java line:158 - package: org.jredis.ri.alphazero]
</error>
    <system-err><![CDATA[01475611470641 Tue Oct 04 17:04:30 BRT 2016 JRedis[tid:1] <INFORMAÇÕES>: WARNING: heartbeat is disabled.
01475611470641 Tue Oct 04 17:04:30 BRT 2016 JRedis[tid:1] <ADVERTÊNCIA>: PROBLEM: Shutting down due to connection FAULT: Socket connect failed [cause: java.net.ConnectException: Conexão recusada] -- make sure the server is running at localhost:6379 - Connection: SYNCHRONOUS  localhost/127.0.0.1:6379 db:0 | SyncConnection@40875560
01475611470641 Tue Oct 04 17:04:30 BRT 2016 JRedis[tid:1] <GRAVE>: Error creating connection -> Socket connect failed [cause: java.net.ConnectException: Conexão recusada] -- make sure the server is running at localhost:6379
01475611470641 Tue Oct 04 17:04:30 BRT 2016 JRedis[tid:1] <INFORMAÇÕES>: WARNING: heartbeat is disabled.
01475611470641 Tue Oct 04 17:04:30 BRT 2016 JRedis[tid:1] <ADVERTÊNCIA>: PROBLEM: Shutting down due to connection FAULT: Socket connect failed [cause: java.net.ConnectException: Conexão recusada] -- make sure the server is running at localhost:6379 - Connection: SYNCHRONOUS  localhost/127.0.0.1:6379 db:0 | SyncConnection@1042891691
01475611470641 Tue Oct 04 17:04:30 BRT 2016 JRedis[tid:1] <GRAVE>: Error creating connection -> Socket connect failed [cause: java.net.ConnectException: Conexão recusada] -- make sure the server is running at localhost:6379
]]></system-err>
  </testcase>
  <testcase name="testPut[13]" classname="org.springframework.data.redis.support.collections.RedisListTests" time="0.002">
    <error message="Could not get a resource from the pool; nested exception is org.jredis.ClientRuntimeException: null reference:{connection on setConnection()} in method JRedisClient.setConnection() [file: JRedisClient.java line:158 - package: org.jredis.ri.alphazero] cause: =&gt; [IllegalArgumentException: null reference:{connection on setConnection()} in method JRedisClient.setConnection() [file: JRedisClient.java line:158 - package: org.jredis.ri.alphazero]]" type="org.springframework.data.redis.connection.PoolException">org.springframework.data.redis.connection.PoolException: Could not get a resource from the pool; nested exception is org.jredis.ClientRuntimeException: null reference:{connection on setConnection()} in method JRedisClient.setConnection() [file: JRedisClient.java line:158 - package: org.jredis.ri.alphazero] cause: => [IllegalArgumentException: null reference:{connection on setConnection()} in method JRedisClient.setConnection() [file: JRedisClient.java line:158 - package: org.jredis.ri.alphazero]]
Caused by: org.jredis.ClientRuntimeException: null reference:{connection on setConnection()} in method JRedisClient.setConnection() [file: JRedisClient.java line:158 - package: org.jredis.ri.alphazero] cause: => [IllegalArgumentException: null reference:{connection on setConnection()} in method JRedisClient.setConnection() [file: JRedisClient.java line:158 - package: org.jredis.ri.alphazero]]
Caused by: java.lang.IllegalArgumentException: null reference:{connection on setConnection()} in method JRedisClient.setConnection() [file: JRedisClient.java line:158 - package: org.jredis.ri.alphazero]
</error>
  </testcase>
  <testcase name="testSet[13]" classname="org.springframework.data.redis.support.collections.RedisListTests" time="0.001">
    <error message="Could not get a resource from the pool; nested exception is org.jredis.ClientRuntimeException: null reference:{connection on setConnection()} in method JRedisClient.setConnection() [file: JRedisClient.java line:158 - package: org.jredis.ri.alphazero] cause: =&gt; [IllegalArgumentException: null reference:{connection on setConnection()} in method JRedisClient.setConnection() [file: JRedisClient.java line:158 - package: org.jredis.ri.alphazero]]" type="org.springframework.data.redis.connection.PoolException">org.springframework.data.redis.connection.PoolException: Could not get a resource from the pool; nested exception is org.jredis.ClientRuntimeException: null reference:{connection on setConnection()} in method JRedisClient.setConnection() [file: JRedisClient.java line:158 - package: org.jredis.ri.alphazero] cause: => [IllegalArgumentException: null reference:{connection on setConnection()} in method JRedisClient.setConnection() [file: JRedisClient.java line:158 - package: org.jredis.ri.alphazero]]
Caused by: org.jredis.ClientRuntimeException: null reference:{connection on setConnection()} in method JRedisClient.setConnection() [file: JRedisClient.java line:158 - package: org.jredis.ri.alphazero] cause: => [IllegalArgumentException: null reference:{connection on setConnection()} in method JRedisClient.setConnection() [file: JRedisClient.java line:158 - package: org.jredis.ri.alphazero]]
Caused by: java.lang.IllegalArgumentException: null reference:{connection on setConnection()} in method JRedisClient.setConnection() [file: JRedisClient.java line:158 - package: org.jredis.ri.alphazero]
</error>
    <system-err><![CDATA[01475611470642 Tue Oct 04 17:04:30 BRT 2016 JRedis[tid:1] <INFORMAÇÕES>: WARNING: heartbeat is disabled.
01475611470642 Tue Oct 04 17:04:30 BRT 2016 JRedis[tid:1] <ADVERTÊNCIA>: PROBLEM: Shutting down due to connection FAULT: Socket connect failed [cause: java.net.ConnectException: Conexão recusada] -- make sure the server is running at localhost:6379 - Connection: SYNCHRONOUS  localhost/127.0.0.1:6379 db:0 | SyncConnection@1893563925
01475611470642 Tue Oct 04 17:04:30 BRT 2016 JRedis[tid:1] <GRAVE>: Error creating connection -> Socket connect failed [cause: java.net.ConnectException: Conexão recusada] -- make sure the server is running at localhost:6379
01475611470642 Tue Oct 04 17:04:30 BRT 2016 JRedis[tid:1] <INFORMAÇÕES>: WARNING: heartbeat is disabled.
01475611470642 Tue Oct 04 17:04:30 BRT 2016 JRedis[tid:1] <ADVERTÊNCIA>: PROBLEM: Shutting down due to connection FAULT: Socket connect failed [cause: java.net.ConnectException: Conexão recusada] -- make sure the server is running at localhost:6379 - Connection: SYNCHRONOUS  localhost/127.0.0.1:6379 db:0 | SyncConnection@1251967187
01475611470642 Tue Oct 04 17:04:30 BRT 2016 JRedis[tid:1] <GRAVE>: Error creating connection -> Socket connect failed [cause: java.net.ConnectException: Conexão recusada] -- make sure the server is running at localhost:6379
]]></system-err>
  </testcase>
  <testcase name="testSet[13]" classname="org.springframework.data.redis.support.collections.RedisListTests" time="0.001">
    <error message="Could not get a resource from the pool; nested exception is org.jredis.ClientRuntimeException: null reference:{connection on setConnection()} in method JRedisClient.setConnection() [file: JRedisClient.java line:158 - package: org.jredis.ri.alphazero] cause: =&gt; [IllegalArgumentException: null reference:{connection on setConnection()} in method JRedisClient.setConnection() [file: JRedisClient.java line:158 - package: org.jredis.ri.alphazero]]" type="org.springframework.data.redis.connection.PoolException">org.springframework.data.redis.connection.PoolException: Could not get a resource from the pool; nested exception is org.jredis.ClientRuntimeException: null reference:{connection on setConnection()} in method JRedisClient.setConnection() [file: JRedisClient.java line:158 - package: org.jredis.ri.alphazero] cause: => [IllegalArgumentException: null reference:{connection on setConnection()} in method JRedisClient.setConnection() [file: JRedisClient.java line:158 - package: org.jredis.ri.alphazero]]
Caused by: org.jredis.ClientRuntimeException: null reference:{connection on setConnection()} in method JRedisClient.setConnection() [file: JRedisClient.java line:158 - package: org.jredis.ri.alphazero] cause: => [IllegalArgumentException: null reference:{connection on setConnection()} in method JRedisClient.setConnection() [file: JRedisClient.java line:158 - package: org.jredis.ri.alphazero]]
Caused by: java.lang.IllegalArgumentException: null reference:{connection on setConnection()} in method JRedisClient.setConnection() [file: JRedisClient.java line:158 - package: org.jredis.ri.alphazero]
</error>
  </testcase>
  <testcase name="testOffer[13]" classname="org.springframework.data.redis.support.collections.RedisListTests" time="0.001">
    <error message="Could not get a resource from the pool; nested exception is org.jredis.ClientRuntimeException: null reference:{connection on setConnection()} in method JRedisClient.setConnection() [file: JRedisClient.java line:158 - package: org.jredis.ri.alphazero] cause: =&gt; [IllegalArgumentException: null reference:{connection on setConnection()} in method JRedisClient.setConnection() [file: JRedisClient.java line:158 - package: org.jredis.ri.alphazero]]" type="org.springframework.data.redis.connection.PoolException">org.springframework.data.redis.connection.PoolException: Could not get a resource from the pool; nested exception is org.jredis.ClientRuntimeException: null reference:{connection on setConnection()} in method JRedisClient.setConnection() [file: JRedisClient.java line:158 - package: org.jredis.ri.alphazero] cause: => [IllegalArgumentException: null reference:{connection on setConnection()} in method JRedisClient.setConnection() [file: JRedisClient.java line:158 - package: org.jredis.ri.alphazero]]
Caused by: org.jredis.ClientRuntimeException: null reference:{connection on setConnection()} in method JRedisClient.setConnection() [file: JRedisClient.java line:158 - package: org.jredis.ri.alphazero] cause: => [IllegalArgumentException: null reference:{connection on setConnection()} in method JRedisClient.setConnection() [file: JRedisClient.java line:158 - package: org.jredis.ri.alphazero]]
Caused by: java.lang.IllegalArgumentException: null reference:{connection on setConnection()} in method JRedisClient.setConnection() [file: JRedisClient.java line:158 - package: org.jredis.ri.alphazero]
</error>
    <system-err><![CDATA[01475611470643 Tue Oct 04 17:04:30 BRT 2016 JRedis[tid:1] <INFORMAÇÕES>: WARNING: heartbeat is disabled.
01475611470643 Tue Oct 04 17:04:30 BRT 2016 JRedis[tid:1] <ADVERTÊNCIA>: PROBLEM: Shutting down due to connection FAULT: Socket connect failed [cause: java.net.ConnectException: Conexão recusada] -- make sure the server is running at localhost:6379 - Connection: SYNCHRONOUS  localhost/127.0.0.1:6379 db:0 | SyncConnection@901689694
01475611470643 Tue Oct 04 17:04:30 BRT 2016 JRedis[tid:1] <GRAVE>: Error creating connection -> Socket connect failed [cause: java.net.ConnectException: Conexão recusada] -- make sure the server is running at localhost:6379
01475611470643 Tue Oct 04 17:04:30 BRT 2016 JRedis[tid:1] <INFORMAÇÕES>: WARNING: heartbeat is disabled.
01475611470644 Tue Oct 04 17:04:30 BRT 2016 JRedis[tid:1] <ADVERTÊNCIA>: PROBLEM: Shutting down due to connection FAULT: Socket connect failed [cause: java.net.ConnectException: Conexão recusada] -- make sure the server is running at localhost:6379 - Connection: SYNCHRONOUS  localhost/127.0.0.1:6379 db:0 | SyncConnection@1107204185
01475611470644 Tue Oct 04 17:04:30 BRT 2016 JRedis[tid:1] <GRAVE>: Error creating connection -> Socket connect failed [cause: java.net.ConnectException: Conexão recusada] -- make sure the server is running at localhost:6379
]]></system-err>
  </testcase>
  <testcase name="testOffer[13]" classname="org.springframework.data.redis.support.collections.RedisListTests" time="0.001">
    <error message="Could not get a resource from the pool; nested exception is org.jredis.ClientRuntimeException: null reference:{connection on setConnection()} in method JRedisClient.setConnection() [file: JRedisClient.java line:158 - package: org.jredis.ri.alphazero] cause: =&gt; [IllegalArgumentException: null reference:{connection on setConnection()} in method JRedisClient.setConnection() [file: JRedisClient.java line:158 - package: org.jredis.ri.alphazero]]" type="org.springframework.data.redis.connection.PoolException">org.springframework.data.redis.connection.PoolException: Could not get a resource from the pool; nested exception is org.jredis.ClientRuntimeException: null reference:{connection on setConnection()} in method JRedisClient.setConnection() [file: JRedisClient.java line:158 - package: org.jredis.ri.alphazero] cause: => [IllegalArgumentException: null reference:{connection on setConnection()} in method JRedisClient.setConnection() [file: JRedisClient.java line:158 - package: org.jredis.ri.alphazero]]
Caused by: org.jredis.ClientRuntimeException: null reference:{connection on setConnection()} in method JRedisClient.setConnection() [file: JRedisClient.java line:158 - package: org.jredis.ri.alphazero] cause: => [IllegalArgumentException: null reference:{connection on setConnection()} in method JRedisClient.setConnection() [file: JRedisClient.java line:158 - package: org.jredis.ri.alphazero]]
Caused by: java.lang.IllegalArgumentException: null reference:{connection on setConnection()} in method JRedisClient.setConnection() [file: JRedisClient.java line:158 - package: org.jredis.ri.alphazero]
</error>
  </testcase>
  <testcase name="testRange[13]" classname="org.springframework.data.redis.support.collections.RedisListTests" time="0.003">
    <error message="Could not get a resource from the pool; nested exception is org.jredis.ClientRuntimeException: null reference:{connection on setConnection()} in method JRedisClient.setConnection() [file: JRedisClient.java line:158 - package: org.jredis.ri.alphazero] cause: =&gt; [IllegalArgumentException: null reference:{connection on setConnection()} in method JRedisClient.setConnection() [file: JRedisClient.java line:158 - package: org.jredis.ri.alphazero]]" type="org.springframework.data.redis.connection.PoolException">org.springframework.data.redis.connection.PoolException: Could not get a resource from the pool; nested exception is org.jredis.ClientRuntimeException: null reference:{connection on setConnection()} in method JRedisClient.setConnection() [file: JRedisClient.java line:158 - package: org.jredis.ri.alphazero] cause: => [IllegalArgumentException: null reference:{connection on setConnection()} in method JRedisClient.setConnection() [file: JRedisClient.java line:158 - package: org.jredis.ri.alphazero]]
Caused by: org.jredis.ClientRuntimeException: null reference:{connection on setConnection()} in method JRedisClient.setConnection() [file: JRedisClient.java line:158 - package: org.jredis.ri.alphazero] cause: => [IllegalArgumentException: null reference:{connection on setConnection()} in method JRedisClient.setConnection() [file: JRedisClient.java line:158 - package: org.jredis.ri.alphazero]]
Caused by: java.lang.IllegalArgumentException: null reference:{connection on setConnection()} in method JRedisClient.setConnection() [file: JRedisClient.java line:158 - package: org.jredis.ri.alphazero]
</error>
    <system-err><![CDATA[01475611470644 Tue Oct 04 17:04:30 BRT 2016 JRedis[tid:1] <INFORMAÇÕES>: WARNING: heartbeat is disabled.
01475611470644 Tue Oct 04 17:04:30 BRT 2016 JRedis[tid:1] <ADVERTÊNCIA>: PROBLEM: Shutting down due to connection FAULT: Socket connect failed [cause: java.net.ConnectException: Conexão recusada] -- make sure the server is running at localhost:6379 - Connection: SYNCHRONOUS  localhost/127.0.0.1:6379 db:0 | SyncConnection@1523084197
01475611470644 Tue Oct 04 17:04:30 BRT 2016 JRedis[tid:1] <GRAVE>: Error creating connection -> Socket connect failed [cause: java.net.ConnectException: Conexão recusada] -- make sure the server is running at localhost:6379
01475611470645 Tue Oct 04 17:04:30 BRT 2016 JRedis[tid:1] <INFORMAÇÕES>: WARNING: heartbeat is disabled.
01475611470645 Tue Oct 04 17:04:30 BRT 2016 JRedis[tid:1] <ADVERTÊNCIA>: PROBLEM: Shutting down due to connection FAULT: Socket connect failed [cause: java.net.ConnectException: Conexão recusada] -- make sure the server is running at localhost:6379 - Connection: SYNCHRONOUS  localhost/127.0.0.1:6379 db:0 | SyncConnection@1818747191
01475611470647 Tue Oct 04 17:04:30 BRT 2016 JRedis[tid:1] <GRAVE>: Error creating connection -> Socket connect failed [cause: java.net.ConnectException: Conexão recusada] -- make sure the server is running at localhost:6379
]]></system-err>
  </testcase>
  <testcase name="testRange[13]" classname="org.springframework.data.redis.support.collections.RedisListTests" time="0.004">
    <error message="Could not get a resource from the pool; nested exception is org.jredis.ClientRuntimeException: null reference:{connection on setConnection()} in method JRedisClient.setConnection() [file: JRedisClient.java line:158 - package: org.jredis.ri.alphazero] cause: =&gt; [IllegalArgumentException: null reference:{connection on setConnection()} in method JRedisClient.setConnection() [file: JRedisClient.java line:158 - package: org.jredis.ri.alphazero]]" type="org.springframework.data.redis.connection.PoolException">org.springframework.data.redis.connection.PoolException: Could not get a resource from the pool; nested exception is org.jredis.ClientRuntimeException: null reference:{connection on setConnection()} in method JRedisClient.setConnection() [file: JRedisClient.java line:158 - package: org.jredis.ri.alphazero] cause: => [IllegalArgumentException: null reference:{connection on setConnection()} in method JRedisClient.setConnection() [file: JRedisClient.java line:158 - package: org.jredis.ri.alphazero]]
Caused by: org.jredis.ClientRuntimeException: null reference:{connection on setConnection()} in method JRedisClient.setConnection() [file: JRedisClient.java line:158 - package: org.jredis.ri.alphazero] cause: => [IllegalArgumentException: null reference:{connection on setConnection()} in method JRedisClient.setConnection() [file: JRedisClient.java line:158 - package: org.jredis.ri.alphazero]]
Caused by: java.lang.IllegalArgumentException: null reference:{connection on setConnection()} in method JRedisClient.setConnection() [file: JRedisClient.java line:158 - package: org.jredis.ri.alphazero]
</error>
  </testcase>
  <testcase name="testLast[13]" classname="org.springframework.data.redis.support.collections.RedisListTests" time="0.003">
    <error message="Could not get a resource from the pool; nested exception is org.jredis.ClientRuntimeException: null reference:{connection on setConnection()} in method JRedisClient.setConnection() [file: JRedisClient.java line:158 - package: org.jredis.ri.alphazero] cause: =&gt; [IllegalArgumentException: null reference:{connection on setConnection()} in method JRedisClient.setConnection() [file: JRedisClient.java line:158 - package: org.jredis.ri.alphazero]]" type="org.springframework.data.redis.connection.PoolException">org.springframework.data.redis.connection.PoolException: Could not get a resource from the pool; nested exception is org.jredis.ClientRuntimeException: null reference:{connection on setConnection()} in method JRedisClient.setConnection() [file: JRedisClient.java line:158 - package: org.jredis.ri.alphazero] cause: => [IllegalArgumentException: null reference:{connection on setConnection()} in method JRedisClient.setConnection() [file: JRedisClient.java line:158 - package: org.jredis.ri.alphazero]]
Caused by: org.jredis.ClientRuntimeException: null reference:{connection on setConnection()} in method JRedisClient.setConnection() [file: JRedisClient.java line:158 - package: org.jredis.ri.alphazero] cause: => [IllegalArgumentException: null reference:{connection on setConnection()} in method JRedisClient.setConnection() [file: JRedisClient.java line:158 - package: org.jredis.ri.alphazero]]
Caused by: java.lang.IllegalArgumentException: null reference:{connection on setConnection()} in method JRedisClient.setConnection() [file: JRedisClient.java line:158 - package: org.jredis.ri.alphazero]
</error>
    <system-err><![CDATA[01475611470648 Tue Oct 04 17:04:30 BRT 2016 JRedis[tid:1] <INFORMAÇÕES>: WARNING: heartbeat is disabled.
01475611470648 Tue Oct 04 17:04:30 BRT 2016 JRedis[tid:1] <ADVERTÊNCIA>: PROBLEM: Shutting down due to connection FAULT: Socket connect failed [cause: java.net.ConnectException: Conexão recusada] -- make sure the server is running at localhost:6379 - Connection: SYNCHRONOUS  localhost/127.0.0.1:6379 db:0 | SyncConnection@747870628
01475611470648 Tue Oct 04 17:04:30 BRT 2016 JRedis[tid:1] <GRAVE>: Error creating connection -> Socket connect failed [cause: java.net.ConnectException: Conexão recusada] -- make sure the server is running at localhost:6379
01475611470648 Tue Oct 04 17:04:30 BRT 2016 JRedis[tid:1] <INFORMAÇÕES>: WARNING: heartbeat is disabled.
01475611470648 Tue Oct 04 17:04:30 BRT 2016 JRedis[tid:1] <ADVERTÊNCIA>: PROBLEM: Shutting down due to connection FAULT: Socket connect failed [cause: java.net.ConnectException: Conexão recusada] -- make sure the server is running at localhost:6379 - Connection: SYNCHRONOUS  localhost/127.0.0.1:6379 db:0 | SyncConnection@421191743
01475611470648 Tue Oct 04 17:04:30 BRT 2016 JRedis[tid:1] <GRAVE>: Error creating connection -> Socket connect failed [cause: java.net.ConnectException: Conexão recusada] -- make sure the server is running at localhost:6379
]]></system-err>
  </testcase>
  <testcase name="testLast[13]" classname="org.springframework.data.redis.support.collections.RedisListTests" time="0.003">
    <error message="Could not get a resource from the pool; nested exception is org.jredis.ClientRuntimeException: null reference:{connection on setConnection()} in method JRedisClient.setConnection() [file: JRedisClient.java line:158 - package: org.jredis.ri.alphazero] cause: =&gt; [IllegalArgumentException: null reference:{connection on setConnection()} in method JRedisClient.setConnection() [file: JRedisClient.java line:158 - package: org.jredis.ri.alphazero]]" type="org.springframework.data.redis.connection.PoolException">org.springframework.data.redis.connection.PoolException: Could not get a resource from the pool; nested exception is org.jredis.ClientRuntimeException: null reference:{connection on setConnection()} in method JRedisClient.setConnection() [file: JRedisClient.java line:158 - package: org.jredis.ri.alphazero] cause: => [IllegalArgumentException: null reference:{connection on setConnection()} in method JRedisClient.setConnection() [file: JRedisClient.java line:158 - package: org.jredis.ri.alphazero]]
Caused by: org.jredis.ClientRuntimeException: null reference:{connection on setConnection()} in method JRedisClient.setConnection() [file: JRedisClient.java line:158 - package: org.jredis.ri.alphazero] cause: => [IllegalArgumentException: null reference:{connection on setConnection()} in method JRedisClient.setConnection() [file: JRedisClient.java line:158 - package: org.jredis.ri.alphazero]]
Caused by: java.lang.IllegalArgumentException: null reference:{connection on setConnection()} in method JRedisClient.setConnection() [file: JRedisClient.java line:158 - package: org.jredis.ri.alphazero]
</error>
  </testcase>
  <testcase name="testPeek[13]" classname="org.springframework.data.redis.support.collections.RedisListTests" time="0">
    <error message="Could not get a resource from the pool; nested exception is org.jredis.ClientRuntimeException: null reference:{connection on setConnection()} in method JRedisClient.setConnection() [file: JRedisClient.java line:158 - package: org.jredis.ri.alphazero] cause: =&gt; [IllegalArgumentException: null reference:{connection on setConnection()} in method JRedisClient.setConnection() [file: JRedisClient.java line:158 - package: org.jredis.ri.alphazero]]" type="org.springframework.data.redis.connection.PoolException">org.springframework.data.redis.connection.PoolException: Could not get a resource from the pool; nested exception is org.jredis.ClientRuntimeException: null reference:{connection on setConnection()} in method JRedisClient.setConnection() [file: JRedisClient.java line:158 - package: org.jredis.ri.alphazero] cause: => [IllegalArgumentException: null reference:{connection on setConnection()} in method JRedisClient.setConnection() [file: JRedisClient.java line:158 - package: org.jredis.ri.alphazero]]
Caused by: org.jredis.ClientRuntimeException: null reference:{connection on setConnection()} in method JRedisClient.setConnection() [file: JRedisClient.java line:158 - package: org.jredis.ri.alphazero] cause: => [IllegalArgumentException: null reference:{connection on setConnection()} in method JRedisClient.setConnection() [file: JRedisClient.java line:158 - package: org.jredis.ri.alphazero]]
Caused by: java.lang.IllegalArgumentException: null reference:{connection on setConnection()} in method JRedisClient.setConnection() [file: JRedisClient.java line:158 - package: org.jredis.ri.alphazero]
</error>
    <system-err><![CDATA[01475611470649 Tue Oct 04 17:04:30 BRT 2016 JRedis[tid:1] <INFORMAÇÕES>: WARNING: heartbeat is disabled.
01475611470649 Tue Oct 04 17:04:30 BRT 2016 JRedis[tid:1] <ADVERTÊNCIA>: PROBLEM: Shutting down due to connection FAULT: Socket connect failed [cause: java.net.ConnectException: Conexão recusada] -- make sure the server is running at localhost:6379 - Connection: SYNCHRONOUS  localhost/127.0.0.1:6379 db:0 | SyncConnection@9844218
01475611470649 Tue Oct 04 17:04:30 BRT 2016 JRedis[tid:1] <GRAVE>: Error creating connection -> Socket connect failed [cause: java.net.ConnectException: Conexão recusada] -- make sure the server is running at localhost:6379
01475611470649 Tue Oct 04 17:04:30 BRT 2016 JRedis[tid:1] <INFORMAÇÕES>: WARNING: heartbeat is disabled.
01475611470649 Tue Oct 04 17:04:30 BRT 2016 JRedis[tid:1] <ADVERTÊNCIA>: PROBLEM: Shutting down due to connection FAULT: Socket connect failed [cause: java.net.ConnectException: Conexão recusada] -- make sure the server is running at localhost:6379 - Connection: SYNCHRONOUS  localhost/127.0.0.1:6379 db:0 | SyncConnection@1403716230
01475611470649 Tue Oct 04 17:04:30 BRT 2016 JRedis[tid:1] <GRAVE>: Error creating connection -> Socket connect failed [cause: java.net.ConnectException: Conexão recusada] -- make sure the server is running at localhost:6379
]]></system-err>
  </testcase>
  <testcase name="testPeek[13]" classname="org.springframework.data.redis.support.collections.RedisListTests" time="0">
    <error message="Could not get a resource from the pool; nested exception is org.jredis.ClientRuntimeException: null reference:{connection on setConnection()} in method JRedisClient.setConnection() [file: JRedisClient.java line:158 - package: org.jredis.ri.alphazero] cause: =&gt; [IllegalArgumentException: null reference:{connection on setConnection()} in method JRedisClient.setConnection() [file: JRedisClient.java line:158 - package: org.jredis.ri.alphazero]]" type="org.springframework.data.redis.connection.PoolException">org.springframework.data.redis.connection.PoolException: Could not get a resource from the pool; nested exception is org.jredis.ClientRuntimeException: null reference:{connection on setConnection()} in method JRedisClient.setConnection() [file: JRedisClient.java line:158 - package: org.jredis.ri.alphazero] cause: => [IllegalArgumentException: null reference:{connection on setConnection()} in method JRedisClient.setConnection() [file: JRedisClient.java line:158 - package: org.jredis.ri.alphazero]]
Caused by: org.jredis.ClientRuntimeException: null reference:{connection on setConnection()} in method JRedisClient.setConnection() [file: JRedisClient.java line:158 - package: org.jredis.ri.alphazero] cause: => [IllegalArgumentException: null reference:{connection on setConnection()} in method JRedisClient.setConnection() [file: JRedisClient.java line:158 - package: org.jredis.ri.alphazero]]
Caused by: java.lang.IllegalArgumentException: null reference:{connection on setConnection()} in method JRedisClient.setConnection() [file: JRedisClient.java line:158 - package: org.jredis.ri.alphazero]
</error>
  </testcase>
  <testcase name="testPoll[13]" classname="org.springframework.data.redis.support.collections.RedisListTests" time="0">
    <error message="Could not get a resource from the pool; nested exception is org.jredis.ClientRuntimeException: null reference:{connection on setConnection()} in method JRedisClient.setConnection() [file: JRedisClient.java line:158 - package: org.jredis.ri.alphazero] cause: =&gt; [IllegalArgumentException: null reference:{connection on setConnection()} in method JRedisClient.setConnection() [file: JRedisClient.java line:158 - package: org.jredis.ri.alphazero]]" type="org.springframework.data.redis.connection.PoolException">org.springframework.data.redis.connection.PoolException: Could not get a resource from the pool; nested exception is org.jredis.ClientRuntimeException: null reference:{connection on setConnection()} in method JRedisClient.setConnection() [file: JRedisClient.java line:158 - package: org.jredis.ri.alphazero] cause: => [IllegalArgumentException: null reference:{connection on setConnection()} in method JRedisClient.setConnection() [file: JRedisClient.java line:158 - package: org.jredis.ri.alphazero]]
Caused by: org.jredis.ClientRuntimeException: null reference:{connection on setConnection()} in method JRedisClient.setConnection() [file: JRedisClient.java line:158 - package: org.jredis.ri.alphazero] cause: => [IllegalArgumentException: null reference:{connection on setConnection()} in method JRedisClient.setConnection() [file: JRedisClient.java line:158 - package: org.jredis.ri.alphazero]]
Caused by: java.lang.IllegalArgumentException: null reference:{connection on setConnection()} in method JRedisClient.setConnection() [file: JRedisClient.java line:158 - package: org.jredis.ri.alphazero]
</error>
    <system-err><![CDATA[01475611470650 Tue Oct 04 17:04:30 BRT 2016 JRedis[tid:1] <INFORMAÇÕES>: WARNING: heartbeat is disabled.
01475611470650 Tue Oct 04 17:04:30 BRT 2016 JRedis[tid:1] <ADVERTÊNCIA>: PROBLEM: Shutting down due to connection FAULT: Socket connect failed [cause: java.net.ConnectException: Conexão recusada] -- make sure the server is running at localhost:6379 - Connection: SYNCHRONOUS  localhost/127.0.0.1:6379 db:0 | SyncConnection@1673916398
01475611470650 Tue Oct 04 17:04:30 BRT 2016 JRedis[tid:1] <GRAVE>: Error creating connection -> Socket connect failed [cause: java.net.ConnectException: Conexão recusada] -- make sure the server is running at localhost:6379
01475611470650 Tue Oct 04 17:04:30 BRT 2016 JRedis[tid:1] <INFORMAÇÕES>: WARNING: heartbeat is disabled.
01475611470650 Tue Oct 04 17:04:30 BRT 2016 JRedis[tid:1] <ADVERTÊNCIA>: PROBLEM: Shutting down due to connection FAULT: Socket connect failed [cause: java.net.ConnectException: Conexão recusada] -- make sure the server is running at localhost:6379 - Connection: SYNCHRONOUS  localhost/127.0.0.1:6379 db:0 | SyncConnection@756080817
01475611470650 Tue Oct 04 17:04:30 BRT 2016 JRedis[tid:1] <GRAVE>: Error creating connection -> Socket connect failed [cause: java.net.ConnectException: Conexão recusada] -- make sure the server is running at localhost:6379
]]></system-err>
  </testcase>
  <testcase name="testPoll[13]" classname="org.springframework.data.redis.support.collections.RedisListTests" time="0">
    <error message="Could not get a resource from the pool; nested exception is org.jredis.ClientRuntimeException: null reference:{connection on setConnection()} in method JRedisClient.setConnection() [file: JRedisClient.java line:158 - package: org.jredis.ri.alphazero] cause: =&gt; [IllegalArgumentException: null reference:{connection on setConnection()} in method JRedisClient.setConnection() [file: JRedisClient.java line:158 - package: org.jredis.ri.alphazero]]" type="org.springframework.data.redis.connection.PoolException">org.springframework.data.redis.connection.PoolException: Could not get a resource from the pool; nested exception is org.jredis.ClientRuntimeException: null reference:{connection on setConnection()} in method JRedisClient.setConnection() [file: JRedisClient.java line:158 - package: org.jredis.ri.alphazero] cause: => [IllegalArgumentException: null reference:{connection on setConnection()} in method JRedisClient.setConnection() [file: JRedisClient.java line:158 - package: org.jredis.ri.alphazero]]
Caused by: org.jredis.ClientRuntimeException: null reference:{connection on setConnection()} in method JRedisClient.setConnection() [file: JRedisClient.java line:158 - package: org.jredis.ri.alphazero] cause: => [IllegalArgumentException: null reference:{connection on setConnection()} in method JRedisClient.setConnection() [file: JRedisClient.java line:158 - package: org.jredis.ri.alphazero]]
Caused by: java.lang.IllegalArgumentException: null reference:{connection on setConnection()} in method JRedisClient.setConnection() [file: JRedisClient.java line:158 - package: org.jredis.ri.alphazero]
</error>
  </testcase>
  <testcase name="testTake[13]" classname="org.springframework.data.redis.support.collections.RedisListTests" time="0.001">
    <error message="Could not get a resource from the pool; nested exception is org.jredis.ClientRuntimeException: null reference:{connection on setConnection()} in method JRedisClient.setConnection() [file: JRedisClient.java line:158 - package: org.jredis.ri.alphazero] cause: =&gt; [IllegalArgumentException: null reference:{connection on setConnection()} in method JRedisClient.setConnection() [file: JRedisClient.java line:158 - package: org.jredis.ri.alphazero]]" type="org.springframework.data.redis.connection.PoolException">org.springframework.data.redis.connection.PoolException: Could not get a resource from the pool; nested exception is org.jredis.ClientRuntimeException: null reference:{connection on setConnection()} in method JRedisClient.setConnection() [file: JRedisClient.java line:158 - package: org.jredis.ri.alphazero] cause: => [IllegalArgumentException: null reference:{connection on setConnection()} in method JRedisClient.setConnection() [file: JRedisClient.java line:158 - package: org.jredis.ri.alphazero]]
Caused by: org.jredis.ClientRuntimeException: null reference:{connection on setConnection()} in method JRedisClient.setConnection() [file: JRedisClient.java line:158 - package: org.jredis.ri.alphazero] cause: => [IllegalArgumentException: null reference:{connection on setConnection()} in method JRedisClient.setConnection() [file: JRedisClient.java line:158 - package: org.jredis.ri.alphazero]]
Caused by: java.lang.IllegalArgumentException: null reference:{connection on setConnection()} in method JRedisClient.setConnection() [file: JRedisClient.java line:158 - package: org.jredis.ri.alphazero]
</error>
    <system-err><![CDATA[01475611470651 Tue Oct 04 17:04:30 BRT 2016 JRedis[tid:1] <INFORMAÇÕES>: WARNING: heartbeat is disabled.
01475611470651 Tue Oct 04 17:04:30 BRT 2016 JRedis[tid:1] <ADVERTÊNCIA>: PROBLEM: Shutting down due to connection FAULT: Socket connect failed [cause: java.net.ConnectException: Conexão recusada] -- make sure the server is running at localhost:6379 - Connection: SYNCHRONOUS  localhost/127.0.0.1:6379 db:0 | SyncConnection@479734028
01475611470651 Tue Oct 04 17:04:30 BRT 2016 JRedis[tid:1] <GRAVE>: Error creating connection -> Socket connect failed [cause: java.net.ConnectException: Conexão recusada] -- make sure the server is running at localhost:6379
01475611470651 Tue Oct 04 17:04:30 BRT 2016 JRedis[tid:1] <INFORMAÇÕES>: WARNING: heartbeat is disabled.
01475611470651 Tue Oct 04 17:04:30 BRT 2016 JRedis[tid:1] <ADVERTÊNCIA>: PROBLEM: Shutting down due to connection FAULT: Socket connect failed [cause: java.net.ConnectException: Conexão recusada] -- make sure the server is running at localhost:6379 - Connection: SYNCHRONOUS  localhost/127.0.0.1:6379 db:0 | SyncConnection@388802347
01475611470652 Tue Oct 04 17:04:30 BRT 2016 JRedis[tid:1] <GRAVE>: Error creating connection -> Socket connect failed [cause: java.net.ConnectException: Conexão recusada] -- make sure the server is running at localhost:6379
]]></system-err>
  </testcase>
  <testcase name="testTake[13]" classname="org.springframework.data.redis.support.collections.RedisListTests" time="0.001">
    <error message="Could not get a resource from the pool; nested exception is org.jredis.ClientRuntimeException: null reference:{connection on setConnection()} in method JRedisClient.setConnection() [file: JRedisClient.java line:158 - package: org.jredis.ri.alphazero] cause: =&gt; [IllegalArgumentException: null reference:{connection on setConnection()} in method JRedisClient.setConnection() [file: JRedisClient.java line:158 - package: org.jredis.ri.alphazero]]" type="org.springframework.data.redis.connection.PoolException">org.springframework.data.redis.connection.PoolException: Could not get a resource from the pool; nested exception is org.jredis.ClientRuntimeException: null reference:{connection on setConnection()} in method JRedisClient.setConnection() [file: JRedisClient.java line:158 - package: org.jredis.ri.alphazero] cause: => [IllegalArgumentException: null reference:{connection on setConnection()} in method JRedisClient.setConnection() [file: JRedisClient.java line:158 - package: org.jredis.ri.alphazero]]
Caused by: org.jredis.ClientRuntimeException: null reference:{connection on setConnection()} in method JRedisClient.setConnection() [file: JRedisClient.java line:158 - package: org.jredis.ri.alphazero] cause: => [IllegalArgumentException: null reference:{connection on setConnection()} in method JRedisClient.setConnection() [file: JRedisClient.java line:158 - package: org.jredis.ri.alphazero]]
Caused by: java.lang.IllegalArgumentException: null reference:{connection on setConnection()} in method JRedisClient.setConnection() [file: JRedisClient.java line:158 - package: org.jredis.ri.alphazero]
</error>
  </testcase>
  <testcase name="testTrim[13]" classname="org.springframework.data.redis.support.collections.RedisListTests" time="0.001">
    <error message="Could not get a resource from the pool; nested exception is org.jredis.ClientRuntimeException: null reference:{connection on setConnection()} in method JRedisClient.setConnection() [file: JRedisClient.java line:158 - package: org.jredis.ri.alphazero] cause: =&gt; [IllegalArgumentException: null reference:{connection on setConnection()} in method JRedisClient.setConnection() [file: JRedisClient.java line:158 - package: org.jredis.ri.alphazero]]" type="org.springframework.data.redis.connection.PoolException">org.springframework.data.redis.connection.PoolException: Could not get a resource from the pool; nested exception is org.jredis.ClientRuntimeException: null reference:{connection on setConnection()} in method JRedisClient.setConnection() [file: JRedisClient.java line:158 - package: org.jredis.ri.alphazero] cause: => [IllegalArgumentException: null reference:{connection on setConnection()} in method JRedisClient.setConnection() [file: JRedisClient.java line:158 - package: org.jredis.ri.alphazero]]
Caused by: org.jredis.ClientRuntimeException: null reference:{connection on setConnection()} in method JRedisClient.setConnection() [file: JRedisClient.java line:158 - package: org.jredis.ri.alphazero] cause: => [IllegalArgumentException: null reference:{connection on setConnection()} in method JRedisClient.setConnection() [file: JRedisClient.java line:158 - package: org.jredis.ri.alphazero]]
Caused by: java.lang.IllegalArgumentException: null reference:{connection on setConnection()} in method JRedisClient.setConnection() [file: JRedisClient.java line:158 - package: org.jredis.ri.alphazero]
</error>
    <system-err><![CDATA[01475611470652 Tue Oct 04 17:04:30 BRT 2016 JRedis[tid:1] <INFORMAÇÕES>: WARNING: heartbeat is disabled.
01475611470652 Tue Oct 04 17:04:30 BRT 2016 JRedis[tid:1] <ADVERTÊNCIA>: PROBLEM: Shutting down due to connection FAULT: Socket connect failed [cause: java.net.ConnectException: Conexão recusada] -- make sure the server is running at localhost:6379 - Connection: SYNCHRONOUS  localhost/127.0.0.1:6379 db:0 | SyncConnection@1541046463
01475611470652 Tue Oct 04 17:04:30 BRT 2016 JRedis[tid:1] <GRAVE>: Error creating connection -> Socket connect failed [cause: java.net.ConnectException: Conexão recusada] -- make sure the server is running at localhost:6379
01475611470653 Tue Oct 04 17:04:30 BRT 2016 JRedis[tid:1] <INFORMAÇÕES>: WARNING: heartbeat is disabled.
01475611470653 Tue Oct 04 17:04:30 BRT 2016 JRedis[tid:1] <ADVERTÊNCIA>: PROBLEM: Shutting down due to connection FAULT: Socket connect failed [cause: java.net.ConnectException: Conexão recusada] -- make sure the server is running at localhost:6379 - Connection: SYNCHRONOUS  localhost/127.0.0.1:6379 db:0 | SyncConnection@1910896157
01475611470653 Tue Oct 04 17:04:30 BRT 2016 JRedis[tid:1] <GRAVE>: Error creating connection -> Socket connect failed [cause: java.net.ConnectException: Conexão recusada] -- make sure the server is running at localhost:6379
]]></system-err>
  </testcase>
  <testcase name="testTrim[13]" classname="org.springframework.data.redis.support.collections.RedisListTests" time="0.002">
    <error message="Could not get a resource from the pool; nested exception is org.jredis.ClientRuntimeException: null reference:{connection on setConnection()} in method JRedisClient.setConnection() [file: JRedisClient.java line:158 - package: org.jredis.ri.alphazero] cause: =&gt; [IllegalArgumentException: null reference:{connection on setConnection()} in method JRedisClient.setConnection() [file: JRedisClient.java line:158 - package: org.jredis.ri.alphazero]]" type="org.springframework.data.redis.connection.PoolException">org.springframework.data.redis.connection.PoolException: Could not get a resource from the pool; nested exception is org.jredis.ClientRuntimeException: null reference:{connection on setConnection()} in method JRedisClient.setConnection() [file: JRedisClient.java line:158 - package: org.jredis.ri.alphazero] cause: => [IllegalArgumentException: null reference:{connection on setConnection()} in method JRedisClient.setConnection() [file: JRedisClient.java line:158 - package: org.jredis.ri.alphazero]]
Caused by: org.jredis.ClientRuntimeException: null reference:{connection on setConnection()} in method JRedisClient.setConnection() [file: JRedisClient.java line:158 - package: org.jredis.ri.alphazero] cause: => [IllegalArgumentException: null reference:{connection on setConnection()} in method JRedisClient.setConnection() [file: JRedisClient.java line:158 - package: org.jredis.ri.alphazero]]
Caused by: java.lang.IllegalArgumentException: null reference:{connection on setConnection()} in method JRedisClient.setConnection() [file: JRedisClient.java line:158 - package: org.jredis.ri.alphazero]
</error>
  </testcase>
  <testcase name="testDrainToCollection[13]" classname="org.springframework.data.redis.support.collections.RedisListTests" time="0.001">
    <error message="Could not get a resource from the pool; nested exception is org.jredis.ClientRuntimeException: null reference:{connection on setConnection()} in method JRedisClient.setConnection() [file: JRedisClient.java line:158 - package: org.jredis.ri.alphazero] cause: =&gt; [IllegalArgumentException: null reference:{connection on setConnection()} in method JRedisClient.setConnection() [file: JRedisClient.java line:158 - package: org.jredis.ri.alphazero]]" type="org.springframework.data.redis.connection.PoolException">org.springframework.data.redis.connection.PoolException: Could not get a resource from the pool; nested exception is org.jredis.ClientRuntimeException: null reference:{connection on setConnection()} in method JRedisClient.setConnection() [file: JRedisClient.java line:158 - package: org.jredis.ri.alphazero] cause: => [IllegalArgumentException: null reference:{connection on setConnection()} in method JRedisClient.setConnection() [file: JRedisClient.java line:158 - package: org.jredis.ri.alphazero]]
Caused by: org.jredis.ClientRuntimeException: null reference:{connection on setConnection()} in method JRedisClient.setConnection() [file: JRedisClient.java line:158 - package: org.jredis.ri.alphazero] cause: => [IllegalArgumentException: null reference:{connection on setConnection()} in method JRedisClient.setConnection() [file: JRedisClient.java line:158 - package: org.jredis.ri.alphazero]]
Caused by: java.lang.IllegalArgumentException: null reference:{connection on setConnection()} in method JRedisClient.setConnection() [file: JRedisClient.java line:158 - package: org.jredis.ri.alphazero]
</error>
    <system-err><![CDATA[01475611470654 Tue Oct 04 17:04:30 BRT 2016 JRedis[tid:1] <INFORMAÇÕES>: WARNING: heartbeat is disabled.
01475611470654 Tue Oct 04 17:04:30 BRT 2016 JRedis[tid:1] <ADVERTÊNCIA>: PROBLEM: Shutting down due to connection FAULT: Socket connect failed [cause: java.net.ConnectException: Conexão recusada] -- make sure the server is running at localhost:6379 - Connection: SYNCHRONOUS  localhost/127.0.0.1:6379 db:0 | SyncConnection@753426788
01475611470654 Tue Oct 04 17:04:30 BRT 2016 JRedis[tid:1] <GRAVE>: Error creating connection -> Socket connect failed [cause: java.net.ConnectException: Conexão recusada] -- make sure the server is running at localhost:6379
01475611470654 Tue Oct 04 17:04:30 BRT 2016 JRedis[tid:1] <INFORMAÇÕES>: WARNING: heartbeat is disabled.
01475611470655 Tue Oct 04 17:04:30 BRT 2016 JRedis[tid:1] <ADVERTÊNCIA>: PROBLEM: Shutting down due to connection FAULT: Socket connect failed [cause: java.net.ConnectException: Conexão recusada] -- make sure the server is running at localhost:6379 - Connection: SYNCHRONOUS  localhost/127.0.0.1:6379 db:0 | SyncConnection@1586470445
01475611470655 Tue Oct 04 17:04:30 BRT 2016 JRedis[tid:1] <GRAVE>: Error creating connection -> Socket connect failed [cause: java.net.ConnectException: Conexão recusada] -- make sure the server is running at localhost:6379
]]></system-err>
  </testcase>
  <testcase name="testDrainToCollection[13]" classname="org.springframework.data.redis.support.collections.RedisListTests" time="0.001">
    <error message="Could not get a resource from the pool; nested exception is org.jredis.ClientRuntimeException: null reference:{connection on setConnection()} in method JRedisClient.setConnection() [file: JRedisClient.java line:158 - package: org.jredis.ri.alphazero] cause: =&gt; [IllegalArgumentException: null reference:{connection on setConnection()} in method JRedisClient.setConnection() [file: JRedisClient.java line:158 - package: org.jredis.ri.alphazero]]" type="org.springframework.data.redis.connection.PoolException">org.springframework.data.redis.connection.PoolException: Could not get a resource from the pool; nested exception is org.jredis.ClientRuntimeException: null reference:{connection on setConnection()} in method JRedisClient.setConnection() [file: JRedisClient.java line:158 - package: org.jredis.ri.alphazero] cause: => [IllegalArgumentException: null reference:{connection on setConnection()} in method JRedisClient.setConnection() [file: JRedisClient.java line:158 - package: org.jredis.ri.alphazero]]
Caused by: org.jredis.ClientRuntimeException: null reference:{connection on setConnection()} in method JRedisClient.setConnection() [file: JRedisClient.java line:158 - package: org.jredis.ri.alphazero] cause: => [IllegalArgumentException: null reference:{connection on setConnection()} in method JRedisClient.setConnection() [file: JRedisClient.java line:158 - package: org.jredis.ri.alphazero]]
Caused by: java.lang.IllegalArgumentException: null reference:{connection on setConnection()} in method JRedisClient.setConnection() [file: JRedisClient.java line:158 - package: org.jredis.ri.alphazero]
</error>
  </testcase>
  <testcase name="testRemoveFirst[13]" classname="org.springframework.data.redis.support.collections.RedisListTests" time="0.001">
    <error message="Could not get a resource from the pool; nested exception is org.jredis.ClientRuntimeException: null reference:{connection on setConnection()} in method JRedisClient.setConnection() [file: JRedisClient.java line:158 - package: org.jredis.ri.alphazero] cause: =&gt; [IllegalArgumentException: null reference:{connection on setConnection()} in method JRedisClient.setConnection() [file: JRedisClient.java line:158 - package: org.jredis.ri.alphazero]]" type="org.springframework.data.redis.connection.PoolException">org.springframework.data.redis.connection.PoolException: Could not get a resource from the pool; nested exception is org.jredis.ClientRuntimeException: null reference:{connection on setConnection()} in method JRedisClient.setConnection() [file: JRedisClient.java line:158 - package: org.jredis.ri.alphazero] cause: => [IllegalArgumentException: null reference:{connection on setConnection()} in method JRedisClient.setConnection() [file: JRedisClient.java line:158 - package: org.jredis.ri.alphazero]]
Caused by: org.jredis.ClientRuntimeException: null reference:{connection on setConnection()} in method JRedisClient.setConnection() [file: JRedisClient.java line:158 - package: org.jredis.ri.alphazero] cause: => [IllegalArgumentException: null reference:{connection on setConnection()} in method JRedisClient.setConnection() [file: JRedisClient.java line:158 - package: org.jredis.ri.alphazero]]
Caused by: java.lang.IllegalArgumentException: null reference:{connection on setConnection()} in method JRedisClient.setConnection() [file: JRedisClient.java line:158 - package: org.jredis.ri.alphazero]
</error>
    <system-err><![CDATA[01475611470655 Tue Oct 04 17:04:30 BRT 2016 JRedis[tid:1] <INFORMAÇÕES>: WARNING: heartbeat is disabled.
01475611470656 Tue Oct 04 17:04:30 BRT 2016 JRedis[tid:1] <ADVERTÊNCIA>: PROBLEM: Shutting down due to connection FAULT: Socket connect failed [cause: java.net.ConnectException: Conexão recusada] -- make sure the server is running at localhost:6379 - Connection: SYNCHRONOUS  localhost/127.0.0.1:6379 db:0 | SyncConnection@1373577787
01475611470656 Tue Oct 04 17:04:30 BRT 2016 JRedis[tid:1] <GRAVE>: Error creating connection -> Socket connect failed [cause: java.net.ConnectException: Conexão recusada] -- make sure the server is running at localhost:6379
01475611470656 Tue Oct 04 17:04:30 BRT 2016 JRedis[tid:1] <INFORMAÇÕES>: WARNING: heartbeat is disabled.
01475611470656 Tue Oct 04 17:04:30 BRT 2016 JRedis[tid:1] <ADVERTÊNCIA>: PROBLEM: Shutting down due to connection FAULT: Socket connect failed [cause: java.net.ConnectException: Conexão recusada] -- make sure the server is running at localhost:6379 - Connection: SYNCHRONOUS  localhost/127.0.0.1:6379 db:0 | SyncConnection@265577219
01475611470656 Tue Oct 04 17:04:30 BRT 2016 JRedis[tid:1] <GRAVE>: Error creating connection -> Socket connect failed [cause: java.net.ConnectException: Conexão recusada] -- make sure the server is running at localhost:6379
]]></system-err>
  </testcase>
  <testcase name="testRemoveFirst[13]" classname="org.springframework.data.redis.support.collections.RedisListTests" time="0.002">
    <error message="Could not get a resource from the pool; nested exception is org.jredis.ClientRuntimeException: null reference:{connection on setConnection()} in method JRedisClient.setConnection() [file: JRedisClient.java line:158 - package: org.jredis.ri.alphazero] cause: =&gt; [IllegalArgumentException: null reference:{connection on setConnection()} in method JRedisClient.setConnection() [file: JRedisClient.java line:158 - package: org.jredis.ri.alphazero]]" type="org.springframework.data.redis.connection.PoolException">org.springframework.data.redis.connection.PoolException: Could not get a resource from the pool; nested exception is org.jredis.ClientRuntimeException: null reference:{connection on setConnection()} in method JRedisClient.setConnection() [file: JRedisClient.java line:158 - package: org.jredis.ri.alphazero] cause: => [IllegalArgumentException: null reference:{connection on setConnection()} in method JRedisClient.setConnection() [file: JRedisClient.java line:158 - package: org.jredis.ri.alphazero]]
Caused by: org.jredis.ClientRuntimeException: null reference:{connection on setConnection()} in method JRedisClient.setConnection() [file: JRedisClient.java line:158 - package: org.jredis.ri.alphazero] cause: => [IllegalArgumentException: null reference:{connection on setConnection()} in method JRedisClient.setConnection() [file: JRedisClient.java line:158 - package: org.jredis.ri.alphazero]]
Caused by: java.lang.IllegalArgumentException: null reference:{connection on setConnection()} in method JRedisClient.setConnection() [file: JRedisClient.java line:158 - package: org.jredis.ri.alphazero]
</error>
  </testcase>
  <testcase name="testRemoveIndex[13]" classname="org.springframework.data.redis.support.collections.RedisListTests" time="0">
    <error message="Could not get a resource from the pool; nested exception is org.jredis.ClientRuntimeException: null reference:{connection on setConnection()} in method JRedisClient.setConnection() [file: JRedisClient.java line:158 - package: org.jredis.ri.alphazero] cause: =&gt; [IllegalArgumentException: null reference:{connection on setConnection()} in method JRedisClient.setConnection() [file: JRedisClient.java line:158 - package: org.jredis.ri.alphazero]]" type="org.springframework.data.redis.connection.PoolException">org.springframework.data.redis.connection.PoolException: Could not get a resource from the pool; nested exception is org.jredis.ClientRuntimeException: null reference:{connection on setConnection()} in method JRedisClient.setConnection() [file: JRedisClient.java line:158 - package: org.jredis.ri.alphazero] cause: => [IllegalArgumentException: null reference:{connection on setConnection()} in method JRedisClient.setConnection() [file: JRedisClient.java line:158 - package: org.jredis.ri.alphazero]]
Caused by: org.jredis.ClientRuntimeException: null reference:{connection on setConnection()} in method JRedisClient.setConnection() [file: JRedisClient.java line:158 - package: org.jredis.ri.alphazero] cause: => [IllegalArgumentException: null reference:{connection on setConnection()} in method JRedisClient.setConnection() [file: JRedisClient.java line:158 - package: org.jredis.ri.alphazero]]
Caused by: java.lang.IllegalArgumentException: null reference:{connection on setConnection()} in method JRedisClient.setConnection() [file: JRedisClient.java line:158 - package: org.jredis.ri.alphazero]
</error>
    <system-err><![CDATA[01475611470657 Tue Oct 04 17:04:30 BRT 2016 JRedis[tid:1] <INFORMAÇÕES>: WARNING: heartbeat is disabled.
01475611470657 Tue Oct 04 17:04:30 BRT 2016 JRedis[tid:1] <ADVERTÊNCIA>: PROBLEM: Shutting down due to connection FAULT: Socket connect failed [cause: java.net.ConnectException: Conexão recusada] -- make sure the server is running at localhost:6379 - Connection: SYNCHRONOUS  localhost/127.0.0.1:6379 db:0 | SyncConnection@1624817884
01475611470657 Tue Oct 04 17:04:30 BRT 2016 JRedis[tid:1] <GRAVE>: Error creating connection -> Socket connect failed [cause: java.net.ConnectException: Conexão recusada] -- make sure the server is running at localhost:6379
]]></system-err>
  </testcase>
  <testcase name="testPutLast[13]" classname="org.springframework.data.redis.support.collections.RedisListTests" time="0.002">
    <error message="Could not get a resource from the pool; nested exception is org.jredis.ClientRuntimeException: null reference:{connection on setConnection()} in method JRedisClient.setConnection() [file: JRedisClient.java line:158 - package: org.jredis.ri.alphazero] cause: =&gt; [IllegalArgumentException: null reference:{connection on setConnection()} in method JRedisClient.setConnection() [file: JRedisClient.java line:158 - package: org.jredis.ri.alphazero]]" type="org.springframework.data.redis.connection.PoolException">org.springframework.data.redis.connection.PoolException: Could not get a resource from the pool; nested exception is org.jredis.ClientRuntimeException: null reference:{connection on setConnection()} in method JRedisClient.setConnection() [file: JRedisClient.java line:158 - package: org.jredis.ri.alphazero] cause: => [IllegalArgumentException: null reference:{connection on setConnection()} in method JRedisClient.setConnection() [file: JRedisClient.java line:158 - package: org.jredis.ri.alphazero]]
Caused by: org.jredis.ClientRuntimeException: null reference:{connection on setConnection()} in method JRedisClient.setConnection() [file: JRedisClient.java line:158 - package: org.jredis.ri.alphazero] cause: => [IllegalArgumentException: null reference:{connection on setConnection()} in method JRedisClient.setConnection() [file: JRedisClient.java line:158 - package: org.jredis.ri.alphazero]]
Caused by: java.lang.IllegalArgumentException: null reference:{connection on setConnection()} in method JRedisClient.setConnection() [file: JRedisClient.java line:158 - package: org.jredis.ri.alphazero]
</error>
    <system-err><![CDATA[01475611470658 Tue Oct 04 17:04:30 BRT 2016 JRedis[tid:1] <INFORMAÇÕES>: WARNING: heartbeat is disabled.
01475611470658 Tue Oct 04 17:04:30 BRT 2016 JRedis[tid:1] <ADVERTÊNCIA>: PROBLEM: Shutting down due to connection FAULT: Socket connect failed [cause: java.net.ConnectException: Conexão recusada] -- make sure the server is running at localhost:6379 - Connection: SYNCHRONOUS  localhost/127.0.0.1:6379 db:0 | SyncConnection@1107579932
01475611470658 Tue Oct 04 17:04:30 BRT 2016 JRedis[tid:1] <GRAVE>: Error creating connection -> Socket connect failed [cause: java.net.ConnectException: Conexão recusada] -- make sure the server is running at localhost:6379
01475611470658 Tue Oct 04 17:04:30 BRT 2016 JRedis[tid:1] <INFORMAÇÕES>: WARNING: heartbeat is disabled.
01475611470658 Tue Oct 04 17:04:30 BRT 2016 JRedis[tid:1] <ADVERTÊNCIA>: PROBLEM: Shutting down due to connection FAULT: Socket connect failed [cause: java.net.ConnectException: Conexão recusada] -- make sure the server is running at localhost:6379 - Connection: SYNCHRONOUS  localhost/127.0.0.1:6379 db:0 | SyncConnection@1784834205
01475611470658 Tue Oct 04 17:04:30 BRT 2016 JRedis[tid:1] <GRAVE>: Error creating connection -> Socket connect failed [cause: java.net.ConnectException: Conexão recusada] -- make sure the server is running at localhost:6379
]]></system-err>
  </testcase>
  <testcase name="testPutLast[13]" classname="org.springframework.data.redis.support.collections.RedisListTests" time="0.002">
    <error message="Could not get a resource from the pool; nested exception is org.jredis.ClientRuntimeException: null reference:{connection on setConnection()} in method JRedisClient.setConnection() [file: JRedisClient.java line:158 - package: org.jredis.ri.alphazero] cause: =&gt; [IllegalArgumentException: null reference:{connection on setConnection()} in method JRedisClient.setConnection() [file: JRedisClient.java line:158 - package: org.jredis.ri.alphazero]]" type="org.springframework.data.redis.connection.PoolException">org.springframework.data.redis.connection.PoolException: Could not get a resource from the pool; nested exception is org.jredis.ClientRuntimeException: null reference:{connection on setConnection()} in method JRedisClient.setConnection() [file: JRedisClient.java line:158 - package: org.jredis.ri.alphazero] cause: => [IllegalArgumentException: null reference:{connection on setConnection()} in method JRedisClient.setConnection() [file: JRedisClient.java line:158 - package: org.jredis.ri.alphazero]]
Caused by: org.jredis.ClientRuntimeException: null reference:{connection on setConnection()} in method JRedisClient.setConnection() [file: JRedisClient.java line:158 - package: org.jredis.ri.alphazero] cause: => [IllegalArgumentException: null reference:{connection on setConnection()} in method JRedisClient.setConnection() [file: JRedisClient.java line:158 - package: org.jredis.ri.alphazero]]
Caused by: java.lang.IllegalArgumentException: null reference:{connection on setConnection()} in method JRedisClient.setConnection() [file: JRedisClient.java line:158 - package: org.jredis.ri.alphazero]
</error>
  </testcase>
  <testcase name="testOfferFirst[13]" classname="org.springframework.data.redis.support.collections.RedisListTests" time="0.002">
    <error message="Could not get a resource from the pool; nested exception is org.jredis.ClientRuntimeException: null reference:{connection on setConnection()} in method JRedisClient.setConnection() [file: JRedisClient.java line:158 - package: org.jredis.ri.alphazero] cause: =&gt; [IllegalArgumentException: null reference:{connection on setConnection()} in method JRedisClient.setConnection() [file: JRedisClient.java line:158 - package: org.jredis.ri.alphazero]]" type="org.springframework.data.redis.connection.PoolException">org.springframework.data.redis.connection.PoolException: Could not get a resource from the pool; nested exception is org.jredis.ClientRuntimeException: null reference:{connection on setConnection()} in method JRedisClient.setConnection() [file: JRedisClient.java line:158 - package: org.jredis.ri.alphazero] cause: => [IllegalArgumentException: null reference:{connection on setConnection()} in method JRedisClient.setConnection() [file: JRedisClient.java line:158 - package: org.jredis.ri.alphazero]]
Caused by: org.jredis.ClientRuntimeException: null reference:{connection on setConnection()} in method JRedisClient.setConnection() [file: JRedisClient.java line:158 - package: org.jredis.ri.alphazero] cause: => [IllegalArgumentException: null reference:{connection on setConnection()} in method JRedisClient.setConnection() [file: JRedisClient.java line:158 - package: org.jredis.ri.alphazero]]
Caused by: java.lang.IllegalArgumentException: null reference:{connection on setConnection()} in method JRedisClient.setConnection() [file: JRedisClient.java line:158 - package: org.jredis.ri.alphazero]
</error>
    <system-err><![CDATA[01475611470659 Tue Oct 04 17:04:30 BRT 2016 JRedis[tid:1] <INFORMAÇÕES>: WARNING: heartbeat is disabled.
01475611470660 Tue Oct 04 17:04:30 BRT 2016 JRedis[tid:1] <ADVERTÊNCIA>: PROBLEM: Shutting down due to connection FAULT: Socket connect failed [cause: java.net.ConnectException: Conexão recusada] -- make sure the server is running at localhost:6379 - Connection: SYNCHRONOUS  localhost/127.0.0.1:6379 db:0 | SyncConnection@1174586025
01475611470660 Tue Oct 04 17:04:30 BRT 2016 JRedis[tid:1] <GRAVE>: Error creating connection -> Socket connect failed [cause: java.net.ConnectException: Conexão recusada] -- make sure the server is running at localhost:6379
01475611470660 Tue Oct 04 17:04:30 BRT 2016 JRedis[tid:1] <INFORMAÇÕES>: WARNING: heartbeat is disabled.
01475611470660 Tue Oct 04 17:04:30 BRT 2016 JRedis[tid:1] <ADVERTÊNCIA>: PROBLEM: Shutting down due to connection FAULT: Socket connect failed [cause: java.net.ConnectException: Conexão recusada] -- make sure the server is running at localhost:6379 - Connection: SYNCHRONOUS  localhost/127.0.0.1:6379 db:0 | SyncConnection@1627010197
01475611470660 Tue Oct 04 17:04:30 BRT 2016 JRedis[tid:1] <GRAVE>: Error creating connection -> Socket connect failed [cause: java.net.ConnectException: Conexão recusada] -- make sure the server is running at localhost:6379
]]></system-err>
  </testcase>
  <testcase name="testOfferFirst[13]" classname="org.springframework.data.redis.support.collections.RedisListTests" time="0.002">
    <error message="Could not get a resource from the pool; nested exception is org.jredis.ClientRuntimeException: null reference:{connection on setConnection()} in method JRedisClient.setConnection() [file: JRedisClient.java line:158 - package: org.jredis.ri.alphazero] cause: =&gt; [IllegalArgumentException: null reference:{connection on setConnection()} in method JRedisClient.setConnection() [file: JRedisClient.java line:158 - package: org.jredis.ri.alphazero]]" type="org.springframework.data.redis.connection.PoolException">org.springframework.data.redis.connection.PoolException: Could not get a resource from the pool; nested exception is org.jredis.ClientRuntimeException: null reference:{connection on setConnection()} in method JRedisClient.setConnection() [file: JRedisClient.java line:158 - package: org.jredis.ri.alphazero] cause: => [IllegalArgumentException: null reference:{connection on setConnection()} in method JRedisClient.setConnection() [file: JRedisClient.java line:158 - package: org.jredis.ri.alphazero]]
Caused by: org.jredis.ClientRuntimeException: null reference:{connection on setConnection()} in method JRedisClient.setConnection() [file: JRedisClient.java line:158 - package: org.jredis.ri.alphazero] cause: => [IllegalArgumentException: null reference:{connection on setConnection()} in method JRedisClient.setConnection() [file: JRedisClient.java line:158 - package: org.jredis.ri.alphazero]]
Caused by: java.lang.IllegalArgumentException: null reference:{connection on setConnection()} in method JRedisClient.setConnection() [file: JRedisClient.java line:158 - package: org.jredis.ri.alphazero]
</error>
  </testcase>
  <testcase name="testDescendingIterator[13]" classname="org.springframework.data.redis.support.collections.RedisListTests" time="0.001">
    <error message="Could not get a resource from the pool; nested exception is org.jredis.ClientRuntimeException: null reference:{connection on setConnection()} in method JRedisClient.setConnection() [file: JRedisClient.java line:158 - package: org.jredis.ri.alphazero] cause: =&gt; [IllegalArgumentException: null reference:{connection on setConnection()} in method JRedisClient.setConnection() [file: JRedisClient.java line:158 - package: org.jredis.ri.alphazero]]" type="org.springframework.data.redis.connection.PoolException">org.springframework.data.redis.connection.PoolException: Could not get a resource from the pool; nested exception is org.jredis.ClientRuntimeException: null reference:{connection on setConnection()} in method JRedisClient.setConnection() [file: JRedisClient.java line:158 - package: org.jredis.ri.alphazero] cause: => [IllegalArgumentException: null reference:{connection on setConnection()} in method JRedisClient.setConnection() [file: JRedisClient.java line:158 - package: org.jredis.ri.alphazero]]
Caused by: org.jredis.ClientRuntimeException: null reference:{connection on setConnection()} in method JRedisClient.setConnection() [file: JRedisClient.java line:158 - package: org.jredis.ri.alphazero] cause: => [IllegalArgumentException: null reference:{connection on setConnection()} in method JRedisClient.setConnection() [file: JRedisClient.java line:158 - package: org.jredis.ri.alphazero]]
Caused by: java.lang.IllegalArgumentException: null reference:{connection on setConnection()} in method JRedisClient.setConnection() [file: JRedisClient.java line:158 - package: org.jredis.ri.alphazero]
</error>
    <system-err><![CDATA[01475611470661 Tue Oct 04 17:04:30 BRT 2016 JRedis[tid:1] <INFORMAÇÕES>: WARNING: heartbeat is disabled.
01475611470661 Tue Oct 04 17:04:30 BRT 2016 JRedis[tid:1] <ADVERTÊNCIA>: PROBLEM: Shutting down due to connection FAULT: Socket connect failed [cause: java.net.ConnectException: Conexão recusada] -- make sure the server is running at localhost:6379 - Connection: SYNCHRONOUS  localhost/127.0.0.1:6379 db:0 | SyncConnection@4073506
01475611470662 Tue Oct 04 17:04:30 BRT 2016 JRedis[tid:1] <GRAVE>: Error creating connection -> Socket connect failed [cause: java.net.ConnectException: Conexão recusada] -- make sure the server is running at localhost:6379
01475611470662 Tue Oct 04 17:04:30 BRT 2016 JRedis[tid:1] <INFORMAÇÕES>: WARNING: heartbeat is disabled.
01475611470662 Tue Oct 04 17:04:30 BRT 2016 JRedis[tid:1] <ADVERTÊNCIA>: PROBLEM: Shutting down due to connection FAULT: Socket connect failed [cause: java.net.ConnectException: Conexão recusada] -- make sure the server is running at localhost:6379 - Connection: SYNCHRONOUS  localhost/127.0.0.1:6379 db:0 | SyncConnection@2044825144
01475611470662 Tue Oct 04 17:04:30 BRT 2016 JRedis[tid:1] <GRAVE>: Error creating connection -> Socket connect failed [cause: java.net.ConnectException: Conexão recusada] -- make sure the server is running at localhost:6379
]]></system-err>
  </testcase>
  <testcase name="testDescendingIterator[13]" classname="org.springframework.data.redis.support.collections.RedisListTests" time="0.002">
    <error message="Could not get a resource from the pool; nested exception is org.jredis.ClientRuntimeException: null reference:{connection on setConnection()} in method JRedisClient.setConnection() [file: JRedisClient.java line:158 - package: org.jredis.ri.alphazero] cause: =&gt; [IllegalArgumentException: null reference:{connection on setConnection()} in method JRedisClient.setConnection() [file: JRedisClient.java line:158 - package: org.jredis.ri.alphazero]]" type="org.springframework.data.redis.connection.PoolException">org.springframework.data.redis.connection.PoolException: Could not get a resource from the pool; nested exception is org.jredis.ClientRuntimeException: null reference:{connection on setConnection()} in method JRedisClient.setConnection() [file: JRedisClient.java line:158 - package: org.jredis.ri.alphazero] cause: => [IllegalArgumentException: null reference:{connection on setConnection()} in method JRedisClient.setConnection() [file: JRedisClient.java line:158 - package: org.jredis.ri.alphazero]]
Caused by: org.jredis.ClientRuntimeException: null reference:{connection on setConnection()} in method JRedisClient.setConnection() [file: JRedisClient.java line:158 - package: org.jredis.ri.alphazero] cause: => [IllegalArgumentException: null reference:{connection on setConnection()} in method JRedisClient.setConnection() [file: JRedisClient.java line:158 - package: org.jredis.ri.alphazero]]
Caused by: java.lang.IllegalArgumentException: null reference:{connection on setConnection()} in method JRedisClient.setConnection() [file: JRedisClient.java line:158 - package: org.jredis.ri.alphazero]
</error>
  </testcase>
  <testcase name="testAddFirst[13]" classname="org.springframework.data.redis.support.collections.RedisListTests" time="0.001">
    <error message="Could not get a resource from the pool; nested exception is org.jredis.ClientRuntimeException: null reference:{connection on setConnection()} in method JRedisClient.setConnection() [file: JRedisClient.java line:158 - package: org.jredis.ri.alphazero] cause: =&gt; [IllegalArgumentException: null reference:{connection on setConnection()} in method JRedisClient.setConnection() [file: JRedisClient.java line:158 - package: org.jredis.ri.alphazero]]" type="org.springframework.data.redis.connection.PoolException">org.springframework.data.redis.connection.PoolException: Could not get a resource from the pool; nested exception is org.jredis.ClientRuntimeException: null reference:{connection on setConnection()} in method JRedisClient.setConnection() [file: JRedisClient.java line:158 - package: org.jredis.ri.alphazero] cause: => [IllegalArgumentException: null reference:{connection on setConnection()} in method JRedisClient.setConnection() [file: JRedisClient.java line:158 - package: org.jredis.ri.alphazero]]
Caused by: org.jredis.ClientRuntimeException: null reference:{connection on setConnection()} in method JRedisClient.setConnection() [file: JRedisClient.java line:158 - package: org.jredis.ri.alphazero] cause: => [IllegalArgumentException: null reference:{connection on setConnection()} in method JRedisClient.setConnection() [file: JRedisClient.java line:158 - package: org.jredis.ri.alphazero]]
Caused by: java.lang.IllegalArgumentException: null reference:{connection on setConnection()} in method JRedisClient.setConnection() [file: JRedisClient.java line:158 - package: org.jredis.ri.alphazero]
</error>
    <system-err><![CDATA[01475611470663 Tue Oct 04 17:04:30 BRT 2016 JRedis[tid:1] <INFORMAÇÕES>: WARNING: heartbeat is disabled.
01475611470663 Tue Oct 04 17:04:30 BRT 2016 JRedis[tid:1] <ADVERTÊNCIA>: PROBLEM: Shutting down due to connection FAULT: Socket connect failed [cause: java.net.ConnectException: Conexão recusada] -- make sure the server is running at localhost:6379 - Connection: SYNCHRONOUS  localhost/127.0.0.1:6379 db:0 | SyncConnection@698747943
01475611470663 Tue Oct 04 17:04:30 BRT 2016 JRedis[tid:1] <GRAVE>: Error creating connection -> Socket connect failed [cause: java.net.ConnectException: Conexão recusada] -- make sure the server is running at localhost:6379
01475611470664 Tue Oct 04 17:04:30 BRT 2016 JRedis[tid:1] <INFORMAÇÕES>: WARNING: heartbeat is disabled.
01475611470664 Tue Oct 04 17:04:30 BRT 2016 JRedis[tid:1] <ADVERTÊNCIA>: PROBLEM: Shutting down due to connection FAULT: Socket connect failed [cause: java.net.ConnectException: Conexão recusada] -- make sure the server is running at localhost:6379 - Connection: SYNCHRONOUS  localhost/127.0.0.1:6379 db:0 | SyncConnection@407493402
01475611470664 Tue Oct 04 17:04:30 BRT 2016 JRedis[tid:1] <GRAVE>: Error creating connection -> Socket connect failed [cause: java.net.ConnectException: Conexão recusada] -- make sure the server is running at localhost:6379
]]></system-err>
  </testcase>
  <testcase name="testAddFirst[13]" classname="org.springframework.data.redis.support.collections.RedisListTests" time="0.001">
    <error message="Could not get a resource from the pool; nested exception is org.jredis.ClientRuntimeException: null reference:{connection on setConnection()} in method JRedisClient.setConnection() [file: JRedisClient.java line:158 - package: org.jredis.ri.alphazero] cause: =&gt; [IllegalArgumentException: null reference:{connection on setConnection()} in method JRedisClient.setConnection() [file: JRedisClient.java line:158 - package: org.jredis.ri.alphazero]]" type="org.springframework.data.redis.connection.PoolException">org.springframework.data.redis.connection.PoolException: Could not get a resource from the pool; nested exception is org.jredis.ClientRuntimeException: null reference:{connection on setConnection()} in method JRedisClient.setConnection() [file: JRedisClient.java line:158 - package: org.jredis.ri.alphazero] cause: => [IllegalArgumentException: null reference:{connection on setConnection()} in method JRedisClient.setConnection() [file: JRedisClient.java line:158 - package: org.jredis.ri.alphazero]]
Caused by: org.jredis.ClientRuntimeException: null reference:{connection on setConnection()} in method JRedisClient.setConnection() [file: JRedisClient.java line:158 - package: org.jredis.ri.alphazero] cause: => [IllegalArgumentException: null reference:{connection on setConnection()} in method JRedisClient.setConnection() [file: JRedisClient.java line:158 - package: org.jredis.ri.alphazero]]
Caused by: java.lang.IllegalArgumentException: null reference:{connection on setConnection()} in method JRedisClient.setConnection() [file: JRedisClient.java line:158 - package: org.jredis.ri.alphazero]
</error>
  </testcase>
  <testcase name="testDrainToCollectionWithMaxElements[13]" classname="org.springframework.data.redis.support.collections.RedisListTests" time="0.001">
    <error message="Could not get a resource from the pool; nested exception is org.jredis.ClientRuntimeException: null reference:{connection on setConnection()} in method JRedisClient.setConnection() [file: JRedisClient.java line:158 - package: org.jredis.ri.alphazero] cause: =&gt; [IllegalArgumentException: null reference:{connection on setConnection()} in method JRedisClient.setConnection() [file: JRedisClient.java line:158 - package: org.jredis.ri.alphazero]]" type="org.springframework.data.redis.connection.PoolException">org.springframework.data.redis.connection.PoolException: Could not get a resource from the pool; nested exception is org.jredis.ClientRuntimeException: null reference:{connection on setConnection()} in method JRedisClient.setConnection() [file: JRedisClient.java line:158 - package: org.jredis.ri.alphazero] cause: => [IllegalArgumentException: null reference:{connection on setConnection()} in method JRedisClient.setConnection() [file: JRedisClient.java line:158 - package: org.jredis.ri.alphazero]]
Caused by: org.jredis.ClientRuntimeException: null reference:{connection on setConnection()} in method JRedisClient.setConnection() [file: JRedisClient.java line:158 - package: org.jredis.ri.alphazero] cause: => [IllegalArgumentException: null reference:{connection on setConnection()} in method JRedisClient.setConnection() [file: JRedisClient.java line:158 - package: org.jredis.ri.alphazero]]
Caused by: java.lang.IllegalArgumentException: null reference:{connection on setConnection()} in method JRedisClient.setConnection() [file: JRedisClient.java line:158 - package: org.jredis.ri.alphazero]
</error>
    <system-err><![CDATA[01475611470665 Tue Oct 04 17:04:30 BRT 2016 JRedis[tid:1] <INFORMAÇÕES>: WARNING: heartbeat is disabled.
01475611470665 Tue Oct 04 17:04:30 BRT 2016 JRedis[tid:1] <ADVERTÊNCIA>: PROBLEM: Shutting down due to connection FAULT: Socket connect failed [cause: java.net.ConnectException: Conexão recusada] -- make sure the server is running at localhost:6379 - Connection: SYNCHRONOUS  localhost/127.0.0.1:6379 db:0 | SyncConnection@1774690057
01475611470665 Tue Oct 04 17:04:30 BRT 2016 JRedis[tid:1] <GRAVE>: Error creating connection -> Socket connect failed [cause: java.net.ConnectException: Conexão recusada] -- make sure the server is running at localhost:6379
01475611470665 Tue Oct 04 17:04:30 BRT 2016 JRedis[tid:1] <INFORMAÇÕES>: WARNING: heartbeat is disabled.
01475611470665 Tue Oct 04 17:04:30 BRT 2016 JRedis[tid:1] <ADVERTÊNCIA>: PROBLEM: Shutting down due to connection FAULT: Socket connect failed [cause: java.net.ConnectException: Conexão recusada] -- make sure the server is running at localhost:6379 - Connection: SYNCHRONOUS  localhost/127.0.0.1:6379 db:0 | SyncConnection@480402503
01475611470666 Tue Oct 04 17:04:30 BRT 2016 JRedis[tid:1] <GRAVE>: Error creating connection -> Socket connect failed [cause: java.net.ConnectException: Conexão recusada] -- make sure the server is running at localhost:6379
]]></system-err>
  </testcase>
  <testcase name="testDrainToCollectionWithMaxElements[13]" classname="org.springframework.data.redis.support.collections.RedisListTests" time="0.001">
    <error message="Could not get a resource from the pool; nested exception is org.jredis.ClientRuntimeException: null reference:{connection on setConnection()} in method JRedisClient.setConnection() [file: JRedisClient.java line:158 - package: org.jredis.ri.alphazero] cause: =&gt; [IllegalArgumentException: null reference:{connection on setConnection()} in method JRedisClient.setConnection() [file: JRedisClient.java line:158 - package: org.jredis.ri.alphazero]]" type="org.springframework.data.redis.connection.PoolException">org.springframework.data.redis.connection.PoolException: Could not get a resource from the pool; nested exception is org.jredis.ClientRuntimeException: null reference:{connection on setConnection()} in method JRedisClient.setConnection() [file: JRedisClient.java line:158 - package: org.jredis.ri.alphazero] cause: => [IllegalArgumentException: null reference:{connection on setConnection()} in method JRedisClient.setConnection() [file: JRedisClient.java line:158 - package: org.jredis.ri.alphazero]]
Caused by: org.jredis.ClientRuntimeException: null reference:{connection on setConnection()} in method JRedisClient.setConnection() [file: JRedisClient.java line:158 - package: org.jredis.ri.alphazero] cause: => [IllegalArgumentException: null reference:{connection on setConnection()} in method JRedisClient.setConnection() [file: JRedisClient.java line:158 - package: org.jredis.ri.alphazero]]
Caused by: java.lang.IllegalArgumentException: null reference:{connection on setConnection()} in method JRedisClient.setConnection() [file: JRedisClient.java line:158 - package: org.jredis.ri.alphazero]
</error>
  </testcase>
  <testcase name="testTakeLast[13]" classname="org.springframework.data.redis.support.collections.RedisListTests" time="0.002">
    <error message="Could not get a resource from the pool; nested exception is org.jredis.ClientRuntimeException: null reference:{connection on setConnection()} in method JRedisClient.setConnection() [file: JRedisClient.java line:158 - package: org.jredis.ri.alphazero] cause: =&gt; [IllegalArgumentException: null reference:{connection on setConnection()} in method JRedisClient.setConnection() [file: JRedisClient.java line:158 - package: org.jredis.ri.alphazero]]" type="org.springframework.data.redis.connection.PoolException">org.springframework.data.redis.connection.PoolException: Could not get a resource from the pool; nested exception is org.jredis.ClientRuntimeException: null reference:{connection on setConnection()} in method JRedisClient.setConnection() [file: JRedisClient.java line:158 - package: org.jredis.ri.alphazero] cause: => [IllegalArgumentException: null reference:{connection on setConnection()} in method JRedisClient.setConnection() [file: JRedisClient.java line:158 - package: org.jredis.ri.alphazero]]
Caused by: org.jredis.ClientRuntimeException: null reference:{connection on setConnection()} in method JRedisClient.setConnection() [file: JRedisClient.java line:158 - package: org.jredis.ri.alphazero] cause: => [IllegalArgumentException: null reference:{connection on setConnection()} in method JRedisClient.setConnection() [file: JRedisClient.java line:158 - package: org.jredis.ri.alphazero]]
Caused by: java.lang.IllegalArgumentException: null reference:{connection on setConnection()} in method JRedisClient.setConnection() [file: JRedisClient.java line:158 - package: org.jredis.ri.alphazero]
</error>
    <system-err><![CDATA[01475611470666 Tue Oct 04 17:04:30 BRT 2016 JRedis[tid:1] <INFORMAÇÕES>: WARNING: heartbeat is disabled.
01475611470667 Tue Oct 04 17:04:30 BRT 2016 JRedis[tid:1] <ADVERTÊNCIA>: PROBLEM: Shutting down due to connection FAULT: Socket connect failed [cause: java.net.ConnectException: Conexão recusada] -- make sure the server is running at localhost:6379 - Connection: SYNCHRONOUS  localhost/127.0.0.1:6379 db:0 | SyncConnection@100445376
01475611470667 Tue Oct 04 17:04:30 BRT 2016 JRedis[tid:1] <GRAVE>: Error creating connection -> Socket connect failed [cause: java.net.ConnectException: Conexão recusada] -- make sure the server is running at localhost:6379
01475611470667 Tue Oct 04 17:04:30 BRT 2016 JRedis[tid:1] <INFORMAÇÕES>: WARNING: heartbeat is disabled.
01475611470667 Tue Oct 04 17:04:30 BRT 2016 JRedis[tid:1] <ADVERTÊNCIA>: PROBLEM: Shutting down due to connection FAULT: Socket connect failed [cause: java.net.ConnectException: Conexão recusada] -- make sure the server is running at localhost:6379 - Connection: SYNCHRONOUS  localhost/127.0.0.1:6379 db:0 | SyncConnection@1396385390
01475611470667 Tue Oct 04 17:04:30 BRT 2016 JRedis[tid:1] <GRAVE>: Error creating connection -> Socket connect failed [cause: java.net.ConnectException: Conexão recusada] -- make sure the server is running at localhost:6379
]]></system-err>
  </testcase>
  <testcase name="testTakeLast[13]" classname="org.springframework.data.redis.support.collections.RedisListTests" time="0.002">
    <error message="Could not get a resource from the pool; nested exception is org.jredis.ClientRuntimeException: null reference:{connection on setConnection()} in method JRedisClient.setConnection() [file: JRedisClient.java line:158 - package: org.jredis.ri.alphazero] cause: =&gt; [IllegalArgumentException: null reference:{connection on setConnection()} in method JRedisClient.setConnection() [file: JRedisClient.java line:158 - package: org.jredis.ri.alphazero]]" type="org.springframework.data.redis.connection.PoolException">org.springframework.data.redis.connection.PoolException: Could not get a resource from the pool; nested exception is org.jredis.ClientRuntimeException: null reference:{connection on setConnection()} in method JRedisClient.setConnection() [file: JRedisClient.java line:158 - package: org.jredis.ri.alphazero] cause: => [IllegalArgumentException: null reference:{connection on setConnection()} in method JRedisClient.setConnection() [file: JRedisClient.java line:158 - package: org.jredis.ri.alphazero]]
Caused by: org.jredis.ClientRuntimeException: null reference:{connection on setConnection()} in method JRedisClient.setConnection() [file: JRedisClient.java line:158 - package: org.jredis.ri.alphazero] cause: => [IllegalArgumentException: null reference:{connection on setConnection()} in method JRedisClient.setConnection() [file: JRedisClient.java line:158 - package: org.jredis.ri.alphazero]]
Caused by: java.lang.IllegalArgumentException: null reference:{connection on setConnection()} in method JRedisClient.setConnection() [file: JRedisClient.java line:158 - package: org.jredis.ri.alphazero]
</error>
  </testcase>
  <testcase name="testRemainingCapacity[13]" classname="org.springframework.data.redis.support.collections.RedisListTests" time="0.001">
    <error message="Could not get a resource from the pool; nested exception is org.jredis.ClientRuntimeException: null reference:{connection on setConnection()} in method JRedisClient.setConnection() [file: JRedisClient.java line:158 - package: org.jredis.ri.alphazero] cause: =&gt; [IllegalArgumentException: null reference:{connection on setConnection()} in method JRedisClient.setConnection() [file: JRedisClient.java line:158 - package: org.jredis.ri.alphazero]]" type="org.springframework.data.redis.connection.PoolException">org.springframework.data.redis.connection.PoolException: Could not get a resource from the pool; nested exception is org.jredis.ClientRuntimeException: null reference:{connection on setConnection()} in method JRedisClient.setConnection() [file: JRedisClient.java line:158 - package: org.jredis.ri.alphazero] cause: => [IllegalArgumentException: null reference:{connection on setConnection()} in method JRedisClient.setConnection() [file: JRedisClient.java line:158 - package: org.jredis.ri.alphazero]]
Caused by: org.jredis.ClientRuntimeException: null reference:{connection on setConnection()} in method JRedisClient.setConnection() [file: JRedisClient.java line:158 - package: org.jredis.ri.alphazero] cause: => [IllegalArgumentException: null reference:{connection on setConnection()} in method JRedisClient.setConnection() [file: JRedisClient.java line:158 - package: org.jredis.ri.alphazero]]
Caused by: java.lang.IllegalArgumentException: null reference:{connection on setConnection()} in method JRedisClient.setConnection() [file: JRedisClient.java line:158 - package: org.jredis.ri.alphazero]
</error>
    <system-err><![CDATA[01475611470668 Tue Oct 04 17:04:30 BRT 2016 JRedis[tid:1] <INFORMAÇÕES>: WARNING: heartbeat is disabled.
01475611470668 Tue Oct 04 17:04:30 BRT 2016 JRedis[tid:1] <ADVERTÊNCIA>: PROBLEM: Shutting down due to connection FAULT: Socket connect failed [cause: java.net.ConnectException: Conexão recusada] -- make sure the server is running at localhost:6379 - Connection: SYNCHRONOUS  localhost/127.0.0.1:6379 db:0 | SyncConnection@114414807
01475611470668 Tue Oct 04 17:04:30 BRT 2016 JRedis[tid:1] <GRAVE>: Error creating connection -> Socket connect failed [cause: java.net.ConnectException: Conexão recusada] -- make sure the server is running at localhost:6379
]]></system-err>
  </testcase>
  <testcase name="testRemoveLast[13]" classname="org.springframework.data.redis.support.collections.RedisListTests" time="0.001">
    <error message="Could not get a resource from the pool; nested exception is org.jredis.ClientRuntimeException: null reference:{connection on setConnection()} in method JRedisClient.setConnection() [file: JRedisClient.java line:158 - package: org.jredis.ri.alphazero] cause: =&gt; [IllegalArgumentException: null reference:{connection on setConnection()} in method JRedisClient.setConnection() [file: JRedisClient.java line:158 - package: org.jredis.ri.alphazero]]" type="org.springframework.data.redis.connection.PoolException">org.springframework.data.redis.connection.PoolException: Could not get a resource from the pool; nested exception is org.jredis.ClientRuntimeException: null reference:{connection on setConnection()} in method JRedisClient.setConnection() [file: JRedisClient.java line:158 - package: org.jredis.ri.alphazero] cause: => [IllegalArgumentException: null reference:{connection on setConnection()} in method JRedisClient.setConnection() [file: JRedisClient.java line:158 - package: org.jredis.ri.alphazero]]
Caused by: org.jredis.ClientRuntimeException: null reference:{connection on setConnection()} in method JRedisClient.setConnection() [file: JRedisClient.java line:158 - package: org.jredis.ri.alphazero] cause: => [IllegalArgumentException: null reference:{connection on setConnection()} in method JRedisClient.setConnection() [file: JRedisClient.java line:158 - package: org.jredis.ri.alphazero]]
Caused by: java.lang.IllegalArgumentException: null reference:{connection on setConnection()} in method JRedisClient.setConnection() [file: JRedisClient.java line:158 - package: org.jredis.ri.alphazero]
</error>
    <system-err><![CDATA[01475611470669 Tue Oct 04 17:04:30 BRT 2016 JRedis[tid:1] <INFORMAÇÕES>: WARNING: heartbeat is disabled.
01475611470669 Tue Oct 04 17:04:30 BRT 2016 JRedis[tid:1] <ADVERTÊNCIA>: PROBLEM: Shutting down due to connection FAULT: Socket connect failed [cause: java.net.ConnectException: Conexão recusada] -- make sure the server is running at localhost:6379 - Connection: SYNCHRONOUS  localhost/127.0.0.1:6379 db:0 | SyncConnection@144699438
01475611470669 Tue Oct 04 17:04:30 BRT 2016 JRedis[tid:1] <GRAVE>: Error creating connection -> Socket connect failed [cause: java.net.ConnectException: Conexão recusada] -- make sure the server is running at localhost:6379
01475611470669 Tue Oct 04 17:04:30 BRT 2016 JRedis[tid:1] <INFORMAÇÕES>: WARNING: heartbeat is disabled.
01475611470670 Tue Oct 04 17:04:30 BRT 2016 JRedis[tid:1] <ADVERTÊNCIA>: PROBLEM: Shutting down due to connection FAULT: Socket connect failed [cause: java.net.ConnectException: Conexão recusada] -- make sure the server is running at localhost:6379 - Connection: SYNCHRONOUS  localhost/127.0.0.1:6379 db:0 | SyncConnection@1751500625
01475611470670 Tue Oct 04 17:04:30 BRT 2016 JRedis[tid:1] <GRAVE>: Error creating connection -> Socket connect failed [cause: java.net.ConnectException: Conexão recusada] -- make sure the server is running at localhost:6379
]]></system-err>
  </testcase>
  <testcase name="testRemoveLast[13]" classname="org.springframework.data.redis.support.collections.RedisListTests" time="0.001">
    <error message="Could not get a resource from the pool; nested exception is org.jredis.ClientRuntimeException: null reference:{connection on setConnection()} in method JRedisClient.setConnection() [file: JRedisClient.java line:158 - package: org.jredis.ri.alphazero] cause: =&gt; [IllegalArgumentException: null reference:{connection on setConnection()} in method JRedisClient.setConnection() [file: JRedisClient.java line:158 - package: org.jredis.ri.alphazero]]" type="org.springframework.data.redis.connection.PoolException">org.springframework.data.redis.connection.PoolException: Could not get a resource from the pool; nested exception is org.jredis.ClientRuntimeException: null reference:{connection on setConnection()} in method JRedisClient.setConnection() [file: JRedisClient.java line:158 - package: org.jredis.ri.alphazero] cause: => [IllegalArgumentException: null reference:{connection on setConnection()} in method JRedisClient.setConnection() [file: JRedisClient.java line:158 - package: org.jredis.ri.alphazero]]
Caused by: org.jredis.ClientRuntimeException: null reference:{connection on setConnection()} in method JRedisClient.setConnection() [file: JRedisClient.java line:158 - package: org.jredis.ri.alphazero] cause: => [IllegalArgumentException: null reference:{connection on setConnection()} in method JRedisClient.setConnection() [file: JRedisClient.java line:158 - package: org.jredis.ri.alphazero]]
Caused by: java.lang.IllegalArgumentException: null reference:{connection on setConnection()} in method JRedisClient.setConnection() [file: JRedisClient.java line:158 - package: org.jredis.ri.alphazero]
</error>
  </testcase>
  <testcase name="testAddIndexObjectHead[13]" classname="org.springframework.data.redis.support.collections.RedisListTests" time="0.002">
    <error message="Could not get a resource from the pool; nested exception is org.jredis.ClientRuntimeException: null reference:{connection on setConnection()} in method JRedisClient.setConnection() [file: JRedisClient.java line:158 - package: org.jredis.ri.alphazero] cause: =&gt; [IllegalArgumentException: null reference:{connection on setConnection()} in method JRedisClient.setConnection() [file: JRedisClient.java line:158 - package: org.jredis.ri.alphazero]]" type="org.springframework.data.redis.connection.PoolException">org.springframework.data.redis.connection.PoolException: Could not get a resource from the pool; nested exception is org.jredis.ClientRuntimeException: null reference:{connection on setConnection()} in method JRedisClient.setConnection() [file: JRedisClient.java line:158 - package: org.jredis.ri.alphazero] cause: => [IllegalArgumentException: null reference:{connection on setConnection()} in method JRedisClient.setConnection() [file: JRedisClient.java line:158 - package: org.jredis.ri.alphazero]]
Caused by: org.jredis.ClientRuntimeException: null reference:{connection on setConnection()} in method JRedisClient.setConnection() [file: JRedisClient.java line:158 - package: org.jredis.ri.alphazero] cause: => [IllegalArgumentException: null reference:{connection on setConnection()} in method JRedisClient.setConnection() [file: JRedisClient.java line:158 - package: org.jredis.ri.alphazero]]
Caused by: java.lang.IllegalArgumentException: null reference:{connection on setConnection()} in method JRedisClient.setConnection() [file: JRedisClient.java line:158 - package: org.jredis.ri.alphazero]
</error>
    <system-err><![CDATA[01475611470671 Tue Oct 04 17:04:30 BRT 2016 JRedis[tid:1] <INFORMAÇÕES>: WARNING: heartbeat is disabled.
01475611470671 Tue Oct 04 17:04:30 BRT 2016 JRedis[tid:1] <ADVERTÊNCIA>: PROBLEM: Shutting down due to connection FAULT: Socket connect failed [cause: java.net.ConnectException: Conexão recusada] -- make sure the server is running at localhost:6379 - Connection: SYNCHRONOUS  localhost/127.0.0.1:6379 db:0 | SyncConnection@1650955365
01475611470671 Tue Oct 04 17:04:30 BRT 2016 JRedis[tid:1] <GRAVE>: Error creating connection -> Socket connect failed [cause: java.net.ConnectException: Conexão recusada] -- make sure the server is running at localhost:6379
01475611470671 Tue Oct 04 17:04:30 BRT 2016 JRedis[tid:1] <INFORMAÇÕES>: WARNING: heartbeat is disabled.
01475611470671 Tue Oct 04 17:04:30 BRT 2016 JRedis[tid:1] <ADVERTÊNCIA>: PROBLEM: Shutting down due to connection FAULT: Socket connect failed [cause: java.net.ConnectException: Conexão recusada] -- make sure the server is running at localhost:6379 - Connection: SYNCHRONOUS  localhost/127.0.0.1:6379 db:0 | SyncConnection@1788380050
01475611470672 Tue Oct 04 17:04:30 BRT 2016 JRedis[tid:1] <GRAVE>: Error creating connection -> Socket connect failed [cause: java.net.ConnectException: Conexão recusada] -- make sure the server is running at localhost:6379
]]></system-err>
  </testcase>
  <testcase name="testAddIndexObjectHead[13]" classname="org.springframework.data.redis.support.collections.RedisListTests" time="0.002">
    <error message="Could not get a resource from the pool; nested exception is org.jredis.ClientRuntimeException: null reference:{connection on setConnection()} in method JRedisClient.setConnection() [file: JRedisClient.java line:158 - package: org.jredis.ri.alphazero] cause: =&gt; [IllegalArgumentException: null reference:{connection on setConnection()} in method JRedisClient.setConnection() [file: JRedisClient.java line:158 - package: org.jredis.ri.alphazero]]" type="org.springframework.data.redis.connection.PoolException">org.springframework.data.redis.connection.PoolException: Could not get a resource from the pool; nested exception is org.jredis.ClientRuntimeException: null reference:{connection on setConnection()} in method JRedisClient.setConnection() [file: JRedisClient.java line:158 - package: org.jredis.ri.alphazero] cause: => [IllegalArgumentException: null reference:{connection on setConnection()} in method JRedisClient.setConnection() [file: JRedisClient.java line:158 - package: org.jredis.ri.alphazero]]
Caused by: org.jredis.ClientRuntimeException: null reference:{connection on setConnection()} in method JRedisClient.setConnection() [file: JRedisClient.java line:158 - package: org.jredis.ri.alphazero] cause: => [IllegalArgumentException: null reference:{connection on setConnection()} in method JRedisClient.setConnection() [file: JRedisClient.java line:158 - package: org.jredis.ri.alphazero]]
Caused by: java.lang.IllegalArgumentException: null reference:{connection on setConnection()} in method JRedisClient.setConnection() [file: JRedisClient.java line:158 - package: org.jredis.ri.alphazero]
</error>
  </testcase>
  <testcase name="testAddIndexObjectTail[13]" classname="org.springframework.data.redis.support.collections.RedisListTests" time="0.002">
    <error message="Could not get a resource from the pool; nested exception is org.jredis.ClientRuntimeException: null reference:{connection on setConnection()} in method JRedisClient.setConnection() [file: JRedisClient.java line:158 - package: org.jredis.ri.alphazero] cause: =&gt; [IllegalArgumentException: null reference:{connection on setConnection()} in method JRedisClient.setConnection() [file: JRedisClient.java line:158 - package: org.jredis.ri.alphazero]]" type="org.springframework.data.redis.connection.PoolException">org.springframework.data.redis.connection.PoolException: Could not get a resource from the pool; nested exception is org.jredis.ClientRuntimeException: null reference:{connection on setConnection()} in method JRedisClient.setConnection() [file: JRedisClient.java line:158 - package: org.jredis.ri.alphazero] cause: => [IllegalArgumentException: null reference:{connection on setConnection()} in method JRedisClient.setConnection() [file: JRedisClient.java line:158 - package: org.jredis.ri.alphazero]]
Caused by: org.jredis.ClientRuntimeException: null reference:{connection on setConnection()} in method JRedisClient.setConnection() [file: JRedisClient.java line:158 - package: org.jredis.ri.alphazero] cause: => [IllegalArgumentException: null reference:{connection on setConnection()} in method JRedisClient.setConnection() [file: JRedisClient.java line:158 - package: org.jredis.ri.alphazero]]
Caused by: java.lang.IllegalArgumentException: null reference:{connection on setConnection()} in method JRedisClient.setConnection() [file: JRedisClient.java line:158 - package: org.jredis.ri.alphazero]
</error>
    <system-err><![CDATA[01475611470672 Tue Oct 04 17:04:30 BRT 2016 JRedis[tid:1] <INFORMAÇÕES>: WARNING: heartbeat is disabled.
01475611470673 Tue Oct 04 17:04:30 BRT 2016 JRedis[tid:1] <ADVERTÊNCIA>: PROBLEM: Shutting down due to connection FAULT: Socket connect failed [cause: java.net.ConnectException: Conexão recusada] -- make sure the server is running at localhost:6379 - Connection: SYNCHRONOUS  localhost/127.0.0.1:6379 db:0 | SyncConnection@493944943
01475611470673 Tue Oct 04 17:04:30 BRT 2016 JRedis[tid:1] <GRAVE>: Error creating connection -> Socket connect failed [cause: java.net.ConnectException: Conexão recusada] -- make sure the server is running at localhost:6379
01475611470673 Tue Oct 04 17:04:30 BRT 2016 JRedis[tid:1] <INFORMAÇÕES>: WARNING: heartbeat is disabled.
01475611470673 Tue Oct 04 17:04:30 BRT 2016 JRedis[tid:1] <ADVERTÊNCIA>: PROBLEM: Shutting down due to connection FAULT: Socket connect failed [cause: java.net.ConnectException: Conexão recusada] -- make sure the server is running at localhost:6379 - Connection: SYNCHRONOUS  localhost/127.0.0.1:6379 db:0 | SyncConnection@1533547487
01475611470673 Tue Oct 04 17:04:30 BRT 2016 JRedis[tid:1] <GRAVE>: Error creating connection -> Socket connect failed [cause: java.net.ConnectException: Conexão recusada] -- make sure the server is running at localhost:6379
]]></system-err>
  </testcase>
  <testcase name="testAddIndexObjectTail[13]" classname="org.springframework.data.redis.support.collections.RedisListTests" time="0.002">
    <error message="Could not get a resource from the pool; nested exception is org.jredis.ClientRuntimeException: null reference:{connection on setConnection()} in method JRedisClient.setConnection() [file: JRedisClient.java line:158 - package: org.jredis.ri.alphazero] cause: =&gt; [IllegalArgumentException: null reference:{connection on setConnection()} in method JRedisClient.setConnection() [file: JRedisClient.java line:158 - package: org.jredis.ri.alphazero]]" type="org.springframework.data.redis.connection.PoolException">org.springframework.data.redis.connection.PoolException: Could not get a resource from the pool; nested exception is org.jredis.ClientRuntimeException: null reference:{connection on setConnection()} in method JRedisClient.setConnection() [file: JRedisClient.java line:158 - package: org.jredis.ri.alphazero] cause: => [IllegalArgumentException: null reference:{connection on setConnection()} in method JRedisClient.setConnection() [file: JRedisClient.java line:158 - package: org.jredis.ri.alphazero]]
Caused by: org.jredis.ClientRuntimeException: null reference:{connection on setConnection()} in method JRedisClient.setConnection() [file: JRedisClient.java line:158 - package: org.jredis.ri.alphazero] cause: => [IllegalArgumentException: null reference:{connection on setConnection()} in method JRedisClient.setConnection() [file: JRedisClient.java line:158 - package: org.jredis.ri.alphazero]]
Caused by: java.lang.IllegalArgumentException: null reference:{connection on setConnection()} in method JRedisClient.setConnection() [file: JRedisClient.java line:158 - package: org.jredis.ri.alphazero]
</error>
  </testcase>
  <testcase name="testPollFirst[13]" classname="org.springframework.data.redis.support.collections.RedisListTests" time="0.001">
    <error message="Could not get a resource from the pool; nested exception is org.jredis.ClientRuntimeException: null reference:{connection on setConnection()} in method JRedisClient.setConnection() [file: JRedisClient.java line:158 - package: org.jredis.ri.alphazero] cause: =&gt; [IllegalArgumentException: null reference:{connection on setConnection()} in method JRedisClient.setConnection() [file: JRedisClient.java line:158 - package: org.jredis.ri.alphazero]]" type="org.springframework.data.redis.connection.PoolException">org.springframework.data.redis.connection.PoolException: Could not get a resource from the pool; nested exception is org.jredis.ClientRuntimeException: null reference:{connection on setConnection()} in method JRedisClient.setConnection() [file: JRedisClient.java line:158 - package: org.jredis.ri.alphazero] cause: => [IllegalArgumentException: null reference:{connection on setConnection()} in method JRedisClient.setConnection() [file: JRedisClient.java line:158 - package: org.jredis.ri.alphazero]]
Caused by: org.jredis.ClientRuntimeException: null reference:{connection on setConnection()} in method JRedisClient.setConnection() [file: JRedisClient.java line:158 - package: org.jredis.ri.alphazero] cause: => [IllegalArgumentException: null reference:{connection on setConnection()} in method JRedisClient.setConnection() [file: JRedisClient.java line:158 - package: org.jredis.ri.alphazero]]
Caused by: java.lang.IllegalArgumentException: null reference:{connection on setConnection()} in method JRedisClient.setConnection() [file: JRedisClient.java line:158 - package: org.jredis.ri.alphazero]
</error>
    <system-err><![CDATA[01475611470674 Tue Oct 04 17:04:30 BRT 2016 JRedis[tid:1] <INFORMAÇÕES>: WARNING: heartbeat is disabled.
01475611470674 Tue Oct 04 17:04:30 BRT 2016 JRedis[tid:1] <ADVERTÊNCIA>: PROBLEM: Shutting down due to connection FAULT: Socket connect failed [cause: java.net.ConnectException: Conexão recusada] -- make sure the server is running at localhost:6379 - Connection: SYNCHRONOUS  localhost/127.0.0.1:6379 db:0 | SyncConnection@99770475
01475611470674 Tue Oct 04 17:04:30 BRT 2016 JRedis[tid:1] <GRAVE>: Error creating connection -> Socket connect failed [cause: java.net.ConnectException: Conexão recusada] -- make sure the server is running at localhost:6379
01475611470674 Tue Oct 04 17:04:30 BRT 2016 JRedis[tid:1] <INFORMAÇÕES>: WARNING: heartbeat is disabled.
01475611470675 Tue Oct 04 17:04:30 BRT 2016 JRedis[tid:1] <ADVERTÊNCIA>: PROBLEM: Shutting down due to connection FAULT: Socket connect failed [cause: java.net.ConnectException: Conexão recusada] -- make sure the server is running at localhost:6379 - Connection: SYNCHRONOUS  localhost/127.0.0.1:6379 db:0 | SyncConnection@727250772
01475611470675 Tue Oct 04 17:04:30 BRT 2016 JRedis[tid:1] <GRAVE>: Error creating connection -> Socket connect failed [cause: java.net.ConnectException: Conexão recusada] -- make sure the server is running at localhost:6379
]]></system-err>
  </testcase>
  <testcase name="testPollFirst[13]" classname="org.springframework.data.redis.support.collections.RedisListTests" time="0.001">
    <error message="Could not get a resource from the pool; nested exception is org.jredis.ClientRuntimeException: null reference:{connection on setConnection()} in method JRedisClient.setConnection() [file: JRedisClient.java line:158 - package: org.jredis.ri.alphazero] cause: =&gt; [IllegalArgumentException: null reference:{connection on setConnection()} in method JRedisClient.setConnection() [file: JRedisClient.java line:158 - package: org.jredis.ri.alphazero]]" type="org.springframework.data.redis.connection.PoolException">org.springframework.data.redis.connection.PoolException: Could not get a resource from the pool; nested exception is org.jredis.ClientRuntimeException: null reference:{connection on setConnection()} in method JRedisClient.setConnection() [file: JRedisClient.java line:158 - package: org.jredis.ri.alphazero] cause: => [IllegalArgumentException: null reference:{connection on setConnection()} in method JRedisClient.setConnection() [file: JRedisClient.java line:158 - package: org.jredis.ri.alphazero]]
Caused by: org.jredis.ClientRuntimeException: null reference:{connection on setConnection()} in method JRedisClient.setConnection() [file: JRedisClient.java line:158 - package: org.jredis.ri.alphazero] cause: => [IllegalArgumentException: null reference:{connection on setConnection()} in method JRedisClient.setConnection() [file: JRedisClient.java line:158 - package: org.jredis.ri.alphazero]]
Caused by: java.lang.IllegalArgumentException: null reference:{connection on setConnection()} in method JRedisClient.setConnection() [file: JRedisClient.java line:158 - package: org.jredis.ri.alphazero]
</error>
  </testcase>
  <testcase name="testAddIndexObjectMiddle[13]" classname="org.springframework.data.redis.support.collections.RedisListTests" time="0.002">
    <error message="Unexpected exception, expected&lt;java.lang.IllegalArgumentException&gt; but was&lt;org.springframework.data.redis.connection.PoolException&gt;" type="java.lang.Exception"><![CDATA[java.lang.Exception: Unexpected exception, expected<java.lang.IllegalArgumentException> but was<org.springframework.data.redis.connection.PoolException>
Caused by: org.springframework.data.redis.connection.PoolException: Could not get a resource from the pool; nested exception is org.jredis.ClientRuntimeException: null reference:{connection on setConnection()} in method JRedisClient.setConnection() [file: JRedisClient.java line:158 - package: org.jredis.ri.alphazero] cause: => [IllegalArgumentException: null reference:{connection on setConnection()} in method JRedisClient.setConnection() [file: JRedisClient.java line:158 - package: org.jredis.ri.alphazero]]
Caused by: org.jredis.ClientRuntimeException: null reference:{connection on setConnection()} in method JRedisClient.setConnection() [file: JRedisClient.java line:158 - package: org.jredis.ri.alphazero] cause: => [IllegalArgumentException: null reference:{connection on setConnection()} in method JRedisClient.setConnection() [file: JRedisClient.java line:158 - package: org.jredis.ri.alphazero]]
Caused by: java.lang.IllegalArgumentException: null reference:{connection on setConnection()} in method JRedisClient.setConnection() [file: JRedisClient.java line:158 - package: org.jredis.ri.alphazero]
]]></error>
    <system-err><![CDATA[01475611470675 Tue Oct 04 17:04:30 BRT 2016 JRedis[tid:1] <INFORMAÇÕES>: WARNING: heartbeat is disabled.
01475611470676 Tue Oct 04 17:04:30 BRT 2016 JRedis[tid:1] <ADVERTÊNCIA>: PROBLEM: Shutting down due to connection FAULT: Socket connect failed [cause: java.net.ConnectException: Conexão recusada] -- make sure the server is running at localhost:6379 - Connection: SYNCHRONOUS  localhost/127.0.0.1:6379 db:0 | SyncConnection@1052768296
01475611470676 Tue Oct 04 17:04:30 BRT 2016 JRedis[tid:1] <GRAVE>: Error creating connection -> Socket connect failed [cause: java.net.ConnectException: Conexão recusada] -- make sure the server is running at localhost:6379
01475611470676 Tue Oct 04 17:04:30 BRT 2016 JRedis[tid:1] <INFORMAÇÕES>: WARNING: heartbeat is disabled.
01475611470676 Tue Oct 04 17:04:30 BRT 2016 JRedis[tid:1] <ADVERTÊNCIA>: PROBLEM: Shutting down due to connection FAULT: Socket connect failed [cause: java.net.ConnectException: Conexão recusada] -- make sure the server is running at localhost:6379 - Connection: SYNCHRONOUS  localhost/127.0.0.1:6379 db:0 | SyncConnection@626193099
01475611470676 Tue Oct 04 17:04:30 BRT 2016 JRedis[tid:1] <GRAVE>: Error creating connection -> Socket connect failed [cause: java.net.ConnectException: Conexão recusada] -- make sure the server is running at localhost:6379
]]></system-err>
  </testcase>
  <testcase name="testAddIndexObjectMiddle[13]" classname="org.springframework.data.redis.support.collections.RedisListTests" time="0.002">
    <error message="Could not get a resource from the pool; nested exception is org.jredis.ClientRuntimeException: null reference:{connection on setConnection()} in method JRedisClient.setConnection() [file: JRedisClient.java line:158 - package: org.jredis.ri.alphazero] cause: =&gt; [IllegalArgumentException: null reference:{connection on setConnection()} in method JRedisClient.setConnection() [file: JRedisClient.java line:158 - package: org.jredis.ri.alphazero]]" type="org.springframework.data.redis.connection.PoolException">org.springframework.data.redis.connection.PoolException: Could not get a resource from the pool; nested exception is org.jredis.ClientRuntimeException: null reference:{connection on setConnection()} in method JRedisClient.setConnection() [file: JRedisClient.java line:158 - package: org.jredis.ri.alphazero] cause: => [IllegalArgumentException: null reference:{connection on setConnection()} in method JRedisClient.setConnection() [file: JRedisClient.java line:158 - package: org.jredis.ri.alphazero]]
Caused by: org.jredis.ClientRuntimeException: null reference:{connection on setConnection()} in method JRedisClient.setConnection() [file: JRedisClient.java line:158 - package: org.jredis.ri.alphazero] cause: => [IllegalArgumentException: null reference:{connection on setConnection()} in method JRedisClient.setConnection() [file: JRedisClient.java line:158 - package: org.jredis.ri.alphazero]]
Caused by: java.lang.IllegalArgumentException: null reference:{connection on setConnection()} in method JRedisClient.setConnection() [file: JRedisClient.java line:158 - package: org.jredis.ri.alphazero]
</error>
  </testcase>
  <testcase name="testPeekLast[13]" classname="org.springframework.data.redis.support.collections.RedisListTests" time="0.002">
    <error message="Could not get a resource from the pool; nested exception is org.jredis.ClientRuntimeException: null reference:{connection on setConnection()} in method JRedisClient.setConnection() [file: JRedisClient.java line:158 - package: org.jredis.ri.alphazero] cause: =&gt; [IllegalArgumentException: null reference:{connection on setConnection()} in method JRedisClient.setConnection() [file: JRedisClient.java line:158 - package: org.jredis.ri.alphazero]]" type="org.springframework.data.redis.connection.PoolException">org.springframework.data.redis.connection.PoolException: Could not get a resource from the pool; nested exception is org.jredis.ClientRuntimeException: null reference:{connection on setConnection()} in method JRedisClient.setConnection() [file: JRedisClient.java line:158 - package: org.jredis.ri.alphazero] cause: => [IllegalArgumentException: null reference:{connection on setConnection()} in method JRedisClient.setConnection() [file: JRedisClient.java line:158 - package: org.jredis.ri.alphazero]]
Caused by: org.jredis.ClientRuntimeException: null reference:{connection on setConnection()} in method JRedisClient.setConnection() [file: JRedisClient.java line:158 - package: org.jredis.ri.alphazero] cause: => [IllegalArgumentException: null reference:{connection on setConnection()} in method JRedisClient.setConnection() [file: JRedisClient.java line:158 - package: org.jredis.ri.alphazero]]
Caused by: java.lang.IllegalArgumentException: null reference:{connection on setConnection()} in method JRedisClient.setConnection() [file: JRedisClient.java line:158 - package: org.jredis.ri.alphazero]
</error>
    <system-err><![CDATA[01475611470677 Tue Oct 04 17:04:30 BRT 2016 JRedis[tid:1] <INFORMAÇÕES>: WARNING: heartbeat is disabled.
01475611470677 Tue Oct 04 17:04:30 BRT 2016 JRedis[tid:1] <ADVERTÊNCIA>: PROBLEM: Shutting down due to connection FAULT: Socket connect failed [cause: java.net.ConnectException: Conexão recusada] -- make sure the server is running at localhost:6379 - Connection: SYNCHRONOUS  localhost/127.0.0.1:6379 db:0 | SyncConnection@859123506
01475611470678 Tue Oct 04 17:04:30 BRT 2016 JRedis[tid:1] <GRAVE>: Error creating connection -> Socket connect failed [cause: java.net.ConnectException: Conexão recusada] -- make sure the server is running at localhost:6379
01475611470678 Tue Oct 04 17:04:30 BRT 2016 JRedis[tid:1] <INFORMAÇÕES>: WARNING: heartbeat is disabled.
01475611470678 Tue Oct 04 17:04:30 BRT 2016 JRedis[tid:1] <ADVERTÊNCIA>: PROBLEM: Shutting down due to connection FAULT: Socket connect failed [cause: java.net.ConnectException: Conexão recusada] -- make sure the server is running at localhost:6379 - Connection: SYNCHRONOUS  localhost/127.0.0.1:6379 db:0 | SyncConnection@1597742167
01475611470678 Tue Oct 04 17:04:30 BRT 2016 JRedis[tid:1] <GRAVE>: Error creating connection -> Socket connect failed [cause: java.net.ConnectException: Conexão recusada] -- make sure the server is running at localhost:6379
]]></system-err>
  </testcase>
  <testcase name="testPeekLast[13]" classname="org.springframework.data.redis.support.collections.RedisListTests" time="0.002">
    <error message="Could not get a resource from the pool; nested exception is org.jredis.ClientRuntimeException: null reference:{connection on setConnection()} in method JRedisClient.setConnection() [file: JRedisClient.java line:158 - package: org.jredis.ri.alphazero] cause: =&gt; [IllegalArgumentException: null reference:{connection on setConnection()} in method JRedisClient.setConnection() [file: JRedisClient.java line:158 - package: org.jredis.ri.alphazero]]" type="org.springframework.data.redis.connection.PoolException">org.springframework.data.redis.connection.PoolException: Could not get a resource from the pool; nested exception is org.jredis.ClientRuntimeException: null reference:{connection on setConnection()} in method JRedisClient.setConnection() [file: JRedisClient.java line:158 - package: org.jredis.ri.alphazero] cause: => [IllegalArgumentException: null reference:{connection on setConnection()} in method JRedisClient.setConnection() [file: JRedisClient.java line:158 - package: org.jredis.ri.alphazero]]
Caused by: org.jredis.ClientRuntimeException: null reference:{connection on setConnection()} in method JRedisClient.setConnection() [file: JRedisClient.java line:158 - package: org.jredis.ri.alphazero] cause: => [IllegalArgumentException: null reference:{connection on setConnection()} in method JRedisClient.setConnection() [file: JRedisClient.java line:158 - package: org.jredis.ri.alphazero]]
Caused by: java.lang.IllegalArgumentException: null reference:{connection on setConnection()} in method JRedisClient.setConnection() [file: JRedisClient.java line:158 - package: org.jredis.ri.alphazero]
</error>
  </testcase>
  <testcase name="testRemoveFirstOccurrence[13]" classname="org.springframework.data.redis.support.collections.RedisListTests" time="0.001">
    <error message="Could not get a resource from the pool; nested exception is org.jredis.ClientRuntimeException: null reference:{connection on setConnection()} in method JRedisClient.setConnection() [file: JRedisClient.java line:158 - package: org.jredis.ri.alphazero] cause: =&gt; [IllegalArgumentException: null reference:{connection on setConnection()} in method JRedisClient.setConnection() [file: JRedisClient.java line:158 - package: org.jredis.ri.alphazero]]" type="org.springframework.data.redis.connection.PoolException">org.springframework.data.redis.connection.PoolException: Could not get a resource from the pool; nested exception is org.jredis.ClientRuntimeException: null reference:{connection on setConnection()} in method JRedisClient.setConnection() [file: JRedisClient.java line:158 - package: org.jredis.ri.alphazero] cause: => [IllegalArgumentException: null reference:{connection on setConnection()} in method JRedisClient.setConnection() [file: JRedisClient.java line:158 - package: org.jredis.ri.alphazero]]
Caused by: org.jredis.ClientRuntimeException: null reference:{connection on setConnection()} in method JRedisClient.setConnection() [file: JRedisClient.java line:158 - package: org.jredis.ri.alphazero] cause: => [IllegalArgumentException: null reference:{connection on setConnection()} in method JRedisClient.setConnection() [file: JRedisClient.java line:158 - package: org.jredis.ri.alphazero]]
Caused by: java.lang.IllegalArgumentException: null reference:{connection on setConnection()} in method JRedisClient.setConnection() [file: JRedisClient.java line:158 - package: org.jredis.ri.alphazero]
</error>
    <system-err><![CDATA[01475611470679 Tue Oct 04 17:04:30 BRT 2016 JRedis[tid:1] <INFORMAÇÕES>: WARNING: heartbeat is disabled.
01475611470679 Tue Oct 04 17:04:30 BRT 2016 JRedis[tid:1] <ADVERTÊNCIA>: PROBLEM: Shutting down due to connection FAULT: Socket connect failed [cause: java.net.ConnectException: Conexão recusada] -- make sure the server is running at localhost:6379 - Connection: SYNCHRONOUS  localhost/127.0.0.1:6379 db:0 | SyncConnection@503595296
01475611470679 Tue Oct 04 17:04:30 BRT 2016 JRedis[tid:1] <GRAVE>: Error creating connection -> Socket connect failed [cause: java.net.ConnectException: Conexão recusada] -- make sure the server is running at localhost:6379
01475611470679 Tue Oct 04 17:04:30 BRT 2016 JRedis[tid:1] <INFORMAÇÕES>: WARNING: heartbeat is disabled.
01475611470680 Tue Oct 04 17:04:30 BRT 2016 JRedis[tid:1] <ADVERTÊNCIA>: PROBLEM: Shutting down due to connection FAULT: Socket connect failed [cause: java.net.ConnectException: Conexão recusada] -- make sure the server is running at localhost:6379 - Connection: SYNCHRONOUS  localhost/127.0.0.1:6379 db:0 | SyncConnection@754072705
01475611470680 Tue Oct 04 17:04:30 BRT 2016 JRedis[tid:1] <GRAVE>: Error creating connection -> Socket connect failed [cause: java.net.ConnectException: Conexão recusada] -- make sure the server is running at localhost:6379
]]></system-err>
  </testcase>
  <testcase name="testRemoveFirstOccurrence[13]" classname="org.springframework.data.redis.support.collections.RedisListTests" time="0.001">
    <error message="Could not get a resource from the pool; nested exception is org.jredis.ClientRuntimeException: null reference:{connection on setConnection()} in method JRedisClient.setConnection() [file: JRedisClient.java line:158 - package: org.jredis.ri.alphazero] cause: =&gt; [IllegalArgumentException: null reference:{connection on setConnection()} in method JRedisClient.setConnection() [file: JRedisClient.java line:158 - package: org.jredis.ri.alphazero]]" type="org.springframework.data.redis.connection.PoolException">org.springframework.data.redis.connection.PoolException: Could not get a resource from the pool; nested exception is org.jredis.ClientRuntimeException: null reference:{connection on setConnection()} in method JRedisClient.setConnection() [file: JRedisClient.java line:158 - package: org.jredis.ri.alphazero] cause: => [IllegalArgumentException: null reference:{connection on setConnection()} in method JRedisClient.setConnection() [file: JRedisClient.java line:158 - package: org.jredis.ri.alphazero]]
Caused by: org.jredis.ClientRuntimeException: null reference:{connection on setConnection()} in method JRedisClient.setConnection() [file: JRedisClient.java line:158 - package: org.jredis.ri.alphazero] cause: => [IllegalArgumentException: null reference:{connection on setConnection()} in method JRedisClient.setConnection() [file: JRedisClient.java line:158 - package: org.jredis.ri.alphazero]]
Caused by: java.lang.IllegalArgumentException: null reference:{connection on setConnection()} in method JRedisClient.setConnection() [file: JRedisClient.java line:158 - package: org.jredis.ri.alphazero]
</error>
  </testcase>
  <testcase name="addAllIndexCollectionHead[13]" classname="org.springframework.data.redis.support.collections.RedisListTests" time="0.002">
    <error message="Could not get a resource from the pool; nested exception is org.jredis.ClientRuntimeException: null reference:{connection on setConnection()} in method JRedisClient.setConnection() [file: JRedisClient.java line:158 - package: org.jredis.ri.alphazero] cause: =&gt; [IllegalArgumentException: null reference:{connection on setConnection()} in method JRedisClient.setConnection() [file: JRedisClient.java line:158 - package: org.jredis.ri.alphazero]]" type="org.springframework.data.redis.connection.PoolException">org.springframework.data.redis.connection.PoolException: Could not get a resource from the pool; nested exception is org.jredis.ClientRuntimeException: null reference:{connection on setConnection()} in method JRedisClient.setConnection() [file: JRedisClient.java line:158 - package: org.jredis.ri.alphazero] cause: => [IllegalArgumentException: null reference:{connection on setConnection()} in method JRedisClient.setConnection() [file: JRedisClient.java line:158 - package: org.jredis.ri.alphazero]]
Caused by: org.jredis.ClientRuntimeException: null reference:{connection on setConnection()} in method JRedisClient.setConnection() [file: JRedisClient.java line:158 - package: org.jredis.ri.alphazero] cause: => [IllegalArgumentException: null reference:{connection on setConnection()} in method JRedisClient.setConnection() [file: JRedisClient.java line:158 - package: org.jredis.ri.alphazero]]
Caused by: java.lang.IllegalArgumentException: null reference:{connection on setConnection()} in method JRedisClient.setConnection() [file: JRedisClient.java line:158 - package: org.jredis.ri.alphazero]
</error>
    <system-err><![CDATA[01475611470680 Tue Oct 04 17:04:30 BRT 2016 JRedis[tid:1] <INFORMAÇÕES>: WARNING: heartbeat is disabled.
01475611470681 Tue Oct 04 17:04:30 BRT 2016 JRedis[tid:1] <ADVERTÊNCIA>: PROBLEM: Shutting down due to connection FAULT: Socket connect failed [cause: java.net.ConnectException: Conexão recusada] -- make sure the server is running at localhost:6379 - Connection: SYNCHRONOUS  localhost/127.0.0.1:6379 db:0 | SyncConnection@908384914
01475611470681 Tue Oct 04 17:04:30 BRT 2016 JRedis[tid:1] <GRAVE>: Error creating connection -> Socket connect failed [cause: java.net.ConnectException: Conexão recusada] -- make sure the server is running at localhost:6379
01475611470681 Tue Oct 04 17:04:30 BRT 2016 JRedis[tid:1] <INFORMAÇÕES>: WARNING: heartbeat is disabled.
01475611470681 Tue Oct 04 17:04:30 BRT 2016 JRedis[tid:1] <ADVERTÊNCIA>: PROBLEM: Shutting down due to connection FAULT: Socket connect failed [cause: java.net.ConnectException: Conexão recusada] -- make sure the server is running at localhost:6379 - Connection: SYNCHRONOUS  localhost/127.0.0.1:6379 db:0 | SyncConnection@905847077
01475611470681 Tue Oct 04 17:04:30 BRT 2016 JRedis[tid:1] <GRAVE>: Error creating connection -> Socket connect failed [cause: java.net.ConnectException: Conexão recusada] -- make sure the server is running at localhost:6379
]]></system-err>
  </testcase>
  <testcase name="addAllIndexCollectionHead[13]" classname="org.springframework.data.redis.support.collections.RedisListTests" time="0.002">
    <error message="Could not get a resource from the pool; nested exception is org.jredis.ClientRuntimeException: null reference:{connection on setConnection()} in method JRedisClient.setConnection() [file: JRedisClient.java line:158 - package: org.jredis.ri.alphazero] cause: =&gt; [IllegalArgumentException: null reference:{connection on setConnection()} in method JRedisClient.setConnection() [file: JRedisClient.java line:158 - package: org.jredis.ri.alphazero]]" type="org.springframework.data.redis.connection.PoolException">org.springframework.data.redis.connection.PoolException: Could not get a resource from the pool; nested exception is org.jredis.ClientRuntimeException: null reference:{connection on setConnection()} in method JRedisClient.setConnection() [file: JRedisClient.java line:158 - package: org.jredis.ri.alphazero] cause: => [IllegalArgumentException: null reference:{connection on setConnection()} in method JRedisClient.setConnection() [file: JRedisClient.java line:158 - package: org.jredis.ri.alphazero]]
Caused by: org.jredis.ClientRuntimeException: null reference:{connection on setConnection()} in method JRedisClient.setConnection() [file: JRedisClient.java line:158 - package: org.jredis.ri.alphazero] cause: => [IllegalArgumentException: null reference:{connection on setConnection()} in method JRedisClient.setConnection() [file: JRedisClient.java line:158 - package: org.jredis.ri.alphazero]]
Caused by: java.lang.IllegalArgumentException: null reference:{connection on setConnection()} in method JRedisClient.setConnection() [file: JRedisClient.java line:158 - package: org.jredis.ri.alphazero]
</error>
  </testcase>
  <testcase name="addAllIndexCollectionTail[13]" classname="org.springframework.data.redis.support.collections.RedisListTests" time="0.001">
    <error message="Could not get a resource from the pool; nested exception is org.jredis.ClientRuntimeException: null reference:{connection on setConnection()} in method JRedisClient.setConnection() [file: JRedisClient.java line:158 - package: org.jredis.ri.alphazero] cause: =&gt; [IllegalArgumentException: null reference:{connection on setConnection()} in method JRedisClient.setConnection() [file: JRedisClient.java line:158 - package: org.jredis.ri.alphazero]]" type="org.springframework.data.redis.connection.PoolException">org.springframework.data.redis.connection.PoolException: Could not get a resource from the pool; nested exception is org.jredis.ClientRuntimeException: null reference:{connection on setConnection()} in method JRedisClient.setConnection() [file: JRedisClient.java line:158 - package: org.jredis.ri.alphazero] cause: => [IllegalArgumentException: null reference:{connection on setConnection()} in method JRedisClient.setConnection() [file: JRedisClient.java line:158 - package: org.jredis.ri.alphazero]]
Caused by: org.jredis.ClientRuntimeException: null reference:{connection on setConnection()} in method JRedisClient.setConnection() [file: JRedisClient.java line:158 - package: org.jredis.ri.alphazero] cause: => [IllegalArgumentException: null reference:{connection on setConnection()} in method JRedisClient.setConnection() [file: JRedisClient.java line:158 - package: org.jredis.ri.alphazero]]
Caused by: java.lang.IllegalArgumentException: null reference:{connection on setConnection()} in method JRedisClient.setConnection() [file: JRedisClient.java line:158 - package: org.jredis.ri.alphazero]
</error>
    <system-err><![CDATA[01475611470682 Tue Oct 04 17:04:30 BRT 2016 JRedis[tid:1] <INFORMAÇÕES>: WARNING: heartbeat is disabled.
01475611470682 Tue Oct 04 17:04:30 BRT 2016 JRedis[tid:1] <ADVERTÊNCIA>: PROBLEM: Shutting down due to connection FAULT: Socket connect failed [cause: java.net.ConnectException: Conexão recusada] -- make sure the server is running at localhost:6379 - Connection: SYNCHRONOUS  localhost/127.0.0.1:6379 db:0 | SyncConnection@156199931
01475611470683 Tue Oct 04 17:04:30 BRT 2016 JRedis[tid:1] <GRAVE>: Error creating connection -> Socket connect failed [cause: java.net.ConnectException: Conexão recusada] -- make sure the server is running at localhost:6379
01475611470683 Tue Oct 04 17:04:30 BRT 2016 JRedis[tid:1] <INFORMAÇÕES>: WARNING: heartbeat is disabled.
01475611470683 Tue Oct 04 17:04:30 BRT 2016 JRedis[tid:1] <ADVERTÊNCIA>: PROBLEM: Shutting down due to connection FAULT: Socket connect failed [cause: java.net.ConnectException: Conexão recusada] -- make sure the server is running at localhost:6379 - Connection: SYNCHRONOUS  localhost/127.0.0.1:6379 db:0 | SyncConnection@878991463
01475611470683 Tue Oct 04 17:04:30 BRT 2016 JRedis[tid:1] <GRAVE>: Error creating connection -> Socket connect failed [cause: java.net.ConnectException: Conexão recusada] -- make sure the server is running at localhost:6379
]]></system-err>
  </testcase>
  <testcase name="addAllIndexCollectionTail[13]" classname="org.springframework.data.redis.support.collections.RedisListTests" time="0.002">
    <error message="Could not get a resource from the pool; nested exception is org.jredis.ClientRuntimeException: null reference:{connection on setConnection()} in method JRedisClient.setConnection() [file: JRedisClient.java line:158 - package: org.jredis.ri.alphazero] cause: =&gt; [IllegalArgumentException: null reference:{connection on setConnection()} in method JRedisClient.setConnection() [file: JRedisClient.java line:158 - package: org.jredis.ri.alphazero]]" type="org.springframework.data.redis.connection.PoolException">org.springframework.data.redis.connection.PoolException: Could not get a resource from the pool; nested exception is org.jredis.ClientRuntimeException: null reference:{connection on setConnection()} in method JRedisClient.setConnection() [file: JRedisClient.java line:158 - package: org.jredis.ri.alphazero] cause: => [IllegalArgumentException: null reference:{connection on setConnection()} in method JRedisClient.setConnection() [file: JRedisClient.java line:158 - package: org.jredis.ri.alphazero]]
Caused by: org.jredis.ClientRuntimeException: null reference:{connection on setConnection()} in method JRedisClient.setConnection() [file: JRedisClient.java line:158 - package: org.jredis.ri.alphazero] cause: => [IllegalArgumentException: null reference:{connection on setConnection()} in method JRedisClient.setConnection() [file: JRedisClient.java line:158 - package: org.jredis.ri.alphazero]]
Caused by: java.lang.IllegalArgumentException: null reference:{connection on setConnection()} in method JRedisClient.setConnection() [file: JRedisClient.java line:158 - package: org.jredis.ri.alphazero]
</error>
  </testcase>
  <testcase name="addAllIndexCollectionMiddle[13]" classname="org.springframework.data.redis.support.collections.RedisListTests" time="0.001">
    <error message="Unexpected exception, expected&lt;java.lang.IllegalArgumentException&gt; but was&lt;org.springframework.data.redis.connection.PoolException&gt;" type="java.lang.Exception"><![CDATA[java.lang.Exception: Unexpected exception, expected<java.lang.IllegalArgumentException> but was<org.springframework.data.redis.connection.PoolException>
Caused by: org.springframework.data.redis.connection.PoolException: Could not get a resource from the pool; nested exception is org.jredis.ClientRuntimeException: null reference:{connection on setConnection()} in method JRedisClient.setConnection() [file: JRedisClient.java line:158 - package: org.jredis.ri.alphazero] cause: => [IllegalArgumentException: null reference:{connection on setConnection()} in method JRedisClient.setConnection() [file: JRedisClient.java line:158 - package: org.jredis.ri.alphazero]]
Caused by: org.jredis.ClientRuntimeException: null reference:{connection on setConnection()} in method JRedisClient.setConnection() [file: JRedisClient.java line:158 - package: org.jredis.ri.alphazero] cause: => [IllegalArgumentException: null reference:{connection on setConnection()} in method JRedisClient.setConnection() [file: JRedisClient.java line:158 - package: org.jredis.ri.alphazero]]
Caused by: java.lang.IllegalArgumentException: null reference:{connection on setConnection()} in method JRedisClient.setConnection() [file: JRedisClient.java line:158 - package: org.jredis.ri.alphazero]
]]></error>
    <system-err><![CDATA[01475611470684 Tue Oct 04 17:04:30 BRT 2016 JRedis[tid:1] <INFORMAÇÕES>: WARNING: heartbeat is disabled.
01475611470684 Tue Oct 04 17:04:30 BRT 2016 JRedis[tid:1] <ADVERTÊNCIA>: PROBLEM: Shutting down due to connection FAULT: Socket connect failed [cause: java.net.ConnectException: Conexão recusada] -- make sure the server is running at localhost:6379 - Connection: SYNCHRONOUS  localhost/127.0.0.1:6379 db:0 | SyncConnection@612693043
01475611470684 Tue Oct 04 17:04:30 BRT 2016 JRedis[tid:1] <GRAVE>: Error creating connection -> Socket connect failed [cause: java.net.ConnectException: Conexão recusada] -- make sure the server is running at localhost:6379
01475611470685 Tue Oct 04 17:04:30 BRT 2016 JRedis[tid:1] <INFORMAÇÕES>: WARNING: heartbeat is disabled.
01475611470685 Tue Oct 04 17:04:30 BRT 2016 JRedis[tid:1] <ADVERTÊNCIA>: PROBLEM: Shutting down due to connection FAULT: Socket connect failed [cause: java.net.ConnectException: Conexão recusada] -- make sure the server is running at localhost:6379 - Connection: SYNCHRONOUS  localhost/127.0.0.1:6379 db:0 | SyncConnection@1622613647
01475611470685 Tue Oct 04 17:04:30 BRT 2016 JRedis[tid:1] <GRAVE>: Error creating connection -> Socket connect failed [cause: java.net.ConnectException: Conexão recusada] -- make sure the server is running at localhost:6379
]]></system-err>
  </testcase>
  <testcase name="addAllIndexCollectionMiddle[13]" classname="org.springframework.data.redis.support.collections.RedisListTests" time="0.001">
    <error message="Could not get a resource from the pool; nested exception is org.jredis.ClientRuntimeException: null reference:{connection on setConnection()} in method JRedisClient.setConnection() [file: JRedisClient.java line:158 - package: org.jredis.ri.alphazero] cause: =&gt; [IllegalArgumentException: null reference:{connection on setConnection()} in method JRedisClient.setConnection() [file: JRedisClient.java line:158 - package: org.jredis.ri.alphazero]]" type="org.springframework.data.redis.connection.PoolException">org.springframework.data.redis.connection.PoolException: Could not get a resource from the pool; nested exception is org.jredis.ClientRuntimeException: null reference:{connection on setConnection()} in method JRedisClient.setConnection() [file: JRedisClient.java line:158 - package: org.jredis.ri.alphazero] cause: => [IllegalArgumentException: null reference:{connection on setConnection()} in method JRedisClient.setConnection() [file: JRedisClient.java line:158 - package: org.jredis.ri.alphazero]]
Caused by: org.jredis.ClientRuntimeException: null reference:{connection on setConnection()} in method JRedisClient.setConnection() [file: JRedisClient.java line:158 - package: org.jredis.ri.alphazero] cause: => [IllegalArgumentException: null reference:{connection on setConnection()} in method JRedisClient.setConnection() [file: JRedisClient.java line:158 - package: org.jredis.ri.alphazero]]
Caused by: java.lang.IllegalArgumentException: null reference:{connection on setConnection()} in method JRedisClient.setConnection() [file: JRedisClient.java line:158 - package: org.jredis.ri.alphazero]
</error>
  </testcase>
  <testcase name="testPollLast[13]" classname="org.springframework.data.redis.support.collections.RedisListTests" time="0.001">
    <error message="Could not get a resource from the pool; nested exception is org.jredis.ClientRuntimeException: null reference:{connection on setConnection()} in method JRedisClient.setConnection() [file: JRedisClient.java line:158 - package: org.jredis.ri.alphazero] cause: =&gt; [IllegalArgumentException: null reference:{connection on setConnection()} in method JRedisClient.setConnection() [file: JRedisClient.java line:158 - package: org.jredis.ri.alphazero]]" type="org.springframework.data.redis.connection.PoolException">org.springframework.data.redis.connection.PoolException: Could not get a resource from the pool; nested exception is org.jredis.ClientRuntimeException: null reference:{connection on setConnection()} in method JRedisClient.setConnection() [file: JRedisClient.java line:158 - package: org.jredis.ri.alphazero] cause: => [IllegalArgumentException: null reference:{connection on setConnection()} in method JRedisClient.setConnection() [file: JRedisClient.java line:158 - package: org.jredis.ri.alphazero]]
Caused by: org.jredis.ClientRuntimeException: null reference:{connection on setConnection()} in method JRedisClient.setConnection() [file: JRedisClient.java line:158 - package: org.jredis.ri.alphazero] cause: => [IllegalArgumentException: null reference:{connection on setConnection()} in method JRedisClient.setConnection() [file: JRedisClient.java line:158 - package: org.jredis.ri.alphazero]]
Caused by: java.lang.IllegalArgumentException: null reference:{connection on setConnection()} in method JRedisClient.setConnection() [file: JRedisClient.java line:158 - package: org.jredis.ri.alphazero]
</error>
    <system-err><![CDATA[01475611470686 Tue Oct 04 17:04:30 BRT 2016 JRedis[tid:1] <INFORMAÇÕES>: WARNING: heartbeat is disabled.
01475611470686 Tue Oct 04 17:04:30 BRT 2016 JRedis[tid:1] <ADVERTÊNCIA>: PROBLEM: Shutting down due to connection FAULT: Socket connect failed [cause: java.net.ConnectException: Conexão recusada] -- make sure the server is running at localhost:6379 - Connection: SYNCHRONOUS  localhost/127.0.0.1:6379 db:0 | SyncConnection@307605969
01475611470686 Tue Oct 04 17:04:30 BRT 2016 JRedis[tid:1] <GRAVE>: Error creating connection -> Socket connect failed [cause: java.net.ConnectException: Conexão recusada] -- make sure the server is running at localhost:6379
01475611470686 Tue Oct 04 17:04:30 BRT 2016 JRedis[tid:1] <INFORMAÇÕES>: WARNING: heartbeat is disabled.
01475611470687 Tue Oct 04 17:04:30 BRT 2016 JRedis[tid:1] <ADVERTÊNCIA>: PROBLEM: Shutting down due to connection FAULT: Socket connect failed [cause: java.net.ConnectException: Conexão recusada] -- make sure the server is running at localhost:6379 - Connection: SYNCHRONOUS  localhost/127.0.0.1:6379 db:0 | SyncConnection@73688220
01475611470687 Tue Oct 04 17:04:30 BRT 2016 JRedis[tid:1] <GRAVE>: Error creating connection -> Socket connect failed [cause: java.net.ConnectException: Conexão recusada] -- make sure the server is running at localhost:6379
]]></system-err>
  </testcase>
  <testcase name="testPollLast[13]" classname="org.springframework.data.redis.support.collections.RedisListTests" time="0.001">
    <error message="Could not get a resource from the pool; nested exception is org.jredis.ClientRuntimeException: null reference:{connection on setConnection()} in method JRedisClient.setConnection() [file: JRedisClient.java line:158 - package: org.jredis.ri.alphazero] cause: =&gt; [IllegalArgumentException: null reference:{connection on setConnection()} in method JRedisClient.setConnection() [file: JRedisClient.java line:158 - package: org.jredis.ri.alphazero]]" type="org.springframework.data.redis.connection.PoolException">org.springframework.data.redis.connection.PoolException: Could not get a resource from the pool; nested exception is org.jredis.ClientRuntimeException: null reference:{connection on setConnection()} in method JRedisClient.setConnection() [file: JRedisClient.java line:158 - package: org.jredis.ri.alphazero] cause: => [IllegalArgumentException: null reference:{connection on setConnection()} in method JRedisClient.setConnection() [file: JRedisClient.java line:158 - package: org.jredis.ri.alphazero]]
Caused by: org.jredis.ClientRuntimeException: null reference:{connection on setConnection()} in method JRedisClient.setConnection() [file: JRedisClient.java line:158 - package: org.jredis.ri.alphazero] cause: => [IllegalArgumentException: null reference:{connection on setConnection()} in method JRedisClient.setConnection() [file: JRedisClient.java line:158 - package: org.jredis.ri.alphazero]]
Caused by: java.lang.IllegalArgumentException: null reference:{connection on setConnection()} in method JRedisClient.setConnection() [file: JRedisClient.java line:158 - package: org.jredis.ri.alphazero]
</error>
  </testcase>
  <testcase name="testIndexOfObject[13]" classname="org.springframework.data.redis.support.collections.RedisListTests" time="0.001">
    <error message="Could not get a resource from the pool; nested exception is org.jredis.ClientRuntimeException: null reference:{connection on setConnection()} in method JRedisClient.setConnection() [file: JRedisClient.java line:158 - package: org.jredis.ri.alphazero] cause: =&gt; [IllegalArgumentException: null reference:{connection on setConnection()} in method JRedisClient.setConnection() [file: JRedisClient.java line:158 - package: org.jredis.ri.alphazero]]" type="org.springframework.data.redis.connection.PoolException">org.springframework.data.redis.connection.PoolException: Could not get a resource from the pool; nested exception is org.jredis.ClientRuntimeException: null reference:{connection on setConnection()} in method JRedisClient.setConnection() [file: JRedisClient.java line:158 - package: org.jredis.ri.alphazero] cause: => [IllegalArgumentException: null reference:{connection on setConnection()} in method JRedisClient.setConnection() [file: JRedisClient.java line:158 - package: org.jredis.ri.alphazero]]
Caused by: org.jredis.ClientRuntimeException: null reference:{connection on setConnection()} in method JRedisClient.setConnection() [file: JRedisClient.java line:158 - package: org.jredis.ri.alphazero] cause: => [IllegalArgumentException: null reference:{connection on setConnection()} in method JRedisClient.setConnection() [file: JRedisClient.java line:158 - package: org.jredis.ri.alphazero]]
Caused by: java.lang.IllegalArgumentException: null reference:{connection on setConnection()} in method JRedisClient.setConnection() [file: JRedisClient.java line:158 - package: org.jredis.ri.alphazero]
</error>
    <system-err><![CDATA[01475611470687 Tue Oct 04 17:04:30 BRT 2016 JRedis[tid:1] <INFORMAÇÕES>: WARNING: heartbeat is disabled.
01475611470688 Tue Oct 04 17:04:30 BRT 2016 JRedis[tid:1] <ADVERTÊNCIA>: PROBLEM: Shutting down due to connection FAULT: Socket connect failed [cause: java.net.ConnectException: Conexão recusada] -- make sure the server is running at localhost:6379 - Connection: SYNCHRONOUS  localhost/127.0.0.1:6379 db:0 | SyncConnection@130166095
01475611470688 Tue Oct 04 17:04:30 BRT 2016 JRedis[tid:1] <GRAVE>: Error creating connection -> Socket connect failed [cause: java.net.ConnectException: Conexão recusada] -- make sure the server is running at localhost:6379
]]></system-err>
  </testcase>
  <testcase name="testPollTimeout[13]" classname="org.springframework.data.redis.support.collections.RedisListTests" time="0.001">
    <error message="got: &lt;false&gt;, expected: is &lt;true&gt;" type="org.junit.AssumptionViolatedException"><![CDATA[org.junit.AssumptionViolatedException: got: <false>, expected: is <true>
]]></error>
    <system-err><![CDATA[01475611470688 Tue Oct 04 17:04:30 BRT 2016 JRedis[tid:1] <INFORMAÇÕES>: WARNING: heartbeat is disabled.
01475611470689 Tue Oct 04 17:04:30 BRT 2016 JRedis[tid:1] <ADVERTÊNCIA>: PROBLEM: Shutting down due to connection FAULT: Socket connect failed [cause: java.net.ConnectException: Conexão recusada] -- make sure the server is running at localhost:6379 - Connection: SYNCHRONOUS  localhost/127.0.0.1:6379 db:0 | SyncConnection@1599674462
01475611470689 Tue Oct 04 17:04:30 BRT 2016 JRedis[tid:1] <GRAVE>: Error creating connection -> Socket connect failed [cause: java.net.ConnectException: Conexão recusada] -- make sure the server is running at localhost:6379
]]></system-err>
  </testcase>
  <testcase name="testPollTimeout[13]" classname="org.springframework.data.redis.support.collections.RedisListTests" time="0.001">
    <error message="Could not get a resource from the pool; nested exception is org.jredis.ClientRuntimeException: null reference:{connection on setConnection()} in method JRedisClient.setConnection() [file: JRedisClient.java line:158 - package: org.jredis.ri.alphazero] cause: =&gt; [IllegalArgumentException: null reference:{connection on setConnection()} in method JRedisClient.setConnection() [file: JRedisClient.java line:158 - package: org.jredis.ri.alphazero]]" type="org.springframework.data.redis.connection.PoolException">org.springframework.data.redis.connection.PoolException: Could not get a resource from the pool; nested exception is org.jredis.ClientRuntimeException: null reference:{connection on setConnection()} in method JRedisClient.setConnection() [file: JRedisClient.java line:158 - package: org.jredis.ri.alphazero] cause: => [IllegalArgumentException: null reference:{connection on setConnection()} in method JRedisClient.setConnection() [file: JRedisClient.java line:158 - package: org.jredis.ri.alphazero]]
Caused by: org.jredis.ClientRuntimeException: null reference:{connection on setConnection()} in method JRedisClient.setConnection() [file: JRedisClient.java line:158 - package: org.jredis.ri.alphazero] cause: => [IllegalArgumentException: null reference:{connection on setConnection()} in method JRedisClient.setConnection() [file: JRedisClient.java line:158 - package: org.jredis.ri.alphazero]]
Caused by: java.lang.IllegalArgumentException: null reference:{connection on setConnection()} in method JRedisClient.setConnection() [file: JRedisClient.java line:158 - package: org.jredis.ri.alphazero]
</error>
  </testcase>
  <testcase name="testRemove[13]" classname="org.springframework.data.redis.support.collections.RedisListTests" time="0.001">
    <error message="Could not get a resource from the pool; nested exception is org.jredis.ClientRuntimeException: null reference:{connection on setConnection()} in method JRedisClient.setConnection() [file: JRedisClient.java line:158 - package: org.jredis.ri.alphazero] cause: =&gt; [IllegalArgumentException: null reference:{connection on setConnection()} in method JRedisClient.setConnection() [file: JRedisClient.java line:158 - package: org.jredis.ri.alphazero]]" type="org.springframework.data.redis.connection.PoolException">org.springframework.data.redis.connection.PoolException: Could not get a resource from the pool; nested exception is org.jredis.ClientRuntimeException: null reference:{connection on setConnection()} in method JRedisClient.setConnection() [file: JRedisClient.java line:158 - package: org.jredis.ri.alphazero] cause: => [IllegalArgumentException: null reference:{connection on setConnection()} in method JRedisClient.setConnection() [file: JRedisClient.java line:158 - package: org.jredis.ri.alphazero]]
Caused by: org.jredis.ClientRuntimeException: null reference:{connection on setConnection()} in method JRedisClient.setConnection() [file: JRedisClient.java line:158 - package: org.jredis.ri.alphazero] cause: => [IllegalArgumentException: null reference:{connection on setConnection()} in method JRedisClient.setConnection() [file: JRedisClient.java line:158 - package: org.jredis.ri.alphazero]]
Caused by: java.lang.IllegalArgumentException: null reference:{connection on setConnection()} in method JRedisClient.setConnection() [file: JRedisClient.java line:158 - package: org.jredis.ri.alphazero]
</error>
    <system-err><![CDATA[01475611470689 Tue Oct 04 17:04:30 BRT 2016 JRedis[tid:1] <INFORMAÇÕES>: WARNING: heartbeat is disabled.
01475611470689 Tue Oct 04 17:04:30 BRT 2016 JRedis[tid:1] <ADVERTÊNCIA>: PROBLEM: Shutting down due to connection FAULT: Socket connect failed [cause: java.net.ConnectException: Conexão recusada] -- make sure the server is running at localhost:6379 - Connection: SYNCHRONOUS  localhost/127.0.0.1:6379 db:0 | SyncConnection@1623060829
01475611470690 Tue Oct 04 17:04:30 BRT 2016 JRedis[tid:1] <GRAVE>: Error creating connection -> Socket connect failed [cause: java.net.ConnectException: Conexão recusada] -- make sure the server is running at localhost:6379
01475611470690 Tue Oct 04 17:04:30 BRT 2016 JRedis[tid:1] <INFORMAÇÕES>: WARNING: heartbeat is disabled.
01475611470690 Tue Oct 04 17:04:30 BRT 2016 JRedis[tid:1] <ADVERTÊNCIA>: PROBLEM: Shutting down due to connection FAULT: Socket connect failed [cause: java.net.ConnectException: Conexão recusada] -- make sure the server is running at localhost:6379 - Connection: SYNCHRONOUS  localhost/127.0.0.1:6379 db:0 | SyncConnection@1205483858
01475611470690 Tue Oct 04 17:04:30 BRT 2016 JRedis[tid:1] <GRAVE>: Error creating connection -> Socket connect failed [cause: java.net.ConnectException: Conexão recusada] -- make sure the server is running at localhost:6379
]]></system-err>
  </testcase>
  <testcase name="testRemove[13]" classname="org.springframework.data.redis.support.collections.RedisListTests" time="0.002">
    <error message="Could not get a resource from the pool; nested exception is org.jredis.ClientRuntimeException: null reference:{connection on setConnection()} in method JRedisClient.setConnection() [file: JRedisClient.java line:158 - package: org.jredis.ri.alphazero] cause: =&gt; [IllegalArgumentException: null reference:{connection on setConnection()} in method JRedisClient.setConnection() [file: JRedisClient.java line:158 - package: org.jredis.ri.alphazero]]" type="org.springframework.data.redis.connection.PoolException">org.springframework.data.redis.connection.PoolException: Could not get a resource from the pool; nested exception is org.jredis.ClientRuntimeException: null reference:{connection on setConnection()} in method JRedisClient.setConnection() [file: JRedisClient.java line:158 - package: org.jredis.ri.alphazero] cause: => [IllegalArgumentException: null reference:{connection on setConnection()} in method JRedisClient.setConnection() [file: JRedisClient.java line:158 - package: org.jredis.ri.alphazero]]
Caused by: org.jredis.ClientRuntimeException: null reference:{connection on setConnection()} in method JRedisClient.setConnection() [file: JRedisClient.java line:158 - package: org.jredis.ri.alphazero] cause: => [IllegalArgumentException: null reference:{connection on setConnection()} in method JRedisClient.setConnection() [file: JRedisClient.java line:158 - package: org.jredis.ri.alphazero]]
Caused by: java.lang.IllegalArgumentException: null reference:{connection on setConnection()} in method JRedisClient.setConnection() [file: JRedisClient.java line:158 - package: org.jredis.ri.alphazero]
</error>
  </testcase>
  <testcase name="testCappedCollection[13]" classname="org.springframework.data.redis.support.collections.RedisListTests" time="0.001">
    <error message="Could not get a resource from the pool; nested exception is org.jredis.ClientRuntimeException: null reference:{connection on setConnection()} in method JRedisClient.setConnection() [file: JRedisClient.java line:158 - package: org.jredis.ri.alphazero] cause: =&gt; [IllegalArgumentException: null reference:{connection on setConnection()} in method JRedisClient.setConnection() [file: JRedisClient.java line:158 - package: org.jredis.ri.alphazero]]" type="org.springframework.data.redis.connection.PoolException">org.springframework.data.redis.connection.PoolException: Could not get a resource from the pool; nested exception is org.jredis.ClientRuntimeException: null reference:{connection on setConnection()} in method JRedisClient.setConnection() [file: JRedisClient.java line:158 - package: org.jredis.ri.alphazero] cause: => [IllegalArgumentException: null reference:{connection on setConnection()} in method JRedisClient.setConnection() [file: JRedisClient.java line:158 - package: org.jredis.ri.alphazero]]
Caused by: org.jredis.ClientRuntimeException: null reference:{connection on setConnection()} in method JRedisClient.setConnection() [file: JRedisClient.java line:158 - package: org.jredis.ri.alphazero] cause: => [IllegalArgumentException: null reference:{connection on setConnection()} in method JRedisClient.setConnection() [file: JRedisClient.java line:158 - package: org.jredis.ri.alphazero]]
Caused by: java.lang.IllegalArgumentException: null reference:{connection on setConnection()} in method JRedisClient.setConnection() [file: JRedisClient.java line:158 - package: org.jredis.ri.alphazero]
</error>
    <system-err><![CDATA[01475611470691 Tue Oct 04 17:04:30 BRT 2016 JRedis[tid:1] <INFORMAÇÕES>: WARNING: heartbeat is disabled.
01475611470691 Tue Oct 04 17:04:30 BRT 2016 JRedis[tid:1] <ADVERTÊNCIA>: PROBLEM: Shutting down due to connection FAULT: Socket connect failed [cause: java.net.ConnectException: Conexão recusada] -- make sure the server is running at localhost:6379 - Connection: SYNCHRONOUS  localhost/127.0.0.1:6379 db:0 | SyncConnection@1189651769
01475611470691 Tue Oct 04 17:04:30 BRT 2016 JRedis[tid:1] <GRAVE>: Error creating connection -> Socket connect failed [cause: java.net.ConnectException: Conexão recusada] -- make sure the server is running at localhost:6379
01475611470692 Tue Oct 04 17:04:30 BRT 2016 JRedis[tid:1] <INFORMAÇÕES>: WARNING: heartbeat is disabled.
01475611470692 Tue Oct 04 17:04:30 BRT 2016 JRedis[tid:1] <ADVERTÊNCIA>: PROBLEM: Shutting down due to connection FAULT: Socket connect failed [cause: java.net.ConnectException: Conexão recusada] -- make sure the server is running at localhost:6379 - Connection: SYNCHRONOUS  localhost/127.0.0.1:6379 db:0 | SyncConnection@1230013344
01475611470692 Tue Oct 04 17:04:30 BRT 2016 JRedis[tid:1] <GRAVE>: Error creating connection -> Socket connect failed [cause: java.net.ConnectException: Conexão recusada] -- make sure the server is running at localhost:6379
]]></system-err>
  </testcase>
  <testcase name="testCappedCollection[13]" classname="org.springframework.data.redis.support.collections.RedisListTests" time="0.001">
    <error message="Could not get a resource from the pool; nested exception is org.jredis.ClientRuntimeException: null reference:{connection on setConnection()} in method JRedisClient.setConnection() [file: JRedisClient.java line:158 - package: org.jredis.ri.alphazero] cause: =&gt; [IllegalArgumentException: null reference:{connection on setConnection()} in method JRedisClient.setConnection() [file: JRedisClient.java line:158 - package: org.jredis.ri.alphazero]]" type="org.springframework.data.redis.connection.PoolException">org.springframework.data.redis.connection.PoolException: Could not get a resource from the pool; nested exception is org.jredis.ClientRuntimeException: null reference:{connection on setConnection()} in method JRedisClient.setConnection() [file: JRedisClient.java line:158 - package: org.jredis.ri.alphazero] cause: => [IllegalArgumentException: null reference:{connection on setConnection()} in method JRedisClient.setConnection() [file: JRedisClient.java line:158 - package: org.jredis.ri.alphazero]]
Caused by: org.jredis.ClientRuntimeException: null reference:{connection on setConnection()} in method JRedisClient.setConnection() [file: JRedisClient.java line:158 - package: org.jredis.ri.alphazero] cause: => [IllegalArgumentException: null reference:{connection on setConnection()} in method JRedisClient.setConnection() [file: JRedisClient.java line:158 - package: org.jredis.ri.alphazero]]
Caused by: java.lang.IllegalArgumentException: null reference:{connection on setConnection()} in method JRedisClient.setConnection() [file: JRedisClient.java line:158 - package: org.jredis.ri.alphazero]
</error>
  </testcase>
  <testcase name="testRmoveLastOccurrence[13]" classname="org.springframework.data.redis.support.collections.RedisListTests" time="0.004">
    <error message="Could not get a resource from the pool; nested exception is org.jredis.ClientRuntimeException: null reference:{connection on setConnection()} in method JRedisClient.setConnection() [file: JRedisClient.java line:158 - package: org.jredis.ri.alphazero] cause: =&gt; [IllegalArgumentException: null reference:{connection on setConnection()} in method JRedisClient.setConnection() [file: JRedisClient.java line:158 - package: org.jredis.ri.alphazero]]" type="org.springframework.data.redis.connection.PoolException">org.springframework.data.redis.connection.PoolException: Could not get a resource from the pool; nested exception is org.jredis.ClientRuntimeException: null reference:{connection on setConnection()} in method JRedisClient.setConnection() [file: JRedisClient.java line:158 - package: org.jredis.ri.alphazero] cause: => [IllegalArgumentException: null reference:{connection on setConnection()} in method JRedisClient.setConnection() [file: JRedisClient.java line:158 - package: org.jredis.ri.alphazero]]
Caused by: org.jredis.ClientRuntimeException: null reference:{connection on setConnection()} in method JRedisClient.setConnection() [file: JRedisClient.java line:158 - package: org.jredis.ri.alphazero] cause: => [IllegalArgumentException: null reference:{connection on setConnection()} in method JRedisClient.setConnection() [file: JRedisClient.java line:158 - package: org.jredis.ri.alphazero]]
Caused by: java.lang.IllegalArgumentException: null reference:{connection on setConnection()} in method JRedisClient.setConnection() [file: JRedisClient.java line:158 - package: org.jredis.ri.alphazero]
</error>
    <system-err><![CDATA[01475611470693 Tue Oct 04 17:04:30 BRT 2016 JRedis[tid:1] <INFORMAÇÕES>: WARNING: heartbeat is disabled.
01475611470693 Tue Oct 04 17:04:30 BRT 2016 JRedis[tid:1] <ADVERTÊNCIA>: PROBLEM: Shutting down due to connection FAULT: Socket connect failed [cause: java.net.ConnectException: Conexão recusada] -- make sure the server is running at localhost:6379 - Connection: SYNCHRONOUS  localhost/127.0.0.1:6379 db:0 | SyncConnection@1607869297
01475611470693 Tue Oct 04 17:04:30 BRT 2016 JRedis[tid:1] <GRAVE>: Error creating connection -> Socket connect failed [cause: java.net.ConnectException: Conexão recusada] -- make sure the server is running at localhost:6379
01475611470693 Tue Oct 04 17:04:30 BRT 2016 JRedis[tid:1] <INFORMAÇÕES>: WARNING: heartbeat is disabled.
01475611470694 Tue Oct 04 17:04:30 BRT 2016 JRedis[tid:1] <ADVERTÊNCIA>: PROBLEM: Shutting down due to connection FAULT: Socket connect failed [cause: java.net.ConnectException: Conexão recusada] -- make sure the server is running at localhost:6379 - Connection: SYNCHRONOUS  localhost/127.0.0.1:6379 db:0 | SyncConnection@681639276
01475611470694 Tue Oct 04 17:04:30 BRT 2016 JRedis[tid:1] <GRAVE>: Error creating connection -> Socket connect failed [cause: java.net.ConnectException: Conexão recusada] -- make sure the server is running at localhost:6379
]]></system-err>
  </testcase>
  <testcase name="testRmoveLastOccurrence[13]" classname="org.springframework.data.redis.support.collections.RedisListTests" time="0.004">
    <error message="Could not get a resource from the pool; nested exception is org.jredis.ClientRuntimeException: null reference:{connection on setConnection()} in method JRedisClient.setConnection() [file: JRedisClient.java line:158 - package: org.jredis.ri.alphazero] cause: =&gt; [IllegalArgumentException: null reference:{connection on setConnection()} in method JRedisClient.setConnection() [file: JRedisClient.java line:158 - package: org.jredis.ri.alphazero]]" type="org.springframework.data.redis.connection.PoolException">org.springframework.data.redis.connection.PoolException: Could not get a resource from the pool; nested exception is org.jredis.ClientRuntimeException: null reference:{connection on setConnection()} in method JRedisClient.setConnection() [file: JRedisClient.java line:158 - package: org.jredis.ri.alphazero] cause: => [IllegalArgumentException: null reference:{connection on setConnection()} in method JRedisClient.setConnection() [file: JRedisClient.java line:158 - package: org.jredis.ri.alphazero]]
Caused by: org.jredis.ClientRuntimeException: null reference:{connection on setConnection()} in method JRedisClient.setConnection() [file: JRedisClient.java line:158 - package: org.jredis.ri.alphazero] cause: => [IllegalArgumentException: null reference:{connection on setConnection()} in method JRedisClient.setConnection() [file: JRedisClient.java line:158 - package: org.jredis.ri.alphazero]]
Caused by: java.lang.IllegalArgumentException: null reference:{connection on setConnection()} in method JRedisClient.setConnection() [file: JRedisClient.java line:158 - package: org.jredis.ri.alphazero]
</error>
  </testcase>
  <testcase name="testTakeFirst[13]" classname="org.springframework.data.redis.support.collections.RedisListTests" time="0">
    <error message="Could not get a resource from the pool; nested exception is org.jredis.ClientRuntimeException: null reference:{connection on setConnection()} in method JRedisClient.setConnection() [file: JRedisClient.java line:158 - package: org.jredis.ri.alphazero] cause: =&gt; [IllegalArgumentException: null reference:{connection on setConnection()} in method JRedisClient.setConnection() [file: JRedisClient.java line:158 - package: org.jredis.ri.alphazero]]" type="org.springframework.data.redis.connection.PoolException">org.springframework.data.redis.connection.PoolException: Could not get a resource from the pool; nested exception is org.jredis.ClientRuntimeException: null reference:{connection on setConnection()} in method JRedisClient.setConnection() [file: JRedisClient.java line:158 - package: org.jredis.ri.alphazero] cause: => [IllegalArgumentException: null reference:{connection on setConnection()} in method JRedisClient.setConnection() [file: JRedisClient.java line:158 - package: org.jredis.ri.alphazero]]
Caused by: org.jredis.ClientRuntimeException: null reference:{connection on setConnection()} in method JRedisClient.setConnection() [file: JRedisClient.java line:158 - package: org.jredis.ri.alphazero] cause: => [IllegalArgumentException: null reference:{connection on setConnection()} in method JRedisClient.setConnection() [file: JRedisClient.java line:158 - package: org.jredis.ri.alphazero]]
Caused by: java.lang.IllegalArgumentException: null reference:{connection on setConnection()} in method JRedisClient.setConnection() [file: JRedisClient.java line:158 - package: org.jredis.ri.alphazero]
</error>
    <system-err><![CDATA[01475611470694 Tue Oct 04 17:04:30 BRT 2016 JRedis[tid:1] <INFORMAÇÕES>: WARNING: heartbeat is disabled.
01475611470694 Tue Oct 04 17:04:30 BRT 2016 JRedis[tid:1] <ADVERTÊNCIA>: PROBLEM: Shutting down due to connection FAULT: Socket connect failed [cause: java.net.ConnectException: Conexão recusada] -- make sure the server is running at localhost:6379 - Connection: SYNCHRONOUS  localhost/127.0.0.1:6379 db:0 | SyncConnection@727860268
01475611470694 Tue Oct 04 17:04:30 BRT 2016 JRedis[tid:1] <GRAVE>: Error creating connection -> Socket connect failed [cause: java.net.ConnectException: Conexão recusada] -- make sure the server is running at localhost:6379
01475611470695 Tue Oct 04 17:04:30 BRT 2016 JRedis[tid:1] <INFORMAÇÕES>: WARNING: heartbeat is disabled.
01475611470695 Tue Oct 04 17:04:30 BRT 2016 JRedis[tid:1] <ADVERTÊNCIA>: PROBLEM: Shutting down due to connection FAULT: Socket connect failed [cause: java.net.ConnectException: Conexão recusada] -- make sure the server is running at localhost:6379 - Connection: SYNCHRONOUS  localhost/127.0.0.1:6379 db:0 | SyncConnection@1717739363
01475611470695 Tue Oct 04 17:04:30 BRT 2016 JRedis[tid:1] <GRAVE>: Error creating connection -> Socket connect failed [cause: java.net.ConnectException: Conexão recusada] -- make sure the server is running at localhost:6379
]]></system-err>
  </testcase>
  <testcase name="testTakeFirst[13]" classname="org.springframework.data.redis.support.collections.RedisListTests" time="0">
    <error message="Could not get a resource from the pool; nested exception is org.jredis.ClientRuntimeException: null reference:{connection on setConnection()} in method JRedisClient.setConnection() [file: JRedisClient.java line:158 - package: org.jredis.ri.alphazero] cause: =&gt; [IllegalArgumentException: null reference:{connection on setConnection()} in method JRedisClient.setConnection() [file: JRedisClient.java line:158 - package: org.jredis.ri.alphazero]]" type="org.springframework.data.redis.connection.PoolException">org.springframework.data.redis.connection.PoolException: Could not get a resource from the pool; nested exception is org.jredis.ClientRuntimeException: null reference:{connection on setConnection()} in method JRedisClient.setConnection() [file: JRedisClient.java line:158 - package: org.jredis.ri.alphazero] cause: => [IllegalArgumentException: null reference:{connection on setConnection()} in method JRedisClient.setConnection() [file: JRedisClient.java line:158 - package: org.jredis.ri.alphazero]]
Caused by: org.jredis.ClientRuntimeException: null reference:{connection on setConnection()} in method JRedisClient.setConnection() [file: JRedisClient.java line:158 - package: org.jredis.ri.alphazero] cause: => [IllegalArgumentException: null reference:{connection on setConnection()} in method JRedisClient.setConnection() [file: JRedisClient.java line:158 - package: org.jredis.ri.alphazero]]
Caused by: java.lang.IllegalArgumentException: null reference:{connection on setConnection()} in method JRedisClient.setConnection() [file: JRedisClient.java line:158 - package: org.jredis.ri.alphazero]
</error>
  </testcase>
  <testcase name="testContainsObject[13]" classname="org.springframework.data.redis.support.collections.RedisListTests" time="0.001">
    <error message="Could not get a resource from the pool; nested exception is org.jredis.ClientRuntimeException: null reference:{connection on setConnection()} in method JRedisClient.setConnection() [file: JRedisClient.java line:158 - package: org.jredis.ri.alphazero] cause: =&gt; [IllegalArgumentException: null reference:{connection on setConnection()} in method JRedisClient.setConnection() [file: JRedisClient.java line:158 - package: org.jredis.ri.alphazero]]" type="org.springframework.data.redis.connection.PoolException">org.springframework.data.redis.connection.PoolException: Could not get a resource from the pool; nested exception is org.jredis.ClientRuntimeException: null reference:{connection on setConnection()} in method JRedisClient.setConnection() [file: JRedisClient.java line:158 - package: org.jredis.ri.alphazero] cause: => [IllegalArgumentException: null reference:{connection on setConnection()} in method JRedisClient.setConnection() [file: JRedisClient.java line:158 - package: org.jredis.ri.alphazero]]
Caused by: org.jredis.ClientRuntimeException: null reference:{connection on setConnection()} in method JRedisClient.setConnection() [file: JRedisClient.java line:158 - package: org.jredis.ri.alphazero] cause: => [IllegalArgumentException: null reference:{connection on setConnection()} in method JRedisClient.setConnection() [file: JRedisClient.java line:158 - package: org.jredis.ri.alphazero]]
Caused by: java.lang.IllegalArgumentException: null reference:{connection on setConnection()} in method JRedisClient.setConnection() [file: JRedisClient.java line:158 - package: org.jredis.ri.alphazero]
</error>
    <system-err><![CDATA[01475611470695 Tue Oct 04 17:04:30 BRT 2016 JRedis[tid:1] <INFORMAÇÕES>: WARNING: heartbeat is disabled.
01475611470696 Tue Oct 04 17:04:30 BRT 2016 JRedis[tid:1] <ADVERTÊNCIA>: PROBLEM: Shutting down due to connection FAULT: Socket connect failed [cause: java.net.ConnectException: Conexão recusada] -- make sure the server is running at localhost:6379 - Connection: SYNCHRONOUS  localhost/127.0.0.1:6379 db:0 | SyncConnection@138536309
01475611470696 Tue Oct 04 17:04:30 BRT 2016 JRedis[tid:1] <GRAVE>: Error creating connection -> Socket connect failed [cause: java.net.ConnectException: Conexão recusada] -- make sure the server is running at localhost:6379
01475611470696 Tue Oct 04 17:04:30 BRT 2016 JRedis[tid:1] <INFORMAÇÕES>: WARNING: heartbeat is disabled.
01475611470696 Tue Oct 04 17:04:30 BRT 2016 JRedis[tid:1] <ADVERTÊNCIA>: PROBLEM: Shutting down due to connection FAULT: Socket connect failed [cause: java.net.ConnectException: Conexão recusada] -- make sure the server is running at localhost:6379 - Connection: SYNCHRONOUS  localhost/127.0.0.1:6379 db:0 | SyncConnection@665137804
01475611470696 Tue Oct 04 17:04:30 BRT 2016 JRedis[tid:1] <GRAVE>: Error creating connection -> Socket connect failed [cause: java.net.ConnectException: Conexão recusada] -- make sure the server is running at localhost:6379
]]></system-err>
  </testcase>
  <testcase name="testContainsObject[13]" classname="org.springframework.data.redis.support.collections.RedisListTests" time="0.001">
    <error message="Could not get a resource from the pool; nested exception is org.jredis.ClientRuntimeException: null reference:{connection on setConnection()} in method JRedisClient.setConnection() [file: JRedisClient.java line:158 - package: org.jredis.ri.alphazero] cause: =&gt; [IllegalArgumentException: null reference:{connection on setConnection()} in method JRedisClient.setConnection() [file: JRedisClient.java line:158 - package: org.jredis.ri.alphazero]]" type="org.springframework.data.redis.connection.PoolException">org.springframework.data.redis.connection.PoolException: Could not get a resource from the pool; nested exception is org.jredis.ClientRuntimeException: null reference:{connection on setConnection()} in method JRedisClient.setConnection() [file: JRedisClient.java line:158 - package: org.jredis.ri.alphazero] cause: => [IllegalArgumentException: null reference:{connection on setConnection()} in method JRedisClient.setConnection() [file: JRedisClient.java line:158 - package: org.jredis.ri.alphazero]]
Caused by: org.jredis.ClientRuntimeException: null reference:{connection on setConnection()} in method JRedisClient.setConnection() [file: JRedisClient.java line:158 - package: org.jredis.ri.alphazero] cause: => [IllegalArgumentException: null reference:{connection on setConnection()} in method JRedisClient.setConnection() [file: JRedisClient.java line:158 - package: org.jredis.ri.alphazero]]
Caused by: java.lang.IllegalArgumentException: null reference:{connection on setConnection()} in method JRedisClient.setConnection() [file: JRedisClient.java line:158 - package: org.jredis.ri.alphazero]
</error>
  </testcase>
  <testcase name="testToArray[13]" classname="org.springframework.data.redis.support.collections.RedisListTests" time="0.001">
    <error message="Could not get a resource from the pool; nested exception is org.jredis.ClientRuntimeException: null reference:{connection on setConnection()} in method JRedisClient.setConnection() [file: JRedisClient.java line:158 - package: org.jredis.ri.alphazero] cause: =&gt; [IllegalArgumentException: null reference:{connection on setConnection()} in method JRedisClient.setConnection() [file: JRedisClient.java line:158 - package: org.jredis.ri.alphazero]]" type="org.springframework.data.redis.connection.PoolException">org.springframework.data.redis.connection.PoolException: Could not get a resource from the pool; nested exception is org.jredis.ClientRuntimeException: null reference:{connection on setConnection()} in method JRedisClient.setConnection() [file: JRedisClient.java line:158 - package: org.jredis.ri.alphazero] cause: => [IllegalArgumentException: null reference:{connection on setConnection()} in method JRedisClient.setConnection() [file: JRedisClient.java line:158 - package: org.jredis.ri.alphazero]]
Caused by: org.jredis.ClientRuntimeException: null reference:{connection on setConnection()} in method JRedisClient.setConnection() [file: JRedisClient.java line:158 - package: org.jredis.ri.alphazero] cause: => [IllegalArgumentException: null reference:{connection on setConnection()} in method JRedisClient.setConnection() [file: JRedisClient.java line:158 - package: org.jredis.ri.alphazero]]
Caused by: java.lang.IllegalArgumentException: null reference:{connection on setConnection()} in method JRedisClient.setConnection() [file: JRedisClient.java line:158 - package: org.jredis.ri.alphazero]
</error>
    <system-err><![CDATA[01475611470697 Tue Oct 04 17:04:30 BRT 2016 JRedis[tid:1] <INFORMAÇÕES>: WARNING: heartbeat is disabled.
01475611470697 Tue Oct 04 17:04:30 BRT 2016 JRedis[tid:1] <ADVERTÊNCIA>: PROBLEM: Shutting down due to connection FAULT: Socket connect failed [cause: java.net.ConnectException: Conexão recusada] -- make sure the server is running at localhost:6379 - Connection: SYNCHRONOUS  localhost/127.0.0.1:6379 db:0 | SyncConnection@509559152
01475611470697 Tue Oct 04 17:04:30 BRT 2016 JRedis[tid:1] <GRAVE>: Error creating connection -> Socket connect failed [cause: java.net.ConnectException: Conexão recusada] -- make sure the server is running at localhost:6379
01475611470698 Tue Oct 04 17:04:30 BRT 2016 JRedis[tid:1] <INFORMAÇÕES>: WARNING: heartbeat is disabled.
01475611470698 Tue Oct 04 17:04:30 BRT 2016 JRedis[tid:1] <ADVERTÊNCIA>: PROBLEM: Shutting down due to connection FAULT: Socket connect failed [cause: java.net.ConnectException: Conexão recusada] -- make sure the server is running at localhost:6379 - Connection: SYNCHRONOUS  localhost/127.0.0.1:6379 db:0 | SyncConnection@1815370847
01475611470698 Tue Oct 04 17:04:30 BRT 2016 JRedis[tid:1] <GRAVE>: Error creating connection -> Socket connect failed [cause: java.net.ConnectException: Conexão recusada] -- make sure the server is running at localhost:6379
]]></system-err>
  </testcase>
  <testcase name="testToArray[13]" classname="org.springframework.data.redis.support.collections.RedisListTests" time="0.001">
    <error message="Could not get a resource from the pool; nested exception is org.jredis.ClientRuntimeException: null reference:{connection on setConnection()} in method JRedisClient.setConnection() [file: JRedisClient.java line:158 - package: org.jredis.ri.alphazero] cause: =&gt; [IllegalArgumentException: null reference:{connection on setConnection()} in method JRedisClient.setConnection() [file: JRedisClient.java line:158 - package: org.jredis.ri.alphazero]]" type="org.springframework.data.redis.connection.PoolException">org.springframework.data.redis.connection.PoolException: Could not get a resource from the pool; nested exception is org.jredis.ClientRuntimeException: null reference:{connection on setConnection()} in method JRedisClient.setConnection() [file: JRedisClient.java line:158 - package: org.jredis.ri.alphazero] cause: => [IllegalArgumentException: null reference:{connection on setConnection()} in method JRedisClient.setConnection() [file: JRedisClient.java line:158 - package: org.jredis.ri.alphazero]]
Caused by: org.jredis.ClientRuntimeException: null reference:{connection on setConnection()} in method JRedisClient.setConnection() [file: JRedisClient.java line:158 - package: org.jredis.ri.alphazero] cause: => [IllegalArgumentException: null reference:{connection on setConnection()} in method JRedisClient.setConnection() [file: JRedisClient.java line:158 - package: org.jredis.ri.alphazero]]
Caused by: java.lang.IllegalArgumentException: null reference:{connection on setConnection()} in method JRedisClient.setConnection() [file: JRedisClient.java line:158 - package: org.jredis.ri.alphazero]
</error>
  </testcase>
  <testcase name="testAdd[13]" classname="org.springframework.data.redis.support.collections.RedisListTests" time="0.002">
    <error message="Could not get a resource from the pool; nested exception is org.jredis.ClientRuntimeException: null reference:{connection on setConnection()} in method JRedisClient.setConnection() [file: JRedisClient.java line:158 - package: org.jredis.ri.alphazero] cause: =&gt; [IllegalArgumentException: null reference:{connection on setConnection()} in method JRedisClient.setConnection() [file: JRedisClient.java line:158 - package: org.jredis.ri.alphazero]]" type="org.springframework.data.redis.connection.PoolException">org.springframework.data.redis.connection.PoolException: Could not get a resource from the pool; nested exception is org.jredis.ClientRuntimeException: null reference:{connection on setConnection()} in method JRedisClient.setConnection() [file: JRedisClient.java line:158 - package: org.jredis.ri.alphazero] cause: => [IllegalArgumentException: null reference:{connection on setConnection()} in method JRedisClient.setConnection() [file: JRedisClient.java line:158 - package: org.jredis.ri.alphazero]]
Caused by: org.jredis.ClientRuntimeException: null reference:{connection on setConnection()} in method JRedisClient.setConnection() [file: JRedisClient.java line:158 - package: org.jredis.ri.alphazero] cause: => [IllegalArgumentException: null reference:{connection on setConnection()} in method JRedisClient.setConnection() [file: JRedisClient.java line:158 - package: org.jredis.ri.alphazero]]
Caused by: java.lang.IllegalArgumentException: null reference:{connection on setConnection()} in method JRedisClient.setConnection() [file: JRedisClient.java line:158 - package: org.jredis.ri.alphazero]
</error>
    <system-err><![CDATA[01475611470699 Tue Oct 04 17:04:30 BRT 2016 JRedis[tid:1] <INFORMAÇÕES>: WARNING: heartbeat is disabled.
01475611470699 Tue Oct 04 17:04:30 BRT 2016 JRedis[tid:1] <ADVERTÊNCIA>: PROBLEM: Shutting down due to connection FAULT: Socket connect failed [cause: java.net.ConnectException: Conexão recusada] -- make sure the server is running at localhost:6379 - Connection: SYNCHRONOUS  localhost/127.0.0.1:6379 db:0 | SyncConnection@1801021153
01475611470699 Tue Oct 04 17:04:30 BRT 2016 JRedis[tid:1] <GRAVE>: Error creating connection -> Socket connect failed [cause: java.net.ConnectException: Conexão recusada] -- make sure the server is running at localhost:6379
01475611470699 Tue Oct 04 17:04:30 BRT 2016 JRedis[tid:1] <INFORMAÇÕES>: WARNING: heartbeat is disabled.
01475611470699 Tue Oct 04 17:04:30 BRT 2016 JRedis[tid:1] <ADVERTÊNCIA>: PROBLEM: Shutting down due to connection FAULT: Socket connect failed [cause: java.net.ConnectException: Conexão recusada] -- make sure the server is running at localhost:6379 - Connection: SYNCHRONOUS  localhost/127.0.0.1:6379 db:0 | SyncConnection@1709578324
01475611470700 Tue Oct 04 17:04:30 BRT 2016 JRedis[tid:1] <GRAVE>: Error creating connection -> Socket connect failed [cause: java.net.ConnectException: Conexão recusada] -- make sure the server is running at localhost:6379
]]></system-err>
  </testcase>
  <testcase name="testAdd[13]" classname="org.springframework.data.redis.support.collections.RedisListTests" time="0.002">
    <error message="Could not get a resource from the pool; nested exception is org.jredis.ClientRuntimeException: null reference:{connection on setConnection()} in method JRedisClient.setConnection() [file: JRedisClient.java line:158 - package: org.jredis.ri.alphazero] cause: =&gt; [IllegalArgumentException: null reference:{connection on setConnection()} in method JRedisClient.setConnection() [file: JRedisClient.java line:158 - package: org.jredis.ri.alphazero]]" type="org.springframework.data.redis.connection.PoolException">org.springframework.data.redis.connection.PoolException: Could not get a resource from the pool; nested exception is org.jredis.ClientRuntimeException: null reference:{connection on setConnection()} in method JRedisClient.setConnection() [file: JRedisClient.java line:158 - package: org.jredis.ri.alphazero] cause: => [IllegalArgumentException: null reference:{connection on setConnection()} in method JRedisClient.setConnection() [file: JRedisClient.java line:158 - package: org.jredis.ri.alphazero]]
Caused by: org.jredis.ClientRuntimeException: null reference:{connection on setConnection()} in method JRedisClient.setConnection() [file: JRedisClient.java line:158 - package: org.jredis.ri.alphazero] cause: => [IllegalArgumentException: null reference:{connection on setConnection()} in method JRedisClient.setConnection() [file: JRedisClient.java line:158 - package: org.jredis.ri.alphazero]]
Caused by: java.lang.IllegalArgumentException: null reference:{connection on setConnection()} in method JRedisClient.setConnection() [file: JRedisClient.java line:158 - package: org.jredis.ri.alphazero]
</error>
  </testcase>
  <testcase name="testClear[13]" classname="org.springframework.data.redis.support.collections.RedisListTests" time="0.001">
    <error message="Could not get a resource from the pool; nested exception is org.jredis.ClientRuntimeException: null reference:{connection on setConnection()} in method JRedisClient.setConnection() [file: JRedisClient.java line:158 - package: org.jredis.ri.alphazero] cause: =&gt; [IllegalArgumentException: null reference:{connection on setConnection()} in method JRedisClient.setConnection() [file: JRedisClient.java line:158 - package: org.jredis.ri.alphazero]]" type="org.springframework.data.redis.connection.PoolException">org.springframework.data.redis.connection.PoolException: Could not get a resource from the pool; nested exception is org.jredis.ClientRuntimeException: null reference:{connection on setConnection()} in method JRedisClient.setConnection() [file: JRedisClient.java line:158 - package: org.jredis.ri.alphazero] cause: => [IllegalArgumentException: null reference:{connection on setConnection()} in method JRedisClient.setConnection() [file: JRedisClient.java line:158 - package: org.jredis.ri.alphazero]]
Caused by: org.jredis.ClientRuntimeException: null reference:{connection on setConnection()} in method JRedisClient.setConnection() [file: JRedisClient.java line:158 - package: org.jredis.ri.alphazero] cause: => [IllegalArgumentException: null reference:{connection on setConnection()} in method JRedisClient.setConnection() [file: JRedisClient.java line:158 - package: org.jredis.ri.alphazero]]
Caused by: java.lang.IllegalArgumentException: null reference:{connection on setConnection()} in method JRedisClient.setConnection() [file: JRedisClient.java line:158 - package: org.jredis.ri.alphazero]
</error>
    <system-err><![CDATA[01475611470700 Tue Oct 04 17:04:30 BRT 2016 JRedis[tid:1] <INFORMAÇÕES>: WARNING: heartbeat is disabled.
01475611470701 Tue Oct 04 17:04:30 BRT 2016 JRedis[tid:1] <ADVERTÊNCIA>: PROBLEM: Shutting down due to connection FAULT: Socket connect failed [cause: java.net.ConnectException: Conexão recusada] -- make sure the server is running at localhost:6379 - Connection: SYNCHRONOUS  localhost/127.0.0.1:6379 db:0 | SyncConnection@22446425
01475611470701 Tue Oct 04 17:04:30 BRT 2016 JRedis[tid:1] <GRAVE>: Error creating connection -> Socket connect failed [cause: java.net.ConnectException: Conexão recusada] -- make sure the server is running at localhost:6379
01475611470701 Tue Oct 04 17:04:30 BRT 2016 JRedis[tid:1] <INFORMAÇÕES>: WARNING: heartbeat is disabled.
01475611470701 Tue Oct 04 17:04:30 BRT 2016 JRedis[tid:1] <ADVERTÊNCIA>: PROBLEM: Shutting down due to connection FAULT: Socket connect failed [cause: java.net.ConnectException: Conexão recusada] -- make sure the server is running at localhost:6379 - Connection: SYNCHRONOUS  localhost/127.0.0.1:6379 db:0 | SyncConnection@1338958728
01475611470701 Tue Oct 04 17:04:30 BRT 2016 JRedis[tid:1] <GRAVE>: Error creating connection -> Socket connect failed [cause: java.net.ConnectException: Conexão recusada] -- make sure the server is running at localhost:6379
]]></system-err>
  </testcase>
  <testcase name="testClear[13]" classname="org.springframework.data.redis.support.collections.RedisListTests" time="0.002">
    <error message="Could not get a resource from the pool; nested exception is org.jredis.ClientRuntimeException: null reference:{connection on setConnection()} in method JRedisClient.setConnection() [file: JRedisClient.java line:158 - package: org.jredis.ri.alphazero] cause: =&gt; [IllegalArgumentException: null reference:{connection on setConnection()} in method JRedisClient.setConnection() [file: JRedisClient.java line:158 - package: org.jredis.ri.alphazero]]" type="org.springframework.data.redis.connection.PoolException">org.springframework.data.redis.connection.PoolException: Could not get a resource from the pool; nested exception is org.jredis.ClientRuntimeException: null reference:{connection on setConnection()} in method JRedisClient.setConnection() [file: JRedisClient.java line:158 - package: org.jredis.ri.alphazero] cause: => [IllegalArgumentException: null reference:{connection on setConnection()} in method JRedisClient.setConnection() [file: JRedisClient.java line:158 - package: org.jredis.ri.alphazero]]
Caused by: org.jredis.ClientRuntimeException: null reference:{connection on setConnection()} in method JRedisClient.setConnection() [file: JRedisClient.java line:158 - package: org.jredis.ri.alphazero] cause: => [IllegalArgumentException: null reference:{connection on setConnection()} in method JRedisClient.setConnection() [file: JRedisClient.java line:158 - package: org.jredis.ri.alphazero]]
Caused by: java.lang.IllegalArgumentException: null reference:{connection on setConnection()} in method JRedisClient.setConnection() [file: JRedisClient.java line:158 - package: org.jredis.ri.alphazero]
</error>
  </testcase>
  <testcase name="testSize[13]" classname="org.springframework.data.redis.support.collections.RedisListTests" time="0.001">
    <error message="Could not get a resource from the pool; nested exception is org.jredis.ClientRuntimeException: null reference:{connection on setConnection()} in method JRedisClient.setConnection() [file: JRedisClient.java line:158 - package: org.jredis.ri.alphazero] cause: =&gt; [IllegalArgumentException: null reference:{connection on setConnection()} in method JRedisClient.setConnection() [file: JRedisClient.java line:158 - package: org.jredis.ri.alphazero]]" type="org.springframework.data.redis.connection.PoolException">org.springframework.data.redis.connection.PoolException: Could not get a resource from the pool; nested exception is org.jredis.ClientRuntimeException: null reference:{connection on setConnection()} in method JRedisClient.setConnection() [file: JRedisClient.java line:158 - package: org.jredis.ri.alphazero] cause: => [IllegalArgumentException: null reference:{connection on setConnection()} in method JRedisClient.setConnection() [file: JRedisClient.java line:158 - package: org.jredis.ri.alphazero]]
Caused by: org.jredis.ClientRuntimeException: null reference:{connection on setConnection()} in method JRedisClient.setConnection() [file: JRedisClient.java line:158 - package: org.jredis.ri.alphazero] cause: => [IllegalArgumentException: null reference:{connection on setConnection()} in method JRedisClient.setConnection() [file: JRedisClient.java line:158 - package: org.jredis.ri.alphazero]]
Caused by: java.lang.IllegalArgumentException: null reference:{connection on setConnection()} in method JRedisClient.setConnection() [file: JRedisClient.java line:158 - package: org.jredis.ri.alphazero]
</error>
    <system-err><![CDATA[01475611470702 Tue Oct 04 17:04:30 BRT 2016 JRedis[tid:1] <INFORMAÇÕES>: WARNING: heartbeat is disabled.
01475611470702 Tue Oct 04 17:04:30 BRT 2016 JRedis[tid:1] <ADVERTÊNCIA>: PROBLEM: Shutting down due to connection FAULT: Socket connect failed [cause: java.net.ConnectException: Conexão recusada] -- make sure the server is running at localhost:6379 - Connection: SYNCHRONOUS  localhost/127.0.0.1:6379 db:0 | SyncConnection@1870723838
01475611470702 Tue Oct 04 17:04:30 BRT 2016 JRedis[tid:1] <GRAVE>: Error creating connection -> Socket connect failed [cause: java.net.ConnectException: Conexão recusada] -- make sure the server is running at localhost:6379
01475611470702 Tue Oct 04 17:04:30 BRT 2016 JRedis[tid:1] <INFORMAÇÕES>: WARNING: heartbeat is disabled.
01475611470702 Tue Oct 04 17:04:30 BRT 2016 JRedis[tid:1] <ADVERTÊNCIA>: PROBLEM: Shutting down due to connection FAULT: Socket connect failed [cause: java.net.ConnectException: Conexão recusada] -- make sure the server is running at localhost:6379 - Connection: SYNCHRONOUS  localhost/127.0.0.1:6379 db:0 | SyncConnection@988904418
01475611470702 Tue Oct 04 17:04:30 BRT 2016 JRedis[tid:1] <GRAVE>: Error creating connection -> Socket connect failed [cause: java.net.ConnectException: Conexão recusada] -- make sure the server is running at localhost:6379
]]></system-err>
  </testcase>
  <testcase name="testSize[13]" classname="org.springframework.data.redis.support.collections.RedisListTests" time="0.001">
    <error message="Could not get a resource from the pool; nested exception is org.jredis.ClientRuntimeException: null reference:{connection on setConnection()} in method JRedisClient.setConnection() [file: JRedisClient.java line:158 - package: org.jredis.ri.alphazero] cause: =&gt; [IllegalArgumentException: null reference:{connection on setConnection()} in method JRedisClient.setConnection() [file: JRedisClient.java line:158 - package: org.jredis.ri.alphazero]]" type="org.springframework.data.redis.connection.PoolException">org.springframework.data.redis.connection.PoolException: Could not get a resource from the pool; nested exception is org.jredis.ClientRuntimeException: null reference:{connection on setConnection()} in method JRedisClient.setConnection() [file: JRedisClient.java line:158 - package: org.jredis.ri.alphazero] cause: => [IllegalArgumentException: null reference:{connection on setConnection()} in method JRedisClient.setConnection() [file: JRedisClient.java line:158 - package: org.jredis.ri.alphazero]]
Caused by: org.jredis.ClientRuntimeException: null reference:{connection on setConnection()} in method JRedisClient.setConnection() [file: JRedisClient.java line:158 - package: org.jredis.ri.alphazero] cause: => [IllegalArgumentException: null reference:{connection on setConnection()} in method JRedisClient.setConnection() [file: JRedisClient.java line:158 - package: org.jredis.ri.alphazero]]
Caused by: java.lang.IllegalArgumentException: null reference:{connection on setConnection()} in method JRedisClient.setConnection() [file: JRedisClient.java line:158 - package: org.jredis.ri.alphazero]
</error>
  </testcase>
  <testcase name="testToString[13]" classname="org.springframework.data.redis.support.collections.RedisListTests" time="0.001">
    <error message="Could not get a resource from the pool; nested exception is org.jredis.ClientRuntimeException: null reference:{connection on setConnection()} in method JRedisClient.setConnection() [file: JRedisClient.java line:158 - package: org.jredis.ri.alphazero] cause: =&gt; [IllegalArgumentException: null reference:{connection on setConnection()} in method JRedisClient.setConnection() [file: JRedisClient.java line:158 - package: org.jredis.ri.alphazero]]" type="org.springframework.data.redis.connection.PoolException">org.springframework.data.redis.connection.PoolException: Could not get a resource from the pool; nested exception is org.jredis.ClientRuntimeException: null reference:{connection on setConnection()} in method JRedisClient.setConnection() [file: JRedisClient.java line:158 - package: org.jredis.ri.alphazero] cause: => [IllegalArgumentException: null reference:{connection on setConnection()} in method JRedisClient.setConnection() [file: JRedisClient.java line:158 - package: org.jredis.ri.alphazero]]
Caused by: org.jredis.ClientRuntimeException: null reference:{connection on setConnection()} in method JRedisClient.setConnection() [file: JRedisClient.java line:158 - package: org.jredis.ri.alphazero] cause: => [IllegalArgumentException: null reference:{connection on setConnection()} in method JRedisClient.setConnection() [file: JRedisClient.java line:158 - package: org.jredis.ri.alphazero]]
Caused by: java.lang.IllegalArgumentException: null reference:{connection on setConnection()} in method JRedisClient.setConnection() [file: JRedisClient.java line:158 - package: org.jredis.ri.alphazero]
</error>
    <system-err><![CDATA[01475611470703 Tue Oct 04 17:04:30 BRT 2016 JRedis[tid:1] <INFORMAÇÕES>: WARNING: heartbeat is disabled.
01475611470703 Tue Oct 04 17:04:30 BRT 2016 JRedis[tid:1] <ADVERTÊNCIA>: PROBLEM: Shutting down due to connection FAULT: Socket connect failed [cause: java.net.ConnectException: Conexão recusada] -- make sure the server is running at localhost:6379 - Connection: SYNCHRONOUS  localhost/127.0.0.1:6379 db:0 | SyncConnection@261650860
01475611470704 Tue Oct 04 17:04:30 BRT 2016 JRedis[tid:1] <GRAVE>: Error creating connection -> Socket connect failed [cause: java.net.ConnectException: Conexão recusada] -- make sure the server is running at localhost:6379
01475611470704 Tue Oct 04 17:04:30 BRT 2016 JRedis[tid:1] <INFORMAÇÕES>: WARNING: heartbeat is disabled.
01475611470704 Tue Oct 04 17:04:30 BRT 2016 JRedis[tid:1] <ADVERTÊNCIA>: PROBLEM: Shutting down due to connection FAULT: Socket connect failed [cause: java.net.ConnectException: Conexão recusada] -- make sure the server is running at localhost:6379 - Connection: SYNCHRONOUS  localhost/127.0.0.1:6379 db:0 | SyncConnection@938613108
01475611470704 Tue Oct 04 17:04:30 BRT 2016 JRedis[tid:1] <GRAVE>: Error creating connection -> Socket connect failed [cause: java.net.ConnectException: Conexão recusada] -- make sure the server is running at localhost:6379
]]></system-err>
  </testcase>
  <testcase name="testToString[13]" classname="org.springframework.data.redis.support.collections.RedisListTests" time="0.001">
    <error message="Could not get a resource from the pool; nested exception is org.jredis.ClientRuntimeException: null reference:{connection on setConnection()} in method JRedisClient.setConnection() [file: JRedisClient.java line:158 - package: org.jredis.ri.alphazero] cause: =&gt; [IllegalArgumentException: null reference:{connection on setConnection()} in method JRedisClient.setConnection() [file: JRedisClient.java line:158 - package: org.jredis.ri.alphazero]]" type="org.springframework.data.redis.connection.PoolException">org.springframework.data.redis.connection.PoolException: Could not get a resource from the pool; nested exception is org.jredis.ClientRuntimeException: null reference:{connection on setConnection()} in method JRedisClient.setConnection() [file: JRedisClient.java line:158 - package: org.jredis.ri.alphazero] cause: => [IllegalArgumentException: null reference:{connection on setConnection()} in method JRedisClient.setConnection() [file: JRedisClient.java line:158 - package: org.jredis.ri.alphazero]]
Caused by: org.jredis.ClientRuntimeException: null reference:{connection on setConnection()} in method JRedisClient.setConnection() [file: JRedisClient.java line:158 - package: org.jredis.ri.alphazero] cause: => [IllegalArgumentException: null reference:{connection on setConnection()} in method JRedisClient.setConnection() [file: JRedisClient.java line:158 - package: org.jredis.ri.alphazero]]
Caused by: java.lang.IllegalArgumentException: null reference:{connection on setConnection()} in method JRedisClient.setConnection() [file: JRedisClient.java line:158 - package: org.jredis.ri.alphazero]
</error>
  </testcase>
  <testcase name="testContainsAll[13]" classname="org.springframework.data.redis.support.collections.RedisListTests" time="0.001">
    <error message="Could not get a resource from the pool; nested exception is org.jredis.ClientRuntimeException: null reference:{connection on setConnection()} in method JRedisClient.setConnection() [file: JRedisClient.java line:158 - package: org.jredis.ri.alphazero] cause: =&gt; [IllegalArgumentException: null reference:{connection on setConnection()} in method JRedisClient.setConnection() [file: JRedisClient.java line:158 - package: org.jredis.ri.alphazero]]" type="org.springframework.data.redis.connection.PoolException">org.springframework.data.redis.connection.PoolException: Could not get a resource from the pool; nested exception is org.jredis.ClientRuntimeException: null reference:{connection on setConnection()} in method JRedisClient.setConnection() [file: JRedisClient.java line:158 - package: org.jredis.ri.alphazero] cause: => [IllegalArgumentException: null reference:{connection on setConnection()} in method JRedisClient.setConnection() [file: JRedisClient.java line:158 - package: org.jredis.ri.alphazero]]
Caused by: org.jredis.ClientRuntimeException: null reference:{connection on setConnection()} in method JRedisClient.setConnection() [file: JRedisClient.java line:158 - package: org.jredis.ri.alphazero] cause: => [IllegalArgumentException: null reference:{connection on setConnection()} in method JRedisClient.setConnection() [file: JRedisClient.java line:158 - package: org.jredis.ri.alphazero]]
Caused by: java.lang.IllegalArgumentException: null reference:{connection on setConnection()} in method JRedisClient.setConnection() [file: JRedisClient.java line:158 - package: org.jredis.ri.alphazero]
</error>
    <system-err><![CDATA[01475611470705 Tue Oct 04 17:04:30 BRT 2016 JRedis[tid:1] <INFORMAÇÕES>: WARNING: heartbeat is disabled.
01475611470705 Tue Oct 04 17:04:30 BRT 2016 JRedis[tid:1] <ADVERTÊNCIA>: PROBLEM: Shutting down due to connection FAULT: Socket connect failed [cause: java.net.ConnectException: Conexão recusada] -- make sure the server is running at localhost:6379 - Connection: SYNCHRONOUS  localhost/127.0.0.1:6379 db:0 | SyncConnection@1598898814
01475611470705 Tue Oct 04 17:04:30 BRT 2016 JRedis[tid:1] <GRAVE>: Error creating connection -> Socket connect failed [cause: java.net.ConnectException: Conexão recusada] -- make sure the server is running at localhost:6379
01475611470705 Tue Oct 04 17:04:30 BRT 2016 JRedis[tid:1] <INFORMAÇÕES>: WARNING: heartbeat is disabled.
01475611470705 Tue Oct 04 17:04:30 BRT 2016 JRedis[tid:1] <ADVERTÊNCIA>: PROBLEM: Shutting down due to connection FAULT: Socket connect failed [cause: java.net.ConnectException: Conexão recusada] -- make sure the server is running at localhost:6379 - Connection: SYNCHRONOUS  localhost/127.0.0.1:6379 db:0 | SyncConnection@1850874910
01475611470705 Tue Oct 04 17:04:30 BRT 2016 JRedis[tid:1] <GRAVE>: Error creating connection -> Socket connect failed [cause: java.net.ConnectException: Conexão recusada] -- make sure the server is running at localhost:6379
]]></system-err>
  </testcase>
  <testcase name="testContainsAll[13]" classname="org.springframework.data.redis.support.collections.RedisListTests" time="0.001">
    <error message="Could not get a resource from the pool; nested exception is org.jredis.ClientRuntimeException: null reference:{connection on setConnection()} in method JRedisClient.setConnection() [file: JRedisClient.java line:158 - package: org.jredis.ri.alphazero] cause: =&gt; [IllegalArgumentException: null reference:{connection on setConnection()} in method JRedisClient.setConnection() [file: JRedisClient.java line:158 - package: org.jredis.ri.alphazero]]" type="org.springframework.data.redis.connection.PoolException">org.springframework.data.redis.connection.PoolException: Could not get a resource from the pool; nested exception is org.jredis.ClientRuntimeException: null reference:{connection on setConnection()} in method JRedisClient.setConnection() [file: JRedisClient.java line:158 - package: org.jredis.ri.alphazero] cause: => [IllegalArgumentException: null reference:{connection on setConnection()} in method JRedisClient.setConnection() [file: JRedisClient.java line:158 - package: org.jredis.ri.alphazero]]
Caused by: org.jredis.ClientRuntimeException: null reference:{connection on setConnection()} in method JRedisClient.setConnection() [file: JRedisClient.java line:158 - package: org.jredis.ri.alphazero] cause: => [IllegalArgumentException: null reference:{connection on setConnection()} in method JRedisClient.setConnection() [file: JRedisClient.java line:158 - package: org.jredis.ri.alphazero]]
Caused by: java.lang.IllegalArgumentException: null reference:{connection on setConnection()} in method JRedisClient.setConnection() [file: JRedisClient.java line:158 - package: org.jredis.ri.alphazero]
</error>
  </testcase>
  <testcase name="testRemoveObject[13]" classname="org.springframework.data.redis.support.collections.RedisListTests" time="0.001">
    <error message="Could not get a resource from the pool; nested exception is org.jredis.ClientRuntimeException: null reference:{connection on setConnection()} in method JRedisClient.setConnection() [file: JRedisClient.java line:158 - package: org.jredis.ri.alphazero] cause: =&gt; [IllegalArgumentException: null reference:{connection on setConnection()} in method JRedisClient.setConnection() [file: JRedisClient.java line:158 - package: org.jredis.ri.alphazero]]" type="org.springframework.data.redis.connection.PoolException">org.springframework.data.redis.connection.PoolException: Could not get a resource from the pool; nested exception is org.jredis.ClientRuntimeException: null reference:{connection on setConnection()} in method JRedisClient.setConnection() [file: JRedisClient.java line:158 - package: org.jredis.ri.alphazero] cause: => [IllegalArgumentException: null reference:{connection on setConnection()} in method JRedisClient.setConnection() [file: JRedisClient.java line:158 - package: org.jredis.ri.alphazero]]
Caused by: org.jredis.ClientRuntimeException: null reference:{connection on setConnection()} in method JRedisClient.setConnection() [file: JRedisClient.java line:158 - package: org.jredis.ri.alphazero] cause: => [IllegalArgumentException: null reference:{connection on setConnection()} in method JRedisClient.setConnection() [file: JRedisClient.java line:158 - package: org.jredis.ri.alphazero]]
Caused by: java.lang.IllegalArgumentException: null reference:{connection on setConnection()} in method JRedisClient.setConnection() [file: JRedisClient.java line:158 - package: org.jredis.ri.alphazero]
</error>
    <system-err><![CDATA[01475611470706 Tue Oct 04 17:04:30 BRT 2016 JRedis[tid:1] <INFORMAÇÕES>: WARNING: heartbeat is disabled.
01475611470706 Tue Oct 04 17:04:30 BRT 2016 JRedis[tid:1] <ADVERTÊNCIA>: PROBLEM: Shutting down due to connection FAULT: Socket connect failed [cause: java.net.ConnectException: Conexão recusada] -- make sure the server is running at localhost:6379 - Connection: SYNCHRONOUS  localhost/127.0.0.1:6379 db:0 | SyncConnection@575360353
01475611470706 Tue Oct 04 17:04:30 BRT 2016 JRedis[tid:1] <GRAVE>: Error creating connection -> Socket connect failed [cause: java.net.ConnectException: Conexão recusada] -- make sure the server is running at localhost:6379
01475611470706 Tue Oct 04 17:04:30 BRT 2016 JRedis[tid:1] <INFORMAÇÕES>: WARNING: heartbeat is disabled.
01475611470706 Tue Oct 04 17:04:30 BRT 2016 JRedis[tid:1] <ADVERTÊNCIA>: PROBLEM: Shutting down due to connection FAULT: Socket connect failed [cause: java.net.ConnectException: Conexão recusada] -- make sure the server is running at localhost:6379 - Connection: SYNCHRONOUS  localhost/127.0.0.1:6379 db:0 | SyncConnection@97901029
01475611470707 Tue Oct 04 17:04:30 BRT 2016 JRedis[tid:1] <GRAVE>: Error creating connection -> Socket connect failed [cause: java.net.ConnectException: Conexão recusada] -- make sure the server is running at localhost:6379
]]></system-err>
  </testcase>
  <testcase name="testRemoveObject[13]" classname="org.springframework.data.redis.support.collections.RedisListTests" time="0.001">
    <error message="Could not get a resource from the pool; nested exception is org.jredis.ClientRuntimeException: null reference:{connection on setConnection()} in method JRedisClient.setConnection() [file: JRedisClient.java line:158 - package: org.jredis.ri.alphazero] cause: =&gt; [IllegalArgumentException: null reference:{connection on setConnection()} in method JRedisClient.setConnection() [file: JRedisClient.java line:158 - package: org.jredis.ri.alphazero]]" type="org.springframework.data.redis.connection.PoolException">org.springframework.data.redis.connection.PoolException: Could not get a resource from the pool; nested exception is org.jredis.ClientRuntimeException: null reference:{connection on setConnection()} in method JRedisClient.setConnection() [file: JRedisClient.java line:158 - package: org.jredis.ri.alphazero] cause: => [IllegalArgumentException: null reference:{connection on setConnection()} in method JRedisClient.setConnection() [file: JRedisClient.java line:158 - package: org.jredis.ri.alphazero]]
Caused by: org.jredis.ClientRuntimeException: null reference:{connection on setConnection()} in method JRedisClient.setConnection() [file: JRedisClient.java line:158 - package: org.jredis.ri.alphazero] cause: => [IllegalArgumentException: null reference:{connection on setConnection()} in method JRedisClient.setConnection() [file: JRedisClient.java line:158 - package: org.jredis.ri.alphazero]]
Caused by: java.lang.IllegalArgumentException: null reference:{connection on setConnection()} in method JRedisClient.setConnection() [file: JRedisClient.java line:158 - package: org.jredis.ri.alphazero]
</error>
  </testcase>
  <testcase name="testHashCode[13]" classname="org.springframework.data.redis.support.collections.RedisListTests" time="0.001">
    <error message="Could not get a resource from the pool; nested exception is org.jredis.ClientRuntimeException: null reference:{connection on setConnection()} in method JRedisClient.setConnection() [file: JRedisClient.java line:158 - package: org.jredis.ri.alphazero] cause: =&gt; [IllegalArgumentException: null reference:{connection on setConnection()} in method JRedisClient.setConnection() [file: JRedisClient.java line:158 - package: org.jredis.ri.alphazero]]" type="org.springframework.data.redis.connection.PoolException">org.springframework.data.redis.connection.PoolException: Could not get a resource from the pool; nested exception is org.jredis.ClientRuntimeException: null reference:{connection on setConnection()} in method JRedisClient.setConnection() [file: JRedisClient.java line:158 - package: org.jredis.ri.alphazero] cause: => [IllegalArgumentException: null reference:{connection on setConnection()} in method JRedisClient.setConnection() [file: JRedisClient.java line:158 - package: org.jredis.ri.alphazero]]
Caused by: org.jredis.ClientRuntimeException: null reference:{connection on setConnection()} in method JRedisClient.setConnection() [file: JRedisClient.java line:158 - package: org.jredis.ri.alphazero] cause: => [IllegalArgumentException: null reference:{connection on setConnection()} in method JRedisClient.setConnection() [file: JRedisClient.java line:158 - package: org.jredis.ri.alphazero]]
Caused by: java.lang.IllegalArgumentException: null reference:{connection on setConnection()} in method JRedisClient.setConnection() [file: JRedisClient.java line:158 - package: org.jredis.ri.alphazero]
</error>
    <system-err><![CDATA[01475611470707 Tue Oct 04 17:04:30 BRT 2016 JRedis[tid:1] <INFORMAÇÕES>: WARNING: heartbeat is disabled.
01475611470707 Tue Oct 04 17:04:30 BRT 2016 JRedis[tid:1] <ADVERTÊNCIA>: PROBLEM: Shutting down due to connection FAULT: Socket connect failed [cause: java.net.ConnectException: Conexão recusada] -- make sure the server is running at localhost:6379 - Connection: SYNCHRONOUS  localhost/127.0.0.1:6379 db:0 | SyncConnection@809383315
01475611470707 Tue Oct 04 17:04:30 BRT 2016 JRedis[tid:1] <GRAVE>: Error creating connection -> Socket connect failed [cause: java.net.ConnectException: Conexão recusada] -- make sure the server is running at localhost:6379
]]></system-err>
  </testcase>
  <testcase name="testAddAll[13]" classname="org.springframework.data.redis.support.collections.RedisListTests" time="0.001">
    <error message="Could not get a resource from the pool; nested exception is org.jredis.ClientRuntimeException: null reference:{connection on setConnection()} in method JRedisClient.setConnection() [file: JRedisClient.java line:158 - package: org.jredis.ri.alphazero] cause: =&gt; [IllegalArgumentException: null reference:{connection on setConnection()} in method JRedisClient.setConnection() [file: JRedisClient.java line:158 - package: org.jredis.ri.alphazero]]" type="org.springframework.data.redis.connection.PoolException">org.springframework.data.redis.connection.PoolException: Could not get a resource from the pool; nested exception is org.jredis.ClientRuntimeException: null reference:{connection on setConnection()} in method JRedisClient.setConnection() [file: JRedisClient.java line:158 - package: org.jredis.ri.alphazero] cause: => [IllegalArgumentException: null reference:{connection on setConnection()} in method JRedisClient.setConnection() [file: JRedisClient.java line:158 - package: org.jredis.ri.alphazero]]
Caused by: org.jredis.ClientRuntimeException: null reference:{connection on setConnection()} in method JRedisClient.setConnection() [file: JRedisClient.java line:158 - package: org.jredis.ri.alphazero] cause: => [IllegalArgumentException: null reference:{connection on setConnection()} in method JRedisClient.setConnection() [file: JRedisClient.java line:158 - package: org.jredis.ri.alphazero]]
Caused by: java.lang.IllegalArgumentException: null reference:{connection on setConnection()} in method JRedisClient.setConnection() [file: JRedisClient.java line:158 - package: org.jredis.ri.alphazero]
</error>
    <system-err><![CDATA[01475611470708 Tue Oct 04 17:04:30 BRT 2016 JRedis[tid:1] <INFORMAÇÕES>: WARNING: heartbeat is disabled.
01475611470708 Tue Oct 04 17:04:30 BRT 2016 JRedis[tid:1] <ADVERTÊNCIA>: PROBLEM: Shutting down due to connection FAULT: Socket connect failed [cause: java.net.ConnectException: Conexão recusada] -- make sure the server is running at localhost:6379 - Connection: SYNCHRONOUS  localhost/127.0.0.1:6379 db:0 | SyncConnection@1324514662
01475611470708 Tue Oct 04 17:04:30 BRT 2016 JRedis[tid:1] <GRAVE>: Error creating connection -> Socket connect failed [cause: java.net.ConnectException: Conexão recusada] -- make sure the server is running at localhost:6379
01475611470708 Tue Oct 04 17:04:30 BRT 2016 JRedis[tid:1] <INFORMAÇÕES>: WARNING: heartbeat is disabled.
01475611470709 Tue Oct 04 17:04:30 BRT 2016 JRedis[tid:1] <ADVERTÊNCIA>: PROBLEM: Shutting down due to connection FAULT: Socket connect failed [cause: java.net.ConnectException: Conexão recusada] -- make sure the server is running at localhost:6379 - Connection: SYNCHRONOUS  localhost/127.0.0.1:6379 db:0 | SyncConnection@908722588
01475611470709 Tue Oct 04 17:04:30 BRT 2016 JRedis[tid:1] <GRAVE>: Error creating connection -> Socket connect failed [cause: java.net.ConnectException: Conexão recusada] -- make sure the server is running at localhost:6379
]]></system-err>
  </testcase>
  <testcase name="testAddAll[13]" classname="org.springframework.data.redis.support.collections.RedisListTests" time="0.001">
    <error message="Could not get a resource from the pool; nested exception is org.jredis.ClientRuntimeException: null reference:{connection on setConnection()} in method JRedisClient.setConnection() [file: JRedisClient.java line:158 - package: org.jredis.ri.alphazero] cause: =&gt; [IllegalArgumentException: null reference:{connection on setConnection()} in method JRedisClient.setConnection() [file: JRedisClient.java line:158 - package: org.jredis.ri.alphazero]]" type="org.springframework.data.redis.connection.PoolException">org.springframework.data.redis.connection.PoolException: Could not get a resource from the pool; nested exception is org.jredis.ClientRuntimeException: null reference:{connection on setConnection()} in method JRedisClient.setConnection() [file: JRedisClient.java line:158 - package: org.jredis.ri.alphazero] cause: => [IllegalArgumentException: null reference:{connection on setConnection()} in method JRedisClient.setConnection() [file: JRedisClient.java line:158 - package: org.jredis.ri.alphazero]]
Caused by: org.jredis.ClientRuntimeException: null reference:{connection on setConnection()} in method JRedisClient.setConnection() [file: JRedisClient.java line:158 - package: org.jredis.ri.alphazero] cause: => [IllegalArgumentException: null reference:{connection on setConnection()} in method JRedisClient.setConnection() [file: JRedisClient.java line:158 - package: org.jredis.ri.alphazero]]
Caused by: java.lang.IllegalArgumentException: null reference:{connection on setConnection()} in method JRedisClient.setConnection() [file: JRedisClient.java line:158 - package: org.jredis.ri.alphazero]
</error>
  </testcase>
  <testcase name="removeAll[13]" classname="org.springframework.data.redis.support.collections.RedisListTests" time="0.001">
    <error message="Could not get a resource from the pool; nested exception is org.jredis.ClientRuntimeException: null reference:{connection on setConnection()} in method JRedisClient.setConnection() [file: JRedisClient.java line:158 - package: org.jredis.ri.alphazero] cause: =&gt; [IllegalArgumentException: null reference:{connection on setConnection()} in method JRedisClient.setConnection() [file: JRedisClient.java line:158 - package: org.jredis.ri.alphazero]]" type="org.springframework.data.redis.connection.PoolException">org.springframework.data.redis.connection.PoolException: Could not get a resource from the pool; nested exception is org.jredis.ClientRuntimeException: null reference:{connection on setConnection()} in method JRedisClient.setConnection() [file: JRedisClient.java line:158 - package: org.jredis.ri.alphazero] cause: => [IllegalArgumentException: null reference:{connection on setConnection()} in method JRedisClient.setConnection() [file: JRedisClient.java line:158 - package: org.jredis.ri.alphazero]]
Caused by: org.jredis.ClientRuntimeException: null reference:{connection on setConnection()} in method JRedisClient.setConnection() [file: JRedisClient.java line:158 - package: org.jredis.ri.alphazero] cause: => [IllegalArgumentException: null reference:{connection on setConnection()} in method JRedisClient.setConnection() [file: JRedisClient.java line:158 - package: org.jredis.ri.alphazero]]
Caused by: java.lang.IllegalArgumentException: null reference:{connection on setConnection()} in method JRedisClient.setConnection() [file: JRedisClient.java line:158 - package: org.jredis.ri.alphazero]
</error>
    <system-err><![CDATA[01475611470709 Tue Oct 04 17:04:30 BRT 2016 JRedis[tid:1] <INFORMAÇÕES>: WARNING: heartbeat is disabled.
01475611470709 Tue Oct 04 17:04:30 BRT 2016 JRedis[tid:1] <ADVERTÊNCIA>: PROBLEM: Shutting down due to connection FAULT: Socket connect failed [cause: java.net.ConnectException: Conexão recusada] -- make sure the server is running at localhost:6379 - Connection: SYNCHRONOUS  localhost/127.0.0.1:6379 db:0 | SyncConnection@496757837
01475611470709 Tue Oct 04 17:04:30 BRT 2016 JRedis[tid:1] <GRAVE>: Error creating connection -> Socket connect failed [cause: java.net.ConnectException: Conexão recusada] -- make sure the server is running at localhost:6379
01475611470710 Tue Oct 04 17:04:30 BRT 2016 JRedis[tid:1] <INFORMAÇÕES>: WARNING: heartbeat is disabled.
01475611470710 Tue Oct 04 17:04:30 BRT 2016 JRedis[tid:1] <ADVERTÊNCIA>: PROBLEM: Shutting down due to connection FAULT: Socket connect failed [cause: java.net.ConnectException: Conexão recusada] -- make sure the server is running at localhost:6379 - Connection: SYNCHRONOUS  localhost/127.0.0.1:6379 db:0 | SyncConnection@1548271808
01475611470710 Tue Oct 04 17:04:30 BRT 2016 JRedis[tid:1] <GRAVE>: Error creating connection -> Socket connect failed [cause: java.net.ConnectException: Conexão recusada] -- make sure the server is running at localhost:6379
]]></system-err>
  </testcase>
  <testcase name="removeAll[13]" classname="org.springframework.data.redis.support.collections.RedisListTests" time="0.001">
    <error message="Could not get a resource from the pool; nested exception is org.jredis.ClientRuntimeException: null reference:{connection on setConnection()} in method JRedisClient.setConnection() [file: JRedisClient.java line:158 - package: org.jredis.ri.alphazero] cause: =&gt; [IllegalArgumentException: null reference:{connection on setConnection()} in method JRedisClient.setConnection() [file: JRedisClient.java line:158 - package: org.jredis.ri.alphazero]]" type="org.springframework.data.redis.connection.PoolException">org.springframework.data.redis.connection.PoolException: Could not get a resource from the pool; nested exception is org.jredis.ClientRuntimeException: null reference:{connection on setConnection()} in method JRedisClient.setConnection() [file: JRedisClient.java line:158 - package: org.jredis.ri.alphazero] cause: => [IllegalArgumentException: null reference:{connection on setConnection()} in method JRedisClient.setConnection() [file: JRedisClient.java line:158 - package: org.jredis.ri.alphazero]]
Caused by: org.jredis.ClientRuntimeException: null reference:{connection on setConnection()} in method JRedisClient.setConnection() [file: JRedisClient.java line:158 - package: org.jredis.ri.alphazero] cause: => [IllegalArgumentException: null reference:{connection on setConnection()} in method JRedisClient.setConnection() [file: JRedisClient.java line:158 - package: org.jredis.ri.alphazero]]
Caused by: java.lang.IllegalArgumentException: null reference:{connection on setConnection()} in method JRedisClient.setConnection() [file: JRedisClient.java line:158 - package: org.jredis.ri.alphazero]
</error>
  </testcase>
  <testcase name="testEquals[13]" classname="org.springframework.data.redis.support.collections.RedisListTests" time="0.001">
    <error message="Could not get a resource from the pool; nested exception is org.jredis.ClientRuntimeException: null reference:{connection on setConnection()} in method JRedisClient.setConnection() [file: JRedisClient.java line:158 - package: org.jredis.ri.alphazero] cause: =&gt; [IllegalArgumentException: null reference:{connection on setConnection()} in method JRedisClient.setConnection() [file: JRedisClient.java line:158 - package: org.jredis.ri.alphazero]]" type="org.springframework.data.redis.connection.PoolException">org.springframework.data.redis.connection.PoolException: Could not get a resource from the pool; nested exception is org.jredis.ClientRuntimeException: null reference:{connection on setConnection()} in method JRedisClient.setConnection() [file: JRedisClient.java line:158 - package: org.jredis.ri.alphazero] cause: => [IllegalArgumentException: null reference:{connection on setConnection()} in method JRedisClient.setConnection() [file: JRedisClient.java line:158 - package: org.jredis.ri.alphazero]]
Caused by: org.jredis.ClientRuntimeException: null reference:{connection on setConnection()} in method JRedisClient.setConnection() [file: JRedisClient.java line:158 - package: org.jredis.ri.alphazero] cause: => [IllegalArgumentException: null reference:{connection on setConnection()} in method JRedisClient.setConnection() [file: JRedisClient.java line:158 - package: org.jredis.ri.alphazero]]
Caused by: java.lang.IllegalArgumentException: null reference:{connection on setConnection()} in method JRedisClient.setConnection() [file: JRedisClient.java line:158 - package: org.jredis.ri.alphazero]
</error>
    <system-err><![CDATA[01475611470710 Tue Oct 04 17:04:30 BRT 2016 JRedis[tid:1] <INFORMAÇÕES>: WARNING: heartbeat is disabled.
01475611470710 Tue Oct 04 17:04:30 BRT 2016 JRedis[tid:1] <ADVERTÊNCIA>: PROBLEM: Shutting down due to connection FAULT: Socket connect failed [cause: java.net.ConnectException: Conexão recusada] -- make sure the server is running at localhost:6379 - Connection: SYNCHRONOUS  localhost/127.0.0.1:6379 db:0 | SyncConnection@17600354
01475611470710 Tue Oct 04 17:04:30 BRT 2016 JRedis[tid:1] <GRAVE>: Error creating connection -> Socket connect failed [cause: java.net.ConnectException: Conexão recusada] -- make sure the server is running at localhost:6379
]]></system-err>
  </testcase>
  <testcase name="testGetKey[13]" classname="org.springframework.data.redis.support.collections.RedisListTests" time="0">
    <error message="Could not get a resource from the pool; nested exception is org.jredis.ClientRuntimeException: null reference:{connection on setConnection()} in method JRedisClient.setConnection() [file: JRedisClient.java line:158 - package: org.jredis.ri.alphazero] cause: =&gt; [IllegalArgumentException: null reference:{connection on setConnection()} in method JRedisClient.setConnection() [file: JRedisClient.java line:158 - package: org.jredis.ri.alphazero]]" type="org.springframework.data.redis.connection.PoolException">org.springframework.data.redis.connection.PoolException: Could not get a resource from the pool; nested exception is org.jredis.ClientRuntimeException: null reference:{connection on setConnection()} in method JRedisClient.setConnection() [file: JRedisClient.java line:158 - package: org.jredis.ri.alphazero] cause: => [IllegalArgumentException: null reference:{connection on setConnection()} in method JRedisClient.setConnection() [file: JRedisClient.java line:158 - package: org.jredis.ri.alphazero]]
Caused by: org.jredis.ClientRuntimeException: null reference:{connection on setConnection()} in method JRedisClient.setConnection() [file: JRedisClient.java line:158 - package: org.jredis.ri.alphazero] cause: => [IllegalArgumentException: null reference:{connection on setConnection()} in method JRedisClient.setConnection() [file: JRedisClient.java line:158 - package: org.jredis.ri.alphazero]]
Caused by: java.lang.IllegalArgumentException: null reference:{connection on setConnection()} in method JRedisClient.setConnection() [file: JRedisClient.java line:158 - package: org.jredis.ri.alphazero]
</error>
    <system-err><![CDATA[01475611470711 Tue Oct 04 17:04:30 BRT 2016 JRedis[tid:1] <INFORMAÇÕES>: WARNING: heartbeat is disabled.
01475611470711 Tue Oct 04 17:04:30 BRT 2016 JRedis[tid:1] <ADVERTÊNCIA>: PROBLEM: Shutting down due to connection FAULT: Socket connect failed [cause: java.net.ConnectException: Conexão recusada] -- make sure the server is running at localhost:6379 - Connection: SYNCHRONOUS  localhost/127.0.0.1:6379 db:0 | SyncConnection@1733056574
01475611470711 Tue Oct 04 17:04:30 BRT 2016 JRedis[tid:1] <GRAVE>: Error creating connection -> Socket connect failed [cause: java.net.ConnectException: Conexão recusada] -- make sure the server is running at localhost:6379
]]></system-err>
  </testcase>
  <testcase name="testToArrayWithGenerics[13]" classname="org.springframework.data.redis.support.collections.RedisListTests" time="0.002">
    <error message="Could not get a resource from the pool; nested exception is org.jredis.ClientRuntimeException: null reference:{connection on setConnection()} in method JRedisClient.setConnection() [file: JRedisClient.java line:158 - package: org.jredis.ri.alphazero] cause: =&gt; [IllegalArgumentException: null reference:{connection on setConnection()} in method JRedisClient.setConnection() [file: JRedisClient.java line:158 - package: org.jredis.ri.alphazero]]" type="org.springframework.data.redis.connection.PoolException">org.springframework.data.redis.connection.PoolException: Could not get a resource from the pool; nested exception is org.jredis.ClientRuntimeException: null reference:{connection on setConnection()} in method JRedisClient.setConnection() [file: JRedisClient.java line:158 - package: org.jredis.ri.alphazero] cause: => [IllegalArgumentException: null reference:{connection on setConnection()} in method JRedisClient.setConnection() [file: JRedisClient.java line:158 - package: org.jredis.ri.alphazero]]
Caused by: org.jredis.ClientRuntimeException: null reference:{connection on setConnection()} in method JRedisClient.setConnection() [file: JRedisClient.java line:158 - package: org.jredis.ri.alphazero] cause: => [IllegalArgumentException: null reference:{connection on setConnection()} in method JRedisClient.setConnection() [file: JRedisClient.java line:158 - package: org.jredis.ri.alphazero]]
Caused by: java.lang.IllegalArgumentException: null reference:{connection on setConnection()} in method JRedisClient.setConnection() [file: JRedisClient.java line:158 - package: org.jredis.ri.alphazero]
</error>
    <system-err><![CDATA[01475611470712 Tue Oct 04 17:04:30 BRT 2016 JRedis[tid:1] <INFORMAÇÕES>: WARNING: heartbeat is disabled.
01475611470712 Tue Oct 04 17:04:30 BRT 2016 JRedis[tid:1] <ADVERTÊNCIA>: PROBLEM: Shutting down due to connection FAULT: Socket connect failed [cause: java.net.ConnectException: Conexão recusada] -- make sure the server is running at localhost:6379 - Connection: SYNCHRONOUS  localhost/127.0.0.1:6379 db:0 | SyncConnection@636959006
01475611470712 Tue Oct 04 17:04:30 BRT 2016 JRedis[tid:1] <GRAVE>: Error creating connection -> Socket connect failed [cause: java.net.ConnectException: Conexão recusada] -- make sure the server is running at localhost:6379
01475611470712 Tue Oct 04 17:04:30 BRT 2016 JRedis[tid:1] <INFORMAÇÕES>: WARNING: heartbeat is disabled.
01475611470712 Tue Oct 04 17:04:30 BRT 2016 JRedis[tid:1] <ADVERTÊNCIA>: PROBLEM: Shutting down due to connection FAULT: Socket connect failed [cause: java.net.ConnectException: Conexão recusada] -- make sure the server is running at localhost:6379 - Connection: SYNCHRONOUS  localhost/127.0.0.1:6379 db:0 | SyncConnection@1059300256
01475611470712 Tue Oct 04 17:04:30 BRT 2016 JRedis[tid:1] <GRAVE>: Error creating connection -> Socket connect failed [cause: java.net.ConnectException: Conexão recusada] -- make sure the server is running at localhost:6379
]]></system-err>
  </testcase>
  <testcase name="testToArrayWithGenerics[13]" classname="org.springframework.data.redis.support.collections.RedisListTests" time="0.002">
    <error message="Could not get a resource from the pool; nested exception is org.jredis.ClientRuntimeException: null reference:{connection on setConnection()} in method JRedisClient.setConnection() [file: JRedisClient.java line:158 - package: org.jredis.ri.alphazero] cause: =&gt; [IllegalArgumentException: null reference:{connection on setConnection()} in method JRedisClient.setConnection() [file: JRedisClient.java line:158 - package: org.jredis.ri.alphazero]]" type="org.springframework.data.redis.connection.PoolException">org.springframework.data.redis.connection.PoolException: Could not get a resource from the pool; nested exception is org.jredis.ClientRuntimeException: null reference:{connection on setConnection()} in method JRedisClient.setConnection() [file: JRedisClient.java line:158 - package: org.jredis.ri.alphazero] cause: => [IllegalArgumentException: null reference:{connection on setConnection()} in method JRedisClient.setConnection() [file: JRedisClient.java line:158 - package: org.jredis.ri.alphazero]]
Caused by: org.jredis.ClientRuntimeException: null reference:{connection on setConnection()} in method JRedisClient.setConnection() [file: JRedisClient.java line:158 - package: org.jredis.ri.alphazero] cause: => [IllegalArgumentException: null reference:{connection on setConnection()} in method JRedisClient.setConnection() [file: JRedisClient.java line:158 - package: org.jredis.ri.alphazero]]
Caused by: java.lang.IllegalArgumentException: null reference:{connection on setConnection()} in method JRedisClient.setConnection() [file: JRedisClient.java line:158 - package: org.jredis.ri.alphazero]
</error>
  </testcase>
  <testcase name="testIsEmpty[13]" classname="org.springframework.data.redis.support.collections.RedisListTests" time="0.001">
    <error message="Could not get a resource from the pool; nested exception is org.jredis.ClientRuntimeException: null reference:{connection on setConnection()} in method JRedisClient.setConnection() [file: JRedisClient.java line:158 - package: org.jredis.ri.alphazero] cause: =&gt; [IllegalArgumentException: null reference:{connection on setConnection()} in method JRedisClient.setConnection() [file: JRedisClient.java line:158 - package: org.jredis.ri.alphazero]]" type="org.springframework.data.redis.connection.PoolException">org.springframework.data.redis.connection.PoolException: Could not get a resource from the pool; nested exception is org.jredis.ClientRuntimeException: null reference:{connection on setConnection()} in method JRedisClient.setConnection() [file: JRedisClient.java line:158 - package: org.jredis.ri.alphazero] cause: => [IllegalArgumentException: null reference:{connection on setConnection()} in method JRedisClient.setConnection() [file: JRedisClient.java line:158 - package: org.jredis.ri.alphazero]]
Caused by: org.jredis.ClientRuntimeException: null reference:{connection on setConnection()} in method JRedisClient.setConnection() [file: JRedisClient.java line:158 - package: org.jredis.ri.alphazero] cause: => [IllegalArgumentException: null reference:{connection on setConnection()} in method JRedisClient.setConnection() [file: JRedisClient.java line:158 - package: org.jredis.ri.alphazero]]
Caused by: java.lang.IllegalArgumentException: null reference:{connection on setConnection()} in method JRedisClient.setConnection() [file: JRedisClient.java line:158 - package: org.jredis.ri.alphazero]
</error>
    <system-err><![CDATA[01475611470713 Tue Oct 04 17:04:30 BRT 2016 JRedis[tid:1] <INFORMAÇÕES>: WARNING: heartbeat is disabled.
01475611470713 Tue Oct 04 17:04:30 BRT 2016 JRedis[tid:1] <ADVERTÊNCIA>: PROBLEM: Shutting down due to connection FAULT: Socket connect failed [cause: java.net.ConnectException: Conexão recusada] -- make sure the server is running at localhost:6379 - Connection: SYNCHRONOUS  localhost/127.0.0.1:6379 db:0 | SyncConnection@1521568953
01475611470713 Tue Oct 04 17:04:30 BRT 2016 JRedis[tid:1] <GRAVE>: Error creating connection -> Socket connect failed [cause: java.net.ConnectException: Conexão recusada] -- make sure the server is running at localhost:6379
01475611470713 Tue Oct 04 17:04:30 BRT 2016 JRedis[tid:1] <INFORMAÇÕES>: WARNING: heartbeat is disabled.
01475611470714 Tue Oct 04 17:04:30 BRT 2016 JRedis[tid:1] <ADVERTÊNCIA>: PROBLEM: Shutting down due to connection FAULT: Socket connect failed [cause: java.net.ConnectException: Conexão recusada] -- make sure the server is running at localhost:6379 - Connection: SYNCHRONOUS  localhost/127.0.0.1:6379 db:0 | SyncConnection@1605988985
01475611470714 Tue Oct 04 17:04:30 BRT 2016 JRedis[tid:1] <GRAVE>: Error creating connection -> Socket connect failed [cause: java.net.ConnectException: Conexão recusada] -- make sure the server is running at localhost:6379
]]></system-err>
  </testcase>
  <testcase name="testIsEmpty[13]" classname="org.springframework.data.redis.support.collections.RedisListTests" time="0.001">
    <error message="Could not get a resource from the pool; nested exception is org.jredis.ClientRuntimeException: null reference:{connection on setConnection()} in method JRedisClient.setConnection() [file: JRedisClient.java line:158 - package: org.jredis.ri.alphazero] cause: =&gt; [IllegalArgumentException: null reference:{connection on setConnection()} in method JRedisClient.setConnection() [file: JRedisClient.java line:158 - package: org.jredis.ri.alphazero]]" type="org.springframework.data.redis.connection.PoolException">org.springframework.data.redis.connection.PoolException: Could not get a resource from the pool; nested exception is org.jredis.ClientRuntimeException: null reference:{connection on setConnection()} in method JRedisClient.setConnection() [file: JRedisClient.java line:158 - package: org.jredis.ri.alphazero] cause: => [IllegalArgumentException: null reference:{connection on setConnection()} in method JRedisClient.setConnection() [file: JRedisClient.java line:158 - package: org.jredis.ri.alphazero]]
Caused by: org.jredis.ClientRuntimeException: null reference:{connection on setConnection()} in method JRedisClient.setConnection() [file: JRedisClient.java line:158 - package: org.jredis.ri.alphazero] cause: => [IllegalArgumentException: null reference:{connection on setConnection()} in method JRedisClient.setConnection() [file: JRedisClient.java line:158 - package: org.jredis.ri.alphazero]]
Caused by: java.lang.IllegalArgumentException: null reference:{connection on setConnection()} in method JRedisClient.setConnection() [file: JRedisClient.java line:158 - package: org.jredis.ri.alphazero]
</error>
  </testcase>
  <testcase name="testIterator[13]" classname="org.springframework.data.redis.support.collections.RedisListTests" time="0.002">
    <error message="Could not get a resource from the pool; nested exception is org.jredis.ClientRuntimeException: null reference:{connection on setConnection()} in method JRedisClient.setConnection() [file: JRedisClient.java line:158 - package: org.jredis.ri.alphazero] cause: =&gt; [IllegalArgumentException: null reference:{connection on setConnection()} in method JRedisClient.setConnection() [file: JRedisClient.java line:158 - package: org.jredis.ri.alphazero]]" type="org.springframework.data.redis.connection.PoolException">org.springframework.data.redis.connection.PoolException: Could not get a resource from the pool; nested exception is org.jredis.ClientRuntimeException: null reference:{connection on setConnection()} in method JRedisClient.setConnection() [file: JRedisClient.java line:158 - package: org.jredis.ri.alphazero] cause: => [IllegalArgumentException: null reference:{connection on setConnection()} in method JRedisClient.setConnection() [file: JRedisClient.java line:158 - package: org.jredis.ri.alphazero]]
Caused by: org.jredis.ClientRuntimeException: null reference:{connection on setConnection()} in method JRedisClient.setConnection() [file: JRedisClient.java line:158 - package: org.jredis.ri.alphazero] cause: => [IllegalArgumentException: null reference:{connection on setConnection()} in method JRedisClient.setConnection() [file: JRedisClient.java line:158 - package: org.jredis.ri.alphazero]]
Caused by: java.lang.IllegalArgumentException: null reference:{connection on setConnection()} in method JRedisClient.setConnection() [file: JRedisClient.java line:158 - package: org.jredis.ri.alphazero]
</error>
    <system-err><![CDATA[01475611470714 Tue Oct 04 17:04:30 BRT 2016 JRedis[tid:1] <INFORMAÇÕES>: WARNING: heartbeat is disabled.
01475611470715 Tue Oct 04 17:04:30 BRT 2016 JRedis[tid:1] <ADVERTÊNCIA>: PROBLEM: Shutting down due to connection FAULT: Socket connect failed [cause: java.net.ConnectException: Conexão recusada] -- make sure the server is running at localhost:6379 - Connection: SYNCHRONOUS  localhost/127.0.0.1:6379 db:0 | SyncConnection@1134202713
01475611470715 Tue Oct 04 17:04:30 BRT 2016 JRedis[tid:1] <GRAVE>: Error creating connection -> Socket connect failed [cause: java.net.ConnectException: Conexão recusada] -- make sure the server is running at localhost:6379
01475611470715 Tue Oct 04 17:04:30 BRT 2016 JRedis[tid:1] <INFORMAÇÕES>: WARNING: heartbeat is disabled.
01475611470715 Tue Oct 04 17:04:30 BRT 2016 JRedis[tid:1] <ADVERTÊNCIA>: PROBLEM: Shutting down due to connection FAULT: Socket connect failed [cause: java.net.ConnectException: Conexão recusada] -- make sure the server is running at localhost:6379 - Connection: SYNCHRONOUS  localhost/127.0.0.1:6379 db:0 | SyncConnection@1636178473
01475611470715 Tue Oct 04 17:04:30 BRT 2016 JRedis[tid:1] <GRAVE>: Error creating connection -> Socket connect failed [cause: java.net.ConnectException: Conexão recusada] -- make sure the server is running at localhost:6379
]]></system-err>
  </testcase>
  <testcase name="testIterator[13]" classname="org.springframework.data.redis.support.collections.RedisListTests" time="0.002">
    <error message="Could not get a resource from the pool; nested exception is org.jredis.ClientRuntimeException: null reference:{connection on setConnection()} in method JRedisClient.setConnection() [file: JRedisClient.java line:158 - package: org.jredis.ri.alphazero] cause: =&gt; [IllegalArgumentException: null reference:{connection on setConnection()} in method JRedisClient.setConnection() [file: JRedisClient.java line:158 - package: org.jredis.ri.alphazero]]" type="org.springframework.data.redis.connection.PoolException">org.springframework.data.redis.connection.PoolException: Could not get a resource from the pool; nested exception is org.jredis.ClientRuntimeException: null reference:{connection on setConnection()} in method JRedisClient.setConnection() [file: JRedisClient.java line:158 - package: org.jredis.ri.alphazero] cause: => [IllegalArgumentException: null reference:{connection on setConnection()} in method JRedisClient.setConnection() [file: JRedisClient.java line:158 - package: org.jredis.ri.alphazero]]
Caused by: org.jredis.ClientRuntimeException: null reference:{connection on setConnection()} in method JRedisClient.setConnection() [file: JRedisClient.java line:158 - package: org.jredis.ri.alphazero] cause: => [IllegalArgumentException: null reference:{connection on setConnection()} in method JRedisClient.setConnection() [file: JRedisClient.java line:158 - package: org.jredis.ri.alphazero]]
Caused by: java.lang.IllegalArgumentException: null reference:{connection on setConnection()} in method JRedisClient.setConnection() [file: JRedisClient.java line:158 - package: org.jredis.ri.alphazero]
</error>
  </testcase>
  <testcase name="testElement[14]" classname="org.springframework.data.redis.support.collections.RedisListTests" time="0.001">
    <error message="Could not get a resource from the pool; nested exception is org.jredis.ClientRuntimeException: null reference:{connection on setConnection()} in method JRedisClient.setConnection() [file: JRedisClient.java line:158 - package: org.jredis.ri.alphazero] cause: =&gt; [IllegalArgumentException: null reference:{connection on setConnection()} in method JRedisClient.setConnection() [file: JRedisClient.java line:158 - package: org.jredis.ri.alphazero]]" type="org.springframework.data.redis.connection.PoolException">org.springframework.data.redis.connection.PoolException: Could not get a resource from the pool; nested exception is org.jredis.ClientRuntimeException: null reference:{connection on setConnection()} in method JRedisClient.setConnection() [file: JRedisClient.java line:158 - package: org.jredis.ri.alphazero] cause: => [IllegalArgumentException: null reference:{connection on setConnection()} in method JRedisClient.setConnection() [file: JRedisClient.java line:158 - package: org.jredis.ri.alphazero]]
Caused by: org.jredis.ClientRuntimeException: null reference:{connection on setConnection()} in method JRedisClient.setConnection() [file: JRedisClient.java line:158 - package: org.jredis.ri.alphazero] cause: => [IllegalArgumentException: null reference:{connection on setConnection()} in method JRedisClient.setConnection() [file: JRedisClient.java line:158 - package: org.jredis.ri.alphazero]]
Caused by: java.lang.IllegalArgumentException: null reference:{connection on setConnection()} in method JRedisClient.setConnection() [file: JRedisClient.java line:158 - package: org.jredis.ri.alphazero]
</error>
    <system-err><![CDATA[01475611470716 Tue Oct 04 17:04:30 BRT 2016 JRedis[tid:1] <INFORMAÇÕES>: WARNING: heartbeat is disabled.
01475611470716 Tue Oct 04 17:04:30 BRT 2016 JRedis[tid:1] <ADVERTÊNCIA>: PROBLEM: Shutting down due to connection FAULT: Socket connect failed [cause: java.net.ConnectException: Conexão recusada] -- make sure the server is running at localhost:6379 - Connection: SYNCHRONOUS  localhost/127.0.0.1:6379 db:0 | SyncConnection@822232612
01475611470716 Tue Oct 04 17:04:30 BRT 2016 JRedis[tid:1] <GRAVE>: Error creating connection -> Socket connect failed [cause: java.net.ConnectException: Conexão recusada] -- make sure the server is running at localhost:6379
01475611470717 Tue Oct 04 17:04:30 BRT 2016 JRedis[tid:1] <INFORMAÇÕES>: WARNING: heartbeat is disabled.
01475611470717 Tue Oct 04 17:04:30 BRT 2016 JRedis[tid:1] <ADVERTÊNCIA>: PROBLEM: Shutting down due to connection FAULT: Socket connect failed [cause: java.net.ConnectException: Conexão recusada] -- make sure the server is running at localhost:6379 - Connection: SYNCHRONOUS  localhost/127.0.0.1:6379 db:0 | SyncConnection@633131207
01475611470717 Tue Oct 04 17:04:30 BRT 2016 JRedis[tid:1] <GRAVE>: Error creating connection -> Socket connect failed [cause: java.net.ConnectException: Conexão recusada] -- make sure the server is running at localhost:6379
]]></system-err>
  </testcase>
  <testcase name="testElement[14]" classname="org.springframework.data.redis.support.collections.RedisListTests" time="0.001">
    <error message="Could not get a resource from the pool; nested exception is org.jredis.ClientRuntimeException: null reference:{connection on setConnection()} in method JRedisClient.setConnection() [file: JRedisClient.java line:158 - package: org.jredis.ri.alphazero] cause: =&gt; [IllegalArgumentException: null reference:{connection on setConnection()} in method JRedisClient.setConnection() [file: JRedisClient.java line:158 - package: org.jredis.ri.alphazero]]" type="org.springframework.data.redis.connection.PoolException">org.springframework.data.redis.connection.PoolException: Could not get a resource from the pool; nested exception is org.jredis.ClientRuntimeException: null reference:{connection on setConnection()} in method JRedisClient.setConnection() [file: JRedisClient.java line:158 - package: org.jredis.ri.alphazero] cause: => [IllegalArgumentException: null reference:{connection on setConnection()} in method JRedisClient.setConnection() [file: JRedisClient.java line:158 - package: org.jredis.ri.alphazero]]
Caused by: org.jredis.ClientRuntimeException: null reference:{connection on setConnection()} in method JRedisClient.setConnection() [file: JRedisClient.java line:158 - package: org.jredis.ri.alphazero] cause: => [IllegalArgumentException: null reference:{connection on setConnection()} in method JRedisClient.setConnection() [file: JRedisClient.java line:158 - package: org.jredis.ri.alphazero]]
Caused by: java.lang.IllegalArgumentException: null reference:{connection on setConnection()} in method JRedisClient.setConnection() [file: JRedisClient.java line:158 - package: org.jredis.ri.alphazero]
</error>
  </testcase>
  <testcase name="testPutFirst[14]" classname="org.springframework.data.redis.support.collections.RedisListTests" time="0.002">
    <error message="Could not get a resource from the pool; nested exception is org.jredis.ClientRuntimeException: null reference:{connection on setConnection()} in method JRedisClient.setConnection() [file: JRedisClient.java line:158 - package: org.jredis.ri.alphazero] cause: =&gt; [IllegalArgumentException: null reference:{connection on setConnection()} in method JRedisClient.setConnection() [file: JRedisClient.java line:158 - package: org.jredis.ri.alphazero]]" type="org.springframework.data.redis.connection.PoolException">org.springframework.data.redis.connection.PoolException: Could not get a resource from the pool; nested exception is org.jredis.ClientRuntimeException: null reference:{connection on setConnection()} in method JRedisClient.setConnection() [file: JRedisClient.java line:158 - package: org.jredis.ri.alphazero] cause: => [IllegalArgumentException: null reference:{connection on setConnection()} in method JRedisClient.setConnection() [file: JRedisClient.java line:158 - package: org.jredis.ri.alphazero]]
Caused by: org.jredis.ClientRuntimeException: null reference:{connection on setConnection()} in method JRedisClient.setConnection() [file: JRedisClient.java line:158 - package: org.jredis.ri.alphazero] cause: => [IllegalArgumentException: null reference:{connection on setConnection()} in method JRedisClient.setConnection() [file: JRedisClient.java line:158 - package: org.jredis.ri.alphazero]]
Caused by: java.lang.IllegalArgumentException: null reference:{connection on setConnection()} in method JRedisClient.setConnection() [file: JRedisClient.java line:158 - package: org.jredis.ri.alphazero]
</error>
    <system-err><![CDATA[01475611470717 Tue Oct 04 17:04:30 BRT 2016 JRedis[tid:1] <INFORMAÇÕES>: WARNING: heartbeat is disabled.
01475611470718 Tue Oct 04 17:04:30 BRT 2016 JRedis[tid:1] <ADVERTÊNCIA>: PROBLEM: Shutting down due to connection FAULT: Socket connect failed [cause: java.net.ConnectException: Conexão recusada] -- make sure the server is running at localhost:6379 - Connection: SYNCHRONOUS  localhost/127.0.0.1:6379 db:0 | SyncConnection@852190062
01475611470718 Tue Oct 04 17:04:30 BRT 2016 JRedis[tid:1] <GRAVE>: Error creating connection -> Socket connect failed [cause: java.net.ConnectException: Conexão recusada] -- make sure the server is running at localhost:6379
01475611470718 Tue Oct 04 17:04:30 BRT 2016 JRedis[tid:1] <INFORMAÇÕES>: WARNING: heartbeat is disabled.
01475611470718 Tue Oct 04 17:04:30 BRT 2016 JRedis[tid:1] <ADVERTÊNCIA>: PROBLEM: Shutting down due to connection FAULT: Socket connect failed [cause: java.net.ConnectException: Conexão recusada] -- make sure the server is running at localhost:6379 - Connection: SYNCHRONOUS  localhost/127.0.0.1:6379 db:0 | SyncConnection@1674403916
01475611470718 Tue Oct 04 17:04:30 BRT 2016 JRedis[tid:1] <GRAVE>: Error creating connection -> Socket connect failed [cause: java.net.ConnectException: Conexão recusada] -- make sure the server is running at localhost:6379
]]></system-err>
  </testcase>
  <testcase name="testPutFirst[14]" classname="org.springframework.data.redis.support.collections.RedisListTests" time="0.002">
    <error message="Could not get a resource from the pool; nested exception is org.jredis.ClientRuntimeException: null reference:{connection on setConnection()} in method JRedisClient.setConnection() [file: JRedisClient.java line:158 - package: org.jredis.ri.alphazero] cause: =&gt; [IllegalArgumentException: null reference:{connection on setConnection()} in method JRedisClient.setConnection() [file: JRedisClient.java line:158 - package: org.jredis.ri.alphazero]]" type="org.springframework.data.redis.connection.PoolException">org.springframework.data.redis.connection.PoolException: Could not get a resource from the pool; nested exception is org.jredis.ClientRuntimeException: null reference:{connection on setConnection()} in method JRedisClient.setConnection() [file: JRedisClient.java line:158 - package: org.jredis.ri.alphazero] cause: => [IllegalArgumentException: null reference:{connection on setConnection()} in method JRedisClient.setConnection() [file: JRedisClient.java line:158 - package: org.jredis.ri.alphazero]]
Caused by: org.jredis.ClientRuntimeException: null reference:{connection on setConnection()} in method JRedisClient.setConnection() [file: JRedisClient.java line:158 - package: org.jredis.ri.alphazero] cause: => [IllegalArgumentException: null reference:{connection on setConnection()} in method JRedisClient.setConnection() [file: JRedisClient.java line:158 - package: org.jredis.ri.alphazero]]
Caused by: java.lang.IllegalArgumentException: null reference:{connection on setConnection()} in method JRedisClient.setConnection() [file: JRedisClient.java line:158 - package: org.jredis.ri.alphazero]
</error>
  </testcase>
  <testcase name="testPollLastTimeout[14]" classname="org.springframework.data.redis.support.collections.RedisListTests" time="0.001">
    <error message="got: &lt;false&gt;, expected: is &lt;true&gt;" type="org.junit.AssumptionViolatedException"><![CDATA[org.junit.AssumptionViolatedException: got: <false>, expected: is <true>
]]></error>
    <system-err><![CDATA[01475611470719 Tue Oct 04 17:04:30 BRT 2016 JRedis[tid:1] <INFORMAÇÕES>: WARNING: heartbeat is disabled.
01475611470719 Tue Oct 04 17:04:30 BRT 2016 JRedis[tid:1] <ADVERTÊNCIA>: PROBLEM: Shutting down due to connection FAULT: Socket connect failed [cause: java.net.ConnectException: Conexão recusada] -- make sure the server is running at localhost:6379 - Connection: SYNCHRONOUS  localhost/127.0.0.1:6379 db:0 | SyncConnection@1088239991
01475611470719 Tue Oct 04 17:04:30 BRT 2016 JRedis[tid:1] <GRAVE>: Error creating connection -> Socket connect failed [cause: java.net.ConnectException: Conexão recusada] -- make sure the server is running at localhost:6379
]]></system-err>
  </testcase>
  <testcase name="testPollLastTimeout[14]" classname="org.springframework.data.redis.support.collections.RedisListTests" time="0.001">
    <error message="Could not get a resource from the pool; nested exception is org.jredis.ClientRuntimeException: null reference:{connection on setConnection()} in method JRedisClient.setConnection() [file: JRedisClient.java line:158 - package: org.jredis.ri.alphazero] cause: =&gt; [IllegalArgumentException: null reference:{connection on setConnection()} in method JRedisClient.setConnection() [file: JRedisClient.java line:158 - package: org.jredis.ri.alphazero]]" type="org.springframework.data.redis.connection.PoolException">org.springframework.data.redis.connection.PoolException: Could not get a resource from the pool; nested exception is org.jredis.ClientRuntimeException: null reference:{connection on setConnection()} in method JRedisClient.setConnection() [file: JRedisClient.java line:158 - package: org.jredis.ri.alphazero] cause: => [IllegalArgumentException: null reference:{connection on setConnection()} in method JRedisClient.setConnection() [file: JRedisClient.java line:158 - package: org.jredis.ri.alphazero]]
Caused by: org.jredis.ClientRuntimeException: null reference:{connection on setConnection()} in method JRedisClient.setConnection() [file: JRedisClient.java line:158 - package: org.jredis.ri.alphazero] cause: => [IllegalArgumentException: null reference:{connection on setConnection()} in method JRedisClient.setConnection() [file: JRedisClient.java line:158 - package: org.jredis.ri.alphazero]]
Caused by: java.lang.IllegalArgumentException: null reference:{connection on setConnection()} in method JRedisClient.setConnection() [file: JRedisClient.java line:158 - package: org.jredis.ri.alphazero]
</error>
  </testcase>
  <testcase name="testPeekFirst[14]" classname="org.springframework.data.redis.support.collections.RedisListTests" time="0.001">
    <error message="Could not get a resource from the pool; nested exception is org.jredis.ClientRuntimeException: null reference:{connection on setConnection()} in method JRedisClient.setConnection() [file: JRedisClient.java line:158 - package: org.jredis.ri.alphazero] cause: =&gt; [IllegalArgumentException: null reference:{connection on setConnection()} in method JRedisClient.setConnection() [file: JRedisClient.java line:158 - package: org.jredis.ri.alphazero]]" type="org.springframework.data.redis.connection.PoolException">org.springframework.data.redis.connection.PoolException: Could not get a resource from the pool; nested exception is org.jredis.ClientRuntimeException: null reference:{connection on setConnection()} in method JRedisClient.setConnection() [file: JRedisClient.java line:158 - package: org.jredis.ri.alphazero] cause: => [IllegalArgumentException: null reference:{connection on setConnection()} in method JRedisClient.setConnection() [file: JRedisClient.java line:158 - package: org.jredis.ri.alphazero]]
Caused by: org.jredis.ClientRuntimeException: null reference:{connection on setConnection()} in method JRedisClient.setConnection() [file: JRedisClient.java line:158 - package: org.jredis.ri.alphazero] cause: => [IllegalArgumentException: null reference:{connection on setConnection()} in method JRedisClient.setConnection() [file: JRedisClient.java line:158 - package: org.jredis.ri.alphazero]]
Caused by: java.lang.IllegalArgumentException: null reference:{connection on setConnection()} in method JRedisClient.setConnection() [file: JRedisClient.java line:158 - package: org.jredis.ri.alphazero]
</error>
    <system-err><![CDATA[01475611470720 Tue Oct 04 17:04:30 BRT 2016 JRedis[tid:1] <INFORMAÇÕES>: WARNING: heartbeat is disabled.
01475611470720 Tue Oct 04 17:04:30 BRT 2016 JRedis[tid:1] <ADVERTÊNCIA>: PROBLEM: Shutting down due to connection FAULT: Socket connect failed [cause: java.net.ConnectException: Conexão recusada] -- make sure the server is running at localhost:6379 - Connection: SYNCHRONOUS  localhost/127.0.0.1:6379 db:0 | SyncConnection@61137731
01475611470720 Tue Oct 04 17:04:30 BRT 2016 JRedis[tid:1] <GRAVE>: Error creating connection -> Socket connect failed [cause: java.net.ConnectException: Conexão recusada] -- make sure the server is running at localhost:6379
01475611470720 Tue Oct 04 17:04:30 BRT 2016 JRedis[tid:1] <INFORMAÇÕES>: WARNING: heartbeat is disabled.
01475611470720 Tue Oct 04 17:04:30 BRT 2016 JRedis[tid:1] <ADVERTÊNCIA>: PROBLEM: Shutting down due to connection FAULT: Socket connect failed [cause: java.net.ConnectException: Conexão recusada] -- make sure the server is running at localhost:6379 - Connection: SYNCHRONOUS  localhost/127.0.0.1:6379 db:0 | SyncConnection@1780293706
01475611470720 Tue Oct 04 17:04:30 BRT 2016 JRedis[tid:1] <GRAVE>: Error creating connection -> Socket connect failed [cause: java.net.ConnectException: Conexão recusada] -- make sure the server is running at localhost:6379
]]></system-err>
  </testcase>
  <testcase name="testPeekFirst[14]" classname="org.springframework.data.redis.support.collections.RedisListTests" time="0.001">
    <error message="Could not get a resource from the pool; nested exception is org.jredis.ClientRuntimeException: null reference:{connection on setConnection()} in method JRedisClient.setConnection() [file: JRedisClient.java line:158 - package: org.jredis.ri.alphazero] cause: =&gt; [IllegalArgumentException: null reference:{connection on setConnection()} in method JRedisClient.setConnection() [file: JRedisClient.java line:158 - package: org.jredis.ri.alphazero]]" type="org.springframework.data.redis.connection.PoolException">org.springframework.data.redis.connection.PoolException: Could not get a resource from the pool; nested exception is org.jredis.ClientRuntimeException: null reference:{connection on setConnection()} in method JRedisClient.setConnection() [file: JRedisClient.java line:158 - package: org.jredis.ri.alphazero] cause: => [IllegalArgumentException: null reference:{connection on setConnection()} in method JRedisClient.setConnection() [file: JRedisClient.java line:158 - package: org.jredis.ri.alphazero]]
Caused by: org.jredis.ClientRuntimeException: null reference:{connection on setConnection()} in method JRedisClient.setConnection() [file: JRedisClient.java line:158 - package: org.jredis.ri.alphazero] cause: => [IllegalArgumentException: null reference:{connection on setConnection()} in method JRedisClient.setConnection() [file: JRedisClient.java line:158 - package: org.jredis.ri.alphazero]]
Caused by: java.lang.IllegalArgumentException: null reference:{connection on setConnection()} in method JRedisClient.setConnection() [file: JRedisClient.java line:158 - package: org.jredis.ri.alphazero]
</error>
  </testcase>
  <testcase name="testOfferLast[14]" classname="org.springframework.data.redis.support.collections.RedisListTests" time="0.002">
    <error message="Could not get a resource from the pool; nested exception is org.jredis.ClientRuntimeException: null reference:{connection on setConnection()} in method JRedisClient.setConnection() [file: JRedisClient.java line:158 - package: org.jredis.ri.alphazero] cause: =&gt; [IllegalArgumentException: null reference:{connection on setConnection()} in method JRedisClient.setConnection() [file: JRedisClient.java line:158 - package: org.jredis.ri.alphazero]]" type="org.springframework.data.redis.connection.PoolException">org.springframework.data.redis.connection.PoolException: Could not get a resource from the pool; nested exception is org.jredis.ClientRuntimeException: null reference:{connection on setConnection()} in method JRedisClient.setConnection() [file: JRedisClient.java line:158 - package: org.jredis.ri.alphazero] cause: => [IllegalArgumentException: null reference:{connection on setConnection()} in method JRedisClient.setConnection() [file: JRedisClient.java line:158 - package: org.jredis.ri.alphazero]]
Caused by: org.jredis.ClientRuntimeException: null reference:{connection on setConnection()} in method JRedisClient.setConnection() [file: JRedisClient.java line:158 - package: org.jredis.ri.alphazero] cause: => [IllegalArgumentException: null reference:{connection on setConnection()} in method JRedisClient.setConnection() [file: JRedisClient.java line:158 - package: org.jredis.ri.alphazero]]
Caused by: java.lang.IllegalArgumentException: null reference:{connection on setConnection()} in method JRedisClient.setConnection() [file: JRedisClient.java line:158 - package: org.jredis.ri.alphazero]
</error>
    <system-err><![CDATA[01475611470721 Tue Oct 04 17:04:30 BRT 2016 JRedis[tid:1] <INFORMAÇÕES>: WARNING: heartbeat is disabled.
01475611470721 Tue Oct 04 17:04:30 BRT 2016 JRedis[tid:1] <ADVERTÊNCIA>: PROBLEM: Shutting down due to connection FAULT: Socket connect failed [cause: java.net.ConnectException: Conexão recusada] -- make sure the server is running at localhost:6379 - Connection: SYNCHRONOUS  localhost/127.0.0.1:6379 db:0 | SyncConnection@1658511941
01475611470721 Tue Oct 04 17:04:30 BRT 2016 JRedis[tid:1] <GRAVE>: Error creating connection -> Socket connect failed [cause: java.net.ConnectException: Conexão recusada] -- make sure the server is running at localhost:6379
01475611470722 Tue Oct 04 17:04:30 BRT 2016 JRedis[tid:1] <INFORMAÇÕES>: WARNING: heartbeat is disabled.
01475611470722 Tue Oct 04 17:04:30 BRT 2016 JRedis[tid:1] <ADVERTÊNCIA>: PROBLEM: Shutting down due to connection FAULT: Socket connect failed [cause: java.net.ConnectException: Conexão recusada] -- make sure the server is running at localhost:6379 - Connection: SYNCHRONOUS  localhost/127.0.0.1:6379 db:0 | SyncConnection@1264941544
01475611470722 Tue Oct 04 17:04:30 BRT 2016 JRedis[tid:1] <GRAVE>: Error creating connection -> Socket connect failed [cause: java.net.ConnectException: Conexão recusada] -- make sure the server is running at localhost:6379
]]></system-err>
  </testcase>
  <testcase name="testOfferLast[14]" classname="org.springframework.data.redis.support.collections.RedisListTests" time="0.002">
    <error message="Could not get a resource from the pool; nested exception is org.jredis.ClientRuntimeException: null reference:{connection on setConnection()} in method JRedisClient.setConnection() [file: JRedisClient.java line:158 - package: org.jredis.ri.alphazero] cause: =&gt; [IllegalArgumentException: null reference:{connection on setConnection()} in method JRedisClient.setConnection() [file: JRedisClient.java line:158 - package: org.jredis.ri.alphazero]]" type="org.springframework.data.redis.connection.PoolException">org.springframework.data.redis.connection.PoolException: Could not get a resource from the pool; nested exception is org.jredis.ClientRuntimeException: null reference:{connection on setConnection()} in method JRedisClient.setConnection() [file: JRedisClient.java line:158 - package: org.jredis.ri.alphazero] cause: => [IllegalArgumentException: null reference:{connection on setConnection()} in method JRedisClient.setConnection() [file: JRedisClient.java line:158 - package: org.jredis.ri.alphazero]]
Caused by: org.jredis.ClientRuntimeException: null reference:{connection on setConnection()} in method JRedisClient.setConnection() [file: JRedisClient.java line:158 - package: org.jredis.ri.alphazero] cause: => [IllegalArgumentException: null reference:{connection on setConnection()} in method JRedisClient.setConnection() [file: JRedisClient.java line:158 - package: org.jredis.ri.alphazero]]
Caused by: java.lang.IllegalArgumentException: null reference:{connection on setConnection()} in method JRedisClient.setConnection() [file: JRedisClient.java line:158 - package: org.jredis.ri.alphazero]
</error>
  </testcase>
  <testcase name="testGetFirst[14]" classname="org.springframework.data.redis.support.collections.RedisListTests" time="0.002">
    <error message="Could not get a resource from the pool; nested exception is org.jredis.ClientRuntimeException: null reference:{connection on setConnection()} in method JRedisClient.setConnection() [file: JRedisClient.java line:158 - package: org.jredis.ri.alphazero] cause: =&gt; [IllegalArgumentException: null reference:{connection on setConnection()} in method JRedisClient.setConnection() [file: JRedisClient.java line:158 - package: org.jredis.ri.alphazero]]" type="org.springframework.data.redis.connection.PoolException">org.springframework.data.redis.connection.PoolException: Could not get a resource from the pool; nested exception is org.jredis.ClientRuntimeException: null reference:{connection on setConnection()} in method JRedisClient.setConnection() [file: JRedisClient.java line:158 - package: org.jredis.ri.alphazero] cause: => [IllegalArgumentException: null reference:{connection on setConnection()} in method JRedisClient.setConnection() [file: JRedisClient.java line:158 - package: org.jredis.ri.alphazero]]
Caused by: org.jredis.ClientRuntimeException: null reference:{connection on setConnection()} in method JRedisClient.setConnection() [file: JRedisClient.java line:158 - package: org.jredis.ri.alphazero] cause: => [IllegalArgumentException: null reference:{connection on setConnection()} in method JRedisClient.setConnection() [file: JRedisClient.java line:158 - package: org.jredis.ri.alphazero]]
Caused by: java.lang.IllegalArgumentException: null reference:{connection on setConnection()} in method JRedisClient.setConnection() [file: JRedisClient.java line:158 - package: org.jredis.ri.alphazero]
</error>
    <system-err><![CDATA[01475611470723 Tue Oct 04 17:04:30 BRT 2016 JRedis[tid:1] <INFORMAÇÕES>: WARNING: heartbeat is disabled.
01475611470724 Tue Oct 04 17:04:30 BRT 2016 JRedis[tid:1] <ADVERTÊNCIA>: PROBLEM: Shutting down due to connection FAULT: Socket connect failed [cause: java.net.ConnectException: Conexão recusada] -- make sure the server is running at localhost:6379 - Connection: SYNCHRONOUS  localhost/127.0.0.1:6379 db:0 | SyncConnection@1878992188
01475611470724 Tue Oct 04 17:04:30 BRT 2016 JRedis[tid:1] <GRAVE>: Error creating connection -> Socket connect failed [cause: java.net.ConnectException: Conexão recusada] -- make sure the server is running at localhost:6379
01475611470724 Tue Oct 04 17:04:30 BRT 2016 JRedis[tid:1] <INFORMAÇÕES>: WARNING: heartbeat is disabled.
01475611470724 Tue Oct 04 17:04:30 BRT 2016 JRedis[tid:1] <ADVERTÊNCIA>: PROBLEM: Shutting down due to connection FAULT: Socket connect failed [cause: java.net.ConnectException: Conexão recusada] -- make sure the server is running at localhost:6379 - Connection: SYNCHRONOUS  localhost/127.0.0.1:6379 db:0 | SyncConnection@1818449913
01475611470724 Tue Oct 04 17:04:30 BRT 2016 JRedis[tid:1] <GRAVE>: Error creating connection -> Socket connect failed [cause: java.net.ConnectException: Conexão recusada] -- make sure the server is running at localhost:6379
]]></system-err>
  </testcase>
  <testcase name="testGetFirst[14]" classname="org.springframework.data.redis.support.collections.RedisListTests" time="0.002">
    <error message="Could not get a resource from the pool; nested exception is org.jredis.ClientRuntimeException: null reference:{connection on setConnection()} in method JRedisClient.setConnection() [file: JRedisClient.java line:158 - package: org.jredis.ri.alphazero] cause: =&gt; [IllegalArgumentException: null reference:{connection on setConnection()} in method JRedisClient.setConnection() [file: JRedisClient.java line:158 - package: org.jredis.ri.alphazero]]" type="org.springframework.data.redis.connection.PoolException">org.springframework.data.redis.connection.PoolException: Could not get a resource from the pool; nested exception is org.jredis.ClientRuntimeException: null reference:{connection on setConnection()} in method JRedisClient.setConnection() [file: JRedisClient.java line:158 - package: org.jredis.ri.alphazero] cause: => [IllegalArgumentException: null reference:{connection on setConnection()} in method JRedisClient.setConnection() [file: JRedisClient.java line:158 - package: org.jredis.ri.alphazero]]
Caused by: org.jredis.ClientRuntimeException: null reference:{connection on setConnection()} in method JRedisClient.setConnection() [file: JRedisClient.java line:158 - package: org.jredis.ri.alphazero] cause: => [IllegalArgumentException: null reference:{connection on setConnection()} in method JRedisClient.setConnection() [file: JRedisClient.java line:158 - package: org.jredis.ri.alphazero]]
Caused by: java.lang.IllegalArgumentException: null reference:{connection on setConnection()} in method JRedisClient.setConnection() [file: JRedisClient.java line:158 - package: org.jredis.ri.alphazero]
</error>
  </testcase>
  <testcase name="testAddLast[14]" classname="org.springframework.data.redis.support.collections.RedisListTests" time="0.001">
    <error message="Could not get a resource from the pool; nested exception is org.jredis.ClientRuntimeException: null reference:{connection on setConnection()} in method JRedisClient.setConnection() [file: JRedisClient.java line:158 - package: org.jredis.ri.alphazero] cause: =&gt; [IllegalArgumentException: null reference:{connection on setConnection()} in method JRedisClient.setConnection() [file: JRedisClient.java line:158 - package: org.jredis.ri.alphazero]]" type="org.springframework.data.redis.connection.PoolException">org.springframework.data.redis.connection.PoolException: Could not get a resource from the pool; nested exception is org.jredis.ClientRuntimeException: null reference:{connection on setConnection()} in method JRedisClient.setConnection() [file: JRedisClient.java line:158 - package: org.jredis.ri.alphazero] cause: => [IllegalArgumentException: null reference:{connection on setConnection()} in method JRedisClient.setConnection() [file: JRedisClient.java line:158 - package: org.jredis.ri.alphazero]]
Caused by: org.jredis.ClientRuntimeException: null reference:{connection on setConnection()} in method JRedisClient.setConnection() [file: JRedisClient.java line:158 - package: org.jredis.ri.alphazero] cause: => [IllegalArgumentException: null reference:{connection on setConnection()} in method JRedisClient.setConnection() [file: JRedisClient.java line:158 - package: org.jredis.ri.alphazero]]
Caused by: java.lang.IllegalArgumentException: null reference:{connection on setConnection()} in method JRedisClient.setConnection() [file: JRedisClient.java line:158 - package: org.jredis.ri.alphazero]
</error>
    <system-err><![CDATA[01475611470725 Tue Oct 04 17:04:30 BRT 2016 JRedis[tid:1] <INFORMAÇÕES>: WARNING: heartbeat is disabled.
01475611470725 Tue Oct 04 17:04:30 BRT 2016 JRedis[tid:1] <ADVERTÊNCIA>: PROBLEM: Shutting down due to connection FAULT: Socket connect failed [cause: java.net.ConnectException: Conexão recusada] -- make sure the server is running at localhost:6379 - Connection: SYNCHRONOUS  localhost/127.0.0.1:6379 db:0 | SyncConnection@1495161082
01475611470725 Tue Oct 04 17:04:30 BRT 2016 JRedis[tid:1] <GRAVE>: Error creating connection -> Socket connect failed [cause: java.net.ConnectException: Conexão recusada] -- make sure the server is running at localhost:6379
01475611470726 Tue Oct 04 17:04:30 BRT 2016 JRedis[tid:1] <INFORMAÇÕES>: WARNING: heartbeat is disabled.
01475611470726 Tue Oct 04 17:04:30 BRT 2016 JRedis[tid:1] <ADVERTÊNCIA>: PROBLEM: Shutting down due to connection FAULT: Socket connect failed [cause: java.net.ConnectException: Conexão recusada] -- make sure the server is running at localhost:6379 - Connection: SYNCHRONOUS  localhost/127.0.0.1:6379 db:0 | SyncConnection@961859592
01475611470726 Tue Oct 04 17:04:30 BRT 2016 JRedis[tid:1] <GRAVE>: Error creating connection -> Socket connect failed [cause: java.net.ConnectException: Conexão recusada] -- make sure the server is running at localhost:6379
]]></system-err>
  </testcase>
  <testcase name="testAddLast[14]" classname="org.springframework.data.redis.support.collections.RedisListTests" time="0.001">
    <error message="Could not get a resource from the pool; nested exception is org.jredis.ClientRuntimeException: null reference:{connection on setConnection()} in method JRedisClient.setConnection() [file: JRedisClient.java line:158 - package: org.jredis.ri.alphazero] cause: =&gt; [IllegalArgumentException: null reference:{connection on setConnection()} in method JRedisClient.setConnection() [file: JRedisClient.java line:158 - package: org.jredis.ri.alphazero]]" type="org.springframework.data.redis.connection.PoolException">org.springframework.data.redis.connection.PoolException: Could not get a resource from the pool; nested exception is org.jredis.ClientRuntimeException: null reference:{connection on setConnection()} in method JRedisClient.setConnection() [file: JRedisClient.java line:158 - package: org.jredis.ri.alphazero] cause: => [IllegalArgumentException: null reference:{connection on setConnection()} in method JRedisClient.setConnection() [file: JRedisClient.java line:158 - package: org.jredis.ri.alphazero]]
Caused by: org.jredis.ClientRuntimeException: null reference:{connection on setConnection()} in method JRedisClient.setConnection() [file: JRedisClient.java line:158 - package: org.jredis.ri.alphazero] cause: => [IllegalArgumentException: null reference:{connection on setConnection()} in method JRedisClient.setConnection() [file: JRedisClient.java line:158 - package: org.jredis.ri.alphazero]]
Caused by: java.lang.IllegalArgumentException: null reference:{connection on setConnection()} in method JRedisClient.setConnection() [file: JRedisClient.java line:158 - package: org.jredis.ri.alphazero]
</error>
  </testcase>
  <testcase name="testPop[14]" classname="org.springframework.data.redis.support.collections.RedisListTests" time="0.002">
    <error message="Could not get a resource from the pool; nested exception is org.jredis.ClientRuntimeException: null reference:{connection on setConnection()} in method JRedisClient.setConnection() [file: JRedisClient.java line:158 - package: org.jredis.ri.alphazero] cause: =&gt; [IllegalArgumentException: null reference:{connection on setConnection()} in method JRedisClient.setConnection() [file: JRedisClient.java line:158 - package: org.jredis.ri.alphazero]]" type="org.springframework.data.redis.connection.PoolException">org.springframework.data.redis.connection.PoolException: Could not get a resource from the pool; nested exception is org.jredis.ClientRuntimeException: null reference:{connection on setConnection()} in method JRedisClient.setConnection() [file: JRedisClient.java line:158 - package: org.jredis.ri.alphazero] cause: => [IllegalArgumentException: null reference:{connection on setConnection()} in method JRedisClient.setConnection() [file: JRedisClient.java line:158 - package: org.jredis.ri.alphazero]]
Caused by: org.jredis.ClientRuntimeException: null reference:{connection on setConnection()} in method JRedisClient.setConnection() [file: JRedisClient.java line:158 - package: org.jredis.ri.alphazero] cause: => [IllegalArgumentException: null reference:{connection on setConnection()} in method JRedisClient.setConnection() [file: JRedisClient.java line:158 - package: org.jredis.ri.alphazero]]
Caused by: java.lang.IllegalArgumentException: null reference:{connection on setConnection()} in method JRedisClient.setConnection() [file: JRedisClient.java line:158 - package: org.jredis.ri.alphazero]
</error>
    <system-err><![CDATA[01475611470727 Tue Oct 04 17:04:30 BRT 2016 JRedis[tid:1] <INFORMAÇÕES>: WARNING: heartbeat is disabled.
01475611470727 Tue Oct 04 17:04:30 BRT 2016 JRedis[tid:1] <ADVERTÊNCIA>: PROBLEM: Shutting down due to connection FAULT: Socket connect failed [cause: java.net.ConnectException: Conexão recusada] -- make sure the server is running at localhost:6379 - Connection: SYNCHRONOUS  localhost/127.0.0.1:6379 db:0 | SyncConnection@798278875
01475611470727 Tue Oct 04 17:04:30 BRT 2016 JRedis[tid:1] <GRAVE>: Error creating connection -> Socket connect failed [cause: java.net.ConnectException: Conexão recusada] -- make sure the server is running at localhost:6379
01475611470727 Tue Oct 04 17:04:30 BRT 2016 JRedis[tid:1] <INFORMAÇÕES>: WARNING: heartbeat is disabled.
01475611470727 Tue Oct 04 17:04:30 BRT 2016 JRedis[tid:1] <ADVERTÊNCIA>: PROBLEM: Shutting down due to connection FAULT: Socket connect failed [cause: java.net.ConnectException: Conexão recusada] -- make sure the server is running at localhost:6379 - Connection: SYNCHRONOUS  localhost/127.0.0.1:6379 db:0 | SyncConnection@1497268815
01475611470727 Tue Oct 04 17:04:30 BRT 2016 JRedis[tid:1] <GRAVE>: Error creating connection -> Socket connect failed [cause: java.net.ConnectException: Conexão recusada] -- make sure the server is running at localhost:6379
]]></system-err>
  </testcase>
  <testcase name="testPop[14]" classname="org.springframework.data.redis.support.collections.RedisListTests" time="0.002">
    <error message="Could not get a resource from the pool; nested exception is org.jredis.ClientRuntimeException: null reference:{connection on setConnection()} in method JRedisClient.setConnection() [file: JRedisClient.java line:158 - package: org.jredis.ri.alphazero] cause: =&gt; [IllegalArgumentException: null reference:{connection on setConnection()} in method JRedisClient.setConnection() [file: JRedisClient.java line:158 - package: org.jredis.ri.alphazero]]" type="org.springframework.data.redis.connection.PoolException">org.springframework.data.redis.connection.PoolException: Could not get a resource from the pool; nested exception is org.jredis.ClientRuntimeException: null reference:{connection on setConnection()} in method JRedisClient.setConnection() [file: JRedisClient.java line:158 - package: org.jredis.ri.alphazero] cause: => [IllegalArgumentException: null reference:{connection on setConnection()} in method JRedisClient.setConnection() [file: JRedisClient.java line:158 - package: org.jredis.ri.alphazero]]
Caused by: org.jredis.ClientRuntimeException: null reference:{connection on setConnection()} in method JRedisClient.setConnection() [file: JRedisClient.java line:158 - package: org.jredis.ri.alphazero] cause: => [IllegalArgumentException: null reference:{connection on setConnection()} in method JRedisClient.setConnection() [file: JRedisClient.java line:158 - package: org.jredis.ri.alphazero]]
Caused by: java.lang.IllegalArgumentException: null reference:{connection on setConnection()} in method JRedisClient.setConnection() [file: JRedisClient.java line:158 - package: org.jredis.ri.alphazero]
</error>
  </testcase>
  <testcase name="testPut[14]" classname="org.springframework.data.redis.support.collections.RedisListTests" time="0.001">
    <error message="Could not get a resource from the pool; nested exception is org.jredis.ClientRuntimeException: null reference:{connection on setConnection()} in method JRedisClient.setConnection() [file: JRedisClient.java line:158 - package: org.jredis.ri.alphazero] cause: =&gt; [IllegalArgumentException: null reference:{connection on setConnection()} in method JRedisClient.setConnection() [file: JRedisClient.java line:158 - package: org.jredis.ri.alphazero]]" type="org.springframework.data.redis.connection.PoolException">org.springframework.data.redis.connection.PoolException: Could not get a resource from the pool; nested exception is org.jredis.ClientRuntimeException: null reference:{connection on setConnection()} in method JRedisClient.setConnection() [file: JRedisClient.java line:158 - package: org.jredis.ri.alphazero] cause: => [IllegalArgumentException: null reference:{connection on setConnection()} in method JRedisClient.setConnection() [file: JRedisClient.java line:158 - package: org.jredis.ri.alphazero]]
Caused by: org.jredis.ClientRuntimeException: null reference:{connection on setConnection()} in method JRedisClient.setConnection() [file: JRedisClient.java line:158 - package: org.jredis.ri.alphazero] cause: => [IllegalArgumentException: null reference:{connection on setConnection()} in method JRedisClient.setConnection() [file: JRedisClient.java line:158 - package: org.jredis.ri.alphazero]]
Caused by: java.lang.IllegalArgumentException: null reference:{connection on setConnection()} in method JRedisClient.setConnection() [file: JRedisClient.java line:158 - package: org.jredis.ri.alphazero]
</error>
    <system-err><![CDATA[01475611470728 Tue Oct 04 17:04:30 BRT 2016 JRedis[tid:1] <INFORMAÇÕES>: WARNING: heartbeat is disabled.
01475611470728 Tue Oct 04 17:04:30 BRT 2016 JRedis[tid:1] <ADVERTÊNCIA>: PROBLEM: Shutting down due to connection FAULT: Socket connect failed [cause: java.net.ConnectException: Conexão recusada] -- make sure the server is running at localhost:6379 - Connection: SYNCHRONOUS  localhost/127.0.0.1:6379 db:0 | SyncConnection@1926027290
01475611470728 Tue Oct 04 17:04:30 BRT 2016 JRedis[tid:1] <GRAVE>: Error creating connection -> Socket connect failed [cause: java.net.ConnectException: Conexão recusada] -- make sure the server is running at localhost:6379
01475611470729 Tue Oct 04 17:04:30 BRT 2016 JRedis[tid:1] <INFORMAÇÕES>: WARNING: heartbeat is disabled.
01475611470729 Tue Oct 04 17:04:30 BRT 2016 JRedis[tid:1] <ADVERTÊNCIA>: PROBLEM: Shutting down due to connection FAULT: Socket connect failed [cause: java.net.ConnectException: Conexão recusada] -- make sure the server is running at localhost:6379 - Connection: SYNCHRONOUS  localhost/127.0.0.1:6379 db:0 | SyncConnection@1837601499
01475611470729 Tue Oct 04 17:04:30 BRT 2016 JRedis[tid:1] <GRAVE>: Error creating connection -> Socket connect failed [cause: java.net.ConnectException: Conexão recusada] -- make sure the server is running at localhost:6379
]]></system-err>
  </testcase>
  <testcase name="testPut[14]" classname="org.springframework.data.redis.support.collections.RedisListTests" time="0.002">
    <error message="Could not get a resource from the pool; nested exception is org.jredis.ClientRuntimeException: null reference:{connection on setConnection()} in method JRedisClient.setConnection() [file: JRedisClient.java line:158 - package: org.jredis.ri.alphazero] cause: =&gt; [IllegalArgumentException: null reference:{connection on setConnection()} in method JRedisClient.setConnection() [file: JRedisClient.java line:158 - package: org.jredis.ri.alphazero]]" type="org.springframework.data.redis.connection.PoolException">org.springframework.data.redis.connection.PoolException: Could not get a resource from the pool; nested exception is org.jredis.ClientRuntimeException: null reference:{connection on setConnection()} in method JRedisClient.setConnection() [file: JRedisClient.java line:158 - package: org.jredis.ri.alphazero] cause: => [IllegalArgumentException: null reference:{connection on setConnection()} in method JRedisClient.setConnection() [file: JRedisClient.java line:158 - package: org.jredis.ri.alphazero]]
Caused by: org.jredis.ClientRuntimeException: null reference:{connection on setConnection()} in method JRedisClient.setConnection() [file: JRedisClient.java line:158 - package: org.jredis.ri.alphazero] cause: => [IllegalArgumentException: null reference:{connection on setConnection()} in method JRedisClient.setConnection() [file: JRedisClient.java line:158 - package: org.jredis.ri.alphazero]]
Caused by: java.lang.IllegalArgumentException: null reference:{connection on setConnection()} in method JRedisClient.setConnection() [file: JRedisClient.java line:158 - package: org.jredis.ri.alphazero]
</error>
  </testcase>
  <testcase name="testSet[14]" classname="org.springframework.data.redis.support.collections.RedisListTests" time="0.001">
    <error message="Could not get a resource from the pool; nested exception is org.jredis.ClientRuntimeException: null reference:{connection on setConnection()} in method JRedisClient.setConnection() [file: JRedisClient.java line:158 - package: org.jredis.ri.alphazero] cause: =&gt; [IllegalArgumentException: null reference:{connection on setConnection()} in method JRedisClient.setConnection() [file: JRedisClient.java line:158 - package: org.jredis.ri.alphazero]]" type="org.springframework.data.redis.connection.PoolException">org.springframework.data.redis.connection.PoolException: Could not get a resource from the pool; nested exception is org.jredis.ClientRuntimeException: null reference:{connection on setConnection()} in method JRedisClient.setConnection() [file: JRedisClient.java line:158 - package: org.jredis.ri.alphazero] cause: => [IllegalArgumentException: null reference:{connection on setConnection()} in method JRedisClient.setConnection() [file: JRedisClient.java line:158 - package: org.jredis.ri.alphazero]]
Caused by: org.jredis.ClientRuntimeException: null reference:{connection on setConnection()} in method JRedisClient.setConnection() [file: JRedisClient.java line:158 - package: org.jredis.ri.alphazero] cause: => [IllegalArgumentException: null reference:{connection on setConnection()} in method JRedisClient.setConnection() [file: JRedisClient.java line:158 - package: org.jredis.ri.alphazero]]
Caused by: java.lang.IllegalArgumentException: null reference:{connection on setConnection()} in method JRedisClient.setConnection() [file: JRedisClient.java line:158 - package: org.jredis.ri.alphazero]
</error>
    <system-err><![CDATA[01475611470730 Tue Oct 04 17:04:30 BRT 2016 JRedis[tid:1] <INFORMAÇÕES>: WARNING: heartbeat is disabled.
01475611470730 Tue Oct 04 17:04:30 BRT 2016 JRedis[tid:1] <ADVERTÊNCIA>: PROBLEM: Shutting down due to connection FAULT: Socket connect failed [cause: java.net.ConnectException: Conexão recusada] -- make sure the server is running at localhost:6379 - Connection: SYNCHRONOUS  localhost/127.0.0.1:6379 db:0 | SyncConnection@1690050988
01475611470730 Tue Oct 04 17:04:30 BRT 2016 JRedis[tid:1] <GRAVE>: Error creating connection -> Socket connect failed [cause: java.net.ConnectException: Conexão recusada] -- make sure the server is running at localhost:6379
01475611470730 Tue Oct 04 17:04:30 BRT 2016 JRedis[tid:1] <INFORMAÇÕES>: WARNING: heartbeat is disabled.
01475611470730 Tue Oct 04 17:04:30 BRT 2016 JRedis[tid:1] <ADVERTÊNCIA>: PROBLEM: Shutting down due to connection FAULT: Socket connect failed [cause: java.net.ConnectException: Conexão recusada] -- make sure the server is running at localhost:6379 - Connection: SYNCHRONOUS  localhost/127.0.0.1:6379 db:0 | SyncConnection@1228798862
01475611470731 Tue Oct 04 17:04:30 BRT 2016 JRedis[tid:1] <GRAVE>: Error creating connection -> Socket connect failed [cause: java.net.ConnectException: Conexão recusada] -- make sure the server is running at localhost:6379
]]></system-err>
  </testcase>
  <testcase name="testSet[14]" classname="org.springframework.data.redis.support.collections.RedisListTests" time="0.001">
    <error message="Could not get a resource from the pool; nested exception is org.jredis.ClientRuntimeException: null reference:{connection on setConnection()} in method JRedisClient.setConnection() [file: JRedisClient.java line:158 - package: org.jredis.ri.alphazero] cause: =&gt; [IllegalArgumentException: null reference:{connection on setConnection()} in method JRedisClient.setConnection() [file: JRedisClient.java line:158 - package: org.jredis.ri.alphazero]]" type="org.springframework.data.redis.connection.PoolException">org.springframework.data.redis.connection.PoolException: Could not get a resource from the pool; nested exception is org.jredis.ClientRuntimeException: null reference:{connection on setConnection()} in method JRedisClient.setConnection() [file: JRedisClient.java line:158 - package: org.jredis.ri.alphazero] cause: => [IllegalArgumentException: null reference:{connection on setConnection()} in method JRedisClient.setConnection() [file: JRedisClient.java line:158 - package: org.jredis.ri.alphazero]]
Caused by: org.jredis.ClientRuntimeException: null reference:{connection on setConnection()} in method JRedisClient.setConnection() [file: JRedisClient.java line:158 - package: org.jredis.ri.alphazero] cause: => [IllegalArgumentException: null reference:{connection on setConnection()} in method JRedisClient.setConnection() [file: JRedisClient.java line:158 - package: org.jredis.ri.alphazero]]
Caused by: java.lang.IllegalArgumentException: null reference:{connection on setConnection()} in method JRedisClient.setConnection() [file: JRedisClient.java line:158 - package: org.jredis.ri.alphazero]
</error>
  </testcase>
  <testcase name="testOffer[14]" classname="org.springframework.data.redis.support.collections.RedisListTests" time="0.002">
    <error message="Could not get a resource from the pool; nested exception is org.jredis.ClientRuntimeException: null reference:{connection on setConnection()} in method JRedisClient.setConnection() [file: JRedisClient.java line:158 - package: org.jredis.ri.alphazero] cause: =&gt; [IllegalArgumentException: null reference:{connection on setConnection()} in method JRedisClient.setConnection() [file: JRedisClient.java line:158 - package: org.jredis.ri.alphazero]]" type="org.springframework.data.redis.connection.PoolException">org.springframework.data.redis.connection.PoolException: Could not get a resource from the pool; nested exception is org.jredis.ClientRuntimeException: null reference:{connection on setConnection()} in method JRedisClient.setConnection() [file: JRedisClient.java line:158 - package: org.jredis.ri.alphazero] cause: => [IllegalArgumentException: null reference:{connection on setConnection()} in method JRedisClient.setConnection() [file: JRedisClient.java line:158 - package: org.jredis.ri.alphazero]]
Caused by: org.jredis.ClientRuntimeException: null reference:{connection on setConnection()} in method JRedisClient.setConnection() [file: JRedisClient.java line:158 - package: org.jredis.ri.alphazero] cause: => [IllegalArgumentException: null reference:{connection on setConnection()} in method JRedisClient.setConnection() [file: JRedisClient.java line:158 - package: org.jredis.ri.alphazero]]
Caused by: java.lang.IllegalArgumentException: null reference:{connection on setConnection()} in method JRedisClient.setConnection() [file: JRedisClient.java line:158 - package: org.jredis.ri.alphazero]
</error>
    <system-err><![CDATA[01475611470731 Tue Oct 04 17:04:30 BRT 2016 JRedis[tid:1] <INFORMAÇÕES>: WARNING: heartbeat is disabled.
01475611470732 Tue Oct 04 17:04:30 BRT 2016 JRedis[tid:1] <ADVERTÊNCIA>: PROBLEM: Shutting down due to connection FAULT: Socket connect failed [cause: java.net.ConnectException: Conexão recusada] -- make sure the server is running at localhost:6379 - Connection: SYNCHRONOUS  localhost/127.0.0.1:6379 db:0 | SyncConnection@1562764987
01475611470732 Tue Oct 04 17:04:30 BRT 2016 JRedis[tid:1] <GRAVE>: Error creating connection -> Socket connect failed [cause: java.net.ConnectException: Conexão recusada] -- make sure the server is running at localhost:6379
01475611470732 Tue Oct 04 17:04:30 BRT 2016 JRedis[tid:1] <INFORMAÇÕES>: WARNING: heartbeat is disabled.
01475611470732 Tue Oct 04 17:04:30 BRT 2016 JRedis[tid:1] <ADVERTÊNCIA>: PROBLEM: Shutting down due to connection FAULT: Socket connect failed [cause: java.net.ConnectException: Conexão recusada] -- make sure the server is running at localhost:6379 - Connection: SYNCHRONOUS  localhost/127.0.0.1:6379 db:0 | SyncConnection@216376974
01475611470732 Tue Oct 04 17:04:30 BRT 2016 JRedis[tid:1] <GRAVE>: Error creating connection -> Socket connect failed [cause: java.net.ConnectException: Conexão recusada] -- make sure the server is running at localhost:6379
]]></system-err>
  </testcase>
  <testcase name="testOffer[14]" classname="org.springframework.data.redis.support.collections.RedisListTests" time="0.002">
    <error message="Could not get a resource from the pool; nested exception is org.jredis.ClientRuntimeException: null reference:{connection on setConnection()} in method JRedisClient.setConnection() [file: JRedisClient.java line:158 - package: org.jredis.ri.alphazero] cause: =&gt; [IllegalArgumentException: null reference:{connection on setConnection()} in method JRedisClient.setConnection() [file: JRedisClient.java line:158 - package: org.jredis.ri.alphazero]]" type="org.springframework.data.redis.connection.PoolException">org.springframework.data.redis.connection.PoolException: Could not get a resource from the pool; nested exception is org.jredis.ClientRuntimeException: null reference:{connection on setConnection()} in method JRedisClient.setConnection() [file: JRedisClient.java line:158 - package: org.jredis.ri.alphazero] cause: => [IllegalArgumentException: null reference:{connection on setConnection()} in method JRedisClient.setConnection() [file: JRedisClient.java line:158 - package: org.jredis.ri.alphazero]]
Caused by: org.jredis.ClientRuntimeException: null reference:{connection on setConnection()} in method JRedisClient.setConnection() [file: JRedisClient.java line:158 - package: org.jredis.ri.alphazero] cause: => [IllegalArgumentException: null reference:{connection on setConnection()} in method JRedisClient.setConnection() [file: JRedisClient.java line:158 - package: org.jredis.ri.alphazero]]
Caused by: java.lang.IllegalArgumentException: null reference:{connection on setConnection()} in method JRedisClient.setConnection() [file: JRedisClient.java line:158 - package: org.jredis.ri.alphazero]
</error>
  </testcase>
  <testcase name="testRange[14]" classname="org.springframework.data.redis.support.collections.RedisListTests" time="0.001">
    <error message="Could not get a resource from the pool; nested exception is org.jredis.ClientRuntimeException: null reference:{connection on setConnection()} in method JRedisClient.setConnection() [file: JRedisClient.java line:158 - package: org.jredis.ri.alphazero] cause: =&gt; [IllegalArgumentException: null reference:{connection on setConnection()} in method JRedisClient.setConnection() [file: JRedisClient.java line:158 - package: org.jredis.ri.alphazero]]" type="org.springframework.data.redis.connection.PoolException">org.springframework.data.redis.connection.PoolException: Could not get a resource from the pool; nested exception is org.jredis.ClientRuntimeException: null reference:{connection on setConnection()} in method JRedisClient.setConnection() [file: JRedisClient.java line:158 - package: org.jredis.ri.alphazero] cause: => [IllegalArgumentException: null reference:{connection on setConnection()} in method JRedisClient.setConnection() [file: JRedisClient.java line:158 - package: org.jredis.ri.alphazero]]
Caused by: org.jredis.ClientRuntimeException: null reference:{connection on setConnection()} in method JRedisClient.setConnection() [file: JRedisClient.java line:158 - package: org.jredis.ri.alphazero] cause: => [IllegalArgumentException: null reference:{connection on setConnection()} in method JRedisClient.setConnection() [file: JRedisClient.java line:158 - package: org.jredis.ri.alphazero]]
Caused by: java.lang.IllegalArgumentException: null reference:{connection on setConnection()} in method JRedisClient.setConnection() [file: JRedisClient.java line:158 - package: org.jredis.ri.alphazero]
</error>
    <system-err><![CDATA[01475611470733 Tue Oct 04 17:04:30 BRT 2016 JRedis[tid:1] <INFORMAÇÕES>: WARNING: heartbeat is disabled.
01475611470733 Tue Oct 04 17:04:30 BRT 2016 JRedis[tid:1] <ADVERTÊNCIA>: PROBLEM: Shutting down due to connection FAULT: Socket connect failed [cause: java.net.ConnectException: Conexão recusada] -- make sure the server is running at localhost:6379 - Connection: SYNCHRONOUS  localhost/127.0.0.1:6379 db:0 | SyncConnection@164714495
01475611470733 Tue Oct 04 17:04:30 BRT 2016 JRedis[tid:1] <GRAVE>: Error creating connection -> Socket connect failed [cause: java.net.ConnectException: Conexão recusada] -- make sure the server is running at localhost:6379
01475611470734 Tue Oct 04 17:04:30 BRT 2016 JRedis[tid:1] <INFORMAÇÕES>: WARNING: heartbeat is disabled.
01475611470734 Tue Oct 04 17:04:30 BRT 2016 JRedis[tid:1] <ADVERTÊNCIA>: PROBLEM: Shutting down due to connection FAULT: Socket connect failed [cause: java.net.ConnectException: Conexão recusada] -- make sure the server is running at localhost:6379 - Connection: SYNCHRONOUS  localhost/127.0.0.1:6379 db:0 | SyncConnection@789982400
01475611470734 Tue Oct 04 17:04:30 BRT 2016 JRedis[tid:1] <GRAVE>: Error creating connection -> Socket connect failed [cause: java.net.ConnectException: Conexão recusada] -- make sure the server is running at localhost:6379
]]></system-err>
  </testcase>
  <testcase name="testRange[14]" classname="org.springframework.data.redis.support.collections.RedisListTests" time="0.002">
    <error message="Could not get a resource from the pool; nested exception is org.jredis.ClientRuntimeException: null reference:{connection on setConnection()} in method JRedisClient.setConnection() [file: JRedisClient.java line:158 - package: org.jredis.ri.alphazero] cause: =&gt; [IllegalArgumentException: null reference:{connection on setConnection()} in method JRedisClient.setConnection() [file: JRedisClient.java line:158 - package: org.jredis.ri.alphazero]]" type="org.springframework.data.redis.connection.PoolException">org.springframework.data.redis.connection.PoolException: Could not get a resource from the pool; nested exception is org.jredis.ClientRuntimeException: null reference:{connection on setConnection()} in method JRedisClient.setConnection() [file: JRedisClient.java line:158 - package: org.jredis.ri.alphazero] cause: => [IllegalArgumentException: null reference:{connection on setConnection()} in method JRedisClient.setConnection() [file: JRedisClient.java line:158 - package: org.jredis.ri.alphazero]]
Caused by: org.jredis.ClientRuntimeException: null reference:{connection on setConnection()} in method JRedisClient.setConnection() [file: JRedisClient.java line:158 - package: org.jredis.ri.alphazero] cause: => [IllegalArgumentException: null reference:{connection on setConnection()} in method JRedisClient.setConnection() [file: JRedisClient.java line:158 - package: org.jredis.ri.alphazero]]
Caused by: java.lang.IllegalArgumentException: null reference:{connection on setConnection()} in method JRedisClient.setConnection() [file: JRedisClient.java line:158 - package: org.jredis.ri.alphazero]
</error>
  </testcase>
  <testcase name="testLast[14]" classname="org.springframework.data.redis.support.collections.RedisListTests" time="0.001">
    <error message="Could not get a resource from the pool; nested exception is org.jredis.ClientRuntimeException: null reference:{connection on setConnection()} in method JRedisClient.setConnection() [file: JRedisClient.java line:158 - package: org.jredis.ri.alphazero] cause: =&gt; [IllegalArgumentException: null reference:{connection on setConnection()} in method JRedisClient.setConnection() [file: JRedisClient.java line:158 - package: org.jredis.ri.alphazero]]" type="org.springframework.data.redis.connection.PoolException">org.springframework.data.redis.connection.PoolException: Could not get a resource from the pool; nested exception is org.jredis.ClientRuntimeException: null reference:{connection on setConnection()} in method JRedisClient.setConnection() [file: JRedisClient.java line:158 - package: org.jredis.ri.alphazero] cause: => [IllegalArgumentException: null reference:{connection on setConnection()} in method JRedisClient.setConnection() [file: JRedisClient.java line:158 - package: org.jredis.ri.alphazero]]
Caused by: org.jredis.ClientRuntimeException: null reference:{connection on setConnection()} in method JRedisClient.setConnection() [file: JRedisClient.java line:158 - package: org.jredis.ri.alphazero] cause: => [IllegalArgumentException: null reference:{connection on setConnection()} in method JRedisClient.setConnection() [file: JRedisClient.java line:158 - package: org.jredis.ri.alphazero]]
Caused by: java.lang.IllegalArgumentException: null reference:{connection on setConnection()} in method JRedisClient.setConnection() [file: JRedisClient.java line:158 - package: org.jredis.ri.alphazero]
</error>
    <system-err><![CDATA[01475611470735 Tue Oct 04 17:04:30 BRT 2016 JRedis[tid:1] <INFORMAÇÕES>: WARNING: heartbeat is disabled.
01475611470735 Tue Oct 04 17:04:30 BRT 2016 JRedis[tid:1] <ADVERTÊNCIA>: PROBLEM: Shutting down due to connection FAULT: Socket connect failed [cause: java.net.ConnectException: Conexão recusada] -- make sure the server is running at localhost:6379 - Connection: SYNCHRONOUS  localhost/127.0.0.1:6379 db:0 | SyncConnection@1576277927
01475611470735 Tue Oct 04 17:04:30 BRT 2016 JRedis[tid:1] <GRAVE>: Error creating connection -> Socket connect failed [cause: java.net.ConnectException: Conexão recusada] -- make sure the server is running at localhost:6379
01475611470735 Tue Oct 04 17:04:30 BRT 2016 JRedis[tid:1] <INFORMAÇÕES>: WARNING: heartbeat is disabled.
01475611470736 Tue Oct 04 17:04:30 BRT 2016 JRedis[tid:1] <ADVERTÊNCIA>: PROBLEM: Shutting down due to connection FAULT: Socket connect failed [cause: java.net.ConnectException: Conexão recusada] -- make sure the server is running at localhost:6379 - Connection: SYNCHRONOUS  localhost/127.0.0.1:6379 db:0 | SyncConnection@2080643905
01475611470736 Tue Oct 04 17:04:30 BRT 2016 JRedis[tid:1] <GRAVE>: Error creating connection -> Socket connect failed [cause: java.net.ConnectException: Conexão recusada] -- make sure the server is running at localhost:6379
]]></system-err>
  </testcase>
  <testcase name="testLast[14]" classname="org.springframework.data.redis.support.collections.RedisListTests" time="0.001">
    <error message="Could not get a resource from the pool; nested exception is org.jredis.ClientRuntimeException: null reference:{connection on setConnection()} in method JRedisClient.setConnection() [file: JRedisClient.java line:158 - package: org.jredis.ri.alphazero] cause: =&gt; [IllegalArgumentException: null reference:{connection on setConnection()} in method JRedisClient.setConnection() [file: JRedisClient.java line:158 - package: org.jredis.ri.alphazero]]" type="org.springframework.data.redis.connection.PoolException">org.springframework.data.redis.connection.PoolException: Could not get a resource from the pool; nested exception is org.jredis.ClientRuntimeException: null reference:{connection on setConnection()} in method JRedisClient.setConnection() [file: JRedisClient.java line:158 - package: org.jredis.ri.alphazero] cause: => [IllegalArgumentException: null reference:{connection on setConnection()} in method JRedisClient.setConnection() [file: JRedisClient.java line:158 - package: org.jredis.ri.alphazero]]
Caused by: org.jredis.ClientRuntimeException: null reference:{connection on setConnection()} in method JRedisClient.setConnection() [file: JRedisClient.java line:158 - package: org.jredis.ri.alphazero] cause: => [IllegalArgumentException: null reference:{connection on setConnection()} in method JRedisClient.setConnection() [file: JRedisClient.java line:158 - package: org.jredis.ri.alphazero]]
Caused by: java.lang.IllegalArgumentException: null reference:{connection on setConnection()} in method JRedisClient.setConnection() [file: JRedisClient.java line:158 - package: org.jredis.ri.alphazero]
</error>
  </testcase>
  <testcase name="testPeek[14]" classname="org.springframework.data.redis.support.collections.RedisListTests" time="0.002">
    <error message="Could not get a resource from the pool; nested exception is org.jredis.ClientRuntimeException: null reference:{connection on setConnection()} in method JRedisClient.setConnection() [file: JRedisClient.java line:158 - package: org.jredis.ri.alphazero] cause: =&gt; [IllegalArgumentException: null reference:{connection on setConnection()} in method JRedisClient.setConnection() [file: JRedisClient.java line:158 - package: org.jredis.ri.alphazero]]" type="org.springframework.data.redis.connection.PoolException">org.springframework.data.redis.connection.PoolException: Could not get a resource from the pool; nested exception is org.jredis.ClientRuntimeException: null reference:{connection on setConnection()} in method JRedisClient.setConnection() [file: JRedisClient.java line:158 - package: org.jredis.ri.alphazero] cause: => [IllegalArgumentException: null reference:{connection on setConnection()} in method JRedisClient.setConnection() [file: JRedisClient.java line:158 - package: org.jredis.ri.alphazero]]
Caused by: org.jredis.ClientRuntimeException: null reference:{connection on setConnection()} in method JRedisClient.setConnection() [file: JRedisClient.java line:158 - package: org.jredis.ri.alphazero] cause: => [IllegalArgumentException: null reference:{connection on setConnection()} in method JRedisClient.setConnection() [file: JRedisClient.java line:158 - package: org.jredis.ri.alphazero]]
Caused by: java.lang.IllegalArgumentException: null reference:{connection on setConnection()} in method JRedisClient.setConnection() [file: JRedisClient.java line:158 - package: org.jredis.ri.alphazero]
</error>
    <system-err><![CDATA[01475611470736 Tue Oct 04 17:04:30 BRT 2016 JRedis[tid:1] <INFORMAÇÕES>: WARNING: heartbeat is disabled.
01475611470737 Tue Oct 04 17:04:30 BRT 2016 JRedis[tid:1] <ADVERTÊNCIA>: PROBLEM: Shutting down due to connection FAULT: Socket connect failed [cause: java.net.ConnectException: Conexão recusada] -- make sure the server is running at localhost:6379 - Connection: SYNCHRONOUS  localhost/127.0.0.1:6379 db:0 | SyncConnection@2137642385
01475611470737 Tue Oct 04 17:04:30 BRT 2016 JRedis[tid:1] <GRAVE>: Error creating connection -> Socket connect failed [cause: java.net.ConnectException: Conexão recusada] -- make sure the server is running at localhost:6379
01475611470737 Tue Oct 04 17:04:30 BRT 2016 JRedis[tid:1] <INFORMAÇÕES>: WARNING: heartbeat is disabled.
01475611470737 Tue Oct 04 17:04:30 BRT 2016 JRedis[tid:1] <ADVERTÊNCIA>: PROBLEM: Shutting down due to connection FAULT: Socket connect failed [cause: java.net.ConnectException: Conexão recusada] -- make sure the server is running at localhost:6379 - Connection: SYNCHRONOUS  localhost/127.0.0.1:6379 db:0 | SyncConnection@1627883152
01475611470737 Tue Oct 04 17:04:30 BRT 2016 JRedis[tid:1] <GRAVE>: Error creating connection -> Socket connect failed [cause: java.net.ConnectException: Conexão recusada] -- make sure the server is running at localhost:6379
]]></system-err>
  </testcase>
  <testcase name="testPeek[14]" classname="org.springframework.data.redis.support.collections.RedisListTests" time="0.002">
    <error message="Could not get a resource from the pool; nested exception is org.jredis.ClientRuntimeException: null reference:{connection on setConnection()} in method JRedisClient.setConnection() [file: JRedisClient.java line:158 - package: org.jredis.ri.alphazero] cause: =&gt; [IllegalArgumentException: null reference:{connection on setConnection()} in method JRedisClient.setConnection() [file: JRedisClient.java line:158 - package: org.jredis.ri.alphazero]]" type="org.springframework.data.redis.connection.PoolException">org.springframework.data.redis.connection.PoolException: Could not get a resource from the pool; nested exception is org.jredis.ClientRuntimeException: null reference:{connection on setConnection()} in method JRedisClient.setConnection() [file: JRedisClient.java line:158 - package: org.jredis.ri.alphazero] cause: => [IllegalArgumentException: null reference:{connection on setConnection()} in method JRedisClient.setConnection() [file: JRedisClient.java line:158 - package: org.jredis.ri.alphazero]]
Caused by: org.jredis.ClientRuntimeException: null reference:{connection on setConnection()} in method JRedisClient.setConnection() [file: JRedisClient.java line:158 - package: org.jredis.ri.alphazero] cause: => [IllegalArgumentException: null reference:{connection on setConnection()} in method JRedisClient.setConnection() [file: JRedisClient.java line:158 - package: org.jredis.ri.alphazero]]
Caused by: java.lang.IllegalArgumentException: null reference:{connection on setConnection()} in method JRedisClient.setConnection() [file: JRedisClient.java line:158 - package: org.jredis.ri.alphazero]
</error>
  </testcase>
  <testcase name="testPoll[14]" classname="org.springframework.data.redis.support.collections.RedisListTests" time="0.002">
    <error message="Could not get a resource from the pool; nested exception is org.jredis.ClientRuntimeException: null reference:{connection on setConnection()} in method JRedisClient.setConnection() [file: JRedisClient.java line:158 - package: org.jredis.ri.alphazero] cause: =&gt; [IllegalArgumentException: null reference:{connection on setConnection()} in method JRedisClient.setConnection() [file: JRedisClient.java line:158 - package: org.jredis.ri.alphazero]]" type="org.springframework.data.redis.connection.PoolException">org.springframework.data.redis.connection.PoolException: Could not get a resource from the pool; nested exception is org.jredis.ClientRuntimeException: null reference:{connection on setConnection()} in method JRedisClient.setConnection() [file: JRedisClient.java line:158 - package: org.jredis.ri.alphazero] cause: => [IllegalArgumentException: null reference:{connection on setConnection()} in method JRedisClient.setConnection() [file: JRedisClient.java line:158 - package: org.jredis.ri.alphazero]]
Caused by: org.jredis.ClientRuntimeException: null reference:{connection on setConnection()} in method JRedisClient.setConnection() [file: JRedisClient.java line:158 - package: org.jredis.ri.alphazero] cause: => [IllegalArgumentException: null reference:{connection on setConnection()} in method JRedisClient.setConnection() [file: JRedisClient.java line:158 - package: org.jredis.ri.alphazero]]
Caused by: java.lang.IllegalArgumentException: null reference:{connection on setConnection()} in method JRedisClient.setConnection() [file: JRedisClient.java line:158 - package: org.jredis.ri.alphazero]
</error>
    <system-err><![CDATA[01475611470738 Tue Oct 04 17:04:30 BRT 2016 JRedis[tid:1] <INFORMAÇÕES>: WARNING: heartbeat is disabled.
01475611470739 Tue Oct 04 17:04:30 BRT 2016 JRedis[tid:1] <ADVERTÊNCIA>: PROBLEM: Shutting down due to connection FAULT: Socket connect failed [cause: java.net.ConnectException: Conexão recusada] -- make sure the server is running at localhost:6379 - Connection: SYNCHRONOUS  localhost/127.0.0.1:6379 db:0 | SyncConnection@481553464
01475611470739 Tue Oct 04 17:04:30 BRT 2016 JRedis[tid:1] <GRAVE>: Error creating connection -> Socket connect failed [cause: java.net.ConnectException: Conexão recusada] -- make sure the server is running at localhost:6379
01475611470739 Tue Oct 04 17:04:30 BRT 2016 JRedis[tid:1] <INFORMAÇÕES>: WARNING: heartbeat is disabled.
01475611470739 Tue Oct 04 17:04:30 BRT 2016 JRedis[tid:1] <ADVERTÊNCIA>: PROBLEM: Shutting down due to connection FAULT: Socket connect failed [cause: java.net.ConnectException: Conexão recusada] -- make sure the server is running at localhost:6379 - Connection: SYNCHRONOUS  localhost/127.0.0.1:6379 db:0 | SyncConnection@1076966140
01475611470739 Tue Oct 04 17:04:30 BRT 2016 JRedis[tid:1] <GRAVE>: Error creating connection -> Socket connect failed [cause: java.net.ConnectException: Conexão recusada] -- make sure the server is running at localhost:6379
]]></system-err>
  </testcase>
  <testcase name="testPoll[14]" classname="org.springframework.data.redis.support.collections.RedisListTests" time="0.002">
    <error message="Could not get a resource from the pool; nested exception is org.jredis.ClientRuntimeException: null reference:{connection on setConnection()} in method JRedisClient.setConnection() [file: JRedisClient.java line:158 - package: org.jredis.ri.alphazero] cause: =&gt; [IllegalArgumentException: null reference:{connection on setConnection()} in method JRedisClient.setConnection() [file: JRedisClient.java line:158 - package: org.jredis.ri.alphazero]]" type="org.springframework.data.redis.connection.PoolException">org.springframework.data.redis.connection.PoolException: Could not get a resource from the pool; nested exception is org.jredis.ClientRuntimeException: null reference:{connection on setConnection()} in method JRedisClient.setConnection() [file: JRedisClient.java line:158 - package: org.jredis.ri.alphazero] cause: => [IllegalArgumentException: null reference:{connection on setConnection()} in method JRedisClient.setConnection() [file: JRedisClient.java line:158 - package: org.jredis.ri.alphazero]]
Caused by: org.jredis.ClientRuntimeException: null reference:{connection on setConnection()} in method JRedisClient.setConnection() [file: JRedisClient.java line:158 - package: org.jredis.ri.alphazero] cause: => [IllegalArgumentException: null reference:{connection on setConnection()} in method JRedisClient.setConnection() [file: JRedisClient.java line:158 - package: org.jredis.ri.alphazero]]
Caused by: java.lang.IllegalArgumentException: null reference:{connection on setConnection()} in method JRedisClient.setConnection() [file: JRedisClient.java line:158 - package: org.jredis.ri.alphazero]
</error>
  </testcase>
  <testcase name="testTake[14]" classname="org.springframework.data.redis.support.collections.RedisListTests" time="0.001">
    <error message="Could not get a resource from the pool; nested exception is org.jredis.ClientRuntimeException: null reference:{connection on setConnection()} in method JRedisClient.setConnection() [file: JRedisClient.java line:158 - package: org.jredis.ri.alphazero] cause: =&gt; [IllegalArgumentException: null reference:{connection on setConnection()} in method JRedisClient.setConnection() [file: JRedisClient.java line:158 - package: org.jredis.ri.alphazero]]" type="org.springframework.data.redis.connection.PoolException">org.springframework.data.redis.connection.PoolException: Could not get a resource from the pool; nested exception is org.jredis.ClientRuntimeException: null reference:{connection on setConnection()} in method JRedisClient.setConnection() [file: JRedisClient.java line:158 - package: org.jredis.ri.alphazero] cause: => [IllegalArgumentException: null reference:{connection on setConnection()} in method JRedisClient.setConnection() [file: JRedisClient.java line:158 - package: org.jredis.ri.alphazero]]
Caused by: org.jredis.ClientRuntimeException: null reference:{connection on setConnection()} in method JRedisClient.setConnection() [file: JRedisClient.java line:158 - package: org.jredis.ri.alphazero] cause: => [IllegalArgumentException: null reference:{connection on setConnection()} in method JRedisClient.setConnection() [file: JRedisClient.java line:158 - package: org.jredis.ri.alphazero]]
Caused by: java.lang.IllegalArgumentException: null reference:{connection on setConnection()} in method JRedisClient.setConnection() [file: JRedisClient.java line:158 - package: org.jredis.ri.alphazero]
</error>
    <system-err><![CDATA[01475611470740 Tue Oct 04 17:04:30 BRT 2016 JRedis[tid:1] <INFORMAÇÕES>: WARNING: heartbeat is disabled.
01475611470741 Tue Oct 04 17:04:30 BRT 2016 JRedis[tid:1] <ADVERTÊNCIA>: PROBLEM: Shutting down due to connection FAULT: Socket connect failed [cause: java.net.ConnectException: Conexão recusada] -- make sure the server is running at localhost:6379 - Connection: SYNCHRONOUS  localhost/127.0.0.1:6379 db:0 | SyncConnection@1908781622
01475611470741 Tue Oct 04 17:04:30 BRT 2016 JRedis[tid:1] <GRAVE>: Error creating connection -> Socket connect failed [cause: java.net.ConnectException: Conexão recusada] -- make sure the server is running at localhost:6379
01475611470741 Tue Oct 04 17:04:30 BRT 2016 JRedis[tid:1] <INFORMAÇÕES>: WARNING: heartbeat is disabled.
01475611470741 Tue Oct 04 17:04:30 BRT 2016 JRedis[tid:1] <ADVERTÊNCIA>: PROBLEM: Shutting down due to connection FAULT: Socket connect failed [cause: java.net.ConnectException: Conexão recusada] -- make sure the server is running at localhost:6379 - Connection: SYNCHRONOUS  localhost/127.0.0.1:6379 db:0 | SyncConnection@749443480
01475611470741 Tue Oct 04 17:04:30 BRT 2016 JRedis[tid:1] <GRAVE>: Error creating connection -> Socket connect failed [cause: java.net.ConnectException: Conexão recusada] -- make sure the server is running at localhost:6379
]]></system-err>
  </testcase>
  <testcase name="testTake[14]" classname="org.springframework.data.redis.support.collections.RedisListTests" time="0.002">
    <error message="Could not get a resource from the pool; nested exception is org.jredis.ClientRuntimeException: null reference:{connection on setConnection()} in method JRedisClient.setConnection() [file: JRedisClient.java line:158 - package: org.jredis.ri.alphazero] cause: =&gt; [IllegalArgumentException: null reference:{connection on setConnection()} in method JRedisClient.setConnection() [file: JRedisClient.java line:158 - package: org.jredis.ri.alphazero]]" type="org.springframework.data.redis.connection.PoolException">org.springframework.data.redis.connection.PoolException: Could not get a resource from the pool; nested exception is org.jredis.ClientRuntimeException: null reference:{connection on setConnection()} in method JRedisClient.setConnection() [file: JRedisClient.java line:158 - package: org.jredis.ri.alphazero] cause: => [IllegalArgumentException: null reference:{connection on setConnection()} in method JRedisClient.setConnection() [file: JRedisClient.java line:158 - package: org.jredis.ri.alphazero]]
Caused by: org.jredis.ClientRuntimeException: null reference:{connection on setConnection()} in method JRedisClient.setConnection() [file: JRedisClient.java line:158 - package: org.jredis.ri.alphazero] cause: => [IllegalArgumentException: null reference:{connection on setConnection()} in method JRedisClient.setConnection() [file: JRedisClient.java line:158 - package: org.jredis.ri.alphazero]]
Caused by: java.lang.IllegalArgumentException: null reference:{connection on setConnection()} in method JRedisClient.setConnection() [file: JRedisClient.java line:158 - package: org.jredis.ri.alphazero]
</error>
  </testcase>
  <testcase name="testTrim[14]" classname="org.springframework.data.redis.support.collections.RedisListTests" time="0.001">
    <error message="Could not get a resource from the pool; nested exception is org.jredis.ClientRuntimeException: null reference:{connection on setConnection()} in method JRedisClient.setConnection() [file: JRedisClient.java line:158 - package: org.jredis.ri.alphazero] cause: =&gt; [IllegalArgumentException: null reference:{connection on setConnection()} in method JRedisClient.setConnection() [file: JRedisClient.java line:158 - package: org.jredis.ri.alphazero]]" type="org.springframework.data.redis.connection.PoolException">org.springframework.data.redis.connection.PoolException: Could not get a resource from the pool; nested exception is org.jredis.ClientRuntimeException: null reference:{connection on setConnection()} in method JRedisClient.setConnection() [file: JRedisClient.java line:158 - package: org.jredis.ri.alphazero] cause: => [IllegalArgumentException: null reference:{connection on setConnection()} in method JRedisClient.setConnection() [file: JRedisClient.java line:158 - package: org.jredis.ri.alphazero]]
Caused by: org.jredis.ClientRuntimeException: null reference:{connection on setConnection()} in method JRedisClient.setConnection() [file: JRedisClient.java line:158 - package: org.jredis.ri.alphazero] cause: => [IllegalArgumentException: null reference:{connection on setConnection()} in method JRedisClient.setConnection() [file: JRedisClient.java line:158 - package: org.jredis.ri.alphazero]]
Caused by: java.lang.IllegalArgumentException: null reference:{connection on setConnection()} in method JRedisClient.setConnection() [file: JRedisClient.java line:158 - package: org.jredis.ri.alphazero]
</error>
    <system-err><![CDATA[01475611470742 Tue Oct 04 17:04:30 BRT 2016 JRedis[tid:1] <INFORMAÇÕES>: WARNING: heartbeat is disabled.
01475611470742 Tue Oct 04 17:04:30 BRT 2016 JRedis[tid:1] <ADVERTÊNCIA>: PROBLEM: Shutting down due to connection FAULT: Socket connect failed [cause: java.net.ConnectException: Conexão recusada] -- make sure the server is running at localhost:6379 - Connection: SYNCHRONOUS  localhost/127.0.0.1:6379 db:0 | SyncConnection@796553753
01475611470742 Tue Oct 04 17:04:30 BRT 2016 JRedis[tid:1] <GRAVE>: Error creating connection -> Socket connect failed [cause: java.net.ConnectException: Conexão recusada] -- make sure the server is running at localhost:6379
01475611470742 Tue Oct 04 17:04:30 BRT 2016 JRedis[tid:1] <INFORMAÇÕES>: WARNING: heartbeat is disabled.
01475611470742 Tue Oct 04 17:04:30 BRT 2016 JRedis[tid:1] <ADVERTÊNCIA>: PROBLEM: Shutting down due to connection FAULT: Socket connect failed [cause: java.net.ConnectException: Conexão recusada] -- make sure the server is running at localhost:6379 - Connection: SYNCHRONOUS  localhost/127.0.0.1:6379 db:0 | SyncConnection@1721045976
01475611470742 Tue Oct 04 17:04:30 BRT 2016 JRedis[tid:1] <GRAVE>: Error creating connection -> Socket connect failed [cause: java.net.ConnectException: Conexão recusada] -- make sure the server is running at localhost:6379
]]></system-err>
  </testcase>
  <testcase name="testTrim[14]" classname="org.springframework.data.redis.support.collections.RedisListTests" time="0.001">
    <error message="Could not get a resource from the pool; nested exception is org.jredis.ClientRuntimeException: null reference:{connection on setConnection()} in method JRedisClient.setConnection() [file: JRedisClient.java line:158 - package: org.jredis.ri.alphazero] cause: =&gt; [IllegalArgumentException: null reference:{connection on setConnection()} in method JRedisClient.setConnection() [file: JRedisClient.java line:158 - package: org.jredis.ri.alphazero]]" type="org.springframework.data.redis.connection.PoolException">org.springframework.data.redis.connection.PoolException: Could not get a resource from the pool; nested exception is org.jredis.ClientRuntimeException: null reference:{connection on setConnection()} in method JRedisClient.setConnection() [file: JRedisClient.java line:158 - package: org.jredis.ri.alphazero] cause: => [IllegalArgumentException: null reference:{connection on setConnection()} in method JRedisClient.setConnection() [file: JRedisClient.java line:158 - package: org.jredis.ri.alphazero]]
Caused by: org.jredis.ClientRuntimeException: null reference:{connection on setConnection()} in method JRedisClient.setConnection() [file: JRedisClient.java line:158 - package: org.jredis.ri.alphazero] cause: => [IllegalArgumentException: null reference:{connection on setConnection()} in method JRedisClient.setConnection() [file: JRedisClient.java line:158 - package: org.jredis.ri.alphazero]]
Caused by: java.lang.IllegalArgumentException: null reference:{connection on setConnection()} in method JRedisClient.setConnection() [file: JRedisClient.java line:158 - package: org.jredis.ri.alphazero]
</error>
  </testcase>
  <testcase name="testDrainToCollection[14]" classname="org.springframework.data.redis.support.collections.RedisListTests" time="0.001">
    <error message="Could not get a resource from the pool; nested exception is org.jredis.ClientRuntimeException: null reference:{connection on setConnection()} in method JRedisClient.setConnection() [file: JRedisClient.java line:158 - package: org.jredis.ri.alphazero] cause: =&gt; [IllegalArgumentException: null reference:{connection on setConnection()} in method JRedisClient.setConnection() [file: JRedisClient.java line:158 - package: org.jredis.ri.alphazero]]" type="org.springframework.data.redis.connection.PoolException">org.springframework.data.redis.connection.PoolException: Could not get a resource from the pool; nested exception is org.jredis.ClientRuntimeException: null reference:{connection on setConnection()} in method JRedisClient.setConnection() [file: JRedisClient.java line:158 - package: org.jredis.ri.alphazero] cause: => [IllegalArgumentException: null reference:{connection on setConnection()} in method JRedisClient.setConnection() [file: JRedisClient.java line:158 - package: org.jredis.ri.alphazero]]
Caused by: org.jredis.ClientRuntimeException: null reference:{connection on setConnection()} in method JRedisClient.setConnection() [file: JRedisClient.java line:158 - package: org.jredis.ri.alphazero] cause: => [IllegalArgumentException: null reference:{connection on setConnection()} in method JRedisClient.setConnection() [file: JRedisClient.java line:158 - package: org.jredis.ri.alphazero]]
Caused by: java.lang.IllegalArgumentException: null reference:{connection on setConnection()} in method JRedisClient.setConnection() [file: JRedisClient.java line:158 - package: org.jredis.ri.alphazero]
</error>
    <system-err><![CDATA[01475611470743 Tue Oct 04 17:04:30 BRT 2016 JRedis[tid:1] <INFORMAÇÕES>: WARNING: heartbeat is disabled.
01475611470743 Tue Oct 04 17:04:30 BRT 2016 JRedis[tid:1] <ADVERTÊNCIA>: PROBLEM: Shutting down due to connection FAULT: Socket connect failed [cause: java.net.ConnectException: Conexão recusada] -- make sure the server is running at localhost:6379 - Connection: SYNCHRONOUS  localhost/127.0.0.1:6379 db:0 | SyncConnection@975001918
01475611470743 Tue Oct 04 17:04:30 BRT 2016 JRedis[tid:1] <GRAVE>: Error creating connection -> Socket connect failed [cause: java.net.ConnectException: Conexão recusada] -- make sure the server is running at localhost:6379
01475611470744 Tue Oct 04 17:04:30 BRT 2016 JRedis[tid:1] <INFORMAÇÕES>: WARNING: heartbeat is disabled.
01475611470744 Tue Oct 04 17:04:30 BRT 2016 JRedis[tid:1] <ADVERTÊNCIA>: PROBLEM: Shutting down due to connection FAULT: Socket connect failed [cause: java.net.ConnectException: Conexão recusada] -- make sure the server is running at localhost:6379 - Connection: SYNCHRONOUS  localhost/127.0.0.1:6379 db:0 | SyncConnection@1250582716
01475611470744 Tue Oct 04 17:04:30 BRT 2016 JRedis[tid:1] <GRAVE>: Error creating connection -> Socket connect failed [cause: java.net.ConnectException: Conexão recusada] -- make sure the server is running at localhost:6379
]]></system-err>
  </testcase>
  <testcase name="testDrainToCollection[14]" classname="org.springframework.data.redis.support.collections.RedisListTests" time="0.001">
    <error message="Could not get a resource from the pool; nested exception is org.jredis.ClientRuntimeException: null reference:{connection on setConnection()} in method JRedisClient.setConnection() [file: JRedisClient.java line:158 - package: org.jredis.ri.alphazero] cause: =&gt; [IllegalArgumentException: null reference:{connection on setConnection()} in method JRedisClient.setConnection() [file: JRedisClient.java line:158 - package: org.jredis.ri.alphazero]]" type="org.springframework.data.redis.connection.PoolException">org.springframework.data.redis.connection.PoolException: Could not get a resource from the pool; nested exception is org.jredis.ClientRuntimeException: null reference:{connection on setConnection()} in method JRedisClient.setConnection() [file: JRedisClient.java line:158 - package: org.jredis.ri.alphazero] cause: => [IllegalArgumentException: null reference:{connection on setConnection()} in method JRedisClient.setConnection() [file: JRedisClient.java line:158 - package: org.jredis.ri.alphazero]]
Caused by: org.jredis.ClientRuntimeException: null reference:{connection on setConnection()} in method JRedisClient.setConnection() [file: JRedisClient.java line:158 - package: org.jredis.ri.alphazero] cause: => [IllegalArgumentException: null reference:{connection on setConnection()} in method JRedisClient.setConnection() [file: JRedisClient.java line:158 - package: org.jredis.ri.alphazero]]
Caused by: java.lang.IllegalArgumentException: null reference:{connection on setConnection()} in method JRedisClient.setConnection() [file: JRedisClient.java line:158 - package: org.jredis.ri.alphazero]
</error>
  </testcase>
  <testcase name="testRemoveFirst[14]" classname="org.springframework.data.redis.support.collections.RedisListTests" time="0.002">
    <error message="Could not get a resource from the pool; nested exception is org.jredis.ClientRuntimeException: null reference:{connection on setConnection()} in method JRedisClient.setConnection() [file: JRedisClient.java line:158 - package: org.jredis.ri.alphazero] cause: =&gt; [IllegalArgumentException: null reference:{connection on setConnection()} in method JRedisClient.setConnection() [file: JRedisClient.java line:158 - package: org.jredis.ri.alphazero]]" type="org.springframework.data.redis.connection.PoolException">org.springframework.data.redis.connection.PoolException: Could not get a resource from the pool; nested exception is org.jredis.ClientRuntimeException: null reference:{connection on setConnection()} in method JRedisClient.setConnection() [file: JRedisClient.java line:158 - package: org.jredis.ri.alphazero] cause: => [IllegalArgumentException: null reference:{connection on setConnection()} in method JRedisClient.setConnection() [file: JRedisClient.java line:158 - package: org.jredis.ri.alphazero]]
Caused by: org.jredis.ClientRuntimeException: null reference:{connection on setConnection()} in method JRedisClient.setConnection() [file: JRedisClient.java line:158 - package: org.jredis.ri.alphazero] cause: => [IllegalArgumentException: null reference:{connection on setConnection()} in method JRedisClient.setConnection() [file: JRedisClient.java line:158 - package: org.jredis.ri.alphazero]]
Caused by: java.lang.IllegalArgumentException: null reference:{connection on setConnection()} in method JRedisClient.setConnection() [file: JRedisClient.java line:158 - package: org.jredis.ri.alphazero]
</error>
    <system-err><![CDATA[01475611470744 Tue Oct 04 17:04:30 BRT 2016 JRedis[tid:1] <INFORMAÇÕES>: WARNING: heartbeat is disabled.
01475611470745 Tue Oct 04 17:04:30 BRT 2016 JRedis[tid:1] <ADVERTÊNCIA>: PROBLEM: Shutting down due to connection FAULT: Socket connect failed [cause: java.net.ConnectException: Conexão recusada] -- make sure the server is running at localhost:6379 - Connection: SYNCHRONOUS  localhost/127.0.0.1:6379 db:0 | SyncConnection@907815246
01475611470745 Tue Oct 04 17:04:30 BRT 2016 JRedis[tid:1] <GRAVE>: Error creating connection -> Socket connect failed [cause: java.net.ConnectException: Conexão recusada] -- make sure the server is running at localhost:6379
01475611470745 Tue Oct 04 17:04:30 BRT 2016 JRedis[tid:1] <INFORMAÇÕES>: WARNING: heartbeat is disabled.
01475611470745 Tue Oct 04 17:04:30 BRT 2016 JRedis[tid:1] <ADVERTÊNCIA>: PROBLEM: Shutting down due to connection FAULT: Socket connect failed [cause: java.net.ConnectException: Conexão recusada] -- make sure the server is running at localhost:6379 - Connection: SYNCHRONOUS  localhost/127.0.0.1:6379 db:0 | SyncConnection@2019157894
01475611470745 Tue Oct 04 17:04:30 BRT 2016 JRedis[tid:1] <GRAVE>: Error creating connection -> Socket connect failed [cause: java.net.ConnectException: Conexão recusada] -- make sure the server is running at localhost:6379
]]></system-err>
  </testcase>
  <testcase name="testRemoveFirst[14]" classname="org.springframework.data.redis.support.collections.RedisListTests" time="0.002">
    <error message="Could not get a resource from the pool; nested exception is org.jredis.ClientRuntimeException: null reference:{connection on setConnection()} in method JRedisClient.setConnection() [file: JRedisClient.java line:158 - package: org.jredis.ri.alphazero] cause: =&gt; [IllegalArgumentException: null reference:{connection on setConnection()} in method JRedisClient.setConnection() [file: JRedisClient.java line:158 - package: org.jredis.ri.alphazero]]" type="org.springframework.data.redis.connection.PoolException">org.springframework.data.redis.connection.PoolException: Could not get a resource from the pool; nested exception is org.jredis.ClientRuntimeException: null reference:{connection on setConnection()} in method JRedisClient.setConnection() [file: JRedisClient.java line:158 - package: org.jredis.ri.alphazero] cause: => [IllegalArgumentException: null reference:{connection on setConnection()} in method JRedisClient.setConnection() [file: JRedisClient.java line:158 - package: org.jredis.ri.alphazero]]
Caused by: org.jredis.ClientRuntimeException: null reference:{connection on setConnection()} in method JRedisClient.setConnection() [file: JRedisClient.java line:158 - package: org.jredis.ri.alphazero] cause: => [IllegalArgumentException: null reference:{connection on setConnection()} in method JRedisClient.setConnection() [file: JRedisClient.java line:158 - package: org.jredis.ri.alphazero]]
Caused by: java.lang.IllegalArgumentException: null reference:{connection on setConnection()} in method JRedisClient.setConnection() [file: JRedisClient.java line:158 - package: org.jredis.ri.alphazero]
</error>
  </testcase>
  <testcase name="testRemoveIndex[14]" classname="org.springframework.data.redis.support.collections.RedisListTests" time="0.001">
    <error message="Could not get a resource from the pool; nested exception is org.jredis.ClientRuntimeException: null reference:{connection on setConnection()} in method JRedisClient.setConnection() [file: JRedisClient.java line:158 - package: org.jredis.ri.alphazero] cause: =&gt; [IllegalArgumentException: null reference:{connection on setConnection()} in method JRedisClient.setConnection() [file: JRedisClient.java line:158 - package: org.jredis.ri.alphazero]]" type="org.springframework.data.redis.connection.PoolException">org.springframework.data.redis.connection.PoolException: Could not get a resource from the pool; nested exception is org.jredis.ClientRuntimeException: null reference:{connection on setConnection()} in method JRedisClient.setConnection() [file: JRedisClient.java line:158 - package: org.jredis.ri.alphazero] cause: => [IllegalArgumentException: null reference:{connection on setConnection()} in method JRedisClient.setConnection() [file: JRedisClient.java line:158 - package: org.jredis.ri.alphazero]]
Caused by: org.jredis.ClientRuntimeException: null reference:{connection on setConnection()} in method JRedisClient.setConnection() [file: JRedisClient.java line:158 - package: org.jredis.ri.alphazero] cause: => [IllegalArgumentException: null reference:{connection on setConnection()} in method JRedisClient.setConnection() [file: JRedisClient.java line:158 - package: org.jredis.ri.alphazero]]
Caused by: java.lang.IllegalArgumentException: null reference:{connection on setConnection()} in method JRedisClient.setConnection() [file: JRedisClient.java line:158 - package: org.jredis.ri.alphazero]
</error>
    <system-err><![CDATA[01475611470746 Tue Oct 04 17:04:30 BRT 2016 JRedis[tid:1] <INFORMAÇÕES>: WARNING: heartbeat is disabled.
01475611470746 Tue Oct 04 17:04:30 BRT 2016 JRedis[tid:1] <ADVERTÊNCIA>: PROBLEM: Shutting down due to connection FAULT: Socket connect failed [cause: java.net.ConnectException: Conexão recusada] -- make sure the server is running at localhost:6379 - Connection: SYNCHRONOUS  localhost/127.0.0.1:6379 db:0 | SyncConnection@677217562
01475611470746 Tue Oct 04 17:04:30 BRT 2016 JRedis[tid:1] <GRAVE>: Error creating connection -> Socket connect failed [cause: java.net.ConnectException: Conexão recusada] -- make sure the server is running at localhost:6379
]]></system-err>
  </testcase>
  <testcase name="testPutLast[14]" classname="org.springframework.data.redis.support.collections.RedisListTests" time="0.001">
    <error message="Could not get a resource from the pool; nested exception is org.jredis.ClientRuntimeException: null reference:{connection on setConnection()} in method JRedisClient.setConnection() [file: JRedisClient.java line:158 - package: org.jredis.ri.alphazero] cause: =&gt; [IllegalArgumentException: null reference:{connection on setConnection()} in method JRedisClient.setConnection() [file: JRedisClient.java line:158 - package: org.jredis.ri.alphazero]]" type="org.springframework.data.redis.connection.PoolException">org.springframework.data.redis.connection.PoolException: Could not get a resource from the pool; nested exception is org.jredis.ClientRuntimeException: null reference:{connection on setConnection()} in method JRedisClient.setConnection() [file: JRedisClient.java line:158 - package: org.jredis.ri.alphazero] cause: => [IllegalArgumentException: null reference:{connection on setConnection()} in method JRedisClient.setConnection() [file: JRedisClient.java line:158 - package: org.jredis.ri.alphazero]]
Caused by: org.jredis.ClientRuntimeException: null reference:{connection on setConnection()} in method JRedisClient.setConnection() [file: JRedisClient.java line:158 - package: org.jredis.ri.alphazero] cause: => [IllegalArgumentException: null reference:{connection on setConnection()} in method JRedisClient.setConnection() [file: JRedisClient.java line:158 - package: org.jredis.ri.alphazero]]
Caused by: java.lang.IllegalArgumentException: null reference:{connection on setConnection()} in method JRedisClient.setConnection() [file: JRedisClient.java line:158 - package: org.jredis.ri.alphazero]
</error>
    <system-err><![CDATA[01475611470747 Tue Oct 04 17:04:30 BRT 2016 JRedis[tid:1] <INFORMAÇÕES>: WARNING: heartbeat is disabled.
01475611470747 Tue Oct 04 17:04:30 BRT 2016 JRedis[tid:1] <ADVERTÊNCIA>: PROBLEM: Shutting down due to connection FAULT: Socket connect failed [cause: java.net.ConnectException: Conexão recusada] -- make sure the server is running at localhost:6379 - Connection: SYNCHRONOUS  localhost/127.0.0.1:6379 db:0 | SyncConnection@827035437
01475611470747 Tue Oct 04 17:04:30 BRT 2016 JRedis[tid:1] <GRAVE>: Error creating connection -> Socket connect failed [cause: java.net.ConnectException: Conexão recusada] -- make sure the server is running at localhost:6379
01475611470747 Tue Oct 04 17:04:30 BRT 2016 JRedis[tid:1] <INFORMAÇÕES>: WARNING: heartbeat is disabled.
01475611470748 Tue Oct 04 17:04:30 BRT 2016 JRedis[tid:1] <ADVERTÊNCIA>: PROBLEM: Shutting down due to connection FAULT: Socket connect failed [cause: java.net.ConnectException: Conexão recusada] -- make sure the server is running at localhost:6379 - Connection: SYNCHRONOUS  localhost/127.0.0.1:6379 db:0 | SyncConnection@1716164115
01475611470748 Tue Oct 04 17:04:30 BRT 2016 JRedis[tid:1] <GRAVE>: Error creating connection -> Socket connect failed [cause: java.net.ConnectException: Conexão recusada] -- make sure the server is running at localhost:6379
]]></system-err>
  </testcase>
  <testcase name="testPutLast[14]" classname="org.springframework.data.redis.support.collections.RedisListTests" time="0.001">
    <error message="Could not get a resource from the pool; nested exception is org.jredis.ClientRuntimeException: null reference:{connection on setConnection()} in method JRedisClient.setConnection() [file: JRedisClient.java line:158 - package: org.jredis.ri.alphazero] cause: =&gt; [IllegalArgumentException: null reference:{connection on setConnection()} in method JRedisClient.setConnection() [file: JRedisClient.java line:158 - package: org.jredis.ri.alphazero]]" type="org.springframework.data.redis.connection.PoolException">org.springframework.data.redis.connection.PoolException: Could not get a resource from the pool; nested exception is org.jredis.ClientRuntimeException: null reference:{connection on setConnection()} in method JRedisClient.setConnection() [file: JRedisClient.java line:158 - package: org.jredis.ri.alphazero] cause: => [IllegalArgumentException: null reference:{connection on setConnection()} in method JRedisClient.setConnection() [file: JRedisClient.java line:158 - package: org.jredis.ri.alphazero]]
Caused by: org.jredis.ClientRuntimeException: null reference:{connection on setConnection()} in method JRedisClient.setConnection() [file: JRedisClient.java line:158 - package: org.jredis.ri.alphazero] cause: => [IllegalArgumentException: null reference:{connection on setConnection()} in method JRedisClient.setConnection() [file: JRedisClient.java line:158 - package: org.jredis.ri.alphazero]]
Caused by: java.lang.IllegalArgumentException: null reference:{connection on setConnection()} in method JRedisClient.setConnection() [file: JRedisClient.java line:158 - package: org.jredis.ri.alphazero]
</error>
  </testcase>
  <testcase name="testOfferFirst[14]" classname="org.springframework.data.redis.support.collections.RedisListTests" time="0">
    <error message="Could not get a resource from the pool; nested exception is org.jredis.ClientRuntimeException: null reference:{connection on setConnection()} in method JRedisClient.setConnection() [file: JRedisClient.java line:158 - package: org.jredis.ri.alphazero] cause: =&gt; [IllegalArgumentException: null reference:{connection on setConnection()} in method JRedisClient.setConnection() [file: JRedisClient.java line:158 - package: org.jredis.ri.alphazero]]" type="org.springframework.data.redis.connection.PoolException">org.springframework.data.redis.connection.PoolException: Could not get a resource from the pool; nested exception is org.jredis.ClientRuntimeException: null reference:{connection on setConnection()} in method JRedisClient.setConnection() [file: JRedisClient.java line:158 - package: org.jredis.ri.alphazero] cause: => [IllegalArgumentException: null reference:{connection on setConnection()} in method JRedisClient.setConnection() [file: JRedisClient.java line:158 - package: org.jredis.ri.alphazero]]
Caused by: org.jredis.ClientRuntimeException: null reference:{connection on setConnection()} in method JRedisClient.setConnection() [file: JRedisClient.java line:158 - package: org.jredis.ri.alphazero] cause: => [IllegalArgumentException: null reference:{connection on setConnection()} in method JRedisClient.setConnection() [file: JRedisClient.java line:158 - package: org.jredis.ri.alphazero]]
Caused by: java.lang.IllegalArgumentException: null reference:{connection on setConnection()} in method JRedisClient.setConnection() [file: JRedisClient.java line:158 - package: org.jredis.ri.alphazero]
</error>
    <system-err><![CDATA[01475611470748 Tue Oct 04 17:04:30 BRT 2016 JRedis[tid:1] <INFORMAÇÕES>: WARNING: heartbeat is disabled.
01475611470748 Tue Oct 04 17:04:30 BRT 2016 JRedis[tid:1] <ADVERTÊNCIA>: PROBLEM: Shutting down due to connection FAULT: Socket connect failed [cause: java.net.ConnectException: Conexão recusada] -- make sure the server is running at localhost:6379 - Connection: SYNCHRONOUS  localhost/127.0.0.1:6379 db:0 | SyncConnection@1360541835
01475611470748 Tue Oct 04 17:04:30 BRT 2016 JRedis[tid:1] <GRAVE>: Error creating connection -> Socket connect failed [cause: java.net.ConnectException: Conexão recusada] -- make sure the server is running at localhost:6379
01475611470749 Tue Oct 04 17:04:30 BRT 2016 JRedis[tid:1] <INFORMAÇÕES>: WARNING: heartbeat is disabled.
01475611470749 Tue Oct 04 17:04:30 BRT 2016 JRedis[tid:1] <ADVERTÊNCIA>: PROBLEM: Shutting down due to connection FAULT: Socket connect failed [cause: java.net.ConnectException: Conexão recusada] -- make sure the server is running at localhost:6379 - Connection: SYNCHRONOUS  localhost/127.0.0.1:6379 db:0 | SyncConnection@363397863
01475611470749 Tue Oct 04 17:04:30 BRT 2016 JRedis[tid:1] <GRAVE>: Error creating connection -> Socket connect failed [cause: java.net.ConnectException: Conexão recusada] -- make sure the server is running at localhost:6379
]]></system-err>
  </testcase>
  <testcase name="testOfferFirst[14]" classname="org.springframework.data.redis.support.collections.RedisListTests" time="0">
    <error message="Could not get a resource from the pool; nested exception is org.jredis.ClientRuntimeException: null reference:{connection on setConnection()} in method JRedisClient.setConnection() [file: JRedisClient.java line:158 - package: org.jredis.ri.alphazero] cause: =&gt; [IllegalArgumentException: null reference:{connection on setConnection()} in method JRedisClient.setConnection() [file: JRedisClient.java line:158 - package: org.jredis.ri.alphazero]]" type="org.springframework.data.redis.connection.PoolException">org.springframework.data.redis.connection.PoolException: Could not get a resource from the pool; nested exception is org.jredis.ClientRuntimeException: null reference:{connection on setConnection()} in method JRedisClient.setConnection() [file: JRedisClient.java line:158 - package: org.jredis.ri.alphazero] cause: => [IllegalArgumentException: null reference:{connection on setConnection()} in method JRedisClient.setConnection() [file: JRedisClient.java line:158 - package: org.jredis.ri.alphazero]]
Caused by: org.jredis.ClientRuntimeException: null reference:{connection on setConnection()} in method JRedisClient.setConnection() [file: JRedisClient.java line:158 - package: org.jredis.ri.alphazero] cause: => [IllegalArgumentException: null reference:{connection on setConnection()} in method JRedisClient.setConnection() [file: JRedisClient.java line:158 - package: org.jredis.ri.alphazero]]
Caused by: java.lang.IllegalArgumentException: null reference:{connection on setConnection()} in method JRedisClient.setConnection() [file: JRedisClient.java line:158 - package: org.jredis.ri.alphazero]
</error>
  </testcase>
  <testcase name="testDescendingIterator[14]" classname="org.springframework.data.redis.support.collections.RedisListTests" time="0.001">
    <error message="Could not get a resource from the pool; nested exception is org.jredis.ClientRuntimeException: null reference:{connection on setConnection()} in method JRedisClient.setConnection() [file: JRedisClient.java line:158 - package: org.jredis.ri.alphazero] cause: =&gt; [IllegalArgumentException: null reference:{connection on setConnection()} in method JRedisClient.setConnection() [file: JRedisClient.java line:158 - package: org.jredis.ri.alphazero]]" type="org.springframework.data.redis.connection.PoolException">org.springframework.data.redis.connection.PoolException: Could not get a resource from the pool; nested exception is org.jredis.ClientRuntimeException: null reference:{connection on setConnection()} in method JRedisClient.setConnection() [file: JRedisClient.java line:158 - package: org.jredis.ri.alphazero] cause: => [IllegalArgumentException: null reference:{connection on setConnection()} in method JRedisClient.setConnection() [file: JRedisClient.java line:158 - package: org.jredis.ri.alphazero]]
Caused by: org.jredis.ClientRuntimeException: null reference:{connection on setConnection()} in method JRedisClient.setConnection() [file: JRedisClient.java line:158 - package: org.jredis.ri.alphazero] cause: => [IllegalArgumentException: null reference:{connection on setConnection()} in method JRedisClient.setConnection() [file: JRedisClient.java line:158 - package: org.jredis.ri.alphazero]]
Caused by: java.lang.IllegalArgumentException: null reference:{connection on setConnection()} in method JRedisClient.setConnection() [file: JRedisClient.java line:158 - package: org.jredis.ri.alphazero]
</error>
    <system-err><![CDATA[01475611470749 Tue Oct 04 17:04:30 BRT 2016 JRedis[tid:1] <INFORMAÇÕES>: WARNING: heartbeat is disabled.
01475611470749 Tue Oct 04 17:04:30 BRT 2016 JRedis[tid:1] <ADVERTÊNCIA>: PROBLEM: Shutting down due to connection FAULT: Socket connect failed [cause: java.net.ConnectException: Conexão recusada] -- make sure the server is running at localhost:6379 - Connection: SYNCHRONOUS  localhost/127.0.0.1:6379 db:0 | SyncConnection@2021053848
01475611470750 Tue Oct 04 17:04:30 BRT 2016 JRedis[tid:1] <GRAVE>: Error creating connection -> Socket connect failed [cause: java.net.ConnectException: Conexão recusada] -- make sure the server is running at localhost:6379
01475611470750 Tue Oct 04 17:04:30 BRT 2016 JRedis[tid:1] <INFORMAÇÕES>: WARNING: heartbeat is disabled.
01475611470750 Tue Oct 04 17:04:30 BRT 2016 JRedis[tid:1] <ADVERTÊNCIA>: PROBLEM: Shutting down due to connection FAULT: Socket connect failed [cause: java.net.ConnectException: Conexão recusada] -- make sure the server is running at localhost:6379 - Connection: SYNCHRONOUS  localhost/127.0.0.1:6379 db:0 | SyncConnection@1245593227
01475611470750 Tue Oct 04 17:04:30 BRT 2016 JRedis[tid:1] <GRAVE>: Error creating connection -> Socket connect failed [cause: java.net.ConnectException: Conexão recusada] -- make sure the server is running at localhost:6379
]]></system-err>
  </testcase>
  <testcase name="testDescendingIterator[14]" classname="org.springframework.data.redis.support.collections.RedisListTests" time="0.001">
    <error message="Could not get a resource from the pool; nested exception is org.jredis.ClientRuntimeException: null reference:{connection on setConnection()} in method JRedisClient.setConnection() [file: JRedisClient.java line:158 - package: org.jredis.ri.alphazero] cause: =&gt; [IllegalArgumentException: null reference:{connection on setConnection()} in method JRedisClient.setConnection() [file: JRedisClient.java line:158 - package: org.jredis.ri.alphazero]]" type="org.springframework.data.redis.connection.PoolException">org.springframework.data.redis.connection.PoolException: Could not get a resource from the pool; nested exception is org.jredis.ClientRuntimeException: null reference:{connection on setConnection()} in method JRedisClient.setConnection() [file: JRedisClient.java line:158 - package: org.jredis.ri.alphazero] cause: => [IllegalArgumentException: null reference:{connection on setConnection()} in method JRedisClient.setConnection() [file: JRedisClient.java line:158 - package: org.jredis.ri.alphazero]]
Caused by: org.jredis.ClientRuntimeException: null reference:{connection on setConnection()} in method JRedisClient.setConnection() [file: JRedisClient.java line:158 - package: org.jredis.ri.alphazero] cause: => [IllegalArgumentException: null reference:{connection on setConnection()} in method JRedisClient.setConnection() [file: JRedisClient.java line:158 - package: org.jredis.ri.alphazero]]
Caused by: java.lang.IllegalArgumentException: null reference:{connection on setConnection()} in method JRedisClient.setConnection() [file: JRedisClient.java line:158 - package: org.jredis.ri.alphazero]
</error>
  </testcase>
  <testcase name="testAddFirst[14]" classname="org.springframework.data.redis.support.collections.RedisListTests" time="0.001">
    <error message="Could not get a resource from the pool; nested exception is org.jredis.ClientRuntimeException: null reference:{connection on setConnection()} in method JRedisClient.setConnection() [file: JRedisClient.java line:158 - package: org.jredis.ri.alphazero] cause: =&gt; [IllegalArgumentException: null reference:{connection on setConnection()} in method JRedisClient.setConnection() [file: JRedisClient.java line:158 - package: org.jredis.ri.alphazero]]" type="org.springframework.data.redis.connection.PoolException">org.springframework.data.redis.connection.PoolException: Could not get a resource from the pool; nested exception is org.jredis.ClientRuntimeException: null reference:{connection on setConnection()} in method JRedisClient.setConnection() [file: JRedisClient.java line:158 - package: org.jredis.ri.alphazero] cause: => [IllegalArgumentException: null reference:{connection on setConnection()} in method JRedisClient.setConnection() [file: JRedisClient.java line:158 - package: org.jredis.ri.alphazero]]
Caused by: org.jredis.ClientRuntimeException: null reference:{connection on setConnection()} in method JRedisClient.setConnection() [file: JRedisClient.java line:158 - package: org.jredis.ri.alphazero] cause: => [IllegalArgumentException: null reference:{connection on setConnection()} in method JRedisClient.setConnection() [file: JRedisClient.java line:158 - package: org.jredis.ri.alphazero]]
Caused by: java.lang.IllegalArgumentException: null reference:{connection on setConnection()} in method JRedisClient.setConnection() [file: JRedisClient.java line:158 - package: org.jredis.ri.alphazero]
</error>
    <system-err><![CDATA[01475611470751 Tue Oct 04 17:04:30 BRT 2016 JRedis[tid:1] <INFORMAÇÕES>: WARNING: heartbeat is disabled.
01475611470751 Tue Oct 04 17:04:30 BRT 2016 JRedis[tid:1] <ADVERTÊNCIA>: PROBLEM: Shutting down due to connection FAULT: Socket connect failed [cause: java.net.ConnectException: Conexão recusada] -- make sure the server is running at localhost:6379 - Connection: SYNCHRONOUS  localhost/127.0.0.1:6379 db:0 | SyncConnection@1525844775
01475611470751 Tue Oct 04 17:04:30 BRT 2016 JRedis[tid:1] <GRAVE>: Error creating connection -> Socket connect failed [cause: java.net.ConnectException: Conexão recusada] -- make sure the server is running at localhost:6379
01475611470751 Tue Oct 04 17:04:30 BRT 2016 JRedis[tid:1] <INFORMAÇÕES>: WARNING: heartbeat is disabled.
01475611470752 Tue Oct 04 17:04:30 BRT 2016 JRedis[tid:1] <ADVERTÊNCIA>: PROBLEM: Shutting down due to connection FAULT: Socket connect failed [cause: java.net.ConnectException: Conexão recusada] -- make sure the server is running at localhost:6379 - Connection: SYNCHRONOUS  localhost/127.0.0.1:6379 db:0 | SyncConnection@118555812
01475611470752 Tue Oct 04 17:04:30 BRT 2016 JRedis[tid:1] <GRAVE>: Error creating connection -> Socket connect failed [cause: java.net.ConnectException: Conexão recusada] -- make sure the server is running at localhost:6379
]]></system-err>
  </testcase>
  <testcase name="testAddFirst[14]" classname="org.springframework.data.redis.support.collections.RedisListTests" time="0.001">
    <error message="Could not get a resource from the pool; nested exception is org.jredis.ClientRuntimeException: null reference:{connection on setConnection()} in method JRedisClient.setConnection() [file: JRedisClient.java line:158 - package: org.jredis.ri.alphazero] cause: =&gt; [IllegalArgumentException: null reference:{connection on setConnection()} in method JRedisClient.setConnection() [file: JRedisClient.java line:158 - package: org.jredis.ri.alphazero]]" type="org.springframework.data.redis.connection.PoolException">org.springframework.data.redis.connection.PoolException: Could not get a resource from the pool; nested exception is org.jredis.ClientRuntimeException: null reference:{connection on setConnection()} in method JRedisClient.setConnection() [file: JRedisClient.java line:158 - package: org.jredis.ri.alphazero] cause: => [IllegalArgumentException: null reference:{connection on setConnection()} in method JRedisClient.setConnection() [file: JRedisClient.java line:158 - package: org.jredis.ri.alphazero]]
Caused by: org.jredis.ClientRuntimeException: null reference:{connection on setConnection()} in method JRedisClient.setConnection() [file: JRedisClient.java line:158 - package: org.jredis.ri.alphazero] cause: => [IllegalArgumentException: null reference:{connection on setConnection()} in method JRedisClient.setConnection() [file: JRedisClient.java line:158 - package: org.jredis.ri.alphazero]]
Caused by: java.lang.IllegalArgumentException: null reference:{connection on setConnection()} in method JRedisClient.setConnection() [file: JRedisClient.java line:158 - package: org.jredis.ri.alphazero]
</error>
  </testcase>
  <testcase name="testDrainToCollectionWithMaxElements[14]" classname="org.springframework.data.redis.support.collections.RedisListTests" time="0.001">
    <error message="Could not get a resource from the pool; nested exception is org.jredis.ClientRuntimeException: null reference:{connection on setConnection()} in method JRedisClient.setConnection() [file: JRedisClient.java line:158 - package: org.jredis.ri.alphazero] cause: =&gt; [IllegalArgumentException: null reference:{connection on setConnection()} in method JRedisClient.setConnection() [file: JRedisClient.java line:158 - package: org.jredis.ri.alphazero]]" type="org.springframework.data.redis.connection.PoolException">org.springframework.data.redis.connection.PoolException: Could not get a resource from the pool; nested exception is org.jredis.ClientRuntimeException: null reference:{connection on setConnection()} in method JRedisClient.setConnection() [file: JRedisClient.java line:158 - package: org.jredis.ri.alphazero] cause: => [IllegalArgumentException: null reference:{connection on setConnection()} in method JRedisClient.setConnection() [file: JRedisClient.java line:158 - package: org.jredis.ri.alphazero]]
Caused by: org.jredis.ClientRuntimeException: null reference:{connection on setConnection()} in method JRedisClient.setConnection() [file: JRedisClient.java line:158 - package: org.jredis.ri.alphazero] cause: => [IllegalArgumentException: null reference:{connection on setConnection()} in method JRedisClient.setConnection() [file: JRedisClient.java line:158 - package: org.jredis.ri.alphazero]]
Caused by: java.lang.IllegalArgumentException: null reference:{connection on setConnection()} in method JRedisClient.setConnection() [file: JRedisClient.java line:158 - package: org.jredis.ri.alphazero]
</error>
    <system-err><![CDATA[01475611470752 Tue Oct 04 17:04:30 BRT 2016 JRedis[tid:1] <INFORMAÇÕES>: WARNING: heartbeat is disabled.
01475611470752 Tue Oct 04 17:04:30 BRT 2016 JRedis[tid:1] <ADVERTÊNCIA>: PROBLEM: Shutting down due to connection FAULT: Socket connect failed [cause: java.net.ConnectException: Conexão recusada] -- make sure the server is running at localhost:6379 - Connection: SYNCHRONOUS  localhost/127.0.0.1:6379 db:0 | SyncConnection@1233505227
01475611470752 Tue Oct 04 17:04:30 BRT 2016 JRedis[tid:1] <GRAVE>: Error creating connection -> Socket connect failed [cause: java.net.ConnectException: Conexão recusada] -- make sure the server is running at localhost:6379
01475611470753 Tue Oct 04 17:04:30 BRT 2016 JRedis[tid:1] <INFORMAÇÕES>: WARNING: heartbeat is disabled.
01475611470753 Tue Oct 04 17:04:30 BRT 2016 JRedis[tid:1] <ADVERTÊNCIA>: PROBLEM: Shutting down due to connection FAULT: Socket connect failed [cause: java.net.ConnectException: Conexão recusada] -- make sure the server is running at localhost:6379 - Connection: SYNCHRONOUS  localhost/127.0.0.1:6379 db:0 | SyncConnection@1928621590
01475611470753 Tue Oct 04 17:04:30 BRT 2016 JRedis[tid:1] <GRAVE>: Error creating connection -> Socket connect failed [cause: java.net.ConnectException: Conexão recusada] -- make sure the server is running at localhost:6379
]]></system-err>
  </testcase>
  <testcase name="testDrainToCollectionWithMaxElements[14]" classname="org.springframework.data.redis.support.collections.RedisListTests" time="0.001">
    <error message="Could not get a resource from the pool; nested exception is org.jredis.ClientRuntimeException: null reference:{connection on setConnection()} in method JRedisClient.setConnection() [file: JRedisClient.java line:158 - package: org.jredis.ri.alphazero] cause: =&gt; [IllegalArgumentException: null reference:{connection on setConnection()} in method JRedisClient.setConnection() [file: JRedisClient.java line:158 - package: org.jredis.ri.alphazero]]" type="org.springframework.data.redis.connection.PoolException">org.springframework.data.redis.connection.PoolException: Could not get a resource from the pool; nested exception is org.jredis.ClientRuntimeException: null reference:{connection on setConnection()} in method JRedisClient.setConnection() [file: JRedisClient.java line:158 - package: org.jredis.ri.alphazero] cause: => [IllegalArgumentException: null reference:{connection on setConnection()} in method JRedisClient.setConnection() [file: JRedisClient.java line:158 - package: org.jredis.ri.alphazero]]
Caused by: org.jredis.ClientRuntimeException: null reference:{connection on setConnection()} in method JRedisClient.setConnection() [file: JRedisClient.java line:158 - package: org.jredis.ri.alphazero] cause: => [IllegalArgumentException: null reference:{connection on setConnection()} in method JRedisClient.setConnection() [file: JRedisClient.java line:158 - package: org.jredis.ri.alphazero]]
Caused by: java.lang.IllegalArgumentException: null reference:{connection on setConnection()} in method JRedisClient.setConnection() [file: JRedisClient.java line:158 - package: org.jredis.ri.alphazero]
</error>
  </testcase>
  <testcase name="testTakeLast[14]" classname="org.springframework.data.redis.support.collections.RedisListTests" time="0.001">
    <error message="Could not get a resource from the pool; nested exception is org.jredis.ClientRuntimeException: null reference:{connection on setConnection()} in method JRedisClient.setConnection() [file: JRedisClient.java line:158 - package: org.jredis.ri.alphazero] cause: =&gt; [IllegalArgumentException: null reference:{connection on setConnection()} in method JRedisClient.setConnection() [file: JRedisClient.java line:158 - package: org.jredis.ri.alphazero]]" type="org.springframework.data.redis.connection.PoolException">org.springframework.data.redis.connection.PoolException: Could not get a resource from the pool; nested exception is org.jredis.ClientRuntimeException: null reference:{connection on setConnection()} in method JRedisClient.setConnection() [file: JRedisClient.java line:158 - package: org.jredis.ri.alphazero] cause: => [IllegalArgumentException: null reference:{connection on setConnection()} in method JRedisClient.setConnection() [file: JRedisClient.java line:158 - package: org.jredis.ri.alphazero]]
Caused by: org.jredis.ClientRuntimeException: null reference:{connection on setConnection()} in method JRedisClient.setConnection() [file: JRedisClient.java line:158 - package: org.jredis.ri.alphazero] cause: => [IllegalArgumentException: null reference:{connection on setConnection()} in method JRedisClient.setConnection() [file: JRedisClient.java line:158 - package: org.jredis.ri.alphazero]]
Caused by: java.lang.IllegalArgumentException: null reference:{connection on setConnection()} in method JRedisClient.setConnection() [file: JRedisClient.java line:158 - package: org.jredis.ri.alphazero]
</error>
    <system-err><![CDATA[01475611470754 Tue Oct 04 17:04:30 BRT 2016 JRedis[tid:1] <INFORMAÇÕES>: WARNING: heartbeat is disabled.
01475611470754 Tue Oct 04 17:04:30 BRT 2016 JRedis[tid:1] <ADVERTÊNCIA>: PROBLEM: Shutting down due to connection FAULT: Socket connect failed [cause: java.net.ConnectException: Conexão recusada] -- make sure the server is running at localhost:6379 - Connection: SYNCHRONOUS  localhost/127.0.0.1:6379 db:0 | SyncConnection@1016162524
01475611470754 Tue Oct 04 17:04:30 BRT 2016 JRedis[tid:1] <GRAVE>: Error creating connection -> Socket connect failed [cause: java.net.ConnectException: Conexão recusada] -- make sure the server is running at localhost:6379
01475611470754 Tue Oct 04 17:04:30 BRT 2016 JRedis[tid:1] <INFORMAÇÕES>: WARNING: heartbeat is disabled.
01475611470755 Tue Oct 04 17:04:30 BRT 2016 JRedis[tid:1] <ADVERTÊNCIA>: PROBLEM: Shutting down due to connection FAULT: Socket connect failed [cause: java.net.ConnectException: Conexão recusada] -- make sure the server is running at localhost:6379 - Connection: SYNCHRONOUS  localhost/127.0.0.1:6379 db:0 | SyncConnection@858423246
01475611470755 Tue Oct 04 17:04:30 BRT 2016 JRedis[tid:1] <GRAVE>: Error creating connection -> Socket connect failed [cause: java.net.ConnectException: Conexão recusada] -- make sure the server is running at localhost:6379
]]></system-err>
  </testcase>
  <testcase name="testTakeLast[14]" classname="org.springframework.data.redis.support.collections.RedisListTests" time="0.001">
    <error message="Could not get a resource from the pool; nested exception is org.jredis.ClientRuntimeException: null reference:{connection on setConnection()} in method JRedisClient.setConnection() [file: JRedisClient.java line:158 - package: org.jredis.ri.alphazero] cause: =&gt; [IllegalArgumentException: null reference:{connection on setConnection()} in method JRedisClient.setConnection() [file: JRedisClient.java line:158 - package: org.jredis.ri.alphazero]]" type="org.springframework.data.redis.connection.PoolException">org.springframework.data.redis.connection.PoolException: Could not get a resource from the pool; nested exception is org.jredis.ClientRuntimeException: null reference:{connection on setConnection()} in method JRedisClient.setConnection() [file: JRedisClient.java line:158 - package: org.jredis.ri.alphazero] cause: => [IllegalArgumentException: null reference:{connection on setConnection()} in method JRedisClient.setConnection() [file: JRedisClient.java line:158 - package: org.jredis.ri.alphazero]]
Caused by: org.jredis.ClientRuntimeException: null reference:{connection on setConnection()} in method JRedisClient.setConnection() [file: JRedisClient.java line:158 - package: org.jredis.ri.alphazero] cause: => [IllegalArgumentException: null reference:{connection on setConnection()} in method JRedisClient.setConnection() [file: JRedisClient.java line:158 - package: org.jredis.ri.alphazero]]
Caused by: java.lang.IllegalArgumentException: null reference:{connection on setConnection()} in method JRedisClient.setConnection() [file: JRedisClient.java line:158 - package: org.jredis.ri.alphazero]
</error>
  </testcase>
  <testcase name="testRemainingCapacity[14]" classname="org.springframework.data.redis.support.collections.RedisListTests" time="0.001">
    <error message="Could not get a resource from the pool; nested exception is org.jredis.ClientRuntimeException: null reference:{connection on setConnection()} in method JRedisClient.setConnection() [file: JRedisClient.java line:158 - package: org.jredis.ri.alphazero] cause: =&gt; [IllegalArgumentException: null reference:{connection on setConnection()} in method JRedisClient.setConnection() [file: JRedisClient.java line:158 - package: org.jredis.ri.alphazero]]" type="org.springframework.data.redis.connection.PoolException">org.springframework.data.redis.connection.PoolException: Could not get a resource from the pool; nested exception is org.jredis.ClientRuntimeException: null reference:{connection on setConnection()} in method JRedisClient.setConnection() [file: JRedisClient.java line:158 - package: org.jredis.ri.alphazero] cause: => [IllegalArgumentException: null reference:{connection on setConnection()} in method JRedisClient.setConnection() [file: JRedisClient.java line:158 - package: org.jredis.ri.alphazero]]
Caused by: org.jredis.ClientRuntimeException: null reference:{connection on setConnection()} in method JRedisClient.setConnection() [file: JRedisClient.java line:158 - package: org.jredis.ri.alphazero] cause: => [IllegalArgumentException: null reference:{connection on setConnection()} in method JRedisClient.setConnection() [file: JRedisClient.java line:158 - package: org.jredis.ri.alphazero]]
Caused by: java.lang.IllegalArgumentException: null reference:{connection on setConnection()} in method JRedisClient.setConnection() [file: JRedisClient.java line:158 - package: org.jredis.ri.alphazero]
</error>
    <system-err><![CDATA[01475611470755 Tue Oct 04 17:04:30 BRT 2016 JRedis[tid:1] <INFORMAÇÕES>: WARNING: heartbeat is disabled.
01475611470755 Tue Oct 04 17:04:30 BRT 2016 JRedis[tid:1] <ADVERTÊNCIA>: PROBLEM: Shutting down due to connection FAULT: Socket connect failed [cause: java.net.ConnectException: Conexão recusada] -- make sure the server is running at localhost:6379 - Connection: SYNCHRONOUS  localhost/127.0.0.1:6379 db:0 | SyncConnection@1419125235
01475611470756 Tue Oct 04 17:04:30 BRT 2016 JRedis[tid:1] <GRAVE>: Error creating connection -> Socket connect failed [cause: java.net.ConnectException: Conexão recusada] -- make sure the server is running at localhost:6379
]]></system-err>
  </testcase>
  <testcase name="testRemoveLast[14]" classname="org.springframework.data.redis.support.collections.RedisListTests" time="0.001">
    <error message="Could not get a resource from the pool; nested exception is org.jredis.ClientRuntimeException: null reference:{connection on setConnection()} in method JRedisClient.setConnection() [file: JRedisClient.java line:158 - package: org.jredis.ri.alphazero] cause: =&gt; [IllegalArgumentException: null reference:{connection on setConnection()} in method JRedisClient.setConnection() [file: JRedisClient.java line:158 - package: org.jredis.ri.alphazero]]" type="org.springframework.data.redis.connection.PoolException">org.springframework.data.redis.connection.PoolException: Could not get a resource from the pool; nested exception is org.jredis.ClientRuntimeException: null reference:{connection on setConnection()} in method JRedisClient.setConnection() [file: JRedisClient.java line:158 - package: org.jredis.ri.alphazero] cause: => [IllegalArgumentException: null reference:{connection on setConnection()} in method JRedisClient.setConnection() [file: JRedisClient.java line:158 - package: org.jredis.ri.alphazero]]
Caused by: org.jredis.ClientRuntimeException: null reference:{connection on setConnection()} in method JRedisClient.setConnection() [file: JRedisClient.java line:158 - package: org.jredis.ri.alphazero] cause: => [IllegalArgumentException: null reference:{connection on setConnection()} in method JRedisClient.setConnection() [file: JRedisClient.java line:158 - package: org.jredis.ri.alphazero]]
Caused by: java.lang.IllegalArgumentException: null reference:{connection on setConnection()} in method JRedisClient.setConnection() [file: JRedisClient.java line:158 - package: org.jredis.ri.alphazero]
</error>
    <system-err><![CDATA[01475611470756 Tue Oct 04 17:04:30 BRT 2016 JRedis[tid:1] <INFORMAÇÕES>: WARNING: heartbeat is disabled.
01475611470756 Tue Oct 04 17:04:30 BRT 2016 JRedis[tid:1] <ADVERTÊNCIA>: PROBLEM: Shutting down due to connection FAULT: Socket connect failed [cause: java.net.ConnectException: Conexão recusada] -- make sure the server is running at localhost:6379 - Connection: SYNCHRONOUS  localhost/127.0.0.1:6379 db:0 | SyncConnection@88301993
01475611470756 Tue Oct 04 17:04:30 BRT 2016 JRedis[tid:1] <GRAVE>: Error creating connection -> Socket connect failed [cause: java.net.ConnectException: Conexão recusada] -- make sure the server is running at localhost:6379
01475611470756 Tue Oct 04 17:04:30 BRT 2016 JRedis[tid:1] <INFORMAÇÕES>: WARNING: heartbeat is disabled.
01475611470757 Tue Oct 04 17:04:30 BRT 2016 JRedis[tid:1] <ADVERTÊNCIA>: PROBLEM: Shutting down due to connection FAULT: Socket connect failed [cause: java.net.ConnectException: Conexão recusada] -- make sure the server is running at localhost:6379 - Connection: SYNCHRONOUS  localhost/127.0.0.1:6379 db:0 | SyncConnection@841166421
01475611470757 Tue Oct 04 17:04:30 BRT 2016 JRedis[tid:1] <GRAVE>: Error creating connection -> Socket connect failed [cause: java.net.ConnectException: Conexão recusada] -- make sure the server is running at localhost:6379
]]></system-err>
  </testcase>
  <testcase name="testRemoveLast[14]" classname="org.springframework.data.redis.support.collections.RedisListTests" time="0.001">
    <error message="Could not get a resource from the pool; nested exception is org.jredis.ClientRuntimeException: null reference:{connection on setConnection()} in method JRedisClient.setConnection() [file: JRedisClient.java line:158 - package: org.jredis.ri.alphazero] cause: =&gt; [IllegalArgumentException: null reference:{connection on setConnection()} in method JRedisClient.setConnection() [file: JRedisClient.java line:158 - package: org.jredis.ri.alphazero]]" type="org.springframework.data.redis.connection.PoolException">org.springframework.data.redis.connection.PoolException: Could not get a resource from the pool; nested exception is org.jredis.ClientRuntimeException: null reference:{connection on setConnection()} in method JRedisClient.setConnection() [file: JRedisClient.java line:158 - package: org.jredis.ri.alphazero] cause: => [IllegalArgumentException: null reference:{connection on setConnection()} in method JRedisClient.setConnection() [file: JRedisClient.java line:158 - package: org.jredis.ri.alphazero]]
Caused by: org.jredis.ClientRuntimeException: null reference:{connection on setConnection()} in method JRedisClient.setConnection() [file: JRedisClient.java line:158 - package: org.jredis.ri.alphazero] cause: => [IllegalArgumentException: null reference:{connection on setConnection()} in method JRedisClient.setConnection() [file: JRedisClient.java line:158 - package: org.jredis.ri.alphazero]]
Caused by: java.lang.IllegalArgumentException: null reference:{connection on setConnection()} in method JRedisClient.setConnection() [file: JRedisClient.java line:158 - package: org.jredis.ri.alphazero]
</error>
  </testcase>
  <testcase name="testAddIndexObjectHead[14]" classname="org.springframework.data.redis.support.collections.RedisListTests" time="0.001">
    <error message="Could not get a resource from the pool; nested exception is org.jredis.ClientRuntimeException: null reference:{connection on setConnection()} in method JRedisClient.setConnection() [file: JRedisClient.java line:158 - package: org.jredis.ri.alphazero] cause: =&gt; [IllegalArgumentException: null reference:{connection on setConnection()} in method JRedisClient.setConnection() [file: JRedisClient.java line:158 - package: org.jredis.ri.alphazero]]" type="org.springframework.data.redis.connection.PoolException">org.springframework.data.redis.connection.PoolException: Could not get a resource from the pool; nested exception is org.jredis.ClientRuntimeException: null reference:{connection on setConnection()} in method JRedisClient.setConnection() [file: JRedisClient.java line:158 - package: org.jredis.ri.alphazero] cause: => [IllegalArgumentException: null reference:{connection on setConnection()} in method JRedisClient.setConnection() [file: JRedisClient.java line:158 - package: org.jredis.ri.alphazero]]
Caused by: org.jredis.ClientRuntimeException: null reference:{connection on setConnection()} in method JRedisClient.setConnection() [file: JRedisClient.java line:158 - package: org.jredis.ri.alphazero] cause: => [IllegalArgumentException: null reference:{connection on setConnection()} in method JRedisClient.setConnection() [file: JRedisClient.java line:158 - package: org.jredis.ri.alphazero]]
Caused by: java.lang.IllegalArgumentException: null reference:{connection on setConnection()} in method JRedisClient.setConnection() [file: JRedisClient.java line:158 - package: org.jredis.ri.alphazero]
</error>
    <system-err><![CDATA[01475611470757 Tue Oct 04 17:04:30 BRT 2016 JRedis[tid:1] <INFORMAÇÕES>: WARNING: heartbeat is disabled.
01475611470757 Tue Oct 04 17:04:30 BRT 2016 JRedis[tid:1] <ADVERTÊNCIA>: PROBLEM: Shutting down due to connection FAULT: Socket connect failed [cause: java.net.ConnectException: Conexão recusada] -- make sure the server is running at localhost:6379 - Connection: SYNCHRONOUS  localhost/127.0.0.1:6379 db:0 | SyncConnection@1377301456
01475611470758 Tue Oct 04 17:04:30 BRT 2016 JRedis[tid:1] <GRAVE>: Error creating connection -> Socket connect failed [cause: java.net.ConnectException: Conexão recusada] -- make sure the server is running at localhost:6379
01475611470758 Tue Oct 04 17:04:30 BRT 2016 JRedis[tid:1] <INFORMAÇÕES>: WARNING: heartbeat is disabled.
01475611470758 Tue Oct 04 17:04:30 BRT 2016 JRedis[tid:1] <ADVERTÊNCIA>: PROBLEM: Shutting down due to connection FAULT: Socket connect failed [cause: java.net.ConnectException: Conexão recusada] -- make sure the server is running at localhost:6379 - Connection: SYNCHRONOUS  localhost/127.0.0.1:6379 db:0 | SyncConnection@938199512
01475611470758 Tue Oct 04 17:04:30 BRT 2016 JRedis[tid:1] <GRAVE>: Error creating connection -> Socket connect failed [cause: java.net.ConnectException: Conexão recusada] -- make sure the server is running at localhost:6379
]]></system-err>
  </testcase>
  <testcase name="testAddIndexObjectHead[14]" classname="org.springframework.data.redis.support.collections.RedisListTests" time="0.001">
    <error message="Could not get a resource from the pool; nested exception is org.jredis.ClientRuntimeException: null reference:{connection on setConnection()} in method JRedisClient.setConnection() [file: JRedisClient.java line:158 - package: org.jredis.ri.alphazero] cause: =&gt; [IllegalArgumentException: null reference:{connection on setConnection()} in method JRedisClient.setConnection() [file: JRedisClient.java line:158 - package: org.jredis.ri.alphazero]]" type="org.springframework.data.redis.connection.PoolException">org.springframework.data.redis.connection.PoolException: Could not get a resource from the pool; nested exception is org.jredis.ClientRuntimeException: null reference:{connection on setConnection()} in method JRedisClient.setConnection() [file: JRedisClient.java line:158 - package: org.jredis.ri.alphazero] cause: => [IllegalArgumentException: null reference:{connection on setConnection()} in method JRedisClient.setConnection() [file: JRedisClient.java line:158 - package: org.jredis.ri.alphazero]]
Caused by: org.jredis.ClientRuntimeException: null reference:{connection on setConnection()} in method JRedisClient.setConnection() [file: JRedisClient.java line:158 - package: org.jredis.ri.alphazero] cause: => [IllegalArgumentException: null reference:{connection on setConnection()} in method JRedisClient.setConnection() [file: JRedisClient.java line:158 - package: org.jredis.ri.alphazero]]
Caused by: java.lang.IllegalArgumentException: null reference:{connection on setConnection()} in method JRedisClient.setConnection() [file: JRedisClient.java line:158 - package: org.jredis.ri.alphazero]
</error>
  </testcase>
  <testcase name="testAddIndexObjectTail[14]" classname="org.springframework.data.redis.support.collections.RedisListTests" time="0.001">
    <error message="Could not get a resource from the pool; nested exception is org.jredis.ClientRuntimeException: null reference:{connection on setConnection()} in method JRedisClient.setConnection() [file: JRedisClient.java line:158 - package: org.jredis.ri.alphazero] cause: =&gt; [IllegalArgumentException: null reference:{connection on setConnection()} in method JRedisClient.setConnection() [file: JRedisClient.java line:158 - package: org.jredis.ri.alphazero]]" type="org.springframework.data.redis.connection.PoolException">org.springframework.data.redis.connection.PoolException: Could not get a resource from the pool; nested exception is org.jredis.ClientRuntimeException: null reference:{connection on setConnection()} in method JRedisClient.setConnection() [file: JRedisClient.java line:158 - package: org.jredis.ri.alphazero] cause: => [IllegalArgumentException: null reference:{connection on setConnection()} in method JRedisClient.setConnection() [file: JRedisClient.java line:158 - package: org.jredis.ri.alphazero]]
Caused by: org.jredis.ClientRuntimeException: null reference:{connection on setConnection()} in method JRedisClient.setConnection() [file: JRedisClient.java line:158 - package: org.jredis.ri.alphazero] cause: => [IllegalArgumentException: null reference:{connection on setConnection()} in method JRedisClient.setConnection() [file: JRedisClient.java line:158 - package: org.jredis.ri.alphazero]]
Caused by: java.lang.IllegalArgumentException: null reference:{connection on setConnection()} in method JRedisClient.setConnection() [file: JRedisClient.java line:158 - package: org.jredis.ri.alphazero]
</error>
    <system-err><![CDATA[01475611470758 Tue Oct 04 17:04:30 BRT 2016 JRedis[tid:1] <INFORMAÇÕES>: WARNING: heartbeat is disabled.
01475611470759 Tue Oct 04 17:04:30 BRT 2016 JRedis[tid:1] <ADVERTÊNCIA>: PROBLEM: Shutting down due to connection FAULT: Socket connect failed [cause: java.net.ConnectException: Conexão recusada] -- make sure the server is running at localhost:6379 - Connection: SYNCHRONOUS  localhost/127.0.0.1:6379 db:0 | SyncConnection@691779749
01475611470759 Tue Oct 04 17:04:30 BRT 2016 JRedis[tid:1] <GRAVE>: Error creating connection -> Socket connect failed [cause: java.net.ConnectException: Conexão recusada] -- make sure the server is running at localhost:6379
01475611470759 Tue Oct 04 17:04:30 BRT 2016 JRedis[tid:1] <INFORMAÇÕES>: WARNING: heartbeat is disabled.
01475611470759 Tue Oct 04 17:04:30 BRT 2016 JRedis[tid:1] <ADVERTÊNCIA>: PROBLEM: Shutting down due to connection FAULT: Socket connect failed [cause: java.net.ConnectException: Conexão recusada] -- make sure the server is running at localhost:6379 - Connection: SYNCHRONOUS  localhost/127.0.0.1:6379 db:0 | SyncConnection@37841489
01475611470759 Tue Oct 04 17:04:30 BRT 2016 JRedis[tid:1] <GRAVE>: Error creating connection -> Socket connect failed [cause: java.net.ConnectException: Conexão recusada] -- make sure the server is running at localhost:6379
]]></system-err>
  </testcase>
  <testcase name="testAddIndexObjectTail[14]" classname="org.springframework.data.redis.support.collections.RedisListTests" time="0.001">
    <error message="Could not get a resource from the pool; nested exception is org.jredis.ClientRuntimeException: null reference:{connection on setConnection()} in method JRedisClient.setConnection() [file: JRedisClient.java line:158 - package: org.jredis.ri.alphazero] cause: =&gt; [IllegalArgumentException: null reference:{connection on setConnection()} in method JRedisClient.setConnection() [file: JRedisClient.java line:158 - package: org.jredis.ri.alphazero]]" type="org.springframework.data.redis.connection.PoolException">org.springframework.data.redis.connection.PoolException: Could not get a resource from the pool; nested exception is org.jredis.ClientRuntimeException: null reference:{connection on setConnection()} in method JRedisClient.setConnection() [file: JRedisClient.java line:158 - package: org.jredis.ri.alphazero] cause: => [IllegalArgumentException: null reference:{connection on setConnection()} in method JRedisClient.setConnection() [file: JRedisClient.java line:158 - package: org.jredis.ri.alphazero]]
Caused by: org.jredis.ClientRuntimeException: null reference:{connection on setConnection()} in method JRedisClient.setConnection() [file: JRedisClient.java line:158 - package: org.jredis.ri.alphazero] cause: => [IllegalArgumentException: null reference:{connection on setConnection()} in method JRedisClient.setConnection() [file: JRedisClient.java line:158 - package: org.jredis.ri.alphazero]]
Caused by: java.lang.IllegalArgumentException: null reference:{connection on setConnection()} in method JRedisClient.setConnection() [file: JRedisClient.java line:158 - package: org.jredis.ri.alphazero]
</error>
  </testcase>
  <testcase name="testPollFirst[14]" classname="org.springframework.data.redis.support.collections.RedisListTests" time="0.001">
    <error message="Could not get a resource from the pool; nested exception is org.jredis.ClientRuntimeException: null reference:{connection on setConnection()} in method JRedisClient.setConnection() [file: JRedisClient.java line:158 - package: org.jredis.ri.alphazero] cause: =&gt; [IllegalArgumentException: null reference:{connection on setConnection()} in method JRedisClient.setConnection() [file: JRedisClient.java line:158 - package: org.jredis.ri.alphazero]]" type="org.springframework.data.redis.connection.PoolException">org.springframework.data.redis.connection.PoolException: Could not get a resource from the pool; nested exception is org.jredis.ClientRuntimeException: null reference:{connection on setConnection()} in method JRedisClient.setConnection() [file: JRedisClient.java line:158 - package: org.jredis.ri.alphazero] cause: => [IllegalArgumentException: null reference:{connection on setConnection()} in method JRedisClient.setConnection() [file: JRedisClient.java line:158 - package: org.jredis.ri.alphazero]]
Caused by: org.jredis.ClientRuntimeException: null reference:{connection on setConnection()} in method JRedisClient.setConnection() [file: JRedisClient.java line:158 - package: org.jredis.ri.alphazero] cause: => [IllegalArgumentException: null reference:{connection on setConnection()} in method JRedisClient.setConnection() [file: JRedisClient.java line:158 - package: org.jredis.ri.alphazero]]
Caused by: java.lang.IllegalArgumentException: null reference:{connection on setConnection()} in method JRedisClient.setConnection() [file: JRedisClient.java line:158 - package: org.jredis.ri.alphazero]
</error>
    <system-err><![CDATA[01475611470760 Tue Oct 04 17:04:30 BRT 2016 JRedis[tid:1] <INFORMAÇÕES>: WARNING: heartbeat is disabled.
01475611470760 Tue Oct 04 17:04:30 BRT 2016 JRedis[tid:1] <ADVERTÊNCIA>: PROBLEM: Shutting down due to connection FAULT: Socket connect failed [cause: java.net.ConnectException: Conexão recusada] -- make sure the server is running at localhost:6379 - Connection: SYNCHRONOUS  localhost/127.0.0.1:6379 db:0 | SyncConnection@1873121466
01475611470760 Tue Oct 04 17:04:30 BRT 2016 JRedis[tid:1] <GRAVE>: Error creating connection -> Socket connect failed [cause: java.net.ConnectException: Conexão recusada] -- make sure the server is running at localhost:6379
01475611470760 Tue Oct 04 17:04:30 BRT 2016 JRedis[tid:1] <INFORMAÇÕES>: WARNING: heartbeat is disabled.
01475611470760 Tue Oct 04 17:04:30 BRT 2016 JRedis[tid:1] <ADVERTÊNCIA>: PROBLEM: Shutting down due to connection FAULT: Socket connect failed [cause: java.net.ConnectException: Conexão recusada] -- make sure the server is running at localhost:6379 - Connection: SYNCHRONOUS  localhost/127.0.0.1:6379 db:0 | SyncConnection@115945887
01475611470760 Tue Oct 04 17:04:30 BRT 2016 JRedis[tid:1] <GRAVE>: Error creating connection -> Socket connect failed [cause: java.net.ConnectException: Conexão recusada] -- make sure the server is running at localhost:6379
]]></system-err>
  </testcase>
  <testcase name="testPollFirst[14]" classname="org.springframework.data.redis.support.collections.RedisListTests" time="0.001">
    <error message="Could not get a resource from the pool; nested exception is org.jredis.ClientRuntimeException: null reference:{connection on setConnection()} in method JRedisClient.setConnection() [file: JRedisClient.java line:158 - package: org.jredis.ri.alphazero] cause: =&gt; [IllegalArgumentException: null reference:{connection on setConnection()} in method JRedisClient.setConnection() [file: JRedisClient.java line:158 - package: org.jredis.ri.alphazero]]" type="org.springframework.data.redis.connection.PoolException">org.springframework.data.redis.connection.PoolException: Could not get a resource from the pool; nested exception is org.jredis.ClientRuntimeException: null reference:{connection on setConnection()} in method JRedisClient.setConnection() [file: JRedisClient.java line:158 - package: org.jredis.ri.alphazero] cause: => [IllegalArgumentException: null reference:{connection on setConnection()} in method JRedisClient.setConnection() [file: JRedisClient.java line:158 - package: org.jredis.ri.alphazero]]
Caused by: org.jredis.ClientRuntimeException: null reference:{connection on setConnection()} in method JRedisClient.setConnection() [file: JRedisClient.java line:158 - package: org.jredis.ri.alphazero] cause: => [IllegalArgumentException: null reference:{connection on setConnection()} in method JRedisClient.setConnection() [file: JRedisClient.java line:158 - package: org.jredis.ri.alphazero]]
Caused by: java.lang.IllegalArgumentException: null reference:{connection on setConnection()} in method JRedisClient.setConnection() [file: JRedisClient.java line:158 - package: org.jredis.ri.alphazero]
</error>
  </testcase>
  <testcase name="testAddIndexObjectMiddle[14]" classname="org.springframework.data.redis.support.collections.RedisListTests" time="0.001">
    <error message="Unexpected exception, expected&lt;java.lang.IllegalArgumentException&gt; but was&lt;org.springframework.data.redis.connection.PoolException&gt;" type="java.lang.Exception"><![CDATA[java.lang.Exception: Unexpected exception, expected<java.lang.IllegalArgumentException> but was<org.springframework.data.redis.connection.PoolException>
Caused by: org.springframework.data.redis.connection.PoolException: Could not get a resource from the pool; nested exception is org.jredis.ClientRuntimeException: null reference:{connection on setConnection()} in method JRedisClient.setConnection() [file: JRedisClient.java line:158 - package: org.jredis.ri.alphazero] cause: => [IllegalArgumentException: null reference:{connection on setConnection()} in method JRedisClient.setConnection() [file: JRedisClient.java line:158 - package: org.jredis.ri.alphazero]]
Caused by: org.jredis.ClientRuntimeException: null reference:{connection on setConnection()} in method JRedisClient.setConnection() [file: JRedisClient.java line:158 - package: org.jredis.ri.alphazero] cause: => [IllegalArgumentException: null reference:{connection on setConnection()} in method JRedisClient.setConnection() [file: JRedisClient.java line:158 - package: org.jredis.ri.alphazero]]
Caused by: java.lang.IllegalArgumentException: null reference:{connection on setConnection()} in method JRedisClient.setConnection() [file: JRedisClient.java line:158 - package: org.jredis.ri.alphazero]
]]></error>
    <system-err><![CDATA[01475611470761 Tue Oct 04 17:04:30 BRT 2016 JRedis[tid:1] <INFORMAÇÕES>: WARNING: heartbeat is disabled.
01475611470761 Tue Oct 04 17:04:30 BRT 2016 JRedis[tid:1] <ADVERTÊNCIA>: PROBLEM: Shutting down due to connection FAULT: Socket connect failed [cause: java.net.ConnectException: Conexão recusada] -- make sure the server is running at localhost:6379 - Connection: SYNCHRONOUS  localhost/127.0.0.1:6379 db:0 | SyncConnection@1927499639
01475611470761 Tue Oct 04 17:04:30 BRT 2016 JRedis[tid:1] <GRAVE>: Error creating connection -> Socket connect failed [cause: java.net.ConnectException: Conexão recusada] -- make sure the server is running at localhost:6379
01475611470761 Tue Oct 04 17:04:30 BRT 2016 JRedis[tid:1] <INFORMAÇÕES>: WARNING: heartbeat is disabled.
01475611470762 Tue Oct 04 17:04:30 BRT 2016 JRedis[tid:1] <ADVERTÊNCIA>: PROBLEM: Shutting down due to connection FAULT: Socket connect failed [cause: java.net.ConnectException: Conexão recusada] -- make sure the server is running at localhost:6379 - Connection: SYNCHRONOUS  localhost/127.0.0.1:6379 db:0 | SyncConnection@2079961240
01475611470762 Tue Oct 04 17:04:30 BRT 2016 JRedis[tid:1] <GRAVE>: Error creating connection -> Socket connect failed [cause: java.net.ConnectException: Conexão recusada] -- make sure the server is running at localhost:6379
]]></system-err>
  </testcase>
  <testcase name="testAddIndexObjectMiddle[14]" classname="org.springframework.data.redis.support.collections.RedisListTests" time="0.001">
    <error message="Could not get a resource from the pool; nested exception is org.jredis.ClientRuntimeException: null reference:{connection on setConnection()} in method JRedisClient.setConnection() [file: JRedisClient.java line:158 - package: org.jredis.ri.alphazero] cause: =&gt; [IllegalArgumentException: null reference:{connection on setConnection()} in method JRedisClient.setConnection() [file: JRedisClient.java line:158 - package: org.jredis.ri.alphazero]]" type="org.springframework.data.redis.connection.PoolException">org.springframework.data.redis.connection.PoolException: Could not get a resource from the pool; nested exception is org.jredis.ClientRuntimeException: null reference:{connection on setConnection()} in method JRedisClient.setConnection() [file: JRedisClient.java line:158 - package: org.jredis.ri.alphazero] cause: => [IllegalArgumentException: null reference:{connection on setConnection()} in method JRedisClient.setConnection() [file: JRedisClient.java line:158 - package: org.jredis.ri.alphazero]]
Caused by: org.jredis.ClientRuntimeException: null reference:{connection on setConnection()} in method JRedisClient.setConnection() [file: JRedisClient.java line:158 - package: org.jredis.ri.alphazero] cause: => [IllegalArgumentException: null reference:{connection on setConnection()} in method JRedisClient.setConnection() [file: JRedisClient.java line:158 - package: org.jredis.ri.alphazero]]
Caused by: java.lang.IllegalArgumentException: null reference:{connection on setConnection()} in method JRedisClient.setConnection() [file: JRedisClient.java line:158 - package: org.jredis.ri.alphazero]
</error>
  </testcase>
  <testcase name="testPeekLast[14]" classname="org.springframework.data.redis.support.collections.RedisListTests" time="0.001">
    <error message="Could not get a resource from the pool; nested exception is org.jredis.ClientRuntimeException: null reference:{connection on setConnection()} in method JRedisClient.setConnection() [file: JRedisClient.java line:158 - package: org.jredis.ri.alphazero] cause: =&gt; [IllegalArgumentException: null reference:{connection on setConnection()} in method JRedisClient.setConnection() [file: JRedisClient.java line:158 - package: org.jredis.ri.alphazero]]" type="org.springframework.data.redis.connection.PoolException">org.springframework.data.redis.connection.PoolException: Could not get a resource from the pool; nested exception is org.jredis.ClientRuntimeException: null reference:{connection on setConnection()} in method JRedisClient.setConnection() [file: JRedisClient.java line:158 - package: org.jredis.ri.alphazero] cause: => [IllegalArgumentException: null reference:{connection on setConnection()} in method JRedisClient.setConnection() [file: JRedisClient.java line:158 - package: org.jredis.ri.alphazero]]
Caused by: org.jredis.ClientRuntimeException: null reference:{connection on setConnection()} in method JRedisClient.setConnection() [file: JRedisClient.java line:158 - package: org.jredis.ri.alphazero] cause: => [IllegalArgumentException: null reference:{connection on setConnection()} in method JRedisClient.setConnection() [file: JRedisClient.java line:158 - package: org.jredis.ri.alphazero]]
Caused by: java.lang.IllegalArgumentException: null reference:{connection on setConnection()} in method JRedisClient.setConnection() [file: JRedisClient.java line:158 - package: org.jredis.ri.alphazero]
</error>
    <system-err><![CDATA[01475611470762 Tue Oct 04 17:04:30 BRT 2016 JRedis[tid:1] <INFORMAÇÕES>: WARNING: heartbeat is disabled.
01475611470762 Tue Oct 04 17:04:30 BRT 2016 JRedis[tid:1] <ADVERTÊNCIA>: PROBLEM: Shutting down due to connection FAULT: Socket connect failed [cause: java.net.ConnectException: Conexão recusada] -- make sure the server is running at localhost:6379 - Connection: SYNCHRONOUS  localhost/127.0.0.1:6379 db:0 | SyncConnection@949673757
01475611470762 Tue Oct 04 17:04:30 BRT 2016 JRedis[tid:1] <GRAVE>: Error creating connection -> Socket connect failed [cause: java.net.ConnectException: Conexão recusada] -- make sure the server is running at localhost:6379
01475611470763 Tue Oct 04 17:04:30 BRT 2016 JRedis[tid:1] <INFORMAÇÕES>: WARNING: heartbeat is disabled.
01475611470763 Tue Oct 04 17:04:30 BRT 2016 JRedis[tid:1] <ADVERTÊNCIA>: PROBLEM: Shutting down due to connection FAULT: Socket connect failed [cause: java.net.ConnectException: Conexão recusada] -- make sure the server is running at localhost:6379 - Connection: SYNCHRONOUS  localhost/127.0.0.1:6379 db:0 | SyncConnection@1999664216
01475611470763 Tue Oct 04 17:04:30 BRT 2016 JRedis[tid:1] <GRAVE>: Error creating connection -> Socket connect failed [cause: java.net.ConnectException: Conexão recusada] -- make sure the server is running at localhost:6379
]]></system-err>
  </testcase>
  <testcase name="testPeekLast[14]" classname="org.springframework.data.redis.support.collections.RedisListTests" time="0.001">
    <error message="Could not get a resource from the pool; nested exception is org.jredis.ClientRuntimeException: null reference:{connection on setConnection()} in method JRedisClient.setConnection() [file: JRedisClient.java line:158 - package: org.jredis.ri.alphazero] cause: =&gt; [IllegalArgumentException: null reference:{connection on setConnection()} in method JRedisClient.setConnection() [file: JRedisClient.java line:158 - package: org.jredis.ri.alphazero]]" type="org.springframework.data.redis.connection.PoolException">org.springframework.data.redis.connection.PoolException: Could not get a resource from the pool; nested exception is org.jredis.ClientRuntimeException: null reference:{connection on setConnection()} in method JRedisClient.setConnection() [file: JRedisClient.java line:158 - package: org.jredis.ri.alphazero] cause: => [IllegalArgumentException: null reference:{connection on setConnection()} in method JRedisClient.setConnection() [file: JRedisClient.java line:158 - package: org.jredis.ri.alphazero]]
Caused by: org.jredis.ClientRuntimeException: null reference:{connection on setConnection()} in method JRedisClient.setConnection() [file: JRedisClient.java line:158 - package: org.jredis.ri.alphazero] cause: => [IllegalArgumentException: null reference:{connection on setConnection()} in method JRedisClient.setConnection() [file: JRedisClient.java line:158 - package: org.jredis.ri.alphazero]]
Caused by: java.lang.IllegalArgumentException: null reference:{connection on setConnection()} in method JRedisClient.setConnection() [file: JRedisClient.java line:158 - package: org.jredis.ri.alphazero]
</error>
  </testcase>
  <testcase name="testRemoveFirstOccurrence[14]" classname="org.springframework.data.redis.support.collections.RedisListTests" time="0.005">
    <error message="Could not get a resource from the pool; nested exception is org.jredis.ClientRuntimeException: null reference:{connection on setConnection()} in method JRedisClient.setConnection() [file: JRedisClient.java line:158 - package: org.jredis.ri.alphazero] cause: =&gt; [IllegalArgumentException: null reference:{connection on setConnection()} in method JRedisClient.setConnection() [file: JRedisClient.java line:158 - package: org.jredis.ri.alphazero]]" type="org.springframework.data.redis.connection.PoolException">org.springframework.data.redis.connection.PoolException: Could not get a resource from the pool; nested exception is org.jredis.ClientRuntimeException: null reference:{connection on setConnection()} in method JRedisClient.setConnection() [file: JRedisClient.java line:158 - package: org.jredis.ri.alphazero] cause: => [IllegalArgumentException: null reference:{connection on setConnection()} in method JRedisClient.setConnection() [file: JRedisClient.java line:158 - package: org.jredis.ri.alphazero]]
Caused by: org.jredis.ClientRuntimeException: null reference:{connection on setConnection()} in method JRedisClient.setConnection() [file: JRedisClient.java line:158 - package: org.jredis.ri.alphazero] cause: => [IllegalArgumentException: null reference:{connection on setConnection()} in method JRedisClient.setConnection() [file: JRedisClient.java line:158 - package: org.jredis.ri.alphazero]]
Caused by: java.lang.IllegalArgumentException: null reference:{connection on setConnection()} in method JRedisClient.setConnection() [file: JRedisClient.java line:158 - package: org.jredis.ri.alphazero]
</error>
    <system-err><![CDATA[01475611470763 Tue Oct 04 17:04:30 BRT 2016 JRedis[tid:1] <INFORMAÇÕES>: WARNING: heartbeat is disabled.
01475611470764 Tue Oct 04 17:04:30 BRT 2016 JRedis[tid:1] <ADVERTÊNCIA>: PROBLEM: Shutting down due to connection FAULT: Socket connect failed [cause: java.net.ConnectException: Conexão recusada] -- make sure the server is running at localhost:6379 - Connection: SYNCHRONOUS  localhost/127.0.0.1:6379 db:0 | SyncConnection@532677950
01475611470764 Tue Oct 04 17:04:30 BRT 2016 JRedis[tid:1] <GRAVE>: Error creating connection -> Socket connect failed [cause: java.net.ConnectException: Conexão recusada] -- make sure the server is running at localhost:6379
01475611470764 Tue Oct 04 17:04:30 BRT 2016 JRedis[tid:1] <INFORMAÇÕES>: WARNING: heartbeat is disabled.
01475611470764 Tue Oct 04 17:04:30 BRT 2016 JRedis[tid:1] <ADVERTÊNCIA>: PROBLEM: Shutting down due to connection FAULT: Socket connect failed [cause: java.net.ConnectException: Conexão recusada] -- make sure the server is running at localhost:6379 - Connection: SYNCHRONOUS  localhost/127.0.0.1:6379 db:0 | SyncConnection@688593710
01475611470764 Tue Oct 04 17:04:30 BRT 2016 JRedis[tid:1] <GRAVE>: Error creating connection -> Socket connect failed [cause: java.net.ConnectException: Conexão recusada] -- make sure the server is running at localhost:6379
]]></system-err>
  </testcase>
  <testcase name="testRemoveFirstOccurrence[14]" classname="org.springframework.data.redis.support.collections.RedisListTests" time="0.005">
    <error message="Could not get a resource from the pool; nested exception is org.jredis.ClientRuntimeException: null reference:{connection on setConnection()} in method JRedisClient.setConnection() [file: JRedisClient.java line:158 - package: org.jredis.ri.alphazero] cause: =&gt; [IllegalArgumentException: null reference:{connection on setConnection()} in method JRedisClient.setConnection() [file: JRedisClient.java line:158 - package: org.jredis.ri.alphazero]]" type="org.springframework.data.redis.connection.PoolException">org.springframework.data.redis.connection.PoolException: Could not get a resource from the pool; nested exception is org.jredis.ClientRuntimeException: null reference:{connection on setConnection()} in method JRedisClient.setConnection() [file: JRedisClient.java line:158 - package: org.jredis.ri.alphazero] cause: => [IllegalArgumentException: null reference:{connection on setConnection()} in method JRedisClient.setConnection() [file: JRedisClient.java line:158 - package: org.jredis.ri.alphazero]]
Caused by: org.jredis.ClientRuntimeException: null reference:{connection on setConnection()} in method JRedisClient.setConnection() [file: JRedisClient.java line:158 - package: org.jredis.ri.alphazero] cause: => [IllegalArgumentException: null reference:{connection on setConnection()} in method JRedisClient.setConnection() [file: JRedisClient.java line:158 - package: org.jredis.ri.alphazero]]
Caused by: java.lang.IllegalArgumentException: null reference:{connection on setConnection()} in method JRedisClient.setConnection() [file: JRedisClient.java line:158 - package: org.jredis.ri.alphazero]
</error>
  </testcase>
  <testcase name="addAllIndexCollectionHead[14]" classname="org.springframework.data.redis.support.collections.RedisListTests" time="0">
    <error message="Could not get a resource from the pool; nested exception is org.jredis.ClientRuntimeException: null reference:{connection on setConnection()} in method JRedisClient.setConnection() [file: JRedisClient.java line:158 - package: org.jredis.ri.alphazero] cause: =&gt; [IllegalArgumentException: null reference:{connection on setConnection()} in method JRedisClient.setConnection() [file: JRedisClient.java line:158 - package: org.jredis.ri.alphazero]]" type="org.springframework.data.redis.connection.PoolException">org.springframework.data.redis.connection.PoolException: Could not get a resource from the pool; nested exception is org.jredis.ClientRuntimeException: null reference:{connection on setConnection()} in method JRedisClient.setConnection() [file: JRedisClient.java line:158 - package: org.jredis.ri.alphazero] cause: => [IllegalArgumentException: null reference:{connection on setConnection()} in method JRedisClient.setConnection() [file: JRedisClient.java line:158 - package: org.jredis.ri.alphazero]]
Caused by: org.jredis.ClientRuntimeException: null reference:{connection on setConnection()} in method JRedisClient.setConnection() [file: JRedisClient.java line:158 - package: org.jredis.ri.alphazero] cause: => [IllegalArgumentException: null reference:{connection on setConnection()} in method JRedisClient.setConnection() [file: JRedisClient.java line:158 - package: org.jredis.ri.alphazero]]
Caused by: java.lang.IllegalArgumentException: null reference:{connection on setConnection()} in method JRedisClient.setConnection() [file: JRedisClient.java line:158 - package: org.jredis.ri.alphazero]
</error>
    <system-err><![CDATA[01475611470765 Tue Oct 04 17:04:30 BRT 2016 JRedis[tid:1] <INFORMAÇÕES>: WARNING: heartbeat is disabled.
01475611470765 Tue Oct 04 17:04:30 BRT 2016 JRedis[tid:1] <ADVERTÊNCIA>: PROBLEM: Shutting down due to connection FAULT: Socket connect failed [cause: java.net.ConnectException: Conexão recusada] -- make sure the server is running at localhost:6379 - Connection: SYNCHRONOUS  localhost/127.0.0.1:6379 db:0 | SyncConnection@1200048933
01475611470765 Tue Oct 04 17:04:30 BRT 2016 JRedis[tid:1] <GRAVE>: Error creating connection -> Socket connect failed [cause: java.net.ConnectException: Conexão recusada] -- make sure the server is running at localhost:6379
01475611470765 Tue Oct 04 17:04:30 BRT 2016 JRedis[tid:1] <INFORMAÇÕES>: WARNING: heartbeat is disabled.
01475611470765 Tue Oct 04 17:04:30 BRT 2016 JRedis[tid:1] <ADVERTÊNCIA>: PROBLEM: Shutting down due to connection FAULT: Socket connect failed [cause: java.net.ConnectException: Conexão recusada] -- make sure the server is running at localhost:6379 - Connection: SYNCHRONOUS  localhost/127.0.0.1:6379 db:0 | SyncConnection@862025017
01475611470765 Tue Oct 04 17:04:30 BRT 2016 JRedis[tid:1] <GRAVE>: Error creating connection -> Socket connect failed [cause: java.net.ConnectException: Conexão recusada] -- make sure the server is running at localhost:6379
]]></system-err>
  </testcase>
  <testcase name="addAllIndexCollectionHead[14]" classname="org.springframework.data.redis.support.collections.RedisListTests" time="0">
    <error message="Could not get a resource from the pool; nested exception is org.jredis.ClientRuntimeException: null reference:{connection on setConnection()} in method JRedisClient.setConnection() [file: JRedisClient.java line:158 - package: org.jredis.ri.alphazero] cause: =&gt; [IllegalArgumentException: null reference:{connection on setConnection()} in method JRedisClient.setConnection() [file: JRedisClient.java line:158 - package: org.jredis.ri.alphazero]]" type="org.springframework.data.redis.connection.PoolException">org.springframework.data.redis.connection.PoolException: Could not get a resource from the pool; nested exception is org.jredis.ClientRuntimeException: null reference:{connection on setConnection()} in method JRedisClient.setConnection() [file: JRedisClient.java line:158 - package: org.jredis.ri.alphazero] cause: => [IllegalArgumentException: null reference:{connection on setConnection()} in method JRedisClient.setConnection() [file: JRedisClient.java line:158 - package: org.jredis.ri.alphazero]]
Caused by: org.jredis.ClientRuntimeException: null reference:{connection on setConnection()} in method JRedisClient.setConnection() [file: JRedisClient.java line:158 - package: org.jredis.ri.alphazero] cause: => [IllegalArgumentException: null reference:{connection on setConnection()} in method JRedisClient.setConnection() [file: JRedisClient.java line:158 - package: org.jredis.ri.alphazero]]
Caused by: java.lang.IllegalArgumentException: null reference:{connection on setConnection()} in method JRedisClient.setConnection() [file: JRedisClient.java line:158 - package: org.jredis.ri.alphazero]
</error>
  </testcase>
  <testcase name="addAllIndexCollectionTail[14]" classname="org.springframework.data.redis.support.collections.RedisListTests" time="0">
    <error message="Could not get a resource from the pool; nested exception is org.jredis.ClientRuntimeException: null reference:{connection on setConnection()} in method JRedisClient.setConnection() [file: JRedisClient.java line:158 - package: org.jredis.ri.alphazero] cause: =&gt; [IllegalArgumentException: null reference:{connection on setConnection()} in method JRedisClient.setConnection() [file: JRedisClient.java line:158 - package: org.jredis.ri.alphazero]]" type="org.springframework.data.redis.connection.PoolException">org.springframework.data.redis.connection.PoolException: Could not get a resource from the pool; nested exception is org.jredis.ClientRuntimeException: null reference:{connection on setConnection()} in method JRedisClient.setConnection() [file: JRedisClient.java line:158 - package: org.jredis.ri.alphazero] cause: => [IllegalArgumentException: null reference:{connection on setConnection()} in method JRedisClient.setConnection() [file: JRedisClient.java line:158 - package: org.jredis.ri.alphazero]]
Caused by: org.jredis.ClientRuntimeException: null reference:{connection on setConnection()} in method JRedisClient.setConnection() [file: JRedisClient.java line:158 - package: org.jredis.ri.alphazero] cause: => [IllegalArgumentException: null reference:{connection on setConnection()} in method JRedisClient.setConnection() [file: JRedisClient.java line:158 - package: org.jredis.ri.alphazero]]
Caused by: java.lang.IllegalArgumentException: null reference:{connection on setConnection()} in method JRedisClient.setConnection() [file: JRedisClient.java line:158 - package: org.jredis.ri.alphazero]
</error>
    <system-err><![CDATA[01475611470766 Tue Oct 04 17:04:30 BRT 2016 JRedis[tid:1] <INFORMAÇÕES>: WARNING: heartbeat is disabled.
01475611470766 Tue Oct 04 17:04:30 BRT 2016 JRedis[tid:1] <ADVERTÊNCIA>: PROBLEM: Shutting down due to connection FAULT: Socket connect failed [cause: java.net.ConnectException: Conexão recusada] -- make sure the server is running at localhost:6379 - Connection: SYNCHRONOUS  localhost/127.0.0.1:6379 db:0 | SyncConnection@739737502
01475611470766 Tue Oct 04 17:04:30 BRT 2016 JRedis[tid:1] <GRAVE>: Error creating connection -> Socket connect failed [cause: java.net.ConnectException: Conexão recusada] -- make sure the server is running at localhost:6379
01475611470766 Tue Oct 04 17:04:30 BRT 2016 JRedis[tid:1] <INFORMAÇÕES>: WARNING: heartbeat is disabled.
01475611470766 Tue Oct 04 17:04:30 BRT 2016 JRedis[tid:1] <ADVERTÊNCIA>: PROBLEM: Shutting down due to connection FAULT: Socket connect failed [cause: java.net.ConnectException: Conexão recusada] -- make sure the server is running at localhost:6379 - Connection: SYNCHRONOUS  localhost/127.0.0.1:6379 db:0 | SyncConnection@1572127577
01475611470766 Tue Oct 04 17:04:30 BRT 2016 JRedis[tid:1] <GRAVE>: Error creating connection -> Socket connect failed [cause: java.net.ConnectException: Conexão recusada] -- make sure the server is running at localhost:6379
]]></system-err>
  </testcase>
  <testcase name="addAllIndexCollectionTail[14]" classname="org.springframework.data.redis.support.collections.RedisListTests" time="0">
    <error message="Could not get a resource from the pool; nested exception is org.jredis.ClientRuntimeException: null reference:{connection on setConnection()} in method JRedisClient.setConnection() [file: JRedisClient.java line:158 - package: org.jredis.ri.alphazero] cause: =&gt; [IllegalArgumentException: null reference:{connection on setConnection()} in method JRedisClient.setConnection() [file: JRedisClient.java line:158 - package: org.jredis.ri.alphazero]]" type="org.springframework.data.redis.connection.PoolException">org.springframework.data.redis.connection.PoolException: Could not get a resource from the pool; nested exception is org.jredis.ClientRuntimeException: null reference:{connection on setConnection()} in method JRedisClient.setConnection() [file: JRedisClient.java line:158 - package: org.jredis.ri.alphazero] cause: => [IllegalArgumentException: null reference:{connection on setConnection()} in method JRedisClient.setConnection() [file: JRedisClient.java line:158 - package: org.jredis.ri.alphazero]]
Caused by: org.jredis.ClientRuntimeException: null reference:{connection on setConnection()} in method JRedisClient.setConnection() [file: JRedisClient.java line:158 - package: org.jredis.ri.alphazero] cause: => [IllegalArgumentException: null reference:{connection on setConnection()} in method JRedisClient.setConnection() [file: JRedisClient.java line:158 - package: org.jredis.ri.alphazero]]
Caused by: java.lang.IllegalArgumentException: null reference:{connection on setConnection()} in method JRedisClient.setConnection() [file: JRedisClient.java line:158 - package: org.jredis.ri.alphazero]
</error>
  </testcase>
  <testcase name="addAllIndexCollectionMiddle[14]" classname="org.springframework.data.redis.support.collections.RedisListTests" time="0.003">
    <error message="Unexpected exception, expected&lt;java.lang.IllegalArgumentException&gt; but was&lt;org.springframework.data.redis.connection.PoolException&gt;" type="java.lang.Exception"><![CDATA[java.lang.Exception: Unexpected exception, expected<java.lang.IllegalArgumentException> but was<org.springframework.data.redis.connection.PoolException>
Caused by: org.springframework.data.redis.connection.PoolException: Could not get a resource from the pool; nested exception is org.jredis.ClientRuntimeException: null reference:{connection on setConnection()} in method JRedisClient.setConnection() [file: JRedisClient.java line:158 - package: org.jredis.ri.alphazero] cause: => [IllegalArgumentException: null reference:{connection on setConnection()} in method JRedisClient.setConnection() [file: JRedisClient.java line:158 - package: org.jredis.ri.alphazero]]
Caused by: org.jredis.ClientRuntimeException: null reference:{connection on setConnection()} in method JRedisClient.setConnection() [file: JRedisClient.java line:158 - package: org.jredis.ri.alphazero] cause: => [IllegalArgumentException: null reference:{connection on setConnection()} in method JRedisClient.setConnection() [file: JRedisClient.java line:158 - package: org.jredis.ri.alphazero]]
Caused by: java.lang.IllegalArgumentException: null reference:{connection on setConnection()} in method JRedisClient.setConnection() [file: JRedisClient.java line:158 - package: org.jredis.ri.alphazero]
]]></error>
    <system-err><![CDATA[01475611470767 Tue Oct 04 17:04:30 BRT 2016 JRedis[tid:1] <INFORMAÇÕES>: WARNING: heartbeat is disabled.
01475611470767 Tue Oct 04 17:04:30 BRT 2016 JRedis[tid:1] <ADVERTÊNCIA>: PROBLEM: Shutting down due to connection FAULT: Socket connect failed [cause: java.net.ConnectException: Conexão recusada] -- make sure the server is running at localhost:6379 - Connection: SYNCHRONOUS  localhost/127.0.0.1:6379 db:0 | SyncConnection@546796969
01475611470767 Tue Oct 04 17:04:30 BRT 2016 JRedis[tid:1] <GRAVE>: Error creating connection -> Socket connect failed [cause: java.net.ConnectException: Conexão recusada] -- make sure the server is running at localhost:6379
01475611470770 Tue Oct 04 17:04:30 BRT 2016 JRedis[tid:1] <INFORMAÇÕES>: WARNING: heartbeat is disabled.
01475611470770 Tue Oct 04 17:04:30 BRT 2016 JRedis[tid:1] <ADVERTÊNCIA>: PROBLEM: Shutting down due to connection FAULT: Socket connect failed [cause: java.net.ConnectException: Conexão recusada] -- make sure the server is running at localhost:6379 - Connection: SYNCHRONOUS  localhost/127.0.0.1:6379 db:0 | SyncConnection@417797183
01475611470770 Tue Oct 04 17:04:30 BRT 2016 JRedis[tid:1] <GRAVE>: Error creating connection -> Socket connect failed [cause: java.net.ConnectException: Conexão recusada] -- make sure the server is running at localhost:6379
]]></system-err>
  </testcase>
  <testcase name="addAllIndexCollectionMiddle[14]" classname="org.springframework.data.redis.support.collections.RedisListTests" time="0.003">
    <error message="Could not get a resource from the pool; nested exception is org.jredis.ClientRuntimeException: null reference:{connection on setConnection()} in method JRedisClient.setConnection() [file: JRedisClient.java line:158 - package: org.jredis.ri.alphazero] cause: =&gt; [IllegalArgumentException: null reference:{connection on setConnection()} in method JRedisClient.setConnection() [file: JRedisClient.java line:158 - package: org.jredis.ri.alphazero]]" type="org.springframework.data.redis.connection.PoolException">org.springframework.data.redis.connection.PoolException: Could not get a resource from the pool; nested exception is org.jredis.ClientRuntimeException: null reference:{connection on setConnection()} in method JRedisClient.setConnection() [file: JRedisClient.java line:158 - package: org.jredis.ri.alphazero] cause: => [IllegalArgumentException: null reference:{connection on setConnection()} in method JRedisClient.setConnection() [file: JRedisClient.java line:158 - package: org.jredis.ri.alphazero]]
Caused by: org.jredis.ClientRuntimeException: null reference:{connection on setConnection()} in method JRedisClient.setConnection() [file: JRedisClient.java line:158 - package: org.jredis.ri.alphazero] cause: => [IllegalArgumentException: null reference:{connection on setConnection()} in method JRedisClient.setConnection() [file: JRedisClient.java line:158 - package: org.jredis.ri.alphazero]]
Caused by: java.lang.IllegalArgumentException: null reference:{connection on setConnection()} in method JRedisClient.setConnection() [file: JRedisClient.java line:158 - package: org.jredis.ri.alphazero]
</error>
  </testcase>
  <testcase name="testPollLast[14]" classname="org.springframework.data.redis.support.collections.RedisListTests" time="0.001">
    <error message="Could not get a resource from the pool; nested exception is org.jredis.ClientRuntimeException: null reference:{connection on setConnection()} in method JRedisClient.setConnection() [file: JRedisClient.java line:158 - package: org.jredis.ri.alphazero] cause: =&gt; [IllegalArgumentException: null reference:{connection on setConnection()} in method JRedisClient.setConnection() [file: JRedisClient.java line:158 - package: org.jredis.ri.alphazero]]" type="org.springframework.data.redis.connection.PoolException">org.springframework.data.redis.connection.PoolException: Could not get a resource from the pool; nested exception is org.jredis.ClientRuntimeException: null reference:{connection on setConnection()} in method JRedisClient.setConnection() [file: JRedisClient.java line:158 - package: org.jredis.ri.alphazero] cause: => [IllegalArgumentException: null reference:{connection on setConnection()} in method JRedisClient.setConnection() [file: JRedisClient.java line:158 - package: org.jredis.ri.alphazero]]
Caused by: org.jredis.ClientRuntimeException: null reference:{connection on setConnection()} in method JRedisClient.setConnection() [file: JRedisClient.java line:158 - package: org.jredis.ri.alphazero] cause: => [IllegalArgumentException: null reference:{connection on setConnection()} in method JRedisClient.setConnection() [file: JRedisClient.java line:158 - package: org.jredis.ri.alphazero]]
Caused by: java.lang.IllegalArgumentException: null reference:{connection on setConnection()} in method JRedisClient.setConnection() [file: JRedisClient.java line:158 - package: org.jredis.ri.alphazero]
</error>
    <system-err><![CDATA[01475611470771 Tue Oct 04 17:04:30 BRT 2016 JRedis[tid:1] <INFORMAÇÕES>: WARNING: heartbeat is disabled.
01475611470771 Tue Oct 04 17:04:30 BRT 2016 JRedis[tid:1] <ADVERTÊNCIA>: PROBLEM: Shutting down due to connection FAULT: Socket connect failed [cause: java.net.ConnectException: Conexão recusada] -- make sure the server is running at localhost:6379 - Connection: SYNCHRONOUS  localhost/127.0.0.1:6379 db:0 | SyncConnection@261845810
01475611470771 Tue Oct 04 17:04:30 BRT 2016 JRedis[tid:1] <GRAVE>: Error creating connection -> Socket connect failed [cause: java.net.ConnectException: Conexão recusada] -- make sure the server is running at localhost:6379
01475611470771 Tue Oct 04 17:04:30 BRT 2016 JRedis[tid:1] <INFORMAÇÕES>: WARNING: heartbeat is disabled.
01475611470771 Tue Oct 04 17:04:30 BRT 2016 JRedis[tid:1] <ADVERTÊNCIA>: PROBLEM: Shutting down due to connection FAULT: Socket connect failed [cause: java.net.ConnectException: Conexão recusada] -- make sure the server is running at localhost:6379 - Connection: SYNCHRONOUS  localhost/127.0.0.1:6379 db:0 | SyncConnection@1959708563
01475611470771 Tue Oct 04 17:04:30 BRT 2016 JRedis[tid:1] <GRAVE>: Error creating connection -> Socket connect failed [cause: java.net.ConnectException: Conexão recusada] -- make sure the server is running at localhost:6379
]]></system-err>
  </testcase>
  <testcase name="testPollLast[14]" classname="org.springframework.data.redis.support.collections.RedisListTests" time="0.001">
    <error message="Could not get a resource from the pool; nested exception is org.jredis.ClientRuntimeException: null reference:{connection on setConnection()} in method JRedisClient.setConnection() [file: JRedisClient.java line:158 - package: org.jredis.ri.alphazero] cause: =&gt; [IllegalArgumentException: null reference:{connection on setConnection()} in method JRedisClient.setConnection() [file: JRedisClient.java line:158 - package: org.jredis.ri.alphazero]]" type="org.springframework.data.redis.connection.PoolException">org.springframework.data.redis.connection.PoolException: Could not get a resource from the pool; nested exception is org.jredis.ClientRuntimeException: null reference:{connection on setConnection()} in method JRedisClient.setConnection() [file: JRedisClient.java line:158 - package: org.jredis.ri.alphazero] cause: => [IllegalArgumentException: null reference:{connection on setConnection()} in method JRedisClient.setConnection() [file: JRedisClient.java line:158 - package: org.jredis.ri.alphazero]]
Caused by: org.jredis.ClientRuntimeException: null reference:{connection on setConnection()} in method JRedisClient.setConnection() [file: JRedisClient.java line:158 - package: org.jredis.ri.alphazero] cause: => [IllegalArgumentException: null reference:{connection on setConnection()} in method JRedisClient.setConnection() [file: JRedisClient.java line:158 - package: org.jredis.ri.alphazero]]
Caused by: java.lang.IllegalArgumentException: null reference:{connection on setConnection()} in method JRedisClient.setConnection() [file: JRedisClient.java line:158 - package: org.jredis.ri.alphazero]
</error>
  </testcase>
  <testcase name="testIndexOfObject[14]" classname="org.springframework.data.redis.support.collections.RedisListTests" time="0">
    <error message="Could not get a resource from the pool; nested exception is org.jredis.ClientRuntimeException: null reference:{connection on setConnection()} in method JRedisClient.setConnection() [file: JRedisClient.java line:158 - package: org.jredis.ri.alphazero] cause: =&gt; [IllegalArgumentException: null reference:{connection on setConnection()} in method JRedisClient.setConnection() [file: JRedisClient.java line:158 - package: org.jredis.ri.alphazero]]" type="org.springframework.data.redis.connection.PoolException">org.springframework.data.redis.connection.PoolException: Could not get a resource from the pool; nested exception is org.jredis.ClientRuntimeException: null reference:{connection on setConnection()} in method JRedisClient.setConnection() [file: JRedisClient.java line:158 - package: org.jredis.ri.alphazero] cause: => [IllegalArgumentException: null reference:{connection on setConnection()} in method JRedisClient.setConnection() [file: JRedisClient.java line:158 - package: org.jredis.ri.alphazero]]
Caused by: org.jredis.ClientRuntimeException: null reference:{connection on setConnection()} in method JRedisClient.setConnection() [file: JRedisClient.java line:158 - package: org.jredis.ri.alphazero] cause: => [IllegalArgumentException: null reference:{connection on setConnection()} in method JRedisClient.setConnection() [file: JRedisClient.java line:158 - package: org.jredis.ri.alphazero]]
Caused by: java.lang.IllegalArgumentException: null reference:{connection on setConnection()} in method JRedisClient.setConnection() [file: JRedisClient.java line:158 - package: org.jredis.ri.alphazero]
</error>
    <system-err><![CDATA[01475611470772 Tue Oct 04 17:04:30 BRT 2016 JRedis[tid:1] <INFORMAÇÕES>: WARNING: heartbeat is disabled.
01475611470772 Tue Oct 04 17:04:30 BRT 2016 JRedis[tid:1] <ADVERTÊNCIA>: PROBLEM: Shutting down due to connection FAULT: Socket connect failed [cause: java.net.ConnectException: Conexão recusada] -- make sure the server is running at localhost:6379 - Connection: SYNCHRONOUS  localhost/127.0.0.1:6379 db:0 | SyncConnection@1877986974
01475611470772 Tue Oct 04 17:04:30 BRT 2016 JRedis[tid:1] <GRAVE>: Error creating connection -> Socket connect failed [cause: java.net.ConnectException: Conexão recusada] -- make sure the server is running at localhost:6379
]]></system-err>
  </testcase>
  <testcase name="testPollTimeout[14]" classname="org.springframework.data.redis.support.collections.RedisListTests" time="0.001">
    <error message="got: &lt;false&gt;, expected: is &lt;true&gt;" type="org.junit.AssumptionViolatedException"><![CDATA[org.junit.AssumptionViolatedException: got: <false>, expected: is <true>
]]></error>
    <system-err><![CDATA[01475611470772 Tue Oct 04 17:04:30 BRT 2016 JRedis[tid:1] <INFORMAÇÕES>: WARNING: heartbeat is disabled.
01475611470773 Tue Oct 04 17:04:30 BRT 2016 JRedis[tid:1] <ADVERTÊNCIA>: PROBLEM: Shutting down due to connection FAULT: Socket connect failed [cause: java.net.ConnectException: Conexão recusada] -- make sure the server is running at localhost:6379 - Connection: SYNCHRONOUS  localhost/127.0.0.1:6379 db:0 | SyncConnection@1334405552
01475611470773 Tue Oct 04 17:04:30 BRT 2016 JRedis[tid:1] <GRAVE>: Error creating connection -> Socket connect failed [cause: java.net.ConnectException: Conexão recusada] -- make sure the server is running at localhost:6379
]]></system-err>
  </testcase>
  <testcase name="testPollTimeout[14]" classname="org.springframework.data.redis.support.collections.RedisListTests" time="0.001">
    <error message="Could not get a resource from the pool; nested exception is org.jredis.ClientRuntimeException: null reference:{connection on setConnection()} in method JRedisClient.setConnection() [file: JRedisClient.java line:158 - package: org.jredis.ri.alphazero] cause: =&gt; [IllegalArgumentException: null reference:{connection on setConnection()} in method JRedisClient.setConnection() [file: JRedisClient.java line:158 - package: org.jredis.ri.alphazero]]" type="org.springframework.data.redis.connection.PoolException">org.springframework.data.redis.connection.PoolException: Could not get a resource from the pool; nested exception is org.jredis.ClientRuntimeException: null reference:{connection on setConnection()} in method JRedisClient.setConnection() [file: JRedisClient.java line:158 - package: org.jredis.ri.alphazero] cause: => [IllegalArgumentException: null reference:{connection on setConnection()} in method JRedisClient.setConnection() [file: JRedisClient.java line:158 - package: org.jredis.ri.alphazero]]
Caused by: org.jredis.ClientRuntimeException: null reference:{connection on setConnection()} in method JRedisClient.setConnection() [file: JRedisClient.java line:158 - package: org.jredis.ri.alphazero] cause: => [IllegalArgumentException: null reference:{connection on setConnection()} in method JRedisClient.setConnection() [file: JRedisClient.java line:158 - package: org.jredis.ri.alphazero]]
Caused by: java.lang.IllegalArgumentException: null reference:{connection on setConnection()} in method JRedisClient.setConnection() [file: JRedisClient.java line:158 - package: org.jredis.ri.alphazero]
</error>
  </testcase>
  <testcase name="testRemove[14]" classname="org.springframework.data.redis.support.collections.RedisListTests" time="0.001">
    <error message="Could not get a resource from the pool; nested exception is org.jredis.ClientRuntimeException: null reference:{connection on setConnection()} in method JRedisClient.setConnection() [file: JRedisClient.java line:158 - package: org.jredis.ri.alphazero] cause: =&gt; [IllegalArgumentException: null reference:{connection on setConnection()} in method JRedisClient.setConnection() [file: JRedisClient.java line:158 - package: org.jredis.ri.alphazero]]" type="org.springframework.data.redis.connection.PoolException">org.springframework.data.redis.connection.PoolException: Could not get a resource from the pool; nested exception is org.jredis.ClientRuntimeException: null reference:{connection on setConnection()} in method JRedisClient.setConnection() [file: JRedisClient.java line:158 - package: org.jredis.ri.alphazero] cause: => [IllegalArgumentException: null reference:{connection on setConnection()} in method JRedisClient.setConnection() [file: JRedisClient.java line:158 - package: org.jredis.ri.alphazero]]
Caused by: org.jredis.ClientRuntimeException: null reference:{connection on setConnection()} in method JRedisClient.setConnection() [file: JRedisClient.java line:158 - package: org.jredis.ri.alphazero] cause: => [IllegalArgumentException: null reference:{connection on setConnection()} in method JRedisClient.setConnection() [file: JRedisClient.java line:158 - package: org.jredis.ri.alphazero]]
Caused by: java.lang.IllegalArgumentException: null reference:{connection on setConnection()} in method JRedisClient.setConnection() [file: JRedisClient.java line:158 - package: org.jredis.ri.alphazero]
</error>
    <system-err><![CDATA[01475611470773 Tue Oct 04 17:04:30 BRT 2016 JRedis[tid:1] <INFORMAÇÕES>: WARNING: heartbeat is disabled.
01475611470773 Tue Oct 04 17:04:30 BRT 2016 JRedis[tid:1] <ADVERTÊNCIA>: PROBLEM: Shutting down due to connection FAULT: Socket connect failed [cause: java.net.ConnectException: Conexão recusada] -- make sure the server is running at localhost:6379 - Connection: SYNCHRONOUS  localhost/127.0.0.1:6379 db:0 | SyncConnection@467632528
01475611470773 Tue Oct 04 17:04:30 BRT 2016 JRedis[tid:1] <GRAVE>: Error creating connection -> Socket connect failed [cause: java.net.ConnectException: Conexão recusada] -- make sure the server is running at localhost:6379
01475611470773 Tue Oct 04 17:04:30 BRT 2016 JRedis[tid:1] <INFORMAÇÕES>: WARNING: heartbeat is disabled.
01475611470773 Tue Oct 04 17:04:30 BRT 2016 JRedis[tid:1] <ADVERTÊNCIA>: PROBLEM: Shutting down due to connection FAULT: Socket connect failed [cause: java.net.ConnectException: Conexão recusada] -- make sure the server is running at localhost:6379 - Connection: SYNCHRONOUS  localhost/127.0.0.1:6379 db:0 | SyncConnection@422522663
01475611470774 Tue Oct 04 17:04:30 BRT 2016 JRedis[tid:1] <GRAVE>: Error creating connection -> Socket connect failed [cause: java.net.ConnectException: Conexão recusada] -- make sure the server is running at localhost:6379
]]></system-err>
  </testcase>
  <testcase name="testRemove[14]" classname="org.springframework.data.redis.support.collections.RedisListTests" time="0.001">
    <error message="Could not get a resource from the pool; nested exception is org.jredis.ClientRuntimeException: null reference:{connection on setConnection()} in method JRedisClient.setConnection() [file: JRedisClient.java line:158 - package: org.jredis.ri.alphazero] cause: =&gt; [IllegalArgumentException: null reference:{connection on setConnection()} in method JRedisClient.setConnection() [file: JRedisClient.java line:158 - package: org.jredis.ri.alphazero]]" type="org.springframework.data.redis.connection.PoolException">org.springframework.data.redis.connection.PoolException: Could not get a resource from the pool; nested exception is org.jredis.ClientRuntimeException: null reference:{connection on setConnection()} in method JRedisClient.setConnection() [file: JRedisClient.java line:158 - package: org.jredis.ri.alphazero] cause: => [IllegalArgumentException: null reference:{connection on setConnection()} in method JRedisClient.setConnection() [file: JRedisClient.java line:158 - package: org.jredis.ri.alphazero]]
Caused by: org.jredis.ClientRuntimeException: null reference:{connection on setConnection()} in method JRedisClient.setConnection() [file: JRedisClient.java line:158 - package: org.jredis.ri.alphazero] cause: => [IllegalArgumentException: null reference:{connection on setConnection()} in method JRedisClient.setConnection() [file: JRedisClient.java line:158 - package: org.jredis.ri.alphazero]]
Caused by: java.lang.IllegalArgumentException: null reference:{connection on setConnection()} in method JRedisClient.setConnection() [file: JRedisClient.java line:158 - package: org.jredis.ri.alphazero]
</error>
  </testcase>
  <testcase name="testCappedCollection[14]" classname="org.springframework.data.redis.support.collections.RedisListTests" time="0.001">
    <error message="Could not get a resource from the pool; nested exception is org.jredis.ClientRuntimeException: null reference:{connection on setConnection()} in method JRedisClient.setConnection() [file: JRedisClient.java line:158 - package: org.jredis.ri.alphazero] cause: =&gt; [IllegalArgumentException: null reference:{connection on setConnection()} in method JRedisClient.setConnection() [file: JRedisClient.java line:158 - package: org.jredis.ri.alphazero]]" type="org.springframework.data.redis.connection.PoolException">org.springframework.data.redis.connection.PoolException: Could not get a resource from the pool; nested exception is org.jredis.ClientRuntimeException: null reference:{connection on setConnection()} in method JRedisClient.setConnection() [file: JRedisClient.java line:158 - package: org.jredis.ri.alphazero] cause: => [IllegalArgumentException: null reference:{connection on setConnection()} in method JRedisClient.setConnection() [file: JRedisClient.java line:158 - package: org.jredis.ri.alphazero]]
Caused by: org.jredis.ClientRuntimeException: null reference:{connection on setConnection()} in method JRedisClient.setConnection() [file: JRedisClient.java line:158 - package: org.jredis.ri.alphazero] cause: => [IllegalArgumentException: null reference:{connection on setConnection()} in method JRedisClient.setConnection() [file: JRedisClient.java line:158 - package: org.jredis.ri.alphazero]]
Caused by: java.lang.IllegalArgumentException: null reference:{connection on setConnection()} in method JRedisClient.setConnection() [file: JRedisClient.java line:158 - package: org.jredis.ri.alphazero]
</error>
    <system-err><![CDATA[01475611470774 Tue Oct 04 17:04:30 BRT 2016 JRedis[tid:1] <INFORMAÇÕES>: WARNING: heartbeat is disabled.
01475611470774 Tue Oct 04 17:04:30 BRT 2016 JRedis[tid:1] <ADVERTÊNCIA>: PROBLEM: Shutting down due to connection FAULT: Socket connect failed [cause: java.net.ConnectException: Conexão recusada] -- make sure the server is running at localhost:6379 - Connection: SYNCHRONOUS  localhost/127.0.0.1:6379 db:0 | SyncConnection@145066402
01475611470774 Tue Oct 04 17:04:30 BRT 2016 JRedis[tid:1] <GRAVE>: Error creating connection -> Socket connect failed [cause: java.net.ConnectException: Conexão recusada] -- make sure the server is running at localhost:6379
01475611470774 Tue Oct 04 17:04:30 BRT 2016 JRedis[tid:1] <INFORMAÇÕES>: WARNING: heartbeat is disabled.
01475611470774 Tue Oct 04 17:04:30 BRT 2016 JRedis[tid:1] <ADVERTÊNCIA>: PROBLEM: Shutting down due to connection FAULT: Socket connect failed [cause: java.net.ConnectException: Conexão recusada] -- make sure the server is running at localhost:6379 - Connection: SYNCHRONOUS  localhost/127.0.0.1:6379 db:0 | SyncConnection@207988207
01475611470775 Tue Oct 04 17:04:30 BRT 2016 JRedis[tid:1] <GRAVE>: Error creating connection -> Socket connect failed [cause: java.net.ConnectException: Conexão recusada] -- make sure the server is running at localhost:6379
]]></system-err>
  </testcase>
  <testcase name="testCappedCollection[14]" classname="org.springframework.data.redis.support.collections.RedisListTests" time="0.001">
    <error message="Could not get a resource from the pool; nested exception is org.jredis.ClientRuntimeException: null reference:{connection on setConnection()} in method JRedisClient.setConnection() [file: JRedisClient.java line:158 - package: org.jredis.ri.alphazero] cause: =&gt; [IllegalArgumentException: null reference:{connection on setConnection()} in method JRedisClient.setConnection() [file: JRedisClient.java line:158 - package: org.jredis.ri.alphazero]]" type="org.springframework.data.redis.connection.PoolException">org.springframework.data.redis.connection.PoolException: Could not get a resource from the pool; nested exception is org.jredis.ClientRuntimeException: null reference:{connection on setConnection()} in method JRedisClient.setConnection() [file: JRedisClient.java line:158 - package: org.jredis.ri.alphazero] cause: => [IllegalArgumentException: null reference:{connection on setConnection()} in method JRedisClient.setConnection() [file: JRedisClient.java line:158 - package: org.jredis.ri.alphazero]]
Caused by: org.jredis.ClientRuntimeException: null reference:{connection on setConnection()} in method JRedisClient.setConnection() [file: JRedisClient.java line:158 - package: org.jredis.ri.alphazero] cause: => [IllegalArgumentException: null reference:{connection on setConnection()} in method JRedisClient.setConnection() [file: JRedisClient.java line:158 - package: org.jredis.ri.alphazero]]
Caused by: java.lang.IllegalArgumentException: null reference:{connection on setConnection()} in method JRedisClient.setConnection() [file: JRedisClient.java line:158 - package: org.jredis.ri.alphazero]
</error>
  </testcase>
  <testcase name="testRmoveLastOccurrence[14]" classname="org.springframework.data.redis.support.collections.RedisListTests" time="0.001">
    <error message="Could not get a resource from the pool; nested exception is org.jredis.ClientRuntimeException: null reference:{connection on setConnection()} in method JRedisClient.setConnection() [file: JRedisClient.java line:158 - package: org.jredis.ri.alphazero] cause: =&gt; [IllegalArgumentException: null reference:{connection on setConnection()} in method JRedisClient.setConnection() [file: JRedisClient.java line:158 - package: org.jredis.ri.alphazero]]" type="org.springframework.data.redis.connection.PoolException">org.springframework.data.redis.connection.PoolException: Could not get a resource from the pool; nested exception is org.jredis.ClientRuntimeException: null reference:{connection on setConnection()} in method JRedisClient.setConnection() [file: JRedisClient.java line:158 - package: org.jredis.ri.alphazero] cause: => [IllegalArgumentException: null reference:{connection on setConnection()} in method JRedisClient.setConnection() [file: JRedisClient.java line:158 - package: org.jredis.ri.alphazero]]
Caused by: org.jredis.ClientRuntimeException: null reference:{connection on setConnection()} in method JRedisClient.setConnection() [file: JRedisClient.java line:158 - package: org.jredis.ri.alphazero] cause: => [IllegalArgumentException: null reference:{connection on setConnection()} in method JRedisClient.setConnection() [file: JRedisClient.java line:158 - package: org.jredis.ri.alphazero]]
Caused by: java.lang.IllegalArgumentException: null reference:{connection on setConnection()} in method JRedisClient.setConnection() [file: JRedisClient.java line:158 - package: org.jredis.ri.alphazero]
</error>
    <system-err><![CDATA[01475611470775 Tue Oct 04 17:04:30 BRT 2016 JRedis[tid:1] <INFORMAÇÕES>: WARNING: heartbeat is disabled.
01475611470775 Tue Oct 04 17:04:30 BRT 2016 JRedis[tid:1] <ADVERTÊNCIA>: PROBLEM: Shutting down due to connection FAULT: Socket connect failed [cause: java.net.ConnectException: Conexão recusada] -- make sure the server is running at localhost:6379 - Connection: SYNCHRONOUS  localhost/127.0.0.1:6379 db:0 | SyncConnection@1800500978
01475611470775 Tue Oct 04 17:04:30 BRT 2016 JRedis[tid:1] <GRAVE>: Error creating connection -> Socket connect failed [cause: java.net.ConnectException: Conexão recusada] -- make sure the server is running at localhost:6379
01475611470776 Tue Oct 04 17:04:30 BRT 2016 JRedis[tid:1] <INFORMAÇÕES>: WARNING: heartbeat is disabled.
01475611470776 Tue Oct 04 17:04:30 BRT 2016 JRedis[tid:1] <ADVERTÊNCIA>: PROBLEM: Shutting down due to connection FAULT: Socket connect failed [cause: java.net.ConnectException: Conexão recusada] -- make sure the server is running at localhost:6379 - Connection: SYNCHRONOUS  localhost/127.0.0.1:6379 db:0 | SyncConnection@191310504
01475611470776 Tue Oct 04 17:04:30 BRT 2016 JRedis[tid:1] <GRAVE>: Error creating connection -> Socket connect failed [cause: java.net.ConnectException: Conexão recusada] -- make sure the server is running at localhost:6379
]]></system-err>
  </testcase>
  <testcase name="testRmoveLastOccurrence[14]" classname="org.springframework.data.redis.support.collections.RedisListTests" time="0.001">
    <error message="Could not get a resource from the pool; nested exception is org.jredis.ClientRuntimeException: null reference:{connection on setConnection()} in method JRedisClient.setConnection() [file: JRedisClient.java line:158 - package: org.jredis.ri.alphazero] cause: =&gt; [IllegalArgumentException: null reference:{connection on setConnection()} in method JRedisClient.setConnection() [file: JRedisClient.java line:158 - package: org.jredis.ri.alphazero]]" type="org.springframework.data.redis.connection.PoolException">org.springframework.data.redis.connection.PoolException: Could not get a resource from the pool; nested exception is org.jredis.ClientRuntimeException: null reference:{connection on setConnection()} in method JRedisClient.setConnection() [file: JRedisClient.java line:158 - package: org.jredis.ri.alphazero] cause: => [IllegalArgumentException: null reference:{connection on setConnection()} in method JRedisClient.setConnection() [file: JRedisClient.java line:158 - package: org.jredis.ri.alphazero]]
Caused by: org.jredis.ClientRuntimeException: null reference:{connection on setConnection()} in method JRedisClient.setConnection() [file: JRedisClient.java line:158 - package: org.jredis.ri.alphazero] cause: => [IllegalArgumentException: null reference:{connection on setConnection()} in method JRedisClient.setConnection() [file: JRedisClient.java line:158 - package: org.jredis.ri.alphazero]]
Caused by: java.lang.IllegalArgumentException: null reference:{connection on setConnection()} in method JRedisClient.setConnection() [file: JRedisClient.java line:158 - package: org.jredis.ri.alphazero]
</error>
  </testcase>
  <testcase name="testTakeFirst[14]" classname="org.springframework.data.redis.support.collections.RedisListTests" time="0.002">
    <error message="Could not get a resource from the pool; nested exception is org.jredis.ClientRuntimeException: null reference:{connection on setConnection()} in method JRedisClient.setConnection() [file: JRedisClient.java line:158 - package: org.jredis.ri.alphazero] cause: =&gt; [IllegalArgumentException: null reference:{connection on setConnection()} in method JRedisClient.setConnection() [file: JRedisClient.java line:158 - package: org.jredis.ri.alphazero]]" type="org.springframework.data.redis.connection.PoolException">org.springframework.data.redis.connection.PoolException: Could not get a resource from the pool; nested exception is org.jredis.ClientRuntimeException: null reference:{connection on setConnection()} in method JRedisClient.setConnection() [file: JRedisClient.java line:158 - package: org.jredis.ri.alphazero] cause: => [IllegalArgumentException: null reference:{connection on setConnection()} in method JRedisClient.setConnection() [file: JRedisClient.java line:158 - package: org.jredis.ri.alphazero]]
Caused by: org.jredis.ClientRuntimeException: null reference:{connection on setConnection()} in method JRedisClient.setConnection() [file: JRedisClient.java line:158 - package: org.jredis.ri.alphazero] cause: => [IllegalArgumentException: null reference:{connection on setConnection()} in method JRedisClient.setConnection() [file: JRedisClient.java line:158 - package: org.jredis.ri.alphazero]]
Caused by: java.lang.IllegalArgumentException: null reference:{connection on setConnection()} in method JRedisClient.setConnection() [file: JRedisClient.java line:158 - package: org.jredis.ri.alphazero]
</error>
    <system-err><![CDATA[01475611470776 Tue Oct 04 17:04:30 BRT 2016 JRedis[tid:1] <INFORMAÇÕES>: WARNING: heartbeat is disabled.
01475611470777 Tue Oct 04 17:04:30 BRT 2016 JRedis[tid:1] <ADVERTÊNCIA>: PROBLEM: Shutting down due to connection FAULT: Socket connect failed [cause: java.net.ConnectException: Conexão recusada] -- make sure the server is running at localhost:6379 - Connection: SYNCHRONOUS  localhost/127.0.0.1:6379 db:0 | SyncConnection@799755007
01475611470777 Tue Oct 04 17:04:30 BRT 2016 JRedis[tid:1] <GRAVE>: Error creating connection -> Socket connect failed [cause: java.net.ConnectException: Conexão recusada] -- make sure the server is running at localhost:6379
01475611470777 Tue Oct 04 17:04:30 BRT 2016 JRedis[tid:1] <INFORMAÇÕES>: WARNING: heartbeat is disabled.
01475611470777 Tue Oct 04 17:04:30 BRT 2016 JRedis[tid:1] <ADVERTÊNCIA>: PROBLEM: Shutting down due to connection FAULT: Socket connect failed [cause: java.net.ConnectException: Conexão recusada] -- make sure the server is running at localhost:6379 - Connection: SYNCHRONOUS  localhost/127.0.0.1:6379 db:0 | SyncConnection@247515192
01475611470777 Tue Oct 04 17:04:30 BRT 2016 JRedis[tid:1] <GRAVE>: Error creating connection -> Socket connect failed [cause: java.net.ConnectException: Conexão recusada] -- make sure the server is running at localhost:6379
]]></system-err>
  </testcase>
  <testcase name="testTakeFirst[14]" classname="org.springframework.data.redis.support.collections.RedisListTests" time="0.002">
    <error message="Could not get a resource from the pool; nested exception is org.jredis.ClientRuntimeException: null reference:{connection on setConnection()} in method JRedisClient.setConnection() [file: JRedisClient.java line:158 - package: org.jredis.ri.alphazero] cause: =&gt; [IllegalArgumentException: null reference:{connection on setConnection()} in method JRedisClient.setConnection() [file: JRedisClient.java line:158 - package: org.jredis.ri.alphazero]]" type="org.springframework.data.redis.connection.PoolException">org.springframework.data.redis.connection.PoolException: Could not get a resource from the pool; nested exception is org.jredis.ClientRuntimeException: null reference:{connection on setConnection()} in method JRedisClient.setConnection() [file: JRedisClient.java line:158 - package: org.jredis.ri.alphazero] cause: => [IllegalArgumentException: null reference:{connection on setConnection()} in method JRedisClient.setConnection() [file: JRedisClient.java line:158 - package: org.jredis.ri.alphazero]]
Caused by: org.jredis.ClientRuntimeException: null reference:{connection on setConnection()} in method JRedisClient.setConnection() [file: JRedisClient.java line:158 - package: org.jredis.ri.alphazero] cause: => [IllegalArgumentException: null reference:{connection on setConnection()} in method JRedisClient.setConnection() [file: JRedisClient.java line:158 - package: org.jredis.ri.alphazero]]
Caused by: java.lang.IllegalArgumentException: null reference:{connection on setConnection()} in method JRedisClient.setConnection() [file: JRedisClient.java line:158 - package: org.jredis.ri.alphazero]
</error>
  </testcase>
  <testcase name="testContainsObject[14]" classname="org.springframework.data.redis.support.collections.RedisListTests" time="0.001">
    <error message="Could not get a resource from the pool; nested exception is org.jredis.ClientRuntimeException: null reference:{connection on setConnection()} in method JRedisClient.setConnection() [file: JRedisClient.java line:158 - package: org.jredis.ri.alphazero] cause: =&gt; [IllegalArgumentException: null reference:{connection on setConnection()} in method JRedisClient.setConnection() [file: JRedisClient.java line:158 - package: org.jredis.ri.alphazero]]" type="org.springframework.data.redis.connection.PoolException">org.springframework.data.redis.connection.PoolException: Could not get a resource from the pool; nested exception is org.jredis.ClientRuntimeException: null reference:{connection on setConnection()} in method JRedisClient.setConnection() [file: JRedisClient.java line:158 - package: org.jredis.ri.alphazero] cause: => [IllegalArgumentException: null reference:{connection on setConnection()} in method JRedisClient.setConnection() [file: JRedisClient.java line:158 - package: org.jredis.ri.alphazero]]
Caused by: org.jredis.ClientRuntimeException: null reference:{connection on setConnection()} in method JRedisClient.setConnection() [file: JRedisClient.java line:158 - package: org.jredis.ri.alphazero] cause: => [IllegalArgumentException: null reference:{connection on setConnection()} in method JRedisClient.setConnection() [file: JRedisClient.java line:158 - package: org.jredis.ri.alphazero]]
Caused by: java.lang.IllegalArgumentException: null reference:{connection on setConnection()} in method JRedisClient.setConnection() [file: JRedisClient.java line:158 - package: org.jredis.ri.alphazero]
</error>
    <system-err><![CDATA[01475611470778 Tue Oct 04 17:04:30 BRT 2016 JRedis[tid:1] <INFORMAÇÕES>: WARNING: heartbeat is disabled.
01475611470778 Tue Oct 04 17:04:30 BRT 2016 JRedis[tid:1] <ADVERTÊNCIA>: PROBLEM: Shutting down due to connection FAULT: Socket connect failed [cause: java.net.ConnectException: Conexão recusada] -- make sure the server is running at localhost:6379 - Connection: SYNCHRONOUS  localhost/127.0.0.1:6379 db:0 | SyncConnection@1850137076
01475611470778 Tue Oct 04 17:04:30 BRT 2016 JRedis[tid:1] <GRAVE>: Error creating connection -> Socket connect failed [cause: java.net.ConnectException: Conexão recusada] -- make sure the server is running at localhost:6379
01475611470778 Tue Oct 04 17:04:30 BRT 2016 JRedis[tid:1] <INFORMAÇÕES>: WARNING: heartbeat is disabled.
01475611470778 Tue Oct 04 17:04:30 BRT 2016 JRedis[tid:1] <ADVERTÊNCIA>: PROBLEM: Shutting down due to connection FAULT: Socket connect failed [cause: java.net.ConnectException: Conexão recusada] -- make sure the server is running at localhost:6379 - Connection: SYNCHRONOUS  localhost/127.0.0.1:6379 db:0 | SyncConnection@1556520190
01475611470778 Tue Oct 04 17:04:30 BRT 2016 JRedis[tid:1] <GRAVE>: Error creating connection -> Socket connect failed [cause: java.net.ConnectException: Conexão recusada] -- make sure the server is running at localhost:6379
]]></system-err>
  </testcase>
  <testcase name="testContainsObject[14]" classname="org.springframework.data.redis.support.collections.RedisListTests" time="0.001">
    <error message="Could not get a resource from the pool; nested exception is org.jredis.ClientRuntimeException: null reference:{connection on setConnection()} in method JRedisClient.setConnection() [file: JRedisClient.java line:158 - package: org.jredis.ri.alphazero] cause: =&gt; [IllegalArgumentException: null reference:{connection on setConnection()} in method JRedisClient.setConnection() [file: JRedisClient.java line:158 - package: org.jredis.ri.alphazero]]" type="org.springframework.data.redis.connection.PoolException">org.springframework.data.redis.connection.PoolException: Could not get a resource from the pool; nested exception is org.jredis.ClientRuntimeException: null reference:{connection on setConnection()} in method JRedisClient.setConnection() [file: JRedisClient.java line:158 - package: org.jredis.ri.alphazero] cause: => [IllegalArgumentException: null reference:{connection on setConnection()} in method JRedisClient.setConnection() [file: JRedisClient.java line:158 - package: org.jredis.ri.alphazero]]
Caused by: org.jredis.ClientRuntimeException: null reference:{connection on setConnection()} in method JRedisClient.setConnection() [file: JRedisClient.java line:158 - package: org.jredis.ri.alphazero] cause: => [IllegalArgumentException: null reference:{connection on setConnection()} in method JRedisClient.setConnection() [file: JRedisClient.java line:158 - package: org.jredis.ri.alphazero]]
Caused by: java.lang.IllegalArgumentException: null reference:{connection on setConnection()} in method JRedisClient.setConnection() [file: JRedisClient.java line:158 - package: org.jredis.ri.alphazero]
</error>
  </testcase>
  <testcase name="testToArray[14]" classname="org.springframework.data.redis.support.collections.RedisListTests" time="0.001">
    <error message="Could not get a resource from the pool; nested exception is org.jredis.ClientRuntimeException: null reference:{connection on setConnection()} in method JRedisClient.setConnection() [file: JRedisClient.java line:158 - package: org.jredis.ri.alphazero] cause: =&gt; [IllegalArgumentException: null reference:{connection on setConnection()} in method JRedisClient.setConnection() [file: JRedisClient.java line:158 - package: org.jredis.ri.alphazero]]" type="org.springframework.data.redis.connection.PoolException">org.springframework.data.redis.connection.PoolException: Could not get a resource from the pool; nested exception is org.jredis.ClientRuntimeException: null reference:{connection on setConnection()} in method JRedisClient.setConnection() [file: JRedisClient.java line:158 - package: org.jredis.ri.alphazero] cause: => [IllegalArgumentException: null reference:{connection on setConnection()} in method JRedisClient.setConnection() [file: JRedisClient.java line:158 - package: org.jredis.ri.alphazero]]
Caused by: org.jredis.ClientRuntimeException: null reference:{connection on setConnection()} in method JRedisClient.setConnection() [file: JRedisClient.java line:158 - package: org.jredis.ri.alphazero] cause: => [IllegalArgumentException: null reference:{connection on setConnection()} in method JRedisClient.setConnection() [file: JRedisClient.java line:158 - package: org.jredis.ri.alphazero]]
Caused by: java.lang.IllegalArgumentException: null reference:{connection on setConnection()} in method JRedisClient.setConnection() [file: JRedisClient.java line:158 - package: org.jredis.ri.alphazero]
</error>
    <system-err><![CDATA[01475611470779 Tue Oct 04 17:04:30 BRT 2016 JRedis[tid:1] <INFORMAÇÕES>: WARNING: heartbeat is disabled.
01475611470779 Tue Oct 04 17:04:30 BRT 2016 JRedis[tid:1] <ADVERTÊNCIA>: PROBLEM: Shutting down due to connection FAULT: Socket connect failed [cause: java.net.ConnectException: Conexão recusada] -- make sure the server is running at localhost:6379 - Connection: SYNCHRONOUS  localhost/127.0.0.1:6379 db:0 | SyncConnection@701487403
01475611470779 Tue Oct 04 17:04:30 BRT 2016 JRedis[tid:1] <GRAVE>: Error creating connection -> Socket connect failed [cause: java.net.ConnectException: Conexão recusada] -- make sure the server is running at localhost:6379
01475611470779 Tue Oct 04 17:04:30 BRT 2016 JRedis[tid:1] <INFORMAÇÕES>: WARNING: heartbeat is disabled.
01475611470779 Tue Oct 04 17:04:30 BRT 2016 JRedis[tid:1] <ADVERTÊNCIA>: PROBLEM: Shutting down due to connection FAULT: Socket connect failed [cause: java.net.ConnectException: Conexão recusada] -- make sure the server is running at localhost:6379 - Connection: SYNCHRONOUS  localhost/127.0.0.1:6379 db:0 | SyncConnection@566641954
01475611470779 Tue Oct 04 17:04:30 BRT 2016 JRedis[tid:1] <GRAVE>: Error creating connection -> Socket connect failed [cause: java.net.ConnectException: Conexão recusada] -- make sure the server is running at localhost:6379
]]></system-err>
  </testcase>
  <testcase name="testToArray[14]" classname="org.springframework.data.redis.support.collections.RedisListTests" time="0.001">
    <error message="Could not get a resource from the pool; nested exception is org.jredis.ClientRuntimeException: null reference:{connection on setConnection()} in method JRedisClient.setConnection() [file: JRedisClient.java line:158 - package: org.jredis.ri.alphazero] cause: =&gt; [IllegalArgumentException: null reference:{connection on setConnection()} in method JRedisClient.setConnection() [file: JRedisClient.java line:158 - package: org.jredis.ri.alphazero]]" type="org.springframework.data.redis.connection.PoolException">org.springframework.data.redis.connection.PoolException: Could not get a resource from the pool; nested exception is org.jredis.ClientRuntimeException: null reference:{connection on setConnection()} in method JRedisClient.setConnection() [file: JRedisClient.java line:158 - package: org.jredis.ri.alphazero] cause: => [IllegalArgumentException: null reference:{connection on setConnection()} in method JRedisClient.setConnection() [file: JRedisClient.java line:158 - package: org.jredis.ri.alphazero]]
Caused by: org.jredis.ClientRuntimeException: null reference:{connection on setConnection()} in method JRedisClient.setConnection() [file: JRedisClient.java line:158 - package: org.jredis.ri.alphazero] cause: => [IllegalArgumentException: null reference:{connection on setConnection()} in method JRedisClient.setConnection() [file: JRedisClient.java line:158 - package: org.jredis.ri.alphazero]]
Caused by: java.lang.IllegalArgumentException: null reference:{connection on setConnection()} in method JRedisClient.setConnection() [file: JRedisClient.java line:158 - package: org.jredis.ri.alphazero]
</error>
  </testcase>
  <testcase name="testAdd[14]" classname="org.springframework.data.redis.support.collections.RedisListTests" time="0.002">
    <error message="Could not get a resource from the pool; nested exception is org.jredis.ClientRuntimeException: null reference:{connection on setConnection()} in method JRedisClient.setConnection() [file: JRedisClient.java line:158 - package: org.jredis.ri.alphazero] cause: =&gt; [IllegalArgumentException: null reference:{connection on setConnection()} in method JRedisClient.setConnection() [file: JRedisClient.java line:158 - package: org.jredis.ri.alphazero]]" type="org.springframework.data.redis.connection.PoolException">org.springframework.data.redis.connection.PoolException: Could not get a resource from the pool; nested exception is org.jredis.ClientRuntimeException: null reference:{connection on setConnection()} in method JRedisClient.setConnection() [file: JRedisClient.java line:158 - package: org.jredis.ri.alphazero] cause: => [IllegalArgumentException: null reference:{connection on setConnection()} in method JRedisClient.setConnection() [file: JRedisClient.java line:158 - package: org.jredis.ri.alphazero]]
Caused by: org.jredis.ClientRuntimeException: null reference:{connection on setConnection()} in method JRedisClient.setConnection() [file: JRedisClient.java line:158 - package: org.jredis.ri.alphazero] cause: => [IllegalArgumentException: null reference:{connection on setConnection()} in method JRedisClient.setConnection() [file: JRedisClient.java line:158 - package: org.jredis.ri.alphazero]]
Caused by: java.lang.IllegalArgumentException: null reference:{connection on setConnection()} in method JRedisClient.setConnection() [file: JRedisClient.java line:158 - package: org.jredis.ri.alphazero]
</error>
    <system-err><![CDATA[01475611470780 Tue Oct 04 17:04:30 BRT 2016 JRedis[tid:1] <INFORMAÇÕES>: WARNING: heartbeat is disabled.
01475611470780 Tue Oct 04 17:04:30 BRT 2016 JRedis[tid:1] <ADVERTÊNCIA>: PROBLEM: Shutting down due to connection FAULT: Socket connect failed [cause: java.net.ConnectException: Conexão recusada] -- make sure the server is running at localhost:6379 - Connection: SYNCHRONOUS  localhost/127.0.0.1:6379 db:0 | SyncConnection@2039984535
01475611470780 Tue Oct 04 17:04:30 BRT 2016 JRedis[tid:1] <GRAVE>: Error creating connection -> Socket connect failed [cause: java.net.ConnectException: Conexão recusada] -- make sure the server is running at localhost:6379
01475611470780 Tue Oct 04 17:04:30 BRT 2016 JRedis[tid:1] <INFORMAÇÕES>: WARNING: heartbeat is disabled.
01475611470781 Tue Oct 04 17:04:30 BRT 2016 JRedis[tid:1] <ADVERTÊNCIA>: PROBLEM: Shutting down due to connection FAULT: Socket connect failed [cause: java.net.ConnectException: Conexão recusada] -- make sure the server is running at localhost:6379 - Connection: SYNCHRONOUS  localhost/127.0.0.1:6379 db:0 | SyncConnection@299819831
01475611470781 Tue Oct 04 17:04:30 BRT 2016 JRedis[tid:1] <GRAVE>: Error creating connection -> Socket connect failed [cause: java.net.ConnectException: Conexão recusada] -- make sure the server is running at localhost:6379
]]></system-err>
  </testcase>
  <testcase name="testAdd[14]" classname="org.springframework.data.redis.support.collections.RedisListTests" time="0.002">
    <error message="Could not get a resource from the pool; nested exception is org.jredis.ClientRuntimeException: null reference:{connection on setConnection()} in method JRedisClient.setConnection() [file: JRedisClient.java line:158 - package: org.jredis.ri.alphazero] cause: =&gt; [IllegalArgumentException: null reference:{connection on setConnection()} in method JRedisClient.setConnection() [file: JRedisClient.java line:158 - package: org.jredis.ri.alphazero]]" type="org.springframework.data.redis.connection.PoolException">org.springframework.data.redis.connection.PoolException: Could not get a resource from the pool; nested exception is org.jredis.ClientRuntimeException: null reference:{connection on setConnection()} in method JRedisClient.setConnection() [file: JRedisClient.java line:158 - package: org.jredis.ri.alphazero] cause: => [IllegalArgumentException: null reference:{connection on setConnection()} in method JRedisClient.setConnection() [file: JRedisClient.java line:158 - package: org.jredis.ri.alphazero]]
Caused by: org.jredis.ClientRuntimeException: null reference:{connection on setConnection()} in method JRedisClient.setConnection() [file: JRedisClient.java line:158 - package: org.jredis.ri.alphazero] cause: => [IllegalArgumentException: null reference:{connection on setConnection()} in method JRedisClient.setConnection() [file: JRedisClient.java line:158 - package: org.jredis.ri.alphazero]]
Caused by: java.lang.IllegalArgumentException: null reference:{connection on setConnection()} in method JRedisClient.setConnection() [file: JRedisClient.java line:158 - package: org.jredis.ri.alphazero]
</error>
  </testcase>
  <testcase name="testClear[14]" classname="org.springframework.data.redis.support.collections.RedisListTests" time="0.001">
    <error message="Could not get a resource from the pool; nested exception is org.jredis.ClientRuntimeException: null reference:{connection on setConnection()} in method JRedisClient.setConnection() [file: JRedisClient.java line:158 - package: org.jredis.ri.alphazero] cause: =&gt; [IllegalArgumentException: null reference:{connection on setConnection()} in method JRedisClient.setConnection() [file: JRedisClient.java line:158 - package: org.jredis.ri.alphazero]]" type="org.springframework.data.redis.connection.PoolException">org.springframework.data.redis.connection.PoolException: Could not get a resource from the pool; nested exception is org.jredis.ClientRuntimeException: null reference:{connection on setConnection()} in method JRedisClient.setConnection() [file: JRedisClient.java line:158 - package: org.jredis.ri.alphazero] cause: => [IllegalArgumentException: null reference:{connection on setConnection()} in method JRedisClient.setConnection() [file: JRedisClient.java line:158 - package: org.jredis.ri.alphazero]]
Caused by: org.jredis.ClientRuntimeException: null reference:{connection on setConnection()} in method JRedisClient.setConnection() [file: JRedisClient.java line:158 - package: org.jredis.ri.alphazero] cause: => [IllegalArgumentException: null reference:{connection on setConnection()} in method JRedisClient.setConnection() [file: JRedisClient.java line:158 - package: org.jredis.ri.alphazero]]
Caused by: java.lang.IllegalArgumentException: null reference:{connection on setConnection()} in method JRedisClient.setConnection() [file: JRedisClient.java line:158 - package: org.jredis.ri.alphazero]
</error>
    <system-err><![CDATA[01475611470781 Tue Oct 04 17:04:30 BRT 2016 JRedis[tid:1] <INFORMAÇÕES>: WARNING: heartbeat is disabled.
01475611470782 Tue Oct 04 17:04:30 BRT 2016 JRedis[tid:1] <ADVERTÊNCIA>: PROBLEM: Shutting down due to connection FAULT: Socket connect failed [cause: java.net.ConnectException: Conexão recusada] -- make sure the server is running at localhost:6379 - Connection: SYNCHRONOUS  localhost/127.0.0.1:6379 db:0 | SyncConnection@1175418534
01475611470782 Tue Oct 04 17:04:30 BRT 2016 JRedis[tid:1] <GRAVE>: Error creating connection -> Socket connect failed [cause: java.net.ConnectException: Conexão recusada] -- make sure the server is running at localhost:6379
01475611470782 Tue Oct 04 17:04:30 BRT 2016 JRedis[tid:1] <INFORMAÇÕES>: WARNING: heartbeat is disabled.
01475611470782 Tue Oct 04 17:04:30 BRT 2016 JRedis[tid:1] <ADVERTÊNCIA>: PROBLEM: Shutting down due to connection FAULT: Socket connect failed [cause: java.net.ConnectException: Conexão recusada] -- make sure the server is running at localhost:6379 - Connection: SYNCHRONOUS  localhost/127.0.0.1:6379 db:0 | SyncConnection@1442038800
01475611470782 Tue Oct 04 17:04:30 BRT 2016 JRedis[tid:1] <GRAVE>: Error creating connection -> Socket connect failed [cause: java.net.ConnectException: Conexão recusada] -- make sure the server is running at localhost:6379
]]></system-err>
  </testcase>
  <testcase name="testClear[14]" classname="org.springframework.data.redis.support.collections.RedisListTests" time="0.001">
    <error message="Could not get a resource from the pool; nested exception is org.jredis.ClientRuntimeException: null reference:{connection on setConnection()} in method JRedisClient.setConnection() [file: JRedisClient.java line:158 - package: org.jredis.ri.alphazero] cause: =&gt; [IllegalArgumentException: null reference:{connection on setConnection()} in method JRedisClient.setConnection() [file: JRedisClient.java line:158 - package: org.jredis.ri.alphazero]]" type="org.springframework.data.redis.connection.PoolException">org.springframework.data.redis.connection.PoolException: Could not get a resource from the pool; nested exception is org.jredis.ClientRuntimeException: null reference:{connection on setConnection()} in method JRedisClient.setConnection() [file: JRedisClient.java line:158 - package: org.jredis.ri.alphazero] cause: => [IllegalArgumentException: null reference:{connection on setConnection()} in method JRedisClient.setConnection() [file: JRedisClient.java line:158 - package: org.jredis.ri.alphazero]]
Caused by: org.jredis.ClientRuntimeException: null reference:{connection on setConnection()} in method JRedisClient.setConnection() [file: JRedisClient.java line:158 - package: org.jredis.ri.alphazero] cause: => [IllegalArgumentException: null reference:{connection on setConnection()} in method JRedisClient.setConnection() [file: JRedisClient.java line:158 - package: org.jredis.ri.alphazero]]
Caused by: java.lang.IllegalArgumentException: null reference:{connection on setConnection()} in method JRedisClient.setConnection() [file: JRedisClient.java line:158 - package: org.jredis.ri.alphazero]
</error>
  </testcase>
  <testcase name="testSize[14]" classname="org.springframework.data.redis.support.collections.RedisListTests" time="0.002">
    <error message="Could not get a resource from the pool; nested exception is org.jredis.ClientRuntimeException: null reference:{connection on setConnection()} in method JRedisClient.setConnection() [file: JRedisClient.java line:158 - package: org.jredis.ri.alphazero] cause: =&gt; [IllegalArgumentException: null reference:{connection on setConnection()} in method JRedisClient.setConnection() [file: JRedisClient.java line:158 - package: org.jredis.ri.alphazero]]" type="org.springframework.data.redis.connection.PoolException">org.springframework.data.redis.connection.PoolException: Could not get a resource from the pool; nested exception is org.jredis.ClientRuntimeException: null reference:{connection on setConnection()} in method JRedisClient.setConnection() [file: JRedisClient.java line:158 - package: org.jredis.ri.alphazero] cause: => [IllegalArgumentException: null reference:{connection on setConnection()} in method JRedisClient.setConnection() [file: JRedisClient.java line:158 - package: org.jredis.ri.alphazero]]
Caused by: org.jredis.ClientRuntimeException: null reference:{connection on setConnection()} in method JRedisClient.setConnection() [file: JRedisClient.java line:158 - package: org.jredis.ri.alphazero] cause: => [IllegalArgumentException: null reference:{connection on setConnection()} in method JRedisClient.setConnection() [file: JRedisClient.java line:158 - package: org.jredis.ri.alphazero]]
Caused by: java.lang.IllegalArgumentException: null reference:{connection on setConnection()} in method JRedisClient.setConnection() [file: JRedisClient.java line:158 - package: org.jredis.ri.alphazero]
</error>
    <system-err><![CDATA[01475611470782 Tue Oct 04 17:04:30 BRT 2016 JRedis[tid:1] <INFORMAÇÕES>: WARNING: heartbeat is disabled.
01475611470783 Tue Oct 04 17:04:30 BRT 2016 JRedis[tid:1] <ADVERTÊNCIA>: PROBLEM: Shutting down due to connection FAULT: Socket connect failed [cause: java.net.ConnectException: Conexão recusada] -- make sure the server is running at localhost:6379 - Connection: SYNCHRONOUS  localhost/127.0.0.1:6379 db:0 | SyncConnection@296541232
01475611470783 Tue Oct 04 17:04:30 BRT 2016 JRedis[tid:1] <GRAVE>: Error creating connection -> Socket connect failed [cause: java.net.ConnectException: Conexão recusada] -- make sure the server is running at localhost:6379
01475611470783 Tue Oct 04 17:04:30 BRT 2016 JRedis[tid:1] <INFORMAÇÕES>: WARNING: heartbeat is disabled.
01475611470783 Tue Oct 04 17:04:30 BRT 2016 JRedis[tid:1] <ADVERTÊNCIA>: PROBLEM: Shutting down due to connection FAULT: Socket connect failed [cause: java.net.ConnectException: Conexão recusada] -- make sure the server is running at localhost:6379 - Connection: SYNCHRONOUS  localhost/127.0.0.1:6379 db:0 | SyncConnection@1997357673
01475611470783 Tue Oct 04 17:04:30 BRT 2016 JRedis[tid:1] <GRAVE>: Error creating connection -> Socket connect failed [cause: java.net.ConnectException: Conexão recusada] -- make sure the server is running at localhost:6379
]]></system-err>
  </testcase>
  <testcase name="testSize[14]" classname="org.springframework.data.redis.support.collections.RedisListTests" time="0.002">
    <error message="Could not get a resource from the pool; nested exception is org.jredis.ClientRuntimeException: null reference:{connection on setConnection()} in method JRedisClient.setConnection() [file: JRedisClient.java line:158 - package: org.jredis.ri.alphazero] cause: =&gt; [IllegalArgumentException: null reference:{connection on setConnection()} in method JRedisClient.setConnection() [file: JRedisClient.java line:158 - package: org.jredis.ri.alphazero]]" type="org.springframework.data.redis.connection.PoolException">org.springframework.data.redis.connection.PoolException: Could not get a resource from the pool; nested exception is org.jredis.ClientRuntimeException: null reference:{connection on setConnection()} in method JRedisClient.setConnection() [file: JRedisClient.java line:158 - package: org.jredis.ri.alphazero] cause: => [IllegalArgumentException: null reference:{connection on setConnection()} in method JRedisClient.setConnection() [file: JRedisClient.java line:158 - package: org.jredis.ri.alphazero]]
Caused by: org.jredis.ClientRuntimeException: null reference:{connection on setConnection()} in method JRedisClient.setConnection() [file: JRedisClient.java line:158 - package: org.jredis.ri.alphazero] cause: => [IllegalArgumentException: null reference:{connection on setConnection()} in method JRedisClient.setConnection() [file: JRedisClient.java line:158 - package: org.jredis.ri.alphazero]]
Caused by: java.lang.IllegalArgumentException: null reference:{connection on setConnection()} in method JRedisClient.setConnection() [file: JRedisClient.java line:158 - package: org.jredis.ri.alphazero]
</error>
  </testcase>
  <testcase name="testToString[14]" classname="org.springframework.data.redis.support.collections.RedisListTests" time="0">
    <error message="Could not get a resource from the pool; nested exception is org.jredis.ClientRuntimeException: null reference:{connection on setConnection()} in method JRedisClient.setConnection() [file: JRedisClient.java line:158 - package: org.jredis.ri.alphazero] cause: =&gt; [IllegalArgumentException: null reference:{connection on setConnection()} in method JRedisClient.setConnection() [file: JRedisClient.java line:158 - package: org.jredis.ri.alphazero]]" type="org.springframework.data.redis.connection.PoolException">org.springframework.data.redis.connection.PoolException: Could not get a resource from the pool; nested exception is org.jredis.ClientRuntimeException: null reference:{connection on setConnection()} in method JRedisClient.setConnection() [file: JRedisClient.java line:158 - package: org.jredis.ri.alphazero] cause: => [IllegalArgumentException: null reference:{connection on setConnection()} in method JRedisClient.setConnection() [file: JRedisClient.java line:158 - package: org.jredis.ri.alphazero]]
Caused by: org.jredis.ClientRuntimeException: null reference:{connection on setConnection()} in method JRedisClient.setConnection() [file: JRedisClient.java line:158 - package: org.jredis.ri.alphazero] cause: => [IllegalArgumentException: null reference:{connection on setConnection()} in method JRedisClient.setConnection() [file: JRedisClient.java line:158 - package: org.jredis.ri.alphazero]]
Caused by: java.lang.IllegalArgumentException: null reference:{connection on setConnection()} in method JRedisClient.setConnection() [file: JRedisClient.java line:158 - package: org.jredis.ri.alphazero]
</error>
    <system-err><![CDATA[01475611470784 Tue Oct 04 17:04:30 BRT 2016 JRedis[tid:1] <INFORMAÇÕES>: WARNING: heartbeat is disabled.
01475611470784 Tue Oct 04 17:04:30 BRT 2016 JRedis[tid:1] <ADVERTÊNCIA>: PROBLEM: Shutting down due to connection FAULT: Socket connect failed [cause: java.net.ConnectException: Conexão recusada] -- make sure the server is running at localhost:6379 - Connection: SYNCHRONOUS  localhost/127.0.0.1:6379 db:0 | SyncConnection@1250603112
01475611470784 Tue Oct 04 17:04:30 BRT 2016 JRedis[tid:1] <GRAVE>: Error creating connection -> Socket connect failed [cause: java.net.ConnectException: Conexão recusada] -- make sure the server is running at localhost:6379
01475611470784 Tue Oct 04 17:04:30 BRT 2016 JRedis[tid:1] <INFORMAÇÕES>: WARNING: heartbeat is disabled.
01475611470784 Tue Oct 04 17:04:30 BRT 2016 JRedis[tid:1] <ADVERTÊNCIA>: PROBLEM: Shutting down due to connection FAULT: Socket connect failed [cause: java.net.ConnectException: Conexão recusada] -- make sure the server is running at localhost:6379 - Connection: SYNCHRONOUS  localhost/127.0.0.1:6379 db:0 | SyncConnection@26357357
01475611470784 Tue Oct 04 17:04:30 BRT 2016 JRedis[tid:1] <GRAVE>: Error creating connection -> Socket connect failed [cause: java.net.ConnectException: Conexão recusada] -- make sure the server is running at localhost:6379
]]></system-err>
  </testcase>
  <testcase name="testToString[14]" classname="org.springframework.data.redis.support.collections.RedisListTests" time="0">
    <error message="Could not get a resource from the pool; nested exception is org.jredis.ClientRuntimeException: null reference:{connection on setConnection()} in method JRedisClient.setConnection() [file: JRedisClient.java line:158 - package: org.jredis.ri.alphazero] cause: =&gt; [IllegalArgumentException: null reference:{connection on setConnection()} in method JRedisClient.setConnection() [file: JRedisClient.java line:158 - package: org.jredis.ri.alphazero]]" type="org.springframework.data.redis.connection.PoolException">org.springframework.data.redis.connection.PoolException: Could not get a resource from the pool; nested exception is org.jredis.ClientRuntimeException: null reference:{connection on setConnection()} in method JRedisClient.setConnection() [file: JRedisClient.java line:158 - package: org.jredis.ri.alphazero] cause: => [IllegalArgumentException: null reference:{connection on setConnection()} in method JRedisClient.setConnection() [file: JRedisClient.java line:158 - package: org.jredis.ri.alphazero]]
Caused by: org.jredis.ClientRuntimeException: null reference:{connection on setConnection()} in method JRedisClient.setConnection() [file: JRedisClient.java line:158 - package: org.jredis.ri.alphazero] cause: => [IllegalArgumentException: null reference:{connection on setConnection()} in method JRedisClient.setConnection() [file: JRedisClient.java line:158 - package: org.jredis.ri.alphazero]]
Caused by: java.lang.IllegalArgumentException: null reference:{connection on setConnection()} in method JRedisClient.setConnection() [file: JRedisClient.java line:158 - package: org.jredis.ri.alphazero]
</error>
  </testcase>
  <testcase name="testContainsAll[14]" classname="org.springframework.data.redis.support.collections.RedisListTests" time="0.002">
    <error message="Could not get a resource from the pool; nested exception is org.jredis.ClientRuntimeException: null reference:{connection on setConnection()} in method JRedisClient.setConnection() [file: JRedisClient.java line:158 - package: org.jredis.ri.alphazero] cause: =&gt; [IllegalArgumentException: null reference:{connection on setConnection()} in method JRedisClient.setConnection() [file: JRedisClient.java line:158 - package: org.jredis.ri.alphazero]]" type="org.springframework.data.redis.connection.PoolException">org.springframework.data.redis.connection.PoolException: Could not get a resource from the pool; nested exception is org.jredis.ClientRuntimeException: null reference:{connection on setConnection()} in method JRedisClient.setConnection() [file: JRedisClient.java line:158 - package: org.jredis.ri.alphazero] cause: => [IllegalArgumentException: null reference:{connection on setConnection()} in method JRedisClient.setConnection() [file: JRedisClient.java line:158 - package: org.jredis.ri.alphazero]]
Caused by: org.jredis.ClientRuntimeException: null reference:{connection on setConnection()} in method JRedisClient.setConnection() [file: JRedisClient.java line:158 - package: org.jredis.ri.alphazero] cause: => [IllegalArgumentException: null reference:{connection on setConnection()} in method JRedisClient.setConnection() [file: JRedisClient.java line:158 - package: org.jredis.ri.alphazero]]
Caused by: java.lang.IllegalArgumentException: null reference:{connection on setConnection()} in method JRedisClient.setConnection() [file: JRedisClient.java line:158 - package: org.jredis.ri.alphazero]
</error>
    <system-err><![CDATA[01475611470785 Tue Oct 04 17:04:30 BRT 2016 JRedis[tid:1] <INFORMAÇÕES>: WARNING: heartbeat is disabled.
01475611470785 Tue Oct 04 17:04:30 BRT 2016 JRedis[tid:1] <ADVERTÊNCIA>: PROBLEM: Shutting down due to connection FAULT: Socket connect failed [cause: java.net.ConnectException: Conexão recusada] -- make sure the server is running at localhost:6379 - Connection: SYNCHRONOUS  localhost/127.0.0.1:6379 db:0 | SyncConnection@1990733619
01475611470785 Tue Oct 04 17:04:30 BRT 2016 JRedis[tid:1] <GRAVE>: Error creating connection -> Socket connect failed [cause: java.net.ConnectException: Conexão recusada] -- make sure the server is running at localhost:6379
01475611470785 Tue Oct 04 17:04:30 BRT 2016 JRedis[tid:1] <INFORMAÇÕES>: WARNING: heartbeat is disabled.
01475611470785 Tue Oct 04 17:04:30 BRT 2016 JRedis[tid:1] <ADVERTÊNCIA>: PROBLEM: Shutting down due to connection FAULT: Socket connect failed [cause: java.net.ConnectException: Conexão recusada] -- make sure the server is running at localhost:6379 - Connection: SYNCHRONOUS  localhost/127.0.0.1:6379 db:0 | SyncConnection@1806378373
01475611470785 Tue Oct 04 17:04:30 BRT 2016 JRedis[tid:1] <GRAVE>: Error creating connection -> Socket connect failed [cause: java.net.ConnectException: Conexão recusada] -- make sure the server is running at localhost:6379
]]></system-err>
  </testcase>
  <testcase name="testContainsAll[14]" classname="org.springframework.data.redis.support.collections.RedisListTests" time="0.002">
    <error message="Could not get a resource from the pool; nested exception is org.jredis.ClientRuntimeException: null reference:{connection on setConnection()} in method JRedisClient.setConnection() [file: JRedisClient.java line:158 - package: org.jredis.ri.alphazero] cause: =&gt; [IllegalArgumentException: null reference:{connection on setConnection()} in method JRedisClient.setConnection() [file: JRedisClient.java line:158 - package: org.jredis.ri.alphazero]]" type="org.springframework.data.redis.connection.PoolException">org.springframework.data.redis.connection.PoolException: Could not get a resource from the pool; nested exception is org.jredis.ClientRuntimeException: null reference:{connection on setConnection()} in method JRedisClient.setConnection() [file: JRedisClient.java line:158 - package: org.jredis.ri.alphazero] cause: => [IllegalArgumentException: null reference:{connection on setConnection()} in method JRedisClient.setConnection() [file: JRedisClient.java line:158 - package: org.jredis.ri.alphazero]]
Caused by: org.jredis.ClientRuntimeException: null reference:{connection on setConnection()} in method JRedisClient.setConnection() [file: JRedisClient.java line:158 - package: org.jredis.ri.alphazero] cause: => [IllegalArgumentException: null reference:{connection on setConnection()} in method JRedisClient.setConnection() [file: JRedisClient.java line:158 - package: org.jredis.ri.alphazero]]
Caused by: java.lang.IllegalArgumentException: null reference:{connection on setConnection()} in method JRedisClient.setConnection() [file: JRedisClient.java line:158 - package: org.jredis.ri.alphazero]
</error>
  </testcase>
  <testcase name="testRemoveObject[14]" classname="org.springframework.data.redis.support.collections.RedisListTests" time="0.001">
    <error message="Could not get a resource from the pool; nested exception is org.jredis.ClientRuntimeException: null reference:{connection on setConnection()} in method JRedisClient.setConnection() [file: JRedisClient.java line:158 - package: org.jredis.ri.alphazero] cause: =&gt; [IllegalArgumentException: null reference:{connection on setConnection()} in method JRedisClient.setConnection() [file: JRedisClient.java line:158 - package: org.jredis.ri.alphazero]]" type="org.springframework.data.redis.connection.PoolException">org.springframework.data.redis.connection.PoolException: Could not get a resource from the pool; nested exception is org.jredis.ClientRuntimeException: null reference:{connection on setConnection()} in method JRedisClient.setConnection() [file: JRedisClient.java line:158 - package: org.jredis.ri.alphazero] cause: => [IllegalArgumentException: null reference:{connection on setConnection()} in method JRedisClient.setConnection() [file: JRedisClient.java line:158 - package: org.jredis.ri.alphazero]]
Caused by: org.jredis.ClientRuntimeException: null reference:{connection on setConnection()} in method JRedisClient.setConnection() [file: JRedisClient.java line:158 - package: org.jredis.ri.alphazero] cause: => [IllegalArgumentException: null reference:{connection on setConnection()} in method JRedisClient.setConnection() [file: JRedisClient.java line:158 - package: org.jredis.ri.alphazero]]
Caused by: java.lang.IllegalArgumentException: null reference:{connection on setConnection()} in method JRedisClient.setConnection() [file: JRedisClient.java line:158 - package: org.jredis.ri.alphazero]
</error>
    <system-err><![CDATA[01475611470786 Tue Oct 04 17:04:30 BRT 2016 JRedis[tid:1] <INFORMAÇÕES>: WARNING: heartbeat is disabled.
01475611470786 Tue Oct 04 17:04:30 BRT 2016 JRedis[tid:1] <ADVERTÊNCIA>: PROBLEM: Shutting down due to connection FAULT: Socket connect failed [cause: java.net.ConnectException: Conexão recusada] -- make sure the server is running at localhost:6379 - Connection: SYNCHRONOUS  localhost/127.0.0.1:6379 db:0 | SyncConnection@1958592872
01475611470786 Tue Oct 04 17:04:30 BRT 2016 JRedis[tid:1] <GRAVE>: Error creating connection -> Socket connect failed [cause: java.net.ConnectException: Conexão recusada] -- make sure the server is running at localhost:6379
01475611470786 Tue Oct 04 17:04:30 BRT 2016 JRedis[tid:1] <INFORMAÇÕES>: WARNING: heartbeat is disabled.
01475611470786 Tue Oct 04 17:04:30 BRT 2016 JRedis[tid:1] <ADVERTÊNCIA>: PROBLEM: Shutting down due to connection FAULT: Socket connect failed [cause: java.net.ConnectException: Conexão recusada] -- make sure the server is running at localhost:6379 - Connection: SYNCHRONOUS  localhost/127.0.0.1:6379 db:0 | SyncConnection@1682733268
01475611470786 Tue Oct 04 17:04:30 BRT 2016 JRedis[tid:1] <GRAVE>: Error creating connection -> Socket connect failed [cause: java.net.ConnectException: Conexão recusada] -- make sure the server is running at localhost:6379
]]></system-err>
  </testcase>
  <testcase name="testRemoveObject[14]" classname="org.springframework.data.redis.support.collections.RedisListTests" time="0.001">
    <error message="Could not get a resource from the pool; nested exception is org.jredis.ClientRuntimeException: null reference:{connection on setConnection()} in method JRedisClient.setConnection() [file: JRedisClient.java line:158 - package: org.jredis.ri.alphazero] cause: =&gt; [IllegalArgumentException: null reference:{connection on setConnection()} in method JRedisClient.setConnection() [file: JRedisClient.java line:158 - package: org.jredis.ri.alphazero]]" type="org.springframework.data.redis.connection.PoolException">org.springframework.data.redis.connection.PoolException: Could not get a resource from the pool; nested exception is org.jredis.ClientRuntimeException: null reference:{connection on setConnection()} in method JRedisClient.setConnection() [file: JRedisClient.java line:158 - package: org.jredis.ri.alphazero] cause: => [IllegalArgumentException: null reference:{connection on setConnection()} in method JRedisClient.setConnection() [file: JRedisClient.java line:158 - package: org.jredis.ri.alphazero]]
Caused by: org.jredis.ClientRuntimeException: null reference:{connection on setConnection()} in method JRedisClient.setConnection() [file: JRedisClient.java line:158 - package: org.jredis.ri.alphazero] cause: => [IllegalArgumentException: null reference:{connection on setConnection()} in method JRedisClient.setConnection() [file: JRedisClient.java line:158 - package: org.jredis.ri.alphazero]]
Caused by: java.lang.IllegalArgumentException: null reference:{connection on setConnection()} in method JRedisClient.setConnection() [file: JRedisClient.java line:158 - package: org.jredis.ri.alphazero]
</error>
  </testcase>
  <testcase name="testHashCode[14]" classname="org.springframework.data.redis.support.collections.RedisListTests" time="0.002">
    <error message="Could not get a resource from the pool; nested exception is org.jredis.ClientRuntimeException: null reference:{connection on setConnection()} in method JRedisClient.setConnection() [file: JRedisClient.java line:158 - package: org.jredis.ri.alphazero] cause: =&gt; [IllegalArgumentException: null reference:{connection on setConnection()} in method JRedisClient.setConnection() [file: JRedisClient.java line:158 - package: org.jredis.ri.alphazero]]" type="org.springframework.data.redis.connection.PoolException">org.springframework.data.redis.connection.PoolException: Could not get a resource from the pool; nested exception is org.jredis.ClientRuntimeException: null reference:{connection on setConnection()} in method JRedisClient.setConnection() [file: JRedisClient.java line:158 - package: org.jredis.ri.alphazero] cause: => [IllegalArgumentException: null reference:{connection on setConnection()} in method JRedisClient.setConnection() [file: JRedisClient.java line:158 - package: org.jredis.ri.alphazero]]
Caused by: org.jredis.ClientRuntimeException: null reference:{connection on setConnection()} in method JRedisClient.setConnection() [file: JRedisClient.java line:158 - package: org.jredis.ri.alphazero] cause: => [IllegalArgumentException: null reference:{connection on setConnection()} in method JRedisClient.setConnection() [file: JRedisClient.java line:158 - package: org.jredis.ri.alphazero]]
Caused by: java.lang.IllegalArgumentException: null reference:{connection on setConnection()} in method JRedisClient.setConnection() [file: JRedisClient.java line:158 - package: org.jredis.ri.alphazero]
</error>
    <system-err><![CDATA[01475611470787 Tue Oct 04 17:04:30 BRT 2016 JRedis[tid:1] <INFORMAÇÕES>: WARNING: heartbeat is disabled.
01475611470787 Tue Oct 04 17:04:30 BRT 2016 JRedis[tid:1] <ADVERTÊNCIA>: PROBLEM: Shutting down due to connection FAULT: Socket connect failed [cause: java.net.ConnectException: Conexão recusada] -- make sure the server is running at localhost:6379 - Connection: SYNCHRONOUS  localhost/127.0.0.1:6379 db:0 | SyncConnection@1395262169
01475611470787 Tue Oct 04 17:04:30 BRT 2016 JRedis[tid:1] <GRAVE>: Error creating connection -> Socket connect failed [cause: java.net.ConnectException: Conexão recusada] -- make sure the server is running at localhost:6379
]]></system-err>
  </testcase>
  <testcase name="testAddAll[14]" classname="org.springframework.data.redis.support.collections.RedisListTests" time="0">
    <error message="Could not get a resource from the pool; nested exception is org.jredis.ClientRuntimeException: null reference:{connection on setConnection()} in method JRedisClient.setConnection() [file: JRedisClient.java line:158 - package: org.jredis.ri.alphazero] cause: =&gt; [IllegalArgumentException: null reference:{connection on setConnection()} in method JRedisClient.setConnection() [file: JRedisClient.java line:158 - package: org.jredis.ri.alphazero]]" type="org.springframework.data.redis.connection.PoolException">org.springframework.data.redis.connection.PoolException: Could not get a resource from the pool; nested exception is org.jredis.ClientRuntimeException: null reference:{connection on setConnection()} in method JRedisClient.setConnection() [file: JRedisClient.java line:158 - package: org.jredis.ri.alphazero] cause: => [IllegalArgumentException: null reference:{connection on setConnection()} in method JRedisClient.setConnection() [file: JRedisClient.java line:158 - package: org.jredis.ri.alphazero]]
Caused by: org.jredis.ClientRuntimeException: null reference:{connection on setConnection()} in method JRedisClient.setConnection() [file: JRedisClient.java line:158 - package: org.jredis.ri.alphazero] cause: => [IllegalArgumentException: null reference:{connection on setConnection()} in method JRedisClient.setConnection() [file: JRedisClient.java line:158 - package: org.jredis.ri.alphazero]]
Caused by: java.lang.IllegalArgumentException: null reference:{connection on setConnection()} in method JRedisClient.setConnection() [file: JRedisClient.java line:158 - package: org.jredis.ri.alphazero]
</error>
    <system-err><![CDATA[01475611470788 Tue Oct 04 17:04:30 BRT 2016 JRedis[tid:1] <INFORMAÇÕES>: WARNING: heartbeat is disabled.
01475611470788 Tue Oct 04 17:04:30 BRT 2016 JRedis[tid:1] <ADVERTÊNCIA>: PROBLEM: Shutting down due to connection FAULT: Socket connect failed [cause: java.net.ConnectException: Conexão recusada] -- make sure the server is running at localhost:6379 - Connection: SYNCHRONOUS  localhost/127.0.0.1:6379 db:0 | SyncConnection@1629454900
01475611470788 Tue Oct 04 17:04:30 BRT 2016 JRedis[tid:1] <GRAVE>: Error creating connection -> Socket connect failed [cause: java.net.ConnectException: Conexão recusada] -- make sure the server is running at localhost:6379
01475611470788 Tue Oct 04 17:04:30 BRT 2016 JRedis[tid:1] <INFORMAÇÕES>: WARNING: heartbeat is disabled.
01475611470788 Tue Oct 04 17:04:30 BRT 2016 JRedis[tid:1] <ADVERTÊNCIA>: PROBLEM: Shutting down due to connection FAULT: Socket connect failed [cause: java.net.ConnectException: Conexão recusada] -- make sure the server is running at localhost:6379 - Connection: SYNCHRONOUS  localhost/127.0.0.1:6379 db:0 | SyncConnection@2075372030
01475611470788 Tue Oct 04 17:04:30 BRT 2016 JRedis[tid:1] <GRAVE>: Error creating connection -> Socket connect failed [cause: java.net.ConnectException: Conexão recusada] -- make sure the server is running at localhost:6379
]]></system-err>
  </testcase>
  <testcase name="testAddAll[14]" classname="org.springframework.data.redis.support.collections.RedisListTests" time="0">
    <error message="Could not get a resource from the pool; nested exception is org.jredis.ClientRuntimeException: null reference:{connection on setConnection()} in method JRedisClient.setConnection() [file: JRedisClient.java line:158 - package: org.jredis.ri.alphazero] cause: =&gt; [IllegalArgumentException: null reference:{connection on setConnection()} in method JRedisClient.setConnection() [file: JRedisClient.java line:158 - package: org.jredis.ri.alphazero]]" type="org.springframework.data.redis.connection.PoolException">org.springframework.data.redis.connection.PoolException: Could not get a resource from the pool; nested exception is org.jredis.ClientRuntimeException: null reference:{connection on setConnection()} in method JRedisClient.setConnection() [file: JRedisClient.java line:158 - package: org.jredis.ri.alphazero] cause: => [IllegalArgumentException: null reference:{connection on setConnection()} in method JRedisClient.setConnection() [file: JRedisClient.java line:158 - package: org.jredis.ri.alphazero]]
Caused by: org.jredis.ClientRuntimeException: null reference:{connection on setConnection()} in method JRedisClient.setConnection() [file: JRedisClient.java line:158 - package: org.jredis.ri.alphazero] cause: => [IllegalArgumentException: null reference:{connection on setConnection()} in method JRedisClient.setConnection() [file: JRedisClient.java line:158 - package: org.jredis.ri.alphazero]]
Caused by: java.lang.IllegalArgumentException: null reference:{connection on setConnection()} in method JRedisClient.setConnection() [file: JRedisClient.java line:158 - package: org.jredis.ri.alphazero]
</error>
  </testcase>
  <testcase name="removeAll[14]" classname="org.springframework.data.redis.support.collections.RedisListTests" time="0.001">
    <error message="Could not get a resource from the pool; nested exception is org.jredis.ClientRuntimeException: null reference:{connection on setConnection()} in method JRedisClient.setConnection() [file: JRedisClient.java line:158 - package: org.jredis.ri.alphazero] cause: =&gt; [IllegalArgumentException: null reference:{connection on setConnection()} in method JRedisClient.setConnection() [file: JRedisClient.java line:158 - package: org.jredis.ri.alphazero]]" type="org.springframework.data.redis.connection.PoolException">org.springframework.data.redis.connection.PoolException: Could not get a resource from the pool; nested exception is org.jredis.ClientRuntimeException: null reference:{connection on setConnection()} in method JRedisClient.setConnection() [file: JRedisClient.java line:158 - package: org.jredis.ri.alphazero] cause: => [IllegalArgumentException: null reference:{connection on setConnection()} in method JRedisClient.setConnection() [file: JRedisClient.java line:158 - package: org.jredis.ri.alphazero]]
Caused by: org.jredis.ClientRuntimeException: null reference:{connection on setConnection()} in method JRedisClient.setConnection() [file: JRedisClient.java line:158 - package: org.jredis.ri.alphazero] cause: => [IllegalArgumentException: null reference:{connection on setConnection()} in method JRedisClient.setConnection() [file: JRedisClient.java line:158 - package: org.jredis.ri.alphazero]]
Caused by: java.lang.IllegalArgumentException: null reference:{connection on setConnection()} in method JRedisClient.setConnection() [file: JRedisClient.java line:158 - package: org.jredis.ri.alphazero]
</error>
    <system-err><![CDATA[01475611470789 Tue Oct 04 17:04:30 BRT 2016 JRedis[tid:1] <INFORMAÇÕES>: WARNING: heartbeat is disabled.
01475611470789 Tue Oct 04 17:04:30 BRT 2016 JRedis[tid:1] <ADVERTÊNCIA>: PROBLEM: Shutting down due to connection FAULT: Socket connect failed [cause: java.net.ConnectException: Conexão recusada] -- make sure the server is running at localhost:6379 - Connection: SYNCHRONOUS  localhost/127.0.0.1:6379 db:0 | SyncConnection@2092885124
01475611470789 Tue Oct 04 17:04:30 BRT 2016 JRedis[tid:1] <GRAVE>: Error creating connection -> Socket connect failed [cause: java.net.ConnectException: Conexão recusada] -- make sure the server is running at localhost:6379
01475611470789 Tue Oct 04 17:04:30 BRT 2016 JRedis[tid:1] <INFORMAÇÕES>: WARNING: heartbeat is disabled.
01475611470790 Tue Oct 04 17:04:30 BRT 2016 JRedis[tid:1] <ADVERTÊNCIA>: PROBLEM: Shutting down due to connection FAULT: Socket connect failed [cause: java.net.ConnectException: Conexão recusada] -- make sure the server is running at localhost:6379 - Connection: SYNCHRONOUS  localhost/127.0.0.1:6379 db:0 | SyncConnection@2139168000
01475611470790 Tue Oct 04 17:04:30 BRT 2016 JRedis[tid:1] <GRAVE>: Error creating connection -> Socket connect failed [cause: java.net.ConnectException: Conexão recusada] -- make sure the server is running at localhost:6379
]]></system-err>
  </testcase>
  <testcase name="removeAll[14]" classname="org.springframework.data.redis.support.collections.RedisListTests" time="0.001">
    <error message="Could not get a resource from the pool; nested exception is org.jredis.ClientRuntimeException: null reference:{connection on setConnection()} in method JRedisClient.setConnection() [file: JRedisClient.java line:158 - package: org.jredis.ri.alphazero] cause: =&gt; [IllegalArgumentException: null reference:{connection on setConnection()} in method JRedisClient.setConnection() [file: JRedisClient.java line:158 - package: org.jredis.ri.alphazero]]" type="org.springframework.data.redis.connection.PoolException">org.springframework.data.redis.connection.PoolException: Could not get a resource from the pool; nested exception is org.jredis.ClientRuntimeException: null reference:{connection on setConnection()} in method JRedisClient.setConnection() [file: JRedisClient.java line:158 - package: org.jredis.ri.alphazero] cause: => [IllegalArgumentException: null reference:{connection on setConnection()} in method JRedisClient.setConnection() [file: JRedisClient.java line:158 - package: org.jredis.ri.alphazero]]
Caused by: org.jredis.ClientRuntimeException: null reference:{connection on setConnection()} in method JRedisClient.setConnection() [file: JRedisClient.java line:158 - package: org.jredis.ri.alphazero] cause: => [IllegalArgumentException: null reference:{connection on setConnection()} in method JRedisClient.setConnection() [file: JRedisClient.java line:158 - package: org.jredis.ri.alphazero]]
Caused by: java.lang.IllegalArgumentException: null reference:{connection on setConnection()} in method JRedisClient.setConnection() [file: JRedisClient.java line:158 - package: org.jredis.ri.alphazero]
</error>
  </testcase>
  <testcase name="testEquals[14]" classname="org.springframework.data.redis.support.collections.RedisListTests" time="0.021">
    <error message="Could not get a resource from the pool; nested exception is org.jredis.ClientRuntimeException: null reference:{connection on setConnection()} in method JRedisClient.setConnection() [file: JRedisClient.java line:158 - package: org.jredis.ri.alphazero] cause: =&gt; [IllegalArgumentException: null reference:{connection on setConnection()} in method JRedisClient.setConnection() [file: JRedisClient.java line:158 - package: org.jredis.ri.alphazero]]" type="org.springframework.data.redis.connection.PoolException">org.springframework.data.redis.connection.PoolException: Could not get a resource from the pool; nested exception is org.jredis.ClientRuntimeException: null reference:{connection on setConnection()} in method JRedisClient.setConnection() [file: JRedisClient.java line:158 - package: org.jredis.ri.alphazero] cause: => [IllegalArgumentException: null reference:{connection on setConnection()} in method JRedisClient.setConnection() [file: JRedisClient.java line:158 - package: org.jredis.ri.alphazero]]
Caused by: org.jredis.ClientRuntimeException: null reference:{connection on setConnection()} in method JRedisClient.setConnection() [file: JRedisClient.java line:158 - package: org.jredis.ri.alphazero] cause: => [IllegalArgumentException: null reference:{connection on setConnection()} in method JRedisClient.setConnection() [file: JRedisClient.java line:158 - package: org.jredis.ri.alphazero]]
Caused by: java.lang.IllegalArgumentException: null reference:{connection on setConnection()} in method JRedisClient.setConnection() [file: JRedisClient.java line:158 - package: org.jredis.ri.alphazero]
</error>
    <system-err><![CDATA[01475611470790 Tue Oct 04 17:04:30 BRT 2016 JRedis[tid:1] <INFORMAÇÕES>: WARNING: heartbeat is disabled.
01475611470790 Tue Oct 04 17:04:30 BRT 2016 JRedis[tid:1] <ADVERTÊNCIA>: PROBLEM: Shutting down due to connection FAULT: Socket connect failed [cause: java.net.ConnectException: Conexão recusada] -- make sure the server is running at localhost:6379 - Connection: SYNCHRONOUS  localhost/127.0.0.1:6379 db:0 | SyncConnection@1653751526
01475611470790 Tue Oct 04 17:04:30 BRT 2016 JRedis[tid:1] <GRAVE>: Error creating connection -> Socket connect failed [cause: java.net.ConnectException: Conexão recusada] -- make sure the server is running at localhost:6379
]]></system-err>
  </testcase>
  <testcase name="testGetKey[14]" classname="org.springframework.data.redis.support.collections.RedisListTests" time="0">
    <error message="Could not get a resource from the pool; nested exception is org.jredis.ClientRuntimeException: null reference:{connection on setConnection()} in method JRedisClient.setConnection() [file: JRedisClient.java line:158 - package: org.jredis.ri.alphazero] cause: =&gt; [IllegalArgumentException: null reference:{connection on setConnection()} in method JRedisClient.setConnection() [file: JRedisClient.java line:158 - package: org.jredis.ri.alphazero]]" type="org.springframework.data.redis.connection.PoolException">org.springframework.data.redis.connection.PoolException: Could not get a resource from the pool; nested exception is org.jredis.ClientRuntimeException: null reference:{connection on setConnection()} in method JRedisClient.setConnection() [file: JRedisClient.java line:158 - package: org.jredis.ri.alphazero] cause: => [IllegalArgumentException: null reference:{connection on setConnection()} in method JRedisClient.setConnection() [file: JRedisClient.java line:158 - package: org.jredis.ri.alphazero]]
Caused by: org.jredis.ClientRuntimeException: null reference:{connection on setConnection()} in method JRedisClient.setConnection() [file: JRedisClient.java line:158 - package: org.jredis.ri.alphazero] cause: => [IllegalArgumentException: null reference:{connection on setConnection()} in method JRedisClient.setConnection() [file: JRedisClient.java line:158 - package: org.jredis.ri.alphazero]]
Caused by: java.lang.IllegalArgumentException: null reference:{connection on setConnection()} in method JRedisClient.setConnection() [file: JRedisClient.java line:158 - package: org.jredis.ri.alphazero]
</error>
    <system-err><![CDATA[01475611470791 Tue Oct 04 17:04:30 BRT 2016 JRedis[tid:1] <INFORMAÇÕES>: WARNING: heartbeat is disabled.
01475611470791 Tue Oct 04 17:04:30 BRT 2016 JRedis[tid:1] <ADVERTÊNCIA>: PROBLEM: Shutting down due to connection FAULT: Socket connect failed [cause: java.net.ConnectException: Conexão recusada] -- make sure the server is running at localhost:6379 - Connection: SYNCHRONOUS  localhost/127.0.0.1:6379 db:0 | SyncConnection@67671827
01475611470791 Tue Oct 04 17:04:30 BRT 2016 JRedis[tid:1] <GRAVE>: Error creating connection -> Socket connect failed [cause: java.net.ConnectException: Conexão recusada] -- make sure the server is running at localhost:6379
]]></system-err>
  </testcase>
  <testcase name="testToArrayWithGenerics[14]" classname="org.springframework.data.redis.support.collections.RedisListTests" time="0">
    <error message="Could not get a resource from the pool; nested exception is org.jredis.ClientRuntimeException: null reference:{connection on setConnection()} in method JRedisClient.setConnection() [file: JRedisClient.java line:158 - package: org.jredis.ri.alphazero] cause: =&gt; [IllegalArgumentException: null reference:{connection on setConnection()} in method JRedisClient.setConnection() [file: JRedisClient.java line:158 - package: org.jredis.ri.alphazero]]" type="org.springframework.data.redis.connection.PoolException">org.springframework.data.redis.connection.PoolException: Could not get a resource from the pool; nested exception is org.jredis.ClientRuntimeException: null reference:{connection on setConnection()} in method JRedisClient.setConnection() [file: JRedisClient.java line:158 - package: org.jredis.ri.alphazero] cause: => [IllegalArgumentException: null reference:{connection on setConnection()} in method JRedisClient.setConnection() [file: JRedisClient.java line:158 - package: org.jredis.ri.alphazero]]
Caused by: org.jredis.ClientRuntimeException: null reference:{connection on setConnection()} in method JRedisClient.setConnection() [file: JRedisClient.java line:158 - package: org.jredis.ri.alphazero] cause: => [IllegalArgumentException: null reference:{connection on setConnection()} in method JRedisClient.setConnection() [file: JRedisClient.java line:158 - package: org.jredis.ri.alphazero]]
Caused by: java.lang.IllegalArgumentException: null reference:{connection on setConnection()} in method JRedisClient.setConnection() [file: JRedisClient.java line:158 - package: org.jredis.ri.alphazero]
</error>
    <system-err><![CDATA[01475611470791 Tue Oct 04 17:04:30 BRT 2016 JRedis[tid:1] <INFORMAÇÕES>: WARNING: heartbeat is disabled.
01475611470791 Tue Oct 04 17:04:30 BRT 2016 JRedis[tid:1] <ADVERTÊNCIA>: PROBLEM: Shutting down due to connection FAULT: Socket connect failed [cause: java.net.ConnectException: Conexão recusada] -- make sure the server is running at localhost:6379 - Connection: SYNCHRONOUS  localhost/127.0.0.1:6379 db:0 | SyncConnection@253348306
01475611470791 Tue Oct 04 17:04:30 BRT 2016 JRedis[tid:1] <GRAVE>: Error creating connection -> Socket connect failed [cause: java.net.ConnectException: Conexão recusada] -- make sure the server is running at localhost:6379
01475611470792 Tue Oct 04 17:04:30 BRT 2016 JRedis[tid:1] <INFORMAÇÕES>: WARNING: heartbeat is disabled.
01475611470792 Tue Oct 04 17:04:30 BRT 2016 JRedis[tid:1] <ADVERTÊNCIA>: PROBLEM: Shutting down due to connection FAULT: Socket connect failed [cause: java.net.ConnectException: Conexão recusada] -- make sure the server is running at localhost:6379 - Connection: SYNCHRONOUS  localhost/127.0.0.1:6379 db:0 | SyncConnection@2013768748
01475611470792 Tue Oct 04 17:04:30 BRT 2016 JRedis[tid:1] <GRAVE>: Error creating connection -> Socket connect failed [cause: java.net.ConnectException: Conexão recusada] -- make sure the server is running at localhost:6379
]]></system-err>
  </testcase>
  <testcase name="testToArrayWithGenerics[14]" classname="org.springframework.data.redis.support.collections.RedisListTests" time="0">
    <error message="Could not get a resource from the pool; nested exception is org.jredis.ClientRuntimeException: null reference:{connection on setConnection()} in method JRedisClient.setConnection() [file: JRedisClient.java line:158 - package: org.jredis.ri.alphazero] cause: =&gt; [IllegalArgumentException: null reference:{connection on setConnection()} in method JRedisClient.setConnection() [file: JRedisClient.java line:158 - package: org.jredis.ri.alphazero]]" type="org.springframework.data.redis.connection.PoolException">org.springframework.data.redis.connection.PoolException: Could not get a resource from the pool; nested exception is org.jredis.ClientRuntimeException: null reference:{connection on setConnection()} in method JRedisClient.setConnection() [file: JRedisClient.java line:158 - package: org.jredis.ri.alphazero] cause: => [IllegalArgumentException: null reference:{connection on setConnection()} in method JRedisClient.setConnection() [file: JRedisClient.java line:158 - package: org.jredis.ri.alphazero]]
Caused by: org.jredis.ClientRuntimeException: null reference:{connection on setConnection()} in method JRedisClient.setConnection() [file: JRedisClient.java line:158 - package: org.jredis.ri.alphazero] cause: => [IllegalArgumentException: null reference:{connection on setConnection()} in method JRedisClient.setConnection() [file: JRedisClient.java line:158 - package: org.jredis.ri.alphazero]]
Caused by: java.lang.IllegalArgumentException: null reference:{connection on setConnection()} in method JRedisClient.setConnection() [file: JRedisClient.java line:158 - package: org.jredis.ri.alphazero]
</error>
  </testcase>
  <testcase name="testIsEmpty[14]" classname="org.springframework.data.redis.support.collections.RedisListTests" time="0">
    <error message="Could not get a resource from the pool; nested exception is org.jredis.ClientRuntimeException: null reference:{connection on setConnection()} in method JRedisClient.setConnection() [file: JRedisClient.java line:158 - package: org.jredis.ri.alphazero] cause: =&gt; [IllegalArgumentException: null reference:{connection on setConnection()} in method JRedisClient.setConnection() [file: JRedisClient.java line:158 - package: org.jredis.ri.alphazero]]" type="org.springframework.data.redis.connection.PoolException">org.springframework.data.redis.connection.PoolException: Could not get a resource from the pool; nested exception is org.jredis.ClientRuntimeException: null reference:{connection on setConnection()} in method JRedisClient.setConnection() [file: JRedisClient.java line:158 - package: org.jredis.ri.alphazero] cause: => [IllegalArgumentException: null reference:{connection on setConnection()} in method JRedisClient.setConnection() [file: JRedisClient.java line:158 - package: org.jredis.ri.alphazero]]
Caused by: org.jredis.ClientRuntimeException: null reference:{connection on setConnection()} in method JRedisClient.setConnection() [file: JRedisClient.java line:158 - package: org.jredis.ri.alphazero] cause: => [IllegalArgumentException: null reference:{connection on setConnection()} in method JRedisClient.setConnection() [file: JRedisClient.java line:158 - package: org.jredis.ri.alphazero]]
Caused by: java.lang.IllegalArgumentException: null reference:{connection on setConnection()} in method JRedisClient.setConnection() [file: JRedisClient.java line:158 - package: org.jredis.ri.alphazero]
</error>
    <system-err><![CDATA[01475611470793 Tue Oct 04 17:04:30 BRT 2016 JRedis[tid:1] <INFORMAÇÕES>: WARNING: heartbeat is disabled.
01475611470793 Tue Oct 04 17:04:30 BRT 2016 JRedis[tid:1] <ADVERTÊNCIA>: PROBLEM: Shutting down due to connection FAULT: Socket connect failed [cause: java.net.ConnectException: Conexão recusada] -- make sure the server is running at localhost:6379 - Connection: SYNCHRONOUS  localhost/127.0.0.1:6379 db:0 | SyncConnection@194107588
01475611470793 Tue Oct 04 17:04:30 BRT 2016 JRedis[tid:1] <GRAVE>: Error creating connection -> Socket connect failed [cause: java.net.ConnectException: Conexão recusada] -- make sure the server is running at localhost:6379
01475611470793 Tue Oct 04 17:04:30 BRT 2016 JRedis[tid:1] <INFORMAÇÕES>: WARNING: heartbeat is disabled.
01475611470793 Tue Oct 04 17:04:30 BRT 2016 JRedis[tid:1] <ADVERTÊNCIA>: PROBLEM: Shutting down due to connection FAULT: Socket connect failed [cause: java.net.ConnectException: Conexão recusada] -- make sure the server is running at localhost:6379 - Connection: SYNCHRONOUS  localhost/127.0.0.1:6379 db:0 | SyncConnection@1264674474
01475611470793 Tue Oct 04 17:04:30 BRT 2016 JRedis[tid:1] <GRAVE>: Error creating connection -> Socket connect failed [cause: java.net.ConnectException: Conexão recusada] -- make sure the server is running at localhost:6379
]]></system-err>
  </testcase>
  <testcase name="testIsEmpty[14]" classname="org.springframework.data.redis.support.collections.RedisListTests" time="0">
    <error message="Could not get a resource from the pool; nested exception is org.jredis.ClientRuntimeException: null reference:{connection on setConnection()} in method JRedisClient.setConnection() [file: JRedisClient.java line:158 - package: org.jredis.ri.alphazero] cause: =&gt; [IllegalArgumentException: null reference:{connection on setConnection()} in method JRedisClient.setConnection() [file: JRedisClient.java line:158 - package: org.jredis.ri.alphazero]]" type="org.springframework.data.redis.connection.PoolException">org.springframework.data.redis.connection.PoolException: Could not get a resource from the pool; nested exception is org.jredis.ClientRuntimeException: null reference:{connection on setConnection()} in method JRedisClient.setConnection() [file: JRedisClient.java line:158 - package: org.jredis.ri.alphazero] cause: => [IllegalArgumentException: null reference:{connection on setConnection()} in method JRedisClient.setConnection() [file: JRedisClient.java line:158 - package: org.jredis.ri.alphazero]]
Caused by: org.jredis.ClientRuntimeException: null reference:{connection on setConnection()} in method JRedisClient.setConnection() [file: JRedisClient.java line:158 - package: org.jredis.ri.alphazero] cause: => [IllegalArgumentException: null reference:{connection on setConnection()} in method JRedisClient.setConnection() [file: JRedisClient.java line:158 - package: org.jredis.ri.alphazero]]
Caused by: java.lang.IllegalArgumentException: null reference:{connection on setConnection()} in method JRedisClient.setConnection() [file: JRedisClient.java line:158 - package: org.jredis.ri.alphazero]
</error>
  </testcase>
  <testcase name="testIterator[14]" classname="org.springframework.data.redis.support.collections.RedisListTests" time="0.001">
    <error message="Could not get a resource from the pool; nested exception is org.jredis.ClientRuntimeException: null reference:{connection on setConnection()} in method JRedisClient.setConnection() [file: JRedisClient.java line:158 - package: org.jredis.ri.alphazero] cause: =&gt; [IllegalArgumentException: null reference:{connection on setConnection()} in method JRedisClient.setConnection() [file: JRedisClient.java line:158 - package: org.jredis.ri.alphazero]]" type="org.springframework.data.redis.connection.PoolException">org.springframework.data.redis.connection.PoolException: Could not get a resource from the pool; nested exception is org.jredis.ClientRuntimeException: null reference:{connection on setConnection()} in method JRedisClient.setConnection() [file: JRedisClient.java line:158 - package: org.jredis.ri.alphazero] cause: => [IllegalArgumentException: null reference:{connection on setConnection()} in method JRedisClient.setConnection() [file: JRedisClient.java line:158 - package: org.jredis.ri.alphazero]]
Caused by: org.jredis.ClientRuntimeException: null reference:{connection on setConnection()} in method JRedisClient.setConnection() [file: JRedisClient.java line:158 - package: org.jredis.ri.alphazero] cause: => [IllegalArgumentException: null reference:{connection on setConnection()} in method JRedisClient.setConnection() [file: JRedisClient.java line:158 - package: org.jredis.ri.alphazero]]
Caused by: java.lang.IllegalArgumentException: null reference:{connection on setConnection()} in method JRedisClient.setConnection() [file: JRedisClient.java line:158 - package: org.jredis.ri.alphazero]
</error>
    <system-err><![CDATA[01475611470794 Tue Oct 04 17:04:30 BRT 2016 JRedis[tid:1] <INFORMAÇÕES>: WARNING: heartbeat is disabled.
01475611470794 Tue Oct 04 17:04:30 BRT 2016 JRedis[tid:1] <ADVERTÊNCIA>: PROBLEM: Shutting down due to connection FAULT: Socket connect failed [cause: java.net.ConnectException: Conexão recusada] -- make sure the server is running at localhost:6379 - Connection: SYNCHRONOUS  localhost/127.0.0.1:6379 db:0 | SyncConnection@175595853
01475611470794 Tue Oct 04 17:04:30 BRT 2016 JRedis[tid:1] <GRAVE>: Error creating connection -> Socket connect failed [cause: java.net.ConnectException: Conexão recusada] -- make sure the server is running at localhost:6379
01475611470794 Tue Oct 04 17:04:30 BRT 2016 JRedis[tid:1] <INFORMAÇÕES>: WARNING: heartbeat is disabled.
01475611470794 Tue Oct 04 17:04:30 BRT 2016 JRedis[tid:1] <ADVERTÊNCIA>: PROBLEM: Shutting down due to connection FAULT: Socket connect failed [cause: java.net.ConnectException: Conexão recusada] -- make sure the server is running at localhost:6379 - Connection: SYNCHRONOUS  localhost/127.0.0.1:6379 db:0 | SyncConnection@1339345635
01475611470794 Tue Oct 04 17:04:30 BRT 2016 JRedis[tid:1] <GRAVE>: Error creating connection -> Socket connect failed [cause: java.net.ConnectException: Conexão recusada] -- make sure the server is running at localhost:6379
]]></system-err>
  </testcase>
  <testcase name="testIterator[14]" classname="org.springframework.data.redis.support.collections.RedisListTests" time="0.001">
    <error message="Could not get a resource from the pool; nested exception is org.jredis.ClientRuntimeException: null reference:{connection on setConnection()} in method JRedisClient.setConnection() [file: JRedisClient.java line:158 - package: org.jredis.ri.alphazero] cause: =&gt; [IllegalArgumentException: null reference:{connection on setConnection()} in method JRedisClient.setConnection() [file: JRedisClient.java line:158 - package: org.jredis.ri.alphazero]]" type="org.springframework.data.redis.connection.PoolException">org.springframework.data.redis.connection.PoolException: Could not get a resource from the pool; nested exception is org.jredis.ClientRuntimeException: null reference:{connection on setConnection()} in method JRedisClient.setConnection() [file: JRedisClient.java line:158 - package: org.jredis.ri.alphazero] cause: => [IllegalArgumentException: null reference:{connection on setConnection()} in method JRedisClient.setConnection() [file: JRedisClient.java line:158 - package: org.jredis.ri.alphazero]]
Caused by: org.jredis.ClientRuntimeException: null reference:{connection on setConnection()} in method JRedisClient.setConnection() [file: JRedisClient.java line:158 - package: org.jredis.ri.alphazero] cause: => [IllegalArgumentException: null reference:{connection on setConnection()} in method JRedisClient.setConnection() [file: JRedisClient.java line:158 - package: org.jredis.ri.alphazero]]
Caused by: java.lang.IllegalArgumentException: null reference:{connection on setConnection()} in method JRedisClient.setConnection() [file: JRedisClient.java line:158 - package: org.jredis.ri.alphazero]
</error>
  </testcase>
  <testcase name="testElement[15]" classname="org.springframework.data.redis.support.collections.RedisListTests" time="0.002">
    <error message="Could not connect; nested exception is redis.client.RedisException: Could not connect" type="org.springframework.data.redis.RedisConnectionFailureException">org.springframework.data.redis.RedisConnectionFailureException: Could not connect; nested exception is redis.client.RedisException: Could not connect
Caused by: redis.client.RedisException: Could not connect
Caused by: java.net.ConnectException: Conexão recusada
</error>
  </testcase>
  <testcase name="testElement[15]" classname="org.springframework.data.redis.support.collections.RedisListTests" time="0.002">
    <error message="Could not connect; nested exception is redis.client.RedisException: Could not connect" type="org.springframework.data.redis.RedisConnectionFailureException">org.springframework.data.redis.RedisConnectionFailureException: Could not connect; nested exception is redis.client.RedisException: Could not connect
Caused by: redis.client.RedisException: Could not connect
Caused by: java.net.ConnectException: Conexão recusada
</error>
  </testcase>
  <testcase name="testPutFirst[15]" classname="org.springframework.data.redis.support.collections.RedisListTests" time="0">
    <error message="Could not connect; nested exception is redis.client.RedisException: Could not connect" type="org.springframework.data.redis.RedisConnectionFailureException">org.springframework.data.redis.RedisConnectionFailureException: Could not connect; nested exception is redis.client.RedisException: Could not connect
Caused by: redis.client.RedisException: Could not connect
Caused by: java.net.ConnectException: Conexão recusada
</error>
  </testcase>
  <testcase name="testPutFirst[15]" classname="org.springframework.data.redis.support.collections.RedisListTests" time="0">
    <error message="Could not connect; nested exception is redis.client.RedisException: Could not connect" type="org.springframework.data.redis.RedisConnectionFailureException">org.springframework.data.redis.RedisConnectionFailureException: Could not connect; nested exception is redis.client.RedisException: Could not connect
Caused by: redis.client.RedisException: Could not connect
Caused by: java.net.ConnectException: Conexão recusada
</error>
  </testcase>
  <testcase name="testPollLastTimeout[15]" classname="org.springframework.data.redis.support.collections.RedisListTests" time="0">
    <error message="Could not connect; nested exception is redis.client.RedisException: Could not connect" type="org.springframework.data.redis.RedisConnectionFailureException">org.springframework.data.redis.RedisConnectionFailureException: Could not connect; nested exception is redis.client.RedisException: Could not connect
Caused by: redis.client.RedisException: Could not connect
Caused by: java.net.ConnectException: Conexão recusada
</error>
  </testcase>
  <testcase name="testPollLastTimeout[15]" classname="org.springframework.data.redis.support.collections.RedisListTests" time="0">
    <error message="Could not connect; nested exception is redis.client.RedisException: Could not connect" type="org.springframework.data.redis.RedisConnectionFailureException">org.springframework.data.redis.RedisConnectionFailureException: Could not connect; nested exception is redis.client.RedisException: Could not connect
Caused by: redis.client.RedisException: Could not connect
Caused by: java.net.ConnectException: Conexão recusada
</error>
  </testcase>
  <testcase name="testPeekFirst[15]" classname="org.springframework.data.redis.support.collections.RedisListTests" time="0.004">
    <error message="Could not connect; nested exception is redis.client.RedisException: Could not connect" type="org.springframework.data.redis.RedisConnectionFailureException">org.springframework.data.redis.RedisConnectionFailureException: Could not connect; nested exception is redis.client.RedisException: Could not connect
Caused by: redis.client.RedisException: Could not connect
Caused by: java.net.ConnectException: Conexão recusada
</error>
  </testcase>
  <testcase name="testPeekFirst[15]" classname="org.springframework.data.redis.support.collections.RedisListTests" time="0.004">
    <error message="Could not connect; nested exception is redis.client.RedisException: Could not connect" type="org.springframework.data.redis.RedisConnectionFailureException">org.springframework.data.redis.RedisConnectionFailureException: Could not connect; nested exception is redis.client.RedisException: Could not connect
Caused by: redis.client.RedisException: Could not connect
Caused by: java.net.ConnectException: Conexão recusada
</error>
  </testcase>
  <testcase name="testOfferLast[15]" classname="org.springframework.data.redis.support.collections.RedisListTests" time="0">
    <error message="Could not connect; nested exception is redis.client.RedisException: Could not connect" type="org.springframework.data.redis.RedisConnectionFailureException">org.springframework.data.redis.RedisConnectionFailureException: Could not connect; nested exception is redis.client.RedisException: Could not connect
Caused by: redis.client.RedisException: Could not connect
Caused by: java.net.ConnectException: Conexão recusada
</error>
  </testcase>
  <testcase name="testOfferLast[15]" classname="org.springframework.data.redis.support.collections.RedisListTests" time="0">
    <error message="Could not connect; nested exception is redis.client.RedisException: Could not connect" type="org.springframework.data.redis.RedisConnectionFailureException">org.springframework.data.redis.RedisConnectionFailureException: Could not connect; nested exception is redis.client.RedisException: Could not connect
Caused by: redis.client.RedisException: Could not connect
Caused by: java.net.ConnectException: Conexão recusada
</error>
  </testcase>
  <testcase name="testGetFirst[15]" classname="org.springframework.data.redis.support.collections.RedisListTests" time="0">
    <error message="Could not connect; nested exception is redis.client.RedisException: Could not connect" type="org.springframework.data.redis.RedisConnectionFailureException">org.springframework.data.redis.RedisConnectionFailureException: Could not connect; nested exception is redis.client.RedisException: Could not connect
Caused by: redis.client.RedisException: Could not connect
Caused by: java.net.ConnectException: Conexão recusada
</error>
  </testcase>
  <testcase name="testGetFirst[15]" classname="org.springframework.data.redis.support.collections.RedisListTests" time="0.015">
    <error message="Could not connect; nested exception is redis.client.RedisException: Could not connect" type="org.springframework.data.redis.RedisConnectionFailureException">org.springframework.data.redis.RedisConnectionFailureException: Could not connect; nested exception is redis.client.RedisException: Could not connect
Caused by: redis.client.RedisException: Could not connect
Caused by: java.net.ConnectException: Conexão recusada
</error>
  </testcase>
  <testcase name="testAddLast[15]" classname="org.springframework.data.redis.support.collections.RedisListTests" time="0">
    <error message="Could not connect; nested exception is redis.client.RedisException: Could not connect" type="org.springframework.data.redis.RedisConnectionFailureException">org.springframework.data.redis.RedisConnectionFailureException: Could not connect; nested exception is redis.client.RedisException: Could not connect
Caused by: redis.client.RedisException: Could not connect
Caused by: java.net.ConnectException: Conexão recusada
</error>
  </testcase>
  <testcase name="testAddLast[15]" classname="org.springframework.data.redis.support.collections.RedisListTests" time="0">
    <error message="Could not connect; nested exception is redis.client.RedisException: Could not connect" type="org.springframework.data.redis.RedisConnectionFailureException">org.springframework.data.redis.RedisConnectionFailureException: Could not connect; nested exception is redis.client.RedisException: Could not connect
Caused by: redis.client.RedisException: Could not connect
Caused by: java.net.ConnectException: Conexão recusada
</error>
  </testcase>
  <testcase name="testPop[15]" classname="org.springframework.data.redis.support.collections.RedisListTests" time="0.001">
    <error message="Could not connect; nested exception is redis.client.RedisException: Could not connect" type="org.springframework.data.redis.RedisConnectionFailureException">org.springframework.data.redis.RedisConnectionFailureException: Could not connect; nested exception is redis.client.RedisException: Could not connect
Caused by: redis.client.RedisException: Could not connect
Caused by: java.net.ConnectException: Conexão recusada
</error>
  </testcase>
  <testcase name="testPop[15]" classname="org.springframework.data.redis.support.collections.RedisListTests" time="0.001">
    <error message="Could not connect; nested exception is redis.client.RedisException: Could not connect" type="org.springframework.data.redis.RedisConnectionFailureException">org.springframework.data.redis.RedisConnectionFailureException: Could not connect; nested exception is redis.client.RedisException: Could not connect
Caused by: redis.client.RedisException: Could not connect
Caused by: java.net.ConnectException: Conexão recusada
</error>
  </testcase>
  <testcase name="testPut[15]" classname="org.springframework.data.redis.support.collections.RedisListTests" time="0">
    <error message="Could not connect; nested exception is redis.client.RedisException: Could not connect" type="org.springframework.data.redis.RedisConnectionFailureException">org.springframework.data.redis.RedisConnectionFailureException: Could not connect; nested exception is redis.client.RedisException: Could not connect
Caused by: redis.client.RedisException: Could not connect
Caused by: java.net.ConnectException: Conexão recusada
</error>
  </testcase>
  <testcase name="testPut[15]" classname="org.springframework.data.redis.support.collections.RedisListTests" time="0">
    <error message="Could not connect; nested exception is redis.client.RedisException: Could not connect" type="org.springframework.data.redis.RedisConnectionFailureException">org.springframework.data.redis.RedisConnectionFailureException: Could not connect; nested exception is redis.client.RedisException: Could not connect
Caused by: redis.client.RedisException: Could not connect
Caused by: java.net.ConnectException: Conexão recusada
</error>
  </testcase>
  <testcase name="testSet[15]" classname="org.springframework.data.redis.support.collections.RedisListTests" time="0">
    <error message="Could not connect; nested exception is redis.client.RedisException: Could not connect" type="org.springframework.data.redis.RedisConnectionFailureException">org.springframework.data.redis.RedisConnectionFailureException: Could not connect; nested exception is redis.client.RedisException: Could not connect
Caused by: redis.client.RedisException: Could not connect
Caused by: java.net.ConnectException: Conexão recusada
</error>
  </testcase>
  <testcase name="testSet[15]" classname="org.springframework.data.redis.support.collections.RedisListTests" time="0">
    <error message="Could not connect; nested exception is redis.client.RedisException: Could not connect" type="org.springframework.data.redis.RedisConnectionFailureException">org.springframework.data.redis.RedisConnectionFailureException: Could not connect; nested exception is redis.client.RedisException: Could not connect
Caused by: redis.client.RedisException: Could not connect
Caused by: java.net.ConnectException: Conexão recusada
</error>
  </testcase>
  <testcase name="testOffer[15]" classname="org.springframework.data.redis.support.collections.RedisListTests" time="0">
    <error message="Could not connect; nested exception is redis.client.RedisException: Could not connect" type="org.springframework.data.redis.RedisConnectionFailureException">org.springframework.data.redis.RedisConnectionFailureException: Could not connect; nested exception is redis.client.RedisException: Could not connect
Caused by: redis.client.RedisException: Could not connect
Caused by: java.net.ConnectException: Conexão recusada
</error>
  </testcase>
  <testcase name="testOffer[15]" classname="org.springframework.data.redis.support.collections.RedisListTests" time="0">
    <error message="Could not connect; nested exception is redis.client.RedisException: Could not connect" type="org.springframework.data.redis.RedisConnectionFailureException">org.springframework.data.redis.RedisConnectionFailureException: Could not connect; nested exception is redis.client.RedisException: Could not connect
Caused by: redis.client.RedisException: Could not connect
Caused by: java.net.ConnectException: Conexão recusada
</error>
  </testcase>
  <testcase name="testRange[15]" classname="org.springframework.data.redis.support.collections.RedisListTests" time="0">
    <error message="Could not connect; nested exception is redis.client.RedisException: Could not connect" type="org.springframework.data.redis.RedisConnectionFailureException">org.springframework.data.redis.RedisConnectionFailureException: Could not connect; nested exception is redis.client.RedisException: Could not connect
Caused by: redis.client.RedisException: Could not connect
Caused by: java.net.ConnectException: Conexão recusada
</error>
  </testcase>
  <testcase name="testRange[15]" classname="org.springframework.data.redis.support.collections.RedisListTests" time="0">
    <error message="Could not connect; nested exception is redis.client.RedisException: Could not connect" type="org.springframework.data.redis.RedisConnectionFailureException">org.springframework.data.redis.RedisConnectionFailureException: Could not connect; nested exception is redis.client.RedisException: Could not connect
Caused by: redis.client.RedisException: Could not connect
Caused by: java.net.ConnectException: Conexão recusada
</error>
  </testcase>
  <testcase name="testLast[15]" classname="org.springframework.data.redis.support.collections.RedisListTests" time="0.137">
    <error message="Could not connect; nested exception is redis.client.RedisException: Could not connect" type="org.springframework.data.redis.RedisConnectionFailureException">org.springframework.data.redis.RedisConnectionFailureException: Could not connect; nested exception is redis.client.RedisException: Could not connect
Caused by: redis.client.RedisException: Could not connect
Caused by: java.net.ConnectException: Conexão recusada
</error>
  </testcase>
  <testcase name="testLast[15]" classname="org.springframework.data.redis.support.collections.RedisListTests" time="0.137">
    <error message="Could not connect; nested exception is redis.client.RedisException: Could not connect" type="org.springframework.data.redis.RedisConnectionFailureException">org.springframework.data.redis.RedisConnectionFailureException: Could not connect; nested exception is redis.client.RedisException: Could not connect
Caused by: redis.client.RedisException: Could not connect
Caused by: java.net.ConnectException: Conexão recusada
</error>
  </testcase>
  <testcase name="testPeek[15]" classname="org.springframework.data.redis.support.collections.RedisListTests" time="0">
    <error message="Could not connect; nested exception is redis.client.RedisException: Could not connect" type="org.springframework.data.redis.RedisConnectionFailureException">org.springframework.data.redis.RedisConnectionFailureException: Could not connect; nested exception is redis.client.RedisException: Could not connect
Caused by: redis.client.RedisException: Could not connect
Caused by: java.net.ConnectException: Conexão recusada
</error>
  </testcase>
  <testcase name="testPeek[15]" classname="org.springframework.data.redis.support.collections.RedisListTests" time="0">
    <error message="Could not connect; nested exception is redis.client.RedisException: Could not connect" type="org.springframework.data.redis.RedisConnectionFailureException">org.springframework.data.redis.RedisConnectionFailureException: Could not connect; nested exception is redis.client.RedisException: Could not connect
Caused by: redis.client.RedisException: Could not connect
Caused by: java.net.ConnectException: Conexão recusada
</error>
  </testcase>
  <testcase name="testPoll[15]" classname="org.springframework.data.redis.support.collections.RedisListTests" time="0">
    <error message="Could not connect; nested exception is redis.client.RedisException: Could not connect" type="org.springframework.data.redis.RedisConnectionFailureException">org.springframework.data.redis.RedisConnectionFailureException: Could not connect; nested exception is redis.client.RedisException: Could not connect
Caused by: redis.client.RedisException: Could not connect
Caused by: java.net.ConnectException: Conexão recusada
</error>
  </testcase>
  <testcase name="testPoll[15]" classname="org.springframework.data.redis.support.collections.RedisListTests" time="0">
    <error message="Could not connect; nested exception is redis.client.RedisException: Could not connect" type="org.springframework.data.redis.RedisConnectionFailureException">org.springframework.data.redis.RedisConnectionFailureException: Could not connect; nested exception is redis.client.RedisException: Could not connect
Caused by: redis.client.RedisException: Could not connect
Caused by: java.net.ConnectException: Conexão recusada
</error>
  </testcase>
  <testcase name="testTake[15]" classname="org.springframework.data.redis.support.collections.RedisListTests" time="0.001">
    <error message="Could not connect; nested exception is redis.client.RedisException: Could not connect" type="org.springframework.data.redis.RedisConnectionFailureException">org.springframework.data.redis.RedisConnectionFailureException: Could not connect; nested exception is redis.client.RedisException: Could not connect
Caused by: redis.client.RedisException: Could not connect
Caused by: java.net.ConnectException: Conexão recusada
</error>
  </testcase>
  <testcase name="testTake[15]" classname="org.springframework.data.redis.support.collections.RedisListTests" time="0.001">
    <error message="Could not connect; nested exception is redis.client.RedisException: Could not connect" type="org.springframework.data.redis.RedisConnectionFailureException">org.springframework.data.redis.RedisConnectionFailureException: Could not connect; nested exception is redis.client.RedisException: Could not connect
Caused by: redis.client.RedisException: Could not connect
Caused by: java.net.ConnectException: Conexão recusada
</error>
  </testcase>
  <testcase name="testTrim[15]" classname="org.springframework.data.redis.support.collections.RedisListTests" time="0">
    <error message="Could not connect; nested exception is redis.client.RedisException: Could not connect" type="org.springframework.data.redis.RedisConnectionFailureException">org.springframework.data.redis.RedisConnectionFailureException: Could not connect; nested exception is redis.client.RedisException: Could not connect
Caused by: redis.client.RedisException: Could not connect
Caused by: java.net.ConnectException: Conexão recusada
</error>
  </testcase>
  <testcase name="testTrim[15]" classname="org.springframework.data.redis.support.collections.RedisListTests" time="0.001">
    <error message="Could not connect; nested exception is redis.client.RedisException: Could not connect" type="org.springframework.data.redis.RedisConnectionFailureException">org.springframework.data.redis.RedisConnectionFailureException: Could not connect; nested exception is redis.client.RedisException: Could not connect
Caused by: redis.client.RedisException: Could not connect
Caused by: java.net.ConnectException: Conexão recusada
</error>
  </testcase>
  <testcase name="testDrainToCollection[15]" classname="org.springframework.data.redis.support.collections.RedisListTests" time="0">
    <error message="Could not connect; nested exception is redis.client.RedisException: Could not connect" type="org.springframework.data.redis.RedisConnectionFailureException">org.springframework.data.redis.RedisConnectionFailureException: Could not connect; nested exception is redis.client.RedisException: Could not connect
Caused by: redis.client.RedisException: Could not connect
Caused by: java.net.ConnectException: Conexão recusada
</error>
  </testcase>
  <testcase name="testDrainToCollection[15]" classname="org.springframework.data.redis.support.collections.RedisListTests" time="0">
    <error message="Could not connect; nested exception is redis.client.RedisException: Could not connect" type="org.springframework.data.redis.RedisConnectionFailureException">org.springframework.data.redis.RedisConnectionFailureException: Could not connect; nested exception is redis.client.RedisException: Could not connect
Caused by: redis.client.RedisException: Could not connect
Caused by: java.net.ConnectException: Conexão recusada
</error>
  </testcase>
  <testcase name="testRemoveFirst[15]" classname="org.springframework.data.redis.support.collections.RedisListTests" time="0.001">
    <error message="Could not connect; nested exception is redis.client.RedisException: Could not connect" type="org.springframework.data.redis.RedisConnectionFailureException">org.springframework.data.redis.RedisConnectionFailureException: Could not connect; nested exception is redis.client.RedisException: Could not connect
Caused by: redis.client.RedisException: Could not connect
Caused by: java.net.ConnectException: Conexão recusada
</error>
  </testcase>
  <testcase name="testRemoveFirst[15]" classname="org.springframework.data.redis.support.collections.RedisListTests" time="0.001">
    <error message="Could not connect; nested exception is redis.client.RedisException: Could not connect" type="org.springframework.data.redis.RedisConnectionFailureException">org.springframework.data.redis.RedisConnectionFailureException: Could not connect; nested exception is redis.client.RedisException: Could not connect
Caused by: redis.client.RedisException: Could not connect
Caused by: java.net.ConnectException: Conexão recusada
</error>
  </testcase>
  <testcase name="testRemoveIndex[15]" classname="org.springframework.data.redis.support.collections.RedisListTests" time="0.001">
    <error message="Could not connect; nested exception is redis.client.RedisException: Could not connect" type="org.springframework.data.redis.RedisConnectionFailureException">org.springframework.data.redis.RedisConnectionFailureException: Could not connect; nested exception is redis.client.RedisException: Could not connect
Caused by: redis.client.RedisException: Could not connect
Caused by: java.net.ConnectException: Conexão recusada
</error>
  </testcase>
  <testcase name="testPutLast[15]" classname="org.springframework.data.redis.support.collections.RedisListTests" time="0">
    <error message="Could not connect; nested exception is redis.client.RedisException: Could not connect" type="org.springframework.data.redis.RedisConnectionFailureException">org.springframework.data.redis.RedisConnectionFailureException: Could not connect; nested exception is redis.client.RedisException: Could not connect
Caused by: redis.client.RedisException: Could not connect
Caused by: java.net.ConnectException: Conexão recusada
</error>
  </testcase>
  <testcase name="testPutLast[15]" classname="org.springframework.data.redis.support.collections.RedisListTests" time="0.001">
    <error message="Could not connect; nested exception is redis.client.RedisException: Could not connect" type="org.springframework.data.redis.RedisConnectionFailureException">org.springframework.data.redis.RedisConnectionFailureException: Could not connect; nested exception is redis.client.RedisException: Could not connect
Caused by: redis.client.RedisException: Could not connect
Caused by: java.net.ConnectException: Conexão recusada
</error>
  </testcase>
  <testcase name="testOfferFirst[15]" classname="org.springframework.data.redis.support.collections.RedisListTests" time="0.001">
    <error message="Could not connect; nested exception is redis.client.RedisException: Could not connect" type="org.springframework.data.redis.RedisConnectionFailureException">org.springframework.data.redis.RedisConnectionFailureException: Could not connect; nested exception is redis.client.RedisException: Could not connect
Caused by: redis.client.RedisException: Could not connect
Caused by: java.net.ConnectException: Conexão recusada
</error>
  </testcase>
  <testcase name="testOfferFirst[15]" classname="org.springframework.data.redis.support.collections.RedisListTests" time="0.001">
    <error message="Could not connect; nested exception is redis.client.RedisException: Could not connect" type="org.springframework.data.redis.RedisConnectionFailureException">org.springframework.data.redis.RedisConnectionFailureException: Could not connect; nested exception is redis.client.RedisException: Could not connect
Caused by: redis.client.RedisException: Could not connect
Caused by: java.net.ConnectException: Conexão recusada
</error>
  </testcase>
  <testcase name="testDescendingIterator[15]" classname="org.springframework.data.redis.support.collections.RedisListTests" time="0.001">
    <error message="Could not connect; nested exception is redis.client.RedisException: Could not connect" type="org.springframework.data.redis.RedisConnectionFailureException">org.springframework.data.redis.RedisConnectionFailureException: Could not connect; nested exception is redis.client.RedisException: Could not connect
Caused by: redis.client.RedisException: Could not connect
Caused by: java.net.ConnectException: Conexão recusada
</error>
  </testcase>
  <testcase name="testDescendingIterator[15]" classname="org.springframework.data.redis.support.collections.RedisListTests" time="0.002">
    <error message="Could not connect; nested exception is redis.client.RedisException: Could not connect" type="org.springframework.data.redis.RedisConnectionFailureException">org.springframework.data.redis.RedisConnectionFailureException: Could not connect; nested exception is redis.client.RedisException: Could not connect
Caused by: redis.client.RedisException: Could not connect
Caused by: java.net.ConnectException: Conexão recusada
</error>
  </testcase>
  <testcase name="testAddFirst[15]" classname="org.springframework.data.redis.support.collections.RedisListTests" time="0">
    <error message="Could not connect; nested exception is redis.client.RedisException: Could not connect" type="org.springframework.data.redis.RedisConnectionFailureException">org.springframework.data.redis.RedisConnectionFailureException: Could not connect; nested exception is redis.client.RedisException: Could not connect
Caused by: redis.client.RedisException: Could not connect
Caused by: java.net.ConnectException: Conexão recusada
</error>
  </testcase>
  <testcase name="testAddFirst[15]" classname="org.springframework.data.redis.support.collections.RedisListTests" time="0">
    <error message="Could not connect; nested exception is redis.client.RedisException: Could not connect" type="org.springframework.data.redis.RedisConnectionFailureException">org.springframework.data.redis.RedisConnectionFailureException: Could not connect; nested exception is redis.client.RedisException: Could not connect
Caused by: redis.client.RedisException: Could not connect
Caused by: java.net.ConnectException: Conexão recusada
</error>
  </testcase>
  <testcase name="testDrainToCollectionWithMaxElements[15]" classname="org.springframework.data.redis.support.collections.RedisListTests" time="0.001">
    <error message="Could not connect; nested exception is redis.client.RedisException: Could not connect" type="org.springframework.data.redis.RedisConnectionFailureException">org.springframework.data.redis.RedisConnectionFailureException: Could not connect; nested exception is redis.client.RedisException: Could not connect
Caused by: redis.client.RedisException: Could not connect
Caused by: java.net.ConnectException: Conexão recusada
</error>
  </testcase>
  <testcase name="testDrainToCollectionWithMaxElements[15]" classname="org.springframework.data.redis.support.collections.RedisListTests" time="0.001">
    <error message="Could not connect; nested exception is redis.client.RedisException: Could not connect" type="org.springframework.data.redis.RedisConnectionFailureException">org.springframework.data.redis.RedisConnectionFailureException: Could not connect; nested exception is redis.client.RedisException: Could not connect
Caused by: redis.client.RedisException: Could not connect
Caused by: java.net.ConnectException: Conexão recusada
</error>
  </testcase>
  <testcase name="testTakeLast[15]" classname="org.springframework.data.redis.support.collections.RedisListTests" time="0">
    <error message="Could not connect; nested exception is redis.client.RedisException: Could not connect" type="org.springframework.data.redis.RedisConnectionFailureException">org.springframework.data.redis.RedisConnectionFailureException: Could not connect; nested exception is redis.client.RedisException: Could not connect
Caused by: redis.client.RedisException: Could not connect
Caused by: java.net.ConnectException: Conexão recusada
</error>
  </testcase>
  <testcase name="testTakeLast[15]" classname="org.springframework.data.redis.support.collections.RedisListTests" time="0.001">
    <error message="Could not connect; nested exception is redis.client.RedisException: Could not connect" type="org.springframework.data.redis.RedisConnectionFailureException">org.springframework.data.redis.RedisConnectionFailureException: Could not connect; nested exception is redis.client.RedisException: Could not connect
Caused by: redis.client.RedisException: Could not connect
Caused by: java.net.ConnectException: Conexão recusada
</error>
  </testcase>
  <testcase name="testRemainingCapacity[15]" classname="org.springframework.data.redis.support.collections.RedisListTests" time="0">
    <error message="Could not connect; nested exception is redis.client.RedisException: Could not connect" type="org.springframework.data.redis.RedisConnectionFailureException">org.springframework.data.redis.RedisConnectionFailureException: Could not connect; nested exception is redis.client.RedisException: Could not connect
Caused by: redis.client.RedisException: Could not connect
Caused by: java.net.ConnectException: Conexão recusada
</error>
  </testcase>
  <testcase name="testRemoveLast[15]" classname="org.springframework.data.redis.support.collections.RedisListTests" time="0.001">
    <error message="Could not connect; nested exception is redis.client.RedisException: Could not connect" type="org.springframework.data.redis.RedisConnectionFailureException">org.springframework.data.redis.RedisConnectionFailureException: Could not connect; nested exception is redis.client.RedisException: Could not connect
Caused by: redis.client.RedisException: Could not connect
Caused by: java.net.ConnectException: Conexão recusada
</error>
  </testcase>
  <testcase name="testRemoveLast[15]" classname="org.springframework.data.redis.support.collections.RedisListTests" time="0.001">
    <error message="Could not connect; nested exception is redis.client.RedisException: Could not connect" type="org.springframework.data.redis.RedisConnectionFailureException">org.springframework.data.redis.RedisConnectionFailureException: Could not connect; nested exception is redis.client.RedisException: Could not connect
Caused by: redis.client.RedisException: Could not connect
Caused by: java.net.ConnectException: Conexão recusada
</error>
  </testcase>
  <testcase name="testAddIndexObjectHead[15]" classname="org.springframework.data.redis.support.collections.RedisListTests" time="0.001">
    <error message="Could not connect; nested exception is redis.client.RedisException: Could not connect" type="org.springframework.data.redis.RedisConnectionFailureException">org.springframework.data.redis.RedisConnectionFailureException: Could not connect; nested exception is redis.client.RedisException: Could not connect
Caused by: redis.client.RedisException: Could not connect
Caused by: java.net.ConnectException: Conexão recusada
</error>
  </testcase>
  <testcase name="testAddIndexObjectHead[15]" classname="org.springframework.data.redis.support.collections.RedisListTests" time="0.001">
    <error message="Could not connect; nested exception is redis.client.RedisException: Could not connect" type="org.springframework.data.redis.RedisConnectionFailureException">org.springframework.data.redis.RedisConnectionFailureException: Could not connect; nested exception is redis.client.RedisException: Could not connect
Caused by: redis.client.RedisException: Could not connect
Caused by: java.net.ConnectException: Conexão recusada
</error>
  </testcase>
  <testcase name="testAddIndexObjectTail[15]" classname="org.springframework.data.redis.support.collections.RedisListTests" time="0.001">
    <error message="Could not connect; nested exception is redis.client.RedisException: Could not connect" type="org.springframework.data.redis.RedisConnectionFailureException">org.springframework.data.redis.RedisConnectionFailureException: Could not connect; nested exception is redis.client.RedisException: Could not connect
Caused by: redis.client.RedisException: Could not connect
Caused by: java.net.ConnectException: Conexão recusada
</error>
  </testcase>
  <testcase name="testAddIndexObjectTail[15]" classname="org.springframework.data.redis.support.collections.RedisListTests" time="0.001">
    <error message="Could not connect; nested exception is redis.client.RedisException: Could not connect" type="org.springframework.data.redis.RedisConnectionFailureException">org.springframework.data.redis.RedisConnectionFailureException: Could not connect; nested exception is redis.client.RedisException: Could not connect
Caused by: redis.client.RedisException: Could not connect
Caused by: java.net.ConnectException: Conexão recusada
</error>
  </testcase>
  <testcase name="testPollFirst[15]" classname="org.springframework.data.redis.support.collections.RedisListTests" time="0.001">
    <error message="Could not connect; nested exception is redis.client.RedisException: Could not connect" type="org.springframework.data.redis.RedisConnectionFailureException">org.springframework.data.redis.RedisConnectionFailureException: Could not connect; nested exception is redis.client.RedisException: Could not connect
Caused by: redis.client.RedisException: Could not connect
Caused by: java.net.ConnectException: Conexão recusada
</error>
  </testcase>
  <testcase name="testPollFirst[15]" classname="org.springframework.data.redis.support.collections.RedisListTests" time="0.001">
    <error message="Could not connect; nested exception is redis.client.RedisException: Could not connect" type="org.springframework.data.redis.RedisConnectionFailureException">org.springframework.data.redis.RedisConnectionFailureException: Could not connect; nested exception is redis.client.RedisException: Could not connect
Caused by: redis.client.RedisException: Could not connect
Caused by: java.net.ConnectException: Conexão recusada
</error>
  </testcase>
  <testcase name="testAddIndexObjectMiddle[15]" classname="org.springframework.data.redis.support.collections.RedisListTests" time="0">
    <error message="Unexpected exception, expected&lt;java.lang.IllegalArgumentException&gt; but was&lt;org.springframework.data.redis.RedisConnectionFailureException&gt;" type="java.lang.Exception"><![CDATA[java.lang.Exception: Unexpected exception, expected<java.lang.IllegalArgumentException> but was<org.springframework.data.redis.RedisConnectionFailureException>
Caused by: org.springframework.data.redis.RedisConnectionFailureException: Could not connect; nested exception is redis.client.RedisException: Could not connect
Caused by: redis.client.RedisException: Could not connect
Caused by: java.net.ConnectException: Conexão recusada
]]></error>
  </testcase>
  <testcase name="testAddIndexObjectMiddle[15]" classname="org.springframework.data.redis.support.collections.RedisListTests" time="0.001">
    <error message="Could not connect; nested exception is redis.client.RedisException: Could not connect" type="org.springframework.data.redis.RedisConnectionFailureException">org.springframework.data.redis.RedisConnectionFailureException: Could not connect; nested exception is redis.client.RedisException: Could not connect
Caused by: redis.client.RedisException: Could not connect
Caused by: java.net.ConnectException: Conexão recusada
</error>
  </testcase>
  <testcase name="testPeekLast[15]" classname="org.springframework.data.redis.support.collections.RedisListTests" time="0">
    <error message="Could not connect; nested exception is redis.client.RedisException: Could not connect" type="org.springframework.data.redis.RedisConnectionFailureException">org.springframework.data.redis.RedisConnectionFailureException: Could not connect; nested exception is redis.client.RedisException: Could not connect
Caused by: redis.client.RedisException: Could not connect
Caused by: java.net.ConnectException: Conexão recusada
</error>
  </testcase>
  <testcase name="testPeekLast[15]" classname="org.springframework.data.redis.support.collections.RedisListTests" time="0">
    <error message="Could not connect; nested exception is redis.client.RedisException: Could not connect" type="org.springframework.data.redis.RedisConnectionFailureException">org.springframework.data.redis.RedisConnectionFailureException: Could not connect; nested exception is redis.client.RedisException: Could not connect
Caused by: redis.client.RedisException: Could not connect
Caused by: java.net.ConnectException: Conexão recusada
</error>
  </testcase>
  <testcase name="testRemoveFirstOccurrence[15]" classname="org.springframework.data.redis.support.collections.RedisListTests" time="0.001">
    <error message="Could not connect; nested exception is redis.client.RedisException: Could not connect" type="org.springframework.data.redis.RedisConnectionFailureException">org.springframework.data.redis.RedisConnectionFailureException: Could not connect; nested exception is redis.client.RedisException: Could not connect
Caused by: redis.client.RedisException: Could not connect
Caused by: java.net.ConnectException: Conexão recusada
</error>
  </testcase>
  <testcase name="testRemoveFirstOccurrence[15]" classname="org.springframework.data.redis.support.collections.RedisListTests" time="0.001">
    <error message="Could not connect; nested exception is redis.client.RedisException: Could not connect" type="org.springframework.data.redis.RedisConnectionFailureException">org.springframework.data.redis.RedisConnectionFailureException: Could not connect; nested exception is redis.client.RedisException: Could not connect
Caused by: redis.client.RedisException: Could not connect
Caused by: java.net.ConnectException: Conexão recusada
</error>
  </testcase>
  <testcase name="addAllIndexCollectionHead[15]" classname="org.springframework.data.redis.support.collections.RedisListTests" time="0.001">
    <error message="Could not connect; nested exception is redis.client.RedisException: Could not connect" type="org.springframework.data.redis.RedisConnectionFailureException">org.springframework.data.redis.RedisConnectionFailureException: Could not connect; nested exception is redis.client.RedisException: Could not connect
Caused by: redis.client.RedisException: Could not connect
Caused by: java.net.ConnectException: Conexão recusada
</error>
  </testcase>
  <testcase name="addAllIndexCollectionHead[15]" classname="org.springframework.data.redis.support.collections.RedisListTests" time="0.001">
    <error message="Could not connect; nested exception is redis.client.RedisException: Could not connect" type="org.springframework.data.redis.RedisConnectionFailureException">org.springframework.data.redis.RedisConnectionFailureException: Could not connect; nested exception is redis.client.RedisException: Could not connect
Caused by: redis.client.RedisException: Could not connect
Caused by: java.net.ConnectException: Conexão recusada
</error>
  </testcase>
  <testcase name="addAllIndexCollectionTail[15]" classname="org.springframework.data.redis.support.collections.RedisListTests" time="0.001">
    <error message="Could not connect; nested exception is redis.client.RedisException: Could not connect" type="org.springframework.data.redis.RedisConnectionFailureException">org.springframework.data.redis.RedisConnectionFailureException: Could not connect; nested exception is redis.client.RedisException: Could not connect
Caused by: redis.client.RedisException: Could not connect
Caused by: java.net.ConnectException: Conexão recusada
</error>
  </testcase>
  <testcase name="addAllIndexCollectionTail[15]" classname="org.springframework.data.redis.support.collections.RedisListTests" time="0.001">
    <error message="Could not connect; nested exception is redis.client.RedisException: Could not connect" type="org.springframework.data.redis.RedisConnectionFailureException">org.springframework.data.redis.RedisConnectionFailureException: Could not connect; nested exception is redis.client.RedisException: Could not connect
Caused by: redis.client.RedisException: Could not connect
Caused by: java.net.ConnectException: Conexão recusada
</error>
  </testcase>
  <testcase name="addAllIndexCollectionMiddle[15]" classname="org.springframework.data.redis.support.collections.RedisListTests" time="0.001">
    <error message="Unexpected exception, expected&lt;java.lang.IllegalArgumentException&gt; but was&lt;org.springframework.data.redis.RedisConnectionFailureException&gt;" type="java.lang.Exception"><![CDATA[java.lang.Exception: Unexpected exception, expected<java.lang.IllegalArgumentException> but was<org.springframework.data.redis.RedisConnectionFailureException>
Caused by: org.springframework.data.redis.RedisConnectionFailureException: Could not connect; nested exception is redis.client.RedisException: Could not connect
Caused by: redis.client.RedisException: Could not connect
Caused by: java.net.ConnectException: Conexão recusada
]]></error>
  </testcase>
  <testcase name="addAllIndexCollectionMiddle[15]" classname="org.springframework.data.redis.support.collections.RedisListTests" time="0.001">
    <error message="Could not connect; nested exception is redis.client.RedisException: Could not connect" type="org.springframework.data.redis.RedisConnectionFailureException">org.springframework.data.redis.RedisConnectionFailureException: Could not connect; nested exception is redis.client.RedisException: Could not connect
Caused by: redis.client.RedisException: Could not connect
Caused by: java.net.ConnectException: Conexão recusada
</error>
  </testcase>
  <testcase name="testPollLast[15]" classname="org.springframework.data.redis.support.collections.RedisListTests" time="0.001">
    <error message="Could not connect; nested exception is redis.client.RedisException: Could not connect" type="org.springframework.data.redis.RedisConnectionFailureException">org.springframework.data.redis.RedisConnectionFailureException: Could not connect; nested exception is redis.client.RedisException: Could not connect
Caused by: redis.client.RedisException: Could not connect
Caused by: java.net.ConnectException: Conexão recusada
</error>
  </testcase>
  <testcase name="testPollLast[15]" classname="org.springframework.data.redis.support.collections.RedisListTests" time="0.001">
    <error message="Could not connect; nested exception is redis.client.RedisException: Could not connect" type="org.springframework.data.redis.RedisConnectionFailureException">org.springframework.data.redis.RedisConnectionFailureException: Could not connect; nested exception is redis.client.RedisException: Could not connect
Caused by: redis.client.RedisException: Could not connect
Caused by: java.net.ConnectException: Conexão recusada
</error>
  </testcase>
  <testcase name="testIndexOfObject[15]" classname="org.springframework.data.redis.support.collections.RedisListTests" time="0">
    <error message="Could not connect; nested exception is redis.client.RedisException: Could not connect" type="org.springframework.data.redis.RedisConnectionFailureException">org.springframework.data.redis.RedisConnectionFailureException: Could not connect; nested exception is redis.client.RedisException: Could not connect
Caused by: redis.client.RedisException: Could not connect
Caused by: java.net.ConnectException: Conexão recusada
</error>
  </testcase>
  <testcase name="testPollTimeout[15]" classname="org.springframework.data.redis.support.collections.RedisListTests" time="0.001">
    <error message="Could not connect; nested exception is redis.client.RedisException: Could not connect" type="org.springframework.data.redis.RedisConnectionFailureException">org.springframework.data.redis.RedisConnectionFailureException: Could not connect; nested exception is redis.client.RedisException: Could not connect
Caused by: redis.client.RedisException: Could not connect
Caused by: java.net.ConnectException: Conexão recusada
</error>
  </testcase>
  <testcase name="testPollTimeout[15]" classname="org.springframework.data.redis.support.collections.RedisListTests" time="0.001">
    <error message="Could not connect; nested exception is redis.client.RedisException: Could not connect" type="org.springframework.data.redis.RedisConnectionFailureException">org.springframework.data.redis.RedisConnectionFailureException: Could not connect; nested exception is redis.client.RedisException: Could not connect
Caused by: redis.client.RedisException: Could not connect
Caused by: java.net.ConnectException: Conexão recusada
</error>
  </testcase>
  <testcase name="testRemove[15]" classname="org.springframework.data.redis.support.collections.RedisListTests" time="0.001">
    <error message="Could not connect; nested exception is redis.client.RedisException: Could not connect" type="org.springframework.data.redis.RedisConnectionFailureException">org.springframework.data.redis.RedisConnectionFailureException: Could not connect; nested exception is redis.client.RedisException: Could not connect
Caused by: redis.client.RedisException: Could not connect
Caused by: java.net.ConnectException: Conexão recusada
</error>
  </testcase>
  <testcase name="testRemove[15]" classname="org.springframework.data.redis.support.collections.RedisListTests" time="0.001">
    <error message="Could not connect; nested exception is redis.client.RedisException: Could not connect" type="org.springframework.data.redis.RedisConnectionFailureException">org.springframework.data.redis.RedisConnectionFailureException: Could not connect; nested exception is redis.client.RedisException: Could not connect
Caused by: redis.client.RedisException: Could not connect
Caused by: java.net.ConnectException: Conexão recusada
</error>
  </testcase>
  <testcase name="testCappedCollection[15]" classname="org.springframework.data.redis.support.collections.RedisListTests" time="0">
    <error message="Could not connect; nested exception is redis.client.RedisException: Could not connect" type="org.springframework.data.redis.RedisConnectionFailureException">org.springframework.data.redis.RedisConnectionFailureException: Could not connect; nested exception is redis.client.RedisException: Could not connect
Caused by: redis.client.RedisException: Could not connect
Caused by: java.net.ConnectException: Conexão recusada
</error>
  </testcase>
  <testcase name="testCappedCollection[15]" classname="org.springframework.data.redis.support.collections.RedisListTests" time="0.001">
    <error message="Could not connect; nested exception is redis.client.RedisException: Could not connect" type="org.springframework.data.redis.RedisConnectionFailureException">org.springframework.data.redis.RedisConnectionFailureException: Could not connect; nested exception is redis.client.RedisException: Could not connect
Caused by: redis.client.RedisException: Could not connect
Caused by: java.net.ConnectException: Conexão recusada
</error>
  </testcase>
  <testcase name="testRmoveLastOccurrence[15]" classname="org.springframework.data.redis.support.collections.RedisListTests" time="0">
    <error message="Could not connect; nested exception is redis.client.RedisException: Could not connect" type="org.springframework.data.redis.RedisConnectionFailureException">org.springframework.data.redis.RedisConnectionFailureException: Could not connect; nested exception is redis.client.RedisException: Could not connect
Caused by: redis.client.RedisException: Could not connect
Caused by: java.net.ConnectException: Conexão recusada
</error>
  </testcase>
  <testcase name="testRmoveLastOccurrence[15]" classname="org.springframework.data.redis.support.collections.RedisListTests" time="0">
    <error message="Could not connect; nested exception is redis.client.RedisException: Could not connect" type="org.springframework.data.redis.RedisConnectionFailureException">org.springframework.data.redis.RedisConnectionFailureException: Could not connect; nested exception is redis.client.RedisException: Could not connect
Caused by: redis.client.RedisException: Could not connect
Caused by: java.net.ConnectException: Conexão recusada
</error>
  </testcase>
  <testcase name="testTakeFirst[15]" classname="org.springframework.data.redis.support.collections.RedisListTests" time="0.001">
    <error message="Could not connect; nested exception is redis.client.RedisException: Could not connect" type="org.springframework.data.redis.RedisConnectionFailureException">org.springframework.data.redis.RedisConnectionFailureException: Could not connect; nested exception is redis.client.RedisException: Could not connect
Caused by: redis.client.RedisException: Could not connect
Caused by: java.net.ConnectException: Conexão recusada
</error>
  </testcase>
  <testcase name="testTakeFirst[15]" classname="org.springframework.data.redis.support.collections.RedisListTests" time="0.001">
    <error message="Could not connect; nested exception is redis.client.RedisException: Could not connect" type="org.springframework.data.redis.RedisConnectionFailureException">org.springframework.data.redis.RedisConnectionFailureException: Could not connect; nested exception is redis.client.RedisException: Could not connect
Caused by: redis.client.RedisException: Could not connect
Caused by: java.net.ConnectException: Conexão recusada
</error>
  </testcase>
  <testcase name="testContainsObject[15]" classname="org.springframework.data.redis.support.collections.RedisListTests" time="0.001">
    <error message="Could not connect; nested exception is redis.client.RedisException: Could not connect" type="org.springframework.data.redis.RedisConnectionFailureException">org.springframework.data.redis.RedisConnectionFailureException: Could not connect; nested exception is redis.client.RedisException: Could not connect
Caused by: redis.client.RedisException: Could not connect
Caused by: java.net.ConnectException: Conexão recusada
</error>
  </testcase>
  <testcase name="testContainsObject[15]" classname="org.springframework.data.redis.support.collections.RedisListTests" time="0.001">
    <error message="Could not connect; nested exception is redis.client.RedisException: Could not connect" type="org.springframework.data.redis.RedisConnectionFailureException">org.springframework.data.redis.RedisConnectionFailureException: Could not connect; nested exception is redis.client.RedisException: Could not connect
Caused by: redis.client.RedisException: Could not connect
Caused by: java.net.ConnectException: Conexão recusada
</error>
  </testcase>
  <testcase name="testToArray[15]" classname="org.springframework.data.redis.support.collections.RedisListTests" time="0.001">
    <error message="Could not connect; nested exception is redis.client.RedisException: Could not connect" type="org.springframework.data.redis.RedisConnectionFailureException">org.springframework.data.redis.RedisConnectionFailureException: Could not connect; nested exception is redis.client.RedisException: Could not connect
Caused by: redis.client.RedisException: Could not connect
Caused by: java.net.ConnectException: Conexão recusada
</error>
  </testcase>
  <testcase name="testToArray[15]" classname="org.springframework.data.redis.support.collections.RedisListTests" time="0.001">
    <error message="Could not connect; nested exception is redis.client.RedisException: Could not connect" type="org.springframework.data.redis.RedisConnectionFailureException">org.springframework.data.redis.RedisConnectionFailureException: Could not connect; nested exception is redis.client.RedisException: Could not connect
Caused by: redis.client.RedisException: Could not connect
Caused by: java.net.ConnectException: Conexão recusada
</error>
  </testcase>
  <testcase name="testAdd[15]" classname="org.springframework.data.redis.support.collections.RedisListTests" time="0">
    <error message="Could not connect; nested exception is redis.client.RedisException: Could not connect" type="org.springframework.data.redis.RedisConnectionFailureException">org.springframework.data.redis.RedisConnectionFailureException: Could not connect; nested exception is redis.client.RedisException: Could not connect
Caused by: redis.client.RedisException: Could not connect
Caused by: java.net.ConnectException: Conexão recusada
</error>
  </testcase>
  <testcase name="testAdd[15]" classname="org.springframework.data.redis.support.collections.RedisListTests" time="0">
    <error message="Could not connect; nested exception is redis.client.RedisException: Could not connect" type="org.springframework.data.redis.RedisConnectionFailureException">org.springframework.data.redis.RedisConnectionFailureException: Could not connect; nested exception is redis.client.RedisException: Could not connect
Caused by: redis.client.RedisException: Could not connect
Caused by: java.net.ConnectException: Conexão recusada
</error>
  </testcase>
  <testcase name="testClear[15]" classname="org.springframework.data.redis.support.collections.RedisListTests" time="0">
    <error message="Could not connect; nested exception is redis.client.RedisException: Could not connect" type="org.springframework.data.redis.RedisConnectionFailureException">org.springframework.data.redis.RedisConnectionFailureException: Could not connect; nested exception is redis.client.RedisException: Could not connect
Caused by: redis.client.RedisException: Could not connect
Caused by: java.net.ConnectException: Conexão recusada
</error>
  </testcase>
  <testcase name="testClear[15]" classname="org.springframework.data.redis.support.collections.RedisListTests" time="0">
    <error message="Could not connect; nested exception is redis.client.RedisException: Could not connect" type="org.springframework.data.redis.RedisConnectionFailureException">org.springframework.data.redis.RedisConnectionFailureException: Could not connect; nested exception is redis.client.RedisException: Could not connect
Caused by: redis.client.RedisException: Could not connect
Caused by: java.net.ConnectException: Conexão recusada
</error>
  </testcase>
  <testcase name="testSize[15]" classname="org.springframework.data.redis.support.collections.RedisListTests" time="0.001">
    <error message="Could not connect; nested exception is redis.client.RedisException: Could not connect" type="org.springframework.data.redis.RedisConnectionFailureException">org.springframework.data.redis.RedisConnectionFailureException: Could not connect; nested exception is redis.client.RedisException: Could not connect
Caused by: redis.client.RedisException: Could not connect
Caused by: java.net.ConnectException: Conexão recusada
</error>
  </testcase>
  <testcase name="testSize[15]" classname="org.springframework.data.redis.support.collections.RedisListTests" time="0.001">
    <error message="Could not connect; nested exception is redis.client.RedisException: Could not connect" type="org.springframework.data.redis.RedisConnectionFailureException">org.springframework.data.redis.RedisConnectionFailureException: Could not connect; nested exception is redis.client.RedisException: Could not connect
Caused by: redis.client.RedisException: Could not connect
Caused by: java.net.ConnectException: Conexão recusada
</error>
  </testcase>
  <testcase name="testToString[15]" classname="org.springframework.data.redis.support.collections.RedisListTests" time="0.001">
    <error message="Could not connect; nested exception is redis.client.RedisException: Could not connect" type="org.springframework.data.redis.RedisConnectionFailureException">org.springframework.data.redis.RedisConnectionFailureException: Could not connect; nested exception is redis.client.RedisException: Could not connect
Caused by: redis.client.RedisException: Could not connect
Caused by: java.net.ConnectException: Conexão recusada
</error>
  </testcase>
  <testcase name="testToString[15]" classname="org.springframework.data.redis.support.collections.RedisListTests" time="0.001">
    <error message="Could not connect; nested exception is redis.client.RedisException: Could not connect" type="org.springframework.data.redis.RedisConnectionFailureException">org.springframework.data.redis.RedisConnectionFailureException: Could not connect; nested exception is redis.client.RedisException: Could not connect
Caused by: redis.client.RedisException: Could not connect
Caused by: java.net.ConnectException: Conexão recusada
</error>
  </testcase>
  <testcase name="testContainsAll[15]" classname="org.springframework.data.redis.support.collections.RedisListTests" time="0.001">
    <error message="Could not connect; nested exception is redis.client.RedisException: Could not connect" type="org.springframework.data.redis.RedisConnectionFailureException">org.springframework.data.redis.RedisConnectionFailureException: Could not connect; nested exception is redis.client.RedisException: Could not connect
Caused by: redis.client.RedisException: Could not connect
Caused by: java.net.ConnectException: Conexão recusada
</error>
  </testcase>
  <testcase name="testContainsAll[15]" classname="org.springframework.data.redis.support.collections.RedisListTests" time="0.001">
    <error message="Could not connect; nested exception is redis.client.RedisException: Could not connect" type="org.springframework.data.redis.RedisConnectionFailureException">org.springframework.data.redis.RedisConnectionFailureException: Could not connect; nested exception is redis.client.RedisException: Could not connect
Caused by: redis.client.RedisException: Could not connect
Caused by: java.net.ConnectException: Conexão recusada
</error>
  </testcase>
  <testcase name="testRemoveObject[15]" classname="org.springframework.data.redis.support.collections.RedisListTests" time="0.001">
    <error message="Could not connect; nested exception is redis.client.RedisException: Could not connect" type="org.springframework.data.redis.RedisConnectionFailureException">org.springframework.data.redis.RedisConnectionFailureException: Could not connect; nested exception is redis.client.RedisException: Could not connect
Caused by: redis.client.RedisException: Could not connect
Caused by: java.net.ConnectException: Conexão recusada
</error>
  </testcase>
  <testcase name="testRemoveObject[15]" classname="org.springframework.data.redis.support.collections.RedisListTests" time="0.001">
    <error message="Could not connect; nested exception is redis.client.RedisException: Could not connect" type="org.springframework.data.redis.RedisConnectionFailureException">org.springframework.data.redis.RedisConnectionFailureException: Could not connect; nested exception is redis.client.RedisException: Could not connect
Caused by: redis.client.RedisException: Could not connect
Caused by: java.net.ConnectException: Conexão recusada
</error>
  </testcase>
  <testcase name="testHashCode[15]" classname="org.springframework.data.redis.support.collections.RedisListTests" time="0.001">
    <error message="Could not connect; nested exception is redis.client.RedisException: Could not connect" type="org.springframework.data.redis.RedisConnectionFailureException">org.springframework.data.redis.RedisConnectionFailureException: Could not connect; nested exception is redis.client.RedisException: Could not connect
Caused by: redis.client.RedisException: Could not connect
Caused by: java.net.ConnectException: Conexão recusada
</error>
  </testcase>
  <testcase name="testAddAll[15]" classname="org.springframework.data.redis.support.collections.RedisListTests" time="0.003">
    <error message="Could not connect; nested exception is redis.client.RedisException: Could not connect" type="org.springframework.data.redis.RedisConnectionFailureException">org.springframework.data.redis.RedisConnectionFailureException: Could not connect; nested exception is redis.client.RedisException: Could not connect
Caused by: redis.client.RedisException: Could not connect
Caused by: java.net.ConnectException: Conexão recusada
</error>
  </testcase>
  <testcase name="testAddAll[15]" classname="org.springframework.data.redis.support.collections.RedisListTests" time="0.003">
    <error message="Could not connect; nested exception is redis.client.RedisException: Could not connect" type="org.springframework.data.redis.RedisConnectionFailureException">org.springframework.data.redis.RedisConnectionFailureException: Could not connect; nested exception is redis.client.RedisException: Could not connect
Caused by: redis.client.RedisException: Could not connect
Caused by: java.net.ConnectException: Conexão recusada
</error>
  </testcase>
  <testcase name="removeAll[15]" classname="org.springframework.data.redis.support.collections.RedisListTests" time="0">
    <error message="Could not connect; nested exception is redis.client.RedisException: Could not connect" type="org.springframework.data.redis.RedisConnectionFailureException">org.springframework.data.redis.RedisConnectionFailureException: Could not connect; nested exception is redis.client.RedisException: Could not connect
Caused by: redis.client.RedisException: Could not connect
Caused by: java.net.ConnectException: Conexão recusada
</error>
  </testcase>
  <testcase name="removeAll[15]" classname="org.springframework.data.redis.support.collections.RedisListTests" time="0">
    <error message="Could not connect; nested exception is redis.client.RedisException: Could not connect" type="org.springframework.data.redis.RedisConnectionFailureException">org.springframework.data.redis.RedisConnectionFailureException: Could not connect; nested exception is redis.client.RedisException: Could not connect
Caused by: redis.client.RedisException: Could not connect
Caused by: java.net.ConnectException: Conexão recusada
</error>
  </testcase>
  <testcase name="testEquals[15]" classname="org.springframework.data.redis.support.collections.RedisListTests" time="0">
    <error message="Could not connect; nested exception is redis.client.RedisException: Could not connect" type="org.springframework.data.redis.RedisConnectionFailureException">org.springframework.data.redis.RedisConnectionFailureException: Could not connect; nested exception is redis.client.RedisException: Could not connect
Caused by: redis.client.RedisException: Could not connect
Caused by: java.net.ConnectException: Conexão recusada
</error>
  </testcase>
  <testcase name="testGetKey[15]" classname="org.springframework.data.redis.support.collections.RedisListTests" time="0">
    <error message="Could not connect; nested exception is redis.client.RedisException: Could not connect" type="org.springframework.data.redis.RedisConnectionFailureException">org.springframework.data.redis.RedisConnectionFailureException: Could not connect; nested exception is redis.client.RedisException: Could not connect
Caused by: redis.client.RedisException: Could not connect
Caused by: java.net.ConnectException: Conexão recusada
</error>
  </testcase>
  <testcase name="testToArrayWithGenerics[15]" classname="org.springframework.data.redis.support.collections.RedisListTests" time="0">
    <error message="Could not connect; nested exception is redis.client.RedisException: Could not connect" type="org.springframework.data.redis.RedisConnectionFailureException">org.springframework.data.redis.RedisConnectionFailureException: Could not connect; nested exception is redis.client.RedisException: Could not connect
Caused by: redis.client.RedisException: Could not connect
Caused by: java.net.ConnectException: Conexão recusada
</error>
  </testcase>
  <testcase name="testToArrayWithGenerics[15]" classname="org.springframework.data.redis.support.collections.RedisListTests" time="0">
    <error message="Could not connect; nested exception is redis.client.RedisException: Could not connect" type="org.springframework.data.redis.RedisConnectionFailureException">org.springframework.data.redis.RedisConnectionFailureException: Could not connect; nested exception is redis.client.RedisException: Could not connect
Caused by: redis.client.RedisException: Could not connect
Caused by: java.net.ConnectException: Conexão recusada
</error>
  </testcase>
  <testcase name="testIsEmpty[15]" classname="org.springframework.data.redis.support.collections.RedisListTests" time="0.001">
    <error message="Could not connect; nested exception is redis.client.RedisException: Could not connect" type="org.springframework.data.redis.RedisConnectionFailureException">org.springframework.data.redis.RedisConnectionFailureException: Could not connect; nested exception is redis.client.RedisException: Could not connect
Caused by: redis.client.RedisException: Could not connect
Caused by: java.net.ConnectException: Conexão recusada
</error>
  </testcase>
  <testcase name="testIsEmpty[15]" classname="org.springframework.data.redis.support.collections.RedisListTests" time="0.001">
    <error message="Could not connect; nested exception is redis.client.RedisException: Could not connect" type="org.springframework.data.redis.RedisConnectionFailureException">org.springframework.data.redis.RedisConnectionFailureException: Could not connect; nested exception is redis.client.RedisException: Could not connect
Caused by: redis.client.RedisException: Could not connect
Caused by: java.net.ConnectException: Conexão recusada
</error>
  </testcase>
  <testcase name="testIterator[15]" classname="org.springframework.data.redis.support.collections.RedisListTests" time="0.001">
    <error message="Could not connect; nested exception is redis.client.RedisException: Could not connect" type="org.springframework.data.redis.RedisConnectionFailureException">org.springframework.data.redis.RedisConnectionFailureException: Could not connect; nested exception is redis.client.RedisException: Could not connect
Caused by: redis.client.RedisException: Could not connect
Caused by: java.net.ConnectException: Conexão recusada
</error>
  </testcase>
  <testcase name="testIterator[15]" classname="org.springframework.data.redis.support.collections.RedisListTests" time="0.007">
    <error message="Could not connect; nested exception is redis.client.RedisException: Could not connect" type="org.springframework.data.redis.RedisConnectionFailureException">org.springframework.data.redis.RedisConnectionFailureException: Could not connect; nested exception is redis.client.RedisException: Could not connect
Caused by: redis.client.RedisException: Could not connect
Caused by: java.net.ConnectException: Conexão recusada
</error>
  </testcase>
  <testcase name="testElement[16]" classname="org.springframework.data.redis.support.collections.RedisListTests" time="0">
    <error message="Could not connect; nested exception is redis.client.RedisException: Could not connect" type="org.springframework.data.redis.RedisConnectionFailureException">org.springframework.data.redis.RedisConnectionFailureException: Could not connect; nested exception is redis.client.RedisException: Could not connect
Caused by: redis.client.RedisException: Could not connect
Caused by: java.net.ConnectException: Conexão recusada
</error>
  </testcase>
  <testcase name="testElement[16]" classname="org.springframework.data.redis.support.collections.RedisListTests" time="0">
    <error message="Could not connect; nested exception is redis.client.RedisException: Could not connect" type="org.springframework.data.redis.RedisConnectionFailureException">org.springframework.data.redis.RedisConnectionFailureException: Could not connect; nested exception is redis.client.RedisException: Could not connect
Caused by: redis.client.RedisException: Could not connect
Caused by: java.net.ConnectException: Conexão recusada
</error>
  </testcase>
  <testcase name="testPutFirst[16]" classname="org.springframework.data.redis.support.collections.RedisListTests" time="0">
    <error message="Could not connect; nested exception is redis.client.RedisException: Could not connect" type="org.springframework.data.redis.RedisConnectionFailureException">org.springframework.data.redis.RedisConnectionFailureException: Could not connect; nested exception is redis.client.RedisException: Could not connect
Caused by: redis.client.RedisException: Could not connect
Caused by: java.net.ConnectException: Conexão recusada
</error>
  </testcase>
  <testcase name="testPutFirst[16]" classname="org.springframework.data.redis.support.collections.RedisListTests" time="0">
    <error message="Could not connect; nested exception is redis.client.RedisException: Could not connect" type="org.springframework.data.redis.RedisConnectionFailureException">org.springframework.data.redis.RedisConnectionFailureException: Could not connect; nested exception is redis.client.RedisException: Could not connect
Caused by: redis.client.RedisException: Could not connect
Caused by: java.net.ConnectException: Conexão recusada
</error>
  </testcase>
  <testcase name="testPollLastTimeout[16]" classname="org.springframework.data.redis.support.collections.RedisListTests" time="0">
    <error message="Could not connect; nested exception is redis.client.RedisException: Could not connect" type="org.springframework.data.redis.RedisConnectionFailureException">org.springframework.data.redis.RedisConnectionFailureException: Could not connect; nested exception is redis.client.RedisException: Could not connect
Caused by: redis.client.RedisException: Could not connect
Caused by: java.net.ConnectException: Conexão recusada
</error>
  </testcase>
  <testcase name="testPollLastTimeout[16]" classname="org.springframework.data.redis.support.collections.RedisListTests" time="0">
    <error message="Could not connect; nested exception is redis.client.RedisException: Could not connect" type="org.springframework.data.redis.RedisConnectionFailureException">org.springframework.data.redis.RedisConnectionFailureException: Could not connect; nested exception is redis.client.RedisException: Could not connect
Caused by: redis.client.RedisException: Could not connect
Caused by: java.net.ConnectException: Conexão recusada
</error>
  </testcase>
  <testcase name="testPeekFirst[16]" classname="org.springframework.data.redis.support.collections.RedisListTests" time="0">
    <error message="Could not connect; nested exception is redis.client.RedisException: Could not connect" type="org.springframework.data.redis.RedisConnectionFailureException">org.springframework.data.redis.RedisConnectionFailureException: Could not connect; nested exception is redis.client.RedisException: Could not connect
Caused by: redis.client.RedisException: Could not connect
Caused by: java.net.ConnectException: Conexão recusada
</error>
  </testcase>
  <testcase name="testPeekFirst[16]" classname="org.springframework.data.redis.support.collections.RedisListTests" time="0">
    <error message="Could not connect; nested exception is redis.client.RedisException: Could not connect" type="org.springframework.data.redis.RedisConnectionFailureException">org.springframework.data.redis.RedisConnectionFailureException: Could not connect; nested exception is redis.client.RedisException: Could not connect
Caused by: redis.client.RedisException: Could not connect
Caused by: java.net.ConnectException: Conexão recusada
</error>
  </testcase>
  <testcase name="testOfferLast[16]" classname="org.springframework.data.redis.support.collections.RedisListTests" time="0">
    <error message="Could not connect; nested exception is redis.client.RedisException: Could not connect" type="org.springframework.data.redis.RedisConnectionFailureException">org.springframework.data.redis.RedisConnectionFailureException: Could not connect; nested exception is redis.client.RedisException: Could not connect
Caused by: redis.client.RedisException: Could not connect
Caused by: java.net.ConnectException: Conexão recusada
</error>
  </testcase>
  <testcase name="testOfferLast[16]" classname="org.springframework.data.redis.support.collections.RedisListTests" time="0">
    <error message="Could not connect; nested exception is redis.client.RedisException: Could not connect" type="org.springframework.data.redis.RedisConnectionFailureException">org.springframework.data.redis.RedisConnectionFailureException: Could not connect; nested exception is redis.client.RedisException: Could not connect
Caused by: redis.client.RedisException: Could not connect
Caused by: java.net.ConnectException: Conexão recusada
</error>
  </testcase>
  <testcase name="testGetFirst[16]" classname="org.springframework.data.redis.support.collections.RedisListTests" time="0.001">
    <error message="Could not connect; nested exception is redis.client.RedisException: Could not connect" type="org.springframework.data.redis.RedisConnectionFailureException">org.springframework.data.redis.RedisConnectionFailureException: Could not connect; nested exception is redis.client.RedisException: Could not connect
Caused by: redis.client.RedisException: Could not connect
Caused by: java.net.ConnectException: Conexão recusada
</error>
  </testcase>
  <testcase name="testGetFirst[16]" classname="org.springframework.data.redis.support.collections.RedisListTests" time="0.001">
    <error message="Could not connect; nested exception is redis.client.RedisException: Could not connect" type="org.springframework.data.redis.RedisConnectionFailureException">org.springframework.data.redis.RedisConnectionFailureException: Could not connect; nested exception is redis.client.RedisException: Could not connect
Caused by: redis.client.RedisException: Could not connect
Caused by: java.net.ConnectException: Conexão recusada
</error>
  </testcase>
  <testcase name="testAddLast[16]" classname="org.springframework.data.redis.support.collections.RedisListTests" time="0">
    <error message="Could not connect; nested exception is redis.client.RedisException: Could not connect" type="org.springframework.data.redis.RedisConnectionFailureException">org.springframework.data.redis.RedisConnectionFailureException: Could not connect; nested exception is redis.client.RedisException: Could not connect
Caused by: redis.client.RedisException: Could not connect
Caused by: java.net.ConnectException: Conexão recusada
</error>
  </testcase>
  <testcase name="testAddLast[16]" classname="org.springframework.data.redis.support.collections.RedisListTests" time="0">
    <error message="Could not connect; nested exception is redis.client.RedisException: Could not connect" type="org.springframework.data.redis.RedisConnectionFailureException">org.springframework.data.redis.RedisConnectionFailureException: Could not connect; nested exception is redis.client.RedisException: Could not connect
Caused by: redis.client.RedisException: Could not connect
Caused by: java.net.ConnectException: Conexão recusada
</error>
  </testcase>
  <testcase name="testPop[16]" classname="org.springframework.data.redis.support.collections.RedisListTests" time="0">
    <error message="Could not connect; nested exception is redis.client.RedisException: Could not connect" type="org.springframework.data.redis.RedisConnectionFailureException">org.springframework.data.redis.RedisConnectionFailureException: Could not connect; nested exception is redis.client.RedisException: Could not connect
Caused by: redis.client.RedisException: Could not connect
Caused by: java.net.ConnectException: Conexão recusada
</error>
  </testcase>
  <testcase name="testPop[16]" classname="org.springframework.data.redis.support.collections.RedisListTests" time="0">
    <error message="Could not connect; nested exception is redis.client.RedisException: Could not connect" type="org.springframework.data.redis.RedisConnectionFailureException">org.springframework.data.redis.RedisConnectionFailureException: Could not connect; nested exception is redis.client.RedisException: Could not connect
Caused by: redis.client.RedisException: Could not connect
Caused by: java.net.ConnectException: Conexão recusada
</error>
  </testcase>
  <testcase name="testPut[16]" classname="org.springframework.data.redis.support.collections.RedisListTests" time="0">
    <error message="Could not connect; nested exception is redis.client.RedisException: Could not connect" type="org.springframework.data.redis.RedisConnectionFailureException">org.springframework.data.redis.RedisConnectionFailureException: Could not connect; nested exception is redis.client.RedisException: Could not connect
Caused by: redis.client.RedisException: Could not connect
Caused by: java.net.ConnectException: Conexão recusada
</error>
  </testcase>
  <testcase name="testPut[16]" classname="org.springframework.data.redis.support.collections.RedisListTests" time="0">
    <error message="Could not connect; nested exception is redis.client.RedisException: Could not connect" type="org.springframework.data.redis.RedisConnectionFailureException">org.springframework.data.redis.RedisConnectionFailureException: Could not connect; nested exception is redis.client.RedisException: Could not connect
Caused by: redis.client.RedisException: Could not connect
Caused by: java.net.ConnectException: Conexão recusada
</error>
  </testcase>
  <testcase name="testSet[16]" classname="org.springframework.data.redis.support.collections.RedisListTests" time="0">
    <error message="Could not connect; nested exception is redis.client.RedisException: Could not connect" type="org.springframework.data.redis.RedisConnectionFailureException">org.springframework.data.redis.RedisConnectionFailureException: Could not connect; nested exception is redis.client.RedisException: Could not connect
Caused by: redis.client.RedisException: Could not connect
Caused by: java.net.ConnectException: Conexão recusada
</error>
  </testcase>
  <testcase name="testSet[16]" classname="org.springframework.data.redis.support.collections.RedisListTests" time="0">
    <error message="Could not connect; nested exception is redis.client.RedisException: Could not connect" type="org.springframework.data.redis.RedisConnectionFailureException">org.springframework.data.redis.RedisConnectionFailureException: Could not connect; nested exception is redis.client.RedisException: Could not connect
Caused by: redis.client.RedisException: Could not connect
Caused by: java.net.ConnectException: Conexão recusada
</error>
  </testcase>
  <testcase name="testOffer[16]" classname="org.springframework.data.redis.support.collections.RedisListTests" time="0">
    <error message="Could not connect; nested exception is redis.client.RedisException: Could not connect" type="org.springframework.data.redis.RedisConnectionFailureException">org.springframework.data.redis.RedisConnectionFailureException: Could not connect; nested exception is redis.client.RedisException: Could not connect
Caused by: redis.client.RedisException: Could not connect
Caused by: java.net.ConnectException: Conexão recusada
</error>
  </testcase>
  <testcase name="testOffer[16]" classname="org.springframework.data.redis.support.collections.RedisListTests" time="0">
    <error message="Could not connect; nested exception is redis.client.RedisException: Could not connect" type="org.springframework.data.redis.RedisConnectionFailureException">org.springframework.data.redis.RedisConnectionFailureException: Could not connect; nested exception is redis.client.RedisException: Could not connect
Caused by: redis.client.RedisException: Could not connect
Caused by: java.net.ConnectException: Conexão recusada
</error>
  </testcase>
  <testcase name="testRange[16]" classname="org.springframework.data.redis.support.collections.RedisListTests" time="0.001">
    <error message="Could not connect; nested exception is redis.client.RedisException: Could not connect" type="org.springframework.data.redis.RedisConnectionFailureException">org.springframework.data.redis.RedisConnectionFailureException: Could not connect; nested exception is redis.client.RedisException: Could not connect
Caused by: redis.client.RedisException: Could not connect
Caused by: java.net.ConnectException: Conexão recusada
</error>
  </testcase>
  <testcase name="testRange[16]" classname="org.springframework.data.redis.support.collections.RedisListTests" time="0.001">
    <error message="Could not connect; nested exception is redis.client.RedisException: Could not connect" type="org.springframework.data.redis.RedisConnectionFailureException">org.springframework.data.redis.RedisConnectionFailureException: Could not connect; nested exception is redis.client.RedisException: Could not connect
Caused by: redis.client.RedisException: Could not connect
Caused by: java.net.ConnectException: Conexão recusada
</error>
  </testcase>
  <testcase name="testLast[16]" classname="org.springframework.data.redis.support.collections.RedisListTests" time="0">
    <error message="Could not connect; nested exception is redis.client.RedisException: Could not connect" type="org.springframework.data.redis.RedisConnectionFailureException">org.springframework.data.redis.RedisConnectionFailureException: Could not connect; nested exception is redis.client.RedisException: Could not connect
Caused by: redis.client.RedisException: Could not connect
Caused by: java.net.ConnectException: Conexão recusada
</error>
  </testcase>
  <testcase name="testLast[16]" classname="org.springframework.data.redis.support.collections.RedisListTests" time="0">
    <error message="Could not connect; nested exception is redis.client.RedisException: Could not connect" type="org.springframework.data.redis.RedisConnectionFailureException">org.springframework.data.redis.RedisConnectionFailureException: Could not connect; nested exception is redis.client.RedisException: Could not connect
Caused by: redis.client.RedisException: Could not connect
Caused by: java.net.ConnectException: Conexão recusada
</error>
  </testcase>
  <testcase name="testPeek[16]" classname="org.springframework.data.redis.support.collections.RedisListTests" time="0.001">
    <error message="Could not connect; nested exception is redis.client.RedisException: Could not connect" type="org.springframework.data.redis.RedisConnectionFailureException">org.springframework.data.redis.RedisConnectionFailureException: Could not connect; nested exception is redis.client.RedisException: Could not connect
Caused by: redis.client.RedisException: Could not connect
Caused by: java.net.ConnectException: Conexão recusada
</error>
  </testcase>
  <testcase name="testPeek[16]" classname="org.springframework.data.redis.support.collections.RedisListTests" time="0.001">
    <error message="Could not connect; nested exception is redis.client.RedisException: Could not connect" type="org.springframework.data.redis.RedisConnectionFailureException">org.springframework.data.redis.RedisConnectionFailureException: Could not connect; nested exception is redis.client.RedisException: Could not connect
Caused by: redis.client.RedisException: Could not connect
Caused by: java.net.ConnectException: Conexão recusada
</error>
  </testcase>
  <testcase name="testPoll[16]" classname="org.springframework.data.redis.support.collections.RedisListTests" time="0">
    <error message="Could not connect; nested exception is redis.client.RedisException: Could not connect" type="org.springframework.data.redis.RedisConnectionFailureException">org.springframework.data.redis.RedisConnectionFailureException: Could not connect; nested exception is redis.client.RedisException: Could not connect
Caused by: redis.client.RedisException: Could not connect
Caused by: java.net.ConnectException: Conexão recusada
</error>
  </testcase>
  <testcase name="testPoll[16]" classname="org.springframework.data.redis.support.collections.RedisListTests" time="0.001">
    <error message="Could not connect; nested exception is redis.client.RedisException: Could not connect" type="org.springframework.data.redis.RedisConnectionFailureException">org.springframework.data.redis.RedisConnectionFailureException: Could not connect; nested exception is redis.client.RedisException: Could not connect
Caused by: redis.client.RedisException: Could not connect
Caused by: java.net.ConnectException: Conexão recusada
</error>
  </testcase>
  <testcase name="testTake[16]" classname="org.springframework.data.redis.support.collections.RedisListTests" time="0">
    <error message="Could not connect; nested exception is redis.client.RedisException: Could not connect" type="org.springframework.data.redis.RedisConnectionFailureException">org.springframework.data.redis.RedisConnectionFailureException: Could not connect; nested exception is redis.client.RedisException: Could not connect
Caused by: redis.client.RedisException: Could not connect
Caused by: java.net.ConnectException: Conexão recusada
</error>
  </testcase>
  <testcase name="testTake[16]" classname="org.springframework.data.redis.support.collections.RedisListTests" time="0">
    <error message="Could not connect; nested exception is redis.client.RedisException: Could not connect" type="org.springframework.data.redis.RedisConnectionFailureException">org.springframework.data.redis.RedisConnectionFailureException: Could not connect; nested exception is redis.client.RedisException: Could not connect
Caused by: redis.client.RedisException: Could not connect
Caused by: java.net.ConnectException: Conexão recusada
</error>
  </testcase>
  <testcase name="testTrim[16]" classname="org.springframework.data.redis.support.collections.RedisListTests" time="0.001">
    <error message="Could not connect; nested exception is redis.client.RedisException: Could not connect" type="org.springframework.data.redis.RedisConnectionFailureException">org.springframework.data.redis.RedisConnectionFailureException: Could not connect; nested exception is redis.client.RedisException: Could not connect
Caused by: redis.client.RedisException: Could not connect
Caused by: java.net.ConnectException: Conexão recusada
</error>
  </testcase>
  <testcase name="testTrim[16]" classname="org.springframework.data.redis.support.collections.RedisListTests" time="0.001">
    <error message="Could not connect; nested exception is redis.client.RedisException: Could not connect" type="org.springframework.data.redis.RedisConnectionFailureException">org.springframework.data.redis.RedisConnectionFailureException: Could not connect; nested exception is redis.client.RedisException: Could not connect
Caused by: redis.client.RedisException: Could not connect
Caused by: java.net.ConnectException: Conexão recusada
</error>
  </testcase>
  <testcase name="testDrainToCollection[16]" classname="org.springframework.data.redis.support.collections.RedisListTests" time="0">
    <error message="Could not connect; nested exception is redis.client.RedisException: Could not connect" type="org.springframework.data.redis.RedisConnectionFailureException">org.springframework.data.redis.RedisConnectionFailureException: Could not connect; nested exception is redis.client.RedisException: Could not connect
Caused by: redis.client.RedisException: Could not connect
Caused by: java.net.ConnectException: Conexão recusada
</error>
  </testcase>
  <testcase name="testDrainToCollection[16]" classname="org.springframework.data.redis.support.collections.RedisListTests" time="0">
    <error message="Could not connect; nested exception is redis.client.RedisException: Could not connect" type="org.springframework.data.redis.RedisConnectionFailureException">org.springframework.data.redis.RedisConnectionFailureException: Could not connect; nested exception is redis.client.RedisException: Could not connect
Caused by: redis.client.RedisException: Could not connect
Caused by: java.net.ConnectException: Conexão recusada
</error>
  </testcase>
  <testcase name="testRemoveFirst[16]" classname="org.springframework.data.redis.support.collections.RedisListTests" time="0.001">
    <error message="Could not connect; nested exception is redis.client.RedisException: Could not connect" type="org.springframework.data.redis.RedisConnectionFailureException">org.springframework.data.redis.RedisConnectionFailureException: Could not connect; nested exception is redis.client.RedisException: Could not connect
Caused by: redis.client.RedisException: Could not connect
Caused by: java.net.ConnectException: Conexão recusada
</error>
  </testcase>
  <testcase name="testRemoveFirst[16]" classname="org.springframework.data.redis.support.collections.RedisListTests" time="0.001">
    <error message="Could not connect; nested exception is redis.client.RedisException: Could not connect" type="org.springframework.data.redis.RedisConnectionFailureException">org.springframework.data.redis.RedisConnectionFailureException: Could not connect; nested exception is redis.client.RedisException: Could not connect
Caused by: redis.client.RedisException: Could not connect
Caused by: java.net.ConnectException: Conexão recusada
</error>
  </testcase>
  <testcase name="testRemoveIndex[16]" classname="org.springframework.data.redis.support.collections.RedisListTests" time="0">
    <error message="Could not connect; nested exception is redis.client.RedisException: Could not connect" type="org.springframework.data.redis.RedisConnectionFailureException">org.springframework.data.redis.RedisConnectionFailureException: Could not connect; nested exception is redis.client.RedisException: Could not connect
Caused by: redis.client.RedisException: Could not connect
Caused by: java.net.ConnectException: Conexão recusada
</error>
  </testcase>
  <testcase name="testPutLast[16]" classname="org.springframework.data.redis.support.collections.RedisListTests" time="0">
    <error message="Could not connect; nested exception is redis.client.RedisException: Could not connect" type="org.springframework.data.redis.RedisConnectionFailureException">org.springframework.data.redis.RedisConnectionFailureException: Could not connect; nested exception is redis.client.RedisException: Could not connect
Caused by: redis.client.RedisException: Could not connect
Caused by: java.net.ConnectException: Conexão recusada
</error>
  </testcase>
  <testcase name="testPutLast[16]" classname="org.springframework.data.redis.support.collections.RedisListTests" time="0">
    <error message="Could not connect; nested exception is redis.client.RedisException: Could not connect" type="org.springframework.data.redis.RedisConnectionFailureException">org.springframework.data.redis.RedisConnectionFailureException: Could not connect; nested exception is redis.client.RedisException: Could not connect
Caused by: redis.client.RedisException: Could not connect
Caused by: java.net.ConnectException: Conexão recusada
</error>
  </testcase>
  <testcase name="testOfferFirst[16]" classname="org.springframework.data.redis.support.collections.RedisListTests" time="0">
    <error message="Could not connect; nested exception is redis.client.RedisException: Could not connect" type="org.springframework.data.redis.RedisConnectionFailureException">org.springframework.data.redis.RedisConnectionFailureException: Could not connect; nested exception is redis.client.RedisException: Could not connect
Caused by: redis.client.RedisException: Could not connect
Caused by: java.net.ConnectException: Conexão recusada
</error>
  </testcase>
  <testcase name="testOfferFirst[16]" classname="org.springframework.data.redis.support.collections.RedisListTests" time="0.001">
    <error message="Could not connect; nested exception is redis.client.RedisException: Could not connect" type="org.springframework.data.redis.RedisConnectionFailureException">org.springframework.data.redis.RedisConnectionFailureException: Could not connect; nested exception is redis.client.RedisException: Could not connect
Caused by: redis.client.RedisException: Could not connect
Caused by: java.net.ConnectException: Conexão recusada
</error>
  </testcase>
  <testcase name="testDescendingIterator[16]" classname="org.springframework.data.redis.support.collections.RedisListTests" time="0">
    <error message="Could not connect; nested exception is redis.client.RedisException: Could not connect" type="org.springframework.data.redis.RedisConnectionFailureException">org.springframework.data.redis.RedisConnectionFailureException: Could not connect; nested exception is redis.client.RedisException: Could not connect
Caused by: redis.client.RedisException: Could not connect
Caused by: java.net.ConnectException: Conexão recusada
</error>
  </testcase>
  <testcase name="testDescendingIterator[16]" classname="org.springframework.data.redis.support.collections.RedisListTests" time="0">
    <error message="Could not connect; nested exception is redis.client.RedisException: Could not connect" type="org.springframework.data.redis.RedisConnectionFailureException">org.springframework.data.redis.RedisConnectionFailureException: Could not connect; nested exception is redis.client.RedisException: Could not connect
Caused by: redis.client.RedisException: Could not connect
Caused by: java.net.ConnectException: Conexão recusada
</error>
  </testcase>
  <testcase name="testAddFirst[16]" classname="org.springframework.data.redis.support.collections.RedisListTests" time="0.001">
    <error message="Could not connect; nested exception is redis.client.RedisException: Could not connect" type="org.springframework.data.redis.RedisConnectionFailureException">org.springframework.data.redis.RedisConnectionFailureException: Could not connect; nested exception is redis.client.RedisException: Could not connect
Caused by: redis.client.RedisException: Could not connect
Caused by: java.net.ConnectException: Conexão recusada
</error>
  </testcase>
  <testcase name="testAddFirst[16]" classname="org.springframework.data.redis.support.collections.RedisListTests" time="0.001">
    <error message="Could not connect; nested exception is redis.client.RedisException: Could not connect" type="org.springframework.data.redis.RedisConnectionFailureException">org.springframework.data.redis.RedisConnectionFailureException: Could not connect; nested exception is redis.client.RedisException: Could not connect
Caused by: redis.client.RedisException: Could not connect
Caused by: java.net.ConnectException: Conexão recusada
</error>
  </testcase>
  <testcase name="testDrainToCollectionWithMaxElements[16]" classname="org.springframework.data.redis.support.collections.RedisListTests" time="0">
    <error message="Could not connect; nested exception is redis.client.RedisException: Could not connect" type="org.springframework.data.redis.RedisConnectionFailureException">org.springframework.data.redis.RedisConnectionFailureException: Could not connect; nested exception is redis.client.RedisException: Could not connect
Caused by: redis.client.RedisException: Could not connect
Caused by: java.net.ConnectException: Conexão recusada
</error>
  </testcase>
  <testcase name="testDrainToCollectionWithMaxElements[16]" classname="org.springframework.data.redis.support.collections.RedisListTests" time="0">
    <error message="Could not connect; nested exception is redis.client.RedisException: Could not connect" type="org.springframework.data.redis.RedisConnectionFailureException">org.springframework.data.redis.RedisConnectionFailureException: Could not connect; nested exception is redis.client.RedisException: Could not connect
Caused by: redis.client.RedisException: Could not connect
Caused by: java.net.ConnectException: Conexão recusada
</error>
  </testcase>
  <testcase name="testTakeLast[16]" classname="org.springframework.data.redis.support.collections.RedisListTests" time="0.001">
    <error message="Could not connect; nested exception is redis.client.RedisException: Could not connect" type="org.springframework.data.redis.RedisConnectionFailureException">org.springframework.data.redis.RedisConnectionFailureException: Could not connect; nested exception is redis.client.RedisException: Could not connect
Caused by: redis.client.RedisException: Could not connect
Caused by: java.net.ConnectException: Conexão recusada
</error>
  </testcase>
  <testcase name="testTakeLast[16]" classname="org.springframework.data.redis.support.collections.RedisListTests" time="0.001">
    <error message="Could not connect; nested exception is redis.client.RedisException: Could not connect" type="org.springframework.data.redis.RedisConnectionFailureException">org.springframework.data.redis.RedisConnectionFailureException: Could not connect; nested exception is redis.client.RedisException: Could not connect
Caused by: redis.client.RedisException: Could not connect
Caused by: java.net.ConnectException: Conexão recusada
</error>
  </testcase>
  <testcase name="testRemainingCapacity[16]" classname="org.springframework.data.redis.support.collections.RedisListTests" time="0">
    <error message="Could not connect; nested exception is redis.client.RedisException: Could not connect" type="org.springframework.data.redis.RedisConnectionFailureException">org.springframework.data.redis.RedisConnectionFailureException: Could not connect; nested exception is redis.client.RedisException: Could not connect
Caused by: redis.client.RedisException: Could not connect
Caused by: java.net.ConnectException: Conexão recusada
</error>
  </testcase>
  <testcase name="testRemoveLast[16]" classname="org.springframework.data.redis.support.collections.RedisListTests" time="0.001">
    <error message="Could not connect; nested exception is redis.client.RedisException: Could not connect" type="org.springframework.data.redis.RedisConnectionFailureException">org.springframework.data.redis.RedisConnectionFailureException: Could not connect; nested exception is redis.client.RedisException: Could not connect
Caused by: redis.client.RedisException: Could not connect
Caused by: java.net.ConnectException: Conexão recusada
</error>
  </testcase>
  <testcase name="testRemoveLast[16]" classname="org.springframework.data.redis.support.collections.RedisListTests" time="0.001">
    <error message="Could not connect; nested exception is redis.client.RedisException: Could not connect" type="org.springframework.data.redis.RedisConnectionFailureException">org.springframework.data.redis.RedisConnectionFailureException: Could not connect; nested exception is redis.client.RedisException: Could not connect
Caused by: redis.client.RedisException: Could not connect
Caused by: java.net.ConnectException: Conexão recusada
</error>
  </testcase>
  <testcase name="testAddIndexObjectHead[16]" classname="org.springframework.data.redis.support.collections.RedisListTests" time="0.001">
    <error message="Could not connect; nested exception is redis.client.RedisException: Could not connect" type="org.springframework.data.redis.RedisConnectionFailureException">org.springframework.data.redis.RedisConnectionFailureException: Could not connect; nested exception is redis.client.RedisException: Could not connect
Caused by: redis.client.RedisException: Could not connect
Caused by: java.net.ConnectException: Conexão recusada
</error>
  </testcase>
  <testcase name="testAddIndexObjectHead[16]" classname="org.springframework.data.redis.support.collections.RedisListTests" time="0.001">
    <error message="Could not connect; nested exception is redis.client.RedisException: Could not connect" type="org.springframework.data.redis.RedisConnectionFailureException">org.springframework.data.redis.RedisConnectionFailureException: Could not connect; nested exception is redis.client.RedisException: Could not connect
Caused by: redis.client.RedisException: Could not connect
Caused by: java.net.ConnectException: Conexão recusada
</error>
  </testcase>
  <testcase name="testAddIndexObjectTail[16]" classname="org.springframework.data.redis.support.collections.RedisListTests" time="0">
    <error message="Could not connect; nested exception is redis.client.RedisException: Could not connect" type="org.springframework.data.redis.RedisConnectionFailureException">org.springframework.data.redis.RedisConnectionFailureException: Could not connect; nested exception is redis.client.RedisException: Could not connect
Caused by: redis.client.RedisException: Could not connect
Caused by: java.net.ConnectException: Conexão recusada
</error>
  </testcase>
  <testcase name="testAddIndexObjectTail[16]" classname="org.springframework.data.redis.support.collections.RedisListTests" time="0.001">
    <error message="Could not connect; nested exception is redis.client.RedisException: Could not connect" type="org.springframework.data.redis.RedisConnectionFailureException">org.springframework.data.redis.RedisConnectionFailureException: Could not connect; nested exception is redis.client.RedisException: Could not connect
Caused by: redis.client.RedisException: Could not connect
Caused by: java.net.ConnectException: Conexão recusada
</error>
  </testcase>
  <testcase name="testPollFirst[16]" classname="org.springframework.data.redis.support.collections.RedisListTests" time="0">
    <error message="Could not connect; nested exception is redis.client.RedisException: Could not connect" type="org.springframework.data.redis.RedisConnectionFailureException">org.springframework.data.redis.RedisConnectionFailureException: Could not connect; nested exception is redis.client.RedisException: Could not connect
Caused by: redis.client.RedisException: Could not connect
Caused by: java.net.ConnectException: Conexão recusada
</error>
  </testcase>
  <testcase name="testPollFirst[16]" classname="org.springframework.data.redis.support.collections.RedisListTests" time="0">
    <error message="Could not connect; nested exception is redis.client.RedisException: Could not connect" type="org.springframework.data.redis.RedisConnectionFailureException">org.springframework.data.redis.RedisConnectionFailureException: Could not connect; nested exception is redis.client.RedisException: Could not connect
Caused by: redis.client.RedisException: Could not connect
Caused by: java.net.ConnectException: Conexão recusada
</error>
  </testcase>
  <testcase name="testAddIndexObjectMiddle[16]" classname="org.springframework.data.redis.support.collections.RedisListTests" time="0">
    <error message="Unexpected exception, expected&lt;java.lang.IllegalArgumentException&gt; but was&lt;org.springframework.data.redis.RedisConnectionFailureException&gt;" type="java.lang.Exception"><![CDATA[java.lang.Exception: Unexpected exception, expected<java.lang.IllegalArgumentException> but was<org.springframework.data.redis.RedisConnectionFailureException>
Caused by: org.springframework.data.redis.RedisConnectionFailureException: Could not connect; nested exception is redis.client.RedisException: Could not connect
Caused by: redis.client.RedisException: Could not connect
Caused by: java.net.ConnectException: Conexão recusada
]]></error>
  </testcase>
  <testcase name="testAddIndexObjectMiddle[16]" classname="org.springframework.data.redis.support.collections.RedisListTests" time="0.001">
    <error message="Could not connect; nested exception is redis.client.RedisException: Could not connect" type="org.springframework.data.redis.RedisConnectionFailureException">org.springframework.data.redis.RedisConnectionFailureException: Could not connect; nested exception is redis.client.RedisException: Could not connect
Caused by: redis.client.RedisException: Could not connect
Caused by: java.net.ConnectException: Conexão recusada
</error>
  </testcase>
  <testcase name="testPeekLast[16]" classname="org.springframework.data.redis.support.collections.RedisListTests" time="0">
    <error message="Could not connect; nested exception is redis.client.RedisException: Could not connect" type="org.springframework.data.redis.RedisConnectionFailureException">org.springframework.data.redis.RedisConnectionFailureException: Could not connect; nested exception is redis.client.RedisException: Could not connect
Caused by: redis.client.RedisException: Could not connect
Caused by: java.net.ConnectException: Conexão recusada
</error>
  </testcase>
  <testcase name="testPeekLast[16]" classname="org.springframework.data.redis.support.collections.RedisListTests" time="0">
    <error message="Could not connect; nested exception is redis.client.RedisException: Could not connect" type="org.springframework.data.redis.RedisConnectionFailureException">org.springframework.data.redis.RedisConnectionFailureException: Could not connect; nested exception is redis.client.RedisException: Could not connect
Caused by: redis.client.RedisException: Could not connect
Caused by: java.net.ConnectException: Conexão recusada
</error>
  </testcase>
  <testcase name="testRemoveFirstOccurrence[16]" classname="org.springframework.data.redis.support.collections.RedisListTests" time="0.001">
    <error message="Could not connect; nested exception is redis.client.RedisException: Could not connect" type="org.springframework.data.redis.RedisConnectionFailureException">org.springframework.data.redis.RedisConnectionFailureException: Could not connect; nested exception is redis.client.RedisException: Could not connect
Caused by: redis.client.RedisException: Could not connect
Caused by: java.net.ConnectException: Conexão recusada
</error>
  </testcase>
  <testcase name="testRemoveFirstOccurrence[16]" classname="org.springframework.data.redis.support.collections.RedisListTests" time="0.001">
    <error message="Could not connect; nested exception is redis.client.RedisException: Could not connect" type="org.springframework.data.redis.RedisConnectionFailureException">org.springframework.data.redis.RedisConnectionFailureException: Could not connect; nested exception is redis.client.RedisException: Could not connect
Caused by: redis.client.RedisException: Could not connect
Caused by: java.net.ConnectException: Conexão recusada
</error>
  </testcase>
  <testcase name="addAllIndexCollectionHead[16]" classname="org.springframework.data.redis.support.collections.RedisListTests" time="0">
    <error message="Could not connect; nested exception is redis.client.RedisException: Could not connect" type="org.springframework.data.redis.RedisConnectionFailureException">org.springframework.data.redis.RedisConnectionFailureException: Could not connect; nested exception is redis.client.RedisException: Could not connect
Caused by: redis.client.RedisException: Could not connect
Caused by: java.net.ConnectException: Conexão recusada
</error>
  </testcase>
  <testcase name="addAllIndexCollectionHead[16]" classname="org.springframework.data.redis.support.collections.RedisListTests" time="0.001">
    <error message="Could not connect; nested exception is redis.client.RedisException: Could not connect" type="org.springframework.data.redis.RedisConnectionFailureException">org.springframework.data.redis.RedisConnectionFailureException: Could not connect; nested exception is redis.client.RedisException: Could not connect
Caused by: redis.client.RedisException: Could not connect
Caused by: java.net.ConnectException: Conexão recusada
</error>
  </testcase>
  <testcase name="addAllIndexCollectionTail[16]" classname="org.springframework.data.redis.support.collections.RedisListTests" time="0">
    <error message="Could not connect; nested exception is redis.client.RedisException: Could not connect" type="org.springframework.data.redis.RedisConnectionFailureException">org.springframework.data.redis.RedisConnectionFailureException: Could not connect; nested exception is redis.client.RedisException: Could not connect
Caused by: redis.client.RedisException: Could not connect
Caused by: java.net.ConnectException: Conexão recusada
</error>
  </testcase>
  <testcase name="addAllIndexCollectionTail[16]" classname="org.springframework.data.redis.support.collections.RedisListTests" time="0">
    <error message="Could not connect; nested exception is redis.client.RedisException: Could not connect" type="org.springframework.data.redis.RedisConnectionFailureException">org.springframework.data.redis.RedisConnectionFailureException: Could not connect; nested exception is redis.client.RedisException: Could not connect
Caused by: redis.client.RedisException: Could not connect
Caused by: java.net.ConnectException: Conexão recusada
</error>
  </testcase>
  <testcase name="addAllIndexCollectionMiddle[16]" classname="org.springframework.data.redis.support.collections.RedisListTests" time="0.002">
    <error message="Unexpected exception, expected&lt;java.lang.IllegalArgumentException&gt; but was&lt;org.springframework.data.redis.RedisConnectionFailureException&gt;" type="java.lang.Exception"><![CDATA[java.lang.Exception: Unexpected exception, expected<java.lang.IllegalArgumentException> but was<org.springframework.data.redis.RedisConnectionFailureException>
Caused by: org.springframework.data.redis.RedisConnectionFailureException: Could not connect; nested exception is redis.client.RedisException: Could not connect
Caused by: redis.client.RedisException: Could not connect
Caused by: java.net.ConnectException: Conexão recusada
]]></error>
  </testcase>
  <testcase name="addAllIndexCollectionMiddle[16]" classname="org.springframework.data.redis.support.collections.RedisListTests" time="0.002">
    <error message="Could not connect; nested exception is redis.client.RedisException: Could not connect" type="org.springframework.data.redis.RedisConnectionFailureException">org.springframework.data.redis.RedisConnectionFailureException: Could not connect; nested exception is redis.client.RedisException: Could not connect
Caused by: redis.client.RedisException: Could not connect
Caused by: java.net.ConnectException: Conexão recusada
</error>
  </testcase>
  <testcase name="testPollLast[16]" classname="org.springframework.data.redis.support.collections.RedisListTests" time="0">
    <error message="Could not connect; nested exception is redis.client.RedisException: Could not connect" type="org.springframework.data.redis.RedisConnectionFailureException">org.springframework.data.redis.RedisConnectionFailureException: Could not connect; nested exception is redis.client.RedisException: Could not connect
Caused by: redis.client.RedisException: Could not connect
Caused by: java.net.ConnectException: Conexão recusada
</error>
  </testcase>
  <testcase name="testPollLast[16]" classname="org.springframework.data.redis.support.collections.RedisListTests" time="0">
    <error message="Could not connect; nested exception is redis.client.RedisException: Could not connect" type="org.springframework.data.redis.RedisConnectionFailureException">org.springframework.data.redis.RedisConnectionFailureException: Could not connect; nested exception is redis.client.RedisException: Could not connect
Caused by: redis.client.RedisException: Could not connect
Caused by: java.net.ConnectException: Conexão recusada
</error>
  </testcase>
  <testcase name="testIndexOfObject[16]" classname="org.springframework.data.redis.support.collections.RedisListTests" time="0">
    <error message="Could not connect; nested exception is redis.client.RedisException: Could not connect" type="org.springframework.data.redis.RedisConnectionFailureException">org.springframework.data.redis.RedisConnectionFailureException: Could not connect; nested exception is redis.client.RedisException: Could not connect
Caused by: redis.client.RedisException: Could not connect
Caused by: java.net.ConnectException: Conexão recusada
</error>
  </testcase>
  <testcase name="testPollTimeout[16]" classname="org.springframework.data.redis.support.collections.RedisListTests" time="0.001">
    <error message="Could not connect; nested exception is redis.client.RedisException: Could not connect" type="org.springframework.data.redis.RedisConnectionFailureException">org.springframework.data.redis.RedisConnectionFailureException: Could not connect; nested exception is redis.client.RedisException: Could not connect
Caused by: redis.client.RedisException: Could not connect
Caused by: java.net.ConnectException: Conexão recusada
</error>
  </testcase>
  <testcase name="testPollTimeout[16]" classname="org.springframework.data.redis.support.collections.RedisListTests" time="0.001">
    <error message="Could not connect; nested exception is redis.client.RedisException: Could not connect" type="org.springframework.data.redis.RedisConnectionFailureException">org.springframework.data.redis.RedisConnectionFailureException: Could not connect; nested exception is redis.client.RedisException: Could not connect
Caused by: redis.client.RedisException: Could not connect
Caused by: java.net.ConnectException: Conexão recusada
</error>
  </testcase>
  <testcase name="testRemove[16]" classname="org.springframework.data.redis.support.collections.RedisListTests" time="0">
    <error message="Could not connect; nested exception is redis.client.RedisException: Could not connect" type="org.springframework.data.redis.RedisConnectionFailureException">org.springframework.data.redis.RedisConnectionFailureException: Could not connect; nested exception is redis.client.RedisException: Could not connect
Caused by: redis.client.RedisException: Could not connect
Caused by: java.net.ConnectException: Conexão recusada
</error>
  </testcase>
  <testcase name="testRemove[16]" classname="org.springframework.data.redis.support.collections.RedisListTests" time="0.001">
    <error message="Could not connect; nested exception is redis.client.RedisException: Could not connect" type="org.springframework.data.redis.RedisConnectionFailureException">org.springframework.data.redis.RedisConnectionFailureException: Could not connect; nested exception is redis.client.RedisException: Could not connect
Caused by: redis.client.RedisException: Could not connect
Caused by: java.net.ConnectException: Conexão recusada
</error>
  </testcase>
  <testcase name="testCappedCollection[16]" classname="org.springframework.data.redis.support.collections.RedisListTests" time="0">
    <error message="Could not connect; nested exception is redis.client.RedisException: Could not connect" type="org.springframework.data.redis.RedisConnectionFailureException">org.springframework.data.redis.RedisConnectionFailureException: Could not connect; nested exception is redis.client.RedisException: Could not connect
Caused by: redis.client.RedisException: Could not connect
Caused by: java.net.ConnectException: Conexão recusada
</error>
  </testcase>
  <testcase name="testCappedCollection[16]" classname="org.springframework.data.redis.support.collections.RedisListTests" time="0">
    <error message="Could not connect; nested exception is redis.client.RedisException: Could not connect" type="org.springframework.data.redis.RedisConnectionFailureException">org.springframework.data.redis.RedisConnectionFailureException: Could not connect; nested exception is redis.client.RedisException: Could not connect
Caused by: redis.client.RedisException: Could not connect
Caused by: java.net.ConnectException: Conexão recusada
</error>
  </testcase>
  <testcase name="testRmoveLastOccurrence[16]" classname="org.springframework.data.redis.support.collections.RedisListTests" time="0.002">
    <error message="Could not connect; nested exception is redis.client.RedisException: Could not connect" type="org.springframework.data.redis.RedisConnectionFailureException">org.springframework.data.redis.RedisConnectionFailureException: Could not connect; nested exception is redis.client.RedisException: Could not connect
Caused by: redis.client.RedisException: Could not connect
Caused by: java.net.ConnectException: Conexão recusada
</error>
  </testcase>
  <testcase name="testRmoveLastOccurrence[16]" classname="org.springframework.data.redis.support.collections.RedisListTests" time="0.003">
    <error message="Could not connect; nested exception is redis.client.RedisException: Could not connect" type="org.springframework.data.redis.RedisConnectionFailureException">org.springframework.data.redis.RedisConnectionFailureException: Could not connect; nested exception is redis.client.RedisException: Could not connect
Caused by: redis.client.RedisException: Could not connect
Caused by: java.net.ConnectException: Conexão recusada
</error>
  </testcase>
  <testcase name="testTakeFirst[16]" classname="org.springframework.data.redis.support.collections.RedisListTests" time="0">
    <error message="Could not connect; nested exception is redis.client.RedisException: Could not connect" type="org.springframework.data.redis.RedisConnectionFailureException">org.springframework.data.redis.RedisConnectionFailureException: Could not connect; nested exception is redis.client.RedisException: Could not connect
Caused by: redis.client.RedisException: Could not connect
Caused by: java.net.ConnectException: Conexão recusada
</error>
  </testcase>
  <testcase name="testTakeFirst[16]" classname="org.springframework.data.redis.support.collections.RedisListTests" time="0">
    <error message="Could not connect; nested exception is redis.client.RedisException: Could not connect" type="org.springframework.data.redis.RedisConnectionFailureException">org.springframework.data.redis.RedisConnectionFailureException: Could not connect; nested exception is redis.client.RedisException: Could not connect
Caused by: redis.client.RedisException: Could not connect
Caused by: java.net.ConnectException: Conexão recusada
</error>
  </testcase>
  <testcase name="testContainsObject[16]" classname="org.springframework.data.redis.support.collections.RedisListTests" time="0.001">
    <error message="Could not connect; nested exception is redis.client.RedisException: Could not connect" type="org.springframework.data.redis.RedisConnectionFailureException">org.springframework.data.redis.RedisConnectionFailureException: Could not connect; nested exception is redis.client.RedisException: Could not connect
Caused by: redis.client.RedisException: Could not connect
Caused by: java.net.ConnectException: Conexão recusada
</error>
  </testcase>
  <testcase name="testContainsObject[16]" classname="org.springframework.data.redis.support.collections.RedisListTests" time="0.001">
    <error message="Could not connect; nested exception is redis.client.RedisException: Could not connect" type="org.springframework.data.redis.RedisConnectionFailureException">org.springframework.data.redis.RedisConnectionFailureException: Could not connect; nested exception is redis.client.RedisException: Could not connect
Caused by: redis.client.RedisException: Could not connect
Caused by: java.net.ConnectException: Conexão recusada
</error>
  </testcase>
  <testcase name="testToArray[16]" classname="org.springframework.data.redis.support.collections.RedisListTests" time="0.001">
    <error message="Could not connect; nested exception is redis.client.RedisException: Could not connect" type="org.springframework.data.redis.RedisConnectionFailureException">org.springframework.data.redis.RedisConnectionFailureException: Could not connect; nested exception is redis.client.RedisException: Could not connect
Caused by: redis.client.RedisException: Could not connect
Caused by: java.net.ConnectException: Conexão recusada
</error>
  </testcase>
  <testcase name="testToArray[16]" classname="org.springframework.data.redis.support.collections.RedisListTests" time="0.001">
    <error message="Could not connect; nested exception is redis.client.RedisException: Could not connect" type="org.springframework.data.redis.RedisConnectionFailureException">org.springframework.data.redis.RedisConnectionFailureException: Could not connect; nested exception is redis.client.RedisException: Could not connect
Caused by: redis.client.RedisException: Could not connect
Caused by: java.net.ConnectException: Conexão recusada
</error>
  </testcase>
  <testcase name="testAdd[16]" classname="org.springframework.data.redis.support.collections.RedisListTests" time="0">
    <error message="Could not connect; nested exception is redis.client.RedisException: Could not connect" type="org.springframework.data.redis.RedisConnectionFailureException">org.springframework.data.redis.RedisConnectionFailureException: Could not connect; nested exception is redis.client.RedisException: Could not connect
Caused by: redis.client.RedisException: Could not connect
Caused by: java.net.ConnectException: Conexão recusada
</error>
  </testcase>
  <testcase name="testAdd[16]" classname="org.springframework.data.redis.support.collections.RedisListTests" time="0.001">
    <error message="Could not connect; nested exception is redis.client.RedisException: Could not connect" type="org.springframework.data.redis.RedisConnectionFailureException">org.springframework.data.redis.RedisConnectionFailureException: Could not connect; nested exception is redis.client.RedisException: Could not connect
Caused by: redis.client.RedisException: Could not connect
Caused by: java.net.ConnectException: Conexão recusada
</error>
  </testcase>
  <testcase name="testClear[16]" classname="org.springframework.data.redis.support.collections.RedisListTests" time="0">
    <error message="Could not connect; nested exception is redis.client.RedisException: Could not connect" type="org.springframework.data.redis.RedisConnectionFailureException">org.springframework.data.redis.RedisConnectionFailureException: Could not connect; nested exception is redis.client.RedisException: Could not connect
Caused by: redis.client.RedisException: Could not connect
Caused by: java.net.ConnectException: Conexão recusada
</error>
  </testcase>
  <testcase name="testClear[16]" classname="org.springframework.data.redis.support.collections.RedisListTests" time="0">
    <error message="Could not connect; nested exception is redis.client.RedisException: Could not connect" type="org.springframework.data.redis.RedisConnectionFailureException">org.springframework.data.redis.RedisConnectionFailureException: Could not connect; nested exception is redis.client.RedisException: Could not connect
Caused by: redis.client.RedisException: Could not connect
Caused by: java.net.ConnectException: Conexão recusada
</error>
  </testcase>
  <testcase name="testSize[16]" classname="org.springframework.data.redis.support.collections.RedisListTests" time="0.001">
    <error message="Could not connect; nested exception is redis.client.RedisException: Could not connect" type="org.springframework.data.redis.RedisConnectionFailureException">org.springframework.data.redis.RedisConnectionFailureException: Could not connect; nested exception is redis.client.RedisException: Could not connect
Caused by: redis.client.RedisException: Could not connect
Caused by: java.net.ConnectException: Conexão recusada
</error>
  </testcase>
  <testcase name="testSize[16]" classname="org.springframework.data.redis.support.collections.RedisListTests" time="0.001">
    <error message="Could not connect; nested exception is redis.client.RedisException: Could not connect" type="org.springframework.data.redis.RedisConnectionFailureException">org.springframework.data.redis.RedisConnectionFailureException: Could not connect; nested exception is redis.client.RedisException: Could not connect
Caused by: redis.client.RedisException: Could not connect
Caused by: java.net.ConnectException: Conexão recusada
</error>
  </testcase>
  <testcase name="testToString[16]" classname="org.springframework.data.redis.support.collections.RedisListTests" time="0">
    <error message="Could not connect; nested exception is redis.client.RedisException: Could not connect" type="org.springframework.data.redis.RedisConnectionFailureException">org.springframework.data.redis.RedisConnectionFailureException: Could not connect; nested exception is redis.client.RedisException: Could not connect
Caused by: redis.client.RedisException: Could not connect
Caused by: java.net.ConnectException: Conexão recusada
</error>
  </testcase>
  <testcase name="testToString[16]" classname="org.springframework.data.redis.support.collections.RedisListTests" time="0">
    <error message="Could not connect; nested exception is redis.client.RedisException: Could not connect" type="org.springframework.data.redis.RedisConnectionFailureException">org.springframework.data.redis.RedisConnectionFailureException: Could not connect; nested exception is redis.client.RedisException: Could not connect
Caused by: redis.client.RedisException: Could not connect
Caused by: java.net.ConnectException: Conexão recusada
</error>
  </testcase>
  <testcase name="testContainsAll[16]" classname="org.springframework.data.redis.support.collections.RedisListTests" time="0.001">
    <error message="Could not connect; nested exception is redis.client.RedisException: Could not connect" type="org.springframework.data.redis.RedisConnectionFailureException">org.springframework.data.redis.RedisConnectionFailureException: Could not connect; nested exception is redis.client.RedisException: Could not connect
Caused by: redis.client.RedisException: Could not connect
Caused by: java.net.ConnectException: Conexão recusada
</error>
  </testcase>
  <testcase name="testContainsAll[16]" classname="org.springframework.data.redis.support.collections.RedisListTests" time="0.001">
    <error message="Could not connect; nested exception is redis.client.RedisException: Could not connect" type="org.springframework.data.redis.RedisConnectionFailureException">org.springframework.data.redis.RedisConnectionFailureException: Could not connect; nested exception is redis.client.RedisException: Could not connect
Caused by: redis.client.RedisException: Could not connect
Caused by: java.net.ConnectException: Conexão recusada
</error>
  </testcase>
  <testcase name="testRemoveObject[16]" classname="org.springframework.data.redis.support.collections.RedisListTests" time="0.001">
    <error message="Could not connect; nested exception is redis.client.RedisException: Could not connect" type="org.springframework.data.redis.RedisConnectionFailureException">org.springframework.data.redis.RedisConnectionFailureException: Could not connect; nested exception is redis.client.RedisException: Could not connect
Caused by: redis.client.RedisException: Could not connect
Caused by: java.net.ConnectException: Conexão recusada
</error>
  </testcase>
  <testcase name="testRemoveObject[16]" classname="org.springframework.data.redis.support.collections.RedisListTests" time="0.001">
    <error message="Could not connect; nested exception is redis.client.RedisException: Could not connect" type="org.springframework.data.redis.RedisConnectionFailureException">org.springframework.data.redis.RedisConnectionFailureException: Could not connect; nested exception is redis.client.RedisException: Could not connect
Caused by: redis.client.RedisException: Could not connect
Caused by: java.net.ConnectException: Conexão recusada
</error>
  </testcase>
  <testcase name="testHashCode[16]" classname="org.springframework.data.redis.support.collections.RedisListTests" time="0">
    <error message="Could not connect; nested exception is redis.client.RedisException: Could not connect" type="org.springframework.data.redis.RedisConnectionFailureException">org.springframework.data.redis.RedisConnectionFailureException: Could not connect; nested exception is redis.client.RedisException: Could not connect
Caused by: redis.client.RedisException: Could not connect
Caused by: java.net.ConnectException: Conexão recusada
</error>
  </testcase>
  <testcase name="testAddAll[16]" classname="org.springframework.data.redis.support.collections.RedisListTests" time="0.001">
    <error message="Could not connect; nested exception is redis.client.RedisException: Could not connect" type="org.springframework.data.redis.RedisConnectionFailureException">org.springframework.data.redis.RedisConnectionFailureException: Could not connect; nested exception is redis.client.RedisException: Could not connect
Caused by: redis.client.RedisException: Could not connect
Caused by: java.net.ConnectException: Conexão recusada
</error>
  </testcase>
  <testcase name="testAddAll[16]" classname="org.springframework.data.redis.support.collections.RedisListTests" time="0.001">
    <error message="Could not connect; nested exception is redis.client.RedisException: Could not connect" type="org.springframework.data.redis.RedisConnectionFailureException">org.springframework.data.redis.RedisConnectionFailureException: Could not connect; nested exception is redis.client.RedisException: Could not connect
Caused by: redis.client.RedisException: Could not connect
Caused by: java.net.ConnectException: Conexão recusada
</error>
  </testcase>
  <testcase name="removeAll[16]" classname="org.springframework.data.redis.support.collections.RedisListTests" time="0">
    <error message="Could not connect; nested exception is redis.client.RedisException: Could not connect" type="org.springframework.data.redis.RedisConnectionFailureException">org.springframework.data.redis.RedisConnectionFailureException: Could not connect; nested exception is redis.client.RedisException: Could not connect
Caused by: redis.client.RedisException: Could not connect
Caused by: java.net.ConnectException: Conexão recusada
</error>
  </testcase>
  <testcase name="removeAll[16]" classname="org.springframework.data.redis.support.collections.RedisListTests" time="0">
    <error message="Could not connect; nested exception is redis.client.RedisException: Could not connect" type="org.springframework.data.redis.RedisConnectionFailureException">org.springframework.data.redis.RedisConnectionFailureException: Could not connect; nested exception is redis.client.RedisException: Could not connect
Caused by: redis.client.RedisException: Could not connect
Caused by: java.net.ConnectException: Conexão recusada
</error>
  </testcase>
  <testcase name="testEquals[16]" classname="org.springframework.data.redis.support.collections.RedisListTests" time="0.001">
    <error message="Could not connect; nested exception is redis.client.RedisException: Could not connect" type="org.springframework.data.redis.RedisConnectionFailureException">org.springframework.data.redis.RedisConnectionFailureException: Could not connect; nested exception is redis.client.RedisException: Could not connect
Caused by: redis.client.RedisException: Could not connect
Caused by: java.net.ConnectException: Conexão recusada
</error>
  </testcase>
  <testcase name="testGetKey[16]" classname="org.springframework.data.redis.support.collections.RedisListTests" time="0">
    <error message="Could not connect; nested exception is redis.client.RedisException: Could not connect" type="org.springframework.data.redis.RedisConnectionFailureException">org.springframework.data.redis.RedisConnectionFailureException: Could not connect; nested exception is redis.client.RedisException: Could not connect
Caused by: redis.client.RedisException: Could not connect
Caused by: java.net.ConnectException: Conexão recusada
</error>
  </testcase>
  <testcase name="testToArrayWithGenerics[16]" classname="org.springframework.data.redis.support.collections.RedisListTests" time="0">
    <error message="Could not connect; nested exception is redis.client.RedisException: Could not connect" type="org.springframework.data.redis.RedisConnectionFailureException">org.springframework.data.redis.RedisConnectionFailureException: Could not connect; nested exception is redis.client.RedisException: Could not connect
Caused by: redis.client.RedisException: Could not connect
Caused by: java.net.ConnectException: Conexão recusada
</error>
  </testcase>
  <testcase name="testToArrayWithGenerics[16]" classname="org.springframework.data.redis.support.collections.RedisListTests" time="0.001">
    <error message="Could not connect; nested exception is redis.client.RedisException: Could not connect" type="org.springframework.data.redis.RedisConnectionFailureException">org.springframework.data.redis.RedisConnectionFailureException: Could not connect; nested exception is redis.client.RedisException: Could not connect
Caused by: redis.client.RedisException: Could not connect
Caused by: java.net.ConnectException: Conexão recusada
</error>
  </testcase>
  <testcase name="testIsEmpty[16]" classname="org.springframework.data.redis.support.collections.RedisListTests" time="0">
    <error message="Could not connect; nested exception is redis.client.RedisException: Could not connect" type="org.springframework.data.redis.RedisConnectionFailureException">org.springframework.data.redis.RedisConnectionFailureException: Could not connect; nested exception is redis.client.RedisException: Could not connect
Caused by: redis.client.RedisException: Could not connect
Caused by: java.net.ConnectException: Conexão recusada
</error>
  </testcase>
  <testcase name="testIsEmpty[16]" classname="org.springframework.data.redis.support.collections.RedisListTests" time="0">
    <error message="Could not connect; nested exception is redis.client.RedisException: Could not connect" type="org.springframework.data.redis.RedisConnectionFailureException">org.springframework.data.redis.RedisConnectionFailureException: Could not connect; nested exception is redis.client.RedisException: Could not connect
Caused by: redis.client.RedisException: Could not connect
Caused by: java.net.ConnectException: Conexão recusada
</error>
  </testcase>
  <testcase name="testIterator[16]" classname="org.springframework.data.redis.support.collections.RedisListTests" time="0.001">
    <error message="Could not connect; nested exception is redis.client.RedisException: Could not connect" type="org.springframework.data.redis.RedisConnectionFailureException">org.springframework.data.redis.RedisConnectionFailureException: Could not connect; nested exception is redis.client.RedisException: Could not connect
Caused by: redis.client.RedisException: Could not connect
Caused by: java.net.ConnectException: Conexão recusada
</error>
  </testcase>
  <testcase name="testIterator[16]" classname="org.springframework.data.redis.support.collections.RedisListTests" time="0.001">
    <error message="Could not connect; nested exception is redis.client.RedisException: Could not connect" type="org.springframework.data.redis.RedisConnectionFailureException">org.springframework.data.redis.RedisConnectionFailureException: Could not connect; nested exception is redis.client.RedisException: Could not connect
Caused by: redis.client.RedisException: Could not connect
Caused by: java.net.ConnectException: Conexão recusada
</error>
  </testcase>
  <testcase name="testElement[17]" classname="org.springframework.data.redis.support.collections.RedisListTests" time="0">
    <error message="Could not connect; nested exception is redis.client.RedisException: Could not connect" type="org.springframework.data.redis.RedisConnectionFailureException">org.springframework.data.redis.RedisConnectionFailureException: Could not connect; nested exception is redis.client.RedisException: Could not connect
Caused by: redis.client.RedisException: Could not connect
Caused by: java.net.ConnectException: Conexão recusada
</error>
  </testcase>
  <testcase name="testElement[17]" classname="org.springframework.data.redis.support.collections.RedisListTests" time="0.001">
    <error message="Could not connect; nested exception is redis.client.RedisException: Could not connect" type="org.springframework.data.redis.RedisConnectionFailureException">org.springframework.data.redis.RedisConnectionFailureException: Could not connect; nested exception is redis.client.RedisException: Could not connect
Caused by: redis.client.RedisException: Could not connect
Caused by: java.net.ConnectException: Conexão recusada
</error>
  </testcase>
  <testcase name="testPutFirst[17]" classname="org.springframework.data.redis.support.collections.RedisListTests" time="0">
    <error message="Could not connect; nested exception is redis.client.RedisException: Could not connect" type="org.springframework.data.redis.RedisConnectionFailureException">org.springframework.data.redis.RedisConnectionFailureException: Could not connect; nested exception is redis.client.RedisException: Could not connect
Caused by: redis.client.RedisException: Could not connect
Caused by: java.net.ConnectException: Conexão recusada
</error>
  </testcase>
  <testcase name="testPutFirst[17]" classname="org.springframework.data.redis.support.collections.RedisListTests" time="0">
    <error message="Could not connect; nested exception is redis.client.RedisException: Could not connect" type="org.springframework.data.redis.RedisConnectionFailureException">org.springframework.data.redis.RedisConnectionFailureException: Could not connect; nested exception is redis.client.RedisException: Could not connect
Caused by: redis.client.RedisException: Could not connect
Caused by: java.net.ConnectException: Conexão recusada
</error>
  </testcase>
  <testcase name="testPollLastTimeout[17]" classname="org.springframework.data.redis.support.collections.RedisListTests" time="0.001">
    <error message="Could not connect; nested exception is redis.client.RedisException: Could not connect" type="org.springframework.data.redis.RedisConnectionFailureException">org.springframework.data.redis.RedisConnectionFailureException: Could not connect; nested exception is redis.client.RedisException: Could not connect
Caused by: redis.client.RedisException: Could not connect
Caused by: java.net.ConnectException: Conexão recusada
</error>
  </testcase>
  <testcase name="testPollLastTimeout[17]" classname="org.springframework.data.redis.support.collections.RedisListTests" time="0.001">
    <error message="Could not connect; nested exception is redis.client.RedisException: Could not connect" type="org.springframework.data.redis.RedisConnectionFailureException">org.springframework.data.redis.RedisConnectionFailureException: Could not connect; nested exception is redis.client.RedisException: Could not connect
Caused by: redis.client.RedisException: Could not connect
Caused by: java.net.ConnectException: Conexão recusada
</error>
  </testcase>
  <testcase name="testPeekFirst[17]" classname="org.springframework.data.redis.support.collections.RedisListTests" time="0.001">
    <error message="Could not connect; nested exception is redis.client.RedisException: Could not connect" type="org.springframework.data.redis.RedisConnectionFailureException">org.springframework.data.redis.RedisConnectionFailureException: Could not connect; nested exception is redis.client.RedisException: Could not connect
Caused by: redis.client.RedisException: Could not connect
Caused by: java.net.ConnectException: Conexão recusada
</error>
  </testcase>
  <testcase name="testPeekFirst[17]" classname="org.springframework.data.redis.support.collections.RedisListTests" time="0.001">
    <error message="Could not connect; nested exception is redis.client.RedisException: Could not connect" type="org.springframework.data.redis.RedisConnectionFailureException">org.springframework.data.redis.RedisConnectionFailureException: Could not connect; nested exception is redis.client.RedisException: Could not connect
Caused by: redis.client.RedisException: Could not connect
Caused by: java.net.ConnectException: Conexão recusada
</error>
  </testcase>
  <testcase name="testOfferLast[17]" classname="org.springframework.data.redis.support.collections.RedisListTests" time="0">
    <error message="Could not connect; nested exception is redis.client.RedisException: Could not connect" type="org.springframework.data.redis.RedisConnectionFailureException">org.springframework.data.redis.RedisConnectionFailureException: Could not connect; nested exception is redis.client.RedisException: Could not connect
Caused by: redis.client.RedisException: Could not connect
Caused by: java.net.ConnectException: Conexão recusada
</error>
  </testcase>
  <testcase name="testOfferLast[17]" classname="org.springframework.data.redis.support.collections.RedisListTests" time="0.001">
    <error message="Could not connect; nested exception is redis.client.RedisException: Could not connect" type="org.springframework.data.redis.RedisConnectionFailureException">org.springframework.data.redis.RedisConnectionFailureException: Could not connect; nested exception is redis.client.RedisException: Could not connect
Caused by: redis.client.RedisException: Could not connect
Caused by: java.net.ConnectException: Conexão recusada
</error>
  </testcase>
  <testcase name="testGetFirst[17]" classname="org.springframework.data.redis.support.collections.RedisListTests" time="0">
    <error message="Could not connect; nested exception is redis.client.RedisException: Could not connect" type="org.springframework.data.redis.RedisConnectionFailureException">org.springframework.data.redis.RedisConnectionFailureException: Could not connect; nested exception is redis.client.RedisException: Could not connect
Caused by: redis.client.RedisException: Could not connect
Caused by: java.net.ConnectException: Conexão recusada
</error>
  </testcase>
  <testcase name="testGetFirst[17]" classname="org.springframework.data.redis.support.collections.RedisListTests" time="0">
    <error message="Could not connect; nested exception is redis.client.RedisException: Could not connect" type="org.springframework.data.redis.RedisConnectionFailureException">org.springframework.data.redis.RedisConnectionFailureException: Could not connect; nested exception is redis.client.RedisException: Could not connect
Caused by: redis.client.RedisException: Could not connect
Caused by: java.net.ConnectException: Conexão recusada
</error>
  </testcase>
  <testcase name="testAddLast[17]" classname="org.springframework.data.redis.support.collections.RedisListTests" time="0.001">
    <error message="Could not connect; nested exception is redis.client.RedisException: Could not connect" type="org.springframework.data.redis.RedisConnectionFailureException">org.springframework.data.redis.RedisConnectionFailureException: Could not connect; nested exception is redis.client.RedisException: Could not connect
Caused by: redis.client.RedisException: Could not connect
Caused by: java.net.ConnectException: Conexão recusada
</error>
  </testcase>
  <testcase name="testAddLast[17]" classname="org.springframework.data.redis.support.collections.RedisListTests" time="0.001">
    <error message="Could not connect; nested exception is redis.client.RedisException: Could not connect" type="org.springframework.data.redis.RedisConnectionFailureException">org.springframework.data.redis.RedisConnectionFailureException: Could not connect; nested exception is redis.client.RedisException: Could not connect
Caused by: redis.client.RedisException: Could not connect
Caused by: java.net.ConnectException: Conexão recusada
</error>
  </testcase>
  <testcase name="testPop[17]" classname="org.springframework.data.redis.support.collections.RedisListTests" time="0">
    <error message="Could not connect; nested exception is redis.client.RedisException: Could not connect" type="org.springframework.data.redis.RedisConnectionFailureException">org.springframework.data.redis.RedisConnectionFailureException: Could not connect; nested exception is redis.client.RedisException: Could not connect
Caused by: redis.client.RedisException: Could not connect
Caused by: java.net.ConnectException: Conexão recusada
</error>
  </testcase>
  <testcase name="testPop[17]" classname="org.springframework.data.redis.support.collections.RedisListTests" time="0.001">
    <error message="Could not connect; nested exception is redis.client.RedisException: Could not connect" type="org.springframework.data.redis.RedisConnectionFailureException">org.springframework.data.redis.RedisConnectionFailureException: Could not connect; nested exception is redis.client.RedisException: Could not connect
Caused by: redis.client.RedisException: Could not connect
Caused by: java.net.ConnectException: Conexão recusada
</error>
  </testcase>
  <testcase name="testPut[17]" classname="org.springframework.data.redis.support.collections.RedisListTests" time="0">
    <error message="Could not connect; nested exception is redis.client.RedisException: Could not connect" type="org.springframework.data.redis.RedisConnectionFailureException">org.springframework.data.redis.RedisConnectionFailureException: Could not connect; nested exception is redis.client.RedisException: Could not connect
Caused by: redis.client.RedisException: Could not connect
Caused by: java.net.ConnectException: Conexão recusada
</error>
  </testcase>
  <testcase name="testPut[17]" classname="org.springframework.data.redis.support.collections.RedisListTests" time="0">
    <error message="Could not connect; nested exception is redis.client.RedisException: Could not connect" type="org.springframework.data.redis.RedisConnectionFailureException">org.springframework.data.redis.RedisConnectionFailureException: Could not connect; nested exception is redis.client.RedisException: Could not connect
Caused by: redis.client.RedisException: Could not connect
Caused by: java.net.ConnectException: Conexão recusada
</error>
  </testcase>
  <testcase name="testSet[17]" classname="org.springframework.data.redis.support.collections.RedisListTests" time="0">
    <error message="Could not connect; nested exception is redis.client.RedisException: Could not connect" type="org.springframework.data.redis.RedisConnectionFailureException">org.springframework.data.redis.RedisConnectionFailureException: Could not connect; nested exception is redis.client.RedisException: Could not connect
Caused by: redis.client.RedisException: Could not connect
Caused by: java.net.ConnectException: Conexão recusada
</error>
  </testcase>
  <testcase name="testSet[17]" classname="org.springframework.data.redis.support.collections.RedisListTests" time="0">
    <error message="Could not connect; nested exception is redis.client.RedisException: Could not connect" type="org.springframework.data.redis.RedisConnectionFailureException">org.springframework.data.redis.RedisConnectionFailureException: Could not connect; nested exception is redis.client.RedisException: Could not connect
Caused by: redis.client.RedisException: Could not connect
Caused by: java.net.ConnectException: Conexão recusada
</error>
  </testcase>
  <testcase name="testOffer[17]" classname="org.springframework.data.redis.support.collections.RedisListTests" time="0.001">
    <error message="Could not connect; nested exception is redis.client.RedisException: Could not connect" type="org.springframework.data.redis.RedisConnectionFailureException">org.springframework.data.redis.RedisConnectionFailureException: Could not connect; nested exception is redis.client.RedisException: Could not connect
Caused by: redis.client.RedisException: Could not connect
Caused by: java.net.ConnectException: Conexão recusada
</error>
  </testcase>
  <testcase name="testOffer[17]" classname="org.springframework.data.redis.support.collections.RedisListTests" time="0.001">
    <error message="Could not connect; nested exception is redis.client.RedisException: Could not connect" type="org.springframework.data.redis.RedisConnectionFailureException">org.springframework.data.redis.RedisConnectionFailureException: Could not connect; nested exception is redis.client.RedisException: Could not connect
Caused by: redis.client.RedisException: Could not connect
Caused by: java.net.ConnectException: Conexão recusada
</error>
  </testcase>
  <testcase name="testRange[17]" classname="org.springframework.data.redis.support.collections.RedisListTests" time="0">
    <error message="Could not connect; nested exception is redis.client.RedisException: Could not connect" type="org.springframework.data.redis.RedisConnectionFailureException">org.springframework.data.redis.RedisConnectionFailureException: Could not connect; nested exception is redis.client.RedisException: Could not connect
Caused by: redis.client.RedisException: Could not connect
Caused by: java.net.ConnectException: Conexão recusada
</error>
  </testcase>
  <testcase name="testRange[17]" classname="org.springframework.data.redis.support.collections.RedisListTests" time="0">
    <error message="Could not connect; nested exception is redis.client.RedisException: Could not connect" type="org.springframework.data.redis.RedisConnectionFailureException">org.springframework.data.redis.RedisConnectionFailureException: Could not connect; nested exception is redis.client.RedisException: Could not connect
Caused by: redis.client.RedisException: Could not connect
Caused by: java.net.ConnectException: Conexão recusada
</error>
  </testcase>
  <testcase name="testLast[17]" classname="org.springframework.data.redis.support.collections.RedisListTests" time="0.004">
    <error message="Could not connect; nested exception is redis.client.RedisException: Could not connect" type="org.springframework.data.redis.RedisConnectionFailureException">org.springframework.data.redis.RedisConnectionFailureException: Could not connect; nested exception is redis.client.RedisException: Could not connect
Caused by: redis.client.RedisException: Could not connect
Caused by: java.net.ConnectException: Conexão recusada
</error>
  </testcase>
  <testcase name="testLast[17]" classname="org.springframework.data.redis.support.collections.RedisListTests" time="0.004">
    <error message="Could not connect; nested exception is redis.client.RedisException: Could not connect" type="org.springframework.data.redis.RedisConnectionFailureException">org.springframework.data.redis.RedisConnectionFailureException: Could not connect; nested exception is redis.client.RedisException: Could not connect
Caused by: redis.client.RedisException: Could not connect
Caused by: java.net.ConnectException: Conexão recusada
</error>
  </testcase>
  <testcase name="testPeek[17]" classname="org.springframework.data.redis.support.collections.RedisListTests" time="0.008">
    <error message="Could not connect; nested exception is redis.client.RedisException: Could not connect" type="org.springframework.data.redis.RedisConnectionFailureException">org.springframework.data.redis.RedisConnectionFailureException: Could not connect; nested exception is redis.client.RedisException: Could not connect
Caused by: redis.client.RedisException: Could not connect
Caused by: java.net.ConnectException: Conexão recusada
</error>
  </testcase>
  <testcase name="testPeek[17]" classname="org.springframework.data.redis.support.collections.RedisListTests" time="0.008">
    <error message="Could not connect; nested exception is redis.client.RedisException: Could not connect" type="org.springframework.data.redis.RedisConnectionFailureException">org.springframework.data.redis.RedisConnectionFailureException: Could not connect; nested exception is redis.client.RedisException: Could not connect
Caused by: redis.client.RedisException: Could not connect
Caused by: java.net.ConnectException: Conexão recusada
</error>
  </testcase>
  <testcase name="testPoll[17]" classname="org.springframework.data.redis.support.collections.RedisListTests" time="0.001">
    <error message="Could not connect; nested exception is redis.client.RedisException: Could not connect" type="org.springframework.data.redis.RedisConnectionFailureException">org.springframework.data.redis.RedisConnectionFailureException: Could not connect; nested exception is redis.client.RedisException: Could not connect
Caused by: redis.client.RedisException: Could not connect
Caused by: java.net.ConnectException: Conexão recusada
</error>
  </testcase>
  <testcase name="testPoll[17]" classname="org.springframework.data.redis.support.collections.RedisListTests" time="0.001">
    <error message="Could not connect; nested exception is redis.client.RedisException: Could not connect" type="org.springframework.data.redis.RedisConnectionFailureException">org.springframework.data.redis.RedisConnectionFailureException: Could not connect; nested exception is redis.client.RedisException: Could not connect
Caused by: redis.client.RedisException: Could not connect
Caused by: java.net.ConnectException: Conexão recusada
</error>
  </testcase>
  <testcase name="testTake[17]" classname="org.springframework.data.redis.support.collections.RedisListTests" time="0">
    <error message="Could not connect; nested exception is redis.client.RedisException: Could not connect" type="org.springframework.data.redis.RedisConnectionFailureException">org.springframework.data.redis.RedisConnectionFailureException: Could not connect; nested exception is redis.client.RedisException: Could not connect
Caused by: redis.client.RedisException: Could not connect
Caused by: java.net.ConnectException: Conexão recusada
</error>
  </testcase>
  <testcase name="testTake[17]" classname="org.springframework.data.redis.support.collections.RedisListTests" time="0.001">
    <error message="Could not connect; nested exception is redis.client.RedisException: Could not connect" type="org.springframework.data.redis.RedisConnectionFailureException">org.springframework.data.redis.RedisConnectionFailureException: Could not connect; nested exception is redis.client.RedisException: Could not connect
Caused by: redis.client.RedisException: Could not connect
Caused by: java.net.ConnectException: Conexão recusada
</error>
  </testcase>
  <testcase name="testTrim[17]" classname="org.springframework.data.redis.support.collections.RedisListTests" time="0">
    <error message="Could not connect; nested exception is redis.client.RedisException: Could not connect" type="org.springframework.data.redis.RedisConnectionFailureException">org.springframework.data.redis.RedisConnectionFailureException: Could not connect; nested exception is redis.client.RedisException: Could not connect
Caused by: redis.client.RedisException: Could not connect
Caused by: java.net.ConnectException: Conexão recusada
</error>
  </testcase>
  <testcase name="testTrim[17]" classname="org.springframework.data.redis.support.collections.RedisListTests" time="0">
    <error message="Could not connect; nested exception is redis.client.RedisException: Could not connect" type="org.springframework.data.redis.RedisConnectionFailureException">org.springframework.data.redis.RedisConnectionFailureException: Could not connect; nested exception is redis.client.RedisException: Could not connect
Caused by: redis.client.RedisException: Could not connect
Caused by: java.net.ConnectException: Conexão recusada
</error>
  </testcase>
  <testcase name="testDrainToCollection[17]" classname="org.springframework.data.redis.support.collections.RedisListTests" time="0.001">
    <error message="Could not connect; nested exception is redis.client.RedisException: Could not connect" type="org.springframework.data.redis.RedisConnectionFailureException">org.springframework.data.redis.RedisConnectionFailureException: Could not connect; nested exception is redis.client.RedisException: Could not connect
Caused by: redis.client.RedisException: Could not connect
Caused by: java.net.ConnectException: Conexão recusada
</error>
  </testcase>
  <testcase name="testDrainToCollection[17]" classname="org.springframework.data.redis.support.collections.RedisListTests" time="0.001">
    <error message="Could not connect; nested exception is redis.client.RedisException: Could not connect" type="org.springframework.data.redis.RedisConnectionFailureException">org.springframework.data.redis.RedisConnectionFailureException: Could not connect; nested exception is redis.client.RedisException: Could not connect
Caused by: redis.client.RedisException: Could not connect
Caused by: java.net.ConnectException: Conexão recusada
</error>
  </testcase>
  <testcase name="testRemoveFirst[17]" classname="org.springframework.data.redis.support.collections.RedisListTests" time="0.001">
    <error message="Could not connect; nested exception is redis.client.RedisException: Could not connect" type="org.springframework.data.redis.RedisConnectionFailureException">org.springframework.data.redis.RedisConnectionFailureException: Could not connect; nested exception is redis.client.RedisException: Could not connect
Caused by: redis.client.RedisException: Could not connect
Caused by: java.net.ConnectException: Conexão recusada
</error>
  </testcase>
  <testcase name="testRemoveFirst[17]" classname="org.springframework.data.redis.support.collections.RedisListTests" time="0.001">
    <error message="Could not connect; nested exception is redis.client.RedisException: Could not connect" type="org.springframework.data.redis.RedisConnectionFailureException">org.springframework.data.redis.RedisConnectionFailureException: Could not connect; nested exception is redis.client.RedisException: Could not connect
Caused by: redis.client.RedisException: Could not connect
Caused by: java.net.ConnectException: Conexão recusada
</error>
  </testcase>
  <testcase name="testRemoveIndex[17]" classname="org.springframework.data.redis.support.collections.RedisListTests" time="0">
    <error message="Could not connect; nested exception is redis.client.RedisException: Could not connect" type="org.springframework.data.redis.RedisConnectionFailureException">org.springframework.data.redis.RedisConnectionFailureException: Could not connect; nested exception is redis.client.RedisException: Could not connect
Caused by: redis.client.RedisException: Could not connect
Caused by: java.net.ConnectException: Conexão recusada
</error>
  </testcase>
  <testcase name="testPutLast[17]" classname="org.springframework.data.redis.support.collections.RedisListTests" time="0.001">
    <error message="Could not connect; nested exception is redis.client.RedisException: Could not connect" type="org.springframework.data.redis.RedisConnectionFailureException">org.springframework.data.redis.RedisConnectionFailureException: Could not connect; nested exception is redis.client.RedisException: Could not connect
Caused by: redis.client.RedisException: Could not connect
Caused by: java.net.ConnectException: Conexão recusada
</error>
  </testcase>
  <testcase name="testPutLast[17]" classname="org.springframework.data.redis.support.collections.RedisListTests" time="0.001">
    <error message="Could not connect; nested exception is redis.client.RedisException: Could not connect" type="org.springframework.data.redis.RedisConnectionFailureException">org.springframework.data.redis.RedisConnectionFailureException: Could not connect; nested exception is redis.client.RedisException: Could not connect
Caused by: redis.client.RedisException: Could not connect
Caused by: java.net.ConnectException: Conexão recusada
</error>
  </testcase>
  <testcase name="testOfferFirst[17]" classname="org.springframework.data.redis.support.collections.RedisListTests" time="0.004">
    <error message="Could not connect; nested exception is redis.client.RedisException: Could not connect" type="org.springframework.data.redis.RedisConnectionFailureException">org.springframework.data.redis.RedisConnectionFailureException: Could not connect; nested exception is redis.client.RedisException: Could not connect
Caused by: redis.client.RedisException: Could not connect
Caused by: java.net.ConnectException: Conexão recusada
</error>
  </testcase>
  <testcase name="testOfferFirst[17]" classname="org.springframework.data.redis.support.collections.RedisListTests" time="0.004">
    <error message="Could not connect; nested exception is redis.client.RedisException: Could not connect" type="org.springframework.data.redis.RedisConnectionFailureException">org.springframework.data.redis.RedisConnectionFailureException: Could not connect; nested exception is redis.client.RedisException: Could not connect
Caused by: redis.client.RedisException: Could not connect
Caused by: java.net.ConnectException: Conexão recusada
</error>
  </testcase>
  <testcase name="testDescendingIterator[17]" classname="org.springframework.data.redis.support.collections.RedisListTests" time="0.001">
    <error message="Could not connect; nested exception is redis.client.RedisException: Could not connect" type="org.springframework.data.redis.RedisConnectionFailureException">org.springframework.data.redis.RedisConnectionFailureException: Could not connect; nested exception is redis.client.RedisException: Could not connect
Caused by: redis.client.RedisException: Could not connect
Caused by: java.net.ConnectException: Conexão recusada
</error>
  </testcase>
  <testcase name="testDescendingIterator[17]" classname="org.springframework.data.redis.support.collections.RedisListTests" time="0.001">
    <error message="Could not connect; nested exception is redis.client.RedisException: Could not connect" type="org.springframework.data.redis.RedisConnectionFailureException">org.springframework.data.redis.RedisConnectionFailureException: Could not connect; nested exception is redis.client.RedisException: Could not connect
Caused by: redis.client.RedisException: Could not connect
Caused by: java.net.ConnectException: Conexão recusada
</error>
  </testcase>
  <testcase name="testAddFirst[17]" classname="org.springframework.data.redis.support.collections.RedisListTests" time="0.001">
    <error message="Could not connect; nested exception is redis.client.RedisException: Could not connect" type="org.springframework.data.redis.RedisConnectionFailureException">org.springframework.data.redis.RedisConnectionFailureException: Could not connect; nested exception is redis.client.RedisException: Could not connect
Caused by: redis.client.RedisException: Could not connect
Caused by: java.net.ConnectException: Conexão recusada
</error>
  </testcase>
  <testcase name="testAddFirst[17]" classname="org.springframework.data.redis.support.collections.RedisListTests" time="0.001">
    <error message="Could not connect; nested exception is redis.client.RedisException: Could not connect" type="org.springframework.data.redis.RedisConnectionFailureException">org.springframework.data.redis.RedisConnectionFailureException: Could not connect; nested exception is redis.client.RedisException: Could not connect
Caused by: redis.client.RedisException: Could not connect
Caused by: java.net.ConnectException: Conexão recusada
</error>
  </testcase>
  <testcase name="testDrainToCollectionWithMaxElements[17]" classname="org.springframework.data.redis.support.collections.RedisListTests" time="0.004">
    <error message="Could not connect; nested exception is redis.client.RedisException: Could not connect" type="org.springframework.data.redis.RedisConnectionFailureException">org.springframework.data.redis.RedisConnectionFailureException: Could not connect; nested exception is redis.client.RedisException: Could not connect
Caused by: redis.client.RedisException: Could not connect
Caused by: java.net.ConnectException: Conexão recusada
</error>
  </testcase>
  <testcase name="testDrainToCollectionWithMaxElements[17]" classname="org.springframework.data.redis.support.collections.RedisListTests" time="0.004">
    <error message="Could not connect; nested exception is redis.client.RedisException: Could not connect" type="org.springframework.data.redis.RedisConnectionFailureException">org.springframework.data.redis.RedisConnectionFailureException: Could not connect; nested exception is redis.client.RedisException: Could not connect
Caused by: redis.client.RedisException: Could not connect
Caused by: java.net.ConnectException: Conexão recusada
</error>
  </testcase>
  <testcase name="testTakeLast[17]" classname="org.springframework.data.redis.support.collections.RedisListTests" time="0.003">
    <error message="Could not connect; nested exception is redis.client.RedisException: Could not connect" type="org.springframework.data.redis.RedisConnectionFailureException">org.springframework.data.redis.RedisConnectionFailureException: Could not connect; nested exception is redis.client.RedisException: Could not connect
Caused by: redis.client.RedisException: Could not connect
Caused by: java.net.ConnectException: Conexão recusada
</error>
  </testcase>
  <testcase name="testTakeLast[17]" classname="org.springframework.data.redis.support.collections.RedisListTests" time="0.003">
    <error message="Could not connect; nested exception is redis.client.RedisException: Could not connect" type="org.springframework.data.redis.RedisConnectionFailureException">org.springframework.data.redis.RedisConnectionFailureException: Could not connect; nested exception is redis.client.RedisException: Could not connect
Caused by: redis.client.RedisException: Could not connect
Caused by: java.net.ConnectException: Conexão recusada
</error>
  </testcase>
  <testcase name="testRemainingCapacity[17]" classname="org.springframework.data.redis.support.collections.RedisListTests" time="0">
    <error message="Could not connect; nested exception is redis.client.RedisException: Could not connect" type="org.springframework.data.redis.RedisConnectionFailureException">org.springframework.data.redis.RedisConnectionFailureException: Could not connect; nested exception is redis.client.RedisException: Could not connect
Caused by: redis.client.RedisException: Could not connect
Caused by: java.net.ConnectException: Conexão recusada
</error>
  </testcase>
  <testcase name="testRemoveLast[17]" classname="org.springframework.data.redis.support.collections.RedisListTests" time="0">
    <error message="Could not connect; nested exception is redis.client.RedisException: Could not connect" type="org.springframework.data.redis.RedisConnectionFailureException">org.springframework.data.redis.RedisConnectionFailureException: Could not connect; nested exception is redis.client.RedisException: Could not connect
Caused by: redis.client.RedisException: Could not connect
Caused by: java.net.ConnectException: Conexão recusada
</error>
  </testcase>
  <testcase name="testRemoveLast[17]" classname="org.springframework.data.redis.support.collections.RedisListTests" time="0">
    <error message="Could not connect; nested exception is redis.client.RedisException: Could not connect" type="org.springframework.data.redis.RedisConnectionFailureException">org.springframework.data.redis.RedisConnectionFailureException: Could not connect; nested exception is redis.client.RedisException: Could not connect
Caused by: redis.client.RedisException: Could not connect
Caused by: java.net.ConnectException: Conexão recusada
</error>
  </testcase>
  <testcase name="testAddIndexObjectHead[17]" classname="org.springframework.data.redis.support.collections.RedisListTests" time="0">
    <error message="Could not connect; nested exception is redis.client.RedisException: Could not connect" type="org.springframework.data.redis.RedisConnectionFailureException">org.springframework.data.redis.RedisConnectionFailureException: Could not connect; nested exception is redis.client.RedisException: Could not connect
Caused by: redis.client.RedisException: Could not connect
Caused by: java.net.ConnectException: Conexão recusada
</error>
  </testcase>
  <testcase name="testAddIndexObjectHead[17]" classname="org.springframework.data.redis.support.collections.RedisListTests" time="0">
    <error message="Could not connect; nested exception is redis.client.RedisException: Could not connect" type="org.springframework.data.redis.RedisConnectionFailureException">org.springframework.data.redis.RedisConnectionFailureException: Could not connect; nested exception is redis.client.RedisException: Could not connect
Caused by: redis.client.RedisException: Could not connect
Caused by: java.net.ConnectException: Conexão recusada
</error>
  </testcase>
  <testcase name="testAddIndexObjectTail[17]" classname="org.springframework.data.redis.support.collections.RedisListTests" time="0">
    <error message="Could not connect; nested exception is redis.client.RedisException: Could not connect" type="org.springframework.data.redis.RedisConnectionFailureException">org.springframework.data.redis.RedisConnectionFailureException: Could not connect; nested exception is redis.client.RedisException: Could not connect
Caused by: redis.client.RedisException: Could not connect
Caused by: java.net.ConnectException: Conexão recusada
</error>
  </testcase>
  <testcase name="testAddIndexObjectTail[17]" classname="org.springframework.data.redis.support.collections.RedisListTests" time="0.003">
    <error message="Could not connect; nested exception is redis.client.RedisException: Could not connect" type="org.springframework.data.redis.RedisConnectionFailureException">org.springframework.data.redis.RedisConnectionFailureException: Could not connect; nested exception is redis.client.RedisException: Could not connect
Caused by: redis.client.RedisException: Could not connect
Caused by: java.net.ConnectException: Conexão recusada
</error>
  </testcase>
  <testcase name="testPollFirst[17]" classname="org.springframework.data.redis.support.collections.RedisListTests" time="0">
    <error message="Could not connect; nested exception is redis.client.RedisException: Could not connect" type="org.springframework.data.redis.RedisConnectionFailureException">org.springframework.data.redis.RedisConnectionFailureException: Could not connect; nested exception is redis.client.RedisException: Could not connect
Caused by: redis.client.RedisException: Could not connect
Caused by: java.net.ConnectException: Conexão recusada
</error>
  </testcase>
  <testcase name="testPollFirst[17]" classname="org.springframework.data.redis.support.collections.RedisListTests" time="0">
    <error message="Could not connect; nested exception is redis.client.RedisException: Could not connect" type="org.springframework.data.redis.RedisConnectionFailureException">org.springframework.data.redis.RedisConnectionFailureException: Could not connect; nested exception is redis.client.RedisException: Could not connect
Caused by: redis.client.RedisException: Could not connect
Caused by: java.net.ConnectException: Conexão recusada
</error>
  </testcase>
  <testcase name="testAddIndexObjectMiddle[17]" classname="org.springframework.data.redis.support.collections.RedisListTests" time="0">
    <error message="Unexpected exception, expected&lt;java.lang.IllegalArgumentException&gt; but was&lt;org.springframework.data.redis.RedisConnectionFailureException&gt;" type="java.lang.Exception"><![CDATA[java.lang.Exception: Unexpected exception, expected<java.lang.IllegalArgumentException> but was<org.springframework.data.redis.RedisConnectionFailureException>
Caused by: org.springframework.data.redis.RedisConnectionFailureException: Could not connect; nested exception is redis.client.RedisException: Could not connect
Caused by: redis.client.RedisException: Could not connect
Caused by: java.net.ConnectException: Conexão recusada
]]></error>
  </testcase>
  <testcase name="testAddIndexObjectMiddle[17]" classname="org.springframework.data.redis.support.collections.RedisListTests" time="0">
    <error message="Could not connect; nested exception is redis.client.RedisException: Could not connect" type="org.springframework.data.redis.RedisConnectionFailureException">org.springframework.data.redis.RedisConnectionFailureException: Could not connect; nested exception is redis.client.RedisException: Could not connect
Caused by: redis.client.RedisException: Could not connect
Caused by: java.net.ConnectException: Conexão recusada
</error>
  </testcase>
  <testcase name="testPeekLast[17]" classname="org.springframework.data.redis.support.collections.RedisListTests" time="0">
    <error message="Could not connect; nested exception is redis.client.RedisException: Could not connect" type="org.springframework.data.redis.RedisConnectionFailureException">org.springframework.data.redis.RedisConnectionFailureException: Could not connect; nested exception is redis.client.RedisException: Could not connect
Caused by: redis.client.RedisException: Could not connect
Caused by: java.net.ConnectException: Conexão recusada
</error>
  </testcase>
  <testcase name="testPeekLast[17]" classname="org.springframework.data.redis.support.collections.RedisListTests" time="0">
    <error message="Could not connect; nested exception is redis.client.RedisException: Could not connect" type="org.springframework.data.redis.RedisConnectionFailureException">org.springframework.data.redis.RedisConnectionFailureException: Could not connect; nested exception is redis.client.RedisException: Could not connect
Caused by: redis.client.RedisException: Could not connect
Caused by: java.net.ConnectException: Conexão recusada
</error>
  </testcase>
  <testcase name="testRemoveFirstOccurrence[17]" classname="org.springframework.data.redis.support.collections.RedisListTests" time="0">
    <error message="Could not connect; nested exception is redis.client.RedisException: Could not connect" type="org.springframework.data.redis.RedisConnectionFailureException">org.springframework.data.redis.RedisConnectionFailureException: Could not connect; nested exception is redis.client.RedisException: Could not connect
Caused by: redis.client.RedisException: Could not connect
Caused by: java.net.ConnectException: Conexão recusada
</error>
  </testcase>
  <testcase name="testRemoveFirstOccurrence[17]" classname="org.springframework.data.redis.support.collections.RedisListTests" time="0">
    <error message="Could not connect; nested exception is redis.client.RedisException: Could not connect" type="org.springframework.data.redis.RedisConnectionFailureException">org.springframework.data.redis.RedisConnectionFailureException: Could not connect; nested exception is redis.client.RedisException: Could not connect
Caused by: redis.client.RedisException: Could not connect
Caused by: java.net.ConnectException: Conexão recusada
</error>
  </testcase>
  <testcase name="addAllIndexCollectionHead[17]" classname="org.springframework.data.redis.support.collections.RedisListTests" time="0">
    <error message="Could not connect; nested exception is redis.client.RedisException: Could not connect" type="org.springframework.data.redis.RedisConnectionFailureException">org.springframework.data.redis.RedisConnectionFailureException: Could not connect; nested exception is redis.client.RedisException: Could not connect
Caused by: redis.client.RedisException: Could not connect
Caused by: java.net.ConnectException: Conexão recusada
</error>
  </testcase>
  <testcase name="addAllIndexCollectionHead[17]" classname="org.springframework.data.redis.support.collections.RedisListTests" time="0">
    <error message="Could not connect; nested exception is redis.client.RedisException: Could not connect" type="org.springframework.data.redis.RedisConnectionFailureException">org.springframework.data.redis.RedisConnectionFailureException: Could not connect; nested exception is redis.client.RedisException: Could not connect
Caused by: redis.client.RedisException: Could not connect
Caused by: java.net.ConnectException: Conexão recusada
</error>
  </testcase>
  <testcase name="addAllIndexCollectionTail[17]" classname="org.springframework.data.redis.support.collections.RedisListTests" time="0">
    <error message="Could not connect; nested exception is redis.client.RedisException: Could not connect" type="org.springframework.data.redis.RedisConnectionFailureException">org.springframework.data.redis.RedisConnectionFailureException: Could not connect; nested exception is redis.client.RedisException: Could not connect
Caused by: redis.client.RedisException: Could not connect
Caused by: java.net.ConnectException: Conexão recusada
</error>
  </testcase>
  <testcase name="addAllIndexCollectionTail[17]" classname="org.springframework.data.redis.support.collections.RedisListTests" time="0">
    <error message="Could not connect; nested exception is redis.client.RedisException: Could not connect" type="org.springframework.data.redis.RedisConnectionFailureException">org.springframework.data.redis.RedisConnectionFailureException: Could not connect; nested exception is redis.client.RedisException: Could not connect
Caused by: redis.client.RedisException: Could not connect
Caused by: java.net.ConnectException: Conexão recusada
</error>
  </testcase>
  <testcase name="addAllIndexCollectionMiddle[17]" classname="org.springframework.data.redis.support.collections.RedisListTests" time="0">
    <error message="Unexpected exception, expected&lt;java.lang.IllegalArgumentException&gt; but was&lt;org.springframework.data.redis.RedisConnectionFailureException&gt;" type="java.lang.Exception"><![CDATA[java.lang.Exception: Unexpected exception, expected<java.lang.IllegalArgumentException> but was<org.springframework.data.redis.RedisConnectionFailureException>
Caused by: org.springframework.data.redis.RedisConnectionFailureException: Could not connect; nested exception is redis.client.RedisException: Could not connect
Caused by: redis.client.RedisException: Could not connect
Caused by: java.net.ConnectException: Conexão recusada
]]></error>
  </testcase>
  <testcase name="addAllIndexCollectionMiddle[17]" classname="org.springframework.data.redis.support.collections.RedisListTests" time="0">
    <error message="Could not connect; nested exception is redis.client.RedisException: Could not connect" type="org.springframework.data.redis.RedisConnectionFailureException">org.springframework.data.redis.RedisConnectionFailureException: Could not connect; nested exception is redis.client.RedisException: Could not connect
Caused by: redis.client.RedisException: Could not connect
Caused by: java.net.ConnectException: Conexão recusada
</error>
  </testcase>
  <testcase name="testPollLast[17]" classname="org.springframework.data.redis.support.collections.RedisListTests" time="0">
    <error message="Could not connect; nested exception is redis.client.RedisException: Could not connect" type="org.springframework.data.redis.RedisConnectionFailureException">org.springframework.data.redis.RedisConnectionFailureException: Could not connect; nested exception is redis.client.RedisException: Could not connect
Caused by: redis.client.RedisException: Could not connect
Caused by: java.net.ConnectException: Conexão recusada
</error>
  </testcase>
  <testcase name="testPollLast[17]" classname="org.springframework.data.redis.support.collections.RedisListTests" time="0">
    <error message="Could not connect; nested exception is redis.client.RedisException: Could not connect" type="org.springframework.data.redis.RedisConnectionFailureException">org.springframework.data.redis.RedisConnectionFailureException: Could not connect; nested exception is redis.client.RedisException: Could not connect
Caused by: redis.client.RedisException: Could not connect
Caused by: java.net.ConnectException: Conexão recusada
</error>
  </testcase>
  <testcase name="testIndexOfObject[17]" classname="org.springframework.data.redis.support.collections.RedisListTests" time="0">
    <error message="Could not connect; nested exception is redis.client.RedisException: Could not connect" type="org.springframework.data.redis.RedisConnectionFailureException">org.springframework.data.redis.RedisConnectionFailureException: Could not connect; nested exception is redis.client.RedisException: Could not connect
Caused by: redis.client.RedisException: Could not connect
Caused by: java.net.ConnectException: Conexão recusada
</error>
  </testcase>
  <testcase name="testPollTimeout[17]" classname="org.springframework.data.redis.support.collections.RedisListTests" time="0.001">
    <error message="Could not connect; nested exception is redis.client.RedisException: Could not connect" type="org.springframework.data.redis.RedisConnectionFailureException">org.springframework.data.redis.RedisConnectionFailureException: Could not connect; nested exception is redis.client.RedisException: Could not connect
Caused by: redis.client.RedisException: Could not connect
Caused by: java.net.ConnectException: Conexão recusada
</error>
  </testcase>
  <testcase name="testPollTimeout[17]" classname="org.springframework.data.redis.support.collections.RedisListTests" time="0.001">
    <error message="Could not connect; nested exception is redis.client.RedisException: Could not connect" type="org.springframework.data.redis.RedisConnectionFailureException">org.springframework.data.redis.RedisConnectionFailureException: Could not connect; nested exception is redis.client.RedisException: Could not connect
Caused by: redis.client.RedisException: Could not connect
Caused by: java.net.ConnectException: Conexão recusada
</error>
  </testcase>
  <testcase name="testRemove[17]" classname="org.springframework.data.redis.support.collections.RedisListTests" time="0">
    <error message="Could not connect; nested exception is redis.client.RedisException: Could not connect" type="org.springframework.data.redis.RedisConnectionFailureException">org.springframework.data.redis.RedisConnectionFailureException: Could not connect; nested exception is redis.client.RedisException: Could not connect
Caused by: redis.client.RedisException: Could not connect
Caused by: java.net.ConnectException: Conexão recusada
</error>
  </testcase>
  <testcase name="testRemove[17]" classname="org.springframework.data.redis.support.collections.RedisListTests" time="0">
    <error message="Could not connect; nested exception is redis.client.RedisException: Could not connect" type="org.springframework.data.redis.RedisConnectionFailureException">org.springframework.data.redis.RedisConnectionFailureException: Could not connect; nested exception is redis.client.RedisException: Could not connect
Caused by: redis.client.RedisException: Could not connect
Caused by: java.net.ConnectException: Conexão recusada
</error>
  </testcase>
  <testcase name="testCappedCollection[17]" classname="org.springframework.data.redis.support.collections.RedisListTests" time="0.001">
    <error message="Could not connect; nested exception is redis.client.RedisException: Could not connect" type="org.springframework.data.redis.RedisConnectionFailureException">org.springframework.data.redis.RedisConnectionFailureException: Could not connect; nested exception is redis.client.RedisException: Could not connect
Caused by: redis.client.RedisException: Could not connect
Caused by: java.net.ConnectException: Conexão recusada
</error>
  </testcase>
  <testcase name="testCappedCollection[17]" classname="org.springframework.data.redis.support.collections.RedisListTests" time="0.001">
    <error message="Could not connect; nested exception is redis.client.RedisException: Could not connect" type="org.springframework.data.redis.RedisConnectionFailureException">org.springframework.data.redis.RedisConnectionFailureException: Could not connect; nested exception is redis.client.RedisException: Could not connect
Caused by: redis.client.RedisException: Could not connect
Caused by: java.net.ConnectException: Conexão recusada
</error>
  </testcase>
  <testcase name="testRmoveLastOccurrence[17]" classname="org.springframework.data.redis.support.collections.RedisListTests" time="0.002">
    <error message="Could not connect; nested exception is redis.client.RedisException: Could not connect" type="org.springframework.data.redis.RedisConnectionFailureException">org.springframework.data.redis.RedisConnectionFailureException: Could not connect; nested exception is redis.client.RedisException: Could not connect
Caused by: redis.client.RedisException: Could not connect
Caused by: java.net.ConnectException: Conexão recusada
</error>
  </testcase>
  <testcase name="testRmoveLastOccurrence[17]" classname="org.springframework.data.redis.support.collections.RedisListTests" time="0.002">
    <error message="Could not connect; nested exception is redis.client.RedisException: Could not connect" type="org.springframework.data.redis.RedisConnectionFailureException">org.springframework.data.redis.RedisConnectionFailureException: Could not connect; nested exception is redis.client.RedisException: Could not connect
Caused by: redis.client.RedisException: Could not connect
Caused by: java.net.ConnectException: Conexão recusada
</error>
  </testcase>
  <testcase name="testTakeFirst[17]" classname="org.springframework.data.redis.support.collections.RedisListTests" time="0">
    <error message="Could not connect; nested exception is redis.client.RedisException: Could not connect" type="org.springframework.data.redis.RedisConnectionFailureException">org.springframework.data.redis.RedisConnectionFailureException: Could not connect; nested exception is redis.client.RedisException: Could not connect
Caused by: redis.client.RedisException: Could not connect
Caused by: java.net.ConnectException: Conexão recusada
</error>
  </testcase>
  <testcase name="testTakeFirst[17]" classname="org.springframework.data.redis.support.collections.RedisListTests" time="0">
    <error message="Could not connect; nested exception is redis.client.RedisException: Could not connect" type="org.springframework.data.redis.RedisConnectionFailureException">org.springframework.data.redis.RedisConnectionFailureException: Could not connect; nested exception is redis.client.RedisException: Could not connect
Caused by: redis.client.RedisException: Could not connect
Caused by: java.net.ConnectException: Conexão recusada
</error>
  </testcase>
  <testcase name="testContainsObject[17]" classname="org.springframework.data.redis.support.collections.RedisListTests" time="0">
    <error message="Could not connect; nested exception is redis.client.RedisException: Could not connect" type="org.springframework.data.redis.RedisConnectionFailureException">org.springframework.data.redis.RedisConnectionFailureException: Could not connect; nested exception is redis.client.RedisException: Could not connect
Caused by: redis.client.RedisException: Could not connect
Caused by: java.net.ConnectException: Conexão recusada
</error>
  </testcase>
  <testcase name="testContainsObject[17]" classname="org.springframework.data.redis.support.collections.RedisListTests" time="0.002">
    <error message="Could not connect; nested exception is redis.client.RedisException: Could not connect" type="org.springframework.data.redis.RedisConnectionFailureException">org.springframework.data.redis.RedisConnectionFailureException: Could not connect; nested exception is redis.client.RedisException: Could not connect
Caused by: redis.client.RedisException: Could not connect
Caused by: java.net.ConnectException: Conexão recusada
</error>
  </testcase>
  <testcase name="testToArray[17]" classname="org.springframework.data.redis.support.collections.RedisListTests" time="0">
    <error message="Could not connect; nested exception is redis.client.RedisException: Could not connect" type="org.springframework.data.redis.RedisConnectionFailureException">org.springframework.data.redis.RedisConnectionFailureException: Could not connect; nested exception is redis.client.RedisException: Could not connect
Caused by: redis.client.RedisException: Could not connect
Caused by: java.net.ConnectException: Conexão recusada
</error>
  </testcase>
  <testcase name="testToArray[17]" classname="org.springframework.data.redis.support.collections.RedisListTests" time="0">
    <error message="Could not connect; nested exception is redis.client.RedisException: Could not connect" type="org.springframework.data.redis.RedisConnectionFailureException">org.springframework.data.redis.RedisConnectionFailureException: Could not connect; nested exception is redis.client.RedisException: Could not connect
Caused by: redis.client.RedisException: Could not connect
Caused by: java.net.ConnectException: Conexão recusada
</error>
  </testcase>
  <testcase name="testAdd[17]" classname="org.springframework.data.redis.support.collections.RedisListTests" time="0.001">
    <error message="Could not connect; nested exception is redis.client.RedisException: Could not connect" type="org.springframework.data.redis.RedisConnectionFailureException">org.springframework.data.redis.RedisConnectionFailureException: Could not connect; nested exception is redis.client.RedisException: Could not connect
Caused by: redis.client.RedisException: Could not connect
Caused by: java.net.ConnectException: Conexão recusada
</error>
  </testcase>
  <testcase name="testAdd[17]" classname="org.springframework.data.redis.support.collections.RedisListTests" time="0.001">
    <error message="Could not connect; nested exception is redis.client.RedisException: Could not connect" type="org.springframework.data.redis.RedisConnectionFailureException">org.springframework.data.redis.RedisConnectionFailureException: Could not connect; nested exception is redis.client.RedisException: Could not connect
Caused by: redis.client.RedisException: Could not connect
Caused by: java.net.ConnectException: Conexão recusada
</error>
  </testcase>
  <testcase name="testClear[17]" classname="org.springframework.data.redis.support.collections.RedisListTests" time="0">
    <error message="Could not connect; nested exception is redis.client.RedisException: Could not connect" type="org.springframework.data.redis.RedisConnectionFailureException">org.springframework.data.redis.RedisConnectionFailureException: Could not connect; nested exception is redis.client.RedisException: Could not connect
Caused by: redis.client.RedisException: Could not connect
Caused by: java.net.ConnectException: Conexão recusada
</error>
  </testcase>
  <testcase name="testClear[17]" classname="org.springframework.data.redis.support.collections.RedisListTests" time="0.004">
    <error message="Could not connect; nested exception is redis.client.RedisException: Could not connect" type="org.springframework.data.redis.RedisConnectionFailureException">org.springframework.data.redis.RedisConnectionFailureException: Could not connect; nested exception is redis.client.RedisException: Could not connect
Caused by: redis.client.RedisException: Could not connect
Caused by: java.net.ConnectException: Conexão recusada
</error>
  </testcase>
  <testcase name="testSize[17]" classname="org.springframework.data.redis.support.collections.RedisListTests" time="0">
    <error message="Could not connect; nested exception is redis.client.RedisException: Could not connect" type="org.springframework.data.redis.RedisConnectionFailureException">org.springframework.data.redis.RedisConnectionFailureException: Could not connect; nested exception is redis.client.RedisException: Could not connect
Caused by: redis.client.RedisException: Could not connect
Caused by: java.net.ConnectException: Conexão recusada
</error>
  </testcase>
  <testcase name="testSize[17]" classname="org.springframework.data.redis.support.collections.RedisListTests" time="0">
    <error message="Could not connect; nested exception is redis.client.RedisException: Could not connect" type="org.springframework.data.redis.RedisConnectionFailureException">org.springframework.data.redis.RedisConnectionFailureException: Could not connect; nested exception is redis.client.RedisException: Could not connect
Caused by: redis.client.RedisException: Could not connect
Caused by: java.net.ConnectException: Conexão recusada
</error>
  </testcase>
  <testcase name="testToString[17]" classname="org.springframework.data.redis.support.collections.RedisListTests" time="0">
    <error message="Could not connect; nested exception is redis.client.RedisException: Could not connect" type="org.springframework.data.redis.RedisConnectionFailureException">org.springframework.data.redis.RedisConnectionFailureException: Could not connect; nested exception is redis.client.RedisException: Could not connect
Caused by: redis.client.RedisException: Could not connect
Caused by: java.net.ConnectException: Conexão recusada
</error>
  </testcase>
  <testcase name="testToString[17]" classname="org.springframework.data.redis.support.collections.RedisListTests" time="0">
    <error message="Could not connect; nested exception is redis.client.RedisException: Could not connect" type="org.springframework.data.redis.RedisConnectionFailureException">org.springframework.data.redis.RedisConnectionFailureException: Could not connect; nested exception is redis.client.RedisException: Could not connect
Caused by: redis.client.RedisException: Could not connect
Caused by: java.net.ConnectException: Conexão recusada
</error>
  </testcase>
  <testcase name="testContainsAll[17]" classname="org.springframework.data.redis.support.collections.RedisListTests" time="0">
    <error message="Could not connect; nested exception is redis.client.RedisException: Could not connect" type="org.springframework.data.redis.RedisConnectionFailureException">org.springframework.data.redis.RedisConnectionFailureException: Could not connect; nested exception is redis.client.RedisException: Could not connect
Caused by: redis.client.RedisException: Could not connect
Caused by: java.net.ConnectException: Conexão recusada
</error>
  </testcase>
  <testcase name="testContainsAll[17]" classname="org.springframework.data.redis.support.collections.RedisListTests" time="0">
    <error message="Could not connect; nested exception is redis.client.RedisException: Could not connect" type="org.springframework.data.redis.RedisConnectionFailureException">org.springframework.data.redis.RedisConnectionFailureException: Could not connect; nested exception is redis.client.RedisException: Could not connect
Caused by: redis.client.RedisException: Could not connect
Caused by: java.net.ConnectException: Conexão recusada
</error>
  </testcase>
  <testcase name="testRemoveObject[17]" classname="org.springframework.data.redis.support.collections.RedisListTests" time="0.001">
    <error message="Could not connect; nested exception is redis.client.RedisException: Could not connect" type="org.springframework.data.redis.RedisConnectionFailureException">org.springframework.data.redis.RedisConnectionFailureException: Could not connect; nested exception is redis.client.RedisException: Could not connect
Caused by: redis.client.RedisException: Could not connect
Caused by: java.net.ConnectException: Conexão recusada
</error>
  </testcase>
  <testcase name="testRemoveObject[17]" classname="org.springframework.data.redis.support.collections.RedisListTests" time="0.001">
    <error message="Could not connect; nested exception is redis.client.RedisException: Could not connect" type="org.springframework.data.redis.RedisConnectionFailureException">org.springframework.data.redis.RedisConnectionFailureException: Could not connect; nested exception is redis.client.RedisException: Could not connect
Caused by: redis.client.RedisException: Could not connect
Caused by: java.net.ConnectException: Conexão recusada
</error>
  </testcase>
  <testcase name="testHashCode[17]" classname="org.springframework.data.redis.support.collections.RedisListTests" time="0.001">
    <error message="Could not connect; nested exception is redis.client.RedisException: Could not connect" type="org.springframework.data.redis.RedisConnectionFailureException">org.springframework.data.redis.RedisConnectionFailureException: Could not connect; nested exception is redis.client.RedisException: Could not connect
Caused by: redis.client.RedisException: Could not connect
Caused by: java.net.ConnectException: Conexão recusada
</error>
  </testcase>
  <testcase name="testAddAll[17]" classname="org.springframework.data.redis.support.collections.RedisListTests" time="0">
    <error message="Could not connect; nested exception is redis.client.RedisException: Could not connect" type="org.springframework.data.redis.RedisConnectionFailureException">org.springframework.data.redis.RedisConnectionFailureException: Could not connect; nested exception is redis.client.RedisException: Could not connect
Caused by: redis.client.RedisException: Could not connect
Caused by: java.net.ConnectException: Conexão recusada
</error>
  </testcase>
  <testcase name="testAddAll[17]" classname="org.springframework.data.redis.support.collections.RedisListTests" time="0">
    <error message="Could not connect; nested exception is redis.client.RedisException: Could not connect" type="org.springframework.data.redis.RedisConnectionFailureException">org.springframework.data.redis.RedisConnectionFailureException: Could not connect; nested exception is redis.client.RedisException: Could not connect
Caused by: redis.client.RedisException: Could not connect
Caused by: java.net.ConnectException: Conexão recusada
</error>
  </testcase>
  <testcase name="removeAll[17]" classname="org.springframework.data.redis.support.collections.RedisListTests" time="0">
    <error message="Could not connect; nested exception is redis.client.RedisException: Could not connect" type="org.springframework.data.redis.RedisConnectionFailureException">org.springframework.data.redis.RedisConnectionFailureException: Could not connect; nested exception is redis.client.RedisException: Could not connect
Caused by: redis.client.RedisException: Could not connect
Caused by: java.net.ConnectException: Conexão recusada
</error>
  </testcase>
  <testcase name="removeAll[17]" classname="org.springframework.data.redis.support.collections.RedisListTests" time="0.001">
    <error message="Could not connect; nested exception is redis.client.RedisException: Could not connect" type="org.springframework.data.redis.RedisConnectionFailureException">org.springframework.data.redis.RedisConnectionFailureException: Could not connect; nested exception is redis.client.RedisException: Could not connect
Caused by: redis.client.RedisException: Could not connect
Caused by: java.net.ConnectException: Conexão recusada
</error>
  </testcase>
  <testcase name="testEquals[17]" classname="org.springframework.data.redis.support.collections.RedisListTests" time="0">
    <error message="Could not connect; nested exception is redis.client.RedisException: Could not connect" type="org.springframework.data.redis.RedisConnectionFailureException">org.springframework.data.redis.RedisConnectionFailureException: Could not connect; nested exception is redis.client.RedisException: Could not connect
Caused by: redis.client.RedisException: Could not connect
Caused by: java.net.ConnectException: Conexão recusada
</error>
  </testcase>
  <testcase name="testGetKey[17]" classname="org.springframework.data.redis.support.collections.RedisListTests" time="0">
    <error message="Could not connect; nested exception is redis.client.RedisException: Could not connect" type="org.springframework.data.redis.RedisConnectionFailureException">org.springframework.data.redis.RedisConnectionFailureException: Could not connect; nested exception is redis.client.RedisException: Could not connect
Caused by: redis.client.RedisException: Could not connect
Caused by: java.net.ConnectException: Conexão recusada
</error>
  </testcase>
  <testcase name="testToArrayWithGenerics[17]" classname="org.springframework.data.redis.support.collections.RedisListTests" time="0.004">
    <error message="Could not connect; nested exception is redis.client.RedisException: Could not connect" type="org.springframework.data.redis.RedisConnectionFailureException">org.springframework.data.redis.RedisConnectionFailureException: Could not connect; nested exception is redis.client.RedisException: Could not connect
Caused by: redis.client.RedisException: Could not connect
Caused by: java.net.ConnectException: Conexão recusada
</error>
  </testcase>
  <testcase name="testToArrayWithGenerics[17]" classname="org.springframework.data.redis.support.collections.RedisListTests" time="0.004">
    <error message="Could not connect; nested exception is redis.client.RedisException: Could not connect" type="org.springframework.data.redis.RedisConnectionFailureException">org.springframework.data.redis.RedisConnectionFailureException: Could not connect; nested exception is redis.client.RedisException: Could not connect
Caused by: redis.client.RedisException: Could not connect
Caused by: java.net.ConnectException: Conexão recusada
</error>
  </testcase>
  <testcase name="testIsEmpty[17]" classname="org.springframework.data.redis.support.collections.RedisListTests" time="0">
    <error message="Could not connect; nested exception is redis.client.RedisException: Could not connect" type="org.springframework.data.redis.RedisConnectionFailureException">org.springframework.data.redis.RedisConnectionFailureException: Could not connect; nested exception is redis.client.RedisException: Could not connect
Caused by: redis.client.RedisException: Could not connect
Caused by: java.net.ConnectException: Conexão recusada
</error>
  </testcase>
  <testcase name="testIsEmpty[17]" classname="org.springframework.data.redis.support.collections.RedisListTests" time="0">
    <error message="Could not connect; nested exception is redis.client.RedisException: Could not connect" type="org.springframework.data.redis.RedisConnectionFailureException">org.springframework.data.redis.RedisConnectionFailureException: Could not connect; nested exception is redis.client.RedisException: Could not connect
Caused by: redis.client.RedisException: Could not connect
Caused by: java.net.ConnectException: Conexão recusada
</error>
  </testcase>
  <testcase name="testIterator[17]" classname="org.springframework.data.redis.support.collections.RedisListTests" time="0">
    <error message="Could not connect; nested exception is redis.client.RedisException: Could not connect" type="org.springframework.data.redis.RedisConnectionFailureException">org.springframework.data.redis.RedisConnectionFailureException: Could not connect; nested exception is redis.client.RedisException: Could not connect
Caused by: redis.client.RedisException: Could not connect
Caused by: java.net.ConnectException: Conexão recusada
</error>
  </testcase>
  <testcase name="testIterator[17]" classname="org.springframework.data.redis.support.collections.RedisListTests" time="0">
    <error message="Could not connect; nested exception is redis.client.RedisException: Could not connect" type="org.springframework.data.redis.RedisConnectionFailureException">org.springframework.data.redis.RedisConnectionFailureException: Could not connect; nested exception is redis.client.RedisException: Could not connect
Caused by: redis.client.RedisException: Could not connect
Caused by: java.net.ConnectException: Conexão recusada
</error>
  </testcase>
  <testcase name="testElement[18]" classname="org.springframework.data.redis.support.collections.RedisListTests" time="0">
    <error message="Could not connect; nested exception is redis.client.RedisException: Could not connect" type="org.springframework.data.redis.RedisConnectionFailureException">org.springframework.data.redis.RedisConnectionFailureException: Could not connect; nested exception is redis.client.RedisException: Could not connect
Caused by: redis.client.RedisException: Could not connect
Caused by: java.net.ConnectException: Conexão recusada
</error>
  </testcase>
  <testcase name="testElement[18]" classname="org.springframework.data.redis.support.collections.RedisListTests" time="0">
    <error message="Could not connect; nested exception is redis.client.RedisException: Could not connect" type="org.springframework.data.redis.RedisConnectionFailureException">org.springframework.data.redis.RedisConnectionFailureException: Could not connect; nested exception is redis.client.RedisException: Could not connect
Caused by: redis.client.RedisException: Could not connect
Caused by: java.net.ConnectException: Conexão recusada
</error>
  </testcase>
  <testcase name="testPutFirst[18]" classname="org.springframework.data.redis.support.collections.RedisListTests" time="0">
    <error message="Could not connect; nested exception is redis.client.RedisException: Could not connect" type="org.springframework.data.redis.RedisConnectionFailureException">org.springframework.data.redis.RedisConnectionFailureException: Could not connect; nested exception is redis.client.RedisException: Could not connect
Caused by: redis.client.RedisException: Could not connect
Caused by: java.net.ConnectException: Conexão recusada
</error>
  </testcase>
  <testcase name="testPutFirst[18]" classname="org.springframework.data.redis.support.collections.RedisListTests" time="0">
    <error message="Could not connect; nested exception is redis.client.RedisException: Could not connect" type="org.springframework.data.redis.RedisConnectionFailureException">org.springframework.data.redis.RedisConnectionFailureException: Could not connect; nested exception is redis.client.RedisException: Could not connect
Caused by: redis.client.RedisException: Could not connect
Caused by: java.net.ConnectException: Conexão recusada
</error>
  </testcase>
  <testcase name="testPollLastTimeout[18]" classname="org.springframework.data.redis.support.collections.RedisListTests" time="0">
    <error message="Could not connect; nested exception is redis.client.RedisException: Could not connect" type="org.springframework.data.redis.RedisConnectionFailureException">org.springframework.data.redis.RedisConnectionFailureException: Could not connect; nested exception is redis.client.RedisException: Could not connect
Caused by: redis.client.RedisException: Could not connect
Caused by: java.net.ConnectException: Conexão recusada
</error>
  </testcase>
  <testcase name="testPollLastTimeout[18]" classname="org.springframework.data.redis.support.collections.RedisListTests" time="0.001">
    <error message="Could not connect; nested exception is redis.client.RedisException: Could not connect" type="org.springframework.data.redis.RedisConnectionFailureException">org.springframework.data.redis.RedisConnectionFailureException: Could not connect; nested exception is redis.client.RedisException: Could not connect
Caused by: redis.client.RedisException: Could not connect
Caused by: java.net.ConnectException: Conexão recusada
</error>
  </testcase>
  <testcase name="testPeekFirst[18]" classname="org.springframework.data.redis.support.collections.RedisListTests" time="0.003">
    <error message="Could not connect; nested exception is redis.client.RedisException: Could not connect" type="org.springframework.data.redis.RedisConnectionFailureException">org.springframework.data.redis.RedisConnectionFailureException: Could not connect; nested exception is redis.client.RedisException: Could not connect
Caused by: redis.client.RedisException: Could not connect
Caused by: java.net.ConnectException: Conexão recusada
</error>
  </testcase>
  <testcase name="testPeekFirst[18]" classname="org.springframework.data.redis.support.collections.RedisListTests" time="0.003">
    <error message="Could not connect; nested exception is redis.client.RedisException: Could not connect" type="org.springframework.data.redis.RedisConnectionFailureException">org.springframework.data.redis.RedisConnectionFailureException: Could not connect; nested exception is redis.client.RedisException: Could not connect
Caused by: redis.client.RedisException: Could not connect
Caused by: java.net.ConnectException: Conexão recusada
</error>
  </testcase>
  <testcase name="testOfferLast[18]" classname="org.springframework.data.redis.support.collections.RedisListTests" time="0">
    <error message="Could not connect; nested exception is redis.client.RedisException: Could not connect" type="org.springframework.data.redis.RedisConnectionFailureException">org.springframework.data.redis.RedisConnectionFailureException: Could not connect; nested exception is redis.client.RedisException: Could not connect
Caused by: redis.client.RedisException: Could not connect
Caused by: java.net.ConnectException: Conexão recusada
</error>
  </testcase>
  <testcase name="testOfferLast[18]" classname="org.springframework.data.redis.support.collections.RedisListTests" time="0">
    <error message="Could not connect; nested exception is redis.client.RedisException: Could not connect" type="org.springframework.data.redis.RedisConnectionFailureException">org.springframework.data.redis.RedisConnectionFailureException: Could not connect; nested exception is redis.client.RedisException: Could not connect
Caused by: redis.client.RedisException: Could not connect
Caused by: java.net.ConnectException: Conexão recusada
</error>
  </testcase>
  <testcase name="testGetFirst[18]" classname="org.springframework.data.redis.support.collections.RedisListTests" time="0">
    <error message="Could not connect; nested exception is redis.client.RedisException: Could not connect" type="org.springframework.data.redis.RedisConnectionFailureException">org.springframework.data.redis.RedisConnectionFailureException: Could not connect; nested exception is redis.client.RedisException: Could not connect
Caused by: redis.client.RedisException: Could not connect
Caused by: java.net.ConnectException: Conexão recusada
</error>
  </testcase>
  <testcase name="testGetFirst[18]" classname="org.springframework.data.redis.support.collections.RedisListTests" time="0">
    <error message="Could not connect; nested exception is redis.client.RedisException: Could not connect" type="org.springframework.data.redis.RedisConnectionFailureException">org.springframework.data.redis.RedisConnectionFailureException: Could not connect; nested exception is redis.client.RedisException: Could not connect
Caused by: redis.client.RedisException: Could not connect
Caused by: java.net.ConnectException: Conexão recusada
</error>
  </testcase>
  <testcase name="testAddLast[18]" classname="org.springframework.data.redis.support.collections.RedisListTests" time="0">
    <error message="Could not connect; nested exception is redis.client.RedisException: Could not connect" type="org.springframework.data.redis.RedisConnectionFailureException">org.springframework.data.redis.RedisConnectionFailureException: Could not connect; nested exception is redis.client.RedisException: Could not connect
Caused by: redis.client.RedisException: Could not connect
Caused by: java.net.ConnectException: Conexão recusada
</error>
  </testcase>
  <testcase name="testAddLast[18]" classname="org.springframework.data.redis.support.collections.RedisListTests" time="0">
    <error message="Could not connect; nested exception is redis.client.RedisException: Could not connect" type="org.springframework.data.redis.RedisConnectionFailureException">org.springframework.data.redis.RedisConnectionFailureException: Could not connect; nested exception is redis.client.RedisException: Could not connect
Caused by: redis.client.RedisException: Could not connect
Caused by: java.net.ConnectException: Conexão recusada
</error>
  </testcase>
  <testcase name="testPop[18]" classname="org.springframework.data.redis.support.collections.RedisListTests" time="0">
    <error message="Could not connect; nested exception is redis.client.RedisException: Could not connect" type="org.springframework.data.redis.RedisConnectionFailureException">org.springframework.data.redis.RedisConnectionFailureException: Could not connect; nested exception is redis.client.RedisException: Could not connect
Caused by: redis.client.RedisException: Could not connect
Caused by: java.net.ConnectException: Conexão recusada
</error>
  </testcase>
  <testcase name="testPop[18]" classname="org.springframework.data.redis.support.collections.RedisListTests" time="0">
    <error message="Could not connect; nested exception is redis.client.RedisException: Could not connect" type="org.springframework.data.redis.RedisConnectionFailureException">org.springframework.data.redis.RedisConnectionFailureException: Could not connect; nested exception is redis.client.RedisException: Could not connect
Caused by: redis.client.RedisException: Could not connect
Caused by: java.net.ConnectException: Conexão recusada
</error>
  </testcase>
  <testcase name="testPut[18]" classname="org.springframework.data.redis.support.collections.RedisListTests" time="0">
    <error message="Could not connect; nested exception is redis.client.RedisException: Could not connect" type="org.springframework.data.redis.RedisConnectionFailureException">org.springframework.data.redis.RedisConnectionFailureException: Could not connect; nested exception is redis.client.RedisException: Could not connect
Caused by: redis.client.RedisException: Could not connect
Caused by: java.net.ConnectException: Conexão recusada
</error>
  </testcase>
  <testcase name="testPut[18]" classname="org.springframework.data.redis.support.collections.RedisListTests" time="0.001">
    <error message="Could not connect; nested exception is redis.client.RedisException: Could not connect" type="org.springframework.data.redis.RedisConnectionFailureException">org.springframework.data.redis.RedisConnectionFailureException: Could not connect; nested exception is redis.client.RedisException: Could not connect
Caused by: redis.client.RedisException: Could not connect
Caused by: java.net.ConnectException: Conexão recusada
</error>
  </testcase>
  <testcase name="testSet[18]" classname="org.springframework.data.redis.support.collections.RedisListTests" time="0">
    <error message="Could not connect; nested exception is redis.client.RedisException: Could not connect" type="org.springframework.data.redis.RedisConnectionFailureException">org.springframework.data.redis.RedisConnectionFailureException: Could not connect; nested exception is redis.client.RedisException: Could not connect
Caused by: redis.client.RedisException: Could not connect
Caused by: java.net.ConnectException: Conexão recusada
</error>
  </testcase>
  <testcase name="testSet[18]" classname="org.springframework.data.redis.support.collections.RedisListTests" time="0">
    <error message="Could not connect; nested exception is redis.client.RedisException: Could not connect" type="org.springframework.data.redis.RedisConnectionFailureException">org.springframework.data.redis.RedisConnectionFailureException: Could not connect; nested exception is redis.client.RedisException: Could not connect
Caused by: redis.client.RedisException: Could not connect
Caused by: java.net.ConnectException: Conexão recusada
</error>
  </testcase>
  <testcase name="testOffer[18]" classname="org.springframework.data.redis.support.collections.RedisListTests" time="0.001">
    <error message="Could not connect; nested exception is redis.client.RedisException: Could not connect" type="org.springframework.data.redis.RedisConnectionFailureException">org.springframework.data.redis.RedisConnectionFailureException: Could not connect; nested exception is redis.client.RedisException: Could not connect
Caused by: redis.client.RedisException: Could not connect
Caused by: java.net.ConnectException: Conexão recusada
</error>
  </testcase>
  <testcase name="testOffer[18]" classname="org.springframework.data.redis.support.collections.RedisListTests" time="0.001">
    <error message="Could not connect; nested exception is redis.client.RedisException: Could not connect" type="org.springframework.data.redis.RedisConnectionFailureException">org.springframework.data.redis.RedisConnectionFailureException: Could not connect; nested exception is redis.client.RedisException: Could not connect
Caused by: redis.client.RedisException: Could not connect
Caused by: java.net.ConnectException: Conexão recusada
</error>
  </testcase>
  <testcase name="testRange[18]" classname="org.springframework.data.redis.support.collections.RedisListTests" time="0">
    <error message="Could not connect; nested exception is redis.client.RedisException: Could not connect" type="org.springframework.data.redis.RedisConnectionFailureException">org.springframework.data.redis.RedisConnectionFailureException: Could not connect; nested exception is redis.client.RedisException: Could not connect
Caused by: redis.client.RedisException: Could not connect
Caused by: java.net.ConnectException: Conexão recusada
</error>
  </testcase>
  <testcase name="testRange[18]" classname="org.springframework.data.redis.support.collections.RedisListTests" time="0.001">
    <error message="Could not connect; nested exception is redis.client.RedisException: Could not connect" type="org.springframework.data.redis.RedisConnectionFailureException">org.springframework.data.redis.RedisConnectionFailureException: Could not connect; nested exception is redis.client.RedisException: Could not connect
Caused by: redis.client.RedisException: Could not connect
Caused by: java.net.ConnectException: Conexão recusada
</error>
  </testcase>
  <testcase name="testLast[18]" classname="org.springframework.data.redis.support.collections.RedisListTests" time="0">
    <error message="Could not connect; nested exception is redis.client.RedisException: Could not connect" type="org.springframework.data.redis.RedisConnectionFailureException">org.springframework.data.redis.RedisConnectionFailureException: Could not connect; nested exception is redis.client.RedisException: Could not connect
Caused by: redis.client.RedisException: Could not connect
Caused by: java.net.ConnectException: Conexão recusada
</error>
  </testcase>
  <testcase name="testLast[18]" classname="org.springframework.data.redis.support.collections.RedisListTests" time="0">
    <error message="Could not connect; nested exception is redis.client.RedisException: Could not connect" type="org.springframework.data.redis.RedisConnectionFailureException">org.springframework.data.redis.RedisConnectionFailureException: Could not connect; nested exception is redis.client.RedisException: Could not connect
Caused by: redis.client.RedisException: Could not connect
Caused by: java.net.ConnectException: Conexão recusada
</error>
  </testcase>
  <testcase name="testPeek[18]" classname="org.springframework.data.redis.support.collections.RedisListTests" time="0.001">
    <error message="Could not connect; nested exception is redis.client.RedisException: Could not connect" type="org.springframework.data.redis.RedisConnectionFailureException">org.springframework.data.redis.RedisConnectionFailureException: Could not connect; nested exception is redis.client.RedisException: Could not connect
Caused by: redis.client.RedisException: Could not connect
Caused by: java.net.ConnectException: Conexão recusada
</error>
  </testcase>
  <testcase name="testPeek[18]" classname="org.springframework.data.redis.support.collections.RedisListTests" time="0.001">
    <error message="Could not connect; nested exception is redis.client.RedisException: Could not connect" type="org.springframework.data.redis.RedisConnectionFailureException">org.springframework.data.redis.RedisConnectionFailureException: Could not connect; nested exception is redis.client.RedisException: Could not connect
Caused by: redis.client.RedisException: Could not connect
Caused by: java.net.ConnectException: Conexão recusada
</error>
  </testcase>
  <testcase name="testPoll[18]" classname="org.springframework.data.redis.support.collections.RedisListTests" time="0">
    <error message="Could not connect; nested exception is redis.client.RedisException: Could not connect" type="org.springframework.data.redis.RedisConnectionFailureException">org.springframework.data.redis.RedisConnectionFailureException: Could not connect; nested exception is redis.client.RedisException: Could not connect
Caused by: redis.client.RedisException: Could not connect
Caused by: java.net.ConnectException: Conexão recusada
</error>
  </testcase>
  <testcase name="testPoll[18]" classname="org.springframework.data.redis.support.collections.RedisListTests" time="0">
    <error message="Could not connect; nested exception is redis.client.RedisException: Could not connect" type="org.springframework.data.redis.RedisConnectionFailureException">org.springframework.data.redis.RedisConnectionFailureException: Could not connect; nested exception is redis.client.RedisException: Could not connect
Caused by: redis.client.RedisException: Could not connect
Caused by: java.net.ConnectException: Conexão recusada
</error>
  </testcase>
  <testcase name="testTake[18]" classname="org.springframework.data.redis.support.collections.RedisListTests" time="0.001">
    <error message="Could not connect; nested exception is redis.client.RedisException: Could not connect" type="org.springframework.data.redis.RedisConnectionFailureException">org.springframework.data.redis.RedisConnectionFailureException: Could not connect; nested exception is redis.client.RedisException: Could not connect
Caused by: redis.client.RedisException: Could not connect
Caused by: java.net.ConnectException: Conexão recusada
</error>
  </testcase>
  <testcase name="testTake[18]" classname="org.springframework.data.redis.support.collections.RedisListTests" time="0.001">
    <error message="Could not connect; nested exception is redis.client.RedisException: Could not connect" type="org.springframework.data.redis.RedisConnectionFailureException">org.springframework.data.redis.RedisConnectionFailureException: Could not connect; nested exception is redis.client.RedisException: Could not connect
Caused by: redis.client.RedisException: Could not connect
Caused by: java.net.ConnectException: Conexão recusada
</error>
  </testcase>
  <testcase name="testTrim[18]" classname="org.springframework.data.redis.support.collections.RedisListTests" time="0">
    <error message="Could not connect; nested exception is redis.client.RedisException: Could not connect" type="org.springframework.data.redis.RedisConnectionFailureException">org.springframework.data.redis.RedisConnectionFailureException: Could not connect; nested exception is redis.client.RedisException: Could not connect
Caused by: redis.client.RedisException: Could not connect
Caused by: java.net.ConnectException: Conexão recusada
</error>
  </testcase>
  <testcase name="testTrim[18]" classname="org.springframework.data.redis.support.collections.RedisListTests" time="0">
    <error message="Could not connect; nested exception is redis.client.RedisException: Could not connect" type="org.springframework.data.redis.RedisConnectionFailureException">org.springframework.data.redis.RedisConnectionFailureException: Could not connect; nested exception is redis.client.RedisException: Could not connect
Caused by: redis.client.RedisException: Could not connect
Caused by: java.net.ConnectException: Conexão recusada
</error>
  </testcase>
  <testcase name="testDrainToCollection[18]" classname="org.springframework.data.redis.support.collections.RedisListTests" time="0.001">
    <error message="Could not connect; nested exception is redis.client.RedisException: Could not connect" type="org.springframework.data.redis.RedisConnectionFailureException">org.springframework.data.redis.RedisConnectionFailureException: Could not connect; nested exception is redis.client.RedisException: Could not connect
Caused by: redis.client.RedisException: Could not connect
Caused by: java.net.ConnectException: Conexão recusada
</error>
  </testcase>
  <testcase name="testDrainToCollection[18]" classname="org.springframework.data.redis.support.collections.RedisListTests" time="0.001">
    <error message="Could not connect; nested exception is redis.client.RedisException: Could not connect" type="org.springframework.data.redis.RedisConnectionFailureException">org.springframework.data.redis.RedisConnectionFailureException: Could not connect; nested exception is redis.client.RedisException: Could not connect
Caused by: redis.client.RedisException: Could not connect
Caused by: java.net.ConnectException: Conexão recusada
</error>
  </testcase>
  <testcase name="testRemoveFirst[18]" classname="org.springframework.data.redis.support.collections.RedisListTests" time="0.001">
    <error message="Could not connect; nested exception is redis.client.RedisException: Could not connect" type="org.springframework.data.redis.RedisConnectionFailureException">org.springframework.data.redis.RedisConnectionFailureException: Could not connect; nested exception is redis.client.RedisException: Could not connect
Caused by: redis.client.RedisException: Could not connect
Caused by: java.net.ConnectException: Conexão recusada
</error>
  </testcase>
  <testcase name="testRemoveFirst[18]" classname="org.springframework.data.redis.support.collections.RedisListTests" time="0.001">
    <error message="Could not connect; nested exception is redis.client.RedisException: Could not connect" type="org.springframework.data.redis.RedisConnectionFailureException">org.springframework.data.redis.RedisConnectionFailureException: Could not connect; nested exception is redis.client.RedisException: Could not connect
Caused by: redis.client.RedisException: Could not connect
Caused by: java.net.ConnectException: Conexão recusada
</error>
  </testcase>
  <testcase name="testRemoveIndex[18]" classname="org.springframework.data.redis.support.collections.RedisListTests" time="0">
    <error message="Could not connect; nested exception is redis.client.RedisException: Could not connect" type="org.springframework.data.redis.RedisConnectionFailureException">org.springframework.data.redis.RedisConnectionFailureException: Could not connect; nested exception is redis.client.RedisException: Could not connect
Caused by: redis.client.RedisException: Could not connect
Caused by: java.net.ConnectException: Conexão recusada
</error>
  </testcase>
  <testcase name="testPutLast[18]" classname="org.springframework.data.redis.support.collections.RedisListTests" time="0.001">
    <error message="Could not connect; nested exception is redis.client.RedisException: Could not connect" type="org.springframework.data.redis.RedisConnectionFailureException">org.springframework.data.redis.RedisConnectionFailureException: Could not connect; nested exception is redis.client.RedisException: Could not connect
Caused by: redis.client.RedisException: Could not connect
Caused by: java.net.ConnectException: Conexão recusada
</error>
  </testcase>
  <testcase name="testPutLast[18]" classname="org.springframework.data.redis.support.collections.RedisListTests" time="0.001">
    <error message="Could not connect; nested exception is redis.client.RedisException: Could not connect" type="org.springframework.data.redis.RedisConnectionFailureException">org.springframework.data.redis.RedisConnectionFailureException: Could not connect; nested exception is redis.client.RedisException: Could not connect
Caused by: redis.client.RedisException: Could not connect
Caused by: java.net.ConnectException: Conexão recusada
</error>
  </testcase>
  <testcase name="testOfferFirst[18]" classname="org.springframework.data.redis.support.collections.RedisListTests" time="0.002">
    <error message="Could not connect; nested exception is redis.client.RedisException: Could not connect" type="org.springframework.data.redis.RedisConnectionFailureException">org.springframework.data.redis.RedisConnectionFailureException: Could not connect; nested exception is redis.client.RedisException: Could not connect
Caused by: redis.client.RedisException: Could not connect
Caused by: java.net.ConnectException: Conexão recusada
</error>
  </testcase>
  <testcase name="testOfferFirst[18]" classname="org.springframework.data.redis.support.collections.RedisListTests" time="0.002">
    <error message="Could not connect; nested exception is redis.client.RedisException: Could not connect" type="org.springframework.data.redis.RedisConnectionFailureException">org.springframework.data.redis.RedisConnectionFailureException: Could not connect; nested exception is redis.client.RedisException: Could not connect
Caused by: redis.client.RedisException: Could not connect
Caused by: java.net.ConnectException: Conexão recusada
</error>
  </testcase>
  <testcase name="testDescendingIterator[18]" classname="org.springframework.data.redis.support.collections.RedisListTests" time="0">
    <error message="Could not connect; nested exception is redis.client.RedisException: Could not connect" type="org.springframework.data.redis.RedisConnectionFailureException">org.springframework.data.redis.RedisConnectionFailureException: Could not connect; nested exception is redis.client.RedisException: Could not connect
Caused by: redis.client.RedisException: Could not connect
Caused by: java.net.ConnectException: Conexão recusada
</error>
  </testcase>
  <testcase name="testDescendingIterator[18]" classname="org.springframework.data.redis.support.collections.RedisListTests" time="0">
    <error message="Could not connect; nested exception is redis.client.RedisException: Could not connect" type="org.springframework.data.redis.RedisConnectionFailureException">org.springframework.data.redis.RedisConnectionFailureException: Could not connect; nested exception is redis.client.RedisException: Could not connect
Caused by: redis.client.RedisException: Could not connect
Caused by: java.net.ConnectException: Conexão recusada
</error>
  </testcase>
  <testcase name="testAddFirst[18]" classname="org.springframework.data.redis.support.collections.RedisListTests" time="0.001">
    <error message="Could not connect; nested exception is redis.client.RedisException: Could not connect" type="org.springframework.data.redis.RedisConnectionFailureException">org.springframework.data.redis.RedisConnectionFailureException: Could not connect; nested exception is redis.client.RedisException: Could not connect
Caused by: redis.client.RedisException: Could not connect
Caused by: java.net.ConnectException: Conexão recusada
</error>
  </testcase>
  <testcase name="testAddFirst[18]" classname="org.springframework.data.redis.support.collections.RedisListTests" time="0.001">
    <error message="Could not connect; nested exception is redis.client.RedisException: Could not connect" type="org.springframework.data.redis.RedisConnectionFailureException">org.springframework.data.redis.RedisConnectionFailureException: Could not connect; nested exception is redis.client.RedisException: Could not connect
Caused by: redis.client.RedisException: Could not connect
Caused by: java.net.ConnectException: Conexão recusada
</error>
  </testcase>
  <testcase name="testDrainToCollectionWithMaxElements[18]" classname="org.springframework.data.redis.support.collections.RedisListTests" time="0.005">
    <error message="Could not connect; nested exception is redis.client.RedisException: Could not connect" type="org.springframework.data.redis.RedisConnectionFailureException">org.springframework.data.redis.RedisConnectionFailureException: Could not connect; nested exception is redis.client.RedisException: Could not connect
Caused by: redis.client.RedisException: Could not connect
Caused by: java.net.ConnectException: Conexão recusada
</error>
  </testcase>
  <testcase name="testDrainToCollectionWithMaxElements[18]" classname="org.springframework.data.redis.support.collections.RedisListTests" time="0.005">
    <error message="Could not connect; nested exception is redis.client.RedisException: Could not connect" type="org.springframework.data.redis.RedisConnectionFailureException">org.springframework.data.redis.RedisConnectionFailureException: Could not connect; nested exception is redis.client.RedisException: Could not connect
Caused by: redis.client.RedisException: Could not connect
Caused by: java.net.ConnectException: Conexão recusada
</error>
  </testcase>
  <testcase name="testTakeLast[18]" classname="org.springframework.data.redis.support.collections.RedisListTests" time="0.008">
    <error message="Could not connect; nested exception is redis.client.RedisException: Could not connect" type="org.springframework.data.redis.RedisConnectionFailureException">org.springframework.data.redis.RedisConnectionFailureException: Could not connect; nested exception is redis.client.RedisException: Could not connect
Caused by: redis.client.RedisException: Could not connect
Caused by: java.net.ConnectException: Conexão recusada
</error>
  </testcase>
  <testcase name="testTakeLast[18]" classname="org.springframework.data.redis.support.collections.RedisListTests" time="0.008">
    <error message="Could not connect; nested exception is redis.client.RedisException: Could not connect" type="org.springframework.data.redis.RedisConnectionFailureException">org.springframework.data.redis.RedisConnectionFailureException: Could not connect; nested exception is redis.client.RedisException: Could not connect
Caused by: redis.client.RedisException: Could not connect
Caused by: java.net.ConnectException: Conexão recusada
</error>
  </testcase>
  <testcase name="testRemainingCapacity[18]" classname="org.springframework.data.redis.support.collections.RedisListTests" time="0">
    <error message="Could not connect; nested exception is redis.client.RedisException: Could not connect" type="org.springframework.data.redis.RedisConnectionFailureException">org.springframework.data.redis.RedisConnectionFailureException: Could not connect; nested exception is redis.client.RedisException: Could not connect
Caused by: redis.client.RedisException: Could not connect
Caused by: java.net.ConnectException: Conexão recusada
</error>
  </testcase>
  <testcase name="testRemoveLast[18]" classname="org.springframework.data.redis.support.collections.RedisListTests" time="0">
    <error message="Could not connect; nested exception is redis.client.RedisException: Could not connect" type="org.springframework.data.redis.RedisConnectionFailureException">org.springframework.data.redis.RedisConnectionFailureException: Could not connect; nested exception is redis.client.RedisException: Could not connect
Caused by: redis.client.RedisException: Could not connect
Caused by: java.net.ConnectException: Conexão recusada
</error>
  </testcase>
  <testcase name="testRemoveLast[18]" classname="org.springframework.data.redis.support.collections.RedisListTests" time="0">
    <error message="Could not connect; nested exception is redis.client.RedisException: Could not connect" type="org.springframework.data.redis.RedisConnectionFailureException">org.springframework.data.redis.RedisConnectionFailureException: Could not connect; nested exception is redis.client.RedisException: Could not connect
Caused by: redis.client.RedisException: Could not connect
Caused by: java.net.ConnectException: Conexão recusada
</error>
  </testcase>
  <testcase name="testAddIndexObjectHead[18]" classname="org.springframework.data.redis.support.collections.RedisListTests" time="0.004">
    <error message="Could not connect; nested exception is redis.client.RedisException: Could not connect" type="org.springframework.data.redis.RedisConnectionFailureException">org.springframework.data.redis.RedisConnectionFailureException: Could not connect; nested exception is redis.client.RedisException: Could not connect
Caused by: redis.client.RedisException: Could not connect
Caused by: java.net.ConnectException: Conexão recusada
</error>
  </testcase>
  <testcase name="testAddIndexObjectHead[18]" classname="org.springframework.data.redis.support.collections.RedisListTests" time="0.004">
    <error message="Could not connect; nested exception is redis.client.RedisException: Could not connect" type="org.springframework.data.redis.RedisConnectionFailureException">org.springframework.data.redis.RedisConnectionFailureException: Could not connect; nested exception is redis.client.RedisException: Could not connect
Caused by: redis.client.RedisException: Could not connect
Caused by: java.net.ConnectException: Conexão recusada
</error>
  </testcase>
  <testcase name="testAddIndexObjectTail[18]" classname="org.springframework.data.redis.support.collections.RedisListTests" time="0.001">
    <error message="Could not connect; nested exception is redis.client.RedisException: Could not connect" type="org.springframework.data.redis.RedisConnectionFailureException">org.springframework.data.redis.RedisConnectionFailureException: Could not connect; nested exception is redis.client.RedisException: Could not connect
Caused by: redis.client.RedisException: Could not connect
Caused by: java.net.ConnectException: Conexão recusada
</error>
  </testcase>
  <testcase name="testAddIndexObjectTail[18]" classname="org.springframework.data.redis.support.collections.RedisListTests" time="0.001">
    <error message="Could not connect; nested exception is redis.client.RedisException: Could not connect" type="org.springframework.data.redis.RedisConnectionFailureException">org.springframework.data.redis.RedisConnectionFailureException: Could not connect; nested exception is redis.client.RedisException: Could not connect
Caused by: redis.client.RedisException: Could not connect
Caused by: java.net.ConnectException: Conexão recusada
</error>
  </testcase>
  <testcase name="testPollFirst[18]" classname="org.springframework.data.redis.support.collections.RedisListTests" time="0">
    <error message="Could not connect; nested exception is redis.client.RedisException: Could not connect" type="org.springframework.data.redis.RedisConnectionFailureException">org.springframework.data.redis.RedisConnectionFailureException: Could not connect; nested exception is redis.client.RedisException: Could not connect
Caused by: redis.client.RedisException: Could not connect
Caused by: java.net.ConnectException: Conexão recusada
</error>
  </testcase>
  <testcase name="testPollFirst[18]" classname="org.springframework.data.redis.support.collections.RedisListTests" time="0.001">
    <error message="Could not connect; nested exception is redis.client.RedisException: Could not connect" type="org.springframework.data.redis.RedisConnectionFailureException">org.springframework.data.redis.RedisConnectionFailureException: Could not connect; nested exception is redis.client.RedisException: Could not connect
Caused by: redis.client.RedisException: Could not connect
Caused by: java.net.ConnectException: Conexão recusada
</error>
  </testcase>
  <testcase name="testAddIndexObjectMiddle[18]" classname="org.springframework.data.redis.support.collections.RedisListTests" time="0.01">
    <error message="Unexpected exception, expected&lt;java.lang.IllegalArgumentException&gt; but was&lt;org.springframework.data.redis.RedisConnectionFailureException&gt;" type="java.lang.Exception"><![CDATA[java.lang.Exception: Unexpected exception, expected<java.lang.IllegalArgumentException> but was<org.springframework.data.redis.RedisConnectionFailureException>
Caused by: org.springframework.data.redis.RedisConnectionFailureException: Could not connect; nested exception is redis.client.RedisException: Could not connect
Caused by: redis.client.RedisException: Could not connect
Caused by: java.net.ConnectException: Conexão recusada
]]></error>
  </testcase>
  <testcase name="testAddIndexObjectMiddle[18]" classname="org.springframework.data.redis.support.collections.RedisListTests" time="0.011">
    <error message="Could not connect; nested exception is redis.client.RedisException: Could not connect" type="org.springframework.data.redis.RedisConnectionFailureException">org.springframework.data.redis.RedisConnectionFailureException: Could not connect; nested exception is redis.client.RedisException: Could not connect
Caused by: redis.client.RedisException: Could not connect
Caused by: java.net.ConnectException: Conexão recusada
</error>
  </testcase>
  <testcase name="testPeekLast[18]" classname="org.springframework.data.redis.support.collections.RedisListTests" time="0">
    <error message="Could not connect; nested exception is redis.client.RedisException: Could not connect" type="org.springframework.data.redis.RedisConnectionFailureException">org.springframework.data.redis.RedisConnectionFailureException: Could not connect; nested exception is redis.client.RedisException: Could not connect
Caused by: redis.client.RedisException: Could not connect
Caused by: java.net.ConnectException: Conexão recusada
</error>
  </testcase>
  <testcase name="testPeekLast[18]" classname="org.springframework.data.redis.support.collections.RedisListTests" time="0">
    <error message="Could not connect; nested exception is redis.client.RedisException: Could not connect" type="org.springframework.data.redis.RedisConnectionFailureException">org.springframework.data.redis.RedisConnectionFailureException: Could not connect; nested exception is redis.client.RedisException: Could not connect
Caused by: redis.client.RedisException: Could not connect
Caused by: java.net.ConnectException: Conexão recusada
</error>
  </testcase>
  <testcase name="testRemoveFirstOccurrence[18]" classname="org.springframework.data.redis.support.collections.RedisListTests" time="0.001">
    <error message="Could not connect; nested exception is redis.client.RedisException: Could not connect" type="org.springframework.data.redis.RedisConnectionFailureException">org.springframework.data.redis.RedisConnectionFailureException: Could not connect; nested exception is redis.client.RedisException: Could not connect
Caused by: redis.client.RedisException: Could not connect
Caused by: java.net.ConnectException: Conexão recusada
</error>
  </testcase>
  <testcase name="testRemoveFirstOccurrence[18]" classname="org.springframework.data.redis.support.collections.RedisListTests" time="0.001">
    <error message="Could not connect; nested exception is redis.client.RedisException: Could not connect" type="org.springframework.data.redis.RedisConnectionFailureException">org.springframework.data.redis.RedisConnectionFailureException: Could not connect; nested exception is redis.client.RedisException: Could not connect
Caused by: redis.client.RedisException: Could not connect
Caused by: java.net.ConnectException: Conexão recusada
</error>
  </testcase>
  <testcase name="addAllIndexCollectionHead[18]" classname="org.springframework.data.redis.support.collections.RedisListTests" time="0.001">
    <error message="Could not connect; nested exception is redis.client.RedisException: Could not connect" type="org.springframework.data.redis.RedisConnectionFailureException">org.springframework.data.redis.RedisConnectionFailureException: Could not connect; nested exception is redis.client.RedisException: Could not connect
Caused by: redis.client.RedisException: Could not connect
Caused by: java.net.ConnectException: Conexão recusada
</error>
  </testcase>
  <testcase name="addAllIndexCollectionHead[18]" classname="org.springframework.data.redis.support.collections.RedisListTests" time="0.001">
    <error message="Could not connect; nested exception is redis.client.RedisException: Could not connect" type="org.springframework.data.redis.RedisConnectionFailureException">org.springframework.data.redis.RedisConnectionFailureException: Could not connect; nested exception is redis.client.RedisException: Could not connect
Caused by: redis.client.RedisException: Could not connect
Caused by: java.net.ConnectException: Conexão recusada
</error>
  </testcase>
  <testcase name="addAllIndexCollectionTail[18]" classname="org.springframework.data.redis.support.collections.RedisListTests" time="0.001">
    <error message="Could not connect; nested exception is redis.client.RedisException: Could not connect" type="org.springframework.data.redis.RedisConnectionFailureException">org.springframework.data.redis.RedisConnectionFailureException: Could not connect; nested exception is redis.client.RedisException: Could not connect
Caused by: redis.client.RedisException: Could not connect
Caused by: java.net.ConnectException: Conexão recusada
</error>
  </testcase>
  <testcase name="addAllIndexCollectionTail[18]" classname="org.springframework.data.redis.support.collections.RedisListTests" time="0.002">
    <error message="Could not connect; nested exception is redis.client.RedisException: Could not connect" type="org.springframework.data.redis.RedisConnectionFailureException">org.springframework.data.redis.RedisConnectionFailureException: Could not connect; nested exception is redis.client.RedisException: Could not connect
Caused by: redis.client.RedisException: Could not connect
Caused by: java.net.ConnectException: Conexão recusada
</error>
  </testcase>
  <testcase name="addAllIndexCollectionMiddle[18]" classname="org.springframework.data.redis.support.collections.RedisListTests" time="0">
    <error message="Unexpected exception, expected&lt;java.lang.IllegalArgumentException&gt; but was&lt;org.springframework.data.redis.RedisConnectionFailureException&gt;" type="java.lang.Exception"><![CDATA[java.lang.Exception: Unexpected exception, expected<java.lang.IllegalArgumentException> but was<org.springframework.data.redis.RedisConnectionFailureException>
Caused by: org.springframework.data.redis.RedisConnectionFailureException: Could not connect; nested exception is redis.client.RedisException: Could not connect
Caused by: redis.client.RedisException: Could not connect
Caused by: java.net.ConnectException: Conexão recusada
]]></error>
  </testcase>
  <testcase name="addAllIndexCollectionMiddle[18]" classname="org.springframework.data.redis.support.collections.RedisListTests" time="0">
    <error message="Could not connect; nested exception is redis.client.RedisException: Could not connect" type="org.springframework.data.redis.RedisConnectionFailureException">org.springframework.data.redis.RedisConnectionFailureException: Could not connect; nested exception is redis.client.RedisException: Could not connect
Caused by: redis.client.RedisException: Could not connect
Caused by: java.net.ConnectException: Conexão recusada
</error>
  </testcase>
  <testcase name="testPollLast[18]" classname="org.springframework.data.redis.support.collections.RedisListTests" time="0">
    <error message="Could not connect; nested exception is redis.client.RedisException: Could not connect" type="org.springframework.data.redis.RedisConnectionFailureException">org.springframework.data.redis.RedisConnectionFailureException: Could not connect; nested exception is redis.client.RedisException: Could not connect
Caused by: redis.client.RedisException: Could not connect
Caused by: java.net.ConnectException: Conexão recusada
</error>
  </testcase>
  <testcase name="testPollLast[18]" classname="org.springframework.data.redis.support.collections.RedisListTests" time="0">
    <error message="Could not connect; nested exception is redis.client.RedisException: Could not connect" type="org.springframework.data.redis.RedisConnectionFailureException">org.springframework.data.redis.RedisConnectionFailureException: Could not connect; nested exception is redis.client.RedisException: Could not connect
Caused by: redis.client.RedisException: Could not connect
Caused by: java.net.ConnectException: Conexão recusada
</error>
  </testcase>
  <testcase name="testIndexOfObject[18]" classname="org.springframework.data.redis.support.collections.RedisListTests" time="0">
    <error message="Could not connect; nested exception is redis.client.RedisException: Could not connect" type="org.springframework.data.redis.RedisConnectionFailureException">org.springframework.data.redis.RedisConnectionFailureException: Could not connect; nested exception is redis.client.RedisException: Could not connect
Caused by: redis.client.RedisException: Could not connect
Caused by: java.net.ConnectException: Conexão recusada
</error>
  </testcase>
  <testcase name="testPollTimeout[18]" classname="org.springframework.data.redis.support.collections.RedisListTests" time="0.002">
    <error message="Could not connect; nested exception is redis.client.RedisException: Could not connect" type="org.springframework.data.redis.RedisConnectionFailureException">org.springframework.data.redis.RedisConnectionFailureException: Could not connect; nested exception is redis.client.RedisException: Could not connect
Caused by: redis.client.RedisException: Could not connect
Caused by: java.net.ConnectException: Conexão recusada
</error>
  </testcase>
  <testcase name="testPollTimeout[18]" classname="org.springframework.data.redis.support.collections.RedisListTests" time="0.002">
    <error message="Could not connect; nested exception is redis.client.RedisException: Could not connect" type="org.springframework.data.redis.RedisConnectionFailureException">org.springframework.data.redis.RedisConnectionFailureException: Could not connect; nested exception is redis.client.RedisException: Could not connect
Caused by: redis.client.RedisException: Could not connect
Caused by: java.net.ConnectException: Conexão recusada
</error>
  </testcase>
  <testcase name="testRemove[18]" classname="org.springframework.data.redis.support.collections.RedisListTests" time="0.003">
    <error message="Could not connect; nested exception is redis.client.RedisException: Could not connect" type="org.springframework.data.redis.RedisConnectionFailureException">org.springframework.data.redis.RedisConnectionFailureException: Could not connect; nested exception is redis.client.RedisException: Could not connect
Caused by: redis.client.RedisException: Could not connect
Caused by: java.net.ConnectException: Conexão recusada
</error>
  </testcase>
  <testcase name="testRemove[18]" classname="org.springframework.data.redis.support.collections.RedisListTests" time="0.003">
    <error message="Could not connect; nested exception is redis.client.RedisException: Could not connect" type="org.springframework.data.redis.RedisConnectionFailureException">org.springframework.data.redis.RedisConnectionFailureException: Could not connect; nested exception is redis.client.RedisException: Could not connect
Caused by: redis.client.RedisException: Could not connect
Caused by: java.net.ConnectException: Conexão recusada
</error>
  </testcase>
  <testcase name="testCappedCollection[18]" classname="org.springframework.data.redis.support.collections.RedisListTests" time="0.003">
    <error message="Could not connect; nested exception is redis.client.RedisException: Could not connect" type="org.springframework.data.redis.RedisConnectionFailureException">org.springframework.data.redis.RedisConnectionFailureException: Could not connect; nested exception is redis.client.RedisException: Could not connect
Caused by: redis.client.RedisException: Could not connect
Caused by: java.net.ConnectException: Conexão recusada
</error>
  </testcase>
  <testcase name="testCappedCollection[18]" classname="org.springframework.data.redis.support.collections.RedisListTests" time="0.003">
    <error message="Could not connect; nested exception is redis.client.RedisException: Could not connect" type="org.springframework.data.redis.RedisConnectionFailureException">org.springframework.data.redis.RedisConnectionFailureException: Could not connect; nested exception is redis.client.RedisException: Could not connect
Caused by: redis.client.RedisException: Could not connect
Caused by: java.net.ConnectException: Conexão recusada
</error>
  </testcase>
  <testcase name="testRmoveLastOccurrence[18]" classname="org.springframework.data.redis.support.collections.RedisListTests" time="0.001">
    <error message="Could not connect; nested exception is redis.client.RedisException: Could not connect" type="org.springframework.data.redis.RedisConnectionFailureException">org.springframework.data.redis.RedisConnectionFailureException: Could not connect; nested exception is redis.client.RedisException: Could not connect
Caused by: redis.client.RedisException: Could not connect
Caused by: java.net.ConnectException: Conexão recusada
</error>
  </testcase>
  <testcase name="testRmoveLastOccurrence[18]" classname="org.springframework.data.redis.support.collections.RedisListTests" time="0.005">
    <error message="Could not connect; nested exception is redis.client.RedisException: Could not connect" type="org.springframework.data.redis.RedisConnectionFailureException">org.springframework.data.redis.RedisConnectionFailureException: Could not connect; nested exception is redis.client.RedisException: Could not connect
Caused by: redis.client.RedisException: Could not connect
Caused by: java.net.ConnectException: Conexão recusada
</error>
  </testcase>
  <testcase name="testTakeFirst[18]" classname="org.springframework.data.redis.support.collections.RedisListTests" time="0">
    <error message="Could not connect; nested exception is redis.client.RedisException: Could not connect" type="org.springframework.data.redis.RedisConnectionFailureException">org.springframework.data.redis.RedisConnectionFailureException: Could not connect; nested exception is redis.client.RedisException: Could not connect
Caused by: redis.client.RedisException: Could not connect
Caused by: java.net.ConnectException: Conexão recusada
</error>
  </testcase>
  <testcase name="testTakeFirst[18]" classname="org.springframework.data.redis.support.collections.RedisListTests" time="0">
    <error message="Could not connect; nested exception is redis.client.RedisException: Could not connect" type="org.springframework.data.redis.RedisConnectionFailureException">org.springframework.data.redis.RedisConnectionFailureException: Could not connect; nested exception is redis.client.RedisException: Could not connect
Caused by: redis.client.RedisException: Could not connect
Caused by: java.net.ConnectException: Conexão recusada
</error>
  </testcase>
  <testcase name="testContainsObject[18]" classname="org.springframework.data.redis.support.collections.RedisListTests" time="0">
    <error message="Could not connect; nested exception is redis.client.RedisException: Could not connect" type="org.springframework.data.redis.RedisConnectionFailureException">org.springframework.data.redis.RedisConnectionFailureException: Could not connect; nested exception is redis.client.RedisException: Could not connect
Caused by: redis.client.RedisException: Could not connect
Caused by: java.net.ConnectException: Conexão recusada
</error>
  </testcase>
  <testcase name="testContainsObject[18]" classname="org.springframework.data.redis.support.collections.RedisListTests" time="0">
    <error message="Could not connect; nested exception is redis.client.RedisException: Could not connect" type="org.springframework.data.redis.RedisConnectionFailureException">org.springframework.data.redis.RedisConnectionFailureException: Could not connect; nested exception is redis.client.RedisException: Could not connect
Caused by: redis.client.RedisException: Could not connect
Caused by: java.net.ConnectException: Conexão recusada
</error>
  </testcase>
  <testcase name="testToArray[18]" classname="org.springframework.data.redis.support.collections.RedisListTests" time="0.001">
    <error message="Could not connect; nested exception is redis.client.RedisException: Could not connect" type="org.springframework.data.redis.RedisConnectionFailureException">org.springframework.data.redis.RedisConnectionFailureException: Could not connect; nested exception is redis.client.RedisException: Could not connect
Caused by: redis.client.RedisException: Could not connect
Caused by: java.net.ConnectException: Conexão recusada
</error>
  </testcase>
  <testcase name="testToArray[18]" classname="org.springframework.data.redis.support.collections.RedisListTests" time="0.001">
    <error message="Could not connect; nested exception is redis.client.RedisException: Could not connect" type="org.springframework.data.redis.RedisConnectionFailureException">org.springframework.data.redis.RedisConnectionFailureException: Could not connect; nested exception is redis.client.RedisException: Could not connect
Caused by: redis.client.RedisException: Could not connect
Caused by: java.net.ConnectException: Conexão recusada
</error>
  </testcase>
  <testcase name="testAdd[18]" classname="org.springframework.data.redis.support.collections.RedisListTests" time="0.002">
    <error message="Could not connect; nested exception is redis.client.RedisException: Could not connect" type="org.springframework.data.redis.RedisConnectionFailureException">org.springframework.data.redis.RedisConnectionFailureException: Could not connect; nested exception is redis.client.RedisException: Could not connect
Caused by: redis.client.RedisException: Could not connect
Caused by: java.net.ConnectException: Conexão recusada
</error>
  </testcase>
  <testcase name="testAdd[18]" classname="org.springframework.data.redis.support.collections.RedisListTests" time="0.002">
    <error message="Could not connect; nested exception is redis.client.RedisException: Could not connect" type="org.springframework.data.redis.RedisConnectionFailureException">org.springframework.data.redis.RedisConnectionFailureException: Could not connect; nested exception is redis.client.RedisException: Could not connect
Caused by: redis.client.RedisException: Could not connect
Caused by: java.net.ConnectException: Conexão recusada
</error>
  </testcase>
  <testcase name="testClear[18]" classname="org.springframework.data.redis.support.collections.RedisListTests" time="0.001">
    <error message="Could not connect; nested exception is redis.client.RedisException: Could not connect" type="org.springframework.data.redis.RedisConnectionFailureException">org.springframework.data.redis.RedisConnectionFailureException: Could not connect; nested exception is redis.client.RedisException: Could not connect
Caused by: redis.client.RedisException: Could not connect
Caused by: java.net.ConnectException: Conexão recusada
</error>
  </testcase>
  <testcase name="testClear[18]" classname="org.springframework.data.redis.support.collections.RedisListTests" time="0.001">
    <error message="Could not connect; nested exception is redis.client.RedisException: Could not connect" type="org.springframework.data.redis.RedisConnectionFailureException">org.springframework.data.redis.RedisConnectionFailureException: Could not connect; nested exception is redis.client.RedisException: Could not connect
Caused by: redis.client.RedisException: Could not connect
Caused by: java.net.ConnectException: Conexão recusada
</error>
  </testcase>
  <testcase name="testSize[18]" classname="org.springframework.data.redis.support.collections.RedisListTests" time="0.001">
    <error message="Could not connect; nested exception is redis.client.RedisException: Could not connect" type="org.springframework.data.redis.RedisConnectionFailureException">org.springframework.data.redis.RedisConnectionFailureException: Could not connect; nested exception is redis.client.RedisException: Could not connect
Caused by: redis.client.RedisException: Could not connect
Caused by: java.net.ConnectException: Conexão recusada
</error>
  </testcase>
  <testcase name="testSize[18]" classname="org.springframework.data.redis.support.collections.RedisListTests" time="0.001">
    <error message="Could not connect; nested exception is redis.client.RedisException: Could not connect" type="org.springframework.data.redis.RedisConnectionFailureException">org.springframework.data.redis.RedisConnectionFailureException: Could not connect; nested exception is redis.client.RedisException: Could not connect
Caused by: redis.client.RedisException: Could not connect
Caused by: java.net.ConnectException: Conexão recusada
</error>
  </testcase>
  <testcase name="testToString[18]" classname="org.springframework.data.redis.support.collections.RedisListTests" time="0">
    <error message="Could not connect; nested exception is redis.client.RedisException: Could not connect" type="org.springframework.data.redis.RedisConnectionFailureException">org.springframework.data.redis.RedisConnectionFailureException: Could not connect; nested exception is redis.client.RedisException: Could not connect
Caused by: redis.client.RedisException: Could not connect
Caused by: java.net.ConnectException: Conexão recusada
</error>
  </testcase>
  <testcase name="testToString[18]" classname="org.springframework.data.redis.support.collections.RedisListTests" time="0.001">
    <error message="Could not connect; nested exception is redis.client.RedisException: Could not connect" type="org.springframework.data.redis.RedisConnectionFailureException">org.springframework.data.redis.RedisConnectionFailureException: Could not connect; nested exception is redis.client.RedisException: Could not connect
Caused by: redis.client.RedisException: Could not connect
Caused by: java.net.ConnectException: Conexão recusada
</error>
  </testcase>
  <testcase name="testContainsAll[18]" classname="org.springframework.data.redis.support.collections.RedisListTests" time="0.007">
    <error message="Could not connect; nested exception is redis.client.RedisException: Could not connect" type="org.springframework.data.redis.RedisConnectionFailureException">org.springframework.data.redis.RedisConnectionFailureException: Could not connect; nested exception is redis.client.RedisException: Could not connect
Caused by: redis.client.RedisException: Could not connect
Caused by: java.net.ConnectException: Conexão recusada
</error>
  </testcase>
  <testcase name="testContainsAll[18]" classname="org.springframework.data.redis.support.collections.RedisListTests" time="0.008">
    <error message="Could not connect; nested exception is redis.client.RedisException: Could not connect" type="org.springframework.data.redis.RedisConnectionFailureException">org.springframework.data.redis.RedisConnectionFailureException: Could not connect; nested exception is redis.client.RedisException: Could not connect
Caused by: redis.client.RedisException: Could not connect
Caused by: java.net.ConnectException: Conexão recusada
</error>
  </testcase>
  <testcase name="testRemoveObject[18]" classname="org.springframework.data.redis.support.collections.RedisListTests" time="0">
    <error message="Could not connect; nested exception is redis.client.RedisException: Could not connect" type="org.springframework.data.redis.RedisConnectionFailureException">org.springframework.data.redis.RedisConnectionFailureException: Could not connect; nested exception is redis.client.RedisException: Could not connect
Caused by: redis.client.RedisException: Could not connect
Caused by: java.net.ConnectException: Conexão recusada
</error>
  </testcase>
  <testcase name="testRemoveObject[18]" classname="org.springframework.data.redis.support.collections.RedisListTests" time="0">
    <error message="Could not connect; nested exception is redis.client.RedisException: Could not connect" type="org.springframework.data.redis.RedisConnectionFailureException">org.springframework.data.redis.RedisConnectionFailureException: Could not connect; nested exception is redis.client.RedisException: Could not connect
Caused by: redis.client.RedisException: Could not connect
Caused by: java.net.ConnectException: Conexão recusada
</error>
  </testcase>
  <testcase name="testHashCode[18]" classname="org.springframework.data.redis.support.collections.RedisListTests" time="0.001">
    <error message="Could not connect; nested exception is redis.client.RedisException: Could not connect" type="org.springframework.data.redis.RedisConnectionFailureException">org.springframework.data.redis.RedisConnectionFailureException: Could not connect; nested exception is redis.client.RedisException: Could not connect
Caused by: redis.client.RedisException: Could not connect
Caused by: java.net.ConnectException: Conexão recusada
</error>
  </testcase>
  <testcase name="testAddAll[18]" classname="org.springframework.data.redis.support.collections.RedisListTests" time="0.003">
    <error message="Could not connect; nested exception is redis.client.RedisException: Could not connect" type="org.springframework.data.redis.RedisConnectionFailureException">org.springframework.data.redis.RedisConnectionFailureException: Could not connect; nested exception is redis.client.RedisException: Could not connect
Caused by: redis.client.RedisException: Could not connect
Caused by: java.net.ConnectException: Conexão recusada
</error>
  </testcase>
  <testcase name="testAddAll[18]" classname="org.springframework.data.redis.support.collections.RedisListTests" time="0.003">
    <error message="Could not connect; nested exception is redis.client.RedisException: Could not connect" type="org.springframework.data.redis.RedisConnectionFailureException">org.springframework.data.redis.RedisConnectionFailureException: Could not connect; nested exception is redis.client.RedisException: Could not connect
Caused by: redis.client.RedisException: Could not connect
Caused by: java.net.ConnectException: Conexão recusada
</error>
  </testcase>
  <testcase name="removeAll[18]" classname="org.springframework.data.redis.support.collections.RedisListTests" time="0.002">
    <error message="Could not connect; nested exception is redis.client.RedisException: Could not connect" type="org.springframework.data.redis.RedisConnectionFailureException">org.springframework.data.redis.RedisConnectionFailureException: Could not connect; nested exception is redis.client.RedisException: Could not connect
Caused by: redis.client.RedisException: Could not connect
Caused by: java.net.ConnectException: Conexão recusada
</error>
  </testcase>
  <testcase name="removeAll[18]" classname="org.springframework.data.redis.support.collections.RedisListTests" time="0.003">
    <error message="Could not connect; nested exception is redis.client.RedisException: Could not connect" type="org.springframework.data.redis.RedisConnectionFailureException">org.springframework.data.redis.RedisConnectionFailureException: Could not connect; nested exception is redis.client.RedisException: Could not connect
Caused by: redis.client.RedisException: Could not connect
Caused by: java.net.ConnectException: Conexão recusada
</error>
  </testcase>
  <testcase name="testEquals[18]" classname="org.springframework.data.redis.support.collections.RedisListTests" time="0">
    <error message="Could not connect; nested exception is redis.client.RedisException: Could not connect" type="org.springframework.data.redis.RedisConnectionFailureException">org.springframework.data.redis.RedisConnectionFailureException: Could not connect; nested exception is redis.client.RedisException: Could not connect
Caused by: redis.client.RedisException: Could not connect
Caused by: java.net.ConnectException: Conexão recusada
</error>
  </testcase>
  <testcase name="testGetKey[18]" classname="org.springframework.data.redis.support.collections.RedisListTests" time="0">
    <error message="Could not connect; nested exception is redis.client.RedisException: Could not connect" type="org.springframework.data.redis.RedisConnectionFailureException">org.springframework.data.redis.RedisConnectionFailureException: Could not connect; nested exception is redis.client.RedisException: Could not connect
Caused by: redis.client.RedisException: Could not connect
Caused by: java.net.ConnectException: Conexão recusada
</error>
  </testcase>
  <testcase name="testToArrayWithGenerics[18]" classname="org.springframework.data.redis.support.collections.RedisListTests" time="0.001">
    <error message="Could not connect; nested exception is redis.client.RedisException: Could not connect" type="org.springframework.data.redis.RedisConnectionFailureException">org.springframework.data.redis.RedisConnectionFailureException: Could not connect; nested exception is redis.client.RedisException: Could not connect
Caused by: redis.client.RedisException: Could not connect
Caused by: java.net.ConnectException: Conexão recusada
</error>
  </testcase>
  <testcase name="testToArrayWithGenerics[18]" classname="org.springframework.data.redis.support.collections.RedisListTests" time="0.002">
    <error message="Could not connect; nested exception is redis.client.RedisException: Could not connect" type="org.springframework.data.redis.RedisConnectionFailureException">org.springframework.data.redis.RedisConnectionFailureException: Could not connect; nested exception is redis.client.RedisException: Could not connect
Caused by: redis.client.RedisException: Could not connect
Caused by: java.net.ConnectException: Conexão recusada
</error>
  </testcase>
  <testcase name="testIsEmpty[18]" classname="org.springframework.data.redis.support.collections.RedisListTests" time="0">
    <error message="Could not connect; nested exception is redis.client.RedisException: Could not connect" type="org.springframework.data.redis.RedisConnectionFailureException">org.springframework.data.redis.RedisConnectionFailureException: Could not connect; nested exception is redis.client.RedisException: Could not connect
Caused by: redis.client.RedisException: Could not connect
Caused by: java.net.ConnectException: Conexão recusada
</error>
  </testcase>
  <testcase name="testIsEmpty[18]" classname="org.springframework.data.redis.support.collections.RedisListTests" time="0">
    <error message="Could not connect; nested exception is redis.client.RedisException: Could not connect" type="org.springframework.data.redis.RedisConnectionFailureException">org.springframework.data.redis.RedisConnectionFailureException: Could not connect; nested exception is redis.client.RedisException: Could not connect
Caused by: redis.client.RedisException: Could not connect
Caused by: java.net.ConnectException: Conexão recusada
</error>
  </testcase>
  <testcase name="testIterator[18]" classname="org.springframework.data.redis.support.collections.RedisListTests" time="0.03">
    <error message="Could not connect; nested exception is redis.client.RedisException: Could not connect" type="org.springframework.data.redis.RedisConnectionFailureException">org.springframework.data.redis.RedisConnectionFailureException: Could not connect; nested exception is redis.client.RedisException: Could not connect
Caused by: redis.client.RedisException: Could not connect
Caused by: java.net.ConnectException: Conexão recusada
</error>
  </testcase>
  <testcase name="testIterator[18]" classname="org.springframework.data.redis.support.collections.RedisListTests" time="0.03">
    <error message="Could not connect; nested exception is redis.client.RedisException: Could not connect" type="org.springframework.data.redis.RedisConnectionFailureException">org.springframework.data.redis.RedisConnectionFailureException: Could not connect; nested exception is redis.client.RedisException: Could not connect
Caused by: redis.client.RedisException: Could not connect
Caused by: java.net.ConnectException: Conexão recusada
</error>
  </testcase>
  <testcase name="testElement[19]" classname="org.springframework.data.redis.support.collections.RedisListTests" time="0.001">
    <error message="Could not connect; nested exception is redis.client.RedisException: Could not connect" type="org.springframework.data.redis.RedisConnectionFailureException">org.springframework.data.redis.RedisConnectionFailureException: Could not connect; nested exception is redis.client.RedisException: Could not connect
Caused by: redis.client.RedisException: Could not connect
Caused by: java.net.ConnectException: Conexão recusada
</error>
  </testcase>
  <testcase name="testElement[19]" classname="org.springframework.data.redis.support.collections.RedisListTests" time="0.001">
    <error message="Could not connect; nested exception is redis.client.RedisException: Could not connect" type="org.springframework.data.redis.RedisConnectionFailureException">org.springframework.data.redis.RedisConnectionFailureException: Could not connect; nested exception is redis.client.RedisException: Could not connect
Caused by: redis.client.RedisException: Could not connect
Caused by: java.net.ConnectException: Conexão recusada
</error>
  </testcase>
  <testcase name="testPutFirst[19]" classname="org.springframework.data.redis.support.collections.RedisListTests" time="0">
    <error message="Could not connect; nested exception is redis.client.RedisException: Could not connect" type="org.springframework.data.redis.RedisConnectionFailureException">org.springframework.data.redis.RedisConnectionFailureException: Could not connect; nested exception is redis.client.RedisException: Could not connect
Caused by: redis.client.RedisException: Could not connect
Caused by: java.net.ConnectException: Conexão recusada
</error>
  </testcase>
  <testcase name="testPutFirst[19]" classname="org.springframework.data.redis.support.collections.RedisListTests" time="0">
    <error message="Could not connect; nested exception is redis.client.RedisException: Could not connect" type="org.springframework.data.redis.RedisConnectionFailureException">org.springframework.data.redis.RedisConnectionFailureException: Could not connect; nested exception is redis.client.RedisException: Could not connect
Caused by: redis.client.RedisException: Could not connect
Caused by: java.net.ConnectException: Conexão recusada
</error>
  </testcase>
  <testcase name="testPollLastTimeout[19]" classname="org.springframework.data.redis.support.collections.RedisListTests" time="0">
    <error message="Could not connect; nested exception is redis.client.RedisException: Could not connect" type="org.springframework.data.redis.RedisConnectionFailureException">org.springframework.data.redis.RedisConnectionFailureException: Could not connect; nested exception is redis.client.RedisException: Could not connect
Caused by: redis.client.RedisException: Could not connect
Caused by: java.net.ConnectException: Conexão recusada
</error>
  </testcase>
  <testcase name="testPollLastTimeout[19]" classname="org.springframework.data.redis.support.collections.RedisListTests" time="0">
    <error message="Could not connect; nested exception is redis.client.RedisException: Could not connect" type="org.springframework.data.redis.RedisConnectionFailureException">org.springframework.data.redis.RedisConnectionFailureException: Could not connect; nested exception is redis.client.RedisException: Could not connect
Caused by: redis.client.RedisException: Could not connect
Caused by: java.net.ConnectException: Conexão recusada
</error>
  </testcase>
  <testcase name="testPeekFirst[19]" classname="org.springframework.data.redis.support.collections.RedisListTests" time="0">
    <error message="Could not connect; nested exception is redis.client.RedisException: Could not connect" type="org.springframework.data.redis.RedisConnectionFailureException">org.springframework.data.redis.RedisConnectionFailureException: Could not connect; nested exception is redis.client.RedisException: Could not connect
Caused by: redis.client.RedisException: Could not connect
Caused by: java.net.ConnectException: Conexão recusada
</error>
  </testcase>
  <testcase name="testPeekFirst[19]" classname="org.springframework.data.redis.support.collections.RedisListTests" time="0">
    <error message="Could not connect; nested exception is redis.client.RedisException: Could not connect" type="org.springframework.data.redis.RedisConnectionFailureException">org.springframework.data.redis.RedisConnectionFailureException: Could not connect; nested exception is redis.client.RedisException: Could not connect
Caused by: redis.client.RedisException: Could not connect
Caused by: java.net.ConnectException: Conexão recusada
</error>
  </testcase>
  <testcase name="testOfferLast[19]" classname="org.springframework.data.redis.support.collections.RedisListTests" time="0">
    <error message="Could not connect; nested exception is redis.client.RedisException: Could not connect" type="org.springframework.data.redis.RedisConnectionFailureException">org.springframework.data.redis.RedisConnectionFailureException: Could not connect; nested exception is redis.client.RedisException: Could not connect
Caused by: redis.client.RedisException: Could not connect
Caused by: java.net.ConnectException: Conexão recusada
</error>
  </testcase>
  <testcase name="testOfferLast[19]" classname="org.springframework.data.redis.support.collections.RedisListTests" time="0">
    <error message="Could not connect; nested exception is redis.client.RedisException: Could not connect" type="org.springframework.data.redis.RedisConnectionFailureException">org.springframework.data.redis.RedisConnectionFailureException: Could not connect; nested exception is redis.client.RedisException: Could not connect
Caused by: redis.client.RedisException: Could not connect
Caused by: java.net.ConnectException: Conexão recusada
</error>
  </testcase>
  <testcase name="testGetFirst[19]" classname="org.springframework.data.redis.support.collections.RedisListTests" time="0">
    <error message="Could not connect; nested exception is redis.client.RedisException: Could not connect" type="org.springframework.data.redis.RedisConnectionFailureException">org.springframework.data.redis.RedisConnectionFailureException: Could not connect; nested exception is redis.client.RedisException: Could not connect
Caused by: redis.client.RedisException: Could not connect
Caused by: java.net.ConnectException: Conexão recusada
</error>
  </testcase>
  <testcase name="testGetFirst[19]" classname="org.springframework.data.redis.support.collections.RedisListTests" time="0">
    <error message="Could not connect; nested exception is redis.client.RedisException: Could not connect" type="org.springframework.data.redis.RedisConnectionFailureException">org.springframework.data.redis.RedisConnectionFailureException: Could not connect; nested exception is redis.client.RedisException: Could not connect
Caused by: redis.client.RedisException: Could not connect
Caused by: java.net.ConnectException: Conexão recusada
</error>
  </testcase>
  <testcase name="testAddLast[19]" classname="org.springframework.data.redis.support.collections.RedisListTests" time="0">
    <error message="Could not connect; nested exception is redis.client.RedisException: Could not connect" type="org.springframework.data.redis.RedisConnectionFailureException">org.springframework.data.redis.RedisConnectionFailureException: Could not connect; nested exception is redis.client.RedisException: Could not connect
Caused by: redis.client.RedisException: Could not connect
Caused by: java.net.ConnectException: Conexão recusada
</error>
  </testcase>
  <testcase name="testAddLast[19]" classname="org.springframework.data.redis.support.collections.RedisListTests" time="0">
    <error message="Could not connect; nested exception is redis.client.RedisException: Could not connect" type="org.springframework.data.redis.RedisConnectionFailureException">org.springframework.data.redis.RedisConnectionFailureException: Could not connect; nested exception is redis.client.RedisException: Could not connect
Caused by: redis.client.RedisException: Could not connect
Caused by: java.net.ConnectException: Conexão recusada
</error>
  </testcase>
  <testcase name="testPop[19]" classname="org.springframework.data.redis.support.collections.RedisListTests" time="0">
    <error message="Could not connect; nested exception is redis.client.RedisException: Could not connect" type="org.springframework.data.redis.RedisConnectionFailureException">org.springframework.data.redis.RedisConnectionFailureException: Could not connect; nested exception is redis.client.RedisException: Could not connect
Caused by: redis.client.RedisException: Could not connect
Caused by: java.net.ConnectException: Conexão recusada
</error>
  </testcase>
  <testcase name="testPop[19]" classname="org.springframework.data.redis.support.collections.RedisListTests" time="0">
    <error message="Could not connect; nested exception is redis.client.RedisException: Could not connect" type="org.springframework.data.redis.RedisConnectionFailureException">org.springframework.data.redis.RedisConnectionFailureException: Could not connect; nested exception is redis.client.RedisException: Could not connect
Caused by: redis.client.RedisException: Could not connect
Caused by: java.net.ConnectException: Conexão recusada
</error>
  </testcase>
  <testcase name="testPut[19]" classname="org.springframework.data.redis.support.collections.RedisListTests" time="0.001">
    <error message="Could not connect; nested exception is redis.client.RedisException: Could not connect" type="org.springframework.data.redis.RedisConnectionFailureException">org.springframework.data.redis.RedisConnectionFailureException: Could not connect; nested exception is redis.client.RedisException: Could not connect
Caused by: redis.client.RedisException: Could not connect
Caused by: java.net.ConnectException: Conexão recusada
</error>
  </testcase>
  <testcase name="testPut[19]" classname="org.springframework.data.redis.support.collections.RedisListTests" time="0.001">
    <error message="Could not connect; nested exception is redis.client.RedisException: Could not connect" type="org.springframework.data.redis.RedisConnectionFailureException">org.springframework.data.redis.RedisConnectionFailureException: Could not connect; nested exception is redis.client.RedisException: Could not connect
Caused by: redis.client.RedisException: Could not connect
Caused by: java.net.ConnectException: Conexão recusada
</error>
  </testcase>
  <testcase name="testSet[19]" classname="org.springframework.data.redis.support.collections.RedisListTests" time="0">
    <error message="Could not connect; nested exception is redis.client.RedisException: Could not connect" type="org.springframework.data.redis.RedisConnectionFailureException">org.springframework.data.redis.RedisConnectionFailureException: Could not connect; nested exception is redis.client.RedisException: Could not connect
Caused by: redis.client.RedisException: Could not connect
Caused by: java.net.ConnectException: Conexão recusada
</error>
  </testcase>
  <testcase name="testSet[19]" classname="org.springframework.data.redis.support.collections.RedisListTests" time="0">
    <error message="Could not connect; nested exception is redis.client.RedisException: Could not connect" type="org.springframework.data.redis.RedisConnectionFailureException">org.springframework.data.redis.RedisConnectionFailureException: Could not connect; nested exception is redis.client.RedisException: Could not connect
Caused by: redis.client.RedisException: Could not connect
Caused by: java.net.ConnectException: Conexão recusada
</error>
  </testcase>
  <testcase name="testOffer[19]" classname="org.springframework.data.redis.support.collections.RedisListTests" time="0">
    <error message="Could not connect; nested exception is redis.client.RedisException: Could not connect" type="org.springframework.data.redis.RedisConnectionFailureException">org.springframework.data.redis.RedisConnectionFailureException: Could not connect; nested exception is redis.client.RedisException: Could not connect
Caused by: redis.client.RedisException: Could not connect
Caused by: java.net.ConnectException: Conexão recusada
</error>
  </testcase>
  <testcase name="testOffer[19]" classname="org.springframework.data.redis.support.collections.RedisListTests" time="0">
    <error message="Could not connect; nested exception is redis.client.RedisException: Could not connect" type="org.springframework.data.redis.RedisConnectionFailureException">org.springframework.data.redis.RedisConnectionFailureException: Could not connect; nested exception is redis.client.RedisException: Could not connect
Caused by: redis.client.RedisException: Could not connect
Caused by: java.net.ConnectException: Conexão recusada
</error>
  </testcase>
  <testcase name="testRange[19]" classname="org.springframework.data.redis.support.collections.RedisListTests" time="0">
    <error message="Could not connect; nested exception is redis.client.RedisException: Could not connect" type="org.springframework.data.redis.RedisConnectionFailureException">org.springframework.data.redis.RedisConnectionFailureException: Could not connect; nested exception is redis.client.RedisException: Could not connect
Caused by: redis.client.RedisException: Could not connect
Caused by: java.net.ConnectException: Conexão recusada
</error>
  </testcase>
  <testcase name="testRange[19]" classname="org.springframework.data.redis.support.collections.RedisListTests" time="0">
    <error message="Could not connect; nested exception is redis.client.RedisException: Could not connect" type="org.springframework.data.redis.RedisConnectionFailureException">org.springframework.data.redis.RedisConnectionFailureException: Could not connect; nested exception is redis.client.RedisException: Could not connect
Caused by: redis.client.RedisException: Could not connect
Caused by: java.net.ConnectException: Conexão recusada
</error>
  </testcase>
  <testcase name="testLast[19]" classname="org.springframework.data.redis.support.collections.RedisListTests" time="0">
    <error message="Could not connect; nested exception is redis.client.RedisException: Could not connect" type="org.springframework.data.redis.RedisConnectionFailureException">org.springframework.data.redis.RedisConnectionFailureException: Could not connect; nested exception is redis.client.RedisException: Could not connect
Caused by: redis.client.RedisException: Could not connect
Caused by: java.net.ConnectException: Conexão recusada
</error>
  </testcase>
  <testcase name="testLast[19]" classname="org.springframework.data.redis.support.collections.RedisListTests" time="0.001">
    <error message="Could not connect; nested exception is redis.client.RedisException: Could not connect" type="org.springframework.data.redis.RedisConnectionFailureException">org.springframework.data.redis.RedisConnectionFailureException: Could not connect; nested exception is redis.client.RedisException: Could not connect
Caused by: redis.client.RedisException: Could not connect
Caused by: java.net.ConnectException: Conexão recusada
</error>
  </testcase>
  <testcase name="testPeek[19]" classname="org.springframework.data.redis.support.collections.RedisListTests" time="0">
    <error message="Could not connect; nested exception is redis.client.RedisException: Could not connect" type="org.springframework.data.redis.RedisConnectionFailureException">org.springframework.data.redis.RedisConnectionFailureException: Could not connect; nested exception is redis.client.RedisException: Could not connect
Caused by: redis.client.RedisException: Could not connect
Caused by: java.net.ConnectException: Conexão recusada
</error>
  </testcase>
  <testcase name="testPeek[19]" classname="org.springframework.data.redis.support.collections.RedisListTests" time="0">
    <error message="Could not connect; nested exception is redis.client.RedisException: Could not connect" type="org.springframework.data.redis.RedisConnectionFailureException">org.springframework.data.redis.RedisConnectionFailureException: Could not connect; nested exception is redis.client.RedisException: Could not connect
Caused by: redis.client.RedisException: Could not connect
Caused by: java.net.ConnectException: Conexão recusada
</error>
  </testcase>
  <testcase name="testPoll[19]" classname="org.springframework.data.redis.support.collections.RedisListTests" time="0">
    <error message="Could not connect; nested exception is redis.client.RedisException: Could not connect" type="org.springframework.data.redis.RedisConnectionFailureException">org.springframework.data.redis.RedisConnectionFailureException: Could not connect; nested exception is redis.client.RedisException: Could not connect
Caused by: redis.client.RedisException: Could not connect
Caused by: java.net.ConnectException: Conexão recusada
</error>
  </testcase>
  <testcase name="testPoll[19]" classname="org.springframework.data.redis.support.collections.RedisListTests" time="0">
    <error message="Could not connect; nested exception is redis.client.RedisException: Could not connect" type="org.springframework.data.redis.RedisConnectionFailureException">org.springframework.data.redis.RedisConnectionFailureException: Could not connect; nested exception is redis.client.RedisException: Could not connect
Caused by: redis.client.RedisException: Could not connect
Caused by: java.net.ConnectException: Conexão recusada
</error>
  </testcase>
  <testcase name="testTake[19]" classname="org.springframework.data.redis.support.collections.RedisListTests" time="0">
    <error message="Could not connect; nested exception is redis.client.RedisException: Could not connect" type="org.springframework.data.redis.RedisConnectionFailureException">org.springframework.data.redis.RedisConnectionFailureException: Could not connect; nested exception is redis.client.RedisException: Could not connect
Caused by: redis.client.RedisException: Could not connect
Caused by: java.net.ConnectException: Conexão recusada
</error>
  </testcase>
  <testcase name="testTake[19]" classname="org.springframework.data.redis.support.collections.RedisListTests" time="0">
    <error message="Could not connect; nested exception is redis.client.RedisException: Could not connect" type="org.springframework.data.redis.RedisConnectionFailureException">org.springframework.data.redis.RedisConnectionFailureException: Could not connect; nested exception is redis.client.RedisException: Could not connect
Caused by: redis.client.RedisException: Could not connect
Caused by: java.net.ConnectException: Conexão recusada
</error>
  </testcase>
  <testcase name="testTrim[19]" classname="org.springframework.data.redis.support.collections.RedisListTests" time="0">
    <error message="Could not connect; nested exception is redis.client.RedisException: Could not connect" type="org.springframework.data.redis.RedisConnectionFailureException">org.springframework.data.redis.RedisConnectionFailureException: Could not connect; nested exception is redis.client.RedisException: Could not connect
Caused by: redis.client.RedisException: Could not connect
Caused by: java.net.ConnectException: Conexão recusada
</error>
  </testcase>
  <testcase name="testTrim[19]" classname="org.springframework.data.redis.support.collections.RedisListTests" time="0">
    <error message="Could not connect; nested exception is redis.client.RedisException: Could not connect" type="org.springframework.data.redis.RedisConnectionFailureException">org.springframework.data.redis.RedisConnectionFailureException: Could not connect; nested exception is redis.client.RedisException: Could not connect
Caused by: redis.client.RedisException: Could not connect
Caused by: java.net.ConnectException: Conexão recusada
</error>
  </testcase>
  <testcase name="testDrainToCollection[19]" classname="org.springframework.data.redis.support.collections.RedisListTests" time="0">
    <error message="Could not connect; nested exception is redis.client.RedisException: Could not connect" type="org.springframework.data.redis.RedisConnectionFailureException">org.springframework.data.redis.RedisConnectionFailureException: Could not connect; nested exception is redis.client.RedisException: Could not connect
Caused by: redis.client.RedisException: Could not connect
Caused by: java.net.ConnectException: Conexão recusada
</error>
  </testcase>
  <testcase name="testDrainToCollection[19]" classname="org.springframework.data.redis.support.collections.RedisListTests" time="0">
    <error message="Could not connect; nested exception is redis.client.RedisException: Could not connect" type="org.springframework.data.redis.RedisConnectionFailureException">org.springframework.data.redis.RedisConnectionFailureException: Could not connect; nested exception is redis.client.RedisException: Could not connect
Caused by: redis.client.RedisException: Could not connect
Caused by: java.net.ConnectException: Conexão recusada
</error>
  </testcase>
  <testcase name="testRemoveFirst[19]" classname="org.springframework.data.redis.support.collections.RedisListTests" time="0">
    <error message="Could not connect; nested exception is redis.client.RedisException: Could not connect" type="org.springframework.data.redis.RedisConnectionFailureException">org.springframework.data.redis.RedisConnectionFailureException: Could not connect; nested exception is redis.client.RedisException: Could not connect
Caused by: redis.client.RedisException: Could not connect
Caused by: java.net.ConnectException: Conexão recusada
</error>
  </testcase>
  <testcase name="testRemoveFirst[19]" classname="org.springframework.data.redis.support.collections.RedisListTests" time="0.001">
    <error message="Could not connect; nested exception is redis.client.RedisException: Could not connect" type="org.springframework.data.redis.RedisConnectionFailureException">org.springframework.data.redis.RedisConnectionFailureException: Could not connect; nested exception is redis.client.RedisException: Could not connect
Caused by: redis.client.RedisException: Could not connect
Caused by: java.net.ConnectException: Conexão recusada
</error>
  </testcase>
  <testcase name="testRemoveIndex[19]" classname="org.springframework.data.redis.support.collections.RedisListTests" time="0">
    <error message="Could not connect; nested exception is redis.client.RedisException: Could not connect" type="org.springframework.data.redis.RedisConnectionFailureException">org.springframework.data.redis.RedisConnectionFailureException: Could not connect; nested exception is redis.client.RedisException: Could not connect
Caused by: redis.client.RedisException: Could not connect
Caused by: java.net.ConnectException: Conexão recusada
</error>
  </testcase>
  <testcase name="testPutLast[19]" classname="org.springframework.data.redis.support.collections.RedisListTests" time="0">
    <error message="Could not connect; nested exception is redis.client.RedisException: Could not connect" type="org.springframework.data.redis.RedisConnectionFailureException">org.springframework.data.redis.RedisConnectionFailureException: Could not connect; nested exception is redis.client.RedisException: Could not connect
Caused by: redis.client.RedisException: Could not connect
Caused by: java.net.ConnectException: Conexão recusada
</error>
  </testcase>
  <testcase name="testPutLast[19]" classname="org.springframework.data.redis.support.collections.RedisListTests" time="0">
    <error message="Could not connect; nested exception is redis.client.RedisException: Could not connect" type="org.springframework.data.redis.RedisConnectionFailureException">org.springframework.data.redis.RedisConnectionFailureException: Could not connect; nested exception is redis.client.RedisException: Could not connect
Caused by: redis.client.RedisException: Could not connect
Caused by: java.net.ConnectException: Conexão recusada
</error>
  </testcase>
  <testcase name="testOfferFirst[19]" classname="org.springframework.data.redis.support.collections.RedisListTests" time="0">
    <error message="Could not connect; nested exception is redis.client.RedisException: Could not connect" type="org.springframework.data.redis.RedisConnectionFailureException">org.springframework.data.redis.RedisConnectionFailureException: Could not connect; nested exception is redis.client.RedisException: Could not connect
Caused by: redis.client.RedisException: Could not connect
Caused by: java.net.ConnectException: Conexão recusada
</error>
  </testcase>
  <testcase name="testOfferFirst[19]" classname="org.springframework.data.redis.support.collections.RedisListTests" time="0">
    <error message="Could not connect; nested exception is redis.client.RedisException: Could not connect" type="org.springframework.data.redis.RedisConnectionFailureException">org.springframework.data.redis.RedisConnectionFailureException: Could not connect; nested exception is redis.client.RedisException: Could not connect
Caused by: redis.client.RedisException: Could not connect
Caused by: java.net.ConnectException: Conexão recusada
</error>
  </testcase>
  <testcase name="testDescendingIterator[19]" classname="org.springframework.data.redis.support.collections.RedisListTests" time="0">
    <error message="Could not connect; nested exception is redis.client.RedisException: Could not connect" type="org.springframework.data.redis.RedisConnectionFailureException">org.springframework.data.redis.RedisConnectionFailureException: Could not connect; nested exception is redis.client.RedisException: Could not connect
Caused by: redis.client.RedisException: Could not connect
Caused by: java.net.ConnectException: Conexão recusada
</error>
  </testcase>
  <testcase name="testDescendingIterator[19]" classname="org.springframework.data.redis.support.collections.RedisListTests" time="0">
    <error message="Could not connect; nested exception is redis.client.RedisException: Could not connect" type="org.springframework.data.redis.RedisConnectionFailureException">org.springframework.data.redis.RedisConnectionFailureException: Could not connect; nested exception is redis.client.RedisException: Could not connect
Caused by: redis.client.RedisException: Could not connect
Caused by: java.net.ConnectException: Conexão recusada
</error>
  </testcase>
  <testcase name="testAddFirst[19]" classname="org.springframework.data.redis.support.collections.RedisListTests" time="0">
    <error message="Could not connect; nested exception is redis.client.RedisException: Could not connect" type="org.springframework.data.redis.RedisConnectionFailureException">org.springframework.data.redis.RedisConnectionFailureException: Could not connect; nested exception is redis.client.RedisException: Could not connect
Caused by: redis.client.RedisException: Could not connect
Caused by: java.net.ConnectException: Conexão recusada
</error>
  </testcase>
  <testcase name="testAddFirst[19]" classname="org.springframework.data.redis.support.collections.RedisListTests" time="0.001">
    <error message="Could not connect; nested exception is redis.client.RedisException: Could not connect" type="org.springframework.data.redis.RedisConnectionFailureException">org.springframework.data.redis.RedisConnectionFailureException: Could not connect; nested exception is redis.client.RedisException: Could not connect
Caused by: redis.client.RedisException: Could not connect
Caused by: java.net.ConnectException: Conexão recusada
</error>
  </testcase>
  <testcase name="testDrainToCollectionWithMaxElements[19]" classname="org.springframework.data.redis.support.collections.RedisListTests" time="0">
    <error message="Could not connect; nested exception is redis.client.RedisException: Could not connect" type="org.springframework.data.redis.RedisConnectionFailureException">org.springframework.data.redis.RedisConnectionFailureException: Could not connect; nested exception is redis.client.RedisException: Could not connect
Caused by: redis.client.RedisException: Could not connect
Caused by: java.net.ConnectException: Conexão recusada
</error>
  </testcase>
  <testcase name="testDrainToCollectionWithMaxElements[19]" classname="org.springframework.data.redis.support.collections.RedisListTests" time="0">
    <error message="Could not connect; nested exception is redis.client.RedisException: Could not connect" type="org.springframework.data.redis.RedisConnectionFailureException">org.springframework.data.redis.RedisConnectionFailureException: Could not connect; nested exception is redis.client.RedisException: Could not connect
Caused by: redis.client.RedisException: Could not connect
Caused by: java.net.ConnectException: Conexão recusada
</error>
  </testcase>
  <testcase name="testTakeLast[19]" classname="org.springframework.data.redis.support.collections.RedisListTests" time="0.001">
    <error message="Could not connect; nested exception is redis.client.RedisException: Could not connect" type="org.springframework.data.redis.RedisConnectionFailureException">org.springframework.data.redis.RedisConnectionFailureException: Could not connect; nested exception is redis.client.RedisException: Could not connect
Caused by: redis.client.RedisException: Could not connect
Caused by: java.net.ConnectException: Conexão recusada
</error>
  </testcase>
  <testcase name="testTakeLast[19]" classname="org.springframework.data.redis.support.collections.RedisListTests" time="0.001">
    <error message="Could not connect; nested exception is redis.client.RedisException: Could not connect" type="org.springframework.data.redis.RedisConnectionFailureException">org.springframework.data.redis.RedisConnectionFailureException: Could not connect; nested exception is redis.client.RedisException: Could not connect
Caused by: redis.client.RedisException: Could not connect
Caused by: java.net.ConnectException: Conexão recusada
</error>
  </testcase>
  <testcase name="testRemainingCapacity[19]" classname="org.springframework.data.redis.support.collections.RedisListTests" time="0">
    <error message="Could not connect; nested exception is redis.client.RedisException: Could not connect" type="org.springframework.data.redis.RedisConnectionFailureException">org.springframework.data.redis.RedisConnectionFailureException: Could not connect; nested exception is redis.client.RedisException: Could not connect
Caused by: redis.client.RedisException: Could not connect
Caused by: java.net.ConnectException: Conexão recusada
</error>
  </testcase>
  <testcase name="testRemoveLast[19]" classname="org.springframework.data.redis.support.collections.RedisListTests" time="0.003">
    <error message="Could not connect; nested exception is redis.client.RedisException: Could not connect" type="org.springframework.data.redis.RedisConnectionFailureException">org.springframework.data.redis.RedisConnectionFailureException: Could not connect; nested exception is redis.client.RedisException: Could not connect
Caused by: redis.client.RedisException: Could not connect
Caused by: java.net.ConnectException: Conexão recusada
</error>
  </testcase>
  <testcase name="testRemoveLast[19]" classname="org.springframework.data.redis.support.collections.RedisListTests" time="0.003">
    <error message="Could not connect; nested exception is redis.client.RedisException: Could not connect" type="org.springframework.data.redis.RedisConnectionFailureException">org.springframework.data.redis.RedisConnectionFailureException: Could not connect; nested exception is redis.client.RedisException: Could not connect
Caused by: redis.client.RedisException: Could not connect
Caused by: java.net.ConnectException: Conexão recusada
</error>
  </testcase>
  <testcase name="testAddIndexObjectHead[19]" classname="org.springframework.data.redis.support.collections.RedisListTests" time="0">
    <error message="Could not connect; nested exception is redis.client.RedisException: Could not connect" type="org.springframework.data.redis.RedisConnectionFailureException">org.springframework.data.redis.RedisConnectionFailureException: Could not connect; nested exception is redis.client.RedisException: Could not connect
Caused by: redis.client.RedisException: Could not connect
Caused by: java.net.ConnectException: Conexão recusada
</error>
  </testcase>
  <testcase name="testAddIndexObjectHead[19]" classname="org.springframework.data.redis.support.collections.RedisListTests" time="0">
    <error message="Could not connect; nested exception is redis.client.RedisException: Could not connect" type="org.springframework.data.redis.RedisConnectionFailureException">org.springframework.data.redis.RedisConnectionFailureException: Could not connect; nested exception is redis.client.RedisException: Could not connect
Caused by: redis.client.RedisException: Could not connect
Caused by: java.net.ConnectException: Conexão recusada
</error>
  </testcase>
  <testcase name="testAddIndexObjectTail[19]" classname="org.springframework.data.redis.support.collections.RedisListTests" time="0">
    <error message="Could not connect; nested exception is redis.client.RedisException: Could not connect" type="org.springframework.data.redis.RedisConnectionFailureException">org.springframework.data.redis.RedisConnectionFailureException: Could not connect; nested exception is redis.client.RedisException: Could not connect
Caused by: redis.client.RedisException: Could not connect
Caused by: java.net.ConnectException: Conexão recusada
</error>
  </testcase>
  <testcase name="testAddIndexObjectTail[19]" classname="org.springframework.data.redis.support.collections.RedisListTests" time="0">
    <error message="Could not connect; nested exception is redis.client.RedisException: Could not connect" type="org.springframework.data.redis.RedisConnectionFailureException">org.springframework.data.redis.RedisConnectionFailureException: Could not connect; nested exception is redis.client.RedisException: Could not connect
Caused by: redis.client.RedisException: Could not connect
Caused by: java.net.ConnectException: Conexão recusada
</error>
  </testcase>
  <testcase name="testPollFirst[19]" classname="org.springframework.data.redis.support.collections.RedisListTests" time="0">
    <error message="Could not connect; nested exception is redis.client.RedisException: Could not connect" type="org.springframework.data.redis.RedisConnectionFailureException">org.springframework.data.redis.RedisConnectionFailureException: Could not connect; nested exception is redis.client.RedisException: Could not connect
Caused by: redis.client.RedisException: Could not connect
Caused by: java.net.ConnectException: Conexão recusada
</error>
  </testcase>
  <testcase name="testPollFirst[19]" classname="org.springframework.data.redis.support.collections.RedisListTests" time="0">
    <error message="Could not connect; nested exception is redis.client.RedisException: Could not connect" type="org.springframework.data.redis.RedisConnectionFailureException">org.springframework.data.redis.RedisConnectionFailureException: Could not connect; nested exception is redis.client.RedisException: Could not connect
Caused by: redis.client.RedisException: Could not connect
Caused by: java.net.ConnectException: Conexão recusada
</error>
  </testcase>
  <testcase name="testAddIndexObjectMiddle[19]" classname="org.springframework.data.redis.support.collections.RedisListTests" time="0">
    <error message="Unexpected exception, expected&lt;java.lang.IllegalArgumentException&gt; but was&lt;org.springframework.data.redis.RedisConnectionFailureException&gt;" type="java.lang.Exception"><![CDATA[java.lang.Exception: Unexpected exception, expected<java.lang.IllegalArgumentException> but was<org.springframework.data.redis.RedisConnectionFailureException>
Caused by: org.springframework.data.redis.RedisConnectionFailureException: Could not connect; nested exception is redis.client.RedisException: Could not connect
Caused by: redis.client.RedisException: Could not connect
Caused by: java.net.ConnectException: Conexão recusada
]]></error>
  </testcase>
  <testcase name="testAddIndexObjectMiddle[19]" classname="org.springframework.data.redis.support.collections.RedisListTests" time="0">
    <error message="Could not connect; nested exception is redis.client.RedisException: Could not connect" type="org.springframework.data.redis.RedisConnectionFailureException">org.springframework.data.redis.RedisConnectionFailureException: Could not connect; nested exception is redis.client.RedisException: Could not connect
Caused by: redis.client.RedisException: Could not connect
Caused by: java.net.ConnectException: Conexão recusada
</error>
  </testcase>
  <testcase name="testPeekLast[19]" classname="org.springframework.data.redis.support.collections.RedisListTests" time="0.001">
    <error message="Could not connect; nested exception is redis.client.RedisException: Could not connect" type="org.springframework.data.redis.RedisConnectionFailureException">org.springframework.data.redis.RedisConnectionFailureException: Could not connect; nested exception is redis.client.RedisException: Could not connect
Caused by: redis.client.RedisException: Could not connect
Caused by: java.net.ConnectException: Conexão recusada
</error>
  </testcase>
  <testcase name="testPeekLast[19]" classname="org.springframework.data.redis.support.collections.RedisListTests" time="0.001">
    <error message="Could not connect; nested exception is redis.client.RedisException: Could not connect" type="org.springframework.data.redis.RedisConnectionFailureException">org.springframework.data.redis.RedisConnectionFailureException: Could not connect; nested exception is redis.client.RedisException: Could not connect
Caused by: redis.client.RedisException: Could not connect
Caused by: java.net.ConnectException: Conexão recusada
</error>
  </testcase>
  <testcase name="testRemoveFirstOccurrence[19]" classname="org.springframework.data.redis.support.collections.RedisListTests" time="0">
    <error message="Could not connect; nested exception is redis.client.RedisException: Could not connect" type="org.springframework.data.redis.RedisConnectionFailureException">org.springframework.data.redis.RedisConnectionFailureException: Could not connect; nested exception is redis.client.RedisException: Could not connect
Caused by: redis.client.RedisException: Could not connect
Caused by: java.net.ConnectException: Conexão recusada
</error>
  </testcase>
  <testcase name="testRemoveFirstOccurrence[19]" classname="org.springframework.data.redis.support.collections.RedisListTests" time="0">
    <error message="Could not connect; nested exception is redis.client.RedisException: Could not connect" type="org.springframework.data.redis.RedisConnectionFailureException">org.springframework.data.redis.RedisConnectionFailureException: Could not connect; nested exception is redis.client.RedisException: Could not connect
Caused by: redis.client.RedisException: Could not connect
Caused by: java.net.ConnectException: Conexão recusada
</error>
  </testcase>
  <testcase name="addAllIndexCollectionHead[19]" classname="org.springframework.data.redis.support.collections.RedisListTests" time="0.001">
    <error message="Could not connect; nested exception is redis.client.RedisException: Could not connect" type="org.springframework.data.redis.RedisConnectionFailureException">org.springframework.data.redis.RedisConnectionFailureException: Could not connect; nested exception is redis.client.RedisException: Could not connect
Caused by: redis.client.RedisException: Could not connect
Caused by: java.net.ConnectException: Conexão recusada
</error>
  </testcase>
  <testcase name="addAllIndexCollectionHead[19]" classname="org.springframework.data.redis.support.collections.RedisListTests" time="0.001">
    <error message="Could not connect; nested exception is redis.client.RedisException: Could not connect" type="org.springframework.data.redis.RedisConnectionFailureException">org.springframework.data.redis.RedisConnectionFailureException: Could not connect; nested exception is redis.client.RedisException: Could not connect
Caused by: redis.client.RedisException: Could not connect
Caused by: java.net.ConnectException: Conexão recusada
</error>
  </testcase>
  <testcase name="addAllIndexCollectionTail[19]" classname="org.springframework.data.redis.support.collections.RedisListTests" time="0">
    <error message="Could not connect; nested exception is redis.client.RedisException: Could not connect" type="org.springframework.data.redis.RedisConnectionFailureException">org.springframework.data.redis.RedisConnectionFailureException: Could not connect; nested exception is redis.client.RedisException: Could not connect
Caused by: redis.client.RedisException: Could not connect
Caused by: java.net.ConnectException: Conexão recusada
</error>
  </testcase>
  <testcase name="addAllIndexCollectionTail[19]" classname="org.springframework.data.redis.support.collections.RedisListTests" time="0.001">
    <error message="Could not connect; nested exception is redis.client.RedisException: Could not connect" type="org.springframework.data.redis.RedisConnectionFailureException">org.springframework.data.redis.RedisConnectionFailureException: Could not connect; nested exception is redis.client.RedisException: Could not connect
Caused by: redis.client.RedisException: Could not connect
Caused by: java.net.ConnectException: Conexão recusada
</error>
  </testcase>
  <testcase name="addAllIndexCollectionMiddle[19]" classname="org.springframework.data.redis.support.collections.RedisListTests" time="0">
    <error message="Unexpected exception, expected&lt;java.lang.IllegalArgumentException&gt; but was&lt;org.springframework.data.redis.RedisConnectionFailureException&gt;" type="java.lang.Exception"><![CDATA[java.lang.Exception: Unexpected exception, expected<java.lang.IllegalArgumentException> but was<org.springframework.data.redis.RedisConnectionFailureException>
Caused by: org.springframework.data.redis.RedisConnectionFailureException: Could not connect; nested exception is redis.client.RedisException: Could not connect
Caused by: redis.client.RedisException: Could not connect
Caused by: java.net.ConnectException: Conexão recusada
]]></error>
  </testcase>
  <testcase name="addAllIndexCollectionMiddle[19]" classname="org.springframework.data.redis.support.collections.RedisListTests" time="0.004">
    <error message="Could not connect; nested exception is redis.client.RedisException: Could not connect" type="org.springframework.data.redis.RedisConnectionFailureException">org.springframework.data.redis.RedisConnectionFailureException: Could not connect; nested exception is redis.client.RedisException: Could not connect
Caused by: redis.client.RedisException: Could not connect
Caused by: java.net.ConnectException: Conexão recusada
</error>
  </testcase>
  <testcase name="testPollLast[19]" classname="org.springframework.data.redis.support.collections.RedisListTests" time="0">
    <error message="Could not connect; nested exception is redis.client.RedisException: Could not connect" type="org.springframework.data.redis.RedisConnectionFailureException">org.springframework.data.redis.RedisConnectionFailureException: Could not connect; nested exception is redis.client.RedisException: Could not connect
Caused by: redis.client.RedisException: Could not connect
Caused by: java.net.ConnectException: Conexão recusada
</error>
  </testcase>
  <testcase name="testPollLast[19]" classname="org.springframework.data.redis.support.collections.RedisListTests" time="0">
    <error message="Could not connect; nested exception is redis.client.RedisException: Could not connect" type="org.springframework.data.redis.RedisConnectionFailureException">org.springframework.data.redis.RedisConnectionFailureException: Could not connect; nested exception is redis.client.RedisException: Could not connect
Caused by: redis.client.RedisException: Could not connect
Caused by: java.net.ConnectException: Conexão recusada
</error>
  </testcase>
  <testcase name="testIndexOfObject[19]" classname="org.springframework.data.redis.support.collections.RedisListTests" time="0">
    <error message="Could not connect; nested exception is redis.client.RedisException: Could not connect" type="org.springframework.data.redis.RedisConnectionFailureException">org.springframework.data.redis.RedisConnectionFailureException: Could not connect; nested exception is redis.client.RedisException: Could not connect
Caused by: redis.client.RedisException: Could not connect
Caused by: java.net.ConnectException: Conexão recusada
</error>
  </testcase>
  <testcase name="testPollTimeout[19]" classname="org.springframework.data.redis.support.collections.RedisListTests" time="0">
    <error message="Could not connect; nested exception is redis.client.RedisException: Could not connect" type="org.springframework.data.redis.RedisConnectionFailureException">org.springframework.data.redis.RedisConnectionFailureException: Could not connect; nested exception is redis.client.RedisException: Could not connect
Caused by: redis.client.RedisException: Could not connect
Caused by: java.net.ConnectException: Conexão recusada
</error>
  </testcase>
  <testcase name="testPollTimeout[19]" classname="org.springframework.data.redis.support.collections.RedisListTests" time="0">
    <error message="Could not connect; nested exception is redis.client.RedisException: Could not connect" type="org.springframework.data.redis.RedisConnectionFailureException">org.springframework.data.redis.RedisConnectionFailureException: Could not connect; nested exception is redis.client.RedisException: Could not connect
Caused by: redis.client.RedisException: Could not connect
Caused by: java.net.ConnectException: Conexão recusada
</error>
  </testcase>
  <testcase name="testRemove[19]" classname="org.springframework.data.redis.support.collections.RedisListTests" time="0">
    <error message="Could not connect; nested exception is redis.client.RedisException: Could not connect" type="org.springframework.data.redis.RedisConnectionFailureException">org.springframework.data.redis.RedisConnectionFailureException: Could not connect; nested exception is redis.client.RedisException: Could not connect
Caused by: redis.client.RedisException: Could not connect
Caused by: java.net.ConnectException: Conexão recusada
</error>
  </testcase>
  <testcase name="testRemove[19]" classname="org.springframework.data.redis.support.collections.RedisListTests" time="0">
    <error message="Could not connect; nested exception is redis.client.RedisException: Could not connect" type="org.springframework.data.redis.RedisConnectionFailureException">org.springframework.data.redis.RedisConnectionFailureException: Could not connect; nested exception is redis.client.RedisException: Could not connect
Caused by: redis.client.RedisException: Could not connect
Caused by: java.net.ConnectException: Conexão recusada
</error>
  </testcase>
  <testcase name="testCappedCollection[19]" classname="org.springframework.data.redis.support.collections.RedisListTests" time="0">
    <error message="Could not connect; nested exception is redis.client.RedisException: Could not connect" type="org.springframework.data.redis.RedisConnectionFailureException">org.springframework.data.redis.RedisConnectionFailureException: Could not connect; nested exception is redis.client.RedisException: Could not connect
Caused by: redis.client.RedisException: Could not connect
Caused by: java.net.ConnectException: Conexão recusada
</error>
  </testcase>
  <testcase name="testCappedCollection[19]" classname="org.springframework.data.redis.support.collections.RedisListTests" time="0">
    <error message="Could not connect; nested exception is redis.client.RedisException: Could not connect" type="org.springframework.data.redis.RedisConnectionFailureException">org.springframework.data.redis.RedisConnectionFailureException: Could not connect; nested exception is redis.client.RedisException: Could not connect
Caused by: redis.client.RedisException: Could not connect
Caused by: java.net.ConnectException: Conexão recusada
</error>
  </testcase>
  <testcase name="testRmoveLastOccurrence[19]" classname="org.springframework.data.redis.support.collections.RedisListTests" time="0">
    <error message="Could not connect; nested exception is redis.client.RedisException: Could not connect" type="org.springframework.data.redis.RedisConnectionFailureException">org.springframework.data.redis.RedisConnectionFailureException: Could not connect; nested exception is redis.client.RedisException: Could not connect
Caused by: redis.client.RedisException: Could not connect
Caused by: java.net.ConnectException: Conexão recusada
</error>
  </testcase>
  <testcase name="testRmoveLastOccurrence[19]" classname="org.springframework.data.redis.support.collections.RedisListTests" time="0">
    <error message="Could not connect; nested exception is redis.client.RedisException: Could not connect" type="org.springframework.data.redis.RedisConnectionFailureException">org.springframework.data.redis.RedisConnectionFailureException: Could not connect; nested exception is redis.client.RedisException: Could not connect
Caused by: redis.client.RedisException: Could not connect
Caused by: java.net.ConnectException: Conexão recusada
</error>
  </testcase>
  <testcase name="testTakeFirst[19]" classname="org.springframework.data.redis.support.collections.RedisListTests" time="0">
    <error message="Could not connect; nested exception is redis.client.RedisException: Could not connect" type="org.springframework.data.redis.RedisConnectionFailureException">org.springframework.data.redis.RedisConnectionFailureException: Could not connect; nested exception is redis.client.RedisException: Could not connect
Caused by: redis.client.RedisException: Could not connect
Caused by: java.net.ConnectException: Conexão recusada
</error>
  </testcase>
  <testcase name="testTakeFirst[19]" classname="org.springframework.data.redis.support.collections.RedisListTests" time="0">
    <error message="Could not connect; nested exception is redis.client.RedisException: Could not connect" type="org.springframework.data.redis.RedisConnectionFailureException">org.springframework.data.redis.RedisConnectionFailureException: Could not connect; nested exception is redis.client.RedisException: Could not connect
Caused by: redis.client.RedisException: Could not connect
Caused by: java.net.ConnectException: Conexão recusada
</error>
  </testcase>
  <testcase name="testContainsObject[19]" classname="org.springframework.data.redis.support.collections.RedisListTests" time="0">
    <error message="Could not connect; nested exception is redis.client.RedisException: Could not connect" type="org.springframework.data.redis.RedisConnectionFailureException">org.springframework.data.redis.RedisConnectionFailureException: Could not connect; nested exception is redis.client.RedisException: Could not connect
Caused by: redis.client.RedisException: Could not connect
Caused by: java.net.ConnectException: Conexão recusada
</error>
  </testcase>
  <testcase name="testContainsObject[19]" classname="org.springframework.data.redis.support.collections.RedisListTests" time="0">
    <error message="Could not connect; nested exception is redis.client.RedisException: Could not connect" type="org.springframework.data.redis.RedisConnectionFailureException">org.springframework.data.redis.RedisConnectionFailureException: Could not connect; nested exception is redis.client.RedisException: Could not connect
Caused by: redis.client.RedisException: Could not connect
Caused by: java.net.ConnectException: Conexão recusada
</error>
  </testcase>
  <testcase name="testToArray[19]" classname="org.springframework.data.redis.support.collections.RedisListTests" time="0">
    <error message="Could not connect; nested exception is redis.client.RedisException: Could not connect" type="org.springframework.data.redis.RedisConnectionFailureException">org.springframework.data.redis.RedisConnectionFailureException: Could not connect; nested exception is redis.client.RedisException: Could not connect
Caused by: redis.client.RedisException: Could not connect
Caused by: java.net.ConnectException: Conexão recusada
</error>
  </testcase>
  <testcase name="testToArray[19]" classname="org.springframework.data.redis.support.collections.RedisListTests" time="0">
    <error message="Could not connect; nested exception is redis.client.RedisException: Could not connect" type="org.springframework.data.redis.RedisConnectionFailureException">org.springframework.data.redis.RedisConnectionFailureException: Could not connect; nested exception is redis.client.RedisException: Could not connect
Caused by: redis.client.RedisException: Could not connect
Caused by: java.net.ConnectException: Conexão recusada
</error>
  </testcase>
  <testcase name="testAdd[19]" classname="org.springframework.data.redis.support.collections.RedisListTests" time="0.001">
    <error message="Could not connect; nested exception is redis.client.RedisException: Could not connect" type="org.springframework.data.redis.RedisConnectionFailureException">org.springframework.data.redis.RedisConnectionFailureException: Could not connect; nested exception is redis.client.RedisException: Could not connect
Caused by: redis.client.RedisException: Could not connect
Caused by: java.net.ConnectException: Conexão recusada
</error>
  </testcase>
  <testcase name="testAdd[19]" classname="org.springframework.data.redis.support.collections.RedisListTests" time="0.001">
    <error message="Could not connect; nested exception is redis.client.RedisException: Could not connect" type="org.springframework.data.redis.RedisConnectionFailureException">org.springframework.data.redis.RedisConnectionFailureException: Could not connect; nested exception is redis.client.RedisException: Could not connect
Caused by: redis.client.RedisException: Could not connect
Caused by: java.net.ConnectException: Conexão recusada
</error>
  </testcase>
  <testcase name="testClear[19]" classname="org.springframework.data.redis.support.collections.RedisListTests" time="0">
    <error message="Could not connect; nested exception is redis.client.RedisException: Could not connect" type="org.springframework.data.redis.RedisConnectionFailureException">org.springframework.data.redis.RedisConnectionFailureException: Could not connect; nested exception is redis.client.RedisException: Could not connect
Caused by: redis.client.RedisException: Could not connect
Caused by: java.net.ConnectException: Conexão recusada
</error>
  </testcase>
  <testcase name="testClear[19]" classname="org.springframework.data.redis.support.collections.RedisListTests" time="0">
    <error message="Could not connect; nested exception is redis.client.RedisException: Could not connect" type="org.springframework.data.redis.RedisConnectionFailureException">org.springframework.data.redis.RedisConnectionFailureException: Could not connect; nested exception is redis.client.RedisException: Could not connect
Caused by: redis.client.RedisException: Could not connect
Caused by: java.net.ConnectException: Conexão recusada
</error>
  </testcase>
  <testcase name="testSize[19]" classname="org.springframework.data.redis.support.collections.RedisListTests" time="0.001">
    <error message="Could not connect; nested exception is redis.client.RedisException: Could not connect" type="org.springframework.data.redis.RedisConnectionFailureException">org.springframework.data.redis.RedisConnectionFailureException: Could not connect; nested exception is redis.client.RedisException: Could not connect
Caused by: redis.client.RedisException: Could not connect
Caused by: java.net.ConnectException: Conexão recusada
</error>
  </testcase>
  <testcase name="testSize[19]" classname="org.springframework.data.redis.support.collections.RedisListTests" time="0.001">
    <error message="Could not connect; nested exception is redis.client.RedisException: Could not connect" type="org.springframework.data.redis.RedisConnectionFailureException">org.springframework.data.redis.RedisConnectionFailureException: Could not connect; nested exception is redis.client.RedisException: Could not connect
Caused by: redis.client.RedisException: Could not connect
Caused by: java.net.ConnectException: Conexão recusada
</error>
  </testcase>
  <testcase name="testToString[19]" classname="org.springframework.data.redis.support.collections.RedisListTests" time="0">
    <error message="Could not connect; nested exception is redis.client.RedisException: Could not connect" type="org.springframework.data.redis.RedisConnectionFailureException">org.springframework.data.redis.RedisConnectionFailureException: Could not connect; nested exception is redis.client.RedisException: Could not connect
Caused by: redis.client.RedisException: Could not connect
Caused by: java.net.ConnectException: Conexão recusada
</error>
  </testcase>
  <testcase name="testToString[19]" classname="org.springframework.data.redis.support.collections.RedisListTests" time="0">
    <error message="Could not connect; nested exception is redis.client.RedisException: Could not connect" type="org.springframework.data.redis.RedisConnectionFailureException">org.springframework.data.redis.RedisConnectionFailureException: Could not connect; nested exception is redis.client.RedisException: Could not connect
Caused by: redis.client.RedisException: Could not connect
Caused by: java.net.ConnectException: Conexão recusada
</error>
  </testcase>
  <testcase name="testContainsAll[19]" classname="org.springframework.data.redis.support.collections.RedisListTests" time="0.001">
    <error message="Could not connect; nested exception is redis.client.RedisException: Could not connect" type="org.springframework.data.redis.RedisConnectionFailureException">org.springframework.data.redis.RedisConnectionFailureException: Could not connect; nested exception is redis.client.RedisException: Could not connect
Caused by: redis.client.RedisException: Could not connect
Caused by: java.net.ConnectException: Conexão recusada
</error>
  </testcase>
  <testcase name="testContainsAll[19]" classname="org.springframework.data.redis.support.collections.RedisListTests" time="0.001">
    <error message="Could not connect; nested exception is redis.client.RedisException: Could not connect" type="org.springframework.data.redis.RedisConnectionFailureException">org.springframework.data.redis.RedisConnectionFailureException: Could not connect; nested exception is redis.client.RedisException: Could not connect
Caused by: redis.client.RedisException: Could not connect
Caused by: java.net.ConnectException: Conexão recusada
</error>
  </testcase>
  <testcase name="testRemoveObject[19]" classname="org.springframework.data.redis.support.collections.RedisListTests" time="0">
    <error message="Could not connect; nested exception is redis.client.RedisException: Could not connect" type="org.springframework.data.redis.RedisConnectionFailureException">org.springframework.data.redis.RedisConnectionFailureException: Could not connect; nested exception is redis.client.RedisException: Could not connect
Caused by: redis.client.RedisException: Could not connect
Caused by: java.net.ConnectException: Conexão recusada
</error>
  </testcase>
  <testcase name="testRemoveObject[19]" classname="org.springframework.data.redis.support.collections.RedisListTests" time="0">
    <error message="Could not connect; nested exception is redis.client.RedisException: Could not connect" type="org.springframework.data.redis.RedisConnectionFailureException">org.springframework.data.redis.RedisConnectionFailureException: Could not connect; nested exception is redis.client.RedisException: Could not connect
Caused by: redis.client.RedisException: Could not connect
Caused by: java.net.ConnectException: Conexão recusada
</error>
  </testcase>
  <testcase name="testHashCode[19]" classname="org.springframework.data.redis.support.collections.RedisListTests" time="0.001">
    <error message="Could not connect; nested exception is redis.client.RedisException: Could not connect" type="org.springframework.data.redis.RedisConnectionFailureException">org.springframework.data.redis.RedisConnectionFailureException: Could not connect; nested exception is redis.client.RedisException: Could not connect
Caused by: redis.client.RedisException: Could not connect
Caused by: java.net.ConnectException: Conexão recusada
</error>
  </testcase>
  <testcase name="testAddAll[19]" classname="org.springframework.data.redis.support.collections.RedisListTests" time="0">
    <error message="Could not connect; nested exception is redis.client.RedisException: Could not connect" type="org.springframework.data.redis.RedisConnectionFailureException">org.springframework.data.redis.RedisConnectionFailureException: Could not connect; nested exception is redis.client.RedisException: Could not connect
Caused by: redis.client.RedisException: Could not connect
Caused by: java.net.ConnectException: Conexão recusada
</error>
  </testcase>
  <testcase name="testAddAll[19]" classname="org.springframework.data.redis.support.collections.RedisListTests" time="0">
    <error message="Could not connect; nested exception is redis.client.RedisException: Could not connect" type="org.springframework.data.redis.RedisConnectionFailureException">org.springframework.data.redis.RedisConnectionFailureException: Could not connect; nested exception is redis.client.RedisException: Could not connect
Caused by: redis.client.RedisException: Could not connect
Caused by: java.net.ConnectException: Conexão recusada
</error>
  </testcase>
  <testcase name="removeAll[19]" classname="org.springframework.data.redis.support.collections.RedisListTests" time="0.001">
    <error message="Could not connect; nested exception is redis.client.RedisException: Could not connect" type="org.springframework.data.redis.RedisConnectionFailureException">org.springframework.data.redis.RedisConnectionFailureException: Could not connect; nested exception is redis.client.RedisException: Could not connect
Caused by: redis.client.RedisException: Could not connect
Caused by: java.net.ConnectException: Conexão recusada
</error>
  </testcase>
  <testcase name="removeAll[19]" classname="org.springframework.data.redis.support.collections.RedisListTests" time="0.001">
    <error message="Could not connect; nested exception is redis.client.RedisException: Could not connect" type="org.springframework.data.redis.RedisConnectionFailureException">org.springframework.data.redis.RedisConnectionFailureException: Could not connect; nested exception is redis.client.RedisException: Could not connect
Caused by: redis.client.RedisException: Could not connect
Caused by: java.net.ConnectException: Conexão recusada
</error>
  </testcase>
  <testcase name="testEquals[19]" classname="org.springframework.data.redis.support.collections.RedisListTests" time="0">
    <error message="Could not connect; nested exception is redis.client.RedisException: Could not connect" type="org.springframework.data.redis.RedisConnectionFailureException">org.springframework.data.redis.RedisConnectionFailureException: Could not connect; nested exception is redis.client.RedisException: Could not connect
Caused by: redis.client.RedisException: Could not connect
Caused by: java.net.ConnectException: Conexão recusada
</error>
  </testcase>
  <testcase name="testGetKey[19]" classname="org.springframework.data.redis.support.collections.RedisListTests" time="0">
    <error message="Could not connect; nested exception is redis.client.RedisException: Could not connect" type="org.springframework.data.redis.RedisConnectionFailureException">org.springframework.data.redis.RedisConnectionFailureException: Could not connect; nested exception is redis.client.RedisException: Could not connect
Caused by: redis.client.RedisException: Could not connect
Caused by: java.net.ConnectException: Conexão recusada
</error>
  </testcase>
  <testcase name="testToArrayWithGenerics[19]" classname="org.springframework.data.redis.support.collections.RedisListTests" time="0.001">
    <error message="Could not connect; nested exception is redis.client.RedisException: Could not connect" type="org.springframework.data.redis.RedisConnectionFailureException">org.springframework.data.redis.RedisConnectionFailureException: Could not connect; nested exception is redis.client.RedisException: Could not connect
Caused by: redis.client.RedisException: Could not connect
Caused by: java.net.ConnectException: Conexão recusada
</error>
  </testcase>
  <testcase name="testToArrayWithGenerics[19]" classname="org.springframework.data.redis.support.collections.RedisListTests" time="0.001">
    <error message="Could not connect; nested exception is redis.client.RedisException: Could not connect" type="org.springframework.data.redis.RedisConnectionFailureException">org.springframework.data.redis.RedisConnectionFailureException: Could not connect; nested exception is redis.client.RedisException: Could not connect
Caused by: redis.client.RedisException: Could not connect
Caused by: java.net.ConnectException: Conexão recusada
</error>
  </testcase>
  <testcase name="testIsEmpty[19]" classname="org.springframework.data.redis.support.collections.RedisListTests" time="0">
    <error message="Could not connect; nested exception is redis.client.RedisException: Could not connect" type="org.springframework.data.redis.RedisConnectionFailureException">org.springframework.data.redis.RedisConnectionFailureException: Could not connect; nested exception is redis.client.RedisException: Could not connect
Caused by: redis.client.RedisException: Could not connect
Caused by: java.net.ConnectException: Conexão recusada
</error>
  </testcase>
  <testcase name="testIsEmpty[19]" classname="org.springframework.data.redis.support.collections.RedisListTests" time="0">
    <error message="Could not connect; nested exception is redis.client.RedisException: Could not connect" type="org.springframework.data.redis.RedisConnectionFailureException">org.springframework.data.redis.RedisConnectionFailureException: Could not connect; nested exception is redis.client.RedisException: Could not connect
Caused by: redis.client.RedisException: Could not connect
Caused by: java.net.ConnectException: Conexão recusada
</error>
  </testcase>
  <testcase name="testIterator[19]" classname="org.springframework.data.redis.support.collections.RedisListTests" time="0.001">
    <error message="Could not connect; nested exception is redis.client.RedisException: Could not connect" type="org.springframework.data.redis.RedisConnectionFailureException">org.springframework.data.redis.RedisConnectionFailureException: Could not connect; nested exception is redis.client.RedisException: Could not connect
Caused by: redis.client.RedisException: Could not connect
Caused by: java.net.ConnectException: Conexão recusada
</error>
  </testcase>
  <testcase name="testIterator[19]" classname="org.springframework.data.redis.support.collections.RedisListTests" time="0.001">
    <error message="Could not connect; nested exception is redis.client.RedisException: Could not connect" type="org.springframework.data.redis.RedisConnectionFailureException">org.springframework.data.redis.RedisConnectionFailureException: Could not connect; nested exception is redis.client.RedisException: Could not connect
Caused by: redis.client.RedisException: Could not connect
Caused by: java.net.ConnectException: Conexão recusada
</error>
  </testcase>
  <testcase name="testElement[20]" classname="org.springframework.data.redis.support.collections.RedisListTests" time="0">
    <error message="Could not connect; nested exception is redis.client.RedisException: Could not connect" type="org.springframework.data.redis.RedisConnectionFailureException">org.springframework.data.redis.RedisConnectionFailureException: Could not connect; nested exception is redis.client.RedisException: Could not connect
Caused by: redis.client.RedisException: Could not connect
Caused by: java.net.ConnectException: Conexão recusada
</error>
  </testcase>
  <testcase name="testElement[20]" classname="org.springframework.data.redis.support.collections.RedisListTests" time="0.001">
    <error message="Could not connect; nested exception is redis.client.RedisException: Could not connect" type="org.springframework.data.redis.RedisConnectionFailureException">org.springframework.data.redis.RedisConnectionFailureException: Could not connect; nested exception is redis.client.RedisException: Could not connect
Caused by: redis.client.RedisException: Could not connect
Caused by: java.net.ConnectException: Conexão recusada
</error>
  </testcase>
  <testcase name="testPutFirst[20]" classname="org.springframework.data.redis.support.collections.RedisListTests" time="0">
    <error message="Could not connect; nested exception is redis.client.RedisException: Could not connect" type="org.springframework.data.redis.RedisConnectionFailureException">org.springframework.data.redis.RedisConnectionFailureException: Could not connect; nested exception is redis.client.RedisException: Could not connect
Caused by: redis.client.RedisException: Could not connect
Caused by: java.net.ConnectException: Conexão recusada
</error>
  </testcase>
  <testcase name="testPutFirst[20]" classname="org.springframework.data.redis.support.collections.RedisListTests" time="0">
    <error message="Could not connect; nested exception is redis.client.RedisException: Could not connect" type="org.springframework.data.redis.RedisConnectionFailureException">org.springframework.data.redis.RedisConnectionFailureException: Could not connect; nested exception is redis.client.RedisException: Could not connect
Caused by: redis.client.RedisException: Could not connect
Caused by: java.net.ConnectException: Conexão recusada
</error>
  </testcase>
  <testcase name="testPollLastTimeout[20]" classname="org.springframework.data.redis.support.collections.RedisListTests" time="0.001">
    <error message="Could not connect; nested exception is redis.client.RedisException: Could not connect" type="org.springframework.data.redis.RedisConnectionFailureException">org.springframework.data.redis.RedisConnectionFailureException: Could not connect; nested exception is redis.client.RedisException: Could not connect
Caused by: redis.client.RedisException: Could not connect
Caused by: java.net.ConnectException: Conexão recusada
</error>
  </testcase>
  <testcase name="testPollLastTimeout[20]" classname="org.springframework.data.redis.support.collections.RedisListTests" time="0.001">
    <error message="Could not connect; nested exception is redis.client.RedisException: Could not connect" type="org.springframework.data.redis.RedisConnectionFailureException">org.springframework.data.redis.RedisConnectionFailureException: Could not connect; nested exception is redis.client.RedisException: Could not connect
Caused by: redis.client.RedisException: Could not connect
Caused by: java.net.ConnectException: Conexão recusada
</error>
  </testcase>
  <testcase name="testPeekFirst[20]" classname="org.springframework.data.redis.support.collections.RedisListTests" time="0">
    <error message="Could not connect; nested exception is redis.client.RedisException: Could not connect" type="org.springframework.data.redis.RedisConnectionFailureException">org.springframework.data.redis.RedisConnectionFailureException: Could not connect; nested exception is redis.client.RedisException: Could not connect
Caused by: redis.client.RedisException: Could not connect
Caused by: java.net.ConnectException: Conexão recusada
</error>
  </testcase>
  <testcase name="testPeekFirst[20]" classname="org.springframework.data.redis.support.collections.RedisListTests" time="0">
    <error message="Could not connect; nested exception is redis.client.RedisException: Could not connect" type="org.springframework.data.redis.RedisConnectionFailureException">org.springframework.data.redis.RedisConnectionFailureException: Could not connect; nested exception is redis.client.RedisException: Could not connect
Caused by: redis.client.RedisException: Could not connect
Caused by: java.net.ConnectException: Conexão recusada
</error>
  </testcase>
  <testcase name="testOfferLast[20]" classname="org.springframework.data.redis.support.collections.RedisListTests" time="0.001">
    <error message="Could not connect; nested exception is redis.client.RedisException: Could not connect" type="org.springframework.data.redis.RedisConnectionFailureException">org.springframework.data.redis.RedisConnectionFailureException: Could not connect; nested exception is redis.client.RedisException: Could not connect
Caused by: redis.client.RedisException: Could not connect
Caused by: java.net.ConnectException: Conexão recusada
</error>
  </testcase>
  <testcase name="testOfferLast[20]" classname="org.springframework.data.redis.support.collections.RedisListTests" time="0.001">
    <error message="Could not connect; nested exception is redis.client.RedisException: Could not connect" type="org.springframework.data.redis.RedisConnectionFailureException">org.springframework.data.redis.RedisConnectionFailureException: Could not connect; nested exception is redis.client.RedisException: Could not connect
Caused by: redis.client.RedisException: Could not connect
Caused by: java.net.ConnectException: Conexão recusada
</error>
  </testcase>
  <testcase name="testGetFirst[20]" classname="org.springframework.data.redis.support.collections.RedisListTests" time="0">
    <error message="Could not connect; nested exception is redis.client.RedisException: Could not connect" type="org.springframework.data.redis.RedisConnectionFailureException">org.springframework.data.redis.RedisConnectionFailureException: Could not connect; nested exception is redis.client.RedisException: Could not connect
Caused by: redis.client.RedisException: Could not connect
Caused by: java.net.ConnectException: Conexão recusada
</error>
  </testcase>
  <testcase name="testGetFirst[20]" classname="org.springframework.data.redis.support.collections.RedisListTests" time="0.001">
    <error message="Could not connect; nested exception is redis.client.RedisException: Could not connect" type="org.springframework.data.redis.RedisConnectionFailureException">org.springframework.data.redis.RedisConnectionFailureException: Could not connect; nested exception is redis.client.RedisException: Could not connect
Caused by: redis.client.RedisException: Could not connect
Caused by: java.net.ConnectException: Conexão recusada
</error>
  </testcase>
  <testcase name="testAddLast[20]" classname="org.springframework.data.redis.support.collections.RedisListTests" time="0">
    <error message="Could not connect; nested exception is redis.client.RedisException: Could not connect" type="org.springframework.data.redis.RedisConnectionFailureException">org.springframework.data.redis.RedisConnectionFailureException: Could not connect; nested exception is redis.client.RedisException: Could not connect
Caused by: redis.client.RedisException: Could not connect
Caused by: java.net.ConnectException: Conexão recusada
</error>
  </testcase>
  <testcase name="testAddLast[20]" classname="org.springframework.data.redis.support.collections.RedisListTests" time="0">
    <error message="Could not connect; nested exception is redis.client.RedisException: Could not connect" type="org.springframework.data.redis.RedisConnectionFailureException">org.springframework.data.redis.RedisConnectionFailureException: Could not connect; nested exception is redis.client.RedisException: Could not connect
Caused by: redis.client.RedisException: Could not connect
Caused by: java.net.ConnectException: Conexão recusada
</error>
  </testcase>
  <testcase name="testPop[20]" classname="org.springframework.data.redis.support.collections.RedisListTests" time="0">
    <error message="Could not connect; nested exception is redis.client.RedisException: Could not connect" type="org.springframework.data.redis.RedisConnectionFailureException">org.springframework.data.redis.RedisConnectionFailureException: Could not connect; nested exception is redis.client.RedisException: Could not connect
Caused by: redis.client.RedisException: Could not connect
Caused by: java.net.ConnectException: Conexão recusada
</error>
  </testcase>
  <testcase name="testPop[20]" classname="org.springframework.data.redis.support.collections.RedisListTests" time="0">
    <error message="Could not connect; nested exception is redis.client.RedisException: Could not connect" type="org.springframework.data.redis.RedisConnectionFailureException">org.springframework.data.redis.RedisConnectionFailureException: Could not connect; nested exception is redis.client.RedisException: Could not connect
Caused by: redis.client.RedisException: Could not connect
Caused by: java.net.ConnectException: Conexão recusada
</error>
  </testcase>
  <testcase name="testPut[20]" classname="org.springframework.data.redis.support.collections.RedisListTests" time="0">
    <error message="Could not connect; nested exception is redis.client.RedisException: Could not connect" type="org.springframework.data.redis.RedisConnectionFailureException">org.springframework.data.redis.RedisConnectionFailureException: Could not connect; nested exception is redis.client.RedisException: Could not connect
Caused by: redis.client.RedisException: Could not connect
Caused by: java.net.ConnectException: Conexão recusada
</error>
  </testcase>
  <testcase name="testPut[20]" classname="org.springframework.data.redis.support.collections.RedisListTests" time="0">
    <error message="Could not connect; nested exception is redis.client.RedisException: Could not connect" type="org.springframework.data.redis.RedisConnectionFailureException">org.springframework.data.redis.RedisConnectionFailureException: Could not connect; nested exception is redis.client.RedisException: Could not connect
Caused by: redis.client.RedisException: Could not connect
Caused by: java.net.ConnectException: Conexão recusada
</error>
  </testcase>
  <testcase name="testSet[20]" classname="org.springframework.data.redis.support.collections.RedisListTests" time="0.001">
    <error message="Could not connect; nested exception is redis.client.RedisException: Could not connect" type="org.springframework.data.redis.RedisConnectionFailureException">org.springframework.data.redis.RedisConnectionFailureException: Could not connect; nested exception is redis.client.RedisException: Could not connect
Caused by: redis.client.RedisException: Could not connect
Caused by: java.net.ConnectException: Conexão recusada
</error>
  </testcase>
  <testcase name="testSet[20]" classname="org.springframework.data.redis.support.collections.RedisListTests" time="0.001">
    <error message="Could not connect; nested exception is redis.client.RedisException: Could not connect" type="org.springframework.data.redis.RedisConnectionFailureException">org.springframework.data.redis.RedisConnectionFailureException: Could not connect; nested exception is redis.client.RedisException: Could not connect
Caused by: redis.client.RedisException: Could not connect
Caused by: java.net.ConnectException: Conexão recusada
</error>
  </testcase>
  <testcase name="testOffer[20]" classname="org.springframework.data.redis.support.collections.RedisListTests" time="0">
    <error message="Could not connect; nested exception is redis.client.RedisException: Could not connect" type="org.springframework.data.redis.RedisConnectionFailureException">org.springframework.data.redis.RedisConnectionFailureException: Could not connect; nested exception is redis.client.RedisException: Could not connect
Caused by: redis.client.RedisException: Could not connect
Caused by: java.net.ConnectException: Conexão recusada
</error>
  </testcase>
  <testcase name="testOffer[20]" classname="org.springframework.data.redis.support.collections.RedisListTests" time="0">
    <error message="Could not connect; nested exception is redis.client.RedisException: Could not connect" type="org.springframework.data.redis.RedisConnectionFailureException">org.springframework.data.redis.RedisConnectionFailureException: Could not connect; nested exception is redis.client.RedisException: Could not connect
Caused by: redis.client.RedisException: Could not connect
Caused by: java.net.ConnectException: Conexão recusada
</error>
  </testcase>
  <testcase name="testRange[20]" classname="org.springframework.data.redis.support.collections.RedisListTests" time="0.001">
    <error message="Could not connect; nested exception is redis.client.RedisException: Could not connect" type="org.springframework.data.redis.RedisConnectionFailureException">org.springframework.data.redis.RedisConnectionFailureException: Could not connect; nested exception is redis.client.RedisException: Could not connect
Caused by: redis.client.RedisException: Could not connect
Caused by: java.net.ConnectException: Conexão recusada
</error>
  </testcase>
  <testcase name="testRange[20]" classname="org.springframework.data.redis.support.collections.RedisListTests" time="0.001">
    <error message="Could not connect; nested exception is redis.client.RedisException: Could not connect" type="org.springframework.data.redis.RedisConnectionFailureException">org.springframework.data.redis.RedisConnectionFailureException: Could not connect; nested exception is redis.client.RedisException: Could not connect
Caused by: redis.client.RedisException: Could not connect
Caused by: java.net.ConnectException: Conexão recusada
</error>
  </testcase>
  <testcase name="testLast[20]" classname="org.springframework.data.redis.support.collections.RedisListTests" time="0">
    <error message="Could not connect; nested exception is redis.client.RedisException: Could not connect" type="org.springframework.data.redis.RedisConnectionFailureException">org.springframework.data.redis.RedisConnectionFailureException: Could not connect; nested exception is redis.client.RedisException: Could not connect
Caused by: redis.client.RedisException: Could not connect
Caused by: java.net.ConnectException: Conexão recusada
</error>
  </testcase>
  <testcase name="testLast[20]" classname="org.springframework.data.redis.support.collections.RedisListTests" time="0">
    <error message="Could not connect; nested exception is redis.client.RedisException: Could not connect" type="org.springframework.data.redis.RedisConnectionFailureException">org.springframework.data.redis.RedisConnectionFailureException: Could not connect; nested exception is redis.client.RedisException: Could not connect
Caused by: redis.client.RedisException: Could not connect
Caused by: java.net.ConnectException: Conexão recusada
</error>
  </testcase>
  <testcase name="testPeek[20]" classname="org.springframework.data.redis.support.collections.RedisListTests" time="0.001">
    <error message="Could not connect; nested exception is redis.client.RedisException: Could not connect" type="org.springframework.data.redis.RedisConnectionFailureException">org.springframework.data.redis.RedisConnectionFailureException: Could not connect; nested exception is redis.client.RedisException: Could not connect
Caused by: redis.client.RedisException: Could not connect
Caused by: java.net.ConnectException: Conexão recusada
</error>
  </testcase>
  <testcase name="testPeek[20]" classname="org.springframework.data.redis.support.collections.RedisListTests" time="0.001">
    <error message="Could not connect; nested exception is redis.client.RedisException: Could not connect" type="org.springframework.data.redis.RedisConnectionFailureException">org.springframework.data.redis.RedisConnectionFailureException: Could not connect; nested exception is redis.client.RedisException: Could not connect
Caused by: redis.client.RedisException: Could not connect
Caused by: java.net.ConnectException: Conexão recusada
</error>
  </testcase>
  <testcase name="testPoll[20]" classname="org.springframework.data.redis.support.collections.RedisListTests" time="0">
    <error message="Could not connect; nested exception is redis.client.RedisException: Could not connect" type="org.springframework.data.redis.RedisConnectionFailureException">org.springframework.data.redis.RedisConnectionFailureException: Could not connect; nested exception is redis.client.RedisException: Could not connect
Caused by: redis.client.RedisException: Could not connect
Caused by: java.net.ConnectException: Conexão recusada
</error>
  </testcase>
  <testcase name="testPoll[20]" classname="org.springframework.data.redis.support.collections.RedisListTests" time="0">
    <error message="Could not connect; nested exception is redis.client.RedisException: Could not connect" type="org.springframework.data.redis.RedisConnectionFailureException">org.springframework.data.redis.RedisConnectionFailureException: Could not connect; nested exception is redis.client.RedisException: Could not connect
Caused by: redis.client.RedisException: Could not connect
Caused by: java.net.ConnectException: Conexão recusada
</error>
  </testcase>
  <testcase name="testTake[20]" classname="org.springframework.data.redis.support.collections.RedisListTests" time="0.001">
    <error message="Could not connect; nested exception is redis.client.RedisException: Could not connect" type="org.springframework.data.redis.RedisConnectionFailureException">org.springframework.data.redis.RedisConnectionFailureException: Could not connect; nested exception is redis.client.RedisException: Could not connect
Caused by: redis.client.RedisException: Could not connect
Caused by: java.net.ConnectException: Conexão recusada
</error>
  </testcase>
  <testcase name="testTake[20]" classname="org.springframework.data.redis.support.collections.RedisListTests" time="0.001">
    <error message="Could not connect; nested exception is redis.client.RedisException: Could not connect" type="org.springframework.data.redis.RedisConnectionFailureException">org.springframework.data.redis.RedisConnectionFailureException: Could not connect; nested exception is redis.client.RedisException: Could not connect
Caused by: redis.client.RedisException: Could not connect
Caused by: java.net.ConnectException: Conexão recusada
</error>
  </testcase>
  <testcase name="testTrim[20]" classname="org.springframework.data.redis.support.collections.RedisListTests" time="0">
    <error message="Could not connect; nested exception is redis.client.RedisException: Could not connect" type="org.springframework.data.redis.RedisConnectionFailureException">org.springframework.data.redis.RedisConnectionFailureException: Could not connect; nested exception is redis.client.RedisException: Could not connect
Caused by: redis.client.RedisException: Could not connect
Caused by: java.net.ConnectException: Conexão recusada
</error>
  </testcase>
  <testcase name="testTrim[20]" classname="org.springframework.data.redis.support.collections.RedisListTests" time="0">
    <error message="Could not connect; nested exception is redis.client.RedisException: Could not connect" type="org.springframework.data.redis.RedisConnectionFailureException">org.springframework.data.redis.RedisConnectionFailureException: Could not connect; nested exception is redis.client.RedisException: Could not connect
Caused by: redis.client.RedisException: Could not connect
Caused by: java.net.ConnectException: Conexão recusada
</error>
  </testcase>
  <testcase name="testDrainToCollection[20]" classname="org.springframework.data.redis.support.collections.RedisListTests" time="0.001">
    <error message="Could not connect; nested exception is redis.client.RedisException: Could not connect" type="org.springframework.data.redis.RedisConnectionFailureException">org.springframework.data.redis.RedisConnectionFailureException: Could not connect; nested exception is redis.client.RedisException: Could not connect
Caused by: redis.client.RedisException: Could not connect
Caused by: java.net.ConnectException: Conexão recusada
</error>
  </testcase>
  <testcase name="testDrainToCollection[20]" classname="org.springframework.data.redis.support.collections.RedisListTests" time="0.001">
    <error message="Could not connect; nested exception is redis.client.RedisException: Could not connect" type="org.springframework.data.redis.RedisConnectionFailureException">org.springframework.data.redis.RedisConnectionFailureException: Could not connect; nested exception is redis.client.RedisException: Could not connect
Caused by: redis.client.RedisException: Could not connect
Caused by: java.net.ConnectException: Conexão recusada
</error>
  </testcase>
  <testcase name="testRemoveFirst[20]" classname="org.springframework.data.redis.support.collections.RedisListTests" time="0">
    <error message="Could not connect; nested exception is redis.client.RedisException: Could not connect" type="org.springframework.data.redis.RedisConnectionFailureException">org.springframework.data.redis.RedisConnectionFailureException: Could not connect; nested exception is redis.client.RedisException: Could not connect
Caused by: redis.client.RedisException: Could not connect
Caused by: java.net.ConnectException: Conexão recusada
</error>
  </testcase>
  <testcase name="testRemoveFirst[20]" classname="org.springframework.data.redis.support.collections.RedisListTests" time="0.001">
    <error message="Could not connect; nested exception is redis.client.RedisException: Could not connect" type="org.springframework.data.redis.RedisConnectionFailureException">org.springframework.data.redis.RedisConnectionFailureException: Could not connect; nested exception is redis.client.RedisException: Could not connect
Caused by: redis.client.RedisException: Could not connect
Caused by: java.net.ConnectException: Conexão recusada
</error>
  </testcase>
  <testcase name="testRemoveIndex[20]" classname="org.springframework.data.redis.support.collections.RedisListTests" time="0">
    <error message="Could not connect; nested exception is redis.client.RedisException: Could not connect" type="org.springframework.data.redis.RedisConnectionFailureException">org.springframework.data.redis.RedisConnectionFailureException: Could not connect; nested exception is redis.client.RedisException: Could not connect
Caused by: redis.client.RedisException: Could not connect
Caused by: java.net.ConnectException: Conexão recusada
</error>
  </testcase>
  <testcase name="testPutLast[20]" classname="org.springframework.data.redis.support.collections.RedisListTests" time="0">
    <error message="Could not connect; nested exception is redis.client.RedisException: Could not connect" type="org.springframework.data.redis.RedisConnectionFailureException">org.springframework.data.redis.RedisConnectionFailureException: Could not connect; nested exception is redis.client.RedisException: Could not connect
Caused by: redis.client.RedisException: Could not connect
Caused by: java.net.ConnectException: Conexão recusada
</error>
  </testcase>
  <testcase name="testPutLast[20]" classname="org.springframework.data.redis.support.collections.RedisListTests" time="0">
    <error message="Could not connect; nested exception is redis.client.RedisException: Could not connect" type="org.springframework.data.redis.RedisConnectionFailureException">org.springframework.data.redis.RedisConnectionFailureException: Could not connect; nested exception is redis.client.RedisException: Could not connect
Caused by: redis.client.RedisException: Could not connect
Caused by: java.net.ConnectException: Conexão recusada
</error>
  </testcase>
  <testcase name="testOfferFirst[20]" classname="org.springframework.data.redis.support.collections.RedisListTests" time="0.001">
    <error message="Could not connect; nested exception is redis.client.RedisException: Could not connect" type="org.springframework.data.redis.RedisConnectionFailureException">org.springframework.data.redis.RedisConnectionFailureException: Could not connect; nested exception is redis.client.RedisException: Could not connect
Caused by: redis.client.RedisException: Could not connect
Caused by: java.net.ConnectException: Conexão recusada
</error>
  </testcase>
  <testcase name="testOfferFirst[20]" classname="org.springframework.data.redis.support.collections.RedisListTests" time="0.001">
    <error message="Could not connect; nested exception is redis.client.RedisException: Could not connect" type="org.springframework.data.redis.RedisConnectionFailureException">org.springframework.data.redis.RedisConnectionFailureException: Could not connect; nested exception is redis.client.RedisException: Could not connect
Caused by: redis.client.RedisException: Could not connect
Caused by: java.net.ConnectException: Conexão recusada
</error>
  </testcase>
  <testcase name="testDescendingIterator[20]" classname="org.springframework.data.redis.support.collections.RedisListTests" time="0">
    <error message="Could not connect; nested exception is redis.client.RedisException: Could not connect" type="org.springframework.data.redis.RedisConnectionFailureException">org.springframework.data.redis.RedisConnectionFailureException: Could not connect; nested exception is redis.client.RedisException: Could not connect
Caused by: redis.client.RedisException: Could not connect
Caused by: java.net.ConnectException: Conexão recusada
</error>
  </testcase>
  <testcase name="testDescendingIterator[20]" classname="org.springframework.data.redis.support.collections.RedisListTests" time="0.001">
    <error message="Could not connect; nested exception is redis.client.RedisException: Could not connect" type="org.springframework.data.redis.RedisConnectionFailureException">org.springframework.data.redis.RedisConnectionFailureException: Could not connect; nested exception is redis.client.RedisException: Could not connect
Caused by: redis.client.RedisException: Could not connect
Caused by: java.net.ConnectException: Conexão recusada
</error>
  </testcase>
  <testcase name="testAddFirst[20]" classname="org.springframework.data.redis.support.collections.RedisListTests" time="0">
    <error message="Could not connect; nested exception is redis.client.RedisException: Could not connect" type="org.springframework.data.redis.RedisConnectionFailureException">org.springframework.data.redis.RedisConnectionFailureException: Could not connect; nested exception is redis.client.RedisException: Could not connect
Caused by: redis.client.RedisException: Could not connect
Caused by: java.net.ConnectException: Conexão recusada
</error>
  </testcase>
  <testcase name="testAddFirst[20]" classname="org.springframework.data.redis.support.collections.RedisListTests" time="0">
    <error message="Could not connect; nested exception is redis.client.RedisException: Could not connect" type="org.springframework.data.redis.RedisConnectionFailureException">org.springframework.data.redis.RedisConnectionFailureException: Could not connect; nested exception is redis.client.RedisException: Could not connect
Caused by: redis.client.RedisException: Could not connect
Caused by: java.net.ConnectException: Conexão recusada
</error>
  </testcase>
  <testcase name="testDrainToCollectionWithMaxElements[20]" classname="org.springframework.data.redis.support.collections.RedisListTests" time="0.001">
    <error message="Could not connect; nested exception is redis.client.RedisException: Could not connect" type="org.springframework.data.redis.RedisConnectionFailureException">org.springframework.data.redis.RedisConnectionFailureException: Could not connect; nested exception is redis.client.RedisException: Could not connect
Caused by: redis.client.RedisException: Could not connect
Caused by: java.net.ConnectException: Conexão recusada
</error>
  </testcase>
  <testcase name="testDrainToCollectionWithMaxElements[20]" classname="org.springframework.data.redis.support.collections.RedisListTests" time="0.001">
    <error message="Could not connect; nested exception is redis.client.RedisException: Could not connect" type="org.springframework.data.redis.RedisConnectionFailureException">org.springframework.data.redis.RedisConnectionFailureException: Could not connect; nested exception is redis.client.RedisException: Could not connect
Caused by: redis.client.RedisException: Could not connect
Caused by: java.net.ConnectException: Conexão recusada
</error>
  </testcase>
  <testcase name="testTakeLast[20]" classname="org.springframework.data.redis.support.collections.RedisListTests" time="0">
    <error message="Could not connect; nested exception is redis.client.RedisException: Could not connect" type="org.springframework.data.redis.RedisConnectionFailureException">org.springframework.data.redis.RedisConnectionFailureException: Could not connect; nested exception is redis.client.RedisException: Could not connect
Caused by: redis.client.RedisException: Could not connect
Caused by: java.net.ConnectException: Conexão recusada
</error>
  </testcase>
  <testcase name="testTakeLast[20]" classname="org.springframework.data.redis.support.collections.RedisListTests" time="0">
    <error message="Could not connect; nested exception is redis.client.RedisException: Could not connect" type="org.springframework.data.redis.RedisConnectionFailureException">org.springframework.data.redis.RedisConnectionFailureException: Could not connect; nested exception is redis.client.RedisException: Could not connect
Caused by: redis.client.RedisException: Could not connect
Caused by: java.net.ConnectException: Conexão recusada
</error>
  </testcase>
  <testcase name="testRemainingCapacity[20]" classname="org.springframework.data.redis.support.collections.RedisListTests" time="0.001">
    <error message="Could not connect; nested exception is redis.client.RedisException: Could not connect" type="org.springframework.data.redis.RedisConnectionFailureException">org.springframework.data.redis.RedisConnectionFailureException: Could not connect; nested exception is redis.client.RedisException: Could not connect
Caused by: redis.client.RedisException: Could not connect
Caused by: java.net.ConnectException: Conexão recusada
</error>
  </testcase>
  <testcase name="testRemoveLast[20]" classname="org.springframework.data.redis.support.collections.RedisListTests" time="0">
    <error message="Could not connect; nested exception is redis.client.RedisException: Could not connect" type="org.springframework.data.redis.RedisConnectionFailureException">org.springframework.data.redis.RedisConnectionFailureException: Could not connect; nested exception is redis.client.RedisException: Could not connect
Caused by: redis.client.RedisException: Could not connect
Caused by: java.net.ConnectException: Conexão recusada
</error>
  </testcase>
  <testcase name="testRemoveLast[20]" classname="org.springframework.data.redis.support.collections.RedisListTests" time="0">
    <error message="Could not connect; nested exception is redis.client.RedisException: Could not connect" type="org.springframework.data.redis.RedisConnectionFailureException">org.springframework.data.redis.RedisConnectionFailureException: Could not connect; nested exception is redis.client.RedisException: Could not connect
Caused by: redis.client.RedisException: Could not connect
Caused by: java.net.ConnectException: Conexão recusada
</error>
  </testcase>
  <testcase name="testAddIndexObjectHead[20]" classname="org.springframework.data.redis.support.collections.RedisListTests" time="0.001">
    <error message="Could not connect; nested exception is redis.client.RedisException: Could not connect" type="org.springframework.data.redis.RedisConnectionFailureException">org.springframework.data.redis.RedisConnectionFailureException: Could not connect; nested exception is redis.client.RedisException: Could not connect
Caused by: redis.client.RedisException: Could not connect
Caused by: java.net.ConnectException: Conexão recusada
</error>
  </testcase>
  <testcase name="testAddIndexObjectHead[20]" classname="org.springframework.data.redis.support.collections.RedisListTests" time="0.001">
    <error message="Could not connect; nested exception is redis.client.RedisException: Could not connect" type="org.springframework.data.redis.RedisConnectionFailureException">org.springframework.data.redis.RedisConnectionFailureException: Could not connect; nested exception is redis.client.RedisException: Could not connect
Caused by: redis.client.RedisException: Could not connect
Caused by: java.net.ConnectException: Conexão recusada
</error>
  </testcase>
  <testcase name="testAddIndexObjectTail[20]" classname="org.springframework.data.redis.support.collections.RedisListTests" time="0">
    <error message="Could not connect; nested exception is redis.client.RedisException: Could not connect" type="org.springframework.data.redis.RedisConnectionFailureException">org.springframework.data.redis.RedisConnectionFailureException: Could not connect; nested exception is redis.client.RedisException: Could not connect
Caused by: redis.client.RedisException: Could not connect
Caused by: java.net.ConnectException: Conexão recusada
</error>
  </testcase>
  <testcase name="testAddIndexObjectTail[20]" classname="org.springframework.data.redis.support.collections.RedisListTests" time="0.001">
    <error message="Could not connect; nested exception is redis.client.RedisException: Could not connect" type="org.springframework.data.redis.RedisConnectionFailureException">org.springframework.data.redis.RedisConnectionFailureException: Could not connect; nested exception is redis.client.RedisException: Could not connect
Caused by: redis.client.RedisException: Could not connect
Caused by: java.net.ConnectException: Conexão recusada
</error>
  </testcase>
  <testcase name="testPollFirst[20]" classname="org.springframework.data.redis.support.collections.RedisListTests" time="0">
    <error message="Could not connect; nested exception is redis.client.RedisException: Could not connect" type="org.springframework.data.redis.RedisConnectionFailureException">org.springframework.data.redis.RedisConnectionFailureException: Could not connect; nested exception is redis.client.RedisException: Could not connect
Caused by: redis.client.RedisException: Could not connect
Caused by: java.net.ConnectException: Conexão recusada
</error>
  </testcase>
  <testcase name="testPollFirst[20]" classname="org.springframework.data.redis.support.collections.RedisListTests" time="0">
    <error message="Could not connect; nested exception is redis.client.RedisException: Could not connect" type="org.springframework.data.redis.RedisConnectionFailureException">org.springframework.data.redis.RedisConnectionFailureException: Could not connect; nested exception is redis.client.RedisException: Could not connect
Caused by: redis.client.RedisException: Could not connect
Caused by: java.net.ConnectException: Conexão recusada
</error>
  </testcase>
  <testcase name="testAddIndexObjectMiddle[20]" classname="org.springframework.data.redis.support.collections.RedisListTests" time="0.001">
    <error message="Unexpected exception, expected&lt;java.lang.IllegalArgumentException&gt; but was&lt;org.springframework.data.redis.RedisConnectionFailureException&gt;" type="java.lang.Exception"><![CDATA[java.lang.Exception: Unexpected exception, expected<java.lang.IllegalArgumentException> but was<org.springframework.data.redis.RedisConnectionFailureException>
Caused by: org.springframework.data.redis.RedisConnectionFailureException: Could not connect; nested exception is redis.client.RedisException: Could not connect
Caused by: redis.client.RedisException: Could not connect
Caused by: java.net.ConnectException: Conexão recusada
]]></error>
  </testcase>
  <testcase name="testAddIndexObjectMiddle[20]" classname="org.springframework.data.redis.support.collections.RedisListTests" time="0.001">
    <error message="Could not connect; nested exception is redis.client.RedisException: Could not connect" type="org.springframework.data.redis.RedisConnectionFailureException">org.springframework.data.redis.RedisConnectionFailureException: Could not connect; nested exception is redis.client.RedisException: Could not connect
Caused by: redis.client.RedisException: Could not connect
Caused by: java.net.ConnectException: Conexão recusada
</error>
  </testcase>
  <testcase name="testPeekLast[20]" classname="org.springframework.data.redis.support.collections.RedisListTests" time="0.005">
    <error message="Could not connect; nested exception is redis.client.RedisException: Could not connect" type="org.springframework.data.redis.RedisConnectionFailureException">org.springframework.data.redis.RedisConnectionFailureException: Could not connect; nested exception is redis.client.RedisException: Could not connect
Caused by: redis.client.RedisException: Could not connect
Caused by: java.net.ConnectException: Conexão recusada
</error>
  </testcase>
  <testcase name="testPeekLast[20]" classname="org.springframework.data.redis.support.collections.RedisListTests" time="0.005">
    <error message="Could not connect; nested exception is redis.client.RedisException: Could not connect" type="org.springframework.data.redis.RedisConnectionFailureException">org.springframework.data.redis.RedisConnectionFailureException: Could not connect; nested exception is redis.client.RedisException: Could not connect
Caused by: redis.client.RedisException: Could not connect
Caused by: java.net.ConnectException: Conexão recusada
</error>
  </testcase>
  <testcase name="testRemoveFirstOccurrence[20]" classname="org.springframework.data.redis.support.collections.RedisListTests" time="0">
    <error message="Could not connect; nested exception is redis.client.RedisException: Could not connect" type="org.springframework.data.redis.RedisConnectionFailureException">org.springframework.data.redis.RedisConnectionFailureException: Could not connect; nested exception is redis.client.RedisException: Could not connect
Caused by: redis.client.RedisException: Could not connect
Caused by: java.net.ConnectException: Conexão recusada
</error>
  </testcase>
  <testcase name="testRemoveFirstOccurrence[20]" classname="org.springframework.data.redis.support.collections.RedisListTests" time="0">
    <error message="Could not connect; nested exception is redis.client.RedisException: Could not connect" type="org.springframework.data.redis.RedisConnectionFailureException">org.springframework.data.redis.RedisConnectionFailureException: Could not connect; nested exception is redis.client.RedisException: Could not connect
Caused by: redis.client.RedisException: Could not connect
Caused by: java.net.ConnectException: Conexão recusada
</error>
  </testcase>
  <testcase name="addAllIndexCollectionHead[20]" classname="org.springframework.data.redis.support.collections.RedisListTests" time="0.001">
    <error message="Could not connect; nested exception is redis.client.RedisException: Could not connect" type="org.springframework.data.redis.RedisConnectionFailureException">org.springframework.data.redis.RedisConnectionFailureException: Could not connect; nested exception is redis.client.RedisException: Could not connect
Caused by: redis.client.RedisException: Could not connect
Caused by: java.net.ConnectException: Conexão recusada
</error>
  </testcase>
  <testcase name="addAllIndexCollectionHead[20]" classname="org.springframework.data.redis.support.collections.RedisListTests" time="0.001">
    <error message="Could not connect; nested exception is redis.client.RedisException: Could not connect" type="org.springframework.data.redis.RedisConnectionFailureException">org.springframework.data.redis.RedisConnectionFailureException: Could not connect; nested exception is redis.client.RedisException: Could not connect
Caused by: redis.client.RedisException: Could not connect
Caused by: java.net.ConnectException: Conexão recusada
</error>
  </testcase>
  <testcase name="addAllIndexCollectionTail[20]" classname="org.springframework.data.redis.support.collections.RedisListTests" time="0">
    <error message="Could not connect; nested exception is redis.client.RedisException: Could not connect" type="org.springframework.data.redis.RedisConnectionFailureException">org.springframework.data.redis.RedisConnectionFailureException: Could not connect; nested exception is redis.client.RedisException: Could not connect
Caused by: redis.client.RedisException: Could not connect
Caused by: java.net.ConnectException: Conexão recusada
</error>
  </testcase>
  <testcase name="addAllIndexCollectionTail[20]" classname="org.springframework.data.redis.support.collections.RedisListTests" time="0">
    <error message="Could not connect; nested exception is redis.client.RedisException: Could not connect" type="org.springframework.data.redis.RedisConnectionFailureException">org.springframework.data.redis.RedisConnectionFailureException: Could not connect; nested exception is redis.client.RedisException: Could not connect
Caused by: redis.client.RedisException: Could not connect
Caused by: java.net.ConnectException: Conexão recusada
</error>
  </testcase>
  <testcase name="addAllIndexCollectionMiddle[20]" classname="org.springframework.data.redis.support.collections.RedisListTests" time="0">
    <error message="Unexpected exception, expected&lt;java.lang.IllegalArgumentException&gt; but was&lt;org.springframework.data.redis.RedisConnectionFailureException&gt;" type="java.lang.Exception"><![CDATA[java.lang.Exception: Unexpected exception, expected<java.lang.IllegalArgumentException> but was<org.springframework.data.redis.RedisConnectionFailureException>
Caused by: org.springframework.data.redis.RedisConnectionFailureException: Could not connect; nested exception is redis.client.RedisException: Could not connect
Caused by: redis.client.RedisException: Could not connect
Caused by: java.net.ConnectException: Conexão recusada
]]></error>
  </testcase>
  <testcase name="addAllIndexCollectionMiddle[20]" classname="org.springframework.data.redis.support.collections.RedisListTests" time="0">
    <error message="Could not connect; nested exception is redis.client.RedisException: Could not connect" type="org.springframework.data.redis.RedisConnectionFailureException">org.springframework.data.redis.RedisConnectionFailureException: Could not connect; nested exception is redis.client.RedisException: Could not connect
Caused by: redis.client.RedisException: Could not connect
Caused by: java.net.ConnectException: Conexão recusada
</error>
  </testcase>
  <testcase name="testPollLast[20]" classname="org.springframework.data.redis.support.collections.RedisListTests" time="0">
    <error message="Could not connect; nested exception is redis.client.RedisException: Could not connect" type="org.springframework.data.redis.RedisConnectionFailureException">org.springframework.data.redis.RedisConnectionFailureException: Could not connect; nested exception is redis.client.RedisException: Could not connect
Caused by: redis.client.RedisException: Could not connect
Caused by: java.net.ConnectException: Conexão recusada
</error>
  </testcase>
  <testcase name="testPollLast[20]" classname="org.springframework.data.redis.support.collections.RedisListTests" time="0">
    <error message="Could not connect; nested exception is redis.client.RedisException: Could not connect" type="org.springframework.data.redis.RedisConnectionFailureException">org.springframework.data.redis.RedisConnectionFailureException: Could not connect; nested exception is redis.client.RedisException: Could not connect
Caused by: redis.client.RedisException: Could not connect
Caused by: java.net.ConnectException: Conexão recusada
</error>
  </testcase>
  <testcase name="testIndexOfObject[20]" classname="org.springframework.data.redis.support.collections.RedisListTests" time="0">
    <error message="Could not connect; nested exception is redis.client.RedisException: Could not connect" type="org.springframework.data.redis.RedisConnectionFailureException">org.springframework.data.redis.RedisConnectionFailureException: Could not connect; nested exception is redis.client.RedisException: Could not connect
Caused by: redis.client.RedisException: Could not connect
Caused by: java.net.ConnectException: Conexão recusada
</error>
  </testcase>
  <testcase name="testPollTimeout[20]" classname="org.springframework.data.redis.support.collections.RedisListTests" time="0">
    <error message="Could not connect; nested exception is redis.client.RedisException: Could not connect" type="org.springframework.data.redis.RedisConnectionFailureException">org.springframework.data.redis.RedisConnectionFailureException: Could not connect; nested exception is redis.client.RedisException: Could not connect
Caused by: redis.client.RedisException: Could not connect
Caused by: java.net.ConnectException: Conexão recusada
</error>
  </testcase>
  <testcase name="testPollTimeout[20]" classname="org.springframework.data.redis.support.collections.RedisListTests" time="0">
    <error message="Could not connect; nested exception is redis.client.RedisException: Could not connect" type="org.springframework.data.redis.RedisConnectionFailureException">org.springframework.data.redis.RedisConnectionFailureException: Could not connect; nested exception is redis.client.RedisException: Could not connect
Caused by: redis.client.RedisException: Could not connect
Caused by: java.net.ConnectException: Conexão recusada
</error>
  </testcase>
  <testcase name="testRemove[20]" classname="org.springframework.data.redis.support.collections.RedisListTests" time="0">
    <error message="Could not connect; nested exception is redis.client.RedisException: Could not connect" type="org.springframework.data.redis.RedisConnectionFailureException">org.springframework.data.redis.RedisConnectionFailureException: Could not connect; nested exception is redis.client.RedisException: Could not connect
Caused by: redis.client.RedisException: Could not connect
Caused by: java.net.ConnectException: Conexão recusada
</error>
  </testcase>
  <testcase name="testRemove[20]" classname="org.springframework.data.redis.support.collections.RedisListTests" time="0">
    <error message="Could not connect; nested exception is redis.client.RedisException: Could not connect" type="org.springframework.data.redis.RedisConnectionFailureException">org.springframework.data.redis.RedisConnectionFailureException: Could not connect; nested exception is redis.client.RedisException: Could not connect
Caused by: redis.client.RedisException: Could not connect
Caused by: java.net.ConnectException: Conexão recusada
</error>
  </testcase>
  <testcase name="testCappedCollection[20]" classname="org.springframework.data.redis.support.collections.RedisListTests" time="0">
    <error message="Could not connect; nested exception is redis.client.RedisException: Could not connect" type="org.springframework.data.redis.RedisConnectionFailureException">org.springframework.data.redis.RedisConnectionFailureException: Could not connect; nested exception is redis.client.RedisException: Could not connect
Caused by: redis.client.RedisException: Could not connect
Caused by: java.net.ConnectException: Conexão recusada
</error>
  </testcase>
  <testcase name="testCappedCollection[20]" classname="org.springframework.data.redis.support.collections.RedisListTests" time="0.001">
    <error message="Could not connect; nested exception is redis.client.RedisException: Could not connect" type="org.springframework.data.redis.RedisConnectionFailureException">org.springframework.data.redis.RedisConnectionFailureException: Could not connect; nested exception is redis.client.RedisException: Could not connect
Caused by: redis.client.RedisException: Could not connect
Caused by: java.net.ConnectException: Conexão recusada
</error>
  </testcase>
  <testcase name="testRmoveLastOccurrence[20]" classname="org.springframework.data.redis.support.collections.RedisListTests" time="0">
    <error message="Could not connect; nested exception is redis.client.RedisException: Could not connect" type="org.springframework.data.redis.RedisConnectionFailureException">org.springframework.data.redis.RedisConnectionFailureException: Could not connect; nested exception is redis.client.RedisException: Could not connect
Caused by: redis.client.RedisException: Could not connect
Caused by: java.net.ConnectException: Conexão recusada
</error>
  </testcase>
  <testcase name="testRmoveLastOccurrence[20]" classname="org.springframework.data.redis.support.collections.RedisListTests" time="0">
    <error message="Could not connect; nested exception is redis.client.RedisException: Could not connect" type="org.springframework.data.redis.RedisConnectionFailureException">org.springframework.data.redis.RedisConnectionFailureException: Could not connect; nested exception is redis.client.RedisException: Could not connect
Caused by: redis.client.RedisException: Could not connect
Caused by: java.net.ConnectException: Conexão recusada
</error>
  </testcase>
  <testcase name="testTakeFirst[20]" classname="org.springframework.data.redis.support.collections.RedisListTests" time="0">
    <error message="Could not connect; nested exception is redis.client.RedisException: Could not connect" type="org.springframework.data.redis.RedisConnectionFailureException">org.springframework.data.redis.RedisConnectionFailureException: Could not connect; nested exception is redis.client.RedisException: Could not connect
Caused by: redis.client.RedisException: Could not connect
Caused by: java.net.ConnectException: Conexão recusada
</error>
  </testcase>
  <testcase name="testTakeFirst[20]" classname="org.springframework.data.redis.support.collections.RedisListTests" time="0">
    <error message="Could not connect; nested exception is redis.client.RedisException: Could not connect" type="org.springframework.data.redis.RedisConnectionFailureException">org.springframework.data.redis.RedisConnectionFailureException: Could not connect; nested exception is redis.client.RedisException: Could not connect
Caused by: redis.client.RedisException: Could not connect
Caused by: java.net.ConnectException: Conexão recusada
</error>
  </testcase>
  <testcase name="testContainsObject[20]" classname="org.springframework.data.redis.support.collections.RedisListTests" time="0">
    <error message="Could not connect; nested exception is redis.client.RedisException: Could not connect" type="org.springframework.data.redis.RedisConnectionFailureException">org.springframework.data.redis.RedisConnectionFailureException: Could not connect; nested exception is redis.client.RedisException: Could not connect
Caused by: redis.client.RedisException: Could not connect
Caused by: java.net.ConnectException: Conexão recusada
</error>
  </testcase>
  <testcase name="testContainsObject[20]" classname="org.springframework.data.redis.support.collections.RedisListTests" time="0">
    <error message="Could not connect; nested exception is redis.client.RedisException: Could not connect" type="org.springframework.data.redis.RedisConnectionFailureException">org.springframework.data.redis.RedisConnectionFailureException: Could not connect; nested exception is redis.client.RedisException: Could not connect
Caused by: redis.client.RedisException: Could not connect
Caused by: java.net.ConnectException: Conexão recusada
</error>
  </testcase>
  <testcase name="testToArray[20]" classname="org.springframework.data.redis.support.collections.RedisListTests" time="0">
    <error message="Could not connect; nested exception is redis.client.RedisException: Could not connect" type="org.springframework.data.redis.RedisConnectionFailureException">org.springframework.data.redis.RedisConnectionFailureException: Could not connect; nested exception is redis.client.RedisException: Could not connect
Caused by: redis.client.RedisException: Could not connect
Caused by: java.net.ConnectException: Conexão recusada
</error>
  </testcase>
  <testcase name="testToArray[20]" classname="org.springframework.data.redis.support.collections.RedisListTests" time="0">
    <error message="Could not connect; nested exception is redis.client.RedisException: Could not connect" type="org.springframework.data.redis.RedisConnectionFailureException">org.springframework.data.redis.RedisConnectionFailureException: Could not connect; nested exception is redis.client.RedisException: Could not connect
Caused by: redis.client.RedisException: Could not connect
Caused by: java.net.ConnectException: Conexão recusada
</error>
  </testcase>
  <testcase name="testAdd[20]" classname="org.springframework.data.redis.support.collections.RedisListTests" time="0">
    <error message="Could not connect; nested exception is redis.client.RedisException: Could not connect" type="org.springframework.data.redis.RedisConnectionFailureException">org.springframework.data.redis.RedisConnectionFailureException: Could not connect; nested exception is redis.client.RedisException: Could not connect
Caused by: redis.client.RedisException: Could not connect
Caused by: java.net.ConnectException: Conexão recusada
</error>
  </testcase>
  <testcase name="testAdd[20]" classname="org.springframework.data.redis.support.collections.RedisListTests" time="0">
    <error message="Could not connect; nested exception is redis.client.RedisException: Could not connect" type="org.springframework.data.redis.RedisConnectionFailureException">org.springframework.data.redis.RedisConnectionFailureException: Could not connect; nested exception is redis.client.RedisException: Could not connect
Caused by: redis.client.RedisException: Could not connect
Caused by: java.net.ConnectException: Conexão recusada
</error>
  </testcase>
  <testcase name="testClear[20]" classname="org.springframework.data.redis.support.collections.RedisListTests" time="0">
    <error message="Could not connect; nested exception is redis.client.RedisException: Could not connect" type="org.springframework.data.redis.RedisConnectionFailureException">org.springframework.data.redis.RedisConnectionFailureException: Could not connect; nested exception is redis.client.RedisException: Could not connect
Caused by: redis.client.RedisException: Could not connect
Caused by: java.net.ConnectException: Conexão recusada
</error>
  </testcase>
  <testcase name="testClear[20]" classname="org.springframework.data.redis.support.collections.RedisListTests" time="0">
    <error message="Could not connect; nested exception is redis.client.RedisException: Could not connect" type="org.springframework.data.redis.RedisConnectionFailureException">org.springframework.data.redis.RedisConnectionFailureException: Could not connect; nested exception is redis.client.RedisException: Could not connect
Caused by: redis.client.RedisException: Could not connect
Caused by: java.net.ConnectException: Conexão recusada
</error>
  </testcase>
  <testcase name="testSize[20]" classname="org.springframework.data.redis.support.collections.RedisListTests" time="0.002">
    <error message="Could not connect; nested exception is redis.client.RedisException: Could not connect" type="org.springframework.data.redis.RedisConnectionFailureException">org.springframework.data.redis.RedisConnectionFailureException: Could not connect; nested exception is redis.client.RedisException: Could not connect
Caused by: redis.client.RedisException: Could not connect
Caused by: java.net.ConnectException: Conexão recusada
</error>
  </testcase>
  <testcase name="testSize[20]" classname="org.springframework.data.redis.support.collections.RedisListTests" time="0.002">
    <error message="Could not connect; nested exception is redis.client.RedisException: Could not connect" type="org.springframework.data.redis.RedisConnectionFailureException">org.springframework.data.redis.RedisConnectionFailureException: Could not connect; nested exception is redis.client.RedisException: Could not connect
Caused by: redis.client.RedisException: Could not connect
Caused by: java.net.ConnectException: Conexão recusada
</error>
  </testcase>
  <testcase name="testToString[20]" classname="org.springframework.data.redis.support.collections.RedisListTests" time="0">
    <error message="Could not connect; nested exception is redis.client.RedisException: Could not connect" type="org.springframework.data.redis.RedisConnectionFailureException">org.springframework.data.redis.RedisConnectionFailureException: Could not connect; nested exception is redis.client.RedisException: Could not connect
Caused by: redis.client.RedisException: Could not connect
Caused by: java.net.ConnectException: Conexão recusada
</error>
  </testcase>
  <testcase name="testToString[20]" classname="org.springframework.data.redis.support.collections.RedisListTests" time="0">
    <error message="Could not connect; nested exception is redis.client.RedisException: Could not connect" type="org.springframework.data.redis.RedisConnectionFailureException">org.springframework.data.redis.RedisConnectionFailureException: Could not connect; nested exception is redis.client.RedisException: Could not connect
Caused by: redis.client.RedisException: Could not connect
Caused by: java.net.ConnectException: Conexão recusada
</error>
  </testcase>
  <testcase name="testContainsAll[20]" classname="org.springframework.data.redis.support.collections.RedisListTests" time="0">
    <error message="Could not connect; nested exception is redis.client.RedisException: Could not connect" type="org.springframework.data.redis.RedisConnectionFailureException">org.springframework.data.redis.RedisConnectionFailureException: Could not connect; nested exception is redis.client.RedisException: Could not connect
Caused by: redis.client.RedisException: Could not connect
Caused by: java.net.ConnectException: Conexão recusada
</error>
  </testcase>
  <testcase name="testContainsAll[20]" classname="org.springframework.data.redis.support.collections.RedisListTests" time="0">
    <error message="Could not connect; nested exception is redis.client.RedisException: Could not connect" type="org.springframework.data.redis.RedisConnectionFailureException">org.springframework.data.redis.RedisConnectionFailureException: Could not connect; nested exception is redis.client.RedisException: Could not connect
Caused by: redis.client.RedisException: Could not connect
Caused by: java.net.ConnectException: Conexão recusada
</error>
  </testcase>
  <testcase name="testRemoveObject[20]" classname="org.springframework.data.redis.support.collections.RedisListTests" time="0.004">
    <error message="Could not connect; nested exception is redis.client.RedisException: Could not connect" type="org.springframework.data.redis.RedisConnectionFailureException">org.springframework.data.redis.RedisConnectionFailureException: Could not connect; nested exception is redis.client.RedisException: Could not connect
Caused by: redis.client.RedisException: Could not connect
Caused by: java.net.ConnectException: Conexão recusada
</error>
  </testcase>
  <testcase name="testRemoveObject[20]" classname="org.springframework.data.redis.support.collections.RedisListTests" time="0.004">
    <error message="Could not connect; nested exception is redis.client.RedisException: Could not connect" type="org.springframework.data.redis.RedisConnectionFailureException">org.springframework.data.redis.RedisConnectionFailureException: Could not connect; nested exception is redis.client.RedisException: Could not connect
Caused by: redis.client.RedisException: Could not connect
Caused by: java.net.ConnectException: Conexão recusada
</error>
  </testcase>
  <testcase name="testHashCode[20]" classname="org.springframework.data.redis.support.collections.RedisListTests" time="0">
    <error message="Could not connect; nested exception is redis.client.RedisException: Could not connect" type="org.springframework.data.redis.RedisConnectionFailureException">org.springframework.data.redis.RedisConnectionFailureException: Could not connect; nested exception is redis.client.RedisException: Could not connect
Caused by: redis.client.RedisException: Could not connect
Caused by: java.net.ConnectException: Conexão recusada
</error>
  </testcase>
  <testcase name="testAddAll[20]" classname="org.springframework.data.redis.support.collections.RedisListTests" time="0">
    <error message="Could not connect; nested exception is redis.client.RedisException: Could not connect" type="org.springframework.data.redis.RedisConnectionFailureException">org.springframework.data.redis.RedisConnectionFailureException: Could not connect; nested exception is redis.client.RedisException: Could not connect
Caused by: redis.client.RedisException: Could not connect
Caused by: java.net.ConnectException: Conexão recusada
</error>
  </testcase>
  <testcase name="testAddAll[20]" classname="org.springframework.data.redis.support.collections.RedisListTests" time="0">
    <error message="Could not connect; nested exception is redis.client.RedisException: Could not connect" type="org.springframework.data.redis.RedisConnectionFailureException">org.springframework.data.redis.RedisConnectionFailureException: Could not connect; nested exception is redis.client.RedisException: Could not connect
Caused by: redis.client.RedisException: Could not connect
Caused by: java.net.ConnectException: Conexão recusada
</error>
  </testcase>
  <testcase name="removeAll[20]" classname="org.springframework.data.redis.support.collections.RedisListTests" time="0">
    <error message="Could not connect; nested exception is redis.client.RedisException: Could not connect" type="org.springframework.data.redis.RedisConnectionFailureException">org.springframework.data.redis.RedisConnectionFailureException: Could not connect; nested exception is redis.client.RedisException: Could not connect
Caused by: redis.client.RedisException: Could not connect
Caused by: java.net.ConnectException: Conexão recusada
</error>
  </testcase>
  <testcase name="removeAll[20]" classname="org.springframework.data.redis.support.collections.RedisListTests" time="0">
    <error message="Could not connect; nested exception is redis.client.RedisException: Could not connect" type="org.springframework.data.redis.RedisConnectionFailureException">org.springframework.data.redis.RedisConnectionFailureException: Could not connect; nested exception is redis.client.RedisException: Could not connect
Caused by: redis.client.RedisException: Could not connect
Caused by: java.net.ConnectException: Conexão recusada
</error>
  </testcase>
  <testcase name="testEquals[20]" classname="org.springframework.data.redis.support.collections.RedisListTests" time="0">
    <error message="Could not connect; nested exception is redis.client.RedisException: Could not connect" type="org.springframework.data.redis.RedisConnectionFailureException">org.springframework.data.redis.RedisConnectionFailureException: Could not connect; nested exception is redis.client.RedisException: Could not connect
Caused by: redis.client.RedisException: Could not connect
Caused by: java.net.ConnectException: Conexão recusada
</error>
  </testcase>
  <testcase name="testGetKey[20]" classname="org.springframework.data.redis.support.collections.RedisListTests" time="0">
    <error message="Could not connect; nested exception is redis.client.RedisException: Could not connect" type="org.springframework.data.redis.RedisConnectionFailureException">org.springframework.data.redis.RedisConnectionFailureException: Could not connect; nested exception is redis.client.RedisException: Could not connect
Caused by: redis.client.RedisException: Could not connect
Caused by: java.net.ConnectException: Conexão recusada
</error>
  </testcase>
  <testcase name="testToArrayWithGenerics[20]" classname="org.springframework.data.redis.support.collections.RedisListTests" time="0">
    <error message="Could not connect; nested exception is redis.client.RedisException: Could not connect" type="org.springframework.data.redis.RedisConnectionFailureException">org.springframework.data.redis.RedisConnectionFailureException: Could not connect; nested exception is redis.client.RedisException: Could not connect
Caused by: redis.client.RedisException: Could not connect
Caused by: java.net.ConnectException: Conexão recusada
</error>
  </testcase>
  <testcase name="testToArrayWithGenerics[20]" classname="org.springframework.data.redis.support.collections.RedisListTests" time="0">
    <error message="Could not connect; nested exception is redis.client.RedisException: Could not connect" type="org.springframework.data.redis.RedisConnectionFailureException">org.springframework.data.redis.RedisConnectionFailureException: Could not connect; nested exception is redis.client.RedisException: Could not connect
Caused by: redis.client.RedisException: Could not connect
Caused by: java.net.ConnectException: Conexão recusada
</error>
  </testcase>
  <testcase name="testIsEmpty[20]" classname="org.springframework.data.redis.support.collections.RedisListTests" time="0">
    <error message="Could not connect; nested exception is redis.client.RedisException: Could not connect" type="org.springframework.data.redis.RedisConnectionFailureException">org.springframework.data.redis.RedisConnectionFailureException: Could not connect; nested exception is redis.client.RedisException: Could not connect
Caused by: redis.client.RedisException: Could not connect
Caused by: java.net.ConnectException: Conexão recusada
</error>
  </testcase>
  <testcase name="testIsEmpty[20]" classname="org.springframework.data.redis.support.collections.RedisListTests" time="0">
    <error message="Could not connect; nested exception is redis.client.RedisException: Could not connect" type="org.springframework.data.redis.RedisConnectionFailureException">org.springframework.data.redis.RedisConnectionFailureException: Could not connect; nested exception is redis.client.RedisException: Could not connect
Caused by: redis.client.RedisException: Could not connect
Caused by: java.net.ConnectException: Conexão recusada
</error>
  </testcase>
  <testcase name="testIterator[20]" classname="org.springframework.data.redis.support.collections.RedisListTests" time="0.001">
    <error message="Could not connect; nested exception is redis.client.RedisException: Could not connect" type="org.springframework.data.redis.RedisConnectionFailureException">org.springframework.data.redis.RedisConnectionFailureException: Could not connect; nested exception is redis.client.RedisException: Could not connect
Caused by: redis.client.RedisException: Could not connect
Caused by: java.net.ConnectException: Conexão recusada
</error>
  </testcase>
  <testcase name="testIterator[20]" classname="org.springframework.data.redis.support.collections.RedisListTests" time="0.001">
    <error message="Could not connect; nested exception is redis.client.RedisException: Could not connect" type="org.springframework.data.redis.RedisConnectionFailureException">org.springframework.data.redis.RedisConnectionFailureException: Could not connect; nested exception is redis.client.RedisException: Could not connect
Caused by: redis.client.RedisException: Could not connect
Caused by: java.net.ConnectException: Conexão recusada
</error>
  </testcase>
  <testcase name="testElement[21]" classname="org.springframework.data.redis.support.collections.RedisListTests" time="0.003">
    <error message="Could not connect; nested exception is redis.client.RedisException: Could not connect" type="org.springframework.data.redis.RedisConnectionFailureException">org.springframework.data.redis.RedisConnectionFailureException: Could not connect; nested exception is redis.client.RedisException: Could not connect
Caused by: redis.client.RedisException: Could not connect
Caused by: java.net.ConnectException: Conexão recusada
</error>
  </testcase>
  <testcase name="testElement[21]" classname="org.springframework.data.redis.support.collections.RedisListTests" time="0.003">
    <error message="Could not connect; nested exception is redis.client.RedisException: Could not connect" type="org.springframework.data.redis.RedisConnectionFailureException">org.springframework.data.redis.RedisConnectionFailureException: Could not connect; nested exception is redis.client.RedisException: Could not connect
Caused by: redis.client.RedisException: Could not connect
Caused by: java.net.ConnectException: Conexão recusada
</error>
  </testcase>
  <testcase name="testPutFirst[21]" classname="org.springframework.data.redis.support.collections.RedisListTests" time="0">
    <error message="Could not connect; nested exception is redis.client.RedisException: Could not connect" type="org.springframework.data.redis.RedisConnectionFailureException">org.springframework.data.redis.RedisConnectionFailureException: Could not connect; nested exception is redis.client.RedisException: Could not connect
Caused by: redis.client.RedisException: Could not connect
Caused by: java.net.ConnectException: Conexão recusada
</error>
  </testcase>
  <testcase name="testPutFirst[21]" classname="org.springframework.data.redis.support.collections.RedisListTests" time="0">
    <error message="Could not connect; nested exception is redis.client.RedisException: Could not connect" type="org.springframework.data.redis.RedisConnectionFailureException">org.springframework.data.redis.RedisConnectionFailureException: Could not connect; nested exception is redis.client.RedisException: Could not connect
Caused by: redis.client.RedisException: Could not connect
Caused by: java.net.ConnectException: Conexão recusada
</error>
  </testcase>
  <testcase name="testPollLastTimeout[21]" classname="org.springframework.data.redis.support.collections.RedisListTests" time="0">
    <error message="Could not connect; nested exception is redis.client.RedisException: Could not connect" type="org.springframework.data.redis.RedisConnectionFailureException">org.springframework.data.redis.RedisConnectionFailureException: Could not connect; nested exception is redis.client.RedisException: Could not connect
Caused by: redis.client.RedisException: Could not connect
Caused by: java.net.ConnectException: Conexão recusada
</error>
  </testcase>
  <testcase name="testPollLastTimeout[21]" classname="org.springframework.data.redis.support.collections.RedisListTests" time="0">
    <error message="Could not connect; nested exception is redis.client.RedisException: Could not connect" type="org.springframework.data.redis.RedisConnectionFailureException">org.springframework.data.redis.RedisConnectionFailureException: Could not connect; nested exception is redis.client.RedisException: Could not connect
Caused by: redis.client.RedisException: Could not connect
Caused by: java.net.ConnectException: Conexão recusada
</error>
  </testcase>
  <testcase name="testPeekFirst[21]" classname="org.springframework.data.redis.support.collections.RedisListTests" time="0">
    <error message="Could not connect; nested exception is redis.client.RedisException: Could not connect" type="org.springframework.data.redis.RedisConnectionFailureException">org.springframework.data.redis.RedisConnectionFailureException: Could not connect; nested exception is redis.client.RedisException: Could not connect
Caused by: redis.client.RedisException: Could not connect
Caused by: java.net.ConnectException: Conexão recusada
</error>
  </testcase>
  <testcase name="testPeekFirst[21]" classname="org.springframework.data.redis.support.collections.RedisListTests" time="0">
    <error message="Could not connect; nested exception is redis.client.RedisException: Could not connect" type="org.springframework.data.redis.RedisConnectionFailureException">org.springframework.data.redis.RedisConnectionFailureException: Could not connect; nested exception is redis.client.RedisException: Could not connect
Caused by: redis.client.RedisException: Could not connect
Caused by: java.net.ConnectException: Conexão recusada
</error>
  </testcase>
  <testcase name="testOfferLast[21]" classname="org.springframework.data.redis.support.collections.RedisListTests" time="0">
    <error message="Could not connect; nested exception is redis.client.RedisException: Could not connect" type="org.springframework.data.redis.RedisConnectionFailureException">org.springframework.data.redis.RedisConnectionFailureException: Could not connect; nested exception is redis.client.RedisException: Could not connect
Caused by: redis.client.RedisException: Could not connect
Caused by: java.net.ConnectException: Conexão recusada
</error>
  </testcase>
  <testcase name="testOfferLast[21]" classname="org.springframework.data.redis.support.collections.RedisListTests" time="0">
    <error message="Could not connect; nested exception is redis.client.RedisException: Could not connect" type="org.springframework.data.redis.RedisConnectionFailureException">org.springframework.data.redis.RedisConnectionFailureException: Could not connect; nested exception is redis.client.RedisException: Could not connect
Caused by: redis.client.RedisException: Could not connect
Caused by: java.net.ConnectException: Conexão recusada
</error>
  </testcase>
  <testcase name="testGetFirst[21]" classname="org.springframework.data.redis.support.collections.RedisListTests" time="0">
    <error message="Could not connect; nested exception is redis.client.RedisException: Could not connect" type="org.springframework.data.redis.RedisConnectionFailureException">org.springframework.data.redis.RedisConnectionFailureException: Could not connect; nested exception is redis.client.RedisException: Could not connect
Caused by: redis.client.RedisException: Could not connect
Caused by: java.net.ConnectException: Conexão recusada
</error>
  </testcase>
  <testcase name="testGetFirst[21]" classname="org.springframework.data.redis.support.collections.RedisListTests" time="0">
    <error message="Could not connect; nested exception is redis.client.RedisException: Could not connect" type="org.springframework.data.redis.RedisConnectionFailureException">org.springframework.data.redis.RedisConnectionFailureException: Could not connect; nested exception is redis.client.RedisException: Could not connect
Caused by: redis.client.RedisException: Could not connect
Caused by: java.net.ConnectException: Conexão recusada
</error>
  </testcase>
  <testcase name="testAddLast[21]" classname="org.springframework.data.redis.support.collections.RedisListTests" time="0.001">
    <error message="Could not connect; nested exception is redis.client.RedisException: Could not connect" type="org.springframework.data.redis.RedisConnectionFailureException">org.springframework.data.redis.RedisConnectionFailureException: Could not connect; nested exception is redis.client.RedisException: Could not connect
Caused by: redis.client.RedisException: Could not connect
Caused by: java.net.ConnectException: Conexão recusada
</error>
  </testcase>
  <testcase name="testAddLast[21]" classname="org.springframework.data.redis.support.collections.RedisListTests" time="0.001">
    <error message="Could not connect; nested exception is redis.client.RedisException: Could not connect" type="org.springframework.data.redis.RedisConnectionFailureException">org.springframework.data.redis.RedisConnectionFailureException: Could not connect; nested exception is redis.client.RedisException: Could not connect
Caused by: redis.client.RedisException: Could not connect
Caused by: java.net.ConnectException: Conexão recusada
</error>
  </testcase>
  <testcase name="testPop[21]" classname="org.springframework.data.redis.support.collections.RedisListTests" time="0">
    <error message="Could not connect; nested exception is redis.client.RedisException: Could not connect" type="org.springframework.data.redis.RedisConnectionFailureException">org.springframework.data.redis.RedisConnectionFailureException: Could not connect; nested exception is redis.client.RedisException: Could not connect
Caused by: redis.client.RedisException: Could not connect
Caused by: java.net.ConnectException: Conexão recusada
</error>
  </testcase>
  <testcase name="testPop[21]" classname="org.springframework.data.redis.support.collections.RedisListTests" time="0.003">
    <error message="Could not connect; nested exception is redis.client.RedisException: Could not connect" type="org.springframework.data.redis.RedisConnectionFailureException">org.springframework.data.redis.RedisConnectionFailureException: Could not connect; nested exception is redis.client.RedisException: Could not connect
Caused by: redis.client.RedisException: Could not connect
Caused by: java.net.ConnectException: Conexão recusada
</error>
  </testcase>
  <testcase name="testPut[21]" classname="org.springframework.data.redis.support.collections.RedisListTests" time="0">
    <error message="Could not connect; nested exception is redis.client.RedisException: Could not connect" type="org.springframework.data.redis.RedisConnectionFailureException">org.springframework.data.redis.RedisConnectionFailureException: Could not connect; nested exception is redis.client.RedisException: Could not connect
Caused by: redis.client.RedisException: Could not connect
Caused by: java.net.ConnectException: Conexão recusada
</error>
  </testcase>
  <testcase name="testPut[21]" classname="org.springframework.data.redis.support.collections.RedisListTests" time="0">
    <error message="Could not connect; nested exception is redis.client.RedisException: Could not connect" type="org.springframework.data.redis.RedisConnectionFailureException">org.springframework.data.redis.RedisConnectionFailureException: Could not connect; nested exception is redis.client.RedisException: Could not connect
Caused by: redis.client.RedisException: Could not connect
Caused by: java.net.ConnectException: Conexão recusada
</error>
  </testcase>
  <testcase name="testSet[21]" classname="org.springframework.data.redis.support.collections.RedisListTests" time="0">
    <error message="Could not connect; nested exception is redis.client.RedisException: Could not connect" type="org.springframework.data.redis.RedisConnectionFailureException">org.springframework.data.redis.RedisConnectionFailureException: Could not connect; nested exception is redis.client.RedisException: Could not connect
Caused by: redis.client.RedisException: Could not connect
Caused by: java.net.ConnectException: Conexão recusada
</error>
  </testcase>
  <testcase name="testSet[21]" classname="org.springframework.data.redis.support.collections.RedisListTests" time="0">
    <error message="Could not connect; nested exception is redis.client.RedisException: Could not connect" type="org.springframework.data.redis.RedisConnectionFailureException">org.springframework.data.redis.RedisConnectionFailureException: Could not connect; nested exception is redis.client.RedisException: Could not connect
Caused by: redis.client.RedisException: Could not connect
Caused by: java.net.ConnectException: Conexão recusada
</error>
  </testcase>
  <testcase name="testOffer[21]" classname="org.springframework.data.redis.support.collections.RedisListTests" time="0">
    <error message="Could not connect; nested exception is redis.client.RedisException: Could not connect" type="org.springframework.data.redis.RedisConnectionFailureException">org.springframework.data.redis.RedisConnectionFailureException: Could not connect; nested exception is redis.client.RedisException: Could not connect
Caused by: redis.client.RedisException: Could not connect
Caused by: java.net.ConnectException: Conexão recusada
</error>
  </testcase>
  <testcase name="testOffer[21]" classname="org.springframework.data.redis.support.collections.RedisListTests" time="0">
    <error message="Could not connect; nested exception is redis.client.RedisException: Could not connect" type="org.springframework.data.redis.RedisConnectionFailureException">org.springframework.data.redis.RedisConnectionFailureException: Could not connect; nested exception is redis.client.RedisException: Could not connect
Caused by: redis.client.RedisException: Could not connect
Caused by: java.net.ConnectException: Conexão recusada
</error>
  </testcase>
  <testcase name="testRange[21]" classname="org.springframework.data.redis.support.collections.RedisListTests" time="0">
    <error message="Could not connect; nested exception is redis.client.RedisException: Could not connect" type="org.springframework.data.redis.RedisConnectionFailureException">org.springframework.data.redis.RedisConnectionFailureException: Could not connect; nested exception is redis.client.RedisException: Could not connect
Caused by: redis.client.RedisException: Could not connect
Caused by: java.net.ConnectException: Conexão recusada
</error>
  </testcase>
  <testcase name="testRange[21]" classname="org.springframework.data.redis.support.collections.RedisListTests" time="0">
    <error message="Could not connect; nested exception is redis.client.RedisException: Could not connect" type="org.springframework.data.redis.RedisConnectionFailureException">org.springframework.data.redis.RedisConnectionFailureException: Could not connect; nested exception is redis.client.RedisException: Could not connect
Caused by: redis.client.RedisException: Could not connect
Caused by: java.net.ConnectException: Conexão recusada
</error>
  </testcase>
  <testcase name="testLast[21]" classname="org.springframework.data.redis.support.collections.RedisListTests" time="0">
    <error message="Could not connect; nested exception is redis.client.RedisException: Could not connect" type="org.springframework.data.redis.RedisConnectionFailureException">org.springframework.data.redis.RedisConnectionFailureException: Could not connect; nested exception is redis.client.RedisException: Could not connect
Caused by: redis.client.RedisException: Could not connect
Caused by: java.net.ConnectException: Conexão recusada
</error>
  </testcase>
  <testcase name="testLast[21]" classname="org.springframework.data.redis.support.collections.RedisListTests" time="0.001">
    <error message="Could not connect; nested exception is redis.client.RedisException: Could not connect" type="org.springframework.data.redis.RedisConnectionFailureException">org.springframework.data.redis.RedisConnectionFailureException: Could not connect; nested exception is redis.client.RedisException: Could not connect
Caused by: redis.client.RedisException: Could not connect
Caused by: java.net.ConnectException: Conexão recusada
</error>
  </testcase>
  <testcase name="testPeek[21]" classname="org.springframework.data.redis.support.collections.RedisListTests" time="0">
    <error message="Could not connect; nested exception is redis.client.RedisException: Could not connect" type="org.springframework.data.redis.RedisConnectionFailureException">org.springframework.data.redis.RedisConnectionFailureException: Could not connect; nested exception is redis.client.RedisException: Could not connect
Caused by: redis.client.RedisException: Could not connect
Caused by: java.net.ConnectException: Conexão recusada
</error>
  </testcase>
  <testcase name="testPeek[21]" classname="org.springframework.data.redis.support.collections.RedisListTests" time="0">
    <error message="Could not connect; nested exception is redis.client.RedisException: Could not connect" type="org.springframework.data.redis.RedisConnectionFailureException">org.springframework.data.redis.RedisConnectionFailureException: Could not connect; nested exception is redis.client.RedisException: Could not connect
Caused by: redis.client.RedisException: Could not connect
Caused by: java.net.ConnectException: Conexão recusada
</error>
  </testcase>
  <testcase name="testPoll[21]" classname="org.springframework.data.redis.support.collections.RedisListTests" time="0">
    <error message="Could not connect; nested exception is redis.client.RedisException: Could not connect" type="org.springframework.data.redis.RedisConnectionFailureException">org.springframework.data.redis.RedisConnectionFailureException: Could not connect; nested exception is redis.client.RedisException: Could not connect
Caused by: redis.client.RedisException: Could not connect
Caused by: java.net.ConnectException: Conexão recusada
</error>
  </testcase>
  <testcase name="testPoll[21]" classname="org.springframework.data.redis.support.collections.RedisListTests" time="0">
    <error message="Could not connect; nested exception is redis.client.RedisException: Could not connect" type="org.springframework.data.redis.RedisConnectionFailureException">org.springframework.data.redis.RedisConnectionFailureException: Could not connect; nested exception is redis.client.RedisException: Could not connect
Caused by: redis.client.RedisException: Could not connect
Caused by: java.net.ConnectException: Conexão recusada
</error>
  </testcase>
  <testcase name="testTake[21]" classname="org.springframework.data.redis.support.collections.RedisListTests" time="0">
    <error message="Could not connect; nested exception is redis.client.RedisException: Could not connect" type="org.springframework.data.redis.RedisConnectionFailureException">org.springframework.data.redis.RedisConnectionFailureException: Could not connect; nested exception is redis.client.RedisException: Could not connect
Caused by: redis.client.RedisException: Could not connect
Caused by: java.net.ConnectException: Conexão recusada
</error>
  </testcase>
  <testcase name="testTake[21]" classname="org.springframework.data.redis.support.collections.RedisListTests" time="0.007">
    <error message="Could not connect; nested exception is redis.client.RedisException: Could not connect" type="org.springframework.data.redis.RedisConnectionFailureException">org.springframework.data.redis.RedisConnectionFailureException: Could not connect; nested exception is redis.client.RedisException: Could not connect
Caused by: redis.client.RedisException: Could not connect
Caused by: java.net.ConnectException: Conexão recusada
</error>
  </testcase>
  <testcase name="testTrim[21]" classname="org.springframework.data.redis.support.collections.RedisListTests" time="0">
    <error message="Could not connect; nested exception is redis.client.RedisException: Could not connect" type="org.springframework.data.redis.RedisConnectionFailureException">org.springframework.data.redis.RedisConnectionFailureException: Could not connect; nested exception is redis.client.RedisException: Could not connect
Caused by: redis.client.RedisException: Could not connect
Caused by: java.net.ConnectException: Conexão recusada
</error>
  </testcase>
  <testcase name="testTrim[21]" classname="org.springframework.data.redis.support.collections.RedisListTests" time="0">
    <error message="Could not connect; nested exception is redis.client.RedisException: Could not connect" type="org.springframework.data.redis.RedisConnectionFailureException">org.springframework.data.redis.RedisConnectionFailureException: Could not connect; nested exception is redis.client.RedisException: Could not connect
Caused by: redis.client.RedisException: Could not connect
Caused by: java.net.ConnectException: Conexão recusada
</error>
  </testcase>
  <testcase name="testDrainToCollection[21]" classname="org.springframework.data.redis.support.collections.RedisListTests" time="0">
    <error message="Could not connect; nested exception is redis.client.RedisException: Could not connect" type="org.springframework.data.redis.RedisConnectionFailureException">org.springframework.data.redis.RedisConnectionFailureException: Could not connect; nested exception is redis.client.RedisException: Could not connect
Caused by: redis.client.RedisException: Could not connect
Caused by: java.net.ConnectException: Conexão recusada
</error>
  </testcase>
  <testcase name="testDrainToCollection[21]" classname="org.springframework.data.redis.support.collections.RedisListTests" time="0">
    <error message="Could not connect; nested exception is redis.client.RedisException: Could not connect" type="org.springframework.data.redis.RedisConnectionFailureException">org.springframework.data.redis.RedisConnectionFailureException: Could not connect; nested exception is redis.client.RedisException: Could not connect
Caused by: redis.client.RedisException: Could not connect
Caused by: java.net.ConnectException: Conexão recusada
</error>
  </testcase>
  <testcase name="testRemoveFirst[21]" classname="org.springframework.data.redis.support.collections.RedisListTests" time="0.001">
    <error message="Could not connect; nested exception is redis.client.RedisException: Could not connect" type="org.springframework.data.redis.RedisConnectionFailureException">org.springframework.data.redis.RedisConnectionFailureException: Could not connect; nested exception is redis.client.RedisException: Could not connect
Caused by: redis.client.RedisException: Could not connect
Caused by: java.net.ConnectException: Conexão recusada
</error>
  </testcase>
  <testcase name="testRemoveFirst[21]" classname="org.springframework.data.redis.support.collections.RedisListTests" time="0.001">
    <error message="Could not connect; nested exception is redis.client.RedisException: Could not connect" type="org.springframework.data.redis.RedisConnectionFailureException">org.springframework.data.redis.RedisConnectionFailureException: Could not connect; nested exception is redis.client.RedisException: Could not connect
Caused by: redis.client.RedisException: Could not connect
Caused by: java.net.ConnectException: Conexão recusada
</error>
  </testcase>
  <testcase name="testRemoveIndex[21]" classname="org.springframework.data.redis.support.collections.RedisListTests" time="0">
    <error message="Could not connect; nested exception is redis.client.RedisException: Could not connect" type="org.springframework.data.redis.RedisConnectionFailureException">org.springframework.data.redis.RedisConnectionFailureException: Could not connect; nested exception is redis.client.RedisException: Could not connect
Caused by: redis.client.RedisException: Could not connect
Caused by: java.net.ConnectException: Conexão recusada
</error>
  </testcase>
  <testcase name="testPutLast[21]" classname="org.springframework.data.redis.support.collections.RedisListTests" time="0">
    <error message="Could not connect; nested exception is redis.client.RedisException: Could not connect" type="org.springframework.data.redis.RedisConnectionFailureException">org.springframework.data.redis.RedisConnectionFailureException: Could not connect; nested exception is redis.client.RedisException: Could not connect
Caused by: redis.client.RedisException: Could not connect
Caused by: java.net.ConnectException: Conexão recusada
</error>
  </testcase>
  <testcase name="testPutLast[21]" classname="org.springframework.data.redis.support.collections.RedisListTests" time="0">
    <error message="Could not connect; nested exception is redis.client.RedisException: Could not connect" type="org.springframework.data.redis.RedisConnectionFailureException">org.springframework.data.redis.RedisConnectionFailureException: Could not connect; nested exception is redis.client.RedisException: Could not connect
Caused by: redis.client.RedisException: Could not connect
Caused by: java.net.ConnectException: Conexão recusada
</error>
  </testcase>
  <testcase name="testOfferFirst[21]" classname="org.springframework.data.redis.support.collections.RedisListTests" time="0">
    <error message="Could not connect; nested exception is redis.client.RedisException: Could not connect" type="org.springframework.data.redis.RedisConnectionFailureException">org.springframework.data.redis.RedisConnectionFailureException: Could not connect; nested exception is redis.client.RedisException: Could not connect
Caused by: redis.client.RedisException: Could not connect
Caused by: java.net.ConnectException: Conexão recusada
</error>
  </testcase>
  <testcase name="testOfferFirst[21]" classname="org.springframework.data.redis.support.collections.RedisListTests" time="0">
    <error message="Could not connect; nested exception is redis.client.RedisException: Could not connect" type="org.springframework.data.redis.RedisConnectionFailureException">org.springframework.data.redis.RedisConnectionFailureException: Could not connect; nested exception is redis.client.RedisException: Could not connect
Caused by: redis.client.RedisException: Could not connect
Caused by: java.net.ConnectException: Conexão recusada
</error>
  </testcase>
  <testcase name="testDescendingIterator[21]" classname="org.springframework.data.redis.support.collections.RedisListTests" time="0">
    <error message="Could not connect; nested exception is redis.client.RedisException: Could not connect" type="org.springframework.data.redis.RedisConnectionFailureException">org.springframework.data.redis.RedisConnectionFailureException: Could not connect; nested exception is redis.client.RedisException: Could not connect
Caused by: redis.client.RedisException: Could not connect
Caused by: java.net.ConnectException: Conexão recusada
</error>
  </testcase>
  <testcase name="testDescendingIterator[21]" classname="org.springframework.data.redis.support.collections.RedisListTests" time="0">
    <error message="Could not connect; nested exception is redis.client.RedisException: Could not connect" type="org.springframework.data.redis.RedisConnectionFailureException">org.springframework.data.redis.RedisConnectionFailureException: Could not connect; nested exception is redis.client.RedisException: Could not connect
Caused by: redis.client.RedisException: Could not connect
Caused by: java.net.ConnectException: Conexão recusada
</error>
  </testcase>
  <testcase name="testAddFirst[21]" classname="org.springframework.data.redis.support.collections.RedisListTests" time="0">
    <error message="Could not connect; nested exception is redis.client.RedisException: Could not connect" type="org.springframework.data.redis.RedisConnectionFailureException">org.springframework.data.redis.RedisConnectionFailureException: Could not connect; nested exception is redis.client.RedisException: Could not connect
Caused by: redis.client.RedisException: Could not connect
Caused by: java.net.ConnectException: Conexão recusada
</error>
  </testcase>
  <testcase name="testAddFirst[21]" classname="org.springframework.data.redis.support.collections.RedisListTests" time="0">
    <error message="Could not connect; nested exception is redis.client.RedisException: Could not connect" type="org.springframework.data.redis.RedisConnectionFailureException">org.springframework.data.redis.RedisConnectionFailureException: Could not connect; nested exception is redis.client.RedisException: Could not connect
Caused by: redis.client.RedisException: Could not connect
Caused by: java.net.ConnectException: Conexão recusada
</error>
  </testcase>
  <testcase name="testDrainToCollectionWithMaxElements[21]" classname="org.springframework.data.redis.support.collections.RedisListTests" time="0">
    <error message="Could not connect; nested exception is redis.client.RedisException: Could not connect" type="org.springframework.data.redis.RedisConnectionFailureException">org.springframework.data.redis.RedisConnectionFailureException: Could not connect; nested exception is redis.client.RedisException: Could not connect
Caused by: redis.client.RedisException: Could not connect
Caused by: java.net.ConnectException: Conexão recusada
</error>
  </testcase>
  <testcase name="testDrainToCollectionWithMaxElements[21]" classname="org.springframework.data.redis.support.collections.RedisListTests" time="0">
    <error message="Could not connect; nested exception is redis.client.RedisException: Could not connect" type="org.springframework.data.redis.RedisConnectionFailureException">org.springframework.data.redis.RedisConnectionFailureException: Could not connect; nested exception is redis.client.RedisException: Could not connect
Caused by: redis.client.RedisException: Could not connect
Caused by: java.net.ConnectException: Conexão recusada
</error>
  </testcase>
  <testcase name="testTakeLast[21]" classname="org.springframework.data.redis.support.collections.RedisListTests" time="0">
    <error message="Could not connect; nested exception is redis.client.RedisException: Could not connect" type="org.springframework.data.redis.RedisConnectionFailureException">org.springframework.data.redis.RedisConnectionFailureException: Could not connect; nested exception is redis.client.RedisException: Could not connect
Caused by: redis.client.RedisException: Could not connect
Caused by: java.net.ConnectException: Conexão recusada
</error>
  </testcase>
  <testcase name="testTakeLast[21]" classname="org.springframework.data.redis.support.collections.RedisListTests" time="0">
    <error message="Could not connect; nested exception is redis.client.RedisException: Could not connect" type="org.springframework.data.redis.RedisConnectionFailureException">org.springframework.data.redis.RedisConnectionFailureException: Could not connect; nested exception is redis.client.RedisException: Could not connect
Caused by: redis.client.RedisException: Could not connect
Caused by: java.net.ConnectException: Conexão recusada
</error>
  </testcase>
  <testcase name="testRemainingCapacity[21]" classname="org.springframework.data.redis.support.collections.RedisListTests" time="0">
    <error message="Could not connect; nested exception is redis.client.RedisException: Could not connect" type="org.springframework.data.redis.RedisConnectionFailureException">org.springframework.data.redis.RedisConnectionFailureException: Could not connect; nested exception is redis.client.RedisException: Could not connect
Caused by: redis.client.RedisException: Could not connect
Caused by: java.net.ConnectException: Conexão recusada
</error>
  </testcase>
  <testcase name="testRemoveLast[21]" classname="org.springframework.data.redis.support.collections.RedisListTests" time="0">
    <error message="Could not connect; nested exception is redis.client.RedisException: Could not connect" type="org.springframework.data.redis.RedisConnectionFailureException">org.springframework.data.redis.RedisConnectionFailureException: Could not connect; nested exception is redis.client.RedisException: Could not connect
Caused by: redis.client.RedisException: Could not connect
Caused by: java.net.ConnectException: Conexão recusada
</error>
  </testcase>
  <testcase name="testRemoveLast[21]" classname="org.springframework.data.redis.support.collections.RedisListTests" time="0">
    <error message="Could not connect; nested exception is redis.client.RedisException: Could not connect" type="org.springframework.data.redis.RedisConnectionFailureException">org.springframework.data.redis.RedisConnectionFailureException: Could not connect; nested exception is redis.client.RedisException: Could not connect
Caused by: redis.client.RedisException: Could not connect
Caused by: java.net.ConnectException: Conexão recusada
</error>
  </testcase>
  <testcase name="testAddIndexObjectHead[21]" classname="org.springframework.data.redis.support.collections.RedisListTests" time="0">
    <error message="Could not connect; nested exception is redis.client.RedisException: Could not connect" type="org.springframework.data.redis.RedisConnectionFailureException">org.springframework.data.redis.RedisConnectionFailureException: Could not connect; nested exception is redis.client.RedisException: Could not connect
Caused by: redis.client.RedisException: Could not connect
Caused by: java.net.ConnectException: Conexão recusada
</error>
  </testcase>
  <testcase name="testAddIndexObjectHead[21]" classname="org.springframework.data.redis.support.collections.RedisListTests" time="0">
    <error message="Could not connect; nested exception is redis.client.RedisException: Could not connect" type="org.springframework.data.redis.RedisConnectionFailureException">org.springframework.data.redis.RedisConnectionFailureException: Could not connect; nested exception is redis.client.RedisException: Could not connect
Caused by: redis.client.RedisException: Could not connect
Caused by: java.net.ConnectException: Conexão recusada
</error>
  </testcase>
  <testcase name="testAddIndexObjectTail[21]" classname="org.springframework.data.redis.support.collections.RedisListTests" time="0">
    <error message="Could not connect; nested exception is redis.client.RedisException: Could not connect" type="org.springframework.data.redis.RedisConnectionFailureException">org.springframework.data.redis.RedisConnectionFailureException: Could not connect; nested exception is redis.client.RedisException: Could not connect
Caused by: redis.client.RedisException: Could not connect
Caused by: java.net.ConnectException: Conexão recusada
</error>
  </testcase>
  <testcase name="testAddIndexObjectTail[21]" classname="org.springframework.data.redis.support.collections.RedisListTests" time="0">
    <error message="Could not connect; nested exception is redis.client.RedisException: Could not connect" type="org.springframework.data.redis.RedisConnectionFailureException">org.springframework.data.redis.RedisConnectionFailureException: Could not connect; nested exception is redis.client.RedisException: Could not connect
Caused by: redis.client.RedisException: Could not connect
Caused by: java.net.ConnectException: Conexão recusada
</error>
  </testcase>
  <testcase name="testPollFirst[21]" classname="org.springframework.data.redis.support.collections.RedisListTests" time="0">
    <error message="Could not connect; nested exception is redis.client.RedisException: Could not connect" type="org.springframework.data.redis.RedisConnectionFailureException">org.springframework.data.redis.RedisConnectionFailureException: Could not connect; nested exception is redis.client.RedisException: Could not connect
Caused by: redis.client.RedisException: Could not connect
Caused by: java.net.ConnectException: Conexão recusada
</error>
  </testcase>
  <testcase name="testPollFirst[21]" classname="org.springframework.data.redis.support.collections.RedisListTests" time="0">
    <error message="Could not connect; nested exception is redis.client.RedisException: Could not connect" type="org.springframework.data.redis.RedisConnectionFailureException">org.springframework.data.redis.RedisConnectionFailureException: Could not connect; nested exception is redis.client.RedisException: Could not connect
Caused by: redis.client.RedisException: Could not connect
Caused by: java.net.ConnectException: Conexão recusada
</error>
  </testcase>
  <testcase name="testAddIndexObjectMiddle[21]" classname="org.springframework.data.redis.support.collections.RedisListTests" time="0.003">
    <error message="Unexpected exception, expected&lt;java.lang.IllegalArgumentException&gt; but was&lt;org.springframework.data.redis.RedisConnectionFailureException&gt;" type="java.lang.Exception"><![CDATA[java.lang.Exception: Unexpected exception, expected<java.lang.IllegalArgumentException> but was<org.springframework.data.redis.RedisConnectionFailureException>
Caused by: org.springframework.data.redis.RedisConnectionFailureException: Could not connect; nested exception is redis.client.RedisException: Could not connect
Caused by: redis.client.RedisException: Could not connect
Caused by: java.net.ConnectException: Conexão recusada
]]></error>
  </testcase>
  <testcase name="testAddIndexObjectMiddle[21]" classname="org.springframework.data.redis.support.collections.RedisListTests" time="0.003">
    <error message="Could not connect; nested exception is redis.client.RedisException: Could not connect" type="org.springframework.data.redis.RedisConnectionFailureException">org.springframework.data.redis.RedisConnectionFailureException: Could not connect; nested exception is redis.client.RedisException: Could not connect
Caused by: redis.client.RedisException: Could not connect
Caused by: java.net.ConnectException: Conexão recusada
</error>
  </testcase>
  <testcase name="testPeekLast[21]" classname="org.springframework.data.redis.support.collections.RedisListTests" time="0">
    <error message="Could not connect; nested exception is redis.client.RedisException: Could not connect" type="org.springframework.data.redis.RedisConnectionFailureException">org.springframework.data.redis.RedisConnectionFailureException: Could not connect; nested exception is redis.client.RedisException: Could not connect
Caused by: redis.client.RedisException: Could not connect
Caused by: java.net.ConnectException: Conexão recusada
</error>
  </testcase>
  <testcase name="testPeekLast[21]" classname="org.springframework.data.redis.support.collections.RedisListTests" time="0">
    <error message="Could not connect; nested exception is redis.client.RedisException: Could not connect" type="org.springframework.data.redis.RedisConnectionFailureException">org.springframework.data.redis.RedisConnectionFailureException: Could not connect; nested exception is redis.client.RedisException: Could not connect
Caused by: redis.client.RedisException: Could not connect
Caused by: java.net.ConnectException: Conexão recusada
</error>
  </testcase>
  <testcase name="testRemoveFirstOccurrence[21]" classname="org.springframework.data.redis.support.collections.RedisListTests" time="0">
    <error message="Could not connect; nested exception is redis.client.RedisException: Could not connect" type="org.springframework.data.redis.RedisConnectionFailureException">org.springframework.data.redis.RedisConnectionFailureException: Could not connect; nested exception is redis.client.RedisException: Could not connect
Caused by: redis.client.RedisException: Could not connect
Caused by: java.net.ConnectException: Conexão recusada
</error>
  </testcase>
  <testcase name="testRemoveFirstOccurrence[21]" classname="org.springframework.data.redis.support.collections.RedisListTests" time="0">
    <error message="Could not connect; nested exception is redis.client.RedisException: Could not connect" type="org.springframework.data.redis.RedisConnectionFailureException">org.springframework.data.redis.RedisConnectionFailureException: Could not connect; nested exception is redis.client.RedisException: Could not connect
Caused by: redis.client.RedisException: Could not connect
Caused by: java.net.ConnectException: Conexão recusada
</error>
  </testcase>
  <testcase name="addAllIndexCollectionHead[21]" classname="org.springframework.data.redis.support.collections.RedisListTests" time="0">
    <error message="Could not connect; nested exception is redis.client.RedisException: Could not connect" type="org.springframework.data.redis.RedisConnectionFailureException">org.springframework.data.redis.RedisConnectionFailureException: Could not connect; nested exception is redis.client.RedisException: Could not connect
Caused by: redis.client.RedisException: Could not connect
Caused by: java.net.ConnectException: Conexão recusada
</error>
  </testcase>
  <testcase name="addAllIndexCollectionHead[21]" classname="org.springframework.data.redis.support.collections.RedisListTests" time="0">
    <error message="Could not connect; nested exception is redis.client.RedisException: Could not connect" type="org.springframework.data.redis.RedisConnectionFailureException">org.springframework.data.redis.RedisConnectionFailureException: Could not connect; nested exception is redis.client.RedisException: Could not connect
Caused by: redis.client.RedisException: Could not connect
Caused by: java.net.ConnectException: Conexão recusada
</error>
  </testcase>
  <testcase name="addAllIndexCollectionTail[21]" classname="org.springframework.data.redis.support.collections.RedisListTests" time="0">
    <error message="Could not connect; nested exception is redis.client.RedisException: Could not connect" type="org.springframework.data.redis.RedisConnectionFailureException">org.springframework.data.redis.RedisConnectionFailureException: Could not connect; nested exception is redis.client.RedisException: Could not connect
Caused by: redis.client.RedisException: Could not connect
Caused by: java.net.ConnectException: Conexão recusada
</error>
  </testcase>
  <testcase name="addAllIndexCollectionTail[21]" classname="org.springframework.data.redis.support.collections.RedisListTests" time="0">
    <error message="Could not connect; nested exception is redis.client.RedisException: Could not connect" type="org.springframework.data.redis.RedisConnectionFailureException">org.springframework.data.redis.RedisConnectionFailureException: Could not connect; nested exception is redis.client.RedisException: Could not connect
Caused by: redis.client.RedisException: Could not connect
Caused by: java.net.ConnectException: Conexão recusada
</error>
  </testcase>
  <testcase name="addAllIndexCollectionMiddle[21]" classname="org.springframework.data.redis.support.collections.RedisListTests" time="0">
    <error message="Unexpected exception, expected&lt;java.lang.IllegalArgumentException&gt; but was&lt;org.springframework.data.redis.RedisConnectionFailureException&gt;" type="java.lang.Exception"><![CDATA[java.lang.Exception: Unexpected exception, expected<java.lang.IllegalArgumentException> but was<org.springframework.data.redis.RedisConnectionFailureException>
Caused by: org.springframework.data.redis.RedisConnectionFailureException: Could not connect; nested exception is redis.client.RedisException: Could not connect
Caused by: redis.client.RedisException: Could not connect
Caused by: java.net.ConnectException: Conexão recusada
]]></error>
  </testcase>
  <testcase name="addAllIndexCollectionMiddle[21]" classname="org.springframework.data.redis.support.collections.RedisListTests" time="0.001">
    <error message="Could not connect; nested exception is redis.client.RedisException: Could not connect" type="org.springframework.data.redis.RedisConnectionFailureException">org.springframework.data.redis.RedisConnectionFailureException: Could not connect; nested exception is redis.client.RedisException: Could not connect
Caused by: redis.client.RedisException: Could not connect
Caused by: java.net.ConnectException: Conexão recusada
</error>
  </testcase>
  <testcase name="testPollLast[21]" classname="org.springframework.data.redis.support.collections.RedisListTests" time="0">
    <error message="Could not connect; nested exception is redis.client.RedisException: Could not connect" type="org.springframework.data.redis.RedisConnectionFailureException">org.springframework.data.redis.RedisConnectionFailureException: Could not connect; nested exception is redis.client.RedisException: Could not connect
Caused by: redis.client.RedisException: Could not connect
Caused by: java.net.ConnectException: Conexão recusada
</error>
  </testcase>
  <testcase name="testPollLast[21]" classname="org.springframework.data.redis.support.collections.RedisListTests" time="0">
    <error message="Could not connect; nested exception is redis.client.RedisException: Could not connect" type="org.springframework.data.redis.RedisConnectionFailureException">org.springframework.data.redis.RedisConnectionFailureException: Could not connect; nested exception is redis.client.RedisException: Could not connect
Caused by: redis.client.RedisException: Could not connect
Caused by: java.net.ConnectException: Conexão recusada
</error>
  </testcase>
  <testcase name="testIndexOfObject[21]" classname="org.springframework.data.redis.support.collections.RedisListTests" time="0">
    <error message="Could not connect; nested exception is redis.client.RedisException: Could not connect" type="org.springframework.data.redis.RedisConnectionFailureException">org.springframework.data.redis.RedisConnectionFailureException: Could not connect; nested exception is redis.client.RedisException: Could not connect
Caused by: redis.client.RedisException: Could not connect
Caused by: java.net.ConnectException: Conexão recusada
</error>
  </testcase>
  <testcase name="testPollTimeout[21]" classname="org.springframework.data.redis.support.collections.RedisListTests" time="0.003">
    <error message="Could not connect; nested exception is redis.client.RedisException: Could not connect" type="org.springframework.data.redis.RedisConnectionFailureException">org.springframework.data.redis.RedisConnectionFailureException: Could not connect; nested exception is redis.client.RedisException: Could not connect
Caused by: redis.client.RedisException: Could not connect
Caused by: java.net.ConnectException: Conexão recusada
</error>
  </testcase>
  <testcase name="testPollTimeout[21]" classname="org.springframework.data.redis.support.collections.RedisListTests" time="0.003">
    <error message="Could not connect; nested exception is redis.client.RedisException: Could not connect" type="org.springframework.data.redis.RedisConnectionFailureException">org.springframework.data.redis.RedisConnectionFailureException: Could not connect; nested exception is redis.client.RedisException: Could not connect
Caused by: redis.client.RedisException: Could not connect
Caused by: java.net.ConnectException: Conexão recusada
</error>
  </testcase>
  <testcase name="testRemove[21]" classname="org.springframework.data.redis.support.collections.RedisListTests" time="0">
    <error message="Could not connect; nested exception is redis.client.RedisException: Could not connect" type="org.springframework.data.redis.RedisConnectionFailureException">org.springframework.data.redis.RedisConnectionFailureException: Could not connect; nested exception is redis.client.RedisException: Could not connect
Caused by: redis.client.RedisException: Could not connect
Caused by: java.net.ConnectException: Conexão recusada
</error>
  </testcase>
  <testcase name="testRemove[21]" classname="org.springframework.data.redis.support.collections.RedisListTests" time="0">
    <error message="Could not connect; nested exception is redis.client.RedisException: Could not connect" type="org.springframework.data.redis.RedisConnectionFailureException">org.springframework.data.redis.RedisConnectionFailureException: Could not connect; nested exception is redis.client.RedisException: Could not connect
Caused by: redis.client.RedisException: Could not connect
Caused by: java.net.ConnectException: Conexão recusada
</error>
  </testcase>
  <testcase name="testCappedCollection[21]" classname="org.springframework.data.redis.support.collections.RedisListTests" time="0">
    <error message="Could not connect; nested exception is redis.client.RedisException: Could not connect" type="org.springframework.data.redis.RedisConnectionFailureException">org.springframework.data.redis.RedisConnectionFailureException: Could not connect; nested exception is redis.client.RedisException: Could not connect
Caused by: redis.client.RedisException: Could not connect
Caused by: java.net.ConnectException: Conexão recusada
</error>
  </testcase>
  <testcase name="testCappedCollection[21]" classname="org.springframework.data.redis.support.collections.RedisListTests" time="0">
    <error message="Could not connect; nested exception is redis.client.RedisException: Could not connect" type="org.springframework.data.redis.RedisConnectionFailureException">org.springframework.data.redis.RedisConnectionFailureException: Could not connect; nested exception is redis.client.RedisException: Could not connect
Caused by: redis.client.RedisException: Could not connect
Caused by: java.net.ConnectException: Conexão recusada
</error>
  </testcase>
  <testcase name="testRmoveLastOccurrence[21]" classname="org.springframework.data.redis.support.collections.RedisListTests" time="0">
    <error message="Could not connect; nested exception is redis.client.RedisException: Could not connect" type="org.springframework.data.redis.RedisConnectionFailureException">org.springframework.data.redis.RedisConnectionFailureException: Could not connect; nested exception is redis.client.RedisException: Could not connect
Caused by: redis.client.RedisException: Could not connect
Caused by: java.net.ConnectException: Conexão recusada
</error>
  </testcase>
  <testcase name="testRmoveLastOccurrence[21]" classname="org.springframework.data.redis.support.collections.RedisListTests" time="0">
    <error message="Could not connect; nested exception is redis.client.RedisException: Could not connect" type="org.springframework.data.redis.RedisConnectionFailureException">org.springframework.data.redis.RedisConnectionFailureException: Could not connect; nested exception is redis.client.RedisException: Could not connect
Caused by: redis.client.RedisException: Could not connect
Caused by: java.net.ConnectException: Conexão recusada
</error>
  </testcase>
  <testcase name="testTakeFirst[21]" classname="org.springframework.data.redis.support.collections.RedisListTests" time="0">
    <error message="Could not connect; nested exception is redis.client.RedisException: Could not connect" type="org.springframework.data.redis.RedisConnectionFailureException">org.springframework.data.redis.RedisConnectionFailureException: Could not connect; nested exception is redis.client.RedisException: Could not connect
Caused by: redis.client.RedisException: Could not connect
Caused by: java.net.ConnectException: Conexão recusada
</error>
  </testcase>
  <testcase name="testTakeFirst[21]" classname="org.springframework.data.redis.support.collections.RedisListTests" time="0">
    <error message="Could not connect; nested exception is redis.client.RedisException: Could not connect" type="org.springframework.data.redis.RedisConnectionFailureException">org.springframework.data.redis.RedisConnectionFailureException: Could not connect; nested exception is redis.client.RedisException: Could not connect
Caused by: redis.client.RedisException: Could not connect
Caused by: java.net.ConnectException: Conexão recusada
</error>
  </testcase>
  <testcase name="testContainsObject[21]" classname="org.springframework.data.redis.support.collections.RedisListTests" time="0">
    <error message="Could not connect; nested exception is redis.client.RedisException: Could not connect" type="org.springframework.data.redis.RedisConnectionFailureException">org.springframework.data.redis.RedisConnectionFailureException: Could not connect; nested exception is redis.client.RedisException: Could not connect
Caused by: redis.client.RedisException: Could not connect
Caused by: java.net.ConnectException: Conexão recusada
</error>
  </testcase>
  <testcase name="testContainsObject[21]" classname="org.springframework.data.redis.support.collections.RedisListTests" time="0">
    <error message="Could not connect; nested exception is redis.client.RedisException: Could not connect" type="org.springframework.data.redis.RedisConnectionFailureException">org.springframework.data.redis.RedisConnectionFailureException: Could not connect; nested exception is redis.client.RedisException: Could not connect
Caused by: redis.client.RedisException: Could not connect
Caused by: java.net.ConnectException: Conexão recusada
</error>
  </testcase>
  <testcase name="testToArray[21]" classname="org.springframework.data.redis.support.collections.RedisListTests" time="0.004">
    <error message="Could not connect; nested exception is redis.client.RedisException: Could not connect" type="org.springframework.data.redis.RedisConnectionFailureException">org.springframework.data.redis.RedisConnectionFailureException: Could not connect; nested exception is redis.client.RedisException: Could not connect
Caused by: redis.client.RedisException: Could not connect
Caused by: java.net.ConnectException: Conexão recusada
</error>
  </testcase>
  <testcase name="testToArray[21]" classname="org.springframework.data.redis.support.collections.RedisListTests" time="0.004">
    <error message="Could not connect; nested exception is redis.client.RedisException: Could not connect" type="org.springframework.data.redis.RedisConnectionFailureException">org.springframework.data.redis.RedisConnectionFailureException: Could not connect; nested exception is redis.client.RedisException: Could not connect
Caused by: redis.client.RedisException: Could not connect
Caused by: java.net.ConnectException: Conexão recusada
</error>
  </testcase>
  <testcase name="testAdd[21]" classname="org.springframework.data.redis.support.collections.RedisListTests" time="0">
    <error message="Could not connect; nested exception is redis.client.RedisException: Could not connect" type="org.springframework.data.redis.RedisConnectionFailureException">org.springframework.data.redis.RedisConnectionFailureException: Could not connect; nested exception is redis.client.RedisException: Could not connect
Caused by: redis.client.RedisException: Could not connect
Caused by: java.net.ConnectException: Conexão recusada
</error>
  </testcase>
  <testcase name="testAdd[21]" classname="org.springframework.data.redis.support.collections.RedisListTests" time="0">
    <error message="Could not connect; nested exception is redis.client.RedisException: Could not connect" type="org.springframework.data.redis.RedisConnectionFailureException">org.springframework.data.redis.RedisConnectionFailureException: Could not connect; nested exception is redis.client.RedisException: Could not connect
Caused by: redis.client.RedisException: Could not connect
Caused by: java.net.ConnectException: Conexão recusada
</error>
  </testcase>
  <testcase name="testClear[21]" classname="org.springframework.data.redis.support.collections.RedisListTests" time="0">
    <error message="Could not connect; nested exception is redis.client.RedisException: Could not connect" type="org.springframework.data.redis.RedisConnectionFailureException">org.springframework.data.redis.RedisConnectionFailureException: Could not connect; nested exception is redis.client.RedisException: Could not connect
Caused by: redis.client.RedisException: Could not connect
Caused by: java.net.ConnectException: Conexão recusada
</error>
  </testcase>
  <testcase name="testClear[21]" classname="org.springframework.data.redis.support.collections.RedisListTests" time="0.001">
    <error message="Could not connect; nested exception is redis.client.RedisException: Could not connect" type="org.springframework.data.redis.RedisConnectionFailureException">org.springframework.data.redis.RedisConnectionFailureException: Could not connect; nested exception is redis.client.RedisException: Could not connect
Caused by: redis.client.RedisException: Could not connect
Caused by: java.net.ConnectException: Conexão recusada
</error>
  </testcase>
  <testcase name="testSize[21]" classname="org.springframework.data.redis.support.collections.RedisListTests" time="0">
    <error message="Could not connect; nested exception is redis.client.RedisException: Could not connect" type="org.springframework.data.redis.RedisConnectionFailureException">org.springframework.data.redis.RedisConnectionFailureException: Could not connect; nested exception is redis.client.RedisException: Could not connect
Caused by: redis.client.RedisException: Could not connect
Caused by: java.net.ConnectException: Conexão recusada
</error>
  </testcase>
  <testcase name="testSize[21]" classname="org.springframework.data.redis.support.collections.RedisListTests" time="0">
    <error message="Could not connect; nested exception is redis.client.RedisException: Could not connect" type="org.springframework.data.redis.RedisConnectionFailureException">org.springframework.data.redis.RedisConnectionFailureException: Could not connect; nested exception is redis.client.RedisException: Could not connect
Caused by: redis.client.RedisException: Could not connect
Caused by: java.net.ConnectException: Conexão recusada
</error>
  </testcase>
  <testcase name="testToString[21]" classname="org.springframework.data.redis.support.collections.RedisListTests" time="0">
    <error message="Could not connect; nested exception is redis.client.RedisException: Could not connect" type="org.springframework.data.redis.RedisConnectionFailureException">org.springframework.data.redis.RedisConnectionFailureException: Could not connect; nested exception is redis.client.RedisException: Could not connect
Caused by: redis.client.RedisException: Could not connect
Caused by: java.net.ConnectException: Conexão recusada
</error>
  </testcase>
  <testcase name="testToString[21]" classname="org.springframework.data.redis.support.collections.RedisListTests" time="0">
    <error message="Could not connect; nested exception is redis.client.RedisException: Could not connect" type="org.springframework.data.redis.RedisConnectionFailureException">org.springframework.data.redis.RedisConnectionFailureException: Could not connect; nested exception is redis.client.RedisException: Could not connect
Caused by: redis.client.RedisException: Could not connect
Caused by: java.net.ConnectException: Conexão recusada
</error>
  </testcase>
  <testcase name="testContainsAll[21]" classname="org.springframework.data.redis.support.collections.RedisListTests" time="0">
    <error message="Could not connect; nested exception is redis.client.RedisException: Could not connect" type="org.springframework.data.redis.RedisConnectionFailureException">org.springframework.data.redis.RedisConnectionFailureException: Could not connect; nested exception is redis.client.RedisException: Could not connect
Caused by: redis.client.RedisException: Could not connect
Caused by: java.net.ConnectException: Conexão recusada
</error>
  </testcase>
  <testcase name="testContainsAll[21]" classname="org.springframework.data.redis.support.collections.RedisListTests" time="0">
    <error message="Could not connect; nested exception is redis.client.RedisException: Could not connect" type="org.springframework.data.redis.RedisConnectionFailureException">org.springframework.data.redis.RedisConnectionFailureException: Could not connect; nested exception is redis.client.RedisException: Could not connect
Caused by: redis.client.RedisException: Could not connect
Caused by: java.net.ConnectException: Conexão recusada
</error>
  </testcase>
  <testcase name="testRemoveObject[21]" classname="org.springframework.data.redis.support.collections.RedisListTests" time="0">
    <error message="Could not connect; nested exception is redis.client.RedisException: Could not connect" type="org.springframework.data.redis.RedisConnectionFailureException">org.springframework.data.redis.RedisConnectionFailureException: Could not connect; nested exception is redis.client.RedisException: Could not connect
Caused by: redis.client.RedisException: Could not connect
Caused by: java.net.ConnectException: Conexão recusada
</error>
  </testcase>
  <testcase name="testRemoveObject[21]" classname="org.springframework.data.redis.support.collections.RedisListTests" time="0">
    <error message="Could not connect; nested exception is redis.client.RedisException: Could not connect" type="org.springframework.data.redis.RedisConnectionFailureException">org.springframework.data.redis.RedisConnectionFailureException: Could not connect; nested exception is redis.client.RedisException: Could not connect
Caused by: redis.client.RedisException: Could not connect
Caused by: java.net.ConnectException: Conexão recusada
</error>
  </testcase>
  <testcase name="testHashCode[21]" classname="org.springframework.data.redis.support.collections.RedisListTests" time="0">
    <error message="Could not connect; nested exception is redis.client.RedisException: Could not connect" type="org.springframework.data.redis.RedisConnectionFailureException">org.springframework.data.redis.RedisConnectionFailureException: Could not connect; nested exception is redis.client.RedisException: Could not connect
Caused by: redis.client.RedisException: Could not connect
Caused by: java.net.ConnectException: Conexão recusada
</error>
  </testcase>
  <testcase name="testAddAll[21]" classname="org.springframework.data.redis.support.collections.RedisListTests" time="0">
    <error message="Could not connect; nested exception is redis.client.RedisException: Could not connect" type="org.springframework.data.redis.RedisConnectionFailureException">org.springframework.data.redis.RedisConnectionFailureException: Could not connect; nested exception is redis.client.RedisException: Could not connect
Caused by: redis.client.RedisException: Could not connect
Caused by: java.net.ConnectException: Conexão recusada
</error>
  </testcase>
  <testcase name="testAddAll[21]" classname="org.springframework.data.redis.support.collections.RedisListTests" time="0">
    <error message="Could not connect; nested exception is redis.client.RedisException: Could not connect" type="org.springframework.data.redis.RedisConnectionFailureException">org.springframework.data.redis.RedisConnectionFailureException: Could not connect; nested exception is redis.client.RedisException: Could not connect
Caused by: redis.client.RedisException: Could not connect
Caused by: java.net.ConnectException: Conexão recusada
</error>
  </testcase>
  <testcase name="removeAll[21]" classname="org.springframework.data.redis.support.collections.RedisListTests" time="0">
    <error message="Could not connect; nested exception is redis.client.RedisException: Could not connect" type="org.springframework.data.redis.RedisConnectionFailureException">org.springframework.data.redis.RedisConnectionFailureException: Could not connect; nested exception is redis.client.RedisException: Could not connect
Caused by: redis.client.RedisException: Could not connect
Caused by: java.net.ConnectException: Conexão recusada
</error>
  </testcase>
  <testcase name="removeAll[21]" classname="org.springframework.data.redis.support.collections.RedisListTests" time="0">
    <error message="Could not connect; nested exception is redis.client.RedisException: Could not connect" type="org.springframework.data.redis.RedisConnectionFailureException">org.springframework.data.redis.RedisConnectionFailureException: Could not connect; nested exception is redis.client.RedisException: Could not connect
Caused by: redis.client.RedisException: Could not connect
Caused by: java.net.ConnectException: Conexão recusada
</error>
  </testcase>
  <testcase name="testEquals[21]" classname="org.springframework.data.redis.support.collections.RedisListTests" time="0">
    <error message="Could not connect; nested exception is redis.client.RedisException: Could not connect" type="org.springframework.data.redis.RedisConnectionFailureException">org.springframework.data.redis.RedisConnectionFailureException: Could not connect; nested exception is redis.client.RedisException: Could not connect
Caused by: redis.client.RedisException: Could not connect
Caused by: java.net.ConnectException: Conexão recusada
</error>
  </testcase>
  <testcase name="testGetKey[21]" classname="org.springframework.data.redis.support.collections.RedisListTests" time="0">
    <error message="Could not connect; nested exception is redis.client.RedisException: Could not connect" type="org.springframework.data.redis.RedisConnectionFailureException">org.springframework.data.redis.RedisConnectionFailureException: Could not connect; nested exception is redis.client.RedisException: Could not connect
Caused by: redis.client.RedisException: Could not connect
Caused by: java.net.ConnectException: Conexão recusada
</error>
  </testcase>
  <testcase name="testToArrayWithGenerics[21]" classname="org.springframework.data.redis.support.collections.RedisListTests" time="0">
    <error message="Could not connect; nested exception is redis.client.RedisException: Could not connect" type="org.springframework.data.redis.RedisConnectionFailureException">org.springframework.data.redis.RedisConnectionFailureException: Could not connect; nested exception is redis.client.RedisException: Could not connect
Caused by: redis.client.RedisException: Could not connect
Caused by: java.net.ConnectException: Conexão recusada
</error>
  </testcase>
  <testcase name="testToArrayWithGenerics[21]" classname="org.springframework.data.redis.support.collections.RedisListTests" time="0">
    <error message="Could not connect; nested exception is redis.client.RedisException: Could not connect" type="org.springframework.data.redis.RedisConnectionFailureException">org.springframework.data.redis.RedisConnectionFailureException: Could not connect; nested exception is redis.client.RedisException: Could not connect
Caused by: redis.client.RedisException: Could not connect
Caused by: java.net.ConnectException: Conexão recusada
</error>
  </testcase>
  <testcase name="testIsEmpty[21]" classname="org.springframework.data.redis.support.collections.RedisListTests" time="0">
    <error message="Could not connect; nested exception is redis.client.RedisException: Could not connect" type="org.springframework.data.redis.RedisConnectionFailureException">org.springframework.data.redis.RedisConnectionFailureException: Could not connect; nested exception is redis.client.RedisException: Could not connect
Caused by: redis.client.RedisException: Could not connect
Caused by: java.net.ConnectException: Conexão recusada
</error>
  </testcase>
  <testcase name="testIsEmpty[21]" classname="org.springframework.data.redis.support.collections.RedisListTests" time="0.006">
    <error message="Could not connect; nested exception is redis.client.RedisException: Could not connect" type="org.springframework.data.redis.RedisConnectionFailureException">org.springframework.data.redis.RedisConnectionFailureException: Could not connect; nested exception is redis.client.RedisException: Could not connect
Caused by: redis.client.RedisException: Could not connect
Caused by: java.net.ConnectException: Conexão recusada
</error>
  </testcase>
  <testcase name="testIterator[21]" classname="org.springframework.data.redis.support.collections.RedisListTests" time="0">
    <error message="Could not connect; nested exception is redis.client.RedisException: Could not connect" type="org.springframework.data.redis.RedisConnectionFailureException">org.springframework.data.redis.RedisConnectionFailureException: Could not connect; nested exception is redis.client.RedisException: Could not connect
Caused by: redis.client.RedisException: Could not connect
Caused by: java.net.ConnectException: Conexão recusada
</error>
  </testcase>
  <testcase name="testIterator[21]" classname="org.springframework.data.redis.support.collections.RedisListTests" time="0">
    <error message="Could not connect; nested exception is redis.client.RedisException: Could not connect" type="org.springframework.data.redis.RedisConnectionFailureException">org.springframework.data.redis.RedisConnectionFailureException: Could not connect; nested exception is redis.client.RedisException: Could not connect
Caused by: redis.client.RedisException: Could not connect
Caused by: java.net.ConnectException: Conexão recusada
</error>
  </testcase>
  <testcase name="testElement[22]" classname="org.springframework.data.redis.support.collections.RedisListTests" time="0.202">
    <error message="Unable to connect to Redis on 127.0.0.1:6379; nested exception is com.lambdaworks.redis.RedisConnectionException: Unable to connect to /127.0.0.1:6379" type="org.springframework.data.redis.RedisConnectionFailureException">org.springframework.data.redis.RedisConnectionFailureException: Unable to connect to Redis on 127.0.0.1:6379; nested exception is com.lambdaworks.redis.RedisConnectionException: Unable to connect to /127.0.0.1:6379
Caused by: com.lambdaworks.redis.RedisConnectionException: Unable to connect to /127.0.0.1:6379
Caused by: java.net.ConnectException: Conexão recusada: /127.0.0.1:6379
</error>
  </testcase>
  <testcase name="testElement[22]" classname="org.springframework.data.redis.support.collections.RedisListTests" time="0.202">
    <error message="Unable to connect to Redis on 127.0.0.1:6379; nested exception is com.lambdaworks.redis.RedisConnectionException: Unable to connect to /127.0.0.1:6379" type="org.springframework.data.redis.RedisConnectionFailureException">org.springframework.data.redis.RedisConnectionFailureException: Unable to connect to Redis on 127.0.0.1:6379; nested exception is com.lambdaworks.redis.RedisConnectionException: Unable to connect to /127.0.0.1:6379
Caused by: com.lambdaworks.redis.RedisConnectionException: Unable to connect to /127.0.0.1:6379
Caused by: java.net.ConnectException: Conexão recusada: /127.0.0.1:6379
</error>
  </testcase>
  <testcase name="testPutFirst[22]" classname="org.springframework.data.redis.support.collections.RedisListTests" time="0.013">
    <error message="Unable to connect to Redis on 127.0.0.1:6379; nested exception is com.lambdaworks.redis.RedisConnectionException: Unable to connect to /127.0.0.1:6379" type="org.springframework.data.redis.RedisConnectionFailureException">org.springframework.data.redis.RedisConnectionFailureException: Unable to connect to Redis on 127.0.0.1:6379; nested exception is com.lambdaworks.redis.RedisConnectionException: Unable to connect to /127.0.0.1:6379
Caused by: com.lambdaworks.redis.RedisConnectionException: Unable to connect to /127.0.0.1:6379
Caused by: java.net.ConnectException: Conexão recusada: /127.0.0.1:6379
</error>
  </testcase>
  <testcase name="testPutFirst[22]" classname="org.springframework.data.redis.support.collections.RedisListTests" time="0.013">
    <error message="Unable to connect to Redis on 127.0.0.1:6379; nested exception is com.lambdaworks.redis.RedisConnectionException: Unable to connect to /127.0.0.1:6379" type="org.springframework.data.redis.RedisConnectionFailureException">org.springframework.data.redis.RedisConnectionFailureException: Unable to connect to Redis on 127.0.0.1:6379; nested exception is com.lambdaworks.redis.RedisConnectionException: Unable to connect to /127.0.0.1:6379
Caused by: com.lambdaworks.redis.RedisConnectionException: Unable to connect to /127.0.0.1:6379
Caused by: java.net.ConnectException: Conexão recusada: /127.0.0.1:6379
</error>
  </testcase>
  <testcase name="testPollLastTimeout[22]" classname="org.springframework.data.redis.support.collections.RedisListTests" time="0.013">
    <error message="Unable to connect to Redis on 127.0.0.1:6379; nested exception is com.lambdaworks.redis.RedisConnectionException: Unable to connect to /127.0.0.1:6379" type="org.springframework.data.redis.RedisConnectionFailureException">org.springframework.data.redis.RedisConnectionFailureException: Unable to connect to Redis on 127.0.0.1:6379; nested exception is com.lambdaworks.redis.RedisConnectionException: Unable to connect to /127.0.0.1:6379
Caused by: com.lambdaworks.redis.RedisConnectionException: Unable to connect to /127.0.0.1:6379
Caused by: java.net.ConnectException: Conexão recusada: /127.0.0.1:6379
</error>
  </testcase>
  <testcase name="testPollLastTimeout[22]" classname="org.springframework.data.redis.support.collections.RedisListTests" time="0.013">
    <error message="Unable to connect to Redis on 127.0.0.1:6379; nested exception is com.lambdaworks.redis.RedisConnectionException: Unable to connect to /127.0.0.1:6379" type="org.springframework.data.redis.RedisConnectionFailureException">org.springframework.data.redis.RedisConnectionFailureException: Unable to connect to Redis on 127.0.0.1:6379; nested exception is com.lambdaworks.redis.RedisConnectionException: Unable to connect to /127.0.0.1:6379
Caused by: com.lambdaworks.redis.RedisConnectionException: Unable to connect to /127.0.0.1:6379
Caused by: java.net.ConnectException: Conexão recusada: /127.0.0.1:6379
</error>
  </testcase>
  <testcase name="testPeekFirst[22]" classname="org.springframework.data.redis.support.collections.RedisListTests" time="0.01">
    <error message="Unable to connect to Redis on 127.0.0.1:6379; nested exception is com.lambdaworks.redis.RedisConnectionException: Unable to connect to /127.0.0.1:6379" type="org.springframework.data.redis.RedisConnectionFailureException">org.springframework.data.redis.RedisConnectionFailureException: Unable to connect to Redis on 127.0.0.1:6379; nested exception is com.lambdaworks.redis.RedisConnectionException: Unable to connect to /127.0.0.1:6379
Caused by: com.lambdaworks.redis.RedisConnectionException: Unable to connect to /127.0.0.1:6379
Caused by: java.net.ConnectException: Conexão recusada: /127.0.0.1:6379
</error>
  </testcase>
  <testcase name="testPeekFirst[22]" classname="org.springframework.data.redis.support.collections.RedisListTests" time="0.01">
    <error message="Unable to connect to Redis on 127.0.0.1:6379; nested exception is com.lambdaworks.redis.RedisConnectionException: Unable to connect to /127.0.0.1:6379" type="org.springframework.data.redis.RedisConnectionFailureException">org.springframework.data.redis.RedisConnectionFailureException: Unable to connect to Redis on 127.0.0.1:6379; nested exception is com.lambdaworks.redis.RedisConnectionException: Unable to connect to /127.0.0.1:6379
Caused by: com.lambdaworks.redis.RedisConnectionException: Unable to connect to /127.0.0.1:6379
Caused by: java.net.ConnectException: Conexão recusada: /127.0.0.1:6379
</error>
  </testcase>
  <testcase name="testOfferLast[22]" classname="org.springframework.data.redis.support.collections.RedisListTests" time="0.004">
    <error message="Unable to connect to Redis on 127.0.0.1:6379; nested exception is com.lambdaworks.redis.RedisConnectionException: Unable to connect to /127.0.0.1:6379" type="org.springframework.data.redis.RedisConnectionFailureException">org.springframework.data.redis.RedisConnectionFailureException: Unable to connect to Redis on 127.0.0.1:6379; nested exception is com.lambdaworks.redis.RedisConnectionException: Unable to connect to /127.0.0.1:6379
Caused by: com.lambdaworks.redis.RedisConnectionException: Unable to connect to /127.0.0.1:6379
Caused by: java.net.ConnectException: Conexão recusada: /127.0.0.1:6379
</error>
  </testcase>
  <testcase name="testOfferLast[22]" classname="org.springframework.data.redis.support.collections.RedisListTests" time="0.004">
    <error message="Unable to connect to Redis on 127.0.0.1:6379; nested exception is com.lambdaworks.redis.RedisConnectionException: Unable to connect to /127.0.0.1:6379" type="org.springframework.data.redis.RedisConnectionFailureException">org.springframework.data.redis.RedisConnectionFailureException: Unable to connect to Redis on 127.0.0.1:6379; nested exception is com.lambdaworks.redis.RedisConnectionException: Unable to connect to /127.0.0.1:6379
Caused by: com.lambdaworks.redis.RedisConnectionException: Unable to connect to /127.0.0.1:6379
Caused by: java.net.ConnectException: Conexão recusada: /127.0.0.1:6379
</error>
  </testcase>
  <testcase name="testGetFirst[22]" classname="org.springframework.data.redis.support.collections.RedisListTests" time="0.002">
    <error message="Unable to connect to Redis on 127.0.0.1:6379; nested exception is com.lambdaworks.redis.RedisConnectionException: Unable to connect to /127.0.0.1:6379" type="org.springframework.data.redis.RedisConnectionFailureException">org.springframework.data.redis.RedisConnectionFailureException: Unable to connect to Redis on 127.0.0.1:6379; nested exception is com.lambdaworks.redis.RedisConnectionException: Unable to connect to /127.0.0.1:6379
Caused by: com.lambdaworks.redis.RedisConnectionException: Unable to connect to /127.0.0.1:6379
Caused by: java.net.ConnectException: Conexão recusada: /127.0.0.1:6379
</error>
  </testcase>
  <testcase name="testGetFirst[22]" classname="org.springframework.data.redis.support.collections.RedisListTests" time="0.002">
    <error message="Unable to connect to Redis on 127.0.0.1:6379; nested exception is com.lambdaworks.redis.RedisConnectionException: Unable to connect to /127.0.0.1:6379" type="org.springframework.data.redis.RedisConnectionFailureException">org.springframework.data.redis.RedisConnectionFailureException: Unable to connect to Redis on 127.0.0.1:6379; nested exception is com.lambdaworks.redis.RedisConnectionException: Unable to connect to /127.0.0.1:6379
Caused by: com.lambdaworks.redis.RedisConnectionException: Unable to connect to /127.0.0.1:6379
Caused by: java.net.ConnectException: Conexão recusada: /127.0.0.1:6379
</error>
  </testcase>
  <testcase name="testAddLast[22]" classname="org.springframework.data.redis.support.collections.RedisListTests" time="0.006">
    <error message="Unable to connect to Redis on 127.0.0.1:6379; nested exception is com.lambdaworks.redis.RedisConnectionException: Unable to connect to /127.0.0.1:6379" type="org.springframework.data.redis.RedisConnectionFailureException">org.springframework.data.redis.RedisConnectionFailureException: Unable to connect to Redis on 127.0.0.1:6379; nested exception is com.lambdaworks.redis.RedisConnectionException: Unable to connect to /127.0.0.1:6379
Caused by: com.lambdaworks.redis.RedisConnectionException: Unable to connect to /127.0.0.1:6379
Caused by: java.net.ConnectException: Conexão recusada: /127.0.0.1:6379
</error>
  </testcase>
  <testcase name="testAddLast[22]" classname="org.springframework.data.redis.support.collections.RedisListTests" time="0.007">
    <error message="Unable to connect to Redis on 127.0.0.1:6379; nested exception is com.lambdaworks.redis.RedisConnectionException: Unable to connect to /127.0.0.1:6379" type="org.springframework.data.redis.RedisConnectionFailureException">org.springframework.data.redis.RedisConnectionFailureException: Unable to connect to Redis on 127.0.0.1:6379; nested exception is com.lambdaworks.redis.RedisConnectionException: Unable to connect to /127.0.0.1:6379
Caused by: com.lambdaworks.redis.RedisConnectionException: Unable to connect to /127.0.0.1:6379
Caused by: java.net.ConnectException: Conexão recusada: /127.0.0.1:6379
</error>
  </testcase>
  <testcase name="testPop[22]" classname="org.springframework.data.redis.support.collections.RedisListTests" time="0.003">
    <error message="Unable to connect to Redis on 127.0.0.1:6379; nested exception is com.lambdaworks.redis.RedisConnectionException: Unable to connect to /127.0.0.1:6379" type="org.springframework.data.redis.RedisConnectionFailureException">org.springframework.data.redis.RedisConnectionFailureException: Unable to connect to Redis on 127.0.0.1:6379; nested exception is com.lambdaworks.redis.RedisConnectionException: Unable to connect to /127.0.0.1:6379
Caused by: com.lambdaworks.redis.RedisConnectionException: Unable to connect to /127.0.0.1:6379
Caused by: java.net.ConnectException: Conexão recusada: /127.0.0.1:6379
</error>
  </testcase>
  <testcase name="testPop[22]" classname="org.springframework.data.redis.support.collections.RedisListTests" time="0.003">
    <error message="Unable to connect to Redis on 127.0.0.1:6379; nested exception is com.lambdaworks.redis.RedisConnectionException: Unable to connect to /127.0.0.1:6379" type="org.springframework.data.redis.RedisConnectionFailureException">org.springframework.data.redis.RedisConnectionFailureException: Unable to connect to Redis on 127.0.0.1:6379; nested exception is com.lambdaworks.redis.RedisConnectionException: Unable to connect to /127.0.0.1:6379
Caused by: com.lambdaworks.redis.RedisConnectionException: Unable to connect to /127.0.0.1:6379
Caused by: java.net.ConnectException: Conexão recusada: /127.0.0.1:6379
</error>
  </testcase>
  <testcase name="testPut[22]" classname="org.springframework.data.redis.support.collections.RedisListTests" time="0.009">
    <error message="Unable to connect to Redis on 127.0.0.1:6379; nested exception is com.lambdaworks.redis.RedisConnectionException: Unable to connect to /127.0.0.1:6379" type="org.springframework.data.redis.RedisConnectionFailureException">org.springframework.data.redis.RedisConnectionFailureException: Unable to connect to Redis on 127.0.0.1:6379; nested exception is com.lambdaworks.redis.RedisConnectionException: Unable to connect to /127.0.0.1:6379
Caused by: com.lambdaworks.redis.RedisConnectionException: Unable to connect to /127.0.0.1:6379
Caused by: java.net.ConnectException: Conexão recusada: /127.0.0.1:6379
</error>
  </testcase>
  <testcase name="testPut[22]" classname="org.springframework.data.redis.support.collections.RedisListTests" time="0.01">
    <error message="Unable to connect to Redis on 127.0.0.1:6379; nested exception is com.lambdaworks.redis.RedisConnectionException: Unable to connect to /127.0.0.1:6379" type="org.springframework.data.redis.RedisConnectionFailureException">org.springframework.data.redis.RedisConnectionFailureException: Unable to connect to Redis on 127.0.0.1:6379; nested exception is com.lambdaworks.redis.RedisConnectionException: Unable to connect to /127.0.0.1:6379
Caused by: com.lambdaworks.redis.RedisConnectionException: Unable to connect to /127.0.0.1:6379
Caused by: java.net.ConnectException: Conexão recusada: /127.0.0.1:6379
</error>
  </testcase>
  <testcase name="testSet[22]" classname="org.springframework.data.redis.support.collections.RedisListTests" time="0.002">
    <error message="Unable to connect to Redis on 127.0.0.1:6379; nested exception is com.lambdaworks.redis.RedisConnectionException: Unable to connect to /127.0.0.1:6379" type="org.springframework.data.redis.RedisConnectionFailureException">org.springframework.data.redis.RedisConnectionFailureException: Unable to connect to Redis on 127.0.0.1:6379; nested exception is com.lambdaworks.redis.RedisConnectionException: Unable to connect to /127.0.0.1:6379
Caused by: com.lambdaworks.redis.RedisConnectionException: Unable to connect to /127.0.0.1:6379
Caused by: java.net.ConnectException: Conexão recusada: /127.0.0.1:6379
</error>
  </testcase>
  <testcase name="testSet[22]" classname="org.springframework.data.redis.support.collections.RedisListTests" time="0.002">
    <error message="Unable to connect to Redis on 127.0.0.1:6379; nested exception is com.lambdaworks.redis.RedisConnectionException: Unable to connect to /127.0.0.1:6379" type="org.springframework.data.redis.RedisConnectionFailureException">org.springframework.data.redis.RedisConnectionFailureException: Unable to connect to Redis on 127.0.0.1:6379; nested exception is com.lambdaworks.redis.RedisConnectionException: Unable to connect to /127.0.0.1:6379
Caused by: com.lambdaworks.redis.RedisConnectionException: Unable to connect to /127.0.0.1:6379
Caused by: java.net.ConnectException: Conexão recusada: /127.0.0.1:6379
</error>
  </testcase>
  <testcase name="testOffer[22]" classname="org.springframework.data.redis.support.collections.RedisListTests" time="0.002">
    <error message="Unable to connect to Redis on 127.0.0.1:6379; nested exception is com.lambdaworks.redis.RedisConnectionException: Unable to connect to /127.0.0.1:6379" type="org.springframework.data.redis.RedisConnectionFailureException">org.springframework.data.redis.RedisConnectionFailureException: Unable to connect to Redis on 127.0.0.1:6379; nested exception is com.lambdaworks.redis.RedisConnectionException: Unable to connect to /127.0.0.1:6379
Caused by: com.lambdaworks.redis.RedisConnectionException: Unable to connect to /127.0.0.1:6379
Caused by: java.net.ConnectException: Conexão recusada: /127.0.0.1:6379
</error>
  </testcase>
  <testcase name="testOffer[22]" classname="org.springframework.data.redis.support.collections.RedisListTests" time="0.002">
    <error message="Unable to connect to Redis on 127.0.0.1:6379; nested exception is com.lambdaworks.redis.RedisConnectionException: Unable to connect to /127.0.0.1:6379" type="org.springframework.data.redis.RedisConnectionFailureException">org.springframework.data.redis.RedisConnectionFailureException: Unable to connect to Redis on 127.0.0.1:6379; nested exception is com.lambdaworks.redis.RedisConnectionException: Unable to connect to /127.0.0.1:6379
Caused by: com.lambdaworks.redis.RedisConnectionException: Unable to connect to /127.0.0.1:6379
Caused by: java.net.ConnectException: Conexão recusada: /127.0.0.1:6379
</error>
  </testcase>
  <testcase name="testRange[22]" classname="org.springframework.data.redis.support.collections.RedisListTests" time="0.003">
    <error message="Unable to connect to Redis on 127.0.0.1:6379; nested exception is com.lambdaworks.redis.RedisConnectionException: Unable to connect to /127.0.0.1:6379" type="org.springframework.data.redis.RedisConnectionFailureException">org.springframework.data.redis.RedisConnectionFailureException: Unable to connect to Redis on 127.0.0.1:6379; nested exception is com.lambdaworks.redis.RedisConnectionException: Unable to connect to /127.0.0.1:6379
Caused by: com.lambdaworks.redis.RedisConnectionException: Unable to connect to /127.0.0.1:6379
Caused by: java.net.ConnectException: Conexão recusada: /127.0.0.1:6379
</error>
  </testcase>
  <testcase name="testRange[22]" classname="org.springframework.data.redis.support.collections.RedisListTests" time="0.004">
    <error message="Unable to connect to Redis on 127.0.0.1:6379; nested exception is com.lambdaworks.redis.RedisConnectionException: Unable to connect to /127.0.0.1:6379" type="org.springframework.data.redis.RedisConnectionFailureException">org.springframework.data.redis.RedisConnectionFailureException: Unable to connect to Redis on 127.0.0.1:6379; nested exception is com.lambdaworks.redis.RedisConnectionException: Unable to connect to /127.0.0.1:6379
Caused by: com.lambdaworks.redis.RedisConnectionException: Unable to connect to /127.0.0.1:6379
Caused by: java.net.ConnectException: Conexão recusada: /127.0.0.1:6379
</error>
  </testcase>
  <testcase name="testLast[22]" classname="org.springframework.data.redis.support.collections.RedisListTests" time="0.005">
    <error message="Unable to connect to Redis on 127.0.0.1:6379; nested exception is com.lambdaworks.redis.RedisConnectionException: Unable to connect to /127.0.0.1:6379" type="org.springframework.data.redis.RedisConnectionFailureException">org.springframework.data.redis.RedisConnectionFailureException: Unable to connect to Redis on 127.0.0.1:6379; nested exception is com.lambdaworks.redis.RedisConnectionException: Unable to connect to /127.0.0.1:6379
Caused by: com.lambdaworks.redis.RedisConnectionException: Unable to connect to /127.0.0.1:6379
Caused by: java.net.ConnectException: Conexão recusada: /127.0.0.1:6379
</error>
  </testcase>
  <testcase name="testLast[22]" classname="org.springframework.data.redis.support.collections.RedisListTests" time="0.005">
    <error message="Unable to connect to Redis on 127.0.0.1:6379; nested exception is com.lambdaworks.redis.RedisConnectionException: Unable to connect to /127.0.0.1:6379" type="org.springframework.data.redis.RedisConnectionFailureException">org.springframework.data.redis.RedisConnectionFailureException: Unable to connect to Redis on 127.0.0.1:6379; nested exception is com.lambdaworks.redis.RedisConnectionException: Unable to connect to /127.0.0.1:6379
Caused by: com.lambdaworks.redis.RedisConnectionException: Unable to connect to /127.0.0.1:6379
Caused by: java.net.ConnectException: Conexão recusada: /127.0.0.1:6379
</error>
  </testcase>
  <testcase name="testPeek[22]" classname="org.springframework.data.redis.support.collections.RedisListTests" time="0.004">
    <error message="Unable to connect to Redis on 127.0.0.1:6379; nested exception is com.lambdaworks.redis.RedisConnectionException: Unable to connect to /127.0.0.1:6379" type="org.springframework.data.redis.RedisConnectionFailureException">org.springframework.data.redis.RedisConnectionFailureException: Unable to connect to Redis on 127.0.0.1:6379; nested exception is com.lambdaworks.redis.RedisConnectionException: Unable to connect to /127.0.0.1:6379
Caused by: com.lambdaworks.redis.RedisConnectionException: Unable to connect to /127.0.0.1:6379
Caused by: java.net.ConnectException: Conexão recusada: /127.0.0.1:6379
</error>
  </testcase>
  <testcase name="testPeek[22]" classname="org.springframework.data.redis.support.collections.RedisListTests" time="0.004">
    <error message="Unable to connect to Redis on 127.0.0.1:6379; nested exception is com.lambdaworks.redis.RedisConnectionException: Unable to connect to /127.0.0.1:6379" type="org.springframework.data.redis.RedisConnectionFailureException">org.springframework.data.redis.RedisConnectionFailureException: Unable to connect to Redis on 127.0.0.1:6379; nested exception is com.lambdaworks.redis.RedisConnectionException: Unable to connect to /127.0.0.1:6379
Caused by: com.lambdaworks.redis.RedisConnectionException: Unable to connect to /127.0.0.1:6379
Caused by: java.net.ConnectException: Conexão recusada: /127.0.0.1:6379
</error>
  </testcase>
  <testcase name="testPoll[22]" classname="org.springframework.data.redis.support.collections.RedisListTests" time="0">
    <error message="Unable to connect to Redis on 127.0.0.1:6379; nested exception is com.lambdaworks.redis.RedisConnectionException: Unable to connect to /127.0.0.1:6379" type="org.springframework.data.redis.RedisConnectionFailureException">org.springframework.data.redis.RedisConnectionFailureException: Unable to connect to Redis on 127.0.0.1:6379; nested exception is com.lambdaworks.redis.RedisConnectionException: Unable to connect to /127.0.0.1:6379
Caused by: com.lambdaworks.redis.RedisConnectionException: Unable to connect to /127.0.0.1:6379
Caused by: java.net.ConnectException: Conexão recusada: /127.0.0.1:6379
</error>
  </testcase>
  <testcase name="testPoll[22]" classname="org.springframework.data.redis.support.collections.RedisListTests" time="0.004">
    <error message="Unable to connect to Redis on 127.0.0.1:6379; nested exception is com.lambdaworks.redis.RedisConnectionException: Unable to connect to /127.0.0.1:6379" type="org.springframework.data.redis.RedisConnectionFailureException">org.springframework.data.redis.RedisConnectionFailureException: Unable to connect to Redis on 127.0.0.1:6379; nested exception is com.lambdaworks.redis.RedisConnectionException: Unable to connect to /127.0.0.1:6379
Caused by: com.lambdaworks.redis.RedisConnectionException: Unable to connect to /127.0.0.1:6379
Caused by: java.net.ConnectException: Conexão recusada: /127.0.0.1:6379
</error>
  </testcase>
  <testcase name="testTake[22]" classname="org.springframework.data.redis.support.collections.RedisListTests" time="0">
    <error message="Unable to connect to Redis on 127.0.0.1:6379; nested exception is com.lambdaworks.redis.RedisConnectionException: Unable to connect to /127.0.0.1:6379" type="org.springframework.data.redis.RedisConnectionFailureException">org.springframework.data.redis.RedisConnectionFailureException: Unable to connect to Redis on 127.0.0.1:6379; nested exception is com.lambdaworks.redis.RedisConnectionException: Unable to connect to /127.0.0.1:6379
Caused by: com.lambdaworks.redis.RedisConnectionException: Unable to connect to /127.0.0.1:6379
Caused by: java.net.ConnectException: Conexão recusada: /127.0.0.1:6379
</error>
  </testcase>
  <testcase name="testTake[22]" classname="org.springframework.data.redis.support.collections.RedisListTests" time="0">
    <error message="Unable to connect to Redis on 127.0.0.1:6379; nested exception is com.lambdaworks.redis.RedisConnectionException: Unable to connect to /127.0.0.1:6379" type="org.springframework.data.redis.RedisConnectionFailureException">org.springframework.data.redis.RedisConnectionFailureException: Unable to connect to Redis on 127.0.0.1:6379; nested exception is com.lambdaworks.redis.RedisConnectionException: Unable to connect to /127.0.0.1:6379
Caused by: com.lambdaworks.redis.RedisConnectionException: Unable to connect to /127.0.0.1:6379
Caused by: java.net.ConnectException: Conexão recusada: /127.0.0.1:6379
</error>
  </testcase>
  <testcase name="testTrim[22]" classname="org.springframework.data.redis.support.collections.RedisListTests" time="0.002">
    <error message="Unable to connect to Redis on 127.0.0.1:6379; nested exception is com.lambdaworks.redis.RedisConnectionException: Unable to connect to /127.0.0.1:6379" type="org.springframework.data.redis.RedisConnectionFailureException">org.springframework.data.redis.RedisConnectionFailureException: Unable to connect to Redis on 127.0.0.1:6379; nested exception is com.lambdaworks.redis.RedisConnectionException: Unable to connect to /127.0.0.1:6379
Caused by: com.lambdaworks.redis.RedisConnectionException: Unable to connect to /127.0.0.1:6379
Caused by: java.net.ConnectException: Conexão recusada: /127.0.0.1:6379
</error>
  </testcase>
  <testcase name="testTrim[22]" classname="org.springframework.data.redis.support.collections.RedisListTests" time="0.002">
    <error message="Unable to connect to Redis on 127.0.0.1:6379; nested exception is com.lambdaworks.redis.RedisConnectionException: Unable to connect to /127.0.0.1:6379" type="org.springframework.data.redis.RedisConnectionFailureException">org.springframework.data.redis.RedisConnectionFailureException: Unable to connect to Redis on 127.0.0.1:6379; nested exception is com.lambdaworks.redis.RedisConnectionException: Unable to connect to /127.0.0.1:6379
Caused by: com.lambdaworks.redis.RedisConnectionException: Unable to connect to /127.0.0.1:6379
Caused by: java.net.ConnectException: Conexão recusada: /127.0.0.1:6379
</error>
  </testcase>
  <testcase name="testDrainToCollection[22]" classname="org.springframework.data.redis.support.collections.RedisListTests" time="0">
    <error message="Unable to connect to Redis on 127.0.0.1:6379; nested exception is com.lambdaworks.redis.RedisConnectionException: Unable to connect to /127.0.0.1:6379" type="org.springframework.data.redis.RedisConnectionFailureException">org.springframework.data.redis.RedisConnectionFailureException: Unable to connect to Redis on 127.0.0.1:6379; nested exception is com.lambdaworks.redis.RedisConnectionException: Unable to connect to /127.0.0.1:6379
Caused by: com.lambdaworks.redis.RedisConnectionException: Unable to connect to /127.0.0.1:6379
Caused by: java.net.ConnectException: Conexão recusada: /127.0.0.1:6379
</error>
  </testcase>
  <testcase name="testDrainToCollection[22]" classname="org.springframework.data.redis.support.collections.RedisListTests" time="0.006">
    <error message="Unable to connect to Redis on 127.0.0.1:6379; nested exception is com.lambdaworks.redis.RedisConnectionException: Unable to connect to /127.0.0.1:6379" type="org.springframework.data.redis.RedisConnectionFailureException">org.springframework.data.redis.RedisConnectionFailureException: Unable to connect to Redis on 127.0.0.1:6379; nested exception is com.lambdaworks.redis.RedisConnectionException: Unable to connect to /127.0.0.1:6379
Caused by: com.lambdaworks.redis.RedisConnectionException: Unable to connect to /127.0.0.1:6379
Caused by: java.net.ConnectException: Conexão recusada: /127.0.0.1:6379
</error>
  </testcase>
  <testcase name="testRemoveFirst[22]" classname="org.springframework.data.redis.support.collections.RedisListTests" time="0">
    <error message="Unable to connect to Redis on 127.0.0.1:6379; nested exception is com.lambdaworks.redis.RedisConnectionException: Unable to connect to /127.0.0.1:6379" type="org.springframework.data.redis.RedisConnectionFailureException">org.springframework.data.redis.RedisConnectionFailureException: Unable to connect to Redis on 127.0.0.1:6379; nested exception is com.lambdaworks.redis.RedisConnectionException: Unable to connect to /127.0.0.1:6379
Caused by: com.lambdaworks.redis.RedisConnectionException: Unable to connect to /127.0.0.1:6379
Caused by: java.net.ConnectException: Conexão recusada: /127.0.0.1:6379
</error>
  </testcase>
  <testcase name="testRemoveFirst[22]" classname="org.springframework.data.redis.support.collections.RedisListTests" time="0">
    <error message="Unable to connect to Redis on 127.0.0.1:6379; nested exception is com.lambdaworks.redis.RedisConnectionException: Unable to connect to /127.0.0.1:6379" type="org.springframework.data.redis.RedisConnectionFailureException">org.springframework.data.redis.RedisConnectionFailureException: Unable to connect to Redis on 127.0.0.1:6379; nested exception is com.lambdaworks.redis.RedisConnectionException: Unable to connect to /127.0.0.1:6379
Caused by: com.lambdaworks.redis.RedisConnectionException: Unable to connect to /127.0.0.1:6379
Caused by: java.net.ConnectException: Conexão recusada: /127.0.0.1:6379
</error>
  </testcase>
  <testcase name="testRemoveIndex[22]" classname="org.springframework.data.redis.support.collections.RedisListTests" time="0">
    <error message="Unable to connect to Redis on 127.0.0.1:6379; nested exception is com.lambdaworks.redis.RedisConnectionException: Unable to connect to /127.0.0.1:6379" type="org.springframework.data.redis.RedisConnectionFailureException">org.springframework.data.redis.RedisConnectionFailureException: Unable to connect to Redis on 127.0.0.1:6379; nested exception is com.lambdaworks.redis.RedisConnectionException: Unable to connect to /127.0.0.1:6379
Caused by: com.lambdaworks.redis.RedisConnectionException: Unable to connect to /127.0.0.1:6379
Caused by: java.net.ConnectException: Conexão recusada: /127.0.0.1:6379
</error>
  </testcase>
  <testcase name="testPutLast[22]" classname="org.springframework.data.redis.support.collections.RedisListTests" time="0">
    <error message="Unable to connect to Redis on 127.0.0.1:6379; nested exception is com.lambdaworks.redis.RedisConnectionException: Unable to connect to /127.0.0.1:6379" type="org.springframework.data.redis.RedisConnectionFailureException">org.springframework.data.redis.RedisConnectionFailureException: Unable to connect to Redis on 127.0.0.1:6379; nested exception is com.lambdaworks.redis.RedisConnectionException: Unable to connect to /127.0.0.1:6379
Caused by: com.lambdaworks.redis.RedisConnectionException: Unable to connect to /127.0.0.1:6379
Caused by: java.net.ConnectException: Conexão recusada: /127.0.0.1:6379
</error>
  </testcase>
  <testcase name="testPutLast[22]" classname="org.springframework.data.redis.support.collections.RedisListTests" time="0">
    <error message="Unable to connect to Redis on 127.0.0.1:6379; nested exception is com.lambdaworks.redis.RedisConnectionException: Unable to connect to /127.0.0.1:6379" type="org.springframework.data.redis.RedisConnectionFailureException">org.springframework.data.redis.RedisConnectionFailureException: Unable to connect to Redis on 127.0.0.1:6379; nested exception is com.lambdaworks.redis.RedisConnectionException: Unable to connect to /127.0.0.1:6379
Caused by: com.lambdaworks.redis.RedisConnectionException: Unable to connect to /127.0.0.1:6379
Caused by: java.net.ConnectException: Conexão recusada: /127.0.0.1:6379
</error>
  </testcase>
  <testcase name="testOfferFirst[22]" classname="org.springframework.data.redis.support.collections.RedisListTests" time="0.002">
    <error message="Unable to connect to Redis on 127.0.0.1:6379; nested exception is com.lambdaworks.redis.RedisConnectionException: Unable to connect to /127.0.0.1:6379" type="org.springframework.data.redis.RedisConnectionFailureException">org.springframework.data.redis.RedisConnectionFailureException: Unable to connect to Redis on 127.0.0.1:6379; nested exception is com.lambdaworks.redis.RedisConnectionException: Unable to connect to /127.0.0.1:6379
Caused by: com.lambdaworks.redis.RedisConnectionException: Unable to connect to /127.0.0.1:6379
Caused by: java.net.ConnectException: Conexão recusada: /127.0.0.1:6379
</error>
  </testcase>
  <testcase name="testOfferFirst[22]" classname="org.springframework.data.redis.support.collections.RedisListTests" time="0.003">
    <error message="Unable to connect to Redis on 127.0.0.1:6379; nested exception is com.lambdaworks.redis.RedisConnectionException: Unable to connect to /127.0.0.1:6379" type="org.springframework.data.redis.RedisConnectionFailureException">org.springframework.data.redis.RedisConnectionFailureException: Unable to connect to Redis on 127.0.0.1:6379; nested exception is com.lambdaworks.redis.RedisConnectionException: Unable to connect to /127.0.0.1:6379
Caused by: com.lambdaworks.redis.RedisConnectionException: Unable to connect to /127.0.0.1:6379
Caused by: java.net.ConnectException: Conexão recusada: /127.0.0.1:6379
</error>
  </testcase>
  <testcase name="testDescendingIterator[22]" classname="org.springframework.data.redis.support.collections.RedisListTests" time="0.001">
    <error message="Unable to connect to Redis on 127.0.0.1:6379; nested exception is com.lambdaworks.redis.RedisConnectionException: Unable to connect to /127.0.0.1:6379" type="org.springframework.data.redis.RedisConnectionFailureException">org.springframework.data.redis.RedisConnectionFailureException: Unable to connect to Redis on 127.0.0.1:6379; nested exception is com.lambdaworks.redis.RedisConnectionException: Unable to connect to /127.0.0.1:6379
Caused by: com.lambdaworks.redis.RedisConnectionException: Unable to connect to /127.0.0.1:6379
Caused by: java.net.ConnectException: Conexão recusada: /127.0.0.1:6379
</error>
  </testcase>
  <testcase name="testDescendingIterator[22]" classname="org.springframework.data.redis.support.collections.RedisListTests" time="0.001">
    <error message="Unable to connect to Redis on 127.0.0.1:6379; nested exception is com.lambdaworks.redis.RedisConnectionException: Unable to connect to /127.0.0.1:6379" type="org.springframework.data.redis.RedisConnectionFailureException">org.springframework.data.redis.RedisConnectionFailureException: Unable to connect to Redis on 127.0.0.1:6379; nested exception is com.lambdaworks.redis.RedisConnectionException: Unable to connect to /127.0.0.1:6379
Caused by: com.lambdaworks.redis.RedisConnectionException: Unable to connect to /127.0.0.1:6379
Caused by: java.net.ConnectException: Conexão recusada: /127.0.0.1:6379
</error>
  </testcase>
  <testcase name="testAddFirst[22]" classname="org.springframework.data.redis.support.collections.RedisListTests" time="0.002">
    <error message="Unable to connect to Redis on 127.0.0.1:6379; nested exception is com.lambdaworks.redis.RedisConnectionException: Unable to connect to /127.0.0.1:6379" type="org.springframework.data.redis.RedisConnectionFailureException">org.springframework.data.redis.RedisConnectionFailureException: Unable to connect to Redis on 127.0.0.1:6379; nested exception is com.lambdaworks.redis.RedisConnectionException: Unable to connect to /127.0.0.1:6379
Caused by: com.lambdaworks.redis.RedisConnectionException: Unable to connect to /127.0.0.1:6379
Caused by: java.net.ConnectException: Conexão recusada: /127.0.0.1:6379
</error>
  </testcase>
  <testcase name="testAddFirst[22]" classname="org.springframework.data.redis.support.collections.RedisListTests" time="0.002">
    <error message="Unable to connect to Redis on 127.0.0.1:6379; nested exception is com.lambdaworks.redis.RedisConnectionException: Unable to connect to /127.0.0.1:6379" type="org.springframework.data.redis.RedisConnectionFailureException">org.springframework.data.redis.RedisConnectionFailureException: Unable to connect to Redis on 127.0.0.1:6379; nested exception is com.lambdaworks.redis.RedisConnectionException: Unable to connect to /127.0.0.1:6379
Caused by: com.lambdaworks.redis.RedisConnectionException: Unable to connect to /127.0.0.1:6379
Caused by: java.net.ConnectException: Conexão recusada: /127.0.0.1:6379
</error>
  </testcase>
  <testcase name="testDrainToCollectionWithMaxElements[22]" classname="org.springframework.data.redis.support.collections.RedisListTests" time="0.001">
    <error message="Unable to connect to Redis on 127.0.0.1:6379; nested exception is com.lambdaworks.redis.RedisConnectionException: Unable to connect to /127.0.0.1:6379" type="org.springframework.data.redis.RedisConnectionFailureException">org.springframework.data.redis.RedisConnectionFailureException: Unable to connect to Redis on 127.0.0.1:6379; nested exception is com.lambdaworks.redis.RedisConnectionException: Unable to connect to /127.0.0.1:6379
Caused by: com.lambdaworks.redis.RedisConnectionException: Unable to connect to /127.0.0.1:6379
Caused by: java.net.ConnectException: Conexão recusada: /127.0.0.1:6379
</error>
  </testcase>
  <testcase name="testDrainToCollectionWithMaxElements[22]" classname="org.springframework.data.redis.support.collections.RedisListTests" time="0.002">
    <error message="Unable to connect to Redis on 127.0.0.1:6379; nested exception is com.lambdaworks.redis.RedisConnectionException: Unable to connect to /127.0.0.1:6379" type="org.springframework.data.redis.RedisConnectionFailureException">org.springframework.data.redis.RedisConnectionFailureException: Unable to connect to Redis on 127.0.0.1:6379; nested exception is com.lambdaworks.redis.RedisConnectionException: Unable to connect to /127.0.0.1:6379
Caused by: com.lambdaworks.redis.RedisConnectionException: Unable to connect to /127.0.0.1:6379
Caused by: java.net.ConnectException: Conexão recusada: /127.0.0.1:6379
</error>
  </testcase>
  <testcase name="testTakeLast[22]" classname="org.springframework.data.redis.support.collections.RedisListTests" time="0.003">
    <error message="Unable to connect to Redis on 127.0.0.1:6379; nested exception is com.lambdaworks.redis.RedisConnectionException: Unable to connect to /127.0.0.1:6379" type="org.springframework.data.redis.RedisConnectionFailureException">org.springframework.data.redis.RedisConnectionFailureException: Unable to connect to Redis on 127.0.0.1:6379; nested exception is com.lambdaworks.redis.RedisConnectionException: Unable to connect to /127.0.0.1:6379
Caused by: com.lambdaworks.redis.RedisConnectionException: Unable to connect to /127.0.0.1:6379
Caused by: java.net.ConnectException: Conexão recusada: /127.0.0.1:6379
</error>
  </testcase>
  <testcase name="testTakeLast[22]" classname="org.springframework.data.redis.support.collections.RedisListTests" time="0.003">
    <error message="Unable to connect to Redis on 127.0.0.1:6379; nested exception is com.lambdaworks.redis.RedisConnectionException: Unable to connect to /127.0.0.1:6379" type="org.springframework.data.redis.RedisConnectionFailureException">org.springframework.data.redis.RedisConnectionFailureException: Unable to connect to Redis on 127.0.0.1:6379; nested exception is com.lambdaworks.redis.RedisConnectionException: Unable to connect to /127.0.0.1:6379
Caused by: com.lambdaworks.redis.RedisConnectionException: Unable to connect to /127.0.0.1:6379
Caused by: java.net.ConnectException: Conexão recusada: /127.0.0.1:6379
</error>
  </testcase>
  <testcase name="testRemainingCapacity[22]" classname="org.springframework.data.redis.support.collections.RedisListTests" time="0">
    <error message="Unable to connect to Redis on 127.0.0.1:6379; nested exception is com.lambdaworks.redis.RedisConnectionException: Unable to connect to /127.0.0.1:6379" type="org.springframework.data.redis.RedisConnectionFailureException">org.springframework.data.redis.RedisConnectionFailureException: Unable to connect to Redis on 127.0.0.1:6379; nested exception is com.lambdaworks.redis.RedisConnectionException: Unable to connect to /127.0.0.1:6379
Caused by: com.lambdaworks.redis.RedisConnectionException: Unable to connect to /127.0.0.1:6379
Caused by: java.net.ConnectException: Conexão recusada: /127.0.0.1:6379
</error>
  </testcase>
  <testcase name="testRemoveLast[22]" classname="org.springframework.data.redis.support.collections.RedisListTests" time="0.002">
    <error message="Unable to connect to Redis on 127.0.0.1:6379; nested exception is com.lambdaworks.redis.RedisConnectionException: Unable to connect to /127.0.0.1:6379" type="org.springframework.data.redis.RedisConnectionFailureException">org.springframework.data.redis.RedisConnectionFailureException: Unable to connect to Redis on 127.0.0.1:6379; nested exception is com.lambdaworks.redis.RedisConnectionException: Unable to connect to /127.0.0.1:6379
Caused by: com.lambdaworks.redis.RedisConnectionException: Unable to connect to /127.0.0.1:6379
Caused by: java.net.ConnectException: Conexão recusada: /127.0.0.1:6379
</error>
  </testcase>
  <testcase name="testRemoveLast[22]" classname="org.springframework.data.redis.support.collections.RedisListTests" time="0.003">
    <error message="Unable to connect to Redis on 127.0.0.1:6379; nested exception is com.lambdaworks.redis.RedisConnectionException: Unable to connect to /127.0.0.1:6379" type="org.springframework.data.redis.RedisConnectionFailureException">org.springframework.data.redis.RedisConnectionFailureException: Unable to connect to Redis on 127.0.0.1:6379; nested exception is com.lambdaworks.redis.RedisConnectionException: Unable to connect to /127.0.0.1:6379
Caused by: com.lambdaworks.redis.RedisConnectionException: Unable to connect to /127.0.0.1:6379
Caused by: java.net.ConnectException: Conexão recusada: /127.0.0.1:6379
</error>
  </testcase>
  <testcase name="testAddIndexObjectHead[22]" classname="org.springframework.data.redis.support.collections.RedisListTests" time="0.001">
    <error message="Unable to connect to Redis on 127.0.0.1:6379; nested exception is com.lambdaworks.redis.RedisConnectionException: Unable to connect to /127.0.0.1:6379" type="org.springframework.data.redis.RedisConnectionFailureException">org.springframework.data.redis.RedisConnectionFailureException: Unable to connect to Redis on 127.0.0.1:6379; nested exception is com.lambdaworks.redis.RedisConnectionException: Unable to connect to /127.0.0.1:6379
Caused by: com.lambdaworks.redis.RedisConnectionException: Unable to connect to /127.0.0.1:6379
Caused by: java.net.ConnectException: Conexão recusada: /127.0.0.1:6379
</error>
  </testcase>
  <testcase name="testAddIndexObjectHead[22]" classname="org.springframework.data.redis.support.collections.RedisListTests" time="0.001">
    <error message="Unable to connect to Redis on 127.0.0.1:6379; nested exception is com.lambdaworks.redis.RedisConnectionException: Unable to connect to /127.0.0.1:6379" type="org.springframework.data.redis.RedisConnectionFailureException">org.springframework.data.redis.RedisConnectionFailureException: Unable to connect to Redis on 127.0.0.1:6379; nested exception is com.lambdaworks.redis.RedisConnectionException: Unable to connect to /127.0.0.1:6379
Caused by: com.lambdaworks.redis.RedisConnectionException: Unable to connect to /127.0.0.1:6379
Caused by: java.net.ConnectException: Conexão recusada: /127.0.0.1:6379
</error>
  </testcase>
  <testcase name="testAddIndexObjectTail[22]" classname="org.springframework.data.redis.support.collections.RedisListTests" time="0.007">
    <error message="Unable to connect to Redis on 127.0.0.1:6379; nested exception is com.lambdaworks.redis.RedisConnectionException: Unable to connect to /127.0.0.1:6379" type="org.springframework.data.redis.RedisConnectionFailureException">org.springframework.data.redis.RedisConnectionFailureException: Unable to connect to Redis on 127.0.0.1:6379; nested exception is com.lambdaworks.redis.RedisConnectionException: Unable to connect to /127.0.0.1:6379
Caused by: com.lambdaworks.redis.RedisConnectionException: Unable to connect to /127.0.0.1:6379
Caused by: java.net.ConnectException: Conexão recusada: /127.0.0.1:6379
</error>
  </testcase>
  <testcase name="testAddIndexObjectTail[22]" classname="org.springframework.data.redis.support.collections.RedisListTests" time="0.007">
    <error message="Unable to connect to Redis on 127.0.0.1:6379; nested exception is com.lambdaworks.redis.RedisConnectionException: Unable to connect to /127.0.0.1:6379" type="org.springframework.data.redis.RedisConnectionFailureException">org.springframework.data.redis.RedisConnectionFailureException: Unable to connect to Redis on 127.0.0.1:6379; nested exception is com.lambdaworks.redis.RedisConnectionException: Unable to connect to /127.0.0.1:6379
Caused by: com.lambdaworks.redis.RedisConnectionException: Unable to connect to /127.0.0.1:6379
Caused by: java.net.ConnectException: Conexão recusada: /127.0.0.1:6379
</error>
  </testcase>
  <testcase name="testPollFirst[22]" classname="org.springframework.data.redis.support.collections.RedisListTests" time="0">
    <error message="Unable to connect to Redis on 127.0.0.1:6379; nested exception is com.lambdaworks.redis.RedisConnectionException: Unable to connect to /127.0.0.1:6379" type="org.springframework.data.redis.RedisConnectionFailureException">org.springframework.data.redis.RedisConnectionFailureException: Unable to connect to Redis on 127.0.0.1:6379; nested exception is com.lambdaworks.redis.RedisConnectionException: Unable to connect to /127.0.0.1:6379
Caused by: com.lambdaworks.redis.RedisConnectionException: Unable to connect to /127.0.0.1:6379
Caused by: java.net.ConnectException: Conexão recusada: /127.0.0.1:6379
</error>
  </testcase>
  <testcase name="testPollFirst[22]" classname="org.springframework.data.redis.support.collections.RedisListTests" time="0">
    <error message="Unable to connect to Redis on 127.0.0.1:6379; nested exception is com.lambdaworks.redis.RedisConnectionException: Unable to connect to /127.0.0.1:6379" type="org.springframework.data.redis.RedisConnectionFailureException">org.springframework.data.redis.RedisConnectionFailureException: Unable to connect to Redis on 127.0.0.1:6379; nested exception is com.lambdaworks.redis.RedisConnectionException: Unable to connect to /127.0.0.1:6379
Caused by: com.lambdaworks.redis.RedisConnectionException: Unable to connect to /127.0.0.1:6379
Caused by: java.net.ConnectException: Conexão recusada: /127.0.0.1:6379
</error>
  </testcase>
  <testcase name="testAddIndexObjectMiddle[22]" classname="org.springframework.data.redis.support.collections.RedisListTests" time="0">
    <error message="Unexpected exception, expected&lt;java.lang.IllegalArgumentException&gt; but was&lt;org.springframework.data.redis.RedisConnectionFailureException&gt;" type="java.lang.Exception"><![CDATA[java.lang.Exception: Unexpected exception, expected<java.lang.IllegalArgumentException> but was<org.springframework.data.redis.RedisConnectionFailureException>
Caused by: org.springframework.data.redis.RedisConnectionFailureException: Unable to connect to Redis on 127.0.0.1:6379; nested exception is com.lambdaworks.redis.RedisConnectionException: Unable to connect to /127.0.0.1:6379
Caused by: com.lambdaworks.redis.RedisConnectionException: Unable to connect to /127.0.0.1:6379
Caused by: java.net.ConnectException: Conexão recusada: /127.0.0.1:6379
]]></error>
  </testcase>
  <testcase name="testAddIndexObjectMiddle[22]" classname="org.springframework.data.redis.support.collections.RedisListTests" time="0">
    <error message="Unable to connect to Redis on 127.0.0.1:6379; nested exception is com.lambdaworks.redis.RedisConnectionException: Unable to connect to /127.0.0.1:6379" type="org.springframework.data.redis.RedisConnectionFailureException">org.springframework.data.redis.RedisConnectionFailureException: Unable to connect to Redis on 127.0.0.1:6379; nested exception is com.lambdaworks.redis.RedisConnectionException: Unable to connect to /127.0.0.1:6379
Caused by: com.lambdaworks.redis.RedisConnectionException: Unable to connect to /127.0.0.1:6379
Caused by: java.net.ConnectException: Conexão recusada: /127.0.0.1:6379
</error>
  </testcase>
  <testcase name="testPeekLast[22]" classname="org.springframework.data.redis.support.collections.RedisListTests" time="0.007">
    <error message="Unable to connect to Redis on 127.0.0.1:6379; nested exception is com.lambdaworks.redis.RedisConnectionException: Unable to connect to /127.0.0.1:6379" type="org.springframework.data.redis.RedisConnectionFailureException">org.springframework.data.redis.RedisConnectionFailureException: Unable to connect to Redis on 127.0.0.1:6379; nested exception is com.lambdaworks.redis.RedisConnectionException: Unable to connect to /127.0.0.1:6379
Caused by: com.lambdaworks.redis.RedisConnectionException: Unable to connect to /127.0.0.1:6379
Caused by: java.net.ConnectException: Conexão recusada: /127.0.0.1:6379
</error>
  </testcase>
  <testcase name="testPeekLast[22]" classname="org.springframework.data.redis.support.collections.RedisListTests" time="0.007">
    <error message="Unable to connect to Redis on 127.0.0.1:6379; nested exception is com.lambdaworks.redis.RedisConnectionException: Unable to connect to /127.0.0.1:6379" type="org.springframework.data.redis.RedisConnectionFailureException">org.springframework.data.redis.RedisConnectionFailureException: Unable to connect to Redis on 127.0.0.1:6379; nested exception is com.lambdaworks.redis.RedisConnectionException: Unable to connect to /127.0.0.1:6379
Caused by: com.lambdaworks.redis.RedisConnectionException: Unable to connect to /127.0.0.1:6379
Caused by: java.net.ConnectException: Conexão recusada: /127.0.0.1:6379
</error>
  </testcase>
  <testcase name="testRemoveFirstOccurrence[22]" classname="org.springframework.data.redis.support.collections.RedisListTests" time="0.002">
    <error message="Unable to connect to Redis on 127.0.0.1:6379; nested exception is com.lambdaworks.redis.RedisConnectionException: Unable to connect to /127.0.0.1:6379" type="org.springframework.data.redis.RedisConnectionFailureException">org.springframework.data.redis.RedisConnectionFailureException: Unable to connect to Redis on 127.0.0.1:6379; nested exception is com.lambdaworks.redis.RedisConnectionException: Unable to connect to /127.0.0.1:6379
Caused by: com.lambdaworks.redis.RedisConnectionException: Unable to connect to /127.0.0.1:6379
Caused by: java.net.ConnectException: Conexão recusada: /127.0.0.1:6379
</error>
  </testcase>
  <testcase name="testRemoveFirstOccurrence[22]" classname="org.springframework.data.redis.support.collections.RedisListTests" time="0.002">
    <error message="Unable to connect to Redis on 127.0.0.1:6379; nested exception is com.lambdaworks.redis.RedisConnectionException: Unable to connect to /127.0.0.1:6379" type="org.springframework.data.redis.RedisConnectionFailureException">org.springframework.data.redis.RedisConnectionFailureException: Unable to connect to Redis on 127.0.0.1:6379; nested exception is com.lambdaworks.redis.RedisConnectionException: Unable to connect to /127.0.0.1:6379
Caused by: com.lambdaworks.redis.RedisConnectionException: Unable to connect to /127.0.0.1:6379
Caused by: java.net.ConnectException: Conexão recusada: /127.0.0.1:6379
</error>
  </testcase>
  <testcase name="addAllIndexCollectionHead[22]" classname="org.springframework.data.redis.support.collections.RedisListTests" time="0.001">
    <error message="Unable to connect to Redis on 127.0.0.1:6379; nested exception is com.lambdaworks.redis.RedisConnectionException: Unable to connect to /127.0.0.1:6379" type="org.springframework.data.redis.RedisConnectionFailureException">org.springframework.data.redis.RedisConnectionFailureException: Unable to connect to Redis on 127.0.0.1:6379; nested exception is com.lambdaworks.redis.RedisConnectionException: Unable to connect to /127.0.0.1:6379
Caused by: com.lambdaworks.redis.RedisConnectionException: Unable to connect to /127.0.0.1:6379
Caused by: java.net.ConnectException: Conexão recusada: /127.0.0.1:6379
</error>
  </testcase>
  <testcase name="addAllIndexCollectionHead[22]" classname="org.springframework.data.redis.support.collections.RedisListTests" time="0.001">
    <error message="Unable to connect to Redis on 127.0.0.1:6379; nested exception is com.lambdaworks.redis.RedisConnectionException: Unable to connect to /127.0.0.1:6379" type="org.springframework.data.redis.RedisConnectionFailureException">org.springframework.data.redis.RedisConnectionFailureException: Unable to connect to Redis on 127.0.0.1:6379; nested exception is com.lambdaworks.redis.RedisConnectionException: Unable to connect to /127.0.0.1:6379
Caused by: com.lambdaworks.redis.RedisConnectionException: Unable to connect to /127.0.0.1:6379
Caused by: java.net.ConnectException: Conexão recusada: /127.0.0.1:6379
</error>
  </testcase>
  <testcase name="addAllIndexCollectionTail[22]" classname="org.springframework.data.redis.support.collections.RedisListTests" time="0.002">
    <error message="Unable to connect to Redis on 127.0.0.1:6379; nested exception is com.lambdaworks.redis.RedisConnectionException: Unable to connect to /127.0.0.1:6379" type="org.springframework.data.redis.RedisConnectionFailureException">org.springframework.data.redis.RedisConnectionFailureException: Unable to connect to Redis on 127.0.0.1:6379; nested exception is com.lambdaworks.redis.RedisConnectionException: Unable to connect to /127.0.0.1:6379
Caused by: com.lambdaworks.redis.RedisConnectionException: Unable to connect to /127.0.0.1:6379
Caused by: java.net.ConnectException: Conexão recusada: /127.0.0.1:6379
</error>
  </testcase>
  <testcase name="addAllIndexCollectionTail[22]" classname="org.springframework.data.redis.support.collections.RedisListTests" time="0.003">
    <error message="Unable to connect to Redis on 127.0.0.1:6379; nested exception is com.lambdaworks.redis.RedisConnectionException: Unable to connect to /127.0.0.1:6379" type="org.springframework.data.redis.RedisConnectionFailureException">org.springframework.data.redis.RedisConnectionFailureException: Unable to connect to Redis on 127.0.0.1:6379; nested exception is com.lambdaworks.redis.RedisConnectionException: Unable to connect to /127.0.0.1:6379
Caused by: com.lambdaworks.redis.RedisConnectionException: Unable to connect to /127.0.0.1:6379
Caused by: java.net.ConnectException: Conexão recusada: /127.0.0.1:6379
</error>
  </testcase>
  <testcase name="addAllIndexCollectionMiddle[22]" classname="org.springframework.data.redis.support.collections.RedisListTests" time="0.001">
    <error message="Unexpected exception, expected&lt;java.lang.IllegalArgumentException&gt; but was&lt;org.springframework.data.redis.RedisConnectionFailureException&gt;" type="java.lang.Exception"><![CDATA[java.lang.Exception: Unexpected exception, expected<java.lang.IllegalArgumentException> but was<org.springframework.data.redis.RedisConnectionFailureException>
Caused by: org.springframework.data.redis.RedisConnectionFailureException: Unable to connect to Redis on 127.0.0.1:6379; nested exception is com.lambdaworks.redis.RedisConnectionException: Unable to connect to /127.0.0.1:6379
Caused by: com.lambdaworks.redis.RedisConnectionException: Unable to connect to /127.0.0.1:6379
Caused by: java.net.ConnectException: Conexão recusada: /127.0.0.1:6379
]]></error>
  </testcase>
  <testcase name="addAllIndexCollectionMiddle[22]" classname="org.springframework.data.redis.support.collections.RedisListTests" time="0.002">
    <error message="Unable to connect to Redis on 127.0.0.1:6379; nested exception is com.lambdaworks.redis.RedisConnectionException: Unable to connect to /127.0.0.1:6379" type="org.springframework.data.redis.RedisConnectionFailureException">org.springframework.data.redis.RedisConnectionFailureException: Unable to connect to Redis on 127.0.0.1:6379; nested exception is com.lambdaworks.redis.RedisConnectionException: Unable to connect to /127.0.0.1:6379
Caused by: com.lambdaworks.redis.RedisConnectionException: Unable to connect to /127.0.0.1:6379
Caused by: java.net.ConnectException: Conexão recusada: /127.0.0.1:6379
</error>
  </testcase>
  <testcase name="testPollLast[22]" classname="org.springframework.data.redis.support.collections.RedisListTests" time="0.005">
    <error message="Unable to connect to Redis on 127.0.0.1:6379; nested exception is com.lambdaworks.redis.RedisConnectionException: Unable to connect to /127.0.0.1:6379" type="org.springframework.data.redis.RedisConnectionFailureException">org.springframework.data.redis.RedisConnectionFailureException: Unable to connect to Redis on 127.0.0.1:6379; nested exception is com.lambdaworks.redis.RedisConnectionException: Unable to connect to /127.0.0.1:6379
Caused by: com.lambdaworks.redis.RedisConnectionException: Unable to connect to /127.0.0.1:6379
Caused by: java.net.ConnectException: Conexão recusada: /127.0.0.1:6379
</error>
  </testcase>
  <testcase name="testPollLast[22]" classname="org.springframework.data.redis.support.collections.RedisListTests" time="0.005">
    <error message="Unable to connect to Redis on 127.0.0.1:6379; nested exception is com.lambdaworks.redis.RedisConnectionException: Unable to connect to /127.0.0.1:6379" type="org.springframework.data.redis.RedisConnectionFailureException">org.springframework.data.redis.RedisConnectionFailureException: Unable to connect to Redis on 127.0.0.1:6379; nested exception is com.lambdaworks.redis.RedisConnectionException: Unable to connect to /127.0.0.1:6379
Caused by: com.lambdaworks.redis.RedisConnectionException: Unable to connect to /127.0.0.1:6379
Caused by: java.net.ConnectException: Conexão recusada: /127.0.0.1:6379
</error>
  </testcase>
  <testcase name="testIndexOfObject[22]" classname="org.springframework.data.redis.support.collections.RedisListTests" time="0">
    <error message="Unable to connect to Redis on 127.0.0.1:6379; nested exception is com.lambdaworks.redis.RedisConnectionException: Unable to connect to /127.0.0.1:6379" type="org.springframework.data.redis.RedisConnectionFailureException">org.springframework.data.redis.RedisConnectionFailureException: Unable to connect to Redis on 127.0.0.1:6379; nested exception is com.lambdaworks.redis.RedisConnectionException: Unable to connect to /127.0.0.1:6379
Caused by: com.lambdaworks.redis.RedisConnectionException: Unable to connect to /127.0.0.1:6379
Caused by: java.net.ConnectException: Conexão recusada: /127.0.0.1:6379
</error>
  </testcase>
  <testcase name="testPollTimeout[22]" classname="org.springframework.data.redis.support.collections.RedisListTests" time="0.005">
    <error message="Unable to connect to Redis on 127.0.0.1:6379; nested exception is com.lambdaworks.redis.RedisConnectionException: Unable to connect to /127.0.0.1:6379" type="org.springframework.data.redis.RedisConnectionFailureException">org.springframework.data.redis.RedisConnectionFailureException: Unable to connect to Redis on 127.0.0.1:6379; nested exception is com.lambdaworks.redis.RedisConnectionException: Unable to connect to /127.0.0.1:6379
Caused by: com.lambdaworks.redis.RedisConnectionException: Unable to connect to /127.0.0.1:6379
Caused by: java.net.ConnectException: Conexão recusada: /127.0.0.1:6379
</error>
  </testcase>
  <testcase name="testPollTimeout[22]" classname="org.springframework.data.redis.support.collections.RedisListTests" time="0.005">
    <error message="Unable to connect to Redis on 127.0.0.1:6379; nested exception is com.lambdaworks.redis.RedisConnectionException: Unable to connect to /127.0.0.1:6379" type="org.springframework.data.redis.RedisConnectionFailureException">org.springframework.data.redis.RedisConnectionFailureException: Unable to connect to Redis on 127.0.0.1:6379; nested exception is com.lambdaworks.redis.RedisConnectionException: Unable to connect to /127.0.0.1:6379
Caused by: com.lambdaworks.redis.RedisConnectionException: Unable to connect to /127.0.0.1:6379
Caused by: java.net.ConnectException: Conexão recusada: /127.0.0.1:6379
</error>
  </testcase>
  <testcase name="testRemove[22]" classname="org.springframework.data.redis.support.collections.RedisListTests" time="0.001">
    <error message="Unable to connect to Redis on 127.0.0.1:6379; nested exception is com.lambdaworks.redis.RedisConnectionException: Unable to connect to /127.0.0.1:6379" type="org.springframework.data.redis.RedisConnectionFailureException">org.springframework.data.redis.RedisConnectionFailureException: Unable to connect to Redis on 127.0.0.1:6379; nested exception is com.lambdaworks.redis.RedisConnectionException: Unable to connect to /127.0.0.1:6379
Caused by: com.lambdaworks.redis.RedisConnectionException: Unable to connect to /127.0.0.1:6379
Caused by: java.net.ConnectException: Conexão recusada: /127.0.0.1:6379
</error>
  </testcase>
  <testcase name="testRemove[22]" classname="org.springframework.data.redis.support.collections.RedisListTests" time="0.001">
    <error message="Unable to connect to Redis on 127.0.0.1:6379; nested exception is com.lambdaworks.redis.RedisConnectionException: Unable to connect to /127.0.0.1:6379" type="org.springframework.data.redis.RedisConnectionFailureException">org.springframework.data.redis.RedisConnectionFailureException: Unable to connect to Redis on 127.0.0.1:6379; nested exception is com.lambdaworks.redis.RedisConnectionException: Unable to connect to /127.0.0.1:6379
Caused by: com.lambdaworks.redis.RedisConnectionException: Unable to connect to /127.0.0.1:6379
Caused by: java.net.ConnectException: Conexão recusada: /127.0.0.1:6379
</error>
  </testcase>
  <testcase name="testCappedCollection[22]" classname="org.springframework.data.redis.support.collections.RedisListTests" time="0.003">
    <error message="Unable to connect to Redis on 127.0.0.1:6379; nested exception is com.lambdaworks.redis.RedisConnectionException: Unable to connect to /127.0.0.1:6379" type="org.springframework.data.redis.RedisConnectionFailureException">org.springframework.data.redis.RedisConnectionFailureException: Unable to connect to Redis on 127.0.0.1:6379; nested exception is com.lambdaworks.redis.RedisConnectionException: Unable to connect to /127.0.0.1:6379
Caused by: com.lambdaworks.redis.RedisConnectionException: Unable to connect to /127.0.0.1:6379
Caused by: java.net.ConnectException: Conexão recusada: /127.0.0.1:6379
</error>
  </testcase>
  <testcase name="testCappedCollection[22]" classname="org.springframework.data.redis.support.collections.RedisListTests" time="0.003">
    <error message="Unable to connect to Redis on 127.0.0.1:6379; nested exception is com.lambdaworks.redis.RedisConnectionException: Unable to connect to /127.0.0.1:6379" type="org.springframework.data.redis.RedisConnectionFailureException">org.springframework.data.redis.RedisConnectionFailureException: Unable to connect to Redis on 127.0.0.1:6379; nested exception is com.lambdaworks.redis.RedisConnectionException: Unable to connect to /127.0.0.1:6379
Caused by: com.lambdaworks.redis.RedisConnectionException: Unable to connect to /127.0.0.1:6379
Caused by: java.net.ConnectException: Conexão recusada: /127.0.0.1:6379
</error>
  </testcase>
  <testcase name="testRmoveLastOccurrence[22]" classname="org.springframework.data.redis.support.collections.RedisListTests" time="0.001">
    <error message="Unable to connect to Redis on 127.0.0.1:6379; nested exception is com.lambdaworks.redis.RedisConnectionException: Unable to connect to /127.0.0.1:6379" type="org.springframework.data.redis.RedisConnectionFailureException">org.springframework.data.redis.RedisConnectionFailureException: Unable to connect to Redis on 127.0.0.1:6379; nested exception is com.lambdaworks.redis.RedisConnectionException: Unable to connect to /127.0.0.1:6379
Caused by: com.lambdaworks.redis.RedisConnectionException: Unable to connect to /127.0.0.1:6379
Caused by: java.net.ConnectException: Conexão recusada: /127.0.0.1:6379
</error>
  </testcase>
  <testcase name="testRmoveLastOccurrence[22]" classname="org.springframework.data.redis.support.collections.RedisListTests" time="0.001">
    <error message="Unable to connect to Redis on 127.0.0.1:6379; nested exception is com.lambdaworks.redis.RedisConnectionException: Unable to connect to /127.0.0.1:6379" type="org.springframework.data.redis.RedisConnectionFailureException">org.springframework.data.redis.RedisConnectionFailureException: Unable to connect to Redis on 127.0.0.1:6379; nested exception is com.lambdaworks.redis.RedisConnectionException: Unable to connect to /127.0.0.1:6379
Caused by: com.lambdaworks.redis.RedisConnectionException: Unable to connect to /127.0.0.1:6379
Caused by: java.net.ConnectException: Conexão recusada: /127.0.0.1:6379
</error>
  </testcase>
  <testcase name="testTakeFirst[22]" classname="org.springframework.data.redis.support.collections.RedisListTests" time="0.007">
    <error message="Unable to connect to Redis on 127.0.0.1:6379; nested exception is com.lambdaworks.redis.RedisConnectionException: Unable to connect to /127.0.0.1:6379" type="org.springframework.data.redis.RedisConnectionFailureException">org.springframework.data.redis.RedisConnectionFailureException: Unable to connect to Redis on 127.0.0.1:6379; nested exception is com.lambdaworks.redis.RedisConnectionException: Unable to connect to /127.0.0.1:6379
Caused by: com.lambdaworks.redis.RedisConnectionException: Unable to connect to /127.0.0.1:6379
Caused by: java.net.ConnectException: Conexão recusada: /127.0.0.1:6379
</error>
  </testcase>
  <testcase name="testTakeFirst[22]" classname="org.springframework.data.redis.support.collections.RedisListTests" time="0.007">
    <error message="Unable to connect to Redis on 127.0.0.1:6379; nested exception is com.lambdaworks.redis.RedisConnectionException: Unable to connect to /127.0.0.1:6379" type="org.springframework.data.redis.RedisConnectionFailureException">org.springframework.data.redis.RedisConnectionFailureException: Unable to connect to Redis on 127.0.0.1:6379; nested exception is com.lambdaworks.redis.RedisConnectionException: Unable to connect to /127.0.0.1:6379
Caused by: com.lambdaworks.redis.RedisConnectionException: Unable to connect to /127.0.0.1:6379
Caused by: java.net.ConnectException: Conexão recusada: /127.0.0.1:6379
</error>
  </testcase>
  <testcase name="testContainsObject[22]" classname="org.springframework.data.redis.support.collections.RedisListTests" time="0.001">
    <error message="Unable to connect to Redis on 127.0.0.1:6379; nested exception is com.lambdaworks.redis.RedisConnectionException: Unable to connect to /127.0.0.1:6379" type="org.springframework.data.redis.RedisConnectionFailureException">org.springframework.data.redis.RedisConnectionFailureException: Unable to connect to Redis on 127.0.0.1:6379; nested exception is com.lambdaworks.redis.RedisConnectionException: Unable to connect to /127.0.0.1:6379
Caused by: com.lambdaworks.redis.RedisConnectionException: Unable to connect to /127.0.0.1:6379
Caused by: java.net.ConnectException: Conexão recusada: /127.0.0.1:6379
</error>
  </testcase>
  <testcase name="testContainsObject[22]" classname="org.springframework.data.redis.support.collections.RedisListTests" time="0.001">
    <error message="Unable to connect to Redis on 127.0.0.1:6379; nested exception is com.lambdaworks.redis.RedisConnectionException: Unable to connect to /127.0.0.1:6379" type="org.springframework.data.redis.RedisConnectionFailureException">org.springframework.data.redis.RedisConnectionFailureException: Unable to connect to Redis on 127.0.0.1:6379; nested exception is com.lambdaworks.redis.RedisConnectionException: Unable to connect to /127.0.0.1:6379
Caused by: com.lambdaworks.redis.RedisConnectionException: Unable to connect to /127.0.0.1:6379
Caused by: java.net.ConnectException: Conexão recusada: /127.0.0.1:6379
</error>
  </testcase>
  <testcase name="testToArray[22]" classname="org.springframework.data.redis.support.collections.RedisListTests" time="0.001">
    <error message="Unable to connect to Redis on 127.0.0.1:6379; nested exception is com.lambdaworks.redis.RedisConnectionException: Unable to connect to /127.0.0.1:6379" type="org.springframework.data.redis.RedisConnectionFailureException">org.springframework.data.redis.RedisConnectionFailureException: Unable to connect to Redis on 127.0.0.1:6379; nested exception is com.lambdaworks.redis.RedisConnectionException: Unable to connect to /127.0.0.1:6379
Caused by: com.lambdaworks.redis.RedisConnectionException: Unable to connect to /127.0.0.1:6379
Caused by: java.net.ConnectException: Conexão recusada: /127.0.0.1:6379
</error>
  </testcase>
  <testcase name="testToArray[22]" classname="org.springframework.data.redis.support.collections.RedisListTests" time="0.001">
    <error message="Unable to connect to Redis on 127.0.0.1:6379; nested exception is com.lambdaworks.redis.RedisConnectionException: Unable to connect to /127.0.0.1:6379" type="org.springframework.data.redis.RedisConnectionFailureException">org.springframework.data.redis.RedisConnectionFailureException: Unable to connect to Redis on 127.0.0.1:6379; nested exception is com.lambdaworks.redis.RedisConnectionException: Unable to connect to /127.0.0.1:6379
Caused by: com.lambdaworks.redis.RedisConnectionException: Unable to connect to /127.0.0.1:6379
Caused by: java.net.ConnectException: Conexão recusada: /127.0.0.1:6379
</error>
  </testcase>
  <testcase name="testAdd[22]" classname="org.springframework.data.redis.support.collections.RedisListTests" time="0.001">
    <error message="Unable to connect to Redis on 127.0.0.1:6379; nested exception is com.lambdaworks.redis.RedisConnectionException: Unable to connect to /127.0.0.1:6379" type="org.springframework.data.redis.RedisConnectionFailureException">org.springframework.data.redis.RedisConnectionFailureException: Unable to connect to Redis on 127.0.0.1:6379; nested exception is com.lambdaworks.redis.RedisConnectionException: Unable to connect to /127.0.0.1:6379
Caused by: com.lambdaworks.redis.RedisConnectionException: Unable to connect to /127.0.0.1:6379
Caused by: java.net.ConnectException: Conexão recusada: /127.0.0.1:6379
</error>
  </testcase>
  <testcase name="testAdd[22]" classname="org.springframework.data.redis.support.collections.RedisListTests" time="0.001">
    <error message="Unable to connect to Redis on 127.0.0.1:6379; nested exception is com.lambdaworks.redis.RedisConnectionException: Unable to connect to /127.0.0.1:6379" type="org.springframework.data.redis.RedisConnectionFailureException">org.springframework.data.redis.RedisConnectionFailureException: Unable to connect to Redis on 127.0.0.1:6379; nested exception is com.lambdaworks.redis.RedisConnectionException: Unable to connect to /127.0.0.1:6379
Caused by: com.lambdaworks.redis.RedisConnectionException: Unable to connect to /127.0.0.1:6379
Caused by: java.net.ConnectException: Conexão recusada: /127.0.0.1:6379
</error>
  </testcase>
  <testcase name="testClear[22]" classname="org.springframework.data.redis.support.collections.RedisListTests" time="0.001">
    <error message="Unable to connect to Redis on 127.0.0.1:6379; nested exception is com.lambdaworks.redis.RedisConnectionException: Unable to connect to /127.0.0.1:6379" type="org.springframework.data.redis.RedisConnectionFailureException">org.springframework.data.redis.RedisConnectionFailureException: Unable to connect to Redis on 127.0.0.1:6379; nested exception is com.lambdaworks.redis.RedisConnectionException: Unable to connect to /127.0.0.1:6379
Caused by: com.lambdaworks.redis.RedisConnectionException: Unable to connect to /127.0.0.1:6379
Caused by: java.net.ConnectException: Conexão recusada: /127.0.0.1:6379
</error>
  </testcase>
  <testcase name="testClear[22]" classname="org.springframework.data.redis.support.collections.RedisListTests" time="0.001">
    <error message="Unable to connect to Redis on 127.0.0.1:6379; nested exception is com.lambdaworks.redis.RedisConnectionException: Unable to connect to /127.0.0.1:6379" type="org.springframework.data.redis.RedisConnectionFailureException">org.springframework.data.redis.RedisConnectionFailureException: Unable to connect to Redis on 127.0.0.1:6379; nested exception is com.lambdaworks.redis.RedisConnectionException: Unable to connect to /127.0.0.1:6379
Caused by: com.lambdaworks.redis.RedisConnectionException: Unable to connect to /127.0.0.1:6379
Caused by: java.net.ConnectException: Conexão recusada: /127.0.0.1:6379
</error>
  </testcase>
  <testcase name="testSize[22]" classname="org.springframework.data.redis.support.collections.RedisListTests" time="0.001">
    <error message="Unable to connect to Redis on 127.0.0.1:6379; nested exception is com.lambdaworks.redis.RedisConnectionException: Unable to connect to /127.0.0.1:6379" type="org.springframework.data.redis.RedisConnectionFailureException">org.springframework.data.redis.RedisConnectionFailureException: Unable to connect to Redis on 127.0.0.1:6379; nested exception is com.lambdaworks.redis.RedisConnectionException: Unable to connect to /127.0.0.1:6379
Caused by: com.lambdaworks.redis.RedisConnectionException: Unable to connect to /127.0.0.1:6379
Caused by: java.net.ConnectException: Conexão recusada: /127.0.0.1:6379
</error>
  </testcase>
  <testcase name="testSize[22]" classname="org.springframework.data.redis.support.collections.RedisListTests" time="0.001">
    <error message="Unable to connect to Redis on 127.0.0.1:6379; nested exception is com.lambdaworks.redis.RedisConnectionException: Unable to connect to /127.0.0.1:6379" type="org.springframework.data.redis.RedisConnectionFailureException">org.springframework.data.redis.RedisConnectionFailureException: Unable to connect to Redis on 127.0.0.1:6379; nested exception is com.lambdaworks.redis.RedisConnectionException: Unable to connect to /127.0.0.1:6379
Caused by: com.lambdaworks.redis.RedisConnectionException: Unable to connect to /127.0.0.1:6379
Caused by: java.net.ConnectException: Conexão recusada: /127.0.0.1:6379
</error>
  </testcase>
  <testcase name="testToString[22]" classname="org.springframework.data.redis.support.collections.RedisListTests" time="0.002">
    <error message="Unable to connect to Redis on 127.0.0.1:6379; nested exception is com.lambdaworks.redis.RedisConnectionException: Unable to connect to /127.0.0.1:6379" type="org.springframework.data.redis.RedisConnectionFailureException">org.springframework.data.redis.RedisConnectionFailureException: Unable to connect to Redis on 127.0.0.1:6379; nested exception is com.lambdaworks.redis.RedisConnectionException: Unable to connect to /127.0.0.1:6379
Caused by: com.lambdaworks.redis.RedisConnectionException: Unable to connect to /127.0.0.1:6379
Caused by: java.net.ConnectException: Conexão recusada: /127.0.0.1:6379
</error>
  </testcase>
  <testcase name="testToString[22]" classname="org.springframework.data.redis.support.collections.RedisListTests" time="0.002">
    <error message="Unable to connect to Redis on 127.0.0.1:6379; nested exception is com.lambdaworks.redis.RedisConnectionException: Unable to connect to /127.0.0.1:6379" type="org.springframework.data.redis.RedisConnectionFailureException">org.springframework.data.redis.RedisConnectionFailureException: Unable to connect to Redis on 127.0.0.1:6379; nested exception is com.lambdaworks.redis.RedisConnectionException: Unable to connect to /127.0.0.1:6379
Caused by: com.lambdaworks.redis.RedisConnectionException: Unable to connect to /127.0.0.1:6379
Caused by: java.net.ConnectException: Conexão recusada: /127.0.0.1:6379
</error>
  </testcase>
  <testcase name="testContainsAll[22]" classname="org.springframework.data.redis.support.collections.RedisListTests" time="0.002">
    <error message="Unable to connect to Redis on 127.0.0.1:6379; nested exception is com.lambdaworks.redis.RedisConnectionException: Unable to connect to /127.0.0.1:6379" type="org.springframework.data.redis.RedisConnectionFailureException">org.springframework.data.redis.RedisConnectionFailureException: Unable to connect to Redis on 127.0.0.1:6379; nested exception is com.lambdaworks.redis.RedisConnectionException: Unable to connect to /127.0.0.1:6379
Caused by: com.lambdaworks.redis.RedisConnectionException: Unable to connect to /127.0.0.1:6379
Caused by: java.net.ConnectException: Conexão recusada: /127.0.0.1:6379
</error>
  </testcase>
  <testcase name="testContainsAll[22]" classname="org.springframework.data.redis.support.collections.RedisListTests" time="0.002">
    <error message="Unable to connect to Redis on 127.0.0.1:6379; nested exception is com.lambdaworks.redis.RedisConnectionException: Unable to connect to /127.0.0.1:6379" type="org.springframework.data.redis.RedisConnectionFailureException">org.springframework.data.redis.RedisConnectionFailureException: Unable to connect to Redis on 127.0.0.1:6379; nested exception is com.lambdaworks.redis.RedisConnectionException: Unable to connect to /127.0.0.1:6379
Caused by: com.lambdaworks.redis.RedisConnectionException: Unable to connect to /127.0.0.1:6379
Caused by: java.net.ConnectException: Conexão recusada: /127.0.0.1:6379
</error>
  </testcase>
  <testcase name="testRemoveObject[22]" classname="org.springframework.data.redis.support.collections.RedisListTests" time="0.005">
    <error message="Unable to connect to Redis on 127.0.0.1:6379; nested exception is com.lambdaworks.redis.RedisConnectionException: Unable to connect to /127.0.0.1:6379" type="org.springframework.data.redis.RedisConnectionFailureException">org.springframework.data.redis.RedisConnectionFailureException: Unable to connect to Redis on 127.0.0.1:6379; nested exception is com.lambdaworks.redis.RedisConnectionException: Unable to connect to /127.0.0.1:6379
Caused by: com.lambdaworks.redis.RedisConnectionException: Unable to connect to /127.0.0.1:6379
Caused by: java.net.ConnectException: Conexão recusada: /127.0.0.1:6379
</error>
  </testcase>
  <testcase name="testRemoveObject[22]" classname="org.springframework.data.redis.support.collections.RedisListTests" time="0.005">
    <error message="Unable to connect to Redis on 127.0.0.1:6379; nested exception is com.lambdaworks.redis.RedisConnectionException: Unable to connect to /127.0.0.1:6379" type="org.springframework.data.redis.RedisConnectionFailureException">org.springframework.data.redis.RedisConnectionFailureException: Unable to connect to Redis on 127.0.0.1:6379; nested exception is com.lambdaworks.redis.RedisConnectionException: Unable to connect to /127.0.0.1:6379
Caused by: com.lambdaworks.redis.RedisConnectionException: Unable to connect to /127.0.0.1:6379
Caused by: java.net.ConnectException: Conexão recusada: /127.0.0.1:6379
</error>
  </testcase>
  <testcase name="testHashCode[22]" classname="org.springframework.data.redis.support.collections.RedisListTests" time="0">
    <error message="Unable to connect to Redis on 127.0.0.1:6379; nested exception is com.lambdaworks.redis.RedisConnectionException: Unable to connect to /127.0.0.1:6379" type="org.springframework.data.redis.RedisConnectionFailureException">org.springframework.data.redis.RedisConnectionFailureException: Unable to connect to Redis on 127.0.0.1:6379; nested exception is com.lambdaworks.redis.RedisConnectionException: Unable to connect to /127.0.0.1:6379
Caused by: com.lambdaworks.redis.RedisConnectionException: Unable to connect to /127.0.0.1:6379
Caused by: java.net.ConnectException: Conexão recusada: /127.0.0.1:6379
</error>
  </testcase>
  <testcase name="testAddAll[22]" classname="org.springframework.data.redis.support.collections.RedisListTests" time="0.006">
    <error message="Unable to connect to Redis on 127.0.0.1:6379; nested exception is com.lambdaworks.redis.RedisConnectionException: Unable to connect to /127.0.0.1:6379" type="org.springframework.data.redis.RedisConnectionFailureException">org.springframework.data.redis.RedisConnectionFailureException: Unable to connect to Redis on 127.0.0.1:6379; nested exception is com.lambdaworks.redis.RedisConnectionException: Unable to connect to /127.0.0.1:6379
Caused by: com.lambdaworks.redis.RedisConnectionException: Unable to connect to /127.0.0.1:6379
Caused by: java.net.ConnectException: Conexão recusada: /127.0.0.1:6379
</error>
  </testcase>
  <testcase name="testAddAll[22]" classname="org.springframework.data.redis.support.collections.RedisListTests" time="0.006">
    <error message="Unable to connect to Redis on 127.0.0.1:6379; nested exception is com.lambdaworks.redis.RedisConnectionException: Unable to connect to /127.0.0.1:6379" type="org.springframework.data.redis.RedisConnectionFailureException">org.springframework.data.redis.RedisConnectionFailureException: Unable to connect to Redis on 127.0.0.1:6379; nested exception is com.lambdaworks.redis.RedisConnectionException: Unable to connect to /127.0.0.1:6379
Caused by: com.lambdaworks.redis.RedisConnectionException: Unable to connect to /127.0.0.1:6379
Caused by: java.net.ConnectException: Conexão recusada: /127.0.0.1:6379
</error>
  </testcase>
  <testcase name="removeAll[22]" classname="org.springframework.data.redis.support.collections.RedisListTests" time="0.002">
    <error message="Unable to connect to Redis on 127.0.0.1:6379; nested exception is com.lambdaworks.redis.RedisConnectionException: Unable to connect to /127.0.0.1:6379" type="org.springframework.data.redis.RedisConnectionFailureException">org.springframework.data.redis.RedisConnectionFailureException: Unable to connect to Redis on 127.0.0.1:6379; nested exception is com.lambdaworks.redis.RedisConnectionException: Unable to connect to /127.0.0.1:6379
Caused by: com.lambdaworks.redis.RedisConnectionException: Unable to connect to /127.0.0.1:6379
Caused by: java.net.ConnectException: Conexão recusada: /127.0.0.1:6379
</error>
  </testcase>
  <testcase name="removeAll[22]" classname="org.springframework.data.redis.support.collections.RedisListTests" time="0.002">
    <error message="Unable to connect to Redis on 127.0.0.1:6379; nested exception is com.lambdaworks.redis.RedisConnectionException: Unable to connect to /127.0.0.1:6379" type="org.springframework.data.redis.RedisConnectionFailureException">org.springframework.data.redis.RedisConnectionFailureException: Unable to connect to Redis on 127.0.0.1:6379; nested exception is com.lambdaworks.redis.RedisConnectionException: Unable to connect to /127.0.0.1:6379
Caused by: com.lambdaworks.redis.RedisConnectionException: Unable to connect to /127.0.0.1:6379
Caused by: java.net.ConnectException: Conexão recusada: /127.0.0.1:6379
</error>
  </testcase>
  <testcase name="testEquals[22]" classname="org.springframework.data.redis.support.collections.RedisListTests" time="0.001">
    <error message="Unable to connect to Redis on 127.0.0.1:6379; nested exception is com.lambdaworks.redis.RedisConnectionException: Unable to connect to /127.0.0.1:6379" type="org.springframework.data.redis.RedisConnectionFailureException">org.springframework.data.redis.RedisConnectionFailureException: Unable to connect to Redis on 127.0.0.1:6379; nested exception is com.lambdaworks.redis.RedisConnectionException: Unable to connect to /127.0.0.1:6379
Caused by: com.lambdaworks.redis.RedisConnectionException: Unable to connect to /127.0.0.1:6379
Caused by: java.net.ConnectException: Conexão recusada: /127.0.0.1:6379
</error>
  </testcase>
  <testcase name="testGetKey[22]" classname="org.springframework.data.redis.support.collections.RedisListTests" time="0">
    <error message="Unable to connect to Redis on 127.0.0.1:6379; nested exception is com.lambdaworks.redis.RedisConnectionException: Unable to connect to /127.0.0.1:6379" type="org.springframework.data.redis.RedisConnectionFailureException">org.springframework.data.redis.RedisConnectionFailureException: Unable to connect to Redis on 127.0.0.1:6379; nested exception is com.lambdaworks.redis.RedisConnectionException: Unable to connect to /127.0.0.1:6379
Caused by: com.lambdaworks.redis.RedisConnectionException: Unable to connect to /127.0.0.1:6379
Caused by: java.net.ConnectException: Conexão recusada: /127.0.0.1:6379
</error>
  </testcase>
  <testcase name="testToArrayWithGenerics[22]" classname="org.springframework.data.redis.support.collections.RedisListTests" time="0.001">
    <error message="Unable to connect to Redis on 127.0.0.1:6379; nested exception is com.lambdaworks.redis.RedisConnectionException: Unable to connect to /127.0.0.1:6379" type="org.springframework.data.redis.RedisConnectionFailureException">org.springframework.data.redis.RedisConnectionFailureException: Unable to connect to Redis on 127.0.0.1:6379; nested exception is com.lambdaworks.redis.RedisConnectionException: Unable to connect to /127.0.0.1:6379
Caused by: com.lambdaworks.redis.RedisConnectionException: Unable to connect to /127.0.0.1:6379
Caused by: java.net.ConnectException: Conexão recusada: /127.0.0.1:6379
</error>
  </testcase>
  <testcase name="testToArrayWithGenerics[22]" classname="org.springframework.data.redis.support.collections.RedisListTests" time="0.001">
    <error message="Unable to connect to Redis on 127.0.0.1:6379; nested exception is com.lambdaworks.redis.RedisConnectionException: Unable to connect to /127.0.0.1:6379" type="org.springframework.data.redis.RedisConnectionFailureException">org.springframework.data.redis.RedisConnectionFailureException: Unable to connect to Redis on 127.0.0.1:6379; nested exception is com.lambdaworks.redis.RedisConnectionException: Unable to connect to /127.0.0.1:6379
Caused by: com.lambdaworks.redis.RedisConnectionException: Unable to connect to /127.0.0.1:6379
Caused by: java.net.ConnectException: Conexão recusada: /127.0.0.1:6379
</error>
  </testcase>
  <testcase name="testIsEmpty[22]" classname="org.springframework.data.redis.support.collections.RedisListTests" time="0.002">
    <error message="Unable to connect to Redis on 127.0.0.1:6379; nested exception is com.lambdaworks.redis.RedisConnectionException: Unable to connect to /127.0.0.1:6379" type="org.springframework.data.redis.RedisConnectionFailureException">org.springframework.data.redis.RedisConnectionFailureException: Unable to connect to Redis on 127.0.0.1:6379; nested exception is com.lambdaworks.redis.RedisConnectionException: Unable to connect to /127.0.0.1:6379
Caused by: com.lambdaworks.redis.RedisConnectionException: Unable to connect to /127.0.0.1:6379
Caused by: java.net.ConnectException: Conexão recusada: /127.0.0.1:6379
</error>
  </testcase>
  <testcase name="testIsEmpty[22]" classname="org.springframework.data.redis.support.collections.RedisListTests" time="0.002">
    <error message="Unable to connect to Redis on 127.0.0.1:6379; nested exception is com.lambdaworks.redis.RedisConnectionException: Unable to connect to /127.0.0.1:6379" type="org.springframework.data.redis.RedisConnectionFailureException">org.springframework.data.redis.RedisConnectionFailureException: Unable to connect to Redis on 127.0.0.1:6379; nested exception is com.lambdaworks.redis.RedisConnectionException: Unable to connect to /127.0.0.1:6379
Caused by: com.lambdaworks.redis.RedisConnectionException: Unable to connect to /127.0.0.1:6379
Caused by: java.net.ConnectException: Conexão recusada: /127.0.0.1:6379
</error>
  </testcase>
  <testcase name="testIterator[22]" classname="org.springframework.data.redis.support.collections.RedisListTests" time="0.001">
    <error message="Unable to connect to Redis on 127.0.0.1:6379; nested exception is com.lambdaworks.redis.RedisConnectionException: Unable to connect to /127.0.0.1:6379" type="org.springframework.data.redis.RedisConnectionFailureException">org.springframework.data.redis.RedisConnectionFailureException: Unable to connect to Redis on 127.0.0.1:6379; nested exception is com.lambdaworks.redis.RedisConnectionException: Unable to connect to /127.0.0.1:6379
Caused by: com.lambdaworks.redis.RedisConnectionException: Unable to connect to /127.0.0.1:6379
Caused by: java.net.ConnectException: Conexão recusada: /127.0.0.1:6379
</error>
  </testcase>
  <testcase name="testIterator[22]" classname="org.springframework.data.redis.support.collections.RedisListTests" time="0.002">
    <error message="Unable to connect to Redis on 127.0.0.1:6379; nested exception is com.lambdaworks.redis.RedisConnectionException: Unable to connect to /127.0.0.1:6379" type="org.springframework.data.redis.RedisConnectionFailureException">org.springframework.data.redis.RedisConnectionFailureException: Unable to connect to Redis on 127.0.0.1:6379; nested exception is com.lambdaworks.redis.RedisConnectionException: Unable to connect to /127.0.0.1:6379
Caused by: com.lambdaworks.redis.RedisConnectionException: Unable to connect to /127.0.0.1:6379
Caused by: java.net.ConnectException: Conexão recusada: /127.0.0.1:6379
</error>
  </testcase>
  <testcase name="testElement[23]" classname="org.springframework.data.redis.support.collections.RedisListTests" time="0.001">
    <error message="Unable to connect to Redis on 127.0.0.1:6379; nested exception is com.lambdaworks.redis.RedisConnectionException: Unable to connect to /127.0.0.1:6379" type="org.springframework.data.redis.RedisConnectionFailureException">org.springframework.data.redis.RedisConnectionFailureException: Unable to connect to Redis on 127.0.0.1:6379; nested exception is com.lambdaworks.redis.RedisConnectionException: Unable to connect to /127.0.0.1:6379
Caused by: com.lambdaworks.redis.RedisConnectionException: Unable to connect to /127.0.0.1:6379
Caused by: java.net.ConnectException: Conexão recusada: /127.0.0.1:6379
</error>
  </testcase>
  <testcase name="testElement[23]" classname="org.springframework.data.redis.support.collections.RedisListTests" time="0.001">
    <error message="Unable to connect to Redis on 127.0.0.1:6379; nested exception is com.lambdaworks.redis.RedisConnectionException: Unable to connect to /127.0.0.1:6379" type="org.springframework.data.redis.RedisConnectionFailureException">org.springframework.data.redis.RedisConnectionFailureException: Unable to connect to Redis on 127.0.0.1:6379; nested exception is com.lambdaworks.redis.RedisConnectionException: Unable to connect to /127.0.0.1:6379
Caused by: com.lambdaworks.redis.RedisConnectionException: Unable to connect to /127.0.0.1:6379
Caused by: java.net.ConnectException: Conexão recusada: /127.0.0.1:6379
</error>
  </testcase>
  <testcase name="testPutFirst[23]" classname="org.springframework.data.redis.support.collections.RedisListTests" time="0.004">
    <error message="Unable to connect to Redis on 127.0.0.1:6379; nested exception is com.lambdaworks.redis.RedisConnectionException: Unable to connect to /127.0.0.1:6379" type="org.springframework.data.redis.RedisConnectionFailureException">org.springframework.data.redis.RedisConnectionFailureException: Unable to connect to Redis on 127.0.0.1:6379; nested exception is com.lambdaworks.redis.RedisConnectionException: Unable to connect to /127.0.0.1:6379
Caused by: com.lambdaworks.redis.RedisConnectionException: Unable to connect to /127.0.0.1:6379
Caused by: java.net.ConnectException: Conexão recusada: /127.0.0.1:6379
</error>
  </testcase>
  <testcase name="testPutFirst[23]" classname="org.springframework.data.redis.support.collections.RedisListTests" time="0.004">
    <error message="Unable to connect to Redis on 127.0.0.1:6379; nested exception is com.lambdaworks.redis.RedisConnectionException: Unable to connect to /127.0.0.1:6379" type="org.springframework.data.redis.RedisConnectionFailureException">org.springframework.data.redis.RedisConnectionFailureException: Unable to connect to Redis on 127.0.0.1:6379; nested exception is com.lambdaworks.redis.RedisConnectionException: Unable to connect to /127.0.0.1:6379
Caused by: com.lambdaworks.redis.RedisConnectionException: Unable to connect to /127.0.0.1:6379
Caused by: java.net.ConnectException: Conexão recusada: /127.0.0.1:6379
</error>
  </testcase>
  <testcase name="testPollLastTimeout[23]" classname="org.springframework.data.redis.support.collections.RedisListTests" time="0.002">
    <error message="Unable to connect to Redis on 127.0.0.1:6379; nested exception is com.lambdaworks.redis.RedisConnectionException: Unable to connect to /127.0.0.1:6379" type="org.springframework.data.redis.RedisConnectionFailureException">org.springframework.data.redis.RedisConnectionFailureException: Unable to connect to Redis on 127.0.0.1:6379; nested exception is com.lambdaworks.redis.RedisConnectionException: Unable to connect to /127.0.0.1:6379
Caused by: com.lambdaworks.redis.RedisConnectionException: Unable to connect to /127.0.0.1:6379
Caused by: java.net.ConnectException: Conexão recusada: /127.0.0.1:6379
</error>
  </testcase>
  <testcase name="testPollLastTimeout[23]" classname="org.springframework.data.redis.support.collections.RedisListTests" time="0.002">
    <error message="Unable to connect to Redis on 127.0.0.1:6379; nested exception is com.lambdaworks.redis.RedisConnectionException: Unable to connect to /127.0.0.1:6379" type="org.springframework.data.redis.RedisConnectionFailureException">org.springframework.data.redis.RedisConnectionFailureException: Unable to connect to Redis on 127.0.0.1:6379; nested exception is com.lambdaworks.redis.RedisConnectionException: Unable to connect to /127.0.0.1:6379
Caused by: com.lambdaworks.redis.RedisConnectionException: Unable to connect to /127.0.0.1:6379
Caused by: java.net.ConnectException: Conexão recusada: /127.0.0.1:6379
</error>
  </testcase>
  <testcase name="testPeekFirst[23]" classname="org.springframework.data.redis.support.collections.RedisListTests" time="0.001">
    <error message="Unable to connect to Redis on 127.0.0.1:6379; nested exception is com.lambdaworks.redis.RedisConnectionException: Unable to connect to /127.0.0.1:6379" type="org.springframework.data.redis.RedisConnectionFailureException">org.springframework.data.redis.RedisConnectionFailureException: Unable to connect to Redis on 127.0.0.1:6379; nested exception is com.lambdaworks.redis.RedisConnectionException: Unable to connect to /127.0.0.1:6379
Caused by: com.lambdaworks.redis.RedisConnectionException: Unable to connect to /127.0.0.1:6379
Caused by: java.net.ConnectException: Conexão recusada: /127.0.0.1:6379
</error>
  </testcase>
  <testcase name="testPeekFirst[23]" classname="org.springframework.data.redis.support.collections.RedisListTests" time="0.001">
    <error message="Unable to connect to Redis on 127.0.0.1:6379; nested exception is com.lambdaworks.redis.RedisConnectionException: Unable to connect to /127.0.0.1:6379" type="org.springframework.data.redis.RedisConnectionFailureException">org.springframework.data.redis.RedisConnectionFailureException: Unable to connect to Redis on 127.0.0.1:6379; nested exception is com.lambdaworks.redis.RedisConnectionException: Unable to connect to /127.0.0.1:6379
Caused by: com.lambdaworks.redis.RedisConnectionException: Unable to connect to /127.0.0.1:6379
Caused by: java.net.ConnectException: Conexão recusada: /127.0.0.1:6379
</error>
  </testcase>
  <testcase name="testOfferLast[23]" classname="org.springframework.data.redis.support.collections.RedisListTests" time="0.001">
    <error message="Unable to connect to Redis on 127.0.0.1:6379; nested exception is com.lambdaworks.redis.RedisConnectionException: Unable to connect to /127.0.0.1:6379" type="org.springframework.data.redis.RedisConnectionFailureException">org.springframework.data.redis.RedisConnectionFailureException: Unable to connect to Redis on 127.0.0.1:6379; nested exception is com.lambdaworks.redis.RedisConnectionException: Unable to connect to /127.0.0.1:6379
Caused by: com.lambdaworks.redis.RedisConnectionException: Unable to connect to /127.0.0.1:6379
Caused by: java.net.ConnectException: Conexão recusada: /127.0.0.1:6379
</error>
  </testcase>
  <testcase name="testOfferLast[23]" classname="org.springframework.data.redis.support.collections.RedisListTests" time="0.001">
    <error message="Unable to connect to Redis on 127.0.0.1:6379; nested exception is com.lambdaworks.redis.RedisConnectionException: Unable to connect to /127.0.0.1:6379" type="org.springframework.data.redis.RedisConnectionFailureException">org.springframework.data.redis.RedisConnectionFailureException: Unable to connect to Redis on 127.0.0.1:6379; nested exception is com.lambdaworks.redis.RedisConnectionException: Unable to connect to /127.0.0.1:6379
Caused by: com.lambdaworks.redis.RedisConnectionException: Unable to connect to /127.0.0.1:6379
Caused by: java.net.ConnectException: Conexão recusada: /127.0.0.1:6379
</error>
  </testcase>
  <testcase name="testGetFirst[23]" classname="org.springframework.data.redis.support.collections.RedisListTests" time="0.006">
    <error message="Unable to connect to Redis on 127.0.0.1:6379; nested exception is com.lambdaworks.redis.RedisConnectionException: Unable to connect to /127.0.0.1:6379" type="org.springframework.data.redis.RedisConnectionFailureException">org.springframework.data.redis.RedisConnectionFailureException: Unable to connect to Redis on 127.0.0.1:6379; nested exception is com.lambdaworks.redis.RedisConnectionException: Unable to connect to /127.0.0.1:6379
Caused by: com.lambdaworks.redis.RedisConnectionException: Unable to connect to /127.0.0.1:6379
Caused by: java.net.ConnectException: Conexão recusada: /127.0.0.1:6379
</error>
  </testcase>
  <testcase name="testGetFirst[23]" classname="org.springframework.data.redis.support.collections.RedisListTests" time="0.006">
    <error message="Unable to connect to Redis on 127.0.0.1:6379; nested exception is com.lambdaworks.redis.RedisConnectionException: Unable to connect to /127.0.0.1:6379" type="org.springframework.data.redis.RedisConnectionFailureException">org.springframework.data.redis.RedisConnectionFailureException: Unable to connect to Redis on 127.0.0.1:6379; nested exception is com.lambdaworks.redis.RedisConnectionException: Unable to connect to /127.0.0.1:6379
Caused by: com.lambdaworks.redis.RedisConnectionException: Unable to connect to /127.0.0.1:6379
Caused by: java.net.ConnectException: Conexão recusada: /127.0.0.1:6379
</error>
  </testcase>
  <testcase name="testAddLast[23]" classname="org.springframework.data.redis.support.collections.RedisListTests" time="0.002">
    <error message="Unable to connect to Redis on 127.0.0.1:6379; nested exception is com.lambdaworks.redis.RedisConnectionException: Unable to connect to /127.0.0.1:6379" type="org.springframework.data.redis.RedisConnectionFailureException">org.springframework.data.redis.RedisConnectionFailureException: Unable to connect to Redis on 127.0.0.1:6379; nested exception is com.lambdaworks.redis.RedisConnectionException: Unable to connect to /127.0.0.1:6379
Caused by: com.lambdaworks.redis.RedisConnectionException: Unable to connect to /127.0.0.1:6379
Caused by: java.net.ConnectException: Conexão recusada: /127.0.0.1:6379
</error>
  </testcase>
  <testcase name="testAddLast[23]" classname="org.springframework.data.redis.support.collections.RedisListTests" time="0.002">
    <error message="Unable to connect to Redis on 127.0.0.1:6379; nested exception is com.lambdaworks.redis.RedisConnectionException: Unable to connect to /127.0.0.1:6379" type="org.springframework.data.redis.RedisConnectionFailureException">org.springframework.data.redis.RedisConnectionFailureException: Unable to connect to Redis on 127.0.0.1:6379; nested exception is com.lambdaworks.redis.RedisConnectionException: Unable to connect to /127.0.0.1:6379
Caused by: com.lambdaworks.redis.RedisConnectionException: Unable to connect to /127.0.0.1:6379
Caused by: java.net.ConnectException: Conexão recusada: /127.0.0.1:6379
</error>
  </testcase>
  <testcase name="testPop[23]" classname="org.springframework.data.redis.support.collections.RedisListTests" time="0.001">
    <error message="Unable to connect to Redis on 127.0.0.1:6379; nested exception is com.lambdaworks.redis.RedisConnectionException: Unable to connect to /127.0.0.1:6379" type="org.springframework.data.redis.RedisConnectionFailureException">org.springframework.data.redis.RedisConnectionFailureException: Unable to connect to Redis on 127.0.0.1:6379; nested exception is com.lambdaworks.redis.RedisConnectionException: Unable to connect to /127.0.0.1:6379
Caused by: com.lambdaworks.redis.RedisConnectionException: Unable to connect to /127.0.0.1:6379
Caused by: java.net.ConnectException: Conexão recusada: /127.0.0.1:6379
</error>
  </testcase>
  <testcase name="testPop[23]" classname="org.springframework.data.redis.support.collections.RedisListTests" time="0.001">
    <error message="Unable to connect to Redis on 127.0.0.1:6379; nested exception is com.lambdaworks.redis.RedisConnectionException: Unable to connect to /127.0.0.1:6379" type="org.springframework.data.redis.RedisConnectionFailureException">org.springframework.data.redis.RedisConnectionFailureException: Unable to connect to Redis on 127.0.0.1:6379; nested exception is com.lambdaworks.redis.RedisConnectionException: Unable to connect to /127.0.0.1:6379
Caused by: com.lambdaworks.redis.RedisConnectionException: Unable to connect to /127.0.0.1:6379
Caused by: java.net.ConnectException: Conexão recusada: /127.0.0.1:6379
</error>
  </testcase>
  <testcase name="testPut[23]" classname="org.springframework.data.redis.support.collections.RedisListTests" time="0.004">
    <error message="Unable to connect to Redis on 127.0.0.1:6379; nested exception is com.lambdaworks.redis.RedisConnectionException: Unable to connect to /127.0.0.1:6379" type="org.springframework.data.redis.RedisConnectionFailureException">org.springframework.data.redis.RedisConnectionFailureException: Unable to connect to Redis on 127.0.0.1:6379; nested exception is com.lambdaworks.redis.RedisConnectionException: Unable to connect to /127.0.0.1:6379
Caused by: com.lambdaworks.redis.RedisConnectionException: Unable to connect to /127.0.0.1:6379
Caused by: java.net.ConnectException: Conexão recusada: /127.0.0.1:6379
</error>
  </testcase>
  <testcase name="testPut[23]" classname="org.springframework.data.redis.support.collections.RedisListTests" time="0.004">
    <error message="Unable to connect to Redis on 127.0.0.1:6379; nested exception is com.lambdaworks.redis.RedisConnectionException: Unable to connect to /127.0.0.1:6379" type="org.springframework.data.redis.RedisConnectionFailureException">org.springframework.data.redis.RedisConnectionFailureException: Unable to connect to Redis on 127.0.0.1:6379; nested exception is com.lambdaworks.redis.RedisConnectionException: Unable to connect to /127.0.0.1:6379
Caused by: com.lambdaworks.redis.RedisConnectionException: Unable to connect to /127.0.0.1:6379
Caused by: java.net.ConnectException: Conexão recusada: /127.0.0.1:6379
</error>
  </testcase>
  <testcase name="testSet[23]" classname="org.springframework.data.redis.support.collections.RedisListTests" time="0.01">
    <error message="Unable to connect to Redis on 127.0.0.1:6379; nested exception is com.lambdaworks.redis.RedisConnectionException: Unable to connect to /127.0.0.1:6379" type="org.springframework.data.redis.RedisConnectionFailureException">org.springframework.data.redis.RedisConnectionFailureException: Unable to connect to Redis on 127.0.0.1:6379; nested exception is com.lambdaworks.redis.RedisConnectionException: Unable to connect to /127.0.0.1:6379
Caused by: com.lambdaworks.redis.RedisConnectionException: Unable to connect to /127.0.0.1:6379
Caused by: java.net.ConnectException: Conexão recusada: /127.0.0.1:6379
</error>
  </testcase>
  <testcase name="testSet[23]" classname="org.springframework.data.redis.support.collections.RedisListTests" time="0.011">
    <error message="Unable to connect to Redis on 127.0.0.1:6379; nested exception is com.lambdaworks.redis.RedisConnectionException: Unable to connect to /127.0.0.1:6379" type="org.springframework.data.redis.RedisConnectionFailureException">org.springframework.data.redis.RedisConnectionFailureException: Unable to connect to Redis on 127.0.0.1:6379; nested exception is com.lambdaworks.redis.RedisConnectionException: Unable to connect to /127.0.0.1:6379
Caused by: com.lambdaworks.redis.RedisConnectionException: Unable to connect to /127.0.0.1:6379
Caused by: java.net.ConnectException: Conexão recusada: /127.0.0.1:6379
</error>
  </testcase>
  <testcase name="testOffer[23]" classname="org.springframework.data.redis.support.collections.RedisListTests" time="0.004">
    <error message="Unable to connect to Redis on 127.0.0.1:6379; nested exception is com.lambdaworks.redis.RedisConnectionException: Unable to connect to /127.0.0.1:6379" type="org.springframework.data.redis.RedisConnectionFailureException">org.springframework.data.redis.RedisConnectionFailureException: Unable to connect to Redis on 127.0.0.1:6379; nested exception is com.lambdaworks.redis.RedisConnectionException: Unable to connect to /127.0.0.1:6379
Caused by: com.lambdaworks.redis.RedisConnectionException: Unable to connect to /127.0.0.1:6379
Caused by: java.net.ConnectException: Conexão recusada: /127.0.0.1:6379
</error>
  </testcase>
  <testcase name="testOffer[23]" classname="org.springframework.data.redis.support.collections.RedisListTests" time="0.004">
    <error message="Unable to connect to Redis on 127.0.0.1:6379; nested exception is com.lambdaworks.redis.RedisConnectionException: Unable to connect to /127.0.0.1:6379" type="org.springframework.data.redis.RedisConnectionFailureException">org.springframework.data.redis.RedisConnectionFailureException: Unable to connect to Redis on 127.0.0.1:6379; nested exception is com.lambdaworks.redis.RedisConnectionException: Unable to connect to /127.0.0.1:6379
Caused by: com.lambdaworks.redis.RedisConnectionException: Unable to connect to /127.0.0.1:6379
Caused by: java.net.ConnectException: Conexão recusada: /127.0.0.1:6379
</error>
  </testcase>
  <testcase name="testRange[23]" classname="org.springframework.data.redis.support.collections.RedisListTests" time="0.004">
    <error message="Unable to connect to Redis on 127.0.0.1:6379; nested exception is com.lambdaworks.redis.RedisConnectionException: Unable to connect to /127.0.0.1:6379" type="org.springframework.data.redis.RedisConnectionFailureException">org.springframework.data.redis.RedisConnectionFailureException: Unable to connect to Redis on 127.0.0.1:6379; nested exception is com.lambdaworks.redis.RedisConnectionException: Unable to connect to /127.0.0.1:6379
Caused by: com.lambdaworks.redis.RedisConnectionException: Unable to connect to /127.0.0.1:6379
Caused by: java.net.ConnectException: Conexão recusada: /127.0.0.1:6379
</error>
  </testcase>
  <testcase name="testRange[23]" classname="org.springframework.data.redis.support.collections.RedisListTests" time="0.004">
    <error message="Unable to connect to Redis on 127.0.0.1:6379; nested exception is com.lambdaworks.redis.RedisConnectionException: Unable to connect to /127.0.0.1:6379" type="org.springframework.data.redis.RedisConnectionFailureException">org.springframework.data.redis.RedisConnectionFailureException: Unable to connect to Redis on 127.0.0.1:6379; nested exception is com.lambdaworks.redis.RedisConnectionException: Unable to connect to /127.0.0.1:6379
Caused by: com.lambdaworks.redis.RedisConnectionException: Unable to connect to /127.0.0.1:6379
Caused by: java.net.ConnectException: Conexão recusada: /127.0.0.1:6379
</error>
  </testcase>
  <testcase name="testLast[23]" classname="org.springframework.data.redis.support.collections.RedisListTests" time="0.001">
    <error message="Unable to connect to Redis on 127.0.0.1:6379; nested exception is com.lambdaworks.redis.RedisConnectionException: Unable to connect to /127.0.0.1:6379" type="org.springframework.data.redis.RedisConnectionFailureException">org.springframework.data.redis.RedisConnectionFailureException: Unable to connect to Redis on 127.0.0.1:6379; nested exception is com.lambdaworks.redis.RedisConnectionException: Unable to connect to /127.0.0.1:6379
Caused by: com.lambdaworks.redis.RedisConnectionException: Unable to connect to /127.0.0.1:6379
Caused by: java.net.ConnectException: Conexão recusada: /127.0.0.1:6379
</error>
  </testcase>
  <testcase name="testLast[23]" classname="org.springframework.data.redis.support.collections.RedisListTests" time="0.005">
    <error message="Unable to connect to Redis on 127.0.0.1:6379; nested exception is com.lambdaworks.redis.RedisConnectionException: Unable to connect to /127.0.0.1:6379" type="org.springframework.data.redis.RedisConnectionFailureException">org.springframework.data.redis.RedisConnectionFailureException: Unable to connect to Redis on 127.0.0.1:6379; nested exception is com.lambdaworks.redis.RedisConnectionException: Unable to connect to /127.0.0.1:6379
Caused by: com.lambdaworks.redis.RedisConnectionException: Unable to connect to /127.0.0.1:6379
Caused by: java.net.ConnectException: Conexão recusada: /127.0.0.1:6379
</error>
  </testcase>
  <testcase name="testPeek[23]" classname="org.springframework.data.redis.support.collections.RedisListTests" time="0">
    <error message="Unable to connect to Redis on 127.0.0.1:6379; nested exception is com.lambdaworks.redis.RedisConnectionException: Unable to connect to /127.0.0.1:6379" type="org.springframework.data.redis.RedisConnectionFailureException">org.springframework.data.redis.RedisConnectionFailureException: Unable to connect to Redis on 127.0.0.1:6379; nested exception is com.lambdaworks.redis.RedisConnectionException: Unable to connect to /127.0.0.1:6379
Caused by: com.lambdaworks.redis.RedisConnectionException: Unable to connect to /127.0.0.1:6379
Caused by: java.net.ConnectException: Conexão recusada: /127.0.0.1:6379
</error>
  </testcase>
  <testcase name="testPeek[23]" classname="org.springframework.data.redis.support.collections.RedisListTests" time="0.004">
    <error message="Unable to connect to Redis on 127.0.0.1:6379; nested exception is com.lambdaworks.redis.RedisConnectionException: Unable to connect to /127.0.0.1:6379" type="org.springframework.data.redis.RedisConnectionFailureException">org.springframework.data.redis.RedisConnectionFailureException: Unable to connect to Redis on 127.0.0.1:6379; nested exception is com.lambdaworks.redis.RedisConnectionException: Unable to connect to /127.0.0.1:6379
Caused by: com.lambdaworks.redis.RedisConnectionException: Unable to connect to /127.0.0.1:6379
Caused by: java.net.ConnectException: Conexão recusada: /127.0.0.1:6379
</error>
  </testcase>
  <testcase name="testPoll[23]" classname="org.springframework.data.redis.support.collections.RedisListTests" time="0">
    <error message="Unable to connect to Redis on 127.0.0.1:6379; nested exception is com.lambdaworks.redis.RedisConnectionException: Unable to connect to /127.0.0.1:6379" type="org.springframework.data.redis.RedisConnectionFailureException">org.springframework.data.redis.RedisConnectionFailureException: Unable to connect to Redis on 127.0.0.1:6379; nested exception is com.lambdaworks.redis.RedisConnectionException: Unable to connect to /127.0.0.1:6379
Caused by: com.lambdaworks.redis.RedisConnectionException: Unable to connect to /127.0.0.1:6379
Caused by: java.net.ConnectException: Conexão recusada: /127.0.0.1:6379
</error>
  </testcase>
  <testcase name="testPoll[23]" classname="org.springframework.data.redis.support.collections.RedisListTests" time="0">
    <error message="Unable to connect to Redis on 127.0.0.1:6379; nested exception is com.lambdaworks.redis.RedisConnectionException: Unable to connect to /127.0.0.1:6379" type="org.springframework.data.redis.RedisConnectionFailureException">org.springframework.data.redis.RedisConnectionFailureException: Unable to connect to Redis on 127.0.0.1:6379; nested exception is com.lambdaworks.redis.RedisConnectionException: Unable to connect to /127.0.0.1:6379
Caused by: com.lambdaworks.redis.RedisConnectionException: Unable to connect to /127.0.0.1:6379
Caused by: java.net.ConnectException: Conexão recusada: /127.0.0.1:6379
</error>
  </testcase>
  <testcase name="testTake[23]" classname="org.springframework.data.redis.support.collections.RedisListTests" time="0.004">
    <error message="Unable to connect to Redis on 127.0.0.1:6379; nested exception is com.lambdaworks.redis.RedisConnectionException: Unable to connect to /127.0.0.1:6379" type="org.springframework.data.redis.RedisConnectionFailureException">org.springframework.data.redis.RedisConnectionFailureException: Unable to connect to Redis on 127.0.0.1:6379; nested exception is com.lambdaworks.redis.RedisConnectionException: Unable to connect to /127.0.0.1:6379
Caused by: com.lambdaworks.redis.RedisConnectionException: Unable to connect to /127.0.0.1:6379
Caused by: java.net.ConnectException: Conexão recusada: /127.0.0.1:6379
</error>
  </testcase>
  <testcase name="testTake[23]" classname="org.springframework.data.redis.support.collections.RedisListTests" time="0.004">
    <error message="Unable to connect to Redis on 127.0.0.1:6379; nested exception is com.lambdaworks.redis.RedisConnectionException: Unable to connect to /127.0.0.1:6379" type="org.springframework.data.redis.RedisConnectionFailureException">org.springframework.data.redis.RedisConnectionFailureException: Unable to connect to Redis on 127.0.0.1:6379; nested exception is com.lambdaworks.redis.RedisConnectionException: Unable to connect to /127.0.0.1:6379
Caused by: com.lambdaworks.redis.RedisConnectionException: Unable to connect to /127.0.0.1:6379
Caused by: java.net.ConnectException: Conexão recusada: /127.0.0.1:6379
</error>
  </testcase>
  <testcase name="testTrim[23]" classname="org.springframework.data.redis.support.collections.RedisListTests" time="0">
    <error message="Unable to connect to Redis on 127.0.0.1:6379; nested exception is com.lambdaworks.redis.RedisConnectionException: Unable to connect to /127.0.0.1:6379" type="org.springframework.data.redis.RedisConnectionFailureException">org.springframework.data.redis.RedisConnectionFailureException: Unable to connect to Redis on 127.0.0.1:6379; nested exception is com.lambdaworks.redis.RedisConnectionException: Unable to connect to /127.0.0.1:6379
Caused by: com.lambdaworks.redis.RedisConnectionException: Unable to connect to /127.0.0.1:6379
Caused by: java.net.ConnectException: Conexão recusada: /127.0.0.1:6379
</error>
  </testcase>
  <testcase name="testTrim[23]" classname="org.springframework.data.redis.support.collections.RedisListTests" time="0">
    <error message="Unable to connect to Redis on 127.0.0.1:6379; nested exception is com.lambdaworks.redis.RedisConnectionException: Unable to connect to /127.0.0.1:6379" type="org.springframework.data.redis.RedisConnectionFailureException">org.springframework.data.redis.RedisConnectionFailureException: Unable to connect to Redis on 127.0.0.1:6379; nested exception is com.lambdaworks.redis.RedisConnectionException: Unable to connect to /127.0.0.1:6379
Caused by: com.lambdaworks.redis.RedisConnectionException: Unable to connect to /127.0.0.1:6379
Caused by: java.net.ConnectException: Conexão recusada: /127.0.0.1:6379
</error>
  </testcase>
  <testcase name="testDrainToCollection[23]" classname="org.springframework.data.redis.support.collections.RedisListTests" time="0.004">
    <error message="Unable to connect to Redis on 127.0.0.1:6379; nested exception is com.lambdaworks.redis.RedisConnectionException: Unable to connect to /127.0.0.1:6379" type="org.springframework.data.redis.RedisConnectionFailureException">org.springframework.data.redis.RedisConnectionFailureException: Unable to connect to Redis on 127.0.0.1:6379; nested exception is com.lambdaworks.redis.RedisConnectionException: Unable to connect to /127.0.0.1:6379
Caused by: com.lambdaworks.redis.RedisConnectionException: Unable to connect to /127.0.0.1:6379
Caused by: java.net.ConnectException: Conexão recusada: /127.0.0.1:6379
</error>
  </testcase>
  <testcase name="testDrainToCollection[23]" classname="org.springframework.data.redis.support.collections.RedisListTests" time="0.004">
    <error message="Unable to connect to Redis on 127.0.0.1:6379; nested exception is com.lambdaworks.redis.RedisConnectionException: Unable to connect to /127.0.0.1:6379" type="org.springframework.data.redis.RedisConnectionFailureException">org.springframework.data.redis.RedisConnectionFailureException: Unable to connect to Redis on 127.0.0.1:6379; nested exception is com.lambdaworks.redis.RedisConnectionException: Unable to connect to /127.0.0.1:6379
Caused by: com.lambdaworks.redis.RedisConnectionException: Unable to connect to /127.0.0.1:6379
Caused by: java.net.ConnectException: Conexão recusada: /127.0.0.1:6379
</error>
  </testcase>
  <testcase name="testRemoveFirst[23]" classname="org.springframework.data.redis.support.collections.RedisListTests" time="0">
    <error message="Unable to connect to Redis on 127.0.0.1:6379; nested exception is com.lambdaworks.redis.RedisConnectionException: Unable to connect to /127.0.0.1:6379" type="org.springframework.data.redis.RedisConnectionFailureException">org.springframework.data.redis.RedisConnectionFailureException: Unable to connect to Redis on 127.0.0.1:6379; nested exception is com.lambdaworks.redis.RedisConnectionException: Unable to connect to /127.0.0.1:6379
Caused by: com.lambdaworks.redis.RedisConnectionException: Unable to connect to /127.0.0.1:6379
Caused by: java.net.ConnectException: Conexão recusada: /127.0.0.1:6379
</error>
  </testcase>
  <testcase name="testRemoveFirst[23]" classname="org.springframework.data.redis.support.collections.RedisListTests" time="0.004">
    <error message="Unable to connect to Redis on 127.0.0.1:6379; nested exception is com.lambdaworks.redis.RedisConnectionException: Unable to connect to /127.0.0.1:6379" type="org.springframework.data.redis.RedisConnectionFailureException">org.springframework.data.redis.RedisConnectionFailureException: Unable to connect to Redis on 127.0.0.1:6379; nested exception is com.lambdaworks.redis.RedisConnectionException: Unable to connect to /127.0.0.1:6379
Caused by: com.lambdaworks.redis.RedisConnectionException: Unable to connect to /127.0.0.1:6379
Caused by: java.net.ConnectException: Conexão recusada: /127.0.0.1:6379
</error>
  </testcase>
  <testcase name="testRemoveIndex[23]" classname="org.springframework.data.redis.support.collections.RedisListTests" time="0">
    <error message="Unable to connect to Redis on 127.0.0.1:6379; nested exception is com.lambdaworks.redis.RedisConnectionException: Unable to connect to /127.0.0.1:6379" type="org.springframework.data.redis.RedisConnectionFailureException">org.springframework.data.redis.RedisConnectionFailureException: Unable to connect to Redis on 127.0.0.1:6379; nested exception is com.lambdaworks.redis.RedisConnectionException: Unable to connect to /127.0.0.1:6379
Caused by: com.lambdaworks.redis.RedisConnectionException: Unable to connect to /127.0.0.1:6379
Caused by: java.net.ConnectException: Conexão recusada: /127.0.0.1:6379
</error>
  </testcase>
  <testcase name="testPutLast[23]" classname="org.springframework.data.redis.support.collections.RedisListTests" time="0.004">
    <error message="Unable to connect to Redis on 127.0.0.1:6379; nested exception is com.lambdaworks.redis.RedisConnectionException: Unable to connect to /127.0.0.1:6379" type="org.springframework.data.redis.RedisConnectionFailureException">org.springframework.data.redis.RedisConnectionFailureException: Unable to connect to Redis on 127.0.0.1:6379; nested exception is com.lambdaworks.redis.RedisConnectionException: Unable to connect to /127.0.0.1:6379
Caused by: com.lambdaworks.redis.RedisConnectionException: Unable to connect to /127.0.0.1:6379
Caused by: java.net.ConnectException: Conexão recusada: /127.0.0.1:6379
</error>
  </testcase>
  <testcase name="testPutLast[23]" classname="org.springframework.data.redis.support.collections.RedisListTests" time="0.008">
    <error message="Unable to connect to Redis on 127.0.0.1:6379; nested exception is com.lambdaworks.redis.RedisConnectionException: Unable to connect to /127.0.0.1:6379" type="org.springframework.data.redis.RedisConnectionFailureException">org.springframework.data.redis.RedisConnectionFailureException: Unable to connect to Redis on 127.0.0.1:6379; nested exception is com.lambdaworks.redis.RedisConnectionException: Unable to connect to /127.0.0.1:6379
Caused by: com.lambdaworks.redis.RedisConnectionException: Unable to connect to /127.0.0.1:6379
Caused by: java.net.ConnectException: Conexão recusada: /127.0.0.1:6379
</error>
  </testcase>
  <testcase name="testOfferFirst[23]" classname="org.springframework.data.redis.support.collections.RedisListTests" time="0">
    <error message="Unable to connect to Redis on 127.0.0.1:6379; nested exception is com.lambdaworks.redis.RedisConnectionException: Unable to connect to /127.0.0.1:6379" type="org.springframework.data.redis.RedisConnectionFailureException">org.springframework.data.redis.RedisConnectionFailureException: Unable to connect to Redis on 127.0.0.1:6379; nested exception is com.lambdaworks.redis.RedisConnectionException: Unable to connect to /127.0.0.1:6379
Caused by: com.lambdaworks.redis.RedisConnectionException: Unable to connect to /127.0.0.1:6379
Caused by: java.net.ConnectException: Conexão recusada: /127.0.0.1:6379
</error>
  </testcase>
  <testcase name="testOfferFirst[23]" classname="org.springframework.data.redis.support.collections.RedisListTests" time="0.001">
    <error message="Unable to connect to Redis on 127.0.0.1:6379; nested exception is com.lambdaworks.redis.RedisConnectionException: Unable to connect to /127.0.0.1:6379" type="org.springframework.data.redis.RedisConnectionFailureException">org.springframework.data.redis.RedisConnectionFailureException: Unable to connect to Redis on 127.0.0.1:6379; nested exception is com.lambdaworks.redis.RedisConnectionException: Unable to connect to /127.0.0.1:6379
Caused by: com.lambdaworks.redis.RedisConnectionException: Unable to connect to /127.0.0.1:6379
Caused by: java.net.ConnectException: Conexão recusada: /127.0.0.1:6379
</error>
  </testcase>
  <testcase name="testDescendingIterator[23]" classname="org.springframework.data.redis.support.collections.RedisListTests" time="0">
    <error message="Unable to connect to Redis on 127.0.0.1:6379; nested exception is com.lambdaworks.redis.RedisConnectionException: Unable to connect to /127.0.0.1:6379" type="org.springframework.data.redis.RedisConnectionFailureException">org.springframework.data.redis.RedisConnectionFailureException: Unable to connect to Redis on 127.0.0.1:6379; nested exception is com.lambdaworks.redis.RedisConnectionException: Unable to connect to /127.0.0.1:6379
Caused by: com.lambdaworks.redis.RedisConnectionException: Unable to connect to /127.0.0.1:6379
Caused by: java.net.ConnectException: Conexão recusada: /127.0.0.1:6379
</error>
  </testcase>
  <testcase name="testDescendingIterator[23]" classname="org.springframework.data.redis.support.collections.RedisListTests" time="0">
    <error message="Unable to connect to Redis on 127.0.0.1:6379; nested exception is com.lambdaworks.redis.RedisConnectionException: Unable to connect to /127.0.0.1:6379" type="org.springframework.data.redis.RedisConnectionFailureException">org.springframework.data.redis.RedisConnectionFailureException: Unable to connect to Redis on 127.0.0.1:6379; nested exception is com.lambdaworks.redis.RedisConnectionException: Unable to connect to /127.0.0.1:6379
Caused by: com.lambdaworks.redis.RedisConnectionException: Unable to connect to /127.0.0.1:6379
Caused by: java.net.ConnectException: Conexão recusada: /127.0.0.1:6379
</error>
  </testcase>
  <testcase name="testAddFirst[23]" classname="org.springframework.data.redis.support.collections.RedisListTests" time="0.003">
    <error message="Unable to connect to Redis on 127.0.0.1:6379; nested exception is com.lambdaworks.redis.RedisConnectionException: Unable to connect to /127.0.0.1:6379" type="org.springframework.data.redis.RedisConnectionFailureException">org.springframework.data.redis.RedisConnectionFailureException: Unable to connect to Redis on 127.0.0.1:6379; nested exception is com.lambdaworks.redis.RedisConnectionException: Unable to connect to /127.0.0.1:6379
Caused by: com.lambdaworks.redis.RedisConnectionException: Unable to connect to /127.0.0.1:6379
Caused by: java.net.ConnectException: Conexão recusada: /127.0.0.1:6379
</error>
  </testcase>
  <testcase name="testAddFirst[23]" classname="org.springframework.data.redis.support.collections.RedisListTests" time="0.003">
    <error message="Unable to connect to Redis on 127.0.0.1:6379; nested exception is com.lambdaworks.redis.RedisConnectionException: Unable to connect to /127.0.0.1:6379" type="org.springframework.data.redis.RedisConnectionFailureException">org.springframework.data.redis.RedisConnectionFailureException: Unable to connect to Redis on 127.0.0.1:6379; nested exception is com.lambdaworks.redis.RedisConnectionException: Unable to connect to /127.0.0.1:6379
Caused by: com.lambdaworks.redis.RedisConnectionException: Unable to connect to /127.0.0.1:6379
Caused by: java.net.ConnectException: Conexão recusada: /127.0.0.1:6379
</error>
  </testcase>
  <testcase name="testDrainToCollectionWithMaxElements[23]" classname="org.springframework.data.redis.support.collections.RedisListTests" time="0.012">
    <error message="Unable to connect to Redis on 127.0.0.1:6379; nested exception is com.lambdaworks.redis.RedisConnectionException: Unable to connect to /127.0.0.1:6379" type="org.springframework.data.redis.RedisConnectionFailureException">org.springframework.data.redis.RedisConnectionFailureException: Unable to connect to Redis on 127.0.0.1:6379; nested exception is com.lambdaworks.redis.RedisConnectionException: Unable to connect to /127.0.0.1:6379
Caused by: com.lambdaworks.redis.RedisConnectionException: Unable to connect to /127.0.0.1:6379
Caused by: java.net.ConnectException: Conexão recusada: /127.0.0.1:6379
</error>
  </testcase>
  <testcase name="testDrainToCollectionWithMaxElements[23]" classname="org.springframework.data.redis.support.collections.RedisListTests" time="0.013">
    <error message="Unable to connect to Redis on 127.0.0.1:6379; nested exception is com.lambdaworks.redis.RedisConnectionException: Unable to connect to /127.0.0.1:6379" type="org.springframework.data.redis.RedisConnectionFailureException">org.springframework.data.redis.RedisConnectionFailureException: Unable to connect to Redis on 127.0.0.1:6379; nested exception is com.lambdaworks.redis.RedisConnectionException: Unable to connect to /127.0.0.1:6379
Caused by: com.lambdaworks.redis.RedisConnectionException: Unable to connect to /127.0.0.1:6379
Caused by: java.net.ConnectException: Conexão recusada: /127.0.0.1:6379
</error>
  </testcase>
  <testcase name="testTakeLast[23]" classname="org.springframework.data.redis.support.collections.RedisListTests" time="0">
    <error message="Unable to connect to Redis on 127.0.0.1:6379; nested exception is com.lambdaworks.redis.RedisConnectionException: Unable to connect to /127.0.0.1:6379" type="org.springframework.data.redis.RedisConnectionFailureException">org.springframework.data.redis.RedisConnectionFailureException: Unable to connect to Redis on 127.0.0.1:6379; nested exception is com.lambdaworks.redis.RedisConnectionException: Unable to connect to /127.0.0.1:6379
Caused by: com.lambdaworks.redis.RedisConnectionException: Unable to connect to /127.0.0.1:6379
Caused by: java.net.ConnectException: Conexão recusada: /127.0.0.1:6379
</error>
  </testcase>
  <testcase name="testTakeLast[23]" classname="org.springframework.data.redis.support.collections.RedisListTests" time="0">
    <error message="Unable to connect to Redis on 127.0.0.1:6379; nested exception is com.lambdaworks.redis.RedisConnectionException: Unable to connect to /127.0.0.1:6379" type="org.springframework.data.redis.RedisConnectionFailureException">org.springframework.data.redis.RedisConnectionFailureException: Unable to connect to Redis on 127.0.0.1:6379; nested exception is com.lambdaworks.redis.RedisConnectionException: Unable to connect to /127.0.0.1:6379
Caused by: com.lambdaworks.redis.RedisConnectionException: Unable to connect to /127.0.0.1:6379
Caused by: java.net.ConnectException: Conexão recusada: /127.0.0.1:6379
</error>
  </testcase>
  <testcase name="testRemainingCapacity[23]" classname="org.springframework.data.redis.support.collections.RedisListTests" time="0">
    <error message="Unable to connect to Redis on 127.0.0.1:6379; nested exception is com.lambdaworks.redis.RedisConnectionException: Unable to connect to /127.0.0.1:6379" type="org.springframework.data.redis.RedisConnectionFailureException">org.springframework.data.redis.RedisConnectionFailureException: Unable to connect to Redis on 127.0.0.1:6379; nested exception is com.lambdaworks.redis.RedisConnectionException: Unable to connect to /127.0.0.1:6379
Caused by: com.lambdaworks.redis.RedisConnectionException: Unable to connect to /127.0.0.1:6379
Caused by: java.net.ConnectException: Conexão recusada: /127.0.0.1:6379
</error>
  </testcase>
  <testcase name="testRemoveLast[23]" classname="org.springframework.data.redis.support.collections.RedisListTests" time="0">
    <error message="Unable to connect to Redis on 127.0.0.1:6379; nested exception is com.lambdaworks.redis.RedisConnectionException: Unable to connect to /127.0.0.1:6379" type="org.springframework.data.redis.RedisConnectionFailureException">org.springframework.data.redis.RedisConnectionFailureException: Unable to connect to Redis on 127.0.0.1:6379; nested exception is com.lambdaworks.redis.RedisConnectionException: Unable to connect to /127.0.0.1:6379
Caused by: com.lambdaworks.redis.RedisConnectionException: Unable to connect to /127.0.0.1:6379
Caused by: java.net.ConnectException: Conexão recusada: /127.0.0.1:6379
</error>
  </testcase>
  <testcase name="testRemoveLast[23]" classname="org.springframework.data.redis.support.collections.RedisListTests" time="0">
    <error message="Unable to connect to Redis on 127.0.0.1:6379; nested exception is com.lambdaworks.redis.RedisConnectionException: Unable to connect to /127.0.0.1:6379" type="org.springframework.data.redis.RedisConnectionFailureException">org.springframework.data.redis.RedisConnectionFailureException: Unable to connect to Redis on 127.0.0.1:6379; nested exception is com.lambdaworks.redis.RedisConnectionException: Unable to connect to /127.0.0.1:6379
Caused by: com.lambdaworks.redis.RedisConnectionException: Unable to connect to /127.0.0.1:6379
Caused by: java.net.ConnectException: Conexão recusada: /127.0.0.1:6379
</error>
  </testcase>
  <testcase name="testAddIndexObjectHead[23]" classname="org.springframework.data.redis.support.collections.RedisListTests" time="0.003">
    <error message="Unable to connect to Redis on 127.0.0.1:6379; nested exception is com.lambdaworks.redis.RedisConnectionException: Unable to connect to /127.0.0.1:6379" type="org.springframework.data.redis.RedisConnectionFailureException">org.springframework.data.redis.RedisConnectionFailureException: Unable to connect to Redis on 127.0.0.1:6379; nested exception is com.lambdaworks.redis.RedisConnectionException: Unable to connect to /127.0.0.1:6379
Caused by: com.lambdaworks.redis.RedisConnectionException: Unable to connect to /127.0.0.1:6379
Caused by: java.net.ConnectException: Conexão recusada: /127.0.0.1:6379
</error>
  </testcase>
  <testcase name="testAddIndexObjectHead[23]" classname="org.springframework.data.redis.support.collections.RedisListTests" time="0.003">
    <error message="Unable to connect to Redis on 127.0.0.1:6379; nested exception is com.lambdaworks.redis.RedisConnectionException: Unable to connect to /127.0.0.1:6379" type="org.springframework.data.redis.RedisConnectionFailureException">org.springframework.data.redis.RedisConnectionFailureException: Unable to connect to Redis on 127.0.0.1:6379; nested exception is com.lambdaworks.redis.RedisConnectionException: Unable to connect to /127.0.0.1:6379
Caused by: com.lambdaworks.redis.RedisConnectionException: Unable to connect to /127.0.0.1:6379
Caused by: java.net.ConnectException: Conexão recusada: /127.0.0.1:6379
</error>
  </testcase>
  <testcase name="testAddIndexObjectTail[23]" classname="org.springframework.data.redis.support.collections.RedisListTests" time="0">
    <error message="Unable to connect to Redis on 127.0.0.1:6379; nested exception is com.lambdaworks.redis.RedisConnectionException: Unable to connect to /127.0.0.1:6379" type="org.springframework.data.redis.RedisConnectionFailureException">org.springframework.data.redis.RedisConnectionFailureException: Unable to connect to Redis on 127.0.0.1:6379; nested exception is com.lambdaworks.redis.RedisConnectionException: Unable to connect to /127.0.0.1:6379
Caused by: com.lambdaworks.redis.RedisConnectionException: Unable to connect to /127.0.0.1:6379
Caused by: java.net.ConnectException: Conexão recusada: /127.0.0.1:6379
</error>
  </testcase>
  <testcase name="testAddIndexObjectTail[23]" classname="org.springframework.data.redis.support.collections.RedisListTests" time="0">
    <error message="Unable to connect to Redis on 127.0.0.1:6379; nested exception is com.lambdaworks.redis.RedisConnectionException: Unable to connect to /127.0.0.1:6379" type="org.springframework.data.redis.RedisConnectionFailureException">org.springframework.data.redis.RedisConnectionFailureException: Unable to connect to Redis on 127.0.0.1:6379; nested exception is com.lambdaworks.redis.RedisConnectionException: Unable to connect to /127.0.0.1:6379
Caused by: com.lambdaworks.redis.RedisConnectionException: Unable to connect to /127.0.0.1:6379
Caused by: java.net.ConnectException: Conexão recusada: /127.0.0.1:6379
</error>
  </testcase>
  <testcase name="testPollFirst[23]" classname="org.springframework.data.redis.support.collections.RedisListTests" time="0.001">
    <error message="Unable to connect to Redis on 127.0.0.1:6379; nested exception is com.lambdaworks.redis.RedisConnectionException: Unable to connect to /127.0.0.1:6379" type="org.springframework.data.redis.RedisConnectionFailureException">org.springframework.data.redis.RedisConnectionFailureException: Unable to connect to Redis on 127.0.0.1:6379; nested exception is com.lambdaworks.redis.RedisConnectionException: Unable to connect to /127.0.0.1:6379
Caused by: com.lambdaworks.redis.RedisConnectionException: Unable to connect to /127.0.0.1:6379
Caused by: java.net.ConnectException: Conexão recusada: /127.0.0.1:6379
</error>
  </testcase>
  <testcase name="testPollFirst[23]" classname="org.springframework.data.redis.support.collections.RedisListTests" time="0.002">
    <error message="Unable to connect to Redis on 127.0.0.1:6379; nested exception is com.lambdaworks.redis.RedisConnectionException: Unable to connect to /127.0.0.1:6379" type="org.springframework.data.redis.RedisConnectionFailureException">org.springframework.data.redis.RedisConnectionFailureException: Unable to connect to Redis on 127.0.0.1:6379; nested exception is com.lambdaworks.redis.RedisConnectionException: Unable to connect to /127.0.0.1:6379
Caused by: com.lambdaworks.redis.RedisConnectionException: Unable to connect to /127.0.0.1:6379
Caused by: java.net.ConnectException: Conexão recusada: /127.0.0.1:6379
</error>
  </testcase>
  <testcase name="testAddIndexObjectMiddle[23]" classname="org.springframework.data.redis.support.collections.RedisListTests" time="0.003">
    <error message="Unexpected exception, expected&lt;java.lang.IllegalArgumentException&gt; but was&lt;org.springframework.data.redis.RedisConnectionFailureException&gt;" type="java.lang.Exception"><![CDATA[java.lang.Exception: Unexpected exception, expected<java.lang.IllegalArgumentException> but was<org.springframework.data.redis.RedisConnectionFailureException>
Caused by: org.springframework.data.redis.RedisConnectionFailureException: Unable to connect to Redis on 127.0.0.1:6379; nested exception is com.lambdaworks.redis.RedisConnectionException: Unable to connect to /127.0.0.1:6379
Caused by: com.lambdaworks.redis.RedisConnectionException: Unable to connect to /127.0.0.1:6379
Caused by: java.net.ConnectException: Conexão recusada: /127.0.0.1:6379
]]></error>
  </testcase>
  <testcase name="testAddIndexObjectMiddle[23]" classname="org.springframework.data.redis.support.collections.RedisListTests" time="0.003">
    <error message="Unable to connect to Redis on 127.0.0.1:6379; nested exception is com.lambdaworks.redis.RedisConnectionException: Unable to connect to /127.0.0.1:6379" type="org.springframework.data.redis.RedisConnectionFailureException">org.springframework.data.redis.RedisConnectionFailureException: Unable to connect to Redis on 127.0.0.1:6379; nested exception is com.lambdaworks.redis.RedisConnectionException: Unable to connect to /127.0.0.1:6379
Caused by: com.lambdaworks.redis.RedisConnectionException: Unable to connect to /127.0.0.1:6379
Caused by: java.net.ConnectException: Conexão recusada: /127.0.0.1:6379
</error>
  </testcase>
  <testcase name="testPeekLast[23]" classname="org.springframework.data.redis.support.collections.RedisListTests" time="0.002">
    <error message="Unable to connect to Redis on 127.0.0.1:6379; nested exception is com.lambdaworks.redis.RedisConnectionException: Unable to connect to /127.0.0.1:6379" type="org.springframework.data.redis.RedisConnectionFailureException">org.springframework.data.redis.RedisConnectionFailureException: Unable to connect to Redis on 127.0.0.1:6379; nested exception is com.lambdaworks.redis.RedisConnectionException: Unable to connect to /127.0.0.1:6379
Caused by: com.lambdaworks.redis.RedisConnectionException: Unable to connect to /127.0.0.1:6379
Caused by: java.net.ConnectException: Conexão recusada: /127.0.0.1:6379
</error>
  </testcase>
  <testcase name="testPeekLast[23]" classname="org.springframework.data.redis.support.collections.RedisListTests" time="0.002">
    <error message="Unable to connect to Redis on 127.0.0.1:6379; nested exception is com.lambdaworks.redis.RedisConnectionException: Unable to connect to /127.0.0.1:6379" type="org.springframework.data.redis.RedisConnectionFailureException">org.springframework.data.redis.RedisConnectionFailureException: Unable to connect to Redis on 127.0.0.1:6379; nested exception is com.lambdaworks.redis.RedisConnectionException: Unable to connect to /127.0.0.1:6379
Caused by: com.lambdaworks.redis.RedisConnectionException: Unable to connect to /127.0.0.1:6379
Caused by: java.net.ConnectException: Conexão recusada: /127.0.0.1:6379
</error>
  </testcase>
  <testcase name="testRemoveFirstOccurrence[23]" classname="org.springframework.data.redis.support.collections.RedisListTests" time="0.002">
    <error message="Unable to connect to Redis on 127.0.0.1:6379; nested exception is com.lambdaworks.redis.RedisConnectionException: Unable to connect to /127.0.0.1:6379" type="org.springframework.data.redis.RedisConnectionFailureException">org.springframework.data.redis.RedisConnectionFailureException: Unable to connect to Redis on 127.0.0.1:6379; nested exception is com.lambdaworks.redis.RedisConnectionException: Unable to connect to /127.0.0.1:6379
Caused by: com.lambdaworks.redis.RedisConnectionException: Unable to connect to /127.0.0.1:6379
Caused by: java.net.ConnectException: Conexão recusada: /127.0.0.1:6379
</error>
  </testcase>
  <testcase name="testRemoveFirstOccurrence[23]" classname="org.springframework.data.redis.support.collections.RedisListTests" time="0.002">
    <error message="Unable to connect to Redis on 127.0.0.1:6379; nested exception is com.lambdaworks.redis.RedisConnectionException: Unable to connect to /127.0.0.1:6379" type="org.springframework.data.redis.RedisConnectionFailureException">org.springframework.data.redis.RedisConnectionFailureException: Unable to connect to Redis on 127.0.0.1:6379; nested exception is com.lambdaworks.redis.RedisConnectionException: Unable to connect to /127.0.0.1:6379
Caused by: com.lambdaworks.redis.RedisConnectionException: Unable to connect to /127.0.0.1:6379
Caused by: java.net.ConnectException: Conexão recusada: /127.0.0.1:6379
</error>
  </testcase>
  <testcase name="addAllIndexCollectionHead[23]" classname="org.springframework.data.redis.support.collections.RedisListTests" time="0.002">
    <error message="Unable to connect to Redis on 127.0.0.1:6379; nested exception is com.lambdaworks.redis.RedisConnectionException: Unable to connect to /127.0.0.1:6379" type="org.springframework.data.redis.RedisConnectionFailureException">org.springframework.data.redis.RedisConnectionFailureException: Unable to connect to Redis on 127.0.0.1:6379; nested exception is com.lambdaworks.redis.RedisConnectionException: Unable to connect to /127.0.0.1:6379
Caused by: com.lambdaworks.redis.RedisConnectionException: Unable to connect to /127.0.0.1:6379
Caused by: java.net.ConnectException: Conexão recusada: /127.0.0.1:6379
</error>
  </testcase>
  <testcase name="addAllIndexCollectionHead[23]" classname="org.springframework.data.redis.support.collections.RedisListTests" time="0.002">
    <error message="Unable to connect to Redis on 127.0.0.1:6379; nested exception is com.lambdaworks.redis.RedisConnectionException: Unable to connect to /127.0.0.1:6379" type="org.springframework.data.redis.RedisConnectionFailureException">org.springframework.data.redis.RedisConnectionFailureException: Unable to connect to Redis on 127.0.0.1:6379; nested exception is com.lambdaworks.redis.RedisConnectionException: Unable to connect to /127.0.0.1:6379
Caused by: com.lambdaworks.redis.RedisConnectionException: Unable to connect to /127.0.0.1:6379
Caused by: java.net.ConnectException: Conexão recusada: /127.0.0.1:6379
</error>
  </testcase>
  <testcase name="addAllIndexCollectionTail[23]" classname="org.springframework.data.redis.support.collections.RedisListTests" time="0.003">
    <error message="Unable to connect to Redis on 127.0.0.1:6379; nested exception is com.lambdaworks.redis.RedisConnectionException: Unable to connect to /127.0.0.1:6379" type="org.springframework.data.redis.RedisConnectionFailureException">org.springframework.data.redis.RedisConnectionFailureException: Unable to connect to Redis on 127.0.0.1:6379; nested exception is com.lambdaworks.redis.RedisConnectionException: Unable to connect to /127.0.0.1:6379
Caused by: com.lambdaworks.redis.RedisConnectionException: Unable to connect to /127.0.0.1:6379
Caused by: java.net.ConnectException: Conexão recusada: /127.0.0.1:6379
</error>
  </testcase>
  <testcase name="addAllIndexCollectionTail[23]" classname="org.springframework.data.redis.support.collections.RedisListTests" time="0.003">
    <error message="Unable to connect to Redis on 127.0.0.1:6379; nested exception is com.lambdaworks.redis.RedisConnectionException: Unable to connect to /127.0.0.1:6379" type="org.springframework.data.redis.RedisConnectionFailureException">org.springframework.data.redis.RedisConnectionFailureException: Unable to connect to Redis on 127.0.0.1:6379; nested exception is com.lambdaworks.redis.RedisConnectionException: Unable to connect to /127.0.0.1:6379
Caused by: com.lambdaworks.redis.RedisConnectionException: Unable to connect to /127.0.0.1:6379
Caused by: java.net.ConnectException: Conexão recusada: /127.0.0.1:6379
</error>
  </testcase>
  <testcase name="addAllIndexCollectionMiddle[23]" classname="org.springframework.data.redis.support.collections.RedisListTests" time="0.002">
    <error message="Unexpected exception, expected&lt;java.lang.IllegalArgumentException&gt; but was&lt;org.springframework.data.redis.RedisConnectionFailureException&gt;" type="java.lang.Exception"><![CDATA[java.lang.Exception: Unexpected exception, expected<java.lang.IllegalArgumentException> but was<org.springframework.data.redis.RedisConnectionFailureException>
Caused by: org.springframework.data.redis.RedisConnectionFailureException: Unable to connect to Redis on 127.0.0.1:6379; nested exception is com.lambdaworks.redis.RedisConnectionException: Unable to connect to /127.0.0.1:6379
Caused by: com.lambdaworks.redis.RedisConnectionException: Unable to connect to /127.0.0.1:6379
Caused by: java.net.ConnectException: Conexão recusada: /127.0.0.1:6379
]]></error>
  </testcase>
  <testcase name="addAllIndexCollectionMiddle[23]" classname="org.springframework.data.redis.support.collections.RedisListTests" time="0.002">
    <error message="Unable to connect to Redis on 127.0.0.1:6379; nested exception is com.lambdaworks.redis.RedisConnectionException: Unable to connect to /127.0.0.1:6379" type="org.springframework.data.redis.RedisConnectionFailureException">org.springframework.data.redis.RedisConnectionFailureException: Unable to connect to Redis on 127.0.0.1:6379; nested exception is com.lambdaworks.redis.RedisConnectionException: Unable to connect to /127.0.0.1:6379
Caused by: com.lambdaworks.redis.RedisConnectionException: Unable to connect to /127.0.0.1:6379
Caused by: java.net.ConnectException: Conexão recusada: /127.0.0.1:6379
</error>
  </testcase>
  <testcase name="testPollLast[23]" classname="org.springframework.data.redis.support.collections.RedisListTests" time="0.001">
    <error message="Unable to connect to Redis on 127.0.0.1:6379; nested exception is com.lambdaworks.redis.RedisConnectionException: Unable to connect to /127.0.0.1:6379" type="org.springframework.data.redis.RedisConnectionFailureException">org.springframework.data.redis.RedisConnectionFailureException: Unable to connect to Redis on 127.0.0.1:6379; nested exception is com.lambdaworks.redis.RedisConnectionException: Unable to connect to /127.0.0.1:6379
Caused by: com.lambdaworks.redis.RedisConnectionException: Unable to connect to /127.0.0.1:6379
Caused by: java.net.ConnectException: Conexão recusada: /127.0.0.1:6379
</error>
  </testcase>
  <testcase name="testPollLast[23]" classname="org.springframework.data.redis.support.collections.RedisListTests" time="0.001">
    <error message="Unable to connect to Redis on 127.0.0.1:6379; nested exception is com.lambdaworks.redis.RedisConnectionException: Unable to connect to /127.0.0.1:6379" type="org.springframework.data.redis.RedisConnectionFailureException">org.springframework.data.redis.RedisConnectionFailureException: Unable to connect to Redis on 127.0.0.1:6379; nested exception is com.lambdaworks.redis.RedisConnectionException: Unable to connect to /127.0.0.1:6379
Caused by: com.lambdaworks.redis.RedisConnectionException: Unable to connect to /127.0.0.1:6379
Caused by: java.net.ConnectException: Conexão recusada: /127.0.0.1:6379
</error>
  </testcase>
  <testcase name="testIndexOfObject[23]" classname="org.springframework.data.redis.support.collections.RedisListTests" time="0.001">
    <error message="Unable to connect to Redis on 127.0.0.1:6379; nested exception is com.lambdaworks.redis.RedisConnectionException: Unable to connect to /127.0.0.1:6379" type="org.springframework.data.redis.RedisConnectionFailureException">org.springframework.data.redis.RedisConnectionFailureException: Unable to connect to Redis on 127.0.0.1:6379; nested exception is com.lambdaworks.redis.RedisConnectionException: Unable to connect to /127.0.0.1:6379
Caused by: com.lambdaworks.redis.RedisConnectionException: Unable to connect to /127.0.0.1:6379
Caused by: java.net.ConnectException: Conexão recusada: /127.0.0.1:6379
</error>
  </testcase>
  <testcase name="testPollTimeout[23]" classname="org.springframework.data.redis.support.collections.RedisListTests" time="0.004">
    <error message="Unable to connect to Redis on 127.0.0.1:6379; nested exception is com.lambdaworks.redis.RedisConnectionException: Unable to connect to /127.0.0.1:6379" type="org.springframework.data.redis.RedisConnectionFailureException">org.springframework.data.redis.RedisConnectionFailureException: Unable to connect to Redis on 127.0.0.1:6379; nested exception is com.lambdaworks.redis.RedisConnectionException: Unable to connect to /127.0.0.1:6379
Caused by: com.lambdaworks.redis.RedisConnectionException: Unable to connect to /127.0.0.1:6379
Caused by: java.net.ConnectException: Conexão recusada: /127.0.0.1:6379
</error>
  </testcase>
  <testcase name="testPollTimeout[23]" classname="org.springframework.data.redis.support.collections.RedisListTests" time="0.005">
    <error message="Unable to connect to Redis on 127.0.0.1:6379; nested exception is com.lambdaworks.redis.RedisConnectionException: Unable to connect to /127.0.0.1:6379" type="org.springframework.data.redis.RedisConnectionFailureException">org.springframework.data.redis.RedisConnectionFailureException: Unable to connect to Redis on 127.0.0.1:6379; nested exception is com.lambdaworks.redis.RedisConnectionException: Unable to connect to /127.0.0.1:6379
Caused by: com.lambdaworks.redis.RedisConnectionException: Unable to connect to /127.0.0.1:6379
Caused by: java.net.ConnectException: Conexão recusada: /127.0.0.1:6379
</error>
  </testcase>
  <testcase name="testRemove[23]" classname="org.springframework.data.redis.support.collections.RedisListTests" time="0.001">
    <error message="Unable to connect to Redis on 127.0.0.1:6379; nested exception is com.lambdaworks.redis.RedisConnectionException: Unable to connect to /127.0.0.1:6379" type="org.springframework.data.redis.RedisConnectionFailureException">org.springframework.data.redis.RedisConnectionFailureException: Unable to connect to Redis on 127.0.0.1:6379; nested exception is com.lambdaworks.redis.RedisConnectionException: Unable to connect to /127.0.0.1:6379
Caused by: com.lambdaworks.redis.RedisConnectionException: Unable to connect to /127.0.0.1:6379
Caused by: java.net.ConnectException: Conexão recusada: /127.0.0.1:6379
</error>
  </testcase>
  <testcase name="testRemove[23]" classname="org.springframework.data.redis.support.collections.RedisListTests" time="0.001">
    <error message="Unable to connect to Redis on 127.0.0.1:6379; nested exception is com.lambdaworks.redis.RedisConnectionException: Unable to connect to /127.0.0.1:6379" type="org.springframework.data.redis.RedisConnectionFailureException">org.springframework.data.redis.RedisConnectionFailureException: Unable to connect to Redis on 127.0.0.1:6379; nested exception is com.lambdaworks.redis.RedisConnectionException: Unable to connect to /127.0.0.1:6379
Caused by: com.lambdaworks.redis.RedisConnectionException: Unable to connect to /127.0.0.1:6379
Caused by: java.net.ConnectException: Conexão recusada: /127.0.0.1:6379
</error>
  </testcase>
  <testcase name="testCappedCollection[23]" classname="org.springframework.data.redis.support.collections.RedisListTests" time="0.002">
    <error message="Unable to connect to Redis on 127.0.0.1:6379; nested exception is com.lambdaworks.redis.RedisConnectionException: Unable to connect to /127.0.0.1:6379" type="org.springframework.data.redis.RedisConnectionFailureException">org.springframework.data.redis.RedisConnectionFailureException: Unable to connect to Redis on 127.0.0.1:6379; nested exception is com.lambdaworks.redis.RedisConnectionException: Unable to connect to /127.0.0.1:6379
Caused by: com.lambdaworks.redis.RedisConnectionException: Unable to connect to /127.0.0.1:6379
Caused by: java.net.ConnectException: Conexão recusada: /127.0.0.1:6379
</error>
  </testcase>
  <testcase name="testCappedCollection[23]" classname="org.springframework.data.redis.support.collections.RedisListTests" time="0.002">
    <error message="Unable to connect to Redis on 127.0.0.1:6379; nested exception is com.lambdaworks.redis.RedisConnectionException: Unable to connect to /127.0.0.1:6379" type="org.springframework.data.redis.RedisConnectionFailureException">org.springframework.data.redis.RedisConnectionFailureException: Unable to connect to Redis on 127.0.0.1:6379; nested exception is com.lambdaworks.redis.RedisConnectionException: Unable to connect to /127.0.0.1:6379
Caused by: com.lambdaworks.redis.RedisConnectionException: Unable to connect to /127.0.0.1:6379
Caused by: java.net.ConnectException: Conexão recusada: /127.0.0.1:6379
</error>
  </testcase>
  <testcase name="testRmoveLastOccurrence[23]" classname="org.springframework.data.redis.support.collections.RedisListTests" time="0.006">
    <error message="Unable to connect to Redis on 127.0.0.1:6379; nested exception is com.lambdaworks.redis.RedisConnectionException: Unable to connect to /127.0.0.1:6379" type="org.springframework.data.redis.RedisConnectionFailureException">org.springframework.data.redis.RedisConnectionFailureException: Unable to connect to Redis on 127.0.0.1:6379; nested exception is com.lambdaworks.redis.RedisConnectionException: Unable to connect to /127.0.0.1:6379
Caused by: com.lambdaworks.redis.RedisConnectionException: Unable to connect to /127.0.0.1:6379
Caused by: java.net.ConnectException: Conexão recusada: /127.0.0.1:6379
</error>
  </testcase>
  <testcase name="testRmoveLastOccurrence[23]" classname="org.springframework.data.redis.support.collections.RedisListTests" time="0.006">
    <error message="Unable to connect to Redis on 127.0.0.1:6379; nested exception is com.lambdaworks.redis.RedisConnectionException: Unable to connect to /127.0.0.1:6379" type="org.springframework.data.redis.RedisConnectionFailureException">org.springframework.data.redis.RedisConnectionFailureException: Unable to connect to Redis on 127.0.0.1:6379; nested exception is com.lambdaworks.redis.RedisConnectionException: Unable to connect to /127.0.0.1:6379
Caused by: com.lambdaworks.redis.RedisConnectionException: Unable to connect to /127.0.0.1:6379
Caused by: java.net.ConnectException: Conexão recusada: /127.0.0.1:6379
</error>
  </testcase>
  <testcase name="testTakeFirst[23]" classname="org.springframework.data.redis.support.collections.RedisListTests" time="0.005">
    <error message="Unable to connect to Redis on 127.0.0.1:6379; nested exception is com.lambdaworks.redis.RedisConnectionException: Unable to connect to /127.0.0.1:6379" type="org.springframework.data.redis.RedisConnectionFailureException">org.springframework.data.redis.RedisConnectionFailureException: Unable to connect to Redis on 127.0.0.1:6379; nested exception is com.lambdaworks.redis.RedisConnectionException: Unable to connect to /127.0.0.1:6379
Caused by: com.lambdaworks.redis.RedisConnectionException: Unable to connect to /127.0.0.1:6379
Caused by: java.net.ConnectException: Conexão recusada: /127.0.0.1:6379
</error>
  </testcase>
  <testcase name="testTakeFirst[23]" classname="org.springframework.data.redis.support.collections.RedisListTests" time="0.005">
    <error message="Unable to connect to Redis on 127.0.0.1:6379; nested exception is com.lambdaworks.redis.RedisConnectionException: Unable to connect to /127.0.0.1:6379" type="org.springframework.data.redis.RedisConnectionFailureException">org.springframework.data.redis.RedisConnectionFailureException: Unable to connect to Redis on 127.0.0.1:6379; nested exception is com.lambdaworks.redis.RedisConnectionException: Unable to connect to /127.0.0.1:6379
Caused by: com.lambdaworks.redis.RedisConnectionException: Unable to connect to /127.0.0.1:6379
Caused by: java.net.ConnectException: Conexão recusada: /127.0.0.1:6379
</error>
  </testcase>
  <testcase name="testContainsObject[23]" classname="org.springframework.data.redis.support.collections.RedisListTests" time="0.002">
    <error message="Unable to connect to Redis on 127.0.0.1:6379; nested exception is com.lambdaworks.redis.RedisConnectionException: Unable to connect to /127.0.0.1:6379" type="org.springframework.data.redis.RedisConnectionFailureException">org.springframework.data.redis.RedisConnectionFailureException: Unable to connect to Redis on 127.0.0.1:6379; nested exception is com.lambdaworks.redis.RedisConnectionException: Unable to connect to /127.0.0.1:6379
Caused by: com.lambdaworks.redis.RedisConnectionException: Unable to connect to /127.0.0.1:6379
Caused by: java.net.ConnectException: Conexão recusada: /127.0.0.1:6379
</error>
  </testcase>
  <testcase name="testContainsObject[23]" classname="org.springframework.data.redis.support.collections.RedisListTests" time="0.002">
    <error message="Unable to connect to Redis on 127.0.0.1:6379; nested exception is com.lambdaworks.redis.RedisConnectionException: Unable to connect to /127.0.0.1:6379" type="org.springframework.data.redis.RedisConnectionFailureException">org.springframework.data.redis.RedisConnectionFailureException: Unable to connect to Redis on 127.0.0.1:6379; nested exception is com.lambdaworks.redis.RedisConnectionException: Unable to connect to /127.0.0.1:6379
Caused by: com.lambdaworks.redis.RedisConnectionException: Unable to connect to /127.0.0.1:6379
Caused by: java.net.ConnectException: Conexão recusada: /127.0.0.1:6379
</error>
  </testcase>
  <testcase name="testToArray[23]" classname="org.springframework.data.redis.support.collections.RedisListTests" time="0.01">
    <error message="Unable to connect to Redis on 127.0.0.1:6379; nested exception is com.lambdaworks.redis.RedisConnectionException: Unable to connect to /127.0.0.1:6379" type="org.springframework.data.redis.RedisConnectionFailureException">org.springframework.data.redis.RedisConnectionFailureException: Unable to connect to Redis on 127.0.0.1:6379; nested exception is com.lambdaworks.redis.RedisConnectionException: Unable to connect to /127.0.0.1:6379
Caused by: com.lambdaworks.redis.RedisConnectionException: Unable to connect to /127.0.0.1:6379
Caused by: java.net.ConnectException: Conexão recusada: /127.0.0.1:6379
</error>
  </testcase>
  <testcase name="testToArray[23]" classname="org.springframework.data.redis.support.collections.RedisListTests" time="0.01">
    <error message="Unable to connect to Redis on 127.0.0.1:6379; nested exception is com.lambdaworks.redis.RedisConnectionException: Unable to connect to /127.0.0.1:6379" type="org.springframework.data.redis.RedisConnectionFailureException">org.springframework.data.redis.RedisConnectionFailureException: Unable to connect to Redis on 127.0.0.1:6379; nested exception is com.lambdaworks.redis.RedisConnectionException: Unable to connect to /127.0.0.1:6379
Caused by: com.lambdaworks.redis.RedisConnectionException: Unable to connect to /127.0.0.1:6379
Caused by: java.net.ConnectException: Conexão recusada: /127.0.0.1:6379
</error>
  </testcase>
  <testcase name="testAdd[23]" classname="org.springframework.data.redis.support.collections.RedisListTests" time="0">
    <error message="Unable to connect to Redis on 127.0.0.1:6379; nested exception is com.lambdaworks.redis.RedisConnectionException: Unable to connect to /127.0.0.1:6379" type="org.springframework.data.redis.RedisConnectionFailureException">org.springframework.data.redis.RedisConnectionFailureException: Unable to connect to Redis on 127.0.0.1:6379; nested exception is com.lambdaworks.redis.RedisConnectionException: Unable to connect to /127.0.0.1:6379
Caused by: com.lambdaworks.redis.RedisConnectionException: Unable to connect to /127.0.0.1:6379
Caused by: java.net.ConnectException: Conexão recusada: /127.0.0.1:6379
</error>
  </testcase>
  <testcase name="testAdd[23]" classname="org.springframework.data.redis.support.collections.RedisListTests" time="0">
    <error message="Unable to connect to Redis on 127.0.0.1:6379; nested exception is com.lambdaworks.redis.RedisConnectionException: Unable to connect to /127.0.0.1:6379" type="org.springframework.data.redis.RedisConnectionFailureException">org.springframework.data.redis.RedisConnectionFailureException: Unable to connect to Redis on 127.0.0.1:6379; nested exception is com.lambdaworks.redis.RedisConnectionException: Unable to connect to /127.0.0.1:6379
Caused by: com.lambdaworks.redis.RedisConnectionException: Unable to connect to /127.0.0.1:6379
Caused by: java.net.ConnectException: Conexão recusada: /127.0.0.1:6379
</error>
  </testcase>
  <testcase name="testClear[23]" classname="org.springframework.data.redis.support.collections.RedisListTests" time="0.002">
    <error message="Unable to connect to Redis on 127.0.0.1:6379; nested exception is com.lambdaworks.redis.RedisConnectionException: Unable to connect to /127.0.0.1:6379" type="org.springframework.data.redis.RedisConnectionFailureException">org.springframework.data.redis.RedisConnectionFailureException: Unable to connect to Redis on 127.0.0.1:6379; nested exception is com.lambdaworks.redis.RedisConnectionException: Unable to connect to /127.0.0.1:6379
Caused by: com.lambdaworks.redis.RedisConnectionException: Unable to connect to /127.0.0.1:6379
Caused by: java.net.ConnectException: Conexão recusada: /127.0.0.1:6379
</error>
  </testcase>
  <testcase name="testClear[23]" classname="org.springframework.data.redis.support.collections.RedisListTests" time="0.002">
    <error message="Unable to connect to Redis on 127.0.0.1:6379; nested exception is com.lambdaworks.redis.RedisConnectionException: Unable to connect to /127.0.0.1:6379" type="org.springframework.data.redis.RedisConnectionFailureException">org.springframework.data.redis.RedisConnectionFailureException: Unable to connect to Redis on 127.0.0.1:6379; nested exception is com.lambdaworks.redis.RedisConnectionException: Unable to connect to /127.0.0.1:6379
Caused by: com.lambdaworks.redis.RedisConnectionException: Unable to connect to /127.0.0.1:6379
Caused by: java.net.ConnectException: Conexão recusada: /127.0.0.1:6379
</error>
  </testcase>
  <testcase name="testSize[23]" classname="org.springframework.data.redis.support.collections.RedisListTests" time="0.002">
    <error message="Unable to connect to Redis on 127.0.0.1:6379; nested exception is com.lambdaworks.redis.RedisConnectionException: Unable to connect to /127.0.0.1:6379" type="org.springframework.data.redis.RedisConnectionFailureException">org.springframework.data.redis.RedisConnectionFailureException: Unable to connect to Redis on 127.0.0.1:6379; nested exception is com.lambdaworks.redis.RedisConnectionException: Unable to connect to /127.0.0.1:6379
Caused by: com.lambdaworks.redis.RedisConnectionException: Unable to connect to /127.0.0.1:6379
Caused by: java.net.ConnectException: Conexão recusada: /127.0.0.1:6379
</error>
  </testcase>
  <testcase name="testSize[23]" classname="org.springframework.data.redis.support.collections.RedisListTests" time="0.002">
    <error message="Unable to connect to Redis on 127.0.0.1:6379; nested exception is com.lambdaworks.redis.RedisConnectionException: Unable to connect to /127.0.0.1:6379" type="org.springframework.data.redis.RedisConnectionFailureException">org.springframework.data.redis.RedisConnectionFailureException: Unable to connect to Redis on 127.0.0.1:6379; nested exception is com.lambdaworks.redis.RedisConnectionException: Unable to connect to /127.0.0.1:6379
Caused by: com.lambdaworks.redis.RedisConnectionException: Unable to connect to /127.0.0.1:6379
Caused by: java.net.ConnectException: Conexão recusada: /127.0.0.1:6379
</error>
  </testcase>
  <testcase name="testToString[23]" classname="org.springframework.data.redis.support.collections.RedisListTests" time="0.004">
    <error message="Unable to connect to Redis on 127.0.0.1:6379; nested exception is com.lambdaworks.redis.RedisConnectionException: Unable to connect to /127.0.0.1:6379" type="org.springframework.data.redis.RedisConnectionFailureException">org.springframework.data.redis.RedisConnectionFailureException: Unable to connect to Redis on 127.0.0.1:6379; nested exception is com.lambdaworks.redis.RedisConnectionException: Unable to connect to /127.0.0.1:6379
Caused by: com.lambdaworks.redis.RedisConnectionException: Unable to connect to /127.0.0.1:6379
Caused by: java.net.ConnectException: Conexão recusada: /127.0.0.1:6379
</error>
  </testcase>
  <testcase name="testToString[23]" classname="org.springframework.data.redis.support.collections.RedisListTests" time="0.004">
    <error message="Unable to connect to Redis on 127.0.0.1:6379; nested exception is com.lambdaworks.redis.RedisConnectionException: Unable to connect to /127.0.0.1:6379" type="org.springframework.data.redis.RedisConnectionFailureException">org.springframework.data.redis.RedisConnectionFailureException: Unable to connect to Redis on 127.0.0.1:6379; nested exception is com.lambdaworks.redis.RedisConnectionException: Unable to connect to /127.0.0.1:6379
Caused by: com.lambdaworks.redis.RedisConnectionException: Unable to connect to /127.0.0.1:6379
Caused by: java.net.ConnectException: Conexão recusada: /127.0.0.1:6379
</error>
  </testcase>
  <testcase name="testContainsAll[23]" classname="org.springframework.data.redis.support.collections.RedisListTests" time="0.006">
    <error message="Unable to connect to Redis on 127.0.0.1:6379; nested exception is com.lambdaworks.redis.RedisConnectionException: Unable to connect to /127.0.0.1:6379" type="org.springframework.data.redis.RedisConnectionFailureException">org.springframework.data.redis.RedisConnectionFailureException: Unable to connect to Redis on 127.0.0.1:6379; nested exception is com.lambdaworks.redis.RedisConnectionException: Unable to connect to /127.0.0.1:6379
Caused by: com.lambdaworks.redis.RedisConnectionException: Unable to connect to /127.0.0.1:6379
Caused by: java.net.ConnectException: Conexão recusada: /127.0.0.1:6379
</error>
  </testcase>
  <testcase name="testContainsAll[23]" classname="org.springframework.data.redis.support.collections.RedisListTests" time="0.006">
    <error message="Unable to connect to Redis on 127.0.0.1:6379; nested exception is com.lambdaworks.redis.RedisConnectionException: Unable to connect to /127.0.0.1:6379" type="org.springframework.data.redis.RedisConnectionFailureException">org.springframework.data.redis.RedisConnectionFailureException: Unable to connect to Redis on 127.0.0.1:6379; nested exception is com.lambdaworks.redis.RedisConnectionException: Unable to connect to /127.0.0.1:6379
Caused by: com.lambdaworks.redis.RedisConnectionException: Unable to connect to /127.0.0.1:6379
Caused by: java.net.ConnectException: Conexão recusada: /127.0.0.1:6379
</error>
  </testcase>
  <testcase name="testRemoveObject[23]" classname="org.springframework.data.redis.support.collections.RedisListTests" time="0.004">
    <error message="Unable to connect to Redis on 127.0.0.1:6379; nested exception is com.lambdaworks.redis.RedisConnectionException: Unable to connect to /127.0.0.1:6379" type="org.springframework.data.redis.RedisConnectionFailureException">org.springframework.data.redis.RedisConnectionFailureException: Unable to connect to Redis on 127.0.0.1:6379; nested exception is com.lambdaworks.redis.RedisConnectionException: Unable to connect to /127.0.0.1:6379
Caused by: com.lambdaworks.redis.RedisConnectionException: Unable to connect to /127.0.0.1:6379
Caused by: java.net.ConnectException: Conexão recusada: /127.0.0.1:6379
</error>
  </testcase>
  <testcase name="testRemoveObject[23]" classname="org.springframework.data.redis.support.collections.RedisListTests" time="0.004">
    <error message="Unable to connect to Redis on 127.0.0.1:6379; nested exception is com.lambdaworks.redis.RedisConnectionException: Unable to connect to /127.0.0.1:6379" type="org.springframework.data.redis.RedisConnectionFailureException">org.springframework.data.redis.RedisConnectionFailureException: Unable to connect to Redis on 127.0.0.1:6379; nested exception is com.lambdaworks.redis.RedisConnectionException: Unable to connect to /127.0.0.1:6379
Caused by: com.lambdaworks.redis.RedisConnectionException: Unable to connect to /127.0.0.1:6379
Caused by: java.net.ConnectException: Conexão recusada: /127.0.0.1:6379
</error>
  </testcase>
  <testcase name="testHashCode[23]" classname="org.springframework.data.redis.support.collections.RedisListTests" time="0">
    <error message="Unable to connect to Redis on 127.0.0.1:6379; nested exception is com.lambdaworks.redis.RedisConnectionException: Unable to connect to /127.0.0.1:6379" type="org.springframework.data.redis.RedisConnectionFailureException">org.springframework.data.redis.RedisConnectionFailureException: Unable to connect to Redis on 127.0.0.1:6379; nested exception is com.lambdaworks.redis.RedisConnectionException: Unable to connect to /127.0.0.1:6379
Caused by: com.lambdaworks.redis.RedisConnectionException: Unable to connect to /127.0.0.1:6379
Caused by: java.net.ConnectException: Conexão recusada: /127.0.0.1:6379
</error>
  </testcase>
  <testcase name="testAddAll[23]" classname="org.springframework.data.redis.support.collections.RedisListTests" time="0.005">
    <error message="Unable to connect to Redis on 127.0.0.1:6379; nested exception is com.lambdaworks.redis.RedisConnectionException: Unable to connect to /127.0.0.1:6379" type="org.springframework.data.redis.RedisConnectionFailureException">org.springframework.data.redis.RedisConnectionFailureException: Unable to connect to Redis on 127.0.0.1:6379; nested exception is com.lambdaworks.redis.RedisConnectionException: Unable to connect to /127.0.0.1:6379
Caused by: com.lambdaworks.redis.RedisConnectionException: Unable to connect to /127.0.0.1:6379
Caused by: java.net.ConnectException: Conexão recusada: /127.0.0.1:6379
</error>
  </testcase>
  <testcase name="testAddAll[23]" classname="org.springframework.data.redis.support.collections.RedisListTests" time="0.005">
    <error message="Unable to connect to Redis on 127.0.0.1:6379; nested exception is com.lambdaworks.redis.RedisConnectionException: Unable to connect to /127.0.0.1:6379" type="org.springframework.data.redis.RedisConnectionFailureException">org.springframework.data.redis.RedisConnectionFailureException: Unable to connect to Redis on 127.0.0.1:6379; nested exception is com.lambdaworks.redis.RedisConnectionException: Unable to connect to /127.0.0.1:6379
Caused by: com.lambdaworks.redis.RedisConnectionException: Unable to connect to /127.0.0.1:6379
Caused by: java.net.ConnectException: Conexão recusada: /127.0.0.1:6379
</error>
  </testcase>
  <testcase name="removeAll[23]" classname="org.springframework.data.redis.support.collections.RedisListTests" time="0.004">
    <error message="Unable to connect to Redis on 127.0.0.1:6379; nested exception is com.lambdaworks.redis.RedisConnectionException: Unable to connect to /127.0.0.1:6379" type="org.springframework.data.redis.RedisConnectionFailureException">org.springframework.data.redis.RedisConnectionFailureException: Unable to connect to Redis on 127.0.0.1:6379; nested exception is com.lambdaworks.redis.RedisConnectionException: Unable to connect to /127.0.0.1:6379
Caused by: com.lambdaworks.redis.RedisConnectionException: Unable to connect to /127.0.0.1:6379
Caused by: java.net.ConnectException: Conexão recusada: /127.0.0.1:6379
</error>
  </testcase>
  <testcase name="removeAll[23]" classname="org.springframework.data.redis.support.collections.RedisListTests" time="0.005">
    <error message="Unable to connect to Redis on 127.0.0.1:6379; nested exception is com.lambdaworks.redis.RedisConnectionException: Unable to connect to /127.0.0.1:6379" type="org.springframework.data.redis.RedisConnectionFailureException">org.springframework.data.redis.RedisConnectionFailureException: Unable to connect to Redis on 127.0.0.1:6379; nested exception is com.lambdaworks.redis.RedisConnectionException: Unable to connect to /127.0.0.1:6379
Caused by: com.lambdaworks.redis.RedisConnectionException: Unable to connect to /127.0.0.1:6379
Caused by: java.net.ConnectException: Conexão recusada: /127.0.0.1:6379
</error>
  </testcase>
  <testcase name="testEquals[23]" classname="org.springframework.data.redis.support.collections.RedisListTests" time="0">
    <error message="Unable to connect to Redis on 127.0.0.1:6379; nested exception is com.lambdaworks.redis.RedisConnectionException: Unable to connect to /127.0.0.1:6379" type="org.springframework.data.redis.RedisConnectionFailureException">org.springframework.data.redis.RedisConnectionFailureException: Unable to connect to Redis on 127.0.0.1:6379; nested exception is com.lambdaworks.redis.RedisConnectionException: Unable to connect to /127.0.0.1:6379
Caused by: com.lambdaworks.redis.RedisConnectionException: Unable to connect to /127.0.0.1:6379
Caused by: java.net.ConnectException: Conexão recusada: /127.0.0.1:6379
</error>
  </testcase>
  <testcase name="testGetKey[23]" classname="org.springframework.data.redis.support.collections.RedisListTests" time="0.003">
    <error message="Unable to connect to Redis on 127.0.0.1:6379; nested exception is com.lambdaworks.redis.RedisConnectionException: Unable to connect to /127.0.0.1:6379" type="org.springframework.data.redis.RedisConnectionFailureException">org.springframework.data.redis.RedisConnectionFailureException: Unable to connect to Redis on 127.0.0.1:6379; nested exception is com.lambdaworks.redis.RedisConnectionException: Unable to connect to /127.0.0.1:6379
Caused by: com.lambdaworks.redis.RedisConnectionException: Unable to connect to /127.0.0.1:6379
Caused by: java.net.ConnectException: Conexão recusada: /127.0.0.1:6379
</error>
  </testcase>
  <testcase name="testToArrayWithGenerics[23]" classname="org.springframework.data.redis.support.collections.RedisListTests" time="0.004">
    <error message="Unable to connect to Redis on 127.0.0.1:6379; nested exception is com.lambdaworks.redis.RedisConnectionException: Unable to connect to /127.0.0.1:6379" type="org.springframework.data.redis.RedisConnectionFailureException">org.springframework.data.redis.RedisConnectionFailureException: Unable to connect to Redis on 127.0.0.1:6379; nested exception is com.lambdaworks.redis.RedisConnectionException: Unable to connect to /127.0.0.1:6379
Caused by: com.lambdaworks.redis.RedisConnectionException: Unable to connect to /127.0.0.1:6379
Caused by: java.net.ConnectException: Conexão recusada: /127.0.0.1:6379
</error>
  </testcase>
  <testcase name="testToArrayWithGenerics[23]" classname="org.springframework.data.redis.support.collections.RedisListTests" time="0.005">
    <error message="Unable to connect to Redis on 127.0.0.1:6379; nested exception is com.lambdaworks.redis.RedisConnectionException: Unable to connect to /127.0.0.1:6379" type="org.springframework.data.redis.RedisConnectionFailureException">org.springframework.data.redis.RedisConnectionFailureException: Unable to connect to Redis on 127.0.0.1:6379; nested exception is com.lambdaworks.redis.RedisConnectionException: Unable to connect to /127.0.0.1:6379
Caused by: com.lambdaworks.redis.RedisConnectionException: Unable to connect to /127.0.0.1:6379
Caused by: java.net.ConnectException: Conexão recusada: /127.0.0.1:6379
</error>
  </testcase>
  <testcase name="testIsEmpty[23]" classname="org.springframework.data.redis.support.collections.RedisListTests" time="0.001">
    <error message="Unable to connect to Redis on 127.0.0.1:6379; nested exception is com.lambdaworks.redis.RedisConnectionException: Unable to connect to /127.0.0.1:6379" type="org.springframework.data.redis.RedisConnectionFailureException">org.springframework.data.redis.RedisConnectionFailureException: Unable to connect to Redis on 127.0.0.1:6379; nested exception is com.lambdaworks.redis.RedisConnectionException: Unable to connect to /127.0.0.1:6379
Caused by: com.lambdaworks.redis.RedisConnectionException: Unable to connect to /127.0.0.1:6379
Caused by: java.net.ConnectException: Conexão recusada: /127.0.0.1:6379
</error>
  </testcase>
  <testcase name="testIsEmpty[23]" classname="org.springframework.data.redis.support.collections.RedisListTests" time="0.001">
    <error message="Unable to connect to Redis on 127.0.0.1:6379; nested exception is com.lambdaworks.redis.RedisConnectionException: Unable to connect to /127.0.0.1:6379" type="org.springframework.data.redis.RedisConnectionFailureException">org.springframework.data.redis.RedisConnectionFailureException: Unable to connect to Redis on 127.0.0.1:6379; nested exception is com.lambdaworks.redis.RedisConnectionException: Unable to connect to /127.0.0.1:6379
Caused by: com.lambdaworks.redis.RedisConnectionException: Unable to connect to /127.0.0.1:6379
Caused by: java.net.ConnectException: Conexão recusada: /127.0.0.1:6379
</error>
  </testcase>
  <testcase name="testIterator[23]" classname="org.springframework.data.redis.support.collections.RedisListTests" time="0.002">
    <error message="Unable to connect to Redis on 127.0.0.1:6379; nested exception is com.lambdaworks.redis.RedisConnectionException: Unable to connect to /127.0.0.1:6379" type="org.springframework.data.redis.RedisConnectionFailureException">org.springframework.data.redis.RedisConnectionFailureException: Unable to connect to Redis on 127.0.0.1:6379; nested exception is com.lambdaworks.redis.RedisConnectionException: Unable to connect to /127.0.0.1:6379
Caused by: com.lambdaworks.redis.RedisConnectionException: Unable to connect to /127.0.0.1:6379
Caused by: java.net.ConnectException: Conexão recusada: /127.0.0.1:6379
</error>
  </testcase>
  <testcase name="testIterator[23]" classname="org.springframework.data.redis.support.collections.RedisListTests" time="0.002">
    <error message="Unable to connect to Redis on 127.0.0.1:6379; nested exception is com.lambdaworks.redis.RedisConnectionException: Unable to connect to /127.0.0.1:6379" type="org.springframework.data.redis.RedisConnectionFailureException">org.springframework.data.redis.RedisConnectionFailureException: Unable to connect to Redis on 127.0.0.1:6379; nested exception is com.lambdaworks.redis.RedisConnectionException: Unable to connect to /127.0.0.1:6379
Caused by: com.lambdaworks.redis.RedisConnectionException: Unable to connect to /127.0.0.1:6379
Caused by: java.net.ConnectException: Conexão recusada: /127.0.0.1:6379
</error>
  </testcase>
  <testcase name="testElement[24]" classname="org.springframework.data.redis.support.collections.RedisListTests" time="0.002">
    <error message="Unable to connect to Redis on 127.0.0.1:6379; nested exception is com.lambdaworks.redis.RedisConnectionException: Unable to connect to /127.0.0.1:6379" type="org.springframework.data.redis.RedisConnectionFailureException">org.springframework.data.redis.RedisConnectionFailureException: Unable to connect to Redis on 127.0.0.1:6379; nested exception is com.lambdaworks.redis.RedisConnectionException: Unable to connect to /127.0.0.1:6379
Caused by: com.lambdaworks.redis.RedisConnectionException: Unable to connect to /127.0.0.1:6379
Caused by: java.net.ConnectException: Conexão recusada: /127.0.0.1:6379
</error>
  </testcase>
  <testcase name="testElement[24]" classname="org.springframework.data.redis.support.collections.RedisListTests" time="0.002">
    <error message="Unable to connect to Redis on 127.0.0.1:6379; nested exception is com.lambdaworks.redis.RedisConnectionException: Unable to connect to /127.0.0.1:6379" type="org.springframework.data.redis.RedisConnectionFailureException">org.springframework.data.redis.RedisConnectionFailureException: Unable to connect to Redis on 127.0.0.1:6379; nested exception is com.lambdaworks.redis.RedisConnectionException: Unable to connect to /127.0.0.1:6379
Caused by: com.lambdaworks.redis.RedisConnectionException: Unable to connect to /127.0.0.1:6379
Caused by: java.net.ConnectException: Conexão recusada: /127.0.0.1:6379
</error>
  </testcase>
  <testcase name="testPutFirst[24]" classname="org.springframework.data.redis.support.collections.RedisListTests" time="0.001">
    <error message="Unable to connect to Redis on 127.0.0.1:6379; nested exception is com.lambdaworks.redis.RedisConnectionException: Unable to connect to /127.0.0.1:6379" type="org.springframework.data.redis.RedisConnectionFailureException">org.springframework.data.redis.RedisConnectionFailureException: Unable to connect to Redis on 127.0.0.1:6379; nested exception is com.lambdaworks.redis.RedisConnectionException: Unable to connect to /127.0.0.1:6379
Caused by: com.lambdaworks.redis.RedisConnectionException: Unable to connect to /127.0.0.1:6379
Caused by: java.net.ConnectException: Conexão recusada: /127.0.0.1:6379
</error>
  </testcase>
  <testcase name="testPutFirst[24]" classname="org.springframework.data.redis.support.collections.RedisListTests" time="0.001">
    <error message="Unable to connect to Redis on 127.0.0.1:6379; nested exception is com.lambdaworks.redis.RedisConnectionException: Unable to connect to /127.0.0.1:6379" type="org.springframework.data.redis.RedisConnectionFailureException">org.springframework.data.redis.RedisConnectionFailureException: Unable to connect to Redis on 127.0.0.1:6379; nested exception is com.lambdaworks.redis.RedisConnectionException: Unable to connect to /127.0.0.1:6379
Caused by: com.lambdaworks.redis.RedisConnectionException: Unable to connect to /127.0.0.1:6379
Caused by: java.net.ConnectException: Conexão recusada: /127.0.0.1:6379
</error>
  </testcase>
  <testcase name="testPollLastTimeout[24]" classname="org.springframework.data.redis.support.collections.RedisListTests" time="0.001">
    <error message="Unable to connect to Redis on 127.0.0.1:6379; nested exception is com.lambdaworks.redis.RedisConnectionException: Unable to connect to /127.0.0.1:6379" type="org.springframework.data.redis.RedisConnectionFailureException">org.springframework.data.redis.RedisConnectionFailureException: Unable to connect to Redis on 127.0.0.1:6379; nested exception is com.lambdaworks.redis.RedisConnectionException: Unable to connect to /127.0.0.1:6379
Caused by: com.lambdaworks.redis.RedisConnectionException: Unable to connect to /127.0.0.1:6379
Caused by: java.net.ConnectException: Conexão recusada: /127.0.0.1:6379
</error>
  </testcase>
  <testcase name="testPollLastTimeout[24]" classname="org.springframework.data.redis.support.collections.RedisListTests" time="0.001">
    <error message="Unable to connect to Redis on 127.0.0.1:6379; nested exception is com.lambdaworks.redis.RedisConnectionException: Unable to connect to /127.0.0.1:6379" type="org.springframework.data.redis.RedisConnectionFailureException">org.springframework.data.redis.RedisConnectionFailureException: Unable to connect to Redis on 127.0.0.1:6379; nested exception is com.lambdaworks.redis.RedisConnectionException: Unable to connect to /127.0.0.1:6379
Caused by: com.lambdaworks.redis.RedisConnectionException: Unable to connect to /127.0.0.1:6379
Caused by: java.net.ConnectException: Conexão recusada: /127.0.0.1:6379
</error>
  </testcase>
  <testcase name="testPeekFirst[24]" classname="org.springframework.data.redis.support.collections.RedisListTests" time="0.005">
    <error message="Unable to connect to Redis on 127.0.0.1:6379; nested exception is com.lambdaworks.redis.RedisConnectionException: Unable to connect to /127.0.0.1:6379" type="org.springframework.data.redis.RedisConnectionFailureException">org.springframework.data.redis.RedisConnectionFailureException: Unable to connect to Redis on 127.0.0.1:6379; nested exception is com.lambdaworks.redis.RedisConnectionException: Unable to connect to /127.0.0.1:6379
Caused by: com.lambdaworks.redis.RedisConnectionException: Unable to connect to /127.0.0.1:6379
Caused by: java.net.ConnectException: Conexão recusada: /127.0.0.1:6379
</error>
  </testcase>
  <testcase name="testPeekFirst[24]" classname="org.springframework.data.redis.support.collections.RedisListTests" time="0.005">
    <error message="Unable to connect to Redis on 127.0.0.1:6379; nested exception is com.lambdaworks.redis.RedisConnectionException: Unable to connect to /127.0.0.1:6379" type="org.springframework.data.redis.RedisConnectionFailureException">org.springframework.data.redis.RedisConnectionFailureException: Unable to connect to Redis on 127.0.0.1:6379; nested exception is com.lambdaworks.redis.RedisConnectionException: Unable to connect to /127.0.0.1:6379
Caused by: com.lambdaworks.redis.RedisConnectionException: Unable to connect to /127.0.0.1:6379
Caused by: java.net.ConnectException: Conexão recusada: /127.0.0.1:6379
</error>
  </testcase>
  <testcase name="testOfferLast[24]" classname="org.springframework.data.redis.support.collections.RedisListTests" time="0.004">
    <error message="Unable to connect to Redis on 127.0.0.1:6379; nested exception is com.lambdaworks.redis.RedisConnectionException: Unable to connect to /127.0.0.1:6379" type="org.springframework.data.redis.RedisConnectionFailureException">org.springframework.data.redis.RedisConnectionFailureException: Unable to connect to Redis on 127.0.0.1:6379; nested exception is com.lambdaworks.redis.RedisConnectionException: Unable to connect to /127.0.0.1:6379
Caused by: com.lambdaworks.redis.RedisConnectionException: Unable to connect to /127.0.0.1:6379
Caused by: java.net.ConnectException: Conexão recusada: /127.0.0.1:6379
</error>
  </testcase>
  <testcase name="testOfferLast[24]" classname="org.springframework.data.redis.support.collections.RedisListTests" time="0.004">
    <error message="Unable to connect to Redis on 127.0.0.1:6379; nested exception is com.lambdaworks.redis.RedisConnectionException: Unable to connect to /127.0.0.1:6379" type="org.springframework.data.redis.RedisConnectionFailureException">org.springframework.data.redis.RedisConnectionFailureException: Unable to connect to Redis on 127.0.0.1:6379; nested exception is com.lambdaworks.redis.RedisConnectionException: Unable to connect to /127.0.0.1:6379
Caused by: com.lambdaworks.redis.RedisConnectionException: Unable to connect to /127.0.0.1:6379
Caused by: java.net.ConnectException: Conexão recusada: /127.0.0.1:6379
</error>
  </testcase>
  <testcase name="testGetFirst[24]" classname="org.springframework.data.redis.support.collections.RedisListTests" time="0.001">
    <error message="Unable to connect to Redis on 127.0.0.1:6379; nested exception is com.lambdaworks.redis.RedisConnectionException: Unable to connect to /127.0.0.1:6379" type="org.springframework.data.redis.RedisConnectionFailureException">org.springframework.data.redis.RedisConnectionFailureException: Unable to connect to Redis on 127.0.0.1:6379; nested exception is com.lambdaworks.redis.RedisConnectionException: Unable to connect to /127.0.0.1:6379
Caused by: com.lambdaworks.redis.RedisConnectionException: Unable to connect to /127.0.0.1:6379
Caused by: java.net.ConnectException: Conexão recusada: /127.0.0.1:6379
</error>
  </testcase>
  <testcase name="testGetFirst[24]" classname="org.springframework.data.redis.support.collections.RedisListTests" time="0.001">
    <error message="Unable to connect to Redis on 127.0.0.1:6379; nested exception is com.lambdaworks.redis.RedisConnectionException: Unable to connect to /127.0.0.1:6379" type="org.springframework.data.redis.RedisConnectionFailureException">org.springframework.data.redis.RedisConnectionFailureException: Unable to connect to Redis on 127.0.0.1:6379; nested exception is com.lambdaworks.redis.RedisConnectionException: Unable to connect to /127.0.0.1:6379
Caused by: com.lambdaworks.redis.RedisConnectionException: Unable to connect to /127.0.0.1:6379
Caused by: java.net.ConnectException: Conexão recusada: /127.0.0.1:6379
</error>
  </testcase>
  <testcase name="testAddLast[24]" classname="org.springframework.data.redis.support.collections.RedisListTests" time="0.002">
    <error message="Unable to connect to Redis on 127.0.0.1:6379; nested exception is com.lambdaworks.redis.RedisConnectionException: Unable to connect to /127.0.0.1:6379" type="org.springframework.data.redis.RedisConnectionFailureException">org.springframework.data.redis.RedisConnectionFailureException: Unable to connect to Redis on 127.0.0.1:6379; nested exception is com.lambdaworks.redis.RedisConnectionException: Unable to connect to /127.0.0.1:6379
Caused by: com.lambdaworks.redis.RedisConnectionException: Unable to connect to /127.0.0.1:6379
Caused by: java.net.ConnectException: Conexão recusada: /127.0.0.1:6379
</error>
  </testcase>
  <testcase name="testAddLast[24]" classname="org.springframework.data.redis.support.collections.RedisListTests" time="0.003">
    <error message="Unable to connect to Redis on 127.0.0.1:6379; nested exception is com.lambdaworks.redis.RedisConnectionException: Unable to connect to /127.0.0.1:6379" type="org.springframework.data.redis.RedisConnectionFailureException">org.springframework.data.redis.RedisConnectionFailureException: Unable to connect to Redis on 127.0.0.1:6379; nested exception is com.lambdaworks.redis.RedisConnectionException: Unable to connect to /127.0.0.1:6379
Caused by: com.lambdaworks.redis.RedisConnectionException: Unable to connect to /127.0.0.1:6379
Caused by: java.net.ConnectException: Conexão recusada: /127.0.0.1:6379
</error>
  </testcase>
  <testcase name="testPop[24]" classname="org.springframework.data.redis.support.collections.RedisListTests" time="0.001">
    <error message="Unable to connect to Redis on 127.0.0.1:6379; nested exception is com.lambdaworks.redis.RedisConnectionException: Unable to connect to /127.0.0.1:6379" type="org.springframework.data.redis.RedisConnectionFailureException">org.springframework.data.redis.RedisConnectionFailureException: Unable to connect to Redis on 127.0.0.1:6379; nested exception is com.lambdaworks.redis.RedisConnectionException: Unable to connect to /127.0.0.1:6379
Caused by: com.lambdaworks.redis.RedisConnectionException: Unable to connect to /127.0.0.1:6379
Caused by: java.net.ConnectException: Conexão recusada: /127.0.0.1:6379
</error>
  </testcase>
  <testcase name="testPop[24]" classname="org.springframework.data.redis.support.collections.RedisListTests" time="0.001">
    <error message="Unable to connect to Redis on 127.0.0.1:6379; nested exception is com.lambdaworks.redis.RedisConnectionException: Unable to connect to /127.0.0.1:6379" type="org.springframework.data.redis.RedisConnectionFailureException">org.springframework.data.redis.RedisConnectionFailureException: Unable to connect to Redis on 127.0.0.1:6379; nested exception is com.lambdaworks.redis.RedisConnectionException: Unable to connect to /127.0.0.1:6379
Caused by: com.lambdaworks.redis.RedisConnectionException: Unable to connect to /127.0.0.1:6379
Caused by: java.net.ConnectException: Conexão recusada: /127.0.0.1:6379
</error>
  </testcase>
  <testcase name="testPut[24]" classname="org.springframework.data.redis.support.collections.RedisListTests" time="0.001">
    <error message="Unable to connect to Redis on 127.0.0.1:6379; nested exception is com.lambdaworks.redis.RedisConnectionException: Unable to connect to /127.0.0.1:6379" type="org.springframework.data.redis.RedisConnectionFailureException">org.springframework.data.redis.RedisConnectionFailureException: Unable to connect to Redis on 127.0.0.1:6379; nested exception is com.lambdaworks.redis.RedisConnectionException: Unable to connect to /127.0.0.1:6379
Caused by: com.lambdaworks.redis.RedisConnectionException: Unable to connect to /127.0.0.1:6379
Caused by: java.net.ConnectException: Conexão recusada: /127.0.0.1:6379
</error>
  </testcase>
  <testcase name="testPut[24]" classname="org.springframework.data.redis.support.collections.RedisListTests" time="0.001">
    <error message="Unable to connect to Redis on 127.0.0.1:6379; nested exception is com.lambdaworks.redis.RedisConnectionException: Unable to connect to /127.0.0.1:6379" type="org.springframework.data.redis.RedisConnectionFailureException">org.springframework.data.redis.RedisConnectionFailureException: Unable to connect to Redis on 127.0.0.1:6379; nested exception is com.lambdaworks.redis.RedisConnectionException: Unable to connect to /127.0.0.1:6379
Caused by: com.lambdaworks.redis.RedisConnectionException: Unable to connect to /127.0.0.1:6379
Caused by: java.net.ConnectException: Conexão recusada: /127.0.0.1:6379
</error>
  </testcase>
  <testcase name="testSet[24]" classname="org.springframework.data.redis.support.collections.RedisListTests" time="0.002">
    <error message="Unable to connect to Redis on 127.0.0.1:6379; nested exception is com.lambdaworks.redis.RedisConnectionException: Unable to connect to /127.0.0.1:6379" type="org.springframework.data.redis.RedisConnectionFailureException">org.springframework.data.redis.RedisConnectionFailureException: Unable to connect to Redis on 127.0.0.1:6379; nested exception is com.lambdaworks.redis.RedisConnectionException: Unable to connect to /127.0.0.1:6379
Caused by: com.lambdaworks.redis.RedisConnectionException: Unable to connect to /127.0.0.1:6379
Caused by: java.net.ConnectException: Conexão recusada: /127.0.0.1:6379
</error>
  </testcase>
  <testcase name="testSet[24]" classname="org.springframework.data.redis.support.collections.RedisListTests" time="0.002">
    <error message="Unable to connect to Redis on 127.0.0.1:6379; nested exception is com.lambdaworks.redis.RedisConnectionException: Unable to connect to /127.0.0.1:6379" type="org.springframework.data.redis.RedisConnectionFailureException">org.springframework.data.redis.RedisConnectionFailureException: Unable to connect to Redis on 127.0.0.1:6379; nested exception is com.lambdaworks.redis.RedisConnectionException: Unable to connect to /127.0.0.1:6379
Caused by: com.lambdaworks.redis.RedisConnectionException: Unable to connect to /127.0.0.1:6379
Caused by: java.net.ConnectException: Conexão recusada: /127.0.0.1:6379
</error>
  </testcase>
  <testcase name="testOffer[24]" classname="org.springframework.data.redis.support.collections.RedisListTests" time="0.002">
    <error message="Unable to connect to Redis on 127.0.0.1:6379; nested exception is com.lambdaworks.redis.RedisConnectionException: Unable to connect to /127.0.0.1:6379" type="org.springframework.data.redis.RedisConnectionFailureException">org.springframework.data.redis.RedisConnectionFailureException: Unable to connect to Redis on 127.0.0.1:6379; nested exception is com.lambdaworks.redis.RedisConnectionException: Unable to connect to /127.0.0.1:6379
Caused by: com.lambdaworks.redis.RedisConnectionException: Unable to connect to /127.0.0.1:6379
Caused by: java.net.ConnectException: Conexão recusada: /127.0.0.1:6379
</error>
  </testcase>
  <testcase name="testOffer[24]" classname="org.springframework.data.redis.support.collections.RedisListTests" time="0.002">
    <error message="Unable to connect to Redis on 127.0.0.1:6379; nested exception is com.lambdaworks.redis.RedisConnectionException: Unable to connect to /127.0.0.1:6379" type="org.springframework.data.redis.RedisConnectionFailureException">org.springframework.data.redis.RedisConnectionFailureException: Unable to connect to Redis on 127.0.0.1:6379; nested exception is com.lambdaworks.redis.RedisConnectionException: Unable to connect to /127.0.0.1:6379
Caused by: com.lambdaworks.redis.RedisConnectionException: Unable to connect to /127.0.0.1:6379
Caused by: java.net.ConnectException: Conexão recusada: /127.0.0.1:6379
</error>
  </testcase>
  <testcase name="testRange[24]" classname="org.springframework.data.redis.support.collections.RedisListTests" time="0.001">
    <error message="Unable to connect to Redis on 127.0.0.1:6379; nested exception is com.lambdaworks.redis.RedisConnectionException: Unable to connect to /127.0.0.1:6379" type="org.springframework.data.redis.RedisConnectionFailureException">org.springframework.data.redis.RedisConnectionFailureException: Unable to connect to Redis on 127.0.0.1:6379; nested exception is com.lambdaworks.redis.RedisConnectionException: Unable to connect to /127.0.0.1:6379
Caused by: com.lambdaworks.redis.RedisConnectionException: Unable to connect to /127.0.0.1:6379
Caused by: java.net.ConnectException: Conexão recusada: /127.0.0.1:6379
</error>
  </testcase>
  <testcase name="testRange[24]" classname="org.springframework.data.redis.support.collections.RedisListTests" time="0.001">
    <error message="Unable to connect to Redis on 127.0.0.1:6379; nested exception is com.lambdaworks.redis.RedisConnectionException: Unable to connect to /127.0.0.1:6379" type="org.springframework.data.redis.RedisConnectionFailureException">org.springframework.data.redis.RedisConnectionFailureException: Unable to connect to Redis on 127.0.0.1:6379; nested exception is com.lambdaworks.redis.RedisConnectionException: Unable to connect to /127.0.0.1:6379
Caused by: com.lambdaworks.redis.RedisConnectionException: Unable to connect to /127.0.0.1:6379
Caused by: java.net.ConnectException: Conexão recusada: /127.0.0.1:6379
</error>
  </testcase>
  <testcase name="testLast[24]" classname="org.springframework.data.redis.support.collections.RedisListTests" time="0.004">
    <error message="Unable to connect to Redis on 127.0.0.1:6379; nested exception is com.lambdaworks.redis.RedisConnectionException: Unable to connect to /127.0.0.1:6379" type="org.springframework.data.redis.RedisConnectionFailureException">org.springframework.data.redis.RedisConnectionFailureException: Unable to connect to Redis on 127.0.0.1:6379; nested exception is com.lambdaworks.redis.RedisConnectionException: Unable to connect to /127.0.0.1:6379
Caused by: com.lambdaworks.redis.RedisConnectionException: Unable to connect to /127.0.0.1:6379
Caused by: java.net.ConnectException: Conexão recusada: /127.0.0.1:6379
</error>
  </testcase>
  <testcase name="testLast[24]" classname="org.springframework.data.redis.support.collections.RedisListTests" time="0.004">
    <error message="Unable to connect to Redis on 127.0.0.1:6379; nested exception is com.lambdaworks.redis.RedisConnectionException: Unable to connect to /127.0.0.1:6379" type="org.springframework.data.redis.RedisConnectionFailureException">org.springframework.data.redis.RedisConnectionFailureException: Unable to connect to Redis on 127.0.0.1:6379; nested exception is com.lambdaworks.redis.RedisConnectionException: Unable to connect to /127.0.0.1:6379
Caused by: com.lambdaworks.redis.RedisConnectionException: Unable to connect to /127.0.0.1:6379
Caused by: java.net.ConnectException: Conexão recusada: /127.0.0.1:6379
</error>
  </testcase>
  <testcase name="testPeek[24]" classname="org.springframework.data.redis.support.collections.RedisListTests" time="0.002">
    <error message="Unable to connect to Redis on 127.0.0.1:6379; nested exception is com.lambdaworks.redis.RedisConnectionException: Unable to connect to /127.0.0.1:6379" type="org.springframework.data.redis.RedisConnectionFailureException">org.springframework.data.redis.RedisConnectionFailureException: Unable to connect to Redis on 127.0.0.1:6379; nested exception is com.lambdaworks.redis.RedisConnectionException: Unable to connect to /127.0.0.1:6379
Caused by: com.lambdaworks.redis.RedisConnectionException: Unable to connect to /127.0.0.1:6379
Caused by: java.net.ConnectException: Conexão recusada: /127.0.0.1:6379
</error>
  </testcase>
  <testcase name="testPeek[24]" classname="org.springframework.data.redis.support.collections.RedisListTests" time="0.002">
    <error message="Unable to connect to Redis on 127.0.0.1:6379; nested exception is com.lambdaworks.redis.RedisConnectionException: Unable to connect to /127.0.0.1:6379" type="org.springframework.data.redis.RedisConnectionFailureException">org.springframework.data.redis.RedisConnectionFailureException: Unable to connect to Redis on 127.0.0.1:6379; nested exception is com.lambdaworks.redis.RedisConnectionException: Unable to connect to /127.0.0.1:6379
Caused by: com.lambdaworks.redis.RedisConnectionException: Unable to connect to /127.0.0.1:6379
Caused by: java.net.ConnectException: Conexão recusada: /127.0.0.1:6379
</error>
  </testcase>
  <testcase name="testPoll[24]" classname="org.springframework.data.redis.support.collections.RedisListTests" time="0.001">
    <error message="Unable to connect to Redis on 127.0.0.1:6379; nested exception is com.lambdaworks.redis.RedisConnectionException: Unable to connect to /127.0.0.1:6379" type="org.springframework.data.redis.RedisConnectionFailureException">org.springframework.data.redis.RedisConnectionFailureException: Unable to connect to Redis on 127.0.0.1:6379; nested exception is com.lambdaworks.redis.RedisConnectionException: Unable to connect to /127.0.0.1:6379
Caused by: com.lambdaworks.redis.RedisConnectionException: Unable to connect to /127.0.0.1:6379
Caused by: java.net.ConnectException: Conexão recusada: /127.0.0.1:6379
</error>
  </testcase>
  <testcase name="testPoll[24]" classname="org.springframework.data.redis.support.collections.RedisListTests" time="0.001">
    <error message="Unable to connect to Redis on 127.0.0.1:6379; nested exception is com.lambdaworks.redis.RedisConnectionException: Unable to connect to /127.0.0.1:6379" type="org.springframework.data.redis.RedisConnectionFailureException">org.springframework.data.redis.RedisConnectionFailureException: Unable to connect to Redis on 127.0.0.1:6379; nested exception is com.lambdaworks.redis.RedisConnectionException: Unable to connect to /127.0.0.1:6379
Caused by: com.lambdaworks.redis.RedisConnectionException: Unable to connect to /127.0.0.1:6379
Caused by: java.net.ConnectException: Conexão recusada: /127.0.0.1:6379
</error>
  </testcase>
  <testcase name="testTake[24]" classname="org.springframework.data.redis.support.collections.RedisListTests" time="0.003">
    <error message="Unable to connect to Redis on 127.0.0.1:6379; nested exception is com.lambdaworks.redis.RedisConnectionException: Unable to connect to /127.0.0.1:6379" type="org.springframework.data.redis.RedisConnectionFailureException">org.springframework.data.redis.RedisConnectionFailureException: Unable to connect to Redis on 127.0.0.1:6379; nested exception is com.lambdaworks.redis.RedisConnectionException: Unable to connect to /127.0.0.1:6379
Caused by: com.lambdaworks.redis.RedisConnectionException: Unable to connect to /127.0.0.1:6379
Caused by: java.net.ConnectException: Conexão recusada: /127.0.0.1:6379
</error>
  </testcase>
  <testcase name="testTake[24]" classname="org.springframework.data.redis.support.collections.RedisListTests" time="0.003">
    <error message="Unable to connect to Redis on 127.0.0.1:6379; nested exception is com.lambdaworks.redis.RedisConnectionException: Unable to connect to /127.0.0.1:6379" type="org.springframework.data.redis.RedisConnectionFailureException">org.springframework.data.redis.RedisConnectionFailureException: Unable to connect to Redis on 127.0.0.1:6379; nested exception is com.lambdaworks.redis.RedisConnectionException: Unable to connect to /127.0.0.1:6379
Caused by: com.lambdaworks.redis.RedisConnectionException: Unable to connect to /127.0.0.1:6379
Caused by: java.net.ConnectException: Conexão recusada: /127.0.0.1:6379
</error>
  </testcase>
  <testcase name="testTrim[24]" classname="org.springframework.data.redis.support.collections.RedisListTests" time="0.004">
    <error message="Unable to connect to Redis on 127.0.0.1:6379; nested exception is com.lambdaworks.redis.RedisConnectionException: Unable to connect to /127.0.0.1:6379" type="org.springframework.data.redis.RedisConnectionFailureException">org.springframework.data.redis.RedisConnectionFailureException: Unable to connect to Redis on 127.0.0.1:6379; nested exception is com.lambdaworks.redis.RedisConnectionException: Unable to connect to /127.0.0.1:6379
Caused by: com.lambdaworks.redis.RedisConnectionException: Unable to connect to /127.0.0.1:6379
Caused by: java.net.ConnectException: Conexão recusada: /127.0.0.1:6379
</error>
  </testcase>
  <testcase name="testTrim[24]" classname="org.springframework.data.redis.support.collections.RedisListTests" time="0.004">
    <error message="Unable to connect to Redis on 127.0.0.1:6379; nested exception is com.lambdaworks.redis.RedisConnectionException: Unable to connect to /127.0.0.1:6379" type="org.springframework.data.redis.RedisConnectionFailureException">org.springframework.data.redis.RedisConnectionFailureException: Unable to connect to Redis on 127.0.0.1:6379; nested exception is com.lambdaworks.redis.RedisConnectionException: Unable to connect to /127.0.0.1:6379
Caused by: com.lambdaworks.redis.RedisConnectionException: Unable to connect to /127.0.0.1:6379
Caused by: java.net.ConnectException: Conexão recusada: /127.0.0.1:6379
</error>
  </testcase>
  <testcase name="testDrainToCollection[24]" classname="org.springframework.data.redis.support.collections.RedisListTests" time="0.001">
    <error message="Unable to connect to Redis on 127.0.0.1:6379; nested exception is com.lambdaworks.redis.RedisConnectionException: Unable to connect to /127.0.0.1:6379" type="org.springframework.data.redis.RedisConnectionFailureException">org.springframework.data.redis.RedisConnectionFailureException: Unable to connect to Redis on 127.0.0.1:6379; nested exception is com.lambdaworks.redis.RedisConnectionException: Unable to connect to /127.0.0.1:6379
Caused by: com.lambdaworks.redis.RedisConnectionException: Unable to connect to /127.0.0.1:6379
Caused by: java.net.ConnectException: Conexão recusada: /127.0.0.1:6379
</error>
  </testcase>
  <testcase name="testDrainToCollection[24]" classname="org.springframework.data.redis.support.collections.RedisListTests" time="0.002">
    <error message="Unable to connect to Redis on 127.0.0.1:6379; nested exception is com.lambdaworks.redis.RedisConnectionException: Unable to connect to /127.0.0.1:6379" type="org.springframework.data.redis.RedisConnectionFailureException">org.springframework.data.redis.RedisConnectionFailureException: Unable to connect to Redis on 127.0.0.1:6379; nested exception is com.lambdaworks.redis.RedisConnectionException: Unable to connect to /127.0.0.1:6379
Caused by: com.lambdaworks.redis.RedisConnectionException: Unable to connect to /127.0.0.1:6379
Caused by: java.net.ConnectException: Conexão recusada: /127.0.0.1:6379
</error>
  </testcase>
  <testcase name="testRemoveFirst[24]" classname="org.springframework.data.redis.support.collections.RedisListTests" time="0.003">
    <error message="Unable to connect to Redis on 127.0.0.1:6379; nested exception is com.lambdaworks.redis.RedisConnectionException: Unable to connect to /127.0.0.1:6379" type="org.springframework.data.redis.RedisConnectionFailureException">org.springframework.data.redis.RedisConnectionFailureException: Unable to connect to Redis on 127.0.0.1:6379; nested exception is com.lambdaworks.redis.RedisConnectionException: Unable to connect to /127.0.0.1:6379
Caused by: com.lambdaworks.redis.RedisConnectionException: Unable to connect to /127.0.0.1:6379
Caused by: java.net.ConnectException: Conexão recusada: /127.0.0.1:6379
</error>
  </testcase>
  <testcase name="testRemoveFirst[24]" classname="org.springframework.data.redis.support.collections.RedisListTests" time="0.003">
    <error message="Unable to connect to Redis on 127.0.0.1:6379; nested exception is com.lambdaworks.redis.RedisConnectionException: Unable to connect to /127.0.0.1:6379" type="org.springframework.data.redis.RedisConnectionFailureException">org.springframework.data.redis.RedisConnectionFailureException: Unable to connect to Redis on 127.0.0.1:6379; nested exception is com.lambdaworks.redis.RedisConnectionException: Unable to connect to /127.0.0.1:6379
Caused by: com.lambdaworks.redis.RedisConnectionException: Unable to connect to /127.0.0.1:6379
Caused by: java.net.ConnectException: Conexão recusada: /127.0.0.1:6379
</error>
  </testcase>
  <testcase name="testRemoveIndex[24]" classname="org.springframework.data.redis.support.collections.RedisListTests" time="0.001">
    <error message="Unable to connect to Redis on 127.0.0.1:6379; nested exception is com.lambdaworks.redis.RedisConnectionException: Unable to connect to /127.0.0.1:6379" type="org.springframework.data.redis.RedisConnectionFailureException">org.springframework.data.redis.RedisConnectionFailureException: Unable to connect to Redis on 127.0.0.1:6379; nested exception is com.lambdaworks.redis.RedisConnectionException: Unable to connect to /127.0.0.1:6379
Caused by: com.lambdaworks.redis.RedisConnectionException: Unable to connect to /127.0.0.1:6379
Caused by: java.net.ConnectException: Conexão recusada: /127.0.0.1:6379
</error>
  </testcase>
  <testcase name="testPutLast[24]" classname="org.springframework.data.redis.support.collections.RedisListTests" time="0">
    <error message="Unable to connect to Redis on 127.0.0.1:6379; nested exception is com.lambdaworks.redis.RedisConnectionException: Unable to connect to /127.0.0.1:6379" type="org.springframework.data.redis.RedisConnectionFailureException">org.springframework.data.redis.RedisConnectionFailureException: Unable to connect to Redis on 127.0.0.1:6379; nested exception is com.lambdaworks.redis.RedisConnectionException: Unable to connect to /127.0.0.1:6379
Caused by: com.lambdaworks.redis.RedisConnectionException: Unable to connect to /127.0.0.1:6379
Caused by: java.net.ConnectException: Conexão recusada: /127.0.0.1:6379
</error>
  </testcase>
  <testcase name="testPutLast[24]" classname="org.springframework.data.redis.support.collections.RedisListTests" time="0">
    <error message="Unable to connect to Redis on 127.0.0.1:6379; nested exception is com.lambdaworks.redis.RedisConnectionException: Unable to connect to /127.0.0.1:6379" type="org.springframework.data.redis.RedisConnectionFailureException">org.springframework.data.redis.RedisConnectionFailureException: Unable to connect to Redis on 127.0.0.1:6379; nested exception is com.lambdaworks.redis.RedisConnectionException: Unable to connect to /127.0.0.1:6379
Caused by: com.lambdaworks.redis.RedisConnectionException: Unable to connect to /127.0.0.1:6379
Caused by: java.net.ConnectException: Conexão recusada: /127.0.0.1:6379
</error>
  </testcase>
  <testcase name="testOfferFirst[24]" classname="org.springframework.data.redis.support.collections.RedisListTests" time="0">
    <error message="Unable to connect to Redis on 127.0.0.1:6379; nested exception is com.lambdaworks.redis.RedisConnectionException: Unable to connect to /127.0.0.1:6379" type="org.springframework.data.redis.RedisConnectionFailureException">org.springframework.data.redis.RedisConnectionFailureException: Unable to connect to Redis on 127.0.0.1:6379; nested exception is com.lambdaworks.redis.RedisConnectionException: Unable to connect to /127.0.0.1:6379
Caused by: com.lambdaworks.redis.RedisConnectionException: Unable to connect to /127.0.0.1:6379
Caused by: java.net.ConnectException: Conexão recusada: /127.0.0.1:6379
</error>
  </testcase>
  <testcase name="testOfferFirst[24]" classname="org.springframework.data.redis.support.collections.RedisListTests" time="0">
    <error message="Unable to connect to Redis on 127.0.0.1:6379; nested exception is com.lambdaworks.redis.RedisConnectionException: Unable to connect to /127.0.0.1:6379" type="org.springframework.data.redis.RedisConnectionFailureException">org.springframework.data.redis.RedisConnectionFailureException: Unable to connect to Redis on 127.0.0.1:6379; nested exception is com.lambdaworks.redis.RedisConnectionException: Unable to connect to /127.0.0.1:6379
Caused by: com.lambdaworks.redis.RedisConnectionException: Unable to connect to /127.0.0.1:6379
Caused by: java.net.ConnectException: Conexão recusada: /127.0.0.1:6379
</error>
  </testcase>
  <testcase name="testDescendingIterator[24]" classname="org.springframework.data.redis.support.collections.RedisListTests" time="0.002">
    <error message="Unable to connect to Redis on 127.0.0.1:6379; nested exception is com.lambdaworks.redis.RedisConnectionException: Unable to connect to /127.0.0.1:6379" type="org.springframework.data.redis.RedisConnectionFailureException">org.springframework.data.redis.RedisConnectionFailureException: Unable to connect to Redis on 127.0.0.1:6379; nested exception is com.lambdaworks.redis.RedisConnectionException: Unable to connect to /127.0.0.1:6379
Caused by: com.lambdaworks.redis.RedisConnectionException: Unable to connect to /127.0.0.1:6379
Caused by: java.net.ConnectException: Conexão recusada: /127.0.0.1:6379
</error>
  </testcase>
  <testcase name="testDescendingIterator[24]" classname="org.springframework.data.redis.support.collections.RedisListTests" time="0.002">
    <error message="Unable to connect to Redis on 127.0.0.1:6379; nested exception is com.lambdaworks.redis.RedisConnectionException: Unable to connect to /127.0.0.1:6379" type="org.springframework.data.redis.RedisConnectionFailureException">org.springframework.data.redis.RedisConnectionFailureException: Unable to connect to Redis on 127.0.0.1:6379; nested exception is com.lambdaworks.redis.RedisConnectionException: Unable to connect to /127.0.0.1:6379
Caused by: com.lambdaworks.redis.RedisConnectionException: Unable to connect to /127.0.0.1:6379
Caused by: java.net.ConnectException: Conexão recusada: /127.0.0.1:6379
</error>
  </testcase>
  <testcase name="testAddFirst[24]" classname="org.springframework.data.redis.support.collections.RedisListTests" time="0">
    <error message="Unable to connect to Redis on 127.0.0.1:6379; nested exception is com.lambdaworks.redis.RedisConnectionException: Unable to connect to /127.0.0.1:6379" type="org.springframework.data.redis.RedisConnectionFailureException">org.springframework.data.redis.RedisConnectionFailureException: Unable to connect to Redis on 127.0.0.1:6379; nested exception is com.lambdaworks.redis.RedisConnectionException: Unable to connect to /127.0.0.1:6379
Caused by: com.lambdaworks.redis.RedisConnectionException: Unable to connect to /127.0.0.1:6379
Caused by: java.net.ConnectException: Conexão recusada: /127.0.0.1:6379
</error>
  </testcase>
  <testcase name="testAddFirst[24]" classname="org.springframework.data.redis.support.collections.RedisListTests" time="0.001">
    <error message="Unable to connect to Redis on 127.0.0.1:6379; nested exception is com.lambdaworks.redis.RedisConnectionException: Unable to connect to /127.0.0.1:6379" type="org.springframework.data.redis.RedisConnectionFailureException">org.springframework.data.redis.RedisConnectionFailureException: Unable to connect to Redis on 127.0.0.1:6379; nested exception is com.lambdaworks.redis.RedisConnectionException: Unable to connect to /127.0.0.1:6379
Caused by: com.lambdaworks.redis.RedisConnectionException: Unable to connect to /127.0.0.1:6379
Caused by: java.net.ConnectException: Conexão recusada: /127.0.0.1:6379
</error>
  </testcase>
  <testcase name="testDrainToCollectionWithMaxElements[24]" classname="org.springframework.data.redis.support.collections.RedisListTests" time="0.001">
    <error message="Unable to connect to Redis on 127.0.0.1:6379; nested exception is com.lambdaworks.redis.RedisConnectionException: Unable to connect to /127.0.0.1:6379" type="org.springframework.data.redis.RedisConnectionFailureException">org.springframework.data.redis.RedisConnectionFailureException: Unable to connect to Redis on 127.0.0.1:6379; nested exception is com.lambdaworks.redis.RedisConnectionException: Unable to connect to /127.0.0.1:6379
Caused by: com.lambdaworks.redis.RedisConnectionException: Unable to connect to /127.0.0.1:6379
Caused by: java.net.ConnectException: Conexão recusada: /127.0.0.1:6379
</error>
  </testcase>
  <testcase name="testDrainToCollectionWithMaxElements[24]" classname="org.springframework.data.redis.support.collections.RedisListTests" time="0.001">
    <error message="Unable to connect to Redis on 127.0.0.1:6379; nested exception is com.lambdaworks.redis.RedisConnectionException: Unable to connect to /127.0.0.1:6379" type="org.springframework.data.redis.RedisConnectionFailureException">org.springframework.data.redis.RedisConnectionFailureException: Unable to connect to Redis on 127.0.0.1:6379; nested exception is com.lambdaworks.redis.RedisConnectionException: Unable to connect to /127.0.0.1:6379
Caused by: com.lambdaworks.redis.RedisConnectionException: Unable to connect to /127.0.0.1:6379
Caused by: java.net.ConnectException: Conexão recusada: /127.0.0.1:6379
</error>
  </testcase>
  <testcase name="testTakeLast[24]" classname="org.springframework.data.redis.support.collections.RedisListTests" time="0.001">
    <error message="Unable to connect to Redis on 127.0.0.1:6379; nested exception is com.lambdaworks.redis.RedisConnectionException: Unable to connect to /127.0.0.1:6379" type="org.springframework.data.redis.RedisConnectionFailureException">org.springframework.data.redis.RedisConnectionFailureException: Unable to connect to Redis on 127.0.0.1:6379; nested exception is com.lambdaworks.redis.RedisConnectionException: Unable to connect to /127.0.0.1:6379
Caused by: com.lambdaworks.redis.RedisConnectionException: Unable to connect to /127.0.0.1:6379
Caused by: java.net.ConnectException: Conexão recusada: /127.0.0.1:6379
</error>
  </testcase>
  <testcase name="testTakeLast[24]" classname="org.springframework.data.redis.support.collections.RedisListTests" time="0.001">
    <error message="Unable to connect to Redis on 127.0.0.1:6379; nested exception is com.lambdaworks.redis.RedisConnectionException: Unable to connect to /127.0.0.1:6379" type="org.springframework.data.redis.RedisConnectionFailureException">org.springframework.data.redis.RedisConnectionFailureException: Unable to connect to Redis on 127.0.0.1:6379; nested exception is com.lambdaworks.redis.RedisConnectionException: Unable to connect to /127.0.0.1:6379
Caused by: com.lambdaworks.redis.RedisConnectionException: Unable to connect to /127.0.0.1:6379
Caused by: java.net.ConnectException: Conexão recusada: /127.0.0.1:6379
</error>
  </testcase>
  <testcase name="testRemainingCapacity[24]" classname="org.springframework.data.redis.support.collections.RedisListTests" time="0.001">
    <error message="Unable to connect to Redis on 127.0.0.1:6379; nested exception is com.lambdaworks.redis.RedisConnectionException: Unable to connect to /127.0.0.1:6379" type="org.springframework.data.redis.RedisConnectionFailureException">org.springframework.data.redis.RedisConnectionFailureException: Unable to connect to Redis on 127.0.0.1:6379; nested exception is com.lambdaworks.redis.RedisConnectionException: Unable to connect to /127.0.0.1:6379
Caused by: com.lambdaworks.redis.RedisConnectionException: Unable to connect to /127.0.0.1:6379
Caused by: java.net.ConnectException: Conexão recusada: /127.0.0.1:6379
</error>
  </testcase>
  <testcase name="testRemoveLast[24]" classname="org.springframework.data.redis.support.collections.RedisListTests" time="0.002">
    <error message="Unable to connect to Redis on 127.0.0.1:6379; nested exception is com.lambdaworks.redis.RedisConnectionException: Unable to connect to /127.0.0.1:6379" type="org.springframework.data.redis.RedisConnectionFailureException">org.springframework.data.redis.RedisConnectionFailureException: Unable to connect to Redis on 127.0.0.1:6379; nested exception is com.lambdaworks.redis.RedisConnectionException: Unable to connect to /127.0.0.1:6379
Caused by: com.lambdaworks.redis.RedisConnectionException: Unable to connect to /127.0.0.1:6379
Caused by: java.net.ConnectException: Conexão recusada: /127.0.0.1:6379
</error>
  </testcase>
  <testcase name="testRemoveLast[24]" classname="org.springframework.data.redis.support.collections.RedisListTests" time="0.002">
    <error message="Unable to connect to Redis on 127.0.0.1:6379; nested exception is com.lambdaworks.redis.RedisConnectionException: Unable to connect to /127.0.0.1:6379" type="org.springframework.data.redis.RedisConnectionFailureException">org.springframework.data.redis.RedisConnectionFailureException: Unable to connect to Redis on 127.0.0.1:6379; nested exception is com.lambdaworks.redis.RedisConnectionException: Unable to connect to /127.0.0.1:6379
Caused by: com.lambdaworks.redis.RedisConnectionException: Unable to connect to /127.0.0.1:6379
Caused by: java.net.ConnectException: Conexão recusada: /127.0.0.1:6379
</error>
  </testcase>
  <testcase name="testAddIndexObjectHead[24]" classname="org.springframework.data.redis.support.collections.RedisListTests" time="0.002">
    <error message="Unable to connect to Redis on 127.0.0.1:6379; nested exception is com.lambdaworks.redis.RedisConnectionException: Unable to connect to /127.0.0.1:6379" type="org.springframework.data.redis.RedisConnectionFailureException">org.springframework.data.redis.RedisConnectionFailureException: Unable to connect to Redis on 127.0.0.1:6379; nested exception is com.lambdaworks.redis.RedisConnectionException: Unable to connect to /127.0.0.1:6379
Caused by: com.lambdaworks.redis.RedisConnectionException: Unable to connect to /127.0.0.1:6379
Caused by: java.net.ConnectException: Conexão recusada: /127.0.0.1:6379
</error>
  </testcase>
  <testcase name="testAddIndexObjectHead[24]" classname="org.springframework.data.redis.support.collections.RedisListTests" time="0.002">
    <error message="Unable to connect to Redis on 127.0.0.1:6379; nested exception is com.lambdaworks.redis.RedisConnectionException: Unable to connect to /127.0.0.1:6379" type="org.springframework.data.redis.RedisConnectionFailureException">org.springframework.data.redis.RedisConnectionFailureException: Unable to connect to Redis on 127.0.0.1:6379; nested exception is com.lambdaworks.redis.RedisConnectionException: Unable to connect to /127.0.0.1:6379
Caused by: com.lambdaworks.redis.RedisConnectionException: Unable to connect to /127.0.0.1:6379
Caused by: java.net.ConnectException: Conexão recusada: /127.0.0.1:6379
</error>
  </testcase>
  <testcase name="testAddIndexObjectTail[24]" classname="org.springframework.data.redis.support.collections.RedisListTests" time="0.001">
    <error message="Unable to connect to Redis on 127.0.0.1:6379; nested exception is com.lambdaworks.redis.RedisConnectionException: Unable to connect to /127.0.0.1:6379" type="org.springframework.data.redis.RedisConnectionFailureException">org.springframework.data.redis.RedisConnectionFailureException: Unable to connect to Redis on 127.0.0.1:6379; nested exception is com.lambdaworks.redis.RedisConnectionException: Unable to connect to /127.0.0.1:6379
Caused by: com.lambdaworks.redis.RedisConnectionException: Unable to connect to /127.0.0.1:6379
Caused by: java.net.ConnectException: Conexão recusada: /127.0.0.1:6379
</error>
  </testcase>
  <testcase name="testAddIndexObjectTail[24]" classname="org.springframework.data.redis.support.collections.RedisListTests" time="0.001">
    <error message="Unable to connect to Redis on 127.0.0.1:6379; nested exception is com.lambdaworks.redis.RedisConnectionException: Unable to connect to /127.0.0.1:6379" type="org.springframework.data.redis.RedisConnectionFailureException">org.springframework.data.redis.RedisConnectionFailureException: Unable to connect to Redis on 127.0.0.1:6379; nested exception is com.lambdaworks.redis.RedisConnectionException: Unable to connect to /127.0.0.1:6379
Caused by: com.lambdaworks.redis.RedisConnectionException: Unable to connect to /127.0.0.1:6379
Caused by: java.net.ConnectException: Conexão recusada: /127.0.0.1:6379
</error>
  </testcase>
  <testcase name="testPollFirst[24]" classname="org.springframework.data.redis.support.collections.RedisListTests" time="0.002">
    <error message="Unable to connect to Redis on 127.0.0.1:6379; nested exception is com.lambdaworks.redis.RedisConnectionException: Unable to connect to /127.0.0.1:6379" type="org.springframework.data.redis.RedisConnectionFailureException">org.springframework.data.redis.RedisConnectionFailureException: Unable to connect to Redis on 127.0.0.1:6379; nested exception is com.lambdaworks.redis.RedisConnectionException: Unable to connect to /127.0.0.1:6379
Caused by: com.lambdaworks.redis.RedisConnectionException: Unable to connect to /127.0.0.1:6379
Caused by: java.net.ConnectException: Conexão recusada: /127.0.0.1:6379
</error>
  </testcase>
  <testcase name="testPollFirst[24]" classname="org.springframework.data.redis.support.collections.RedisListTests" time="0.002">
    <error message="Unable to connect to Redis on 127.0.0.1:6379; nested exception is com.lambdaworks.redis.RedisConnectionException: Unable to connect to /127.0.0.1:6379" type="org.springframework.data.redis.RedisConnectionFailureException">org.springframework.data.redis.RedisConnectionFailureException: Unable to connect to Redis on 127.0.0.1:6379; nested exception is com.lambdaworks.redis.RedisConnectionException: Unable to connect to /127.0.0.1:6379
Caused by: com.lambdaworks.redis.RedisConnectionException: Unable to connect to /127.0.0.1:6379
Caused by: java.net.ConnectException: Conexão recusada: /127.0.0.1:6379
</error>
  </testcase>
  <testcase name="testAddIndexObjectMiddle[24]" classname="org.springframework.data.redis.support.collections.RedisListTests" time="0.001">
    <error message="Unexpected exception, expected&lt;java.lang.IllegalArgumentException&gt; but was&lt;org.springframework.data.redis.RedisConnectionFailureException&gt;" type="java.lang.Exception"><![CDATA[java.lang.Exception: Unexpected exception, expected<java.lang.IllegalArgumentException> but was<org.springframework.data.redis.RedisConnectionFailureException>
Caused by: org.springframework.data.redis.RedisConnectionFailureException: Unable to connect to Redis on 127.0.0.1:6379; nested exception is com.lambdaworks.redis.RedisConnectionException: Unable to connect to /127.0.0.1:6379
Caused by: com.lambdaworks.redis.RedisConnectionException: Unable to connect to /127.0.0.1:6379
Caused by: java.net.ConnectException: Conexão recusada: /127.0.0.1:6379
]]></error>
  </testcase>
  <testcase name="testAddIndexObjectMiddle[24]" classname="org.springframework.data.redis.support.collections.RedisListTests" time="0.001">
    <error message="Unable to connect to Redis on 127.0.0.1:6379; nested exception is com.lambdaworks.redis.RedisConnectionException: Unable to connect to /127.0.0.1:6379" type="org.springframework.data.redis.RedisConnectionFailureException">org.springframework.data.redis.RedisConnectionFailureException: Unable to connect to Redis on 127.0.0.1:6379; nested exception is com.lambdaworks.redis.RedisConnectionException: Unable to connect to /127.0.0.1:6379
Caused by: com.lambdaworks.redis.RedisConnectionException: Unable to connect to /127.0.0.1:6379
Caused by: java.net.ConnectException: Conexão recusada: /127.0.0.1:6379
</error>
  </testcase>
  <testcase name="testPeekLast[24]" classname="org.springframework.data.redis.support.collections.RedisListTests" time="0.001">
    <error message="Unable to connect to Redis on 127.0.0.1:6379; nested exception is com.lambdaworks.redis.RedisConnectionException: Unable to connect to /127.0.0.1:6379" type="org.springframework.data.redis.RedisConnectionFailureException">org.springframework.data.redis.RedisConnectionFailureException: Unable to connect to Redis on 127.0.0.1:6379; nested exception is com.lambdaworks.redis.RedisConnectionException: Unable to connect to /127.0.0.1:6379
Caused by: com.lambdaworks.redis.RedisConnectionException: Unable to connect to /127.0.0.1:6379
Caused by: java.net.ConnectException: Conexão recusada: /127.0.0.1:6379
</error>
  </testcase>
  <testcase name="testPeekLast[24]" classname="org.springframework.data.redis.support.collections.RedisListTests" time="0.001">
    <error message="Unable to connect to Redis on 127.0.0.1:6379; nested exception is com.lambdaworks.redis.RedisConnectionException: Unable to connect to /127.0.0.1:6379" type="org.springframework.data.redis.RedisConnectionFailureException">org.springframework.data.redis.RedisConnectionFailureException: Unable to connect to Redis on 127.0.0.1:6379; nested exception is com.lambdaworks.redis.RedisConnectionException: Unable to connect to /127.0.0.1:6379
Caused by: com.lambdaworks.redis.RedisConnectionException: Unable to connect to /127.0.0.1:6379
Caused by: java.net.ConnectException: Conexão recusada: /127.0.0.1:6379
</error>
  </testcase>
  <testcase name="testRemoveFirstOccurrence[24]" classname="org.springframework.data.redis.support.collections.RedisListTests" time="0.004">
    <error message="Unable to connect to Redis on 127.0.0.1:6379; nested exception is com.lambdaworks.redis.RedisConnectionException: Unable to connect to /127.0.0.1:6379" type="org.springframework.data.redis.RedisConnectionFailureException">org.springframework.data.redis.RedisConnectionFailureException: Unable to connect to Redis on 127.0.0.1:6379; nested exception is com.lambdaworks.redis.RedisConnectionException: Unable to connect to /127.0.0.1:6379
Caused by: com.lambdaworks.redis.RedisConnectionException: Unable to connect to /127.0.0.1:6379
Caused by: java.net.ConnectException: Conexão recusada: /127.0.0.1:6379
</error>
  </testcase>
  <testcase name="testRemoveFirstOccurrence[24]" classname="org.springframework.data.redis.support.collections.RedisListTests" time="0.004">
    <error message="Unable to connect to Redis on 127.0.0.1:6379; nested exception is com.lambdaworks.redis.RedisConnectionException: Unable to connect to /127.0.0.1:6379" type="org.springframework.data.redis.RedisConnectionFailureException">org.springframework.data.redis.RedisConnectionFailureException: Unable to connect to Redis on 127.0.0.1:6379; nested exception is com.lambdaworks.redis.RedisConnectionException: Unable to connect to /127.0.0.1:6379
Caused by: com.lambdaworks.redis.RedisConnectionException: Unable to connect to /127.0.0.1:6379
Caused by: java.net.ConnectException: Conexão recusada: /127.0.0.1:6379
</error>
  </testcase>
  <testcase name="addAllIndexCollectionHead[24]" classname="org.springframework.data.redis.support.collections.RedisListTests" time="0.001">
    <error message="Unable to connect to Redis on 127.0.0.1:6379; nested exception is com.lambdaworks.redis.RedisConnectionException: Unable to connect to /127.0.0.1:6379" type="org.springframework.data.redis.RedisConnectionFailureException">org.springframework.data.redis.RedisConnectionFailureException: Unable to connect to Redis on 127.0.0.1:6379; nested exception is com.lambdaworks.redis.RedisConnectionException: Unable to connect to /127.0.0.1:6379
Caused by: com.lambdaworks.redis.RedisConnectionException: Unable to connect to /127.0.0.1:6379
Caused by: java.net.ConnectException: Conexão recusada: /127.0.0.1:6379
</error>
  </testcase>
  <testcase name="addAllIndexCollectionHead[24]" classname="org.springframework.data.redis.support.collections.RedisListTests" time="0.001">
    <error message="Unable to connect to Redis on 127.0.0.1:6379; nested exception is com.lambdaworks.redis.RedisConnectionException: Unable to connect to /127.0.0.1:6379" type="org.springframework.data.redis.RedisConnectionFailureException">org.springframework.data.redis.RedisConnectionFailureException: Unable to connect to Redis on 127.0.0.1:6379; nested exception is com.lambdaworks.redis.RedisConnectionException: Unable to connect to /127.0.0.1:6379
Caused by: com.lambdaworks.redis.RedisConnectionException: Unable to connect to /127.0.0.1:6379
Caused by: java.net.ConnectException: Conexão recusada: /127.0.0.1:6379
</error>
  </testcase>
  <testcase name="addAllIndexCollectionTail[24]" classname="org.springframework.data.redis.support.collections.RedisListTests" time="0.001">
    <error message="Unable to connect to Redis on 127.0.0.1:6379; nested exception is com.lambdaworks.redis.RedisConnectionException: Unable to connect to /127.0.0.1:6379" type="org.springframework.data.redis.RedisConnectionFailureException">org.springframework.data.redis.RedisConnectionFailureException: Unable to connect to Redis on 127.0.0.1:6379; nested exception is com.lambdaworks.redis.RedisConnectionException: Unable to connect to /127.0.0.1:6379
Caused by: com.lambdaworks.redis.RedisConnectionException: Unable to connect to /127.0.0.1:6379
Caused by: java.net.ConnectException: Conexão recusada: /127.0.0.1:6379
</error>
  </testcase>
  <testcase name="addAllIndexCollectionTail[24]" classname="org.springframework.data.redis.support.collections.RedisListTests" time="0.003">
    <error message="Unable to connect to Redis on 127.0.0.1:6379; nested exception is com.lambdaworks.redis.RedisConnectionException: Unable to connect to /127.0.0.1:6379" type="org.springframework.data.redis.RedisConnectionFailureException">org.springframework.data.redis.RedisConnectionFailureException: Unable to connect to Redis on 127.0.0.1:6379; nested exception is com.lambdaworks.redis.RedisConnectionException: Unable to connect to /127.0.0.1:6379
Caused by: com.lambdaworks.redis.RedisConnectionException: Unable to connect to /127.0.0.1:6379
Caused by: java.net.ConnectException: Conexão recusada: /127.0.0.1:6379
</error>
  </testcase>
  <testcase name="addAllIndexCollectionMiddle[24]" classname="org.springframework.data.redis.support.collections.RedisListTests" time="0.002">
    <error message="Unexpected exception, expected&lt;java.lang.IllegalArgumentException&gt; but was&lt;org.springframework.data.redis.RedisConnectionFailureException&gt;" type="java.lang.Exception"><![CDATA[java.lang.Exception: Unexpected exception, expected<java.lang.IllegalArgumentException> but was<org.springframework.data.redis.RedisConnectionFailureException>
Caused by: org.springframework.data.redis.RedisConnectionFailureException: Unable to connect to Redis on 127.0.0.1:6379; nested exception is com.lambdaworks.redis.RedisConnectionException: Unable to connect to /127.0.0.1:6379
Caused by: com.lambdaworks.redis.RedisConnectionException: Unable to connect to /127.0.0.1:6379
Caused by: java.net.ConnectException: Conexão recusada: /127.0.0.1:6379
]]></error>
  </testcase>
  <testcase name="addAllIndexCollectionMiddle[24]" classname="org.springframework.data.redis.support.collections.RedisListTests" time="0.002">
    <error message="Unable to connect to Redis on 127.0.0.1:6379; nested exception is com.lambdaworks.redis.RedisConnectionException: Unable to connect to /127.0.0.1:6379" type="org.springframework.data.redis.RedisConnectionFailureException">org.springframework.data.redis.RedisConnectionFailureException: Unable to connect to Redis on 127.0.0.1:6379; nested exception is com.lambdaworks.redis.RedisConnectionException: Unable to connect to /127.0.0.1:6379
Caused by: com.lambdaworks.redis.RedisConnectionException: Unable to connect to /127.0.0.1:6379
Caused by: java.net.ConnectException: Conexão recusada: /127.0.0.1:6379
</error>
  </testcase>
  <testcase name="testPollLast[24]" classname="org.springframework.data.redis.support.collections.RedisListTests" time="0.001">
    <error message="Unable to connect to Redis on 127.0.0.1:6379; nested exception is com.lambdaworks.redis.RedisConnectionException: Unable to connect to /127.0.0.1:6379" type="org.springframework.data.redis.RedisConnectionFailureException">org.springframework.data.redis.RedisConnectionFailureException: Unable to connect to Redis on 127.0.0.1:6379; nested exception is com.lambdaworks.redis.RedisConnectionException: Unable to connect to /127.0.0.1:6379
Caused by: com.lambdaworks.redis.RedisConnectionException: Unable to connect to /127.0.0.1:6379
Caused by: java.net.ConnectException: Conexão recusada: /127.0.0.1:6379
</error>
  </testcase>
  <testcase name="testPollLast[24]" classname="org.springframework.data.redis.support.collections.RedisListTests" time="0.001">
    <error message="Unable to connect to Redis on 127.0.0.1:6379; nested exception is com.lambdaworks.redis.RedisConnectionException: Unable to connect to /127.0.0.1:6379" type="org.springframework.data.redis.RedisConnectionFailureException">org.springframework.data.redis.RedisConnectionFailureException: Unable to connect to Redis on 127.0.0.1:6379; nested exception is com.lambdaworks.redis.RedisConnectionException: Unable to connect to /127.0.0.1:6379
Caused by: com.lambdaworks.redis.RedisConnectionException: Unable to connect to /127.0.0.1:6379
Caused by: java.net.ConnectException: Conexão recusada: /127.0.0.1:6379
</error>
  </testcase>
  <testcase name="testIndexOfObject[24]" classname="org.springframework.data.redis.support.collections.RedisListTests" time="0.002">
    <error message="Unable to connect to Redis on 127.0.0.1:6379; nested exception is com.lambdaworks.redis.RedisConnectionException: Unable to connect to /127.0.0.1:6379" type="org.springframework.data.redis.RedisConnectionFailureException">org.springframework.data.redis.RedisConnectionFailureException: Unable to connect to Redis on 127.0.0.1:6379; nested exception is com.lambdaworks.redis.RedisConnectionException: Unable to connect to /127.0.0.1:6379
Caused by: com.lambdaworks.redis.RedisConnectionException: Unable to connect to /127.0.0.1:6379
Caused by: java.net.ConnectException: Conexão recusada: /127.0.0.1:6379
</error>
  </testcase>
  <testcase name="testPollTimeout[24]" classname="org.springframework.data.redis.support.collections.RedisListTests" time="0.001">
    <error message="Unable to connect to Redis on 127.0.0.1:6379; nested exception is com.lambdaworks.redis.RedisConnectionException: Unable to connect to /127.0.0.1:6379" type="org.springframework.data.redis.RedisConnectionFailureException">org.springframework.data.redis.RedisConnectionFailureException: Unable to connect to Redis on 127.0.0.1:6379; nested exception is com.lambdaworks.redis.RedisConnectionException: Unable to connect to /127.0.0.1:6379
Caused by: com.lambdaworks.redis.RedisConnectionException: Unable to connect to /127.0.0.1:6379
Caused by: java.net.ConnectException: Conexão recusada: /127.0.0.1:6379
</error>
  </testcase>
  <testcase name="testPollTimeout[24]" classname="org.springframework.data.redis.support.collections.RedisListTests" time="0.001">
    <error message="Unable to connect to Redis on 127.0.0.1:6379; nested exception is com.lambdaworks.redis.RedisConnectionException: Unable to connect to /127.0.0.1:6379" type="org.springframework.data.redis.RedisConnectionFailureException">org.springframework.data.redis.RedisConnectionFailureException: Unable to connect to Redis on 127.0.0.1:6379; nested exception is com.lambdaworks.redis.RedisConnectionException: Unable to connect to /127.0.0.1:6379
Caused by: com.lambdaworks.redis.RedisConnectionException: Unable to connect to /127.0.0.1:6379
Caused by: java.net.ConnectException: Conexão recusada: /127.0.0.1:6379
</error>
  </testcase>
  <testcase name="testRemove[24]" classname="org.springframework.data.redis.support.collections.RedisListTests" time="0.001">
    <error message="Unable to connect to Redis on 127.0.0.1:6379; nested exception is com.lambdaworks.redis.RedisConnectionException: Unable to connect to /127.0.0.1:6379" type="org.springframework.data.redis.RedisConnectionFailureException">org.springframework.data.redis.RedisConnectionFailureException: Unable to connect to Redis on 127.0.0.1:6379; nested exception is com.lambdaworks.redis.RedisConnectionException: Unable to connect to /127.0.0.1:6379
Caused by: com.lambdaworks.redis.RedisConnectionException: Unable to connect to /127.0.0.1:6379
Caused by: java.net.ConnectException: Conexão recusada: /127.0.0.1:6379
</error>
  </testcase>
  <testcase name="testRemove[24]" classname="org.springframework.data.redis.support.collections.RedisListTests" time="0.001">
    <error message="Unable to connect to Redis on 127.0.0.1:6379; nested exception is com.lambdaworks.redis.RedisConnectionException: Unable to connect to /127.0.0.1:6379" type="org.springframework.data.redis.RedisConnectionFailureException">org.springframework.data.redis.RedisConnectionFailureException: Unable to connect to Redis on 127.0.0.1:6379; nested exception is com.lambdaworks.redis.RedisConnectionException: Unable to connect to /127.0.0.1:6379
Caused by: com.lambdaworks.redis.RedisConnectionException: Unable to connect to /127.0.0.1:6379
Caused by: java.net.ConnectException: Conexão recusada: /127.0.0.1:6379
</error>
  </testcase>
  <testcase name="testCappedCollection[24]" classname="org.springframework.data.redis.support.collections.RedisListTests" time="0.001">
    <error message="Unable to connect to Redis on 127.0.0.1:6379; nested exception is com.lambdaworks.redis.RedisConnectionException: Unable to connect to /127.0.0.1:6379" type="org.springframework.data.redis.RedisConnectionFailureException">org.springframework.data.redis.RedisConnectionFailureException: Unable to connect to Redis on 127.0.0.1:6379; nested exception is com.lambdaworks.redis.RedisConnectionException: Unable to connect to /127.0.0.1:6379
Caused by: com.lambdaworks.redis.RedisConnectionException: Unable to connect to /127.0.0.1:6379
Caused by: java.net.ConnectException: Conexão recusada: /127.0.0.1:6379
</error>
  </testcase>
  <testcase name="testCappedCollection[24]" classname="org.springframework.data.redis.support.collections.RedisListTests" time="0.001">
    <error message="Unable to connect to Redis on 127.0.0.1:6379; nested exception is com.lambdaworks.redis.RedisConnectionException: Unable to connect to /127.0.0.1:6379" type="org.springframework.data.redis.RedisConnectionFailureException">org.springframework.data.redis.RedisConnectionFailureException: Unable to connect to Redis on 127.0.0.1:6379; nested exception is com.lambdaworks.redis.RedisConnectionException: Unable to connect to /127.0.0.1:6379
Caused by: com.lambdaworks.redis.RedisConnectionException: Unable to connect to /127.0.0.1:6379
Caused by: java.net.ConnectException: Conexão recusada: /127.0.0.1:6379
</error>
  </testcase>
  <testcase name="testRmoveLastOccurrence[24]" classname="org.springframework.data.redis.support.collections.RedisListTests" time="0.001">
    <error message="Unable to connect to Redis on 127.0.0.1:6379; nested exception is com.lambdaworks.redis.RedisConnectionException: Unable to connect to /127.0.0.1:6379" type="org.springframework.data.redis.RedisConnectionFailureException">org.springframework.data.redis.RedisConnectionFailureException: Unable to connect to Redis on 127.0.0.1:6379; nested exception is com.lambdaworks.redis.RedisConnectionException: Unable to connect to /127.0.0.1:6379
Caused by: com.lambdaworks.redis.RedisConnectionException: Unable to connect to /127.0.0.1:6379
Caused by: java.net.ConnectException: Conexão recusada: /127.0.0.1:6379
</error>
  </testcase>
  <testcase name="testRmoveLastOccurrence[24]" classname="org.springframework.data.redis.support.collections.RedisListTests" time="0.001">
    <error message="Unable to connect to Redis on 127.0.0.1:6379; nested exception is com.lambdaworks.redis.RedisConnectionException: Unable to connect to /127.0.0.1:6379" type="org.springframework.data.redis.RedisConnectionFailureException">org.springframework.data.redis.RedisConnectionFailureException: Unable to connect to Redis on 127.0.0.1:6379; nested exception is com.lambdaworks.redis.RedisConnectionException: Unable to connect to /127.0.0.1:6379
Caused by: com.lambdaworks.redis.RedisConnectionException: Unable to connect to /127.0.0.1:6379
Caused by: java.net.ConnectException: Conexão recusada: /127.0.0.1:6379
</error>
  </testcase>
  <testcase name="testTakeFirst[24]" classname="org.springframework.data.redis.support.collections.RedisListTests" time="0.001">
    <error message="Unable to connect to Redis on 127.0.0.1:6379; nested exception is com.lambdaworks.redis.RedisConnectionException: Unable to connect to /127.0.0.1:6379" type="org.springframework.data.redis.RedisConnectionFailureException">org.springframework.data.redis.RedisConnectionFailureException: Unable to connect to Redis on 127.0.0.1:6379; nested exception is com.lambdaworks.redis.RedisConnectionException: Unable to connect to /127.0.0.1:6379
Caused by: com.lambdaworks.redis.RedisConnectionException: Unable to connect to /127.0.0.1:6379
Caused by: java.net.ConnectException: Conexão recusada: /127.0.0.1:6379
</error>
  </testcase>
  <testcase name="testTakeFirst[24]" classname="org.springframework.data.redis.support.collections.RedisListTests" time="0.001">
    <error message="Unable to connect to Redis on 127.0.0.1:6379; nested exception is com.lambdaworks.redis.RedisConnectionException: Unable to connect to /127.0.0.1:6379" type="org.springframework.data.redis.RedisConnectionFailureException">org.springframework.data.redis.RedisConnectionFailureException: Unable to connect to Redis on 127.0.0.1:6379; nested exception is com.lambdaworks.redis.RedisConnectionException: Unable to connect to /127.0.0.1:6379
Caused by: com.lambdaworks.redis.RedisConnectionException: Unable to connect to /127.0.0.1:6379
Caused by: java.net.ConnectException: Conexão recusada: /127.0.0.1:6379
</error>
  </testcase>
  <testcase name="testContainsObject[24]" classname="org.springframework.data.redis.support.collections.RedisListTests" time="0.001">
    <error message="Unable to connect to Redis on 127.0.0.1:6379; nested exception is com.lambdaworks.redis.RedisConnectionException: Unable to connect to /127.0.0.1:6379" type="org.springframework.data.redis.RedisConnectionFailureException">org.springframework.data.redis.RedisConnectionFailureException: Unable to connect to Redis on 127.0.0.1:6379; nested exception is com.lambdaworks.redis.RedisConnectionException: Unable to connect to /127.0.0.1:6379
Caused by: com.lambdaworks.redis.RedisConnectionException: Unable to connect to /127.0.0.1:6379
Caused by: java.net.ConnectException: Conexão recusada: /127.0.0.1:6379
</error>
  </testcase>
  <testcase name="testContainsObject[24]" classname="org.springframework.data.redis.support.collections.RedisListTests" time="0.001">
    <error message="Unable to connect to Redis on 127.0.0.1:6379; nested exception is com.lambdaworks.redis.RedisConnectionException: Unable to connect to /127.0.0.1:6379" type="org.springframework.data.redis.RedisConnectionFailureException">org.springframework.data.redis.RedisConnectionFailureException: Unable to connect to Redis on 127.0.0.1:6379; nested exception is com.lambdaworks.redis.RedisConnectionException: Unable to connect to /127.0.0.1:6379
Caused by: com.lambdaworks.redis.RedisConnectionException: Unable to connect to /127.0.0.1:6379
Caused by: java.net.ConnectException: Conexão recusada: /127.0.0.1:6379
</error>
  </testcase>
  <testcase name="testToArray[24]" classname="org.springframework.data.redis.support.collections.RedisListTests" time="0.001">
    <error message="Unable to connect to Redis on 127.0.0.1:6379; nested exception is com.lambdaworks.redis.RedisConnectionException: Unable to connect to /127.0.0.1:6379" type="org.springframework.data.redis.RedisConnectionFailureException">org.springframework.data.redis.RedisConnectionFailureException: Unable to connect to Redis on 127.0.0.1:6379; nested exception is com.lambdaworks.redis.RedisConnectionException: Unable to connect to /127.0.0.1:6379
Caused by: com.lambdaworks.redis.RedisConnectionException: Unable to connect to /127.0.0.1:6379
Caused by: java.net.ConnectException: Conexão recusada: /127.0.0.1:6379
</error>
  </testcase>
  <testcase name="testToArray[24]" classname="org.springframework.data.redis.support.collections.RedisListTests" time="0.001">
    <error message="Unable to connect to Redis on 127.0.0.1:6379; nested exception is com.lambdaworks.redis.RedisConnectionException: Unable to connect to /127.0.0.1:6379" type="org.springframework.data.redis.RedisConnectionFailureException">org.springframework.data.redis.RedisConnectionFailureException: Unable to connect to Redis on 127.0.0.1:6379; nested exception is com.lambdaworks.redis.RedisConnectionException: Unable to connect to /127.0.0.1:6379
Caused by: com.lambdaworks.redis.RedisConnectionException: Unable to connect to /127.0.0.1:6379
Caused by: java.net.ConnectException: Conexão recusada: /127.0.0.1:6379
</error>
  </testcase>
  <testcase name="testAdd[24]" classname="org.springframework.data.redis.support.collections.RedisListTests" time="0.003">
    <error message="Unable to connect to Redis on 127.0.0.1:6379; nested exception is com.lambdaworks.redis.RedisConnectionException: Unable to connect to /127.0.0.1:6379" type="org.springframework.data.redis.RedisConnectionFailureException">org.springframework.data.redis.RedisConnectionFailureException: Unable to connect to Redis on 127.0.0.1:6379; nested exception is com.lambdaworks.redis.RedisConnectionException: Unable to connect to /127.0.0.1:6379
Caused by: com.lambdaworks.redis.RedisConnectionException: Unable to connect to /127.0.0.1:6379
Caused by: java.net.ConnectException: Conexão recusada: /127.0.0.1:6379
</error>
  </testcase>
  <testcase name="testAdd[24]" classname="org.springframework.data.redis.support.collections.RedisListTests" time="0.003">
    <error message="Unable to connect to Redis on 127.0.0.1:6379; nested exception is com.lambdaworks.redis.RedisConnectionException: Unable to connect to /127.0.0.1:6379" type="org.springframework.data.redis.RedisConnectionFailureException">org.springframework.data.redis.RedisConnectionFailureException: Unable to connect to Redis on 127.0.0.1:6379; nested exception is com.lambdaworks.redis.RedisConnectionException: Unable to connect to /127.0.0.1:6379
Caused by: com.lambdaworks.redis.RedisConnectionException: Unable to connect to /127.0.0.1:6379
Caused by: java.net.ConnectException: Conexão recusada: /127.0.0.1:6379
</error>
  </testcase>
  <testcase name="testClear[24]" classname="org.springframework.data.redis.support.collections.RedisListTests" time="0.002">
    <error message="Unable to connect to Redis on 127.0.0.1:6379; nested exception is com.lambdaworks.redis.RedisConnectionException: Unable to connect to /127.0.0.1:6379" type="org.springframework.data.redis.RedisConnectionFailureException">org.springframework.data.redis.RedisConnectionFailureException: Unable to connect to Redis on 127.0.0.1:6379; nested exception is com.lambdaworks.redis.RedisConnectionException: Unable to connect to /127.0.0.1:6379
Caused by: com.lambdaworks.redis.RedisConnectionException: Unable to connect to /127.0.0.1:6379
Caused by: java.net.ConnectException: Conexão recusada: /127.0.0.1:6379
</error>
  </testcase>
  <testcase name="testClear[24]" classname="org.springframework.data.redis.support.collections.RedisListTests" time="0.002">
    <error message="Unable to connect to Redis on 127.0.0.1:6379; nested exception is com.lambdaworks.redis.RedisConnectionException: Unable to connect to /127.0.0.1:6379" type="org.springframework.data.redis.RedisConnectionFailureException">org.springframework.data.redis.RedisConnectionFailureException: Unable to connect to Redis on 127.0.0.1:6379; nested exception is com.lambdaworks.redis.RedisConnectionException: Unable to connect to /127.0.0.1:6379
Caused by: com.lambdaworks.redis.RedisConnectionException: Unable to connect to /127.0.0.1:6379
Caused by: java.net.ConnectException: Conexão recusada: /127.0.0.1:6379
</error>
  </testcase>
  <testcase name="testSize[24]" classname="org.springframework.data.redis.support.collections.RedisListTests" time="0.001">
    <error message="Unable to connect to Redis on 127.0.0.1:6379; nested exception is com.lambdaworks.redis.RedisConnectionException: Unable to connect to /127.0.0.1:6379" type="org.springframework.data.redis.RedisConnectionFailureException">org.springframework.data.redis.RedisConnectionFailureException: Unable to connect to Redis on 127.0.0.1:6379; nested exception is com.lambdaworks.redis.RedisConnectionException: Unable to connect to /127.0.0.1:6379
Caused by: com.lambdaworks.redis.RedisConnectionException: Unable to connect to /127.0.0.1:6379
Caused by: java.net.ConnectException: Conexão recusada: /127.0.0.1:6379
</error>
  </testcase>
  <testcase name="testSize[24]" classname="org.springframework.data.redis.support.collections.RedisListTests" time="0.001">
    <error message="Unable to connect to Redis on 127.0.0.1:6379; nested exception is com.lambdaworks.redis.RedisConnectionException: Unable to connect to /127.0.0.1:6379" type="org.springframework.data.redis.RedisConnectionFailureException">org.springframework.data.redis.RedisConnectionFailureException: Unable to connect to Redis on 127.0.0.1:6379; nested exception is com.lambdaworks.redis.RedisConnectionException: Unable to connect to /127.0.0.1:6379
Caused by: com.lambdaworks.redis.RedisConnectionException: Unable to connect to /127.0.0.1:6379
Caused by: java.net.ConnectException: Conexão recusada: /127.0.0.1:6379
</error>
  </testcase>
  <testcase name="testToString[24]" classname="org.springframework.data.redis.support.collections.RedisListTests" time="0.001">
    <error message="Unable to connect to Redis on 127.0.0.1:6379; nested exception is com.lambdaworks.redis.RedisConnectionException: Unable to connect to /127.0.0.1:6379" type="org.springframework.data.redis.RedisConnectionFailureException">org.springframework.data.redis.RedisConnectionFailureException: Unable to connect to Redis on 127.0.0.1:6379; nested exception is com.lambdaworks.redis.RedisConnectionException: Unable to connect to /127.0.0.1:6379
Caused by: com.lambdaworks.redis.RedisConnectionException: Unable to connect to /127.0.0.1:6379
Caused by: java.net.ConnectException: Conexão recusada: /127.0.0.1:6379
</error>
  </testcase>
  <testcase name="testToString[24]" classname="org.springframework.data.redis.support.collections.RedisListTests" time="0.001">
    <error message="Unable to connect to Redis on 127.0.0.1:6379; nested exception is com.lambdaworks.redis.RedisConnectionException: Unable to connect to /127.0.0.1:6379" type="org.springframework.data.redis.RedisConnectionFailureException">org.springframework.data.redis.RedisConnectionFailureException: Unable to connect to Redis on 127.0.0.1:6379; nested exception is com.lambdaworks.redis.RedisConnectionException: Unable to connect to /127.0.0.1:6379
Caused by: com.lambdaworks.redis.RedisConnectionException: Unable to connect to /127.0.0.1:6379
Caused by: java.net.ConnectException: Conexão recusada: /127.0.0.1:6379
</error>
  </testcase>
  <testcase name="testContainsAll[24]" classname="org.springframework.data.redis.support.collections.RedisListTests" time="0.001">
    <error message="Unable to connect to Redis on 127.0.0.1:6379; nested exception is com.lambdaworks.redis.RedisConnectionException: Unable to connect to /127.0.0.1:6379" type="org.springframework.data.redis.RedisConnectionFailureException">org.springframework.data.redis.RedisConnectionFailureException: Unable to connect to Redis on 127.0.0.1:6379; nested exception is com.lambdaworks.redis.RedisConnectionException: Unable to connect to /127.0.0.1:6379
Caused by: com.lambdaworks.redis.RedisConnectionException: Unable to connect to /127.0.0.1:6379
Caused by: java.net.ConnectException: Conexão recusada: /127.0.0.1:6379
</error>
  </testcase>
  <testcase name="testContainsAll[24]" classname="org.springframework.data.redis.support.collections.RedisListTests" time="0.001">
    <error message="Unable to connect to Redis on 127.0.0.1:6379; nested exception is com.lambdaworks.redis.RedisConnectionException: Unable to connect to /127.0.0.1:6379" type="org.springframework.data.redis.RedisConnectionFailureException">org.springframework.data.redis.RedisConnectionFailureException: Unable to connect to Redis on 127.0.0.1:6379; nested exception is com.lambdaworks.redis.RedisConnectionException: Unable to connect to /127.0.0.1:6379
Caused by: com.lambdaworks.redis.RedisConnectionException: Unable to connect to /127.0.0.1:6379
Caused by: java.net.ConnectException: Conexão recusada: /127.0.0.1:6379
</error>
  </testcase>
  <testcase name="testRemoveObject[24]" classname="org.springframework.data.redis.support.collections.RedisListTests" time="0.001">
    <error message="Unable to connect to Redis on 127.0.0.1:6379; nested exception is com.lambdaworks.redis.RedisConnectionException: Unable to connect to /127.0.0.1:6379" type="org.springframework.data.redis.RedisConnectionFailureException">org.springframework.data.redis.RedisConnectionFailureException: Unable to connect to Redis on 127.0.0.1:6379; nested exception is com.lambdaworks.redis.RedisConnectionException: Unable to connect to /127.0.0.1:6379
Caused by: com.lambdaworks.redis.RedisConnectionException: Unable to connect to /127.0.0.1:6379
Caused by: java.net.ConnectException: Conexão recusada: /127.0.0.1:6379
</error>
  </testcase>
  <testcase name="testRemoveObject[24]" classname="org.springframework.data.redis.support.collections.RedisListTests" time="0.001">
    <error message="Unable to connect to Redis on 127.0.0.1:6379; nested exception is com.lambdaworks.redis.RedisConnectionException: Unable to connect to /127.0.0.1:6379" type="org.springframework.data.redis.RedisConnectionFailureException">org.springframework.data.redis.RedisConnectionFailureException: Unable to connect to Redis on 127.0.0.1:6379; nested exception is com.lambdaworks.redis.RedisConnectionException: Unable to connect to /127.0.0.1:6379
Caused by: com.lambdaworks.redis.RedisConnectionException: Unable to connect to /127.0.0.1:6379
Caused by: java.net.ConnectException: Conexão recusada: /127.0.0.1:6379
</error>
  </testcase>
  <testcase name="testHashCode[24]" classname="org.springframework.data.redis.support.collections.RedisListTests" time="0.001">
    <error message="Unable to connect to Redis on 127.0.0.1:6379; nested exception is com.lambdaworks.redis.RedisConnectionException: Unable to connect to /127.0.0.1:6379" type="org.springframework.data.redis.RedisConnectionFailureException">org.springframework.data.redis.RedisConnectionFailureException: Unable to connect to Redis on 127.0.0.1:6379; nested exception is com.lambdaworks.redis.RedisConnectionException: Unable to connect to /127.0.0.1:6379
Caused by: com.lambdaworks.redis.RedisConnectionException: Unable to connect to /127.0.0.1:6379
Caused by: java.net.ConnectException: Conexão recusada: /127.0.0.1:6379
</error>
  </testcase>
  <testcase name="testAddAll[24]" classname="org.springframework.data.redis.support.collections.RedisListTests" time="0.001">
    <error message="Unable to connect to Redis on 127.0.0.1:6379; nested exception is com.lambdaworks.redis.RedisConnectionException: Unable to connect to /127.0.0.1:6379" type="org.springframework.data.redis.RedisConnectionFailureException">org.springframework.data.redis.RedisConnectionFailureException: Unable to connect to Redis on 127.0.0.1:6379; nested exception is com.lambdaworks.redis.RedisConnectionException: Unable to connect to /127.0.0.1:6379
Caused by: com.lambdaworks.redis.RedisConnectionException: Unable to connect to /127.0.0.1:6379
Caused by: java.net.ConnectException: Conexão recusada: /127.0.0.1:6379
</error>
  </testcase>
  <testcase name="testAddAll[24]" classname="org.springframework.data.redis.support.collections.RedisListTests" time="0.001">
    <error message="Unable to connect to Redis on 127.0.0.1:6379; nested exception is com.lambdaworks.redis.RedisConnectionException: Unable to connect to /127.0.0.1:6379" type="org.springframework.data.redis.RedisConnectionFailureException">org.springframework.data.redis.RedisConnectionFailureException: Unable to connect to Redis on 127.0.0.1:6379; nested exception is com.lambdaworks.redis.RedisConnectionException: Unable to connect to /127.0.0.1:6379
Caused by: com.lambdaworks.redis.RedisConnectionException: Unable to connect to /127.0.0.1:6379
Caused by: java.net.ConnectException: Conexão recusada: /127.0.0.1:6379
</error>
  </testcase>
  <testcase name="removeAll[24]" classname="org.springframework.data.redis.support.collections.RedisListTests" time="0.001">
    <error message="Unable to connect to Redis on 127.0.0.1:6379; nested exception is com.lambdaworks.redis.RedisConnectionException: Unable to connect to /127.0.0.1:6379" type="org.springframework.data.redis.RedisConnectionFailureException">org.springframework.data.redis.RedisConnectionFailureException: Unable to connect to Redis on 127.0.0.1:6379; nested exception is com.lambdaworks.redis.RedisConnectionException: Unable to connect to /127.0.0.1:6379
Caused by: com.lambdaworks.redis.RedisConnectionException: Unable to connect to /127.0.0.1:6379
Caused by: java.net.ConnectException: Conexão recusada: /127.0.0.1:6379
</error>
  </testcase>
  <testcase name="removeAll[24]" classname="org.springframework.data.redis.support.collections.RedisListTests" time="0.001">
    <error message="Unable to connect to Redis on 127.0.0.1:6379; nested exception is com.lambdaworks.redis.RedisConnectionException: Unable to connect to /127.0.0.1:6379" type="org.springframework.data.redis.RedisConnectionFailureException">org.springframework.data.redis.RedisConnectionFailureException: Unable to connect to Redis on 127.0.0.1:6379; nested exception is com.lambdaworks.redis.RedisConnectionException: Unable to connect to /127.0.0.1:6379
Caused by: com.lambdaworks.redis.RedisConnectionException: Unable to connect to /127.0.0.1:6379
Caused by: java.net.ConnectException: Conexão recusada: /127.0.0.1:6379
</error>
  </testcase>
  <testcase name="testEquals[24]" classname="org.springframework.data.redis.support.collections.RedisListTests" time="0.002">
    <error message="Unable to connect to Redis on 127.0.0.1:6379; nested exception is com.lambdaworks.redis.RedisConnectionException: Unable to connect to /127.0.0.1:6379" type="org.springframework.data.redis.RedisConnectionFailureException">org.springframework.data.redis.RedisConnectionFailureException: Unable to connect to Redis on 127.0.0.1:6379; nested exception is com.lambdaworks.redis.RedisConnectionException: Unable to connect to /127.0.0.1:6379
Caused by: com.lambdaworks.redis.RedisConnectionException: Unable to connect to /127.0.0.1:6379
Caused by: java.net.ConnectException: Conexão recusada: /127.0.0.1:6379
</error>
  </testcase>
  <testcase name="testGetKey[24]" classname="org.springframework.data.redis.support.collections.RedisListTests" time="0.001">
    <error message="Unable to connect to Redis on 127.0.0.1:6379; nested exception is com.lambdaworks.redis.RedisConnectionException: Unable to connect to /127.0.0.1:6379" type="org.springframework.data.redis.RedisConnectionFailureException">org.springframework.data.redis.RedisConnectionFailureException: Unable to connect to Redis on 127.0.0.1:6379; nested exception is com.lambdaworks.redis.RedisConnectionException: Unable to connect to /127.0.0.1:6379
Caused by: com.lambdaworks.redis.RedisConnectionException: Unable to connect to /127.0.0.1:6379
Caused by: java.net.ConnectException: Conexão recusada: /127.0.0.1:6379
</error>
  </testcase>
  <testcase name="testToArrayWithGenerics[24]" classname="org.springframework.data.redis.support.collections.RedisListTests" time="0">
    <error message="Unable to connect to Redis on 127.0.0.1:6379; nested exception is com.lambdaworks.redis.RedisConnectionException: Unable to connect to /127.0.0.1:6379" type="org.springframework.data.redis.RedisConnectionFailureException">org.springframework.data.redis.RedisConnectionFailureException: Unable to connect to Redis on 127.0.0.1:6379; nested exception is com.lambdaworks.redis.RedisConnectionException: Unable to connect to /127.0.0.1:6379
Caused by: com.lambdaworks.redis.RedisConnectionException: Unable to connect to /127.0.0.1:6379
Caused by: java.net.ConnectException: Conexão recusada: /127.0.0.1:6379
</error>
  </testcase>
  <testcase name="testToArrayWithGenerics[24]" classname="org.springframework.data.redis.support.collections.RedisListTests" time="0.001">
    <error message="Unable to connect to Redis on 127.0.0.1:6379; nested exception is com.lambdaworks.redis.RedisConnectionException: Unable to connect to /127.0.0.1:6379" type="org.springframework.data.redis.RedisConnectionFailureException">org.springframework.data.redis.RedisConnectionFailureException: Unable to connect to Redis on 127.0.0.1:6379; nested exception is com.lambdaworks.redis.RedisConnectionException: Unable to connect to /127.0.0.1:6379
Caused by: com.lambdaworks.redis.RedisConnectionException: Unable to connect to /127.0.0.1:6379
Caused by: java.net.ConnectException: Conexão recusada: /127.0.0.1:6379
</error>
  </testcase>
  <testcase name="testIsEmpty[24]" classname="org.springframework.data.redis.support.collections.RedisListTests" time="0.005">
    <error message="Unable to connect to Redis on 127.0.0.1:6379; nested exception is com.lambdaworks.redis.RedisConnectionException: Unable to connect to /127.0.0.1:6379" type="org.springframework.data.redis.RedisConnectionFailureException">org.springframework.data.redis.RedisConnectionFailureException: Unable to connect to Redis on 127.0.0.1:6379; nested exception is com.lambdaworks.redis.RedisConnectionException: Unable to connect to /127.0.0.1:6379
Caused by: com.lambdaworks.redis.RedisConnectionException: Unable to connect to /127.0.0.1:6379
Caused by: java.net.ConnectException: Conexão recusada: /127.0.0.1:6379
</error>
  </testcase>
  <testcase name="testIsEmpty[24]" classname="org.springframework.data.redis.support.collections.RedisListTests" time="0.005">
    <error message="Unable to connect to Redis on 127.0.0.1:6379; nested exception is com.lambdaworks.redis.RedisConnectionException: Unable to connect to /127.0.0.1:6379" type="org.springframework.data.redis.RedisConnectionFailureException">org.springframework.data.redis.RedisConnectionFailureException: Unable to connect to Redis on 127.0.0.1:6379; nested exception is com.lambdaworks.redis.RedisConnectionException: Unable to connect to /127.0.0.1:6379
Caused by: com.lambdaworks.redis.RedisConnectionException: Unable to connect to /127.0.0.1:6379
Caused by: java.net.ConnectException: Conexão recusada: /127.0.0.1:6379
</error>
  </testcase>
  <testcase name="testIterator[24]" classname="org.springframework.data.redis.support.collections.RedisListTests" time="0">
    <error message="Unable to connect to Redis on 127.0.0.1:6379; nested exception is com.lambdaworks.redis.RedisConnectionException: Unable to connect to /127.0.0.1:6379" type="org.springframework.data.redis.RedisConnectionFailureException">org.springframework.data.redis.RedisConnectionFailureException: Unable to connect to Redis on 127.0.0.1:6379; nested exception is com.lambdaworks.redis.RedisConnectionException: Unable to connect to /127.0.0.1:6379
Caused by: com.lambdaworks.redis.RedisConnectionException: Unable to connect to /127.0.0.1:6379
Caused by: java.net.ConnectException: Conexão recusada: /127.0.0.1:6379
</error>
  </testcase>
  <testcase name="testIterator[24]" classname="org.springframework.data.redis.support.collections.RedisListTests" time="0">
    <error message="Unable to connect to Redis on 127.0.0.1:6379; nested exception is com.lambdaworks.redis.RedisConnectionException: Unable to connect to /127.0.0.1:6379" type="org.springframework.data.redis.RedisConnectionFailureException">org.springframework.data.redis.RedisConnectionFailureException: Unable to connect to Redis on 127.0.0.1:6379; nested exception is com.lambdaworks.redis.RedisConnectionException: Unable to connect to /127.0.0.1:6379
Caused by: com.lambdaworks.redis.RedisConnectionException: Unable to connect to /127.0.0.1:6379
Caused by: java.net.ConnectException: Conexão recusada: /127.0.0.1:6379
</error>
  </testcase>
  <testcase name="testElement[25]" classname="org.springframework.data.redis.support.collections.RedisListTests" time="0.001">
    <error message="Unable to connect to Redis on 127.0.0.1:6379; nested exception is com.lambdaworks.redis.RedisConnectionException: Unable to connect to /127.0.0.1:6379" type="org.springframework.data.redis.RedisConnectionFailureException">org.springframework.data.redis.RedisConnectionFailureException: Unable to connect to Redis on 127.0.0.1:6379; nested exception is com.lambdaworks.redis.RedisConnectionException: Unable to connect to /127.0.0.1:6379
Caused by: com.lambdaworks.redis.RedisConnectionException: Unable to connect to /127.0.0.1:6379
Caused by: java.net.ConnectException: Conexão recusada: /127.0.0.1:6379
</error>
  </testcase>
  <testcase name="testElement[25]" classname="org.springframework.data.redis.support.collections.RedisListTests" time="0.001">
    <error message="Unable to connect to Redis on 127.0.0.1:6379; nested exception is com.lambdaworks.redis.RedisConnectionException: Unable to connect to /127.0.0.1:6379" type="org.springframework.data.redis.RedisConnectionFailureException">org.springframework.data.redis.RedisConnectionFailureException: Unable to connect to Redis on 127.0.0.1:6379; nested exception is com.lambdaworks.redis.RedisConnectionException: Unable to connect to /127.0.0.1:6379
Caused by: com.lambdaworks.redis.RedisConnectionException: Unable to connect to /127.0.0.1:6379
Caused by: java.net.ConnectException: Conexão recusada: /127.0.0.1:6379
</error>
  </testcase>
  <testcase name="testPutFirst[25]" classname="org.springframework.data.redis.support.collections.RedisListTests" time="0.003">
    <error message="Unable to connect to Redis on 127.0.0.1:6379; nested exception is com.lambdaworks.redis.RedisConnectionException: Unable to connect to /127.0.0.1:6379" type="org.springframework.data.redis.RedisConnectionFailureException">org.springframework.data.redis.RedisConnectionFailureException: Unable to connect to Redis on 127.0.0.1:6379; nested exception is com.lambdaworks.redis.RedisConnectionException: Unable to connect to /127.0.0.1:6379
Caused by: com.lambdaworks.redis.RedisConnectionException: Unable to connect to /127.0.0.1:6379
Caused by: java.net.ConnectException: Conexão recusada: /127.0.0.1:6379
</error>
  </testcase>
  <testcase name="testPutFirst[25]" classname="org.springframework.data.redis.support.collections.RedisListTests" time="0.003">
    <error message="Unable to connect to Redis on 127.0.0.1:6379; nested exception is com.lambdaworks.redis.RedisConnectionException: Unable to connect to /127.0.0.1:6379" type="org.springframework.data.redis.RedisConnectionFailureException">org.springframework.data.redis.RedisConnectionFailureException: Unable to connect to Redis on 127.0.0.1:6379; nested exception is com.lambdaworks.redis.RedisConnectionException: Unable to connect to /127.0.0.1:6379
Caused by: com.lambdaworks.redis.RedisConnectionException: Unable to connect to /127.0.0.1:6379
Caused by: java.net.ConnectException: Conexão recusada: /127.0.0.1:6379
</error>
  </testcase>
  <testcase name="testPollLastTimeout[25]" classname="org.springframework.data.redis.support.collections.RedisListTests" time="0.001">
    <error message="Unable to connect to Redis on 127.0.0.1:6379; nested exception is com.lambdaworks.redis.RedisConnectionException: Unable to connect to /127.0.0.1:6379" type="org.springframework.data.redis.RedisConnectionFailureException">org.springframework.data.redis.RedisConnectionFailureException: Unable to connect to Redis on 127.0.0.1:6379; nested exception is com.lambdaworks.redis.RedisConnectionException: Unable to connect to /127.0.0.1:6379
Caused by: com.lambdaworks.redis.RedisConnectionException: Unable to connect to /127.0.0.1:6379
Caused by: java.net.ConnectException: Conexão recusada: /127.0.0.1:6379
</error>
  </testcase>
  <testcase name="testPollLastTimeout[25]" classname="org.springframework.data.redis.support.collections.RedisListTests" time="0.001">
    <error message="Unable to connect to Redis on 127.0.0.1:6379; nested exception is com.lambdaworks.redis.RedisConnectionException: Unable to connect to /127.0.0.1:6379" type="org.springframework.data.redis.RedisConnectionFailureException">org.springframework.data.redis.RedisConnectionFailureException: Unable to connect to Redis on 127.0.0.1:6379; nested exception is com.lambdaworks.redis.RedisConnectionException: Unable to connect to /127.0.0.1:6379
Caused by: com.lambdaworks.redis.RedisConnectionException: Unable to connect to /127.0.0.1:6379
Caused by: java.net.ConnectException: Conexão recusada: /127.0.0.1:6379
</error>
  </testcase>
  <testcase name="testPeekFirst[25]" classname="org.springframework.data.redis.support.collections.RedisListTests" time="0.001">
    <error message="Unable to connect to Redis on 127.0.0.1:6379; nested exception is com.lambdaworks.redis.RedisConnectionException: Unable to connect to /127.0.0.1:6379" type="org.springframework.data.redis.RedisConnectionFailureException">org.springframework.data.redis.RedisConnectionFailureException: Unable to connect to Redis on 127.0.0.1:6379; nested exception is com.lambdaworks.redis.RedisConnectionException: Unable to connect to /127.0.0.1:6379
Caused by: com.lambdaworks.redis.RedisConnectionException: Unable to connect to /127.0.0.1:6379
Caused by: java.net.ConnectException: Conexão recusada: /127.0.0.1:6379
</error>
  </testcase>
  <testcase name="testPeekFirst[25]" classname="org.springframework.data.redis.support.collections.RedisListTests" time="0.001">
    <error message="Unable to connect to Redis on 127.0.0.1:6379; nested exception is com.lambdaworks.redis.RedisConnectionException: Unable to connect to /127.0.0.1:6379" type="org.springframework.data.redis.RedisConnectionFailureException">org.springframework.data.redis.RedisConnectionFailureException: Unable to connect to Redis on 127.0.0.1:6379; nested exception is com.lambdaworks.redis.RedisConnectionException: Unable to connect to /127.0.0.1:6379
Caused by: com.lambdaworks.redis.RedisConnectionException: Unable to connect to /127.0.0.1:6379
Caused by: java.net.ConnectException: Conexão recusada: /127.0.0.1:6379
</error>
  </testcase>
  <testcase name="testOfferLast[25]" classname="org.springframework.data.redis.support.collections.RedisListTests" time="0.001">
    <error message="Unable to connect to Redis on 127.0.0.1:6379; nested exception is com.lambdaworks.redis.RedisConnectionException: Unable to connect to /127.0.0.1:6379" type="org.springframework.data.redis.RedisConnectionFailureException">org.springframework.data.redis.RedisConnectionFailureException: Unable to connect to Redis on 127.0.0.1:6379; nested exception is com.lambdaworks.redis.RedisConnectionException: Unable to connect to /127.0.0.1:6379
Caused by: com.lambdaworks.redis.RedisConnectionException: Unable to connect to /127.0.0.1:6379
Caused by: java.net.ConnectException: Conexão recusada: /127.0.0.1:6379
</error>
  </testcase>
  <testcase name="testOfferLast[25]" classname="org.springframework.data.redis.support.collections.RedisListTests" time="0.002">
    <error message="Unable to connect to Redis on 127.0.0.1:6379; nested exception is com.lambdaworks.redis.RedisConnectionException: Unable to connect to /127.0.0.1:6379" type="org.springframework.data.redis.RedisConnectionFailureException">org.springframework.data.redis.RedisConnectionFailureException: Unable to connect to Redis on 127.0.0.1:6379; nested exception is com.lambdaworks.redis.RedisConnectionException: Unable to connect to /127.0.0.1:6379
Caused by: com.lambdaworks.redis.RedisConnectionException: Unable to connect to /127.0.0.1:6379
Caused by: java.net.ConnectException: Conexão recusada: /127.0.0.1:6379
</error>
  </testcase>
  <testcase name="testGetFirst[25]" classname="org.springframework.data.redis.support.collections.RedisListTests" time="0.001">
    <error message="Unable to connect to Redis on 127.0.0.1:6379; nested exception is com.lambdaworks.redis.RedisConnectionException: Unable to connect to /127.0.0.1:6379" type="org.springframework.data.redis.RedisConnectionFailureException">org.springframework.data.redis.RedisConnectionFailureException: Unable to connect to Redis on 127.0.0.1:6379; nested exception is com.lambdaworks.redis.RedisConnectionException: Unable to connect to /127.0.0.1:6379
Caused by: com.lambdaworks.redis.RedisConnectionException: Unable to connect to /127.0.0.1:6379
Caused by: java.net.ConnectException: Conexão recusada: /127.0.0.1:6379
</error>
  </testcase>
  <testcase name="testGetFirst[25]" classname="org.springframework.data.redis.support.collections.RedisListTests" time="0.001">
    <error message="Unable to connect to Redis on 127.0.0.1:6379; nested exception is com.lambdaworks.redis.RedisConnectionException: Unable to connect to /127.0.0.1:6379" type="org.springframework.data.redis.RedisConnectionFailureException">org.springframework.data.redis.RedisConnectionFailureException: Unable to connect to Redis on 127.0.0.1:6379; nested exception is com.lambdaworks.redis.RedisConnectionException: Unable to connect to /127.0.0.1:6379
Caused by: com.lambdaworks.redis.RedisConnectionException: Unable to connect to /127.0.0.1:6379
Caused by: java.net.ConnectException: Conexão recusada: /127.0.0.1:6379
</error>
  </testcase>
  <testcase name="testAddLast[25]" classname="org.springframework.data.redis.support.collections.RedisListTests" time="0.001">
    <error message="Unable to connect to Redis on 127.0.0.1:6379; nested exception is com.lambdaworks.redis.RedisConnectionException: Unable to connect to /127.0.0.1:6379" type="org.springframework.data.redis.RedisConnectionFailureException">org.springframework.data.redis.RedisConnectionFailureException: Unable to connect to Redis on 127.0.0.1:6379; nested exception is com.lambdaworks.redis.RedisConnectionException: Unable to connect to /127.0.0.1:6379
Caused by: com.lambdaworks.redis.RedisConnectionException: Unable to connect to /127.0.0.1:6379
Caused by: java.net.ConnectException: Conexão recusada: /127.0.0.1:6379
</error>
  </testcase>
  <testcase name="testAddLast[25]" classname="org.springframework.data.redis.support.collections.RedisListTests" time="0.001">
    <error message="Unable to connect to Redis on 127.0.0.1:6379; nested exception is com.lambdaworks.redis.RedisConnectionException: Unable to connect to /127.0.0.1:6379" type="org.springframework.data.redis.RedisConnectionFailureException">org.springframework.data.redis.RedisConnectionFailureException: Unable to connect to Redis on 127.0.0.1:6379; nested exception is com.lambdaworks.redis.RedisConnectionException: Unable to connect to /127.0.0.1:6379
Caused by: com.lambdaworks.redis.RedisConnectionException: Unable to connect to /127.0.0.1:6379
Caused by: java.net.ConnectException: Conexão recusada: /127.0.0.1:6379
</error>
  </testcase>
  <testcase name="testPop[25]" classname="org.springframework.data.redis.support.collections.RedisListTests" time="0.001">
    <error message="Unable to connect to Redis on 127.0.0.1:6379; nested exception is com.lambdaworks.redis.RedisConnectionException: Unable to connect to /127.0.0.1:6379" type="org.springframework.data.redis.RedisConnectionFailureException">org.springframework.data.redis.RedisConnectionFailureException: Unable to connect to Redis on 127.0.0.1:6379; nested exception is com.lambdaworks.redis.RedisConnectionException: Unable to connect to /127.0.0.1:6379
Caused by: com.lambdaworks.redis.RedisConnectionException: Unable to connect to /127.0.0.1:6379
Caused by: java.net.ConnectException: Conexão recusada: /127.0.0.1:6379
</error>
  </testcase>
  <testcase name="testPop[25]" classname="org.springframework.data.redis.support.collections.RedisListTests" time="0.001">
    <error message="Unable to connect to Redis on 127.0.0.1:6379; nested exception is com.lambdaworks.redis.RedisConnectionException: Unable to connect to /127.0.0.1:6379" type="org.springframework.data.redis.RedisConnectionFailureException">org.springframework.data.redis.RedisConnectionFailureException: Unable to connect to Redis on 127.0.0.1:6379; nested exception is com.lambdaworks.redis.RedisConnectionException: Unable to connect to /127.0.0.1:6379
Caused by: com.lambdaworks.redis.RedisConnectionException: Unable to connect to /127.0.0.1:6379
Caused by: java.net.ConnectException: Conexão recusada: /127.0.0.1:6379
</error>
  </testcase>
  <testcase name="testPut[25]" classname="org.springframework.data.redis.support.collections.RedisListTests" time="0.001">
    <error message="Unable to connect to Redis on 127.0.0.1:6379; nested exception is com.lambdaworks.redis.RedisConnectionException: Unable to connect to /127.0.0.1:6379" type="org.springframework.data.redis.RedisConnectionFailureException">org.springframework.data.redis.RedisConnectionFailureException: Unable to connect to Redis on 127.0.0.1:6379; nested exception is com.lambdaworks.redis.RedisConnectionException: Unable to connect to /127.0.0.1:6379
Caused by: com.lambdaworks.redis.RedisConnectionException: Unable to connect to /127.0.0.1:6379
Caused by: java.net.ConnectException: Conexão recusada: /127.0.0.1:6379
</error>
  </testcase>
  <testcase name="testPut[25]" classname="org.springframework.data.redis.support.collections.RedisListTests" time="0.001">
    <error message="Unable to connect to Redis on 127.0.0.1:6379; nested exception is com.lambdaworks.redis.RedisConnectionException: Unable to connect to /127.0.0.1:6379" type="org.springframework.data.redis.RedisConnectionFailureException">org.springframework.data.redis.RedisConnectionFailureException: Unable to connect to Redis on 127.0.0.1:6379; nested exception is com.lambdaworks.redis.RedisConnectionException: Unable to connect to /127.0.0.1:6379
Caused by: com.lambdaworks.redis.RedisConnectionException: Unable to connect to /127.0.0.1:6379
Caused by: java.net.ConnectException: Conexão recusada: /127.0.0.1:6379
</error>
  </testcase>
  <testcase name="testSet[25]" classname="org.springframework.data.redis.support.collections.RedisListTests" time="0.001">
    <error message="Unable to connect to Redis on 127.0.0.1:6379; nested exception is com.lambdaworks.redis.RedisConnectionException: Unable to connect to /127.0.0.1:6379" type="org.springframework.data.redis.RedisConnectionFailureException">org.springframework.data.redis.RedisConnectionFailureException: Unable to connect to Redis on 127.0.0.1:6379; nested exception is com.lambdaworks.redis.RedisConnectionException: Unable to connect to /127.0.0.1:6379
Caused by: com.lambdaworks.redis.RedisConnectionException: Unable to connect to /127.0.0.1:6379
Caused by: java.net.ConnectException: Conexão recusada: /127.0.0.1:6379
</error>
  </testcase>
  <testcase name="testSet[25]" classname="org.springframework.data.redis.support.collections.RedisListTests" time="0.001">
    <error message="Unable to connect to Redis on 127.0.0.1:6379; nested exception is com.lambdaworks.redis.RedisConnectionException: Unable to connect to /127.0.0.1:6379" type="org.springframework.data.redis.RedisConnectionFailureException">org.springframework.data.redis.RedisConnectionFailureException: Unable to connect to Redis on 127.0.0.1:6379; nested exception is com.lambdaworks.redis.RedisConnectionException: Unable to connect to /127.0.0.1:6379
Caused by: com.lambdaworks.redis.RedisConnectionException: Unable to connect to /127.0.0.1:6379
Caused by: java.net.ConnectException: Conexão recusada: /127.0.0.1:6379
</error>
  </testcase>
  <testcase name="testOffer[25]" classname="org.springframework.data.redis.support.collections.RedisListTests" time="0.001">
    <error message="Unable to connect to Redis on 127.0.0.1:6379; nested exception is com.lambdaworks.redis.RedisConnectionException: Unable to connect to /127.0.0.1:6379" type="org.springframework.data.redis.RedisConnectionFailureException">org.springframework.data.redis.RedisConnectionFailureException: Unable to connect to Redis on 127.0.0.1:6379; nested exception is com.lambdaworks.redis.RedisConnectionException: Unable to connect to /127.0.0.1:6379
Caused by: com.lambdaworks.redis.RedisConnectionException: Unable to connect to /127.0.0.1:6379
Caused by: java.net.ConnectException: Conexão recusada: /127.0.0.1:6379
</error>
  </testcase>
  <testcase name="testOffer[25]" classname="org.springframework.data.redis.support.collections.RedisListTests" time="0.002">
    <error message="Unable to connect to Redis on 127.0.0.1:6379; nested exception is com.lambdaworks.redis.RedisConnectionException: Unable to connect to /127.0.0.1:6379" type="org.springframework.data.redis.RedisConnectionFailureException">org.springframework.data.redis.RedisConnectionFailureException: Unable to connect to Redis on 127.0.0.1:6379; nested exception is com.lambdaworks.redis.RedisConnectionException: Unable to connect to /127.0.0.1:6379
Caused by: com.lambdaworks.redis.RedisConnectionException: Unable to connect to /127.0.0.1:6379
Caused by: java.net.ConnectException: Conexão recusada: /127.0.0.1:6379
</error>
  </testcase>
  <testcase name="testRange[25]" classname="org.springframework.data.redis.support.collections.RedisListTests" time="0">
    <error message="Unable to connect to Redis on 127.0.0.1:6379; nested exception is com.lambdaworks.redis.RedisConnectionException: Unable to connect to /127.0.0.1:6379" type="org.springframework.data.redis.RedisConnectionFailureException">org.springframework.data.redis.RedisConnectionFailureException: Unable to connect to Redis on 127.0.0.1:6379; nested exception is com.lambdaworks.redis.RedisConnectionException: Unable to connect to /127.0.0.1:6379
Caused by: com.lambdaworks.redis.RedisConnectionException: Unable to connect to /127.0.0.1:6379
Caused by: java.net.ConnectException: Conexão recusada: /127.0.0.1:6379
</error>
  </testcase>
  <testcase name="testRange[25]" classname="org.springframework.data.redis.support.collections.RedisListTests" time="0.001">
    <error message="Unable to connect to Redis on 127.0.0.1:6379; nested exception is com.lambdaworks.redis.RedisConnectionException: Unable to connect to /127.0.0.1:6379" type="org.springframework.data.redis.RedisConnectionFailureException">org.springframework.data.redis.RedisConnectionFailureException: Unable to connect to Redis on 127.0.0.1:6379; nested exception is com.lambdaworks.redis.RedisConnectionException: Unable to connect to /127.0.0.1:6379
Caused by: com.lambdaworks.redis.RedisConnectionException: Unable to connect to /127.0.0.1:6379
Caused by: java.net.ConnectException: Conexão recusada: /127.0.0.1:6379
</error>
  </testcase>
  <testcase name="testLast[25]" classname="org.springframework.data.redis.support.collections.RedisListTests" time="0">
    <error message="Unable to connect to Redis on 127.0.0.1:6379; nested exception is com.lambdaworks.redis.RedisConnectionException: Unable to connect to /127.0.0.1:6379" type="org.springframework.data.redis.RedisConnectionFailureException">org.springframework.data.redis.RedisConnectionFailureException: Unable to connect to Redis on 127.0.0.1:6379; nested exception is com.lambdaworks.redis.RedisConnectionException: Unable to connect to /127.0.0.1:6379
Caused by: com.lambdaworks.redis.RedisConnectionException: Unable to connect to /127.0.0.1:6379
Caused by: java.net.ConnectException: Conexão recusada: /127.0.0.1:6379
</error>
  </testcase>
  <testcase name="testLast[25]" classname="org.springframework.data.redis.support.collections.RedisListTests" time="0.001">
    <error message="Unable to connect to Redis on 127.0.0.1:6379; nested exception is com.lambdaworks.redis.RedisConnectionException: Unable to connect to /127.0.0.1:6379" type="org.springframework.data.redis.RedisConnectionFailureException">org.springframework.data.redis.RedisConnectionFailureException: Unable to connect to Redis on 127.0.0.1:6379; nested exception is com.lambdaworks.redis.RedisConnectionException: Unable to connect to /127.0.0.1:6379
Caused by: com.lambdaworks.redis.RedisConnectionException: Unable to connect to /127.0.0.1:6379
Caused by: java.net.ConnectException: Conexão recusada: /127.0.0.1:6379
</error>
  </testcase>
  <testcase name="testPeek[25]" classname="org.springframework.data.redis.support.collections.RedisListTests" time="0">
    <error message="Unable to connect to Redis on 127.0.0.1:6379; nested exception is com.lambdaworks.redis.RedisConnectionException: Unable to connect to /127.0.0.1:6379" type="org.springframework.data.redis.RedisConnectionFailureException">org.springframework.data.redis.RedisConnectionFailureException: Unable to connect to Redis on 127.0.0.1:6379; nested exception is com.lambdaworks.redis.RedisConnectionException: Unable to connect to /127.0.0.1:6379
Caused by: com.lambdaworks.redis.RedisConnectionException: Unable to connect to /127.0.0.1:6379
Caused by: java.net.ConnectException: Conexão recusada: /127.0.0.1:6379
</error>
  </testcase>
  <testcase name="testPeek[25]" classname="org.springframework.data.redis.support.collections.RedisListTests" time="0">
    <error message="Unable to connect to Redis on 127.0.0.1:6379; nested exception is com.lambdaworks.redis.RedisConnectionException: Unable to connect to /127.0.0.1:6379" type="org.springframework.data.redis.RedisConnectionFailureException">org.springframework.data.redis.RedisConnectionFailureException: Unable to connect to Redis on 127.0.0.1:6379; nested exception is com.lambdaworks.redis.RedisConnectionException: Unable to connect to /127.0.0.1:6379
Caused by: com.lambdaworks.redis.RedisConnectionException: Unable to connect to /127.0.0.1:6379
Caused by: java.net.ConnectException: Conexão recusada: /127.0.0.1:6379
</error>
  </testcase>
  <testcase name="testPoll[25]" classname="org.springframework.data.redis.support.collections.RedisListTests" time="0.001">
    <error message="Unable to connect to Redis on 127.0.0.1:6379; nested exception is com.lambdaworks.redis.RedisConnectionException: Unable to connect to /127.0.0.1:6379" type="org.springframework.data.redis.RedisConnectionFailureException">org.springframework.data.redis.RedisConnectionFailureException: Unable to connect to Redis on 127.0.0.1:6379; nested exception is com.lambdaworks.redis.RedisConnectionException: Unable to connect to /127.0.0.1:6379
Caused by: com.lambdaworks.redis.RedisConnectionException: Unable to connect to /127.0.0.1:6379
Caused by: java.net.ConnectException: Conexão recusada: /127.0.0.1:6379
</error>
  </testcase>
  <testcase name="testPoll[25]" classname="org.springframework.data.redis.support.collections.RedisListTests" time="0.001">
    <error message="Unable to connect to Redis on 127.0.0.1:6379; nested exception is com.lambdaworks.redis.RedisConnectionException: Unable to connect to /127.0.0.1:6379" type="org.springframework.data.redis.RedisConnectionFailureException">org.springframework.data.redis.RedisConnectionFailureException: Unable to connect to Redis on 127.0.0.1:6379; nested exception is com.lambdaworks.redis.RedisConnectionException: Unable to connect to /127.0.0.1:6379
Caused by: com.lambdaworks.redis.RedisConnectionException: Unable to connect to /127.0.0.1:6379
Caused by: java.net.ConnectException: Conexão recusada: /127.0.0.1:6379
</error>
  </testcase>
  <testcase name="testTake[25]" classname="org.springframework.data.redis.support.collections.RedisListTests" time="0.002">
    <error message="Unable to connect to Redis on 127.0.0.1:6379; nested exception is com.lambdaworks.redis.RedisConnectionException: Unable to connect to /127.0.0.1:6379" type="org.springframework.data.redis.RedisConnectionFailureException">org.springframework.data.redis.RedisConnectionFailureException: Unable to connect to Redis on 127.0.0.1:6379; nested exception is com.lambdaworks.redis.RedisConnectionException: Unable to connect to /127.0.0.1:6379
Caused by: com.lambdaworks.redis.RedisConnectionException: Unable to connect to /127.0.0.1:6379
Caused by: java.net.ConnectException: Conexão recusada: /127.0.0.1:6379
</error>
  </testcase>
  <testcase name="testTake[25]" classname="org.springframework.data.redis.support.collections.RedisListTests" time="0.002">
    <error message="Unable to connect to Redis on 127.0.0.1:6379; nested exception is com.lambdaworks.redis.RedisConnectionException: Unable to connect to /127.0.0.1:6379" type="org.springframework.data.redis.RedisConnectionFailureException">org.springframework.data.redis.RedisConnectionFailureException: Unable to connect to Redis on 127.0.0.1:6379; nested exception is com.lambdaworks.redis.RedisConnectionException: Unable to connect to /127.0.0.1:6379
Caused by: com.lambdaworks.redis.RedisConnectionException: Unable to connect to /127.0.0.1:6379
Caused by: java.net.ConnectException: Conexão recusada: /127.0.0.1:6379
</error>
  </testcase>
  <testcase name="testTrim[25]" classname="org.springframework.data.redis.support.collections.RedisListTests" time="0.002">
    <error message="Unable to connect to Redis on 127.0.0.1:6379; nested exception is com.lambdaworks.redis.RedisConnectionException: Unable to connect to /127.0.0.1:6379" type="org.springframework.data.redis.RedisConnectionFailureException">org.springframework.data.redis.RedisConnectionFailureException: Unable to connect to Redis on 127.0.0.1:6379; nested exception is com.lambdaworks.redis.RedisConnectionException: Unable to connect to /127.0.0.1:6379
Caused by: com.lambdaworks.redis.RedisConnectionException: Unable to connect to /127.0.0.1:6379
Caused by: java.net.ConnectException: Conexão recusada: /127.0.0.1:6379
</error>
  </testcase>
  <testcase name="testTrim[25]" classname="org.springframework.data.redis.support.collections.RedisListTests" time="0.002">
    <error message="Unable to connect to Redis on 127.0.0.1:6379; nested exception is com.lambdaworks.redis.RedisConnectionException: Unable to connect to /127.0.0.1:6379" type="org.springframework.data.redis.RedisConnectionFailureException">org.springframework.data.redis.RedisConnectionFailureException: Unable to connect to Redis on 127.0.0.1:6379; nested exception is com.lambdaworks.redis.RedisConnectionException: Unable to connect to /127.0.0.1:6379
Caused by: com.lambdaworks.redis.RedisConnectionException: Unable to connect to /127.0.0.1:6379
Caused by: java.net.ConnectException: Conexão recusada: /127.0.0.1:6379
</error>
  </testcase>
  <testcase name="testDrainToCollection[25]" classname="org.springframework.data.redis.support.collections.RedisListTests" time="0.009">
    <error message="Unable to connect to Redis on 127.0.0.1:6379; nested exception is com.lambdaworks.redis.RedisConnectionException: Unable to connect to /127.0.0.1:6379" type="org.springframework.data.redis.RedisConnectionFailureException">org.springframework.data.redis.RedisConnectionFailureException: Unable to connect to Redis on 127.0.0.1:6379; nested exception is com.lambdaworks.redis.RedisConnectionException: Unable to connect to /127.0.0.1:6379
Caused by: com.lambdaworks.redis.RedisConnectionException: Unable to connect to /127.0.0.1:6379
Caused by: java.net.ConnectException: Conexão recusada: /127.0.0.1:6379
</error>
  </testcase>
  <testcase name="testDrainToCollection[25]" classname="org.springframework.data.redis.support.collections.RedisListTests" time="0.009">
    <error message="Unable to connect to Redis on 127.0.0.1:6379; nested exception is com.lambdaworks.redis.RedisConnectionException: Unable to connect to /127.0.0.1:6379" type="org.springframework.data.redis.RedisConnectionFailureException">org.springframework.data.redis.RedisConnectionFailureException: Unable to connect to Redis on 127.0.0.1:6379; nested exception is com.lambdaworks.redis.RedisConnectionException: Unable to connect to /127.0.0.1:6379
Caused by: com.lambdaworks.redis.RedisConnectionException: Unable to connect to /127.0.0.1:6379
Caused by: java.net.ConnectException: Conexão recusada: /127.0.0.1:6379
</error>
  </testcase>
  <testcase name="testRemoveFirst[25]" classname="org.springframework.data.redis.support.collections.RedisListTests" time="0">
    <error message="Unable to connect to Redis on 127.0.0.1:6379; nested exception is com.lambdaworks.redis.RedisConnectionException: Unable to connect to /127.0.0.1:6379" type="org.springframework.data.redis.RedisConnectionFailureException">org.springframework.data.redis.RedisConnectionFailureException: Unable to connect to Redis on 127.0.0.1:6379; nested exception is com.lambdaworks.redis.RedisConnectionException: Unable to connect to /127.0.0.1:6379
Caused by: com.lambdaworks.redis.RedisConnectionException: Unable to connect to /127.0.0.1:6379
Caused by: java.net.ConnectException: Conexão recusada: /127.0.0.1:6379
</error>
  </testcase>
  <testcase name="testRemoveFirst[25]" classname="org.springframework.data.redis.support.collections.RedisListTests" time="0">
    <error message="Unable to connect to Redis on 127.0.0.1:6379; nested exception is com.lambdaworks.redis.RedisConnectionException: Unable to connect to /127.0.0.1:6379" type="org.springframework.data.redis.RedisConnectionFailureException">org.springframework.data.redis.RedisConnectionFailureException: Unable to connect to Redis on 127.0.0.1:6379; nested exception is com.lambdaworks.redis.RedisConnectionException: Unable to connect to /127.0.0.1:6379
Caused by: com.lambdaworks.redis.RedisConnectionException: Unable to connect to /127.0.0.1:6379
Caused by: java.net.ConnectException: Conexão recusada: /127.0.0.1:6379
</error>
  </testcase>
  <testcase name="testRemoveIndex[25]" classname="org.springframework.data.redis.support.collections.RedisListTests" time="0">
    <error message="Unable to connect to Redis on 127.0.0.1:6379; nested exception is com.lambdaworks.redis.RedisConnectionException: Unable to connect to /127.0.0.1:6379" type="org.springframework.data.redis.RedisConnectionFailureException">org.springframework.data.redis.RedisConnectionFailureException: Unable to connect to Redis on 127.0.0.1:6379; nested exception is com.lambdaworks.redis.RedisConnectionException: Unable to connect to /127.0.0.1:6379
Caused by: com.lambdaworks.redis.RedisConnectionException: Unable to connect to /127.0.0.1:6379
Caused by: java.net.ConnectException: Conexão recusada: /127.0.0.1:6379
</error>
  </testcase>
  <testcase name="testPutLast[25]" classname="org.springframework.data.redis.support.collections.RedisListTests" time="0">
    <error message="Unable to connect to Redis on 127.0.0.1:6379; nested exception is com.lambdaworks.redis.RedisConnectionException: Unable to connect to /127.0.0.1:6379" type="org.springframework.data.redis.RedisConnectionFailureException">org.springframework.data.redis.RedisConnectionFailureException: Unable to connect to Redis on 127.0.0.1:6379; nested exception is com.lambdaworks.redis.RedisConnectionException: Unable to connect to /127.0.0.1:6379
Caused by: com.lambdaworks.redis.RedisConnectionException: Unable to connect to /127.0.0.1:6379
Caused by: java.net.ConnectException: Conexão recusada: /127.0.0.1:6379
</error>
  </testcase>
  <testcase name="testPutLast[25]" classname="org.springframework.data.redis.support.collections.RedisListTests" time="0">
    <error message="Unable to connect to Redis on 127.0.0.1:6379; nested exception is com.lambdaworks.redis.RedisConnectionException: Unable to connect to /127.0.0.1:6379" type="org.springframework.data.redis.RedisConnectionFailureException">org.springframework.data.redis.RedisConnectionFailureException: Unable to connect to Redis on 127.0.0.1:6379; nested exception is com.lambdaworks.redis.RedisConnectionException: Unable to connect to /127.0.0.1:6379
Caused by: com.lambdaworks.redis.RedisConnectionException: Unable to connect to /127.0.0.1:6379
Caused by: java.net.ConnectException: Conexão recusada: /127.0.0.1:6379
</error>
  </testcase>
  <testcase name="testOfferFirst[25]" classname="org.springframework.data.redis.support.collections.RedisListTests" time="0">
    <error message="Unable to connect to Redis on 127.0.0.1:6379; nested exception is com.lambdaworks.redis.RedisConnectionException: Unable to connect to /127.0.0.1:6379" type="org.springframework.data.redis.RedisConnectionFailureException">org.springframework.data.redis.RedisConnectionFailureException: Unable to connect to Redis on 127.0.0.1:6379; nested exception is com.lambdaworks.redis.RedisConnectionException: Unable to connect to /127.0.0.1:6379
Caused by: com.lambdaworks.redis.RedisConnectionException: Unable to connect to /127.0.0.1:6379
Caused by: java.net.ConnectException: Conexão recusada: /127.0.0.1:6379
</error>
  </testcase>
  <testcase name="testOfferFirst[25]" classname="org.springframework.data.redis.support.collections.RedisListTests" time="0">
    <error message="Unable to connect to Redis on 127.0.0.1:6379; nested exception is com.lambdaworks.redis.RedisConnectionException: Unable to connect to /127.0.0.1:6379" type="org.springframework.data.redis.RedisConnectionFailureException">org.springframework.data.redis.RedisConnectionFailureException: Unable to connect to Redis on 127.0.0.1:6379; nested exception is com.lambdaworks.redis.RedisConnectionException: Unable to connect to /127.0.0.1:6379
Caused by: com.lambdaworks.redis.RedisConnectionException: Unable to connect to /127.0.0.1:6379
Caused by: java.net.ConnectException: Conexão recusada: /127.0.0.1:6379
</error>
  </testcase>
  <testcase name="testDescendingIterator[25]" classname="org.springframework.data.redis.support.collections.RedisListTests" time="0.004">
    <error message="Unable to connect to Redis on 127.0.0.1:6379; nested exception is com.lambdaworks.redis.RedisConnectionException: Unable to connect to /127.0.0.1:6379" type="org.springframework.data.redis.RedisConnectionFailureException">org.springframework.data.redis.RedisConnectionFailureException: Unable to connect to Redis on 127.0.0.1:6379; nested exception is com.lambdaworks.redis.RedisConnectionException: Unable to connect to /127.0.0.1:6379
Caused by: com.lambdaworks.redis.RedisConnectionException: Unable to connect to /127.0.0.1:6379
Caused by: java.net.ConnectException: Conexão recusada: /127.0.0.1:6379
</error>
  </testcase>
  <testcase name="testDescendingIterator[25]" classname="org.springframework.data.redis.support.collections.RedisListTests" time="0.004">
    <error message="Unable to connect to Redis on 127.0.0.1:6379; nested exception is com.lambdaworks.redis.RedisConnectionException: Unable to connect to /127.0.0.1:6379" type="org.springframework.data.redis.RedisConnectionFailureException">org.springframework.data.redis.RedisConnectionFailureException: Unable to connect to Redis on 127.0.0.1:6379; nested exception is com.lambdaworks.redis.RedisConnectionException: Unable to connect to /127.0.0.1:6379
Caused by: com.lambdaworks.redis.RedisConnectionException: Unable to connect to /127.0.0.1:6379
Caused by: java.net.ConnectException: Conexão recusada: /127.0.0.1:6379
</error>
  </testcase>
  <testcase name="testAddFirst[25]" classname="org.springframework.data.redis.support.collections.RedisListTests" time="0.004">
    <error message="Unable to connect to Redis on 127.0.0.1:6379; nested exception is com.lambdaworks.redis.RedisConnectionException: Unable to connect to /127.0.0.1:6379" type="org.springframework.data.redis.RedisConnectionFailureException">org.springframework.data.redis.RedisConnectionFailureException: Unable to connect to Redis on 127.0.0.1:6379; nested exception is com.lambdaworks.redis.RedisConnectionException: Unable to connect to /127.0.0.1:6379
Caused by: com.lambdaworks.redis.RedisConnectionException: Unable to connect to /127.0.0.1:6379
Caused by: java.net.ConnectException: Conexão recusada: /127.0.0.1:6379
</error>
  </testcase>
  <testcase name="testAddFirst[25]" classname="org.springframework.data.redis.support.collections.RedisListTests" time="0.004">
    <error message="Unable to connect to Redis on 127.0.0.1:6379; nested exception is com.lambdaworks.redis.RedisConnectionException: Unable to connect to /127.0.0.1:6379" type="org.springframework.data.redis.RedisConnectionFailureException">org.springframework.data.redis.RedisConnectionFailureException: Unable to connect to Redis on 127.0.0.1:6379; nested exception is com.lambdaworks.redis.RedisConnectionException: Unable to connect to /127.0.0.1:6379
Caused by: com.lambdaworks.redis.RedisConnectionException: Unable to connect to /127.0.0.1:6379
Caused by: java.net.ConnectException: Conexão recusada: /127.0.0.1:6379
</error>
  </testcase>
  <testcase name="testDrainToCollectionWithMaxElements[25]" classname="org.springframework.data.redis.support.collections.RedisListTests" time="0">
    <error message="Unable to connect to Redis on 127.0.0.1:6379; nested exception is com.lambdaworks.redis.RedisConnectionException: Unable to connect to /127.0.0.1:6379" type="org.springframework.data.redis.RedisConnectionFailureException">org.springframework.data.redis.RedisConnectionFailureException: Unable to connect to Redis on 127.0.0.1:6379; nested exception is com.lambdaworks.redis.RedisConnectionException: Unable to connect to /127.0.0.1:6379
Caused by: com.lambdaworks.redis.RedisConnectionException: Unable to connect to /127.0.0.1:6379
Caused by: java.net.ConnectException: Conexão recusada: /127.0.0.1:6379
</error>
  </testcase>
  <testcase name="testDrainToCollectionWithMaxElements[25]" classname="org.springframework.data.redis.support.collections.RedisListTests" time="0">
    <error message="Unable to connect to Redis on 127.0.0.1:6379; nested exception is com.lambdaworks.redis.RedisConnectionException: Unable to connect to /127.0.0.1:6379" type="org.springframework.data.redis.RedisConnectionFailureException">org.springframework.data.redis.RedisConnectionFailureException: Unable to connect to Redis on 127.0.0.1:6379; nested exception is com.lambdaworks.redis.RedisConnectionException: Unable to connect to /127.0.0.1:6379
Caused by: com.lambdaworks.redis.RedisConnectionException: Unable to connect to /127.0.0.1:6379
Caused by: java.net.ConnectException: Conexão recusada: /127.0.0.1:6379
</error>
  </testcase>
  <testcase name="testTakeLast[25]" classname="org.springframework.data.redis.support.collections.RedisListTests" time="0.001">
    <error message="Unable to connect to Redis on 127.0.0.1:6379; nested exception is com.lambdaworks.redis.RedisConnectionException: Unable to connect to /127.0.0.1:6379" type="org.springframework.data.redis.RedisConnectionFailureException">org.springframework.data.redis.RedisConnectionFailureException: Unable to connect to Redis on 127.0.0.1:6379; nested exception is com.lambdaworks.redis.RedisConnectionException: Unable to connect to /127.0.0.1:6379
Caused by: com.lambdaworks.redis.RedisConnectionException: Unable to connect to /127.0.0.1:6379
Caused by: java.net.ConnectException: Conexão recusada: /127.0.0.1:6379
</error>
  </testcase>
  <testcase name="testTakeLast[25]" classname="org.springframework.data.redis.support.collections.RedisListTests" time="0.001">
    <error message="Unable to connect to Redis on 127.0.0.1:6379; nested exception is com.lambdaworks.redis.RedisConnectionException: Unable to connect to /127.0.0.1:6379" type="org.springframework.data.redis.RedisConnectionFailureException">org.springframework.data.redis.RedisConnectionFailureException: Unable to connect to Redis on 127.0.0.1:6379; nested exception is com.lambdaworks.redis.RedisConnectionException: Unable to connect to /127.0.0.1:6379
Caused by: com.lambdaworks.redis.RedisConnectionException: Unable to connect to /127.0.0.1:6379
Caused by: java.net.ConnectException: Conexão recusada: /127.0.0.1:6379
</error>
  </testcase>
  <testcase name="testRemainingCapacity[25]" classname="org.springframework.data.redis.support.collections.RedisListTests" time="0.002">
    <error message="Unable to connect to Redis on 127.0.0.1:6379; nested exception is com.lambdaworks.redis.RedisConnectionException: Unable to connect to /127.0.0.1:6379" type="org.springframework.data.redis.RedisConnectionFailureException">org.springframework.data.redis.RedisConnectionFailureException: Unable to connect to Redis on 127.0.0.1:6379; nested exception is com.lambdaworks.redis.RedisConnectionException: Unable to connect to /127.0.0.1:6379
Caused by: com.lambdaworks.redis.RedisConnectionException: Unable to connect to /127.0.0.1:6379
Caused by: java.net.ConnectException: Conexão recusada: /127.0.0.1:6379
</error>
  </testcase>
  <testcase name="testRemoveLast[25]" classname="org.springframework.data.redis.support.collections.RedisListTests" time="0.002">
    <error message="Unable to connect to Redis on 127.0.0.1:6379; nested exception is com.lambdaworks.redis.RedisConnectionException: Unable to connect to /127.0.0.1:6379" type="org.springframework.data.redis.RedisConnectionFailureException">org.springframework.data.redis.RedisConnectionFailureException: Unable to connect to Redis on 127.0.0.1:6379; nested exception is com.lambdaworks.redis.RedisConnectionException: Unable to connect to /127.0.0.1:6379
Caused by: com.lambdaworks.redis.RedisConnectionException: Unable to connect to /127.0.0.1:6379
Caused by: java.net.ConnectException: Conexão recusada: /127.0.0.1:6379
</error>
  </testcase>
  <testcase name="testRemoveLast[25]" classname="org.springframework.data.redis.support.collections.RedisListTests" time="0.002">
    <error message="Unable to connect to Redis on 127.0.0.1:6379; nested exception is com.lambdaworks.redis.RedisConnectionException: Unable to connect to /127.0.0.1:6379" type="org.springframework.data.redis.RedisConnectionFailureException">org.springframework.data.redis.RedisConnectionFailureException: Unable to connect to Redis on 127.0.0.1:6379; nested exception is com.lambdaworks.redis.RedisConnectionException: Unable to connect to /127.0.0.1:6379
Caused by: com.lambdaworks.redis.RedisConnectionException: Unable to connect to /127.0.0.1:6379
Caused by: java.net.ConnectException: Conexão recusada: /127.0.0.1:6379
</error>
  </testcase>
  <testcase name="testAddIndexObjectHead[25]" classname="org.springframework.data.redis.support.collections.RedisListTests" time="0.001">
    <error message="Unable to connect to Redis on 127.0.0.1:6379; nested exception is com.lambdaworks.redis.RedisConnectionException: Unable to connect to /127.0.0.1:6379" type="org.springframework.data.redis.RedisConnectionFailureException">org.springframework.data.redis.RedisConnectionFailureException: Unable to connect to Redis on 127.0.0.1:6379; nested exception is com.lambdaworks.redis.RedisConnectionException: Unable to connect to /127.0.0.1:6379
Caused by: com.lambdaworks.redis.RedisConnectionException: Unable to connect to /127.0.0.1:6379
Caused by: java.net.ConnectException: Conexão recusada: /127.0.0.1:6379
</error>
  </testcase>
  <testcase name="testAddIndexObjectHead[25]" classname="org.springframework.data.redis.support.collections.RedisListTests" time="0.007">
    <error message="Unable to connect to Redis on 127.0.0.1:6379; nested exception is com.lambdaworks.redis.RedisConnectionException: Unable to connect to /127.0.0.1:6379" type="org.springframework.data.redis.RedisConnectionFailureException">org.springframework.data.redis.RedisConnectionFailureException: Unable to connect to Redis on 127.0.0.1:6379; nested exception is com.lambdaworks.redis.RedisConnectionException: Unable to connect to /127.0.0.1:6379
Caused by: com.lambdaworks.redis.RedisConnectionException: Unable to connect to /127.0.0.1:6379
Caused by: java.net.ConnectException: Conexão recusada: /127.0.0.1:6379
</error>
  </testcase>
  <testcase name="testAddIndexObjectTail[25]" classname="org.springframework.data.redis.support.collections.RedisListTests" time="0.008">
    <error message="Unable to connect to Redis on 127.0.0.1:6379; nested exception is com.lambdaworks.redis.RedisConnectionException: Unable to connect to /127.0.0.1:6379" type="org.springframework.data.redis.RedisConnectionFailureException">org.springframework.data.redis.RedisConnectionFailureException: Unable to connect to Redis on 127.0.0.1:6379; nested exception is com.lambdaworks.redis.RedisConnectionException: Unable to connect to /127.0.0.1:6379
Caused by: com.lambdaworks.redis.RedisConnectionException: Unable to connect to /127.0.0.1:6379
Caused by: java.net.ConnectException: Conexão recusada: /127.0.0.1:6379
</error>
  </testcase>
  <testcase name="testAddIndexObjectTail[25]" classname="org.springframework.data.redis.support.collections.RedisListTests" time="0.008">
    <error message="Unable to connect to Redis on 127.0.0.1:6379; nested exception is com.lambdaworks.redis.RedisConnectionException: Unable to connect to /127.0.0.1:6379" type="org.springframework.data.redis.RedisConnectionFailureException">org.springframework.data.redis.RedisConnectionFailureException: Unable to connect to Redis on 127.0.0.1:6379; nested exception is com.lambdaworks.redis.RedisConnectionException: Unable to connect to /127.0.0.1:6379
Caused by: com.lambdaworks.redis.RedisConnectionException: Unable to connect to /127.0.0.1:6379
Caused by: java.net.ConnectException: Conexão recusada: /127.0.0.1:6379
</error>
  </testcase>
  <testcase name="testPollFirst[25]" classname="org.springframework.data.redis.support.collections.RedisListTests" time="0.012">
    <error message="Unable to connect to Redis on 127.0.0.1:6379; nested exception is com.lambdaworks.redis.RedisConnectionException: Unable to connect to /127.0.0.1:6379" type="org.springframework.data.redis.RedisConnectionFailureException">org.springframework.data.redis.RedisConnectionFailureException: Unable to connect to Redis on 127.0.0.1:6379; nested exception is com.lambdaworks.redis.RedisConnectionException: Unable to connect to /127.0.0.1:6379
Caused by: com.lambdaworks.redis.RedisConnectionException: Unable to connect to /127.0.0.1:6379
Caused by: java.net.ConnectException: Conexão recusada: /127.0.0.1:6379
</error>
  </testcase>
  <testcase name="testPollFirst[25]" classname="org.springframework.data.redis.support.collections.RedisListTests" time="0.012">
    <error message="Unable to connect to Redis on 127.0.0.1:6379; nested exception is com.lambdaworks.redis.RedisConnectionException: Unable to connect to /127.0.0.1:6379" type="org.springframework.data.redis.RedisConnectionFailureException">org.springframework.data.redis.RedisConnectionFailureException: Unable to connect to Redis on 127.0.0.1:6379; nested exception is com.lambdaworks.redis.RedisConnectionException: Unable to connect to /127.0.0.1:6379
Caused by: com.lambdaworks.redis.RedisConnectionException: Unable to connect to /127.0.0.1:6379
Caused by: java.net.ConnectException: Conexão recusada: /127.0.0.1:6379
</error>
  </testcase>
  <testcase name="testAddIndexObjectMiddle[25]" classname="org.springframework.data.redis.support.collections.RedisListTests" time="0.012">
    <error message="Unexpected exception, expected&lt;java.lang.IllegalArgumentException&gt; but was&lt;org.springframework.data.redis.RedisConnectionFailureException&gt;" type="java.lang.Exception"><![CDATA[java.lang.Exception: Unexpected exception, expected<java.lang.IllegalArgumentException> but was<org.springframework.data.redis.RedisConnectionFailureException>
Caused by: org.springframework.data.redis.RedisConnectionFailureException: Unable to connect to Redis on 127.0.0.1:6379; nested exception is com.lambdaworks.redis.RedisConnectionException: Unable to connect to /127.0.0.1:6379
Caused by: com.lambdaworks.redis.RedisConnectionException: Unable to connect to /127.0.0.1:6379
Caused by: java.net.ConnectException: Conexão recusada: /127.0.0.1:6379
]]></error>
  </testcase>
  <testcase name="testAddIndexObjectMiddle[25]" classname="org.springframework.data.redis.support.collections.RedisListTests" time="0.012">
    <error message="Unable to connect to Redis on 127.0.0.1:6379; nested exception is com.lambdaworks.redis.RedisConnectionException: Unable to connect to /127.0.0.1:6379" type="org.springframework.data.redis.RedisConnectionFailureException">org.springframework.data.redis.RedisConnectionFailureException: Unable to connect to Redis on 127.0.0.1:6379; nested exception is com.lambdaworks.redis.RedisConnectionException: Unable to connect to /127.0.0.1:6379
Caused by: com.lambdaworks.redis.RedisConnectionException: Unable to connect to /127.0.0.1:6379
Caused by: java.net.ConnectException: Conexão recusada: /127.0.0.1:6379
</error>
  </testcase>
  <testcase name="testPeekLast[25]" classname="org.springframework.data.redis.support.collections.RedisListTests" time="0.006">
    <error message="Unable to connect to Redis on 127.0.0.1:6379; nested exception is com.lambdaworks.redis.RedisConnectionException: Unable to connect to /127.0.0.1:6379" type="org.springframework.data.redis.RedisConnectionFailureException">org.springframework.data.redis.RedisConnectionFailureException: Unable to connect to Redis on 127.0.0.1:6379; nested exception is com.lambdaworks.redis.RedisConnectionException: Unable to connect to /127.0.0.1:6379
Caused by: com.lambdaworks.redis.RedisConnectionException: Unable to connect to /127.0.0.1:6379
Caused by: java.net.ConnectException: Conexão recusada: /127.0.0.1:6379
</error>
  </testcase>
  <testcase name="testPeekLast[25]" classname="org.springframework.data.redis.support.collections.RedisListTests" time="0.006">
    <error message="Unable to connect to Redis on 127.0.0.1:6379; nested exception is com.lambdaworks.redis.RedisConnectionException: Unable to connect to /127.0.0.1:6379" type="org.springframework.data.redis.RedisConnectionFailureException">org.springframework.data.redis.RedisConnectionFailureException: Unable to connect to Redis on 127.0.0.1:6379; nested exception is com.lambdaworks.redis.RedisConnectionException: Unable to connect to /127.0.0.1:6379
Caused by: com.lambdaworks.redis.RedisConnectionException: Unable to connect to /127.0.0.1:6379
Caused by: java.net.ConnectException: Conexão recusada: /127.0.0.1:6379
</error>
  </testcase>
  <testcase name="testRemoveFirstOccurrence[25]" classname="org.springframework.data.redis.support.collections.RedisListTests" time="0.002">
    <error message="Unable to connect to Redis on 127.0.0.1:6379; nested exception is com.lambdaworks.redis.RedisConnectionException: Unable to connect to /127.0.0.1:6379" type="org.springframework.data.redis.RedisConnectionFailureException">org.springframework.data.redis.RedisConnectionFailureException: Unable to connect to Redis on 127.0.0.1:6379; nested exception is com.lambdaworks.redis.RedisConnectionException: Unable to connect to /127.0.0.1:6379
Caused by: com.lambdaworks.redis.RedisConnectionException: Unable to connect to /127.0.0.1:6379
Caused by: java.net.ConnectException: Conexão recusada: /127.0.0.1:6379
</error>
  </testcase>
  <testcase name="testRemoveFirstOccurrence[25]" classname="org.springframework.data.redis.support.collections.RedisListTests" time="0.002">
    <error message="Unable to connect to Redis on 127.0.0.1:6379; nested exception is com.lambdaworks.redis.RedisConnectionException: Unable to connect to /127.0.0.1:6379" type="org.springframework.data.redis.RedisConnectionFailureException">org.springframework.data.redis.RedisConnectionFailureException: Unable to connect to Redis on 127.0.0.1:6379; nested exception is com.lambdaworks.redis.RedisConnectionException: Unable to connect to /127.0.0.1:6379
Caused by: com.lambdaworks.redis.RedisConnectionException: Unable to connect to /127.0.0.1:6379
Caused by: java.net.ConnectException: Conexão recusada: /127.0.0.1:6379
</error>
  </testcase>
  <testcase name="addAllIndexCollectionHead[25]" classname="org.springframework.data.redis.support.collections.RedisListTests" time="0.005">
    <error message="Unable to connect to Redis on 127.0.0.1:6379; nested exception is com.lambdaworks.redis.RedisConnectionException: Unable to connect to /127.0.0.1:6379" type="org.springframework.data.redis.RedisConnectionFailureException">org.springframework.data.redis.RedisConnectionFailureException: Unable to connect to Redis on 127.0.0.1:6379; nested exception is com.lambdaworks.redis.RedisConnectionException: Unable to connect to /127.0.0.1:6379
Caused by: com.lambdaworks.redis.RedisConnectionException: Unable to connect to /127.0.0.1:6379
Caused by: java.net.ConnectException: Conexão recusada: /127.0.0.1:6379
</error>
  </testcase>
  <testcase name="addAllIndexCollectionHead[25]" classname="org.springframework.data.redis.support.collections.RedisListTests" time="0.005">
    <error message="Unable to connect to Redis on 127.0.0.1:6379; nested exception is com.lambdaworks.redis.RedisConnectionException: Unable to connect to /127.0.0.1:6379" type="org.springframework.data.redis.RedisConnectionFailureException">org.springframework.data.redis.RedisConnectionFailureException: Unable to connect to Redis on 127.0.0.1:6379; nested exception is com.lambdaworks.redis.RedisConnectionException: Unable to connect to /127.0.0.1:6379
Caused by: com.lambdaworks.redis.RedisConnectionException: Unable to connect to /127.0.0.1:6379
Caused by: java.net.ConnectException: Conexão recusada: /127.0.0.1:6379
</error>
  </testcase>
  <testcase name="addAllIndexCollectionTail[25]" classname="org.springframework.data.redis.support.collections.RedisListTests" time="0.007">
    <error message="Unable to connect to Redis on 127.0.0.1:6379; nested exception is com.lambdaworks.redis.RedisConnectionException: Unable to connect to /127.0.0.1:6379" type="org.springframework.data.redis.RedisConnectionFailureException">org.springframework.data.redis.RedisConnectionFailureException: Unable to connect to Redis on 127.0.0.1:6379; nested exception is com.lambdaworks.redis.RedisConnectionException: Unable to connect to /127.0.0.1:6379
Caused by: com.lambdaworks.redis.RedisConnectionException: Unable to connect to /127.0.0.1:6379
Caused by: java.net.ConnectException: Conexão recusada: /127.0.0.1:6379
</error>
  </testcase>
  <testcase name="addAllIndexCollectionTail[25]" classname="org.springframework.data.redis.support.collections.RedisListTests" time="0.007">
    <error message="Unable to connect to Redis on 127.0.0.1:6379; nested exception is com.lambdaworks.redis.RedisConnectionException: Unable to connect to /127.0.0.1:6379" type="org.springframework.data.redis.RedisConnectionFailureException">org.springframework.data.redis.RedisConnectionFailureException: Unable to connect to Redis on 127.0.0.1:6379; nested exception is com.lambdaworks.redis.RedisConnectionException: Unable to connect to /127.0.0.1:6379
Caused by: com.lambdaworks.redis.RedisConnectionException: Unable to connect to /127.0.0.1:6379
Caused by: java.net.ConnectException: Conexão recusada: /127.0.0.1:6379
</error>
  </testcase>
  <testcase name="addAllIndexCollectionMiddle[25]" classname="org.springframework.data.redis.support.collections.RedisListTests" time="0.002">
    <error message="Unexpected exception, expected&lt;java.lang.IllegalArgumentException&gt; but was&lt;org.springframework.data.redis.RedisConnectionFailureException&gt;" type="java.lang.Exception"><![CDATA[java.lang.Exception: Unexpected exception, expected<java.lang.IllegalArgumentException> but was<org.springframework.data.redis.RedisConnectionFailureException>
Caused by: org.springframework.data.redis.RedisConnectionFailureException: Unable to connect to Redis on 127.0.0.1:6379; nested exception is com.lambdaworks.redis.RedisConnectionException: Unable to connect to /127.0.0.1:6379
Caused by: com.lambdaworks.redis.RedisConnectionException: Unable to connect to /127.0.0.1:6379
Caused by: java.net.ConnectException: Conexão recusada: /127.0.0.1:6379
]]></error>
  </testcase>
  <testcase name="addAllIndexCollectionMiddle[25]" classname="org.springframework.data.redis.support.collections.RedisListTests" time="0.002">
    <error message="Unable to connect to Redis on 127.0.0.1:6379; nested exception is com.lambdaworks.redis.RedisConnectionException: Unable to connect to /127.0.0.1:6379" type="org.springframework.data.redis.RedisConnectionFailureException">org.springframework.data.redis.RedisConnectionFailureException: Unable to connect to Redis on 127.0.0.1:6379; nested exception is com.lambdaworks.redis.RedisConnectionException: Unable to connect to /127.0.0.1:6379
Caused by: com.lambdaworks.redis.RedisConnectionException: Unable to connect to /127.0.0.1:6379
Caused by: java.net.ConnectException: Conexão recusada: /127.0.0.1:6379
</error>
  </testcase>
  <testcase name="testPollLast[25]" classname="org.springframework.data.redis.support.collections.RedisListTests" time="0.005">
    <error message="Unable to connect to Redis on 127.0.0.1:6379; nested exception is com.lambdaworks.redis.RedisConnectionException: Unable to connect to /127.0.0.1:6379" type="org.springframework.data.redis.RedisConnectionFailureException">org.springframework.data.redis.RedisConnectionFailureException: Unable to connect to Redis on 127.0.0.1:6379; nested exception is com.lambdaworks.redis.RedisConnectionException: Unable to connect to /127.0.0.1:6379
Caused by: com.lambdaworks.redis.RedisConnectionException: Unable to connect to /127.0.0.1:6379
Caused by: java.net.ConnectException: Conexão recusada: /127.0.0.1:6379
</error>
  </testcase>
  <testcase name="testPollLast[25]" classname="org.springframework.data.redis.support.collections.RedisListTests" time="0.005">
    <error message="Unable to connect to Redis on 127.0.0.1:6379; nested exception is com.lambdaworks.redis.RedisConnectionException: Unable to connect to /127.0.0.1:6379" type="org.springframework.data.redis.RedisConnectionFailureException">org.springframework.data.redis.RedisConnectionFailureException: Unable to connect to Redis on 127.0.0.1:6379; nested exception is com.lambdaworks.redis.RedisConnectionException: Unable to connect to /127.0.0.1:6379
Caused by: com.lambdaworks.redis.RedisConnectionException: Unable to connect to /127.0.0.1:6379
Caused by: java.net.ConnectException: Conexão recusada: /127.0.0.1:6379
</error>
  </testcase>
  <testcase name="testIndexOfObject[25]" classname="org.springframework.data.redis.support.collections.RedisListTests" time="0">
    <error message="Unable to connect to Redis on 127.0.0.1:6379; nested exception is com.lambdaworks.redis.RedisConnectionException: Unable to connect to /127.0.0.1:6379" type="org.springframework.data.redis.RedisConnectionFailureException">org.springframework.data.redis.RedisConnectionFailureException: Unable to connect to Redis on 127.0.0.1:6379; nested exception is com.lambdaworks.redis.RedisConnectionException: Unable to connect to /127.0.0.1:6379
Caused by: com.lambdaworks.redis.RedisConnectionException: Unable to connect to /127.0.0.1:6379
Caused by: java.net.ConnectException: Conexão recusada: /127.0.0.1:6379
</error>
  </testcase>
  <testcase name="testPollTimeout[25]" classname="org.springframework.data.redis.support.collections.RedisListTests" time="0">
    <error message="Unable to connect to Redis on 127.0.0.1:6379; nested exception is com.lambdaworks.redis.RedisConnectionException: Unable to connect to /127.0.0.1:6379" type="org.springframework.data.redis.RedisConnectionFailureException">org.springframework.data.redis.RedisConnectionFailureException: Unable to connect to Redis on 127.0.0.1:6379; nested exception is com.lambdaworks.redis.RedisConnectionException: Unable to connect to /127.0.0.1:6379
Caused by: com.lambdaworks.redis.RedisConnectionException: Unable to connect to /127.0.0.1:6379
Caused by: java.net.ConnectException: Conexão recusada: /127.0.0.1:6379
</error>
  </testcase>
  <testcase name="testPollTimeout[25]" classname="org.springframework.data.redis.support.collections.RedisListTests" time="0">
    <error message="Unable to connect to Redis on 127.0.0.1:6379; nested exception is com.lambdaworks.redis.RedisConnectionException: Unable to connect to /127.0.0.1:6379" type="org.springframework.data.redis.RedisConnectionFailureException">org.springframework.data.redis.RedisConnectionFailureException: Unable to connect to Redis on 127.0.0.1:6379; nested exception is com.lambdaworks.redis.RedisConnectionException: Unable to connect to /127.0.0.1:6379
Caused by: com.lambdaworks.redis.RedisConnectionException: Unable to connect to /127.0.0.1:6379
Caused by: java.net.ConnectException: Conexão recusada: /127.0.0.1:6379
</error>
  </testcase>
  <testcase name="testRemove[25]" classname="org.springframework.data.redis.support.collections.RedisListTests" time="0.002">
    <error message="Unable to connect to Redis on 127.0.0.1:6379; nested exception is com.lambdaworks.redis.RedisConnectionException: Unable to connect to /127.0.0.1:6379" type="org.springframework.data.redis.RedisConnectionFailureException">org.springframework.data.redis.RedisConnectionFailureException: Unable to connect to Redis on 127.0.0.1:6379; nested exception is com.lambdaworks.redis.RedisConnectionException: Unable to connect to /127.0.0.1:6379
Caused by: com.lambdaworks.redis.RedisConnectionException: Unable to connect to /127.0.0.1:6379
Caused by: java.net.ConnectException: Conexão recusada: /127.0.0.1:6379
</error>
  </testcase>
  <testcase name="testRemove[25]" classname="org.springframework.data.redis.support.collections.RedisListTests" time="0.002">
    <error message="Unable to connect to Redis on 127.0.0.1:6379; nested exception is com.lambdaworks.redis.RedisConnectionException: Unable to connect to /127.0.0.1:6379" type="org.springframework.data.redis.RedisConnectionFailureException">org.springframework.data.redis.RedisConnectionFailureException: Unable to connect to Redis on 127.0.0.1:6379; nested exception is com.lambdaworks.redis.RedisConnectionException: Unable to connect to /127.0.0.1:6379
Caused by: com.lambdaworks.redis.RedisConnectionException: Unable to connect to /127.0.0.1:6379
Caused by: java.net.ConnectException: Conexão recusada: /127.0.0.1:6379
</error>
  </testcase>
  <testcase name="testCappedCollection[25]" classname="org.springframework.data.redis.support.collections.RedisListTests" time="0.002">
    <error message="Unable to connect to Redis on 127.0.0.1:6379; nested exception is com.lambdaworks.redis.RedisConnectionException: Unable to connect to /127.0.0.1:6379" type="org.springframework.data.redis.RedisConnectionFailureException">org.springframework.data.redis.RedisConnectionFailureException: Unable to connect to Redis on 127.0.0.1:6379; nested exception is com.lambdaworks.redis.RedisConnectionException: Unable to connect to /127.0.0.1:6379
Caused by: com.lambdaworks.redis.RedisConnectionException: Unable to connect to /127.0.0.1:6379
Caused by: java.net.ConnectException: Conexão recusada: /127.0.0.1:6379
</error>
  </testcase>
  <testcase name="testCappedCollection[25]" classname="org.springframework.data.redis.support.collections.RedisListTests" time="0.002">
    <error message="Unable to connect to Redis on 127.0.0.1:6379; nested exception is com.lambdaworks.redis.RedisConnectionException: Unable to connect to /127.0.0.1:6379" type="org.springframework.data.redis.RedisConnectionFailureException">org.springframework.data.redis.RedisConnectionFailureException: Unable to connect to Redis on 127.0.0.1:6379; nested exception is com.lambdaworks.redis.RedisConnectionException: Unable to connect to /127.0.0.1:6379
Caused by: com.lambdaworks.redis.RedisConnectionException: Unable to connect to /127.0.0.1:6379
Caused by: java.net.ConnectException: Conexão recusada: /127.0.0.1:6379
</error>
  </testcase>
  <testcase name="testRmoveLastOccurrence[25]" classname="org.springframework.data.redis.support.collections.RedisListTests" time="0.002">
    <error message="Unable to connect to Redis on 127.0.0.1:6379; nested exception is com.lambdaworks.redis.RedisConnectionException: Unable to connect to /127.0.0.1:6379" type="org.springframework.data.redis.RedisConnectionFailureException">org.springframework.data.redis.RedisConnectionFailureException: Unable to connect to Redis on 127.0.0.1:6379; nested exception is com.lambdaworks.redis.RedisConnectionException: Unable to connect to /127.0.0.1:6379
Caused by: com.lambdaworks.redis.RedisConnectionException: Unable to connect to /127.0.0.1:6379
Caused by: java.net.ConnectException: Conexão recusada: /127.0.0.1:6379
</error>
  </testcase>
  <testcase name="testRmoveLastOccurrence[25]" classname="org.springframework.data.redis.support.collections.RedisListTests" time="0.002">
    <error message="Unable to connect to Redis on 127.0.0.1:6379; nested exception is com.lambdaworks.redis.RedisConnectionException: Unable to connect to /127.0.0.1:6379" type="org.springframework.data.redis.RedisConnectionFailureException">org.springframework.data.redis.RedisConnectionFailureException: Unable to connect to Redis on 127.0.0.1:6379; nested exception is com.lambdaworks.redis.RedisConnectionException: Unable to connect to /127.0.0.1:6379
Caused by: com.lambdaworks.redis.RedisConnectionException: Unable to connect to /127.0.0.1:6379
Caused by: java.net.ConnectException: Conexão recusada: /127.0.0.1:6379
</error>
  </testcase>
  <testcase name="testTakeFirst[25]" classname="org.springframework.data.redis.support.collections.RedisListTests" time="0.001">
    <error message="Unable to connect to Redis on 127.0.0.1:6379; nested exception is com.lambdaworks.redis.RedisConnectionException: Unable to connect to /127.0.0.1:6379" type="org.springframework.data.redis.RedisConnectionFailureException">org.springframework.data.redis.RedisConnectionFailureException: Unable to connect to Redis on 127.0.0.1:6379; nested exception is com.lambdaworks.redis.RedisConnectionException: Unable to connect to /127.0.0.1:6379
Caused by: com.lambdaworks.redis.RedisConnectionException: Unable to connect to /127.0.0.1:6379
Caused by: java.net.ConnectException: Conexão recusada: /127.0.0.1:6379
</error>
  </testcase>
  <testcase name="testTakeFirst[25]" classname="org.springframework.data.redis.support.collections.RedisListTests" time="0.002">
    <error message="Unable to connect to Redis on 127.0.0.1:6379; nested exception is com.lambdaworks.redis.RedisConnectionException: Unable to connect to /127.0.0.1:6379" type="org.springframework.data.redis.RedisConnectionFailureException">org.springframework.data.redis.RedisConnectionFailureException: Unable to connect to Redis on 127.0.0.1:6379; nested exception is com.lambdaworks.redis.RedisConnectionException: Unable to connect to /127.0.0.1:6379
Caused by: com.lambdaworks.redis.RedisConnectionException: Unable to connect to /127.0.0.1:6379
Caused by: java.net.ConnectException: Conexão recusada: /127.0.0.1:6379
</error>
  </testcase>
  <testcase name="testContainsObject[25]" classname="org.springframework.data.redis.support.collections.RedisListTests" time="0.001">
    <error message="Unable to connect to Redis on 127.0.0.1:6379; nested exception is com.lambdaworks.redis.RedisConnectionException: Unable to connect to /127.0.0.1:6379" type="org.springframework.data.redis.RedisConnectionFailureException">org.springframework.data.redis.RedisConnectionFailureException: Unable to connect to Redis on 127.0.0.1:6379; nested exception is com.lambdaworks.redis.RedisConnectionException: Unable to connect to /127.0.0.1:6379
Caused by: com.lambdaworks.redis.RedisConnectionException: Unable to connect to /127.0.0.1:6379
Caused by: java.net.ConnectException: Conexão recusada: /127.0.0.1:6379
</error>
  </testcase>
  <testcase name="testContainsObject[25]" classname="org.springframework.data.redis.support.collections.RedisListTests" time="0.001">
    <error message="Unable to connect to Redis on 127.0.0.1:6379; nested exception is com.lambdaworks.redis.RedisConnectionException: Unable to connect to /127.0.0.1:6379" type="org.springframework.data.redis.RedisConnectionFailureException">org.springframework.data.redis.RedisConnectionFailureException: Unable to connect to Redis on 127.0.0.1:6379; nested exception is com.lambdaworks.redis.RedisConnectionException: Unable to connect to /127.0.0.1:6379
Caused by: com.lambdaworks.redis.RedisConnectionException: Unable to connect to /127.0.0.1:6379
Caused by: java.net.ConnectException: Conexão recusada: /127.0.0.1:6379
</error>
  </testcase>
  <testcase name="testToArray[25]" classname="org.springframework.data.redis.support.collections.RedisListTests" time="0.002">
    <error message="Unable to connect to Redis on 127.0.0.1:6379; nested exception is com.lambdaworks.redis.RedisConnectionException: Unable to connect to /127.0.0.1:6379" type="org.springframework.data.redis.RedisConnectionFailureException">org.springframework.data.redis.RedisConnectionFailureException: Unable to connect to Redis on 127.0.0.1:6379; nested exception is com.lambdaworks.redis.RedisConnectionException: Unable to connect to /127.0.0.1:6379
Caused by: com.lambdaworks.redis.RedisConnectionException: Unable to connect to /127.0.0.1:6379
Caused by: java.net.ConnectException: Conexão recusada: /127.0.0.1:6379
</error>
  </testcase>
  <testcase name="testToArray[25]" classname="org.springframework.data.redis.support.collections.RedisListTests" time="0.002">
    <error message="Unable to connect to Redis on 127.0.0.1:6379; nested exception is com.lambdaworks.redis.RedisConnectionException: Unable to connect to /127.0.0.1:6379" type="org.springframework.data.redis.RedisConnectionFailureException">org.springframework.data.redis.RedisConnectionFailureException: Unable to connect to Redis on 127.0.0.1:6379; nested exception is com.lambdaworks.redis.RedisConnectionException: Unable to connect to /127.0.0.1:6379
Caused by: com.lambdaworks.redis.RedisConnectionException: Unable to connect to /127.0.0.1:6379
Caused by: java.net.ConnectException: Conexão recusada: /127.0.0.1:6379
</error>
  </testcase>
  <testcase name="testAdd[25]" classname="org.springframework.data.redis.support.collections.RedisListTests" time="0.001">
    <error message="Unable to connect to Redis on 127.0.0.1:6379; nested exception is com.lambdaworks.redis.RedisConnectionException: Unable to connect to /127.0.0.1:6379" type="org.springframework.data.redis.RedisConnectionFailureException">org.springframework.data.redis.RedisConnectionFailureException: Unable to connect to Redis on 127.0.0.1:6379; nested exception is com.lambdaworks.redis.RedisConnectionException: Unable to connect to /127.0.0.1:6379
Caused by: com.lambdaworks.redis.RedisConnectionException: Unable to connect to /127.0.0.1:6379
Caused by: java.net.ConnectException: Conexão recusada: /127.0.0.1:6379
</error>
  </testcase>
  <testcase name="testAdd[25]" classname="org.springframework.data.redis.support.collections.RedisListTests" time="0.001">
    <error message="Unable to connect to Redis on 127.0.0.1:6379; nested exception is com.lambdaworks.redis.RedisConnectionException: Unable to connect to /127.0.0.1:6379" type="org.springframework.data.redis.RedisConnectionFailureException">org.springframework.data.redis.RedisConnectionFailureException: Unable to connect to Redis on 127.0.0.1:6379; nested exception is com.lambdaworks.redis.RedisConnectionException: Unable to connect to /127.0.0.1:6379
Caused by: com.lambdaworks.redis.RedisConnectionException: Unable to connect to /127.0.0.1:6379
Caused by: java.net.ConnectException: Conexão recusada: /127.0.0.1:6379
</error>
  </testcase>
  <testcase name="testClear[25]" classname="org.springframework.data.redis.support.collections.RedisListTests" time="0.001">
    <error message="Unable to connect to Redis on 127.0.0.1:6379; nested exception is com.lambdaworks.redis.RedisConnectionException: Unable to connect to /127.0.0.1:6379" type="org.springframework.data.redis.RedisConnectionFailureException">org.springframework.data.redis.RedisConnectionFailureException: Unable to connect to Redis on 127.0.0.1:6379; nested exception is com.lambdaworks.redis.RedisConnectionException: Unable to connect to /127.0.0.1:6379
Caused by: com.lambdaworks.redis.RedisConnectionException: Unable to connect to /127.0.0.1:6379
Caused by: java.net.ConnectException: Conexão recusada: /127.0.0.1:6379
</error>
  </testcase>
  <testcase name="testClear[25]" classname="org.springframework.data.redis.support.collections.RedisListTests" time="0.001">
    <error message="Unable to connect to Redis on 127.0.0.1:6379; nested exception is com.lambdaworks.redis.RedisConnectionException: Unable to connect to /127.0.0.1:6379" type="org.springframework.data.redis.RedisConnectionFailureException">org.springframework.data.redis.RedisConnectionFailureException: Unable to connect to Redis on 127.0.0.1:6379; nested exception is com.lambdaworks.redis.RedisConnectionException: Unable to connect to /127.0.0.1:6379
Caused by: com.lambdaworks.redis.RedisConnectionException: Unable to connect to /127.0.0.1:6379
Caused by: java.net.ConnectException: Conexão recusada: /127.0.0.1:6379
</error>
  </testcase>
  <testcase name="testSize[25]" classname="org.springframework.data.redis.support.collections.RedisListTests" time="0.002">
    <error message="Unable to connect to Redis on 127.0.0.1:6379; nested exception is com.lambdaworks.redis.RedisConnectionException: Unable to connect to /127.0.0.1:6379" type="org.springframework.data.redis.RedisConnectionFailureException">org.springframework.data.redis.RedisConnectionFailureException: Unable to connect to Redis on 127.0.0.1:6379; nested exception is com.lambdaworks.redis.RedisConnectionException: Unable to connect to /127.0.0.1:6379
Caused by: com.lambdaworks.redis.RedisConnectionException: Unable to connect to /127.0.0.1:6379
Caused by: java.net.ConnectException: Conexão recusada: /127.0.0.1:6379
</error>
  </testcase>
  <testcase name="testSize[25]" classname="org.springframework.data.redis.support.collections.RedisListTests" time="0.002">
    <error message="Unable to connect to Redis on 127.0.0.1:6379; nested exception is com.lambdaworks.redis.RedisConnectionException: Unable to connect to /127.0.0.1:6379" type="org.springframework.data.redis.RedisConnectionFailureException">org.springframework.data.redis.RedisConnectionFailureException: Unable to connect to Redis on 127.0.0.1:6379; nested exception is com.lambdaworks.redis.RedisConnectionException: Unable to connect to /127.0.0.1:6379
Caused by: com.lambdaworks.redis.RedisConnectionException: Unable to connect to /127.0.0.1:6379
Caused by: java.net.ConnectException: Conexão recusada: /127.0.0.1:6379
</error>
  </testcase>
  <testcase name="testToString[25]" classname="org.springframework.data.redis.support.collections.RedisListTests" time="0.001">
    <error message="Unable to connect to Redis on 127.0.0.1:6379; nested exception is com.lambdaworks.redis.RedisConnectionException: Unable to connect to /127.0.0.1:6379" type="org.springframework.data.redis.RedisConnectionFailureException">org.springframework.data.redis.RedisConnectionFailureException: Unable to connect to Redis on 127.0.0.1:6379; nested exception is com.lambdaworks.redis.RedisConnectionException: Unable to connect to /127.0.0.1:6379
Caused by: com.lambdaworks.redis.RedisConnectionException: Unable to connect to /127.0.0.1:6379
Caused by: java.net.ConnectException: Conexão recusada: /127.0.0.1:6379
</error>
  </testcase>
  <testcase name="testToString[25]" classname="org.springframework.data.redis.support.collections.RedisListTests" time="0.001">
    <error message="Unable to connect to Redis on 127.0.0.1:6379; nested exception is com.lambdaworks.redis.RedisConnectionException: Unable to connect to /127.0.0.1:6379" type="org.springframework.data.redis.RedisConnectionFailureException">org.springframework.data.redis.RedisConnectionFailureException: Unable to connect to Redis on 127.0.0.1:6379; nested exception is com.lambdaworks.redis.RedisConnectionException: Unable to connect to /127.0.0.1:6379
Caused by: com.lambdaworks.redis.RedisConnectionException: Unable to connect to /127.0.0.1:6379
Caused by: java.net.ConnectException: Conexão recusada: /127.0.0.1:6379
</error>
  </testcase>
  <testcase name="testContainsAll[25]" classname="org.springframework.data.redis.support.collections.RedisListTests" time="0.002">
    <error message="Unable to connect to Redis on 127.0.0.1:6379; nested exception is com.lambdaworks.redis.RedisConnectionException: Unable to connect to /127.0.0.1:6379" type="org.springframework.data.redis.RedisConnectionFailureException">org.springframework.data.redis.RedisConnectionFailureException: Unable to connect to Redis on 127.0.0.1:6379; nested exception is com.lambdaworks.redis.RedisConnectionException: Unable to connect to /127.0.0.1:6379
Caused by: com.lambdaworks.redis.RedisConnectionException: Unable to connect to /127.0.0.1:6379
Caused by: java.net.ConnectException: Conexão recusada: /127.0.0.1:6379
</error>
  </testcase>
  <testcase name="testContainsAll[25]" classname="org.springframework.data.redis.support.collections.RedisListTests" time="0.002">
    <error message="Unable to connect to Redis on 127.0.0.1:6379; nested exception is com.lambdaworks.redis.RedisConnectionException: Unable to connect to /127.0.0.1:6379" type="org.springframework.data.redis.RedisConnectionFailureException">org.springframework.data.redis.RedisConnectionFailureException: Unable to connect to Redis on 127.0.0.1:6379; nested exception is com.lambdaworks.redis.RedisConnectionException: Unable to connect to /127.0.0.1:6379
Caused by: com.lambdaworks.redis.RedisConnectionException: Unable to connect to /127.0.0.1:6379
Caused by: java.net.ConnectException: Conexão recusada: /127.0.0.1:6379
</error>
  </testcase>
  <testcase name="testRemoveObject[25]" classname="org.springframework.data.redis.support.collections.RedisListTests" time="0.006">
    <error message="Unable to connect to Redis on 127.0.0.1:6379; nested exception is com.lambdaworks.redis.RedisConnectionException: Unable to connect to /127.0.0.1:6379" type="org.springframework.data.redis.RedisConnectionFailureException">org.springframework.data.redis.RedisConnectionFailureException: Unable to connect to Redis on 127.0.0.1:6379; nested exception is com.lambdaworks.redis.RedisConnectionException: Unable to connect to /127.0.0.1:6379
Caused by: com.lambdaworks.redis.RedisConnectionException: Unable to connect to /127.0.0.1:6379
Caused by: java.net.ConnectException: Conexão recusada: /127.0.0.1:6379
</error>
  </testcase>
  <testcase name="testRemoveObject[25]" classname="org.springframework.data.redis.support.collections.RedisListTests" time="0.006">
    <error message="Unable to connect to Redis on 127.0.0.1:6379; nested exception is com.lambdaworks.redis.RedisConnectionException: Unable to connect to /127.0.0.1:6379" type="org.springframework.data.redis.RedisConnectionFailureException">org.springframework.data.redis.RedisConnectionFailureException: Unable to connect to Redis on 127.0.0.1:6379; nested exception is com.lambdaworks.redis.RedisConnectionException: Unable to connect to /127.0.0.1:6379
Caused by: com.lambdaworks.redis.RedisConnectionException: Unable to connect to /127.0.0.1:6379
Caused by: java.net.ConnectException: Conexão recusada: /127.0.0.1:6379
</error>
  </testcase>
  <testcase name="testHashCode[25]" classname="org.springframework.data.redis.support.collections.RedisListTests" time="0.001">
    <error message="Unable to connect to Redis on 127.0.0.1:6379; nested exception is com.lambdaworks.redis.RedisConnectionException: Unable to connect to /127.0.0.1:6379" type="org.springframework.data.redis.RedisConnectionFailureException">org.springframework.data.redis.RedisConnectionFailureException: Unable to connect to Redis on 127.0.0.1:6379; nested exception is com.lambdaworks.redis.RedisConnectionException: Unable to connect to /127.0.0.1:6379
Caused by: com.lambdaworks.redis.RedisConnectionException: Unable to connect to /127.0.0.1:6379
Caused by: java.net.ConnectException: Conexão recusada: /127.0.0.1:6379
</error>
  </testcase>
  <testcase name="testAddAll[25]" classname="org.springframework.data.redis.support.collections.RedisListTests" time="0.001">
    <error message="Unable to connect to Redis on 127.0.0.1:6379; nested exception is com.lambdaworks.redis.RedisConnectionException: Unable to connect to /127.0.0.1:6379" type="org.springframework.data.redis.RedisConnectionFailureException">org.springframework.data.redis.RedisConnectionFailureException: Unable to connect to Redis on 127.0.0.1:6379; nested exception is com.lambdaworks.redis.RedisConnectionException: Unable to connect to /127.0.0.1:6379
Caused by: com.lambdaworks.redis.RedisConnectionException: Unable to connect to /127.0.0.1:6379
Caused by: java.net.ConnectException: Conexão recusada: /127.0.0.1:6379
</error>
  </testcase>
  <testcase name="testAddAll[25]" classname="org.springframework.data.redis.support.collections.RedisListTests" time="0.001">
    <error message="Unable to connect to Redis on 127.0.0.1:6379; nested exception is com.lambdaworks.redis.RedisConnectionException: Unable to connect to /127.0.0.1:6379" type="org.springframework.data.redis.RedisConnectionFailureException">org.springframework.data.redis.RedisConnectionFailureException: Unable to connect to Redis on 127.0.0.1:6379; nested exception is com.lambdaworks.redis.RedisConnectionException: Unable to connect to /127.0.0.1:6379
Caused by: com.lambdaworks.redis.RedisConnectionException: Unable to connect to /127.0.0.1:6379
Caused by: java.net.ConnectException: Conexão recusada: /127.0.0.1:6379
</error>
  </testcase>
  <testcase name="removeAll[25]" classname="org.springframework.data.redis.support.collections.RedisListTests" time="0.001">
    <error message="Unable to connect to Redis on 127.0.0.1:6379; nested exception is com.lambdaworks.redis.RedisConnectionException: Unable to connect to /127.0.0.1:6379" type="org.springframework.data.redis.RedisConnectionFailureException">org.springframework.data.redis.RedisConnectionFailureException: Unable to connect to Redis on 127.0.0.1:6379; nested exception is com.lambdaworks.redis.RedisConnectionException: Unable to connect to /127.0.0.1:6379
Caused by: com.lambdaworks.redis.RedisConnectionException: Unable to connect to /127.0.0.1:6379
Caused by: java.net.ConnectException: Conexão recusada: /127.0.0.1:6379
</error>
  </testcase>
  <testcase name="removeAll[25]" classname="org.springframework.data.redis.support.collections.RedisListTests" time="0.001">
    <error message="Unable to connect to Redis on 127.0.0.1:6379; nested exception is com.lambdaworks.redis.RedisConnectionException: Unable to connect to /127.0.0.1:6379" type="org.springframework.data.redis.RedisConnectionFailureException">org.springframework.data.redis.RedisConnectionFailureException: Unable to connect to Redis on 127.0.0.1:6379; nested exception is com.lambdaworks.redis.RedisConnectionException: Unable to connect to /127.0.0.1:6379
Caused by: com.lambdaworks.redis.RedisConnectionException: Unable to connect to /127.0.0.1:6379
Caused by: java.net.ConnectException: Conexão recusada: /127.0.0.1:6379
</error>
  </testcase>
  <testcase name="testEquals[25]" classname="org.springframework.data.redis.support.collections.RedisListTests" time="0.001">
    <error message="Unable to connect to Redis on 127.0.0.1:6379; nested exception is com.lambdaworks.redis.RedisConnectionException: Unable to connect to /127.0.0.1:6379" type="org.springframework.data.redis.RedisConnectionFailureException">org.springframework.data.redis.RedisConnectionFailureException: Unable to connect to Redis on 127.0.0.1:6379; nested exception is com.lambdaworks.redis.RedisConnectionException: Unable to connect to /127.0.0.1:6379
Caused by: com.lambdaworks.redis.RedisConnectionException: Unable to connect to /127.0.0.1:6379
Caused by: java.net.ConnectException: Conexão recusada: /127.0.0.1:6379
</error>
  </testcase>
  <testcase name="testGetKey[25]" classname="org.springframework.data.redis.support.collections.RedisListTests" time="0.001">
    <error message="Unable to connect to Redis on 127.0.0.1:6379; nested exception is com.lambdaworks.redis.RedisConnectionException: Unable to connect to /127.0.0.1:6379" type="org.springframework.data.redis.RedisConnectionFailureException">org.springframework.data.redis.RedisConnectionFailureException: Unable to connect to Redis on 127.0.0.1:6379; nested exception is com.lambdaworks.redis.RedisConnectionException: Unable to connect to /127.0.0.1:6379
Caused by: com.lambdaworks.redis.RedisConnectionException: Unable to connect to /127.0.0.1:6379
Caused by: java.net.ConnectException: Conexão recusada: /127.0.0.1:6379
</error>
  </testcase>
  <testcase name="testToArrayWithGenerics[25]" classname="org.springframework.data.redis.support.collections.RedisListTests" time="0.001">
    <error message="Unable to connect to Redis on 127.0.0.1:6379; nested exception is com.lambdaworks.redis.RedisConnectionException: Unable to connect to /127.0.0.1:6379" type="org.springframework.data.redis.RedisConnectionFailureException">org.springframework.data.redis.RedisConnectionFailureException: Unable to connect to Redis on 127.0.0.1:6379; nested exception is com.lambdaworks.redis.RedisConnectionException: Unable to connect to /127.0.0.1:6379
Caused by: com.lambdaworks.redis.RedisConnectionException: Unable to connect to /127.0.0.1:6379
Caused by: java.net.ConnectException: Conexão recusada: /127.0.0.1:6379
</error>
  </testcase>
  <testcase name="testToArrayWithGenerics[25]" classname="org.springframework.data.redis.support.collections.RedisListTests" time="0.001">
    <error message="Unable to connect to Redis on 127.0.0.1:6379; nested exception is com.lambdaworks.redis.RedisConnectionException: Unable to connect to /127.0.0.1:6379" type="org.springframework.data.redis.RedisConnectionFailureException">org.springframework.data.redis.RedisConnectionFailureException: Unable to connect to Redis on 127.0.0.1:6379; nested exception is com.lambdaworks.redis.RedisConnectionException: Unable to connect to /127.0.0.1:6379
Caused by: com.lambdaworks.redis.RedisConnectionException: Unable to connect to /127.0.0.1:6379
Caused by: java.net.ConnectException: Conexão recusada: /127.0.0.1:6379
</error>
  </testcase>
  <testcase name="testIsEmpty[25]" classname="org.springframework.data.redis.support.collections.RedisListTests" time="0.002">
    <error message="Unable to connect to Redis on 127.0.0.1:6379; nested exception is com.lambdaworks.redis.RedisConnectionException: Unable to connect to /127.0.0.1:6379" type="org.springframework.data.redis.RedisConnectionFailureException">org.springframework.data.redis.RedisConnectionFailureException: Unable to connect to Redis on 127.0.0.1:6379; nested exception is com.lambdaworks.redis.RedisConnectionException: Unable to connect to /127.0.0.1:6379
Caused by: com.lambdaworks.redis.RedisConnectionException: Unable to connect to /127.0.0.1:6379
Caused by: java.net.ConnectException: Conexão recusada: /127.0.0.1:6379
</error>
  </testcase>
  <testcase name="testIsEmpty[25]" classname="org.springframework.data.redis.support.collections.RedisListTests" time="0.002">
    <error message="Unable to connect to Redis on 127.0.0.1:6379; nested exception is com.lambdaworks.redis.RedisConnectionException: Unable to connect to /127.0.0.1:6379" type="org.springframework.data.redis.RedisConnectionFailureException">org.springframework.data.redis.RedisConnectionFailureException: Unable to connect to Redis on 127.0.0.1:6379; nested exception is com.lambdaworks.redis.RedisConnectionException: Unable to connect to /127.0.0.1:6379
Caused by: com.lambdaworks.redis.RedisConnectionException: Unable to connect to /127.0.0.1:6379
Caused by: java.net.ConnectException: Conexão recusada: /127.0.0.1:6379
</error>
  </testcase>
  <testcase name="testIterator[25]" classname="org.springframework.data.redis.support.collections.RedisListTests" time="0.01">
    <error message="Unable to connect to Redis on 127.0.0.1:6379; nested exception is com.lambdaworks.redis.RedisConnectionException: Unable to connect to /127.0.0.1:6379" type="org.springframework.data.redis.RedisConnectionFailureException">org.springframework.data.redis.RedisConnectionFailureException: Unable to connect to Redis on 127.0.0.1:6379; nested exception is com.lambdaworks.redis.RedisConnectionException: Unable to connect to /127.0.0.1:6379
Caused by: com.lambdaworks.redis.RedisConnectionException: Unable to connect to /127.0.0.1:6379
Caused by: java.net.ConnectException: Conexão recusada: /127.0.0.1:6379
</error>
  </testcase>
  <testcase name="testIterator[25]" classname="org.springframework.data.redis.support.collections.RedisListTests" time="0.01">
    <error message="Unable to connect to Redis on 127.0.0.1:6379; nested exception is com.lambdaworks.redis.RedisConnectionException: Unable to connect to /127.0.0.1:6379" type="org.springframework.data.redis.RedisConnectionFailureException">org.springframework.data.redis.RedisConnectionFailureException: Unable to connect to Redis on 127.0.0.1:6379; nested exception is com.lambdaworks.redis.RedisConnectionException: Unable to connect to /127.0.0.1:6379
Caused by: com.lambdaworks.redis.RedisConnectionException: Unable to connect to /127.0.0.1:6379
Caused by: java.net.ConnectException: Conexão recusada: /127.0.0.1:6379
</error>
  </testcase>
  <testcase name="testElement[26]" classname="org.springframework.data.redis.support.collections.RedisListTests" time="0.005">
    <error message="Unable to connect to Redis on 127.0.0.1:6379; nested exception is com.lambdaworks.redis.RedisConnectionException: Unable to connect to /127.0.0.1:6379" type="org.springframework.data.redis.RedisConnectionFailureException">org.springframework.data.redis.RedisConnectionFailureException: Unable to connect to Redis on 127.0.0.1:6379; nested exception is com.lambdaworks.redis.RedisConnectionException: Unable to connect to /127.0.0.1:6379
Caused by: com.lambdaworks.redis.RedisConnectionException: Unable to connect to /127.0.0.1:6379
Caused by: java.net.ConnectException: Conexão recusada: /127.0.0.1:6379
</error>
  </testcase>
  <testcase name="testElement[26]" classname="org.springframework.data.redis.support.collections.RedisListTests" time="0.005">
    <error message="Unable to connect to Redis on 127.0.0.1:6379; nested exception is com.lambdaworks.redis.RedisConnectionException: Unable to connect to /127.0.0.1:6379" type="org.springframework.data.redis.RedisConnectionFailureException">org.springframework.data.redis.RedisConnectionFailureException: Unable to connect to Redis on 127.0.0.1:6379; nested exception is com.lambdaworks.redis.RedisConnectionException: Unable to connect to /127.0.0.1:6379
Caused by: com.lambdaworks.redis.RedisConnectionException: Unable to connect to /127.0.0.1:6379
Caused by: java.net.ConnectException: Conexão recusada: /127.0.0.1:6379
</error>
  </testcase>
  <testcase name="testPutFirst[26]" classname="org.springframework.data.redis.support.collections.RedisListTests" time="0.003">
    <error message="Unable to connect to Redis on 127.0.0.1:6379; nested exception is com.lambdaworks.redis.RedisConnectionException: Unable to connect to /127.0.0.1:6379" type="org.springframework.data.redis.RedisConnectionFailureException">org.springframework.data.redis.RedisConnectionFailureException: Unable to connect to Redis on 127.0.0.1:6379; nested exception is com.lambdaworks.redis.RedisConnectionException: Unable to connect to /127.0.0.1:6379
Caused by: com.lambdaworks.redis.RedisConnectionException: Unable to connect to /127.0.0.1:6379
Caused by: java.net.ConnectException: Conexão recusada: /127.0.0.1:6379
</error>
  </testcase>
  <testcase name="testPutFirst[26]" classname="org.springframework.data.redis.support.collections.RedisListTests" time="0.003">
    <error message="Unable to connect to Redis on 127.0.0.1:6379; nested exception is com.lambdaworks.redis.RedisConnectionException: Unable to connect to /127.0.0.1:6379" type="org.springframework.data.redis.RedisConnectionFailureException">org.springframework.data.redis.RedisConnectionFailureException: Unable to connect to Redis on 127.0.0.1:6379; nested exception is com.lambdaworks.redis.RedisConnectionException: Unable to connect to /127.0.0.1:6379
Caused by: com.lambdaworks.redis.RedisConnectionException: Unable to connect to /127.0.0.1:6379
Caused by: java.net.ConnectException: Conexão recusada: /127.0.0.1:6379
</error>
  </testcase>
  <testcase name="testPollLastTimeout[26]" classname="org.springframework.data.redis.support.collections.RedisListTests" time="0.005">
    <error message="Unable to connect to Redis on 127.0.0.1:6379; nested exception is com.lambdaworks.redis.RedisConnectionException: Unable to connect to /127.0.0.1:6379" type="org.springframework.data.redis.RedisConnectionFailureException">org.springframework.data.redis.RedisConnectionFailureException: Unable to connect to Redis on 127.0.0.1:6379; nested exception is com.lambdaworks.redis.RedisConnectionException: Unable to connect to /127.0.0.1:6379
Caused by: com.lambdaworks.redis.RedisConnectionException: Unable to connect to /127.0.0.1:6379
Caused by: java.net.ConnectException: Conexão recusada: /127.0.0.1:6379
</error>
  </testcase>
  <testcase name="testPollLastTimeout[26]" classname="org.springframework.data.redis.support.collections.RedisListTests" time="0.005">
    <error message="Unable to connect to Redis on 127.0.0.1:6379; nested exception is com.lambdaworks.redis.RedisConnectionException: Unable to connect to /127.0.0.1:6379" type="org.springframework.data.redis.RedisConnectionFailureException">org.springframework.data.redis.RedisConnectionFailureException: Unable to connect to Redis on 127.0.0.1:6379; nested exception is com.lambdaworks.redis.RedisConnectionException: Unable to connect to /127.0.0.1:6379
Caused by: com.lambdaworks.redis.RedisConnectionException: Unable to connect to /127.0.0.1:6379
Caused by: java.net.ConnectException: Conexão recusada: /127.0.0.1:6379
</error>
  </testcase>
  <testcase name="testPeekFirst[26]" classname="org.springframework.data.redis.support.collections.RedisListTests" time="0.001">
    <error message="Unable to connect to Redis on 127.0.0.1:6379; nested exception is com.lambdaworks.redis.RedisConnectionException: Unable to connect to /127.0.0.1:6379" type="org.springframework.data.redis.RedisConnectionFailureException">org.springframework.data.redis.RedisConnectionFailureException: Unable to connect to Redis on 127.0.0.1:6379; nested exception is com.lambdaworks.redis.RedisConnectionException: Unable to connect to /127.0.0.1:6379
Caused by: com.lambdaworks.redis.RedisConnectionException: Unable to connect to /127.0.0.1:6379
Caused by: java.net.ConnectException: Conexão recusada: /127.0.0.1:6379
</error>
  </testcase>
  <testcase name="testPeekFirst[26]" classname="org.springframework.data.redis.support.collections.RedisListTests" time="0.001">
    <error message="Unable to connect to Redis on 127.0.0.1:6379; nested exception is com.lambdaworks.redis.RedisConnectionException: Unable to connect to /127.0.0.1:6379" type="org.springframework.data.redis.RedisConnectionFailureException">org.springframework.data.redis.RedisConnectionFailureException: Unable to connect to Redis on 127.0.0.1:6379; nested exception is com.lambdaworks.redis.RedisConnectionException: Unable to connect to /127.0.0.1:6379
Caused by: com.lambdaworks.redis.RedisConnectionException: Unable to connect to /127.0.0.1:6379
Caused by: java.net.ConnectException: Conexão recusada: /127.0.0.1:6379
</error>
  </testcase>
  <testcase name="testOfferLast[26]" classname="org.springframework.data.redis.support.collections.RedisListTests" time="0.002">
    <error message="Unable to connect to Redis on 127.0.0.1:6379; nested exception is com.lambdaworks.redis.RedisConnectionException: Unable to connect to /127.0.0.1:6379" type="org.springframework.data.redis.RedisConnectionFailureException">org.springframework.data.redis.RedisConnectionFailureException: Unable to connect to Redis on 127.0.0.1:6379; nested exception is com.lambdaworks.redis.RedisConnectionException: Unable to connect to /127.0.0.1:6379
Caused by: com.lambdaworks.redis.RedisConnectionException: Unable to connect to /127.0.0.1:6379
Caused by: java.net.ConnectException: Conexão recusada: /127.0.0.1:6379
</error>
  </testcase>
  <testcase name="testOfferLast[26]" classname="org.springframework.data.redis.support.collections.RedisListTests" time="0.002">
    <error message="Unable to connect to Redis on 127.0.0.1:6379; nested exception is com.lambdaworks.redis.RedisConnectionException: Unable to connect to /127.0.0.1:6379" type="org.springframework.data.redis.RedisConnectionFailureException">org.springframework.data.redis.RedisConnectionFailureException: Unable to connect to Redis on 127.0.0.1:6379; nested exception is com.lambdaworks.redis.RedisConnectionException: Unable to connect to /127.0.0.1:6379
Caused by: com.lambdaworks.redis.RedisConnectionException: Unable to connect to /127.0.0.1:6379
Caused by: java.net.ConnectException: Conexão recusada: /127.0.0.1:6379
</error>
  </testcase>
  <testcase name="testGetFirst[26]" classname="org.springframework.data.redis.support.collections.RedisListTests" time="0.001">
    <error message="Unable to connect to Redis on 127.0.0.1:6379; nested exception is com.lambdaworks.redis.RedisConnectionException: Unable to connect to /127.0.0.1:6379" type="org.springframework.data.redis.RedisConnectionFailureException">org.springframework.data.redis.RedisConnectionFailureException: Unable to connect to Redis on 127.0.0.1:6379; nested exception is com.lambdaworks.redis.RedisConnectionException: Unable to connect to /127.0.0.1:6379
Caused by: com.lambdaworks.redis.RedisConnectionException: Unable to connect to /127.0.0.1:6379
Caused by: java.net.ConnectException: Conexão recusada: /127.0.0.1:6379
</error>
  </testcase>
  <testcase name="testGetFirst[26]" classname="org.springframework.data.redis.support.collections.RedisListTests" time="0.002">
    <error message="Unable to connect to Redis on 127.0.0.1:6379; nested exception is com.lambdaworks.redis.RedisConnectionException: Unable to connect to /127.0.0.1:6379" type="org.springframework.data.redis.RedisConnectionFailureException">org.springframework.data.redis.RedisConnectionFailureException: Unable to connect to Redis on 127.0.0.1:6379; nested exception is com.lambdaworks.redis.RedisConnectionException: Unable to connect to /127.0.0.1:6379
Caused by: com.lambdaworks.redis.RedisConnectionException: Unable to connect to /127.0.0.1:6379
Caused by: java.net.ConnectException: Conexão recusada: /127.0.0.1:6379
</error>
  </testcase>
  <testcase name="testAddLast[26]" classname="org.springframework.data.redis.support.collections.RedisListTests" time="0.005">
    <error message="Unable to connect to Redis on 127.0.0.1:6379; nested exception is com.lambdaworks.redis.RedisConnectionException: Unable to connect to /127.0.0.1:6379" type="org.springframework.data.redis.RedisConnectionFailureException">org.springframework.data.redis.RedisConnectionFailureException: Unable to connect to Redis on 127.0.0.1:6379; nested exception is com.lambdaworks.redis.RedisConnectionException: Unable to connect to /127.0.0.1:6379
Caused by: com.lambdaworks.redis.RedisConnectionException: Unable to connect to /127.0.0.1:6379
Caused by: java.net.ConnectException: Conexão recusada: /127.0.0.1:6379
</error>
  </testcase>
  <testcase name="testAddLast[26]" classname="org.springframework.data.redis.support.collections.RedisListTests" time="0.005">
    <error message="Unable to connect to Redis on 127.0.0.1:6379; nested exception is com.lambdaworks.redis.RedisConnectionException: Unable to connect to /127.0.0.1:6379" type="org.springframework.data.redis.RedisConnectionFailureException">org.springframework.data.redis.RedisConnectionFailureException: Unable to connect to Redis on 127.0.0.1:6379; nested exception is com.lambdaworks.redis.RedisConnectionException: Unable to connect to /127.0.0.1:6379
Caused by: com.lambdaworks.redis.RedisConnectionException: Unable to connect to /127.0.0.1:6379
Caused by: java.net.ConnectException: Conexão recusada: /127.0.0.1:6379
</error>
  </testcase>
  <testcase name="testPop[26]" classname="org.springframework.data.redis.support.collections.RedisListTests" time="0.002">
    <error message="Unable to connect to Redis on 127.0.0.1:6379; nested exception is com.lambdaworks.redis.RedisConnectionException: Unable to connect to /127.0.0.1:6379" type="org.springframework.data.redis.RedisConnectionFailureException">org.springframework.data.redis.RedisConnectionFailureException: Unable to connect to Redis on 127.0.0.1:6379; nested exception is com.lambdaworks.redis.RedisConnectionException: Unable to connect to /127.0.0.1:6379
Caused by: com.lambdaworks.redis.RedisConnectionException: Unable to connect to /127.0.0.1:6379
Caused by: java.net.ConnectException: Conexão recusada: /127.0.0.1:6379
</error>
  </testcase>
  <testcase name="testPop[26]" classname="org.springframework.data.redis.support.collections.RedisListTests" time="0.002">
    <error message="Unable to connect to Redis on 127.0.0.1:6379; nested exception is com.lambdaworks.redis.RedisConnectionException: Unable to connect to /127.0.0.1:6379" type="org.springframework.data.redis.RedisConnectionFailureException">org.springframework.data.redis.RedisConnectionFailureException: Unable to connect to Redis on 127.0.0.1:6379; nested exception is com.lambdaworks.redis.RedisConnectionException: Unable to connect to /127.0.0.1:6379
Caused by: com.lambdaworks.redis.RedisConnectionException: Unable to connect to /127.0.0.1:6379
Caused by: java.net.ConnectException: Conexão recusada: /127.0.0.1:6379
</error>
  </testcase>
  <testcase name="testPut[26]" classname="org.springframework.data.redis.support.collections.RedisListTests" time="0.002">
    <error message="Unable to connect to Redis on 127.0.0.1:6379; nested exception is com.lambdaworks.redis.RedisConnectionException: Unable to connect to /127.0.0.1:6379" type="org.springframework.data.redis.RedisConnectionFailureException">org.springframework.data.redis.RedisConnectionFailureException: Unable to connect to Redis on 127.0.0.1:6379; nested exception is com.lambdaworks.redis.RedisConnectionException: Unable to connect to /127.0.0.1:6379
Caused by: com.lambdaworks.redis.RedisConnectionException: Unable to connect to /127.0.0.1:6379
Caused by: java.net.ConnectException: Conexão recusada: /127.0.0.1:6379
</error>
  </testcase>
  <testcase name="testPut[26]" classname="org.springframework.data.redis.support.collections.RedisListTests" time="0.002">
    <error message="Unable to connect to Redis on 127.0.0.1:6379; nested exception is com.lambdaworks.redis.RedisConnectionException: Unable to connect to /127.0.0.1:6379" type="org.springframework.data.redis.RedisConnectionFailureException">org.springframework.data.redis.RedisConnectionFailureException: Unable to connect to Redis on 127.0.0.1:6379; nested exception is com.lambdaworks.redis.RedisConnectionException: Unable to connect to /127.0.0.1:6379
Caused by: com.lambdaworks.redis.RedisConnectionException: Unable to connect to /127.0.0.1:6379
Caused by: java.net.ConnectException: Conexão recusada: /127.0.0.1:6379
</error>
  </testcase>
  <testcase name="testSet[26]" classname="org.springframework.data.redis.support.collections.RedisListTests" time="0.001">
    <error message="Unable to connect to Redis on 127.0.0.1:6379; nested exception is com.lambdaworks.redis.RedisConnectionException: Unable to connect to /127.0.0.1:6379" type="org.springframework.data.redis.RedisConnectionFailureException">org.springframework.data.redis.RedisConnectionFailureException: Unable to connect to Redis on 127.0.0.1:6379; nested exception is com.lambdaworks.redis.RedisConnectionException: Unable to connect to /127.0.0.1:6379
Caused by: com.lambdaworks.redis.RedisConnectionException: Unable to connect to /127.0.0.1:6379
Caused by: java.net.ConnectException: Conexão recusada: /127.0.0.1:6379
</error>
  </testcase>
  <testcase name="testSet[26]" classname="org.springframework.data.redis.support.collections.RedisListTests" time="0.002">
    <error message="Unable to connect to Redis on 127.0.0.1:6379; nested exception is com.lambdaworks.redis.RedisConnectionException: Unable to connect to /127.0.0.1:6379" type="org.springframework.data.redis.RedisConnectionFailureException">org.springframework.data.redis.RedisConnectionFailureException: Unable to connect to Redis on 127.0.0.1:6379; nested exception is com.lambdaworks.redis.RedisConnectionException: Unable to connect to /127.0.0.1:6379
Caused by: com.lambdaworks.redis.RedisConnectionException: Unable to connect to /127.0.0.1:6379
Caused by: java.net.ConnectException: Conexão recusada: /127.0.0.1:6379
</error>
  </testcase>
  <testcase name="testOffer[26]" classname="org.springframework.data.redis.support.collections.RedisListTests" time="0.001">
    <error message="Unable to connect to Redis on 127.0.0.1:6379; nested exception is com.lambdaworks.redis.RedisConnectionException: Unable to connect to /127.0.0.1:6379" type="org.springframework.data.redis.RedisConnectionFailureException">org.springframework.data.redis.RedisConnectionFailureException: Unable to connect to Redis on 127.0.0.1:6379; nested exception is com.lambdaworks.redis.RedisConnectionException: Unable to connect to /127.0.0.1:6379
Caused by: com.lambdaworks.redis.RedisConnectionException: Unable to connect to /127.0.0.1:6379
Caused by: java.net.ConnectException: Conexão recusada: /127.0.0.1:6379
</error>
  </testcase>
  <testcase name="testOffer[26]" classname="org.springframework.data.redis.support.collections.RedisListTests" time="0.001">
    <error message="Unable to connect to Redis on 127.0.0.1:6379; nested exception is com.lambdaworks.redis.RedisConnectionException: Unable to connect to /127.0.0.1:6379" type="org.springframework.data.redis.RedisConnectionFailureException">org.springframework.data.redis.RedisConnectionFailureException: Unable to connect to Redis on 127.0.0.1:6379; nested exception is com.lambdaworks.redis.RedisConnectionException: Unable to connect to /127.0.0.1:6379
Caused by: com.lambdaworks.redis.RedisConnectionException: Unable to connect to /127.0.0.1:6379
Caused by: java.net.ConnectException: Conexão recusada: /127.0.0.1:6379
</error>
  </testcase>
  <testcase name="testRange[26]" classname="org.springframework.data.redis.support.collections.RedisListTests" time="0.004">
    <error message="Unable to connect to Redis on 127.0.0.1:6379; nested exception is com.lambdaworks.redis.RedisConnectionException: Unable to connect to /127.0.0.1:6379" type="org.springframework.data.redis.RedisConnectionFailureException">org.springframework.data.redis.RedisConnectionFailureException: Unable to connect to Redis on 127.0.0.1:6379; nested exception is com.lambdaworks.redis.RedisConnectionException: Unable to connect to /127.0.0.1:6379
Caused by: com.lambdaworks.redis.RedisConnectionException: Unable to connect to /127.0.0.1:6379
Caused by: java.net.ConnectException: Conexão recusada: /127.0.0.1:6379
</error>
  </testcase>
  <testcase name="testRange[26]" classname="org.springframework.data.redis.support.collections.RedisListTests" time="0.004">
    <error message="Unable to connect to Redis on 127.0.0.1:6379; nested exception is com.lambdaworks.redis.RedisConnectionException: Unable to connect to /127.0.0.1:6379" type="org.springframework.data.redis.RedisConnectionFailureException">org.springframework.data.redis.RedisConnectionFailureException: Unable to connect to Redis on 127.0.0.1:6379; nested exception is com.lambdaworks.redis.RedisConnectionException: Unable to connect to /127.0.0.1:6379
Caused by: com.lambdaworks.redis.RedisConnectionException: Unable to connect to /127.0.0.1:6379
Caused by: java.net.ConnectException: Conexão recusada: /127.0.0.1:6379
</error>
  </testcase>
  <testcase name="testLast[26]" classname="org.springframework.data.redis.support.collections.RedisListTests" time="0.001">
    <error message="Unable to connect to Redis on 127.0.0.1:6379; nested exception is com.lambdaworks.redis.RedisConnectionException: Unable to connect to /127.0.0.1:6379" type="org.springframework.data.redis.RedisConnectionFailureException">org.springframework.data.redis.RedisConnectionFailureException: Unable to connect to Redis on 127.0.0.1:6379; nested exception is com.lambdaworks.redis.RedisConnectionException: Unable to connect to /127.0.0.1:6379
Caused by: com.lambdaworks.redis.RedisConnectionException: Unable to connect to /127.0.0.1:6379
Caused by: java.net.ConnectException: Conexão recusada: /127.0.0.1:6379
</error>
  </testcase>
  <testcase name="testLast[26]" classname="org.springframework.data.redis.support.collections.RedisListTests" time="0.001">
    <error message="Unable to connect to Redis on 127.0.0.1:6379; nested exception is com.lambdaworks.redis.RedisConnectionException: Unable to connect to /127.0.0.1:6379" type="org.springframework.data.redis.RedisConnectionFailureException">org.springframework.data.redis.RedisConnectionFailureException: Unable to connect to Redis on 127.0.0.1:6379; nested exception is com.lambdaworks.redis.RedisConnectionException: Unable to connect to /127.0.0.1:6379
Caused by: com.lambdaworks.redis.RedisConnectionException: Unable to connect to /127.0.0.1:6379
Caused by: java.net.ConnectException: Conexão recusada: /127.0.0.1:6379
</error>
  </testcase>
  <testcase name="testPeek[26]" classname="org.springframework.data.redis.support.collections.RedisListTests" time="0.001">
    <error message="Unable to connect to Redis on 127.0.0.1:6379; nested exception is com.lambdaworks.redis.RedisConnectionException: Unable to connect to /127.0.0.1:6379" type="org.springframework.data.redis.RedisConnectionFailureException">org.springframework.data.redis.RedisConnectionFailureException: Unable to connect to Redis on 127.0.0.1:6379; nested exception is com.lambdaworks.redis.RedisConnectionException: Unable to connect to /127.0.0.1:6379
Caused by: com.lambdaworks.redis.RedisConnectionException: Unable to connect to /127.0.0.1:6379
Caused by: java.net.ConnectException: Conexão recusada: /127.0.0.1:6379
</error>
  </testcase>
  <testcase name="testPeek[26]" classname="org.springframework.data.redis.support.collections.RedisListTests" time="0.001">
    <error message="Unable to connect to Redis on 127.0.0.1:6379; nested exception is com.lambdaworks.redis.RedisConnectionException: Unable to connect to /127.0.0.1:6379" type="org.springframework.data.redis.RedisConnectionFailureException">org.springframework.data.redis.RedisConnectionFailureException: Unable to connect to Redis on 127.0.0.1:6379; nested exception is com.lambdaworks.redis.RedisConnectionException: Unable to connect to /127.0.0.1:6379
Caused by: com.lambdaworks.redis.RedisConnectionException: Unable to connect to /127.0.0.1:6379
Caused by: java.net.ConnectException: Conexão recusada: /127.0.0.1:6379
</error>
  </testcase>
  <testcase name="testPoll[26]" classname="org.springframework.data.redis.support.collections.RedisListTests" time="0.001">
    <error message="Unable to connect to Redis on 127.0.0.1:6379; nested exception is com.lambdaworks.redis.RedisConnectionException: Unable to connect to /127.0.0.1:6379" type="org.springframework.data.redis.RedisConnectionFailureException">org.springframework.data.redis.RedisConnectionFailureException: Unable to connect to Redis on 127.0.0.1:6379; nested exception is com.lambdaworks.redis.RedisConnectionException: Unable to connect to /127.0.0.1:6379
Caused by: com.lambdaworks.redis.RedisConnectionException: Unable to connect to /127.0.0.1:6379
Caused by: java.net.ConnectException: Conexão recusada: /127.0.0.1:6379
</error>
  </testcase>
  <testcase name="testPoll[26]" classname="org.springframework.data.redis.support.collections.RedisListTests" time="0.001">
    <error message="Unable to connect to Redis on 127.0.0.1:6379; nested exception is com.lambdaworks.redis.RedisConnectionException: Unable to connect to /127.0.0.1:6379" type="org.springframework.data.redis.RedisConnectionFailureException">org.springframework.data.redis.RedisConnectionFailureException: Unable to connect to Redis on 127.0.0.1:6379; nested exception is com.lambdaworks.redis.RedisConnectionException: Unable to connect to /127.0.0.1:6379
Caused by: com.lambdaworks.redis.RedisConnectionException: Unable to connect to /127.0.0.1:6379
Caused by: java.net.ConnectException: Conexão recusada: /127.0.0.1:6379
</error>
  </testcase>
  <testcase name="testTake[26]" classname="org.springframework.data.redis.support.collections.RedisListTests" time="0.001">
    <error message="Unable to connect to Redis on 127.0.0.1:6379; nested exception is com.lambdaworks.redis.RedisConnectionException: Unable to connect to /127.0.0.1:6379" type="org.springframework.data.redis.RedisConnectionFailureException">org.springframework.data.redis.RedisConnectionFailureException: Unable to connect to Redis on 127.0.0.1:6379; nested exception is com.lambdaworks.redis.RedisConnectionException: Unable to connect to /127.0.0.1:6379
Caused by: com.lambdaworks.redis.RedisConnectionException: Unable to connect to /127.0.0.1:6379
Caused by: java.net.ConnectException: Conexão recusada: /127.0.0.1:6379
</error>
  </testcase>
  <testcase name="testTake[26]" classname="org.springframework.data.redis.support.collections.RedisListTests" time="0.001">
    <error message="Unable to connect to Redis on 127.0.0.1:6379; nested exception is com.lambdaworks.redis.RedisConnectionException: Unable to connect to /127.0.0.1:6379" type="org.springframework.data.redis.RedisConnectionFailureException">org.springframework.data.redis.RedisConnectionFailureException: Unable to connect to Redis on 127.0.0.1:6379; nested exception is com.lambdaworks.redis.RedisConnectionException: Unable to connect to /127.0.0.1:6379
Caused by: com.lambdaworks.redis.RedisConnectionException: Unable to connect to /127.0.0.1:6379
Caused by: java.net.ConnectException: Conexão recusada: /127.0.0.1:6379
</error>
  </testcase>
  <testcase name="testTrim[26]" classname="org.springframework.data.redis.support.collections.RedisListTests" time="0.001">
    <error message="Unable to connect to Redis on 127.0.0.1:6379; nested exception is com.lambdaworks.redis.RedisConnectionException: Unable to connect to /127.0.0.1:6379" type="org.springframework.data.redis.RedisConnectionFailureException">org.springframework.data.redis.RedisConnectionFailureException: Unable to connect to Redis on 127.0.0.1:6379; nested exception is com.lambdaworks.redis.RedisConnectionException: Unable to connect to /127.0.0.1:6379
Caused by: com.lambdaworks.redis.RedisConnectionException: Unable to connect to /127.0.0.1:6379
Caused by: java.net.ConnectException: Conexão recusada: /127.0.0.1:6379
</error>
  </testcase>
  <testcase name="testTrim[26]" classname="org.springframework.data.redis.support.collections.RedisListTests" time="0.002">
    <error message="Unable to connect to Redis on 127.0.0.1:6379; nested exception is com.lambdaworks.redis.RedisConnectionException: Unable to connect to /127.0.0.1:6379" type="org.springframework.data.redis.RedisConnectionFailureException">org.springframework.data.redis.RedisConnectionFailureException: Unable to connect to Redis on 127.0.0.1:6379; nested exception is com.lambdaworks.redis.RedisConnectionException: Unable to connect to /127.0.0.1:6379
Caused by: com.lambdaworks.redis.RedisConnectionException: Unable to connect to /127.0.0.1:6379
Caused by: java.net.ConnectException: Conexão recusada: /127.0.0.1:6379
</error>
  </testcase>
  <testcase name="testDrainToCollection[26]" classname="org.springframework.data.redis.support.collections.RedisListTests" time="0.001">
    <error message="Unable to connect to Redis on 127.0.0.1:6379; nested exception is com.lambdaworks.redis.RedisConnectionException: Unable to connect to /127.0.0.1:6379" type="org.springframework.data.redis.RedisConnectionFailureException">org.springframework.data.redis.RedisConnectionFailureException: Unable to connect to Redis on 127.0.0.1:6379; nested exception is com.lambdaworks.redis.RedisConnectionException: Unable to connect to /127.0.0.1:6379
Caused by: com.lambdaworks.redis.RedisConnectionException: Unable to connect to /127.0.0.1:6379
Caused by: java.net.ConnectException: Conexão recusada: /127.0.0.1:6379
</error>
  </testcase>
  <testcase name="testDrainToCollection[26]" classname="org.springframework.data.redis.support.collections.RedisListTests" time="0.001">
    <error message="Unable to connect to Redis on 127.0.0.1:6379; nested exception is com.lambdaworks.redis.RedisConnectionException: Unable to connect to /127.0.0.1:6379" type="org.springframework.data.redis.RedisConnectionFailureException">org.springframework.data.redis.RedisConnectionFailureException: Unable to connect to Redis on 127.0.0.1:6379; nested exception is com.lambdaworks.redis.RedisConnectionException: Unable to connect to /127.0.0.1:6379
Caused by: com.lambdaworks.redis.RedisConnectionException: Unable to connect to /127.0.0.1:6379
Caused by: java.net.ConnectException: Conexão recusada: /127.0.0.1:6379
</error>
  </testcase>
  <testcase name="testRemoveFirst[26]" classname="org.springframework.data.redis.support.collections.RedisListTests" time="0.002">
    <error message="Unable to connect to Redis on 127.0.0.1:6379; nested exception is com.lambdaworks.redis.RedisConnectionException: Unable to connect to /127.0.0.1:6379" type="org.springframework.data.redis.RedisConnectionFailureException">org.springframework.data.redis.RedisConnectionFailureException: Unable to connect to Redis on 127.0.0.1:6379; nested exception is com.lambdaworks.redis.RedisConnectionException: Unable to connect to /127.0.0.1:6379
Caused by: com.lambdaworks.redis.RedisConnectionException: Unable to connect to /127.0.0.1:6379
Caused by: java.net.ConnectException: Conexão recusada: /127.0.0.1:6379
</error>
  </testcase>
  <testcase name="testRemoveFirst[26]" classname="org.springframework.data.redis.support.collections.RedisListTests" time="0.002">
    <error message="Unable to connect to Redis on 127.0.0.1:6379; nested exception is com.lambdaworks.redis.RedisConnectionException: Unable to connect to /127.0.0.1:6379" type="org.springframework.data.redis.RedisConnectionFailureException">org.springframework.data.redis.RedisConnectionFailureException: Unable to connect to Redis on 127.0.0.1:6379; nested exception is com.lambdaworks.redis.RedisConnectionException: Unable to connect to /127.0.0.1:6379
Caused by: com.lambdaworks.redis.RedisConnectionException: Unable to connect to /127.0.0.1:6379
Caused by: java.net.ConnectException: Conexão recusada: /127.0.0.1:6379
</error>
  </testcase>
  <testcase name="testRemoveIndex[26]" classname="org.springframework.data.redis.support.collections.RedisListTests" time="0.001">
    <error message="Unable to connect to Redis on 127.0.0.1:6379; nested exception is com.lambdaworks.redis.RedisConnectionException: Unable to connect to /127.0.0.1:6379" type="org.springframework.data.redis.RedisConnectionFailureException">org.springframework.data.redis.RedisConnectionFailureException: Unable to connect to Redis on 127.0.0.1:6379; nested exception is com.lambdaworks.redis.RedisConnectionException: Unable to connect to /127.0.0.1:6379
Caused by: com.lambdaworks.redis.RedisConnectionException: Unable to connect to /127.0.0.1:6379
Caused by: java.net.ConnectException: Conexão recusada: /127.0.0.1:6379
</error>
  </testcase>
  <testcase name="testPutLast[26]" classname="org.springframework.data.redis.support.collections.RedisListTests" time="0.001">
    <error message="Unable to connect to Redis on 127.0.0.1:6379; nested exception is com.lambdaworks.redis.RedisConnectionException: Unable to connect to /127.0.0.1:6379" type="org.springframework.data.redis.RedisConnectionFailureException">org.springframework.data.redis.RedisConnectionFailureException: Unable to connect to Redis on 127.0.0.1:6379; nested exception is com.lambdaworks.redis.RedisConnectionException: Unable to connect to /127.0.0.1:6379
Caused by: com.lambdaworks.redis.RedisConnectionException: Unable to connect to /127.0.0.1:6379
Caused by: java.net.ConnectException: Conexão recusada: /127.0.0.1:6379
</error>
  </testcase>
  <testcase name="testPutLast[26]" classname="org.springframework.data.redis.support.collections.RedisListTests" time="0.001">
    <error message="Unable to connect to Redis on 127.0.0.1:6379; nested exception is com.lambdaworks.redis.RedisConnectionException: Unable to connect to /127.0.0.1:6379" type="org.springframework.data.redis.RedisConnectionFailureException">org.springframework.data.redis.RedisConnectionFailureException: Unable to connect to Redis on 127.0.0.1:6379; nested exception is com.lambdaworks.redis.RedisConnectionException: Unable to connect to /127.0.0.1:6379
Caused by: com.lambdaworks.redis.RedisConnectionException: Unable to connect to /127.0.0.1:6379
Caused by: java.net.ConnectException: Conexão recusada: /127.0.0.1:6379
</error>
  </testcase>
  <testcase name="testOfferFirst[26]" classname="org.springframework.data.redis.support.collections.RedisListTests" time="0.002">
    <error message="Unable to connect to Redis on 127.0.0.1:6379; nested exception is com.lambdaworks.redis.RedisConnectionException: Unable to connect to /127.0.0.1:6379" type="org.springframework.data.redis.RedisConnectionFailureException">org.springframework.data.redis.RedisConnectionFailureException: Unable to connect to Redis on 127.0.0.1:6379; nested exception is com.lambdaworks.redis.RedisConnectionException: Unable to connect to /127.0.0.1:6379
Caused by: com.lambdaworks.redis.RedisConnectionException: Unable to connect to /127.0.0.1:6379
Caused by: java.net.ConnectException: Conexão recusada: /127.0.0.1:6379
</error>
  </testcase>
  <testcase name="testOfferFirst[26]" classname="org.springframework.data.redis.support.collections.RedisListTests" time="0.002">
    <error message="Unable to connect to Redis on 127.0.0.1:6379; nested exception is com.lambdaworks.redis.RedisConnectionException: Unable to connect to /127.0.0.1:6379" type="org.springframework.data.redis.RedisConnectionFailureException">org.springframework.data.redis.RedisConnectionFailureException: Unable to connect to Redis on 127.0.0.1:6379; nested exception is com.lambdaworks.redis.RedisConnectionException: Unable to connect to /127.0.0.1:6379
Caused by: com.lambdaworks.redis.RedisConnectionException: Unable to connect to /127.0.0.1:6379
Caused by: java.net.ConnectException: Conexão recusada: /127.0.0.1:6379
</error>
  </testcase>
  <testcase name="testDescendingIterator[26]" classname="org.springframework.data.redis.support.collections.RedisListTests" time="0.001">
    <error message="Unable to connect to Redis on 127.0.0.1:6379; nested exception is com.lambdaworks.redis.RedisConnectionException: Unable to connect to /127.0.0.1:6379" type="org.springframework.data.redis.RedisConnectionFailureException">org.springframework.data.redis.RedisConnectionFailureException: Unable to connect to Redis on 127.0.0.1:6379; nested exception is com.lambdaworks.redis.RedisConnectionException: Unable to connect to /127.0.0.1:6379
Caused by: com.lambdaworks.redis.RedisConnectionException: Unable to connect to /127.0.0.1:6379
Caused by: java.net.ConnectException: Conexão recusada: /127.0.0.1:6379
</error>
  </testcase>
  <testcase name="testDescendingIterator[26]" classname="org.springframework.data.redis.support.collections.RedisListTests" time="0.001">
    <error message="Unable to connect to Redis on 127.0.0.1:6379; nested exception is com.lambdaworks.redis.RedisConnectionException: Unable to connect to /127.0.0.1:6379" type="org.springframework.data.redis.RedisConnectionFailureException">org.springframework.data.redis.RedisConnectionFailureException: Unable to connect to Redis on 127.0.0.1:6379; nested exception is com.lambdaworks.redis.RedisConnectionException: Unable to connect to /127.0.0.1:6379
Caused by: com.lambdaworks.redis.RedisConnectionException: Unable to connect to /127.0.0.1:6379
Caused by: java.net.ConnectException: Conexão recusada: /127.0.0.1:6379
</error>
  </testcase>
  <testcase name="testAddFirst[26]" classname="org.springframework.data.redis.support.collections.RedisListTests" time="0.002">
    <error message="Unable to connect to Redis on 127.0.0.1:6379; nested exception is com.lambdaworks.redis.RedisConnectionException: Unable to connect to /127.0.0.1:6379" type="org.springframework.data.redis.RedisConnectionFailureException">org.springframework.data.redis.RedisConnectionFailureException: Unable to connect to Redis on 127.0.0.1:6379; nested exception is com.lambdaworks.redis.RedisConnectionException: Unable to connect to /127.0.0.1:6379
Caused by: com.lambdaworks.redis.RedisConnectionException: Unable to connect to /127.0.0.1:6379
Caused by: java.net.ConnectException: Conexão recusada: /127.0.0.1:6379
</error>
  </testcase>
  <testcase name="testAddFirst[26]" classname="org.springframework.data.redis.support.collections.RedisListTests" time="0.002">
    <error message="Unable to connect to Redis on 127.0.0.1:6379; nested exception is com.lambdaworks.redis.RedisConnectionException: Unable to connect to /127.0.0.1:6379" type="org.springframework.data.redis.RedisConnectionFailureException">org.springframework.data.redis.RedisConnectionFailureException: Unable to connect to Redis on 127.0.0.1:6379; nested exception is com.lambdaworks.redis.RedisConnectionException: Unable to connect to /127.0.0.1:6379
Caused by: com.lambdaworks.redis.RedisConnectionException: Unable to connect to /127.0.0.1:6379
Caused by: java.net.ConnectException: Conexão recusada: /127.0.0.1:6379
</error>
  </testcase>
  <testcase name="testDrainToCollectionWithMaxElements[26]" classname="org.springframework.data.redis.support.collections.RedisListTests" time="0.001">
    <error message="Unable to connect to Redis on 127.0.0.1:6379; nested exception is com.lambdaworks.redis.RedisConnectionException: Unable to connect to /127.0.0.1:6379" type="org.springframework.data.redis.RedisConnectionFailureException">org.springframework.data.redis.RedisConnectionFailureException: Unable to connect to Redis on 127.0.0.1:6379; nested exception is com.lambdaworks.redis.RedisConnectionException: Unable to connect to /127.0.0.1:6379
Caused by: com.lambdaworks.redis.RedisConnectionException: Unable to connect to /127.0.0.1:6379
Caused by: java.net.ConnectException: Conexão recusada: /127.0.0.1:6379
</error>
  </testcase>
  <testcase name="testDrainToCollectionWithMaxElements[26]" classname="org.springframework.data.redis.support.collections.RedisListTests" time="0.001">
    <error message="Unable to connect to Redis on 127.0.0.1:6379; nested exception is com.lambdaworks.redis.RedisConnectionException: Unable to connect to /127.0.0.1:6379" type="org.springframework.data.redis.RedisConnectionFailureException">org.springframework.data.redis.RedisConnectionFailureException: Unable to connect to Redis on 127.0.0.1:6379; nested exception is com.lambdaworks.redis.RedisConnectionException: Unable to connect to /127.0.0.1:6379
Caused by: com.lambdaworks.redis.RedisConnectionException: Unable to connect to /127.0.0.1:6379
Caused by: java.net.ConnectException: Conexão recusada: /127.0.0.1:6379
</error>
  </testcase>
  <testcase name="testTakeLast[26]" classname="org.springframework.data.redis.support.collections.RedisListTests" time="0.001">
    <error message="Unable to connect to Redis on 127.0.0.1:6379; nested exception is com.lambdaworks.redis.RedisConnectionException: Unable to connect to /127.0.0.1:6379" type="org.springframework.data.redis.RedisConnectionFailureException">org.springframework.data.redis.RedisConnectionFailureException: Unable to connect to Redis on 127.0.0.1:6379; nested exception is com.lambdaworks.redis.RedisConnectionException: Unable to connect to /127.0.0.1:6379
Caused by: com.lambdaworks.redis.RedisConnectionException: Unable to connect to /127.0.0.1:6379
Caused by: java.net.ConnectException: Conexão recusada: /127.0.0.1:6379
</error>
  </testcase>
  <testcase name="testTakeLast[26]" classname="org.springframework.data.redis.support.collections.RedisListTests" time="0.001">
    <error message="Unable to connect to Redis on 127.0.0.1:6379; nested exception is com.lambdaworks.redis.RedisConnectionException: Unable to connect to /127.0.0.1:6379" type="org.springframework.data.redis.RedisConnectionFailureException">org.springframework.data.redis.RedisConnectionFailureException: Unable to connect to Redis on 127.0.0.1:6379; nested exception is com.lambdaworks.redis.RedisConnectionException: Unable to connect to /127.0.0.1:6379
Caused by: com.lambdaworks.redis.RedisConnectionException: Unable to connect to /127.0.0.1:6379
Caused by: java.net.ConnectException: Conexão recusada: /127.0.0.1:6379
</error>
  </testcase>
  <testcase name="testRemainingCapacity[26]" classname="org.springframework.data.redis.support.collections.RedisListTests" time="0">
    <error message="Unable to connect to Redis on 127.0.0.1:6379; nested exception is com.lambdaworks.redis.RedisConnectionException: Unable to connect to /127.0.0.1:6379" type="org.springframework.data.redis.RedisConnectionFailureException">org.springframework.data.redis.RedisConnectionFailureException: Unable to connect to Redis on 127.0.0.1:6379; nested exception is com.lambdaworks.redis.RedisConnectionException: Unable to connect to /127.0.0.1:6379
Caused by: com.lambdaworks.redis.RedisConnectionException: Unable to connect to /127.0.0.1:6379
Caused by: java.net.ConnectException: Conexão recusada: /127.0.0.1:6379
</error>
  </testcase>
  <testcase name="testRemoveLast[26]" classname="org.springframework.data.redis.support.collections.RedisListTests" time="0.002">
    <error message="Unable to connect to Redis on 127.0.0.1:6379; nested exception is com.lambdaworks.redis.RedisConnectionException: Unable to connect to /127.0.0.1:6379" type="org.springframework.data.redis.RedisConnectionFailureException">org.springframework.data.redis.RedisConnectionFailureException: Unable to connect to Redis on 127.0.0.1:6379; nested exception is com.lambdaworks.redis.RedisConnectionException: Unable to connect to /127.0.0.1:6379
Caused by: com.lambdaworks.redis.RedisConnectionException: Unable to connect to /127.0.0.1:6379
Caused by: java.net.ConnectException: Conexão recusada: /127.0.0.1:6379
</error>
  </testcase>
  <testcase name="testRemoveLast[26]" classname="org.springframework.data.redis.support.collections.RedisListTests" time="0.002">
    <error message="Unable to connect to Redis on 127.0.0.1:6379; nested exception is com.lambdaworks.redis.RedisConnectionException: Unable to connect to /127.0.0.1:6379" type="org.springframework.data.redis.RedisConnectionFailureException">org.springframework.data.redis.RedisConnectionFailureException: Unable to connect to Redis on 127.0.0.1:6379; nested exception is com.lambdaworks.redis.RedisConnectionException: Unable to connect to /127.0.0.1:6379
Caused by: com.lambdaworks.redis.RedisConnectionException: Unable to connect to /127.0.0.1:6379
Caused by: java.net.ConnectException: Conexão recusada: /127.0.0.1:6379
</error>
  </testcase>
  <testcase name="testAddIndexObjectHead[26]" classname="org.springframework.data.redis.support.collections.RedisListTests" time="0.002">
    <error message="Unable to connect to Redis on 127.0.0.1:6379; nested exception is com.lambdaworks.redis.RedisConnectionException: Unable to connect to /127.0.0.1:6379" type="org.springframework.data.redis.RedisConnectionFailureException">org.springframework.data.redis.RedisConnectionFailureException: Unable to connect to Redis on 127.0.0.1:6379; nested exception is com.lambdaworks.redis.RedisConnectionException: Unable to connect to /127.0.0.1:6379
Caused by: com.lambdaworks.redis.RedisConnectionException: Unable to connect to /127.0.0.1:6379
Caused by: java.net.ConnectException: Conexão recusada: /127.0.0.1:6379
</error>
  </testcase>
  <testcase name="testAddIndexObjectHead[26]" classname="org.springframework.data.redis.support.collections.RedisListTests" time="0.002">
    <error message="Unable to connect to Redis on 127.0.0.1:6379; nested exception is com.lambdaworks.redis.RedisConnectionException: Unable to connect to /127.0.0.1:6379" type="org.springframework.data.redis.RedisConnectionFailureException">org.springframework.data.redis.RedisConnectionFailureException: Unable to connect to Redis on 127.0.0.1:6379; nested exception is com.lambdaworks.redis.RedisConnectionException: Unable to connect to /127.0.0.1:6379
Caused by: com.lambdaworks.redis.RedisConnectionException: Unable to connect to /127.0.0.1:6379
Caused by: java.net.ConnectException: Conexão recusada: /127.0.0.1:6379
</error>
  </testcase>
  <testcase name="testAddIndexObjectTail[26]" classname="org.springframework.data.redis.support.collections.RedisListTests" time="0.001">
    <error message="Unable to connect to Redis on 127.0.0.1:6379; nested exception is com.lambdaworks.redis.RedisConnectionException: Unable to connect to /127.0.0.1:6379" type="org.springframework.data.redis.RedisConnectionFailureException">org.springframework.data.redis.RedisConnectionFailureException: Unable to connect to Redis on 127.0.0.1:6379; nested exception is com.lambdaworks.redis.RedisConnectionException: Unable to connect to /127.0.0.1:6379
Caused by: com.lambdaworks.redis.RedisConnectionException: Unable to connect to /127.0.0.1:6379
Caused by: java.net.ConnectException: Conexão recusada: /127.0.0.1:6379
</error>
  </testcase>
  <testcase name="testAddIndexObjectTail[26]" classname="org.springframework.data.redis.support.collections.RedisListTests" time="0.001">
    <error message="Unable to connect to Redis on 127.0.0.1:6379; nested exception is com.lambdaworks.redis.RedisConnectionException: Unable to connect to /127.0.0.1:6379" type="org.springframework.data.redis.RedisConnectionFailureException">org.springframework.data.redis.RedisConnectionFailureException: Unable to connect to Redis on 127.0.0.1:6379; nested exception is com.lambdaworks.redis.RedisConnectionException: Unable to connect to /127.0.0.1:6379
Caused by: com.lambdaworks.redis.RedisConnectionException: Unable to connect to /127.0.0.1:6379
Caused by: java.net.ConnectException: Conexão recusada: /127.0.0.1:6379
</error>
  </testcase>
  <testcase name="testPollFirst[26]" classname="org.springframework.data.redis.support.collections.RedisListTests" time="0.001">
    <error message="Unable to connect to Redis on 127.0.0.1:6379; nested exception is com.lambdaworks.redis.RedisConnectionException: Unable to connect to /127.0.0.1:6379" type="org.springframework.data.redis.RedisConnectionFailureException">org.springframework.data.redis.RedisConnectionFailureException: Unable to connect to Redis on 127.0.0.1:6379; nested exception is com.lambdaworks.redis.RedisConnectionException: Unable to connect to /127.0.0.1:6379
Caused by: com.lambdaworks.redis.RedisConnectionException: Unable to connect to /127.0.0.1:6379
Caused by: java.net.ConnectException: Conexão recusada: /127.0.0.1:6379
</error>
  </testcase>
  <testcase name="testPollFirst[26]" classname="org.springframework.data.redis.support.collections.RedisListTests" time="0.001">
    <error message="Unable to connect to Redis on 127.0.0.1:6379; nested exception is com.lambdaworks.redis.RedisConnectionException: Unable to connect to /127.0.0.1:6379" type="org.springframework.data.redis.RedisConnectionFailureException">org.springframework.data.redis.RedisConnectionFailureException: Unable to connect to Redis on 127.0.0.1:6379; nested exception is com.lambdaworks.redis.RedisConnectionException: Unable to connect to /127.0.0.1:6379
Caused by: com.lambdaworks.redis.RedisConnectionException: Unable to connect to /127.0.0.1:6379
Caused by: java.net.ConnectException: Conexão recusada: /127.0.0.1:6379
</error>
  </testcase>
  <testcase name="testAddIndexObjectMiddle[26]" classname="org.springframework.data.redis.support.collections.RedisListTests" time="0.001">
    <error message="Unexpected exception, expected&lt;java.lang.IllegalArgumentException&gt; but was&lt;org.springframework.data.redis.RedisConnectionFailureException&gt;" type="java.lang.Exception"><![CDATA[java.lang.Exception: Unexpected exception, expected<java.lang.IllegalArgumentException> but was<org.springframework.data.redis.RedisConnectionFailureException>
Caused by: org.springframework.data.redis.RedisConnectionFailureException: Unable to connect to Redis on 127.0.0.1:6379; nested exception is com.lambdaworks.redis.RedisConnectionException: Unable to connect to /127.0.0.1:6379
Caused by: com.lambdaworks.redis.RedisConnectionException: Unable to connect to /127.0.0.1:6379
Caused by: java.net.ConnectException: Conexão recusada: /127.0.0.1:6379
]]></error>
  </testcase>
  <testcase name="testAddIndexObjectMiddle[26]" classname="org.springframework.data.redis.support.collections.RedisListTests" time="0.001">
    <error message="Unable to connect to Redis on 127.0.0.1:6379; nested exception is com.lambdaworks.redis.RedisConnectionException: Unable to connect to /127.0.0.1:6379" type="org.springframework.data.redis.RedisConnectionFailureException">org.springframework.data.redis.RedisConnectionFailureException: Unable to connect to Redis on 127.0.0.1:6379; nested exception is com.lambdaworks.redis.RedisConnectionException: Unable to connect to /127.0.0.1:6379
Caused by: com.lambdaworks.redis.RedisConnectionException: Unable to connect to /127.0.0.1:6379
Caused by: java.net.ConnectException: Conexão recusada: /127.0.0.1:6379
</error>
  </testcase>
  <testcase name="testPeekLast[26]" classname="org.springframework.data.redis.support.collections.RedisListTests" time="0.001">
    <error message="Unable to connect to Redis on 127.0.0.1:6379; nested exception is com.lambdaworks.redis.RedisConnectionException: Unable to connect to /127.0.0.1:6379" type="org.springframework.data.redis.RedisConnectionFailureException">org.springframework.data.redis.RedisConnectionFailureException: Unable to connect to Redis on 127.0.0.1:6379; nested exception is com.lambdaworks.redis.RedisConnectionException: Unable to connect to /127.0.0.1:6379
Caused by: com.lambdaworks.redis.RedisConnectionException: Unable to connect to /127.0.0.1:6379
Caused by: java.net.ConnectException: Conexão recusada: /127.0.0.1:6379
</error>
  </testcase>
  <testcase name="testPeekLast[26]" classname="org.springframework.data.redis.support.collections.RedisListTests" time="0.002">
    <error message="Unable to connect to Redis on 127.0.0.1:6379; nested exception is com.lambdaworks.redis.RedisConnectionException: Unable to connect to /127.0.0.1:6379" type="org.springframework.data.redis.RedisConnectionFailureException">org.springframework.data.redis.RedisConnectionFailureException: Unable to connect to Redis on 127.0.0.1:6379; nested exception is com.lambdaworks.redis.RedisConnectionException: Unable to connect to /127.0.0.1:6379
Caused by: com.lambdaworks.redis.RedisConnectionException: Unable to connect to /127.0.0.1:6379
Caused by: java.net.ConnectException: Conexão recusada: /127.0.0.1:6379
</error>
  </testcase>
  <testcase name="testRemoveFirstOccurrence[26]" classname="org.springframework.data.redis.support.collections.RedisListTests" time="0.001">
    <error message="Unable to connect to Redis on 127.0.0.1:6379; nested exception is com.lambdaworks.redis.RedisConnectionException: Unable to connect to /127.0.0.1:6379" type="org.springframework.data.redis.RedisConnectionFailureException">org.springframework.data.redis.RedisConnectionFailureException: Unable to connect to Redis on 127.0.0.1:6379; nested exception is com.lambdaworks.redis.RedisConnectionException: Unable to connect to /127.0.0.1:6379
Caused by: com.lambdaworks.redis.RedisConnectionException: Unable to connect to /127.0.0.1:6379
Caused by: java.net.ConnectException: Conexão recusada: /127.0.0.1:6379
</error>
  </testcase>
  <testcase name="testRemoveFirstOccurrence[26]" classname="org.springframework.data.redis.support.collections.RedisListTests" time="0.001">
    <error message="Unable to connect to Redis on 127.0.0.1:6379; nested exception is com.lambdaworks.redis.RedisConnectionException: Unable to connect to /127.0.0.1:6379" type="org.springframework.data.redis.RedisConnectionFailureException">org.springframework.data.redis.RedisConnectionFailureException: Unable to connect to Redis on 127.0.0.1:6379; nested exception is com.lambdaworks.redis.RedisConnectionException: Unable to connect to /127.0.0.1:6379
Caused by: com.lambdaworks.redis.RedisConnectionException: Unable to connect to /127.0.0.1:6379
Caused by: java.net.ConnectException: Conexão recusada: /127.0.0.1:6379
</error>
  </testcase>
  <testcase name="addAllIndexCollectionHead[26]" classname="org.springframework.data.redis.support.collections.RedisListTests" time="0.001">
    <error message="Unable to connect to Redis on 127.0.0.1:6379; nested exception is com.lambdaworks.redis.RedisConnectionException: Unable to connect to /127.0.0.1:6379" type="org.springframework.data.redis.RedisConnectionFailureException">org.springframework.data.redis.RedisConnectionFailureException: Unable to connect to Redis on 127.0.0.1:6379; nested exception is com.lambdaworks.redis.RedisConnectionException: Unable to connect to /127.0.0.1:6379
Caused by: com.lambdaworks.redis.RedisConnectionException: Unable to connect to /127.0.0.1:6379
Caused by: java.net.ConnectException: Conexão recusada: /127.0.0.1:6379
</error>
  </testcase>
  <testcase name="addAllIndexCollectionHead[26]" classname="org.springframework.data.redis.support.collections.RedisListTests" time="0.001">
    <error message="Unable to connect to Redis on 127.0.0.1:6379; nested exception is com.lambdaworks.redis.RedisConnectionException: Unable to connect to /127.0.0.1:6379" type="org.springframework.data.redis.RedisConnectionFailureException">org.springframework.data.redis.RedisConnectionFailureException: Unable to connect to Redis on 127.0.0.1:6379; nested exception is com.lambdaworks.redis.RedisConnectionException: Unable to connect to /127.0.0.1:6379
Caused by: com.lambdaworks.redis.RedisConnectionException: Unable to connect to /127.0.0.1:6379
Caused by: java.net.ConnectException: Conexão recusada: /127.0.0.1:6379
</error>
  </testcase>
  <testcase name="addAllIndexCollectionTail[26]" classname="org.springframework.data.redis.support.collections.RedisListTests" time="0.002">
    <error message="Unable to connect to Redis on 127.0.0.1:6379; nested exception is com.lambdaworks.redis.RedisConnectionException: Unable to connect to /127.0.0.1:6379" type="org.springframework.data.redis.RedisConnectionFailureException">org.springframework.data.redis.RedisConnectionFailureException: Unable to connect to Redis on 127.0.0.1:6379; nested exception is com.lambdaworks.redis.RedisConnectionException: Unable to connect to /127.0.0.1:6379
Caused by: com.lambdaworks.redis.RedisConnectionException: Unable to connect to /127.0.0.1:6379
Caused by: java.net.ConnectException: Conexão recusada: /127.0.0.1:6379
</error>
  </testcase>
  <testcase name="addAllIndexCollectionTail[26]" classname="org.springframework.data.redis.support.collections.RedisListTests" time="0.002">
    <error message="Unable to connect to Redis on 127.0.0.1:6379; nested exception is com.lambdaworks.redis.RedisConnectionException: Unable to connect to /127.0.0.1:6379" type="org.springframework.data.redis.RedisConnectionFailureException">org.springframework.data.redis.RedisConnectionFailureException: Unable to connect to Redis on 127.0.0.1:6379; nested exception is com.lambdaworks.redis.RedisConnectionException: Unable to connect to /127.0.0.1:6379
Caused by: com.lambdaworks.redis.RedisConnectionException: Unable to connect to /127.0.0.1:6379
Caused by: java.net.ConnectException: Conexão recusada: /127.0.0.1:6379
</error>
  </testcase>
  <testcase name="addAllIndexCollectionMiddle[26]" classname="org.springframework.data.redis.support.collections.RedisListTests" time="0.004">
    <error message="Unexpected exception, expected&lt;java.lang.IllegalArgumentException&gt; but was&lt;org.springframework.data.redis.RedisConnectionFailureException&gt;" type="java.lang.Exception"><![CDATA[java.lang.Exception: Unexpected exception, expected<java.lang.IllegalArgumentException> but was<org.springframework.data.redis.RedisConnectionFailureException>
Caused by: org.springframework.data.redis.RedisConnectionFailureException: Unable to connect to Redis on 127.0.0.1:6379; nested exception is com.lambdaworks.redis.RedisConnectionException: Unable to connect to /127.0.0.1:6379
Caused by: com.lambdaworks.redis.RedisConnectionException: Unable to connect to /127.0.0.1:6379
Caused by: java.net.ConnectException: Conexão recusada: /127.0.0.1:6379
]]></error>
  </testcase>
  <testcase name="addAllIndexCollectionMiddle[26]" classname="org.springframework.data.redis.support.collections.RedisListTests" time="0.004">
    <error message="Unable to connect to Redis on 127.0.0.1:6379; nested exception is com.lambdaworks.redis.RedisConnectionException: Unable to connect to /127.0.0.1:6379" type="org.springframework.data.redis.RedisConnectionFailureException">org.springframework.data.redis.RedisConnectionFailureException: Unable to connect to Redis on 127.0.0.1:6379; nested exception is com.lambdaworks.redis.RedisConnectionException: Unable to connect to /127.0.0.1:6379
Caused by: com.lambdaworks.redis.RedisConnectionException: Unable to connect to /127.0.0.1:6379
Caused by: java.net.ConnectException: Conexão recusada: /127.0.0.1:6379
</error>
  </testcase>
  <testcase name="testPollLast[26]" classname="org.springframework.data.redis.support.collections.RedisListTests" time="0">
    <error message="Unable to connect to Redis on 127.0.0.1:6379; nested exception is com.lambdaworks.redis.RedisConnectionException: Unable to connect to /127.0.0.1:6379" type="org.springframework.data.redis.RedisConnectionFailureException">org.springframework.data.redis.RedisConnectionFailureException: Unable to connect to Redis on 127.0.0.1:6379; nested exception is com.lambdaworks.redis.RedisConnectionException: Unable to connect to /127.0.0.1:6379
Caused by: com.lambdaworks.redis.RedisConnectionException: Unable to connect to /127.0.0.1:6379
Caused by: java.net.ConnectException: Conexão recusada: /127.0.0.1:6379
</error>
  </testcase>
  <testcase name="testPollLast[26]" classname="org.springframework.data.redis.support.collections.RedisListTests" time="0">
    <error message="Unable to connect to Redis on 127.0.0.1:6379; nested exception is com.lambdaworks.redis.RedisConnectionException: Unable to connect to /127.0.0.1:6379" type="org.springframework.data.redis.RedisConnectionFailureException">org.springframework.data.redis.RedisConnectionFailureException: Unable to connect to Redis on 127.0.0.1:6379; nested exception is com.lambdaworks.redis.RedisConnectionException: Unable to connect to /127.0.0.1:6379
Caused by: com.lambdaworks.redis.RedisConnectionException: Unable to connect to /127.0.0.1:6379
Caused by: java.net.ConnectException: Conexão recusada: /127.0.0.1:6379
</error>
  </testcase>
  <testcase name="testIndexOfObject[26]" classname="org.springframework.data.redis.support.collections.RedisListTests" time="0">
    <error message="Unable to connect to Redis on 127.0.0.1:6379; nested exception is com.lambdaworks.redis.RedisConnectionException: Unable to connect to /127.0.0.1:6379" type="org.springframework.data.redis.RedisConnectionFailureException">org.springframework.data.redis.RedisConnectionFailureException: Unable to connect to Redis on 127.0.0.1:6379; nested exception is com.lambdaworks.redis.RedisConnectionException: Unable to connect to /127.0.0.1:6379
Caused by: com.lambdaworks.redis.RedisConnectionException: Unable to connect to /127.0.0.1:6379
Caused by: java.net.ConnectException: Conexão recusada: /127.0.0.1:6379
</error>
  </testcase>
  <testcase name="testPollTimeout[26]" classname="org.springframework.data.redis.support.collections.RedisListTests" time="0.006">
    <error message="Unable to connect to Redis on 127.0.0.1:6379; nested exception is com.lambdaworks.redis.RedisConnectionException: Unable to connect to /127.0.0.1:6379" type="org.springframework.data.redis.RedisConnectionFailureException">org.springframework.data.redis.RedisConnectionFailureException: Unable to connect to Redis on 127.0.0.1:6379; nested exception is com.lambdaworks.redis.RedisConnectionException: Unable to connect to /127.0.0.1:6379
Caused by: com.lambdaworks.redis.RedisConnectionException: Unable to connect to /127.0.0.1:6379
Caused by: java.net.ConnectException: Conexão recusada: /127.0.0.1:6379
</error>
  </testcase>
  <testcase name="testPollTimeout[26]" classname="org.springframework.data.redis.support.collections.RedisListTests" time="0.006">
    <error message="Unable to connect to Redis on 127.0.0.1:6379; nested exception is com.lambdaworks.redis.RedisConnectionException: Unable to connect to /127.0.0.1:6379" type="org.springframework.data.redis.RedisConnectionFailureException">org.springframework.data.redis.RedisConnectionFailureException: Unable to connect to Redis on 127.0.0.1:6379; nested exception is com.lambdaworks.redis.RedisConnectionException: Unable to connect to /127.0.0.1:6379
Caused by: com.lambdaworks.redis.RedisConnectionException: Unable to connect to /127.0.0.1:6379
Caused by: java.net.ConnectException: Conexão recusada: /127.0.0.1:6379
</error>
  </testcase>
  <testcase name="testRemove[26]" classname="org.springframework.data.redis.support.collections.RedisListTests" time="0">
    <error message="Unable to connect to Redis on 127.0.0.1:6379; nested exception is com.lambdaworks.redis.RedisConnectionException: Unable to connect to /127.0.0.1:6379" type="org.springframework.data.redis.RedisConnectionFailureException">org.springframework.data.redis.RedisConnectionFailureException: Unable to connect to Redis on 127.0.0.1:6379; nested exception is com.lambdaworks.redis.RedisConnectionException: Unable to connect to /127.0.0.1:6379
Caused by: com.lambdaworks.redis.RedisConnectionException: Unable to connect to /127.0.0.1:6379
Caused by: java.net.ConnectException: Conexão recusada: /127.0.0.1:6379
</error>
  </testcase>
  <testcase name="testRemove[26]" classname="org.springframework.data.redis.support.collections.RedisListTests" time="0">
    <error message="Unable to connect to Redis on 127.0.0.1:6379; nested exception is com.lambdaworks.redis.RedisConnectionException: Unable to connect to /127.0.0.1:6379" type="org.springframework.data.redis.RedisConnectionFailureException">org.springframework.data.redis.RedisConnectionFailureException: Unable to connect to Redis on 127.0.0.1:6379; nested exception is com.lambdaworks.redis.RedisConnectionException: Unable to connect to /127.0.0.1:6379
Caused by: com.lambdaworks.redis.RedisConnectionException: Unable to connect to /127.0.0.1:6379
Caused by: java.net.ConnectException: Conexão recusada: /127.0.0.1:6379
</error>
  </testcase>
  <testcase name="testCappedCollection[26]" classname="org.springframework.data.redis.support.collections.RedisListTests" time="0">
    <error message="Unable to connect to Redis on 127.0.0.1:6379; nested exception is com.lambdaworks.redis.RedisConnectionException: Unable to connect to /127.0.0.1:6379" type="org.springframework.data.redis.RedisConnectionFailureException">org.springframework.data.redis.RedisConnectionFailureException: Unable to connect to Redis on 127.0.0.1:6379; nested exception is com.lambdaworks.redis.RedisConnectionException: Unable to connect to /127.0.0.1:6379
Caused by: com.lambdaworks.redis.RedisConnectionException: Unable to connect to /127.0.0.1:6379
Caused by: java.net.ConnectException: Conexão recusada: /127.0.0.1:6379
</error>
  </testcase>
  <testcase name="testCappedCollection[26]" classname="org.springframework.data.redis.support.collections.RedisListTests" time="0">
    <error message="Unable to connect to Redis on 127.0.0.1:6379; nested exception is com.lambdaworks.redis.RedisConnectionException: Unable to connect to /127.0.0.1:6379" type="org.springframework.data.redis.RedisConnectionFailureException">org.springframework.data.redis.RedisConnectionFailureException: Unable to connect to Redis on 127.0.0.1:6379; nested exception is com.lambdaworks.redis.RedisConnectionException: Unable to connect to /127.0.0.1:6379
Caused by: com.lambdaworks.redis.RedisConnectionException: Unable to connect to /127.0.0.1:6379
Caused by: java.net.ConnectException: Conexão recusada: /127.0.0.1:6379
</error>
  </testcase>
  <testcase name="testRmoveLastOccurrence[26]" classname="org.springframework.data.redis.support.collections.RedisListTests" time="0">
    <error message="Unable to connect to Redis on 127.0.0.1:6379; nested exception is com.lambdaworks.redis.RedisConnectionException: Unable to connect to /127.0.0.1:6379" type="org.springframework.data.redis.RedisConnectionFailureException">org.springframework.data.redis.RedisConnectionFailureException: Unable to connect to Redis on 127.0.0.1:6379; nested exception is com.lambdaworks.redis.RedisConnectionException: Unable to connect to /127.0.0.1:6379
Caused by: com.lambdaworks.redis.RedisConnectionException: Unable to connect to /127.0.0.1:6379
Caused by: java.net.ConnectException: Conexão recusada: /127.0.0.1:6379
</error>
  </testcase>
  <testcase name="testRmoveLastOccurrence[26]" classname="org.springframework.data.redis.support.collections.RedisListTests" time="0">
    <error message="Unable to connect to Redis on 127.0.0.1:6379; nested exception is com.lambdaworks.redis.RedisConnectionException: Unable to connect to /127.0.0.1:6379" type="org.springframework.data.redis.RedisConnectionFailureException">org.springframework.data.redis.RedisConnectionFailureException: Unable to connect to Redis on 127.0.0.1:6379; nested exception is com.lambdaworks.redis.RedisConnectionException: Unable to connect to /127.0.0.1:6379
Caused by: com.lambdaworks.redis.RedisConnectionException: Unable to connect to /127.0.0.1:6379
Caused by: java.net.ConnectException: Conexão recusada: /127.0.0.1:6379
</error>
  </testcase>
  <testcase name="testTakeFirst[26]" classname="org.springframework.data.redis.support.collections.RedisListTests" time="0.005">
    <error message="Unable to connect to Redis on 127.0.0.1:6379; nested exception is com.lambdaworks.redis.RedisConnectionException: Unable to connect to /127.0.0.1:6379" type="org.springframework.data.redis.RedisConnectionFailureException">org.springframework.data.redis.RedisConnectionFailureException: Unable to connect to Redis on 127.0.0.1:6379; nested exception is com.lambdaworks.redis.RedisConnectionException: Unable to connect to /127.0.0.1:6379
Caused by: com.lambdaworks.redis.RedisConnectionException: Unable to connect to /127.0.0.1:6379
Caused by: java.net.ConnectException: Conexão recusada: /127.0.0.1:6379
</error>
  </testcase>
  <testcase name="testTakeFirst[26]" classname="org.springframework.data.redis.support.collections.RedisListTests" time="0.005">
    <error message="Unable to connect to Redis on 127.0.0.1:6379; nested exception is com.lambdaworks.redis.RedisConnectionException: Unable to connect to /127.0.0.1:6379" type="org.springframework.data.redis.RedisConnectionFailureException">org.springframework.data.redis.RedisConnectionFailureException: Unable to connect to Redis on 127.0.0.1:6379; nested exception is com.lambdaworks.redis.RedisConnectionException: Unable to connect to /127.0.0.1:6379
Caused by: com.lambdaworks.redis.RedisConnectionException: Unable to connect to /127.0.0.1:6379
Caused by: java.net.ConnectException: Conexão recusada: /127.0.0.1:6379
</error>
  </testcase>
  <testcase name="testContainsObject[26]" classname="org.springframework.data.redis.support.collections.RedisListTests" time="0">
    <error message="Unable to connect to Redis on 127.0.0.1:6379; nested exception is com.lambdaworks.redis.RedisConnectionException: Unable to connect to /127.0.0.1:6379" type="org.springframework.data.redis.RedisConnectionFailureException">org.springframework.data.redis.RedisConnectionFailureException: Unable to connect to Redis on 127.0.0.1:6379; nested exception is com.lambdaworks.redis.RedisConnectionException: Unable to connect to /127.0.0.1:6379
Caused by: com.lambdaworks.redis.RedisConnectionException: Unable to connect to /127.0.0.1:6379
Caused by: java.net.ConnectException: Conexão recusada: /127.0.0.1:6379
</error>
  </testcase>
  <testcase name="testContainsObject[26]" classname="org.springframework.data.redis.support.collections.RedisListTests" time="0">
    <error message="Unable to connect to Redis on 127.0.0.1:6379; nested exception is com.lambdaworks.redis.RedisConnectionException: Unable to connect to /127.0.0.1:6379" type="org.springframework.data.redis.RedisConnectionFailureException">org.springframework.data.redis.RedisConnectionFailureException: Unable to connect to Redis on 127.0.0.1:6379; nested exception is com.lambdaworks.redis.RedisConnectionException: Unable to connect to /127.0.0.1:6379
Caused by: com.lambdaworks.redis.RedisConnectionException: Unable to connect to /127.0.0.1:6379
Caused by: java.net.ConnectException: Conexão recusada: /127.0.0.1:6379
</error>
  </testcase>
  <testcase name="testToArray[26]" classname="org.springframework.data.redis.support.collections.RedisListTests" time="0">
    <error message="Unable to connect to Redis on 127.0.0.1:6379; nested exception is com.lambdaworks.redis.RedisConnectionException: Unable to connect to /127.0.0.1:6379" type="org.springframework.data.redis.RedisConnectionFailureException">org.springframework.data.redis.RedisConnectionFailureException: Unable to connect to Redis on 127.0.0.1:6379; nested exception is com.lambdaworks.redis.RedisConnectionException: Unable to connect to /127.0.0.1:6379
Caused by: com.lambdaworks.redis.RedisConnectionException: Unable to connect to /127.0.0.1:6379
Caused by: java.net.ConnectException: Conexão recusada: /127.0.0.1:6379
</error>
  </testcase>
  <testcase name="testToArray[26]" classname="org.springframework.data.redis.support.collections.RedisListTests" time="0">
    <error message="Unable to connect to Redis on 127.0.0.1:6379; nested exception is com.lambdaworks.redis.RedisConnectionException: Unable to connect to /127.0.0.1:6379" type="org.springframework.data.redis.RedisConnectionFailureException">org.springframework.data.redis.RedisConnectionFailureException: Unable to connect to Redis on 127.0.0.1:6379; nested exception is com.lambdaworks.redis.RedisConnectionException: Unable to connect to /127.0.0.1:6379
Caused by: com.lambdaworks.redis.RedisConnectionException: Unable to connect to /127.0.0.1:6379
Caused by: java.net.ConnectException: Conexão recusada: /127.0.0.1:6379
</error>
  </testcase>
  <testcase name="testAdd[26]" classname="org.springframework.data.redis.support.collections.RedisListTests" time="0.003">
    <error message="Unable to connect to Redis on 127.0.0.1:6379; nested exception is com.lambdaworks.redis.RedisConnectionException: Unable to connect to /127.0.0.1:6379" type="org.springframework.data.redis.RedisConnectionFailureException">org.springframework.data.redis.RedisConnectionFailureException: Unable to connect to Redis on 127.0.0.1:6379; nested exception is com.lambdaworks.redis.RedisConnectionException: Unable to connect to /127.0.0.1:6379
Caused by: com.lambdaworks.redis.RedisConnectionException: Unable to connect to /127.0.0.1:6379
Caused by: java.net.ConnectException: Conexão recusada: /127.0.0.1:6379
</error>
  </testcase>
  <testcase name="testAdd[26]" classname="org.springframework.data.redis.support.collections.RedisListTests" time="0.003">
    <error message="Unable to connect to Redis on 127.0.0.1:6379; nested exception is com.lambdaworks.redis.RedisConnectionException: Unable to connect to /127.0.0.1:6379" type="org.springframework.data.redis.RedisConnectionFailureException">org.springframework.data.redis.RedisConnectionFailureException: Unable to connect to Redis on 127.0.0.1:6379; nested exception is com.lambdaworks.redis.RedisConnectionException: Unable to connect to /127.0.0.1:6379
Caused by: com.lambdaworks.redis.RedisConnectionException: Unable to connect to /127.0.0.1:6379
Caused by: java.net.ConnectException: Conexão recusada: /127.0.0.1:6379
</error>
  </testcase>
  <testcase name="testClear[26]" classname="org.springframework.data.redis.support.collections.RedisListTests" time="0">
    <error message="Unable to connect to Redis on 127.0.0.1:6379; nested exception is com.lambdaworks.redis.RedisConnectionException: Unable to connect to /127.0.0.1:6379" type="org.springframework.data.redis.RedisConnectionFailureException">org.springframework.data.redis.RedisConnectionFailureException: Unable to connect to Redis on 127.0.0.1:6379; nested exception is com.lambdaworks.redis.RedisConnectionException: Unable to connect to /127.0.0.1:6379
Caused by: com.lambdaworks.redis.RedisConnectionException: Unable to connect to /127.0.0.1:6379
Caused by: java.net.ConnectException: Conexão recusada: /127.0.0.1:6379
</error>
  </testcase>
  <testcase name="testClear[26]" classname="org.springframework.data.redis.support.collections.RedisListTests" time="0">
    <error message="Unable to connect to Redis on 127.0.0.1:6379; nested exception is com.lambdaworks.redis.RedisConnectionException: Unable to connect to /127.0.0.1:6379" type="org.springframework.data.redis.RedisConnectionFailureException">org.springframework.data.redis.RedisConnectionFailureException: Unable to connect to Redis on 127.0.0.1:6379; nested exception is com.lambdaworks.redis.RedisConnectionException: Unable to connect to /127.0.0.1:6379
Caused by: com.lambdaworks.redis.RedisConnectionException: Unable to connect to /127.0.0.1:6379
Caused by: java.net.ConnectException: Conexão recusada: /127.0.0.1:6379
</error>
  </testcase>
  <testcase name="testSize[26]" classname="org.springframework.data.redis.support.collections.RedisListTests" time="0.004">
    <error message="Unable to connect to Redis on 127.0.0.1:6379; nested exception is com.lambdaworks.redis.RedisConnectionException: Unable to connect to /127.0.0.1:6379" type="org.springframework.data.redis.RedisConnectionFailureException">org.springframework.data.redis.RedisConnectionFailureException: Unable to connect to Redis on 127.0.0.1:6379; nested exception is com.lambdaworks.redis.RedisConnectionException: Unable to connect to /127.0.0.1:6379
Caused by: com.lambdaworks.redis.RedisConnectionException: Unable to connect to /127.0.0.1:6379
Caused by: java.net.ConnectException: Conexão recusada: /127.0.0.1:6379
</error>
  </testcase>
  <testcase name="testSize[26]" classname="org.springframework.data.redis.support.collections.RedisListTests" time="0.004">
    <error message="Unable to connect to Redis on 127.0.0.1:6379; nested exception is com.lambdaworks.redis.RedisConnectionException: Unable to connect to /127.0.0.1:6379" type="org.springframework.data.redis.RedisConnectionFailureException">org.springframework.data.redis.RedisConnectionFailureException: Unable to connect to Redis on 127.0.0.1:6379; nested exception is com.lambdaworks.redis.RedisConnectionException: Unable to connect to /127.0.0.1:6379
Caused by: com.lambdaworks.redis.RedisConnectionException: Unable to connect to /127.0.0.1:6379
Caused by: java.net.ConnectException: Conexão recusada: /127.0.0.1:6379
</error>
  </testcase>
  <testcase name="testToString[26]" classname="org.springframework.data.redis.support.collections.RedisListTests" time="0">
    <error message="Unable to connect to Redis on 127.0.0.1:6379; nested exception is com.lambdaworks.redis.RedisConnectionException: Unable to connect to /127.0.0.1:6379" type="org.springframework.data.redis.RedisConnectionFailureException">org.springframework.data.redis.RedisConnectionFailureException: Unable to connect to Redis on 127.0.0.1:6379; nested exception is com.lambdaworks.redis.RedisConnectionException: Unable to connect to /127.0.0.1:6379
Caused by: com.lambdaworks.redis.RedisConnectionException: Unable to connect to /127.0.0.1:6379
Caused by: java.net.ConnectException: Conexão recusada: /127.0.0.1:6379
</error>
  </testcase>
  <testcase name="testToString[26]" classname="org.springframework.data.redis.support.collections.RedisListTests" time="0">
    <error message="Unable to connect to Redis on 127.0.0.1:6379; nested exception is com.lambdaworks.redis.RedisConnectionException: Unable to connect to /127.0.0.1:6379" type="org.springframework.data.redis.RedisConnectionFailureException">org.springframework.data.redis.RedisConnectionFailureException: Unable to connect to Redis on 127.0.0.1:6379; nested exception is com.lambdaworks.redis.RedisConnectionException: Unable to connect to /127.0.0.1:6379
Caused by: com.lambdaworks.redis.RedisConnectionException: Unable to connect to /127.0.0.1:6379
Caused by: java.net.ConnectException: Conexão recusada: /127.0.0.1:6379
</error>
  </testcase>
  <testcase name="testContainsAll[26]" classname="org.springframework.data.redis.support.collections.RedisListTests" time="0">
    <error message="Unable to connect to Redis on 127.0.0.1:6379; nested exception is com.lambdaworks.redis.RedisConnectionException: Unable to connect to /127.0.0.1:6379" type="org.springframework.data.redis.RedisConnectionFailureException">org.springframework.data.redis.RedisConnectionFailureException: Unable to connect to Redis on 127.0.0.1:6379; nested exception is com.lambdaworks.redis.RedisConnectionException: Unable to connect to /127.0.0.1:6379
Caused by: com.lambdaworks.redis.RedisConnectionException: Unable to connect to /127.0.0.1:6379
Caused by: java.net.ConnectException: Conexão recusada: /127.0.0.1:6379
</error>
  </testcase>
  <testcase name="testContainsAll[26]" classname="org.springframework.data.redis.support.collections.RedisListTests" time="0">
    <error message="Unable to connect to Redis on 127.0.0.1:6379; nested exception is com.lambdaworks.redis.RedisConnectionException: Unable to connect to /127.0.0.1:6379" type="org.springframework.data.redis.RedisConnectionFailureException">org.springframework.data.redis.RedisConnectionFailureException: Unable to connect to Redis on 127.0.0.1:6379; nested exception is com.lambdaworks.redis.RedisConnectionException: Unable to connect to /127.0.0.1:6379
Caused by: com.lambdaworks.redis.RedisConnectionException: Unable to connect to /127.0.0.1:6379
Caused by: java.net.ConnectException: Conexão recusada: /127.0.0.1:6379
</error>
  </testcase>
  <testcase name="testRemoveObject[26]" classname="org.springframework.data.redis.support.collections.RedisListTests" time="0.003">
    <error message="Unable to connect to Redis on 127.0.0.1:6379; nested exception is com.lambdaworks.redis.RedisConnectionException: Unable to connect to /127.0.0.1:6379" type="org.springframework.data.redis.RedisConnectionFailureException">org.springframework.data.redis.RedisConnectionFailureException: Unable to connect to Redis on 127.0.0.1:6379; nested exception is com.lambdaworks.redis.RedisConnectionException: Unable to connect to /127.0.0.1:6379
Caused by: com.lambdaworks.redis.RedisConnectionException: Unable to connect to /127.0.0.1:6379
Caused by: java.net.ConnectException: Conexão recusada: /127.0.0.1:6379
</error>
  </testcase>
  <testcase name="testRemoveObject[26]" classname="org.springframework.data.redis.support.collections.RedisListTests" time="0.003">
    <error message="Unable to connect to Redis on 127.0.0.1:6379; nested exception is com.lambdaworks.redis.RedisConnectionException: Unable to connect to /127.0.0.1:6379" type="org.springframework.data.redis.RedisConnectionFailureException">org.springframework.data.redis.RedisConnectionFailureException: Unable to connect to Redis on 127.0.0.1:6379; nested exception is com.lambdaworks.redis.RedisConnectionException: Unable to connect to /127.0.0.1:6379
Caused by: com.lambdaworks.redis.RedisConnectionException: Unable to connect to /127.0.0.1:6379
Caused by: java.net.ConnectException: Conexão recusada: /127.0.0.1:6379
</error>
  </testcase>
  <testcase name="testHashCode[26]" classname="org.springframework.data.redis.support.collections.RedisListTests" time="0">
    <error message="Unable to connect to Redis on 127.0.0.1:6379; nested exception is com.lambdaworks.redis.RedisConnectionException: Unable to connect to /127.0.0.1:6379" type="org.springframework.data.redis.RedisConnectionFailureException">org.springframework.data.redis.RedisConnectionFailureException: Unable to connect to Redis on 127.0.0.1:6379; nested exception is com.lambdaworks.redis.RedisConnectionException: Unable to connect to /127.0.0.1:6379
Caused by: com.lambdaworks.redis.RedisConnectionException: Unable to connect to /127.0.0.1:6379
Caused by: java.net.ConnectException: Conexão recusada: /127.0.0.1:6379
</error>
  </testcase>
  <testcase name="testAddAll[26]" classname="org.springframework.data.redis.support.collections.RedisListTests" time="0.005">
    <error message="Unable to connect to Redis on 127.0.0.1:6379; nested exception is com.lambdaworks.redis.RedisConnectionException: Unable to connect to /127.0.0.1:6379" type="org.springframework.data.redis.RedisConnectionFailureException">org.springframework.data.redis.RedisConnectionFailureException: Unable to connect to Redis on 127.0.0.1:6379; nested exception is com.lambdaworks.redis.RedisConnectionException: Unable to connect to /127.0.0.1:6379
Caused by: com.lambdaworks.redis.RedisConnectionException: Unable to connect to /127.0.0.1:6379
Caused by: java.net.ConnectException: Conexão recusada: /127.0.0.1:6379
</error>
  </testcase>
  <testcase name="testAddAll[26]" classname="org.springframework.data.redis.support.collections.RedisListTests" time="0.005">
    <error message="Unable to connect to Redis on 127.0.0.1:6379; nested exception is com.lambdaworks.redis.RedisConnectionException: Unable to connect to /127.0.0.1:6379" type="org.springframework.data.redis.RedisConnectionFailureException">org.springframework.data.redis.RedisConnectionFailureException: Unable to connect to Redis on 127.0.0.1:6379; nested exception is com.lambdaworks.redis.RedisConnectionException: Unable to connect to /127.0.0.1:6379
Caused by: com.lambdaworks.redis.RedisConnectionException: Unable to connect to /127.0.0.1:6379
Caused by: java.net.ConnectException: Conexão recusada: /127.0.0.1:6379
</error>
  </testcase>
  <testcase name="removeAll[26]" classname="org.springframework.data.redis.support.collections.RedisListTests" time="0">
    <error message="Unable to connect to Redis on 127.0.0.1:6379; nested exception is com.lambdaworks.redis.RedisConnectionException: Unable to connect to /127.0.0.1:6379" type="org.springframework.data.redis.RedisConnectionFailureException">org.springframework.data.redis.RedisConnectionFailureException: Unable to connect to Redis on 127.0.0.1:6379; nested exception is com.lambdaworks.redis.RedisConnectionException: Unable to connect to /127.0.0.1:6379
Caused by: com.lambdaworks.redis.RedisConnectionException: Unable to connect to /127.0.0.1:6379
Caused by: java.net.ConnectException: Conexão recusada: /127.0.0.1:6379
</error>
  </testcase>
  <testcase name="removeAll[26]" classname="org.springframework.data.redis.support.collections.RedisListTests" time="0">
    <error message="Unable to connect to Redis on 127.0.0.1:6379; nested exception is com.lambdaworks.redis.RedisConnectionException: Unable to connect to /127.0.0.1:6379" type="org.springframework.data.redis.RedisConnectionFailureException">org.springframework.data.redis.RedisConnectionFailureException: Unable to connect to Redis on 127.0.0.1:6379; nested exception is com.lambdaworks.redis.RedisConnectionException: Unable to connect to /127.0.0.1:6379
Caused by: com.lambdaworks.redis.RedisConnectionException: Unable to connect to /127.0.0.1:6379
Caused by: java.net.ConnectException: Conexão recusada: /127.0.0.1:6379
</error>
  </testcase>
  <testcase name="testEquals[26]" classname="org.springframework.data.redis.support.collections.RedisListTests" time="0">
    <error message="Unable to connect to Redis on 127.0.0.1:6379; nested exception is com.lambdaworks.redis.RedisConnectionException: Unable to connect to /127.0.0.1:6379" type="org.springframework.data.redis.RedisConnectionFailureException">org.springframework.data.redis.RedisConnectionFailureException: Unable to connect to Redis on 127.0.0.1:6379; nested exception is com.lambdaworks.redis.RedisConnectionException: Unable to connect to /127.0.0.1:6379
Caused by: com.lambdaworks.redis.RedisConnectionException: Unable to connect to /127.0.0.1:6379
Caused by: java.net.ConnectException: Conexão recusada: /127.0.0.1:6379
</error>
  </testcase>
  <testcase name="testGetKey[26]" classname="org.springframework.data.redis.support.collections.RedisListTests" time="0">
    <error message="Unable to connect to Redis on 127.0.0.1:6379; nested exception is com.lambdaworks.redis.RedisConnectionException: Unable to connect to /127.0.0.1:6379" type="org.springframework.data.redis.RedisConnectionFailureException">org.springframework.data.redis.RedisConnectionFailureException: Unable to connect to Redis on 127.0.0.1:6379; nested exception is com.lambdaworks.redis.RedisConnectionException: Unable to connect to /127.0.0.1:6379
Caused by: com.lambdaworks.redis.RedisConnectionException: Unable to connect to /127.0.0.1:6379
Caused by: java.net.ConnectException: Conexão recusada: /127.0.0.1:6379
</error>
  </testcase>
  <testcase name="testToArrayWithGenerics[26]" classname="org.springframework.data.redis.support.collections.RedisListTests" time="0">
    <error message="Unable to connect to Redis on 127.0.0.1:6379; nested exception is com.lambdaworks.redis.RedisConnectionException: Unable to connect to /127.0.0.1:6379" type="org.springframework.data.redis.RedisConnectionFailureException">org.springframework.data.redis.RedisConnectionFailureException: Unable to connect to Redis on 127.0.0.1:6379; nested exception is com.lambdaworks.redis.RedisConnectionException: Unable to connect to /127.0.0.1:6379
Caused by: com.lambdaworks.redis.RedisConnectionException: Unable to connect to /127.0.0.1:6379
Caused by: java.net.ConnectException: Conexão recusada: /127.0.0.1:6379
</error>
  </testcase>
  <testcase name="testToArrayWithGenerics[26]" classname="org.springframework.data.redis.support.collections.RedisListTests" time="0">
    <error message="Unable to connect to Redis on 127.0.0.1:6379; nested exception is com.lambdaworks.redis.RedisConnectionException: Unable to connect to /127.0.0.1:6379" type="org.springframework.data.redis.RedisConnectionFailureException">org.springframework.data.redis.RedisConnectionFailureException: Unable to connect to Redis on 127.0.0.1:6379; nested exception is com.lambdaworks.redis.RedisConnectionException: Unable to connect to /127.0.0.1:6379
Caused by: com.lambdaworks.redis.RedisConnectionException: Unable to connect to /127.0.0.1:6379
Caused by: java.net.ConnectException: Conexão recusada: /127.0.0.1:6379
</error>
  </testcase>
  <testcase name="testIsEmpty[26]" classname="org.springframework.data.redis.support.collections.RedisListTests" time="0.004">
    <error message="Unable to connect to Redis on 127.0.0.1:6379; nested exception is com.lambdaworks.redis.RedisConnectionException: Unable to connect to /127.0.0.1:6379" type="org.springframework.data.redis.RedisConnectionFailureException">org.springframework.data.redis.RedisConnectionFailureException: Unable to connect to Redis on 127.0.0.1:6379; nested exception is com.lambdaworks.redis.RedisConnectionException: Unable to connect to /127.0.0.1:6379
Caused by: com.lambdaworks.redis.RedisConnectionException: Unable to connect to /127.0.0.1:6379
Caused by: java.net.ConnectException: Conexão recusada: /127.0.0.1:6379
</error>
  </testcase>
  <testcase name="testIsEmpty[26]" classname="org.springframework.data.redis.support.collections.RedisListTests" time="0.004">
    <error message="Unable to connect to Redis on 127.0.0.1:6379; nested exception is com.lambdaworks.redis.RedisConnectionException: Unable to connect to /127.0.0.1:6379" type="org.springframework.data.redis.RedisConnectionFailureException">org.springframework.data.redis.RedisConnectionFailureException: Unable to connect to Redis on 127.0.0.1:6379; nested exception is com.lambdaworks.redis.RedisConnectionException: Unable to connect to /127.0.0.1:6379
Caused by: com.lambdaworks.redis.RedisConnectionException: Unable to connect to /127.0.0.1:6379
Caused by: java.net.ConnectException: Conexão recusada: /127.0.0.1:6379
</error>
  </testcase>
  <testcase name="testIterator[26]" classname="org.springframework.data.redis.support.collections.RedisListTests" time="0">
    <error message="Unable to connect to Redis on 127.0.0.1:6379; nested exception is com.lambdaworks.redis.RedisConnectionException: Unable to connect to /127.0.0.1:6379" type="org.springframework.data.redis.RedisConnectionFailureException">org.springframework.data.redis.RedisConnectionFailureException: Unable to connect to Redis on 127.0.0.1:6379; nested exception is com.lambdaworks.redis.RedisConnectionException: Unable to connect to /127.0.0.1:6379
Caused by: com.lambdaworks.redis.RedisConnectionException: Unable to connect to /127.0.0.1:6379
Caused by: java.net.ConnectException: Conexão recusada: /127.0.0.1:6379
</error>
  </testcase>
  <testcase name="testIterator[26]" classname="org.springframework.data.redis.support.collections.RedisListTests" time="0">
    <error message="Unable to connect to Redis on 127.0.0.1:6379; nested exception is com.lambdaworks.redis.RedisConnectionException: Unable to connect to /127.0.0.1:6379" type="org.springframework.data.redis.RedisConnectionFailureException">org.springframework.data.redis.RedisConnectionFailureException: Unable to connect to Redis on 127.0.0.1:6379; nested exception is com.lambdaworks.redis.RedisConnectionException: Unable to connect to /127.0.0.1:6379
Caused by: com.lambdaworks.redis.RedisConnectionException: Unable to connect to /127.0.0.1:6379
Caused by: java.net.ConnectException: Conexão recusada: /127.0.0.1:6379
</error>
  </testcase>
  <testcase name="testElement[27]" classname="org.springframework.data.redis.support.collections.RedisListTests" time="0">
    <error message="Unable to connect to Redis on 127.0.0.1:6379; nested exception is com.lambdaworks.redis.RedisConnectionException: Unable to connect to /127.0.0.1:6379" type="org.springframework.data.redis.RedisConnectionFailureException">org.springframework.data.redis.RedisConnectionFailureException: Unable to connect to Redis on 127.0.0.1:6379; nested exception is com.lambdaworks.redis.RedisConnectionException: Unable to connect to /127.0.0.1:6379
Caused by: com.lambdaworks.redis.RedisConnectionException: Unable to connect to /127.0.0.1:6379
Caused by: java.net.ConnectException: Conexão recusada: /127.0.0.1:6379
</error>
  </testcase>
  <testcase name="testElement[27]" classname="org.springframework.data.redis.support.collections.RedisListTests" time="0">
    <error message="Unable to connect to Redis on 127.0.0.1:6379; nested exception is com.lambdaworks.redis.RedisConnectionException: Unable to connect to /127.0.0.1:6379" type="org.springframework.data.redis.RedisConnectionFailureException">org.springframework.data.redis.RedisConnectionFailureException: Unable to connect to Redis on 127.0.0.1:6379; nested exception is com.lambdaworks.redis.RedisConnectionException: Unable to connect to /127.0.0.1:6379
Caused by: com.lambdaworks.redis.RedisConnectionException: Unable to connect to /127.0.0.1:6379
Caused by: java.net.ConnectException: Conexão recusada: /127.0.0.1:6379
</error>
  </testcase>
  <testcase name="testPutFirst[27]" classname="org.springframework.data.redis.support.collections.RedisListTests" time="0.004">
    <error message="Unable to connect to Redis on 127.0.0.1:6379; nested exception is com.lambdaworks.redis.RedisConnectionException: Unable to connect to /127.0.0.1:6379" type="org.springframework.data.redis.RedisConnectionFailureException">org.springframework.data.redis.RedisConnectionFailureException: Unable to connect to Redis on 127.0.0.1:6379; nested exception is com.lambdaworks.redis.RedisConnectionException: Unable to connect to /127.0.0.1:6379
Caused by: com.lambdaworks.redis.RedisConnectionException: Unable to connect to /127.0.0.1:6379
Caused by: java.net.ConnectException: Conexão recusada: /127.0.0.1:6379
</error>
  </testcase>
  <testcase name="testPutFirst[27]" classname="org.springframework.data.redis.support.collections.RedisListTests" time="0.004">
    <error message="Unable to connect to Redis on 127.0.0.1:6379; nested exception is com.lambdaworks.redis.RedisConnectionException: Unable to connect to /127.0.0.1:6379" type="org.springframework.data.redis.RedisConnectionFailureException">org.springframework.data.redis.RedisConnectionFailureException: Unable to connect to Redis on 127.0.0.1:6379; nested exception is com.lambdaworks.redis.RedisConnectionException: Unable to connect to /127.0.0.1:6379
Caused by: com.lambdaworks.redis.RedisConnectionException: Unable to connect to /127.0.0.1:6379
Caused by: java.net.ConnectException: Conexão recusada: /127.0.0.1:6379
</error>
  </testcase>
  <testcase name="testPollLastTimeout[27]" classname="org.springframework.data.redis.support.collections.RedisListTests" time="0">
    <error message="Unable to connect to Redis on 127.0.0.1:6379; nested exception is com.lambdaworks.redis.RedisConnectionException: Unable to connect to /127.0.0.1:6379" type="org.springframework.data.redis.RedisConnectionFailureException">org.springframework.data.redis.RedisConnectionFailureException: Unable to connect to Redis on 127.0.0.1:6379; nested exception is com.lambdaworks.redis.RedisConnectionException: Unable to connect to /127.0.0.1:6379
Caused by: com.lambdaworks.redis.RedisConnectionException: Unable to connect to /127.0.0.1:6379
Caused by: java.net.ConnectException: Conexão recusada: /127.0.0.1:6379
</error>
  </testcase>
  <testcase name="testPollLastTimeout[27]" classname="org.springframework.data.redis.support.collections.RedisListTests" time="0">
    <error message="Unable to connect to Redis on 127.0.0.1:6379; nested exception is com.lambdaworks.redis.RedisConnectionException: Unable to connect to /127.0.0.1:6379" type="org.springframework.data.redis.RedisConnectionFailureException">org.springframework.data.redis.RedisConnectionFailureException: Unable to connect to Redis on 127.0.0.1:6379; nested exception is com.lambdaworks.redis.RedisConnectionException: Unable to connect to /127.0.0.1:6379
Caused by: com.lambdaworks.redis.RedisConnectionException: Unable to connect to /127.0.0.1:6379
Caused by: java.net.ConnectException: Conexão recusada: /127.0.0.1:6379
</error>
  </testcase>
  <testcase name="testPeekFirst[27]" classname="org.springframework.data.redis.support.collections.RedisListTests" time="0">
    <error message="Unable to connect to Redis on 127.0.0.1:6379; nested exception is com.lambdaworks.redis.RedisConnectionException: Unable to connect to /127.0.0.1:6379" type="org.springframework.data.redis.RedisConnectionFailureException">org.springframework.data.redis.RedisConnectionFailureException: Unable to connect to Redis on 127.0.0.1:6379; nested exception is com.lambdaworks.redis.RedisConnectionException: Unable to connect to /127.0.0.1:6379
Caused by: com.lambdaworks.redis.RedisConnectionException: Unable to connect to /127.0.0.1:6379
Caused by: java.net.ConnectException: Conexão recusada: /127.0.0.1:6379
</error>
  </testcase>
  <testcase name="testPeekFirst[27]" classname="org.springframework.data.redis.support.collections.RedisListTests" time="0">
    <error message="Unable to connect to Redis on 127.0.0.1:6379; nested exception is com.lambdaworks.redis.RedisConnectionException: Unable to connect to /127.0.0.1:6379" type="org.springframework.data.redis.RedisConnectionFailureException">org.springframework.data.redis.RedisConnectionFailureException: Unable to connect to Redis on 127.0.0.1:6379; nested exception is com.lambdaworks.redis.RedisConnectionException: Unable to connect to /127.0.0.1:6379
Caused by: com.lambdaworks.redis.RedisConnectionException: Unable to connect to /127.0.0.1:6379
Caused by: java.net.ConnectException: Conexão recusada: /127.0.0.1:6379
</error>
  </testcase>
  <testcase name="testOfferLast[27]" classname="org.springframework.data.redis.support.collections.RedisListTests" time="0.004">
    <error message="Unable to connect to Redis on 127.0.0.1:6379; nested exception is com.lambdaworks.redis.RedisConnectionException: Unable to connect to /127.0.0.1:6379" type="org.springframework.data.redis.RedisConnectionFailureException">org.springframework.data.redis.RedisConnectionFailureException: Unable to connect to Redis on 127.0.0.1:6379; nested exception is com.lambdaworks.redis.RedisConnectionException: Unable to connect to /127.0.0.1:6379
Caused by: com.lambdaworks.redis.RedisConnectionException: Unable to connect to /127.0.0.1:6379
Caused by: java.net.ConnectException: Conexão recusada: /127.0.0.1:6379
</error>
  </testcase>
  <testcase name="testOfferLast[27]" classname="org.springframework.data.redis.support.collections.RedisListTests" time="0.004">
    <error message="Unable to connect to Redis on 127.0.0.1:6379; nested exception is com.lambdaworks.redis.RedisConnectionException: Unable to connect to /127.0.0.1:6379" type="org.springframework.data.redis.RedisConnectionFailureException">org.springframework.data.redis.RedisConnectionFailureException: Unable to connect to Redis on 127.0.0.1:6379; nested exception is com.lambdaworks.redis.RedisConnectionException: Unable to connect to /127.0.0.1:6379
Caused by: com.lambdaworks.redis.RedisConnectionException: Unable to connect to /127.0.0.1:6379
Caused by: java.net.ConnectException: Conexão recusada: /127.0.0.1:6379
</error>
  </testcase>
  <testcase name="testGetFirst[27]" classname="org.springframework.data.redis.support.collections.RedisListTests" time="0">
    <error message="Unable to connect to Redis on 127.0.0.1:6379; nested exception is com.lambdaworks.redis.RedisConnectionException: Unable to connect to /127.0.0.1:6379" type="org.springframework.data.redis.RedisConnectionFailureException">org.springframework.data.redis.RedisConnectionFailureException: Unable to connect to Redis on 127.0.0.1:6379; nested exception is com.lambdaworks.redis.RedisConnectionException: Unable to connect to /127.0.0.1:6379
Caused by: com.lambdaworks.redis.RedisConnectionException: Unable to connect to /127.0.0.1:6379
Caused by: java.net.ConnectException: Conexão recusada: /127.0.0.1:6379
</error>
  </testcase>
  <testcase name="testGetFirst[27]" classname="org.springframework.data.redis.support.collections.RedisListTests" time="0">
    <error message="Unable to connect to Redis on 127.0.0.1:6379; nested exception is com.lambdaworks.redis.RedisConnectionException: Unable to connect to /127.0.0.1:6379" type="org.springframework.data.redis.RedisConnectionFailureException">org.springframework.data.redis.RedisConnectionFailureException: Unable to connect to Redis on 127.0.0.1:6379; nested exception is com.lambdaworks.redis.RedisConnectionException: Unable to connect to /127.0.0.1:6379
Caused by: com.lambdaworks.redis.RedisConnectionException: Unable to connect to /127.0.0.1:6379
Caused by: java.net.ConnectException: Conexão recusada: /127.0.0.1:6379
</error>
  </testcase>
  <testcase name="testAddLast[27]" classname="org.springframework.data.redis.support.collections.RedisListTests" time="0.006">
    <error message="Unable to connect to Redis on 127.0.0.1:6379; nested exception is com.lambdaworks.redis.RedisConnectionException: Unable to connect to /127.0.0.1:6379" type="org.springframework.data.redis.RedisConnectionFailureException">org.springframework.data.redis.RedisConnectionFailureException: Unable to connect to Redis on 127.0.0.1:6379; nested exception is com.lambdaworks.redis.RedisConnectionException: Unable to connect to /127.0.0.1:6379
Caused by: com.lambdaworks.redis.RedisConnectionException: Unable to connect to /127.0.0.1:6379
Caused by: java.net.ConnectException: Conexão recusada: /127.0.0.1:6379
</error>
  </testcase>
  <testcase name="testAddLast[27]" classname="org.springframework.data.redis.support.collections.RedisListTests" time="0.006">
    <error message="Unable to connect to Redis on 127.0.0.1:6379; nested exception is com.lambdaworks.redis.RedisConnectionException: Unable to connect to /127.0.0.1:6379" type="org.springframework.data.redis.RedisConnectionFailureException">org.springframework.data.redis.RedisConnectionFailureException: Unable to connect to Redis on 127.0.0.1:6379; nested exception is com.lambdaworks.redis.RedisConnectionException: Unable to connect to /127.0.0.1:6379
Caused by: com.lambdaworks.redis.RedisConnectionException: Unable to connect to /127.0.0.1:6379
Caused by: java.net.ConnectException: Conexão recusada: /127.0.0.1:6379
</error>
  </testcase>
  <testcase name="testPop[27]" classname="org.springframework.data.redis.support.collections.RedisListTests" time="0.002">
    <error message="Unable to connect to Redis on 127.0.0.1:6379; nested exception is com.lambdaworks.redis.RedisConnectionException: Unable to connect to /127.0.0.1:6379" type="org.springframework.data.redis.RedisConnectionFailureException">org.springframework.data.redis.RedisConnectionFailureException: Unable to connect to Redis on 127.0.0.1:6379; nested exception is com.lambdaworks.redis.RedisConnectionException: Unable to connect to /127.0.0.1:6379
Caused by: com.lambdaworks.redis.RedisConnectionException: Unable to connect to /127.0.0.1:6379
Caused by: java.net.ConnectException: Conexão recusada: /127.0.0.1:6379
</error>
  </testcase>
  <testcase name="testPop[27]" classname="org.springframework.data.redis.support.collections.RedisListTests" time="0.002">
    <error message="Unable to connect to Redis on 127.0.0.1:6379; nested exception is com.lambdaworks.redis.RedisConnectionException: Unable to connect to /127.0.0.1:6379" type="org.springframework.data.redis.RedisConnectionFailureException">org.springframework.data.redis.RedisConnectionFailureException: Unable to connect to Redis on 127.0.0.1:6379; nested exception is com.lambdaworks.redis.RedisConnectionException: Unable to connect to /127.0.0.1:6379
Caused by: com.lambdaworks.redis.RedisConnectionException: Unable to connect to /127.0.0.1:6379
Caused by: java.net.ConnectException: Conexão recusada: /127.0.0.1:6379
</error>
  </testcase>
  <testcase name="testPut[27]" classname="org.springframework.data.redis.support.collections.RedisListTests" time="0.001">
    <error message="Unable to connect to Redis on 127.0.0.1:6379; nested exception is com.lambdaworks.redis.RedisConnectionException: Unable to connect to /127.0.0.1:6379" type="org.springframework.data.redis.RedisConnectionFailureException">org.springframework.data.redis.RedisConnectionFailureException: Unable to connect to Redis on 127.0.0.1:6379; nested exception is com.lambdaworks.redis.RedisConnectionException: Unable to connect to /127.0.0.1:6379
Caused by: com.lambdaworks.redis.RedisConnectionException: Unable to connect to /127.0.0.1:6379
Caused by: java.net.ConnectException: Conexão recusada: /127.0.0.1:6379
</error>
  </testcase>
  <testcase name="testPut[27]" classname="org.springframework.data.redis.support.collections.RedisListTests" time="0.001">
    <error message="Unable to connect to Redis on 127.0.0.1:6379; nested exception is com.lambdaworks.redis.RedisConnectionException: Unable to connect to /127.0.0.1:6379" type="org.springframework.data.redis.RedisConnectionFailureException">org.springframework.data.redis.RedisConnectionFailureException: Unable to connect to Redis on 127.0.0.1:6379; nested exception is com.lambdaworks.redis.RedisConnectionException: Unable to connect to /127.0.0.1:6379
Caused by: com.lambdaworks.redis.RedisConnectionException: Unable to connect to /127.0.0.1:6379
Caused by: java.net.ConnectException: Conexão recusada: /127.0.0.1:6379
</error>
  </testcase>
  <testcase name="testSet[27]" classname="org.springframework.data.redis.support.collections.RedisListTests" time="0.003">
    <error message="Unable to connect to Redis on 127.0.0.1:6379; nested exception is com.lambdaworks.redis.RedisConnectionException: Unable to connect to /127.0.0.1:6379" type="org.springframework.data.redis.RedisConnectionFailureException">org.springframework.data.redis.RedisConnectionFailureException: Unable to connect to Redis on 127.0.0.1:6379; nested exception is com.lambdaworks.redis.RedisConnectionException: Unable to connect to /127.0.0.1:6379
Caused by: com.lambdaworks.redis.RedisConnectionException: Unable to connect to /127.0.0.1:6379
Caused by: java.net.ConnectException: Conexão recusada: /127.0.0.1:6379
</error>
  </testcase>
  <testcase name="testSet[27]" classname="org.springframework.data.redis.support.collections.RedisListTests" time="0.003">
    <error message="Unable to connect to Redis on 127.0.0.1:6379; nested exception is com.lambdaworks.redis.RedisConnectionException: Unable to connect to /127.0.0.1:6379" type="org.springframework.data.redis.RedisConnectionFailureException">org.springframework.data.redis.RedisConnectionFailureException: Unable to connect to Redis on 127.0.0.1:6379; nested exception is com.lambdaworks.redis.RedisConnectionException: Unable to connect to /127.0.0.1:6379
Caused by: com.lambdaworks.redis.RedisConnectionException: Unable to connect to /127.0.0.1:6379
Caused by: java.net.ConnectException: Conexão recusada: /127.0.0.1:6379
</error>
  </testcase>
  <testcase name="testOffer[27]" classname="org.springframework.data.redis.support.collections.RedisListTests" time="0">
    <error message="Unable to connect to Redis on 127.0.0.1:6379; nested exception is com.lambdaworks.redis.RedisConnectionException: Unable to connect to /127.0.0.1:6379" type="org.springframework.data.redis.RedisConnectionFailureException">org.springframework.data.redis.RedisConnectionFailureException: Unable to connect to Redis on 127.0.0.1:6379; nested exception is com.lambdaworks.redis.RedisConnectionException: Unable to connect to /127.0.0.1:6379
Caused by: com.lambdaworks.redis.RedisConnectionException: Unable to connect to /127.0.0.1:6379
Caused by: java.net.ConnectException: Conexão recusada: /127.0.0.1:6379
</error>
  </testcase>
  <testcase name="testOffer[27]" classname="org.springframework.data.redis.support.collections.RedisListTests" time="0">
    <error message="Unable to connect to Redis on 127.0.0.1:6379; nested exception is com.lambdaworks.redis.RedisConnectionException: Unable to connect to /127.0.0.1:6379" type="org.springframework.data.redis.RedisConnectionFailureException">org.springframework.data.redis.RedisConnectionFailureException: Unable to connect to Redis on 127.0.0.1:6379; nested exception is com.lambdaworks.redis.RedisConnectionException: Unable to connect to /127.0.0.1:6379
Caused by: com.lambdaworks.redis.RedisConnectionException: Unable to connect to /127.0.0.1:6379
Caused by: java.net.ConnectException: Conexão recusada: /127.0.0.1:6379
</error>
  </testcase>
  <testcase name="testRange[27]" classname="org.springframework.data.redis.support.collections.RedisListTests" time="0.003">
    <error message="Unable to connect to Redis on 127.0.0.1:6379; nested exception is com.lambdaworks.redis.RedisConnectionException: Unable to connect to /127.0.0.1:6379" type="org.springframework.data.redis.RedisConnectionFailureException">org.springframework.data.redis.RedisConnectionFailureException: Unable to connect to Redis on 127.0.0.1:6379; nested exception is com.lambdaworks.redis.RedisConnectionException: Unable to connect to /127.0.0.1:6379
Caused by: com.lambdaworks.redis.RedisConnectionException: Unable to connect to /127.0.0.1:6379
Caused by: java.net.ConnectException: Conexão recusada: /127.0.0.1:6379
</error>
  </testcase>
  <testcase name="testRange[27]" classname="org.springframework.data.redis.support.collections.RedisListTests" time="0.003">
    <error message="Unable to connect to Redis on 127.0.0.1:6379; nested exception is com.lambdaworks.redis.RedisConnectionException: Unable to connect to /127.0.0.1:6379" type="org.springframework.data.redis.RedisConnectionFailureException">org.springframework.data.redis.RedisConnectionFailureException: Unable to connect to Redis on 127.0.0.1:6379; nested exception is com.lambdaworks.redis.RedisConnectionException: Unable to connect to /127.0.0.1:6379
Caused by: com.lambdaworks.redis.RedisConnectionException: Unable to connect to /127.0.0.1:6379
Caused by: java.net.ConnectException: Conexão recusada: /127.0.0.1:6379
</error>
  </testcase>
  <testcase name="testLast[27]" classname="org.springframework.data.redis.support.collections.RedisListTests" time="0">
    <error message="Unable to connect to Redis on 127.0.0.1:6379; nested exception is com.lambdaworks.redis.RedisConnectionException: Unable to connect to /127.0.0.1:6379" type="org.springframework.data.redis.RedisConnectionFailureException">org.springframework.data.redis.RedisConnectionFailureException: Unable to connect to Redis on 127.0.0.1:6379; nested exception is com.lambdaworks.redis.RedisConnectionException: Unable to connect to /127.0.0.1:6379
Caused by: com.lambdaworks.redis.RedisConnectionException: Unable to connect to /127.0.0.1:6379
Caused by: java.net.ConnectException: Conexão recusada: /127.0.0.1:6379
</error>
  </testcase>
  <testcase name="testLast[27]" classname="org.springframework.data.redis.support.collections.RedisListTests" time="0">
    <error message="Unable to connect to Redis on 127.0.0.1:6379; nested exception is com.lambdaworks.redis.RedisConnectionException: Unable to connect to /127.0.0.1:6379" type="org.springframework.data.redis.RedisConnectionFailureException">org.springframework.data.redis.RedisConnectionFailureException: Unable to connect to Redis on 127.0.0.1:6379; nested exception is com.lambdaworks.redis.RedisConnectionException: Unable to connect to /127.0.0.1:6379
Caused by: com.lambdaworks.redis.RedisConnectionException: Unable to connect to /127.0.0.1:6379
Caused by: java.net.ConnectException: Conexão recusada: /127.0.0.1:6379
</error>
  </testcase>
  <testcase name="testPeek[27]" classname="org.springframework.data.redis.support.collections.RedisListTests" time="0">
    <error message="Unable to connect to Redis on 127.0.0.1:6379; nested exception is com.lambdaworks.redis.RedisConnectionException: Unable to connect to /127.0.0.1:6379" type="org.springframework.data.redis.RedisConnectionFailureException">org.springframework.data.redis.RedisConnectionFailureException: Unable to connect to Redis on 127.0.0.1:6379; nested exception is com.lambdaworks.redis.RedisConnectionException: Unable to connect to /127.0.0.1:6379
Caused by: com.lambdaworks.redis.RedisConnectionException: Unable to connect to /127.0.0.1:6379
Caused by: java.net.ConnectException: Conexão recusada: /127.0.0.1:6379
</error>
  </testcase>
  <testcase name="testPeek[27]" classname="org.springframework.data.redis.support.collections.RedisListTests" time="0.001">
    <error message="Unable to connect to Redis on 127.0.0.1:6379; nested exception is com.lambdaworks.redis.RedisConnectionException: Unable to connect to /127.0.0.1:6379" type="org.springframework.data.redis.RedisConnectionFailureException">org.springframework.data.redis.RedisConnectionFailureException: Unable to connect to Redis on 127.0.0.1:6379; nested exception is com.lambdaworks.redis.RedisConnectionException: Unable to connect to /127.0.0.1:6379
Caused by: com.lambdaworks.redis.RedisConnectionException: Unable to connect to /127.0.0.1:6379
Caused by: java.net.ConnectException: Conexão recusada: /127.0.0.1:6379
</error>
  </testcase>
  <testcase name="testPoll[27]" classname="org.springframework.data.redis.support.collections.RedisListTests" time="0.005">
    <error message="Unable to connect to Redis on 127.0.0.1:6379; nested exception is com.lambdaworks.redis.RedisConnectionException: Unable to connect to /127.0.0.1:6379" type="org.springframework.data.redis.RedisConnectionFailureException">org.springframework.data.redis.RedisConnectionFailureException: Unable to connect to Redis on 127.0.0.1:6379; nested exception is com.lambdaworks.redis.RedisConnectionException: Unable to connect to /127.0.0.1:6379
Caused by: com.lambdaworks.redis.RedisConnectionException: Unable to connect to /127.0.0.1:6379
Caused by: java.net.ConnectException: Conexão recusada: /127.0.0.1:6379
</error>
  </testcase>
  <testcase name="testPoll[27]" classname="org.springframework.data.redis.support.collections.RedisListTests" time="0.005">
    <error message="Unable to connect to Redis on 127.0.0.1:6379; nested exception is com.lambdaworks.redis.RedisConnectionException: Unable to connect to /127.0.0.1:6379" type="org.springframework.data.redis.RedisConnectionFailureException">org.springframework.data.redis.RedisConnectionFailureException: Unable to connect to Redis on 127.0.0.1:6379; nested exception is com.lambdaworks.redis.RedisConnectionException: Unable to connect to /127.0.0.1:6379
Caused by: com.lambdaworks.redis.RedisConnectionException: Unable to connect to /127.0.0.1:6379
Caused by: java.net.ConnectException: Conexão recusada: /127.0.0.1:6379
</error>
  </testcase>
  <testcase name="testTake[27]" classname="org.springframework.data.redis.support.collections.RedisListTests" time="0">
    <error message="Unable to connect to Redis on 127.0.0.1:6379; nested exception is com.lambdaworks.redis.RedisConnectionException: Unable to connect to /127.0.0.1:6379" type="org.springframework.data.redis.RedisConnectionFailureException">org.springframework.data.redis.RedisConnectionFailureException: Unable to connect to Redis on 127.0.0.1:6379; nested exception is com.lambdaworks.redis.RedisConnectionException: Unable to connect to /127.0.0.1:6379
Caused by: com.lambdaworks.redis.RedisConnectionException: Unable to connect to /127.0.0.1:6379
Caused by: java.net.ConnectException: Conexão recusada: /127.0.0.1:6379
</error>
  </testcase>
  <testcase name="testTake[27]" classname="org.springframework.data.redis.support.collections.RedisListTests" time="0.003">
    <error message="Unable to connect to Redis on 127.0.0.1:6379; nested exception is com.lambdaworks.redis.RedisConnectionException: Unable to connect to /127.0.0.1:6379" type="org.springframework.data.redis.RedisConnectionFailureException">org.springframework.data.redis.RedisConnectionFailureException: Unable to connect to Redis on 127.0.0.1:6379; nested exception is com.lambdaworks.redis.RedisConnectionException: Unable to connect to /127.0.0.1:6379
Caused by: com.lambdaworks.redis.RedisConnectionException: Unable to connect to /127.0.0.1:6379
Caused by: java.net.ConnectException: Conexão recusada: /127.0.0.1:6379
</error>
  </testcase>
  <testcase name="testTrim[27]" classname="org.springframework.data.redis.support.collections.RedisListTests" time="0">
    <error message="Unable to connect to Redis on 127.0.0.1:6379; nested exception is com.lambdaworks.redis.RedisConnectionException: Unable to connect to /127.0.0.1:6379" type="org.springframework.data.redis.RedisConnectionFailureException">org.springframework.data.redis.RedisConnectionFailureException: Unable to connect to Redis on 127.0.0.1:6379; nested exception is com.lambdaworks.redis.RedisConnectionException: Unable to connect to /127.0.0.1:6379
Caused by: com.lambdaworks.redis.RedisConnectionException: Unable to connect to /127.0.0.1:6379
Caused by: java.net.ConnectException: Conexão recusada: /127.0.0.1:6379
</error>
  </testcase>
  <testcase name="testTrim[27]" classname="org.springframework.data.redis.support.collections.RedisListTests" time="0">
    <error message="Unable to connect to Redis on 127.0.0.1:6379; nested exception is com.lambdaworks.redis.RedisConnectionException: Unable to connect to /127.0.0.1:6379" type="org.springframework.data.redis.RedisConnectionFailureException">org.springframework.data.redis.RedisConnectionFailureException: Unable to connect to Redis on 127.0.0.1:6379; nested exception is com.lambdaworks.redis.RedisConnectionException: Unable to connect to /127.0.0.1:6379
Caused by: com.lambdaworks.redis.RedisConnectionException: Unable to connect to /127.0.0.1:6379
Caused by: java.net.ConnectException: Conexão recusada: /127.0.0.1:6379
</error>
  </testcase>
  <testcase name="testDrainToCollection[27]" classname="org.springframework.data.redis.support.collections.RedisListTests" time="0.002">
    <error message="Unable to connect to Redis on 127.0.0.1:6379; nested exception is com.lambdaworks.redis.RedisConnectionException: Unable to connect to /127.0.0.1:6379" type="org.springframework.data.redis.RedisConnectionFailureException">org.springframework.data.redis.RedisConnectionFailureException: Unable to connect to Redis on 127.0.0.1:6379; nested exception is com.lambdaworks.redis.RedisConnectionException: Unable to connect to /127.0.0.1:6379
Caused by: com.lambdaworks.redis.RedisConnectionException: Unable to connect to /127.0.0.1:6379
Caused by: java.net.ConnectException: Conexão recusada: /127.0.0.1:6379
</error>
  </testcase>
  <testcase name="testDrainToCollection[27]" classname="org.springframework.data.redis.support.collections.RedisListTests" time="0.002">
    <error message="Unable to connect to Redis on 127.0.0.1:6379; nested exception is com.lambdaworks.redis.RedisConnectionException: Unable to connect to /127.0.0.1:6379" type="org.springframework.data.redis.RedisConnectionFailureException">org.springframework.data.redis.RedisConnectionFailureException: Unable to connect to Redis on 127.0.0.1:6379; nested exception is com.lambdaworks.redis.RedisConnectionException: Unable to connect to /127.0.0.1:6379
Caused by: com.lambdaworks.redis.RedisConnectionException: Unable to connect to /127.0.0.1:6379
Caused by: java.net.ConnectException: Conexão recusada: /127.0.0.1:6379
</error>
  </testcase>
  <testcase name="testRemoveFirst[27]" classname="org.springframework.data.redis.support.collections.RedisListTests" time="0">
    <error message="Unable to connect to Redis on 127.0.0.1:6379; nested exception is com.lambdaworks.redis.RedisConnectionException: Unable to connect to /127.0.0.1:6379" type="org.springframework.data.redis.RedisConnectionFailureException">org.springframework.data.redis.RedisConnectionFailureException: Unable to connect to Redis on 127.0.0.1:6379; nested exception is com.lambdaworks.redis.RedisConnectionException: Unable to connect to /127.0.0.1:6379
Caused by: com.lambdaworks.redis.RedisConnectionException: Unable to connect to /127.0.0.1:6379
Caused by: java.net.ConnectException: Conexão recusada: /127.0.0.1:6379
</error>
  </testcase>
  <testcase name="testRemoveFirst[27]" classname="org.springframework.data.redis.support.collections.RedisListTests" time="0">
    <error message="Unable to connect to Redis on 127.0.0.1:6379; nested exception is com.lambdaworks.redis.RedisConnectionException: Unable to connect to /127.0.0.1:6379" type="org.springframework.data.redis.RedisConnectionFailureException">org.springframework.data.redis.RedisConnectionFailureException: Unable to connect to Redis on 127.0.0.1:6379; nested exception is com.lambdaworks.redis.RedisConnectionException: Unable to connect to /127.0.0.1:6379
Caused by: com.lambdaworks.redis.RedisConnectionException: Unable to connect to /127.0.0.1:6379
Caused by: java.net.ConnectException: Conexão recusada: /127.0.0.1:6379
</error>
  </testcase>
  <testcase name="testRemoveIndex[27]" classname="org.springframework.data.redis.support.collections.RedisListTests" time="0.002">
    <error message="Unable to connect to Redis on 127.0.0.1:6379; nested exception is com.lambdaworks.redis.RedisConnectionException: Unable to connect to /127.0.0.1:6379" type="org.springframework.data.redis.RedisConnectionFailureException">org.springframework.data.redis.RedisConnectionFailureException: Unable to connect to Redis on 127.0.0.1:6379; nested exception is com.lambdaworks.redis.RedisConnectionException: Unable to connect to /127.0.0.1:6379
Caused by: com.lambdaworks.redis.RedisConnectionException: Unable to connect to /127.0.0.1:6379
Caused by: java.net.ConnectException: Conexão recusada: /127.0.0.1:6379
</error>
  </testcase>
  <testcase name="testPutLast[27]" classname="org.springframework.data.redis.support.collections.RedisListTests" time="0.006">
    <error message="Unable to connect to Redis on 127.0.0.1:6379; nested exception is com.lambdaworks.redis.RedisConnectionException: Unable to connect to /127.0.0.1:6379" type="org.springframework.data.redis.RedisConnectionFailureException">org.springframework.data.redis.RedisConnectionFailureException: Unable to connect to Redis on 127.0.0.1:6379; nested exception is com.lambdaworks.redis.RedisConnectionException: Unable to connect to /127.0.0.1:6379
Caused by: com.lambdaworks.redis.RedisConnectionException: Unable to connect to /127.0.0.1:6379
Caused by: java.net.ConnectException: Conexão recusada: /127.0.0.1:6379
</error>
  </testcase>
  <testcase name="testPutLast[27]" classname="org.springframework.data.redis.support.collections.RedisListTests" time="0.006">
    <error message="Unable to connect to Redis on 127.0.0.1:6379; nested exception is com.lambdaworks.redis.RedisConnectionException: Unable to connect to /127.0.0.1:6379" type="org.springframework.data.redis.RedisConnectionFailureException">org.springframework.data.redis.RedisConnectionFailureException: Unable to connect to Redis on 127.0.0.1:6379; nested exception is com.lambdaworks.redis.RedisConnectionException: Unable to connect to /127.0.0.1:6379
Caused by: com.lambdaworks.redis.RedisConnectionException: Unable to connect to /127.0.0.1:6379
Caused by: java.net.ConnectException: Conexão recusada: /127.0.0.1:6379
</error>
  </testcase>
  <testcase name="testOfferFirst[27]" classname="org.springframework.data.redis.support.collections.RedisListTests" time="0.006">
    <error message="Unable to connect to Redis on 127.0.0.1:6379; nested exception is com.lambdaworks.redis.RedisConnectionException: Unable to connect to /127.0.0.1:6379" type="org.springframework.data.redis.RedisConnectionFailureException">org.springframework.data.redis.RedisConnectionFailureException: Unable to connect to Redis on 127.0.0.1:6379; nested exception is com.lambdaworks.redis.RedisConnectionException: Unable to connect to /127.0.0.1:6379
Caused by: com.lambdaworks.redis.RedisConnectionException: Unable to connect to /127.0.0.1:6379
Caused by: java.net.ConnectException: Conexão recusada: /127.0.0.1:6379
</error>
  </testcase>
  <testcase name="testOfferFirst[27]" classname="org.springframework.data.redis.support.collections.RedisListTests" time="0.006">
    <error message="Unable to connect to Redis on 127.0.0.1:6379; nested exception is com.lambdaworks.redis.RedisConnectionException: Unable to connect to /127.0.0.1:6379" type="org.springframework.data.redis.RedisConnectionFailureException">org.springframework.data.redis.RedisConnectionFailureException: Unable to connect to Redis on 127.0.0.1:6379; nested exception is com.lambdaworks.redis.RedisConnectionException: Unable to connect to /127.0.0.1:6379
Caused by: com.lambdaworks.redis.RedisConnectionException: Unable to connect to /127.0.0.1:6379
Caused by: java.net.ConnectException: Conexão recusada: /127.0.0.1:6379
</error>
  </testcase>
  <testcase name="testDescendingIterator[27]" classname="org.springframework.data.redis.support.collections.RedisListTests" time="0.001">
    <error message="Unable to connect to Redis on 127.0.0.1:6379; nested exception is com.lambdaworks.redis.RedisConnectionException: Unable to connect to /127.0.0.1:6379" type="org.springframework.data.redis.RedisConnectionFailureException">org.springframework.data.redis.RedisConnectionFailureException: Unable to connect to Redis on 127.0.0.1:6379; nested exception is com.lambdaworks.redis.RedisConnectionException: Unable to connect to /127.0.0.1:6379
Caused by: com.lambdaworks.redis.RedisConnectionException: Unable to connect to /127.0.0.1:6379
Caused by: java.net.ConnectException: Conexão recusada: /127.0.0.1:6379
</error>
  </testcase>
  <testcase name="testDescendingIterator[27]" classname="org.springframework.data.redis.support.collections.RedisListTests" time="0.002">
    <error message="Unable to connect to Redis on 127.0.0.1:6379; nested exception is com.lambdaworks.redis.RedisConnectionException: Unable to connect to /127.0.0.1:6379" type="org.springframework.data.redis.RedisConnectionFailureException">org.springframework.data.redis.RedisConnectionFailureException: Unable to connect to Redis on 127.0.0.1:6379; nested exception is com.lambdaworks.redis.RedisConnectionException: Unable to connect to /127.0.0.1:6379
Caused by: com.lambdaworks.redis.RedisConnectionException: Unable to connect to /127.0.0.1:6379
Caused by: java.net.ConnectException: Conexão recusada: /127.0.0.1:6379
</error>
  </testcase>
  <testcase name="testAddFirst[27]" classname="org.springframework.data.redis.support.collections.RedisListTests" time="0.001">
    <error message="Unable to connect to Redis on 127.0.0.1:6379; nested exception is com.lambdaworks.redis.RedisConnectionException: Unable to connect to /127.0.0.1:6379" type="org.springframework.data.redis.RedisConnectionFailureException">org.springframework.data.redis.RedisConnectionFailureException: Unable to connect to Redis on 127.0.0.1:6379; nested exception is com.lambdaworks.redis.RedisConnectionException: Unable to connect to /127.0.0.1:6379
Caused by: com.lambdaworks.redis.RedisConnectionException: Unable to connect to /127.0.0.1:6379
Caused by: java.net.ConnectException: Conexão recusada: /127.0.0.1:6379
</error>
  </testcase>
  <testcase name="testAddFirst[27]" classname="org.springframework.data.redis.support.collections.RedisListTests" time="0.001">
    <error message="Unable to connect to Redis on 127.0.0.1:6379; nested exception is com.lambdaworks.redis.RedisConnectionException: Unable to connect to /127.0.0.1:6379" type="org.springframework.data.redis.RedisConnectionFailureException">org.springframework.data.redis.RedisConnectionFailureException: Unable to connect to Redis on 127.0.0.1:6379; nested exception is com.lambdaworks.redis.RedisConnectionException: Unable to connect to /127.0.0.1:6379
Caused by: com.lambdaworks.redis.RedisConnectionException: Unable to connect to /127.0.0.1:6379
Caused by: java.net.ConnectException: Conexão recusada: /127.0.0.1:6379
</error>
  </testcase>
  <testcase name="testDrainToCollectionWithMaxElements[27]" classname="org.springframework.data.redis.support.collections.RedisListTests" time="0.003">
    <error message="Unable to connect to Redis on 127.0.0.1:6379; nested exception is com.lambdaworks.redis.RedisConnectionException: Unable to connect to /127.0.0.1:6379" type="org.springframework.data.redis.RedisConnectionFailureException">org.springframework.data.redis.RedisConnectionFailureException: Unable to connect to Redis on 127.0.0.1:6379; nested exception is com.lambdaworks.redis.RedisConnectionException: Unable to connect to /127.0.0.1:6379
Caused by: com.lambdaworks.redis.RedisConnectionException: Unable to connect to /127.0.0.1:6379
Caused by: java.net.ConnectException: Conexão recusada: /127.0.0.1:6379
</error>
  </testcase>
  <testcase name="testDrainToCollectionWithMaxElements[27]" classname="org.springframework.data.redis.support.collections.RedisListTests" time="0.003">
    <error message="Unable to connect to Redis on 127.0.0.1:6379; nested exception is com.lambdaworks.redis.RedisConnectionException: Unable to connect to /127.0.0.1:6379" type="org.springframework.data.redis.RedisConnectionFailureException">org.springframework.data.redis.RedisConnectionFailureException: Unable to connect to Redis on 127.0.0.1:6379; nested exception is com.lambdaworks.redis.RedisConnectionException: Unable to connect to /127.0.0.1:6379
Caused by: com.lambdaworks.redis.RedisConnectionException: Unable to connect to /127.0.0.1:6379
Caused by: java.net.ConnectException: Conexão recusada: /127.0.0.1:6379
</error>
  </testcase>
  <testcase name="testTakeLast[27]" classname="org.springframework.data.redis.support.collections.RedisListTests" time="0">
    <error message="Unable to connect to Redis on 127.0.0.1:6379; nested exception is com.lambdaworks.redis.RedisConnectionException: Unable to connect to /127.0.0.1:6379" type="org.springframework.data.redis.RedisConnectionFailureException">org.springframework.data.redis.RedisConnectionFailureException: Unable to connect to Redis on 127.0.0.1:6379; nested exception is com.lambdaworks.redis.RedisConnectionException: Unable to connect to /127.0.0.1:6379
Caused by: com.lambdaworks.redis.RedisConnectionException: Unable to connect to /127.0.0.1:6379
Caused by: java.net.ConnectException: Conexão recusada: /127.0.0.1:6379
</error>
  </testcase>
  <testcase name="testTakeLast[27]" classname="org.springframework.data.redis.support.collections.RedisListTests" time="0">
    <error message="Unable to connect to Redis on 127.0.0.1:6379; nested exception is com.lambdaworks.redis.RedisConnectionException: Unable to connect to /127.0.0.1:6379" type="org.springframework.data.redis.RedisConnectionFailureException">org.springframework.data.redis.RedisConnectionFailureException: Unable to connect to Redis on 127.0.0.1:6379; nested exception is com.lambdaworks.redis.RedisConnectionException: Unable to connect to /127.0.0.1:6379
Caused by: com.lambdaworks.redis.RedisConnectionException: Unable to connect to /127.0.0.1:6379
Caused by: java.net.ConnectException: Conexão recusada: /127.0.0.1:6379
</error>
  </testcase>
  <testcase name="testRemainingCapacity[27]" classname="org.springframework.data.redis.support.collections.RedisListTests" time="0.001">
    <error message="Unable to connect to Redis on 127.0.0.1:6379; nested exception is com.lambdaworks.redis.RedisConnectionException: Unable to connect to /127.0.0.1:6379" type="org.springframework.data.redis.RedisConnectionFailureException">org.springframework.data.redis.RedisConnectionFailureException: Unable to connect to Redis on 127.0.0.1:6379; nested exception is com.lambdaworks.redis.RedisConnectionException: Unable to connect to /127.0.0.1:6379
Caused by: com.lambdaworks.redis.RedisConnectionException: Unable to connect to /127.0.0.1:6379
Caused by: java.net.ConnectException: Conexão recusada: /127.0.0.1:6379
</error>
  </testcase>
  <testcase name="testRemoveLast[27]" classname="org.springframework.data.redis.support.collections.RedisListTests" time="0.001">
    <error message="Unable to connect to Redis on 127.0.0.1:6379; nested exception is com.lambdaworks.redis.RedisConnectionException: Unable to connect to /127.0.0.1:6379" type="org.springframework.data.redis.RedisConnectionFailureException">org.springframework.data.redis.RedisConnectionFailureException: Unable to connect to Redis on 127.0.0.1:6379; nested exception is com.lambdaworks.redis.RedisConnectionException: Unable to connect to /127.0.0.1:6379
Caused by: com.lambdaworks.redis.RedisConnectionException: Unable to connect to /127.0.0.1:6379
Caused by: java.net.ConnectException: Conexão recusada: /127.0.0.1:6379
</error>
  </testcase>
  <testcase name="testRemoveLast[27]" classname="org.springframework.data.redis.support.collections.RedisListTests" time="0.001">
    <error message="Unable to connect to Redis on 127.0.0.1:6379; nested exception is com.lambdaworks.redis.RedisConnectionException: Unable to connect to /127.0.0.1:6379" type="org.springframework.data.redis.RedisConnectionFailureException">org.springframework.data.redis.RedisConnectionFailureException: Unable to connect to Redis on 127.0.0.1:6379; nested exception is com.lambdaworks.redis.RedisConnectionException: Unable to connect to /127.0.0.1:6379
Caused by: com.lambdaworks.redis.RedisConnectionException: Unable to connect to /127.0.0.1:6379
Caused by: java.net.ConnectException: Conexão recusada: /127.0.0.1:6379
</error>
  </testcase>
  <testcase name="testAddIndexObjectHead[27]" classname="org.springframework.data.redis.support.collections.RedisListTests" time="0.002">
    <error message="Unable to connect to Redis on 127.0.0.1:6379; nested exception is com.lambdaworks.redis.RedisConnectionException: Unable to connect to /127.0.0.1:6379" type="org.springframework.data.redis.RedisConnectionFailureException">org.springframework.data.redis.RedisConnectionFailureException: Unable to connect to Redis on 127.0.0.1:6379; nested exception is com.lambdaworks.redis.RedisConnectionException: Unable to connect to /127.0.0.1:6379
Caused by: com.lambdaworks.redis.RedisConnectionException: Unable to connect to /127.0.0.1:6379
Caused by: java.net.ConnectException: Conexão recusada: /127.0.0.1:6379
</error>
  </testcase>
  <testcase name="testAddIndexObjectHead[27]" classname="org.springframework.data.redis.support.collections.RedisListTests" time="0.002">
    <error message="Unable to connect to Redis on 127.0.0.1:6379; nested exception is com.lambdaworks.redis.RedisConnectionException: Unable to connect to /127.0.0.1:6379" type="org.springframework.data.redis.RedisConnectionFailureException">org.springframework.data.redis.RedisConnectionFailureException: Unable to connect to Redis on 127.0.0.1:6379; nested exception is com.lambdaworks.redis.RedisConnectionException: Unable to connect to /127.0.0.1:6379
Caused by: com.lambdaworks.redis.RedisConnectionException: Unable to connect to /127.0.0.1:6379
Caused by: java.net.ConnectException: Conexão recusada: /127.0.0.1:6379
</error>
  </testcase>
  <testcase name="testAddIndexObjectTail[27]" classname="org.springframework.data.redis.support.collections.RedisListTests" time="0.001">
    <error message="Unable to connect to Redis on 127.0.0.1:6379; nested exception is com.lambdaworks.redis.RedisConnectionException: Unable to connect to /127.0.0.1:6379" type="org.springframework.data.redis.RedisConnectionFailureException">org.springframework.data.redis.RedisConnectionFailureException: Unable to connect to Redis on 127.0.0.1:6379; nested exception is com.lambdaworks.redis.RedisConnectionException: Unable to connect to /127.0.0.1:6379
Caused by: com.lambdaworks.redis.RedisConnectionException: Unable to connect to /127.0.0.1:6379
Caused by: java.net.ConnectException: Conexão recusada: /127.0.0.1:6379
</error>
  </testcase>
  <testcase name="testAddIndexObjectTail[27]" classname="org.springframework.data.redis.support.collections.RedisListTests" time="0.002">
    <error message="Unable to connect to Redis on 127.0.0.1:6379; nested exception is com.lambdaworks.redis.RedisConnectionException: Unable to connect to /127.0.0.1:6379" type="org.springframework.data.redis.RedisConnectionFailureException">org.springframework.data.redis.RedisConnectionFailureException: Unable to connect to Redis on 127.0.0.1:6379; nested exception is com.lambdaworks.redis.RedisConnectionException: Unable to connect to /127.0.0.1:6379
Caused by: com.lambdaworks.redis.RedisConnectionException: Unable to connect to /127.0.0.1:6379
Caused by: java.net.ConnectException: Conexão recusada: /127.0.0.1:6379
</error>
  </testcase>
  <testcase name="testPollFirst[27]" classname="org.springframework.data.redis.support.collections.RedisListTests" time="0.001">
    <error message="Unable to connect to Redis on 127.0.0.1:6379; nested exception is com.lambdaworks.redis.RedisConnectionException: Unable to connect to /127.0.0.1:6379" type="org.springframework.data.redis.RedisConnectionFailureException">org.springframework.data.redis.RedisConnectionFailureException: Unable to connect to Redis on 127.0.0.1:6379; nested exception is com.lambdaworks.redis.RedisConnectionException: Unable to connect to /127.0.0.1:6379
Caused by: com.lambdaworks.redis.RedisConnectionException: Unable to connect to /127.0.0.1:6379
Caused by: java.net.ConnectException: Conexão recusada: /127.0.0.1:6379
</error>
  </testcase>
  <testcase name="testPollFirst[27]" classname="org.springframework.data.redis.support.collections.RedisListTests" time="0.001">
    <error message="Unable to connect to Redis on 127.0.0.1:6379; nested exception is com.lambdaworks.redis.RedisConnectionException: Unable to connect to /127.0.0.1:6379" type="org.springframework.data.redis.RedisConnectionFailureException">org.springframework.data.redis.RedisConnectionFailureException: Unable to connect to Redis on 127.0.0.1:6379; nested exception is com.lambdaworks.redis.RedisConnectionException: Unable to connect to /127.0.0.1:6379
Caused by: com.lambdaworks.redis.RedisConnectionException: Unable to connect to /127.0.0.1:6379
Caused by: java.net.ConnectException: Conexão recusada: /127.0.0.1:6379
</error>
  </testcase>
  <testcase name="testAddIndexObjectMiddle[27]" classname="org.springframework.data.redis.support.collections.RedisListTests" time="0.001">
    <error message="Unexpected exception, expected&lt;java.lang.IllegalArgumentException&gt; but was&lt;org.springframework.data.redis.RedisConnectionFailureException&gt;" type="java.lang.Exception"><![CDATA[java.lang.Exception: Unexpected exception, expected<java.lang.IllegalArgumentException> but was<org.springframework.data.redis.RedisConnectionFailureException>
Caused by: org.springframework.data.redis.RedisConnectionFailureException: Unable to connect to Redis on 127.0.0.1:6379; nested exception is com.lambdaworks.redis.RedisConnectionException: Unable to connect to /127.0.0.1:6379
Caused by: com.lambdaworks.redis.RedisConnectionException: Unable to connect to /127.0.0.1:6379
Caused by: java.net.ConnectException: Conexão recusada: /127.0.0.1:6379
]]></error>
  </testcase>
  <testcase name="testAddIndexObjectMiddle[27]" classname="org.springframework.data.redis.support.collections.RedisListTests" time="0.002">
    <error message="Unable to connect to Redis on 127.0.0.1:6379; nested exception is com.lambdaworks.redis.RedisConnectionException: Unable to connect to /127.0.0.1:6379" type="org.springframework.data.redis.RedisConnectionFailureException">org.springframework.data.redis.RedisConnectionFailureException: Unable to connect to Redis on 127.0.0.1:6379; nested exception is com.lambdaworks.redis.RedisConnectionException: Unable to connect to /127.0.0.1:6379
Caused by: com.lambdaworks.redis.RedisConnectionException: Unable to connect to /127.0.0.1:6379
Caused by: java.net.ConnectException: Conexão recusada: /127.0.0.1:6379
</error>
  </testcase>
  <testcase name="testPeekLast[27]" classname="org.springframework.data.redis.support.collections.RedisListTests" time="0.001">
    <error message="Unable to connect to Redis on 127.0.0.1:6379; nested exception is com.lambdaworks.redis.RedisConnectionException: Unable to connect to /127.0.0.1:6379" type="org.springframework.data.redis.RedisConnectionFailureException">org.springframework.data.redis.RedisConnectionFailureException: Unable to connect to Redis on 127.0.0.1:6379; nested exception is com.lambdaworks.redis.RedisConnectionException: Unable to connect to /127.0.0.1:6379
Caused by: com.lambdaworks.redis.RedisConnectionException: Unable to connect to /127.0.0.1:6379
Caused by: java.net.ConnectException: Conexão recusada: /127.0.0.1:6379
</error>
  </testcase>
  <testcase name="testPeekLast[27]" classname="org.springframework.data.redis.support.collections.RedisListTests" time="0.001">
    <error message="Unable to connect to Redis on 127.0.0.1:6379; nested exception is com.lambdaworks.redis.RedisConnectionException: Unable to connect to /127.0.0.1:6379" type="org.springframework.data.redis.RedisConnectionFailureException">org.springframework.data.redis.RedisConnectionFailureException: Unable to connect to Redis on 127.0.0.1:6379; nested exception is com.lambdaworks.redis.RedisConnectionException: Unable to connect to /127.0.0.1:6379
Caused by: com.lambdaworks.redis.RedisConnectionException: Unable to connect to /127.0.0.1:6379
Caused by: java.net.ConnectException: Conexão recusada: /127.0.0.1:6379
</error>
  </testcase>
  <testcase name="testRemoveFirstOccurrence[27]" classname="org.springframework.data.redis.support.collections.RedisListTests" time="0.002">
    <error message="Unable to connect to Redis on 127.0.0.1:6379; nested exception is com.lambdaworks.redis.RedisConnectionException: Unable to connect to /127.0.0.1:6379" type="org.springframework.data.redis.RedisConnectionFailureException">org.springframework.data.redis.RedisConnectionFailureException: Unable to connect to Redis on 127.0.0.1:6379; nested exception is com.lambdaworks.redis.RedisConnectionException: Unable to connect to /127.0.0.1:6379
Caused by: com.lambdaworks.redis.RedisConnectionException: Unable to connect to /127.0.0.1:6379
Caused by: java.net.ConnectException: Conexão recusada: /127.0.0.1:6379
</error>
  </testcase>
  <testcase name="testRemoveFirstOccurrence[27]" classname="org.springframework.data.redis.support.collections.RedisListTests" time="0.002">
    <error message="Unable to connect to Redis on 127.0.0.1:6379; nested exception is com.lambdaworks.redis.RedisConnectionException: Unable to connect to /127.0.0.1:6379" type="org.springframework.data.redis.RedisConnectionFailureException">org.springframework.data.redis.RedisConnectionFailureException: Unable to connect to Redis on 127.0.0.1:6379; nested exception is com.lambdaworks.redis.RedisConnectionException: Unable to connect to /127.0.0.1:6379
Caused by: com.lambdaworks.redis.RedisConnectionException: Unable to connect to /127.0.0.1:6379
Caused by: java.net.ConnectException: Conexão recusada: /127.0.0.1:6379
</error>
  </testcase>
  <testcase name="addAllIndexCollectionHead[27]" classname="org.springframework.data.redis.support.collections.RedisListTests" time="0.001">
    <error message="Unable to connect to Redis on 127.0.0.1:6379; nested exception is com.lambdaworks.redis.RedisConnectionException: Unable to connect to /127.0.0.1:6379" type="org.springframework.data.redis.RedisConnectionFailureException">org.springframework.data.redis.RedisConnectionFailureException: Unable to connect to Redis on 127.0.0.1:6379; nested exception is com.lambdaworks.redis.RedisConnectionException: Unable to connect to /127.0.0.1:6379
Caused by: com.lambdaworks.redis.RedisConnectionException: Unable to connect to /127.0.0.1:6379
Caused by: java.net.ConnectException: Conexão recusada: /127.0.0.1:6379
</error>
  </testcase>
  <testcase name="addAllIndexCollectionHead[27]" classname="org.springframework.data.redis.support.collections.RedisListTests" time="0.001">
    <error message="Unable to connect to Redis on 127.0.0.1:6379; nested exception is com.lambdaworks.redis.RedisConnectionException: Unable to connect to /127.0.0.1:6379" type="org.springframework.data.redis.RedisConnectionFailureException">org.springframework.data.redis.RedisConnectionFailureException: Unable to connect to Redis on 127.0.0.1:6379; nested exception is com.lambdaworks.redis.RedisConnectionException: Unable to connect to /127.0.0.1:6379
Caused by: com.lambdaworks.redis.RedisConnectionException: Unable to connect to /127.0.0.1:6379
Caused by: java.net.ConnectException: Conexão recusada: /127.0.0.1:6379
</error>
  </testcase>
  <testcase name="addAllIndexCollectionTail[27]" classname="org.springframework.data.redis.support.collections.RedisListTests" time="0.002">
    <error message="Unable to connect to Redis on 127.0.0.1:6379; nested exception is com.lambdaworks.redis.RedisConnectionException: Unable to connect to /127.0.0.1:6379" type="org.springframework.data.redis.RedisConnectionFailureException">org.springframework.data.redis.RedisConnectionFailureException: Unable to connect to Redis on 127.0.0.1:6379; nested exception is com.lambdaworks.redis.RedisConnectionException: Unable to connect to /127.0.0.1:6379
Caused by: com.lambdaworks.redis.RedisConnectionException: Unable to connect to /127.0.0.1:6379
Caused by: java.net.ConnectException: Conexão recusada: /127.0.0.1:6379
</error>
  </testcase>
  <testcase name="addAllIndexCollectionTail[27]" classname="org.springframework.data.redis.support.collections.RedisListTests" time="0.002">
    <error message="Unable to connect to Redis on 127.0.0.1:6379; nested exception is com.lambdaworks.redis.RedisConnectionException: Unable to connect to /127.0.0.1:6379" type="org.springframework.data.redis.RedisConnectionFailureException">org.springframework.data.redis.RedisConnectionFailureException: Unable to connect to Redis on 127.0.0.1:6379; nested exception is com.lambdaworks.redis.RedisConnectionException: Unable to connect to /127.0.0.1:6379
Caused by: com.lambdaworks.redis.RedisConnectionException: Unable to connect to /127.0.0.1:6379
Caused by: java.net.ConnectException: Conexão recusada: /127.0.0.1:6379
</error>
  </testcase>
  <testcase name="addAllIndexCollectionMiddle[27]" classname="org.springframework.data.redis.support.collections.RedisListTests" time="0.006">
    <error message="Unexpected exception, expected&lt;java.lang.IllegalArgumentException&gt; but was&lt;org.springframework.data.redis.RedisConnectionFailureException&gt;" type="java.lang.Exception"><![CDATA[java.lang.Exception: Unexpected exception, expected<java.lang.IllegalArgumentException> but was<org.springframework.data.redis.RedisConnectionFailureException>
Caused by: org.springframework.data.redis.RedisConnectionFailureException: Unable to connect to Redis on 127.0.0.1:6379; nested exception is com.lambdaworks.redis.RedisConnectionException: Unable to connect to /127.0.0.1:6379
Caused by: com.lambdaworks.redis.RedisConnectionException: Unable to connect to /127.0.0.1:6379
Caused by: java.net.ConnectException: Conexão recusada: /127.0.0.1:6379
]]></error>
  </testcase>
  <testcase name="addAllIndexCollectionMiddle[27]" classname="org.springframework.data.redis.support.collections.RedisListTests" time="0.006">
    <error message="Unable to connect to Redis on 127.0.0.1:6379; nested exception is com.lambdaworks.redis.RedisConnectionException: Unable to connect to /127.0.0.1:6379" type="org.springframework.data.redis.RedisConnectionFailureException">org.springframework.data.redis.RedisConnectionFailureException: Unable to connect to Redis on 127.0.0.1:6379; nested exception is com.lambdaworks.redis.RedisConnectionException: Unable to connect to /127.0.0.1:6379
Caused by: com.lambdaworks.redis.RedisConnectionException: Unable to connect to /127.0.0.1:6379
Caused by: java.net.ConnectException: Conexão recusada: /127.0.0.1:6379
</error>
  </testcase>
  <testcase name="testPollLast[27]" classname="org.springframework.data.redis.support.collections.RedisListTests" time="0.013">
    <error message="Unable to connect to Redis on 127.0.0.1:6379; nested exception is com.lambdaworks.redis.RedisConnectionException: Unable to connect to /127.0.0.1:6379" type="org.springframework.data.redis.RedisConnectionFailureException">org.springframework.data.redis.RedisConnectionFailureException: Unable to connect to Redis on 127.0.0.1:6379; nested exception is com.lambdaworks.redis.RedisConnectionException: Unable to connect to /127.0.0.1:6379
Caused by: com.lambdaworks.redis.RedisConnectionException: Unable to connect to /127.0.0.1:6379
Caused by: java.net.ConnectException: Conexão recusada: /127.0.0.1:6379
</error>
  </testcase>
  <testcase name="testPollLast[27]" classname="org.springframework.data.redis.support.collections.RedisListTests" time="0.013">
    <error message="Unable to connect to Redis on 127.0.0.1:6379; nested exception is com.lambdaworks.redis.RedisConnectionException: Unable to connect to /127.0.0.1:6379" type="org.springframework.data.redis.RedisConnectionFailureException">org.springframework.data.redis.RedisConnectionFailureException: Unable to connect to Redis on 127.0.0.1:6379; nested exception is com.lambdaworks.redis.RedisConnectionException: Unable to connect to /127.0.0.1:6379
Caused by: com.lambdaworks.redis.RedisConnectionException: Unable to connect to /127.0.0.1:6379
Caused by: java.net.ConnectException: Conexão recusada: /127.0.0.1:6379
</error>
  </testcase>
  <testcase name="testIndexOfObject[27]" classname="org.springframework.data.redis.support.collections.RedisListTests" time="0.004">
    <error message="Unable to connect to Redis on 127.0.0.1:6379; nested exception is com.lambdaworks.redis.RedisConnectionException: Unable to connect to /127.0.0.1:6379" type="org.springframework.data.redis.RedisConnectionFailureException">org.springframework.data.redis.RedisConnectionFailureException: Unable to connect to Redis on 127.0.0.1:6379; nested exception is com.lambdaworks.redis.RedisConnectionException: Unable to connect to /127.0.0.1:6379
Caused by: com.lambdaworks.redis.RedisConnectionException: Unable to connect to /127.0.0.1:6379
Caused by: java.net.ConnectException: Conexão recusada: /127.0.0.1:6379
</error>
  </testcase>
  <testcase name="testPollTimeout[27]" classname="org.springframework.data.redis.support.collections.RedisListTests" time="0.005">
    <error message="Unable to connect to Redis on 127.0.0.1:6379; nested exception is com.lambdaworks.redis.RedisConnectionException: Unable to connect to /127.0.0.1:6379" type="org.springframework.data.redis.RedisConnectionFailureException">org.springframework.data.redis.RedisConnectionFailureException: Unable to connect to Redis on 127.0.0.1:6379; nested exception is com.lambdaworks.redis.RedisConnectionException: Unable to connect to /127.0.0.1:6379
Caused by: com.lambdaworks.redis.RedisConnectionException: Unable to connect to /127.0.0.1:6379
Caused by: java.net.ConnectException: Conexão recusada: /127.0.0.1:6379
</error>
  </testcase>
  <testcase name="testPollTimeout[27]" classname="org.springframework.data.redis.support.collections.RedisListTests" time="0.005">
    <error message="Unable to connect to Redis on 127.0.0.1:6379; nested exception is com.lambdaworks.redis.RedisConnectionException: Unable to connect to /127.0.0.1:6379" type="org.springframework.data.redis.RedisConnectionFailureException">org.springframework.data.redis.RedisConnectionFailureException: Unable to connect to Redis on 127.0.0.1:6379; nested exception is com.lambdaworks.redis.RedisConnectionException: Unable to connect to /127.0.0.1:6379
Caused by: com.lambdaworks.redis.RedisConnectionException: Unable to connect to /127.0.0.1:6379
Caused by: java.net.ConnectException: Conexão recusada: /127.0.0.1:6379
</error>
  </testcase>
  <testcase name="testRemove[27]" classname="org.springframework.data.redis.support.collections.RedisListTests" time="0.003">
    <error message="Unable to connect to Redis on 127.0.0.1:6379; nested exception is com.lambdaworks.redis.RedisConnectionException: Unable to connect to /127.0.0.1:6379" type="org.springframework.data.redis.RedisConnectionFailureException">org.springframework.data.redis.RedisConnectionFailureException: Unable to connect to Redis on 127.0.0.1:6379; nested exception is com.lambdaworks.redis.RedisConnectionException: Unable to connect to /127.0.0.1:6379
Caused by: com.lambdaworks.redis.RedisConnectionException: Unable to connect to /127.0.0.1:6379
Caused by: java.net.ConnectException: Conexão recusada: /127.0.0.1:6379
</error>
  </testcase>
  <testcase name="testRemove[27]" classname="org.springframework.data.redis.support.collections.RedisListTests" time="0.003">
    <error message="Unable to connect to Redis on 127.0.0.1:6379; nested exception is com.lambdaworks.redis.RedisConnectionException: Unable to connect to /127.0.0.1:6379" type="org.springframework.data.redis.RedisConnectionFailureException">org.springframework.data.redis.RedisConnectionFailureException: Unable to connect to Redis on 127.0.0.1:6379; nested exception is com.lambdaworks.redis.RedisConnectionException: Unable to connect to /127.0.0.1:6379
Caused by: com.lambdaworks.redis.RedisConnectionException: Unable to connect to /127.0.0.1:6379
Caused by: java.net.ConnectException: Conexão recusada: /127.0.0.1:6379
</error>
  </testcase>
  <testcase name="testCappedCollection[27]" classname="org.springframework.data.redis.support.collections.RedisListTests" time="0.005">
    <error message="Unable to connect to Redis on 127.0.0.1:6379; nested exception is com.lambdaworks.redis.RedisConnectionException: Unable to connect to /127.0.0.1:6379" type="org.springframework.data.redis.RedisConnectionFailureException">org.springframework.data.redis.RedisConnectionFailureException: Unable to connect to Redis on 127.0.0.1:6379; nested exception is com.lambdaworks.redis.RedisConnectionException: Unable to connect to /127.0.0.1:6379
Caused by: com.lambdaworks.redis.RedisConnectionException: Unable to connect to /127.0.0.1:6379
Caused by: java.net.ConnectException: Conexão recusada: /127.0.0.1:6379
</error>
  </testcase>
  <testcase name="testCappedCollection[27]" classname="org.springframework.data.redis.support.collections.RedisListTests" time="0.005">
    <error message="Unable to connect to Redis on 127.0.0.1:6379; nested exception is com.lambdaworks.redis.RedisConnectionException: Unable to connect to /127.0.0.1:6379" type="org.springframework.data.redis.RedisConnectionFailureException">org.springframework.data.redis.RedisConnectionFailureException: Unable to connect to Redis on 127.0.0.1:6379; nested exception is com.lambdaworks.redis.RedisConnectionException: Unable to connect to /127.0.0.1:6379
Caused by: com.lambdaworks.redis.RedisConnectionException: Unable to connect to /127.0.0.1:6379
Caused by: java.net.ConnectException: Conexão recusada: /127.0.0.1:6379
</error>
  </testcase>
  <testcase name="testRmoveLastOccurrence[27]" classname="org.springframework.data.redis.support.collections.RedisListTests" time="0.003">
    <error message="Unable to connect to Redis on 127.0.0.1:6379; nested exception is com.lambdaworks.redis.RedisConnectionException: Unable to connect to /127.0.0.1:6379" type="org.springframework.data.redis.RedisConnectionFailureException">org.springframework.data.redis.RedisConnectionFailureException: Unable to connect to Redis on 127.0.0.1:6379; nested exception is com.lambdaworks.redis.RedisConnectionException: Unable to connect to /127.0.0.1:6379
Caused by: com.lambdaworks.redis.RedisConnectionException: Unable to connect to /127.0.0.1:6379
Caused by: java.net.ConnectException: Conexão recusada: /127.0.0.1:6379
</error>
  </testcase>
  <testcase name="testRmoveLastOccurrence[27]" classname="org.springframework.data.redis.support.collections.RedisListTests" time="0.003">
    <error message="Unable to connect to Redis on 127.0.0.1:6379; nested exception is com.lambdaworks.redis.RedisConnectionException: Unable to connect to /127.0.0.1:6379" type="org.springframework.data.redis.RedisConnectionFailureException">org.springframework.data.redis.RedisConnectionFailureException: Unable to connect to Redis on 127.0.0.1:6379; nested exception is com.lambdaworks.redis.RedisConnectionException: Unable to connect to /127.0.0.1:6379
Caused by: com.lambdaworks.redis.RedisConnectionException: Unable to connect to /127.0.0.1:6379
Caused by: java.net.ConnectException: Conexão recusada: /127.0.0.1:6379
</error>
  </testcase>
  <testcase name="testTakeFirst[27]" classname="org.springframework.data.redis.support.collections.RedisListTests" time="0.001">
    <error message="Unable to connect to Redis on 127.0.0.1:6379; nested exception is com.lambdaworks.redis.RedisConnectionException: Unable to connect to /127.0.0.1:6379" type="org.springframework.data.redis.RedisConnectionFailureException">org.springframework.data.redis.RedisConnectionFailureException: Unable to connect to Redis on 127.0.0.1:6379; nested exception is com.lambdaworks.redis.RedisConnectionException: Unable to connect to /127.0.0.1:6379
Caused by: com.lambdaworks.redis.RedisConnectionException: Unable to connect to /127.0.0.1:6379
Caused by: java.net.ConnectException: Conexão recusada: /127.0.0.1:6379
</error>
  </testcase>
  <testcase name="testTakeFirst[27]" classname="org.springframework.data.redis.support.collections.RedisListTests" time="0.002">
    <error message="Unable to connect to Redis on 127.0.0.1:6379; nested exception is com.lambdaworks.redis.RedisConnectionException: Unable to connect to /127.0.0.1:6379" type="org.springframework.data.redis.RedisConnectionFailureException">org.springframework.data.redis.RedisConnectionFailureException: Unable to connect to Redis on 127.0.0.1:6379; nested exception is com.lambdaworks.redis.RedisConnectionException: Unable to connect to /127.0.0.1:6379
Caused by: com.lambdaworks.redis.RedisConnectionException: Unable to connect to /127.0.0.1:6379
Caused by: java.net.ConnectException: Conexão recusada: /127.0.0.1:6379
</error>
  </testcase>
  <testcase name="testContainsObject[27]" classname="org.springframework.data.redis.support.collections.RedisListTests" time="0.001">
    <error message="Unable to connect to Redis on 127.0.0.1:6379; nested exception is com.lambdaworks.redis.RedisConnectionException: Unable to connect to /127.0.0.1:6379" type="org.springframework.data.redis.RedisConnectionFailureException">org.springframework.data.redis.RedisConnectionFailureException: Unable to connect to Redis on 127.0.0.1:6379; nested exception is com.lambdaworks.redis.RedisConnectionException: Unable to connect to /127.0.0.1:6379
Caused by: com.lambdaworks.redis.RedisConnectionException: Unable to connect to /127.0.0.1:6379
Caused by: java.net.ConnectException: Conexão recusada: /127.0.0.1:6379
</error>
  </testcase>
  <testcase name="testContainsObject[27]" classname="org.springframework.data.redis.support.collections.RedisListTests" time="0.001">
    <error message="Unable to connect to Redis on 127.0.0.1:6379; nested exception is com.lambdaworks.redis.RedisConnectionException: Unable to connect to /127.0.0.1:6379" type="org.springframework.data.redis.RedisConnectionFailureException">org.springframework.data.redis.RedisConnectionFailureException: Unable to connect to Redis on 127.0.0.1:6379; nested exception is com.lambdaworks.redis.RedisConnectionException: Unable to connect to /127.0.0.1:6379
Caused by: com.lambdaworks.redis.RedisConnectionException: Unable to connect to /127.0.0.1:6379
Caused by: java.net.ConnectException: Conexão recusada: /127.0.0.1:6379
</error>
  </testcase>
  <testcase name="testToArray[27]" classname="org.springframework.data.redis.support.collections.RedisListTests" time="0.002">
    <error message="Unable to connect to Redis on 127.0.0.1:6379; nested exception is com.lambdaworks.redis.RedisConnectionException: Unable to connect to /127.0.0.1:6379" type="org.springframework.data.redis.RedisConnectionFailureException">org.springframework.data.redis.RedisConnectionFailureException: Unable to connect to Redis on 127.0.0.1:6379; nested exception is com.lambdaworks.redis.RedisConnectionException: Unable to connect to /127.0.0.1:6379
Caused by: com.lambdaworks.redis.RedisConnectionException: Unable to connect to /127.0.0.1:6379
Caused by: java.net.ConnectException: Conexão recusada: /127.0.0.1:6379
</error>
  </testcase>
  <testcase name="testToArray[27]" classname="org.springframework.data.redis.support.collections.RedisListTests" time="0.002">
    <error message="Unable to connect to Redis on 127.0.0.1:6379; nested exception is com.lambdaworks.redis.RedisConnectionException: Unable to connect to /127.0.0.1:6379" type="org.springframework.data.redis.RedisConnectionFailureException">org.springframework.data.redis.RedisConnectionFailureException: Unable to connect to Redis on 127.0.0.1:6379; nested exception is com.lambdaworks.redis.RedisConnectionException: Unable to connect to /127.0.0.1:6379
Caused by: com.lambdaworks.redis.RedisConnectionException: Unable to connect to /127.0.0.1:6379
Caused by: java.net.ConnectException: Conexão recusada: /127.0.0.1:6379
</error>
  </testcase>
  <testcase name="testAdd[27]" classname="org.springframework.data.redis.support.collections.RedisListTests" time="0.001">
    <error message="Unable to connect to Redis on 127.0.0.1:6379; nested exception is com.lambdaworks.redis.RedisConnectionException: Unable to connect to /127.0.0.1:6379" type="org.springframework.data.redis.RedisConnectionFailureException">org.springframework.data.redis.RedisConnectionFailureException: Unable to connect to Redis on 127.0.0.1:6379; nested exception is com.lambdaworks.redis.RedisConnectionException: Unable to connect to /127.0.0.1:6379
Caused by: com.lambdaworks.redis.RedisConnectionException: Unable to connect to /127.0.0.1:6379
Caused by: java.net.ConnectException: Conexão recusada: /127.0.0.1:6379
</error>
  </testcase>
  <testcase name="testAdd[27]" classname="org.springframework.data.redis.support.collections.RedisListTests" time="0.002">
    <error message="Unable to connect to Redis on 127.0.0.1:6379; nested exception is com.lambdaworks.redis.RedisConnectionException: Unable to connect to /127.0.0.1:6379" type="org.springframework.data.redis.RedisConnectionFailureException">org.springframework.data.redis.RedisConnectionFailureException: Unable to connect to Redis on 127.0.0.1:6379; nested exception is com.lambdaworks.redis.RedisConnectionException: Unable to connect to /127.0.0.1:6379
Caused by: com.lambdaworks.redis.RedisConnectionException: Unable to connect to /127.0.0.1:6379
Caused by: java.net.ConnectException: Conexão recusada: /127.0.0.1:6379
</error>
  </testcase>
  <testcase name="testClear[27]" classname="org.springframework.data.redis.support.collections.RedisListTests" time="0.005">
    <error message="Unable to connect to Redis on 127.0.0.1:6379; nested exception is com.lambdaworks.redis.RedisConnectionException: Unable to connect to /127.0.0.1:6379" type="org.springframework.data.redis.RedisConnectionFailureException">org.springframework.data.redis.RedisConnectionFailureException: Unable to connect to Redis on 127.0.0.1:6379; nested exception is com.lambdaworks.redis.RedisConnectionException: Unable to connect to /127.0.0.1:6379
Caused by: com.lambdaworks.redis.RedisConnectionException: Unable to connect to /127.0.0.1:6379
Caused by: java.net.ConnectException: Conexão recusada: /127.0.0.1:6379
</error>
  </testcase>
  <testcase name="testClear[27]" classname="org.springframework.data.redis.support.collections.RedisListTests" time="0.005">
    <error message="Unable to connect to Redis on 127.0.0.1:6379; nested exception is com.lambdaworks.redis.RedisConnectionException: Unable to connect to /127.0.0.1:6379" type="org.springframework.data.redis.RedisConnectionFailureException">org.springframework.data.redis.RedisConnectionFailureException: Unable to connect to Redis on 127.0.0.1:6379; nested exception is com.lambdaworks.redis.RedisConnectionException: Unable to connect to /127.0.0.1:6379
Caused by: com.lambdaworks.redis.RedisConnectionException: Unable to connect to /127.0.0.1:6379
Caused by: java.net.ConnectException: Conexão recusada: /127.0.0.1:6379
</error>
  </testcase>
  <testcase name="testSize[27]" classname="org.springframework.data.redis.support.collections.RedisListTests" time="0.001">
    <error message="Unable to connect to Redis on 127.0.0.1:6379; nested exception is com.lambdaworks.redis.RedisConnectionException: Unable to connect to /127.0.0.1:6379" type="org.springframework.data.redis.RedisConnectionFailureException">org.springframework.data.redis.RedisConnectionFailureException: Unable to connect to Redis on 127.0.0.1:6379; nested exception is com.lambdaworks.redis.RedisConnectionException: Unable to connect to /127.0.0.1:6379
Caused by: com.lambdaworks.redis.RedisConnectionException: Unable to connect to /127.0.0.1:6379
Caused by: java.net.ConnectException: Conexão recusada: /127.0.0.1:6379
</error>
  </testcase>
  <testcase name="testSize[27]" classname="org.springframework.data.redis.support.collections.RedisListTests" time="0.001">
    <error message="Unable to connect to Redis on 127.0.0.1:6379; nested exception is com.lambdaworks.redis.RedisConnectionException: Unable to connect to /127.0.0.1:6379" type="org.springframework.data.redis.RedisConnectionFailureException">org.springframework.data.redis.RedisConnectionFailureException: Unable to connect to Redis on 127.0.0.1:6379; nested exception is com.lambdaworks.redis.RedisConnectionException: Unable to connect to /127.0.0.1:6379
Caused by: com.lambdaworks.redis.RedisConnectionException: Unable to connect to /127.0.0.1:6379
Caused by: java.net.ConnectException: Conexão recusada: /127.0.0.1:6379
</error>
  </testcase>
  <testcase name="testToString[27]" classname="org.springframework.data.redis.support.collections.RedisListTests" time="0.002">
    <error message="Unable to connect to Redis on 127.0.0.1:6379; nested exception is com.lambdaworks.redis.RedisConnectionException: Unable to connect to /127.0.0.1:6379" type="org.springframework.data.redis.RedisConnectionFailureException">org.springframework.data.redis.RedisConnectionFailureException: Unable to connect to Redis on 127.0.0.1:6379; nested exception is com.lambdaworks.redis.RedisConnectionException: Unable to connect to /127.0.0.1:6379
Caused by: com.lambdaworks.redis.RedisConnectionException: Unable to connect to /127.0.0.1:6379
Caused by: java.net.ConnectException: Conexão recusada: /127.0.0.1:6379
</error>
  </testcase>
  <testcase name="testToString[27]" classname="org.springframework.data.redis.support.collections.RedisListTests" time="0.002">
    <error message="Unable to connect to Redis on 127.0.0.1:6379; nested exception is com.lambdaworks.redis.RedisConnectionException: Unable to connect to /127.0.0.1:6379" type="org.springframework.data.redis.RedisConnectionFailureException">org.springframework.data.redis.RedisConnectionFailureException: Unable to connect to Redis on 127.0.0.1:6379; nested exception is com.lambdaworks.redis.RedisConnectionException: Unable to connect to /127.0.0.1:6379
Caused by: com.lambdaworks.redis.RedisConnectionException: Unable to connect to /127.0.0.1:6379
Caused by: java.net.ConnectException: Conexão recusada: /127.0.0.1:6379
</error>
  </testcase>
  <testcase name="testContainsAll[27]" classname="org.springframework.data.redis.support.collections.RedisListTests" time="0.001">
    <error message="Unable to connect to Redis on 127.0.0.1:6379; nested exception is com.lambdaworks.redis.RedisConnectionException: Unable to connect to /127.0.0.1:6379" type="org.springframework.data.redis.RedisConnectionFailureException">org.springframework.data.redis.RedisConnectionFailureException: Unable to connect to Redis on 127.0.0.1:6379; nested exception is com.lambdaworks.redis.RedisConnectionException: Unable to connect to /127.0.0.1:6379
Caused by: com.lambdaworks.redis.RedisConnectionException: Unable to connect to /127.0.0.1:6379
Caused by: java.net.ConnectException: Conexão recusada: /127.0.0.1:6379
</error>
  </testcase>
  <testcase name="testContainsAll[27]" classname="org.springframework.data.redis.support.collections.RedisListTests" time="0.002">
    <error message="Unable to connect to Redis on 127.0.0.1:6379; nested exception is com.lambdaworks.redis.RedisConnectionException: Unable to connect to /127.0.0.1:6379" type="org.springframework.data.redis.RedisConnectionFailureException">org.springframework.data.redis.RedisConnectionFailureException: Unable to connect to Redis on 127.0.0.1:6379; nested exception is com.lambdaworks.redis.RedisConnectionException: Unable to connect to /127.0.0.1:6379
Caused by: com.lambdaworks.redis.RedisConnectionException: Unable to connect to /127.0.0.1:6379
Caused by: java.net.ConnectException: Conexão recusada: /127.0.0.1:6379
</error>
  </testcase>
  <testcase name="testRemoveObject[27]" classname="org.springframework.data.redis.support.collections.RedisListTests" time="0.001">
    <error message="Unable to connect to Redis on 127.0.0.1:6379; nested exception is com.lambdaworks.redis.RedisConnectionException: Unable to connect to /127.0.0.1:6379" type="org.springframework.data.redis.RedisConnectionFailureException">org.springframework.data.redis.RedisConnectionFailureException: Unable to connect to Redis on 127.0.0.1:6379; nested exception is com.lambdaworks.redis.RedisConnectionException: Unable to connect to /127.0.0.1:6379
Caused by: com.lambdaworks.redis.RedisConnectionException: Unable to connect to /127.0.0.1:6379
Caused by: java.net.ConnectException: Conexão recusada: /127.0.0.1:6379
</error>
  </testcase>
  <testcase name="testRemoveObject[27]" classname="org.springframework.data.redis.support.collections.RedisListTests" time="0.001">
    <error message="Unable to connect to Redis on 127.0.0.1:6379; nested exception is com.lambdaworks.redis.RedisConnectionException: Unable to connect to /127.0.0.1:6379" type="org.springframework.data.redis.RedisConnectionFailureException">org.springframework.data.redis.RedisConnectionFailureException: Unable to connect to Redis on 127.0.0.1:6379; nested exception is com.lambdaworks.redis.RedisConnectionException: Unable to connect to /127.0.0.1:6379
Caused by: com.lambdaworks.redis.RedisConnectionException: Unable to connect to /127.0.0.1:6379
Caused by: java.net.ConnectException: Conexão recusada: /127.0.0.1:6379
</error>
  </testcase>
  <testcase name="testHashCode[27]" classname="org.springframework.data.redis.support.collections.RedisListTests" time="0.007">
    <error message="Unable to connect to Redis on 127.0.0.1:6379; nested exception is com.lambdaworks.redis.RedisConnectionException: Unable to connect to /127.0.0.1:6379" type="org.springframework.data.redis.RedisConnectionFailureException">org.springframework.data.redis.RedisConnectionFailureException: Unable to connect to Redis on 127.0.0.1:6379; nested exception is com.lambdaworks.redis.RedisConnectionException: Unable to connect to /127.0.0.1:6379
Caused by: com.lambdaworks.redis.RedisConnectionException: Unable to connect to /127.0.0.1:6379
Caused by: java.net.ConnectException: Conexão recusada: /127.0.0.1:6379
</error>
  </testcase>
  <testcase name="testAddAll[27]" classname="org.springframework.data.redis.support.collections.RedisListTests" time="0.007">
    <error message="Unable to connect to Redis on 127.0.0.1:6379; nested exception is com.lambdaworks.redis.RedisConnectionException: Unable to connect to /127.0.0.1:6379" type="org.springframework.data.redis.RedisConnectionFailureException">org.springframework.data.redis.RedisConnectionFailureException: Unable to connect to Redis on 127.0.0.1:6379; nested exception is com.lambdaworks.redis.RedisConnectionException: Unable to connect to /127.0.0.1:6379
Caused by: com.lambdaworks.redis.RedisConnectionException: Unable to connect to /127.0.0.1:6379
Caused by: java.net.ConnectException: Conexão recusada: /127.0.0.1:6379
</error>
  </testcase>
  <testcase name="testAddAll[27]" classname="org.springframework.data.redis.support.collections.RedisListTests" time="0.007">
    <error message="Unable to connect to Redis on 127.0.0.1:6379; nested exception is com.lambdaworks.redis.RedisConnectionException: Unable to connect to /127.0.0.1:6379" type="org.springframework.data.redis.RedisConnectionFailureException">org.springframework.data.redis.RedisConnectionFailureException: Unable to connect to Redis on 127.0.0.1:6379; nested exception is com.lambdaworks.redis.RedisConnectionException: Unable to connect to /127.0.0.1:6379
Caused by: com.lambdaworks.redis.RedisConnectionException: Unable to connect to /127.0.0.1:6379
Caused by: java.net.ConnectException: Conexão recusada: /127.0.0.1:6379
</error>
  </testcase>
  <testcase name="removeAll[27]" classname="org.springframework.data.redis.support.collections.RedisListTests" time="0.003">
    <error message="Unable to connect to Redis on 127.0.0.1:6379; nested exception is com.lambdaworks.redis.RedisConnectionException: Unable to connect to /127.0.0.1:6379" type="org.springframework.data.redis.RedisConnectionFailureException">org.springframework.data.redis.RedisConnectionFailureException: Unable to connect to Redis on 127.0.0.1:6379; nested exception is com.lambdaworks.redis.RedisConnectionException: Unable to connect to /127.0.0.1:6379
Caused by: com.lambdaworks.redis.RedisConnectionException: Unable to connect to /127.0.0.1:6379
Caused by: java.net.ConnectException: Conexão recusada: /127.0.0.1:6379
</error>
  </testcase>
  <testcase name="removeAll[27]" classname="org.springframework.data.redis.support.collections.RedisListTests" time="0.003">
    <error message="Unable to connect to Redis on 127.0.0.1:6379; nested exception is com.lambdaworks.redis.RedisConnectionException: Unable to connect to /127.0.0.1:6379" type="org.springframework.data.redis.RedisConnectionFailureException">org.springframework.data.redis.RedisConnectionFailureException: Unable to connect to Redis on 127.0.0.1:6379; nested exception is com.lambdaworks.redis.RedisConnectionException: Unable to connect to /127.0.0.1:6379
Caused by: com.lambdaworks.redis.RedisConnectionException: Unable to connect to /127.0.0.1:6379
Caused by: java.net.ConnectException: Conexão recusada: /127.0.0.1:6379
</error>
  </testcase>
  <testcase name="testEquals[27]" classname="org.springframework.data.redis.support.collections.RedisListTests" time="0.003">
    <error message="Unable to connect to Redis on 127.0.0.1:6379; nested exception is com.lambdaworks.redis.RedisConnectionException: Unable to connect to /127.0.0.1:6379" type="org.springframework.data.redis.RedisConnectionFailureException">org.springframework.data.redis.RedisConnectionFailureException: Unable to connect to Redis on 127.0.0.1:6379; nested exception is com.lambdaworks.redis.RedisConnectionException: Unable to connect to /127.0.0.1:6379
Caused by: com.lambdaworks.redis.RedisConnectionException: Unable to connect to /127.0.0.1:6379
Caused by: java.net.ConnectException: Conexão recusada: /127.0.0.1:6379
</error>
  </testcase>
  <testcase name="testGetKey[27]" classname="org.springframework.data.redis.support.collections.RedisListTests" time="0.001">
    <error message="Unable to connect to Redis on 127.0.0.1:6379; nested exception is com.lambdaworks.redis.RedisConnectionException: Unable to connect to /127.0.0.1:6379" type="org.springframework.data.redis.RedisConnectionFailureException">org.springframework.data.redis.RedisConnectionFailureException: Unable to connect to Redis on 127.0.0.1:6379; nested exception is com.lambdaworks.redis.RedisConnectionException: Unable to connect to /127.0.0.1:6379
Caused by: com.lambdaworks.redis.RedisConnectionException: Unable to connect to /127.0.0.1:6379
Caused by: java.net.ConnectException: Conexão recusada: /127.0.0.1:6379
</error>
  </testcase>
  <testcase name="testToArrayWithGenerics[27]" classname="org.springframework.data.redis.support.collections.RedisListTests" time="0.002">
    <error message="Unable to connect to Redis on 127.0.0.1:6379; nested exception is com.lambdaworks.redis.RedisConnectionException: Unable to connect to /127.0.0.1:6379" type="org.springframework.data.redis.RedisConnectionFailureException">org.springframework.data.redis.RedisConnectionFailureException: Unable to connect to Redis on 127.0.0.1:6379; nested exception is com.lambdaworks.redis.RedisConnectionException: Unable to connect to /127.0.0.1:6379
Caused by: com.lambdaworks.redis.RedisConnectionException: Unable to connect to /127.0.0.1:6379
Caused by: java.net.ConnectException: Conexão recusada: /127.0.0.1:6379
</error>
  </testcase>
  <testcase name="testToArrayWithGenerics[27]" classname="org.springframework.data.redis.support.collections.RedisListTests" time="0.003">
    <error message="Unable to connect to Redis on 127.0.0.1:6379; nested exception is com.lambdaworks.redis.RedisConnectionException: Unable to connect to /127.0.0.1:6379" type="org.springframework.data.redis.RedisConnectionFailureException">org.springframework.data.redis.RedisConnectionFailureException: Unable to connect to Redis on 127.0.0.1:6379; nested exception is com.lambdaworks.redis.RedisConnectionException: Unable to connect to /127.0.0.1:6379
Caused by: com.lambdaworks.redis.RedisConnectionException: Unable to connect to /127.0.0.1:6379
Caused by: java.net.ConnectException: Conexão recusada: /127.0.0.1:6379
</error>
  </testcase>
  <testcase name="testIsEmpty[27]" classname="org.springframework.data.redis.support.collections.RedisListTests" time="0.002">
    <error message="Unable to connect to Redis on 127.0.0.1:6379; nested exception is com.lambdaworks.redis.RedisConnectionException: Unable to connect to /127.0.0.1:6379" type="org.springframework.data.redis.RedisConnectionFailureException">org.springframework.data.redis.RedisConnectionFailureException: Unable to connect to Redis on 127.0.0.1:6379; nested exception is com.lambdaworks.redis.RedisConnectionException: Unable to connect to /127.0.0.1:6379
Caused by: com.lambdaworks.redis.RedisConnectionException: Unable to connect to /127.0.0.1:6379
Caused by: java.net.ConnectException: Conexão recusada: /127.0.0.1:6379
</error>
  </testcase>
  <testcase name="testIsEmpty[27]" classname="org.springframework.data.redis.support.collections.RedisListTests" time="0.002">
    <error message="Unable to connect to Redis on 127.0.0.1:6379; nested exception is com.lambdaworks.redis.RedisConnectionException: Unable to connect to /127.0.0.1:6379" type="org.springframework.data.redis.RedisConnectionFailureException">org.springframework.data.redis.RedisConnectionFailureException: Unable to connect to Redis on 127.0.0.1:6379; nested exception is com.lambdaworks.redis.RedisConnectionException: Unable to connect to /127.0.0.1:6379
Caused by: com.lambdaworks.redis.RedisConnectionException: Unable to connect to /127.0.0.1:6379
Caused by: java.net.ConnectException: Conexão recusada: /127.0.0.1:6379
</error>
  </testcase>
  <testcase name="testIterator[27]" classname="org.springframework.data.redis.support.collections.RedisListTests" time="0.001">
    <error message="Unable to connect to Redis on 127.0.0.1:6379; nested exception is com.lambdaworks.redis.RedisConnectionException: Unable to connect to /127.0.0.1:6379" type="org.springframework.data.redis.RedisConnectionFailureException">org.springframework.data.redis.RedisConnectionFailureException: Unable to connect to Redis on 127.0.0.1:6379; nested exception is com.lambdaworks.redis.RedisConnectionException: Unable to connect to /127.0.0.1:6379
Caused by: com.lambdaworks.redis.RedisConnectionException: Unable to connect to /127.0.0.1:6379
Caused by: java.net.ConnectException: Conexão recusada: /127.0.0.1:6379
</error>
  </testcase>
  <testcase name="testIterator[27]" classname="org.springframework.data.redis.support.collections.RedisListTests" time="0.001">
    <error message="Unable to connect to Redis on 127.0.0.1:6379; nested exception is com.lambdaworks.redis.RedisConnectionException: Unable to connect to /127.0.0.1:6379" type="org.springframework.data.redis.RedisConnectionFailureException">org.springframework.data.redis.RedisConnectionFailureException: Unable to connect to Redis on 127.0.0.1:6379; nested exception is com.lambdaworks.redis.RedisConnectionException: Unable to connect to /127.0.0.1:6379
Caused by: com.lambdaworks.redis.RedisConnectionException: Unable to connect to /127.0.0.1:6379
Caused by: java.net.ConnectException: Conexão recusada: /127.0.0.1:6379
</error>
  </testcase>
  <testcase name="testElement[28]" classname="org.springframework.data.redis.support.collections.RedisListTests" time="0.001">
    <error message="Unable to connect to Redis on 127.0.0.1:6379; nested exception is com.lambdaworks.redis.RedisConnectionException: Unable to connect to /127.0.0.1:6379" type="org.springframework.data.redis.RedisConnectionFailureException">org.springframework.data.redis.RedisConnectionFailureException: Unable to connect to Redis on 127.0.0.1:6379; nested exception is com.lambdaworks.redis.RedisConnectionException: Unable to connect to /127.0.0.1:6379
Caused by: com.lambdaworks.redis.RedisConnectionException: Unable to connect to /127.0.0.1:6379
Caused by: java.net.ConnectException: Conexão recusada: /127.0.0.1:6379
</error>
  </testcase>
  <testcase name="testElement[28]" classname="org.springframework.data.redis.support.collections.RedisListTests" time="0.001">
    <error message="Unable to connect to Redis on 127.0.0.1:6379; nested exception is com.lambdaworks.redis.RedisConnectionException: Unable to connect to /127.0.0.1:6379" type="org.springframework.data.redis.RedisConnectionFailureException">org.springframework.data.redis.RedisConnectionFailureException: Unable to connect to Redis on 127.0.0.1:6379; nested exception is com.lambdaworks.redis.RedisConnectionException: Unable to connect to /127.0.0.1:6379
Caused by: com.lambdaworks.redis.RedisConnectionException: Unable to connect to /127.0.0.1:6379
Caused by: java.net.ConnectException: Conexão recusada: /127.0.0.1:6379
</error>
  </testcase>
  <testcase name="testPutFirst[28]" classname="org.springframework.data.redis.support.collections.RedisListTests" time="0.012">
    <error message="Unable to connect to Redis on 127.0.0.1:6379; nested exception is com.lambdaworks.redis.RedisConnectionException: Unable to connect to /127.0.0.1:6379" type="org.springframework.data.redis.RedisConnectionFailureException">org.springframework.data.redis.RedisConnectionFailureException: Unable to connect to Redis on 127.0.0.1:6379; nested exception is com.lambdaworks.redis.RedisConnectionException: Unable to connect to /127.0.0.1:6379
Caused by: com.lambdaworks.redis.RedisConnectionException: Unable to connect to /127.0.0.1:6379
Caused by: java.net.ConnectException: Conexão recusada: /127.0.0.1:6379
</error>
  </testcase>
  <testcase name="testPutFirst[28]" classname="org.springframework.data.redis.support.collections.RedisListTests" time="0.012">
    <error message="Unable to connect to Redis on 127.0.0.1:6379; nested exception is com.lambdaworks.redis.RedisConnectionException: Unable to connect to /127.0.0.1:6379" type="org.springframework.data.redis.RedisConnectionFailureException">org.springframework.data.redis.RedisConnectionFailureException: Unable to connect to Redis on 127.0.0.1:6379; nested exception is com.lambdaworks.redis.RedisConnectionException: Unable to connect to /127.0.0.1:6379
Caused by: com.lambdaworks.redis.RedisConnectionException: Unable to connect to /127.0.0.1:6379
Caused by: java.net.ConnectException: Conexão recusada: /127.0.0.1:6379
</error>
  </testcase>
  <testcase name="testPollLastTimeout[28]" classname="org.springframework.data.redis.support.collections.RedisListTests" time="0.005">
    <error message="Unable to connect to Redis on 127.0.0.1:6379; nested exception is com.lambdaworks.redis.RedisConnectionException: Unable to connect to /127.0.0.1:6379" type="org.springframework.data.redis.RedisConnectionFailureException">org.springframework.data.redis.RedisConnectionFailureException: Unable to connect to Redis on 127.0.0.1:6379; nested exception is com.lambdaworks.redis.RedisConnectionException: Unable to connect to /127.0.0.1:6379
Caused by: com.lambdaworks.redis.RedisConnectionException: Unable to connect to /127.0.0.1:6379
Caused by: java.net.ConnectException: Conexão recusada: /127.0.0.1:6379
</error>
  </testcase>
  <testcase name="testPollLastTimeout[28]" classname="org.springframework.data.redis.support.collections.RedisListTests" time="0.005">
    <error message="Unable to connect to Redis on 127.0.0.1:6379; nested exception is com.lambdaworks.redis.RedisConnectionException: Unable to connect to /127.0.0.1:6379" type="org.springframework.data.redis.RedisConnectionFailureException">org.springframework.data.redis.RedisConnectionFailureException: Unable to connect to Redis on 127.0.0.1:6379; nested exception is com.lambdaworks.redis.RedisConnectionException: Unable to connect to /127.0.0.1:6379
Caused by: com.lambdaworks.redis.RedisConnectionException: Unable to connect to /127.0.0.1:6379
Caused by: java.net.ConnectException: Conexão recusada: /127.0.0.1:6379
</error>
  </testcase>
  <testcase name="testPeekFirst[28]" classname="org.springframework.data.redis.support.collections.RedisListTests" time="0.002">
    <error message="Unable to connect to Redis on 127.0.0.1:6379; nested exception is com.lambdaworks.redis.RedisConnectionException: Unable to connect to /127.0.0.1:6379" type="org.springframework.data.redis.RedisConnectionFailureException">org.springframework.data.redis.RedisConnectionFailureException: Unable to connect to Redis on 127.0.0.1:6379; nested exception is com.lambdaworks.redis.RedisConnectionException: Unable to connect to /127.0.0.1:6379
Caused by: com.lambdaworks.redis.RedisConnectionException: Unable to connect to /127.0.0.1:6379
Caused by: java.net.ConnectException: Conexão recusada: /127.0.0.1:6379
</error>
  </testcase>
  <testcase name="testPeekFirst[28]" classname="org.springframework.data.redis.support.collections.RedisListTests" time="0.002">
    <error message="Unable to connect to Redis on 127.0.0.1:6379; nested exception is com.lambdaworks.redis.RedisConnectionException: Unable to connect to /127.0.0.1:6379" type="org.springframework.data.redis.RedisConnectionFailureException">org.springframework.data.redis.RedisConnectionFailureException: Unable to connect to Redis on 127.0.0.1:6379; nested exception is com.lambdaworks.redis.RedisConnectionException: Unable to connect to /127.0.0.1:6379
Caused by: com.lambdaworks.redis.RedisConnectionException: Unable to connect to /127.0.0.1:6379
Caused by: java.net.ConnectException: Conexão recusada: /127.0.0.1:6379
</error>
  </testcase>
  <testcase name="testOfferLast[28]" classname="org.springframework.data.redis.support.collections.RedisListTests" time="0.001">
    <error message="Unable to connect to Redis on 127.0.0.1:6379; nested exception is com.lambdaworks.redis.RedisConnectionException: Unable to connect to /127.0.0.1:6379" type="org.springframework.data.redis.RedisConnectionFailureException">org.springframework.data.redis.RedisConnectionFailureException: Unable to connect to Redis on 127.0.0.1:6379; nested exception is com.lambdaworks.redis.RedisConnectionException: Unable to connect to /127.0.0.1:6379
Caused by: com.lambdaworks.redis.RedisConnectionException: Unable to connect to /127.0.0.1:6379
Caused by: java.net.ConnectException: Conexão recusada: /127.0.0.1:6379
</error>
  </testcase>
  <testcase name="testOfferLast[28]" classname="org.springframework.data.redis.support.collections.RedisListTests" time="0.001">
    <error message="Unable to connect to Redis on 127.0.0.1:6379; nested exception is com.lambdaworks.redis.RedisConnectionException: Unable to connect to /127.0.0.1:6379" type="org.springframework.data.redis.RedisConnectionFailureException">org.springframework.data.redis.RedisConnectionFailureException: Unable to connect to Redis on 127.0.0.1:6379; nested exception is com.lambdaworks.redis.RedisConnectionException: Unable to connect to /127.0.0.1:6379
Caused by: com.lambdaworks.redis.RedisConnectionException: Unable to connect to /127.0.0.1:6379
Caused by: java.net.ConnectException: Conexão recusada: /127.0.0.1:6379
</error>
  </testcase>
  <testcase name="testGetFirst[28]" classname="org.springframework.data.redis.support.collections.RedisListTests" time="0.001">
    <error message="Unable to connect to Redis on 127.0.0.1:6379; nested exception is com.lambdaworks.redis.RedisConnectionException: Unable to connect to /127.0.0.1:6379" type="org.springframework.data.redis.RedisConnectionFailureException">org.springframework.data.redis.RedisConnectionFailureException: Unable to connect to Redis on 127.0.0.1:6379; nested exception is com.lambdaworks.redis.RedisConnectionException: Unable to connect to /127.0.0.1:6379
Caused by: com.lambdaworks.redis.RedisConnectionException: Unable to connect to /127.0.0.1:6379
Caused by: java.net.ConnectException: Conexão recusada: /127.0.0.1:6379
</error>
  </testcase>
  <testcase name="testGetFirst[28]" classname="org.springframework.data.redis.support.collections.RedisListTests" time="0.002">
    <error message="Unable to connect to Redis on 127.0.0.1:6379; nested exception is com.lambdaworks.redis.RedisConnectionException: Unable to connect to /127.0.0.1:6379" type="org.springframework.data.redis.RedisConnectionFailureException">org.springframework.data.redis.RedisConnectionFailureException: Unable to connect to Redis on 127.0.0.1:6379; nested exception is com.lambdaworks.redis.RedisConnectionException: Unable to connect to /127.0.0.1:6379
Caused by: com.lambdaworks.redis.RedisConnectionException: Unable to connect to /127.0.0.1:6379
Caused by: java.net.ConnectException: Conexão recusada: /127.0.0.1:6379
</error>
  </testcase>
  <testcase name="testAddLast[28]" classname="org.springframework.data.redis.support.collections.RedisListTests" time="0.001">
    <error message="Unable to connect to Redis on 127.0.0.1:6379; nested exception is com.lambdaworks.redis.RedisConnectionException: Unable to connect to /127.0.0.1:6379" type="org.springframework.data.redis.RedisConnectionFailureException">org.springframework.data.redis.RedisConnectionFailureException: Unable to connect to Redis on 127.0.0.1:6379; nested exception is com.lambdaworks.redis.RedisConnectionException: Unable to connect to /127.0.0.1:6379
Caused by: com.lambdaworks.redis.RedisConnectionException: Unable to connect to /127.0.0.1:6379
Caused by: java.net.ConnectException: Conexão recusada: /127.0.0.1:6379
</error>
  </testcase>
  <testcase name="testAddLast[28]" classname="org.springframework.data.redis.support.collections.RedisListTests" time="0.001">
    <error message="Unable to connect to Redis on 127.0.0.1:6379; nested exception is com.lambdaworks.redis.RedisConnectionException: Unable to connect to /127.0.0.1:6379" type="org.springframework.data.redis.RedisConnectionFailureException">org.springframework.data.redis.RedisConnectionFailureException: Unable to connect to Redis on 127.0.0.1:6379; nested exception is com.lambdaworks.redis.RedisConnectionException: Unable to connect to /127.0.0.1:6379
Caused by: com.lambdaworks.redis.RedisConnectionException: Unable to connect to /127.0.0.1:6379
Caused by: java.net.ConnectException: Conexão recusada: /127.0.0.1:6379
</error>
  </testcase>
  <testcase name="testPop[28]" classname="org.springframework.data.redis.support.collections.RedisListTests" time="0.001">
    <error message="Unable to connect to Redis on 127.0.0.1:6379; nested exception is com.lambdaworks.redis.RedisConnectionException: Unable to connect to /127.0.0.1:6379" type="org.springframework.data.redis.RedisConnectionFailureException">org.springframework.data.redis.RedisConnectionFailureException: Unable to connect to Redis on 127.0.0.1:6379; nested exception is com.lambdaworks.redis.RedisConnectionException: Unable to connect to /127.0.0.1:6379
Caused by: com.lambdaworks.redis.RedisConnectionException: Unable to connect to /127.0.0.1:6379
Caused by: java.net.ConnectException: Conexão recusada: /127.0.0.1:6379
</error>
  </testcase>
  <testcase name="testPop[28]" classname="org.springframework.data.redis.support.collections.RedisListTests" time="0.001">
    <error message="Unable to connect to Redis on 127.0.0.1:6379; nested exception is com.lambdaworks.redis.RedisConnectionException: Unable to connect to /127.0.0.1:6379" type="org.springframework.data.redis.RedisConnectionFailureException">org.springframework.data.redis.RedisConnectionFailureException: Unable to connect to Redis on 127.0.0.1:6379; nested exception is com.lambdaworks.redis.RedisConnectionException: Unable to connect to /127.0.0.1:6379
Caused by: com.lambdaworks.redis.RedisConnectionException: Unable to connect to /127.0.0.1:6379
Caused by: java.net.ConnectException: Conexão recusada: /127.0.0.1:6379
</error>
  </testcase>
  <testcase name="testPut[28]" classname="org.springframework.data.redis.support.collections.RedisListTests" time="0.001">
    <error message="Unable to connect to Redis on 127.0.0.1:6379; nested exception is com.lambdaworks.redis.RedisConnectionException: Unable to connect to /127.0.0.1:6379" type="org.springframework.data.redis.RedisConnectionFailureException">org.springframework.data.redis.RedisConnectionFailureException: Unable to connect to Redis on 127.0.0.1:6379; nested exception is com.lambdaworks.redis.RedisConnectionException: Unable to connect to /127.0.0.1:6379
Caused by: com.lambdaworks.redis.RedisConnectionException: Unable to connect to /127.0.0.1:6379
Caused by: java.net.ConnectException: Conexão recusada: /127.0.0.1:6379
</error>
  </testcase>
  <testcase name="testPut[28]" classname="org.springframework.data.redis.support.collections.RedisListTests" time="0.002">
    <error message="Unable to connect to Redis on 127.0.0.1:6379; nested exception is com.lambdaworks.redis.RedisConnectionException: Unable to connect to /127.0.0.1:6379" type="org.springframework.data.redis.RedisConnectionFailureException">org.springframework.data.redis.RedisConnectionFailureException: Unable to connect to Redis on 127.0.0.1:6379; nested exception is com.lambdaworks.redis.RedisConnectionException: Unable to connect to /127.0.0.1:6379
Caused by: com.lambdaworks.redis.RedisConnectionException: Unable to connect to /127.0.0.1:6379
Caused by: java.net.ConnectException: Conexão recusada: /127.0.0.1:6379
</error>
  </testcase>
  <testcase name="testSet[28]" classname="org.springframework.data.redis.support.collections.RedisListTests" time="0.001">
    <error message="Unable to connect to Redis on 127.0.0.1:6379; nested exception is com.lambdaworks.redis.RedisConnectionException: Unable to connect to /127.0.0.1:6379" type="org.springframework.data.redis.RedisConnectionFailureException">org.springframework.data.redis.RedisConnectionFailureException: Unable to connect to Redis on 127.0.0.1:6379; nested exception is com.lambdaworks.redis.RedisConnectionException: Unable to connect to /127.0.0.1:6379
Caused by: com.lambdaworks.redis.RedisConnectionException: Unable to connect to /127.0.0.1:6379
Caused by: java.net.ConnectException: Conexão recusada: /127.0.0.1:6379
</error>
  </testcase>
  <testcase name="testSet[28]" classname="org.springframework.data.redis.support.collections.RedisListTests" time="0.001">
    <error message="Unable to connect to Redis on 127.0.0.1:6379; nested exception is com.lambdaworks.redis.RedisConnectionException: Unable to connect to /127.0.0.1:6379" type="org.springframework.data.redis.RedisConnectionFailureException">org.springframework.data.redis.RedisConnectionFailureException: Unable to connect to Redis on 127.0.0.1:6379; nested exception is com.lambdaworks.redis.RedisConnectionException: Unable to connect to /127.0.0.1:6379
Caused by: com.lambdaworks.redis.RedisConnectionException: Unable to connect to /127.0.0.1:6379
Caused by: java.net.ConnectException: Conexão recusada: /127.0.0.1:6379
</error>
  </testcase>
  <testcase name="testOffer[28]" classname="org.springframework.data.redis.support.collections.RedisListTests" time="0.001">
    <error message="Unable to connect to Redis on 127.0.0.1:6379; nested exception is com.lambdaworks.redis.RedisConnectionException: Unable to connect to /127.0.0.1:6379" type="org.springframework.data.redis.RedisConnectionFailureException">org.springframework.data.redis.RedisConnectionFailureException: Unable to connect to Redis on 127.0.0.1:6379; nested exception is com.lambdaworks.redis.RedisConnectionException: Unable to connect to /127.0.0.1:6379
Caused by: com.lambdaworks.redis.RedisConnectionException: Unable to connect to /127.0.0.1:6379
Caused by: java.net.ConnectException: Conexão recusada: /127.0.0.1:6379
</error>
  </testcase>
  <testcase name="testOffer[28]" classname="org.springframework.data.redis.support.collections.RedisListTests" time="0.001">
    <error message="Unable to connect to Redis on 127.0.0.1:6379; nested exception is com.lambdaworks.redis.RedisConnectionException: Unable to connect to /127.0.0.1:6379" type="org.springframework.data.redis.RedisConnectionFailureException">org.springframework.data.redis.RedisConnectionFailureException: Unable to connect to Redis on 127.0.0.1:6379; nested exception is com.lambdaworks.redis.RedisConnectionException: Unable to connect to /127.0.0.1:6379
Caused by: com.lambdaworks.redis.RedisConnectionException: Unable to connect to /127.0.0.1:6379
Caused by: java.net.ConnectException: Conexão recusada: /127.0.0.1:6379
</error>
  </testcase>
  <testcase name="testRange[28]" classname="org.springframework.data.redis.support.collections.RedisListTests" time="0.001">
    <error message="Unable to connect to Redis on 127.0.0.1:6379; nested exception is com.lambdaworks.redis.RedisConnectionException: Unable to connect to /127.0.0.1:6379" type="org.springframework.data.redis.RedisConnectionFailureException">org.springframework.data.redis.RedisConnectionFailureException: Unable to connect to Redis on 127.0.0.1:6379; nested exception is com.lambdaworks.redis.RedisConnectionException: Unable to connect to /127.0.0.1:6379
Caused by: com.lambdaworks.redis.RedisConnectionException: Unable to connect to /127.0.0.1:6379
Caused by: java.net.ConnectException: Conexão recusada: /127.0.0.1:6379
</error>
  </testcase>
  <testcase name="testRange[28]" classname="org.springframework.data.redis.support.collections.RedisListTests" time="0.001">
    <error message="Unable to connect to Redis on 127.0.0.1:6379; nested exception is com.lambdaworks.redis.RedisConnectionException: Unable to connect to /127.0.0.1:6379" type="org.springframework.data.redis.RedisConnectionFailureException">org.springframework.data.redis.RedisConnectionFailureException: Unable to connect to Redis on 127.0.0.1:6379; nested exception is com.lambdaworks.redis.RedisConnectionException: Unable to connect to /127.0.0.1:6379
Caused by: com.lambdaworks.redis.RedisConnectionException: Unable to connect to /127.0.0.1:6379
Caused by: java.net.ConnectException: Conexão recusada: /127.0.0.1:6379
</error>
  </testcase>
  <testcase name="testLast[28]" classname="org.springframework.data.redis.support.collections.RedisListTests" time="0.001">
    <error message="Unable to connect to Redis on 127.0.0.1:6379; nested exception is com.lambdaworks.redis.RedisConnectionException: Unable to connect to /127.0.0.1:6379" type="org.springframework.data.redis.RedisConnectionFailureException">org.springframework.data.redis.RedisConnectionFailureException: Unable to connect to Redis on 127.0.0.1:6379; nested exception is com.lambdaworks.redis.RedisConnectionException: Unable to connect to /127.0.0.1:6379
Caused by: com.lambdaworks.redis.RedisConnectionException: Unable to connect to /127.0.0.1:6379
Caused by: java.net.ConnectException: Conexão recusada: /127.0.0.1:6379
</error>
  </testcase>
  <testcase name="testLast[28]" classname="org.springframework.data.redis.support.collections.RedisListTests" time="0.001">
    <error message="Unable to connect to Redis on 127.0.0.1:6379; nested exception is com.lambdaworks.redis.RedisConnectionException: Unable to connect to /127.0.0.1:6379" type="org.springframework.data.redis.RedisConnectionFailureException">org.springframework.data.redis.RedisConnectionFailureException: Unable to connect to Redis on 127.0.0.1:6379; nested exception is com.lambdaworks.redis.RedisConnectionException: Unable to connect to /127.0.0.1:6379
Caused by: com.lambdaworks.redis.RedisConnectionException: Unable to connect to /127.0.0.1:6379
Caused by: java.net.ConnectException: Conexão recusada: /127.0.0.1:6379
</error>
  </testcase>
  <testcase name="testPeek[28]" classname="org.springframework.data.redis.support.collections.RedisListTests" time="0.001">
    <error message="Unable to connect to Redis on 127.0.0.1:6379; nested exception is com.lambdaworks.redis.RedisConnectionException: Unable to connect to /127.0.0.1:6379" type="org.springframework.data.redis.RedisConnectionFailureException">org.springframework.data.redis.RedisConnectionFailureException: Unable to connect to Redis on 127.0.0.1:6379; nested exception is com.lambdaworks.redis.RedisConnectionException: Unable to connect to /127.0.0.1:6379
Caused by: com.lambdaworks.redis.RedisConnectionException: Unable to connect to /127.0.0.1:6379
Caused by: java.net.ConnectException: Conexão recusada: /127.0.0.1:6379
</error>
  </testcase>
  <testcase name="testPeek[28]" classname="org.springframework.data.redis.support.collections.RedisListTests" time="0.001">
    <error message="Unable to connect to Redis on 127.0.0.1:6379; nested exception is com.lambdaworks.redis.RedisConnectionException: Unable to connect to /127.0.0.1:6379" type="org.springframework.data.redis.RedisConnectionFailureException">org.springframework.data.redis.RedisConnectionFailureException: Unable to connect to Redis on 127.0.0.1:6379; nested exception is com.lambdaworks.redis.RedisConnectionException: Unable to connect to /127.0.0.1:6379
Caused by: com.lambdaworks.redis.RedisConnectionException: Unable to connect to /127.0.0.1:6379
Caused by: java.net.ConnectException: Conexão recusada: /127.0.0.1:6379
</error>
  </testcase>
  <testcase name="testPoll[28]" classname="org.springframework.data.redis.support.collections.RedisListTests" time="0.001">
    <error message="Unable to connect to Redis on 127.0.0.1:6379; nested exception is com.lambdaworks.redis.RedisConnectionException: Unable to connect to /127.0.0.1:6379" type="org.springframework.data.redis.RedisConnectionFailureException">org.springframework.data.redis.RedisConnectionFailureException: Unable to connect to Redis on 127.0.0.1:6379; nested exception is com.lambdaworks.redis.RedisConnectionException: Unable to connect to /127.0.0.1:6379
Caused by: com.lambdaworks.redis.RedisConnectionException: Unable to connect to /127.0.0.1:6379
Caused by: java.net.ConnectException: Conexão recusada: /127.0.0.1:6379
</error>
  </testcase>
  <testcase name="testPoll[28]" classname="org.springframework.data.redis.support.collections.RedisListTests" time="0.001">
    <error message="Unable to connect to Redis on 127.0.0.1:6379; nested exception is com.lambdaworks.redis.RedisConnectionException: Unable to connect to /127.0.0.1:6379" type="org.springframework.data.redis.RedisConnectionFailureException">org.springframework.data.redis.RedisConnectionFailureException: Unable to connect to Redis on 127.0.0.1:6379; nested exception is com.lambdaworks.redis.RedisConnectionException: Unable to connect to /127.0.0.1:6379
Caused by: com.lambdaworks.redis.RedisConnectionException: Unable to connect to /127.0.0.1:6379
Caused by: java.net.ConnectException: Conexão recusada: /127.0.0.1:6379
</error>
  </testcase>
  <testcase name="testTake[28]" classname="org.springframework.data.redis.support.collections.RedisListTests" time="0.001">
    <error message="Unable to connect to Redis on 127.0.0.1:6379; nested exception is com.lambdaworks.redis.RedisConnectionException: Unable to connect to /127.0.0.1:6379" type="org.springframework.data.redis.RedisConnectionFailureException">org.springframework.data.redis.RedisConnectionFailureException: Unable to connect to Redis on 127.0.0.1:6379; nested exception is com.lambdaworks.redis.RedisConnectionException: Unable to connect to /127.0.0.1:6379
Caused by: com.lambdaworks.redis.RedisConnectionException: Unable to connect to /127.0.0.1:6379
Caused by: java.net.ConnectException: Conexão recusada: /127.0.0.1:6379
</error>
  </testcase>
  <testcase name="testTake[28]" classname="org.springframework.data.redis.support.collections.RedisListTests" time="0.002">
    <error message="Unable to connect to Redis on 127.0.0.1:6379; nested exception is com.lambdaworks.redis.RedisConnectionException: Unable to connect to /127.0.0.1:6379" type="org.springframework.data.redis.RedisConnectionFailureException">org.springframework.data.redis.RedisConnectionFailureException: Unable to connect to Redis on 127.0.0.1:6379; nested exception is com.lambdaworks.redis.RedisConnectionException: Unable to connect to /127.0.0.1:6379
Caused by: com.lambdaworks.redis.RedisConnectionException: Unable to connect to /127.0.0.1:6379
Caused by: java.net.ConnectException: Conexão recusada: /127.0.0.1:6379
</error>
  </testcase>
  <testcase name="testTrim[28]" classname="org.springframework.data.redis.support.collections.RedisListTests" time="0.001">
    <error message="Unable to connect to Redis on 127.0.0.1:6379; nested exception is com.lambdaworks.redis.RedisConnectionException: Unable to connect to /127.0.0.1:6379" type="org.springframework.data.redis.RedisConnectionFailureException">org.springframework.data.redis.RedisConnectionFailureException: Unable to connect to Redis on 127.0.0.1:6379; nested exception is com.lambdaworks.redis.RedisConnectionException: Unable to connect to /127.0.0.1:6379
Caused by: com.lambdaworks.redis.RedisConnectionException: Unable to connect to /127.0.0.1:6379
Caused by: java.net.ConnectException: Conexão recusada: /127.0.0.1:6379
</error>
  </testcase>
  <testcase name="testTrim[28]" classname="org.springframework.data.redis.support.collections.RedisListTests" time="0.001">
    <error message="Unable to connect to Redis on 127.0.0.1:6379; nested exception is com.lambdaworks.redis.RedisConnectionException: Unable to connect to /127.0.0.1:6379" type="org.springframework.data.redis.RedisConnectionFailureException">org.springframework.data.redis.RedisConnectionFailureException: Unable to connect to Redis on 127.0.0.1:6379; nested exception is com.lambdaworks.redis.RedisConnectionException: Unable to connect to /127.0.0.1:6379
Caused by: com.lambdaworks.redis.RedisConnectionException: Unable to connect to /127.0.0.1:6379
Caused by: java.net.ConnectException: Conexão recusada: /127.0.0.1:6379
</error>
  </testcase>
  <testcase name="testDrainToCollection[28]" classname="org.springframework.data.redis.support.collections.RedisListTests" time="0.001">
    <error message="Unable to connect to Redis on 127.0.0.1:6379; nested exception is com.lambdaworks.redis.RedisConnectionException: Unable to connect to /127.0.0.1:6379" type="org.springframework.data.redis.RedisConnectionFailureException">org.springframework.data.redis.RedisConnectionFailureException: Unable to connect to Redis on 127.0.0.1:6379; nested exception is com.lambdaworks.redis.RedisConnectionException: Unable to connect to /127.0.0.1:6379
Caused by: com.lambdaworks.redis.RedisConnectionException: Unable to connect to /127.0.0.1:6379
Caused by: java.net.ConnectException: Conexão recusada: /127.0.0.1:6379
</error>
  </testcase>
  <testcase name="testDrainToCollection[28]" classname="org.springframework.data.redis.support.collections.RedisListTests" time="0.001">
    <error message="Unable to connect to Redis on 127.0.0.1:6379; nested exception is com.lambdaworks.redis.RedisConnectionException: Unable to connect to /127.0.0.1:6379" type="org.springframework.data.redis.RedisConnectionFailureException">org.springframework.data.redis.RedisConnectionFailureException: Unable to connect to Redis on 127.0.0.1:6379; nested exception is com.lambdaworks.redis.RedisConnectionException: Unable to connect to /127.0.0.1:6379
Caused by: com.lambdaworks.redis.RedisConnectionException: Unable to connect to /127.0.0.1:6379
Caused by: java.net.ConnectException: Conexão recusada: /127.0.0.1:6379
</error>
  </testcase>
  <testcase name="testRemoveFirst[28]" classname="org.springframework.data.redis.support.collections.RedisListTests" time="0.023">
    <error message="Unable to connect to Redis on 127.0.0.1:6379; nested exception is com.lambdaworks.redis.RedisConnectionException: Unable to connect to /127.0.0.1:6379" type="org.springframework.data.redis.RedisConnectionFailureException">org.springframework.data.redis.RedisConnectionFailureException: Unable to connect to Redis on 127.0.0.1:6379; nested exception is com.lambdaworks.redis.RedisConnectionException: Unable to connect to /127.0.0.1:6379
Caused by: com.lambdaworks.redis.RedisConnectionException: Unable to connect to /127.0.0.1:6379
Caused by: java.net.ConnectException: Conexão recusada: /127.0.0.1:6379
</error>
  </testcase>
  <testcase name="testRemoveFirst[28]" classname="org.springframework.data.redis.support.collections.RedisListTests" time="0.023">
    <error message="Unable to connect to Redis on 127.0.0.1:6379; nested exception is com.lambdaworks.redis.RedisConnectionException: Unable to connect to /127.0.0.1:6379" type="org.springframework.data.redis.RedisConnectionFailureException">org.springframework.data.redis.RedisConnectionFailureException: Unable to connect to Redis on 127.0.0.1:6379; nested exception is com.lambdaworks.redis.RedisConnectionException: Unable to connect to /127.0.0.1:6379
Caused by: com.lambdaworks.redis.RedisConnectionException: Unable to connect to /127.0.0.1:6379
Caused by: java.net.ConnectException: Conexão recusada: /127.0.0.1:6379
</error>
  </testcase>
  <testcase name="testRemoveIndex[28]" classname="org.springframework.data.redis.support.collections.RedisListTests" time="0">
    <error message="Unable to connect to Redis on 127.0.0.1:6379; nested exception is com.lambdaworks.redis.RedisConnectionException: Unable to connect to /127.0.0.1:6379" type="org.springframework.data.redis.RedisConnectionFailureException">org.springframework.data.redis.RedisConnectionFailureException: Unable to connect to Redis on 127.0.0.1:6379; nested exception is com.lambdaworks.redis.RedisConnectionException: Unable to connect to /127.0.0.1:6379
Caused by: com.lambdaworks.redis.RedisConnectionException: Unable to connect to /127.0.0.1:6379
Caused by: java.net.ConnectException: Conexão recusada: /127.0.0.1:6379
</error>
  </testcase>
  <testcase name="testPutLast[28]" classname="org.springframework.data.redis.support.collections.RedisListTests" time="0">
    <error message="Unable to connect to Redis on 127.0.0.1:6379; nested exception is com.lambdaworks.redis.RedisConnectionException: Unable to connect to /127.0.0.1:6379" type="org.springframework.data.redis.RedisConnectionFailureException">org.springframework.data.redis.RedisConnectionFailureException: Unable to connect to Redis on 127.0.0.1:6379; nested exception is com.lambdaworks.redis.RedisConnectionException: Unable to connect to /127.0.0.1:6379
Caused by: com.lambdaworks.redis.RedisConnectionException: Unable to connect to /127.0.0.1:6379
Caused by: java.net.ConnectException: Conexão recusada: /127.0.0.1:6379
</error>
  </testcase>
  <testcase name="testPutLast[28]" classname="org.springframework.data.redis.support.collections.RedisListTests" time="0">
    <error message="Unable to connect to Redis on 127.0.0.1:6379; nested exception is com.lambdaworks.redis.RedisConnectionException: Unable to connect to /127.0.0.1:6379" type="org.springframework.data.redis.RedisConnectionFailureException">org.springframework.data.redis.RedisConnectionFailureException: Unable to connect to Redis on 127.0.0.1:6379; nested exception is com.lambdaworks.redis.RedisConnectionException: Unable to connect to /127.0.0.1:6379
Caused by: com.lambdaworks.redis.RedisConnectionException: Unable to connect to /127.0.0.1:6379
Caused by: java.net.ConnectException: Conexão recusada: /127.0.0.1:6379
</error>
  </testcase>
  <testcase name="testOfferFirst[28]" classname="org.springframework.data.redis.support.collections.RedisListTests" time="0">
    <error message="Unable to connect to Redis on 127.0.0.1:6379; nested exception is com.lambdaworks.redis.RedisConnectionException: Unable to connect to /127.0.0.1:6379" type="org.springframework.data.redis.RedisConnectionFailureException">org.springframework.data.redis.RedisConnectionFailureException: Unable to connect to Redis on 127.0.0.1:6379; nested exception is com.lambdaworks.redis.RedisConnectionException: Unable to connect to /127.0.0.1:6379
Caused by: com.lambdaworks.redis.RedisConnectionException: Unable to connect to /127.0.0.1:6379
Caused by: java.net.ConnectException: Conexão recusada: /127.0.0.1:6379
</error>
  </testcase>
  <testcase name="testOfferFirst[28]" classname="org.springframework.data.redis.support.collections.RedisListTests" time="0">
    <error message="Unable to connect to Redis on 127.0.0.1:6379; nested exception is com.lambdaworks.redis.RedisConnectionException: Unable to connect to /127.0.0.1:6379" type="org.springframework.data.redis.RedisConnectionFailureException">org.springframework.data.redis.RedisConnectionFailureException: Unable to connect to Redis on 127.0.0.1:6379; nested exception is com.lambdaworks.redis.RedisConnectionException: Unable to connect to /127.0.0.1:6379
Caused by: com.lambdaworks.redis.RedisConnectionException: Unable to connect to /127.0.0.1:6379
Caused by: java.net.ConnectException: Conexão recusada: /127.0.0.1:6379
</error>
  </testcase>
  <testcase name="testDescendingIterator[28]" classname="org.springframework.data.redis.support.collections.RedisListTests" time="0">
    <error message="Unable to connect to Redis on 127.0.0.1:6379; nested exception is com.lambdaworks.redis.RedisConnectionException: Unable to connect to /127.0.0.1:6379" type="org.springframework.data.redis.RedisConnectionFailureException">org.springframework.data.redis.RedisConnectionFailureException: Unable to connect to Redis on 127.0.0.1:6379; nested exception is com.lambdaworks.redis.RedisConnectionException: Unable to connect to /127.0.0.1:6379
Caused by: com.lambdaworks.redis.RedisConnectionException: Unable to connect to /127.0.0.1:6379
Caused by: java.net.ConnectException: Conexão recusada: /127.0.0.1:6379
</error>
  </testcase>
  <testcase name="testDescendingIterator[28]" classname="org.springframework.data.redis.support.collections.RedisListTests" time="0">
    <error message="Unable to connect to Redis on 127.0.0.1:6379; nested exception is com.lambdaworks.redis.RedisConnectionException: Unable to connect to /127.0.0.1:6379" type="org.springframework.data.redis.RedisConnectionFailureException">org.springframework.data.redis.RedisConnectionFailureException: Unable to connect to Redis on 127.0.0.1:6379; nested exception is com.lambdaworks.redis.RedisConnectionException: Unable to connect to /127.0.0.1:6379
Caused by: com.lambdaworks.redis.RedisConnectionException: Unable to connect to /127.0.0.1:6379
Caused by: java.net.ConnectException: Conexão recusada: /127.0.0.1:6379
</error>
  </testcase>
  <testcase name="testAddFirst[28]" classname="org.springframework.data.redis.support.collections.RedisListTests" time="0">
    <error message="Unable to connect to Redis on 127.0.0.1:6379; nested exception is com.lambdaworks.redis.RedisConnectionException: Unable to connect to /127.0.0.1:6379" type="org.springframework.data.redis.RedisConnectionFailureException">org.springframework.data.redis.RedisConnectionFailureException: Unable to connect to Redis on 127.0.0.1:6379; nested exception is com.lambdaworks.redis.RedisConnectionException: Unable to connect to /127.0.0.1:6379
Caused by: com.lambdaworks.redis.RedisConnectionException: Unable to connect to /127.0.0.1:6379
Caused by: java.net.ConnectException: Conexão recusada: /127.0.0.1:6379
</error>
  </testcase>
  <testcase name="testAddFirst[28]" classname="org.springframework.data.redis.support.collections.RedisListTests" time="0">
    <error message="Unable to connect to Redis on 127.0.0.1:6379; nested exception is com.lambdaworks.redis.RedisConnectionException: Unable to connect to /127.0.0.1:6379" type="org.springframework.data.redis.RedisConnectionFailureException">org.springframework.data.redis.RedisConnectionFailureException: Unable to connect to Redis on 127.0.0.1:6379; nested exception is com.lambdaworks.redis.RedisConnectionException: Unable to connect to /127.0.0.1:6379
Caused by: com.lambdaworks.redis.RedisConnectionException: Unable to connect to /127.0.0.1:6379
Caused by: java.net.ConnectException: Conexão recusada: /127.0.0.1:6379
</error>
  </testcase>
  <testcase name="testDrainToCollectionWithMaxElements[28]" classname="org.springframework.data.redis.support.collections.RedisListTests" time="0">
    <error message="Unable to connect to Redis on 127.0.0.1:6379; nested exception is com.lambdaworks.redis.RedisConnectionException: Unable to connect to /127.0.0.1:6379" type="org.springframework.data.redis.RedisConnectionFailureException">org.springframework.data.redis.RedisConnectionFailureException: Unable to connect to Redis on 127.0.0.1:6379; nested exception is com.lambdaworks.redis.RedisConnectionException: Unable to connect to /127.0.0.1:6379
Caused by: com.lambdaworks.redis.RedisConnectionException: Unable to connect to /127.0.0.1:6379
Caused by: java.net.ConnectException: Conexão recusada: /127.0.0.1:6379
</error>
  </testcase>
  <testcase name="testDrainToCollectionWithMaxElements[28]" classname="org.springframework.data.redis.support.collections.RedisListTests" time="0">
    <error message="Unable to connect to Redis on 127.0.0.1:6379; nested exception is com.lambdaworks.redis.RedisConnectionException: Unable to connect to /127.0.0.1:6379" type="org.springframework.data.redis.RedisConnectionFailureException">org.springframework.data.redis.RedisConnectionFailureException: Unable to connect to Redis on 127.0.0.1:6379; nested exception is com.lambdaworks.redis.RedisConnectionException: Unable to connect to /127.0.0.1:6379
Caused by: com.lambdaworks.redis.RedisConnectionException: Unable to connect to /127.0.0.1:6379
Caused by: java.net.ConnectException: Conexão recusada: /127.0.0.1:6379
</error>
  </testcase>
  <testcase name="testTakeLast[28]" classname="org.springframework.data.redis.support.collections.RedisListTests" time="0">
    <error message="Unable to connect to Redis on 127.0.0.1:6379; nested exception is com.lambdaworks.redis.RedisConnectionException: Unable to connect to /127.0.0.1:6379" type="org.springframework.data.redis.RedisConnectionFailureException">org.springframework.data.redis.RedisConnectionFailureException: Unable to connect to Redis on 127.0.0.1:6379; nested exception is com.lambdaworks.redis.RedisConnectionException: Unable to connect to /127.0.0.1:6379
Caused by: com.lambdaworks.redis.RedisConnectionException: Unable to connect to /127.0.0.1:6379
Caused by: java.net.ConnectException: Conexão recusada: /127.0.0.1:6379
</error>
  </testcase>
  <testcase name="testTakeLast[28]" classname="org.springframework.data.redis.support.collections.RedisListTests" time="0">
    <error message="Unable to connect to Redis on 127.0.0.1:6379; nested exception is com.lambdaworks.redis.RedisConnectionException: Unable to connect to /127.0.0.1:6379" type="org.springframework.data.redis.RedisConnectionFailureException">org.springframework.data.redis.RedisConnectionFailureException: Unable to connect to Redis on 127.0.0.1:6379; nested exception is com.lambdaworks.redis.RedisConnectionException: Unable to connect to /127.0.0.1:6379
Caused by: com.lambdaworks.redis.RedisConnectionException: Unable to connect to /127.0.0.1:6379
Caused by: java.net.ConnectException: Conexão recusada: /127.0.0.1:6379
</error>
  </testcase>
  <testcase name="testRemainingCapacity[28]" classname="org.springframework.data.redis.support.collections.RedisListTests" time="0">
    <error message="Unable to connect to Redis on 127.0.0.1:6379; nested exception is com.lambdaworks.redis.RedisConnectionException: Unable to connect to /127.0.0.1:6379" type="org.springframework.data.redis.RedisConnectionFailureException">org.springframework.data.redis.RedisConnectionFailureException: Unable to connect to Redis on 127.0.0.1:6379; nested exception is com.lambdaworks.redis.RedisConnectionException: Unable to connect to /127.0.0.1:6379
Caused by: com.lambdaworks.redis.RedisConnectionException: Unable to connect to /127.0.0.1:6379
Caused by: java.net.ConnectException: Conexão recusada: /127.0.0.1:6379
</error>
  </testcase>
  <testcase name="testRemoveLast[28]" classname="org.springframework.data.redis.support.collections.RedisListTests" time="0">
    <error message="Unable to connect to Redis on 127.0.0.1:6379; nested exception is com.lambdaworks.redis.RedisConnectionException: Unable to connect to /127.0.0.1:6379" type="org.springframework.data.redis.RedisConnectionFailureException">org.springframework.data.redis.RedisConnectionFailureException: Unable to connect to Redis on 127.0.0.1:6379; nested exception is com.lambdaworks.redis.RedisConnectionException: Unable to connect to /127.0.0.1:6379
Caused by: com.lambdaworks.redis.RedisConnectionException: Unable to connect to /127.0.0.1:6379
Caused by: java.net.ConnectException: Conexão recusada: /127.0.0.1:6379
</error>
  </testcase>
  <testcase name="testRemoveLast[28]" classname="org.springframework.data.redis.support.collections.RedisListTests" time="0">
    <error message="Unable to connect to Redis on 127.0.0.1:6379; nested exception is com.lambdaworks.redis.RedisConnectionException: Unable to connect to /127.0.0.1:6379" type="org.springframework.data.redis.RedisConnectionFailureException">org.springframework.data.redis.RedisConnectionFailureException: Unable to connect to Redis on 127.0.0.1:6379; nested exception is com.lambdaworks.redis.RedisConnectionException: Unable to connect to /127.0.0.1:6379
Caused by: com.lambdaworks.redis.RedisConnectionException: Unable to connect to /127.0.0.1:6379
Caused by: java.net.ConnectException: Conexão recusada: /127.0.0.1:6379
</error>
  </testcase>
  <testcase name="testAddIndexObjectHead[28]" classname="org.springframework.data.redis.support.collections.RedisListTests" time="0">
    <error message="Unable to connect to Redis on 127.0.0.1:6379; nested exception is com.lambdaworks.redis.RedisConnectionException: Unable to connect to /127.0.0.1:6379" type="org.springframework.data.redis.RedisConnectionFailureException">org.springframework.data.redis.RedisConnectionFailureException: Unable to connect to Redis on 127.0.0.1:6379; nested exception is com.lambdaworks.redis.RedisConnectionException: Unable to connect to /127.0.0.1:6379
Caused by: com.lambdaworks.redis.RedisConnectionException: Unable to connect to /127.0.0.1:6379
Caused by: java.net.ConnectException: Conexão recusada: /127.0.0.1:6379
</error>
  </testcase>
  <testcase name="testAddIndexObjectHead[28]" classname="org.springframework.data.redis.support.collections.RedisListTests" time="0.001">
    <error message="Unable to connect to Redis on 127.0.0.1:6379; nested exception is com.lambdaworks.redis.RedisConnectionException: Unable to connect to /127.0.0.1:6379" type="org.springframework.data.redis.RedisConnectionFailureException">org.springframework.data.redis.RedisConnectionFailureException: Unable to connect to Redis on 127.0.0.1:6379; nested exception is com.lambdaworks.redis.RedisConnectionException: Unable to connect to /127.0.0.1:6379
Caused by: com.lambdaworks.redis.RedisConnectionException: Unable to connect to /127.0.0.1:6379
Caused by: java.net.ConnectException: Conexão recusada: /127.0.0.1:6379
</error>
  </testcase>
  <testcase name="testAddIndexObjectTail[28]" classname="org.springframework.data.redis.support.collections.RedisListTests" time="0">
    <error message="Unable to connect to Redis on 127.0.0.1:6379; nested exception is com.lambdaworks.redis.RedisConnectionException: Unable to connect to /127.0.0.1:6379" type="org.springframework.data.redis.RedisConnectionFailureException">org.springframework.data.redis.RedisConnectionFailureException: Unable to connect to Redis on 127.0.0.1:6379; nested exception is com.lambdaworks.redis.RedisConnectionException: Unable to connect to /127.0.0.1:6379
Caused by: com.lambdaworks.redis.RedisConnectionException: Unable to connect to /127.0.0.1:6379
Caused by: java.net.ConnectException: Conexão recusada: /127.0.0.1:6379
</error>
  </testcase>
  <testcase name="testAddIndexObjectTail[28]" classname="org.springframework.data.redis.support.collections.RedisListTests" time="0">
    <error message="Unable to connect to Redis on 127.0.0.1:6379; nested exception is com.lambdaworks.redis.RedisConnectionException: Unable to connect to /127.0.0.1:6379" type="org.springframework.data.redis.RedisConnectionFailureException">org.springframework.data.redis.RedisConnectionFailureException: Unable to connect to Redis on 127.0.0.1:6379; nested exception is com.lambdaworks.redis.RedisConnectionException: Unable to connect to /127.0.0.1:6379
Caused by: com.lambdaworks.redis.RedisConnectionException: Unable to connect to /127.0.0.1:6379
Caused by: java.net.ConnectException: Conexão recusada: /127.0.0.1:6379
</error>
  </testcase>
  <testcase name="testPollFirst[28]" classname="org.springframework.data.redis.support.collections.RedisListTests" time="0">
    <error message="Unable to connect to Redis on 127.0.0.1:6379; nested exception is com.lambdaworks.redis.RedisConnectionException: Unable to connect to /127.0.0.1:6379" type="org.springframework.data.redis.RedisConnectionFailureException">org.springframework.data.redis.RedisConnectionFailureException: Unable to connect to Redis on 127.0.0.1:6379; nested exception is com.lambdaworks.redis.RedisConnectionException: Unable to connect to /127.0.0.1:6379
Caused by: com.lambdaworks.redis.RedisConnectionException: Unable to connect to /127.0.0.1:6379
Caused by: java.net.ConnectException: Conexão recusada: /127.0.0.1:6379
</error>
  </testcase>
  <testcase name="testPollFirst[28]" classname="org.springframework.data.redis.support.collections.RedisListTests" time="0">
    <error message="Unable to connect to Redis on 127.0.0.1:6379; nested exception is com.lambdaworks.redis.RedisConnectionException: Unable to connect to /127.0.0.1:6379" type="org.springframework.data.redis.RedisConnectionFailureException">org.springframework.data.redis.RedisConnectionFailureException: Unable to connect to Redis on 127.0.0.1:6379; nested exception is com.lambdaworks.redis.RedisConnectionException: Unable to connect to /127.0.0.1:6379
Caused by: com.lambdaworks.redis.RedisConnectionException: Unable to connect to /127.0.0.1:6379
Caused by: java.net.ConnectException: Conexão recusada: /127.0.0.1:6379
</error>
  </testcase>
  <testcase name="testAddIndexObjectMiddle[28]" classname="org.springframework.data.redis.support.collections.RedisListTests" time="0">
    <error message="Unexpected exception, expected&lt;java.lang.IllegalArgumentException&gt; but was&lt;org.springframework.data.redis.RedisConnectionFailureException&gt;" type="java.lang.Exception"><![CDATA[java.lang.Exception: Unexpected exception, expected<java.lang.IllegalArgumentException> but was<org.springframework.data.redis.RedisConnectionFailureException>
Caused by: org.springframework.data.redis.RedisConnectionFailureException: Unable to connect to Redis on 127.0.0.1:6379; nested exception is com.lambdaworks.redis.RedisConnectionException: Unable to connect to /127.0.0.1:6379
Caused by: com.lambdaworks.redis.RedisConnectionException: Unable to connect to /127.0.0.1:6379
Caused by: java.net.ConnectException: Conexão recusada: /127.0.0.1:6379
]]></error>
  </testcase>
  <testcase name="testAddIndexObjectMiddle[28]" classname="org.springframework.data.redis.support.collections.RedisListTests" time="0">
    <error message="Unable to connect to Redis on 127.0.0.1:6379; nested exception is com.lambdaworks.redis.RedisConnectionException: Unable to connect to /127.0.0.1:6379" type="org.springframework.data.redis.RedisConnectionFailureException">org.springframework.data.redis.RedisConnectionFailureException: Unable to connect to Redis on 127.0.0.1:6379; nested exception is com.lambdaworks.redis.RedisConnectionException: Unable to connect to /127.0.0.1:6379
Caused by: com.lambdaworks.redis.RedisConnectionException: Unable to connect to /127.0.0.1:6379
Caused by: java.net.ConnectException: Conexão recusada: /127.0.0.1:6379
</error>
  </testcase>
  <testcase name="testPeekLast[28]" classname="org.springframework.data.redis.support.collections.RedisListTests" time="0">
    <error message="Unable to connect to Redis on 127.0.0.1:6379; nested exception is com.lambdaworks.redis.RedisConnectionException: Unable to connect to /127.0.0.1:6379" type="org.springframework.data.redis.RedisConnectionFailureException">org.springframework.data.redis.RedisConnectionFailureException: Unable to connect to Redis on 127.0.0.1:6379; nested exception is com.lambdaworks.redis.RedisConnectionException: Unable to connect to /127.0.0.1:6379
Caused by: com.lambdaworks.redis.RedisConnectionException: Unable to connect to /127.0.0.1:6379
Caused by: java.net.ConnectException: Conexão recusada: /127.0.0.1:6379
</error>
  </testcase>
  <testcase name="testPeekLast[28]" classname="org.springframework.data.redis.support.collections.RedisListTests" time="0">
    <error message="Unable to connect to Redis on 127.0.0.1:6379; nested exception is com.lambdaworks.redis.RedisConnectionException: Unable to connect to /127.0.0.1:6379" type="org.springframework.data.redis.RedisConnectionFailureException">org.springframework.data.redis.RedisConnectionFailureException: Unable to connect to Redis on 127.0.0.1:6379; nested exception is com.lambdaworks.redis.RedisConnectionException: Unable to connect to /127.0.0.1:6379
Caused by: com.lambdaworks.redis.RedisConnectionException: Unable to connect to /127.0.0.1:6379
Caused by: java.net.ConnectException: Conexão recusada: /127.0.0.1:6379
</error>
  </testcase>
  <testcase name="testRemoveFirstOccurrence[28]" classname="org.springframework.data.redis.support.collections.RedisListTests" time="0">
    <error message="Unable to connect to Redis on 127.0.0.1:6379; nested exception is com.lambdaworks.redis.RedisConnectionException: Unable to connect to /127.0.0.1:6379" type="org.springframework.data.redis.RedisConnectionFailureException">org.springframework.data.redis.RedisConnectionFailureException: Unable to connect to Redis on 127.0.0.1:6379; nested exception is com.lambdaworks.redis.RedisConnectionException: Unable to connect to /127.0.0.1:6379
Caused by: com.lambdaworks.redis.RedisConnectionException: Unable to connect to /127.0.0.1:6379
Caused by: java.net.ConnectException: Conexão recusada: /127.0.0.1:6379
</error>
  </testcase>
  <testcase name="testRemoveFirstOccurrence[28]" classname="org.springframework.data.redis.support.collections.RedisListTests" time="0">
    <error message="Unable to connect to Redis on 127.0.0.1:6379; nested exception is com.lambdaworks.redis.RedisConnectionException: Unable to connect to /127.0.0.1:6379" type="org.springframework.data.redis.RedisConnectionFailureException">org.springframework.data.redis.RedisConnectionFailureException: Unable to connect to Redis on 127.0.0.1:6379; nested exception is com.lambdaworks.redis.RedisConnectionException: Unable to connect to /127.0.0.1:6379
Caused by: com.lambdaworks.redis.RedisConnectionException: Unable to connect to /127.0.0.1:6379
Caused by: java.net.ConnectException: Conexão recusada: /127.0.0.1:6379
</error>
  </testcase>
  <testcase name="addAllIndexCollectionHead[28]" classname="org.springframework.data.redis.support.collections.RedisListTests" time="0">
    <error message="Unable to connect to Redis on 127.0.0.1:6379; nested exception is com.lambdaworks.redis.RedisConnectionException: Unable to connect to /127.0.0.1:6379" type="org.springframework.data.redis.RedisConnectionFailureException">org.springframework.data.redis.RedisConnectionFailureException: Unable to connect to Redis on 127.0.0.1:6379; nested exception is com.lambdaworks.redis.RedisConnectionException: Unable to connect to /127.0.0.1:6379
Caused by: com.lambdaworks.redis.RedisConnectionException: Unable to connect to /127.0.0.1:6379
Caused by: java.net.ConnectException: Conexão recusada: /127.0.0.1:6379
</error>
  </testcase>
  <testcase name="addAllIndexCollectionHead[28]" classname="org.springframework.data.redis.support.collections.RedisListTests" time="0">
    <error message="Unable to connect to Redis on 127.0.0.1:6379; nested exception is com.lambdaworks.redis.RedisConnectionException: Unable to connect to /127.0.0.1:6379" type="org.springframework.data.redis.RedisConnectionFailureException">org.springframework.data.redis.RedisConnectionFailureException: Unable to connect to Redis on 127.0.0.1:6379; nested exception is com.lambdaworks.redis.RedisConnectionException: Unable to connect to /127.0.0.1:6379
Caused by: com.lambdaworks.redis.RedisConnectionException: Unable to connect to /127.0.0.1:6379
Caused by: java.net.ConnectException: Conexão recusada: /127.0.0.1:6379
</error>
  </testcase>
  <testcase name="addAllIndexCollectionTail[28]" classname="org.springframework.data.redis.support.collections.RedisListTests" time="0">
    <error message="Unable to connect to Redis on 127.0.0.1:6379; nested exception is com.lambdaworks.redis.RedisConnectionException: Unable to connect to /127.0.0.1:6379" type="org.springframework.data.redis.RedisConnectionFailureException">org.springframework.data.redis.RedisConnectionFailureException: Unable to connect to Redis on 127.0.0.1:6379; nested exception is com.lambdaworks.redis.RedisConnectionException: Unable to connect to /127.0.0.1:6379
Caused by: com.lambdaworks.redis.RedisConnectionException: Unable to connect to /127.0.0.1:6379
Caused by: java.net.ConnectException: Conexão recusada: /127.0.0.1:6379
</error>
  </testcase>
  <testcase name="addAllIndexCollectionTail[28]" classname="org.springframework.data.redis.support.collections.RedisListTests" time="0">
    <error message="Unable to connect to Redis on 127.0.0.1:6379; nested exception is com.lambdaworks.redis.RedisConnectionException: Unable to connect to /127.0.0.1:6379" type="org.springframework.data.redis.RedisConnectionFailureException">org.springframework.data.redis.RedisConnectionFailureException: Unable to connect to Redis on 127.0.0.1:6379; nested exception is com.lambdaworks.redis.RedisConnectionException: Unable to connect to /127.0.0.1:6379
Caused by: com.lambdaworks.redis.RedisConnectionException: Unable to connect to /127.0.0.1:6379
Caused by: java.net.ConnectException: Conexão recusada: /127.0.0.1:6379
</error>
  </testcase>
  <testcase name="addAllIndexCollectionMiddle[28]" classname="org.springframework.data.redis.support.collections.RedisListTests" time="0">
    <error message="Unexpected exception, expected&lt;java.lang.IllegalArgumentException&gt; but was&lt;org.springframework.data.redis.RedisConnectionFailureException&gt;" type="java.lang.Exception"><![CDATA[java.lang.Exception: Unexpected exception, expected<java.lang.IllegalArgumentException> but was<org.springframework.data.redis.RedisConnectionFailureException>
Caused by: org.springframework.data.redis.RedisConnectionFailureException: Unable to connect to Redis on 127.0.0.1:6379; nested exception is com.lambdaworks.redis.RedisConnectionException: Unable to connect to /127.0.0.1:6379
Caused by: com.lambdaworks.redis.RedisConnectionException: Unable to connect to /127.0.0.1:6379
Caused by: java.net.ConnectException: Conexão recusada: /127.0.0.1:6379
]]></error>
  </testcase>
  <testcase name="addAllIndexCollectionMiddle[28]" classname="org.springframework.data.redis.support.collections.RedisListTests" time="0">
    <error message="Unable to connect to Redis on 127.0.0.1:6379; nested exception is com.lambdaworks.redis.RedisConnectionException: Unable to connect to /127.0.0.1:6379" type="org.springframework.data.redis.RedisConnectionFailureException">org.springframework.data.redis.RedisConnectionFailureException: Unable to connect to Redis on 127.0.0.1:6379; nested exception is com.lambdaworks.redis.RedisConnectionException: Unable to connect to /127.0.0.1:6379
Caused by: com.lambdaworks.redis.RedisConnectionException: Unable to connect to /127.0.0.1:6379
Caused by: java.net.ConnectException: Conexão recusada: /127.0.0.1:6379
</error>
  </testcase>
  <testcase name="testPollLast[28]" classname="org.springframework.data.redis.support.collections.RedisListTests" time="0">
    <error message="Unable to connect to Redis on 127.0.0.1:6379; nested exception is com.lambdaworks.redis.RedisConnectionException: Unable to connect to /127.0.0.1:6379" type="org.springframework.data.redis.RedisConnectionFailureException">org.springframework.data.redis.RedisConnectionFailureException: Unable to connect to Redis on 127.0.0.1:6379; nested exception is com.lambdaworks.redis.RedisConnectionException: Unable to connect to /127.0.0.1:6379
Caused by: com.lambdaworks.redis.RedisConnectionException: Unable to connect to /127.0.0.1:6379
Caused by: java.net.ConnectException: Conexão recusada: /127.0.0.1:6379
</error>
  </testcase>
  <testcase name="testPollLast[28]" classname="org.springframework.data.redis.support.collections.RedisListTests" time="0">
    <error message="Unable to connect to Redis on 127.0.0.1:6379; nested exception is com.lambdaworks.redis.RedisConnectionException: Unable to connect to /127.0.0.1:6379" type="org.springframework.data.redis.RedisConnectionFailureException">org.springframework.data.redis.RedisConnectionFailureException: Unable to connect to Redis on 127.0.0.1:6379; nested exception is com.lambdaworks.redis.RedisConnectionException: Unable to connect to /127.0.0.1:6379
Caused by: com.lambdaworks.redis.RedisConnectionException: Unable to connect to /127.0.0.1:6379
Caused by: java.net.ConnectException: Conexão recusada: /127.0.0.1:6379
</error>
  </testcase>
  <testcase name="testIndexOfObject[28]" classname="org.springframework.data.redis.support.collections.RedisListTests" time="0">
    <error message="Unable to connect to Redis on 127.0.0.1:6379; nested exception is com.lambdaworks.redis.RedisConnectionException: Unable to connect to /127.0.0.1:6379" type="org.springframework.data.redis.RedisConnectionFailureException">org.springframework.data.redis.RedisConnectionFailureException: Unable to connect to Redis on 127.0.0.1:6379; nested exception is com.lambdaworks.redis.RedisConnectionException: Unable to connect to /127.0.0.1:6379
Caused by: com.lambdaworks.redis.RedisConnectionException: Unable to connect to /127.0.0.1:6379
Caused by: java.net.ConnectException: Conexão recusada: /127.0.0.1:6379
</error>
  </testcase>
  <testcase name="testPollTimeout[28]" classname="org.springframework.data.redis.support.collections.RedisListTests" time="0.002">
    <error message="Unable to connect to Redis on 127.0.0.1:6379; nested exception is com.lambdaworks.redis.RedisConnectionException: Unable to connect to /127.0.0.1:6379" type="org.springframework.data.redis.RedisConnectionFailureException">org.springframework.data.redis.RedisConnectionFailureException: Unable to connect to Redis on 127.0.0.1:6379; nested exception is com.lambdaworks.redis.RedisConnectionException: Unable to connect to /127.0.0.1:6379
Caused by: com.lambdaworks.redis.RedisConnectionException: Unable to connect to /127.0.0.1:6379
Caused by: java.net.ConnectException: Conexão recusada: /127.0.0.1:6379
</error>
  </testcase>
  <testcase name="testPollTimeout[28]" classname="org.springframework.data.redis.support.collections.RedisListTests" time="0.002">
    <error message="Unable to connect to Redis on 127.0.0.1:6379; nested exception is com.lambdaworks.redis.RedisConnectionException: Unable to connect to /127.0.0.1:6379" type="org.springframework.data.redis.RedisConnectionFailureException">org.springframework.data.redis.RedisConnectionFailureException: Unable to connect to Redis on 127.0.0.1:6379; nested exception is com.lambdaworks.redis.RedisConnectionException: Unable to connect to /127.0.0.1:6379
Caused by: com.lambdaworks.redis.RedisConnectionException: Unable to connect to /127.0.0.1:6379
Caused by: java.net.ConnectException: Conexão recusada: /127.0.0.1:6379
</error>
  </testcase>
  <testcase name="testRemove[28]" classname="org.springframework.data.redis.support.collections.RedisListTests" time="0.001">
    <error message="Unable to connect to Redis on 127.0.0.1:6379; nested exception is com.lambdaworks.redis.RedisConnectionException: Unable to connect to /127.0.0.1:6379" type="org.springframework.data.redis.RedisConnectionFailureException">org.springframework.data.redis.RedisConnectionFailureException: Unable to connect to Redis on 127.0.0.1:6379; nested exception is com.lambdaworks.redis.RedisConnectionException: Unable to connect to /127.0.0.1:6379
Caused by: com.lambdaworks.redis.RedisConnectionException: Unable to connect to /127.0.0.1:6379
Caused by: java.net.ConnectException: Conexão recusada: /127.0.0.1:6379
</error>
  </testcase>
  <testcase name="testRemove[28]" classname="org.springframework.data.redis.support.collections.RedisListTests" time="0.001">
    <error message="Unable to connect to Redis on 127.0.0.1:6379; nested exception is com.lambdaworks.redis.RedisConnectionException: Unable to connect to /127.0.0.1:6379" type="org.springframework.data.redis.RedisConnectionFailureException">org.springframework.data.redis.RedisConnectionFailureException: Unable to connect to Redis on 127.0.0.1:6379; nested exception is com.lambdaworks.redis.RedisConnectionException: Unable to connect to /127.0.0.1:6379
Caused by: com.lambdaworks.redis.RedisConnectionException: Unable to connect to /127.0.0.1:6379
Caused by: java.net.ConnectException: Conexão recusada: /127.0.0.1:6379
</error>
  </testcase>
  <testcase name="testCappedCollection[28]" classname="org.springframework.data.redis.support.collections.RedisListTests" time="0.002">
    <error message="Unable to connect to Redis on 127.0.0.1:6379; nested exception is com.lambdaworks.redis.RedisConnectionException: Unable to connect to /127.0.0.1:6379" type="org.springframework.data.redis.RedisConnectionFailureException">org.springframework.data.redis.RedisConnectionFailureException: Unable to connect to Redis on 127.0.0.1:6379; nested exception is com.lambdaworks.redis.RedisConnectionException: Unable to connect to /127.0.0.1:6379
Caused by: com.lambdaworks.redis.RedisConnectionException: Unable to connect to /127.0.0.1:6379
Caused by: java.net.ConnectException: Conexão recusada: /127.0.0.1:6379
</error>
  </testcase>
  <testcase name="testCappedCollection[28]" classname="org.springframework.data.redis.support.collections.RedisListTests" time="0.002">
    <error message="Unable to connect to Redis on 127.0.0.1:6379; nested exception is com.lambdaworks.redis.RedisConnectionException: Unable to connect to /127.0.0.1:6379" type="org.springframework.data.redis.RedisConnectionFailureException">org.springframework.data.redis.RedisConnectionFailureException: Unable to connect to Redis on 127.0.0.1:6379; nested exception is com.lambdaworks.redis.RedisConnectionException: Unable to connect to /127.0.0.1:6379
Caused by: com.lambdaworks.redis.RedisConnectionException: Unable to connect to /127.0.0.1:6379
Caused by: java.net.ConnectException: Conexão recusada: /127.0.0.1:6379
</error>
  </testcase>
  <testcase name="testRmoveLastOccurrence[28]" classname="org.springframework.data.redis.support.collections.RedisListTests" time="0.001">
    <error message="Unable to connect to Redis on 127.0.0.1:6379; nested exception is com.lambdaworks.redis.RedisConnectionException: Unable to connect to /127.0.0.1:6379" type="org.springframework.data.redis.RedisConnectionFailureException">org.springframework.data.redis.RedisConnectionFailureException: Unable to connect to Redis on 127.0.0.1:6379; nested exception is com.lambdaworks.redis.RedisConnectionException: Unable to connect to /127.0.0.1:6379
Caused by: com.lambdaworks.redis.RedisConnectionException: Unable to connect to /127.0.0.1:6379
Caused by: java.net.ConnectException: Conexão recusada: /127.0.0.1:6379
</error>
  </testcase>
  <testcase name="testRmoveLastOccurrence[28]" classname="org.springframework.data.redis.support.collections.RedisListTests" time="0.008">
    <error message="Unable to connect to Redis on 127.0.0.1:6379; nested exception is com.lambdaworks.redis.RedisConnectionException: Unable to connect to /127.0.0.1:6379" type="org.springframework.data.redis.RedisConnectionFailureException">org.springframework.data.redis.RedisConnectionFailureException: Unable to connect to Redis on 127.0.0.1:6379; nested exception is com.lambdaworks.redis.RedisConnectionException: Unable to connect to /127.0.0.1:6379
Caused by: com.lambdaworks.redis.RedisConnectionException: Unable to connect to /127.0.0.1:6379
Caused by: java.net.ConnectException: Conexão recusada: /127.0.0.1:6379
</error>
  </testcase>
  <testcase name="testTakeFirst[28]" classname="org.springframework.data.redis.support.collections.RedisListTests" time="0">
    <error message="Unable to connect to Redis on 127.0.0.1:6379; nested exception is com.lambdaworks.redis.RedisConnectionException: Unable to connect to /127.0.0.1:6379" type="org.springframework.data.redis.RedisConnectionFailureException">org.springframework.data.redis.RedisConnectionFailureException: Unable to connect to Redis on 127.0.0.1:6379; nested exception is com.lambdaworks.redis.RedisConnectionException: Unable to connect to /127.0.0.1:6379
Caused by: com.lambdaworks.redis.RedisConnectionException: Unable to connect to /127.0.0.1:6379
Caused by: java.net.ConnectException: Conexão recusada: /127.0.0.1:6379
</error>
  </testcase>
  <testcase name="testTakeFirst[28]" classname="org.springframework.data.redis.support.collections.RedisListTests" time="0">
    <error message="Unable to connect to Redis on 127.0.0.1:6379; nested exception is com.lambdaworks.redis.RedisConnectionException: Unable to connect to /127.0.0.1:6379" type="org.springframework.data.redis.RedisConnectionFailureException">org.springframework.data.redis.RedisConnectionFailureException: Unable to connect to Redis on 127.0.0.1:6379; nested exception is com.lambdaworks.redis.RedisConnectionException: Unable to connect to /127.0.0.1:6379
Caused by: com.lambdaworks.redis.RedisConnectionException: Unable to connect to /127.0.0.1:6379
Caused by: java.net.ConnectException: Conexão recusada: /127.0.0.1:6379
</error>
  </testcase>
  <testcase name="testContainsObject[28]" classname="org.springframework.data.redis.support.collections.RedisListTests" time="0">
    <error message="Unable to connect to Redis on 127.0.0.1:6379; nested exception is com.lambdaworks.redis.RedisConnectionException: Unable to connect to /127.0.0.1:6379" type="org.springframework.data.redis.RedisConnectionFailureException">org.springframework.data.redis.RedisConnectionFailureException: Unable to connect to Redis on 127.0.0.1:6379; nested exception is com.lambdaworks.redis.RedisConnectionException: Unable to connect to /127.0.0.1:6379
Caused by: com.lambdaworks.redis.RedisConnectionException: Unable to connect to /127.0.0.1:6379
Caused by: java.net.ConnectException: Conexão recusada: /127.0.0.1:6379
</error>
  </testcase>
  <testcase name="testContainsObject[28]" classname="org.springframework.data.redis.support.collections.RedisListTests" time="0">
    <error message="Unable to connect to Redis on 127.0.0.1:6379; nested exception is com.lambdaworks.redis.RedisConnectionException: Unable to connect to /127.0.0.1:6379" type="org.springframework.data.redis.RedisConnectionFailureException">org.springframework.data.redis.RedisConnectionFailureException: Unable to connect to Redis on 127.0.0.1:6379; nested exception is com.lambdaworks.redis.RedisConnectionException: Unable to connect to /127.0.0.1:6379
Caused by: com.lambdaworks.redis.RedisConnectionException: Unable to connect to /127.0.0.1:6379
Caused by: java.net.ConnectException: Conexão recusada: /127.0.0.1:6379
</error>
  </testcase>
  <testcase name="testToArray[28]" classname="org.springframework.data.redis.support.collections.RedisListTests" time="0">
    <error message="Unable to connect to Redis on 127.0.0.1:6379; nested exception is com.lambdaworks.redis.RedisConnectionException: Unable to connect to /127.0.0.1:6379" type="org.springframework.data.redis.RedisConnectionFailureException">org.springframework.data.redis.RedisConnectionFailureException: Unable to connect to Redis on 127.0.0.1:6379; nested exception is com.lambdaworks.redis.RedisConnectionException: Unable to connect to /127.0.0.1:6379
Caused by: com.lambdaworks.redis.RedisConnectionException: Unable to connect to /127.0.0.1:6379
Caused by: java.net.ConnectException: Conexão recusada: /127.0.0.1:6379
</error>
  </testcase>
  <testcase name="testToArray[28]" classname="org.springframework.data.redis.support.collections.RedisListTests" time="0">
    <error message="Unable to connect to Redis on 127.0.0.1:6379; nested exception is com.lambdaworks.redis.RedisConnectionException: Unable to connect to /127.0.0.1:6379" type="org.springframework.data.redis.RedisConnectionFailureException">org.springframework.data.redis.RedisConnectionFailureException: Unable to connect to Redis on 127.0.0.1:6379; nested exception is com.lambdaworks.redis.RedisConnectionException: Unable to connect to /127.0.0.1:6379
Caused by: com.lambdaworks.redis.RedisConnectionException: Unable to connect to /127.0.0.1:6379
Caused by: java.net.ConnectException: Conexão recusada: /127.0.0.1:6379
</error>
  </testcase>
  <testcase name="testAdd[28]" classname="org.springframework.data.redis.support.collections.RedisListTests" time="0">
    <error message="Unable to connect to Redis on 127.0.0.1:6379; nested exception is com.lambdaworks.redis.RedisConnectionException: Unable to connect to /127.0.0.1:6379" type="org.springframework.data.redis.RedisConnectionFailureException">org.springframework.data.redis.RedisConnectionFailureException: Unable to connect to Redis on 127.0.0.1:6379; nested exception is com.lambdaworks.redis.RedisConnectionException: Unable to connect to /127.0.0.1:6379
Caused by: com.lambdaworks.redis.RedisConnectionException: Unable to connect to /127.0.0.1:6379
Caused by: java.net.ConnectException: Conexão recusada: /127.0.0.1:6379
</error>
  </testcase>
  <testcase name="testAdd[28]" classname="org.springframework.data.redis.support.collections.RedisListTests" time="0">
    <error message="Unable to connect to Redis on 127.0.0.1:6379; nested exception is com.lambdaworks.redis.RedisConnectionException: Unable to connect to /127.0.0.1:6379" type="org.springframework.data.redis.RedisConnectionFailureException">org.springframework.data.redis.RedisConnectionFailureException: Unable to connect to Redis on 127.0.0.1:6379; nested exception is com.lambdaworks.redis.RedisConnectionException: Unable to connect to /127.0.0.1:6379
Caused by: com.lambdaworks.redis.RedisConnectionException: Unable to connect to /127.0.0.1:6379
Caused by: java.net.ConnectException: Conexão recusada: /127.0.0.1:6379
</error>
  </testcase>
  <testcase name="testClear[28]" classname="org.springframework.data.redis.support.collections.RedisListTests" time="0">
    <error message="Unable to connect to Redis on 127.0.0.1:6379; nested exception is com.lambdaworks.redis.RedisConnectionException: Unable to connect to /127.0.0.1:6379" type="org.springframework.data.redis.RedisConnectionFailureException">org.springframework.data.redis.RedisConnectionFailureException: Unable to connect to Redis on 127.0.0.1:6379; nested exception is com.lambdaworks.redis.RedisConnectionException: Unable to connect to /127.0.0.1:6379
Caused by: com.lambdaworks.redis.RedisConnectionException: Unable to connect to /127.0.0.1:6379
Caused by: java.net.ConnectException: Conexão recusada: /127.0.0.1:6379
</error>
  </testcase>
  <testcase name="testClear[28]" classname="org.springframework.data.redis.support.collections.RedisListTests" time="0">
    <error message="Unable to connect to Redis on 127.0.0.1:6379; nested exception is com.lambdaworks.redis.RedisConnectionException: Unable to connect to /127.0.0.1:6379" type="org.springframework.data.redis.RedisConnectionFailureException">org.springframework.data.redis.RedisConnectionFailureException: Unable to connect to Redis on 127.0.0.1:6379; nested exception is com.lambdaworks.redis.RedisConnectionException: Unable to connect to /127.0.0.1:6379
Caused by: com.lambdaworks.redis.RedisConnectionException: Unable to connect to /127.0.0.1:6379
Caused by: java.net.ConnectException: Conexão recusada: /127.0.0.1:6379
</error>
  </testcase>
  <testcase name="testSize[28]" classname="org.springframework.data.redis.support.collections.RedisListTests" time="0.002">
    <error message="Unable to connect to Redis on 127.0.0.1:6379; nested exception is com.lambdaworks.redis.RedisConnectionException: Unable to connect to /127.0.0.1:6379" type="org.springframework.data.redis.RedisConnectionFailureException">org.springframework.data.redis.RedisConnectionFailureException: Unable to connect to Redis on 127.0.0.1:6379; nested exception is com.lambdaworks.redis.RedisConnectionException: Unable to connect to /127.0.0.1:6379
Caused by: com.lambdaworks.redis.RedisConnectionException: Unable to connect to /127.0.0.1:6379
Caused by: java.net.ConnectException: Conexão recusada: /127.0.0.1:6379
</error>
  </testcase>
  <testcase name="testSize[28]" classname="org.springframework.data.redis.support.collections.RedisListTests" time="0.002">
    <error message="Unable to connect to Redis on 127.0.0.1:6379; nested exception is com.lambdaworks.redis.RedisConnectionException: Unable to connect to /127.0.0.1:6379" type="org.springframework.data.redis.RedisConnectionFailureException">org.springframework.data.redis.RedisConnectionFailureException: Unable to connect to Redis on 127.0.0.1:6379; nested exception is com.lambdaworks.redis.RedisConnectionException: Unable to connect to /127.0.0.1:6379
Caused by: com.lambdaworks.redis.RedisConnectionException: Unable to connect to /127.0.0.1:6379
Caused by: java.net.ConnectException: Conexão recusada: /127.0.0.1:6379
</error>
  </testcase>
  <testcase name="testToString[28]" classname="org.springframework.data.redis.support.collections.RedisListTests" time="0.001">
    <error message="Unable to connect to Redis on 127.0.0.1:6379; nested exception is com.lambdaworks.redis.RedisConnectionException: Unable to connect to /127.0.0.1:6379" type="org.springframework.data.redis.RedisConnectionFailureException">org.springframework.data.redis.RedisConnectionFailureException: Unable to connect to Redis on 127.0.0.1:6379; nested exception is com.lambdaworks.redis.RedisConnectionException: Unable to connect to /127.0.0.1:6379
Caused by: com.lambdaworks.redis.RedisConnectionException: Unable to connect to /127.0.0.1:6379
Caused by: java.net.ConnectException: Conexão recusada: /127.0.0.1:6379
</error>
  </testcase>
  <testcase name="testToString[28]" classname="org.springframework.data.redis.support.collections.RedisListTests" time="0.002">
    <error message="Unable to connect to Redis on 127.0.0.1:6379; nested exception is com.lambdaworks.redis.RedisConnectionException: Unable to connect to /127.0.0.1:6379" type="org.springframework.data.redis.RedisConnectionFailureException">org.springframework.data.redis.RedisConnectionFailureException: Unable to connect to Redis on 127.0.0.1:6379; nested exception is com.lambdaworks.redis.RedisConnectionException: Unable to connect to /127.0.0.1:6379
Caused by: com.lambdaworks.redis.RedisConnectionException: Unable to connect to /127.0.0.1:6379
Caused by: java.net.ConnectException: Conexão recusada: /127.0.0.1:6379
</error>
  </testcase>
  <testcase name="testContainsAll[28]" classname="org.springframework.data.redis.support.collections.RedisListTests" time="0.001">
    <error message="Unable to connect to Redis on 127.0.0.1:6379; nested exception is com.lambdaworks.redis.RedisConnectionException: Unable to connect to /127.0.0.1:6379" type="org.springframework.data.redis.RedisConnectionFailureException">org.springframework.data.redis.RedisConnectionFailureException: Unable to connect to Redis on 127.0.0.1:6379; nested exception is com.lambdaworks.redis.RedisConnectionException: Unable to connect to /127.0.0.1:6379
Caused by: com.lambdaworks.redis.RedisConnectionException: Unable to connect to /127.0.0.1:6379
Caused by: java.net.ConnectException: Conexão recusada: /127.0.0.1:6379
</error>
  </testcase>
  <testcase name="testContainsAll[28]" classname="org.springframework.data.redis.support.collections.RedisListTests" time="0.002">
    <error message="Unable to connect to Redis on 127.0.0.1:6379; nested exception is com.lambdaworks.redis.RedisConnectionException: Unable to connect to /127.0.0.1:6379" type="org.springframework.data.redis.RedisConnectionFailureException">org.springframework.data.redis.RedisConnectionFailureException: Unable to connect to Redis on 127.0.0.1:6379; nested exception is com.lambdaworks.redis.RedisConnectionException: Unable to connect to /127.0.0.1:6379
Caused by: com.lambdaworks.redis.RedisConnectionException: Unable to connect to /127.0.0.1:6379
Caused by: java.net.ConnectException: Conexão recusada: /127.0.0.1:6379
</error>
  </testcase>
  <testcase name="testRemoveObject[28]" classname="org.springframework.data.redis.support.collections.RedisListTests" time="0.001">
    <error message="Unable to connect to Redis on 127.0.0.1:6379; nested exception is com.lambdaworks.redis.RedisConnectionException: Unable to connect to /127.0.0.1:6379" type="org.springframework.data.redis.RedisConnectionFailureException">org.springframework.data.redis.RedisConnectionFailureException: Unable to connect to Redis on 127.0.0.1:6379; nested exception is com.lambdaworks.redis.RedisConnectionException: Unable to connect to /127.0.0.1:6379
Caused by: com.lambdaworks.redis.RedisConnectionException: Unable to connect to /127.0.0.1:6379
Caused by: java.net.ConnectException: Conexão recusada: /127.0.0.1:6379
</error>
  </testcase>
  <testcase name="testRemoveObject[28]" classname="org.springframework.data.redis.support.collections.RedisListTests" time="0.001">
    <error message="Unable to connect to Redis on 127.0.0.1:6379; nested exception is com.lambdaworks.redis.RedisConnectionException: Unable to connect to /127.0.0.1:6379" type="org.springframework.data.redis.RedisConnectionFailureException">org.springframework.data.redis.RedisConnectionFailureException: Unable to connect to Redis on 127.0.0.1:6379; nested exception is com.lambdaworks.redis.RedisConnectionException: Unable to connect to /127.0.0.1:6379
Caused by: com.lambdaworks.redis.RedisConnectionException: Unable to connect to /127.0.0.1:6379
Caused by: java.net.ConnectException: Conexão recusada: /127.0.0.1:6379
</error>
  </testcase>
  <testcase name="testHashCode[28]" classname="org.springframework.data.redis.support.collections.RedisListTests" time="0">
    <error message="Unable to connect to Redis on 127.0.0.1:6379; nested exception is com.lambdaworks.redis.RedisConnectionException: Unable to connect to /127.0.0.1:6379" type="org.springframework.data.redis.RedisConnectionFailureException">org.springframework.data.redis.RedisConnectionFailureException: Unable to connect to Redis on 127.0.0.1:6379; nested exception is com.lambdaworks.redis.RedisConnectionException: Unable to connect to /127.0.0.1:6379
Caused by: com.lambdaworks.redis.RedisConnectionException: Unable to connect to /127.0.0.1:6379
Caused by: java.net.ConnectException: Conexão recusada: /127.0.0.1:6379
</error>
  </testcase>
  <testcase name="testAddAll[28]" classname="org.springframework.data.redis.support.collections.RedisListTests" time="0.001">
    <error message="Unable to connect to Redis on 127.0.0.1:6379; nested exception is com.lambdaworks.redis.RedisConnectionException: Unable to connect to /127.0.0.1:6379" type="org.springframework.data.redis.RedisConnectionFailureException">org.springframework.data.redis.RedisConnectionFailureException: Unable to connect to Redis on 127.0.0.1:6379; nested exception is com.lambdaworks.redis.RedisConnectionException: Unable to connect to /127.0.0.1:6379
Caused by: com.lambdaworks.redis.RedisConnectionException: Unable to connect to /127.0.0.1:6379
Caused by: java.net.ConnectException: Conexão recusada: /127.0.0.1:6379
</error>
  </testcase>
  <testcase name="testAddAll[28]" classname="org.springframework.data.redis.support.collections.RedisListTests" time="0.002">
    <error message="Unable to connect to Redis on 127.0.0.1:6379; nested exception is com.lambdaworks.redis.RedisConnectionException: Unable to connect to /127.0.0.1:6379" type="org.springframework.data.redis.RedisConnectionFailureException">org.springframework.data.redis.RedisConnectionFailureException: Unable to connect to Redis on 127.0.0.1:6379; nested exception is com.lambdaworks.redis.RedisConnectionException: Unable to connect to /127.0.0.1:6379
Caused by: com.lambdaworks.redis.RedisConnectionException: Unable to connect to /127.0.0.1:6379
Caused by: java.net.ConnectException: Conexão recusada: /127.0.0.1:6379
</error>
  </testcase>
  <testcase name="removeAll[28]" classname="org.springframework.data.redis.support.collections.RedisListTests" time="0.001">
    <error message="Unable to connect to Redis on 127.0.0.1:6379; nested exception is com.lambdaworks.redis.RedisConnectionException: Unable to connect to /127.0.0.1:6379" type="org.springframework.data.redis.RedisConnectionFailureException">org.springframework.data.redis.RedisConnectionFailureException: Unable to connect to Redis on 127.0.0.1:6379; nested exception is com.lambdaworks.redis.RedisConnectionException: Unable to connect to /127.0.0.1:6379
Caused by: com.lambdaworks.redis.RedisConnectionException: Unable to connect to /127.0.0.1:6379
Caused by: java.net.ConnectException: Conexão recusada: /127.0.0.1:6379
</error>
  </testcase>
  <testcase name="removeAll[28]" classname="org.springframework.data.redis.support.collections.RedisListTests" time="0.001">
    <error message="Unable to connect to Redis on 127.0.0.1:6379; nested exception is com.lambdaworks.redis.RedisConnectionException: Unable to connect to /127.0.0.1:6379" type="org.springframework.data.redis.RedisConnectionFailureException">org.springframework.data.redis.RedisConnectionFailureException: Unable to connect to Redis on 127.0.0.1:6379; nested exception is com.lambdaworks.redis.RedisConnectionException: Unable to connect to /127.0.0.1:6379
Caused by: com.lambdaworks.redis.RedisConnectionException: Unable to connect to /127.0.0.1:6379
Caused by: java.net.ConnectException: Conexão recusada: /127.0.0.1:6379
</error>
  </testcase>
  <testcase name="testEquals[28]" classname="org.springframework.data.redis.support.collections.RedisListTests" time="0">
    <error message="Unable to connect to Redis on 127.0.0.1:6379; nested exception is com.lambdaworks.redis.RedisConnectionException: Unable to connect to /127.0.0.1:6379" type="org.springframework.data.redis.RedisConnectionFailureException">org.springframework.data.redis.RedisConnectionFailureException: Unable to connect to Redis on 127.0.0.1:6379; nested exception is com.lambdaworks.redis.RedisConnectionException: Unable to connect to /127.0.0.1:6379
Caused by: com.lambdaworks.redis.RedisConnectionException: Unable to connect to /127.0.0.1:6379
Caused by: java.net.ConnectException: Conexão recusada: /127.0.0.1:6379
</error>
  </testcase>
  <testcase name="testGetKey[28]" classname="org.springframework.data.redis.support.collections.RedisListTests" time="0">
    <error message="Unable to connect to Redis on 127.0.0.1:6379; nested exception is com.lambdaworks.redis.RedisConnectionException: Unable to connect to /127.0.0.1:6379" type="org.springframework.data.redis.RedisConnectionFailureException">org.springframework.data.redis.RedisConnectionFailureException: Unable to connect to Redis on 127.0.0.1:6379; nested exception is com.lambdaworks.redis.RedisConnectionException: Unable to connect to /127.0.0.1:6379
Caused by: com.lambdaworks.redis.RedisConnectionException: Unable to connect to /127.0.0.1:6379
Caused by: java.net.ConnectException: Conexão recusada: /127.0.0.1:6379
</error>
  </testcase>
  <testcase name="testToArrayWithGenerics[28]" classname="org.springframework.data.redis.support.collections.RedisListTests" time="0.01">
    <error message="Unable to connect to Redis on 127.0.0.1:6379; nested exception is com.lambdaworks.redis.RedisConnectionException: Unable to connect to /127.0.0.1:6379" type="org.springframework.data.redis.RedisConnectionFailureException">org.springframework.data.redis.RedisConnectionFailureException: Unable to connect to Redis on 127.0.0.1:6379; nested exception is com.lambdaworks.redis.RedisConnectionException: Unable to connect to /127.0.0.1:6379
Caused by: com.lambdaworks.redis.RedisConnectionException: Unable to connect to /127.0.0.1:6379
Caused by: java.net.ConnectException: Conexão recusada: /127.0.0.1:6379
</error>
  </testcase>
  <testcase name="testToArrayWithGenerics[28]" classname="org.springframework.data.redis.support.collections.RedisListTests" time="0.01">
    <error message="Unable to connect to Redis on 127.0.0.1:6379; nested exception is com.lambdaworks.redis.RedisConnectionException: Unable to connect to /127.0.0.1:6379" type="org.springframework.data.redis.RedisConnectionFailureException">org.springframework.data.redis.RedisConnectionFailureException: Unable to connect to Redis on 127.0.0.1:6379; nested exception is com.lambdaworks.redis.RedisConnectionException: Unable to connect to /127.0.0.1:6379
Caused by: com.lambdaworks.redis.RedisConnectionException: Unable to connect to /127.0.0.1:6379
Caused by: java.net.ConnectException: Conexão recusada: /127.0.0.1:6379
</error>
  </testcase>
  <testcase name="testIsEmpty[28]" classname="org.springframework.data.redis.support.collections.RedisListTests" time="0.002">
    <error message="Unable to connect to Redis on 127.0.0.1:6379; nested exception is com.lambdaworks.redis.RedisConnectionException: Unable to connect to /127.0.0.1:6379" type="org.springframework.data.redis.RedisConnectionFailureException">org.springframework.data.redis.RedisConnectionFailureException: Unable to connect to Redis on 127.0.0.1:6379; nested exception is com.lambdaworks.redis.RedisConnectionException: Unable to connect to /127.0.0.1:6379
Caused by: com.lambdaworks.redis.RedisConnectionException: Unable to connect to /127.0.0.1:6379
Caused by: java.net.ConnectException: Conexão recusada: /127.0.0.1:6379
</error>
  </testcase>
  <testcase name="testIsEmpty[28]" classname="org.springframework.data.redis.support.collections.RedisListTests" time="0.002">
    <error message="Unable to connect to Redis on 127.0.0.1:6379; nested exception is com.lambdaworks.redis.RedisConnectionException: Unable to connect to /127.0.0.1:6379" type="org.springframework.data.redis.RedisConnectionFailureException">org.springframework.data.redis.RedisConnectionFailureException: Unable to connect to Redis on 127.0.0.1:6379; nested exception is com.lambdaworks.redis.RedisConnectionException: Unable to connect to /127.0.0.1:6379
Caused by: com.lambdaworks.redis.RedisConnectionException: Unable to connect to /127.0.0.1:6379
Caused by: java.net.ConnectException: Conexão recusada: /127.0.0.1:6379
</error>
  </testcase>
  <testcase name="testIterator[28]" classname="org.springframework.data.redis.support.collections.RedisListTests" time="0.001">
    <error message="Unable to connect to Redis on 127.0.0.1:6379; nested exception is com.lambdaworks.redis.RedisConnectionException: Unable to connect to /127.0.0.1:6379" type="org.springframework.data.redis.RedisConnectionFailureException">org.springframework.data.redis.RedisConnectionFailureException: Unable to connect to Redis on 127.0.0.1:6379; nested exception is com.lambdaworks.redis.RedisConnectionException: Unable to connect to /127.0.0.1:6379
Caused by: com.lambdaworks.redis.RedisConnectionException: Unable to connect to /127.0.0.1:6379
Caused by: java.net.ConnectException: Conexão recusada: /127.0.0.1:6379
</error>
  </testcase>
  <testcase name="testIterator[28]" classname="org.springframework.data.redis.support.collections.RedisListTests" time="0.002">
    <error message="Unable to connect to Redis on 127.0.0.1:6379; nested exception is com.lambdaworks.redis.RedisConnectionException: Unable to connect to /127.0.0.1:6379" type="org.springframework.data.redis.RedisConnectionFailureException">org.springframework.data.redis.RedisConnectionFailureException: Unable to connect to Redis on 127.0.0.1:6379; nested exception is com.lambdaworks.redis.RedisConnectionException: Unable to connect to /127.0.0.1:6379
Caused by: com.lambdaworks.redis.RedisConnectionException: Unable to connect to /127.0.0.1:6379
Caused by: java.net.ConnectException: Conexão recusada: /127.0.0.1:6379
</error>
  </testcase>
  <testcase name="testElement[29]" classname="org.springframework.data.redis.support.collections.RedisListTests" time="0.001">
    <error message="Unable to connect to Redis on 127.0.0.1:6379; nested exception is com.lambdaworks.redis.RedisConnectionException: Unable to connect to /127.0.0.1:6379" type="org.springframework.data.redis.RedisConnectionFailureException">org.springframework.data.redis.RedisConnectionFailureException: Unable to connect to Redis on 127.0.0.1:6379; nested exception is com.lambdaworks.redis.RedisConnectionException: Unable to connect to /127.0.0.1:6379
Caused by: com.lambdaworks.redis.RedisConnectionException: Unable to connect to /127.0.0.1:6379
Caused by: java.net.ConnectException: Conexão recusada: /127.0.0.1:6379
</error>
  </testcase>
  <testcase name="testElement[29]" classname="org.springframework.data.redis.support.collections.RedisListTests" time="0.001">
    <error message="Unable to connect to Redis on 127.0.0.1:6379; nested exception is com.lambdaworks.redis.RedisConnectionException: Unable to connect to /127.0.0.1:6379" type="org.springframework.data.redis.RedisConnectionFailureException">org.springframework.data.redis.RedisConnectionFailureException: Unable to connect to Redis on 127.0.0.1:6379; nested exception is com.lambdaworks.redis.RedisConnectionException: Unable to connect to /127.0.0.1:6379
Caused by: com.lambdaworks.redis.RedisConnectionException: Unable to connect to /127.0.0.1:6379
Caused by: java.net.ConnectException: Conexão recusada: /127.0.0.1:6379
</error>
  </testcase>
  <testcase name="testPutFirst[29]" classname="org.springframework.data.redis.support.collections.RedisListTests" time="0.002">
    <error message="Unable to connect to Redis on 127.0.0.1:6379; nested exception is com.lambdaworks.redis.RedisConnectionException: Unable to connect to /127.0.0.1:6379" type="org.springframework.data.redis.RedisConnectionFailureException">org.springframework.data.redis.RedisConnectionFailureException: Unable to connect to Redis on 127.0.0.1:6379; nested exception is com.lambdaworks.redis.RedisConnectionException: Unable to connect to /127.0.0.1:6379
Caused by: com.lambdaworks.redis.RedisConnectionException: Unable to connect to /127.0.0.1:6379
Caused by: java.net.ConnectException: Conexão recusada: /127.0.0.1:6379
</error>
  </testcase>
  <testcase name="testPutFirst[29]" classname="org.springframework.data.redis.support.collections.RedisListTests" time="0.002">
    <error message="Unable to connect to Redis on 127.0.0.1:6379; nested exception is com.lambdaworks.redis.RedisConnectionException: Unable to connect to /127.0.0.1:6379" type="org.springframework.data.redis.RedisConnectionFailureException">org.springframework.data.redis.RedisConnectionFailureException: Unable to connect to Redis on 127.0.0.1:6379; nested exception is com.lambdaworks.redis.RedisConnectionException: Unable to connect to /127.0.0.1:6379
Caused by: com.lambdaworks.redis.RedisConnectionException: Unable to connect to /127.0.0.1:6379
Caused by: java.net.ConnectException: Conexão recusada: /127.0.0.1:6379
</error>
  </testcase>
  <testcase name="testPollLastTimeout[29]" classname="org.springframework.data.redis.support.collections.RedisListTests" time="0.001">
    <error message="Unable to connect to Redis on 127.0.0.1:6379; nested exception is com.lambdaworks.redis.RedisConnectionException: Unable to connect to /127.0.0.1:6379" type="org.springframework.data.redis.RedisConnectionFailureException">org.springframework.data.redis.RedisConnectionFailureException: Unable to connect to Redis on 127.0.0.1:6379; nested exception is com.lambdaworks.redis.RedisConnectionException: Unable to connect to /127.0.0.1:6379
Caused by: com.lambdaworks.redis.RedisConnectionException: Unable to connect to /127.0.0.1:6379
Caused by: java.net.ConnectException: Conexão recusada: /127.0.0.1:6379
</error>
  </testcase>
  <testcase name="testPollLastTimeout[29]" classname="org.springframework.data.redis.support.collections.RedisListTests" time="0.001">
    <error message="Unable to connect to Redis on 127.0.0.1:6379; nested exception is com.lambdaworks.redis.RedisConnectionException: Unable to connect to /127.0.0.1:6379" type="org.springframework.data.redis.RedisConnectionFailureException">org.springframework.data.redis.RedisConnectionFailureException: Unable to connect to Redis on 127.0.0.1:6379; nested exception is com.lambdaworks.redis.RedisConnectionException: Unable to connect to /127.0.0.1:6379
Caused by: com.lambdaworks.redis.RedisConnectionException: Unable to connect to /127.0.0.1:6379
Caused by: java.net.ConnectException: Conexão recusada: /127.0.0.1:6379
</error>
  </testcase>
  <testcase name="testPeekFirst[29]" classname="org.springframework.data.redis.support.collections.RedisListTests" time="0.001">
    <error message="Unable to connect to Redis on 127.0.0.1:6379; nested exception is com.lambdaworks.redis.RedisConnectionException: Unable to connect to /127.0.0.1:6379" type="org.springframework.data.redis.RedisConnectionFailureException">org.springframework.data.redis.RedisConnectionFailureException: Unable to connect to Redis on 127.0.0.1:6379; nested exception is com.lambdaworks.redis.RedisConnectionException: Unable to connect to /127.0.0.1:6379
Caused by: com.lambdaworks.redis.RedisConnectionException: Unable to connect to /127.0.0.1:6379
Caused by: java.net.ConnectException: Conexão recusada: /127.0.0.1:6379
</error>
  </testcase>
  <testcase name="testPeekFirst[29]" classname="org.springframework.data.redis.support.collections.RedisListTests" time="0.001">
    <error message="Unable to connect to Redis on 127.0.0.1:6379; nested exception is com.lambdaworks.redis.RedisConnectionException: Unable to connect to /127.0.0.1:6379" type="org.springframework.data.redis.RedisConnectionFailureException">org.springframework.data.redis.RedisConnectionFailureException: Unable to connect to Redis on 127.0.0.1:6379; nested exception is com.lambdaworks.redis.RedisConnectionException: Unable to connect to /127.0.0.1:6379
Caused by: com.lambdaworks.redis.RedisConnectionException: Unable to connect to /127.0.0.1:6379
Caused by: java.net.ConnectException: Conexão recusada: /127.0.0.1:6379
</error>
  </testcase>
  <testcase name="testOfferLast[29]" classname="org.springframework.data.redis.support.collections.RedisListTests" time="0.002">
    <error message="Unable to connect to Redis on 127.0.0.1:6379; nested exception is com.lambdaworks.redis.RedisConnectionException: Unable to connect to /127.0.0.1:6379" type="org.springframework.data.redis.RedisConnectionFailureException">org.springframework.data.redis.RedisConnectionFailureException: Unable to connect to Redis on 127.0.0.1:6379; nested exception is com.lambdaworks.redis.RedisConnectionException: Unable to connect to /127.0.0.1:6379
Caused by: com.lambdaworks.redis.RedisConnectionException: Unable to connect to /127.0.0.1:6379
Caused by: java.net.ConnectException: Conexão recusada: /127.0.0.1:6379
</error>
  </testcase>
  <testcase name="testOfferLast[29]" classname="org.springframework.data.redis.support.collections.RedisListTests" time="0.002">
    <error message="Unable to connect to Redis on 127.0.0.1:6379; nested exception is com.lambdaworks.redis.RedisConnectionException: Unable to connect to /127.0.0.1:6379" type="org.springframework.data.redis.RedisConnectionFailureException">org.springframework.data.redis.RedisConnectionFailureException: Unable to connect to Redis on 127.0.0.1:6379; nested exception is com.lambdaworks.redis.RedisConnectionException: Unable to connect to /127.0.0.1:6379
Caused by: com.lambdaworks.redis.RedisConnectionException: Unable to connect to /127.0.0.1:6379
Caused by: java.net.ConnectException: Conexão recusada: /127.0.0.1:6379
</error>
  </testcase>
  <testcase name="testGetFirst[29]" classname="org.springframework.data.redis.support.collections.RedisListTests" time="0.001">
    <error message="Unable to connect to Redis on 127.0.0.1:6379; nested exception is com.lambdaworks.redis.RedisConnectionException: Unable to connect to /127.0.0.1:6379" type="org.springframework.data.redis.RedisConnectionFailureException">org.springframework.data.redis.RedisConnectionFailureException: Unable to connect to Redis on 127.0.0.1:6379; nested exception is com.lambdaworks.redis.RedisConnectionException: Unable to connect to /127.0.0.1:6379
Caused by: com.lambdaworks.redis.RedisConnectionException: Unable to connect to /127.0.0.1:6379
Caused by: java.net.ConnectException: Conexão recusada: /127.0.0.1:6379
</error>
  </testcase>
  <testcase name="testGetFirst[29]" classname="org.springframework.data.redis.support.collections.RedisListTests" time="0.001">
    <error message="Unable to connect to Redis on 127.0.0.1:6379; nested exception is com.lambdaworks.redis.RedisConnectionException: Unable to connect to /127.0.0.1:6379" type="org.springframework.data.redis.RedisConnectionFailureException">org.springframework.data.redis.RedisConnectionFailureException: Unable to connect to Redis on 127.0.0.1:6379; nested exception is com.lambdaworks.redis.RedisConnectionException: Unable to connect to /127.0.0.1:6379
Caused by: com.lambdaworks.redis.RedisConnectionException: Unable to connect to /127.0.0.1:6379
Caused by: java.net.ConnectException: Conexão recusada: /127.0.0.1:6379
</error>
  </testcase>
  <testcase name="testAddLast[29]" classname="org.springframework.data.redis.support.collections.RedisListTests" time="0.002">
    <error message="Unable to connect to Redis on 127.0.0.1:6379; nested exception is com.lambdaworks.redis.RedisConnectionException: Unable to connect to /127.0.0.1:6379" type="org.springframework.data.redis.RedisConnectionFailureException">org.springframework.data.redis.RedisConnectionFailureException: Unable to connect to Redis on 127.0.0.1:6379; nested exception is com.lambdaworks.redis.RedisConnectionException: Unable to connect to /127.0.0.1:6379
Caused by: com.lambdaworks.redis.RedisConnectionException: Unable to connect to /127.0.0.1:6379
Caused by: java.net.ConnectException: Conexão recusada: /127.0.0.1:6379
</error>
  </testcase>
  <testcase name="testAddLast[29]" classname="org.springframework.data.redis.support.collections.RedisListTests" time="0.002">
    <error message="Unable to connect to Redis on 127.0.0.1:6379; nested exception is com.lambdaworks.redis.RedisConnectionException: Unable to connect to /127.0.0.1:6379" type="org.springframework.data.redis.RedisConnectionFailureException">org.springframework.data.redis.RedisConnectionFailureException: Unable to connect to Redis on 127.0.0.1:6379; nested exception is com.lambdaworks.redis.RedisConnectionException: Unable to connect to /127.0.0.1:6379
Caused by: com.lambdaworks.redis.RedisConnectionException: Unable to connect to /127.0.0.1:6379
Caused by: java.net.ConnectException: Conexão recusada: /127.0.0.1:6379
</error>
  </testcase>
  <testcase name="testPop[29]" classname="org.springframework.data.redis.support.collections.RedisListTests" time="0.001">
    <error message="Unable to connect to Redis on 127.0.0.1:6379; nested exception is com.lambdaworks.redis.RedisConnectionException: Unable to connect to /127.0.0.1:6379" type="org.springframework.data.redis.RedisConnectionFailureException">org.springframework.data.redis.RedisConnectionFailureException: Unable to connect to Redis on 127.0.0.1:6379; nested exception is com.lambdaworks.redis.RedisConnectionException: Unable to connect to /127.0.0.1:6379
Caused by: com.lambdaworks.redis.RedisConnectionException: Unable to connect to /127.0.0.1:6379
Caused by: java.net.ConnectException: Conexão recusada: /127.0.0.1:6379
</error>
  </testcase>
  <testcase name="testPop[29]" classname="org.springframework.data.redis.support.collections.RedisListTests" time="0.001">
    <error message="Unable to connect to Redis on 127.0.0.1:6379; nested exception is com.lambdaworks.redis.RedisConnectionException: Unable to connect to /127.0.0.1:6379" type="org.springframework.data.redis.RedisConnectionFailureException">org.springframework.data.redis.RedisConnectionFailureException: Unable to connect to Redis on 127.0.0.1:6379; nested exception is com.lambdaworks.redis.RedisConnectionException: Unable to connect to /127.0.0.1:6379
Caused by: com.lambdaworks.redis.RedisConnectionException: Unable to connect to /127.0.0.1:6379
Caused by: java.net.ConnectException: Conexão recusada: /127.0.0.1:6379
</error>
  </testcase>
  <testcase name="testPut[29]" classname="org.springframework.data.redis.support.collections.RedisListTests" time="0.001">
    <error message="Unable to connect to Redis on 127.0.0.1:6379; nested exception is com.lambdaworks.redis.RedisConnectionException: Unable to connect to /127.0.0.1:6379" type="org.springframework.data.redis.RedisConnectionFailureException">org.springframework.data.redis.RedisConnectionFailureException: Unable to connect to Redis on 127.0.0.1:6379; nested exception is com.lambdaworks.redis.RedisConnectionException: Unable to connect to /127.0.0.1:6379
Caused by: com.lambdaworks.redis.RedisConnectionException: Unable to connect to /127.0.0.1:6379
Caused by: java.net.ConnectException: Conexão recusada: /127.0.0.1:6379
</error>
  </testcase>
  <testcase name="testPut[29]" classname="org.springframework.data.redis.support.collections.RedisListTests" time="0.001">
    <error message="Unable to connect to Redis on 127.0.0.1:6379; nested exception is com.lambdaworks.redis.RedisConnectionException: Unable to connect to /127.0.0.1:6379" type="org.springframework.data.redis.RedisConnectionFailureException">org.springframework.data.redis.RedisConnectionFailureException: Unable to connect to Redis on 127.0.0.1:6379; nested exception is com.lambdaworks.redis.RedisConnectionException: Unable to connect to /127.0.0.1:6379
Caused by: com.lambdaworks.redis.RedisConnectionException: Unable to connect to /127.0.0.1:6379
Caused by: java.net.ConnectException: Conexão recusada: /127.0.0.1:6379
</error>
  </testcase>
  <testcase name="testSet[29]" classname="org.springframework.data.redis.support.collections.RedisListTests" time="0.001">
    <error message="Unable to connect to Redis on 127.0.0.1:6379; nested exception is com.lambdaworks.redis.RedisConnectionException: Unable to connect to /127.0.0.1:6379" type="org.springframework.data.redis.RedisConnectionFailureException">org.springframework.data.redis.RedisConnectionFailureException: Unable to connect to Redis on 127.0.0.1:6379; nested exception is com.lambdaworks.redis.RedisConnectionException: Unable to connect to /127.0.0.1:6379
Caused by: com.lambdaworks.redis.RedisConnectionException: Unable to connect to /127.0.0.1:6379
Caused by: java.net.ConnectException: Conexão recusada: /127.0.0.1:6379
</error>
  </testcase>
  <testcase name="testSet[29]" classname="org.springframework.data.redis.support.collections.RedisListTests" time="0.001">
    <error message="Unable to connect to Redis on 127.0.0.1:6379; nested exception is com.lambdaworks.redis.RedisConnectionException: Unable to connect to /127.0.0.1:6379" type="org.springframework.data.redis.RedisConnectionFailureException">org.springframework.data.redis.RedisConnectionFailureException: Unable to connect to Redis on 127.0.0.1:6379; nested exception is com.lambdaworks.redis.RedisConnectionException: Unable to connect to /127.0.0.1:6379
Caused by: com.lambdaworks.redis.RedisConnectionException: Unable to connect to /127.0.0.1:6379
Caused by: java.net.ConnectException: Conexão recusada: /127.0.0.1:6379
</error>
  </testcase>
  <testcase name="testOffer[29]" classname="org.springframework.data.redis.support.collections.RedisListTests" time="0.002">
    <error message="Unable to connect to Redis on 127.0.0.1:6379; nested exception is com.lambdaworks.redis.RedisConnectionException: Unable to connect to /127.0.0.1:6379" type="org.springframework.data.redis.RedisConnectionFailureException">org.springframework.data.redis.RedisConnectionFailureException: Unable to connect to Redis on 127.0.0.1:6379; nested exception is com.lambdaworks.redis.RedisConnectionException: Unable to connect to /127.0.0.1:6379
Caused by: com.lambdaworks.redis.RedisConnectionException: Unable to connect to /127.0.0.1:6379
Caused by: java.net.ConnectException: Conexão recusada: /127.0.0.1:6379
</error>
  </testcase>
  <testcase name="testOffer[29]" classname="org.springframework.data.redis.support.collections.RedisListTests" time="0.002">
    <error message="Unable to connect to Redis on 127.0.0.1:6379; nested exception is com.lambdaworks.redis.RedisConnectionException: Unable to connect to /127.0.0.1:6379" type="org.springframework.data.redis.RedisConnectionFailureException">org.springframework.data.redis.RedisConnectionFailureException: Unable to connect to Redis on 127.0.0.1:6379; nested exception is com.lambdaworks.redis.RedisConnectionException: Unable to connect to /127.0.0.1:6379
Caused by: com.lambdaworks.redis.RedisConnectionException: Unable to connect to /127.0.0.1:6379
Caused by: java.net.ConnectException: Conexão recusada: /127.0.0.1:6379
</error>
  </testcase>
  <testcase name="testRange[29]" classname="org.springframework.data.redis.support.collections.RedisListTests" time="0.001">
    <error message="Unable to connect to Redis on 127.0.0.1:6379; nested exception is com.lambdaworks.redis.RedisConnectionException: Unable to connect to /127.0.0.1:6379" type="org.springframework.data.redis.RedisConnectionFailureException">org.springframework.data.redis.RedisConnectionFailureException: Unable to connect to Redis on 127.0.0.1:6379; nested exception is com.lambdaworks.redis.RedisConnectionException: Unable to connect to /127.0.0.1:6379
Caused by: com.lambdaworks.redis.RedisConnectionException: Unable to connect to /127.0.0.1:6379
Caused by: java.net.ConnectException: Conexão recusada: /127.0.0.1:6379
</error>
  </testcase>
  <testcase name="testRange[29]" classname="org.springframework.data.redis.support.collections.RedisListTests" time="0.001">
    <error message="Unable to connect to Redis on 127.0.0.1:6379; nested exception is com.lambdaworks.redis.RedisConnectionException: Unable to connect to /127.0.0.1:6379" type="org.springframework.data.redis.RedisConnectionFailureException">org.springframework.data.redis.RedisConnectionFailureException: Unable to connect to Redis on 127.0.0.1:6379; nested exception is com.lambdaworks.redis.RedisConnectionException: Unable to connect to /127.0.0.1:6379
Caused by: com.lambdaworks.redis.RedisConnectionException: Unable to connect to /127.0.0.1:6379
Caused by: java.net.ConnectException: Conexão recusada: /127.0.0.1:6379
</error>
  </testcase>
  <testcase name="testLast[29]" classname="org.springframework.data.redis.support.collections.RedisListTests" time="0.001">
    <error message="Unable to connect to Redis on 127.0.0.1:6379; nested exception is com.lambdaworks.redis.RedisConnectionException: Unable to connect to /127.0.0.1:6379" type="org.springframework.data.redis.RedisConnectionFailureException">org.springframework.data.redis.RedisConnectionFailureException: Unable to connect to Redis on 127.0.0.1:6379; nested exception is com.lambdaworks.redis.RedisConnectionException: Unable to connect to /127.0.0.1:6379
Caused by: com.lambdaworks.redis.RedisConnectionException: Unable to connect to /127.0.0.1:6379
Caused by: java.net.ConnectException: Conexão recusada: /127.0.0.1:6379
</error>
  </testcase>
  <testcase name="testLast[29]" classname="org.springframework.data.redis.support.collections.RedisListTests" time="0.001">
    <error message="Unable to connect to Redis on 127.0.0.1:6379; nested exception is com.lambdaworks.redis.RedisConnectionException: Unable to connect to /127.0.0.1:6379" type="org.springframework.data.redis.RedisConnectionFailureException">org.springframework.data.redis.RedisConnectionFailureException: Unable to connect to Redis on 127.0.0.1:6379; nested exception is com.lambdaworks.redis.RedisConnectionException: Unable to connect to /127.0.0.1:6379
Caused by: com.lambdaworks.redis.RedisConnectionException: Unable to connect to /127.0.0.1:6379
Caused by: java.net.ConnectException: Conexão recusada: /127.0.0.1:6379
</error>
  </testcase>
  <testcase name="testPeek[29]" classname="org.springframework.data.redis.support.collections.RedisListTests" time="0.001">
    <error message="Unable to connect to Redis on 127.0.0.1:6379; nested exception is com.lambdaworks.redis.RedisConnectionException: Unable to connect to /127.0.0.1:6379" type="org.springframework.data.redis.RedisConnectionFailureException">org.springframework.data.redis.RedisConnectionFailureException: Unable to connect to Redis on 127.0.0.1:6379; nested exception is com.lambdaworks.redis.RedisConnectionException: Unable to connect to /127.0.0.1:6379
Caused by: com.lambdaworks.redis.RedisConnectionException: Unable to connect to /127.0.0.1:6379
Caused by: java.net.ConnectException: Conexão recusada: /127.0.0.1:6379
</error>
  </testcase>
  <testcase name="testPeek[29]" classname="org.springframework.data.redis.support.collections.RedisListTests" time="0.001">
    <error message="Unable to connect to Redis on 127.0.0.1:6379; nested exception is com.lambdaworks.redis.RedisConnectionException: Unable to connect to /127.0.0.1:6379" type="org.springframework.data.redis.RedisConnectionFailureException">org.springframework.data.redis.RedisConnectionFailureException: Unable to connect to Redis on 127.0.0.1:6379; nested exception is com.lambdaworks.redis.RedisConnectionException: Unable to connect to /127.0.0.1:6379
Caused by: com.lambdaworks.redis.RedisConnectionException: Unable to connect to /127.0.0.1:6379
Caused by: java.net.ConnectException: Conexão recusada: /127.0.0.1:6379
</error>
  </testcase>
  <testcase name="testPoll[29]" classname="org.springframework.data.redis.support.collections.RedisListTests" time="0.004">
    <error message="Unable to connect to Redis on 127.0.0.1:6379; nested exception is com.lambdaworks.redis.RedisConnectionException: Unable to connect to /127.0.0.1:6379" type="org.springframework.data.redis.RedisConnectionFailureException">org.springframework.data.redis.RedisConnectionFailureException: Unable to connect to Redis on 127.0.0.1:6379; nested exception is com.lambdaworks.redis.RedisConnectionException: Unable to connect to /127.0.0.1:6379
Caused by: com.lambdaworks.redis.RedisConnectionException: Unable to connect to /127.0.0.1:6379
Caused by: java.net.ConnectException: Conexão recusada: /127.0.0.1:6379
</error>
  </testcase>
  <testcase name="testPoll[29]" classname="org.springframework.data.redis.support.collections.RedisListTests" time="0.004">
    <error message="Unable to connect to Redis on 127.0.0.1:6379; nested exception is com.lambdaworks.redis.RedisConnectionException: Unable to connect to /127.0.0.1:6379" type="org.springframework.data.redis.RedisConnectionFailureException">org.springframework.data.redis.RedisConnectionFailureException: Unable to connect to Redis on 127.0.0.1:6379; nested exception is com.lambdaworks.redis.RedisConnectionException: Unable to connect to /127.0.0.1:6379
Caused by: com.lambdaworks.redis.RedisConnectionException: Unable to connect to /127.0.0.1:6379
Caused by: java.net.ConnectException: Conexão recusada: /127.0.0.1:6379
</error>
  </testcase>
  <testcase name="testTake[29]" classname="org.springframework.data.redis.support.collections.RedisListTests" time="0.004">
    <error message="Unable to connect to Redis on 127.0.0.1:6379; nested exception is com.lambdaworks.redis.RedisConnectionException: Unable to connect to /127.0.0.1:6379" type="org.springframework.data.redis.RedisConnectionFailureException">org.springframework.data.redis.RedisConnectionFailureException: Unable to connect to Redis on 127.0.0.1:6379; nested exception is com.lambdaworks.redis.RedisConnectionException: Unable to connect to /127.0.0.1:6379
Caused by: com.lambdaworks.redis.RedisConnectionException: Unable to connect to /127.0.0.1:6379
Caused by: java.net.ConnectException: Conexão recusada: /127.0.0.1:6379
</error>
  </testcase>
  <testcase name="testTake[29]" classname="org.springframework.data.redis.support.collections.RedisListTests" time="0.004">
    <error message="Unable to connect to Redis on 127.0.0.1:6379; nested exception is com.lambdaworks.redis.RedisConnectionException: Unable to connect to /127.0.0.1:6379" type="org.springframework.data.redis.RedisConnectionFailureException">org.springframework.data.redis.RedisConnectionFailureException: Unable to connect to Redis on 127.0.0.1:6379; nested exception is com.lambdaworks.redis.RedisConnectionException: Unable to connect to /127.0.0.1:6379
Caused by: com.lambdaworks.redis.RedisConnectionException: Unable to connect to /127.0.0.1:6379
Caused by: java.net.ConnectException: Conexão recusada: /127.0.0.1:6379
</error>
  </testcase>
  <testcase name="testTrim[29]" classname="org.springframework.data.redis.support.collections.RedisListTests" time="0.004">
    <error message="Unable to connect to Redis on 127.0.0.1:6379; nested exception is com.lambdaworks.redis.RedisConnectionException: Unable to connect to /127.0.0.1:6379" type="org.springframework.data.redis.RedisConnectionFailureException">org.springframework.data.redis.RedisConnectionFailureException: Unable to connect to Redis on 127.0.0.1:6379; nested exception is com.lambdaworks.redis.RedisConnectionException: Unable to connect to /127.0.0.1:6379
Caused by: com.lambdaworks.redis.RedisConnectionException: Unable to connect to /127.0.0.1:6379
Caused by: java.net.ConnectException: Conexão recusada: /127.0.0.1:6379
</error>
  </testcase>
  <testcase name="testTrim[29]" classname="org.springframework.data.redis.support.collections.RedisListTests" time="0.004">
    <error message="Unable to connect to Redis on 127.0.0.1:6379; nested exception is com.lambdaworks.redis.RedisConnectionException: Unable to connect to /127.0.0.1:6379" type="org.springframework.data.redis.RedisConnectionFailureException">org.springframework.data.redis.RedisConnectionFailureException: Unable to connect to Redis on 127.0.0.1:6379; nested exception is com.lambdaworks.redis.RedisConnectionException: Unable to connect to /127.0.0.1:6379
Caused by: com.lambdaworks.redis.RedisConnectionException: Unable to connect to /127.0.0.1:6379
Caused by: java.net.ConnectException: Conexão recusada: /127.0.0.1:6379
</error>
  </testcase>
  <testcase name="testDrainToCollection[29]" classname="org.springframework.data.redis.support.collections.RedisListTests" time="0.013">
    <error message="Unable to connect to Redis on 127.0.0.1:6379; nested exception is com.lambdaworks.redis.RedisConnectionException: Unable to connect to /127.0.0.1:6379" type="org.springframework.data.redis.RedisConnectionFailureException">org.springframework.data.redis.RedisConnectionFailureException: Unable to connect to Redis on 127.0.0.1:6379; nested exception is com.lambdaworks.redis.RedisConnectionException: Unable to connect to /127.0.0.1:6379
Caused by: com.lambdaworks.redis.RedisConnectionException: Unable to connect to /127.0.0.1:6379
Caused by: java.net.ConnectException: Conexão recusada: /127.0.0.1:6379
</error>
  </testcase>
  <testcase name="testDrainToCollection[29]" classname="org.springframework.data.redis.support.collections.RedisListTests" time="0.013">
    <error message="Unable to connect to Redis on 127.0.0.1:6379; nested exception is com.lambdaworks.redis.RedisConnectionException: Unable to connect to /127.0.0.1:6379" type="org.springframework.data.redis.RedisConnectionFailureException">org.springframework.data.redis.RedisConnectionFailureException: Unable to connect to Redis on 127.0.0.1:6379; nested exception is com.lambdaworks.redis.RedisConnectionException: Unable to connect to /127.0.0.1:6379
Caused by: com.lambdaworks.redis.RedisConnectionException: Unable to connect to /127.0.0.1:6379
Caused by: java.net.ConnectException: Conexão recusada: /127.0.0.1:6379
</error>
  </testcase>
  <testcase name="testRemoveFirst[29]" classname="org.springframework.data.redis.support.collections.RedisListTests" time="0.002">
    <error message="Unable to connect to Redis on 127.0.0.1:6379; nested exception is com.lambdaworks.redis.RedisConnectionException: Unable to connect to /127.0.0.1:6379" type="org.springframework.data.redis.RedisConnectionFailureException">org.springframework.data.redis.RedisConnectionFailureException: Unable to connect to Redis on 127.0.0.1:6379; nested exception is com.lambdaworks.redis.RedisConnectionException: Unable to connect to /127.0.0.1:6379
Caused by: com.lambdaworks.redis.RedisConnectionException: Unable to connect to /127.0.0.1:6379
Caused by: java.net.ConnectException: Conexão recusada: /127.0.0.1:6379
</error>
  </testcase>
  <testcase name="testRemoveFirst[29]" classname="org.springframework.data.redis.support.collections.RedisListTests" time="0.002">
    <error message="Unable to connect to Redis on 127.0.0.1:6379; nested exception is com.lambdaworks.redis.RedisConnectionException: Unable to connect to /127.0.0.1:6379" type="org.springframework.data.redis.RedisConnectionFailureException">org.springframework.data.redis.RedisConnectionFailureException: Unable to connect to Redis on 127.0.0.1:6379; nested exception is com.lambdaworks.redis.RedisConnectionException: Unable to connect to /127.0.0.1:6379
Caused by: com.lambdaworks.redis.RedisConnectionException: Unable to connect to /127.0.0.1:6379
Caused by: java.net.ConnectException: Conexão recusada: /127.0.0.1:6379
</error>
  </testcase>
  <testcase name="testRemoveIndex[29]" classname="org.springframework.data.redis.support.collections.RedisListTests" time="0.002">
    <error message="Unable to connect to Redis on 127.0.0.1:6379; nested exception is com.lambdaworks.redis.RedisConnectionException: Unable to connect to /127.0.0.1:6379" type="org.springframework.data.redis.RedisConnectionFailureException">org.springframework.data.redis.RedisConnectionFailureException: Unable to connect to Redis on 127.0.0.1:6379; nested exception is com.lambdaworks.redis.RedisConnectionException: Unable to connect to /127.0.0.1:6379
Caused by: com.lambdaworks.redis.RedisConnectionException: Unable to connect to /127.0.0.1:6379
Caused by: java.net.ConnectException: Conexão recusada: /127.0.0.1:6379
</error>
  </testcase>
  <testcase name="testPutLast[29]" classname="org.springframework.data.redis.support.collections.RedisListTests" time="0.001">
    <error message="Unable to connect to Redis on 127.0.0.1:6379; nested exception is com.lambdaworks.redis.RedisConnectionException: Unable to connect to /127.0.0.1:6379" type="org.springframework.data.redis.RedisConnectionFailureException">org.springframework.data.redis.RedisConnectionFailureException: Unable to connect to Redis on 127.0.0.1:6379; nested exception is com.lambdaworks.redis.RedisConnectionException: Unable to connect to /127.0.0.1:6379
Caused by: com.lambdaworks.redis.RedisConnectionException: Unable to connect to /127.0.0.1:6379
Caused by: java.net.ConnectException: Conexão recusada: /127.0.0.1:6379
</error>
  </testcase>
  <testcase name="testPutLast[29]" classname="org.springframework.data.redis.support.collections.RedisListTests" time="0.001">
    <error message="Unable to connect to Redis on 127.0.0.1:6379; nested exception is com.lambdaworks.redis.RedisConnectionException: Unable to connect to /127.0.0.1:6379" type="org.springframework.data.redis.RedisConnectionFailureException">org.springframework.data.redis.RedisConnectionFailureException: Unable to connect to Redis on 127.0.0.1:6379; nested exception is com.lambdaworks.redis.RedisConnectionException: Unable to connect to /127.0.0.1:6379
Caused by: com.lambdaworks.redis.RedisConnectionException: Unable to connect to /127.0.0.1:6379
Caused by: java.net.ConnectException: Conexão recusada: /127.0.0.1:6379
</error>
  </testcase>
  <testcase name="testOfferFirst[29]" classname="org.springframework.data.redis.support.collections.RedisListTests" time="0.002">
    <error message="Unable to connect to Redis on 127.0.0.1:6379; nested exception is com.lambdaworks.redis.RedisConnectionException: Unable to connect to /127.0.0.1:6379" type="org.springframework.data.redis.RedisConnectionFailureException">org.springframework.data.redis.RedisConnectionFailureException: Unable to connect to Redis on 127.0.0.1:6379; nested exception is com.lambdaworks.redis.RedisConnectionException: Unable to connect to /127.0.0.1:6379
Caused by: com.lambdaworks.redis.RedisConnectionException: Unable to connect to /127.0.0.1:6379
Caused by: java.net.ConnectException: Conexão recusada: /127.0.0.1:6379
</error>
  </testcase>
  <testcase name="testOfferFirst[29]" classname="org.springframework.data.redis.support.collections.RedisListTests" time="0.002">
    <error message="Unable to connect to Redis on 127.0.0.1:6379; nested exception is com.lambdaworks.redis.RedisConnectionException: Unable to connect to /127.0.0.1:6379" type="org.springframework.data.redis.RedisConnectionFailureException">org.springframework.data.redis.RedisConnectionFailureException: Unable to connect to Redis on 127.0.0.1:6379; nested exception is com.lambdaworks.redis.RedisConnectionException: Unable to connect to /127.0.0.1:6379
Caused by: com.lambdaworks.redis.RedisConnectionException: Unable to connect to /127.0.0.1:6379
Caused by: java.net.ConnectException: Conexão recusada: /127.0.0.1:6379
</error>
  </testcase>
  <testcase name="testDescendingIterator[29]" classname="org.springframework.data.redis.support.collections.RedisListTests" time="0.003">
    <error message="Unable to connect to Redis on 127.0.0.1:6379; nested exception is com.lambdaworks.redis.RedisConnectionException: Unable to connect to /127.0.0.1:6379" type="org.springframework.data.redis.RedisConnectionFailureException">org.springframework.data.redis.RedisConnectionFailureException: Unable to connect to Redis on 127.0.0.1:6379; nested exception is com.lambdaworks.redis.RedisConnectionException: Unable to connect to /127.0.0.1:6379
Caused by: com.lambdaworks.redis.RedisConnectionException: Unable to connect to /127.0.0.1:6379
Caused by: java.net.ConnectException: Conexão recusada: /127.0.0.1:6379
</error>
  </testcase>
  <testcase name="testDescendingIterator[29]" classname="org.springframework.data.redis.support.collections.RedisListTests" time="0.003">
    <error message="Unable to connect to Redis on 127.0.0.1:6379; nested exception is com.lambdaworks.redis.RedisConnectionException: Unable to connect to /127.0.0.1:6379" type="org.springframework.data.redis.RedisConnectionFailureException">org.springframework.data.redis.RedisConnectionFailureException: Unable to connect to Redis on 127.0.0.1:6379; nested exception is com.lambdaworks.redis.RedisConnectionException: Unable to connect to /127.0.0.1:6379
Caused by: com.lambdaworks.redis.RedisConnectionException: Unable to connect to /127.0.0.1:6379
Caused by: java.net.ConnectException: Conexão recusada: /127.0.0.1:6379
</error>
  </testcase>
  <testcase name="testAddFirst[29]" classname="org.springframework.data.redis.support.collections.RedisListTests" time="0.001">
    <error message="Unable to connect to Redis on 127.0.0.1:6379; nested exception is com.lambdaworks.redis.RedisConnectionException: Unable to connect to /127.0.0.1:6379" type="org.springframework.data.redis.RedisConnectionFailureException">org.springframework.data.redis.RedisConnectionFailureException: Unable to connect to Redis on 127.0.0.1:6379; nested exception is com.lambdaworks.redis.RedisConnectionException: Unable to connect to /127.0.0.1:6379
Caused by: com.lambdaworks.redis.RedisConnectionException: Unable to connect to /127.0.0.1:6379
Caused by: java.net.ConnectException: Conexão recusada: /127.0.0.1:6379
</error>
  </testcase>
  <testcase name="testAddFirst[29]" classname="org.springframework.data.redis.support.collections.RedisListTests" time="0.001">
    <error message="Unable to connect to Redis on 127.0.0.1:6379; nested exception is com.lambdaworks.redis.RedisConnectionException: Unable to connect to /127.0.0.1:6379" type="org.springframework.data.redis.RedisConnectionFailureException">org.springframework.data.redis.RedisConnectionFailureException: Unable to connect to Redis on 127.0.0.1:6379; nested exception is com.lambdaworks.redis.RedisConnectionException: Unable to connect to /127.0.0.1:6379
Caused by: com.lambdaworks.redis.RedisConnectionException: Unable to connect to /127.0.0.1:6379
Caused by: java.net.ConnectException: Conexão recusada: /127.0.0.1:6379
</error>
  </testcase>
  <testcase name="testDrainToCollectionWithMaxElements[29]" classname="org.springframework.data.redis.support.collections.RedisListTests" time="0.001">
    <error message="Unable to connect to Redis on 127.0.0.1:6379; nested exception is com.lambdaworks.redis.RedisConnectionException: Unable to connect to /127.0.0.1:6379" type="org.springframework.data.redis.RedisConnectionFailureException">org.springframework.data.redis.RedisConnectionFailureException: Unable to connect to Redis on 127.0.0.1:6379; nested exception is com.lambdaworks.redis.RedisConnectionException: Unable to connect to /127.0.0.1:6379
Caused by: com.lambdaworks.redis.RedisConnectionException: Unable to connect to /127.0.0.1:6379
Caused by: java.net.ConnectException: Conexão recusada: /127.0.0.1:6379
</error>
  </testcase>
  <testcase name="testDrainToCollectionWithMaxElements[29]" classname="org.springframework.data.redis.support.collections.RedisListTests" time="0.001">
    <error message="Unable to connect to Redis on 127.0.0.1:6379; nested exception is com.lambdaworks.redis.RedisConnectionException: Unable to connect to /127.0.0.1:6379" type="org.springframework.data.redis.RedisConnectionFailureException">org.springframework.data.redis.RedisConnectionFailureException: Unable to connect to Redis on 127.0.0.1:6379; nested exception is com.lambdaworks.redis.RedisConnectionException: Unable to connect to /127.0.0.1:6379
Caused by: com.lambdaworks.redis.RedisConnectionException: Unable to connect to /127.0.0.1:6379
Caused by: java.net.ConnectException: Conexão recusada: /127.0.0.1:6379
</error>
  </testcase>
  <testcase name="testTakeLast[29]" classname="org.springframework.data.redis.support.collections.RedisListTests" time="0.001">
    <error message="Unable to connect to Redis on 127.0.0.1:6379; nested exception is com.lambdaworks.redis.RedisConnectionException: Unable to connect to /127.0.0.1:6379" type="org.springframework.data.redis.RedisConnectionFailureException">org.springframework.data.redis.RedisConnectionFailureException: Unable to connect to Redis on 127.0.0.1:6379; nested exception is com.lambdaworks.redis.RedisConnectionException: Unable to connect to /127.0.0.1:6379
Caused by: com.lambdaworks.redis.RedisConnectionException: Unable to connect to /127.0.0.1:6379
Caused by: java.net.ConnectException: Conexão recusada: /127.0.0.1:6379
</error>
  </testcase>
  <testcase name="testTakeLast[29]" classname="org.springframework.data.redis.support.collections.RedisListTests" time="0.001">
    <error message="Unable to connect to Redis on 127.0.0.1:6379; nested exception is com.lambdaworks.redis.RedisConnectionException: Unable to connect to /127.0.0.1:6379" type="org.springframework.data.redis.RedisConnectionFailureException">org.springframework.data.redis.RedisConnectionFailureException: Unable to connect to Redis on 127.0.0.1:6379; nested exception is com.lambdaworks.redis.RedisConnectionException: Unable to connect to /127.0.0.1:6379
Caused by: com.lambdaworks.redis.RedisConnectionException: Unable to connect to /127.0.0.1:6379
Caused by: java.net.ConnectException: Conexão recusada: /127.0.0.1:6379
</error>
  </testcase>
  <testcase name="testRemainingCapacity[29]" classname="org.springframework.data.redis.support.collections.RedisListTests" time="0.001">
    <error message="Unable to connect to Redis on 127.0.0.1:6379; nested exception is com.lambdaworks.redis.RedisConnectionException: Unable to connect to /127.0.0.1:6379" type="org.springframework.data.redis.RedisConnectionFailureException">org.springframework.data.redis.RedisConnectionFailureException: Unable to connect to Redis on 127.0.0.1:6379; nested exception is com.lambdaworks.redis.RedisConnectionException: Unable to connect to /127.0.0.1:6379
Caused by: com.lambdaworks.redis.RedisConnectionException: Unable to connect to /127.0.0.1:6379
Caused by: java.net.ConnectException: Conexão recusada: /127.0.0.1:6379
</error>
  </testcase>
  <testcase name="testRemoveLast[29]" classname="org.springframework.data.redis.support.collections.RedisListTests" time="0.003">
    <error message="Unable to connect to Redis on 127.0.0.1:6379; nested exception is com.lambdaworks.redis.RedisConnectionException: Unable to connect to /127.0.0.1:6379" type="org.springframework.data.redis.RedisConnectionFailureException">org.springframework.data.redis.RedisConnectionFailureException: Unable to connect to Redis on 127.0.0.1:6379; nested exception is com.lambdaworks.redis.RedisConnectionException: Unable to connect to /127.0.0.1:6379
Caused by: com.lambdaworks.redis.RedisConnectionException: Unable to connect to /127.0.0.1:6379
Caused by: java.net.ConnectException: Conexão recusada: /127.0.0.1:6379
</error>
  </testcase>
  <testcase name="testRemoveLast[29]" classname="org.springframework.data.redis.support.collections.RedisListTests" time="0.003">
    <error message="Unable to connect to Redis on 127.0.0.1:6379; nested exception is com.lambdaworks.redis.RedisConnectionException: Unable to connect to /127.0.0.1:6379" type="org.springframework.data.redis.RedisConnectionFailureException">org.springframework.data.redis.RedisConnectionFailureException: Unable to connect to Redis on 127.0.0.1:6379; nested exception is com.lambdaworks.redis.RedisConnectionException: Unable to connect to /127.0.0.1:6379
Caused by: com.lambdaworks.redis.RedisConnectionException: Unable to connect to /127.0.0.1:6379
Caused by: java.net.ConnectException: Conexão recusada: /127.0.0.1:6379
</error>
  </testcase>
  <testcase name="testAddIndexObjectHead[29]" classname="org.springframework.data.redis.support.collections.RedisListTests" time="0.001">
    <error message="Unable to connect to Redis on 127.0.0.1:6379; nested exception is com.lambdaworks.redis.RedisConnectionException: Unable to connect to /127.0.0.1:6379" type="org.springframework.data.redis.RedisConnectionFailureException">org.springframework.data.redis.RedisConnectionFailureException: Unable to connect to Redis on 127.0.0.1:6379; nested exception is com.lambdaworks.redis.RedisConnectionException: Unable to connect to /127.0.0.1:6379
Caused by: com.lambdaworks.redis.RedisConnectionException: Unable to connect to /127.0.0.1:6379
Caused by: java.net.ConnectException: Conexão recusada: /127.0.0.1:6379
</error>
  </testcase>
  <testcase name="testAddIndexObjectHead[29]" classname="org.springframework.data.redis.support.collections.RedisListTests" time="0.002">
    <error message="Unable to connect to Redis on 127.0.0.1:6379; nested exception is com.lambdaworks.redis.RedisConnectionException: Unable to connect to /127.0.0.1:6379" type="org.springframework.data.redis.RedisConnectionFailureException">org.springframework.data.redis.RedisConnectionFailureException: Unable to connect to Redis on 127.0.0.1:6379; nested exception is com.lambdaworks.redis.RedisConnectionException: Unable to connect to /127.0.0.1:6379
Caused by: com.lambdaworks.redis.RedisConnectionException: Unable to connect to /127.0.0.1:6379
Caused by: java.net.ConnectException: Conexão recusada: /127.0.0.1:6379
</error>
  </testcase>
  <testcase name="testAddIndexObjectTail[29]" classname="org.springframework.data.redis.support.collections.RedisListTests" time="0.001">
    <error message="Unable to connect to Redis on 127.0.0.1:6379; nested exception is com.lambdaworks.redis.RedisConnectionException: Unable to connect to /127.0.0.1:6379" type="org.springframework.data.redis.RedisConnectionFailureException">org.springframework.data.redis.RedisConnectionFailureException: Unable to connect to Redis on 127.0.0.1:6379; nested exception is com.lambdaworks.redis.RedisConnectionException: Unable to connect to /127.0.0.1:6379
Caused by: com.lambdaworks.redis.RedisConnectionException: Unable to connect to /127.0.0.1:6379
Caused by: java.net.ConnectException: Conexão recusada: /127.0.0.1:6379
</error>
  </testcase>
  <testcase name="testAddIndexObjectTail[29]" classname="org.springframework.data.redis.support.collections.RedisListTests" time="0.001">
    <error message="Unable to connect to Redis on 127.0.0.1:6379; nested exception is com.lambdaworks.redis.RedisConnectionException: Unable to connect to /127.0.0.1:6379" type="org.springframework.data.redis.RedisConnectionFailureException">org.springframework.data.redis.RedisConnectionFailureException: Unable to connect to Redis on 127.0.0.1:6379; nested exception is com.lambdaworks.redis.RedisConnectionException: Unable to connect to /127.0.0.1:6379
Caused by: com.lambdaworks.redis.RedisConnectionException: Unable to connect to /127.0.0.1:6379
Caused by: java.net.ConnectException: Conexão recusada: /127.0.0.1:6379
</error>
  </testcase>
  <testcase name="testPollFirst[29]" classname="org.springframework.data.redis.support.collections.RedisListTests" time="0.001">
    <error message="Unable to connect to Redis on 127.0.0.1:6379; nested exception is com.lambdaworks.redis.RedisConnectionException: Unable to connect to /127.0.0.1:6379" type="org.springframework.data.redis.RedisConnectionFailureException">org.springframework.data.redis.RedisConnectionFailureException: Unable to connect to Redis on 127.0.0.1:6379; nested exception is com.lambdaworks.redis.RedisConnectionException: Unable to connect to /127.0.0.1:6379
Caused by: com.lambdaworks.redis.RedisConnectionException: Unable to connect to /127.0.0.1:6379
Caused by: java.net.ConnectException: Conexão recusada: /127.0.0.1:6379
</error>
  </testcase>
  <testcase name="testPollFirst[29]" classname="org.springframework.data.redis.support.collections.RedisListTests" time="0.002">
    <error message="Unable to connect to Redis on 127.0.0.1:6379; nested exception is com.lambdaworks.redis.RedisConnectionException: Unable to connect to /127.0.0.1:6379" type="org.springframework.data.redis.RedisConnectionFailureException">org.springframework.data.redis.RedisConnectionFailureException: Unable to connect to Redis on 127.0.0.1:6379; nested exception is com.lambdaworks.redis.RedisConnectionException: Unable to connect to /127.0.0.1:6379
Caused by: com.lambdaworks.redis.RedisConnectionException: Unable to connect to /127.0.0.1:6379
Caused by: java.net.ConnectException: Conexão recusada: /127.0.0.1:6379
</error>
  </testcase>
  <testcase name="testAddIndexObjectMiddle[29]" classname="org.springframework.data.redis.support.collections.RedisListTests" time="0.001">
    <error message="Unexpected exception, expected&lt;java.lang.IllegalArgumentException&gt; but was&lt;org.springframework.data.redis.RedisConnectionFailureException&gt;" type="java.lang.Exception"><![CDATA[java.lang.Exception: Unexpected exception, expected<java.lang.IllegalArgumentException> but was<org.springframework.data.redis.RedisConnectionFailureException>
Caused by: org.springframework.data.redis.RedisConnectionFailureException: Unable to connect to Redis on 127.0.0.1:6379; nested exception is com.lambdaworks.redis.RedisConnectionException: Unable to connect to /127.0.0.1:6379
Caused by: com.lambdaworks.redis.RedisConnectionException: Unable to connect to /127.0.0.1:6379
Caused by: java.net.ConnectException: Conexão recusada: /127.0.0.1:6379
]]></error>
  </testcase>
  <testcase name="testAddIndexObjectMiddle[29]" classname="org.springframework.data.redis.support.collections.RedisListTests" time="0.001">
    <error message="Unable to connect to Redis on 127.0.0.1:6379; nested exception is com.lambdaworks.redis.RedisConnectionException: Unable to connect to /127.0.0.1:6379" type="org.springframework.data.redis.RedisConnectionFailureException">org.springframework.data.redis.RedisConnectionFailureException: Unable to connect to Redis on 127.0.0.1:6379; nested exception is com.lambdaworks.redis.RedisConnectionException: Unable to connect to /127.0.0.1:6379
Caused by: com.lambdaworks.redis.RedisConnectionException: Unable to connect to /127.0.0.1:6379
Caused by: java.net.ConnectException: Conexão recusada: /127.0.0.1:6379
</error>
  </testcase>
  <testcase name="testPeekLast[29]" classname="org.springframework.data.redis.support.collections.RedisListTests" time="0.002">
    <error message="Unable to connect to Redis on 127.0.0.1:6379; nested exception is com.lambdaworks.redis.RedisConnectionException: Unable to connect to /127.0.0.1:6379" type="org.springframework.data.redis.RedisConnectionFailureException">org.springframework.data.redis.RedisConnectionFailureException: Unable to connect to Redis on 127.0.0.1:6379; nested exception is com.lambdaworks.redis.RedisConnectionException: Unable to connect to /127.0.0.1:6379
Caused by: com.lambdaworks.redis.RedisConnectionException: Unable to connect to /127.0.0.1:6379
Caused by: java.net.ConnectException: Conexão recusada: /127.0.0.1:6379
</error>
  </testcase>
  <testcase name="testPeekLast[29]" classname="org.springframework.data.redis.support.collections.RedisListTests" time="0.002">
    <error message="Unable to connect to Redis on 127.0.0.1:6379; nested exception is com.lambdaworks.redis.RedisConnectionException: Unable to connect to /127.0.0.1:6379" type="org.springframework.data.redis.RedisConnectionFailureException">org.springframework.data.redis.RedisConnectionFailureException: Unable to connect to Redis on 127.0.0.1:6379; nested exception is com.lambdaworks.redis.RedisConnectionException: Unable to connect to /127.0.0.1:6379
Caused by: com.lambdaworks.redis.RedisConnectionException: Unable to connect to /127.0.0.1:6379
Caused by: java.net.ConnectException: Conexão recusada: /127.0.0.1:6379
</error>
  </testcase>
  <testcase name="testRemoveFirstOccurrence[29]" classname="org.springframework.data.redis.support.collections.RedisListTests" time="0.001">
    <error message="Unable to connect to Redis on 127.0.0.1:6379; nested exception is com.lambdaworks.redis.RedisConnectionException: Unable to connect to /127.0.0.1:6379" type="org.springframework.data.redis.RedisConnectionFailureException">org.springframework.data.redis.RedisConnectionFailureException: Unable to connect to Redis on 127.0.0.1:6379; nested exception is com.lambdaworks.redis.RedisConnectionException: Unable to connect to /127.0.0.1:6379
Caused by: com.lambdaworks.redis.RedisConnectionException: Unable to connect to /127.0.0.1:6379
Caused by: java.net.ConnectException: Conexão recusada: /127.0.0.1:6379
</error>
  </testcase>
  <testcase name="testRemoveFirstOccurrence[29]" classname="org.springframework.data.redis.support.collections.RedisListTests" time="0.001">
    <error message="Unable to connect to Redis on 127.0.0.1:6379; nested exception is com.lambdaworks.redis.RedisConnectionException: Unable to connect to /127.0.0.1:6379" type="org.springframework.data.redis.RedisConnectionFailureException">org.springframework.data.redis.RedisConnectionFailureException: Unable to connect to Redis on 127.0.0.1:6379; nested exception is com.lambdaworks.redis.RedisConnectionException: Unable to connect to /127.0.0.1:6379
Caused by: com.lambdaworks.redis.RedisConnectionException: Unable to connect to /127.0.0.1:6379
Caused by: java.net.ConnectException: Conexão recusada: /127.0.0.1:6379
</error>
  </testcase>
  <testcase name="addAllIndexCollectionHead[29]" classname="org.springframework.data.redis.support.collections.RedisListTests" time="0.007">
    <error message="Unable to connect to Redis on 127.0.0.1:6379; nested exception is com.lambdaworks.redis.RedisConnectionException: Unable to connect to /127.0.0.1:6379" type="org.springframework.data.redis.RedisConnectionFailureException">org.springframework.data.redis.RedisConnectionFailureException: Unable to connect to Redis on 127.0.0.1:6379; nested exception is com.lambdaworks.redis.RedisConnectionException: Unable to connect to /127.0.0.1:6379
Caused by: com.lambdaworks.redis.RedisConnectionException: Unable to connect to /127.0.0.1:6379
Caused by: java.net.ConnectException: Conexão recusada: /127.0.0.1:6379
</error>
  </testcase>
  <testcase name="addAllIndexCollectionHead[29]" classname="org.springframework.data.redis.support.collections.RedisListTests" time="0.007">
    <error message="Unable to connect to Redis on 127.0.0.1:6379; nested exception is com.lambdaworks.redis.RedisConnectionException: Unable to connect to /127.0.0.1:6379" type="org.springframework.data.redis.RedisConnectionFailureException">org.springframework.data.redis.RedisConnectionFailureException: Unable to connect to Redis on 127.0.0.1:6379; nested exception is com.lambdaworks.redis.RedisConnectionException: Unable to connect to /127.0.0.1:6379
Caused by: com.lambdaworks.redis.RedisConnectionException: Unable to connect to /127.0.0.1:6379
Caused by: java.net.ConnectException: Conexão recusada: /127.0.0.1:6379
</error>
  </testcase>
  <testcase name="addAllIndexCollectionTail[29]" classname="org.springframework.data.redis.support.collections.RedisListTests" time="0.002">
    <error message="Unable to connect to Redis on 127.0.0.1:6379; nested exception is com.lambdaworks.redis.RedisConnectionException: Unable to connect to /127.0.0.1:6379" type="org.springframework.data.redis.RedisConnectionFailureException">org.springframework.data.redis.RedisConnectionFailureException: Unable to connect to Redis on 127.0.0.1:6379; nested exception is com.lambdaworks.redis.RedisConnectionException: Unable to connect to /127.0.0.1:6379
Caused by: com.lambdaworks.redis.RedisConnectionException: Unable to connect to /127.0.0.1:6379
Caused by: java.net.ConnectException: Conexão recusada: /127.0.0.1:6379
</error>
  </testcase>
  <testcase name="addAllIndexCollectionTail[29]" classname="org.springframework.data.redis.support.collections.RedisListTests" time="0.002">
    <error message="Unable to connect to Redis on 127.0.0.1:6379; nested exception is com.lambdaworks.redis.RedisConnectionException: Unable to connect to /127.0.0.1:6379" type="org.springframework.data.redis.RedisConnectionFailureException">org.springframework.data.redis.RedisConnectionFailureException: Unable to connect to Redis on 127.0.0.1:6379; nested exception is com.lambdaworks.redis.RedisConnectionException: Unable to connect to /127.0.0.1:6379
Caused by: com.lambdaworks.redis.RedisConnectionException: Unable to connect to /127.0.0.1:6379
Caused by: java.net.ConnectException: Conexão recusada: /127.0.0.1:6379
</error>
  </testcase>
  <testcase name="addAllIndexCollectionMiddle[29]" classname="org.springframework.data.redis.support.collections.RedisListTests" time="0.005">
    <error message="Unexpected exception, expected&lt;java.lang.IllegalArgumentException&gt; but was&lt;org.springframework.data.redis.RedisConnectionFailureException&gt;" type="java.lang.Exception"><![CDATA[java.lang.Exception: Unexpected exception, expected<java.lang.IllegalArgumentException> but was<org.springframework.data.redis.RedisConnectionFailureException>
Caused by: org.springframework.data.redis.RedisConnectionFailureException: Unable to connect to Redis on 127.0.0.1:6379; nested exception is com.lambdaworks.redis.RedisConnectionException: Unable to connect to /127.0.0.1:6379
Caused by: com.lambdaworks.redis.RedisConnectionException: Unable to connect to /127.0.0.1:6379
Caused by: java.net.ConnectException: Conexão recusada: /127.0.0.1:6379
]]></error>
  </testcase>
  <testcase name="addAllIndexCollectionMiddle[29]" classname="org.springframework.data.redis.support.collections.RedisListTests" time="0.005">
    <error message="Unable to connect to Redis on 127.0.0.1:6379; nested exception is com.lambdaworks.redis.RedisConnectionException: Unable to connect to /127.0.0.1:6379" type="org.springframework.data.redis.RedisConnectionFailureException">org.springframework.data.redis.RedisConnectionFailureException: Unable to connect to Redis on 127.0.0.1:6379; nested exception is com.lambdaworks.redis.RedisConnectionException: Unable to connect to /127.0.0.1:6379
Caused by: com.lambdaworks.redis.RedisConnectionException: Unable to connect to /127.0.0.1:6379
Caused by: java.net.ConnectException: Conexão recusada: /127.0.0.1:6379
</error>
  </testcase>
  <testcase name="testPollLast[29]" classname="org.springframework.data.redis.support.collections.RedisListTests" time="0.002">
    <error message="Unable to connect to Redis on 127.0.0.1:6379; nested exception is com.lambdaworks.redis.RedisConnectionException: Unable to connect to /127.0.0.1:6379" type="org.springframework.data.redis.RedisConnectionFailureException">org.springframework.data.redis.RedisConnectionFailureException: Unable to connect to Redis on 127.0.0.1:6379; nested exception is com.lambdaworks.redis.RedisConnectionException: Unable to connect to /127.0.0.1:6379
Caused by: com.lambdaworks.redis.RedisConnectionException: Unable to connect to /127.0.0.1:6379
Caused by: java.net.ConnectException: Conexão recusada: /127.0.0.1:6379
</error>
  </testcase>
  <testcase name="testPollLast[29]" classname="org.springframework.data.redis.support.collections.RedisListTests" time="0.002">
    <error message="Unable to connect to Redis on 127.0.0.1:6379; nested exception is com.lambdaworks.redis.RedisConnectionException: Unable to connect to /127.0.0.1:6379" type="org.springframework.data.redis.RedisConnectionFailureException">org.springframework.data.redis.RedisConnectionFailureException: Unable to connect to Redis on 127.0.0.1:6379; nested exception is com.lambdaworks.redis.RedisConnectionException: Unable to connect to /127.0.0.1:6379
Caused by: com.lambdaworks.redis.RedisConnectionException: Unable to connect to /127.0.0.1:6379
Caused by: java.net.ConnectException: Conexão recusada: /127.0.0.1:6379
</error>
  </testcase>
  <testcase name="testIndexOfObject[29]" classname="org.springframework.data.redis.support.collections.RedisListTests" time="0.001">
    <error message="Unable to connect to Redis on 127.0.0.1:6379; nested exception is com.lambdaworks.redis.RedisConnectionException: Unable to connect to /127.0.0.1:6379" type="org.springframework.data.redis.RedisConnectionFailureException">org.springframework.data.redis.RedisConnectionFailureException: Unable to connect to Redis on 127.0.0.1:6379; nested exception is com.lambdaworks.redis.RedisConnectionException: Unable to connect to /127.0.0.1:6379
Caused by: com.lambdaworks.redis.RedisConnectionException: Unable to connect to /127.0.0.1:6379
Caused by: java.net.ConnectException: Conexão recusada: /127.0.0.1:6379
</error>
  </testcase>
  <testcase name="testPollTimeout[29]" classname="org.springframework.data.redis.support.collections.RedisListTests" time="0.002">
    <error message="Unable to connect to Redis on 127.0.0.1:6379; nested exception is com.lambdaworks.redis.RedisConnectionException: Unable to connect to /127.0.0.1:6379" type="org.springframework.data.redis.RedisConnectionFailureException">org.springframework.data.redis.RedisConnectionFailureException: Unable to connect to Redis on 127.0.0.1:6379; nested exception is com.lambdaworks.redis.RedisConnectionException: Unable to connect to /127.0.0.1:6379
Caused by: com.lambdaworks.redis.RedisConnectionException: Unable to connect to /127.0.0.1:6379
Caused by: java.net.ConnectException: Conexão recusada: /127.0.0.1:6379
</error>
  </testcase>
  <testcase name="testPollTimeout[29]" classname="org.springframework.data.redis.support.collections.RedisListTests" time="0.002">
    <error message="Unable to connect to Redis on 127.0.0.1:6379; nested exception is com.lambdaworks.redis.RedisConnectionException: Unable to connect to /127.0.0.1:6379" type="org.springframework.data.redis.RedisConnectionFailureException">org.springframework.data.redis.RedisConnectionFailureException: Unable to connect to Redis on 127.0.0.1:6379; nested exception is com.lambdaworks.redis.RedisConnectionException: Unable to connect to /127.0.0.1:6379
Caused by: com.lambdaworks.redis.RedisConnectionException: Unable to connect to /127.0.0.1:6379
Caused by: java.net.ConnectException: Conexão recusada: /127.0.0.1:6379
</error>
  </testcase>
  <testcase name="testRemove[29]" classname="org.springframework.data.redis.support.collections.RedisListTests" time="0.001">
    <error message="Unable to connect to Redis on 127.0.0.1:6379; nested exception is com.lambdaworks.redis.RedisConnectionException: Unable to connect to /127.0.0.1:6379" type="org.springframework.data.redis.RedisConnectionFailureException">org.springframework.data.redis.RedisConnectionFailureException: Unable to connect to Redis on 127.0.0.1:6379; nested exception is com.lambdaworks.redis.RedisConnectionException: Unable to connect to /127.0.0.1:6379
Caused by: com.lambdaworks.redis.RedisConnectionException: Unable to connect to /127.0.0.1:6379
Caused by: java.net.ConnectException: Conexão recusada: /127.0.0.1:6379
</error>
  </testcase>
  <testcase name="testRemove[29]" classname="org.springframework.data.redis.support.collections.RedisListTests" time="0.001">
    <error message="Unable to connect to Redis on 127.0.0.1:6379; nested exception is com.lambdaworks.redis.RedisConnectionException: Unable to connect to /127.0.0.1:6379" type="org.springframework.data.redis.RedisConnectionFailureException">org.springframework.data.redis.RedisConnectionFailureException: Unable to connect to Redis on 127.0.0.1:6379; nested exception is com.lambdaworks.redis.RedisConnectionException: Unable to connect to /127.0.0.1:6379
Caused by: com.lambdaworks.redis.RedisConnectionException: Unable to connect to /127.0.0.1:6379
Caused by: java.net.ConnectException: Conexão recusada: /127.0.0.1:6379
</error>
  </testcase>
  <testcase name="testCappedCollection[29]" classname="org.springframework.data.redis.support.collections.RedisListTests" time="0.001">
    <error message="Unable to connect to Redis on 127.0.0.1:6379; nested exception is com.lambdaworks.redis.RedisConnectionException: Unable to connect to /127.0.0.1:6379" type="org.springframework.data.redis.RedisConnectionFailureException">org.springframework.data.redis.RedisConnectionFailureException: Unable to connect to Redis on 127.0.0.1:6379; nested exception is com.lambdaworks.redis.RedisConnectionException: Unable to connect to /127.0.0.1:6379
Caused by: com.lambdaworks.redis.RedisConnectionException: Unable to connect to /127.0.0.1:6379
Caused by: java.net.ConnectException: Conexão recusada: /127.0.0.1:6379
</error>
  </testcase>
  <testcase name="testCappedCollection[29]" classname="org.springframework.data.redis.support.collections.RedisListTests" time="0.001">
    <error message="Unable to connect to Redis on 127.0.0.1:6379; nested exception is com.lambdaworks.redis.RedisConnectionException: Unable to connect to /127.0.0.1:6379" type="org.springframework.data.redis.RedisConnectionFailureException">org.springframework.data.redis.RedisConnectionFailureException: Unable to connect to Redis on 127.0.0.1:6379; nested exception is com.lambdaworks.redis.RedisConnectionException: Unable to connect to /127.0.0.1:6379
Caused by: com.lambdaworks.redis.RedisConnectionException: Unable to connect to /127.0.0.1:6379
Caused by: java.net.ConnectException: Conexão recusada: /127.0.0.1:6379
</error>
  </testcase>
  <testcase name="testRmoveLastOccurrence[29]" classname="org.springframework.data.redis.support.collections.RedisListTests" time="0.001">
    <error message="Unable to connect to Redis on 127.0.0.1:6379; nested exception is com.lambdaworks.redis.RedisConnectionException: Unable to connect to /127.0.0.1:6379" type="org.springframework.data.redis.RedisConnectionFailureException">org.springframework.data.redis.RedisConnectionFailureException: Unable to connect to Redis on 127.0.0.1:6379; nested exception is com.lambdaworks.redis.RedisConnectionException: Unable to connect to /127.0.0.1:6379
Caused by: com.lambdaworks.redis.RedisConnectionException: Unable to connect to /127.0.0.1:6379
Caused by: java.net.ConnectException: Conexão recusada: /127.0.0.1:6379
</error>
  </testcase>
  <testcase name="testRmoveLastOccurrence[29]" classname="org.springframework.data.redis.support.collections.RedisListTests" time="0.001">
    <error message="Unable to connect to Redis on 127.0.0.1:6379; nested exception is com.lambdaworks.redis.RedisConnectionException: Unable to connect to /127.0.0.1:6379" type="org.springframework.data.redis.RedisConnectionFailureException">org.springframework.data.redis.RedisConnectionFailureException: Unable to connect to Redis on 127.0.0.1:6379; nested exception is com.lambdaworks.redis.RedisConnectionException: Unable to connect to /127.0.0.1:6379
Caused by: com.lambdaworks.redis.RedisConnectionException: Unable to connect to /127.0.0.1:6379
Caused by: java.net.ConnectException: Conexão recusada: /127.0.0.1:6379
</error>
  </testcase>
  <testcase name="testTakeFirst[29]" classname="org.springframework.data.redis.support.collections.RedisListTests" time="0.007">
    <error message="Unable to connect to Redis on 127.0.0.1:6379; nested exception is com.lambdaworks.redis.RedisConnectionException: Unable to connect to /127.0.0.1:6379" type="org.springframework.data.redis.RedisConnectionFailureException">org.springframework.data.redis.RedisConnectionFailureException: Unable to connect to Redis on 127.0.0.1:6379; nested exception is com.lambdaworks.redis.RedisConnectionException: Unable to connect to /127.0.0.1:6379
Caused by: com.lambdaworks.redis.RedisConnectionException: Unable to connect to /127.0.0.1:6379
Caused by: java.net.ConnectException: Conexão recusada: /127.0.0.1:6379
</error>
  </testcase>
  <testcase name="testTakeFirst[29]" classname="org.springframework.data.redis.support.collections.RedisListTests" time="0.007">
    <error message="Unable to connect to Redis on 127.0.0.1:6379; nested exception is com.lambdaworks.redis.RedisConnectionException: Unable to connect to /127.0.0.1:6379" type="org.springframework.data.redis.RedisConnectionFailureException">org.springframework.data.redis.RedisConnectionFailureException: Unable to connect to Redis on 127.0.0.1:6379; nested exception is com.lambdaworks.redis.RedisConnectionException: Unable to connect to /127.0.0.1:6379
Caused by: com.lambdaworks.redis.RedisConnectionException: Unable to connect to /127.0.0.1:6379
Caused by: java.net.ConnectException: Conexão recusada: /127.0.0.1:6379
</error>
  </testcase>
  <testcase name="testContainsObject[29]" classname="org.springframework.data.redis.support.collections.RedisListTests" time="0.001">
    <error message="Unable to connect to Redis on 127.0.0.1:6379; nested exception is com.lambdaworks.redis.RedisConnectionException: Unable to connect to /127.0.0.1:6379" type="org.springframework.data.redis.RedisConnectionFailureException">org.springframework.data.redis.RedisConnectionFailureException: Unable to connect to Redis on 127.0.0.1:6379; nested exception is com.lambdaworks.redis.RedisConnectionException: Unable to connect to /127.0.0.1:6379
Caused by: com.lambdaworks.redis.RedisConnectionException: Unable to connect to /127.0.0.1:6379
Caused by: java.net.ConnectException: Conexão recusada: /127.0.0.1:6379
</error>
  </testcase>
  <testcase name="testContainsObject[29]" classname="org.springframework.data.redis.support.collections.RedisListTests" time="0.001">
    <error message="Unable to connect to Redis on 127.0.0.1:6379; nested exception is com.lambdaworks.redis.RedisConnectionException: Unable to connect to /127.0.0.1:6379" type="org.springframework.data.redis.RedisConnectionFailureException">org.springframework.data.redis.RedisConnectionFailureException: Unable to connect to Redis on 127.0.0.1:6379; nested exception is com.lambdaworks.redis.RedisConnectionException: Unable to connect to /127.0.0.1:6379
Caused by: com.lambdaworks.redis.RedisConnectionException: Unable to connect to /127.0.0.1:6379
Caused by: java.net.ConnectException: Conexão recusada: /127.0.0.1:6379
</error>
  </testcase>
  <testcase name="testToArray[29]" classname="org.springframework.data.redis.support.collections.RedisListTests" time="0.002">
    <error message="Unable to connect to Redis on 127.0.0.1:6379; nested exception is com.lambdaworks.redis.RedisConnectionException: Unable to connect to /127.0.0.1:6379" type="org.springframework.data.redis.RedisConnectionFailureException">org.springframework.data.redis.RedisConnectionFailureException: Unable to connect to Redis on 127.0.0.1:6379; nested exception is com.lambdaworks.redis.RedisConnectionException: Unable to connect to /127.0.0.1:6379
Caused by: com.lambdaworks.redis.RedisConnectionException: Unable to connect to /127.0.0.1:6379
Caused by: java.net.ConnectException: Conexão recusada: /127.0.0.1:6379
</error>
  </testcase>
  <testcase name="testToArray[29]" classname="org.springframework.data.redis.support.collections.RedisListTests" time="0.002">
    <error message="Unable to connect to Redis on 127.0.0.1:6379; nested exception is com.lambdaworks.redis.RedisConnectionException: Unable to connect to /127.0.0.1:6379" type="org.springframework.data.redis.RedisConnectionFailureException">org.springframework.data.redis.RedisConnectionFailureException: Unable to connect to Redis on 127.0.0.1:6379; nested exception is com.lambdaworks.redis.RedisConnectionException: Unable to connect to /127.0.0.1:6379
Caused by: com.lambdaworks.redis.RedisConnectionException: Unable to connect to /127.0.0.1:6379
Caused by: java.net.ConnectException: Conexão recusada: /127.0.0.1:6379
</error>
  </testcase>
  <testcase name="testAdd[29]" classname="org.springframework.data.redis.support.collections.RedisListTests" time="0.001">
    <error message="Unable to connect to Redis on 127.0.0.1:6379; nested exception is com.lambdaworks.redis.RedisConnectionException: Unable to connect to /127.0.0.1:6379" type="org.springframework.data.redis.RedisConnectionFailureException">org.springframework.data.redis.RedisConnectionFailureException: Unable to connect to Redis on 127.0.0.1:6379; nested exception is com.lambdaworks.redis.RedisConnectionException: Unable to connect to /127.0.0.1:6379
Caused by: com.lambdaworks.redis.RedisConnectionException: Unable to connect to /127.0.0.1:6379
Caused by: java.net.ConnectException: Conexão recusada: /127.0.0.1:6379
</error>
  </testcase>
  <testcase name="testAdd[29]" classname="org.springframework.data.redis.support.collections.RedisListTests" time="0.001">
    <error message="Unable to connect to Redis on 127.0.0.1:6379; nested exception is com.lambdaworks.redis.RedisConnectionException: Unable to connect to /127.0.0.1:6379" type="org.springframework.data.redis.RedisConnectionFailureException">org.springframework.data.redis.RedisConnectionFailureException: Unable to connect to Redis on 127.0.0.1:6379; nested exception is com.lambdaworks.redis.RedisConnectionException: Unable to connect to /127.0.0.1:6379
Caused by: com.lambdaworks.redis.RedisConnectionException: Unable to connect to /127.0.0.1:6379
Caused by: java.net.ConnectException: Conexão recusada: /127.0.0.1:6379
</error>
  </testcase>
  <testcase name="testClear[29]" classname="org.springframework.data.redis.support.collections.RedisListTests" time="0.001">
    <error message="Unable to connect to Redis on 127.0.0.1:6379; nested exception is com.lambdaworks.redis.RedisConnectionException: Unable to connect to /127.0.0.1:6379" type="org.springframework.data.redis.RedisConnectionFailureException">org.springframework.data.redis.RedisConnectionFailureException: Unable to connect to Redis on 127.0.0.1:6379; nested exception is com.lambdaworks.redis.RedisConnectionException: Unable to connect to /127.0.0.1:6379
Caused by: com.lambdaworks.redis.RedisConnectionException: Unable to connect to /127.0.0.1:6379
Caused by: java.net.ConnectException: Conexão recusada: /127.0.0.1:6379
</error>
  </testcase>
  <testcase name="testClear[29]" classname="org.springframework.data.redis.support.collections.RedisListTests" time="0.001">
    <error message="Unable to connect to Redis on 127.0.0.1:6379; nested exception is com.lambdaworks.redis.RedisConnectionException: Unable to connect to /127.0.0.1:6379" type="org.springframework.data.redis.RedisConnectionFailureException">org.springframework.data.redis.RedisConnectionFailureException: Unable to connect to Redis on 127.0.0.1:6379; nested exception is com.lambdaworks.redis.RedisConnectionException: Unable to connect to /127.0.0.1:6379
Caused by: com.lambdaworks.redis.RedisConnectionException: Unable to connect to /127.0.0.1:6379
Caused by: java.net.ConnectException: Conexão recusada: /127.0.0.1:6379
</error>
  </testcase>
  <testcase name="testSize[29]" classname="org.springframework.data.redis.support.collections.RedisListTests" time="0.001">
    <error message="Unable to connect to Redis on 127.0.0.1:6379; nested exception is com.lambdaworks.redis.RedisConnectionException: Unable to connect to /127.0.0.1:6379" type="org.springframework.data.redis.RedisConnectionFailureException">org.springframework.data.redis.RedisConnectionFailureException: Unable to connect to Redis on 127.0.0.1:6379; nested exception is com.lambdaworks.redis.RedisConnectionException: Unable to connect to /127.0.0.1:6379
Caused by: com.lambdaworks.redis.RedisConnectionException: Unable to connect to /127.0.0.1:6379
Caused by: java.net.ConnectException: Conexão recusada: /127.0.0.1:6379
</error>
  </testcase>
  <testcase name="testSize[29]" classname="org.springframework.data.redis.support.collections.RedisListTests" time="0.001">
    <error message="Unable to connect to Redis on 127.0.0.1:6379; nested exception is com.lambdaworks.redis.RedisConnectionException: Unable to connect to /127.0.0.1:6379" type="org.springframework.data.redis.RedisConnectionFailureException">org.springframework.data.redis.RedisConnectionFailureException: Unable to connect to Redis on 127.0.0.1:6379; nested exception is com.lambdaworks.redis.RedisConnectionException: Unable to connect to /127.0.0.1:6379
Caused by: com.lambdaworks.redis.RedisConnectionException: Unable to connect to /127.0.0.1:6379
Caused by: java.net.ConnectException: Conexão recusada: /127.0.0.1:6379
</error>
  </testcase>
  <testcase name="testToString[29]" classname="org.springframework.data.redis.support.collections.RedisListTests" time="0.001">
    <error message="Unable to connect to Redis on 127.0.0.1:6379; nested exception is com.lambdaworks.redis.RedisConnectionException: Unable to connect to /127.0.0.1:6379" type="org.springframework.data.redis.RedisConnectionFailureException">org.springframework.data.redis.RedisConnectionFailureException: Unable to connect to Redis on 127.0.0.1:6379; nested exception is com.lambdaworks.redis.RedisConnectionException: Unable to connect to /127.0.0.1:6379
Caused by: com.lambdaworks.redis.RedisConnectionException: Unable to connect to /127.0.0.1:6379
Caused by: java.net.ConnectException: Conexão recusada: /127.0.0.1:6379
</error>
  </testcase>
  <testcase name="testToString[29]" classname="org.springframework.data.redis.support.collections.RedisListTests" time="0.002">
    <error message="Unable to connect to Redis on 127.0.0.1:6379; nested exception is com.lambdaworks.redis.RedisConnectionException: Unable to connect to /127.0.0.1:6379" type="org.springframework.data.redis.RedisConnectionFailureException">org.springframework.data.redis.RedisConnectionFailureException: Unable to connect to Redis on 127.0.0.1:6379; nested exception is com.lambdaworks.redis.RedisConnectionException: Unable to connect to /127.0.0.1:6379
Caused by: com.lambdaworks.redis.RedisConnectionException: Unable to connect to /127.0.0.1:6379
Caused by: java.net.ConnectException: Conexão recusada: /127.0.0.1:6379
</error>
  </testcase>
  <testcase name="testContainsAll[29]" classname="org.springframework.data.redis.support.collections.RedisListTests" time="0.013">
    <error message="Unable to connect to Redis on 127.0.0.1:6379; nested exception is com.lambdaworks.redis.RedisConnectionException: Unable to connect to /127.0.0.1:6379" type="org.springframework.data.redis.RedisConnectionFailureException">org.springframework.data.redis.RedisConnectionFailureException: Unable to connect to Redis on 127.0.0.1:6379; nested exception is com.lambdaworks.redis.RedisConnectionException: Unable to connect to /127.0.0.1:6379
Caused by: com.lambdaworks.redis.RedisConnectionException: Unable to connect to /127.0.0.1:6379
Caused by: java.net.ConnectException: Conexão recusada: /127.0.0.1:6379
</error>
  </testcase>
  <testcase name="testContainsAll[29]" classname="org.springframework.data.redis.support.collections.RedisListTests" time="0.013">
    <error message="Unable to connect to Redis on 127.0.0.1:6379; nested exception is com.lambdaworks.redis.RedisConnectionException: Unable to connect to /127.0.0.1:6379" type="org.springframework.data.redis.RedisConnectionFailureException">org.springframework.data.redis.RedisConnectionFailureException: Unable to connect to Redis on 127.0.0.1:6379; nested exception is com.lambdaworks.redis.RedisConnectionException: Unable to connect to /127.0.0.1:6379
Caused by: com.lambdaworks.redis.RedisConnectionException: Unable to connect to /127.0.0.1:6379
Caused by: java.net.ConnectException: Conexão recusada: /127.0.0.1:6379
</error>
  </testcase>
  <testcase name="testRemoveObject[29]" classname="org.springframework.data.redis.support.collections.RedisListTests" time="0.002">
    <error message="Unable to connect to Redis on 127.0.0.1:6379; nested exception is com.lambdaworks.redis.RedisConnectionException: Unable to connect to /127.0.0.1:6379" type="org.springframework.data.redis.RedisConnectionFailureException">org.springframework.data.redis.RedisConnectionFailureException: Unable to connect to Redis on 127.0.0.1:6379; nested exception is com.lambdaworks.redis.RedisConnectionException: Unable to connect to /127.0.0.1:6379
Caused by: com.lambdaworks.redis.RedisConnectionException: Unable to connect to /127.0.0.1:6379
Caused by: java.net.ConnectException: Conexão recusada: /127.0.0.1:6379
</error>
  </testcase>
  <testcase name="testRemoveObject[29]" classname="org.springframework.data.redis.support.collections.RedisListTests" time="0.002">
    <error message="Unable to connect to Redis on 127.0.0.1:6379; nested exception is com.lambdaworks.redis.RedisConnectionException: Unable to connect to /127.0.0.1:6379" type="org.springframework.data.redis.RedisConnectionFailureException">org.springframework.data.redis.RedisConnectionFailureException: Unable to connect to Redis on 127.0.0.1:6379; nested exception is com.lambdaworks.redis.RedisConnectionException: Unable to connect to /127.0.0.1:6379
Caused by: com.lambdaworks.redis.RedisConnectionException: Unable to connect to /127.0.0.1:6379
Caused by: java.net.ConnectException: Conexão recusada: /127.0.0.1:6379
</error>
  </testcase>
  <testcase name="testHashCode[29]" classname="org.springframework.data.redis.support.collections.RedisListTests" time="0.027">
    <error message="Unable to connect to Redis on 127.0.0.1:6379; nested exception is com.lambdaworks.redis.RedisConnectionException: Unable to connect to /127.0.0.1:6379" type="org.springframework.data.redis.RedisConnectionFailureException">org.springframework.data.redis.RedisConnectionFailureException: Unable to connect to Redis on 127.0.0.1:6379; nested exception is com.lambdaworks.redis.RedisConnectionException: Unable to connect to /127.0.0.1:6379
Caused by: com.lambdaworks.redis.RedisConnectionException: Unable to connect to /127.0.0.1:6379
Caused by: java.net.ConnectException: Conexão recusada: /127.0.0.1:6379
</error>
  </testcase>
  <testcase name="testAddAll[29]" classname="org.springframework.data.redis.support.collections.RedisListTests" time="0.01">
    <error message="Unable to connect to Redis on 127.0.0.1:6379; nested exception is com.lambdaworks.redis.RedisConnectionException: Unable to connect to /127.0.0.1:6379" type="org.springframework.data.redis.RedisConnectionFailureException">org.springframework.data.redis.RedisConnectionFailureException: Unable to connect to Redis on 127.0.0.1:6379; nested exception is com.lambdaworks.redis.RedisConnectionException: Unable to connect to /127.0.0.1:6379
Caused by: com.lambdaworks.redis.RedisConnectionException: Unable to connect to /127.0.0.1:6379
Caused by: java.net.ConnectException: Conexão recusada: /127.0.0.1:6379
</error>
  </testcase>
  <testcase name="testAddAll[29]" classname="org.springframework.data.redis.support.collections.RedisListTests" time="0.011">
    <error message="Unable to connect to Redis on 127.0.0.1:6379; nested exception is com.lambdaworks.redis.RedisConnectionException: Unable to connect to /127.0.0.1:6379" type="org.springframework.data.redis.RedisConnectionFailureException">org.springframework.data.redis.RedisConnectionFailureException: Unable to connect to Redis on 127.0.0.1:6379; nested exception is com.lambdaworks.redis.RedisConnectionException: Unable to connect to /127.0.0.1:6379
Caused by: com.lambdaworks.redis.RedisConnectionException: Unable to connect to /127.0.0.1:6379
Caused by: java.net.ConnectException: Conexão recusada: /127.0.0.1:6379
</error>
  </testcase>
  <testcase name="removeAll[29]" classname="org.springframework.data.redis.support.collections.RedisListTests" time="0.004">
    <error message="Unable to connect to Redis on 127.0.0.1:6379; nested exception is com.lambdaworks.redis.RedisConnectionException: Unable to connect to /127.0.0.1:6379" type="org.springframework.data.redis.RedisConnectionFailureException">org.springframework.data.redis.RedisConnectionFailureException: Unable to connect to Redis on 127.0.0.1:6379; nested exception is com.lambdaworks.redis.RedisConnectionException: Unable to connect to /127.0.0.1:6379
Caused by: com.lambdaworks.redis.RedisConnectionException: Unable to connect to /127.0.0.1:6379
Caused by: java.net.ConnectException: Conexão recusada: /127.0.0.1:6379
</error>
  </testcase>
  <testcase name="removeAll[29]" classname="org.springframework.data.redis.support.collections.RedisListTests" time="0.004">
    <error message="Unable to connect to Redis on 127.0.0.1:6379; nested exception is com.lambdaworks.redis.RedisConnectionException: Unable to connect to /127.0.0.1:6379" type="org.springframework.data.redis.RedisConnectionFailureException">org.springframework.data.redis.RedisConnectionFailureException: Unable to connect to Redis on 127.0.0.1:6379; nested exception is com.lambdaworks.redis.RedisConnectionException: Unable to connect to /127.0.0.1:6379
Caused by: com.lambdaworks.redis.RedisConnectionException: Unable to connect to /127.0.0.1:6379
Caused by: java.net.ConnectException: Conexão recusada: /127.0.0.1:6379
</error>
  </testcase>
  <testcase name="testEquals[29]" classname="org.springframework.data.redis.support.collections.RedisListTests" time="0.005">
    <error message="Unable to connect to Redis on 127.0.0.1:6379; nested exception is com.lambdaworks.redis.RedisConnectionException: Unable to connect to /127.0.0.1:6379" type="org.springframework.data.redis.RedisConnectionFailureException">org.springframework.data.redis.RedisConnectionFailureException: Unable to connect to Redis on 127.0.0.1:6379; nested exception is com.lambdaworks.redis.RedisConnectionException: Unable to connect to /127.0.0.1:6379
Caused by: com.lambdaworks.redis.RedisConnectionException: Unable to connect to /127.0.0.1:6379
Caused by: java.net.ConnectException: Conexão recusada: /127.0.0.1:6379
</error>
  </testcase>
  <testcase name="testGetKey[29]" classname="org.springframework.data.redis.support.collections.RedisListTests" time="0.002">
    <error message="Unable to connect to Redis on 127.0.0.1:6379; nested exception is com.lambdaworks.redis.RedisConnectionException: Unable to connect to /127.0.0.1:6379" type="org.springframework.data.redis.RedisConnectionFailureException">org.springframework.data.redis.RedisConnectionFailureException: Unable to connect to Redis on 127.0.0.1:6379; nested exception is com.lambdaworks.redis.RedisConnectionException: Unable to connect to /127.0.0.1:6379
Caused by: com.lambdaworks.redis.RedisConnectionException: Unable to connect to /127.0.0.1:6379
Caused by: java.net.ConnectException: Conexão recusada: /127.0.0.1:6379
</error>
  </testcase>
  <testcase name="testToArrayWithGenerics[29]" classname="org.springframework.data.redis.support.collections.RedisListTests" time="0.003">
    <error message="Unable to connect to Redis on 127.0.0.1:6379; nested exception is com.lambdaworks.redis.RedisConnectionException: Unable to connect to /127.0.0.1:6379" type="org.springframework.data.redis.RedisConnectionFailureException">org.springframework.data.redis.RedisConnectionFailureException: Unable to connect to Redis on 127.0.0.1:6379; nested exception is com.lambdaworks.redis.RedisConnectionException: Unable to connect to /127.0.0.1:6379
Caused by: com.lambdaworks.redis.RedisConnectionException: Unable to connect to /127.0.0.1:6379
Caused by: java.net.ConnectException: Conexão recusada: /127.0.0.1:6379
</error>
  </testcase>
  <testcase name="testToArrayWithGenerics[29]" classname="org.springframework.data.redis.support.collections.RedisListTests" time="0.004">
    <error message="Unable to connect to Redis on 127.0.0.1:6379; nested exception is com.lambdaworks.redis.RedisConnectionException: Unable to connect to /127.0.0.1:6379" type="org.springframework.data.redis.RedisConnectionFailureException">org.springframework.data.redis.RedisConnectionFailureException: Unable to connect to Redis on 127.0.0.1:6379; nested exception is com.lambdaworks.redis.RedisConnectionException: Unable to connect to /127.0.0.1:6379
Caused by: com.lambdaworks.redis.RedisConnectionException: Unable to connect to /127.0.0.1:6379
Caused by: java.net.ConnectException: Conexão recusada: /127.0.0.1:6379
</error>
  </testcase>
  <testcase name="testIsEmpty[29]" classname="org.springframework.data.redis.support.collections.RedisListTests" time="0.003">
    <error message="Unable to connect to Redis on 127.0.0.1:6379; nested exception is com.lambdaworks.redis.RedisConnectionException: Unable to connect to /127.0.0.1:6379" type="org.springframework.data.redis.RedisConnectionFailureException">org.springframework.data.redis.RedisConnectionFailureException: Unable to connect to Redis on 127.0.0.1:6379; nested exception is com.lambdaworks.redis.RedisConnectionException: Unable to connect to /127.0.0.1:6379
Caused by: com.lambdaworks.redis.RedisConnectionException: Unable to connect to /127.0.0.1:6379
Caused by: java.net.ConnectException: Conexão recusada: /127.0.0.1:6379
</error>
  </testcase>
  <testcase name="testIsEmpty[29]" classname="org.springframework.data.redis.support.collections.RedisListTests" time="0.004">
    <error message="Unable to connect to Redis on 127.0.0.1:6379; nested exception is com.lambdaworks.redis.RedisConnectionException: Unable to connect to /127.0.0.1:6379" type="org.springframework.data.redis.RedisConnectionFailureException">org.springframework.data.redis.RedisConnectionFailureException: Unable to connect to Redis on 127.0.0.1:6379; nested exception is com.lambdaworks.redis.RedisConnectionException: Unable to connect to /127.0.0.1:6379
Caused by: com.lambdaworks.redis.RedisConnectionException: Unable to connect to /127.0.0.1:6379
Caused by: java.net.ConnectException: Conexão recusada: /127.0.0.1:6379
</error>
  </testcase>
  <testcase name="testIterator[29]" classname="org.springframework.data.redis.support.collections.RedisListTests" time="0.004">
    <error message="Unable to connect to Redis on 127.0.0.1:6379; nested exception is com.lambdaworks.redis.RedisConnectionException: Unable to connect to /127.0.0.1:6379" type="org.springframework.data.redis.RedisConnectionFailureException">org.springframework.data.redis.RedisConnectionFailureException: Unable to connect to Redis on 127.0.0.1:6379; nested exception is com.lambdaworks.redis.RedisConnectionException: Unable to connect to /127.0.0.1:6379
Caused by: com.lambdaworks.redis.RedisConnectionException: Unable to connect to /127.0.0.1:6379
Caused by: java.net.ConnectException: Conexão recusada: /127.0.0.1:6379
</error>
  </testcase>
  <testcase name="testIterator[29]" classname="org.springframework.data.redis.support.collections.RedisListTests" time="0.004">
    <error message="Unable to connect to Redis on 127.0.0.1:6379; nested exception is com.lambdaworks.redis.RedisConnectionException: Unable to connect to /127.0.0.1:6379" type="org.springframework.data.redis.RedisConnectionFailureException">org.springframework.data.redis.RedisConnectionFailureException: Unable to connect to Redis on 127.0.0.1:6379; nested exception is com.lambdaworks.redis.RedisConnectionException: Unable to connect to /127.0.0.1:6379
Caused by: com.lambdaworks.redis.RedisConnectionException: Unable to connect to /127.0.0.1:6379
Caused by: java.net.ConnectException: Conexão recusada: /127.0.0.1:6379
</error>
  </testcase>
  <testcase name="testElement[30]" classname="org.springframework.data.redis.support.collections.RedisListTests" time="0.016">
    <error message="Unable to connect to Redis on 127.0.0.1:6379; nested exception is com.lambdaworks.redis.RedisConnectionException: Unable to connect to /127.0.0.1:6379" type="org.springframework.data.redis.RedisConnectionFailureException">org.springframework.data.redis.RedisConnectionFailureException: Unable to connect to Redis on 127.0.0.1:6379; nested exception is com.lambdaworks.redis.RedisConnectionException: Unable to connect to /127.0.0.1:6379
Caused by: com.lambdaworks.redis.RedisConnectionException: Unable to connect to /127.0.0.1:6379
Caused by: java.net.ConnectException: Conexão recusada: /127.0.0.1:6379
</error>
  </testcase>
  <testcase name="testElement[30]" classname="org.springframework.data.redis.support.collections.RedisListTests" time="0.016">
    <error message="Unable to connect to Redis on 127.0.0.1:6379; nested exception is com.lambdaworks.redis.RedisConnectionException: Unable to connect to /127.0.0.1:6379" type="org.springframework.data.redis.RedisConnectionFailureException">org.springframework.data.redis.RedisConnectionFailureException: Unable to connect to Redis on 127.0.0.1:6379; nested exception is com.lambdaworks.redis.RedisConnectionException: Unable to connect to /127.0.0.1:6379
Caused by: com.lambdaworks.redis.RedisConnectionException: Unable to connect to /127.0.0.1:6379
Caused by: java.net.ConnectException: Conexão recusada: /127.0.0.1:6379
</error>
  </testcase>
  <testcase name="testPutFirst[30]" classname="org.springframework.data.redis.support.collections.RedisListTests" time="0.025">
    <error message="Unable to connect to Redis on 127.0.0.1:6379; nested exception is com.lambdaworks.redis.RedisConnectionException: Unable to connect to /127.0.0.1:6379" type="org.springframework.data.redis.RedisConnectionFailureException">org.springframework.data.redis.RedisConnectionFailureException: Unable to connect to Redis on 127.0.0.1:6379; nested exception is com.lambdaworks.redis.RedisConnectionException: Unable to connect to /127.0.0.1:6379
Caused by: com.lambdaworks.redis.RedisConnectionException: Unable to connect to /127.0.0.1:6379
Caused by: java.net.ConnectException: Conexão recusada: /127.0.0.1:6379
</error>
  </testcase>
  <testcase name="testPutFirst[30]" classname="org.springframework.data.redis.support.collections.RedisListTests" time="0.025">
    <error message="Unable to connect to Redis on 127.0.0.1:6379; nested exception is com.lambdaworks.redis.RedisConnectionException: Unable to connect to /127.0.0.1:6379" type="org.springframework.data.redis.RedisConnectionFailureException">org.springframework.data.redis.RedisConnectionFailureException: Unable to connect to Redis on 127.0.0.1:6379; nested exception is com.lambdaworks.redis.RedisConnectionException: Unable to connect to /127.0.0.1:6379
Caused by: com.lambdaworks.redis.RedisConnectionException: Unable to connect to /127.0.0.1:6379
Caused by: java.net.ConnectException: Conexão recusada: /127.0.0.1:6379
</error>
  </testcase>
  <testcase name="testPollLastTimeout[30]" classname="org.springframework.data.redis.support.collections.RedisListTests" time="0.004">
    <error message="Unable to connect to Redis on 127.0.0.1:6379; nested exception is com.lambdaworks.redis.RedisConnectionException: Unable to connect to /127.0.0.1:6379" type="org.springframework.data.redis.RedisConnectionFailureException">org.springframework.data.redis.RedisConnectionFailureException: Unable to connect to Redis on 127.0.0.1:6379; nested exception is com.lambdaworks.redis.RedisConnectionException: Unable to connect to /127.0.0.1:6379
Caused by: com.lambdaworks.redis.RedisConnectionException: Unable to connect to /127.0.0.1:6379
Caused by: java.net.ConnectException: Conexão recusada: /127.0.0.1:6379
</error>
  </testcase>
  <testcase name="testPollLastTimeout[30]" classname="org.springframework.data.redis.support.collections.RedisListTests" time="0.005">
    <error message="Unable to connect to Redis on 127.0.0.1:6379; nested exception is com.lambdaworks.redis.RedisConnectionException: Unable to connect to /127.0.0.1:6379" type="org.springframework.data.redis.RedisConnectionFailureException">org.springframework.data.redis.RedisConnectionFailureException: Unable to connect to Redis on 127.0.0.1:6379; nested exception is com.lambdaworks.redis.RedisConnectionException: Unable to connect to /127.0.0.1:6379
Caused by: com.lambdaworks.redis.RedisConnectionException: Unable to connect to /127.0.0.1:6379
Caused by: java.net.ConnectException: Conexão recusada: /127.0.0.1:6379
</error>
  </testcase>
  <testcase name="testPeekFirst[30]" classname="org.springframework.data.redis.support.collections.RedisListTests" time="0.011">
    <error message="Unable to connect to Redis on 127.0.0.1:6379; nested exception is com.lambdaworks.redis.RedisConnectionException: Unable to connect to /127.0.0.1:6379" type="org.springframework.data.redis.RedisConnectionFailureException">org.springframework.data.redis.RedisConnectionFailureException: Unable to connect to Redis on 127.0.0.1:6379; nested exception is com.lambdaworks.redis.RedisConnectionException: Unable to connect to /127.0.0.1:6379
Caused by: com.lambdaworks.redis.RedisConnectionException: Unable to connect to /127.0.0.1:6379
Caused by: java.net.ConnectException: Conexão recusada: /127.0.0.1:6379
</error>
  </testcase>
  <testcase name="testPeekFirst[30]" classname="org.springframework.data.redis.support.collections.RedisListTests" time="0.011">
    <error message="Unable to connect to Redis on 127.0.0.1:6379; nested exception is com.lambdaworks.redis.RedisConnectionException: Unable to connect to /127.0.0.1:6379" type="org.springframework.data.redis.RedisConnectionFailureException">org.springframework.data.redis.RedisConnectionFailureException: Unable to connect to Redis on 127.0.0.1:6379; nested exception is com.lambdaworks.redis.RedisConnectionException: Unable to connect to /127.0.0.1:6379
Caused by: com.lambdaworks.redis.RedisConnectionException: Unable to connect to /127.0.0.1:6379
Caused by: java.net.ConnectException: Conexão recusada: /127.0.0.1:6379
</error>
  </testcase>
  <testcase name="testOfferLast[30]" classname="org.springframework.data.redis.support.collections.RedisListTests" time="0.004">
    <error message="Unable to connect to Redis on 127.0.0.1:6379; nested exception is com.lambdaworks.redis.RedisConnectionException: Unable to connect to /127.0.0.1:6379" type="org.springframework.data.redis.RedisConnectionFailureException">org.springframework.data.redis.RedisConnectionFailureException: Unable to connect to Redis on 127.0.0.1:6379; nested exception is com.lambdaworks.redis.RedisConnectionException: Unable to connect to /127.0.0.1:6379
Caused by: com.lambdaworks.redis.RedisConnectionException: Unable to connect to /127.0.0.1:6379
Caused by: java.net.ConnectException: Conexão recusada: /127.0.0.1:6379
</error>
  </testcase>
  <testcase name="testOfferLast[30]" classname="org.springframework.data.redis.support.collections.RedisListTests" time="0.004">
    <error message="Unable to connect to Redis on 127.0.0.1:6379; nested exception is com.lambdaworks.redis.RedisConnectionException: Unable to connect to /127.0.0.1:6379" type="org.springframework.data.redis.RedisConnectionFailureException">org.springframework.data.redis.RedisConnectionFailureException: Unable to connect to Redis on 127.0.0.1:6379; nested exception is com.lambdaworks.redis.RedisConnectionException: Unable to connect to /127.0.0.1:6379
Caused by: com.lambdaworks.redis.RedisConnectionException: Unable to connect to /127.0.0.1:6379
Caused by: java.net.ConnectException: Conexão recusada: /127.0.0.1:6379
</error>
  </testcase>
  <testcase name="testGetFirst[30]" classname="org.springframework.data.redis.support.collections.RedisListTests" time="0.027">
    <error message="Unable to connect to Redis on 127.0.0.1:6379; nested exception is com.lambdaworks.redis.RedisConnectionException: Unable to connect to /127.0.0.1:6379" type="org.springframework.data.redis.RedisConnectionFailureException">org.springframework.data.redis.RedisConnectionFailureException: Unable to connect to Redis on 127.0.0.1:6379; nested exception is com.lambdaworks.redis.RedisConnectionException: Unable to connect to /127.0.0.1:6379
Caused by: com.lambdaworks.redis.RedisConnectionException: Unable to connect to /127.0.0.1:6379
Caused by: java.net.ConnectException: Conexão recusada: /127.0.0.1:6379
</error>
  </testcase>
  <testcase name="testGetFirst[30]" classname="org.springframework.data.redis.support.collections.RedisListTests" time="0.027">
    <error message="Unable to connect to Redis on 127.0.0.1:6379; nested exception is com.lambdaworks.redis.RedisConnectionException: Unable to connect to /127.0.0.1:6379" type="org.springframework.data.redis.RedisConnectionFailureException">org.springframework.data.redis.RedisConnectionFailureException: Unable to connect to Redis on 127.0.0.1:6379; nested exception is com.lambdaworks.redis.RedisConnectionException: Unable to connect to /127.0.0.1:6379
Caused by: com.lambdaworks.redis.RedisConnectionException: Unable to connect to /127.0.0.1:6379
Caused by: java.net.ConnectException: Conexão recusada: /127.0.0.1:6379
</error>
  </testcase>
  <testcase name="testAddLast[30]" classname="org.springframework.data.redis.support.collections.RedisListTests" time="0.007">
    <error message="Unable to connect to Redis on 127.0.0.1:6379; nested exception is com.lambdaworks.redis.RedisConnectionException: Unable to connect to /127.0.0.1:6379" type="org.springframework.data.redis.RedisConnectionFailureException">org.springframework.data.redis.RedisConnectionFailureException: Unable to connect to Redis on 127.0.0.1:6379; nested exception is com.lambdaworks.redis.RedisConnectionException: Unable to connect to /127.0.0.1:6379
Caused by: com.lambdaworks.redis.RedisConnectionException: Unable to connect to /127.0.0.1:6379
Caused by: java.net.ConnectException: Conexão recusada: /127.0.0.1:6379
</error>
  </testcase>
  <testcase name="testAddLast[30]" classname="org.springframework.data.redis.support.collections.RedisListTests" time="0.007">
    <error message="Unable to connect to Redis on 127.0.0.1:6379; nested exception is com.lambdaworks.redis.RedisConnectionException: Unable to connect to /127.0.0.1:6379" type="org.springframework.data.redis.RedisConnectionFailureException">org.springframework.data.redis.RedisConnectionFailureException: Unable to connect to Redis on 127.0.0.1:6379; nested exception is com.lambdaworks.redis.RedisConnectionException: Unable to connect to /127.0.0.1:6379
Caused by: com.lambdaworks.redis.RedisConnectionException: Unable to connect to /127.0.0.1:6379
Caused by: java.net.ConnectException: Conexão recusada: /127.0.0.1:6379
</error>
  </testcase>
  <testcase name="testPop[30]" classname="org.springframework.data.redis.support.collections.RedisListTests" time="0.033">
    <error message="Unable to connect to Redis on 127.0.0.1:6379; nested exception is com.lambdaworks.redis.RedisConnectionException: Unable to connect to /127.0.0.1:6379" type="org.springframework.data.redis.RedisConnectionFailureException">org.springframework.data.redis.RedisConnectionFailureException: Unable to connect to Redis on 127.0.0.1:6379; nested exception is com.lambdaworks.redis.RedisConnectionException: Unable to connect to /127.0.0.1:6379
Caused by: com.lambdaworks.redis.RedisConnectionException: Unable to connect to /127.0.0.1:6379
Caused by: java.net.ConnectException: Conexão recusada: /127.0.0.1:6379
</error>
  </testcase>
  <testcase name="testPop[30]" classname="org.springframework.data.redis.support.collections.RedisListTests" time="0.04">
    <error message="Unable to connect to Redis on 127.0.0.1:6379; nested exception is com.lambdaworks.redis.RedisConnectionException: Unable to connect to /127.0.0.1:6379" type="org.springframework.data.redis.RedisConnectionFailureException">org.springframework.data.redis.RedisConnectionFailureException: Unable to connect to Redis on 127.0.0.1:6379; nested exception is com.lambdaworks.redis.RedisConnectionException: Unable to connect to /127.0.0.1:6379
Caused by: com.lambdaworks.redis.RedisConnectionException: Unable to connect to /127.0.0.1:6379
Caused by: java.net.ConnectException: Conexão recusada: /127.0.0.1:6379
</error>
  </testcase>
  <testcase name="testPut[30]" classname="org.springframework.data.redis.support.collections.RedisListTests" time="0.014">
    <error message="Unable to connect to Redis on 127.0.0.1:6379; nested exception is com.lambdaworks.redis.RedisConnectionException: Unable to connect to /127.0.0.1:6379" type="org.springframework.data.redis.RedisConnectionFailureException">org.springframework.data.redis.RedisConnectionFailureException: Unable to connect to Redis on 127.0.0.1:6379; nested exception is com.lambdaworks.redis.RedisConnectionException: Unable to connect to /127.0.0.1:6379
Caused by: com.lambdaworks.redis.RedisConnectionException: Unable to connect to /127.0.0.1:6379
Caused by: java.net.ConnectException: Conexão recusada: /127.0.0.1:6379
</error>
  </testcase>
  <testcase name="testPut[30]" classname="org.springframework.data.redis.support.collections.RedisListTests" time="0.015">
    <error message="Unable to connect to Redis on 127.0.0.1:6379; nested exception is com.lambdaworks.redis.RedisConnectionException: Unable to connect to /127.0.0.1:6379" type="org.springframework.data.redis.RedisConnectionFailureException">org.springframework.data.redis.RedisConnectionFailureException: Unable to connect to Redis on 127.0.0.1:6379; nested exception is com.lambdaworks.redis.RedisConnectionException: Unable to connect to /127.0.0.1:6379
Caused by: com.lambdaworks.redis.RedisConnectionException: Unable to connect to /127.0.0.1:6379
Caused by: java.net.ConnectException: Conexão recusada: /127.0.0.1:6379
</error>
  </testcase>
  <testcase name="testSet[30]" classname="org.springframework.data.redis.support.collections.RedisListTests" time="0.003">
    <error message="Unable to connect to Redis on 127.0.0.1:6379; nested exception is com.lambdaworks.redis.RedisConnectionException: Unable to connect to /127.0.0.1:6379" type="org.springframework.data.redis.RedisConnectionFailureException">org.springframework.data.redis.RedisConnectionFailureException: Unable to connect to Redis on 127.0.0.1:6379; nested exception is com.lambdaworks.redis.RedisConnectionException: Unable to connect to /127.0.0.1:6379
Caused by: com.lambdaworks.redis.RedisConnectionException: Unable to connect to /127.0.0.1:6379
Caused by: java.net.ConnectException: Conexão recusada: /127.0.0.1:6379
</error>
  </testcase>
  <testcase name="testSet[30]" classname="org.springframework.data.redis.support.collections.RedisListTests" time="0.003">
    <error message="Unable to connect to Redis on 127.0.0.1:6379; nested exception is com.lambdaworks.redis.RedisConnectionException: Unable to connect to /127.0.0.1:6379" type="org.springframework.data.redis.RedisConnectionFailureException">org.springframework.data.redis.RedisConnectionFailureException: Unable to connect to Redis on 127.0.0.1:6379; nested exception is com.lambdaworks.redis.RedisConnectionException: Unable to connect to /127.0.0.1:6379
Caused by: com.lambdaworks.redis.RedisConnectionException: Unable to connect to /127.0.0.1:6379
Caused by: java.net.ConnectException: Conexão recusada: /127.0.0.1:6379
</error>
  </testcase>
  <testcase name="testOffer[30]" classname="org.springframework.data.redis.support.collections.RedisListTests" time="0.001">
    <error message="Unable to connect to Redis on 127.0.0.1:6379; nested exception is com.lambdaworks.redis.RedisConnectionException: Unable to connect to /127.0.0.1:6379" type="org.springframework.data.redis.RedisConnectionFailureException">org.springframework.data.redis.RedisConnectionFailureException: Unable to connect to Redis on 127.0.0.1:6379; nested exception is com.lambdaworks.redis.RedisConnectionException: Unable to connect to /127.0.0.1:6379
Caused by: com.lambdaworks.redis.RedisConnectionException: Unable to connect to /127.0.0.1:6379
Caused by: java.net.ConnectException: Conexão recusada: /127.0.0.1:6379
</error>
  </testcase>
  <testcase name="testOffer[30]" classname="org.springframework.data.redis.support.collections.RedisListTests" time="0.002">
    <error message="Unable to connect to Redis on 127.0.0.1:6379; nested exception is com.lambdaworks.redis.RedisConnectionException: Unable to connect to /127.0.0.1:6379" type="org.springframework.data.redis.RedisConnectionFailureException">org.springframework.data.redis.RedisConnectionFailureException: Unable to connect to Redis on 127.0.0.1:6379; nested exception is com.lambdaworks.redis.RedisConnectionException: Unable to connect to /127.0.0.1:6379
Caused by: com.lambdaworks.redis.RedisConnectionException: Unable to connect to /127.0.0.1:6379
Caused by: java.net.ConnectException: Conexão recusada: /127.0.0.1:6379
</error>
  </testcase>
  <testcase name="testRange[30]" classname="org.springframework.data.redis.support.collections.RedisListTests" time="0.001">
    <error message="Unable to connect to Redis on 127.0.0.1:6379; nested exception is com.lambdaworks.redis.RedisConnectionException: Unable to connect to /127.0.0.1:6379" type="org.springframework.data.redis.RedisConnectionFailureException">org.springframework.data.redis.RedisConnectionFailureException: Unable to connect to Redis on 127.0.0.1:6379; nested exception is com.lambdaworks.redis.RedisConnectionException: Unable to connect to /127.0.0.1:6379
Caused by: com.lambdaworks.redis.RedisConnectionException: Unable to connect to /127.0.0.1:6379
Caused by: java.net.ConnectException: Conexão recusada: /127.0.0.1:6379
</error>
  </testcase>
  <testcase name="testRange[30]" classname="org.springframework.data.redis.support.collections.RedisListTests" time="0.001">
    <error message="Unable to connect to Redis on 127.0.0.1:6379; nested exception is com.lambdaworks.redis.RedisConnectionException: Unable to connect to /127.0.0.1:6379" type="org.springframework.data.redis.RedisConnectionFailureException">org.springframework.data.redis.RedisConnectionFailureException: Unable to connect to Redis on 127.0.0.1:6379; nested exception is com.lambdaworks.redis.RedisConnectionException: Unable to connect to /127.0.0.1:6379
Caused by: com.lambdaworks.redis.RedisConnectionException: Unable to connect to /127.0.0.1:6379
Caused by: java.net.ConnectException: Conexão recusada: /127.0.0.1:6379
</error>
  </testcase>
  <testcase name="testLast[30]" classname="org.springframework.data.redis.support.collections.RedisListTests" time="0.003">
    <error message="Unable to connect to Redis on 127.0.0.1:6379; nested exception is com.lambdaworks.redis.RedisConnectionException: Unable to connect to /127.0.0.1:6379" type="org.springframework.data.redis.RedisConnectionFailureException">org.springframework.data.redis.RedisConnectionFailureException: Unable to connect to Redis on 127.0.0.1:6379; nested exception is com.lambdaworks.redis.RedisConnectionException: Unable to connect to /127.0.0.1:6379
Caused by: com.lambdaworks.redis.RedisConnectionException: Unable to connect to /127.0.0.1:6379
Caused by: java.net.ConnectException: Conexão recusada: /127.0.0.1:6379
</error>
  </testcase>
  <testcase name="testLast[30]" classname="org.springframework.data.redis.support.collections.RedisListTests" time="0.003">
    <error message="Unable to connect to Redis on 127.0.0.1:6379; nested exception is com.lambdaworks.redis.RedisConnectionException: Unable to connect to /127.0.0.1:6379" type="org.springframework.data.redis.RedisConnectionFailureException">org.springframework.data.redis.RedisConnectionFailureException: Unable to connect to Redis on 127.0.0.1:6379; nested exception is com.lambdaworks.redis.RedisConnectionException: Unable to connect to /127.0.0.1:6379
Caused by: com.lambdaworks.redis.RedisConnectionException: Unable to connect to /127.0.0.1:6379
Caused by: java.net.ConnectException: Conexão recusada: /127.0.0.1:6379
</error>
  </testcase>
  <testcase name="testPeek[30]" classname="org.springframework.data.redis.support.collections.RedisListTests" time="0.007">
    <error message="Unable to connect to Redis on 127.0.0.1:6379; nested exception is com.lambdaworks.redis.RedisConnectionException: Unable to connect to /127.0.0.1:6379" type="org.springframework.data.redis.RedisConnectionFailureException">org.springframework.data.redis.RedisConnectionFailureException: Unable to connect to Redis on 127.0.0.1:6379; nested exception is com.lambdaworks.redis.RedisConnectionException: Unable to connect to /127.0.0.1:6379
Caused by: com.lambdaworks.redis.RedisConnectionException: Unable to connect to /127.0.0.1:6379
Caused by: java.net.ConnectException: Conexão recusada: /127.0.0.1:6379
</error>
  </testcase>
  <testcase name="testPeek[30]" classname="org.springframework.data.redis.support.collections.RedisListTests" time="0.007">
    <error message="Unable to connect to Redis on 127.0.0.1:6379; nested exception is com.lambdaworks.redis.RedisConnectionException: Unable to connect to /127.0.0.1:6379" type="org.springframework.data.redis.RedisConnectionFailureException">org.springframework.data.redis.RedisConnectionFailureException: Unable to connect to Redis on 127.0.0.1:6379; nested exception is com.lambdaworks.redis.RedisConnectionException: Unable to connect to /127.0.0.1:6379
Caused by: com.lambdaworks.redis.RedisConnectionException: Unable to connect to /127.0.0.1:6379
Caused by: java.net.ConnectException: Conexão recusada: /127.0.0.1:6379
</error>
  </testcase>
  <testcase name="testPoll[30]" classname="org.springframework.data.redis.support.collections.RedisListTests" time="0.001">
    <error message="Unable to connect to Redis on 127.0.0.1:6379; nested exception is com.lambdaworks.redis.RedisConnectionException: Unable to connect to /127.0.0.1:6379" type="org.springframework.data.redis.RedisConnectionFailureException">org.springframework.data.redis.RedisConnectionFailureException: Unable to connect to Redis on 127.0.0.1:6379; nested exception is com.lambdaworks.redis.RedisConnectionException: Unable to connect to /127.0.0.1:6379
Caused by: com.lambdaworks.redis.RedisConnectionException: Unable to connect to /127.0.0.1:6379
Caused by: java.net.ConnectException: Conexão recusada: /127.0.0.1:6379
</error>
  </testcase>
  <testcase name="testPoll[30]" classname="org.springframework.data.redis.support.collections.RedisListTests" time="0.001">
    <error message="Unable to connect to Redis on 127.0.0.1:6379; nested exception is com.lambdaworks.redis.RedisConnectionException: Unable to connect to /127.0.0.1:6379" type="org.springframework.data.redis.RedisConnectionFailureException">org.springframework.data.redis.RedisConnectionFailureException: Unable to connect to Redis on 127.0.0.1:6379; nested exception is com.lambdaworks.redis.RedisConnectionException: Unable to connect to /127.0.0.1:6379
Caused by: com.lambdaworks.redis.RedisConnectionException: Unable to connect to /127.0.0.1:6379
Caused by: java.net.ConnectException: Conexão recusada: /127.0.0.1:6379
</error>
  </testcase>
  <testcase name="testTake[30]" classname="org.springframework.data.redis.support.collections.RedisListTests" time="0.001">
    <error message="Unable to connect to Redis on 127.0.0.1:6379; nested exception is com.lambdaworks.redis.RedisConnectionException: Unable to connect to /127.0.0.1:6379" type="org.springframework.data.redis.RedisConnectionFailureException">org.springframework.data.redis.RedisConnectionFailureException: Unable to connect to Redis on 127.0.0.1:6379; nested exception is com.lambdaworks.redis.RedisConnectionException: Unable to connect to /127.0.0.1:6379
Caused by: com.lambdaworks.redis.RedisConnectionException: Unable to connect to /127.0.0.1:6379
Caused by: java.net.ConnectException: Conexão recusada: /127.0.0.1:6379
</error>
  </testcase>
  <testcase name="testTake[30]" classname="org.springframework.data.redis.support.collections.RedisListTests" time="0.001">
    <error message="Unable to connect to Redis on 127.0.0.1:6379; nested exception is com.lambdaworks.redis.RedisConnectionException: Unable to connect to /127.0.0.1:6379" type="org.springframework.data.redis.RedisConnectionFailureException">org.springframework.data.redis.RedisConnectionFailureException: Unable to connect to Redis on 127.0.0.1:6379; nested exception is com.lambdaworks.redis.RedisConnectionException: Unable to connect to /127.0.0.1:6379
Caused by: com.lambdaworks.redis.RedisConnectionException: Unable to connect to /127.0.0.1:6379
Caused by: java.net.ConnectException: Conexão recusada: /127.0.0.1:6379
</error>
  </testcase>
  <testcase name="testTrim[30]" classname="org.springframework.data.redis.support.collections.RedisListTests" time="0.002">
    <error message="Unable to connect to Redis on 127.0.0.1:6379; nested exception is com.lambdaworks.redis.RedisConnectionException: Unable to connect to /127.0.0.1:6379" type="org.springframework.data.redis.RedisConnectionFailureException">org.springframework.data.redis.RedisConnectionFailureException: Unable to connect to Redis on 127.0.0.1:6379; nested exception is com.lambdaworks.redis.RedisConnectionException: Unable to connect to /127.0.0.1:6379
Caused by: com.lambdaworks.redis.RedisConnectionException: Unable to connect to /127.0.0.1:6379
Caused by: java.net.ConnectException: Conexão recusada: /127.0.0.1:6379
</error>
  </testcase>
  <testcase name="testTrim[30]" classname="org.springframework.data.redis.support.collections.RedisListTests" time="0.002">
    <error message="Unable to connect to Redis on 127.0.0.1:6379; nested exception is com.lambdaworks.redis.RedisConnectionException: Unable to connect to /127.0.0.1:6379" type="org.springframework.data.redis.RedisConnectionFailureException">org.springframework.data.redis.RedisConnectionFailureException: Unable to connect to Redis on 127.0.0.1:6379; nested exception is com.lambdaworks.redis.RedisConnectionException: Unable to connect to /127.0.0.1:6379
Caused by: com.lambdaworks.redis.RedisConnectionException: Unable to connect to /127.0.0.1:6379
Caused by: java.net.ConnectException: Conexão recusada: /127.0.0.1:6379
</error>
  </testcase>
  <testcase name="testDrainToCollection[30]" classname="org.springframework.data.redis.support.collections.RedisListTests" time="0.005">
    <error message="Unable to connect to Redis on 127.0.0.1:6379; nested exception is com.lambdaworks.redis.RedisConnectionException: Unable to connect to /127.0.0.1:6379" type="org.springframework.data.redis.RedisConnectionFailureException">org.springframework.data.redis.RedisConnectionFailureException: Unable to connect to Redis on 127.0.0.1:6379; nested exception is com.lambdaworks.redis.RedisConnectionException: Unable to connect to /127.0.0.1:6379
Caused by: com.lambdaworks.redis.RedisConnectionException: Unable to connect to /127.0.0.1:6379
Caused by: java.net.ConnectException: Conexão recusada: /127.0.0.1:6379
</error>
  </testcase>
  <testcase name="testDrainToCollection[30]" classname="org.springframework.data.redis.support.collections.RedisListTests" time="0.005">
    <error message="Unable to connect to Redis on 127.0.0.1:6379; nested exception is com.lambdaworks.redis.RedisConnectionException: Unable to connect to /127.0.0.1:6379" type="org.springframework.data.redis.RedisConnectionFailureException">org.springframework.data.redis.RedisConnectionFailureException: Unable to connect to Redis on 127.0.0.1:6379; nested exception is com.lambdaworks.redis.RedisConnectionException: Unable to connect to /127.0.0.1:6379
Caused by: com.lambdaworks.redis.RedisConnectionException: Unable to connect to /127.0.0.1:6379
Caused by: java.net.ConnectException: Conexão recusada: /127.0.0.1:6379
</error>
  </testcase>
  <testcase name="testRemoveFirst[30]" classname="org.springframework.data.redis.support.collections.RedisListTests" time="0.002">
    <error message="Unable to connect to Redis on 127.0.0.1:6379; nested exception is com.lambdaworks.redis.RedisConnectionException: Unable to connect to /127.0.0.1:6379" type="org.springframework.data.redis.RedisConnectionFailureException">org.springframework.data.redis.RedisConnectionFailureException: Unable to connect to Redis on 127.0.0.1:6379; nested exception is com.lambdaworks.redis.RedisConnectionException: Unable to connect to /127.0.0.1:6379
Caused by: com.lambdaworks.redis.RedisConnectionException: Unable to connect to /127.0.0.1:6379
Caused by: java.net.ConnectException: Conexão recusada: /127.0.0.1:6379
</error>
  </testcase>
  <testcase name="testRemoveFirst[30]" classname="org.springframework.data.redis.support.collections.RedisListTests" time="0.002">
    <error message="Unable to connect to Redis on 127.0.0.1:6379; nested exception is com.lambdaworks.redis.RedisConnectionException: Unable to connect to /127.0.0.1:6379" type="org.springframework.data.redis.RedisConnectionFailureException">org.springframework.data.redis.RedisConnectionFailureException: Unable to connect to Redis on 127.0.0.1:6379; nested exception is com.lambdaworks.redis.RedisConnectionException: Unable to connect to /127.0.0.1:6379
Caused by: com.lambdaworks.redis.RedisConnectionException: Unable to connect to /127.0.0.1:6379
Caused by: java.net.ConnectException: Conexão recusada: /127.0.0.1:6379
</error>
  </testcase>
  <testcase name="testRemoveIndex[30]" classname="org.springframework.data.redis.support.collections.RedisListTests" time="0.008">
    <error message="Unable to connect to Redis on 127.0.0.1:6379; nested exception is com.lambdaworks.redis.RedisConnectionException: Unable to connect to /127.0.0.1:6379" type="org.springframework.data.redis.RedisConnectionFailureException">org.springframework.data.redis.RedisConnectionFailureException: Unable to connect to Redis on 127.0.0.1:6379; nested exception is com.lambdaworks.redis.RedisConnectionException: Unable to connect to /127.0.0.1:6379
Caused by: com.lambdaworks.redis.RedisConnectionException: Unable to connect to /127.0.0.1:6379
Caused by: java.net.ConnectException: Conexão recusada: /127.0.0.1:6379
</error>
  </testcase>
  <testcase name="testPutLast[30]" classname="org.springframework.data.redis.support.collections.RedisListTests" time="0.006">
    <error message="Unable to connect to Redis on 127.0.0.1:6379; nested exception is com.lambdaworks.redis.RedisConnectionException: Unable to connect to /127.0.0.1:6379" type="org.springframework.data.redis.RedisConnectionFailureException">org.springframework.data.redis.RedisConnectionFailureException: Unable to connect to Redis on 127.0.0.1:6379; nested exception is com.lambdaworks.redis.RedisConnectionException: Unable to connect to /127.0.0.1:6379
Caused by: com.lambdaworks.redis.RedisConnectionException: Unable to connect to /127.0.0.1:6379
Caused by: java.net.ConnectException: Conexão recusada: /127.0.0.1:6379
</error>
  </testcase>
  <testcase name="testPutLast[30]" classname="org.springframework.data.redis.support.collections.RedisListTests" time="0.006">
    <error message="Unable to connect to Redis on 127.0.0.1:6379; nested exception is com.lambdaworks.redis.RedisConnectionException: Unable to connect to /127.0.0.1:6379" type="org.springframework.data.redis.RedisConnectionFailureException">org.springframework.data.redis.RedisConnectionFailureException: Unable to connect to Redis on 127.0.0.1:6379; nested exception is com.lambdaworks.redis.RedisConnectionException: Unable to connect to /127.0.0.1:6379
Caused by: com.lambdaworks.redis.RedisConnectionException: Unable to connect to /127.0.0.1:6379
Caused by: java.net.ConnectException: Conexão recusada: /127.0.0.1:6379
</error>
  </testcase>
  <testcase name="testOfferFirst[30]" classname="org.springframework.data.redis.support.collections.RedisListTests" time="0.005">
    <error message="Unable to connect to Redis on 127.0.0.1:6379; nested exception is com.lambdaworks.redis.RedisConnectionException: Unable to connect to /127.0.0.1:6379" type="org.springframework.data.redis.RedisConnectionFailureException">org.springframework.data.redis.RedisConnectionFailureException: Unable to connect to Redis on 127.0.0.1:6379; nested exception is com.lambdaworks.redis.RedisConnectionException: Unable to connect to /127.0.0.1:6379
Caused by: com.lambdaworks.redis.RedisConnectionException: Unable to connect to /127.0.0.1:6379
Caused by: java.net.ConnectException: Conexão recusada: /127.0.0.1:6379
</error>
  </testcase>
  <testcase name="testOfferFirst[30]" classname="org.springframework.data.redis.support.collections.RedisListTests" time="0.005">
    <error message="Unable to connect to Redis on 127.0.0.1:6379; nested exception is com.lambdaworks.redis.RedisConnectionException: Unable to connect to /127.0.0.1:6379" type="org.springframework.data.redis.RedisConnectionFailureException">org.springframework.data.redis.RedisConnectionFailureException: Unable to connect to Redis on 127.0.0.1:6379; nested exception is com.lambdaworks.redis.RedisConnectionException: Unable to connect to /127.0.0.1:6379
Caused by: com.lambdaworks.redis.RedisConnectionException: Unable to connect to /127.0.0.1:6379
Caused by: java.net.ConnectException: Conexão recusada: /127.0.0.1:6379
</error>
  </testcase>
  <testcase name="testDescendingIterator[30]" classname="org.springframework.data.redis.support.collections.RedisListTests" time="0">
    <error message="Unable to connect to Redis on 127.0.0.1:6379; nested exception is com.lambdaworks.redis.RedisConnectionException: Unable to connect to /127.0.0.1:6379" type="org.springframework.data.redis.RedisConnectionFailureException">org.springframework.data.redis.RedisConnectionFailureException: Unable to connect to Redis on 127.0.0.1:6379; nested exception is com.lambdaworks.redis.RedisConnectionException: Unable to connect to /127.0.0.1:6379
Caused by: com.lambdaworks.redis.RedisConnectionException: Unable to connect to /127.0.0.1:6379
Caused by: java.net.ConnectException: Conexão recusada: /127.0.0.1:6379
</error>
  </testcase>
  <testcase name="testDescendingIterator[30]" classname="org.springframework.data.redis.support.collections.RedisListTests" time="0">
    <error message="Unable to connect to Redis on 127.0.0.1:6379; nested exception is com.lambdaworks.redis.RedisConnectionException: Unable to connect to /127.0.0.1:6379" type="org.springframework.data.redis.RedisConnectionFailureException">org.springframework.data.redis.RedisConnectionFailureException: Unable to connect to Redis on 127.0.0.1:6379; nested exception is com.lambdaworks.redis.RedisConnectionException: Unable to connect to /127.0.0.1:6379
Caused by: com.lambdaworks.redis.RedisConnectionException: Unable to connect to /127.0.0.1:6379
Caused by: java.net.ConnectException: Conexão recusada: /127.0.0.1:6379
</error>
  </testcase>
  <testcase name="testAddFirst[30]" classname="org.springframework.data.redis.support.collections.RedisListTests" time="0.004">
    <error message="Unable to connect to Redis on 127.0.0.1:6379; nested exception is com.lambdaworks.redis.RedisConnectionException: Unable to connect to /127.0.0.1:6379" type="org.springframework.data.redis.RedisConnectionFailureException">org.springframework.data.redis.RedisConnectionFailureException: Unable to connect to Redis on 127.0.0.1:6379; nested exception is com.lambdaworks.redis.RedisConnectionException: Unable to connect to /127.0.0.1:6379
Caused by: com.lambdaworks.redis.RedisConnectionException: Unable to connect to /127.0.0.1:6379
Caused by: java.net.ConnectException: Conexão recusada: /127.0.0.1:6379
</error>
  </testcase>
  <testcase name="testAddFirst[30]" classname="org.springframework.data.redis.support.collections.RedisListTests" time="0.004">
    <error message="Unable to connect to Redis on 127.0.0.1:6379; nested exception is com.lambdaworks.redis.RedisConnectionException: Unable to connect to /127.0.0.1:6379" type="org.springframework.data.redis.RedisConnectionFailureException">org.springframework.data.redis.RedisConnectionFailureException: Unable to connect to Redis on 127.0.0.1:6379; nested exception is com.lambdaworks.redis.RedisConnectionException: Unable to connect to /127.0.0.1:6379
Caused by: com.lambdaworks.redis.RedisConnectionException: Unable to connect to /127.0.0.1:6379
Caused by: java.net.ConnectException: Conexão recusada: /127.0.0.1:6379
</error>
  </testcase>
  <testcase name="testDrainToCollectionWithMaxElements[30]" classname="org.springframework.data.redis.support.collections.RedisListTests" time="0">
    <error message="Unable to connect to Redis on 127.0.0.1:6379; nested exception is com.lambdaworks.redis.RedisConnectionException: Unable to connect to /127.0.0.1:6379" type="org.springframework.data.redis.RedisConnectionFailureException">org.springframework.data.redis.RedisConnectionFailureException: Unable to connect to Redis on 127.0.0.1:6379; nested exception is com.lambdaworks.redis.RedisConnectionException: Unable to connect to /127.0.0.1:6379
Caused by: com.lambdaworks.redis.RedisConnectionException: Unable to connect to /127.0.0.1:6379
Caused by: java.net.ConnectException: Conexão recusada: /127.0.0.1:6379
</error>
  </testcase>
  <testcase name="testDrainToCollectionWithMaxElements[30]" classname="org.springframework.data.redis.support.collections.RedisListTests" time="0">
    <error message="Unable to connect to Redis on 127.0.0.1:6379; nested exception is com.lambdaworks.redis.RedisConnectionException: Unable to connect to /127.0.0.1:6379" type="org.springframework.data.redis.RedisConnectionFailureException">org.springframework.data.redis.RedisConnectionFailureException: Unable to connect to Redis on 127.0.0.1:6379; nested exception is com.lambdaworks.redis.RedisConnectionException: Unable to connect to /127.0.0.1:6379
Caused by: com.lambdaworks.redis.RedisConnectionException: Unable to connect to /127.0.0.1:6379
Caused by: java.net.ConnectException: Conexão recusada: /127.0.0.1:6379
</error>
  </testcase>
  <testcase name="testTakeLast[30]" classname="org.springframework.data.redis.support.collections.RedisListTests" time="0">
    <error message="Unable to connect to Redis on 127.0.0.1:6379; nested exception is com.lambdaworks.redis.RedisConnectionException: Unable to connect to /127.0.0.1:6379" type="org.springframework.data.redis.RedisConnectionFailureException">org.springframework.data.redis.RedisConnectionFailureException: Unable to connect to Redis on 127.0.0.1:6379; nested exception is com.lambdaworks.redis.RedisConnectionException: Unable to connect to /127.0.0.1:6379
Caused by: com.lambdaworks.redis.RedisConnectionException: Unable to connect to /127.0.0.1:6379
Caused by: java.net.ConnectException: Conexão recusada: /127.0.0.1:6379
</error>
  </testcase>
  <testcase name="testTakeLast[30]" classname="org.springframework.data.redis.support.collections.RedisListTests" time="0">
    <error message="Unable to connect to Redis on 127.0.0.1:6379; nested exception is com.lambdaworks.redis.RedisConnectionException: Unable to connect to /127.0.0.1:6379" type="org.springframework.data.redis.RedisConnectionFailureException">org.springframework.data.redis.RedisConnectionFailureException: Unable to connect to Redis on 127.0.0.1:6379; nested exception is com.lambdaworks.redis.RedisConnectionException: Unable to connect to /127.0.0.1:6379
Caused by: com.lambdaworks.redis.RedisConnectionException: Unable to connect to /127.0.0.1:6379
Caused by: java.net.ConnectException: Conexão recusada: /127.0.0.1:6379
</error>
  </testcase>
  <testcase name="testRemainingCapacity[30]" classname="org.springframework.data.redis.support.collections.RedisListTests" time="0.004">
    <error message="Unable to connect to Redis on 127.0.0.1:6379; nested exception is com.lambdaworks.redis.RedisConnectionException: Unable to connect to /127.0.0.1:6379" type="org.springframework.data.redis.RedisConnectionFailureException">org.springframework.data.redis.RedisConnectionFailureException: Unable to connect to Redis on 127.0.0.1:6379; nested exception is com.lambdaworks.redis.RedisConnectionException: Unable to connect to /127.0.0.1:6379
Caused by: com.lambdaworks.redis.RedisConnectionException: Unable to connect to /127.0.0.1:6379
Caused by: java.net.ConnectException: Conexão recusada: /127.0.0.1:6379
</error>
  </testcase>
  <testcase name="testRemoveLast[30]" classname="org.springframework.data.redis.support.collections.RedisListTests" time="0">
    <error message="Unable to connect to Redis on 127.0.0.1:6379; nested exception is com.lambdaworks.redis.RedisConnectionException: Unable to connect to /127.0.0.1:6379" type="org.springframework.data.redis.RedisConnectionFailureException">org.springframework.data.redis.RedisConnectionFailureException: Unable to connect to Redis on 127.0.0.1:6379; nested exception is com.lambdaworks.redis.RedisConnectionException: Unable to connect to /127.0.0.1:6379
Caused by: com.lambdaworks.redis.RedisConnectionException: Unable to connect to /127.0.0.1:6379
Caused by: java.net.ConnectException: Conexão recusada: /127.0.0.1:6379
</error>
  </testcase>
  <testcase name="testRemoveLast[30]" classname="org.springframework.data.redis.support.collections.RedisListTests" time="0">
    <error message="Unable to connect to Redis on 127.0.0.1:6379; nested exception is com.lambdaworks.redis.RedisConnectionException: Unable to connect to /127.0.0.1:6379" type="org.springframework.data.redis.RedisConnectionFailureException">org.springframework.data.redis.RedisConnectionFailureException: Unable to connect to Redis on 127.0.0.1:6379; nested exception is com.lambdaworks.redis.RedisConnectionException: Unable to connect to /127.0.0.1:6379
Caused by: com.lambdaworks.redis.RedisConnectionException: Unable to connect to /127.0.0.1:6379
Caused by: java.net.ConnectException: Conexão recusada: /127.0.0.1:6379
</error>
  </testcase>
  <testcase name="testAddIndexObjectHead[30]" classname="org.springframework.data.redis.support.collections.RedisListTests" time="0.02">
    <error message="Unable to connect to Redis on 127.0.0.1:6379; nested exception is com.lambdaworks.redis.RedisConnectionException: Unable to connect to /127.0.0.1:6379" type="org.springframework.data.redis.RedisConnectionFailureException">org.springframework.data.redis.RedisConnectionFailureException: Unable to connect to Redis on 127.0.0.1:6379; nested exception is com.lambdaworks.redis.RedisConnectionException: Unable to connect to /127.0.0.1:6379
Caused by: com.lambdaworks.redis.RedisConnectionException: Unable to connect to /127.0.0.1:6379
Caused by: java.net.ConnectException: Conexão recusada: /127.0.0.1:6379
</error>
  </testcase>
  <testcase name="testAddIndexObjectHead[30]" classname="org.springframework.data.redis.support.collections.RedisListTests" time="0.02">
    <error message="Unable to connect to Redis on 127.0.0.1:6379; nested exception is com.lambdaworks.redis.RedisConnectionException: Unable to connect to /127.0.0.1:6379" type="org.springframework.data.redis.RedisConnectionFailureException">org.springframework.data.redis.RedisConnectionFailureException: Unable to connect to Redis on 127.0.0.1:6379; nested exception is com.lambdaworks.redis.RedisConnectionException: Unable to connect to /127.0.0.1:6379
Caused by: com.lambdaworks.redis.RedisConnectionException: Unable to connect to /127.0.0.1:6379
Caused by: java.net.ConnectException: Conexão recusada: /127.0.0.1:6379
</error>
  </testcase>
  <testcase name="testAddIndexObjectTail[30]" classname="org.springframework.data.redis.support.collections.RedisListTests" time="0">
    <error message="Unable to connect to Redis on 127.0.0.1:6379; nested exception is com.lambdaworks.redis.RedisConnectionException: Unable to connect to /127.0.0.1:6379" type="org.springframework.data.redis.RedisConnectionFailureException">org.springframework.data.redis.RedisConnectionFailureException: Unable to connect to Redis on 127.0.0.1:6379; nested exception is com.lambdaworks.redis.RedisConnectionException: Unable to connect to /127.0.0.1:6379
Caused by: com.lambdaworks.redis.RedisConnectionException: Unable to connect to /127.0.0.1:6379
Caused by: java.net.ConnectException: Conexão recusada: /127.0.0.1:6379
</error>
  </testcase>
  <testcase name="testAddIndexObjectTail[30]" classname="org.springframework.data.redis.support.collections.RedisListTests" time="0">
    <error message="Unable to connect to Redis on 127.0.0.1:6379; nested exception is com.lambdaworks.redis.RedisConnectionException: Unable to connect to /127.0.0.1:6379" type="org.springframework.data.redis.RedisConnectionFailureException">org.springframework.data.redis.RedisConnectionFailureException: Unable to connect to Redis on 127.0.0.1:6379; nested exception is com.lambdaworks.redis.RedisConnectionException: Unable to connect to /127.0.0.1:6379
Caused by: com.lambdaworks.redis.RedisConnectionException: Unable to connect to /127.0.0.1:6379
Caused by: java.net.ConnectException: Conexão recusada: /127.0.0.1:6379
</error>
  </testcase>
  <testcase name="testPollFirst[30]" classname="org.springframework.data.redis.support.collections.RedisListTests" time="0.008">
    <error message="Unable to connect to Redis on 127.0.0.1:6379; nested exception is com.lambdaworks.redis.RedisConnectionException: Unable to connect to /127.0.0.1:6379" type="org.springframework.data.redis.RedisConnectionFailureException">org.springframework.data.redis.RedisConnectionFailureException: Unable to connect to Redis on 127.0.0.1:6379; nested exception is com.lambdaworks.redis.RedisConnectionException: Unable to connect to /127.0.0.1:6379
Caused by: com.lambdaworks.redis.RedisConnectionException: Unable to connect to /127.0.0.1:6379
Caused by: java.net.ConnectException: Conexão recusada: /127.0.0.1:6379
</error>
  </testcase>
  <testcase name="testPollFirst[30]" classname="org.springframework.data.redis.support.collections.RedisListTests" time="0.008">
    <error message="Unable to connect to Redis on 127.0.0.1:6379; nested exception is com.lambdaworks.redis.RedisConnectionException: Unable to connect to /127.0.0.1:6379" type="org.springframework.data.redis.RedisConnectionFailureException">org.springframework.data.redis.RedisConnectionFailureException: Unable to connect to Redis on 127.0.0.1:6379; nested exception is com.lambdaworks.redis.RedisConnectionException: Unable to connect to /127.0.0.1:6379
Caused by: com.lambdaworks.redis.RedisConnectionException: Unable to connect to /127.0.0.1:6379
Caused by: java.net.ConnectException: Conexão recusada: /127.0.0.1:6379
</error>
  </testcase>
  <testcase name="testAddIndexObjectMiddle[30]" classname="org.springframework.data.redis.support.collections.RedisListTests" time="0">
    <error message="Unexpected exception, expected&lt;java.lang.IllegalArgumentException&gt; but was&lt;org.springframework.data.redis.RedisConnectionFailureException&gt;" type="java.lang.Exception"><![CDATA[java.lang.Exception: Unexpected exception, expected<java.lang.IllegalArgumentException> but was<org.springframework.data.redis.RedisConnectionFailureException>
Caused by: org.springframework.data.redis.RedisConnectionFailureException: Unable to connect to Redis on 127.0.0.1:6379; nested exception is com.lambdaworks.redis.RedisConnectionException: Unable to connect to /127.0.0.1:6379
Caused by: com.lambdaworks.redis.RedisConnectionException: Unable to connect to /127.0.0.1:6379
Caused by: java.net.ConnectException: Conexão recusada: /127.0.0.1:6379
]]></error>
  </testcase>
  <testcase name="testAddIndexObjectMiddle[30]" classname="org.springframework.data.redis.support.collections.RedisListTests" time="0">
    <error message="Unable to connect to Redis on 127.0.0.1:6379; nested exception is com.lambdaworks.redis.RedisConnectionException: Unable to connect to /127.0.0.1:6379" type="org.springframework.data.redis.RedisConnectionFailureException">org.springframework.data.redis.RedisConnectionFailureException: Unable to connect to Redis on 127.0.0.1:6379; nested exception is com.lambdaworks.redis.RedisConnectionException: Unable to connect to /127.0.0.1:6379
Caused by: com.lambdaworks.redis.RedisConnectionException: Unable to connect to /127.0.0.1:6379
Caused by: java.net.ConnectException: Conexão recusada: /127.0.0.1:6379
</error>
  </testcase>
  <testcase name="testPeekLast[30]" classname="org.springframework.data.redis.support.collections.RedisListTests" time="0">
    <error message="Unable to connect to Redis on 127.0.0.1:6379; nested exception is com.lambdaworks.redis.RedisConnectionException: Unable to connect to /127.0.0.1:6379" type="org.springframework.data.redis.RedisConnectionFailureException">org.springframework.data.redis.RedisConnectionFailureException: Unable to connect to Redis on 127.0.0.1:6379; nested exception is com.lambdaworks.redis.RedisConnectionException: Unable to connect to /127.0.0.1:6379
Caused by: com.lambdaworks.redis.RedisConnectionException: Unable to connect to /127.0.0.1:6379
Caused by: java.net.ConnectException: Conexão recusada: /127.0.0.1:6379
</error>
  </testcase>
  <testcase name="testPeekLast[30]" classname="org.springframework.data.redis.support.collections.RedisListTests" time="0">
    <error message="Unable to connect to Redis on 127.0.0.1:6379; nested exception is com.lambdaworks.redis.RedisConnectionException: Unable to connect to /127.0.0.1:6379" type="org.springframework.data.redis.RedisConnectionFailureException">org.springframework.data.redis.RedisConnectionFailureException: Unable to connect to Redis on 127.0.0.1:6379; nested exception is com.lambdaworks.redis.RedisConnectionException: Unable to connect to /127.0.0.1:6379
Caused by: com.lambdaworks.redis.RedisConnectionException: Unable to connect to /127.0.0.1:6379
Caused by: java.net.ConnectException: Conexão recusada: /127.0.0.1:6379
</error>
  </testcase>
  <testcase name="testRemoveFirstOccurrence[30]" classname="org.springframework.data.redis.support.collections.RedisListTests" time="0">
    <error message="Unable to connect to Redis on 127.0.0.1:6379; nested exception is com.lambdaworks.redis.RedisConnectionException: Unable to connect to /127.0.0.1:6379" type="org.springframework.data.redis.RedisConnectionFailureException">org.springframework.data.redis.RedisConnectionFailureException: Unable to connect to Redis on 127.0.0.1:6379; nested exception is com.lambdaworks.redis.RedisConnectionException: Unable to connect to /127.0.0.1:6379
Caused by: com.lambdaworks.redis.RedisConnectionException: Unable to connect to /127.0.0.1:6379
Caused by: java.net.ConnectException: Conexão recusada: /127.0.0.1:6379
</error>
  </testcase>
  <testcase name="testRemoveFirstOccurrence[30]" classname="org.springframework.data.redis.support.collections.RedisListTests" time="0.008">
    <error message="Unable to connect to Redis on 127.0.0.1:6379; nested exception is com.lambdaworks.redis.RedisConnectionException: Unable to connect to /127.0.0.1:6379" type="org.springframework.data.redis.RedisConnectionFailureException">org.springframework.data.redis.RedisConnectionFailureException: Unable to connect to Redis on 127.0.0.1:6379; nested exception is com.lambdaworks.redis.RedisConnectionException: Unable to connect to /127.0.0.1:6379
Caused by: com.lambdaworks.redis.RedisConnectionException: Unable to connect to /127.0.0.1:6379
Caused by: java.net.ConnectException: Conexão recusada: /127.0.0.1:6379
</error>
  </testcase>
  <testcase name="addAllIndexCollectionHead[30]" classname="org.springframework.data.redis.support.collections.RedisListTests" time="0">
    <error message="Unable to connect to Redis on 127.0.0.1:6379; nested exception is com.lambdaworks.redis.RedisConnectionException: Unable to connect to /127.0.0.1:6379" type="org.springframework.data.redis.RedisConnectionFailureException">org.springframework.data.redis.RedisConnectionFailureException: Unable to connect to Redis on 127.0.0.1:6379; nested exception is com.lambdaworks.redis.RedisConnectionException: Unable to connect to /127.0.0.1:6379
Caused by: com.lambdaworks.redis.RedisConnectionException: Unable to connect to /127.0.0.1:6379
Caused by: java.net.ConnectException: Conexão recusada: /127.0.0.1:6379
</error>
  </testcase>
  <testcase name="addAllIndexCollectionHead[30]" classname="org.springframework.data.redis.support.collections.RedisListTests" time="0">
    <error message="Unable to connect to Redis on 127.0.0.1:6379; nested exception is com.lambdaworks.redis.RedisConnectionException: Unable to connect to /127.0.0.1:6379" type="org.springframework.data.redis.RedisConnectionFailureException">org.springframework.data.redis.RedisConnectionFailureException: Unable to connect to Redis on 127.0.0.1:6379; nested exception is com.lambdaworks.redis.RedisConnectionException: Unable to connect to /127.0.0.1:6379
Caused by: com.lambdaworks.redis.RedisConnectionException: Unable to connect to /127.0.0.1:6379
Caused by: java.net.ConnectException: Conexão recusada: /127.0.0.1:6379
</error>
  </testcase>
  <testcase name="addAllIndexCollectionTail[30]" classname="org.springframework.data.redis.support.collections.RedisListTests" time="0">
    <error message="Unable to connect to Redis on 127.0.0.1:6379; nested exception is com.lambdaworks.redis.RedisConnectionException: Unable to connect to /127.0.0.1:6379" type="org.springframework.data.redis.RedisConnectionFailureException">org.springframework.data.redis.RedisConnectionFailureException: Unable to connect to Redis on 127.0.0.1:6379; nested exception is com.lambdaworks.redis.RedisConnectionException: Unable to connect to /127.0.0.1:6379
Caused by: com.lambdaworks.redis.RedisConnectionException: Unable to connect to /127.0.0.1:6379
Caused by: java.net.ConnectException: Conexão recusada: /127.0.0.1:6379
</error>
  </testcase>
  <testcase name="addAllIndexCollectionTail[30]" classname="org.springframework.data.redis.support.collections.RedisListTests" time="0">
    <error message="Unable to connect to Redis on 127.0.0.1:6379; nested exception is com.lambdaworks.redis.RedisConnectionException: Unable to connect to /127.0.0.1:6379" type="org.springframework.data.redis.RedisConnectionFailureException">org.springframework.data.redis.RedisConnectionFailureException: Unable to connect to Redis on 127.0.0.1:6379; nested exception is com.lambdaworks.redis.RedisConnectionException: Unable to connect to /127.0.0.1:6379
Caused by: com.lambdaworks.redis.RedisConnectionException: Unable to connect to /127.0.0.1:6379
Caused by: java.net.ConnectException: Conexão recusada: /127.0.0.1:6379
</error>
  </testcase>
  <testcase name="addAllIndexCollectionMiddle[30]" classname="org.springframework.data.redis.support.collections.RedisListTests" time="0">
    <error message="Unexpected exception, expected&lt;java.lang.IllegalArgumentException&gt; but was&lt;org.springframework.data.redis.RedisConnectionFailureException&gt;" type="java.lang.Exception"><![CDATA[java.lang.Exception: Unexpected exception, expected<java.lang.IllegalArgumentException> but was<org.springframework.data.redis.RedisConnectionFailureException>
Caused by: org.springframework.data.redis.RedisConnectionFailureException: Unable to connect to Redis on 127.0.0.1:6379; nested exception is com.lambdaworks.redis.RedisConnectionException: Unable to connect to /127.0.0.1:6379
Caused by: com.lambdaworks.redis.RedisConnectionException: Unable to connect to /127.0.0.1:6379
Caused by: java.net.ConnectException: Conexão recusada: /127.0.0.1:6379
]]></error>
  </testcase>
  <testcase name="addAllIndexCollectionMiddle[30]" classname="org.springframework.data.redis.support.collections.RedisListTests" time="0">
    <error message="Unable to connect to Redis on 127.0.0.1:6379; nested exception is com.lambdaworks.redis.RedisConnectionException: Unable to connect to /127.0.0.1:6379" type="org.springframework.data.redis.RedisConnectionFailureException">org.springframework.data.redis.RedisConnectionFailureException: Unable to connect to Redis on 127.0.0.1:6379; nested exception is com.lambdaworks.redis.RedisConnectionException: Unable to connect to /127.0.0.1:6379
Caused by: com.lambdaworks.redis.RedisConnectionException: Unable to connect to /127.0.0.1:6379
Caused by: java.net.ConnectException: Conexão recusada: /127.0.0.1:6379
</error>
  </testcase>
  <testcase name="testPollLast[30]" classname="org.springframework.data.redis.support.collections.RedisListTests" time="0.001">
    <error message="Unable to connect to Redis on 127.0.0.1:6379; nested exception is com.lambdaworks.redis.RedisConnectionException: Unable to connect to /127.0.0.1:6379" type="org.springframework.data.redis.RedisConnectionFailureException">org.springframework.data.redis.RedisConnectionFailureException: Unable to connect to Redis on 127.0.0.1:6379; nested exception is com.lambdaworks.redis.RedisConnectionException: Unable to connect to /127.0.0.1:6379
Caused by: com.lambdaworks.redis.RedisConnectionException: Unable to connect to /127.0.0.1:6379
Caused by: java.net.ConnectException: Conexão recusada: /127.0.0.1:6379
</error>
  </testcase>
  <testcase name="testPollLast[30]" classname="org.springframework.data.redis.support.collections.RedisListTests" time="0.004">
    <error message="Unable to connect to Redis on 127.0.0.1:6379; nested exception is com.lambdaworks.redis.RedisConnectionException: Unable to connect to /127.0.0.1:6379" type="org.springframework.data.redis.RedisConnectionFailureException">org.springframework.data.redis.RedisConnectionFailureException: Unable to connect to Redis on 127.0.0.1:6379; nested exception is com.lambdaworks.redis.RedisConnectionException: Unable to connect to /127.0.0.1:6379
Caused by: com.lambdaworks.redis.RedisConnectionException: Unable to connect to /127.0.0.1:6379
Caused by: java.net.ConnectException: Conexão recusada: /127.0.0.1:6379
</error>
  </testcase>
  <testcase name="testIndexOfObject[30]" classname="org.springframework.data.redis.support.collections.RedisListTests" time="0">
    <error message="Unable to connect to Redis on 127.0.0.1:6379; nested exception is com.lambdaworks.redis.RedisConnectionException: Unable to connect to /127.0.0.1:6379" type="org.springframework.data.redis.RedisConnectionFailureException">org.springframework.data.redis.RedisConnectionFailureException: Unable to connect to Redis on 127.0.0.1:6379; nested exception is com.lambdaworks.redis.RedisConnectionException: Unable to connect to /127.0.0.1:6379
Caused by: com.lambdaworks.redis.RedisConnectionException: Unable to connect to /127.0.0.1:6379
Caused by: java.net.ConnectException: Conexão recusada: /127.0.0.1:6379
</error>
  </testcase>
  <testcase name="testPollTimeout[30]" classname="org.springframework.data.redis.support.collections.RedisListTests" time="0">
    <error message="Unable to connect to Redis on 127.0.0.1:6379; nested exception is com.lambdaworks.redis.RedisConnectionException: Unable to connect to /127.0.0.1:6379" type="org.springframework.data.redis.RedisConnectionFailureException">org.springframework.data.redis.RedisConnectionFailureException: Unable to connect to Redis on 127.0.0.1:6379; nested exception is com.lambdaworks.redis.RedisConnectionException: Unable to connect to /127.0.0.1:6379
Caused by: com.lambdaworks.redis.RedisConnectionException: Unable to connect to /127.0.0.1:6379
Caused by: java.net.ConnectException: Conexão recusada: /127.0.0.1:6379
</error>
  </testcase>
  <testcase name="testPollTimeout[30]" classname="org.springframework.data.redis.support.collections.RedisListTests" time="0">
    <error message="Unable to connect to Redis on 127.0.0.1:6379; nested exception is com.lambdaworks.redis.RedisConnectionException: Unable to connect to /127.0.0.1:6379" type="org.springframework.data.redis.RedisConnectionFailureException">org.springframework.data.redis.RedisConnectionFailureException: Unable to connect to Redis on 127.0.0.1:6379; nested exception is com.lambdaworks.redis.RedisConnectionException: Unable to connect to /127.0.0.1:6379
Caused by: com.lambdaworks.redis.RedisConnectionException: Unable to connect to /127.0.0.1:6379
Caused by: java.net.ConnectException: Conexão recusada: /127.0.0.1:6379
</error>
  </testcase>
  <testcase name="testRemove[30]" classname="org.springframework.data.redis.support.collections.RedisListTests" time="0">
    <error message="Unable to connect to Redis on 127.0.0.1:6379; nested exception is com.lambdaworks.redis.RedisConnectionException: Unable to connect to /127.0.0.1:6379" type="org.springframework.data.redis.RedisConnectionFailureException">org.springframework.data.redis.RedisConnectionFailureException: Unable to connect to Redis on 127.0.0.1:6379; nested exception is com.lambdaworks.redis.RedisConnectionException: Unable to connect to /127.0.0.1:6379
Caused by: com.lambdaworks.redis.RedisConnectionException: Unable to connect to /127.0.0.1:6379
Caused by: java.net.ConnectException: Conexão recusada: /127.0.0.1:6379
</error>
  </testcase>
  <testcase name="testRemove[30]" classname="org.springframework.data.redis.support.collections.RedisListTests" time="0.004">
    <error message="Unable to connect to Redis on 127.0.0.1:6379; nested exception is com.lambdaworks.redis.RedisConnectionException: Unable to connect to /127.0.0.1:6379" type="org.springframework.data.redis.RedisConnectionFailureException">org.springframework.data.redis.RedisConnectionFailureException: Unable to connect to Redis on 127.0.0.1:6379; nested exception is com.lambdaworks.redis.RedisConnectionException: Unable to connect to /127.0.0.1:6379
Caused by: com.lambdaworks.redis.RedisConnectionException: Unable to connect to /127.0.0.1:6379
Caused by: java.net.ConnectException: Conexão recusada: /127.0.0.1:6379
</error>
  </testcase>
  <testcase name="testCappedCollection[30]" classname="org.springframework.data.redis.support.collections.RedisListTests" time="0">
    <error message="Unable to connect to Redis on 127.0.0.1:6379; nested exception is com.lambdaworks.redis.RedisConnectionException: Unable to connect to /127.0.0.1:6379" type="org.springframework.data.redis.RedisConnectionFailureException">org.springframework.data.redis.RedisConnectionFailureException: Unable to connect to Redis on 127.0.0.1:6379; nested exception is com.lambdaworks.redis.RedisConnectionException: Unable to connect to /127.0.0.1:6379
Caused by: com.lambdaworks.redis.RedisConnectionException: Unable to connect to /127.0.0.1:6379
Caused by: java.net.ConnectException: Conexão recusada: /127.0.0.1:6379
</error>
  </testcase>
  <testcase name="testCappedCollection[30]" classname="org.springframework.data.redis.support.collections.RedisListTests" time="0">
    <error message="Unable to connect to Redis on 127.0.0.1:6379; nested exception is com.lambdaworks.redis.RedisConnectionException: Unable to connect to /127.0.0.1:6379" type="org.springframework.data.redis.RedisConnectionFailureException">org.springframework.data.redis.RedisConnectionFailureException: Unable to connect to Redis on 127.0.0.1:6379; nested exception is com.lambdaworks.redis.RedisConnectionException: Unable to connect to /127.0.0.1:6379
Caused by: com.lambdaworks.redis.RedisConnectionException: Unable to connect to /127.0.0.1:6379
Caused by: java.net.ConnectException: Conexão recusada: /127.0.0.1:6379
</error>
  </testcase>
  <testcase name="testRmoveLastOccurrence[30]" classname="org.springframework.data.redis.support.collections.RedisListTests" time="0">
    <error message="Unable to connect to Redis on 127.0.0.1:6379; nested exception is com.lambdaworks.redis.RedisConnectionException: Unable to connect to /127.0.0.1:6379" type="org.springframework.data.redis.RedisConnectionFailureException">org.springframework.data.redis.RedisConnectionFailureException: Unable to connect to Redis on 127.0.0.1:6379; nested exception is com.lambdaworks.redis.RedisConnectionException: Unable to connect to /127.0.0.1:6379
Caused by: com.lambdaworks.redis.RedisConnectionException: Unable to connect to /127.0.0.1:6379
Caused by: java.net.ConnectException: Conexão recusada: /127.0.0.1:6379
</error>
  </testcase>
  <testcase name="testRmoveLastOccurrence[30]" classname="org.springframework.data.redis.support.collections.RedisListTests" time="0">
    <error message="Unable to connect to Redis on 127.0.0.1:6379; nested exception is com.lambdaworks.redis.RedisConnectionException: Unable to connect to /127.0.0.1:6379" type="org.springframework.data.redis.RedisConnectionFailureException">org.springframework.data.redis.RedisConnectionFailureException: Unable to connect to Redis on 127.0.0.1:6379; nested exception is com.lambdaworks.redis.RedisConnectionException: Unable to connect to /127.0.0.1:6379
Caused by: com.lambdaworks.redis.RedisConnectionException: Unable to connect to /127.0.0.1:6379
Caused by: java.net.ConnectException: Conexão recusada: /127.0.0.1:6379
</error>
  </testcase>
  <testcase name="testTakeFirst[30]" classname="org.springframework.data.redis.support.collections.RedisListTests" time="0.002">
    <error message="Unable to connect to Redis on 127.0.0.1:6379; nested exception is com.lambdaworks.redis.RedisConnectionException: Unable to connect to /127.0.0.1:6379" type="org.springframework.data.redis.RedisConnectionFailureException">org.springframework.data.redis.RedisConnectionFailureException: Unable to connect to Redis on 127.0.0.1:6379; nested exception is com.lambdaworks.redis.RedisConnectionException: Unable to connect to /127.0.0.1:6379
Caused by: com.lambdaworks.redis.RedisConnectionException: Unable to connect to /127.0.0.1:6379
Caused by: java.net.ConnectException: Conexão recusada: /127.0.0.1:6379
</error>
  </testcase>
  <testcase name="testTakeFirst[30]" classname="org.springframework.data.redis.support.collections.RedisListTests" time="0.002">
    <error message="Unable to connect to Redis on 127.0.0.1:6379; nested exception is com.lambdaworks.redis.RedisConnectionException: Unable to connect to /127.0.0.1:6379" type="org.springframework.data.redis.RedisConnectionFailureException">org.springframework.data.redis.RedisConnectionFailureException: Unable to connect to Redis on 127.0.0.1:6379; nested exception is com.lambdaworks.redis.RedisConnectionException: Unable to connect to /127.0.0.1:6379
Caused by: com.lambdaworks.redis.RedisConnectionException: Unable to connect to /127.0.0.1:6379
Caused by: java.net.ConnectException: Conexão recusada: /127.0.0.1:6379
</error>
  </testcase>
  <testcase name="testContainsObject[30]" classname="org.springframework.data.redis.support.collections.RedisListTests" time="0.002">
    <error message="Unable to connect to Redis on 127.0.0.1:6379; nested exception is com.lambdaworks.redis.RedisConnectionException: Unable to connect to /127.0.0.1:6379" type="org.springframework.data.redis.RedisConnectionFailureException">org.springframework.data.redis.RedisConnectionFailureException: Unable to connect to Redis on 127.0.0.1:6379; nested exception is com.lambdaworks.redis.RedisConnectionException: Unable to connect to /127.0.0.1:6379
Caused by: com.lambdaworks.redis.RedisConnectionException: Unable to connect to /127.0.0.1:6379
Caused by: java.net.ConnectException: Conexão recusada: /127.0.0.1:6379
</error>
  </testcase>
  <testcase name="testContainsObject[30]" classname="org.springframework.data.redis.support.collections.RedisListTests" time="0.002">
    <error message="Unable to connect to Redis on 127.0.0.1:6379; nested exception is com.lambdaworks.redis.RedisConnectionException: Unable to connect to /127.0.0.1:6379" type="org.springframework.data.redis.RedisConnectionFailureException">org.springframework.data.redis.RedisConnectionFailureException: Unable to connect to Redis on 127.0.0.1:6379; nested exception is com.lambdaworks.redis.RedisConnectionException: Unable to connect to /127.0.0.1:6379
Caused by: com.lambdaworks.redis.RedisConnectionException: Unable to connect to /127.0.0.1:6379
Caused by: java.net.ConnectException: Conexão recusada: /127.0.0.1:6379
</error>
  </testcase>
  <testcase name="testToArray[30]" classname="org.springframework.data.redis.support.collections.RedisListTests" time="0">
    <error message="Unable to connect to Redis on 127.0.0.1:6379; nested exception is com.lambdaworks.redis.RedisConnectionException: Unable to connect to /127.0.0.1:6379" type="org.springframework.data.redis.RedisConnectionFailureException">org.springframework.data.redis.RedisConnectionFailureException: Unable to connect to Redis on 127.0.0.1:6379; nested exception is com.lambdaworks.redis.RedisConnectionException: Unable to connect to /127.0.0.1:6379
Caused by: com.lambdaworks.redis.RedisConnectionException: Unable to connect to /127.0.0.1:6379
Caused by: java.net.ConnectException: Conexão recusada: /127.0.0.1:6379
</error>
  </testcase>
  <testcase name="testToArray[30]" classname="org.springframework.data.redis.support.collections.RedisListTests" time="0">
    <error message="Unable to connect to Redis on 127.0.0.1:6379; nested exception is com.lambdaworks.redis.RedisConnectionException: Unable to connect to /127.0.0.1:6379" type="org.springframework.data.redis.RedisConnectionFailureException">org.springframework.data.redis.RedisConnectionFailureException: Unable to connect to Redis on 127.0.0.1:6379; nested exception is com.lambdaworks.redis.RedisConnectionException: Unable to connect to /127.0.0.1:6379
Caused by: com.lambdaworks.redis.RedisConnectionException: Unable to connect to /127.0.0.1:6379
Caused by: java.net.ConnectException: Conexão recusada: /127.0.0.1:6379
</error>
  </testcase>
  <testcase name="testAdd[30]" classname="org.springframework.data.redis.support.collections.RedisListTests" time="0.004">
    <error message="Unable to connect to Redis on 127.0.0.1:6379; nested exception is com.lambdaworks.redis.RedisConnectionException: Unable to connect to /127.0.0.1:6379" type="org.springframework.data.redis.RedisConnectionFailureException">org.springframework.data.redis.RedisConnectionFailureException: Unable to connect to Redis on 127.0.0.1:6379; nested exception is com.lambdaworks.redis.RedisConnectionException: Unable to connect to /127.0.0.1:6379
Caused by: com.lambdaworks.redis.RedisConnectionException: Unable to connect to /127.0.0.1:6379
Caused by: java.net.ConnectException: Conexão recusada: /127.0.0.1:6379
</error>
  </testcase>
  <testcase name="testAdd[30]" classname="org.springframework.data.redis.support.collections.RedisListTests" time="0.004">
    <error message="Unable to connect to Redis on 127.0.0.1:6379; nested exception is com.lambdaworks.redis.RedisConnectionException: Unable to connect to /127.0.0.1:6379" type="org.springframework.data.redis.RedisConnectionFailureException">org.springframework.data.redis.RedisConnectionFailureException: Unable to connect to Redis on 127.0.0.1:6379; nested exception is com.lambdaworks.redis.RedisConnectionException: Unable to connect to /127.0.0.1:6379
Caused by: com.lambdaworks.redis.RedisConnectionException: Unable to connect to /127.0.0.1:6379
Caused by: java.net.ConnectException: Conexão recusada: /127.0.0.1:6379
</error>
  </testcase>
  <testcase name="testClear[30]" classname="org.springframework.data.redis.support.collections.RedisListTests" time="0.004">
    <error message="Unable to connect to Redis on 127.0.0.1:6379; nested exception is com.lambdaworks.redis.RedisConnectionException: Unable to connect to /127.0.0.1:6379" type="org.springframework.data.redis.RedisConnectionFailureException">org.springframework.data.redis.RedisConnectionFailureException: Unable to connect to Redis on 127.0.0.1:6379; nested exception is com.lambdaworks.redis.RedisConnectionException: Unable to connect to /127.0.0.1:6379
Caused by: com.lambdaworks.redis.RedisConnectionException: Unable to connect to /127.0.0.1:6379
Caused by: java.net.ConnectException: Conexão recusada: /127.0.0.1:6379
</error>
  </testcase>
  <testcase name="testClear[30]" classname="org.springframework.data.redis.support.collections.RedisListTests" time="0.004">
    <error message="Unable to connect to Redis on 127.0.0.1:6379; nested exception is com.lambdaworks.redis.RedisConnectionException: Unable to connect to /127.0.0.1:6379" type="org.springframework.data.redis.RedisConnectionFailureException">org.springframework.data.redis.RedisConnectionFailureException: Unable to connect to Redis on 127.0.0.1:6379; nested exception is com.lambdaworks.redis.RedisConnectionException: Unable to connect to /127.0.0.1:6379
Caused by: com.lambdaworks.redis.RedisConnectionException: Unable to connect to /127.0.0.1:6379
Caused by: java.net.ConnectException: Conexão recusada: /127.0.0.1:6379
</error>
  </testcase>
  <testcase name="testSize[30]" classname="org.springframework.data.redis.support.collections.RedisListTests" time="0">
    <error message="Unable to connect to Redis on 127.0.0.1:6379; nested exception is com.lambdaworks.redis.RedisConnectionException: Unable to connect to /127.0.0.1:6379" type="org.springframework.data.redis.RedisConnectionFailureException">org.springframework.data.redis.RedisConnectionFailureException: Unable to connect to Redis on 127.0.0.1:6379; nested exception is com.lambdaworks.redis.RedisConnectionException: Unable to connect to /127.0.0.1:6379
Caused by: com.lambdaworks.redis.RedisConnectionException: Unable to connect to /127.0.0.1:6379
Caused by: java.net.ConnectException: Conexão recusada: /127.0.0.1:6379
</error>
  </testcase>
  <testcase name="testSize[30]" classname="org.springframework.data.redis.support.collections.RedisListTests" time="0">
    <error message="Unable to connect to Redis on 127.0.0.1:6379; nested exception is com.lambdaworks.redis.RedisConnectionException: Unable to connect to /127.0.0.1:6379" type="org.springframework.data.redis.RedisConnectionFailureException">org.springframework.data.redis.RedisConnectionFailureException: Unable to connect to Redis on 127.0.0.1:6379; nested exception is com.lambdaworks.redis.RedisConnectionException: Unable to connect to /127.0.0.1:6379
Caused by: com.lambdaworks.redis.RedisConnectionException: Unable to connect to /127.0.0.1:6379
Caused by: java.net.ConnectException: Conexão recusada: /127.0.0.1:6379
</error>
  </testcase>
  <testcase name="testToString[30]" classname="org.springframework.data.redis.support.collections.RedisListTests" time="0">
    <error message="Unable to connect to Redis on 127.0.0.1:6379; nested exception is com.lambdaworks.redis.RedisConnectionException: Unable to connect to /127.0.0.1:6379" type="org.springframework.data.redis.RedisConnectionFailureException">org.springframework.data.redis.RedisConnectionFailureException: Unable to connect to Redis on 127.0.0.1:6379; nested exception is com.lambdaworks.redis.RedisConnectionException: Unable to connect to /127.0.0.1:6379
Caused by: com.lambdaworks.redis.RedisConnectionException: Unable to connect to /127.0.0.1:6379
Caused by: java.net.ConnectException: Conexão recusada: /127.0.0.1:6379
</error>
  </testcase>
  <testcase name="testToString[30]" classname="org.springframework.data.redis.support.collections.RedisListTests" time="0">
    <error message="Unable to connect to Redis on 127.0.0.1:6379; nested exception is com.lambdaworks.redis.RedisConnectionException: Unable to connect to /127.0.0.1:6379" type="org.springframework.data.redis.RedisConnectionFailureException">org.springframework.data.redis.RedisConnectionFailureException: Unable to connect to Redis on 127.0.0.1:6379; nested exception is com.lambdaworks.redis.RedisConnectionException: Unable to connect to /127.0.0.1:6379
Caused by: com.lambdaworks.redis.RedisConnectionException: Unable to connect to /127.0.0.1:6379
Caused by: java.net.ConnectException: Conexão recusada: /127.0.0.1:6379
</error>
  </testcase>
  <testcase name="testContainsAll[30]" classname="org.springframework.data.redis.support.collections.RedisListTests" time="0.004">
    <error message="Unable to connect to Redis on 127.0.0.1:6379; nested exception is com.lambdaworks.redis.RedisConnectionException: Unable to connect to /127.0.0.1:6379" type="org.springframework.data.redis.RedisConnectionFailureException">org.springframework.data.redis.RedisConnectionFailureException: Unable to connect to Redis on 127.0.0.1:6379; nested exception is com.lambdaworks.redis.RedisConnectionException: Unable to connect to /127.0.0.1:6379
Caused by: com.lambdaworks.redis.RedisConnectionException: Unable to connect to /127.0.0.1:6379
Caused by: java.net.ConnectException: Conexão recusada: /127.0.0.1:6379
</error>
  </testcase>
  <testcase name="testContainsAll[30]" classname="org.springframework.data.redis.support.collections.RedisListTests" time="0.004">
    <error message="Unable to connect to Redis on 127.0.0.1:6379; nested exception is com.lambdaworks.redis.RedisConnectionException: Unable to connect to /127.0.0.1:6379" type="org.springframework.data.redis.RedisConnectionFailureException">org.springframework.data.redis.RedisConnectionFailureException: Unable to connect to Redis on 127.0.0.1:6379; nested exception is com.lambdaworks.redis.RedisConnectionException: Unable to connect to /127.0.0.1:6379
Caused by: com.lambdaworks.redis.RedisConnectionException: Unable to connect to /127.0.0.1:6379
Caused by: java.net.ConnectException: Conexão recusada: /127.0.0.1:6379
</error>
  </testcase>
  <testcase name="testRemoveObject[30]" classname="org.springframework.data.redis.support.collections.RedisListTests" time="0">
    <error message="Unable to connect to Redis on 127.0.0.1:6379; nested exception is com.lambdaworks.redis.RedisConnectionException: Unable to connect to /127.0.0.1:6379" type="org.springframework.data.redis.RedisConnectionFailureException">org.springframework.data.redis.RedisConnectionFailureException: Unable to connect to Redis on 127.0.0.1:6379; nested exception is com.lambdaworks.redis.RedisConnectionException: Unable to connect to /127.0.0.1:6379
Caused by: com.lambdaworks.redis.RedisConnectionException: Unable to connect to /127.0.0.1:6379
Caused by: java.net.ConnectException: Conexão recusada: /127.0.0.1:6379
</error>
  </testcase>
  <testcase name="testRemoveObject[30]" classname="org.springframework.data.redis.support.collections.RedisListTests" time="0">
    <error message="Unable to connect to Redis on 127.0.0.1:6379; nested exception is com.lambdaworks.redis.RedisConnectionException: Unable to connect to /127.0.0.1:6379" type="org.springframework.data.redis.RedisConnectionFailureException">org.springframework.data.redis.RedisConnectionFailureException: Unable to connect to Redis on 127.0.0.1:6379; nested exception is com.lambdaworks.redis.RedisConnectionException: Unable to connect to /127.0.0.1:6379
Caused by: com.lambdaworks.redis.RedisConnectionException: Unable to connect to /127.0.0.1:6379
Caused by: java.net.ConnectException: Conexão recusada: /127.0.0.1:6379
</error>
  </testcase>
  <testcase name="testHashCode[30]" classname="org.springframework.data.redis.support.collections.RedisListTests" time="0">
    <error message="Unable to connect to Redis on 127.0.0.1:6379; nested exception is com.lambdaworks.redis.RedisConnectionException: Unable to connect to /127.0.0.1:6379" type="org.springframework.data.redis.RedisConnectionFailureException">org.springframework.data.redis.RedisConnectionFailureException: Unable to connect to Redis on 127.0.0.1:6379; nested exception is com.lambdaworks.redis.RedisConnectionException: Unable to connect to /127.0.0.1:6379
Caused by: com.lambdaworks.redis.RedisConnectionException: Unable to connect to /127.0.0.1:6379
Caused by: java.net.ConnectException: Conexão recusada: /127.0.0.1:6379
</error>
  </testcase>
  <testcase name="testAddAll[30]" classname="org.springframework.data.redis.support.collections.RedisListTests" time="0">
    <error message="Unable to connect to Redis on 127.0.0.1:6379; nested exception is com.lambdaworks.redis.RedisConnectionException: Unable to connect to /127.0.0.1:6379" type="org.springframework.data.redis.RedisConnectionFailureException">org.springframework.data.redis.RedisConnectionFailureException: Unable to connect to Redis on 127.0.0.1:6379; nested exception is com.lambdaworks.redis.RedisConnectionException: Unable to connect to /127.0.0.1:6379
Caused by: com.lambdaworks.redis.RedisConnectionException: Unable to connect to /127.0.0.1:6379
Caused by: java.net.ConnectException: Conexão recusada: /127.0.0.1:6379
</error>
  </testcase>
  <testcase name="testAddAll[30]" classname="org.springframework.data.redis.support.collections.RedisListTests" time="0">
    <error message="Unable to connect to Redis on 127.0.0.1:6379; nested exception is com.lambdaworks.redis.RedisConnectionException: Unable to connect to /127.0.0.1:6379" type="org.springframework.data.redis.RedisConnectionFailureException">org.springframework.data.redis.RedisConnectionFailureException: Unable to connect to Redis on 127.0.0.1:6379; nested exception is com.lambdaworks.redis.RedisConnectionException: Unable to connect to /127.0.0.1:6379
Caused by: com.lambdaworks.redis.RedisConnectionException: Unable to connect to /127.0.0.1:6379
Caused by: java.net.ConnectException: Conexão recusada: /127.0.0.1:6379
</error>
  </testcase>
  <testcase name="removeAll[30]" classname="org.springframework.data.redis.support.collections.RedisListTests" time="0.004">
    <error message="Unable to connect to Redis on 127.0.0.1:6379; nested exception is com.lambdaworks.redis.RedisConnectionException: Unable to connect to /127.0.0.1:6379" type="org.springframework.data.redis.RedisConnectionFailureException">org.springframework.data.redis.RedisConnectionFailureException: Unable to connect to Redis on 127.0.0.1:6379; nested exception is com.lambdaworks.redis.RedisConnectionException: Unable to connect to /127.0.0.1:6379
Caused by: com.lambdaworks.redis.RedisConnectionException: Unable to connect to /127.0.0.1:6379
Caused by: java.net.ConnectException: Conexão recusada: /127.0.0.1:6379
</error>
  </testcase>
  <testcase name="removeAll[30]" classname="org.springframework.data.redis.support.collections.RedisListTests" time="0.004">
    <error message="Unable to connect to Redis on 127.0.0.1:6379; nested exception is com.lambdaworks.redis.RedisConnectionException: Unable to connect to /127.0.0.1:6379" type="org.springframework.data.redis.RedisConnectionFailureException">org.springframework.data.redis.RedisConnectionFailureException: Unable to connect to Redis on 127.0.0.1:6379; nested exception is com.lambdaworks.redis.RedisConnectionException: Unable to connect to /127.0.0.1:6379
Caused by: com.lambdaworks.redis.RedisConnectionException: Unable to connect to /127.0.0.1:6379
Caused by: java.net.ConnectException: Conexão recusada: /127.0.0.1:6379
</error>
  </testcase>
  <testcase name="testEquals[30]" classname="org.springframework.data.redis.support.collections.RedisListTests" time="0.004">
    <error message="Unable to connect to Redis on 127.0.0.1:6379; nested exception is com.lambdaworks.redis.RedisConnectionException: Unable to connect to /127.0.0.1:6379" type="org.springframework.data.redis.RedisConnectionFailureException">org.springframework.data.redis.RedisConnectionFailureException: Unable to connect to Redis on 127.0.0.1:6379; nested exception is com.lambdaworks.redis.RedisConnectionException: Unable to connect to /127.0.0.1:6379
Caused by: com.lambdaworks.redis.RedisConnectionException: Unable to connect to /127.0.0.1:6379
Caused by: java.net.ConnectException: Conexão recusada: /127.0.0.1:6379
</error>
  </testcase>
  <testcase name="testGetKey[30]" classname="org.springframework.data.redis.support.collections.RedisListTests" time="0">
    <error message="Unable to connect to Redis on 127.0.0.1:6379; nested exception is com.lambdaworks.redis.RedisConnectionException: Unable to connect to /127.0.0.1:6379" type="org.springframework.data.redis.RedisConnectionFailureException">org.springframework.data.redis.RedisConnectionFailureException: Unable to connect to Redis on 127.0.0.1:6379; nested exception is com.lambdaworks.redis.RedisConnectionException: Unable to connect to /127.0.0.1:6379
Caused by: com.lambdaworks.redis.RedisConnectionException: Unable to connect to /127.0.0.1:6379
Caused by: java.net.ConnectException: Conexão recusada: /127.0.0.1:6379
</error>
  </testcase>
  <testcase name="testToArrayWithGenerics[30]" classname="org.springframework.data.redis.support.collections.RedisListTests" time="0">
    <error message="Unable to connect to Redis on 127.0.0.1:6379; nested exception is com.lambdaworks.redis.RedisConnectionException: Unable to connect to /127.0.0.1:6379" type="org.springframework.data.redis.RedisConnectionFailureException">org.springframework.data.redis.RedisConnectionFailureException: Unable to connect to Redis on 127.0.0.1:6379; nested exception is com.lambdaworks.redis.RedisConnectionException: Unable to connect to /127.0.0.1:6379
Caused by: com.lambdaworks.redis.RedisConnectionException: Unable to connect to /127.0.0.1:6379
Caused by: java.net.ConnectException: Conexão recusada: /127.0.0.1:6379
</error>
  </testcase>
  <testcase name="testToArrayWithGenerics[30]" classname="org.springframework.data.redis.support.collections.RedisListTests" time="0">
    <error message="Unable to connect to Redis on 127.0.0.1:6379; nested exception is com.lambdaworks.redis.RedisConnectionException: Unable to connect to /127.0.0.1:6379" type="org.springframework.data.redis.RedisConnectionFailureException">org.springframework.data.redis.RedisConnectionFailureException: Unable to connect to Redis on 127.0.0.1:6379; nested exception is com.lambdaworks.redis.RedisConnectionException: Unable to connect to /127.0.0.1:6379
Caused by: com.lambdaworks.redis.RedisConnectionException: Unable to connect to /127.0.0.1:6379
Caused by: java.net.ConnectException: Conexão recusada: /127.0.0.1:6379
</error>
  </testcase>
  <testcase name="testIsEmpty[30]" classname="org.springframework.data.redis.support.collections.RedisListTests" time="0.008">
    <error message="Unable to connect to Redis on 127.0.0.1:6379; nested exception is com.lambdaworks.redis.RedisConnectionException: Unable to connect to /127.0.0.1:6379" type="org.springframework.data.redis.RedisConnectionFailureException">org.springframework.data.redis.RedisConnectionFailureException: Unable to connect to Redis on 127.0.0.1:6379; nested exception is com.lambdaworks.redis.RedisConnectionException: Unable to connect to /127.0.0.1:6379
Caused by: com.lambdaworks.redis.RedisConnectionException: Unable to connect to /127.0.0.1:6379
Caused by: java.net.ConnectException: Conexão recusada: /127.0.0.1:6379
</error>
  </testcase>
  <testcase name="testIsEmpty[30]" classname="org.springframework.data.redis.support.collections.RedisListTests" time="0.008">
    <error message="Unable to connect to Redis on 127.0.0.1:6379; nested exception is com.lambdaworks.redis.RedisConnectionException: Unable to connect to /127.0.0.1:6379" type="org.springframework.data.redis.RedisConnectionFailureException">org.springframework.data.redis.RedisConnectionFailureException: Unable to connect to Redis on 127.0.0.1:6379; nested exception is com.lambdaworks.redis.RedisConnectionException: Unable to connect to /127.0.0.1:6379
Caused by: com.lambdaworks.redis.RedisConnectionException: Unable to connect to /127.0.0.1:6379
Caused by: java.net.ConnectException: Conexão recusada: /127.0.0.1:6379
</error>
  </testcase>
  <testcase name="testIterator[30]" classname="org.springframework.data.redis.support.collections.RedisListTests" time="0">
    <error message="Unable to connect to Redis on 127.0.0.1:6379; nested exception is com.lambdaworks.redis.RedisConnectionException: Unable to connect to /127.0.0.1:6379" type="org.springframework.data.redis.RedisConnectionFailureException">org.springframework.data.redis.RedisConnectionFailureException: Unable to connect to Redis on 127.0.0.1:6379; nested exception is com.lambdaworks.redis.RedisConnectionException: Unable to connect to /127.0.0.1:6379
Caused by: com.lambdaworks.redis.RedisConnectionException: Unable to connect to /127.0.0.1:6379
Caused by: java.net.ConnectException: Conexão recusada: /127.0.0.1:6379
</error>
  </testcase>
  <testcase name="testIterator[30]" classname="org.springframework.data.redis.support.collections.RedisListTests" time="0">
    <error message="Unable to connect to Redis on 127.0.0.1:6379; nested exception is com.lambdaworks.redis.RedisConnectionException: Unable to connect to /127.0.0.1:6379" type="org.springframework.data.redis.RedisConnectionFailureException">org.springframework.data.redis.RedisConnectionFailureException: Unable to connect to Redis on 127.0.0.1:6379; nested exception is com.lambdaworks.redis.RedisConnectionException: Unable to connect to /127.0.0.1:6379
Caused by: com.lambdaworks.redis.RedisConnectionException: Unable to connect to /127.0.0.1:6379
Caused by: java.net.ConnectException: Conexão recusada: /127.0.0.1:6379
</error>
  </testcase>
</testsuite>