<?xml version="1.0" encoding="UTF-8"?>
<testsuite xmlns:xsi="http://www.w3.org/2001/XMLSchema-instance" xsi:schemaLocation="https://maven.apache.org/surefire/maven-surefire-plugin/xsd/surefire-test-report.xsd" name="org.springframework.data.solr.core.ResultHelperTests" time="0.104" tests="38" errors="0" skipped="0" failures="0">
  <properties>
    <property name="java.runtime.name" value="Java(TM) SE Runtime Environment"/>
    <property name="sun.boot.library.path" value="/usr/lib/jvm/java-8-oracle/jre/lib/amd64"/>
    <property name="java.vm.version" value="25.111-b14"/>
    <property name="java.vm.vendor" value="Oracle Corporation"/>
    <property name="java.vendor.url" value="http://java.oracle.com/"/>
    <property name="path.separator" value=":"/>
    <property name="guice.disable.misplaced.annotation.check" value="true"/>
    <property name="java.vm.name" value="Java HotSpot(TM) 64-Bit Server VM"/>
    <property name="file.encoding.pkg" value="sun.io"/>
    <property name="user.country" value="BR"/>
    <property name="sun.java.launcher" value="SUN_STANDARD"/>
    <property name="sun.os.patch.level" value="unknown"/>
    <property name="java.vm.specification.name" value="Java Virtual Machine Specification"/>
    <property name="user.dir" value="/home/aluno/spring-projects/maven/spring-data-solr"/>
    <property name="java.runtime.version" value="1.8.0_111-b14"/>
    <property name="java.awt.graphicsenv" value="sun.awt.X11GraphicsEnvironment"/>
    <property name="java.endorsed.dirs" value="/usr/lib/jvm/java-8-oracle/jre/lib/endorsed"/>
    <property name="os.arch" value="amd64"/>
    <property name="java.io.tmpdir" value="/tmp"/>
    <property name="line.separator" value="&#10;"/>
    <property name="java.vm.specification.vendor" value="Oracle Corporation"/>
    <property name="os.name" value="Linux"/>
    <property name="classworlds.conf" value="/usr/share/maven/bin/m2.conf"/>
    <property name="sun.jnu.encoding" value="UTF-8"/>
    <property name="java.library.path" value="/usr/java/packages/lib/amd64:/usr/lib64:/lib64:/lib:/usr/lib"/>
    <property name="java.specification.name" value="Java Platform API Specification"/>
    <property name="java.class.version" value="52.0"/>
    <property name="sun.management.compiler" value="HotSpot 64-Bit Tiered Compilers"/>
    <property name="os.version" value="3.13.0-100-generic"/>
    <property name="user.home" value="/home/aluno"/>
    <property name="user.timezone" value="America/Fortaleza"/>
    <property name="java.awt.printerjob" value="sun.print.PSPrinterJob"/>
    <property name="file.encoding" value="UTF-8"/>
    <property name="java.specification.version" value="1.8"/>
    <property name="user.name" value="aluno"/>
    <property name="java.class.path" value="/usr/share/maven/boot/plexus-classworlds-2.x.jar"/>
    <property name="java.vm.specification.version" value="1.8"/>
    <property name="sun.arch.data.model" value="64"/>
    <property name="java.home" value="/usr/lib/jvm/java-8-oracle/jre"/>
    <property name="sun.java.command" value="org.codehaus.plexus.classworlds.launcher.Launcher test clover:aggregate clover:clover"/>
    <property name="java.specification.vendor" value="Oracle Corporation"/>
    <property name="user.language" value="pt"/>
    <property name="awt.toolkit" value="sun.awt.X11.XToolkit"/>
    <property name="java.vm.info" value="mixed mode"/>
    <property name="java.version" value="1.8.0_111"/>
    <property name="java.ext.dirs" value="/usr/lib/jvm/java-8-oracle/jre/lib/ext:/usr/java/packages/lib/ext"/>
    <property name="securerandom.source" value="file:/dev/./urandom"/>
    <property name="sun.boot.class.path" value="/usr/lib/jvm/java-8-oracle/jre/lib/resources.jar:/usr/lib/jvm/java-8-oracle/jre/lib/rt.jar:/usr/lib/jvm/java-8-oracle/jre/lib/sunrsasign.jar:/usr/lib/jvm/java-8-oracle/jre/lib/jsse.jar:/usr/lib/jvm/java-8-oracle/jre/lib/jce.jar:/usr/lib/jvm/java-8-oracle/jre/lib/charsets.jar:/usr/lib/jvm/java-8-oracle/jre/lib/jfr.jar:/usr/lib/jvm/java-8-oracle/jre/classes"/>
    <property name="java.vendor" value="Oracle Corporation"/>
    <property name="maven.home" value="/usr/share/maven"/>
    <property name="file.separator" value="/"/>
    <property name="java.vendor.url.bug" value="http://bugreport.sun.com/bugreport/"/>
    <property name="sun.cpu.endian" value="little"/>
    <property name="sun.io.unicode.encoding" value="UnicodeLittle"/>
    <property name="sun.desktop" value="gnome"/>
    <property name="sun.cpu.isalist" value=""/>
  </properties>
  <testcase name="testConvertFacetRangeQueryResponseForQueryWithoutFacetOptions" classname="org.springframework.data.solr.core.ResultHelperTests" time="0.005"/>
  <testcase name="testConvertFacetQueryResponseForQueryResultWithFacetQueries" classname="org.springframework.data.solr.core.ResultHelperTests" time="0.002"/>
  <testcase name="testConvertFacetQueryResponseToFacetPivotMap" classname="org.springframework.data.solr.core.ResultHelperTests" time="0.002"/>
  <testcase name="testConvertGroupQueryResponseToGroupResultList" classname="org.springframework.data.solr.core.ResultHelperTests" time="0.052"/>
  <testcase name="testConvertFacetRangeQueryResponseToFacetPageMap" classname="org.springframework.data.solr.core.ResultHelperTests" time="0.002"/>
  <testcase name="testConvertNullFieldStatsInfoToStatsResultMap" classname="org.springframework.data.solr.core.ResultHelperTests" time="0.001"/>
  <testcase name="testConvertFacetRangeQueryResponseToFacetPageMapForNullQueryResponse" classname="org.springframework.data.solr.core.ResultHelperTests" time="0"/>
  <testcase name="testConvertTermsQueryResponseReturnsTermsMapCorrectlyWhenOneFieldReturned" classname="org.springframework.data.solr.core.ResultHelperTests" time="0"/>
  <testcase name="testConvertFacetQueryResponseForNegativeFacetLimit" classname="org.springframework.data.solr.core.ResultHelperTests" time="0"/>
  <testcase name="testConvertTermsQueryResponseReturnsEmtpyMapWhenTermsResponseIsNull" classname="org.springframework.data.solr.core.ResultHelperTests" time="0"/>
  <testcase name="testConvertFieldStatsInfoMapWithEmptyNamedListToStatsResultMap" classname="org.springframework.data.solr.core.ResultHelperTests" time="0.01"/>
  <testcase name="testParseAndAddHighlightQueryResponseWithMultipleEntriesToResultPage" classname="org.springframework.data.solr.core.ResultHelperTests" time="0.003"/>
  <testcase name="testConvertFacetQueryResponseForNullQuery" classname="org.springframework.data.solr.core.ResultHelperTests" time="0"/>
  <testcase name="testConvertFacetRangeQueryResponseForNullQuery" classname="org.springframework.data.solr.core.ResultHelperTests" time="0"/>
  <testcase name="testConvertFacetQueryResponseForQueryResultWithEmptyFacetQueries" classname="org.springframework.data.solr.core.ResultHelperTests" time="0"/>
  <testcase name="testConvertFacetQueryResponseForQueryResultWithEmptyFacetFields" classname="org.springframework.data.solr.core.ResultHelperTests" time="0"/>
  <testcase name="testConvertEmptyFacetRangeQueryResponseToFacetPageMap" classname="org.springframework.data.solr.core.ResultHelperTests" time="0"/>
  <testcase name="testParseAndAddHighlightQueryResponseToResultPageWithNullResponse" classname="org.springframework.data.solr.core.ResultHelperTests" time="0"/>
  <testcase name="testParseAndAddHighlightQueryResponseToResultPageWithNullHighlighting" classname="org.springframework.data.solr.core.ResultHelperTests" time="0"/>
  <testcase name="testConvertFacetQueryResponseForQueryResultWithNullFacetFields" classname="org.springframework.data.solr.core.ResultHelperTests" time="0"/>
  <testcase name="testConvertEmptyFieldStatsInfoMapToStatsResultMap" classname="org.springframework.data.solr.core.ResultHelperTests" time="0"/>
  <testcase name="testConvertSingleFieldStatsInfoToStatsResultMap" classname="org.springframework.data.solr.core.ResultHelperTests" time="0.001"/>
  <testcase name="testConvertFacetQueryResponseForQueryResultWithNullFacetQueries" classname="org.springframework.data.solr.core.ResultHelperTests" time="0"/>
  <testcase name="testParseAndAddHighlightQueryResponseToResultPageWithEmptyHighlighting" classname="org.springframework.data.solr.core.ResultHelperTests" time="0.001"/>
  <testcase name="testConvertFieldStatsInfoMapWithNullToStatsResultMap" classname="org.springframework.data.solr.core.ResultHelperTests" time="0"/>
  <testcase name="testConvertFacetRangeQueryResponseForQueryResultWithEmptyFacetFields" classname="org.springframework.data.solr.core.ResultHelperTests" time="0"/>
  <testcase name="testConvertFieldStatsInfoToStatsResultMap" classname="org.springframework.data.solr.core.ResultHelperTests" time="0"/>
  <testcase name="testConvertTermsQueryResponseReturnsEmtpyMapWhenTermsMapIsEmpty" classname="org.springframework.data.solr.core.ResultHelperTests" time="0"/>
  <testcase name="testConvertGroupQueryResponseToGroupResultListWhenNoCountOfGroups" classname="org.springframework.data.solr.core.ResultHelperTests" time="0.001"/>
  <testcase name="testConvertTermsQueryResponseReturnsEmtpyMapWhenResponseIsNull" classname="org.springframework.data.solr.core.ResultHelperTests" time="0"/>
  <testcase name="testConvertFacetQueryResponseForQueryResultWithSingeFacetField" classname="org.springframework.data.solr.core.ResultHelperTests" time="0"/>
  <testcase name="testConvertFacetQueryResponseForQueryResultWithSingleFacetFieldWithoutValues" classname="org.springframework.data.solr.core.ResultHelperTests" time="0.001"/>
  <testcase name="testParseAndAddHighlightQueryResponseToResultPage" classname="org.springframework.data.solr.core.ResultHelperTests" time="0"/>
  <testcase name="testConvertFacetRangeQueryResponseForQueryResultWithNullFacetFields" classname="org.springframework.data.solr.core.ResultHelperTests" time="0"/>
  <testcase name="testParseAndAddHighlightQueryResponseForBeanWithAnnotatedId" classname="org.springframework.data.solr.core.ResultHelperTests" time="0.002"/>
  <testcase name="testConvertTermsQueryResponseReturnsTermsMapCorrectlyWhenMultipleFieldsReturned" classname="org.springframework.data.solr.core.ResultHelperTests" time="0"/>
  <testcase name="testConvertFacetQueryResponseForQueryWithoutFacetOptions" classname="org.springframework.data.solr.core.ResultHelperTests" time="0.001"/>
  <testcase name="testConvertFacetQueryResponseForNullQueryResponse" classname="org.springframework.data.solr.core.ResultHelperTests" time="0"/>
</testsuite>